<?xml version="1.0" encoding="UTF-8"?>
<testsuite xmlns:xsi="http://www.w3.org/2001/XMLSchema-instance" xsi:noNamespaceSchemaLocation="https://maven.apache.org/surefire/maven-surefire-plugin/xsd/surefire-test-report-3.0.xsd" version="3.0" name="org.apache.nifi.processors.standard.TestRouteText" time="1.134" tests="33" errors="0" skipped="0" failures="0">
  <properties>
    <property name="sun.desktop" value="gnome"/>
    <property name="awt.toolkit" value="sun.awt.X11.XToolkit"/>
    <property name="file.encoding.pkg" value="sun.io"/>
    <property name="java.specification.version" value="1.8"/>
    <property name="sun.cpu.isalist" value=""/>
    <property name="sun.jnu.encoding" value="UTF-8"/>
    <property name="java.class.path" value="/home/alex/Repositories/nifi/nifi-nar-bundles/nifi-standard-bundle/nifi-standard-processors/target/test-classes:/home/alex/Repositories/nifi/nifi-nar-bundles/nifi-standard-bundle/nifi-standard-processors/target/classes:/home/alex/.m2/repository/org/apache/ftpserver/ftpserver-core/1.1.1/ftpserver-core-1.1.1.jar:/home/alex/.m2/repository/org/apache/ftpserver/ftplet-api/1.1.1/ftplet-api-1.1.1.jar:/home/alex/.m2/repository/org/slf4j/slf4j-api/1.7.32/slf4j-api-1.7.32.jar:/home/alex/.m2/repository/org/apache/mina/mina-core/2.0.16/mina-core-2.0.16.jar:/home/alex/Repositories/nifi/nifi-api/target/classes:/home/alex/Repositories/nifi/nifi-commons/nifi-expression-language/target/classes:/home/alex/.m2/repository/org/antlr/antlr-runtime/3.5.2/antlr-runtime-3.5.2.jar:/home/alex/Repositories/nifi/nifi-commons/nifi-parameter/target/classes:/home/alex/Repositories/nifi/nifi-commons/nifi-uuid5/target/classes:/home/alex/.m2/repository/org/apache/commons/commons-text/1.8/commons-text-1.8.jar:/home/alex/Repositories/nifi/nifi-nar-bundles/nifi-extension-utils/nifi-processor-utils/target/classes:/home/alex/Repositories/nifi/nifi-commons/nifi-security-socket-ssl/target/classes:/home/alex/Repositories/nifi/nifi-nar-bundles/nifi-extension-utils/nifi-event-transport/target/classes:/home/alex/.m2/repository/io/netty/netty-handler/4.1.69.Final/netty-handler-4.1.69.Final.jar:/home/alex/.m2/repository/io/netty/netty-common/4.1.69.Final/netty-common-4.1.69.Final.jar:/home/alex/.m2/repository/io/netty/netty-resolver/4.1.69.Final/netty-resolver-4.1.69.Final.jar:/home/alex/.m2/repository/io/netty/netty-transport/4.1.69.Final/netty-transport-4.1.69.Final.jar:/home/alex/.m2/repository/io/netty/netty-codec/4.1.69.Final/netty-codec-4.1.69.Final.jar:/home/alex/Repositories/nifi/nifi-nar-bundles/nifi-extension-utils/nifi-syslog-utils/target/classes:/home/alex/.m2/repository/com/github/palindromicity/simple-syslog-5424/0.0.16/simple-syslog-5424-0.0.16.jar:/home/alex/.m2/repository/org/antlr/antlr4-runtime/4.7.2/antlr4-runtime-4.7.2.jar:/home/alex/Repositories/nifi/nifi-commons/nifi-utils/target/classes:/home/alex/Repositories/nifi/nifi-commons/nifi-record-path/target/classes:/home/alex/Repositories/nifi/nifi-commons/nifi-properties/target/classes:/home/alex/Repositories/nifi/nifi-commons/nifi-property-utils/target/classes:/home/alex/.m2/repository/com/github/ben-manes/caffeine/caffeine/2.8.1/caffeine-2.8.1.jar:/home/alex/Repositories/nifi/nifi-nar-bundles/nifi-standard-services/nifi-ssl-context-service-api/target/classes:/home/alex/Repositories/nifi/nifi-commons/nifi-security-utils-api/target/classes:/home/alex/Repositories/nifi/nifi-nar-bundles/nifi-standard-services/nifi-lookup-service-api/target/classes:/home/alex/Repositories/nifi/nifi-commons/nifi-flowfile-packager/target/classes:/home/alex/Repositories/nifi/nifi-nar-bundles/nifi-standard-services/nifi-distributed-cache-client-service-api/target/classes:/home/alex/Repositories/nifi/nifi-nar-bundles/nifi-standard-services/nifi-http-context-map-api/target/classes:/home/alex/Repositories/nifi/nifi-nar-bundles/nifi-standard-services/nifi-record-serialization-service-api/target/classes:/home/alex/Repositories/nifi/nifi-nar-bundles/nifi-standard-services/nifi-proxy-configuration-api/target/classes:/home/alex/Repositories/nifi/nifi-commons/nifi-record/target/classes:/home/alex/Repositories/nifi/nifi-nar-bundles/nifi-standard-services/nifi-record-sink-api/target/classes:/home/alex/.m2/repository/commons-io/commons-io/2.10.0/commons-io-2.10.0.jar:/home/alex/.m2/repository/javax/ws/rs/javax.ws.rs-api/2.1/javax.ws.rs-api-2.1.jar:/home/alex/.m2/repository/commons-net/commons-net/3.6/commons-net-3.6.jar:/home/alex/.m2/repository/org/apache/commons/commons-compress/1.21/commons-compress-1.21.jar:/home/alex/.m2/repository/org/apache/commons/commons-lang3/3.9/commons-lang3-3.9.jar:/home/alex/.m2/repository/org/bouncycastle/bcprov-jdk15on/1.69/bcprov-jdk15on-1.69.jar:/home/alex/.m2/repository/org/bouncycastle/bcpg-jdk15on/1.69/bcpg-jdk15on-1.69.jar:/home/alex/.m2/repository/org/bouncycastle/bcpkix-jdk15on/1.69/bcpkix-jdk15on-1.69.jar:/home/alex/.m2/repository/org/bouncycastle/bcutil-jdk15on/1.69/bcutil-jdk15on-1.69.jar:/home/alex/.m2/repository/commons-codec/commons-codec/1.14/commons-codec-1.14.jar:/home/alex/Repositories/nifi/nifi-commons/nifi-security-utils/target/classes:/home/alex/Repositories/nifi/nifi-commons/nifi-security-kms/target/classes:/home/alex/.m2/repository/org/apache/commons/commons-configuration2/2.7/commons-configuration2-2.7.jar:/home/alex/.m2/repository/com/hierynomus/sshj/0.32.0/sshj-0.32.0.jar:/home/alex/.m2/repository/com/jcraft/jzlib/1.1.3/jzlib-1.1.3.jar:/home/alex/.m2/repository/com/hierynomus/asn-one/0.6.0/asn-one-0.6.0.jar:/home/alex/.m2/repository/net/i2p/crypto/eddsa/0.3.0/eddsa-0.3.0.jar:/home/alex/.m2/repository/org/eclipse/jetty/jetty-server/9.4.44.v20210927/jetty-server-9.4.44.v20210927.jar:/home/alex/.m2/repository/javax/servlet/javax.servlet-api/3.1.0/javax.servlet-api-3.1.0.jar:/home/alex/.m2/repository/org/eclipse/jetty/jetty-http/9.4.44.v20210927/jetty-http-9.4.44.v20210927.jar:/home/alex/.m2/repository/org/eclipse/jetty/jetty-util/9.4.44.v20210927/jetty-util-9.4.44.v20210927.jar:/home/alex/.m2/repository/org/eclipse/jetty/jetty-io/9.4.44.v20210927/jetty-io-9.4.44.v20210927.jar:/home/alex/.m2/repository/org/eclipse/jetty/jetty-servlet/9.4.44.v20210927/jetty-servlet-9.4.44.v20210927.jar:/home/alex/.m2/repository/org/eclipse/jetty/jetty-security/9.4.44.v20210927/jetty-security-9.4.44.v20210927.jar:/home/alex/.m2/repository/org/eclipse/jetty/jetty-util-ajax/9.4.44.v20210927/jetty-util-ajax-9.4.44.v20210927.jar:/home/alex/.m2/repository/org/apache/httpcomponents/httpclient/4.5.5/httpclient-4.5.5.jar:/home/alex/.m2/repository/commons-logging/commons-logging/1.2/commons-logging-1.2.jar:/home/alex/.m2/repository/org/apache/httpcomponents/httpcore/4.4.9/httpcore-4.4.9.jar:/home/alex/.m2/repository/jakarta/activation/jakarta.activation-api/2.0.1/jakarta.activation-api-2.0.1.jar:/home/alex/.m2/repository/com/sun/activation/jakarta.activation/2.0.1/jakarta.activation-2.0.1.jar:/home/alex/.m2/repository/jakarta/mail/jakarta.mail-api/2.0.1/jakarta.mail-api-2.0.1.jar:/home/alex/.m2/repository/com/sun/mail/jakarta.mail/2.0.1/jakarta.mail-2.0.1.jar:/home/alex/.m2/repository/com/github/jponge/lzma-java/1.3/lzma-java-1.3.jar:/home/alex/.m2/repository/org/tukaani/xz/1.8/xz-1.8.jar:/home/alex/.m2/repository/net/sf/saxon/Saxon-HE/10.6/Saxon-HE-10.6.jar:/home/alex/Repositories/nifi/nifi-commons/nifi-socket-utils/target/classes:/home/alex/Repositories/nifi/nifi-commons/nifi-logging-utils/target/classes:/home/alex/Repositories/nifi/nifi-nar-bundles/nifi-standard-services/nifi-load-distribution-service-api/target/classes:/home/alex/.m2/repository/javax/jms/javax.jms-api/2.0.1/javax.jms-api-2.0.1.jar:/home/alex/.m2/repository/org/apache/activemq/activemq-client/5.15.15/activemq-client-5.15.15.jar:/home/alex/.m2/repository/org/apache/geronimo/specs/geronimo-jms_1.1_spec/1.1.1/geronimo-jms_1.1_spec-1.1.1.jar:/home/alex/.m2/repository/org/fusesource/hawtbuf/hawtbuf/1.11/hawtbuf-1.11.jar:/home/alex/.m2/repository/org/apache/geronimo/specs/geronimo-j2ee-management_1.1_spec/1.0.1/geronimo-j2ee-management_1.1_spec-1.0.1.jar:/home/alex/.m2/repository/com/jayway/jsonpath/json-path/2.6.0/json-path-2.6.0.jar:/home/alex/.m2/repository/net/minidev/json-smart/2.4.7/json-smart-2.4.7.jar:/home/alex/.m2/repository/net/minidev/accessors-smart/2.4.7/accessors-smart-2.4.7.jar:/home/alex/.m2/repository/org/ow2/asm/asm/9.1/asm-9.1.jar:/home/alex/.m2/repository/org/apache/tika/tika-core/1.26/tika-core-1.26.jar:/home/alex/.m2/repository/com/fasterxml/jackson/core/jackson-databind/2.12.3/jackson-databind-2.12.3.jar:/home/alex/.m2/repository/com/fasterxml/jackson/core/jackson-annotations/2.12.3/jackson-annotations-2.12.3.jar:/home/alex/.m2/repository/com/fasterxml/jackson/core/jackson-core/2.12.3/jackson-core-2.12.3.jar:/home/alex/Repositories/nifi/nifi-nar-bundles/nifi-extension-utils/nifi-record-utils/nifi-avro-record-utils/target/classes:/home/alex/Repositories/nifi/nifi-nar-bundles/nifi-extension-utils/nifi-record-utils/nifi-standard-record-utils/target/classes:/home/alex/.m2/repository/org/apache/avro/avro/1.8.1/avro-1.8.1.jar:/home/alex/.m2/repository/org/codehaus/jackson/jackson-core-asl/1.9.13/jackson-core-asl-1.9.13.jar:/home/alex/.m2/repository/org/codehaus/jackson/jackson-mapper-asl/1.9.13/jackson-mapper-asl-1.9.13.jar:/home/alex/.m2/repository/com/thoughtworks/paranamer/paranamer/2.7/paranamer-2.7.jar:/home/alex/Repositories/nifi/nifi-nar-bundles/nifi-standard-services/nifi-dbcp-service-api/target/classes:/home/alex/.m2/repository/com/squareup/okhttp3/okhttp/4.9.2/okhttp-4.9.2.jar:/home/alex/.m2/repository/com/squareup/okio/okio/2.8.0/okio-2.8.0.jar:/home/alex/.m2/repository/org/jetbrains/kotlin/kotlin-stdlib-common/1.4.0/kotlin-stdlib-common-1.4.0.jar:/home/alex/.m2/repository/org/jetbrains/kotlin/kotlin-stdlib/1.4.10/kotlin-stdlib-1.4.10.jar:/home/alex/.m2/repository/org/jetbrains/annotations/13.0/annotations-13.0.jar:/home/alex/.m2/repository/io/github/rburgst/okhttp-digest/2.5/okhttp-digest-2.5.jar:/home/alex/.m2/repository/at/favre/lib/bcrypt/0.9.0/bcrypt-0.9.0.jar:/home/alex/.m2/repository/at/favre/lib/bytes/1.3.0/bytes-1.3.0.jar:/home/alex/.m2/repository/com/google/guava/guava/28.0-jre/guava-28.0-jre.jar:/home/alex/.m2/repository/com/google/guava/failureaccess/1.0.1/failureaccess-1.0.1.jar:/home/alex/.m2/repository/com/google/guava/listenablefuture/9999.0-empty-to-avoid-conflict-with-guava/listenablefuture-9999.0-empty-to-avoid-conflict-with-guava.jar:/home/alex/.m2/repository/com/google/code/findbugs/jsr305/3.0.2/jsr305-3.0.2.jar:/home/alex/.m2/repository/org/checkerframework/checker-qual/2.8.1/checker-qual-2.8.1.jar:/home/alex/.m2/repository/com/google/errorprone/error_prone_annotations/2.3.2/error_prone_annotations-2.3.2.jar:/home/alex/.m2/repository/com/google/j2objc/j2objc-annotations/1.3/j2objc-annotations-1.3.jar:/home/alex/.m2/repository/org/codehaus/mojo/animal-sniffer-annotations/1.17/animal-sniffer-annotations-1.17.jar:/home/alex/Repositories/nifi/nifi-mock/target/classes:/home/alex/Repositories/nifi/nifi-framework-api/target/classes:/home/alex/Repositories/nifi/nifi-nar-bundles/nifi-framework-bundle/nifi-framework/nifi-framework-core-api/target/classes:/home/alex/Repositories/nifi/nifi-nar-bundles/nifi-framework-bundle/nifi-framework/nifi-framework-nar-utils/target/classes:/home/alex/Repositories/nifi/nifi-nar-bundles/nifi-framework-bundle/nifi-framework/nifi-client-dto/target/classes:/home/alex/.m2/repository/io/swagger/swagger-annotations/1.6.0/swagger-annotations-1.6.0.jar:/home/alex/Repositories/nifi/nifi-commons/nifi-site-to-site-client/target/classes:/home/alex/.m2/repository/org/apache/httpcomponents/httpasyncclient/4.1.4/httpasyncclient-4.1.4.jar:/home/alex/.m2/repository/org/apache/httpcomponents/httpcore-nio/4.4.10/httpcore-nio-4.4.10.jar:/home/alex/Repositories/nifi/nifi-nar-bundles/nifi-framework-bundle/nifi-framework/nifi-framework-authorization/target/classes:/home/alex/Repositories/nifi/nifi-registry/nifi-registry-core/nifi-registry-data-model/target/classes:/home/alex/Repositories/nifi/nifi-registry/nifi-registry-core/nifi-registry-revision/nifi-registry-revision-entity-model/target/classes:/home/alex/Repositories/nifi/nifi-registry/nifi-registry-core/nifi-registry-client/target/classes:/home/alex/Repositories/nifi/nifi-registry/nifi-registry-core/nifi-registry-security-utils/target/classes:/home/alex/.m2/repository/org/glassfish/jersey/core/jersey-client/2.33/jersey-client-2.33.jar:/home/alex/.m2/repository/jakarta/ws/rs/jakarta.ws.rs-api/2.1.6/jakarta.ws.rs-api-2.1.6.jar:/home/alex/.m2/repository/org/glassfish/hk2/external/jakarta.inject/2.6.1/jakarta.inject-2.6.1.jar:/home/alex/.m2/repository/org/glassfish/jersey/media/jersey-media-json-jackson/2.33/jersey-media-json-jackson-2.33.jar:/home/alex/.m2/repository/org/glassfish/jersey/ext/jersey-entity-filtering/2.33/jersey-entity-filtering-2.33.jar:/home/alex/.m2/repository/org/glassfish/jersey/inject/jersey-hk2/2.33/jersey-hk2-2.33.jar:/home/alex/.m2/repository/org/glassfish/hk2/hk2-locator/2.6.1/hk2-locator-2.6.1.jar:/home/alex/.m2/repository/org/glassfish/hk2/external/aopalliance-repackaged/2.6.1/aopalliance-repackaged-2.6.1.jar:/home/alex/.m2/repository/org/glassfish/hk2/hk2-api/2.6.1/hk2-api-2.6.1.jar:/home/alex/.m2/repository/org/glassfish/hk2/hk2-utils/2.6.1/hk2-utils-2.6.1.jar:/home/alex/.m2/repository/org/javassist/javassist/3.25.0-GA/javassist-3.25.0-GA.jar:/home/alex/.m2/repository/org/glassfish/jersey/core/jersey-common/2.33/jersey-common-2.33.jar:/home/alex/.m2/repository/jakarta/annotation/jakarta.annotation-api/1.3.5/jakarta.annotation-api-1.3.5.jar:/home/alex/.m2/repository/org/glassfish/hk2/osgi-resource-locator/1.0.3/osgi-resource-locator-1.0.3.jar:/home/alex/.m2/repository/org/glassfish/jersey/media/jersey-media-multipart/2.33/jersey-media-multipart-2.33.jar:/home/alex/.m2/repository/org/jvnet/mimepull/mimepull/1.9.13/mimepull-1.9.13.jar:/home/alex/Repositories/nifi/nifi-commons/nifi-data-provenance-utils/target/classes:/home/alex/Repositories/nifi/nifi-nar-bundles/nifi-standard-services/nifi-distributed-cache-services-bundle/nifi-distributed-cache-client-service/target/classes:/home/alex/Repositories/nifi/nifi-nar-bundles/nifi-standard-services/nifi-distributed-cache-services-bundle/nifi-distributed-cache-protocol/target/classes:/home/alex/.m2/repository/io/netty/netty-buffer/4.1.69.Final/netty-buffer-4.1.69.Final.jar:/home/alex/.m2/repository/com/google/http-client/google-http-client/1.28.0/google-http-client-1.28.0.jar:/home/alex/.m2/repository/io/opencensus/opencensus-api/0.18.0/opencensus-api-0.18.0.jar:/home/alex/.m2/repository/io/grpc/grpc-context/1.14.0/grpc-context-1.14.0.jar:/home/alex/.m2/repository/io/opencensus/opencensus-contrib-http-util/0.18.0/opencensus-contrib-http-util-0.18.0.jar:/home/alex/.m2/repository/org/apache/activemq/activemq-broker/5.15.14/activemq-broker-5.15.14.jar:/home/alex/.m2/repository/org/apache/activemq/activemq-openwire-legacy/5.15.14/activemq-openwire-legacy-5.15.14.jar:/home/alex/Repositories/nifi/nifi-nar-bundles/nifi-standard-services/nifi-ssl-context-bundle/nifi-ssl-context-service/target/classes:/home/alex/Repositories/nifi/nifi-nar-bundles/nifi-framework-bundle/nifi-framework/nifi-standard-prioritizers/target/classes:/home/alex/Repositories/nifi/nifi-nar-bundles/nifi-extension-utils/nifi-record-utils/nifi-mock-record-utils/target/classes:/home/alex/Repositories/nifi/nifi-nar-bundles/nifi-standard-services/nifi-record-serialization-services-bundle/nifi-record-serialization-services/target/classes:/home/alex/.m2/repository/org/apache/commons/commons-csv/1.8/commons-csv-1.8.jar:/home/alex/.m2/repository/com/fasterxml/jackson/dataformat/jackson-dataformat-csv/2.12.3/jackson-dataformat-csv-2.12.3.jar:/home/alex/.m2/repository/net/java/dev/stax-utils/stax-utils/20070216/stax-utils-20070216.jar:/home/alex/Repositories/nifi/nifi-nar-bundles/nifi-standard-services/nifi-lookup-services-bundle/nifi-lookup-services/target/classes:/home/alex/.m2/repository/commons-beanutils/commons-beanutils/1.9.4/commons-beanutils-1.9.4.jar:/home/alex/.m2/repository/commons-collections/commons-collections/3.2.2/commons-collections-3.2.2.jar:/home/alex/.m2/repository/com/maxmind/geoip2/geoip2/2.12.0/geoip2-2.12.0.jar:/home/alex/.m2/repository/com/maxmind/db/maxmind-db/1.2.2/maxmind-db-1.2.2.jar:/home/alex/.m2/repository/org/apache/derby/derby/10.14.2.0/derby-10.14.2.0.jar:/home/alex/.m2/repository/org/xerial/snappy/snappy-java/1.1.7.3/snappy-java-1.1.7.3.jar:/home/alex/.m2/repository/net/lingala/zip4j/zip4j/2.8.0/zip4j-2.8.0.jar:/home/alex/.m2/repository/com/h2database/h2/1.4.187/h2-1.4.187.jar:/home/alex/.m2/repository/org/mockftpserver/MockFtpServer/2.7.1/MockFtpServer-2.7.1.jar:/home/alex/.m2/repository/org/apache/sshd/sshd-core/1.7.0/sshd-core-1.7.0.jar:/home/alex/.m2/repository/com/bazaarvoice/jolt/jolt-core/0.1.1/jolt-core-0.1.1.jar:/home/alex/.m2/repository/javax/inject/javax.inject/1/javax.inject-1.jar:/home/alex/.m2/repository/com/bazaarvoice/jolt/json-utils/0.1.1/json-utils-0.1.1.jar:/home/alex/Repositories/nifi/nifi-nar-bundles/nifi-standard-bundle/nifi-standard-utils/target/classes:/home/alex/.m2/repository/net/sf/supercsv/super-csv/2.4.0/super-csv-2.4.0.jar:/home/alex/.m2/repository/com/fluenda/parcefone/2.1.0/parcefone-2.1.0.jar:/home/alex/.m2/repository/javax/validation/validation-api/1.1.0.Final/validation-api-1.1.0.Final.jar:/home/alex/.m2/repository/javax/el/javax.el-api/3.0.0/javax.el-api-3.0.0.jar:/home/alex/.m2/repository/com/github/wnameless/json/json-flattener/0.12.0/json-flattener-0.12.0.jar:/home/alex/.m2/repository/com/github/wnameless/json/json-base/2.0.0/json-base-2.0.0.jar:/home/alex/.m2/repository/org/apache/bval/bval-jsr/1.1.2/bval-jsr-1.1.2.jar:/home/alex/.m2/repository/org/apache/bval/bval-core/1.1.2/bval-core-1.1.2.jar:/home/alex/.m2/repository/io/krakens/java-grok/0.1.9/java-grok-0.1.9.jar:/home/alex/.m2/repository/org/apache/calcite/calcite-core/1.27.0/calcite-core-1.27.0.jar:/home/alex/.m2/repository/org/apache/calcite/calcite-linq4j/1.27.0/calcite-linq4j-1.27.0.jar:/home/alex/.m2/repository/com/esri/geometry/esri-geometry-api/2.2.0/esri-geometry-api-2.2.0.jar:/home/alex/.m2/repository/org/apache/calcite/avatica/avatica-core/1.18.0/avatica-core-1.18.0.jar:/home/alex/.m2/repository/org/apache/calcite/avatica/avatica-metrics/1.18.0/avatica-metrics-1.18.0.jar:/home/alex/.m2/repository/com/google/protobuf/protobuf-java/3.6.1/protobuf-java-3.6.1.jar:/home/alex/.m2/repository/org/apiguardian/apiguardian-api/1.1.0/apiguardian-api-1.1.0.jar:/home/alex/.m2/repository/com/fasterxml/jackson/dataformat/jackson-dataformat-yaml/2.10.0/jackson-dataformat-yaml-2.10.0.jar:/home/alex/.m2/repository/org/yaml/snakeyaml/1.29/snakeyaml-1.29.jar:/home/alex/.m2/repository/com/google/uzaygezen/uzaygezen-core/0.2/uzaygezen-core-0.2.jar:/home/alex/.m2/repository/com/yahoo/datasketches/sketches-core/0.9.0/sketches-core-0.9.0.jar:/home/alex/.m2/repository/com/yahoo/datasketches/memory/0.9.0/memory-0.9.0.jar:/home/alex/.m2/repository/net/hydromatic/aggdesigner-algorithm/6.0/aggdesigner-algorithm-6.0.jar:/home/alex/.m2/repository/commons-lang/commons-lang/2.4/commons-lang-2.4.jar:/home/alex/.m2/repository/org/apache/commons/commons-dbcp2/2.6.0/commons-dbcp2-2.6.0.jar:/home/alex/.m2/repository/org/apache/commons/commons-pool2/2.6.1/commons-pool2-2.6.1.jar:/home/alex/.m2/repository/org/codehaus/janino/commons-compiler/3.0.11/commons-compiler-3.0.11.jar:/home/alex/.m2/repository/org/codehaus/janino/janino/3.0.11/janino-3.0.11.jar:/home/alex/Repositories/nifi/nifi-nar-bundles/nifi-standard-services/nifi-schema-registry-service-api/target/classes:/home/alex/Repositories/nifi/nifi-nar-bundles/nifi-extension-utils/nifi-database-utils/target/classes:/home/alex/Repositories/nifi/nifi-nar-bundles/nifi-standard-bundle/nifi-standard-web-test-utils/target/classes:/home/alex/.m2/repository/com/github/stefanbirkner/fake-sftp-server-rule/2.0.1/fake-sftp-server-rule-2.0.1.jar:/home/alex/.m2/repository/com/github/marschall/memoryfilesystem/2.8.0/memoryfilesystem-2.8.0.jar:/home/alex/.m2/repository/junit/junit/4.13.2/junit-4.13.2.jar:/home/alex/.m2/repository/org/hamcrest/hamcrest-core/1.3/hamcrest-core-1.3.jar:/home/alex/Repositories/nifi/nifi-nar-bundles/nifi-extension-utils/nifi-database-test-utils/target/classes:/home/alex/.m2/repository/org/codehaus/groovy/groovy-json/2.5.14/groovy-json-2.5.14.jar:/home/alex/.m2/repository/org/codehaus/groovy/groovy/2.5.14/groovy-2.5.14.jar:/home/alex/.m2/repository/org/codehaus/groovy/groovy-servlet/2.5.14/groovy-servlet-2.5.14.jar:/home/alex/.m2/repository/org/codehaus/groovy/groovy-templates/2.5.14/groovy-templates-2.5.14.jar:/home/alex/.m2/repository/org/codehaus/groovy/groovy-xml/2.5.14/groovy-xml-2.5.14.jar:/home/alex/.m2/repository/org/hamcrest/hamcrest-all/1.3/hamcrest-all-1.3.jar:/home/alex/.m2/repository/com/squareup/okhttp3/mockwebserver/4.9.2/mockwebserver-4.9.2.jar:/home/alex/.m2/repository/org/jetbrains/kotlin/kotlin-stdlib-jdk8/1.4.10/kotlin-stdlib-jdk8-1.4.10.jar:/home/alex/.m2/repository/org/jetbrains/kotlin/kotlin-stdlib-jdk7/1.4.10/kotlin-stdlib-jdk7-1.4.10.jar:/home/alex/.m2/repository/org/mockito/mockito-inline/3.12.4/mockito-inline-3.12.4.jar:/home/alex/.m2/repository/org/junit/jupiter/junit-jupiter-api/5.7.2/junit-jupiter-api-5.7.2.jar:/home/alex/.m2/repository/org/opentest4j/opentest4j/1.2.0/opentest4j-1.2.0.jar:/home/alex/.m2/repository/org/junit/platform/junit-platform-commons/1.7.2/junit-platform-commons-1.7.2.jar:/home/alex/.m2/repository/org/junit/jupiter/junit-jupiter-engine/5.7.2/junit-jupiter-engine-5.7.2.jar:/home/alex/.m2/repository/org/junit/platform/junit-platform-engine/1.7.2/junit-platform-engine-1.7.2.jar:/home/alex/.m2/repository/org/junit/vintage/junit-vintage-engine/5.7.2/junit-vintage-engine-5.7.2.jar:/home/alex/.m2/repository/org/junit/jupiter/junit-jupiter-params/5.7.2/junit-jupiter-params-5.7.2.jar:/home/alex/.m2/repository/org/mockito/mockito-core/3.11.2/mockito-core-3.11.2.jar:/home/alex/.m2/repository/net/bytebuddy/byte-buddy/1.11.3/byte-buddy-1.11.3.jar:/home/alex/.m2/repository/net/bytebuddy/byte-buddy-agent/1.11.3/byte-buddy-agent-1.11.3.jar:/home/alex/.m2/repository/org/objenesis/objenesis/3.2/objenesis-3.2.jar:/home/alex/.m2/repository/org/mockito/mockito-junit-jupiter/3.11.2/mockito-junit-jupiter-3.11.2.jar:/home/alex/.m2/repository/org/slf4j/slf4j-simple/1.7.32/slf4j-simple-1.7.32.jar:/home/alex/.m2/repository/org/codehaus/groovy/groovy-test/2.5.14/groovy-test-2.5.14.jar:"/>
    <property name="org.slf4j.simpleLogger.log.nifi.processors.standard.TestExecuteSQLRecord" value="debug"/>
    <property name="java.vm.vendor" value="Private Build"/>
    <property name="sun.arch.data.model" value="64"/>
    <property name="java.vendor.url" value="http://java.oracle.com/"/>
    <property name="user.timezone" value="Europe/Lisbon"/>
    <property name="java.vm.specification.version" value="1.8"/>
    <property name="os.name" value="Linux"/>
    <property name="user.country" value="US"/>
    <property name="sun.java.launcher" value="SUN_STANDARD"/>
    <property name="sun.boot.library.path" value="/usr/lib/jvm/java-8-openjdk-amd64/jre/lib/amd64"/>
    <property name="sun.java.command" value="/home/alex/Repositories/nifi/nifi-nar-bundles/nifi-standard-bundle/nifi-standard-processors/target/surefire/surefirebooter5361507383572708917.jar /home/alex/Repositories/nifi/nifi-nar-bundles/nifi-standard-bundle/nifi-standard-processors/target/surefire 2024-05-02T01-23-45_285-jvmRun1 surefire2937495179455515110tmp surefire_696557117907135602125tmp"/>
    <property name="org.slf4j.simpleLogger.log.nifi.io.nio" value="debug"/>
    <property name="surefire.test.class.path" value="/home/alex/Repositories/nifi/nifi-nar-bundles/nifi-standard-bundle/nifi-standard-processors/target/test-classes:/home/alex/Repositories/nifi/nifi-nar-bundles/nifi-standard-bundle/nifi-standard-processors/target/classes:/home/alex/.m2/repository/org/apache/ftpserver/ftpserver-core/1.1.1/ftpserver-core-1.1.1.jar:/home/alex/.m2/repository/org/apache/ftpserver/ftplet-api/1.1.1/ftplet-api-1.1.1.jar:/home/alex/.m2/repository/org/slf4j/slf4j-api/1.7.32/slf4j-api-1.7.32.jar:/home/alex/.m2/repository/org/apache/mina/mina-core/2.0.16/mina-core-2.0.16.jar:/home/alex/Repositories/nifi/nifi-api/target/classes:/home/alex/Repositories/nifi/nifi-commons/nifi-expression-language/target/classes:/home/alex/.m2/repository/org/antlr/antlr-runtime/3.5.2/antlr-runtime-3.5.2.jar:/home/alex/Repositories/nifi/nifi-commons/nifi-parameter/target/classes:/home/alex/Repositories/nifi/nifi-commons/nifi-uuid5/target/classes:/home/alex/.m2/repository/org/apache/commons/commons-text/1.8/commons-text-1.8.jar:/home/alex/Repositories/nifi/nifi-nar-bundles/nifi-extension-utils/nifi-processor-utils/target/classes:/home/alex/Repositories/nifi/nifi-commons/nifi-security-socket-ssl/target/classes:/home/alex/Repositories/nifi/nifi-nar-bundles/nifi-extension-utils/nifi-event-transport/target/classes:/home/alex/.m2/repository/io/netty/netty-handler/4.1.69.Final/netty-handler-4.1.69.Final.jar:/home/alex/.m2/repository/io/netty/netty-common/4.1.69.Final/netty-common-4.1.69.Final.jar:/home/alex/.m2/repository/io/netty/netty-resolver/4.1.69.Final/netty-resolver-4.1.69.Final.jar:/home/alex/.m2/repository/io/netty/netty-transport/4.1.69.Final/netty-transport-4.1.69.Final.jar:/home/alex/.m2/repository/io/netty/netty-codec/4.1.69.Final/netty-codec-4.1.69.Final.jar:/home/alex/Repositories/nifi/nifi-nar-bundles/nifi-extension-utils/nifi-syslog-utils/target/classes:/home/alex/.m2/repository/com/github/palindromicity/simple-syslog-5424/0.0.16/simple-syslog-5424-0.0.16.jar:/home/alex/.m2/repository/org/antlr/antlr4-runtime/4.7.2/antlr4-runtime-4.7.2.jar:/home/alex/Repositories/nifi/nifi-commons/nifi-utils/target/classes:/home/alex/Repositories/nifi/nifi-commons/nifi-record-path/target/classes:/home/alex/Repositories/nifi/nifi-commons/nifi-properties/target/classes:/home/alex/Repositories/nifi/nifi-commons/nifi-property-utils/target/classes:/home/alex/.m2/repository/com/github/ben-manes/caffeine/caffeine/2.8.1/caffeine-2.8.1.jar:/home/alex/Repositories/nifi/nifi-nar-bundles/nifi-standard-services/nifi-ssl-context-service-api/target/classes:/home/alex/Repositories/nifi/nifi-commons/nifi-security-utils-api/target/classes:/home/alex/Repositories/nifi/nifi-nar-bundles/nifi-standard-services/nifi-lookup-service-api/target/classes:/home/alex/Repositories/nifi/nifi-commons/nifi-flowfile-packager/target/classes:/home/alex/Repositories/nifi/nifi-nar-bundles/nifi-standard-services/nifi-distributed-cache-client-service-api/target/classes:/home/alex/Repositories/nifi/nifi-nar-bundles/nifi-standard-services/nifi-http-context-map-api/target/classes:/home/alex/Repositories/nifi/nifi-nar-bundles/nifi-standard-services/nifi-record-serialization-service-api/target/classes:/home/alex/Repositories/nifi/nifi-nar-bundles/nifi-standard-services/nifi-proxy-configuration-api/target/classes:/home/alex/Repositories/nifi/nifi-commons/nifi-record/target/classes:/home/alex/Repositories/nifi/nifi-nar-bundles/nifi-standard-services/nifi-record-sink-api/target/classes:/home/alex/.m2/repository/commons-io/commons-io/2.10.0/commons-io-2.10.0.jar:/home/alex/.m2/repository/javax/ws/rs/javax.ws.rs-api/2.1/javax.ws.rs-api-2.1.jar:/home/alex/.m2/repository/commons-net/commons-net/3.6/commons-net-3.6.jar:/home/alex/.m2/repository/org/apache/commons/commons-compress/1.21/commons-compress-1.21.jar:/home/alex/.m2/repository/org/apache/commons/commons-lang3/3.9/commons-lang3-3.9.jar:/home/alex/.m2/repository/org/bouncycastle/bcprov-jdk15on/1.69/bcprov-jdk15on-1.69.jar:/home/alex/.m2/repository/org/bouncycastle/bcpg-jdk15on/1.69/bcpg-jdk15on-1.69.jar:/home/alex/.m2/repository/org/bouncycastle/bcpkix-jdk15on/1.69/bcpkix-jdk15on-1.69.jar:/home/alex/.m2/repository/org/bouncycastle/bcutil-jdk15on/1.69/bcutil-jdk15on-1.69.jar:/home/alex/.m2/repository/commons-codec/commons-codec/1.14/commons-codec-1.14.jar:/home/alex/Repositories/nifi/nifi-commons/nifi-security-utils/target/classes:/home/alex/Repositories/nifi/nifi-commons/nifi-security-kms/target/classes:/home/alex/.m2/repository/org/apache/commons/commons-configuration2/2.7/commons-configuration2-2.7.jar:/home/alex/.m2/repository/com/hierynomus/sshj/0.32.0/sshj-0.32.0.jar:/home/alex/.m2/repository/com/jcraft/jzlib/1.1.3/jzlib-1.1.3.jar:/home/alex/.m2/repository/com/hierynomus/asn-one/0.6.0/asn-one-0.6.0.jar:/home/alex/.m2/repository/net/i2p/crypto/eddsa/0.3.0/eddsa-0.3.0.jar:/home/alex/.m2/repository/org/eclipse/jetty/jetty-server/9.4.44.v20210927/jetty-server-9.4.44.v20210927.jar:/home/alex/.m2/repository/javax/servlet/javax.servlet-api/3.1.0/javax.servlet-api-3.1.0.jar:/home/alex/.m2/repository/org/eclipse/jetty/jetty-http/9.4.44.v20210927/jetty-http-9.4.44.v20210927.jar:/home/alex/.m2/repository/org/eclipse/jetty/jetty-util/9.4.44.v20210927/jetty-util-9.4.44.v20210927.jar:/home/alex/.m2/repository/org/eclipse/jetty/jetty-io/9.4.44.v20210927/jetty-io-9.4.44.v20210927.jar:/home/alex/.m2/repository/org/eclipse/jetty/jetty-servlet/9.4.44.v20210927/jetty-servlet-9.4.44.v20210927.jar:/home/alex/.m2/repository/org/eclipse/jetty/jetty-security/9.4.44.v20210927/jetty-security-9.4.44.v20210927.jar:/home/alex/.m2/repository/org/eclipse/jetty/jetty-util-ajax/9.4.44.v20210927/jetty-util-ajax-9.4.44.v20210927.jar:/home/alex/.m2/repository/org/apache/httpcomponents/httpclient/4.5.5/httpclient-4.5.5.jar:/home/alex/.m2/repository/commons-logging/commons-logging/1.2/commons-logging-1.2.jar:/home/alex/.m2/repository/org/apache/httpcomponents/httpcore/4.4.9/httpcore-4.4.9.jar:/home/alex/.m2/repository/jakarta/activation/jakarta.activation-api/2.0.1/jakarta.activation-api-2.0.1.jar:/home/alex/.m2/repository/com/sun/activation/jakarta.activation/2.0.1/jakarta.activation-2.0.1.jar:/home/alex/.m2/repository/jakarta/mail/jakarta.mail-api/2.0.1/jakarta.mail-api-2.0.1.jar:/home/alex/.m2/repository/com/sun/mail/jakarta.mail/2.0.1/jakarta.mail-2.0.1.jar:/home/alex/.m2/repository/com/github/jponge/lzma-java/1.3/lzma-java-1.3.jar:/home/alex/.m2/repository/org/tukaani/xz/1.8/xz-1.8.jar:/home/alex/.m2/repository/net/sf/saxon/Saxon-HE/10.6/Saxon-HE-10.6.jar:/home/alex/Repositories/nifi/nifi-commons/nifi-socket-utils/target/classes:/home/alex/Repositories/nifi/nifi-commons/nifi-logging-utils/target/classes:/home/alex/Repositories/nifi/nifi-nar-bundles/nifi-standard-services/nifi-load-distribution-service-api/target/classes:/home/alex/.m2/repository/javax/jms/javax.jms-api/2.0.1/javax.jms-api-2.0.1.jar:/home/alex/.m2/repository/org/apache/activemq/activemq-client/5.15.15/activemq-client-5.15.15.jar:/home/alex/.m2/repository/org/apache/geronimo/specs/geronimo-jms_1.1_spec/1.1.1/geronimo-jms_1.1_spec-1.1.1.jar:/home/alex/.m2/repository/org/fusesource/hawtbuf/hawtbuf/1.11/hawtbuf-1.11.jar:/home/alex/.m2/repository/org/apache/geronimo/specs/geronimo-j2ee-management_1.1_spec/1.0.1/geronimo-j2ee-management_1.1_spec-1.0.1.jar:/home/alex/.m2/repository/com/jayway/jsonpath/json-path/2.6.0/json-path-2.6.0.jar:/home/alex/.m2/repository/net/minidev/json-smart/2.4.7/json-smart-2.4.7.jar:/home/alex/.m2/repository/net/minidev/accessors-smart/2.4.7/accessors-smart-2.4.7.jar:/home/alex/.m2/repository/org/ow2/asm/asm/9.1/asm-9.1.jar:/home/alex/.m2/repository/org/apache/tika/tika-core/1.26/tika-core-1.26.jar:/home/alex/.m2/repository/com/fasterxml/jackson/core/jackson-databind/2.12.3/jackson-databind-2.12.3.jar:/home/alex/.m2/repository/com/fasterxml/jackson/core/jackson-annotations/2.12.3/jackson-annotations-2.12.3.jar:/home/alex/.m2/repository/com/fasterxml/jackson/core/jackson-core/2.12.3/jackson-core-2.12.3.jar:/home/alex/Repositories/nifi/nifi-nar-bundles/nifi-extension-utils/nifi-record-utils/nifi-avro-record-utils/target/classes:/home/alex/Repositories/nifi/nifi-nar-bundles/nifi-extension-utils/nifi-record-utils/nifi-standard-record-utils/target/classes:/home/alex/.m2/repository/org/apache/avro/avro/1.8.1/avro-1.8.1.jar:/home/alex/.m2/repository/org/codehaus/jackson/jackson-core-asl/1.9.13/jackson-core-asl-1.9.13.jar:/home/alex/.m2/repository/org/codehaus/jackson/jackson-mapper-asl/1.9.13/jackson-mapper-asl-1.9.13.jar:/home/alex/.m2/repository/com/thoughtworks/paranamer/paranamer/2.7/paranamer-2.7.jar:/home/alex/Repositories/nifi/nifi-nar-bundles/nifi-standard-services/nifi-dbcp-service-api/target/classes:/home/alex/.m2/repository/com/squareup/okhttp3/okhttp/4.9.2/okhttp-4.9.2.jar:/home/alex/.m2/repository/com/squareup/okio/okio/2.8.0/okio-2.8.0.jar:/home/alex/.m2/repository/org/jetbrains/kotlin/kotlin-stdlib-common/1.4.0/kotlin-stdlib-common-1.4.0.jar:/home/alex/.m2/repository/org/jetbrains/kotlin/kotlin-stdlib/1.4.10/kotlin-stdlib-1.4.10.jar:/home/alex/.m2/repository/org/jetbrains/annotations/13.0/annotations-13.0.jar:/home/alex/.m2/repository/io/github/rburgst/okhttp-digest/2.5/okhttp-digest-2.5.jar:/home/alex/.m2/repository/at/favre/lib/bcrypt/0.9.0/bcrypt-0.9.0.jar:/home/alex/.m2/repository/at/favre/lib/bytes/1.3.0/bytes-1.3.0.jar:/home/alex/.m2/repository/com/google/guava/guava/28.0-jre/guava-28.0-jre.jar:/home/alex/.m2/repository/com/google/guava/failureaccess/1.0.1/failureaccess-1.0.1.jar:/home/alex/.m2/repository/com/google/guava/listenablefuture/9999.0-empty-to-avoid-conflict-with-guava/listenablefuture-9999.0-empty-to-avoid-conflict-with-guava.jar:/home/alex/.m2/repository/com/google/code/findbugs/jsr305/3.0.2/jsr305-3.0.2.jar:/home/alex/.m2/repository/org/checkerframework/checker-qual/2.8.1/checker-qual-2.8.1.jar:/home/alex/.m2/repository/com/google/errorprone/error_prone_annotations/2.3.2/error_prone_annotations-2.3.2.jar:/home/alex/.m2/repository/com/google/j2objc/j2objc-annotations/1.3/j2objc-annotations-1.3.jar:/home/alex/.m2/repository/org/codehaus/mojo/animal-sniffer-annotations/1.17/animal-sniffer-annotations-1.17.jar:/home/alex/Repositories/nifi/nifi-mock/target/classes:/home/alex/Repositories/nifi/nifi-framework-api/target/classes:/home/alex/Repositories/nifi/nifi-nar-bundles/nifi-framework-bundle/nifi-framework/nifi-framework-core-api/target/classes:/home/alex/Repositories/nifi/nifi-nar-bundles/nifi-framework-bundle/nifi-framework/nifi-framework-nar-utils/target/classes:/home/alex/Repositories/nifi/nifi-nar-bundles/nifi-framework-bundle/nifi-framework/nifi-client-dto/target/classes:/home/alex/.m2/repository/io/swagger/swagger-annotations/1.6.0/swagger-annotations-1.6.0.jar:/home/alex/Repositories/nifi/nifi-commons/nifi-site-to-site-client/target/classes:/home/alex/.m2/repository/org/apache/httpcomponents/httpasyncclient/4.1.4/httpasyncclient-4.1.4.jar:/home/alex/.m2/repository/org/apache/httpcomponents/httpcore-nio/4.4.10/httpcore-nio-4.4.10.jar:/home/alex/Repositories/nifi/nifi-nar-bundles/nifi-framework-bundle/nifi-framework/nifi-framework-authorization/target/classes:/home/alex/Repositories/nifi/nifi-registry/nifi-registry-core/nifi-registry-data-model/target/classes:/home/alex/Repositories/nifi/nifi-registry/nifi-registry-core/nifi-registry-revision/nifi-registry-revision-entity-model/target/classes:/home/alex/Repositories/nifi/nifi-registry/nifi-registry-core/nifi-registry-client/target/classes:/home/alex/Repositories/nifi/nifi-registry/nifi-registry-core/nifi-registry-security-utils/target/classes:/home/alex/.m2/repository/org/glassfish/jersey/core/jersey-client/2.33/jersey-client-2.33.jar:/home/alex/.m2/repository/jakarta/ws/rs/jakarta.ws.rs-api/2.1.6/jakarta.ws.rs-api-2.1.6.jar:/home/alex/.m2/repository/org/glassfish/hk2/external/jakarta.inject/2.6.1/jakarta.inject-2.6.1.jar:/home/alex/.m2/repository/org/glassfish/jersey/media/jersey-media-json-jackson/2.33/jersey-media-json-jackson-2.33.jar:/home/alex/.m2/repository/org/glassfish/jersey/ext/jersey-entity-filtering/2.33/jersey-entity-filtering-2.33.jar:/home/alex/.m2/repository/org/glassfish/jersey/inject/jersey-hk2/2.33/jersey-hk2-2.33.jar:/home/alex/.m2/repository/org/glassfish/hk2/hk2-locator/2.6.1/hk2-locator-2.6.1.jar:/home/alex/.m2/repository/org/glassfish/hk2/external/aopalliance-repackaged/2.6.1/aopalliance-repackaged-2.6.1.jar:/home/alex/.m2/repository/org/glassfish/hk2/hk2-api/2.6.1/hk2-api-2.6.1.jar:/home/alex/.m2/repository/org/glassfish/hk2/hk2-utils/2.6.1/hk2-utils-2.6.1.jar:/home/alex/.m2/repository/org/javassist/javassist/3.25.0-GA/javassist-3.25.0-GA.jar:/home/alex/.m2/repository/org/glassfish/jersey/core/jersey-common/2.33/jersey-common-2.33.jar:/home/alex/.m2/repository/jakarta/annotation/jakarta.annotation-api/1.3.5/jakarta.annotation-api-1.3.5.jar:/home/alex/.m2/repository/org/glassfish/hk2/osgi-resource-locator/1.0.3/osgi-resource-locator-1.0.3.jar:/home/alex/.m2/repository/org/glassfish/jersey/media/jersey-media-multipart/2.33/jersey-media-multipart-2.33.jar:/home/alex/.m2/repository/org/jvnet/mimepull/mimepull/1.9.13/mimepull-1.9.13.jar:/home/alex/Repositories/nifi/nifi-commons/nifi-data-provenance-utils/target/classes:/home/alex/Repositories/nifi/nifi-nar-bundles/nifi-standard-services/nifi-distributed-cache-services-bundle/nifi-distributed-cache-client-service/target/classes:/home/alex/Repositories/nifi/nifi-nar-bundles/nifi-standard-services/nifi-distributed-cache-services-bundle/nifi-distributed-cache-protocol/target/classes:/home/alex/.m2/repository/io/netty/netty-buffer/4.1.69.Final/netty-buffer-4.1.69.Final.jar:/home/alex/.m2/repository/com/google/http-client/google-http-client/1.28.0/google-http-client-1.28.0.jar:/home/alex/.m2/repository/io/opencensus/opencensus-api/0.18.0/opencensus-api-0.18.0.jar:/home/alex/.m2/repository/io/grpc/grpc-context/1.14.0/grpc-context-1.14.0.jar:/home/alex/.m2/repository/io/opencensus/opencensus-contrib-http-util/0.18.0/opencensus-contrib-http-util-0.18.0.jar:/home/alex/.m2/repository/org/apache/activemq/activemq-broker/5.15.14/activemq-broker-5.15.14.jar:/home/alex/.m2/repository/org/apache/activemq/activemq-openwire-legacy/5.15.14/activemq-openwire-legacy-5.15.14.jar:/home/alex/Repositories/nifi/nifi-nar-bundles/nifi-standard-services/nifi-ssl-context-bundle/nifi-ssl-context-service/target/classes:/home/alex/Repositories/nifi/nifi-nar-bundles/nifi-framework-bundle/nifi-framework/nifi-standard-prioritizers/target/classes:/home/alex/Repositories/nifi/nifi-nar-bundles/nifi-extension-utils/nifi-record-utils/nifi-mock-record-utils/target/classes:/home/alex/Repositories/nifi/nifi-nar-bundles/nifi-standard-services/nifi-record-serialization-services-bundle/nifi-record-serialization-services/target/classes:/home/alex/.m2/repository/org/apache/commons/commons-csv/1.8/commons-csv-1.8.jar:/home/alex/.m2/repository/com/fasterxml/jackson/dataformat/jackson-dataformat-csv/2.12.3/jackson-dataformat-csv-2.12.3.jar:/home/alex/.m2/repository/net/java/dev/stax-utils/stax-utils/20070216/stax-utils-20070216.jar:/home/alex/Repositories/nifi/nifi-nar-bundles/nifi-standard-services/nifi-lookup-services-bundle/nifi-lookup-services/target/classes:/home/alex/.m2/repository/commons-beanutils/commons-beanutils/1.9.4/commons-beanutils-1.9.4.jar:/home/alex/.m2/repository/commons-collections/commons-collections/3.2.2/commons-collections-3.2.2.jar:/home/alex/.m2/repository/com/maxmind/geoip2/geoip2/2.12.0/geoip2-2.12.0.jar:/home/alex/.m2/repository/com/maxmind/db/maxmind-db/1.2.2/maxmind-db-1.2.2.jar:/home/alex/.m2/repository/org/apache/derby/derby/10.14.2.0/derby-10.14.2.0.jar:/home/alex/.m2/repository/org/xerial/snappy/snappy-java/1.1.7.3/snappy-java-1.1.7.3.jar:/home/alex/.m2/repository/net/lingala/zip4j/zip4j/2.8.0/zip4j-2.8.0.jar:/home/alex/.m2/repository/com/h2database/h2/1.4.187/h2-1.4.187.jar:/home/alex/.m2/repository/org/mockftpserver/MockFtpServer/2.7.1/MockFtpServer-2.7.1.jar:/home/alex/.m2/repository/org/apache/sshd/sshd-core/1.7.0/sshd-core-1.7.0.jar:/home/alex/.m2/repository/com/bazaarvoice/jolt/jolt-core/0.1.1/jolt-core-0.1.1.jar:/home/alex/.m2/repository/javax/inject/javax.inject/1/javax.inject-1.jar:/home/alex/.m2/repository/com/bazaarvoice/jolt/json-utils/0.1.1/json-utils-0.1.1.jar:/home/alex/Repositories/nifi/nifi-nar-bundles/nifi-standard-bundle/nifi-standard-utils/target/classes:/home/alex/.m2/repository/net/sf/supercsv/super-csv/2.4.0/super-csv-2.4.0.jar:/home/alex/.m2/repository/com/fluenda/parcefone/2.1.0/parcefone-2.1.0.jar:/home/alex/.m2/repository/javax/validation/validation-api/1.1.0.Final/validation-api-1.1.0.Final.jar:/home/alex/.m2/repository/javax/el/javax.el-api/3.0.0/javax.el-api-3.0.0.jar:/home/alex/.m2/repository/com/github/wnameless/json/json-flattener/0.12.0/json-flattener-0.12.0.jar:/home/alex/.m2/repository/com/github/wnameless/json/json-base/2.0.0/json-base-2.0.0.jar:/home/alex/.m2/repository/org/apache/bval/bval-jsr/1.1.2/bval-jsr-1.1.2.jar:/home/alex/.m2/repository/org/apache/bval/bval-core/1.1.2/bval-core-1.1.2.jar:/home/alex/.m2/repository/io/krakens/java-grok/0.1.9/java-grok-0.1.9.jar:/home/alex/.m2/repository/org/apache/calcite/calcite-core/1.27.0/calcite-core-1.27.0.jar:/home/alex/.m2/repository/org/apache/calcite/calcite-linq4j/1.27.0/calcite-linq4j-1.27.0.jar:/home/alex/.m2/repository/com/esri/geometry/esri-geometry-api/2.2.0/esri-geometry-api-2.2.0.jar:/home/alex/.m2/repository/org/apache/calcite/avatica/avatica-core/1.18.0/avatica-core-1.18.0.jar:/home/alex/.m2/repository/org/apache/calcite/avatica/avatica-metrics/1.18.0/avatica-metrics-1.18.0.jar:/home/alex/.m2/repository/com/google/protobuf/protobuf-java/3.6.1/protobuf-java-3.6.1.jar:/home/alex/.m2/repository/org/apiguardian/apiguardian-api/1.1.0/apiguardian-api-1.1.0.jar:/home/alex/.m2/repository/com/fasterxml/jackson/dataformat/jackson-dataformat-yaml/2.10.0/jackson-dataformat-yaml-2.10.0.jar:/home/alex/.m2/repository/org/yaml/snakeyaml/1.29/snakeyaml-1.29.jar:/home/alex/.m2/repository/com/google/uzaygezen/uzaygezen-core/0.2/uzaygezen-core-0.2.jar:/home/alex/.m2/repository/com/yahoo/datasketches/sketches-core/0.9.0/sketches-core-0.9.0.jar:/home/alex/.m2/repository/com/yahoo/datasketches/memory/0.9.0/memory-0.9.0.jar:/home/alex/.m2/repository/net/hydromatic/aggdesigner-algorithm/6.0/aggdesigner-algorithm-6.0.jar:/home/alex/.m2/repository/commons-lang/commons-lang/2.4/commons-lang-2.4.jar:/home/alex/.m2/repository/org/apache/commons/commons-dbcp2/2.6.0/commons-dbcp2-2.6.0.jar:/home/alex/.m2/repository/org/apache/commons/commons-pool2/2.6.1/commons-pool2-2.6.1.jar:/home/alex/.m2/repository/org/codehaus/janino/commons-compiler/3.0.11/commons-compiler-3.0.11.jar:/home/alex/.m2/repository/org/codehaus/janino/janino/3.0.11/janino-3.0.11.jar:/home/alex/Repositories/nifi/nifi-nar-bundles/nifi-standard-services/nifi-schema-registry-service-api/target/classes:/home/alex/Repositories/nifi/nifi-nar-bundles/nifi-extension-utils/nifi-database-utils/target/classes:/home/alex/Repositories/nifi/nifi-nar-bundles/nifi-standard-bundle/nifi-standard-web-test-utils/target/classes:/home/alex/.m2/repository/com/github/stefanbirkner/fake-sftp-server-rule/2.0.1/fake-sftp-server-rule-2.0.1.jar:/home/alex/.m2/repository/com/github/marschall/memoryfilesystem/2.8.0/memoryfilesystem-2.8.0.jar:/home/alex/.m2/repository/junit/junit/4.13.2/junit-4.13.2.jar:/home/alex/.m2/repository/org/hamcrest/hamcrest-core/1.3/hamcrest-core-1.3.jar:/home/alex/Repositories/nifi/nifi-nar-bundles/nifi-extension-utils/nifi-database-test-utils/target/classes:/home/alex/.m2/repository/org/codehaus/groovy/groovy-json/2.5.14/groovy-json-2.5.14.jar:/home/alex/.m2/repository/org/codehaus/groovy/groovy/2.5.14/groovy-2.5.14.jar:/home/alex/.m2/repository/org/codehaus/groovy/groovy-servlet/2.5.14/groovy-servlet-2.5.14.jar:/home/alex/.m2/repository/org/codehaus/groovy/groovy-templates/2.5.14/groovy-templates-2.5.14.jar:/home/alex/.m2/repository/org/codehaus/groovy/groovy-xml/2.5.14/groovy-xml-2.5.14.jar:/home/alex/.m2/repository/org/hamcrest/hamcrest-all/1.3/hamcrest-all-1.3.jar:/home/alex/.m2/repository/com/squareup/okhttp3/mockwebserver/4.9.2/mockwebserver-4.9.2.jar:/home/alex/.m2/repository/org/jetbrains/kotlin/kotlin-stdlib-jdk8/1.4.10/kotlin-stdlib-jdk8-1.4.10.jar:/home/alex/.m2/repository/org/jetbrains/kotlin/kotlin-stdlib-jdk7/1.4.10/kotlin-stdlib-jdk7-1.4.10.jar:/home/alex/.m2/repository/org/mockito/mockito-inline/3.12.4/mockito-inline-3.12.4.jar:/home/alex/.m2/repository/org/junit/jupiter/junit-jupiter-api/5.7.2/junit-jupiter-api-5.7.2.jar:/home/alex/.m2/repository/org/opentest4j/opentest4j/1.2.0/opentest4j-1.2.0.jar:/home/alex/.m2/repository/org/junit/platform/junit-platform-commons/1.7.2/junit-platform-commons-1.7.2.jar:/home/alex/.m2/repository/org/junit/jupiter/junit-jupiter-engine/5.7.2/junit-jupiter-engine-5.7.2.jar:/home/alex/.m2/repository/org/junit/platform/junit-platform-engine/1.7.2/junit-platform-engine-1.7.2.jar:/home/alex/.m2/repository/org/junit/vintage/junit-vintage-engine/5.7.2/junit-vintage-engine-5.7.2.jar:/home/alex/.m2/repository/org/junit/jupiter/junit-jupiter-params/5.7.2/junit-jupiter-params-5.7.2.jar:/home/alex/.m2/repository/org/mockito/mockito-core/3.11.2/mockito-core-3.11.2.jar:/home/alex/.m2/repository/net/bytebuddy/byte-buddy/1.11.3/byte-buddy-1.11.3.jar:/home/alex/.m2/repository/net/bytebuddy/byte-buddy-agent/1.11.3/byte-buddy-agent-1.11.3.jar:/home/alex/.m2/repository/org/objenesis/objenesis/3.2/objenesis-3.2.jar:/home/alex/.m2/repository/org/mockito/mockito-junit-jupiter/3.11.2/mockito-junit-jupiter-3.11.2.jar:/home/alex/.m2/repository/org/slf4j/slf4j-simple/1.7.32/slf4j-simple-1.7.32.jar:/home/alex/.m2/repository/org/codehaus/groovy/groovy-test/2.5.14/groovy-test-2.5.14.jar:"/>
    <property name="sun.cpu.endian" value="little"/>
    <property name="user.home" value="/home/alex"/>
    <property name="user.language" value="en"/>
    <property name="java.specification.vendor" value="Oracle Corporation"/>
    <property name="java.home" value="/usr/lib/jvm/java-8-openjdk-amd64/jre"/>
    <property name="basedir" value="/home/alex/Repositories/nifi/nifi-nar-bundles/nifi-standard-bundle/nifi-standard-processors"/>
    <property name="file.separator" value="/"/>
    <property name="line.separator" value="&#10;"/>
    <property name="java.vm.specification.vendor" value="Oracle Corporation"/>
    <property name="java.specification.name" value="Java Platform API Specification"/>
    <property name="derby.stream.error.file" value="target/derby.log"/>
    <property name="org.slf4j.simpleLogger.log.org.apache.nifi" value="TRACE"/>
    <property name="javax.xml.xpath.XPathFactory:http://saxon.sf.net/jaxp/xpath/om" value="net.sf.saxon.xpath.XPathFactoryImpl"/>
    <property name="java.awt.graphicsenv" value="sun.awt.X11GraphicsEnvironment"/>
    <property name="org.slf4j.simpleLogger.log.org.apache.nifi.processors.standard.SQLTransform" value="debug"/>
    <property name="java.awt.headless" value="true"/>
    <property name="org.slf4j.simpleLogger.log.nifi.processors.standard.ExecuteSQLRecord" value="debug"/>
    <property name="org.slf4j.simpleLogger.showDateTime" value="true"/>
    <property name="surefire.real.class.path" value="/home/alex/Repositories/nifi/nifi-nar-bundles/nifi-standard-bundle/nifi-standard-processors/target/surefire/surefirebooter5361507383572708917.jar"/>
    <property name="sun.boot.class.path" value="/usr/lib/jvm/java-8-openjdk-amd64/jre/lib/resources.jar:/usr/lib/jvm/java-8-openjdk-amd64/jre/lib/rt.jar:/usr/lib/jvm/java-8-openjdk-amd64/jre/lib/sunrsasign.jar:/usr/lib/jvm/java-8-openjdk-amd64/jre/lib/jsse.jar:/usr/lib/jvm/java-8-openjdk-amd64/jre/lib/jce.jar:/usr/lib/jvm/java-8-openjdk-amd64/jre/lib/charsets.jar:/usr/lib/jvm/java-8-openjdk-amd64/jre/lib/jfr.jar:/usr/lib/jvm/java-8-openjdk-amd64/jre/classes"/>
    <property name="sun.management.compiler" value="HotSpot 64-Bit Tiered Compilers"/>
    <property name="org.slf4j.simpleLogger.log.nifi.processors.standard.TestExecuteSQL" value="debug"/>
    <property name="java.runtime.version" value="1.8.0_402-8u402-ga-2ubuntu1~22.04-b06"/>
    <property name="java.net.preferIPv4Stack" value="true"/>
    <property name="user.name" value="alex"/>
    <property name="path.separator" value=":"/>
    <property name="os.version" value="6.5.0-28-generic"/>
    <property name="java.endorsed.dirs" value="/usr/lib/jvm/java-8-openjdk-amd64/jre/lib/endorsed"/>
    <property name="java.runtime.name" value="OpenJDK Runtime Environment"/>
    <property name="org.slf4j.simpleLogger.log.nifi.processors.standard.DistributeLoad" value="debug"/>
    <property name="file.encoding" value="UTF-8"/>
    <property name="org.slf4j.simpleLogger.log.org.apache.nifi.processors.standard" value="DEBUG"/>
    <property name="org.slf4j.simpleLogger.log.nifi.processors.standard.ExecuteSQL" value="debug"/>
    <property name="sun.nio.ch.bugLevel" value=""/>
    <property name="java.vm.name" value="OpenJDK 64-Bit Server VM"/>
    <property name="localRepository" value="/home/alex/.m2/repository"/>
    <property name="java.vendor.url.bug" value="http://bugreport.sun.com/bugreport/"/>
    <property name="jetty.git.hash" value="8da83308eeca865e495e53ef315a249d63ba9332"/>
    <property name="java.io.tmpdir" value="/tmp"/>
    <property name="java.version" value="1.8.0_402"/>
    <property name="user.dir" value="/home/alex/Repositories/nifi/nifi-nar-bundles/nifi-standard-bundle/nifi-standard-processors"/>
    <property name="org.slf4j.simpleLogger.log.nifi.processors.standard.TestDetectDuplicate" value="debug"/>
    <property name="os.arch" value="amd64"/>
    <property name="java.vm.specification.name" value="Java Virtual Machine Specification"/>
    <property name="java.awt.printerjob" value="sun.print.PSPrinterJob"/>
    <property name="sun.os.patch.level" value="unknown"/>
    <property name="org.slf4j.simpleLogger.defaultLogLevel" value="info"/>
    <property name="java.library.path" value="/usr/java/packages/lib/amd64:/usr/lib/x86_64-linux-gnu/jni:/lib/x86_64-linux-gnu:/usr/lib/x86_64-linux-gnu:/usr/lib/jni:/lib:/usr/lib"/>
    <property name="java.vm.info" value="mixed mode"/>
    <property name="java.vendor" value="Private Build"/>
    <property name="java.vm.version" value="25.402-b06"/>
    <property name="org.slf4j.simpleLogger.log.nifi.processors.standard.DetectDuplicate" value="debug"/>
    <property name="java.specification.maintenance.version" value="5"/>
    <property name="java.ext.dirs" value="/usr/lib/jvm/java-8-openjdk-amd64/jre/lib/ext:/usr/java/packages/lib/ext"/>
    <property name="sun.io.unicode.encoding" value="UnicodeLittle"/>
    <property name="java.class.version" value="52.0"/>
  </properties>
  <testcase name="testSeparationStrategyNotKnown" classname="org.apache.nifi.processors.standard.TestRouteText" time="0.005"/>
  <testcase name="testRelationships" classname="org.apache.nifi.processors.standard.TestRouteText" time="0.001">
    <system-err><![CDATA[[main] DEBUG org.apache.nifi.processors.standard.RouteText - RouteText[id=ec0ddf18-5cd3-4411-bf7c-87319cd17086] Adding new dynamic property: PropertyDescriptor[simple]
[main] DEBUG org.apache.nifi.processors.standard.RouteText - RouteText[id=ec0ddf18-5cd3-4411-bf7c-87319cd17086] Adding new dynamic property: PropertyDescriptor[simple]
]]></system-err>
  </testcase>
  <testcase name="testSimpleContainsIgnoreCase" classname="org.apache.nifi.processors.standard.TestRouteText" time="0.005">
    <system-err><![CDATA[[main] DEBUG org.apache.nifi.processors.standard.RouteText - RouteText[id=f9aab1cf-d742-44ce-94f5-e17a31b24482] Adding new dynamic property: PropertyDescriptor[simple]
[pool-2303-thread-1] INFO org.apache.nifi.processors.standard.RouteText - RouteText[id=f9aab1cf-d742-44ce-94f5-e17a31b24482] Created FlowFile[1,90490955210896.mockFlowFile,17B] from FlowFile[0,90490955210896.mockFlowFile,26B]; routing to relationship simple
[pool-2303-thread-1] INFO org.apache.nifi.processors.standard.RouteText - RouteText[id=f9aab1cf-d742-44ce-94f5-e17a31b24482] Created FlowFile[2,90490955210896.mockFlowFile,9B] from FlowFile[0,90490955210896.mockFlowFile,26B]; routing to relationship unmatched
[pool-2303-thread-1] INFO org.apache.nifi.processors.standard.RouteText - RouteText[id=f9aab1cf-d742-44ce-94f5-e17a31b24482] Routing FlowFile[0,90490955210896.mockFlowFile,26B] to original
]]></system-err>
  </testcase>
  <testcase name="testSimpleDefaultContainRegularExpression" classname="org.apache.nifi.processors.standard.TestRouteText" time="0.004">
    <system-err><![CDATA[[main] DEBUG org.apache.nifi.processors.standard.RouteText - RouteText[id=0b5f7e36-1807-409c-8236-87b6af15890c] Adding new dynamic property: PropertyDescriptor[simple]
[pool-2304-thread-1] INFO org.apache.nifi.processors.standard.RouteText - RouteText[id=0b5f7e36-1807-409c-8236-87b6af15890c] Created FlowFile[1,90490959401247.mockFlowFile,17B] from FlowFile[0,90490959401247.mockFlowFile,26B]; routing to relationship simple
[pool-2304-thread-1] INFO org.apache.nifi.processors.standard.RouteText - RouteText[id=0b5f7e36-1807-409c-8236-87b6af15890c] Created FlowFile[2,90490959401247.mockFlowFile,9B] from FlowFile[0,90490959401247.mockFlowFile,26B]; routing to relationship unmatched
[pool-2304-thread-1] INFO org.apache.nifi.processors.standard.RouteText - RouteText[id=0b5f7e36-1807-409c-8236-87b6af15890c] Routing FlowFile[0,90490959401247.mockFlowFile,26B] to original
]]></system-err>
  </testcase>
  <testcase name="testXml" classname="org.apache.nifi.processors.standard.TestRouteText" time="0.001">
    <system-err><![CDATA[[main] DEBUG org.apache.nifi.processors.standard.RouteText - RouteText[id=53069d1b-a8b7-474b-a0d2-d43ce2b9c595] Adding new dynamic property: PropertyDescriptor[element]
[main] DEBUG org.apache.nifi.processors.standard.RouteText - RouteText[id=53069d1b-a8b7-474b-a0d2-d43ce2b9c595] Adding new dynamic property: PropertyDescriptor[NodeType]
[main] DEBUG org.apache.nifi.processors.standard.RouteText - RouteText[id=53069d1b-a8b7-474b-a0d2-d43ce2b9c595] Adding new dynamic property: PropertyDescriptor[name]
[pool-2305-thread-1] INFO org.apache.nifi.processors.standard.RouteText - RouteText[id=53069d1b-a8b7-474b-a0d2-d43ce2b9c595] Created FlowFile[4,XmlBundle.xsd,37B] from FlowFile[0,XmlBundle.xsd,1664B]; routing to relationship NodeType
[pool-2305-thread-1] INFO org.apache.nifi.processors.standard.RouteText - RouteText[id=53069d1b-a8b7-474b-a0d2-d43ce2b9c595] Created FlowFile[2,XmlBundle.xsd,352B] from FlowFile[0,XmlBundle.xsd,1664B]; routing to relationship element
[pool-2305-thread-1] INFO org.apache.nifi.processors.standard.RouteText - RouteText[id=53069d1b-a8b7-474b-a0d2-d43ce2b9c595] Created FlowFile[3,XmlBundle.xsd,468B] from FlowFile[0,XmlBundle.xsd,1664B]; routing to relationship name
[pool-2305-thread-1] INFO org.apache.nifi.processors.standard.RouteText - RouteText[id=53069d1b-a8b7-474b-a0d2-d43ce2b9c595] Created FlowFile[1,XmlBundle.xsd,1196B] from FlowFile[0,XmlBundle.xsd,1664B]; routing to relationship unmatched
[pool-2305-thread-1] INFO org.apache.nifi.processors.standard.RouteText - RouteText[id=53069d1b-a8b7-474b-a0d2-d43ce2b9c595] Routing FlowFile[0,XmlBundle.xsd,1664B] to original
]]></system-err>
  </testcase>
  <testcase name="testSatisfiesExpression" classname="org.apache.nifi.processors.standard.TestRouteText" time="0.006">
    <system-err><![CDATA[[main] DEBUG org.apache.nifi.processors.standard.RouteText - RouteText[id=5d6247cf-51a4-401e-a183-08c999348b1a] Adding new dynamic property: PropertyDescriptor[third-line]
[main] DEBUG org.apache.nifi.processors.standard.RouteText - RouteText[id=5d6247cf-51a4-401e-a183-08c999348b1a] Adding new dynamic property: PropertyDescriptor[empty]
[main] DEBUG org.apache.nifi.processors.standard.RouteText - RouteText[id=5d6247cf-51a4-401e-a183-08c999348b1a] Adding new dynamic property: PropertyDescriptor[second-field-you]
[pool-2306-thread-1] INFO org.apache.nifi.processors.standard.RouteText - RouteText[id=5d6247cf-51a4-401e-a183-08c999348b1a] Created FlowFile[3,90490966506680.mockFlowFile,14B] from FlowFile[0,90490966506680.mockFlowFile,28B]; routing to relationship third-line
[pool-2306-thread-1] INFO org.apache.nifi.processors.standard.RouteText - RouteText[id=5d6247cf-51a4-401e-a183-08c999348b1a] Created FlowFile[4,90490966506680.mockFlowFile,14B] from FlowFile[0,90490966506680.mockFlowFile,28B]; routing to relationship second-field-you
[pool-2306-thread-1] INFO org.apache.nifi.processors.standard.RouteText - RouteText[id=5d6247cf-51a4-401e-a183-08c999348b1a] Created FlowFile[2,90490966506680.mockFlowFile,8B] from FlowFile[0,90490966506680.mockFlowFile,28B]; routing to relationship empty
[pool-2306-thread-1] INFO org.apache.nifi.processors.standard.RouteText - RouteText[id=5d6247cf-51a4-401e-a183-08c999348b1a] Created FlowFile[1,90490966506680.mockFlowFile,6B] from FlowFile[0,90490966506680.mockFlowFile,28B]; routing to relationship unmatched
[pool-2306-thread-1] INFO org.apache.nifi.processors.standard.RouteText - RouteText[id=5d6247cf-51a4-401e-a183-08c999348b1a] Routing FlowFile[0,90490966506680.mockFlowFile,28B] to original
]]></system-err>
  </testcase>
  <testcase name="testRouteLineToMultipleRelationships" classname="org.apache.nifi.processors.standard.TestRouteText" time="0.001">
    <system-err><![CDATA[[main] DEBUG org.apache.nifi.processors.standard.RouteText - RouteText[id=6d8e0ad7-bfd9-43d5-9e0c-31ac3a72dc17] Adding new dynamic property: PropertyDescriptor[z]
[main] DEBUG org.apache.nifi.processors.standard.RouteText - RouteText[id=6d8e0ad7-bfd9-43d5-9e0c-31ac3a72dc17] Adding new dynamic property: PropertyDescriptor[e]
[main] DEBUG org.apache.nifi.processors.standard.RouteText - RouteText[id=6d8e0ad7-bfd9-43d5-9e0c-31ac3a72dc17] Adding new dynamic property: PropertyDescriptor[t]
[pool-2307-thread-1] INFO org.apache.nifi.processors.standard.RouteText - RouteText[id=6d8e0ad7-bfd9-43d5-9e0c-31ac3a72dc17] Created FlowFile[1,90490971650597.mockFlowFile,26B] from FlowFile[0,90490971650597.mockFlowFile,26B]; routing to relationship t
[pool-2307-thread-1] INFO org.apache.nifi.processors.standard.RouteText - RouteText[id=6d8e0ad7-bfd9-43d5-9e0c-31ac3a72dc17] Created FlowFile[2,90490971650597.mockFlowFile,17B] from FlowFile[0,90490971650597.mockFlowFile,26B]; routing to relationship e
[pool-2307-thread-1] INFO org.apache.nifi.processors.standard.RouteText - RouteText[id=6d8e0ad7-bfd9-43d5-9e0c-31ac3a72dc17] Routing FlowFile[0,90490971650597.mockFlowFile,26B] to original
]]></system-err>
  </testcase>
  <testcase name="testSimpleAllEnds" classname="org.apache.nifi.processors.standard.TestRouteText" time="0.001">
    <system-err><![CDATA[[main] DEBUG org.apache.nifi.processors.standard.RouteText - RouteText[id=1f403b54-00e1-4b37-a144-1d574e22570a] Adding new dynamic property: PropertyDescriptor[second]
[main] DEBUG org.apache.nifi.processors.standard.RouteText - RouteText[id=1f403b54-00e1-4b37-a144-1d574e22570a] Adding new dynamic property: PropertyDescriptor[simple]
[pool-2308-thread-1] INFO org.apache.nifi.processors.standard.RouteText - RouteText[id=1f403b54-00e1-4b37-a144-1d574e22570a] Created FlowFile[2,90490972495981.mockFlowFile,9B] from FlowFile[0,90490972495981.mockFlowFile,26B]; routing to relationship unmatched
[pool-2308-thread-1] INFO org.apache.nifi.processors.standard.RouteText - RouteText[id=1f403b54-00e1-4b37-a144-1d574e22570a] Created FlowFile[1,90490972495981.mockFlowFile,17B] from FlowFile[0,90490972495981.mockFlowFile,26B]; routing to relationship matched
[pool-2308-thread-1] INFO org.apache.nifi.processors.standard.RouteText - RouteText[id=1f403b54-00e1-4b37-a144-1d574e22570a] Routing FlowFile[0,90490972495981.mockFlowFile,26B] to original
]]></system-err>
  </testcase>
  <testcase name="testJson" classname="org.apache.nifi.processors.standard.TestRouteText" time="0.004">
    <system-err><![CDATA[[main] DEBUG org.apache.nifi.processors.standard.RouteText - RouteText[id=c7503e8e-8321-4c2f-8588-ff1e3e132926] Adding new dynamic property: PropertyDescriptor[address]
[main] DEBUG org.apache.nifi.processors.standard.RouteText - RouteText[id=c7503e8e-8321-4c2f-8588-ff1e3e132926] Adding new dynamic property: PropertyDescriptor[greeting]
[pool-2309-thread-1] INFO org.apache.nifi.processors.standard.RouteText - RouteText[id=c7503e8e-8321-4c2f-8588-ff1e3e132926] Created FlowFile[2,json-sample.json,447B] from FlowFile[0,json-sample.json,12466B]; routing to relationship address
[pool-2309-thread-1] INFO org.apache.nifi.processors.standard.RouteText - RouteText[id=c7503e8e-8321-4c2f-8588-ff1e3e132926] Created FlowFile[3,json-sample.json,463B] from FlowFile[0,json-sample.json,12466B]; routing to relationship greeting
[pool-2309-thread-1] INFO org.apache.nifi.processors.standard.RouteText - RouteText[id=c7503e8e-8321-4c2f-8588-ff1e3e132926] Created FlowFile[1,json-sample.json,11556B] from FlowFile[0,json-sample.json,12466B]; routing to relationship unmatched
[pool-2309-thread-1] INFO org.apache.nifi.processors.standard.RouteText - RouteText[id=c7503e8e-8321-4c2f-8588-ff1e3e132926] Routing FlowFile[0,json-sample.json,12466B] to original
]]></system-err>
  </testcase>
  <testcase name="testSimpleAllMatchRegularExpression" classname="org.apache.nifi.processors.standard.TestRouteText" time="0.001">
    <system-err><![CDATA[[main] DEBUG org.apache.nifi.processors.standard.RouteText - RouteText[id=f1b1560a-bc84-4606-b06e-277bb9b6ed0e] Adding new dynamic property: PropertyDescriptor[second]
[main] DEBUG org.apache.nifi.processors.standard.RouteText - RouteText[id=f1b1560a-bc84-4606-b06e-277bb9b6ed0e] Adding new dynamic property: PropertyDescriptor[simple]
[pool-2310-thread-1] INFO org.apache.nifi.processors.standard.RouteText - RouteText[id=f1b1560a-bc84-4606-b06e-277bb9b6ed0e] Created FlowFile[2,90490977739173.mockFlowFile,9B] from FlowFile[0,90490977739173.mockFlowFile,26B]; routing to relationship unmatched
[pool-2310-thread-1] INFO org.apache.nifi.processors.standard.RouteText - RouteText[id=f1b1560a-bc84-4606-b06e-277bb9b6ed0e] Created FlowFile[1,90490977739173.mockFlowFile,17B] from FlowFile[0,90490977739173.mockFlowFile,26B]; routing to relationship matched
[pool-2310-thread-1] INFO org.apache.nifi.processors.standard.RouteText - RouteText[id=f1b1560a-bc84-4606-b06e-277bb9b6ed0e] Routing FlowFile[0,90490977739173.mockFlowFile,26B] to original
]]></system-err>
  </testcase>
  <testcase name="testSimpleAnyEnds" classname="org.apache.nifi.processors.standard.TestRouteText" time="0.002">
    <system-err><![CDATA[[main] DEBUG org.apache.nifi.processors.standard.RouteText - RouteText[id=360807cb-ffdf-4287-be74-3af72b6f6014] Adding new dynamic property: PropertyDescriptor[simple]
[main] DEBUG org.apache.nifi.processors.standard.RouteText - RouteText[id=360807cb-ffdf-4287-be74-3af72b6f6014] Adding new dynamic property: PropertyDescriptor[no]
[pool-2311-thread-1] INFO org.apache.nifi.processors.standard.RouteText - RouteText[id=360807cb-ffdf-4287-be74-3af72b6f6014] Created FlowFile[2,90490979034150.mockFlowFile,9B] from FlowFile[0,90490979034150.mockFlowFile,26B]; routing to relationship unmatched
[pool-2311-thread-1] INFO org.apache.nifi.processors.standard.RouteText - RouteText[id=360807cb-ffdf-4287-be74-3af72b6f6014] Created FlowFile[1,90490979034150.mockFlowFile,17B] from FlowFile[0,90490979034150.mockFlowFile,26B]; routing to relationship matched
[pool-2311-thread-1] INFO org.apache.nifi.processors.standard.RouteText - RouteText[id=360807cb-ffdf-4287-be74-3af72b6f6014] Routing FlowFile[0,90490979034150.mockFlowFile,26B] to original
]]></system-err>
  </testcase>
  <testcase name="testSimpleCaseInsensitiveStartsMatch" classname="org.apache.nifi.processors.standard.TestRouteText" time="0.001">
    <system-err><![CDATA[[main] DEBUG org.apache.nifi.processors.standard.RouteText - RouteText[id=2643216a-6ad2-482a-b3b0-075ecd730ac1] Adding new dynamic property: PropertyDescriptor[simple]
[pool-2312-thread-1] INFO org.apache.nifi.processors.standard.RouteText - RouteText[id=2643216a-6ad2-482a-b3b0-075ecd730ac1] Created FlowFile[1,90490980307035.mockFlowFile,33B] from FlowFile[0,90490980307035.mockFlowFile,33B]; routing to relationship simple
[pool-2312-thread-1] INFO org.apache.nifi.processors.standard.RouteText - RouteText[id=2643216a-6ad2-482a-b3b0-075ecd730ac1] Routing FlowFile[0,90490980307035.mockFlowFile,33B] to original
]]></system-err>
  </testcase>
  <testcase name="testMultipleGroupsSameRelationship" classname="org.apache.nifi.processors.standard.TestRouteText" time="0.001">
    <system-err><![CDATA[[main] DEBUG org.apache.nifi.processors.standard.RouteText - RouteText[id=0b7aed09-6dd6-4b9a-97c6-d8972f697f11] Adding new dynamic property: PropertyDescriptor[o]
[pool-2313-thread-1] INFO org.apache.nifi.processors.standard.RouteText - RouteText[id=0b7aed09-6dd6-4b9a-97c6-d8972f697f11] Created FlowFile[2,90490981315425.mockFlowFile,10B] from FlowFile[0,90490981315425.mockFlowFile,42B]; routing to relationship o
[pool-2313-thread-1] INFO org.apache.nifi.processors.standard.RouteText - RouteText[id=0b7aed09-6dd6-4b9a-97c6-d8972f697f11] Created FlowFile[1,90490981315425.mockFlowFile,19B] from FlowFile[0,90490981315425.mockFlowFile,42B]; routing to relationship o
[pool-2313-thread-1] INFO org.apache.nifi.processors.standard.RouteText - RouteText[id=0b7aed09-6dd6-4b9a-97c6-d8972f697f11] Created FlowFile[3,90490981315425.mockFlowFile,13B] from FlowFile[0,90490981315425.mockFlowFile,42B]; routing to relationship o
[pool-2313-thread-1] INFO org.apache.nifi.processors.standard.RouteText - RouteText[id=0b7aed09-6dd6-4b9a-97c6-d8972f697f11] Routing FlowFile[0,90490981315425.mockFlowFile,42B] to original
]]></system-err>
  </testcase>
  <testcase name="testSimpleAnyEquals" classname="org.apache.nifi.processors.standard.TestRouteText" time="0.001">
    <system-err><![CDATA[[main] DEBUG org.apache.nifi.processors.standard.RouteText - RouteText[id=2777a677-cf49-4961-8796-92ddfb411c95] Adding new dynamic property: PropertyDescriptor[simple]
[main] DEBUG org.apache.nifi.processors.standard.RouteText - RouteText[id=2777a677-cf49-4961-8796-92ddfb411c95] Adding new dynamic property: PropertyDescriptor[no]
[pool-2314-thread-1] INFO org.apache.nifi.processors.standard.RouteText - RouteText[id=2777a677-cf49-4961-8796-92ddfb411c95] Created FlowFile[2,90490982600783.mockFlowFile,9B] from FlowFile[0,90490982600783.mockFlowFile,26B]; routing to relationship unmatched
[pool-2314-thread-1] INFO org.apache.nifi.processors.standard.RouteText - RouteText[id=2777a677-cf49-4961-8796-92ddfb411c95] Created FlowFile[1,90490982600783.mockFlowFile,17B] from FlowFile[0,90490982600783.mockFlowFile,26B]; routing to relationship matched
[pool-2314-thread-1] INFO org.apache.nifi.processors.standard.RouteText - RouteText[id=2777a677-cf49-4961-8796-92ddfb411c95] Routing FlowFile[0,90490982600783.mockFlowFile,26B] to original
]]></system-err>
  </testcase>
  <testcase name="testSimpleAnyStarts" classname="org.apache.nifi.processors.standard.TestRouteText" time="0.001">
    <system-err><![CDATA[[main] DEBUG org.apache.nifi.processors.standard.RouteText - RouteText[id=45a7b8f1-00c6-4b32-bfc8-6b65a167fedc] Adding new dynamic property: PropertyDescriptor[simple]
[main] DEBUG org.apache.nifi.processors.standard.RouteText - RouteText[id=45a7b8f1-00c6-4b32-bfc8-6b65a167fedc] Adding new dynamic property: PropertyDescriptor[no]
[pool-2315-thread-1] INFO org.apache.nifi.processors.standard.RouteText - RouteText[id=45a7b8f1-00c6-4b32-bfc8-6b65a167fedc] Created FlowFile[2,90490983490647.mockFlowFile,9B] from FlowFile[0,90490983490647.mockFlowFile,26B]; routing to relationship unmatched
[pool-2315-thread-1] INFO org.apache.nifi.processors.standard.RouteText - RouteText[id=45a7b8f1-00c6-4b32-bfc8-6b65a167fedc] Created FlowFile[1,90490983490647.mockFlowFile,17B] from FlowFile[0,90490983490647.mockFlowFile,26B]; routing to relationship matched
[pool-2315-thread-1] INFO org.apache.nifi.processors.standard.RouteText - RouteText[id=45a7b8f1-00c6-4b32-bfc8-6b65a167fedc] Routing FlowFile[0,90490983490647.mockFlowFile,26B] to original
]]></system-err>
  </testcase>
  <testcase name="testGroupDifferentRelationships" classname="org.apache.nifi.processors.standard.TestRouteText" time="0.001">
    <system-err><![CDATA[[main] DEBUG org.apache.nifi.processors.standard.RouteText - RouteText[id=dd0e8446-d230-4451-9b66-2ebd4f33b26e] Adding new dynamic property: PropertyDescriptor[l]
[pool-2316-thread-1] INFO org.apache.nifi.processors.standard.RouteText - RouteText[id=dd0e8446-d230-4451-9b66-2ebd4f33b26e] Created FlowFile[2,90490984729519.mockFlowFile,8B] from FlowFile[0,90490984729519.mockFlowFile,33B]; routing to relationship l
[pool-2316-thread-1] INFO org.apache.nifi.processors.standard.RouteText - RouteText[id=dd0e8446-d230-4451-9b66-2ebd4f33b26e] Created FlowFile[1,90490984729519.mockFlowFile,8B] from FlowFile[0,90490984729519.mockFlowFile,33B]; routing to relationship l
[pool-2316-thread-1] INFO org.apache.nifi.processors.standard.RouteText - RouteText[id=dd0e8446-d230-4451-9b66-2ebd4f33b26e] Created FlowFile[4,90490984729519.mockFlowFile,6B] from FlowFile[0,90490984729519.mockFlowFile,33B]; routing to relationship unmatched
[pool-2316-thread-1] INFO org.apache.nifi.processors.standard.RouteText - RouteText[id=dd0e8446-d230-4451-9b66-2ebd4f33b26e] Created FlowFile[3,90490984729519.mockFlowFile,11B] from FlowFile[0,90490984729519.mockFlowFile,33B]; routing to relationship unmatched
[pool-2316-thread-1] INFO org.apache.nifi.processors.standard.RouteText - RouteText[id=dd0e8446-d230-4451-9b66-2ebd4f33b26e] Routing FlowFile[0,90490984729519.mockFlowFile,33B] to original
]]></system-err>
  </testcase>
  <testcase name="testGroupSameRelationship" classname="org.apache.nifi.processors.standard.TestRouteText" time="0.001">
    <system-err><![CDATA[[main] DEBUG org.apache.nifi.processors.standard.RouteText - RouteText[id=2b7a2da5-e90a-4288-b8cb-8dcb02d9aa62] Adding new dynamic property: PropertyDescriptor[o]
[pool-2317-thread-1] INFO org.apache.nifi.processors.standard.RouteText - RouteText[id=2b7a2da5-e90a-4288-b8cb-8dcb02d9aa62] Created FlowFile[2,90490986061430.mockFlowFile,8B] from FlowFile[0,90490986061430.mockFlowFile,26B]; routing to relationship o
[pool-2317-thread-1] INFO org.apache.nifi.processors.standard.RouteText - RouteText[id=2b7a2da5-e90a-4288-b8cb-8dcb02d9aa62] Created FlowFile[1,90490986061430.mockFlowFile,18B] from FlowFile[0,90490986061430.mockFlowFile,26B]; routing to relationship o
[pool-2317-thread-1] INFO org.apache.nifi.processors.standard.RouteText - RouteText[id=2b7a2da5-e90a-4288-b8cb-8dcb02d9aa62] Routing FlowFile[0,90490986061430.mockFlowFile,26B] to original
]]></system-err>
  </testcase>
  <testcase name="testSimpleDefaultEquals" classname="org.apache.nifi.processors.standard.TestRouteText" time="0.001">
    <system-err><![CDATA[[main] DEBUG org.apache.nifi.processors.standard.RouteText - RouteText[id=000aa096-9551-466a-805a-9cda9ef6149f] Adding new dynamic property: PropertyDescriptor[simple]
[pool-2318-thread-1] INFO org.apache.nifi.processors.standard.RouteText - RouteText[id=000aa096-9551-466a-805a-9cda9ef6149f] Created FlowFile[1,90490986985321.mockFlowFile,17B] from FlowFile[0,90490986985321.mockFlowFile,26B]; routing to relationship simple
[pool-2318-thread-1] INFO org.apache.nifi.processors.standard.RouteText - RouteText[id=000aa096-9551-466a-805a-9cda9ef6149f] Created FlowFile[2,90490986985321.mockFlowFile,9B] from FlowFile[0,90490986985321.mockFlowFile,26B]; routing to relationship unmatched
[pool-2318-thread-1] INFO org.apache.nifi.processors.standard.RouteText - RouteText[id=000aa096-9551-466a-805a-9cda9ef6149f] Routing FlowFile[0,90490986985321.mockFlowFile,26B] to original
]]></system-err>
  </testcase>
  <testcase name="testSimpleDefaultEnd" classname="org.apache.nifi.processors.standard.TestRouteText" time="0.001">
    <system-err><![CDATA[[main] DEBUG org.apache.nifi.processors.standard.RouteText - RouteText[id=fbec3e00-555b-4b54-961f-a050795a6a71] Adding new dynamic property: PropertyDescriptor[simple]
[pool-2319-thread-1] INFO org.apache.nifi.processors.standard.RouteText - RouteText[id=fbec3e00-555b-4b54-961f-a050795a6a71] Created FlowFile[1,90490987800359.mockFlowFile,17B] from FlowFile[0,90490987800359.mockFlowFile,26B]; routing to relationship simple
[pool-2319-thread-1] INFO org.apache.nifi.processors.standard.RouteText - RouteText[id=fbec3e00-555b-4b54-961f-a050795a6a71] Created FlowFile[2,90490987800359.mockFlowFile,9B] from FlowFile[0,90490987800359.mockFlowFile,26B]; routing to relationship unmatched
[pool-2319-thread-1] INFO org.apache.nifi.processors.standard.RouteText - RouteText[id=fbec3e00-555b-4b54-961f-a050795a6a71] Routing FlowFile[0,90490987800359.mockFlowFile,26B] to original
]]></system-err>
  </testcase>
  <testcase name="testSimpleDefaultStarts" classname="org.apache.nifi.processors.standard.TestRouteText" time="0.001">
    <system-err><![CDATA[[main] DEBUG org.apache.nifi.processors.standard.RouteText - RouteText[id=b459c0cd-884c-4b5d-ab3e-ea8334536ee3] Adding new dynamic property: PropertyDescriptor[simple]
[pool-2320-thread-1] INFO org.apache.nifi.processors.standard.RouteText - RouteText[id=b459c0cd-884c-4b5d-ab3e-ea8334536ee3] Created FlowFile[1,90490988532688.mockFlowFile,17B] from FlowFile[0,90490988532688.mockFlowFile,26B]; routing to relationship simple
[pool-2320-thread-1] INFO org.apache.nifi.processors.standard.RouteText - RouteText[id=b459c0cd-884c-4b5d-ab3e-ea8334536ee3] Created FlowFile[2,90490988532688.mockFlowFile,9B] from FlowFile[0,90490988532688.mockFlowFile,26B]; routing to relationship unmatched
[pool-2320-thread-1] INFO org.apache.nifi.processors.standard.RouteText - RouteText[id=b459c0cd-884c-4b5d-ab3e-ea8334536ee3] Routing FlowFile[0,90490988532688.mockFlowFile,26B] to original
]]></system-err>
  </testcase>
  <testcase name="testSimpleAnyContainRegularExpression" classname="org.apache.nifi.processors.standard.TestRouteText" time="0.001">
    <system-err><![CDATA[[main] DEBUG org.apache.nifi.processors.standard.RouteText - RouteText[id=d4c04b0f-93e2-403a-8173-a14ee068a50c] Adding new dynamic property: PropertyDescriptor[simple]
[main] DEBUG org.apache.nifi.processors.standard.RouteText - RouteText[id=d4c04b0f-93e2-403a-8173-a14ee068a50c] Adding new dynamic property: PropertyDescriptor[no]
[pool-2321-thread-1] INFO org.apache.nifi.processors.standard.RouteText - RouteText[id=d4c04b0f-93e2-403a-8173-a14ee068a50c] Created FlowFile[2,90490989398560.mockFlowFile,9B] from FlowFile[0,90490989398560.mockFlowFile,26B]; routing to relationship unmatched
[pool-2321-thread-1] INFO org.apache.nifi.processors.standard.RouteText - RouteText[id=d4c04b0f-93e2-403a-8173-a14ee068a50c] Created FlowFile[1,90490989398560.mockFlowFile,17B] from FlowFile[0,90490989398560.mockFlowFile,26B]; routing to relationship matched
[pool-2321-thread-1] INFO org.apache.nifi.processors.standard.RouteText - RouteText[id=d4c04b0f-93e2-403a-8173-a14ee068a50c] Routing FlowFile[0,90490989398560.mockFlowFile,26B] to original
]]></system-err>
  </testcase>
  <testcase name="testSimpleCaseSensitiveStartsMatch" classname="org.apache.nifi.processors.standard.TestRouteText" time="0">
    <system-err><![CDATA[[main] DEBUG org.apache.nifi.processors.standard.RouteText - RouteText[id=15ae304e-c57a-4c30-8947-b51e0de1002d] Adding new dynamic property: PropertyDescriptor[simple]
[pool-2322-thread-1] INFO org.apache.nifi.processors.standard.RouteText - RouteText[id=15ae304e-c57a-4c30-8947-b51e0de1002d] Created FlowFile[2,90490990435684.mockFlowFile,16B] from FlowFile[0,90490990435684.mockFlowFile,33B]; routing to relationship simple
[pool-2322-thread-1] INFO org.apache.nifi.processors.standard.RouteText - RouteText[id=15ae304e-c57a-4c30-8947-b51e0de1002d] Created FlowFile[1,90490990435684.mockFlowFile,17B] from FlowFile[0,90490990435684.mockFlowFile,33B]; routing to relationship unmatched
[pool-2322-thread-1] INFO org.apache.nifi.processors.standard.RouteText - RouteText[id=15ae304e-c57a-4c30-8947-b51e0de1002d] Routing FlowFile[0,90490990435684.mockFlowFile,33B] to original
]]></system-err>
  </testcase>
  <testcase name="testPatternCache" classname="org.apache.nifi.processors.standard.TestRouteText" time="1.07">
    <system-err><![CDATA[[main] DEBUG org.apache.nifi.processors.standard.RouteText - RouteText[id=38a82a0d-69fc-4d87-a6d1-ec924f6828ee] Adding new dynamic property: PropertyDescriptor[simple]
[pool-2323-thread-1] INFO org.apache.nifi.processors.standard.RouteText - RouteText[id=38a82a0d-69fc-4d87-a6d1-ec924f6828ee] Created FlowFile[2,90490991194738.mockFlowFile,9B] from FlowFile[0,90490991194738.mockFlowFile,9B]; routing to relationship unmatched
[pool-2323-thread-1] INFO org.apache.nifi.processors.standard.RouteText - RouteText[id=38a82a0d-69fc-4d87-a6d1-ec924f6828ee] Routing FlowFile[0,90490991194738.mockFlowFile,9B] to original
[pool-2323-thread-1] INFO org.apache.nifi.processors.standard.RouteText - RouteText[id=38a82a0d-69fc-4d87-a6d1-ec924f6828ee] Created FlowFile[3,90490991237287.mockFlowFile,15B] from FlowFile[1,90490991237287.mockFlowFile,15B]; routing to relationship unmatched
[pool-2323-thread-1] INFO org.apache.nifi.processors.standard.RouteText - RouteText[id=38a82a0d-69fc-4d87-a6d1-ec924f6828ee] Routing FlowFile[1,90490991237287.mockFlowFile,15B] to original
[main] DEBUG org.apache.nifi.processors.standard.RouteText - RouteText[id=38a82a0d-69fc-4d87-a6d1-ec924f6828ee] Adding new dynamic property: PropertyDescriptor[simple]
[pool-2324-thread-1] INFO org.apache.nifi.processors.standard.RouteText - RouteText[id=38a82a0d-69fc-4d87-a6d1-ec924f6828ee] Created FlowFile[5,90490992975048.mockFlowFile,21B] from FlowFile[4,90490992975048.mockFlowFile,21B]; routing to relationship simple
[pool-2324-thread-1] INFO org.apache.nifi.processors.standard.RouteText - RouteText[id=38a82a0d-69fc-4d87-a6d1-ec924f6828ee] Routing FlowFile[4,90490992975048.mockFlowFile,21B] to original
[main] DEBUG org.apache.nifi.processors.standard.RouteText - RouteText[id=38a82a0d-69fc-4d87-a6d1-ec924f6828ee] Adding new dynamic property: PropertyDescriptor[simple]
[pool-2325-thread-1] INFO org.apache.nifi.processors.standard.RouteText - RouteText[id=38a82a0d-69fc-4d87-a6d1-ec924f6828ee] Created FlowFile[7,90490993714859.mockFlowFile,21B] from FlowFile[6,90490993714859.mockFlowFile,21B]; routing to relationship simple
[pool-2325-thread-1] INFO org.apache.nifi.processors.standard.RouteText - RouteText[id=38a82a0d-69fc-4d87-a6d1-ec924f6828ee] Routing FlowFile[6,90490993714859.mockFlowFile,21B] to original
[main] DEBUG org.apache.nifi.processors.standard.RouteText - RouteText[id=38a82a0d-69fc-4d87-a6d1-ec924f6828ee] Adding new dynamic property: PropertyDescriptor[simple]
[pool-2326-thread-1] INFO org.apache.nifi.processors.standard.RouteText - RouteText[id=38a82a0d-69fc-4d87-a6d1-ec924f6828ee] Created FlowFile[9,90490994339234.mockFlowFile,21B] from FlowFile[8,90490994339234.mockFlowFile,21B]; routing to relationship simple
[pool-2326-thread-1] INFO org.apache.nifi.processors.standard.RouteText - RouteText[id=38a82a0d-69fc-4d87-a6d1-ec924f6828ee] Routing FlowFile[8,90490994339234.mockFlowFile,21B] to original
[main] DEBUG org.apache.nifi.processors.standard.RouteText - RouteText[id=38a82a0d-69fc-4d87-a6d1-ec924f6828ee] Adding new dynamic property: PropertyDescriptor[simple]
[pool-2327-thread-1] INFO org.apache.nifi.processors.standard.RouteText - RouteText[id=38a82a0d-69fc-4d87-a6d1-ec924f6828ee] Created FlowFile[11,90490994927944.mockFlowFile,21B] from FlowFile[10,90490994927944.mockFlowFile,21B]; routing to relationship simple
[pool-2327-thread-1] INFO org.apache.nifi.processors.standard.RouteText - RouteText[id=38a82a0d-69fc-4d87-a6d1-ec924f6828ee] Routing FlowFile[10,90490994927944.mockFlowFile,21B] to original
[main] DEBUG org.apache.nifi.processors.standard.RouteText - RouteText[id=38a82a0d-69fc-4d87-a6d1-ec924f6828ee] Adding new dynamic property: PropertyDescriptor[simple]
[pool-2328-thread-1] INFO org.apache.nifi.processors.standard.RouteText - RouteText[id=38a82a0d-69fc-4d87-a6d1-ec924f6828ee] Created FlowFile[13,90490995639735.mockFlowFile,21B] from FlowFile[12,90490995639735.mockFlowFile,21B]; routing to relationship simple
[pool-2328-thread-1] INFO org.apache.nifi.processors.standard.RouteText - RouteText[id=38a82a0d-69fc-4d87-a6d1-ec924f6828ee] Routing FlowFile[12,90490995639735.mockFlowFile,21B] to original
[main] DEBUG org.apache.nifi.processors.standard.RouteText - RouteText[id=38a82a0d-69fc-4d87-a6d1-ec924f6828ee] Adding new dynamic property: PropertyDescriptor[simple]
[pool-2329-thread-1] INFO org.apache.nifi.processors.standard.RouteText - RouteText[id=38a82a0d-69fc-4d87-a6d1-ec924f6828ee] Created FlowFile[15,90490996249520.mockFlowFile,21B] from FlowFile[14,90490996249520.mockFlowFile,21B]; routing to relationship simple
[pool-2329-thread-1] INFO org.apache.nifi.processors.standard.RouteText - RouteText[id=38a82a0d-69fc-4d87-a6d1-ec924f6828ee] Routing FlowFile[14,90490996249520.mockFlowFile,21B] to original
[main] DEBUG org.apache.nifi.processors.standard.RouteText - RouteText[id=38a82a0d-69fc-4d87-a6d1-ec924f6828ee] Adding new dynamic property: PropertyDescriptor[simple]
[pool-2330-thread-1] INFO org.apache.nifi.processors.standard.RouteText - RouteText[id=38a82a0d-69fc-4d87-a6d1-ec924f6828ee] Created FlowFile[17,90490996984221.mockFlowFile,21B] from FlowFile[16,90490996984221.mockFlowFile,21B]; routing to relationship simple
[pool-2330-thread-1] INFO org.apache.nifi.processors.standard.RouteText - RouteText[id=38a82a0d-69fc-4d87-a6d1-ec924f6828ee] Routing FlowFile[16,90490996984221.mockFlowFile,21B] to original
[main] DEBUG org.apache.nifi.processors.standard.RouteText - RouteText[id=38a82a0d-69fc-4d87-a6d1-ec924f6828ee] Adding new dynamic property: PropertyDescriptor[simple]
[pool-2331-thread-1] INFO org.apache.nifi.processors.standard.RouteText - RouteText[id=38a82a0d-69fc-4d87-a6d1-ec924f6828ee] Created FlowFile[19,90490997704986.mockFlowFile,21B] from FlowFile[18,90490997704986.mockFlowFile,21B]; routing to relationship simple
[pool-2331-thread-1] INFO org.apache.nifi.processors.standard.RouteText - RouteText[id=38a82a0d-69fc-4d87-a6d1-ec924f6828ee] Routing FlowFile[18,90490997704986.mockFlowFile,21B] to original
[main] DEBUG org.apache.nifi.processors.standard.RouteText - RouteText[id=38a82a0d-69fc-4d87-a6d1-ec924f6828ee] Adding new dynamic property: PropertyDescriptor[simple]
[pool-2332-thread-1] INFO org.apache.nifi.processors.standard.RouteText - RouteText[id=38a82a0d-69fc-4d87-a6d1-ec924f6828ee] Created FlowFile[21,90490998340991.mockFlowFile,21B] from FlowFile[20,90490998340991.mockFlowFile,21B]; routing to relationship simple
[pool-2332-thread-1] INFO org.apache.nifi.processors.standard.RouteText - RouteText[id=38a82a0d-69fc-4d87-a6d1-ec924f6828ee] Routing FlowFile[20,90490998340991.mockFlowFile,21B] to original
[main] DEBUG org.apache.nifi.processors.standard.RouteText - RouteText[id=38a82a0d-69fc-4d87-a6d1-ec924f6828ee] Adding new dynamic property: PropertyDescriptor[simple]
[pool-2333-thread-1] INFO org.apache.nifi.processors.standard.RouteText - RouteText[id=38a82a0d-69fc-4d87-a6d1-ec924f6828ee] Created FlowFile[23,90490998905114.mockFlowFile,21B] from FlowFile[22,90490998905114.mockFlowFile,21B]; routing to relationship simple
[pool-2333-thread-1] INFO org.apache.nifi.processors.standard.RouteText - RouteText[id=38a82a0d-69fc-4d87-a6d1-ec924f6828ee] Routing FlowFile[22,90490998905114.mockFlowFile,21B] to original
[main] DEBUG org.apache.nifi.processors.standard.RouteText - RouteText[id=38a82a0d-69fc-4d87-a6d1-ec924f6828ee] Adding new dynamic property: PropertyDescriptor[simple]
[pool-2334-thread-1] INFO org.apache.nifi.processors.standard.RouteText - RouteText[id=38a82a0d-69fc-4d87-a6d1-ec924f6828ee] Created FlowFile[25,90490999531860.mockFlowFile,22B] from FlowFile[24,90490999531860.mockFlowFile,22B]; routing to relationship simple
[pool-2334-thread-1] INFO org.apache.nifi.processors.standard.RouteText - RouteText[id=38a82a0d-69fc-4d87-a6d1-ec924f6828ee] Routing FlowFile[24,90490999531860.mockFlowFile,22B] to original
[main] DEBUG org.apache.nifi.processors.standard.RouteText - RouteText[id=38a82a0d-69fc-4d87-a6d1-ec924f6828ee] Adding new dynamic property: PropertyDescriptor[simple]
[pool-2335-thread-1] INFO org.apache.nifi.processors.standard.RouteText - RouteText[id=38a82a0d-69fc-4d87-a6d1-ec924f6828ee] Created FlowFile[27,90491000305740.mockFlowFile,22B] from FlowFile[26,90491000305740.mockFlowFile,22B]; routing to relationship simple
[pool-2335-thread-1] INFO org.apache.nifi.processors.standard.RouteText - RouteText[id=38a82a0d-69fc-4d87-a6d1-ec924f6828ee] Routing FlowFile[26,90491000305740.mockFlowFile,22B] to original
[main] DEBUG org.apache.nifi.processors.standard.RouteText - RouteText[id=38a82a0d-69fc-4d87-a6d1-ec924f6828ee] Adding new dynamic property: PropertyDescriptor[simple]
[pool-2336-thread-1] INFO org.apache.nifi.processors.standard.RouteText - RouteText[id=38a82a0d-69fc-4d87-a6d1-ec924f6828ee] Created FlowFile[29,90491001086215.mockFlowFile,22B] from FlowFile[28,90491001086215.mockFlowFile,22B]; routing to relationship simple
[pool-2336-thread-1] INFO org.apache.nifi.processors.standard.RouteText - RouteText[id=38a82a0d-69fc-4d87-a6d1-ec924f6828ee] Routing FlowFile[28,90491001086215.mockFlowFile,22B] to original
[main] DEBUG org.apache.nifi.processors.standard.RouteText - RouteText[id=38a82a0d-69fc-4d87-a6d1-ec924f6828ee] Adding new dynamic property: PropertyDescriptor[simple]
[pool-2337-thread-1] INFO org.apache.nifi.processors.standard.RouteText - RouteText[id=38a82a0d-69fc-4d87-a6d1-ec924f6828ee] Created FlowFile[31,90491001956617.mockFlowFile,22B] from FlowFile[30,90491001956617.mockFlowFile,22B]; routing to relationship simple
[pool-2337-thread-1] INFO org.apache.nifi.processors.standard.RouteText - RouteText[id=38a82a0d-69fc-4d87-a6d1-ec924f6828ee] Routing FlowFile[30,90491001956617.mockFlowFile,22B] to original
[main] DEBUG org.apache.nifi.processors.standard.RouteText - RouteText[id=38a82a0d-69fc-4d87-a6d1-ec924f6828ee] Adding new dynamic property: PropertyDescriptor[simple]
[pool-2338-thread-1] INFO org.apache.nifi.processors.standard.RouteText - RouteText[id=38a82a0d-69fc-4d87-a6d1-ec924f6828ee] Created FlowFile[33,90491002818468.mockFlowFile,22B] from FlowFile[32,90491002818468.mockFlowFile,22B]; routing to relationship simple
[pool-2338-thread-1] INFO org.apache.nifi.processors.standard.RouteText - RouteText[id=38a82a0d-69fc-4d87-a6d1-ec924f6828ee] Routing FlowFile[32,90491002818468.mockFlowFile,22B] to original
[main] DEBUG org.apache.nifi.processors.standard.RouteText - RouteText[id=38a82a0d-69fc-4d87-a6d1-ec924f6828ee] Adding new dynamic property: PropertyDescriptor[simple]
[pool-2339-thread-1] INFO org.apache.nifi.processors.standard.RouteText - RouteText[id=38a82a0d-69fc-4d87-a6d1-ec924f6828ee] Created FlowFile[35,90491003683523.mockFlowFile,22B] from FlowFile[34,90491003683523.mockFlowFile,22B]; routing to relationship simple
[pool-2339-thread-1] INFO org.apache.nifi.processors.standard.RouteText - RouteText[id=38a82a0d-69fc-4d87-a6d1-ec924f6828ee] Routing FlowFile[34,90491003683523.mockFlowFile,22B] to original
[main] DEBUG org.apache.nifi.processors.standard.RouteText - RouteText[id=38a82a0d-69fc-4d87-a6d1-ec924f6828ee] Adding new dynamic property: PropertyDescriptor[simple]
[pool-2340-thread-1] INFO org.apache.nifi.processors.standard.RouteText - RouteText[id=38a82a0d-69fc-4d87-a6d1-ec924f6828ee] Created FlowFile[37,90491004156192.mockFlowFile,22B] from FlowFile[36,90491004156192.mockFlowFile,22B]; routing to relationship simple
[pool-2340-thread-1] INFO org.apache.nifi.processors.standard.RouteText - RouteText[id=38a82a0d-69fc-4d87-a6d1-ec924f6828ee] Routing FlowFile[36,90491004156192.mockFlowFile,22B] to original
[main] DEBUG org.apache.nifi.processors.standard.RouteText - RouteText[id=38a82a0d-69fc-4d87-a6d1-ec924f6828ee] Adding new dynamic property: PropertyDescriptor[simple]
[pool-2341-thread-1] INFO org.apache.nifi.processors.standard.RouteText - RouteText[id=38a82a0d-69fc-4d87-a6d1-ec924f6828ee] Created FlowFile[39,90491004733081.mockFlowFile,22B] from FlowFile[38,90491004733081.mockFlowFile,22B]; routing to relationship simple
[pool-2341-thread-1] INFO org.apache.nifi.processors.standard.RouteText - RouteText[id=38a82a0d-69fc-4d87-a6d1-ec924f6828ee] Routing FlowFile[38,90491004733081.mockFlowFile,22B] to original
[main] DEBUG org.apache.nifi.processors.standard.RouteText - RouteText[id=38a82a0d-69fc-4d87-a6d1-ec924f6828ee] Adding new dynamic property: PropertyDescriptor[simple]
[pool-2342-thread-1] INFO org.apache.nifi.processors.standard.RouteText - RouteText[id=38a82a0d-69fc-4d87-a6d1-ec924f6828ee] Created FlowFile[41,90491005338564.mockFlowFile,22B] from FlowFile[40,90491005338564.mockFlowFile,22B]; routing to relationship simple
[pool-2342-thread-1] INFO org.apache.nifi.processors.standard.RouteText - RouteText[id=38a82a0d-69fc-4d87-a6d1-ec924f6828ee] Routing FlowFile[40,90491005338564.mockFlowFile,22B] to original
[main] DEBUG org.apache.nifi.processors.standard.RouteText - RouteText[id=38a82a0d-69fc-4d87-a6d1-ec924f6828ee] Adding new dynamic property: PropertyDescriptor[simple]
[pool-2343-thread-1] INFO org.apache.nifi.processors.standard.RouteText - RouteText[id=38a82a0d-69fc-4d87-a6d1-ec924f6828ee] Created FlowFile[43,90491006075590.mockFlowFile,22B] from FlowFile[42,90491006075590.mockFlowFile,22B]; routing to relationship simple
[pool-2343-thread-1] INFO org.apache.nifi.processors.standard.RouteText - RouteText[id=38a82a0d-69fc-4d87-a6d1-ec924f6828ee] Routing FlowFile[42,90491006075590.mockFlowFile,22B] to original
[main] DEBUG org.apache.nifi.processors.standard.RouteText - RouteText[id=38a82a0d-69fc-4d87-a6d1-ec924f6828ee] Adding new dynamic property: PropertyDescriptor[simple]
[pool-2344-thread-1] INFO org.apache.nifi.processors.standard.RouteText - RouteText[id=38a82a0d-69fc-4d87-a6d1-ec924f6828ee] Created FlowFile[45,90491006645194.mockFlowFile,22B] from FlowFile[44,90491006645194.mockFlowFile,22B]; routing to relationship simple
[pool-2344-thread-1] INFO org.apache.nifi.processors.standard.RouteText - RouteText[id=38a82a0d-69fc-4d87-a6d1-ec924f6828ee] Routing FlowFile[44,90491006645194.mockFlowFile,22B] to original
[main] DEBUG org.apache.nifi.processors.standard.RouteText - RouteText[id=38a82a0d-69fc-4d87-a6d1-ec924f6828ee] Adding new dynamic property: PropertyDescriptor[simple]
[pool-2345-thread-1] INFO org.apache.nifi.processors.standard.RouteText - RouteText[id=38a82a0d-69fc-4d87-a6d1-ec924f6828ee] Created FlowFile[47,90491007100698.mockFlowFile,22B] from FlowFile[46,90491007100698.mockFlowFile,22B]; routing to relationship simple
[pool-2345-thread-1] INFO org.apache.nifi.processors.standard.RouteText - RouteText[id=38a82a0d-69fc-4d87-a6d1-ec924f6828ee] Routing FlowFile[46,90491007100698.mockFlowFile,22B] to original
[main] DEBUG org.apache.nifi.processors.standard.RouteText - RouteText[id=38a82a0d-69fc-4d87-a6d1-ec924f6828ee] Adding new dynamic property: PropertyDescriptor[simple]
[pool-2346-thread-1] INFO org.apache.nifi.processors.standard.RouteText - RouteText[id=38a82a0d-69fc-4d87-a6d1-ec924f6828ee] Created FlowFile[49,90491007578736.mockFlowFile,22B] from FlowFile[48,90491007578736.mockFlowFile,22B]; routing to relationship simple
[pool-2346-thread-1] INFO org.apache.nifi.processors.standard.RouteText - RouteText[id=38a82a0d-69fc-4d87-a6d1-ec924f6828ee] Routing FlowFile[48,90491007578736.mockFlowFile,22B] to original
[main] DEBUG org.apache.nifi.processors.standard.RouteText - RouteText[id=38a82a0d-69fc-4d87-a6d1-ec924f6828ee] Adding new dynamic property: PropertyDescriptor[simple]
[pool-2347-thread-1] INFO org.apache.nifi.processors.standard.RouteText - RouteText[id=38a82a0d-69fc-4d87-a6d1-ec924f6828ee] Created FlowFile[51,90491007983562.mockFlowFile,22B] from FlowFile[50,90491007983562.mockFlowFile,22B]; routing to relationship simple
[pool-2347-thread-1] INFO org.apache.nifi.processors.standard.RouteText - RouteText[id=38a82a0d-69fc-4d87-a6d1-ec924f6828ee] Routing FlowFile[50,90491007983562.mockFlowFile,22B] to original
[main] DEBUG org.apache.nifi.processors.standard.RouteText - RouteText[id=38a82a0d-69fc-4d87-a6d1-ec924f6828ee] Adding new dynamic property: PropertyDescriptor[simple]
[pool-2348-thread-1] INFO org.apache.nifi.processors.standard.RouteText - RouteText[id=38a82a0d-69fc-4d87-a6d1-ec924f6828ee] Created FlowFile[53,90491008745211.mockFlowFile,22B] from FlowFile[52,90491008745211.mockFlowFile,22B]; routing to relationship simple
[pool-2348-thread-1] INFO org.apache.nifi.processors.standard.RouteText - RouteText[id=38a82a0d-69fc-4d87-a6d1-ec924f6828ee] Routing FlowFile[52,90491008745211.mockFlowFile,22B] to original
[main] DEBUG org.apache.nifi.processors.standard.RouteText - RouteText[id=38a82a0d-69fc-4d87-a6d1-ec924f6828ee] Adding new dynamic property: PropertyDescriptor[simple]
[pool-2349-thread-1] INFO org.apache.nifi.processors.standard.RouteText - RouteText[id=38a82a0d-69fc-4d87-a6d1-ec924f6828ee] Created FlowFile[55,90491009479521.mockFlowFile,22B] from FlowFile[54,90491009479521.mockFlowFile,22B]; routing to relationship simple
[pool-2349-thread-1] INFO org.apache.nifi.processors.standard.RouteText - RouteText[id=38a82a0d-69fc-4d87-a6d1-ec924f6828ee] Routing FlowFile[54,90491009479521.mockFlowFile,22B] to original
[main] DEBUG org.apache.nifi.processors.standard.RouteText - RouteText[id=38a82a0d-69fc-4d87-a6d1-ec924f6828ee] Adding new dynamic property: PropertyDescriptor[simple]
[pool-2350-thread-1] INFO org.apache.nifi.processors.standard.RouteText - RouteText[id=38a82a0d-69fc-4d87-a6d1-ec924f6828ee] Created FlowFile[57,90491010065071.mockFlowFile,22B] from FlowFile[56,90491010065071.mockFlowFile,22B]; routing to relationship simple
[pool-2350-thread-1] INFO org.apache.nifi.processors.standard.RouteText - RouteText[id=38a82a0d-69fc-4d87-a6d1-ec924f6828ee] Routing FlowFile[56,90491010065071.mockFlowFile,22B] to original
[main] DEBUG org.apache.nifi.processors.standard.RouteText - RouteText[id=38a82a0d-69fc-4d87-a6d1-ec924f6828ee] Adding new dynamic property: PropertyDescriptor[simple]
[pool-2351-thread-1] INFO org.apache.nifi.processors.standard.RouteText - RouteText[id=38a82a0d-69fc-4d87-a6d1-ec924f6828ee] Created FlowFile[59,90491010607361.mockFlowFile,22B] from FlowFile[58,90491010607361.mockFlowFile,22B]; routing to relationship simple
[pool-2351-thread-1] INFO org.apache.nifi.processors.standard.RouteText - RouteText[id=38a82a0d-69fc-4d87-a6d1-ec924f6828ee] Routing FlowFile[58,90491010607361.mockFlowFile,22B] to original
[main] DEBUG org.apache.nifi.processors.standard.RouteText - RouteText[id=38a82a0d-69fc-4d87-a6d1-ec924f6828ee] Adding new dynamic property: PropertyDescriptor[simple]
[pool-2352-thread-1] INFO org.apache.nifi.processors.standard.RouteText - RouteText[id=38a82a0d-69fc-4d87-a6d1-ec924f6828ee] Created FlowFile[61,90491011027375.mockFlowFile,22B] from FlowFile[60,90491011027375.mockFlowFile,22B]; routing to relationship simple
[pool-2352-thread-1] INFO org.apache.nifi.processors.standard.RouteText - RouteText[id=38a82a0d-69fc-4d87-a6d1-ec924f6828ee] Routing FlowFile[60,90491011027375.mockFlowFile,22B] to original
[main] DEBUG org.apache.nifi.processors.standard.RouteText - RouteText[id=38a82a0d-69fc-4d87-a6d1-ec924f6828ee] Adding new dynamic property: PropertyDescriptor[simple]
[pool-2353-thread-1] INFO org.apache.nifi.processors.standard.RouteText - RouteText[id=38a82a0d-69fc-4d87-a6d1-ec924f6828ee] Created FlowFile[63,90491011550284.mockFlowFile,22B] from FlowFile[62,90491011550284.mockFlowFile,22B]; routing to relationship simple
[pool-2353-thread-1] INFO org.apache.nifi.processors.standard.RouteText - RouteText[id=38a82a0d-69fc-4d87-a6d1-ec924f6828ee] Routing FlowFile[62,90491011550284.mockFlowFile,22B] to original
[main] DEBUG org.apache.nifi.processors.standard.RouteText - RouteText[id=38a82a0d-69fc-4d87-a6d1-ec924f6828ee] Adding new dynamic property: PropertyDescriptor[simple]
[pool-2354-thread-1] INFO org.apache.nifi.processors.standard.RouteText - RouteText[id=38a82a0d-69fc-4d87-a6d1-ec924f6828ee] Created FlowFile[65,90491011973785.mockFlowFile,22B] from FlowFile[64,90491011973785.mockFlowFile,22B]; routing to relationship simple
[pool-2354-thread-1] INFO org.apache.nifi.processors.standard.RouteText - RouteText[id=38a82a0d-69fc-4d87-a6d1-ec924f6828ee] Routing FlowFile[64,90491011973785.mockFlowFile,22B] to original
[main] DEBUG org.apache.nifi.processors.standard.RouteText - RouteText[id=38a82a0d-69fc-4d87-a6d1-ec924f6828ee] Adding new dynamic property: PropertyDescriptor[simple]
[pool-2355-thread-1] INFO org.apache.nifi.processors.standard.RouteText - RouteText[id=38a82a0d-69fc-4d87-a6d1-ec924f6828ee] Created FlowFile[67,90491012622428.mockFlowFile,22B] from FlowFile[66,90491012622428.mockFlowFile,22B]; routing to relationship simple
[pool-2355-thread-1] INFO org.apache.nifi.processors.standard.RouteText - RouteText[id=38a82a0d-69fc-4d87-a6d1-ec924f6828ee] Routing FlowFile[66,90491012622428.mockFlowFile,22B] to original
[main] DEBUG org.apache.nifi.processors.standard.RouteText - RouteText[id=38a82a0d-69fc-4d87-a6d1-ec924f6828ee] Adding new dynamic property: PropertyDescriptor[simple]
[pool-2356-thread-1] INFO org.apache.nifi.processors.standard.RouteText - RouteText[id=38a82a0d-69fc-4d87-a6d1-ec924f6828ee] Created FlowFile[69,90491013142814.mockFlowFile,22B] from FlowFile[68,90491013142814.mockFlowFile,22B]; routing to relationship simple
[pool-2356-thread-1] INFO org.apache.nifi.processors.standard.RouteText - RouteText[id=38a82a0d-69fc-4d87-a6d1-ec924f6828ee] Routing FlowFile[68,90491013142814.mockFlowFile,22B] to original
[main] DEBUG org.apache.nifi.processors.standard.RouteText - RouteText[id=38a82a0d-69fc-4d87-a6d1-ec924f6828ee] Adding new dynamic property: PropertyDescriptor[simple]
[pool-2357-thread-1] INFO org.apache.nifi.processors.standard.RouteText - RouteText[id=38a82a0d-69fc-4d87-a6d1-ec924f6828ee] Created FlowFile[71,90491013618104.mockFlowFile,22B] from FlowFile[70,90491013618104.mockFlowFile,22B]; routing to relationship simple
[pool-2357-thread-1] INFO org.apache.nifi.processors.standard.RouteText - RouteText[id=38a82a0d-69fc-4d87-a6d1-ec924f6828ee] Routing FlowFile[70,90491013618104.mockFlowFile,22B] to original
[main] DEBUG org.apache.nifi.processors.standard.RouteText - RouteText[id=38a82a0d-69fc-4d87-a6d1-ec924f6828ee] Adding new dynamic property: PropertyDescriptor[simple]
[pool-2358-thread-1] INFO org.apache.nifi.processors.standard.RouteText - RouteText[id=38a82a0d-69fc-4d87-a6d1-ec924f6828ee] Created FlowFile[73,90491014129298.mockFlowFile,22B] from FlowFile[72,90491014129298.mockFlowFile,22B]; routing to relationship simple
[pool-2358-thread-1] INFO org.apache.nifi.processors.standard.RouteText - RouteText[id=38a82a0d-69fc-4d87-a6d1-ec924f6828ee] Routing FlowFile[72,90491014129298.mockFlowFile,22B] to original
[main] DEBUG org.apache.nifi.processors.standard.RouteText - RouteText[id=38a82a0d-69fc-4d87-a6d1-ec924f6828ee] Adding new dynamic property: PropertyDescriptor[simple]
[pool-2359-thread-1] INFO org.apache.nifi.processors.standard.RouteText - RouteText[id=38a82a0d-69fc-4d87-a6d1-ec924f6828ee] Created FlowFile[75,90491014632108.mockFlowFile,22B] from FlowFile[74,90491014632108.mockFlowFile,22B]; routing to relationship simple
[pool-2359-thread-1] INFO org.apache.nifi.processors.standard.RouteText - RouteText[id=38a82a0d-69fc-4d87-a6d1-ec924f6828ee] Routing FlowFile[74,90491014632108.mockFlowFile,22B] to original
[main] DEBUG org.apache.nifi.processors.standard.RouteText - RouteText[id=38a82a0d-69fc-4d87-a6d1-ec924f6828ee] Adding new dynamic property: PropertyDescriptor[simple]
[pool-2360-thread-1] INFO org.apache.nifi.processors.standard.RouteText - RouteText[id=38a82a0d-69fc-4d87-a6d1-ec924f6828ee] Created FlowFile[77,90491015102624.mockFlowFile,22B] from FlowFile[76,90491015102624.mockFlowFile,22B]; routing to relationship simple
[pool-2360-thread-1] INFO org.apache.nifi.processors.standard.RouteText - RouteText[id=38a82a0d-69fc-4d87-a6d1-ec924f6828ee] Routing FlowFile[76,90491015102624.mockFlowFile,22B] to original
[main] DEBUG org.apache.nifi.processors.standard.RouteText - RouteText[id=38a82a0d-69fc-4d87-a6d1-ec924f6828ee] Adding new dynamic property: PropertyDescriptor[simple]
[pool-2361-thread-1] INFO org.apache.nifi.processors.standard.RouteText - RouteText[id=38a82a0d-69fc-4d87-a6d1-ec924f6828ee] Created FlowFile[79,90491015662371.mockFlowFile,22B] from FlowFile[78,90491015662371.mockFlowFile,22B]; routing to relationship simple
[pool-2361-thread-1] INFO org.apache.nifi.processors.standard.RouteText - RouteText[id=38a82a0d-69fc-4d87-a6d1-ec924f6828ee] Routing FlowFile[78,90491015662371.mockFlowFile,22B] to original
[main] DEBUG org.apache.nifi.processors.standard.RouteText - RouteText[id=38a82a0d-69fc-4d87-a6d1-ec924f6828ee] Adding new dynamic property: PropertyDescriptor[simple]
[pool-2362-thread-1] INFO org.apache.nifi.processors.standard.RouteText - RouteText[id=38a82a0d-69fc-4d87-a6d1-ec924f6828ee] Created FlowFile[81,90491016175776.mockFlowFile,22B] from FlowFile[80,90491016175776.mockFlowFile,22B]; routing to relationship simple
[pool-2362-thread-1] INFO org.apache.nifi.processors.standard.RouteText - RouteText[id=38a82a0d-69fc-4d87-a6d1-ec924f6828ee] Routing FlowFile[80,90491016175776.mockFlowFile,22B] to original
[main] DEBUG org.apache.nifi.processors.standard.RouteText - RouteText[id=38a82a0d-69fc-4d87-a6d1-ec924f6828ee] Adding new dynamic property: PropertyDescriptor[simple]
[pool-2363-thread-1] INFO org.apache.nifi.processors.standard.RouteText - RouteText[id=38a82a0d-69fc-4d87-a6d1-ec924f6828ee] Created FlowFile[83,90491016734023.mockFlowFile,22B] from FlowFile[82,90491016734023.mockFlowFile,22B]; routing to relationship simple
[pool-2363-thread-1] INFO org.apache.nifi.processors.standard.RouteText - RouteText[id=38a82a0d-69fc-4d87-a6d1-ec924f6828ee] Routing FlowFile[82,90491016734023.mockFlowFile,22B] to original
[main] DEBUG org.apache.nifi.processors.standard.RouteText - RouteText[id=38a82a0d-69fc-4d87-a6d1-ec924f6828ee] Adding new dynamic property: PropertyDescriptor[simple]
[pool-2364-thread-1] INFO org.apache.nifi.processors.standard.RouteText - RouteText[id=38a82a0d-69fc-4d87-a6d1-ec924f6828ee] Created FlowFile[85,90491017256116.mockFlowFile,22B] from FlowFile[84,90491017256116.mockFlowFile,22B]; routing to relationship simple
[pool-2364-thread-1] INFO org.apache.nifi.processors.standard.RouteText - RouteText[id=38a82a0d-69fc-4d87-a6d1-ec924f6828ee] Routing FlowFile[84,90491017256116.mockFlowFile,22B] to original
[main] DEBUG org.apache.nifi.processors.standard.RouteText - RouteText[id=38a82a0d-69fc-4d87-a6d1-ec924f6828ee] Adding new dynamic property: PropertyDescriptor[simple]
[pool-2365-thread-1] INFO org.apache.nifi.processors.standard.RouteText - RouteText[id=38a82a0d-69fc-4d87-a6d1-ec924f6828ee] Created FlowFile[87,90491017737639.mockFlowFile,22B] from FlowFile[86,90491017737639.mockFlowFile,22B]; routing to relationship simple
[pool-2365-thread-1] INFO org.apache.nifi.processors.standard.RouteText - RouteText[id=38a82a0d-69fc-4d87-a6d1-ec924f6828ee] Routing FlowFile[86,90491017737639.mockFlowFile,22B] to original
[main] DEBUG org.apache.nifi.processors.standard.RouteText - RouteText[id=38a82a0d-69fc-4d87-a6d1-ec924f6828ee] Adding new dynamic property: PropertyDescriptor[simple]
[pool-2366-thread-1] INFO org.apache.nifi.processors.standard.RouteText - RouteText[id=38a82a0d-69fc-4d87-a6d1-ec924f6828ee] Created FlowFile[89,90491018271714.mockFlowFile,22B] from FlowFile[88,90491018271714.mockFlowFile,22B]; routing to relationship simple
[pool-2366-thread-1] INFO org.apache.nifi.processors.standard.RouteText - RouteText[id=38a82a0d-69fc-4d87-a6d1-ec924f6828ee] Routing FlowFile[88,90491018271714.mockFlowFile,22B] to original
[main] DEBUG org.apache.nifi.processors.standard.RouteText - RouteText[id=38a82a0d-69fc-4d87-a6d1-ec924f6828ee] Adding new dynamic property: PropertyDescriptor[simple]
[pool-2367-thread-1] INFO org.apache.nifi.processors.standard.RouteText - RouteText[id=38a82a0d-69fc-4d87-a6d1-ec924f6828ee] Created FlowFile[91,90491018667939.mockFlowFile,22B] from FlowFile[90,90491018667939.mockFlowFile,22B]; routing to relationship simple
[pool-2367-thread-1] INFO org.apache.nifi.processors.standard.RouteText - RouteText[id=38a82a0d-69fc-4d87-a6d1-ec924f6828ee] Routing FlowFile[90,90491018667939.mockFlowFile,22B] to original
[main] DEBUG org.apache.nifi.processors.standard.RouteText - RouteText[id=38a82a0d-69fc-4d87-a6d1-ec924f6828ee] Adding new dynamic property: PropertyDescriptor[simple]
[pool-2368-thread-1] INFO org.apache.nifi.processors.standard.RouteText - RouteText[id=38a82a0d-69fc-4d87-a6d1-ec924f6828ee] Created FlowFile[93,90491019078188.mockFlowFile,22B] from FlowFile[92,90491019078188.mockFlowFile,22B]; routing to relationship simple
[pool-2368-thread-1] INFO org.apache.nifi.processors.standard.RouteText - RouteText[id=38a82a0d-69fc-4d87-a6d1-ec924f6828ee] Routing FlowFile[92,90491019078188.mockFlowFile,22B] to original
[main] DEBUG org.apache.nifi.processors.standard.RouteText - RouteText[id=38a82a0d-69fc-4d87-a6d1-ec924f6828ee] Adding new dynamic property: PropertyDescriptor[simple]
[pool-2369-thread-1] INFO org.apache.nifi.processors.standard.RouteText - RouteText[id=38a82a0d-69fc-4d87-a6d1-ec924f6828ee] Created FlowFile[95,90491019651776.mockFlowFile,22B] from FlowFile[94,90491019651776.mockFlowFile,22B]; routing to relationship simple
[pool-2369-thread-1] INFO org.apache.nifi.processors.standard.RouteText - RouteText[id=38a82a0d-69fc-4d87-a6d1-ec924f6828ee] Routing FlowFile[94,90491019651776.mockFlowFile,22B] to original
[main] DEBUG org.apache.nifi.processors.standard.RouteText - RouteText[id=38a82a0d-69fc-4d87-a6d1-ec924f6828ee] Adding new dynamic property: PropertyDescriptor[simple]
[pool-2370-thread-1] INFO org.apache.nifi.processors.standard.RouteText - RouteText[id=38a82a0d-69fc-4d87-a6d1-ec924f6828ee] Created FlowFile[97,90491020219707.mockFlowFile,22B] from FlowFile[96,90491020219707.mockFlowFile,22B]; routing to relationship simple
[pool-2370-thread-1] INFO org.apache.nifi.processors.standard.RouteText - RouteText[id=38a82a0d-69fc-4d87-a6d1-ec924f6828ee] Routing FlowFile[96,90491020219707.mockFlowFile,22B] to original
[main] DEBUG org.apache.nifi.processors.standard.RouteText - RouteText[id=38a82a0d-69fc-4d87-a6d1-ec924f6828ee] Adding new dynamic property: PropertyDescriptor[simple]
[pool-2371-thread-1] INFO org.apache.nifi.processors.standard.RouteText - RouteText[id=38a82a0d-69fc-4d87-a6d1-ec924f6828ee] Created FlowFile[99,90491020747406.mockFlowFile,22B] from FlowFile[98,90491020747406.mockFlowFile,22B]; routing to relationship simple
[pool-2371-thread-1] INFO org.apache.nifi.processors.standard.RouteText - RouteText[id=38a82a0d-69fc-4d87-a6d1-ec924f6828ee] Routing FlowFile[98,90491020747406.mockFlowFile,22B] to original
[main] DEBUG org.apache.nifi.processors.standard.RouteText - RouteText[id=38a82a0d-69fc-4d87-a6d1-ec924f6828ee] Adding new dynamic property: PropertyDescriptor[simple]
[pool-2372-thread-1] INFO org.apache.nifi.processors.standard.RouteText - RouteText[id=38a82a0d-69fc-4d87-a6d1-ec924f6828ee] Created FlowFile[101,90491021323544.mockFlowFile,22B] from FlowFile[100,90491021323544.mockFlowFile,22B]; routing to relationship simple
[pool-2372-thread-1] INFO org.apache.nifi.processors.standard.RouteText - RouteText[id=38a82a0d-69fc-4d87-a6d1-ec924f6828ee] Routing FlowFile[100,90491021323544.mockFlowFile,22B] to original
[main] DEBUG org.apache.nifi.processors.standard.RouteText - RouteText[id=38a82a0d-69fc-4d87-a6d1-ec924f6828ee] Adding new dynamic property: PropertyDescriptor[simple]
[pool-2373-thread-1] INFO org.apache.nifi.processors.standard.RouteText - RouteText[id=38a82a0d-69fc-4d87-a6d1-ec924f6828ee] Created FlowFile[103,90491021818551.mockFlowFile,22B] from FlowFile[102,90491021818551.mockFlowFile,22B]; routing to relationship simple
[pool-2373-thread-1] INFO org.apache.nifi.processors.standard.RouteText - RouteText[id=38a82a0d-69fc-4d87-a6d1-ec924f6828ee] Routing FlowFile[102,90491021818551.mockFlowFile,22B] to original
[main] DEBUG org.apache.nifi.processors.standard.RouteText - RouteText[id=38a82a0d-69fc-4d87-a6d1-ec924f6828ee] Adding new dynamic property: PropertyDescriptor[simple]
[pool-2374-thread-1] INFO org.apache.nifi.processors.standard.RouteText - RouteText[id=38a82a0d-69fc-4d87-a6d1-ec924f6828ee] Created FlowFile[105,90491022804997.mockFlowFile,22B] from FlowFile[104,90491022804997.mockFlowFile,22B]; routing to relationship simple
[pool-2374-thread-1] INFO org.apache.nifi.processors.standard.RouteText - RouteText[id=38a82a0d-69fc-4d87-a6d1-ec924f6828ee] Routing FlowFile[104,90491022804997.mockFlowFile,22B] to original
[main] DEBUG org.apache.nifi.processors.standard.RouteText - RouteText[id=38a82a0d-69fc-4d87-a6d1-ec924f6828ee] Adding new dynamic property: PropertyDescriptor[simple]
[pool-2375-thread-1] INFO org.apache.nifi.processors.standard.RouteText - RouteText[id=38a82a0d-69fc-4d87-a6d1-ec924f6828ee] Created FlowFile[107,90491023401301.mockFlowFile,22B] from FlowFile[106,90491023401301.mockFlowFile,22B]; routing to relationship simple
[pool-2375-thread-1] INFO org.apache.nifi.processors.standard.RouteText - RouteText[id=38a82a0d-69fc-4d87-a6d1-ec924f6828ee] Routing FlowFile[106,90491023401301.mockFlowFile,22B] to original
[main] DEBUG org.apache.nifi.processors.standard.RouteText - RouteText[id=38a82a0d-69fc-4d87-a6d1-ec924f6828ee] Adding new dynamic property: PropertyDescriptor[simple]
[pool-2376-thread-1] INFO org.apache.nifi.processors.standard.RouteText - RouteText[id=38a82a0d-69fc-4d87-a6d1-ec924f6828ee] Created FlowFile[109,90491023904388.mockFlowFile,22B] from FlowFile[108,90491023904388.mockFlowFile,22B]; routing to relationship simple
[pool-2376-thread-1] INFO org.apache.nifi.processors.standard.RouteText - RouteText[id=38a82a0d-69fc-4d87-a6d1-ec924f6828ee] Routing FlowFile[108,90491023904388.mockFlowFile,22B] to original
[main] DEBUG org.apache.nifi.processors.standard.RouteText - RouteText[id=38a82a0d-69fc-4d87-a6d1-ec924f6828ee] Adding new dynamic property: PropertyDescriptor[simple]
[pool-2377-thread-1] INFO org.apache.nifi.processors.standard.RouteText - RouteText[id=38a82a0d-69fc-4d87-a6d1-ec924f6828ee] Created FlowFile[111,90491024512935.mockFlowFile,22B] from FlowFile[110,90491024512935.mockFlowFile,22B]; routing to relationship simple
[pool-2377-thread-1] INFO org.apache.nifi.processors.standard.RouteText - RouteText[id=38a82a0d-69fc-4d87-a6d1-ec924f6828ee] Routing FlowFile[110,90491024512935.mockFlowFile,22B] to original
[main] DEBUG org.apache.nifi.processors.standard.RouteText - RouteText[id=38a82a0d-69fc-4d87-a6d1-ec924f6828ee] Adding new dynamic property: PropertyDescriptor[simple]
[pool-2378-thread-1] INFO org.apache.nifi.processors.standard.RouteText - RouteText[id=38a82a0d-69fc-4d87-a6d1-ec924f6828ee] Created FlowFile[113,90491024956360.mockFlowFile,22B] from FlowFile[112,90491024956360.mockFlowFile,22B]; routing to relationship simple
[pool-2378-thread-1] INFO org.apache.nifi.processors.standard.RouteText - RouteText[id=38a82a0d-69fc-4d87-a6d1-ec924f6828ee] Routing FlowFile[112,90491024956360.mockFlowFile,22B] to original
[main] DEBUG org.apache.nifi.processors.standard.RouteText - RouteText[id=38a82a0d-69fc-4d87-a6d1-ec924f6828ee] Adding new dynamic property: PropertyDescriptor[simple]
[pool-2379-thread-1] INFO org.apache.nifi.processors.standard.RouteText - RouteText[id=38a82a0d-69fc-4d87-a6d1-ec924f6828ee] Created FlowFile[115,90491025846046.mockFlowFile,22B] from FlowFile[114,90491025846046.mockFlowFile,22B]; routing to relationship simple
[pool-2379-thread-1] INFO org.apache.nifi.processors.standard.RouteText - RouteText[id=38a82a0d-69fc-4d87-a6d1-ec924f6828ee] Routing FlowFile[114,90491025846046.mockFlowFile,22B] to original
[main] DEBUG org.apache.nifi.processors.standard.RouteText - RouteText[id=38a82a0d-69fc-4d87-a6d1-ec924f6828ee] Adding new dynamic property: PropertyDescriptor[simple]
[pool-2380-thread-1] INFO org.apache.nifi.processors.standard.RouteText - RouteText[id=38a82a0d-69fc-4d87-a6d1-ec924f6828ee] Created FlowFile[117,90491026600308.mockFlowFile,22B] from FlowFile[116,90491026600308.mockFlowFile,22B]; routing to relationship simple
[pool-2380-thread-1] INFO org.apache.nifi.processors.standard.RouteText - RouteText[id=38a82a0d-69fc-4d87-a6d1-ec924f6828ee] Routing FlowFile[116,90491026600308.mockFlowFile,22B] to original
[main] DEBUG org.apache.nifi.processors.standard.RouteText - RouteText[id=38a82a0d-69fc-4d87-a6d1-ec924f6828ee] Adding new dynamic property: PropertyDescriptor[simple]
[pool-2381-thread-1] INFO org.apache.nifi.processors.standard.RouteText - RouteText[id=38a82a0d-69fc-4d87-a6d1-ec924f6828ee] Created FlowFile[119,90491027488857.mockFlowFile,22B] from FlowFile[118,90491027488857.mockFlowFile,22B]; routing to relationship simple
[pool-2381-thread-1] INFO org.apache.nifi.processors.standard.RouteText - RouteText[id=38a82a0d-69fc-4d87-a6d1-ec924f6828ee] Routing FlowFile[118,90491027488857.mockFlowFile,22B] to original
[main] DEBUG org.apache.nifi.processors.standard.RouteText - RouteText[id=38a82a0d-69fc-4d87-a6d1-ec924f6828ee] Adding new dynamic property: PropertyDescriptor[simple]
[pool-2382-thread-1] INFO org.apache.nifi.processors.standard.RouteText - RouteText[id=38a82a0d-69fc-4d87-a6d1-ec924f6828ee] Created FlowFile[121,90491028094035.mockFlowFile,22B] from FlowFile[120,90491028094035.mockFlowFile,22B]; routing to relationship simple
[pool-2382-thread-1] INFO org.apache.nifi.processors.standard.RouteText - RouteText[id=38a82a0d-69fc-4d87-a6d1-ec924f6828ee] Routing FlowFile[120,90491028094035.mockFlowFile,22B] to original
[main] DEBUG org.apache.nifi.processors.standard.RouteText - RouteText[id=38a82a0d-69fc-4d87-a6d1-ec924f6828ee] Adding new dynamic property: PropertyDescriptor[simple]
[pool-2383-thread-1] INFO org.apache.nifi.processors.standard.RouteText - RouteText[id=38a82a0d-69fc-4d87-a6d1-ec924f6828ee] Created FlowFile[123,90491028805647.mockFlowFile,22B] from FlowFile[122,90491028805647.mockFlowFile,22B]; routing to relationship simple
[pool-2383-thread-1] INFO org.apache.nifi.processors.standard.RouteText - RouteText[id=38a82a0d-69fc-4d87-a6d1-ec924f6828ee] Routing FlowFile[122,90491028805647.mockFlowFile,22B] to original
[main] DEBUG org.apache.nifi.processors.standard.RouteText - RouteText[id=38a82a0d-69fc-4d87-a6d1-ec924f6828ee] Adding new dynamic property: PropertyDescriptor[simple]
[pool-2384-thread-1] INFO org.apache.nifi.processors.standard.RouteText - RouteText[id=38a82a0d-69fc-4d87-a6d1-ec924f6828ee] Created FlowFile[125,90491029516229.mockFlowFile,22B] from FlowFile[124,90491029516229.mockFlowFile,22B]; routing to relationship simple
[pool-2384-thread-1] INFO org.apache.nifi.processors.standard.RouteText - RouteText[id=38a82a0d-69fc-4d87-a6d1-ec924f6828ee] Routing FlowFile[124,90491029516229.mockFlowFile,22B] to original
[main] DEBUG org.apache.nifi.processors.standard.RouteText - RouteText[id=38a82a0d-69fc-4d87-a6d1-ec924f6828ee] Adding new dynamic property: PropertyDescriptor[simple]
[pool-2385-thread-1] INFO org.apache.nifi.processors.standard.RouteText - RouteText[id=38a82a0d-69fc-4d87-a6d1-ec924f6828ee] Created FlowFile[127,90491030179450.mockFlowFile,22B] from FlowFile[126,90491030179450.mockFlowFile,22B]; routing to relationship simple
[pool-2385-thread-1] INFO org.apache.nifi.processors.standard.RouteText - RouteText[id=38a82a0d-69fc-4d87-a6d1-ec924f6828ee] Routing FlowFile[126,90491030179450.mockFlowFile,22B] to original
[main] DEBUG org.apache.nifi.processors.standard.RouteText - RouteText[id=38a82a0d-69fc-4d87-a6d1-ec924f6828ee] Adding new dynamic property: PropertyDescriptor[simple]
[pool-2386-thread-1] INFO org.apache.nifi.processors.standard.RouteText - RouteText[id=38a82a0d-69fc-4d87-a6d1-ec924f6828ee] Created FlowFile[129,90491030879899.mockFlowFile,22B] from FlowFile[128,90491030879899.mockFlowFile,22B]; routing to relationship simple
[pool-2386-thread-1] INFO org.apache.nifi.processors.standard.RouteText - RouteText[id=38a82a0d-69fc-4d87-a6d1-ec924f6828ee] Routing FlowFile[128,90491030879899.mockFlowFile,22B] to original
[main] DEBUG org.apache.nifi.processors.standard.RouteText - RouteText[id=38a82a0d-69fc-4d87-a6d1-ec924f6828ee] Adding new dynamic property: PropertyDescriptor[simple]
[pool-2387-thread-1] INFO org.apache.nifi.processors.standard.RouteText - RouteText[id=38a82a0d-69fc-4d87-a6d1-ec924f6828ee] Created FlowFile[131,90491031653259.mockFlowFile,22B] from FlowFile[130,90491031653259.mockFlowFile,22B]; routing to relationship simple
[pool-2387-thread-1] INFO org.apache.nifi.processors.standard.RouteText - RouteText[id=38a82a0d-69fc-4d87-a6d1-ec924f6828ee] Routing FlowFile[130,90491031653259.mockFlowFile,22B] to original
[main] DEBUG org.apache.nifi.processors.standard.RouteText - RouteText[id=38a82a0d-69fc-4d87-a6d1-ec924f6828ee] Adding new dynamic property: PropertyDescriptor[simple]
[pool-2388-thread-1] INFO org.apache.nifi.processors.standard.RouteText - RouteText[id=38a82a0d-69fc-4d87-a6d1-ec924f6828ee] Created FlowFile[133,90491032420421.mockFlowFile,22B] from FlowFile[132,90491032420421.mockFlowFile,22B]; routing to relationship simple
[pool-2388-thread-1] INFO org.apache.nifi.processors.standard.RouteText - RouteText[id=38a82a0d-69fc-4d87-a6d1-ec924f6828ee] Routing FlowFile[132,90491032420421.mockFlowFile,22B] to original
[main] DEBUG org.apache.nifi.processors.standard.RouteText - RouteText[id=38a82a0d-69fc-4d87-a6d1-ec924f6828ee] Adding new dynamic property: PropertyDescriptor[simple]
[pool-2389-thread-1] INFO org.apache.nifi.processors.standard.RouteText - RouteText[id=38a82a0d-69fc-4d87-a6d1-ec924f6828ee] Created FlowFile[135,90491033193218.mockFlowFile,22B] from FlowFile[134,90491033193218.mockFlowFile,22B]; routing to relationship simple
[pool-2389-thread-1] INFO org.apache.nifi.processors.standard.RouteText - RouteText[id=38a82a0d-69fc-4d87-a6d1-ec924f6828ee] Routing FlowFile[134,90491033193218.mockFlowFile,22B] to original
[main] DEBUG org.apache.nifi.processors.standard.RouteText - RouteText[id=38a82a0d-69fc-4d87-a6d1-ec924f6828ee] Adding new dynamic property: PropertyDescriptor[simple]
[pool-2390-thread-1] INFO org.apache.nifi.processors.standard.RouteText - RouteText[id=38a82a0d-69fc-4d87-a6d1-ec924f6828ee] Created FlowFile[137,90491033922419.mockFlowFile,22B] from FlowFile[136,90491033922419.mockFlowFile,22B]; routing to relationship simple
[pool-2390-thread-1] INFO org.apache.nifi.processors.standard.RouteText - RouteText[id=38a82a0d-69fc-4d87-a6d1-ec924f6828ee] Routing FlowFile[136,90491033922419.mockFlowFile,22B] to original
[main] DEBUG org.apache.nifi.processors.standard.RouteText - RouteText[id=38a82a0d-69fc-4d87-a6d1-ec924f6828ee] Adding new dynamic property: PropertyDescriptor[simple]
[pool-2391-thread-1] INFO org.apache.nifi.processors.standard.RouteText - RouteText[id=38a82a0d-69fc-4d87-a6d1-ec924f6828ee] Created FlowFile[139,90491034611000.mockFlowFile,22B] from FlowFile[138,90491034611000.mockFlowFile,22B]; routing to relationship simple
[pool-2391-thread-1] INFO org.apache.nifi.processors.standard.RouteText - RouteText[id=38a82a0d-69fc-4d87-a6d1-ec924f6828ee] Routing FlowFile[138,90491034611000.mockFlowFile,22B] to original
[main] DEBUG org.apache.nifi.processors.standard.RouteText - RouteText[id=38a82a0d-69fc-4d87-a6d1-ec924f6828ee] Adding new dynamic property: PropertyDescriptor[simple]
[pool-2392-thread-1] INFO org.apache.nifi.processors.standard.RouteText - RouteText[id=38a82a0d-69fc-4d87-a6d1-ec924f6828ee] Created FlowFile[141,90491035335060.mockFlowFile,22B] from FlowFile[140,90491035335060.mockFlowFile,22B]; routing to relationship simple
[pool-2392-thread-1] INFO org.apache.nifi.processors.standard.RouteText - RouteText[id=38a82a0d-69fc-4d87-a6d1-ec924f6828ee] Routing FlowFile[140,90491035335060.mockFlowFile,22B] to original
[main] DEBUG org.apache.nifi.processors.standard.RouteText - RouteText[id=38a82a0d-69fc-4d87-a6d1-ec924f6828ee] Adding new dynamic property: PropertyDescriptor[simple]
[pool-2393-thread-1] INFO org.apache.nifi.processors.standard.RouteText - RouteText[id=38a82a0d-69fc-4d87-a6d1-ec924f6828ee] Created FlowFile[143,90491035936921.mockFlowFile,22B] from FlowFile[142,90491035936921.mockFlowFile,22B]; routing to relationship simple
[pool-2393-thread-1] INFO org.apache.nifi.processors.standard.RouteText - RouteText[id=38a82a0d-69fc-4d87-a6d1-ec924f6828ee] Routing FlowFile[142,90491035936921.mockFlowFile,22B] to original
[main] DEBUG org.apache.nifi.processors.standard.RouteText - RouteText[id=38a82a0d-69fc-4d87-a6d1-ec924f6828ee] Adding new dynamic property: PropertyDescriptor[simple]
[pool-2394-thread-1] INFO org.apache.nifi.processors.standard.RouteText - RouteText[id=38a82a0d-69fc-4d87-a6d1-ec924f6828ee] Created FlowFile[145,90491036697393.mockFlowFile,22B] from FlowFile[144,90491036697393.mockFlowFile,22B]; routing to relationship simple
[pool-2394-thread-1] INFO org.apache.nifi.processors.standard.RouteText - RouteText[id=38a82a0d-69fc-4d87-a6d1-ec924f6828ee] Routing FlowFile[144,90491036697393.mockFlowFile,22B] to original
[main] DEBUG org.apache.nifi.processors.standard.RouteText - RouteText[id=38a82a0d-69fc-4d87-a6d1-ec924f6828ee] Adding new dynamic property: PropertyDescriptor[simple]
[pool-2395-thread-1] INFO org.apache.nifi.processors.standard.RouteText - RouteText[id=38a82a0d-69fc-4d87-a6d1-ec924f6828ee] Created FlowFile[147,90491037457293.mockFlowFile,22B] from FlowFile[146,90491037457293.mockFlowFile,22B]; routing to relationship simple
[pool-2395-thread-1] INFO org.apache.nifi.processors.standard.RouteText - RouteText[id=38a82a0d-69fc-4d87-a6d1-ec924f6828ee] Routing FlowFile[146,90491037457293.mockFlowFile,22B] to original
[main] DEBUG org.apache.nifi.processors.standard.RouteText - RouteText[id=38a82a0d-69fc-4d87-a6d1-ec924f6828ee] Adding new dynamic property: PropertyDescriptor[simple]
[pool-2396-thread-1] INFO org.apache.nifi.processors.standard.RouteText - RouteText[id=38a82a0d-69fc-4d87-a6d1-ec924f6828ee] Created FlowFile[149,90491038183031.mockFlowFile,22B] from FlowFile[148,90491038183031.mockFlowFile,22B]; routing to relationship simple
[pool-2396-thread-1] INFO org.apache.nifi.processors.standard.RouteText - RouteText[id=38a82a0d-69fc-4d87-a6d1-ec924f6828ee] Routing FlowFile[148,90491038183031.mockFlowFile,22B] to original
[main] DEBUG org.apache.nifi.processors.standard.RouteText - RouteText[id=38a82a0d-69fc-4d87-a6d1-ec924f6828ee] Adding new dynamic property: PropertyDescriptor[simple]
[pool-2397-thread-1] INFO org.apache.nifi.processors.standard.RouteText - RouteText[id=38a82a0d-69fc-4d87-a6d1-ec924f6828ee] Created FlowFile[151,90491038814430.mockFlowFile,22B] from FlowFile[150,90491038814430.mockFlowFile,22B]; routing to relationship simple
[pool-2397-thread-1] INFO org.apache.nifi.processors.standard.RouteText - RouteText[id=38a82a0d-69fc-4d87-a6d1-ec924f6828ee] Routing FlowFile[150,90491038814430.mockFlowFile,22B] to original
[main] DEBUG org.apache.nifi.processors.standard.RouteText - RouteText[id=38a82a0d-69fc-4d87-a6d1-ec924f6828ee] Adding new dynamic property: PropertyDescriptor[simple]
[pool-2398-thread-1] INFO org.apache.nifi.processors.standard.RouteText - RouteText[id=38a82a0d-69fc-4d87-a6d1-ec924f6828ee] Created FlowFile[153,90491039445638.mockFlowFile,22B] from FlowFile[152,90491039445638.mockFlowFile,22B]; routing to relationship simple
[pool-2398-thread-1] INFO org.apache.nifi.processors.standard.RouteText - RouteText[id=38a82a0d-69fc-4d87-a6d1-ec924f6828ee] Routing FlowFile[152,90491039445638.mockFlowFile,22B] to original
[main] DEBUG org.apache.nifi.processors.standard.RouteText - RouteText[id=38a82a0d-69fc-4d87-a6d1-ec924f6828ee] Adding new dynamic property: PropertyDescriptor[simple]
[pool-2399-thread-1] INFO org.apache.nifi.processors.standard.RouteText - RouteText[id=38a82a0d-69fc-4d87-a6d1-ec924f6828ee] Created FlowFile[155,90491040066792.mockFlowFile,22B] from FlowFile[154,90491040066792.mockFlowFile,22B]; routing to relationship simple
[pool-2399-thread-1] INFO org.apache.nifi.processors.standard.RouteText - RouteText[id=38a82a0d-69fc-4d87-a6d1-ec924f6828ee] Routing FlowFile[154,90491040066792.mockFlowFile,22B] to original
[main] DEBUG org.apache.nifi.processors.standard.RouteText - RouteText[id=38a82a0d-69fc-4d87-a6d1-ec924f6828ee] Adding new dynamic property: PropertyDescriptor[simple]
[pool-2400-thread-1] INFO org.apache.nifi.processors.standard.RouteText - RouteText[id=38a82a0d-69fc-4d87-a6d1-ec924f6828ee] Created FlowFile[157,90491040622716.mockFlowFile,22B] from FlowFile[156,90491040622716.mockFlowFile,22B]; routing to relationship simple
[pool-2400-thread-1] INFO org.apache.nifi.processors.standard.RouteText - RouteText[id=38a82a0d-69fc-4d87-a6d1-ec924f6828ee] Routing FlowFile[156,90491040622716.mockFlowFile,22B] to original
[main] DEBUG org.apache.nifi.processors.standard.RouteText - RouteText[id=38a82a0d-69fc-4d87-a6d1-ec924f6828ee] Adding new dynamic property: PropertyDescriptor[simple]
[pool-2401-thread-1] INFO org.apache.nifi.processors.standard.RouteText - RouteText[id=38a82a0d-69fc-4d87-a6d1-ec924f6828ee] Created FlowFile[159,90491041177448.mockFlowFile,22B] from FlowFile[158,90491041177448.mockFlowFile,22B]; routing to relationship simple
[pool-2401-thread-1] INFO org.apache.nifi.processors.standard.RouteText - RouteText[id=38a82a0d-69fc-4d87-a6d1-ec924f6828ee] Routing FlowFile[158,90491041177448.mockFlowFile,22B] to original
[main] DEBUG org.apache.nifi.processors.standard.RouteText - RouteText[id=38a82a0d-69fc-4d87-a6d1-ec924f6828ee] Adding new dynamic property: PropertyDescriptor[simple]
[pool-2402-thread-1] INFO org.apache.nifi.processors.standard.RouteText - RouteText[id=38a82a0d-69fc-4d87-a6d1-ec924f6828ee] Created FlowFile[161,90491041765101.mockFlowFile,22B] from FlowFile[160,90491041765101.mockFlowFile,22B]; routing to relationship simple
[pool-2402-thread-1] INFO org.apache.nifi.processors.standard.RouteText - RouteText[id=38a82a0d-69fc-4d87-a6d1-ec924f6828ee] Routing FlowFile[160,90491041765101.mockFlowFile,22B] to original
[main] DEBUG org.apache.nifi.processors.standard.RouteText - RouteText[id=38a82a0d-69fc-4d87-a6d1-ec924f6828ee] Adding new dynamic property: PropertyDescriptor[simple]
[pool-2403-thread-1] INFO org.apache.nifi.processors.standard.RouteText - RouteText[id=38a82a0d-69fc-4d87-a6d1-ec924f6828ee] Created FlowFile[163,90491042350853.mockFlowFile,22B] from FlowFile[162,90491042350853.mockFlowFile,22B]; routing to relationship simple
[pool-2403-thread-1] INFO org.apache.nifi.processors.standard.RouteText - RouteText[id=38a82a0d-69fc-4d87-a6d1-ec924f6828ee] Routing FlowFile[162,90491042350853.mockFlowFile,22B] to original
[main] DEBUG org.apache.nifi.processors.standard.RouteText - RouteText[id=38a82a0d-69fc-4d87-a6d1-ec924f6828ee] Adding new dynamic property: PropertyDescriptor[simple]
[pool-2404-thread-1] INFO org.apache.nifi.processors.standard.RouteText - RouteText[id=38a82a0d-69fc-4d87-a6d1-ec924f6828ee] Created FlowFile[165,90491042943303.mockFlowFile,22B] from FlowFile[164,90491042943303.mockFlowFile,22B]; routing to relationship simple
[pool-2404-thread-1] INFO org.apache.nifi.processors.standard.RouteText - RouteText[id=38a82a0d-69fc-4d87-a6d1-ec924f6828ee] Routing FlowFile[164,90491042943303.mockFlowFile,22B] to original
[main] DEBUG org.apache.nifi.processors.standard.RouteText - RouteText[id=38a82a0d-69fc-4d87-a6d1-ec924f6828ee] Adding new dynamic property: PropertyDescriptor[simple]
[pool-2405-thread-1] INFO org.apache.nifi.processors.standard.RouteText - RouteText[id=38a82a0d-69fc-4d87-a6d1-ec924f6828ee] Created FlowFile[167,90491043532107.mockFlowFile,22B] from FlowFile[166,90491043532107.mockFlowFile,22B]; routing to relationship simple
[pool-2405-thread-1] INFO org.apache.nifi.processors.standard.RouteText - RouteText[id=38a82a0d-69fc-4d87-a6d1-ec924f6828ee] Routing FlowFile[166,90491043532107.mockFlowFile,22B] to original
[main] DEBUG org.apache.nifi.processors.standard.RouteText - RouteText[id=38a82a0d-69fc-4d87-a6d1-ec924f6828ee] Adding new dynamic property: PropertyDescriptor[simple]
[pool-2406-thread-1] INFO org.apache.nifi.processors.standard.RouteText - RouteText[id=38a82a0d-69fc-4d87-a6d1-ec924f6828ee] Created FlowFile[169,90491044130035.mockFlowFile,22B] from FlowFile[168,90491044130035.mockFlowFile,22B]; routing to relationship simple
[pool-2406-thread-1] INFO org.apache.nifi.processors.standard.RouteText - RouteText[id=38a82a0d-69fc-4d87-a6d1-ec924f6828ee] Routing FlowFile[168,90491044130035.mockFlowFile,22B] to original
[main] DEBUG org.apache.nifi.processors.standard.RouteText - RouteText[id=38a82a0d-69fc-4d87-a6d1-ec924f6828ee] Adding new dynamic property: PropertyDescriptor[simple]
[pool-2407-thread-1] INFO org.apache.nifi.processors.standard.RouteText - RouteText[id=38a82a0d-69fc-4d87-a6d1-ec924f6828ee] Created FlowFile[171,90491044712127.mockFlowFile,22B] from FlowFile[170,90491044712127.mockFlowFile,22B]; routing to relationship simple
[pool-2407-thread-1] INFO org.apache.nifi.processors.standard.RouteText - RouteText[id=38a82a0d-69fc-4d87-a6d1-ec924f6828ee] Routing FlowFile[170,90491044712127.mockFlowFile,22B] to original
[main] DEBUG org.apache.nifi.processors.standard.RouteText - RouteText[id=38a82a0d-69fc-4d87-a6d1-ec924f6828ee] Adding new dynamic property: PropertyDescriptor[simple]
[pool-2408-thread-1] INFO org.apache.nifi.processors.standard.RouteText - RouteText[id=38a82a0d-69fc-4d87-a6d1-ec924f6828ee] Created FlowFile[173,90491045398752.mockFlowFile,22B] from FlowFile[172,90491045398752.mockFlowFile,22B]; routing to relationship simple
[pool-2408-thread-1] INFO org.apache.nifi.processors.standard.RouteText - RouteText[id=38a82a0d-69fc-4d87-a6d1-ec924f6828ee] Routing FlowFile[172,90491045398752.mockFlowFile,22B] to original
[main] DEBUG org.apache.nifi.processors.standard.RouteText - RouteText[id=38a82a0d-69fc-4d87-a6d1-ec924f6828ee] Adding new dynamic property: PropertyDescriptor[simple]
[pool-2409-thread-1] INFO org.apache.nifi.processors.standard.RouteText - RouteText[id=38a82a0d-69fc-4d87-a6d1-ec924f6828ee] Created FlowFile[175,90491045978020.mockFlowFile,22B] from FlowFile[174,90491045978020.mockFlowFile,22B]; routing to relationship simple
[pool-2409-thread-1] INFO org.apache.nifi.processors.standard.RouteText - RouteText[id=38a82a0d-69fc-4d87-a6d1-ec924f6828ee] Routing FlowFile[174,90491045978020.mockFlowFile,22B] to original
[main] DEBUG org.apache.nifi.processors.standard.RouteText - RouteText[id=38a82a0d-69fc-4d87-a6d1-ec924f6828ee] Adding new dynamic property: PropertyDescriptor[simple]
[pool-2410-thread-1] INFO org.apache.nifi.processors.standard.RouteText - RouteText[id=38a82a0d-69fc-4d87-a6d1-ec924f6828ee] Created FlowFile[177,90491046556111.mockFlowFile,22B] from FlowFile[176,90491046556111.mockFlowFile,22B]; routing to relationship simple
[pool-2410-thread-1] INFO org.apache.nifi.processors.standard.RouteText - RouteText[id=38a82a0d-69fc-4d87-a6d1-ec924f6828ee] Routing FlowFile[176,90491046556111.mockFlowFile,22B] to original
[main] DEBUG org.apache.nifi.processors.standard.RouteText - RouteText[id=38a82a0d-69fc-4d87-a6d1-ec924f6828ee] Adding new dynamic property: PropertyDescriptor[simple]
[pool-2411-thread-1] INFO org.apache.nifi.processors.standard.RouteText - RouteText[id=38a82a0d-69fc-4d87-a6d1-ec924f6828ee] Created FlowFile[179,90491047129756.mockFlowFile,22B] from FlowFile[178,90491047129756.mockFlowFile,22B]; routing to relationship simple
[pool-2411-thread-1] INFO org.apache.nifi.processors.standard.RouteText - RouteText[id=38a82a0d-69fc-4d87-a6d1-ec924f6828ee] Routing FlowFile[178,90491047129756.mockFlowFile,22B] to original
[main] DEBUG org.apache.nifi.processors.standard.RouteText - RouteText[id=38a82a0d-69fc-4d87-a6d1-ec924f6828ee] Adding new dynamic property: PropertyDescriptor[simple]
[pool-2412-thread-1] INFO org.apache.nifi.processors.standard.RouteText - RouteText[id=38a82a0d-69fc-4d87-a6d1-ec924f6828ee] Created FlowFile[181,90491047707629.mockFlowFile,22B] from FlowFile[180,90491047707629.mockFlowFile,22B]; routing to relationship simple
[pool-2412-thread-1] INFO org.apache.nifi.processors.standard.RouteText - RouteText[id=38a82a0d-69fc-4d87-a6d1-ec924f6828ee] Routing FlowFile[180,90491047707629.mockFlowFile,22B] to original
[main] DEBUG org.apache.nifi.processors.standard.RouteText - RouteText[id=38a82a0d-69fc-4d87-a6d1-ec924f6828ee] Adding new dynamic property: PropertyDescriptor[simple]
[pool-2413-thread-1] INFO org.apache.nifi.processors.standard.RouteText - RouteText[id=38a82a0d-69fc-4d87-a6d1-ec924f6828ee] Created FlowFile[183,90491048302778.mockFlowFile,22B] from FlowFile[182,90491048302778.mockFlowFile,22B]; routing to relationship simple
[pool-2413-thread-1] INFO org.apache.nifi.processors.standard.RouteText - RouteText[id=38a82a0d-69fc-4d87-a6d1-ec924f6828ee] Routing FlowFile[182,90491048302778.mockFlowFile,22B] to original
[main] DEBUG org.apache.nifi.processors.standard.RouteText - RouteText[id=38a82a0d-69fc-4d87-a6d1-ec924f6828ee] Adding new dynamic property: PropertyDescriptor[simple]
[pool-2414-thread-1] INFO org.apache.nifi.processors.standard.RouteText - RouteText[id=38a82a0d-69fc-4d87-a6d1-ec924f6828ee] Created FlowFile[185,90491048911303.mockFlowFile,22B] from FlowFile[184,90491048911303.mockFlowFile,22B]; routing to relationship simple
[pool-2414-thread-1] INFO org.apache.nifi.processors.standard.RouteText - RouteText[id=38a82a0d-69fc-4d87-a6d1-ec924f6828ee] Routing FlowFile[184,90491048911303.mockFlowFile,22B] to original
[main] DEBUG org.apache.nifi.processors.standard.RouteText - RouteText[id=38a82a0d-69fc-4d87-a6d1-ec924f6828ee] Adding new dynamic property: PropertyDescriptor[simple]
[pool-2415-thread-1] INFO org.apache.nifi.processors.standard.RouteText - RouteText[id=38a82a0d-69fc-4d87-a6d1-ec924f6828ee] Created FlowFile[187,90491049498360.mockFlowFile,22B] from FlowFile[186,90491049498360.mockFlowFile,22B]; routing to relationship simple
[pool-2415-thread-1] INFO org.apache.nifi.processors.standard.RouteText - RouteText[id=38a82a0d-69fc-4d87-a6d1-ec924f6828ee] Routing FlowFile[186,90491049498360.mockFlowFile,22B] to original
[main] DEBUG org.apache.nifi.processors.standard.RouteText - RouteText[id=38a82a0d-69fc-4d87-a6d1-ec924f6828ee] Adding new dynamic property: PropertyDescriptor[simple]
[pool-2416-thread-1] INFO org.apache.nifi.processors.standard.RouteText - RouteText[id=38a82a0d-69fc-4d87-a6d1-ec924f6828ee] Created FlowFile[189,90491050193245.mockFlowFile,22B] from FlowFile[188,90491050193245.mockFlowFile,22B]; routing to relationship simple
[pool-2416-thread-1] INFO org.apache.nifi.processors.standard.RouteText - RouteText[id=38a82a0d-69fc-4d87-a6d1-ec924f6828ee] Routing FlowFile[188,90491050193245.mockFlowFile,22B] to original
[main] DEBUG org.apache.nifi.processors.standard.RouteText - RouteText[id=38a82a0d-69fc-4d87-a6d1-ec924f6828ee] Adding new dynamic property: PropertyDescriptor[simple]
[pool-2417-thread-1] INFO org.apache.nifi.processors.standard.RouteText - RouteText[id=38a82a0d-69fc-4d87-a6d1-ec924f6828ee] Created FlowFile[191,90491050872725.mockFlowFile,22B] from FlowFile[190,90491050872725.mockFlowFile,22B]; routing to relationship simple
[pool-2417-thread-1] INFO org.apache.nifi.processors.standard.RouteText - RouteText[id=38a82a0d-69fc-4d87-a6d1-ec924f6828ee] Routing FlowFile[190,90491050872725.mockFlowFile,22B] to original
[main] DEBUG org.apache.nifi.processors.standard.RouteText - RouteText[id=38a82a0d-69fc-4d87-a6d1-ec924f6828ee] Adding new dynamic property: PropertyDescriptor[simple]
[pool-2418-thread-1] INFO org.apache.nifi.processors.standard.RouteText - RouteText[id=38a82a0d-69fc-4d87-a6d1-ec924f6828ee] Created FlowFile[193,90491051434064.mockFlowFile,22B] from FlowFile[192,90491051434064.mockFlowFile,22B]; routing to relationship simple
[pool-2418-thread-1] INFO org.apache.nifi.processors.standard.RouteText - RouteText[id=38a82a0d-69fc-4d87-a6d1-ec924f6828ee] Routing FlowFile[192,90491051434064.mockFlowFile,22B] to original
[main] DEBUG org.apache.nifi.processors.standard.RouteText - RouteText[id=38a82a0d-69fc-4d87-a6d1-ec924f6828ee] Adding new dynamic property: PropertyDescriptor[simple]
[pool-2419-thread-1] INFO org.apache.nifi.processors.standard.RouteText - RouteText[id=38a82a0d-69fc-4d87-a6d1-ec924f6828ee] Created FlowFile[195,90491051968216.mockFlowFile,22B] from FlowFile[194,90491051968216.mockFlowFile,22B]; routing to relationship simple
[pool-2419-thread-1] INFO org.apache.nifi.processors.standard.RouteText - RouteText[id=38a82a0d-69fc-4d87-a6d1-ec924f6828ee] Routing FlowFile[194,90491051968216.mockFlowFile,22B] to original
[main] DEBUG org.apache.nifi.processors.standard.RouteText - RouteText[id=38a82a0d-69fc-4d87-a6d1-ec924f6828ee] Adding new dynamic property: PropertyDescriptor[simple]
[pool-2420-thread-1] INFO org.apache.nifi.processors.standard.RouteText - RouteText[id=38a82a0d-69fc-4d87-a6d1-ec924f6828ee] Created FlowFile[197,90491052494160.mockFlowFile,22B] from FlowFile[196,90491052494160.mockFlowFile,22B]; routing to relationship simple
[pool-2420-thread-1] INFO org.apache.nifi.processors.standard.RouteText - RouteText[id=38a82a0d-69fc-4d87-a6d1-ec924f6828ee] Routing FlowFile[196,90491052494160.mockFlowFile,22B] to original
[main] DEBUG org.apache.nifi.processors.standard.RouteText - RouteText[id=38a82a0d-69fc-4d87-a6d1-ec924f6828ee] Adding new dynamic property: PropertyDescriptor[simple]
[pool-2421-thread-1] INFO org.apache.nifi.processors.standard.RouteText - RouteText[id=38a82a0d-69fc-4d87-a6d1-ec924f6828ee] Created FlowFile[199,90491053076905.mockFlowFile,22B] from FlowFile[198,90491053076905.mockFlowFile,22B]; routing to relationship simple
[pool-2421-thread-1] INFO org.apache.nifi.processors.standard.RouteText - RouteText[id=38a82a0d-69fc-4d87-a6d1-ec924f6828ee] Routing FlowFile[198,90491053076905.mockFlowFile,22B] to original
[main] DEBUG org.apache.nifi.processors.standard.RouteText - RouteText[id=38a82a0d-69fc-4d87-a6d1-ec924f6828ee] Adding new dynamic property: PropertyDescriptor[simple]
[pool-2422-thread-1] INFO org.apache.nifi.processors.standard.RouteText - RouteText[id=38a82a0d-69fc-4d87-a6d1-ec924f6828ee] Created FlowFile[201,90491053684169.mockFlowFile,22B] from FlowFile[200,90491053684169.mockFlowFile,22B]; routing to relationship simple
[pool-2422-thread-1] INFO org.apache.nifi.processors.standard.RouteText - RouteText[id=38a82a0d-69fc-4d87-a6d1-ec924f6828ee] Routing FlowFile[200,90491053684169.mockFlowFile,22B] to original
[main] DEBUG org.apache.nifi.processors.standard.RouteText - RouteText[id=38a82a0d-69fc-4d87-a6d1-ec924f6828ee] Adding new dynamic property: PropertyDescriptor[simple]
[pool-2423-thread-1] INFO org.apache.nifi.processors.standard.RouteText - RouteText[id=38a82a0d-69fc-4d87-a6d1-ec924f6828ee] Created FlowFile[203,90491054289498.mockFlowFile,22B] from FlowFile[202,90491054289498.mockFlowFile,22B]; routing to relationship simple
[pool-2423-thread-1] INFO org.apache.nifi.processors.standard.RouteText - RouteText[id=38a82a0d-69fc-4d87-a6d1-ec924f6828ee] Routing FlowFile[202,90491054289498.mockFlowFile,22B] to original
[main] DEBUG org.apache.nifi.processors.standard.RouteText - RouteText[id=38a82a0d-69fc-4d87-a6d1-ec924f6828ee] Adding new dynamic property: PropertyDescriptor[simple]
[pool-2424-thread-1] INFO org.apache.nifi.processors.standard.RouteText - RouteText[id=38a82a0d-69fc-4d87-a6d1-ec924f6828ee] Created FlowFile[205,90491054958351.mockFlowFile,23B] from FlowFile[204,90491054958351.mockFlowFile,23B]; routing to relationship simple
[pool-2424-thread-1] INFO org.apache.nifi.processors.standard.RouteText - RouteText[id=38a82a0d-69fc-4d87-a6d1-ec924f6828ee] Routing FlowFile[204,90491054958351.mockFlowFile,23B] to original
[main] DEBUG org.apache.nifi.processors.standard.RouteText - RouteText[id=38a82a0d-69fc-4d87-a6d1-ec924f6828ee] Adding new dynamic property: PropertyDescriptor[simple]
[pool-2425-thread-1] INFO org.apache.nifi.processors.standard.RouteText - RouteText[id=38a82a0d-69fc-4d87-a6d1-ec924f6828ee] Created FlowFile[207,90491055720640.mockFlowFile,23B] from FlowFile[206,90491055720640.mockFlowFile,23B]; routing to relationship simple
[pool-2425-thread-1] INFO org.apache.nifi.processors.standard.RouteText - RouteText[id=38a82a0d-69fc-4d87-a6d1-ec924f6828ee] Routing FlowFile[206,90491055720640.mockFlowFile,23B] to original
[main] DEBUG org.apache.nifi.processors.standard.RouteText - RouteText[id=38a82a0d-69fc-4d87-a6d1-ec924f6828ee] Adding new dynamic property: PropertyDescriptor[simple]
[pool-2426-thread-1] INFO org.apache.nifi.processors.standard.RouteText - RouteText[id=38a82a0d-69fc-4d87-a6d1-ec924f6828ee] Created FlowFile[209,90491056399102.mockFlowFile,23B] from FlowFile[208,90491056399102.mockFlowFile,23B]; routing to relationship simple
[pool-2426-thread-1] INFO org.apache.nifi.processors.standard.RouteText - RouteText[id=38a82a0d-69fc-4d87-a6d1-ec924f6828ee] Routing FlowFile[208,90491056399102.mockFlowFile,23B] to original
[main] DEBUG org.apache.nifi.processors.standard.RouteText - RouteText[id=38a82a0d-69fc-4d87-a6d1-ec924f6828ee] Adding new dynamic property: PropertyDescriptor[simple]
[pool-2427-thread-1] INFO org.apache.nifi.processors.standard.RouteText - RouteText[id=38a82a0d-69fc-4d87-a6d1-ec924f6828ee] Created FlowFile[211,90491057060827.mockFlowFile,23B] from FlowFile[210,90491057060827.mockFlowFile,23B]; routing to relationship simple
[pool-2427-thread-1] INFO org.apache.nifi.processors.standard.RouteText - RouteText[id=38a82a0d-69fc-4d87-a6d1-ec924f6828ee] Routing FlowFile[210,90491057060827.mockFlowFile,23B] to original
[main] DEBUG org.apache.nifi.processors.standard.RouteText - RouteText[id=38a82a0d-69fc-4d87-a6d1-ec924f6828ee] Adding new dynamic property: PropertyDescriptor[simple]
[pool-2428-thread-1] INFO org.apache.nifi.processors.standard.RouteText - RouteText[id=38a82a0d-69fc-4d87-a6d1-ec924f6828ee] Created FlowFile[213,90491057808509.mockFlowFile,23B] from FlowFile[212,90491057808509.mockFlowFile,23B]; routing to relationship simple
[pool-2428-thread-1] INFO org.apache.nifi.processors.standard.RouteText - RouteText[id=38a82a0d-69fc-4d87-a6d1-ec924f6828ee] Routing FlowFile[212,90491057808509.mockFlowFile,23B] to original
[main] DEBUG org.apache.nifi.processors.standard.RouteText - RouteText[id=38a82a0d-69fc-4d87-a6d1-ec924f6828ee] Adding new dynamic property: PropertyDescriptor[simple]
[pool-2429-thread-1] INFO org.apache.nifi.processors.standard.RouteText - RouteText[id=38a82a0d-69fc-4d87-a6d1-ec924f6828ee] Created FlowFile[215,90491058477606.mockFlowFile,23B] from FlowFile[214,90491058477606.mockFlowFile,23B]; routing to relationship simple
[pool-2429-thread-1] INFO org.apache.nifi.processors.standard.RouteText - RouteText[id=38a82a0d-69fc-4d87-a6d1-ec924f6828ee] Routing FlowFile[214,90491058477606.mockFlowFile,23B] to original
[main] DEBUG org.apache.nifi.processors.standard.RouteText - RouteText[id=38a82a0d-69fc-4d87-a6d1-ec924f6828ee] Adding new dynamic property: PropertyDescriptor[simple]
[pool-2430-thread-1] INFO org.apache.nifi.processors.standard.RouteText - RouteText[id=38a82a0d-69fc-4d87-a6d1-ec924f6828ee] Created FlowFile[217,90491059005563.mockFlowFile,23B] from FlowFile[216,90491059005563.mockFlowFile,23B]; routing to relationship simple
[pool-2430-thread-1] INFO org.apache.nifi.processors.standard.RouteText - RouteText[id=38a82a0d-69fc-4d87-a6d1-ec924f6828ee] Routing FlowFile[216,90491059005563.mockFlowFile,23B] to original
[main] DEBUG org.apache.nifi.processors.standard.RouteText - RouteText[id=38a82a0d-69fc-4d87-a6d1-ec924f6828ee] Adding new dynamic property: PropertyDescriptor[simple]
[pool-2431-thread-1] INFO org.apache.nifi.processors.standard.RouteText - RouteText[id=38a82a0d-69fc-4d87-a6d1-ec924f6828ee] Created FlowFile[219,90491059642210.mockFlowFile,23B] from FlowFile[218,90491059642210.mockFlowFile,23B]; routing to relationship simple
[pool-2431-thread-1] INFO org.apache.nifi.processors.standard.RouteText - RouteText[id=38a82a0d-69fc-4d87-a6d1-ec924f6828ee] Routing FlowFile[218,90491059642210.mockFlowFile,23B] to original
[main] DEBUG org.apache.nifi.processors.standard.RouteText - RouteText[id=38a82a0d-69fc-4d87-a6d1-ec924f6828ee] Adding new dynamic property: PropertyDescriptor[simple]
[pool-2432-thread-1] INFO org.apache.nifi.processors.standard.RouteText - RouteText[id=38a82a0d-69fc-4d87-a6d1-ec924f6828ee] Created FlowFile[221,90491060166517.mockFlowFile,23B] from FlowFile[220,90491060166517.mockFlowFile,23B]; routing to relationship simple
[pool-2432-thread-1] INFO org.apache.nifi.processors.standard.RouteText - RouteText[id=38a82a0d-69fc-4d87-a6d1-ec924f6828ee] Routing FlowFile[220,90491060166517.mockFlowFile,23B] to original
[main] DEBUG org.apache.nifi.processors.standard.RouteText - RouteText[id=38a82a0d-69fc-4d87-a6d1-ec924f6828ee] Adding new dynamic property: PropertyDescriptor[simple]
[pool-2433-thread-1] INFO org.apache.nifi.processors.standard.RouteText - RouteText[id=38a82a0d-69fc-4d87-a6d1-ec924f6828ee] Created FlowFile[223,90491060699721.mockFlowFile,23B] from FlowFile[222,90491060699721.mockFlowFile,23B]; routing to relationship simple
[pool-2433-thread-1] INFO org.apache.nifi.processors.standard.RouteText - RouteText[id=38a82a0d-69fc-4d87-a6d1-ec924f6828ee] Routing FlowFile[222,90491060699721.mockFlowFile,23B] to original
[main] DEBUG org.apache.nifi.processors.standard.RouteText - RouteText[id=38a82a0d-69fc-4d87-a6d1-ec924f6828ee] Adding new dynamic property: PropertyDescriptor[simple]
[pool-2434-thread-1] INFO org.apache.nifi.processors.standard.RouteText - RouteText[id=38a82a0d-69fc-4d87-a6d1-ec924f6828ee] Created FlowFile[225,90491061316776.mockFlowFile,23B] from FlowFile[224,90491061316776.mockFlowFile,23B]; routing to relationship simple
[pool-2434-thread-1] INFO org.apache.nifi.processors.standard.RouteText - RouteText[id=38a82a0d-69fc-4d87-a6d1-ec924f6828ee] Routing FlowFile[224,90491061316776.mockFlowFile,23B] to original
[main] DEBUG org.apache.nifi.processors.standard.RouteText - RouteText[id=38a82a0d-69fc-4d87-a6d1-ec924f6828ee] Adding new dynamic property: PropertyDescriptor[simple]
[pool-2435-thread-1] INFO org.apache.nifi.processors.standard.RouteText - RouteText[id=38a82a0d-69fc-4d87-a6d1-ec924f6828ee] Created FlowFile[227,90491061854848.mockFlowFile,23B] from FlowFile[226,90491061854848.mockFlowFile,23B]; routing to relationship simple
[pool-2435-thread-1] INFO org.apache.nifi.processors.standard.RouteText - RouteText[id=38a82a0d-69fc-4d87-a6d1-ec924f6828ee] Routing FlowFile[226,90491061854848.mockFlowFile,23B] to original
[main] DEBUG org.apache.nifi.processors.standard.RouteText - RouteText[id=38a82a0d-69fc-4d87-a6d1-ec924f6828ee] Adding new dynamic property: PropertyDescriptor[simple]
[pool-2436-thread-1] INFO org.apache.nifi.processors.standard.RouteText - RouteText[id=38a82a0d-69fc-4d87-a6d1-ec924f6828ee] Created FlowFile[229,90491062357454.mockFlowFile,23B] from FlowFile[228,90491062357454.mockFlowFile,23B]; routing to relationship simple
[pool-2436-thread-1] INFO org.apache.nifi.processors.standard.RouteText - RouteText[id=38a82a0d-69fc-4d87-a6d1-ec924f6828ee] Routing FlowFile[228,90491062357454.mockFlowFile,23B] to original
[main] DEBUG org.apache.nifi.processors.standard.RouteText - RouteText[id=38a82a0d-69fc-4d87-a6d1-ec924f6828ee] Adding new dynamic property: PropertyDescriptor[simple]
[pool-2437-thread-1] INFO org.apache.nifi.processors.standard.RouteText - RouteText[id=38a82a0d-69fc-4d87-a6d1-ec924f6828ee] Created FlowFile[231,90491062843349.mockFlowFile,23B] from FlowFile[230,90491062843349.mockFlowFile,23B]; routing to relationship simple
[pool-2437-thread-1] INFO org.apache.nifi.processors.standard.RouteText - RouteText[id=38a82a0d-69fc-4d87-a6d1-ec924f6828ee] Routing FlowFile[230,90491062843349.mockFlowFile,23B] to original
[main] DEBUG org.apache.nifi.processors.standard.RouteText - RouteText[id=38a82a0d-69fc-4d87-a6d1-ec924f6828ee] Adding new dynamic property: PropertyDescriptor[simple]
[pool-2438-thread-1] INFO org.apache.nifi.processors.standard.RouteText - RouteText[id=38a82a0d-69fc-4d87-a6d1-ec924f6828ee] Created FlowFile[233,90491063580995.mockFlowFile,23B] from FlowFile[232,90491063580995.mockFlowFile,23B]; routing to relationship simple
[pool-2438-thread-1] INFO org.apache.nifi.processors.standard.RouteText - RouteText[id=38a82a0d-69fc-4d87-a6d1-ec924f6828ee] Routing FlowFile[232,90491063580995.mockFlowFile,23B] to original
[main] DEBUG org.apache.nifi.processors.standard.RouteText - RouteText[id=38a82a0d-69fc-4d87-a6d1-ec924f6828ee] Adding new dynamic property: PropertyDescriptor[simple]
[pool-2439-thread-1] INFO org.apache.nifi.processors.standard.RouteText - RouteText[id=38a82a0d-69fc-4d87-a6d1-ec924f6828ee] Created FlowFile[235,90491064119004.mockFlowFile,23B] from FlowFile[234,90491064119004.mockFlowFile,23B]; routing to relationship simple
[pool-2439-thread-1] INFO org.apache.nifi.processors.standard.RouteText - RouteText[id=38a82a0d-69fc-4d87-a6d1-ec924f6828ee] Routing FlowFile[234,90491064119004.mockFlowFile,23B] to original
[main] DEBUG org.apache.nifi.processors.standard.RouteText - RouteText[id=38a82a0d-69fc-4d87-a6d1-ec924f6828ee] Adding new dynamic property: PropertyDescriptor[simple]
[pool-2440-thread-1] INFO org.apache.nifi.processors.standard.RouteText - RouteText[id=38a82a0d-69fc-4d87-a6d1-ec924f6828ee] Created FlowFile[237,90491064600211.mockFlowFile,23B] from FlowFile[236,90491064600211.mockFlowFile,23B]; routing to relationship simple
[pool-2440-thread-1] INFO org.apache.nifi.processors.standard.RouteText - RouteText[id=38a82a0d-69fc-4d87-a6d1-ec924f6828ee] Routing FlowFile[236,90491064600211.mockFlowFile,23B] to original
[main] DEBUG org.apache.nifi.processors.standard.RouteText - RouteText[id=38a82a0d-69fc-4d87-a6d1-ec924f6828ee] Adding new dynamic property: PropertyDescriptor[simple]
[pool-2441-thread-1] INFO org.apache.nifi.processors.standard.RouteText - RouteText[id=38a82a0d-69fc-4d87-a6d1-ec924f6828ee] Created FlowFile[239,90491065063229.mockFlowFile,23B] from FlowFile[238,90491065063229.mockFlowFile,23B]; routing to relationship simple
[pool-2441-thread-1] INFO org.apache.nifi.processors.standard.RouteText - RouteText[id=38a82a0d-69fc-4d87-a6d1-ec924f6828ee] Routing FlowFile[238,90491065063229.mockFlowFile,23B] to original
[main] DEBUG org.apache.nifi.processors.standard.RouteText - RouteText[id=38a82a0d-69fc-4d87-a6d1-ec924f6828ee] Adding new dynamic property: PropertyDescriptor[simple]
[pool-2442-thread-1] INFO org.apache.nifi.processors.standard.RouteText - RouteText[id=38a82a0d-69fc-4d87-a6d1-ec924f6828ee] Created FlowFile[241,90491065546068.mockFlowFile,23B] from FlowFile[240,90491065546068.mockFlowFile,23B]; routing to relationship simple
[pool-2442-thread-1] INFO org.apache.nifi.processors.standard.RouteText - RouteText[id=38a82a0d-69fc-4d87-a6d1-ec924f6828ee] Routing FlowFile[240,90491065546068.mockFlowFile,23B] to original
[main] DEBUG org.apache.nifi.processors.standard.RouteText - RouteText[id=38a82a0d-69fc-4d87-a6d1-ec924f6828ee] Adding new dynamic property: PropertyDescriptor[simple]
[pool-2443-thread-1] INFO org.apache.nifi.processors.standard.RouteText - RouteText[id=38a82a0d-69fc-4d87-a6d1-ec924f6828ee] Created FlowFile[243,90491066028413.mockFlowFile,23B] from FlowFile[242,90491066028413.mockFlowFile,23B]; routing to relationship simple
[pool-2443-thread-1] INFO org.apache.nifi.processors.standard.RouteText - RouteText[id=38a82a0d-69fc-4d87-a6d1-ec924f6828ee] Routing FlowFile[242,90491066028413.mockFlowFile,23B] to original
[main] DEBUG org.apache.nifi.processors.standard.RouteText - RouteText[id=38a82a0d-69fc-4d87-a6d1-ec924f6828ee] Adding new dynamic property: PropertyDescriptor[simple]
[pool-2444-thread-1] INFO org.apache.nifi.processors.standard.RouteText - RouteText[id=38a82a0d-69fc-4d87-a6d1-ec924f6828ee] Created FlowFile[245,90491066577196.mockFlowFile,23B] from FlowFile[244,90491066577196.mockFlowFile,23B]; routing to relationship simple
[pool-2444-thread-1] INFO org.apache.nifi.processors.standard.RouteText - RouteText[id=38a82a0d-69fc-4d87-a6d1-ec924f6828ee] Routing FlowFile[244,90491066577196.mockFlowFile,23B] to original
[main] DEBUG org.apache.nifi.processors.standard.RouteText - RouteText[id=38a82a0d-69fc-4d87-a6d1-ec924f6828ee] Adding new dynamic property: PropertyDescriptor[simple]
[pool-2445-thread-1] INFO org.apache.nifi.processors.standard.RouteText - RouteText[id=38a82a0d-69fc-4d87-a6d1-ec924f6828ee] Created FlowFile[247,90491067219028.mockFlowFile,23B] from FlowFile[246,90491067219028.mockFlowFile,23B]; routing to relationship simple
[pool-2445-thread-1] INFO org.apache.nifi.processors.standard.RouteText - RouteText[id=38a82a0d-69fc-4d87-a6d1-ec924f6828ee] Routing FlowFile[246,90491067219028.mockFlowFile,23B] to original
[main] DEBUG org.apache.nifi.processors.standard.RouteText - RouteText[id=38a82a0d-69fc-4d87-a6d1-ec924f6828ee] Adding new dynamic property: PropertyDescriptor[simple]
[pool-2446-thread-1] INFO org.apache.nifi.processors.standard.RouteText - RouteText[id=38a82a0d-69fc-4d87-a6d1-ec924f6828ee] Created FlowFile[249,90491067811923.mockFlowFile,23B] from FlowFile[248,90491067811923.mockFlowFile,23B]; routing to relationship simple
[pool-2446-thread-1] INFO org.apache.nifi.processors.standard.RouteText - RouteText[id=38a82a0d-69fc-4d87-a6d1-ec924f6828ee] Routing FlowFile[248,90491067811923.mockFlowFile,23B] to original
[main] DEBUG org.apache.nifi.processors.standard.RouteText - RouteText[id=38a82a0d-69fc-4d87-a6d1-ec924f6828ee] Adding new dynamic property: PropertyDescriptor[simple]
[pool-2447-thread-1] INFO org.apache.nifi.processors.standard.RouteText - RouteText[id=38a82a0d-69fc-4d87-a6d1-ec924f6828ee] Created FlowFile[251,90491068530811.mockFlowFile,23B] from FlowFile[250,90491068530811.mockFlowFile,23B]; routing to relationship simple
[pool-2447-thread-1] INFO org.apache.nifi.processors.standard.RouteText - RouteText[id=38a82a0d-69fc-4d87-a6d1-ec924f6828ee] Routing FlowFile[250,90491068530811.mockFlowFile,23B] to original
[main] DEBUG org.apache.nifi.processors.standard.RouteText - RouteText[id=38a82a0d-69fc-4d87-a6d1-ec924f6828ee] Adding new dynamic property: PropertyDescriptor[simple]
[pool-2448-thread-1] INFO org.apache.nifi.processors.standard.RouteText - RouteText[id=38a82a0d-69fc-4d87-a6d1-ec924f6828ee] Created FlowFile[253,90491069103657.mockFlowFile,23B] from FlowFile[252,90491069103657.mockFlowFile,23B]; routing to relationship simple
[pool-2448-thread-1] INFO org.apache.nifi.processors.standard.RouteText - RouteText[id=38a82a0d-69fc-4d87-a6d1-ec924f6828ee] Routing FlowFile[252,90491069103657.mockFlowFile,23B] to original
[main] DEBUG org.apache.nifi.processors.standard.RouteText - RouteText[id=38a82a0d-69fc-4d87-a6d1-ec924f6828ee] Adding new dynamic property: PropertyDescriptor[simple]
[pool-2449-thread-1] INFO org.apache.nifi.processors.standard.RouteText - RouteText[id=38a82a0d-69fc-4d87-a6d1-ec924f6828ee] Created FlowFile[255,90491069694674.mockFlowFile,23B] from FlowFile[254,90491069694674.mockFlowFile,23B]; routing to relationship simple
[pool-2449-thread-1] INFO org.apache.nifi.processors.standard.RouteText - RouteText[id=38a82a0d-69fc-4d87-a6d1-ec924f6828ee] Routing FlowFile[254,90491069694674.mockFlowFile,23B] to original
[main] DEBUG org.apache.nifi.processors.standard.RouteText - RouteText[id=38a82a0d-69fc-4d87-a6d1-ec924f6828ee] Adding new dynamic property: PropertyDescriptor[simple]
[pool-2450-thread-1] INFO org.apache.nifi.processors.standard.RouteText - RouteText[id=38a82a0d-69fc-4d87-a6d1-ec924f6828ee] Created FlowFile[257,90491070319792.mockFlowFile,23B] from FlowFile[256,90491070319792.mockFlowFile,23B]; routing to relationship simple
[pool-2450-thread-1] INFO org.apache.nifi.processors.standard.RouteText - RouteText[id=38a82a0d-69fc-4d87-a6d1-ec924f6828ee] Routing FlowFile[256,90491070319792.mockFlowFile,23B] to original
[main] DEBUG org.apache.nifi.processors.standard.RouteText - RouteText[id=38a82a0d-69fc-4d87-a6d1-ec924f6828ee] Adding new dynamic property: PropertyDescriptor[simple]
[pool-2451-thread-1] INFO org.apache.nifi.processors.standard.RouteText - RouteText[id=38a82a0d-69fc-4d87-a6d1-ec924f6828ee] Created FlowFile[259,90491070912071.mockFlowFile,23B] from FlowFile[258,90491070912071.mockFlowFile,23B]; routing to relationship simple
[pool-2451-thread-1] INFO org.apache.nifi.processors.standard.RouteText - RouteText[id=38a82a0d-69fc-4d87-a6d1-ec924f6828ee] Routing FlowFile[258,90491070912071.mockFlowFile,23B] to original
[main] DEBUG org.apache.nifi.processors.standard.RouteText - RouteText[id=38a82a0d-69fc-4d87-a6d1-ec924f6828ee] Adding new dynamic property: PropertyDescriptor[simple]
[pool-2452-thread-1] INFO org.apache.nifi.processors.standard.RouteText - RouteText[id=38a82a0d-69fc-4d87-a6d1-ec924f6828ee] Created FlowFile[261,90491071682006.mockFlowFile,23B] from FlowFile[260,90491071682006.mockFlowFile,23B]; routing to relationship simple
[pool-2452-thread-1] INFO org.apache.nifi.processors.standard.RouteText - RouteText[id=38a82a0d-69fc-4d87-a6d1-ec924f6828ee] Routing FlowFile[260,90491071682006.mockFlowFile,23B] to original
[main] DEBUG org.apache.nifi.processors.standard.RouteText - RouteText[id=38a82a0d-69fc-4d87-a6d1-ec924f6828ee] Adding new dynamic property: PropertyDescriptor[simple]
[pool-2453-thread-1] INFO org.apache.nifi.processors.standard.RouteText - RouteText[id=38a82a0d-69fc-4d87-a6d1-ec924f6828ee] Created FlowFile[263,90491072491853.mockFlowFile,23B] from FlowFile[262,90491072491853.mockFlowFile,23B]; routing to relationship simple
[pool-2453-thread-1] INFO org.apache.nifi.processors.standard.RouteText - RouteText[id=38a82a0d-69fc-4d87-a6d1-ec924f6828ee] Routing FlowFile[262,90491072491853.mockFlowFile,23B] to original
[main] DEBUG org.apache.nifi.processors.standard.RouteText - RouteText[id=38a82a0d-69fc-4d87-a6d1-ec924f6828ee] Adding new dynamic property: PropertyDescriptor[simple]
[pool-2454-thread-1] INFO org.apache.nifi.processors.standard.RouteText - RouteText[id=38a82a0d-69fc-4d87-a6d1-ec924f6828ee] Created FlowFile[265,90491073202497.mockFlowFile,23B] from FlowFile[264,90491073202497.mockFlowFile,23B]; routing to relationship simple
[pool-2454-thread-1] INFO org.apache.nifi.processors.standard.RouteText - RouteText[id=38a82a0d-69fc-4d87-a6d1-ec924f6828ee] Routing FlowFile[264,90491073202497.mockFlowFile,23B] to original
[main] DEBUG org.apache.nifi.processors.standard.RouteText - RouteText[id=38a82a0d-69fc-4d87-a6d1-ec924f6828ee] Adding new dynamic property: PropertyDescriptor[simple]
[pool-2455-thread-1] INFO org.apache.nifi.processors.standard.RouteText - RouteText[id=38a82a0d-69fc-4d87-a6d1-ec924f6828ee] Created FlowFile[267,90491073820267.mockFlowFile,23B] from FlowFile[266,90491073820267.mockFlowFile,23B]; routing to relationship simple
[pool-2455-thread-1] INFO org.apache.nifi.processors.standard.RouteText - RouteText[id=38a82a0d-69fc-4d87-a6d1-ec924f6828ee] Routing FlowFile[266,90491073820267.mockFlowFile,23B] to original
[main] DEBUG org.apache.nifi.processors.standard.RouteText - RouteText[id=38a82a0d-69fc-4d87-a6d1-ec924f6828ee] Adding new dynamic property: PropertyDescriptor[simple]
[pool-2456-thread-1] INFO org.apache.nifi.processors.standard.RouteText - RouteText[id=38a82a0d-69fc-4d87-a6d1-ec924f6828ee] Created FlowFile[269,90491074377649.mockFlowFile,23B] from FlowFile[268,90491074377649.mockFlowFile,23B]; routing to relationship simple
[pool-2456-thread-1] INFO org.apache.nifi.processors.standard.RouteText - RouteText[id=38a82a0d-69fc-4d87-a6d1-ec924f6828ee] Routing FlowFile[268,90491074377649.mockFlowFile,23B] to original
[main] DEBUG org.apache.nifi.processors.standard.RouteText - RouteText[id=38a82a0d-69fc-4d87-a6d1-ec924f6828ee] Adding new dynamic property: PropertyDescriptor[simple]
[pool-2457-thread-1] INFO org.apache.nifi.processors.standard.RouteText - RouteText[id=38a82a0d-69fc-4d87-a6d1-ec924f6828ee] Created FlowFile[271,90491074895743.mockFlowFile,23B] from FlowFile[270,90491074895743.mockFlowFile,23B]; routing to relationship simple
[pool-2457-thread-1] INFO org.apache.nifi.processors.standard.RouteText - RouteText[id=38a82a0d-69fc-4d87-a6d1-ec924f6828ee] Routing FlowFile[270,90491074895743.mockFlowFile,23B] to original
[main] DEBUG org.apache.nifi.processors.standard.RouteText - RouteText[id=38a82a0d-69fc-4d87-a6d1-ec924f6828ee] Adding new dynamic property: PropertyDescriptor[simple]
[pool-2458-thread-1] INFO org.apache.nifi.processors.standard.RouteText - RouteText[id=38a82a0d-69fc-4d87-a6d1-ec924f6828ee] Created FlowFile[273,90491075400723.mockFlowFile,23B] from FlowFile[272,90491075400723.mockFlowFile,23B]; routing to relationship simple
[pool-2458-thread-1] INFO org.apache.nifi.processors.standard.RouteText - RouteText[id=38a82a0d-69fc-4d87-a6d1-ec924f6828ee] Routing FlowFile[272,90491075400723.mockFlowFile,23B] to original
[main] DEBUG org.apache.nifi.processors.standard.RouteText - RouteText[id=38a82a0d-69fc-4d87-a6d1-ec924f6828ee] Adding new dynamic property: PropertyDescriptor[simple]
[pool-2459-thread-1] INFO org.apache.nifi.processors.standard.RouteText - RouteText[id=38a82a0d-69fc-4d87-a6d1-ec924f6828ee] Created FlowFile[275,90491076082271.mockFlowFile,23B] from FlowFile[274,90491076082271.mockFlowFile,23B]; routing to relationship simple
[pool-2459-thread-1] INFO org.apache.nifi.processors.standard.RouteText - RouteText[id=38a82a0d-69fc-4d87-a6d1-ec924f6828ee] Routing FlowFile[274,90491076082271.mockFlowFile,23B] to original
[main] DEBUG org.apache.nifi.processors.standard.RouteText - RouteText[id=38a82a0d-69fc-4d87-a6d1-ec924f6828ee] Adding new dynamic property: PropertyDescriptor[simple]
[pool-2460-thread-1] INFO org.apache.nifi.processors.standard.RouteText - RouteText[id=38a82a0d-69fc-4d87-a6d1-ec924f6828ee] Created FlowFile[277,90491076621575.mockFlowFile,23B] from FlowFile[276,90491076621575.mockFlowFile,23B]; routing to relationship simple
[pool-2460-thread-1] INFO org.apache.nifi.processors.standard.RouteText - RouteText[id=38a82a0d-69fc-4d87-a6d1-ec924f6828ee] Routing FlowFile[276,90491076621575.mockFlowFile,23B] to original
[main] DEBUG org.apache.nifi.processors.standard.RouteText - RouteText[id=38a82a0d-69fc-4d87-a6d1-ec924f6828ee] Adding new dynamic property: PropertyDescriptor[simple]
[pool-2461-thread-1] INFO org.apache.nifi.processors.standard.RouteText - RouteText[id=38a82a0d-69fc-4d87-a6d1-ec924f6828ee] Created FlowFile[279,90491077095514.mockFlowFile,23B] from FlowFile[278,90491077095514.mockFlowFile,23B]; routing to relationship simple
[pool-2461-thread-1] INFO org.apache.nifi.processors.standard.RouteText - RouteText[id=38a82a0d-69fc-4d87-a6d1-ec924f6828ee] Routing FlowFile[278,90491077095514.mockFlowFile,23B] to original
[main] DEBUG org.apache.nifi.processors.standard.RouteText - RouteText[id=38a82a0d-69fc-4d87-a6d1-ec924f6828ee] Adding new dynamic property: PropertyDescriptor[simple]
[pool-2462-thread-1] INFO org.apache.nifi.processors.standard.RouteText - RouteText[id=38a82a0d-69fc-4d87-a6d1-ec924f6828ee] Created FlowFile[281,90491077603433.mockFlowFile,23B] from FlowFile[280,90491077603433.mockFlowFile,23B]; routing to relationship simple
[pool-2462-thread-1] INFO org.apache.nifi.processors.standard.RouteText - RouteText[id=38a82a0d-69fc-4d87-a6d1-ec924f6828ee] Routing FlowFile[280,90491077603433.mockFlowFile,23B] to original
[main] DEBUG org.apache.nifi.processors.standard.RouteText - RouteText[id=38a82a0d-69fc-4d87-a6d1-ec924f6828ee] Adding new dynamic property: PropertyDescriptor[simple]
[pool-2463-thread-1] INFO org.apache.nifi.processors.standard.RouteText - RouteText[id=38a82a0d-69fc-4d87-a6d1-ec924f6828ee] Created FlowFile[283,90491078121411.mockFlowFile,23B] from FlowFile[282,90491078121411.mockFlowFile,23B]; routing to relationship simple
[pool-2463-thread-1] INFO org.apache.nifi.processors.standard.RouteText - RouteText[id=38a82a0d-69fc-4d87-a6d1-ec924f6828ee] Routing FlowFile[282,90491078121411.mockFlowFile,23B] to original
[main] DEBUG org.apache.nifi.processors.standard.RouteText - RouteText[id=38a82a0d-69fc-4d87-a6d1-ec924f6828ee] Adding new dynamic property: PropertyDescriptor[simple]
[pool-2464-thread-1] INFO org.apache.nifi.processors.standard.RouteText - RouteText[id=38a82a0d-69fc-4d87-a6d1-ec924f6828ee] Created FlowFile[285,90491078647828.mockFlowFile,23B] from FlowFile[284,90491078647828.mockFlowFile,23B]; routing to relationship simple
[pool-2464-thread-1] INFO org.apache.nifi.processors.standard.RouteText - RouteText[id=38a82a0d-69fc-4d87-a6d1-ec924f6828ee] Routing FlowFile[284,90491078647828.mockFlowFile,23B] to original
[main] DEBUG org.apache.nifi.processors.standard.RouteText - RouteText[id=38a82a0d-69fc-4d87-a6d1-ec924f6828ee] Adding new dynamic property: PropertyDescriptor[simple]
[pool-2465-thread-1] INFO org.apache.nifi.processors.standard.RouteText - RouteText[id=38a82a0d-69fc-4d87-a6d1-ec924f6828ee] Created FlowFile[287,90491079178829.mockFlowFile,23B] from FlowFile[286,90491079178829.mockFlowFile,23B]; routing to relationship simple
[pool-2465-thread-1] INFO org.apache.nifi.processors.standard.RouteText - RouteText[id=38a82a0d-69fc-4d87-a6d1-ec924f6828ee] Routing FlowFile[286,90491079178829.mockFlowFile,23B] to original
[main] DEBUG org.apache.nifi.processors.standard.RouteText - RouteText[id=38a82a0d-69fc-4d87-a6d1-ec924f6828ee] Adding new dynamic property: PropertyDescriptor[simple]
[pool-2466-thread-1] INFO org.apache.nifi.processors.standard.RouteText - RouteText[id=38a82a0d-69fc-4d87-a6d1-ec924f6828ee] Created FlowFile[289,90491079731676.mockFlowFile,23B] from FlowFile[288,90491079731676.mockFlowFile,23B]; routing to relationship simple
[pool-2466-thread-1] INFO org.apache.nifi.processors.standard.RouteText - RouteText[id=38a82a0d-69fc-4d87-a6d1-ec924f6828ee] Routing FlowFile[288,90491079731676.mockFlowFile,23B] to original
[main] DEBUG org.apache.nifi.processors.standard.RouteText - RouteText[id=38a82a0d-69fc-4d87-a6d1-ec924f6828ee] Adding new dynamic property: PropertyDescriptor[simple]
[pool-2467-thread-1] INFO org.apache.nifi.processors.standard.RouteText - RouteText[id=38a82a0d-69fc-4d87-a6d1-ec924f6828ee] Created FlowFile[291,90491080237749.mockFlowFile,23B] from FlowFile[290,90491080237749.mockFlowFile,23B]; routing to relationship simple
[pool-2467-thread-1] INFO org.apache.nifi.processors.standard.RouteText - RouteText[id=38a82a0d-69fc-4d87-a6d1-ec924f6828ee] Routing FlowFile[290,90491080237749.mockFlowFile,23B] to original
[main] DEBUG org.apache.nifi.processors.standard.RouteText - RouteText[id=38a82a0d-69fc-4d87-a6d1-ec924f6828ee] Adding new dynamic property: PropertyDescriptor[simple]
[pool-2468-thread-1] INFO org.apache.nifi.processors.standard.RouteText - RouteText[id=38a82a0d-69fc-4d87-a6d1-ec924f6828ee] Created FlowFile[293,90491080685569.mockFlowFile,23B] from FlowFile[292,90491080685569.mockFlowFile,23B]; routing to relationship simple
[pool-2468-thread-1] INFO org.apache.nifi.processors.standard.RouteText - RouteText[id=38a82a0d-69fc-4d87-a6d1-ec924f6828ee] Routing FlowFile[292,90491080685569.mockFlowFile,23B] to original
[main] DEBUG org.apache.nifi.processors.standard.RouteText - RouteText[id=38a82a0d-69fc-4d87-a6d1-ec924f6828ee] Adding new dynamic property: PropertyDescriptor[simple]
[pool-2469-thread-1] INFO org.apache.nifi.processors.standard.RouteText - RouteText[id=38a82a0d-69fc-4d87-a6d1-ec924f6828ee] Created FlowFile[295,90491081198046.mockFlowFile,23B] from FlowFile[294,90491081198046.mockFlowFile,23B]; routing to relationship simple
[pool-2469-thread-1] INFO org.apache.nifi.processors.standard.RouteText - RouteText[id=38a82a0d-69fc-4d87-a6d1-ec924f6828ee] Routing FlowFile[294,90491081198046.mockFlowFile,23B] to original
[main] DEBUG org.apache.nifi.processors.standard.RouteText - RouteText[id=38a82a0d-69fc-4d87-a6d1-ec924f6828ee] Adding new dynamic property: PropertyDescriptor[simple]
[pool-2470-thread-1] INFO org.apache.nifi.processors.standard.RouteText - RouteText[id=38a82a0d-69fc-4d87-a6d1-ec924f6828ee] Created FlowFile[297,90491081705837.mockFlowFile,23B] from FlowFile[296,90491081705837.mockFlowFile,23B]; routing to relationship simple
[pool-2470-thread-1] INFO org.apache.nifi.processors.standard.RouteText - RouteText[id=38a82a0d-69fc-4d87-a6d1-ec924f6828ee] Routing FlowFile[296,90491081705837.mockFlowFile,23B] to original
[main] DEBUG org.apache.nifi.processors.standard.RouteText - RouteText[id=38a82a0d-69fc-4d87-a6d1-ec924f6828ee] Adding new dynamic property: PropertyDescriptor[simple]
[pool-2471-thread-1] INFO org.apache.nifi.processors.standard.RouteText - RouteText[id=38a82a0d-69fc-4d87-a6d1-ec924f6828ee] Created FlowFile[299,90491082270774.mockFlowFile,23B] from FlowFile[298,90491082270774.mockFlowFile,23B]; routing to relationship simple
[pool-2471-thread-1] INFO org.apache.nifi.processors.standard.RouteText - RouteText[id=38a82a0d-69fc-4d87-a6d1-ec924f6828ee] Routing FlowFile[298,90491082270774.mockFlowFile,23B] to original
[main] DEBUG org.apache.nifi.processors.standard.RouteText - RouteText[id=38a82a0d-69fc-4d87-a6d1-ec924f6828ee] Adding new dynamic property: PropertyDescriptor[simple]
[pool-2472-thread-1] INFO org.apache.nifi.processors.standard.RouteText - RouteText[id=38a82a0d-69fc-4d87-a6d1-ec924f6828ee] Created FlowFile[301,90491082806499.mockFlowFile,23B] from FlowFile[300,90491082806499.mockFlowFile,23B]; routing to relationship simple
[pool-2472-thread-1] INFO org.apache.nifi.processors.standard.RouteText - RouteText[id=38a82a0d-69fc-4d87-a6d1-ec924f6828ee] Routing FlowFile[300,90491082806499.mockFlowFile,23B] to original
[main] DEBUG org.apache.nifi.processors.standard.RouteText - RouteText[id=38a82a0d-69fc-4d87-a6d1-ec924f6828ee] Adding new dynamic property: PropertyDescriptor[simple]
[pool-2473-thread-1] INFO org.apache.nifi.processors.standard.RouteText - RouteText[id=38a82a0d-69fc-4d87-a6d1-ec924f6828ee] Created FlowFile[303,90491083318272.mockFlowFile,23B] from FlowFile[302,90491083318272.mockFlowFile,23B]; routing to relationship simple
[pool-2473-thread-1] INFO org.apache.nifi.processors.standard.RouteText - RouteText[id=38a82a0d-69fc-4d87-a6d1-ec924f6828ee] Routing FlowFile[302,90491083318272.mockFlowFile,23B] to original
[main] DEBUG org.apache.nifi.processors.standard.RouteText - RouteText[id=38a82a0d-69fc-4d87-a6d1-ec924f6828ee] Adding new dynamic property: PropertyDescriptor[simple]
[pool-2474-thread-1] INFO org.apache.nifi.processors.standard.RouteText - RouteText[id=38a82a0d-69fc-4d87-a6d1-ec924f6828ee] Created FlowFile[305,90491083847256.mockFlowFile,23B] from FlowFile[304,90491083847256.mockFlowFile,23B]; routing to relationship simple
[pool-2474-thread-1] INFO org.apache.nifi.processors.standard.RouteText - RouteText[id=38a82a0d-69fc-4d87-a6d1-ec924f6828ee] Routing FlowFile[304,90491083847256.mockFlowFile,23B] to original
[main] DEBUG org.apache.nifi.processors.standard.RouteText - RouteText[id=38a82a0d-69fc-4d87-a6d1-ec924f6828ee] Adding new dynamic property: PropertyDescriptor[simple]
[pool-2475-thread-1] INFO org.apache.nifi.processors.standard.RouteText - RouteText[id=38a82a0d-69fc-4d87-a6d1-ec924f6828ee] Created FlowFile[307,90491084432538.mockFlowFile,23B] from FlowFile[306,90491084432538.mockFlowFile,23B]; routing to relationship simple
[pool-2475-thread-1] INFO org.apache.nifi.processors.standard.RouteText - RouteText[id=38a82a0d-69fc-4d87-a6d1-ec924f6828ee] Routing FlowFile[306,90491084432538.mockFlowFile,23B] to original
[main] DEBUG org.apache.nifi.processors.standard.RouteText - RouteText[id=38a82a0d-69fc-4d87-a6d1-ec924f6828ee] Adding new dynamic property: PropertyDescriptor[simple]
[pool-2476-thread-1] INFO org.apache.nifi.processors.standard.RouteText - RouteText[id=38a82a0d-69fc-4d87-a6d1-ec924f6828ee] Created FlowFile[309,90491085036461.mockFlowFile,23B] from FlowFile[308,90491085036461.mockFlowFile,23B]; routing to relationship simple
[pool-2476-thread-1] INFO org.apache.nifi.processors.standard.RouteText - RouteText[id=38a82a0d-69fc-4d87-a6d1-ec924f6828ee] Routing FlowFile[308,90491085036461.mockFlowFile,23B] to original
[main] DEBUG org.apache.nifi.processors.standard.RouteText - RouteText[id=38a82a0d-69fc-4d87-a6d1-ec924f6828ee] Adding new dynamic property: PropertyDescriptor[simple]
[pool-2477-thread-1] INFO org.apache.nifi.processors.standard.RouteText - RouteText[id=38a82a0d-69fc-4d87-a6d1-ec924f6828ee] Created FlowFile[311,90491085936549.mockFlowFile,23B] from FlowFile[310,90491085936549.mockFlowFile,23B]; routing to relationship simple
[pool-2477-thread-1] INFO org.apache.nifi.processors.standard.RouteText - RouteText[id=38a82a0d-69fc-4d87-a6d1-ec924f6828ee] Routing FlowFile[310,90491085936549.mockFlowFile,23B] to original
[main] DEBUG org.apache.nifi.processors.standard.RouteText - RouteText[id=38a82a0d-69fc-4d87-a6d1-ec924f6828ee] Adding new dynamic property: PropertyDescriptor[simple]
[pool-2478-thread-1] INFO org.apache.nifi.processors.standard.RouteText - RouteText[id=38a82a0d-69fc-4d87-a6d1-ec924f6828ee] Created FlowFile[313,90491086632746.mockFlowFile,23B] from FlowFile[312,90491086632746.mockFlowFile,23B]; routing to relationship simple
[pool-2478-thread-1] INFO org.apache.nifi.processors.standard.RouteText - RouteText[id=38a82a0d-69fc-4d87-a6d1-ec924f6828ee] Routing FlowFile[312,90491086632746.mockFlowFile,23B] to original
[main] DEBUG org.apache.nifi.processors.standard.RouteText - RouteText[id=38a82a0d-69fc-4d87-a6d1-ec924f6828ee] Adding new dynamic property: PropertyDescriptor[simple]
[pool-2479-thread-1] INFO org.apache.nifi.processors.standard.RouteText - RouteText[id=38a82a0d-69fc-4d87-a6d1-ec924f6828ee] Created FlowFile[315,90491087286636.mockFlowFile,23B] from FlowFile[314,90491087286636.mockFlowFile,23B]; routing to relationship simple
[pool-2479-thread-1] INFO org.apache.nifi.processors.standard.RouteText - RouteText[id=38a82a0d-69fc-4d87-a6d1-ec924f6828ee] Routing FlowFile[314,90491087286636.mockFlowFile,23B] to original
[main] DEBUG org.apache.nifi.processors.standard.RouteText - RouteText[id=38a82a0d-69fc-4d87-a6d1-ec924f6828ee] Adding new dynamic property: PropertyDescriptor[simple]
[pool-2480-thread-1] INFO org.apache.nifi.processors.standard.RouteText - RouteText[id=38a82a0d-69fc-4d87-a6d1-ec924f6828ee] Created FlowFile[317,90491087886161.mockFlowFile,23B] from FlowFile[316,90491087886161.mockFlowFile,23B]; routing to relationship simple
[pool-2480-thread-1] INFO org.apache.nifi.processors.standard.RouteText - RouteText[id=38a82a0d-69fc-4d87-a6d1-ec924f6828ee] Routing FlowFile[316,90491087886161.mockFlowFile,23B] to original
[main] DEBUG org.apache.nifi.processors.standard.RouteText - RouteText[id=38a82a0d-69fc-4d87-a6d1-ec924f6828ee] Adding new dynamic property: PropertyDescriptor[simple]
[pool-2481-thread-1] INFO org.apache.nifi.processors.standard.RouteText - RouteText[id=38a82a0d-69fc-4d87-a6d1-ec924f6828ee] Created FlowFile[319,90491088433179.mockFlowFile,23B] from FlowFile[318,90491088433179.mockFlowFile,23B]; routing to relationship simple
[pool-2481-thread-1] INFO org.apache.nifi.processors.standard.RouteText - RouteText[id=38a82a0d-69fc-4d87-a6d1-ec924f6828ee] Routing FlowFile[318,90491088433179.mockFlowFile,23B] to original
[main] DEBUG org.apache.nifi.processors.standard.RouteText - RouteText[id=38a82a0d-69fc-4d87-a6d1-ec924f6828ee] Adding new dynamic property: PropertyDescriptor[simple]
[pool-2482-thread-1] INFO org.apache.nifi.processors.standard.RouteText - RouteText[id=38a82a0d-69fc-4d87-a6d1-ec924f6828ee] Created FlowFile[321,90491089024642.mockFlowFile,23B] from FlowFile[320,90491089024642.mockFlowFile,23B]; routing to relationship simple
[pool-2482-thread-1] INFO org.apache.nifi.processors.standard.RouteText - RouteText[id=38a82a0d-69fc-4d87-a6d1-ec924f6828ee] Routing FlowFile[320,90491089024642.mockFlowFile,23B] to original
[main] DEBUG org.apache.nifi.processors.standard.RouteText - RouteText[id=38a82a0d-69fc-4d87-a6d1-ec924f6828ee] Adding new dynamic property: PropertyDescriptor[simple]
[pool-2483-thread-1] INFO org.apache.nifi.processors.standard.RouteText - RouteText[id=38a82a0d-69fc-4d87-a6d1-ec924f6828ee] Created FlowFile[323,90491089591365.mockFlowFile,23B] from FlowFile[322,90491089591365.mockFlowFile,23B]; routing to relationship simple
[pool-2483-thread-1] INFO org.apache.nifi.processors.standard.RouteText - RouteText[id=38a82a0d-69fc-4d87-a6d1-ec924f6828ee] Routing FlowFile[322,90491089591365.mockFlowFile,23B] to original
[main] DEBUG org.apache.nifi.processors.standard.RouteText - RouteText[id=38a82a0d-69fc-4d87-a6d1-ec924f6828ee] Adding new dynamic property: PropertyDescriptor[simple]
[pool-2484-thread-1] INFO org.apache.nifi.processors.standard.RouteText - RouteText[id=38a82a0d-69fc-4d87-a6d1-ec924f6828ee] Created FlowFile[325,90491090202744.mockFlowFile,23B] from FlowFile[324,90491090202744.mockFlowFile,23B]; routing to relationship simple
[pool-2484-thread-1] INFO org.apache.nifi.processors.standard.RouteText - RouteText[id=38a82a0d-69fc-4d87-a6d1-ec924f6828ee] Routing FlowFile[324,90491090202744.mockFlowFile,23B] to original
[main] DEBUG org.apache.nifi.processors.standard.RouteText - RouteText[id=38a82a0d-69fc-4d87-a6d1-ec924f6828ee] Adding new dynamic property: PropertyDescriptor[simple]
[pool-2485-thread-1] INFO org.apache.nifi.processors.standard.RouteText - RouteText[id=38a82a0d-69fc-4d87-a6d1-ec924f6828ee] Created FlowFile[327,90491090794800.mockFlowFile,23B] from FlowFile[326,90491090794800.mockFlowFile,23B]; routing to relationship simple
[pool-2485-thread-1] INFO org.apache.nifi.processors.standard.RouteText - RouteText[id=38a82a0d-69fc-4d87-a6d1-ec924f6828ee] Routing FlowFile[326,90491090794800.mockFlowFile,23B] to original
[main] DEBUG org.apache.nifi.processors.standard.RouteText - RouteText[id=38a82a0d-69fc-4d87-a6d1-ec924f6828ee] Adding new dynamic property: PropertyDescriptor[simple]
[pool-2486-thread-1] INFO org.apache.nifi.processors.standard.RouteText - RouteText[id=38a82a0d-69fc-4d87-a6d1-ec924f6828ee] Created FlowFile[329,90491091330762.mockFlowFile,23B] from FlowFile[328,90491091330762.mockFlowFile,23B]; routing to relationship simple
[pool-2486-thread-1] INFO org.apache.nifi.processors.standard.RouteText - RouteText[id=38a82a0d-69fc-4d87-a6d1-ec924f6828ee] Routing FlowFile[328,90491091330762.mockFlowFile,23B] to original
[main] DEBUG org.apache.nifi.processors.standard.RouteText - RouteText[id=38a82a0d-69fc-4d87-a6d1-ec924f6828ee] Adding new dynamic property: PropertyDescriptor[simple]
[pool-2487-thread-1] INFO org.apache.nifi.processors.standard.RouteText - RouteText[id=38a82a0d-69fc-4d87-a6d1-ec924f6828ee] Created FlowFile[331,90491091852639.mockFlowFile,23B] from FlowFile[330,90491091852639.mockFlowFile,23B]; routing to relationship simple
[pool-2487-thread-1] INFO org.apache.nifi.processors.standard.RouteText - RouteText[id=38a82a0d-69fc-4d87-a6d1-ec924f6828ee] Routing FlowFile[330,90491091852639.mockFlowFile,23B] to original
[main] DEBUG org.apache.nifi.processors.standard.RouteText - RouteText[id=38a82a0d-69fc-4d87-a6d1-ec924f6828ee] Adding new dynamic property: PropertyDescriptor[simple]
[pool-2488-thread-1] INFO org.apache.nifi.processors.standard.RouteText - RouteText[id=38a82a0d-69fc-4d87-a6d1-ec924f6828ee] Created FlowFile[333,90491092390387.mockFlowFile,23B] from FlowFile[332,90491092390387.mockFlowFile,23B]; routing to relationship simple
[pool-2488-thread-1] INFO org.apache.nifi.processors.standard.RouteText - RouteText[id=38a82a0d-69fc-4d87-a6d1-ec924f6828ee] Routing FlowFile[332,90491092390387.mockFlowFile,23B] to original
[main] DEBUG org.apache.nifi.processors.standard.RouteText - RouteText[id=38a82a0d-69fc-4d87-a6d1-ec924f6828ee] Adding new dynamic property: PropertyDescriptor[simple]
[pool-2489-thread-1] INFO org.apache.nifi.processors.standard.RouteText - RouteText[id=38a82a0d-69fc-4d87-a6d1-ec924f6828ee] Created FlowFile[335,90491092869478.mockFlowFile,23B] from FlowFile[334,90491092869478.mockFlowFile,23B]; routing to relationship simple
[pool-2489-thread-1] INFO org.apache.nifi.processors.standard.RouteText - RouteText[id=38a82a0d-69fc-4d87-a6d1-ec924f6828ee] Routing FlowFile[334,90491092869478.mockFlowFile,23B] to original
[main] DEBUG org.apache.nifi.processors.standard.RouteText - RouteText[id=38a82a0d-69fc-4d87-a6d1-ec924f6828ee] Adding new dynamic property: PropertyDescriptor[simple]
[pool-2490-thread-1] INFO org.apache.nifi.processors.standard.RouteText - RouteText[id=38a82a0d-69fc-4d87-a6d1-ec924f6828ee] Created FlowFile[337,90491093404322.mockFlowFile,23B] from FlowFile[336,90491093404322.mockFlowFile,23B]; routing to relationship simple
[pool-2490-thread-1] INFO org.apache.nifi.processors.standard.RouteText - RouteText[id=38a82a0d-69fc-4d87-a6d1-ec924f6828ee] Routing FlowFile[336,90491093404322.mockFlowFile,23B] to original
[main] DEBUG org.apache.nifi.processors.standard.RouteText - RouteText[id=38a82a0d-69fc-4d87-a6d1-ec924f6828ee] Adding new dynamic property: PropertyDescriptor[simple]
[pool-2491-thread-1] INFO org.apache.nifi.processors.standard.RouteText - RouteText[id=38a82a0d-69fc-4d87-a6d1-ec924f6828ee] Created FlowFile[339,90491093936325.mockFlowFile,23B] from FlowFile[338,90491093936325.mockFlowFile,23B]; routing to relationship simple
[pool-2491-thread-1] INFO org.apache.nifi.processors.standard.RouteText - RouteText[id=38a82a0d-69fc-4d87-a6d1-ec924f6828ee] Routing FlowFile[338,90491093936325.mockFlowFile,23B] to original
[main] DEBUG org.apache.nifi.processors.standard.RouteText - RouteText[id=38a82a0d-69fc-4d87-a6d1-ec924f6828ee] Adding new dynamic property: PropertyDescriptor[simple]
[pool-2492-thread-1] INFO org.apache.nifi.processors.standard.RouteText - RouteText[id=38a82a0d-69fc-4d87-a6d1-ec924f6828ee] Created FlowFile[341,90491094460255.mockFlowFile,23B] from FlowFile[340,90491094460255.mockFlowFile,23B]; routing to relationship simple
[pool-2492-thread-1] INFO org.apache.nifi.processors.standard.RouteText - RouteText[id=38a82a0d-69fc-4d87-a6d1-ec924f6828ee] Routing FlowFile[340,90491094460255.mockFlowFile,23B] to original
[main] DEBUG org.apache.nifi.processors.standard.RouteText - RouteText[id=38a82a0d-69fc-4d87-a6d1-ec924f6828ee] Adding new dynamic property: PropertyDescriptor[simple]
[pool-2493-thread-1] INFO org.apache.nifi.processors.standard.RouteText - RouteText[id=38a82a0d-69fc-4d87-a6d1-ec924f6828ee] Created FlowFile[343,90491094973144.mockFlowFile,23B] from FlowFile[342,90491094973144.mockFlowFile,23B]; routing to relationship simple
[pool-2493-thread-1] INFO org.apache.nifi.processors.standard.RouteText - RouteText[id=38a82a0d-69fc-4d87-a6d1-ec924f6828ee] Routing FlowFile[342,90491094973144.mockFlowFile,23B] to original
[main] DEBUG org.apache.nifi.processors.standard.RouteText - RouteText[id=38a82a0d-69fc-4d87-a6d1-ec924f6828ee] Adding new dynamic property: PropertyDescriptor[simple]
[pool-2494-thread-1] INFO org.apache.nifi.processors.standard.RouteText - RouteText[id=38a82a0d-69fc-4d87-a6d1-ec924f6828ee] Created FlowFile[345,90491095454492.mockFlowFile,23B] from FlowFile[344,90491095454492.mockFlowFile,23B]; routing to relationship simple
[pool-2494-thread-1] INFO org.apache.nifi.processors.standard.RouteText - RouteText[id=38a82a0d-69fc-4d87-a6d1-ec924f6828ee] Routing FlowFile[344,90491095454492.mockFlowFile,23B] to original
[main] DEBUG org.apache.nifi.processors.standard.RouteText - RouteText[id=38a82a0d-69fc-4d87-a6d1-ec924f6828ee] Adding new dynamic property: PropertyDescriptor[simple]
[pool-2495-thread-1] INFO org.apache.nifi.processors.standard.RouteText - RouteText[id=38a82a0d-69fc-4d87-a6d1-ec924f6828ee] Created FlowFile[347,90491095987195.mockFlowFile,23B] from FlowFile[346,90491095987195.mockFlowFile,23B]; routing to relationship simple
[pool-2495-thread-1] INFO org.apache.nifi.processors.standard.RouteText - RouteText[id=38a82a0d-69fc-4d87-a6d1-ec924f6828ee] Routing FlowFile[346,90491095987195.mockFlowFile,23B] to original
[main] DEBUG org.apache.nifi.processors.standard.RouteText - RouteText[id=38a82a0d-69fc-4d87-a6d1-ec924f6828ee] Adding new dynamic property: PropertyDescriptor[simple]
[pool-2496-thread-1] INFO org.apache.nifi.processors.standard.RouteText - RouteText[id=38a82a0d-69fc-4d87-a6d1-ec924f6828ee] Created FlowFile[349,90491096591821.mockFlowFile,23B] from FlowFile[348,90491096591821.mockFlowFile,23B]; routing to relationship simple
[pool-2496-thread-1] INFO org.apache.nifi.processors.standard.RouteText - RouteText[id=38a82a0d-69fc-4d87-a6d1-ec924f6828ee] Routing FlowFile[348,90491096591821.mockFlowFile,23B] to original
[main] DEBUG org.apache.nifi.processors.standard.RouteText - RouteText[id=38a82a0d-69fc-4d87-a6d1-ec924f6828ee] Adding new dynamic property: PropertyDescriptor[simple]
[pool-2497-thread-1] INFO org.apache.nifi.processors.standard.RouteText - RouteText[id=38a82a0d-69fc-4d87-a6d1-ec924f6828ee] Created FlowFile[351,90491097162425.mockFlowFile,23B] from FlowFile[350,90491097162425.mockFlowFile,23B]; routing to relationship simple
[pool-2497-thread-1] INFO org.apache.nifi.processors.standard.RouteText - RouteText[id=38a82a0d-69fc-4d87-a6d1-ec924f6828ee] Routing FlowFile[350,90491097162425.mockFlowFile,23B] to original
[main] DEBUG org.apache.nifi.processors.standard.RouteText - RouteText[id=38a82a0d-69fc-4d87-a6d1-ec924f6828ee] Adding new dynamic property: PropertyDescriptor[simple]
[pool-2498-thread-1] INFO org.apache.nifi.processors.standard.RouteText - RouteText[id=38a82a0d-69fc-4d87-a6d1-ec924f6828ee] Created FlowFile[353,90491097762332.mockFlowFile,23B] from FlowFile[352,90491097762332.mockFlowFile,23B]; routing to relationship simple
[pool-2498-thread-1] INFO org.apache.nifi.processors.standard.RouteText - RouteText[id=38a82a0d-69fc-4d87-a6d1-ec924f6828ee] Routing FlowFile[352,90491097762332.mockFlowFile,23B] to original
[main] DEBUG org.apache.nifi.processors.standard.RouteText - RouteText[id=38a82a0d-69fc-4d87-a6d1-ec924f6828ee] Adding new dynamic property: PropertyDescriptor[simple]
[pool-2499-thread-1] INFO org.apache.nifi.processors.standard.RouteText - RouteText[id=38a82a0d-69fc-4d87-a6d1-ec924f6828ee] Created FlowFile[355,90491098335136.mockFlowFile,23B] from FlowFile[354,90491098335136.mockFlowFile,23B]; routing to relationship simple
[pool-2499-thread-1] INFO org.apache.nifi.processors.standard.RouteText - RouteText[id=38a82a0d-69fc-4d87-a6d1-ec924f6828ee] Routing FlowFile[354,90491098335136.mockFlowFile,23B] to original
[main] DEBUG org.apache.nifi.processors.standard.RouteText - RouteText[id=38a82a0d-69fc-4d87-a6d1-ec924f6828ee] Adding new dynamic property: PropertyDescriptor[simple]
[pool-2500-thread-1] INFO org.apache.nifi.processors.standard.RouteText - RouteText[id=38a82a0d-69fc-4d87-a6d1-ec924f6828ee] Created FlowFile[357,90491098871123.mockFlowFile,23B] from FlowFile[356,90491098871123.mockFlowFile,23B]; routing to relationship simple
[pool-2500-thread-1] INFO org.apache.nifi.processors.standard.RouteText - RouteText[id=38a82a0d-69fc-4d87-a6d1-ec924f6828ee] Routing FlowFile[356,90491098871123.mockFlowFile,23B] to original
[main] DEBUG org.apache.nifi.processors.standard.RouteText - RouteText[id=38a82a0d-69fc-4d87-a6d1-ec924f6828ee] Adding new dynamic property: PropertyDescriptor[simple]
[pool-2501-thread-1] INFO org.apache.nifi.processors.standard.RouteText - RouteText[id=38a82a0d-69fc-4d87-a6d1-ec924f6828ee] Created FlowFile[359,90491099411891.mockFlowFile,23B] from FlowFile[358,90491099411891.mockFlowFile,23B]; routing to relationship simple
[pool-2501-thread-1] INFO org.apache.nifi.processors.standard.RouteText - RouteText[id=38a82a0d-69fc-4d87-a6d1-ec924f6828ee] Routing FlowFile[358,90491099411891.mockFlowFile,23B] to original
[main] DEBUG org.apache.nifi.processors.standard.RouteText - RouteText[id=38a82a0d-69fc-4d87-a6d1-ec924f6828ee] Adding new dynamic property: PropertyDescriptor[simple]
[pool-2502-thread-1] INFO org.apache.nifi.processors.standard.RouteText - RouteText[id=38a82a0d-69fc-4d87-a6d1-ec924f6828ee] Created FlowFile[361,90491099915997.mockFlowFile,23B] from FlowFile[360,90491099915997.mockFlowFile,23B]; routing to relationship simple
[pool-2502-thread-1] INFO org.apache.nifi.processors.standard.RouteText - RouteText[id=38a82a0d-69fc-4d87-a6d1-ec924f6828ee] Routing FlowFile[360,90491099915997.mockFlowFile,23B] to original
[main] DEBUG org.apache.nifi.processors.standard.RouteText - RouteText[id=38a82a0d-69fc-4d87-a6d1-ec924f6828ee] Adding new dynamic property: PropertyDescriptor[simple]
[pool-2503-thread-1] INFO org.apache.nifi.processors.standard.RouteText - RouteText[id=38a82a0d-69fc-4d87-a6d1-ec924f6828ee] Created FlowFile[363,90491100435801.mockFlowFile,23B] from FlowFile[362,90491100435801.mockFlowFile,23B]; routing to relationship simple
[pool-2503-thread-1] INFO org.apache.nifi.processors.standard.RouteText - RouteText[id=38a82a0d-69fc-4d87-a6d1-ec924f6828ee] Routing FlowFile[362,90491100435801.mockFlowFile,23B] to original
[main] DEBUG org.apache.nifi.processors.standard.RouteText - RouteText[id=38a82a0d-69fc-4d87-a6d1-ec924f6828ee] Adding new dynamic property: PropertyDescriptor[simple]
[pool-2504-thread-1] INFO org.apache.nifi.processors.standard.RouteText - RouteText[id=38a82a0d-69fc-4d87-a6d1-ec924f6828ee] Created FlowFile[365,90491100943551.mockFlowFile,23B] from FlowFile[364,90491100943551.mockFlowFile,23B]; routing to relationship simple
[pool-2504-thread-1] INFO org.apache.nifi.processors.standard.RouteText - RouteText[id=38a82a0d-69fc-4d87-a6d1-ec924f6828ee] Routing FlowFile[364,90491100943551.mockFlowFile,23B] to original
[main] DEBUG org.apache.nifi.processors.standard.RouteText - RouteText[id=38a82a0d-69fc-4d87-a6d1-ec924f6828ee] Adding new dynamic property: PropertyDescriptor[simple]
[pool-2505-thread-1] INFO org.apache.nifi.processors.standard.RouteText - RouteText[id=38a82a0d-69fc-4d87-a6d1-ec924f6828ee] Created FlowFile[367,90491101484084.mockFlowFile,23B] from FlowFile[366,90491101484084.mockFlowFile,23B]; routing to relationship simple
[pool-2505-thread-1] INFO org.apache.nifi.processors.standard.RouteText - RouteText[id=38a82a0d-69fc-4d87-a6d1-ec924f6828ee] Routing FlowFile[366,90491101484084.mockFlowFile,23B] to original
[main] DEBUG org.apache.nifi.processors.standard.RouteText - RouteText[id=38a82a0d-69fc-4d87-a6d1-ec924f6828ee] Adding new dynamic property: PropertyDescriptor[simple]
[pool-2506-thread-1] INFO org.apache.nifi.processors.standard.RouteText - RouteText[id=38a82a0d-69fc-4d87-a6d1-ec924f6828ee] Created FlowFile[369,90491102033367.mockFlowFile,23B] from FlowFile[368,90491102033367.mockFlowFile,23B]; routing to relationship simple
[pool-2506-thread-1] INFO org.apache.nifi.processors.standard.RouteText - RouteText[id=38a82a0d-69fc-4d87-a6d1-ec924f6828ee] Routing FlowFile[368,90491102033367.mockFlowFile,23B] to original
[main] DEBUG org.apache.nifi.processors.standard.RouteText - RouteText[id=38a82a0d-69fc-4d87-a6d1-ec924f6828ee] Adding new dynamic property: PropertyDescriptor[simple]
[pool-2507-thread-1] INFO org.apache.nifi.processors.standard.RouteText - RouteText[id=38a82a0d-69fc-4d87-a6d1-ec924f6828ee] Created FlowFile[371,90491102537099.mockFlowFile,23B] from FlowFile[370,90491102537099.mockFlowFile,23B]; routing to relationship simple
[pool-2507-thread-1] INFO org.apache.nifi.processors.standard.RouteText - RouteText[id=38a82a0d-69fc-4d87-a6d1-ec924f6828ee] Routing FlowFile[370,90491102537099.mockFlowFile,23B] to original
[main] DEBUG org.apache.nifi.processors.standard.RouteText - RouteText[id=38a82a0d-69fc-4d87-a6d1-ec924f6828ee] Adding new dynamic property: PropertyDescriptor[simple]
[pool-2508-thread-1] INFO org.apache.nifi.processors.standard.RouteText - RouteText[id=38a82a0d-69fc-4d87-a6d1-ec924f6828ee] Created FlowFile[373,90491103177072.mockFlowFile,23B] from FlowFile[372,90491103177072.mockFlowFile,23B]; routing to relationship simple
[pool-2508-thread-1] INFO org.apache.nifi.processors.standard.RouteText - RouteText[id=38a82a0d-69fc-4d87-a6d1-ec924f6828ee] Routing FlowFile[372,90491103177072.mockFlowFile,23B] to original
[main] DEBUG org.apache.nifi.processors.standard.RouteText - RouteText[id=38a82a0d-69fc-4d87-a6d1-ec924f6828ee] Adding new dynamic property: PropertyDescriptor[simple]
[pool-2509-thread-1] INFO org.apache.nifi.processors.standard.RouteText - RouteText[id=38a82a0d-69fc-4d87-a6d1-ec924f6828ee] Created FlowFile[375,90491103883431.mockFlowFile,23B] from FlowFile[374,90491103883431.mockFlowFile,23B]; routing to relationship simple
[pool-2509-thread-1] INFO org.apache.nifi.processors.standard.RouteText - RouteText[id=38a82a0d-69fc-4d87-a6d1-ec924f6828ee] Routing FlowFile[374,90491103883431.mockFlowFile,23B] to original
[main] DEBUG org.apache.nifi.processors.standard.RouteText - RouteText[id=38a82a0d-69fc-4d87-a6d1-ec924f6828ee] Adding new dynamic property: PropertyDescriptor[simple]
[pool-2510-thread-1] INFO org.apache.nifi.processors.standard.RouteText - RouteText[id=38a82a0d-69fc-4d87-a6d1-ec924f6828ee] Created FlowFile[377,90491104765240.mockFlowFile,23B] from FlowFile[376,90491104765240.mockFlowFile,23B]; routing to relationship simple
[pool-2510-thread-1] INFO org.apache.nifi.processors.standard.RouteText - RouteText[id=38a82a0d-69fc-4d87-a6d1-ec924f6828ee] Routing FlowFile[376,90491104765240.mockFlowFile,23B] to original
[main] DEBUG org.apache.nifi.processors.standard.RouteText - RouteText[id=38a82a0d-69fc-4d87-a6d1-ec924f6828ee] Adding new dynamic property: PropertyDescriptor[simple]
[pool-2511-thread-1] INFO org.apache.nifi.processors.standard.RouteText - RouteText[id=38a82a0d-69fc-4d87-a6d1-ec924f6828ee] Created FlowFile[379,90491105519402.mockFlowFile,23B] from FlowFile[378,90491105519402.mockFlowFile,23B]; routing to relationship simple
[pool-2511-thread-1] INFO org.apache.nifi.processors.standard.RouteText - RouteText[id=38a82a0d-69fc-4d87-a6d1-ec924f6828ee] Routing FlowFile[378,90491105519402.mockFlowFile,23B] to original
[main] DEBUG org.apache.nifi.processors.standard.RouteText - RouteText[id=38a82a0d-69fc-4d87-a6d1-ec924f6828ee] Adding new dynamic property: PropertyDescriptor[simple]
[pool-2512-thread-1] INFO org.apache.nifi.processors.standard.RouteText - RouteText[id=38a82a0d-69fc-4d87-a6d1-ec924f6828ee] Created FlowFile[381,90491106181452.mockFlowFile,23B] from FlowFile[380,90491106181452.mockFlowFile,23B]; routing to relationship simple
[pool-2512-thread-1] INFO org.apache.nifi.processors.standard.RouteText - RouteText[id=38a82a0d-69fc-4d87-a6d1-ec924f6828ee] Routing FlowFile[380,90491106181452.mockFlowFile,23B] to original
[main] DEBUG org.apache.nifi.processors.standard.RouteText - RouteText[id=38a82a0d-69fc-4d87-a6d1-ec924f6828ee] Adding new dynamic property: PropertyDescriptor[simple]
[pool-2513-thread-1] INFO org.apache.nifi.processors.standard.RouteText - RouteText[id=38a82a0d-69fc-4d87-a6d1-ec924f6828ee] Created FlowFile[383,90491106796877.mockFlowFile,23B] from FlowFile[382,90491106796877.mockFlowFile,23B]; routing to relationship simple
[pool-2513-thread-1] INFO org.apache.nifi.processors.standard.RouteText - RouteText[id=38a82a0d-69fc-4d87-a6d1-ec924f6828ee] Routing FlowFile[382,90491106796877.mockFlowFile,23B] to original
[main] DEBUG org.apache.nifi.processors.standard.RouteText - RouteText[id=38a82a0d-69fc-4d87-a6d1-ec924f6828ee] Adding new dynamic property: PropertyDescriptor[simple]
[pool-2514-thread-1] INFO org.apache.nifi.processors.standard.RouteText - RouteText[id=38a82a0d-69fc-4d87-a6d1-ec924f6828ee] Created FlowFile[385,90491107371177.mockFlowFile,23B] from FlowFile[384,90491107371177.mockFlowFile,23B]; routing to relationship simple
[pool-2514-thread-1] INFO org.apache.nifi.processors.standard.RouteText - RouteText[id=38a82a0d-69fc-4d87-a6d1-ec924f6828ee] Routing FlowFile[384,90491107371177.mockFlowFile,23B] to original
[main] DEBUG org.apache.nifi.processors.standard.RouteText - RouteText[id=38a82a0d-69fc-4d87-a6d1-ec924f6828ee] Adding new dynamic property: PropertyDescriptor[simple]
[pool-2515-thread-1] INFO org.apache.nifi.processors.standard.RouteText - RouteText[id=38a82a0d-69fc-4d87-a6d1-ec924f6828ee] Created FlowFile[387,90491108024886.mockFlowFile,23B] from FlowFile[386,90491108024886.mockFlowFile,23B]; routing to relationship simple
[pool-2515-thread-1] INFO org.apache.nifi.processors.standard.RouteText - RouteText[id=38a82a0d-69fc-4d87-a6d1-ec924f6828ee] Routing FlowFile[386,90491108024886.mockFlowFile,23B] to original
[main] DEBUG org.apache.nifi.processors.standard.RouteText - RouteText[id=38a82a0d-69fc-4d87-a6d1-ec924f6828ee] Adding new dynamic property: PropertyDescriptor[simple]
[pool-2516-thread-1] INFO org.apache.nifi.processors.standard.RouteText - RouteText[id=38a82a0d-69fc-4d87-a6d1-ec924f6828ee] Created FlowFile[389,90491108584688.mockFlowFile,23B] from FlowFile[388,90491108584688.mockFlowFile,23B]; routing to relationship simple
[pool-2516-thread-1] INFO org.apache.nifi.processors.standard.RouteText - RouteText[id=38a82a0d-69fc-4d87-a6d1-ec924f6828ee] Routing FlowFile[388,90491108584688.mockFlowFile,23B] to original
[main] DEBUG org.apache.nifi.processors.standard.RouteText - RouteText[id=38a82a0d-69fc-4d87-a6d1-ec924f6828ee] Adding new dynamic property: PropertyDescriptor[simple]
[pool-2517-thread-1] INFO org.apache.nifi.processors.standard.RouteText - RouteText[id=38a82a0d-69fc-4d87-a6d1-ec924f6828ee] Created FlowFile[391,90491109160808.mockFlowFile,23B] from FlowFile[390,90491109160808.mockFlowFile,23B]; routing to relationship simple
[pool-2517-thread-1] INFO org.apache.nifi.processors.standard.RouteText - RouteText[id=38a82a0d-69fc-4d87-a6d1-ec924f6828ee] Routing FlowFile[390,90491109160808.mockFlowFile,23B] to original
[main] DEBUG org.apache.nifi.processors.standard.RouteText - RouteText[id=38a82a0d-69fc-4d87-a6d1-ec924f6828ee] Adding new dynamic property: PropertyDescriptor[simple]
[pool-2518-thread-1] INFO org.apache.nifi.processors.standard.RouteText - RouteText[id=38a82a0d-69fc-4d87-a6d1-ec924f6828ee] Created FlowFile[393,90491109732639.mockFlowFile,23B] from FlowFile[392,90491109732639.mockFlowFile,23B]; routing to relationship simple
[pool-2518-thread-1] INFO org.apache.nifi.processors.standard.RouteText - RouteText[id=38a82a0d-69fc-4d87-a6d1-ec924f6828ee] Routing FlowFile[392,90491109732639.mockFlowFile,23B] to original
[main] DEBUG org.apache.nifi.processors.standard.RouteText - RouteText[id=38a82a0d-69fc-4d87-a6d1-ec924f6828ee] Adding new dynamic property: PropertyDescriptor[simple]
[pool-2519-thread-1] INFO org.apache.nifi.processors.standard.RouteText - RouteText[id=38a82a0d-69fc-4d87-a6d1-ec924f6828ee] Created FlowFile[395,90491110376363.mockFlowFile,23B] from FlowFile[394,90491110376363.mockFlowFile,23B]; routing to relationship simple
[pool-2519-thread-1] INFO org.apache.nifi.processors.standard.RouteText - RouteText[id=38a82a0d-69fc-4d87-a6d1-ec924f6828ee] Routing FlowFile[394,90491110376363.mockFlowFile,23B] to original
[main] DEBUG org.apache.nifi.processors.standard.RouteText - RouteText[id=38a82a0d-69fc-4d87-a6d1-ec924f6828ee] Adding new dynamic property: PropertyDescriptor[simple]
[pool-2520-thread-1] INFO org.apache.nifi.processors.standard.RouteText - RouteText[id=38a82a0d-69fc-4d87-a6d1-ec924f6828ee] Created FlowFile[397,90491111004409.mockFlowFile,23B] from FlowFile[396,90491111004409.mockFlowFile,23B]; routing to relationship simple
[pool-2520-thread-1] INFO org.apache.nifi.processors.standard.RouteText - RouteText[id=38a82a0d-69fc-4d87-a6d1-ec924f6828ee] Routing FlowFile[396,90491111004409.mockFlowFile,23B] to original
[main] DEBUG org.apache.nifi.processors.standard.RouteText - RouteText[id=38a82a0d-69fc-4d87-a6d1-ec924f6828ee] Adding new dynamic property: PropertyDescriptor[simple]
[pool-2521-thread-1] INFO org.apache.nifi.processors.standard.RouteText - RouteText[id=38a82a0d-69fc-4d87-a6d1-ec924f6828ee] Created FlowFile[399,90491111588573.mockFlowFile,23B] from FlowFile[398,90491111588573.mockFlowFile,23B]; routing to relationship simple
[pool-2521-thread-1] INFO org.apache.nifi.processors.standard.RouteText - RouteText[id=38a82a0d-69fc-4d87-a6d1-ec924f6828ee] Routing FlowFile[398,90491111588573.mockFlowFile,23B] to original
[main] DEBUG org.apache.nifi.processors.standard.RouteText - RouteText[id=38a82a0d-69fc-4d87-a6d1-ec924f6828ee] Adding new dynamic property: PropertyDescriptor[simple]
[pool-2522-thread-1] INFO org.apache.nifi.processors.standard.RouteText - RouteText[id=38a82a0d-69fc-4d87-a6d1-ec924f6828ee] Created FlowFile[401,90491112238713.mockFlowFile,23B] from FlowFile[400,90491112238713.mockFlowFile,23B]; routing to relationship simple
[pool-2522-thread-1] INFO org.apache.nifi.processors.standard.RouteText - RouteText[id=38a82a0d-69fc-4d87-a6d1-ec924f6828ee] Routing FlowFile[400,90491112238713.mockFlowFile,23B] to original
[main] DEBUG org.apache.nifi.processors.standard.RouteText - RouteText[id=38a82a0d-69fc-4d87-a6d1-ec924f6828ee] Adding new dynamic property: PropertyDescriptor[simple]
[pool-2523-thread-1] INFO org.apache.nifi.processors.standard.RouteText - RouteText[id=38a82a0d-69fc-4d87-a6d1-ec924f6828ee] Created FlowFile[403,90491112933393.mockFlowFile,23B] from FlowFile[402,90491112933393.mockFlowFile,23B]; routing to relationship simple
[pool-2523-thread-1] INFO org.apache.nifi.processors.standard.RouteText - RouteText[id=38a82a0d-69fc-4d87-a6d1-ec924f6828ee] Routing FlowFile[402,90491112933393.mockFlowFile,23B] to original
[main] DEBUG org.apache.nifi.processors.standard.RouteText - RouteText[id=38a82a0d-69fc-4d87-a6d1-ec924f6828ee] Adding new dynamic property: PropertyDescriptor[simple]
[pool-2524-thread-1] INFO org.apache.nifi.processors.standard.RouteText - RouteText[id=38a82a0d-69fc-4d87-a6d1-ec924f6828ee] Created FlowFile[405,90491113548711.mockFlowFile,23B] from FlowFile[404,90491113548711.mockFlowFile,23B]; routing to relationship simple
[pool-2524-thread-1] INFO org.apache.nifi.processors.standard.RouteText - RouteText[id=38a82a0d-69fc-4d87-a6d1-ec924f6828ee] Routing FlowFile[404,90491113548711.mockFlowFile,23B] to original
[main] DEBUG org.apache.nifi.processors.standard.RouteText - RouteText[id=38a82a0d-69fc-4d87-a6d1-ec924f6828ee] Adding new dynamic property: PropertyDescriptor[simple]
[pool-2525-thread-1] INFO org.apache.nifi.processors.standard.RouteText - RouteText[id=38a82a0d-69fc-4d87-a6d1-ec924f6828ee] Created FlowFile[407,90491114145519.mockFlowFile,23B] from FlowFile[406,90491114145519.mockFlowFile,23B]; routing to relationship simple
[pool-2525-thread-1] INFO org.apache.nifi.processors.standard.RouteText - RouteText[id=38a82a0d-69fc-4d87-a6d1-ec924f6828ee] Routing FlowFile[406,90491114145519.mockFlowFile,23B] to original
[main] DEBUG org.apache.nifi.processors.standard.RouteText - RouteText[id=38a82a0d-69fc-4d87-a6d1-ec924f6828ee] Adding new dynamic property: PropertyDescriptor[simple]
[pool-2526-thread-1] INFO org.apache.nifi.processors.standard.RouteText - RouteText[id=38a82a0d-69fc-4d87-a6d1-ec924f6828ee] Created FlowFile[409,90491114735799.mockFlowFile,23B] from FlowFile[408,90491114735799.mockFlowFile,23B]; routing to relationship simple
[pool-2526-thread-1] INFO org.apache.nifi.processors.standard.RouteText - RouteText[id=38a82a0d-69fc-4d87-a6d1-ec924f6828ee] Routing FlowFile[408,90491114735799.mockFlowFile,23B] to original
[main] DEBUG org.apache.nifi.processors.standard.RouteText - RouteText[id=38a82a0d-69fc-4d87-a6d1-ec924f6828ee] Adding new dynamic property: PropertyDescriptor[simple]
[pool-2527-thread-1] INFO org.apache.nifi.processors.standard.RouteText - RouteText[id=38a82a0d-69fc-4d87-a6d1-ec924f6828ee] Created FlowFile[411,90491115288176.mockFlowFile,23B] from FlowFile[410,90491115288176.mockFlowFile,23B]; routing to relationship simple
[pool-2527-thread-1] INFO org.apache.nifi.processors.standard.RouteText - RouteText[id=38a82a0d-69fc-4d87-a6d1-ec924f6828ee] Routing FlowFile[410,90491115288176.mockFlowFile,23B] to original
[main] DEBUG org.apache.nifi.processors.standard.RouteText - RouteText[id=38a82a0d-69fc-4d87-a6d1-ec924f6828ee] Adding new dynamic property: PropertyDescriptor[simple]
[pool-2528-thread-1] INFO org.apache.nifi.processors.standard.RouteText - RouteText[id=38a82a0d-69fc-4d87-a6d1-ec924f6828ee] Created FlowFile[413,90491115886956.mockFlowFile,23B] from FlowFile[412,90491115886956.mockFlowFile,23B]; routing to relationship simple
[pool-2528-thread-1] INFO org.apache.nifi.processors.standard.RouteText - RouteText[id=38a82a0d-69fc-4d87-a6d1-ec924f6828ee] Routing FlowFile[412,90491115886956.mockFlowFile,23B] to original
[main] DEBUG org.apache.nifi.processors.standard.RouteText - RouteText[id=38a82a0d-69fc-4d87-a6d1-ec924f6828ee] Adding new dynamic property: PropertyDescriptor[simple]
[pool-2529-thread-1] INFO org.apache.nifi.processors.standard.RouteText - RouteText[id=38a82a0d-69fc-4d87-a6d1-ec924f6828ee] Created FlowFile[415,90491116506841.mockFlowFile,23B] from FlowFile[414,90491116506841.mockFlowFile,23B]; routing to relationship simple
[pool-2529-thread-1] INFO org.apache.nifi.processors.standard.RouteText - RouteText[id=38a82a0d-69fc-4d87-a6d1-ec924f6828ee] Routing FlowFile[414,90491116506841.mockFlowFile,23B] to original
[main] DEBUG org.apache.nifi.processors.standard.RouteText - RouteText[id=38a82a0d-69fc-4d87-a6d1-ec924f6828ee] Adding new dynamic property: PropertyDescriptor[simple]
[pool-2530-thread-1] INFO org.apache.nifi.processors.standard.RouteText - RouteText[id=38a82a0d-69fc-4d87-a6d1-ec924f6828ee] Created FlowFile[417,90491117126059.mockFlowFile,23B] from FlowFile[416,90491117126059.mockFlowFile,23B]; routing to relationship simple
[pool-2530-thread-1] INFO org.apache.nifi.processors.standard.RouteText - RouteText[id=38a82a0d-69fc-4d87-a6d1-ec924f6828ee] Routing FlowFile[416,90491117126059.mockFlowFile,23B] to original
[main] DEBUG org.apache.nifi.processors.standard.RouteText - RouteText[id=38a82a0d-69fc-4d87-a6d1-ec924f6828ee] Adding new dynamic property: PropertyDescriptor[simple]
[pool-2531-thread-1] INFO org.apache.nifi.processors.standard.RouteText - RouteText[id=38a82a0d-69fc-4d87-a6d1-ec924f6828ee] Created FlowFile[419,90491117653796.mockFlowFile,23B] from FlowFile[418,90491117653796.mockFlowFile,23B]; routing to relationship simple
[pool-2531-thread-1] INFO org.apache.nifi.processors.standard.RouteText - RouteText[id=38a82a0d-69fc-4d87-a6d1-ec924f6828ee] Routing FlowFile[418,90491117653796.mockFlowFile,23B] to original
[main] DEBUG org.apache.nifi.processors.standard.RouteText - RouteText[id=38a82a0d-69fc-4d87-a6d1-ec924f6828ee] Adding new dynamic property: PropertyDescriptor[simple]
[pool-2532-thread-1] INFO org.apache.nifi.processors.standard.RouteText - RouteText[id=38a82a0d-69fc-4d87-a6d1-ec924f6828ee] Created FlowFile[421,90491118161900.mockFlowFile,23B] from FlowFile[420,90491118161900.mockFlowFile,23B]; routing to relationship simple
[pool-2532-thread-1] INFO org.apache.nifi.processors.standard.RouteText - RouteText[id=38a82a0d-69fc-4d87-a6d1-ec924f6828ee] Routing FlowFile[420,90491118161900.mockFlowFile,23B] to original
[main] DEBUG org.apache.nifi.processors.standard.RouteText - RouteText[id=38a82a0d-69fc-4d87-a6d1-ec924f6828ee] Adding new dynamic property: PropertyDescriptor[simple]
[pool-2533-thread-1] INFO org.apache.nifi.processors.standard.RouteText - RouteText[id=38a82a0d-69fc-4d87-a6d1-ec924f6828ee] Created FlowFile[423,90491118721303.mockFlowFile,23B] from FlowFile[422,90491118721303.mockFlowFile,23B]; routing to relationship simple
[pool-2533-thread-1] INFO org.apache.nifi.processors.standard.RouteText - RouteText[id=38a82a0d-69fc-4d87-a6d1-ec924f6828ee] Routing FlowFile[422,90491118721303.mockFlowFile,23B] to original
[main] DEBUG org.apache.nifi.processors.standard.RouteText - RouteText[id=38a82a0d-69fc-4d87-a6d1-ec924f6828ee] Adding new dynamic property: PropertyDescriptor[simple]
[pool-2534-thread-1] INFO org.apache.nifi.processors.standard.RouteText - RouteText[id=38a82a0d-69fc-4d87-a6d1-ec924f6828ee] Created FlowFile[425,90491119248964.mockFlowFile,23B] from FlowFile[424,90491119248964.mockFlowFile,23B]; routing to relationship simple
[pool-2534-thread-1] INFO org.apache.nifi.processors.standard.RouteText - RouteText[id=38a82a0d-69fc-4d87-a6d1-ec924f6828ee] Routing FlowFile[424,90491119248964.mockFlowFile,23B] to original
[main] DEBUG org.apache.nifi.processors.standard.RouteText - RouteText[id=38a82a0d-69fc-4d87-a6d1-ec924f6828ee] Adding new dynamic property: PropertyDescriptor[simple]
[pool-2535-thread-1] INFO org.apache.nifi.processors.standard.RouteText - RouteText[id=38a82a0d-69fc-4d87-a6d1-ec924f6828ee] Created FlowFile[427,90491119745067.mockFlowFile,23B] from FlowFile[426,90491119745067.mockFlowFile,23B]; routing to relationship simple
[pool-2535-thread-1] INFO org.apache.nifi.processors.standard.RouteText - RouteText[id=38a82a0d-69fc-4d87-a6d1-ec924f6828ee] Routing FlowFile[426,90491119745067.mockFlowFile,23B] to original
[main] DEBUG org.apache.nifi.processors.standard.RouteText - RouteText[id=38a82a0d-69fc-4d87-a6d1-ec924f6828ee] Adding new dynamic property: PropertyDescriptor[simple]
[pool-2536-thread-1] INFO org.apache.nifi.processors.standard.RouteText - RouteText[id=38a82a0d-69fc-4d87-a6d1-ec924f6828ee] Created FlowFile[429,90491120391690.mockFlowFile,23B] from FlowFile[428,90491120391690.mockFlowFile,23B]; routing to relationship simple
[pool-2536-thread-1] INFO org.apache.nifi.processors.standard.RouteText - RouteText[id=38a82a0d-69fc-4d87-a6d1-ec924f6828ee] Routing FlowFile[428,90491120391690.mockFlowFile,23B] to original
[main] DEBUG org.apache.nifi.processors.standard.RouteText - RouteText[id=38a82a0d-69fc-4d87-a6d1-ec924f6828ee] Adding new dynamic property: PropertyDescriptor[simple]
[pool-2537-thread-1] INFO org.apache.nifi.processors.standard.RouteText - RouteText[id=38a82a0d-69fc-4d87-a6d1-ec924f6828ee] Created FlowFile[431,90491121039385.mockFlowFile,23B] from FlowFile[430,90491121039385.mockFlowFile,23B]; routing to relationship simple
[pool-2537-thread-1] INFO org.apache.nifi.processors.standard.RouteText - RouteText[id=38a82a0d-69fc-4d87-a6d1-ec924f6828ee] Routing FlowFile[430,90491121039385.mockFlowFile,23B] to original
[main] DEBUG org.apache.nifi.processors.standard.RouteText - RouteText[id=38a82a0d-69fc-4d87-a6d1-ec924f6828ee] Adding new dynamic property: PropertyDescriptor[simple]
[pool-2538-thread-1] INFO org.apache.nifi.processors.standard.RouteText - RouteText[id=38a82a0d-69fc-4d87-a6d1-ec924f6828ee] Created FlowFile[433,90491121598431.mockFlowFile,23B] from FlowFile[432,90491121598431.mockFlowFile,23B]; routing to relationship simple
[pool-2538-thread-1] INFO org.apache.nifi.processors.standard.RouteText - RouteText[id=38a82a0d-69fc-4d87-a6d1-ec924f6828ee] Routing FlowFile[432,90491121598431.mockFlowFile,23B] to original
[main] DEBUG org.apache.nifi.processors.standard.RouteText - RouteText[id=38a82a0d-69fc-4d87-a6d1-ec924f6828ee] Adding new dynamic property: PropertyDescriptor[simple]
[pool-2539-thread-1] INFO org.apache.nifi.processors.standard.RouteText - RouteText[id=38a82a0d-69fc-4d87-a6d1-ec924f6828ee] Created FlowFile[435,90491122171605.mockFlowFile,23B] from FlowFile[434,90491122171605.mockFlowFile,23B]; routing to relationship simple
[pool-2539-thread-1] INFO org.apache.nifi.processors.standard.RouteText - RouteText[id=38a82a0d-69fc-4d87-a6d1-ec924f6828ee] Routing FlowFile[434,90491122171605.mockFlowFile,23B] to original
[main] DEBUG org.apache.nifi.processors.standard.RouteText - RouteText[id=38a82a0d-69fc-4d87-a6d1-ec924f6828ee] Adding new dynamic property: PropertyDescriptor[simple]
[pool-2540-thread-1] INFO org.apache.nifi.processors.standard.RouteText - RouteText[id=38a82a0d-69fc-4d87-a6d1-ec924f6828ee] Created FlowFile[437,90491122722305.mockFlowFile,23B] from FlowFile[436,90491122722305.mockFlowFile,23B]; routing to relationship simple
[pool-2540-thread-1] INFO org.apache.nifi.processors.standard.RouteText - RouteText[id=38a82a0d-69fc-4d87-a6d1-ec924f6828ee] Routing FlowFile[436,90491122722305.mockFlowFile,23B] to original
[main] DEBUG org.apache.nifi.processors.standard.RouteText - RouteText[id=38a82a0d-69fc-4d87-a6d1-ec924f6828ee] Adding new dynamic property: PropertyDescriptor[simple]
[pool-2541-thread-1] INFO org.apache.nifi.processors.standard.RouteText - RouteText[id=38a82a0d-69fc-4d87-a6d1-ec924f6828ee] Created FlowFile[439,90491123291161.mockFlowFile,23B] from FlowFile[438,90491123291161.mockFlowFile,23B]; routing to relationship simple
[pool-2541-thread-1] INFO org.apache.nifi.processors.standard.RouteText - RouteText[id=38a82a0d-69fc-4d87-a6d1-ec924f6828ee] Routing FlowFile[438,90491123291161.mockFlowFile,23B] to original
[main] DEBUG org.apache.nifi.processors.standard.RouteText - RouteText[id=38a82a0d-69fc-4d87-a6d1-ec924f6828ee] Adding new dynamic property: PropertyDescriptor[simple]
[pool-2542-thread-1] INFO org.apache.nifi.processors.standard.RouteText - RouteText[id=38a82a0d-69fc-4d87-a6d1-ec924f6828ee] Created FlowFile[441,90491123855522.mockFlowFile,23B] from FlowFile[440,90491123855522.mockFlowFile,23B]; routing to relationship simple
[pool-2542-thread-1] INFO org.apache.nifi.processors.standard.RouteText - RouteText[id=38a82a0d-69fc-4d87-a6d1-ec924f6828ee] Routing FlowFile[440,90491123855522.mockFlowFile,23B] to original
[main] DEBUG org.apache.nifi.processors.standard.RouteText - RouteText[id=38a82a0d-69fc-4d87-a6d1-ec924f6828ee] Adding new dynamic property: PropertyDescriptor[simple]
[pool-2543-thread-1] INFO org.apache.nifi.processors.standard.RouteText - RouteText[id=38a82a0d-69fc-4d87-a6d1-ec924f6828ee] Created FlowFile[443,90491124434879.mockFlowFile,23B] from FlowFile[442,90491124434879.mockFlowFile,23B]; routing to relationship simple
[pool-2543-thread-1] INFO org.apache.nifi.processors.standard.RouteText - RouteText[id=38a82a0d-69fc-4d87-a6d1-ec924f6828ee] Routing FlowFile[442,90491124434879.mockFlowFile,23B] to original
[main] DEBUG org.apache.nifi.processors.standard.RouteText - RouteText[id=38a82a0d-69fc-4d87-a6d1-ec924f6828ee] Adding new dynamic property: PropertyDescriptor[simple]
[pool-2544-thread-1] INFO org.apache.nifi.processors.standard.RouteText - RouteText[id=38a82a0d-69fc-4d87-a6d1-ec924f6828ee] Created FlowFile[445,90491125080014.mockFlowFile,23B] from FlowFile[444,90491125080014.mockFlowFile,23B]; routing to relationship simple
[pool-2544-thread-1] INFO org.apache.nifi.processors.standard.RouteText - RouteText[id=38a82a0d-69fc-4d87-a6d1-ec924f6828ee] Routing FlowFile[444,90491125080014.mockFlowFile,23B] to original
[main] DEBUG org.apache.nifi.processors.standard.RouteText - RouteText[id=38a82a0d-69fc-4d87-a6d1-ec924f6828ee] Adding new dynamic property: PropertyDescriptor[simple]
[pool-2545-thread-1] INFO org.apache.nifi.processors.standard.RouteText - RouteText[id=38a82a0d-69fc-4d87-a6d1-ec924f6828ee] Created FlowFile[447,90491125650104.mockFlowFile,23B] from FlowFile[446,90491125650104.mockFlowFile,23B]; routing to relationship simple
[pool-2545-thread-1] INFO org.apache.nifi.processors.standard.RouteText - RouteText[id=38a82a0d-69fc-4d87-a6d1-ec924f6828ee] Routing FlowFile[446,90491125650104.mockFlowFile,23B] to original
[main] DEBUG org.apache.nifi.processors.standard.RouteText - RouteText[id=38a82a0d-69fc-4d87-a6d1-ec924f6828ee] Adding new dynamic property: PropertyDescriptor[simple]
[pool-2546-thread-1] INFO org.apache.nifi.processors.standard.RouteText - RouteText[id=38a82a0d-69fc-4d87-a6d1-ec924f6828ee] Created FlowFile[449,90491126189169.mockFlowFile,23B] from FlowFile[448,90491126189169.mockFlowFile,23B]; routing to relationship simple
[pool-2546-thread-1] INFO org.apache.nifi.processors.standard.RouteText - RouteText[id=38a82a0d-69fc-4d87-a6d1-ec924f6828ee] Routing FlowFile[448,90491126189169.mockFlowFile,23B] to original
[main] DEBUG org.apache.nifi.processors.standard.RouteText - RouteText[id=38a82a0d-69fc-4d87-a6d1-ec924f6828ee] Adding new dynamic property: PropertyDescriptor[simple]
[pool-2547-thread-1] INFO org.apache.nifi.processors.standard.RouteText - RouteText[id=38a82a0d-69fc-4d87-a6d1-ec924f6828ee] Created FlowFile[451,90491126689684.mockFlowFile,23B] from FlowFile[450,90491126689684.mockFlowFile,23B]; routing to relationship simple
[pool-2547-thread-1] INFO org.apache.nifi.processors.standard.RouteText - RouteText[id=38a82a0d-69fc-4d87-a6d1-ec924f6828ee] Routing FlowFile[450,90491126689684.mockFlowFile,23B] to original
[main] DEBUG org.apache.nifi.processors.standard.RouteText - RouteText[id=38a82a0d-69fc-4d87-a6d1-ec924f6828ee] Adding new dynamic property: PropertyDescriptor[simple]
[pool-2548-thread-1] INFO org.apache.nifi.processors.standard.RouteText - RouteText[id=38a82a0d-69fc-4d87-a6d1-ec924f6828ee] Created FlowFile[453,90491127187283.mockFlowFile,23B] from FlowFile[452,90491127187283.mockFlowFile,23B]; routing to relationship simple
[pool-2548-thread-1] INFO org.apache.nifi.processors.standard.RouteText - RouteText[id=38a82a0d-69fc-4d87-a6d1-ec924f6828ee] Routing FlowFile[452,90491127187283.mockFlowFile,23B] to original
[main] DEBUG org.apache.nifi.processors.standard.RouteText - RouteText[id=38a82a0d-69fc-4d87-a6d1-ec924f6828ee] Adding new dynamic property: PropertyDescriptor[simple]
[pool-2549-thread-1] INFO org.apache.nifi.processors.standard.RouteText - RouteText[id=38a82a0d-69fc-4d87-a6d1-ec924f6828ee] Created FlowFile[455,90491127642073.mockFlowFile,23B] from FlowFile[454,90491127642073.mockFlowFile,23B]; routing to relationship simple
[pool-2549-thread-1] INFO org.apache.nifi.processors.standard.RouteText - RouteText[id=38a82a0d-69fc-4d87-a6d1-ec924f6828ee] Routing FlowFile[454,90491127642073.mockFlowFile,23B] to original
[main] DEBUG org.apache.nifi.processors.standard.RouteText - RouteText[id=38a82a0d-69fc-4d87-a6d1-ec924f6828ee] Adding new dynamic property: PropertyDescriptor[simple]
[pool-2550-thread-1] INFO org.apache.nifi.processors.standard.RouteText - RouteText[id=38a82a0d-69fc-4d87-a6d1-ec924f6828ee] Created FlowFile[457,90491128218864.mockFlowFile,23B] from FlowFile[456,90491128218864.mockFlowFile,23B]; routing to relationship simple
[pool-2550-thread-1] INFO org.apache.nifi.processors.standard.RouteText - RouteText[id=38a82a0d-69fc-4d87-a6d1-ec924f6828ee] Routing FlowFile[456,90491128218864.mockFlowFile,23B] to original
[main] DEBUG org.apache.nifi.processors.standard.RouteText - RouteText[id=38a82a0d-69fc-4d87-a6d1-ec924f6828ee] Adding new dynamic property: PropertyDescriptor[simple]
[pool-2551-thread-1] INFO org.apache.nifi.processors.standard.RouteText - RouteText[id=38a82a0d-69fc-4d87-a6d1-ec924f6828ee] Created FlowFile[459,90491128757750.mockFlowFile,23B] from FlowFile[458,90491128757750.mockFlowFile,23B]; routing to relationship simple
[pool-2551-thread-1] INFO org.apache.nifi.processors.standard.RouteText - RouteText[id=38a82a0d-69fc-4d87-a6d1-ec924f6828ee] Routing FlowFile[458,90491128757750.mockFlowFile,23B] to original
[main] DEBUG org.apache.nifi.processors.standard.RouteText - RouteText[id=38a82a0d-69fc-4d87-a6d1-ec924f6828ee] Adding new dynamic property: PropertyDescriptor[simple]
[pool-2552-thread-1] INFO org.apache.nifi.processors.standard.RouteText - RouteText[id=38a82a0d-69fc-4d87-a6d1-ec924f6828ee] Created FlowFile[461,90491129304881.mockFlowFile,23B] from FlowFile[460,90491129304881.mockFlowFile,23B]; routing to relationship simple
[pool-2552-thread-1] INFO org.apache.nifi.processors.standard.RouteText - RouteText[id=38a82a0d-69fc-4d87-a6d1-ec924f6828ee] Routing FlowFile[460,90491129304881.mockFlowFile,23B] to original
[main] DEBUG org.apache.nifi.processors.standard.RouteText - RouteText[id=38a82a0d-69fc-4d87-a6d1-ec924f6828ee] Adding new dynamic property: PropertyDescriptor[simple]
[pool-2553-thread-1] INFO org.apache.nifi.processors.standard.RouteText - RouteText[id=38a82a0d-69fc-4d87-a6d1-ec924f6828ee] Created FlowFile[463,90491129914233.mockFlowFile,23B] from FlowFile[462,90491129914233.mockFlowFile,23B]; routing to relationship simple
[pool-2553-thread-1] INFO org.apache.nifi.processors.standard.RouteText - RouteText[id=38a82a0d-69fc-4d87-a6d1-ec924f6828ee] Routing FlowFile[462,90491129914233.mockFlowFile,23B] to original
[main] DEBUG org.apache.nifi.processors.standard.RouteText - RouteText[id=38a82a0d-69fc-4d87-a6d1-ec924f6828ee] Adding new dynamic property: PropertyDescriptor[simple]
[pool-2554-thread-1] INFO org.apache.nifi.processors.standard.RouteText - RouteText[id=38a82a0d-69fc-4d87-a6d1-ec924f6828ee] Created FlowFile[465,90491150260447.mockFlowFile,23B] from FlowFile[464,90491150260447.mockFlowFile,23B]; routing to relationship simple
[pool-2554-thread-1] INFO org.apache.nifi.processors.standard.RouteText - RouteText[id=38a82a0d-69fc-4d87-a6d1-ec924f6828ee] Routing FlowFile[464,90491150260447.mockFlowFile,23B] to original
[main] DEBUG org.apache.nifi.processors.standard.RouteText - RouteText[id=38a82a0d-69fc-4d87-a6d1-ec924f6828ee] Adding new dynamic property: PropertyDescriptor[simple]
[pool-2555-thread-1] INFO org.apache.nifi.processors.standard.RouteText - RouteText[id=38a82a0d-69fc-4d87-a6d1-ec924f6828ee] Created FlowFile[467,90491150874384.mockFlowFile,23B] from FlowFile[466,90491150874384.mockFlowFile,23B]; routing to relationship simple
[pool-2555-thread-1] INFO org.apache.nifi.processors.standard.RouteText - RouteText[id=38a82a0d-69fc-4d87-a6d1-ec924f6828ee] Routing FlowFile[466,90491150874384.mockFlowFile,23B] to original
[main] DEBUG org.apache.nifi.processors.standard.RouteText - RouteText[id=38a82a0d-69fc-4d87-a6d1-ec924f6828ee] Adding new dynamic property: PropertyDescriptor[simple]
[pool-2556-thread-1] INFO org.apache.nifi.processors.standard.RouteText - RouteText[id=38a82a0d-69fc-4d87-a6d1-ec924f6828ee] Created FlowFile[469,90491151446906.mockFlowFile,23B] from FlowFile[468,90491151446906.mockFlowFile,23B]; routing to relationship simple
[pool-2556-thread-1] INFO org.apache.nifi.processors.standard.RouteText - RouteText[id=38a82a0d-69fc-4d87-a6d1-ec924f6828ee] Routing FlowFile[468,90491151446906.mockFlowFile,23B] to original
[main] DEBUG org.apache.nifi.processors.standard.RouteText - RouteText[id=38a82a0d-69fc-4d87-a6d1-ec924f6828ee] Adding new dynamic property: PropertyDescriptor[simple]
[pool-2557-thread-1] INFO org.apache.nifi.processors.standard.RouteText - RouteText[id=38a82a0d-69fc-4d87-a6d1-ec924f6828ee] Created FlowFile[471,90491152043190.mockFlowFile,23B] from FlowFile[470,90491152043190.mockFlowFile,23B]; routing to relationship simple
[pool-2557-thread-1] INFO org.apache.nifi.processors.standard.RouteText - RouteText[id=38a82a0d-69fc-4d87-a6d1-ec924f6828ee] Routing FlowFile[470,90491152043190.mockFlowFile,23B] to original
[main] DEBUG org.apache.nifi.processors.standard.RouteText - RouteText[id=38a82a0d-69fc-4d87-a6d1-ec924f6828ee] Adding new dynamic property: PropertyDescriptor[simple]
[pool-2558-thread-1] INFO org.apache.nifi.processors.standard.RouteText - RouteText[id=38a82a0d-69fc-4d87-a6d1-ec924f6828ee] Created FlowFile[473,90491152576234.mockFlowFile,23B] from FlowFile[472,90491152576234.mockFlowFile,23B]; routing to relationship simple
[pool-2558-thread-1] INFO org.apache.nifi.processors.standard.RouteText - RouteText[id=38a82a0d-69fc-4d87-a6d1-ec924f6828ee] Routing FlowFile[472,90491152576234.mockFlowFile,23B] to original
[main] DEBUG org.apache.nifi.processors.standard.RouteText - RouteText[id=38a82a0d-69fc-4d87-a6d1-ec924f6828ee] Adding new dynamic property: PropertyDescriptor[simple]
[pool-2559-thread-1] INFO org.apache.nifi.processors.standard.RouteText - RouteText[id=38a82a0d-69fc-4d87-a6d1-ec924f6828ee] Created FlowFile[475,90491153107882.mockFlowFile,23B] from FlowFile[474,90491153107882.mockFlowFile,23B]; routing to relationship simple
[pool-2559-thread-1] INFO org.apache.nifi.processors.standard.RouteText - RouteText[id=38a82a0d-69fc-4d87-a6d1-ec924f6828ee] Routing FlowFile[474,90491153107882.mockFlowFile,23B] to original
[main] DEBUG org.apache.nifi.processors.standard.RouteText - RouteText[id=38a82a0d-69fc-4d87-a6d1-ec924f6828ee] Adding new dynamic property: PropertyDescriptor[simple]
[pool-2560-thread-1] INFO org.apache.nifi.processors.standard.RouteText - RouteText[id=38a82a0d-69fc-4d87-a6d1-ec924f6828ee] Created FlowFile[477,90491153626726.mockFlowFile,23B] from FlowFile[476,90491153626726.mockFlowFile,23B]; routing to relationship simple
[pool-2560-thread-1] INFO org.apache.nifi.processors.standard.RouteText - RouteText[id=38a82a0d-69fc-4d87-a6d1-ec924f6828ee] Routing FlowFile[476,90491153626726.mockFlowFile,23B] to original
[main] DEBUG org.apache.nifi.processors.standard.RouteText - RouteText[id=38a82a0d-69fc-4d87-a6d1-ec924f6828ee] Adding new dynamic property: PropertyDescriptor[simple]
[pool-2561-thread-1] INFO org.apache.nifi.processors.standard.RouteText - RouteText[id=38a82a0d-69fc-4d87-a6d1-ec924f6828ee] Created FlowFile[479,90491154175784.mockFlowFile,23B] from FlowFile[478,90491154175784.mockFlowFile,23B]; routing to relationship simple
[pool-2561-thread-1] INFO org.apache.nifi.processors.standard.RouteText - RouteText[id=38a82a0d-69fc-4d87-a6d1-ec924f6828ee] Routing FlowFile[478,90491154175784.mockFlowFile,23B] to original
[main] DEBUG org.apache.nifi.processors.standard.RouteText - RouteText[id=38a82a0d-69fc-4d87-a6d1-ec924f6828ee] Adding new dynamic property: PropertyDescriptor[simple]
[pool-2562-thread-1] INFO org.apache.nifi.processors.standard.RouteText - RouteText[id=38a82a0d-69fc-4d87-a6d1-ec924f6828ee] Created FlowFile[481,90491154734004.mockFlowFile,23B] from FlowFile[480,90491154734004.mockFlowFile,23B]; routing to relationship simple
[pool-2562-thread-1] INFO org.apache.nifi.processors.standard.RouteText - RouteText[id=38a82a0d-69fc-4d87-a6d1-ec924f6828ee] Routing FlowFile[480,90491154734004.mockFlowFile,23B] to original
[main] DEBUG org.apache.nifi.processors.standard.RouteText - RouteText[id=38a82a0d-69fc-4d87-a6d1-ec924f6828ee] Adding new dynamic property: PropertyDescriptor[simple]
[pool-2563-thread-1] INFO org.apache.nifi.processors.standard.RouteText - RouteText[id=38a82a0d-69fc-4d87-a6d1-ec924f6828ee] Created FlowFile[483,90491155279567.mockFlowFile,23B] from FlowFile[482,90491155279567.mockFlowFile,23B]; routing to relationship simple
[pool-2563-thread-1] INFO org.apache.nifi.processors.standard.RouteText - RouteText[id=38a82a0d-69fc-4d87-a6d1-ec924f6828ee] Routing FlowFile[482,90491155279567.mockFlowFile,23B] to original
[main] DEBUG org.apache.nifi.processors.standard.RouteText - RouteText[id=38a82a0d-69fc-4d87-a6d1-ec924f6828ee] Adding new dynamic property: PropertyDescriptor[simple]
[pool-2564-thread-1] INFO org.apache.nifi.processors.standard.RouteText - RouteText[id=38a82a0d-69fc-4d87-a6d1-ec924f6828ee] Created FlowFile[485,90491155828892.mockFlowFile,23B] from FlowFile[484,90491155828892.mockFlowFile,23B]; routing to relationship simple
[pool-2564-thread-1] INFO org.apache.nifi.processors.standard.RouteText - RouteText[id=38a82a0d-69fc-4d87-a6d1-ec924f6828ee] Routing FlowFile[484,90491155828892.mockFlowFile,23B] to original
[main] DEBUG org.apache.nifi.processors.standard.RouteText - RouteText[id=38a82a0d-69fc-4d87-a6d1-ec924f6828ee] Adding new dynamic property: PropertyDescriptor[simple]
[pool-2565-thread-1] INFO org.apache.nifi.processors.standard.RouteText - RouteText[id=38a82a0d-69fc-4d87-a6d1-ec924f6828ee] Created FlowFile[487,90491156394153.mockFlowFile,23B] from FlowFile[486,90491156394153.mockFlowFile,23B]; routing to relationship simple
[pool-2565-thread-1] INFO org.apache.nifi.processors.standard.RouteText - RouteText[id=38a82a0d-69fc-4d87-a6d1-ec924f6828ee] Routing FlowFile[486,90491156394153.mockFlowFile,23B] to original
[main] DEBUG org.apache.nifi.processors.standard.RouteText - RouteText[id=38a82a0d-69fc-4d87-a6d1-ec924f6828ee] Adding new dynamic property: PropertyDescriptor[simple]
[pool-2566-thread-1] INFO org.apache.nifi.processors.standard.RouteText - RouteText[id=38a82a0d-69fc-4d87-a6d1-ec924f6828ee] Created FlowFile[489,90491157116302.mockFlowFile,23B] from FlowFile[488,90491157116302.mockFlowFile,23B]; routing to relationship simple
[pool-2566-thread-1] INFO org.apache.nifi.processors.standard.RouteText - RouteText[id=38a82a0d-69fc-4d87-a6d1-ec924f6828ee] Routing FlowFile[488,90491157116302.mockFlowFile,23B] to original
[main] DEBUG org.apache.nifi.processors.standard.RouteText - RouteText[id=38a82a0d-69fc-4d87-a6d1-ec924f6828ee] Adding new dynamic property: PropertyDescriptor[simple]
[pool-2567-thread-1] INFO org.apache.nifi.processors.standard.RouteText - RouteText[id=38a82a0d-69fc-4d87-a6d1-ec924f6828ee] Created FlowFile[491,90491157709668.mockFlowFile,23B] from FlowFile[490,90491157709668.mockFlowFile,23B]; routing to relationship simple
[pool-2567-thread-1] INFO org.apache.nifi.processors.standard.RouteText - RouteText[id=38a82a0d-69fc-4d87-a6d1-ec924f6828ee] Routing FlowFile[490,90491157709668.mockFlowFile,23B] to original
[main] DEBUG org.apache.nifi.processors.standard.RouteText - RouteText[id=38a82a0d-69fc-4d87-a6d1-ec924f6828ee] Adding new dynamic property: PropertyDescriptor[simple]
[pool-2568-thread-1] INFO org.apache.nifi.processors.standard.RouteText - RouteText[id=38a82a0d-69fc-4d87-a6d1-ec924f6828ee] Created FlowFile[493,90491158269030.mockFlowFile,23B] from FlowFile[492,90491158269030.mockFlowFile,23B]; routing to relationship simple
[pool-2568-thread-1] INFO org.apache.nifi.processors.standard.RouteText - RouteText[id=38a82a0d-69fc-4d87-a6d1-ec924f6828ee] Routing FlowFile[492,90491158269030.mockFlowFile,23B] to original
[main] DEBUG org.apache.nifi.processors.standard.RouteText - RouteText[id=38a82a0d-69fc-4d87-a6d1-ec924f6828ee] Adding new dynamic property: PropertyDescriptor[simple]
[pool-2569-thread-1] INFO org.apache.nifi.processors.standard.RouteText - RouteText[id=38a82a0d-69fc-4d87-a6d1-ec924f6828ee] Created FlowFile[495,90491158909672.mockFlowFile,23B] from FlowFile[494,90491158909672.mockFlowFile,23B]; routing to relationship simple
[pool-2569-thread-1] INFO org.apache.nifi.processors.standard.RouteText - RouteText[id=38a82a0d-69fc-4d87-a6d1-ec924f6828ee] Routing FlowFile[494,90491158909672.mockFlowFile,23B] to original
[main] DEBUG org.apache.nifi.processors.standard.RouteText - RouteText[id=38a82a0d-69fc-4d87-a6d1-ec924f6828ee] Adding new dynamic property: PropertyDescriptor[simple]
[pool-2570-thread-1] INFO org.apache.nifi.processors.standard.RouteText - RouteText[id=38a82a0d-69fc-4d87-a6d1-ec924f6828ee] Created FlowFile[497,90491159485782.mockFlowFile,23B] from FlowFile[496,90491159485782.mockFlowFile,23B]; routing to relationship simple
[pool-2570-thread-1] INFO org.apache.nifi.processors.standard.RouteText - RouteText[id=38a82a0d-69fc-4d87-a6d1-ec924f6828ee] Routing FlowFile[496,90491159485782.mockFlowFile,23B] to original
[main] DEBUG org.apache.nifi.processors.standard.RouteText - RouteText[id=38a82a0d-69fc-4d87-a6d1-ec924f6828ee] Adding new dynamic property: PropertyDescriptor[simple]
[pool-2571-thread-1] INFO org.apache.nifi.processors.standard.RouteText - RouteText[id=38a82a0d-69fc-4d87-a6d1-ec924f6828ee] Created FlowFile[499,90491160144856.mockFlowFile,23B] from FlowFile[498,90491160144856.mockFlowFile,23B]; routing to relationship simple
[pool-2571-thread-1] INFO org.apache.nifi.processors.standard.RouteText - RouteText[id=38a82a0d-69fc-4d87-a6d1-ec924f6828ee] Routing FlowFile[498,90491160144856.mockFlowFile,23B] to original
[main] DEBUG org.apache.nifi.processors.standard.RouteText - RouteText[id=38a82a0d-69fc-4d87-a6d1-ec924f6828ee] Adding new dynamic property: PropertyDescriptor[simple]
[pool-2572-thread-1] INFO org.apache.nifi.processors.standard.RouteText - RouteText[id=38a82a0d-69fc-4d87-a6d1-ec924f6828ee] Created FlowFile[501,90491160676864.mockFlowFile,23B] from FlowFile[500,90491160676864.mockFlowFile,23B]; routing to relationship simple
[pool-2572-thread-1] INFO org.apache.nifi.processors.standard.RouteText - RouteText[id=38a82a0d-69fc-4d87-a6d1-ec924f6828ee] Routing FlowFile[500,90491160676864.mockFlowFile,23B] to original
[main] DEBUG org.apache.nifi.processors.standard.RouteText - RouteText[id=38a82a0d-69fc-4d87-a6d1-ec924f6828ee] Adding new dynamic property: PropertyDescriptor[simple]
[pool-2573-thread-1] INFO org.apache.nifi.processors.standard.RouteText - RouteText[id=38a82a0d-69fc-4d87-a6d1-ec924f6828ee] Created FlowFile[503,90491161209616.mockFlowFile,23B] from FlowFile[502,90491161209616.mockFlowFile,23B]; routing to relationship simple
[pool-2573-thread-1] INFO org.apache.nifi.processors.standard.RouteText - RouteText[id=38a82a0d-69fc-4d87-a6d1-ec924f6828ee] Routing FlowFile[502,90491161209616.mockFlowFile,23B] to original
[main] DEBUG org.apache.nifi.processors.standard.RouteText - RouteText[id=38a82a0d-69fc-4d87-a6d1-ec924f6828ee] Adding new dynamic property: PropertyDescriptor[simple]
[pool-2574-thread-1] INFO org.apache.nifi.processors.standard.RouteText - RouteText[id=38a82a0d-69fc-4d87-a6d1-ec924f6828ee] Created FlowFile[505,90491161769875.mockFlowFile,23B] from FlowFile[504,90491161769875.mockFlowFile,23B]; routing to relationship simple
[pool-2574-thread-1] INFO org.apache.nifi.processors.standard.RouteText - RouteText[id=38a82a0d-69fc-4d87-a6d1-ec924f6828ee] Routing FlowFile[504,90491161769875.mockFlowFile,23B] to original
[main] DEBUG org.apache.nifi.processors.standard.RouteText - RouteText[id=38a82a0d-69fc-4d87-a6d1-ec924f6828ee] Adding new dynamic property: PropertyDescriptor[simple]
[pool-2575-thread-1] INFO org.apache.nifi.processors.standard.RouteText - RouteText[id=38a82a0d-69fc-4d87-a6d1-ec924f6828ee] Created FlowFile[507,90491162334238.mockFlowFile,23B] from FlowFile[506,90491162334238.mockFlowFile,23B]; routing to relationship simple
[pool-2575-thread-1] INFO org.apache.nifi.processors.standard.RouteText - RouteText[id=38a82a0d-69fc-4d87-a6d1-ec924f6828ee] Routing FlowFile[506,90491162334238.mockFlowFile,23B] to original
[main] DEBUG org.apache.nifi.processors.standard.RouteText - RouteText[id=38a82a0d-69fc-4d87-a6d1-ec924f6828ee] Adding new dynamic property: PropertyDescriptor[simple]
[pool-2576-thread-1] INFO org.apache.nifi.processors.standard.RouteText - RouteText[id=38a82a0d-69fc-4d87-a6d1-ec924f6828ee] Created FlowFile[509,90491162894357.mockFlowFile,23B] from FlowFile[508,90491162894357.mockFlowFile,23B]; routing to relationship simple
[pool-2576-thread-1] INFO org.apache.nifi.processors.standard.RouteText - RouteText[id=38a82a0d-69fc-4d87-a6d1-ec924f6828ee] Routing FlowFile[508,90491162894357.mockFlowFile,23B] to original
[main] DEBUG org.apache.nifi.processors.standard.RouteText - RouteText[id=38a82a0d-69fc-4d87-a6d1-ec924f6828ee] Adding new dynamic property: PropertyDescriptor[simple]
[pool-2577-thread-1] INFO org.apache.nifi.processors.standard.RouteText - RouteText[id=38a82a0d-69fc-4d87-a6d1-ec924f6828ee] Created FlowFile[511,90491164200505.mockFlowFile,23B] from FlowFile[510,90491164200505.mockFlowFile,23B]; routing to relationship simple
[pool-2577-thread-1] INFO org.apache.nifi.processors.standard.RouteText - RouteText[id=38a82a0d-69fc-4d87-a6d1-ec924f6828ee] Routing FlowFile[510,90491164200505.mockFlowFile,23B] to original
[main] DEBUG org.apache.nifi.processors.standard.RouteText - RouteText[id=38a82a0d-69fc-4d87-a6d1-ec924f6828ee] Adding new dynamic property: PropertyDescriptor[simple]
[pool-2578-thread-1] INFO org.apache.nifi.processors.standard.RouteText - RouteText[id=38a82a0d-69fc-4d87-a6d1-ec924f6828ee] Created FlowFile[513,90491164861738.mockFlowFile,23B] from FlowFile[512,90491164861738.mockFlowFile,23B]; routing to relationship simple
[pool-2578-thread-1] INFO org.apache.nifi.processors.standard.RouteText - RouteText[id=38a82a0d-69fc-4d87-a6d1-ec924f6828ee] Routing FlowFile[512,90491164861738.mockFlowFile,23B] to original
[main] DEBUG org.apache.nifi.processors.standard.RouteText - RouteText[id=38a82a0d-69fc-4d87-a6d1-ec924f6828ee] Adding new dynamic property: PropertyDescriptor[simple]
[pool-2579-thread-1] INFO org.apache.nifi.processors.standard.RouteText - RouteText[id=38a82a0d-69fc-4d87-a6d1-ec924f6828ee] Created FlowFile[515,90491165650792.mockFlowFile,23B] from FlowFile[514,90491165650792.mockFlowFile,23B]; routing to relationship simple
[pool-2579-thread-1] INFO org.apache.nifi.processors.standard.RouteText - RouteText[id=38a82a0d-69fc-4d87-a6d1-ec924f6828ee] Routing FlowFile[514,90491165650792.mockFlowFile,23B] to original
[main] DEBUG org.apache.nifi.processors.standard.RouteText - RouteText[id=38a82a0d-69fc-4d87-a6d1-ec924f6828ee] Adding new dynamic property: PropertyDescriptor[simple]
[pool-2580-thread-1] INFO org.apache.nifi.processors.standard.RouteText - RouteText[id=38a82a0d-69fc-4d87-a6d1-ec924f6828ee] Created FlowFile[517,90491166436032.mockFlowFile,23B] from FlowFile[516,90491166436032.mockFlowFile,23B]; routing to relationship simple
[pool-2580-thread-1] INFO org.apache.nifi.processors.standard.RouteText - RouteText[id=38a82a0d-69fc-4d87-a6d1-ec924f6828ee] Routing FlowFile[516,90491166436032.mockFlowFile,23B] to original
[main] DEBUG org.apache.nifi.processors.standard.RouteText - RouteText[id=38a82a0d-69fc-4d87-a6d1-ec924f6828ee] Adding new dynamic property: PropertyDescriptor[simple]
[pool-2581-thread-1] INFO org.apache.nifi.processors.standard.RouteText - RouteText[id=38a82a0d-69fc-4d87-a6d1-ec924f6828ee] Created FlowFile[519,90491167092698.mockFlowFile,23B] from FlowFile[518,90491167092698.mockFlowFile,23B]; routing to relationship simple
[pool-2581-thread-1] INFO org.apache.nifi.processors.standard.RouteText - RouteText[id=38a82a0d-69fc-4d87-a6d1-ec924f6828ee] Routing FlowFile[518,90491167092698.mockFlowFile,23B] to original
[main] DEBUG org.apache.nifi.processors.standard.RouteText - RouteText[id=38a82a0d-69fc-4d87-a6d1-ec924f6828ee] Adding new dynamic property: PropertyDescriptor[simple]
[pool-2582-thread-1] INFO org.apache.nifi.processors.standard.RouteText - RouteText[id=38a82a0d-69fc-4d87-a6d1-ec924f6828ee] Created FlowFile[521,90491167768175.mockFlowFile,23B] from FlowFile[520,90491167768175.mockFlowFile,23B]; routing to relationship simple
[pool-2582-thread-1] INFO org.apache.nifi.processors.standard.RouteText - RouteText[id=38a82a0d-69fc-4d87-a6d1-ec924f6828ee] Routing FlowFile[520,90491167768175.mockFlowFile,23B] to original
[main] DEBUG org.apache.nifi.processors.standard.RouteText - RouteText[id=38a82a0d-69fc-4d87-a6d1-ec924f6828ee] Adding new dynamic property: PropertyDescriptor[simple]
[pool-2583-thread-1] INFO org.apache.nifi.processors.standard.RouteText - RouteText[id=38a82a0d-69fc-4d87-a6d1-ec924f6828ee] Created FlowFile[523,90491168322511.mockFlowFile,23B] from FlowFile[522,90491168322511.mockFlowFile,23B]; routing to relationship simple
[pool-2583-thread-1] INFO org.apache.nifi.processors.standard.RouteText - RouteText[id=38a82a0d-69fc-4d87-a6d1-ec924f6828ee] Routing FlowFile[522,90491168322511.mockFlowFile,23B] to original
[main] DEBUG org.apache.nifi.processors.standard.RouteText - RouteText[id=38a82a0d-69fc-4d87-a6d1-ec924f6828ee] Adding new dynamic property: PropertyDescriptor[simple]
[pool-2584-thread-1] INFO org.apache.nifi.processors.standard.RouteText - RouteText[id=38a82a0d-69fc-4d87-a6d1-ec924f6828ee] Created FlowFile[525,90491168813330.mockFlowFile,23B] from FlowFile[524,90491168813330.mockFlowFile,23B]; routing to relationship simple
[pool-2584-thread-1] INFO org.apache.nifi.processors.standard.RouteText - RouteText[id=38a82a0d-69fc-4d87-a6d1-ec924f6828ee] Routing FlowFile[524,90491168813330.mockFlowFile,23B] to original
[main] DEBUG org.apache.nifi.processors.standard.RouteText - RouteText[id=38a82a0d-69fc-4d87-a6d1-ec924f6828ee] Adding new dynamic property: PropertyDescriptor[simple]
[pool-2585-thread-1] INFO org.apache.nifi.processors.standard.RouteText - RouteText[id=38a82a0d-69fc-4d87-a6d1-ec924f6828ee] Created FlowFile[527,90491169271775.mockFlowFile,23B] from FlowFile[526,90491169271775.mockFlowFile,23B]; routing to relationship simple
[pool-2585-thread-1] INFO org.apache.nifi.processors.standard.RouteText - RouteText[id=38a82a0d-69fc-4d87-a6d1-ec924f6828ee] Routing FlowFile[526,90491169271775.mockFlowFile,23B] to original
[main] DEBUG org.apache.nifi.processors.standard.RouteText - RouteText[id=38a82a0d-69fc-4d87-a6d1-ec924f6828ee] Adding new dynamic property: PropertyDescriptor[simple]
[pool-2586-thread-1] INFO org.apache.nifi.processors.standard.RouteText - RouteText[id=38a82a0d-69fc-4d87-a6d1-ec924f6828ee] Created FlowFile[529,90491169754394.mockFlowFile,23B] from FlowFile[528,90491169754394.mockFlowFile,23B]; routing to relationship simple
[pool-2586-thread-1] INFO org.apache.nifi.processors.standard.RouteText - RouteText[id=38a82a0d-69fc-4d87-a6d1-ec924f6828ee] Routing FlowFile[528,90491169754394.mockFlowFile,23B] to original
[main] DEBUG org.apache.nifi.processors.standard.RouteText - RouteText[id=38a82a0d-69fc-4d87-a6d1-ec924f6828ee] Adding new dynamic property: PropertyDescriptor[simple]
[pool-2587-thread-1] INFO org.apache.nifi.processors.standard.RouteText - RouteText[id=38a82a0d-69fc-4d87-a6d1-ec924f6828ee] Created FlowFile[531,90491170275784.mockFlowFile,23B] from FlowFile[530,90491170275784.mockFlowFile,23B]; routing to relationship simple
[pool-2587-thread-1] INFO org.apache.nifi.processors.standard.RouteText - RouteText[id=38a82a0d-69fc-4d87-a6d1-ec924f6828ee] Routing FlowFile[530,90491170275784.mockFlowFile,23B] to original
[main] DEBUG org.apache.nifi.processors.standard.RouteText - RouteText[id=38a82a0d-69fc-4d87-a6d1-ec924f6828ee] Adding new dynamic property: PropertyDescriptor[simple]
[pool-2588-thread-1] INFO org.apache.nifi.processors.standard.RouteText - RouteText[id=38a82a0d-69fc-4d87-a6d1-ec924f6828ee] Created FlowFile[533,90491170868199.mockFlowFile,23B] from FlowFile[532,90491170868199.mockFlowFile,23B]; routing to relationship simple
[pool-2588-thread-1] INFO org.apache.nifi.processors.standard.RouteText - RouteText[id=38a82a0d-69fc-4d87-a6d1-ec924f6828ee] Routing FlowFile[532,90491170868199.mockFlowFile,23B] to original
[main] DEBUG org.apache.nifi.processors.standard.RouteText - RouteText[id=38a82a0d-69fc-4d87-a6d1-ec924f6828ee] Adding new dynamic property: PropertyDescriptor[simple]
[pool-2589-thread-1] INFO org.apache.nifi.processors.standard.RouteText - RouteText[id=38a82a0d-69fc-4d87-a6d1-ec924f6828ee] Created FlowFile[535,90491171372475.mockFlowFile,23B] from FlowFile[534,90491171372475.mockFlowFile,23B]; routing to relationship simple
[pool-2589-thread-1] INFO org.apache.nifi.processors.standard.RouteText - RouteText[id=38a82a0d-69fc-4d87-a6d1-ec924f6828ee] Routing FlowFile[534,90491171372475.mockFlowFile,23B] to original
[main] DEBUG org.apache.nifi.processors.standard.RouteText - RouteText[id=38a82a0d-69fc-4d87-a6d1-ec924f6828ee] Adding new dynamic property: PropertyDescriptor[simple]
[pool-2590-thread-1] INFO org.apache.nifi.processors.standard.RouteText - RouteText[id=38a82a0d-69fc-4d87-a6d1-ec924f6828ee] Created FlowFile[537,90491171846702.mockFlowFile,23B] from FlowFile[536,90491171846702.mockFlowFile,23B]; routing to relationship simple
[pool-2590-thread-1] INFO org.apache.nifi.processors.standard.RouteText - RouteText[id=38a82a0d-69fc-4d87-a6d1-ec924f6828ee] Routing FlowFile[536,90491171846702.mockFlowFile,23B] to original
[main] DEBUG org.apache.nifi.processors.standard.RouteText - RouteText[id=38a82a0d-69fc-4d87-a6d1-ec924f6828ee] Adding new dynamic property: PropertyDescriptor[simple]
[pool-2591-thread-1] INFO org.apache.nifi.processors.standard.RouteText - RouteText[id=38a82a0d-69fc-4d87-a6d1-ec924f6828ee] Created FlowFile[539,90491172479563.mockFlowFile,23B] from FlowFile[538,90491172479563.mockFlowFile,23B]; routing to relationship simple
[pool-2591-thread-1] INFO org.apache.nifi.processors.standard.RouteText - RouteText[id=38a82a0d-69fc-4d87-a6d1-ec924f6828ee] Routing FlowFile[538,90491172479563.mockFlowFile,23B] to original
[main] DEBUG org.apache.nifi.processors.standard.RouteText - RouteText[id=38a82a0d-69fc-4d87-a6d1-ec924f6828ee] Adding new dynamic property: PropertyDescriptor[simple]
[pool-2592-thread-1] INFO org.apache.nifi.processors.standard.RouteText - RouteText[id=38a82a0d-69fc-4d87-a6d1-ec924f6828ee] Created FlowFile[541,90491173096904.mockFlowFile,23B] from FlowFile[540,90491173096904.mockFlowFile,23B]; routing to relationship simple
[pool-2592-thread-1] INFO org.apache.nifi.processors.standard.RouteText - RouteText[id=38a82a0d-69fc-4d87-a6d1-ec924f6828ee] Routing FlowFile[540,90491173096904.mockFlowFile,23B] to original
[main] DEBUG org.apache.nifi.processors.standard.RouteText - RouteText[id=38a82a0d-69fc-4d87-a6d1-ec924f6828ee] Adding new dynamic property: PropertyDescriptor[simple]
[pool-2593-thread-1] INFO org.apache.nifi.processors.standard.RouteText - RouteText[id=38a82a0d-69fc-4d87-a6d1-ec924f6828ee] Created FlowFile[543,90491173679396.mockFlowFile,23B] from FlowFile[542,90491173679396.mockFlowFile,23B]; routing to relationship simple
[pool-2593-thread-1] INFO org.apache.nifi.processors.standard.RouteText - RouteText[id=38a82a0d-69fc-4d87-a6d1-ec924f6828ee] Routing FlowFile[542,90491173679396.mockFlowFile,23B] to original
[main] DEBUG org.apache.nifi.processors.standard.RouteText - RouteText[id=38a82a0d-69fc-4d87-a6d1-ec924f6828ee] Adding new dynamic property: PropertyDescriptor[simple]
[pool-2594-thread-1] INFO org.apache.nifi.processors.standard.RouteText - RouteText[id=38a82a0d-69fc-4d87-a6d1-ec924f6828ee] Created FlowFile[545,90491174309301.mockFlowFile,23B] from FlowFile[544,90491174309301.mockFlowFile,23B]; routing to relationship simple
[pool-2594-thread-1] INFO org.apache.nifi.processors.standard.RouteText - RouteText[id=38a82a0d-69fc-4d87-a6d1-ec924f6828ee] Routing FlowFile[544,90491174309301.mockFlowFile,23B] to original
[main] DEBUG org.apache.nifi.processors.standard.RouteText - RouteText[id=38a82a0d-69fc-4d87-a6d1-ec924f6828ee] Adding new dynamic property: PropertyDescriptor[simple]
[pool-2595-thread-1] INFO org.apache.nifi.processors.standard.RouteText - RouteText[id=38a82a0d-69fc-4d87-a6d1-ec924f6828ee] Created FlowFile[547,90491174962866.mockFlowFile,23B] from FlowFile[546,90491174962866.mockFlowFile,23B]; routing to relationship simple
[pool-2595-thread-1] INFO org.apache.nifi.processors.standard.RouteText - RouteText[id=38a82a0d-69fc-4d87-a6d1-ec924f6828ee] Routing FlowFile[546,90491174962866.mockFlowFile,23B] to original
[main] DEBUG org.apache.nifi.processors.standard.RouteText - RouteText[id=38a82a0d-69fc-4d87-a6d1-ec924f6828ee] Adding new dynamic property: PropertyDescriptor[simple]
[pool-2596-thread-1] INFO org.apache.nifi.processors.standard.RouteText - RouteText[id=38a82a0d-69fc-4d87-a6d1-ec924f6828ee] Created FlowFile[549,90491175527094.mockFlowFile,23B] from FlowFile[548,90491175527094.mockFlowFile,23B]; routing to relationship simple
[pool-2596-thread-1] INFO org.apache.nifi.processors.standard.RouteText - RouteText[id=38a82a0d-69fc-4d87-a6d1-ec924f6828ee] Routing FlowFile[548,90491175527094.mockFlowFile,23B] to original
[main] DEBUG org.apache.nifi.processors.standard.RouteText - RouteText[id=38a82a0d-69fc-4d87-a6d1-ec924f6828ee] Adding new dynamic property: PropertyDescriptor[simple]
[pool-2597-thread-1] INFO org.apache.nifi.processors.standard.RouteText - RouteText[id=38a82a0d-69fc-4d87-a6d1-ec924f6828ee] Created FlowFile[551,90491176139370.mockFlowFile,23B] from FlowFile[550,90491176139370.mockFlowFile,23B]; routing to relationship simple
[pool-2597-thread-1] INFO org.apache.nifi.processors.standard.RouteText - RouteText[id=38a82a0d-69fc-4d87-a6d1-ec924f6828ee] Routing FlowFile[550,90491176139370.mockFlowFile,23B] to original
[main] DEBUG org.apache.nifi.processors.standard.RouteText - RouteText[id=38a82a0d-69fc-4d87-a6d1-ec924f6828ee] Adding new dynamic property: PropertyDescriptor[simple]
[pool-2598-thread-1] INFO org.apache.nifi.processors.standard.RouteText - RouteText[id=38a82a0d-69fc-4d87-a6d1-ec924f6828ee] Created FlowFile[553,90491176764242.mockFlowFile,23B] from FlowFile[552,90491176764242.mockFlowFile,23B]; routing to relationship simple
[pool-2598-thread-1] INFO org.apache.nifi.processors.standard.RouteText - RouteText[id=38a82a0d-69fc-4d87-a6d1-ec924f6828ee] Routing FlowFile[552,90491176764242.mockFlowFile,23B] to original
[main] DEBUG org.apache.nifi.processors.standard.RouteText - RouteText[id=38a82a0d-69fc-4d87-a6d1-ec924f6828ee] Adding new dynamic property: PropertyDescriptor[simple]
[pool-2599-thread-1] INFO org.apache.nifi.processors.standard.RouteText - RouteText[id=38a82a0d-69fc-4d87-a6d1-ec924f6828ee] Created FlowFile[555,90491177376281.mockFlowFile,23B] from FlowFile[554,90491177376281.mockFlowFile,23B]; routing to relationship simple
[pool-2599-thread-1] INFO org.apache.nifi.processors.standard.RouteText - RouteText[id=38a82a0d-69fc-4d87-a6d1-ec924f6828ee] Routing FlowFile[554,90491177376281.mockFlowFile,23B] to original
[main] DEBUG org.apache.nifi.processors.standard.RouteText - RouteText[id=38a82a0d-69fc-4d87-a6d1-ec924f6828ee] Adding new dynamic property: PropertyDescriptor[simple]
[pool-2600-thread-1] INFO org.apache.nifi.processors.standard.RouteText - RouteText[id=38a82a0d-69fc-4d87-a6d1-ec924f6828ee] Created FlowFile[557,90491177937894.mockFlowFile,23B] from FlowFile[556,90491177937894.mockFlowFile,23B]; routing to relationship simple
[pool-2600-thread-1] INFO org.apache.nifi.processors.standard.RouteText - RouteText[id=38a82a0d-69fc-4d87-a6d1-ec924f6828ee] Routing FlowFile[556,90491177937894.mockFlowFile,23B] to original
[main] DEBUG org.apache.nifi.processors.standard.RouteText - RouteText[id=38a82a0d-69fc-4d87-a6d1-ec924f6828ee] Adding new dynamic property: PropertyDescriptor[simple]
[pool-2601-thread-1] INFO org.apache.nifi.processors.standard.RouteText - RouteText[id=38a82a0d-69fc-4d87-a6d1-ec924f6828ee] Created FlowFile[559,90491178507356.mockFlowFile,23B] from FlowFile[558,90491178507356.mockFlowFile,23B]; routing to relationship simple
[pool-2601-thread-1] INFO org.apache.nifi.processors.standard.RouteText - RouteText[id=38a82a0d-69fc-4d87-a6d1-ec924f6828ee] Routing FlowFile[558,90491178507356.mockFlowFile,23B] to original
[main] DEBUG org.apache.nifi.processors.standard.RouteText - RouteText[id=38a82a0d-69fc-4d87-a6d1-ec924f6828ee] Adding new dynamic property: PropertyDescriptor[simple]
[pool-2602-thread-1] INFO org.apache.nifi.processors.standard.RouteText - RouteText[id=38a82a0d-69fc-4d87-a6d1-ec924f6828ee] Created FlowFile[561,90491179005697.mockFlowFile,23B] from FlowFile[560,90491179005697.mockFlowFile,23B]; routing to relationship simple
[pool-2602-thread-1] INFO org.apache.nifi.processors.standard.RouteText - RouteText[id=38a82a0d-69fc-4d87-a6d1-ec924f6828ee] Routing FlowFile[560,90491179005697.mockFlowFile,23B] to original
[main] DEBUG org.apache.nifi.processors.standard.RouteText - RouteText[id=38a82a0d-69fc-4d87-a6d1-ec924f6828ee] Adding new dynamic property: PropertyDescriptor[simple]
[pool-2603-thread-1] INFO org.apache.nifi.processors.standard.RouteText - RouteText[id=38a82a0d-69fc-4d87-a6d1-ec924f6828ee] Created FlowFile[563,90491179577159.mockFlowFile,23B] from FlowFile[562,90491179577159.mockFlowFile,23B]; routing to relationship simple
[pool-2603-thread-1] INFO org.apache.nifi.processors.standard.RouteText - RouteText[id=38a82a0d-69fc-4d87-a6d1-ec924f6828ee] Routing FlowFile[562,90491179577159.mockFlowFile,23B] to original
[main] DEBUG org.apache.nifi.processors.standard.RouteText - RouteText[id=38a82a0d-69fc-4d87-a6d1-ec924f6828ee] Adding new dynamic property: PropertyDescriptor[simple]
[pool-2604-thread-1] INFO org.apache.nifi.processors.standard.RouteText - RouteText[id=38a82a0d-69fc-4d87-a6d1-ec924f6828ee] Created FlowFile[565,90491180089960.mockFlowFile,23B] from FlowFile[564,90491180089960.mockFlowFile,23B]; routing to relationship simple
[pool-2604-thread-1] INFO org.apache.nifi.processors.standard.RouteText - RouteText[id=38a82a0d-69fc-4d87-a6d1-ec924f6828ee] Routing FlowFile[564,90491180089960.mockFlowFile,23B] to original
[main] DEBUG org.apache.nifi.processors.standard.RouteText - RouteText[id=38a82a0d-69fc-4d87-a6d1-ec924f6828ee] Adding new dynamic property: PropertyDescriptor[simple]
[pool-2605-thread-1] INFO org.apache.nifi.processors.standard.RouteText - RouteText[id=38a82a0d-69fc-4d87-a6d1-ec924f6828ee] Created FlowFile[567,90491180737968.mockFlowFile,23B] from FlowFile[566,90491180737968.mockFlowFile,23B]; routing to relationship simple
[pool-2605-thread-1] INFO org.apache.nifi.processors.standard.RouteText - RouteText[id=38a82a0d-69fc-4d87-a6d1-ec924f6828ee] Routing FlowFile[566,90491180737968.mockFlowFile,23B] to original
[main] DEBUG org.apache.nifi.processors.standard.RouteText - RouteText[id=38a82a0d-69fc-4d87-a6d1-ec924f6828ee] Adding new dynamic property: PropertyDescriptor[simple]
[pool-2606-thread-1] INFO org.apache.nifi.processors.standard.RouteText - RouteText[id=38a82a0d-69fc-4d87-a6d1-ec924f6828ee] Created FlowFile[569,90491181378943.mockFlowFile,23B] from FlowFile[568,90491181378943.mockFlowFile,23B]; routing to relationship simple
[pool-2606-thread-1] INFO org.apache.nifi.processors.standard.RouteText - RouteText[id=38a82a0d-69fc-4d87-a6d1-ec924f6828ee] Routing FlowFile[568,90491181378943.mockFlowFile,23B] to original
[main] DEBUG org.apache.nifi.processors.standard.RouteText - RouteText[id=38a82a0d-69fc-4d87-a6d1-ec924f6828ee] Adding new dynamic property: PropertyDescriptor[simple]
[pool-2607-thread-1] INFO org.apache.nifi.processors.standard.RouteText - RouteText[id=38a82a0d-69fc-4d87-a6d1-ec924f6828ee] Created FlowFile[571,90491181985308.mockFlowFile,23B] from FlowFile[570,90491181985308.mockFlowFile,23B]; routing to relationship simple
[pool-2607-thread-1] INFO org.apache.nifi.processors.standard.RouteText - RouteText[id=38a82a0d-69fc-4d87-a6d1-ec924f6828ee] Routing FlowFile[570,90491181985308.mockFlowFile,23B] to original
[main] DEBUG org.apache.nifi.processors.standard.RouteText - RouteText[id=38a82a0d-69fc-4d87-a6d1-ec924f6828ee] Adding new dynamic property: PropertyDescriptor[simple]
[pool-2608-thread-1] INFO org.apache.nifi.processors.standard.RouteText - RouteText[id=38a82a0d-69fc-4d87-a6d1-ec924f6828ee] Created FlowFile[573,90491182540457.mockFlowFile,23B] from FlowFile[572,90491182540457.mockFlowFile,23B]; routing to relationship simple
[pool-2608-thread-1] INFO org.apache.nifi.processors.standard.RouteText - RouteText[id=38a82a0d-69fc-4d87-a6d1-ec924f6828ee] Routing FlowFile[572,90491182540457.mockFlowFile,23B] to original
[main] DEBUG org.apache.nifi.processors.standard.RouteText - RouteText[id=38a82a0d-69fc-4d87-a6d1-ec924f6828ee] Adding new dynamic property: PropertyDescriptor[simple]
[pool-2609-thread-1] INFO org.apache.nifi.processors.standard.RouteText - RouteText[id=38a82a0d-69fc-4d87-a6d1-ec924f6828ee] Created FlowFile[575,90491183024790.mockFlowFile,23B] from FlowFile[574,90491183024790.mockFlowFile,23B]; routing to relationship simple
[pool-2609-thread-1] INFO org.apache.nifi.processors.standard.RouteText - RouteText[id=38a82a0d-69fc-4d87-a6d1-ec924f6828ee] Routing FlowFile[574,90491183024790.mockFlowFile,23B] to original
[main] DEBUG org.apache.nifi.processors.standard.RouteText - RouteText[id=38a82a0d-69fc-4d87-a6d1-ec924f6828ee] Adding new dynamic property: PropertyDescriptor[simple]
[pool-2610-thread-1] INFO org.apache.nifi.processors.standard.RouteText - RouteText[id=38a82a0d-69fc-4d87-a6d1-ec924f6828ee] Created FlowFile[577,90491183624520.mockFlowFile,23B] from FlowFile[576,90491183624520.mockFlowFile,23B]; routing to relationship simple
[pool-2610-thread-1] INFO org.apache.nifi.processors.standard.RouteText - RouteText[id=38a82a0d-69fc-4d87-a6d1-ec924f6828ee] Routing FlowFile[576,90491183624520.mockFlowFile,23B] to original
[main] DEBUG org.apache.nifi.processors.standard.RouteText - RouteText[id=38a82a0d-69fc-4d87-a6d1-ec924f6828ee] Adding new dynamic property: PropertyDescriptor[simple]
[pool-2611-thread-1] INFO org.apache.nifi.processors.standard.RouteText - RouteText[id=38a82a0d-69fc-4d87-a6d1-ec924f6828ee] Created FlowFile[579,90491184125068.mockFlowFile,23B] from FlowFile[578,90491184125068.mockFlowFile,23B]; routing to relationship simple
[pool-2611-thread-1] INFO org.apache.nifi.processors.standard.RouteText - RouteText[id=38a82a0d-69fc-4d87-a6d1-ec924f6828ee] Routing FlowFile[578,90491184125068.mockFlowFile,23B] to original
[main] DEBUG org.apache.nifi.processors.standard.RouteText - RouteText[id=38a82a0d-69fc-4d87-a6d1-ec924f6828ee] Adding new dynamic property: PropertyDescriptor[simple]
[pool-2612-thread-1] INFO org.apache.nifi.processors.standard.RouteText - RouteText[id=38a82a0d-69fc-4d87-a6d1-ec924f6828ee] Created FlowFile[581,90491184740459.mockFlowFile,23B] from FlowFile[580,90491184740459.mockFlowFile,23B]; routing to relationship simple
[pool-2612-thread-1] INFO org.apache.nifi.processors.standard.RouteText - RouteText[id=38a82a0d-69fc-4d87-a6d1-ec924f6828ee] Routing FlowFile[580,90491184740459.mockFlowFile,23B] to original
[main] DEBUG org.apache.nifi.processors.standard.RouteText - RouteText[id=38a82a0d-69fc-4d87-a6d1-ec924f6828ee] Adding new dynamic property: PropertyDescriptor[simple]
[pool-2613-thread-1] INFO org.apache.nifi.processors.standard.RouteText - RouteText[id=38a82a0d-69fc-4d87-a6d1-ec924f6828ee] Created FlowFile[583,90491185560481.mockFlowFile,23B] from FlowFile[582,90491185560481.mockFlowFile,23B]; routing to relationship simple
[pool-2613-thread-1] INFO org.apache.nifi.processors.standard.RouteText - RouteText[id=38a82a0d-69fc-4d87-a6d1-ec924f6828ee] Routing FlowFile[582,90491185560481.mockFlowFile,23B] to original
[main] DEBUG org.apache.nifi.processors.standard.RouteText - RouteText[id=38a82a0d-69fc-4d87-a6d1-ec924f6828ee] Adding new dynamic property: PropertyDescriptor[simple]
[pool-2614-thread-1] INFO org.apache.nifi.processors.standard.RouteText - RouteText[id=38a82a0d-69fc-4d87-a6d1-ec924f6828ee] Created FlowFile[585,90491186113523.mockFlowFile,23B] from FlowFile[584,90491186113523.mockFlowFile,23B]; routing to relationship simple
[pool-2614-thread-1] INFO org.apache.nifi.processors.standard.RouteText - RouteText[id=38a82a0d-69fc-4d87-a6d1-ec924f6828ee] Routing FlowFile[584,90491186113523.mockFlowFile,23B] to original
[main] DEBUG org.apache.nifi.processors.standard.RouteText - RouteText[id=38a82a0d-69fc-4d87-a6d1-ec924f6828ee] Adding new dynamic property: PropertyDescriptor[simple]
[pool-2615-thread-1] INFO org.apache.nifi.processors.standard.RouteText - RouteText[id=38a82a0d-69fc-4d87-a6d1-ec924f6828ee] Created FlowFile[587,90491186551281.mockFlowFile,23B] from FlowFile[586,90491186551281.mockFlowFile,23B]; routing to relationship simple
[pool-2615-thread-1] INFO org.apache.nifi.processors.standard.RouteText - RouteText[id=38a82a0d-69fc-4d87-a6d1-ec924f6828ee] Routing FlowFile[586,90491186551281.mockFlowFile,23B] to original
[main] DEBUG org.apache.nifi.processors.standard.RouteText - RouteText[id=38a82a0d-69fc-4d87-a6d1-ec924f6828ee] Adding new dynamic property: PropertyDescriptor[simple]
[pool-2616-thread-1] INFO org.apache.nifi.processors.standard.RouteText - RouteText[id=38a82a0d-69fc-4d87-a6d1-ec924f6828ee] Created FlowFile[589,90491186974092.mockFlowFile,23B] from FlowFile[588,90491186974092.mockFlowFile,23B]; routing to relationship simple
[pool-2616-thread-1] INFO org.apache.nifi.processors.standard.RouteText - RouteText[id=38a82a0d-69fc-4d87-a6d1-ec924f6828ee] Routing FlowFile[588,90491186974092.mockFlowFile,23B] to original
[main] DEBUG org.apache.nifi.processors.standard.RouteText - RouteText[id=38a82a0d-69fc-4d87-a6d1-ec924f6828ee] Adding new dynamic property: PropertyDescriptor[simple]
[pool-2617-thread-1] INFO org.apache.nifi.processors.standard.RouteText - RouteText[id=38a82a0d-69fc-4d87-a6d1-ec924f6828ee] Created FlowFile[591,90491187442925.mockFlowFile,23B] from FlowFile[590,90491187442925.mockFlowFile,23B]; routing to relationship simple
[pool-2617-thread-1] INFO org.apache.nifi.processors.standard.RouteText - RouteText[id=38a82a0d-69fc-4d87-a6d1-ec924f6828ee] Routing FlowFile[590,90491187442925.mockFlowFile,23B] to original
[main] DEBUG org.apache.nifi.processors.standard.RouteText - RouteText[id=38a82a0d-69fc-4d87-a6d1-ec924f6828ee] Adding new dynamic property: PropertyDescriptor[simple]
[pool-2618-thread-1] INFO org.apache.nifi.processors.standard.RouteText - RouteText[id=38a82a0d-69fc-4d87-a6d1-ec924f6828ee] Created FlowFile[593,90491187897675.mockFlowFile,23B] from FlowFile[592,90491187897675.mockFlowFile,23B]; routing to relationship simple
[pool-2618-thread-1] INFO org.apache.nifi.processors.standard.RouteText - RouteText[id=38a82a0d-69fc-4d87-a6d1-ec924f6828ee] Routing FlowFile[592,90491187897675.mockFlowFile,23B] to original
[main] DEBUG org.apache.nifi.processors.standard.RouteText - RouteText[id=38a82a0d-69fc-4d87-a6d1-ec924f6828ee] Adding new dynamic property: PropertyDescriptor[simple]
[pool-2619-thread-1] INFO org.apache.nifi.processors.standard.RouteText - RouteText[id=38a82a0d-69fc-4d87-a6d1-ec924f6828ee] Created FlowFile[595,90491188312443.mockFlowFile,23B] from FlowFile[594,90491188312443.mockFlowFile,23B]; routing to relationship simple
[pool-2619-thread-1] INFO org.apache.nifi.processors.standard.RouteText - RouteText[id=38a82a0d-69fc-4d87-a6d1-ec924f6828ee] Routing FlowFile[594,90491188312443.mockFlowFile,23B] to original
[main] DEBUG org.apache.nifi.processors.standard.RouteText - RouteText[id=38a82a0d-69fc-4d87-a6d1-ec924f6828ee] Adding new dynamic property: PropertyDescriptor[simple]
[pool-2620-thread-1] INFO org.apache.nifi.processors.standard.RouteText - RouteText[id=38a82a0d-69fc-4d87-a6d1-ec924f6828ee] Created FlowFile[597,90491188874451.mockFlowFile,23B] from FlowFile[596,90491188874451.mockFlowFile,23B]; routing to relationship simple
[pool-2620-thread-1] INFO org.apache.nifi.processors.standard.RouteText - RouteText[id=38a82a0d-69fc-4d87-a6d1-ec924f6828ee] Routing FlowFile[596,90491188874451.mockFlowFile,23B] to original
[main] DEBUG org.apache.nifi.processors.standard.RouteText - RouteText[id=38a82a0d-69fc-4d87-a6d1-ec924f6828ee] Adding new dynamic property: PropertyDescriptor[simple]
[pool-2621-thread-1] INFO org.apache.nifi.processors.standard.RouteText - RouteText[id=38a82a0d-69fc-4d87-a6d1-ec924f6828ee] Created FlowFile[599,90491189355200.mockFlowFile,23B] from FlowFile[598,90491189355200.mockFlowFile,23B]; routing to relationship simple
[pool-2621-thread-1] INFO org.apache.nifi.processors.standard.RouteText - RouteText[id=38a82a0d-69fc-4d87-a6d1-ec924f6828ee] Routing FlowFile[598,90491189355200.mockFlowFile,23B] to original
[main] DEBUG org.apache.nifi.processors.standard.RouteText - RouteText[id=38a82a0d-69fc-4d87-a6d1-ec924f6828ee] Adding new dynamic property: PropertyDescriptor[simple]
[pool-2622-thread-1] INFO org.apache.nifi.processors.standard.RouteText - RouteText[id=38a82a0d-69fc-4d87-a6d1-ec924f6828ee] Created FlowFile[601,90491189818424.mockFlowFile,23B] from FlowFile[600,90491189818424.mockFlowFile,23B]; routing to relationship simple
[pool-2622-thread-1] INFO org.apache.nifi.processors.standard.RouteText - RouteText[id=38a82a0d-69fc-4d87-a6d1-ec924f6828ee] Routing FlowFile[600,90491189818424.mockFlowFile,23B] to original
[main] DEBUG org.apache.nifi.processors.standard.RouteText - RouteText[id=38a82a0d-69fc-4d87-a6d1-ec924f6828ee] Adding new dynamic property: PropertyDescriptor[simple]
[pool-2623-thread-1] INFO org.apache.nifi.processors.standard.RouteText - RouteText[id=38a82a0d-69fc-4d87-a6d1-ec924f6828ee] Created FlowFile[603,90491190443601.mockFlowFile,23B] from FlowFile[602,90491190443601.mockFlowFile,23B]; routing to relationship simple
[pool-2623-thread-1] INFO org.apache.nifi.processors.standard.RouteText - RouteText[id=38a82a0d-69fc-4d87-a6d1-ec924f6828ee] Routing FlowFile[602,90491190443601.mockFlowFile,23B] to original
[main] DEBUG org.apache.nifi.processors.standard.RouteText - RouteText[id=38a82a0d-69fc-4d87-a6d1-ec924f6828ee] Adding new dynamic property: PropertyDescriptor[simple]
[pool-2624-thread-1] INFO org.apache.nifi.processors.standard.RouteText - RouteText[id=38a82a0d-69fc-4d87-a6d1-ec924f6828ee] Created FlowFile[605,90491190970565.mockFlowFile,23B] from FlowFile[604,90491190970565.mockFlowFile,23B]; routing to relationship simple
[pool-2624-thread-1] INFO org.apache.nifi.processors.standard.RouteText - RouteText[id=38a82a0d-69fc-4d87-a6d1-ec924f6828ee] Routing FlowFile[604,90491190970565.mockFlowFile,23B] to original
[main] DEBUG org.apache.nifi.processors.standard.RouteText - RouteText[id=38a82a0d-69fc-4d87-a6d1-ec924f6828ee] Adding new dynamic property: PropertyDescriptor[simple]
[pool-2625-thread-1] INFO org.apache.nifi.processors.standard.RouteText - RouteText[id=38a82a0d-69fc-4d87-a6d1-ec924f6828ee] Created FlowFile[607,90491191427072.mockFlowFile,23B] from FlowFile[606,90491191427072.mockFlowFile,23B]; routing to relationship simple
[pool-2625-thread-1] INFO org.apache.nifi.processors.standard.RouteText - RouteText[id=38a82a0d-69fc-4d87-a6d1-ec924f6828ee] Routing FlowFile[606,90491191427072.mockFlowFile,23B] to original
[main] DEBUG org.apache.nifi.processors.standard.RouteText - RouteText[id=38a82a0d-69fc-4d87-a6d1-ec924f6828ee] Adding new dynamic property: PropertyDescriptor[simple]
[pool-2626-thread-1] INFO org.apache.nifi.processors.standard.RouteText - RouteText[id=38a82a0d-69fc-4d87-a6d1-ec924f6828ee] Created FlowFile[609,90491191876859.mockFlowFile,23B] from FlowFile[608,90491191876859.mockFlowFile,23B]; routing to relationship simple
[pool-2626-thread-1] INFO org.apache.nifi.processors.standard.RouteText - RouteText[id=38a82a0d-69fc-4d87-a6d1-ec924f6828ee] Routing FlowFile[608,90491191876859.mockFlowFile,23B] to original
[main] DEBUG org.apache.nifi.processors.standard.RouteText - RouteText[id=38a82a0d-69fc-4d87-a6d1-ec924f6828ee] Adding new dynamic property: PropertyDescriptor[simple]
[pool-2627-thread-1] INFO org.apache.nifi.processors.standard.RouteText - RouteText[id=38a82a0d-69fc-4d87-a6d1-ec924f6828ee] Created FlowFile[611,90491192440818.mockFlowFile,23B] from FlowFile[610,90491192440818.mockFlowFile,23B]; routing to relationship simple
[pool-2627-thread-1] INFO org.apache.nifi.processors.standard.RouteText - RouteText[id=38a82a0d-69fc-4d87-a6d1-ec924f6828ee] Routing FlowFile[610,90491192440818.mockFlowFile,23B] to original
[main] DEBUG org.apache.nifi.processors.standard.RouteText - RouteText[id=38a82a0d-69fc-4d87-a6d1-ec924f6828ee] Adding new dynamic property: PropertyDescriptor[simple]
[pool-2628-thread-1] INFO org.apache.nifi.processors.standard.RouteText - RouteText[id=38a82a0d-69fc-4d87-a6d1-ec924f6828ee] Created FlowFile[613,90491192863792.mockFlowFile,23B] from FlowFile[612,90491192863792.mockFlowFile,23B]; routing to relationship simple
[pool-2628-thread-1] INFO org.apache.nifi.processors.standard.RouteText - RouteText[id=38a82a0d-69fc-4d87-a6d1-ec924f6828ee] Routing FlowFile[612,90491192863792.mockFlowFile,23B] to original
[main] DEBUG org.apache.nifi.processors.standard.RouteText - RouteText[id=38a82a0d-69fc-4d87-a6d1-ec924f6828ee] Adding new dynamic property: PropertyDescriptor[simple]
[pool-2629-thread-1] INFO org.apache.nifi.processors.standard.RouteText - RouteText[id=38a82a0d-69fc-4d87-a6d1-ec924f6828ee] Created FlowFile[615,90491193280641.mockFlowFile,23B] from FlowFile[614,90491193280641.mockFlowFile,23B]; routing to relationship simple
[pool-2629-thread-1] INFO org.apache.nifi.processors.standard.RouteText - RouteText[id=38a82a0d-69fc-4d87-a6d1-ec924f6828ee] Routing FlowFile[614,90491193280641.mockFlowFile,23B] to original
[main] DEBUG org.apache.nifi.processors.standard.RouteText - RouteText[id=38a82a0d-69fc-4d87-a6d1-ec924f6828ee] Adding new dynamic property: PropertyDescriptor[simple]
[pool-2630-thread-1] INFO org.apache.nifi.processors.standard.RouteText - RouteText[id=38a82a0d-69fc-4d87-a6d1-ec924f6828ee] Created FlowFile[617,90491193742418.mockFlowFile,23B] from FlowFile[616,90491193742418.mockFlowFile,23B]; routing to relationship simple
[pool-2630-thread-1] INFO org.apache.nifi.processors.standard.RouteText - RouteText[id=38a82a0d-69fc-4d87-a6d1-ec924f6828ee] Routing FlowFile[616,90491193742418.mockFlowFile,23B] to original
[main] DEBUG org.apache.nifi.processors.standard.RouteText - RouteText[id=38a82a0d-69fc-4d87-a6d1-ec924f6828ee] Adding new dynamic property: PropertyDescriptor[simple]
[pool-2631-thread-1] INFO org.apache.nifi.processors.standard.RouteText - RouteText[id=38a82a0d-69fc-4d87-a6d1-ec924f6828ee] Created FlowFile[619,90491194196057.mockFlowFile,23B] from FlowFile[618,90491194196057.mockFlowFile,23B]; routing to relationship simple
[pool-2631-thread-1] INFO org.apache.nifi.processors.standard.RouteText - RouteText[id=38a82a0d-69fc-4d87-a6d1-ec924f6828ee] Routing FlowFile[618,90491194196057.mockFlowFile,23B] to original
[main] DEBUG org.apache.nifi.processors.standard.RouteText - RouteText[id=38a82a0d-69fc-4d87-a6d1-ec924f6828ee] Adding new dynamic property: PropertyDescriptor[simple]
[pool-2632-thread-1] INFO org.apache.nifi.processors.standard.RouteText - RouteText[id=38a82a0d-69fc-4d87-a6d1-ec924f6828ee] Created FlowFile[621,90491194665002.mockFlowFile,23B] from FlowFile[620,90491194665002.mockFlowFile,23B]; routing to relationship simple
[pool-2632-thread-1] INFO org.apache.nifi.processors.standard.RouteText - RouteText[id=38a82a0d-69fc-4d87-a6d1-ec924f6828ee] Routing FlowFile[620,90491194665002.mockFlowFile,23B] to original
[main] DEBUG org.apache.nifi.processors.standard.RouteText - RouteText[id=38a82a0d-69fc-4d87-a6d1-ec924f6828ee] Adding new dynamic property: PropertyDescriptor[simple]
[pool-2633-thread-1] INFO org.apache.nifi.processors.standard.RouteText - RouteText[id=38a82a0d-69fc-4d87-a6d1-ec924f6828ee] Created FlowFile[623,90491195114467.mockFlowFile,23B] from FlowFile[622,90491195114467.mockFlowFile,23B]; routing to relationship simple
[pool-2633-thread-1] INFO org.apache.nifi.processors.standard.RouteText - RouteText[id=38a82a0d-69fc-4d87-a6d1-ec924f6828ee] Routing FlowFile[622,90491195114467.mockFlowFile,23B] to original
[main] DEBUG org.apache.nifi.processors.standard.RouteText - RouteText[id=38a82a0d-69fc-4d87-a6d1-ec924f6828ee] Adding new dynamic property: PropertyDescriptor[simple]
[pool-2634-thread-1] INFO org.apache.nifi.processors.standard.RouteText - RouteText[id=38a82a0d-69fc-4d87-a6d1-ec924f6828ee] Created FlowFile[625,90491195571148.mockFlowFile,23B] from FlowFile[624,90491195571148.mockFlowFile,23B]; routing to relationship simple
[pool-2634-thread-1] INFO org.apache.nifi.processors.standard.RouteText - RouteText[id=38a82a0d-69fc-4d87-a6d1-ec924f6828ee] Routing FlowFile[624,90491195571148.mockFlowFile,23B] to original
[main] DEBUG org.apache.nifi.processors.standard.RouteText - RouteText[id=38a82a0d-69fc-4d87-a6d1-ec924f6828ee] Adding new dynamic property: PropertyDescriptor[simple]
[pool-2635-thread-1] INFO org.apache.nifi.processors.standard.RouteText - RouteText[id=38a82a0d-69fc-4d87-a6d1-ec924f6828ee] Created FlowFile[627,90491196050269.mockFlowFile,23B] from FlowFile[626,90491196050269.mockFlowFile,23B]; routing to relationship simple
[pool-2635-thread-1] INFO org.apache.nifi.processors.standard.RouteText - RouteText[id=38a82a0d-69fc-4d87-a6d1-ec924f6828ee] Routing FlowFile[626,90491196050269.mockFlowFile,23B] to original
[main] DEBUG org.apache.nifi.processors.standard.RouteText - RouteText[id=38a82a0d-69fc-4d87-a6d1-ec924f6828ee] Adding new dynamic property: PropertyDescriptor[simple]
[pool-2636-thread-1] INFO org.apache.nifi.processors.standard.RouteText - RouteText[id=38a82a0d-69fc-4d87-a6d1-ec924f6828ee] Created FlowFile[629,90491196619034.mockFlowFile,23B] from FlowFile[628,90491196619034.mockFlowFile,23B]; routing to relationship simple
[pool-2636-thread-1] INFO org.apache.nifi.processors.standard.RouteText - RouteText[id=38a82a0d-69fc-4d87-a6d1-ec924f6828ee] Routing FlowFile[628,90491196619034.mockFlowFile,23B] to original
[main] DEBUG org.apache.nifi.processors.standard.RouteText - RouteText[id=38a82a0d-69fc-4d87-a6d1-ec924f6828ee] Adding new dynamic property: PropertyDescriptor[simple]
[pool-2637-thread-1] INFO org.apache.nifi.processors.standard.RouteText - RouteText[id=38a82a0d-69fc-4d87-a6d1-ec924f6828ee] Created FlowFile[631,90491197134566.mockFlowFile,23B] from FlowFile[630,90491197134566.mockFlowFile,23B]; routing to relationship simple
[pool-2637-thread-1] INFO org.apache.nifi.processors.standard.RouteText - RouteText[id=38a82a0d-69fc-4d87-a6d1-ec924f6828ee] Routing FlowFile[630,90491197134566.mockFlowFile,23B] to original
[main] DEBUG org.apache.nifi.processors.standard.RouteText - RouteText[id=38a82a0d-69fc-4d87-a6d1-ec924f6828ee] Adding new dynamic property: PropertyDescriptor[simple]
[pool-2638-thread-1] INFO org.apache.nifi.processors.standard.RouteText - RouteText[id=38a82a0d-69fc-4d87-a6d1-ec924f6828ee] Created FlowFile[633,90491197638394.mockFlowFile,23B] from FlowFile[632,90491197638394.mockFlowFile,23B]; routing to relationship simple
[pool-2638-thread-1] INFO org.apache.nifi.processors.standard.RouteText - RouteText[id=38a82a0d-69fc-4d87-a6d1-ec924f6828ee] Routing FlowFile[632,90491197638394.mockFlowFile,23B] to original
[main] DEBUG org.apache.nifi.processors.standard.RouteText - RouteText[id=38a82a0d-69fc-4d87-a6d1-ec924f6828ee] Adding new dynamic property: PropertyDescriptor[simple]
[pool-2639-thread-1] INFO org.apache.nifi.processors.standard.RouteText - RouteText[id=38a82a0d-69fc-4d87-a6d1-ec924f6828ee] Created FlowFile[635,90491198080640.mockFlowFile,23B] from FlowFile[634,90491198080640.mockFlowFile,23B]; routing to relationship simple
[pool-2639-thread-1] INFO org.apache.nifi.processors.standard.RouteText - RouteText[id=38a82a0d-69fc-4d87-a6d1-ec924f6828ee] Routing FlowFile[634,90491198080640.mockFlowFile,23B] to original
[main] DEBUG org.apache.nifi.processors.standard.RouteText - RouteText[id=38a82a0d-69fc-4d87-a6d1-ec924f6828ee] Adding new dynamic property: PropertyDescriptor[simple]
[pool-2640-thread-1] INFO org.apache.nifi.processors.standard.RouteText - RouteText[id=38a82a0d-69fc-4d87-a6d1-ec924f6828ee] Created FlowFile[637,90491198548683.mockFlowFile,23B] from FlowFile[636,90491198548683.mockFlowFile,23B]; routing to relationship simple
[pool-2640-thread-1] INFO org.apache.nifi.processors.standard.RouteText - RouteText[id=38a82a0d-69fc-4d87-a6d1-ec924f6828ee] Routing FlowFile[636,90491198548683.mockFlowFile,23B] to original
[main] DEBUG org.apache.nifi.processors.standard.RouteText - RouteText[id=38a82a0d-69fc-4d87-a6d1-ec924f6828ee] Adding new dynamic property: PropertyDescriptor[simple]
[pool-2641-thread-1] INFO org.apache.nifi.processors.standard.RouteText - RouteText[id=38a82a0d-69fc-4d87-a6d1-ec924f6828ee] Created FlowFile[639,90491198995008.mockFlowFile,23B] from FlowFile[638,90491198995008.mockFlowFile,23B]; routing to relationship simple
[pool-2641-thread-1] INFO org.apache.nifi.processors.standard.RouteText - RouteText[id=38a82a0d-69fc-4d87-a6d1-ec924f6828ee] Routing FlowFile[638,90491198995008.mockFlowFile,23B] to original
[main] DEBUG org.apache.nifi.processors.standard.RouteText - RouteText[id=38a82a0d-69fc-4d87-a6d1-ec924f6828ee] Adding new dynamic property: PropertyDescriptor[simple]
[pool-2642-thread-1] INFO org.apache.nifi.processors.standard.RouteText - RouteText[id=38a82a0d-69fc-4d87-a6d1-ec924f6828ee] Created FlowFile[641,90491199528341.mockFlowFile,23B] from FlowFile[640,90491199528341.mockFlowFile,23B]; routing to relationship simple
[pool-2642-thread-1] INFO org.apache.nifi.processors.standard.RouteText - RouteText[id=38a82a0d-69fc-4d87-a6d1-ec924f6828ee] Routing FlowFile[640,90491199528341.mockFlowFile,23B] to original
[main] DEBUG org.apache.nifi.processors.standard.RouteText - RouteText[id=38a82a0d-69fc-4d87-a6d1-ec924f6828ee] Adding new dynamic property: PropertyDescriptor[simple]
[pool-2643-thread-1] INFO org.apache.nifi.processors.standard.RouteText - RouteText[id=38a82a0d-69fc-4d87-a6d1-ec924f6828ee] Created FlowFile[643,90491200135939.mockFlowFile,23B] from FlowFile[642,90491200135939.mockFlowFile,23B]; routing to relationship simple
[pool-2643-thread-1] INFO org.apache.nifi.processors.standard.RouteText - RouteText[id=38a82a0d-69fc-4d87-a6d1-ec924f6828ee] Routing FlowFile[642,90491200135939.mockFlowFile,23B] to original
[main] DEBUG org.apache.nifi.processors.standard.RouteText - RouteText[id=38a82a0d-69fc-4d87-a6d1-ec924f6828ee] Adding new dynamic property: PropertyDescriptor[simple]
[pool-2644-thread-1] INFO org.apache.nifi.processors.standard.RouteText - RouteText[id=38a82a0d-69fc-4d87-a6d1-ec924f6828ee] Created FlowFile[645,90491200883444.mockFlowFile,23B] from FlowFile[644,90491200883444.mockFlowFile,23B]; routing to relationship simple
[pool-2644-thread-1] INFO org.apache.nifi.processors.standard.RouteText - RouteText[id=38a82a0d-69fc-4d87-a6d1-ec924f6828ee] Routing FlowFile[644,90491200883444.mockFlowFile,23B] to original
[main] DEBUG org.apache.nifi.processors.standard.RouteText - RouteText[id=38a82a0d-69fc-4d87-a6d1-ec924f6828ee] Adding new dynamic property: PropertyDescriptor[simple]
[pool-2645-thread-1] INFO org.apache.nifi.processors.standard.RouteText - RouteText[id=38a82a0d-69fc-4d87-a6d1-ec924f6828ee] Created FlowFile[647,90491201511346.mockFlowFile,23B] from FlowFile[646,90491201511346.mockFlowFile,23B]; routing to relationship simple
[pool-2645-thread-1] INFO org.apache.nifi.processors.standard.RouteText - RouteText[id=38a82a0d-69fc-4d87-a6d1-ec924f6828ee] Routing FlowFile[646,90491201511346.mockFlowFile,23B] to original
[main] DEBUG org.apache.nifi.processors.standard.RouteText - RouteText[id=38a82a0d-69fc-4d87-a6d1-ec924f6828ee] Adding new dynamic property: PropertyDescriptor[simple]
[pool-2646-thread-1] INFO org.apache.nifi.processors.standard.RouteText - RouteText[id=38a82a0d-69fc-4d87-a6d1-ec924f6828ee] Created FlowFile[649,90491202133062.mockFlowFile,23B] from FlowFile[648,90491202133062.mockFlowFile,23B]; routing to relationship simple
[pool-2646-thread-1] INFO org.apache.nifi.processors.standard.RouteText - RouteText[id=38a82a0d-69fc-4d87-a6d1-ec924f6828ee] Routing FlowFile[648,90491202133062.mockFlowFile,23B] to original
[main] DEBUG org.apache.nifi.processors.standard.RouteText - RouteText[id=38a82a0d-69fc-4d87-a6d1-ec924f6828ee] Adding new dynamic property: PropertyDescriptor[simple]
[pool-2647-thread-1] INFO org.apache.nifi.processors.standard.RouteText - RouteText[id=38a82a0d-69fc-4d87-a6d1-ec924f6828ee] Created FlowFile[651,90491202843716.mockFlowFile,23B] from FlowFile[650,90491202843716.mockFlowFile,23B]; routing to relationship simple
[pool-2647-thread-1] INFO org.apache.nifi.processors.standard.RouteText - RouteText[id=38a82a0d-69fc-4d87-a6d1-ec924f6828ee] Routing FlowFile[650,90491202843716.mockFlowFile,23B] to original
[main] DEBUG org.apache.nifi.processors.standard.RouteText - RouteText[id=38a82a0d-69fc-4d87-a6d1-ec924f6828ee] Adding new dynamic property: PropertyDescriptor[simple]
[pool-2648-thread-1] INFO org.apache.nifi.processors.standard.RouteText - RouteText[id=38a82a0d-69fc-4d87-a6d1-ec924f6828ee] Created FlowFile[653,90491203361815.mockFlowFile,23B] from FlowFile[652,90491203361815.mockFlowFile,23B]; routing to relationship simple
[pool-2648-thread-1] INFO org.apache.nifi.processors.standard.RouteText - RouteText[id=38a82a0d-69fc-4d87-a6d1-ec924f6828ee] Routing FlowFile[652,90491203361815.mockFlowFile,23B] to original
[main] DEBUG org.apache.nifi.processors.standard.RouteText - RouteText[id=38a82a0d-69fc-4d87-a6d1-ec924f6828ee] Adding new dynamic property: PropertyDescriptor[simple]
[pool-2649-thread-1] INFO org.apache.nifi.processors.standard.RouteText - RouteText[id=38a82a0d-69fc-4d87-a6d1-ec924f6828ee] Created FlowFile[655,90491203849163.mockFlowFile,23B] from FlowFile[654,90491203849163.mockFlowFile,23B]; routing to relationship simple
[pool-2649-thread-1] INFO org.apache.nifi.processors.standard.RouteText - RouteText[id=38a82a0d-69fc-4d87-a6d1-ec924f6828ee] Routing FlowFile[654,90491203849163.mockFlowFile,23B] to original
[main] DEBUG org.apache.nifi.processors.standard.RouteText - RouteText[id=38a82a0d-69fc-4d87-a6d1-ec924f6828ee] Adding new dynamic property: PropertyDescriptor[simple]
[pool-2650-thread-1] INFO org.apache.nifi.processors.standard.RouteText - RouteText[id=38a82a0d-69fc-4d87-a6d1-ec924f6828ee] Created FlowFile[657,90491204432541.mockFlowFile,23B] from FlowFile[656,90491204432541.mockFlowFile,23B]; routing to relationship simple
[pool-2650-thread-1] INFO org.apache.nifi.processors.standard.RouteText - RouteText[id=38a82a0d-69fc-4d87-a6d1-ec924f6828ee] Routing FlowFile[656,90491204432541.mockFlowFile,23B] to original
[main] DEBUG org.apache.nifi.processors.standard.RouteText - RouteText[id=38a82a0d-69fc-4d87-a6d1-ec924f6828ee] Adding new dynamic property: PropertyDescriptor[simple]
[pool-2651-thread-1] INFO org.apache.nifi.processors.standard.RouteText - RouteText[id=38a82a0d-69fc-4d87-a6d1-ec924f6828ee] Created FlowFile[659,90491204900943.mockFlowFile,23B] from FlowFile[658,90491204900943.mockFlowFile,23B]; routing to relationship simple
[pool-2651-thread-1] INFO org.apache.nifi.processors.standard.RouteText - RouteText[id=38a82a0d-69fc-4d87-a6d1-ec924f6828ee] Routing FlowFile[658,90491204900943.mockFlowFile,23B] to original
[main] DEBUG org.apache.nifi.processors.standard.RouteText - RouteText[id=38a82a0d-69fc-4d87-a6d1-ec924f6828ee] Adding new dynamic property: PropertyDescriptor[simple]
[pool-2652-thread-1] INFO org.apache.nifi.processors.standard.RouteText - RouteText[id=38a82a0d-69fc-4d87-a6d1-ec924f6828ee] Created FlowFile[661,90491205342577.mockFlowFile,23B] from FlowFile[660,90491205342577.mockFlowFile,23B]; routing to relationship simple
[pool-2652-thread-1] INFO org.apache.nifi.processors.standard.RouteText - RouteText[id=38a82a0d-69fc-4d87-a6d1-ec924f6828ee] Routing FlowFile[660,90491205342577.mockFlowFile,23B] to original
[main] DEBUG org.apache.nifi.processors.standard.RouteText - RouteText[id=38a82a0d-69fc-4d87-a6d1-ec924f6828ee] Adding new dynamic property: PropertyDescriptor[simple]
[pool-2653-thread-1] INFO org.apache.nifi.processors.standard.RouteText - RouteText[id=38a82a0d-69fc-4d87-a6d1-ec924f6828ee] Created FlowFile[663,90491205847349.mockFlowFile,23B] from FlowFile[662,90491205847349.mockFlowFile,23B]; routing to relationship simple
[pool-2653-thread-1] INFO org.apache.nifi.processors.standard.RouteText - RouteText[id=38a82a0d-69fc-4d87-a6d1-ec924f6828ee] Routing FlowFile[662,90491205847349.mockFlowFile,23B] to original
[main] DEBUG org.apache.nifi.processors.standard.RouteText - RouteText[id=38a82a0d-69fc-4d87-a6d1-ec924f6828ee] Adding new dynamic property: PropertyDescriptor[simple]
[pool-2654-thread-1] INFO org.apache.nifi.processors.standard.RouteText - RouteText[id=38a82a0d-69fc-4d87-a6d1-ec924f6828ee] Created FlowFile[665,90491206325155.mockFlowFile,23B] from FlowFile[664,90491206325155.mockFlowFile,23B]; routing to relationship simple
[pool-2654-thread-1] INFO org.apache.nifi.processors.standard.RouteText - RouteText[id=38a82a0d-69fc-4d87-a6d1-ec924f6828ee] Routing FlowFile[664,90491206325155.mockFlowFile,23B] to original
[main] DEBUG org.apache.nifi.processors.standard.RouteText - RouteText[id=38a82a0d-69fc-4d87-a6d1-ec924f6828ee] Adding new dynamic property: PropertyDescriptor[simple]
[pool-2655-thread-1] INFO org.apache.nifi.processors.standard.RouteText - RouteText[id=38a82a0d-69fc-4d87-a6d1-ec924f6828ee] Created FlowFile[667,90491206803266.mockFlowFile,23B] from FlowFile[666,90491206803266.mockFlowFile,23B]; routing to relationship simple
[pool-2655-thread-1] INFO org.apache.nifi.processors.standard.RouteText - RouteText[id=38a82a0d-69fc-4d87-a6d1-ec924f6828ee] Routing FlowFile[666,90491206803266.mockFlowFile,23B] to original
[main] DEBUG org.apache.nifi.processors.standard.RouteText - RouteText[id=38a82a0d-69fc-4d87-a6d1-ec924f6828ee] Adding new dynamic property: PropertyDescriptor[simple]
[pool-2656-thread-1] INFO org.apache.nifi.processors.standard.RouteText - RouteText[id=38a82a0d-69fc-4d87-a6d1-ec924f6828ee] Created FlowFile[669,90491207267802.mockFlowFile,23B] from FlowFile[668,90491207267802.mockFlowFile,23B]; routing to relationship simple
[pool-2656-thread-1] INFO org.apache.nifi.processors.standard.RouteText - RouteText[id=38a82a0d-69fc-4d87-a6d1-ec924f6828ee] Routing FlowFile[668,90491207267802.mockFlowFile,23B] to original
[main] DEBUG org.apache.nifi.processors.standard.RouteText - RouteText[id=38a82a0d-69fc-4d87-a6d1-ec924f6828ee] Adding new dynamic property: PropertyDescriptor[simple]
[pool-2657-thread-1] INFO org.apache.nifi.processors.standard.RouteText - RouteText[id=38a82a0d-69fc-4d87-a6d1-ec924f6828ee] Created FlowFile[671,90491207730555.mockFlowFile,23B] from FlowFile[670,90491207730555.mockFlowFile,23B]; routing to relationship simple
[pool-2657-thread-1] INFO org.apache.nifi.processors.standard.RouteText - RouteText[id=38a82a0d-69fc-4d87-a6d1-ec924f6828ee] Routing FlowFile[670,90491207730555.mockFlowFile,23B] to original
[main] DEBUG org.apache.nifi.processors.standard.RouteText - RouteText[id=38a82a0d-69fc-4d87-a6d1-ec924f6828ee] Adding new dynamic property: PropertyDescriptor[simple]
[pool-2658-thread-1] INFO org.apache.nifi.processors.standard.RouteText - RouteText[id=38a82a0d-69fc-4d87-a6d1-ec924f6828ee] Created FlowFile[673,90491208208438.mockFlowFile,23B] from FlowFile[672,90491208208438.mockFlowFile,23B]; routing to relationship simple
[pool-2658-thread-1] INFO org.apache.nifi.processors.standard.RouteText - RouteText[id=38a82a0d-69fc-4d87-a6d1-ec924f6828ee] Routing FlowFile[672,90491208208438.mockFlowFile,23B] to original
[main] DEBUG org.apache.nifi.processors.standard.RouteText - RouteText[id=38a82a0d-69fc-4d87-a6d1-ec924f6828ee] Adding new dynamic property: PropertyDescriptor[simple]
[pool-2659-thread-1] INFO org.apache.nifi.processors.standard.RouteText - RouteText[id=38a82a0d-69fc-4d87-a6d1-ec924f6828ee] Created FlowFile[675,90491208657135.mockFlowFile,23B] from FlowFile[674,90491208657135.mockFlowFile,23B]; routing to relationship simple
[pool-2659-thread-1] INFO org.apache.nifi.processors.standard.RouteText - RouteText[id=38a82a0d-69fc-4d87-a6d1-ec924f6828ee] Routing FlowFile[674,90491208657135.mockFlowFile,23B] to original
[main] DEBUG org.apache.nifi.processors.standard.RouteText - RouteText[id=38a82a0d-69fc-4d87-a6d1-ec924f6828ee] Adding new dynamic property: PropertyDescriptor[simple]
[pool-2660-thread-1] INFO org.apache.nifi.processors.standard.RouteText - RouteText[id=38a82a0d-69fc-4d87-a6d1-ec924f6828ee] Created FlowFile[677,90491209093605.mockFlowFile,23B] from FlowFile[676,90491209093605.mockFlowFile,23B]; routing to relationship simple
[pool-2660-thread-1] INFO org.apache.nifi.processors.standard.RouteText - RouteText[id=38a82a0d-69fc-4d87-a6d1-ec924f6828ee] Routing FlowFile[676,90491209093605.mockFlowFile,23B] to original
[main] DEBUG org.apache.nifi.processors.standard.RouteText - RouteText[id=38a82a0d-69fc-4d87-a6d1-ec924f6828ee] Adding new dynamic property: PropertyDescriptor[simple]
[pool-2661-thread-1] INFO org.apache.nifi.processors.standard.RouteText - RouteText[id=38a82a0d-69fc-4d87-a6d1-ec924f6828ee] Created FlowFile[679,90491209495267.mockFlowFile,23B] from FlowFile[678,90491209495267.mockFlowFile,23B]; routing to relationship simple
[pool-2661-thread-1] INFO org.apache.nifi.processors.standard.RouteText - RouteText[id=38a82a0d-69fc-4d87-a6d1-ec924f6828ee] Routing FlowFile[678,90491209495267.mockFlowFile,23B] to original
[main] DEBUG org.apache.nifi.processors.standard.RouteText - RouteText[id=38a82a0d-69fc-4d87-a6d1-ec924f6828ee] Adding new dynamic property: PropertyDescriptor[simple]
[pool-2662-thread-1] INFO org.apache.nifi.processors.standard.RouteText - RouteText[id=38a82a0d-69fc-4d87-a6d1-ec924f6828ee] Created FlowFile[681,90491209924673.mockFlowFile,23B] from FlowFile[680,90491209924673.mockFlowFile,23B]; routing to relationship simple
[pool-2662-thread-1] INFO org.apache.nifi.processors.standard.RouteText - RouteText[id=38a82a0d-69fc-4d87-a6d1-ec924f6828ee] Routing FlowFile[680,90491209924673.mockFlowFile,23B] to original
[main] DEBUG org.apache.nifi.processors.standard.RouteText - RouteText[id=38a82a0d-69fc-4d87-a6d1-ec924f6828ee] Adding new dynamic property: PropertyDescriptor[simple]
[pool-2663-thread-1] INFO org.apache.nifi.processors.standard.RouteText - RouteText[id=38a82a0d-69fc-4d87-a6d1-ec924f6828ee] Created FlowFile[683,90491210446328.mockFlowFile,23B] from FlowFile[682,90491210446328.mockFlowFile,23B]; routing to relationship simple
[pool-2663-thread-1] INFO org.apache.nifi.processors.standard.RouteText - RouteText[id=38a82a0d-69fc-4d87-a6d1-ec924f6828ee] Routing FlowFile[682,90491210446328.mockFlowFile,23B] to original
[main] DEBUG org.apache.nifi.processors.standard.RouteText - RouteText[id=38a82a0d-69fc-4d87-a6d1-ec924f6828ee] Adding new dynamic property: PropertyDescriptor[simple]
[pool-2664-thread-1] INFO org.apache.nifi.processors.standard.RouteText - RouteText[id=38a82a0d-69fc-4d87-a6d1-ec924f6828ee] Created FlowFile[685,90491210876904.mockFlowFile,23B] from FlowFile[684,90491210876904.mockFlowFile,23B]; routing to relationship simple
[pool-2664-thread-1] INFO org.apache.nifi.processors.standard.RouteText - RouteText[id=38a82a0d-69fc-4d87-a6d1-ec924f6828ee] Routing FlowFile[684,90491210876904.mockFlowFile,23B] to original
[main] DEBUG org.apache.nifi.processors.standard.RouteText - RouteText[id=38a82a0d-69fc-4d87-a6d1-ec924f6828ee] Adding new dynamic property: PropertyDescriptor[simple]
[pool-2665-thread-1] INFO org.apache.nifi.processors.standard.RouteText - RouteText[id=38a82a0d-69fc-4d87-a6d1-ec924f6828ee] Created FlowFile[687,90491211321088.mockFlowFile,23B] from FlowFile[686,90491211321088.mockFlowFile,23B]; routing to relationship simple
[pool-2665-thread-1] INFO org.apache.nifi.processors.standard.RouteText - RouteText[id=38a82a0d-69fc-4d87-a6d1-ec924f6828ee] Routing FlowFile[686,90491211321088.mockFlowFile,23B] to original
[main] DEBUG org.apache.nifi.processors.standard.RouteText - RouteText[id=38a82a0d-69fc-4d87-a6d1-ec924f6828ee] Adding new dynamic property: PropertyDescriptor[simple]
[pool-2666-thread-1] INFO org.apache.nifi.processors.standard.RouteText - RouteText[id=38a82a0d-69fc-4d87-a6d1-ec924f6828ee] Created FlowFile[689,90491211784470.mockFlowFile,23B] from FlowFile[688,90491211784470.mockFlowFile,23B]; routing to relationship simple
[pool-2666-thread-1] INFO org.apache.nifi.processors.standard.RouteText - RouteText[id=38a82a0d-69fc-4d87-a6d1-ec924f6828ee] Routing FlowFile[688,90491211784470.mockFlowFile,23B] to original
[main] DEBUG org.apache.nifi.processors.standard.RouteText - RouteText[id=38a82a0d-69fc-4d87-a6d1-ec924f6828ee] Adding new dynamic property: PropertyDescriptor[simple]
[pool-2667-thread-1] INFO org.apache.nifi.processors.standard.RouteText - RouteText[id=38a82a0d-69fc-4d87-a6d1-ec924f6828ee] Created FlowFile[691,90491212265013.mockFlowFile,23B] from FlowFile[690,90491212265013.mockFlowFile,23B]; routing to relationship simple
[pool-2667-thread-1] INFO org.apache.nifi.processors.standard.RouteText - RouteText[id=38a82a0d-69fc-4d87-a6d1-ec924f6828ee] Routing FlowFile[690,90491212265013.mockFlowFile,23B] to original
[main] DEBUG org.apache.nifi.processors.standard.RouteText - RouteText[id=38a82a0d-69fc-4d87-a6d1-ec924f6828ee] Adding new dynamic property: PropertyDescriptor[simple]
[pool-2668-thread-1] INFO org.apache.nifi.processors.standard.RouteText - RouteText[id=38a82a0d-69fc-4d87-a6d1-ec924f6828ee] Created FlowFile[693,90491212772341.mockFlowFile,23B] from FlowFile[692,90491212772341.mockFlowFile,23B]; routing to relationship simple
[pool-2668-thread-1] INFO org.apache.nifi.processors.standard.RouteText - RouteText[id=38a82a0d-69fc-4d87-a6d1-ec924f6828ee] Routing FlowFile[692,90491212772341.mockFlowFile,23B] to original
[main] DEBUG org.apache.nifi.processors.standard.RouteText - RouteText[id=38a82a0d-69fc-4d87-a6d1-ec924f6828ee] Adding new dynamic property: PropertyDescriptor[simple]
[pool-2669-thread-1] INFO org.apache.nifi.processors.standard.RouteText - RouteText[id=38a82a0d-69fc-4d87-a6d1-ec924f6828ee] Created FlowFile[695,90491213231409.mockFlowFile,23B] from FlowFile[694,90491213231409.mockFlowFile,23B]; routing to relationship simple
[pool-2669-thread-1] INFO org.apache.nifi.processors.standard.RouteText - RouteText[id=38a82a0d-69fc-4d87-a6d1-ec924f6828ee] Routing FlowFile[694,90491213231409.mockFlowFile,23B] to original
[main] DEBUG org.apache.nifi.processors.standard.RouteText - RouteText[id=38a82a0d-69fc-4d87-a6d1-ec924f6828ee] Adding new dynamic property: PropertyDescriptor[simple]
[pool-2670-thread-1] INFO org.apache.nifi.processors.standard.RouteText - RouteText[id=38a82a0d-69fc-4d87-a6d1-ec924f6828ee] Created FlowFile[697,90491213629126.mockFlowFile,23B] from FlowFile[696,90491213629126.mockFlowFile,23B]; routing to relationship simple
[pool-2670-thread-1] INFO org.apache.nifi.processors.standard.RouteText - RouteText[id=38a82a0d-69fc-4d87-a6d1-ec924f6828ee] Routing FlowFile[696,90491213629126.mockFlowFile,23B] to original
[main] DEBUG org.apache.nifi.processors.standard.RouteText - RouteText[id=38a82a0d-69fc-4d87-a6d1-ec924f6828ee] Adding new dynamic property: PropertyDescriptor[simple]
[pool-2671-thread-1] INFO org.apache.nifi.processors.standard.RouteText - RouteText[id=38a82a0d-69fc-4d87-a6d1-ec924f6828ee] Created FlowFile[699,90491214061642.mockFlowFile,23B] from FlowFile[698,90491214061642.mockFlowFile,23B]; routing to relationship simple
[pool-2671-thread-1] INFO org.apache.nifi.processors.standard.RouteText - RouteText[id=38a82a0d-69fc-4d87-a6d1-ec924f6828ee] Routing FlowFile[698,90491214061642.mockFlowFile,23B] to original
[main] DEBUG org.apache.nifi.processors.standard.RouteText - RouteText[id=38a82a0d-69fc-4d87-a6d1-ec924f6828ee] Adding new dynamic property: PropertyDescriptor[simple]
[pool-2672-thread-1] INFO org.apache.nifi.processors.standard.RouteText - RouteText[id=38a82a0d-69fc-4d87-a6d1-ec924f6828ee] Created FlowFile[701,90491214414884.mockFlowFile,23B] from FlowFile[700,90491214414884.mockFlowFile,23B]; routing to relationship simple
[pool-2672-thread-1] INFO org.apache.nifi.processors.standard.RouteText - RouteText[id=38a82a0d-69fc-4d87-a6d1-ec924f6828ee] Routing FlowFile[700,90491214414884.mockFlowFile,23B] to original
[main] DEBUG org.apache.nifi.processors.standard.RouteText - RouteText[id=38a82a0d-69fc-4d87-a6d1-ec924f6828ee] Adding new dynamic property: PropertyDescriptor[simple]
[pool-2673-thread-1] INFO org.apache.nifi.processors.standard.RouteText - RouteText[id=38a82a0d-69fc-4d87-a6d1-ec924f6828ee] Created FlowFile[703,90491214724907.mockFlowFile,23B] from FlowFile[702,90491214724907.mockFlowFile,23B]; routing to relationship simple
[pool-2673-thread-1] INFO org.apache.nifi.processors.standard.RouteText - RouteText[id=38a82a0d-69fc-4d87-a6d1-ec924f6828ee] Routing FlowFile[702,90491214724907.mockFlowFile,23B] to original
[main] DEBUG org.apache.nifi.processors.standard.RouteText - RouteText[id=38a82a0d-69fc-4d87-a6d1-ec924f6828ee] Adding new dynamic property: PropertyDescriptor[simple]
[pool-2674-thread-1] INFO org.apache.nifi.processors.standard.RouteText - RouteText[id=38a82a0d-69fc-4d87-a6d1-ec924f6828ee] Created FlowFile[705,90491215025926.mockFlowFile,23B] from FlowFile[704,90491215025926.mockFlowFile,23B]; routing to relationship simple
[pool-2674-thread-1] INFO org.apache.nifi.processors.standard.RouteText - RouteText[id=38a82a0d-69fc-4d87-a6d1-ec924f6828ee] Routing FlowFile[704,90491215025926.mockFlowFile,23B] to original
[main] DEBUG org.apache.nifi.processors.standard.RouteText - RouteText[id=38a82a0d-69fc-4d87-a6d1-ec924f6828ee] Adding new dynamic property: PropertyDescriptor[simple]
[pool-2675-thread-1] INFO org.apache.nifi.processors.standard.RouteText - RouteText[id=38a82a0d-69fc-4d87-a6d1-ec924f6828ee] Created FlowFile[707,90491215484833.mockFlowFile,23B] from FlowFile[706,90491215484833.mockFlowFile,23B]; routing to relationship simple
[pool-2675-thread-1] INFO org.apache.nifi.processors.standard.RouteText - RouteText[id=38a82a0d-69fc-4d87-a6d1-ec924f6828ee] Routing FlowFile[706,90491215484833.mockFlowFile,23B] to original
[main] DEBUG org.apache.nifi.processors.standard.RouteText - RouteText[id=38a82a0d-69fc-4d87-a6d1-ec924f6828ee] Adding new dynamic property: PropertyDescriptor[simple]
[pool-2676-thread-1] INFO org.apache.nifi.processors.standard.RouteText - RouteText[id=38a82a0d-69fc-4d87-a6d1-ec924f6828ee] Created FlowFile[709,90491215848993.mockFlowFile,23B] from FlowFile[708,90491215848993.mockFlowFile,23B]; routing to relationship simple
[pool-2676-thread-1] INFO org.apache.nifi.processors.standard.RouteText - RouteText[id=38a82a0d-69fc-4d87-a6d1-ec924f6828ee] Routing FlowFile[708,90491215848993.mockFlowFile,23B] to original
[main] DEBUG org.apache.nifi.processors.standard.RouteText - RouteText[id=38a82a0d-69fc-4d87-a6d1-ec924f6828ee] Adding new dynamic property: PropertyDescriptor[simple]
[pool-2677-thread-1] INFO org.apache.nifi.processors.standard.RouteText - RouteText[id=38a82a0d-69fc-4d87-a6d1-ec924f6828ee] Created FlowFile[711,90491216186318.mockFlowFile,23B] from FlowFile[710,90491216186318.mockFlowFile,23B]; routing to relationship simple
[pool-2677-thread-1] INFO org.apache.nifi.processors.standard.RouteText - RouteText[id=38a82a0d-69fc-4d87-a6d1-ec924f6828ee] Routing FlowFile[710,90491216186318.mockFlowFile,23B] to original
[main] DEBUG org.apache.nifi.processors.standard.RouteText - RouteText[id=38a82a0d-69fc-4d87-a6d1-ec924f6828ee] Adding new dynamic property: PropertyDescriptor[simple]
[pool-2678-thread-1] INFO org.apache.nifi.processors.standard.RouteText - RouteText[id=38a82a0d-69fc-4d87-a6d1-ec924f6828ee] Created FlowFile[713,90491216624894.mockFlowFile,23B] from FlowFile[712,90491216624894.mockFlowFile,23B]; routing to relationship simple
[pool-2678-thread-1] INFO org.apache.nifi.processors.standard.RouteText - RouteText[id=38a82a0d-69fc-4d87-a6d1-ec924f6828ee] Routing FlowFile[712,90491216624894.mockFlowFile,23B] to original
[main] DEBUG org.apache.nifi.processors.standard.RouteText - RouteText[id=38a82a0d-69fc-4d87-a6d1-ec924f6828ee] Adding new dynamic property: PropertyDescriptor[simple]
[pool-2679-thread-1] INFO org.apache.nifi.processors.standard.RouteText - RouteText[id=38a82a0d-69fc-4d87-a6d1-ec924f6828ee] Created FlowFile[715,90491217148644.mockFlowFile,23B] from FlowFile[714,90491217148644.mockFlowFile,23B]; routing to relationship simple
[pool-2679-thread-1] INFO org.apache.nifi.processors.standard.RouteText - RouteText[id=38a82a0d-69fc-4d87-a6d1-ec924f6828ee] Routing FlowFile[714,90491217148644.mockFlowFile,23B] to original
[main] DEBUG org.apache.nifi.processors.standard.RouteText - RouteText[id=38a82a0d-69fc-4d87-a6d1-ec924f6828ee] Adding new dynamic property: PropertyDescriptor[simple]
[pool-2680-thread-1] INFO org.apache.nifi.processors.standard.RouteText - RouteText[id=38a82a0d-69fc-4d87-a6d1-ec924f6828ee] Created FlowFile[717,90491217575056.mockFlowFile,23B] from FlowFile[716,90491217575056.mockFlowFile,23B]; routing to relationship simple
[pool-2680-thread-1] INFO org.apache.nifi.processors.standard.RouteText - RouteText[id=38a82a0d-69fc-4d87-a6d1-ec924f6828ee] Routing FlowFile[716,90491217575056.mockFlowFile,23B] to original
[main] DEBUG org.apache.nifi.processors.standard.RouteText - RouteText[id=38a82a0d-69fc-4d87-a6d1-ec924f6828ee] Adding new dynamic property: PropertyDescriptor[simple]
[pool-2681-thread-1] INFO org.apache.nifi.processors.standard.RouteText - RouteText[id=38a82a0d-69fc-4d87-a6d1-ec924f6828ee] Created FlowFile[719,90491218033261.mockFlowFile,23B] from FlowFile[718,90491218033261.mockFlowFile,23B]; routing to relationship simple
[pool-2681-thread-1] INFO org.apache.nifi.processors.standard.RouteText - RouteText[id=38a82a0d-69fc-4d87-a6d1-ec924f6828ee] Routing FlowFile[718,90491218033261.mockFlowFile,23B] to original
[main] DEBUG org.apache.nifi.processors.standard.RouteText - RouteText[id=38a82a0d-69fc-4d87-a6d1-ec924f6828ee] Adding new dynamic property: PropertyDescriptor[simple]
[pool-2682-thread-1] INFO org.apache.nifi.processors.standard.RouteText - RouteText[id=38a82a0d-69fc-4d87-a6d1-ec924f6828ee] Created FlowFile[721,90491218401668.mockFlowFile,23B] from FlowFile[720,90491218401668.mockFlowFile,23B]; routing to relationship simple
[pool-2682-thread-1] INFO org.apache.nifi.processors.standard.RouteText - RouteText[id=38a82a0d-69fc-4d87-a6d1-ec924f6828ee] Routing FlowFile[720,90491218401668.mockFlowFile,23B] to original
[main] DEBUG org.apache.nifi.processors.standard.RouteText - RouteText[id=38a82a0d-69fc-4d87-a6d1-ec924f6828ee] Adding new dynamic property: PropertyDescriptor[simple]
[pool-2683-thread-1] INFO org.apache.nifi.processors.standard.RouteText - RouteText[id=38a82a0d-69fc-4d87-a6d1-ec924f6828ee] Created FlowFile[723,90491218741935.mockFlowFile,23B] from FlowFile[722,90491218741935.mockFlowFile,23B]; routing to relationship simple
[pool-2683-thread-1] INFO org.apache.nifi.processors.standard.RouteText - RouteText[id=38a82a0d-69fc-4d87-a6d1-ec924f6828ee] Routing FlowFile[722,90491218741935.mockFlowFile,23B] to original
[main] DEBUG org.apache.nifi.processors.standard.RouteText - RouteText[id=38a82a0d-69fc-4d87-a6d1-ec924f6828ee] Adding new dynamic property: PropertyDescriptor[simple]
[pool-2684-thread-1] INFO org.apache.nifi.processors.standard.RouteText - RouteText[id=38a82a0d-69fc-4d87-a6d1-ec924f6828ee] Created FlowFile[725,90491219046262.mockFlowFile,23B] from FlowFile[724,90491219046262.mockFlowFile,23B]; routing to relationship simple
[pool-2684-thread-1] INFO org.apache.nifi.processors.standard.RouteText - RouteText[id=38a82a0d-69fc-4d87-a6d1-ec924f6828ee] Routing FlowFile[724,90491219046262.mockFlowFile,23B] to original
[main] DEBUG org.apache.nifi.processors.standard.RouteText - RouteText[id=38a82a0d-69fc-4d87-a6d1-ec924f6828ee] Adding new dynamic property: PropertyDescriptor[simple]
[pool-2685-thread-1] INFO org.apache.nifi.processors.standard.RouteText - RouteText[id=38a82a0d-69fc-4d87-a6d1-ec924f6828ee] Created FlowFile[727,90491219537449.mockFlowFile,23B] from FlowFile[726,90491219537449.mockFlowFile,23B]; routing to relationship simple
[pool-2685-thread-1] INFO org.apache.nifi.processors.standard.RouteText - RouteText[id=38a82a0d-69fc-4d87-a6d1-ec924f6828ee] Routing FlowFile[726,90491219537449.mockFlowFile,23B] to original
[main] DEBUG org.apache.nifi.processors.standard.RouteText - RouteText[id=38a82a0d-69fc-4d87-a6d1-ec924f6828ee] Adding new dynamic property: PropertyDescriptor[simple]
[pool-2686-thread-1] INFO org.apache.nifi.processors.standard.RouteText - RouteText[id=38a82a0d-69fc-4d87-a6d1-ec924f6828ee] Created FlowFile[729,90491219866206.mockFlowFile,23B] from FlowFile[728,90491219866206.mockFlowFile,23B]; routing to relationship simple
[pool-2686-thread-1] INFO org.apache.nifi.processors.standard.RouteText - RouteText[id=38a82a0d-69fc-4d87-a6d1-ec924f6828ee] Routing FlowFile[728,90491219866206.mockFlowFile,23B] to original
[main] DEBUG org.apache.nifi.processors.standard.RouteText - RouteText[id=38a82a0d-69fc-4d87-a6d1-ec924f6828ee] Adding new dynamic property: PropertyDescriptor[simple]
[pool-2687-thread-1] INFO org.apache.nifi.processors.standard.RouteText - RouteText[id=38a82a0d-69fc-4d87-a6d1-ec924f6828ee] Created FlowFile[731,90491220340066.mockFlowFile,23B] from FlowFile[730,90491220340066.mockFlowFile,23B]; routing to relationship simple
[pool-2687-thread-1] INFO org.apache.nifi.processors.standard.RouteText - RouteText[id=38a82a0d-69fc-4d87-a6d1-ec924f6828ee] Routing FlowFile[730,90491220340066.mockFlowFile,23B] to original
[main] DEBUG org.apache.nifi.processors.standard.RouteText - RouteText[id=38a82a0d-69fc-4d87-a6d1-ec924f6828ee] Adding new dynamic property: PropertyDescriptor[simple]
[pool-2688-thread-1] INFO org.apache.nifi.processors.standard.RouteText - RouteText[id=38a82a0d-69fc-4d87-a6d1-ec924f6828ee] Created FlowFile[733,90491220780315.mockFlowFile,23B] from FlowFile[732,90491220780315.mockFlowFile,23B]; routing to relationship simple
[pool-2688-thread-1] INFO org.apache.nifi.processors.standard.RouteText - RouteText[id=38a82a0d-69fc-4d87-a6d1-ec924f6828ee] Routing FlowFile[732,90491220780315.mockFlowFile,23B] to original
[main] DEBUG org.apache.nifi.processors.standard.RouteText - RouteText[id=38a82a0d-69fc-4d87-a6d1-ec924f6828ee] Adding new dynamic property: PropertyDescriptor[simple]
[pool-2689-thread-1] INFO org.apache.nifi.processors.standard.RouteText - RouteText[id=38a82a0d-69fc-4d87-a6d1-ec924f6828ee] Created FlowFile[735,90491221153695.mockFlowFile,23B] from FlowFile[734,90491221153695.mockFlowFile,23B]; routing to relationship simple
[pool-2689-thread-1] INFO org.apache.nifi.processors.standard.RouteText - RouteText[id=38a82a0d-69fc-4d87-a6d1-ec924f6828ee] Routing FlowFile[734,90491221153695.mockFlowFile,23B] to original
[main] DEBUG org.apache.nifi.processors.standard.RouteText - RouteText[id=38a82a0d-69fc-4d87-a6d1-ec924f6828ee] Adding new dynamic property: PropertyDescriptor[simple]
[pool-2690-thread-1] INFO org.apache.nifi.processors.standard.RouteText - RouteText[id=38a82a0d-69fc-4d87-a6d1-ec924f6828ee] Created FlowFile[737,90491221458385.mockFlowFile,23B] from FlowFile[736,90491221458385.mockFlowFile,23B]; routing to relationship simple
[pool-2690-thread-1] INFO org.apache.nifi.processors.standard.RouteText - RouteText[id=38a82a0d-69fc-4d87-a6d1-ec924f6828ee] Routing FlowFile[736,90491221458385.mockFlowFile,23B] to original
[main] DEBUG org.apache.nifi.processors.standard.RouteText - RouteText[id=38a82a0d-69fc-4d87-a6d1-ec924f6828ee] Adding new dynamic property: PropertyDescriptor[simple]
[pool-2691-thread-1] INFO org.apache.nifi.processors.standard.RouteText - RouteText[id=38a82a0d-69fc-4d87-a6d1-ec924f6828ee] Created FlowFile[739,90491221747852.mockFlowFile,23B] from FlowFile[738,90491221747852.mockFlowFile,23B]; routing to relationship simple
[pool-2691-thread-1] INFO org.apache.nifi.processors.standard.RouteText - RouteText[id=38a82a0d-69fc-4d87-a6d1-ec924f6828ee] Routing FlowFile[738,90491221747852.mockFlowFile,23B] to original
[main] DEBUG org.apache.nifi.processors.standard.RouteText - RouteText[id=38a82a0d-69fc-4d87-a6d1-ec924f6828ee] Adding new dynamic property: PropertyDescriptor[simple]
[pool-2692-thread-1] INFO org.apache.nifi.processors.standard.RouteText - RouteText[id=38a82a0d-69fc-4d87-a6d1-ec924f6828ee] Created FlowFile[741,90491222036458.mockFlowFile,23B] from FlowFile[740,90491222036458.mockFlowFile,23B]; routing to relationship simple
[pool-2692-thread-1] INFO org.apache.nifi.processors.standard.RouteText - RouteText[id=38a82a0d-69fc-4d87-a6d1-ec924f6828ee] Routing FlowFile[740,90491222036458.mockFlowFile,23B] to original
[main] DEBUG org.apache.nifi.processors.standard.RouteText - RouteText[id=38a82a0d-69fc-4d87-a6d1-ec924f6828ee] Adding new dynamic property: PropertyDescriptor[simple]
[pool-2693-thread-1] INFO org.apache.nifi.processors.standard.RouteText - RouteText[id=38a82a0d-69fc-4d87-a6d1-ec924f6828ee] Created FlowFile[743,90491222337971.mockFlowFile,23B] from FlowFile[742,90491222337971.mockFlowFile,23B]; routing to relationship simple
[pool-2693-thread-1] INFO org.apache.nifi.processors.standard.RouteText - RouteText[id=38a82a0d-69fc-4d87-a6d1-ec924f6828ee] Routing FlowFile[742,90491222337971.mockFlowFile,23B] to original
[main] DEBUG org.apache.nifi.processors.standard.RouteText - RouteText[id=38a82a0d-69fc-4d87-a6d1-ec924f6828ee] Adding new dynamic property: PropertyDescriptor[simple]
[pool-2694-thread-1] INFO org.apache.nifi.processors.standard.RouteText - RouteText[id=38a82a0d-69fc-4d87-a6d1-ec924f6828ee] Created FlowFile[745,90491222628558.mockFlowFile,23B] from FlowFile[744,90491222628558.mockFlowFile,23B]; routing to relationship simple
[pool-2694-thread-1] INFO org.apache.nifi.processors.standard.RouteText - RouteText[id=38a82a0d-69fc-4d87-a6d1-ec924f6828ee] Routing FlowFile[744,90491222628558.mockFlowFile,23B] to original
[main] DEBUG org.apache.nifi.processors.standard.RouteText - RouteText[id=38a82a0d-69fc-4d87-a6d1-ec924f6828ee] Adding new dynamic property: PropertyDescriptor[simple]
[pool-2695-thread-1] INFO org.apache.nifi.processors.standard.RouteText - RouteText[id=38a82a0d-69fc-4d87-a6d1-ec924f6828ee] Created FlowFile[747,90491222938143.mockFlowFile,23B] from FlowFile[746,90491222938143.mockFlowFile,23B]; routing to relationship simple
[pool-2695-thread-1] INFO org.apache.nifi.processors.standard.RouteText - RouteText[id=38a82a0d-69fc-4d87-a6d1-ec924f6828ee] Routing FlowFile[746,90491222938143.mockFlowFile,23B] to original
[main] DEBUG org.apache.nifi.processors.standard.RouteText - RouteText[id=38a82a0d-69fc-4d87-a6d1-ec924f6828ee] Adding new dynamic property: PropertyDescriptor[simple]
[pool-2696-thread-1] INFO org.apache.nifi.processors.standard.RouteText - RouteText[id=38a82a0d-69fc-4d87-a6d1-ec924f6828ee] Created FlowFile[749,90491223408869.mockFlowFile,23B] from FlowFile[748,90491223408869.mockFlowFile,23B]; routing to relationship simple
[pool-2696-thread-1] INFO org.apache.nifi.processors.standard.RouteText - RouteText[id=38a82a0d-69fc-4d87-a6d1-ec924f6828ee] Routing FlowFile[748,90491223408869.mockFlowFile,23B] to original
[main] DEBUG org.apache.nifi.processors.standard.RouteText - RouteText[id=38a82a0d-69fc-4d87-a6d1-ec924f6828ee] Adding new dynamic property: PropertyDescriptor[simple]
[pool-2697-thread-1] INFO org.apache.nifi.processors.standard.RouteText - RouteText[id=38a82a0d-69fc-4d87-a6d1-ec924f6828ee] Created FlowFile[751,90491223776009.mockFlowFile,23B] from FlowFile[750,90491223776009.mockFlowFile,23B]; routing to relationship simple
[pool-2697-thread-1] INFO org.apache.nifi.processors.standard.RouteText - RouteText[id=38a82a0d-69fc-4d87-a6d1-ec924f6828ee] Routing FlowFile[750,90491223776009.mockFlowFile,23B] to original
[main] DEBUG org.apache.nifi.processors.standard.RouteText - RouteText[id=38a82a0d-69fc-4d87-a6d1-ec924f6828ee] Adding new dynamic property: PropertyDescriptor[simple]
[pool-2698-thread-1] INFO org.apache.nifi.processors.standard.RouteText - RouteText[id=38a82a0d-69fc-4d87-a6d1-ec924f6828ee] Created FlowFile[753,90491224204531.mockFlowFile,23B] from FlowFile[752,90491224204531.mockFlowFile,23B]; routing to relationship simple
[pool-2698-thread-1] INFO org.apache.nifi.processors.standard.RouteText - RouteText[id=38a82a0d-69fc-4d87-a6d1-ec924f6828ee] Routing FlowFile[752,90491224204531.mockFlowFile,23B] to original
[main] DEBUG org.apache.nifi.processors.standard.RouteText - RouteText[id=38a82a0d-69fc-4d87-a6d1-ec924f6828ee] Adding new dynamic property: PropertyDescriptor[simple]
[pool-2699-thread-1] INFO org.apache.nifi.processors.standard.RouteText - RouteText[id=38a82a0d-69fc-4d87-a6d1-ec924f6828ee] Created FlowFile[755,90491224733713.mockFlowFile,23B] from FlowFile[754,90491224733713.mockFlowFile,23B]; routing to relationship simple
[pool-2699-thread-1] INFO org.apache.nifi.processors.standard.RouteText - RouteText[id=38a82a0d-69fc-4d87-a6d1-ec924f6828ee] Routing FlowFile[754,90491224733713.mockFlowFile,23B] to original
[main] DEBUG org.apache.nifi.processors.standard.RouteText - RouteText[id=38a82a0d-69fc-4d87-a6d1-ec924f6828ee] Adding new dynamic property: PropertyDescriptor[simple]
[pool-2700-thread-1] INFO org.apache.nifi.processors.standard.RouteText - RouteText[id=38a82a0d-69fc-4d87-a6d1-ec924f6828ee] Created FlowFile[757,90491225279411.mockFlowFile,23B] from FlowFile[756,90491225279411.mockFlowFile,23B]; routing to relationship simple
[pool-2700-thread-1] INFO org.apache.nifi.processors.standard.RouteText - RouteText[id=38a82a0d-69fc-4d87-a6d1-ec924f6828ee] Routing FlowFile[756,90491225279411.mockFlowFile,23B] to original
[main] DEBUG org.apache.nifi.processors.standard.RouteText - RouteText[id=38a82a0d-69fc-4d87-a6d1-ec924f6828ee] Adding new dynamic property: PropertyDescriptor[simple]
[pool-2701-thread-1] INFO org.apache.nifi.processors.standard.RouteText - RouteText[id=38a82a0d-69fc-4d87-a6d1-ec924f6828ee] Created FlowFile[759,90491225765121.mockFlowFile,23B] from FlowFile[758,90491225765121.mockFlowFile,23B]; routing to relationship simple
[pool-2701-thread-1] INFO org.apache.nifi.processors.standard.RouteText - RouteText[id=38a82a0d-69fc-4d87-a6d1-ec924f6828ee] Routing FlowFile[758,90491225765121.mockFlowFile,23B] to original
[main] DEBUG org.apache.nifi.processors.standard.RouteText - RouteText[id=38a82a0d-69fc-4d87-a6d1-ec924f6828ee] Adding new dynamic property: PropertyDescriptor[simple]
[pool-2702-thread-1] INFO org.apache.nifi.processors.standard.RouteText - RouteText[id=38a82a0d-69fc-4d87-a6d1-ec924f6828ee] Created FlowFile[761,90491226214908.mockFlowFile,23B] from FlowFile[760,90491226214908.mockFlowFile,23B]; routing to relationship simple
[pool-2702-thread-1] INFO org.apache.nifi.processors.standard.RouteText - RouteText[id=38a82a0d-69fc-4d87-a6d1-ec924f6828ee] Routing FlowFile[760,90491226214908.mockFlowFile,23B] to original
[main] DEBUG org.apache.nifi.processors.standard.RouteText - RouteText[id=38a82a0d-69fc-4d87-a6d1-ec924f6828ee] Adding new dynamic property: PropertyDescriptor[simple]
[pool-2703-thread-1] INFO org.apache.nifi.processors.standard.RouteText - RouteText[id=38a82a0d-69fc-4d87-a6d1-ec924f6828ee] Created FlowFile[763,90491226707134.mockFlowFile,23B] from FlowFile[762,90491226707134.mockFlowFile,23B]; routing to relationship simple
[pool-2703-thread-1] INFO org.apache.nifi.processors.standard.RouteText - RouteText[id=38a82a0d-69fc-4d87-a6d1-ec924f6828ee] Routing FlowFile[762,90491226707134.mockFlowFile,23B] to original
[main] DEBUG org.apache.nifi.processors.standard.RouteText - RouteText[id=38a82a0d-69fc-4d87-a6d1-ec924f6828ee] Adding new dynamic property: PropertyDescriptor[simple]
[pool-2704-thread-1] INFO org.apache.nifi.processors.standard.RouteText - RouteText[id=38a82a0d-69fc-4d87-a6d1-ec924f6828ee] Created FlowFile[765,90491227146051.mockFlowFile,23B] from FlowFile[764,90491227146051.mockFlowFile,23B]; routing to relationship simple
[pool-2704-thread-1] INFO org.apache.nifi.processors.standard.RouteText - RouteText[id=38a82a0d-69fc-4d87-a6d1-ec924f6828ee] Routing FlowFile[764,90491227146051.mockFlowFile,23B] to original
[main] DEBUG org.apache.nifi.processors.standard.RouteText - RouteText[id=38a82a0d-69fc-4d87-a6d1-ec924f6828ee] Adding new dynamic property: PropertyDescriptor[simple]
[pool-2705-thread-1] INFO org.apache.nifi.processors.standard.RouteText - RouteText[id=38a82a0d-69fc-4d87-a6d1-ec924f6828ee] Created FlowFile[767,90491227673889.mockFlowFile,23B] from FlowFile[766,90491227673889.mockFlowFile,23B]; routing to relationship simple
[pool-2705-thread-1] INFO org.apache.nifi.processors.standard.RouteText - RouteText[id=38a82a0d-69fc-4d87-a6d1-ec924f6828ee] Routing FlowFile[766,90491227673889.mockFlowFile,23B] to original
[main] DEBUG org.apache.nifi.processors.standard.RouteText - RouteText[id=38a82a0d-69fc-4d87-a6d1-ec924f6828ee] Adding new dynamic property: PropertyDescriptor[simple]
[pool-2706-thread-1] INFO org.apache.nifi.processors.standard.RouteText - RouteText[id=38a82a0d-69fc-4d87-a6d1-ec924f6828ee] Created FlowFile[769,90491228206489.mockFlowFile,23B] from FlowFile[768,90491228206489.mockFlowFile,23B]; routing to relationship simple
[pool-2706-thread-1] INFO org.apache.nifi.processors.standard.RouteText - RouteText[id=38a82a0d-69fc-4d87-a6d1-ec924f6828ee] Routing FlowFile[768,90491228206489.mockFlowFile,23B] to original
[main] DEBUG org.apache.nifi.processors.standard.RouteText - RouteText[id=38a82a0d-69fc-4d87-a6d1-ec924f6828ee] Adding new dynamic property: PropertyDescriptor[simple]
[pool-2707-thread-1] INFO org.apache.nifi.processors.standard.RouteText - RouteText[id=38a82a0d-69fc-4d87-a6d1-ec924f6828ee] Created FlowFile[771,90491228825708.mockFlowFile,23B] from FlowFile[770,90491228825708.mockFlowFile,23B]; routing to relationship simple
[pool-2707-thread-1] INFO org.apache.nifi.processors.standard.RouteText - RouteText[id=38a82a0d-69fc-4d87-a6d1-ec924f6828ee] Routing FlowFile[770,90491228825708.mockFlowFile,23B] to original
[main] DEBUG org.apache.nifi.processors.standard.RouteText - RouteText[id=38a82a0d-69fc-4d87-a6d1-ec924f6828ee] Adding new dynamic property: PropertyDescriptor[simple]
[pool-2708-thread-1] INFO org.apache.nifi.processors.standard.RouteText - RouteText[id=38a82a0d-69fc-4d87-a6d1-ec924f6828ee] Created FlowFile[773,90491229370444.mockFlowFile,23B] from FlowFile[772,90491229370444.mockFlowFile,23B]; routing to relationship simple
[pool-2708-thread-1] INFO org.apache.nifi.processors.standard.RouteText - RouteText[id=38a82a0d-69fc-4d87-a6d1-ec924f6828ee] Routing FlowFile[772,90491229370444.mockFlowFile,23B] to original
[main] DEBUG org.apache.nifi.processors.standard.RouteText - RouteText[id=38a82a0d-69fc-4d87-a6d1-ec924f6828ee] Adding new dynamic property: PropertyDescriptor[simple]
[pool-2709-thread-1] INFO org.apache.nifi.processors.standard.RouteText - RouteText[id=38a82a0d-69fc-4d87-a6d1-ec924f6828ee] Created FlowFile[775,90491229909753.mockFlowFile,23B] from FlowFile[774,90491229909753.mockFlowFile,23B]; routing to relationship simple
[pool-2709-thread-1] INFO org.apache.nifi.processors.standard.RouteText - RouteText[id=38a82a0d-69fc-4d87-a6d1-ec924f6828ee] Routing FlowFile[774,90491229909753.mockFlowFile,23B] to original
[main] DEBUG org.apache.nifi.processors.standard.RouteText - RouteText[id=38a82a0d-69fc-4d87-a6d1-ec924f6828ee] Adding new dynamic property: PropertyDescriptor[simple]
[pool-2710-thread-1] INFO org.apache.nifi.processors.standard.RouteText - RouteText[id=38a82a0d-69fc-4d87-a6d1-ec924f6828ee] Created FlowFile[777,90491230481510.mockFlowFile,23B] from FlowFile[776,90491230481510.mockFlowFile,23B]; routing to relationship simple
[pool-2710-thread-1] INFO org.apache.nifi.processors.standard.RouteText - RouteText[id=38a82a0d-69fc-4d87-a6d1-ec924f6828ee] Routing FlowFile[776,90491230481510.mockFlowFile,23B] to original
[main] DEBUG org.apache.nifi.processors.standard.RouteText - RouteText[id=38a82a0d-69fc-4d87-a6d1-ec924f6828ee] Adding new dynamic property: PropertyDescriptor[simple]
[pool-2711-thread-1] INFO org.apache.nifi.processors.standard.RouteText - RouteText[id=38a82a0d-69fc-4d87-a6d1-ec924f6828ee] Created FlowFile[779,90491231124897.mockFlowFile,23B] from FlowFile[778,90491231124897.mockFlowFile,23B]; routing to relationship simple
[pool-2711-thread-1] INFO org.apache.nifi.processors.standard.RouteText - RouteText[id=38a82a0d-69fc-4d87-a6d1-ec924f6828ee] Routing FlowFile[778,90491231124897.mockFlowFile,23B] to original
[main] DEBUG org.apache.nifi.processors.standard.RouteText - RouteText[id=38a82a0d-69fc-4d87-a6d1-ec924f6828ee] Adding new dynamic property: PropertyDescriptor[simple]
[pool-2712-thread-1] INFO org.apache.nifi.processors.standard.RouteText - RouteText[id=38a82a0d-69fc-4d87-a6d1-ec924f6828ee] Created FlowFile[781,90491231660200.mockFlowFile,23B] from FlowFile[780,90491231660200.mockFlowFile,23B]; routing to relationship simple
[pool-2712-thread-1] INFO org.apache.nifi.processors.standard.RouteText - RouteText[id=38a82a0d-69fc-4d87-a6d1-ec924f6828ee] Routing FlowFile[780,90491231660200.mockFlowFile,23B] to original
[main] DEBUG org.apache.nifi.processors.standard.RouteText - RouteText[id=38a82a0d-69fc-4d87-a6d1-ec924f6828ee] Adding new dynamic property: PropertyDescriptor[simple]
[pool-2713-thread-1] INFO org.apache.nifi.processors.standard.RouteText - RouteText[id=38a82a0d-69fc-4d87-a6d1-ec924f6828ee] Created FlowFile[783,90491232173413.mockFlowFile,23B] from FlowFile[782,90491232173413.mockFlowFile,23B]; routing to relationship simple
[pool-2713-thread-1] INFO org.apache.nifi.processors.standard.RouteText - RouteText[id=38a82a0d-69fc-4d87-a6d1-ec924f6828ee] Routing FlowFile[782,90491232173413.mockFlowFile,23B] to original
[main] DEBUG org.apache.nifi.processors.standard.RouteText - RouteText[id=38a82a0d-69fc-4d87-a6d1-ec924f6828ee] Adding new dynamic property: PropertyDescriptor[simple]
[pool-2714-thread-1] INFO org.apache.nifi.processors.standard.RouteText - RouteText[id=38a82a0d-69fc-4d87-a6d1-ec924f6828ee] Created FlowFile[785,90491232793755.mockFlowFile,23B] from FlowFile[784,90491232793755.mockFlowFile,23B]; routing to relationship simple
[pool-2714-thread-1] INFO org.apache.nifi.processors.standard.RouteText - RouteText[id=38a82a0d-69fc-4d87-a6d1-ec924f6828ee] Routing FlowFile[784,90491232793755.mockFlowFile,23B] to original
[main] DEBUG org.apache.nifi.processors.standard.RouteText - RouteText[id=38a82a0d-69fc-4d87-a6d1-ec924f6828ee] Adding new dynamic property: PropertyDescriptor[simple]
[pool-2715-thread-1] INFO org.apache.nifi.processors.standard.RouteText - RouteText[id=38a82a0d-69fc-4d87-a6d1-ec924f6828ee] Created FlowFile[787,90491233571950.mockFlowFile,23B] from FlowFile[786,90491233571950.mockFlowFile,23B]; routing to relationship simple
[pool-2715-thread-1] INFO org.apache.nifi.processors.standard.RouteText - RouteText[id=38a82a0d-69fc-4d87-a6d1-ec924f6828ee] Routing FlowFile[786,90491233571950.mockFlowFile,23B] to original
[main] DEBUG org.apache.nifi.processors.standard.RouteText - RouteText[id=38a82a0d-69fc-4d87-a6d1-ec924f6828ee] Adding new dynamic property: PropertyDescriptor[simple]
[pool-2716-thread-1] INFO org.apache.nifi.processors.standard.RouteText - RouteText[id=38a82a0d-69fc-4d87-a6d1-ec924f6828ee] Created FlowFile[789,90491234048913.mockFlowFile,23B] from FlowFile[788,90491234048913.mockFlowFile,23B]; routing to relationship simple
[pool-2716-thread-1] INFO org.apache.nifi.processors.standard.RouteText - RouteText[id=38a82a0d-69fc-4d87-a6d1-ec924f6828ee] Routing FlowFile[788,90491234048913.mockFlowFile,23B] to original
[main] DEBUG org.apache.nifi.processors.standard.RouteText - RouteText[id=38a82a0d-69fc-4d87-a6d1-ec924f6828ee] Adding new dynamic property: PropertyDescriptor[simple]
[pool-2717-thread-1] INFO org.apache.nifi.processors.standard.RouteText - RouteText[id=38a82a0d-69fc-4d87-a6d1-ec924f6828ee] Created FlowFile[791,90491234521691.mockFlowFile,23B] from FlowFile[790,90491234521691.mockFlowFile,23B]; routing to relationship simple
[pool-2717-thread-1] INFO org.apache.nifi.processors.standard.RouteText - RouteText[id=38a82a0d-69fc-4d87-a6d1-ec924f6828ee] Routing FlowFile[790,90491234521691.mockFlowFile,23B] to original
[main] DEBUG org.apache.nifi.processors.standard.RouteText - RouteText[id=38a82a0d-69fc-4d87-a6d1-ec924f6828ee] Adding new dynamic property: PropertyDescriptor[simple]
[pool-2718-thread-1] INFO org.apache.nifi.processors.standard.RouteText - RouteText[id=38a82a0d-69fc-4d87-a6d1-ec924f6828ee] Created FlowFile[793,90491234986659.mockFlowFile,23B] from FlowFile[792,90491234986659.mockFlowFile,23B]; routing to relationship simple
[pool-2718-thread-1] INFO org.apache.nifi.processors.standard.RouteText - RouteText[id=38a82a0d-69fc-4d87-a6d1-ec924f6828ee] Routing FlowFile[792,90491234986659.mockFlowFile,23B] to original
[main] DEBUG org.apache.nifi.processors.standard.RouteText - RouteText[id=38a82a0d-69fc-4d87-a6d1-ec924f6828ee] Adding new dynamic property: PropertyDescriptor[simple]
[pool-2719-thread-1] INFO org.apache.nifi.processors.standard.RouteText - RouteText[id=38a82a0d-69fc-4d87-a6d1-ec924f6828ee] Created FlowFile[795,90491235474541.mockFlowFile,23B] from FlowFile[794,90491235474541.mockFlowFile,23B]; routing to relationship simple
[pool-2719-thread-1] INFO org.apache.nifi.processors.standard.RouteText - RouteText[id=38a82a0d-69fc-4d87-a6d1-ec924f6828ee] Routing FlowFile[794,90491235474541.mockFlowFile,23B] to original
[main] DEBUG org.apache.nifi.processors.standard.RouteText - RouteText[id=38a82a0d-69fc-4d87-a6d1-ec924f6828ee] Adding new dynamic property: PropertyDescriptor[simple]
[pool-2720-thread-1] INFO org.apache.nifi.processors.standard.RouteText - RouteText[id=38a82a0d-69fc-4d87-a6d1-ec924f6828ee] Created FlowFile[797,90491235864329.mockFlowFile,23B] from FlowFile[796,90491235864329.mockFlowFile,23B]; routing to relationship simple
[pool-2720-thread-1] INFO org.apache.nifi.processors.standard.RouteText - RouteText[id=38a82a0d-69fc-4d87-a6d1-ec924f6828ee] Routing FlowFile[796,90491235864329.mockFlowFile,23B] to original
[main] DEBUG org.apache.nifi.processors.standard.RouteText - RouteText[id=38a82a0d-69fc-4d87-a6d1-ec924f6828ee] Adding new dynamic property: PropertyDescriptor[simple]
[pool-2721-thread-1] INFO org.apache.nifi.processors.standard.RouteText - RouteText[id=38a82a0d-69fc-4d87-a6d1-ec924f6828ee] Created FlowFile[799,90491236406979.mockFlowFile,23B] from FlowFile[798,90491236406979.mockFlowFile,23B]; routing to relationship simple
[pool-2721-thread-1] INFO org.apache.nifi.processors.standard.RouteText - RouteText[id=38a82a0d-69fc-4d87-a6d1-ec924f6828ee] Routing FlowFile[798,90491236406979.mockFlowFile,23B] to original
[main] DEBUG org.apache.nifi.processors.standard.RouteText - RouteText[id=38a82a0d-69fc-4d87-a6d1-ec924f6828ee] Adding new dynamic property: PropertyDescriptor[simple]
[pool-2722-thread-1] INFO org.apache.nifi.processors.standard.RouteText - RouteText[id=38a82a0d-69fc-4d87-a6d1-ec924f6828ee] Created FlowFile[801,90491236926740.mockFlowFile,23B] from FlowFile[800,90491236926740.mockFlowFile,23B]; routing to relationship simple
[pool-2722-thread-1] INFO org.apache.nifi.processors.standard.RouteText - RouteText[id=38a82a0d-69fc-4d87-a6d1-ec924f6828ee] Routing FlowFile[800,90491236926740.mockFlowFile,23B] to original
[main] DEBUG org.apache.nifi.processors.standard.RouteText - RouteText[id=38a82a0d-69fc-4d87-a6d1-ec924f6828ee] Adding new dynamic property: PropertyDescriptor[simple]
[pool-2723-thread-1] INFO org.apache.nifi.processors.standard.RouteText - RouteText[id=38a82a0d-69fc-4d87-a6d1-ec924f6828ee] Created FlowFile[803,90491237417567.mockFlowFile,23B] from FlowFile[802,90491237417567.mockFlowFile,23B]; routing to relationship simple
[pool-2723-thread-1] INFO org.apache.nifi.processors.standard.RouteText - RouteText[id=38a82a0d-69fc-4d87-a6d1-ec924f6828ee] Routing FlowFile[802,90491237417567.mockFlowFile,23B] to original
[main] DEBUG org.apache.nifi.processors.standard.RouteText - RouteText[id=38a82a0d-69fc-4d87-a6d1-ec924f6828ee] Adding new dynamic property: PropertyDescriptor[simple]
[pool-2724-thread-1] INFO org.apache.nifi.processors.standard.RouteText - RouteText[id=38a82a0d-69fc-4d87-a6d1-ec924f6828ee] Created FlowFile[805,90491237836569.mockFlowFile,23B] from FlowFile[804,90491237836569.mockFlowFile,23B]; routing to relationship simple
[pool-2724-thread-1] INFO org.apache.nifi.processors.standard.RouteText - RouteText[id=38a82a0d-69fc-4d87-a6d1-ec924f6828ee] Routing FlowFile[804,90491237836569.mockFlowFile,23B] to original
[main] DEBUG org.apache.nifi.processors.standard.RouteText - RouteText[id=38a82a0d-69fc-4d87-a6d1-ec924f6828ee] Adding new dynamic property: PropertyDescriptor[simple]
[pool-2725-thread-1] INFO org.apache.nifi.processors.standard.RouteText - RouteText[id=38a82a0d-69fc-4d87-a6d1-ec924f6828ee] Created FlowFile[807,90491238159947.mockFlowFile,23B] from FlowFile[806,90491238159947.mockFlowFile,23B]; routing to relationship simple
[pool-2725-thread-1] INFO org.apache.nifi.processors.standard.RouteText - RouteText[id=38a82a0d-69fc-4d87-a6d1-ec924f6828ee] Routing FlowFile[806,90491238159947.mockFlowFile,23B] to original
[main] DEBUG org.apache.nifi.processors.standard.RouteText - RouteText[id=38a82a0d-69fc-4d87-a6d1-ec924f6828ee] Adding new dynamic property: PropertyDescriptor[simple]
[pool-2726-thread-1] INFO org.apache.nifi.processors.standard.RouteText - RouteText[id=38a82a0d-69fc-4d87-a6d1-ec924f6828ee] Created FlowFile[809,90491238458823.mockFlowFile,23B] from FlowFile[808,90491238458823.mockFlowFile,23B]; routing to relationship simple
[pool-2726-thread-1] INFO org.apache.nifi.processors.standard.RouteText - RouteText[id=38a82a0d-69fc-4d87-a6d1-ec924f6828ee] Routing FlowFile[808,90491238458823.mockFlowFile,23B] to original
[main] DEBUG org.apache.nifi.processors.standard.RouteText - RouteText[id=38a82a0d-69fc-4d87-a6d1-ec924f6828ee] Adding new dynamic property: PropertyDescriptor[simple]
[pool-2727-thread-1] INFO org.apache.nifi.processors.standard.RouteText - RouteText[id=38a82a0d-69fc-4d87-a6d1-ec924f6828ee] Created FlowFile[811,90491238749818.mockFlowFile,23B] from FlowFile[810,90491238749818.mockFlowFile,23B]; routing to relationship simple
[pool-2727-thread-1] INFO org.apache.nifi.processors.standard.RouteText - RouteText[id=38a82a0d-69fc-4d87-a6d1-ec924f6828ee] Routing FlowFile[810,90491238749818.mockFlowFile,23B] to original
[main] DEBUG org.apache.nifi.processors.standard.RouteText - RouteText[id=38a82a0d-69fc-4d87-a6d1-ec924f6828ee] Adding new dynamic property: PropertyDescriptor[simple]
[pool-2728-thread-1] INFO org.apache.nifi.processors.standard.RouteText - RouteText[id=38a82a0d-69fc-4d87-a6d1-ec924f6828ee] Created FlowFile[813,90491239048680.mockFlowFile,23B] from FlowFile[812,90491239048680.mockFlowFile,23B]; routing to relationship simple
[pool-2728-thread-1] INFO org.apache.nifi.processors.standard.RouteText - RouteText[id=38a82a0d-69fc-4d87-a6d1-ec924f6828ee] Routing FlowFile[812,90491239048680.mockFlowFile,23B] to original
[main] DEBUG org.apache.nifi.processors.standard.RouteText - RouteText[id=38a82a0d-69fc-4d87-a6d1-ec924f6828ee] Adding new dynamic property: PropertyDescriptor[simple]
[pool-2729-thread-1] INFO org.apache.nifi.processors.standard.RouteText - RouteText[id=38a82a0d-69fc-4d87-a6d1-ec924f6828ee] Created FlowFile[815,90491239539445.mockFlowFile,23B] from FlowFile[814,90491239539445.mockFlowFile,23B]; routing to relationship simple
[pool-2729-thread-1] INFO org.apache.nifi.processors.standard.RouteText - RouteText[id=38a82a0d-69fc-4d87-a6d1-ec924f6828ee] Routing FlowFile[814,90491239539445.mockFlowFile,23B] to original
[main] DEBUG org.apache.nifi.processors.standard.RouteText - RouteText[id=38a82a0d-69fc-4d87-a6d1-ec924f6828ee] Adding new dynamic property: PropertyDescriptor[simple]
[pool-2730-thread-1] INFO org.apache.nifi.processors.standard.RouteText - RouteText[id=38a82a0d-69fc-4d87-a6d1-ec924f6828ee] Created FlowFile[817,90491239877397.mockFlowFile,23B] from FlowFile[816,90491239877397.mockFlowFile,23B]; routing to relationship simple
[pool-2730-thread-1] INFO org.apache.nifi.processors.standard.RouteText - RouteText[id=38a82a0d-69fc-4d87-a6d1-ec924f6828ee] Routing FlowFile[816,90491239877397.mockFlowFile,23B] to original
[main] DEBUG org.apache.nifi.processors.standard.RouteText - RouteText[id=38a82a0d-69fc-4d87-a6d1-ec924f6828ee] Adding new dynamic property: PropertyDescriptor[simple]
[pool-2731-thread-1] INFO org.apache.nifi.processors.standard.RouteText - RouteText[id=38a82a0d-69fc-4d87-a6d1-ec924f6828ee] Created FlowFile[819,90491240384111.mockFlowFile,23B] from FlowFile[818,90491240384111.mockFlowFile,23B]; routing to relationship simple
[pool-2731-thread-1] INFO org.apache.nifi.processors.standard.RouteText - RouteText[id=38a82a0d-69fc-4d87-a6d1-ec924f6828ee] Routing FlowFile[818,90491240384111.mockFlowFile,23B] to original
[main] DEBUG org.apache.nifi.processors.standard.RouteText - RouteText[id=38a82a0d-69fc-4d87-a6d1-ec924f6828ee] Adding new dynamic property: PropertyDescriptor[simple]
[pool-2732-thread-1] INFO org.apache.nifi.processors.standard.RouteText - RouteText[id=38a82a0d-69fc-4d87-a6d1-ec924f6828ee] Created FlowFile[821,90491240816062.mockFlowFile,23B] from FlowFile[820,90491240816062.mockFlowFile,23B]; routing to relationship simple
[pool-2732-thread-1] INFO org.apache.nifi.processors.standard.RouteText - RouteText[id=38a82a0d-69fc-4d87-a6d1-ec924f6828ee] Routing FlowFile[820,90491240816062.mockFlowFile,23B] to original
[main] DEBUG org.apache.nifi.processors.standard.RouteText - RouteText[id=38a82a0d-69fc-4d87-a6d1-ec924f6828ee] Adding new dynamic property: PropertyDescriptor[simple]
[pool-2733-thread-1] INFO org.apache.nifi.processors.standard.RouteText - RouteText[id=38a82a0d-69fc-4d87-a6d1-ec924f6828ee] Created FlowFile[823,90491241265661.mockFlowFile,23B] from FlowFile[822,90491241265661.mockFlowFile,23B]; routing to relationship simple
[pool-2733-thread-1] INFO org.apache.nifi.processors.standard.RouteText - RouteText[id=38a82a0d-69fc-4d87-a6d1-ec924f6828ee] Routing FlowFile[822,90491241265661.mockFlowFile,23B] to original
[main] DEBUG org.apache.nifi.processors.standard.RouteText - RouteText[id=38a82a0d-69fc-4d87-a6d1-ec924f6828ee] Adding new dynamic property: PropertyDescriptor[simple]
[pool-2734-thread-1] INFO org.apache.nifi.processors.standard.RouteText - RouteText[id=38a82a0d-69fc-4d87-a6d1-ec924f6828ee] Created FlowFile[825,90491241631809.mockFlowFile,23B] from FlowFile[824,90491241631809.mockFlowFile,23B]; routing to relationship simple
[pool-2734-thread-1] INFO org.apache.nifi.processors.standard.RouteText - RouteText[id=38a82a0d-69fc-4d87-a6d1-ec924f6828ee] Routing FlowFile[824,90491241631809.mockFlowFile,23B] to original
[main] DEBUG org.apache.nifi.processors.standard.RouteText - RouteText[id=38a82a0d-69fc-4d87-a6d1-ec924f6828ee] Adding new dynamic property: PropertyDescriptor[simple]
[pool-2735-thread-1] INFO org.apache.nifi.processors.standard.RouteText - RouteText[id=38a82a0d-69fc-4d87-a6d1-ec924f6828ee] Created FlowFile[827,90491242012645.mockFlowFile,23B] from FlowFile[826,90491242012645.mockFlowFile,23B]; routing to relationship simple
[pool-2735-thread-1] INFO org.apache.nifi.processors.standard.RouteText - RouteText[id=38a82a0d-69fc-4d87-a6d1-ec924f6828ee] Routing FlowFile[826,90491242012645.mockFlowFile,23B] to original
[main] DEBUG org.apache.nifi.processors.standard.RouteText - RouteText[id=38a82a0d-69fc-4d87-a6d1-ec924f6828ee] Adding new dynamic property: PropertyDescriptor[simple]
[pool-2736-thread-1] INFO org.apache.nifi.processors.standard.RouteText - RouteText[id=38a82a0d-69fc-4d87-a6d1-ec924f6828ee] Created FlowFile[829,90491242316820.mockFlowFile,23B] from FlowFile[828,90491242316820.mockFlowFile,23B]; routing to relationship simple
[pool-2736-thread-1] INFO org.apache.nifi.processors.standard.RouteText - RouteText[id=38a82a0d-69fc-4d87-a6d1-ec924f6828ee] Routing FlowFile[828,90491242316820.mockFlowFile,23B] to original
[main] DEBUG org.apache.nifi.processors.standard.RouteText - RouteText[id=38a82a0d-69fc-4d87-a6d1-ec924f6828ee] Adding new dynamic property: PropertyDescriptor[simple]
[pool-2737-thread-1] INFO org.apache.nifi.processors.standard.RouteText - RouteText[id=38a82a0d-69fc-4d87-a6d1-ec924f6828ee] Created FlowFile[831,90491242619218.mockFlowFile,23B] from FlowFile[830,90491242619218.mockFlowFile,23B]; routing to relationship simple
[pool-2737-thread-1] INFO org.apache.nifi.processors.standard.RouteText - RouteText[id=38a82a0d-69fc-4d87-a6d1-ec924f6828ee] Routing FlowFile[830,90491242619218.mockFlowFile,23B] to original
[main] DEBUG org.apache.nifi.processors.standard.RouteText - RouteText[id=38a82a0d-69fc-4d87-a6d1-ec924f6828ee] Adding new dynamic property: PropertyDescriptor[simple]
[pool-2738-thread-1] INFO org.apache.nifi.processors.standard.RouteText - RouteText[id=38a82a0d-69fc-4d87-a6d1-ec924f6828ee] Created FlowFile[833,90491242926528.mockFlowFile,23B] from FlowFile[832,90491242926528.mockFlowFile,23B]; routing to relationship simple
[pool-2738-thread-1] INFO org.apache.nifi.processors.standard.RouteText - RouteText[id=38a82a0d-69fc-4d87-a6d1-ec924f6828ee] Routing FlowFile[832,90491242926528.mockFlowFile,23B] to original
[main] DEBUG org.apache.nifi.processors.standard.RouteText - RouteText[id=38a82a0d-69fc-4d87-a6d1-ec924f6828ee] Adding new dynamic property: PropertyDescriptor[simple]
[pool-2739-thread-1] INFO org.apache.nifi.processors.standard.RouteText - RouteText[id=38a82a0d-69fc-4d87-a6d1-ec924f6828ee] Created FlowFile[835,90491243347736.mockFlowFile,23B] from FlowFile[834,90491243347736.mockFlowFile,23B]; routing to relationship simple
[pool-2739-thread-1] INFO org.apache.nifi.processors.standard.RouteText - RouteText[id=38a82a0d-69fc-4d87-a6d1-ec924f6828ee] Routing FlowFile[834,90491243347736.mockFlowFile,23B] to original
[main] DEBUG org.apache.nifi.processors.standard.RouteText - RouteText[id=38a82a0d-69fc-4d87-a6d1-ec924f6828ee] Adding new dynamic property: PropertyDescriptor[simple]
[pool-2740-thread-1] INFO org.apache.nifi.processors.standard.RouteText - RouteText[id=38a82a0d-69fc-4d87-a6d1-ec924f6828ee] Created FlowFile[837,90491243782295.mockFlowFile,23B] from FlowFile[836,90491243782295.mockFlowFile,23B]; routing to relationship simple
[pool-2740-thread-1] INFO org.apache.nifi.processors.standard.RouteText - RouteText[id=38a82a0d-69fc-4d87-a6d1-ec924f6828ee] Routing FlowFile[836,90491243782295.mockFlowFile,23B] to original
[main] DEBUG org.apache.nifi.processors.standard.RouteText - RouteText[id=38a82a0d-69fc-4d87-a6d1-ec924f6828ee] Adding new dynamic property: PropertyDescriptor[simple]
[pool-2741-thread-1] INFO org.apache.nifi.processors.standard.RouteText - RouteText[id=38a82a0d-69fc-4d87-a6d1-ec924f6828ee] Created FlowFile[839,90491244238011.mockFlowFile,23B] from FlowFile[838,90491244238011.mockFlowFile,23B]; routing to relationship simple
[pool-2741-thread-1] INFO org.apache.nifi.processors.standard.RouteText - RouteText[id=38a82a0d-69fc-4d87-a6d1-ec924f6828ee] Routing FlowFile[838,90491244238011.mockFlowFile,23B] to original
[main] DEBUG org.apache.nifi.processors.standard.RouteText - RouteText[id=38a82a0d-69fc-4d87-a6d1-ec924f6828ee] Adding new dynamic property: PropertyDescriptor[simple]
[pool-2742-thread-1] INFO org.apache.nifi.processors.standard.RouteText - RouteText[id=38a82a0d-69fc-4d87-a6d1-ec924f6828ee] Created FlowFile[841,90491244678677.mockFlowFile,23B] from FlowFile[840,90491244678677.mockFlowFile,23B]; routing to relationship simple
[pool-2742-thread-1] INFO org.apache.nifi.processors.standard.RouteText - RouteText[id=38a82a0d-69fc-4d87-a6d1-ec924f6828ee] Routing FlowFile[840,90491244678677.mockFlowFile,23B] to original
[main] DEBUG org.apache.nifi.processors.standard.RouteText - RouteText[id=38a82a0d-69fc-4d87-a6d1-ec924f6828ee] Adding new dynamic property: PropertyDescriptor[simple]
[pool-2743-thread-1] INFO org.apache.nifi.processors.standard.RouteText - RouteText[id=38a82a0d-69fc-4d87-a6d1-ec924f6828ee] Created FlowFile[843,90491245062857.mockFlowFile,23B] from FlowFile[842,90491245062857.mockFlowFile,23B]; routing to relationship simple
[pool-2743-thread-1] INFO org.apache.nifi.processors.standard.RouteText - RouteText[id=38a82a0d-69fc-4d87-a6d1-ec924f6828ee] Routing FlowFile[842,90491245062857.mockFlowFile,23B] to original
[main] DEBUG org.apache.nifi.processors.standard.RouteText - RouteText[id=38a82a0d-69fc-4d87-a6d1-ec924f6828ee] Adding new dynamic property: PropertyDescriptor[simple]
[pool-2744-thread-1] INFO org.apache.nifi.processors.standard.RouteText - RouteText[id=38a82a0d-69fc-4d87-a6d1-ec924f6828ee] Created FlowFile[845,90491245439048.mockFlowFile,23B] from FlowFile[844,90491245439048.mockFlowFile,23B]; routing to relationship simple
[pool-2744-thread-1] INFO org.apache.nifi.processors.standard.RouteText - RouteText[id=38a82a0d-69fc-4d87-a6d1-ec924f6828ee] Routing FlowFile[844,90491245439048.mockFlowFile,23B] to original
[main] DEBUG org.apache.nifi.processors.standard.RouteText - RouteText[id=38a82a0d-69fc-4d87-a6d1-ec924f6828ee] Adding new dynamic property: PropertyDescriptor[simple]
[pool-2745-thread-1] INFO org.apache.nifi.processors.standard.RouteText - RouteText[id=38a82a0d-69fc-4d87-a6d1-ec924f6828ee] Created FlowFile[847,90491245791941.mockFlowFile,23B] from FlowFile[846,90491245791941.mockFlowFile,23B]; routing to relationship simple
[pool-2745-thread-1] INFO org.apache.nifi.processors.standard.RouteText - RouteText[id=38a82a0d-69fc-4d87-a6d1-ec924f6828ee] Routing FlowFile[846,90491245791941.mockFlowFile,23B] to original
[main] DEBUG org.apache.nifi.processors.standard.RouteText - RouteText[id=38a82a0d-69fc-4d87-a6d1-ec924f6828ee] Adding new dynamic property: PropertyDescriptor[simple]
[pool-2746-thread-1] INFO org.apache.nifi.processors.standard.RouteText - RouteText[id=38a82a0d-69fc-4d87-a6d1-ec924f6828ee] Created FlowFile[849,90491246108851.mockFlowFile,23B] from FlowFile[848,90491246108851.mockFlowFile,23B]; routing to relationship simple
[pool-2746-thread-1] INFO org.apache.nifi.processors.standard.RouteText - RouteText[id=38a82a0d-69fc-4d87-a6d1-ec924f6828ee] Routing FlowFile[848,90491246108851.mockFlowFile,23B] to original
[main] DEBUG org.apache.nifi.processors.standard.RouteText - RouteText[id=38a82a0d-69fc-4d87-a6d1-ec924f6828ee] Adding new dynamic property: PropertyDescriptor[simple]
[pool-2747-thread-1] INFO org.apache.nifi.processors.standard.RouteText - RouteText[id=38a82a0d-69fc-4d87-a6d1-ec924f6828ee] Created FlowFile[851,90491246448387.mockFlowFile,23B] from FlowFile[850,90491246448387.mockFlowFile,23B]; routing to relationship simple
[pool-2747-thread-1] INFO org.apache.nifi.processors.standard.RouteText - RouteText[id=38a82a0d-69fc-4d87-a6d1-ec924f6828ee] Routing FlowFile[850,90491246448387.mockFlowFile,23B] to original
[main] DEBUG org.apache.nifi.processors.standard.RouteText - RouteText[id=38a82a0d-69fc-4d87-a6d1-ec924f6828ee] Adding new dynamic property: PropertyDescriptor[simple]
[pool-2748-thread-1] INFO org.apache.nifi.processors.standard.RouteText - RouteText[id=38a82a0d-69fc-4d87-a6d1-ec924f6828ee] Created FlowFile[853,90491246766255.mockFlowFile,23B] from FlowFile[852,90491246766255.mockFlowFile,23B]; routing to relationship simple
[pool-2748-thread-1] INFO org.apache.nifi.processors.standard.RouteText - RouteText[id=38a82a0d-69fc-4d87-a6d1-ec924f6828ee] Routing FlowFile[852,90491246766255.mockFlowFile,23B] to original
[main] DEBUG org.apache.nifi.processors.standard.RouteText - RouteText[id=38a82a0d-69fc-4d87-a6d1-ec924f6828ee] Adding new dynamic property: PropertyDescriptor[simple]
[pool-2749-thread-1] INFO org.apache.nifi.processors.standard.RouteText - RouteText[id=38a82a0d-69fc-4d87-a6d1-ec924f6828ee] Created FlowFile[855,90491247082423.mockFlowFile,23B] from FlowFile[854,90491247082423.mockFlowFile,23B]; routing to relationship simple
[pool-2749-thread-1] INFO org.apache.nifi.processors.standard.RouteText - RouteText[id=38a82a0d-69fc-4d87-a6d1-ec924f6828ee] Routing FlowFile[854,90491247082423.mockFlowFile,23B] to original
[main] DEBUG org.apache.nifi.processors.standard.RouteText - RouteText[id=38a82a0d-69fc-4d87-a6d1-ec924f6828ee] Adding new dynamic property: PropertyDescriptor[simple]
[pool-2750-thread-1] INFO org.apache.nifi.processors.standard.RouteText - RouteText[id=38a82a0d-69fc-4d87-a6d1-ec924f6828ee] Created FlowFile[857,90491247509801.mockFlowFile,23B] from FlowFile[856,90491247509801.mockFlowFile,23B]; routing to relationship simple
[pool-2750-thread-1] INFO org.apache.nifi.processors.standard.RouteText - RouteText[id=38a82a0d-69fc-4d87-a6d1-ec924f6828ee] Routing FlowFile[856,90491247509801.mockFlowFile,23B] to original
[main] DEBUG org.apache.nifi.processors.standard.RouteText - RouteText[id=38a82a0d-69fc-4d87-a6d1-ec924f6828ee] Adding new dynamic property: PropertyDescriptor[simple]
[pool-2751-thread-1] INFO org.apache.nifi.processors.standard.RouteText - RouteText[id=38a82a0d-69fc-4d87-a6d1-ec924f6828ee] Created FlowFile[859,90491247843915.mockFlowFile,23B] from FlowFile[858,90491247843915.mockFlowFile,23B]; routing to relationship simple
[pool-2751-thread-1] INFO org.apache.nifi.processors.standard.RouteText - RouteText[id=38a82a0d-69fc-4d87-a6d1-ec924f6828ee] Routing FlowFile[858,90491247843915.mockFlowFile,23B] to original
[main] DEBUG org.apache.nifi.processors.standard.RouteText - RouteText[id=38a82a0d-69fc-4d87-a6d1-ec924f6828ee] Adding new dynamic property: PropertyDescriptor[simple]
[pool-2752-thread-1] INFO org.apache.nifi.processors.standard.RouteText - RouteText[id=38a82a0d-69fc-4d87-a6d1-ec924f6828ee] Created FlowFile[861,90491248186581.mockFlowFile,23B] from FlowFile[860,90491248186581.mockFlowFile,23B]; routing to relationship simple
[pool-2752-thread-1] INFO org.apache.nifi.processors.standard.RouteText - RouteText[id=38a82a0d-69fc-4d87-a6d1-ec924f6828ee] Routing FlowFile[860,90491248186581.mockFlowFile,23B] to original
[main] DEBUG org.apache.nifi.processors.standard.RouteText - RouteText[id=38a82a0d-69fc-4d87-a6d1-ec924f6828ee] Adding new dynamic property: PropertyDescriptor[simple]
[pool-2753-thread-1] INFO org.apache.nifi.processors.standard.RouteText - RouteText[id=38a82a0d-69fc-4d87-a6d1-ec924f6828ee] Created FlowFile[863,90491248501458.mockFlowFile,23B] from FlowFile[862,90491248501458.mockFlowFile,23B]; routing to relationship simple
[pool-2753-thread-1] INFO org.apache.nifi.processors.standard.RouteText - RouteText[id=38a82a0d-69fc-4d87-a6d1-ec924f6828ee] Routing FlowFile[862,90491248501458.mockFlowFile,23B] to original
[main] DEBUG org.apache.nifi.processors.standard.RouteText - RouteText[id=38a82a0d-69fc-4d87-a6d1-ec924f6828ee] Adding new dynamic property: PropertyDescriptor[simple]
[pool-2754-thread-1] INFO org.apache.nifi.processors.standard.RouteText - RouteText[id=38a82a0d-69fc-4d87-a6d1-ec924f6828ee] Created FlowFile[865,90491248807461.mockFlowFile,23B] from FlowFile[864,90491248807461.mockFlowFile,23B]; routing to relationship simple
[pool-2754-thread-1] INFO org.apache.nifi.processors.standard.RouteText - RouteText[id=38a82a0d-69fc-4d87-a6d1-ec924f6828ee] Routing FlowFile[864,90491248807461.mockFlowFile,23B] to original
[main] DEBUG org.apache.nifi.processors.standard.RouteText - RouteText[id=38a82a0d-69fc-4d87-a6d1-ec924f6828ee] Adding new dynamic property: PropertyDescriptor[simple]
[pool-2755-thread-1] INFO org.apache.nifi.processors.standard.RouteText - RouteText[id=38a82a0d-69fc-4d87-a6d1-ec924f6828ee] Created FlowFile[867,90491249104309.mockFlowFile,23B] from FlowFile[866,90491249104309.mockFlowFile,23B]; routing to relationship simple
[pool-2755-thread-1] INFO org.apache.nifi.processors.standard.RouteText - RouteText[id=38a82a0d-69fc-4d87-a6d1-ec924f6828ee] Routing FlowFile[866,90491249104309.mockFlowFile,23B] to original
[main] DEBUG org.apache.nifi.processors.standard.RouteText - RouteText[id=38a82a0d-69fc-4d87-a6d1-ec924f6828ee] Adding new dynamic property: PropertyDescriptor[simple]
[pool-2756-thread-1] INFO org.apache.nifi.processors.standard.RouteText - RouteText[id=38a82a0d-69fc-4d87-a6d1-ec924f6828ee] Created FlowFile[869,90491249400523.mockFlowFile,23B] from FlowFile[868,90491249400523.mockFlowFile,23B]; routing to relationship simple
[pool-2756-thread-1] INFO org.apache.nifi.processors.standard.RouteText - RouteText[id=38a82a0d-69fc-4d87-a6d1-ec924f6828ee] Routing FlowFile[868,90491249400523.mockFlowFile,23B] to original
[main] DEBUG org.apache.nifi.processors.standard.RouteText - RouteText[id=38a82a0d-69fc-4d87-a6d1-ec924f6828ee] Adding new dynamic property: PropertyDescriptor[simple]
[pool-2757-thread-1] INFO org.apache.nifi.processors.standard.RouteText - RouteText[id=38a82a0d-69fc-4d87-a6d1-ec924f6828ee] Created FlowFile[871,90491249847756.mockFlowFile,23B] from FlowFile[870,90491249847756.mockFlowFile,23B]; routing to relationship simple
[pool-2757-thread-1] INFO org.apache.nifi.processors.standard.RouteText - RouteText[id=38a82a0d-69fc-4d87-a6d1-ec924f6828ee] Routing FlowFile[870,90491249847756.mockFlowFile,23B] to original
[main] DEBUG org.apache.nifi.processors.standard.RouteText - RouteText[id=38a82a0d-69fc-4d87-a6d1-ec924f6828ee] Adding new dynamic property: PropertyDescriptor[simple]
[pool-2758-thread-1] INFO org.apache.nifi.processors.standard.RouteText - RouteText[id=38a82a0d-69fc-4d87-a6d1-ec924f6828ee] Created FlowFile[873,90491250172177.mockFlowFile,23B] from FlowFile[872,90491250172177.mockFlowFile,23B]; routing to relationship simple
[pool-2758-thread-1] INFO org.apache.nifi.processors.standard.RouteText - RouteText[id=38a82a0d-69fc-4d87-a6d1-ec924f6828ee] Routing FlowFile[872,90491250172177.mockFlowFile,23B] to original
[main] DEBUG org.apache.nifi.processors.standard.RouteText - RouteText[id=38a82a0d-69fc-4d87-a6d1-ec924f6828ee] Adding new dynamic property: PropertyDescriptor[simple]
[pool-2759-thread-1] INFO org.apache.nifi.processors.standard.RouteText - RouteText[id=38a82a0d-69fc-4d87-a6d1-ec924f6828ee] Created FlowFile[875,90491250538383.mockFlowFile,23B] from FlowFile[874,90491250538383.mockFlowFile,23B]; routing to relationship simple
[pool-2759-thread-1] INFO org.apache.nifi.processors.standard.RouteText - RouteText[id=38a82a0d-69fc-4d87-a6d1-ec924f6828ee] Routing FlowFile[874,90491250538383.mockFlowFile,23B] to original
[main] DEBUG org.apache.nifi.processors.standard.RouteText - RouteText[id=38a82a0d-69fc-4d87-a6d1-ec924f6828ee] Adding new dynamic property: PropertyDescriptor[simple]
[pool-2760-thread-1] INFO org.apache.nifi.processors.standard.RouteText - RouteText[id=38a82a0d-69fc-4d87-a6d1-ec924f6828ee] Created FlowFile[877,90491250894348.mockFlowFile,23B] from FlowFile[876,90491250894348.mockFlowFile,23B]; routing to relationship simple
[pool-2760-thread-1] INFO org.apache.nifi.processors.standard.RouteText - RouteText[id=38a82a0d-69fc-4d87-a6d1-ec924f6828ee] Routing FlowFile[876,90491250894348.mockFlowFile,23B] to original
[main] DEBUG org.apache.nifi.processors.standard.RouteText - RouteText[id=38a82a0d-69fc-4d87-a6d1-ec924f6828ee] Adding new dynamic property: PropertyDescriptor[simple]
[pool-2761-thread-1] INFO org.apache.nifi.processors.standard.RouteText - RouteText[id=38a82a0d-69fc-4d87-a6d1-ec924f6828ee] Created FlowFile[879,90491251415251.mockFlowFile,23B] from FlowFile[878,90491251415251.mockFlowFile,23B]; routing to relationship simple
[pool-2761-thread-1] INFO org.apache.nifi.processors.standard.RouteText - RouteText[id=38a82a0d-69fc-4d87-a6d1-ec924f6828ee] Routing FlowFile[878,90491251415251.mockFlowFile,23B] to original
[main] DEBUG org.apache.nifi.processors.standard.RouteText - RouteText[id=38a82a0d-69fc-4d87-a6d1-ec924f6828ee] Adding new dynamic property: PropertyDescriptor[simple]
[pool-2762-thread-1] INFO org.apache.nifi.processors.standard.RouteText - RouteText[id=38a82a0d-69fc-4d87-a6d1-ec924f6828ee] Created FlowFile[881,90491251763237.mockFlowFile,23B] from FlowFile[880,90491251763237.mockFlowFile,23B]; routing to relationship simple
[pool-2762-thread-1] INFO org.apache.nifi.processors.standard.RouteText - RouteText[id=38a82a0d-69fc-4d87-a6d1-ec924f6828ee] Routing FlowFile[880,90491251763237.mockFlowFile,23B] to original
[main] DEBUG org.apache.nifi.processors.standard.RouteText - RouteText[id=38a82a0d-69fc-4d87-a6d1-ec924f6828ee] Adding new dynamic property: PropertyDescriptor[simple]
[pool-2763-thread-1] INFO org.apache.nifi.processors.standard.RouteText - RouteText[id=38a82a0d-69fc-4d87-a6d1-ec924f6828ee] Created FlowFile[883,90491252144612.mockFlowFile,23B] from FlowFile[882,90491252144612.mockFlowFile,23B]; routing to relationship simple
[pool-2763-thread-1] INFO org.apache.nifi.processors.standard.RouteText - RouteText[id=38a82a0d-69fc-4d87-a6d1-ec924f6828ee] Routing FlowFile[882,90491252144612.mockFlowFile,23B] to original
[main] DEBUG org.apache.nifi.processors.standard.RouteText - RouteText[id=38a82a0d-69fc-4d87-a6d1-ec924f6828ee] Adding new dynamic property: PropertyDescriptor[simple]
[pool-2764-thread-1] INFO org.apache.nifi.processors.standard.RouteText - RouteText[id=38a82a0d-69fc-4d87-a6d1-ec924f6828ee] Created FlowFile[885,90491252675093.mockFlowFile,23B] from FlowFile[884,90491252675093.mockFlowFile,23B]; routing to relationship simple
[pool-2764-thread-1] INFO org.apache.nifi.processors.standard.RouteText - RouteText[id=38a82a0d-69fc-4d87-a6d1-ec924f6828ee] Routing FlowFile[884,90491252675093.mockFlowFile,23B] to original
[main] DEBUG org.apache.nifi.processors.standard.RouteText - RouteText[id=38a82a0d-69fc-4d87-a6d1-ec924f6828ee] Adding new dynamic property: PropertyDescriptor[simple]
[pool-2765-thread-1] INFO org.apache.nifi.processors.standard.RouteText - RouteText[id=38a82a0d-69fc-4d87-a6d1-ec924f6828ee] Created FlowFile[887,90491253115994.mockFlowFile,23B] from FlowFile[886,90491253115994.mockFlowFile,23B]; routing to relationship simple
[pool-2765-thread-1] INFO org.apache.nifi.processors.standard.RouteText - RouteText[id=38a82a0d-69fc-4d87-a6d1-ec924f6828ee] Routing FlowFile[886,90491253115994.mockFlowFile,23B] to original
[main] DEBUG org.apache.nifi.processors.standard.RouteText - RouteText[id=38a82a0d-69fc-4d87-a6d1-ec924f6828ee] Adding new dynamic property: PropertyDescriptor[simple]
[pool-2766-thread-1] INFO org.apache.nifi.processors.standard.RouteText - RouteText[id=38a82a0d-69fc-4d87-a6d1-ec924f6828ee] Created FlowFile[889,90491253557203.mockFlowFile,23B] from FlowFile[888,90491253557203.mockFlowFile,23B]; routing to relationship simple
[pool-2766-thread-1] INFO org.apache.nifi.processors.standard.RouteText - RouteText[id=38a82a0d-69fc-4d87-a6d1-ec924f6828ee] Routing FlowFile[888,90491253557203.mockFlowFile,23B] to original
[main] DEBUG org.apache.nifi.processors.standard.RouteText - RouteText[id=38a82a0d-69fc-4d87-a6d1-ec924f6828ee] Adding new dynamic property: PropertyDescriptor[simple]
[pool-2767-thread-1] INFO org.apache.nifi.processors.standard.RouteText - RouteText[id=38a82a0d-69fc-4d87-a6d1-ec924f6828ee] Created FlowFile[891,90491253888341.mockFlowFile,23B] from FlowFile[890,90491253888341.mockFlowFile,23B]; routing to relationship simple
[pool-2767-thread-1] INFO org.apache.nifi.processors.standard.RouteText - RouteText[id=38a82a0d-69fc-4d87-a6d1-ec924f6828ee] Routing FlowFile[890,90491253888341.mockFlowFile,23B] to original
[main] DEBUG org.apache.nifi.processors.standard.RouteText - RouteText[id=38a82a0d-69fc-4d87-a6d1-ec924f6828ee] Adding new dynamic property: PropertyDescriptor[simple]
[pool-2768-thread-1] INFO org.apache.nifi.processors.standard.RouteText - RouteText[id=38a82a0d-69fc-4d87-a6d1-ec924f6828ee] Created FlowFile[893,90491254249655.mockFlowFile,23B] from FlowFile[892,90491254249655.mockFlowFile,23B]; routing to relationship simple
[pool-2768-thread-1] INFO org.apache.nifi.processors.standard.RouteText - RouteText[id=38a82a0d-69fc-4d87-a6d1-ec924f6828ee] Routing FlowFile[892,90491254249655.mockFlowFile,23B] to original
[main] DEBUG org.apache.nifi.processors.standard.RouteText - RouteText[id=38a82a0d-69fc-4d87-a6d1-ec924f6828ee] Adding new dynamic property: PropertyDescriptor[simple]
[pool-2769-thread-1] INFO org.apache.nifi.processors.standard.RouteText - RouteText[id=38a82a0d-69fc-4d87-a6d1-ec924f6828ee] Created FlowFile[895,90491254551415.mockFlowFile,23B] from FlowFile[894,90491254551415.mockFlowFile,23B]; routing to relationship simple
[pool-2769-thread-1] INFO org.apache.nifi.processors.standard.RouteText - RouteText[id=38a82a0d-69fc-4d87-a6d1-ec924f6828ee] Routing FlowFile[894,90491254551415.mockFlowFile,23B] to original
[main] DEBUG org.apache.nifi.processors.standard.RouteText - RouteText[id=38a82a0d-69fc-4d87-a6d1-ec924f6828ee] Adding new dynamic property: PropertyDescriptor[simple]
[pool-2770-thread-1] INFO org.apache.nifi.processors.standard.RouteText - RouteText[id=38a82a0d-69fc-4d87-a6d1-ec924f6828ee] Created FlowFile[897,90491254858884.mockFlowFile,23B] from FlowFile[896,90491254858884.mockFlowFile,23B]; routing to relationship simple
[pool-2770-thread-1] INFO org.apache.nifi.processors.standard.RouteText - RouteText[id=38a82a0d-69fc-4d87-a6d1-ec924f6828ee] Routing FlowFile[896,90491254858884.mockFlowFile,23B] to original
[main] DEBUG org.apache.nifi.processors.standard.RouteText - RouteText[id=38a82a0d-69fc-4d87-a6d1-ec924f6828ee] Adding new dynamic property: PropertyDescriptor[simple]
[pool-2771-thread-1] INFO org.apache.nifi.processors.standard.RouteText - RouteText[id=38a82a0d-69fc-4d87-a6d1-ec924f6828ee] Created FlowFile[899,90491255394762.mockFlowFile,23B] from FlowFile[898,90491255394762.mockFlowFile,23B]; routing to relationship simple
[pool-2771-thread-1] INFO org.apache.nifi.processors.standard.RouteText - RouteText[id=38a82a0d-69fc-4d87-a6d1-ec924f6828ee] Routing FlowFile[898,90491255394762.mockFlowFile,23B] to original
[main] DEBUG org.apache.nifi.processors.standard.RouteText - RouteText[id=38a82a0d-69fc-4d87-a6d1-ec924f6828ee] Adding new dynamic property: PropertyDescriptor[simple]
[pool-2772-thread-1] INFO org.apache.nifi.processors.standard.RouteText - RouteText[id=38a82a0d-69fc-4d87-a6d1-ec924f6828ee] Created FlowFile[901,90491255951436.mockFlowFile,23B] from FlowFile[900,90491255951436.mockFlowFile,23B]; routing to relationship simple
[pool-2772-thread-1] INFO org.apache.nifi.processors.standard.RouteText - RouteText[id=38a82a0d-69fc-4d87-a6d1-ec924f6828ee] Routing FlowFile[900,90491255951436.mockFlowFile,23B] to original
[main] DEBUG org.apache.nifi.processors.standard.RouteText - RouteText[id=38a82a0d-69fc-4d87-a6d1-ec924f6828ee] Adding new dynamic property: PropertyDescriptor[simple]
[pool-2773-thread-1] INFO org.apache.nifi.processors.standard.RouteText - RouteText[id=38a82a0d-69fc-4d87-a6d1-ec924f6828ee] Created FlowFile[903,90491256576480.mockFlowFile,23B] from FlowFile[902,90491256576480.mockFlowFile,23B]; routing to relationship simple
[pool-2773-thread-1] INFO org.apache.nifi.processors.standard.RouteText - RouteText[id=38a82a0d-69fc-4d87-a6d1-ec924f6828ee] Routing FlowFile[902,90491256576480.mockFlowFile,23B] to original
[main] DEBUG org.apache.nifi.processors.standard.RouteText - RouteText[id=38a82a0d-69fc-4d87-a6d1-ec924f6828ee] Adding new dynamic property: PropertyDescriptor[simple]
[pool-2774-thread-1] INFO org.apache.nifi.processors.standard.RouteText - RouteText[id=38a82a0d-69fc-4d87-a6d1-ec924f6828ee] Created FlowFile[905,90491257165916.mockFlowFile,23B] from FlowFile[904,90491257165916.mockFlowFile,23B]; routing to relationship simple
[pool-2774-thread-1] INFO org.apache.nifi.processors.standard.RouteText - RouteText[id=38a82a0d-69fc-4d87-a6d1-ec924f6828ee] Routing FlowFile[904,90491257165916.mockFlowFile,23B] to original
[main] DEBUG org.apache.nifi.processors.standard.RouteText - RouteText[id=38a82a0d-69fc-4d87-a6d1-ec924f6828ee] Adding new dynamic property: PropertyDescriptor[simple]
[pool-2775-thread-1] INFO org.apache.nifi.processors.standard.RouteText - RouteText[id=38a82a0d-69fc-4d87-a6d1-ec924f6828ee] Created FlowFile[907,90491257744112.mockFlowFile,23B] from FlowFile[906,90491257744112.mockFlowFile,23B]; routing to relationship simple
[pool-2775-thread-1] INFO org.apache.nifi.processors.standard.RouteText - RouteText[id=38a82a0d-69fc-4d87-a6d1-ec924f6828ee] Routing FlowFile[906,90491257744112.mockFlowFile,23B] to original
[main] DEBUG org.apache.nifi.processors.standard.RouteText - RouteText[id=38a82a0d-69fc-4d87-a6d1-ec924f6828ee] Adding new dynamic property: PropertyDescriptor[simple]
[pool-2776-thread-1] INFO org.apache.nifi.processors.standard.RouteText - RouteText[id=38a82a0d-69fc-4d87-a6d1-ec924f6828ee] Created FlowFile[909,90491258199919.mockFlowFile,23B] from FlowFile[908,90491258199919.mockFlowFile,23B]; routing to relationship simple
[pool-2776-thread-1] INFO org.apache.nifi.processors.standard.RouteText - RouteText[id=38a82a0d-69fc-4d87-a6d1-ec924f6828ee] Routing FlowFile[908,90491258199919.mockFlowFile,23B] to original
[main] DEBUG org.apache.nifi.processors.standard.RouteText - RouteText[id=38a82a0d-69fc-4d87-a6d1-ec924f6828ee] Adding new dynamic property: PropertyDescriptor[simple]
[pool-2777-thread-1] INFO org.apache.nifi.processors.standard.RouteText - RouteText[id=38a82a0d-69fc-4d87-a6d1-ec924f6828ee] Created FlowFile[911,90491258607356.mockFlowFile,23B] from FlowFile[910,90491258607356.mockFlowFile,23B]; routing to relationship simple
[pool-2777-thread-1] INFO org.apache.nifi.processors.standard.RouteText - RouteText[id=38a82a0d-69fc-4d87-a6d1-ec924f6828ee] Routing FlowFile[910,90491258607356.mockFlowFile,23B] to original
[main] DEBUG org.apache.nifi.processors.standard.RouteText - RouteText[id=38a82a0d-69fc-4d87-a6d1-ec924f6828ee] Adding new dynamic property: PropertyDescriptor[simple]
[pool-2778-thread-1] INFO org.apache.nifi.processors.standard.RouteText - RouteText[id=38a82a0d-69fc-4d87-a6d1-ec924f6828ee] Created FlowFile[913,90491259001112.mockFlowFile,23B] from FlowFile[912,90491259001112.mockFlowFile,23B]; routing to relationship simple
[pool-2778-thread-1] INFO org.apache.nifi.processors.standard.RouteText - RouteText[id=38a82a0d-69fc-4d87-a6d1-ec924f6828ee] Routing FlowFile[912,90491259001112.mockFlowFile,23B] to original
[main] DEBUG org.apache.nifi.processors.standard.RouteText - RouteText[id=38a82a0d-69fc-4d87-a6d1-ec924f6828ee] Adding new dynamic property: PropertyDescriptor[simple]
[pool-2779-thread-1] INFO org.apache.nifi.processors.standard.RouteText - RouteText[id=38a82a0d-69fc-4d87-a6d1-ec924f6828ee] Created FlowFile[915,90491259378335.mockFlowFile,23B] from FlowFile[914,90491259378335.mockFlowFile,23B]; routing to relationship simple
[pool-2779-thread-1] INFO org.apache.nifi.processors.standard.RouteText - RouteText[id=38a82a0d-69fc-4d87-a6d1-ec924f6828ee] Routing FlowFile[914,90491259378335.mockFlowFile,23B] to original
[main] DEBUG org.apache.nifi.processors.standard.RouteText - RouteText[id=38a82a0d-69fc-4d87-a6d1-ec924f6828ee] Adding new dynamic property: PropertyDescriptor[simple]
[pool-2780-thread-1] INFO org.apache.nifi.processors.standard.RouteText - RouteText[id=38a82a0d-69fc-4d87-a6d1-ec924f6828ee] Created FlowFile[917,90491259756597.mockFlowFile,23B] from FlowFile[916,90491259756597.mockFlowFile,23B]; routing to relationship simple
[pool-2780-thread-1] INFO org.apache.nifi.processors.standard.RouteText - RouteText[id=38a82a0d-69fc-4d87-a6d1-ec924f6828ee] Routing FlowFile[916,90491259756597.mockFlowFile,23B] to original
[main] DEBUG org.apache.nifi.processors.standard.RouteText - RouteText[id=38a82a0d-69fc-4d87-a6d1-ec924f6828ee] Adding new dynamic property: PropertyDescriptor[simple]
[pool-2781-thread-1] INFO org.apache.nifi.processors.standard.RouteText - RouteText[id=38a82a0d-69fc-4d87-a6d1-ec924f6828ee] Created FlowFile[919,90491260188766.mockFlowFile,23B] from FlowFile[918,90491260188766.mockFlowFile,23B]; routing to relationship simple
[pool-2781-thread-1] INFO org.apache.nifi.processors.standard.RouteText - RouteText[id=38a82a0d-69fc-4d87-a6d1-ec924f6828ee] Routing FlowFile[918,90491260188766.mockFlowFile,23B] to original
[main] DEBUG org.apache.nifi.processors.standard.RouteText - RouteText[id=38a82a0d-69fc-4d87-a6d1-ec924f6828ee] Adding new dynamic property: PropertyDescriptor[simple]
[pool-2782-thread-1] INFO org.apache.nifi.processors.standard.RouteText - RouteText[id=38a82a0d-69fc-4d87-a6d1-ec924f6828ee] Created FlowFile[921,90491260698519.mockFlowFile,23B] from FlowFile[920,90491260698519.mockFlowFile,23B]; routing to relationship simple
[pool-2782-thread-1] INFO org.apache.nifi.processors.standard.RouteText - RouteText[id=38a82a0d-69fc-4d87-a6d1-ec924f6828ee] Routing FlowFile[920,90491260698519.mockFlowFile,23B] to original
[main] DEBUG org.apache.nifi.processors.standard.RouteText - RouteText[id=38a82a0d-69fc-4d87-a6d1-ec924f6828ee] Adding new dynamic property: PropertyDescriptor[simple]
[pool-2783-thread-1] INFO org.apache.nifi.processors.standard.RouteText - RouteText[id=38a82a0d-69fc-4d87-a6d1-ec924f6828ee] Created FlowFile[923,90491261262560.mockFlowFile,23B] from FlowFile[922,90491261262560.mockFlowFile,23B]; routing to relationship simple
[pool-2783-thread-1] INFO org.apache.nifi.processors.standard.RouteText - RouteText[id=38a82a0d-69fc-4d87-a6d1-ec924f6828ee] Routing FlowFile[922,90491261262560.mockFlowFile,23B] to original
[main] DEBUG org.apache.nifi.processors.standard.RouteText - RouteText[id=38a82a0d-69fc-4d87-a6d1-ec924f6828ee] Adding new dynamic property: PropertyDescriptor[simple]
[pool-2784-thread-1] INFO org.apache.nifi.processors.standard.RouteText - RouteText[id=38a82a0d-69fc-4d87-a6d1-ec924f6828ee] Created FlowFile[925,90491261691568.mockFlowFile,23B] from FlowFile[924,90491261691568.mockFlowFile,23B]; routing to relationship simple
[pool-2784-thread-1] INFO org.apache.nifi.processors.standard.RouteText - RouteText[id=38a82a0d-69fc-4d87-a6d1-ec924f6828ee] Routing FlowFile[924,90491261691568.mockFlowFile,23B] to original
[main] DEBUG org.apache.nifi.processors.standard.RouteText - RouteText[id=38a82a0d-69fc-4d87-a6d1-ec924f6828ee] Adding new dynamic property: PropertyDescriptor[simple]
[pool-2785-thread-1] INFO org.apache.nifi.processors.standard.RouteText - RouteText[id=38a82a0d-69fc-4d87-a6d1-ec924f6828ee] Created FlowFile[927,90491262046568.mockFlowFile,23B] from FlowFile[926,90491262046568.mockFlowFile,23B]; routing to relationship simple
[pool-2785-thread-1] INFO org.apache.nifi.processors.standard.RouteText - RouteText[id=38a82a0d-69fc-4d87-a6d1-ec924f6828ee] Routing FlowFile[926,90491262046568.mockFlowFile,23B] to original
[main] DEBUG org.apache.nifi.processors.standard.RouteText - RouteText[id=38a82a0d-69fc-4d87-a6d1-ec924f6828ee] Adding new dynamic property: PropertyDescriptor[simple]
[pool-2786-thread-1] INFO org.apache.nifi.processors.standard.RouteText - RouteText[id=38a82a0d-69fc-4d87-a6d1-ec924f6828ee] Created FlowFile[929,90491262388034.mockFlowFile,23B] from FlowFile[928,90491262388034.mockFlowFile,23B]; routing to relationship simple
[pool-2786-thread-1] INFO org.apache.nifi.processors.standard.RouteText - RouteText[id=38a82a0d-69fc-4d87-a6d1-ec924f6828ee] Routing FlowFile[928,90491262388034.mockFlowFile,23B] to original
[main] DEBUG org.apache.nifi.processors.standard.RouteText - RouteText[id=38a82a0d-69fc-4d87-a6d1-ec924f6828ee] Adding new dynamic property: PropertyDescriptor[simple]
[pool-2787-thread-1] INFO org.apache.nifi.processors.standard.RouteText - RouteText[id=38a82a0d-69fc-4d87-a6d1-ec924f6828ee] Created FlowFile[931,90491262709638.mockFlowFile,23B] from FlowFile[930,90491262709638.mockFlowFile,23B]; routing to relationship simple
[pool-2787-thread-1] INFO org.apache.nifi.processors.standard.RouteText - RouteText[id=38a82a0d-69fc-4d87-a6d1-ec924f6828ee] Routing FlowFile[930,90491262709638.mockFlowFile,23B] to original
[main] DEBUG org.apache.nifi.processors.standard.RouteText - RouteText[id=38a82a0d-69fc-4d87-a6d1-ec924f6828ee] Adding new dynamic property: PropertyDescriptor[simple]
[pool-2788-thread-1] INFO org.apache.nifi.processors.standard.RouteText - RouteText[id=38a82a0d-69fc-4d87-a6d1-ec924f6828ee] Created FlowFile[933,90491263018827.mockFlowFile,23B] from FlowFile[932,90491263018827.mockFlowFile,23B]; routing to relationship simple
[pool-2788-thread-1] INFO org.apache.nifi.processors.standard.RouteText - RouteText[id=38a82a0d-69fc-4d87-a6d1-ec924f6828ee] Routing FlowFile[932,90491263018827.mockFlowFile,23B] to original
[main] DEBUG org.apache.nifi.processors.standard.RouteText - RouteText[id=38a82a0d-69fc-4d87-a6d1-ec924f6828ee] Adding new dynamic property: PropertyDescriptor[simple]
[pool-2789-thread-1] INFO org.apache.nifi.processors.standard.RouteText - RouteText[id=38a82a0d-69fc-4d87-a6d1-ec924f6828ee] Created FlowFile[935,90491263556409.mockFlowFile,23B] from FlowFile[934,90491263556409.mockFlowFile,23B]; routing to relationship simple
[pool-2789-thread-1] INFO org.apache.nifi.processors.standard.RouteText - RouteText[id=38a82a0d-69fc-4d87-a6d1-ec924f6828ee] Routing FlowFile[934,90491263556409.mockFlowFile,23B] to original
[main] DEBUG org.apache.nifi.processors.standard.RouteText - RouteText[id=38a82a0d-69fc-4d87-a6d1-ec924f6828ee] Adding new dynamic property: PropertyDescriptor[simple]
[pool-2790-thread-1] INFO org.apache.nifi.processors.standard.RouteText - RouteText[id=38a82a0d-69fc-4d87-a6d1-ec924f6828ee] Created FlowFile[937,90491263900483.mockFlowFile,23B] from FlowFile[936,90491263900483.mockFlowFile,23B]; routing to relationship simple
[pool-2790-thread-1] INFO org.apache.nifi.processors.standard.RouteText - RouteText[id=38a82a0d-69fc-4d87-a6d1-ec924f6828ee] Routing FlowFile[936,90491263900483.mockFlowFile,23B] to original
[main] DEBUG org.apache.nifi.processors.standard.RouteText - RouteText[id=38a82a0d-69fc-4d87-a6d1-ec924f6828ee] Adding new dynamic property: PropertyDescriptor[simple]
[pool-2791-thread-1] INFO org.apache.nifi.processors.standard.RouteText - RouteText[id=38a82a0d-69fc-4d87-a6d1-ec924f6828ee] Created FlowFile[939,90491264386065.mockFlowFile,23B] from FlowFile[938,90491264386065.mockFlowFile,23B]; routing to relationship simple
[pool-2791-thread-1] INFO org.apache.nifi.processors.standard.RouteText - RouteText[id=38a82a0d-69fc-4d87-a6d1-ec924f6828ee] Routing FlowFile[938,90491264386065.mockFlowFile,23B] to original
[main] DEBUG org.apache.nifi.processors.standard.RouteText - RouteText[id=38a82a0d-69fc-4d87-a6d1-ec924f6828ee] Adding new dynamic property: PropertyDescriptor[simple]
[pool-2792-thread-1] INFO org.apache.nifi.processors.standard.RouteText - RouteText[id=38a82a0d-69fc-4d87-a6d1-ec924f6828ee] Created FlowFile[941,90491264845986.mockFlowFile,23B] from FlowFile[940,90491264845986.mockFlowFile,23B]; routing to relationship simple
[pool-2792-thread-1] INFO org.apache.nifi.processors.standard.RouteText - RouteText[id=38a82a0d-69fc-4d87-a6d1-ec924f6828ee] Routing FlowFile[940,90491264845986.mockFlowFile,23B] to original
[main] DEBUG org.apache.nifi.processors.standard.RouteText - RouteText[id=38a82a0d-69fc-4d87-a6d1-ec924f6828ee] Adding new dynamic property: PropertyDescriptor[simple]
[pool-2793-thread-1] INFO org.apache.nifi.processors.standard.RouteText - RouteText[id=38a82a0d-69fc-4d87-a6d1-ec924f6828ee] Created FlowFile[943,90491265240423.mockFlowFile,23B] from FlowFile[942,90491265240423.mockFlowFile,23B]; routing to relationship simple
[pool-2793-thread-1] INFO org.apache.nifi.processors.standard.RouteText - RouteText[id=38a82a0d-69fc-4d87-a6d1-ec924f6828ee] Routing FlowFile[942,90491265240423.mockFlowFile,23B] to original
[main] DEBUG org.apache.nifi.processors.standard.RouteText - RouteText[id=38a82a0d-69fc-4d87-a6d1-ec924f6828ee] Adding new dynamic property: PropertyDescriptor[simple]
[pool-2794-thread-1] INFO org.apache.nifi.processors.standard.RouteText - RouteText[id=38a82a0d-69fc-4d87-a6d1-ec924f6828ee] Created FlowFile[945,90491265591949.mockFlowFile,23B] from FlowFile[944,90491265591949.mockFlowFile,23B]; routing to relationship simple
[pool-2794-thread-1] INFO org.apache.nifi.processors.standard.RouteText - RouteText[id=38a82a0d-69fc-4d87-a6d1-ec924f6828ee] Routing FlowFile[944,90491265591949.mockFlowFile,23B] to original
[main] DEBUG org.apache.nifi.processors.standard.RouteText - RouteText[id=38a82a0d-69fc-4d87-a6d1-ec924f6828ee] Adding new dynamic property: PropertyDescriptor[simple]
[pool-2795-thread-1] INFO org.apache.nifi.processors.standard.RouteText - RouteText[id=38a82a0d-69fc-4d87-a6d1-ec924f6828ee] Created FlowFile[947,90491265916227.mockFlowFile,23B] from FlowFile[946,90491265916227.mockFlowFile,23B]; routing to relationship simple
[pool-2795-thread-1] INFO org.apache.nifi.processors.standard.RouteText - RouteText[id=38a82a0d-69fc-4d87-a6d1-ec924f6828ee] Routing FlowFile[946,90491265916227.mockFlowFile,23B] to original
[main] DEBUG org.apache.nifi.processors.standard.RouteText - RouteText[id=38a82a0d-69fc-4d87-a6d1-ec924f6828ee] Adding new dynamic property: PropertyDescriptor[simple]
[pool-2796-thread-1] INFO org.apache.nifi.processors.standard.RouteText - RouteText[id=38a82a0d-69fc-4d87-a6d1-ec924f6828ee] Created FlowFile[949,90491266225420.mockFlowFile,23B] from FlowFile[948,90491266225420.mockFlowFile,23B]; routing to relationship simple
[pool-2796-thread-1] INFO org.apache.nifi.processors.standard.RouteText - RouteText[id=38a82a0d-69fc-4d87-a6d1-ec924f6828ee] Routing FlowFile[948,90491266225420.mockFlowFile,23B] to original
[main] DEBUG org.apache.nifi.processors.standard.RouteText - RouteText[id=38a82a0d-69fc-4d87-a6d1-ec924f6828ee] Adding new dynamic property: PropertyDescriptor[simple]
[pool-2797-thread-1] INFO org.apache.nifi.processors.standard.RouteText - RouteText[id=38a82a0d-69fc-4d87-a6d1-ec924f6828ee] Created FlowFile[951,90491266531540.mockFlowFile,23B] from FlowFile[950,90491266531540.mockFlowFile,23B]; routing to relationship simple
[pool-2797-thread-1] INFO org.apache.nifi.processors.standard.RouteText - RouteText[id=38a82a0d-69fc-4d87-a6d1-ec924f6828ee] Routing FlowFile[950,90491266531540.mockFlowFile,23B] to original
[main] DEBUG org.apache.nifi.processors.standard.RouteText - RouteText[id=38a82a0d-69fc-4d87-a6d1-ec924f6828ee] Adding new dynamic property: PropertyDescriptor[simple]
[pool-2798-thread-1] INFO org.apache.nifi.processors.standard.RouteText - RouteText[id=38a82a0d-69fc-4d87-a6d1-ec924f6828ee] Created FlowFile[953,90491266846028.mockFlowFile,23B] from FlowFile[952,90491266846028.mockFlowFile,23B]; routing to relationship simple
[pool-2798-thread-1] INFO org.apache.nifi.processors.standard.RouteText - RouteText[id=38a82a0d-69fc-4d87-a6d1-ec924f6828ee] Routing FlowFile[952,90491266846028.mockFlowFile,23B] to original
[main] DEBUG org.apache.nifi.processors.standard.RouteText - RouteText[id=38a82a0d-69fc-4d87-a6d1-ec924f6828ee] Adding new dynamic property: PropertyDescriptor[simple]
[pool-2799-thread-1] INFO org.apache.nifi.processors.standard.RouteText - RouteText[id=38a82a0d-69fc-4d87-a6d1-ec924f6828ee] Created FlowFile[955,90491267246537.mockFlowFile,23B] from FlowFile[954,90491267246537.mockFlowFile,23B]; routing to relationship simple
[pool-2799-thread-1] INFO org.apache.nifi.processors.standard.RouteText - RouteText[id=38a82a0d-69fc-4d87-a6d1-ec924f6828ee] Routing FlowFile[954,90491267246537.mockFlowFile,23B] to original
[main] DEBUG org.apache.nifi.processors.standard.RouteText - RouteText[id=38a82a0d-69fc-4d87-a6d1-ec924f6828ee] Adding new dynamic property: PropertyDescriptor[simple]
[pool-2800-thread-1] INFO org.apache.nifi.processors.standard.RouteText - RouteText[id=38a82a0d-69fc-4d87-a6d1-ec924f6828ee] Created FlowFile[957,90491267623537.mockFlowFile,23B] from FlowFile[956,90491267623537.mockFlowFile,23B]; routing to relationship simple
[pool-2800-thread-1] INFO org.apache.nifi.processors.standard.RouteText - RouteText[id=38a82a0d-69fc-4d87-a6d1-ec924f6828ee] Routing FlowFile[956,90491267623537.mockFlowFile,23B] to original
[main] DEBUG org.apache.nifi.processors.standard.RouteText - RouteText[id=38a82a0d-69fc-4d87-a6d1-ec924f6828ee] Adding new dynamic property: PropertyDescriptor[simple]
[pool-2801-thread-1] INFO org.apache.nifi.processors.standard.RouteText - RouteText[id=38a82a0d-69fc-4d87-a6d1-ec924f6828ee] Created FlowFile[959,90491267940375.mockFlowFile,23B] from FlowFile[958,90491267940375.mockFlowFile,23B]; routing to relationship simple
[pool-2801-thread-1] INFO org.apache.nifi.processors.standard.RouteText - RouteText[id=38a82a0d-69fc-4d87-a6d1-ec924f6828ee] Routing FlowFile[958,90491267940375.mockFlowFile,23B] to original
[main] DEBUG org.apache.nifi.processors.standard.RouteText - RouteText[id=38a82a0d-69fc-4d87-a6d1-ec924f6828ee] Adding new dynamic property: PropertyDescriptor[simple]
[pool-2802-thread-1] INFO org.apache.nifi.processors.standard.RouteText - RouteText[id=38a82a0d-69fc-4d87-a6d1-ec924f6828ee] Created FlowFile[961,90491268353077.mockFlowFile,23B] from FlowFile[960,90491268353077.mockFlowFile,23B]; routing to relationship simple
[pool-2802-thread-1] INFO org.apache.nifi.processors.standard.RouteText - RouteText[id=38a82a0d-69fc-4d87-a6d1-ec924f6828ee] Routing FlowFile[960,90491268353077.mockFlowFile,23B] to original
[main] DEBUG org.apache.nifi.processors.standard.RouteText - RouteText[id=38a82a0d-69fc-4d87-a6d1-ec924f6828ee] Adding new dynamic property: PropertyDescriptor[simple]
[pool-2803-thread-1] INFO org.apache.nifi.processors.standard.RouteText - RouteText[id=38a82a0d-69fc-4d87-a6d1-ec924f6828ee] Created FlowFile[963,90491268753846.mockFlowFile,23B] from FlowFile[962,90491268753846.mockFlowFile,23B]; routing to relationship simple
[pool-2803-thread-1] INFO org.apache.nifi.processors.standard.RouteText - RouteText[id=38a82a0d-69fc-4d87-a6d1-ec924f6828ee] Routing FlowFile[962,90491268753846.mockFlowFile,23B] to original
[main] DEBUG org.apache.nifi.processors.standard.RouteText - RouteText[id=38a82a0d-69fc-4d87-a6d1-ec924f6828ee] Adding new dynamic property: PropertyDescriptor[simple]
[pool-2804-thread-1] INFO org.apache.nifi.processors.standard.RouteText - RouteText[id=38a82a0d-69fc-4d87-a6d1-ec924f6828ee] Created FlowFile[965,90491269078512.mockFlowFile,23B] from FlowFile[964,90491269078512.mockFlowFile,23B]; routing to relationship simple
[pool-2804-thread-1] INFO org.apache.nifi.processors.standard.RouteText - RouteText[id=38a82a0d-69fc-4d87-a6d1-ec924f6828ee] Routing FlowFile[964,90491269078512.mockFlowFile,23B] to original
[main] DEBUG org.apache.nifi.processors.standard.RouteText - RouteText[id=38a82a0d-69fc-4d87-a6d1-ec924f6828ee] Adding new dynamic property: PropertyDescriptor[simple]
[pool-2805-thread-1] INFO org.apache.nifi.processors.standard.RouteText - RouteText[id=38a82a0d-69fc-4d87-a6d1-ec924f6828ee] Created FlowFile[967,90491269388854.mockFlowFile,23B] from FlowFile[966,90491269388854.mockFlowFile,23B]; routing to relationship simple
[pool-2805-thread-1] INFO org.apache.nifi.processors.standard.RouteText - RouteText[id=38a82a0d-69fc-4d87-a6d1-ec924f6828ee] Routing FlowFile[966,90491269388854.mockFlowFile,23B] to original
[main] DEBUG org.apache.nifi.processors.standard.RouteText - RouteText[id=38a82a0d-69fc-4d87-a6d1-ec924f6828ee] Adding new dynamic property: PropertyDescriptor[simple]
[pool-2806-thread-1] INFO org.apache.nifi.processors.standard.RouteText - RouteText[id=38a82a0d-69fc-4d87-a6d1-ec924f6828ee] Created FlowFile[969,90491269838664.mockFlowFile,23B] from FlowFile[968,90491269838664.mockFlowFile,23B]; routing to relationship simple
[pool-2806-thread-1] INFO org.apache.nifi.processors.standard.RouteText - RouteText[id=38a82a0d-69fc-4d87-a6d1-ec924f6828ee] Routing FlowFile[968,90491269838664.mockFlowFile,23B] to original
[main] DEBUG org.apache.nifi.processors.standard.RouteText - RouteText[id=38a82a0d-69fc-4d87-a6d1-ec924f6828ee] Adding new dynamic property: PropertyDescriptor[simple]
[pool-2807-thread-1] INFO org.apache.nifi.processors.standard.RouteText - RouteText[id=38a82a0d-69fc-4d87-a6d1-ec924f6828ee] Created FlowFile[971,90491270336110.mockFlowFile,23B] from FlowFile[970,90491270336110.mockFlowFile,23B]; routing to relationship simple
[pool-2807-thread-1] INFO org.apache.nifi.processors.standard.RouteText - RouteText[id=38a82a0d-69fc-4d87-a6d1-ec924f6828ee] Routing FlowFile[970,90491270336110.mockFlowFile,23B] to original
[main] DEBUG org.apache.nifi.processors.standard.RouteText - RouteText[id=38a82a0d-69fc-4d87-a6d1-ec924f6828ee] Adding new dynamic property: PropertyDescriptor[simple]
[pool-2808-thread-1] INFO org.apache.nifi.processors.standard.RouteText - RouteText[id=38a82a0d-69fc-4d87-a6d1-ec924f6828ee] Created FlowFile[973,90491270719702.mockFlowFile,23B] from FlowFile[972,90491270719702.mockFlowFile,23B]; routing to relationship simple
[pool-2808-thread-1] INFO org.apache.nifi.processors.standard.RouteText - RouteText[id=38a82a0d-69fc-4d87-a6d1-ec924f6828ee] Routing FlowFile[972,90491270719702.mockFlowFile,23B] to original
[main] DEBUG org.apache.nifi.processors.standard.RouteText - RouteText[id=38a82a0d-69fc-4d87-a6d1-ec924f6828ee] Adding new dynamic property: PropertyDescriptor[simple]
[pool-2809-thread-1] INFO org.apache.nifi.processors.standard.RouteText - RouteText[id=38a82a0d-69fc-4d87-a6d1-ec924f6828ee] Created FlowFile[975,90491271032733.mockFlowFile,23B] from FlowFile[974,90491271032733.mockFlowFile,23B]; routing to relationship simple
[pool-2809-thread-1] INFO org.apache.nifi.processors.standard.RouteText - RouteText[id=38a82a0d-69fc-4d87-a6d1-ec924f6828ee] Routing FlowFile[974,90491271032733.mockFlowFile,23B] to original
[main] DEBUG org.apache.nifi.processors.standard.RouteText - RouteText[id=38a82a0d-69fc-4d87-a6d1-ec924f6828ee] Adding new dynamic property: PropertyDescriptor[simple]
[pool-2810-thread-1] INFO org.apache.nifi.processors.standard.RouteText - RouteText[id=38a82a0d-69fc-4d87-a6d1-ec924f6828ee] Created FlowFile[977,90491271480381.mockFlowFile,23B] from FlowFile[976,90491271480381.mockFlowFile,23B]; routing to relationship simple
[pool-2810-thread-1] INFO org.apache.nifi.processors.standard.RouteText - RouteText[id=38a82a0d-69fc-4d87-a6d1-ec924f6828ee] Routing FlowFile[976,90491271480381.mockFlowFile,23B] to original
[main] DEBUG org.apache.nifi.processors.standard.RouteText - RouteText[id=38a82a0d-69fc-4d87-a6d1-ec924f6828ee] Adding new dynamic property: PropertyDescriptor[simple]
[pool-2811-thread-1] INFO org.apache.nifi.processors.standard.RouteText - RouteText[id=38a82a0d-69fc-4d87-a6d1-ec924f6828ee] Created FlowFile[979,90491271799782.mockFlowFile,23B] from FlowFile[978,90491271799782.mockFlowFile,23B]; routing to relationship simple
[pool-2811-thread-1] INFO org.apache.nifi.processors.standard.RouteText - RouteText[id=38a82a0d-69fc-4d87-a6d1-ec924f6828ee] Routing FlowFile[978,90491271799782.mockFlowFile,23B] to original
[main] DEBUG org.apache.nifi.processors.standard.RouteText - RouteText[id=38a82a0d-69fc-4d87-a6d1-ec924f6828ee] Adding new dynamic property: PropertyDescriptor[simple]
[pool-2812-thread-1] INFO org.apache.nifi.processors.standard.RouteText - RouteText[id=38a82a0d-69fc-4d87-a6d1-ec924f6828ee] Created FlowFile[981,90491272244733.mockFlowFile,23B] from FlowFile[980,90491272244733.mockFlowFile,23B]; routing to relationship simple
[pool-2812-thread-1] INFO org.apache.nifi.processors.standard.RouteText - RouteText[id=38a82a0d-69fc-4d87-a6d1-ec924f6828ee] Routing FlowFile[980,90491272244733.mockFlowFile,23B] to original
[main] DEBUG org.apache.nifi.processors.standard.RouteText - RouteText[id=38a82a0d-69fc-4d87-a6d1-ec924f6828ee] Adding new dynamic property: PropertyDescriptor[simple]
[pool-2813-thread-1] INFO org.apache.nifi.processors.standard.RouteText - RouteText[id=38a82a0d-69fc-4d87-a6d1-ec924f6828ee] Created FlowFile[983,90491272683933.mockFlowFile,23B] from FlowFile[982,90491272683933.mockFlowFile,23B]; routing to relationship simple
[pool-2813-thread-1] INFO org.apache.nifi.processors.standard.RouteText - RouteText[id=38a82a0d-69fc-4d87-a6d1-ec924f6828ee] Routing FlowFile[982,90491272683933.mockFlowFile,23B] to original
[main] DEBUG org.apache.nifi.processors.standard.RouteText - RouteText[id=38a82a0d-69fc-4d87-a6d1-ec924f6828ee] Adding new dynamic property: PropertyDescriptor[simple]
[pool-2814-thread-1] INFO org.apache.nifi.processors.standard.RouteText - RouteText[id=38a82a0d-69fc-4d87-a6d1-ec924f6828ee] Created FlowFile[985,90491273104818.mockFlowFile,23B] from FlowFile[984,90491273104818.mockFlowFile,23B]; routing to relationship simple
[pool-2814-thread-1] INFO org.apache.nifi.processors.standard.RouteText - RouteText[id=38a82a0d-69fc-4d87-a6d1-ec924f6828ee] Routing FlowFile[984,90491273104818.mockFlowFile,23B] to original
[main] DEBUG org.apache.nifi.processors.standard.RouteText - RouteText[id=38a82a0d-69fc-4d87-a6d1-ec924f6828ee] Adding new dynamic property: PropertyDescriptor[simple]
[pool-2815-thread-1] INFO org.apache.nifi.processors.standard.RouteText - RouteText[id=38a82a0d-69fc-4d87-a6d1-ec924f6828ee] Created FlowFile[987,90491273509162.mockFlowFile,23B] from FlowFile[986,90491273509162.mockFlowFile,23B]; routing to relationship simple
[pool-2815-thread-1] INFO org.apache.nifi.processors.standard.RouteText - RouteText[id=38a82a0d-69fc-4d87-a6d1-ec924f6828ee] Routing FlowFile[986,90491273509162.mockFlowFile,23B] to original
[main] DEBUG org.apache.nifi.processors.standard.RouteText - RouteText[id=38a82a0d-69fc-4d87-a6d1-ec924f6828ee] Adding new dynamic property: PropertyDescriptor[simple]
[pool-2816-thread-1] INFO org.apache.nifi.processors.standard.RouteText - RouteText[id=38a82a0d-69fc-4d87-a6d1-ec924f6828ee] Created FlowFile[989,90491273815973.mockFlowFile,23B] from FlowFile[988,90491273815973.mockFlowFile,23B]; routing to relationship simple
[pool-2816-thread-1] INFO org.apache.nifi.processors.standard.RouteText - RouteText[id=38a82a0d-69fc-4d87-a6d1-ec924f6828ee] Routing FlowFile[988,90491273815973.mockFlowFile,23B] to original
[main] DEBUG org.apache.nifi.processors.standard.RouteText - RouteText[id=38a82a0d-69fc-4d87-a6d1-ec924f6828ee] Adding new dynamic property: PropertyDescriptor[simple]
[pool-2817-thread-1] INFO org.apache.nifi.processors.standard.RouteText - RouteText[id=38a82a0d-69fc-4d87-a6d1-ec924f6828ee] Created FlowFile[991,90491274113336.mockFlowFile,23B] from FlowFile[990,90491274113336.mockFlowFile,23B]; routing to relationship simple
[pool-2817-thread-1] INFO org.apache.nifi.processors.standard.RouteText - RouteText[id=38a82a0d-69fc-4d87-a6d1-ec924f6828ee] Routing FlowFile[990,90491274113336.mockFlowFile,23B] to original
[main] DEBUG org.apache.nifi.processors.standard.RouteText - RouteText[id=38a82a0d-69fc-4d87-a6d1-ec924f6828ee] Adding new dynamic property: PropertyDescriptor[simple]
[pool-2818-thread-1] INFO org.apache.nifi.processors.standard.RouteText - RouteText[id=38a82a0d-69fc-4d87-a6d1-ec924f6828ee] Created FlowFile[993,90491274412843.mockFlowFile,23B] from FlowFile[992,90491274412843.mockFlowFile,23B]; routing to relationship simple
[pool-2818-thread-1] INFO org.apache.nifi.processors.standard.RouteText - RouteText[id=38a82a0d-69fc-4d87-a6d1-ec924f6828ee] Routing FlowFile[992,90491274412843.mockFlowFile,23B] to original
[main] DEBUG org.apache.nifi.processors.standard.RouteText - RouteText[id=38a82a0d-69fc-4d87-a6d1-ec924f6828ee] Adding new dynamic property: PropertyDescriptor[simple]
[pool-2819-thread-1] INFO org.apache.nifi.processors.standard.RouteText - RouteText[id=38a82a0d-69fc-4d87-a6d1-ec924f6828ee] Created FlowFile[995,90491274710846.mockFlowFile,23B] from FlowFile[994,90491274710846.mockFlowFile,23B]; routing to relationship simple
[pool-2819-thread-1] INFO org.apache.nifi.processors.standard.RouteText - RouteText[id=38a82a0d-69fc-4d87-a6d1-ec924f6828ee] Routing FlowFile[994,90491274710846.mockFlowFile,23B] to original
[main] DEBUG org.apache.nifi.processors.standard.RouteText - RouteText[id=38a82a0d-69fc-4d87-a6d1-ec924f6828ee] Adding new dynamic property: PropertyDescriptor[simple]
[pool-2820-thread-1] INFO org.apache.nifi.processors.standard.RouteText - RouteText[id=38a82a0d-69fc-4d87-a6d1-ec924f6828ee] Created FlowFile[997,90491275011603.mockFlowFile,23B] from FlowFile[996,90491275011603.mockFlowFile,23B]; routing to relationship simple
[pool-2820-thread-1] INFO org.apache.nifi.processors.standard.RouteText - RouteText[id=38a82a0d-69fc-4d87-a6d1-ec924f6828ee] Routing FlowFile[996,90491275011603.mockFlowFile,23B] to original
[main] DEBUG org.apache.nifi.processors.standard.RouteText - RouteText[id=38a82a0d-69fc-4d87-a6d1-ec924f6828ee] Adding new dynamic property: PropertyDescriptor[simple]
[pool-2821-thread-1] INFO org.apache.nifi.processors.standard.RouteText - RouteText[id=38a82a0d-69fc-4d87-a6d1-ec924f6828ee] Created FlowFile[999,90491275463608.mockFlowFile,23B] from FlowFile[998,90491275463608.mockFlowFile,23B]; routing to relationship simple
[pool-2821-thread-1] INFO org.apache.nifi.processors.standard.RouteText - RouteText[id=38a82a0d-69fc-4d87-a6d1-ec924f6828ee] Routing FlowFile[998,90491275463608.mockFlowFile,23B] to original
[main] DEBUG org.apache.nifi.processors.standard.RouteText - RouteText[id=38a82a0d-69fc-4d87-a6d1-ec924f6828ee] Adding new dynamic property: PropertyDescriptor[simple]
[pool-2822-thread-1] INFO org.apache.nifi.processors.standard.RouteText - RouteText[id=38a82a0d-69fc-4d87-a6d1-ec924f6828ee] Created FlowFile[1001,90491275825410.mockFlowFile,23B] from FlowFile[1000,90491275825410.mockFlowFile,23B]; routing to relationship simple
[pool-2822-thread-1] INFO org.apache.nifi.processors.standard.RouteText - RouteText[id=38a82a0d-69fc-4d87-a6d1-ec924f6828ee] Routing FlowFile[1000,90491275825410.mockFlowFile,23B] to original
[main] DEBUG org.apache.nifi.processors.standard.RouteText - RouteText[id=38a82a0d-69fc-4d87-a6d1-ec924f6828ee] Adding new dynamic property: PropertyDescriptor[simple]
[pool-2823-thread-1] INFO org.apache.nifi.processors.standard.RouteText - RouteText[id=38a82a0d-69fc-4d87-a6d1-ec924f6828ee] Created FlowFile[1003,90491276260768.mockFlowFile,23B] from FlowFile[1002,90491276260768.mockFlowFile,23B]; routing to relationship simple
[pool-2823-thread-1] INFO org.apache.nifi.processors.standard.RouteText - RouteText[id=38a82a0d-69fc-4d87-a6d1-ec924f6828ee] Routing FlowFile[1002,90491276260768.mockFlowFile,23B] to original
[main] DEBUG org.apache.nifi.processors.standard.RouteText - RouteText[id=38a82a0d-69fc-4d87-a6d1-ec924f6828ee] Adding new dynamic property: PropertyDescriptor[simple]
[pool-2824-thread-1] INFO org.apache.nifi.processors.standard.RouteText - RouteText[id=38a82a0d-69fc-4d87-a6d1-ec924f6828ee] Created FlowFile[1005,90491276714563.mockFlowFile,23B] from FlowFile[1004,90491276714563.mockFlowFile,23B]; routing to relationship simple
[pool-2824-thread-1] INFO org.apache.nifi.processors.standard.RouteText - RouteText[id=38a82a0d-69fc-4d87-a6d1-ec924f6828ee] Routing FlowFile[1004,90491276714563.mockFlowFile,23B] to original
[main] DEBUG org.apache.nifi.processors.standard.RouteText - RouteText[id=38a82a0d-69fc-4d87-a6d1-ec924f6828ee] Adding new dynamic property: PropertyDescriptor[simple]
[pool-2825-thread-1] INFO org.apache.nifi.processors.standard.RouteText - RouteText[id=38a82a0d-69fc-4d87-a6d1-ec924f6828ee] Created FlowFile[1007,90491277107679.mockFlowFile,23B] from FlowFile[1006,90491277107679.mockFlowFile,23B]; routing to relationship simple
[pool-2825-thread-1] INFO org.apache.nifi.processors.standard.RouteText - RouteText[id=38a82a0d-69fc-4d87-a6d1-ec924f6828ee] Routing FlowFile[1006,90491277107679.mockFlowFile,23B] to original
[main] DEBUG org.apache.nifi.processors.standard.RouteText - RouteText[id=38a82a0d-69fc-4d87-a6d1-ec924f6828ee] Adding new dynamic property: PropertyDescriptor[simple]
[pool-2826-thread-1] INFO org.apache.nifi.processors.standard.RouteText - RouteText[id=38a82a0d-69fc-4d87-a6d1-ec924f6828ee] Created FlowFile[1009,90491277436073.mockFlowFile,23B] from FlowFile[1008,90491277436073.mockFlowFile,23B]; routing to relationship simple
[pool-2826-thread-1] INFO org.apache.nifi.processors.standard.RouteText - RouteText[id=38a82a0d-69fc-4d87-a6d1-ec924f6828ee] Routing FlowFile[1008,90491277436073.mockFlowFile,23B] to original
[main] DEBUG org.apache.nifi.processors.standard.RouteText - RouteText[id=38a82a0d-69fc-4d87-a6d1-ec924f6828ee] Adding new dynamic property: PropertyDescriptor[simple]
[pool-2827-thread-1] INFO org.apache.nifi.processors.standard.RouteText - RouteText[id=38a82a0d-69fc-4d87-a6d1-ec924f6828ee] Created FlowFile[1011,90491277752693.mockFlowFile,23B] from FlowFile[1010,90491277752693.mockFlowFile,23B]; routing to relationship simple
[pool-2827-thread-1] INFO org.apache.nifi.processors.standard.RouteText - RouteText[id=38a82a0d-69fc-4d87-a6d1-ec924f6828ee] Routing FlowFile[1010,90491277752693.mockFlowFile,23B] to original
[main] DEBUG org.apache.nifi.processors.standard.RouteText - RouteText[id=38a82a0d-69fc-4d87-a6d1-ec924f6828ee] Adding new dynamic property: PropertyDescriptor[simple]
[pool-2828-thread-1] INFO org.apache.nifi.processors.standard.RouteText - RouteText[id=38a82a0d-69fc-4d87-a6d1-ec924f6828ee] Created FlowFile[1013,90491278097157.mockFlowFile,23B] from FlowFile[1012,90491278097157.mockFlowFile,23B]; routing to relationship simple
[pool-2828-thread-1] INFO org.apache.nifi.processors.standard.RouteText - RouteText[id=38a82a0d-69fc-4d87-a6d1-ec924f6828ee] Routing FlowFile[1012,90491278097157.mockFlowFile,23B] to original
[main] DEBUG org.apache.nifi.processors.standard.RouteText - RouteText[id=38a82a0d-69fc-4d87-a6d1-ec924f6828ee] Adding new dynamic property: PropertyDescriptor[simple]
[pool-2829-thread-1] INFO org.apache.nifi.processors.standard.RouteText - RouteText[id=38a82a0d-69fc-4d87-a6d1-ec924f6828ee] Created FlowFile[1015,90491278478400.mockFlowFile,23B] from FlowFile[1014,90491278478400.mockFlowFile,23B]; routing to relationship simple
[pool-2829-thread-1] INFO org.apache.nifi.processors.standard.RouteText - RouteText[id=38a82a0d-69fc-4d87-a6d1-ec924f6828ee] Routing FlowFile[1014,90491278478400.mockFlowFile,23B] to original
[main] DEBUG org.apache.nifi.processors.standard.RouteText - RouteText[id=38a82a0d-69fc-4d87-a6d1-ec924f6828ee] Adding new dynamic property: PropertyDescriptor[simple]
[pool-2830-thread-1] INFO org.apache.nifi.processors.standard.RouteText - RouteText[id=38a82a0d-69fc-4d87-a6d1-ec924f6828ee] Created FlowFile[1017,90491279076018.mockFlowFile,23B] from FlowFile[1016,90491279076018.mockFlowFile,23B]; routing to relationship simple
[pool-2830-thread-1] INFO org.apache.nifi.processors.standard.RouteText - RouteText[id=38a82a0d-69fc-4d87-a6d1-ec924f6828ee] Routing FlowFile[1016,90491279076018.mockFlowFile,23B] to original
[main] DEBUG org.apache.nifi.processors.standard.RouteText - RouteText[id=38a82a0d-69fc-4d87-a6d1-ec924f6828ee] Adding new dynamic property: PropertyDescriptor[simple]
[pool-2831-thread-1] INFO org.apache.nifi.processors.standard.RouteText - RouteText[id=38a82a0d-69fc-4d87-a6d1-ec924f6828ee] Created FlowFile[1019,90491279734885.mockFlowFile,23B] from FlowFile[1018,90491279734885.mockFlowFile,23B]; routing to relationship simple
[pool-2831-thread-1] INFO org.apache.nifi.processors.standard.RouteText - RouteText[id=38a82a0d-69fc-4d87-a6d1-ec924f6828ee] Routing FlowFile[1018,90491279734885.mockFlowFile,23B] to original
[main] DEBUG org.apache.nifi.processors.standard.RouteText - RouteText[id=38a82a0d-69fc-4d87-a6d1-ec924f6828ee] Adding new dynamic property: PropertyDescriptor[simple]
[pool-2832-thread-1] INFO org.apache.nifi.processors.standard.RouteText - RouteText[id=38a82a0d-69fc-4d87-a6d1-ec924f6828ee] Created FlowFile[1021,90491280456614.mockFlowFile,23B] from FlowFile[1020,90491280456614.mockFlowFile,23B]; routing to relationship simple
[pool-2832-thread-1] INFO org.apache.nifi.processors.standard.RouteText - RouteText[id=38a82a0d-69fc-4d87-a6d1-ec924f6828ee] Routing FlowFile[1020,90491280456614.mockFlowFile,23B] to original
[main] DEBUG org.apache.nifi.processors.standard.RouteText - RouteText[id=38a82a0d-69fc-4d87-a6d1-ec924f6828ee] Adding new dynamic property: PropertyDescriptor[simple]
[pool-2833-thread-1] INFO org.apache.nifi.processors.standard.RouteText - RouteText[id=38a82a0d-69fc-4d87-a6d1-ec924f6828ee] Created FlowFile[1023,90491281112112.mockFlowFile,23B] from FlowFile[1022,90491281112112.mockFlowFile,23B]; routing to relationship simple
[pool-2833-thread-1] INFO org.apache.nifi.processors.standard.RouteText - RouteText[id=38a82a0d-69fc-4d87-a6d1-ec924f6828ee] Routing FlowFile[1022,90491281112112.mockFlowFile,23B] to original
[main] DEBUG org.apache.nifi.processors.standard.RouteText - RouteText[id=38a82a0d-69fc-4d87-a6d1-ec924f6828ee] Adding new dynamic property: PropertyDescriptor[simple]
[pool-2834-thread-1] INFO org.apache.nifi.processors.standard.RouteText - RouteText[id=38a82a0d-69fc-4d87-a6d1-ec924f6828ee] Created FlowFile[1025,90491281708453.mockFlowFile,23B] from FlowFile[1024,90491281708453.mockFlowFile,23B]; routing to relationship simple
[pool-2834-thread-1] INFO org.apache.nifi.processors.standard.RouteText - RouteText[id=38a82a0d-69fc-4d87-a6d1-ec924f6828ee] Routing FlowFile[1024,90491281708453.mockFlowFile,23B] to original
[main] DEBUG org.apache.nifi.processors.standard.RouteText - RouteText[id=38a82a0d-69fc-4d87-a6d1-ec924f6828ee] Adding new dynamic property: PropertyDescriptor[simple]
[pool-2835-thread-1] INFO org.apache.nifi.processors.standard.RouteText - RouteText[id=38a82a0d-69fc-4d87-a6d1-ec924f6828ee] Created FlowFile[1027,90491282267043.mockFlowFile,23B] from FlowFile[1026,90491282267043.mockFlowFile,23B]; routing to relationship simple
[pool-2835-thread-1] INFO org.apache.nifi.processors.standard.RouteText - RouteText[id=38a82a0d-69fc-4d87-a6d1-ec924f6828ee] Routing FlowFile[1026,90491282267043.mockFlowFile,23B] to original
[main] DEBUG org.apache.nifi.processors.standard.RouteText - RouteText[id=38a82a0d-69fc-4d87-a6d1-ec924f6828ee] Adding new dynamic property: PropertyDescriptor[simple]
[pool-2836-thread-1] INFO org.apache.nifi.processors.standard.RouteText - RouteText[id=38a82a0d-69fc-4d87-a6d1-ec924f6828ee] Created FlowFile[1029,90491282859532.mockFlowFile,23B] from FlowFile[1028,90491282859532.mockFlowFile,23B]; routing to relationship simple
[pool-2836-thread-1] INFO org.apache.nifi.processors.standard.RouteText - RouteText[id=38a82a0d-69fc-4d87-a6d1-ec924f6828ee] Routing FlowFile[1028,90491282859532.mockFlowFile,23B] to original
[main] DEBUG org.apache.nifi.processors.standard.RouteText - RouteText[id=38a82a0d-69fc-4d87-a6d1-ec924f6828ee] Adding new dynamic property: PropertyDescriptor[simple]
[pool-2837-thread-1] INFO org.apache.nifi.processors.standard.RouteText - RouteText[id=38a82a0d-69fc-4d87-a6d1-ec924f6828ee] Created FlowFile[1031,90491283564688.mockFlowFile,23B] from FlowFile[1030,90491283564688.mockFlowFile,23B]; routing to relationship simple
[pool-2837-thread-1] INFO org.apache.nifi.processors.standard.RouteText - RouteText[id=38a82a0d-69fc-4d87-a6d1-ec924f6828ee] Routing FlowFile[1030,90491283564688.mockFlowFile,23B] to original
[main] DEBUG org.apache.nifi.processors.standard.RouteText - RouteText[id=38a82a0d-69fc-4d87-a6d1-ec924f6828ee] Adding new dynamic property: PropertyDescriptor[simple]
[pool-2838-thread-1] INFO org.apache.nifi.processors.standard.RouteText - RouteText[id=38a82a0d-69fc-4d87-a6d1-ec924f6828ee] Created FlowFile[1033,90491284030077.mockFlowFile,23B] from FlowFile[1032,90491284030077.mockFlowFile,23B]; routing to relationship simple
[pool-2838-thread-1] INFO org.apache.nifi.processors.standard.RouteText - RouteText[id=38a82a0d-69fc-4d87-a6d1-ec924f6828ee] Routing FlowFile[1032,90491284030077.mockFlowFile,23B] to original
[main] DEBUG org.apache.nifi.processors.standard.RouteText - RouteText[id=38a82a0d-69fc-4d87-a6d1-ec924f6828ee] Adding new dynamic property: PropertyDescriptor[simple]
[pool-2839-thread-1] INFO org.apache.nifi.processors.standard.RouteText - RouteText[id=38a82a0d-69fc-4d87-a6d1-ec924f6828ee] Created FlowFile[1035,90491284514788.mockFlowFile,23B] from FlowFile[1034,90491284514788.mockFlowFile,23B]; routing to relationship simple
[pool-2839-thread-1] INFO org.apache.nifi.processors.standard.RouteText - RouteText[id=38a82a0d-69fc-4d87-a6d1-ec924f6828ee] Routing FlowFile[1034,90491284514788.mockFlowFile,23B] to original
[main] DEBUG org.apache.nifi.processors.standard.RouteText - RouteText[id=38a82a0d-69fc-4d87-a6d1-ec924f6828ee] Adding new dynamic property: PropertyDescriptor[simple]
[pool-2840-thread-1] INFO org.apache.nifi.processors.standard.RouteText - RouteText[id=38a82a0d-69fc-4d87-a6d1-ec924f6828ee] Created FlowFile[1037,90491284931086.mockFlowFile,23B] from FlowFile[1036,90491284931086.mockFlowFile,23B]; routing to relationship simple
[pool-2840-thread-1] INFO org.apache.nifi.processors.standard.RouteText - RouteText[id=38a82a0d-69fc-4d87-a6d1-ec924f6828ee] Routing FlowFile[1036,90491284931086.mockFlowFile,23B] to original
[main] DEBUG org.apache.nifi.processors.standard.RouteText - RouteText[id=38a82a0d-69fc-4d87-a6d1-ec924f6828ee] Adding new dynamic property: PropertyDescriptor[simple]
[pool-2841-thread-1] INFO org.apache.nifi.processors.standard.RouteText - RouteText[id=38a82a0d-69fc-4d87-a6d1-ec924f6828ee] Created FlowFile[1039,90491285309764.mockFlowFile,23B] from FlowFile[1038,90491285309764.mockFlowFile,23B]; routing to relationship simple
[pool-2841-thread-1] INFO org.apache.nifi.processors.standard.RouteText - RouteText[id=38a82a0d-69fc-4d87-a6d1-ec924f6828ee] Routing FlowFile[1038,90491285309764.mockFlowFile,23B] to original
[main] DEBUG org.apache.nifi.processors.standard.RouteText - RouteText[id=38a82a0d-69fc-4d87-a6d1-ec924f6828ee] Adding new dynamic property: PropertyDescriptor[simple]
[pool-2842-thread-1] INFO org.apache.nifi.processors.standard.RouteText - RouteText[id=38a82a0d-69fc-4d87-a6d1-ec924f6828ee] Created FlowFile[1041,90491285744051.mockFlowFile,23B] from FlowFile[1040,90491285744051.mockFlowFile,23B]; routing to relationship simple
[pool-2842-thread-1] INFO org.apache.nifi.processors.standard.RouteText - RouteText[id=38a82a0d-69fc-4d87-a6d1-ec924f6828ee] Routing FlowFile[1040,90491285744051.mockFlowFile,23B] to original
[main] DEBUG org.apache.nifi.processors.standard.RouteText - RouteText[id=38a82a0d-69fc-4d87-a6d1-ec924f6828ee] Adding new dynamic property: PropertyDescriptor[simple]
[pool-2843-thread-1] INFO org.apache.nifi.processors.standard.RouteText - RouteText[id=38a82a0d-69fc-4d87-a6d1-ec924f6828ee] Created FlowFile[1043,90491286125042.mockFlowFile,23B] from FlowFile[1042,90491286125042.mockFlowFile,23B]; routing to relationship simple
[pool-2843-thread-1] INFO org.apache.nifi.processors.standard.RouteText - RouteText[id=38a82a0d-69fc-4d87-a6d1-ec924f6828ee] Routing FlowFile[1042,90491286125042.mockFlowFile,23B] to original
[main] DEBUG org.apache.nifi.processors.standard.RouteText - RouteText[id=38a82a0d-69fc-4d87-a6d1-ec924f6828ee] Adding new dynamic property: PropertyDescriptor[simple]
[pool-2844-thread-1] INFO org.apache.nifi.processors.standard.RouteText - RouteText[id=38a82a0d-69fc-4d87-a6d1-ec924f6828ee] Created FlowFile[1045,90491286481963.mockFlowFile,23B] from FlowFile[1044,90491286481963.mockFlowFile,23B]; routing to relationship simple
[pool-2844-thread-1] INFO org.apache.nifi.processors.standard.RouteText - RouteText[id=38a82a0d-69fc-4d87-a6d1-ec924f6828ee] Routing FlowFile[1044,90491286481963.mockFlowFile,23B] to original
[main] DEBUG org.apache.nifi.processors.standard.RouteText - RouteText[id=38a82a0d-69fc-4d87-a6d1-ec924f6828ee] Adding new dynamic property: PropertyDescriptor[simple]
[pool-2845-thread-1] INFO org.apache.nifi.processors.standard.RouteText - RouteText[id=38a82a0d-69fc-4d87-a6d1-ec924f6828ee] Created FlowFile[1047,90491286780822.mockFlowFile,23B] from FlowFile[1046,90491286780822.mockFlowFile,23B]; routing to relationship simple
[pool-2845-thread-1] INFO org.apache.nifi.processors.standard.RouteText - RouteText[id=38a82a0d-69fc-4d87-a6d1-ec924f6828ee] Routing FlowFile[1046,90491286780822.mockFlowFile,23B] to original
[main] DEBUG org.apache.nifi.processors.standard.RouteText - RouteText[id=38a82a0d-69fc-4d87-a6d1-ec924f6828ee] Adding new dynamic property: PropertyDescriptor[simple]
[pool-2846-thread-1] INFO org.apache.nifi.processors.standard.RouteText - RouteText[id=38a82a0d-69fc-4d87-a6d1-ec924f6828ee] Created FlowFile[1049,90491287080368.mockFlowFile,23B] from FlowFile[1048,90491287080368.mockFlowFile,23B]; routing to relationship simple
[pool-2846-thread-1] INFO org.apache.nifi.processors.standard.RouteText - RouteText[id=38a82a0d-69fc-4d87-a6d1-ec924f6828ee] Routing FlowFile[1048,90491287080368.mockFlowFile,23B] to original
[main] DEBUG org.apache.nifi.processors.standard.RouteText - RouteText[id=38a82a0d-69fc-4d87-a6d1-ec924f6828ee] Adding new dynamic property: PropertyDescriptor[simple]
[pool-2847-thread-1] INFO org.apache.nifi.processors.standard.RouteText - RouteText[id=38a82a0d-69fc-4d87-a6d1-ec924f6828ee] Created FlowFile[1051,90491287436391.mockFlowFile,23B] from FlowFile[1050,90491287436391.mockFlowFile,23B]; routing to relationship simple
[pool-2847-thread-1] INFO org.apache.nifi.processors.standard.RouteText - RouteText[id=38a82a0d-69fc-4d87-a6d1-ec924f6828ee] Routing FlowFile[1050,90491287436391.mockFlowFile,23B] to original
[main] DEBUG org.apache.nifi.processors.standard.RouteText - RouteText[id=38a82a0d-69fc-4d87-a6d1-ec924f6828ee] Adding new dynamic property: PropertyDescriptor[simple]
[pool-2848-thread-1] INFO org.apache.nifi.processors.standard.RouteText - RouteText[id=38a82a0d-69fc-4d87-a6d1-ec924f6828ee] Created FlowFile[1053,90491287692152.mockFlowFile,23B] from FlowFile[1052,90491287692152.mockFlowFile,23B]; routing to relationship simple
[pool-2848-thread-1] INFO org.apache.nifi.processors.standard.RouteText - RouteText[id=38a82a0d-69fc-4d87-a6d1-ec924f6828ee] Routing FlowFile[1052,90491287692152.mockFlowFile,23B] to original
[main] DEBUG org.apache.nifi.processors.standard.RouteText - RouteText[id=38a82a0d-69fc-4d87-a6d1-ec924f6828ee] Adding new dynamic property: PropertyDescriptor[simple]
[pool-2849-thread-1] INFO org.apache.nifi.processors.standard.RouteText - RouteText[id=38a82a0d-69fc-4d87-a6d1-ec924f6828ee] Created FlowFile[1055,90491287942002.mockFlowFile,23B] from FlowFile[1054,90491287942002.mockFlowFile,23B]; routing to relationship simple
[pool-2849-thread-1] INFO org.apache.nifi.processors.standard.RouteText - RouteText[id=38a82a0d-69fc-4d87-a6d1-ec924f6828ee] Routing FlowFile[1054,90491287942002.mockFlowFile,23B] to original
[main] DEBUG org.apache.nifi.processors.standard.RouteText - RouteText[id=38a82a0d-69fc-4d87-a6d1-ec924f6828ee] Adding new dynamic property: PropertyDescriptor[simple]
[pool-2850-thread-1] INFO org.apache.nifi.processors.standard.RouteText - RouteText[id=38a82a0d-69fc-4d87-a6d1-ec924f6828ee] Created FlowFile[1057,90491288437525.mockFlowFile,23B] from FlowFile[1056,90491288437525.mockFlowFile,23B]; routing to relationship simple
[pool-2850-thread-1] INFO org.apache.nifi.processors.standard.RouteText - RouteText[id=38a82a0d-69fc-4d87-a6d1-ec924f6828ee] Routing FlowFile[1056,90491288437525.mockFlowFile,23B] to original
[main] DEBUG org.apache.nifi.processors.standard.RouteText - RouteText[id=38a82a0d-69fc-4d87-a6d1-ec924f6828ee] Adding new dynamic property: PropertyDescriptor[simple]
[pool-2851-thread-1] INFO org.apache.nifi.processors.standard.RouteText - RouteText[id=38a82a0d-69fc-4d87-a6d1-ec924f6828ee] Created FlowFile[1059,90491288855689.mockFlowFile,23B] from FlowFile[1058,90491288855689.mockFlowFile,23B]; routing to relationship simple
[pool-2851-thread-1] INFO org.apache.nifi.processors.standard.RouteText - RouteText[id=38a82a0d-69fc-4d87-a6d1-ec924f6828ee] Routing FlowFile[1058,90491288855689.mockFlowFile,23B] to original
[main] DEBUG org.apache.nifi.processors.standard.RouteText - RouteText[id=38a82a0d-69fc-4d87-a6d1-ec924f6828ee] Adding new dynamic property: PropertyDescriptor[simple]
[pool-2852-thread-1] INFO org.apache.nifi.processors.standard.RouteText - RouteText[id=38a82a0d-69fc-4d87-a6d1-ec924f6828ee] Created FlowFile[1061,90491289133614.mockFlowFile,23B] from FlowFile[1060,90491289133614.mockFlowFile,23B]; routing to relationship simple
[pool-2852-thread-1] INFO org.apache.nifi.processors.standard.RouteText - RouteText[id=38a82a0d-69fc-4d87-a6d1-ec924f6828ee] Routing FlowFile[1060,90491289133614.mockFlowFile,23B] to original
[main] DEBUG org.apache.nifi.processors.standard.RouteText - RouteText[id=38a82a0d-69fc-4d87-a6d1-ec924f6828ee] Adding new dynamic property: PropertyDescriptor[simple]
[pool-2853-thread-1] INFO org.apache.nifi.processors.standard.RouteText - RouteText[id=38a82a0d-69fc-4d87-a6d1-ec924f6828ee] Created FlowFile[1063,90491289409330.mockFlowFile,23B] from FlowFile[1062,90491289409330.mockFlowFile,23B]; routing to relationship simple
[pool-2853-thread-1] INFO org.apache.nifi.processors.standard.RouteText - RouteText[id=38a82a0d-69fc-4d87-a6d1-ec924f6828ee] Routing FlowFile[1062,90491289409330.mockFlowFile,23B] to original
[main] DEBUG org.apache.nifi.processors.standard.RouteText - RouteText[id=38a82a0d-69fc-4d87-a6d1-ec924f6828ee] Adding new dynamic property: PropertyDescriptor[simple]
[pool-2854-thread-1] INFO org.apache.nifi.processors.standard.RouteText - RouteText[id=38a82a0d-69fc-4d87-a6d1-ec924f6828ee] Created FlowFile[1065,90491289788642.mockFlowFile,23B] from FlowFile[1064,90491289788642.mockFlowFile,23B]; routing to relationship simple
[pool-2854-thread-1] INFO org.apache.nifi.processors.standard.RouteText - RouteText[id=38a82a0d-69fc-4d87-a6d1-ec924f6828ee] Routing FlowFile[1064,90491289788642.mockFlowFile,23B] to original
[main] DEBUG org.apache.nifi.processors.standard.RouteText - RouteText[id=38a82a0d-69fc-4d87-a6d1-ec924f6828ee] Adding new dynamic property: PropertyDescriptor[simple]
[pool-2855-thread-1] INFO org.apache.nifi.processors.standard.RouteText - RouteText[id=38a82a0d-69fc-4d87-a6d1-ec924f6828ee] Created FlowFile[1067,90491290050931.mockFlowFile,23B] from FlowFile[1066,90491290050931.mockFlowFile,23B]; routing to relationship simple
[pool-2855-thread-1] INFO org.apache.nifi.processors.standard.RouteText - RouteText[id=38a82a0d-69fc-4d87-a6d1-ec924f6828ee] Routing FlowFile[1066,90491290050931.mockFlowFile,23B] to original
[main] DEBUG org.apache.nifi.processors.standard.RouteText - RouteText[id=38a82a0d-69fc-4d87-a6d1-ec924f6828ee] Adding new dynamic property: PropertyDescriptor[simple]
[pool-2856-thread-1] INFO org.apache.nifi.processors.standard.RouteText - RouteText[id=38a82a0d-69fc-4d87-a6d1-ec924f6828ee] Created FlowFile[1069,90491290297105.mockFlowFile,23B] from FlowFile[1068,90491290297105.mockFlowFile,23B]; routing to relationship simple
[pool-2856-thread-1] INFO org.apache.nifi.processors.standard.RouteText - RouteText[id=38a82a0d-69fc-4d87-a6d1-ec924f6828ee] Routing FlowFile[1068,90491290297105.mockFlowFile,23B] to original
[main] DEBUG org.apache.nifi.processors.standard.RouteText - RouteText[id=38a82a0d-69fc-4d87-a6d1-ec924f6828ee] Adding new dynamic property: PropertyDescriptor[simple]
[pool-2857-thread-1] INFO org.apache.nifi.processors.standard.RouteText - RouteText[id=38a82a0d-69fc-4d87-a6d1-ec924f6828ee] Created FlowFile[1071,90491290592284.mockFlowFile,23B] from FlowFile[1070,90491290592284.mockFlowFile,23B]; routing to relationship simple
[pool-2857-thread-1] INFO org.apache.nifi.processors.standard.RouteText - RouteText[id=38a82a0d-69fc-4d87-a6d1-ec924f6828ee] Routing FlowFile[1070,90491290592284.mockFlowFile,23B] to original
[main] DEBUG org.apache.nifi.processors.standard.RouteText - RouteText[id=38a82a0d-69fc-4d87-a6d1-ec924f6828ee] Adding new dynamic property: PropertyDescriptor[simple]
[pool-2858-thread-1] INFO org.apache.nifi.processors.standard.RouteText - RouteText[id=38a82a0d-69fc-4d87-a6d1-ec924f6828ee] Created FlowFile[1073,90491290871751.mockFlowFile,23B] from FlowFile[1072,90491290871751.mockFlowFile,23B]; routing to relationship simple
[pool-2858-thread-1] INFO org.apache.nifi.processors.standard.RouteText - RouteText[id=38a82a0d-69fc-4d87-a6d1-ec924f6828ee] Routing FlowFile[1072,90491290871751.mockFlowFile,23B] to original
[main] DEBUG org.apache.nifi.processors.standard.RouteText - RouteText[id=38a82a0d-69fc-4d87-a6d1-ec924f6828ee] Adding new dynamic property: PropertyDescriptor[simple]
[pool-2859-thread-1] INFO org.apache.nifi.processors.standard.RouteText - RouteText[id=38a82a0d-69fc-4d87-a6d1-ec924f6828ee] Created FlowFile[1075,90491291283717.mockFlowFile,23B] from FlowFile[1074,90491291283717.mockFlowFile,23B]; routing to relationship simple
[pool-2859-thread-1] INFO org.apache.nifi.processors.standard.RouteText - RouteText[id=38a82a0d-69fc-4d87-a6d1-ec924f6828ee] Routing FlowFile[1074,90491291283717.mockFlowFile,23B] to original
[main] DEBUG org.apache.nifi.processors.standard.RouteText - RouteText[id=38a82a0d-69fc-4d87-a6d1-ec924f6828ee] Adding new dynamic property: PropertyDescriptor[simple]
[pool-2860-thread-1] INFO org.apache.nifi.processors.standard.RouteText - RouteText[id=38a82a0d-69fc-4d87-a6d1-ec924f6828ee] Created FlowFile[1077,90491291603813.mockFlowFile,23B] from FlowFile[1076,90491291603813.mockFlowFile,23B]; routing to relationship simple
[pool-2860-thread-1] INFO org.apache.nifi.processors.standard.RouteText - RouteText[id=38a82a0d-69fc-4d87-a6d1-ec924f6828ee] Routing FlowFile[1076,90491291603813.mockFlowFile,23B] to original
[main] DEBUG org.apache.nifi.processors.standard.RouteText - RouteText[id=38a82a0d-69fc-4d87-a6d1-ec924f6828ee] Adding new dynamic property: PropertyDescriptor[simple]
[pool-2861-thread-1] INFO org.apache.nifi.processors.standard.RouteText - RouteText[id=38a82a0d-69fc-4d87-a6d1-ec924f6828ee] Created FlowFile[1079,90491291869116.mockFlowFile,23B] from FlowFile[1078,90491291869116.mockFlowFile,23B]; routing to relationship simple
[pool-2861-thread-1] INFO org.apache.nifi.processors.standard.RouteText - RouteText[id=38a82a0d-69fc-4d87-a6d1-ec924f6828ee] Routing FlowFile[1078,90491291869116.mockFlowFile,23B] to original
[main] DEBUG org.apache.nifi.processors.standard.RouteText - RouteText[id=38a82a0d-69fc-4d87-a6d1-ec924f6828ee] Adding new dynamic property: PropertyDescriptor[simple]
[pool-2862-thread-1] INFO org.apache.nifi.processors.standard.RouteText - RouteText[id=38a82a0d-69fc-4d87-a6d1-ec924f6828ee] Created FlowFile[1081,90491292185314.mockFlowFile,23B] from FlowFile[1080,90491292185314.mockFlowFile,23B]; routing to relationship simple
[pool-2862-thread-1] INFO org.apache.nifi.processors.standard.RouteText - RouteText[id=38a82a0d-69fc-4d87-a6d1-ec924f6828ee] Routing FlowFile[1080,90491292185314.mockFlowFile,23B] to original
[main] DEBUG org.apache.nifi.processors.standard.RouteText - RouteText[id=38a82a0d-69fc-4d87-a6d1-ec924f6828ee] Adding new dynamic property: PropertyDescriptor[simple]
[pool-2863-thread-1] INFO org.apache.nifi.processors.standard.RouteText - RouteText[id=38a82a0d-69fc-4d87-a6d1-ec924f6828ee] Created FlowFile[1083,90491292517653.mockFlowFile,23B] from FlowFile[1082,90491292517653.mockFlowFile,23B]; routing to relationship simple
[pool-2863-thread-1] INFO org.apache.nifi.processors.standard.RouteText - RouteText[id=38a82a0d-69fc-4d87-a6d1-ec924f6828ee] Routing FlowFile[1082,90491292517653.mockFlowFile,23B] to original
[main] DEBUG org.apache.nifi.processors.standard.RouteText - RouteText[id=38a82a0d-69fc-4d87-a6d1-ec924f6828ee] Adding new dynamic property: PropertyDescriptor[simple]
[pool-2864-thread-1] INFO org.apache.nifi.processors.standard.RouteText - RouteText[id=38a82a0d-69fc-4d87-a6d1-ec924f6828ee] Created FlowFile[1085,90491292751581.mockFlowFile,23B] from FlowFile[1084,90491292751581.mockFlowFile,23B]; routing to relationship simple
[pool-2864-thread-1] INFO org.apache.nifi.processors.standard.RouteText - RouteText[id=38a82a0d-69fc-4d87-a6d1-ec924f6828ee] Routing FlowFile[1084,90491292751581.mockFlowFile,23B] to original
[main] DEBUG org.apache.nifi.processors.standard.RouteText - RouteText[id=38a82a0d-69fc-4d87-a6d1-ec924f6828ee] Adding new dynamic property: PropertyDescriptor[simple]
[pool-2865-thread-1] INFO org.apache.nifi.processors.standard.RouteText - RouteText[id=38a82a0d-69fc-4d87-a6d1-ec924f6828ee] Created FlowFile[1087,90491293091217.mockFlowFile,23B] from FlowFile[1086,90491293091217.mockFlowFile,23B]; routing to relationship simple
[pool-2865-thread-1] INFO org.apache.nifi.processors.standard.RouteText - RouteText[id=38a82a0d-69fc-4d87-a6d1-ec924f6828ee] Routing FlowFile[1086,90491293091217.mockFlowFile,23B] to original
[main] DEBUG org.apache.nifi.processors.standard.RouteText - RouteText[id=38a82a0d-69fc-4d87-a6d1-ec924f6828ee] Adding new dynamic property: PropertyDescriptor[simple]
[pool-2866-thread-1] INFO org.apache.nifi.processors.standard.RouteText - RouteText[id=38a82a0d-69fc-4d87-a6d1-ec924f6828ee] Created FlowFile[1089,90491293378998.mockFlowFile,23B] from FlowFile[1088,90491293378998.mockFlowFile,23B]; routing to relationship simple
[pool-2866-thread-1] INFO org.apache.nifi.processors.standard.RouteText - RouteText[id=38a82a0d-69fc-4d87-a6d1-ec924f6828ee] Routing FlowFile[1088,90491293378998.mockFlowFile,23B] to original
[main] DEBUG org.apache.nifi.processors.standard.RouteText - RouteText[id=38a82a0d-69fc-4d87-a6d1-ec924f6828ee] Adding new dynamic property: PropertyDescriptor[simple]
[pool-2867-thread-1] INFO org.apache.nifi.processors.standard.RouteText - RouteText[id=38a82a0d-69fc-4d87-a6d1-ec924f6828ee] Created FlowFile[1091,90491293617378.mockFlowFile,23B] from FlowFile[1090,90491293617378.mockFlowFile,23B]; routing to relationship simple
[pool-2867-thread-1] INFO org.apache.nifi.processors.standard.RouteText - RouteText[id=38a82a0d-69fc-4d87-a6d1-ec924f6828ee] Routing FlowFile[1090,90491293617378.mockFlowFile,23B] to original
[main] DEBUG org.apache.nifi.processors.standard.RouteText - RouteText[id=38a82a0d-69fc-4d87-a6d1-ec924f6828ee] Adding new dynamic property: PropertyDescriptor[simple]
[pool-2868-thread-1] INFO org.apache.nifi.processors.standard.RouteText - RouteText[id=38a82a0d-69fc-4d87-a6d1-ec924f6828ee] Created FlowFile[1093,90491293850865.mockFlowFile,23B] from FlowFile[1092,90491293850865.mockFlowFile,23B]; routing to relationship simple
[pool-2868-thread-1] INFO org.apache.nifi.processors.standard.RouteText - RouteText[id=38a82a0d-69fc-4d87-a6d1-ec924f6828ee] Routing FlowFile[1092,90491293850865.mockFlowFile,23B] to original
[main] DEBUG org.apache.nifi.processors.standard.RouteText - RouteText[id=38a82a0d-69fc-4d87-a6d1-ec924f6828ee] Adding new dynamic property: PropertyDescriptor[simple]
[pool-2869-thread-1] INFO org.apache.nifi.processors.standard.RouteText - RouteText[id=38a82a0d-69fc-4d87-a6d1-ec924f6828ee] Created FlowFile[1095,90491294081469.mockFlowFile,23B] from FlowFile[1094,90491294081469.mockFlowFile,23B]; routing to relationship simple
[pool-2869-thread-1] INFO org.apache.nifi.processors.standard.RouteText - RouteText[id=38a82a0d-69fc-4d87-a6d1-ec924f6828ee] Routing FlowFile[1094,90491294081469.mockFlowFile,23B] to original
[main] DEBUG org.apache.nifi.processors.standard.RouteText - RouteText[id=38a82a0d-69fc-4d87-a6d1-ec924f6828ee] Adding new dynamic property: PropertyDescriptor[simple]
[pool-2870-thread-1] INFO org.apache.nifi.processors.standard.RouteText - RouteText[id=38a82a0d-69fc-4d87-a6d1-ec924f6828ee] Created FlowFile[1097,90491294315700.mockFlowFile,23B] from FlowFile[1096,90491294315700.mockFlowFile,23B]; routing to relationship simple
[pool-2870-thread-1] INFO org.apache.nifi.processors.standard.RouteText - RouteText[id=38a82a0d-69fc-4d87-a6d1-ec924f6828ee] Routing FlowFile[1096,90491294315700.mockFlowFile,23B] to original
[main] DEBUG org.apache.nifi.processors.standard.RouteText - RouteText[id=38a82a0d-69fc-4d87-a6d1-ec924f6828ee] Adding new dynamic property: PropertyDescriptor[simple]
[pool-2871-thread-1] INFO org.apache.nifi.processors.standard.RouteText - RouteText[id=38a82a0d-69fc-4d87-a6d1-ec924f6828ee] Created FlowFile[1099,90491294550162.mockFlowFile,23B] from FlowFile[1098,90491294550162.mockFlowFile,23B]; routing to relationship simple
[pool-2871-thread-1] INFO org.apache.nifi.processors.standard.RouteText - RouteText[id=38a82a0d-69fc-4d87-a6d1-ec924f6828ee] Routing FlowFile[1098,90491294550162.mockFlowFile,23B] to original
[main] DEBUG org.apache.nifi.processors.standard.RouteText - RouteText[id=38a82a0d-69fc-4d87-a6d1-ec924f6828ee] Adding new dynamic property: PropertyDescriptor[simple]
[pool-2872-thread-1] INFO org.apache.nifi.processors.standard.RouteText - RouteText[id=38a82a0d-69fc-4d87-a6d1-ec924f6828ee] Created FlowFile[1101,90491294781907.mockFlowFile,23B] from FlowFile[1100,90491294781907.mockFlowFile,23B]; routing to relationship simple
[pool-2872-thread-1] INFO org.apache.nifi.processors.standard.RouteText - RouteText[id=38a82a0d-69fc-4d87-a6d1-ec924f6828ee] Routing FlowFile[1100,90491294781907.mockFlowFile,23B] to original
[main] DEBUG org.apache.nifi.processors.standard.RouteText - RouteText[id=38a82a0d-69fc-4d87-a6d1-ec924f6828ee] Adding new dynamic property: PropertyDescriptor[simple]
[pool-2873-thread-1] INFO org.apache.nifi.processors.standard.RouteText - RouteText[id=38a82a0d-69fc-4d87-a6d1-ec924f6828ee] Created FlowFile[1103,90491295015743.mockFlowFile,23B] from FlowFile[1102,90491295015743.mockFlowFile,23B]; routing to relationship simple
[pool-2873-thread-1] INFO org.apache.nifi.processors.standard.RouteText - RouteText[id=38a82a0d-69fc-4d87-a6d1-ec924f6828ee] Routing FlowFile[1102,90491295015743.mockFlowFile,23B] to original
[main] DEBUG org.apache.nifi.processors.standard.RouteText - RouteText[id=38a82a0d-69fc-4d87-a6d1-ec924f6828ee] Adding new dynamic property: PropertyDescriptor[simple]
[pool-2874-thread-1] INFO org.apache.nifi.processors.standard.RouteText - RouteText[id=38a82a0d-69fc-4d87-a6d1-ec924f6828ee] Created FlowFile[1105,90491295444816.mockFlowFile,23B] from FlowFile[1104,90491295444816.mockFlowFile,23B]; routing to relationship simple
[pool-2874-thread-1] INFO org.apache.nifi.processors.standard.RouteText - RouteText[id=38a82a0d-69fc-4d87-a6d1-ec924f6828ee] Routing FlowFile[1104,90491295444816.mockFlowFile,23B] to original
[main] DEBUG org.apache.nifi.processors.standard.RouteText - RouteText[id=38a82a0d-69fc-4d87-a6d1-ec924f6828ee] Adding new dynamic property: PropertyDescriptor[simple]
[pool-2875-thread-1] INFO org.apache.nifi.processors.standard.RouteText - RouteText[id=38a82a0d-69fc-4d87-a6d1-ec924f6828ee] Created FlowFile[1107,90491295741803.mockFlowFile,23B] from FlowFile[1106,90491295741803.mockFlowFile,23B]; routing to relationship simple
[pool-2875-thread-1] INFO org.apache.nifi.processors.standard.RouteText - RouteText[id=38a82a0d-69fc-4d87-a6d1-ec924f6828ee] Routing FlowFile[1106,90491295741803.mockFlowFile,23B] to original
[main] DEBUG org.apache.nifi.processors.standard.RouteText - RouteText[id=38a82a0d-69fc-4d87-a6d1-ec924f6828ee] Adding new dynamic property: PropertyDescriptor[simple]
[pool-2876-thread-1] INFO org.apache.nifi.processors.standard.RouteText - RouteText[id=38a82a0d-69fc-4d87-a6d1-ec924f6828ee] Created FlowFile[1109,90491295979830.mockFlowFile,23B] from FlowFile[1108,90491295979830.mockFlowFile,23B]; routing to relationship simple
[pool-2876-thread-1] INFO org.apache.nifi.processors.standard.RouteText - RouteText[id=38a82a0d-69fc-4d87-a6d1-ec924f6828ee] Routing FlowFile[1108,90491295979830.mockFlowFile,23B] to original
[main] DEBUG org.apache.nifi.processors.standard.RouteText - RouteText[id=38a82a0d-69fc-4d87-a6d1-ec924f6828ee] Adding new dynamic property: PropertyDescriptor[simple]
[pool-2877-thread-1] INFO org.apache.nifi.processors.standard.RouteText - RouteText[id=38a82a0d-69fc-4d87-a6d1-ec924f6828ee] Created FlowFile[1111,90491296365607.mockFlowFile,23B] from FlowFile[1110,90491296365607.mockFlowFile,23B]; routing to relationship simple
[pool-2877-thread-1] INFO org.apache.nifi.processors.standard.RouteText - RouteText[id=38a82a0d-69fc-4d87-a6d1-ec924f6828ee] Routing FlowFile[1110,90491296365607.mockFlowFile,23B] to original
[main] DEBUG org.apache.nifi.processors.standard.RouteText - RouteText[id=38a82a0d-69fc-4d87-a6d1-ec924f6828ee] Adding new dynamic property: PropertyDescriptor[simple]
[pool-2878-thread-1] INFO org.apache.nifi.processors.standard.RouteText - RouteText[id=38a82a0d-69fc-4d87-a6d1-ec924f6828ee] Created FlowFile[1113,90491296610375.mockFlowFile,23B] from FlowFile[1112,90491296610375.mockFlowFile,23B]; routing to relationship simple
[pool-2878-thread-1] INFO org.apache.nifi.processors.standard.RouteText - RouteText[id=38a82a0d-69fc-4d87-a6d1-ec924f6828ee] Routing FlowFile[1112,90491296610375.mockFlowFile,23B] to original
[main] DEBUG org.apache.nifi.processors.standard.RouteText - RouteText[id=38a82a0d-69fc-4d87-a6d1-ec924f6828ee] Adding new dynamic property: PropertyDescriptor[simple]
[pool-2879-thread-1] INFO org.apache.nifi.processors.standard.RouteText - RouteText[id=38a82a0d-69fc-4d87-a6d1-ec924f6828ee] Created FlowFile[1115,90491296849883.mockFlowFile,23B] from FlowFile[1114,90491296849883.mockFlowFile,23B]; routing to relationship simple
[pool-2879-thread-1] INFO org.apache.nifi.processors.standard.RouteText - RouteText[id=38a82a0d-69fc-4d87-a6d1-ec924f6828ee] Routing FlowFile[1114,90491296849883.mockFlowFile,23B] to original
[main] DEBUG org.apache.nifi.processors.standard.RouteText - RouteText[id=38a82a0d-69fc-4d87-a6d1-ec924f6828ee] Adding new dynamic property: PropertyDescriptor[simple]
[pool-2880-thread-1] INFO org.apache.nifi.processors.standard.RouteText - RouteText[id=38a82a0d-69fc-4d87-a6d1-ec924f6828ee] Created FlowFile[1117,90491297079513.mockFlowFile,23B] from FlowFile[1116,90491297079513.mockFlowFile,23B]; routing to relationship simple
[pool-2880-thread-1] INFO org.apache.nifi.processors.standard.RouteText - RouteText[id=38a82a0d-69fc-4d87-a6d1-ec924f6828ee] Routing FlowFile[1116,90491297079513.mockFlowFile,23B] to original
[main] DEBUG org.apache.nifi.processors.standard.RouteText - RouteText[id=38a82a0d-69fc-4d87-a6d1-ec924f6828ee] Adding new dynamic property: PropertyDescriptor[simple]
[pool-2881-thread-1] INFO org.apache.nifi.processors.standard.RouteText - RouteText[id=38a82a0d-69fc-4d87-a6d1-ec924f6828ee] Created FlowFile[1119,90491297308303.mockFlowFile,23B] from FlowFile[1118,90491297308303.mockFlowFile,23B]; routing to relationship simple
[pool-2881-thread-1] INFO org.apache.nifi.processors.standard.RouteText - RouteText[id=38a82a0d-69fc-4d87-a6d1-ec924f6828ee] Routing FlowFile[1118,90491297308303.mockFlowFile,23B] to original
[main] DEBUG org.apache.nifi.processors.standard.RouteText - RouteText[id=38a82a0d-69fc-4d87-a6d1-ec924f6828ee] Adding new dynamic property: PropertyDescriptor[simple]
[pool-2882-thread-1] INFO org.apache.nifi.processors.standard.RouteText - RouteText[id=38a82a0d-69fc-4d87-a6d1-ec924f6828ee] Created FlowFile[1121,90491297543079.mockFlowFile,23B] from FlowFile[1120,90491297543079.mockFlowFile,23B]; routing to relationship simple
[pool-2882-thread-1] INFO org.apache.nifi.processors.standard.RouteText - RouteText[id=38a82a0d-69fc-4d87-a6d1-ec924f6828ee] Routing FlowFile[1120,90491297543079.mockFlowFile,23B] to original
[main] DEBUG org.apache.nifi.processors.standard.RouteText - RouteText[id=38a82a0d-69fc-4d87-a6d1-ec924f6828ee] Adding new dynamic property: PropertyDescriptor[simple]
[pool-2883-thread-1] INFO org.apache.nifi.processors.standard.RouteText - RouteText[id=38a82a0d-69fc-4d87-a6d1-ec924f6828ee] Created FlowFile[1123,90491297780555.mockFlowFile,23B] from FlowFile[1122,90491297780555.mockFlowFile,23B]; routing to relationship simple
[pool-2883-thread-1] INFO org.apache.nifi.processors.standard.RouteText - RouteText[id=38a82a0d-69fc-4d87-a6d1-ec924f6828ee] Routing FlowFile[1122,90491297780555.mockFlowFile,23B] to original
[main] DEBUG org.apache.nifi.processors.standard.RouteText - RouteText[id=38a82a0d-69fc-4d87-a6d1-ec924f6828ee] Adding new dynamic property: PropertyDescriptor[simple]
[pool-2884-thread-1] INFO org.apache.nifi.processors.standard.RouteText - RouteText[id=38a82a0d-69fc-4d87-a6d1-ec924f6828ee] Created FlowFile[1125,90491298010193.mockFlowFile,23B] from FlowFile[1124,90491298010193.mockFlowFile,23B]; routing to relationship simple
[pool-2884-thread-1] INFO org.apache.nifi.processors.standard.RouteText - RouteText[id=38a82a0d-69fc-4d87-a6d1-ec924f6828ee] Routing FlowFile[1124,90491298010193.mockFlowFile,23B] to original
[main] DEBUG org.apache.nifi.processors.standard.RouteText - RouteText[id=38a82a0d-69fc-4d87-a6d1-ec924f6828ee] Adding new dynamic property: PropertyDescriptor[simple]
[pool-2885-thread-1] INFO org.apache.nifi.processors.standard.RouteText - RouteText[id=38a82a0d-69fc-4d87-a6d1-ec924f6828ee] Created FlowFile[1127,90491298254232.mockFlowFile,23B] from FlowFile[1126,90491298254232.mockFlowFile,23B]; routing to relationship simple
[pool-2885-thread-1] INFO org.apache.nifi.processors.standard.RouteText - RouteText[id=38a82a0d-69fc-4d87-a6d1-ec924f6828ee] Routing FlowFile[1126,90491298254232.mockFlowFile,23B] to original
[main] DEBUG org.apache.nifi.processors.standard.RouteText - RouteText[id=38a82a0d-69fc-4d87-a6d1-ec924f6828ee] Adding new dynamic property: PropertyDescriptor[simple]
[pool-2886-thread-1] INFO org.apache.nifi.processors.standard.RouteText - RouteText[id=38a82a0d-69fc-4d87-a6d1-ec924f6828ee] Created FlowFile[1129,90491298486826.mockFlowFile,23B] from FlowFile[1128,90491298486826.mockFlowFile,23B]; routing to relationship simple
[pool-2886-thread-1] INFO org.apache.nifi.processors.standard.RouteText - RouteText[id=38a82a0d-69fc-4d87-a6d1-ec924f6828ee] Routing FlowFile[1128,90491298486826.mockFlowFile,23B] to original
[main] DEBUG org.apache.nifi.processors.standard.RouteText - RouteText[id=38a82a0d-69fc-4d87-a6d1-ec924f6828ee] Adding new dynamic property: PropertyDescriptor[simple]
[pool-2887-thread-1] INFO org.apache.nifi.processors.standard.RouteText - RouteText[id=38a82a0d-69fc-4d87-a6d1-ec924f6828ee] Created FlowFile[1131,90491298722057.mockFlowFile,23B] from FlowFile[1130,90491298722057.mockFlowFile,23B]; routing to relationship simple
[pool-2887-thread-1] INFO org.apache.nifi.processors.standard.RouteText - RouteText[id=38a82a0d-69fc-4d87-a6d1-ec924f6828ee] Routing FlowFile[1130,90491298722057.mockFlowFile,23B] to original
[main] DEBUG org.apache.nifi.processors.standard.RouteText - RouteText[id=38a82a0d-69fc-4d87-a6d1-ec924f6828ee] Adding new dynamic property: PropertyDescriptor[simple]
[pool-2888-thread-1] INFO org.apache.nifi.processors.standard.RouteText - RouteText[id=38a82a0d-69fc-4d87-a6d1-ec924f6828ee] Created FlowFile[1133,90491298957415.mockFlowFile,23B] from FlowFile[1132,90491298957415.mockFlowFile,23B]; routing to relationship simple
[pool-2888-thread-1] INFO org.apache.nifi.processors.standard.RouteText - RouteText[id=38a82a0d-69fc-4d87-a6d1-ec924f6828ee] Routing FlowFile[1132,90491298957415.mockFlowFile,23B] to original
[main] DEBUG org.apache.nifi.processors.standard.RouteText - RouteText[id=38a82a0d-69fc-4d87-a6d1-ec924f6828ee] Adding new dynamic property: PropertyDescriptor[simple]
[pool-2889-thread-1] INFO org.apache.nifi.processors.standard.RouteText - RouteText[id=38a82a0d-69fc-4d87-a6d1-ec924f6828ee] Created FlowFile[1135,90491299272820.mockFlowFile,23B] from FlowFile[1134,90491299272820.mockFlowFile,23B]; routing to relationship simple
[pool-2889-thread-1] INFO org.apache.nifi.processors.standard.RouteText - RouteText[id=38a82a0d-69fc-4d87-a6d1-ec924f6828ee] Routing FlowFile[1134,90491299272820.mockFlowFile,23B] to original
[main] DEBUG org.apache.nifi.processors.standard.RouteText - RouteText[id=38a82a0d-69fc-4d87-a6d1-ec924f6828ee] Adding new dynamic property: PropertyDescriptor[simple]
[pool-2890-thread-1] INFO org.apache.nifi.processors.standard.RouteText - RouteText[id=38a82a0d-69fc-4d87-a6d1-ec924f6828ee] Created FlowFile[1137,90491299588660.mockFlowFile,23B] from FlowFile[1136,90491299588660.mockFlowFile,23B]; routing to relationship simple
[pool-2890-thread-1] INFO org.apache.nifi.processors.standard.RouteText - RouteText[id=38a82a0d-69fc-4d87-a6d1-ec924f6828ee] Routing FlowFile[1136,90491299588660.mockFlowFile,23B] to original
[main] DEBUG org.apache.nifi.processors.standard.RouteText - RouteText[id=38a82a0d-69fc-4d87-a6d1-ec924f6828ee] Adding new dynamic property: PropertyDescriptor[simple]
[pool-2891-thread-1] INFO org.apache.nifi.processors.standard.RouteText - RouteText[id=38a82a0d-69fc-4d87-a6d1-ec924f6828ee] Created FlowFile[1139,90491299831366.mockFlowFile,23B] from FlowFile[1138,90491299831366.mockFlowFile,23B]; routing to relationship simple
[pool-2891-thread-1] INFO org.apache.nifi.processors.standard.RouteText - RouteText[id=38a82a0d-69fc-4d87-a6d1-ec924f6828ee] Routing FlowFile[1138,90491299831366.mockFlowFile,23B] to original
[main] DEBUG org.apache.nifi.processors.standard.RouteText - RouteText[id=38a82a0d-69fc-4d87-a6d1-ec924f6828ee] Adding new dynamic property: PropertyDescriptor[simple]
[pool-2892-thread-1] INFO org.apache.nifi.processors.standard.RouteText - RouteText[id=38a82a0d-69fc-4d87-a6d1-ec924f6828ee] Created FlowFile[1141,90491300155973.mockFlowFile,23B] from FlowFile[1140,90491300155973.mockFlowFile,23B]; routing to relationship simple
[pool-2892-thread-1] INFO org.apache.nifi.processors.standard.RouteText - RouteText[id=38a82a0d-69fc-4d87-a6d1-ec924f6828ee] Routing FlowFile[1140,90491300155973.mockFlowFile,23B] to original
[main] DEBUG org.apache.nifi.processors.standard.RouteText - RouteText[id=38a82a0d-69fc-4d87-a6d1-ec924f6828ee] Adding new dynamic property: PropertyDescriptor[simple]
[pool-2893-thread-1] INFO org.apache.nifi.processors.standard.RouteText - RouteText[id=38a82a0d-69fc-4d87-a6d1-ec924f6828ee] Created FlowFile[1143,90491300479357.mockFlowFile,23B] from FlowFile[1142,90491300479357.mockFlowFile,23B]; routing to relationship simple
[pool-2893-thread-1] INFO org.apache.nifi.processors.standard.RouteText - RouteText[id=38a82a0d-69fc-4d87-a6d1-ec924f6828ee] Routing FlowFile[1142,90491300479357.mockFlowFile,23B] to original
[main] DEBUG org.apache.nifi.processors.standard.RouteText - RouteText[id=38a82a0d-69fc-4d87-a6d1-ec924f6828ee] Adding new dynamic property: PropertyDescriptor[simple]
[pool-2894-thread-1] INFO org.apache.nifi.processors.standard.RouteText - RouteText[id=38a82a0d-69fc-4d87-a6d1-ec924f6828ee] Created FlowFile[1145,90491300712044.mockFlowFile,23B] from FlowFile[1144,90491300712044.mockFlowFile,23B]; routing to relationship simple
[pool-2894-thread-1] INFO org.apache.nifi.processors.standard.RouteText - RouteText[id=38a82a0d-69fc-4d87-a6d1-ec924f6828ee] Routing FlowFile[1144,90491300712044.mockFlowFile,23B] to original
[main] DEBUG org.apache.nifi.processors.standard.RouteText - RouteText[id=38a82a0d-69fc-4d87-a6d1-ec924f6828ee] Adding new dynamic property: PropertyDescriptor[simple]
[pool-2895-thread-1] INFO org.apache.nifi.processors.standard.RouteText - RouteText[id=38a82a0d-69fc-4d87-a6d1-ec924f6828ee] Created FlowFile[1147,90491300954195.mockFlowFile,23B] from FlowFile[1146,90491300954195.mockFlowFile,23B]; routing to relationship simple
[pool-2895-thread-1] INFO org.apache.nifi.processors.standard.RouteText - RouteText[id=38a82a0d-69fc-4d87-a6d1-ec924f6828ee] Routing FlowFile[1146,90491300954195.mockFlowFile,23B] to original
[main] DEBUG org.apache.nifi.processors.standard.RouteText - RouteText[id=38a82a0d-69fc-4d87-a6d1-ec924f6828ee] Adding new dynamic property: PropertyDescriptor[simple]
[pool-2896-thread-1] INFO org.apache.nifi.processors.standard.RouteText - RouteText[id=38a82a0d-69fc-4d87-a6d1-ec924f6828ee] Created FlowFile[1149,90491301185188.mockFlowFile,23B] from FlowFile[1148,90491301185188.mockFlowFile,23B]; routing to relationship simple
[pool-2896-thread-1] INFO org.apache.nifi.processors.standard.RouteText - RouteText[id=38a82a0d-69fc-4d87-a6d1-ec924f6828ee] Routing FlowFile[1148,90491301185188.mockFlowFile,23B] to original
[main] DEBUG org.apache.nifi.processors.standard.RouteText - RouteText[id=38a82a0d-69fc-4d87-a6d1-ec924f6828ee] Adding new dynamic property: PropertyDescriptor[simple]
[pool-2897-thread-1] INFO org.apache.nifi.processors.standard.RouteText - RouteText[id=38a82a0d-69fc-4d87-a6d1-ec924f6828ee] Created FlowFile[1151,90491301417740.mockFlowFile,23B] from FlowFile[1150,90491301417740.mockFlowFile,23B]; routing to relationship simple
[pool-2897-thread-1] INFO org.apache.nifi.processors.standard.RouteText - RouteText[id=38a82a0d-69fc-4d87-a6d1-ec924f6828ee] Routing FlowFile[1150,90491301417740.mockFlowFile,23B] to original
[main] DEBUG org.apache.nifi.processors.standard.RouteText - RouteText[id=38a82a0d-69fc-4d87-a6d1-ec924f6828ee] Adding new dynamic property: PropertyDescriptor[simple]
[pool-2898-thread-1] INFO org.apache.nifi.processors.standard.RouteText - RouteText[id=38a82a0d-69fc-4d87-a6d1-ec924f6828ee] Created FlowFile[1153,90491301657901.mockFlowFile,23B] from FlowFile[1152,90491301657901.mockFlowFile,23B]; routing to relationship simple
[pool-2898-thread-1] INFO org.apache.nifi.processors.standard.RouteText - RouteText[id=38a82a0d-69fc-4d87-a6d1-ec924f6828ee] Routing FlowFile[1152,90491301657901.mockFlowFile,23B] to original
[main] DEBUG org.apache.nifi.processors.standard.RouteText - RouteText[id=38a82a0d-69fc-4d87-a6d1-ec924f6828ee] Adding new dynamic property: PropertyDescriptor[simple]
[pool-2899-thread-1] INFO org.apache.nifi.processors.standard.RouteText - RouteText[id=38a82a0d-69fc-4d87-a6d1-ec924f6828ee] Created FlowFile[1155,90491302018796.mockFlowFile,23B] from FlowFile[1154,90491302018796.mockFlowFile,23B]; routing to relationship simple
[pool-2899-thread-1] INFO org.apache.nifi.processors.standard.RouteText - RouteText[id=38a82a0d-69fc-4d87-a6d1-ec924f6828ee] Routing FlowFile[1154,90491302018796.mockFlowFile,23B] to original
[main] DEBUG org.apache.nifi.processors.standard.RouteText - RouteText[id=38a82a0d-69fc-4d87-a6d1-ec924f6828ee] Adding new dynamic property: PropertyDescriptor[simple]
[pool-2900-thread-1] INFO org.apache.nifi.processors.standard.RouteText - RouteText[id=38a82a0d-69fc-4d87-a6d1-ec924f6828ee] Created FlowFile[1157,90491302378850.mockFlowFile,23B] from FlowFile[1156,90491302378850.mockFlowFile,23B]; routing to relationship simple
[pool-2900-thread-1] INFO org.apache.nifi.processors.standard.RouteText - RouteText[id=38a82a0d-69fc-4d87-a6d1-ec924f6828ee] Routing FlowFile[1156,90491302378850.mockFlowFile,23B] to original
[main] DEBUG org.apache.nifi.processors.standard.RouteText - RouteText[id=38a82a0d-69fc-4d87-a6d1-ec924f6828ee] Adding new dynamic property: PropertyDescriptor[simple]
[pool-2901-thread-1] INFO org.apache.nifi.processors.standard.RouteText - RouteText[id=38a82a0d-69fc-4d87-a6d1-ec924f6828ee] Created FlowFile[1159,90491302737268.mockFlowFile,23B] from FlowFile[1158,90491302737268.mockFlowFile,23B]; routing to relationship simple
[pool-2901-thread-1] INFO org.apache.nifi.processors.standard.RouteText - RouteText[id=38a82a0d-69fc-4d87-a6d1-ec924f6828ee] Routing FlowFile[1158,90491302737268.mockFlowFile,23B] to original
[main] DEBUG org.apache.nifi.processors.standard.RouteText - RouteText[id=38a82a0d-69fc-4d87-a6d1-ec924f6828ee] Adding new dynamic property: PropertyDescriptor[simple]
[pool-2902-thread-1] INFO org.apache.nifi.processors.standard.RouteText - RouteText[id=38a82a0d-69fc-4d87-a6d1-ec924f6828ee] Created FlowFile[1161,90491303185870.mockFlowFile,23B] from FlowFile[1160,90491303185870.mockFlowFile,23B]; routing to relationship simple
[pool-2902-thread-1] INFO org.apache.nifi.processors.standard.RouteText - RouteText[id=38a82a0d-69fc-4d87-a6d1-ec924f6828ee] Routing FlowFile[1160,90491303185870.mockFlowFile,23B] to original
[main] DEBUG org.apache.nifi.processors.standard.RouteText - RouteText[id=38a82a0d-69fc-4d87-a6d1-ec924f6828ee] Adding new dynamic property: PropertyDescriptor[simple]
[pool-2903-thread-1] INFO org.apache.nifi.processors.standard.RouteText - RouteText[id=38a82a0d-69fc-4d87-a6d1-ec924f6828ee] Created FlowFile[1163,90491319472668.mockFlowFile,23B] from FlowFile[1162,90491319472668.mockFlowFile,23B]; routing to relationship simple
[pool-2903-thread-1] INFO org.apache.nifi.processors.standard.RouteText - RouteText[id=38a82a0d-69fc-4d87-a6d1-ec924f6828ee] Routing FlowFile[1162,90491319472668.mockFlowFile,23B] to original
[main] DEBUG org.apache.nifi.processors.standard.RouteText - RouteText[id=38a82a0d-69fc-4d87-a6d1-ec924f6828ee] Adding new dynamic property: PropertyDescriptor[simple]
[pool-2904-thread-1] INFO org.apache.nifi.processors.standard.RouteText - RouteText[id=38a82a0d-69fc-4d87-a6d1-ec924f6828ee] Created FlowFile[1165,90491320187682.mockFlowFile,23B] from FlowFile[1164,90491320187682.mockFlowFile,23B]; routing to relationship simple
[pool-2904-thread-1] INFO org.apache.nifi.processors.standard.RouteText - RouteText[id=38a82a0d-69fc-4d87-a6d1-ec924f6828ee] Routing FlowFile[1164,90491320187682.mockFlowFile,23B] to original
[main] DEBUG org.apache.nifi.processors.standard.RouteText - RouteText[id=38a82a0d-69fc-4d87-a6d1-ec924f6828ee] Adding new dynamic property: PropertyDescriptor[simple]
[pool-2905-thread-1] INFO org.apache.nifi.processors.standard.RouteText - RouteText[id=38a82a0d-69fc-4d87-a6d1-ec924f6828ee] Created FlowFile[1167,90491320663069.mockFlowFile,23B] from FlowFile[1166,90491320663069.mockFlowFile,23B]; routing to relationship simple
[pool-2905-thread-1] INFO org.apache.nifi.processors.standard.RouteText - RouteText[id=38a82a0d-69fc-4d87-a6d1-ec924f6828ee] Routing FlowFile[1166,90491320663069.mockFlowFile,23B] to original
[main] DEBUG org.apache.nifi.processors.standard.RouteText - RouteText[id=38a82a0d-69fc-4d87-a6d1-ec924f6828ee] Adding new dynamic property: PropertyDescriptor[simple]
[pool-2906-thread-1] INFO org.apache.nifi.processors.standard.RouteText - RouteText[id=38a82a0d-69fc-4d87-a6d1-ec924f6828ee] Created FlowFile[1169,90491321032159.mockFlowFile,23B] from FlowFile[1168,90491321032159.mockFlowFile,23B]; routing to relationship simple
[pool-2906-thread-1] INFO org.apache.nifi.processors.standard.RouteText - RouteText[id=38a82a0d-69fc-4d87-a6d1-ec924f6828ee] Routing FlowFile[1168,90491321032159.mockFlowFile,23B] to original
[main] DEBUG org.apache.nifi.processors.standard.RouteText - RouteText[id=38a82a0d-69fc-4d87-a6d1-ec924f6828ee] Adding new dynamic property: PropertyDescriptor[simple]
[pool-2907-thread-1] INFO org.apache.nifi.processors.standard.RouteText - RouteText[id=38a82a0d-69fc-4d87-a6d1-ec924f6828ee] Created FlowFile[1171,90491321494682.mockFlowFile,23B] from FlowFile[1170,90491321494682.mockFlowFile,23B]; routing to relationship simple
[pool-2907-thread-1] INFO org.apache.nifi.processors.standard.RouteText - RouteText[id=38a82a0d-69fc-4d87-a6d1-ec924f6828ee] Routing FlowFile[1170,90491321494682.mockFlowFile,23B] to original
[main] DEBUG org.apache.nifi.processors.standard.RouteText - RouteText[id=38a82a0d-69fc-4d87-a6d1-ec924f6828ee] Adding new dynamic property: PropertyDescriptor[simple]
[pool-2908-thread-1] INFO org.apache.nifi.processors.standard.RouteText - RouteText[id=38a82a0d-69fc-4d87-a6d1-ec924f6828ee] Created FlowFile[1173,90491322057547.mockFlowFile,23B] from FlowFile[1172,90491322057547.mockFlowFile,23B]; routing to relationship simple
[pool-2908-thread-1] INFO org.apache.nifi.processors.standard.RouteText - RouteText[id=38a82a0d-69fc-4d87-a6d1-ec924f6828ee] Routing FlowFile[1172,90491322057547.mockFlowFile,23B] to original
[main] DEBUG org.apache.nifi.processors.standard.RouteText - RouteText[id=38a82a0d-69fc-4d87-a6d1-ec924f6828ee] Adding new dynamic property: PropertyDescriptor[simple]
[pool-2909-thread-1] INFO org.apache.nifi.processors.standard.RouteText - RouteText[id=38a82a0d-69fc-4d87-a6d1-ec924f6828ee] Created FlowFile[1175,90491322529449.mockFlowFile,23B] from FlowFile[1174,90491322529449.mockFlowFile,23B]; routing to relationship simple
[pool-2909-thread-1] INFO org.apache.nifi.processors.standard.RouteText - RouteText[id=38a82a0d-69fc-4d87-a6d1-ec924f6828ee] Routing FlowFile[1174,90491322529449.mockFlowFile,23B] to original
[main] DEBUG org.apache.nifi.processors.standard.RouteText - RouteText[id=38a82a0d-69fc-4d87-a6d1-ec924f6828ee] Adding new dynamic property: PropertyDescriptor[simple]
[pool-2910-thread-1] INFO org.apache.nifi.processors.standard.RouteText - RouteText[id=38a82a0d-69fc-4d87-a6d1-ec924f6828ee] Created FlowFile[1177,90491322967222.mockFlowFile,23B] from FlowFile[1176,90491322967222.mockFlowFile,23B]; routing to relationship simple
[pool-2910-thread-1] INFO org.apache.nifi.processors.standard.RouteText - RouteText[id=38a82a0d-69fc-4d87-a6d1-ec924f6828ee] Routing FlowFile[1176,90491322967222.mockFlowFile,23B] to original
[main] DEBUG org.apache.nifi.processors.standard.RouteText - RouteText[id=38a82a0d-69fc-4d87-a6d1-ec924f6828ee] Adding new dynamic property: PropertyDescriptor[simple]
[pool-2911-thread-1] INFO org.apache.nifi.processors.standard.RouteText - RouteText[id=38a82a0d-69fc-4d87-a6d1-ec924f6828ee] Created FlowFile[1179,90491323370050.mockFlowFile,23B] from FlowFile[1178,90491323370050.mockFlowFile,23B]; routing to relationship simple
[pool-2911-thread-1] INFO org.apache.nifi.processors.standard.RouteText - RouteText[id=38a82a0d-69fc-4d87-a6d1-ec924f6828ee] Routing FlowFile[1178,90491323370050.mockFlowFile,23B] to original
[main] DEBUG org.apache.nifi.processors.standard.RouteText - RouteText[id=38a82a0d-69fc-4d87-a6d1-ec924f6828ee] Adding new dynamic property: PropertyDescriptor[simple]
[pool-2912-thread-1] INFO org.apache.nifi.processors.standard.RouteText - RouteText[id=38a82a0d-69fc-4d87-a6d1-ec924f6828ee] Created FlowFile[1181,90491323808900.mockFlowFile,23B] from FlowFile[1180,90491323808900.mockFlowFile,23B]; routing to relationship simple
[pool-2912-thread-1] INFO org.apache.nifi.processors.standard.RouteText - RouteText[id=38a82a0d-69fc-4d87-a6d1-ec924f6828ee] Routing FlowFile[1180,90491323808900.mockFlowFile,23B] to original
[main] DEBUG org.apache.nifi.processors.standard.RouteText - RouteText[id=38a82a0d-69fc-4d87-a6d1-ec924f6828ee] Adding new dynamic property: PropertyDescriptor[simple]
[pool-2913-thread-1] INFO org.apache.nifi.processors.standard.RouteText - RouteText[id=38a82a0d-69fc-4d87-a6d1-ec924f6828ee] Created FlowFile[1183,90491324373527.mockFlowFile,23B] from FlowFile[1182,90491324373527.mockFlowFile,23B]; routing to relationship simple
[pool-2913-thread-1] INFO org.apache.nifi.processors.standard.RouteText - RouteText[id=38a82a0d-69fc-4d87-a6d1-ec924f6828ee] Routing FlowFile[1182,90491324373527.mockFlowFile,23B] to original
[main] DEBUG org.apache.nifi.processors.standard.RouteText - RouteText[id=38a82a0d-69fc-4d87-a6d1-ec924f6828ee] Adding new dynamic property: PropertyDescriptor[simple]
[pool-2914-thread-1] INFO org.apache.nifi.processors.standard.RouteText - RouteText[id=38a82a0d-69fc-4d87-a6d1-ec924f6828ee] Created FlowFile[1185,90491324917147.mockFlowFile,23B] from FlowFile[1184,90491324917147.mockFlowFile,23B]; routing to relationship simple
[pool-2914-thread-1] INFO org.apache.nifi.processors.standard.RouteText - RouteText[id=38a82a0d-69fc-4d87-a6d1-ec924f6828ee] Routing FlowFile[1184,90491324917147.mockFlowFile,23B] to original
[main] DEBUG org.apache.nifi.processors.standard.RouteText - RouteText[id=38a82a0d-69fc-4d87-a6d1-ec924f6828ee] Adding new dynamic property: PropertyDescriptor[simple]
[pool-2915-thread-1] INFO org.apache.nifi.processors.standard.RouteText - RouteText[id=38a82a0d-69fc-4d87-a6d1-ec924f6828ee] Created FlowFile[1187,90491325447818.mockFlowFile,23B] from FlowFile[1186,90491325447818.mockFlowFile,23B]; routing to relationship simple
[pool-2915-thread-1] INFO org.apache.nifi.processors.standard.RouteText - RouteText[id=38a82a0d-69fc-4d87-a6d1-ec924f6828ee] Routing FlowFile[1186,90491325447818.mockFlowFile,23B] to original
[main] DEBUG org.apache.nifi.processors.standard.RouteText - RouteText[id=38a82a0d-69fc-4d87-a6d1-ec924f6828ee] Adding new dynamic property: PropertyDescriptor[simple]
[pool-2916-thread-1] INFO org.apache.nifi.processors.standard.RouteText - RouteText[id=38a82a0d-69fc-4d87-a6d1-ec924f6828ee] Created FlowFile[1189,90491325967905.mockFlowFile,23B] from FlowFile[1188,90491325967905.mockFlowFile,23B]; routing to relationship simple
[pool-2916-thread-1] INFO org.apache.nifi.processors.standard.RouteText - RouteText[id=38a82a0d-69fc-4d87-a6d1-ec924f6828ee] Routing FlowFile[1188,90491325967905.mockFlowFile,23B] to original
[main] DEBUG org.apache.nifi.processors.standard.RouteText - RouteText[id=38a82a0d-69fc-4d87-a6d1-ec924f6828ee] Adding new dynamic property: PropertyDescriptor[simple]
[pool-2917-thread-1] INFO org.apache.nifi.processors.standard.RouteText - RouteText[id=38a82a0d-69fc-4d87-a6d1-ec924f6828ee] Created FlowFile[1191,90491326481029.mockFlowFile,23B] from FlowFile[1190,90491326481029.mockFlowFile,23B]; routing to relationship simple
[pool-2917-thread-1] INFO org.apache.nifi.processors.standard.RouteText - RouteText[id=38a82a0d-69fc-4d87-a6d1-ec924f6828ee] Routing FlowFile[1190,90491326481029.mockFlowFile,23B] to original
[main] DEBUG org.apache.nifi.processors.standard.RouteText - RouteText[id=38a82a0d-69fc-4d87-a6d1-ec924f6828ee] Adding new dynamic property: PropertyDescriptor[simple]
[pool-2918-thread-1] INFO org.apache.nifi.processors.standard.RouteText - RouteText[id=38a82a0d-69fc-4d87-a6d1-ec924f6828ee] Created FlowFile[1193,90491326911124.mockFlowFile,23B] from FlowFile[1192,90491326911124.mockFlowFile,23B]; routing to relationship simple
[pool-2918-thread-1] INFO org.apache.nifi.processors.standard.RouteText - RouteText[id=38a82a0d-69fc-4d87-a6d1-ec924f6828ee] Routing FlowFile[1192,90491326911124.mockFlowFile,23B] to original
[main] DEBUG org.apache.nifi.processors.standard.RouteText - RouteText[id=38a82a0d-69fc-4d87-a6d1-ec924f6828ee] Adding new dynamic property: PropertyDescriptor[simple]
[pool-2919-thread-1] INFO org.apache.nifi.processors.standard.RouteText - RouteText[id=38a82a0d-69fc-4d87-a6d1-ec924f6828ee] Created FlowFile[1195,90491327328722.mockFlowFile,23B] from FlowFile[1194,90491327328722.mockFlowFile,23B]; routing to relationship simple
[pool-2919-thread-1] INFO org.apache.nifi.processors.standard.RouteText - RouteText[id=38a82a0d-69fc-4d87-a6d1-ec924f6828ee] Routing FlowFile[1194,90491327328722.mockFlowFile,23B] to original
[main] DEBUG org.apache.nifi.processors.standard.RouteText - RouteText[id=38a82a0d-69fc-4d87-a6d1-ec924f6828ee] Adding new dynamic property: PropertyDescriptor[simple]
[pool-2920-thread-1] INFO org.apache.nifi.processors.standard.RouteText - RouteText[id=38a82a0d-69fc-4d87-a6d1-ec924f6828ee] Created FlowFile[1197,90491327770344.mockFlowFile,23B] from FlowFile[1196,90491327770344.mockFlowFile,23B]; routing to relationship simple
[pool-2920-thread-1] INFO org.apache.nifi.processors.standard.RouteText - RouteText[id=38a82a0d-69fc-4d87-a6d1-ec924f6828ee] Routing FlowFile[1196,90491327770344.mockFlowFile,23B] to original
[main] DEBUG org.apache.nifi.processors.standard.RouteText - RouteText[id=38a82a0d-69fc-4d87-a6d1-ec924f6828ee] Adding new dynamic property: PropertyDescriptor[simple]
[pool-2921-thread-1] INFO org.apache.nifi.processors.standard.RouteText - RouteText[id=38a82a0d-69fc-4d87-a6d1-ec924f6828ee] Created FlowFile[1199,90491328171000.mockFlowFile,23B] from FlowFile[1198,90491328171000.mockFlowFile,23B]; routing to relationship simple
[pool-2921-thread-1] INFO org.apache.nifi.processors.standard.RouteText - RouteText[id=38a82a0d-69fc-4d87-a6d1-ec924f6828ee] Routing FlowFile[1198,90491328171000.mockFlowFile,23B] to original
[main] DEBUG org.apache.nifi.processors.standard.RouteText - RouteText[id=38a82a0d-69fc-4d87-a6d1-ec924f6828ee] Adding new dynamic property: PropertyDescriptor[simple]
[pool-2922-thread-1] INFO org.apache.nifi.processors.standard.RouteText - RouteText[id=38a82a0d-69fc-4d87-a6d1-ec924f6828ee] Created FlowFile[1201,90491328579951.mockFlowFile,23B] from FlowFile[1200,90491328579951.mockFlowFile,23B]; routing to relationship simple
[pool-2922-thread-1] INFO org.apache.nifi.processors.standard.RouteText - RouteText[id=38a82a0d-69fc-4d87-a6d1-ec924f6828ee] Routing FlowFile[1200,90491328579951.mockFlowFile,23B] to original
[main] DEBUG org.apache.nifi.processors.standard.RouteText - RouteText[id=38a82a0d-69fc-4d87-a6d1-ec924f6828ee] Adding new dynamic property: PropertyDescriptor[simple]
[pool-2923-thread-1] INFO org.apache.nifi.processors.standard.RouteText - RouteText[id=38a82a0d-69fc-4d87-a6d1-ec924f6828ee] Created FlowFile[1203,90491329119900.mockFlowFile,23B] from FlowFile[1202,90491329119900.mockFlowFile,23B]; routing to relationship simple
[pool-2923-thread-1] INFO org.apache.nifi.processors.standard.RouteText - RouteText[id=38a82a0d-69fc-4d87-a6d1-ec924f6828ee] Routing FlowFile[1202,90491329119900.mockFlowFile,23B] to original
[main] DEBUG org.apache.nifi.processors.standard.RouteText - RouteText[id=38a82a0d-69fc-4d87-a6d1-ec924f6828ee] Adding new dynamic property: PropertyDescriptor[simple]
[pool-2924-thread-1] INFO org.apache.nifi.processors.standard.RouteText - RouteText[id=38a82a0d-69fc-4d87-a6d1-ec924f6828ee] Created FlowFile[1205,90491329627440.mockFlowFile,23B] from FlowFile[1204,90491329627440.mockFlowFile,23B]; routing to relationship simple
[pool-2924-thread-1] INFO org.apache.nifi.processors.standard.RouteText - RouteText[id=38a82a0d-69fc-4d87-a6d1-ec924f6828ee] Routing FlowFile[1204,90491329627440.mockFlowFile,23B] to original
[main] DEBUG org.apache.nifi.processors.standard.RouteText - RouteText[id=38a82a0d-69fc-4d87-a6d1-ec924f6828ee] Adding new dynamic property: PropertyDescriptor[simple]
[pool-2925-thread-1] INFO org.apache.nifi.processors.standard.RouteText - RouteText[id=38a82a0d-69fc-4d87-a6d1-ec924f6828ee] Created FlowFile[1207,90491330186930.mockFlowFile,23B] from FlowFile[1206,90491330186930.mockFlowFile,23B]; routing to relationship simple
[pool-2925-thread-1] INFO org.apache.nifi.processors.standard.RouteText - RouteText[id=38a82a0d-69fc-4d87-a6d1-ec924f6828ee] Routing FlowFile[1206,90491330186930.mockFlowFile,23B] to original
[main] DEBUG org.apache.nifi.processors.standard.RouteText - RouteText[id=38a82a0d-69fc-4d87-a6d1-ec924f6828ee] Adding new dynamic property: PropertyDescriptor[simple]
[pool-2926-thread-1] INFO org.apache.nifi.processors.standard.RouteText - RouteText[id=38a82a0d-69fc-4d87-a6d1-ec924f6828ee] Created FlowFile[1209,90491330712453.mockFlowFile,23B] from FlowFile[1208,90491330712453.mockFlowFile,23B]; routing to relationship simple
[pool-2926-thread-1] INFO org.apache.nifi.processors.standard.RouteText - RouteText[id=38a82a0d-69fc-4d87-a6d1-ec924f6828ee] Routing FlowFile[1208,90491330712453.mockFlowFile,23B] to original
[main] DEBUG org.apache.nifi.processors.standard.RouteText - RouteText[id=38a82a0d-69fc-4d87-a6d1-ec924f6828ee] Adding new dynamic property: PropertyDescriptor[simple]
[pool-2927-thread-1] INFO org.apache.nifi.processors.standard.RouteText - RouteText[id=38a82a0d-69fc-4d87-a6d1-ec924f6828ee] Created FlowFile[1211,90491331141267.mockFlowFile,23B] from FlowFile[1210,90491331141267.mockFlowFile,23B]; routing to relationship simple
[pool-2927-thread-1] INFO org.apache.nifi.processors.standard.RouteText - RouteText[id=38a82a0d-69fc-4d87-a6d1-ec924f6828ee] Routing FlowFile[1210,90491331141267.mockFlowFile,23B] to original
[main] DEBUG org.apache.nifi.processors.standard.RouteText - RouteText[id=38a82a0d-69fc-4d87-a6d1-ec924f6828ee] Adding new dynamic property: PropertyDescriptor[simple]
[pool-2928-thread-1] INFO org.apache.nifi.processors.standard.RouteText - RouteText[id=38a82a0d-69fc-4d87-a6d1-ec924f6828ee] Created FlowFile[1213,90491331490609.mockFlowFile,23B] from FlowFile[1212,90491331490609.mockFlowFile,23B]; routing to relationship simple
[pool-2928-thread-1] INFO org.apache.nifi.processors.standard.RouteText - RouteText[id=38a82a0d-69fc-4d87-a6d1-ec924f6828ee] Routing FlowFile[1212,90491331490609.mockFlowFile,23B] to original
[main] DEBUG org.apache.nifi.processors.standard.RouteText - RouteText[id=38a82a0d-69fc-4d87-a6d1-ec924f6828ee] Adding new dynamic property: PropertyDescriptor[simple]
[pool-2929-thread-1] INFO org.apache.nifi.processors.standard.RouteText - RouteText[id=38a82a0d-69fc-4d87-a6d1-ec924f6828ee] Created FlowFile[1215,90491331890981.mockFlowFile,23B] from FlowFile[1214,90491331890981.mockFlowFile,23B]; routing to relationship simple
[pool-2929-thread-1] INFO org.apache.nifi.processors.standard.RouteText - RouteText[id=38a82a0d-69fc-4d87-a6d1-ec924f6828ee] Routing FlowFile[1214,90491331890981.mockFlowFile,23B] to original
[main] DEBUG org.apache.nifi.processors.standard.RouteText - RouteText[id=38a82a0d-69fc-4d87-a6d1-ec924f6828ee] Adding new dynamic property: PropertyDescriptor[simple]
[pool-2930-thread-1] INFO org.apache.nifi.processors.standard.RouteText - RouteText[id=38a82a0d-69fc-4d87-a6d1-ec924f6828ee] Created FlowFile[1217,90491332304622.mockFlowFile,23B] from FlowFile[1216,90491332304622.mockFlowFile,23B]; routing to relationship simple
[pool-2930-thread-1] INFO org.apache.nifi.processors.standard.RouteText - RouteText[id=38a82a0d-69fc-4d87-a6d1-ec924f6828ee] Routing FlowFile[1216,90491332304622.mockFlowFile,23B] to original
[main] DEBUG org.apache.nifi.processors.standard.RouteText - RouteText[id=38a82a0d-69fc-4d87-a6d1-ec924f6828ee] Adding new dynamic property: PropertyDescriptor[simple]
[pool-2931-thread-1] INFO org.apache.nifi.processors.standard.RouteText - RouteText[id=38a82a0d-69fc-4d87-a6d1-ec924f6828ee] Created FlowFile[1219,90491332676008.mockFlowFile,23B] from FlowFile[1218,90491332676008.mockFlowFile,23B]; routing to relationship simple
[pool-2931-thread-1] INFO org.apache.nifi.processors.standard.RouteText - RouteText[id=38a82a0d-69fc-4d87-a6d1-ec924f6828ee] Routing FlowFile[1218,90491332676008.mockFlowFile,23B] to original
[main] DEBUG org.apache.nifi.processors.standard.RouteText - RouteText[id=38a82a0d-69fc-4d87-a6d1-ec924f6828ee] Adding new dynamic property: PropertyDescriptor[simple]
[pool-2932-thread-1] INFO org.apache.nifi.processors.standard.RouteText - RouteText[id=38a82a0d-69fc-4d87-a6d1-ec924f6828ee] Created FlowFile[1221,90491333077403.mockFlowFile,23B] from FlowFile[1220,90491333077403.mockFlowFile,23B]; routing to relationship simple
[pool-2932-thread-1] INFO org.apache.nifi.processors.standard.RouteText - RouteText[id=38a82a0d-69fc-4d87-a6d1-ec924f6828ee] Routing FlowFile[1220,90491333077403.mockFlowFile,23B] to original
[main] DEBUG org.apache.nifi.processors.standard.RouteText - RouteText[id=38a82a0d-69fc-4d87-a6d1-ec924f6828ee] Adding new dynamic property: PropertyDescriptor[simple]
[pool-2933-thread-1] INFO org.apache.nifi.processors.standard.RouteText - RouteText[id=38a82a0d-69fc-4d87-a6d1-ec924f6828ee] Created FlowFile[1223,90491333494268.mockFlowFile,23B] from FlowFile[1222,90491333494268.mockFlowFile,23B]; routing to relationship simple
[pool-2933-thread-1] INFO org.apache.nifi.processors.standard.RouteText - RouteText[id=38a82a0d-69fc-4d87-a6d1-ec924f6828ee] Routing FlowFile[1222,90491333494268.mockFlowFile,23B] to original
[main] DEBUG org.apache.nifi.processors.standard.RouteText - RouteText[id=38a82a0d-69fc-4d87-a6d1-ec924f6828ee] Adding new dynamic property: PropertyDescriptor[simple]
[pool-2934-thread-1] INFO org.apache.nifi.processors.standard.RouteText - RouteText[id=38a82a0d-69fc-4d87-a6d1-ec924f6828ee] Created FlowFile[1225,90491333935581.mockFlowFile,23B] from FlowFile[1224,90491333935581.mockFlowFile,23B]; routing to relationship simple
[pool-2934-thread-1] INFO org.apache.nifi.processors.standard.RouteText - RouteText[id=38a82a0d-69fc-4d87-a6d1-ec924f6828ee] Routing FlowFile[1224,90491333935581.mockFlowFile,23B] to original
[main] DEBUG org.apache.nifi.processors.standard.RouteText - RouteText[id=38a82a0d-69fc-4d87-a6d1-ec924f6828ee] Adding new dynamic property: PropertyDescriptor[simple]
[pool-2935-thread-1] INFO org.apache.nifi.processors.standard.RouteText - RouteText[id=38a82a0d-69fc-4d87-a6d1-ec924f6828ee] Created FlowFile[1227,90491334359289.mockFlowFile,23B] from FlowFile[1226,90491334359289.mockFlowFile,23B]; routing to relationship simple
[pool-2935-thread-1] INFO org.apache.nifi.processors.standard.RouteText - RouteText[id=38a82a0d-69fc-4d87-a6d1-ec924f6828ee] Routing FlowFile[1226,90491334359289.mockFlowFile,23B] to original
[main] DEBUG org.apache.nifi.processors.standard.RouteText - RouteText[id=38a82a0d-69fc-4d87-a6d1-ec924f6828ee] Adding new dynamic property: PropertyDescriptor[simple]
[pool-2936-thread-1] INFO org.apache.nifi.processors.standard.RouteText - RouteText[id=38a82a0d-69fc-4d87-a6d1-ec924f6828ee] Created FlowFile[1229,90491334763948.mockFlowFile,23B] from FlowFile[1228,90491334763948.mockFlowFile,23B]; routing to relationship simple
[pool-2936-thread-1] INFO org.apache.nifi.processors.standard.RouteText - RouteText[id=38a82a0d-69fc-4d87-a6d1-ec924f6828ee] Routing FlowFile[1228,90491334763948.mockFlowFile,23B] to original
[main] DEBUG org.apache.nifi.processors.standard.RouteText - RouteText[id=38a82a0d-69fc-4d87-a6d1-ec924f6828ee] Adding new dynamic property: PropertyDescriptor[simple]
[pool-2937-thread-1] INFO org.apache.nifi.processors.standard.RouteText - RouteText[id=38a82a0d-69fc-4d87-a6d1-ec924f6828ee] Created FlowFile[1231,90491335159040.mockFlowFile,23B] from FlowFile[1230,90491335159040.mockFlowFile,23B]; routing to relationship simple
[pool-2937-thread-1] INFO org.apache.nifi.processors.standard.RouteText - RouteText[id=38a82a0d-69fc-4d87-a6d1-ec924f6828ee] Routing FlowFile[1230,90491335159040.mockFlowFile,23B] to original
[main] DEBUG org.apache.nifi.processors.standard.RouteText - RouteText[id=38a82a0d-69fc-4d87-a6d1-ec924f6828ee] Adding new dynamic property: PropertyDescriptor[simple]
[pool-2938-thread-1] INFO org.apache.nifi.processors.standard.RouteText - RouteText[id=38a82a0d-69fc-4d87-a6d1-ec924f6828ee] Created FlowFile[1233,90491335609975.mockFlowFile,23B] from FlowFile[1232,90491335609975.mockFlowFile,23B]; routing to relationship simple
[pool-2938-thread-1] INFO org.apache.nifi.processors.standard.RouteText - RouteText[id=38a82a0d-69fc-4d87-a6d1-ec924f6828ee] Routing FlowFile[1232,90491335609975.mockFlowFile,23B] to original
[main] DEBUG org.apache.nifi.processors.standard.RouteText - RouteText[id=38a82a0d-69fc-4d87-a6d1-ec924f6828ee] Adding new dynamic property: PropertyDescriptor[simple]
[pool-2939-thread-1] INFO org.apache.nifi.processors.standard.RouteText - RouteText[id=38a82a0d-69fc-4d87-a6d1-ec924f6828ee] Created FlowFile[1235,90491336129202.mockFlowFile,23B] from FlowFile[1234,90491336129202.mockFlowFile,23B]; routing to relationship simple
[pool-2939-thread-1] INFO org.apache.nifi.processors.standard.RouteText - RouteText[id=38a82a0d-69fc-4d87-a6d1-ec924f6828ee] Routing FlowFile[1234,90491336129202.mockFlowFile,23B] to original
[main] DEBUG org.apache.nifi.processors.standard.RouteText - RouteText[id=38a82a0d-69fc-4d87-a6d1-ec924f6828ee] Adding new dynamic property: PropertyDescriptor[simple]
[pool-2940-thread-1] INFO org.apache.nifi.processors.standard.RouteText - RouteText[id=38a82a0d-69fc-4d87-a6d1-ec924f6828ee] Created FlowFile[1237,90491336561110.mockFlowFile,23B] from FlowFile[1236,90491336561110.mockFlowFile,23B]; routing to relationship simple
[pool-2940-thread-1] INFO org.apache.nifi.processors.standard.RouteText - RouteText[id=38a82a0d-69fc-4d87-a6d1-ec924f6828ee] Routing FlowFile[1236,90491336561110.mockFlowFile,23B] to original
[main] DEBUG org.apache.nifi.processors.standard.RouteText - RouteText[id=38a82a0d-69fc-4d87-a6d1-ec924f6828ee] Adding new dynamic property: PropertyDescriptor[simple]
[pool-2941-thread-1] INFO org.apache.nifi.processors.standard.RouteText - RouteText[id=38a82a0d-69fc-4d87-a6d1-ec924f6828ee] Created FlowFile[1239,90491336968399.mockFlowFile,23B] from FlowFile[1238,90491336968399.mockFlowFile,23B]; routing to relationship simple
[pool-2941-thread-1] INFO org.apache.nifi.processors.standard.RouteText - RouteText[id=38a82a0d-69fc-4d87-a6d1-ec924f6828ee] Routing FlowFile[1238,90491336968399.mockFlowFile,23B] to original
[main] DEBUG org.apache.nifi.processors.standard.RouteText - RouteText[id=38a82a0d-69fc-4d87-a6d1-ec924f6828ee] Adding new dynamic property: PropertyDescriptor[simple]
[pool-2942-thread-1] INFO org.apache.nifi.processors.standard.RouteText - RouteText[id=38a82a0d-69fc-4d87-a6d1-ec924f6828ee] Created FlowFile[1241,90491337347994.mockFlowFile,23B] from FlowFile[1240,90491337347994.mockFlowFile,23B]; routing to relationship simple
[pool-2942-thread-1] INFO org.apache.nifi.processors.standard.RouteText - RouteText[id=38a82a0d-69fc-4d87-a6d1-ec924f6828ee] Routing FlowFile[1240,90491337347994.mockFlowFile,23B] to original
[main] DEBUG org.apache.nifi.processors.standard.RouteText - RouteText[id=38a82a0d-69fc-4d87-a6d1-ec924f6828ee] Adding new dynamic property: PropertyDescriptor[simple]
[pool-2943-thread-1] INFO org.apache.nifi.processors.standard.RouteText - RouteText[id=38a82a0d-69fc-4d87-a6d1-ec924f6828ee] Created FlowFile[1243,90491337798421.mockFlowFile,23B] from FlowFile[1242,90491337798421.mockFlowFile,23B]; routing to relationship simple
[pool-2943-thread-1] INFO org.apache.nifi.processors.standard.RouteText - RouteText[id=38a82a0d-69fc-4d87-a6d1-ec924f6828ee] Routing FlowFile[1242,90491337798421.mockFlowFile,23B] to original
[main] DEBUG org.apache.nifi.processors.standard.RouteText - RouteText[id=38a82a0d-69fc-4d87-a6d1-ec924f6828ee] Adding new dynamic property: PropertyDescriptor[simple]
[pool-2944-thread-1] INFO org.apache.nifi.processors.standard.RouteText - RouteText[id=38a82a0d-69fc-4d87-a6d1-ec924f6828ee] Created FlowFile[1245,90491338246864.mockFlowFile,23B] from FlowFile[1244,90491338246864.mockFlowFile,23B]; routing to relationship simple
[pool-2944-thread-1] INFO org.apache.nifi.processors.standard.RouteText - RouteText[id=38a82a0d-69fc-4d87-a6d1-ec924f6828ee] Routing FlowFile[1244,90491338246864.mockFlowFile,23B] to original
[main] DEBUG org.apache.nifi.processors.standard.RouteText - RouteText[id=38a82a0d-69fc-4d87-a6d1-ec924f6828ee] Adding new dynamic property: PropertyDescriptor[simple]
[pool-2945-thread-1] INFO org.apache.nifi.processors.standard.RouteText - RouteText[id=38a82a0d-69fc-4d87-a6d1-ec924f6828ee] Created FlowFile[1247,90491338694849.mockFlowFile,23B] from FlowFile[1246,90491338694849.mockFlowFile,23B]; routing to relationship simple
[pool-2945-thread-1] INFO org.apache.nifi.processors.standard.RouteText - RouteText[id=38a82a0d-69fc-4d87-a6d1-ec924f6828ee] Routing FlowFile[1246,90491338694849.mockFlowFile,23B] to original
[main] DEBUG org.apache.nifi.processors.standard.RouteText - RouteText[id=38a82a0d-69fc-4d87-a6d1-ec924f6828ee] Adding new dynamic property: PropertyDescriptor[simple]
[pool-2946-thread-1] INFO org.apache.nifi.processors.standard.RouteText - RouteText[id=38a82a0d-69fc-4d87-a6d1-ec924f6828ee] Created FlowFile[1249,90491339145209.mockFlowFile,23B] from FlowFile[1248,90491339145209.mockFlowFile,23B]; routing to relationship simple
[pool-2946-thread-1] INFO org.apache.nifi.processors.standard.RouteText - RouteText[id=38a82a0d-69fc-4d87-a6d1-ec924f6828ee] Routing FlowFile[1248,90491339145209.mockFlowFile,23B] to original
[main] DEBUG org.apache.nifi.processors.standard.RouteText - RouteText[id=38a82a0d-69fc-4d87-a6d1-ec924f6828ee] Adding new dynamic property: PropertyDescriptor[simple]
[pool-2947-thread-1] INFO org.apache.nifi.processors.standard.RouteText - RouteText[id=38a82a0d-69fc-4d87-a6d1-ec924f6828ee] Created FlowFile[1251,90491339559125.mockFlowFile,23B] from FlowFile[1250,90491339559125.mockFlowFile,23B]; routing to relationship simple
[pool-2947-thread-1] INFO org.apache.nifi.processors.standard.RouteText - RouteText[id=38a82a0d-69fc-4d87-a6d1-ec924f6828ee] Routing FlowFile[1250,90491339559125.mockFlowFile,23B] to original
[main] DEBUG org.apache.nifi.processors.standard.RouteText - RouteText[id=38a82a0d-69fc-4d87-a6d1-ec924f6828ee] Adding new dynamic property: PropertyDescriptor[simple]
[pool-2948-thread-1] INFO org.apache.nifi.processors.standard.RouteText - RouteText[id=38a82a0d-69fc-4d87-a6d1-ec924f6828ee] Created FlowFile[1253,90491340020050.mockFlowFile,23B] from FlowFile[1252,90491340020050.mockFlowFile,23B]; routing to relationship simple
[pool-2948-thread-1] INFO org.apache.nifi.processors.standard.RouteText - RouteText[id=38a82a0d-69fc-4d87-a6d1-ec924f6828ee] Routing FlowFile[1252,90491340020050.mockFlowFile,23B] to original
[main] DEBUG org.apache.nifi.processors.standard.RouteText - RouteText[id=38a82a0d-69fc-4d87-a6d1-ec924f6828ee] Adding new dynamic property: PropertyDescriptor[simple]
[pool-2949-thread-1] INFO org.apache.nifi.processors.standard.RouteText - RouteText[id=38a82a0d-69fc-4d87-a6d1-ec924f6828ee] Created FlowFile[1255,90491340425928.mockFlowFile,23B] from FlowFile[1254,90491340425928.mockFlowFile,23B]; routing to relationship simple
[pool-2949-thread-1] INFO org.apache.nifi.processors.standard.RouteText - RouteText[id=38a82a0d-69fc-4d87-a6d1-ec924f6828ee] Routing FlowFile[1254,90491340425928.mockFlowFile,23B] to original
[main] DEBUG org.apache.nifi.processors.standard.RouteText - RouteText[id=38a82a0d-69fc-4d87-a6d1-ec924f6828ee] Adding new dynamic property: PropertyDescriptor[simple]
[pool-2950-thread-1] INFO org.apache.nifi.processors.standard.RouteText - RouteText[id=38a82a0d-69fc-4d87-a6d1-ec924f6828ee] Created FlowFile[1257,90491340852628.mockFlowFile,23B] from FlowFile[1256,90491340852628.mockFlowFile,23B]; routing to relationship simple
[pool-2950-thread-1] INFO org.apache.nifi.processors.standard.RouteText - RouteText[id=38a82a0d-69fc-4d87-a6d1-ec924f6828ee] Routing FlowFile[1256,90491340852628.mockFlowFile,23B] to original
[main] DEBUG org.apache.nifi.processors.standard.RouteText - RouteText[id=38a82a0d-69fc-4d87-a6d1-ec924f6828ee] Adding new dynamic property: PropertyDescriptor[simple]
[pool-2951-thread-1] INFO org.apache.nifi.processors.standard.RouteText - RouteText[id=38a82a0d-69fc-4d87-a6d1-ec924f6828ee] Created FlowFile[1259,90491341278560.mockFlowFile,23B] from FlowFile[1258,90491341278560.mockFlowFile,23B]; routing to relationship simple
[pool-2951-thread-1] INFO org.apache.nifi.processors.standard.RouteText - RouteText[id=38a82a0d-69fc-4d87-a6d1-ec924f6828ee] Routing FlowFile[1258,90491341278560.mockFlowFile,23B] to original
[main] DEBUG org.apache.nifi.processors.standard.RouteText - RouteText[id=38a82a0d-69fc-4d87-a6d1-ec924f6828ee] Adding new dynamic property: PropertyDescriptor[simple]
[pool-2952-thread-1] INFO org.apache.nifi.processors.standard.RouteText - RouteText[id=38a82a0d-69fc-4d87-a6d1-ec924f6828ee] Created FlowFile[1261,90491341717591.mockFlowFile,23B] from FlowFile[1260,90491341717591.mockFlowFile,23B]; routing to relationship simple
[pool-2952-thread-1] INFO org.apache.nifi.processors.standard.RouteText - RouteText[id=38a82a0d-69fc-4d87-a6d1-ec924f6828ee] Routing FlowFile[1260,90491341717591.mockFlowFile,23B] to original
[main] DEBUG org.apache.nifi.processors.standard.RouteText - RouteText[id=38a82a0d-69fc-4d87-a6d1-ec924f6828ee] Adding new dynamic property: PropertyDescriptor[simple]
[pool-2953-thread-1] INFO org.apache.nifi.processors.standard.RouteText - RouteText[id=38a82a0d-69fc-4d87-a6d1-ec924f6828ee] Created FlowFile[1263,90491342152544.mockFlowFile,23B] from FlowFile[1262,90491342152544.mockFlowFile,23B]; routing to relationship simple
[pool-2953-thread-1] INFO org.apache.nifi.processors.standard.RouteText - RouteText[id=38a82a0d-69fc-4d87-a6d1-ec924f6828ee] Routing FlowFile[1262,90491342152544.mockFlowFile,23B] to original
[main] DEBUG org.apache.nifi.processors.standard.RouteText - RouteText[id=38a82a0d-69fc-4d87-a6d1-ec924f6828ee] Adding new dynamic property: PropertyDescriptor[simple]
[pool-2954-thread-1] INFO org.apache.nifi.processors.standard.RouteText - RouteText[id=38a82a0d-69fc-4d87-a6d1-ec924f6828ee] Created FlowFile[1265,90491342594540.mockFlowFile,23B] from FlowFile[1264,90491342594540.mockFlowFile,23B]; routing to relationship simple
[pool-2954-thread-1] INFO org.apache.nifi.processors.standard.RouteText - RouteText[id=38a82a0d-69fc-4d87-a6d1-ec924f6828ee] Routing FlowFile[1264,90491342594540.mockFlowFile,23B] to original
[main] DEBUG org.apache.nifi.processors.standard.RouteText - RouteText[id=38a82a0d-69fc-4d87-a6d1-ec924f6828ee] Adding new dynamic property: PropertyDescriptor[simple]
[pool-2955-thread-1] INFO org.apache.nifi.processors.standard.RouteText - RouteText[id=38a82a0d-69fc-4d87-a6d1-ec924f6828ee] Created FlowFile[1267,90491343020321.mockFlowFile,23B] from FlowFile[1266,90491343020321.mockFlowFile,23B]; routing to relationship simple
[pool-2955-thread-1] INFO org.apache.nifi.processors.standard.RouteText - RouteText[id=38a82a0d-69fc-4d87-a6d1-ec924f6828ee] Routing FlowFile[1266,90491343020321.mockFlowFile,23B] to original
[main] DEBUG org.apache.nifi.processors.standard.RouteText - RouteText[id=38a82a0d-69fc-4d87-a6d1-ec924f6828ee] Adding new dynamic property: PropertyDescriptor[simple]
[pool-2956-thread-1] INFO org.apache.nifi.processors.standard.RouteText - RouteText[id=38a82a0d-69fc-4d87-a6d1-ec924f6828ee] Created FlowFile[1269,90491343419925.mockFlowFile,23B] from FlowFile[1268,90491343419925.mockFlowFile,23B]; routing to relationship simple
[pool-2956-thread-1] INFO org.apache.nifi.processors.standard.RouteText - RouteText[id=38a82a0d-69fc-4d87-a6d1-ec924f6828ee] Routing FlowFile[1268,90491343419925.mockFlowFile,23B] to original
[main] DEBUG org.apache.nifi.processors.standard.RouteText - RouteText[id=38a82a0d-69fc-4d87-a6d1-ec924f6828ee] Adding new dynamic property: PropertyDescriptor[simple]
[pool-2957-thread-1] INFO org.apache.nifi.processors.standard.RouteText - RouteText[id=38a82a0d-69fc-4d87-a6d1-ec924f6828ee] Created FlowFile[1271,90491343856851.mockFlowFile,23B] from FlowFile[1270,90491343856851.mockFlowFile,23B]; routing to relationship simple
[pool-2957-thread-1] INFO org.apache.nifi.processors.standard.RouteText - RouteText[id=38a82a0d-69fc-4d87-a6d1-ec924f6828ee] Routing FlowFile[1270,90491343856851.mockFlowFile,23B] to original
[main] DEBUG org.apache.nifi.processors.standard.RouteText - RouteText[id=38a82a0d-69fc-4d87-a6d1-ec924f6828ee] Adding new dynamic property: PropertyDescriptor[simple]
[pool-2958-thread-1] INFO org.apache.nifi.processors.standard.RouteText - RouteText[id=38a82a0d-69fc-4d87-a6d1-ec924f6828ee] Created FlowFile[1273,90491344338452.mockFlowFile,23B] from FlowFile[1272,90491344338452.mockFlowFile,23B]; routing to relationship simple
[pool-2958-thread-1] INFO org.apache.nifi.processors.standard.RouteText - RouteText[id=38a82a0d-69fc-4d87-a6d1-ec924f6828ee] Routing FlowFile[1272,90491344338452.mockFlowFile,23B] to original
[main] DEBUG org.apache.nifi.processors.standard.RouteText - RouteText[id=38a82a0d-69fc-4d87-a6d1-ec924f6828ee] Adding new dynamic property: PropertyDescriptor[simple]
[pool-2959-thread-1] INFO org.apache.nifi.processors.standard.RouteText - RouteText[id=38a82a0d-69fc-4d87-a6d1-ec924f6828ee] Created FlowFile[1275,90491344796446.mockFlowFile,23B] from FlowFile[1274,90491344796446.mockFlowFile,23B]; routing to relationship simple
[pool-2959-thread-1] INFO org.apache.nifi.processors.standard.RouteText - RouteText[id=38a82a0d-69fc-4d87-a6d1-ec924f6828ee] Routing FlowFile[1274,90491344796446.mockFlowFile,23B] to original
[main] DEBUG org.apache.nifi.processors.standard.RouteText - RouteText[id=38a82a0d-69fc-4d87-a6d1-ec924f6828ee] Adding new dynamic property: PropertyDescriptor[simple]
[pool-2960-thread-1] INFO org.apache.nifi.processors.standard.RouteText - RouteText[id=38a82a0d-69fc-4d87-a6d1-ec924f6828ee] Created FlowFile[1277,90491345228992.mockFlowFile,23B] from FlowFile[1276,90491345228992.mockFlowFile,23B]; routing to relationship simple
[pool-2960-thread-1] INFO org.apache.nifi.processors.standard.RouteText - RouteText[id=38a82a0d-69fc-4d87-a6d1-ec924f6828ee] Routing FlowFile[1276,90491345228992.mockFlowFile,23B] to original
[main] DEBUG org.apache.nifi.processors.standard.RouteText - RouteText[id=38a82a0d-69fc-4d87-a6d1-ec924f6828ee] Adding new dynamic property: PropertyDescriptor[simple]
[pool-2961-thread-1] INFO org.apache.nifi.processors.standard.RouteText - RouteText[id=38a82a0d-69fc-4d87-a6d1-ec924f6828ee] Created FlowFile[1279,90491345670937.mockFlowFile,23B] from FlowFile[1278,90491345670937.mockFlowFile,23B]; routing to relationship simple
[pool-2961-thread-1] INFO org.apache.nifi.processors.standard.RouteText - RouteText[id=38a82a0d-69fc-4d87-a6d1-ec924f6828ee] Routing FlowFile[1278,90491345670937.mockFlowFile,23B] to original
[main] DEBUG org.apache.nifi.processors.standard.RouteText - RouteText[id=38a82a0d-69fc-4d87-a6d1-ec924f6828ee] Adding new dynamic property: PropertyDescriptor[simple]
[pool-2962-thread-1] INFO org.apache.nifi.processors.standard.RouteText - RouteText[id=38a82a0d-69fc-4d87-a6d1-ec924f6828ee] Created FlowFile[1281,90491346257737.mockFlowFile,23B] from FlowFile[1280,90491346257737.mockFlowFile,23B]; routing to relationship simple
[pool-2962-thread-1] INFO org.apache.nifi.processors.standard.RouteText - RouteText[id=38a82a0d-69fc-4d87-a6d1-ec924f6828ee] Routing FlowFile[1280,90491346257737.mockFlowFile,23B] to original
[main] DEBUG org.apache.nifi.processors.standard.RouteText - RouteText[id=38a82a0d-69fc-4d87-a6d1-ec924f6828ee] Adding new dynamic property: PropertyDescriptor[simple]
[pool-2963-thread-1] INFO org.apache.nifi.processors.standard.RouteText - RouteText[id=38a82a0d-69fc-4d87-a6d1-ec924f6828ee] Created FlowFile[1283,90491346846501.mockFlowFile,23B] from FlowFile[1282,90491346846501.mockFlowFile,23B]; routing to relationship simple
[pool-2963-thread-1] INFO org.apache.nifi.processors.standard.RouteText - RouteText[id=38a82a0d-69fc-4d87-a6d1-ec924f6828ee] Routing FlowFile[1282,90491346846501.mockFlowFile,23B] to original
[main] DEBUG org.apache.nifi.processors.standard.RouteText - RouteText[id=38a82a0d-69fc-4d87-a6d1-ec924f6828ee] Adding new dynamic property: PropertyDescriptor[simple]
[pool-2964-thread-1] INFO org.apache.nifi.processors.standard.RouteText - RouteText[id=38a82a0d-69fc-4d87-a6d1-ec924f6828ee] Created FlowFile[1285,90491347370672.mockFlowFile,23B] from FlowFile[1284,90491347370672.mockFlowFile,23B]; routing to relationship simple
[pool-2964-thread-1] INFO org.apache.nifi.processors.standard.RouteText - RouteText[id=38a82a0d-69fc-4d87-a6d1-ec924f6828ee] Routing FlowFile[1284,90491347370672.mockFlowFile,23B] to original
[main] DEBUG org.apache.nifi.processors.standard.RouteText - RouteText[id=38a82a0d-69fc-4d87-a6d1-ec924f6828ee] Adding new dynamic property: PropertyDescriptor[simple]
[pool-2965-thread-1] INFO org.apache.nifi.processors.standard.RouteText - RouteText[id=38a82a0d-69fc-4d87-a6d1-ec924f6828ee] Created FlowFile[1287,90491347896902.mockFlowFile,23B] from FlowFile[1286,90491347896902.mockFlowFile,23B]; routing to relationship simple
[pool-2965-thread-1] INFO org.apache.nifi.processors.standard.RouteText - RouteText[id=38a82a0d-69fc-4d87-a6d1-ec924f6828ee] Routing FlowFile[1286,90491347896902.mockFlowFile,23B] to original
[main] DEBUG org.apache.nifi.processors.standard.RouteText - RouteText[id=38a82a0d-69fc-4d87-a6d1-ec924f6828ee] Adding new dynamic property: PropertyDescriptor[simple]
[pool-2966-thread-1] INFO org.apache.nifi.processors.standard.RouteText - RouteText[id=38a82a0d-69fc-4d87-a6d1-ec924f6828ee] Created FlowFile[1289,90491348428461.mockFlowFile,23B] from FlowFile[1288,90491348428461.mockFlowFile,23B]; routing to relationship simple
[pool-2966-thread-1] INFO org.apache.nifi.processors.standard.RouteText - RouteText[id=38a82a0d-69fc-4d87-a6d1-ec924f6828ee] Routing FlowFile[1288,90491348428461.mockFlowFile,23B] to original
[main] DEBUG org.apache.nifi.processors.standard.RouteText - RouteText[id=38a82a0d-69fc-4d87-a6d1-ec924f6828ee] Adding new dynamic property: PropertyDescriptor[simple]
[pool-2967-thread-1] INFO org.apache.nifi.processors.standard.RouteText - RouteText[id=38a82a0d-69fc-4d87-a6d1-ec924f6828ee] Created FlowFile[1291,90491348853156.mockFlowFile,23B] from FlowFile[1290,90491348853156.mockFlowFile,23B]; routing to relationship simple
[pool-2967-thread-1] INFO org.apache.nifi.processors.standard.RouteText - RouteText[id=38a82a0d-69fc-4d87-a6d1-ec924f6828ee] Routing FlowFile[1290,90491348853156.mockFlowFile,23B] to original
[main] DEBUG org.apache.nifi.processors.standard.RouteText - RouteText[id=38a82a0d-69fc-4d87-a6d1-ec924f6828ee] Adding new dynamic property: PropertyDescriptor[simple]
[pool-2968-thread-1] INFO org.apache.nifi.processors.standard.RouteText - RouteText[id=38a82a0d-69fc-4d87-a6d1-ec924f6828ee] Created FlowFile[1293,90491349264190.mockFlowFile,23B] from FlowFile[1292,90491349264190.mockFlowFile,23B]; routing to relationship simple
[pool-2968-thread-1] INFO org.apache.nifi.processors.standard.RouteText - RouteText[id=38a82a0d-69fc-4d87-a6d1-ec924f6828ee] Routing FlowFile[1292,90491349264190.mockFlowFile,23B] to original
[main] DEBUG org.apache.nifi.processors.standard.RouteText - RouteText[id=38a82a0d-69fc-4d87-a6d1-ec924f6828ee] Adding new dynamic property: PropertyDescriptor[simple]
[pool-2969-thread-1] INFO org.apache.nifi.processors.standard.RouteText - RouteText[id=38a82a0d-69fc-4d87-a6d1-ec924f6828ee] Created FlowFile[1295,90491349717151.mockFlowFile,23B] from FlowFile[1294,90491349717151.mockFlowFile,23B]; routing to relationship simple
[pool-2969-thread-1] INFO org.apache.nifi.processors.standard.RouteText - RouteText[id=38a82a0d-69fc-4d87-a6d1-ec924f6828ee] Routing FlowFile[1294,90491349717151.mockFlowFile,23B] to original
[main] DEBUG org.apache.nifi.processors.standard.RouteText - RouteText[id=38a82a0d-69fc-4d87-a6d1-ec924f6828ee] Adding new dynamic property: PropertyDescriptor[simple]
[pool-2970-thread-1] INFO org.apache.nifi.processors.standard.RouteText - RouteText[id=38a82a0d-69fc-4d87-a6d1-ec924f6828ee] Created FlowFile[1297,90491350151555.mockFlowFile,23B] from FlowFile[1296,90491350151555.mockFlowFile,23B]; routing to relationship simple
[pool-2970-thread-1] INFO org.apache.nifi.processors.standard.RouteText - RouteText[id=38a82a0d-69fc-4d87-a6d1-ec924f6828ee] Routing FlowFile[1296,90491350151555.mockFlowFile,23B] to original
[main] DEBUG org.apache.nifi.processors.standard.RouteText - RouteText[id=38a82a0d-69fc-4d87-a6d1-ec924f6828ee] Adding new dynamic property: PropertyDescriptor[simple]
[pool-2971-thread-1] INFO org.apache.nifi.processors.standard.RouteText - RouteText[id=38a82a0d-69fc-4d87-a6d1-ec924f6828ee] Created FlowFile[1299,90491350545581.mockFlowFile,23B] from FlowFile[1298,90491350545581.mockFlowFile,23B]; routing to relationship simple
[pool-2971-thread-1] INFO org.apache.nifi.processors.standard.RouteText - RouteText[id=38a82a0d-69fc-4d87-a6d1-ec924f6828ee] Routing FlowFile[1298,90491350545581.mockFlowFile,23B] to original
[main] DEBUG org.apache.nifi.processors.standard.RouteText - RouteText[id=38a82a0d-69fc-4d87-a6d1-ec924f6828ee] Adding new dynamic property: PropertyDescriptor[simple]
[pool-2972-thread-1] INFO org.apache.nifi.processors.standard.RouteText - RouteText[id=38a82a0d-69fc-4d87-a6d1-ec924f6828ee] Created FlowFile[1301,90491350988519.mockFlowFile,23B] from FlowFile[1300,90491350988519.mockFlowFile,23B]; routing to relationship simple
[pool-2972-thread-1] INFO org.apache.nifi.processors.standard.RouteText - RouteText[id=38a82a0d-69fc-4d87-a6d1-ec924f6828ee] Routing FlowFile[1300,90491350988519.mockFlowFile,23B] to original
[main] DEBUG org.apache.nifi.processors.standard.RouteText - RouteText[id=38a82a0d-69fc-4d87-a6d1-ec924f6828ee] Adding new dynamic property: PropertyDescriptor[simple]
[pool-2973-thread-1] INFO org.apache.nifi.processors.standard.RouteText - RouteText[id=38a82a0d-69fc-4d87-a6d1-ec924f6828ee] Created FlowFile[1303,90491351361290.mockFlowFile,23B] from FlowFile[1302,90491351361290.mockFlowFile,23B]; routing to relationship simple
[pool-2973-thread-1] INFO org.apache.nifi.processors.standard.RouteText - RouteText[id=38a82a0d-69fc-4d87-a6d1-ec924f6828ee] Routing FlowFile[1302,90491351361290.mockFlowFile,23B] to original
[main] DEBUG org.apache.nifi.processors.standard.RouteText - RouteText[id=38a82a0d-69fc-4d87-a6d1-ec924f6828ee] Adding new dynamic property: PropertyDescriptor[simple]
[pool-2974-thread-1] INFO org.apache.nifi.processors.standard.RouteText - RouteText[id=38a82a0d-69fc-4d87-a6d1-ec924f6828ee] Created FlowFile[1305,90491351754537.mockFlowFile,23B] from FlowFile[1304,90491351754537.mockFlowFile,23B]; routing to relationship simple
[pool-2974-thread-1] INFO org.apache.nifi.processors.standard.RouteText - RouteText[id=38a82a0d-69fc-4d87-a6d1-ec924f6828ee] Routing FlowFile[1304,90491351754537.mockFlowFile,23B] to original
[main] DEBUG org.apache.nifi.processors.standard.RouteText - RouteText[id=38a82a0d-69fc-4d87-a6d1-ec924f6828ee] Adding new dynamic property: PropertyDescriptor[simple]
[pool-2975-thread-1] INFO org.apache.nifi.processors.standard.RouteText - RouteText[id=38a82a0d-69fc-4d87-a6d1-ec924f6828ee] Created FlowFile[1307,90491352144042.mockFlowFile,23B] from FlowFile[1306,90491352144042.mockFlowFile,23B]; routing to relationship simple
[pool-2975-thread-1] INFO org.apache.nifi.processors.standard.RouteText - RouteText[id=38a82a0d-69fc-4d87-a6d1-ec924f6828ee] Routing FlowFile[1306,90491352144042.mockFlowFile,23B] to original
[main] DEBUG org.apache.nifi.processors.standard.RouteText - RouteText[id=38a82a0d-69fc-4d87-a6d1-ec924f6828ee] Adding new dynamic property: PropertyDescriptor[simple]
[pool-2976-thread-1] INFO org.apache.nifi.processors.standard.RouteText - RouteText[id=38a82a0d-69fc-4d87-a6d1-ec924f6828ee] Created FlowFile[1309,90491352530012.mockFlowFile,23B] from FlowFile[1308,90491352530012.mockFlowFile,23B]; routing to relationship simple
[pool-2976-thread-1] INFO org.apache.nifi.processors.standard.RouteText - RouteText[id=38a82a0d-69fc-4d87-a6d1-ec924f6828ee] Routing FlowFile[1308,90491352530012.mockFlowFile,23B] to original
[main] DEBUG org.apache.nifi.processors.standard.RouteText - RouteText[id=38a82a0d-69fc-4d87-a6d1-ec924f6828ee] Adding new dynamic property: PropertyDescriptor[simple]
[pool-2977-thread-1] INFO org.apache.nifi.processors.standard.RouteText - RouteText[id=38a82a0d-69fc-4d87-a6d1-ec924f6828ee] Created FlowFile[1311,90491352938204.mockFlowFile,23B] from FlowFile[1310,90491352938204.mockFlowFile,23B]; routing to relationship simple
[pool-2977-thread-1] INFO org.apache.nifi.processors.standard.RouteText - RouteText[id=38a82a0d-69fc-4d87-a6d1-ec924f6828ee] Routing FlowFile[1310,90491352938204.mockFlowFile,23B] to original
[main] DEBUG org.apache.nifi.processors.standard.RouteText - RouteText[id=38a82a0d-69fc-4d87-a6d1-ec924f6828ee] Adding new dynamic property: PropertyDescriptor[simple]
[pool-2978-thread-1] INFO org.apache.nifi.processors.standard.RouteText - RouteText[id=38a82a0d-69fc-4d87-a6d1-ec924f6828ee] Created FlowFile[1313,90491353342803.mockFlowFile,23B] from FlowFile[1312,90491353342803.mockFlowFile,23B]; routing to relationship simple
[pool-2978-thread-1] INFO org.apache.nifi.processors.standard.RouteText - RouteText[id=38a82a0d-69fc-4d87-a6d1-ec924f6828ee] Routing FlowFile[1312,90491353342803.mockFlowFile,23B] to original
[main] DEBUG org.apache.nifi.processors.standard.RouteText - RouteText[id=38a82a0d-69fc-4d87-a6d1-ec924f6828ee] Adding new dynamic property: PropertyDescriptor[simple]
[pool-2979-thread-1] INFO org.apache.nifi.processors.standard.RouteText - RouteText[id=38a82a0d-69fc-4d87-a6d1-ec924f6828ee] Created FlowFile[1315,90491353740498.mockFlowFile,23B] from FlowFile[1314,90491353740498.mockFlowFile,23B]; routing to relationship simple
[pool-2979-thread-1] INFO org.apache.nifi.processors.standard.RouteText - RouteText[id=38a82a0d-69fc-4d87-a6d1-ec924f6828ee] Routing FlowFile[1314,90491353740498.mockFlowFile,23B] to original
[main] DEBUG org.apache.nifi.processors.standard.RouteText - RouteText[id=38a82a0d-69fc-4d87-a6d1-ec924f6828ee] Adding new dynamic property: PropertyDescriptor[simple]
[pool-2980-thread-1] INFO org.apache.nifi.processors.standard.RouteText - RouteText[id=38a82a0d-69fc-4d87-a6d1-ec924f6828ee] Created FlowFile[1317,90491354146396.mockFlowFile,23B] from FlowFile[1316,90491354146396.mockFlowFile,23B]; routing to relationship simple
[pool-2980-thread-1] INFO org.apache.nifi.processors.standard.RouteText - RouteText[id=38a82a0d-69fc-4d87-a6d1-ec924f6828ee] Routing FlowFile[1316,90491354146396.mockFlowFile,23B] to original
[main] DEBUG org.apache.nifi.processors.standard.RouteText - RouteText[id=38a82a0d-69fc-4d87-a6d1-ec924f6828ee] Adding new dynamic property: PropertyDescriptor[simple]
[pool-2981-thread-1] INFO org.apache.nifi.processors.standard.RouteText - RouteText[id=38a82a0d-69fc-4d87-a6d1-ec924f6828ee] Created FlowFile[1319,90491354554019.mockFlowFile,23B] from FlowFile[1318,90491354554019.mockFlowFile,23B]; routing to relationship simple
[pool-2981-thread-1] INFO org.apache.nifi.processors.standard.RouteText - RouteText[id=38a82a0d-69fc-4d87-a6d1-ec924f6828ee] Routing FlowFile[1318,90491354554019.mockFlowFile,23B] to original
[main] DEBUG org.apache.nifi.processors.standard.RouteText - RouteText[id=38a82a0d-69fc-4d87-a6d1-ec924f6828ee] Adding new dynamic property: PropertyDescriptor[simple]
[pool-2982-thread-1] INFO org.apache.nifi.processors.standard.RouteText - RouteText[id=38a82a0d-69fc-4d87-a6d1-ec924f6828ee] Created FlowFile[1321,90491354953395.mockFlowFile,23B] from FlowFile[1320,90491354953395.mockFlowFile,23B]; routing to relationship simple
[pool-2982-thread-1] INFO org.apache.nifi.processors.standard.RouteText - RouteText[id=38a82a0d-69fc-4d87-a6d1-ec924f6828ee] Routing FlowFile[1320,90491354953395.mockFlowFile,23B] to original
[main] DEBUG org.apache.nifi.processors.standard.RouteText - RouteText[id=38a82a0d-69fc-4d87-a6d1-ec924f6828ee] Adding new dynamic property: PropertyDescriptor[simple]
[pool-2983-thread-1] INFO org.apache.nifi.processors.standard.RouteText - RouteText[id=38a82a0d-69fc-4d87-a6d1-ec924f6828ee] Created FlowFile[1323,90491355375355.mockFlowFile,23B] from FlowFile[1322,90491355375355.mockFlowFile,23B]; routing to relationship simple
[pool-2983-thread-1] INFO org.apache.nifi.processors.standard.RouteText - RouteText[id=38a82a0d-69fc-4d87-a6d1-ec924f6828ee] Routing FlowFile[1322,90491355375355.mockFlowFile,23B] to original
[main] DEBUG org.apache.nifi.processors.standard.RouteText - RouteText[id=38a82a0d-69fc-4d87-a6d1-ec924f6828ee] Adding new dynamic property: PropertyDescriptor[simple]
[pool-2984-thread-1] INFO org.apache.nifi.processors.standard.RouteText - RouteText[id=38a82a0d-69fc-4d87-a6d1-ec924f6828ee] Created FlowFile[1325,90491355804666.mockFlowFile,23B] from FlowFile[1324,90491355804666.mockFlowFile,23B]; routing to relationship simple
[pool-2984-thread-1] INFO org.apache.nifi.processors.standard.RouteText - RouteText[id=38a82a0d-69fc-4d87-a6d1-ec924f6828ee] Routing FlowFile[1324,90491355804666.mockFlowFile,23B] to original
[main] DEBUG org.apache.nifi.processors.standard.RouteText - RouteText[id=38a82a0d-69fc-4d87-a6d1-ec924f6828ee] Adding new dynamic property: PropertyDescriptor[simple]
[pool-2985-thread-1] INFO org.apache.nifi.processors.standard.RouteText - RouteText[id=38a82a0d-69fc-4d87-a6d1-ec924f6828ee] Created FlowFile[1327,90491356266942.mockFlowFile,23B] from FlowFile[1326,90491356266942.mockFlowFile,23B]; routing to relationship simple
[pool-2985-thread-1] INFO org.apache.nifi.processors.standard.RouteText - RouteText[id=38a82a0d-69fc-4d87-a6d1-ec924f6828ee] Routing FlowFile[1326,90491356266942.mockFlowFile,23B] to original
[main] DEBUG org.apache.nifi.processors.standard.RouteText - RouteText[id=38a82a0d-69fc-4d87-a6d1-ec924f6828ee] Adding new dynamic property: PropertyDescriptor[simple]
[pool-2986-thread-1] INFO org.apache.nifi.processors.standard.RouteText - RouteText[id=38a82a0d-69fc-4d87-a6d1-ec924f6828ee] Created FlowFile[1329,90491356716297.mockFlowFile,23B] from FlowFile[1328,90491356716297.mockFlowFile,23B]; routing to relationship simple
[pool-2986-thread-1] INFO org.apache.nifi.processors.standard.RouteText - RouteText[id=38a82a0d-69fc-4d87-a6d1-ec924f6828ee] Routing FlowFile[1328,90491356716297.mockFlowFile,23B] to original
[main] DEBUG org.apache.nifi.processors.standard.RouteText - RouteText[id=38a82a0d-69fc-4d87-a6d1-ec924f6828ee] Adding new dynamic property: PropertyDescriptor[simple]
[pool-2987-thread-1] INFO org.apache.nifi.processors.standard.RouteText - RouteText[id=38a82a0d-69fc-4d87-a6d1-ec924f6828ee] Created FlowFile[1331,90491357137695.mockFlowFile,23B] from FlowFile[1330,90491357137695.mockFlowFile,23B]; routing to relationship simple
[pool-2987-thread-1] INFO org.apache.nifi.processors.standard.RouteText - RouteText[id=38a82a0d-69fc-4d87-a6d1-ec924f6828ee] Routing FlowFile[1330,90491357137695.mockFlowFile,23B] to original
[main] DEBUG org.apache.nifi.processors.standard.RouteText - RouteText[id=38a82a0d-69fc-4d87-a6d1-ec924f6828ee] Adding new dynamic property: PropertyDescriptor[simple]
[pool-2988-thread-1] INFO org.apache.nifi.processors.standard.RouteText - RouteText[id=38a82a0d-69fc-4d87-a6d1-ec924f6828ee] Created FlowFile[1333,90491357562775.mockFlowFile,23B] from FlowFile[1332,90491357562775.mockFlowFile,23B]; routing to relationship simple
[pool-2988-thread-1] INFO org.apache.nifi.processors.standard.RouteText - RouteText[id=38a82a0d-69fc-4d87-a6d1-ec924f6828ee] Routing FlowFile[1332,90491357562775.mockFlowFile,23B] to original
[main] DEBUG org.apache.nifi.processors.standard.RouteText - RouteText[id=38a82a0d-69fc-4d87-a6d1-ec924f6828ee] Adding new dynamic property: PropertyDescriptor[simple]
[pool-2989-thread-1] INFO org.apache.nifi.processors.standard.RouteText - RouteText[id=38a82a0d-69fc-4d87-a6d1-ec924f6828ee] Created FlowFile[1335,90491357979570.mockFlowFile,23B] from FlowFile[1334,90491357979570.mockFlowFile,23B]; routing to relationship simple
[pool-2989-thread-1] INFO org.apache.nifi.processors.standard.RouteText - RouteText[id=38a82a0d-69fc-4d87-a6d1-ec924f6828ee] Routing FlowFile[1334,90491357979570.mockFlowFile,23B] to original
[main] DEBUG org.apache.nifi.processors.standard.RouteText - RouteText[id=38a82a0d-69fc-4d87-a6d1-ec924f6828ee] Adding new dynamic property: PropertyDescriptor[simple]
[pool-2990-thread-1] INFO org.apache.nifi.processors.standard.RouteText - RouteText[id=38a82a0d-69fc-4d87-a6d1-ec924f6828ee] Created FlowFile[1337,90491358412696.mockFlowFile,23B] from FlowFile[1336,90491358412696.mockFlowFile,23B]; routing to relationship simple
[pool-2990-thread-1] INFO org.apache.nifi.processors.standard.RouteText - RouteText[id=38a82a0d-69fc-4d87-a6d1-ec924f6828ee] Routing FlowFile[1336,90491358412696.mockFlowFile,23B] to original
[main] DEBUG org.apache.nifi.processors.standard.RouteText - RouteText[id=38a82a0d-69fc-4d87-a6d1-ec924f6828ee] Adding new dynamic property: PropertyDescriptor[simple]
[pool-2991-thread-1] INFO org.apache.nifi.processors.standard.RouteText - RouteText[id=38a82a0d-69fc-4d87-a6d1-ec924f6828ee] Created FlowFile[1339,90491358868469.mockFlowFile,23B] from FlowFile[1338,90491358868469.mockFlowFile,23B]; routing to relationship simple
[pool-2991-thread-1] INFO org.apache.nifi.processors.standard.RouteText - RouteText[id=38a82a0d-69fc-4d87-a6d1-ec924f6828ee] Routing FlowFile[1338,90491358868469.mockFlowFile,23B] to original
[main] DEBUG org.apache.nifi.processors.standard.RouteText - RouteText[id=38a82a0d-69fc-4d87-a6d1-ec924f6828ee] Adding new dynamic property: PropertyDescriptor[simple]
[pool-2992-thread-1] INFO org.apache.nifi.processors.standard.RouteText - RouteText[id=38a82a0d-69fc-4d87-a6d1-ec924f6828ee] Created FlowFile[1341,90491359308523.mockFlowFile,23B] from FlowFile[1340,90491359308523.mockFlowFile,23B]; routing to relationship simple
[pool-2992-thread-1] INFO org.apache.nifi.processors.standard.RouteText - RouteText[id=38a82a0d-69fc-4d87-a6d1-ec924f6828ee] Routing FlowFile[1340,90491359308523.mockFlowFile,23B] to original
[main] DEBUG org.apache.nifi.processors.standard.RouteText - RouteText[id=38a82a0d-69fc-4d87-a6d1-ec924f6828ee] Adding new dynamic property: PropertyDescriptor[simple]
[pool-2993-thread-1] INFO org.apache.nifi.processors.standard.RouteText - RouteText[id=38a82a0d-69fc-4d87-a6d1-ec924f6828ee] Created FlowFile[1343,90491359989963.mockFlowFile,23B] from FlowFile[1342,90491359989963.mockFlowFile,23B]; routing to relationship simple
[pool-2993-thread-1] INFO org.apache.nifi.processors.standard.RouteText - RouteText[id=38a82a0d-69fc-4d87-a6d1-ec924f6828ee] Routing FlowFile[1342,90491359989963.mockFlowFile,23B] to original
[main] DEBUG org.apache.nifi.processors.standard.RouteText - RouteText[id=38a82a0d-69fc-4d87-a6d1-ec924f6828ee] Adding new dynamic property: PropertyDescriptor[simple]
[pool-2994-thread-1] INFO org.apache.nifi.processors.standard.RouteText - RouteText[id=38a82a0d-69fc-4d87-a6d1-ec924f6828ee] Created FlowFile[1345,90491360443984.mockFlowFile,23B] from FlowFile[1344,90491360443984.mockFlowFile,23B]; routing to relationship simple
[pool-2994-thread-1] INFO org.apache.nifi.processors.standard.RouteText - RouteText[id=38a82a0d-69fc-4d87-a6d1-ec924f6828ee] Routing FlowFile[1344,90491360443984.mockFlowFile,23B] to original
[main] DEBUG org.apache.nifi.processors.standard.RouteText - RouteText[id=38a82a0d-69fc-4d87-a6d1-ec924f6828ee] Adding new dynamic property: PropertyDescriptor[simple]
[pool-2995-thread-1] INFO org.apache.nifi.processors.standard.RouteText - RouteText[id=38a82a0d-69fc-4d87-a6d1-ec924f6828ee] Created FlowFile[1347,90491360875637.mockFlowFile,23B] from FlowFile[1346,90491360875637.mockFlowFile,23B]; routing to relationship simple
[pool-2995-thread-1] INFO org.apache.nifi.processors.standard.RouteText - RouteText[id=38a82a0d-69fc-4d87-a6d1-ec924f6828ee] Routing FlowFile[1346,90491360875637.mockFlowFile,23B] to original
[main] DEBUG org.apache.nifi.processors.standard.RouteText - RouteText[id=38a82a0d-69fc-4d87-a6d1-ec924f6828ee] Adding new dynamic property: PropertyDescriptor[simple]
[pool-2996-thread-1] INFO org.apache.nifi.processors.standard.RouteText - RouteText[id=38a82a0d-69fc-4d87-a6d1-ec924f6828ee] Created FlowFile[1349,90491361311853.mockFlowFile,23B] from FlowFile[1348,90491361311853.mockFlowFile,23B]; routing to relationship simple
[pool-2996-thread-1] INFO org.apache.nifi.processors.standard.RouteText - RouteText[id=38a82a0d-69fc-4d87-a6d1-ec924f6828ee] Routing FlowFile[1348,90491361311853.mockFlowFile,23B] to original
[main] DEBUG org.apache.nifi.processors.standard.RouteText - RouteText[id=38a82a0d-69fc-4d87-a6d1-ec924f6828ee] Adding new dynamic property: PropertyDescriptor[simple]
[pool-2997-thread-1] INFO org.apache.nifi.processors.standard.RouteText - RouteText[id=38a82a0d-69fc-4d87-a6d1-ec924f6828ee] Created FlowFile[1351,90491361793981.mockFlowFile,23B] from FlowFile[1350,90491361793981.mockFlowFile,23B]; routing to relationship simple
[pool-2997-thread-1] INFO org.apache.nifi.processors.standard.RouteText - RouteText[id=38a82a0d-69fc-4d87-a6d1-ec924f6828ee] Routing FlowFile[1350,90491361793981.mockFlowFile,23B] to original
[main] DEBUG org.apache.nifi.processors.standard.RouteText - RouteText[id=38a82a0d-69fc-4d87-a6d1-ec924f6828ee] Adding new dynamic property: PropertyDescriptor[simple]
[pool-2998-thread-1] INFO org.apache.nifi.processors.standard.RouteText - RouteText[id=38a82a0d-69fc-4d87-a6d1-ec924f6828ee] Created FlowFile[1353,90491362238266.mockFlowFile,23B] from FlowFile[1352,90491362238266.mockFlowFile,23B]; routing to relationship simple
[pool-2998-thread-1] INFO org.apache.nifi.processors.standard.RouteText - RouteText[id=38a82a0d-69fc-4d87-a6d1-ec924f6828ee] Routing FlowFile[1352,90491362238266.mockFlowFile,23B] to original
[main] DEBUG org.apache.nifi.processors.standard.RouteText - RouteText[id=38a82a0d-69fc-4d87-a6d1-ec924f6828ee] Adding new dynamic property: PropertyDescriptor[simple]
[pool-2999-thread-1] INFO org.apache.nifi.processors.standard.RouteText - RouteText[id=38a82a0d-69fc-4d87-a6d1-ec924f6828ee] Created FlowFile[1355,90491362647459.mockFlowFile,23B] from FlowFile[1354,90491362647459.mockFlowFile,23B]; routing to relationship simple
[pool-2999-thread-1] INFO org.apache.nifi.processors.standard.RouteText - RouteText[id=38a82a0d-69fc-4d87-a6d1-ec924f6828ee] Routing FlowFile[1354,90491362647459.mockFlowFile,23B] to original
[main] DEBUG org.apache.nifi.processors.standard.RouteText - RouteText[id=38a82a0d-69fc-4d87-a6d1-ec924f6828ee] Adding new dynamic property: PropertyDescriptor[simple]
[pool-3000-thread-1] INFO org.apache.nifi.processors.standard.RouteText - RouteText[id=38a82a0d-69fc-4d87-a6d1-ec924f6828ee] Created FlowFile[1357,90491363058036.mockFlowFile,23B] from FlowFile[1356,90491363058036.mockFlowFile,23B]; routing to relationship simple
[pool-3000-thread-1] INFO org.apache.nifi.processors.standard.RouteText - RouteText[id=38a82a0d-69fc-4d87-a6d1-ec924f6828ee] Routing FlowFile[1356,90491363058036.mockFlowFile,23B] to original
[main] DEBUG org.apache.nifi.processors.standard.RouteText - RouteText[id=38a82a0d-69fc-4d87-a6d1-ec924f6828ee] Adding new dynamic property: PropertyDescriptor[simple]
[pool-3001-thread-1] INFO org.apache.nifi.processors.standard.RouteText - RouteText[id=38a82a0d-69fc-4d87-a6d1-ec924f6828ee] Created FlowFile[1359,90491363449912.mockFlowFile,23B] from FlowFile[1358,90491363449912.mockFlowFile,23B]; routing to relationship simple
[pool-3001-thread-1] INFO org.apache.nifi.processors.standard.RouteText - RouteText[id=38a82a0d-69fc-4d87-a6d1-ec924f6828ee] Routing FlowFile[1358,90491363449912.mockFlowFile,23B] to original
[main] DEBUG org.apache.nifi.processors.standard.RouteText - RouteText[id=38a82a0d-69fc-4d87-a6d1-ec924f6828ee] Adding new dynamic property: PropertyDescriptor[simple]
[pool-3002-thread-1] INFO org.apache.nifi.processors.standard.RouteText - RouteText[id=38a82a0d-69fc-4d87-a6d1-ec924f6828ee] Created FlowFile[1361,90491363883308.mockFlowFile,23B] from FlowFile[1360,90491363883308.mockFlowFile,23B]; routing to relationship simple
[pool-3002-thread-1] INFO org.apache.nifi.processors.standard.RouteText - RouteText[id=38a82a0d-69fc-4d87-a6d1-ec924f6828ee] Routing FlowFile[1360,90491363883308.mockFlowFile,23B] to original
[main] DEBUG org.apache.nifi.processors.standard.RouteText - RouteText[id=38a82a0d-69fc-4d87-a6d1-ec924f6828ee] Adding new dynamic property: PropertyDescriptor[simple]
[pool-3003-thread-1] INFO org.apache.nifi.processors.standard.RouteText - RouteText[id=38a82a0d-69fc-4d87-a6d1-ec924f6828ee] Created FlowFile[1363,90491364327591.mockFlowFile,23B] from FlowFile[1362,90491364327591.mockFlowFile,23B]; routing to relationship simple
[pool-3003-thread-1] INFO org.apache.nifi.processors.standard.RouteText - RouteText[id=38a82a0d-69fc-4d87-a6d1-ec924f6828ee] Routing FlowFile[1362,90491364327591.mockFlowFile,23B] to original
[main] DEBUG org.apache.nifi.processors.standard.RouteText - RouteText[id=38a82a0d-69fc-4d87-a6d1-ec924f6828ee] Adding new dynamic property: PropertyDescriptor[simple]
[pool-3004-thread-1] INFO org.apache.nifi.processors.standard.RouteText - RouteText[id=38a82a0d-69fc-4d87-a6d1-ec924f6828ee] Created FlowFile[1365,90491364755600.mockFlowFile,23B] from FlowFile[1364,90491364755600.mockFlowFile,23B]; routing to relationship simple
[pool-3004-thread-1] INFO org.apache.nifi.processors.standard.RouteText - RouteText[id=38a82a0d-69fc-4d87-a6d1-ec924f6828ee] Routing FlowFile[1364,90491364755600.mockFlowFile,23B] to original
[main] DEBUG org.apache.nifi.processors.standard.RouteText - RouteText[id=38a82a0d-69fc-4d87-a6d1-ec924f6828ee] Adding new dynamic property: PropertyDescriptor[simple]
[pool-3005-thread-1] INFO org.apache.nifi.processors.standard.RouteText - RouteText[id=38a82a0d-69fc-4d87-a6d1-ec924f6828ee] Created FlowFile[1367,90491365175461.mockFlowFile,23B] from FlowFile[1366,90491365175461.mockFlowFile,23B]; routing to relationship simple
[pool-3005-thread-1] INFO org.apache.nifi.processors.standard.RouteText - RouteText[id=38a82a0d-69fc-4d87-a6d1-ec924f6828ee] Routing FlowFile[1366,90491365175461.mockFlowFile,23B] to original
[main] DEBUG org.apache.nifi.processors.standard.RouteText - RouteText[id=38a82a0d-69fc-4d87-a6d1-ec924f6828ee] Adding new dynamic property: PropertyDescriptor[simple]
[pool-3006-thread-1] INFO org.apache.nifi.processors.standard.RouteText - RouteText[id=38a82a0d-69fc-4d87-a6d1-ec924f6828ee] Created FlowFile[1369,90491365601054.mockFlowFile,23B] from FlowFile[1368,90491365601054.mockFlowFile,23B]; routing to relationship simple
[pool-3006-thread-1] INFO org.apache.nifi.processors.standard.RouteText - RouteText[id=38a82a0d-69fc-4d87-a6d1-ec924f6828ee] Routing FlowFile[1368,90491365601054.mockFlowFile,23B] to original
[main] DEBUG org.apache.nifi.processors.standard.RouteText - RouteText[id=38a82a0d-69fc-4d87-a6d1-ec924f6828ee] Adding new dynamic property: PropertyDescriptor[simple]
[pool-3007-thread-1] INFO org.apache.nifi.processors.standard.RouteText - RouteText[id=38a82a0d-69fc-4d87-a6d1-ec924f6828ee] Created FlowFile[1371,90491366033479.mockFlowFile,23B] from FlowFile[1370,90491366033479.mockFlowFile,23B]; routing to relationship simple
[pool-3007-thread-1] INFO org.apache.nifi.processors.standard.RouteText - RouteText[id=38a82a0d-69fc-4d87-a6d1-ec924f6828ee] Routing FlowFile[1370,90491366033479.mockFlowFile,23B] to original
[main] DEBUG org.apache.nifi.processors.standard.RouteText - RouteText[id=38a82a0d-69fc-4d87-a6d1-ec924f6828ee] Adding new dynamic property: PropertyDescriptor[simple]
[pool-3008-thread-1] INFO org.apache.nifi.processors.standard.RouteText - RouteText[id=38a82a0d-69fc-4d87-a6d1-ec924f6828ee] Created FlowFile[1373,90491366488181.mockFlowFile,23B] from FlowFile[1372,90491366488181.mockFlowFile,23B]; routing to relationship simple
[pool-3008-thread-1] INFO org.apache.nifi.processors.standard.RouteText - RouteText[id=38a82a0d-69fc-4d87-a6d1-ec924f6828ee] Routing FlowFile[1372,90491366488181.mockFlowFile,23B] to original
[main] DEBUG org.apache.nifi.processors.standard.RouteText - RouteText[id=38a82a0d-69fc-4d87-a6d1-ec924f6828ee] Adding new dynamic property: PropertyDescriptor[simple]
[pool-3009-thread-1] INFO org.apache.nifi.processors.standard.RouteText - RouteText[id=38a82a0d-69fc-4d87-a6d1-ec924f6828ee] Created FlowFile[1375,90491366929854.mockFlowFile,23B] from FlowFile[1374,90491366929854.mockFlowFile,23B]; routing to relationship simple
[pool-3009-thread-1] INFO org.apache.nifi.processors.standard.RouteText - RouteText[id=38a82a0d-69fc-4d87-a6d1-ec924f6828ee] Routing FlowFile[1374,90491366929854.mockFlowFile,23B] to original
[main] DEBUG org.apache.nifi.processors.standard.RouteText - RouteText[id=38a82a0d-69fc-4d87-a6d1-ec924f6828ee] Adding new dynamic property: PropertyDescriptor[simple]
[pool-3010-thread-1] INFO org.apache.nifi.processors.standard.RouteText - RouteText[id=38a82a0d-69fc-4d87-a6d1-ec924f6828ee] Created FlowFile[1377,90491367358122.mockFlowFile,23B] from FlowFile[1376,90491367358122.mockFlowFile,23B]; routing to relationship simple
[pool-3010-thread-1] INFO org.apache.nifi.processors.standard.RouteText - RouteText[id=38a82a0d-69fc-4d87-a6d1-ec924f6828ee] Routing FlowFile[1376,90491367358122.mockFlowFile,23B] to original
[main] DEBUG org.apache.nifi.processors.standard.RouteText - RouteText[id=38a82a0d-69fc-4d87-a6d1-ec924f6828ee] Adding new dynamic property: PropertyDescriptor[simple]
[pool-3011-thread-1] INFO org.apache.nifi.processors.standard.RouteText - RouteText[id=38a82a0d-69fc-4d87-a6d1-ec924f6828ee] Created FlowFile[1379,90491367777091.mockFlowFile,23B] from FlowFile[1378,90491367777091.mockFlowFile,23B]; routing to relationship simple
[pool-3011-thread-1] INFO org.apache.nifi.processors.standard.RouteText - RouteText[id=38a82a0d-69fc-4d87-a6d1-ec924f6828ee] Routing FlowFile[1378,90491367777091.mockFlowFile,23B] to original
[main] DEBUG org.apache.nifi.processors.standard.RouteText - RouteText[id=38a82a0d-69fc-4d87-a6d1-ec924f6828ee] Adding new dynamic property: PropertyDescriptor[simple]
[pool-3012-thread-1] INFO org.apache.nifi.processors.standard.RouteText - RouteText[id=38a82a0d-69fc-4d87-a6d1-ec924f6828ee] Created FlowFile[1381,90491368312075.mockFlowFile,23B] from FlowFile[1380,90491368312075.mockFlowFile,23B]; routing to relationship simple
[pool-3012-thread-1] INFO org.apache.nifi.processors.standard.RouteText - RouteText[id=38a82a0d-69fc-4d87-a6d1-ec924f6828ee] Routing FlowFile[1380,90491368312075.mockFlowFile,23B] to original
[main] DEBUG org.apache.nifi.processors.standard.RouteText - RouteText[id=38a82a0d-69fc-4d87-a6d1-ec924f6828ee] Adding new dynamic property: PropertyDescriptor[simple]
[pool-3013-thread-1] INFO org.apache.nifi.processors.standard.RouteText - RouteText[id=38a82a0d-69fc-4d87-a6d1-ec924f6828ee] Created FlowFile[1383,90491368760022.mockFlowFile,23B] from FlowFile[1382,90491368760022.mockFlowFile,23B]; routing to relationship simple
[pool-3013-thread-1] INFO org.apache.nifi.processors.standard.RouteText - RouteText[id=38a82a0d-69fc-4d87-a6d1-ec924f6828ee] Routing FlowFile[1382,90491368760022.mockFlowFile,23B] to original
[main] DEBUG org.apache.nifi.processors.standard.RouteText - RouteText[id=38a82a0d-69fc-4d87-a6d1-ec924f6828ee] Adding new dynamic property: PropertyDescriptor[simple]
[pool-3014-thread-1] INFO org.apache.nifi.processors.standard.RouteText - RouteText[id=38a82a0d-69fc-4d87-a6d1-ec924f6828ee] Created FlowFile[1385,90491369196630.mockFlowFile,23B] from FlowFile[1384,90491369196630.mockFlowFile,23B]; routing to relationship simple
[pool-3014-thread-1] INFO org.apache.nifi.processors.standard.RouteText - RouteText[id=38a82a0d-69fc-4d87-a6d1-ec924f6828ee] Routing FlowFile[1384,90491369196630.mockFlowFile,23B] to original
[main] DEBUG org.apache.nifi.processors.standard.RouteText - RouteText[id=38a82a0d-69fc-4d87-a6d1-ec924f6828ee] Adding new dynamic property: PropertyDescriptor[simple]
[pool-3015-thread-1] INFO org.apache.nifi.processors.standard.RouteText - RouteText[id=38a82a0d-69fc-4d87-a6d1-ec924f6828ee] Created FlowFile[1387,90491369617276.mockFlowFile,23B] from FlowFile[1386,90491369617276.mockFlowFile,23B]; routing to relationship simple
[pool-3015-thread-1] INFO org.apache.nifi.processors.standard.RouteText - RouteText[id=38a82a0d-69fc-4d87-a6d1-ec924f6828ee] Routing FlowFile[1386,90491369617276.mockFlowFile,23B] to original
[main] DEBUG org.apache.nifi.processors.standard.RouteText - RouteText[id=38a82a0d-69fc-4d87-a6d1-ec924f6828ee] Adding new dynamic property: PropertyDescriptor[simple]
[pool-3016-thread-1] INFO org.apache.nifi.processors.standard.RouteText - RouteText[id=38a82a0d-69fc-4d87-a6d1-ec924f6828ee] Created FlowFile[1389,90491370020435.mockFlowFile,23B] from FlowFile[1388,90491370020435.mockFlowFile,23B]; routing to relationship simple
[pool-3016-thread-1] INFO org.apache.nifi.processors.standard.RouteText - RouteText[id=38a82a0d-69fc-4d87-a6d1-ec924f6828ee] Routing FlowFile[1388,90491370020435.mockFlowFile,23B] to original
[main] DEBUG org.apache.nifi.processors.standard.RouteText - RouteText[id=38a82a0d-69fc-4d87-a6d1-ec924f6828ee] Adding new dynamic property: PropertyDescriptor[simple]
[pool-3017-thread-1] INFO org.apache.nifi.processors.standard.RouteText - RouteText[id=38a82a0d-69fc-4d87-a6d1-ec924f6828ee] Created FlowFile[1391,90491370385373.mockFlowFile,23B] from FlowFile[1390,90491370385373.mockFlowFile,23B]; routing to relationship simple
[pool-3017-thread-1] INFO org.apache.nifi.processors.standard.RouteText - RouteText[id=38a82a0d-69fc-4d87-a6d1-ec924f6828ee] Routing FlowFile[1390,90491370385373.mockFlowFile,23B] to original
[main] DEBUG org.apache.nifi.processors.standard.RouteText - RouteText[id=38a82a0d-69fc-4d87-a6d1-ec924f6828ee] Adding new dynamic property: PropertyDescriptor[simple]
[pool-3018-thread-1] INFO org.apache.nifi.processors.standard.RouteText - RouteText[id=38a82a0d-69fc-4d87-a6d1-ec924f6828ee] Created FlowFile[1393,90491370803197.mockFlowFile,23B] from FlowFile[1392,90491370803197.mockFlowFile,23B]; routing to relationship simple
[pool-3018-thread-1] INFO org.apache.nifi.processors.standard.RouteText - RouteText[id=38a82a0d-69fc-4d87-a6d1-ec924f6828ee] Routing FlowFile[1392,90491370803197.mockFlowFile,23B] to original
[main] DEBUG org.apache.nifi.processors.standard.RouteText - RouteText[id=38a82a0d-69fc-4d87-a6d1-ec924f6828ee] Adding new dynamic property: PropertyDescriptor[simple]
[pool-3019-thread-1] INFO org.apache.nifi.processors.standard.RouteText - RouteText[id=38a82a0d-69fc-4d87-a6d1-ec924f6828ee] Created FlowFile[1395,90491371228713.mockFlowFile,23B] from FlowFile[1394,90491371228713.mockFlowFile,23B]; routing to relationship simple
[pool-3019-thread-1] INFO org.apache.nifi.processors.standard.RouteText - RouteText[id=38a82a0d-69fc-4d87-a6d1-ec924f6828ee] Routing FlowFile[1394,90491371228713.mockFlowFile,23B] to original
[main] DEBUG org.apache.nifi.processors.standard.RouteText - RouteText[id=38a82a0d-69fc-4d87-a6d1-ec924f6828ee] Adding new dynamic property: PropertyDescriptor[simple]
[pool-3020-thread-1] INFO org.apache.nifi.processors.standard.RouteText - RouteText[id=38a82a0d-69fc-4d87-a6d1-ec924f6828ee] Created FlowFile[1397,90491371620616.mockFlowFile,23B] from FlowFile[1396,90491371620616.mockFlowFile,23B]; routing to relationship simple
[pool-3020-thread-1] INFO org.apache.nifi.processors.standard.RouteText - RouteText[id=38a82a0d-69fc-4d87-a6d1-ec924f6828ee] Routing FlowFile[1396,90491371620616.mockFlowFile,23B] to original
[main] DEBUG org.apache.nifi.processors.standard.RouteText - RouteText[id=38a82a0d-69fc-4d87-a6d1-ec924f6828ee] Adding new dynamic property: PropertyDescriptor[simple]
[pool-3021-thread-1] INFO org.apache.nifi.processors.standard.RouteText - RouteText[id=38a82a0d-69fc-4d87-a6d1-ec924f6828ee] Created FlowFile[1399,90491372027615.mockFlowFile,23B] from FlowFile[1398,90491372027615.mockFlowFile,23B]; routing to relationship simple
[pool-3021-thread-1] INFO org.apache.nifi.processors.standard.RouteText - RouteText[id=38a82a0d-69fc-4d87-a6d1-ec924f6828ee] Routing FlowFile[1398,90491372027615.mockFlowFile,23B] to original
[main] DEBUG org.apache.nifi.processors.standard.RouteText - RouteText[id=38a82a0d-69fc-4d87-a6d1-ec924f6828ee] Adding new dynamic property: PropertyDescriptor[simple]
[pool-3022-thread-1] INFO org.apache.nifi.processors.standard.RouteText - RouteText[id=38a82a0d-69fc-4d87-a6d1-ec924f6828ee] Created FlowFile[1401,90491372392629.mockFlowFile,23B] from FlowFile[1400,90491372392629.mockFlowFile,23B]; routing to relationship simple
[pool-3022-thread-1] INFO org.apache.nifi.processors.standard.RouteText - RouteText[id=38a82a0d-69fc-4d87-a6d1-ec924f6828ee] Routing FlowFile[1400,90491372392629.mockFlowFile,23B] to original
[main] DEBUG org.apache.nifi.processors.standard.RouteText - RouteText[id=38a82a0d-69fc-4d87-a6d1-ec924f6828ee] Adding new dynamic property: PropertyDescriptor[simple]
[pool-3023-thread-1] INFO org.apache.nifi.processors.standard.RouteText - RouteText[id=38a82a0d-69fc-4d87-a6d1-ec924f6828ee] Created FlowFile[1403,90491372823214.mockFlowFile,23B] from FlowFile[1402,90491372823214.mockFlowFile,23B]; routing to relationship simple
[pool-3023-thread-1] INFO org.apache.nifi.processors.standard.RouteText - RouteText[id=38a82a0d-69fc-4d87-a6d1-ec924f6828ee] Routing FlowFile[1402,90491372823214.mockFlowFile,23B] to original
[main] DEBUG org.apache.nifi.processors.standard.RouteText - RouteText[id=38a82a0d-69fc-4d87-a6d1-ec924f6828ee] Adding new dynamic property: PropertyDescriptor[simple]
[pool-3024-thread-1] INFO org.apache.nifi.processors.standard.RouteText - RouteText[id=38a82a0d-69fc-4d87-a6d1-ec924f6828ee] Created FlowFile[1405,90491373248114.mockFlowFile,23B] from FlowFile[1404,90491373248114.mockFlowFile,23B]; routing to relationship simple
[pool-3024-thread-1] INFO org.apache.nifi.processors.standard.RouteText - RouteText[id=38a82a0d-69fc-4d87-a6d1-ec924f6828ee] Routing FlowFile[1404,90491373248114.mockFlowFile,23B] to original
[main] DEBUG org.apache.nifi.processors.standard.RouteText - RouteText[id=38a82a0d-69fc-4d87-a6d1-ec924f6828ee] Adding new dynamic property: PropertyDescriptor[simple]
[pool-3025-thread-1] INFO org.apache.nifi.processors.standard.RouteText - RouteText[id=38a82a0d-69fc-4d87-a6d1-ec924f6828ee] Created FlowFile[1407,90491373646737.mockFlowFile,23B] from FlowFile[1406,90491373646737.mockFlowFile,23B]; routing to relationship simple
[pool-3025-thread-1] INFO org.apache.nifi.processors.standard.RouteText - RouteText[id=38a82a0d-69fc-4d87-a6d1-ec924f6828ee] Routing FlowFile[1406,90491373646737.mockFlowFile,23B] to original
[main] DEBUG org.apache.nifi.processors.standard.RouteText - RouteText[id=38a82a0d-69fc-4d87-a6d1-ec924f6828ee] Adding new dynamic property: PropertyDescriptor[simple]
[pool-3026-thread-1] INFO org.apache.nifi.processors.standard.RouteText - RouteText[id=38a82a0d-69fc-4d87-a6d1-ec924f6828ee] Created FlowFile[1409,90491374164174.mockFlowFile,23B] from FlowFile[1408,90491374164174.mockFlowFile,23B]; routing to relationship simple
[pool-3026-thread-1] INFO org.apache.nifi.processors.standard.RouteText - RouteText[id=38a82a0d-69fc-4d87-a6d1-ec924f6828ee] Routing FlowFile[1408,90491374164174.mockFlowFile,23B] to original
[main] DEBUG org.apache.nifi.processors.standard.RouteText - RouteText[id=38a82a0d-69fc-4d87-a6d1-ec924f6828ee] Adding new dynamic property: PropertyDescriptor[simple]
[pool-3027-thread-1] INFO org.apache.nifi.processors.standard.RouteText - RouteText[id=38a82a0d-69fc-4d87-a6d1-ec924f6828ee] Created FlowFile[1411,90491374694286.mockFlowFile,23B] from FlowFile[1410,90491374694286.mockFlowFile,23B]; routing to relationship simple
[pool-3027-thread-1] INFO org.apache.nifi.processors.standard.RouteText - RouteText[id=38a82a0d-69fc-4d87-a6d1-ec924f6828ee] Routing FlowFile[1410,90491374694286.mockFlowFile,23B] to original
[main] DEBUG org.apache.nifi.processors.standard.RouteText - RouteText[id=38a82a0d-69fc-4d87-a6d1-ec924f6828ee] Adding new dynamic property: PropertyDescriptor[simple]
[pool-3028-thread-1] INFO org.apache.nifi.processors.standard.RouteText - RouteText[id=38a82a0d-69fc-4d87-a6d1-ec924f6828ee] Created FlowFile[1413,90491375150985.mockFlowFile,23B] from FlowFile[1412,90491375150985.mockFlowFile,23B]; routing to relationship simple
[pool-3028-thread-1] INFO org.apache.nifi.processors.standard.RouteText - RouteText[id=38a82a0d-69fc-4d87-a6d1-ec924f6828ee] Routing FlowFile[1412,90491375150985.mockFlowFile,23B] to original
[main] DEBUG org.apache.nifi.processors.standard.RouteText - RouteText[id=38a82a0d-69fc-4d87-a6d1-ec924f6828ee] Adding new dynamic property: PropertyDescriptor[simple]
[pool-3029-thread-1] INFO org.apache.nifi.processors.standard.RouteText - RouteText[id=38a82a0d-69fc-4d87-a6d1-ec924f6828ee] Created FlowFile[1415,90491375618503.mockFlowFile,23B] from FlowFile[1414,90491375618503.mockFlowFile,23B]; routing to relationship simple
[pool-3029-thread-1] INFO org.apache.nifi.processors.standard.RouteText - RouteText[id=38a82a0d-69fc-4d87-a6d1-ec924f6828ee] Routing FlowFile[1414,90491375618503.mockFlowFile,23B] to original
[main] DEBUG org.apache.nifi.processors.standard.RouteText - RouteText[id=38a82a0d-69fc-4d87-a6d1-ec924f6828ee] Adding new dynamic property: PropertyDescriptor[simple]
[pool-3030-thread-1] INFO org.apache.nifi.processors.standard.RouteText - RouteText[id=38a82a0d-69fc-4d87-a6d1-ec924f6828ee] Created FlowFile[1417,90491376138829.mockFlowFile,23B] from FlowFile[1416,90491376138829.mockFlowFile,23B]; routing to relationship simple
[pool-3030-thread-1] INFO org.apache.nifi.processors.standard.RouteText - RouteText[id=38a82a0d-69fc-4d87-a6d1-ec924f6828ee] Routing FlowFile[1416,90491376138829.mockFlowFile,23B] to original
[main] DEBUG org.apache.nifi.processors.standard.RouteText - RouteText[id=38a82a0d-69fc-4d87-a6d1-ec924f6828ee] Adding new dynamic property: PropertyDescriptor[simple]
[pool-3031-thread-1] INFO org.apache.nifi.processors.standard.RouteText - RouteText[id=38a82a0d-69fc-4d87-a6d1-ec924f6828ee] Created FlowFile[1419,90491376680388.mockFlowFile,23B] from FlowFile[1418,90491376680388.mockFlowFile,23B]; routing to relationship simple
[pool-3031-thread-1] INFO org.apache.nifi.processors.standard.RouteText - RouteText[id=38a82a0d-69fc-4d87-a6d1-ec924f6828ee] Routing FlowFile[1418,90491376680388.mockFlowFile,23B] to original
[main] DEBUG org.apache.nifi.processors.standard.RouteText - RouteText[id=38a82a0d-69fc-4d87-a6d1-ec924f6828ee] Adding new dynamic property: PropertyDescriptor[simple]
[pool-3032-thread-1] INFO org.apache.nifi.processors.standard.RouteText - RouteText[id=38a82a0d-69fc-4d87-a6d1-ec924f6828ee] Created FlowFile[1421,90491377180814.mockFlowFile,23B] from FlowFile[1420,90491377180814.mockFlowFile,23B]; routing to relationship simple
[pool-3032-thread-1] INFO org.apache.nifi.processors.standard.RouteText - RouteText[id=38a82a0d-69fc-4d87-a6d1-ec924f6828ee] Routing FlowFile[1420,90491377180814.mockFlowFile,23B] to original
[main] DEBUG org.apache.nifi.processors.standard.RouteText - RouteText[id=38a82a0d-69fc-4d87-a6d1-ec924f6828ee] Adding new dynamic property: PropertyDescriptor[simple]
[pool-3033-thread-1] INFO org.apache.nifi.processors.standard.RouteText - RouteText[id=38a82a0d-69fc-4d87-a6d1-ec924f6828ee] Created FlowFile[1423,90491377683562.mockFlowFile,23B] from FlowFile[1422,90491377683562.mockFlowFile,23B]; routing to relationship simple
[pool-3033-thread-1] INFO org.apache.nifi.processors.standard.RouteText - RouteText[id=38a82a0d-69fc-4d87-a6d1-ec924f6828ee] Routing FlowFile[1422,90491377683562.mockFlowFile,23B] to original
[main] DEBUG org.apache.nifi.processors.standard.RouteText - RouteText[id=38a82a0d-69fc-4d87-a6d1-ec924f6828ee] Adding new dynamic property: PropertyDescriptor[simple]
[pool-3034-thread-1] INFO org.apache.nifi.processors.standard.RouteText - RouteText[id=38a82a0d-69fc-4d87-a6d1-ec924f6828ee] Created FlowFile[1425,90491378105704.mockFlowFile,23B] from FlowFile[1424,90491378105704.mockFlowFile,23B]; routing to relationship simple
[pool-3034-thread-1] INFO org.apache.nifi.processors.standard.RouteText - RouteText[id=38a82a0d-69fc-4d87-a6d1-ec924f6828ee] Routing FlowFile[1424,90491378105704.mockFlowFile,23B] to original
[main] DEBUG org.apache.nifi.processors.standard.RouteText - RouteText[id=38a82a0d-69fc-4d87-a6d1-ec924f6828ee] Adding new dynamic property: PropertyDescriptor[simple]
[pool-3035-thread-1] INFO org.apache.nifi.processors.standard.RouteText - RouteText[id=38a82a0d-69fc-4d87-a6d1-ec924f6828ee] Created FlowFile[1427,90491378505572.mockFlowFile,23B] from FlowFile[1426,90491378505572.mockFlowFile,23B]; routing to relationship simple
[pool-3035-thread-1] INFO org.apache.nifi.processors.standard.RouteText - RouteText[id=38a82a0d-69fc-4d87-a6d1-ec924f6828ee] Routing FlowFile[1426,90491378505572.mockFlowFile,23B] to original
[main] DEBUG org.apache.nifi.processors.standard.RouteText - RouteText[id=38a82a0d-69fc-4d87-a6d1-ec924f6828ee] Adding new dynamic property: PropertyDescriptor[simple]
[pool-3036-thread-1] INFO org.apache.nifi.processors.standard.RouteText - RouteText[id=38a82a0d-69fc-4d87-a6d1-ec924f6828ee] Created FlowFile[1429,90491378902992.mockFlowFile,23B] from FlowFile[1428,90491378902992.mockFlowFile,23B]; routing to relationship simple
[pool-3036-thread-1] INFO org.apache.nifi.processors.standard.RouteText - RouteText[id=38a82a0d-69fc-4d87-a6d1-ec924f6828ee] Routing FlowFile[1428,90491378902992.mockFlowFile,23B] to original
[main] DEBUG org.apache.nifi.processors.standard.RouteText - RouteText[id=38a82a0d-69fc-4d87-a6d1-ec924f6828ee] Adding new dynamic property: PropertyDescriptor[simple]
[pool-3037-thread-1] INFO org.apache.nifi.processors.standard.RouteText - RouteText[id=38a82a0d-69fc-4d87-a6d1-ec924f6828ee] Created FlowFile[1431,90491379338333.mockFlowFile,23B] from FlowFile[1430,90491379338333.mockFlowFile,23B]; routing to relationship simple
[pool-3037-thread-1] INFO org.apache.nifi.processors.standard.RouteText - RouteText[id=38a82a0d-69fc-4d87-a6d1-ec924f6828ee] Routing FlowFile[1430,90491379338333.mockFlowFile,23B] to original
[main] DEBUG org.apache.nifi.processors.standard.RouteText - RouteText[id=38a82a0d-69fc-4d87-a6d1-ec924f6828ee] Adding new dynamic property: PropertyDescriptor[simple]
[pool-3038-thread-1] INFO org.apache.nifi.processors.standard.RouteText - RouteText[id=38a82a0d-69fc-4d87-a6d1-ec924f6828ee] Created FlowFile[1433,90491379750120.mockFlowFile,23B] from FlowFile[1432,90491379750120.mockFlowFile,23B]; routing to relationship simple
[pool-3038-thread-1] INFO org.apache.nifi.processors.standard.RouteText - RouteText[id=38a82a0d-69fc-4d87-a6d1-ec924f6828ee] Routing FlowFile[1432,90491379750120.mockFlowFile,23B] to original
[main] DEBUG org.apache.nifi.processors.standard.RouteText - RouteText[id=38a82a0d-69fc-4d87-a6d1-ec924f6828ee] Adding new dynamic property: PropertyDescriptor[simple]
[pool-3039-thread-1] INFO org.apache.nifi.processors.standard.RouteText - RouteText[id=38a82a0d-69fc-4d87-a6d1-ec924f6828ee] Created FlowFile[1435,90491380277507.mockFlowFile,23B] from FlowFile[1434,90491380277507.mockFlowFile,23B]; routing to relationship simple
[pool-3039-thread-1] INFO org.apache.nifi.processors.standard.RouteText - RouteText[id=38a82a0d-69fc-4d87-a6d1-ec924f6828ee] Routing FlowFile[1434,90491380277507.mockFlowFile,23B] to original
[main] DEBUG org.apache.nifi.processors.standard.RouteText - RouteText[id=38a82a0d-69fc-4d87-a6d1-ec924f6828ee] Adding new dynamic property: PropertyDescriptor[simple]
[pool-3040-thread-1] INFO org.apache.nifi.processors.standard.RouteText - RouteText[id=38a82a0d-69fc-4d87-a6d1-ec924f6828ee] Created FlowFile[1437,90491380739909.mockFlowFile,23B] from FlowFile[1436,90491380739909.mockFlowFile,23B]; routing to relationship simple
[pool-3040-thread-1] INFO org.apache.nifi.processors.standard.RouteText - RouteText[id=38a82a0d-69fc-4d87-a6d1-ec924f6828ee] Routing FlowFile[1436,90491380739909.mockFlowFile,23B] to original
[main] DEBUG org.apache.nifi.processors.standard.RouteText - RouteText[id=38a82a0d-69fc-4d87-a6d1-ec924f6828ee] Adding new dynamic property: PropertyDescriptor[simple]
[pool-3041-thread-1] INFO org.apache.nifi.processors.standard.RouteText - RouteText[id=38a82a0d-69fc-4d87-a6d1-ec924f6828ee] Created FlowFile[1439,90491381262510.mockFlowFile,23B] from FlowFile[1438,90491381262510.mockFlowFile,23B]; routing to relationship simple
[pool-3041-thread-1] INFO org.apache.nifi.processors.standard.RouteText - RouteText[id=38a82a0d-69fc-4d87-a6d1-ec924f6828ee] Routing FlowFile[1438,90491381262510.mockFlowFile,23B] to original
[main] DEBUG org.apache.nifi.processors.standard.RouteText - RouteText[id=38a82a0d-69fc-4d87-a6d1-ec924f6828ee] Adding new dynamic property: PropertyDescriptor[simple]
[pool-3042-thread-1] INFO org.apache.nifi.processors.standard.RouteText - RouteText[id=38a82a0d-69fc-4d87-a6d1-ec924f6828ee] Created FlowFile[1441,90491381752933.mockFlowFile,23B] from FlowFile[1440,90491381752933.mockFlowFile,23B]; routing to relationship simple
[pool-3042-thread-1] INFO org.apache.nifi.processors.standard.RouteText - RouteText[id=38a82a0d-69fc-4d87-a6d1-ec924f6828ee] Routing FlowFile[1440,90491381752933.mockFlowFile,23B] to original
[main] DEBUG org.apache.nifi.processors.standard.RouteText - RouteText[id=38a82a0d-69fc-4d87-a6d1-ec924f6828ee] Adding new dynamic property: PropertyDescriptor[simple]
[pool-3043-thread-1] INFO org.apache.nifi.processors.standard.RouteText - RouteText[id=38a82a0d-69fc-4d87-a6d1-ec924f6828ee] Created FlowFile[1443,90491398925352.mockFlowFile,23B] from FlowFile[1442,90491398925352.mockFlowFile,23B]; routing to relationship simple
[pool-3043-thread-1] INFO org.apache.nifi.processors.standard.RouteText - RouteText[id=38a82a0d-69fc-4d87-a6d1-ec924f6828ee] Routing FlowFile[1442,90491398925352.mockFlowFile,23B] to original
[main] DEBUG org.apache.nifi.processors.standard.RouteText - RouteText[id=38a82a0d-69fc-4d87-a6d1-ec924f6828ee] Adding new dynamic property: PropertyDescriptor[simple]
[pool-3044-thread-1] INFO org.apache.nifi.processors.standard.RouteText - RouteText[id=38a82a0d-69fc-4d87-a6d1-ec924f6828ee] Created FlowFile[1445,90491399490295.mockFlowFile,23B] from FlowFile[1444,90491399490295.mockFlowFile,23B]; routing to relationship simple
[pool-3044-thread-1] INFO org.apache.nifi.processors.standard.RouteText - RouteText[id=38a82a0d-69fc-4d87-a6d1-ec924f6828ee] Routing FlowFile[1444,90491399490295.mockFlowFile,23B] to original
[main] DEBUG org.apache.nifi.processors.standard.RouteText - RouteText[id=38a82a0d-69fc-4d87-a6d1-ec924f6828ee] Adding new dynamic property: PropertyDescriptor[simple]
[pool-3045-thread-1] INFO org.apache.nifi.processors.standard.RouteText - RouteText[id=38a82a0d-69fc-4d87-a6d1-ec924f6828ee] Created FlowFile[1447,90491399976127.mockFlowFile,23B] from FlowFile[1446,90491399976127.mockFlowFile,23B]; routing to relationship simple
[pool-3045-thread-1] INFO org.apache.nifi.processors.standard.RouteText - RouteText[id=38a82a0d-69fc-4d87-a6d1-ec924f6828ee] Routing FlowFile[1446,90491399976127.mockFlowFile,23B] to original
[main] DEBUG org.apache.nifi.processors.standard.RouteText - RouteText[id=38a82a0d-69fc-4d87-a6d1-ec924f6828ee] Adding new dynamic property: PropertyDescriptor[simple]
[pool-3046-thread-1] INFO org.apache.nifi.processors.standard.RouteText - RouteText[id=38a82a0d-69fc-4d87-a6d1-ec924f6828ee] Created FlowFile[1449,90491400457008.mockFlowFile,23B] from FlowFile[1448,90491400457008.mockFlowFile,23B]; routing to relationship simple
[pool-3046-thread-1] INFO org.apache.nifi.processors.standard.RouteText - RouteText[id=38a82a0d-69fc-4d87-a6d1-ec924f6828ee] Routing FlowFile[1448,90491400457008.mockFlowFile,23B] to original
[main] DEBUG org.apache.nifi.processors.standard.RouteText - RouteText[id=38a82a0d-69fc-4d87-a6d1-ec924f6828ee] Adding new dynamic property: PropertyDescriptor[simple]
[pool-3047-thread-1] INFO org.apache.nifi.processors.standard.RouteText - RouteText[id=38a82a0d-69fc-4d87-a6d1-ec924f6828ee] Created FlowFile[1451,90491400881299.mockFlowFile,23B] from FlowFile[1450,90491400881299.mockFlowFile,23B]; routing to relationship simple
[pool-3047-thread-1] INFO org.apache.nifi.processors.standard.RouteText - RouteText[id=38a82a0d-69fc-4d87-a6d1-ec924f6828ee] Routing FlowFile[1450,90491400881299.mockFlowFile,23B] to original
[main] DEBUG org.apache.nifi.processors.standard.RouteText - RouteText[id=38a82a0d-69fc-4d87-a6d1-ec924f6828ee] Adding new dynamic property: PropertyDescriptor[simple]
[pool-3048-thread-1] INFO org.apache.nifi.processors.standard.RouteText - RouteText[id=38a82a0d-69fc-4d87-a6d1-ec924f6828ee] Created FlowFile[1453,90491401279910.mockFlowFile,23B] from FlowFile[1452,90491401279910.mockFlowFile,23B]; routing to relationship simple
[pool-3048-thread-1] INFO org.apache.nifi.processors.standard.RouteText - RouteText[id=38a82a0d-69fc-4d87-a6d1-ec924f6828ee] Routing FlowFile[1452,90491401279910.mockFlowFile,23B] to original
[main] DEBUG org.apache.nifi.processors.standard.RouteText - RouteText[id=38a82a0d-69fc-4d87-a6d1-ec924f6828ee] Adding new dynamic property: PropertyDescriptor[simple]
[pool-3049-thread-1] INFO org.apache.nifi.processors.standard.RouteText - RouteText[id=38a82a0d-69fc-4d87-a6d1-ec924f6828ee] Created FlowFile[1455,90491401659178.mockFlowFile,23B] from FlowFile[1454,90491401659178.mockFlowFile,23B]; routing to relationship simple
[pool-3049-thread-1] INFO org.apache.nifi.processors.standard.RouteText - RouteText[id=38a82a0d-69fc-4d87-a6d1-ec924f6828ee] Routing FlowFile[1454,90491401659178.mockFlowFile,23B] to original
[main] DEBUG org.apache.nifi.processors.standard.RouteText - RouteText[id=38a82a0d-69fc-4d87-a6d1-ec924f6828ee] Adding new dynamic property: PropertyDescriptor[simple]
[pool-3050-thread-1] INFO org.apache.nifi.processors.standard.RouteText - RouteText[id=38a82a0d-69fc-4d87-a6d1-ec924f6828ee] Created FlowFile[1457,90491402087482.mockFlowFile,23B] from FlowFile[1456,90491402087482.mockFlowFile,23B]; routing to relationship simple
[pool-3050-thread-1] INFO org.apache.nifi.processors.standard.RouteText - RouteText[id=38a82a0d-69fc-4d87-a6d1-ec924f6828ee] Routing FlowFile[1456,90491402087482.mockFlowFile,23B] to original
[main] DEBUG org.apache.nifi.processors.standard.RouteText - RouteText[id=38a82a0d-69fc-4d87-a6d1-ec924f6828ee] Adding new dynamic property: PropertyDescriptor[simple]
[pool-3051-thread-1] INFO org.apache.nifi.processors.standard.RouteText - RouteText[id=38a82a0d-69fc-4d87-a6d1-ec924f6828ee] Created FlowFile[1459,90491402526044.mockFlowFile,23B] from FlowFile[1458,90491402526044.mockFlowFile,23B]; routing to relationship simple
[pool-3051-thread-1] INFO org.apache.nifi.processors.standard.RouteText - RouteText[id=38a82a0d-69fc-4d87-a6d1-ec924f6828ee] Routing FlowFile[1458,90491402526044.mockFlowFile,23B] to original
[main] DEBUG org.apache.nifi.processors.standard.RouteText - RouteText[id=38a82a0d-69fc-4d87-a6d1-ec924f6828ee] Adding new dynamic property: PropertyDescriptor[simple]
[pool-3052-thread-1] INFO org.apache.nifi.processors.standard.RouteText - RouteText[id=38a82a0d-69fc-4d87-a6d1-ec924f6828ee] Created FlowFile[1461,90491402961170.mockFlowFile,23B] from FlowFile[1460,90491402961170.mockFlowFile,23B]; routing to relationship simple
[pool-3052-thread-1] INFO org.apache.nifi.processors.standard.RouteText - RouteText[id=38a82a0d-69fc-4d87-a6d1-ec924f6828ee] Routing FlowFile[1460,90491402961170.mockFlowFile,23B] to original
[main] DEBUG org.apache.nifi.processors.standard.RouteText - RouteText[id=38a82a0d-69fc-4d87-a6d1-ec924f6828ee] Adding new dynamic property: PropertyDescriptor[simple]
[pool-3053-thread-1] INFO org.apache.nifi.processors.standard.RouteText - RouteText[id=38a82a0d-69fc-4d87-a6d1-ec924f6828ee] Created FlowFile[1463,90491403390365.mockFlowFile,23B] from FlowFile[1462,90491403390365.mockFlowFile,23B]; routing to relationship simple
[pool-3053-thread-1] INFO org.apache.nifi.processors.standard.RouteText - RouteText[id=38a82a0d-69fc-4d87-a6d1-ec924f6828ee] Routing FlowFile[1462,90491403390365.mockFlowFile,23B] to original
[main] DEBUG org.apache.nifi.processors.standard.RouteText - RouteText[id=38a82a0d-69fc-4d87-a6d1-ec924f6828ee] Adding new dynamic property: PropertyDescriptor[simple]
[pool-3054-thread-1] INFO org.apache.nifi.processors.standard.RouteText - RouteText[id=38a82a0d-69fc-4d87-a6d1-ec924f6828ee] Created FlowFile[1465,90491403801328.mockFlowFile,23B] from FlowFile[1464,90491403801328.mockFlowFile,23B]; routing to relationship simple
[pool-3054-thread-1] INFO org.apache.nifi.processors.standard.RouteText - RouteText[id=38a82a0d-69fc-4d87-a6d1-ec924f6828ee] Routing FlowFile[1464,90491403801328.mockFlowFile,23B] to original
[main] DEBUG org.apache.nifi.processors.standard.RouteText - RouteText[id=38a82a0d-69fc-4d87-a6d1-ec924f6828ee] Adding new dynamic property: PropertyDescriptor[simple]
[pool-3055-thread-1] INFO org.apache.nifi.processors.standard.RouteText - RouteText[id=38a82a0d-69fc-4d87-a6d1-ec924f6828ee] Created FlowFile[1467,90491404252339.mockFlowFile,23B] from FlowFile[1466,90491404252339.mockFlowFile,23B]; routing to relationship simple
[pool-3055-thread-1] INFO org.apache.nifi.processors.standard.RouteText - RouteText[id=38a82a0d-69fc-4d87-a6d1-ec924f6828ee] Routing FlowFile[1466,90491404252339.mockFlowFile,23B] to original
[main] DEBUG org.apache.nifi.processors.standard.RouteText - RouteText[id=38a82a0d-69fc-4d87-a6d1-ec924f6828ee] Adding new dynamic property: PropertyDescriptor[simple]
[pool-3056-thread-1] INFO org.apache.nifi.processors.standard.RouteText - RouteText[id=38a82a0d-69fc-4d87-a6d1-ec924f6828ee] Created FlowFile[1469,90491404636977.mockFlowFile,23B] from FlowFile[1468,90491404636977.mockFlowFile,23B]; routing to relationship simple
[pool-3056-thread-1] INFO org.apache.nifi.processors.standard.RouteText - RouteText[id=38a82a0d-69fc-4d87-a6d1-ec924f6828ee] Routing FlowFile[1468,90491404636977.mockFlowFile,23B] to original
[main] DEBUG org.apache.nifi.processors.standard.RouteText - RouteText[id=38a82a0d-69fc-4d87-a6d1-ec924f6828ee] Adding new dynamic property: PropertyDescriptor[simple]
[pool-3057-thread-1] INFO org.apache.nifi.processors.standard.RouteText - RouteText[id=38a82a0d-69fc-4d87-a6d1-ec924f6828ee] Created FlowFile[1471,90491405054036.mockFlowFile,23B] from FlowFile[1470,90491405054036.mockFlowFile,23B]; routing to relationship simple
[pool-3057-thread-1] INFO org.apache.nifi.processors.standard.RouteText - RouteText[id=38a82a0d-69fc-4d87-a6d1-ec924f6828ee] Routing FlowFile[1470,90491405054036.mockFlowFile,23B] to original
[main] DEBUG org.apache.nifi.processors.standard.RouteText - RouteText[id=38a82a0d-69fc-4d87-a6d1-ec924f6828ee] Adding new dynamic property: PropertyDescriptor[simple]
[pool-3058-thread-1] INFO org.apache.nifi.processors.standard.RouteText - RouteText[id=38a82a0d-69fc-4d87-a6d1-ec924f6828ee] Created FlowFile[1473,90491405470796.mockFlowFile,23B] from FlowFile[1472,90491405470796.mockFlowFile,23B]; routing to relationship simple
[pool-3058-thread-1] INFO org.apache.nifi.processors.standard.RouteText - RouteText[id=38a82a0d-69fc-4d87-a6d1-ec924f6828ee] Routing FlowFile[1472,90491405470796.mockFlowFile,23B] to original
[main] DEBUG org.apache.nifi.processors.standard.RouteText - RouteText[id=38a82a0d-69fc-4d87-a6d1-ec924f6828ee] Adding new dynamic property: PropertyDescriptor[simple]
[pool-3059-thread-1] INFO org.apache.nifi.processors.standard.RouteText - RouteText[id=38a82a0d-69fc-4d87-a6d1-ec924f6828ee] Created FlowFile[1475,90491405887475.mockFlowFile,23B] from FlowFile[1474,90491405887475.mockFlowFile,23B]; routing to relationship simple
[pool-3059-thread-1] INFO org.apache.nifi.processors.standard.RouteText - RouteText[id=38a82a0d-69fc-4d87-a6d1-ec924f6828ee] Routing FlowFile[1474,90491405887475.mockFlowFile,23B] to original
[main] DEBUG org.apache.nifi.processors.standard.RouteText - RouteText[id=38a82a0d-69fc-4d87-a6d1-ec924f6828ee] Adding new dynamic property: PropertyDescriptor[simple]
[pool-3060-thread-1] INFO org.apache.nifi.processors.standard.RouteText - RouteText[id=38a82a0d-69fc-4d87-a6d1-ec924f6828ee] Created FlowFile[1477,90491406297265.mockFlowFile,23B] from FlowFile[1476,90491406297265.mockFlowFile,23B]; routing to relationship simple
[pool-3060-thread-1] INFO org.apache.nifi.processors.standard.RouteText - RouteText[id=38a82a0d-69fc-4d87-a6d1-ec924f6828ee] Routing FlowFile[1476,90491406297265.mockFlowFile,23B] to original
[main] DEBUG org.apache.nifi.processors.standard.RouteText - RouteText[id=38a82a0d-69fc-4d87-a6d1-ec924f6828ee] Adding new dynamic property: PropertyDescriptor[simple]
[pool-3061-thread-1] INFO org.apache.nifi.processors.standard.RouteText - RouteText[id=38a82a0d-69fc-4d87-a6d1-ec924f6828ee] Created FlowFile[1479,90491406725038.mockFlowFile,23B] from FlowFile[1478,90491406725038.mockFlowFile,23B]; routing to relationship simple
[pool-3061-thread-1] INFO org.apache.nifi.processors.standard.RouteText - RouteText[id=38a82a0d-69fc-4d87-a6d1-ec924f6828ee] Routing FlowFile[1478,90491406725038.mockFlowFile,23B] to original
[main] DEBUG org.apache.nifi.processors.standard.RouteText - RouteText[id=38a82a0d-69fc-4d87-a6d1-ec924f6828ee] Adding new dynamic property: PropertyDescriptor[simple]
[pool-3062-thread-1] INFO org.apache.nifi.processors.standard.RouteText - RouteText[id=38a82a0d-69fc-4d87-a6d1-ec924f6828ee] Created FlowFile[1481,90491407295656.mockFlowFile,23B] from FlowFile[1480,90491407295656.mockFlowFile,23B]; routing to relationship simple
[pool-3062-thread-1] INFO org.apache.nifi.processors.standard.RouteText - RouteText[id=38a82a0d-69fc-4d87-a6d1-ec924f6828ee] Routing FlowFile[1480,90491407295656.mockFlowFile,23B] to original
[main] DEBUG org.apache.nifi.processors.standard.RouteText - RouteText[id=38a82a0d-69fc-4d87-a6d1-ec924f6828ee] Adding new dynamic property: PropertyDescriptor[simple]
[pool-3063-thread-1] INFO org.apache.nifi.processors.standard.RouteText - RouteText[id=38a82a0d-69fc-4d87-a6d1-ec924f6828ee] Created FlowFile[1483,90491407791909.mockFlowFile,23B] from FlowFile[1482,90491407791909.mockFlowFile,23B]; routing to relationship simple
[pool-3063-thread-1] INFO org.apache.nifi.processors.standard.RouteText - RouteText[id=38a82a0d-69fc-4d87-a6d1-ec924f6828ee] Routing FlowFile[1482,90491407791909.mockFlowFile,23B] to original
[main] DEBUG org.apache.nifi.processors.standard.RouteText - RouteText[id=38a82a0d-69fc-4d87-a6d1-ec924f6828ee] Adding new dynamic property: PropertyDescriptor[simple]
[pool-3064-thread-1] INFO org.apache.nifi.processors.standard.RouteText - RouteText[id=38a82a0d-69fc-4d87-a6d1-ec924f6828ee] Created FlowFile[1485,90491408228837.mockFlowFile,23B] from FlowFile[1484,90491408228837.mockFlowFile,23B]; routing to relationship simple
[pool-3064-thread-1] INFO org.apache.nifi.processors.standard.RouteText - RouteText[id=38a82a0d-69fc-4d87-a6d1-ec924f6828ee] Routing FlowFile[1484,90491408228837.mockFlowFile,23B] to original
[main] DEBUG org.apache.nifi.processors.standard.RouteText - RouteText[id=38a82a0d-69fc-4d87-a6d1-ec924f6828ee] Adding new dynamic property: PropertyDescriptor[simple]
[pool-3065-thread-1] INFO org.apache.nifi.processors.standard.RouteText - RouteText[id=38a82a0d-69fc-4d87-a6d1-ec924f6828ee] Created FlowFile[1487,90491408819140.mockFlowFile,23B] from FlowFile[1486,90491408819140.mockFlowFile,23B]; routing to relationship simple
[pool-3065-thread-1] INFO org.apache.nifi.processors.standard.RouteText - RouteText[id=38a82a0d-69fc-4d87-a6d1-ec924f6828ee] Routing FlowFile[1486,90491408819140.mockFlowFile,23B] to original
[main] DEBUG org.apache.nifi.processors.standard.RouteText - RouteText[id=38a82a0d-69fc-4d87-a6d1-ec924f6828ee] Adding new dynamic property: PropertyDescriptor[simple]
[pool-3066-thread-1] INFO org.apache.nifi.processors.standard.RouteText - RouteText[id=38a82a0d-69fc-4d87-a6d1-ec924f6828ee] Created FlowFile[1489,90491409403447.mockFlowFile,23B] from FlowFile[1488,90491409403447.mockFlowFile,23B]; routing to relationship simple
[pool-3066-thread-1] INFO org.apache.nifi.processors.standard.RouteText - RouteText[id=38a82a0d-69fc-4d87-a6d1-ec924f6828ee] Routing FlowFile[1488,90491409403447.mockFlowFile,23B] to original
[main] DEBUG org.apache.nifi.processors.standard.RouteText - RouteText[id=38a82a0d-69fc-4d87-a6d1-ec924f6828ee] Adding new dynamic property: PropertyDescriptor[simple]
[pool-3067-thread-1] INFO org.apache.nifi.processors.standard.RouteText - RouteText[id=38a82a0d-69fc-4d87-a6d1-ec924f6828ee] Created FlowFile[1491,90491410110094.mockFlowFile,23B] from FlowFile[1490,90491410110094.mockFlowFile,23B]; routing to relationship simple
[pool-3067-thread-1] INFO org.apache.nifi.processors.standard.RouteText - RouteText[id=38a82a0d-69fc-4d87-a6d1-ec924f6828ee] Routing FlowFile[1490,90491410110094.mockFlowFile,23B] to original
[main] DEBUG org.apache.nifi.processors.standard.RouteText - RouteText[id=38a82a0d-69fc-4d87-a6d1-ec924f6828ee] Adding new dynamic property: PropertyDescriptor[simple]
[pool-3068-thread-1] INFO org.apache.nifi.processors.standard.RouteText - RouteText[id=38a82a0d-69fc-4d87-a6d1-ec924f6828ee] Created FlowFile[1493,90491410705642.mockFlowFile,23B] from FlowFile[1492,90491410705642.mockFlowFile,23B]; routing to relationship simple
[pool-3068-thread-1] INFO org.apache.nifi.processors.standard.RouteText - RouteText[id=38a82a0d-69fc-4d87-a6d1-ec924f6828ee] Routing FlowFile[1492,90491410705642.mockFlowFile,23B] to original
[main] DEBUG org.apache.nifi.processors.standard.RouteText - RouteText[id=38a82a0d-69fc-4d87-a6d1-ec924f6828ee] Adding new dynamic property: PropertyDescriptor[simple]
[pool-3069-thread-1] INFO org.apache.nifi.processors.standard.RouteText - RouteText[id=38a82a0d-69fc-4d87-a6d1-ec924f6828ee] Created FlowFile[1495,90491411298459.mockFlowFile,23B] from FlowFile[1494,90491411298459.mockFlowFile,23B]; routing to relationship simple
[pool-3069-thread-1] INFO org.apache.nifi.processors.standard.RouteText - RouteText[id=38a82a0d-69fc-4d87-a6d1-ec924f6828ee] Routing FlowFile[1494,90491411298459.mockFlowFile,23B] to original
[main] DEBUG org.apache.nifi.processors.standard.RouteText - RouteText[id=38a82a0d-69fc-4d87-a6d1-ec924f6828ee] Adding new dynamic property: PropertyDescriptor[simple]
[pool-3070-thread-1] INFO org.apache.nifi.processors.standard.RouteText - RouteText[id=38a82a0d-69fc-4d87-a6d1-ec924f6828ee] Created FlowFile[1497,90491411780524.mockFlowFile,23B] from FlowFile[1496,90491411780524.mockFlowFile,23B]; routing to relationship simple
[pool-3070-thread-1] INFO org.apache.nifi.processors.standard.RouteText - RouteText[id=38a82a0d-69fc-4d87-a6d1-ec924f6828ee] Routing FlowFile[1496,90491411780524.mockFlowFile,23B] to original
[main] DEBUG org.apache.nifi.processors.standard.RouteText - RouteText[id=38a82a0d-69fc-4d87-a6d1-ec924f6828ee] Adding new dynamic property: PropertyDescriptor[simple]
[pool-3071-thread-1] INFO org.apache.nifi.processors.standard.RouteText - RouteText[id=38a82a0d-69fc-4d87-a6d1-ec924f6828ee] Created FlowFile[1499,90491412140212.mockFlowFile,23B] from FlowFile[1498,90491412140212.mockFlowFile,23B]; routing to relationship simple
[pool-3071-thread-1] INFO org.apache.nifi.processors.standard.RouteText - RouteText[id=38a82a0d-69fc-4d87-a6d1-ec924f6828ee] Routing FlowFile[1498,90491412140212.mockFlowFile,23B] to original
[main] DEBUG org.apache.nifi.processors.standard.RouteText - RouteText[id=38a82a0d-69fc-4d87-a6d1-ec924f6828ee] Adding new dynamic property: PropertyDescriptor[simple]
[pool-3072-thread-1] INFO org.apache.nifi.processors.standard.RouteText - RouteText[id=38a82a0d-69fc-4d87-a6d1-ec924f6828ee] Created FlowFile[1501,90491412501789.mockFlowFile,23B] from FlowFile[1500,90491412501789.mockFlowFile,23B]; routing to relationship simple
[pool-3072-thread-1] INFO org.apache.nifi.processors.standard.RouteText - RouteText[id=38a82a0d-69fc-4d87-a6d1-ec924f6828ee] Routing FlowFile[1500,90491412501789.mockFlowFile,23B] to original
[main] DEBUG org.apache.nifi.processors.standard.RouteText - RouteText[id=38a82a0d-69fc-4d87-a6d1-ec924f6828ee] Adding new dynamic property: PropertyDescriptor[simple]
[pool-3073-thread-1] INFO org.apache.nifi.processors.standard.RouteText - RouteText[id=38a82a0d-69fc-4d87-a6d1-ec924f6828ee] Created FlowFile[1503,90491412965347.mockFlowFile,23B] from FlowFile[1502,90491412965347.mockFlowFile,23B]; routing to relationship simple
[pool-3073-thread-1] INFO org.apache.nifi.processors.standard.RouteText - RouteText[id=38a82a0d-69fc-4d87-a6d1-ec924f6828ee] Routing FlowFile[1502,90491412965347.mockFlowFile,23B] to original
[main] DEBUG org.apache.nifi.processors.standard.RouteText - RouteText[id=38a82a0d-69fc-4d87-a6d1-ec924f6828ee] Adding new dynamic property: PropertyDescriptor[simple]
[pool-3074-thread-1] INFO org.apache.nifi.processors.standard.RouteText - RouteText[id=38a82a0d-69fc-4d87-a6d1-ec924f6828ee] Created FlowFile[1505,90491413326741.mockFlowFile,23B] from FlowFile[1504,90491413326741.mockFlowFile,23B]; routing to relationship simple
[pool-3074-thread-1] INFO org.apache.nifi.processors.standard.RouteText - RouteText[id=38a82a0d-69fc-4d87-a6d1-ec924f6828ee] Routing FlowFile[1504,90491413326741.mockFlowFile,23B] to original
[main] DEBUG org.apache.nifi.processors.standard.RouteText - RouteText[id=38a82a0d-69fc-4d87-a6d1-ec924f6828ee] Adding new dynamic property: PropertyDescriptor[simple]
[pool-3075-thread-1] INFO org.apache.nifi.processors.standard.RouteText - RouteText[id=38a82a0d-69fc-4d87-a6d1-ec924f6828ee] Created FlowFile[1507,90491413719773.mockFlowFile,23B] from FlowFile[1506,90491413719773.mockFlowFile,23B]; routing to relationship simple
[pool-3075-thread-1] INFO org.apache.nifi.processors.standard.RouteText - RouteText[id=38a82a0d-69fc-4d87-a6d1-ec924f6828ee] Routing FlowFile[1506,90491413719773.mockFlowFile,23B] to original
[main] DEBUG org.apache.nifi.processors.standard.RouteText - RouteText[id=38a82a0d-69fc-4d87-a6d1-ec924f6828ee] Adding new dynamic property: PropertyDescriptor[simple]
[pool-3076-thread-1] INFO org.apache.nifi.processors.standard.RouteText - RouteText[id=38a82a0d-69fc-4d87-a6d1-ec924f6828ee] Created FlowFile[1509,90491414077214.mockFlowFile,23B] from FlowFile[1508,90491414077214.mockFlowFile,23B]; routing to relationship simple
[pool-3076-thread-1] INFO org.apache.nifi.processors.standard.RouteText - RouteText[id=38a82a0d-69fc-4d87-a6d1-ec924f6828ee] Routing FlowFile[1508,90491414077214.mockFlowFile,23B] to original
[main] DEBUG org.apache.nifi.processors.standard.RouteText - RouteText[id=38a82a0d-69fc-4d87-a6d1-ec924f6828ee] Adding new dynamic property: PropertyDescriptor[simple]
[pool-3077-thread-1] INFO org.apache.nifi.processors.standard.RouteText - RouteText[id=38a82a0d-69fc-4d87-a6d1-ec924f6828ee] Created FlowFile[1511,90491414349434.mockFlowFile,23B] from FlowFile[1510,90491414349434.mockFlowFile,23B]; routing to relationship simple
[pool-3077-thread-1] INFO org.apache.nifi.processors.standard.RouteText - RouteText[id=38a82a0d-69fc-4d87-a6d1-ec924f6828ee] Routing FlowFile[1510,90491414349434.mockFlowFile,23B] to original
[main] DEBUG org.apache.nifi.processors.standard.RouteText - RouteText[id=38a82a0d-69fc-4d87-a6d1-ec924f6828ee] Adding new dynamic property: PropertyDescriptor[simple]
[pool-3078-thread-1] INFO org.apache.nifi.processors.standard.RouteText - RouteText[id=38a82a0d-69fc-4d87-a6d1-ec924f6828ee] Created FlowFile[1513,90491414607138.mockFlowFile,23B] from FlowFile[1512,90491414607138.mockFlowFile,23B]; routing to relationship simple
[pool-3078-thread-1] INFO org.apache.nifi.processors.standard.RouteText - RouteText[id=38a82a0d-69fc-4d87-a6d1-ec924f6828ee] Routing FlowFile[1512,90491414607138.mockFlowFile,23B] to original
[main] DEBUG org.apache.nifi.processors.standard.RouteText - RouteText[id=38a82a0d-69fc-4d87-a6d1-ec924f6828ee] Adding new dynamic property: PropertyDescriptor[simple]
[pool-3079-thread-1] INFO org.apache.nifi.processors.standard.RouteText - RouteText[id=38a82a0d-69fc-4d87-a6d1-ec924f6828ee] Created FlowFile[1515,90491414853358.mockFlowFile,23B] from FlowFile[1514,90491414853358.mockFlowFile,23B]; routing to relationship simple
[pool-3079-thread-1] INFO org.apache.nifi.processors.standard.RouteText - RouteText[id=38a82a0d-69fc-4d87-a6d1-ec924f6828ee] Routing FlowFile[1514,90491414853358.mockFlowFile,23B] to original
[main] DEBUG org.apache.nifi.processors.standard.RouteText - RouteText[id=38a82a0d-69fc-4d87-a6d1-ec924f6828ee] Adding new dynamic property: PropertyDescriptor[simple]
[pool-3080-thread-1] INFO org.apache.nifi.processors.standard.RouteText - RouteText[id=38a82a0d-69fc-4d87-a6d1-ec924f6828ee] Created FlowFile[1517,90491415099304.mockFlowFile,23B] from FlowFile[1516,90491415099304.mockFlowFile,23B]; routing to relationship simple
[pool-3080-thread-1] INFO org.apache.nifi.processors.standard.RouteText - RouteText[id=38a82a0d-69fc-4d87-a6d1-ec924f6828ee] Routing FlowFile[1516,90491415099304.mockFlowFile,23B] to original
[main] DEBUG org.apache.nifi.processors.standard.RouteText - RouteText[id=38a82a0d-69fc-4d87-a6d1-ec924f6828ee] Adding new dynamic property: PropertyDescriptor[simple]
[pool-3081-thread-1] INFO org.apache.nifi.processors.standard.RouteText - RouteText[id=38a82a0d-69fc-4d87-a6d1-ec924f6828ee] Created FlowFile[1519,90491415543457.mockFlowFile,23B] from FlowFile[1518,90491415543457.mockFlowFile,23B]; routing to relationship simple
[pool-3081-thread-1] INFO org.apache.nifi.processors.standard.RouteText - RouteText[id=38a82a0d-69fc-4d87-a6d1-ec924f6828ee] Routing FlowFile[1518,90491415543457.mockFlowFile,23B] to original
[main] DEBUG org.apache.nifi.processors.standard.RouteText - RouteText[id=38a82a0d-69fc-4d87-a6d1-ec924f6828ee] Adding new dynamic property: PropertyDescriptor[simple]
[pool-3082-thread-1] INFO org.apache.nifi.processors.standard.RouteText - RouteText[id=38a82a0d-69fc-4d87-a6d1-ec924f6828ee] Created FlowFile[1521,90491415858167.mockFlowFile,23B] from FlowFile[1520,90491415858167.mockFlowFile,23B]; routing to relationship simple
[pool-3082-thread-1] INFO org.apache.nifi.processors.standard.RouteText - RouteText[id=38a82a0d-69fc-4d87-a6d1-ec924f6828ee] Routing FlowFile[1520,90491415858167.mockFlowFile,23B] to original
[main] DEBUG org.apache.nifi.processors.standard.RouteText - RouteText[id=38a82a0d-69fc-4d87-a6d1-ec924f6828ee] Adding new dynamic property: PropertyDescriptor[simple]
[pool-3083-thread-1] INFO org.apache.nifi.processors.standard.RouteText - RouteText[id=38a82a0d-69fc-4d87-a6d1-ec924f6828ee] Created FlowFile[1523,90491416387187.mockFlowFile,23B] from FlowFile[1522,90491416387187.mockFlowFile,23B]; routing to relationship simple
[pool-3083-thread-1] INFO org.apache.nifi.processors.standard.RouteText - RouteText[id=38a82a0d-69fc-4d87-a6d1-ec924f6828ee] Routing FlowFile[1522,90491416387187.mockFlowFile,23B] to original
[main] DEBUG org.apache.nifi.processors.standard.RouteText - RouteText[id=38a82a0d-69fc-4d87-a6d1-ec924f6828ee] Adding new dynamic property: PropertyDescriptor[simple]
[pool-3084-thread-1] INFO org.apache.nifi.processors.standard.RouteText - RouteText[id=38a82a0d-69fc-4d87-a6d1-ec924f6828ee] Created FlowFile[1525,90491416785845.mockFlowFile,23B] from FlowFile[1524,90491416785845.mockFlowFile,23B]; routing to relationship simple
[pool-3084-thread-1] INFO org.apache.nifi.processors.standard.RouteText - RouteText[id=38a82a0d-69fc-4d87-a6d1-ec924f6828ee] Routing FlowFile[1524,90491416785845.mockFlowFile,23B] to original
[main] DEBUG org.apache.nifi.processors.standard.RouteText - RouteText[id=38a82a0d-69fc-4d87-a6d1-ec924f6828ee] Adding new dynamic property: PropertyDescriptor[simple]
[pool-3085-thread-1] INFO org.apache.nifi.processors.standard.RouteText - RouteText[id=38a82a0d-69fc-4d87-a6d1-ec924f6828ee] Created FlowFile[1527,90491417294661.mockFlowFile,23B] from FlowFile[1526,90491417294661.mockFlowFile,23B]; routing to relationship simple
[pool-3085-thread-1] INFO org.apache.nifi.processors.standard.RouteText - RouteText[id=38a82a0d-69fc-4d87-a6d1-ec924f6828ee] Routing FlowFile[1526,90491417294661.mockFlowFile,23B] to original
[main] DEBUG org.apache.nifi.processors.standard.RouteText - RouteText[id=38a82a0d-69fc-4d87-a6d1-ec924f6828ee] Adding new dynamic property: PropertyDescriptor[simple]
[pool-3086-thread-1] INFO org.apache.nifi.processors.standard.RouteText - RouteText[id=38a82a0d-69fc-4d87-a6d1-ec924f6828ee] Created FlowFile[1529,90491417615710.mockFlowFile,23B] from FlowFile[1528,90491417615710.mockFlowFile,23B]; routing to relationship simple
[pool-3086-thread-1] INFO org.apache.nifi.processors.standard.RouteText - RouteText[id=38a82a0d-69fc-4d87-a6d1-ec924f6828ee] Routing FlowFile[1528,90491417615710.mockFlowFile,23B] to original
[main] DEBUG org.apache.nifi.processors.standard.RouteText - RouteText[id=38a82a0d-69fc-4d87-a6d1-ec924f6828ee] Adding new dynamic property: PropertyDescriptor[simple]
[pool-3087-thread-1] INFO org.apache.nifi.processors.standard.RouteText - RouteText[id=38a82a0d-69fc-4d87-a6d1-ec924f6828ee] Created FlowFile[1531,90491418017997.mockFlowFile,23B] from FlowFile[1530,90491418017997.mockFlowFile,23B]; routing to relationship simple
[pool-3087-thread-1] INFO org.apache.nifi.processors.standard.RouteText - RouteText[id=38a82a0d-69fc-4d87-a6d1-ec924f6828ee] Routing FlowFile[1530,90491418017997.mockFlowFile,23B] to original
[main] DEBUG org.apache.nifi.processors.standard.RouteText - RouteText[id=38a82a0d-69fc-4d87-a6d1-ec924f6828ee] Adding new dynamic property: PropertyDescriptor[simple]
[pool-3088-thread-1] INFO org.apache.nifi.processors.standard.RouteText - RouteText[id=38a82a0d-69fc-4d87-a6d1-ec924f6828ee] Created FlowFile[1533,90491418352782.mockFlowFile,23B] from FlowFile[1532,90491418352782.mockFlowFile,23B]; routing to relationship simple
[pool-3088-thread-1] INFO org.apache.nifi.processors.standard.RouteText - RouteText[id=38a82a0d-69fc-4d87-a6d1-ec924f6828ee] Routing FlowFile[1532,90491418352782.mockFlowFile,23B] to original
[main] DEBUG org.apache.nifi.processors.standard.RouteText - RouteText[id=38a82a0d-69fc-4d87-a6d1-ec924f6828ee] Adding new dynamic property: PropertyDescriptor[simple]
[pool-3089-thread-1] INFO org.apache.nifi.processors.standard.RouteText - RouteText[id=38a82a0d-69fc-4d87-a6d1-ec924f6828ee] Created FlowFile[1535,90491418813711.mockFlowFile,23B] from FlowFile[1534,90491418813711.mockFlowFile,23B]; routing to relationship simple
[pool-3089-thread-1] INFO org.apache.nifi.processors.standard.RouteText - RouteText[id=38a82a0d-69fc-4d87-a6d1-ec924f6828ee] Routing FlowFile[1534,90491418813711.mockFlowFile,23B] to original
[main] DEBUG org.apache.nifi.processors.standard.RouteText - RouteText[id=38a82a0d-69fc-4d87-a6d1-ec924f6828ee] Adding new dynamic property: PropertyDescriptor[simple]
[pool-3090-thread-1] INFO org.apache.nifi.processors.standard.RouteText - RouteText[id=38a82a0d-69fc-4d87-a6d1-ec924f6828ee] Created FlowFile[1537,90491419280602.mockFlowFile,23B] from FlowFile[1536,90491419280602.mockFlowFile,23B]; routing to relationship simple
[pool-3090-thread-1] INFO org.apache.nifi.processors.standard.RouteText - RouteText[id=38a82a0d-69fc-4d87-a6d1-ec924f6828ee] Routing FlowFile[1536,90491419280602.mockFlowFile,23B] to original
[main] DEBUG org.apache.nifi.processors.standard.RouteText - RouteText[id=38a82a0d-69fc-4d87-a6d1-ec924f6828ee] Adding new dynamic property: PropertyDescriptor[simple]
[pool-3091-thread-1] INFO org.apache.nifi.processors.standard.RouteText - RouteText[id=38a82a0d-69fc-4d87-a6d1-ec924f6828ee] Created FlowFile[1539,90491419804740.mockFlowFile,23B] from FlowFile[1538,90491419804740.mockFlowFile,23B]; routing to relationship simple
[pool-3091-thread-1] INFO org.apache.nifi.processors.standard.RouteText - RouteText[id=38a82a0d-69fc-4d87-a6d1-ec924f6828ee] Routing FlowFile[1538,90491419804740.mockFlowFile,23B] to original
[main] DEBUG org.apache.nifi.processors.standard.RouteText - RouteText[id=38a82a0d-69fc-4d87-a6d1-ec924f6828ee] Adding new dynamic property: PropertyDescriptor[simple]
[pool-3092-thread-1] INFO org.apache.nifi.processors.standard.RouteText - RouteText[id=38a82a0d-69fc-4d87-a6d1-ec924f6828ee] Created FlowFile[1541,90491420333542.mockFlowFile,23B] from FlowFile[1540,90491420333542.mockFlowFile,23B]; routing to relationship simple
[pool-3092-thread-1] INFO org.apache.nifi.processors.standard.RouteText - RouteText[id=38a82a0d-69fc-4d87-a6d1-ec924f6828ee] Routing FlowFile[1540,90491420333542.mockFlowFile,23B] to original
[main] DEBUG org.apache.nifi.processors.standard.RouteText - RouteText[id=38a82a0d-69fc-4d87-a6d1-ec924f6828ee] Adding new dynamic property: PropertyDescriptor[simple]
[pool-3093-thread-1] INFO org.apache.nifi.processors.standard.RouteText - RouteText[id=38a82a0d-69fc-4d87-a6d1-ec924f6828ee] Created FlowFile[1543,90491420889753.mockFlowFile,23B] from FlowFile[1542,90491420889753.mockFlowFile,23B]; routing to relationship simple
[pool-3093-thread-1] INFO org.apache.nifi.processors.standard.RouteText - RouteText[id=38a82a0d-69fc-4d87-a6d1-ec924f6828ee] Routing FlowFile[1542,90491420889753.mockFlowFile,23B] to original
[main] DEBUG org.apache.nifi.processors.standard.RouteText - RouteText[id=38a82a0d-69fc-4d87-a6d1-ec924f6828ee] Adding new dynamic property: PropertyDescriptor[simple]
[pool-3094-thread-1] INFO org.apache.nifi.processors.standard.RouteText - RouteText[id=38a82a0d-69fc-4d87-a6d1-ec924f6828ee] Created FlowFile[1545,90491421280379.mockFlowFile,23B] from FlowFile[1544,90491421280379.mockFlowFile,23B]; routing to relationship simple
[pool-3094-thread-1] INFO org.apache.nifi.processors.standard.RouteText - RouteText[id=38a82a0d-69fc-4d87-a6d1-ec924f6828ee] Routing FlowFile[1544,90491421280379.mockFlowFile,23B] to original
[main] DEBUG org.apache.nifi.processors.standard.RouteText - RouteText[id=38a82a0d-69fc-4d87-a6d1-ec924f6828ee] Adding new dynamic property: PropertyDescriptor[simple]
[pool-3095-thread-1] INFO org.apache.nifi.processors.standard.RouteText - RouteText[id=38a82a0d-69fc-4d87-a6d1-ec924f6828ee] Created FlowFile[1547,90491421646281.mockFlowFile,23B] from FlowFile[1546,90491421646281.mockFlowFile,23B]; routing to relationship simple
[pool-3095-thread-1] INFO org.apache.nifi.processors.standard.RouteText - RouteText[id=38a82a0d-69fc-4d87-a6d1-ec924f6828ee] Routing FlowFile[1546,90491421646281.mockFlowFile,23B] to original
[main] DEBUG org.apache.nifi.processors.standard.RouteText - RouteText[id=38a82a0d-69fc-4d87-a6d1-ec924f6828ee] Adding new dynamic property: PropertyDescriptor[simple]
[pool-3096-thread-1] INFO org.apache.nifi.processors.standard.RouteText - RouteText[id=38a82a0d-69fc-4d87-a6d1-ec924f6828ee] Created FlowFile[1549,90491422050781.mockFlowFile,23B] from FlowFile[1548,90491422050781.mockFlowFile,23B]; routing to relationship simple
[pool-3096-thread-1] INFO org.apache.nifi.processors.standard.RouteText - RouteText[id=38a82a0d-69fc-4d87-a6d1-ec924f6828ee] Routing FlowFile[1548,90491422050781.mockFlowFile,23B] to original
[main] DEBUG org.apache.nifi.processors.standard.RouteText - RouteText[id=38a82a0d-69fc-4d87-a6d1-ec924f6828ee] Adding new dynamic property: PropertyDescriptor[simple]
[pool-3097-thread-1] INFO org.apache.nifi.processors.standard.RouteText - RouteText[id=38a82a0d-69fc-4d87-a6d1-ec924f6828ee] Created FlowFile[1551,90491422441479.mockFlowFile,23B] from FlowFile[1550,90491422441479.mockFlowFile,23B]; routing to relationship simple
[pool-3097-thread-1] INFO org.apache.nifi.processors.standard.RouteText - RouteText[id=38a82a0d-69fc-4d87-a6d1-ec924f6828ee] Routing FlowFile[1550,90491422441479.mockFlowFile,23B] to original
[main] DEBUG org.apache.nifi.processors.standard.RouteText - RouteText[id=38a82a0d-69fc-4d87-a6d1-ec924f6828ee] Adding new dynamic property: PropertyDescriptor[simple]
[pool-3098-thread-1] INFO org.apache.nifi.processors.standard.RouteText - RouteText[id=38a82a0d-69fc-4d87-a6d1-ec924f6828ee] Created FlowFile[1553,90491422799671.mockFlowFile,23B] from FlowFile[1552,90491422799671.mockFlowFile,23B]; routing to relationship simple
[pool-3098-thread-1] INFO org.apache.nifi.processors.standard.RouteText - RouteText[id=38a82a0d-69fc-4d87-a6d1-ec924f6828ee] Routing FlowFile[1552,90491422799671.mockFlowFile,23B] to original
[main] DEBUG org.apache.nifi.processors.standard.RouteText - RouteText[id=38a82a0d-69fc-4d87-a6d1-ec924f6828ee] Adding new dynamic property: PropertyDescriptor[simple]
[pool-3099-thread-1] INFO org.apache.nifi.processors.standard.RouteText - RouteText[id=38a82a0d-69fc-4d87-a6d1-ec924f6828ee] Created FlowFile[1555,90491423117449.mockFlowFile,23B] from FlowFile[1554,90491423117449.mockFlowFile,23B]; routing to relationship simple
[pool-3099-thread-1] INFO org.apache.nifi.processors.standard.RouteText - RouteText[id=38a82a0d-69fc-4d87-a6d1-ec924f6828ee] Routing FlowFile[1554,90491423117449.mockFlowFile,23B] to original
[main] DEBUG org.apache.nifi.processors.standard.RouteText - RouteText[id=38a82a0d-69fc-4d87-a6d1-ec924f6828ee] Adding new dynamic property: PropertyDescriptor[simple]
[pool-3100-thread-1] INFO org.apache.nifi.processors.standard.RouteText - RouteText[id=38a82a0d-69fc-4d87-a6d1-ec924f6828ee] Created FlowFile[1557,90491423429206.mockFlowFile,23B] from FlowFile[1556,90491423429206.mockFlowFile,23B]; routing to relationship simple
[pool-3100-thread-1] INFO org.apache.nifi.processors.standard.RouteText - RouteText[id=38a82a0d-69fc-4d87-a6d1-ec924f6828ee] Routing FlowFile[1556,90491423429206.mockFlowFile,23B] to original
[main] DEBUG org.apache.nifi.processors.standard.RouteText - RouteText[id=38a82a0d-69fc-4d87-a6d1-ec924f6828ee] Adding new dynamic property: PropertyDescriptor[simple]
[pool-3101-thread-1] INFO org.apache.nifi.processors.standard.RouteText - RouteText[id=38a82a0d-69fc-4d87-a6d1-ec924f6828ee] Created FlowFile[1559,90491423734333.mockFlowFile,23B] from FlowFile[1558,90491423734333.mockFlowFile,23B]; routing to relationship simple
[pool-3101-thread-1] INFO org.apache.nifi.processors.standard.RouteText - RouteText[id=38a82a0d-69fc-4d87-a6d1-ec924f6828ee] Routing FlowFile[1558,90491423734333.mockFlowFile,23B] to original
[main] DEBUG org.apache.nifi.processors.standard.RouteText - RouteText[id=38a82a0d-69fc-4d87-a6d1-ec924f6828ee] Adding new dynamic property: PropertyDescriptor[simple]
[pool-3102-thread-1] INFO org.apache.nifi.processors.standard.RouteText - RouteText[id=38a82a0d-69fc-4d87-a6d1-ec924f6828ee] Created FlowFile[1561,90491424129479.mockFlowFile,23B] from FlowFile[1560,90491424129479.mockFlowFile,23B]; routing to relationship simple
[pool-3102-thread-1] INFO org.apache.nifi.processors.standard.RouteText - RouteText[id=38a82a0d-69fc-4d87-a6d1-ec924f6828ee] Routing FlowFile[1560,90491424129479.mockFlowFile,23B] to original
[main] DEBUG org.apache.nifi.processors.standard.RouteText - RouteText[id=38a82a0d-69fc-4d87-a6d1-ec924f6828ee] Adding new dynamic property: PropertyDescriptor[simple]
[pool-3103-thread-1] INFO org.apache.nifi.processors.standard.RouteText - RouteText[id=38a82a0d-69fc-4d87-a6d1-ec924f6828ee] Created FlowFile[1563,90491424657639.mockFlowFile,23B] from FlowFile[1562,90491424657639.mockFlowFile,23B]; routing to relationship simple
[pool-3103-thread-1] INFO org.apache.nifi.processors.standard.RouteText - RouteText[id=38a82a0d-69fc-4d87-a6d1-ec924f6828ee] Routing FlowFile[1562,90491424657639.mockFlowFile,23B] to original
[main] DEBUG org.apache.nifi.processors.standard.RouteText - RouteText[id=38a82a0d-69fc-4d87-a6d1-ec924f6828ee] Adding new dynamic property: PropertyDescriptor[simple]
[pool-3104-thread-1] INFO org.apache.nifi.processors.standard.RouteText - RouteText[id=38a82a0d-69fc-4d87-a6d1-ec924f6828ee] Created FlowFile[1565,90491425049473.mockFlowFile,23B] from FlowFile[1564,90491425049473.mockFlowFile,23B]; routing to relationship simple
[pool-3104-thread-1] INFO org.apache.nifi.processors.standard.RouteText - RouteText[id=38a82a0d-69fc-4d87-a6d1-ec924f6828ee] Routing FlowFile[1564,90491425049473.mockFlowFile,23B] to original
[main] DEBUG org.apache.nifi.processors.standard.RouteText - RouteText[id=38a82a0d-69fc-4d87-a6d1-ec924f6828ee] Adding new dynamic property: PropertyDescriptor[simple]
[pool-3105-thread-1] INFO org.apache.nifi.processors.standard.RouteText - RouteText[id=38a82a0d-69fc-4d87-a6d1-ec924f6828ee] Created FlowFile[1567,90491425465259.mockFlowFile,23B] from FlowFile[1566,90491425465259.mockFlowFile,23B]; routing to relationship simple
[pool-3105-thread-1] INFO org.apache.nifi.processors.standard.RouteText - RouteText[id=38a82a0d-69fc-4d87-a6d1-ec924f6828ee] Routing FlowFile[1566,90491425465259.mockFlowFile,23B] to original
[main] DEBUG org.apache.nifi.processors.standard.RouteText - RouteText[id=38a82a0d-69fc-4d87-a6d1-ec924f6828ee] Adding new dynamic property: PropertyDescriptor[simple]
[pool-3106-thread-1] INFO org.apache.nifi.processors.standard.RouteText - RouteText[id=38a82a0d-69fc-4d87-a6d1-ec924f6828ee] Created FlowFile[1569,90491425860525.mockFlowFile,23B] from FlowFile[1568,90491425860525.mockFlowFile,23B]; routing to relationship simple
[pool-3106-thread-1] INFO org.apache.nifi.processors.standard.RouteText - RouteText[id=38a82a0d-69fc-4d87-a6d1-ec924f6828ee] Routing FlowFile[1568,90491425860525.mockFlowFile,23B] to original
[main] DEBUG org.apache.nifi.processors.standard.RouteText - RouteText[id=38a82a0d-69fc-4d87-a6d1-ec924f6828ee] Adding new dynamic property: PropertyDescriptor[simple]
[pool-3107-thread-1] INFO org.apache.nifi.processors.standard.RouteText - RouteText[id=38a82a0d-69fc-4d87-a6d1-ec924f6828ee] Created FlowFile[1571,90491426187213.mockFlowFile,23B] from FlowFile[1570,90491426187213.mockFlowFile,23B]; routing to relationship simple
[pool-3107-thread-1] INFO org.apache.nifi.processors.standard.RouteText - RouteText[id=38a82a0d-69fc-4d87-a6d1-ec924f6828ee] Routing FlowFile[1570,90491426187213.mockFlowFile,23B] to original
[main] DEBUG org.apache.nifi.processors.standard.RouteText - RouteText[id=38a82a0d-69fc-4d87-a6d1-ec924f6828ee] Adding new dynamic property: PropertyDescriptor[simple]
[pool-3108-thread-1] INFO org.apache.nifi.processors.standard.RouteText - RouteText[id=38a82a0d-69fc-4d87-a6d1-ec924f6828ee] Created FlowFile[1573,90491426460401.mockFlowFile,23B] from FlowFile[1572,90491426460401.mockFlowFile,23B]; routing to relationship simple
[pool-3108-thread-1] INFO org.apache.nifi.processors.standard.RouteText - RouteText[id=38a82a0d-69fc-4d87-a6d1-ec924f6828ee] Routing FlowFile[1572,90491426460401.mockFlowFile,23B] to original
[main] DEBUG org.apache.nifi.processors.standard.RouteText - RouteText[id=38a82a0d-69fc-4d87-a6d1-ec924f6828ee] Adding new dynamic property: PropertyDescriptor[simple]
[pool-3109-thread-1] INFO org.apache.nifi.processors.standard.RouteText - RouteText[id=38a82a0d-69fc-4d87-a6d1-ec924f6828ee] Created FlowFile[1575,90491426736560.mockFlowFile,23B] from FlowFile[1574,90491426736560.mockFlowFile,23B]; routing to relationship simple
[pool-3109-thread-1] INFO org.apache.nifi.processors.standard.RouteText - RouteText[id=38a82a0d-69fc-4d87-a6d1-ec924f6828ee] Routing FlowFile[1574,90491426736560.mockFlowFile,23B] to original
[main] DEBUG org.apache.nifi.processors.standard.RouteText - RouteText[id=38a82a0d-69fc-4d87-a6d1-ec924f6828ee] Adding new dynamic property: PropertyDescriptor[simple]
[pool-3110-thread-1] INFO org.apache.nifi.processors.standard.RouteText - RouteText[id=38a82a0d-69fc-4d87-a6d1-ec924f6828ee] Created FlowFile[1577,90491426998748.mockFlowFile,23B] from FlowFile[1576,90491426998748.mockFlowFile,23B]; routing to relationship simple
[pool-3110-thread-1] INFO org.apache.nifi.processors.standard.RouteText - RouteText[id=38a82a0d-69fc-4d87-a6d1-ec924f6828ee] Routing FlowFile[1576,90491426998748.mockFlowFile,23B] to original
[main] DEBUG org.apache.nifi.processors.standard.RouteText - RouteText[id=38a82a0d-69fc-4d87-a6d1-ec924f6828ee] Adding new dynamic property: PropertyDescriptor[simple]
[pool-3111-thread-1] INFO org.apache.nifi.processors.standard.RouteText - RouteText[id=38a82a0d-69fc-4d87-a6d1-ec924f6828ee] Created FlowFile[1579,90491427300970.mockFlowFile,23B] from FlowFile[1578,90491427300970.mockFlowFile,23B]; routing to relationship simple
[pool-3111-thread-1] INFO org.apache.nifi.processors.standard.RouteText - RouteText[id=38a82a0d-69fc-4d87-a6d1-ec924f6828ee] Routing FlowFile[1578,90491427300970.mockFlowFile,23B] to original
[main] DEBUG org.apache.nifi.processors.standard.RouteText - RouteText[id=38a82a0d-69fc-4d87-a6d1-ec924f6828ee] Adding new dynamic property: PropertyDescriptor[simple]
[pool-3112-thread-1] INFO org.apache.nifi.processors.standard.RouteText - RouteText[id=38a82a0d-69fc-4d87-a6d1-ec924f6828ee] Created FlowFile[1581,90491427557210.mockFlowFile,23B] from FlowFile[1580,90491427557210.mockFlowFile,23B]; routing to relationship simple
[pool-3112-thread-1] INFO org.apache.nifi.processors.standard.RouteText - RouteText[id=38a82a0d-69fc-4d87-a6d1-ec924f6828ee] Routing FlowFile[1580,90491427557210.mockFlowFile,23B] to original
[main] DEBUG org.apache.nifi.processors.standard.RouteText - RouteText[id=38a82a0d-69fc-4d87-a6d1-ec924f6828ee] Adding new dynamic property: PropertyDescriptor[simple]
[pool-3113-thread-1] INFO org.apache.nifi.processors.standard.RouteText - RouteText[id=38a82a0d-69fc-4d87-a6d1-ec924f6828ee] Created FlowFile[1583,90491427809961.mockFlowFile,23B] from FlowFile[1582,90491427809961.mockFlowFile,23B]; routing to relationship simple
[pool-3113-thread-1] INFO org.apache.nifi.processors.standard.RouteText - RouteText[id=38a82a0d-69fc-4d87-a6d1-ec924f6828ee] Routing FlowFile[1582,90491427809961.mockFlowFile,23B] to original
[main] DEBUG org.apache.nifi.processors.standard.RouteText - RouteText[id=38a82a0d-69fc-4d87-a6d1-ec924f6828ee] Adding new dynamic property: PropertyDescriptor[simple]
[pool-3114-thread-1] INFO org.apache.nifi.processors.standard.RouteText - RouteText[id=38a82a0d-69fc-4d87-a6d1-ec924f6828ee] Created FlowFile[1585,90491428145403.mockFlowFile,23B] from FlowFile[1584,90491428145403.mockFlowFile,23B]; routing to relationship simple
[pool-3114-thread-1] INFO org.apache.nifi.processors.standard.RouteText - RouteText[id=38a82a0d-69fc-4d87-a6d1-ec924f6828ee] Routing FlowFile[1584,90491428145403.mockFlowFile,23B] to original
[main] DEBUG org.apache.nifi.processors.standard.RouteText - RouteText[id=38a82a0d-69fc-4d87-a6d1-ec924f6828ee] Adding new dynamic property: PropertyDescriptor[simple]
[pool-3115-thread-1] INFO org.apache.nifi.processors.standard.RouteText - RouteText[id=38a82a0d-69fc-4d87-a6d1-ec924f6828ee] Created FlowFile[1587,90491428526346.mockFlowFile,23B] from FlowFile[1586,90491428526346.mockFlowFile,23B]; routing to relationship simple
[pool-3115-thread-1] INFO org.apache.nifi.processors.standard.RouteText - RouteText[id=38a82a0d-69fc-4d87-a6d1-ec924f6828ee] Routing FlowFile[1586,90491428526346.mockFlowFile,23B] to original
[main] DEBUG org.apache.nifi.processors.standard.RouteText - RouteText[id=38a82a0d-69fc-4d87-a6d1-ec924f6828ee] Adding new dynamic property: PropertyDescriptor[simple]
[pool-3116-thread-1] INFO org.apache.nifi.processors.standard.RouteText - RouteText[id=38a82a0d-69fc-4d87-a6d1-ec924f6828ee] Created FlowFile[1589,90491428899742.mockFlowFile,23B] from FlowFile[1588,90491428899742.mockFlowFile,23B]; routing to relationship simple
[pool-3116-thread-1] INFO org.apache.nifi.processors.standard.RouteText - RouteText[id=38a82a0d-69fc-4d87-a6d1-ec924f6828ee] Routing FlowFile[1588,90491428899742.mockFlowFile,23B] to original
[main] DEBUG org.apache.nifi.processors.standard.RouteText - RouteText[id=38a82a0d-69fc-4d87-a6d1-ec924f6828ee] Adding new dynamic property: PropertyDescriptor[simple]
[pool-3117-thread-1] INFO org.apache.nifi.processors.standard.RouteText - RouteText[id=38a82a0d-69fc-4d87-a6d1-ec924f6828ee] Created FlowFile[1591,90491429174070.mockFlowFile,23B] from FlowFile[1590,90491429174070.mockFlowFile,23B]; routing to relationship simple
[pool-3117-thread-1] INFO org.apache.nifi.processors.standard.RouteText - RouteText[id=38a82a0d-69fc-4d87-a6d1-ec924f6828ee] Routing FlowFile[1590,90491429174070.mockFlowFile,23B] to original
[main] DEBUG org.apache.nifi.processors.standard.RouteText - RouteText[id=38a82a0d-69fc-4d87-a6d1-ec924f6828ee] Adding new dynamic property: PropertyDescriptor[simple]
[pool-3118-thread-1] INFO org.apache.nifi.processors.standard.RouteText - RouteText[id=38a82a0d-69fc-4d87-a6d1-ec924f6828ee] Created FlowFile[1593,90491429441768.mockFlowFile,23B] from FlowFile[1592,90491429441768.mockFlowFile,23B]; routing to relationship simple
[pool-3118-thread-1] INFO org.apache.nifi.processors.standard.RouteText - RouteText[id=38a82a0d-69fc-4d87-a6d1-ec924f6828ee] Routing FlowFile[1592,90491429441768.mockFlowFile,23B] to original
[main] DEBUG org.apache.nifi.processors.standard.RouteText - RouteText[id=38a82a0d-69fc-4d87-a6d1-ec924f6828ee] Adding new dynamic property: PropertyDescriptor[simple]
[pool-3119-thread-1] INFO org.apache.nifi.processors.standard.RouteText - RouteText[id=38a82a0d-69fc-4d87-a6d1-ec924f6828ee] Created FlowFile[1595,90491429711687.mockFlowFile,23B] from FlowFile[1594,90491429711687.mockFlowFile,23B]; routing to relationship simple
[pool-3119-thread-1] INFO org.apache.nifi.processors.standard.RouteText - RouteText[id=38a82a0d-69fc-4d87-a6d1-ec924f6828ee] Routing FlowFile[1594,90491429711687.mockFlowFile,23B] to original
[main] DEBUG org.apache.nifi.processors.standard.RouteText - RouteText[id=38a82a0d-69fc-4d87-a6d1-ec924f6828ee] Adding new dynamic property: PropertyDescriptor[simple]
[pool-3120-thread-1] INFO org.apache.nifi.processors.standard.RouteText - RouteText[id=38a82a0d-69fc-4d87-a6d1-ec924f6828ee] Created FlowFile[1597,90491429971307.mockFlowFile,23B] from FlowFile[1596,90491429971307.mockFlowFile,23B]; routing to relationship simple
[pool-3120-thread-1] INFO org.apache.nifi.processors.standard.RouteText - RouteText[id=38a82a0d-69fc-4d87-a6d1-ec924f6828ee] Routing FlowFile[1596,90491429971307.mockFlowFile,23B] to original
[main] DEBUG org.apache.nifi.processors.standard.RouteText - RouteText[id=38a82a0d-69fc-4d87-a6d1-ec924f6828ee] Adding new dynamic property: PropertyDescriptor[simple]
[pool-3121-thread-1] INFO org.apache.nifi.processors.standard.RouteText - RouteText[id=38a82a0d-69fc-4d87-a6d1-ec924f6828ee] Created FlowFile[1599,90491430230663.mockFlowFile,23B] from FlowFile[1598,90491430230663.mockFlowFile,23B]; routing to relationship simple
[pool-3121-thread-1] INFO org.apache.nifi.processors.standard.RouteText - RouteText[id=38a82a0d-69fc-4d87-a6d1-ec924f6828ee] Routing FlowFile[1598,90491430230663.mockFlowFile,23B] to original
[main] DEBUG org.apache.nifi.processors.standard.RouteText - RouteText[id=38a82a0d-69fc-4d87-a6d1-ec924f6828ee] Adding new dynamic property: PropertyDescriptor[simple]
[pool-3122-thread-1] INFO org.apache.nifi.processors.standard.RouteText - RouteText[id=38a82a0d-69fc-4d87-a6d1-ec924f6828ee] Created FlowFile[1601,90491430492398.mockFlowFile,23B] from FlowFile[1600,90491430492398.mockFlowFile,23B]; routing to relationship simple
[pool-3122-thread-1] INFO org.apache.nifi.processors.standard.RouteText - RouteText[id=38a82a0d-69fc-4d87-a6d1-ec924f6828ee] Routing FlowFile[1600,90491430492398.mockFlowFile,23B] to original
[main] DEBUG org.apache.nifi.processors.standard.RouteText - RouteText[id=38a82a0d-69fc-4d87-a6d1-ec924f6828ee] Adding new dynamic property: PropertyDescriptor[simple]
[pool-3123-thread-1] INFO org.apache.nifi.processors.standard.RouteText - RouteText[id=38a82a0d-69fc-4d87-a6d1-ec924f6828ee] Created FlowFile[1603,90491430752784.mockFlowFile,23B] from FlowFile[1602,90491430752784.mockFlowFile,23B]; routing to relationship simple
[pool-3123-thread-1] INFO org.apache.nifi.processors.standard.RouteText - RouteText[id=38a82a0d-69fc-4d87-a6d1-ec924f6828ee] Routing FlowFile[1602,90491430752784.mockFlowFile,23B] to original
[main] DEBUG org.apache.nifi.processors.standard.RouteText - RouteText[id=38a82a0d-69fc-4d87-a6d1-ec924f6828ee] Adding new dynamic property: PropertyDescriptor[simple]
[pool-3124-thread-1] INFO org.apache.nifi.processors.standard.RouteText - RouteText[id=38a82a0d-69fc-4d87-a6d1-ec924f6828ee] Created FlowFile[1605,90491431004897.mockFlowFile,23B] from FlowFile[1604,90491431004897.mockFlowFile,23B]; routing to relationship simple
[pool-3124-thread-1] INFO org.apache.nifi.processors.standard.RouteText - RouteText[id=38a82a0d-69fc-4d87-a6d1-ec924f6828ee] Routing FlowFile[1604,90491431004897.mockFlowFile,23B] to original
[main] DEBUG org.apache.nifi.processors.standard.RouteText - RouteText[id=38a82a0d-69fc-4d87-a6d1-ec924f6828ee] Adding new dynamic property: PropertyDescriptor[simple]
[pool-3125-thread-1] INFO org.apache.nifi.processors.standard.RouteText - RouteText[id=38a82a0d-69fc-4d87-a6d1-ec924f6828ee] Created FlowFile[1607,90491431357260.mockFlowFile,23B] from FlowFile[1606,90491431357260.mockFlowFile,23B]; routing to relationship simple
[pool-3125-thread-1] INFO org.apache.nifi.processors.standard.RouteText - RouteText[id=38a82a0d-69fc-4d87-a6d1-ec924f6828ee] Routing FlowFile[1606,90491431357260.mockFlowFile,23B] to original
[main] DEBUG org.apache.nifi.processors.standard.RouteText - RouteText[id=38a82a0d-69fc-4d87-a6d1-ec924f6828ee] Adding new dynamic property: PropertyDescriptor[simple]
[pool-3126-thread-1] INFO org.apache.nifi.processors.standard.RouteText - RouteText[id=38a82a0d-69fc-4d87-a6d1-ec924f6828ee] Created FlowFile[1609,90491431656658.mockFlowFile,23B] from FlowFile[1608,90491431656658.mockFlowFile,23B]; routing to relationship simple
[pool-3126-thread-1] INFO org.apache.nifi.processors.standard.RouteText - RouteText[id=38a82a0d-69fc-4d87-a6d1-ec924f6828ee] Routing FlowFile[1608,90491431656658.mockFlowFile,23B] to original
[main] DEBUG org.apache.nifi.processors.standard.RouteText - RouteText[id=38a82a0d-69fc-4d87-a6d1-ec924f6828ee] Adding new dynamic property: PropertyDescriptor[simple]
[pool-3127-thread-1] INFO org.apache.nifi.processors.standard.RouteText - RouteText[id=38a82a0d-69fc-4d87-a6d1-ec924f6828ee] Created FlowFile[1611,90491431958472.mockFlowFile,23B] from FlowFile[1610,90491431958472.mockFlowFile,23B]; routing to relationship simple
[pool-3127-thread-1] INFO org.apache.nifi.processors.standard.RouteText - RouteText[id=38a82a0d-69fc-4d87-a6d1-ec924f6828ee] Routing FlowFile[1610,90491431958472.mockFlowFile,23B] to original
[main] DEBUG org.apache.nifi.processors.standard.RouteText - RouteText[id=38a82a0d-69fc-4d87-a6d1-ec924f6828ee] Adding new dynamic property: PropertyDescriptor[simple]
[pool-3128-thread-1] INFO org.apache.nifi.processors.standard.RouteText - RouteText[id=38a82a0d-69fc-4d87-a6d1-ec924f6828ee] Created FlowFile[1613,90491432336929.mockFlowFile,23B] from FlowFile[1612,90491432336929.mockFlowFile,23B]; routing to relationship simple
[pool-3128-thread-1] INFO org.apache.nifi.processors.standard.RouteText - RouteText[id=38a82a0d-69fc-4d87-a6d1-ec924f6828ee] Routing FlowFile[1612,90491432336929.mockFlowFile,23B] to original
[main] DEBUG org.apache.nifi.processors.standard.RouteText - RouteText[id=38a82a0d-69fc-4d87-a6d1-ec924f6828ee] Adding new dynamic property: PropertyDescriptor[simple]
[pool-3129-thread-1] INFO org.apache.nifi.processors.standard.RouteText - RouteText[id=38a82a0d-69fc-4d87-a6d1-ec924f6828ee] Created FlowFile[1615,90491432605159.mockFlowFile,23B] from FlowFile[1614,90491432605159.mockFlowFile,23B]; routing to relationship simple
[pool-3129-thread-1] INFO org.apache.nifi.processors.standard.RouteText - RouteText[id=38a82a0d-69fc-4d87-a6d1-ec924f6828ee] Routing FlowFile[1614,90491432605159.mockFlowFile,23B] to original
[main] DEBUG org.apache.nifi.processors.standard.RouteText - RouteText[id=38a82a0d-69fc-4d87-a6d1-ec924f6828ee] Adding new dynamic property: PropertyDescriptor[simple]
[pool-3130-thread-1] INFO org.apache.nifi.processors.standard.RouteText - RouteText[id=38a82a0d-69fc-4d87-a6d1-ec924f6828ee] Created FlowFile[1617,90491432873699.mockFlowFile,23B] from FlowFile[1616,90491432873699.mockFlowFile,23B]; routing to relationship simple
[pool-3130-thread-1] INFO org.apache.nifi.processors.standard.RouteText - RouteText[id=38a82a0d-69fc-4d87-a6d1-ec924f6828ee] Routing FlowFile[1616,90491432873699.mockFlowFile,23B] to original
[main] DEBUG org.apache.nifi.processors.standard.RouteText - RouteText[id=38a82a0d-69fc-4d87-a6d1-ec924f6828ee] Adding new dynamic property: PropertyDescriptor[simple]
[pool-3131-thread-1] INFO org.apache.nifi.processors.standard.RouteText - RouteText[id=38a82a0d-69fc-4d87-a6d1-ec924f6828ee] Created FlowFile[1619,90491433128688.mockFlowFile,23B] from FlowFile[1618,90491433128688.mockFlowFile,23B]; routing to relationship simple
[pool-3131-thread-1] INFO org.apache.nifi.processors.standard.RouteText - RouteText[id=38a82a0d-69fc-4d87-a6d1-ec924f6828ee] Routing FlowFile[1618,90491433128688.mockFlowFile,23B] to original
[main] DEBUG org.apache.nifi.processors.standard.RouteText - RouteText[id=38a82a0d-69fc-4d87-a6d1-ec924f6828ee] Adding new dynamic property: PropertyDescriptor[simple]
[pool-3132-thread-1] INFO org.apache.nifi.processors.standard.RouteText - RouteText[id=38a82a0d-69fc-4d87-a6d1-ec924f6828ee] Created FlowFile[1621,90491433379108.mockFlowFile,23B] from FlowFile[1620,90491433379108.mockFlowFile,23B]; routing to relationship simple
[pool-3132-thread-1] INFO org.apache.nifi.processors.standard.RouteText - RouteText[id=38a82a0d-69fc-4d87-a6d1-ec924f6828ee] Routing FlowFile[1620,90491433379108.mockFlowFile,23B] to original
[main] DEBUG org.apache.nifi.processors.standard.RouteText - RouteText[id=38a82a0d-69fc-4d87-a6d1-ec924f6828ee] Adding new dynamic property: PropertyDescriptor[simple]
[pool-3133-thread-1] INFO org.apache.nifi.processors.standard.RouteText - RouteText[id=38a82a0d-69fc-4d87-a6d1-ec924f6828ee] Created FlowFile[1623,90491433631854.mockFlowFile,23B] from FlowFile[1622,90491433631854.mockFlowFile,23B]; routing to relationship simple
[pool-3133-thread-1] INFO org.apache.nifi.processors.standard.RouteText - RouteText[id=38a82a0d-69fc-4d87-a6d1-ec924f6828ee] Routing FlowFile[1622,90491433631854.mockFlowFile,23B] to original
[main] DEBUG org.apache.nifi.processors.standard.RouteText - RouteText[id=38a82a0d-69fc-4d87-a6d1-ec924f6828ee] Adding new dynamic property: PropertyDescriptor[simple]
[pool-3134-thread-1] INFO org.apache.nifi.processors.standard.RouteText - RouteText[id=38a82a0d-69fc-4d87-a6d1-ec924f6828ee] Created FlowFile[1625,90491433917267.mockFlowFile,23B] from FlowFile[1624,90491433917267.mockFlowFile,23B]; routing to relationship simple
[pool-3134-thread-1] INFO org.apache.nifi.processors.standard.RouteText - RouteText[id=38a82a0d-69fc-4d87-a6d1-ec924f6828ee] Routing FlowFile[1624,90491433917267.mockFlowFile,23B] to original
[main] DEBUG org.apache.nifi.processors.standard.RouteText - RouteText[id=38a82a0d-69fc-4d87-a6d1-ec924f6828ee] Adding new dynamic property: PropertyDescriptor[simple]
[pool-3135-thread-1] INFO org.apache.nifi.processors.standard.RouteText - RouteText[id=38a82a0d-69fc-4d87-a6d1-ec924f6828ee] Created FlowFile[1627,90491434200378.mockFlowFile,23B] from FlowFile[1626,90491434200378.mockFlowFile,23B]; routing to relationship simple
[pool-3135-thread-1] INFO org.apache.nifi.processors.standard.RouteText - RouteText[id=38a82a0d-69fc-4d87-a6d1-ec924f6828ee] Routing FlowFile[1626,90491434200378.mockFlowFile,23B] to original
[main] DEBUG org.apache.nifi.processors.standard.RouteText - RouteText[id=38a82a0d-69fc-4d87-a6d1-ec924f6828ee] Adding new dynamic property: PropertyDescriptor[simple]
[pool-3136-thread-1] INFO org.apache.nifi.processors.standard.RouteText - RouteText[id=38a82a0d-69fc-4d87-a6d1-ec924f6828ee] Created FlowFile[1629,90491434469187.mockFlowFile,23B] from FlowFile[1628,90491434469187.mockFlowFile,23B]; routing to relationship simple
[pool-3136-thread-1] INFO org.apache.nifi.processors.standard.RouteText - RouteText[id=38a82a0d-69fc-4d87-a6d1-ec924f6828ee] Routing FlowFile[1628,90491434469187.mockFlowFile,23B] to original
[main] DEBUG org.apache.nifi.processors.standard.RouteText - RouteText[id=38a82a0d-69fc-4d87-a6d1-ec924f6828ee] Adding new dynamic property: PropertyDescriptor[simple]
[pool-3137-thread-1] INFO org.apache.nifi.processors.standard.RouteText - RouteText[id=38a82a0d-69fc-4d87-a6d1-ec924f6828ee] Created FlowFile[1631,90491434735970.mockFlowFile,23B] from FlowFile[1630,90491434735970.mockFlowFile,23B]; routing to relationship simple
[pool-3137-thread-1] INFO org.apache.nifi.processors.standard.RouteText - RouteText[id=38a82a0d-69fc-4d87-a6d1-ec924f6828ee] Routing FlowFile[1630,90491434735970.mockFlowFile,23B] to original
[main] DEBUG org.apache.nifi.processors.standard.RouteText - RouteText[id=38a82a0d-69fc-4d87-a6d1-ec924f6828ee] Adding new dynamic property: PropertyDescriptor[simple]
[pool-3138-thread-1] INFO org.apache.nifi.processors.standard.RouteText - RouteText[id=38a82a0d-69fc-4d87-a6d1-ec924f6828ee] Created FlowFile[1633,90491435006991.mockFlowFile,23B] from FlowFile[1632,90491435006991.mockFlowFile,23B]; routing to relationship simple
[pool-3138-thread-1] INFO org.apache.nifi.processors.standard.RouteText - RouteText[id=38a82a0d-69fc-4d87-a6d1-ec924f6828ee] Routing FlowFile[1632,90491435006991.mockFlowFile,23B] to original
[main] DEBUG org.apache.nifi.processors.standard.RouteText - RouteText[id=38a82a0d-69fc-4d87-a6d1-ec924f6828ee] Adding new dynamic property: PropertyDescriptor[simple]
[pool-3139-thread-1] INFO org.apache.nifi.processors.standard.RouteText - RouteText[id=38a82a0d-69fc-4d87-a6d1-ec924f6828ee] Created FlowFile[1635,90491435426155.mockFlowFile,23B] from FlowFile[1634,90491435426155.mockFlowFile,23B]; routing to relationship simple
[pool-3139-thread-1] INFO org.apache.nifi.processors.standard.RouteText - RouteText[id=38a82a0d-69fc-4d87-a6d1-ec924f6828ee] Routing FlowFile[1634,90491435426155.mockFlowFile,23B] to original
[main] DEBUG org.apache.nifi.processors.standard.RouteText - RouteText[id=38a82a0d-69fc-4d87-a6d1-ec924f6828ee] Adding new dynamic property: PropertyDescriptor[simple]
[pool-3140-thread-1] INFO org.apache.nifi.processors.standard.RouteText - RouteText[id=38a82a0d-69fc-4d87-a6d1-ec924f6828ee] Created FlowFile[1637,90491435732399.mockFlowFile,23B] from FlowFile[1636,90491435732399.mockFlowFile,23B]; routing to relationship simple
[pool-3140-thread-1] INFO org.apache.nifi.processors.standard.RouteText - RouteText[id=38a82a0d-69fc-4d87-a6d1-ec924f6828ee] Routing FlowFile[1636,90491435732399.mockFlowFile,23B] to original
[main] DEBUG org.apache.nifi.processors.standard.RouteText - RouteText[id=38a82a0d-69fc-4d87-a6d1-ec924f6828ee] Adding new dynamic property: PropertyDescriptor[simple]
[pool-3141-thread-1] INFO org.apache.nifi.processors.standard.RouteText - RouteText[id=38a82a0d-69fc-4d87-a6d1-ec924f6828ee] Created FlowFile[1639,90491436024230.mockFlowFile,23B] from FlowFile[1638,90491436024230.mockFlowFile,23B]; routing to relationship simple
[pool-3141-thread-1] INFO org.apache.nifi.processors.standard.RouteText - RouteText[id=38a82a0d-69fc-4d87-a6d1-ec924f6828ee] Routing FlowFile[1638,90491436024230.mockFlowFile,23B] to original
[main] DEBUG org.apache.nifi.processors.standard.RouteText - RouteText[id=38a82a0d-69fc-4d87-a6d1-ec924f6828ee] Adding new dynamic property: PropertyDescriptor[simple]
[pool-3142-thread-1] INFO org.apache.nifi.processors.standard.RouteText - RouteText[id=38a82a0d-69fc-4d87-a6d1-ec924f6828ee] Created FlowFile[1641,90491436382947.mockFlowFile,23B] from FlowFile[1640,90491436382947.mockFlowFile,23B]; routing to relationship simple
[pool-3142-thread-1] INFO org.apache.nifi.processors.standard.RouteText - RouteText[id=38a82a0d-69fc-4d87-a6d1-ec924f6828ee] Routing FlowFile[1640,90491436382947.mockFlowFile,23B] to original
[main] DEBUG org.apache.nifi.processors.standard.RouteText - RouteText[id=38a82a0d-69fc-4d87-a6d1-ec924f6828ee] Adding new dynamic property: PropertyDescriptor[simple]
[pool-3143-thread-1] INFO org.apache.nifi.processors.standard.RouteText - RouteText[id=38a82a0d-69fc-4d87-a6d1-ec924f6828ee] Created FlowFile[1643,90491436776727.mockFlowFile,23B] from FlowFile[1642,90491436776727.mockFlowFile,23B]; routing to relationship simple
[pool-3143-thread-1] INFO org.apache.nifi.processors.standard.RouteText - RouteText[id=38a82a0d-69fc-4d87-a6d1-ec924f6828ee] Routing FlowFile[1642,90491436776727.mockFlowFile,23B] to original
[main] DEBUG org.apache.nifi.processors.standard.RouteText - RouteText[id=38a82a0d-69fc-4d87-a6d1-ec924f6828ee] Adding new dynamic property: PropertyDescriptor[simple]
[pool-3144-thread-1] INFO org.apache.nifi.processors.standard.RouteText - RouteText[id=38a82a0d-69fc-4d87-a6d1-ec924f6828ee] Created FlowFile[1645,90491437141355.mockFlowFile,23B] from FlowFile[1644,90491437141355.mockFlowFile,23B]; routing to relationship simple
[pool-3144-thread-1] INFO org.apache.nifi.processors.standard.RouteText - RouteText[id=38a82a0d-69fc-4d87-a6d1-ec924f6828ee] Routing FlowFile[1644,90491437141355.mockFlowFile,23B] to original
[main] DEBUG org.apache.nifi.processors.standard.RouteText - RouteText[id=38a82a0d-69fc-4d87-a6d1-ec924f6828ee] Adding new dynamic property: PropertyDescriptor[simple]
[pool-3145-thread-1] INFO org.apache.nifi.processors.standard.RouteText - RouteText[id=38a82a0d-69fc-4d87-a6d1-ec924f6828ee] Created FlowFile[1647,90491437408705.mockFlowFile,23B] from FlowFile[1646,90491437408705.mockFlowFile,23B]; routing to relationship simple
[pool-3145-thread-1] INFO org.apache.nifi.processors.standard.RouteText - RouteText[id=38a82a0d-69fc-4d87-a6d1-ec924f6828ee] Routing FlowFile[1646,90491437408705.mockFlowFile,23B] to original
[main] DEBUG org.apache.nifi.processors.standard.RouteText - RouteText[id=38a82a0d-69fc-4d87-a6d1-ec924f6828ee] Adding new dynamic property: PropertyDescriptor[simple]
[pool-3146-thread-1] INFO org.apache.nifi.processors.standard.RouteText - RouteText[id=38a82a0d-69fc-4d87-a6d1-ec924f6828ee] Created FlowFile[1649,90491437675378.mockFlowFile,23B] from FlowFile[1648,90491437675378.mockFlowFile,23B]; routing to relationship simple
[pool-3146-thread-1] INFO org.apache.nifi.processors.standard.RouteText - RouteText[id=38a82a0d-69fc-4d87-a6d1-ec924f6828ee] Routing FlowFile[1648,90491437675378.mockFlowFile,23B] to original
[main] DEBUG org.apache.nifi.processors.standard.RouteText - RouteText[id=38a82a0d-69fc-4d87-a6d1-ec924f6828ee] Adding new dynamic property: PropertyDescriptor[simple]
[pool-3147-thread-1] INFO org.apache.nifi.processors.standard.RouteText - RouteText[id=38a82a0d-69fc-4d87-a6d1-ec924f6828ee] Created FlowFile[1651,90491437978072.mockFlowFile,23B] from FlowFile[1650,90491437978072.mockFlowFile,23B]; routing to relationship simple
[pool-3147-thread-1] INFO org.apache.nifi.processors.standard.RouteText - RouteText[id=38a82a0d-69fc-4d87-a6d1-ec924f6828ee] Routing FlowFile[1650,90491437978072.mockFlowFile,23B] to original
[main] DEBUG org.apache.nifi.processors.standard.RouteText - RouteText[id=38a82a0d-69fc-4d87-a6d1-ec924f6828ee] Adding new dynamic property: PropertyDescriptor[simple]
[pool-3148-thread-1] INFO org.apache.nifi.processors.standard.RouteText - RouteText[id=38a82a0d-69fc-4d87-a6d1-ec924f6828ee] Created FlowFile[1653,90491438334074.mockFlowFile,23B] from FlowFile[1652,90491438334074.mockFlowFile,23B]; routing to relationship simple
[pool-3148-thread-1] INFO org.apache.nifi.processors.standard.RouteText - RouteText[id=38a82a0d-69fc-4d87-a6d1-ec924f6828ee] Routing FlowFile[1652,90491438334074.mockFlowFile,23B] to original
[main] DEBUG org.apache.nifi.processors.standard.RouteText - RouteText[id=38a82a0d-69fc-4d87-a6d1-ec924f6828ee] Adding new dynamic property: PropertyDescriptor[simple]
[pool-3149-thread-1] INFO org.apache.nifi.processors.standard.RouteText - RouteText[id=38a82a0d-69fc-4d87-a6d1-ec924f6828ee] Created FlowFile[1655,90491438598237.mockFlowFile,23B] from FlowFile[1654,90491438598237.mockFlowFile,23B]; routing to relationship simple
[pool-3149-thread-1] INFO org.apache.nifi.processors.standard.RouteText - RouteText[id=38a82a0d-69fc-4d87-a6d1-ec924f6828ee] Routing FlowFile[1654,90491438598237.mockFlowFile,23B] to original
[main] DEBUG org.apache.nifi.processors.standard.RouteText - RouteText[id=38a82a0d-69fc-4d87-a6d1-ec924f6828ee] Adding new dynamic property: PropertyDescriptor[simple]
[pool-3150-thread-1] INFO org.apache.nifi.processors.standard.RouteText - RouteText[id=38a82a0d-69fc-4d87-a6d1-ec924f6828ee] Created FlowFile[1657,90491438885453.mockFlowFile,23B] from FlowFile[1656,90491438885453.mockFlowFile,23B]; routing to relationship simple
[pool-3150-thread-1] INFO org.apache.nifi.processors.standard.RouteText - RouteText[id=38a82a0d-69fc-4d87-a6d1-ec924f6828ee] Routing FlowFile[1656,90491438885453.mockFlowFile,23B] to original
[main] DEBUG org.apache.nifi.processors.standard.RouteText - RouteText[id=38a82a0d-69fc-4d87-a6d1-ec924f6828ee] Adding new dynamic property: PropertyDescriptor[simple]
[pool-3151-thread-1] INFO org.apache.nifi.processors.standard.RouteText - RouteText[id=38a82a0d-69fc-4d87-a6d1-ec924f6828ee] Created FlowFile[1659,90491439250712.mockFlowFile,23B] from FlowFile[1658,90491439250712.mockFlowFile,23B]; routing to relationship simple
[pool-3151-thread-1] INFO org.apache.nifi.processors.standard.RouteText - RouteText[id=38a82a0d-69fc-4d87-a6d1-ec924f6828ee] Routing FlowFile[1658,90491439250712.mockFlowFile,23B] to original
[main] DEBUG org.apache.nifi.processors.standard.RouteText - RouteText[id=38a82a0d-69fc-4d87-a6d1-ec924f6828ee] Adding new dynamic property: PropertyDescriptor[simple]
[pool-3152-thread-1] INFO org.apache.nifi.processors.standard.RouteText - RouteText[id=38a82a0d-69fc-4d87-a6d1-ec924f6828ee] Created FlowFile[1661,90491439531435.mockFlowFile,23B] from FlowFile[1660,90491439531435.mockFlowFile,23B]; routing to relationship simple
[pool-3152-thread-1] INFO org.apache.nifi.processors.standard.RouteText - RouteText[id=38a82a0d-69fc-4d87-a6d1-ec924f6828ee] Routing FlowFile[1660,90491439531435.mockFlowFile,23B] to original
[main] DEBUG org.apache.nifi.processors.standard.RouteText - RouteText[id=38a82a0d-69fc-4d87-a6d1-ec924f6828ee] Adding new dynamic property: PropertyDescriptor[simple]
[pool-3153-thread-1] INFO org.apache.nifi.processors.standard.RouteText - RouteText[id=38a82a0d-69fc-4d87-a6d1-ec924f6828ee] Created FlowFile[1663,90491439939923.mockFlowFile,23B] from FlowFile[1662,90491439939923.mockFlowFile,23B]; routing to relationship simple
[pool-3153-thread-1] INFO org.apache.nifi.processors.standard.RouteText - RouteText[id=38a82a0d-69fc-4d87-a6d1-ec924f6828ee] Routing FlowFile[1662,90491439939923.mockFlowFile,23B] to original
[main] DEBUG org.apache.nifi.processors.standard.RouteText - RouteText[id=38a82a0d-69fc-4d87-a6d1-ec924f6828ee] Adding new dynamic property: PropertyDescriptor[simple]
[pool-3154-thread-1] INFO org.apache.nifi.processors.standard.RouteText - RouteText[id=38a82a0d-69fc-4d87-a6d1-ec924f6828ee] Created FlowFile[1665,90491440433315.mockFlowFile,23B] from FlowFile[1664,90491440433315.mockFlowFile,23B]; routing to relationship simple
[pool-3154-thread-1] INFO org.apache.nifi.processors.standard.RouteText - RouteText[id=38a82a0d-69fc-4d87-a6d1-ec924f6828ee] Routing FlowFile[1664,90491440433315.mockFlowFile,23B] to original
[main] DEBUG org.apache.nifi.processors.standard.RouteText - RouteText[id=38a82a0d-69fc-4d87-a6d1-ec924f6828ee] Adding new dynamic property: PropertyDescriptor[simple]
[pool-3155-thread-1] INFO org.apache.nifi.processors.standard.RouteText - RouteText[id=38a82a0d-69fc-4d87-a6d1-ec924f6828ee] Created FlowFile[1667,90491440846614.mockFlowFile,23B] from FlowFile[1666,90491440846614.mockFlowFile,23B]; routing to relationship simple
[pool-3155-thread-1] INFO org.apache.nifi.processors.standard.RouteText - RouteText[id=38a82a0d-69fc-4d87-a6d1-ec924f6828ee] Routing FlowFile[1666,90491440846614.mockFlowFile,23B] to original
[main] DEBUG org.apache.nifi.processors.standard.RouteText - RouteText[id=38a82a0d-69fc-4d87-a6d1-ec924f6828ee] Adding new dynamic property: PropertyDescriptor[simple]
[pool-3156-thread-1] INFO org.apache.nifi.processors.standard.RouteText - RouteText[id=38a82a0d-69fc-4d87-a6d1-ec924f6828ee] Created FlowFile[1669,90491441510933.mockFlowFile,23B] from FlowFile[1668,90491441510933.mockFlowFile,23B]; routing to relationship simple
[pool-3156-thread-1] INFO org.apache.nifi.processors.standard.RouteText - RouteText[id=38a82a0d-69fc-4d87-a6d1-ec924f6828ee] Routing FlowFile[1668,90491441510933.mockFlowFile,23B] to original
[main] DEBUG org.apache.nifi.processors.standard.RouteText - RouteText[id=38a82a0d-69fc-4d87-a6d1-ec924f6828ee] Adding new dynamic property: PropertyDescriptor[simple]
[pool-3157-thread-1] INFO org.apache.nifi.processors.standard.RouteText - RouteText[id=38a82a0d-69fc-4d87-a6d1-ec924f6828ee] Created FlowFile[1671,90491442116146.mockFlowFile,23B] from FlowFile[1670,90491442116146.mockFlowFile,23B]; routing to relationship simple
[pool-3157-thread-1] INFO org.apache.nifi.processors.standard.RouteText - RouteText[id=38a82a0d-69fc-4d87-a6d1-ec924f6828ee] Routing FlowFile[1670,90491442116146.mockFlowFile,23B] to original
[main] DEBUG org.apache.nifi.processors.standard.RouteText - RouteText[id=38a82a0d-69fc-4d87-a6d1-ec924f6828ee] Adding new dynamic property: PropertyDescriptor[simple]
[pool-3158-thread-1] INFO org.apache.nifi.processors.standard.RouteText - RouteText[id=38a82a0d-69fc-4d87-a6d1-ec924f6828ee] Created FlowFile[1673,90491442573122.mockFlowFile,23B] from FlowFile[1672,90491442573122.mockFlowFile,23B]; routing to relationship simple
[pool-3158-thread-1] INFO org.apache.nifi.processors.standard.RouteText - RouteText[id=38a82a0d-69fc-4d87-a6d1-ec924f6828ee] Routing FlowFile[1672,90491442573122.mockFlowFile,23B] to original
[main] DEBUG org.apache.nifi.processors.standard.RouteText - RouteText[id=38a82a0d-69fc-4d87-a6d1-ec924f6828ee] Adding new dynamic property: PropertyDescriptor[simple]
[pool-3159-thread-1] INFO org.apache.nifi.processors.standard.RouteText - RouteText[id=38a82a0d-69fc-4d87-a6d1-ec924f6828ee] Created FlowFile[1675,90491443323358.mockFlowFile,23B] from FlowFile[1674,90491443323358.mockFlowFile,23B]; routing to relationship simple
[pool-3159-thread-1] INFO org.apache.nifi.processors.standard.RouteText - RouteText[id=38a82a0d-69fc-4d87-a6d1-ec924f6828ee] Routing FlowFile[1674,90491443323358.mockFlowFile,23B] to original
[main] DEBUG org.apache.nifi.processors.standard.RouteText - RouteText[id=38a82a0d-69fc-4d87-a6d1-ec924f6828ee] Adding new dynamic property: PropertyDescriptor[simple]
[pool-3160-thread-1] INFO org.apache.nifi.processors.standard.RouteText - RouteText[id=38a82a0d-69fc-4d87-a6d1-ec924f6828ee] Created FlowFile[1677,90491443801391.mockFlowFile,23B] from FlowFile[1676,90491443801391.mockFlowFile,23B]; routing to relationship simple
[pool-3160-thread-1] INFO org.apache.nifi.processors.standard.RouteText - RouteText[id=38a82a0d-69fc-4d87-a6d1-ec924f6828ee] Routing FlowFile[1676,90491443801391.mockFlowFile,23B] to original
[main] DEBUG org.apache.nifi.processors.standard.RouteText - RouteText[id=38a82a0d-69fc-4d87-a6d1-ec924f6828ee] Adding new dynamic property: PropertyDescriptor[simple]
[pool-3161-thread-1] INFO org.apache.nifi.processors.standard.RouteText - RouteText[id=38a82a0d-69fc-4d87-a6d1-ec924f6828ee] Created FlowFile[1679,90491444376629.mockFlowFile,23B] from FlowFile[1678,90491444376629.mockFlowFile,23B]; routing to relationship simple
[pool-3161-thread-1] INFO org.apache.nifi.processors.standard.RouteText - RouteText[id=38a82a0d-69fc-4d87-a6d1-ec924f6828ee] Routing FlowFile[1678,90491444376629.mockFlowFile,23B] to original
[main] DEBUG org.apache.nifi.processors.standard.RouteText - RouteText[id=38a82a0d-69fc-4d87-a6d1-ec924f6828ee] Adding new dynamic property: PropertyDescriptor[simple]
[pool-3162-thread-1] INFO org.apache.nifi.processors.standard.RouteText - RouteText[id=38a82a0d-69fc-4d87-a6d1-ec924f6828ee] Created FlowFile[1681,90491444955858.mockFlowFile,23B] from FlowFile[1680,90491444955858.mockFlowFile,23B]; routing to relationship simple
[pool-3162-thread-1] INFO org.apache.nifi.processors.standard.RouteText - RouteText[id=38a82a0d-69fc-4d87-a6d1-ec924f6828ee] Routing FlowFile[1680,90491444955858.mockFlowFile,23B] to original
[main] DEBUG org.apache.nifi.processors.standard.RouteText - RouteText[id=38a82a0d-69fc-4d87-a6d1-ec924f6828ee] Adding new dynamic property: PropertyDescriptor[simple]
[pool-3163-thread-1] INFO org.apache.nifi.processors.standard.RouteText - RouteText[id=38a82a0d-69fc-4d87-a6d1-ec924f6828ee] Created FlowFile[1683,90491445508452.mockFlowFile,23B] from FlowFile[1682,90491445508452.mockFlowFile,23B]; routing to relationship simple
[pool-3163-thread-1] INFO org.apache.nifi.processors.standard.RouteText - RouteText[id=38a82a0d-69fc-4d87-a6d1-ec924f6828ee] Routing FlowFile[1682,90491445508452.mockFlowFile,23B] to original
[main] DEBUG org.apache.nifi.processors.standard.RouteText - RouteText[id=38a82a0d-69fc-4d87-a6d1-ec924f6828ee] Adding new dynamic property: PropertyDescriptor[simple]
[pool-3164-thread-1] INFO org.apache.nifi.processors.standard.RouteText - RouteText[id=38a82a0d-69fc-4d87-a6d1-ec924f6828ee] Created FlowFile[1685,90491445858686.mockFlowFile,23B] from FlowFile[1684,90491445858686.mockFlowFile,23B]; routing to relationship simple
[pool-3164-thread-1] INFO org.apache.nifi.processors.standard.RouteText - RouteText[id=38a82a0d-69fc-4d87-a6d1-ec924f6828ee] Routing FlowFile[1684,90491445858686.mockFlowFile,23B] to original
[main] DEBUG org.apache.nifi.processors.standard.RouteText - RouteText[id=38a82a0d-69fc-4d87-a6d1-ec924f6828ee] Adding new dynamic property: PropertyDescriptor[simple]
[pool-3165-thread-1] INFO org.apache.nifi.processors.standard.RouteText - RouteText[id=38a82a0d-69fc-4d87-a6d1-ec924f6828ee] Created FlowFile[1687,90491446294259.mockFlowFile,23B] from FlowFile[1686,90491446294259.mockFlowFile,23B]; routing to relationship simple
[pool-3165-thread-1] INFO org.apache.nifi.processors.standard.RouteText - RouteText[id=38a82a0d-69fc-4d87-a6d1-ec924f6828ee] Routing FlowFile[1686,90491446294259.mockFlowFile,23B] to original
[main] DEBUG org.apache.nifi.processors.standard.RouteText - RouteText[id=38a82a0d-69fc-4d87-a6d1-ec924f6828ee] Adding new dynamic property: PropertyDescriptor[simple]
[pool-3166-thread-1] INFO org.apache.nifi.processors.standard.RouteText - RouteText[id=38a82a0d-69fc-4d87-a6d1-ec924f6828ee] Created FlowFile[1689,90491446707419.mockFlowFile,23B] from FlowFile[1688,90491446707419.mockFlowFile,23B]; routing to relationship simple
[pool-3166-thread-1] INFO org.apache.nifi.processors.standard.RouteText - RouteText[id=38a82a0d-69fc-4d87-a6d1-ec924f6828ee] Routing FlowFile[1688,90491446707419.mockFlowFile,23B] to original
[main] DEBUG org.apache.nifi.processors.standard.RouteText - RouteText[id=38a82a0d-69fc-4d87-a6d1-ec924f6828ee] Adding new dynamic property: PropertyDescriptor[simple]
[pool-3167-thread-1] INFO org.apache.nifi.processors.standard.RouteText - RouteText[id=38a82a0d-69fc-4d87-a6d1-ec924f6828ee] Created FlowFile[1691,90491447005174.mockFlowFile,23B] from FlowFile[1690,90491447005174.mockFlowFile,23B]; routing to relationship simple
[pool-3167-thread-1] INFO org.apache.nifi.processors.standard.RouteText - RouteText[id=38a82a0d-69fc-4d87-a6d1-ec924f6828ee] Routing FlowFile[1690,90491447005174.mockFlowFile,23B] to original
[main] DEBUG org.apache.nifi.processors.standard.RouteText - RouteText[id=38a82a0d-69fc-4d87-a6d1-ec924f6828ee] Adding new dynamic property: PropertyDescriptor[simple]
[pool-3168-thread-1] INFO org.apache.nifi.processors.standard.RouteText - RouteText[id=38a82a0d-69fc-4d87-a6d1-ec924f6828ee] Created FlowFile[1693,90491447582599.mockFlowFile,23B] from FlowFile[1692,90491447582599.mockFlowFile,23B]; routing to relationship simple
[pool-3168-thread-1] INFO org.apache.nifi.processors.standard.RouteText - RouteText[id=38a82a0d-69fc-4d87-a6d1-ec924f6828ee] Routing FlowFile[1692,90491447582599.mockFlowFile,23B] to original
[main] DEBUG org.apache.nifi.processors.standard.RouteText - RouteText[id=38a82a0d-69fc-4d87-a6d1-ec924f6828ee] Adding new dynamic property: PropertyDescriptor[simple]
[pool-3169-thread-1] INFO org.apache.nifi.processors.standard.RouteText - RouteText[id=38a82a0d-69fc-4d87-a6d1-ec924f6828ee] Created FlowFile[1695,90491448140577.mockFlowFile,23B] from FlowFile[1694,90491448140577.mockFlowFile,23B]; routing to relationship simple
[pool-3169-thread-1] INFO org.apache.nifi.processors.standard.RouteText - RouteText[id=38a82a0d-69fc-4d87-a6d1-ec924f6828ee] Routing FlowFile[1694,90491448140577.mockFlowFile,23B] to original
[main] DEBUG org.apache.nifi.processors.standard.RouteText - RouteText[id=38a82a0d-69fc-4d87-a6d1-ec924f6828ee] Adding new dynamic property: PropertyDescriptor[simple]
[pool-3170-thread-1] INFO org.apache.nifi.processors.standard.RouteText - RouteText[id=38a82a0d-69fc-4d87-a6d1-ec924f6828ee] Created FlowFile[1697,90491448610149.mockFlowFile,23B] from FlowFile[1696,90491448610149.mockFlowFile,23B]; routing to relationship simple
[pool-3170-thread-1] INFO org.apache.nifi.processors.standard.RouteText - RouteText[id=38a82a0d-69fc-4d87-a6d1-ec924f6828ee] Routing FlowFile[1696,90491448610149.mockFlowFile,23B] to original
[main] DEBUG org.apache.nifi.processors.standard.RouteText - RouteText[id=38a82a0d-69fc-4d87-a6d1-ec924f6828ee] Adding new dynamic property: PropertyDescriptor[simple]
[pool-3171-thread-1] INFO org.apache.nifi.processors.standard.RouteText - RouteText[id=38a82a0d-69fc-4d87-a6d1-ec924f6828ee] Created FlowFile[1699,90491449025671.mockFlowFile,23B] from FlowFile[1698,90491449025671.mockFlowFile,23B]; routing to relationship simple
[pool-3171-thread-1] INFO org.apache.nifi.processors.standard.RouteText - RouteText[id=38a82a0d-69fc-4d87-a6d1-ec924f6828ee] Routing FlowFile[1698,90491449025671.mockFlowFile,23B] to original
[main] DEBUG org.apache.nifi.processors.standard.RouteText - RouteText[id=38a82a0d-69fc-4d87-a6d1-ec924f6828ee] Adding new dynamic property: PropertyDescriptor[simple]
[pool-3172-thread-1] INFO org.apache.nifi.processors.standard.RouteText - RouteText[id=38a82a0d-69fc-4d87-a6d1-ec924f6828ee] Created FlowFile[1701,90491449449151.mockFlowFile,23B] from FlowFile[1700,90491449449151.mockFlowFile,23B]; routing to relationship simple
[pool-3172-thread-1] INFO org.apache.nifi.processors.standard.RouteText - RouteText[id=38a82a0d-69fc-4d87-a6d1-ec924f6828ee] Routing FlowFile[1700,90491449449151.mockFlowFile,23B] to original
[main] DEBUG org.apache.nifi.processors.standard.RouteText - RouteText[id=38a82a0d-69fc-4d87-a6d1-ec924f6828ee] Adding new dynamic property: PropertyDescriptor[simple]
[pool-3173-thread-1] INFO org.apache.nifi.processors.standard.RouteText - RouteText[id=38a82a0d-69fc-4d87-a6d1-ec924f6828ee] Created FlowFile[1703,90491449824329.mockFlowFile,23B] from FlowFile[1702,90491449824329.mockFlowFile,23B]; routing to relationship simple
[pool-3173-thread-1] INFO org.apache.nifi.processors.standard.RouteText - RouteText[id=38a82a0d-69fc-4d87-a6d1-ec924f6828ee] Routing FlowFile[1702,90491449824329.mockFlowFile,23B] to original
[main] DEBUG org.apache.nifi.processors.standard.RouteText - RouteText[id=38a82a0d-69fc-4d87-a6d1-ec924f6828ee] Adding new dynamic property: PropertyDescriptor[simple]
[pool-3174-thread-1] INFO org.apache.nifi.processors.standard.RouteText - RouteText[id=38a82a0d-69fc-4d87-a6d1-ec924f6828ee] Created FlowFile[1705,90491450157677.mockFlowFile,23B] from FlowFile[1704,90491450157677.mockFlowFile,23B]; routing to relationship simple
[pool-3174-thread-1] INFO org.apache.nifi.processors.standard.RouteText - RouteText[id=38a82a0d-69fc-4d87-a6d1-ec924f6828ee] Routing FlowFile[1704,90491450157677.mockFlowFile,23B] to original
[main] DEBUG org.apache.nifi.processors.standard.RouteText - RouteText[id=38a82a0d-69fc-4d87-a6d1-ec924f6828ee] Adding new dynamic property: PropertyDescriptor[simple]
[pool-3175-thread-1] INFO org.apache.nifi.processors.standard.RouteText - RouteText[id=38a82a0d-69fc-4d87-a6d1-ec924f6828ee] Created FlowFile[1707,90491450477266.mockFlowFile,23B] from FlowFile[1706,90491450477266.mockFlowFile,23B]; routing to relationship simple
[pool-3175-thread-1] INFO org.apache.nifi.processors.standard.RouteText - RouteText[id=38a82a0d-69fc-4d87-a6d1-ec924f6828ee] Routing FlowFile[1706,90491450477266.mockFlowFile,23B] to original
[main] DEBUG org.apache.nifi.processors.standard.RouteText - RouteText[id=38a82a0d-69fc-4d87-a6d1-ec924f6828ee] Adding new dynamic property: PropertyDescriptor[simple]
[pool-3176-thread-1] INFO org.apache.nifi.processors.standard.RouteText - RouteText[id=38a82a0d-69fc-4d87-a6d1-ec924f6828ee] Created FlowFile[1709,90491450794115.mockFlowFile,23B] from FlowFile[1708,90491450794115.mockFlowFile,23B]; routing to relationship simple
[pool-3176-thread-1] INFO org.apache.nifi.processors.standard.RouteText - RouteText[id=38a82a0d-69fc-4d87-a6d1-ec924f6828ee] Routing FlowFile[1708,90491450794115.mockFlowFile,23B] to original
[main] DEBUG org.apache.nifi.processors.standard.RouteText - RouteText[id=38a82a0d-69fc-4d87-a6d1-ec924f6828ee] Adding new dynamic property: PropertyDescriptor[simple]
[pool-3177-thread-1] INFO org.apache.nifi.processors.standard.RouteText - RouteText[id=38a82a0d-69fc-4d87-a6d1-ec924f6828ee] Created FlowFile[1711,90491451117684.mockFlowFile,23B] from FlowFile[1710,90491451117684.mockFlowFile,23B]; routing to relationship simple
[pool-3177-thread-1] INFO org.apache.nifi.processors.standard.RouteText - RouteText[id=38a82a0d-69fc-4d87-a6d1-ec924f6828ee] Routing FlowFile[1710,90491451117684.mockFlowFile,23B] to original
[main] DEBUG org.apache.nifi.processors.standard.RouteText - RouteText[id=38a82a0d-69fc-4d87-a6d1-ec924f6828ee] Adding new dynamic property: PropertyDescriptor[simple]
[pool-3178-thread-1] INFO org.apache.nifi.processors.standard.RouteText - RouteText[id=38a82a0d-69fc-4d87-a6d1-ec924f6828ee] Created FlowFile[1713,90491451487328.mockFlowFile,23B] from FlowFile[1712,90491451487328.mockFlowFile,23B]; routing to relationship simple
[pool-3178-thread-1] INFO org.apache.nifi.processors.standard.RouteText - RouteText[id=38a82a0d-69fc-4d87-a6d1-ec924f6828ee] Routing FlowFile[1712,90491451487328.mockFlowFile,23B] to original
[main] DEBUG org.apache.nifi.processors.standard.RouteText - RouteText[id=38a82a0d-69fc-4d87-a6d1-ec924f6828ee] Adding new dynamic property: PropertyDescriptor[simple]
[pool-3179-thread-1] INFO org.apache.nifi.processors.standard.RouteText - RouteText[id=38a82a0d-69fc-4d87-a6d1-ec924f6828ee] Created FlowFile[1715,90491451814465.mockFlowFile,23B] from FlowFile[1714,90491451814465.mockFlowFile,23B]; routing to relationship simple
[pool-3179-thread-1] INFO org.apache.nifi.processors.standard.RouteText - RouteText[id=38a82a0d-69fc-4d87-a6d1-ec924f6828ee] Routing FlowFile[1714,90491451814465.mockFlowFile,23B] to original
[main] DEBUG org.apache.nifi.processors.standard.RouteText - RouteText[id=38a82a0d-69fc-4d87-a6d1-ec924f6828ee] Adding new dynamic property: PropertyDescriptor[simple]
[pool-3180-thread-1] INFO org.apache.nifi.processors.standard.RouteText - RouteText[id=38a82a0d-69fc-4d87-a6d1-ec924f6828ee] Created FlowFile[1717,90491452289029.mockFlowFile,23B] from FlowFile[1716,90491452289029.mockFlowFile,23B]; routing to relationship simple
[pool-3180-thread-1] INFO org.apache.nifi.processors.standard.RouteText - RouteText[id=38a82a0d-69fc-4d87-a6d1-ec924f6828ee] Routing FlowFile[1716,90491452289029.mockFlowFile,23B] to original
[main] DEBUG org.apache.nifi.processors.standard.RouteText - RouteText[id=38a82a0d-69fc-4d87-a6d1-ec924f6828ee] Adding new dynamic property: PropertyDescriptor[simple]
[pool-3181-thread-1] INFO org.apache.nifi.processors.standard.RouteText - RouteText[id=38a82a0d-69fc-4d87-a6d1-ec924f6828ee] Created FlowFile[1719,90491452733278.mockFlowFile,23B] from FlowFile[1718,90491452733278.mockFlowFile,23B]; routing to relationship simple
[pool-3181-thread-1] INFO org.apache.nifi.processors.standard.RouteText - RouteText[id=38a82a0d-69fc-4d87-a6d1-ec924f6828ee] Routing FlowFile[1718,90491452733278.mockFlowFile,23B] to original
[main] DEBUG org.apache.nifi.processors.standard.RouteText - RouteText[id=38a82a0d-69fc-4d87-a6d1-ec924f6828ee] Adding new dynamic property: PropertyDescriptor[simple]
[pool-3182-thread-1] INFO org.apache.nifi.processors.standard.RouteText - RouteText[id=38a82a0d-69fc-4d87-a6d1-ec924f6828ee] Created FlowFile[1721,90491453169930.mockFlowFile,23B] from FlowFile[1720,90491453169930.mockFlowFile,23B]; routing to relationship simple
[pool-3182-thread-1] INFO org.apache.nifi.processors.standard.RouteText - RouteText[id=38a82a0d-69fc-4d87-a6d1-ec924f6828ee] Routing FlowFile[1720,90491453169930.mockFlowFile,23B] to original
[main] DEBUG org.apache.nifi.processors.standard.RouteText - RouteText[id=38a82a0d-69fc-4d87-a6d1-ec924f6828ee] Adding new dynamic property: PropertyDescriptor[simple]
[pool-3183-thread-1] INFO org.apache.nifi.processors.standard.RouteText - RouteText[id=38a82a0d-69fc-4d87-a6d1-ec924f6828ee] Created FlowFile[1723,90491453564995.mockFlowFile,23B] from FlowFile[1722,90491453564995.mockFlowFile,23B]; routing to relationship simple
[pool-3183-thread-1] INFO org.apache.nifi.processors.standard.RouteText - RouteText[id=38a82a0d-69fc-4d87-a6d1-ec924f6828ee] Routing FlowFile[1722,90491453564995.mockFlowFile,23B] to original
[main] DEBUG org.apache.nifi.processors.standard.RouteText - RouteText[id=38a82a0d-69fc-4d87-a6d1-ec924f6828ee] Adding new dynamic property: PropertyDescriptor[simple]
[pool-3184-thread-1] INFO org.apache.nifi.processors.standard.RouteText - RouteText[id=38a82a0d-69fc-4d87-a6d1-ec924f6828ee] Created FlowFile[1725,90491453909627.mockFlowFile,23B] from FlowFile[1724,90491453909627.mockFlowFile,23B]; routing to relationship simple
[pool-3184-thread-1] INFO org.apache.nifi.processors.standard.RouteText - RouteText[id=38a82a0d-69fc-4d87-a6d1-ec924f6828ee] Routing FlowFile[1724,90491453909627.mockFlowFile,23B] to original
[main] DEBUG org.apache.nifi.processors.standard.RouteText - RouteText[id=38a82a0d-69fc-4d87-a6d1-ec924f6828ee] Adding new dynamic property: PropertyDescriptor[simple]
[pool-3185-thread-1] INFO org.apache.nifi.processors.standard.RouteText - RouteText[id=38a82a0d-69fc-4d87-a6d1-ec924f6828ee] Created FlowFile[1727,90491454239831.mockFlowFile,23B] from FlowFile[1726,90491454239831.mockFlowFile,23B]; routing to relationship simple
[pool-3185-thread-1] INFO org.apache.nifi.processors.standard.RouteText - RouteText[id=38a82a0d-69fc-4d87-a6d1-ec924f6828ee] Routing FlowFile[1726,90491454239831.mockFlowFile,23B] to original
[main] DEBUG org.apache.nifi.processors.standard.RouteText - RouteText[id=38a82a0d-69fc-4d87-a6d1-ec924f6828ee] Adding new dynamic property: PropertyDescriptor[simple]
[pool-3186-thread-1] INFO org.apache.nifi.processors.standard.RouteText - RouteText[id=38a82a0d-69fc-4d87-a6d1-ec924f6828ee] Created FlowFile[1729,90491454580075.mockFlowFile,23B] from FlowFile[1728,90491454580075.mockFlowFile,23B]; routing to relationship simple
[pool-3186-thread-1] INFO org.apache.nifi.processors.standard.RouteText - RouteText[id=38a82a0d-69fc-4d87-a6d1-ec924f6828ee] Routing FlowFile[1728,90491454580075.mockFlowFile,23B] to original
[main] DEBUG org.apache.nifi.processors.standard.RouteText - RouteText[id=38a82a0d-69fc-4d87-a6d1-ec924f6828ee] Adding new dynamic property: PropertyDescriptor[simple]
[pool-3187-thread-1] INFO org.apache.nifi.processors.standard.RouteText - RouteText[id=38a82a0d-69fc-4d87-a6d1-ec924f6828ee] Created FlowFile[1731,90491455058612.mockFlowFile,23B] from FlowFile[1730,90491455058612.mockFlowFile,23B]; routing to relationship simple
[pool-3187-thread-1] INFO org.apache.nifi.processors.standard.RouteText - RouteText[id=38a82a0d-69fc-4d87-a6d1-ec924f6828ee] Routing FlowFile[1730,90491455058612.mockFlowFile,23B] to original
[main] DEBUG org.apache.nifi.processors.standard.RouteText - RouteText[id=38a82a0d-69fc-4d87-a6d1-ec924f6828ee] Adding new dynamic property: PropertyDescriptor[simple]
[pool-3188-thread-1] INFO org.apache.nifi.processors.standard.RouteText - RouteText[id=38a82a0d-69fc-4d87-a6d1-ec924f6828ee] Created FlowFile[1733,90491455480862.mockFlowFile,23B] from FlowFile[1732,90491455480862.mockFlowFile,23B]; routing to relationship simple
[pool-3188-thread-1] INFO org.apache.nifi.processors.standard.RouteText - RouteText[id=38a82a0d-69fc-4d87-a6d1-ec924f6828ee] Routing FlowFile[1732,90491455480862.mockFlowFile,23B] to original
[main] DEBUG org.apache.nifi.processors.standard.RouteText - RouteText[id=38a82a0d-69fc-4d87-a6d1-ec924f6828ee] Adding new dynamic property: PropertyDescriptor[simple]
[pool-3189-thread-1] INFO org.apache.nifi.processors.standard.RouteText - RouteText[id=38a82a0d-69fc-4d87-a6d1-ec924f6828ee] Created FlowFile[1735,90491455845911.mockFlowFile,23B] from FlowFile[1734,90491455845911.mockFlowFile,23B]; routing to relationship simple
[pool-3189-thread-1] INFO org.apache.nifi.processors.standard.RouteText - RouteText[id=38a82a0d-69fc-4d87-a6d1-ec924f6828ee] Routing FlowFile[1734,90491455845911.mockFlowFile,23B] to original
[main] DEBUG org.apache.nifi.processors.standard.RouteText - RouteText[id=38a82a0d-69fc-4d87-a6d1-ec924f6828ee] Adding new dynamic property: PropertyDescriptor[simple]
[pool-3190-thread-1] INFO org.apache.nifi.processors.standard.RouteText - RouteText[id=38a82a0d-69fc-4d87-a6d1-ec924f6828ee] Created FlowFile[1737,90491456396506.mockFlowFile,23B] from FlowFile[1736,90491456396506.mockFlowFile,23B]; routing to relationship simple
[pool-3190-thread-1] INFO org.apache.nifi.processors.standard.RouteText - RouteText[id=38a82a0d-69fc-4d87-a6d1-ec924f6828ee] Routing FlowFile[1736,90491456396506.mockFlowFile,23B] to original
[main] DEBUG org.apache.nifi.processors.standard.RouteText - RouteText[id=38a82a0d-69fc-4d87-a6d1-ec924f6828ee] Adding new dynamic property: PropertyDescriptor[simple]
[pool-3191-thread-1] INFO org.apache.nifi.processors.standard.RouteText - RouteText[id=38a82a0d-69fc-4d87-a6d1-ec924f6828ee] Created FlowFile[1739,90491456923418.mockFlowFile,23B] from FlowFile[1738,90491456923418.mockFlowFile,23B]; routing to relationship simple
[pool-3191-thread-1] INFO org.apache.nifi.processors.standard.RouteText - RouteText[id=38a82a0d-69fc-4d87-a6d1-ec924f6828ee] Routing FlowFile[1738,90491456923418.mockFlowFile,23B] to original
[main] DEBUG org.apache.nifi.processors.standard.RouteText - RouteText[id=38a82a0d-69fc-4d87-a6d1-ec924f6828ee] Adding new dynamic property: PropertyDescriptor[simple]
[pool-3192-thread-1] INFO org.apache.nifi.processors.standard.RouteText - RouteText[id=38a82a0d-69fc-4d87-a6d1-ec924f6828ee] Created FlowFile[1741,90491457454885.mockFlowFile,23B] from FlowFile[1740,90491457454885.mockFlowFile,23B]; routing to relationship simple
[pool-3192-thread-1] INFO org.apache.nifi.processors.standard.RouteText - RouteText[id=38a82a0d-69fc-4d87-a6d1-ec924f6828ee] Routing FlowFile[1740,90491457454885.mockFlowFile,23B] to original
[main] DEBUG org.apache.nifi.processors.standard.RouteText - RouteText[id=38a82a0d-69fc-4d87-a6d1-ec924f6828ee] Adding new dynamic property: PropertyDescriptor[simple]
[pool-3193-thread-1] INFO org.apache.nifi.processors.standard.RouteText - RouteText[id=38a82a0d-69fc-4d87-a6d1-ec924f6828ee] Created FlowFile[1743,90491457951074.mockFlowFile,23B] from FlowFile[1742,90491457951074.mockFlowFile,23B]; routing to relationship simple
[pool-3193-thread-1] INFO org.apache.nifi.processors.standard.RouteText - RouteText[id=38a82a0d-69fc-4d87-a6d1-ec924f6828ee] Routing FlowFile[1742,90491457951074.mockFlowFile,23B] to original
[main] DEBUG org.apache.nifi.processors.standard.RouteText - RouteText[id=38a82a0d-69fc-4d87-a6d1-ec924f6828ee] Adding new dynamic property: PropertyDescriptor[simple]
[pool-3194-thread-1] INFO org.apache.nifi.processors.standard.RouteText - RouteText[id=38a82a0d-69fc-4d87-a6d1-ec924f6828ee] Created FlowFile[1745,90491458396351.mockFlowFile,23B] from FlowFile[1744,90491458396351.mockFlowFile,23B]; routing to relationship simple
[pool-3194-thread-1] INFO org.apache.nifi.processors.standard.RouteText - RouteText[id=38a82a0d-69fc-4d87-a6d1-ec924f6828ee] Routing FlowFile[1744,90491458396351.mockFlowFile,23B] to original
[main] DEBUG org.apache.nifi.processors.standard.RouteText - RouteText[id=38a82a0d-69fc-4d87-a6d1-ec924f6828ee] Adding new dynamic property: PropertyDescriptor[simple]
[pool-3195-thread-1] INFO org.apache.nifi.processors.standard.RouteText - RouteText[id=38a82a0d-69fc-4d87-a6d1-ec924f6828ee] Created FlowFile[1747,90491458835682.mockFlowFile,23B] from FlowFile[1746,90491458835682.mockFlowFile,23B]; routing to relationship simple
[pool-3195-thread-1] INFO org.apache.nifi.processors.standard.RouteText - RouteText[id=38a82a0d-69fc-4d87-a6d1-ec924f6828ee] Routing FlowFile[1746,90491458835682.mockFlowFile,23B] to original
[main] DEBUG org.apache.nifi.processors.standard.RouteText - RouteText[id=38a82a0d-69fc-4d87-a6d1-ec924f6828ee] Adding new dynamic property: PropertyDescriptor[simple]
[pool-3196-thread-1] INFO org.apache.nifi.processors.standard.RouteText - RouteText[id=38a82a0d-69fc-4d87-a6d1-ec924f6828ee] Created FlowFile[1749,90491459315124.mockFlowFile,23B] from FlowFile[1748,90491459315124.mockFlowFile,23B]; routing to relationship simple
[pool-3196-thread-1] INFO org.apache.nifi.processors.standard.RouteText - RouteText[id=38a82a0d-69fc-4d87-a6d1-ec924f6828ee] Routing FlowFile[1748,90491459315124.mockFlowFile,23B] to original
[main] DEBUG org.apache.nifi.processors.standard.RouteText - RouteText[id=38a82a0d-69fc-4d87-a6d1-ec924f6828ee] Adding new dynamic property: PropertyDescriptor[simple]
[pool-3197-thread-1] INFO org.apache.nifi.processors.standard.RouteText - RouteText[id=38a82a0d-69fc-4d87-a6d1-ec924f6828ee] Created FlowFile[1751,90491459719861.mockFlowFile,23B] from FlowFile[1750,90491459719861.mockFlowFile,23B]; routing to relationship simple
[pool-3197-thread-1] INFO org.apache.nifi.processors.standard.RouteText - RouteText[id=38a82a0d-69fc-4d87-a6d1-ec924f6828ee] Routing FlowFile[1750,90491459719861.mockFlowFile,23B] to original
[main] DEBUG org.apache.nifi.processors.standard.RouteText - RouteText[id=38a82a0d-69fc-4d87-a6d1-ec924f6828ee] Adding new dynamic property: PropertyDescriptor[simple]
[pool-3198-thread-1] INFO org.apache.nifi.processors.standard.RouteText - RouteText[id=38a82a0d-69fc-4d87-a6d1-ec924f6828ee] Created FlowFile[1753,90491460017117.mockFlowFile,23B] from FlowFile[1752,90491460017117.mockFlowFile,23B]; routing to relationship simple
[pool-3198-thread-1] INFO org.apache.nifi.processors.standard.RouteText - RouteText[id=38a82a0d-69fc-4d87-a6d1-ec924f6828ee] Routing FlowFile[1752,90491460017117.mockFlowFile,23B] to original
[main] DEBUG org.apache.nifi.processors.standard.RouteText - RouteText[id=38a82a0d-69fc-4d87-a6d1-ec924f6828ee] Adding new dynamic property: PropertyDescriptor[simple]
[pool-3199-thread-1] INFO org.apache.nifi.processors.standard.RouteText - RouteText[id=38a82a0d-69fc-4d87-a6d1-ec924f6828ee] Created FlowFile[1755,90491460556349.mockFlowFile,23B] from FlowFile[1754,90491460556349.mockFlowFile,23B]; routing to relationship simple
[pool-3199-thread-1] INFO org.apache.nifi.processors.standard.RouteText - RouteText[id=38a82a0d-69fc-4d87-a6d1-ec924f6828ee] Routing FlowFile[1754,90491460556349.mockFlowFile,23B] to original
[main] DEBUG org.apache.nifi.processors.standard.RouteText - RouteText[id=38a82a0d-69fc-4d87-a6d1-ec924f6828ee] Adding new dynamic property: PropertyDescriptor[simple]
[pool-3200-thread-1] INFO org.apache.nifi.processors.standard.RouteText - RouteText[id=38a82a0d-69fc-4d87-a6d1-ec924f6828ee] Created FlowFile[1757,90491461082430.mockFlowFile,23B] from FlowFile[1756,90491461082430.mockFlowFile,23B]; routing to relationship simple
[pool-3200-thread-1] INFO org.apache.nifi.processors.standard.RouteText - RouteText[id=38a82a0d-69fc-4d87-a6d1-ec924f6828ee] Routing FlowFile[1756,90491461082430.mockFlowFile,23B] to original
[main] DEBUG org.apache.nifi.processors.standard.RouteText - RouteText[id=38a82a0d-69fc-4d87-a6d1-ec924f6828ee] Adding new dynamic property: PropertyDescriptor[simple]
[pool-3201-thread-1] INFO org.apache.nifi.processors.standard.RouteText - RouteText[id=38a82a0d-69fc-4d87-a6d1-ec924f6828ee] Created FlowFile[1759,90491461558999.mockFlowFile,23B] from FlowFile[1758,90491461558999.mockFlowFile,23B]; routing to relationship simple
[pool-3201-thread-1] INFO org.apache.nifi.processors.standard.RouteText - RouteText[id=38a82a0d-69fc-4d87-a6d1-ec924f6828ee] Routing FlowFile[1758,90491461558999.mockFlowFile,23B] to original
[main] DEBUG org.apache.nifi.processors.standard.RouteText - RouteText[id=38a82a0d-69fc-4d87-a6d1-ec924f6828ee] Adding new dynamic property: PropertyDescriptor[simple]
[pool-3202-thread-1] INFO org.apache.nifi.processors.standard.RouteText - RouteText[id=38a82a0d-69fc-4d87-a6d1-ec924f6828ee] Created FlowFile[1761,90491461989344.mockFlowFile,23B] from FlowFile[1760,90491461989344.mockFlowFile,23B]; routing to relationship simple
[pool-3202-thread-1] INFO org.apache.nifi.processors.standard.RouteText - RouteText[id=38a82a0d-69fc-4d87-a6d1-ec924f6828ee] Routing FlowFile[1760,90491461989344.mockFlowFile,23B] to original
[main] DEBUG org.apache.nifi.processors.standard.RouteText - RouteText[id=38a82a0d-69fc-4d87-a6d1-ec924f6828ee] Adding new dynamic property: PropertyDescriptor[simple]
[pool-3203-thread-1] INFO org.apache.nifi.processors.standard.RouteText - RouteText[id=38a82a0d-69fc-4d87-a6d1-ec924f6828ee] Created FlowFile[1763,90491462330341.mockFlowFile,23B] from FlowFile[1762,90491462330341.mockFlowFile,23B]; routing to relationship simple
[pool-3203-thread-1] INFO org.apache.nifi.processors.standard.RouteText - RouteText[id=38a82a0d-69fc-4d87-a6d1-ec924f6828ee] Routing FlowFile[1762,90491462330341.mockFlowFile,23B] to original
[main] DEBUG org.apache.nifi.processors.standard.RouteText - RouteText[id=38a82a0d-69fc-4d87-a6d1-ec924f6828ee] Adding new dynamic property: PropertyDescriptor[simple]
[pool-3204-thread-1] INFO org.apache.nifi.processors.standard.RouteText - RouteText[id=38a82a0d-69fc-4d87-a6d1-ec924f6828ee] Created FlowFile[1765,90491462613667.mockFlowFile,23B] from FlowFile[1764,90491462613667.mockFlowFile,23B]; routing to relationship simple
[pool-3204-thread-1] INFO org.apache.nifi.processors.standard.RouteText - RouteText[id=38a82a0d-69fc-4d87-a6d1-ec924f6828ee] Routing FlowFile[1764,90491462613667.mockFlowFile,23B] to original
[main] DEBUG org.apache.nifi.processors.standard.RouteText - RouteText[id=38a82a0d-69fc-4d87-a6d1-ec924f6828ee] Adding new dynamic property: PropertyDescriptor[simple]
[pool-3205-thread-1] INFO org.apache.nifi.processors.standard.RouteText - RouteText[id=38a82a0d-69fc-4d87-a6d1-ec924f6828ee] Created FlowFile[1767,90491462897346.mockFlowFile,23B] from FlowFile[1766,90491462897346.mockFlowFile,23B]; routing to relationship simple
[pool-3205-thread-1] INFO org.apache.nifi.processors.standard.RouteText - RouteText[id=38a82a0d-69fc-4d87-a6d1-ec924f6828ee] Routing FlowFile[1766,90491462897346.mockFlowFile,23B] to original
[main] DEBUG org.apache.nifi.processors.standard.RouteText - RouteText[id=38a82a0d-69fc-4d87-a6d1-ec924f6828ee] Adding new dynamic property: PropertyDescriptor[simple]
[pool-3206-thread-1] INFO org.apache.nifi.processors.standard.RouteText - RouteText[id=38a82a0d-69fc-4d87-a6d1-ec924f6828ee] Created FlowFile[1769,90491463341090.mockFlowFile,23B] from FlowFile[1768,90491463341090.mockFlowFile,23B]; routing to relationship simple
[pool-3206-thread-1] INFO org.apache.nifi.processors.standard.RouteText - RouteText[id=38a82a0d-69fc-4d87-a6d1-ec924f6828ee] Routing FlowFile[1768,90491463341090.mockFlowFile,23B] to original
[main] DEBUG org.apache.nifi.processors.standard.RouteText - RouteText[id=38a82a0d-69fc-4d87-a6d1-ec924f6828ee] Adding new dynamic property: PropertyDescriptor[simple]
[pool-3207-thread-1] INFO org.apache.nifi.processors.standard.RouteText - RouteText[id=38a82a0d-69fc-4d87-a6d1-ec924f6828ee] Created FlowFile[1771,90491463704331.mockFlowFile,23B] from FlowFile[1770,90491463704331.mockFlowFile,23B]; routing to relationship simple
[pool-3207-thread-1] INFO org.apache.nifi.processors.standard.RouteText - RouteText[id=38a82a0d-69fc-4d87-a6d1-ec924f6828ee] Routing FlowFile[1770,90491463704331.mockFlowFile,23B] to original
[main] DEBUG org.apache.nifi.processors.standard.RouteText - RouteText[id=38a82a0d-69fc-4d87-a6d1-ec924f6828ee] Adding new dynamic property: PropertyDescriptor[simple]
[pool-3208-thread-1] INFO org.apache.nifi.processors.standard.RouteText - RouteText[id=38a82a0d-69fc-4d87-a6d1-ec924f6828ee] Created FlowFile[1773,90491464109930.mockFlowFile,23B] from FlowFile[1772,90491464109930.mockFlowFile,23B]; routing to relationship simple
[pool-3208-thread-1] INFO org.apache.nifi.processors.standard.RouteText - RouteText[id=38a82a0d-69fc-4d87-a6d1-ec924f6828ee] Routing FlowFile[1772,90491464109930.mockFlowFile,23B] to original
[main] DEBUG org.apache.nifi.processors.standard.RouteText - RouteText[id=38a82a0d-69fc-4d87-a6d1-ec924f6828ee] Adding new dynamic property: PropertyDescriptor[simple]
[pool-3209-thread-1] INFO org.apache.nifi.processors.standard.RouteText - RouteText[id=38a82a0d-69fc-4d87-a6d1-ec924f6828ee] Created FlowFile[1775,90491464622248.mockFlowFile,23B] from FlowFile[1774,90491464622248.mockFlowFile,23B]; routing to relationship simple
[pool-3209-thread-1] INFO org.apache.nifi.processors.standard.RouteText - RouteText[id=38a82a0d-69fc-4d87-a6d1-ec924f6828ee] Routing FlowFile[1774,90491464622248.mockFlowFile,23B] to original
[main] DEBUG org.apache.nifi.processors.standard.RouteText - RouteText[id=38a82a0d-69fc-4d87-a6d1-ec924f6828ee] Adding new dynamic property: PropertyDescriptor[simple]
[pool-3210-thread-1] INFO org.apache.nifi.processors.standard.RouteText - RouteText[id=38a82a0d-69fc-4d87-a6d1-ec924f6828ee] Created FlowFile[1777,90491465114022.mockFlowFile,23B] from FlowFile[1776,90491465114022.mockFlowFile,23B]; routing to relationship simple
[pool-3210-thread-1] INFO org.apache.nifi.processors.standard.RouteText - RouteText[id=38a82a0d-69fc-4d87-a6d1-ec924f6828ee] Routing FlowFile[1776,90491465114022.mockFlowFile,23B] to original
[main] DEBUG org.apache.nifi.processors.standard.RouteText - RouteText[id=38a82a0d-69fc-4d87-a6d1-ec924f6828ee] Adding new dynamic property: PropertyDescriptor[simple]
[pool-3211-thread-1] INFO org.apache.nifi.processors.standard.RouteText - RouteText[id=38a82a0d-69fc-4d87-a6d1-ec924f6828ee] Created FlowFile[1779,90491465582234.mockFlowFile,23B] from FlowFile[1778,90491465582234.mockFlowFile,23B]; routing to relationship simple
[pool-3211-thread-1] INFO org.apache.nifi.processors.standard.RouteText - RouteText[id=38a82a0d-69fc-4d87-a6d1-ec924f6828ee] Routing FlowFile[1778,90491465582234.mockFlowFile,23B] to original
[main] DEBUG org.apache.nifi.processors.standard.RouteText - RouteText[id=38a82a0d-69fc-4d87-a6d1-ec924f6828ee] Adding new dynamic property: PropertyDescriptor[simple]
[pool-3212-thread-1] INFO org.apache.nifi.processors.standard.RouteText - RouteText[id=38a82a0d-69fc-4d87-a6d1-ec924f6828ee] Created FlowFile[1781,90491465964772.mockFlowFile,23B] from FlowFile[1780,90491465964772.mockFlowFile,23B]; routing to relationship simple
[pool-3212-thread-1] INFO org.apache.nifi.processors.standard.RouteText - RouteText[id=38a82a0d-69fc-4d87-a6d1-ec924f6828ee] Routing FlowFile[1780,90491465964772.mockFlowFile,23B] to original
[main] DEBUG org.apache.nifi.processors.standard.RouteText - RouteText[id=38a82a0d-69fc-4d87-a6d1-ec924f6828ee] Adding new dynamic property: PropertyDescriptor[simple]
[pool-3213-thread-1] INFO org.apache.nifi.processors.standard.RouteText - RouteText[id=38a82a0d-69fc-4d87-a6d1-ec924f6828ee] Created FlowFile[1783,90491466333945.mockFlowFile,23B] from FlowFile[1782,90491466333945.mockFlowFile,23B]; routing to relationship simple
[pool-3213-thread-1] INFO org.apache.nifi.processors.standard.RouteText - RouteText[id=38a82a0d-69fc-4d87-a6d1-ec924f6828ee] Routing FlowFile[1782,90491466333945.mockFlowFile,23B] to original
[main] DEBUG org.apache.nifi.processors.standard.RouteText - RouteText[id=38a82a0d-69fc-4d87-a6d1-ec924f6828ee] Adding new dynamic property: PropertyDescriptor[simple]
[pool-3214-thread-1] INFO org.apache.nifi.processors.standard.RouteText - RouteText[id=38a82a0d-69fc-4d87-a6d1-ec924f6828ee] Created FlowFile[1785,90491466738668.mockFlowFile,23B] from FlowFile[1784,90491466738668.mockFlowFile,23B]; routing to relationship simple
[pool-3214-thread-1] INFO org.apache.nifi.processors.standard.RouteText - RouteText[id=38a82a0d-69fc-4d87-a6d1-ec924f6828ee] Routing FlowFile[1784,90491466738668.mockFlowFile,23B] to original
[main] DEBUG org.apache.nifi.processors.standard.RouteText - RouteText[id=38a82a0d-69fc-4d87-a6d1-ec924f6828ee] Adding new dynamic property: PropertyDescriptor[simple]
[pool-3215-thread-1] INFO org.apache.nifi.processors.standard.RouteText - RouteText[id=38a82a0d-69fc-4d87-a6d1-ec924f6828ee] Created FlowFile[1787,90491467141661.mockFlowFile,23B] from FlowFile[1786,90491467141661.mockFlowFile,23B]; routing to relationship simple
[pool-3215-thread-1] INFO org.apache.nifi.processors.standard.RouteText - RouteText[id=38a82a0d-69fc-4d87-a6d1-ec924f6828ee] Routing FlowFile[1786,90491467141661.mockFlowFile,23B] to original
[main] DEBUG org.apache.nifi.processors.standard.RouteText - RouteText[id=38a82a0d-69fc-4d87-a6d1-ec924f6828ee] Adding new dynamic property: PropertyDescriptor[simple]
[pool-3216-thread-1] INFO org.apache.nifi.processors.standard.RouteText - RouteText[id=38a82a0d-69fc-4d87-a6d1-ec924f6828ee] Created FlowFile[1789,90491467619786.mockFlowFile,23B] from FlowFile[1788,90491467619786.mockFlowFile,23B]; routing to relationship simple
[pool-3216-thread-1] INFO org.apache.nifi.processors.standard.RouteText - RouteText[id=38a82a0d-69fc-4d87-a6d1-ec924f6828ee] Routing FlowFile[1788,90491467619786.mockFlowFile,23B] to original
[main] DEBUG org.apache.nifi.processors.standard.RouteText - RouteText[id=38a82a0d-69fc-4d87-a6d1-ec924f6828ee] Adding new dynamic property: PropertyDescriptor[simple]
[pool-3217-thread-1] INFO org.apache.nifi.processors.standard.RouteText - RouteText[id=38a82a0d-69fc-4d87-a6d1-ec924f6828ee] Created FlowFile[1791,90491468135918.mockFlowFile,23B] from FlowFile[1790,90491468135918.mockFlowFile,23B]; routing to relationship simple
[pool-3217-thread-1] INFO org.apache.nifi.processors.standard.RouteText - RouteText[id=38a82a0d-69fc-4d87-a6d1-ec924f6828ee] Routing FlowFile[1790,90491468135918.mockFlowFile,23B] to original
[main] DEBUG org.apache.nifi.processors.standard.RouteText - RouteText[id=38a82a0d-69fc-4d87-a6d1-ec924f6828ee] Adding new dynamic property: PropertyDescriptor[simple]
[pool-3218-thread-1] INFO org.apache.nifi.processors.standard.RouteText - RouteText[id=38a82a0d-69fc-4d87-a6d1-ec924f6828ee] Created FlowFile[1793,90491468746202.mockFlowFile,23B] from FlowFile[1792,90491468746202.mockFlowFile,23B]; routing to relationship simple
[pool-3218-thread-1] INFO org.apache.nifi.processors.standard.RouteText - RouteText[id=38a82a0d-69fc-4d87-a6d1-ec924f6828ee] Routing FlowFile[1792,90491468746202.mockFlowFile,23B] to original
[main] DEBUG org.apache.nifi.processors.standard.RouteText - RouteText[id=38a82a0d-69fc-4d87-a6d1-ec924f6828ee] Adding new dynamic property: PropertyDescriptor[simple]
[pool-3219-thread-1] INFO org.apache.nifi.processors.standard.RouteText - RouteText[id=38a82a0d-69fc-4d87-a6d1-ec924f6828ee] Created FlowFile[1795,90491469284561.mockFlowFile,23B] from FlowFile[1794,90491469284561.mockFlowFile,23B]; routing to relationship simple
[pool-3219-thread-1] INFO org.apache.nifi.processors.standard.RouteText - RouteText[id=38a82a0d-69fc-4d87-a6d1-ec924f6828ee] Routing FlowFile[1794,90491469284561.mockFlowFile,23B] to original
[main] DEBUG org.apache.nifi.processors.standard.RouteText - RouteText[id=38a82a0d-69fc-4d87-a6d1-ec924f6828ee] Adding new dynamic property: PropertyDescriptor[simple]
[pool-3220-thread-1] INFO org.apache.nifi.processors.standard.RouteText - RouteText[id=38a82a0d-69fc-4d87-a6d1-ec924f6828ee] Created FlowFile[1797,90491469759355.mockFlowFile,23B] from FlowFile[1796,90491469759355.mockFlowFile,23B]; routing to relationship simple
[pool-3220-thread-1] INFO org.apache.nifi.processors.standard.RouteText - RouteText[id=38a82a0d-69fc-4d87-a6d1-ec924f6828ee] Routing FlowFile[1796,90491469759355.mockFlowFile,23B] to original
[main] DEBUG org.apache.nifi.processors.standard.RouteText - RouteText[id=38a82a0d-69fc-4d87-a6d1-ec924f6828ee] Adding new dynamic property: PropertyDescriptor[simple]
[pool-3221-thread-1] INFO org.apache.nifi.processors.standard.RouteText - RouteText[id=38a82a0d-69fc-4d87-a6d1-ec924f6828ee] Created FlowFile[1799,90491470140385.mockFlowFile,23B] from FlowFile[1798,90491470140385.mockFlowFile,23B]; routing to relationship simple
[pool-3221-thread-1] INFO org.apache.nifi.processors.standard.RouteText - RouteText[id=38a82a0d-69fc-4d87-a6d1-ec924f6828ee] Routing FlowFile[1798,90491470140385.mockFlowFile,23B] to original
[main] DEBUG org.apache.nifi.processors.standard.RouteText - RouteText[id=38a82a0d-69fc-4d87-a6d1-ec924f6828ee] Adding new dynamic property: PropertyDescriptor[simple]
[pool-3222-thread-1] INFO org.apache.nifi.processors.standard.RouteText - RouteText[id=38a82a0d-69fc-4d87-a6d1-ec924f6828ee] Created FlowFile[1801,90491470461271.mockFlowFile,23B] from FlowFile[1800,90491470461271.mockFlowFile,23B]; routing to relationship simple
[pool-3222-thread-1] INFO org.apache.nifi.processors.standard.RouteText - RouteText[id=38a82a0d-69fc-4d87-a6d1-ec924f6828ee] Routing FlowFile[1800,90491470461271.mockFlowFile,23B] to original
[main] DEBUG org.apache.nifi.processors.standard.RouteText - RouteText[id=38a82a0d-69fc-4d87-a6d1-ec924f6828ee] Adding new dynamic property: PropertyDescriptor[simple]
[pool-3223-thread-1] INFO org.apache.nifi.processors.standard.RouteText - RouteText[id=38a82a0d-69fc-4d87-a6d1-ec924f6828ee] Created FlowFile[1803,90491470779556.mockFlowFile,23B] from FlowFile[1802,90491470779556.mockFlowFile,23B]; routing to relationship simple
[pool-3223-thread-1] INFO org.apache.nifi.processors.standard.RouteText - RouteText[id=38a82a0d-69fc-4d87-a6d1-ec924f6828ee] Routing FlowFile[1802,90491470779556.mockFlowFile,23B] to original
[main] DEBUG org.apache.nifi.processors.standard.RouteText - RouteText[id=38a82a0d-69fc-4d87-a6d1-ec924f6828ee] Adding new dynamic property: PropertyDescriptor[simple]
[pool-3224-thread-1] INFO org.apache.nifi.processors.standard.RouteText - RouteText[id=38a82a0d-69fc-4d87-a6d1-ec924f6828ee] Created FlowFile[1805,90491471073217.mockFlowFile,23B] from FlowFile[1804,90491471073217.mockFlowFile,23B]; routing to relationship simple
[pool-3224-thread-1] INFO org.apache.nifi.processors.standard.RouteText - RouteText[id=38a82a0d-69fc-4d87-a6d1-ec924f6828ee] Routing FlowFile[1804,90491471073217.mockFlowFile,23B] to original
[main] DEBUG org.apache.nifi.processors.standard.RouteText - RouteText[id=38a82a0d-69fc-4d87-a6d1-ec924f6828ee] Adding new dynamic property: PropertyDescriptor[simple]
[pool-3225-thread-1] INFO org.apache.nifi.processors.standard.RouteText - RouteText[id=38a82a0d-69fc-4d87-a6d1-ec924f6828ee] Created FlowFile[1807,90491471500430.mockFlowFile,23B] from FlowFile[1806,90491471500430.mockFlowFile,23B]; routing to relationship simple
[pool-3225-thread-1] INFO org.apache.nifi.processors.standard.RouteText - RouteText[id=38a82a0d-69fc-4d87-a6d1-ec924f6828ee] Routing FlowFile[1806,90491471500430.mockFlowFile,23B] to original
[main] DEBUG org.apache.nifi.processors.standard.RouteText - RouteText[id=38a82a0d-69fc-4d87-a6d1-ec924f6828ee] Adding new dynamic property: PropertyDescriptor[simple]
[pool-3226-thread-1] INFO org.apache.nifi.processors.standard.RouteText - RouteText[id=38a82a0d-69fc-4d87-a6d1-ec924f6828ee] Created FlowFile[1809,90491471860518.mockFlowFile,23B] from FlowFile[1808,90491471860518.mockFlowFile,23B]; routing to relationship simple
[pool-3226-thread-1] INFO org.apache.nifi.processors.standard.RouteText - RouteText[id=38a82a0d-69fc-4d87-a6d1-ec924f6828ee] Routing FlowFile[1808,90491471860518.mockFlowFile,23B] to original
[main] DEBUG org.apache.nifi.processors.standard.RouteText - RouteText[id=38a82a0d-69fc-4d87-a6d1-ec924f6828ee] Adding new dynamic property: PropertyDescriptor[simple]
[pool-3227-thread-1] INFO org.apache.nifi.processors.standard.RouteText - RouteText[id=38a82a0d-69fc-4d87-a6d1-ec924f6828ee] Created FlowFile[1811,90491472356109.mockFlowFile,23B] from FlowFile[1810,90491472356109.mockFlowFile,23B]; routing to relationship simple
[pool-3227-thread-1] INFO org.apache.nifi.processors.standard.RouteText - RouteText[id=38a82a0d-69fc-4d87-a6d1-ec924f6828ee] Routing FlowFile[1810,90491472356109.mockFlowFile,23B] to original
[main] DEBUG org.apache.nifi.processors.standard.RouteText - RouteText[id=38a82a0d-69fc-4d87-a6d1-ec924f6828ee] Adding new dynamic property: PropertyDescriptor[simple]
[pool-3228-thread-1] INFO org.apache.nifi.processors.standard.RouteText - RouteText[id=38a82a0d-69fc-4d87-a6d1-ec924f6828ee] Created FlowFile[1813,90491472862074.mockFlowFile,23B] from FlowFile[1812,90491472862074.mockFlowFile,23B]; routing to relationship simple
[pool-3228-thread-1] INFO org.apache.nifi.processors.standard.RouteText - RouteText[id=38a82a0d-69fc-4d87-a6d1-ec924f6828ee] Routing FlowFile[1812,90491472862074.mockFlowFile,23B] to original
[main] DEBUG org.apache.nifi.processors.standard.RouteText - RouteText[id=38a82a0d-69fc-4d87-a6d1-ec924f6828ee] Adding new dynamic property: PropertyDescriptor[simple]
[pool-3229-thread-1] INFO org.apache.nifi.processors.standard.RouteText - RouteText[id=38a82a0d-69fc-4d87-a6d1-ec924f6828ee] Created FlowFile[1815,90491473318134.mockFlowFile,23B] from FlowFile[1814,90491473318134.mockFlowFile,23B]; routing to relationship simple
[pool-3229-thread-1] INFO org.apache.nifi.processors.standard.RouteText - RouteText[id=38a82a0d-69fc-4d87-a6d1-ec924f6828ee] Routing FlowFile[1814,90491473318134.mockFlowFile,23B] to original
[main] DEBUG org.apache.nifi.processors.standard.RouteText - RouteText[id=38a82a0d-69fc-4d87-a6d1-ec924f6828ee] Adding new dynamic property: PropertyDescriptor[simple]
[pool-3230-thread-1] INFO org.apache.nifi.processors.standard.RouteText - RouteText[id=38a82a0d-69fc-4d87-a6d1-ec924f6828ee] Created FlowFile[1817,90491473699636.mockFlowFile,23B] from FlowFile[1816,90491473699636.mockFlowFile,23B]; routing to relationship simple
[pool-3230-thread-1] INFO org.apache.nifi.processors.standard.RouteText - RouteText[id=38a82a0d-69fc-4d87-a6d1-ec924f6828ee] Routing FlowFile[1816,90491473699636.mockFlowFile,23B] to original
[main] DEBUG org.apache.nifi.processors.standard.RouteText - RouteText[id=38a82a0d-69fc-4d87-a6d1-ec924f6828ee] Adding new dynamic property: PropertyDescriptor[simple]
[pool-3231-thread-1] INFO org.apache.nifi.processors.standard.RouteText - RouteText[id=38a82a0d-69fc-4d87-a6d1-ec924f6828ee] Created FlowFile[1819,90491474108451.mockFlowFile,23B] from FlowFile[1818,90491474108451.mockFlowFile,23B]; routing to relationship simple
[pool-3231-thread-1] INFO org.apache.nifi.processors.standard.RouteText - RouteText[id=38a82a0d-69fc-4d87-a6d1-ec924f6828ee] Routing FlowFile[1818,90491474108451.mockFlowFile,23B] to original
[main] DEBUG org.apache.nifi.processors.standard.RouteText - RouteText[id=38a82a0d-69fc-4d87-a6d1-ec924f6828ee] Adding new dynamic property: PropertyDescriptor[simple]
[pool-3232-thread-1] INFO org.apache.nifi.processors.standard.RouteText - RouteText[id=38a82a0d-69fc-4d87-a6d1-ec924f6828ee] Created FlowFile[1821,90491474488763.mockFlowFile,23B] from FlowFile[1820,90491474488763.mockFlowFile,23B]; routing to relationship simple
[pool-3232-thread-1] INFO org.apache.nifi.processors.standard.RouteText - RouteText[id=38a82a0d-69fc-4d87-a6d1-ec924f6828ee] Routing FlowFile[1820,90491474488763.mockFlowFile,23B] to original
[main] DEBUG org.apache.nifi.processors.standard.RouteText - RouteText[id=38a82a0d-69fc-4d87-a6d1-ec924f6828ee] Adding new dynamic property: PropertyDescriptor[simple]
[pool-3233-thread-1] INFO org.apache.nifi.processors.standard.RouteText - RouteText[id=38a82a0d-69fc-4d87-a6d1-ec924f6828ee] Created FlowFile[1823,90491474767035.mockFlowFile,23B] from FlowFile[1822,90491474767035.mockFlowFile,23B]; routing to relationship simple
[pool-3233-thread-1] INFO org.apache.nifi.processors.standard.RouteText - RouteText[id=38a82a0d-69fc-4d87-a6d1-ec924f6828ee] Routing FlowFile[1822,90491474767035.mockFlowFile,23B] to original
[main] DEBUG org.apache.nifi.processors.standard.RouteText - RouteText[id=38a82a0d-69fc-4d87-a6d1-ec924f6828ee] Adding new dynamic property: PropertyDescriptor[simple]
[pool-3234-thread-1] INFO org.apache.nifi.processors.standard.RouteText - RouteText[id=38a82a0d-69fc-4d87-a6d1-ec924f6828ee] Created FlowFile[1825,90491475107308.mockFlowFile,23B] from FlowFile[1824,90491475107308.mockFlowFile,23B]; routing to relationship simple
[pool-3234-thread-1] INFO org.apache.nifi.processors.standard.RouteText - RouteText[id=38a82a0d-69fc-4d87-a6d1-ec924f6828ee] Routing FlowFile[1824,90491475107308.mockFlowFile,23B] to original
[main] DEBUG org.apache.nifi.processors.standard.RouteText - RouteText[id=38a82a0d-69fc-4d87-a6d1-ec924f6828ee] Adding new dynamic property: PropertyDescriptor[simple]
[pool-3235-thread-1] INFO org.apache.nifi.processors.standard.RouteText - RouteText[id=38a82a0d-69fc-4d87-a6d1-ec924f6828ee] Created FlowFile[1827,90491475532581.mockFlowFile,23B] from FlowFile[1826,90491475532581.mockFlowFile,23B]; routing to relationship simple
[pool-3235-thread-1] INFO org.apache.nifi.processors.standard.RouteText - RouteText[id=38a82a0d-69fc-4d87-a6d1-ec924f6828ee] Routing FlowFile[1826,90491475532581.mockFlowFile,23B] to original
[main] DEBUG org.apache.nifi.processors.standard.RouteText - RouteText[id=38a82a0d-69fc-4d87-a6d1-ec924f6828ee] Adding new dynamic property: PropertyDescriptor[simple]
[pool-3236-thread-1] INFO org.apache.nifi.processors.standard.RouteText - RouteText[id=38a82a0d-69fc-4d87-a6d1-ec924f6828ee] Created FlowFile[1829,90491475859107.mockFlowFile,23B] from FlowFile[1828,90491475859107.mockFlowFile,23B]; routing to relationship simple
[pool-3236-thread-1] INFO org.apache.nifi.processors.standard.RouteText - RouteText[id=38a82a0d-69fc-4d87-a6d1-ec924f6828ee] Routing FlowFile[1828,90491475859107.mockFlowFile,23B] to original
[main] DEBUG org.apache.nifi.processors.standard.RouteText - RouteText[id=38a82a0d-69fc-4d87-a6d1-ec924f6828ee] Adding new dynamic property: PropertyDescriptor[simple]
[pool-3237-thread-1] INFO org.apache.nifi.processors.standard.RouteText - RouteText[id=38a82a0d-69fc-4d87-a6d1-ec924f6828ee] Created FlowFile[1831,90491476275109.mockFlowFile,23B] from FlowFile[1830,90491476275109.mockFlowFile,23B]; routing to relationship simple
[pool-3237-thread-1] INFO org.apache.nifi.processors.standard.RouteText - RouteText[id=38a82a0d-69fc-4d87-a6d1-ec924f6828ee] Routing FlowFile[1830,90491476275109.mockFlowFile,23B] to original
[main] DEBUG org.apache.nifi.processors.standard.RouteText - RouteText[id=38a82a0d-69fc-4d87-a6d1-ec924f6828ee] Adding new dynamic property: PropertyDescriptor[simple]
[pool-3238-thread-1] INFO org.apache.nifi.processors.standard.RouteText - RouteText[id=38a82a0d-69fc-4d87-a6d1-ec924f6828ee] Created FlowFile[1833,90491476666171.mockFlowFile,23B] from FlowFile[1832,90491476666171.mockFlowFile,23B]; routing to relationship simple
[pool-3238-thread-1] INFO org.apache.nifi.processors.standard.RouteText - RouteText[id=38a82a0d-69fc-4d87-a6d1-ec924f6828ee] Routing FlowFile[1832,90491476666171.mockFlowFile,23B] to original
[main] DEBUG org.apache.nifi.processors.standard.RouteText - RouteText[id=38a82a0d-69fc-4d87-a6d1-ec924f6828ee] Adding new dynamic property: PropertyDescriptor[simple]
[pool-3239-thread-1] INFO org.apache.nifi.processors.standard.RouteText - RouteText[id=38a82a0d-69fc-4d87-a6d1-ec924f6828ee] Created FlowFile[1835,90491476943278.mockFlowFile,23B] from FlowFile[1834,90491476943278.mockFlowFile,23B]; routing to relationship simple
[pool-3239-thread-1] INFO org.apache.nifi.processors.standard.RouteText - RouteText[id=38a82a0d-69fc-4d87-a6d1-ec924f6828ee] Routing FlowFile[1834,90491476943278.mockFlowFile,23B] to original
[main] DEBUG org.apache.nifi.processors.standard.RouteText - RouteText[id=38a82a0d-69fc-4d87-a6d1-ec924f6828ee] Adding new dynamic property: PropertyDescriptor[simple]
[pool-3240-thread-1] INFO org.apache.nifi.processors.standard.RouteText - RouteText[id=38a82a0d-69fc-4d87-a6d1-ec924f6828ee] Created FlowFile[1837,90491477211215.mockFlowFile,23B] from FlowFile[1836,90491477211215.mockFlowFile,23B]; routing to relationship simple
[pool-3240-thread-1] INFO org.apache.nifi.processors.standard.RouteText - RouteText[id=38a82a0d-69fc-4d87-a6d1-ec924f6828ee] Routing FlowFile[1836,90491477211215.mockFlowFile,23B] to original
[main] DEBUG org.apache.nifi.processors.standard.RouteText - RouteText[id=38a82a0d-69fc-4d87-a6d1-ec924f6828ee] Adding new dynamic property: PropertyDescriptor[simple]
[pool-3241-thread-1] INFO org.apache.nifi.processors.standard.RouteText - RouteText[id=38a82a0d-69fc-4d87-a6d1-ec924f6828ee] Created FlowFile[1839,90491477561773.mockFlowFile,23B] from FlowFile[1838,90491477561773.mockFlowFile,23B]; routing to relationship simple
[pool-3241-thread-1] INFO org.apache.nifi.processors.standard.RouteText - RouteText[id=38a82a0d-69fc-4d87-a6d1-ec924f6828ee] Routing FlowFile[1838,90491477561773.mockFlowFile,23B] to original
[main] DEBUG org.apache.nifi.processors.standard.RouteText - RouteText[id=38a82a0d-69fc-4d87-a6d1-ec924f6828ee] Adding new dynamic property: PropertyDescriptor[simple]
[pool-3242-thread-1] INFO org.apache.nifi.processors.standard.RouteText - RouteText[id=38a82a0d-69fc-4d87-a6d1-ec924f6828ee] Created FlowFile[1841,90491477942508.mockFlowFile,23B] from FlowFile[1840,90491477942508.mockFlowFile,23B]; routing to relationship simple
[pool-3242-thread-1] INFO org.apache.nifi.processors.standard.RouteText - RouteText[id=38a82a0d-69fc-4d87-a6d1-ec924f6828ee] Routing FlowFile[1840,90491477942508.mockFlowFile,23B] to original
[main] DEBUG org.apache.nifi.processors.standard.RouteText - RouteText[id=38a82a0d-69fc-4d87-a6d1-ec924f6828ee] Adding new dynamic property: PropertyDescriptor[simple]
[pool-3243-thread-1] INFO org.apache.nifi.processors.standard.RouteText - RouteText[id=38a82a0d-69fc-4d87-a6d1-ec924f6828ee] Created FlowFile[1843,90491478402062.mockFlowFile,23B] from FlowFile[1842,90491478402062.mockFlowFile,23B]; routing to relationship simple
[pool-3243-thread-1] INFO org.apache.nifi.processors.standard.RouteText - RouteText[id=38a82a0d-69fc-4d87-a6d1-ec924f6828ee] Routing FlowFile[1842,90491478402062.mockFlowFile,23B] to original
[main] DEBUG org.apache.nifi.processors.standard.RouteText - RouteText[id=38a82a0d-69fc-4d87-a6d1-ec924f6828ee] Adding new dynamic property: PropertyDescriptor[simple]
[pool-3244-thread-1] INFO org.apache.nifi.processors.standard.RouteText - RouteText[id=38a82a0d-69fc-4d87-a6d1-ec924f6828ee] Created FlowFile[1845,90491478896425.mockFlowFile,23B] from FlowFile[1844,90491478896425.mockFlowFile,23B]; routing to relationship simple
[pool-3244-thread-1] INFO org.apache.nifi.processors.standard.RouteText - RouteText[id=38a82a0d-69fc-4d87-a6d1-ec924f6828ee] Routing FlowFile[1844,90491478896425.mockFlowFile,23B] to original
[main] DEBUG org.apache.nifi.processors.standard.RouteText - RouteText[id=38a82a0d-69fc-4d87-a6d1-ec924f6828ee] Adding new dynamic property: PropertyDescriptor[simple]
[pool-3245-thread-1] INFO org.apache.nifi.processors.standard.RouteText - RouteText[id=38a82a0d-69fc-4d87-a6d1-ec924f6828ee] Created FlowFile[1847,90491479356624.mockFlowFile,23B] from FlowFile[1846,90491479356624.mockFlowFile,23B]; routing to relationship simple
[pool-3245-thread-1] INFO org.apache.nifi.processors.standard.RouteText - RouteText[id=38a82a0d-69fc-4d87-a6d1-ec924f6828ee] Routing FlowFile[1846,90491479356624.mockFlowFile,23B] to original
[main] DEBUG org.apache.nifi.processors.standard.RouteText - RouteText[id=38a82a0d-69fc-4d87-a6d1-ec924f6828ee] Adding new dynamic property: PropertyDescriptor[simple]
[pool-3246-thread-1] INFO org.apache.nifi.processors.standard.RouteText - RouteText[id=38a82a0d-69fc-4d87-a6d1-ec924f6828ee] Created FlowFile[1849,90491479711603.mockFlowFile,23B] from FlowFile[1848,90491479711603.mockFlowFile,23B]; routing to relationship simple
[pool-3246-thread-1] INFO org.apache.nifi.processors.standard.RouteText - RouteText[id=38a82a0d-69fc-4d87-a6d1-ec924f6828ee] Routing FlowFile[1848,90491479711603.mockFlowFile,23B] to original
[main] DEBUG org.apache.nifi.processors.standard.RouteText - RouteText[id=38a82a0d-69fc-4d87-a6d1-ec924f6828ee] Adding new dynamic property: PropertyDescriptor[simple]
[pool-3247-thread-1] INFO org.apache.nifi.processors.standard.RouteText - RouteText[id=38a82a0d-69fc-4d87-a6d1-ec924f6828ee] Created FlowFile[1851,90491480111344.mockFlowFile,23B] from FlowFile[1850,90491480111344.mockFlowFile,23B]; routing to relationship simple
[pool-3247-thread-1] INFO org.apache.nifi.processors.standard.RouteText - RouteText[id=38a82a0d-69fc-4d87-a6d1-ec924f6828ee] Routing FlowFile[1850,90491480111344.mockFlowFile,23B] to original
[main] DEBUG org.apache.nifi.processors.standard.RouteText - RouteText[id=38a82a0d-69fc-4d87-a6d1-ec924f6828ee] Adding new dynamic property: PropertyDescriptor[simple]
[pool-3248-thread-1] INFO org.apache.nifi.processors.standard.RouteText - RouteText[id=38a82a0d-69fc-4d87-a6d1-ec924f6828ee] Created FlowFile[1853,90491480545934.mockFlowFile,23B] from FlowFile[1852,90491480545934.mockFlowFile,23B]; routing to relationship simple
[pool-3248-thread-1] INFO org.apache.nifi.processors.standard.RouteText - RouteText[id=38a82a0d-69fc-4d87-a6d1-ec924f6828ee] Routing FlowFile[1852,90491480545934.mockFlowFile,23B] to original
[main] DEBUG org.apache.nifi.processors.standard.RouteText - RouteText[id=38a82a0d-69fc-4d87-a6d1-ec924f6828ee] Adding new dynamic property: PropertyDescriptor[simple]
[pool-3249-thread-1] INFO org.apache.nifi.processors.standard.RouteText - RouteText[id=38a82a0d-69fc-4d87-a6d1-ec924f6828ee] Created FlowFile[1855,90491480963890.mockFlowFile,23B] from FlowFile[1854,90491480963890.mockFlowFile,23B]; routing to relationship simple
[pool-3249-thread-1] INFO org.apache.nifi.processors.standard.RouteText - RouteText[id=38a82a0d-69fc-4d87-a6d1-ec924f6828ee] Routing FlowFile[1854,90491480963890.mockFlowFile,23B] to original
[main] DEBUG org.apache.nifi.processors.standard.RouteText - RouteText[id=38a82a0d-69fc-4d87-a6d1-ec924f6828ee] Adding new dynamic property: PropertyDescriptor[simple]
[pool-3250-thread-1] INFO org.apache.nifi.processors.standard.RouteText - RouteText[id=38a82a0d-69fc-4d87-a6d1-ec924f6828ee] Created FlowFile[1857,90491481302927.mockFlowFile,23B] from FlowFile[1856,90491481302927.mockFlowFile,23B]; routing to relationship simple
[pool-3250-thread-1] INFO org.apache.nifi.processors.standard.RouteText - RouteText[id=38a82a0d-69fc-4d87-a6d1-ec924f6828ee] Routing FlowFile[1856,90491481302927.mockFlowFile,23B] to original
[main] DEBUG org.apache.nifi.processors.standard.RouteText - RouteText[id=38a82a0d-69fc-4d87-a6d1-ec924f6828ee] Adding new dynamic property: PropertyDescriptor[simple]
[pool-3251-thread-1] INFO org.apache.nifi.processors.standard.RouteText - RouteText[id=38a82a0d-69fc-4d87-a6d1-ec924f6828ee] Created FlowFile[1859,90491481574372.mockFlowFile,23B] from FlowFile[1858,90491481574372.mockFlowFile,23B]; routing to relationship simple
[pool-3251-thread-1] INFO org.apache.nifi.processors.standard.RouteText - RouteText[id=38a82a0d-69fc-4d87-a6d1-ec924f6828ee] Routing FlowFile[1858,90491481574372.mockFlowFile,23B] to original
[main] DEBUG org.apache.nifi.processors.standard.RouteText - RouteText[id=38a82a0d-69fc-4d87-a6d1-ec924f6828ee] Adding new dynamic property: PropertyDescriptor[simple]
[pool-3252-thread-1] INFO org.apache.nifi.processors.standard.RouteText - RouteText[id=38a82a0d-69fc-4d87-a6d1-ec924f6828ee] Created FlowFile[1861,90491481834678.mockFlowFile,23B] from FlowFile[1860,90491481834678.mockFlowFile,23B]; routing to relationship simple
[pool-3252-thread-1] INFO org.apache.nifi.processors.standard.RouteText - RouteText[id=38a82a0d-69fc-4d87-a6d1-ec924f6828ee] Routing FlowFile[1860,90491481834678.mockFlowFile,23B] to original
[main] DEBUG org.apache.nifi.processors.standard.RouteText - RouteText[id=38a82a0d-69fc-4d87-a6d1-ec924f6828ee] Adding new dynamic property: PropertyDescriptor[simple]
[pool-3253-thread-1] INFO org.apache.nifi.processors.standard.RouteText - RouteText[id=38a82a0d-69fc-4d87-a6d1-ec924f6828ee] Created FlowFile[1863,90491482093587.mockFlowFile,23B] from FlowFile[1862,90491482093587.mockFlowFile,23B]; routing to relationship simple
[pool-3253-thread-1] INFO org.apache.nifi.processors.standard.RouteText - RouteText[id=38a82a0d-69fc-4d87-a6d1-ec924f6828ee] Routing FlowFile[1862,90491482093587.mockFlowFile,23B] to original
[main] DEBUG org.apache.nifi.processors.standard.RouteText - RouteText[id=38a82a0d-69fc-4d87-a6d1-ec924f6828ee] Adding new dynamic property: PropertyDescriptor[simple]
[pool-3254-thread-1] INFO org.apache.nifi.processors.standard.RouteText - RouteText[id=38a82a0d-69fc-4d87-a6d1-ec924f6828ee] Created FlowFile[1865,90491482351458.mockFlowFile,23B] from FlowFile[1864,90491482351458.mockFlowFile,23B]; routing to relationship simple
[pool-3254-thread-1] INFO org.apache.nifi.processors.standard.RouteText - RouteText[id=38a82a0d-69fc-4d87-a6d1-ec924f6828ee] Routing FlowFile[1864,90491482351458.mockFlowFile,23B] to original
[main] DEBUG org.apache.nifi.processors.standard.RouteText - RouteText[id=38a82a0d-69fc-4d87-a6d1-ec924f6828ee] Adding new dynamic property: PropertyDescriptor[simple]
[pool-3255-thread-1] INFO org.apache.nifi.processors.standard.RouteText - RouteText[id=38a82a0d-69fc-4d87-a6d1-ec924f6828ee] Created FlowFile[1867,90491482618846.mockFlowFile,23B] from FlowFile[1866,90491482618846.mockFlowFile,23B]; routing to relationship simple
[pool-3255-thread-1] INFO org.apache.nifi.processors.standard.RouteText - RouteText[id=38a82a0d-69fc-4d87-a6d1-ec924f6828ee] Routing FlowFile[1866,90491482618846.mockFlowFile,23B] to original
[main] DEBUG org.apache.nifi.processors.standard.RouteText - RouteText[id=38a82a0d-69fc-4d87-a6d1-ec924f6828ee] Adding new dynamic property: PropertyDescriptor[simple]
[pool-3256-thread-1] INFO org.apache.nifi.processors.standard.RouteText - RouteText[id=38a82a0d-69fc-4d87-a6d1-ec924f6828ee] Created FlowFile[1869,90491482878553.mockFlowFile,23B] from FlowFile[1868,90491482878553.mockFlowFile,23B]; routing to relationship simple
[pool-3256-thread-1] INFO org.apache.nifi.processors.standard.RouteText - RouteText[id=38a82a0d-69fc-4d87-a6d1-ec924f6828ee] Routing FlowFile[1868,90491482878553.mockFlowFile,23B] to original
[main] DEBUG org.apache.nifi.processors.standard.RouteText - RouteText[id=38a82a0d-69fc-4d87-a6d1-ec924f6828ee] Adding new dynamic property: PropertyDescriptor[simple]
[pool-3257-thread-1] INFO org.apache.nifi.processors.standard.RouteText - RouteText[id=38a82a0d-69fc-4d87-a6d1-ec924f6828ee] Created FlowFile[1871,90491483285754.mockFlowFile,23B] from FlowFile[1870,90491483285754.mockFlowFile,23B]; routing to relationship simple
[pool-3257-thread-1] INFO org.apache.nifi.processors.standard.RouteText - RouteText[id=38a82a0d-69fc-4d87-a6d1-ec924f6828ee] Routing FlowFile[1870,90491483285754.mockFlowFile,23B] to original
[main] DEBUG org.apache.nifi.processors.standard.RouteText - RouteText[id=38a82a0d-69fc-4d87-a6d1-ec924f6828ee] Adding new dynamic property: PropertyDescriptor[simple]
[pool-3258-thread-1] INFO org.apache.nifi.processors.standard.RouteText - RouteText[id=38a82a0d-69fc-4d87-a6d1-ec924f6828ee] Created FlowFile[1873,90491483695096.mockFlowFile,23B] from FlowFile[1872,90491483695096.mockFlowFile,23B]; routing to relationship simple
[pool-3258-thread-1] INFO org.apache.nifi.processors.standard.RouteText - RouteText[id=38a82a0d-69fc-4d87-a6d1-ec924f6828ee] Routing FlowFile[1872,90491483695096.mockFlowFile,23B] to original
[main] DEBUG org.apache.nifi.processors.standard.RouteText - RouteText[id=38a82a0d-69fc-4d87-a6d1-ec924f6828ee] Adding new dynamic property: PropertyDescriptor[simple]
[pool-3259-thread-1] INFO org.apache.nifi.processors.standard.RouteText - RouteText[id=38a82a0d-69fc-4d87-a6d1-ec924f6828ee] Created FlowFile[1875,90491483972946.mockFlowFile,23B] from FlowFile[1874,90491483972946.mockFlowFile,23B]; routing to relationship simple
[pool-3259-thread-1] INFO org.apache.nifi.processors.standard.RouteText - RouteText[id=38a82a0d-69fc-4d87-a6d1-ec924f6828ee] Routing FlowFile[1874,90491483972946.mockFlowFile,23B] to original
[main] DEBUG org.apache.nifi.processors.standard.RouteText - RouteText[id=38a82a0d-69fc-4d87-a6d1-ec924f6828ee] Adding new dynamic property: PropertyDescriptor[simple]
[pool-3260-thread-1] INFO org.apache.nifi.processors.standard.RouteText - RouteText[id=38a82a0d-69fc-4d87-a6d1-ec924f6828ee] Created FlowFile[1877,90491484399543.mockFlowFile,23B] from FlowFile[1876,90491484399543.mockFlowFile,23B]; routing to relationship simple
[pool-3260-thread-1] INFO org.apache.nifi.processors.standard.RouteText - RouteText[id=38a82a0d-69fc-4d87-a6d1-ec924f6828ee] Routing FlowFile[1876,90491484399543.mockFlowFile,23B] to original
[main] DEBUG org.apache.nifi.processors.standard.RouteText - RouteText[id=38a82a0d-69fc-4d87-a6d1-ec924f6828ee] Adding new dynamic property: PropertyDescriptor[simple]
[pool-3261-thread-1] INFO org.apache.nifi.processors.standard.RouteText - RouteText[id=38a82a0d-69fc-4d87-a6d1-ec924f6828ee] Created FlowFile[1879,90491484724197.mockFlowFile,23B] from FlowFile[1878,90491484724197.mockFlowFile,23B]; routing to relationship simple
[pool-3261-thread-1] INFO org.apache.nifi.processors.standard.RouteText - RouteText[id=38a82a0d-69fc-4d87-a6d1-ec924f6828ee] Routing FlowFile[1878,90491484724197.mockFlowFile,23B] to original
[main] DEBUG org.apache.nifi.processors.standard.RouteText - RouteText[id=38a82a0d-69fc-4d87-a6d1-ec924f6828ee] Adding new dynamic property: PropertyDescriptor[simple]
[pool-3262-thread-1] INFO org.apache.nifi.processors.standard.RouteText - RouteText[id=38a82a0d-69fc-4d87-a6d1-ec924f6828ee] Created FlowFile[1881,90491484987514.mockFlowFile,23B] from FlowFile[1880,90491484987514.mockFlowFile,23B]; routing to relationship simple
[pool-3262-thread-1] INFO org.apache.nifi.processors.standard.RouteText - RouteText[id=38a82a0d-69fc-4d87-a6d1-ec924f6828ee] Routing FlowFile[1880,90491484987514.mockFlowFile,23B] to original
[main] DEBUG org.apache.nifi.processors.standard.RouteText - RouteText[id=38a82a0d-69fc-4d87-a6d1-ec924f6828ee] Adding new dynamic property: PropertyDescriptor[simple]
[pool-3263-thread-1] INFO org.apache.nifi.processors.standard.RouteText - RouteText[id=38a82a0d-69fc-4d87-a6d1-ec924f6828ee] Created FlowFile[1883,90491485246720.mockFlowFile,23B] from FlowFile[1882,90491485246720.mockFlowFile,23B]; routing to relationship simple
[pool-3263-thread-1] INFO org.apache.nifi.processors.standard.RouteText - RouteText[id=38a82a0d-69fc-4d87-a6d1-ec924f6828ee] Routing FlowFile[1882,90491485246720.mockFlowFile,23B] to original
[main] DEBUG org.apache.nifi.processors.standard.RouteText - RouteText[id=38a82a0d-69fc-4d87-a6d1-ec924f6828ee] Adding new dynamic property: PropertyDescriptor[simple]
[pool-3264-thread-1] INFO org.apache.nifi.processors.standard.RouteText - RouteText[id=38a82a0d-69fc-4d87-a6d1-ec924f6828ee] Created FlowFile[1885,90491485506641.mockFlowFile,23B] from FlowFile[1884,90491485506641.mockFlowFile,23B]; routing to relationship simple
[pool-3264-thread-1] INFO org.apache.nifi.processors.standard.RouteText - RouteText[id=38a82a0d-69fc-4d87-a6d1-ec924f6828ee] Routing FlowFile[1884,90491485506641.mockFlowFile,23B] to original
[main] DEBUG org.apache.nifi.processors.standard.RouteText - RouteText[id=38a82a0d-69fc-4d87-a6d1-ec924f6828ee] Adding new dynamic property: PropertyDescriptor[simple]
[pool-3265-thread-1] INFO org.apache.nifi.processors.standard.RouteText - RouteText[id=38a82a0d-69fc-4d87-a6d1-ec924f6828ee] Created FlowFile[1887,90491485767663.mockFlowFile,23B] from FlowFile[1886,90491485767663.mockFlowFile,23B]; routing to relationship simple
[pool-3265-thread-1] INFO org.apache.nifi.processors.standard.RouteText - RouteText[id=38a82a0d-69fc-4d87-a6d1-ec924f6828ee] Routing FlowFile[1886,90491485767663.mockFlowFile,23B] to original
[main] DEBUG org.apache.nifi.processors.standard.RouteText - RouteText[id=38a82a0d-69fc-4d87-a6d1-ec924f6828ee] Adding new dynamic property: PropertyDescriptor[simple]
[pool-3266-thread-1] INFO org.apache.nifi.processors.standard.RouteText - RouteText[id=38a82a0d-69fc-4d87-a6d1-ec924f6828ee] Created FlowFile[1889,90491486030952.mockFlowFile,23B] from FlowFile[1888,90491486030952.mockFlowFile,23B]; routing to relationship simple
[pool-3266-thread-1] INFO org.apache.nifi.processors.standard.RouteText - RouteText[id=38a82a0d-69fc-4d87-a6d1-ec924f6828ee] Routing FlowFile[1888,90491486030952.mockFlowFile,23B] to original
[main] DEBUG org.apache.nifi.processors.standard.RouteText - RouteText[id=38a82a0d-69fc-4d87-a6d1-ec924f6828ee] Adding new dynamic property: PropertyDescriptor[simple]
[pool-3267-thread-1] INFO org.apache.nifi.processors.standard.RouteText - RouteText[id=38a82a0d-69fc-4d87-a6d1-ec924f6828ee] Created FlowFile[1891,90491486293625.mockFlowFile,23B] from FlowFile[1890,90491486293625.mockFlowFile,23B]; routing to relationship simple
[pool-3267-thread-1] INFO org.apache.nifi.processors.standard.RouteText - RouteText[id=38a82a0d-69fc-4d87-a6d1-ec924f6828ee] Routing FlowFile[1890,90491486293625.mockFlowFile,23B] to original
[main] DEBUG org.apache.nifi.processors.standard.RouteText - RouteText[id=38a82a0d-69fc-4d87-a6d1-ec924f6828ee] Adding new dynamic property: PropertyDescriptor[simple]
[pool-3268-thread-1] INFO org.apache.nifi.processors.standard.RouteText - RouteText[id=38a82a0d-69fc-4d87-a6d1-ec924f6828ee] Created FlowFile[1893,90491486545359.mockFlowFile,23B] from FlowFile[1892,90491486545359.mockFlowFile,23B]; routing to relationship simple
[pool-3268-thread-1] INFO org.apache.nifi.processors.standard.RouteText - RouteText[id=38a82a0d-69fc-4d87-a6d1-ec924f6828ee] Routing FlowFile[1892,90491486545359.mockFlowFile,23B] to original
[main] DEBUG org.apache.nifi.processors.standard.RouteText - RouteText[id=38a82a0d-69fc-4d87-a6d1-ec924f6828ee] Adding new dynamic property: PropertyDescriptor[simple]
[pool-3269-thread-1] INFO org.apache.nifi.processors.standard.RouteText - RouteText[id=38a82a0d-69fc-4d87-a6d1-ec924f6828ee] Created FlowFile[1895,90491486810485.mockFlowFile,23B] from FlowFile[1894,90491486810485.mockFlowFile,23B]; routing to relationship simple
[pool-3269-thread-1] INFO org.apache.nifi.processors.standard.RouteText - RouteText[id=38a82a0d-69fc-4d87-a6d1-ec924f6828ee] Routing FlowFile[1894,90491486810485.mockFlowFile,23B] to original
[main] DEBUG org.apache.nifi.processors.standard.RouteText - RouteText[id=38a82a0d-69fc-4d87-a6d1-ec924f6828ee] Adding new dynamic property: PropertyDescriptor[simple]
[pool-3270-thread-1] INFO org.apache.nifi.processors.standard.RouteText - RouteText[id=38a82a0d-69fc-4d87-a6d1-ec924f6828ee] Created FlowFile[1897,90491487074508.mockFlowFile,23B] from FlowFile[1896,90491487074508.mockFlowFile,23B]; routing to relationship simple
[pool-3270-thread-1] INFO org.apache.nifi.processors.standard.RouteText - RouteText[id=38a82a0d-69fc-4d87-a6d1-ec924f6828ee] Routing FlowFile[1896,90491487074508.mockFlowFile,23B] to original
[main] DEBUG org.apache.nifi.processors.standard.RouteText - RouteText[id=38a82a0d-69fc-4d87-a6d1-ec924f6828ee] Adding new dynamic property: PropertyDescriptor[simple]
[pool-3271-thread-1] INFO org.apache.nifi.processors.standard.RouteText - RouteText[id=38a82a0d-69fc-4d87-a6d1-ec924f6828ee] Created FlowFile[1899,90491487399593.mockFlowFile,23B] from FlowFile[1898,90491487399593.mockFlowFile,23B]; routing to relationship simple
[pool-3271-thread-1] INFO org.apache.nifi.processors.standard.RouteText - RouteText[id=38a82a0d-69fc-4d87-a6d1-ec924f6828ee] Routing FlowFile[1898,90491487399593.mockFlowFile,23B] to original
[main] DEBUG org.apache.nifi.processors.standard.RouteText - RouteText[id=38a82a0d-69fc-4d87-a6d1-ec924f6828ee] Adding new dynamic property: PropertyDescriptor[simple]
[pool-3272-thread-1] INFO org.apache.nifi.processors.standard.RouteText - RouteText[id=38a82a0d-69fc-4d87-a6d1-ec924f6828ee] Created FlowFile[1901,90491487661320.mockFlowFile,23B] from FlowFile[1900,90491487661320.mockFlowFile,23B]; routing to relationship simple
[pool-3272-thread-1] INFO org.apache.nifi.processors.standard.RouteText - RouteText[id=38a82a0d-69fc-4d87-a6d1-ec924f6828ee] Routing FlowFile[1900,90491487661320.mockFlowFile,23B] to original
[main] DEBUG org.apache.nifi.processors.standard.RouteText - RouteText[id=38a82a0d-69fc-4d87-a6d1-ec924f6828ee] Adding new dynamic property: PropertyDescriptor[simple]
[pool-3273-thread-1] INFO org.apache.nifi.processors.standard.RouteText - RouteText[id=38a82a0d-69fc-4d87-a6d1-ec924f6828ee] Created FlowFile[1903,90491487919826.mockFlowFile,23B] from FlowFile[1902,90491487919826.mockFlowFile,23B]; routing to relationship simple
[pool-3273-thread-1] INFO org.apache.nifi.processors.standard.RouteText - RouteText[id=38a82a0d-69fc-4d87-a6d1-ec924f6828ee] Routing FlowFile[1902,90491487919826.mockFlowFile,23B] to original
[main] DEBUG org.apache.nifi.processors.standard.RouteText - RouteText[id=38a82a0d-69fc-4d87-a6d1-ec924f6828ee] Adding new dynamic property: PropertyDescriptor[simple]
[pool-3274-thread-1] INFO org.apache.nifi.processors.standard.RouteText - RouteText[id=38a82a0d-69fc-4d87-a6d1-ec924f6828ee] Created FlowFile[1905,90491488275885.mockFlowFile,23B] from FlowFile[1904,90491488275885.mockFlowFile,23B]; routing to relationship simple
[pool-3274-thread-1] INFO org.apache.nifi.processors.standard.RouteText - RouteText[id=38a82a0d-69fc-4d87-a6d1-ec924f6828ee] Routing FlowFile[1904,90491488275885.mockFlowFile,23B] to original
[main] DEBUG org.apache.nifi.processors.standard.RouteText - RouteText[id=38a82a0d-69fc-4d87-a6d1-ec924f6828ee] Adding new dynamic property: PropertyDescriptor[simple]
[pool-3275-thread-1] INFO org.apache.nifi.processors.standard.RouteText - RouteText[id=38a82a0d-69fc-4d87-a6d1-ec924f6828ee] Created FlowFile[1907,90491488690384.mockFlowFile,23B] from FlowFile[1906,90491488690384.mockFlowFile,23B]; routing to relationship simple
[pool-3275-thread-1] INFO org.apache.nifi.processors.standard.RouteText - RouteText[id=38a82a0d-69fc-4d87-a6d1-ec924f6828ee] Routing FlowFile[1906,90491488690384.mockFlowFile,23B] to original
[main] DEBUG org.apache.nifi.processors.standard.RouteText - RouteText[id=38a82a0d-69fc-4d87-a6d1-ec924f6828ee] Adding new dynamic property: PropertyDescriptor[simple]
[pool-3276-thread-1] INFO org.apache.nifi.processors.standard.RouteText - RouteText[id=38a82a0d-69fc-4d87-a6d1-ec924f6828ee] Created FlowFile[1909,90491489065520.mockFlowFile,23B] from FlowFile[1908,90491489065520.mockFlowFile,23B]; routing to relationship simple
[pool-3276-thread-1] INFO org.apache.nifi.processors.standard.RouteText - RouteText[id=38a82a0d-69fc-4d87-a6d1-ec924f6828ee] Routing FlowFile[1908,90491489065520.mockFlowFile,23B] to original
[main] DEBUG org.apache.nifi.processors.standard.RouteText - RouteText[id=38a82a0d-69fc-4d87-a6d1-ec924f6828ee] Adding new dynamic property: PropertyDescriptor[simple]
[pool-3277-thread-1] INFO org.apache.nifi.processors.standard.RouteText - RouteText[id=38a82a0d-69fc-4d87-a6d1-ec924f6828ee] Created FlowFile[1911,90491489439060.mockFlowFile,23B] from FlowFile[1910,90491489439060.mockFlowFile,23B]; routing to relationship simple
[pool-3277-thread-1] INFO org.apache.nifi.processors.standard.RouteText - RouteText[id=38a82a0d-69fc-4d87-a6d1-ec924f6828ee] Routing FlowFile[1910,90491489439060.mockFlowFile,23B] to original
[main] DEBUG org.apache.nifi.processors.standard.RouteText - RouteText[id=38a82a0d-69fc-4d87-a6d1-ec924f6828ee] Adding new dynamic property: PropertyDescriptor[simple]
[pool-3278-thread-1] INFO org.apache.nifi.processors.standard.RouteText - RouteText[id=38a82a0d-69fc-4d87-a6d1-ec924f6828ee] Created FlowFile[1913,90491489790543.mockFlowFile,23B] from FlowFile[1912,90491489790543.mockFlowFile,23B]; routing to relationship simple
[pool-3278-thread-1] INFO org.apache.nifi.processors.standard.RouteText - RouteText[id=38a82a0d-69fc-4d87-a6d1-ec924f6828ee] Routing FlowFile[1912,90491489790543.mockFlowFile,23B] to original
[main] DEBUG org.apache.nifi.processors.standard.RouteText - RouteText[id=38a82a0d-69fc-4d87-a6d1-ec924f6828ee] Adding new dynamic property: PropertyDescriptor[simple]
[pool-3279-thread-1] INFO org.apache.nifi.processors.standard.RouteText - RouteText[id=38a82a0d-69fc-4d87-a6d1-ec924f6828ee] Created FlowFile[1915,90491490131790.mockFlowFile,23B] from FlowFile[1914,90491490131790.mockFlowFile,23B]; routing to relationship simple
[pool-3279-thread-1] INFO org.apache.nifi.processors.standard.RouteText - RouteText[id=38a82a0d-69fc-4d87-a6d1-ec924f6828ee] Routing FlowFile[1914,90491490131790.mockFlowFile,23B] to original
[main] DEBUG org.apache.nifi.processors.standard.RouteText - RouteText[id=38a82a0d-69fc-4d87-a6d1-ec924f6828ee] Adding new dynamic property: PropertyDescriptor[simple]
[pool-3280-thread-1] INFO org.apache.nifi.processors.standard.RouteText - RouteText[id=38a82a0d-69fc-4d87-a6d1-ec924f6828ee] Created FlowFile[1917,90491490435571.mockFlowFile,23B] from FlowFile[1916,90491490435571.mockFlowFile,23B]; routing to relationship simple
[pool-3280-thread-1] INFO org.apache.nifi.processors.standard.RouteText - RouteText[id=38a82a0d-69fc-4d87-a6d1-ec924f6828ee] Routing FlowFile[1916,90491490435571.mockFlowFile,23B] to original
[main] DEBUG org.apache.nifi.processors.standard.RouteText - RouteText[id=38a82a0d-69fc-4d87-a6d1-ec924f6828ee] Adding new dynamic property: PropertyDescriptor[simple]
[pool-3281-thread-1] INFO org.apache.nifi.processors.standard.RouteText - RouteText[id=38a82a0d-69fc-4d87-a6d1-ec924f6828ee] Created FlowFile[1919,90491490918322.mockFlowFile,23B] from FlowFile[1918,90491490918322.mockFlowFile,23B]; routing to relationship simple
[pool-3281-thread-1] INFO org.apache.nifi.processors.standard.RouteText - RouteText[id=38a82a0d-69fc-4d87-a6d1-ec924f6828ee] Routing FlowFile[1918,90491490918322.mockFlowFile,23B] to original
[main] DEBUG org.apache.nifi.processors.standard.RouteText - RouteText[id=38a82a0d-69fc-4d87-a6d1-ec924f6828ee] Adding new dynamic property: PropertyDescriptor[simple]
[pool-3282-thread-1] INFO org.apache.nifi.processors.standard.RouteText - RouteText[id=38a82a0d-69fc-4d87-a6d1-ec924f6828ee] Created FlowFile[1921,90491491439279.mockFlowFile,23B] from FlowFile[1920,90491491439279.mockFlowFile,23B]; routing to relationship simple
[pool-3282-thread-1] INFO org.apache.nifi.processors.standard.RouteText - RouteText[id=38a82a0d-69fc-4d87-a6d1-ec924f6828ee] Routing FlowFile[1920,90491491439279.mockFlowFile,23B] to original
[main] DEBUG org.apache.nifi.processors.standard.RouteText - RouteText[id=38a82a0d-69fc-4d87-a6d1-ec924f6828ee] Adding new dynamic property: PropertyDescriptor[simple]
[pool-3283-thread-1] INFO org.apache.nifi.processors.standard.RouteText - RouteText[id=38a82a0d-69fc-4d87-a6d1-ec924f6828ee] Created FlowFile[1923,90491491943111.mockFlowFile,23B] from FlowFile[1922,90491491943111.mockFlowFile,23B]; routing to relationship simple
[pool-3283-thread-1] INFO org.apache.nifi.processors.standard.RouteText - RouteText[id=38a82a0d-69fc-4d87-a6d1-ec924f6828ee] Routing FlowFile[1922,90491491943111.mockFlowFile,23B] to original
[main] DEBUG org.apache.nifi.processors.standard.RouteText - RouteText[id=38a82a0d-69fc-4d87-a6d1-ec924f6828ee] Adding new dynamic property: PropertyDescriptor[simple]
[pool-3284-thread-1] INFO org.apache.nifi.processors.standard.RouteText - RouteText[id=38a82a0d-69fc-4d87-a6d1-ec924f6828ee] Created FlowFile[1925,90491492481846.mockFlowFile,23B] from FlowFile[1924,90491492481846.mockFlowFile,23B]; routing to relationship simple
[pool-3284-thread-1] INFO org.apache.nifi.processors.standard.RouteText - RouteText[id=38a82a0d-69fc-4d87-a6d1-ec924f6828ee] Routing FlowFile[1924,90491492481846.mockFlowFile,23B] to original
[main] DEBUG org.apache.nifi.processors.standard.RouteText - RouteText[id=38a82a0d-69fc-4d87-a6d1-ec924f6828ee] Adding new dynamic property: PropertyDescriptor[simple]
[pool-3285-thread-1] INFO org.apache.nifi.processors.standard.RouteText - RouteText[id=38a82a0d-69fc-4d87-a6d1-ec924f6828ee] Created FlowFile[1927,90491492925481.mockFlowFile,23B] from FlowFile[1926,90491492925481.mockFlowFile,23B]; routing to relationship simple
[pool-3285-thread-1] INFO org.apache.nifi.processors.standard.RouteText - RouteText[id=38a82a0d-69fc-4d87-a6d1-ec924f6828ee] Routing FlowFile[1926,90491492925481.mockFlowFile,23B] to original
[main] DEBUG org.apache.nifi.processors.standard.RouteText - RouteText[id=38a82a0d-69fc-4d87-a6d1-ec924f6828ee] Adding new dynamic property: PropertyDescriptor[simple]
[pool-3286-thread-1] INFO org.apache.nifi.processors.standard.RouteText - RouteText[id=38a82a0d-69fc-4d87-a6d1-ec924f6828ee] Created FlowFile[1929,90491493346122.mockFlowFile,23B] from FlowFile[1928,90491493346122.mockFlowFile,23B]; routing to relationship simple
[pool-3286-thread-1] INFO org.apache.nifi.processors.standard.RouteText - RouteText[id=38a82a0d-69fc-4d87-a6d1-ec924f6828ee] Routing FlowFile[1928,90491493346122.mockFlowFile,23B] to original
[main] DEBUG org.apache.nifi.processors.standard.RouteText - RouteText[id=38a82a0d-69fc-4d87-a6d1-ec924f6828ee] Adding new dynamic property: PropertyDescriptor[simple]
[pool-3287-thread-1] INFO org.apache.nifi.processors.standard.RouteText - RouteText[id=38a82a0d-69fc-4d87-a6d1-ec924f6828ee] Created FlowFile[1931,90491493826175.mockFlowFile,23B] from FlowFile[1930,90491493826175.mockFlowFile,23B]; routing to relationship simple
[pool-3287-thread-1] INFO org.apache.nifi.processors.standard.RouteText - RouteText[id=38a82a0d-69fc-4d87-a6d1-ec924f6828ee] Routing FlowFile[1930,90491493826175.mockFlowFile,23B] to original
[main] DEBUG org.apache.nifi.processors.standard.RouteText - RouteText[id=38a82a0d-69fc-4d87-a6d1-ec924f6828ee] Adding new dynamic property: PropertyDescriptor[simple]
[pool-3288-thread-1] INFO org.apache.nifi.processors.standard.RouteText - RouteText[id=38a82a0d-69fc-4d87-a6d1-ec924f6828ee] Created FlowFile[1933,90491494237992.mockFlowFile,23B] from FlowFile[1932,90491494237992.mockFlowFile,23B]; routing to relationship simple
[pool-3288-thread-1] INFO org.apache.nifi.processors.standard.RouteText - RouteText[id=38a82a0d-69fc-4d87-a6d1-ec924f6828ee] Routing FlowFile[1932,90491494237992.mockFlowFile,23B] to original
[main] DEBUG org.apache.nifi.processors.standard.RouteText - RouteText[id=38a82a0d-69fc-4d87-a6d1-ec924f6828ee] Adding new dynamic property: PropertyDescriptor[simple]
[pool-3289-thread-1] INFO org.apache.nifi.processors.standard.RouteText - RouteText[id=38a82a0d-69fc-4d87-a6d1-ec924f6828ee] Created FlowFile[1935,90491494641915.mockFlowFile,23B] from FlowFile[1934,90491494641915.mockFlowFile,23B]; routing to relationship simple
[pool-3289-thread-1] INFO org.apache.nifi.processors.standard.RouteText - RouteText[id=38a82a0d-69fc-4d87-a6d1-ec924f6828ee] Routing FlowFile[1934,90491494641915.mockFlowFile,23B] to original
[main] DEBUG org.apache.nifi.processors.standard.RouteText - RouteText[id=38a82a0d-69fc-4d87-a6d1-ec924f6828ee] Adding new dynamic property: PropertyDescriptor[simple]
[pool-3290-thread-1] INFO org.apache.nifi.processors.standard.RouteText - RouteText[id=38a82a0d-69fc-4d87-a6d1-ec924f6828ee] Created FlowFile[1937,90491495057010.mockFlowFile,23B] from FlowFile[1936,90491495057010.mockFlowFile,23B]; routing to relationship simple
[pool-3290-thread-1] INFO org.apache.nifi.processors.standard.RouteText - RouteText[id=38a82a0d-69fc-4d87-a6d1-ec924f6828ee] Routing FlowFile[1936,90491495057010.mockFlowFile,23B] to original
[main] DEBUG org.apache.nifi.processors.standard.RouteText - RouteText[id=38a82a0d-69fc-4d87-a6d1-ec924f6828ee] Adding new dynamic property: PropertyDescriptor[simple]
[pool-3291-thread-1] INFO org.apache.nifi.processors.standard.RouteText - RouteText[id=38a82a0d-69fc-4d87-a6d1-ec924f6828ee] Created FlowFile[1939,90491495472595.mockFlowFile,23B] from FlowFile[1938,90491495472595.mockFlowFile,23B]; routing to relationship simple
[pool-3291-thread-1] INFO org.apache.nifi.processors.standard.RouteText - RouteText[id=38a82a0d-69fc-4d87-a6d1-ec924f6828ee] Routing FlowFile[1938,90491495472595.mockFlowFile,23B] to original
[main] DEBUG org.apache.nifi.processors.standard.RouteText - RouteText[id=38a82a0d-69fc-4d87-a6d1-ec924f6828ee] Adding new dynamic property: PropertyDescriptor[simple]
[pool-3292-thread-1] INFO org.apache.nifi.processors.standard.RouteText - RouteText[id=38a82a0d-69fc-4d87-a6d1-ec924f6828ee] Created FlowFile[1941,90491495865889.mockFlowFile,23B] from FlowFile[1940,90491495865889.mockFlowFile,23B]; routing to relationship simple
[pool-3292-thread-1] INFO org.apache.nifi.processors.standard.RouteText - RouteText[id=38a82a0d-69fc-4d87-a6d1-ec924f6828ee] Routing FlowFile[1940,90491495865889.mockFlowFile,23B] to original
[main] DEBUG org.apache.nifi.processors.standard.RouteText - RouteText[id=38a82a0d-69fc-4d87-a6d1-ec924f6828ee] Adding new dynamic property: PropertyDescriptor[simple]
[pool-3293-thread-1] INFO org.apache.nifi.processors.standard.RouteText - RouteText[id=38a82a0d-69fc-4d87-a6d1-ec924f6828ee] Created FlowFile[1943,90491496388553.mockFlowFile,23B] from FlowFile[1942,90491496388553.mockFlowFile,23B]; routing to relationship simple
[pool-3293-thread-1] INFO org.apache.nifi.processors.standard.RouteText - RouteText[id=38a82a0d-69fc-4d87-a6d1-ec924f6828ee] Routing FlowFile[1942,90491496388553.mockFlowFile,23B] to original
[main] DEBUG org.apache.nifi.processors.standard.RouteText - RouteText[id=38a82a0d-69fc-4d87-a6d1-ec924f6828ee] Adding new dynamic property: PropertyDescriptor[simple]
[pool-3294-thread-1] INFO org.apache.nifi.processors.standard.RouteText - RouteText[id=38a82a0d-69fc-4d87-a6d1-ec924f6828ee] Created FlowFile[1945,90491496878128.mockFlowFile,23B] from FlowFile[1944,90491496878128.mockFlowFile,23B]; routing to relationship simple
[pool-3294-thread-1] INFO org.apache.nifi.processors.standard.RouteText - RouteText[id=38a82a0d-69fc-4d87-a6d1-ec924f6828ee] Routing FlowFile[1944,90491496878128.mockFlowFile,23B] to original
[main] DEBUG org.apache.nifi.processors.standard.RouteText - RouteText[id=38a82a0d-69fc-4d87-a6d1-ec924f6828ee] Adding new dynamic property: PropertyDescriptor[simple]
[pool-3295-thread-1] INFO org.apache.nifi.processors.standard.RouteText - RouteText[id=38a82a0d-69fc-4d87-a6d1-ec924f6828ee] Created FlowFile[1947,90491497261861.mockFlowFile,23B] from FlowFile[1946,90491497261861.mockFlowFile,23B]; routing to relationship simple
[pool-3295-thread-1] INFO org.apache.nifi.processors.standard.RouteText - RouteText[id=38a82a0d-69fc-4d87-a6d1-ec924f6828ee] Routing FlowFile[1946,90491497261861.mockFlowFile,23B] to original
[main] DEBUG org.apache.nifi.processors.standard.RouteText - RouteText[id=38a82a0d-69fc-4d87-a6d1-ec924f6828ee] Adding new dynamic property: PropertyDescriptor[simple]
[pool-3296-thread-1] INFO org.apache.nifi.processors.standard.RouteText - RouteText[id=38a82a0d-69fc-4d87-a6d1-ec924f6828ee] Created FlowFile[1949,90491497653319.mockFlowFile,23B] from FlowFile[1948,90491497653319.mockFlowFile,23B]; routing to relationship simple
[pool-3296-thread-1] INFO org.apache.nifi.processors.standard.RouteText - RouteText[id=38a82a0d-69fc-4d87-a6d1-ec924f6828ee] Routing FlowFile[1948,90491497653319.mockFlowFile,23B] to original
[main] DEBUG org.apache.nifi.processors.standard.RouteText - RouteText[id=38a82a0d-69fc-4d87-a6d1-ec924f6828ee] Adding new dynamic property: PropertyDescriptor[simple]
[pool-3297-thread-1] INFO org.apache.nifi.processors.standard.RouteText - RouteText[id=38a82a0d-69fc-4d87-a6d1-ec924f6828ee] Created FlowFile[1951,90491498028950.mockFlowFile,23B] from FlowFile[1950,90491498028950.mockFlowFile,23B]; routing to relationship simple
[pool-3297-thread-1] INFO org.apache.nifi.processors.standard.RouteText - RouteText[id=38a82a0d-69fc-4d87-a6d1-ec924f6828ee] Routing FlowFile[1950,90491498028950.mockFlowFile,23B] to original
[main] DEBUG org.apache.nifi.processors.standard.RouteText - RouteText[id=38a82a0d-69fc-4d87-a6d1-ec924f6828ee] Adding new dynamic property: PropertyDescriptor[simple]
[pool-3298-thread-1] INFO org.apache.nifi.processors.standard.RouteText - RouteText[id=38a82a0d-69fc-4d87-a6d1-ec924f6828ee] Created FlowFile[1953,90491498437317.mockFlowFile,23B] from FlowFile[1952,90491498437317.mockFlowFile,23B]; routing to relationship simple
[pool-3298-thread-1] INFO org.apache.nifi.processors.standard.RouteText - RouteText[id=38a82a0d-69fc-4d87-a6d1-ec924f6828ee] Routing FlowFile[1952,90491498437317.mockFlowFile,23B] to original
[main] DEBUG org.apache.nifi.processors.standard.RouteText - RouteText[id=38a82a0d-69fc-4d87-a6d1-ec924f6828ee] Adding new dynamic property: PropertyDescriptor[simple]
[pool-3299-thread-1] INFO org.apache.nifi.processors.standard.RouteText - RouteText[id=38a82a0d-69fc-4d87-a6d1-ec924f6828ee] Created FlowFile[1955,90491498838764.mockFlowFile,23B] from FlowFile[1954,90491498838764.mockFlowFile,23B]; routing to relationship simple
[pool-3299-thread-1] INFO org.apache.nifi.processors.standard.RouteText - RouteText[id=38a82a0d-69fc-4d87-a6d1-ec924f6828ee] Routing FlowFile[1954,90491498838764.mockFlowFile,23B] to original
[main] DEBUG org.apache.nifi.processors.standard.RouteText - RouteText[id=38a82a0d-69fc-4d87-a6d1-ec924f6828ee] Adding new dynamic property: PropertyDescriptor[simple]
[pool-3300-thread-1] INFO org.apache.nifi.processors.standard.RouteText - RouteText[id=38a82a0d-69fc-4d87-a6d1-ec924f6828ee] Created FlowFile[1957,90491499189547.mockFlowFile,23B] from FlowFile[1956,90491499189547.mockFlowFile,23B]; routing to relationship simple
[pool-3300-thread-1] INFO org.apache.nifi.processors.standard.RouteText - RouteText[id=38a82a0d-69fc-4d87-a6d1-ec924f6828ee] Routing FlowFile[1956,90491499189547.mockFlowFile,23B] to original
[main] DEBUG org.apache.nifi.processors.standard.RouteText - RouteText[id=38a82a0d-69fc-4d87-a6d1-ec924f6828ee] Adding new dynamic property: PropertyDescriptor[simple]
[pool-3301-thread-1] INFO org.apache.nifi.processors.standard.RouteText - RouteText[id=38a82a0d-69fc-4d87-a6d1-ec924f6828ee] Created FlowFile[1959,90491499593673.mockFlowFile,23B] from FlowFile[1958,90491499593673.mockFlowFile,23B]; routing to relationship simple
[pool-3301-thread-1] INFO org.apache.nifi.processors.standard.RouteText - RouteText[id=38a82a0d-69fc-4d87-a6d1-ec924f6828ee] Routing FlowFile[1958,90491499593673.mockFlowFile,23B] to original
[main] DEBUG org.apache.nifi.processors.standard.RouteText - RouteText[id=38a82a0d-69fc-4d87-a6d1-ec924f6828ee] Adding new dynamic property: PropertyDescriptor[simple]
[pool-3302-thread-1] INFO org.apache.nifi.processors.standard.RouteText - RouteText[id=38a82a0d-69fc-4d87-a6d1-ec924f6828ee] Created FlowFile[1961,90491499869519.mockFlowFile,23B] from FlowFile[1960,90491499869519.mockFlowFile,23B]; routing to relationship simple
[pool-3302-thread-1] INFO org.apache.nifi.processors.standard.RouteText - RouteText[id=38a82a0d-69fc-4d87-a6d1-ec924f6828ee] Routing FlowFile[1960,90491499869519.mockFlowFile,23B] to original
[main] DEBUG org.apache.nifi.processors.standard.RouteText - RouteText[id=38a82a0d-69fc-4d87-a6d1-ec924f6828ee] Adding new dynamic property: PropertyDescriptor[simple]
[pool-3303-thread-1] INFO org.apache.nifi.processors.standard.RouteText - RouteText[id=38a82a0d-69fc-4d87-a6d1-ec924f6828ee] Created FlowFile[1963,90491500283386.mockFlowFile,23B] from FlowFile[1962,90491500283386.mockFlowFile,23B]; routing to relationship simple
[pool-3303-thread-1] INFO org.apache.nifi.processors.standard.RouteText - RouteText[id=38a82a0d-69fc-4d87-a6d1-ec924f6828ee] Routing FlowFile[1962,90491500283386.mockFlowFile,23B] to original
[main] DEBUG org.apache.nifi.processors.standard.RouteText - RouteText[id=38a82a0d-69fc-4d87-a6d1-ec924f6828ee] Adding new dynamic property: PropertyDescriptor[simple]
[pool-3304-thread-1] INFO org.apache.nifi.processors.standard.RouteText - RouteText[id=38a82a0d-69fc-4d87-a6d1-ec924f6828ee] Created FlowFile[1965,90491500666705.mockFlowFile,23B] from FlowFile[1964,90491500666705.mockFlowFile,23B]; routing to relationship simple
[pool-3304-thread-1] INFO org.apache.nifi.processors.standard.RouteText - RouteText[id=38a82a0d-69fc-4d87-a6d1-ec924f6828ee] Routing FlowFile[1964,90491500666705.mockFlowFile,23B] to original
[main] DEBUG org.apache.nifi.processors.standard.RouteText - RouteText[id=38a82a0d-69fc-4d87-a6d1-ec924f6828ee] Adding new dynamic property: PropertyDescriptor[simple]
[pool-3305-thread-1] INFO org.apache.nifi.processors.standard.RouteText - RouteText[id=38a82a0d-69fc-4d87-a6d1-ec924f6828ee] Created FlowFile[1967,90491501036048.mockFlowFile,23B] from FlowFile[1966,90491501036048.mockFlowFile,23B]; routing to relationship simple
[pool-3305-thread-1] INFO org.apache.nifi.processors.standard.RouteText - RouteText[id=38a82a0d-69fc-4d87-a6d1-ec924f6828ee] Routing FlowFile[1966,90491501036048.mockFlowFile,23B] to original
[main] DEBUG org.apache.nifi.processors.standard.RouteText - RouteText[id=38a82a0d-69fc-4d87-a6d1-ec924f6828ee] Adding new dynamic property: PropertyDescriptor[simple]
[pool-3306-thread-1] INFO org.apache.nifi.processors.standard.RouteText - RouteText[id=38a82a0d-69fc-4d87-a6d1-ec924f6828ee] Created FlowFile[1969,90491501348984.mockFlowFile,23B] from FlowFile[1968,90491501348984.mockFlowFile,23B]; routing to relationship simple
[pool-3306-thread-1] INFO org.apache.nifi.processors.standard.RouteText - RouteText[id=38a82a0d-69fc-4d87-a6d1-ec924f6828ee] Routing FlowFile[1968,90491501348984.mockFlowFile,23B] to original
[main] DEBUG org.apache.nifi.processors.standard.RouteText - RouteText[id=38a82a0d-69fc-4d87-a6d1-ec924f6828ee] Adding new dynamic property: PropertyDescriptor[simple]
[pool-3307-thread-1] INFO org.apache.nifi.processors.standard.RouteText - RouteText[id=38a82a0d-69fc-4d87-a6d1-ec924f6828ee] Created FlowFile[1971,90491501652653.mockFlowFile,23B] from FlowFile[1970,90491501652653.mockFlowFile,23B]; routing to relationship simple
[pool-3307-thread-1] INFO org.apache.nifi.processors.standard.RouteText - RouteText[id=38a82a0d-69fc-4d87-a6d1-ec924f6828ee] Routing FlowFile[1970,90491501652653.mockFlowFile,23B] to original
[main] DEBUG org.apache.nifi.processors.standard.RouteText - RouteText[id=38a82a0d-69fc-4d87-a6d1-ec924f6828ee] Adding new dynamic property: PropertyDescriptor[simple]
[pool-3308-thread-1] INFO org.apache.nifi.processors.standard.RouteText - RouteText[id=38a82a0d-69fc-4d87-a6d1-ec924f6828ee] Created FlowFile[1973,90491501953417.mockFlowFile,23B] from FlowFile[1972,90491501953417.mockFlowFile,23B]; routing to relationship simple
[pool-3308-thread-1] INFO org.apache.nifi.processors.standard.RouteText - RouteText[id=38a82a0d-69fc-4d87-a6d1-ec924f6828ee] Routing FlowFile[1972,90491501953417.mockFlowFile,23B] to original
[main] DEBUG org.apache.nifi.processors.standard.RouteText - RouteText[id=38a82a0d-69fc-4d87-a6d1-ec924f6828ee] Adding new dynamic property: PropertyDescriptor[simple]
[pool-3309-thread-1] INFO org.apache.nifi.processors.standard.RouteText - RouteText[id=38a82a0d-69fc-4d87-a6d1-ec924f6828ee] Created FlowFile[1975,90491502228950.mockFlowFile,23B] from FlowFile[1974,90491502228950.mockFlowFile,23B]; routing to relationship simple
[pool-3309-thread-1] INFO org.apache.nifi.processors.standard.RouteText - RouteText[id=38a82a0d-69fc-4d87-a6d1-ec924f6828ee] Routing FlowFile[1974,90491502228950.mockFlowFile,23B] to original
[main] DEBUG org.apache.nifi.processors.standard.RouteText - RouteText[id=38a82a0d-69fc-4d87-a6d1-ec924f6828ee] Adding new dynamic property: PropertyDescriptor[simple]
[pool-3310-thread-1] INFO org.apache.nifi.processors.standard.RouteText - RouteText[id=38a82a0d-69fc-4d87-a6d1-ec924f6828ee] Created FlowFile[1977,90491502489278.mockFlowFile,23B] from FlowFile[1976,90491502489278.mockFlowFile,23B]; routing to relationship simple
[pool-3310-thread-1] INFO org.apache.nifi.processors.standard.RouteText - RouteText[id=38a82a0d-69fc-4d87-a6d1-ec924f6828ee] Routing FlowFile[1976,90491502489278.mockFlowFile,23B] to original
[main] DEBUG org.apache.nifi.processors.standard.RouteText - RouteText[id=38a82a0d-69fc-4d87-a6d1-ec924f6828ee] Adding new dynamic property: PropertyDescriptor[simple]
[pool-3311-thread-1] INFO org.apache.nifi.processors.standard.RouteText - RouteText[id=38a82a0d-69fc-4d87-a6d1-ec924f6828ee] Created FlowFile[1979,90491502751580.mockFlowFile,23B] from FlowFile[1978,90491502751580.mockFlowFile,23B]; routing to relationship simple
[pool-3311-thread-1] INFO org.apache.nifi.processors.standard.RouteText - RouteText[id=38a82a0d-69fc-4d87-a6d1-ec924f6828ee] Routing FlowFile[1978,90491502751580.mockFlowFile,23B] to original
[main] DEBUG org.apache.nifi.processors.standard.RouteText - RouteText[id=38a82a0d-69fc-4d87-a6d1-ec924f6828ee] Adding new dynamic property: PropertyDescriptor[simple]
[pool-3312-thread-1] INFO org.apache.nifi.processors.standard.RouteText - RouteText[id=38a82a0d-69fc-4d87-a6d1-ec924f6828ee] Created FlowFile[1981,90491503003812.mockFlowFile,23B] from FlowFile[1980,90491503003812.mockFlowFile,23B]; routing to relationship simple
[pool-3312-thread-1] INFO org.apache.nifi.processors.standard.RouteText - RouteText[id=38a82a0d-69fc-4d87-a6d1-ec924f6828ee] Routing FlowFile[1980,90491503003812.mockFlowFile,23B] to original
[main] DEBUG org.apache.nifi.processors.standard.RouteText - RouteText[id=38a82a0d-69fc-4d87-a6d1-ec924f6828ee] Adding new dynamic property: PropertyDescriptor[simple]
[pool-3313-thread-1] INFO org.apache.nifi.processors.standard.RouteText - RouteText[id=38a82a0d-69fc-4d87-a6d1-ec924f6828ee] Created FlowFile[1983,90491503446947.mockFlowFile,23B] from FlowFile[1982,90491503446947.mockFlowFile,23B]; routing to relationship simple
[pool-3313-thread-1] INFO org.apache.nifi.processors.standard.RouteText - RouteText[id=38a82a0d-69fc-4d87-a6d1-ec924f6828ee] Routing FlowFile[1982,90491503446947.mockFlowFile,23B] to original
[main] DEBUG org.apache.nifi.processors.standard.RouteText - RouteText[id=38a82a0d-69fc-4d87-a6d1-ec924f6828ee] Adding new dynamic property: PropertyDescriptor[simple]
[pool-3314-thread-1] INFO org.apache.nifi.processors.standard.RouteText - RouteText[id=38a82a0d-69fc-4d87-a6d1-ec924f6828ee] Created FlowFile[1985,90491503777666.mockFlowFile,23B] from FlowFile[1984,90491503777666.mockFlowFile,23B]; routing to relationship simple
[pool-3314-thread-1] INFO org.apache.nifi.processors.standard.RouteText - RouteText[id=38a82a0d-69fc-4d87-a6d1-ec924f6828ee] Routing FlowFile[1984,90491503777666.mockFlowFile,23B] to original
[main] DEBUG org.apache.nifi.processors.standard.RouteText - RouteText[id=38a82a0d-69fc-4d87-a6d1-ec924f6828ee] Adding new dynamic property: PropertyDescriptor[simple]
[pool-3315-thread-1] INFO org.apache.nifi.processors.standard.RouteText - RouteText[id=38a82a0d-69fc-4d87-a6d1-ec924f6828ee] Created FlowFile[1987,90491504064135.mockFlowFile,23B] from FlowFile[1986,90491504064135.mockFlowFile,23B]; routing to relationship simple
[pool-3315-thread-1] INFO org.apache.nifi.processors.standard.RouteText - RouteText[id=38a82a0d-69fc-4d87-a6d1-ec924f6828ee] Routing FlowFile[1986,90491504064135.mockFlowFile,23B] to original
[main] DEBUG org.apache.nifi.processors.standard.RouteText - RouteText[id=38a82a0d-69fc-4d87-a6d1-ec924f6828ee] Adding new dynamic property: PropertyDescriptor[simple]
[pool-3316-thread-1] INFO org.apache.nifi.processors.standard.RouteText - RouteText[id=38a82a0d-69fc-4d87-a6d1-ec924f6828ee] Created FlowFile[1989,90491505661156.mockFlowFile,23B] from FlowFile[1988,90491505661156.mockFlowFile,23B]; routing to relationship simple
[pool-3316-thread-1] INFO org.apache.nifi.processors.standard.RouteText - RouteText[id=38a82a0d-69fc-4d87-a6d1-ec924f6828ee] Routing FlowFile[1988,90491505661156.mockFlowFile,23B] to original
[main] DEBUG org.apache.nifi.processors.standard.RouteText - RouteText[id=38a82a0d-69fc-4d87-a6d1-ec924f6828ee] Adding new dynamic property: PropertyDescriptor[simple]
[pool-3317-thread-1] INFO org.apache.nifi.processors.standard.RouteText - RouteText[id=38a82a0d-69fc-4d87-a6d1-ec924f6828ee] Created FlowFile[1991,90491506138903.mockFlowFile,23B] from FlowFile[1990,90491506138903.mockFlowFile,23B]; routing to relationship simple
[pool-3317-thread-1] INFO org.apache.nifi.processors.standard.RouteText - RouteText[id=38a82a0d-69fc-4d87-a6d1-ec924f6828ee] Routing FlowFile[1990,90491506138903.mockFlowFile,23B] to original
[main] DEBUG org.apache.nifi.processors.standard.RouteText - RouteText[id=38a82a0d-69fc-4d87-a6d1-ec924f6828ee] Adding new dynamic property: PropertyDescriptor[simple]
[pool-3318-thread-1] INFO org.apache.nifi.processors.standard.RouteText - RouteText[id=38a82a0d-69fc-4d87-a6d1-ec924f6828ee] Created FlowFile[1993,90491506475925.mockFlowFile,23B] from FlowFile[1992,90491506475925.mockFlowFile,23B]; routing to relationship simple
[pool-3318-thread-1] INFO org.apache.nifi.processors.standard.RouteText - RouteText[id=38a82a0d-69fc-4d87-a6d1-ec924f6828ee] Routing FlowFile[1992,90491506475925.mockFlowFile,23B] to original
[main] DEBUG org.apache.nifi.processors.standard.RouteText - RouteText[id=38a82a0d-69fc-4d87-a6d1-ec924f6828ee] Adding new dynamic property: PropertyDescriptor[simple]
[pool-3319-thread-1] INFO org.apache.nifi.processors.standard.RouteText - RouteText[id=38a82a0d-69fc-4d87-a6d1-ec924f6828ee] Created FlowFile[1995,90491506744280.mockFlowFile,23B] from FlowFile[1994,90491506744280.mockFlowFile,23B]; routing to relationship simple
[pool-3319-thread-1] INFO org.apache.nifi.processors.standard.RouteText - RouteText[id=38a82a0d-69fc-4d87-a6d1-ec924f6828ee] Routing FlowFile[1994,90491506744280.mockFlowFile,23B] to original
[main] DEBUG org.apache.nifi.processors.standard.RouteText - RouteText[id=38a82a0d-69fc-4d87-a6d1-ec924f6828ee] Adding new dynamic property: PropertyDescriptor[simple]
[pool-3320-thread-1] INFO org.apache.nifi.processors.standard.RouteText - RouteText[id=38a82a0d-69fc-4d87-a6d1-ec924f6828ee] Created FlowFile[1997,90491507003372.mockFlowFile,23B] from FlowFile[1996,90491507003372.mockFlowFile,23B]; routing to relationship simple
[pool-3320-thread-1] INFO org.apache.nifi.processors.standard.RouteText - RouteText[id=38a82a0d-69fc-4d87-a6d1-ec924f6828ee] Routing FlowFile[1996,90491507003372.mockFlowFile,23B] to original
[main] DEBUG org.apache.nifi.processors.standard.RouteText - RouteText[id=38a82a0d-69fc-4d87-a6d1-ec924f6828ee] Adding new dynamic property: PropertyDescriptor[simple]
[pool-3321-thread-1] INFO org.apache.nifi.processors.standard.RouteText - RouteText[id=38a82a0d-69fc-4d87-a6d1-ec924f6828ee] Created FlowFile[1999,90491507490374.mockFlowFile,23B] from FlowFile[1998,90491507490374.mockFlowFile,23B]; routing to relationship simple
[pool-3321-thread-1] INFO org.apache.nifi.processors.standard.RouteText - RouteText[id=38a82a0d-69fc-4d87-a6d1-ec924f6828ee] Routing FlowFile[1998,90491507490374.mockFlowFile,23B] to original
[main] DEBUG org.apache.nifi.processors.standard.RouteText - RouteText[id=38a82a0d-69fc-4d87-a6d1-ec924f6828ee] Adding new dynamic property: PropertyDescriptor[simple]
[pool-3322-thread-1] INFO org.apache.nifi.processors.standard.RouteText - RouteText[id=38a82a0d-69fc-4d87-a6d1-ec924f6828ee] Created FlowFile[2001,90491507863655.mockFlowFile,23B] from FlowFile[2000,90491507863655.mockFlowFile,23B]; routing to relationship simple
[pool-3322-thread-1] INFO org.apache.nifi.processors.standard.RouteText - RouteText[id=38a82a0d-69fc-4d87-a6d1-ec924f6828ee] Routing FlowFile[2000,90491507863655.mockFlowFile,23B] to original
[main] DEBUG org.apache.nifi.processors.standard.RouteText - RouteText[id=38a82a0d-69fc-4d87-a6d1-ec924f6828ee] Adding new dynamic property: PropertyDescriptor[simple]
[pool-3323-thread-1] INFO org.apache.nifi.processors.standard.RouteText - RouteText[id=38a82a0d-69fc-4d87-a6d1-ec924f6828ee] Created FlowFile[2003,90491508201223.mockFlowFile,23B] from FlowFile[2002,90491508201223.mockFlowFile,23B]; routing to relationship simple
[pool-3323-thread-1] INFO org.apache.nifi.processors.standard.RouteText - RouteText[id=38a82a0d-69fc-4d87-a6d1-ec924f6828ee] Routing FlowFile[2002,90491508201223.mockFlowFile,23B] to original
[main] DEBUG org.apache.nifi.processors.standard.RouteText - RouteText[id=38a82a0d-69fc-4d87-a6d1-ec924f6828ee] Adding new dynamic property: PropertyDescriptor[simple]
[pool-3324-thread-1] INFO org.apache.nifi.processors.standard.RouteText - RouteText[id=38a82a0d-69fc-4d87-a6d1-ec924f6828ee] Created FlowFile[2005,90491508625713.mockFlowFile,24B] from FlowFile[2004,90491508625713.mockFlowFile,24B]; routing to relationship simple
[pool-3324-thread-1] INFO org.apache.nifi.processors.standard.RouteText - RouteText[id=38a82a0d-69fc-4d87-a6d1-ec924f6828ee] Routing FlowFile[2004,90491508625713.mockFlowFile,24B] to original
[main] DEBUG org.apache.nifi.processors.standard.RouteText - RouteText[id=38a82a0d-69fc-4d87-a6d1-ec924f6828ee] Adding new dynamic property: PropertyDescriptor[simple]
[pool-3325-thread-1] INFO org.apache.nifi.processors.standard.RouteText - RouteText[id=38a82a0d-69fc-4d87-a6d1-ec924f6828ee] Created FlowFile[2007,90491508979434.mockFlowFile,24B] from FlowFile[2006,90491508979434.mockFlowFile,24B]; routing to relationship simple
[pool-3325-thread-1] INFO org.apache.nifi.processors.standard.RouteText - RouteText[id=38a82a0d-69fc-4d87-a6d1-ec924f6828ee] Routing FlowFile[2006,90491508979434.mockFlowFile,24B] to original
[main] DEBUG org.apache.nifi.processors.standard.RouteText - RouteText[id=38a82a0d-69fc-4d87-a6d1-ec924f6828ee] Adding new dynamic property: PropertyDescriptor[simple]
[pool-3326-thread-1] INFO org.apache.nifi.processors.standard.RouteText - RouteText[id=38a82a0d-69fc-4d87-a6d1-ec924f6828ee] Created FlowFile[2009,90491509241473.mockFlowFile,24B] from FlowFile[2008,90491509241473.mockFlowFile,24B]; routing to relationship simple
[pool-3326-thread-1] INFO org.apache.nifi.processors.standard.RouteText - RouteText[id=38a82a0d-69fc-4d87-a6d1-ec924f6828ee] Routing FlowFile[2008,90491509241473.mockFlowFile,24B] to original
[main] DEBUG org.apache.nifi.processors.standard.RouteText - RouteText[id=38a82a0d-69fc-4d87-a6d1-ec924f6828ee] Adding new dynamic property: PropertyDescriptor[simple]
[pool-3327-thread-1] INFO org.apache.nifi.processors.standard.RouteText - RouteText[id=38a82a0d-69fc-4d87-a6d1-ec924f6828ee] Created FlowFile[2011,90491509539195.mockFlowFile,24B] from FlowFile[2010,90491509539195.mockFlowFile,24B]; routing to relationship simple
[pool-3327-thread-1] INFO org.apache.nifi.processors.standard.RouteText - RouteText[id=38a82a0d-69fc-4d87-a6d1-ec924f6828ee] Routing FlowFile[2010,90491509539195.mockFlowFile,24B] to original
[main] DEBUG org.apache.nifi.processors.standard.RouteText - RouteText[id=38a82a0d-69fc-4d87-a6d1-ec924f6828ee] Adding new dynamic property: PropertyDescriptor[simple]
[pool-3328-thread-1] INFO org.apache.nifi.processors.standard.RouteText - RouteText[id=38a82a0d-69fc-4d87-a6d1-ec924f6828ee] Created FlowFile[2013,90491509797280.mockFlowFile,24B] from FlowFile[2012,90491509797280.mockFlowFile,24B]; routing to relationship simple
[pool-3328-thread-1] INFO org.apache.nifi.processors.standard.RouteText - RouteText[id=38a82a0d-69fc-4d87-a6d1-ec924f6828ee] Routing FlowFile[2012,90491509797280.mockFlowFile,24B] to original
[main] DEBUG org.apache.nifi.processors.standard.RouteText - RouteText[id=38a82a0d-69fc-4d87-a6d1-ec924f6828ee] Adding new dynamic property: PropertyDescriptor[simple]
[pool-3329-thread-1] INFO org.apache.nifi.processors.standard.RouteText - RouteText[id=38a82a0d-69fc-4d87-a6d1-ec924f6828ee] Created FlowFile[2015,90491510043750.mockFlowFile,24B] from FlowFile[2014,90491510043750.mockFlowFile,24B]; routing to relationship simple
[pool-3329-thread-1] INFO org.apache.nifi.processors.standard.RouteText - RouteText[id=38a82a0d-69fc-4d87-a6d1-ec924f6828ee] Routing FlowFile[2014,90491510043750.mockFlowFile,24B] to original
[main] DEBUG org.apache.nifi.processors.standard.RouteText - RouteText[id=38a82a0d-69fc-4d87-a6d1-ec924f6828ee] Adding new dynamic property: PropertyDescriptor[simple]
[pool-3330-thread-1] INFO org.apache.nifi.processors.standard.RouteText - RouteText[id=38a82a0d-69fc-4d87-a6d1-ec924f6828ee] Created FlowFile[2017,90491510296534.mockFlowFile,24B] from FlowFile[2016,90491510296534.mockFlowFile,24B]; routing to relationship simple
[pool-3330-thread-1] INFO org.apache.nifi.processors.standard.RouteText - RouteText[id=38a82a0d-69fc-4d87-a6d1-ec924f6828ee] Routing FlowFile[2016,90491510296534.mockFlowFile,24B] to original
[main] DEBUG org.apache.nifi.processors.standard.RouteText - RouteText[id=38a82a0d-69fc-4d87-a6d1-ec924f6828ee] Adding new dynamic property: PropertyDescriptor[simple]
[pool-3331-thread-1] INFO org.apache.nifi.processors.standard.RouteText - RouteText[id=38a82a0d-69fc-4d87-a6d1-ec924f6828ee] Created FlowFile[2019,90491510542395.mockFlowFile,24B] from FlowFile[2018,90491510542395.mockFlowFile,24B]; routing to relationship simple
[pool-3331-thread-1] INFO org.apache.nifi.processors.standard.RouteText - RouteText[id=38a82a0d-69fc-4d87-a6d1-ec924f6828ee] Routing FlowFile[2018,90491510542395.mockFlowFile,24B] to original
[main] DEBUG org.apache.nifi.processors.standard.RouteText - RouteText[id=38a82a0d-69fc-4d87-a6d1-ec924f6828ee] Adding new dynamic property: PropertyDescriptor[simple]
[pool-3332-thread-1] INFO org.apache.nifi.processors.standard.RouteText - RouteText[id=38a82a0d-69fc-4d87-a6d1-ec924f6828ee] Created FlowFile[2021,90491510802448.mockFlowFile,24B] from FlowFile[2020,90491510802448.mockFlowFile,24B]; routing to relationship simple
[pool-3332-thread-1] INFO org.apache.nifi.processors.standard.RouteText - RouteText[id=38a82a0d-69fc-4d87-a6d1-ec924f6828ee] Routing FlowFile[2020,90491510802448.mockFlowFile,24B] to original
[main] DEBUG org.apache.nifi.processors.standard.RouteText - RouteText[id=38a82a0d-69fc-4d87-a6d1-ec924f6828ee] Adding new dynamic property: PropertyDescriptor[simple]
[pool-3333-thread-1] INFO org.apache.nifi.processors.standard.RouteText - RouteText[id=38a82a0d-69fc-4d87-a6d1-ec924f6828ee] Created FlowFile[2023,90491511066442.mockFlowFile,24B] from FlowFile[2022,90491511066442.mockFlowFile,24B]; routing to relationship simple
[pool-3333-thread-1] INFO org.apache.nifi.processors.standard.RouteText - RouteText[id=38a82a0d-69fc-4d87-a6d1-ec924f6828ee] Routing FlowFile[2022,90491511066442.mockFlowFile,24B] to original
[main] DEBUG org.apache.nifi.processors.standard.RouteText - RouteText[id=38a82a0d-69fc-4d87-a6d1-ec924f6828ee] Adding new dynamic property: PropertyDescriptor[simple]
[pool-3334-thread-1] INFO org.apache.nifi.processors.standard.RouteText - RouteText[id=38a82a0d-69fc-4d87-a6d1-ec924f6828ee] Created FlowFile[2025,90491511485043.mockFlowFile,24B] from FlowFile[2024,90491511485043.mockFlowFile,24B]; routing to relationship simple
[pool-3334-thread-1] INFO org.apache.nifi.processors.standard.RouteText - RouteText[id=38a82a0d-69fc-4d87-a6d1-ec924f6828ee] Routing FlowFile[2024,90491511485043.mockFlowFile,24B] to original
[main] DEBUG org.apache.nifi.processors.standard.RouteText - RouteText[id=38a82a0d-69fc-4d87-a6d1-ec924f6828ee] Adding new dynamic property: PropertyDescriptor[simple]
[pool-3335-thread-1] INFO org.apache.nifi.processors.standard.RouteText - RouteText[id=38a82a0d-69fc-4d87-a6d1-ec924f6828ee] Created FlowFile[2027,90491511800981.mockFlowFile,24B] from FlowFile[2026,90491511800981.mockFlowFile,24B]; routing to relationship simple
[pool-3335-thread-1] INFO org.apache.nifi.processors.standard.RouteText - RouteText[id=38a82a0d-69fc-4d87-a6d1-ec924f6828ee] Routing FlowFile[2026,90491511800981.mockFlowFile,24B] to original
[main] DEBUG org.apache.nifi.processors.standard.RouteText - RouteText[id=38a82a0d-69fc-4d87-a6d1-ec924f6828ee] Adding new dynamic property: PropertyDescriptor[simple]
[pool-3336-thread-1] INFO org.apache.nifi.processors.standard.RouteText - RouteText[id=38a82a0d-69fc-4d87-a6d1-ec924f6828ee] Created FlowFile[2029,90491512318950.mockFlowFile,24B] from FlowFile[2028,90491512318950.mockFlowFile,24B]; routing to relationship simple
[pool-3336-thread-1] INFO org.apache.nifi.processors.standard.RouteText - RouteText[id=38a82a0d-69fc-4d87-a6d1-ec924f6828ee] Routing FlowFile[2028,90491512318950.mockFlowFile,24B] to original
[main] DEBUG org.apache.nifi.processors.standard.RouteText - RouteText[id=38a82a0d-69fc-4d87-a6d1-ec924f6828ee] Adding new dynamic property: PropertyDescriptor[simple]
[pool-3337-thread-1] INFO org.apache.nifi.processors.standard.RouteText - RouteText[id=38a82a0d-69fc-4d87-a6d1-ec924f6828ee] Created FlowFile[2031,90491512773153.mockFlowFile,24B] from FlowFile[2030,90491512773153.mockFlowFile,24B]; routing to relationship simple
[pool-3337-thread-1] INFO org.apache.nifi.processors.standard.RouteText - RouteText[id=38a82a0d-69fc-4d87-a6d1-ec924f6828ee] Routing FlowFile[2030,90491512773153.mockFlowFile,24B] to original
[main] DEBUG org.apache.nifi.processors.standard.RouteText - RouteText[id=38a82a0d-69fc-4d87-a6d1-ec924f6828ee] Adding new dynamic property: PropertyDescriptor[simple]
[pool-3338-thread-1] INFO org.apache.nifi.processors.standard.RouteText - RouteText[id=38a82a0d-69fc-4d87-a6d1-ec924f6828ee] Created FlowFile[2033,90491513161993.mockFlowFile,24B] from FlowFile[2032,90491513161993.mockFlowFile,24B]; routing to relationship simple
[pool-3338-thread-1] INFO org.apache.nifi.processors.standard.RouteText - RouteText[id=38a82a0d-69fc-4d87-a6d1-ec924f6828ee] Routing FlowFile[2032,90491513161993.mockFlowFile,24B] to original
[main] DEBUG org.apache.nifi.processors.standard.RouteText - RouteText[id=38a82a0d-69fc-4d87-a6d1-ec924f6828ee] Adding new dynamic property: PropertyDescriptor[simple]
[pool-3339-thread-1] INFO org.apache.nifi.processors.standard.RouteText - RouteText[id=38a82a0d-69fc-4d87-a6d1-ec924f6828ee] Created FlowFile[2035,90491513445694.mockFlowFile,24B] from FlowFile[2034,90491513445694.mockFlowFile,24B]; routing to relationship simple
[pool-3339-thread-1] INFO org.apache.nifi.processors.standard.RouteText - RouteText[id=38a82a0d-69fc-4d87-a6d1-ec924f6828ee] Routing FlowFile[2034,90491513445694.mockFlowFile,24B] to original
[main] DEBUG org.apache.nifi.processors.standard.RouteText - RouteText[id=38a82a0d-69fc-4d87-a6d1-ec924f6828ee] Adding new dynamic property: PropertyDescriptor[simple]
[pool-3340-thread-1] INFO org.apache.nifi.processors.standard.RouteText - RouteText[id=38a82a0d-69fc-4d87-a6d1-ec924f6828ee] Created FlowFile[2037,90491513755302.mockFlowFile,24B] from FlowFile[2036,90491513755302.mockFlowFile,24B]; routing to relationship simple
[pool-3340-thread-1] INFO org.apache.nifi.processors.standard.RouteText - RouteText[id=38a82a0d-69fc-4d87-a6d1-ec924f6828ee] Routing FlowFile[2036,90491513755302.mockFlowFile,24B] to original
[main] DEBUG org.apache.nifi.processors.standard.RouteText - RouteText[id=38a82a0d-69fc-4d87-a6d1-ec924f6828ee] Adding new dynamic property: PropertyDescriptor[simple]
[pool-3341-thread-1] INFO org.apache.nifi.processors.standard.RouteText - RouteText[id=38a82a0d-69fc-4d87-a6d1-ec924f6828ee] Created FlowFile[2039,90491514119752.mockFlowFile,24B] from FlowFile[2038,90491514119752.mockFlowFile,24B]; routing to relationship simple
[pool-3341-thread-1] INFO org.apache.nifi.processors.standard.RouteText - RouteText[id=38a82a0d-69fc-4d87-a6d1-ec924f6828ee] Routing FlowFile[2038,90491514119752.mockFlowFile,24B] to original
[main] DEBUG org.apache.nifi.processors.standard.RouteText - RouteText[id=38a82a0d-69fc-4d87-a6d1-ec924f6828ee] Adding new dynamic property: PropertyDescriptor[simple]
[pool-3342-thread-1] INFO org.apache.nifi.processors.standard.RouteText - RouteText[id=38a82a0d-69fc-4d87-a6d1-ec924f6828ee] Created FlowFile[2041,90491514382434.mockFlowFile,24B] from FlowFile[2040,90491514382434.mockFlowFile,24B]; routing to relationship simple
[pool-3342-thread-1] INFO org.apache.nifi.processors.standard.RouteText - RouteText[id=38a82a0d-69fc-4d87-a6d1-ec924f6828ee] Routing FlowFile[2040,90491514382434.mockFlowFile,24B] to original
[main] DEBUG org.apache.nifi.processors.standard.RouteText - RouteText[id=38a82a0d-69fc-4d87-a6d1-ec924f6828ee] Adding new dynamic property: PropertyDescriptor[simple]
[pool-3343-thread-1] INFO org.apache.nifi.processors.standard.RouteText - RouteText[id=38a82a0d-69fc-4d87-a6d1-ec924f6828ee] Created FlowFile[2043,90491514782789.mockFlowFile,24B] from FlowFile[2042,90491514782789.mockFlowFile,24B]; routing to relationship simple
[pool-3343-thread-1] INFO org.apache.nifi.processors.standard.RouteText - RouteText[id=38a82a0d-69fc-4d87-a6d1-ec924f6828ee] Routing FlowFile[2042,90491514782789.mockFlowFile,24B] to original
[main] DEBUG org.apache.nifi.processors.standard.RouteText - RouteText[id=38a82a0d-69fc-4d87-a6d1-ec924f6828ee] Adding new dynamic property: PropertyDescriptor[simple]
[pool-3344-thread-1] INFO org.apache.nifi.processors.standard.RouteText - RouteText[id=38a82a0d-69fc-4d87-a6d1-ec924f6828ee] Created FlowFile[2045,90491515161029.mockFlowFile,24B] from FlowFile[2044,90491515161029.mockFlowFile,24B]; routing to relationship simple
[pool-3344-thread-1] INFO org.apache.nifi.processors.standard.RouteText - RouteText[id=38a82a0d-69fc-4d87-a6d1-ec924f6828ee] Routing FlowFile[2044,90491515161029.mockFlowFile,24B] to original
[main] DEBUG org.apache.nifi.processors.standard.RouteText - RouteText[id=38a82a0d-69fc-4d87-a6d1-ec924f6828ee] Adding new dynamic property: PropertyDescriptor[simple]
[pool-3345-thread-1] INFO org.apache.nifi.processors.standard.RouteText - RouteText[id=38a82a0d-69fc-4d87-a6d1-ec924f6828ee] Created FlowFile[2047,90491515797122.mockFlowFile,24B] from FlowFile[2046,90491515797122.mockFlowFile,24B]; routing to relationship simple
[pool-3345-thread-1] INFO org.apache.nifi.processors.standard.RouteText - RouteText[id=38a82a0d-69fc-4d87-a6d1-ec924f6828ee] Routing FlowFile[2046,90491515797122.mockFlowFile,24B] to original
[main] DEBUG org.apache.nifi.processors.standard.RouteText - RouteText[id=38a82a0d-69fc-4d87-a6d1-ec924f6828ee] Adding new dynamic property: PropertyDescriptor[simple]
[pool-3346-thread-1] INFO org.apache.nifi.processors.standard.RouteText - RouteText[id=38a82a0d-69fc-4d87-a6d1-ec924f6828ee] Created FlowFile[2049,90491516270702.mockFlowFile,24B] from FlowFile[2048,90491516270702.mockFlowFile,24B]; routing to relationship simple
[pool-3346-thread-1] INFO org.apache.nifi.processors.standard.RouteText - RouteText[id=38a82a0d-69fc-4d87-a6d1-ec924f6828ee] Routing FlowFile[2048,90491516270702.mockFlowFile,24B] to original
[main] DEBUG org.apache.nifi.processors.standard.RouteText - RouteText[id=38a82a0d-69fc-4d87-a6d1-ec924f6828ee] Adding new dynamic property: PropertyDescriptor[simple]
[pool-3347-thread-1] INFO org.apache.nifi.processors.standard.RouteText - RouteText[id=38a82a0d-69fc-4d87-a6d1-ec924f6828ee] Created FlowFile[2051,90491516677041.mockFlowFile,24B] from FlowFile[2050,90491516677041.mockFlowFile,24B]; routing to relationship simple
[pool-3347-thread-1] INFO org.apache.nifi.processors.standard.RouteText - RouteText[id=38a82a0d-69fc-4d87-a6d1-ec924f6828ee] Routing FlowFile[2050,90491516677041.mockFlowFile,24B] to original
[main] DEBUG org.apache.nifi.processors.standard.RouteText - RouteText[id=38a82a0d-69fc-4d87-a6d1-ec924f6828ee] Adding new dynamic property: PropertyDescriptor[simple]
[pool-3348-thread-1] INFO org.apache.nifi.processors.standard.RouteText - RouteText[id=38a82a0d-69fc-4d87-a6d1-ec924f6828ee] Created FlowFile[2053,90491517055575.mockFlowFile,24B] from FlowFile[2052,90491517055575.mockFlowFile,24B]; routing to relationship simple
[pool-3348-thread-1] INFO org.apache.nifi.processors.standard.RouteText - RouteText[id=38a82a0d-69fc-4d87-a6d1-ec924f6828ee] Routing FlowFile[2052,90491517055575.mockFlowFile,24B] to original
[main] DEBUG org.apache.nifi.processors.standard.RouteText - RouteText[id=38a82a0d-69fc-4d87-a6d1-ec924f6828ee] Adding new dynamic property: PropertyDescriptor[simple]
[pool-3349-thread-1] INFO org.apache.nifi.processors.standard.RouteText - RouteText[id=38a82a0d-69fc-4d87-a6d1-ec924f6828ee] Created FlowFile[2055,90491517391016.mockFlowFile,24B] from FlowFile[2054,90491517391016.mockFlowFile,24B]; routing to relationship simple
[pool-3349-thread-1] INFO org.apache.nifi.processors.standard.RouteText - RouteText[id=38a82a0d-69fc-4d87-a6d1-ec924f6828ee] Routing FlowFile[2054,90491517391016.mockFlowFile,24B] to original
[main] DEBUG org.apache.nifi.processors.standard.RouteText - RouteText[id=38a82a0d-69fc-4d87-a6d1-ec924f6828ee] Adding new dynamic property: PropertyDescriptor[simple]
[pool-3350-thread-1] INFO org.apache.nifi.processors.standard.RouteText - RouteText[id=38a82a0d-69fc-4d87-a6d1-ec924f6828ee] Created FlowFile[2057,90491517735300.mockFlowFile,24B] from FlowFile[2056,90491517735300.mockFlowFile,24B]; routing to relationship simple
[pool-3350-thread-1] INFO org.apache.nifi.processors.standard.RouteText - RouteText[id=38a82a0d-69fc-4d87-a6d1-ec924f6828ee] Routing FlowFile[2056,90491517735300.mockFlowFile,24B] to original
[main] DEBUG org.apache.nifi.processors.standard.RouteText - RouteText[id=38a82a0d-69fc-4d87-a6d1-ec924f6828ee] Adding new dynamic property: PropertyDescriptor[simple]
[pool-3351-thread-1] INFO org.apache.nifi.processors.standard.RouteText - RouteText[id=38a82a0d-69fc-4d87-a6d1-ec924f6828ee] Created FlowFile[2059,90491518095064.mockFlowFile,24B] from FlowFile[2058,90491518095064.mockFlowFile,24B]; routing to relationship simple
[pool-3351-thread-1] INFO org.apache.nifi.processors.standard.RouteText - RouteText[id=38a82a0d-69fc-4d87-a6d1-ec924f6828ee] Routing FlowFile[2058,90491518095064.mockFlowFile,24B] to original
[main] DEBUG org.apache.nifi.processors.standard.RouteText - RouteText[id=38a82a0d-69fc-4d87-a6d1-ec924f6828ee] Adding new dynamic property: PropertyDescriptor[simple]
[pool-3352-thread-1] INFO org.apache.nifi.processors.standard.RouteText - RouteText[id=38a82a0d-69fc-4d87-a6d1-ec924f6828ee] Created FlowFile[2061,90491518498953.mockFlowFile,24B] from FlowFile[2060,90491518498953.mockFlowFile,24B]; routing to relationship simple
[pool-3352-thread-1] INFO org.apache.nifi.processors.standard.RouteText - RouteText[id=38a82a0d-69fc-4d87-a6d1-ec924f6828ee] Routing FlowFile[2060,90491518498953.mockFlowFile,24B] to original
[main] DEBUG org.apache.nifi.processors.standard.RouteText - RouteText[id=38a82a0d-69fc-4d87-a6d1-ec924f6828ee] Adding new dynamic property: PropertyDescriptor[simple]
[pool-3353-thread-1] INFO org.apache.nifi.processors.standard.RouteText - RouteText[id=38a82a0d-69fc-4d87-a6d1-ec924f6828ee] Created FlowFile[2063,90491518792592.mockFlowFile,24B] from FlowFile[2062,90491518792592.mockFlowFile,24B]; routing to relationship simple
[pool-3353-thread-1] INFO org.apache.nifi.processors.standard.RouteText - RouteText[id=38a82a0d-69fc-4d87-a6d1-ec924f6828ee] Routing FlowFile[2062,90491518792592.mockFlowFile,24B] to original
[main] DEBUG org.apache.nifi.processors.standard.RouteText - RouteText[id=38a82a0d-69fc-4d87-a6d1-ec924f6828ee] Adding new dynamic property: PropertyDescriptor[simple]
[pool-3354-thread-1] INFO org.apache.nifi.processors.standard.RouteText - RouteText[id=38a82a0d-69fc-4d87-a6d1-ec924f6828ee] Created FlowFile[2065,90491519147344.mockFlowFile,24B] from FlowFile[2064,90491519147344.mockFlowFile,24B]; routing to relationship simple
[pool-3354-thread-1] INFO org.apache.nifi.processors.standard.RouteText - RouteText[id=38a82a0d-69fc-4d87-a6d1-ec924f6828ee] Routing FlowFile[2064,90491519147344.mockFlowFile,24B] to original
[main] DEBUG org.apache.nifi.processors.standard.RouteText - RouteText[id=38a82a0d-69fc-4d87-a6d1-ec924f6828ee] Adding new dynamic property: PropertyDescriptor[simple]
[pool-3355-thread-1] INFO org.apache.nifi.processors.standard.RouteText - RouteText[id=38a82a0d-69fc-4d87-a6d1-ec924f6828ee] Created FlowFile[2067,90491519611877.mockFlowFile,24B] from FlowFile[2066,90491519611877.mockFlowFile,24B]; routing to relationship simple
[pool-3355-thread-1] INFO org.apache.nifi.processors.standard.RouteText - RouteText[id=38a82a0d-69fc-4d87-a6d1-ec924f6828ee] Routing FlowFile[2066,90491519611877.mockFlowFile,24B] to original
[main] DEBUG org.apache.nifi.processors.standard.RouteText - RouteText[id=38a82a0d-69fc-4d87-a6d1-ec924f6828ee] Adding new dynamic property: PropertyDescriptor[simple]
[pool-3356-thread-1] INFO org.apache.nifi.processors.standard.RouteText - RouteText[id=38a82a0d-69fc-4d87-a6d1-ec924f6828ee] Created FlowFile[2069,90491519896243.mockFlowFile,24B] from FlowFile[2068,90491519896243.mockFlowFile,24B]; routing to relationship simple
[pool-3356-thread-1] INFO org.apache.nifi.processors.standard.RouteText - RouteText[id=38a82a0d-69fc-4d87-a6d1-ec924f6828ee] Routing FlowFile[2068,90491519896243.mockFlowFile,24B] to original
[main] DEBUG org.apache.nifi.processors.standard.RouteText - RouteText[id=38a82a0d-69fc-4d87-a6d1-ec924f6828ee] Adding new dynamic property: PropertyDescriptor[simple]
[pool-3357-thread-1] INFO org.apache.nifi.processors.standard.RouteText - RouteText[id=38a82a0d-69fc-4d87-a6d1-ec924f6828ee] Created FlowFile[2071,90491520407646.mockFlowFile,24B] from FlowFile[2070,90491520407646.mockFlowFile,24B]; routing to relationship simple
[pool-3357-thread-1] INFO org.apache.nifi.processors.standard.RouteText - RouteText[id=38a82a0d-69fc-4d87-a6d1-ec924f6828ee] Routing FlowFile[2070,90491520407646.mockFlowFile,24B] to original
[main] DEBUG org.apache.nifi.processors.standard.RouteText - RouteText[id=38a82a0d-69fc-4d87-a6d1-ec924f6828ee] Adding new dynamic property: PropertyDescriptor[simple]
[pool-3358-thread-1] INFO org.apache.nifi.processors.standard.RouteText - RouteText[id=38a82a0d-69fc-4d87-a6d1-ec924f6828ee] Created FlowFile[2073,90491520840422.mockFlowFile,24B] from FlowFile[2072,90491520840422.mockFlowFile,24B]; routing to relationship simple
[pool-3358-thread-1] INFO org.apache.nifi.processors.standard.RouteText - RouteText[id=38a82a0d-69fc-4d87-a6d1-ec924f6828ee] Routing FlowFile[2072,90491520840422.mockFlowFile,24B] to original
[main] DEBUG org.apache.nifi.processors.standard.RouteText - RouteText[id=38a82a0d-69fc-4d87-a6d1-ec924f6828ee] Adding new dynamic property: PropertyDescriptor[simple]
[pool-3359-thread-1] INFO org.apache.nifi.processors.standard.RouteText - RouteText[id=38a82a0d-69fc-4d87-a6d1-ec924f6828ee] Created FlowFile[2075,90491521285519.mockFlowFile,24B] from FlowFile[2074,90491521285519.mockFlowFile,24B]; routing to relationship simple
[pool-3359-thread-1] INFO org.apache.nifi.processors.standard.RouteText - RouteText[id=38a82a0d-69fc-4d87-a6d1-ec924f6828ee] Routing FlowFile[2074,90491521285519.mockFlowFile,24B] to original
[main] DEBUG org.apache.nifi.processors.standard.RouteText - RouteText[id=38a82a0d-69fc-4d87-a6d1-ec924f6828ee] Adding new dynamic property: PropertyDescriptor[simple]
[pool-3360-thread-1] INFO org.apache.nifi.processors.standard.RouteText - RouteText[id=38a82a0d-69fc-4d87-a6d1-ec924f6828ee] Created FlowFile[2077,90491521703905.mockFlowFile,24B] from FlowFile[2076,90491521703905.mockFlowFile,24B]; routing to relationship simple
[pool-3360-thread-1] INFO org.apache.nifi.processors.standard.RouteText - RouteText[id=38a82a0d-69fc-4d87-a6d1-ec924f6828ee] Routing FlowFile[2076,90491521703905.mockFlowFile,24B] to original
[main] DEBUG org.apache.nifi.processors.standard.RouteText - RouteText[id=38a82a0d-69fc-4d87-a6d1-ec924f6828ee] Adding new dynamic property: PropertyDescriptor[simple]
[pool-3361-thread-1] INFO org.apache.nifi.processors.standard.RouteText - RouteText[id=38a82a0d-69fc-4d87-a6d1-ec924f6828ee] Created FlowFile[2079,90491521982107.mockFlowFile,24B] from FlowFile[2078,90491521982107.mockFlowFile,24B]; routing to relationship simple
[pool-3361-thread-1] INFO org.apache.nifi.processors.standard.RouteText - RouteText[id=38a82a0d-69fc-4d87-a6d1-ec924f6828ee] Routing FlowFile[2078,90491521982107.mockFlowFile,24B] to original
[main] DEBUG org.apache.nifi.processors.standard.RouteText - RouteText[id=38a82a0d-69fc-4d87-a6d1-ec924f6828ee] Adding new dynamic property: PropertyDescriptor[simple]
[pool-3362-thread-1] INFO org.apache.nifi.processors.standard.RouteText - RouteText[id=38a82a0d-69fc-4d87-a6d1-ec924f6828ee] Created FlowFile[2081,90491522243811.mockFlowFile,24B] from FlowFile[2080,90491522243811.mockFlowFile,24B]; routing to relationship simple
[pool-3362-thread-1] INFO org.apache.nifi.processors.standard.RouteText - RouteText[id=38a82a0d-69fc-4d87-a6d1-ec924f6828ee] Routing FlowFile[2080,90491522243811.mockFlowFile,24B] to original
[main] DEBUG org.apache.nifi.processors.standard.RouteText - RouteText[id=38a82a0d-69fc-4d87-a6d1-ec924f6828ee] Adding new dynamic property: PropertyDescriptor[simple]
[pool-3363-thread-1] INFO org.apache.nifi.processors.standard.RouteText - RouteText[id=38a82a0d-69fc-4d87-a6d1-ec924f6828ee] Created FlowFile[2083,90491522532439.mockFlowFile,24B] from FlowFile[2082,90491522532439.mockFlowFile,24B]; routing to relationship simple
[pool-3363-thread-1] INFO org.apache.nifi.processors.standard.RouteText - RouteText[id=38a82a0d-69fc-4d87-a6d1-ec924f6828ee] Routing FlowFile[2082,90491522532439.mockFlowFile,24B] to original
[main] DEBUG org.apache.nifi.processors.standard.RouteText - RouteText[id=38a82a0d-69fc-4d87-a6d1-ec924f6828ee] Adding new dynamic property: PropertyDescriptor[simple]
[pool-3364-thread-1] INFO org.apache.nifi.processors.standard.RouteText - RouteText[id=38a82a0d-69fc-4d87-a6d1-ec924f6828ee] Created FlowFile[2085,90491522825525.mockFlowFile,24B] from FlowFile[2084,90491522825525.mockFlowFile,24B]; routing to relationship simple
[pool-3364-thread-1] INFO org.apache.nifi.processors.standard.RouteText - RouteText[id=38a82a0d-69fc-4d87-a6d1-ec924f6828ee] Routing FlowFile[2084,90491522825525.mockFlowFile,24B] to original
[main] DEBUG org.apache.nifi.processors.standard.RouteText - RouteText[id=38a82a0d-69fc-4d87-a6d1-ec924f6828ee] Adding new dynamic property: PropertyDescriptor[simple]
[pool-3365-thread-1] INFO org.apache.nifi.processors.standard.RouteText - RouteText[id=38a82a0d-69fc-4d87-a6d1-ec924f6828ee] Created FlowFile[2087,90491523123719.mockFlowFile,24B] from FlowFile[2086,90491523123719.mockFlowFile,24B]; routing to relationship simple
[pool-3365-thread-1] INFO org.apache.nifi.processors.standard.RouteText - RouteText[id=38a82a0d-69fc-4d87-a6d1-ec924f6828ee] Routing FlowFile[2086,90491523123719.mockFlowFile,24B] to original
[main] DEBUG org.apache.nifi.processors.standard.RouteText - RouteText[id=38a82a0d-69fc-4d87-a6d1-ec924f6828ee] Adding new dynamic property: PropertyDescriptor[simple]
[pool-3366-thread-1] INFO org.apache.nifi.processors.standard.RouteText - RouteText[id=38a82a0d-69fc-4d87-a6d1-ec924f6828ee] Created FlowFile[2089,90491523509745.mockFlowFile,24B] from FlowFile[2088,90491523509745.mockFlowFile,24B]; routing to relationship simple
[pool-3366-thread-1] INFO org.apache.nifi.processors.standard.RouteText - RouteText[id=38a82a0d-69fc-4d87-a6d1-ec924f6828ee] Routing FlowFile[2088,90491523509745.mockFlowFile,24B] to original
[main] DEBUG org.apache.nifi.processors.standard.RouteText - RouteText[id=38a82a0d-69fc-4d87-a6d1-ec924f6828ee] Adding new dynamic property: PropertyDescriptor[simple]
[pool-3367-thread-1] INFO org.apache.nifi.processors.standard.RouteText - RouteText[id=38a82a0d-69fc-4d87-a6d1-ec924f6828ee] Created FlowFile[2091,90491523809695.mockFlowFile,24B] from FlowFile[2090,90491523809695.mockFlowFile,24B]; routing to relationship simple
[pool-3367-thread-1] INFO org.apache.nifi.processors.standard.RouteText - RouteText[id=38a82a0d-69fc-4d87-a6d1-ec924f6828ee] Routing FlowFile[2090,90491523809695.mockFlowFile,24B] to original
[main] DEBUG org.apache.nifi.processors.standard.RouteText - RouteText[id=38a82a0d-69fc-4d87-a6d1-ec924f6828ee] Adding new dynamic property: PropertyDescriptor[simple]
[pool-3368-thread-1] INFO org.apache.nifi.processors.standard.RouteText - RouteText[id=38a82a0d-69fc-4d87-a6d1-ec924f6828ee] Created FlowFile[2093,90491524308881.mockFlowFile,24B] from FlowFile[2092,90491524308881.mockFlowFile,24B]; routing to relationship simple
[pool-3368-thread-1] INFO org.apache.nifi.processors.standard.RouteText - RouteText[id=38a82a0d-69fc-4d87-a6d1-ec924f6828ee] Routing FlowFile[2092,90491524308881.mockFlowFile,24B] to original
[main] DEBUG org.apache.nifi.processors.standard.RouteText - RouteText[id=38a82a0d-69fc-4d87-a6d1-ec924f6828ee] Adding new dynamic property: PropertyDescriptor[simple]
[pool-3369-thread-1] INFO org.apache.nifi.processors.standard.RouteText - RouteText[id=38a82a0d-69fc-4d87-a6d1-ec924f6828ee] Created FlowFile[2095,90491524783827.mockFlowFile,24B] from FlowFile[2094,90491524783827.mockFlowFile,24B]; routing to relationship simple
[pool-3369-thread-1] INFO org.apache.nifi.processors.standard.RouteText - RouteText[id=38a82a0d-69fc-4d87-a6d1-ec924f6828ee] Routing FlowFile[2094,90491524783827.mockFlowFile,24B] to original
[main] DEBUG org.apache.nifi.processors.standard.RouteText - RouteText[id=38a82a0d-69fc-4d87-a6d1-ec924f6828ee] Adding new dynamic property: PropertyDescriptor[simple]
[pool-3370-thread-1] INFO org.apache.nifi.processors.standard.RouteText - RouteText[id=38a82a0d-69fc-4d87-a6d1-ec924f6828ee] Created FlowFile[2097,90491525221208.mockFlowFile,24B] from FlowFile[2096,90491525221208.mockFlowFile,24B]; routing to relationship simple
[pool-3370-thread-1] INFO org.apache.nifi.processors.standard.RouteText - RouteText[id=38a82a0d-69fc-4d87-a6d1-ec924f6828ee] Routing FlowFile[2096,90491525221208.mockFlowFile,24B] to original
[main] DEBUG org.apache.nifi.processors.standard.RouteText - RouteText[id=38a82a0d-69fc-4d87-a6d1-ec924f6828ee] Adding new dynamic property: PropertyDescriptor[simple]
[pool-3371-thread-1] INFO org.apache.nifi.processors.standard.RouteText - RouteText[id=38a82a0d-69fc-4d87-a6d1-ec924f6828ee] Created FlowFile[2099,90491525540228.mockFlowFile,24B] from FlowFile[2098,90491525540228.mockFlowFile,24B]; routing to relationship simple
[pool-3371-thread-1] INFO org.apache.nifi.processors.standard.RouteText - RouteText[id=38a82a0d-69fc-4d87-a6d1-ec924f6828ee] Routing FlowFile[2098,90491525540228.mockFlowFile,24B] to original
[main] DEBUG org.apache.nifi.processors.standard.RouteText - RouteText[id=38a82a0d-69fc-4d87-a6d1-ec924f6828ee] Adding new dynamic property: PropertyDescriptor[simple]
[pool-3372-thread-1] INFO org.apache.nifi.processors.standard.RouteText - RouteText[id=38a82a0d-69fc-4d87-a6d1-ec924f6828ee] Created FlowFile[2101,90491525904579.mockFlowFile,24B] from FlowFile[2100,90491525904579.mockFlowFile,24B]; routing to relationship simple
[pool-3372-thread-1] INFO org.apache.nifi.processors.standard.RouteText - RouteText[id=38a82a0d-69fc-4d87-a6d1-ec924f6828ee] Routing FlowFile[2100,90491525904579.mockFlowFile,24B] to original
[main] DEBUG org.apache.nifi.processors.standard.RouteText - RouteText[id=38a82a0d-69fc-4d87-a6d1-ec924f6828ee] Adding new dynamic property: PropertyDescriptor[simple]
[pool-3373-thread-1] INFO org.apache.nifi.processors.standard.RouteText - RouteText[id=38a82a0d-69fc-4d87-a6d1-ec924f6828ee] Created FlowFile[2103,90491526224966.mockFlowFile,24B] from FlowFile[2102,90491526224966.mockFlowFile,24B]; routing to relationship simple
[pool-3373-thread-1] INFO org.apache.nifi.processors.standard.RouteText - RouteText[id=38a82a0d-69fc-4d87-a6d1-ec924f6828ee] Routing FlowFile[2102,90491526224966.mockFlowFile,24B] to original
[main] DEBUG org.apache.nifi.processors.standard.RouteText - RouteText[id=38a82a0d-69fc-4d87-a6d1-ec924f6828ee] Adding new dynamic property: PropertyDescriptor[simple]
[pool-3374-thread-1] INFO org.apache.nifi.processors.standard.RouteText - RouteText[id=38a82a0d-69fc-4d87-a6d1-ec924f6828ee] Created FlowFile[2105,90491526541624.mockFlowFile,24B] from FlowFile[2104,90491526541624.mockFlowFile,24B]; routing to relationship simple
[pool-3374-thread-1] INFO org.apache.nifi.processors.standard.RouteText - RouteText[id=38a82a0d-69fc-4d87-a6d1-ec924f6828ee] Routing FlowFile[2104,90491526541624.mockFlowFile,24B] to original
[main] DEBUG org.apache.nifi.processors.standard.RouteText - RouteText[id=38a82a0d-69fc-4d87-a6d1-ec924f6828ee] Adding new dynamic property: PropertyDescriptor[simple]
[pool-3375-thread-1] INFO org.apache.nifi.processors.standard.RouteText - RouteText[id=38a82a0d-69fc-4d87-a6d1-ec924f6828ee] Created FlowFile[2107,90491526870502.mockFlowFile,24B] from FlowFile[2106,90491526870502.mockFlowFile,24B]; routing to relationship simple
[pool-3375-thread-1] INFO org.apache.nifi.processors.standard.RouteText - RouteText[id=38a82a0d-69fc-4d87-a6d1-ec924f6828ee] Routing FlowFile[2106,90491526870502.mockFlowFile,24B] to original
[main] DEBUG org.apache.nifi.processors.standard.RouteText - RouteText[id=38a82a0d-69fc-4d87-a6d1-ec924f6828ee] Adding new dynamic property: PropertyDescriptor[simple]
[pool-3376-thread-1] INFO org.apache.nifi.processors.standard.RouteText - RouteText[id=38a82a0d-69fc-4d87-a6d1-ec924f6828ee] Created FlowFile[2109,90491527293639.mockFlowFile,24B] from FlowFile[2108,90491527293639.mockFlowFile,24B]; routing to relationship simple
[pool-3376-thread-1] INFO org.apache.nifi.processors.standard.RouteText - RouteText[id=38a82a0d-69fc-4d87-a6d1-ec924f6828ee] Routing FlowFile[2108,90491527293639.mockFlowFile,24B] to original
[main] DEBUG org.apache.nifi.processors.standard.RouteText - RouteText[id=38a82a0d-69fc-4d87-a6d1-ec924f6828ee] Adding new dynamic property: PropertyDescriptor[simple]
[pool-3377-thread-1] INFO org.apache.nifi.processors.standard.RouteText - RouteText[id=38a82a0d-69fc-4d87-a6d1-ec924f6828ee] Created FlowFile[2111,90491527617500.mockFlowFile,24B] from FlowFile[2110,90491527617500.mockFlowFile,24B]; routing to relationship simple
[pool-3377-thread-1] INFO org.apache.nifi.processors.standard.RouteText - RouteText[id=38a82a0d-69fc-4d87-a6d1-ec924f6828ee] Routing FlowFile[2110,90491527617500.mockFlowFile,24B] to original
[main] DEBUG org.apache.nifi.processors.standard.RouteText - RouteText[id=38a82a0d-69fc-4d87-a6d1-ec924f6828ee] Adding new dynamic property: PropertyDescriptor[simple]
[pool-3378-thread-1] INFO org.apache.nifi.processors.standard.RouteText - RouteText[id=38a82a0d-69fc-4d87-a6d1-ec924f6828ee] Created FlowFile[2113,90491527930185.mockFlowFile,24B] from FlowFile[2112,90491527930185.mockFlowFile,24B]; routing to relationship simple
[pool-3378-thread-1] INFO org.apache.nifi.processors.standard.RouteText - RouteText[id=38a82a0d-69fc-4d87-a6d1-ec924f6828ee] Routing FlowFile[2112,90491527930185.mockFlowFile,24B] to original
[main] DEBUG org.apache.nifi.processors.standard.RouteText - RouteText[id=38a82a0d-69fc-4d87-a6d1-ec924f6828ee] Adding new dynamic property: PropertyDescriptor[simple]
[pool-3379-thread-1] INFO org.apache.nifi.processors.standard.RouteText - RouteText[id=38a82a0d-69fc-4d87-a6d1-ec924f6828ee] Created FlowFile[2115,90491528396846.mockFlowFile,24B] from FlowFile[2114,90491528396846.mockFlowFile,24B]; routing to relationship simple
[pool-3379-thread-1] INFO org.apache.nifi.processors.standard.RouteText - RouteText[id=38a82a0d-69fc-4d87-a6d1-ec924f6828ee] Routing FlowFile[2114,90491528396846.mockFlowFile,24B] to original
[main] DEBUG org.apache.nifi.processors.standard.RouteText - RouteText[id=38a82a0d-69fc-4d87-a6d1-ec924f6828ee] Adding new dynamic property: PropertyDescriptor[simple]
[pool-3380-thread-1] INFO org.apache.nifi.processors.standard.RouteText - RouteText[id=38a82a0d-69fc-4d87-a6d1-ec924f6828ee] Created FlowFile[2117,90491529000373.mockFlowFile,24B] from FlowFile[2116,90491529000373.mockFlowFile,24B]; routing to relationship simple
[pool-3380-thread-1] INFO org.apache.nifi.processors.standard.RouteText - RouteText[id=38a82a0d-69fc-4d87-a6d1-ec924f6828ee] Routing FlowFile[2116,90491529000373.mockFlowFile,24B] to original
[main] DEBUG org.apache.nifi.processors.standard.RouteText - RouteText[id=38a82a0d-69fc-4d87-a6d1-ec924f6828ee] Adding new dynamic property: PropertyDescriptor[simple]
[pool-3381-thread-1] INFO org.apache.nifi.processors.standard.RouteText - RouteText[id=38a82a0d-69fc-4d87-a6d1-ec924f6828ee] Created FlowFile[2119,90491529421507.mockFlowFile,24B] from FlowFile[2118,90491529421507.mockFlowFile,24B]; routing to relationship simple
[pool-3381-thread-1] INFO org.apache.nifi.processors.standard.RouteText - RouteText[id=38a82a0d-69fc-4d87-a6d1-ec924f6828ee] Routing FlowFile[2118,90491529421507.mockFlowFile,24B] to original
[main] DEBUG org.apache.nifi.processors.standard.RouteText - RouteText[id=38a82a0d-69fc-4d87-a6d1-ec924f6828ee] Adding new dynamic property: PropertyDescriptor[simple]
[pool-3382-thread-1] INFO org.apache.nifi.processors.standard.RouteText - RouteText[id=38a82a0d-69fc-4d87-a6d1-ec924f6828ee] Created FlowFile[2121,90491529818699.mockFlowFile,24B] from FlowFile[2120,90491529818699.mockFlowFile,24B]; routing to relationship simple
[pool-3382-thread-1] INFO org.apache.nifi.processors.standard.RouteText - RouteText[id=38a82a0d-69fc-4d87-a6d1-ec924f6828ee] Routing FlowFile[2120,90491529818699.mockFlowFile,24B] to original
[main] DEBUG org.apache.nifi.processors.standard.RouteText - RouteText[id=38a82a0d-69fc-4d87-a6d1-ec924f6828ee] Adding new dynamic property: PropertyDescriptor[simple]
[pool-3383-thread-1] INFO org.apache.nifi.processors.standard.RouteText - RouteText[id=38a82a0d-69fc-4d87-a6d1-ec924f6828ee] Created FlowFile[2123,90491530119084.mockFlowFile,24B] from FlowFile[2122,90491530119084.mockFlowFile,24B]; routing to relationship simple
[pool-3383-thread-1] INFO org.apache.nifi.processors.standard.RouteText - RouteText[id=38a82a0d-69fc-4d87-a6d1-ec924f6828ee] Routing FlowFile[2122,90491530119084.mockFlowFile,24B] to original
[main] DEBUG org.apache.nifi.processors.standard.RouteText - RouteText[id=38a82a0d-69fc-4d87-a6d1-ec924f6828ee] Adding new dynamic property: PropertyDescriptor[simple]
[pool-3384-thread-1] INFO org.apache.nifi.processors.standard.RouteText - RouteText[id=38a82a0d-69fc-4d87-a6d1-ec924f6828ee] Created FlowFile[2125,90491530408040.mockFlowFile,24B] from FlowFile[2124,90491530408040.mockFlowFile,24B]; routing to relationship simple
[pool-3384-thread-1] INFO org.apache.nifi.processors.standard.RouteText - RouteText[id=38a82a0d-69fc-4d87-a6d1-ec924f6828ee] Routing FlowFile[2124,90491530408040.mockFlowFile,24B] to original
[main] DEBUG org.apache.nifi.processors.standard.RouteText - RouteText[id=38a82a0d-69fc-4d87-a6d1-ec924f6828ee] Adding new dynamic property: PropertyDescriptor[simple]
[pool-3385-thread-1] INFO org.apache.nifi.processors.standard.RouteText - RouteText[id=38a82a0d-69fc-4d87-a6d1-ec924f6828ee] Created FlowFile[2127,90491530696986.mockFlowFile,24B] from FlowFile[2126,90491530696986.mockFlowFile,24B]; routing to relationship simple
[pool-3385-thread-1] INFO org.apache.nifi.processors.standard.RouteText - RouteText[id=38a82a0d-69fc-4d87-a6d1-ec924f6828ee] Routing FlowFile[2126,90491530696986.mockFlowFile,24B] to original
[main] DEBUG org.apache.nifi.processors.standard.RouteText - RouteText[id=38a82a0d-69fc-4d87-a6d1-ec924f6828ee] Adding new dynamic property: PropertyDescriptor[simple]
[pool-3386-thread-1] INFO org.apache.nifi.processors.standard.RouteText - RouteText[id=38a82a0d-69fc-4d87-a6d1-ec924f6828ee] Created FlowFile[2129,90491531000749.mockFlowFile,24B] from FlowFile[2128,90491531000749.mockFlowFile,24B]; routing to relationship simple
[pool-3386-thread-1] INFO org.apache.nifi.processors.standard.RouteText - RouteText[id=38a82a0d-69fc-4d87-a6d1-ec924f6828ee] Routing FlowFile[2128,90491531000749.mockFlowFile,24B] to original
[main] DEBUG org.apache.nifi.processors.standard.RouteText - RouteText[id=38a82a0d-69fc-4d87-a6d1-ec924f6828ee] Adding new dynamic property: PropertyDescriptor[simple]
[pool-3387-thread-1] INFO org.apache.nifi.processors.standard.RouteText - RouteText[id=38a82a0d-69fc-4d87-a6d1-ec924f6828ee] Created FlowFile[2131,90491531340775.mockFlowFile,24B] from FlowFile[2130,90491531340775.mockFlowFile,24B]; routing to relationship simple
[pool-3387-thread-1] INFO org.apache.nifi.processors.standard.RouteText - RouteText[id=38a82a0d-69fc-4d87-a6d1-ec924f6828ee] Routing FlowFile[2130,90491531340775.mockFlowFile,24B] to original
[main] DEBUG org.apache.nifi.processors.standard.RouteText - RouteText[id=38a82a0d-69fc-4d87-a6d1-ec924f6828ee] Adding new dynamic property: PropertyDescriptor[simple]
[pool-3388-thread-1] INFO org.apache.nifi.processors.standard.RouteText - RouteText[id=38a82a0d-69fc-4d87-a6d1-ec924f6828ee] Created FlowFile[2133,90491531642208.mockFlowFile,24B] from FlowFile[2132,90491531642208.mockFlowFile,24B]; routing to relationship simple
[pool-3388-thread-1] INFO org.apache.nifi.processors.standard.RouteText - RouteText[id=38a82a0d-69fc-4d87-a6d1-ec924f6828ee] Routing FlowFile[2132,90491531642208.mockFlowFile,24B] to original
[main] DEBUG org.apache.nifi.processors.standard.RouteText - RouteText[id=38a82a0d-69fc-4d87-a6d1-ec924f6828ee] Adding new dynamic property: PropertyDescriptor[simple]
[pool-3389-thread-1] INFO org.apache.nifi.processors.standard.RouteText - RouteText[id=38a82a0d-69fc-4d87-a6d1-ec924f6828ee] Created FlowFile[2135,90491531936257.mockFlowFile,24B] from FlowFile[2134,90491531936257.mockFlowFile,24B]; routing to relationship simple
[pool-3389-thread-1] INFO org.apache.nifi.processors.standard.RouteText - RouteText[id=38a82a0d-69fc-4d87-a6d1-ec924f6828ee] Routing FlowFile[2134,90491531936257.mockFlowFile,24B] to original
[main] DEBUG org.apache.nifi.processors.standard.RouteText - RouteText[id=38a82a0d-69fc-4d87-a6d1-ec924f6828ee] Adding new dynamic property: PropertyDescriptor[simple]
[pool-3390-thread-1] INFO org.apache.nifi.processors.standard.RouteText - RouteText[id=38a82a0d-69fc-4d87-a6d1-ec924f6828ee] Created FlowFile[2137,90491532354793.mockFlowFile,24B] from FlowFile[2136,90491532354793.mockFlowFile,24B]; routing to relationship simple
[pool-3390-thread-1] INFO org.apache.nifi.processors.standard.RouteText - RouteText[id=38a82a0d-69fc-4d87-a6d1-ec924f6828ee] Routing FlowFile[2136,90491532354793.mockFlowFile,24B] to original
[main] DEBUG org.apache.nifi.processors.standard.RouteText - RouteText[id=38a82a0d-69fc-4d87-a6d1-ec924f6828ee] Adding new dynamic property: PropertyDescriptor[simple]
[pool-3391-thread-1] INFO org.apache.nifi.processors.standard.RouteText - RouteText[id=38a82a0d-69fc-4d87-a6d1-ec924f6828ee] Created FlowFile[2139,90491532681603.mockFlowFile,24B] from FlowFile[2138,90491532681603.mockFlowFile,24B]; routing to relationship simple
[pool-3391-thread-1] INFO org.apache.nifi.processors.standard.RouteText - RouteText[id=38a82a0d-69fc-4d87-a6d1-ec924f6828ee] Routing FlowFile[2138,90491532681603.mockFlowFile,24B] to original
[main] DEBUG org.apache.nifi.processors.standard.RouteText - RouteText[id=38a82a0d-69fc-4d87-a6d1-ec924f6828ee] Adding new dynamic property: PropertyDescriptor[simple]
[pool-3392-thread-1] INFO org.apache.nifi.processors.standard.RouteText - RouteText[id=38a82a0d-69fc-4d87-a6d1-ec924f6828ee] Created FlowFile[2141,90491532990785.mockFlowFile,24B] from FlowFile[2140,90491532990785.mockFlowFile,24B]; routing to relationship simple
[pool-3392-thread-1] INFO org.apache.nifi.processors.standard.RouteText - RouteText[id=38a82a0d-69fc-4d87-a6d1-ec924f6828ee] Routing FlowFile[2140,90491532990785.mockFlowFile,24B] to original
[main] DEBUG org.apache.nifi.processors.standard.RouteText - RouteText[id=38a82a0d-69fc-4d87-a6d1-ec924f6828ee] Adding new dynamic property: PropertyDescriptor[simple]
[pool-3393-thread-1] INFO org.apache.nifi.processors.standard.RouteText - RouteText[id=38a82a0d-69fc-4d87-a6d1-ec924f6828ee] Created FlowFile[2143,90491533290908.mockFlowFile,24B] from FlowFile[2142,90491533290908.mockFlowFile,24B]; routing to relationship simple
[pool-3393-thread-1] INFO org.apache.nifi.processors.standard.RouteText - RouteText[id=38a82a0d-69fc-4d87-a6d1-ec924f6828ee] Routing FlowFile[2142,90491533290908.mockFlowFile,24B] to original
[main] DEBUG org.apache.nifi.processors.standard.RouteText - RouteText[id=38a82a0d-69fc-4d87-a6d1-ec924f6828ee] Adding new dynamic property: PropertyDescriptor[simple]
[pool-3394-thread-1] INFO org.apache.nifi.processors.standard.RouteText - RouteText[id=38a82a0d-69fc-4d87-a6d1-ec924f6828ee] Created FlowFile[2145,90491533583933.mockFlowFile,24B] from FlowFile[2144,90491533583933.mockFlowFile,24B]; routing to relationship simple
[pool-3394-thread-1] INFO org.apache.nifi.processors.standard.RouteText - RouteText[id=38a82a0d-69fc-4d87-a6d1-ec924f6828ee] Routing FlowFile[2144,90491533583933.mockFlowFile,24B] to original
[main] DEBUG org.apache.nifi.processors.standard.RouteText - RouteText[id=38a82a0d-69fc-4d87-a6d1-ec924f6828ee] Adding new dynamic property: PropertyDescriptor[simple]
[pool-3395-thread-1] INFO org.apache.nifi.processors.standard.RouteText - RouteText[id=38a82a0d-69fc-4d87-a6d1-ec924f6828ee] Created FlowFile[2147,90491533866225.mockFlowFile,24B] from FlowFile[2146,90491533866225.mockFlowFile,24B]; routing to relationship simple
[pool-3395-thread-1] INFO org.apache.nifi.processors.standard.RouteText - RouteText[id=38a82a0d-69fc-4d87-a6d1-ec924f6828ee] Routing FlowFile[2146,90491533866225.mockFlowFile,24B] to original
[main] DEBUG org.apache.nifi.processors.standard.RouteText - RouteText[id=38a82a0d-69fc-4d87-a6d1-ec924f6828ee] Adding new dynamic property: PropertyDescriptor[simple]
[pool-3396-thread-1] INFO org.apache.nifi.processors.standard.RouteText - RouteText[id=38a82a0d-69fc-4d87-a6d1-ec924f6828ee] Created FlowFile[2149,90491534149846.mockFlowFile,24B] from FlowFile[2148,90491534149846.mockFlowFile,24B]; routing to relationship simple
[pool-3396-thread-1] INFO org.apache.nifi.processors.standard.RouteText - RouteText[id=38a82a0d-69fc-4d87-a6d1-ec924f6828ee] Routing FlowFile[2148,90491534149846.mockFlowFile,24B] to original
[main] DEBUG org.apache.nifi.processors.standard.RouteText - RouteText[id=38a82a0d-69fc-4d87-a6d1-ec924f6828ee] Adding new dynamic property: PropertyDescriptor[simple]
[pool-3397-thread-1] INFO org.apache.nifi.processors.standard.RouteText - RouteText[id=38a82a0d-69fc-4d87-a6d1-ec924f6828ee] Created FlowFile[2151,90491534443701.mockFlowFile,24B] from FlowFile[2150,90491534443701.mockFlowFile,24B]; routing to relationship simple
[pool-3397-thread-1] INFO org.apache.nifi.processors.standard.RouteText - RouteText[id=38a82a0d-69fc-4d87-a6d1-ec924f6828ee] Routing FlowFile[2150,90491534443701.mockFlowFile,24B] to original
[main] DEBUG org.apache.nifi.processors.standard.RouteText - RouteText[id=38a82a0d-69fc-4d87-a6d1-ec924f6828ee] Adding new dynamic property: PropertyDescriptor[simple]
[pool-3398-thread-1] INFO org.apache.nifi.processors.standard.RouteText - RouteText[id=38a82a0d-69fc-4d87-a6d1-ec924f6828ee] Created FlowFile[2153,90491534723956.mockFlowFile,24B] from FlowFile[2152,90491534723956.mockFlowFile,24B]; routing to relationship simple
[pool-3398-thread-1] INFO org.apache.nifi.processors.standard.RouteText - RouteText[id=38a82a0d-69fc-4d87-a6d1-ec924f6828ee] Routing FlowFile[2152,90491534723956.mockFlowFile,24B] to original
[main] DEBUG org.apache.nifi.processors.standard.RouteText - RouteText[id=38a82a0d-69fc-4d87-a6d1-ec924f6828ee] Adding new dynamic property: PropertyDescriptor[simple]
[pool-3399-thread-1] INFO org.apache.nifi.processors.standard.RouteText - RouteText[id=38a82a0d-69fc-4d87-a6d1-ec924f6828ee] Created FlowFile[2155,90491535013241.mockFlowFile,24B] from FlowFile[2154,90491535013241.mockFlowFile,24B]; routing to relationship simple
[pool-3399-thread-1] INFO org.apache.nifi.processors.standard.RouteText - RouteText[id=38a82a0d-69fc-4d87-a6d1-ec924f6828ee] Routing FlowFile[2154,90491535013241.mockFlowFile,24B] to original
[main] DEBUG org.apache.nifi.processors.standard.RouteText - RouteText[id=38a82a0d-69fc-4d87-a6d1-ec924f6828ee] Adding new dynamic property: PropertyDescriptor[simple]
[pool-3400-thread-1] INFO org.apache.nifi.processors.standard.RouteText - RouteText[id=38a82a0d-69fc-4d87-a6d1-ec924f6828ee] Created FlowFile[2157,90491535314089.mockFlowFile,24B] from FlowFile[2156,90491535314089.mockFlowFile,24B]; routing to relationship simple
[pool-3400-thread-1] INFO org.apache.nifi.processors.standard.RouteText - RouteText[id=38a82a0d-69fc-4d87-a6d1-ec924f6828ee] Routing FlowFile[2156,90491535314089.mockFlowFile,24B] to original
[main] DEBUG org.apache.nifi.processors.standard.RouteText - RouteText[id=38a82a0d-69fc-4d87-a6d1-ec924f6828ee] Adding new dynamic property: PropertyDescriptor[simple]
[pool-3401-thread-1] INFO org.apache.nifi.processors.standard.RouteText - RouteText[id=38a82a0d-69fc-4d87-a6d1-ec924f6828ee] Created FlowFile[2159,90491535638671.mockFlowFile,24B] from FlowFile[2158,90491535638671.mockFlowFile,24B]; routing to relationship simple
[pool-3401-thread-1] INFO org.apache.nifi.processors.standard.RouteText - RouteText[id=38a82a0d-69fc-4d87-a6d1-ec924f6828ee] Routing FlowFile[2158,90491535638671.mockFlowFile,24B] to original
[main] DEBUG org.apache.nifi.processors.standard.RouteText - RouteText[id=38a82a0d-69fc-4d87-a6d1-ec924f6828ee] Adding new dynamic property: PropertyDescriptor[simple]
[pool-3402-thread-1] INFO org.apache.nifi.processors.standard.RouteText - RouteText[id=38a82a0d-69fc-4d87-a6d1-ec924f6828ee] Created FlowFile[2161,90491535957195.mockFlowFile,24B] from FlowFile[2160,90491535957195.mockFlowFile,24B]; routing to relationship simple
[pool-3402-thread-1] INFO org.apache.nifi.processors.standard.RouteText - RouteText[id=38a82a0d-69fc-4d87-a6d1-ec924f6828ee] Routing FlowFile[2160,90491535957195.mockFlowFile,24B] to original
[main] DEBUG org.apache.nifi.processors.standard.RouteText - RouteText[id=38a82a0d-69fc-4d87-a6d1-ec924f6828ee] Adding new dynamic property: PropertyDescriptor[simple]
[pool-3403-thread-1] INFO org.apache.nifi.processors.standard.RouteText - RouteText[id=38a82a0d-69fc-4d87-a6d1-ec924f6828ee] Created FlowFile[2163,90491536337607.mockFlowFile,24B] from FlowFile[2162,90491536337607.mockFlowFile,24B]; routing to relationship simple
[pool-3403-thread-1] INFO org.apache.nifi.processors.standard.RouteText - RouteText[id=38a82a0d-69fc-4d87-a6d1-ec924f6828ee] Routing FlowFile[2162,90491536337607.mockFlowFile,24B] to original
[main] DEBUG org.apache.nifi.processors.standard.RouteText - RouteText[id=38a82a0d-69fc-4d87-a6d1-ec924f6828ee] Adding new dynamic property: PropertyDescriptor[simple]
[pool-3404-thread-1] INFO org.apache.nifi.processors.standard.RouteText - RouteText[id=38a82a0d-69fc-4d87-a6d1-ec924f6828ee] Created FlowFile[2165,90491536673069.mockFlowFile,24B] from FlowFile[2164,90491536673069.mockFlowFile,24B]; routing to relationship simple
[pool-3404-thread-1] INFO org.apache.nifi.processors.standard.RouteText - RouteText[id=38a82a0d-69fc-4d87-a6d1-ec924f6828ee] Routing FlowFile[2164,90491536673069.mockFlowFile,24B] to original
[main] DEBUG org.apache.nifi.processors.standard.RouteText - RouteText[id=38a82a0d-69fc-4d87-a6d1-ec924f6828ee] Adding new dynamic property: PropertyDescriptor[simple]
[pool-3405-thread-1] INFO org.apache.nifi.processors.standard.RouteText - RouteText[id=38a82a0d-69fc-4d87-a6d1-ec924f6828ee] Created FlowFile[2167,90491536988907.mockFlowFile,24B] from FlowFile[2166,90491536988907.mockFlowFile,24B]; routing to relationship simple
[pool-3405-thread-1] INFO org.apache.nifi.processors.standard.RouteText - RouteText[id=38a82a0d-69fc-4d87-a6d1-ec924f6828ee] Routing FlowFile[2166,90491536988907.mockFlowFile,24B] to original
[main] DEBUG org.apache.nifi.processors.standard.RouteText - RouteText[id=38a82a0d-69fc-4d87-a6d1-ec924f6828ee] Adding new dynamic property: PropertyDescriptor[simple]
[pool-3406-thread-1] INFO org.apache.nifi.processors.standard.RouteText - RouteText[id=38a82a0d-69fc-4d87-a6d1-ec924f6828ee] Created FlowFile[2169,90491537308775.mockFlowFile,24B] from FlowFile[2168,90491537308775.mockFlowFile,24B]; routing to relationship simple
[pool-3406-thread-1] INFO org.apache.nifi.processors.standard.RouteText - RouteText[id=38a82a0d-69fc-4d87-a6d1-ec924f6828ee] Routing FlowFile[2168,90491537308775.mockFlowFile,24B] to original
[main] DEBUG org.apache.nifi.processors.standard.RouteText - RouteText[id=38a82a0d-69fc-4d87-a6d1-ec924f6828ee] Adding new dynamic property: PropertyDescriptor[simple]
[pool-3407-thread-1] INFO org.apache.nifi.processors.standard.RouteText - RouteText[id=38a82a0d-69fc-4d87-a6d1-ec924f6828ee] Created FlowFile[2171,90491537628741.mockFlowFile,24B] from FlowFile[2170,90491537628741.mockFlowFile,24B]; routing to relationship simple
[pool-3407-thread-1] INFO org.apache.nifi.processors.standard.RouteText - RouteText[id=38a82a0d-69fc-4d87-a6d1-ec924f6828ee] Routing FlowFile[2170,90491537628741.mockFlowFile,24B] to original
[main] DEBUG org.apache.nifi.processors.standard.RouteText - RouteText[id=38a82a0d-69fc-4d87-a6d1-ec924f6828ee] Adding new dynamic property: PropertyDescriptor[simple]
[pool-3408-thread-1] INFO org.apache.nifi.processors.standard.RouteText - RouteText[id=38a82a0d-69fc-4d87-a6d1-ec924f6828ee] Created FlowFile[2173,90491538039461.mockFlowFile,24B] from FlowFile[2172,90491538039461.mockFlowFile,24B]; routing to relationship simple
[pool-3408-thread-1] INFO org.apache.nifi.processors.standard.RouteText - RouteText[id=38a82a0d-69fc-4d87-a6d1-ec924f6828ee] Routing FlowFile[2172,90491538039461.mockFlowFile,24B] to original
[main] DEBUG org.apache.nifi.processors.standard.RouteText - RouteText[id=38a82a0d-69fc-4d87-a6d1-ec924f6828ee] Adding new dynamic property: PropertyDescriptor[simple]
[pool-3409-thread-1] INFO org.apache.nifi.processors.standard.RouteText - RouteText[id=38a82a0d-69fc-4d87-a6d1-ec924f6828ee] Created FlowFile[2175,90491538612656.mockFlowFile,24B] from FlowFile[2174,90491538612656.mockFlowFile,24B]; routing to relationship simple
[pool-3409-thread-1] INFO org.apache.nifi.processors.standard.RouteText - RouteText[id=38a82a0d-69fc-4d87-a6d1-ec924f6828ee] Routing FlowFile[2174,90491538612656.mockFlowFile,24B] to original
[main] DEBUG org.apache.nifi.processors.standard.RouteText - RouteText[id=38a82a0d-69fc-4d87-a6d1-ec924f6828ee] Adding new dynamic property: PropertyDescriptor[simple]
[pool-3410-thread-1] INFO org.apache.nifi.processors.standard.RouteText - RouteText[id=38a82a0d-69fc-4d87-a6d1-ec924f6828ee] Created FlowFile[2177,90491539168725.mockFlowFile,24B] from FlowFile[2176,90491539168725.mockFlowFile,24B]; routing to relationship simple
[pool-3410-thread-1] INFO org.apache.nifi.processors.standard.RouteText - RouteText[id=38a82a0d-69fc-4d87-a6d1-ec924f6828ee] Routing FlowFile[2176,90491539168725.mockFlowFile,24B] to original
[main] DEBUG org.apache.nifi.processors.standard.RouteText - RouteText[id=38a82a0d-69fc-4d87-a6d1-ec924f6828ee] Adding new dynamic property: PropertyDescriptor[simple]
[pool-3411-thread-1] INFO org.apache.nifi.processors.standard.RouteText - RouteText[id=38a82a0d-69fc-4d87-a6d1-ec924f6828ee] Created FlowFile[2179,90491539718450.mockFlowFile,24B] from FlowFile[2178,90491539718450.mockFlowFile,24B]; routing to relationship simple
[pool-3411-thread-1] INFO org.apache.nifi.processors.standard.RouteText - RouteText[id=38a82a0d-69fc-4d87-a6d1-ec924f6828ee] Routing FlowFile[2178,90491539718450.mockFlowFile,24B] to original
[main] DEBUG org.apache.nifi.processors.standard.RouteText - RouteText[id=38a82a0d-69fc-4d87-a6d1-ec924f6828ee] Adding new dynamic property: PropertyDescriptor[simple]
[pool-3412-thread-1] INFO org.apache.nifi.processors.standard.RouteText - RouteText[id=38a82a0d-69fc-4d87-a6d1-ec924f6828ee] Created FlowFile[2181,90491540266419.mockFlowFile,24B] from FlowFile[2180,90491540266419.mockFlowFile,24B]; routing to relationship simple
[pool-3412-thread-1] INFO org.apache.nifi.processors.standard.RouteText - RouteText[id=38a82a0d-69fc-4d87-a6d1-ec924f6828ee] Routing FlowFile[2180,90491540266419.mockFlowFile,24B] to original
[main] DEBUG org.apache.nifi.processors.standard.RouteText - RouteText[id=38a82a0d-69fc-4d87-a6d1-ec924f6828ee] Adding new dynamic property: PropertyDescriptor[simple]
[pool-3413-thread-1] INFO org.apache.nifi.processors.standard.RouteText - RouteText[id=38a82a0d-69fc-4d87-a6d1-ec924f6828ee] Created FlowFile[2183,90491540794569.mockFlowFile,24B] from FlowFile[2182,90491540794569.mockFlowFile,24B]; routing to relationship simple
[pool-3413-thread-1] INFO org.apache.nifi.processors.standard.RouteText - RouteText[id=38a82a0d-69fc-4d87-a6d1-ec924f6828ee] Routing FlowFile[2182,90491540794569.mockFlowFile,24B] to original
[main] DEBUG org.apache.nifi.processors.standard.RouteText - RouteText[id=38a82a0d-69fc-4d87-a6d1-ec924f6828ee] Adding new dynamic property: PropertyDescriptor[simple]
[pool-3414-thread-1] INFO org.apache.nifi.processors.standard.RouteText - RouteText[id=38a82a0d-69fc-4d87-a6d1-ec924f6828ee] Created FlowFile[2185,90491541302580.mockFlowFile,24B] from FlowFile[2184,90491541302580.mockFlowFile,24B]; routing to relationship simple
[pool-3414-thread-1] INFO org.apache.nifi.processors.standard.RouteText - RouteText[id=38a82a0d-69fc-4d87-a6d1-ec924f6828ee] Routing FlowFile[2184,90491541302580.mockFlowFile,24B] to original
[main] DEBUG org.apache.nifi.processors.standard.RouteText - RouteText[id=38a82a0d-69fc-4d87-a6d1-ec924f6828ee] Adding new dynamic property: PropertyDescriptor[simple]
[pool-3415-thread-1] INFO org.apache.nifi.processors.standard.RouteText - RouteText[id=38a82a0d-69fc-4d87-a6d1-ec924f6828ee] Created FlowFile[2187,90491541729667.mockFlowFile,24B] from FlowFile[2186,90491541729667.mockFlowFile,24B]; routing to relationship simple
[pool-3415-thread-1] INFO org.apache.nifi.processors.standard.RouteText - RouteText[id=38a82a0d-69fc-4d87-a6d1-ec924f6828ee] Routing FlowFile[2186,90491541729667.mockFlowFile,24B] to original
[main] DEBUG org.apache.nifi.processors.standard.RouteText - RouteText[id=38a82a0d-69fc-4d87-a6d1-ec924f6828ee] Adding new dynamic property: PropertyDescriptor[simple]
[pool-3416-thread-1] INFO org.apache.nifi.processors.standard.RouteText - RouteText[id=38a82a0d-69fc-4d87-a6d1-ec924f6828ee] Created FlowFile[2189,90491542174749.mockFlowFile,24B] from FlowFile[2188,90491542174749.mockFlowFile,24B]; routing to relationship simple
[pool-3416-thread-1] INFO org.apache.nifi.processors.standard.RouteText - RouteText[id=38a82a0d-69fc-4d87-a6d1-ec924f6828ee] Routing FlowFile[2188,90491542174749.mockFlowFile,24B] to original
[main] DEBUG org.apache.nifi.processors.standard.RouteText - RouteText[id=38a82a0d-69fc-4d87-a6d1-ec924f6828ee] Adding new dynamic property: PropertyDescriptor[simple]
[pool-3417-thread-1] INFO org.apache.nifi.processors.standard.RouteText - RouteText[id=38a82a0d-69fc-4d87-a6d1-ec924f6828ee] Created FlowFile[2191,90491542610518.mockFlowFile,24B] from FlowFile[2190,90491542610518.mockFlowFile,24B]; routing to relationship simple
[pool-3417-thread-1] INFO org.apache.nifi.processors.standard.RouteText - RouteText[id=38a82a0d-69fc-4d87-a6d1-ec924f6828ee] Routing FlowFile[2190,90491542610518.mockFlowFile,24B] to original
[main] DEBUG org.apache.nifi.processors.standard.RouteText - RouteText[id=38a82a0d-69fc-4d87-a6d1-ec924f6828ee] Adding new dynamic property: PropertyDescriptor[simple]
[pool-3418-thread-1] INFO org.apache.nifi.processors.standard.RouteText - RouteText[id=38a82a0d-69fc-4d87-a6d1-ec924f6828ee] Created FlowFile[2193,90491543035998.mockFlowFile,24B] from FlowFile[2192,90491543035998.mockFlowFile,24B]; routing to relationship simple
[pool-3418-thread-1] INFO org.apache.nifi.processors.standard.RouteText - RouteText[id=38a82a0d-69fc-4d87-a6d1-ec924f6828ee] Routing FlowFile[2192,90491543035998.mockFlowFile,24B] to original
[main] DEBUG org.apache.nifi.processors.standard.RouteText - RouteText[id=38a82a0d-69fc-4d87-a6d1-ec924f6828ee] Adding new dynamic property: PropertyDescriptor[simple]
[pool-3419-thread-1] INFO org.apache.nifi.processors.standard.RouteText - RouteText[id=38a82a0d-69fc-4d87-a6d1-ec924f6828ee] Created FlowFile[2195,90491543577775.mockFlowFile,24B] from FlowFile[2194,90491543577775.mockFlowFile,24B]; routing to relationship simple
[pool-3419-thread-1] INFO org.apache.nifi.processors.standard.RouteText - RouteText[id=38a82a0d-69fc-4d87-a6d1-ec924f6828ee] Routing FlowFile[2194,90491543577775.mockFlowFile,24B] to original
[main] DEBUG org.apache.nifi.processors.standard.RouteText - RouteText[id=38a82a0d-69fc-4d87-a6d1-ec924f6828ee] Adding new dynamic property: PropertyDescriptor[simple]
[pool-3420-thread-1] INFO org.apache.nifi.processors.standard.RouteText - RouteText[id=38a82a0d-69fc-4d87-a6d1-ec924f6828ee] Created FlowFile[2197,90491544105858.mockFlowFile,24B] from FlowFile[2196,90491544105858.mockFlowFile,24B]; routing to relationship simple
[pool-3420-thread-1] INFO org.apache.nifi.processors.standard.RouteText - RouteText[id=38a82a0d-69fc-4d87-a6d1-ec924f6828ee] Routing FlowFile[2196,90491544105858.mockFlowFile,24B] to original
[main] DEBUG org.apache.nifi.processors.standard.RouteText - RouteText[id=38a82a0d-69fc-4d87-a6d1-ec924f6828ee] Adding new dynamic property: PropertyDescriptor[simple]
[pool-3421-thread-1] INFO org.apache.nifi.processors.standard.RouteText - RouteText[id=38a82a0d-69fc-4d87-a6d1-ec924f6828ee] Created FlowFile[2199,90491544529942.mockFlowFile,24B] from FlowFile[2198,90491544529942.mockFlowFile,24B]; routing to relationship simple
[pool-3421-thread-1] INFO org.apache.nifi.processors.standard.RouteText - RouteText[id=38a82a0d-69fc-4d87-a6d1-ec924f6828ee] Routing FlowFile[2198,90491544529942.mockFlowFile,24B] to original
[main] DEBUG org.apache.nifi.processors.standard.RouteText - RouteText[id=38a82a0d-69fc-4d87-a6d1-ec924f6828ee] Adding new dynamic property: PropertyDescriptor[simple]
[pool-3422-thread-1] INFO org.apache.nifi.processors.standard.RouteText - RouteText[id=38a82a0d-69fc-4d87-a6d1-ec924f6828ee] Created FlowFile[2201,90491544927150.mockFlowFile,24B] from FlowFile[2200,90491544927150.mockFlowFile,24B]; routing to relationship simple
[pool-3422-thread-1] INFO org.apache.nifi.processors.standard.RouteText - RouteText[id=38a82a0d-69fc-4d87-a6d1-ec924f6828ee] Routing FlowFile[2200,90491544927150.mockFlowFile,24B] to original
[main] DEBUG org.apache.nifi.processors.standard.RouteText - RouteText[id=38a82a0d-69fc-4d87-a6d1-ec924f6828ee] Adding new dynamic property: PropertyDescriptor[simple]
[pool-3423-thread-1] INFO org.apache.nifi.processors.standard.RouteText - RouteText[id=38a82a0d-69fc-4d87-a6d1-ec924f6828ee] Created FlowFile[2203,90491545281824.mockFlowFile,24B] from FlowFile[2202,90491545281824.mockFlowFile,24B]; routing to relationship simple
[pool-3423-thread-1] INFO org.apache.nifi.processors.standard.RouteText - RouteText[id=38a82a0d-69fc-4d87-a6d1-ec924f6828ee] Routing FlowFile[2202,90491545281824.mockFlowFile,24B] to original
[main] DEBUG org.apache.nifi.processors.standard.RouteText - RouteText[id=38a82a0d-69fc-4d87-a6d1-ec924f6828ee] Adding new dynamic property: PropertyDescriptor[simple]
[pool-3424-thread-1] INFO org.apache.nifi.processors.standard.RouteText - RouteText[id=38a82a0d-69fc-4d87-a6d1-ec924f6828ee] Created FlowFile[2205,90491545680766.mockFlowFile,24B] from FlowFile[2204,90491545680766.mockFlowFile,24B]; routing to relationship simple
[pool-3424-thread-1] INFO org.apache.nifi.processors.standard.RouteText - RouteText[id=38a82a0d-69fc-4d87-a6d1-ec924f6828ee] Routing FlowFile[2204,90491545680766.mockFlowFile,24B] to original
[main] DEBUG org.apache.nifi.processors.standard.RouteText - RouteText[id=38a82a0d-69fc-4d87-a6d1-ec924f6828ee] Adding new dynamic property: PropertyDescriptor[simple]
[pool-3425-thread-1] INFO org.apache.nifi.processors.standard.RouteText - RouteText[id=38a82a0d-69fc-4d87-a6d1-ec924f6828ee] Created FlowFile[2207,90491546081031.mockFlowFile,24B] from FlowFile[2206,90491546081031.mockFlowFile,24B]; routing to relationship simple
[pool-3425-thread-1] INFO org.apache.nifi.processors.standard.RouteText - RouteText[id=38a82a0d-69fc-4d87-a6d1-ec924f6828ee] Routing FlowFile[2206,90491546081031.mockFlowFile,24B] to original
[main] DEBUG org.apache.nifi.processors.standard.RouteText - RouteText[id=38a82a0d-69fc-4d87-a6d1-ec924f6828ee] Adding new dynamic property: PropertyDescriptor[simple]
[pool-3426-thread-1] INFO org.apache.nifi.processors.standard.RouteText - RouteText[id=38a82a0d-69fc-4d87-a6d1-ec924f6828ee] Created FlowFile[2209,90491546480133.mockFlowFile,24B] from FlowFile[2208,90491546480133.mockFlowFile,24B]; routing to relationship simple
[pool-3426-thread-1] INFO org.apache.nifi.processors.standard.RouteText - RouteText[id=38a82a0d-69fc-4d87-a6d1-ec924f6828ee] Routing FlowFile[2208,90491546480133.mockFlowFile,24B] to original
[main] DEBUG org.apache.nifi.processors.standard.RouteText - RouteText[id=38a82a0d-69fc-4d87-a6d1-ec924f6828ee] Adding new dynamic property: PropertyDescriptor[simple]
[pool-3427-thread-1] INFO org.apache.nifi.processors.standard.RouteText - RouteText[id=38a82a0d-69fc-4d87-a6d1-ec924f6828ee] Created FlowFile[2211,90491546883486.mockFlowFile,24B] from FlowFile[2210,90491546883486.mockFlowFile,24B]; routing to relationship simple
[pool-3427-thread-1] INFO org.apache.nifi.processors.standard.RouteText - RouteText[id=38a82a0d-69fc-4d87-a6d1-ec924f6828ee] Routing FlowFile[2210,90491546883486.mockFlowFile,24B] to original
[main] DEBUG org.apache.nifi.processors.standard.RouteText - RouteText[id=38a82a0d-69fc-4d87-a6d1-ec924f6828ee] Adding new dynamic property: PropertyDescriptor[simple]
[pool-3428-thread-1] INFO org.apache.nifi.processors.standard.RouteText - RouteText[id=38a82a0d-69fc-4d87-a6d1-ec924f6828ee] Created FlowFile[2213,90491547363752.mockFlowFile,24B] from FlowFile[2212,90491547363752.mockFlowFile,24B]; routing to relationship simple
[pool-3428-thread-1] INFO org.apache.nifi.processors.standard.RouteText - RouteText[id=38a82a0d-69fc-4d87-a6d1-ec924f6828ee] Routing FlowFile[2212,90491547363752.mockFlowFile,24B] to original
[main] DEBUG org.apache.nifi.processors.standard.RouteText - RouteText[id=38a82a0d-69fc-4d87-a6d1-ec924f6828ee] Adding new dynamic property: PropertyDescriptor[simple]
[pool-3429-thread-1] INFO org.apache.nifi.processors.standard.RouteText - RouteText[id=38a82a0d-69fc-4d87-a6d1-ec924f6828ee] Created FlowFile[2215,90491547887243.mockFlowFile,24B] from FlowFile[2214,90491547887243.mockFlowFile,24B]; routing to relationship simple
[pool-3429-thread-1] INFO org.apache.nifi.processors.standard.RouteText - RouteText[id=38a82a0d-69fc-4d87-a6d1-ec924f6828ee] Routing FlowFile[2214,90491547887243.mockFlowFile,24B] to original
[main] DEBUG org.apache.nifi.processors.standard.RouteText - RouteText[id=38a82a0d-69fc-4d87-a6d1-ec924f6828ee] Adding new dynamic property: PropertyDescriptor[simple]
[pool-3430-thread-1] INFO org.apache.nifi.processors.standard.RouteText - RouteText[id=38a82a0d-69fc-4d87-a6d1-ec924f6828ee] Created FlowFile[2217,90491548399472.mockFlowFile,24B] from FlowFile[2216,90491548399472.mockFlowFile,24B]; routing to relationship simple
[pool-3430-thread-1] INFO org.apache.nifi.processors.standard.RouteText - RouteText[id=38a82a0d-69fc-4d87-a6d1-ec924f6828ee] Routing FlowFile[2216,90491548399472.mockFlowFile,24B] to original
[main] DEBUG org.apache.nifi.processors.standard.RouteText - RouteText[id=38a82a0d-69fc-4d87-a6d1-ec924f6828ee] Adding new dynamic property: PropertyDescriptor[simple]
[pool-3431-thread-1] INFO org.apache.nifi.processors.standard.RouteText - RouteText[id=38a82a0d-69fc-4d87-a6d1-ec924f6828ee] Created FlowFile[2219,90491548878207.mockFlowFile,24B] from FlowFile[2218,90491548878207.mockFlowFile,24B]; routing to relationship simple
[pool-3431-thread-1] INFO org.apache.nifi.processors.standard.RouteText - RouteText[id=38a82a0d-69fc-4d87-a6d1-ec924f6828ee] Routing FlowFile[2218,90491548878207.mockFlowFile,24B] to original
[main] DEBUG org.apache.nifi.processors.standard.RouteText - RouteText[id=38a82a0d-69fc-4d87-a6d1-ec924f6828ee] Adding new dynamic property: PropertyDescriptor[simple]
[pool-3432-thread-1] INFO org.apache.nifi.processors.standard.RouteText - RouteText[id=38a82a0d-69fc-4d87-a6d1-ec924f6828ee] Created FlowFile[2221,90491549304866.mockFlowFile,24B] from FlowFile[2220,90491549304866.mockFlowFile,24B]; routing to relationship simple
[pool-3432-thread-1] INFO org.apache.nifi.processors.standard.RouteText - RouteText[id=38a82a0d-69fc-4d87-a6d1-ec924f6828ee] Routing FlowFile[2220,90491549304866.mockFlowFile,24B] to original
[main] DEBUG org.apache.nifi.processors.standard.RouteText - RouteText[id=38a82a0d-69fc-4d87-a6d1-ec924f6828ee] Adding new dynamic property: PropertyDescriptor[simple]
[pool-3433-thread-1] INFO org.apache.nifi.processors.standard.RouteText - RouteText[id=38a82a0d-69fc-4d87-a6d1-ec924f6828ee] Created FlowFile[2223,90491549705876.mockFlowFile,24B] from FlowFile[2222,90491549705876.mockFlowFile,24B]; routing to relationship simple
[pool-3433-thread-1] INFO org.apache.nifi.processors.standard.RouteText - RouteText[id=38a82a0d-69fc-4d87-a6d1-ec924f6828ee] Routing FlowFile[2222,90491549705876.mockFlowFile,24B] to original
[main] DEBUG org.apache.nifi.processors.standard.RouteText - RouteText[id=38a82a0d-69fc-4d87-a6d1-ec924f6828ee] Adding new dynamic property: PropertyDescriptor[simple]
[pool-3434-thread-1] INFO org.apache.nifi.processors.standard.RouteText - RouteText[id=38a82a0d-69fc-4d87-a6d1-ec924f6828ee] Created FlowFile[2225,90491550090094.mockFlowFile,24B] from FlowFile[2224,90491550090094.mockFlowFile,24B]; routing to relationship simple
[pool-3434-thread-1] INFO org.apache.nifi.processors.standard.RouteText - RouteText[id=38a82a0d-69fc-4d87-a6d1-ec924f6828ee] Routing FlowFile[2224,90491550090094.mockFlowFile,24B] to original
[main] DEBUG org.apache.nifi.processors.standard.RouteText - RouteText[id=38a82a0d-69fc-4d87-a6d1-ec924f6828ee] Adding new dynamic property: PropertyDescriptor[simple]
[pool-3435-thread-1] INFO org.apache.nifi.processors.standard.RouteText - RouteText[id=38a82a0d-69fc-4d87-a6d1-ec924f6828ee] Created FlowFile[2227,90491550572635.mockFlowFile,24B] from FlowFile[2226,90491550572635.mockFlowFile,24B]; routing to relationship simple
[pool-3435-thread-1] INFO org.apache.nifi.processors.standard.RouteText - RouteText[id=38a82a0d-69fc-4d87-a6d1-ec924f6828ee] Routing FlowFile[2226,90491550572635.mockFlowFile,24B] to original
[main] DEBUG org.apache.nifi.processors.standard.RouteText - RouteText[id=38a82a0d-69fc-4d87-a6d1-ec924f6828ee] Adding new dynamic property: PropertyDescriptor[simple]
[pool-3436-thread-1] INFO org.apache.nifi.processors.standard.RouteText - RouteText[id=38a82a0d-69fc-4d87-a6d1-ec924f6828ee] Created FlowFile[2229,90491550980545.mockFlowFile,24B] from FlowFile[2228,90491550980545.mockFlowFile,24B]; routing to relationship simple
[pool-3436-thread-1] INFO org.apache.nifi.processors.standard.RouteText - RouteText[id=38a82a0d-69fc-4d87-a6d1-ec924f6828ee] Routing FlowFile[2228,90491550980545.mockFlowFile,24B] to original
[main] DEBUG org.apache.nifi.processors.standard.RouteText - RouteText[id=38a82a0d-69fc-4d87-a6d1-ec924f6828ee] Adding new dynamic property: PropertyDescriptor[simple]
[pool-3437-thread-1] INFO org.apache.nifi.processors.standard.RouteText - RouteText[id=38a82a0d-69fc-4d87-a6d1-ec924f6828ee] Created FlowFile[2231,90491551459438.mockFlowFile,24B] from FlowFile[2230,90491551459438.mockFlowFile,24B]; routing to relationship simple
[pool-3437-thread-1] INFO org.apache.nifi.processors.standard.RouteText - RouteText[id=38a82a0d-69fc-4d87-a6d1-ec924f6828ee] Routing FlowFile[2230,90491551459438.mockFlowFile,24B] to original
[main] DEBUG org.apache.nifi.processors.standard.RouteText - RouteText[id=38a82a0d-69fc-4d87-a6d1-ec924f6828ee] Adding new dynamic property: PropertyDescriptor[simple]
[pool-3438-thread-1] INFO org.apache.nifi.processors.standard.RouteText - RouteText[id=38a82a0d-69fc-4d87-a6d1-ec924f6828ee] Created FlowFile[2233,90491551940717.mockFlowFile,24B] from FlowFile[2232,90491551940717.mockFlowFile,24B]; routing to relationship simple
[pool-3438-thread-1] INFO org.apache.nifi.processors.standard.RouteText - RouteText[id=38a82a0d-69fc-4d87-a6d1-ec924f6828ee] Routing FlowFile[2232,90491551940717.mockFlowFile,24B] to original
[main] DEBUG org.apache.nifi.processors.standard.RouteText - RouteText[id=38a82a0d-69fc-4d87-a6d1-ec924f6828ee] Adding new dynamic property: PropertyDescriptor[simple]
[pool-3439-thread-1] INFO org.apache.nifi.processors.standard.RouteText - RouteText[id=38a82a0d-69fc-4d87-a6d1-ec924f6828ee] Created FlowFile[2235,90491552522653.mockFlowFile,24B] from FlowFile[2234,90491552522653.mockFlowFile,24B]; routing to relationship simple
[pool-3439-thread-1] INFO org.apache.nifi.processors.standard.RouteText - RouteText[id=38a82a0d-69fc-4d87-a6d1-ec924f6828ee] Routing FlowFile[2234,90491552522653.mockFlowFile,24B] to original
[main] DEBUG org.apache.nifi.processors.standard.RouteText - RouteText[id=38a82a0d-69fc-4d87-a6d1-ec924f6828ee] Adding new dynamic property: PropertyDescriptor[simple]
[pool-3440-thread-1] INFO org.apache.nifi.processors.standard.RouteText - RouteText[id=38a82a0d-69fc-4d87-a6d1-ec924f6828ee] Created FlowFile[2237,90491553006417.mockFlowFile,24B] from FlowFile[2236,90491553006417.mockFlowFile,24B]; routing to relationship simple
[pool-3440-thread-1] INFO org.apache.nifi.processors.standard.RouteText - RouteText[id=38a82a0d-69fc-4d87-a6d1-ec924f6828ee] Routing FlowFile[2236,90491553006417.mockFlowFile,24B] to original
[main] DEBUG org.apache.nifi.processors.standard.RouteText - RouteText[id=38a82a0d-69fc-4d87-a6d1-ec924f6828ee] Adding new dynamic property: PropertyDescriptor[simple]
[pool-3441-thread-1] INFO org.apache.nifi.processors.standard.RouteText - RouteText[id=38a82a0d-69fc-4d87-a6d1-ec924f6828ee] Created FlowFile[2239,90491553428314.mockFlowFile,24B] from FlowFile[2238,90491553428314.mockFlowFile,24B]; routing to relationship simple
[pool-3441-thread-1] INFO org.apache.nifi.processors.standard.RouteText - RouteText[id=38a82a0d-69fc-4d87-a6d1-ec924f6828ee] Routing FlowFile[2238,90491553428314.mockFlowFile,24B] to original
[main] DEBUG org.apache.nifi.processors.standard.RouteText - RouteText[id=38a82a0d-69fc-4d87-a6d1-ec924f6828ee] Adding new dynamic property: PropertyDescriptor[simple]
[pool-3442-thread-1] INFO org.apache.nifi.processors.standard.RouteText - RouteText[id=38a82a0d-69fc-4d87-a6d1-ec924f6828ee] Created FlowFile[2241,90491553762027.mockFlowFile,24B] from FlowFile[2240,90491553762027.mockFlowFile,24B]; routing to relationship simple
[pool-3442-thread-1] INFO org.apache.nifi.processors.standard.RouteText - RouteText[id=38a82a0d-69fc-4d87-a6d1-ec924f6828ee] Routing FlowFile[2240,90491553762027.mockFlowFile,24B] to original
[main] DEBUG org.apache.nifi.processors.standard.RouteText - RouteText[id=38a82a0d-69fc-4d87-a6d1-ec924f6828ee] Adding new dynamic property: PropertyDescriptor[simple]
[pool-3443-thread-1] INFO org.apache.nifi.processors.standard.RouteText - RouteText[id=38a82a0d-69fc-4d87-a6d1-ec924f6828ee] Created FlowFile[2243,90491554084786.mockFlowFile,24B] from FlowFile[2242,90491554084786.mockFlowFile,24B]; routing to relationship simple
[pool-3443-thread-1] INFO org.apache.nifi.processors.standard.RouteText - RouteText[id=38a82a0d-69fc-4d87-a6d1-ec924f6828ee] Routing FlowFile[2242,90491554084786.mockFlowFile,24B] to original
[main] DEBUG org.apache.nifi.processors.standard.RouteText - RouteText[id=38a82a0d-69fc-4d87-a6d1-ec924f6828ee] Adding new dynamic property: PropertyDescriptor[simple]
[pool-3444-thread-1] INFO org.apache.nifi.processors.standard.RouteText - RouteText[id=38a82a0d-69fc-4d87-a6d1-ec924f6828ee] Created FlowFile[2245,90491554397736.mockFlowFile,24B] from FlowFile[2244,90491554397736.mockFlowFile,24B]; routing to relationship simple
[pool-3444-thread-1] INFO org.apache.nifi.processors.standard.RouteText - RouteText[id=38a82a0d-69fc-4d87-a6d1-ec924f6828ee] Routing FlowFile[2244,90491554397736.mockFlowFile,24B] to original
[main] DEBUG org.apache.nifi.processors.standard.RouteText - RouteText[id=38a82a0d-69fc-4d87-a6d1-ec924f6828ee] Adding new dynamic property: PropertyDescriptor[simple]
[pool-3445-thread-1] INFO org.apache.nifi.processors.standard.RouteText - RouteText[id=38a82a0d-69fc-4d87-a6d1-ec924f6828ee] Created FlowFile[2247,90491554751064.mockFlowFile,24B] from FlowFile[2246,90491554751064.mockFlowFile,24B]; routing to relationship simple
[pool-3445-thread-1] INFO org.apache.nifi.processors.standard.RouteText - RouteText[id=38a82a0d-69fc-4d87-a6d1-ec924f6828ee] Routing FlowFile[2246,90491554751064.mockFlowFile,24B] to original
[main] DEBUG org.apache.nifi.processors.standard.RouteText - RouteText[id=38a82a0d-69fc-4d87-a6d1-ec924f6828ee] Adding new dynamic property: PropertyDescriptor[simple]
[pool-3446-thread-1] INFO org.apache.nifi.processors.standard.RouteText - RouteText[id=38a82a0d-69fc-4d87-a6d1-ec924f6828ee] Created FlowFile[2249,90491555150237.mockFlowFile,24B] from FlowFile[2248,90491555150237.mockFlowFile,24B]; routing to relationship simple
[pool-3446-thread-1] INFO org.apache.nifi.processors.standard.RouteText - RouteText[id=38a82a0d-69fc-4d87-a6d1-ec924f6828ee] Routing FlowFile[2248,90491555150237.mockFlowFile,24B] to original
[main] DEBUG org.apache.nifi.processors.standard.RouteText - RouteText[id=38a82a0d-69fc-4d87-a6d1-ec924f6828ee] Adding new dynamic property: PropertyDescriptor[simple]
[pool-3447-thread-1] INFO org.apache.nifi.processors.standard.RouteText - RouteText[id=38a82a0d-69fc-4d87-a6d1-ec924f6828ee] Created FlowFile[2251,90491555572643.mockFlowFile,24B] from FlowFile[2250,90491555572643.mockFlowFile,24B]; routing to relationship simple
[pool-3447-thread-1] INFO org.apache.nifi.processors.standard.RouteText - RouteText[id=38a82a0d-69fc-4d87-a6d1-ec924f6828ee] Routing FlowFile[2250,90491555572643.mockFlowFile,24B] to original
[main] DEBUG org.apache.nifi.processors.standard.RouteText - RouteText[id=38a82a0d-69fc-4d87-a6d1-ec924f6828ee] Adding new dynamic property: PropertyDescriptor[simple]
[pool-3448-thread-1] INFO org.apache.nifi.processors.standard.RouteText - RouteText[id=38a82a0d-69fc-4d87-a6d1-ec924f6828ee] Created FlowFile[2253,90491555887947.mockFlowFile,24B] from FlowFile[2252,90491555887947.mockFlowFile,24B]; routing to relationship simple
[pool-3448-thread-1] INFO org.apache.nifi.processors.standard.RouteText - RouteText[id=38a82a0d-69fc-4d87-a6d1-ec924f6828ee] Routing FlowFile[2252,90491555887947.mockFlowFile,24B] to original
[main] DEBUG org.apache.nifi.processors.standard.RouteText - RouteText[id=38a82a0d-69fc-4d87-a6d1-ec924f6828ee] Adding new dynamic property: PropertyDescriptor[simple]
[pool-3449-thread-1] INFO org.apache.nifi.processors.standard.RouteText - RouteText[id=38a82a0d-69fc-4d87-a6d1-ec924f6828ee] Created FlowFile[2255,90491556323060.mockFlowFile,24B] from FlowFile[2254,90491556323060.mockFlowFile,24B]; routing to relationship simple
[pool-3449-thread-1] INFO org.apache.nifi.processors.standard.RouteText - RouteText[id=38a82a0d-69fc-4d87-a6d1-ec924f6828ee] Routing FlowFile[2254,90491556323060.mockFlowFile,24B] to original
[main] DEBUG org.apache.nifi.processors.standard.RouteText - RouteText[id=38a82a0d-69fc-4d87-a6d1-ec924f6828ee] Adding new dynamic property: PropertyDescriptor[simple]
[pool-3450-thread-1] INFO org.apache.nifi.processors.standard.RouteText - RouteText[id=38a82a0d-69fc-4d87-a6d1-ec924f6828ee] Created FlowFile[2257,90491556792804.mockFlowFile,24B] from FlowFile[2256,90491556792804.mockFlowFile,24B]; routing to relationship simple
[pool-3450-thread-1] INFO org.apache.nifi.processors.standard.RouteText - RouteText[id=38a82a0d-69fc-4d87-a6d1-ec924f6828ee] Routing FlowFile[2256,90491556792804.mockFlowFile,24B] to original
[main] DEBUG org.apache.nifi.processors.standard.RouteText - RouteText[id=38a82a0d-69fc-4d87-a6d1-ec924f6828ee] Adding new dynamic property: PropertyDescriptor[simple]
[pool-3451-thread-1] INFO org.apache.nifi.processors.standard.RouteText - RouteText[id=38a82a0d-69fc-4d87-a6d1-ec924f6828ee] Created FlowFile[2259,90491557304745.mockFlowFile,24B] from FlowFile[2258,90491557304745.mockFlowFile,24B]; routing to relationship simple
[pool-3451-thread-1] INFO org.apache.nifi.processors.standard.RouteText - RouteText[id=38a82a0d-69fc-4d87-a6d1-ec924f6828ee] Routing FlowFile[2258,90491557304745.mockFlowFile,24B] to original
[main] DEBUG org.apache.nifi.processors.standard.RouteText - RouteText[id=38a82a0d-69fc-4d87-a6d1-ec924f6828ee] Adding new dynamic property: PropertyDescriptor[simple]
[pool-3452-thread-1] INFO org.apache.nifi.processors.standard.RouteText - RouteText[id=38a82a0d-69fc-4d87-a6d1-ec924f6828ee] Created FlowFile[2261,90491557741684.mockFlowFile,24B] from FlowFile[2260,90491557741684.mockFlowFile,24B]; routing to relationship simple
[pool-3452-thread-1] INFO org.apache.nifi.processors.standard.RouteText - RouteText[id=38a82a0d-69fc-4d87-a6d1-ec924f6828ee] Routing FlowFile[2260,90491557741684.mockFlowFile,24B] to original
[main] DEBUG org.apache.nifi.processors.standard.RouteText - RouteText[id=38a82a0d-69fc-4d87-a6d1-ec924f6828ee] Adding new dynamic property: PropertyDescriptor[simple]
[pool-3453-thread-1] INFO org.apache.nifi.processors.standard.RouteText - RouteText[id=38a82a0d-69fc-4d87-a6d1-ec924f6828ee] Created FlowFile[2263,90491558110601.mockFlowFile,24B] from FlowFile[2262,90491558110601.mockFlowFile,24B]; routing to relationship simple
[pool-3453-thread-1] INFO org.apache.nifi.processors.standard.RouteText - RouteText[id=38a82a0d-69fc-4d87-a6d1-ec924f6828ee] Routing FlowFile[2262,90491558110601.mockFlowFile,24B] to original
[main] DEBUG org.apache.nifi.processors.standard.RouteText - RouteText[id=38a82a0d-69fc-4d87-a6d1-ec924f6828ee] Adding new dynamic property: PropertyDescriptor[simple]
[pool-3454-thread-1] INFO org.apache.nifi.processors.standard.RouteText - RouteText[id=38a82a0d-69fc-4d87-a6d1-ec924f6828ee] Created FlowFile[2265,90491558445733.mockFlowFile,24B] from FlowFile[2264,90491558445733.mockFlowFile,24B]; routing to relationship simple
[pool-3454-thread-1] INFO org.apache.nifi.processors.standard.RouteText - RouteText[id=38a82a0d-69fc-4d87-a6d1-ec924f6828ee] Routing FlowFile[2264,90491558445733.mockFlowFile,24B] to original
[main] DEBUG org.apache.nifi.processors.standard.RouteText - RouteText[id=38a82a0d-69fc-4d87-a6d1-ec924f6828ee] Adding new dynamic property: PropertyDescriptor[simple]
[pool-3455-thread-1] INFO org.apache.nifi.processors.standard.RouteText - RouteText[id=38a82a0d-69fc-4d87-a6d1-ec924f6828ee] Created FlowFile[2267,90491558799457.mockFlowFile,24B] from FlowFile[2266,90491558799457.mockFlowFile,24B]; routing to relationship simple
[pool-3455-thread-1] INFO org.apache.nifi.processors.standard.RouteText - RouteText[id=38a82a0d-69fc-4d87-a6d1-ec924f6828ee] Routing FlowFile[2266,90491558799457.mockFlowFile,24B] to original
[main] DEBUG org.apache.nifi.processors.standard.RouteText - RouteText[id=38a82a0d-69fc-4d87-a6d1-ec924f6828ee] Adding new dynamic property: PropertyDescriptor[simple]
[pool-3456-thread-1] INFO org.apache.nifi.processors.standard.RouteText - RouteText[id=38a82a0d-69fc-4d87-a6d1-ec924f6828ee] Created FlowFile[2269,90491559098611.mockFlowFile,24B] from FlowFile[2268,90491559098611.mockFlowFile,24B]; routing to relationship simple
[pool-3456-thread-1] INFO org.apache.nifi.processors.standard.RouteText - RouteText[id=38a82a0d-69fc-4d87-a6d1-ec924f6828ee] Routing FlowFile[2268,90491559098611.mockFlowFile,24B] to original
[main] DEBUG org.apache.nifi.processors.standard.RouteText - RouteText[id=38a82a0d-69fc-4d87-a6d1-ec924f6828ee] Adding new dynamic property: PropertyDescriptor[simple]
[pool-3457-thread-1] INFO org.apache.nifi.processors.standard.RouteText - RouteText[id=38a82a0d-69fc-4d87-a6d1-ec924f6828ee] Created FlowFile[2271,90491559523280.mockFlowFile,24B] from FlowFile[2270,90491559523280.mockFlowFile,24B]; routing to relationship simple
[pool-3457-thread-1] INFO org.apache.nifi.processors.standard.RouteText - RouteText[id=38a82a0d-69fc-4d87-a6d1-ec924f6828ee] Routing FlowFile[2270,90491559523280.mockFlowFile,24B] to original
[main] DEBUG org.apache.nifi.processors.standard.RouteText - RouteText[id=38a82a0d-69fc-4d87-a6d1-ec924f6828ee] Adding new dynamic property: PropertyDescriptor[simple]
[pool-3458-thread-1] INFO org.apache.nifi.processors.standard.RouteText - RouteText[id=38a82a0d-69fc-4d87-a6d1-ec924f6828ee] Created FlowFile[2273,90491559873292.mockFlowFile,24B] from FlowFile[2272,90491559873292.mockFlowFile,24B]; routing to relationship simple
[pool-3458-thread-1] INFO org.apache.nifi.processors.standard.RouteText - RouteText[id=38a82a0d-69fc-4d87-a6d1-ec924f6828ee] Routing FlowFile[2272,90491559873292.mockFlowFile,24B] to original
[main] DEBUG org.apache.nifi.processors.standard.RouteText - RouteText[id=38a82a0d-69fc-4d87-a6d1-ec924f6828ee] Adding new dynamic property: PropertyDescriptor[simple]
[pool-3459-thread-1] INFO org.apache.nifi.processors.standard.RouteText - RouteText[id=38a82a0d-69fc-4d87-a6d1-ec924f6828ee] Created FlowFile[2275,90491560312786.mockFlowFile,24B] from FlowFile[2274,90491560312786.mockFlowFile,24B]; routing to relationship simple
[pool-3459-thread-1] INFO org.apache.nifi.processors.standard.RouteText - RouteText[id=38a82a0d-69fc-4d87-a6d1-ec924f6828ee] Routing FlowFile[2274,90491560312786.mockFlowFile,24B] to original
[main] DEBUG org.apache.nifi.processors.standard.RouteText - RouteText[id=38a82a0d-69fc-4d87-a6d1-ec924f6828ee] Adding new dynamic property: PropertyDescriptor[simple]
[pool-3460-thread-1] INFO org.apache.nifi.processors.standard.RouteText - RouteText[id=38a82a0d-69fc-4d87-a6d1-ec924f6828ee] Created FlowFile[2277,90491560723460.mockFlowFile,24B] from FlowFile[2276,90491560723460.mockFlowFile,24B]; routing to relationship simple
[pool-3460-thread-1] INFO org.apache.nifi.processors.standard.RouteText - RouteText[id=38a82a0d-69fc-4d87-a6d1-ec924f6828ee] Routing FlowFile[2276,90491560723460.mockFlowFile,24B] to original
[main] DEBUG org.apache.nifi.processors.standard.RouteText - RouteText[id=38a82a0d-69fc-4d87-a6d1-ec924f6828ee] Adding new dynamic property: PropertyDescriptor[simple]
[pool-3461-thread-1] INFO org.apache.nifi.processors.standard.RouteText - RouteText[id=38a82a0d-69fc-4d87-a6d1-ec924f6828ee] Created FlowFile[2279,90491561105627.mockFlowFile,24B] from FlowFile[2278,90491561105627.mockFlowFile,24B]; routing to relationship simple
[pool-3461-thread-1] INFO org.apache.nifi.processors.standard.RouteText - RouteText[id=38a82a0d-69fc-4d87-a6d1-ec924f6828ee] Routing FlowFile[2278,90491561105627.mockFlowFile,24B] to original
[main] DEBUG org.apache.nifi.processors.standard.RouteText - RouteText[id=38a82a0d-69fc-4d87-a6d1-ec924f6828ee] Adding new dynamic property: PropertyDescriptor[simple]
[pool-3462-thread-1] INFO org.apache.nifi.processors.standard.RouteText - RouteText[id=38a82a0d-69fc-4d87-a6d1-ec924f6828ee] Created FlowFile[2281,90491561480701.mockFlowFile,24B] from FlowFile[2280,90491561480701.mockFlowFile,24B]; routing to relationship simple
[pool-3462-thread-1] INFO org.apache.nifi.processors.standard.RouteText - RouteText[id=38a82a0d-69fc-4d87-a6d1-ec924f6828ee] Routing FlowFile[2280,90491561480701.mockFlowFile,24B] to original
[main] DEBUG org.apache.nifi.processors.standard.RouteText - RouteText[id=38a82a0d-69fc-4d87-a6d1-ec924f6828ee] Adding new dynamic property: PropertyDescriptor[simple]
[pool-3463-thread-1] INFO org.apache.nifi.processors.standard.RouteText - RouteText[id=38a82a0d-69fc-4d87-a6d1-ec924f6828ee] Created FlowFile[2283,90491561793022.mockFlowFile,24B] from FlowFile[2282,90491561793022.mockFlowFile,24B]; routing to relationship simple
[pool-3463-thread-1] INFO org.apache.nifi.processors.standard.RouteText - RouteText[id=38a82a0d-69fc-4d87-a6d1-ec924f6828ee] Routing FlowFile[2282,90491561793022.mockFlowFile,24B] to original
[main] DEBUG org.apache.nifi.processors.standard.RouteText - RouteText[id=38a82a0d-69fc-4d87-a6d1-ec924f6828ee] Adding new dynamic property: PropertyDescriptor[simple]
[pool-3464-thread-1] INFO org.apache.nifi.processors.standard.RouteText - RouteText[id=38a82a0d-69fc-4d87-a6d1-ec924f6828ee] Created FlowFile[2285,90491562096620.mockFlowFile,24B] from FlowFile[2284,90491562096620.mockFlowFile,24B]; routing to relationship simple
[pool-3464-thread-1] INFO org.apache.nifi.processors.standard.RouteText - RouteText[id=38a82a0d-69fc-4d87-a6d1-ec924f6828ee] Routing FlowFile[2284,90491562096620.mockFlowFile,24B] to original
[main] DEBUG org.apache.nifi.processors.standard.RouteText - RouteText[id=38a82a0d-69fc-4d87-a6d1-ec924f6828ee] Adding new dynamic property: PropertyDescriptor[simple]
[pool-3465-thread-1] INFO org.apache.nifi.processors.standard.RouteText - RouteText[id=38a82a0d-69fc-4d87-a6d1-ec924f6828ee] Created FlowFile[2287,90491562402544.mockFlowFile,24B] from FlowFile[2286,90491562402544.mockFlowFile,24B]; routing to relationship simple
[pool-3465-thread-1] INFO org.apache.nifi.processors.standard.RouteText - RouteText[id=38a82a0d-69fc-4d87-a6d1-ec924f6828ee] Routing FlowFile[2286,90491562402544.mockFlowFile,24B] to original
[main] DEBUG org.apache.nifi.processors.standard.RouteText - RouteText[id=38a82a0d-69fc-4d87-a6d1-ec924f6828ee] Adding new dynamic property: PropertyDescriptor[simple]
[pool-3466-thread-1] INFO org.apache.nifi.processors.standard.RouteText - RouteText[id=38a82a0d-69fc-4d87-a6d1-ec924f6828ee] Created FlowFile[2289,90491562724447.mockFlowFile,24B] from FlowFile[2288,90491562724447.mockFlowFile,24B]; routing to relationship simple
[pool-3466-thread-1] INFO org.apache.nifi.processors.standard.RouteText - RouteText[id=38a82a0d-69fc-4d87-a6d1-ec924f6828ee] Routing FlowFile[2288,90491562724447.mockFlowFile,24B] to original
[main] DEBUG org.apache.nifi.processors.standard.RouteText - RouteText[id=38a82a0d-69fc-4d87-a6d1-ec924f6828ee] Adding new dynamic property: PropertyDescriptor[simple]
[pool-3467-thread-1] INFO org.apache.nifi.processors.standard.RouteText - RouteText[id=38a82a0d-69fc-4d87-a6d1-ec924f6828ee] Created FlowFile[2291,90491563104291.mockFlowFile,24B] from FlowFile[2290,90491563104291.mockFlowFile,24B]; routing to relationship simple
[pool-3467-thread-1] INFO org.apache.nifi.processors.standard.RouteText - RouteText[id=38a82a0d-69fc-4d87-a6d1-ec924f6828ee] Routing FlowFile[2290,90491563104291.mockFlowFile,24B] to original
[main] DEBUG org.apache.nifi.processors.standard.RouteText - RouteText[id=38a82a0d-69fc-4d87-a6d1-ec924f6828ee] Adding new dynamic property: PropertyDescriptor[simple]
[pool-3468-thread-1] INFO org.apache.nifi.processors.standard.RouteText - RouteText[id=38a82a0d-69fc-4d87-a6d1-ec924f6828ee] Created FlowFile[2293,90491563512583.mockFlowFile,24B] from FlowFile[2292,90491563512583.mockFlowFile,24B]; routing to relationship simple
[pool-3468-thread-1] INFO org.apache.nifi.processors.standard.RouteText - RouteText[id=38a82a0d-69fc-4d87-a6d1-ec924f6828ee] Routing FlowFile[2292,90491563512583.mockFlowFile,24B] to original
[main] DEBUG org.apache.nifi.processors.standard.RouteText - RouteText[id=38a82a0d-69fc-4d87-a6d1-ec924f6828ee] Adding new dynamic property: PropertyDescriptor[simple]
[pool-3469-thread-1] INFO org.apache.nifi.processors.standard.RouteText - RouteText[id=38a82a0d-69fc-4d87-a6d1-ec924f6828ee] Created FlowFile[2295,90491563906508.mockFlowFile,24B] from FlowFile[2294,90491563906508.mockFlowFile,24B]; routing to relationship simple
[pool-3469-thread-1] INFO org.apache.nifi.processors.standard.RouteText - RouteText[id=38a82a0d-69fc-4d87-a6d1-ec924f6828ee] Routing FlowFile[2294,90491563906508.mockFlowFile,24B] to original
[main] DEBUG org.apache.nifi.processors.standard.RouteText - RouteText[id=38a82a0d-69fc-4d87-a6d1-ec924f6828ee] Adding new dynamic property: PropertyDescriptor[simple]
[pool-3470-thread-1] INFO org.apache.nifi.processors.standard.RouteText - RouteText[id=38a82a0d-69fc-4d87-a6d1-ec924f6828ee] Created FlowFile[2297,90491564459671.mockFlowFile,24B] from FlowFile[2296,90491564459671.mockFlowFile,24B]; routing to relationship simple
[pool-3470-thread-1] INFO org.apache.nifi.processors.standard.RouteText - RouteText[id=38a82a0d-69fc-4d87-a6d1-ec924f6828ee] Routing FlowFile[2296,90491564459671.mockFlowFile,24B] to original
[main] DEBUG org.apache.nifi.processors.standard.RouteText - RouteText[id=38a82a0d-69fc-4d87-a6d1-ec924f6828ee] Adding new dynamic property: PropertyDescriptor[simple]
[pool-3471-thread-1] INFO org.apache.nifi.processors.standard.RouteText - RouteText[id=38a82a0d-69fc-4d87-a6d1-ec924f6828ee] Created FlowFile[2299,90491565003981.mockFlowFile,24B] from FlowFile[2298,90491565003981.mockFlowFile,24B]; routing to relationship simple
[pool-3471-thread-1] INFO org.apache.nifi.processors.standard.RouteText - RouteText[id=38a82a0d-69fc-4d87-a6d1-ec924f6828ee] Routing FlowFile[2298,90491565003981.mockFlowFile,24B] to original
[main] DEBUG org.apache.nifi.processors.standard.RouteText - RouteText[id=38a82a0d-69fc-4d87-a6d1-ec924f6828ee] Adding new dynamic property: PropertyDescriptor[simple]
[pool-3472-thread-1] INFO org.apache.nifi.processors.standard.RouteText - RouteText[id=38a82a0d-69fc-4d87-a6d1-ec924f6828ee] Created FlowFile[2301,90491565682196.mockFlowFile,24B] from FlowFile[2300,90491565682196.mockFlowFile,24B]; routing to relationship simple
[pool-3472-thread-1] INFO org.apache.nifi.processors.standard.RouteText - RouteText[id=38a82a0d-69fc-4d87-a6d1-ec924f6828ee] Routing FlowFile[2300,90491565682196.mockFlowFile,24B] to original
[main] DEBUG org.apache.nifi.processors.standard.RouteText - RouteText[id=38a82a0d-69fc-4d87-a6d1-ec924f6828ee] Adding new dynamic property: PropertyDescriptor[simple]
[pool-3473-thread-1] INFO org.apache.nifi.processors.standard.RouteText - RouteText[id=38a82a0d-69fc-4d87-a6d1-ec924f6828ee] Created FlowFile[2303,90491566245311.mockFlowFile,24B] from FlowFile[2302,90491566245311.mockFlowFile,24B]; routing to relationship simple
[pool-3473-thread-1] INFO org.apache.nifi.processors.standard.RouteText - RouteText[id=38a82a0d-69fc-4d87-a6d1-ec924f6828ee] Routing FlowFile[2302,90491566245311.mockFlowFile,24B] to original
[main] DEBUG org.apache.nifi.processors.standard.RouteText - RouteText[id=38a82a0d-69fc-4d87-a6d1-ec924f6828ee] Adding new dynamic property: PropertyDescriptor[simple]
[pool-3474-thread-1] INFO org.apache.nifi.processors.standard.RouteText - RouteText[id=38a82a0d-69fc-4d87-a6d1-ec924f6828ee] Created FlowFile[2305,90491566805179.mockFlowFile,24B] from FlowFile[2304,90491566805179.mockFlowFile,24B]; routing to relationship simple
[pool-3474-thread-1] INFO org.apache.nifi.processors.standard.RouteText - RouteText[id=38a82a0d-69fc-4d87-a6d1-ec924f6828ee] Routing FlowFile[2304,90491566805179.mockFlowFile,24B] to original
[main] DEBUG org.apache.nifi.processors.standard.RouteText - RouteText[id=38a82a0d-69fc-4d87-a6d1-ec924f6828ee] Adding new dynamic property: PropertyDescriptor[simple]
[pool-3475-thread-1] INFO org.apache.nifi.processors.standard.RouteText - RouteText[id=38a82a0d-69fc-4d87-a6d1-ec924f6828ee] Created FlowFile[2307,90491567312829.mockFlowFile,24B] from FlowFile[2306,90491567312829.mockFlowFile,24B]; routing to relationship simple
[pool-3475-thread-1] INFO org.apache.nifi.processors.standard.RouteText - RouteText[id=38a82a0d-69fc-4d87-a6d1-ec924f6828ee] Routing FlowFile[2306,90491567312829.mockFlowFile,24B] to original
[main] DEBUG org.apache.nifi.processors.standard.RouteText - RouteText[id=38a82a0d-69fc-4d87-a6d1-ec924f6828ee] Adding new dynamic property: PropertyDescriptor[simple]
[pool-3476-thread-1] INFO org.apache.nifi.processors.standard.RouteText - RouteText[id=38a82a0d-69fc-4d87-a6d1-ec924f6828ee] Created FlowFile[2309,90491567746969.mockFlowFile,24B] from FlowFile[2308,90491567746969.mockFlowFile,24B]; routing to relationship simple
[pool-3476-thread-1] INFO org.apache.nifi.processors.standard.RouteText - RouteText[id=38a82a0d-69fc-4d87-a6d1-ec924f6828ee] Routing FlowFile[2308,90491567746969.mockFlowFile,24B] to original
[main] DEBUG org.apache.nifi.processors.standard.RouteText - RouteText[id=38a82a0d-69fc-4d87-a6d1-ec924f6828ee] Adding new dynamic property: PropertyDescriptor[simple]
[pool-3477-thread-1] INFO org.apache.nifi.processors.standard.RouteText - RouteText[id=38a82a0d-69fc-4d87-a6d1-ec924f6828ee] Created FlowFile[2311,90491568322617.mockFlowFile,24B] from FlowFile[2310,90491568322617.mockFlowFile,24B]; routing to relationship simple
[pool-3477-thread-1] INFO org.apache.nifi.processors.standard.RouteText - RouteText[id=38a82a0d-69fc-4d87-a6d1-ec924f6828ee] Routing FlowFile[2310,90491568322617.mockFlowFile,24B] to original
[main] DEBUG org.apache.nifi.processors.standard.RouteText - RouteText[id=38a82a0d-69fc-4d87-a6d1-ec924f6828ee] Adding new dynamic property: PropertyDescriptor[simple]
[pool-3478-thread-1] INFO org.apache.nifi.processors.standard.RouteText - RouteText[id=38a82a0d-69fc-4d87-a6d1-ec924f6828ee] Created FlowFile[2313,90491568714209.mockFlowFile,24B] from FlowFile[2312,90491568714209.mockFlowFile,24B]; routing to relationship simple
[pool-3478-thread-1] INFO org.apache.nifi.processors.standard.RouteText - RouteText[id=38a82a0d-69fc-4d87-a6d1-ec924f6828ee] Routing FlowFile[2312,90491568714209.mockFlowFile,24B] to original
[main] DEBUG org.apache.nifi.processors.standard.RouteText - RouteText[id=38a82a0d-69fc-4d87-a6d1-ec924f6828ee] Adding new dynamic property: PropertyDescriptor[simple]
[pool-3479-thread-1] INFO org.apache.nifi.processors.standard.RouteText - RouteText[id=38a82a0d-69fc-4d87-a6d1-ec924f6828ee] Created FlowFile[2315,90491569121335.mockFlowFile,24B] from FlowFile[2314,90491569121335.mockFlowFile,24B]; routing to relationship simple
[pool-3479-thread-1] INFO org.apache.nifi.processors.standard.RouteText - RouteText[id=38a82a0d-69fc-4d87-a6d1-ec924f6828ee] Routing FlowFile[2314,90491569121335.mockFlowFile,24B] to original
[main] DEBUG org.apache.nifi.processors.standard.RouteText - RouteText[id=38a82a0d-69fc-4d87-a6d1-ec924f6828ee] Adding new dynamic property: PropertyDescriptor[simple]
[pool-3480-thread-1] INFO org.apache.nifi.processors.standard.RouteText - RouteText[id=38a82a0d-69fc-4d87-a6d1-ec924f6828ee] Created FlowFile[2317,90491569594396.mockFlowFile,24B] from FlowFile[2316,90491569594396.mockFlowFile,24B]; routing to relationship simple
[pool-3480-thread-1] INFO org.apache.nifi.processors.standard.RouteText - RouteText[id=38a82a0d-69fc-4d87-a6d1-ec924f6828ee] Routing FlowFile[2316,90491569594396.mockFlowFile,24B] to original
[main] DEBUG org.apache.nifi.processors.standard.RouteText - RouteText[id=38a82a0d-69fc-4d87-a6d1-ec924f6828ee] Adding new dynamic property: PropertyDescriptor[simple]
[pool-3481-thread-1] INFO org.apache.nifi.processors.standard.RouteText - RouteText[id=38a82a0d-69fc-4d87-a6d1-ec924f6828ee] Created FlowFile[2319,90491569936790.mockFlowFile,24B] from FlowFile[2318,90491569936790.mockFlowFile,24B]; routing to relationship simple
[pool-3481-thread-1] INFO org.apache.nifi.processors.standard.RouteText - RouteText[id=38a82a0d-69fc-4d87-a6d1-ec924f6828ee] Routing FlowFile[2318,90491569936790.mockFlowFile,24B] to original
[main] DEBUG org.apache.nifi.processors.standard.RouteText - RouteText[id=38a82a0d-69fc-4d87-a6d1-ec924f6828ee] Adding new dynamic property: PropertyDescriptor[simple]
[pool-3482-thread-1] INFO org.apache.nifi.processors.standard.RouteText - RouteText[id=38a82a0d-69fc-4d87-a6d1-ec924f6828ee] Created FlowFile[2321,90491570313501.mockFlowFile,24B] from FlowFile[2320,90491570313501.mockFlowFile,24B]; routing to relationship simple
[pool-3482-thread-1] INFO org.apache.nifi.processors.standard.RouteText - RouteText[id=38a82a0d-69fc-4d87-a6d1-ec924f6828ee] Routing FlowFile[2320,90491570313501.mockFlowFile,24B] to original
[main] DEBUG org.apache.nifi.processors.standard.RouteText - RouteText[id=38a82a0d-69fc-4d87-a6d1-ec924f6828ee] Adding new dynamic property: PropertyDescriptor[simple]
[pool-3483-thread-1] INFO org.apache.nifi.processors.standard.RouteText - RouteText[id=38a82a0d-69fc-4d87-a6d1-ec924f6828ee] Created FlowFile[2323,90491570720025.mockFlowFile,24B] from FlowFile[2322,90491570720025.mockFlowFile,24B]; routing to relationship simple
[pool-3483-thread-1] INFO org.apache.nifi.processors.standard.RouteText - RouteText[id=38a82a0d-69fc-4d87-a6d1-ec924f6828ee] Routing FlowFile[2322,90491570720025.mockFlowFile,24B] to original
[main] DEBUG org.apache.nifi.processors.standard.RouteText - RouteText[id=38a82a0d-69fc-4d87-a6d1-ec924f6828ee] Adding new dynamic property: PropertyDescriptor[simple]
[pool-3484-thread-1] INFO org.apache.nifi.processors.standard.RouteText - RouteText[id=38a82a0d-69fc-4d87-a6d1-ec924f6828ee] Created FlowFile[2325,90491571142408.mockFlowFile,24B] from FlowFile[2324,90491571142408.mockFlowFile,24B]; routing to relationship simple
[pool-3484-thread-1] INFO org.apache.nifi.processors.standard.RouteText - RouteText[id=38a82a0d-69fc-4d87-a6d1-ec924f6828ee] Routing FlowFile[2324,90491571142408.mockFlowFile,24B] to original
[main] DEBUG org.apache.nifi.processors.standard.RouteText - RouteText[id=38a82a0d-69fc-4d87-a6d1-ec924f6828ee] Adding new dynamic property: PropertyDescriptor[simple]
[pool-3485-thread-1] INFO org.apache.nifi.processors.standard.RouteText - RouteText[id=38a82a0d-69fc-4d87-a6d1-ec924f6828ee] Created FlowFile[2327,90491571545232.mockFlowFile,24B] from FlowFile[2326,90491571545232.mockFlowFile,24B]; routing to relationship simple
[pool-3485-thread-1] INFO org.apache.nifi.processors.standard.RouteText - RouteText[id=38a82a0d-69fc-4d87-a6d1-ec924f6828ee] Routing FlowFile[2326,90491571545232.mockFlowFile,24B] to original
[main] DEBUG org.apache.nifi.processors.standard.RouteText - RouteText[id=38a82a0d-69fc-4d87-a6d1-ec924f6828ee] Adding new dynamic property: PropertyDescriptor[simple]
[pool-3486-thread-1] INFO org.apache.nifi.processors.standard.RouteText - RouteText[id=38a82a0d-69fc-4d87-a6d1-ec924f6828ee] Created FlowFile[2329,90491572060058.mockFlowFile,24B] from FlowFile[2328,90491572060058.mockFlowFile,24B]; routing to relationship simple
[pool-3486-thread-1] INFO org.apache.nifi.processors.standard.RouteText - RouteText[id=38a82a0d-69fc-4d87-a6d1-ec924f6828ee] Routing FlowFile[2328,90491572060058.mockFlowFile,24B] to original
[main] DEBUG org.apache.nifi.processors.standard.RouteText - RouteText[id=38a82a0d-69fc-4d87-a6d1-ec924f6828ee] Adding new dynamic property: PropertyDescriptor[simple]
[pool-3487-thread-1] INFO org.apache.nifi.processors.standard.RouteText - RouteText[id=38a82a0d-69fc-4d87-a6d1-ec924f6828ee] Created FlowFile[2331,90491572573034.mockFlowFile,24B] from FlowFile[2330,90491572573034.mockFlowFile,24B]; routing to relationship simple
[pool-3487-thread-1] INFO org.apache.nifi.processors.standard.RouteText - RouteText[id=38a82a0d-69fc-4d87-a6d1-ec924f6828ee] Routing FlowFile[2330,90491572573034.mockFlowFile,24B] to original
[main] DEBUG org.apache.nifi.processors.standard.RouteText - RouteText[id=38a82a0d-69fc-4d87-a6d1-ec924f6828ee] Adding new dynamic property: PropertyDescriptor[simple]
[pool-3488-thread-1] INFO org.apache.nifi.processors.standard.RouteText - RouteText[id=38a82a0d-69fc-4d87-a6d1-ec924f6828ee] Created FlowFile[2333,90491573123456.mockFlowFile,24B] from FlowFile[2332,90491573123456.mockFlowFile,24B]; routing to relationship simple
[pool-3488-thread-1] INFO org.apache.nifi.processors.standard.RouteText - RouteText[id=38a82a0d-69fc-4d87-a6d1-ec924f6828ee] Routing FlowFile[2332,90491573123456.mockFlowFile,24B] to original
[main] DEBUG org.apache.nifi.processors.standard.RouteText - RouteText[id=38a82a0d-69fc-4d87-a6d1-ec924f6828ee] Adding new dynamic property: PropertyDescriptor[simple]
[pool-3489-thread-1] INFO org.apache.nifi.processors.standard.RouteText - RouteText[id=38a82a0d-69fc-4d87-a6d1-ec924f6828ee] Created FlowFile[2335,90491573568138.mockFlowFile,24B] from FlowFile[2334,90491573568138.mockFlowFile,24B]; routing to relationship simple
[pool-3489-thread-1] INFO org.apache.nifi.processors.standard.RouteText - RouteText[id=38a82a0d-69fc-4d87-a6d1-ec924f6828ee] Routing FlowFile[2334,90491573568138.mockFlowFile,24B] to original
[main] DEBUG org.apache.nifi.processors.standard.RouteText - RouteText[id=38a82a0d-69fc-4d87-a6d1-ec924f6828ee] Adding new dynamic property: PropertyDescriptor[simple]
[pool-3490-thread-1] INFO org.apache.nifi.processors.standard.RouteText - RouteText[id=38a82a0d-69fc-4d87-a6d1-ec924f6828ee] Created FlowFile[2337,90491573996924.mockFlowFile,24B] from FlowFile[2336,90491573996924.mockFlowFile,24B]; routing to relationship simple
[pool-3490-thread-1] INFO org.apache.nifi.processors.standard.RouteText - RouteText[id=38a82a0d-69fc-4d87-a6d1-ec924f6828ee] Routing FlowFile[2336,90491573996924.mockFlowFile,24B] to original
[main] DEBUG org.apache.nifi.processors.standard.RouteText - RouteText[id=38a82a0d-69fc-4d87-a6d1-ec924f6828ee] Adding new dynamic property: PropertyDescriptor[simple]
[pool-3491-thread-1] INFO org.apache.nifi.processors.standard.RouteText - RouteText[id=38a82a0d-69fc-4d87-a6d1-ec924f6828ee] Created FlowFile[2339,90491574490551.mockFlowFile,24B] from FlowFile[2338,90491574490551.mockFlowFile,24B]; routing to relationship simple
[pool-3491-thread-1] INFO org.apache.nifi.processors.standard.RouteText - RouteText[id=38a82a0d-69fc-4d87-a6d1-ec924f6828ee] Routing FlowFile[2338,90491574490551.mockFlowFile,24B] to original
[main] DEBUG org.apache.nifi.processors.standard.RouteText - RouteText[id=38a82a0d-69fc-4d87-a6d1-ec924f6828ee] Adding new dynamic property: PropertyDescriptor[simple]
[pool-3492-thread-1] INFO org.apache.nifi.processors.standard.RouteText - RouteText[id=38a82a0d-69fc-4d87-a6d1-ec924f6828ee] Created FlowFile[2341,90491574935369.mockFlowFile,24B] from FlowFile[2340,90491574935369.mockFlowFile,24B]; routing to relationship simple
[pool-3492-thread-1] INFO org.apache.nifi.processors.standard.RouteText - RouteText[id=38a82a0d-69fc-4d87-a6d1-ec924f6828ee] Routing FlowFile[2340,90491574935369.mockFlowFile,24B] to original
[main] DEBUG org.apache.nifi.processors.standard.RouteText - RouteText[id=38a82a0d-69fc-4d87-a6d1-ec924f6828ee] Adding new dynamic property: PropertyDescriptor[simple]
[pool-3493-thread-1] INFO org.apache.nifi.processors.standard.RouteText - RouteText[id=38a82a0d-69fc-4d87-a6d1-ec924f6828ee] Created FlowFile[2343,90491575447234.mockFlowFile,24B] from FlowFile[2342,90491575447234.mockFlowFile,24B]; routing to relationship simple
[pool-3493-thread-1] INFO org.apache.nifi.processors.standard.RouteText - RouteText[id=38a82a0d-69fc-4d87-a6d1-ec924f6828ee] Routing FlowFile[2342,90491575447234.mockFlowFile,24B] to original
[main] DEBUG org.apache.nifi.processors.standard.RouteText - RouteText[id=38a82a0d-69fc-4d87-a6d1-ec924f6828ee] Adding new dynamic property: PropertyDescriptor[simple]
[pool-3494-thread-1] INFO org.apache.nifi.processors.standard.RouteText - RouteText[id=38a82a0d-69fc-4d87-a6d1-ec924f6828ee] Created FlowFile[2345,90491575981006.mockFlowFile,24B] from FlowFile[2344,90491575981006.mockFlowFile,24B]; routing to relationship simple
[pool-3494-thread-1] INFO org.apache.nifi.processors.standard.RouteText - RouteText[id=38a82a0d-69fc-4d87-a6d1-ec924f6828ee] Routing FlowFile[2344,90491575981006.mockFlowFile,24B] to original
[main] DEBUG org.apache.nifi.processors.standard.RouteText - RouteText[id=38a82a0d-69fc-4d87-a6d1-ec924f6828ee] Adding new dynamic property: PropertyDescriptor[simple]
[pool-3495-thread-1] INFO org.apache.nifi.processors.standard.RouteText - RouteText[id=38a82a0d-69fc-4d87-a6d1-ec924f6828ee] Created FlowFile[2347,90491576458572.mockFlowFile,24B] from FlowFile[2346,90491576458572.mockFlowFile,24B]; routing to relationship simple
[pool-3495-thread-1] INFO org.apache.nifi.processors.standard.RouteText - RouteText[id=38a82a0d-69fc-4d87-a6d1-ec924f6828ee] Routing FlowFile[2346,90491576458572.mockFlowFile,24B] to original
[main] DEBUG org.apache.nifi.processors.standard.RouteText - RouteText[id=38a82a0d-69fc-4d87-a6d1-ec924f6828ee] Adding new dynamic property: PropertyDescriptor[simple]
[pool-3496-thread-1] INFO org.apache.nifi.processors.standard.RouteText - RouteText[id=38a82a0d-69fc-4d87-a6d1-ec924f6828ee] Created FlowFile[2349,90491576950751.mockFlowFile,24B] from FlowFile[2348,90491576950751.mockFlowFile,24B]; routing to relationship simple
[pool-3496-thread-1] INFO org.apache.nifi.processors.standard.RouteText - RouteText[id=38a82a0d-69fc-4d87-a6d1-ec924f6828ee] Routing FlowFile[2348,90491576950751.mockFlowFile,24B] to original
[main] DEBUG org.apache.nifi.processors.standard.RouteText - RouteText[id=38a82a0d-69fc-4d87-a6d1-ec924f6828ee] Adding new dynamic property: PropertyDescriptor[simple]
[pool-3497-thread-1] INFO org.apache.nifi.processors.standard.RouteText - RouteText[id=38a82a0d-69fc-4d87-a6d1-ec924f6828ee] Created FlowFile[2351,90491577399606.mockFlowFile,24B] from FlowFile[2350,90491577399606.mockFlowFile,24B]; routing to relationship simple
[pool-3497-thread-1] INFO org.apache.nifi.processors.standard.RouteText - RouteText[id=38a82a0d-69fc-4d87-a6d1-ec924f6828ee] Routing FlowFile[2350,90491577399606.mockFlowFile,24B] to original
[main] DEBUG org.apache.nifi.processors.standard.RouteText - RouteText[id=38a82a0d-69fc-4d87-a6d1-ec924f6828ee] Adding new dynamic property: PropertyDescriptor[simple]
[pool-3498-thread-1] INFO org.apache.nifi.processors.standard.RouteText - RouteText[id=38a82a0d-69fc-4d87-a6d1-ec924f6828ee] Created FlowFile[2353,90491577773963.mockFlowFile,24B] from FlowFile[2352,90491577773963.mockFlowFile,24B]; routing to relationship simple
[pool-3498-thread-1] INFO org.apache.nifi.processors.standard.RouteText - RouteText[id=38a82a0d-69fc-4d87-a6d1-ec924f6828ee] Routing FlowFile[2352,90491577773963.mockFlowFile,24B] to original
[main] DEBUG org.apache.nifi.processors.standard.RouteText - RouteText[id=38a82a0d-69fc-4d87-a6d1-ec924f6828ee] Adding new dynamic property: PropertyDescriptor[simple]
[pool-3499-thread-1] INFO org.apache.nifi.processors.standard.RouteText - RouteText[id=38a82a0d-69fc-4d87-a6d1-ec924f6828ee] Created FlowFile[2355,90491578117500.mockFlowFile,24B] from FlowFile[2354,90491578117500.mockFlowFile,24B]; routing to relationship simple
[pool-3499-thread-1] INFO org.apache.nifi.processors.standard.RouteText - RouteText[id=38a82a0d-69fc-4d87-a6d1-ec924f6828ee] Routing FlowFile[2354,90491578117500.mockFlowFile,24B] to original
[main] DEBUG org.apache.nifi.processors.standard.RouteText - RouteText[id=38a82a0d-69fc-4d87-a6d1-ec924f6828ee] Adding new dynamic property: PropertyDescriptor[simple]
[pool-3500-thread-1] INFO org.apache.nifi.processors.standard.RouteText - RouteText[id=38a82a0d-69fc-4d87-a6d1-ec924f6828ee] Created FlowFile[2357,90491578446000.mockFlowFile,24B] from FlowFile[2356,90491578446000.mockFlowFile,24B]; routing to relationship simple
[pool-3500-thread-1] INFO org.apache.nifi.processors.standard.RouteText - RouteText[id=38a82a0d-69fc-4d87-a6d1-ec924f6828ee] Routing FlowFile[2356,90491578446000.mockFlowFile,24B] to original
[main] DEBUG org.apache.nifi.processors.standard.RouteText - RouteText[id=38a82a0d-69fc-4d87-a6d1-ec924f6828ee] Adding new dynamic property: PropertyDescriptor[simple]
[pool-3501-thread-1] INFO org.apache.nifi.processors.standard.RouteText - RouteText[id=38a82a0d-69fc-4d87-a6d1-ec924f6828ee] Created FlowFile[2359,90491578853266.mockFlowFile,24B] from FlowFile[2358,90491578853266.mockFlowFile,24B]; routing to relationship simple
[pool-3501-thread-1] INFO org.apache.nifi.processors.standard.RouteText - RouteText[id=38a82a0d-69fc-4d87-a6d1-ec924f6828ee] Routing FlowFile[2358,90491578853266.mockFlowFile,24B] to original
[main] DEBUG org.apache.nifi.processors.standard.RouteText - RouteText[id=38a82a0d-69fc-4d87-a6d1-ec924f6828ee] Adding new dynamic property: PropertyDescriptor[simple]
[pool-3502-thread-1] INFO org.apache.nifi.processors.standard.RouteText - RouteText[id=38a82a0d-69fc-4d87-a6d1-ec924f6828ee] Created FlowFile[2361,90491579288534.mockFlowFile,24B] from FlowFile[2360,90491579288534.mockFlowFile,24B]; routing to relationship simple
[pool-3502-thread-1] INFO org.apache.nifi.processors.standard.RouteText - RouteText[id=38a82a0d-69fc-4d87-a6d1-ec924f6828ee] Routing FlowFile[2360,90491579288534.mockFlowFile,24B] to original
[main] DEBUG org.apache.nifi.processors.standard.RouteText - RouteText[id=38a82a0d-69fc-4d87-a6d1-ec924f6828ee] Adding new dynamic property: PropertyDescriptor[simple]
[pool-3503-thread-1] INFO org.apache.nifi.processors.standard.RouteText - RouteText[id=38a82a0d-69fc-4d87-a6d1-ec924f6828ee] Created FlowFile[2363,90491579743428.mockFlowFile,24B] from FlowFile[2362,90491579743428.mockFlowFile,24B]; routing to relationship simple
[pool-3503-thread-1] INFO org.apache.nifi.processors.standard.RouteText - RouteText[id=38a82a0d-69fc-4d87-a6d1-ec924f6828ee] Routing FlowFile[2362,90491579743428.mockFlowFile,24B] to original
[main] DEBUG org.apache.nifi.processors.standard.RouteText - RouteText[id=38a82a0d-69fc-4d87-a6d1-ec924f6828ee] Adding new dynamic property: PropertyDescriptor[simple]
[pool-3504-thread-1] INFO org.apache.nifi.processors.standard.RouteText - RouteText[id=38a82a0d-69fc-4d87-a6d1-ec924f6828ee] Created FlowFile[2365,90491603555783.mockFlowFile,24B] from FlowFile[2364,90491603555783.mockFlowFile,24B]; routing to relationship simple
[pool-3504-thread-1] INFO org.apache.nifi.processors.standard.RouteText - RouteText[id=38a82a0d-69fc-4d87-a6d1-ec924f6828ee] Routing FlowFile[2364,90491603555783.mockFlowFile,24B] to original
[main] DEBUG org.apache.nifi.processors.standard.RouteText - RouteText[id=38a82a0d-69fc-4d87-a6d1-ec924f6828ee] Adding new dynamic property: PropertyDescriptor[simple]
[pool-3505-thread-1] INFO org.apache.nifi.processors.standard.RouteText - RouteText[id=38a82a0d-69fc-4d87-a6d1-ec924f6828ee] Created FlowFile[2367,90491604162292.mockFlowFile,24B] from FlowFile[2366,90491604162292.mockFlowFile,24B]; routing to relationship simple
[pool-3505-thread-1] INFO org.apache.nifi.processors.standard.RouteText - RouteText[id=38a82a0d-69fc-4d87-a6d1-ec924f6828ee] Routing FlowFile[2366,90491604162292.mockFlowFile,24B] to original
[main] DEBUG org.apache.nifi.processors.standard.RouteText - RouteText[id=38a82a0d-69fc-4d87-a6d1-ec924f6828ee] Adding new dynamic property: PropertyDescriptor[simple]
[pool-3506-thread-1] INFO org.apache.nifi.processors.standard.RouteText - RouteText[id=38a82a0d-69fc-4d87-a6d1-ec924f6828ee] Created FlowFile[2369,90491604753499.mockFlowFile,24B] from FlowFile[2368,90491604753499.mockFlowFile,24B]; routing to relationship simple
[pool-3506-thread-1] INFO org.apache.nifi.processors.standard.RouteText - RouteText[id=38a82a0d-69fc-4d87-a6d1-ec924f6828ee] Routing FlowFile[2368,90491604753499.mockFlowFile,24B] to original
[main] DEBUG org.apache.nifi.processors.standard.RouteText - RouteText[id=38a82a0d-69fc-4d87-a6d1-ec924f6828ee] Adding new dynamic property: PropertyDescriptor[simple]
[pool-3507-thread-1] INFO org.apache.nifi.processors.standard.RouteText - RouteText[id=38a82a0d-69fc-4d87-a6d1-ec924f6828ee] Created FlowFile[2371,90491605243695.mockFlowFile,24B] from FlowFile[2370,90491605243695.mockFlowFile,24B]; routing to relationship simple
[pool-3507-thread-1] INFO org.apache.nifi.processors.standard.RouteText - RouteText[id=38a82a0d-69fc-4d87-a6d1-ec924f6828ee] Routing FlowFile[2370,90491605243695.mockFlowFile,24B] to original
[main] DEBUG org.apache.nifi.processors.standard.RouteText - RouteText[id=38a82a0d-69fc-4d87-a6d1-ec924f6828ee] Adding new dynamic property: PropertyDescriptor[simple]
[pool-3508-thread-1] INFO org.apache.nifi.processors.standard.RouteText - RouteText[id=38a82a0d-69fc-4d87-a6d1-ec924f6828ee] Created FlowFile[2373,90491605709173.mockFlowFile,24B] from FlowFile[2372,90491605709173.mockFlowFile,24B]; routing to relationship simple
[pool-3508-thread-1] INFO org.apache.nifi.processors.standard.RouteText - RouteText[id=38a82a0d-69fc-4d87-a6d1-ec924f6828ee] Routing FlowFile[2372,90491605709173.mockFlowFile,24B] to original
[main] DEBUG org.apache.nifi.processors.standard.RouteText - RouteText[id=38a82a0d-69fc-4d87-a6d1-ec924f6828ee] Adding new dynamic property: PropertyDescriptor[simple]
[pool-3509-thread-1] INFO org.apache.nifi.processors.standard.RouteText - RouteText[id=38a82a0d-69fc-4d87-a6d1-ec924f6828ee] Created FlowFile[2375,90491606160110.mockFlowFile,24B] from FlowFile[2374,90491606160110.mockFlowFile,24B]; routing to relationship simple
[pool-3509-thread-1] INFO org.apache.nifi.processors.standard.RouteText - RouteText[id=38a82a0d-69fc-4d87-a6d1-ec924f6828ee] Routing FlowFile[2374,90491606160110.mockFlowFile,24B] to original
[main] DEBUG org.apache.nifi.processors.standard.RouteText - RouteText[id=38a82a0d-69fc-4d87-a6d1-ec924f6828ee] Adding new dynamic property: PropertyDescriptor[simple]
[pool-3510-thread-1] INFO org.apache.nifi.processors.standard.RouteText - RouteText[id=38a82a0d-69fc-4d87-a6d1-ec924f6828ee] Created FlowFile[2377,90491606686401.mockFlowFile,24B] from FlowFile[2376,90491606686401.mockFlowFile,24B]; routing to relationship simple
[pool-3510-thread-1] INFO org.apache.nifi.processors.standard.RouteText - RouteText[id=38a82a0d-69fc-4d87-a6d1-ec924f6828ee] Routing FlowFile[2376,90491606686401.mockFlowFile,24B] to original
[main] DEBUG org.apache.nifi.processors.standard.RouteText - RouteText[id=38a82a0d-69fc-4d87-a6d1-ec924f6828ee] Adding new dynamic property: PropertyDescriptor[simple]
[pool-3511-thread-1] INFO org.apache.nifi.processors.standard.RouteText - RouteText[id=38a82a0d-69fc-4d87-a6d1-ec924f6828ee] Created FlowFile[2379,90491607252475.mockFlowFile,24B] from FlowFile[2378,90491607252475.mockFlowFile,24B]; routing to relationship simple
[pool-3511-thread-1] INFO org.apache.nifi.processors.standard.RouteText - RouteText[id=38a82a0d-69fc-4d87-a6d1-ec924f6828ee] Routing FlowFile[2378,90491607252475.mockFlowFile,24B] to original
[main] DEBUG org.apache.nifi.processors.standard.RouteText - RouteText[id=38a82a0d-69fc-4d87-a6d1-ec924f6828ee] Adding new dynamic property: PropertyDescriptor[simple]
[pool-3512-thread-1] INFO org.apache.nifi.processors.standard.RouteText - RouteText[id=38a82a0d-69fc-4d87-a6d1-ec924f6828ee] Created FlowFile[2381,90491607804857.mockFlowFile,24B] from FlowFile[2380,90491607804857.mockFlowFile,24B]; routing to relationship simple
[pool-3512-thread-1] INFO org.apache.nifi.processors.standard.RouteText - RouteText[id=38a82a0d-69fc-4d87-a6d1-ec924f6828ee] Routing FlowFile[2380,90491607804857.mockFlowFile,24B] to original
[main] DEBUG org.apache.nifi.processors.standard.RouteText - RouteText[id=38a82a0d-69fc-4d87-a6d1-ec924f6828ee] Adding new dynamic property: PropertyDescriptor[simple]
[pool-3513-thread-1] INFO org.apache.nifi.processors.standard.RouteText - RouteText[id=38a82a0d-69fc-4d87-a6d1-ec924f6828ee] Created FlowFile[2383,90491608334078.mockFlowFile,24B] from FlowFile[2382,90491608334078.mockFlowFile,24B]; routing to relationship simple
[pool-3513-thread-1] INFO org.apache.nifi.processors.standard.RouteText - RouteText[id=38a82a0d-69fc-4d87-a6d1-ec924f6828ee] Routing FlowFile[2382,90491608334078.mockFlowFile,24B] to original
[main] DEBUG org.apache.nifi.processors.standard.RouteText - RouteText[id=38a82a0d-69fc-4d87-a6d1-ec924f6828ee] Adding new dynamic property: PropertyDescriptor[simple]
[pool-3514-thread-1] INFO org.apache.nifi.processors.standard.RouteText - RouteText[id=38a82a0d-69fc-4d87-a6d1-ec924f6828ee] Created FlowFile[2385,90491608848498.mockFlowFile,24B] from FlowFile[2384,90491608848498.mockFlowFile,24B]; routing to relationship simple
[pool-3514-thread-1] INFO org.apache.nifi.processors.standard.RouteText - RouteText[id=38a82a0d-69fc-4d87-a6d1-ec924f6828ee] Routing FlowFile[2384,90491608848498.mockFlowFile,24B] to original
[main] DEBUG org.apache.nifi.processors.standard.RouteText - RouteText[id=38a82a0d-69fc-4d87-a6d1-ec924f6828ee] Adding new dynamic property: PropertyDescriptor[simple]
[pool-3515-thread-1] INFO org.apache.nifi.processors.standard.RouteText - RouteText[id=38a82a0d-69fc-4d87-a6d1-ec924f6828ee] Created FlowFile[2387,90491609377247.mockFlowFile,24B] from FlowFile[2386,90491609377247.mockFlowFile,24B]; routing to relationship simple
[pool-3515-thread-1] INFO org.apache.nifi.processors.standard.RouteText - RouteText[id=38a82a0d-69fc-4d87-a6d1-ec924f6828ee] Routing FlowFile[2386,90491609377247.mockFlowFile,24B] to original
[main] DEBUG org.apache.nifi.processors.standard.RouteText - RouteText[id=38a82a0d-69fc-4d87-a6d1-ec924f6828ee] Adding new dynamic property: PropertyDescriptor[simple]
[pool-3516-thread-1] INFO org.apache.nifi.processors.standard.RouteText - RouteText[id=38a82a0d-69fc-4d87-a6d1-ec924f6828ee] Created FlowFile[2389,90491609884014.mockFlowFile,24B] from FlowFile[2388,90491609884014.mockFlowFile,24B]; routing to relationship simple
[pool-3516-thread-1] INFO org.apache.nifi.processors.standard.RouteText - RouteText[id=38a82a0d-69fc-4d87-a6d1-ec924f6828ee] Routing FlowFile[2388,90491609884014.mockFlowFile,24B] to original
[main] DEBUG org.apache.nifi.processors.standard.RouteText - RouteText[id=38a82a0d-69fc-4d87-a6d1-ec924f6828ee] Adding new dynamic property: PropertyDescriptor[simple]
[pool-3517-thread-1] INFO org.apache.nifi.processors.standard.RouteText - RouteText[id=38a82a0d-69fc-4d87-a6d1-ec924f6828ee] Created FlowFile[2391,90491610380929.mockFlowFile,24B] from FlowFile[2390,90491610380929.mockFlowFile,24B]; routing to relationship simple
[pool-3517-thread-1] INFO org.apache.nifi.processors.standard.RouteText - RouteText[id=38a82a0d-69fc-4d87-a6d1-ec924f6828ee] Routing FlowFile[2390,90491610380929.mockFlowFile,24B] to original
[main] DEBUG org.apache.nifi.processors.standard.RouteText - RouteText[id=38a82a0d-69fc-4d87-a6d1-ec924f6828ee] Adding new dynamic property: PropertyDescriptor[simple]
[pool-3518-thread-1] INFO org.apache.nifi.processors.standard.RouteText - RouteText[id=38a82a0d-69fc-4d87-a6d1-ec924f6828ee] Created FlowFile[2393,90491610842415.mockFlowFile,24B] from FlowFile[2392,90491610842415.mockFlowFile,24B]; routing to relationship simple
[pool-3518-thread-1] INFO org.apache.nifi.processors.standard.RouteText - RouteText[id=38a82a0d-69fc-4d87-a6d1-ec924f6828ee] Routing FlowFile[2392,90491610842415.mockFlowFile,24B] to original
[main] DEBUG org.apache.nifi.processors.standard.RouteText - RouteText[id=38a82a0d-69fc-4d87-a6d1-ec924f6828ee] Adding new dynamic property: PropertyDescriptor[simple]
[pool-3519-thread-1] INFO org.apache.nifi.processors.standard.RouteText - RouteText[id=38a82a0d-69fc-4d87-a6d1-ec924f6828ee] Created FlowFile[2395,90491611297870.mockFlowFile,24B] from FlowFile[2394,90491611297870.mockFlowFile,24B]; routing to relationship simple
[pool-3519-thread-1] INFO org.apache.nifi.processors.standard.RouteText - RouteText[id=38a82a0d-69fc-4d87-a6d1-ec924f6828ee] Routing FlowFile[2394,90491611297870.mockFlowFile,24B] to original
[main] DEBUG org.apache.nifi.processors.standard.RouteText - RouteText[id=38a82a0d-69fc-4d87-a6d1-ec924f6828ee] Adding new dynamic property: PropertyDescriptor[simple]
[pool-3520-thread-1] INFO org.apache.nifi.processors.standard.RouteText - RouteText[id=38a82a0d-69fc-4d87-a6d1-ec924f6828ee] Created FlowFile[2397,90491611830762.mockFlowFile,24B] from FlowFile[2396,90491611830762.mockFlowFile,24B]; routing to relationship simple
[pool-3520-thread-1] INFO org.apache.nifi.processors.standard.RouteText - RouteText[id=38a82a0d-69fc-4d87-a6d1-ec924f6828ee] Routing FlowFile[2396,90491611830762.mockFlowFile,24B] to original
[main] DEBUG org.apache.nifi.processors.standard.RouteText - RouteText[id=38a82a0d-69fc-4d87-a6d1-ec924f6828ee] Adding new dynamic property: PropertyDescriptor[simple]
[pool-3521-thread-1] INFO org.apache.nifi.processors.standard.RouteText - RouteText[id=38a82a0d-69fc-4d87-a6d1-ec924f6828ee] Created FlowFile[2399,90491612397406.mockFlowFile,24B] from FlowFile[2398,90491612397406.mockFlowFile,24B]; routing to relationship simple
[pool-3521-thread-1] INFO org.apache.nifi.processors.standard.RouteText - RouteText[id=38a82a0d-69fc-4d87-a6d1-ec924f6828ee] Routing FlowFile[2398,90491612397406.mockFlowFile,24B] to original
[main] DEBUG org.apache.nifi.processors.standard.RouteText - RouteText[id=38a82a0d-69fc-4d87-a6d1-ec924f6828ee] Adding new dynamic property: PropertyDescriptor[simple]
[pool-3522-thread-1] INFO org.apache.nifi.processors.standard.RouteText - RouteText[id=38a82a0d-69fc-4d87-a6d1-ec924f6828ee] Created FlowFile[2401,90491613080783.mockFlowFile,24B] from FlowFile[2400,90491613080783.mockFlowFile,24B]; routing to relationship simple
[pool-3522-thread-1] INFO org.apache.nifi.processors.standard.RouteText - RouteText[id=38a82a0d-69fc-4d87-a6d1-ec924f6828ee] Routing FlowFile[2400,90491613080783.mockFlowFile,24B] to original
[main] DEBUG org.apache.nifi.processors.standard.RouteText - RouteText[id=38a82a0d-69fc-4d87-a6d1-ec924f6828ee] Adding new dynamic property: PropertyDescriptor[simple]
[pool-3523-thread-1] INFO org.apache.nifi.processors.standard.RouteText - RouteText[id=38a82a0d-69fc-4d87-a6d1-ec924f6828ee] Created FlowFile[2403,90491613700944.mockFlowFile,24B] from FlowFile[2402,90491613700944.mockFlowFile,24B]; routing to relationship simple
[pool-3523-thread-1] INFO org.apache.nifi.processors.standard.RouteText - RouteText[id=38a82a0d-69fc-4d87-a6d1-ec924f6828ee] Routing FlowFile[2402,90491613700944.mockFlowFile,24B] to original
[main] DEBUG org.apache.nifi.processors.standard.RouteText - RouteText[id=38a82a0d-69fc-4d87-a6d1-ec924f6828ee] Adding new dynamic property: PropertyDescriptor[simple]
[pool-3524-thread-1] INFO org.apache.nifi.processors.standard.RouteText - RouteText[id=38a82a0d-69fc-4d87-a6d1-ec924f6828ee] Created FlowFile[2405,90491614200524.mockFlowFile,24B] from FlowFile[2404,90491614200524.mockFlowFile,24B]; routing to relationship simple
[pool-3524-thread-1] INFO org.apache.nifi.processors.standard.RouteText - RouteText[id=38a82a0d-69fc-4d87-a6d1-ec924f6828ee] Routing FlowFile[2404,90491614200524.mockFlowFile,24B] to original
[main] DEBUG org.apache.nifi.processors.standard.RouteText - RouteText[id=38a82a0d-69fc-4d87-a6d1-ec924f6828ee] Adding new dynamic property: PropertyDescriptor[simple]
[pool-3525-thread-1] INFO org.apache.nifi.processors.standard.RouteText - RouteText[id=38a82a0d-69fc-4d87-a6d1-ec924f6828ee] Created FlowFile[2407,90491614733975.mockFlowFile,24B] from FlowFile[2406,90491614733975.mockFlowFile,24B]; routing to relationship simple
[pool-3525-thread-1] INFO org.apache.nifi.processors.standard.RouteText - RouteText[id=38a82a0d-69fc-4d87-a6d1-ec924f6828ee] Routing FlowFile[2406,90491614733975.mockFlowFile,24B] to original
[main] DEBUG org.apache.nifi.processors.standard.RouteText - RouteText[id=38a82a0d-69fc-4d87-a6d1-ec924f6828ee] Adding new dynamic property: PropertyDescriptor[simple]
[pool-3526-thread-1] INFO org.apache.nifi.processors.standard.RouteText - RouteText[id=38a82a0d-69fc-4d87-a6d1-ec924f6828ee] Created FlowFile[2409,90491615362705.mockFlowFile,24B] from FlowFile[2408,90491615362705.mockFlowFile,24B]; routing to relationship simple
[pool-3526-thread-1] INFO org.apache.nifi.processors.standard.RouteText - RouteText[id=38a82a0d-69fc-4d87-a6d1-ec924f6828ee] Routing FlowFile[2408,90491615362705.mockFlowFile,24B] to original
[main] DEBUG org.apache.nifi.processors.standard.RouteText - RouteText[id=38a82a0d-69fc-4d87-a6d1-ec924f6828ee] Adding new dynamic property: PropertyDescriptor[simple]
[pool-3527-thread-1] INFO org.apache.nifi.processors.standard.RouteText - RouteText[id=38a82a0d-69fc-4d87-a6d1-ec924f6828ee] Created FlowFile[2411,90491616025153.mockFlowFile,24B] from FlowFile[2410,90491616025153.mockFlowFile,24B]; routing to relationship simple
[pool-3527-thread-1] INFO org.apache.nifi.processors.standard.RouteText - RouteText[id=38a82a0d-69fc-4d87-a6d1-ec924f6828ee] Routing FlowFile[2410,90491616025153.mockFlowFile,24B] to original
[main] DEBUG org.apache.nifi.processors.standard.RouteText - RouteText[id=38a82a0d-69fc-4d87-a6d1-ec924f6828ee] Adding new dynamic property: PropertyDescriptor[simple]
[pool-3528-thread-1] INFO org.apache.nifi.processors.standard.RouteText - RouteText[id=38a82a0d-69fc-4d87-a6d1-ec924f6828ee] Created FlowFile[2413,90491616658806.mockFlowFile,24B] from FlowFile[2412,90491616658806.mockFlowFile,24B]; routing to relationship simple
[pool-3528-thread-1] INFO org.apache.nifi.processors.standard.RouteText - RouteText[id=38a82a0d-69fc-4d87-a6d1-ec924f6828ee] Routing FlowFile[2412,90491616658806.mockFlowFile,24B] to original
[main] DEBUG org.apache.nifi.processors.standard.RouteText - RouteText[id=38a82a0d-69fc-4d87-a6d1-ec924f6828ee] Adding new dynamic property: PropertyDescriptor[simple]
[pool-3529-thread-1] INFO org.apache.nifi.processors.standard.RouteText - RouteText[id=38a82a0d-69fc-4d87-a6d1-ec924f6828ee] Created FlowFile[2415,90491617235992.mockFlowFile,24B] from FlowFile[2414,90491617235992.mockFlowFile,24B]; routing to relationship simple
[pool-3529-thread-1] INFO org.apache.nifi.processors.standard.RouteText - RouteText[id=38a82a0d-69fc-4d87-a6d1-ec924f6828ee] Routing FlowFile[2414,90491617235992.mockFlowFile,24B] to original
[main] DEBUG org.apache.nifi.processors.standard.RouteText - RouteText[id=38a82a0d-69fc-4d87-a6d1-ec924f6828ee] Adding new dynamic property: PropertyDescriptor[simple]
[pool-3530-thread-1] INFO org.apache.nifi.processors.standard.RouteText - RouteText[id=38a82a0d-69fc-4d87-a6d1-ec924f6828ee] Created FlowFile[2417,90491617739488.mockFlowFile,24B] from FlowFile[2416,90491617739488.mockFlowFile,24B]; routing to relationship simple
[pool-3530-thread-1] INFO org.apache.nifi.processors.standard.RouteText - RouteText[id=38a82a0d-69fc-4d87-a6d1-ec924f6828ee] Routing FlowFile[2416,90491617739488.mockFlowFile,24B] to original
[main] DEBUG org.apache.nifi.processors.standard.RouteText - RouteText[id=38a82a0d-69fc-4d87-a6d1-ec924f6828ee] Adding new dynamic property: PropertyDescriptor[simple]
[pool-3531-thread-1] INFO org.apache.nifi.processors.standard.RouteText - RouteText[id=38a82a0d-69fc-4d87-a6d1-ec924f6828ee] Created FlowFile[2419,90491618269580.mockFlowFile,24B] from FlowFile[2418,90491618269580.mockFlowFile,24B]; routing to relationship simple
[pool-3531-thread-1] INFO org.apache.nifi.processors.standard.RouteText - RouteText[id=38a82a0d-69fc-4d87-a6d1-ec924f6828ee] Routing FlowFile[2418,90491618269580.mockFlowFile,24B] to original
[main] DEBUG org.apache.nifi.processors.standard.RouteText - RouteText[id=38a82a0d-69fc-4d87-a6d1-ec924f6828ee] Adding new dynamic property: PropertyDescriptor[simple]
[pool-3532-thread-1] INFO org.apache.nifi.processors.standard.RouteText - RouteText[id=38a82a0d-69fc-4d87-a6d1-ec924f6828ee] Created FlowFile[2421,90491618720178.mockFlowFile,24B] from FlowFile[2420,90491618720178.mockFlowFile,24B]; routing to relationship simple
[pool-3532-thread-1] INFO org.apache.nifi.processors.standard.RouteText - RouteText[id=38a82a0d-69fc-4d87-a6d1-ec924f6828ee] Routing FlowFile[2420,90491618720178.mockFlowFile,24B] to original
[main] DEBUG org.apache.nifi.processors.standard.RouteText - RouteText[id=38a82a0d-69fc-4d87-a6d1-ec924f6828ee] Adding new dynamic property: PropertyDescriptor[simple]
[pool-3533-thread-1] INFO org.apache.nifi.processors.standard.RouteText - RouteText[id=38a82a0d-69fc-4d87-a6d1-ec924f6828ee] Created FlowFile[2423,90491619167946.mockFlowFile,24B] from FlowFile[2422,90491619167946.mockFlowFile,24B]; routing to relationship simple
[pool-3533-thread-1] INFO org.apache.nifi.processors.standard.RouteText - RouteText[id=38a82a0d-69fc-4d87-a6d1-ec924f6828ee] Routing FlowFile[2422,90491619167946.mockFlowFile,24B] to original
[main] DEBUG org.apache.nifi.processors.standard.RouteText - RouteText[id=38a82a0d-69fc-4d87-a6d1-ec924f6828ee] Adding new dynamic property: PropertyDescriptor[simple]
[pool-3534-thread-1] INFO org.apache.nifi.processors.standard.RouteText - RouteText[id=38a82a0d-69fc-4d87-a6d1-ec924f6828ee] Created FlowFile[2425,90491619742131.mockFlowFile,24B] from FlowFile[2424,90491619742131.mockFlowFile,24B]; routing to relationship simple
[pool-3534-thread-1] INFO org.apache.nifi.processors.standard.RouteText - RouteText[id=38a82a0d-69fc-4d87-a6d1-ec924f6828ee] Routing FlowFile[2424,90491619742131.mockFlowFile,24B] to original
[main] DEBUG org.apache.nifi.processors.standard.RouteText - RouteText[id=38a82a0d-69fc-4d87-a6d1-ec924f6828ee] Adding new dynamic property: PropertyDescriptor[simple]
[pool-3535-thread-1] INFO org.apache.nifi.processors.standard.RouteText - RouteText[id=38a82a0d-69fc-4d87-a6d1-ec924f6828ee] Created FlowFile[2427,90491620316407.mockFlowFile,24B] from FlowFile[2426,90491620316407.mockFlowFile,24B]; routing to relationship simple
[pool-3535-thread-1] INFO org.apache.nifi.processors.standard.RouteText - RouteText[id=38a82a0d-69fc-4d87-a6d1-ec924f6828ee] Routing FlowFile[2426,90491620316407.mockFlowFile,24B] to original
[main] DEBUG org.apache.nifi.processors.standard.RouteText - RouteText[id=38a82a0d-69fc-4d87-a6d1-ec924f6828ee] Adding new dynamic property: PropertyDescriptor[simple]
[pool-3536-thread-1] INFO org.apache.nifi.processors.standard.RouteText - RouteText[id=38a82a0d-69fc-4d87-a6d1-ec924f6828ee] Created FlowFile[2429,90491620949896.mockFlowFile,24B] from FlowFile[2428,90491620949896.mockFlowFile,24B]; routing to relationship simple
[pool-3536-thread-1] INFO org.apache.nifi.processors.standard.RouteText - RouteText[id=38a82a0d-69fc-4d87-a6d1-ec924f6828ee] Routing FlowFile[2428,90491620949896.mockFlowFile,24B] to original
[main] DEBUG org.apache.nifi.processors.standard.RouteText - RouteText[id=38a82a0d-69fc-4d87-a6d1-ec924f6828ee] Adding new dynamic property: PropertyDescriptor[simple]
[pool-3537-thread-1] INFO org.apache.nifi.processors.standard.RouteText - RouteText[id=38a82a0d-69fc-4d87-a6d1-ec924f6828ee] Created FlowFile[2431,90491621530360.mockFlowFile,24B] from FlowFile[2430,90491621530360.mockFlowFile,24B]; routing to relationship simple
[pool-3537-thread-1] INFO org.apache.nifi.processors.standard.RouteText - RouteText[id=38a82a0d-69fc-4d87-a6d1-ec924f6828ee] Routing FlowFile[2430,90491621530360.mockFlowFile,24B] to original
[main] DEBUG org.apache.nifi.processors.standard.RouteText - RouteText[id=38a82a0d-69fc-4d87-a6d1-ec924f6828ee] Adding new dynamic property: PropertyDescriptor[simple]
[pool-3538-thread-1] INFO org.apache.nifi.processors.standard.RouteText - RouteText[id=38a82a0d-69fc-4d87-a6d1-ec924f6828ee] Created FlowFile[2433,90491622120039.mockFlowFile,24B] from FlowFile[2432,90491622120039.mockFlowFile,24B]; routing to relationship simple
[pool-3538-thread-1] INFO org.apache.nifi.processors.standard.RouteText - RouteText[id=38a82a0d-69fc-4d87-a6d1-ec924f6828ee] Routing FlowFile[2432,90491622120039.mockFlowFile,24B] to original
[main] DEBUG org.apache.nifi.processors.standard.RouteText - RouteText[id=38a82a0d-69fc-4d87-a6d1-ec924f6828ee] Adding new dynamic property: PropertyDescriptor[simple]
[pool-3539-thread-1] INFO org.apache.nifi.processors.standard.RouteText - RouteText[id=38a82a0d-69fc-4d87-a6d1-ec924f6828ee] Created FlowFile[2435,90491622596634.mockFlowFile,24B] from FlowFile[2434,90491622596634.mockFlowFile,24B]; routing to relationship simple
[pool-3539-thread-1] INFO org.apache.nifi.processors.standard.RouteText - RouteText[id=38a82a0d-69fc-4d87-a6d1-ec924f6828ee] Routing FlowFile[2434,90491622596634.mockFlowFile,24B] to original
[main] DEBUG org.apache.nifi.processors.standard.RouteText - RouteText[id=38a82a0d-69fc-4d87-a6d1-ec924f6828ee] Adding new dynamic property: PropertyDescriptor[simple]
[pool-3540-thread-1] INFO org.apache.nifi.processors.standard.RouteText - RouteText[id=38a82a0d-69fc-4d87-a6d1-ec924f6828ee] Created FlowFile[2437,90491623067504.mockFlowFile,24B] from FlowFile[2436,90491623067504.mockFlowFile,24B]; routing to relationship simple
[pool-3540-thread-1] INFO org.apache.nifi.processors.standard.RouteText - RouteText[id=38a82a0d-69fc-4d87-a6d1-ec924f6828ee] Routing FlowFile[2436,90491623067504.mockFlowFile,24B] to original
[main] DEBUG org.apache.nifi.processors.standard.RouteText - RouteText[id=38a82a0d-69fc-4d87-a6d1-ec924f6828ee] Adding new dynamic property: PropertyDescriptor[simple]
[pool-3541-thread-1] INFO org.apache.nifi.processors.standard.RouteText - RouteText[id=38a82a0d-69fc-4d87-a6d1-ec924f6828ee] Created FlowFile[2439,90491623679995.mockFlowFile,24B] from FlowFile[2438,90491623679995.mockFlowFile,24B]; routing to relationship simple
[pool-3541-thread-1] INFO org.apache.nifi.processors.standard.RouteText - RouteText[id=38a82a0d-69fc-4d87-a6d1-ec924f6828ee] Routing FlowFile[2438,90491623679995.mockFlowFile,24B] to original
[main] DEBUG org.apache.nifi.processors.standard.RouteText - RouteText[id=38a82a0d-69fc-4d87-a6d1-ec924f6828ee] Adding new dynamic property: PropertyDescriptor[simple]
[pool-3542-thread-1] INFO org.apache.nifi.processors.standard.RouteText - RouteText[id=38a82a0d-69fc-4d87-a6d1-ec924f6828ee] Created FlowFile[2441,90491624255380.mockFlowFile,24B] from FlowFile[2440,90491624255380.mockFlowFile,24B]; routing to relationship simple
[pool-3542-thread-1] INFO org.apache.nifi.processors.standard.RouteText - RouteText[id=38a82a0d-69fc-4d87-a6d1-ec924f6828ee] Routing FlowFile[2440,90491624255380.mockFlowFile,24B] to original
[main] DEBUG org.apache.nifi.processors.standard.RouteText - RouteText[id=38a82a0d-69fc-4d87-a6d1-ec924f6828ee] Adding new dynamic property: PropertyDescriptor[simple]
[pool-3543-thread-1] INFO org.apache.nifi.processors.standard.RouteText - RouteText[id=38a82a0d-69fc-4d87-a6d1-ec924f6828ee] Created FlowFile[2443,90491624776297.mockFlowFile,24B] from FlowFile[2442,90491624776297.mockFlowFile,24B]; routing to relationship simple
[pool-3543-thread-1] INFO org.apache.nifi.processors.standard.RouteText - RouteText[id=38a82a0d-69fc-4d87-a6d1-ec924f6828ee] Routing FlowFile[2442,90491624776297.mockFlowFile,24B] to original
[main] DEBUG org.apache.nifi.processors.standard.RouteText - RouteText[id=38a82a0d-69fc-4d87-a6d1-ec924f6828ee] Adding new dynamic property: PropertyDescriptor[simple]
[pool-3544-thread-1] INFO org.apache.nifi.processors.standard.RouteText - RouteText[id=38a82a0d-69fc-4d87-a6d1-ec924f6828ee] Created FlowFile[2445,90491625256368.mockFlowFile,24B] from FlowFile[2444,90491625256368.mockFlowFile,24B]; routing to relationship simple
[pool-3544-thread-1] INFO org.apache.nifi.processors.standard.RouteText - RouteText[id=38a82a0d-69fc-4d87-a6d1-ec924f6828ee] Routing FlowFile[2444,90491625256368.mockFlowFile,24B] to original
[main] DEBUG org.apache.nifi.processors.standard.RouteText - RouteText[id=38a82a0d-69fc-4d87-a6d1-ec924f6828ee] Adding new dynamic property: PropertyDescriptor[simple]
[pool-3545-thread-1] INFO org.apache.nifi.processors.standard.RouteText - RouteText[id=38a82a0d-69fc-4d87-a6d1-ec924f6828ee] Created FlowFile[2447,90491625728394.mockFlowFile,24B] from FlowFile[2446,90491625728394.mockFlowFile,24B]; routing to relationship simple
[pool-3545-thread-1] INFO org.apache.nifi.processors.standard.RouteText - RouteText[id=38a82a0d-69fc-4d87-a6d1-ec924f6828ee] Routing FlowFile[2446,90491625728394.mockFlowFile,24B] to original
[main] DEBUG org.apache.nifi.processors.standard.RouteText - RouteText[id=38a82a0d-69fc-4d87-a6d1-ec924f6828ee] Adding new dynamic property: PropertyDescriptor[simple]
[pool-3546-thread-1] INFO org.apache.nifi.processors.standard.RouteText - RouteText[id=38a82a0d-69fc-4d87-a6d1-ec924f6828ee] Created FlowFile[2449,90491626214253.mockFlowFile,24B] from FlowFile[2448,90491626214253.mockFlowFile,24B]; routing to relationship simple
[pool-3546-thread-1] INFO org.apache.nifi.processors.standard.RouteText - RouteText[id=38a82a0d-69fc-4d87-a6d1-ec924f6828ee] Routing FlowFile[2448,90491626214253.mockFlowFile,24B] to original
[main] DEBUG org.apache.nifi.processors.standard.RouteText - RouteText[id=38a82a0d-69fc-4d87-a6d1-ec924f6828ee] Adding new dynamic property: PropertyDescriptor[simple]
[pool-3547-thread-1] INFO org.apache.nifi.processors.standard.RouteText - RouteText[id=38a82a0d-69fc-4d87-a6d1-ec924f6828ee] Created FlowFile[2451,90491626660054.mockFlowFile,24B] from FlowFile[2450,90491626660054.mockFlowFile,24B]; routing to relationship simple
[pool-3547-thread-1] INFO org.apache.nifi.processors.standard.RouteText - RouteText[id=38a82a0d-69fc-4d87-a6d1-ec924f6828ee] Routing FlowFile[2450,90491626660054.mockFlowFile,24B] to original
[main] DEBUG org.apache.nifi.processors.standard.RouteText - RouteText[id=38a82a0d-69fc-4d87-a6d1-ec924f6828ee] Adding new dynamic property: PropertyDescriptor[simple]
[pool-3548-thread-1] INFO org.apache.nifi.processors.standard.RouteText - RouteText[id=38a82a0d-69fc-4d87-a6d1-ec924f6828ee] Created FlowFile[2453,90491627126579.mockFlowFile,24B] from FlowFile[2452,90491627126579.mockFlowFile,24B]; routing to relationship simple
[pool-3548-thread-1] INFO org.apache.nifi.processors.standard.RouteText - RouteText[id=38a82a0d-69fc-4d87-a6d1-ec924f6828ee] Routing FlowFile[2452,90491627126579.mockFlowFile,24B] to original
[main] DEBUG org.apache.nifi.processors.standard.RouteText - RouteText[id=38a82a0d-69fc-4d87-a6d1-ec924f6828ee] Adding new dynamic property: PropertyDescriptor[simple]
[pool-3549-thread-1] INFO org.apache.nifi.processors.standard.RouteText - RouteText[id=38a82a0d-69fc-4d87-a6d1-ec924f6828ee] Created FlowFile[2455,90491627594029.mockFlowFile,24B] from FlowFile[2454,90491627594029.mockFlowFile,24B]; routing to relationship simple
[pool-3549-thread-1] INFO org.apache.nifi.processors.standard.RouteText - RouteText[id=38a82a0d-69fc-4d87-a6d1-ec924f6828ee] Routing FlowFile[2454,90491627594029.mockFlowFile,24B] to original
[main] DEBUG org.apache.nifi.processors.standard.RouteText - RouteText[id=38a82a0d-69fc-4d87-a6d1-ec924f6828ee] Adding new dynamic property: PropertyDescriptor[simple]
[pool-3550-thread-1] INFO org.apache.nifi.processors.standard.RouteText - RouteText[id=38a82a0d-69fc-4d87-a6d1-ec924f6828ee] Created FlowFile[2457,90491628098892.mockFlowFile,24B] from FlowFile[2456,90491628098892.mockFlowFile,24B]; routing to relationship simple
[pool-3550-thread-1] INFO org.apache.nifi.processors.standard.RouteText - RouteText[id=38a82a0d-69fc-4d87-a6d1-ec924f6828ee] Routing FlowFile[2456,90491628098892.mockFlowFile,24B] to original
[main] DEBUG org.apache.nifi.processors.standard.RouteText - RouteText[id=38a82a0d-69fc-4d87-a6d1-ec924f6828ee] Adding new dynamic property: PropertyDescriptor[simple]
[pool-3551-thread-1] INFO org.apache.nifi.processors.standard.RouteText - RouteText[id=38a82a0d-69fc-4d87-a6d1-ec924f6828ee] Created FlowFile[2459,90491628589448.mockFlowFile,24B] from FlowFile[2458,90491628589448.mockFlowFile,24B]; routing to relationship simple
[pool-3551-thread-1] INFO org.apache.nifi.processors.standard.RouteText - RouteText[id=38a82a0d-69fc-4d87-a6d1-ec924f6828ee] Routing FlowFile[2458,90491628589448.mockFlowFile,24B] to original
[main] DEBUG org.apache.nifi.processors.standard.RouteText - RouteText[id=38a82a0d-69fc-4d87-a6d1-ec924f6828ee] Adding new dynamic property: PropertyDescriptor[simple]
[pool-3552-thread-1] INFO org.apache.nifi.processors.standard.RouteText - RouteText[id=38a82a0d-69fc-4d87-a6d1-ec924f6828ee] Created FlowFile[2461,90491629115446.mockFlowFile,24B] from FlowFile[2460,90491629115446.mockFlowFile,24B]; routing to relationship simple
[pool-3552-thread-1] INFO org.apache.nifi.processors.standard.RouteText - RouteText[id=38a82a0d-69fc-4d87-a6d1-ec924f6828ee] Routing FlowFile[2460,90491629115446.mockFlowFile,24B] to original
[main] DEBUG org.apache.nifi.processors.standard.RouteText - RouteText[id=38a82a0d-69fc-4d87-a6d1-ec924f6828ee] Adding new dynamic property: PropertyDescriptor[simple]
[pool-3553-thread-1] INFO org.apache.nifi.processors.standard.RouteText - RouteText[id=38a82a0d-69fc-4d87-a6d1-ec924f6828ee] Created FlowFile[2463,90491629659474.mockFlowFile,24B] from FlowFile[2462,90491629659474.mockFlowFile,24B]; routing to relationship simple
[pool-3553-thread-1] INFO org.apache.nifi.processors.standard.RouteText - RouteText[id=38a82a0d-69fc-4d87-a6d1-ec924f6828ee] Routing FlowFile[2462,90491629659474.mockFlowFile,24B] to original
[main] DEBUG org.apache.nifi.processors.standard.RouteText - RouteText[id=38a82a0d-69fc-4d87-a6d1-ec924f6828ee] Adding new dynamic property: PropertyDescriptor[simple]
[pool-3554-thread-1] INFO org.apache.nifi.processors.standard.RouteText - RouteText[id=38a82a0d-69fc-4d87-a6d1-ec924f6828ee] Created FlowFile[2465,90491630178209.mockFlowFile,24B] from FlowFile[2464,90491630178209.mockFlowFile,24B]; routing to relationship simple
[pool-3554-thread-1] INFO org.apache.nifi.processors.standard.RouteText - RouteText[id=38a82a0d-69fc-4d87-a6d1-ec924f6828ee] Routing FlowFile[2464,90491630178209.mockFlowFile,24B] to original
[main] DEBUG org.apache.nifi.processors.standard.RouteText - RouteText[id=38a82a0d-69fc-4d87-a6d1-ec924f6828ee] Adding new dynamic property: PropertyDescriptor[simple]
[pool-3555-thread-1] INFO org.apache.nifi.processors.standard.RouteText - RouteText[id=38a82a0d-69fc-4d87-a6d1-ec924f6828ee] Created FlowFile[2467,90491630741456.mockFlowFile,24B] from FlowFile[2466,90491630741456.mockFlowFile,24B]; routing to relationship simple
[pool-3555-thread-1] INFO org.apache.nifi.processors.standard.RouteText - RouteText[id=38a82a0d-69fc-4d87-a6d1-ec924f6828ee] Routing FlowFile[2466,90491630741456.mockFlowFile,24B] to original
[main] DEBUG org.apache.nifi.processors.standard.RouteText - RouteText[id=38a82a0d-69fc-4d87-a6d1-ec924f6828ee] Adding new dynamic property: PropertyDescriptor[simple]
[pool-3556-thread-1] INFO org.apache.nifi.processors.standard.RouteText - RouteText[id=38a82a0d-69fc-4d87-a6d1-ec924f6828ee] Created FlowFile[2469,90491631319152.mockFlowFile,24B] from FlowFile[2468,90491631319152.mockFlowFile,24B]; routing to relationship simple
[pool-3556-thread-1] INFO org.apache.nifi.processors.standard.RouteText - RouteText[id=38a82a0d-69fc-4d87-a6d1-ec924f6828ee] Routing FlowFile[2468,90491631319152.mockFlowFile,24B] to original
[main] DEBUG org.apache.nifi.processors.standard.RouteText - RouteText[id=38a82a0d-69fc-4d87-a6d1-ec924f6828ee] Adding new dynamic property: PropertyDescriptor[simple]
[pool-3557-thread-1] INFO org.apache.nifi.processors.standard.RouteText - RouteText[id=38a82a0d-69fc-4d87-a6d1-ec924f6828ee] Created FlowFile[2471,90491631860375.mockFlowFile,24B] from FlowFile[2470,90491631860375.mockFlowFile,24B]; routing to relationship simple
[pool-3557-thread-1] INFO org.apache.nifi.processors.standard.RouteText - RouteText[id=38a82a0d-69fc-4d87-a6d1-ec924f6828ee] Routing FlowFile[2470,90491631860375.mockFlowFile,24B] to original
[main] DEBUG org.apache.nifi.processors.standard.RouteText - RouteText[id=38a82a0d-69fc-4d87-a6d1-ec924f6828ee] Adding new dynamic property: PropertyDescriptor[simple]
[pool-3558-thread-1] INFO org.apache.nifi.processors.standard.RouteText - RouteText[id=38a82a0d-69fc-4d87-a6d1-ec924f6828ee] Created FlowFile[2473,90491632405407.mockFlowFile,24B] from FlowFile[2472,90491632405407.mockFlowFile,24B]; routing to relationship simple
[pool-3558-thread-1] INFO org.apache.nifi.processors.standard.RouteText - RouteText[id=38a82a0d-69fc-4d87-a6d1-ec924f6828ee] Routing FlowFile[2472,90491632405407.mockFlowFile,24B] to original
[main] DEBUG org.apache.nifi.processors.standard.RouteText - RouteText[id=38a82a0d-69fc-4d87-a6d1-ec924f6828ee] Adding new dynamic property: PropertyDescriptor[simple]
[pool-3559-thread-1] INFO org.apache.nifi.processors.standard.RouteText - RouteText[id=38a82a0d-69fc-4d87-a6d1-ec924f6828ee] Created FlowFile[2475,90491632897137.mockFlowFile,24B] from FlowFile[2474,90491632897137.mockFlowFile,24B]; routing to relationship simple
[pool-3559-thread-1] INFO org.apache.nifi.processors.standard.RouteText - RouteText[id=38a82a0d-69fc-4d87-a6d1-ec924f6828ee] Routing FlowFile[2474,90491632897137.mockFlowFile,24B] to original
[main] DEBUG org.apache.nifi.processors.standard.RouteText - RouteText[id=38a82a0d-69fc-4d87-a6d1-ec924f6828ee] Adding new dynamic property: PropertyDescriptor[simple]
[pool-3560-thread-1] INFO org.apache.nifi.processors.standard.RouteText - RouteText[id=38a82a0d-69fc-4d87-a6d1-ec924f6828ee] Created FlowFile[2477,90491633382561.mockFlowFile,24B] from FlowFile[2476,90491633382561.mockFlowFile,24B]; routing to relationship simple
[pool-3560-thread-1] INFO org.apache.nifi.processors.standard.RouteText - RouteText[id=38a82a0d-69fc-4d87-a6d1-ec924f6828ee] Routing FlowFile[2476,90491633382561.mockFlowFile,24B] to original
[main] DEBUG org.apache.nifi.processors.standard.RouteText - RouteText[id=38a82a0d-69fc-4d87-a6d1-ec924f6828ee] Adding new dynamic property: PropertyDescriptor[simple]
[pool-3561-thread-1] INFO org.apache.nifi.processors.standard.RouteText - RouteText[id=38a82a0d-69fc-4d87-a6d1-ec924f6828ee] Created FlowFile[2479,90491633867112.mockFlowFile,24B] from FlowFile[2478,90491633867112.mockFlowFile,24B]; routing to relationship simple
[pool-3561-thread-1] INFO org.apache.nifi.processors.standard.RouteText - RouteText[id=38a82a0d-69fc-4d87-a6d1-ec924f6828ee] Routing FlowFile[2478,90491633867112.mockFlowFile,24B] to original
[main] DEBUG org.apache.nifi.processors.standard.RouteText - RouteText[id=38a82a0d-69fc-4d87-a6d1-ec924f6828ee] Adding new dynamic property: PropertyDescriptor[simple]
[pool-3562-thread-1] INFO org.apache.nifi.processors.standard.RouteText - RouteText[id=38a82a0d-69fc-4d87-a6d1-ec924f6828ee] Created FlowFile[2481,90491634356180.mockFlowFile,24B] from FlowFile[2480,90491634356180.mockFlowFile,24B]; routing to relationship simple
[pool-3562-thread-1] INFO org.apache.nifi.processors.standard.RouteText - RouteText[id=38a82a0d-69fc-4d87-a6d1-ec924f6828ee] Routing FlowFile[2480,90491634356180.mockFlowFile,24B] to original
[main] DEBUG org.apache.nifi.processors.standard.RouteText - RouteText[id=38a82a0d-69fc-4d87-a6d1-ec924f6828ee] Adding new dynamic property: PropertyDescriptor[simple]
[pool-3563-thread-1] INFO org.apache.nifi.processors.standard.RouteText - RouteText[id=38a82a0d-69fc-4d87-a6d1-ec924f6828ee] Created FlowFile[2483,90491634828179.mockFlowFile,24B] from FlowFile[2482,90491634828179.mockFlowFile,24B]; routing to relationship simple
[pool-3563-thread-1] INFO org.apache.nifi.processors.standard.RouteText - RouteText[id=38a82a0d-69fc-4d87-a6d1-ec924f6828ee] Routing FlowFile[2482,90491634828179.mockFlowFile,24B] to original
[main] DEBUG org.apache.nifi.processors.standard.RouteText - RouteText[id=38a82a0d-69fc-4d87-a6d1-ec924f6828ee] Adding new dynamic property: PropertyDescriptor[simple]
[pool-3564-thread-1] INFO org.apache.nifi.processors.standard.RouteText - RouteText[id=38a82a0d-69fc-4d87-a6d1-ec924f6828ee] Created FlowFile[2485,90491635291993.mockFlowFile,24B] from FlowFile[2484,90491635291993.mockFlowFile,24B]; routing to relationship simple
[pool-3564-thread-1] INFO org.apache.nifi.processors.standard.RouteText - RouteText[id=38a82a0d-69fc-4d87-a6d1-ec924f6828ee] Routing FlowFile[2484,90491635291993.mockFlowFile,24B] to original
[main] DEBUG org.apache.nifi.processors.standard.RouteText - RouteText[id=38a82a0d-69fc-4d87-a6d1-ec924f6828ee] Adding new dynamic property: PropertyDescriptor[simple]
[pool-3565-thread-1] INFO org.apache.nifi.processors.standard.RouteText - RouteText[id=38a82a0d-69fc-4d87-a6d1-ec924f6828ee] Created FlowFile[2487,90491635754872.mockFlowFile,24B] from FlowFile[2486,90491635754872.mockFlowFile,24B]; routing to relationship simple
[pool-3565-thread-1] INFO org.apache.nifi.processors.standard.RouteText - RouteText[id=38a82a0d-69fc-4d87-a6d1-ec924f6828ee] Routing FlowFile[2486,90491635754872.mockFlowFile,24B] to original
[main] DEBUG org.apache.nifi.processors.standard.RouteText - RouteText[id=38a82a0d-69fc-4d87-a6d1-ec924f6828ee] Adding new dynamic property: PropertyDescriptor[simple]
[pool-3566-thread-1] INFO org.apache.nifi.processors.standard.RouteText - RouteText[id=38a82a0d-69fc-4d87-a6d1-ec924f6828ee] Created FlowFile[2489,90491636207857.mockFlowFile,24B] from FlowFile[2488,90491636207857.mockFlowFile,24B]; routing to relationship simple
[pool-3566-thread-1] INFO org.apache.nifi.processors.standard.RouteText - RouteText[id=38a82a0d-69fc-4d87-a6d1-ec924f6828ee] Routing FlowFile[2488,90491636207857.mockFlowFile,24B] to original
[main] DEBUG org.apache.nifi.processors.standard.RouteText - RouteText[id=38a82a0d-69fc-4d87-a6d1-ec924f6828ee] Adding new dynamic property: PropertyDescriptor[simple]
[pool-3567-thread-1] INFO org.apache.nifi.processors.standard.RouteText - RouteText[id=38a82a0d-69fc-4d87-a6d1-ec924f6828ee] Created FlowFile[2491,90491636652068.mockFlowFile,24B] from FlowFile[2490,90491636652068.mockFlowFile,24B]; routing to relationship simple
[pool-3567-thread-1] INFO org.apache.nifi.processors.standard.RouteText - RouteText[id=38a82a0d-69fc-4d87-a6d1-ec924f6828ee] Routing FlowFile[2490,90491636652068.mockFlowFile,24B] to original
[main] DEBUG org.apache.nifi.processors.standard.RouteText - RouteText[id=38a82a0d-69fc-4d87-a6d1-ec924f6828ee] Adding new dynamic property: PropertyDescriptor[simple]
[pool-3568-thread-1] INFO org.apache.nifi.processors.standard.RouteText - RouteText[id=38a82a0d-69fc-4d87-a6d1-ec924f6828ee] Created FlowFile[2493,90491637110006.mockFlowFile,24B] from FlowFile[2492,90491637110006.mockFlowFile,24B]; routing to relationship simple
[pool-3568-thread-1] INFO org.apache.nifi.processors.standard.RouteText - RouteText[id=38a82a0d-69fc-4d87-a6d1-ec924f6828ee] Routing FlowFile[2492,90491637110006.mockFlowFile,24B] to original
[main] DEBUG org.apache.nifi.processors.standard.RouteText - RouteText[id=38a82a0d-69fc-4d87-a6d1-ec924f6828ee] Adding new dynamic property: PropertyDescriptor[simple]
[pool-3569-thread-1] INFO org.apache.nifi.processors.standard.RouteText - RouteText[id=38a82a0d-69fc-4d87-a6d1-ec924f6828ee] Created FlowFile[2495,90491637585293.mockFlowFile,24B] from FlowFile[2494,90491637585293.mockFlowFile,24B]; routing to relationship simple
[pool-3569-thread-1] INFO org.apache.nifi.processors.standard.RouteText - RouteText[id=38a82a0d-69fc-4d87-a6d1-ec924f6828ee] Routing FlowFile[2494,90491637585293.mockFlowFile,24B] to original
[main] DEBUG org.apache.nifi.processors.standard.RouteText - RouteText[id=38a82a0d-69fc-4d87-a6d1-ec924f6828ee] Adding new dynamic property: PropertyDescriptor[simple]
[pool-3570-thread-1] INFO org.apache.nifi.processors.standard.RouteText - RouteText[id=38a82a0d-69fc-4d87-a6d1-ec924f6828ee] Created FlowFile[2497,90491638057569.mockFlowFile,24B] from FlowFile[2496,90491638057569.mockFlowFile,24B]; routing to relationship simple
[pool-3570-thread-1] INFO org.apache.nifi.processors.standard.RouteText - RouteText[id=38a82a0d-69fc-4d87-a6d1-ec924f6828ee] Routing FlowFile[2496,90491638057569.mockFlowFile,24B] to original
[main] DEBUG org.apache.nifi.processors.standard.RouteText - RouteText[id=38a82a0d-69fc-4d87-a6d1-ec924f6828ee] Adding new dynamic property: PropertyDescriptor[simple]
[pool-3571-thread-1] INFO org.apache.nifi.processors.standard.RouteText - RouteText[id=38a82a0d-69fc-4d87-a6d1-ec924f6828ee] Created FlowFile[2499,90491638512650.mockFlowFile,24B] from FlowFile[2498,90491638512650.mockFlowFile,24B]; routing to relationship simple
[pool-3571-thread-1] INFO org.apache.nifi.processors.standard.RouteText - RouteText[id=38a82a0d-69fc-4d87-a6d1-ec924f6828ee] Routing FlowFile[2498,90491638512650.mockFlowFile,24B] to original
[main] DEBUG org.apache.nifi.processors.standard.RouteText - RouteText[id=38a82a0d-69fc-4d87-a6d1-ec924f6828ee] Adding new dynamic property: PropertyDescriptor[simple]
[pool-3572-thread-1] INFO org.apache.nifi.processors.standard.RouteText - RouteText[id=38a82a0d-69fc-4d87-a6d1-ec924f6828ee] Created FlowFile[2501,90491638968784.mockFlowFile,24B] from FlowFile[2500,90491638968784.mockFlowFile,24B]; routing to relationship simple
[pool-3572-thread-1] INFO org.apache.nifi.processors.standard.RouteText - RouteText[id=38a82a0d-69fc-4d87-a6d1-ec924f6828ee] Routing FlowFile[2500,90491638968784.mockFlowFile,24B] to original
[main] DEBUG org.apache.nifi.processors.standard.RouteText - RouteText[id=38a82a0d-69fc-4d87-a6d1-ec924f6828ee] Adding new dynamic property: PropertyDescriptor[simple]
[pool-3573-thread-1] INFO org.apache.nifi.processors.standard.RouteText - RouteText[id=38a82a0d-69fc-4d87-a6d1-ec924f6828ee] Created FlowFile[2503,90491639444286.mockFlowFile,24B] from FlowFile[2502,90491639444286.mockFlowFile,24B]; routing to relationship simple
[pool-3573-thread-1] INFO org.apache.nifi.processors.standard.RouteText - RouteText[id=38a82a0d-69fc-4d87-a6d1-ec924f6828ee] Routing FlowFile[2502,90491639444286.mockFlowFile,24B] to original
[main] DEBUG org.apache.nifi.processors.standard.RouteText - RouteText[id=38a82a0d-69fc-4d87-a6d1-ec924f6828ee] Adding new dynamic property: PropertyDescriptor[simple]
[pool-3574-thread-1] INFO org.apache.nifi.processors.standard.RouteText - RouteText[id=38a82a0d-69fc-4d87-a6d1-ec924f6828ee] Created FlowFile[2505,90491639913705.mockFlowFile,24B] from FlowFile[2504,90491639913705.mockFlowFile,24B]; routing to relationship simple
[pool-3574-thread-1] INFO org.apache.nifi.processors.standard.RouteText - RouteText[id=38a82a0d-69fc-4d87-a6d1-ec924f6828ee] Routing FlowFile[2504,90491639913705.mockFlowFile,24B] to original
[main] DEBUG org.apache.nifi.processors.standard.RouteText - RouteText[id=38a82a0d-69fc-4d87-a6d1-ec924f6828ee] Adding new dynamic property: PropertyDescriptor[simple]
[pool-3575-thread-1] INFO org.apache.nifi.processors.standard.RouteText - RouteText[id=38a82a0d-69fc-4d87-a6d1-ec924f6828ee] Created FlowFile[2507,90491640371884.mockFlowFile,24B] from FlowFile[2506,90491640371884.mockFlowFile,24B]; routing to relationship simple
[pool-3575-thread-1] INFO org.apache.nifi.processors.standard.RouteText - RouteText[id=38a82a0d-69fc-4d87-a6d1-ec924f6828ee] Routing FlowFile[2506,90491640371884.mockFlowFile,24B] to original
[main] DEBUG org.apache.nifi.processors.standard.RouteText - RouteText[id=38a82a0d-69fc-4d87-a6d1-ec924f6828ee] Adding new dynamic property: PropertyDescriptor[simple]
[pool-3576-thread-1] INFO org.apache.nifi.processors.standard.RouteText - RouteText[id=38a82a0d-69fc-4d87-a6d1-ec924f6828ee] Created FlowFile[2509,90491640811331.mockFlowFile,24B] from FlowFile[2508,90491640811331.mockFlowFile,24B]; routing to relationship simple
[pool-3576-thread-1] INFO org.apache.nifi.processors.standard.RouteText - RouteText[id=38a82a0d-69fc-4d87-a6d1-ec924f6828ee] Routing FlowFile[2508,90491640811331.mockFlowFile,24B] to original
[main] DEBUG org.apache.nifi.processors.standard.RouteText - RouteText[id=38a82a0d-69fc-4d87-a6d1-ec924f6828ee] Adding new dynamic property: PropertyDescriptor[simple]
[pool-3577-thread-1] INFO org.apache.nifi.processors.standard.RouteText - RouteText[id=38a82a0d-69fc-4d87-a6d1-ec924f6828ee] Created FlowFile[2511,90491641263257.mockFlowFile,24B] from FlowFile[2510,90491641263257.mockFlowFile,24B]; routing to relationship simple
[pool-3577-thread-1] INFO org.apache.nifi.processors.standard.RouteText - RouteText[id=38a82a0d-69fc-4d87-a6d1-ec924f6828ee] Routing FlowFile[2510,90491641263257.mockFlowFile,24B] to original
[main] DEBUG org.apache.nifi.processors.standard.RouteText - RouteText[id=38a82a0d-69fc-4d87-a6d1-ec924f6828ee] Adding new dynamic property: PropertyDescriptor[simple]
[pool-3578-thread-1] INFO org.apache.nifi.processors.standard.RouteText - RouteText[id=38a82a0d-69fc-4d87-a6d1-ec924f6828ee] Created FlowFile[2513,90491641720252.mockFlowFile,24B] from FlowFile[2512,90491641720252.mockFlowFile,24B]; routing to relationship simple
[pool-3578-thread-1] INFO org.apache.nifi.processors.standard.RouteText - RouteText[id=38a82a0d-69fc-4d87-a6d1-ec924f6828ee] Routing FlowFile[2512,90491641720252.mockFlowFile,24B] to original
[main] DEBUG org.apache.nifi.processors.standard.RouteText - RouteText[id=38a82a0d-69fc-4d87-a6d1-ec924f6828ee] Adding new dynamic property: PropertyDescriptor[simple]
[pool-3579-thread-1] INFO org.apache.nifi.processors.standard.RouteText - RouteText[id=38a82a0d-69fc-4d87-a6d1-ec924f6828ee] Created FlowFile[2515,90491642149546.mockFlowFile,24B] from FlowFile[2514,90491642149546.mockFlowFile,24B]; routing to relationship simple
[pool-3579-thread-1] INFO org.apache.nifi.processors.standard.RouteText - RouteText[id=38a82a0d-69fc-4d87-a6d1-ec924f6828ee] Routing FlowFile[2514,90491642149546.mockFlowFile,24B] to original
[main] DEBUG org.apache.nifi.processors.standard.RouteText - RouteText[id=38a82a0d-69fc-4d87-a6d1-ec924f6828ee] Adding new dynamic property: PropertyDescriptor[simple]
[pool-3580-thread-1] INFO org.apache.nifi.processors.standard.RouteText - RouteText[id=38a82a0d-69fc-4d87-a6d1-ec924f6828ee] Created FlowFile[2517,90491642571945.mockFlowFile,24B] from FlowFile[2516,90491642571945.mockFlowFile,24B]; routing to relationship simple
[pool-3580-thread-1] INFO org.apache.nifi.processors.standard.RouteText - RouteText[id=38a82a0d-69fc-4d87-a6d1-ec924f6828ee] Routing FlowFile[2516,90491642571945.mockFlowFile,24B] to original
[main] DEBUG org.apache.nifi.processors.standard.RouteText - RouteText[id=38a82a0d-69fc-4d87-a6d1-ec924f6828ee] Adding new dynamic property: PropertyDescriptor[simple]
[pool-3581-thread-1] INFO org.apache.nifi.processors.standard.RouteText - RouteText[id=38a82a0d-69fc-4d87-a6d1-ec924f6828ee] Created FlowFile[2519,90491642998504.mockFlowFile,24B] from FlowFile[2518,90491642998504.mockFlowFile,24B]; routing to relationship simple
[pool-3581-thread-1] INFO org.apache.nifi.processors.standard.RouteText - RouteText[id=38a82a0d-69fc-4d87-a6d1-ec924f6828ee] Routing FlowFile[2518,90491642998504.mockFlowFile,24B] to original
[main] DEBUG org.apache.nifi.processors.standard.RouteText - RouteText[id=38a82a0d-69fc-4d87-a6d1-ec924f6828ee] Adding new dynamic property: PropertyDescriptor[simple]
[pool-3582-thread-1] INFO org.apache.nifi.processors.standard.RouteText - RouteText[id=38a82a0d-69fc-4d87-a6d1-ec924f6828ee] Created FlowFile[2521,90491643483559.mockFlowFile,24B] from FlowFile[2520,90491643483559.mockFlowFile,24B]; routing to relationship simple
[pool-3582-thread-1] INFO org.apache.nifi.processors.standard.RouteText - RouteText[id=38a82a0d-69fc-4d87-a6d1-ec924f6828ee] Routing FlowFile[2520,90491643483559.mockFlowFile,24B] to original
[main] DEBUG org.apache.nifi.processors.standard.RouteText - RouteText[id=38a82a0d-69fc-4d87-a6d1-ec924f6828ee] Adding new dynamic property: PropertyDescriptor[simple]
[pool-3583-thread-1] INFO org.apache.nifi.processors.standard.RouteText - RouteText[id=38a82a0d-69fc-4d87-a6d1-ec924f6828ee] Created FlowFile[2523,90491643932609.mockFlowFile,24B] from FlowFile[2522,90491643932609.mockFlowFile,24B]; routing to relationship simple
[pool-3583-thread-1] INFO org.apache.nifi.processors.standard.RouteText - RouteText[id=38a82a0d-69fc-4d87-a6d1-ec924f6828ee] Routing FlowFile[2522,90491643932609.mockFlowFile,24B] to original
[main] DEBUG org.apache.nifi.processors.standard.RouteText - RouteText[id=38a82a0d-69fc-4d87-a6d1-ec924f6828ee] Adding new dynamic property: PropertyDescriptor[simple]
[pool-3584-thread-1] INFO org.apache.nifi.processors.standard.RouteText - RouteText[id=38a82a0d-69fc-4d87-a6d1-ec924f6828ee] Created FlowFile[2525,90491644427500.mockFlowFile,24B] from FlowFile[2524,90491644427500.mockFlowFile,24B]; routing to relationship simple
[pool-3584-thread-1] INFO org.apache.nifi.processors.standard.RouteText - RouteText[id=38a82a0d-69fc-4d87-a6d1-ec924f6828ee] Routing FlowFile[2524,90491644427500.mockFlowFile,24B] to original
[main] DEBUG org.apache.nifi.processors.standard.RouteText - RouteText[id=38a82a0d-69fc-4d87-a6d1-ec924f6828ee] Adding new dynamic property: PropertyDescriptor[simple]
[pool-3585-thread-1] INFO org.apache.nifi.processors.standard.RouteText - RouteText[id=38a82a0d-69fc-4d87-a6d1-ec924f6828ee] Created FlowFile[2527,90491644900153.mockFlowFile,24B] from FlowFile[2526,90491644900153.mockFlowFile,24B]; routing to relationship simple
[pool-3585-thread-1] INFO org.apache.nifi.processors.standard.RouteText - RouteText[id=38a82a0d-69fc-4d87-a6d1-ec924f6828ee] Routing FlowFile[2526,90491644900153.mockFlowFile,24B] to original
[main] DEBUG org.apache.nifi.processors.standard.RouteText - RouteText[id=38a82a0d-69fc-4d87-a6d1-ec924f6828ee] Adding new dynamic property: PropertyDescriptor[simple]
[pool-3586-thread-1] INFO org.apache.nifi.processors.standard.RouteText - RouteText[id=38a82a0d-69fc-4d87-a6d1-ec924f6828ee] Created FlowFile[2529,90491645331071.mockFlowFile,24B] from FlowFile[2528,90491645331071.mockFlowFile,24B]; routing to relationship simple
[pool-3586-thread-1] INFO org.apache.nifi.processors.standard.RouteText - RouteText[id=38a82a0d-69fc-4d87-a6d1-ec924f6828ee] Routing FlowFile[2528,90491645331071.mockFlowFile,24B] to original
[main] DEBUG org.apache.nifi.processors.standard.RouteText - RouteText[id=38a82a0d-69fc-4d87-a6d1-ec924f6828ee] Adding new dynamic property: PropertyDescriptor[simple]
[pool-3587-thread-1] INFO org.apache.nifi.processors.standard.RouteText - RouteText[id=38a82a0d-69fc-4d87-a6d1-ec924f6828ee] Created FlowFile[2531,90491645756479.mockFlowFile,24B] from FlowFile[2530,90491645756479.mockFlowFile,24B]; routing to relationship simple
[pool-3587-thread-1] INFO org.apache.nifi.processors.standard.RouteText - RouteText[id=38a82a0d-69fc-4d87-a6d1-ec924f6828ee] Routing FlowFile[2530,90491645756479.mockFlowFile,24B] to original
[main] DEBUG org.apache.nifi.processors.standard.RouteText - RouteText[id=38a82a0d-69fc-4d87-a6d1-ec924f6828ee] Adding new dynamic property: PropertyDescriptor[simple]
[pool-3588-thread-1] INFO org.apache.nifi.processors.standard.RouteText - RouteText[id=38a82a0d-69fc-4d87-a6d1-ec924f6828ee] Created FlowFile[2533,90491646192603.mockFlowFile,24B] from FlowFile[2532,90491646192603.mockFlowFile,24B]; routing to relationship simple
[pool-3588-thread-1] INFO org.apache.nifi.processors.standard.RouteText - RouteText[id=38a82a0d-69fc-4d87-a6d1-ec924f6828ee] Routing FlowFile[2532,90491646192603.mockFlowFile,24B] to original
[main] DEBUG org.apache.nifi.processors.standard.RouteText - RouteText[id=38a82a0d-69fc-4d87-a6d1-ec924f6828ee] Adding new dynamic property: PropertyDescriptor[simple]
[pool-3589-thread-1] INFO org.apache.nifi.processors.standard.RouteText - RouteText[id=38a82a0d-69fc-4d87-a6d1-ec924f6828ee] Created FlowFile[2535,90491646633994.mockFlowFile,24B] from FlowFile[2534,90491646633994.mockFlowFile,24B]; routing to relationship simple
[pool-3589-thread-1] INFO org.apache.nifi.processors.standard.RouteText - RouteText[id=38a82a0d-69fc-4d87-a6d1-ec924f6828ee] Routing FlowFile[2534,90491646633994.mockFlowFile,24B] to original
[main] DEBUG org.apache.nifi.processors.standard.RouteText - RouteText[id=38a82a0d-69fc-4d87-a6d1-ec924f6828ee] Adding new dynamic property: PropertyDescriptor[simple]
[pool-3590-thread-1] INFO org.apache.nifi.processors.standard.RouteText - RouteText[id=38a82a0d-69fc-4d87-a6d1-ec924f6828ee] Created FlowFile[2537,90491647062468.mockFlowFile,24B] from FlowFile[2536,90491647062468.mockFlowFile,24B]; routing to relationship simple
[pool-3590-thread-1] INFO org.apache.nifi.processors.standard.RouteText - RouteText[id=38a82a0d-69fc-4d87-a6d1-ec924f6828ee] Routing FlowFile[2536,90491647062468.mockFlowFile,24B] to original
[main] DEBUG org.apache.nifi.processors.standard.RouteText - RouteText[id=38a82a0d-69fc-4d87-a6d1-ec924f6828ee] Adding new dynamic property: PropertyDescriptor[simple]
[pool-3591-thread-1] INFO org.apache.nifi.processors.standard.RouteText - RouteText[id=38a82a0d-69fc-4d87-a6d1-ec924f6828ee] Created FlowFile[2539,90491647496359.mockFlowFile,24B] from FlowFile[2538,90491647496359.mockFlowFile,24B]; routing to relationship simple
[pool-3591-thread-1] INFO org.apache.nifi.processors.standard.RouteText - RouteText[id=38a82a0d-69fc-4d87-a6d1-ec924f6828ee] Routing FlowFile[2538,90491647496359.mockFlowFile,24B] to original
[main] DEBUG org.apache.nifi.processors.standard.RouteText - RouteText[id=38a82a0d-69fc-4d87-a6d1-ec924f6828ee] Adding new dynamic property: PropertyDescriptor[simple]
[pool-3592-thread-1] INFO org.apache.nifi.processors.standard.RouteText - RouteText[id=38a82a0d-69fc-4d87-a6d1-ec924f6828ee] Created FlowFile[2541,90491647935536.mockFlowFile,24B] from FlowFile[2540,90491647935536.mockFlowFile,24B]; routing to relationship simple
[pool-3592-thread-1] INFO org.apache.nifi.processors.standard.RouteText - RouteText[id=38a82a0d-69fc-4d87-a6d1-ec924f6828ee] Routing FlowFile[2540,90491647935536.mockFlowFile,24B] to original
[main] DEBUG org.apache.nifi.processors.standard.RouteText - RouteText[id=38a82a0d-69fc-4d87-a6d1-ec924f6828ee] Adding new dynamic property: PropertyDescriptor[simple]
[pool-3593-thread-1] INFO org.apache.nifi.processors.standard.RouteText - RouteText[id=38a82a0d-69fc-4d87-a6d1-ec924f6828ee] Created FlowFile[2543,90491648516569.mockFlowFile,24B] from FlowFile[2542,90491648516569.mockFlowFile,24B]; routing to relationship simple
[pool-3593-thread-1] INFO org.apache.nifi.processors.standard.RouteText - RouteText[id=38a82a0d-69fc-4d87-a6d1-ec924f6828ee] Routing FlowFile[2542,90491648516569.mockFlowFile,24B] to original
[main] DEBUG org.apache.nifi.processors.standard.RouteText - RouteText[id=38a82a0d-69fc-4d87-a6d1-ec924f6828ee] Adding new dynamic property: PropertyDescriptor[simple]
[pool-3594-thread-1] INFO org.apache.nifi.processors.standard.RouteText - RouteText[id=38a82a0d-69fc-4d87-a6d1-ec924f6828ee] Created FlowFile[2545,90491649058837.mockFlowFile,24B] from FlowFile[2544,90491649058837.mockFlowFile,24B]; routing to relationship simple
[pool-3594-thread-1] INFO org.apache.nifi.processors.standard.RouteText - RouteText[id=38a82a0d-69fc-4d87-a6d1-ec924f6828ee] Routing FlowFile[2544,90491649058837.mockFlowFile,24B] to original
[main] DEBUG org.apache.nifi.processors.standard.RouteText - RouteText[id=38a82a0d-69fc-4d87-a6d1-ec924f6828ee] Adding new dynamic property: PropertyDescriptor[simple]
[pool-3595-thread-1] INFO org.apache.nifi.processors.standard.RouteText - RouteText[id=38a82a0d-69fc-4d87-a6d1-ec924f6828ee] Created FlowFile[2547,90491649552821.mockFlowFile,24B] from FlowFile[2546,90491649552821.mockFlowFile,24B]; routing to relationship simple
[pool-3595-thread-1] INFO org.apache.nifi.processors.standard.RouteText - RouteText[id=38a82a0d-69fc-4d87-a6d1-ec924f6828ee] Routing FlowFile[2546,90491649552821.mockFlowFile,24B] to original
[main] DEBUG org.apache.nifi.processors.standard.RouteText - RouteText[id=38a82a0d-69fc-4d87-a6d1-ec924f6828ee] Adding new dynamic property: PropertyDescriptor[simple]
[pool-3596-thread-1] INFO org.apache.nifi.processors.standard.RouteText - RouteText[id=38a82a0d-69fc-4d87-a6d1-ec924f6828ee] Created FlowFile[2549,90491650122988.mockFlowFile,24B] from FlowFile[2548,90491650122988.mockFlowFile,24B]; routing to relationship simple
[pool-3596-thread-1] INFO org.apache.nifi.processors.standard.RouteText - RouteText[id=38a82a0d-69fc-4d87-a6d1-ec924f6828ee] Routing FlowFile[2548,90491650122988.mockFlowFile,24B] to original
[main] DEBUG org.apache.nifi.processors.standard.RouteText - RouteText[id=38a82a0d-69fc-4d87-a6d1-ec924f6828ee] Adding new dynamic property: PropertyDescriptor[simple]
[pool-3597-thread-1] INFO org.apache.nifi.processors.standard.RouteText - RouteText[id=38a82a0d-69fc-4d87-a6d1-ec924f6828ee] Created FlowFile[2551,90491650585665.mockFlowFile,24B] from FlowFile[2550,90491650585665.mockFlowFile,24B]; routing to relationship simple
[pool-3597-thread-1] INFO org.apache.nifi.processors.standard.RouteText - RouteText[id=38a82a0d-69fc-4d87-a6d1-ec924f6828ee] Routing FlowFile[2550,90491650585665.mockFlowFile,24B] to original
[main] DEBUG org.apache.nifi.processors.standard.RouteText - RouteText[id=38a82a0d-69fc-4d87-a6d1-ec924f6828ee] Adding new dynamic property: PropertyDescriptor[simple]
[pool-3598-thread-1] INFO org.apache.nifi.processors.standard.RouteText - RouteText[id=38a82a0d-69fc-4d87-a6d1-ec924f6828ee] Created FlowFile[2553,90491651035461.mockFlowFile,24B] from FlowFile[2552,90491651035461.mockFlowFile,24B]; routing to relationship simple
[pool-3598-thread-1] INFO org.apache.nifi.processors.standard.RouteText - RouteText[id=38a82a0d-69fc-4d87-a6d1-ec924f6828ee] Routing FlowFile[2552,90491651035461.mockFlowFile,24B] to original
[main] DEBUG org.apache.nifi.processors.standard.RouteText - RouteText[id=38a82a0d-69fc-4d87-a6d1-ec924f6828ee] Adding new dynamic property: PropertyDescriptor[simple]
[pool-3599-thread-1] INFO org.apache.nifi.processors.standard.RouteText - RouteText[id=38a82a0d-69fc-4d87-a6d1-ec924f6828ee] Created FlowFile[2555,90491651556076.mockFlowFile,24B] from FlowFile[2554,90491651556076.mockFlowFile,24B]; routing to relationship simple
[pool-3599-thread-1] INFO org.apache.nifi.processors.standard.RouteText - RouteText[id=38a82a0d-69fc-4d87-a6d1-ec924f6828ee] Routing FlowFile[2554,90491651556076.mockFlowFile,24B] to original
[main] DEBUG org.apache.nifi.processors.standard.RouteText - RouteText[id=38a82a0d-69fc-4d87-a6d1-ec924f6828ee] Adding new dynamic property: PropertyDescriptor[simple]
[pool-3600-thread-1] INFO org.apache.nifi.processors.standard.RouteText - RouteText[id=38a82a0d-69fc-4d87-a6d1-ec924f6828ee] Created FlowFile[2557,90491652062263.mockFlowFile,24B] from FlowFile[2556,90491652062263.mockFlowFile,24B]; routing to relationship simple
[pool-3600-thread-1] INFO org.apache.nifi.processors.standard.RouteText - RouteText[id=38a82a0d-69fc-4d87-a6d1-ec924f6828ee] Routing FlowFile[2556,90491652062263.mockFlowFile,24B] to original
[main] DEBUG org.apache.nifi.processors.standard.RouteText - RouteText[id=38a82a0d-69fc-4d87-a6d1-ec924f6828ee] Adding new dynamic property: PropertyDescriptor[simple]
[pool-3601-thread-1] INFO org.apache.nifi.processors.standard.RouteText - RouteText[id=38a82a0d-69fc-4d87-a6d1-ec924f6828ee] Created FlowFile[2559,90491652657014.mockFlowFile,24B] from FlowFile[2558,90491652657014.mockFlowFile,24B]; routing to relationship simple
[pool-3601-thread-1] INFO org.apache.nifi.processors.standard.RouteText - RouteText[id=38a82a0d-69fc-4d87-a6d1-ec924f6828ee] Routing FlowFile[2558,90491652657014.mockFlowFile,24B] to original
[main] DEBUG org.apache.nifi.processors.standard.RouteText - RouteText[id=38a82a0d-69fc-4d87-a6d1-ec924f6828ee] Adding new dynamic property: PropertyDescriptor[simple]
[pool-3602-thread-1] INFO org.apache.nifi.processors.standard.RouteText - RouteText[id=38a82a0d-69fc-4d87-a6d1-ec924f6828ee] Created FlowFile[2561,90491653214414.mockFlowFile,24B] from FlowFile[2560,90491653214414.mockFlowFile,24B]; routing to relationship simple
[pool-3602-thread-1] INFO org.apache.nifi.processors.standard.RouteText - RouteText[id=38a82a0d-69fc-4d87-a6d1-ec924f6828ee] Routing FlowFile[2560,90491653214414.mockFlowFile,24B] to original
[main] DEBUG org.apache.nifi.processors.standard.RouteText - RouteText[id=38a82a0d-69fc-4d87-a6d1-ec924f6828ee] Adding new dynamic property: PropertyDescriptor[simple]
[pool-3603-thread-1] INFO org.apache.nifi.processors.standard.RouteText - RouteText[id=38a82a0d-69fc-4d87-a6d1-ec924f6828ee] Created FlowFile[2563,90491653942382.mockFlowFile,24B] from FlowFile[2562,90491653942382.mockFlowFile,24B]; routing to relationship simple
[pool-3603-thread-1] INFO org.apache.nifi.processors.standard.RouteText - RouteText[id=38a82a0d-69fc-4d87-a6d1-ec924f6828ee] Routing FlowFile[2562,90491653942382.mockFlowFile,24B] to original
[main] DEBUG org.apache.nifi.processors.standard.RouteText - RouteText[id=38a82a0d-69fc-4d87-a6d1-ec924f6828ee] Adding new dynamic property: PropertyDescriptor[simple]
[pool-3604-thread-1] INFO org.apache.nifi.processors.standard.RouteText - RouteText[id=38a82a0d-69fc-4d87-a6d1-ec924f6828ee] Created FlowFile[2565,90491654441999.mockFlowFile,24B] from FlowFile[2564,90491654441999.mockFlowFile,24B]; routing to relationship simple
[pool-3604-thread-1] INFO org.apache.nifi.processors.standard.RouteText - RouteText[id=38a82a0d-69fc-4d87-a6d1-ec924f6828ee] Routing FlowFile[2564,90491654441999.mockFlowFile,24B] to original
[main] DEBUG org.apache.nifi.processors.standard.RouteText - RouteText[id=38a82a0d-69fc-4d87-a6d1-ec924f6828ee] Adding new dynamic property: PropertyDescriptor[simple]
[pool-3605-thread-1] INFO org.apache.nifi.processors.standard.RouteText - RouteText[id=38a82a0d-69fc-4d87-a6d1-ec924f6828ee] Created FlowFile[2567,90491655003021.mockFlowFile,24B] from FlowFile[2566,90491655003021.mockFlowFile,24B]; routing to relationship simple
[pool-3605-thread-1] INFO org.apache.nifi.processors.standard.RouteText - RouteText[id=38a82a0d-69fc-4d87-a6d1-ec924f6828ee] Routing FlowFile[2566,90491655003021.mockFlowFile,24B] to original
[main] DEBUG org.apache.nifi.processors.standard.RouteText - RouteText[id=38a82a0d-69fc-4d87-a6d1-ec924f6828ee] Adding new dynamic property: PropertyDescriptor[simple]
[pool-3606-thread-1] INFO org.apache.nifi.processors.standard.RouteText - RouteText[id=38a82a0d-69fc-4d87-a6d1-ec924f6828ee] Created FlowFile[2569,90491655532277.mockFlowFile,24B] from FlowFile[2568,90491655532277.mockFlowFile,24B]; routing to relationship simple
[pool-3606-thread-1] INFO org.apache.nifi.processors.standard.RouteText - RouteText[id=38a82a0d-69fc-4d87-a6d1-ec924f6828ee] Routing FlowFile[2568,90491655532277.mockFlowFile,24B] to original
[main] DEBUG org.apache.nifi.processors.standard.RouteText - RouteText[id=38a82a0d-69fc-4d87-a6d1-ec924f6828ee] Adding new dynamic property: PropertyDescriptor[simple]
[pool-3607-thread-1] INFO org.apache.nifi.processors.standard.RouteText - RouteText[id=38a82a0d-69fc-4d87-a6d1-ec924f6828ee] Created FlowFile[2571,90491656016392.mockFlowFile,24B] from FlowFile[2570,90491656016392.mockFlowFile,24B]; routing to relationship simple
[pool-3607-thread-1] INFO org.apache.nifi.processors.standard.RouteText - RouteText[id=38a82a0d-69fc-4d87-a6d1-ec924f6828ee] Routing FlowFile[2570,90491656016392.mockFlowFile,24B] to original
[main] DEBUG org.apache.nifi.processors.standard.RouteText - RouteText[id=38a82a0d-69fc-4d87-a6d1-ec924f6828ee] Adding new dynamic property: PropertyDescriptor[simple]
[pool-3608-thread-1] INFO org.apache.nifi.processors.standard.RouteText - RouteText[id=38a82a0d-69fc-4d87-a6d1-ec924f6828ee] Created FlowFile[2573,90491656448385.mockFlowFile,24B] from FlowFile[2572,90491656448385.mockFlowFile,24B]; routing to relationship simple
[pool-3608-thread-1] INFO org.apache.nifi.processors.standard.RouteText - RouteText[id=38a82a0d-69fc-4d87-a6d1-ec924f6828ee] Routing FlowFile[2572,90491656448385.mockFlowFile,24B] to original
[main] DEBUG org.apache.nifi.processors.standard.RouteText - RouteText[id=38a82a0d-69fc-4d87-a6d1-ec924f6828ee] Adding new dynamic property: PropertyDescriptor[simple]
[pool-3609-thread-1] INFO org.apache.nifi.processors.standard.RouteText - RouteText[id=38a82a0d-69fc-4d87-a6d1-ec924f6828ee] Created FlowFile[2575,90491656877098.mockFlowFile,24B] from FlowFile[2574,90491656877098.mockFlowFile,24B]; routing to relationship simple
[pool-3609-thread-1] INFO org.apache.nifi.processors.standard.RouteText - RouteText[id=38a82a0d-69fc-4d87-a6d1-ec924f6828ee] Routing FlowFile[2574,90491656877098.mockFlowFile,24B] to original
[main] DEBUG org.apache.nifi.processors.standard.RouteText - RouteText[id=38a82a0d-69fc-4d87-a6d1-ec924f6828ee] Adding new dynamic property: PropertyDescriptor[simple]
[pool-3610-thread-1] INFO org.apache.nifi.processors.standard.RouteText - RouteText[id=38a82a0d-69fc-4d87-a6d1-ec924f6828ee] Created FlowFile[2577,90491657327005.mockFlowFile,24B] from FlowFile[2576,90491657327005.mockFlowFile,24B]; routing to relationship simple
[pool-3610-thread-1] INFO org.apache.nifi.processors.standard.RouteText - RouteText[id=38a82a0d-69fc-4d87-a6d1-ec924f6828ee] Routing FlowFile[2576,90491657327005.mockFlowFile,24B] to original
[main] DEBUG org.apache.nifi.processors.standard.RouteText - RouteText[id=38a82a0d-69fc-4d87-a6d1-ec924f6828ee] Adding new dynamic property: PropertyDescriptor[simple]
[pool-3611-thread-1] INFO org.apache.nifi.processors.standard.RouteText - RouteText[id=38a82a0d-69fc-4d87-a6d1-ec924f6828ee] Created FlowFile[2579,90491657772672.mockFlowFile,24B] from FlowFile[2578,90491657772672.mockFlowFile,24B]; routing to relationship simple
[pool-3611-thread-1] INFO org.apache.nifi.processors.standard.RouteText - RouteText[id=38a82a0d-69fc-4d87-a6d1-ec924f6828ee] Routing FlowFile[2578,90491657772672.mockFlowFile,24B] to original
[main] DEBUG org.apache.nifi.processors.standard.RouteText - RouteText[id=38a82a0d-69fc-4d87-a6d1-ec924f6828ee] Adding new dynamic property: PropertyDescriptor[simple]
[pool-3612-thread-1] INFO org.apache.nifi.processors.standard.RouteText - RouteText[id=38a82a0d-69fc-4d87-a6d1-ec924f6828ee] Created FlowFile[2581,90491658218856.mockFlowFile,24B] from FlowFile[2580,90491658218856.mockFlowFile,24B]; routing to relationship simple
[pool-3612-thread-1] INFO org.apache.nifi.processors.standard.RouteText - RouteText[id=38a82a0d-69fc-4d87-a6d1-ec924f6828ee] Routing FlowFile[2580,90491658218856.mockFlowFile,24B] to original
[main] DEBUG org.apache.nifi.processors.standard.RouteText - RouteText[id=38a82a0d-69fc-4d87-a6d1-ec924f6828ee] Adding new dynamic property: PropertyDescriptor[simple]
[pool-3613-thread-1] INFO org.apache.nifi.processors.standard.RouteText - RouteText[id=38a82a0d-69fc-4d87-a6d1-ec924f6828ee] Created FlowFile[2583,90491658670341.mockFlowFile,24B] from FlowFile[2582,90491658670341.mockFlowFile,24B]; routing to relationship simple
[pool-3613-thread-1] INFO org.apache.nifi.processors.standard.RouteText - RouteText[id=38a82a0d-69fc-4d87-a6d1-ec924f6828ee] Routing FlowFile[2582,90491658670341.mockFlowFile,24B] to original
[main] DEBUG org.apache.nifi.processors.standard.RouteText - RouteText[id=38a82a0d-69fc-4d87-a6d1-ec924f6828ee] Adding new dynamic property: PropertyDescriptor[simple]
[pool-3614-thread-1] INFO org.apache.nifi.processors.standard.RouteText - RouteText[id=38a82a0d-69fc-4d87-a6d1-ec924f6828ee] Created FlowFile[2585,90491659114176.mockFlowFile,24B] from FlowFile[2584,90491659114176.mockFlowFile,24B]; routing to relationship simple
[pool-3614-thread-1] INFO org.apache.nifi.processors.standard.RouteText - RouteText[id=38a82a0d-69fc-4d87-a6d1-ec924f6828ee] Routing FlowFile[2584,90491659114176.mockFlowFile,24B] to original
[main] DEBUG org.apache.nifi.processors.standard.RouteText - RouteText[id=38a82a0d-69fc-4d87-a6d1-ec924f6828ee] Adding new dynamic property: PropertyDescriptor[simple]
[pool-3615-thread-1] INFO org.apache.nifi.processors.standard.RouteText - RouteText[id=38a82a0d-69fc-4d87-a6d1-ec924f6828ee] Created FlowFile[2587,90491659548009.mockFlowFile,24B] from FlowFile[2586,90491659548009.mockFlowFile,24B]; routing to relationship simple
[pool-3615-thread-1] INFO org.apache.nifi.processors.standard.RouteText - RouteText[id=38a82a0d-69fc-4d87-a6d1-ec924f6828ee] Routing FlowFile[2586,90491659548009.mockFlowFile,24B] to original
[main] DEBUG org.apache.nifi.processors.standard.RouteText - RouteText[id=38a82a0d-69fc-4d87-a6d1-ec924f6828ee] Adding new dynamic property: PropertyDescriptor[simple]
[pool-3616-thread-1] INFO org.apache.nifi.processors.standard.RouteText - RouteText[id=38a82a0d-69fc-4d87-a6d1-ec924f6828ee] Created FlowFile[2589,90491659976838.mockFlowFile,24B] from FlowFile[2588,90491659976838.mockFlowFile,24B]; routing to relationship simple
[pool-3616-thread-1] INFO org.apache.nifi.processors.standard.RouteText - RouteText[id=38a82a0d-69fc-4d87-a6d1-ec924f6828ee] Routing FlowFile[2588,90491659976838.mockFlowFile,24B] to original
[main] DEBUG org.apache.nifi.processors.standard.RouteText - RouteText[id=38a82a0d-69fc-4d87-a6d1-ec924f6828ee] Adding new dynamic property: PropertyDescriptor[simple]
[pool-3617-thread-1] INFO org.apache.nifi.processors.standard.RouteText - RouteText[id=38a82a0d-69fc-4d87-a6d1-ec924f6828ee] Created FlowFile[2591,90491660376824.mockFlowFile,24B] from FlowFile[2590,90491660376824.mockFlowFile,24B]; routing to relationship simple
[pool-3617-thread-1] INFO org.apache.nifi.processors.standard.RouteText - RouteText[id=38a82a0d-69fc-4d87-a6d1-ec924f6828ee] Routing FlowFile[2590,90491660376824.mockFlowFile,24B] to original
[main] DEBUG org.apache.nifi.processors.standard.RouteText - RouteText[id=38a82a0d-69fc-4d87-a6d1-ec924f6828ee] Adding new dynamic property: PropertyDescriptor[simple]
[pool-3618-thread-1] INFO org.apache.nifi.processors.standard.RouteText - RouteText[id=38a82a0d-69fc-4d87-a6d1-ec924f6828ee] Created FlowFile[2593,90491660806722.mockFlowFile,24B] from FlowFile[2592,90491660806722.mockFlowFile,24B]; routing to relationship simple
[pool-3618-thread-1] INFO org.apache.nifi.processors.standard.RouteText - RouteText[id=38a82a0d-69fc-4d87-a6d1-ec924f6828ee] Routing FlowFile[2592,90491660806722.mockFlowFile,24B] to original
[main] DEBUG org.apache.nifi.processors.standard.RouteText - RouteText[id=38a82a0d-69fc-4d87-a6d1-ec924f6828ee] Adding new dynamic property: PropertyDescriptor[simple]
[pool-3619-thread-1] INFO org.apache.nifi.processors.standard.RouteText - RouteText[id=38a82a0d-69fc-4d87-a6d1-ec924f6828ee] Created FlowFile[2595,90491661229163.mockFlowFile,24B] from FlowFile[2594,90491661229163.mockFlowFile,24B]; routing to relationship simple
[pool-3619-thread-1] INFO org.apache.nifi.processors.standard.RouteText - RouteText[id=38a82a0d-69fc-4d87-a6d1-ec924f6828ee] Routing FlowFile[2594,90491661229163.mockFlowFile,24B] to original
[main] DEBUG org.apache.nifi.processors.standard.RouteText - RouteText[id=38a82a0d-69fc-4d87-a6d1-ec924f6828ee] Adding new dynamic property: PropertyDescriptor[simple]
[pool-3620-thread-1] INFO org.apache.nifi.processors.standard.RouteText - RouteText[id=38a82a0d-69fc-4d87-a6d1-ec924f6828ee] Created FlowFile[2597,90491661666563.mockFlowFile,24B] from FlowFile[2596,90491661666563.mockFlowFile,24B]; routing to relationship simple
[pool-3620-thread-1] INFO org.apache.nifi.processors.standard.RouteText - RouteText[id=38a82a0d-69fc-4d87-a6d1-ec924f6828ee] Routing FlowFile[2596,90491661666563.mockFlowFile,24B] to original
[main] DEBUG org.apache.nifi.processors.standard.RouteText - RouteText[id=38a82a0d-69fc-4d87-a6d1-ec924f6828ee] Adding new dynamic property: PropertyDescriptor[simple]
[pool-3621-thread-1] INFO org.apache.nifi.processors.standard.RouteText - RouteText[id=38a82a0d-69fc-4d87-a6d1-ec924f6828ee] Created FlowFile[2599,90491662131626.mockFlowFile,24B] from FlowFile[2598,90491662131626.mockFlowFile,24B]; routing to relationship simple
[pool-3621-thread-1] INFO org.apache.nifi.processors.standard.RouteText - RouteText[id=38a82a0d-69fc-4d87-a6d1-ec924f6828ee] Routing FlowFile[2598,90491662131626.mockFlowFile,24B] to original
[main] DEBUG org.apache.nifi.processors.standard.RouteText - RouteText[id=38a82a0d-69fc-4d87-a6d1-ec924f6828ee] Adding new dynamic property: PropertyDescriptor[simple]
[pool-3622-thread-1] INFO org.apache.nifi.processors.standard.RouteText - RouteText[id=38a82a0d-69fc-4d87-a6d1-ec924f6828ee] Created FlowFile[2601,90491662617698.mockFlowFile,24B] from FlowFile[2600,90491662617698.mockFlowFile,24B]; routing to relationship simple
[pool-3622-thread-1] INFO org.apache.nifi.processors.standard.RouteText - RouteText[id=38a82a0d-69fc-4d87-a6d1-ec924f6828ee] Routing FlowFile[2600,90491662617698.mockFlowFile,24B] to original
[main] DEBUG org.apache.nifi.processors.standard.RouteText - RouteText[id=38a82a0d-69fc-4d87-a6d1-ec924f6828ee] Adding new dynamic property: PropertyDescriptor[simple]
[pool-3623-thread-1] INFO org.apache.nifi.processors.standard.RouteText - RouteText[id=38a82a0d-69fc-4d87-a6d1-ec924f6828ee] Created FlowFile[2603,90491663082731.mockFlowFile,24B] from FlowFile[2602,90491663082731.mockFlowFile,24B]; routing to relationship simple
[pool-3623-thread-1] INFO org.apache.nifi.processors.standard.RouteText - RouteText[id=38a82a0d-69fc-4d87-a6d1-ec924f6828ee] Routing FlowFile[2602,90491663082731.mockFlowFile,24B] to original
[main] DEBUG org.apache.nifi.processors.standard.RouteText - RouteText[id=38a82a0d-69fc-4d87-a6d1-ec924f6828ee] Adding new dynamic property: PropertyDescriptor[simple]
[pool-3624-thread-1] INFO org.apache.nifi.processors.standard.RouteText - RouteText[id=38a82a0d-69fc-4d87-a6d1-ec924f6828ee] Created FlowFile[2605,90491663594550.mockFlowFile,24B] from FlowFile[2604,90491663594550.mockFlowFile,24B]; routing to relationship simple
[pool-3624-thread-1] INFO org.apache.nifi.processors.standard.RouteText - RouteText[id=38a82a0d-69fc-4d87-a6d1-ec924f6828ee] Routing FlowFile[2604,90491663594550.mockFlowFile,24B] to original
[main] DEBUG org.apache.nifi.processors.standard.RouteText - RouteText[id=38a82a0d-69fc-4d87-a6d1-ec924f6828ee] Adding new dynamic property: PropertyDescriptor[simple]
[pool-3625-thread-1] INFO org.apache.nifi.processors.standard.RouteText - RouteText[id=38a82a0d-69fc-4d87-a6d1-ec924f6828ee] Created FlowFile[2607,90491664326645.mockFlowFile,24B] from FlowFile[2606,90491664326645.mockFlowFile,24B]; routing to relationship simple
[pool-3625-thread-1] INFO org.apache.nifi.processors.standard.RouteText - RouteText[id=38a82a0d-69fc-4d87-a6d1-ec924f6828ee] Routing FlowFile[2606,90491664326645.mockFlowFile,24B] to original
[main] DEBUG org.apache.nifi.processors.standard.RouteText - RouteText[id=38a82a0d-69fc-4d87-a6d1-ec924f6828ee] Adding new dynamic property: PropertyDescriptor[simple]
[pool-3626-thread-1] INFO org.apache.nifi.processors.standard.RouteText - RouteText[id=38a82a0d-69fc-4d87-a6d1-ec924f6828ee] Created FlowFile[2609,90491664797144.mockFlowFile,24B] from FlowFile[2608,90491664797144.mockFlowFile,24B]; routing to relationship simple
[pool-3626-thread-1] INFO org.apache.nifi.processors.standard.RouteText - RouteText[id=38a82a0d-69fc-4d87-a6d1-ec924f6828ee] Routing FlowFile[2608,90491664797144.mockFlowFile,24B] to original
[main] DEBUG org.apache.nifi.processors.standard.RouteText - RouteText[id=38a82a0d-69fc-4d87-a6d1-ec924f6828ee] Adding new dynamic property: PropertyDescriptor[simple]
[pool-3627-thread-1] INFO org.apache.nifi.processors.standard.RouteText - RouteText[id=38a82a0d-69fc-4d87-a6d1-ec924f6828ee] Created FlowFile[2611,90491665217123.mockFlowFile,24B] from FlowFile[2610,90491665217123.mockFlowFile,24B]; routing to relationship simple
[pool-3627-thread-1] INFO org.apache.nifi.processors.standard.RouteText - RouteText[id=38a82a0d-69fc-4d87-a6d1-ec924f6828ee] Routing FlowFile[2610,90491665217123.mockFlowFile,24B] to original
[main] DEBUG org.apache.nifi.processors.standard.RouteText - RouteText[id=38a82a0d-69fc-4d87-a6d1-ec924f6828ee] Adding new dynamic property: PropertyDescriptor[simple]
[pool-3628-thread-1] INFO org.apache.nifi.processors.standard.RouteText - RouteText[id=38a82a0d-69fc-4d87-a6d1-ec924f6828ee] Created FlowFile[2613,90491665652848.mockFlowFile,24B] from FlowFile[2612,90491665652848.mockFlowFile,24B]; routing to relationship simple
[pool-3628-thread-1] INFO org.apache.nifi.processors.standard.RouteText - RouteText[id=38a82a0d-69fc-4d87-a6d1-ec924f6828ee] Routing FlowFile[2612,90491665652848.mockFlowFile,24B] to original
[main] DEBUG org.apache.nifi.processors.standard.RouteText - RouteText[id=38a82a0d-69fc-4d87-a6d1-ec924f6828ee] Adding new dynamic property: PropertyDescriptor[simple]
[pool-3629-thread-1] INFO org.apache.nifi.processors.standard.RouteText - RouteText[id=38a82a0d-69fc-4d87-a6d1-ec924f6828ee] Created FlowFile[2615,90491666093760.mockFlowFile,24B] from FlowFile[2614,90491666093760.mockFlowFile,24B]; routing to relationship simple
[pool-3629-thread-1] INFO org.apache.nifi.processors.standard.RouteText - RouteText[id=38a82a0d-69fc-4d87-a6d1-ec924f6828ee] Routing FlowFile[2614,90491666093760.mockFlowFile,24B] to original
[main] DEBUG org.apache.nifi.processors.standard.RouteText - RouteText[id=38a82a0d-69fc-4d87-a6d1-ec924f6828ee] Adding new dynamic property: PropertyDescriptor[simple]
[pool-3630-thread-1] INFO org.apache.nifi.processors.standard.RouteText - RouteText[id=38a82a0d-69fc-4d87-a6d1-ec924f6828ee] Created FlowFile[2617,90491666553239.mockFlowFile,24B] from FlowFile[2616,90491666553239.mockFlowFile,24B]; routing to relationship simple
[pool-3630-thread-1] INFO org.apache.nifi.processors.standard.RouteText - RouteText[id=38a82a0d-69fc-4d87-a6d1-ec924f6828ee] Routing FlowFile[2616,90491666553239.mockFlowFile,24B] to original
[main] DEBUG org.apache.nifi.processors.standard.RouteText - RouteText[id=38a82a0d-69fc-4d87-a6d1-ec924f6828ee] Adding new dynamic property: PropertyDescriptor[simple]
[pool-3631-thread-1] INFO org.apache.nifi.processors.standard.RouteText - RouteText[id=38a82a0d-69fc-4d87-a6d1-ec924f6828ee] Created FlowFile[2619,90491667014595.mockFlowFile,24B] from FlowFile[2618,90491667014595.mockFlowFile,24B]; routing to relationship simple
[pool-3631-thread-1] INFO org.apache.nifi.processors.standard.RouteText - RouteText[id=38a82a0d-69fc-4d87-a6d1-ec924f6828ee] Routing FlowFile[2618,90491667014595.mockFlowFile,24B] to original
[main] DEBUG org.apache.nifi.processors.standard.RouteText - RouteText[id=38a82a0d-69fc-4d87-a6d1-ec924f6828ee] Adding new dynamic property: PropertyDescriptor[simple]
[pool-3632-thread-1] INFO org.apache.nifi.processors.standard.RouteText - RouteText[id=38a82a0d-69fc-4d87-a6d1-ec924f6828ee] Created FlowFile[2621,90491667446288.mockFlowFile,24B] from FlowFile[2620,90491667446288.mockFlowFile,24B]; routing to relationship simple
[pool-3632-thread-1] INFO org.apache.nifi.processors.standard.RouteText - RouteText[id=38a82a0d-69fc-4d87-a6d1-ec924f6828ee] Routing FlowFile[2620,90491667446288.mockFlowFile,24B] to original
[main] DEBUG org.apache.nifi.processors.standard.RouteText - RouteText[id=38a82a0d-69fc-4d87-a6d1-ec924f6828ee] Adding new dynamic property: PropertyDescriptor[simple]
[pool-3633-thread-1] INFO org.apache.nifi.processors.standard.RouteText - RouteText[id=38a82a0d-69fc-4d87-a6d1-ec924f6828ee] Created FlowFile[2623,90491667910046.mockFlowFile,24B] from FlowFile[2622,90491667910046.mockFlowFile,24B]; routing to relationship simple
[pool-3633-thread-1] INFO org.apache.nifi.processors.standard.RouteText - RouteText[id=38a82a0d-69fc-4d87-a6d1-ec924f6828ee] Routing FlowFile[2622,90491667910046.mockFlowFile,24B] to original
[main] DEBUG org.apache.nifi.processors.standard.RouteText - RouteText[id=38a82a0d-69fc-4d87-a6d1-ec924f6828ee] Adding new dynamic property: PropertyDescriptor[simple]
[pool-3634-thread-1] INFO org.apache.nifi.processors.standard.RouteText - RouteText[id=38a82a0d-69fc-4d87-a6d1-ec924f6828ee] Created FlowFile[2625,90491668401294.mockFlowFile,24B] from FlowFile[2624,90491668401294.mockFlowFile,24B]; routing to relationship simple
[pool-3634-thread-1] INFO org.apache.nifi.processors.standard.RouteText - RouteText[id=38a82a0d-69fc-4d87-a6d1-ec924f6828ee] Routing FlowFile[2624,90491668401294.mockFlowFile,24B] to original
[main] DEBUG org.apache.nifi.processors.standard.RouteText - RouteText[id=38a82a0d-69fc-4d87-a6d1-ec924f6828ee] Adding new dynamic property: PropertyDescriptor[simple]
[pool-3635-thread-1] INFO org.apache.nifi.processors.standard.RouteText - RouteText[id=38a82a0d-69fc-4d87-a6d1-ec924f6828ee] Created FlowFile[2627,90491668879489.mockFlowFile,24B] from FlowFile[2626,90491668879489.mockFlowFile,24B]; routing to relationship simple
[pool-3635-thread-1] INFO org.apache.nifi.processors.standard.RouteText - RouteText[id=38a82a0d-69fc-4d87-a6d1-ec924f6828ee] Routing FlowFile[2626,90491668879489.mockFlowFile,24B] to original
[main] DEBUG org.apache.nifi.processors.standard.RouteText - RouteText[id=38a82a0d-69fc-4d87-a6d1-ec924f6828ee] Adding new dynamic property: PropertyDescriptor[simple]
[pool-3636-thread-1] INFO org.apache.nifi.processors.standard.RouteText - RouteText[id=38a82a0d-69fc-4d87-a6d1-ec924f6828ee] Created FlowFile[2629,90491669333391.mockFlowFile,24B] from FlowFile[2628,90491669333391.mockFlowFile,24B]; routing to relationship simple
[pool-3636-thread-1] INFO org.apache.nifi.processors.standard.RouteText - RouteText[id=38a82a0d-69fc-4d87-a6d1-ec924f6828ee] Routing FlowFile[2628,90491669333391.mockFlowFile,24B] to original
[main] DEBUG org.apache.nifi.processors.standard.RouteText - RouteText[id=38a82a0d-69fc-4d87-a6d1-ec924f6828ee] Adding new dynamic property: PropertyDescriptor[simple]
[pool-3637-thread-1] INFO org.apache.nifi.processors.standard.RouteText - RouteText[id=38a82a0d-69fc-4d87-a6d1-ec924f6828ee] Created FlowFile[2631,90491669787871.mockFlowFile,24B] from FlowFile[2630,90491669787871.mockFlowFile,24B]; routing to relationship simple
[pool-3637-thread-1] INFO org.apache.nifi.processors.standard.RouteText - RouteText[id=38a82a0d-69fc-4d87-a6d1-ec924f6828ee] Routing FlowFile[2630,90491669787871.mockFlowFile,24B] to original
[main] DEBUG org.apache.nifi.processors.standard.RouteText - RouteText[id=38a82a0d-69fc-4d87-a6d1-ec924f6828ee] Adding new dynamic property: PropertyDescriptor[simple]
[pool-3638-thread-1] INFO org.apache.nifi.processors.standard.RouteText - RouteText[id=38a82a0d-69fc-4d87-a6d1-ec924f6828ee] Created FlowFile[2633,90491670268099.mockFlowFile,24B] from FlowFile[2632,90491670268099.mockFlowFile,24B]; routing to relationship simple
[pool-3638-thread-1] INFO org.apache.nifi.processors.standard.RouteText - RouteText[id=38a82a0d-69fc-4d87-a6d1-ec924f6828ee] Routing FlowFile[2632,90491670268099.mockFlowFile,24B] to original
[main] DEBUG org.apache.nifi.processors.standard.RouteText - RouteText[id=38a82a0d-69fc-4d87-a6d1-ec924f6828ee] Adding new dynamic property: PropertyDescriptor[simple]
[pool-3639-thread-1] INFO org.apache.nifi.processors.standard.RouteText - RouteText[id=38a82a0d-69fc-4d87-a6d1-ec924f6828ee] Created FlowFile[2635,90491670730121.mockFlowFile,24B] from FlowFile[2634,90491670730121.mockFlowFile,24B]; routing to relationship simple
[pool-3639-thread-1] INFO org.apache.nifi.processors.standard.RouteText - RouteText[id=38a82a0d-69fc-4d87-a6d1-ec924f6828ee] Routing FlowFile[2634,90491670730121.mockFlowFile,24B] to original
[main] DEBUG org.apache.nifi.processors.standard.RouteText - RouteText[id=38a82a0d-69fc-4d87-a6d1-ec924f6828ee] Adding new dynamic property: PropertyDescriptor[simple]
[pool-3640-thread-1] INFO org.apache.nifi.processors.standard.RouteText - RouteText[id=38a82a0d-69fc-4d87-a6d1-ec924f6828ee] Created FlowFile[2637,90491671186359.mockFlowFile,24B] from FlowFile[2636,90491671186359.mockFlowFile,24B]; routing to relationship simple
[pool-3640-thread-1] INFO org.apache.nifi.processors.standard.RouteText - RouteText[id=38a82a0d-69fc-4d87-a6d1-ec924f6828ee] Routing FlowFile[2636,90491671186359.mockFlowFile,24B] to original
[main] DEBUG org.apache.nifi.processors.standard.RouteText - RouteText[id=38a82a0d-69fc-4d87-a6d1-ec924f6828ee] Adding new dynamic property: PropertyDescriptor[simple]
[pool-3641-thread-1] INFO org.apache.nifi.processors.standard.RouteText - RouteText[id=38a82a0d-69fc-4d87-a6d1-ec924f6828ee] Created FlowFile[2639,90491671651351.mockFlowFile,24B] from FlowFile[2638,90491671651351.mockFlowFile,24B]; routing to relationship simple
[pool-3641-thread-1] INFO org.apache.nifi.processors.standard.RouteText - RouteText[id=38a82a0d-69fc-4d87-a6d1-ec924f6828ee] Routing FlowFile[2638,90491671651351.mockFlowFile,24B] to original
[main] DEBUG org.apache.nifi.processors.standard.RouteText - RouteText[id=38a82a0d-69fc-4d87-a6d1-ec924f6828ee] Adding new dynamic property: PropertyDescriptor[simple]
[pool-3642-thread-1] INFO org.apache.nifi.processors.standard.RouteText - RouteText[id=38a82a0d-69fc-4d87-a6d1-ec924f6828ee] Created FlowFile[2641,90491672169619.mockFlowFile,24B] from FlowFile[2640,90491672169619.mockFlowFile,24B]; routing to relationship simple
[pool-3642-thread-1] INFO org.apache.nifi.processors.standard.RouteText - RouteText[id=38a82a0d-69fc-4d87-a6d1-ec924f6828ee] Routing FlowFile[2640,90491672169619.mockFlowFile,24B] to original
[main] DEBUG org.apache.nifi.processors.standard.RouteText - RouteText[id=38a82a0d-69fc-4d87-a6d1-ec924f6828ee] Adding new dynamic property: PropertyDescriptor[simple]
[pool-3643-thread-1] INFO org.apache.nifi.processors.standard.RouteText - RouteText[id=38a82a0d-69fc-4d87-a6d1-ec924f6828ee] Created FlowFile[2643,90491672640310.mockFlowFile,24B] from FlowFile[2642,90491672640310.mockFlowFile,24B]; routing to relationship simple
[pool-3643-thread-1] INFO org.apache.nifi.processors.standard.RouteText - RouteText[id=38a82a0d-69fc-4d87-a6d1-ec924f6828ee] Routing FlowFile[2642,90491672640310.mockFlowFile,24B] to original
[main] DEBUG org.apache.nifi.processors.standard.RouteText - RouteText[id=38a82a0d-69fc-4d87-a6d1-ec924f6828ee] Adding new dynamic property: PropertyDescriptor[simple]
[pool-3644-thread-1] INFO org.apache.nifi.processors.standard.RouteText - RouteText[id=38a82a0d-69fc-4d87-a6d1-ec924f6828ee] Created FlowFile[2645,90491673107949.mockFlowFile,24B] from FlowFile[2644,90491673107949.mockFlowFile,24B]; routing to relationship simple
[pool-3644-thread-1] INFO org.apache.nifi.processors.standard.RouteText - RouteText[id=38a82a0d-69fc-4d87-a6d1-ec924f6828ee] Routing FlowFile[2644,90491673107949.mockFlowFile,24B] to original
[main] DEBUG org.apache.nifi.processors.standard.RouteText - RouteText[id=38a82a0d-69fc-4d87-a6d1-ec924f6828ee] Adding new dynamic property: PropertyDescriptor[simple]
[pool-3645-thread-1] INFO org.apache.nifi.processors.standard.RouteText - RouteText[id=38a82a0d-69fc-4d87-a6d1-ec924f6828ee] Created FlowFile[2647,90491673546126.mockFlowFile,24B] from FlowFile[2646,90491673546126.mockFlowFile,24B]; routing to relationship simple
[pool-3645-thread-1] INFO org.apache.nifi.processors.standard.RouteText - RouteText[id=38a82a0d-69fc-4d87-a6d1-ec924f6828ee] Routing FlowFile[2646,90491673546126.mockFlowFile,24B] to original
[main] DEBUG org.apache.nifi.processors.standard.RouteText - RouteText[id=38a82a0d-69fc-4d87-a6d1-ec924f6828ee] Adding new dynamic property: PropertyDescriptor[simple]
[pool-3646-thread-1] INFO org.apache.nifi.processors.standard.RouteText - RouteText[id=38a82a0d-69fc-4d87-a6d1-ec924f6828ee] Created FlowFile[2649,90491673981758.mockFlowFile,24B] from FlowFile[2648,90491673981758.mockFlowFile,24B]; routing to relationship simple
[pool-3646-thread-1] INFO org.apache.nifi.processors.standard.RouteText - RouteText[id=38a82a0d-69fc-4d87-a6d1-ec924f6828ee] Routing FlowFile[2648,90491673981758.mockFlowFile,24B] to original
[main] DEBUG org.apache.nifi.processors.standard.RouteText - RouteText[id=38a82a0d-69fc-4d87-a6d1-ec924f6828ee] Adding new dynamic property: PropertyDescriptor[simple]
[pool-3647-thread-1] INFO org.apache.nifi.processors.standard.RouteText - RouteText[id=38a82a0d-69fc-4d87-a6d1-ec924f6828ee] Created FlowFile[2651,90491674412224.mockFlowFile,24B] from FlowFile[2650,90491674412224.mockFlowFile,24B]; routing to relationship simple
[pool-3647-thread-1] INFO org.apache.nifi.processors.standard.RouteText - RouteText[id=38a82a0d-69fc-4d87-a6d1-ec924f6828ee] Routing FlowFile[2650,90491674412224.mockFlowFile,24B] to original
[main] DEBUG org.apache.nifi.processors.standard.RouteText - RouteText[id=38a82a0d-69fc-4d87-a6d1-ec924f6828ee] Adding new dynamic property: PropertyDescriptor[simple]
[pool-3648-thread-1] INFO org.apache.nifi.processors.standard.RouteText - RouteText[id=38a82a0d-69fc-4d87-a6d1-ec924f6828ee] Created FlowFile[2653,90491674860396.mockFlowFile,24B] from FlowFile[2652,90491674860396.mockFlowFile,24B]; routing to relationship simple
[pool-3648-thread-1] INFO org.apache.nifi.processors.standard.RouteText - RouteText[id=38a82a0d-69fc-4d87-a6d1-ec924f6828ee] Routing FlowFile[2652,90491674860396.mockFlowFile,24B] to original
[main] DEBUG org.apache.nifi.processors.standard.RouteText - RouteText[id=38a82a0d-69fc-4d87-a6d1-ec924f6828ee] Adding new dynamic property: PropertyDescriptor[simple]
[pool-3649-thread-1] INFO org.apache.nifi.processors.standard.RouteText - RouteText[id=38a82a0d-69fc-4d87-a6d1-ec924f6828ee] Created FlowFile[2655,90491675308130.mockFlowFile,24B] from FlowFile[2654,90491675308130.mockFlowFile,24B]; routing to relationship simple
[pool-3649-thread-1] INFO org.apache.nifi.processors.standard.RouteText - RouteText[id=38a82a0d-69fc-4d87-a6d1-ec924f6828ee] Routing FlowFile[2654,90491675308130.mockFlowFile,24B] to original
[main] DEBUG org.apache.nifi.processors.standard.RouteText - RouteText[id=38a82a0d-69fc-4d87-a6d1-ec924f6828ee] Adding new dynamic property: PropertyDescriptor[simple]
[pool-3650-thread-1] INFO org.apache.nifi.processors.standard.RouteText - RouteText[id=38a82a0d-69fc-4d87-a6d1-ec924f6828ee] Created FlowFile[2657,90491675759991.mockFlowFile,24B] from FlowFile[2656,90491675759991.mockFlowFile,24B]; routing to relationship simple
[pool-3650-thread-1] INFO org.apache.nifi.processors.standard.RouteText - RouteText[id=38a82a0d-69fc-4d87-a6d1-ec924f6828ee] Routing FlowFile[2656,90491675759991.mockFlowFile,24B] to original
[main] DEBUG org.apache.nifi.processors.standard.RouteText - RouteText[id=38a82a0d-69fc-4d87-a6d1-ec924f6828ee] Adding new dynamic property: PropertyDescriptor[simple]
[pool-3651-thread-1] INFO org.apache.nifi.processors.standard.RouteText - RouteText[id=38a82a0d-69fc-4d87-a6d1-ec924f6828ee] Created FlowFile[2659,90491676232987.mockFlowFile,24B] from FlowFile[2658,90491676232987.mockFlowFile,24B]; routing to relationship simple
[pool-3651-thread-1] INFO org.apache.nifi.processors.standard.RouteText - RouteText[id=38a82a0d-69fc-4d87-a6d1-ec924f6828ee] Routing FlowFile[2658,90491676232987.mockFlowFile,24B] to original
[main] DEBUG org.apache.nifi.processors.standard.RouteText - RouteText[id=38a82a0d-69fc-4d87-a6d1-ec924f6828ee] Adding new dynamic property: PropertyDescriptor[simple]
[pool-3652-thread-1] INFO org.apache.nifi.processors.standard.RouteText - RouteText[id=38a82a0d-69fc-4d87-a6d1-ec924f6828ee] Created FlowFile[2661,90491676686964.mockFlowFile,24B] from FlowFile[2660,90491676686964.mockFlowFile,24B]; routing to relationship simple
[pool-3652-thread-1] INFO org.apache.nifi.processors.standard.RouteText - RouteText[id=38a82a0d-69fc-4d87-a6d1-ec924f6828ee] Routing FlowFile[2660,90491676686964.mockFlowFile,24B] to original
[main] DEBUG org.apache.nifi.processors.standard.RouteText - RouteText[id=38a82a0d-69fc-4d87-a6d1-ec924f6828ee] Adding new dynamic property: PropertyDescriptor[simple]
[pool-3653-thread-1] INFO org.apache.nifi.processors.standard.RouteText - RouteText[id=38a82a0d-69fc-4d87-a6d1-ec924f6828ee] Created FlowFile[2663,90491677151828.mockFlowFile,24B] from FlowFile[2662,90491677151828.mockFlowFile,24B]; routing to relationship simple
[pool-3653-thread-1] INFO org.apache.nifi.processors.standard.RouteText - RouteText[id=38a82a0d-69fc-4d87-a6d1-ec924f6828ee] Routing FlowFile[2662,90491677151828.mockFlowFile,24B] to original
[main] DEBUG org.apache.nifi.processors.standard.RouteText - RouteText[id=38a82a0d-69fc-4d87-a6d1-ec924f6828ee] Adding new dynamic property: PropertyDescriptor[simple]
[pool-3654-thread-1] INFO org.apache.nifi.processors.standard.RouteText - RouteText[id=38a82a0d-69fc-4d87-a6d1-ec924f6828ee] Created FlowFile[2665,90491677606301.mockFlowFile,24B] from FlowFile[2664,90491677606301.mockFlowFile,24B]; routing to relationship simple
[pool-3654-thread-1] INFO org.apache.nifi.processors.standard.RouteText - RouteText[id=38a82a0d-69fc-4d87-a6d1-ec924f6828ee] Routing FlowFile[2664,90491677606301.mockFlowFile,24B] to original
[main] DEBUG org.apache.nifi.processors.standard.RouteText - RouteText[id=38a82a0d-69fc-4d87-a6d1-ec924f6828ee] Adding new dynamic property: PropertyDescriptor[simple]
[pool-3655-thread-1] INFO org.apache.nifi.processors.standard.RouteText - RouteText[id=38a82a0d-69fc-4d87-a6d1-ec924f6828ee] Created FlowFile[2667,90491678065281.mockFlowFile,24B] from FlowFile[2666,90491678065281.mockFlowFile,24B]; routing to relationship simple
[pool-3655-thread-1] INFO org.apache.nifi.processors.standard.RouteText - RouteText[id=38a82a0d-69fc-4d87-a6d1-ec924f6828ee] Routing FlowFile[2666,90491678065281.mockFlowFile,24B] to original
[main] DEBUG org.apache.nifi.processors.standard.RouteText - RouteText[id=38a82a0d-69fc-4d87-a6d1-ec924f6828ee] Adding new dynamic property: PropertyDescriptor[simple]
[pool-3656-thread-1] INFO org.apache.nifi.processors.standard.RouteText - RouteText[id=38a82a0d-69fc-4d87-a6d1-ec924f6828ee] Created FlowFile[2669,90491678546061.mockFlowFile,24B] from FlowFile[2668,90491678546061.mockFlowFile,24B]; routing to relationship simple
[pool-3656-thread-1] INFO org.apache.nifi.processors.standard.RouteText - RouteText[id=38a82a0d-69fc-4d87-a6d1-ec924f6828ee] Routing FlowFile[2668,90491678546061.mockFlowFile,24B] to original
[main] DEBUG org.apache.nifi.processors.standard.RouteText - RouteText[id=38a82a0d-69fc-4d87-a6d1-ec924f6828ee] Adding new dynamic property: PropertyDescriptor[simple]
[pool-3657-thread-1] INFO org.apache.nifi.processors.standard.RouteText - RouteText[id=38a82a0d-69fc-4d87-a6d1-ec924f6828ee] Created FlowFile[2671,90491679016038.mockFlowFile,24B] from FlowFile[2670,90491679016038.mockFlowFile,24B]; routing to relationship simple
[pool-3657-thread-1] INFO org.apache.nifi.processors.standard.RouteText - RouteText[id=38a82a0d-69fc-4d87-a6d1-ec924f6828ee] Routing FlowFile[2670,90491679016038.mockFlowFile,24B] to original
[main] DEBUG org.apache.nifi.processors.standard.RouteText - RouteText[id=38a82a0d-69fc-4d87-a6d1-ec924f6828ee] Adding new dynamic property: PropertyDescriptor[simple]
[pool-3658-thread-1] INFO org.apache.nifi.processors.standard.RouteText - RouteText[id=38a82a0d-69fc-4d87-a6d1-ec924f6828ee] Created FlowFile[2673,90491679504463.mockFlowFile,24B] from FlowFile[2672,90491679504463.mockFlowFile,24B]; routing to relationship simple
[pool-3658-thread-1] INFO org.apache.nifi.processors.standard.RouteText - RouteText[id=38a82a0d-69fc-4d87-a6d1-ec924f6828ee] Routing FlowFile[2672,90491679504463.mockFlowFile,24B] to original
[main] DEBUG org.apache.nifi.processors.standard.RouteText - RouteText[id=38a82a0d-69fc-4d87-a6d1-ec924f6828ee] Adding new dynamic property: PropertyDescriptor[simple]
[pool-3659-thread-1] INFO org.apache.nifi.processors.standard.RouteText - RouteText[id=38a82a0d-69fc-4d87-a6d1-ec924f6828ee] Created FlowFile[2675,90491679961011.mockFlowFile,24B] from FlowFile[2674,90491679961011.mockFlowFile,24B]; routing to relationship simple
[pool-3659-thread-1] INFO org.apache.nifi.processors.standard.RouteText - RouteText[id=38a82a0d-69fc-4d87-a6d1-ec924f6828ee] Routing FlowFile[2674,90491679961011.mockFlowFile,24B] to original
[main] DEBUG org.apache.nifi.processors.standard.RouteText - RouteText[id=38a82a0d-69fc-4d87-a6d1-ec924f6828ee] Adding new dynamic property: PropertyDescriptor[simple]
[pool-3660-thread-1] INFO org.apache.nifi.processors.standard.RouteText - RouteText[id=38a82a0d-69fc-4d87-a6d1-ec924f6828ee] Created FlowFile[2677,90491680470619.mockFlowFile,24B] from FlowFile[2676,90491680470619.mockFlowFile,24B]; routing to relationship simple
[pool-3660-thread-1] INFO org.apache.nifi.processors.standard.RouteText - RouteText[id=38a82a0d-69fc-4d87-a6d1-ec924f6828ee] Routing FlowFile[2676,90491680470619.mockFlowFile,24B] to original
[main] DEBUG org.apache.nifi.processors.standard.RouteText - RouteText[id=38a82a0d-69fc-4d87-a6d1-ec924f6828ee] Adding new dynamic property: PropertyDescriptor[simple]
[pool-3661-thread-1] INFO org.apache.nifi.processors.standard.RouteText - RouteText[id=38a82a0d-69fc-4d87-a6d1-ec924f6828ee] Created FlowFile[2679,90491680922111.mockFlowFile,24B] from FlowFile[2678,90491680922111.mockFlowFile,24B]; routing to relationship simple
[pool-3661-thread-1] INFO org.apache.nifi.processors.standard.RouteText - RouteText[id=38a82a0d-69fc-4d87-a6d1-ec924f6828ee] Routing FlowFile[2678,90491680922111.mockFlowFile,24B] to original
[main] DEBUG org.apache.nifi.processors.standard.RouteText - RouteText[id=38a82a0d-69fc-4d87-a6d1-ec924f6828ee] Adding new dynamic property: PropertyDescriptor[simple]
[pool-3662-thread-1] INFO org.apache.nifi.processors.standard.RouteText - RouteText[id=38a82a0d-69fc-4d87-a6d1-ec924f6828ee] Created FlowFile[2681,90491681394662.mockFlowFile,24B] from FlowFile[2680,90491681394662.mockFlowFile,24B]; routing to relationship simple
[pool-3662-thread-1] INFO org.apache.nifi.processors.standard.RouteText - RouteText[id=38a82a0d-69fc-4d87-a6d1-ec924f6828ee] Routing FlowFile[2680,90491681394662.mockFlowFile,24B] to original
[main] DEBUG org.apache.nifi.processors.standard.RouteText - RouteText[id=38a82a0d-69fc-4d87-a6d1-ec924f6828ee] Adding new dynamic property: PropertyDescriptor[simple]
[pool-3663-thread-1] INFO org.apache.nifi.processors.standard.RouteText - RouteText[id=38a82a0d-69fc-4d87-a6d1-ec924f6828ee] Created FlowFile[2683,90491681984106.mockFlowFile,24B] from FlowFile[2682,90491681984106.mockFlowFile,24B]; routing to relationship simple
[pool-3663-thread-1] INFO org.apache.nifi.processors.standard.RouteText - RouteText[id=38a82a0d-69fc-4d87-a6d1-ec924f6828ee] Routing FlowFile[2682,90491681984106.mockFlowFile,24B] to original
[main] DEBUG org.apache.nifi.processors.standard.RouteText - RouteText[id=38a82a0d-69fc-4d87-a6d1-ec924f6828ee] Adding new dynamic property: PropertyDescriptor[simple]
[pool-3664-thread-1] INFO org.apache.nifi.processors.standard.RouteText - RouteText[id=38a82a0d-69fc-4d87-a6d1-ec924f6828ee] Created FlowFile[2685,90491682479113.mockFlowFile,24B] from FlowFile[2684,90491682479113.mockFlowFile,24B]; routing to relationship simple
[pool-3664-thread-1] INFO org.apache.nifi.processors.standard.RouteText - RouteText[id=38a82a0d-69fc-4d87-a6d1-ec924f6828ee] Routing FlowFile[2684,90491682479113.mockFlowFile,24B] to original
[main] DEBUG org.apache.nifi.processors.standard.RouteText - RouteText[id=38a82a0d-69fc-4d87-a6d1-ec924f6828ee] Adding new dynamic property: PropertyDescriptor[simple]
[pool-3665-thread-1] INFO org.apache.nifi.processors.standard.RouteText - RouteText[id=38a82a0d-69fc-4d87-a6d1-ec924f6828ee] Created FlowFile[2687,90491682951690.mockFlowFile,24B] from FlowFile[2686,90491682951690.mockFlowFile,24B]; routing to relationship simple
[pool-3665-thread-1] INFO org.apache.nifi.processors.standard.RouteText - RouteText[id=38a82a0d-69fc-4d87-a6d1-ec924f6828ee] Routing FlowFile[2686,90491682951690.mockFlowFile,24B] to original
[main] DEBUG org.apache.nifi.processors.standard.RouteText - RouteText[id=38a82a0d-69fc-4d87-a6d1-ec924f6828ee] Adding new dynamic property: PropertyDescriptor[simple]
[pool-3666-thread-1] INFO org.apache.nifi.processors.standard.RouteText - RouteText[id=38a82a0d-69fc-4d87-a6d1-ec924f6828ee] Created FlowFile[2689,90491683412379.mockFlowFile,24B] from FlowFile[2688,90491683412379.mockFlowFile,24B]; routing to relationship simple
[pool-3666-thread-1] INFO org.apache.nifi.processors.standard.RouteText - RouteText[id=38a82a0d-69fc-4d87-a6d1-ec924f6828ee] Routing FlowFile[2688,90491683412379.mockFlowFile,24B] to original
[main] DEBUG org.apache.nifi.processors.standard.RouteText - RouteText[id=38a82a0d-69fc-4d87-a6d1-ec924f6828ee] Adding new dynamic property: PropertyDescriptor[simple]
[pool-3667-thread-1] INFO org.apache.nifi.processors.standard.RouteText - RouteText[id=38a82a0d-69fc-4d87-a6d1-ec924f6828ee] Created FlowFile[2691,90491683928374.mockFlowFile,24B] from FlowFile[2690,90491683928374.mockFlowFile,24B]; routing to relationship simple
[pool-3667-thread-1] INFO org.apache.nifi.processors.standard.RouteText - RouteText[id=38a82a0d-69fc-4d87-a6d1-ec924f6828ee] Routing FlowFile[2690,90491683928374.mockFlowFile,24B] to original
[main] DEBUG org.apache.nifi.processors.standard.RouteText - RouteText[id=38a82a0d-69fc-4d87-a6d1-ec924f6828ee] Adding new dynamic property: PropertyDescriptor[simple]
[pool-3668-thread-1] INFO org.apache.nifi.processors.standard.RouteText - RouteText[id=38a82a0d-69fc-4d87-a6d1-ec924f6828ee] Created FlowFile[2693,90491684477295.mockFlowFile,24B] from FlowFile[2692,90491684477295.mockFlowFile,24B]; routing to relationship simple
[pool-3668-thread-1] INFO org.apache.nifi.processors.standard.RouteText - RouteText[id=38a82a0d-69fc-4d87-a6d1-ec924f6828ee] Routing FlowFile[2692,90491684477295.mockFlowFile,24B] to original
[main] DEBUG org.apache.nifi.processors.standard.RouteText - RouteText[id=38a82a0d-69fc-4d87-a6d1-ec924f6828ee] Adding new dynamic property: PropertyDescriptor[simple]
[pool-3669-thread-1] INFO org.apache.nifi.processors.standard.RouteText - RouteText[id=38a82a0d-69fc-4d87-a6d1-ec924f6828ee] Created FlowFile[2695,90491684939641.mockFlowFile,24B] from FlowFile[2694,90491684939641.mockFlowFile,24B]; routing to relationship simple
[pool-3669-thread-1] INFO org.apache.nifi.processors.standard.RouteText - RouteText[id=38a82a0d-69fc-4d87-a6d1-ec924f6828ee] Routing FlowFile[2694,90491684939641.mockFlowFile,24B] to original
[main] DEBUG org.apache.nifi.processors.standard.RouteText - RouteText[id=38a82a0d-69fc-4d87-a6d1-ec924f6828ee] Adding new dynamic property: PropertyDescriptor[simple]
[pool-3670-thread-1] INFO org.apache.nifi.processors.standard.RouteText - RouteText[id=38a82a0d-69fc-4d87-a6d1-ec924f6828ee] Created FlowFile[2697,90491685385794.mockFlowFile,24B] from FlowFile[2696,90491685385794.mockFlowFile,24B]; routing to relationship simple
[pool-3670-thread-1] INFO org.apache.nifi.processors.standard.RouteText - RouteText[id=38a82a0d-69fc-4d87-a6d1-ec924f6828ee] Routing FlowFile[2696,90491685385794.mockFlowFile,24B] to original
[main] DEBUG org.apache.nifi.processors.standard.RouteText - RouteText[id=38a82a0d-69fc-4d87-a6d1-ec924f6828ee] Adding new dynamic property: PropertyDescriptor[simple]
[pool-3671-thread-1] INFO org.apache.nifi.processors.standard.RouteText - RouteText[id=38a82a0d-69fc-4d87-a6d1-ec924f6828ee] Created FlowFile[2699,90491685806680.mockFlowFile,24B] from FlowFile[2698,90491685806680.mockFlowFile,24B]; routing to relationship simple
[pool-3671-thread-1] INFO org.apache.nifi.processors.standard.RouteText - RouteText[id=38a82a0d-69fc-4d87-a6d1-ec924f6828ee] Routing FlowFile[2698,90491685806680.mockFlowFile,24B] to original
[main] DEBUG org.apache.nifi.processors.standard.RouteText - RouteText[id=38a82a0d-69fc-4d87-a6d1-ec924f6828ee] Adding new dynamic property: PropertyDescriptor[simple]
[pool-3672-thread-1] INFO org.apache.nifi.processors.standard.RouteText - RouteText[id=38a82a0d-69fc-4d87-a6d1-ec924f6828ee] Created FlowFile[2701,90491686236944.mockFlowFile,24B] from FlowFile[2700,90491686236944.mockFlowFile,24B]; routing to relationship simple
[pool-3672-thread-1] INFO org.apache.nifi.processors.standard.RouteText - RouteText[id=38a82a0d-69fc-4d87-a6d1-ec924f6828ee] Routing FlowFile[2700,90491686236944.mockFlowFile,24B] to original
[main] DEBUG org.apache.nifi.processors.standard.RouteText - RouteText[id=38a82a0d-69fc-4d87-a6d1-ec924f6828ee] Adding new dynamic property: PropertyDescriptor[simple]
[pool-3673-thread-1] INFO org.apache.nifi.processors.standard.RouteText - RouteText[id=38a82a0d-69fc-4d87-a6d1-ec924f6828ee] Created FlowFile[2703,90491686649975.mockFlowFile,24B] from FlowFile[2702,90491686649975.mockFlowFile,24B]; routing to relationship simple
[pool-3673-thread-1] INFO org.apache.nifi.processors.standard.RouteText - RouteText[id=38a82a0d-69fc-4d87-a6d1-ec924f6828ee] Routing FlowFile[2702,90491686649975.mockFlowFile,24B] to original
[main] DEBUG org.apache.nifi.processors.standard.RouteText - RouteText[id=38a82a0d-69fc-4d87-a6d1-ec924f6828ee] Adding new dynamic property: PropertyDescriptor[simple]
[pool-3674-thread-1] INFO org.apache.nifi.processors.standard.RouteText - RouteText[id=38a82a0d-69fc-4d87-a6d1-ec924f6828ee] Created FlowFile[2705,90491687093330.mockFlowFile,24B] from FlowFile[2704,90491687093330.mockFlowFile,24B]; routing to relationship simple
[pool-3674-thread-1] INFO org.apache.nifi.processors.standard.RouteText - RouteText[id=38a82a0d-69fc-4d87-a6d1-ec924f6828ee] Routing FlowFile[2704,90491687093330.mockFlowFile,24B] to original
[main] DEBUG org.apache.nifi.processors.standard.RouteText - RouteText[id=38a82a0d-69fc-4d87-a6d1-ec924f6828ee] Adding new dynamic property: PropertyDescriptor[simple]
[pool-3675-thread-1] INFO org.apache.nifi.processors.standard.RouteText - RouteText[id=38a82a0d-69fc-4d87-a6d1-ec924f6828ee] Created FlowFile[2707,90491687539123.mockFlowFile,24B] from FlowFile[2706,90491687539123.mockFlowFile,24B]; routing to relationship simple
[pool-3675-thread-1] INFO org.apache.nifi.processors.standard.RouteText - RouteText[id=38a82a0d-69fc-4d87-a6d1-ec924f6828ee] Routing FlowFile[2706,90491687539123.mockFlowFile,24B] to original
[main] DEBUG org.apache.nifi.processors.standard.RouteText - RouteText[id=38a82a0d-69fc-4d87-a6d1-ec924f6828ee] Adding new dynamic property: PropertyDescriptor[simple]
[pool-3676-thread-1] INFO org.apache.nifi.processors.standard.RouteText - RouteText[id=38a82a0d-69fc-4d87-a6d1-ec924f6828ee] Created FlowFile[2709,90491687977219.mockFlowFile,24B] from FlowFile[2708,90491687977219.mockFlowFile,24B]; routing to relationship simple
[pool-3676-thread-1] INFO org.apache.nifi.processors.standard.RouteText - RouteText[id=38a82a0d-69fc-4d87-a6d1-ec924f6828ee] Routing FlowFile[2708,90491687977219.mockFlowFile,24B] to original
[main] DEBUG org.apache.nifi.processors.standard.RouteText - RouteText[id=38a82a0d-69fc-4d87-a6d1-ec924f6828ee] Adding new dynamic property: PropertyDescriptor[simple]
[pool-3677-thread-1] INFO org.apache.nifi.processors.standard.RouteText - RouteText[id=38a82a0d-69fc-4d87-a6d1-ec924f6828ee] Created FlowFile[2711,90491688434897.mockFlowFile,24B] from FlowFile[2710,90491688434897.mockFlowFile,24B]; routing to relationship simple
[pool-3677-thread-1] INFO org.apache.nifi.processors.standard.RouteText - RouteText[id=38a82a0d-69fc-4d87-a6d1-ec924f6828ee] Routing FlowFile[2710,90491688434897.mockFlowFile,24B] to original
[main] DEBUG org.apache.nifi.processors.standard.RouteText - RouteText[id=38a82a0d-69fc-4d87-a6d1-ec924f6828ee] Adding new dynamic property: PropertyDescriptor[simple]
[pool-3678-thread-1] INFO org.apache.nifi.processors.standard.RouteText - RouteText[id=38a82a0d-69fc-4d87-a6d1-ec924f6828ee] Created FlowFile[2713,90491688882264.mockFlowFile,24B] from FlowFile[2712,90491688882264.mockFlowFile,24B]; routing to relationship simple
[pool-3678-thread-1] INFO org.apache.nifi.processors.standard.RouteText - RouteText[id=38a82a0d-69fc-4d87-a6d1-ec924f6828ee] Routing FlowFile[2712,90491688882264.mockFlowFile,24B] to original
[main] DEBUG org.apache.nifi.processors.standard.RouteText - RouteText[id=38a82a0d-69fc-4d87-a6d1-ec924f6828ee] Adding new dynamic property: PropertyDescriptor[simple]
[pool-3679-thread-1] INFO org.apache.nifi.processors.standard.RouteText - RouteText[id=38a82a0d-69fc-4d87-a6d1-ec924f6828ee] Created FlowFile[2715,90491689349995.mockFlowFile,24B] from FlowFile[2714,90491689349995.mockFlowFile,24B]; routing to relationship simple
[pool-3679-thread-1] INFO org.apache.nifi.processors.standard.RouteText - RouteText[id=38a82a0d-69fc-4d87-a6d1-ec924f6828ee] Routing FlowFile[2714,90491689349995.mockFlowFile,24B] to original
[main] DEBUG org.apache.nifi.processors.standard.RouteText - RouteText[id=38a82a0d-69fc-4d87-a6d1-ec924f6828ee] Adding new dynamic property: PropertyDescriptor[simple]
[pool-3680-thread-1] INFO org.apache.nifi.processors.standard.RouteText - RouteText[id=38a82a0d-69fc-4d87-a6d1-ec924f6828ee] Created FlowFile[2717,90491689789620.mockFlowFile,24B] from FlowFile[2716,90491689789620.mockFlowFile,24B]; routing to relationship simple
[pool-3680-thread-1] INFO org.apache.nifi.processors.standard.RouteText - RouteText[id=38a82a0d-69fc-4d87-a6d1-ec924f6828ee] Routing FlowFile[2716,90491689789620.mockFlowFile,24B] to original
[main] DEBUG org.apache.nifi.processors.standard.RouteText - RouteText[id=38a82a0d-69fc-4d87-a6d1-ec924f6828ee] Adding new dynamic property: PropertyDescriptor[simple]
[pool-3681-thread-1] INFO org.apache.nifi.processors.standard.RouteText - RouteText[id=38a82a0d-69fc-4d87-a6d1-ec924f6828ee] Created FlowFile[2719,90491690227206.mockFlowFile,24B] from FlowFile[2718,90491690227206.mockFlowFile,24B]; routing to relationship simple
[pool-3681-thread-1] INFO org.apache.nifi.processors.standard.RouteText - RouteText[id=38a82a0d-69fc-4d87-a6d1-ec924f6828ee] Routing FlowFile[2718,90491690227206.mockFlowFile,24B] to original
[main] DEBUG org.apache.nifi.processors.standard.RouteText - RouteText[id=38a82a0d-69fc-4d87-a6d1-ec924f6828ee] Adding new dynamic property: PropertyDescriptor[simple]
[pool-3682-thread-1] INFO org.apache.nifi.processors.standard.RouteText - RouteText[id=38a82a0d-69fc-4d87-a6d1-ec924f6828ee] Created FlowFile[2721,90491690661167.mockFlowFile,24B] from FlowFile[2720,90491690661167.mockFlowFile,24B]; routing to relationship simple
[pool-3682-thread-1] INFO org.apache.nifi.processors.standard.RouteText - RouteText[id=38a82a0d-69fc-4d87-a6d1-ec924f6828ee] Routing FlowFile[2720,90491690661167.mockFlowFile,24B] to original
[main] DEBUG org.apache.nifi.processors.standard.RouteText - RouteText[id=38a82a0d-69fc-4d87-a6d1-ec924f6828ee] Adding new dynamic property: PropertyDescriptor[simple]
[pool-3683-thread-1] INFO org.apache.nifi.processors.standard.RouteText - RouteText[id=38a82a0d-69fc-4d87-a6d1-ec924f6828ee] Created FlowFile[2723,90491691093720.mockFlowFile,24B] from FlowFile[2722,90491691093720.mockFlowFile,24B]; routing to relationship simple
[pool-3683-thread-1] INFO org.apache.nifi.processors.standard.RouteText - RouteText[id=38a82a0d-69fc-4d87-a6d1-ec924f6828ee] Routing FlowFile[2722,90491691093720.mockFlowFile,24B] to original
[main] DEBUG org.apache.nifi.processors.standard.RouteText - RouteText[id=38a82a0d-69fc-4d87-a6d1-ec924f6828ee] Adding new dynamic property: PropertyDescriptor[simple]
[pool-3684-thread-1] INFO org.apache.nifi.processors.standard.RouteText - RouteText[id=38a82a0d-69fc-4d87-a6d1-ec924f6828ee] Created FlowFile[2725,90491691521670.mockFlowFile,24B] from FlowFile[2724,90491691521670.mockFlowFile,24B]; routing to relationship simple
[pool-3684-thread-1] INFO org.apache.nifi.processors.standard.RouteText - RouteText[id=38a82a0d-69fc-4d87-a6d1-ec924f6828ee] Routing FlowFile[2724,90491691521670.mockFlowFile,24B] to original
[main] DEBUG org.apache.nifi.processors.standard.RouteText - RouteText[id=38a82a0d-69fc-4d87-a6d1-ec924f6828ee] Adding new dynamic property: PropertyDescriptor[simple]
[pool-3685-thread-1] INFO org.apache.nifi.processors.standard.RouteText - RouteText[id=38a82a0d-69fc-4d87-a6d1-ec924f6828ee] Created FlowFile[2727,90491691948605.mockFlowFile,24B] from FlowFile[2726,90491691948605.mockFlowFile,24B]; routing to relationship simple
[pool-3685-thread-1] INFO org.apache.nifi.processors.standard.RouteText - RouteText[id=38a82a0d-69fc-4d87-a6d1-ec924f6828ee] Routing FlowFile[2726,90491691948605.mockFlowFile,24B] to original
[main] DEBUG org.apache.nifi.processors.standard.RouteText - RouteText[id=38a82a0d-69fc-4d87-a6d1-ec924f6828ee] Adding new dynamic property: PropertyDescriptor[simple]
[pool-3686-thread-1] INFO org.apache.nifi.processors.standard.RouteText - RouteText[id=38a82a0d-69fc-4d87-a6d1-ec924f6828ee] Created FlowFile[2729,90491692375700.mockFlowFile,24B] from FlowFile[2728,90491692375700.mockFlowFile,24B]; routing to relationship simple
[pool-3686-thread-1] INFO org.apache.nifi.processors.standard.RouteText - RouteText[id=38a82a0d-69fc-4d87-a6d1-ec924f6828ee] Routing FlowFile[2728,90491692375700.mockFlowFile,24B] to original
[main] DEBUG org.apache.nifi.processors.standard.RouteText - RouteText[id=38a82a0d-69fc-4d87-a6d1-ec924f6828ee] Adding new dynamic property: PropertyDescriptor[simple]
[pool-3687-thread-1] INFO org.apache.nifi.processors.standard.RouteText - RouteText[id=38a82a0d-69fc-4d87-a6d1-ec924f6828ee] Created FlowFile[2731,90491692788220.mockFlowFile,24B] from FlowFile[2730,90491692788220.mockFlowFile,24B]; routing to relationship simple
[pool-3687-thread-1] INFO org.apache.nifi.processors.standard.RouteText - RouteText[id=38a82a0d-69fc-4d87-a6d1-ec924f6828ee] Routing FlowFile[2730,90491692788220.mockFlowFile,24B] to original
[main] DEBUG org.apache.nifi.processors.standard.RouteText - RouteText[id=38a82a0d-69fc-4d87-a6d1-ec924f6828ee] Adding new dynamic property: PropertyDescriptor[simple]
[pool-3688-thread-1] INFO org.apache.nifi.processors.standard.RouteText - RouteText[id=38a82a0d-69fc-4d87-a6d1-ec924f6828ee] Created FlowFile[2733,90491693208549.mockFlowFile,24B] from FlowFile[2732,90491693208549.mockFlowFile,24B]; routing to relationship simple
[pool-3688-thread-1] INFO org.apache.nifi.processors.standard.RouteText - RouteText[id=38a82a0d-69fc-4d87-a6d1-ec924f6828ee] Routing FlowFile[2732,90491693208549.mockFlowFile,24B] to original
[main] DEBUG org.apache.nifi.processors.standard.RouteText - RouteText[id=38a82a0d-69fc-4d87-a6d1-ec924f6828ee] Adding new dynamic property: PropertyDescriptor[simple]
[pool-3689-thread-1] INFO org.apache.nifi.processors.standard.RouteText - RouteText[id=38a82a0d-69fc-4d87-a6d1-ec924f6828ee] Created FlowFile[2735,90491693637305.mockFlowFile,24B] from FlowFile[2734,90491693637305.mockFlowFile,24B]; routing to relationship simple
[pool-3689-thread-1] INFO org.apache.nifi.processors.standard.RouteText - RouteText[id=38a82a0d-69fc-4d87-a6d1-ec924f6828ee] Routing FlowFile[2734,90491693637305.mockFlowFile,24B] to original
[main] DEBUG org.apache.nifi.processors.standard.RouteText - RouteText[id=38a82a0d-69fc-4d87-a6d1-ec924f6828ee] Adding new dynamic property: PropertyDescriptor[simple]
[pool-3690-thread-1] INFO org.apache.nifi.processors.standard.RouteText - RouteText[id=38a82a0d-69fc-4d87-a6d1-ec924f6828ee] Created FlowFile[2737,90491694097530.mockFlowFile,24B] from FlowFile[2736,90491694097530.mockFlowFile,24B]; routing to relationship simple
[pool-3690-thread-1] INFO org.apache.nifi.processors.standard.RouteText - RouteText[id=38a82a0d-69fc-4d87-a6d1-ec924f6828ee] Routing FlowFile[2736,90491694097530.mockFlowFile,24B] to original
[main] DEBUG org.apache.nifi.processors.standard.RouteText - RouteText[id=38a82a0d-69fc-4d87-a6d1-ec924f6828ee] Adding new dynamic property: PropertyDescriptor[simple]
[pool-3691-thread-1] INFO org.apache.nifi.processors.standard.RouteText - RouteText[id=38a82a0d-69fc-4d87-a6d1-ec924f6828ee] Created FlowFile[2739,90491694576208.mockFlowFile,24B] from FlowFile[2738,90491694576208.mockFlowFile,24B]; routing to relationship simple
[pool-3691-thread-1] INFO org.apache.nifi.processors.standard.RouteText - RouteText[id=38a82a0d-69fc-4d87-a6d1-ec924f6828ee] Routing FlowFile[2738,90491694576208.mockFlowFile,24B] to original
[main] DEBUG org.apache.nifi.processors.standard.RouteText - RouteText[id=38a82a0d-69fc-4d87-a6d1-ec924f6828ee] Adding new dynamic property: PropertyDescriptor[simple]
[pool-3692-thread-1] INFO org.apache.nifi.processors.standard.RouteText - RouteText[id=38a82a0d-69fc-4d87-a6d1-ec924f6828ee] Created FlowFile[2741,90491695047534.mockFlowFile,24B] from FlowFile[2740,90491695047534.mockFlowFile,24B]; routing to relationship simple
[pool-3692-thread-1] INFO org.apache.nifi.processors.standard.RouteText - RouteText[id=38a82a0d-69fc-4d87-a6d1-ec924f6828ee] Routing FlowFile[2740,90491695047534.mockFlowFile,24B] to original
[main] DEBUG org.apache.nifi.processors.standard.RouteText - RouteText[id=38a82a0d-69fc-4d87-a6d1-ec924f6828ee] Adding new dynamic property: PropertyDescriptor[simple]
[pool-3693-thread-1] INFO org.apache.nifi.processors.standard.RouteText - RouteText[id=38a82a0d-69fc-4d87-a6d1-ec924f6828ee] Created FlowFile[2743,90491695527623.mockFlowFile,24B] from FlowFile[2742,90491695527623.mockFlowFile,24B]; routing to relationship simple
[pool-3693-thread-1] INFO org.apache.nifi.processors.standard.RouteText - RouteText[id=38a82a0d-69fc-4d87-a6d1-ec924f6828ee] Routing FlowFile[2742,90491695527623.mockFlowFile,24B] to original
[main] DEBUG org.apache.nifi.processors.standard.RouteText - RouteText[id=38a82a0d-69fc-4d87-a6d1-ec924f6828ee] Adding new dynamic property: PropertyDescriptor[simple]
[pool-3694-thread-1] INFO org.apache.nifi.processors.standard.RouteText - RouteText[id=38a82a0d-69fc-4d87-a6d1-ec924f6828ee] Created FlowFile[2745,90491696188027.mockFlowFile,24B] from FlowFile[2744,90491696188027.mockFlowFile,24B]; routing to relationship simple
[pool-3694-thread-1] INFO org.apache.nifi.processors.standard.RouteText - RouteText[id=38a82a0d-69fc-4d87-a6d1-ec924f6828ee] Routing FlowFile[2744,90491696188027.mockFlowFile,24B] to original
[main] DEBUG org.apache.nifi.processors.standard.RouteText - RouteText[id=38a82a0d-69fc-4d87-a6d1-ec924f6828ee] Adding new dynamic property: PropertyDescriptor[simple]
[pool-3695-thread-1] INFO org.apache.nifi.processors.standard.RouteText - RouteText[id=38a82a0d-69fc-4d87-a6d1-ec924f6828ee] Created FlowFile[2747,90491696732093.mockFlowFile,24B] from FlowFile[2746,90491696732093.mockFlowFile,24B]; routing to relationship simple
[pool-3695-thread-1] INFO org.apache.nifi.processors.standard.RouteText - RouteText[id=38a82a0d-69fc-4d87-a6d1-ec924f6828ee] Routing FlowFile[2746,90491696732093.mockFlowFile,24B] to original
[main] DEBUG org.apache.nifi.processors.standard.RouteText - RouteText[id=38a82a0d-69fc-4d87-a6d1-ec924f6828ee] Adding new dynamic property: PropertyDescriptor[simple]
[pool-3696-thread-1] INFO org.apache.nifi.processors.standard.RouteText - RouteText[id=38a82a0d-69fc-4d87-a6d1-ec924f6828ee] Created FlowFile[2749,90491697203466.mockFlowFile,24B] from FlowFile[2748,90491697203466.mockFlowFile,24B]; routing to relationship simple
[pool-3696-thread-1] INFO org.apache.nifi.processors.standard.RouteText - RouteText[id=38a82a0d-69fc-4d87-a6d1-ec924f6828ee] Routing FlowFile[2748,90491697203466.mockFlowFile,24B] to original
[main] DEBUG org.apache.nifi.processors.standard.RouteText - RouteText[id=38a82a0d-69fc-4d87-a6d1-ec924f6828ee] Adding new dynamic property: PropertyDescriptor[simple]
[pool-3697-thread-1] INFO org.apache.nifi.processors.standard.RouteText - RouteText[id=38a82a0d-69fc-4d87-a6d1-ec924f6828ee] Created FlowFile[2751,90491697688147.mockFlowFile,24B] from FlowFile[2750,90491697688147.mockFlowFile,24B]; routing to relationship simple
[pool-3697-thread-1] INFO org.apache.nifi.processors.standard.RouteText - RouteText[id=38a82a0d-69fc-4d87-a6d1-ec924f6828ee] Routing FlowFile[2750,90491697688147.mockFlowFile,24B] to original
[main] DEBUG org.apache.nifi.processors.standard.RouteText - RouteText[id=38a82a0d-69fc-4d87-a6d1-ec924f6828ee] Adding new dynamic property: PropertyDescriptor[simple]
[pool-3698-thread-1] INFO org.apache.nifi.processors.standard.RouteText - RouteText[id=38a82a0d-69fc-4d87-a6d1-ec924f6828ee] Created FlowFile[2753,90491698148147.mockFlowFile,24B] from FlowFile[2752,90491698148147.mockFlowFile,24B]; routing to relationship simple
[pool-3698-thread-1] INFO org.apache.nifi.processors.standard.RouteText - RouteText[id=38a82a0d-69fc-4d87-a6d1-ec924f6828ee] Routing FlowFile[2752,90491698148147.mockFlowFile,24B] to original
[main] DEBUG org.apache.nifi.processors.standard.RouteText - RouteText[id=38a82a0d-69fc-4d87-a6d1-ec924f6828ee] Adding new dynamic property: PropertyDescriptor[simple]
[pool-3699-thread-1] INFO org.apache.nifi.processors.standard.RouteText - RouteText[id=38a82a0d-69fc-4d87-a6d1-ec924f6828ee] Created FlowFile[2755,90491698593718.mockFlowFile,24B] from FlowFile[2754,90491698593718.mockFlowFile,24B]; routing to relationship simple
[pool-3699-thread-1] INFO org.apache.nifi.processors.standard.RouteText - RouteText[id=38a82a0d-69fc-4d87-a6d1-ec924f6828ee] Routing FlowFile[2754,90491698593718.mockFlowFile,24B] to original
[main] DEBUG org.apache.nifi.processors.standard.RouteText - RouteText[id=38a82a0d-69fc-4d87-a6d1-ec924f6828ee] Adding new dynamic property: PropertyDescriptor[simple]
[pool-3700-thread-1] INFO org.apache.nifi.processors.standard.RouteText - RouteText[id=38a82a0d-69fc-4d87-a6d1-ec924f6828ee] Created FlowFile[2757,90491699040255.mockFlowFile,24B] from FlowFile[2756,90491699040255.mockFlowFile,24B]; routing to relationship simple
[pool-3700-thread-1] INFO org.apache.nifi.processors.standard.RouteText - RouteText[id=38a82a0d-69fc-4d87-a6d1-ec924f6828ee] Routing FlowFile[2756,90491699040255.mockFlowFile,24B] to original
[main] DEBUG org.apache.nifi.processors.standard.RouteText - RouteText[id=38a82a0d-69fc-4d87-a6d1-ec924f6828ee] Adding new dynamic property: PropertyDescriptor[simple]
[pool-3701-thread-1] INFO org.apache.nifi.processors.standard.RouteText - RouteText[id=38a82a0d-69fc-4d87-a6d1-ec924f6828ee] Created FlowFile[2759,90491699499996.mockFlowFile,24B] from FlowFile[2758,90491699499996.mockFlowFile,24B]; routing to relationship simple
[pool-3701-thread-1] INFO org.apache.nifi.processors.standard.RouteText - RouteText[id=38a82a0d-69fc-4d87-a6d1-ec924f6828ee] Routing FlowFile[2758,90491699499996.mockFlowFile,24B] to original
[main] DEBUG org.apache.nifi.processors.standard.RouteText - RouteText[id=38a82a0d-69fc-4d87-a6d1-ec924f6828ee] Adding new dynamic property: PropertyDescriptor[simple]
[pool-3702-thread-1] INFO org.apache.nifi.processors.standard.RouteText - RouteText[id=38a82a0d-69fc-4d87-a6d1-ec924f6828ee] Created FlowFile[2761,90491699956709.mockFlowFile,24B] from FlowFile[2760,90491699956709.mockFlowFile,24B]; routing to relationship simple
[pool-3702-thread-1] INFO org.apache.nifi.processors.standard.RouteText - RouteText[id=38a82a0d-69fc-4d87-a6d1-ec924f6828ee] Routing FlowFile[2760,90491699956709.mockFlowFile,24B] to original
[main] DEBUG org.apache.nifi.processors.standard.RouteText - RouteText[id=38a82a0d-69fc-4d87-a6d1-ec924f6828ee] Adding new dynamic property: PropertyDescriptor[simple]
[pool-3703-thread-1] INFO org.apache.nifi.processors.standard.RouteText - RouteText[id=38a82a0d-69fc-4d87-a6d1-ec924f6828ee] Created FlowFile[2763,90491700440330.mockFlowFile,24B] from FlowFile[2762,90491700440330.mockFlowFile,24B]; routing to relationship simple
[pool-3703-thread-1] INFO org.apache.nifi.processors.standard.RouteText - RouteText[id=38a82a0d-69fc-4d87-a6d1-ec924f6828ee] Routing FlowFile[2762,90491700440330.mockFlowFile,24B] to original
[main] DEBUG org.apache.nifi.processors.standard.RouteText - RouteText[id=38a82a0d-69fc-4d87-a6d1-ec924f6828ee] Adding new dynamic property: PropertyDescriptor[simple]
[pool-3704-thread-1] INFO org.apache.nifi.processors.standard.RouteText - RouteText[id=38a82a0d-69fc-4d87-a6d1-ec924f6828ee] Created FlowFile[2765,90491700919727.mockFlowFile,24B] from FlowFile[2764,90491700919727.mockFlowFile,24B]; routing to relationship simple
[pool-3704-thread-1] INFO org.apache.nifi.processors.standard.RouteText - RouteText[id=38a82a0d-69fc-4d87-a6d1-ec924f6828ee] Routing FlowFile[2764,90491700919727.mockFlowFile,24B] to original
[main] DEBUG org.apache.nifi.processors.standard.RouteText - RouteText[id=38a82a0d-69fc-4d87-a6d1-ec924f6828ee] Adding new dynamic property: PropertyDescriptor[simple]
[pool-3705-thread-1] INFO org.apache.nifi.processors.standard.RouteText - RouteText[id=38a82a0d-69fc-4d87-a6d1-ec924f6828ee] Created FlowFile[2767,90491701380891.mockFlowFile,24B] from FlowFile[2766,90491701380891.mockFlowFile,24B]; routing to relationship simple
[pool-3705-thread-1] INFO org.apache.nifi.processors.standard.RouteText - RouteText[id=38a82a0d-69fc-4d87-a6d1-ec924f6828ee] Routing FlowFile[2766,90491701380891.mockFlowFile,24B] to original
[main] DEBUG org.apache.nifi.processors.standard.RouteText - RouteText[id=38a82a0d-69fc-4d87-a6d1-ec924f6828ee] Adding new dynamic property: PropertyDescriptor[simple]
[pool-3706-thread-1] INFO org.apache.nifi.processors.standard.RouteText - RouteText[id=38a82a0d-69fc-4d87-a6d1-ec924f6828ee] Created FlowFile[2769,90491701844921.mockFlowFile,24B] from FlowFile[2768,90491701844921.mockFlowFile,24B]; routing to relationship simple
[pool-3706-thread-1] INFO org.apache.nifi.processors.standard.RouteText - RouteText[id=38a82a0d-69fc-4d87-a6d1-ec924f6828ee] Routing FlowFile[2768,90491701844921.mockFlowFile,24B] to original
[main] DEBUG org.apache.nifi.processors.standard.RouteText - RouteText[id=38a82a0d-69fc-4d87-a6d1-ec924f6828ee] Adding new dynamic property: PropertyDescriptor[simple]
[pool-3707-thread-1] INFO org.apache.nifi.processors.standard.RouteText - RouteText[id=38a82a0d-69fc-4d87-a6d1-ec924f6828ee] Created FlowFile[2771,90491702299260.mockFlowFile,24B] from FlowFile[2770,90491702299260.mockFlowFile,24B]; routing to relationship simple
[pool-3707-thread-1] INFO org.apache.nifi.processors.standard.RouteText - RouteText[id=38a82a0d-69fc-4d87-a6d1-ec924f6828ee] Routing FlowFile[2770,90491702299260.mockFlowFile,24B] to original
[main] DEBUG org.apache.nifi.processors.standard.RouteText - RouteText[id=38a82a0d-69fc-4d87-a6d1-ec924f6828ee] Adding new dynamic property: PropertyDescriptor[simple]
[pool-3708-thread-1] INFO org.apache.nifi.processors.standard.RouteText - RouteText[id=38a82a0d-69fc-4d87-a6d1-ec924f6828ee] Created FlowFile[2773,90491702764706.mockFlowFile,24B] from FlowFile[2772,90491702764706.mockFlowFile,24B]; routing to relationship simple
[pool-3708-thread-1] INFO org.apache.nifi.processors.standard.RouteText - RouteText[id=38a82a0d-69fc-4d87-a6d1-ec924f6828ee] Routing FlowFile[2772,90491702764706.mockFlowFile,24B] to original
[main] DEBUG org.apache.nifi.processors.standard.RouteText - RouteText[id=38a82a0d-69fc-4d87-a6d1-ec924f6828ee] Adding new dynamic property: PropertyDescriptor[simple]
[pool-3709-thread-1] INFO org.apache.nifi.processors.standard.RouteText - RouteText[id=38a82a0d-69fc-4d87-a6d1-ec924f6828ee] Created FlowFile[2775,90491703207187.mockFlowFile,24B] from FlowFile[2774,90491703207187.mockFlowFile,24B]; routing to relationship simple
[pool-3709-thread-1] INFO org.apache.nifi.processors.standard.RouteText - RouteText[id=38a82a0d-69fc-4d87-a6d1-ec924f6828ee] Routing FlowFile[2774,90491703207187.mockFlowFile,24B] to original
[main] DEBUG org.apache.nifi.processors.standard.RouteText - RouteText[id=38a82a0d-69fc-4d87-a6d1-ec924f6828ee] Adding new dynamic property: PropertyDescriptor[simple]
[pool-3710-thread-1] INFO org.apache.nifi.processors.standard.RouteText - RouteText[id=38a82a0d-69fc-4d87-a6d1-ec924f6828ee] Created FlowFile[2777,90491703645949.mockFlowFile,24B] from FlowFile[2776,90491703645949.mockFlowFile,24B]; routing to relationship simple
[pool-3710-thread-1] INFO org.apache.nifi.processors.standard.RouteText - RouteText[id=38a82a0d-69fc-4d87-a6d1-ec924f6828ee] Routing FlowFile[2776,90491703645949.mockFlowFile,24B] to original
[main] DEBUG org.apache.nifi.processors.standard.RouteText - RouteText[id=38a82a0d-69fc-4d87-a6d1-ec924f6828ee] Adding new dynamic property: PropertyDescriptor[simple]
[pool-3711-thread-1] INFO org.apache.nifi.processors.standard.RouteText - RouteText[id=38a82a0d-69fc-4d87-a6d1-ec924f6828ee] Created FlowFile[2779,90491704130951.mockFlowFile,24B] from FlowFile[2778,90491704130951.mockFlowFile,24B]; routing to relationship simple
[pool-3711-thread-1] INFO org.apache.nifi.processors.standard.RouteText - RouteText[id=38a82a0d-69fc-4d87-a6d1-ec924f6828ee] Routing FlowFile[2778,90491704130951.mockFlowFile,24B] to original
[main] DEBUG org.apache.nifi.processors.standard.RouteText - RouteText[id=38a82a0d-69fc-4d87-a6d1-ec924f6828ee] Adding new dynamic property: PropertyDescriptor[simple]
[pool-3712-thread-1] INFO org.apache.nifi.processors.standard.RouteText - RouteText[id=38a82a0d-69fc-4d87-a6d1-ec924f6828ee] Created FlowFile[2781,90491704599200.mockFlowFile,24B] from FlowFile[2780,90491704599200.mockFlowFile,24B]; routing to relationship simple
[pool-3712-thread-1] INFO org.apache.nifi.processors.standard.RouteText - RouteText[id=38a82a0d-69fc-4d87-a6d1-ec924f6828ee] Routing FlowFile[2780,90491704599200.mockFlowFile,24B] to original
[main] DEBUG org.apache.nifi.processors.standard.RouteText - RouteText[id=38a82a0d-69fc-4d87-a6d1-ec924f6828ee] Adding new dynamic property: PropertyDescriptor[simple]
[pool-3713-thread-1] INFO org.apache.nifi.processors.standard.RouteText - RouteText[id=38a82a0d-69fc-4d87-a6d1-ec924f6828ee] Created FlowFile[2783,90491705065059.mockFlowFile,24B] from FlowFile[2782,90491705065059.mockFlowFile,24B]; routing to relationship simple
[pool-3713-thread-1] INFO org.apache.nifi.processors.standard.RouteText - RouteText[id=38a82a0d-69fc-4d87-a6d1-ec924f6828ee] Routing FlowFile[2782,90491705065059.mockFlowFile,24B] to original
[main] DEBUG org.apache.nifi.processors.standard.RouteText - RouteText[id=38a82a0d-69fc-4d87-a6d1-ec924f6828ee] Adding new dynamic property: PropertyDescriptor[simple]
[pool-3714-thread-1] INFO org.apache.nifi.processors.standard.RouteText - RouteText[id=38a82a0d-69fc-4d87-a6d1-ec924f6828ee] Created FlowFile[2785,90491705530479.mockFlowFile,24B] from FlowFile[2784,90491705530479.mockFlowFile,24B]; routing to relationship simple
[pool-3714-thread-1] INFO org.apache.nifi.processors.standard.RouteText - RouteText[id=38a82a0d-69fc-4d87-a6d1-ec924f6828ee] Routing FlowFile[2784,90491705530479.mockFlowFile,24B] to original
[main] DEBUG org.apache.nifi.processors.standard.RouteText - RouteText[id=38a82a0d-69fc-4d87-a6d1-ec924f6828ee] Adding new dynamic property: PropertyDescriptor[simple]
[pool-3715-thread-1] INFO org.apache.nifi.processors.standard.RouteText - RouteText[id=38a82a0d-69fc-4d87-a6d1-ec924f6828ee] Created FlowFile[2787,90491706008242.mockFlowFile,24B] from FlowFile[2786,90491706008242.mockFlowFile,24B]; routing to relationship simple
[pool-3715-thread-1] INFO org.apache.nifi.processors.standard.RouteText - RouteText[id=38a82a0d-69fc-4d87-a6d1-ec924f6828ee] Routing FlowFile[2786,90491706008242.mockFlowFile,24B] to original
[main] DEBUG org.apache.nifi.processors.standard.RouteText - RouteText[id=38a82a0d-69fc-4d87-a6d1-ec924f6828ee] Adding new dynamic property: PropertyDescriptor[simple]
[pool-3716-thread-1] INFO org.apache.nifi.processors.standard.RouteText - RouteText[id=38a82a0d-69fc-4d87-a6d1-ec924f6828ee] Created FlowFile[2789,90491706512323.mockFlowFile,24B] from FlowFile[2788,90491706512323.mockFlowFile,24B]; routing to relationship simple
[pool-3716-thread-1] INFO org.apache.nifi.processors.standard.RouteText - RouteText[id=38a82a0d-69fc-4d87-a6d1-ec924f6828ee] Routing FlowFile[2788,90491706512323.mockFlowFile,24B] to original
[main] DEBUG org.apache.nifi.processors.standard.RouteText - RouteText[id=38a82a0d-69fc-4d87-a6d1-ec924f6828ee] Adding new dynamic property: PropertyDescriptor[simple]
[pool-3717-thread-1] INFO org.apache.nifi.processors.standard.RouteText - RouteText[id=38a82a0d-69fc-4d87-a6d1-ec924f6828ee] Created FlowFile[2791,90491707000073.mockFlowFile,24B] from FlowFile[2790,90491707000073.mockFlowFile,24B]; routing to relationship simple
[pool-3717-thread-1] INFO org.apache.nifi.processors.standard.RouteText - RouteText[id=38a82a0d-69fc-4d87-a6d1-ec924f6828ee] Routing FlowFile[2790,90491707000073.mockFlowFile,24B] to original
[main] DEBUG org.apache.nifi.processors.standard.RouteText - RouteText[id=38a82a0d-69fc-4d87-a6d1-ec924f6828ee] Adding new dynamic property: PropertyDescriptor[simple]
[pool-3718-thread-1] INFO org.apache.nifi.processors.standard.RouteText - RouteText[id=38a82a0d-69fc-4d87-a6d1-ec924f6828ee] Created FlowFile[2793,90491707449782.mockFlowFile,24B] from FlowFile[2792,90491707449782.mockFlowFile,24B]; routing to relationship simple
[pool-3718-thread-1] INFO org.apache.nifi.processors.standard.RouteText - RouteText[id=38a82a0d-69fc-4d87-a6d1-ec924f6828ee] Routing FlowFile[2792,90491707449782.mockFlowFile,24B] to original
[main] DEBUG org.apache.nifi.processors.standard.RouteText - RouteText[id=38a82a0d-69fc-4d87-a6d1-ec924f6828ee] Adding new dynamic property: PropertyDescriptor[simple]
[pool-3719-thread-1] INFO org.apache.nifi.processors.standard.RouteText - RouteText[id=38a82a0d-69fc-4d87-a6d1-ec924f6828ee] Created FlowFile[2795,90491707940470.mockFlowFile,24B] from FlowFile[2794,90491707940470.mockFlowFile,24B]; routing to relationship simple
[pool-3719-thread-1] INFO org.apache.nifi.processors.standard.RouteText - RouteText[id=38a82a0d-69fc-4d87-a6d1-ec924f6828ee] Routing FlowFile[2794,90491707940470.mockFlowFile,24B] to original
[main] DEBUG org.apache.nifi.processors.standard.RouteText - RouteText[id=38a82a0d-69fc-4d87-a6d1-ec924f6828ee] Adding new dynamic property: PropertyDescriptor[simple]
[pool-3720-thread-1] INFO org.apache.nifi.processors.standard.RouteText - RouteText[id=38a82a0d-69fc-4d87-a6d1-ec924f6828ee] Created FlowFile[2797,90491708429759.mockFlowFile,24B] from FlowFile[2796,90491708429759.mockFlowFile,24B]; routing to relationship simple
[pool-3720-thread-1] INFO org.apache.nifi.processors.standard.RouteText - RouteText[id=38a82a0d-69fc-4d87-a6d1-ec924f6828ee] Routing FlowFile[2796,90491708429759.mockFlowFile,24B] to original
[main] DEBUG org.apache.nifi.processors.standard.RouteText - RouteText[id=38a82a0d-69fc-4d87-a6d1-ec924f6828ee] Adding new dynamic property: PropertyDescriptor[simple]
[pool-3721-thread-1] INFO org.apache.nifi.processors.standard.RouteText - RouteText[id=38a82a0d-69fc-4d87-a6d1-ec924f6828ee] Created FlowFile[2799,90491708897489.mockFlowFile,24B] from FlowFile[2798,90491708897489.mockFlowFile,24B]; routing to relationship simple
[pool-3721-thread-1] INFO org.apache.nifi.processors.standard.RouteText - RouteText[id=38a82a0d-69fc-4d87-a6d1-ec924f6828ee] Routing FlowFile[2798,90491708897489.mockFlowFile,24B] to original
[main] DEBUG org.apache.nifi.processors.standard.RouteText - RouteText[id=38a82a0d-69fc-4d87-a6d1-ec924f6828ee] Adding new dynamic property: PropertyDescriptor[simple]
[pool-3722-thread-1] INFO org.apache.nifi.processors.standard.RouteText - RouteText[id=38a82a0d-69fc-4d87-a6d1-ec924f6828ee] Created FlowFile[2801,90491709390338.mockFlowFile,24B] from FlowFile[2800,90491709390338.mockFlowFile,24B]; routing to relationship simple
[pool-3722-thread-1] INFO org.apache.nifi.processors.standard.RouteText - RouteText[id=38a82a0d-69fc-4d87-a6d1-ec924f6828ee] Routing FlowFile[2800,90491709390338.mockFlowFile,24B] to original
[main] DEBUG org.apache.nifi.processors.standard.RouteText - RouteText[id=38a82a0d-69fc-4d87-a6d1-ec924f6828ee] Adding new dynamic property: PropertyDescriptor[simple]
[pool-3723-thread-1] INFO org.apache.nifi.processors.standard.RouteText - RouteText[id=38a82a0d-69fc-4d87-a6d1-ec924f6828ee] Created FlowFile[2803,90491709893926.mockFlowFile,24B] from FlowFile[2802,90491709893926.mockFlowFile,24B]; routing to relationship simple
[pool-3723-thread-1] INFO org.apache.nifi.processors.standard.RouteText - RouteText[id=38a82a0d-69fc-4d87-a6d1-ec924f6828ee] Routing FlowFile[2802,90491709893926.mockFlowFile,24B] to original
[main] DEBUG org.apache.nifi.processors.standard.RouteText - RouteText[id=38a82a0d-69fc-4d87-a6d1-ec924f6828ee] Adding new dynamic property: PropertyDescriptor[simple]
[pool-3724-thread-1] INFO org.apache.nifi.processors.standard.RouteText - RouteText[id=38a82a0d-69fc-4d87-a6d1-ec924f6828ee] Created FlowFile[2805,90491710339535.mockFlowFile,24B] from FlowFile[2804,90491710339535.mockFlowFile,24B]; routing to relationship simple
[pool-3724-thread-1] INFO org.apache.nifi.processors.standard.RouteText - RouteText[id=38a82a0d-69fc-4d87-a6d1-ec924f6828ee] Routing FlowFile[2804,90491710339535.mockFlowFile,24B] to original
[main] DEBUG org.apache.nifi.processors.standard.RouteText - RouteText[id=38a82a0d-69fc-4d87-a6d1-ec924f6828ee] Adding new dynamic property: PropertyDescriptor[simple]
[pool-3725-thread-1] INFO org.apache.nifi.processors.standard.RouteText - RouteText[id=38a82a0d-69fc-4d87-a6d1-ec924f6828ee] Created FlowFile[2807,90491710817881.mockFlowFile,24B] from FlowFile[2806,90491710817881.mockFlowFile,24B]; routing to relationship simple
[pool-3725-thread-1] INFO org.apache.nifi.processors.standard.RouteText - RouteText[id=38a82a0d-69fc-4d87-a6d1-ec924f6828ee] Routing FlowFile[2806,90491710817881.mockFlowFile,24B] to original
[main] DEBUG org.apache.nifi.processors.standard.RouteText - RouteText[id=38a82a0d-69fc-4d87-a6d1-ec924f6828ee] Adding new dynamic property: PropertyDescriptor[simple]
[pool-3726-thread-1] INFO org.apache.nifi.processors.standard.RouteText - RouteText[id=38a82a0d-69fc-4d87-a6d1-ec924f6828ee] Created FlowFile[2809,90491711394134.mockFlowFile,24B] from FlowFile[2808,90491711394134.mockFlowFile,24B]; routing to relationship simple
[pool-3726-thread-1] INFO org.apache.nifi.processors.standard.RouteText - RouteText[id=38a82a0d-69fc-4d87-a6d1-ec924f6828ee] Routing FlowFile[2808,90491711394134.mockFlowFile,24B] to original
[main] DEBUG org.apache.nifi.processors.standard.RouteText - RouteText[id=38a82a0d-69fc-4d87-a6d1-ec924f6828ee] Adding new dynamic property: PropertyDescriptor[simple]
[pool-3727-thread-1] INFO org.apache.nifi.processors.standard.RouteText - RouteText[id=38a82a0d-69fc-4d87-a6d1-ec924f6828ee] Created FlowFile[2811,90491711958309.mockFlowFile,24B] from FlowFile[2810,90491711958309.mockFlowFile,24B]; routing to relationship simple
[pool-3727-thread-1] INFO org.apache.nifi.processors.standard.RouteText - RouteText[id=38a82a0d-69fc-4d87-a6d1-ec924f6828ee] Routing FlowFile[2810,90491711958309.mockFlowFile,24B] to original
[main] DEBUG org.apache.nifi.processors.standard.RouteText - RouteText[id=38a82a0d-69fc-4d87-a6d1-ec924f6828ee] Adding new dynamic property: PropertyDescriptor[simple]
[pool-3728-thread-1] INFO org.apache.nifi.processors.standard.RouteText - RouteText[id=38a82a0d-69fc-4d87-a6d1-ec924f6828ee] Created FlowFile[2813,90491712626337.mockFlowFile,24B] from FlowFile[2812,90491712626337.mockFlowFile,24B]; routing to relationship simple
[pool-3728-thread-1] INFO org.apache.nifi.processors.standard.RouteText - RouteText[id=38a82a0d-69fc-4d87-a6d1-ec924f6828ee] Routing FlowFile[2812,90491712626337.mockFlowFile,24B] to original
[main] DEBUG org.apache.nifi.processors.standard.RouteText - RouteText[id=38a82a0d-69fc-4d87-a6d1-ec924f6828ee] Adding new dynamic property: PropertyDescriptor[simple]
[pool-3729-thread-1] INFO org.apache.nifi.processors.standard.RouteText - RouteText[id=38a82a0d-69fc-4d87-a6d1-ec924f6828ee] Created FlowFile[2815,90491713102715.mockFlowFile,24B] from FlowFile[2814,90491713102715.mockFlowFile,24B]; routing to relationship simple
[pool-3729-thread-1] INFO org.apache.nifi.processors.standard.RouteText - RouteText[id=38a82a0d-69fc-4d87-a6d1-ec924f6828ee] Routing FlowFile[2814,90491713102715.mockFlowFile,24B] to original
[main] DEBUG org.apache.nifi.processors.standard.RouteText - RouteText[id=38a82a0d-69fc-4d87-a6d1-ec924f6828ee] Adding new dynamic property: PropertyDescriptor[simple]
[pool-3730-thread-1] INFO org.apache.nifi.processors.standard.RouteText - RouteText[id=38a82a0d-69fc-4d87-a6d1-ec924f6828ee] Created FlowFile[2817,90491713620904.mockFlowFile,24B] from FlowFile[2816,90491713620904.mockFlowFile,24B]; routing to relationship simple
[pool-3730-thread-1] INFO org.apache.nifi.processors.standard.RouteText - RouteText[id=38a82a0d-69fc-4d87-a6d1-ec924f6828ee] Routing FlowFile[2816,90491713620904.mockFlowFile,24B] to original
[main] DEBUG org.apache.nifi.processors.standard.RouteText - RouteText[id=38a82a0d-69fc-4d87-a6d1-ec924f6828ee] Adding new dynamic property: PropertyDescriptor[simple]
[pool-3731-thread-1] INFO org.apache.nifi.processors.standard.RouteText - RouteText[id=38a82a0d-69fc-4d87-a6d1-ec924f6828ee] Created FlowFile[2819,90491714125134.mockFlowFile,24B] from FlowFile[2818,90491714125134.mockFlowFile,24B]; routing to relationship simple
[pool-3731-thread-1] INFO org.apache.nifi.processors.standard.RouteText - RouteText[id=38a82a0d-69fc-4d87-a6d1-ec924f6828ee] Routing FlowFile[2818,90491714125134.mockFlowFile,24B] to original
[main] DEBUG org.apache.nifi.processors.standard.RouteText - RouteText[id=38a82a0d-69fc-4d87-a6d1-ec924f6828ee] Adding new dynamic property: PropertyDescriptor[simple]
[pool-3732-thread-1] INFO org.apache.nifi.processors.standard.RouteText - RouteText[id=38a82a0d-69fc-4d87-a6d1-ec924f6828ee] Created FlowFile[2821,90491714614508.mockFlowFile,24B] from FlowFile[2820,90491714614508.mockFlowFile,24B]; routing to relationship simple
[pool-3732-thread-1] INFO org.apache.nifi.processors.standard.RouteText - RouteText[id=38a82a0d-69fc-4d87-a6d1-ec924f6828ee] Routing FlowFile[2820,90491714614508.mockFlowFile,24B] to original
[main] DEBUG org.apache.nifi.processors.standard.RouteText - RouteText[id=38a82a0d-69fc-4d87-a6d1-ec924f6828ee] Adding new dynamic property: PropertyDescriptor[simple]
[pool-3733-thread-1] INFO org.apache.nifi.processors.standard.RouteText - RouteText[id=38a82a0d-69fc-4d87-a6d1-ec924f6828ee] Created FlowFile[2823,90491715146392.mockFlowFile,24B] from FlowFile[2822,90491715146392.mockFlowFile,24B]; routing to relationship simple
[pool-3733-thread-1] INFO org.apache.nifi.processors.standard.RouteText - RouteText[id=38a82a0d-69fc-4d87-a6d1-ec924f6828ee] Routing FlowFile[2822,90491715146392.mockFlowFile,24B] to original
[main] DEBUG org.apache.nifi.processors.standard.RouteText - RouteText[id=38a82a0d-69fc-4d87-a6d1-ec924f6828ee] Adding new dynamic property: PropertyDescriptor[simple]
[pool-3734-thread-1] INFO org.apache.nifi.processors.standard.RouteText - RouteText[id=38a82a0d-69fc-4d87-a6d1-ec924f6828ee] Created FlowFile[2825,90491715635791.mockFlowFile,24B] from FlowFile[2824,90491715635791.mockFlowFile,24B]; routing to relationship simple
[pool-3734-thread-1] INFO org.apache.nifi.processors.standard.RouteText - RouteText[id=38a82a0d-69fc-4d87-a6d1-ec924f6828ee] Routing FlowFile[2824,90491715635791.mockFlowFile,24B] to original
[main] DEBUG org.apache.nifi.processors.standard.RouteText - RouteText[id=38a82a0d-69fc-4d87-a6d1-ec924f6828ee] Adding new dynamic property: PropertyDescriptor[simple]
[pool-3735-thread-1] INFO org.apache.nifi.processors.standard.RouteText - RouteText[id=38a82a0d-69fc-4d87-a6d1-ec924f6828ee] Created FlowFile[2827,90491716148734.mockFlowFile,24B] from FlowFile[2826,90491716148734.mockFlowFile,24B]; routing to relationship simple
[pool-3735-thread-1] INFO org.apache.nifi.processors.standard.RouteText - RouteText[id=38a82a0d-69fc-4d87-a6d1-ec924f6828ee] Routing FlowFile[2826,90491716148734.mockFlowFile,24B] to original
[main] DEBUG org.apache.nifi.processors.standard.RouteText - RouteText[id=38a82a0d-69fc-4d87-a6d1-ec924f6828ee] Adding new dynamic property: PropertyDescriptor[simple]
[pool-3736-thread-1] INFO org.apache.nifi.processors.standard.RouteText - RouteText[id=38a82a0d-69fc-4d87-a6d1-ec924f6828ee] Created FlowFile[2829,90491716594263.mockFlowFile,24B] from FlowFile[2828,90491716594263.mockFlowFile,24B]; routing to relationship simple
[pool-3736-thread-1] INFO org.apache.nifi.processors.standard.RouteText - RouteText[id=38a82a0d-69fc-4d87-a6d1-ec924f6828ee] Routing FlowFile[2828,90491716594263.mockFlowFile,24B] to original
[main] DEBUG org.apache.nifi.processors.standard.RouteText - RouteText[id=38a82a0d-69fc-4d87-a6d1-ec924f6828ee] Adding new dynamic property: PropertyDescriptor[simple]
[pool-3737-thread-1] INFO org.apache.nifi.processors.standard.RouteText - RouteText[id=38a82a0d-69fc-4d87-a6d1-ec924f6828ee] Created FlowFile[2831,90491716998541.mockFlowFile,24B] from FlowFile[2830,90491716998541.mockFlowFile,24B]; routing to relationship simple
[pool-3737-thread-1] INFO org.apache.nifi.processors.standard.RouteText - RouteText[id=38a82a0d-69fc-4d87-a6d1-ec924f6828ee] Routing FlowFile[2830,90491716998541.mockFlowFile,24B] to original
[main] DEBUG org.apache.nifi.processors.standard.RouteText - RouteText[id=38a82a0d-69fc-4d87-a6d1-ec924f6828ee] Adding new dynamic property: PropertyDescriptor[simple]
[pool-3738-thread-1] INFO org.apache.nifi.processors.standard.RouteText - RouteText[id=38a82a0d-69fc-4d87-a6d1-ec924f6828ee] Created FlowFile[2833,90491717458425.mockFlowFile,24B] from FlowFile[2832,90491717458425.mockFlowFile,24B]; routing to relationship simple
[pool-3738-thread-1] INFO org.apache.nifi.processors.standard.RouteText - RouteText[id=38a82a0d-69fc-4d87-a6d1-ec924f6828ee] Routing FlowFile[2832,90491717458425.mockFlowFile,24B] to original
[main] DEBUG org.apache.nifi.processors.standard.RouteText - RouteText[id=38a82a0d-69fc-4d87-a6d1-ec924f6828ee] Adding new dynamic property: PropertyDescriptor[simple]
[pool-3739-thread-1] INFO org.apache.nifi.processors.standard.RouteText - RouteText[id=38a82a0d-69fc-4d87-a6d1-ec924f6828ee] Created FlowFile[2835,90491717858392.mockFlowFile,24B] from FlowFile[2834,90491717858392.mockFlowFile,24B]; routing to relationship simple
[pool-3739-thread-1] INFO org.apache.nifi.processors.standard.RouteText - RouteText[id=38a82a0d-69fc-4d87-a6d1-ec924f6828ee] Routing FlowFile[2834,90491717858392.mockFlowFile,24B] to original
[main] DEBUG org.apache.nifi.processors.standard.RouteText - RouteText[id=38a82a0d-69fc-4d87-a6d1-ec924f6828ee] Adding new dynamic property: PropertyDescriptor[simple]
[pool-3740-thread-1] INFO org.apache.nifi.processors.standard.RouteText - RouteText[id=38a82a0d-69fc-4d87-a6d1-ec924f6828ee] Created FlowFile[2837,90491718248507.mockFlowFile,24B] from FlowFile[2836,90491718248507.mockFlowFile,24B]; routing to relationship simple
[pool-3740-thread-1] INFO org.apache.nifi.processors.standard.RouteText - RouteText[id=38a82a0d-69fc-4d87-a6d1-ec924f6828ee] Routing FlowFile[2836,90491718248507.mockFlowFile,24B] to original
[main] DEBUG org.apache.nifi.processors.standard.RouteText - RouteText[id=38a82a0d-69fc-4d87-a6d1-ec924f6828ee] Adding new dynamic property: PropertyDescriptor[simple]
[pool-3741-thread-1] INFO org.apache.nifi.processors.standard.RouteText - RouteText[id=38a82a0d-69fc-4d87-a6d1-ec924f6828ee] Created FlowFile[2839,90491718636530.mockFlowFile,24B] from FlowFile[2838,90491718636530.mockFlowFile,24B]; routing to relationship simple
[pool-3741-thread-1] INFO org.apache.nifi.processors.standard.RouteText - RouteText[id=38a82a0d-69fc-4d87-a6d1-ec924f6828ee] Routing FlowFile[2838,90491718636530.mockFlowFile,24B] to original
[main] DEBUG org.apache.nifi.processors.standard.RouteText - RouteText[id=38a82a0d-69fc-4d87-a6d1-ec924f6828ee] Adding new dynamic property: PropertyDescriptor[simple]
[pool-3742-thread-1] INFO org.apache.nifi.processors.standard.RouteText - RouteText[id=38a82a0d-69fc-4d87-a6d1-ec924f6828ee] Created FlowFile[2841,90491719015684.mockFlowFile,24B] from FlowFile[2840,90491719015684.mockFlowFile,24B]; routing to relationship simple
[pool-3742-thread-1] INFO org.apache.nifi.processors.standard.RouteText - RouteText[id=38a82a0d-69fc-4d87-a6d1-ec924f6828ee] Routing FlowFile[2840,90491719015684.mockFlowFile,24B] to original
[main] DEBUG org.apache.nifi.processors.standard.RouteText - RouteText[id=38a82a0d-69fc-4d87-a6d1-ec924f6828ee] Adding new dynamic property: PropertyDescriptor[simple]
[pool-3743-thread-1] INFO org.apache.nifi.processors.standard.RouteText - RouteText[id=38a82a0d-69fc-4d87-a6d1-ec924f6828ee] Created FlowFile[2843,90491719395274.mockFlowFile,24B] from FlowFile[2842,90491719395274.mockFlowFile,24B]; routing to relationship simple
[pool-3743-thread-1] INFO org.apache.nifi.processors.standard.RouteText - RouteText[id=38a82a0d-69fc-4d87-a6d1-ec924f6828ee] Routing FlowFile[2842,90491719395274.mockFlowFile,24B] to original
[main] DEBUG org.apache.nifi.processors.standard.RouteText - RouteText[id=38a82a0d-69fc-4d87-a6d1-ec924f6828ee] Adding new dynamic property: PropertyDescriptor[simple]
[pool-3744-thread-1] INFO org.apache.nifi.processors.standard.RouteText - RouteText[id=38a82a0d-69fc-4d87-a6d1-ec924f6828ee] Created FlowFile[2845,90491719778468.mockFlowFile,24B] from FlowFile[2844,90491719778468.mockFlowFile,24B]; routing to relationship simple
[pool-3744-thread-1] INFO org.apache.nifi.processors.standard.RouteText - RouteText[id=38a82a0d-69fc-4d87-a6d1-ec924f6828ee] Routing FlowFile[2844,90491719778468.mockFlowFile,24B] to original
[main] DEBUG org.apache.nifi.processors.standard.RouteText - RouteText[id=38a82a0d-69fc-4d87-a6d1-ec924f6828ee] Adding new dynamic property: PropertyDescriptor[simple]
[pool-3745-thread-1] INFO org.apache.nifi.processors.standard.RouteText - RouteText[id=38a82a0d-69fc-4d87-a6d1-ec924f6828ee] Created FlowFile[2847,90491720171551.mockFlowFile,24B] from FlowFile[2846,90491720171551.mockFlowFile,24B]; routing to relationship simple
[pool-3745-thread-1] INFO org.apache.nifi.processors.standard.RouteText - RouteText[id=38a82a0d-69fc-4d87-a6d1-ec924f6828ee] Routing FlowFile[2846,90491720171551.mockFlowFile,24B] to original
[main] DEBUG org.apache.nifi.processors.standard.RouteText - RouteText[id=38a82a0d-69fc-4d87-a6d1-ec924f6828ee] Adding new dynamic property: PropertyDescriptor[simple]
[pool-3746-thread-1] INFO org.apache.nifi.processors.standard.RouteText - RouteText[id=38a82a0d-69fc-4d87-a6d1-ec924f6828ee] Created FlowFile[2849,90491720567474.mockFlowFile,24B] from FlowFile[2848,90491720567474.mockFlowFile,24B]; routing to relationship simple
[pool-3746-thread-1] INFO org.apache.nifi.processors.standard.RouteText - RouteText[id=38a82a0d-69fc-4d87-a6d1-ec924f6828ee] Routing FlowFile[2848,90491720567474.mockFlowFile,24B] to original
[main] DEBUG org.apache.nifi.processors.standard.RouteText - RouteText[id=38a82a0d-69fc-4d87-a6d1-ec924f6828ee] Adding new dynamic property: PropertyDescriptor[simple]
[pool-3747-thread-1] INFO org.apache.nifi.processors.standard.RouteText - RouteText[id=38a82a0d-69fc-4d87-a6d1-ec924f6828ee] Created FlowFile[2851,90491720957852.mockFlowFile,24B] from FlowFile[2850,90491720957852.mockFlowFile,24B]; routing to relationship simple
[pool-3747-thread-1] INFO org.apache.nifi.processors.standard.RouteText - RouteText[id=38a82a0d-69fc-4d87-a6d1-ec924f6828ee] Routing FlowFile[2850,90491720957852.mockFlowFile,24B] to original
[main] DEBUG org.apache.nifi.processors.standard.RouteText - RouteText[id=38a82a0d-69fc-4d87-a6d1-ec924f6828ee] Adding new dynamic property: PropertyDescriptor[simple]
[pool-3748-thread-1] INFO org.apache.nifi.processors.standard.RouteText - RouteText[id=38a82a0d-69fc-4d87-a6d1-ec924f6828ee] Created FlowFile[2853,90491721351649.mockFlowFile,24B] from FlowFile[2852,90491721351649.mockFlowFile,24B]; routing to relationship simple
[pool-3748-thread-1] INFO org.apache.nifi.processors.standard.RouteText - RouteText[id=38a82a0d-69fc-4d87-a6d1-ec924f6828ee] Routing FlowFile[2852,90491721351649.mockFlowFile,24B] to original
[main] DEBUG org.apache.nifi.processors.standard.RouteText - RouteText[id=38a82a0d-69fc-4d87-a6d1-ec924f6828ee] Adding new dynamic property: PropertyDescriptor[simple]
[pool-3749-thread-1] INFO org.apache.nifi.processors.standard.RouteText - RouteText[id=38a82a0d-69fc-4d87-a6d1-ec924f6828ee] Created FlowFile[2855,90491721749308.mockFlowFile,24B] from FlowFile[2854,90491721749308.mockFlowFile,24B]; routing to relationship simple
[pool-3749-thread-1] INFO org.apache.nifi.processors.standard.RouteText - RouteText[id=38a82a0d-69fc-4d87-a6d1-ec924f6828ee] Routing FlowFile[2854,90491721749308.mockFlowFile,24B] to original
[main] DEBUG org.apache.nifi.processors.standard.RouteText - RouteText[id=38a82a0d-69fc-4d87-a6d1-ec924f6828ee] Adding new dynamic property: PropertyDescriptor[simple]
[pool-3750-thread-1] INFO org.apache.nifi.processors.standard.RouteText - RouteText[id=38a82a0d-69fc-4d87-a6d1-ec924f6828ee] Created FlowFile[2857,90491722143300.mockFlowFile,24B] from FlowFile[2856,90491722143300.mockFlowFile,24B]; routing to relationship simple
[pool-3750-thread-1] INFO org.apache.nifi.processors.standard.RouteText - RouteText[id=38a82a0d-69fc-4d87-a6d1-ec924f6828ee] Routing FlowFile[2856,90491722143300.mockFlowFile,24B] to original
[main] DEBUG org.apache.nifi.processors.standard.RouteText - RouteText[id=38a82a0d-69fc-4d87-a6d1-ec924f6828ee] Adding new dynamic property: PropertyDescriptor[simple]
[pool-3751-thread-1] INFO org.apache.nifi.processors.standard.RouteText - RouteText[id=38a82a0d-69fc-4d87-a6d1-ec924f6828ee] Created FlowFile[2859,90491722527522.mockFlowFile,24B] from FlowFile[2858,90491722527522.mockFlowFile,24B]; routing to relationship simple
[pool-3751-thread-1] INFO org.apache.nifi.processors.standard.RouteText - RouteText[id=38a82a0d-69fc-4d87-a6d1-ec924f6828ee] Routing FlowFile[2858,90491722527522.mockFlowFile,24B] to original
[main] DEBUG org.apache.nifi.processors.standard.RouteText - RouteText[id=38a82a0d-69fc-4d87-a6d1-ec924f6828ee] Adding new dynamic property: PropertyDescriptor[simple]
[pool-3752-thread-1] INFO org.apache.nifi.processors.standard.RouteText - RouteText[id=38a82a0d-69fc-4d87-a6d1-ec924f6828ee] Created FlowFile[2861,90491722914100.mockFlowFile,24B] from FlowFile[2860,90491722914100.mockFlowFile,24B]; routing to relationship simple
[pool-3752-thread-1] INFO org.apache.nifi.processors.standard.RouteText - RouteText[id=38a82a0d-69fc-4d87-a6d1-ec924f6828ee] Routing FlowFile[2860,90491722914100.mockFlowFile,24B] to original
[main] DEBUG org.apache.nifi.processors.standard.RouteText - RouteText[id=38a82a0d-69fc-4d87-a6d1-ec924f6828ee] Adding new dynamic property: PropertyDescriptor[simple]
[pool-3753-thread-1] INFO org.apache.nifi.processors.standard.RouteText - RouteText[id=38a82a0d-69fc-4d87-a6d1-ec924f6828ee] Created FlowFile[2863,90491723311821.mockFlowFile,24B] from FlowFile[2862,90491723311821.mockFlowFile,24B]; routing to relationship simple
[pool-3753-thread-1] INFO org.apache.nifi.processors.standard.RouteText - RouteText[id=38a82a0d-69fc-4d87-a6d1-ec924f6828ee] Routing FlowFile[2862,90491723311821.mockFlowFile,24B] to original
[main] DEBUG org.apache.nifi.processors.standard.RouteText - RouteText[id=38a82a0d-69fc-4d87-a6d1-ec924f6828ee] Adding new dynamic property: PropertyDescriptor[simple]
[pool-3754-thread-1] INFO org.apache.nifi.processors.standard.RouteText - RouteText[id=38a82a0d-69fc-4d87-a6d1-ec924f6828ee] Created FlowFile[2865,90491723717167.mockFlowFile,24B] from FlowFile[2864,90491723717167.mockFlowFile,24B]; routing to relationship simple
[pool-3754-thread-1] INFO org.apache.nifi.processors.standard.RouteText - RouteText[id=38a82a0d-69fc-4d87-a6d1-ec924f6828ee] Routing FlowFile[2864,90491723717167.mockFlowFile,24B] to original
[main] DEBUG org.apache.nifi.processors.standard.RouteText - RouteText[id=38a82a0d-69fc-4d87-a6d1-ec924f6828ee] Adding new dynamic property: PropertyDescriptor[simple]
[pool-3755-thread-1] INFO org.apache.nifi.processors.standard.RouteText - RouteText[id=38a82a0d-69fc-4d87-a6d1-ec924f6828ee] Created FlowFile[2867,90491724143549.mockFlowFile,24B] from FlowFile[2866,90491724143549.mockFlowFile,24B]; routing to relationship simple
[pool-3755-thread-1] INFO org.apache.nifi.processors.standard.RouteText - RouteText[id=38a82a0d-69fc-4d87-a6d1-ec924f6828ee] Routing FlowFile[2866,90491724143549.mockFlowFile,24B] to original
[main] DEBUG org.apache.nifi.processors.standard.RouteText - RouteText[id=38a82a0d-69fc-4d87-a6d1-ec924f6828ee] Adding new dynamic property: PropertyDescriptor[simple]
[pool-3756-thread-1] INFO org.apache.nifi.processors.standard.RouteText - RouteText[id=38a82a0d-69fc-4d87-a6d1-ec924f6828ee] Created FlowFile[2869,90491724548148.mockFlowFile,24B] from FlowFile[2868,90491724548148.mockFlowFile,24B]; routing to relationship simple
[pool-3756-thread-1] INFO org.apache.nifi.processors.standard.RouteText - RouteText[id=38a82a0d-69fc-4d87-a6d1-ec924f6828ee] Routing FlowFile[2868,90491724548148.mockFlowFile,24B] to original
[main] DEBUG org.apache.nifi.processors.standard.RouteText - RouteText[id=38a82a0d-69fc-4d87-a6d1-ec924f6828ee] Adding new dynamic property: PropertyDescriptor[simple]
[pool-3757-thread-1] INFO org.apache.nifi.processors.standard.RouteText - RouteText[id=38a82a0d-69fc-4d87-a6d1-ec924f6828ee] Created FlowFile[2871,90491724946447.mockFlowFile,24B] from FlowFile[2870,90491724946447.mockFlowFile,24B]; routing to relationship simple
[pool-3757-thread-1] INFO org.apache.nifi.processors.standard.RouteText - RouteText[id=38a82a0d-69fc-4d87-a6d1-ec924f6828ee] Routing FlowFile[2870,90491724946447.mockFlowFile,24B] to original
[main] DEBUG org.apache.nifi.processors.standard.RouteText - RouteText[id=38a82a0d-69fc-4d87-a6d1-ec924f6828ee] Adding new dynamic property: PropertyDescriptor[simple]
[pool-3758-thread-1] INFO org.apache.nifi.processors.standard.RouteText - RouteText[id=38a82a0d-69fc-4d87-a6d1-ec924f6828ee] Created FlowFile[2873,90491725337512.mockFlowFile,24B] from FlowFile[2872,90491725337512.mockFlowFile,24B]; routing to relationship simple
[pool-3758-thread-1] INFO org.apache.nifi.processors.standard.RouteText - RouteText[id=38a82a0d-69fc-4d87-a6d1-ec924f6828ee] Routing FlowFile[2872,90491725337512.mockFlowFile,24B] to original
[main] DEBUG org.apache.nifi.processors.standard.RouteText - RouteText[id=38a82a0d-69fc-4d87-a6d1-ec924f6828ee] Adding new dynamic property: PropertyDescriptor[simple]
[pool-3759-thread-1] INFO org.apache.nifi.processors.standard.RouteText - RouteText[id=38a82a0d-69fc-4d87-a6d1-ec924f6828ee] Created FlowFile[2875,90491725734174.mockFlowFile,24B] from FlowFile[2874,90491725734174.mockFlowFile,24B]; routing to relationship simple
[pool-3759-thread-1] INFO org.apache.nifi.processors.standard.RouteText - RouteText[id=38a82a0d-69fc-4d87-a6d1-ec924f6828ee] Routing FlowFile[2874,90491725734174.mockFlowFile,24B] to original
[main] DEBUG org.apache.nifi.processors.standard.RouteText - RouteText[id=38a82a0d-69fc-4d87-a6d1-ec924f6828ee] Adding new dynamic property: PropertyDescriptor[simple]
[pool-3760-thread-1] INFO org.apache.nifi.processors.standard.RouteText - RouteText[id=38a82a0d-69fc-4d87-a6d1-ec924f6828ee] Created FlowFile[2877,90491726113711.mockFlowFile,24B] from FlowFile[2876,90491726113711.mockFlowFile,24B]; routing to relationship simple
[pool-3760-thread-1] INFO org.apache.nifi.processors.standard.RouteText - RouteText[id=38a82a0d-69fc-4d87-a6d1-ec924f6828ee] Routing FlowFile[2876,90491726113711.mockFlowFile,24B] to original
[main] DEBUG org.apache.nifi.processors.standard.RouteText - RouteText[id=38a82a0d-69fc-4d87-a6d1-ec924f6828ee] Adding new dynamic property: PropertyDescriptor[simple]
[pool-3761-thread-1] INFO org.apache.nifi.processors.standard.RouteText - RouteText[id=38a82a0d-69fc-4d87-a6d1-ec924f6828ee] Created FlowFile[2879,90491726501910.mockFlowFile,24B] from FlowFile[2878,90491726501910.mockFlowFile,24B]; routing to relationship simple
[pool-3761-thread-1] INFO org.apache.nifi.processors.standard.RouteText - RouteText[id=38a82a0d-69fc-4d87-a6d1-ec924f6828ee] Routing FlowFile[2878,90491726501910.mockFlowFile,24B] to original
[main] DEBUG org.apache.nifi.processors.standard.RouteText - RouteText[id=38a82a0d-69fc-4d87-a6d1-ec924f6828ee] Adding new dynamic property: PropertyDescriptor[simple]
[pool-3762-thread-1] INFO org.apache.nifi.processors.standard.RouteText - RouteText[id=38a82a0d-69fc-4d87-a6d1-ec924f6828ee] Created FlowFile[2881,90491726895605.mockFlowFile,24B] from FlowFile[2880,90491726895605.mockFlowFile,24B]; routing to relationship simple
[pool-3762-thread-1] INFO org.apache.nifi.processors.standard.RouteText - RouteText[id=38a82a0d-69fc-4d87-a6d1-ec924f6828ee] Routing FlowFile[2880,90491726895605.mockFlowFile,24B] to original
[main] DEBUG org.apache.nifi.processors.standard.RouteText - RouteText[id=38a82a0d-69fc-4d87-a6d1-ec924f6828ee] Adding new dynamic property: PropertyDescriptor[simple]
[pool-3763-thread-1] INFO org.apache.nifi.processors.standard.RouteText - RouteText[id=38a82a0d-69fc-4d87-a6d1-ec924f6828ee] Created FlowFile[2883,90491727289526.mockFlowFile,24B] from FlowFile[2882,90491727289526.mockFlowFile,24B]; routing to relationship simple
[pool-3763-thread-1] INFO org.apache.nifi.processors.standard.RouteText - RouteText[id=38a82a0d-69fc-4d87-a6d1-ec924f6828ee] Routing FlowFile[2882,90491727289526.mockFlowFile,24B] to original
[main] DEBUG org.apache.nifi.processors.standard.RouteText - RouteText[id=38a82a0d-69fc-4d87-a6d1-ec924f6828ee] Adding new dynamic property: PropertyDescriptor[simple]
[pool-3764-thread-1] INFO org.apache.nifi.processors.standard.RouteText - RouteText[id=38a82a0d-69fc-4d87-a6d1-ec924f6828ee] Created FlowFile[2885,90491727688429.mockFlowFile,24B] from FlowFile[2884,90491727688429.mockFlowFile,24B]; routing to relationship simple
[pool-3764-thread-1] INFO org.apache.nifi.processors.standard.RouteText - RouteText[id=38a82a0d-69fc-4d87-a6d1-ec924f6828ee] Routing FlowFile[2884,90491727688429.mockFlowFile,24B] to original
[main] DEBUG org.apache.nifi.processors.standard.RouteText - RouteText[id=38a82a0d-69fc-4d87-a6d1-ec924f6828ee] Adding new dynamic property: PropertyDescriptor[simple]
[pool-3765-thread-1] INFO org.apache.nifi.processors.standard.RouteText - RouteText[id=38a82a0d-69fc-4d87-a6d1-ec924f6828ee] Created FlowFile[2887,90491728183600.mockFlowFile,24B] from FlowFile[2886,90491728183600.mockFlowFile,24B]; routing to relationship simple
[pool-3765-thread-1] INFO org.apache.nifi.processors.standard.RouteText - RouteText[id=38a82a0d-69fc-4d87-a6d1-ec924f6828ee] Routing FlowFile[2886,90491728183600.mockFlowFile,24B] to original
[main] DEBUG org.apache.nifi.processors.standard.RouteText - RouteText[id=38a82a0d-69fc-4d87-a6d1-ec924f6828ee] Adding new dynamic property: PropertyDescriptor[simple]
[pool-3766-thread-1] INFO org.apache.nifi.processors.standard.RouteText - RouteText[id=38a82a0d-69fc-4d87-a6d1-ec924f6828ee] Created FlowFile[2889,90491728718770.mockFlowFile,24B] from FlowFile[2888,90491728718770.mockFlowFile,24B]; routing to relationship simple
[pool-3766-thread-1] INFO org.apache.nifi.processors.standard.RouteText - RouteText[id=38a82a0d-69fc-4d87-a6d1-ec924f6828ee] Routing FlowFile[2888,90491728718770.mockFlowFile,24B] to original
[main] DEBUG org.apache.nifi.processors.standard.RouteText - RouteText[id=38a82a0d-69fc-4d87-a6d1-ec924f6828ee] Adding new dynamic property: PropertyDescriptor[simple]
[pool-3767-thread-1] INFO org.apache.nifi.processors.standard.RouteText - RouteText[id=38a82a0d-69fc-4d87-a6d1-ec924f6828ee] Created FlowFile[2891,90491729238840.mockFlowFile,24B] from FlowFile[2890,90491729238840.mockFlowFile,24B]; routing to relationship simple
[pool-3767-thread-1] INFO org.apache.nifi.processors.standard.RouteText - RouteText[id=38a82a0d-69fc-4d87-a6d1-ec924f6828ee] Routing FlowFile[2890,90491729238840.mockFlowFile,24B] to original
[main] DEBUG org.apache.nifi.processors.standard.RouteText - RouteText[id=38a82a0d-69fc-4d87-a6d1-ec924f6828ee] Adding new dynamic property: PropertyDescriptor[simple]
[pool-3768-thread-1] INFO org.apache.nifi.processors.standard.RouteText - RouteText[id=38a82a0d-69fc-4d87-a6d1-ec924f6828ee] Created FlowFile[2893,90491729737082.mockFlowFile,24B] from FlowFile[2892,90491729737082.mockFlowFile,24B]; routing to relationship simple
[pool-3768-thread-1] INFO org.apache.nifi.processors.standard.RouteText - RouteText[id=38a82a0d-69fc-4d87-a6d1-ec924f6828ee] Routing FlowFile[2892,90491729737082.mockFlowFile,24B] to original
[main] DEBUG org.apache.nifi.processors.standard.RouteText - RouteText[id=38a82a0d-69fc-4d87-a6d1-ec924f6828ee] Adding new dynamic property: PropertyDescriptor[simple]
[pool-3769-thread-1] INFO org.apache.nifi.processors.standard.RouteText - RouteText[id=38a82a0d-69fc-4d87-a6d1-ec924f6828ee] Created FlowFile[2895,90491730201016.mockFlowFile,24B] from FlowFile[2894,90491730201016.mockFlowFile,24B]; routing to relationship simple
[pool-3769-thread-1] INFO org.apache.nifi.processors.standard.RouteText - RouteText[id=38a82a0d-69fc-4d87-a6d1-ec924f6828ee] Routing FlowFile[2894,90491730201016.mockFlowFile,24B] to original
[main] DEBUG org.apache.nifi.processors.standard.RouteText - RouteText[id=38a82a0d-69fc-4d87-a6d1-ec924f6828ee] Adding new dynamic property: PropertyDescriptor[simple]
[pool-3770-thread-1] INFO org.apache.nifi.processors.standard.RouteText - RouteText[id=38a82a0d-69fc-4d87-a6d1-ec924f6828ee] Created FlowFile[2897,90491730623755.mockFlowFile,24B] from FlowFile[2896,90491730623755.mockFlowFile,24B]; routing to relationship simple
[pool-3770-thread-1] INFO org.apache.nifi.processors.standard.RouteText - RouteText[id=38a82a0d-69fc-4d87-a6d1-ec924f6828ee] Routing FlowFile[2896,90491730623755.mockFlowFile,24B] to original
[main] DEBUG org.apache.nifi.processors.standard.RouteText - RouteText[id=38a82a0d-69fc-4d87-a6d1-ec924f6828ee] Adding new dynamic property: PropertyDescriptor[simple]
[pool-3771-thread-1] INFO org.apache.nifi.processors.standard.RouteText - RouteText[id=38a82a0d-69fc-4d87-a6d1-ec924f6828ee] Created FlowFile[2899,90491731015309.mockFlowFile,24B] from FlowFile[2898,90491731015309.mockFlowFile,24B]; routing to relationship simple
[pool-3771-thread-1] INFO org.apache.nifi.processors.standard.RouteText - RouteText[id=38a82a0d-69fc-4d87-a6d1-ec924f6828ee] Routing FlowFile[2898,90491731015309.mockFlowFile,24B] to original
[main] DEBUG org.apache.nifi.processors.standard.RouteText - RouteText[id=38a82a0d-69fc-4d87-a6d1-ec924f6828ee] Adding new dynamic property: PropertyDescriptor[simple]
[pool-3772-thread-1] INFO org.apache.nifi.processors.standard.RouteText - RouteText[id=38a82a0d-69fc-4d87-a6d1-ec924f6828ee] Created FlowFile[2901,90491731490092.mockFlowFile,24B] from FlowFile[2900,90491731490092.mockFlowFile,24B]; routing to relationship simple
[pool-3772-thread-1] INFO org.apache.nifi.processors.standard.RouteText - RouteText[id=38a82a0d-69fc-4d87-a6d1-ec924f6828ee] Routing FlowFile[2900,90491731490092.mockFlowFile,24B] to original
[main] DEBUG org.apache.nifi.processors.standard.RouteText - RouteText[id=38a82a0d-69fc-4d87-a6d1-ec924f6828ee] Adding new dynamic property: PropertyDescriptor[simple]
[pool-3773-thread-1] INFO org.apache.nifi.processors.standard.RouteText - RouteText[id=38a82a0d-69fc-4d87-a6d1-ec924f6828ee] Created FlowFile[2903,90491731882158.mockFlowFile,24B] from FlowFile[2902,90491731882158.mockFlowFile,24B]; routing to relationship simple
[pool-3773-thread-1] INFO org.apache.nifi.processors.standard.RouteText - RouteText[id=38a82a0d-69fc-4d87-a6d1-ec924f6828ee] Routing FlowFile[2902,90491731882158.mockFlowFile,24B] to original
[main] DEBUG org.apache.nifi.processors.standard.RouteText - RouteText[id=38a82a0d-69fc-4d87-a6d1-ec924f6828ee] Adding new dynamic property: PropertyDescriptor[simple]
[pool-3774-thread-1] INFO org.apache.nifi.processors.standard.RouteText - RouteText[id=38a82a0d-69fc-4d87-a6d1-ec924f6828ee] Created FlowFile[2905,90491732399476.mockFlowFile,24B] from FlowFile[2904,90491732399476.mockFlowFile,24B]; routing to relationship simple
[pool-3774-thread-1] INFO org.apache.nifi.processors.standard.RouteText - RouteText[id=38a82a0d-69fc-4d87-a6d1-ec924f6828ee] Routing FlowFile[2904,90491732399476.mockFlowFile,24B] to original
[main] DEBUG org.apache.nifi.processors.standard.RouteText - RouteText[id=38a82a0d-69fc-4d87-a6d1-ec924f6828ee] Adding new dynamic property: PropertyDescriptor[simple]
[pool-3775-thread-1] INFO org.apache.nifi.processors.standard.RouteText - RouteText[id=38a82a0d-69fc-4d87-a6d1-ec924f6828ee] Created FlowFile[2907,90491732836378.mockFlowFile,24B] from FlowFile[2906,90491732836378.mockFlowFile,24B]; routing to relationship simple
[pool-3775-thread-1] INFO org.apache.nifi.processors.standard.RouteText - RouteText[id=38a82a0d-69fc-4d87-a6d1-ec924f6828ee] Routing FlowFile[2906,90491732836378.mockFlowFile,24B] to original
[main] DEBUG org.apache.nifi.processors.standard.RouteText - RouteText[id=38a82a0d-69fc-4d87-a6d1-ec924f6828ee] Adding new dynamic property: PropertyDescriptor[simple]
[pool-3776-thread-1] INFO org.apache.nifi.processors.standard.RouteText - RouteText[id=38a82a0d-69fc-4d87-a6d1-ec924f6828ee] Created FlowFile[2909,90491733254612.mockFlowFile,24B] from FlowFile[2908,90491733254612.mockFlowFile,24B]; routing to relationship simple
[pool-3776-thread-1] INFO org.apache.nifi.processors.standard.RouteText - RouteText[id=38a82a0d-69fc-4d87-a6d1-ec924f6828ee] Routing FlowFile[2908,90491733254612.mockFlowFile,24B] to original
[main] DEBUG org.apache.nifi.processors.standard.RouteText - RouteText[id=38a82a0d-69fc-4d87-a6d1-ec924f6828ee] Adding new dynamic property: PropertyDescriptor[simple]
[pool-3777-thread-1] INFO org.apache.nifi.processors.standard.RouteText - RouteText[id=38a82a0d-69fc-4d87-a6d1-ec924f6828ee] Created FlowFile[2911,90491733600669.mockFlowFile,24B] from FlowFile[2910,90491733600669.mockFlowFile,24B]; routing to relationship simple
[pool-3777-thread-1] INFO org.apache.nifi.processors.standard.RouteText - RouteText[id=38a82a0d-69fc-4d87-a6d1-ec924f6828ee] Routing FlowFile[2910,90491733600669.mockFlowFile,24B] to original
[main] DEBUG org.apache.nifi.processors.standard.RouteText - RouteText[id=38a82a0d-69fc-4d87-a6d1-ec924f6828ee] Adding new dynamic property: PropertyDescriptor[simple]
[pool-3778-thread-1] INFO org.apache.nifi.processors.standard.RouteText - RouteText[id=38a82a0d-69fc-4d87-a6d1-ec924f6828ee] Created FlowFile[2913,90491734041430.mockFlowFile,24B] from FlowFile[2912,90491734041430.mockFlowFile,24B]; routing to relationship simple
[pool-3778-thread-1] INFO org.apache.nifi.processors.standard.RouteText - RouteText[id=38a82a0d-69fc-4d87-a6d1-ec924f6828ee] Routing FlowFile[2912,90491734041430.mockFlowFile,24B] to original
[main] DEBUG org.apache.nifi.processors.standard.RouteText - RouteText[id=38a82a0d-69fc-4d87-a6d1-ec924f6828ee] Adding new dynamic property: PropertyDescriptor[simple]
[pool-3779-thread-1] INFO org.apache.nifi.processors.standard.RouteText - RouteText[id=38a82a0d-69fc-4d87-a6d1-ec924f6828ee] Created FlowFile[2915,90491734419278.mockFlowFile,24B] from FlowFile[2914,90491734419278.mockFlowFile,24B]; routing to relationship simple
[pool-3779-thread-1] INFO org.apache.nifi.processors.standard.RouteText - RouteText[id=38a82a0d-69fc-4d87-a6d1-ec924f6828ee] Routing FlowFile[2914,90491734419278.mockFlowFile,24B] to original
[main] DEBUG org.apache.nifi.processors.standard.RouteText - RouteText[id=38a82a0d-69fc-4d87-a6d1-ec924f6828ee] Adding new dynamic property: PropertyDescriptor[simple]
[pool-3780-thread-1] INFO org.apache.nifi.processors.standard.RouteText - RouteText[id=38a82a0d-69fc-4d87-a6d1-ec924f6828ee] Created FlowFile[2917,90491734767719.mockFlowFile,24B] from FlowFile[2916,90491734767719.mockFlowFile,24B]; routing to relationship simple
[pool-3780-thread-1] INFO org.apache.nifi.processors.standard.RouteText - RouteText[id=38a82a0d-69fc-4d87-a6d1-ec924f6828ee] Routing FlowFile[2916,90491734767719.mockFlowFile,24B] to original
[main] DEBUG org.apache.nifi.processors.standard.RouteText - RouteText[id=38a82a0d-69fc-4d87-a6d1-ec924f6828ee] Adding new dynamic property: PropertyDescriptor[simple]
[pool-3781-thread-1] INFO org.apache.nifi.processors.standard.RouteText - RouteText[id=38a82a0d-69fc-4d87-a6d1-ec924f6828ee] Created FlowFile[2919,90491735102969.mockFlowFile,24B] from FlowFile[2918,90491735102969.mockFlowFile,24B]; routing to relationship simple
[pool-3781-thread-1] INFO org.apache.nifi.processors.standard.RouteText - RouteText[id=38a82a0d-69fc-4d87-a6d1-ec924f6828ee] Routing FlowFile[2918,90491735102969.mockFlowFile,24B] to original
[main] DEBUG org.apache.nifi.processors.standard.RouteText - RouteText[id=38a82a0d-69fc-4d87-a6d1-ec924f6828ee] Adding new dynamic property: PropertyDescriptor[simple]
[pool-3782-thread-1] INFO org.apache.nifi.processors.standard.RouteText - RouteText[id=38a82a0d-69fc-4d87-a6d1-ec924f6828ee] Created FlowFile[2921,90491735587294.mockFlowFile,24B] from FlowFile[2920,90491735587294.mockFlowFile,24B]; routing to relationship simple
[pool-3782-thread-1] INFO org.apache.nifi.processors.standard.RouteText - RouteText[id=38a82a0d-69fc-4d87-a6d1-ec924f6828ee] Routing FlowFile[2920,90491735587294.mockFlowFile,24B] to original
[main] DEBUG org.apache.nifi.processors.standard.RouteText - RouteText[id=38a82a0d-69fc-4d87-a6d1-ec924f6828ee] Adding new dynamic property: PropertyDescriptor[simple]
[pool-3783-thread-1] INFO org.apache.nifi.processors.standard.RouteText - RouteText[id=38a82a0d-69fc-4d87-a6d1-ec924f6828ee] Created FlowFile[2923,90491735878173.mockFlowFile,24B] from FlowFile[2922,90491735878173.mockFlowFile,24B]; routing to relationship simple
[pool-3783-thread-1] INFO org.apache.nifi.processors.standard.RouteText - RouteText[id=38a82a0d-69fc-4d87-a6d1-ec924f6828ee] Routing FlowFile[2922,90491735878173.mockFlowFile,24B] to original
[main] DEBUG org.apache.nifi.processors.standard.RouteText - RouteText[id=38a82a0d-69fc-4d87-a6d1-ec924f6828ee] Adding new dynamic property: PropertyDescriptor[simple]
[pool-3784-thread-1] INFO org.apache.nifi.processors.standard.RouteText - RouteText[id=38a82a0d-69fc-4d87-a6d1-ec924f6828ee] Created FlowFile[2925,90491736224582.mockFlowFile,24B] from FlowFile[2924,90491736224582.mockFlowFile,24B]; routing to relationship simple
[pool-3784-thread-1] INFO org.apache.nifi.processors.standard.RouteText - RouteText[id=38a82a0d-69fc-4d87-a6d1-ec924f6828ee] Routing FlowFile[2924,90491736224582.mockFlowFile,24B] to original
[main] DEBUG org.apache.nifi.processors.standard.RouteText - RouteText[id=38a82a0d-69fc-4d87-a6d1-ec924f6828ee] Adding new dynamic property: PropertyDescriptor[simple]
[pool-3785-thread-1] INFO org.apache.nifi.processors.standard.RouteText - RouteText[id=38a82a0d-69fc-4d87-a6d1-ec924f6828ee] Created FlowFile[2927,90491736599508.mockFlowFile,24B] from FlowFile[2926,90491736599508.mockFlowFile,24B]; routing to relationship simple
[pool-3785-thread-1] INFO org.apache.nifi.processors.standard.RouteText - RouteText[id=38a82a0d-69fc-4d87-a6d1-ec924f6828ee] Routing FlowFile[2926,90491736599508.mockFlowFile,24B] to original
[main] DEBUG org.apache.nifi.processors.standard.RouteText - RouteText[id=38a82a0d-69fc-4d87-a6d1-ec924f6828ee] Adding new dynamic property: PropertyDescriptor[simple]
[pool-3786-thread-1] INFO org.apache.nifi.processors.standard.RouteText - RouteText[id=38a82a0d-69fc-4d87-a6d1-ec924f6828ee] Created FlowFile[2929,90491736974117.mockFlowFile,24B] from FlowFile[2928,90491736974117.mockFlowFile,24B]; routing to relationship simple
[pool-3786-thread-1] INFO org.apache.nifi.processors.standard.RouteText - RouteText[id=38a82a0d-69fc-4d87-a6d1-ec924f6828ee] Routing FlowFile[2928,90491736974117.mockFlowFile,24B] to original
[main] DEBUG org.apache.nifi.processors.standard.RouteText - RouteText[id=38a82a0d-69fc-4d87-a6d1-ec924f6828ee] Adding new dynamic property: PropertyDescriptor[simple]
[pool-3787-thread-1] INFO org.apache.nifi.processors.standard.RouteText - RouteText[id=38a82a0d-69fc-4d87-a6d1-ec924f6828ee] Created FlowFile[2931,90491737221259.mockFlowFile,24B] from FlowFile[2930,90491737221259.mockFlowFile,24B]; routing to relationship simple
[pool-3787-thread-1] INFO org.apache.nifi.processors.standard.RouteText - RouteText[id=38a82a0d-69fc-4d87-a6d1-ec924f6828ee] Routing FlowFile[2930,90491737221259.mockFlowFile,24B] to original
[main] DEBUG org.apache.nifi.processors.standard.RouteText - RouteText[id=38a82a0d-69fc-4d87-a6d1-ec924f6828ee] Adding new dynamic property: PropertyDescriptor[simple]
[pool-3788-thread-1] INFO org.apache.nifi.processors.standard.RouteText - RouteText[id=38a82a0d-69fc-4d87-a6d1-ec924f6828ee] Created FlowFile[2933,90491737460589.mockFlowFile,24B] from FlowFile[2932,90491737460589.mockFlowFile,24B]; routing to relationship simple
[pool-3788-thread-1] INFO org.apache.nifi.processors.standard.RouteText - RouteText[id=38a82a0d-69fc-4d87-a6d1-ec924f6828ee] Routing FlowFile[2932,90491737460589.mockFlowFile,24B] to original
[main] DEBUG org.apache.nifi.processors.standard.RouteText - RouteText[id=38a82a0d-69fc-4d87-a6d1-ec924f6828ee] Adding new dynamic property: PropertyDescriptor[simple]
[pool-3789-thread-1] INFO org.apache.nifi.processors.standard.RouteText - RouteText[id=38a82a0d-69fc-4d87-a6d1-ec924f6828ee] Created FlowFile[2935,90491737696906.mockFlowFile,24B] from FlowFile[2934,90491737696906.mockFlowFile,24B]; routing to relationship simple
[pool-3789-thread-1] INFO org.apache.nifi.processors.standard.RouteText - RouteText[id=38a82a0d-69fc-4d87-a6d1-ec924f6828ee] Routing FlowFile[2934,90491737696906.mockFlowFile,24B] to original
[main] DEBUG org.apache.nifi.processors.standard.RouteText - RouteText[id=38a82a0d-69fc-4d87-a6d1-ec924f6828ee] Adding new dynamic property: PropertyDescriptor[simple]
[pool-3790-thread-1] INFO org.apache.nifi.processors.standard.RouteText - RouteText[id=38a82a0d-69fc-4d87-a6d1-ec924f6828ee] Created FlowFile[2937,90491738045409.mockFlowFile,24B] from FlowFile[2936,90491738045409.mockFlowFile,24B]; routing to relationship simple
[pool-3790-thread-1] INFO org.apache.nifi.processors.standard.RouteText - RouteText[id=38a82a0d-69fc-4d87-a6d1-ec924f6828ee] Routing FlowFile[2936,90491738045409.mockFlowFile,24B] to original
[main] DEBUG org.apache.nifi.processors.standard.RouteText - RouteText[id=38a82a0d-69fc-4d87-a6d1-ec924f6828ee] Adding new dynamic property: PropertyDescriptor[simple]
[pool-3791-thread-1] INFO org.apache.nifi.processors.standard.RouteText - RouteText[id=38a82a0d-69fc-4d87-a6d1-ec924f6828ee] Created FlowFile[2939,90491738454945.mockFlowFile,24B] from FlowFile[2938,90491738454945.mockFlowFile,24B]; routing to relationship simple
[pool-3791-thread-1] INFO org.apache.nifi.processors.standard.RouteText - RouteText[id=38a82a0d-69fc-4d87-a6d1-ec924f6828ee] Routing FlowFile[2938,90491738454945.mockFlowFile,24B] to original
[main] DEBUG org.apache.nifi.processors.standard.RouteText - RouteText[id=38a82a0d-69fc-4d87-a6d1-ec924f6828ee] Adding new dynamic property: PropertyDescriptor[simple]
[pool-3792-thread-1] INFO org.apache.nifi.processors.standard.RouteText - RouteText[id=38a82a0d-69fc-4d87-a6d1-ec924f6828ee] Created FlowFile[2941,90491738797236.mockFlowFile,24B] from FlowFile[2940,90491738797236.mockFlowFile,24B]; routing to relationship simple
[pool-3792-thread-1] INFO org.apache.nifi.processors.standard.RouteText - RouteText[id=38a82a0d-69fc-4d87-a6d1-ec924f6828ee] Routing FlowFile[2940,90491738797236.mockFlowFile,24B] to original
[main] DEBUG org.apache.nifi.processors.standard.RouteText - RouteText[id=38a82a0d-69fc-4d87-a6d1-ec924f6828ee] Adding new dynamic property: PropertyDescriptor[simple]
[pool-3793-thread-1] INFO org.apache.nifi.processors.standard.RouteText - RouteText[id=38a82a0d-69fc-4d87-a6d1-ec924f6828ee] Created FlowFile[2943,90491739143269.mockFlowFile,24B] from FlowFile[2942,90491739143269.mockFlowFile,24B]; routing to relationship simple
[pool-3793-thread-1] INFO org.apache.nifi.processors.standard.RouteText - RouteText[id=38a82a0d-69fc-4d87-a6d1-ec924f6828ee] Routing FlowFile[2942,90491739143269.mockFlowFile,24B] to original
[main] DEBUG org.apache.nifi.processors.standard.RouteText - RouteText[id=38a82a0d-69fc-4d87-a6d1-ec924f6828ee] Adding new dynamic property: PropertyDescriptor[simple]
[pool-3794-thread-1] INFO org.apache.nifi.processors.standard.RouteText - RouteText[id=38a82a0d-69fc-4d87-a6d1-ec924f6828ee] Created FlowFile[2945,90491739559251.mockFlowFile,24B] from FlowFile[2944,90491739559251.mockFlowFile,24B]; routing to relationship simple
[pool-3794-thread-1] INFO org.apache.nifi.processors.standard.RouteText - RouteText[id=38a82a0d-69fc-4d87-a6d1-ec924f6828ee] Routing FlowFile[2944,90491739559251.mockFlowFile,24B] to original
[main] DEBUG org.apache.nifi.processors.standard.RouteText - RouteText[id=38a82a0d-69fc-4d87-a6d1-ec924f6828ee] Adding new dynamic property: PropertyDescriptor[simple]
[pool-3795-thread-1] INFO org.apache.nifi.processors.standard.RouteText - RouteText[id=38a82a0d-69fc-4d87-a6d1-ec924f6828ee] Created FlowFile[2947,90491739963895.mockFlowFile,24B] from FlowFile[2946,90491739963895.mockFlowFile,24B]; routing to relationship simple
[pool-3795-thread-1] INFO org.apache.nifi.processors.standard.RouteText - RouteText[id=38a82a0d-69fc-4d87-a6d1-ec924f6828ee] Routing FlowFile[2946,90491739963895.mockFlowFile,24B] to original
[main] DEBUG org.apache.nifi.processors.standard.RouteText - RouteText[id=38a82a0d-69fc-4d87-a6d1-ec924f6828ee] Adding new dynamic property: PropertyDescriptor[simple]
[pool-3796-thread-1] INFO org.apache.nifi.processors.standard.RouteText - RouteText[id=38a82a0d-69fc-4d87-a6d1-ec924f6828ee] Created FlowFile[2949,90491740381364.mockFlowFile,24B] from FlowFile[2948,90491740381364.mockFlowFile,24B]; routing to relationship simple
[pool-3796-thread-1] INFO org.apache.nifi.processors.standard.RouteText - RouteText[id=38a82a0d-69fc-4d87-a6d1-ec924f6828ee] Routing FlowFile[2948,90491740381364.mockFlowFile,24B] to original
[main] DEBUG org.apache.nifi.processors.standard.RouteText - RouteText[id=38a82a0d-69fc-4d87-a6d1-ec924f6828ee] Adding new dynamic property: PropertyDescriptor[simple]
[pool-3797-thread-1] INFO org.apache.nifi.processors.standard.RouteText - RouteText[id=38a82a0d-69fc-4d87-a6d1-ec924f6828ee] Created FlowFile[2951,90491740754934.mockFlowFile,24B] from FlowFile[2950,90491740754934.mockFlowFile,24B]; routing to relationship simple
[pool-3797-thread-1] INFO org.apache.nifi.processors.standard.RouteText - RouteText[id=38a82a0d-69fc-4d87-a6d1-ec924f6828ee] Routing FlowFile[2950,90491740754934.mockFlowFile,24B] to original
[main] DEBUG org.apache.nifi.processors.standard.RouteText - RouteText[id=38a82a0d-69fc-4d87-a6d1-ec924f6828ee] Adding new dynamic property: PropertyDescriptor[simple]
[pool-3798-thread-1] INFO org.apache.nifi.processors.standard.RouteText - RouteText[id=38a82a0d-69fc-4d87-a6d1-ec924f6828ee] Created FlowFile[2953,90491741133134.mockFlowFile,24B] from FlowFile[2952,90491741133134.mockFlowFile,24B]; routing to relationship simple
[pool-3798-thread-1] INFO org.apache.nifi.processors.standard.RouteText - RouteText[id=38a82a0d-69fc-4d87-a6d1-ec924f6828ee] Routing FlowFile[2952,90491741133134.mockFlowFile,24B] to original
[main] DEBUG org.apache.nifi.processors.standard.RouteText - RouteText[id=38a82a0d-69fc-4d87-a6d1-ec924f6828ee] Adding new dynamic property: PropertyDescriptor[simple]
[pool-3799-thread-1] INFO org.apache.nifi.processors.standard.RouteText - RouteText[id=38a82a0d-69fc-4d87-a6d1-ec924f6828ee] Created FlowFile[2955,90491741507069.mockFlowFile,24B] from FlowFile[2954,90491741507069.mockFlowFile,24B]; routing to relationship simple
[pool-3799-thread-1] INFO org.apache.nifi.processors.standard.RouteText - RouteText[id=38a82a0d-69fc-4d87-a6d1-ec924f6828ee] Routing FlowFile[2954,90491741507069.mockFlowFile,24B] to original
[main] DEBUG org.apache.nifi.processors.standard.RouteText - RouteText[id=38a82a0d-69fc-4d87-a6d1-ec924f6828ee] Adding new dynamic property: PropertyDescriptor[simple]
[pool-3800-thread-1] INFO org.apache.nifi.processors.standard.RouteText - RouteText[id=38a82a0d-69fc-4d87-a6d1-ec924f6828ee] Created FlowFile[2957,90491741902405.mockFlowFile,24B] from FlowFile[2956,90491741902405.mockFlowFile,24B]; routing to relationship simple
[pool-3800-thread-1] INFO org.apache.nifi.processors.standard.RouteText - RouteText[id=38a82a0d-69fc-4d87-a6d1-ec924f6828ee] Routing FlowFile[2956,90491741902405.mockFlowFile,24B] to original
[main] DEBUG org.apache.nifi.processors.standard.RouteText - RouteText[id=38a82a0d-69fc-4d87-a6d1-ec924f6828ee] Adding new dynamic property: PropertyDescriptor[simple]
[pool-3801-thread-1] INFO org.apache.nifi.processors.standard.RouteText - RouteText[id=38a82a0d-69fc-4d87-a6d1-ec924f6828ee] Created FlowFile[2959,90491742287330.mockFlowFile,24B] from FlowFile[2958,90491742287330.mockFlowFile,24B]; routing to relationship simple
[pool-3801-thread-1] INFO org.apache.nifi.processors.standard.RouteText - RouteText[id=38a82a0d-69fc-4d87-a6d1-ec924f6828ee] Routing FlowFile[2958,90491742287330.mockFlowFile,24B] to original
[main] DEBUG org.apache.nifi.processors.standard.RouteText - RouteText[id=38a82a0d-69fc-4d87-a6d1-ec924f6828ee] Adding new dynamic property: PropertyDescriptor[simple]
[pool-3802-thread-1] INFO org.apache.nifi.processors.standard.RouteText - RouteText[id=38a82a0d-69fc-4d87-a6d1-ec924f6828ee] Created FlowFile[2961,90491742679420.mockFlowFile,24B] from FlowFile[2960,90491742679420.mockFlowFile,24B]; routing to relationship simple
[pool-3802-thread-1] INFO org.apache.nifi.processors.standard.RouteText - RouteText[id=38a82a0d-69fc-4d87-a6d1-ec924f6828ee] Routing FlowFile[2960,90491742679420.mockFlowFile,24B] to original
[main] DEBUG org.apache.nifi.processors.standard.RouteText - RouteText[id=38a82a0d-69fc-4d87-a6d1-ec924f6828ee] Adding new dynamic property: PropertyDescriptor[simple]
[pool-3803-thread-1] INFO org.apache.nifi.processors.standard.RouteText - RouteText[id=38a82a0d-69fc-4d87-a6d1-ec924f6828ee] Created FlowFile[2963,90491743058023.mockFlowFile,24B] from FlowFile[2962,90491743058023.mockFlowFile,24B]; routing to relationship simple
[pool-3803-thread-1] INFO org.apache.nifi.processors.standard.RouteText - RouteText[id=38a82a0d-69fc-4d87-a6d1-ec924f6828ee] Routing FlowFile[2962,90491743058023.mockFlowFile,24B] to original
[main] DEBUG org.apache.nifi.processors.standard.RouteText - RouteText[id=38a82a0d-69fc-4d87-a6d1-ec924f6828ee] Adding new dynamic property: PropertyDescriptor[simple]
[pool-3804-thread-1] INFO org.apache.nifi.processors.standard.RouteText - RouteText[id=38a82a0d-69fc-4d87-a6d1-ec924f6828ee] Created FlowFile[2965,90491743433536.mockFlowFile,24B] from FlowFile[2964,90491743433536.mockFlowFile,24B]; routing to relationship simple
[pool-3804-thread-1] INFO org.apache.nifi.processors.standard.RouteText - RouteText[id=38a82a0d-69fc-4d87-a6d1-ec924f6828ee] Routing FlowFile[2964,90491743433536.mockFlowFile,24B] to original
[main] DEBUG org.apache.nifi.processors.standard.RouteText - RouteText[id=38a82a0d-69fc-4d87-a6d1-ec924f6828ee] Adding new dynamic property: PropertyDescriptor[simple]
[pool-3805-thread-1] INFO org.apache.nifi.processors.standard.RouteText - RouteText[id=38a82a0d-69fc-4d87-a6d1-ec924f6828ee] Created FlowFile[2967,90491743811027.mockFlowFile,24B] from FlowFile[2966,90491743811027.mockFlowFile,24B]; routing to relationship simple
[pool-3805-thread-1] INFO org.apache.nifi.processors.standard.RouteText - RouteText[id=38a82a0d-69fc-4d87-a6d1-ec924f6828ee] Routing FlowFile[2966,90491743811027.mockFlowFile,24B] to original
[main] DEBUG org.apache.nifi.processors.standard.RouteText - RouteText[id=38a82a0d-69fc-4d87-a6d1-ec924f6828ee] Adding new dynamic property: PropertyDescriptor[simple]
[pool-3806-thread-1] INFO org.apache.nifi.processors.standard.RouteText - RouteText[id=38a82a0d-69fc-4d87-a6d1-ec924f6828ee] Created FlowFile[2969,90491744222241.mockFlowFile,24B] from FlowFile[2968,90491744222241.mockFlowFile,24B]; routing to relationship simple
[pool-3806-thread-1] INFO org.apache.nifi.processors.standard.RouteText - RouteText[id=38a82a0d-69fc-4d87-a6d1-ec924f6828ee] Routing FlowFile[2968,90491744222241.mockFlowFile,24B] to original
[main] DEBUG org.apache.nifi.processors.standard.RouteText - RouteText[id=38a82a0d-69fc-4d87-a6d1-ec924f6828ee] Adding new dynamic property: PropertyDescriptor[simple]
[pool-3807-thread-1] INFO org.apache.nifi.processors.standard.RouteText - RouteText[id=38a82a0d-69fc-4d87-a6d1-ec924f6828ee] Created FlowFile[2971,90491744631164.mockFlowFile,24B] from FlowFile[2970,90491744631164.mockFlowFile,24B]; routing to relationship simple
[pool-3807-thread-1] INFO org.apache.nifi.processors.standard.RouteText - RouteText[id=38a82a0d-69fc-4d87-a6d1-ec924f6828ee] Routing FlowFile[2970,90491744631164.mockFlowFile,24B] to original
[main] DEBUG org.apache.nifi.processors.standard.RouteText - RouteText[id=38a82a0d-69fc-4d87-a6d1-ec924f6828ee] Adding new dynamic property: PropertyDescriptor[simple]
[pool-3808-thread-1] INFO org.apache.nifi.processors.standard.RouteText - RouteText[id=38a82a0d-69fc-4d87-a6d1-ec924f6828ee] Created FlowFile[2973,90491745116999.mockFlowFile,24B] from FlowFile[2972,90491745116999.mockFlowFile,24B]; routing to relationship simple
[pool-3808-thread-1] INFO org.apache.nifi.processors.standard.RouteText - RouteText[id=38a82a0d-69fc-4d87-a6d1-ec924f6828ee] Routing FlowFile[2972,90491745116999.mockFlowFile,24B] to original
[main] DEBUG org.apache.nifi.processors.standard.RouteText - RouteText[id=38a82a0d-69fc-4d87-a6d1-ec924f6828ee] Adding new dynamic property: PropertyDescriptor[simple]
[pool-3809-thread-1] INFO org.apache.nifi.processors.standard.RouteText - RouteText[id=38a82a0d-69fc-4d87-a6d1-ec924f6828ee] Created FlowFile[2975,90491745570975.mockFlowFile,24B] from FlowFile[2974,90491745570975.mockFlowFile,24B]; routing to relationship simple
[pool-3809-thread-1] INFO org.apache.nifi.processors.standard.RouteText - RouteText[id=38a82a0d-69fc-4d87-a6d1-ec924f6828ee] Routing FlowFile[2974,90491745570975.mockFlowFile,24B] to original
[main] DEBUG org.apache.nifi.processors.standard.RouteText - RouteText[id=38a82a0d-69fc-4d87-a6d1-ec924f6828ee] Adding new dynamic property: PropertyDescriptor[simple]
[pool-3810-thread-1] INFO org.apache.nifi.processors.standard.RouteText - RouteText[id=38a82a0d-69fc-4d87-a6d1-ec924f6828ee] Created FlowFile[2977,90491746075015.mockFlowFile,24B] from FlowFile[2976,90491746075015.mockFlowFile,24B]; routing to relationship simple
[pool-3810-thread-1] INFO org.apache.nifi.processors.standard.RouteText - RouteText[id=38a82a0d-69fc-4d87-a6d1-ec924f6828ee] Routing FlowFile[2976,90491746075015.mockFlowFile,24B] to original
[main] DEBUG org.apache.nifi.processors.standard.RouteText - RouteText[id=38a82a0d-69fc-4d87-a6d1-ec924f6828ee] Adding new dynamic property: PropertyDescriptor[simple]
[pool-3811-thread-1] INFO org.apache.nifi.processors.standard.RouteText - RouteText[id=38a82a0d-69fc-4d87-a6d1-ec924f6828ee] Created FlowFile[2979,90491746475940.mockFlowFile,24B] from FlowFile[2978,90491746475940.mockFlowFile,24B]; routing to relationship simple
[pool-3811-thread-1] INFO org.apache.nifi.processors.standard.RouteText - RouteText[id=38a82a0d-69fc-4d87-a6d1-ec924f6828ee] Routing FlowFile[2978,90491746475940.mockFlowFile,24B] to original
[main] DEBUG org.apache.nifi.processors.standard.RouteText - RouteText[id=38a82a0d-69fc-4d87-a6d1-ec924f6828ee] Adding new dynamic property: PropertyDescriptor[simple]
[pool-3812-thread-1] INFO org.apache.nifi.processors.standard.RouteText - RouteText[id=38a82a0d-69fc-4d87-a6d1-ec924f6828ee] Created FlowFile[2981,90491746924939.mockFlowFile,24B] from FlowFile[2980,90491746924939.mockFlowFile,24B]; routing to relationship simple
[pool-3812-thread-1] INFO org.apache.nifi.processors.standard.RouteText - RouteText[id=38a82a0d-69fc-4d87-a6d1-ec924f6828ee] Routing FlowFile[2980,90491746924939.mockFlowFile,24B] to original
[main] DEBUG org.apache.nifi.processors.standard.RouteText - RouteText[id=38a82a0d-69fc-4d87-a6d1-ec924f6828ee] Adding new dynamic property: PropertyDescriptor[simple]
[pool-3813-thread-1] INFO org.apache.nifi.processors.standard.RouteText - RouteText[id=38a82a0d-69fc-4d87-a6d1-ec924f6828ee] Created FlowFile[2983,90491747494574.mockFlowFile,24B] from FlowFile[2982,90491747494574.mockFlowFile,24B]; routing to relationship simple
[pool-3813-thread-1] INFO org.apache.nifi.processors.standard.RouteText - RouteText[id=38a82a0d-69fc-4d87-a6d1-ec924f6828ee] Routing FlowFile[2982,90491747494574.mockFlowFile,24B] to original
[main] DEBUG org.apache.nifi.processors.standard.RouteText - RouteText[id=38a82a0d-69fc-4d87-a6d1-ec924f6828ee] Adding new dynamic property: PropertyDescriptor[simple]
[pool-3814-thread-1] INFO org.apache.nifi.processors.standard.RouteText - RouteText[id=38a82a0d-69fc-4d87-a6d1-ec924f6828ee] Created FlowFile[2985,90491747971891.mockFlowFile,24B] from FlowFile[2984,90491747971891.mockFlowFile,24B]; routing to relationship simple
[pool-3814-thread-1] INFO org.apache.nifi.processors.standard.RouteText - RouteText[id=38a82a0d-69fc-4d87-a6d1-ec924f6828ee] Routing FlowFile[2984,90491747971891.mockFlowFile,24B] to original
[main] DEBUG org.apache.nifi.processors.standard.RouteText - RouteText[id=38a82a0d-69fc-4d87-a6d1-ec924f6828ee] Adding new dynamic property: PropertyDescriptor[simple]
[pool-3815-thread-1] INFO org.apache.nifi.processors.standard.RouteText - RouteText[id=38a82a0d-69fc-4d87-a6d1-ec924f6828ee] Created FlowFile[2987,90491748591559.mockFlowFile,24B] from FlowFile[2986,90491748591559.mockFlowFile,24B]; routing to relationship simple
[pool-3815-thread-1] INFO org.apache.nifi.processors.standard.RouteText - RouteText[id=38a82a0d-69fc-4d87-a6d1-ec924f6828ee] Routing FlowFile[2986,90491748591559.mockFlowFile,24B] to original
[main] DEBUG org.apache.nifi.processors.standard.RouteText - RouteText[id=38a82a0d-69fc-4d87-a6d1-ec924f6828ee] Adding new dynamic property: PropertyDescriptor[simple]
[pool-3816-thread-1] INFO org.apache.nifi.processors.standard.RouteText - RouteText[id=38a82a0d-69fc-4d87-a6d1-ec924f6828ee] Created FlowFile[2989,90491749227617.mockFlowFile,24B] from FlowFile[2988,90491749227617.mockFlowFile,24B]; routing to relationship simple
[pool-3816-thread-1] INFO org.apache.nifi.processors.standard.RouteText - RouteText[id=38a82a0d-69fc-4d87-a6d1-ec924f6828ee] Routing FlowFile[2988,90491749227617.mockFlowFile,24B] to original
[main] DEBUG org.apache.nifi.processors.standard.RouteText - RouteText[id=38a82a0d-69fc-4d87-a6d1-ec924f6828ee] Adding new dynamic property: PropertyDescriptor[simple]
[pool-3817-thread-1] INFO org.apache.nifi.processors.standard.RouteText - RouteText[id=38a82a0d-69fc-4d87-a6d1-ec924f6828ee] Created FlowFile[2991,90491749758801.mockFlowFile,24B] from FlowFile[2990,90491749758801.mockFlowFile,24B]; routing to relationship simple
[pool-3817-thread-1] INFO org.apache.nifi.processors.standard.RouteText - RouteText[id=38a82a0d-69fc-4d87-a6d1-ec924f6828ee] Routing FlowFile[2990,90491749758801.mockFlowFile,24B] to original
[main] DEBUG org.apache.nifi.processors.standard.RouteText - RouteText[id=38a82a0d-69fc-4d87-a6d1-ec924f6828ee] Adding new dynamic property: PropertyDescriptor[simple]
[pool-3818-thread-1] INFO org.apache.nifi.processors.standard.RouteText - RouteText[id=38a82a0d-69fc-4d87-a6d1-ec924f6828ee] Created FlowFile[2993,90491750256399.mockFlowFile,24B] from FlowFile[2992,90491750256399.mockFlowFile,24B]; routing to relationship simple
[pool-3818-thread-1] INFO org.apache.nifi.processors.standard.RouteText - RouteText[id=38a82a0d-69fc-4d87-a6d1-ec924f6828ee] Routing FlowFile[2992,90491750256399.mockFlowFile,24B] to original
[main] DEBUG org.apache.nifi.processors.standard.RouteText - RouteText[id=38a82a0d-69fc-4d87-a6d1-ec924f6828ee] Adding new dynamic property: PropertyDescriptor[simple]
[pool-3819-thread-1] INFO org.apache.nifi.processors.standard.RouteText - RouteText[id=38a82a0d-69fc-4d87-a6d1-ec924f6828ee] Created FlowFile[2995,90491750663592.mockFlowFile,24B] from FlowFile[2994,90491750663592.mockFlowFile,24B]; routing to relationship simple
[pool-3819-thread-1] INFO org.apache.nifi.processors.standard.RouteText - RouteText[id=38a82a0d-69fc-4d87-a6d1-ec924f6828ee] Routing FlowFile[2994,90491750663592.mockFlowFile,24B] to original
[main] DEBUG org.apache.nifi.processors.standard.RouteText - RouteText[id=38a82a0d-69fc-4d87-a6d1-ec924f6828ee] Adding new dynamic property: PropertyDescriptor[simple]
[pool-3820-thread-1] INFO org.apache.nifi.processors.standard.RouteText - RouteText[id=38a82a0d-69fc-4d87-a6d1-ec924f6828ee] Created FlowFile[2997,90491751071161.mockFlowFile,24B] from FlowFile[2996,90491751071161.mockFlowFile,24B]; routing to relationship simple
[pool-3820-thread-1] INFO org.apache.nifi.processors.standard.RouteText - RouteText[id=38a82a0d-69fc-4d87-a6d1-ec924f6828ee] Routing FlowFile[2996,90491751071161.mockFlowFile,24B] to original
[main] DEBUG org.apache.nifi.processors.standard.RouteText - RouteText[id=38a82a0d-69fc-4d87-a6d1-ec924f6828ee] Adding new dynamic property: PropertyDescriptor[simple]
[pool-3821-thread-1] INFO org.apache.nifi.processors.standard.RouteText - RouteText[id=38a82a0d-69fc-4d87-a6d1-ec924f6828ee] Created FlowFile[2999,90491751618459.mockFlowFile,24B] from FlowFile[2998,90491751618459.mockFlowFile,24B]; routing to relationship simple
[pool-3821-thread-1] INFO org.apache.nifi.processors.standard.RouteText - RouteText[id=38a82a0d-69fc-4d87-a6d1-ec924f6828ee] Routing FlowFile[2998,90491751618459.mockFlowFile,24B] to original
[main] DEBUG org.apache.nifi.processors.standard.RouteText - RouteText[id=38a82a0d-69fc-4d87-a6d1-ec924f6828ee] Adding new dynamic property: PropertyDescriptor[simple]
[pool-3822-thread-1] INFO org.apache.nifi.processors.standard.RouteText - RouteText[id=38a82a0d-69fc-4d87-a6d1-ec924f6828ee] Created FlowFile[3001,90491752056082.mockFlowFile,24B] from FlowFile[3000,90491752056082.mockFlowFile,24B]; routing to relationship simple
[pool-3822-thread-1] INFO org.apache.nifi.processors.standard.RouteText - RouteText[id=38a82a0d-69fc-4d87-a6d1-ec924f6828ee] Routing FlowFile[3000,90491752056082.mockFlowFile,24B] to original
[main] DEBUG org.apache.nifi.processors.standard.RouteText - RouteText[id=38a82a0d-69fc-4d87-a6d1-ec924f6828ee] Adding new dynamic property: PropertyDescriptor[simple]
[pool-3823-thread-1] INFO org.apache.nifi.processors.standard.RouteText - RouteText[id=38a82a0d-69fc-4d87-a6d1-ec924f6828ee] Created FlowFile[3003,90491752609327.mockFlowFile,24B] from FlowFile[3002,90491752609327.mockFlowFile,24B]; routing to relationship simple
[pool-3823-thread-1] INFO org.apache.nifi.processors.standard.RouteText - RouteText[id=38a82a0d-69fc-4d87-a6d1-ec924f6828ee] Routing FlowFile[3002,90491752609327.mockFlowFile,24B] to original
[main] DEBUG org.apache.nifi.processors.standard.RouteText - RouteText[id=38a82a0d-69fc-4d87-a6d1-ec924f6828ee] Adding new dynamic property: PropertyDescriptor[simple]
[pool-3824-thread-1] INFO org.apache.nifi.processors.standard.RouteText - RouteText[id=38a82a0d-69fc-4d87-a6d1-ec924f6828ee] Created FlowFile[3005,90491753123823.mockFlowFile,24B] from FlowFile[3004,90491753123823.mockFlowFile,24B]; routing to relationship simple
[pool-3824-thread-1] INFO org.apache.nifi.processors.standard.RouteText - RouteText[id=38a82a0d-69fc-4d87-a6d1-ec924f6828ee] Routing FlowFile[3004,90491753123823.mockFlowFile,24B] to original
[main] DEBUG org.apache.nifi.processors.standard.RouteText - RouteText[id=38a82a0d-69fc-4d87-a6d1-ec924f6828ee] Adding new dynamic property: PropertyDescriptor[simple]
[pool-3825-thread-1] INFO org.apache.nifi.processors.standard.RouteText - RouteText[id=38a82a0d-69fc-4d87-a6d1-ec924f6828ee] Created FlowFile[3007,90491753619701.mockFlowFile,24B] from FlowFile[3006,90491753619701.mockFlowFile,24B]; routing to relationship simple
[pool-3825-thread-1] INFO org.apache.nifi.processors.standard.RouteText - RouteText[id=38a82a0d-69fc-4d87-a6d1-ec924f6828ee] Routing FlowFile[3006,90491753619701.mockFlowFile,24B] to original
[main] DEBUG org.apache.nifi.processors.standard.RouteText - RouteText[id=38a82a0d-69fc-4d87-a6d1-ec924f6828ee] Adding new dynamic property: PropertyDescriptor[simple]
[pool-3826-thread-1] INFO org.apache.nifi.processors.standard.RouteText - RouteText[id=38a82a0d-69fc-4d87-a6d1-ec924f6828ee] Created FlowFile[3009,90491754065010.mockFlowFile,24B] from FlowFile[3008,90491754065010.mockFlowFile,24B]; routing to relationship simple
[pool-3826-thread-1] INFO org.apache.nifi.processors.standard.RouteText - RouteText[id=38a82a0d-69fc-4d87-a6d1-ec924f6828ee] Routing FlowFile[3008,90491754065010.mockFlowFile,24B] to original
[main] DEBUG org.apache.nifi.processors.standard.RouteText - RouteText[id=38a82a0d-69fc-4d87-a6d1-ec924f6828ee] Adding new dynamic property: PropertyDescriptor[simple]
[pool-3827-thread-1] INFO org.apache.nifi.processors.standard.RouteText - RouteText[id=38a82a0d-69fc-4d87-a6d1-ec924f6828ee] Created FlowFile[3011,90491754467347.mockFlowFile,24B] from FlowFile[3010,90491754467347.mockFlowFile,24B]; routing to relationship simple
[pool-3827-thread-1] INFO org.apache.nifi.processors.standard.RouteText - RouteText[id=38a82a0d-69fc-4d87-a6d1-ec924f6828ee] Routing FlowFile[3010,90491754467347.mockFlowFile,24B] to original
[main] DEBUG org.apache.nifi.processors.standard.RouteText - RouteText[id=38a82a0d-69fc-4d87-a6d1-ec924f6828ee] Adding new dynamic property: PropertyDescriptor[simple]
[pool-3828-thread-1] INFO org.apache.nifi.processors.standard.RouteText - RouteText[id=38a82a0d-69fc-4d87-a6d1-ec924f6828ee] Created FlowFile[3013,90491754857001.mockFlowFile,24B] from FlowFile[3012,90491754857001.mockFlowFile,24B]; routing to relationship simple
[pool-3828-thread-1] INFO org.apache.nifi.processors.standard.RouteText - RouteText[id=38a82a0d-69fc-4d87-a6d1-ec924f6828ee] Routing FlowFile[3012,90491754857001.mockFlowFile,24B] to original
[main] DEBUG org.apache.nifi.processors.standard.RouteText - RouteText[id=38a82a0d-69fc-4d87-a6d1-ec924f6828ee] Adding new dynamic property: PropertyDescriptor[simple]
[pool-3829-thread-1] INFO org.apache.nifi.processors.standard.RouteText - RouteText[id=38a82a0d-69fc-4d87-a6d1-ec924f6828ee] Created FlowFile[3015,90491755311706.mockFlowFile,24B] from FlowFile[3014,90491755311706.mockFlowFile,24B]; routing to relationship simple
[pool-3829-thread-1] INFO org.apache.nifi.processors.standard.RouteText - RouteText[id=38a82a0d-69fc-4d87-a6d1-ec924f6828ee] Routing FlowFile[3014,90491755311706.mockFlowFile,24B] to original
[main] DEBUG org.apache.nifi.processors.standard.RouteText - RouteText[id=38a82a0d-69fc-4d87-a6d1-ec924f6828ee] Adding new dynamic property: PropertyDescriptor[simple]
[pool-3830-thread-1] INFO org.apache.nifi.processors.standard.RouteText - RouteText[id=38a82a0d-69fc-4d87-a6d1-ec924f6828ee] Created FlowFile[3017,90491755730846.mockFlowFile,24B] from FlowFile[3016,90491755730846.mockFlowFile,24B]; routing to relationship simple
[pool-3830-thread-1] INFO org.apache.nifi.processors.standard.RouteText - RouteText[id=38a82a0d-69fc-4d87-a6d1-ec924f6828ee] Routing FlowFile[3016,90491755730846.mockFlowFile,24B] to original
[main] DEBUG org.apache.nifi.processors.standard.RouteText - RouteText[id=38a82a0d-69fc-4d87-a6d1-ec924f6828ee] Adding new dynamic property: PropertyDescriptor[simple]
[pool-3831-thread-1] INFO org.apache.nifi.processors.standard.RouteText - RouteText[id=38a82a0d-69fc-4d87-a6d1-ec924f6828ee] Created FlowFile[3019,90491756127244.mockFlowFile,24B] from FlowFile[3018,90491756127244.mockFlowFile,24B]; routing to relationship simple
[pool-3831-thread-1] INFO org.apache.nifi.processors.standard.RouteText - RouteText[id=38a82a0d-69fc-4d87-a6d1-ec924f6828ee] Routing FlowFile[3018,90491756127244.mockFlowFile,24B] to original
[main] DEBUG org.apache.nifi.processors.standard.RouteText - RouteText[id=38a82a0d-69fc-4d87-a6d1-ec924f6828ee] Adding new dynamic property: PropertyDescriptor[simple]
[pool-3832-thread-1] INFO org.apache.nifi.processors.standard.RouteText - RouteText[id=38a82a0d-69fc-4d87-a6d1-ec924f6828ee] Created FlowFile[3021,90491756656483.mockFlowFile,24B] from FlowFile[3020,90491756656483.mockFlowFile,24B]; routing to relationship simple
[pool-3832-thread-1] INFO org.apache.nifi.processors.standard.RouteText - RouteText[id=38a82a0d-69fc-4d87-a6d1-ec924f6828ee] Routing FlowFile[3020,90491756656483.mockFlowFile,24B] to original
[main] DEBUG org.apache.nifi.processors.standard.RouteText - RouteText[id=38a82a0d-69fc-4d87-a6d1-ec924f6828ee] Adding new dynamic property: PropertyDescriptor[simple]
[pool-3833-thread-1] INFO org.apache.nifi.processors.standard.RouteText - RouteText[id=38a82a0d-69fc-4d87-a6d1-ec924f6828ee] Created FlowFile[3023,90491757168703.mockFlowFile,24B] from FlowFile[3022,90491757168703.mockFlowFile,24B]; routing to relationship simple
[pool-3833-thread-1] INFO org.apache.nifi.processors.standard.RouteText - RouteText[id=38a82a0d-69fc-4d87-a6d1-ec924f6828ee] Routing FlowFile[3022,90491757168703.mockFlowFile,24B] to original
[main] DEBUG org.apache.nifi.processors.standard.RouteText - RouteText[id=38a82a0d-69fc-4d87-a6d1-ec924f6828ee] Adding new dynamic property: PropertyDescriptor[simple]
[pool-3834-thread-1] INFO org.apache.nifi.processors.standard.RouteText - RouteText[id=38a82a0d-69fc-4d87-a6d1-ec924f6828ee] Created FlowFile[3025,90491757598327.mockFlowFile,24B] from FlowFile[3024,90491757598327.mockFlowFile,24B]; routing to relationship simple
[pool-3834-thread-1] INFO org.apache.nifi.processors.standard.RouteText - RouteText[id=38a82a0d-69fc-4d87-a6d1-ec924f6828ee] Routing FlowFile[3024,90491757598327.mockFlowFile,24B] to original
[main] DEBUG org.apache.nifi.processors.standard.RouteText - RouteText[id=38a82a0d-69fc-4d87-a6d1-ec924f6828ee] Adding new dynamic property: PropertyDescriptor[simple]
[pool-3835-thread-1] INFO org.apache.nifi.processors.standard.RouteText - RouteText[id=38a82a0d-69fc-4d87-a6d1-ec924f6828ee] Created FlowFile[3027,90491757988997.mockFlowFile,24B] from FlowFile[3026,90491757988997.mockFlowFile,24B]; routing to relationship simple
[pool-3835-thread-1] INFO org.apache.nifi.processors.standard.RouteText - RouteText[id=38a82a0d-69fc-4d87-a6d1-ec924f6828ee] Routing FlowFile[3026,90491757988997.mockFlowFile,24B] to original
[main] DEBUG org.apache.nifi.processors.standard.RouteText - RouteText[id=38a82a0d-69fc-4d87-a6d1-ec924f6828ee] Adding new dynamic property: PropertyDescriptor[simple]
[pool-3836-thread-1] INFO org.apache.nifi.processors.standard.RouteText - RouteText[id=38a82a0d-69fc-4d87-a6d1-ec924f6828ee] Created FlowFile[3029,90491758373040.mockFlowFile,24B] from FlowFile[3028,90491758373040.mockFlowFile,24B]; routing to relationship simple
[pool-3836-thread-1] INFO org.apache.nifi.processors.standard.RouteText - RouteText[id=38a82a0d-69fc-4d87-a6d1-ec924f6828ee] Routing FlowFile[3028,90491758373040.mockFlowFile,24B] to original
[main] DEBUG org.apache.nifi.processors.standard.RouteText - RouteText[id=38a82a0d-69fc-4d87-a6d1-ec924f6828ee] Adding new dynamic property: PropertyDescriptor[simple]
[pool-3837-thread-1] INFO org.apache.nifi.processors.standard.RouteText - RouteText[id=38a82a0d-69fc-4d87-a6d1-ec924f6828ee] Created FlowFile[3031,90491758760111.mockFlowFile,24B] from FlowFile[3030,90491758760111.mockFlowFile,24B]; routing to relationship simple
[pool-3837-thread-1] INFO org.apache.nifi.processors.standard.RouteText - RouteText[id=38a82a0d-69fc-4d87-a6d1-ec924f6828ee] Routing FlowFile[3030,90491758760111.mockFlowFile,24B] to original
[main] DEBUG org.apache.nifi.processors.standard.RouteText - RouteText[id=38a82a0d-69fc-4d87-a6d1-ec924f6828ee] Adding new dynamic property: PropertyDescriptor[simple]
[pool-3838-thread-1] INFO org.apache.nifi.processors.standard.RouteText - RouteText[id=38a82a0d-69fc-4d87-a6d1-ec924f6828ee] Created FlowFile[3033,90491759159364.mockFlowFile,24B] from FlowFile[3032,90491759159364.mockFlowFile,24B]; routing to relationship simple
[pool-3838-thread-1] INFO org.apache.nifi.processors.standard.RouteText - RouteText[id=38a82a0d-69fc-4d87-a6d1-ec924f6828ee] Routing FlowFile[3032,90491759159364.mockFlowFile,24B] to original
[main] DEBUG org.apache.nifi.processors.standard.RouteText - RouteText[id=38a82a0d-69fc-4d87-a6d1-ec924f6828ee] Adding new dynamic property: PropertyDescriptor[simple]
[pool-3839-thread-1] INFO org.apache.nifi.processors.standard.RouteText - RouteText[id=38a82a0d-69fc-4d87-a6d1-ec924f6828ee] Created FlowFile[3035,90491759526627.mockFlowFile,24B] from FlowFile[3034,90491759526627.mockFlowFile,24B]; routing to relationship simple
[pool-3839-thread-1] INFO org.apache.nifi.processors.standard.RouteText - RouteText[id=38a82a0d-69fc-4d87-a6d1-ec924f6828ee] Routing FlowFile[3034,90491759526627.mockFlowFile,24B] to original
[main] DEBUG org.apache.nifi.processors.standard.RouteText - RouteText[id=38a82a0d-69fc-4d87-a6d1-ec924f6828ee] Adding new dynamic property: PropertyDescriptor[simple]
[pool-3840-thread-1] INFO org.apache.nifi.processors.standard.RouteText - RouteText[id=38a82a0d-69fc-4d87-a6d1-ec924f6828ee] Created FlowFile[3037,90491759934275.mockFlowFile,24B] from FlowFile[3036,90491759934275.mockFlowFile,24B]; routing to relationship simple
[pool-3840-thread-1] INFO org.apache.nifi.processors.standard.RouteText - RouteText[id=38a82a0d-69fc-4d87-a6d1-ec924f6828ee] Routing FlowFile[3036,90491759934275.mockFlowFile,24B] to original
[main] DEBUG org.apache.nifi.processors.standard.RouteText - RouteText[id=38a82a0d-69fc-4d87-a6d1-ec924f6828ee] Adding new dynamic property: PropertyDescriptor[simple]
[pool-3841-thread-1] INFO org.apache.nifi.processors.standard.RouteText - RouteText[id=38a82a0d-69fc-4d87-a6d1-ec924f6828ee] Created FlowFile[3039,90491760355053.mockFlowFile,24B] from FlowFile[3038,90491760355053.mockFlowFile,24B]; routing to relationship simple
[pool-3841-thread-1] INFO org.apache.nifi.processors.standard.RouteText - RouteText[id=38a82a0d-69fc-4d87-a6d1-ec924f6828ee] Routing FlowFile[3038,90491760355053.mockFlowFile,24B] to original
[main] DEBUG org.apache.nifi.processors.standard.RouteText - RouteText[id=38a82a0d-69fc-4d87-a6d1-ec924f6828ee] Adding new dynamic property: PropertyDescriptor[simple]
[pool-3842-thread-1] INFO org.apache.nifi.processors.standard.RouteText - RouteText[id=38a82a0d-69fc-4d87-a6d1-ec924f6828ee] Created FlowFile[3041,90491760782066.mockFlowFile,24B] from FlowFile[3040,90491760782066.mockFlowFile,24B]; routing to relationship simple
[pool-3842-thread-1] INFO org.apache.nifi.processors.standard.RouteText - RouteText[id=38a82a0d-69fc-4d87-a6d1-ec924f6828ee] Routing FlowFile[3040,90491760782066.mockFlowFile,24B] to original
[main] DEBUG org.apache.nifi.processors.standard.RouteText - RouteText[id=38a82a0d-69fc-4d87-a6d1-ec924f6828ee] Adding new dynamic property: PropertyDescriptor[simple]
[pool-3843-thread-1] INFO org.apache.nifi.processors.standard.RouteText - RouteText[id=38a82a0d-69fc-4d87-a6d1-ec924f6828ee] Created FlowFile[3043,90491761191176.mockFlowFile,24B] from FlowFile[3042,90491761191176.mockFlowFile,24B]; routing to relationship simple
[pool-3843-thread-1] INFO org.apache.nifi.processors.standard.RouteText - RouteText[id=38a82a0d-69fc-4d87-a6d1-ec924f6828ee] Routing FlowFile[3042,90491761191176.mockFlowFile,24B] to original
[main] DEBUG org.apache.nifi.processors.standard.RouteText - RouteText[id=38a82a0d-69fc-4d87-a6d1-ec924f6828ee] Adding new dynamic property: PropertyDescriptor[simple]
[pool-3844-thread-1] INFO org.apache.nifi.processors.standard.RouteText - RouteText[id=38a82a0d-69fc-4d87-a6d1-ec924f6828ee] Created FlowFile[3045,90491761627759.mockFlowFile,24B] from FlowFile[3044,90491761627759.mockFlowFile,24B]; routing to relationship simple
[pool-3844-thread-1] INFO org.apache.nifi.processors.standard.RouteText - RouteText[id=38a82a0d-69fc-4d87-a6d1-ec924f6828ee] Routing FlowFile[3044,90491761627759.mockFlowFile,24B] to original
[main] DEBUG org.apache.nifi.processors.standard.RouteText - RouteText[id=38a82a0d-69fc-4d87-a6d1-ec924f6828ee] Adding new dynamic property: PropertyDescriptor[simple]
[pool-3845-thread-1] INFO org.apache.nifi.processors.standard.RouteText - RouteText[id=38a82a0d-69fc-4d87-a6d1-ec924f6828ee] Created FlowFile[3047,90491762123316.mockFlowFile,24B] from FlowFile[3046,90491762123316.mockFlowFile,24B]; routing to relationship simple
[pool-3845-thread-1] INFO org.apache.nifi.processors.standard.RouteText - RouteText[id=38a82a0d-69fc-4d87-a6d1-ec924f6828ee] Routing FlowFile[3046,90491762123316.mockFlowFile,24B] to original
[main] DEBUG org.apache.nifi.processors.standard.RouteText - RouteText[id=38a82a0d-69fc-4d87-a6d1-ec924f6828ee] Adding new dynamic property: PropertyDescriptor[simple]
[pool-3846-thread-1] INFO org.apache.nifi.processors.standard.RouteText - RouteText[id=38a82a0d-69fc-4d87-a6d1-ec924f6828ee] Created FlowFile[3049,90491762584887.mockFlowFile,24B] from FlowFile[3048,90491762584887.mockFlowFile,24B]; routing to relationship simple
[pool-3846-thread-1] INFO org.apache.nifi.processors.standard.RouteText - RouteText[id=38a82a0d-69fc-4d87-a6d1-ec924f6828ee] Routing FlowFile[3048,90491762584887.mockFlowFile,24B] to original
[main] DEBUG org.apache.nifi.processors.standard.RouteText - RouteText[id=38a82a0d-69fc-4d87-a6d1-ec924f6828ee] Adding new dynamic property: PropertyDescriptor[simple]
[pool-3847-thread-1] INFO org.apache.nifi.processors.standard.RouteText - RouteText[id=38a82a0d-69fc-4d87-a6d1-ec924f6828ee] Created FlowFile[3051,90491763022066.mockFlowFile,24B] from FlowFile[3050,90491763022066.mockFlowFile,24B]; routing to relationship simple
[pool-3847-thread-1] INFO org.apache.nifi.processors.standard.RouteText - RouteText[id=38a82a0d-69fc-4d87-a6d1-ec924f6828ee] Routing FlowFile[3050,90491763022066.mockFlowFile,24B] to original
[main] DEBUG org.apache.nifi.processors.standard.RouteText - RouteText[id=38a82a0d-69fc-4d87-a6d1-ec924f6828ee] Adding new dynamic property: PropertyDescriptor[simple]
[pool-3848-thread-1] INFO org.apache.nifi.processors.standard.RouteText - RouteText[id=38a82a0d-69fc-4d87-a6d1-ec924f6828ee] Created FlowFile[3053,90491763466972.mockFlowFile,24B] from FlowFile[3052,90491763466972.mockFlowFile,24B]; routing to relationship simple
[pool-3848-thread-1] INFO org.apache.nifi.processors.standard.RouteText - RouteText[id=38a82a0d-69fc-4d87-a6d1-ec924f6828ee] Routing FlowFile[3052,90491763466972.mockFlowFile,24B] to original
[main] DEBUG org.apache.nifi.processors.standard.RouteText - RouteText[id=38a82a0d-69fc-4d87-a6d1-ec924f6828ee] Adding new dynamic property: PropertyDescriptor[simple]
[pool-3849-thread-1] INFO org.apache.nifi.processors.standard.RouteText - RouteText[id=38a82a0d-69fc-4d87-a6d1-ec924f6828ee] Created FlowFile[3055,90491763908819.mockFlowFile,24B] from FlowFile[3054,90491763908819.mockFlowFile,24B]; routing to relationship simple
[pool-3849-thread-1] INFO org.apache.nifi.processors.standard.RouteText - RouteText[id=38a82a0d-69fc-4d87-a6d1-ec924f6828ee] Routing FlowFile[3054,90491763908819.mockFlowFile,24B] to original
[main] DEBUG org.apache.nifi.processors.standard.RouteText - RouteText[id=38a82a0d-69fc-4d87-a6d1-ec924f6828ee] Adding new dynamic property: PropertyDescriptor[simple]
[pool-3850-thread-1] INFO org.apache.nifi.processors.standard.RouteText - RouteText[id=38a82a0d-69fc-4d87-a6d1-ec924f6828ee] Created FlowFile[3057,90491764375561.mockFlowFile,24B] from FlowFile[3056,90491764375561.mockFlowFile,24B]; routing to relationship simple
[pool-3850-thread-1] INFO org.apache.nifi.processors.standard.RouteText - RouteText[id=38a82a0d-69fc-4d87-a6d1-ec924f6828ee] Routing FlowFile[3056,90491764375561.mockFlowFile,24B] to original
[main] DEBUG org.apache.nifi.processors.standard.RouteText - RouteText[id=38a82a0d-69fc-4d87-a6d1-ec924f6828ee] Adding new dynamic property: PropertyDescriptor[simple]
[pool-3851-thread-1] INFO org.apache.nifi.processors.standard.RouteText - RouteText[id=38a82a0d-69fc-4d87-a6d1-ec924f6828ee] Created FlowFile[3059,90491764817900.mockFlowFile,24B] from FlowFile[3058,90491764817900.mockFlowFile,24B]; routing to relationship simple
[pool-3851-thread-1] INFO org.apache.nifi.processors.standard.RouteText - RouteText[id=38a82a0d-69fc-4d87-a6d1-ec924f6828ee] Routing FlowFile[3058,90491764817900.mockFlowFile,24B] to original
[main] DEBUG org.apache.nifi.processors.standard.RouteText - RouteText[id=38a82a0d-69fc-4d87-a6d1-ec924f6828ee] Adding new dynamic property: PropertyDescriptor[simple]
[pool-3852-thread-1] INFO org.apache.nifi.processors.standard.RouteText - RouteText[id=38a82a0d-69fc-4d87-a6d1-ec924f6828ee] Created FlowFile[3061,90491765214126.mockFlowFile,24B] from FlowFile[3060,90491765214126.mockFlowFile,24B]; routing to relationship simple
[pool-3852-thread-1] INFO org.apache.nifi.processors.standard.RouteText - RouteText[id=38a82a0d-69fc-4d87-a6d1-ec924f6828ee] Routing FlowFile[3060,90491765214126.mockFlowFile,24B] to original
[main] DEBUG org.apache.nifi.processors.standard.RouteText - RouteText[id=38a82a0d-69fc-4d87-a6d1-ec924f6828ee] Adding new dynamic property: PropertyDescriptor[simple]
[pool-3853-thread-1] INFO org.apache.nifi.processors.standard.RouteText - RouteText[id=38a82a0d-69fc-4d87-a6d1-ec924f6828ee] Created FlowFile[3063,90491765586922.mockFlowFile,24B] from FlowFile[3062,90491765586922.mockFlowFile,24B]; routing to relationship simple
[pool-3853-thread-1] INFO org.apache.nifi.processors.standard.RouteText - RouteText[id=38a82a0d-69fc-4d87-a6d1-ec924f6828ee] Routing FlowFile[3062,90491765586922.mockFlowFile,24B] to original
[main] DEBUG org.apache.nifi.processors.standard.RouteText - RouteText[id=38a82a0d-69fc-4d87-a6d1-ec924f6828ee] Adding new dynamic property: PropertyDescriptor[simple]
[pool-3854-thread-1] INFO org.apache.nifi.processors.standard.RouteText - RouteText[id=38a82a0d-69fc-4d87-a6d1-ec924f6828ee] Created FlowFile[3065,90491766050091.mockFlowFile,24B] from FlowFile[3064,90491766050091.mockFlowFile,24B]; routing to relationship simple
[pool-3854-thread-1] INFO org.apache.nifi.processors.standard.RouteText - RouteText[id=38a82a0d-69fc-4d87-a6d1-ec924f6828ee] Routing FlowFile[3064,90491766050091.mockFlowFile,24B] to original
[main] DEBUG org.apache.nifi.processors.standard.RouteText - RouteText[id=38a82a0d-69fc-4d87-a6d1-ec924f6828ee] Adding new dynamic property: PropertyDescriptor[simple]
[pool-3855-thread-1] INFO org.apache.nifi.processors.standard.RouteText - RouteText[id=38a82a0d-69fc-4d87-a6d1-ec924f6828ee] Created FlowFile[3067,90491766469469.mockFlowFile,24B] from FlowFile[3066,90491766469469.mockFlowFile,24B]; routing to relationship simple
[pool-3855-thread-1] INFO org.apache.nifi.processors.standard.RouteText - RouteText[id=38a82a0d-69fc-4d87-a6d1-ec924f6828ee] Routing FlowFile[3066,90491766469469.mockFlowFile,24B] to original
[main] DEBUG org.apache.nifi.processors.standard.RouteText - RouteText[id=38a82a0d-69fc-4d87-a6d1-ec924f6828ee] Adding new dynamic property: PropertyDescriptor[simple]
[pool-3856-thread-1] INFO org.apache.nifi.processors.standard.RouteText - RouteText[id=38a82a0d-69fc-4d87-a6d1-ec924f6828ee] Created FlowFile[3069,90491766886553.mockFlowFile,24B] from FlowFile[3068,90491766886553.mockFlowFile,24B]; routing to relationship simple
[pool-3856-thread-1] INFO org.apache.nifi.processors.standard.RouteText - RouteText[id=38a82a0d-69fc-4d87-a6d1-ec924f6828ee] Routing FlowFile[3068,90491766886553.mockFlowFile,24B] to original
[main] DEBUG org.apache.nifi.processors.standard.RouteText - RouteText[id=38a82a0d-69fc-4d87-a6d1-ec924f6828ee] Adding new dynamic property: PropertyDescriptor[simple]
[pool-3857-thread-1] INFO org.apache.nifi.processors.standard.RouteText - RouteText[id=38a82a0d-69fc-4d87-a6d1-ec924f6828ee] Created FlowFile[3071,90491767294119.mockFlowFile,24B] from FlowFile[3070,90491767294119.mockFlowFile,24B]; routing to relationship simple
[pool-3857-thread-1] INFO org.apache.nifi.processors.standard.RouteText - RouteText[id=38a82a0d-69fc-4d87-a6d1-ec924f6828ee] Routing FlowFile[3070,90491767294119.mockFlowFile,24B] to original
[main] DEBUG org.apache.nifi.processors.standard.RouteText - RouteText[id=38a82a0d-69fc-4d87-a6d1-ec924f6828ee] Adding new dynamic property: PropertyDescriptor[simple]
[pool-3858-thread-1] INFO org.apache.nifi.processors.standard.RouteText - RouteText[id=38a82a0d-69fc-4d87-a6d1-ec924f6828ee] Created FlowFile[3073,90491767692081.mockFlowFile,24B] from FlowFile[3072,90491767692081.mockFlowFile,24B]; routing to relationship simple
[pool-3858-thread-1] INFO org.apache.nifi.processors.standard.RouteText - RouteText[id=38a82a0d-69fc-4d87-a6d1-ec924f6828ee] Routing FlowFile[3072,90491767692081.mockFlowFile,24B] to original
[main] DEBUG org.apache.nifi.processors.standard.RouteText - RouteText[id=38a82a0d-69fc-4d87-a6d1-ec924f6828ee] Adding new dynamic property: PropertyDescriptor[simple]
[pool-3859-thread-1] INFO org.apache.nifi.processors.standard.RouteText - RouteText[id=38a82a0d-69fc-4d87-a6d1-ec924f6828ee] Created FlowFile[3075,90491768085172.mockFlowFile,24B] from FlowFile[3074,90491768085172.mockFlowFile,24B]; routing to relationship simple
[pool-3859-thread-1] INFO org.apache.nifi.processors.standard.RouteText - RouteText[id=38a82a0d-69fc-4d87-a6d1-ec924f6828ee] Routing FlowFile[3074,90491768085172.mockFlowFile,24B] to original
[main] DEBUG org.apache.nifi.processors.standard.RouteText - RouteText[id=38a82a0d-69fc-4d87-a6d1-ec924f6828ee] Adding new dynamic property: PropertyDescriptor[simple]
[pool-3860-thread-1] INFO org.apache.nifi.processors.standard.RouteText - RouteText[id=38a82a0d-69fc-4d87-a6d1-ec924f6828ee] Created FlowFile[3077,90491768475646.mockFlowFile,24B] from FlowFile[3076,90491768475646.mockFlowFile,24B]; routing to relationship simple
[pool-3860-thread-1] INFO org.apache.nifi.processors.standard.RouteText - RouteText[id=38a82a0d-69fc-4d87-a6d1-ec924f6828ee] Routing FlowFile[3076,90491768475646.mockFlowFile,24B] to original
[main] DEBUG org.apache.nifi.processors.standard.RouteText - RouteText[id=38a82a0d-69fc-4d87-a6d1-ec924f6828ee] Adding new dynamic property: PropertyDescriptor[simple]
[pool-3861-thread-1] INFO org.apache.nifi.processors.standard.RouteText - RouteText[id=38a82a0d-69fc-4d87-a6d1-ec924f6828ee] Created FlowFile[3079,90491768860710.mockFlowFile,24B] from FlowFile[3078,90491768860710.mockFlowFile,24B]; routing to relationship simple
[pool-3861-thread-1] INFO org.apache.nifi.processors.standard.RouteText - RouteText[id=38a82a0d-69fc-4d87-a6d1-ec924f6828ee] Routing FlowFile[3078,90491768860710.mockFlowFile,24B] to original
[main] DEBUG org.apache.nifi.processors.standard.RouteText - RouteText[id=38a82a0d-69fc-4d87-a6d1-ec924f6828ee] Adding new dynamic property: PropertyDescriptor[simple]
[pool-3862-thread-1] INFO org.apache.nifi.processors.standard.RouteText - RouteText[id=38a82a0d-69fc-4d87-a6d1-ec924f6828ee] Created FlowFile[3081,90491769248181.mockFlowFile,24B] from FlowFile[3080,90491769248181.mockFlowFile,24B]; routing to relationship simple
[pool-3862-thread-1] INFO org.apache.nifi.processors.standard.RouteText - RouteText[id=38a82a0d-69fc-4d87-a6d1-ec924f6828ee] Routing FlowFile[3080,90491769248181.mockFlowFile,24B] to original
[main] DEBUG org.apache.nifi.processors.standard.RouteText - RouteText[id=38a82a0d-69fc-4d87-a6d1-ec924f6828ee] Adding new dynamic property: PropertyDescriptor[simple]
[pool-3863-thread-1] INFO org.apache.nifi.processors.standard.RouteText - RouteText[id=38a82a0d-69fc-4d87-a6d1-ec924f6828ee] Created FlowFile[3083,90491769625161.mockFlowFile,24B] from FlowFile[3082,90491769625161.mockFlowFile,24B]; routing to relationship simple
[pool-3863-thread-1] INFO org.apache.nifi.processors.standard.RouteText - RouteText[id=38a82a0d-69fc-4d87-a6d1-ec924f6828ee] Routing FlowFile[3082,90491769625161.mockFlowFile,24B] to original
[main] DEBUG org.apache.nifi.processors.standard.RouteText - RouteText[id=38a82a0d-69fc-4d87-a6d1-ec924f6828ee] Adding new dynamic property: PropertyDescriptor[simple]
[pool-3864-thread-1] INFO org.apache.nifi.processors.standard.RouteText - RouteText[id=38a82a0d-69fc-4d87-a6d1-ec924f6828ee] Created FlowFile[3085,90491769997421.mockFlowFile,24B] from FlowFile[3084,90491769997421.mockFlowFile,24B]; routing to relationship simple
[pool-3864-thread-1] INFO org.apache.nifi.processors.standard.RouteText - RouteText[id=38a82a0d-69fc-4d87-a6d1-ec924f6828ee] Routing FlowFile[3084,90491769997421.mockFlowFile,24B] to original
[main] DEBUG org.apache.nifi.processors.standard.RouteText - RouteText[id=38a82a0d-69fc-4d87-a6d1-ec924f6828ee] Adding new dynamic property: PropertyDescriptor[simple]
[pool-3865-thread-1] INFO org.apache.nifi.processors.standard.RouteText - RouteText[id=38a82a0d-69fc-4d87-a6d1-ec924f6828ee] Created FlowFile[3087,90491770367199.mockFlowFile,24B] from FlowFile[3086,90491770367199.mockFlowFile,24B]; routing to relationship simple
[pool-3865-thread-1] INFO org.apache.nifi.processors.standard.RouteText - RouteText[id=38a82a0d-69fc-4d87-a6d1-ec924f6828ee] Routing FlowFile[3086,90491770367199.mockFlowFile,24B] to original
[main] DEBUG org.apache.nifi.processors.standard.RouteText - RouteText[id=38a82a0d-69fc-4d87-a6d1-ec924f6828ee] Adding new dynamic property: PropertyDescriptor[simple]
[pool-3866-thread-1] INFO org.apache.nifi.processors.standard.RouteText - RouteText[id=38a82a0d-69fc-4d87-a6d1-ec924f6828ee] Created FlowFile[3089,90491770769810.mockFlowFile,24B] from FlowFile[3088,90491770769810.mockFlowFile,24B]; routing to relationship simple
[pool-3866-thread-1] INFO org.apache.nifi.processors.standard.RouteText - RouteText[id=38a82a0d-69fc-4d87-a6d1-ec924f6828ee] Routing FlowFile[3088,90491770769810.mockFlowFile,24B] to original
[main] DEBUG org.apache.nifi.processors.standard.RouteText - RouteText[id=38a82a0d-69fc-4d87-a6d1-ec924f6828ee] Adding new dynamic property: PropertyDescriptor[simple]
[pool-3867-thread-1] INFO org.apache.nifi.processors.standard.RouteText - RouteText[id=38a82a0d-69fc-4d87-a6d1-ec924f6828ee] Created FlowFile[3091,90491771157077.mockFlowFile,24B] from FlowFile[3090,90491771157077.mockFlowFile,24B]; routing to relationship simple
[pool-3867-thread-1] INFO org.apache.nifi.processors.standard.RouteText - RouteText[id=38a82a0d-69fc-4d87-a6d1-ec924f6828ee] Routing FlowFile[3090,90491771157077.mockFlowFile,24B] to original
[main] DEBUG org.apache.nifi.processors.standard.RouteText - RouteText[id=38a82a0d-69fc-4d87-a6d1-ec924f6828ee] Adding new dynamic property: PropertyDescriptor[simple]
[pool-3868-thread-1] INFO org.apache.nifi.processors.standard.RouteText - RouteText[id=38a82a0d-69fc-4d87-a6d1-ec924f6828ee] Created FlowFile[3093,90491771539153.mockFlowFile,24B] from FlowFile[3092,90491771539153.mockFlowFile,24B]; routing to relationship simple
[pool-3868-thread-1] INFO org.apache.nifi.processors.standard.RouteText - RouteText[id=38a82a0d-69fc-4d87-a6d1-ec924f6828ee] Routing FlowFile[3092,90491771539153.mockFlowFile,24B] to original
[main] DEBUG org.apache.nifi.processors.standard.RouteText - RouteText[id=38a82a0d-69fc-4d87-a6d1-ec924f6828ee] Adding new dynamic property: PropertyDescriptor[simple]
[pool-3869-thread-1] INFO org.apache.nifi.processors.standard.RouteText - RouteText[id=38a82a0d-69fc-4d87-a6d1-ec924f6828ee] Created FlowFile[3095,90491771910199.mockFlowFile,24B] from FlowFile[3094,90491771910199.mockFlowFile,24B]; routing to relationship simple
[pool-3869-thread-1] INFO org.apache.nifi.processors.standard.RouteText - RouteText[id=38a82a0d-69fc-4d87-a6d1-ec924f6828ee] Routing FlowFile[3094,90491771910199.mockFlowFile,24B] to original
[main] DEBUG org.apache.nifi.processors.standard.RouteText - RouteText[id=38a82a0d-69fc-4d87-a6d1-ec924f6828ee] Adding new dynamic property: PropertyDescriptor[simple]
[pool-3870-thread-1] INFO org.apache.nifi.processors.standard.RouteText - RouteText[id=38a82a0d-69fc-4d87-a6d1-ec924f6828ee] Created FlowFile[3097,90491772298534.mockFlowFile,24B] from FlowFile[3096,90491772298534.mockFlowFile,24B]; routing to relationship simple
[pool-3870-thread-1] INFO org.apache.nifi.processors.standard.RouteText - RouteText[id=38a82a0d-69fc-4d87-a6d1-ec924f6828ee] Routing FlowFile[3096,90491772298534.mockFlowFile,24B] to original
[main] DEBUG org.apache.nifi.processors.standard.RouteText - RouteText[id=38a82a0d-69fc-4d87-a6d1-ec924f6828ee] Adding new dynamic property: PropertyDescriptor[simple]
[pool-3871-thread-1] INFO org.apache.nifi.processors.standard.RouteText - RouteText[id=38a82a0d-69fc-4d87-a6d1-ec924f6828ee] Created FlowFile[3099,90491772710631.mockFlowFile,24B] from FlowFile[3098,90491772710631.mockFlowFile,24B]; routing to relationship simple
[pool-3871-thread-1] INFO org.apache.nifi.processors.standard.RouteText - RouteText[id=38a82a0d-69fc-4d87-a6d1-ec924f6828ee] Routing FlowFile[3098,90491772710631.mockFlowFile,24B] to original
[main] DEBUG org.apache.nifi.processors.standard.RouteText - RouteText[id=38a82a0d-69fc-4d87-a6d1-ec924f6828ee] Adding new dynamic property: PropertyDescriptor[simple]
[pool-3872-thread-1] INFO org.apache.nifi.processors.standard.RouteText - RouteText[id=38a82a0d-69fc-4d87-a6d1-ec924f6828ee] Created FlowFile[3101,90491773104795.mockFlowFile,24B] from FlowFile[3100,90491773104795.mockFlowFile,24B]; routing to relationship simple
[pool-3872-thread-1] INFO org.apache.nifi.processors.standard.RouteText - RouteText[id=38a82a0d-69fc-4d87-a6d1-ec924f6828ee] Routing FlowFile[3100,90491773104795.mockFlowFile,24B] to original
[main] DEBUG org.apache.nifi.processors.standard.RouteText - RouteText[id=38a82a0d-69fc-4d87-a6d1-ec924f6828ee] Adding new dynamic property: PropertyDescriptor[simple]
[pool-3873-thread-1] INFO org.apache.nifi.processors.standard.RouteText - RouteText[id=38a82a0d-69fc-4d87-a6d1-ec924f6828ee] Created FlowFile[3103,90491773511563.mockFlowFile,24B] from FlowFile[3102,90491773511563.mockFlowFile,24B]; routing to relationship simple
[pool-3873-thread-1] INFO org.apache.nifi.processors.standard.RouteText - RouteText[id=38a82a0d-69fc-4d87-a6d1-ec924f6828ee] Routing FlowFile[3102,90491773511563.mockFlowFile,24B] to original
[main] DEBUG org.apache.nifi.processors.standard.RouteText - RouteText[id=38a82a0d-69fc-4d87-a6d1-ec924f6828ee] Adding new dynamic property: PropertyDescriptor[simple]
[pool-3874-thread-1] INFO org.apache.nifi.processors.standard.RouteText - RouteText[id=38a82a0d-69fc-4d87-a6d1-ec924f6828ee] Created FlowFile[3105,90491773912538.mockFlowFile,24B] from FlowFile[3104,90491773912538.mockFlowFile,24B]; routing to relationship simple
[pool-3874-thread-1] INFO org.apache.nifi.processors.standard.RouteText - RouteText[id=38a82a0d-69fc-4d87-a6d1-ec924f6828ee] Routing FlowFile[3104,90491773912538.mockFlowFile,24B] to original
[main] DEBUG org.apache.nifi.processors.standard.RouteText - RouteText[id=38a82a0d-69fc-4d87-a6d1-ec924f6828ee] Adding new dynamic property: PropertyDescriptor[simple]
[pool-3875-thread-1] INFO org.apache.nifi.processors.standard.RouteText - RouteText[id=38a82a0d-69fc-4d87-a6d1-ec924f6828ee] Created FlowFile[3107,90491774309722.mockFlowFile,24B] from FlowFile[3106,90491774309722.mockFlowFile,24B]; routing to relationship simple
[pool-3875-thread-1] INFO org.apache.nifi.processors.standard.RouteText - RouteText[id=38a82a0d-69fc-4d87-a6d1-ec924f6828ee] Routing FlowFile[3106,90491774309722.mockFlowFile,24B] to original
[main] DEBUG org.apache.nifi.processors.standard.RouteText - RouteText[id=38a82a0d-69fc-4d87-a6d1-ec924f6828ee] Adding new dynamic property: PropertyDescriptor[simple]
[pool-3876-thread-1] INFO org.apache.nifi.processors.standard.RouteText - RouteText[id=38a82a0d-69fc-4d87-a6d1-ec924f6828ee] Created FlowFile[3109,90491774707087.mockFlowFile,24B] from FlowFile[3108,90491774707087.mockFlowFile,24B]; routing to relationship simple
[pool-3876-thread-1] INFO org.apache.nifi.processors.standard.RouteText - RouteText[id=38a82a0d-69fc-4d87-a6d1-ec924f6828ee] Routing FlowFile[3108,90491774707087.mockFlowFile,24B] to original
[main] DEBUG org.apache.nifi.processors.standard.RouteText - RouteText[id=38a82a0d-69fc-4d87-a6d1-ec924f6828ee] Adding new dynamic property: PropertyDescriptor[simple]
[pool-3877-thread-1] INFO org.apache.nifi.processors.standard.RouteText - RouteText[id=38a82a0d-69fc-4d87-a6d1-ec924f6828ee] Created FlowFile[3111,90491775118744.mockFlowFile,24B] from FlowFile[3110,90491775118744.mockFlowFile,24B]; routing to relationship simple
[pool-3877-thread-1] INFO org.apache.nifi.processors.standard.RouteText - RouteText[id=38a82a0d-69fc-4d87-a6d1-ec924f6828ee] Routing FlowFile[3110,90491775118744.mockFlowFile,24B] to original
[main] DEBUG org.apache.nifi.processors.standard.RouteText - RouteText[id=38a82a0d-69fc-4d87-a6d1-ec924f6828ee] Adding new dynamic property: PropertyDescriptor[simple]
[pool-3878-thread-1] INFO org.apache.nifi.processors.standard.RouteText - RouteText[id=38a82a0d-69fc-4d87-a6d1-ec924f6828ee] Created FlowFile[3113,90491775536175.mockFlowFile,24B] from FlowFile[3112,90491775536175.mockFlowFile,24B]; routing to relationship simple
[pool-3878-thread-1] INFO org.apache.nifi.processors.standard.RouteText - RouteText[id=38a82a0d-69fc-4d87-a6d1-ec924f6828ee] Routing FlowFile[3112,90491775536175.mockFlowFile,24B] to original
[main] DEBUG org.apache.nifi.processors.standard.RouteText - RouteText[id=38a82a0d-69fc-4d87-a6d1-ec924f6828ee] Adding new dynamic property: PropertyDescriptor[simple]
[pool-3879-thread-1] INFO org.apache.nifi.processors.standard.RouteText - RouteText[id=38a82a0d-69fc-4d87-a6d1-ec924f6828ee] Created FlowFile[3115,90491775952011.mockFlowFile,24B] from FlowFile[3114,90491775952011.mockFlowFile,24B]; routing to relationship simple
[pool-3879-thread-1] INFO org.apache.nifi.processors.standard.RouteText - RouteText[id=38a82a0d-69fc-4d87-a6d1-ec924f6828ee] Routing FlowFile[3114,90491775952011.mockFlowFile,24B] to original
[main] DEBUG org.apache.nifi.processors.standard.RouteText - RouteText[id=38a82a0d-69fc-4d87-a6d1-ec924f6828ee] Adding new dynamic property: PropertyDescriptor[simple]
[pool-3880-thread-1] INFO org.apache.nifi.processors.standard.RouteText - RouteText[id=38a82a0d-69fc-4d87-a6d1-ec924f6828ee] Created FlowFile[3117,90491776384194.mockFlowFile,24B] from FlowFile[3116,90491776384194.mockFlowFile,24B]; routing to relationship simple
[pool-3880-thread-1] INFO org.apache.nifi.processors.standard.RouteText - RouteText[id=38a82a0d-69fc-4d87-a6d1-ec924f6828ee] Routing FlowFile[3116,90491776384194.mockFlowFile,24B] to original
[main] DEBUG org.apache.nifi.processors.standard.RouteText - RouteText[id=38a82a0d-69fc-4d87-a6d1-ec924f6828ee] Adding new dynamic property: PropertyDescriptor[simple]
[pool-3881-thread-1] INFO org.apache.nifi.processors.standard.RouteText - RouteText[id=38a82a0d-69fc-4d87-a6d1-ec924f6828ee] Created FlowFile[3119,90491776794630.mockFlowFile,24B] from FlowFile[3118,90491776794630.mockFlowFile,24B]; routing to relationship simple
[pool-3881-thread-1] INFO org.apache.nifi.processors.standard.RouteText - RouteText[id=38a82a0d-69fc-4d87-a6d1-ec924f6828ee] Routing FlowFile[3118,90491776794630.mockFlowFile,24B] to original
[main] DEBUG org.apache.nifi.processors.standard.RouteText - RouteText[id=38a82a0d-69fc-4d87-a6d1-ec924f6828ee] Adding new dynamic property: PropertyDescriptor[simple]
[pool-3882-thread-1] INFO org.apache.nifi.processors.standard.RouteText - RouteText[id=38a82a0d-69fc-4d87-a6d1-ec924f6828ee] Created FlowFile[3121,90491777209664.mockFlowFile,24B] from FlowFile[3120,90491777209664.mockFlowFile,24B]; routing to relationship simple
[pool-3882-thread-1] INFO org.apache.nifi.processors.standard.RouteText - RouteText[id=38a82a0d-69fc-4d87-a6d1-ec924f6828ee] Routing FlowFile[3120,90491777209664.mockFlowFile,24B] to original
[main] DEBUG org.apache.nifi.processors.standard.RouteText - RouteText[id=38a82a0d-69fc-4d87-a6d1-ec924f6828ee] Adding new dynamic property: PropertyDescriptor[simple]
[pool-3883-thread-1] INFO org.apache.nifi.processors.standard.RouteText - RouteText[id=38a82a0d-69fc-4d87-a6d1-ec924f6828ee] Created FlowFile[3123,90491777616287.mockFlowFile,24B] from FlowFile[3122,90491777616287.mockFlowFile,24B]; routing to relationship simple
[pool-3883-thread-1] INFO org.apache.nifi.processors.standard.RouteText - RouteText[id=38a82a0d-69fc-4d87-a6d1-ec924f6828ee] Routing FlowFile[3122,90491777616287.mockFlowFile,24B] to original
[main] DEBUG org.apache.nifi.processors.standard.RouteText - RouteText[id=38a82a0d-69fc-4d87-a6d1-ec924f6828ee] Adding new dynamic property: PropertyDescriptor[simple]
[pool-3884-thread-1] INFO org.apache.nifi.processors.standard.RouteText - RouteText[id=38a82a0d-69fc-4d87-a6d1-ec924f6828ee] Created FlowFile[3125,90491778035618.mockFlowFile,24B] from FlowFile[3124,90491778035618.mockFlowFile,24B]; routing to relationship simple
[pool-3884-thread-1] INFO org.apache.nifi.processors.standard.RouteText - RouteText[id=38a82a0d-69fc-4d87-a6d1-ec924f6828ee] Routing FlowFile[3124,90491778035618.mockFlowFile,24B] to original
[main] DEBUG org.apache.nifi.processors.standard.RouteText - RouteText[id=38a82a0d-69fc-4d87-a6d1-ec924f6828ee] Adding new dynamic property: PropertyDescriptor[simple]
[pool-3885-thread-1] INFO org.apache.nifi.processors.standard.RouteText - RouteText[id=38a82a0d-69fc-4d87-a6d1-ec924f6828ee] Created FlowFile[3127,90491778448016.mockFlowFile,24B] from FlowFile[3126,90491778448016.mockFlowFile,24B]; routing to relationship simple
[pool-3885-thread-1] INFO org.apache.nifi.processors.standard.RouteText - RouteText[id=38a82a0d-69fc-4d87-a6d1-ec924f6828ee] Routing FlowFile[3126,90491778448016.mockFlowFile,24B] to original
[main] DEBUG org.apache.nifi.processors.standard.RouteText - RouteText[id=38a82a0d-69fc-4d87-a6d1-ec924f6828ee] Adding new dynamic property: PropertyDescriptor[simple]
[pool-3886-thread-1] INFO org.apache.nifi.processors.standard.RouteText - RouteText[id=38a82a0d-69fc-4d87-a6d1-ec924f6828ee] Created FlowFile[3129,90491778863299.mockFlowFile,24B] from FlowFile[3128,90491778863299.mockFlowFile,24B]; routing to relationship simple
[pool-3886-thread-1] INFO org.apache.nifi.processors.standard.RouteText - RouteText[id=38a82a0d-69fc-4d87-a6d1-ec924f6828ee] Routing FlowFile[3128,90491778863299.mockFlowFile,24B] to original
[main] DEBUG org.apache.nifi.processors.standard.RouteText - RouteText[id=38a82a0d-69fc-4d87-a6d1-ec924f6828ee] Adding new dynamic property: PropertyDescriptor[simple]
[pool-3887-thread-1] INFO org.apache.nifi.processors.standard.RouteText - RouteText[id=38a82a0d-69fc-4d87-a6d1-ec924f6828ee] Created FlowFile[3131,90491779276974.mockFlowFile,24B] from FlowFile[3130,90491779276974.mockFlowFile,24B]; routing to relationship simple
[pool-3887-thread-1] INFO org.apache.nifi.processors.standard.RouteText - RouteText[id=38a82a0d-69fc-4d87-a6d1-ec924f6828ee] Routing FlowFile[3130,90491779276974.mockFlowFile,24B] to original
[main] DEBUG org.apache.nifi.processors.standard.RouteText - RouteText[id=38a82a0d-69fc-4d87-a6d1-ec924f6828ee] Adding new dynamic property: PropertyDescriptor[simple]
[pool-3888-thread-1] INFO org.apache.nifi.processors.standard.RouteText - RouteText[id=38a82a0d-69fc-4d87-a6d1-ec924f6828ee] Created FlowFile[3133,90491779688092.mockFlowFile,24B] from FlowFile[3132,90491779688092.mockFlowFile,24B]; routing to relationship simple
[pool-3888-thread-1] INFO org.apache.nifi.processors.standard.RouteText - RouteText[id=38a82a0d-69fc-4d87-a6d1-ec924f6828ee] Routing FlowFile[3132,90491779688092.mockFlowFile,24B] to original
[main] DEBUG org.apache.nifi.processors.standard.RouteText - RouteText[id=38a82a0d-69fc-4d87-a6d1-ec924f6828ee] Adding new dynamic property: PropertyDescriptor[simple]
[pool-3889-thread-1] INFO org.apache.nifi.processors.standard.RouteText - RouteText[id=38a82a0d-69fc-4d87-a6d1-ec924f6828ee] Created FlowFile[3135,90491780086627.mockFlowFile,24B] from FlowFile[3134,90491780086627.mockFlowFile,24B]; routing to relationship simple
[pool-3889-thread-1] INFO org.apache.nifi.processors.standard.RouteText - RouteText[id=38a82a0d-69fc-4d87-a6d1-ec924f6828ee] Routing FlowFile[3134,90491780086627.mockFlowFile,24B] to original
[main] DEBUG org.apache.nifi.processors.standard.RouteText - RouteText[id=38a82a0d-69fc-4d87-a6d1-ec924f6828ee] Adding new dynamic property: PropertyDescriptor[simple]
[pool-3890-thread-1] INFO org.apache.nifi.processors.standard.RouteText - RouteText[id=38a82a0d-69fc-4d87-a6d1-ec924f6828ee] Created FlowFile[3137,90491780470830.mockFlowFile,24B] from FlowFile[3136,90491780470830.mockFlowFile,24B]; routing to relationship simple
[pool-3890-thread-1] INFO org.apache.nifi.processors.standard.RouteText - RouteText[id=38a82a0d-69fc-4d87-a6d1-ec924f6828ee] Routing FlowFile[3136,90491780470830.mockFlowFile,24B] to original
[main] DEBUG org.apache.nifi.processors.standard.RouteText - RouteText[id=38a82a0d-69fc-4d87-a6d1-ec924f6828ee] Adding new dynamic property: PropertyDescriptor[simple]
[pool-3891-thread-1] INFO org.apache.nifi.processors.standard.RouteText - RouteText[id=38a82a0d-69fc-4d87-a6d1-ec924f6828ee] Created FlowFile[3139,90491780857393.mockFlowFile,24B] from FlowFile[3138,90491780857393.mockFlowFile,24B]; routing to relationship simple
[pool-3891-thread-1] INFO org.apache.nifi.processors.standard.RouteText - RouteText[id=38a82a0d-69fc-4d87-a6d1-ec924f6828ee] Routing FlowFile[3138,90491780857393.mockFlowFile,24B] to original
[main] DEBUG org.apache.nifi.processors.standard.RouteText - RouteText[id=38a82a0d-69fc-4d87-a6d1-ec924f6828ee] Adding new dynamic property: PropertyDescriptor[simple]
[pool-3892-thread-1] INFO org.apache.nifi.processors.standard.RouteText - RouteText[id=38a82a0d-69fc-4d87-a6d1-ec924f6828ee] Created FlowFile[3141,90491781247858.mockFlowFile,24B] from FlowFile[3140,90491781247858.mockFlowFile,24B]; routing to relationship simple
[pool-3892-thread-1] INFO org.apache.nifi.processors.standard.RouteText - RouteText[id=38a82a0d-69fc-4d87-a6d1-ec924f6828ee] Routing FlowFile[3140,90491781247858.mockFlowFile,24B] to original
[main] DEBUG org.apache.nifi.processors.standard.RouteText - RouteText[id=38a82a0d-69fc-4d87-a6d1-ec924f6828ee] Adding new dynamic property: PropertyDescriptor[simple]
[pool-3893-thread-1] INFO org.apache.nifi.processors.standard.RouteText - RouteText[id=38a82a0d-69fc-4d87-a6d1-ec924f6828ee] Created FlowFile[3143,90491781664561.mockFlowFile,24B] from FlowFile[3142,90491781664561.mockFlowFile,24B]; routing to relationship simple
[pool-3893-thread-1] INFO org.apache.nifi.processors.standard.RouteText - RouteText[id=38a82a0d-69fc-4d87-a6d1-ec924f6828ee] Routing FlowFile[3142,90491781664561.mockFlowFile,24B] to original
[main] DEBUG org.apache.nifi.processors.standard.RouteText - RouteText[id=38a82a0d-69fc-4d87-a6d1-ec924f6828ee] Adding new dynamic property: PropertyDescriptor[simple]
[pool-3894-thread-1] INFO org.apache.nifi.processors.standard.RouteText - RouteText[id=38a82a0d-69fc-4d87-a6d1-ec924f6828ee] Created FlowFile[3145,90491782088148.mockFlowFile,24B] from FlowFile[3144,90491782088148.mockFlowFile,24B]; routing to relationship simple
[pool-3894-thread-1] INFO org.apache.nifi.processors.standard.RouteText - RouteText[id=38a82a0d-69fc-4d87-a6d1-ec924f6828ee] Routing FlowFile[3144,90491782088148.mockFlowFile,24B] to original
[main] DEBUG org.apache.nifi.processors.standard.RouteText - RouteText[id=38a82a0d-69fc-4d87-a6d1-ec924f6828ee] Adding new dynamic property: PropertyDescriptor[simple]
[pool-3895-thread-1] INFO org.apache.nifi.processors.standard.RouteText - RouteText[id=38a82a0d-69fc-4d87-a6d1-ec924f6828ee] Created FlowFile[3147,90491782501011.mockFlowFile,24B] from FlowFile[3146,90491782501011.mockFlowFile,24B]; routing to relationship simple
[pool-3895-thread-1] INFO org.apache.nifi.processors.standard.RouteText - RouteText[id=38a82a0d-69fc-4d87-a6d1-ec924f6828ee] Routing FlowFile[3146,90491782501011.mockFlowFile,24B] to original
[main] DEBUG org.apache.nifi.processors.standard.RouteText - RouteText[id=38a82a0d-69fc-4d87-a6d1-ec924f6828ee] Adding new dynamic property: PropertyDescriptor[simple]
[pool-3896-thread-1] INFO org.apache.nifi.processors.standard.RouteText - RouteText[id=38a82a0d-69fc-4d87-a6d1-ec924f6828ee] Created FlowFile[3149,90491782910690.mockFlowFile,24B] from FlowFile[3148,90491782910690.mockFlowFile,24B]; routing to relationship simple
[pool-3896-thread-1] INFO org.apache.nifi.processors.standard.RouteText - RouteText[id=38a82a0d-69fc-4d87-a6d1-ec924f6828ee] Routing FlowFile[3148,90491782910690.mockFlowFile,24B] to original
[main] DEBUG org.apache.nifi.processors.standard.RouteText - RouteText[id=38a82a0d-69fc-4d87-a6d1-ec924f6828ee] Adding new dynamic property: PropertyDescriptor[simple]
[pool-3897-thread-1] INFO org.apache.nifi.processors.standard.RouteText - RouteText[id=38a82a0d-69fc-4d87-a6d1-ec924f6828ee] Created FlowFile[3151,90491783302112.mockFlowFile,24B] from FlowFile[3150,90491783302112.mockFlowFile,24B]; routing to relationship simple
[pool-3897-thread-1] INFO org.apache.nifi.processors.standard.RouteText - RouteText[id=38a82a0d-69fc-4d87-a6d1-ec924f6828ee] Routing FlowFile[3150,90491783302112.mockFlowFile,24B] to original
[main] DEBUG org.apache.nifi.processors.standard.RouteText - RouteText[id=38a82a0d-69fc-4d87-a6d1-ec924f6828ee] Adding new dynamic property: PropertyDescriptor[simple]
[pool-3898-thread-1] INFO org.apache.nifi.processors.standard.RouteText - RouteText[id=38a82a0d-69fc-4d87-a6d1-ec924f6828ee] Created FlowFile[3153,90491783723982.mockFlowFile,24B] from FlowFile[3152,90491783723982.mockFlowFile,24B]; routing to relationship simple
[pool-3898-thread-1] INFO org.apache.nifi.processors.standard.RouteText - RouteText[id=38a82a0d-69fc-4d87-a6d1-ec924f6828ee] Routing FlowFile[3152,90491783723982.mockFlowFile,24B] to original
[main] DEBUG org.apache.nifi.processors.standard.RouteText - RouteText[id=38a82a0d-69fc-4d87-a6d1-ec924f6828ee] Adding new dynamic property: PropertyDescriptor[simple]
[pool-3899-thread-1] INFO org.apache.nifi.processors.standard.RouteText - RouteText[id=38a82a0d-69fc-4d87-a6d1-ec924f6828ee] Created FlowFile[3155,90491784244708.mockFlowFile,24B] from FlowFile[3154,90491784244708.mockFlowFile,24B]; routing to relationship simple
[pool-3899-thread-1] INFO org.apache.nifi.processors.standard.RouteText - RouteText[id=38a82a0d-69fc-4d87-a6d1-ec924f6828ee] Routing FlowFile[3154,90491784244708.mockFlowFile,24B] to original
[main] DEBUG org.apache.nifi.processors.standard.RouteText - RouteText[id=38a82a0d-69fc-4d87-a6d1-ec924f6828ee] Adding new dynamic property: PropertyDescriptor[simple]
[pool-3900-thread-1] INFO org.apache.nifi.processors.standard.RouteText - RouteText[id=38a82a0d-69fc-4d87-a6d1-ec924f6828ee] Created FlowFile[3157,90491784763592.mockFlowFile,24B] from FlowFile[3156,90491784763592.mockFlowFile,24B]; routing to relationship simple
[pool-3900-thread-1] INFO org.apache.nifi.processors.standard.RouteText - RouteText[id=38a82a0d-69fc-4d87-a6d1-ec924f6828ee] Routing FlowFile[3156,90491784763592.mockFlowFile,24B] to original
[main] DEBUG org.apache.nifi.processors.standard.RouteText - RouteText[id=38a82a0d-69fc-4d87-a6d1-ec924f6828ee] Adding new dynamic property: PropertyDescriptor[simple]
[pool-3901-thread-1] INFO org.apache.nifi.processors.standard.RouteText - RouteText[id=38a82a0d-69fc-4d87-a6d1-ec924f6828ee] Created FlowFile[3159,90491785227540.mockFlowFile,24B] from FlowFile[3158,90491785227540.mockFlowFile,24B]; routing to relationship simple
[pool-3901-thread-1] INFO org.apache.nifi.processors.standard.RouteText - RouteText[id=38a82a0d-69fc-4d87-a6d1-ec924f6828ee] Routing FlowFile[3158,90491785227540.mockFlowFile,24B] to original
[main] DEBUG org.apache.nifi.processors.standard.RouteText - RouteText[id=38a82a0d-69fc-4d87-a6d1-ec924f6828ee] Adding new dynamic property: PropertyDescriptor[simple]
[pool-3902-thread-1] INFO org.apache.nifi.processors.standard.RouteText - RouteText[id=38a82a0d-69fc-4d87-a6d1-ec924f6828ee] Created FlowFile[3161,90491785600031.mockFlowFile,24B] from FlowFile[3160,90491785600031.mockFlowFile,24B]; routing to relationship simple
[pool-3902-thread-1] INFO org.apache.nifi.processors.standard.RouteText - RouteText[id=38a82a0d-69fc-4d87-a6d1-ec924f6828ee] Routing FlowFile[3160,90491785600031.mockFlowFile,24B] to original
[main] DEBUG org.apache.nifi.processors.standard.RouteText - RouteText[id=38a82a0d-69fc-4d87-a6d1-ec924f6828ee] Adding new dynamic property: PropertyDescriptor[simple]
[pool-3903-thread-1] INFO org.apache.nifi.processors.standard.RouteText - RouteText[id=38a82a0d-69fc-4d87-a6d1-ec924f6828ee] Created FlowFile[3163,90491785993041.mockFlowFile,24B] from FlowFile[3162,90491785993041.mockFlowFile,24B]; routing to relationship simple
[pool-3903-thread-1] INFO org.apache.nifi.processors.standard.RouteText - RouteText[id=38a82a0d-69fc-4d87-a6d1-ec924f6828ee] Routing FlowFile[3162,90491785993041.mockFlowFile,24B] to original
[main] DEBUG org.apache.nifi.processors.standard.RouteText - RouteText[id=38a82a0d-69fc-4d87-a6d1-ec924f6828ee] Adding new dynamic property: PropertyDescriptor[simple]
[pool-3904-thread-1] INFO org.apache.nifi.processors.standard.RouteText - RouteText[id=38a82a0d-69fc-4d87-a6d1-ec924f6828ee] Created FlowFile[3165,90491786446642.mockFlowFile,24B] from FlowFile[3164,90491786446642.mockFlowFile,24B]; routing to relationship simple
[pool-3904-thread-1] INFO org.apache.nifi.processors.standard.RouteText - RouteText[id=38a82a0d-69fc-4d87-a6d1-ec924f6828ee] Routing FlowFile[3164,90491786446642.mockFlowFile,24B] to original
[main] DEBUG org.apache.nifi.processors.standard.RouteText - RouteText[id=38a82a0d-69fc-4d87-a6d1-ec924f6828ee] Adding new dynamic property: PropertyDescriptor[simple]
[pool-3905-thread-1] INFO org.apache.nifi.processors.standard.RouteText - RouteText[id=38a82a0d-69fc-4d87-a6d1-ec924f6828ee] Created FlowFile[3167,90491786887982.mockFlowFile,24B] from FlowFile[3166,90491786887982.mockFlowFile,24B]; routing to relationship simple
[pool-3905-thread-1] INFO org.apache.nifi.processors.standard.RouteText - RouteText[id=38a82a0d-69fc-4d87-a6d1-ec924f6828ee] Routing FlowFile[3166,90491786887982.mockFlowFile,24B] to original
[main] DEBUG org.apache.nifi.processors.standard.RouteText - RouteText[id=38a82a0d-69fc-4d87-a6d1-ec924f6828ee] Adding new dynamic property: PropertyDescriptor[simple]
[pool-3906-thread-1] INFO org.apache.nifi.processors.standard.RouteText - RouteText[id=38a82a0d-69fc-4d87-a6d1-ec924f6828ee] Created FlowFile[3169,90491787389485.mockFlowFile,24B] from FlowFile[3168,90491787389485.mockFlowFile,24B]; routing to relationship simple
[pool-3906-thread-1] INFO org.apache.nifi.processors.standard.RouteText - RouteText[id=38a82a0d-69fc-4d87-a6d1-ec924f6828ee] Routing FlowFile[3168,90491787389485.mockFlowFile,24B] to original
[main] DEBUG org.apache.nifi.processors.standard.RouteText - RouteText[id=38a82a0d-69fc-4d87-a6d1-ec924f6828ee] Adding new dynamic property: PropertyDescriptor[simple]
[pool-3907-thread-1] INFO org.apache.nifi.processors.standard.RouteText - RouteText[id=38a82a0d-69fc-4d87-a6d1-ec924f6828ee] Created FlowFile[3171,90491787900401.mockFlowFile,24B] from FlowFile[3170,90491787900401.mockFlowFile,24B]; routing to relationship simple
[pool-3907-thread-1] INFO org.apache.nifi.processors.standard.RouteText - RouteText[id=38a82a0d-69fc-4d87-a6d1-ec924f6828ee] Routing FlowFile[3170,90491787900401.mockFlowFile,24B] to original
[main] DEBUG org.apache.nifi.processors.standard.RouteText - RouteText[id=38a82a0d-69fc-4d87-a6d1-ec924f6828ee] Adding new dynamic property: PropertyDescriptor[simple]
[pool-3908-thread-1] INFO org.apache.nifi.processors.standard.RouteText - RouteText[id=38a82a0d-69fc-4d87-a6d1-ec924f6828ee] Created FlowFile[3173,90491788419835.mockFlowFile,24B] from FlowFile[3172,90491788419835.mockFlowFile,24B]; routing to relationship simple
[pool-3908-thread-1] INFO org.apache.nifi.processors.standard.RouteText - RouteText[id=38a82a0d-69fc-4d87-a6d1-ec924f6828ee] Routing FlowFile[3172,90491788419835.mockFlowFile,24B] to original
[main] DEBUG org.apache.nifi.processors.standard.RouteText - RouteText[id=38a82a0d-69fc-4d87-a6d1-ec924f6828ee] Adding new dynamic property: PropertyDescriptor[simple]
[pool-3909-thread-1] INFO org.apache.nifi.processors.standard.RouteText - RouteText[id=38a82a0d-69fc-4d87-a6d1-ec924f6828ee] Created FlowFile[3175,90491788872390.mockFlowFile,24B] from FlowFile[3174,90491788872390.mockFlowFile,24B]; routing to relationship simple
[pool-3909-thread-1] INFO org.apache.nifi.processors.standard.RouteText - RouteText[id=38a82a0d-69fc-4d87-a6d1-ec924f6828ee] Routing FlowFile[3174,90491788872390.mockFlowFile,24B] to original
[main] DEBUG org.apache.nifi.processors.standard.RouteText - RouteText[id=38a82a0d-69fc-4d87-a6d1-ec924f6828ee] Adding new dynamic property: PropertyDescriptor[simple]
[pool-3910-thread-1] INFO org.apache.nifi.processors.standard.RouteText - RouteText[id=38a82a0d-69fc-4d87-a6d1-ec924f6828ee] Created FlowFile[3177,90491789291103.mockFlowFile,24B] from FlowFile[3176,90491789291103.mockFlowFile,24B]; routing to relationship simple
[pool-3910-thread-1] INFO org.apache.nifi.processors.standard.RouteText - RouteText[id=38a82a0d-69fc-4d87-a6d1-ec924f6828ee] Routing FlowFile[3176,90491789291103.mockFlowFile,24B] to original
[main] DEBUG org.apache.nifi.processors.standard.RouteText - RouteText[id=38a82a0d-69fc-4d87-a6d1-ec924f6828ee] Adding new dynamic property: PropertyDescriptor[simple]
[pool-3911-thread-1] INFO org.apache.nifi.processors.standard.RouteText - RouteText[id=38a82a0d-69fc-4d87-a6d1-ec924f6828ee] Created FlowFile[3179,90491789725371.mockFlowFile,24B] from FlowFile[3178,90491789725371.mockFlowFile,24B]; routing to relationship simple
[pool-3911-thread-1] INFO org.apache.nifi.processors.standard.RouteText - RouteText[id=38a82a0d-69fc-4d87-a6d1-ec924f6828ee] Routing FlowFile[3178,90491789725371.mockFlowFile,24B] to original
[main] DEBUG org.apache.nifi.processors.standard.RouteText - RouteText[id=38a82a0d-69fc-4d87-a6d1-ec924f6828ee] Adding new dynamic property: PropertyDescriptor[simple]
[pool-3912-thread-1] INFO org.apache.nifi.processors.standard.RouteText - RouteText[id=38a82a0d-69fc-4d87-a6d1-ec924f6828ee] Created FlowFile[3181,90491790101628.mockFlowFile,24B] from FlowFile[3180,90491790101628.mockFlowFile,24B]; routing to relationship simple
[pool-3912-thread-1] INFO org.apache.nifi.processors.standard.RouteText - RouteText[id=38a82a0d-69fc-4d87-a6d1-ec924f6828ee] Routing FlowFile[3180,90491790101628.mockFlowFile,24B] to original
[main] DEBUG org.apache.nifi.processors.standard.RouteText - RouteText[id=38a82a0d-69fc-4d87-a6d1-ec924f6828ee] Adding new dynamic property: PropertyDescriptor[simple]
[pool-3913-thread-1] INFO org.apache.nifi.processors.standard.RouteText - RouteText[id=38a82a0d-69fc-4d87-a6d1-ec924f6828ee] Created FlowFile[3183,90491790472326.mockFlowFile,24B] from FlowFile[3182,90491790472326.mockFlowFile,24B]; routing to relationship simple
[pool-3913-thread-1] INFO org.apache.nifi.processors.standard.RouteText - RouteText[id=38a82a0d-69fc-4d87-a6d1-ec924f6828ee] Routing FlowFile[3182,90491790472326.mockFlowFile,24B] to original
[main] DEBUG org.apache.nifi.processors.standard.RouteText - RouteText[id=38a82a0d-69fc-4d87-a6d1-ec924f6828ee] Adding new dynamic property: PropertyDescriptor[simple]
[pool-3914-thread-1] INFO org.apache.nifi.processors.standard.RouteText - RouteText[id=38a82a0d-69fc-4d87-a6d1-ec924f6828ee] Created FlowFile[3185,90491790849837.mockFlowFile,24B] from FlowFile[3184,90491790849837.mockFlowFile,24B]; routing to relationship simple
[pool-3914-thread-1] INFO org.apache.nifi.processors.standard.RouteText - RouteText[id=38a82a0d-69fc-4d87-a6d1-ec924f6828ee] Routing FlowFile[3184,90491790849837.mockFlowFile,24B] to original
[main] DEBUG org.apache.nifi.processors.standard.RouteText - RouteText[id=38a82a0d-69fc-4d87-a6d1-ec924f6828ee] Adding new dynamic property: PropertyDescriptor[simple]
[pool-3915-thread-1] INFO org.apache.nifi.processors.standard.RouteText - RouteText[id=38a82a0d-69fc-4d87-a6d1-ec924f6828ee] Created FlowFile[3187,90491791324290.mockFlowFile,24B] from FlowFile[3186,90491791324290.mockFlowFile,24B]; routing to relationship simple
[pool-3915-thread-1] INFO org.apache.nifi.processors.standard.RouteText - RouteText[id=38a82a0d-69fc-4d87-a6d1-ec924f6828ee] Routing FlowFile[3186,90491791324290.mockFlowFile,24B] to original
[main] DEBUG org.apache.nifi.processors.standard.RouteText - RouteText[id=38a82a0d-69fc-4d87-a6d1-ec924f6828ee] Adding new dynamic property: PropertyDescriptor[simple]
[pool-3916-thread-1] INFO org.apache.nifi.processors.standard.RouteText - RouteText[id=38a82a0d-69fc-4d87-a6d1-ec924f6828ee] Created FlowFile[3189,90491791821070.mockFlowFile,24B] from FlowFile[3188,90491791821070.mockFlowFile,24B]; routing to relationship simple
[pool-3916-thread-1] INFO org.apache.nifi.processors.standard.RouteText - RouteText[id=38a82a0d-69fc-4d87-a6d1-ec924f6828ee] Routing FlowFile[3188,90491791821070.mockFlowFile,24B] to original
[main] DEBUG org.apache.nifi.processors.standard.RouteText - RouteText[id=38a82a0d-69fc-4d87-a6d1-ec924f6828ee] Adding new dynamic property: PropertyDescriptor[simple]
[pool-3917-thread-1] INFO org.apache.nifi.processors.standard.RouteText - RouteText[id=38a82a0d-69fc-4d87-a6d1-ec924f6828ee] Created FlowFile[3191,90491792465363.mockFlowFile,24B] from FlowFile[3190,90491792465363.mockFlowFile,24B]; routing to relationship simple
[pool-3917-thread-1] INFO org.apache.nifi.processors.standard.RouteText - RouteText[id=38a82a0d-69fc-4d87-a6d1-ec924f6828ee] Routing FlowFile[3190,90491792465363.mockFlowFile,24B] to original
[main] DEBUG org.apache.nifi.processors.standard.RouteText - RouteText[id=38a82a0d-69fc-4d87-a6d1-ec924f6828ee] Adding new dynamic property: PropertyDescriptor[simple]
[pool-3918-thread-1] INFO org.apache.nifi.processors.standard.RouteText - RouteText[id=38a82a0d-69fc-4d87-a6d1-ec924f6828ee] Created FlowFile[3193,90491793051297.mockFlowFile,24B] from FlowFile[3192,90491793051297.mockFlowFile,24B]; routing to relationship simple
[pool-3918-thread-1] INFO org.apache.nifi.processors.standard.RouteText - RouteText[id=38a82a0d-69fc-4d87-a6d1-ec924f6828ee] Routing FlowFile[3192,90491793051297.mockFlowFile,24B] to original
[main] DEBUG org.apache.nifi.processors.standard.RouteText - RouteText[id=38a82a0d-69fc-4d87-a6d1-ec924f6828ee] Adding new dynamic property: PropertyDescriptor[simple]
[pool-3919-thread-1] INFO org.apache.nifi.processors.standard.RouteText - RouteText[id=38a82a0d-69fc-4d87-a6d1-ec924f6828ee] Created FlowFile[3195,90491793560580.mockFlowFile,24B] from FlowFile[3194,90491793560580.mockFlowFile,24B]; routing to relationship simple
[pool-3919-thread-1] INFO org.apache.nifi.processors.standard.RouteText - RouteText[id=38a82a0d-69fc-4d87-a6d1-ec924f6828ee] Routing FlowFile[3194,90491793560580.mockFlowFile,24B] to original
[main] DEBUG org.apache.nifi.processors.standard.RouteText - RouteText[id=38a82a0d-69fc-4d87-a6d1-ec924f6828ee] Adding new dynamic property: PropertyDescriptor[simple]
[pool-3920-thread-1] INFO org.apache.nifi.processors.standard.RouteText - RouteText[id=38a82a0d-69fc-4d87-a6d1-ec924f6828ee] Created FlowFile[3197,90491793999187.mockFlowFile,24B] from FlowFile[3196,90491793999187.mockFlowFile,24B]; routing to relationship simple
[pool-3920-thread-1] INFO org.apache.nifi.processors.standard.RouteText - RouteText[id=38a82a0d-69fc-4d87-a6d1-ec924f6828ee] Routing FlowFile[3196,90491793999187.mockFlowFile,24B] to original
[main] DEBUG org.apache.nifi.processors.standard.RouteText - RouteText[id=38a82a0d-69fc-4d87-a6d1-ec924f6828ee] Adding new dynamic property: PropertyDescriptor[simple]
[pool-3921-thread-1] INFO org.apache.nifi.processors.standard.RouteText - RouteText[id=38a82a0d-69fc-4d87-a6d1-ec924f6828ee] Created FlowFile[3199,90491794344591.mockFlowFile,24B] from FlowFile[3198,90491794344591.mockFlowFile,24B]; routing to relationship simple
[pool-3921-thread-1] INFO org.apache.nifi.processors.standard.RouteText - RouteText[id=38a82a0d-69fc-4d87-a6d1-ec924f6828ee] Routing FlowFile[3198,90491794344591.mockFlowFile,24B] to original
[main] DEBUG org.apache.nifi.processors.standard.RouteText - RouteText[id=38a82a0d-69fc-4d87-a6d1-ec924f6828ee] Adding new dynamic property: PropertyDescriptor[simple]
[pool-3922-thread-1] INFO org.apache.nifi.processors.standard.RouteText - RouteText[id=38a82a0d-69fc-4d87-a6d1-ec924f6828ee] Created FlowFile[3201,90491794692822.mockFlowFile,24B] from FlowFile[3200,90491794692822.mockFlowFile,24B]; routing to relationship simple
[pool-3922-thread-1] INFO org.apache.nifi.processors.standard.RouteText - RouteText[id=38a82a0d-69fc-4d87-a6d1-ec924f6828ee] Routing FlowFile[3200,90491794692822.mockFlowFile,24B] to original
[main] DEBUG org.apache.nifi.processors.standard.RouteText - RouteText[id=38a82a0d-69fc-4d87-a6d1-ec924f6828ee] Adding new dynamic property: PropertyDescriptor[simple]
[pool-3923-thread-1] INFO org.apache.nifi.processors.standard.RouteText - RouteText[id=38a82a0d-69fc-4d87-a6d1-ec924f6828ee] Created FlowFile[3203,90491795019976.mockFlowFile,24B] from FlowFile[3202,90491795019976.mockFlowFile,24B]; routing to relationship simple
[pool-3923-thread-1] INFO org.apache.nifi.processors.standard.RouteText - RouteText[id=38a82a0d-69fc-4d87-a6d1-ec924f6828ee] Routing FlowFile[3202,90491795019976.mockFlowFile,24B] to original
[main] DEBUG org.apache.nifi.processors.standard.RouteText - RouteText[id=38a82a0d-69fc-4d87-a6d1-ec924f6828ee] Adding new dynamic property: PropertyDescriptor[simple]
[pool-3924-thread-1] INFO org.apache.nifi.processors.standard.RouteText - RouteText[id=38a82a0d-69fc-4d87-a6d1-ec924f6828ee] Created FlowFile[3205,90491795497509.mockFlowFile,24B] from FlowFile[3204,90491795497509.mockFlowFile,24B]; routing to relationship simple
[pool-3924-thread-1] INFO org.apache.nifi.processors.standard.RouteText - RouteText[id=38a82a0d-69fc-4d87-a6d1-ec924f6828ee] Routing FlowFile[3204,90491795497509.mockFlowFile,24B] to original
[main] DEBUG org.apache.nifi.processors.standard.RouteText - RouteText[id=38a82a0d-69fc-4d87-a6d1-ec924f6828ee] Adding new dynamic property: PropertyDescriptor[simple]
[pool-3925-thread-1] INFO org.apache.nifi.processors.standard.RouteText - RouteText[id=38a82a0d-69fc-4d87-a6d1-ec924f6828ee] Created FlowFile[3207,90491795906620.mockFlowFile,24B] from FlowFile[3206,90491795906620.mockFlowFile,24B]; routing to relationship simple
[pool-3925-thread-1] INFO org.apache.nifi.processors.standard.RouteText - RouteText[id=38a82a0d-69fc-4d87-a6d1-ec924f6828ee] Routing FlowFile[3206,90491795906620.mockFlowFile,24B] to original
[main] DEBUG org.apache.nifi.processors.standard.RouteText - RouteText[id=38a82a0d-69fc-4d87-a6d1-ec924f6828ee] Adding new dynamic property: PropertyDescriptor[simple]
[pool-3926-thread-1] INFO org.apache.nifi.processors.standard.RouteText - RouteText[id=38a82a0d-69fc-4d87-a6d1-ec924f6828ee] Created FlowFile[3209,90491796406053.mockFlowFile,24B] from FlowFile[3208,90491796406053.mockFlowFile,24B]; routing to relationship simple
[pool-3926-thread-1] INFO org.apache.nifi.processors.standard.RouteText - RouteText[id=38a82a0d-69fc-4d87-a6d1-ec924f6828ee] Routing FlowFile[3208,90491796406053.mockFlowFile,24B] to original
[main] DEBUG org.apache.nifi.processors.standard.RouteText - RouteText[id=38a82a0d-69fc-4d87-a6d1-ec924f6828ee] Adding new dynamic property: PropertyDescriptor[simple]
[pool-3927-thread-1] INFO org.apache.nifi.processors.standard.RouteText - RouteText[id=38a82a0d-69fc-4d87-a6d1-ec924f6828ee] Created FlowFile[3211,90491796918606.mockFlowFile,24B] from FlowFile[3210,90491796918606.mockFlowFile,24B]; routing to relationship simple
[pool-3927-thread-1] INFO org.apache.nifi.processors.standard.RouteText - RouteText[id=38a82a0d-69fc-4d87-a6d1-ec924f6828ee] Routing FlowFile[3210,90491796918606.mockFlowFile,24B] to original
[main] DEBUG org.apache.nifi.processors.standard.RouteText - RouteText[id=38a82a0d-69fc-4d87-a6d1-ec924f6828ee] Adding new dynamic property: PropertyDescriptor[simple]
[pool-3928-thread-1] INFO org.apache.nifi.processors.standard.RouteText - RouteText[id=38a82a0d-69fc-4d87-a6d1-ec924f6828ee] Created FlowFile[3213,90491797403303.mockFlowFile,24B] from FlowFile[3212,90491797403303.mockFlowFile,24B]; routing to relationship simple
[pool-3928-thread-1] INFO org.apache.nifi.processors.standard.RouteText - RouteText[id=38a82a0d-69fc-4d87-a6d1-ec924f6828ee] Routing FlowFile[3212,90491797403303.mockFlowFile,24B] to original
[main] DEBUG org.apache.nifi.processors.standard.RouteText - RouteText[id=38a82a0d-69fc-4d87-a6d1-ec924f6828ee] Adding new dynamic property: PropertyDescriptor[simple]
[pool-3929-thread-1] INFO org.apache.nifi.processors.standard.RouteText - RouteText[id=38a82a0d-69fc-4d87-a6d1-ec924f6828ee] Created FlowFile[3215,90491797763761.mockFlowFile,24B] from FlowFile[3214,90491797763761.mockFlowFile,24B]; routing to relationship simple
[pool-3929-thread-1] INFO org.apache.nifi.processors.standard.RouteText - RouteText[id=38a82a0d-69fc-4d87-a6d1-ec924f6828ee] Routing FlowFile[3214,90491797763761.mockFlowFile,24B] to original
[main] DEBUG org.apache.nifi.processors.standard.RouteText - RouteText[id=38a82a0d-69fc-4d87-a6d1-ec924f6828ee] Adding new dynamic property: PropertyDescriptor[simple]
[pool-3930-thread-1] INFO org.apache.nifi.processors.standard.RouteText - RouteText[id=38a82a0d-69fc-4d87-a6d1-ec924f6828ee] Created FlowFile[3217,90491798141780.mockFlowFile,24B] from FlowFile[3216,90491798141780.mockFlowFile,24B]; routing to relationship simple
[pool-3930-thread-1] INFO org.apache.nifi.processors.standard.RouteText - RouteText[id=38a82a0d-69fc-4d87-a6d1-ec924f6828ee] Routing FlowFile[3216,90491798141780.mockFlowFile,24B] to original
[main] DEBUG org.apache.nifi.processors.standard.RouteText - RouteText[id=38a82a0d-69fc-4d87-a6d1-ec924f6828ee] Adding new dynamic property: PropertyDescriptor[simple]
[pool-3931-thread-1] INFO org.apache.nifi.processors.standard.RouteText - RouteText[id=38a82a0d-69fc-4d87-a6d1-ec924f6828ee] Created FlowFile[3219,90491798488308.mockFlowFile,24B] from FlowFile[3218,90491798488308.mockFlowFile,24B]; routing to relationship simple
[pool-3931-thread-1] INFO org.apache.nifi.processors.standard.RouteText - RouteText[id=38a82a0d-69fc-4d87-a6d1-ec924f6828ee] Routing FlowFile[3218,90491798488308.mockFlowFile,24B] to original
[main] DEBUG org.apache.nifi.processors.standard.RouteText - RouteText[id=38a82a0d-69fc-4d87-a6d1-ec924f6828ee] Adding new dynamic property: PropertyDescriptor[simple]
[pool-3932-thread-1] INFO org.apache.nifi.processors.standard.RouteText - RouteText[id=38a82a0d-69fc-4d87-a6d1-ec924f6828ee] Created FlowFile[3221,90491798851063.mockFlowFile,24B] from FlowFile[3220,90491798851063.mockFlowFile,24B]; routing to relationship simple
[pool-3932-thread-1] INFO org.apache.nifi.processors.standard.RouteText - RouteText[id=38a82a0d-69fc-4d87-a6d1-ec924f6828ee] Routing FlowFile[3220,90491798851063.mockFlowFile,24B] to original
[main] DEBUG org.apache.nifi.processors.standard.RouteText - RouteText[id=38a82a0d-69fc-4d87-a6d1-ec924f6828ee] Adding new dynamic property: PropertyDescriptor[simple]
[pool-3933-thread-1] INFO org.apache.nifi.processors.standard.RouteText - RouteText[id=38a82a0d-69fc-4d87-a6d1-ec924f6828ee] Created FlowFile[3223,90491799283487.mockFlowFile,24B] from FlowFile[3222,90491799283487.mockFlowFile,24B]; routing to relationship simple
[pool-3933-thread-1] INFO org.apache.nifi.processors.standard.RouteText - RouteText[id=38a82a0d-69fc-4d87-a6d1-ec924f6828ee] Routing FlowFile[3222,90491799283487.mockFlowFile,24B] to original
[main] DEBUG org.apache.nifi.processors.standard.RouteText - RouteText[id=38a82a0d-69fc-4d87-a6d1-ec924f6828ee] Adding new dynamic property: PropertyDescriptor[simple]
[pool-3934-thread-1] INFO org.apache.nifi.processors.standard.RouteText - RouteText[id=38a82a0d-69fc-4d87-a6d1-ec924f6828ee] Created FlowFile[3225,90491799728536.mockFlowFile,24B] from FlowFile[3224,90491799728536.mockFlowFile,24B]; routing to relationship simple
[pool-3934-thread-1] INFO org.apache.nifi.processors.standard.RouteText - RouteText[id=38a82a0d-69fc-4d87-a6d1-ec924f6828ee] Routing FlowFile[3224,90491799728536.mockFlowFile,24B] to original
[main] DEBUG org.apache.nifi.processors.standard.RouteText - RouteText[id=38a82a0d-69fc-4d87-a6d1-ec924f6828ee] Adding new dynamic property: PropertyDescriptor[simple]
[pool-3935-thread-1] INFO org.apache.nifi.processors.standard.RouteText - RouteText[id=38a82a0d-69fc-4d87-a6d1-ec924f6828ee] Created FlowFile[3227,90491800113790.mockFlowFile,24B] from FlowFile[3226,90491800113790.mockFlowFile,24B]; routing to relationship simple
[pool-3935-thread-1] INFO org.apache.nifi.processors.standard.RouteText - RouteText[id=38a82a0d-69fc-4d87-a6d1-ec924f6828ee] Routing FlowFile[3226,90491800113790.mockFlowFile,24B] to original
[main] DEBUG org.apache.nifi.processors.standard.RouteText - RouteText[id=38a82a0d-69fc-4d87-a6d1-ec924f6828ee] Adding new dynamic property: PropertyDescriptor[simple]
[pool-3936-thread-1] INFO org.apache.nifi.processors.standard.RouteText - RouteText[id=38a82a0d-69fc-4d87-a6d1-ec924f6828ee] Created FlowFile[3229,90491800590469.mockFlowFile,24B] from FlowFile[3228,90491800590469.mockFlowFile,24B]; routing to relationship simple
[pool-3936-thread-1] INFO org.apache.nifi.processors.standard.RouteText - RouteText[id=38a82a0d-69fc-4d87-a6d1-ec924f6828ee] Routing FlowFile[3228,90491800590469.mockFlowFile,24B] to original
[main] DEBUG org.apache.nifi.processors.standard.RouteText - RouteText[id=38a82a0d-69fc-4d87-a6d1-ec924f6828ee] Adding new dynamic property: PropertyDescriptor[simple]
[pool-3937-thread-1] INFO org.apache.nifi.processors.standard.RouteText - RouteText[id=38a82a0d-69fc-4d87-a6d1-ec924f6828ee] Created FlowFile[3231,90491801072986.mockFlowFile,24B] from FlowFile[3230,90491801072986.mockFlowFile,24B]; routing to relationship simple
[pool-3937-thread-1] INFO org.apache.nifi.processors.standard.RouteText - RouteText[id=38a82a0d-69fc-4d87-a6d1-ec924f6828ee] Routing FlowFile[3230,90491801072986.mockFlowFile,24B] to original
[main] DEBUG org.apache.nifi.processors.standard.RouteText - RouteText[id=38a82a0d-69fc-4d87-a6d1-ec924f6828ee] Adding new dynamic property: PropertyDescriptor[simple]
[pool-3938-thread-1] INFO org.apache.nifi.processors.standard.RouteText - RouteText[id=38a82a0d-69fc-4d87-a6d1-ec924f6828ee] Created FlowFile[3233,90491801550221.mockFlowFile,24B] from FlowFile[3232,90491801550221.mockFlowFile,24B]; routing to relationship simple
[pool-3938-thread-1] INFO org.apache.nifi.processors.standard.RouteText - RouteText[id=38a82a0d-69fc-4d87-a6d1-ec924f6828ee] Routing FlowFile[3232,90491801550221.mockFlowFile,24B] to original
[main] DEBUG org.apache.nifi.processors.standard.RouteText - RouteText[id=38a82a0d-69fc-4d87-a6d1-ec924f6828ee] Adding new dynamic property: PropertyDescriptor[simple]
[pool-3939-thread-1] INFO org.apache.nifi.processors.standard.RouteText - RouteText[id=38a82a0d-69fc-4d87-a6d1-ec924f6828ee] Created FlowFile[3235,90491801924282.mockFlowFile,24B] from FlowFile[3234,90491801924282.mockFlowFile,24B]; routing to relationship simple
[pool-3939-thread-1] INFO org.apache.nifi.processors.standard.RouteText - RouteText[id=38a82a0d-69fc-4d87-a6d1-ec924f6828ee] Routing FlowFile[3234,90491801924282.mockFlowFile,24B] to original
[main] DEBUG org.apache.nifi.processors.standard.RouteText - RouteText[id=38a82a0d-69fc-4d87-a6d1-ec924f6828ee] Adding new dynamic property: PropertyDescriptor[simple]
[pool-3940-thread-1] INFO org.apache.nifi.processors.standard.RouteText - RouteText[id=38a82a0d-69fc-4d87-a6d1-ec924f6828ee] Created FlowFile[3237,90491802284299.mockFlowFile,24B] from FlowFile[3236,90491802284299.mockFlowFile,24B]; routing to relationship simple
[pool-3940-thread-1] INFO org.apache.nifi.processors.standard.RouteText - RouteText[id=38a82a0d-69fc-4d87-a6d1-ec924f6828ee] Routing FlowFile[3236,90491802284299.mockFlowFile,24B] to original
[main] DEBUG org.apache.nifi.processors.standard.RouteText - RouteText[id=38a82a0d-69fc-4d87-a6d1-ec924f6828ee] Adding new dynamic property: PropertyDescriptor[simple]
[pool-3941-thread-1] INFO org.apache.nifi.processors.standard.RouteText - RouteText[id=38a82a0d-69fc-4d87-a6d1-ec924f6828ee] Created FlowFile[3239,90491802653173.mockFlowFile,24B] from FlowFile[3238,90491802653173.mockFlowFile,24B]; routing to relationship simple
[pool-3941-thread-1] INFO org.apache.nifi.processors.standard.RouteText - RouteText[id=38a82a0d-69fc-4d87-a6d1-ec924f6828ee] Routing FlowFile[3238,90491802653173.mockFlowFile,24B] to original
[main] DEBUG org.apache.nifi.processors.standard.RouteText - RouteText[id=38a82a0d-69fc-4d87-a6d1-ec924f6828ee] Adding new dynamic property: PropertyDescriptor[simple]
[pool-3942-thread-1] INFO org.apache.nifi.processors.standard.RouteText - RouteText[id=38a82a0d-69fc-4d87-a6d1-ec924f6828ee] Created FlowFile[3241,90491803141888.mockFlowFile,24B] from FlowFile[3240,90491803141888.mockFlowFile,24B]; routing to relationship simple
[pool-3942-thread-1] INFO org.apache.nifi.processors.standard.RouteText - RouteText[id=38a82a0d-69fc-4d87-a6d1-ec924f6828ee] Routing FlowFile[3240,90491803141888.mockFlowFile,24B] to original
[main] DEBUG org.apache.nifi.processors.standard.RouteText - RouteText[id=38a82a0d-69fc-4d87-a6d1-ec924f6828ee] Adding new dynamic property: PropertyDescriptor[simple]
[pool-3943-thread-1] INFO org.apache.nifi.processors.standard.RouteText - RouteText[id=38a82a0d-69fc-4d87-a6d1-ec924f6828ee] Created FlowFile[3243,90491803597403.mockFlowFile,24B] from FlowFile[3242,90491803597403.mockFlowFile,24B]; routing to relationship simple
[pool-3943-thread-1] INFO org.apache.nifi.processors.standard.RouteText - RouteText[id=38a82a0d-69fc-4d87-a6d1-ec924f6828ee] Routing FlowFile[3242,90491803597403.mockFlowFile,24B] to original
[main] DEBUG org.apache.nifi.processors.standard.RouteText - RouteText[id=38a82a0d-69fc-4d87-a6d1-ec924f6828ee] Adding new dynamic property: PropertyDescriptor[simple]
[pool-3944-thread-1] INFO org.apache.nifi.processors.standard.RouteText - RouteText[id=38a82a0d-69fc-4d87-a6d1-ec924f6828ee] Created FlowFile[3245,90491804081664.mockFlowFile,24B] from FlowFile[3244,90491804081664.mockFlowFile,24B]; routing to relationship simple
[pool-3944-thread-1] INFO org.apache.nifi.processors.standard.RouteText - RouteText[id=38a82a0d-69fc-4d87-a6d1-ec924f6828ee] Routing FlowFile[3244,90491804081664.mockFlowFile,24B] to original
[main] DEBUG org.apache.nifi.processors.standard.RouteText - RouteText[id=38a82a0d-69fc-4d87-a6d1-ec924f6828ee] Adding new dynamic property: PropertyDescriptor[simple]
[pool-3945-thread-1] INFO org.apache.nifi.processors.standard.RouteText - RouteText[id=38a82a0d-69fc-4d87-a6d1-ec924f6828ee] Created FlowFile[3247,90491840037148.mockFlowFile,24B] from FlowFile[3246,90491840037148.mockFlowFile,24B]; routing to relationship simple
[pool-3945-thread-1] INFO org.apache.nifi.processors.standard.RouteText - RouteText[id=38a82a0d-69fc-4d87-a6d1-ec924f6828ee] Routing FlowFile[3246,90491840037148.mockFlowFile,24B] to original
[main] DEBUG org.apache.nifi.processors.standard.RouteText - RouteText[id=38a82a0d-69fc-4d87-a6d1-ec924f6828ee] Adding new dynamic property: PropertyDescriptor[simple]
[pool-3946-thread-1] INFO org.apache.nifi.processors.standard.RouteText - RouteText[id=38a82a0d-69fc-4d87-a6d1-ec924f6828ee] Created FlowFile[3249,90491840583228.mockFlowFile,24B] from FlowFile[3248,90491840583228.mockFlowFile,24B]; routing to relationship simple
[pool-3946-thread-1] INFO org.apache.nifi.processors.standard.RouteText - RouteText[id=38a82a0d-69fc-4d87-a6d1-ec924f6828ee] Routing FlowFile[3248,90491840583228.mockFlowFile,24B] to original
[main] DEBUG org.apache.nifi.processors.standard.RouteText - RouteText[id=38a82a0d-69fc-4d87-a6d1-ec924f6828ee] Adding new dynamic property: PropertyDescriptor[simple]
[pool-3947-thread-1] INFO org.apache.nifi.processors.standard.RouteText - RouteText[id=38a82a0d-69fc-4d87-a6d1-ec924f6828ee] Created FlowFile[3251,90491840986171.mockFlowFile,24B] from FlowFile[3250,90491840986171.mockFlowFile,24B]; routing to relationship simple
[pool-3947-thread-1] INFO org.apache.nifi.processors.standard.RouteText - RouteText[id=38a82a0d-69fc-4d87-a6d1-ec924f6828ee] Routing FlowFile[3250,90491840986171.mockFlowFile,24B] to original
[main] DEBUG org.apache.nifi.processors.standard.RouteText - RouteText[id=38a82a0d-69fc-4d87-a6d1-ec924f6828ee] Adding new dynamic property: PropertyDescriptor[simple]
[pool-3948-thread-1] INFO org.apache.nifi.processors.standard.RouteText - RouteText[id=38a82a0d-69fc-4d87-a6d1-ec924f6828ee] Created FlowFile[3253,90491841388492.mockFlowFile,24B] from FlowFile[3252,90491841388492.mockFlowFile,24B]; routing to relationship simple
[pool-3948-thread-1] INFO org.apache.nifi.processors.standard.RouteText - RouteText[id=38a82a0d-69fc-4d87-a6d1-ec924f6828ee] Routing FlowFile[3252,90491841388492.mockFlowFile,24B] to original
[main] DEBUG org.apache.nifi.processors.standard.RouteText - RouteText[id=38a82a0d-69fc-4d87-a6d1-ec924f6828ee] Adding new dynamic property: PropertyDescriptor[simple]
[pool-3949-thread-1] INFO org.apache.nifi.processors.standard.RouteText - RouteText[id=38a82a0d-69fc-4d87-a6d1-ec924f6828ee] Created FlowFile[3255,90491841785168.mockFlowFile,24B] from FlowFile[3254,90491841785168.mockFlowFile,24B]; routing to relationship simple
[pool-3949-thread-1] INFO org.apache.nifi.processors.standard.RouteText - RouteText[id=38a82a0d-69fc-4d87-a6d1-ec924f6828ee] Routing FlowFile[3254,90491841785168.mockFlowFile,24B] to original
[main] DEBUG org.apache.nifi.processors.standard.RouteText - RouteText[id=38a82a0d-69fc-4d87-a6d1-ec924f6828ee] Adding new dynamic property: PropertyDescriptor[simple]
[pool-3950-thread-1] INFO org.apache.nifi.processors.standard.RouteText - RouteText[id=38a82a0d-69fc-4d87-a6d1-ec924f6828ee] Created FlowFile[3257,90491842237796.mockFlowFile,24B] from FlowFile[3256,90491842237796.mockFlowFile,24B]; routing to relationship simple
[pool-3950-thread-1] INFO org.apache.nifi.processors.standard.RouteText - RouteText[id=38a82a0d-69fc-4d87-a6d1-ec924f6828ee] Routing FlowFile[3256,90491842237796.mockFlowFile,24B] to original
[main] DEBUG org.apache.nifi.processors.standard.RouteText - RouteText[id=38a82a0d-69fc-4d87-a6d1-ec924f6828ee] Adding new dynamic property: PropertyDescriptor[simple]
[pool-3951-thread-1] INFO org.apache.nifi.processors.standard.RouteText - RouteText[id=38a82a0d-69fc-4d87-a6d1-ec924f6828ee] Created FlowFile[3259,90491842719355.mockFlowFile,24B] from FlowFile[3258,90491842719355.mockFlowFile,24B]; routing to relationship simple
[pool-3951-thread-1] INFO org.apache.nifi.processors.standard.RouteText - RouteText[id=38a82a0d-69fc-4d87-a6d1-ec924f6828ee] Routing FlowFile[3258,90491842719355.mockFlowFile,24B] to original
[main] DEBUG org.apache.nifi.processors.standard.RouteText - RouteText[id=38a82a0d-69fc-4d87-a6d1-ec924f6828ee] Adding new dynamic property: PropertyDescriptor[simple]
[pool-3952-thread-1] INFO org.apache.nifi.processors.standard.RouteText - RouteText[id=38a82a0d-69fc-4d87-a6d1-ec924f6828ee] Created FlowFile[3261,90491843142625.mockFlowFile,24B] from FlowFile[3260,90491843142625.mockFlowFile,24B]; routing to relationship simple
[pool-3952-thread-1] INFO org.apache.nifi.processors.standard.RouteText - RouteText[id=38a82a0d-69fc-4d87-a6d1-ec924f6828ee] Routing FlowFile[3260,90491843142625.mockFlowFile,24B] to original
[main] DEBUG org.apache.nifi.processors.standard.RouteText - RouteText[id=38a82a0d-69fc-4d87-a6d1-ec924f6828ee] Adding new dynamic property: PropertyDescriptor[simple]
[pool-3953-thread-1] INFO org.apache.nifi.processors.standard.RouteText - RouteText[id=38a82a0d-69fc-4d87-a6d1-ec924f6828ee] Created FlowFile[3263,90491843530511.mockFlowFile,24B] from FlowFile[3262,90491843530511.mockFlowFile,24B]; routing to relationship simple
[pool-3953-thread-1] INFO org.apache.nifi.processors.standard.RouteText - RouteText[id=38a82a0d-69fc-4d87-a6d1-ec924f6828ee] Routing FlowFile[3262,90491843530511.mockFlowFile,24B] to original
[main] DEBUG org.apache.nifi.processors.standard.RouteText - RouteText[id=38a82a0d-69fc-4d87-a6d1-ec924f6828ee] Adding new dynamic property: PropertyDescriptor[simple]
[pool-3954-thread-1] INFO org.apache.nifi.processors.standard.RouteText - RouteText[id=38a82a0d-69fc-4d87-a6d1-ec924f6828ee] Created FlowFile[3265,90491843969059.mockFlowFile,24B] from FlowFile[3264,90491843969059.mockFlowFile,24B]; routing to relationship simple
[pool-3954-thread-1] INFO org.apache.nifi.processors.standard.RouteText - RouteText[id=38a82a0d-69fc-4d87-a6d1-ec924f6828ee] Routing FlowFile[3264,90491843969059.mockFlowFile,24B] to original
[main] DEBUG org.apache.nifi.processors.standard.RouteText - RouteText[id=38a82a0d-69fc-4d87-a6d1-ec924f6828ee] Adding new dynamic property: PropertyDescriptor[simple]
[pool-3955-thread-1] INFO org.apache.nifi.processors.standard.RouteText - RouteText[id=38a82a0d-69fc-4d87-a6d1-ec924f6828ee] Created FlowFile[3267,90491844419851.mockFlowFile,24B] from FlowFile[3266,90491844419851.mockFlowFile,24B]; routing to relationship simple
[pool-3955-thread-1] INFO org.apache.nifi.processors.standard.RouteText - RouteText[id=38a82a0d-69fc-4d87-a6d1-ec924f6828ee] Routing FlowFile[3266,90491844419851.mockFlowFile,24B] to original
[main] DEBUG org.apache.nifi.processors.standard.RouteText - RouteText[id=38a82a0d-69fc-4d87-a6d1-ec924f6828ee] Adding new dynamic property: PropertyDescriptor[simple]
[pool-3956-thread-1] INFO org.apache.nifi.processors.standard.RouteText - RouteText[id=38a82a0d-69fc-4d87-a6d1-ec924f6828ee] Created FlowFile[3269,90491844887513.mockFlowFile,24B] from FlowFile[3268,90491844887513.mockFlowFile,24B]; routing to relationship simple
[pool-3956-thread-1] INFO org.apache.nifi.processors.standard.RouteText - RouteText[id=38a82a0d-69fc-4d87-a6d1-ec924f6828ee] Routing FlowFile[3268,90491844887513.mockFlowFile,24B] to original
[main] DEBUG org.apache.nifi.processors.standard.RouteText - RouteText[id=38a82a0d-69fc-4d87-a6d1-ec924f6828ee] Adding new dynamic property: PropertyDescriptor[simple]
[pool-3957-thread-1] INFO org.apache.nifi.processors.standard.RouteText - RouteText[id=38a82a0d-69fc-4d87-a6d1-ec924f6828ee] Created FlowFile[3271,90491845352103.mockFlowFile,24B] from FlowFile[3270,90491845352103.mockFlowFile,24B]; routing to relationship simple
[pool-3957-thread-1] INFO org.apache.nifi.processors.standard.RouteText - RouteText[id=38a82a0d-69fc-4d87-a6d1-ec924f6828ee] Routing FlowFile[3270,90491845352103.mockFlowFile,24B] to original
[main] DEBUG org.apache.nifi.processors.standard.RouteText - RouteText[id=38a82a0d-69fc-4d87-a6d1-ec924f6828ee] Adding new dynamic property: PropertyDescriptor[simple]
[pool-3958-thread-1] INFO org.apache.nifi.processors.standard.RouteText - RouteText[id=38a82a0d-69fc-4d87-a6d1-ec924f6828ee] Created FlowFile[3273,90491845887938.mockFlowFile,24B] from FlowFile[3272,90491845887938.mockFlowFile,24B]; routing to relationship simple
[pool-3958-thread-1] INFO org.apache.nifi.processors.standard.RouteText - RouteText[id=38a82a0d-69fc-4d87-a6d1-ec924f6828ee] Routing FlowFile[3272,90491845887938.mockFlowFile,24B] to original
[main] DEBUG org.apache.nifi.processors.standard.RouteText - RouteText[id=38a82a0d-69fc-4d87-a6d1-ec924f6828ee] Adding new dynamic property: PropertyDescriptor[simple]
[pool-3959-thread-1] INFO org.apache.nifi.processors.standard.RouteText - RouteText[id=38a82a0d-69fc-4d87-a6d1-ec924f6828ee] Created FlowFile[3275,90491846317309.mockFlowFile,24B] from FlowFile[3274,90491846317309.mockFlowFile,24B]; routing to relationship simple
[pool-3959-thread-1] INFO org.apache.nifi.processors.standard.RouteText - RouteText[id=38a82a0d-69fc-4d87-a6d1-ec924f6828ee] Routing FlowFile[3274,90491846317309.mockFlowFile,24B] to original
[main] DEBUG org.apache.nifi.processors.standard.RouteText - RouteText[id=38a82a0d-69fc-4d87-a6d1-ec924f6828ee] Adding new dynamic property: PropertyDescriptor[simple]
[pool-3960-thread-1] INFO org.apache.nifi.processors.standard.RouteText - RouteText[id=38a82a0d-69fc-4d87-a6d1-ec924f6828ee] Created FlowFile[3277,90491846739579.mockFlowFile,24B] from FlowFile[3276,90491846739579.mockFlowFile,24B]; routing to relationship simple
[pool-3960-thread-1] INFO org.apache.nifi.processors.standard.RouteText - RouteText[id=38a82a0d-69fc-4d87-a6d1-ec924f6828ee] Routing FlowFile[3276,90491846739579.mockFlowFile,24B] to original
[main] DEBUG org.apache.nifi.processors.standard.RouteText - RouteText[id=38a82a0d-69fc-4d87-a6d1-ec924f6828ee] Adding new dynamic property: PropertyDescriptor[simple]
[pool-3961-thread-1] INFO org.apache.nifi.processors.standard.RouteText - RouteText[id=38a82a0d-69fc-4d87-a6d1-ec924f6828ee] Created FlowFile[3279,90491847165225.mockFlowFile,24B] from FlowFile[3278,90491847165225.mockFlowFile,24B]; routing to relationship simple
[pool-3961-thread-1] INFO org.apache.nifi.processors.standard.RouteText - RouteText[id=38a82a0d-69fc-4d87-a6d1-ec924f6828ee] Routing FlowFile[3278,90491847165225.mockFlowFile,24B] to original
[main] DEBUG org.apache.nifi.processors.standard.RouteText - RouteText[id=38a82a0d-69fc-4d87-a6d1-ec924f6828ee] Adding new dynamic property: PropertyDescriptor[simple]
[pool-3962-thread-1] INFO org.apache.nifi.processors.standard.RouteText - RouteText[id=38a82a0d-69fc-4d87-a6d1-ec924f6828ee] Created FlowFile[3281,90491847589343.mockFlowFile,24B] from FlowFile[3280,90491847589343.mockFlowFile,24B]; routing to relationship simple
[pool-3962-thread-1] INFO org.apache.nifi.processors.standard.RouteText - RouteText[id=38a82a0d-69fc-4d87-a6d1-ec924f6828ee] Routing FlowFile[3280,90491847589343.mockFlowFile,24B] to original
[main] DEBUG org.apache.nifi.processors.standard.RouteText - RouteText[id=38a82a0d-69fc-4d87-a6d1-ec924f6828ee] Adding new dynamic property: PropertyDescriptor[simple]
[pool-3963-thread-1] INFO org.apache.nifi.processors.standard.RouteText - RouteText[id=38a82a0d-69fc-4d87-a6d1-ec924f6828ee] Created FlowFile[3283,90491848030094.mockFlowFile,24B] from FlowFile[3282,90491848030094.mockFlowFile,24B]; routing to relationship simple
[pool-3963-thread-1] INFO org.apache.nifi.processors.standard.RouteText - RouteText[id=38a82a0d-69fc-4d87-a6d1-ec924f6828ee] Routing FlowFile[3282,90491848030094.mockFlowFile,24B] to original
[main] DEBUG org.apache.nifi.processors.standard.RouteText - RouteText[id=38a82a0d-69fc-4d87-a6d1-ec924f6828ee] Adding new dynamic property: PropertyDescriptor[simple]
[pool-3964-thread-1] INFO org.apache.nifi.processors.standard.RouteText - RouteText[id=38a82a0d-69fc-4d87-a6d1-ec924f6828ee] Created FlowFile[3285,90491848416038.mockFlowFile,24B] from FlowFile[3284,90491848416038.mockFlowFile,24B]; routing to relationship simple
[pool-3964-thread-1] INFO org.apache.nifi.processors.standard.RouteText - RouteText[id=38a82a0d-69fc-4d87-a6d1-ec924f6828ee] Routing FlowFile[3284,90491848416038.mockFlowFile,24B] to original
[main] DEBUG org.apache.nifi.processors.standard.RouteText - RouteText[id=38a82a0d-69fc-4d87-a6d1-ec924f6828ee] Adding new dynamic property: PropertyDescriptor[simple]
[pool-3965-thread-1] INFO org.apache.nifi.processors.standard.RouteText - RouteText[id=38a82a0d-69fc-4d87-a6d1-ec924f6828ee] Created FlowFile[3287,90491848840775.mockFlowFile,24B] from FlowFile[3286,90491848840775.mockFlowFile,24B]; routing to relationship simple
[pool-3965-thread-1] INFO org.apache.nifi.processors.standard.RouteText - RouteText[id=38a82a0d-69fc-4d87-a6d1-ec924f6828ee] Routing FlowFile[3286,90491848840775.mockFlowFile,24B] to original
[main] DEBUG org.apache.nifi.processors.standard.RouteText - RouteText[id=38a82a0d-69fc-4d87-a6d1-ec924f6828ee] Adding new dynamic property: PropertyDescriptor[simple]
[pool-3966-thread-1] INFO org.apache.nifi.processors.standard.RouteText - RouteText[id=38a82a0d-69fc-4d87-a6d1-ec924f6828ee] Created FlowFile[3289,90491849241261.mockFlowFile,24B] from FlowFile[3288,90491849241261.mockFlowFile,24B]; routing to relationship simple
[pool-3966-thread-1] INFO org.apache.nifi.processors.standard.RouteText - RouteText[id=38a82a0d-69fc-4d87-a6d1-ec924f6828ee] Routing FlowFile[3288,90491849241261.mockFlowFile,24B] to original
[main] DEBUG org.apache.nifi.processors.standard.RouteText - RouteText[id=38a82a0d-69fc-4d87-a6d1-ec924f6828ee] Adding new dynamic property: PropertyDescriptor[simple]
[pool-3967-thread-1] INFO org.apache.nifi.processors.standard.RouteText - RouteText[id=38a82a0d-69fc-4d87-a6d1-ec924f6828ee] Created FlowFile[3291,90491849626724.mockFlowFile,24B] from FlowFile[3290,90491849626724.mockFlowFile,24B]; routing to relationship simple
[pool-3967-thread-1] INFO org.apache.nifi.processors.standard.RouteText - RouteText[id=38a82a0d-69fc-4d87-a6d1-ec924f6828ee] Routing FlowFile[3290,90491849626724.mockFlowFile,24B] to original
[main] DEBUG org.apache.nifi.processors.standard.RouteText - RouteText[id=38a82a0d-69fc-4d87-a6d1-ec924f6828ee] Adding new dynamic property: PropertyDescriptor[simple]
[pool-3968-thread-1] INFO org.apache.nifi.processors.standard.RouteText - RouteText[id=38a82a0d-69fc-4d87-a6d1-ec924f6828ee] Created FlowFile[3293,90491850129882.mockFlowFile,24B] from FlowFile[3292,90491850129882.mockFlowFile,24B]; routing to relationship simple
[pool-3968-thread-1] INFO org.apache.nifi.processors.standard.RouteText - RouteText[id=38a82a0d-69fc-4d87-a6d1-ec924f6828ee] Routing FlowFile[3292,90491850129882.mockFlowFile,24B] to original
[main] DEBUG org.apache.nifi.processors.standard.RouteText - RouteText[id=38a82a0d-69fc-4d87-a6d1-ec924f6828ee] Adding new dynamic property: PropertyDescriptor[simple]
[pool-3969-thread-1] INFO org.apache.nifi.processors.standard.RouteText - RouteText[id=38a82a0d-69fc-4d87-a6d1-ec924f6828ee] Created FlowFile[3295,90491850572455.mockFlowFile,24B] from FlowFile[3294,90491850572455.mockFlowFile,24B]; routing to relationship simple
[pool-3969-thread-1] INFO org.apache.nifi.processors.standard.RouteText - RouteText[id=38a82a0d-69fc-4d87-a6d1-ec924f6828ee] Routing FlowFile[3294,90491850572455.mockFlowFile,24B] to original
[main] DEBUG org.apache.nifi.processors.standard.RouteText - RouteText[id=38a82a0d-69fc-4d87-a6d1-ec924f6828ee] Adding new dynamic property: PropertyDescriptor[simple]
[pool-3970-thread-1] INFO org.apache.nifi.processors.standard.RouteText - RouteText[id=38a82a0d-69fc-4d87-a6d1-ec924f6828ee] Created FlowFile[3297,90491851001828.mockFlowFile,24B] from FlowFile[3296,90491851001828.mockFlowFile,24B]; routing to relationship simple
[pool-3970-thread-1] INFO org.apache.nifi.processors.standard.RouteText - RouteText[id=38a82a0d-69fc-4d87-a6d1-ec924f6828ee] Routing FlowFile[3296,90491851001828.mockFlowFile,24B] to original
[main] DEBUG org.apache.nifi.processors.standard.RouteText - RouteText[id=38a82a0d-69fc-4d87-a6d1-ec924f6828ee] Adding new dynamic property: PropertyDescriptor[simple]
[pool-3971-thread-1] INFO org.apache.nifi.processors.standard.RouteText - RouteText[id=38a82a0d-69fc-4d87-a6d1-ec924f6828ee] Created FlowFile[3299,90491851417193.mockFlowFile,24B] from FlowFile[3298,90491851417193.mockFlowFile,24B]; routing to relationship simple
[pool-3971-thread-1] INFO org.apache.nifi.processors.standard.RouteText - RouteText[id=38a82a0d-69fc-4d87-a6d1-ec924f6828ee] Routing FlowFile[3298,90491851417193.mockFlowFile,24B] to original
[main] DEBUG org.apache.nifi.processors.standard.RouteText - RouteText[id=38a82a0d-69fc-4d87-a6d1-ec924f6828ee] Adding new dynamic property: PropertyDescriptor[simple]
[pool-3972-thread-1] INFO org.apache.nifi.processors.standard.RouteText - RouteText[id=38a82a0d-69fc-4d87-a6d1-ec924f6828ee] Created FlowFile[3301,90491851812325.mockFlowFile,24B] from FlowFile[3300,90491851812325.mockFlowFile,24B]; routing to relationship simple
[pool-3972-thread-1] INFO org.apache.nifi.processors.standard.RouteText - RouteText[id=38a82a0d-69fc-4d87-a6d1-ec924f6828ee] Routing FlowFile[3300,90491851812325.mockFlowFile,24B] to original
[main] DEBUG org.apache.nifi.processors.standard.RouteText - RouteText[id=38a82a0d-69fc-4d87-a6d1-ec924f6828ee] Adding new dynamic property: PropertyDescriptor[simple]
[pool-3973-thread-1] INFO org.apache.nifi.processors.standard.RouteText - RouteText[id=38a82a0d-69fc-4d87-a6d1-ec924f6828ee] Created FlowFile[3303,90491852236614.mockFlowFile,24B] from FlowFile[3302,90491852236614.mockFlowFile,24B]; routing to relationship simple
[pool-3973-thread-1] INFO org.apache.nifi.processors.standard.RouteText - RouteText[id=38a82a0d-69fc-4d87-a6d1-ec924f6828ee] Routing FlowFile[3302,90491852236614.mockFlowFile,24B] to original
[main] DEBUG org.apache.nifi.processors.standard.RouteText - RouteText[id=38a82a0d-69fc-4d87-a6d1-ec924f6828ee] Adding new dynamic property: PropertyDescriptor[simple]
[pool-3974-thread-1] INFO org.apache.nifi.processors.standard.RouteText - RouteText[id=38a82a0d-69fc-4d87-a6d1-ec924f6828ee] Created FlowFile[3305,90491852625486.mockFlowFile,24B] from FlowFile[3304,90491852625486.mockFlowFile,24B]; routing to relationship simple
[pool-3974-thread-1] INFO org.apache.nifi.processors.standard.RouteText - RouteText[id=38a82a0d-69fc-4d87-a6d1-ec924f6828ee] Routing FlowFile[3304,90491852625486.mockFlowFile,24B] to original
[main] DEBUG org.apache.nifi.processors.standard.RouteText - RouteText[id=38a82a0d-69fc-4d87-a6d1-ec924f6828ee] Adding new dynamic property: PropertyDescriptor[simple]
[pool-3975-thread-1] INFO org.apache.nifi.processors.standard.RouteText - RouteText[id=38a82a0d-69fc-4d87-a6d1-ec924f6828ee] Created FlowFile[3307,90491853024972.mockFlowFile,24B] from FlowFile[3306,90491853024972.mockFlowFile,24B]; routing to relationship simple
[pool-3975-thread-1] INFO org.apache.nifi.processors.standard.RouteText - RouteText[id=38a82a0d-69fc-4d87-a6d1-ec924f6828ee] Routing FlowFile[3306,90491853024972.mockFlowFile,24B] to original
[main] DEBUG org.apache.nifi.processors.standard.RouteText - RouteText[id=38a82a0d-69fc-4d87-a6d1-ec924f6828ee] Adding new dynamic property: PropertyDescriptor[simple]
[pool-3976-thread-1] INFO org.apache.nifi.processors.standard.RouteText - RouteText[id=38a82a0d-69fc-4d87-a6d1-ec924f6828ee] Created FlowFile[3309,90491853431876.mockFlowFile,24B] from FlowFile[3308,90491853431876.mockFlowFile,24B]; routing to relationship simple
[pool-3976-thread-1] INFO org.apache.nifi.processors.standard.RouteText - RouteText[id=38a82a0d-69fc-4d87-a6d1-ec924f6828ee] Routing FlowFile[3308,90491853431876.mockFlowFile,24B] to original
[main] DEBUG org.apache.nifi.processors.standard.RouteText - RouteText[id=38a82a0d-69fc-4d87-a6d1-ec924f6828ee] Adding new dynamic property: PropertyDescriptor[simple]
[pool-3977-thread-1] INFO org.apache.nifi.processors.standard.RouteText - RouteText[id=38a82a0d-69fc-4d87-a6d1-ec924f6828ee] Created FlowFile[3311,90491853832999.mockFlowFile,24B] from FlowFile[3310,90491853832999.mockFlowFile,24B]; routing to relationship simple
[pool-3977-thread-1] INFO org.apache.nifi.processors.standard.RouteText - RouteText[id=38a82a0d-69fc-4d87-a6d1-ec924f6828ee] Routing FlowFile[3310,90491853832999.mockFlowFile,24B] to original
[main] DEBUG org.apache.nifi.processors.standard.RouteText - RouteText[id=38a82a0d-69fc-4d87-a6d1-ec924f6828ee] Adding new dynamic property: PropertyDescriptor[simple]
[pool-3978-thread-1] INFO org.apache.nifi.processors.standard.RouteText - RouteText[id=38a82a0d-69fc-4d87-a6d1-ec924f6828ee] Created FlowFile[3313,90491854257437.mockFlowFile,24B] from FlowFile[3312,90491854257437.mockFlowFile,24B]; routing to relationship simple
[pool-3978-thread-1] INFO org.apache.nifi.processors.standard.RouteText - RouteText[id=38a82a0d-69fc-4d87-a6d1-ec924f6828ee] Routing FlowFile[3312,90491854257437.mockFlowFile,24B] to original
[main] DEBUG org.apache.nifi.processors.standard.RouteText - RouteText[id=38a82a0d-69fc-4d87-a6d1-ec924f6828ee] Adding new dynamic property: PropertyDescriptor[simple]
[pool-3979-thread-1] INFO org.apache.nifi.processors.standard.RouteText - RouteText[id=38a82a0d-69fc-4d87-a6d1-ec924f6828ee] Created FlowFile[3315,90491854663314.mockFlowFile,24B] from FlowFile[3314,90491854663314.mockFlowFile,24B]; routing to relationship simple
[pool-3979-thread-1] INFO org.apache.nifi.processors.standard.RouteText - RouteText[id=38a82a0d-69fc-4d87-a6d1-ec924f6828ee] Routing FlowFile[3314,90491854663314.mockFlowFile,24B] to original
[main] DEBUG org.apache.nifi.processors.standard.RouteText - RouteText[id=38a82a0d-69fc-4d87-a6d1-ec924f6828ee] Adding new dynamic property: PropertyDescriptor[simple]
[pool-3980-thread-1] INFO org.apache.nifi.processors.standard.RouteText - RouteText[id=38a82a0d-69fc-4d87-a6d1-ec924f6828ee] Created FlowFile[3317,90491855052344.mockFlowFile,24B] from FlowFile[3316,90491855052344.mockFlowFile,24B]; routing to relationship simple
[pool-3980-thread-1] INFO org.apache.nifi.processors.standard.RouteText - RouteText[id=38a82a0d-69fc-4d87-a6d1-ec924f6828ee] Routing FlowFile[3316,90491855052344.mockFlowFile,24B] to original
[main] DEBUG org.apache.nifi.processors.standard.RouteText - RouteText[id=38a82a0d-69fc-4d87-a6d1-ec924f6828ee] Adding new dynamic property: PropertyDescriptor[simple]
[pool-3981-thread-1] INFO org.apache.nifi.processors.standard.RouteText - RouteText[id=38a82a0d-69fc-4d87-a6d1-ec924f6828ee] Created FlowFile[3319,90491855583895.mockFlowFile,24B] from FlowFile[3318,90491855583895.mockFlowFile,24B]; routing to relationship simple
[pool-3981-thread-1] INFO org.apache.nifi.processors.standard.RouteText - RouteText[id=38a82a0d-69fc-4d87-a6d1-ec924f6828ee] Routing FlowFile[3318,90491855583895.mockFlowFile,24B] to original
[main] DEBUG org.apache.nifi.processors.standard.RouteText - RouteText[id=38a82a0d-69fc-4d87-a6d1-ec924f6828ee] Adding new dynamic property: PropertyDescriptor[simple]
[pool-3982-thread-1] INFO org.apache.nifi.processors.standard.RouteText - RouteText[id=38a82a0d-69fc-4d87-a6d1-ec924f6828ee] Created FlowFile[3321,90491856086538.mockFlowFile,24B] from FlowFile[3320,90491856086538.mockFlowFile,24B]; routing to relationship simple
[pool-3982-thread-1] INFO org.apache.nifi.processors.standard.RouteText - RouteText[id=38a82a0d-69fc-4d87-a6d1-ec924f6828ee] Routing FlowFile[3320,90491856086538.mockFlowFile,24B] to original
[main] DEBUG org.apache.nifi.processors.standard.RouteText - RouteText[id=38a82a0d-69fc-4d87-a6d1-ec924f6828ee] Adding new dynamic property: PropertyDescriptor[simple]
[pool-3983-thread-1] INFO org.apache.nifi.processors.standard.RouteText - RouteText[id=38a82a0d-69fc-4d87-a6d1-ec924f6828ee] Created FlowFile[3323,90491856527841.mockFlowFile,24B] from FlowFile[3322,90491856527841.mockFlowFile,24B]; routing to relationship simple
[pool-3983-thread-1] INFO org.apache.nifi.processors.standard.RouteText - RouteText[id=38a82a0d-69fc-4d87-a6d1-ec924f6828ee] Routing FlowFile[3322,90491856527841.mockFlowFile,24B] to original
[main] DEBUG org.apache.nifi.processors.standard.RouteText - RouteText[id=38a82a0d-69fc-4d87-a6d1-ec924f6828ee] Adding new dynamic property: PropertyDescriptor[simple]
[pool-3984-thread-1] INFO org.apache.nifi.processors.standard.RouteText - RouteText[id=38a82a0d-69fc-4d87-a6d1-ec924f6828ee] Created FlowFile[3325,90491856938552.mockFlowFile,24B] from FlowFile[3324,90491856938552.mockFlowFile,24B]; routing to relationship simple
[pool-3984-thread-1] INFO org.apache.nifi.processors.standard.RouteText - RouteText[id=38a82a0d-69fc-4d87-a6d1-ec924f6828ee] Routing FlowFile[3324,90491856938552.mockFlowFile,24B] to original
[main] DEBUG org.apache.nifi.processors.standard.RouteText - RouteText[id=38a82a0d-69fc-4d87-a6d1-ec924f6828ee] Adding new dynamic property: PropertyDescriptor[simple]
[pool-3985-thread-1] INFO org.apache.nifi.processors.standard.RouteText - RouteText[id=38a82a0d-69fc-4d87-a6d1-ec924f6828ee] Created FlowFile[3327,90491857347340.mockFlowFile,24B] from FlowFile[3326,90491857347340.mockFlowFile,24B]; routing to relationship simple
[pool-3985-thread-1] INFO org.apache.nifi.processors.standard.RouteText - RouteText[id=38a82a0d-69fc-4d87-a6d1-ec924f6828ee] Routing FlowFile[3326,90491857347340.mockFlowFile,24B] to original
[main] DEBUG org.apache.nifi.processors.standard.RouteText - RouteText[id=38a82a0d-69fc-4d87-a6d1-ec924f6828ee] Adding new dynamic property: PropertyDescriptor[simple]
[pool-3986-thread-1] INFO org.apache.nifi.processors.standard.RouteText - RouteText[id=38a82a0d-69fc-4d87-a6d1-ec924f6828ee] Created FlowFile[3329,90491857846279.mockFlowFile,24B] from FlowFile[3328,90491857846279.mockFlowFile,24B]; routing to relationship simple
[pool-3986-thread-1] INFO org.apache.nifi.processors.standard.RouteText - RouteText[id=38a82a0d-69fc-4d87-a6d1-ec924f6828ee] Routing FlowFile[3328,90491857846279.mockFlowFile,24B] to original
[main] DEBUG org.apache.nifi.processors.standard.RouteText - RouteText[id=38a82a0d-69fc-4d87-a6d1-ec924f6828ee] Adding new dynamic property: PropertyDescriptor[simple]
[pool-3987-thread-1] INFO org.apache.nifi.processors.standard.RouteText - RouteText[id=38a82a0d-69fc-4d87-a6d1-ec924f6828ee] Created FlowFile[3331,90491858308790.mockFlowFile,24B] from FlowFile[3330,90491858308790.mockFlowFile,24B]; routing to relationship simple
[pool-3987-thread-1] INFO org.apache.nifi.processors.standard.RouteText - RouteText[id=38a82a0d-69fc-4d87-a6d1-ec924f6828ee] Routing FlowFile[3330,90491858308790.mockFlowFile,24B] to original
[main] DEBUG org.apache.nifi.processors.standard.RouteText - RouteText[id=38a82a0d-69fc-4d87-a6d1-ec924f6828ee] Adding new dynamic property: PropertyDescriptor[simple]
[pool-3988-thread-1] INFO org.apache.nifi.processors.standard.RouteText - RouteText[id=38a82a0d-69fc-4d87-a6d1-ec924f6828ee] Created FlowFile[3333,90491858761446.mockFlowFile,24B] from FlowFile[3332,90491858761446.mockFlowFile,24B]; routing to relationship simple
[pool-3988-thread-1] INFO org.apache.nifi.processors.standard.RouteText - RouteText[id=38a82a0d-69fc-4d87-a6d1-ec924f6828ee] Routing FlowFile[3332,90491858761446.mockFlowFile,24B] to original
[main] DEBUG org.apache.nifi.processors.standard.RouteText - RouteText[id=38a82a0d-69fc-4d87-a6d1-ec924f6828ee] Adding new dynamic property: PropertyDescriptor[simple]
[pool-3989-thread-1] INFO org.apache.nifi.processors.standard.RouteText - RouteText[id=38a82a0d-69fc-4d87-a6d1-ec924f6828ee] Created FlowFile[3335,90491859188806.mockFlowFile,24B] from FlowFile[3334,90491859188806.mockFlowFile,24B]; routing to relationship simple
[pool-3989-thread-1] INFO org.apache.nifi.processors.standard.RouteText - RouteText[id=38a82a0d-69fc-4d87-a6d1-ec924f6828ee] Routing FlowFile[3334,90491859188806.mockFlowFile,24B] to original
[main] DEBUG org.apache.nifi.processors.standard.RouteText - RouteText[id=38a82a0d-69fc-4d87-a6d1-ec924f6828ee] Adding new dynamic property: PropertyDescriptor[simple]
[pool-3990-thread-1] INFO org.apache.nifi.processors.standard.RouteText - RouteText[id=38a82a0d-69fc-4d87-a6d1-ec924f6828ee] Created FlowFile[3337,90491859627282.mockFlowFile,24B] from FlowFile[3336,90491859627282.mockFlowFile,24B]; routing to relationship simple
[pool-3990-thread-1] INFO org.apache.nifi.processors.standard.RouteText - RouteText[id=38a82a0d-69fc-4d87-a6d1-ec924f6828ee] Routing FlowFile[3336,90491859627282.mockFlowFile,24B] to original
[main] DEBUG org.apache.nifi.processors.standard.RouteText - RouteText[id=38a82a0d-69fc-4d87-a6d1-ec924f6828ee] Adding new dynamic property: PropertyDescriptor[simple]
[pool-3991-thread-1] INFO org.apache.nifi.processors.standard.RouteText - RouteText[id=38a82a0d-69fc-4d87-a6d1-ec924f6828ee] Created FlowFile[3339,90491860087948.mockFlowFile,24B] from FlowFile[3338,90491860087948.mockFlowFile,24B]; routing to relationship simple
[pool-3991-thread-1] INFO org.apache.nifi.processors.standard.RouteText - RouteText[id=38a82a0d-69fc-4d87-a6d1-ec924f6828ee] Routing FlowFile[3338,90491860087948.mockFlowFile,24B] to original
[main] DEBUG org.apache.nifi.processors.standard.RouteText - RouteText[id=38a82a0d-69fc-4d87-a6d1-ec924f6828ee] Adding new dynamic property: PropertyDescriptor[simple]
[pool-3992-thread-1] INFO org.apache.nifi.processors.standard.RouteText - RouteText[id=38a82a0d-69fc-4d87-a6d1-ec924f6828ee] Created FlowFile[3341,90491860534170.mockFlowFile,24B] from FlowFile[3340,90491860534170.mockFlowFile,24B]; routing to relationship simple
[pool-3992-thread-1] INFO org.apache.nifi.processors.standard.RouteText - RouteText[id=38a82a0d-69fc-4d87-a6d1-ec924f6828ee] Routing FlowFile[3340,90491860534170.mockFlowFile,24B] to original
[main] DEBUG org.apache.nifi.processors.standard.RouteText - RouteText[id=38a82a0d-69fc-4d87-a6d1-ec924f6828ee] Adding new dynamic property: PropertyDescriptor[simple]
[pool-3993-thread-1] INFO org.apache.nifi.processors.standard.RouteText - RouteText[id=38a82a0d-69fc-4d87-a6d1-ec924f6828ee] Created FlowFile[3343,90491861033866.mockFlowFile,24B] from FlowFile[3342,90491861033866.mockFlowFile,24B]; routing to relationship simple
[pool-3993-thread-1] INFO org.apache.nifi.processors.standard.RouteText - RouteText[id=38a82a0d-69fc-4d87-a6d1-ec924f6828ee] Routing FlowFile[3342,90491861033866.mockFlowFile,24B] to original
[main] DEBUG org.apache.nifi.processors.standard.RouteText - RouteText[id=38a82a0d-69fc-4d87-a6d1-ec924f6828ee] Adding new dynamic property: PropertyDescriptor[simple]
[pool-3994-thread-1] INFO org.apache.nifi.processors.standard.RouteText - RouteText[id=38a82a0d-69fc-4d87-a6d1-ec924f6828ee] Created FlowFile[3345,90491861523995.mockFlowFile,24B] from FlowFile[3344,90491861523995.mockFlowFile,24B]; routing to relationship simple
[pool-3994-thread-1] INFO org.apache.nifi.processors.standard.RouteText - RouteText[id=38a82a0d-69fc-4d87-a6d1-ec924f6828ee] Routing FlowFile[3344,90491861523995.mockFlowFile,24B] to original
[main] DEBUG org.apache.nifi.processors.standard.RouteText - RouteText[id=38a82a0d-69fc-4d87-a6d1-ec924f6828ee] Adding new dynamic property: PropertyDescriptor[simple]
[pool-3995-thread-1] INFO org.apache.nifi.processors.standard.RouteText - RouteText[id=38a82a0d-69fc-4d87-a6d1-ec924f6828ee] Created FlowFile[3347,90491861978363.mockFlowFile,24B] from FlowFile[3346,90491861978363.mockFlowFile,24B]; routing to relationship simple
[pool-3995-thread-1] INFO org.apache.nifi.processors.standard.RouteText - RouteText[id=38a82a0d-69fc-4d87-a6d1-ec924f6828ee] Routing FlowFile[3346,90491861978363.mockFlowFile,24B] to original
[main] DEBUG org.apache.nifi.processors.standard.RouteText - RouteText[id=38a82a0d-69fc-4d87-a6d1-ec924f6828ee] Adding new dynamic property: PropertyDescriptor[simple]
[pool-3996-thread-1] INFO org.apache.nifi.processors.standard.RouteText - RouteText[id=38a82a0d-69fc-4d87-a6d1-ec924f6828ee] Created FlowFile[3349,90491862425016.mockFlowFile,24B] from FlowFile[3348,90491862425016.mockFlowFile,24B]; routing to relationship simple
[pool-3996-thread-1] INFO org.apache.nifi.processors.standard.RouteText - RouteText[id=38a82a0d-69fc-4d87-a6d1-ec924f6828ee] Routing FlowFile[3348,90491862425016.mockFlowFile,24B] to original
[main] DEBUG org.apache.nifi.processors.standard.RouteText - RouteText[id=38a82a0d-69fc-4d87-a6d1-ec924f6828ee] Adding new dynamic property: PropertyDescriptor[simple]
[pool-3997-thread-1] INFO org.apache.nifi.processors.standard.RouteText - RouteText[id=38a82a0d-69fc-4d87-a6d1-ec924f6828ee] Created FlowFile[3351,90491862863778.mockFlowFile,24B] from FlowFile[3350,90491862863778.mockFlowFile,24B]; routing to relationship simple
[pool-3997-thread-1] INFO org.apache.nifi.processors.standard.RouteText - RouteText[id=38a82a0d-69fc-4d87-a6d1-ec924f6828ee] Routing FlowFile[3350,90491862863778.mockFlowFile,24B] to original
[main] DEBUG org.apache.nifi.processors.standard.RouteText - RouteText[id=38a82a0d-69fc-4d87-a6d1-ec924f6828ee] Adding new dynamic property: PropertyDescriptor[simple]
[pool-3998-thread-1] INFO org.apache.nifi.processors.standard.RouteText - RouteText[id=38a82a0d-69fc-4d87-a6d1-ec924f6828ee] Created FlowFile[3353,90491863335886.mockFlowFile,24B] from FlowFile[3352,90491863335886.mockFlowFile,24B]; routing to relationship simple
[pool-3998-thread-1] INFO org.apache.nifi.processors.standard.RouteText - RouteText[id=38a82a0d-69fc-4d87-a6d1-ec924f6828ee] Routing FlowFile[3352,90491863335886.mockFlowFile,24B] to original
[main] DEBUG org.apache.nifi.processors.standard.RouteText - RouteText[id=38a82a0d-69fc-4d87-a6d1-ec924f6828ee] Adding new dynamic property: PropertyDescriptor[simple]
[pool-3999-thread-1] INFO org.apache.nifi.processors.standard.RouteText - RouteText[id=38a82a0d-69fc-4d87-a6d1-ec924f6828ee] Created FlowFile[3355,90491863818542.mockFlowFile,24B] from FlowFile[3354,90491863818542.mockFlowFile,24B]; routing to relationship simple
[pool-3999-thread-1] INFO org.apache.nifi.processors.standard.RouteText - RouteText[id=38a82a0d-69fc-4d87-a6d1-ec924f6828ee] Routing FlowFile[3354,90491863818542.mockFlowFile,24B] to original
[main] DEBUG org.apache.nifi.processors.standard.RouteText - RouteText[id=38a82a0d-69fc-4d87-a6d1-ec924f6828ee] Adding new dynamic property: PropertyDescriptor[simple]
[pool-4000-thread-1] INFO org.apache.nifi.processors.standard.RouteText - RouteText[id=38a82a0d-69fc-4d87-a6d1-ec924f6828ee] Created FlowFile[3357,90491864301739.mockFlowFile,24B] from FlowFile[3356,90491864301739.mockFlowFile,24B]; routing to relationship simple
[pool-4000-thread-1] INFO org.apache.nifi.processors.standard.RouteText - RouteText[id=38a82a0d-69fc-4d87-a6d1-ec924f6828ee] Routing FlowFile[3356,90491864301739.mockFlowFile,24B] to original
[main] DEBUG org.apache.nifi.processors.standard.RouteText - RouteText[id=38a82a0d-69fc-4d87-a6d1-ec924f6828ee] Adding new dynamic property: PropertyDescriptor[simple]
[pool-4001-thread-1] INFO org.apache.nifi.processors.standard.RouteText - RouteText[id=38a82a0d-69fc-4d87-a6d1-ec924f6828ee] Created FlowFile[3359,90491864741086.mockFlowFile,24B] from FlowFile[3358,90491864741086.mockFlowFile,24B]; routing to relationship simple
[pool-4001-thread-1] INFO org.apache.nifi.processors.standard.RouteText - RouteText[id=38a82a0d-69fc-4d87-a6d1-ec924f6828ee] Routing FlowFile[3358,90491864741086.mockFlowFile,24B] to original
[main] DEBUG org.apache.nifi.processors.standard.RouteText - RouteText[id=38a82a0d-69fc-4d87-a6d1-ec924f6828ee] Adding new dynamic property: PropertyDescriptor[simple]
[pool-4002-thread-1] INFO org.apache.nifi.processors.standard.RouteText - RouteText[id=38a82a0d-69fc-4d87-a6d1-ec924f6828ee] Created FlowFile[3361,90491865219938.mockFlowFile,24B] from FlowFile[3360,90491865219938.mockFlowFile,24B]; routing to relationship simple
[pool-4002-thread-1] INFO org.apache.nifi.processors.standard.RouteText - RouteText[id=38a82a0d-69fc-4d87-a6d1-ec924f6828ee] Routing FlowFile[3360,90491865219938.mockFlowFile,24B] to original
[main] DEBUG org.apache.nifi.processors.standard.RouteText - RouteText[id=38a82a0d-69fc-4d87-a6d1-ec924f6828ee] Adding new dynamic property: PropertyDescriptor[simple]
[pool-4003-thread-1] INFO org.apache.nifi.processors.standard.RouteText - RouteText[id=38a82a0d-69fc-4d87-a6d1-ec924f6828ee] Created FlowFile[3363,90491865662262.mockFlowFile,24B] from FlowFile[3362,90491865662262.mockFlowFile,24B]; routing to relationship simple
[pool-4003-thread-1] INFO org.apache.nifi.processors.standard.RouteText - RouteText[id=38a82a0d-69fc-4d87-a6d1-ec924f6828ee] Routing FlowFile[3362,90491865662262.mockFlowFile,24B] to original
[main] DEBUG org.apache.nifi.processors.standard.RouteText - RouteText[id=38a82a0d-69fc-4d87-a6d1-ec924f6828ee] Adding new dynamic property: PropertyDescriptor[simple]
[pool-4004-thread-1] INFO org.apache.nifi.processors.standard.RouteText - RouteText[id=38a82a0d-69fc-4d87-a6d1-ec924f6828ee] Created FlowFile[3365,90491866072807.mockFlowFile,24B] from FlowFile[3364,90491866072807.mockFlowFile,24B]; routing to relationship simple
[pool-4004-thread-1] INFO org.apache.nifi.processors.standard.RouteText - RouteText[id=38a82a0d-69fc-4d87-a6d1-ec924f6828ee] Routing FlowFile[3364,90491866072807.mockFlowFile,24B] to original
[main] DEBUG org.apache.nifi.processors.standard.RouteText - RouteText[id=38a82a0d-69fc-4d87-a6d1-ec924f6828ee] Adding new dynamic property: PropertyDescriptor[simple]
[pool-4005-thread-1] INFO org.apache.nifi.processors.standard.RouteText - RouteText[id=38a82a0d-69fc-4d87-a6d1-ec924f6828ee] Created FlowFile[3367,90491866511070.mockFlowFile,24B] from FlowFile[3366,90491866511070.mockFlowFile,24B]; routing to relationship simple
[pool-4005-thread-1] INFO org.apache.nifi.processors.standard.RouteText - RouteText[id=38a82a0d-69fc-4d87-a6d1-ec924f6828ee] Routing FlowFile[3366,90491866511070.mockFlowFile,24B] to original
[main] DEBUG org.apache.nifi.processors.standard.RouteText - RouteText[id=38a82a0d-69fc-4d87-a6d1-ec924f6828ee] Adding new dynamic property: PropertyDescriptor[simple]
[pool-4006-thread-1] INFO org.apache.nifi.processors.standard.RouteText - RouteText[id=38a82a0d-69fc-4d87-a6d1-ec924f6828ee] Created FlowFile[3369,90491866970112.mockFlowFile,24B] from FlowFile[3368,90491866970112.mockFlowFile,24B]; routing to relationship simple
[pool-4006-thread-1] INFO org.apache.nifi.processors.standard.RouteText - RouteText[id=38a82a0d-69fc-4d87-a6d1-ec924f6828ee] Routing FlowFile[3368,90491866970112.mockFlowFile,24B] to original
[main] DEBUG org.apache.nifi.processors.standard.RouteText - RouteText[id=38a82a0d-69fc-4d87-a6d1-ec924f6828ee] Adding new dynamic property: PropertyDescriptor[simple]
[pool-4007-thread-1] INFO org.apache.nifi.processors.standard.RouteText - RouteText[id=38a82a0d-69fc-4d87-a6d1-ec924f6828ee] Created FlowFile[3371,90491867472756.mockFlowFile,24B] from FlowFile[3370,90491867472756.mockFlowFile,24B]; routing to relationship simple
[pool-4007-thread-1] INFO org.apache.nifi.processors.standard.RouteText - RouteText[id=38a82a0d-69fc-4d87-a6d1-ec924f6828ee] Routing FlowFile[3370,90491867472756.mockFlowFile,24B] to original
[main] DEBUG org.apache.nifi.processors.standard.RouteText - RouteText[id=38a82a0d-69fc-4d87-a6d1-ec924f6828ee] Adding new dynamic property: PropertyDescriptor[simple]
[pool-4008-thread-1] INFO org.apache.nifi.processors.standard.RouteText - RouteText[id=38a82a0d-69fc-4d87-a6d1-ec924f6828ee] Created FlowFile[3373,90491867980444.mockFlowFile,24B] from FlowFile[3372,90491867980444.mockFlowFile,24B]; routing to relationship simple
[pool-4008-thread-1] INFO org.apache.nifi.processors.standard.RouteText - RouteText[id=38a82a0d-69fc-4d87-a6d1-ec924f6828ee] Routing FlowFile[3372,90491867980444.mockFlowFile,24B] to original
[main] DEBUG org.apache.nifi.processors.standard.RouteText - RouteText[id=38a82a0d-69fc-4d87-a6d1-ec924f6828ee] Adding new dynamic property: PropertyDescriptor[simple]
[pool-4009-thread-1] INFO org.apache.nifi.processors.standard.RouteText - RouteText[id=38a82a0d-69fc-4d87-a6d1-ec924f6828ee] Created FlowFile[3375,90491868444747.mockFlowFile,24B] from FlowFile[3374,90491868444747.mockFlowFile,24B]; routing to relationship simple
[pool-4009-thread-1] INFO org.apache.nifi.processors.standard.RouteText - RouteText[id=38a82a0d-69fc-4d87-a6d1-ec924f6828ee] Routing FlowFile[3374,90491868444747.mockFlowFile,24B] to original
[main] DEBUG org.apache.nifi.processors.standard.RouteText - RouteText[id=38a82a0d-69fc-4d87-a6d1-ec924f6828ee] Adding new dynamic property: PropertyDescriptor[simple]
[pool-4010-thread-1] INFO org.apache.nifi.processors.standard.RouteText - RouteText[id=38a82a0d-69fc-4d87-a6d1-ec924f6828ee] Created FlowFile[3377,90491868925601.mockFlowFile,24B] from FlowFile[3376,90491868925601.mockFlowFile,24B]; routing to relationship simple
[pool-4010-thread-1] INFO org.apache.nifi.processors.standard.RouteText - RouteText[id=38a82a0d-69fc-4d87-a6d1-ec924f6828ee] Routing FlowFile[3376,90491868925601.mockFlowFile,24B] to original
[main] DEBUG org.apache.nifi.processors.standard.RouteText - RouteText[id=38a82a0d-69fc-4d87-a6d1-ec924f6828ee] Adding new dynamic property: PropertyDescriptor[simple]
[pool-4011-thread-1] INFO org.apache.nifi.processors.standard.RouteText - RouteText[id=38a82a0d-69fc-4d87-a6d1-ec924f6828ee] Created FlowFile[3379,90491869393101.mockFlowFile,24B] from FlowFile[3378,90491869393101.mockFlowFile,24B]; routing to relationship simple
[pool-4011-thread-1] INFO org.apache.nifi.processors.standard.RouteText - RouteText[id=38a82a0d-69fc-4d87-a6d1-ec924f6828ee] Routing FlowFile[3378,90491869393101.mockFlowFile,24B] to original
[main] DEBUG org.apache.nifi.processors.standard.RouteText - RouteText[id=38a82a0d-69fc-4d87-a6d1-ec924f6828ee] Adding new dynamic property: PropertyDescriptor[simple]
[pool-4012-thread-1] INFO org.apache.nifi.processors.standard.RouteText - RouteText[id=38a82a0d-69fc-4d87-a6d1-ec924f6828ee] Created FlowFile[3381,90491869857139.mockFlowFile,24B] from FlowFile[3380,90491869857139.mockFlowFile,24B]; routing to relationship simple
[pool-4012-thread-1] INFO org.apache.nifi.processors.standard.RouteText - RouteText[id=38a82a0d-69fc-4d87-a6d1-ec924f6828ee] Routing FlowFile[3380,90491869857139.mockFlowFile,24B] to original
[main] DEBUG org.apache.nifi.processors.standard.RouteText - RouteText[id=38a82a0d-69fc-4d87-a6d1-ec924f6828ee] Adding new dynamic property: PropertyDescriptor[simple]
[pool-4013-thread-1] INFO org.apache.nifi.processors.standard.RouteText - RouteText[id=38a82a0d-69fc-4d87-a6d1-ec924f6828ee] Created FlowFile[3383,90491870291868.mockFlowFile,24B] from FlowFile[3382,90491870291868.mockFlowFile,24B]; routing to relationship simple
[pool-4013-thread-1] INFO org.apache.nifi.processors.standard.RouteText - RouteText[id=38a82a0d-69fc-4d87-a6d1-ec924f6828ee] Routing FlowFile[3382,90491870291868.mockFlowFile,24B] to original
[main] DEBUG org.apache.nifi.processors.standard.RouteText - RouteText[id=38a82a0d-69fc-4d87-a6d1-ec924f6828ee] Adding new dynamic property: PropertyDescriptor[simple]
[pool-4014-thread-1] INFO org.apache.nifi.processors.standard.RouteText - RouteText[id=38a82a0d-69fc-4d87-a6d1-ec924f6828ee] Created FlowFile[3385,90491870724811.mockFlowFile,24B] from FlowFile[3384,90491870724811.mockFlowFile,24B]; routing to relationship simple
[pool-4014-thread-1] INFO org.apache.nifi.processors.standard.RouteText - RouteText[id=38a82a0d-69fc-4d87-a6d1-ec924f6828ee] Routing FlowFile[3384,90491870724811.mockFlowFile,24B] to original
[main] DEBUG org.apache.nifi.processors.standard.RouteText - RouteText[id=38a82a0d-69fc-4d87-a6d1-ec924f6828ee] Adding new dynamic property: PropertyDescriptor[simple]
[pool-4015-thread-1] INFO org.apache.nifi.processors.standard.RouteText - RouteText[id=38a82a0d-69fc-4d87-a6d1-ec924f6828ee] Created FlowFile[3387,90491871192898.mockFlowFile,24B] from FlowFile[3386,90491871192898.mockFlowFile,24B]; routing to relationship simple
[pool-4015-thread-1] INFO org.apache.nifi.processors.standard.RouteText - RouteText[id=38a82a0d-69fc-4d87-a6d1-ec924f6828ee] Routing FlowFile[3386,90491871192898.mockFlowFile,24B] to original
[main] DEBUG org.apache.nifi.processors.standard.RouteText - RouteText[id=38a82a0d-69fc-4d87-a6d1-ec924f6828ee] Adding new dynamic property: PropertyDescriptor[simple]
[pool-4016-thread-1] INFO org.apache.nifi.processors.standard.RouteText - RouteText[id=38a82a0d-69fc-4d87-a6d1-ec924f6828ee] Created FlowFile[3389,90491871657306.mockFlowFile,24B] from FlowFile[3388,90491871657306.mockFlowFile,24B]; routing to relationship simple
[pool-4016-thread-1] INFO org.apache.nifi.processors.standard.RouteText - RouteText[id=38a82a0d-69fc-4d87-a6d1-ec924f6828ee] Routing FlowFile[3388,90491871657306.mockFlowFile,24B] to original
[main] DEBUG org.apache.nifi.processors.standard.RouteText - RouteText[id=38a82a0d-69fc-4d87-a6d1-ec924f6828ee] Adding new dynamic property: PropertyDescriptor[simple]
[pool-4017-thread-1] INFO org.apache.nifi.processors.standard.RouteText - RouteText[id=38a82a0d-69fc-4d87-a6d1-ec924f6828ee] Created FlowFile[3391,90491872107362.mockFlowFile,24B] from FlowFile[3390,90491872107362.mockFlowFile,24B]; routing to relationship simple
[pool-4017-thread-1] INFO org.apache.nifi.processors.standard.RouteText - RouteText[id=38a82a0d-69fc-4d87-a6d1-ec924f6828ee] Routing FlowFile[3390,90491872107362.mockFlowFile,24B] to original
[main] DEBUG org.apache.nifi.processors.standard.RouteText - RouteText[id=38a82a0d-69fc-4d87-a6d1-ec924f6828ee] Adding new dynamic property: PropertyDescriptor[simple]
[pool-4018-thread-1] INFO org.apache.nifi.processors.standard.RouteText - RouteText[id=38a82a0d-69fc-4d87-a6d1-ec924f6828ee] Created FlowFile[3393,90491872549752.mockFlowFile,24B] from FlowFile[3392,90491872549752.mockFlowFile,24B]; routing to relationship simple
[pool-4018-thread-1] INFO org.apache.nifi.processors.standard.RouteText - RouteText[id=38a82a0d-69fc-4d87-a6d1-ec924f6828ee] Routing FlowFile[3392,90491872549752.mockFlowFile,24B] to original
[main] DEBUG org.apache.nifi.processors.standard.RouteText - RouteText[id=38a82a0d-69fc-4d87-a6d1-ec924f6828ee] Adding new dynamic property: PropertyDescriptor[simple]
[pool-4019-thread-1] INFO org.apache.nifi.processors.standard.RouteText - RouteText[id=38a82a0d-69fc-4d87-a6d1-ec924f6828ee] Created FlowFile[3395,90491873032959.mockFlowFile,24B] from FlowFile[3394,90491873032959.mockFlowFile,24B]; routing to relationship simple
[pool-4019-thread-1] INFO org.apache.nifi.processors.standard.RouteText - RouteText[id=38a82a0d-69fc-4d87-a6d1-ec924f6828ee] Routing FlowFile[3394,90491873032959.mockFlowFile,24B] to original
[main] DEBUG org.apache.nifi.processors.standard.RouteText - RouteText[id=38a82a0d-69fc-4d87-a6d1-ec924f6828ee] Adding new dynamic property: PropertyDescriptor[simple]
[pool-4020-thread-1] INFO org.apache.nifi.processors.standard.RouteText - RouteText[id=38a82a0d-69fc-4d87-a6d1-ec924f6828ee] Created FlowFile[3397,90491873531889.mockFlowFile,24B] from FlowFile[3396,90491873531889.mockFlowFile,24B]; routing to relationship simple
[pool-4020-thread-1] INFO org.apache.nifi.processors.standard.RouteText - RouteText[id=38a82a0d-69fc-4d87-a6d1-ec924f6828ee] Routing FlowFile[3396,90491873531889.mockFlowFile,24B] to original
[main] DEBUG org.apache.nifi.processors.standard.RouteText - RouteText[id=38a82a0d-69fc-4d87-a6d1-ec924f6828ee] Adding new dynamic property: PropertyDescriptor[simple]
[pool-4021-thread-1] INFO org.apache.nifi.processors.standard.RouteText - RouteText[id=38a82a0d-69fc-4d87-a6d1-ec924f6828ee] Created FlowFile[3399,90491873982651.mockFlowFile,24B] from FlowFile[3398,90491873982651.mockFlowFile,24B]; routing to relationship simple
[pool-4021-thread-1] INFO org.apache.nifi.processors.standard.RouteText - RouteText[id=38a82a0d-69fc-4d87-a6d1-ec924f6828ee] Routing FlowFile[3398,90491873982651.mockFlowFile,24B] to original
[main] DEBUG org.apache.nifi.processors.standard.RouteText - RouteText[id=38a82a0d-69fc-4d87-a6d1-ec924f6828ee] Adding new dynamic property: PropertyDescriptor[simple]
[pool-4022-thread-1] INFO org.apache.nifi.processors.standard.RouteText - RouteText[id=38a82a0d-69fc-4d87-a6d1-ec924f6828ee] Created FlowFile[3401,90491874369142.mockFlowFile,24B] from FlowFile[3400,90491874369142.mockFlowFile,24B]; routing to relationship simple
[pool-4022-thread-1] INFO org.apache.nifi.processors.standard.RouteText - RouteText[id=38a82a0d-69fc-4d87-a6d1-ec924f6828ee] Routing FlowFile[3400,90491874369142.mockFlowFile,24B] to original
[main] DEBUG org.apache.nifi.processors.standard.RouteText - RouteText[id=38a82a0d-69fc-4d87-a6d1-ec924f6828ee] Adding new dynamic property: PropertyDescriptor[simple]
[pool-4023-thread-1] INFO org.apache.nifi.processors.standard.RouteText - RouteText[id=38a82a0d-69fc-4d87-a6d1-ec924f6828ee] Created FlowFile[3403,90491874755856.mockFlowFile,24B] from FlowFile[3402,90491874755856.mockFlowFile,24B]; routing to relationship simple
[pool-4023-thread-1] INFO org.apache.nifi.processors.standard.RouteText - RouteText[id=38a82a0d-69fc-4d87-a6d1-ec924f6828ee] Routing FlowFile[3402,90491874755856.mockFlowFile,24B] to original
[main] DEBUG org.apache.nifi.processors.standard.RouteText - RouteText[id=38a82a0d-69fc-4d87-a6d1-ec924f6828ee] Adding new dynamic property: PropertyDescriptor[simple]
[pool-4024-thread-1] INFO org.apache.nifi.processors.standard.RouteText - RouteText[id=38a82a0d-69fc-4d87-a6d1-ec924f6828ee] Created FlowFile[3405,90491875150204.mockFlowFile,24B] from FlowFile[3404,90491875150204.mockFlowFile,24B]; routing to relationship simple
[pool-4024-thread-1] INFO org.apache.nifi.processors.standard.RouteText - RouteText[id=38a82a0d-69fc-4d87-a6d1-ec924f6828ee] Routing FlowFile[3404,90491875150204.mockFlowFile,24B] to original
[main] DEBUG org.apache.nifi.processors.standard.RouteText - RouteText[id=38a82a0d-69fc-4d87-a6d1-ec924f6828ee] Adding new dynamic property: PropertyDescriptor[simple]
[pool-4025-thread-1] INFO org.apache.nifi.processors.standard.RouteText - RouteText[id=38a82a0d-69fc-4d87-a6d1-ec924f6828ee] Created FlowFile[3407,90491875551479.mockFlowFile,24B] from FlowFile[3406,90491875551479.mockFlowFile,24B]; routing to relationship simple
[pool-4025-thread-1] INFO org.apache.nifi.processors.standard.RouteText - RouteText[id=38a82a0d-69fc-4d87-a6d1-ec924f6828ee] Routing FlowFile[3406,90491875551479.mockFlowFile,24B] to original
[main] DEBUG org.apache.nifi.processors.standard.RouteText - RouteText[id=38a82a0d-69fc-4d87-a6d1-ec924f6828ee] Adding new dynamic property: PropertyDescriptor[simple]
[pool-4026-thread-1] INFO org.apache.nifi.processors.standard.RouteText - RouteText[id=38a82a0d-69fc-4d87-a6d1-ec924f6828ee] Created FlowFile[3409,90491875953666.mockFlowFile,24B] from FlowFile[3408,90491875953666.mockFlowFile,24B]; routing to relationship simple
[pool-4026-thread-1] INFO org.apache.nifi.processors.standard.RouteText - RouteText[id=38a82a0d-69fc-4d87-a6d1-ec924f6828ee] Routing FlowFile[3408,90491875953666.mockFlowFile,24B] to original
[main] DEBUG org.apache.nifi.processors.standard.RouteText - RouteText[id=38a82a0d-69fc-4d87-a6d1-ec924f6828ee] Adding new dynamic property: PropertyDescriptor[simple]
[pool-4027-thread-1] INFO org.apache.nifi.processors.standard.RouteText - RouteText[id=38a82a0d-69fc-4d87-a6d1-ec924f6828ee] Created FlowFile[3411,90491876360136.mockFlowFile,24B] from FlowFile[3410,90491876360136.mockFlowFile,24B]; routing to relationship simple
[pool-4027-thread-1] INFO org.apache.nifi.processors.standard.RouteText - RouteText[id=38a82a0d-69fc-4d87-a6d1-ec924f6828ee] Routing FlowFile[3410,90491876360136.mockFlowFile,24B] to original
[main] DEBUG org.apache.nifi.processors.standard.RouteText - RouteText[id=38a82a0d-69fc-4d87-a6d1-ec924f6828ee] Adding new dynamic property: PropertyDescriptor[simple]
[pool-4028-thread-1] INFO org.apache.nifi.processors.standard.RouteText - RouteText[id=38a82a0d-69fc-4d87-a6d1-ec924f6828ee] Created FlowFile[3413,90491876755183.mockFlowFile,24B] from FlowFile[3412,90491876755183.mockFlowFile,24B]; routing to relationship simple
[pool-4028-thread-1] INFO org.apache.nifi.processors.standard.RouteText - RouteText[id=38a82a0d-69fc-4d87-a6d1-ec924f6828ee] Routing FlowFile[3412,90491876755183.mockFlowFile,24B] to original
[main] DEBUG org.apache.nifi.processors.standard.RouteText - RouteText[id=38a82a0d-69fc-4d87-a6d1-ec924f6828ee] Adding new dynamic property: PropertyDescriptor[simple]
[pool-4029-thread-1] INFO org.apache.nifi.processors.standard.RouteText - RouteText[id=38a82a0d-69fc-4d87-a6d1-ec924f6828ee] Created FlowFile[3415,90491877145965.mockFlowFile,24B] from FlowFile[3414,90491877145965.mockFlowFile,24B]; routing to relationship simple
[pool-4029-thread-1] INFO org.apache.nifi.processors.standard.RouteText - RouteText[id=38a82a0d-69fc-4d87-a6d1-ec924f6828ee] Routing FlowFile[3414,90491877145965.mockFlowFile,24B] to original
[main] DEBUG org.apache.nifi.processors.standard.RouteText - RouteText[id=38a82a0d-69fc-4d87-a6d1-ec924f6828ee] Adding new dynamic property: PropertyDescriptor[simple]
[pool-4030-thread-1] INFO org.apache.nifi.processors.standard.RouteText - RouteText[id=38a82a0d-69fc-4d87-a6d1-ec924f6828ee] Created FlowFile[3417,90491877537840.mockFlowFile,24B] from FlowFile[3416,90491877537840.mockFlowFile,24B]; routing to relationship simple
[pool-4030-thread-1] INFO org.apache.nifi.processors.standard.RouteText - RouteText[id=38a82a0d-69fc-4d87-a6d1-ec924f6828ee] Routing FlowFile[3416,90491877537840.mockFlowFile,24B] to original
[main] DEBUG org.apache.nifi.processors.standard.RouteText - RouteText[id=38a82a0d-69fc-4d87-a6d1-ec924f6828ee] Adding new dynamic property: PropertyDescriptor[simple]
[pool-4031-thread-1] INFO org.apache.nifi.processors.standard.RouteText - RouteText[id=38a82a0d-69fc-4d87-a6d1-ec924f6828ee] Created FlowFile[3419,90491877934910.mockFlowFile,24B] from FlowFile[3418,90491877934910.mockFlowFile,24B]; routing to relationship simple
[pool-4031-thread-1] INFO org.apache.nifi.processors.standard.RouteText - RouteText[id=38a82a0d-69fc-4d87-a6d1-ec924f6828ee] Routing FlowFile[3418,90491877934910.mockFlowFile,24B] to original
[main] DEBUG org.apache.nifi.processors.standard.RouteText - RouteText[id=38a82a0d-69fc-4d87-a6d1-ec924f6828ee] Adding new dynamic property: PropertyDescriptor[simple]
[pool-4032-thread-1] INFO org.apache.nifi.processors.standard.RouteText - RouteText[id=38a82a0d-69fc-4d87-a6d1-ec924f6828ee] Created FlowFile[3421,90491878323833.mockFlowFile,24B] from FlowFile[3420,90491878323833.mockFlowFile,24B]; routing to relationship simple
[pool-4032-thread-1] INFO org.apache.nifi.processors.standard.RouteText - RouteText[id=38a82a0d-69fc-4d87-a6d1-ec924f6828ee] Routing FlowFile[3420,90491878323833.mockFlowFile,24B] to original
[main] DEBUG org.apache.nifi.processors.standard.RouteText - RouteText[id=38a82a0d-69fc-4d87-a6d1-ec924f6828ee] Adding new dynamic property: PropertyDescriptor[simple]
[pool-4033-thread-1] INFO org.apache.nifi.processors.standard.RouteText - RouteText[id=38a82a0d-69fc-4d87-a6d1-ec924f6828ee] Created FlowFile[3423,90491878717971.mockFlowFile,24B] from FlowFile[3422,90491878717971.mockFlowFile,24B]; routing to relationship simple
[pool-4033-thread-1] INFO org.apache.nifi.processors.standard.RouteText - RouteText[id=38a82a0d-69fc-4d87-a6d1-ec924f6828ee] Routing FlowFile[3422,90491878717971.mockFlowFile,24B] to original
[main] DEBUG org.apache.nifi.processors.standard.RouteText - RouteText[id=38a82a0d-69fc-4d87-a6d1-ec924f6828ee] Adding new dynamic property: PropertyDescriptor[simple]
[pool-4034-thread-1] INFO org.apache.nifi.processors.standard.RouteText - RouteText[id=38a82a0d-69fc-4d87-a6d1-ec924f6828ee] Created FlowFile[3425,90491879102928.mockFlowFile,24B] from FlowFile[3424,90491879102928.mockFlowFile,24B]; routing to relationship simple
[pool-4034-thread-1] INFO org.apache.nifi.processors.standard.RouteText - RouteText[id=38a82a0d-69fc-4d87-a6d1-ec924f6828ee] Routing FlowFile[3424,90491879102928.mockFlowFile,24B] to original
[main] DEBUG org.apache.nifi.processors.standard.RouteText - RouteText[id=38a82a0d-69fc-4d87-a6d1-ec924f6828ee] Adding new dynamic property: PropertyDescriptor[simple]
[pool-4035-thread-1] INFO org.apache.nifi.processors.standard.RouteText - RouteText[id=38a82a0d-69fc-4d87-a6d1-ec924f6828ee] Created FlowFile[3427,90491879481198.mockFlowFile,24B] from FlowFile[3426,90491879481198.mockFlowFile,24B]; routing to relationship simple
[pool-4035-thread-1] INFO org.apache.nifi.processors.standard.RouteText - RouteText[id=38a82a0d-69fc-4d87-a6d1-ec924f6828ee] Routing FlowFile[3426,90491879481198.mockFlowFile,24B] to original
[main] DEBUG org.apache.nifi.processors.standard.RouteText - RouteText[id=38a82a0d-69fc-4d87-a6d1-ec924f6828ee] Adding new dynamic property: PropertyDescriptor[simple]
[pool-4036-thread-1] INFO org.apache.nifi.processors.standard.RouteText - RouteText[id=38a82a0d-69fc-4d87-a6d1-ec924f6828ee] Created FlowFile[3429,90491879868342.mockFlowFile,24B] from FlowFile[3428,90491879868342.mockFlowFile,24B]; routing to relationship simple
[pool-4036-thread-1] INFO org.apache.nifi.processors.standard.RouteText - RouteText[id=38a82a0d-69fc-4d87-a6d1-ec924f6828ee] Routing FlowFile[3428,90491879868342.mockFlowFile,24B] to original
[main] DEBUG org.apache.nifi.processors.standard.RouteText - RouteText[id=38a82a0d-69fc-4d87-a6d1-ec924f6828ee] Adding new dynamic property: PropertyDescriptor[simple]
[pool-4037-thread-1] INFO org.apache.nifi.processors.standard.RouteText - RouteText[id=38a82a0d-69fc-4d87-a6d1-ec924f6828ee] Created FlowFile[3431,90491880300066.mockFlowFile,24B] from FlowFile[3430,90491880300066.mockFlowFile,24B]; routing to relationship simple
[pool-4037-thread-1] INFO org.apache.nifi.processors.standard.RouteText - RouteText[id=38a82a0d-69fc-4d87-a6d1-ec924f6828ee] Routing FlowFile[3430,90491880300066.mockFlowFile,24B] to original
[main] DEBUG org.apache.nifi.processors.standard.RouteText - RouteText[id=38a82a0d-69fc-4d87-a6d1-ec924f6828ee] Adding new dynamic property: PropertyDescriptor[simple]
[pool-4038-thread-1] INFO org.apache.nifi.processors.standard.RouteText - RouteText[id=38a82a0d-69fc-4d87-a6d1-ec924f6828ee] Created FlowFile[3433,90491880697653.mockFlowFile,24B] from FlowFile[3432,90491880697653.mockFlowFile,24B]; routing to relationship simple
[pool-4038-thread-1] INFO org.apache.nifi.processors.standard.RouteText - RouteText[id=38a82a0d-69fc-4d87-a6d1-ec924f6828ee] Routing FlowFile[3432,90491880697653.mockFlowFile,24B] to original
[main] DEBUG org.apache.nifi.processors.standard.RouteText - RouteText[id=38a82a0d-69fc-4d87-a6d1-ec924f6828ee] Adding new dynamic property: PropertyDescriptor[simple]
[pool-4039-thread-1] INFO org.apache.nifi.processors.standard.RouteText - RouteText[id=38a82a0d-69fc-4d87-a6d1-ec924f6828ee] Created FlowFile[3435,90491881082038.mockFlowFile,24B] from FlowFile[3434,90491881082038.mockFlowFile,24B]; routing to relationship simple
[pool-4039-thread-1] INFO org.apache.nifi.processors.standard.RouteText - RouteText[id=38a82a0d-69fc-4d87-a6d1-ec924f6828ee] Routing FlowFile[3434,90491881082038.mockFlowFile,24B] to original
[main] DEBUG org.apache.nifi.processors.standard.RouteText - RouteText[id=38a82a0d-69fc-4d87-a6d1-ec924f6828ee] Adding new dynamic property: PropertyDescriptor[simple]
[pool-4040-thread-1] INFO org.apache.nifi.processors.standard.RouteText - RouteText[id=38a82a0d-69fc-4d87-a6d1-ec924f6828ee] Created FlowFile[3437,90491881470394.mockFlowFile,24B] from FlowFile[3436,90491881470394.mockFlowFile,24B]; routing to relationship simple
[pool-4040-thread-1] INFO org.apache.nifi.processors.standard.RouteText - RouteText[id=38a82a0d-69fc-4d87-a6d1-ec924f6828ee] Routing FlowFile[3436,90491881470394.mockFlowFile,24B] to original
[main] DEBUG org.apache.nifi.processors.standard.RouteText - RouteText[id=38a82a0d-69fc-4d87-a6d1-ec924f6828ee] Adding new dynamic property: PropertyDescriptor[simple]
[pool-4041-thread-1] INFO org.apache.nifi.processors.standard.RouteText - RouteText[id=38a82a0d-69fc-4d87-a6d1-ec924f6828ee] Created FlowFile[3439,90491881850253.mockFlowFile,24B] from FlowFile[3438,90491881850253.mockFlowFile,24B]; routing to relationship simple
[pool-4041-thread-1] INFO org.apache.nifi.processors.standard.RouteText - RouteText[id=38a82a0d-69fc-4d87-a6d1-ec924f6828ee] Routing FlowFile[3438,90491881850253.mockFlowFile,24B] to original
[main] DEBUG org.apache.nifi.processors.standard.RouteText - RouteText[id=38a82a0d-69fc-4d87-a6d1-ec924f6828ee] Adding new dynamic property: PropertyDescriptor[simple]
[pool-4042-thread-1] INFO org.apache.nifi.processors.standard.RouteText - RouteText[id=38a82a0d-69fc-4d87-a6d1-ec924f6828ee] Created FlowFile[3441,90491882229219.mockFlowFile,24B] from FlowFile[3440,90491882229219.mockFlowFile,24B]; routing to relationship simple
[pool-4042-thread-1] INFO org.apache.nifi.processors.standard.RouteText - RouteText[id=38a82a0d-69fc-4d87-a6d1-ec924f6828ee] Routing FlowFile[3440,90491882229219.mockFlowFile,24B] to original
[main] DEBUG org.apache.nifi.processors.standard.RouteText - RouteText[id=38a82a0d-69fc-4d87-a6d1-ec924f6828ee] Adding new dynamic property: PropertyDescriptor[simple]
[pool-4043-thread-1] INFO org.apache.nifi.processors.standard.RouteText - RouteText[id=38a82a0d-69fc-4d87-a6d1-ec924f6828ee] Created FlowFile[3443,90491882611098.mockFlowFile,24B] from FlowFile[3442,90491882611098.mockFlowFile,24B]; routing to relationship simple
[pool-4043-thread-1] INFO org.apache.nifi.processors.standard.RouteText - RouteText[id=38a82a0d-69fc-4d87-a6d1-ec924f6828ee] Routing FlowFile[3442,90491882611098.mockFlowFile,24B] to original
[main] DEBUG org.apache.nifi.processors.standard.RouteText - RouteText[id=38a82a0d-69fc-4d87-a6d1-ec924f6828ee] Adding new dynamic property: PropertyDescriptor[simple]
[pool-4044-thread-1] INFO org.apache.nifi.processors.standard.RouteText - RouteText[id=38a82a0d-69fc-4d87-a6d1-ec924f6828ee] Created FlowFile[3445,90491882984009.mockFlowFile,24B] from FlowFile[3444,90491882984009.mockFlowFile,24B]; routing to relationship simple
[pool-4044-thread-1] INFO org.apache.nifi.processors.standard.RouteText - RouteText[id=38a82a0d-69fc-4d87-a6d1-ec924f6828ee] Routing FlowFile[3444,90491882984009.mockFlowFile,24B] to original
[main] DEBUG org.apache.nifi.processors.standard.RouteText - RouteText[id=38a82a0d-69fc-4d87-a6d1-ec924f6828ee] Adding new dynamic property: PropertyDescriptor[simple]
[pool-4045-thread-1] INFO org.apache.nifi.processors.standard.RouteText - RouteText[id=38a82a0d-69fc-4d87-a6d1-ec924f6828ee] Created FlowFile[3447,90491883452544.mockFlowFile,24B] from FlowFile[3446,90491883452544.mockFlowFile,24B]; routing to relationship simple
[pool-4045-thread-1] INFO org.apache.nifi.processors.standard.RouteText - RouteText[id=38a82a0d-69fc-4d87-a6d1-ec924f6828ee] Routing FlowFile[3446,90491883452544.mockFlowFile,24B] to original
[main] DEBUG org.apache.nifi.processors.standard.RouteText - RouteText[id=38a82a0d-69fc-4d87-a6d1-ec924f6828ee] Adding new dynamic property: PropertyDescriptor[simple]
[pool-4046-thread-1] INFO org.apache.nifi.processors.standard.RouteText - RouteText[id=38a82a0d-69fc-4d87-a6d1-ec924f6828ee] Created FlowFile[3449,90491883864374.mockFlowFile,24B] from FlowFile[3448,90491883864374.mockFlowFile,24B]; routing to relationship simple
[pool-4046-thread-1] INFO org.apache.nifi.processors.standard.RouteText - RouteText[id=38a82a0d-69fc-4d87-a6d1-ec924f6828ee] Routing FlowFile[3448,90491883864374.mockFlowFile,24B] to original
[main] DEBUG org.apache.nifi.processors.standard.RouteText - RouteText[id=38a82a0d-69fc-4d87-a6d1-ec924f6828ee] Adding new dynamic property: PropertyDescriptor[simple]
[pool-4047-thread-1] INFO org.apache.nifi.processors.standard.RouteText - RouteText[id=38a82a0d-69fc-4d87-a6d1-ec924f6828ee] Created FlowFile[3451,90491884302603.mockFlowFile,24B] from FlowFile[3450,90491884302603.mockFlowFile,24B]; routing to relationship simple
[pool-4047-thread-1] INFO org.apache.nifi.processors.standard.RouteText - RouteText[id=38a82a0d-69fc-4d87-a6d1-ec924f6828ee] Routing FlowFile[3450,90491884302603.mockFlowFile,24B] to original
[main] DEBUG org.apache.nifi.processors.standard.RouteText - RouteText[id=38a82a0d-69fc-4d87-a6d1-ec924f6828ee] Adding new dynamic property: PropertyDescriptor[simple]
[pool-4048-thread-1] INFO org.apache.nifi.processors.standard.RouteText - RouteText[id=38a82a0d-69fc-4d87-a6d1-ec924f6828ee] Created FlowFile[3453,90491884764869.mockFlowFile,24B] from FlowFile[3452,90491884764869.mockFlowFile,24B]; routing to relationship simple
[pool-4048-thread-1] INFO org.apache.nifi.processors.standard.RouteText - RouteText[id=38a82a0d-69fc-4d87-a6d1-ec924f6828ee] Routing FlowFile[3452,90491884764869.mockFlowFile,24B] to original
[main] DEBUG org.apache.nifi.processors.standard.RouteText - RouteText[id=38a82a0d-69fc-4d87-a6d1-ec924f6828ee] Adding new dynamic property: PropertyDescriptor[simple]
[pool-4049-thread-1] INFO org.apache.nifi.processors.standard.RouteText - RouteText[id=38a82a0d-69fc-4d87-a6d1-ec924f6828ee] Created FlowFile[3455,90491885219912.mockFlowFile,24B] from FlowFile[3454,90491885219912.mockFlowFile,24B]; routing to relationship simple
[pool-4049-thread-1] INFO org.apache.nifi.processors.standard.RouteText - RouteText[id=38a82a0d-69fc-4d87-a6d1-ec924f6828ee] Routing FlowFile[3454,90491885219912.mockFlowFile,24B] to original
[main] DEBUG org.apache.nifi.processors.standard.RouteText - RouteText[id=38a82a0d-69fc-4d87-a6d1-ec924f6828ee] Adding new dynamic property: PropertyDescriptor[simple]
[pool-4050-thread-1] INFO org.apache.nifi.processors.standard.RouteText - RouteText[id=38a82a0d-69fc-4d87-a6d1-ec924f6828ee] Created FlowFile[3457,90491885696244.mockFlowFile,24B] from FlowFile[3456,90491885696244.mockFlowFile,24B]; routing to relationship simple
[pool-4050-thread-1] INFO org.apache.nifi.processors.standard.RouteText - RouteText[id=38a82a0d-69fc-4d87-a6d1-ec924f6828ee] Routing FlowFile[3456,90491885696244.mockFlowFile,24B] to original
[main] DEBUG org.apache.nifi.processors.standard.RouteText - RouteText[id=38a82a0d-69fc-4d87-a6d1-ec924f6828ee] Adding new dynamic property: PropertyDescriptor[simple]
[pool-4051-thread-1] INFO org.apache.nifi.processors.standard.RouteText - RouteText[id=38a82a0d-69fc-4d87-a6d1-ec924f6828ee] Created FlowFile[3459,90491886167189.mockFlowFile,24B] from FlowFile[3458,90491886167189.mockFlowFile,24B]; routing to relationship simple
[pool-4051-thread-1] INFO org.apache.nifi.processors.standard.RouteText - RouteText[id=38a82a0d-69fc-4d87-a6d1-ec924f6828ee] Routing FlowFile[3458,90491886167189.mockFlowFile,24B] to original
[main] DEBUG org.apache.nifi.processors.standard.RouteText - RouteText[id=38a82a0d-69fc-4d87-a6d1-ec924f6828ee] Adding new dynamic property: PropertyDescriptor[simple]
[pool-4052-thread-1] INFO org.apache.nifi.processors.standard.RouteText - RouteText[id=38a82a0d-69fc-4d87-a6d1-ec924f6828ee] Created FlowFile[3461,90491886615622.mockFlowFile,24B] from FlowFile[3460,90491886615622.mockFlowFile,24B]; routing to relationship simple
[pool-4052-thread-1] INFO org.apache.nifi.processors.standard.RouteText - RouteText[id=38a82a0d-69fc-4d87-a6d1-ec924f6828ee] Routing FlowFile[3460,90491886615622.mockFlowFile,24B] to original
[main] DEBUG org.apache.nifi.processors.standard.RouteText - RouteText[id=38a82a0d-69fc-4d87-a6d1-ec924f6828ee] Adding new dynamic property: PropertyDescriptor[simple]
[pool-4053-thread-1] INFO org.apache.nifi.processors.standard.RouteText - RouteText[id=38a82a0d-69fc-4d87-a6d1-ec924f6828ee] Created FlowFile[3463,90491887066323.mockFlowFile,24B] from FlowFile[3462,90491887066323.mockFlowFile,24B]; routing to relationship simple
[pool-4053-thread-1] INFO org.apache.nifi.processors.standard.RouteText - RouteText[id=38a82a0d-69fc-4d87-a6d1-ec924f6828ee] Routing FlowFile[3462,90491887066323.mockFlowFile,24B] to original
[main] DEBUG org.apache.nifi.processors.standard.RouteText - RouteText[id=38a82a0d-69fc-4d87-a6d1-ec924f6828ee] Adding new dynamic property: PropertyDescriptor[simple]
[pool-4054-thread-1] INFO org.apache.nifi.processors.standard.RouteText - RouteText[id=38a82a0d-69fc-4d87-a6d1-ec924f6828ee] Created FlowFile[3465,90491887568998.mockFlowFile,24B] from FlowFile[3464,90491887568998.mockFlowFile,24B]; routing to relationship simple
[pool-4054-thread-1] INFO org.apache.nifi.processors.standard.RouteText - RouteText[id=38a82a0d-69fc-4d87-a6d1-ec924f6828ee] Routing FlowFile[3464,90491887568998.mockFlowFile,24B] to original
[main] DEBUG org.apache.nifi.processors.standard.RouteText - RouteText[id=38a82a0d-69fc-4d87-a6d1-ec924f6828ee] Adding new dynamic property: PropertyDescriptor[simple]
[pool-4055-thread-1] INFO org.apache.nifi.processors.standard.RouteText - RouteText[id=38a82a0d-69fc-4d87-a6d1-ec924f6828ee] Created FlowFile[3467,90491888069370.mockFlowFile,24B] from FlowFile[3466,90491888069370.mockFlowFile,24B]; routing to relationship simple
[pool-4055-thread-1] INFO org.apache.nifi.processors.standard.RouteText - RouteText[id=38a82a0d-69fc-4d87-a6d1-ec924f6828ee] Routing FlowFile[3466,90491888069370.mockFlowFile,24B] to original
[main] DEBUG org.apache.nifi.processors.standard.RouteText - RouteText[id=38a82a0d-69fc-4d87-a6d1-ec924f6828ee] Adding new dynamic property: PropertyDescriptor[simple]
[pool-4056-thread-1] INFO org.apache.nifi.processors.standard.RouteText - RouteText[id=38a82a0d-69fc-4d87-a6d1-ec924f6828ee] Created FlowFile[3469,90491888559809.mockFlowFile,24B] from FlowFile[3468,90491888559809.mockFlowFile,24B]; routing to relationship simple
[pool-4056-thread-1] INFO org.apache.nifi.processors.standard.RouteText - RouteText[id=38a82a0d-69fc-4d87-a6d1-ec924f6828ee] Routing FlowFile[3468,90491888559809.mockFlowFile,24B] to original
[main] DEBUG org.apache.nifi.processors.standard.RouteText - RouteText[id=38a82a0d-69fc-4d87-a6d1-ec924f6828ee] Adding new dynamic property: PropertyDescriptor[simple]
[pool-4057-thread-1] INFO org.apache.nifi.processors.standard.RouteText - RouteText[id=38a82a0d-69fc-4d87-a6d1-ec924f6828ee] Created FlowFile[3471,90491889052302.mockFlowFile,24B] from FlowFile[3470,90491889052302.mockFlowFile,24B]; routing to relationship simple
[pool-4057-thread-1] INFO org.apache.nifi.processors.standard.RouteText - RouteText[id=38a82a0d-69fc-4d87-a6d1-ec924f6828ee] Routing FlowFile[3470,90491889052302.mockFlowFile,24B] to original
[main] DEBUG org.apache.nifi.processors.standard.RouteText - RouteText[id=38a82a0d-69fc-4d87-a6d1-ec924f6828ee] Adding new dynamic property: PropertyDescriptor[simple]
[pool-4058-thread-1] INFO org.apache.nifi.processors.standard.RouteText - RouteText[id=38a82a0d-69fc-4d87-a6d1-ec924f6828ee] Created FlowFile[3473,90491889508527.mockFlowFile,24B] from FlowFile[3472,90491889508527.mockFlowFile,24B]; routing to relationship simple
[pool-4058-thread-1] INFO org.apache.nifi.processors.standard.RouteText - RouteText[id=38a82a0d-69fc-4d87-a6d1-ec924f6828ee] Routing FlowFile[3472,90491889508527.mockFlowFile,24B] to original
[main] DEBUG org.apache.nifi.processors.standard.RouteText - RouteText[id=38a82a0d-69fc-4d87-a6d1-ec924f6828ee] Adding new dynamic property: PropertyDescriptor[simple]
[pool-4059-thread-1] INFO org.apache.nifi.processors.standard.RouteText - RouteText[id=38a82a0d-69fc-4d87-a6d1-ec924f6828ee] Created FlowFile[3475,90491890009641.mockFlowFile,24B] from FlowFile[3474,90491890009641.mockFlowFile,24B]; routing to relationship simple
[pool-4059-thread-1] INFO org.apache.nifi.processors.standard.RouteText - RouteText[id=38a82a0d-69fc-4d87-a6d1-ec924f6828ee] Routing FlowFile[3474,90491890009641.mockFlowFile,24B] to original
[main] DEBUG org.apache.nifi.processors.standard.RouteText - RouteText[id=38a82a0d-69fc-4d87-a6d1-ec924f6828ee] Adding new dynamic property: PropertyDescriptor[simple]
[pool-4060-thread-1] INFO org.apache.nifi.processors.standard.RouteText - RouteText[id=38a82a0d-69fc-4d87-a6d1-ec924f6828ee] Created FlowFile[3477,90491890453740.mockFlowFile,24B] from FlowFile[3476,90491890453740.mockFlowFile,24B]; routing to relationship simple
[pool-4060-thread-1] INFO org.apache.nifi.processors.standard.RouteText - RouteText[id=38a82a0d-69fc-4d87-a6d1-ec924f6828ee] Routing FlowFile[3476,90491890453740.mockFlowFile,24B] to original
[main] DEBUG org.apache.nifi.processors.standard.RouteText - RouteText[id=38a82a0d-69fc-4d87-a6d1-ec924f6828ee] Adding new dynamic property: PropertyDescriptor[simple]
[pool-4061-thread-1] INFO org.apache.nifi.processors.standard.RouteText - RouteText[id=38a82a0d-69fc-4d87-a6d1-ec924f6828ee] Created FlowFile[3479,90491890890971.mockFlowFile,24B] from FlowFile[3478,90491890890971.mockFlowFile,24B]; routing to relationship simple
[pool-4061-thread-1] INFO org.apache.nifi.processors.standard.RouteText - RouteText[id=38a82a0d-69fc-4d87-a6d1-ec924f6828ee] Routing FlowFile[3478,90491890890971.mockFlowFile,24B] to original
[main] DEBUG org.apache.nifi.processors.standard.RouteText - RouteText[id=38a82a0d-69fc-4d87-a6d1-ec924f6828ee] Adding new dynamic property: PropertyDescriptor[simple]
[pool-4062-thread-1] INFO org.apache.nifi.processors.standard.RouteText - RouteText[id=38a82a0d-69fc-4d87-a6d1-ec924f6828ee] Created FlowFile[3481,90491891328811.mockFlowFile,24B] from FlowFile[3480,90491891328811.mockFlowFile,24B]; routing to relationship simple
[pool-4062-thread-1] INFO org.apache.nifi.processors.standard.RouteText - RouteText[id=38a82a0d-69fc-4d87-a6d1-ec924f6828ee] Routing FlowFile[3480,90491891328811.mockFlowFile,24B] to original
[main] DEBUG org.apache.nifi.processors.standard.RouteText - RouteText[id=38a82a0d-69fc-4d87-a6d1-ec924f6828ee] Adding new dynamic property: PropertyDescriptor[simple]
[pool-4063-thread-1] INFO org.apache.nifi.processors.standard.RouteText - RouteText[id=38a82a0d-69fc-4d87-a6d1-ec924f6828ee] Created FlowFile[3483,90491891806378.mockFlowFile,24B] from FlowFile[3482,90491891806378.mockFlowFile,24B]; routing to relationship simple
[pool-4063-thread-1] INFO org.apache.nifi.processors.standard.RouteText - RouteText[id=38a82a0d-69fc-4d87-a6d1-ec924f6828ee] Routing FlowFile[3482,90491891806378.mockFlowFile,24B] to original
[main] DEBUG org.apache.nifi.processors.standard.RouteText - RouteText[id=38a82a0d-69fc-4d87-a6d1-ec924f6828ee] Adding new dynamic property: PropertyDescriptor[simple]
[pool-4064-thread-1] INFO org.apache.nifi.processors.standard.RouteText - RouteText[id=38a82a0d-69fc-4d87-a6d1-ec924f6828ee] Created FlowFile[3485,90491892393944.mockFlowFile,24B] from FlowFile[3484,90491892393944.mockFlowFile,24B]; routing to relationship simple
[pool-4064-thread-1] INFO org.apache.nifi.processors.standard.RouteText - RouteText[id=38a82a0d-69fc-4d87-a6d1-ec924f6828ee] Routing FlowFile[3484,90491892393944.mockFlowFile,24B] to original
[main] DEBUG org.apache.nifi.processors.standard.RouteText - RouteText[id=38a82a0d-69fc-4d87-a6d1-ec924f6828ee] Adding new dynamic property: PropertyDescriptor[simple]
[pool-4065-thread-1] INFO org.apache.nifi.processors.standard.RouteText - RouteText[id=38a82a0d-69fc-4d87-a6d1-ec924f6828ee] Created FlowFile[3487,90491892820125.mockFlowFile,24B] from FlowFile[3486,90491892820125.mockFlowFile,24B]; routing to relationship simple
[pool-4065-thread-1] INFO org.apache.nifi.processors.standard.RouteText - RouteText[id=38a82a0d-69fc-4d87-a6d1-ec924f6828ee] Routing FlowFile[3486,90491892820125.mockFlowFile,24B] to original
[main] DEBUG org.apache.nifi.processors.standard.RouteText - RouteText[id=38a82a0d-69fc-4d87-a6d1-ec924f6828ee] Adding new dynamic property: PropertyDescriptor[simple]
[pool-4066-thread-1] INFO org.apache.nifi.processors.standard.RouteText - RouteText[id=38a82a0d-69fc-4d87-a6d1-ec924f6828ee] Created FlowFile[3489,90491893286895.mockFlowFile,24B] from FlowFile[3488,90491893286895.mockFlowFile,24B]; routing to relationship simple
[pool-4066-thread-1] INFO org.apache.nifi.processors.standard.RouteText - RouteText[id=38a82a0d-69fc-4d87-a6d1-ec924f6828ee] Routing FlowFile[3488,90491893286895.mockFlowFile,24B] to original
[main] DEBUG org.apache.nifi.processors.standard.RouteText - RouteText[id=38a82a0d-69fc-4d87-a6d1-ec924f6828ee] Adding new dynamic property: PropertyDescriptor[simple]
[pool-4067-thread-1] INFO org.apache.nifi.processors.standard.RouteText - RouteText[id=38a82a0d-69fc-4d87-a6d1-ec924f6828ee] Created FlowFile[3491,90491893732761.mockFlowFile,24B] from FlowFile[3490,90491893732761.mockFlowFile,24B]; routing to relationship simple
[pool-4067-thread-1] INFO org.apache.nifi.processors.standard.RouteText - RouteText[id=38a82a0d-69fc-4d87-a6d1-ec924f6828ee] Routing FlowFile[3490,90491893732761.mockFlowFile,24B] to original
[main] DEBUG org.apache.nifi.processors.standard.RouteText - RouteText[id=38a82a0d-69fc-4d87-a6d1-ec924f6828ee] Adding new dynamic property: PropertyDescriptor[simple]
[pool-4068-thread-1] INFO org.apache.nifi.processors.standard.RouteText - RouteText[id=38a82a0d-69fc-4d87-a6d1-ec924f6828ee] Created FlowFile[3493,90491894182177.mockFlowFile,24B] from FlowFile[3492,90491894182177.mockFlowFile,24B]; routing to relationship simple
[pool-4068-thread-1] INFO org.apache.nifi.processors.standard.RouteText - RouteText[id=38a82a0d-69fc-4d87-a6d1-ec924f6828ee] Routing FlowFile[3492,90491894182177.mockFlowFile,24B] to original
[main] DEBUG org.apache.nifi.processors.standard.RouteText - RouteText[id=38a82a0d-69fc-4d87-a6d1-ec924f6828ee] Adding new dynamic property: PropertyDescriptor[simple]
[pool-4069-thread-1] INFO org.apache.nifi.processors.standard.RouteText - RouteText[id=38a82a0d-69fc-4d87-a6d1-ec924f6828ee] Created FlowFile[3495,90491894620831.mockFlowFile,24B] from FlowFile[3494,90491894620831.mockFlowFile,24B]; routing to relationship simple
[pool-4069-thread-1] INFO org.apache.nifi.processors.standard.RouteText - RouteText[id=38a82a0d-69fc-4d87-a6d1-ec924f6828ee] Routing FlowFile[3494,90491894620831.mockFlowFile,24B] to original
[main] DEBUG org.apache.nifi.processors.standard.RouteText - RouteText[id=38a82a0d-69fc-4d87-a6d1-ec924f6828ee] Adding new dynamic property: PropertyDescriptor[simple]
[pool-4070-thread-1] INFO org.apache.nifi.processors.standard.RouteText - RouteText[id=38a82a0d-69fc-4d87-a6d1-ec924f6828ee] Created FlowFile[3497,90491895007988.mockFlowFile,24B] from FlowFile[3496,90491895007988.mockFlowFile,24B]; routing to relationship simple
[pool-4070-thread-1] INFO org.apache.nifi.processors.standard.RouteText - RouteText[id=38a82a0d-69fc-4d87-a6d1-ec924f6828ee] Routing FlowFile[3496,90491895007988.mockFlowFile,24B] to original
[main] DEBUG org.apache.nifi.processors.standard.RouteText - RouteText[id=38a82a0d-69fc-4d87-a6d1-ec924f6828ee] Adding new dynamic property: PropertyDescriptor[simple]
[pool-4071-thread-1] INFO org.apache.nifi.processors.standard.RouteText - RouteText[id=38a82a0d-69fc-4d87-a6d1-ec924f6828ee] Created FlowFile[3499,90491895426677.mockFlowFile,24B] from FlowFile[3498,90491895426677.mockFlowFile,24B]; routing to relationship simple
[pool-4071-thread-1] INFO org.apache.nifi.processors.standard.RouteText - RouteText[id=38a82a0d-69fc-4d87-a6d1-ec924f6828ee] Routing FlowFile[3498,90491895426677.mockFlowFile,24B] to original
[main] DEBUG org.apache.nifi.processors.standard.RouteText - RouteText[id=38a82a0d-69fc-4d87-a6d1-ec924f6828ee] Adding new dynamic property: PropertyDescriptor[simple]
[pool-4072-thread-1] INFO org.apache.nifi.processors.standard.RouteText - RouteText[id=38a82a0d-69fc-4d87-a6d1-ec924f6828ee] Created FlowFile[3501,90491895862719.mockFlowFile,24B] from FlowFile[3500,90491895862719.mockFlowFile,24B]; routing to relationship simple
[pool-4072-thread-1] INFO org.apache.nifi.processors.standard.RouteText - RouteText[id=38a82a0d-69fc-4d87-a6d1-ec924f6828ee] Routing FlowFile[3500,90491895862719.mockFlowFile,24B] to original
[main] DEBUG org.apache.nifi.processors.standard.RouteText - RouteText[id=38a82a0d-69fc-4d87-a6d1-ec924f6828ee] Adding new dynamic property: PropertyDescriptor[simple]
[pool-4073-thread-1] INFO org.apache.nifi.processors.standard.RouteText - RouteText[id=38a82a0d-69fc-4d87-a6d1-ec924f6828ee] Created FlowFile[3503,90491896410305.mockFlowFile,24B] from FlowFile[3502,90491896410305.mockFlowFile,24B]; routing to relationship simple
[pool-4073-thread-1] INFO org.apache.nifi.processors.standard.RouteText - RouteText[id=38a82a0d-69fc-4d87-a6d1-ec924f6828ee] Routing FlowFile[3502,90491896410305.mockFlowFile,24B] to original
[main] DEBUG org.apache.nifi.processors.standard.RouteText - RouteText[id=38a82a0d-69fc-4d87-a6d1-ec924f6828ee] Adding new dynamic property: PropertyDescriptor[simple]
[pool-4074-thread-1] INFO org.apache.nifi.processors.standard.RouteText - RouteText[id=38a82a0d-69fc-4d87-a6d1-ec924f6828ee] Created FlowFile[3505,90491896927307.mockFlowFile,24B] from FlowFile[3504,90491896927307.mockFlowFile,24B]; routing to relationship simple
[pool-4074-thread-1] INFO org.apache.nifi.processors.standard.RouteText - RouteText[id=38a82a0d-69fc-4d87-a6d1-ec924f6828ee] Routing FlowFile[3504,90491896927307.mockFlowFile,24B] to original
[main] DEBUG org.apache.nifi.processors.standard.RouteText - RouteText[id=38a82a0d-69fc-4d87-a6d1-ec924f6828ee] Adding new dynamic property: PropertyDescriptor[simple]
[pool-4075-thread-1] INFO org.apache.nifi.processors.standard.RouteText - RouteText[id=38a82a0d-69fc-4d87-a6d1-ec924f6828ee] Created FlowFile[3507,90491897387376.mockFlowFile,24B] from FlowFile[3506,90491897387376.mockFlowFile,24B]; routing to relationship simple
[pool-4075-thread-1] INFO org.apache.nifi.processors.standard.RouteText - RouteText[id=38a82a0d-69fc-4d87-a6d1-ec924f6828ee] Routing FlowFile[3506,90491897387376.mockFlowFile,24B] to original
[main] DEBUG org.apache.nifi.processors.standard.RouteText - RouteText[id=38a82a0d-69fc-4d87-a6d1-ec924f6828ee] Adding new dynamic property: PropertyDescriptor[simple]
[pool-4076-thread-1] INFO org.apache.nifi.processors.standard.RouteText - RouteText[id=38a82a0d-69fc-4d87-a6d1-ec924f6828ee] Created FlowFile[3509,90491897755613.mockFlowFile,24B] from FlowFile[3508,90491897755613.mockFlowFile,24B]; routing to relationship simple
[pool-4076-thread-1] INFO org.apache.nifi.processors.standard.RouteText - RouteText[id=38a82a0d-69fc-4d87-a6d1-ec924f6828ee] Routing FlowFile[3508,90491897755613.mockFlowFile,24B] to original
[main] DEBUG org.apache.nifi.processors.standard.RouteText - RouteText[id=38a82a0d-69fc-4d87-a6d1-ec924f6828ee] Adding new dynamic property: PropertyDescriptor[simple]
[pool-4077-thread-1] INFO org.apache.nifi.processors.standard.RouteText - RouteText[id=38a82a0d-69fc-4d87-a6d1-ec924f6828ee] Created FlowFile[3511,90491898111945.mockFlowFile,24B] from FlowFile[3510,90491898111945.mockFlowFile,24B]; routing to relationship simple
[pool-4077-thread-1] INFO org.apache.nifi.processors.standard.RouteText - RouteText[id=38a82a0d-69fc-4d87-a6d1-ec924f6828ee] Routing FlowFile[3510,90491898111945.mockFlowFile,24B] to original
[main] DEBUG org.apache.nifi.processors.standard.RouteText - RouteText[id=38a82a0d-69fc-4d87-a6d1-ec924f6828ee] Adding new dynamic property: PropertyDescriptor[simple]
[pool-4078-thread-1] INFO org.apache.nifi.processors.standard.RouteText - RouteText[id=38a82a0d-69fc-4d87-a6d1-ec924f6828ee] Created FlowFile[3513,90491898463463.mockFlowFile,24B] from FlowFile[3512,90491898463463.mockFlowFile,24B]; routing to relationship simple
[pool-4078-thread-1] INFO org.apache.nifi.processors.standard.RouteText - RouteText[id=38a82a0d-69fc-4d87-a6d1-ec924f6828ee] Routing FlowFile[3512,90491898463463.mockFlowFile,24B] to original
[main] DEBUG org.apache.nifi.processors.standard.RouteText - RouteText[id=38a82a0d-69fc-4d87-a6d1-ec924f6828ee] Adding new dynamic property: PropertyDescriptor[simple]
[pool-4079-thread-1] INFO org.apache.nifi.processors.standard.RouteText - RouteText[id=38a82a0d-69fc-4d87-a6d1-ec924f6828ee] Created FlowFile[3515,90491898813295.mockFlowFile,24B] from FlowFile[3514,90491898813295.mockFlowFile,24B]; routing to relationship simple
[pool-4079-thread-1] INFO org.apache.nifi.processors.standard.RouteText - RouteText[id=38a82a0d-69fc-4d87-a6d1-ec924f6828ee] Routing FlowFile[3514,90491898813295.mockFlowFile,24B] to original
[main] DEBUG org.apache.nifi.processors.standard.RouteText - RouteText[id=38a82a0d-69fc-4d87-a6d1-ec924f6828ee] Adding new dynamic property: PropertyDescriptor[simple]
[pool-4080-thread-1] INFO org.apache.nifi.processors.standard.RouteText - RouteText[id=38a82a0d-69fc-4d87-a6d1-ec924f6828ee] Created FlowFile[3517,90491899224241.mockFlowFile,24B] from FlowFile[3516,90491899224241.mockFlowFile,24B]; routing to relationship simple
[pool-4080-thread-1] INFO org.apache.nifi.processors.standard.RouteText - RouteText[id=38a82a0d-69fc-4d87-a6d1-ec924f6828ee] Routing FlowFile[3516,90491899224241.mockFlowFile,24B] to original
[main] DEBUG org.apache.nifi.processors.standard.RouteText - RouteText[id=38a82a0d-69fc-4d87-a6d1-ec924f6828ee] Adding new dynamic property: PropertyDescriptor[simple]
[pool-4081-thread-1] INFO org.apache.nifi.processors.standard.RouteText - RouteText[id=38a82a0d-69fc-4d87-a6d1-ec924f6828ee] Created FlowFile[3519,90491899645288.mockFlowFile,24B] from FlowFile[3518,90491899645288.mockFlowFile,24B]; routing to relationship simple
[pool-4081-thread-1] INFO org.apache.nifi.processors.standard.RouteText - RouteText[id=38a82a0d-69fc-4d87-a6d1-ec924f6828ee] Routing FlowFile[3518,90491899645288.mockFlowFile,24B] to original
[main] DEBUG org.apache.nifi.processors.standard.RouteText - RouteText[id=38a82a0d-69fc-4d87-a6d1-ec924f6828ee] Adding new dynamic property: PropertyDescriptor[simple]
[pool-4082-thread-1] INFO org.apache.nifi.processors.standard.RouteText - RouteText[id=38a82a0d-69fc-4d87-a6d1-ec924f6828ee] Created FlowFile[3521,90491899975894.mockFlowFile,24B] from FlowFile[3520,90491899975894.mockFlowFile,24B]; routing to relationship simple
[pool-4082-thread-1] INFO org.apache.nifi.processors.standard.RouteText - RouteText[id=38a82a0d-69fc-4d87-a6d1-ec924f6828ee] Routing FlowFile[3520,90491899975894.mockFlowFile,24B] to original
[main] DEBUG org.apache.nifi.processors.standard.RouteText - RouteText[id=38a82a0d-69fc-4d87-a6d1-ec924f6828ee] Adding new dynamic property: PropertyDescriptor[simple]
[pool-4083-thread-1] INFO org.apache.nifi.processors.standard.RouteText - RouteText[id=38a82a0d-69fc-4d87-a6d1-ec924f6828ee] Created FlowFile[3523,90491900414251.mockFlowFile,24B] from FlowFile[3522,90491900414251.mockFlowFile,24B]; routing to relationship simple
[pool-4083-thread-1] INFO org.apache.nifi.processors.standard.RouteText - RouteText[id=38a82a0d-69fc-4d87-a6d1-ec924f6828ee] Routing FlowFile[3522,90491900414251.mockFlowFile,24B] to original
[main] DEBUG org.apache.nifi.processors.standard.RouteText - RouteText[id=38a82a0d-69fc-4d87-a6d1-ec924f6828ee] Adding new dynamic property: PropertyDescriptor[simple]
[pool-4084-thread-1] INFO org.apache.nifi.processors.standard.RouteText - RouteText[id=38a82a0d-69fc-4d87-a6d1-ec924f6828ee] Created FlowFile[3525,90491900828287.mockFlowFile,24B] from FlowFile[3524,90491900828287.mockFlowFile,24B]; routing to relationship simple
[pool-4084-thread-1] INFO org.apache.nifi.processors.standard.RouteText - RouteText[id=38a82a0d-69fc-4d87-a6d1-ec924f6828ee] Routing FlowFile[3524,90491900828287.mockFlowFile,24B] to original
[main] DEBUG org.apache.nifi.processors.standard.RouteText - RouteText[id=38a82a0d-69fc-4d87-a6d1-ec924f6828ee] Adding new dynamic property: PropertyDescriptor[simple]
[pool-4085-thread-1] INFO org.apache.nifi.processors.standard.RouteText - RouteText[id=38a82a0d-69fc-4d87-a6d1-ec924f6828ee] Created FlowFile[3527,90491901181302.mockFlowFile,24B] from FlowFile[3526,90491901181302.mockFlowFile,24B]; routing to relationship simple
[pool-4085-thread-1] INFO org.apache.nifi.processors.standard.RouteText - RouteText[id=38a82a0d-69fc-4d87-a6d1-ec924f6828ee] Routing FlowFile[3526,90491901181302.mockFlowFile,24B] to original
[main] DEBUG org.apache.nifi.processors.standard.RouteText - RouteText[id=38a82a0d-69fc-4d87-a6d1-ec924f6828ee] Adding new dynamic property: PropertyDescriptor[simple]
[pool-4086-thread-1] INFO org.apache.nifi.processors.standard.RouteText - RouteText[id=38a82a0d-69fc-4d87-a6d1-ec924f6828ee] Created FlowFile[3529,90491901500685.mockFlowFile,24B] from FlowFile[3528,90491901500685.mockFlowFile,24B]; routing to relationship simple
[pool-4086-thread-1] INFO org.apache.nifi.processors.standard.RouteText - RouteText[id=38a82a0d-69fc-4d87-a6d1-ec924f6828ee] Routing FlowFile[3528,90491901500685.mockFlowFile,24B] to original
[main] DEBUG org.apache.nifi.processors.standard.RouteText - RouteText[id=38a82a0d-69fc-4d87-a6d1-ec924f6828ee] Adding new dynamic property: PropertyDescriptor[simple]
[pool-4087-thread-1] INFO org.apache.nifi.processors.standard.RouteText - RouteText[id=38a82a0d-69fc-4d87-a6d1-ec924f6828ee] Created FlowFile[3531,90491901814068.mockFlowFile,24B] from FlowFile[3530,90491901814068.mockFlowFile,24B]; routing to relationship simple
[pool-4087-thread-1] INFO org.apache.nifi.processors.standard.RouteText - RouteText[id=38a82a0d-69fc-4d87-a6d1-ec924f6828ee] Routing FlowFile[3530,90491901814068.mockFlowFile,24B] to original
[main] DEBUG org.apache.nifi.processors.standard.RouteText - RouteText[id=38a82a0d-69fc-4d87-a6d1-ec924f6828ee] Adding new dynamic property: PropertyDescriptor[simple]
[pool-4088-thread-1] INFO org.apache.nifi.processors.standard.RouteText - RouteText[id=38a82a0d-69fc-4d87-a6d1-ec924f6828ee] Created FlowFile[3533,90491902130051.mockFlowFile,24B] from FlowFile[3532,90491902130051.mockFlowFile,24B]; routing to relationship simple
[pool-4088-thread-1] INFO org.apache.nifi.processors.standard.RouteText - RouteText[id=38a82a0d-69fc-4d87-a6d1-ec924f6828ee] Routing FlowFile[3532,90491902130051.mockFlowFile,24B] to original
[main] DEBUG org.apache.nifi.processors.standard.RouteText - RouteText[id=38a82a0d-69fc-4d87-a6d1-ec924f6828ee] Adding new dynamic property: PropertyDescriptor[simple]
[pool-4089-thread-1] INFO org.apache.nifi.processors.standard.RouteText - RouteText[id=38a82a0d-69fc-4d87-a6d1-ec924f6828ee] Created FlowFile[3535,90491902444593.mockFlowFile,24B] from FlowFile[3534,90491902444593.mockFlowFile,24B]; routing to relationship simple
[pool-4089-thread-1] INFO org.apache.nifi.processors.standard.RouteText - RouteText[id=38a82a0d-69fc-4d87-a6d1-ec924f6828ee] Routing FlowFile[3534,90491902444593.mockFlowFile,24B] to original
[main] DEBUG org.apache.nifi.processors.standard.RouteText - RouteText[id=38a82a0d-69fc-4d87-a6d1-ec924f6828ee] Adding new dynamic property: PropertyDescriptor[simple]
[pool-4090-thread-1] INFO org.apache.nifi.processors.standard.RouteText - RouteText[id=38a82a0d-69fc-4d87-a6d1-ec924f6828ee] Created FlowFile[3537,90491902778042.mockFlowFile,24B] from FlowFile[3536,90491902778042.mockFlowFile,24B]; routing to relationship simple
[pool-4090-thread-1] INFO org.apache.nifi.processors.standard.RouteText - RouteText[id=38a82a0d-69fc-4d87-a6d1-ec924f6828ee] Routing FlowFile[3536,90491902778042.mockFlowFile,24B] to original
[main] DEBUG org.apache.nifi.processors.standard.RouteText - RouteText[id=38a82a0d-69fc-4d87-a6d1-ec924f6828ee] Adding new dynamic property: PropertyDescriptor[simple]
[pool-4091-thread-1] INFO org.apache.nifi.processors.standard.RouteText - RouteText[id=38a82a0d-69fc-4d87-a6d1-ec924f6828ee] Created FlowFile[3539,90491903100364.mockFlowFile,24B] from FlowFile[3538,90491903100364.mockFlowFile,24B]; routing to relationship simple
[pool-4091-thread-1] INFO org.apache.nifi.processors.standard.RouteText - RouteText[id=38a82a0d-69fc-4d87-a6d1-ec924f6828ee] Routing FlowFile[3538,90491903100364.mockFlowFile,24B] to original
[main] DEBUG org.apache.nifi.processors.standard.RouteText - RouteText[id=38a82a0d-69fc-4d87-a6d1-ec924f6828ee] Adding new dynamic property: PropertyDescriptor[simple]
[pool-4092-thread-1] INFO org.apache.nifi.processors.standard.RouteText - RouteText[id=38a82a0d-69fc-4d87-a6d1-ec924f6828ee] Created FlowFile[3541,90491903556495.mockFlowFile,24B] from FlowFile[3540,90491903556495.mockFlowFile,24B]; routing to relationship simple
[pool-4092-thread-1] INFO org.apache.nifi.processors.standard.RouteText - RouteText[id=38a82a0d-69fc-4d87-a6d1-ec924f6828ee] Routing FlowFile[3540,90491903556495.mockFlowFile,24B] to original
[main] DEBUG org.apache.nifi.processors.standard.RouteText - RouteText[id=38a82a0d-69fc-4d87-a6d1-ec924f6828ee] Adding new dynamic property: PropertyDescriptor[simple]
[pool-4093-thread-1] INFO org.apache.nifi.processors.standard.RouteText - RouteText[id=38a82a0d-69fc-4d87-a6d1-ec924f6828ee] Created FlowFile[3543,90491903939836.mockFlowFile,24B] from FlowFile[3542,90491903939836.mockFlowFile,24B]; routing to relationship simple
[pool-4093-thread-1] INFO org.apache.nifi.processors.standard.RouteText - RouteText[id=38a82a0d-69fc-4d87-a6d1-ec924f6828ee] Routing FlowFile[3542,90491903939836.mockFlowFile,24B] to original
[main] DEBUG org.apache.nifi.processors.standard.RouteText - RouteText[id=38a82a0d-69fc-4d87-a6d1-ec924f6828ee] Adding new dynamic property: PropertyDescriptor[simple]
[pool-4094-thread-1] INFO org.apache.nifi.processors.standard.RouteText - RouteText[id=38a82a0d-69fc-4d87-a6d1-ec924f6828ee] Created FlowFile[3545,90491904355349.mockFlowFile,24B] from FlowFile[3544,90491904355349.mockFlowFile,24B]; routing to relationship simple
[pool-4094-thread-1] INFO org.apache.nifi.processors.standard.RouteText - RouteText[id=38a82a0d-69fc-4d87-a6d1-ec924f6828ee] Routing FlowFile[3544,90491904355349.mockFlowFile,24B] to original
[main] DEBUG org.apache.nifi.processors.standard.RouteText - RouteText[id=38a82a0d-69fc-4d87-a6d1-ec924f6828ee] Adding new dynamic property: PropertyDescriptor[simple]
[pool-4095-thread-1] INFO org.apache.nifi.processors.standard.RouteText - RouteText[id=38a82a0d-69fc-4d87-a6d1-ec924f6828ee] Created FlowFile[3547,90491904787897.mockFlowFile,24B] from FlowFile[3546,90491904787897.mockFlowFile,24B]; routing to relationship simple
[pool-4095-thread-1] INFO org.apache.nifi.processors.standard.RouteText - RouteText[id=38a82a0d-69fc-4d87-a6d1-ec924f6828ee] Routing FlowFile[3546,90491904787897.mockFlowFile,24B] to original
[main] DEBUG org.apache.nifi.processors.standard.RouteText - RouteText[id=38a82a0d-69fc-4d87-a6d1-ec924f6828ee] Adding new dynamic property: PropertyDescriptor[simple]
[pool-4096-thread-1] INFO org.apache.nifi.processors.standard.RouteText - RouteText[id=38a82a0d-69fc-4d87-a6d1-ec924f6828ee] Created FlowFile[3549,90491905219354.mockFlowFile,24B] from FlowFile[3548,90491905219354.mockFlowFile,24B]; routing to relationship simple
[pool-4096-thread-1] INFO org.apache.nifi.processors.standard.RouteText - RouteText[id=38a82a0d-69fc-4d87-a6d1-ec924f6828ee] Routing FlowFile[3548,90491905219354.mockFlowFile,24B] to original
[main] DEBUG org.apache.nifi.processors.standard.RouteText - RouteText[id=38a82a0d-69fc-4d87-a6d1-ec924f6828ee] Adding new dynamic property: PropertyDescriptor[simple]
[pool-4097-thread-1] INFO org.apache.nifi.processors.standard.RouteText - RouteText[id=38a82a0d-69fc-4d87-a6d1-ec924f6828ee] Created FlowFile[3551,90491905565003.mockFlowFile,24B] from FlowFile[3550,90491905565003.mockFlowFile,24B]; routing to relationship simple
[pool-4097-thread-1] INFO org.apache.nifi.processors.standard.RouteText - RouteText[id=38a82a0d-69fc-4d87-a6d1-ec924f6828ee] Routing FlowFile[3550,90491905565003.mockFlowFile,24B] to original
[main] DEBUG org.apache.nifi.processors.standard.RouteText - RouteText[id=38a82a0d-69fc-4d87-a6d1-ec924f6828ee] Adding new dynamic property: PropertyDescriptor[simple]
[pool-4098-thread-1] INFO org.apache.nifi.processors.standard.RouteText - RouteText[id=38a82a0d-69fc-4d87-a6d1-ec924f6828ee] Created FlowFile[3553,90491905913707.mockFlowFile,24B] from FlowFile[3552,90491905913707.mockFlowFile,24B]; routing to relationship simple
[pool-4098-thread-1] INFO org.apache.nifi.processors.standard.RouteText - RouteText[id=38a82a0d-69fc-4d87-a6d1-ec924f6828ee] Routing FlowFile[3552,90491905913707.mockFlowFile,24B] to original
[main] DEBUG org.apache.nifi.processors.standard.RouteText - RouteText[id=38a82a0d-69fc-4d87-a6d1-ec924f6828ee] Adding new dynamic property: PropertyDescriptor[simple]
[pool-4099-thread-1] INFO org.apache.nifi.processors.standard.RouteText - RouteText[id=38a82a0d-69fc-4d87-a6d1-ec924f6828ee] Created FlowFile[3555,90491906253944.mockFlowFile,24B] from FlowFile[3554,90491906253944.mockFlowFile,24B]; routing to relationship simple
[pool-4099-thread-1] INFO org.apache.nifi.processors.standard.RouteText - RouteText[id=38a82a0d-69fc-4d87-a6d1-ec924f6828ee] Routing FlowFile[3554,90491906253944.mockFlowFile,24B] to original
[main] DEBUG org.apache.nifi.processors.standard.RouteText - RouteText[id=38a82a0d-69fc-4d87-a6d1-ec924f6828ee] Adding new dynamic property: PropertyDescriptor[simple]
[pool-4100-thread-1] INFO org.apache.nifi.processors.standard.RouteText - RouteText[id=38a82a0d-69fc-4d87-a6d1-ec924f6828ee] Created FlowFile[3557,90491906591828.mockFlowFile,24B] from FlowFile[3556,90491906591828.mockFlowFile,24B]; routing to relationship simple
[pool-4100-thread-1] INFO org.apache.nifi.processors.standard.RouteText - RouteText[id=38a82a0d-69fc-4d87-a6d1-ec924f6828ee] Routing FlowFile[3556,90491906591828.mockFlowFile,24B] to original
[main] DEBUG org.apache.nifi.processors.standard.RouteText - RouteText[id=38a82a0d-69fc-4d87-a6d1-ec924f6828ee] Adding new dynamic property: PropertyDescriptor[simple]
[pool-4101-thread-1] INFO org.apache.nifi.processors.standard.RouteText - RouteText[id=38a82a0d-69fc-4d87-a6d1-ec924f6828ee] Created FlowFile[3559,90491907043761.mockFlowFile,24B] from FlowFile[3558,90491907043761.mockFlowFile,24B]; routing to relationship simple
[pool-4101-thread-1] INFO org.apache.nifi.processors.standard.RouteText - RouteText[id=38a82a0d-69fc-4d87-a6d1-ec924f6828ee] Routing FlowFile[3558,90491907043761.mockFlowFile,24B] to original
[main] DEBUG org.apache.nifi.processors.standard.RouteText - RouteText[id=38a82a0d-69fc-4d87-a6d1-ec924f6828ee] Adding new dynamic property: PropertyDescriptor[simple]
[pool-4102-thread-1] INFO org.apache.nifi.processors.standard.RouteText - RouteText[id=38a82a0d-69fc-4d87-a6d1-ec924f6828ee] Created FlowFile[3561,90491907499146.mockFlowFile,24B] from FlowFile[3560,90491907499146.mockFlowFile,24B]; routing to relationship simple
[pool-4102-thread-1] INFO org.apache.nifi.processors.standard.RouteText - RouteText[id=38a82a0d-69fc-4d87-a6d1-ec924f6828ee] Routing FlowFile[3560,90491907499146.mockFlowFile,24B] to original
[main] DEBUG org.apache.nifi.processors.standard.RouteText - RouteText[id=38a82a0d-69fc-4d87-a6d1-ec924f6828ee] Adding new dynamic property: PropertyDescriptor[simple]
[pool-4103-thread-1] INFO org.apache.nifi.processors.standard.RouteText - RouteText[id=38a82a0d-69fc-4d87-a6d1-ec924f6828ee] Created FlowFile[3563,90491907904814.mockFlowFile,24B] from FlowFile[3562,90491907904814.mockFlowFile,24B]; routing to relationship simple
[pool-4103-thread-1] INFO org.apache.nifi.processors.standard.RouteText - RouteText[id=38a82a0d-69fc-4d87-a6d1-ec924f6828ee] Routing FlowFile[3562,90491907904814.mockFlowFile,24B] to original
[main] DEBUG org.apache.nifi.processors.standard.RouteText - RouteText[id=38a82a0d-69fc-4d87-a6d1-ec924f6828ee] Adding new dynamic property: PropertyDescriptor[simple]
[pool-4104-thread-1] INFO org.apache.nifi.processors.standard.RouteText - RouteText[id=38a82a0d-69fc-4d87-a6d1-ec924f6828ee] Created FlowFile[3565,90491908409463.mockFlowFile,24B] from FlowFile[3564,90491908409463.mockFlowFile,24B]; routing to relationship simple
[pool-4104-thread-1] INFO org.apache.nifi.processors.standard.RouteText - RouteText[id=38a82a0d-69fc-4d87-a6d1-ec924f6828ee] Routing FlowFile[3564,90491908409463.mockFlowFile,24B] to original
[main] DEBUG org.apache.nifi.processors.standard.RouteText - RouteText[id=38a82a0d-69fc-4d87-a6d1-ec924f6828ee] Adding new dynamic property: PropertyDescriptor[simple]
[pool-4105-thread-1] INFO org.apache.nifi.processors.standard.RouteText - RouteText[id=38a82a0d-69fc-4d87-a6d1-ec924f6828ee] Created FlowFile[3567,90491908874243.mockFlowFile,24B] from FlowFile[3566,90491908874243.mockFlowFile,24B]; routing to relationship simple
[pool-4105-thread-1] INFO org.apache.nifi.processors.standard.RouteText - RouteText[id=38a82a0d-69fc-4d87-a6d1-ec924f6828ee] Routing FlowFile[3566,90491908874243.mockFlowFile,24B] to original
[main] DEBUG org.apache.nifi.processors.standard.RouteText - RouteText[id=38a82a0d-69fc-4d87-a6d1-ec924f6828ee] Adding new dynamic property: PropertyDescriptor[simple]
[pool-4106-thread-1] INFO org.apache.nifi.processors.standard.RouteText - RouteText[id=38a82a0d-69fc-4d87-a6d1-ec924f6828ee] Created FlowFile[3569,90491909328334.mockFlowFile,24B] from FlowFile[3568,90491909328334.mockFlowFile,24B]; routing to relationship simple
[pool-4106-thread-1] INFO org.apache.nifi.processors.standard.RouteText - RouteText[id=38a82a0d-69fc-4d87-a6d1-ec924f6828ee] Routing FlowFile[3568,90491909328334.mockFlowFile,24B] to original
[main] DEBUG org.apache.nifi.processors.standard.RouteText - RouteText[id=38a82a0d-69fc-4d87-a6d1-ec924f6828ee] Adding new dynamic property: PropertyDescriptor[simple]
[pool-4107-thread-1] INFO org.apache.nifi.processors.standard.RouteText - RouteText[id=38a82a0d-69fc-4d87-a6d1-ec924f6828ee] Created FlowFile[3571,90491909681662.mockFlowFile,24B] from FlowFile[3570,90491909681662.mockFlowFile,24B]; routing to relationship simple
[pool-4107-thread-1] INFO org.apache.nifi.processors.standard.RouteText - RouteText[id=38a82a0d-69fc-4d87-a6d1-ec924f6828ee] Routing FlowFile[3570,90491909681662.mockFlowFile,24B] to original
[main] DEBUG org.apache.nifi.processors.standard.RouteText - RouteText[id=38a82a0d-69fc-4d87-a6d1-ec924f6828ee] Adding new dynamic property: PropertyDescriptor[simple]
[pool-4108-thread-1] INFO org.apache.nifi.processors.standard.RouteText - RouteText[id=38a82a0d-69fc-4d87-a6d1-ec924f6828ee] Created FlowFile[3573,90491910139784.mockFlowFile,24B] from FlowFile[3572,90491910139784.mockFlowFile,24B]; routing to relationship simple
[pool-4108-thread-1] INFO org.apache.nifi.processors.standard.RouteText - RouteText[id=38a82a0d-69fc-4d87-a6d1-ec924f6828ee] Routing FlowFile[3572,90491910139784.mockFlowFile,24B] to original
[main] DEBUG org.apache.nifi.processors.standard.RouteText - RouteText[id=38a82a0d-69fc-4d87-a6d1-ec924f6828ee] Adding new dynamic property: PropertyDescriptor[simple]
[pool-4109-thread-1] INFO org.apache.nifi.processors.standard.RouteText - RouteText[id=38a82a0d-69fc-4d87-a6d1-ec924f6828ee] Created FlowFile[3575,90491910712808.mockFlowFile,24B] from FlowFile[3574,90491910712808.mockFlowFile,24B]; routing to relationship simple
[pool-4109-thread-1] INFO org.apache.nifi.processors.standard.RouteText - RouteText[id=38a82a0d-69fc-4d87-a6d1-ec924f6828ee] Routing FlowFile[3574,90491910712808.mockFlowFile,24B] to original
[main] DEBUG org.apache.nifi.processors.standard.RouteText - RouteText[id=38a82a0d-69fc-4d87-a6d1-ec924f6828ee] Adding new dynamic property: PropertyDescriptor[simple]
[pool-4110-thread-1] INFO org.apache.nifi.processors.standard.RouteText - RouteText[id=38a82a0d-69fc-4d87-a6d1-ec924f6828ee] Created FlowFile[3577,90491911235088.mockFlowFile,24B] from FlowFile[3576,90491911235088.mockFlowFile,24B]; routing to relationship simple
[pool-4110-thread-1] INFO org.apache.nifi.processors.standard.RouteText - RouteText[id=38a82a0d-69fc-4d87-a6d1-ec924f6828ee] Routing FlowFile[3576,90491911235088.mockFlowFile,24B] to original
[main] DEBUG org.apache.nifi.processors.standard.RouteText - RouteText[id=38a82a0d-69fc-4d87-a6d1-ec924f6828ee] Adding new dynamic property: PropertyDescriptor[simple]
[pool-4111-thread-1] INFO org.apache.nifi.processors.standard.RouteText - RouteText[id=38a82a0d-69fc-4d87-a6d1-ec924f6828ee] Created FlowFile[3579,90491911791247.mockFlowFile,24B] from FlowFile[3578,90491911791247.mockFlowFile,24B]; routing to relationship simple
[pool-4111-thread-1] INFO org.apache.nifi.processors.standard.RouteText - RouteText[id=38a82a0d-69fc-4d87-a6d1-ec924f6828ee] Routing FlowFile[3578,90491911791247.mockFlowFile,24B] to original
[main] DEBUG org.apache.nifi.processors.standard.RouteText - RouteText[id=38a82a0d-69fc-4d87-a6d1-ec924f6828ee] Adding new dynamic property: PropertyDescriptor[simple]
[pool-4112-thread-1] INFO org.apache.nifi.processors.standard.RouteText - RouteText[id=38a82a0d-69fc-4d87-a6d1-ec924f6828ee] Created FlowFile[3581,90491912286475.mockFlowFile,24B] from FlowFile[3580,90491912286475.mockFlowFile,24B]; routing to relationship simple
[pool-4112-thread-1] INFO org.apache.nifi.processors.standard.RouteText - RouteText[id=38a82a0d-69fc-4d87-a6d1-ec924f6828ee] Routing FlowFile[3580,90491912286475.mockFlowFile,24B] to original
[main] DEBUG org.apache.nifi.processors.standard.RouteText - RouteText[id=38a82a0d-69fc-4d87-a6d1-ec924f6828ee] Adding new dynamic property: PropertyDescriptor[simple]
[pool-4113-thread-1] INFO org.apache.nifi.processors.standard.RouteText - RouteText[id=38a82a0d-69fc-4d87-a6d1-ec924f6828ee] Created FlowFile[3583,90491912756604.mockFlowFile,24B] from FlowFile[3582,90491912756604.mockFlowFile,24B]; routing to relationship simple
[pool-4113-thread-1] INFO org.apache.nifi.processors.standard.RouteText - RouteText[id=38a82a0d-69fc-4d87-a6d1-ec924f6828ee] Routing FlowFile[3582,90491912756604.mockFlowFile,24B] to original
[main] DEBUG org.apache.nifi.processors.standard.RouteText - RouteText[id=38a82a0d-69fc-4d87-a6d1-ec924f6828ee] Adding new dynamic property: PropertyDescriptor[simple]
[pool-4114-thread-1] INFO org.apache.nifi.processors.standard.RouteText - RouteText[id=38a82a0d-69fc-4d87-a6d1-ec924f6828ee] Created FlowFile[3585,90491913260979.mockFlowFile,24B] from FlowFile[3584,90491913260979.mockFlowFile,24B]; routing to relationship simple
[pool-4114-thread-1] INFO org.apache.nifi.processors.standard.RouteText - RouteText[id=38a82a0d-69fc-4d87-a6d1-ec924f6828ee] Routing FlowFile[3584,90491913260979.mockFlowFile,24B] to original
[main] DEBUG org.apache.nifi.processors.standard.RouteText - RouteText[id=38a82a0d-69fc-4d87-a6d1-ec924f6828ee] Adding new dynamic property: PropertyDescriptor[simple]
[pool-4115-thread-1] INFO org.apache.nifi.processors.standard.RouteText - RouteText[id=38a82a0d-69fc-4d87-a6d1-ec924f6828ee] Created FlowFile[3587,90491913707603.mockFlowFile,24B] from FlowFile[3586,90491913707603.mockFlowFile,24B]; routing to relationship simple
[pool-4115-thread-1] INFO org.apache.nifi.processors.standard.RouteText - RouteText[id=38a82a0d-69fc-4d87-a6d1-ec924f6828ee] Routing FlowFile[3586,90491913707603.mockFlowFile,24B] to original
[main] DEBUG org.apache.nifi.processors.standard.RouteText - RouteText[id=38a82a0d-69fc-4d87-a6d1-ec924f6828ee] Adding new dynamic property: PropertyDescriptor[simple]
[pool-4116-thread-1] INFO org.apache.nifi.processors.standard.RouteText - RouteText[id=38a82a0d-69fc-4d87-a6d1-ec924f6828ee] Created FlowFile[3589,90491914161869.mockFlowFile,24B] from FlowFile[3588,90491914161869.mockFlowFile,24B]; routing to relationship simple
[pool-4116-thread-1] INFO org.apache.nifi.processors.standard.RouteText - RouteText[id=38a82a0d-69fc-4d87-a6d1-ec924f6828ee] Routing FlowFile[3588,90491914161869.mockFlowFile,24B] to original
[main] DEBUG org.apache.nifi.processors.standard.RouteText - RouteText[id=38a82a0d-69fc-4d87-a6d1-ec924f6828ee] Adding new dynamic property: PropertyDescriptor[simple]
[pool-4117-thread-1] INFO org.apache.nifi.processors.standard.RouteText - RouteText[id=38a82a0d-69fc-4d87-a6d1-ec924f6828ee] Created FlowFile[3591,90491914503619.mockFlowFile,24B] from FlowFile[3590,90491914503619.mockFlowFile,24B]; routing to relationship simple
[pool-4117-thread-1] INFO org.apache.nifi.processors.standard.RouteText - RouteText[id=38a82a0d-69fc-4d87-a6d1-ec924f6828ee] Routing FlowFile[3590,90491914503619.mockFlowFile,24B] to original
[main] DEBUG org.apache.nifi.processors.standard.RouteText - RouteText[id=38a82a0d-69fc-4d87-a6d1-ec924f6828ee] Adding new dynamic property: PropertyDescriptor[simple]
[pool-4118-thread-1] INFO org.apache.nifi.processors.standard.RouteText - RouteText[id=38a82a0d-69fc-4d87-a6d1-ec924f6828ee] Created FlowFile[3593,90491914842910.mockFlowFile,24B] from FlowFile[3592,90491914842910.mockFlowFile,24B]; routing to relationship simple
[pool-4118-thread-1] INFO org.apache.nifi.processors.standard.RouteText - RouteText[id=38a82a0d-69fc-4d87-a6d1-ec924f6828ee] Routing FlowFile[3592,90491914842910.mockFlowFile,24B] to original
[main] DEBUG org.apache.nifi.processors.standard.RouteText - RouteText[id=38a82a0d-69fc-4d87-a6d1-ec924f6828ee] Adding new dynamic property: PropertyDescriptor[simple]
[pool-4119-thread-1] INFO org.apache.nifi.processors.standard.RouteText - RouteText[id=38a82a0d-69fc-4d87-a6d1-ec924f6828ee] Created FlowFile[3595,90491915260349.mockFlowFile,24B] from FlowFile[3594,90491915260349.mockFlowFile,24B]; routing to relationship simple
[pool-4119-thread-1] INFO org.apache.nifi.processors.standard.RouteText - RouteText[id=38a82a0d-69fc-4d87-a6d1-ec924f6828ee] Routing FlowFile[3594,90491915260349.mockFlowFile,24B] to original
[main] DEBUG org.apache.nifi.processors.standard.RouteText - RouteText[id=38a82a0d-69fc-4d87-a6d1-ec924f6828ee] Adding new dynamic property: PropertyDescriptor[simple]
[pool-4120-thread-1] INFO org.apache.nifi.processors.standard.RouteText - RouteText[id=38a82a0d-69fc-4d87-a6d1-ec924f6828ee] Created FlowFile[3597,90491915755406.mockFlowFile,24B] from FlowFile[3596,90491915755406.mockFlowFile,24B]; routing to relationship simple
[pool-4120-thread-1] INFO org.apache.nifi.processors.standard.RouteText - RouteText[id=38a82a0d-69fc-4d87-a6d1-ec924f6828ee] Routing FlowFile[3596,90491915755406.mockFlowFile,24B] to original
[main] DEBUG org.apache.nifi.processors.standard.RouteText - RouteText[id=38a82a0d-69fc-4d87-a6d1-ec924f6828ee] Adding new dynamic property: PropertyDescriptor[simple]
[pool-4121-thread-1] INFO org.apache.nifi.processors.standard.RouteText - RouteText[id=38a82a0d-69fc-4d87-a6d1-ec924f6828ee] Created FlowFile[3599,90491916120147.mockFlowFile,24B] from FlowFile[3598,90491916120147.mockFlowFile,24B]; routing to relationship simple
[pool-4121-thread-1] INFO org.apache.nifi.processors.standard.RouteText - RouteText[id=38a82a0d-69fc-4d87-a6d1-ec924f6828ee] Routing FlowFile[3598,90491916120147.mockFlowFile,24B] to original
[main] DEBUG org.apache.nifi.processors.standard.RouteText - RouteText[id=38a82a0d-69fc-4d87-a6d1-ec924f6828ee] Adding new dynamic property: PropertyDescriptor[simple]
[pool-4122-thread-1] INFO org.apache.nifi.processors.standard.RouteText - RouteText[id=38a82a0d-69fc-4d87-a6d1-ec924f6828ee] Created FlowFile[3601,90491916611103.mockFlowFile,24B] from FlowFile[3600,90491916611103.mockFlowFile,24B]; routing to relationship simple
[pool-4122-thread-1] INFO org.apache.nifi.processors.standard.RouteText - RouteText[id=38a82a0d-69fc-4d87-a6d1-ec924f6828ee] Routing FlowFile[3600,90491916611103.mockFlowFile,24B] to original
[main] DEBUG org.apache.nifi.processors.standard.RouteText - RouteText[id=38a82a0d-69fc-4d87-a6d1-ec924f6828ee] Adding new dynamic property: PropertyDescriptor[simple]
[pool-4123-thread-1] INFO org.apache.nifi.processors.standard.RouteText - RouteText[id=38a82a0d-69fc-4d87-a6d1-ec924f6828ee] Created FlowFile[3603,90491917051856.mockFlowFile,24B] from FlowFile[3602,90491917051856.mockFlowFile,24B]; routing to relationship simple
[pool-4123-thread-1] INFO org.apache.nifi.processors.standard.RouteText - RouteText[id=38a82a0d-69fc-4d87-a6d1-ec924f6828ee] Routing FlowFile[3602,90491917051856.mockFlowFile,24B] to original
[main] DEBUG org.apache.nifi.processors.standard.RouteText - RouteText[id=38a82a0d-69fc-4d87-a6d1-ec924f6828ee] Adding new dynamic property: PropertyDescriptor[simple]
[pool-4124-thread-1] INFO org.apache.nifi.processors.standard.RouteText - RouteText[id=38a82a0d-69fc-4d87-a6d1-ec924f6828ee] Created FlowFile[3605,90491917466323.mockFlowFile,24B] from FlowFile[3604,90491917466323.mockFlowFile,24B]; routing to relationship simple
[pool-4124-thread-1] INFO org.apache.nifi.processors.standard.RouteText - RouteText[id=38a82a0d-69fc-4d87-a6d1-ec924f6828ee] Routing FlowFile[3604,90491917466323.mockFlowFile,24B] to original
[main] DEBUG org.apache.nifi.processors.standard.RouteText - RouteText[id=38a82a0d-69fc-4d87-a6d1-ec924f6828ee] Adding new dynamic property: PropertyDescriptor[simple]
[pool-4125-thread-1] INFO org.apache.nifi.processors.standard.RouteText - RouteText[id=38a82a0d-69fc-4d87-a6d1-ec924f6828ee] Created FlowFile[3607,90491917783297.mockFlowFile,24B] from FlowFile[3606,90491917783297.mockFlowFile,24B]; routing to relationship simple
[pool-4125-thread-1] INFO org.apache.nifi.processors.standard.RouteText - RouteText[id=38a82a0d-69fc-4d87-a6d1-ec924f6828ee] Routing FlowFile[3606,90491917783297.mockFlowFile,24B] to original
[main] DEBUG org.apache.nifi.processors.standard.RouteText - RouteText[id=38a82a0d-69fc-4d87-a6d1-ec924f6828ee] Adding new dynamic property: PropertyDescriptor[simple]
[pool-4126-thread-1] INFO org.apache.nifi.processors.standard.RouteText - RouteText[id=38a82a0d-69fc-4d87-a6d1-ec924f6828ee] Created FlowFile[3609,90491918092103.mockFlowFile,24B] from FlowFile[3608,90491918092103.mockFlowFile,24B]; routing to relationship simple
[pool-4126-thread-1] INFO org.apache.nifi.processors.standard.RouteText - RouteText[id=38a82a0d-69fc-4d87-a6d1-ec924f6828ee] Routing FlowFile[3608,90491918092103.mockFlowFile,24B] to original
[main] DEBUG org.apache.nifi.processors.standard.RouteText - RouteText[id=38a82a0d-69fc-4d87-a6d1-ec924f6828ee] Adding new dynamic property: PropertyDescriptor[simple]
[pool-4127-thread-1] INFO org.apache.nifi.processors.standard.RouteText - RouteText[id=38a82a0d-69fc-4d87-a6d1-ec924f6828ee] Created FlowFile[3611,90491918396148.mockFlowFile,24B] from FlowFile[3610,90491918396148.mockFlowFile,24B]; routing to relationship simple
[pool-4127-thread-1] INFO org.apache.nifi.processors.standard.RouteText - RouteText[id=38a82a0d-69fc-4d87-a6d1-ec924f6828ee] Routing FlowFile[3610,90491918396148.mockFlowFile,24B] to original
[main] DEBUG org.apache.nifi.processors.standard.RouteText - RouteText[id=38a82a0d-69fc-4d87-a6d1-ec924f6828ee] Adding new dynamic property: PropertyDescriptor[simple]
[pool-4128-thread-1] INFO org.apache.nifi.processors.standard.RouteText - RouteText[id=38a82a0d-69fc-4d87-a6d1-ec924f6828ee] Created FlowFile[3613,90491918702872.mockFlowFile,24B] from FlowFile[3612,90491918702872.mockFlowFile,24B]; routing to relationship simple
[pool-4128-thread-1] INFO org.apache.nifi.processors.standard.RouteText - RouteText[id=38a82a0d-69fc-4d87-a6d1-ec924f6828ee] Routing FlowFile[3612,90491918702872.mockFlowFile,24B] to original
[main] DEBUG org.apache.nifi.processors.standard.RouteText - RouteText[id=38a82a0d-69fc-4d87-a6d1-ec924f6828ee] Adding new dynamic property: PropertyDescriptor[simple]
[pool-4129-thread-1] INFO org.apache.nifi.processors.standard.RouteText - RouteText[id=38a82a0d-69fc-4d87-a6d1-ec924f6828ee] Created FlowFile[3615,90491919014155.mockFlowFile,24B] from FlowFile[3614,90491919014155.mockFlowFile,24B]; routing to relationship simple
[pool-4129-thread-1] INFO org.apache.nifi.processors.standard.RouteText - RouteText[id=38a82a0d-69fc-4d87-a6d1-ec924f6828ee] Routing FlowFile[3614,90491919014155.mockFlowFile,24B] to original
[main] DEBUG org.apache.nifi.processors.standard.RouteText - RouteText[id=38a82a0d-69fc-4d87-a6d1-ec924f6828ee] Adding new dynamic property: PropertyDescriptor[simple]
[pool-4130-thread-1] INFO org.apache.nifi.processors.standard.RouteText - RouteText[id=38a82a0d-69fc-4d87-a6d1-ec924f6828ee] Created FlowFile[3617,90491919552986.mockFlowFile,24B] from FlowFile[3616,90491919552986.mockFlowFile,24B]; routing to relationship simple
[pool-4130-thread-1] INFO org.apache.nifi.processors.standard.RouteText - RouteText[id=38a82a0d-69fc-4d87-a6d1-ec924f6828ee] Routing FlowFile[3616,90491919552986.mockFlowFile,24B] to original
[main] DEBUG org.apache.nifi.processors.standard.RouteText - RouteText[id=38a82a0d-69fc-4d87-a6d1-ec924f6828ee] Adding new dynamic property: PropertyDescriptor[simple]
[pool-4131-thread-1] INFO org.apache.nifi.processors.standard.RouteText - RouteText[id=38a82a0d-69fc-4d87-a6d1-ec924f6828ee] Created FlowFile[3619,90491919987493.mockFlowFile,24B] from FlowFile[3618,90491919987493.mockFlowFile,24B]; routing to relationship simple
[pool-4131-thread-1] INFO org.apache.nifi.processors.standard.RouteText - RouteText[id=38a82a0d-69fc-4d87-a6d1-ec924f6828ee] Routing FlowFile[3618,90491919987493.mockFlowFile,24B] to original
[main] DEBUG org.apache.nifi.processors.standard.RouteText - RouteText[id=38a82a0d-69fc-4d87-a6d1-ec924f6828ee] Adding new dynamic property: PropertyDescriptor[simple]
[pool-4132-thread-1] INFO org.apache.nifi.processors.standard.RouteText - RouteText[id=38a82a0d-69fc-4d87-a6d1-ec924f6828ee] Created FlowFile[3621,90491920395213.mockFlowFile,24B] from FlowFile[3620,90491920395213.mockFlowFile,24B]; routing to relationship simple
[pool-4132-thread-1] INFO org.apache.nifi.processors.standard.RouteText - RouteText[id=38a82a0d-69fc-4d87-a6d1-ec924f6828ee] Routing FlowFile[3620,90491920395213.mockFlowFile,24B] to original
[main] DEBUG org.apache.nifi.processors.standard.RouteText - RouteText[id=38a82a0d-69fc-4d87-a6d1-ec924f6828ee] Adding new dynamic property: PropertyDescriptor[simple]
[pool-4133-thread-1] INFO org.apache.nifi.processors.standard.RouteText - RouteText[id=38a82a0d-69fc-4d87-a6d1-ec924f6828ee] Created FlowFile[3623,90491920809782.mockFlowFile,24B] from FlowFile[3622,90491920809782.mockFlowFile,24B]; routing to relationship simple
[pool-4133-thread-1] INFO org.apache.nifi.processors.standard.RouteText - RouteText[id=38a82a0d-69fc-4d87-a6d1-ec924f6828ee] Routing FlowFile[3622,90491920809782.mockFlowFile,24B] to original
[main] DEBUG org.apache.nifi.processors.standard.RouteText - RouteText[id=38a82a0d-69fc-4d87-a6d1-ec924f6828ee] Adding new dynamic property: PropertyDescriptor[simple]
[pool-4134-thread-1] INFO org.apache.nifi.processors.standard.RouteText - RouteText[id=38a82a0d-69fc-4d87-a6d1-ec924f6828ee] Created FlowFile[3625,90491921143263.mockFlowFile,24B] from FlowFile[3624,90491921143263.mockFlowFile,24B]; routing to relationship simple
[pool-4134-thread-1] INFO org.apache.nifi.processors.standard.RouteText - RouteText[id=38a82a0d-69fc-4d87-a6d1-ec924f6828ee] Routing FlowFile[3624,90491921143263.mockFlowFile,24B] to original
[main] DEBUG org.apache.nifi.processors.standard.RouteText - RouteText[id=38a82a0d-69fc-4d87-a6d1-ec924f6828ee] Adding new dynamic property: PropertyDescriptor[simple]
[pool-4135-thread-1] INFO org.apache.nifi.processors.standard.RouteText - RouteText[id=38a82a0d-69fc-4d87-a6d1-ec924f6828ee] Created FlowFile[3627,90491921469072.mockFlowFile,24B] from FlowFile[3626,90491921469072.mockFlowFile,24B]; routing to relationship simple
[pool-4135-thread-1] INFO org.apache.nifi.processors.standard.RouteText - RouteText[id=38a82a0d-69fc-4d87-a6d1-ec924f6828ee] Routing FlowFile[3626,90491921469072.mockFlowFile,24B] to original
[main] DEBUG org.apache.nifi.processors.standard.RouteText - RouteText[id=38a82a0d-69fc-4d87-a6d1-ec924f6828ee] Adding new dynamic property: PropertyDescriptor[simple]
[pool-4136-thread-1] INFO org.apache.nifi.processors.standard.RouteText - RouteText[id=38a82a0d-69fc-4d87-a6d1-ec924f6828ee] Created FlowFile[3629,90491921797934.mockFlowFile,24B] from FlowFile[3628,90491921797934.mockFlowFile,24B]; routing to relationship simple
[pool-4136-thread-1] INFO org.apache.nifi.processors.standard.RouteText - RouteText[id=38a82a0d-69fc-4d87-a6d1-ec924f6828ee] Routing FlowFile[3628,90491921797934.mockFlowFile,24B] to original
[main] DEBUG org.apache.nifi.processors.standard.RouteText - RouteText[id=38a82a0d-69fc-4d87-a6d1-ec924f6828ee] Adding new dynamic property: PropertyDescriptor[simple]
[pool-4137-thread-1] INFO org.apache.nifi.processors.standard.RouteText - RouteText[id=38a82a0d-69fc-4d87-a6d1-ec924f6828ee] Created FlowFile[3631,90491922139353.mockFlowFile,24B] from FlowFile[3630,90491922139353.mockFlowFile,24B]; routing to relationship simple
[pool-4137-thread-1] INFO org.apache.nifi.processors.standard.RouteText - RouteText[id=38a82a0d-69fc-4d87-a6d1-ec924f6828ee] Routing FlowFile[3630,90491922139353.mockFlowFile,24B] to original
[main] DEBUG org.apache.nifi.processors.standard.RouteText - RouteText[id=38a82a0d-69fc-4d87-a6d1-ec924f6828ee] Adding new dynamic property: PropertyDescriptor[simple]
[pool-4138-thread-1] INFO org.apache.nifi.processors.standard.RouteText - RouteText[id=38a82a0d-69fc-4d87-a6d1-ec924f6828ee] Created FlowFile[3633,90491922486212.mockFlowFile,24B] from FlowFile[3632,90491922486212.mockFlowFile,24B]; routing to relationship simple
[pool-4138-thread-1] INFO org.apache.nifi.processors.standard.RouteText - RouteText[id=38a82a0d-69fc-4d87-a6d1-ec924f6828ee] Routing FlowFile[3632,90491922486212.mockFlowFile,24B] to original
[main] DEBUG org.apache.nifi.processors.standard.RouteText - RouteText[id=38a82a0d-69fc-4d87-a6d1-ec924f6828ee] Adding new dynamic property: PropertyDescriptor[simple]
[pool-4139-thread-1] INFO org.apache.nifi.processors.standard.RouteText - RouteText[id=38a82a0d-69fc-4d87-a6d1-ec924f6828ee] Created FlowFile[3635,90491922818745.mockFlowFile,24B] from FlowFile[3634,90491922818745.mockFlowFile,24B]; routing to relationship simple
[pool-4139-thread-1] INFO org.apache.nifi.processors.standard.RouteText - RouteText[id=38a82a0d-69fc-4d87-a6d1-ec924f6828ee] Routing FlowFile[3634,90491922818745.mockFlowFile,24B] to original
[main] DEBUG org.apache.nifi.processors.standard.RouteText - RouteText[id=38a82a0d-69fc-4d87-a6d1-ec924f6828ee] Adding new dynamic property: PropertyDescriptor[simple]
[pool-4140-thread-1] INFO org.apache.nifi.processors.standard.RouteText - RouteText[id=38a82a0d-69fc-4d87-a6d1-ec924f6828ee] Created FlowFile[3637,90491923147097.mockFlowFile,24B] from FlowFile[3636,90491923147097.mockFlowFile,24B]; routing to relationship simple
[pool-4140-thread-1] INFO org.apache.nifi.processors.standard.RouteText - RouteText[id=38a82a0d-69fc-4d87-a6d1-ec924f6828ee] Routing FlowFile[3636,90491923147097.mockFlowFile,24B] to original
[main] DEBUG org.apache.nifi.processors.standard.RouteText - RouteText[id=38a82a0d-69fc-4d87-a6d1-ec924f6828ee] Adding new dynamic property: PropertyDescriptor[simple]
[pool-4141-thread-1] INFO org.apache.nifi.processors.standard.RouteText - RouteText[id=38a82a0d-69fc-4d87-a6d1-ec924f6828ee] Created FlowFile[3639,90491923612722.mockFlowFile,24B] from FlowFile[3638,90491923612722.mockFlowFile,24B]; routing to relationship simple
[pool-4141-thread-1] INFO org.apache.nifi.processors.standard.RouteText - RouteText[id=38a82a0d-69fc-4d87-a6d1-ec924f6828ee] Routing FlowFile[3638,90491923612722.mockFlowFile,24B] to original
[main] DEBUG org.apache.nifi.processors.standard.RouteText - RouteText[id=38a82a0d-69fc-4d87-a6d1-ec924f6828ee] Adding new dynamic property: PropertyDescriptor[simple]
[pool-4142-thread-1] INFO org.apache.nifi.processors.standard.RouteText - RouteText[id=38a82a0d-69fc-4d87-a6d1-ec924f6828ee] Created FlowFile[3641,90491924083206.mockFlowFile,24B] from FlowFile[3640,90491924083206.mockFlowFile,24B]; routing to relationship simple
[pool-4142-thread-1] INFO org.apache.nifi.processors.standard.RouteText - RouteText[id=38a82a0d-69fc-4d87-a6d1-ec924f6828ee] Routing FlowFile[3640,90491924083206.mockFlowFile,24B] to original
[main] DEBUG org.apache.nifi.processors.standard.RouteText - RouteText[id=38a82a0d-69fc-4d87-a6d1-ec924f6828ee] Adding new dynamic property: PropertyDescriptor[simple]
[pool-4143-thread-1] INFO org.apache.nifi.processors.standard.RouteText - RouteText[id=38a82a0d-69fc-4d87-a6d1-ec924f6828ee] Created FlowFile[3643,90491924529974.mockFlowFile,24B] from FlowFile[3642,90491924529974.mockFlowFile,24B]; routing to relationship simple
[pool-4143-thread-1] INFO org.apache.nifi.processors.standard.RouteText - RouteText[id=38a82a0d-69fc-4d87-a6d1-ec924f6828ee] Routing FlowFile[3642,90491924529974.mockFlowFile,24B] to original
[main] DEBUG org.apache.nifi.processors.standard.RouteText - RouteText[id=38a82a0d-69fc-4d87-a6d1-ec924f6828ee] Adding new dynamic property: PropertyDescriptor[simple]
[pool-4144-thread-1] INFO org.apache.nifi.processors.standard.RouteText - RouteText[id=38a82a0d-69fc-4d87-a6d1-ec924f6828ee] Created FlowFile[3645,90491924943954.mockFlowFile,24B] from FlowFile[3644,90491924943954.mockFlowFile,24B]; routing to relationship simple
[pool-4144-thread-1] INFO org.apache.nifi.processors.standard.RouteText - RouteText[id=38a82a0d-69fc-4d87-a6d1-ec924f6828ee] Routing FlowFile[3644,90491924943954.mockFlowFile,24B] to original
[main] DEBUG org.apache.nifi.processors.standard.RouteText - RouteText[id=38a82a0d-69fc-4d87-a6d1-ec924f6828ee] Adding new dynamic property: PropertyDescriptor[simple]
[pool-4145-thread-1] INFO org.apache.nifi.processors.standard.RouteText - RouteText[id=38a82a0d-69fc-4d87-a6d1-ec924f6828ee] Created FlowFile[3647,90491925278786.mockFlowFile,24B] from FlowFile[3646,90491925278786.mockFlowFile,24B]; routing to relationship simple
[pool-4145-thread-1] INFO org.apache.nifi.processors.standard.RouteText - RouteText[id=38a82a0d-69fc-4d87-a6d1-ec924f6828ee] Routing FlowFile[3646,90491925278786.mockFlowFile,24B] to original
[main] DEBUG org.apache.nifi.processors.standard.RouteText - RouteText[id=38a82a0d-69fc-4d87-a6d1-ec924f6828ee] Adding new dynamic property: PropertyDescriptor[simple]
[pool-4146-thread-1] INFO org.apache.nifi.processors.standard.RouteText - RouteText[id=38a82a0d-69fc-4d87-a6d1-ec924f6828ee] Created FlowFile[3649,90491925649717.mockFlowFile,24B] from FlowFile[3648,90491925649717.mockFlowFile,24B]; routing to relationship simple
[pool-4146-thread-1] INFO org.apache.nifi.processors.standard.RouteText - RouteText[id=38a82a0d-69fc-4d87-a6d1-ec924f6828ee] Routing FlowFile[3648,90491925649717.mockFlowFile,24B] to original
[main] DEBUG org.apache.nifi.processors.standard.RouteText - RouteText[id=38a82a0d-69fc-4d87-a6d1-ec924f6828ee] Adding new dynamic property: PropertyDescriptor[simple]
[pool-4147-thread-1] INFO org.apache.nifi.processors.standard.RouteText - RouteText[id=38a82a0d-69fc-4d87-a6d1-ec924f6828ee] Created FlowFile[3651,90491926018374.mockFlowFile,24B] from FlowFile[3650,90491926018374.mockFlowFile,24B]; routing to relationship simple
[pool-4147-thread-1] INFO org.apache.nifi.processors.standard.RouteText - RouteText[id=38a82a0d-69fc-4d87-a6d1-ec924f6828ee] Routing FlowFile[3650,90491926018374.mockFlowFile,24B] to original
[main] DEBUG org.apache.nifi.processors.standard.RouteText - RouteText[id=38a82a0d-69fc-4d87-a6d1-ec924f6828ee] Adding new dynamic property: PropertyDescriptor[simple]
[pool-4148-thread-1] INFO org.apache.nifi.processors.standard.RouteText - RouteText[id=38a82a0d-69fc-4d87-a6d1-ec924f6828ee] Created FlowFile[3653,90491926373200.mockFlowFile,24B] from FlowFile[3652,90491926373200.mockFlowFile,24B]; routing to relationship simple
[pool-4148-thread-1] INFO org.apache.nifi.processors.standard.RouteText - RouteText[id=38a82a0d-69fc-4d87-a6d1-ec924f6828ee] Routing FlowFile[3652,90491926373200.mockFlowFile,24B] to original
[main] DEBUG org.apache.nifi.processors.standard.RouteText - RouteText[id=38a82a0d-69fc-4d87-a6d1-ec924f6828ee] Adding new dynamic property: PropertyDescriptor[simple]
[pool-4149-thread-1] INFO org.apache.nifi.processors.standard.RouteText - RouteText[id=38a82a0d-69fc-4d87-a6d1-ec924f6828ee] Created FlowFile[3655,90491926717738.mockFlowFile,24B] from FlowFile[3654,90491926717738.mockFlowFile,24B]; routing to relationship simple
[pool-4149-thread-1] INFO org.apache.nifi.processors.standard.RouteText - RouteText[id=38a82a0d-69fc-4d87-a6d1-ec924f6828ee] Routing FlowFile[3654,90491926717738.mockFlowFile,24B] to original
[main] DEBUG org.apache.nifi.processors.standard.RouteText - RouteText[id=38a82a0d-69fc-4d87-a6d1-ec924f6828ee] Adding new dynamic property: PropertyDescriptor[simple]
[pool-4150-thread-1] INFO org.apache.nifi.processors.standard.RouteText - RouteText[id=38a82a0d-69fc-4d87-a6d1-ec924f6828ee] Created FlowFile[3657,90491927086836.mockFlowFile,24B] from FlowFile[3656,90491927086836.mockFlowFile,24B]; routing to relationship simple
[pool-4150-thread-1] INFO org.apache.nifi.processors.standard.RouteText - RouteText[id=38a82a0d-69fc-4d87-a6d1-ec924f6828ee] Routing FlowFile[3656,90491927086836.mockFlowFile,24B] to original
[main] DEBUG org.apache.nifi.processors.standard.RouteText - RouteText[id=38a82a0d-69fc-4d87-a6d1-ec924f6828ee] Adding new dynamic property: PropertyDescriptor[simple]
[pool-4151-thread-1] INFO org.apache.nifi.processors.standard.RouteText - RouteText[id=38a82a0d-69fc-4d87-a6d1-ec924f6828ee] Created FlowFile[3659,90491927578175.mockFlowFile,24B] from FlowFile[3658,90491927578175.mockFlowFile,24B]; routing to relationship simple
[pool-4151-thread-1] INFO org.apache.nifi.processors.standard.RouteText - RouteText[id=38a82a0d-69fc-4d87-a6d1-ec924f6828ee] Routing FlowFile[3658,90491927578175.mockFlowFile,24B] to original
[main] DEBUG org.apache.nifi.processors.standard.RouteText - RouteText[id=38a82a0d-69fc-4d87-a6d1-ec924f6828ee] Adding new dynamic property: PropertyDescriptor[simple]
[pool-4152-thread-1] INFO org.apache.nifi.processors.standard.RouteText - RouteText[id=38a82a0d-69fc-4d87-a6d1-ec924f6828ee] Created FlowFile[3661,90491927973372.mockFlowFile,24B] from FlowFile[3660,90491927973372.mockFlowFile,24B]; routing to relationship simple
[pool-4152-thread-1] INFO org.apache.nifi.processors.standard.RouteText - RouteText[id=38a82a0d-69fc-4d87-a6d1-ec924f6828ee] Routing FlowFile[3660,90491927973372.mockFlowFile,24B] to original
[main] DEBUG org.apache.nifi.processors.standard.RouteText - RouteText[id=38a82a0d-69fc-4d87-a6d1-ec924f6828ee] Adding new dynamic property: PropertyDescriptor[simple]
[pool-4153-thread-1] INFO org.apache.nifi.processors.standard.RouteText - RouteText[id=38a82a0d-69fc-4d87-a6d1-ec924f6828ee] Created FlowFile[3663,90491928468886.mockFlowFile,24B] from FlowFile[3662,90491928468886.mockFlowFile,24B]; routing to relationship simple
[pool-4153-thread-1] INFO org.apache.nifi.processors.standard.RouteText - RouteText[id=38a82a0d-69fc-4d87-a6d1-ec924f6828ee] Routing FlowFile[3662,90491928468886.mockFlowFile,24B] to original
[main] DEBUG org.apache.nifi.processors.standard.RouteText - RouteText[id=38a82a0d-69fc-4d87-a6d1-ec924f6828ee] Adding new dynamic property: PropertyDescriptor[simple]
[pool-4154-thread-1] INFO org.apache.nifi.processors.standard.RouteText - RouteText[id=38a82a0d-69fc-4d87-a6d1-ec924f6828ee] Created FlowFile[3665,90491928962084.mockFlowFile,24B] from FlowFile[3664,90491928962084.mockFlowFile,24B]; routing to relationship simple
[pool-4154-thread-1] INFO org.apache.nifi.processors.standard.RouteText - RouteText[id=38a82a0d-69fc-4d87-a6d1-ec924f6828ee] Routing FlowFile[3664,90491928962084.mockFlowFile,24B] to original
[main] DEBUG org.apache.nifi.processors.standard.RouteText - RouteText[id=38a82a0d-69fc-4d87-a6d1-ec924f6828ee] Adding new dynamic property: PropertyDescriptor[simple]
[pool-4155-thread-1] INFO org.apache.nifi.processors.standard.RouteText - RouteText[id=38a82a0d-69fc-4d87-a6d1-ec924f6828ee] Created FlowFile[3667,90491929383643.mockFlowFile,24B] from FlowFile[3666,90491929383643.mockFlowFile,24B]; routing to relationship simple
[pool-4155-thread-1] INFO org.apache.nifi.processors.standard.RouteText - RouteText[id=38a82a0d-69fc-4d87-a6d1-ec924f6828ee] Routing FlowFile[3666,90491929383643.mockFlowFile,24B] to original
[main] DEBUG org.apache.nifi.processors.standard.RouteText - RouteText[id=38a82a0d-69fc-4d87-a6d1-ec924f6828ee] Adding new dynamic property: PropertyDescriptor[simple]
[pool-4156-thread-1] INFO org.apache.nifi.processors.standard.RouteText - RouteText[id=38a82a0d-69fc-4d87-a6d1-ec924f6828ee] Created FlowFile[3669,90491929757985.mockFlowFile,24B] from FlowFile[3668,90491929757985.mockFlowFile,24B]; routing to relationship simple
[pool-4156-thread-1] INFO org.apache.nifi.processors.standard.RouteText - RouteText[id=38a82a0d-69fc-4d87-a6d1-ec924f6828ee] Routing FlowFile[3668,90491929757985.mockFlowFile,24B] to original
[main] DEBUG org.apache.nifi.processors.standard.RouteText - RouteText[id=38a82a0d-69fc-4d87-a6d1-ec924f6828ee] Adding new dynamic property: PropertyDescriptor[simple]
[pool-4157-thread-1] INFO org.apache.nifi.processors.standard.RouteText - RouteText[id=38a82a0d-69fc-4d87-a6d1-ec924f6828ee] Created FlowFile[3671,90491930107485.mockFlowFile,24B] from FlowFile[3670,90491930107485.mockFlowFile,24B]; routing to relationship simple
[pool-4157-thread-1] INFO org.apache.nifi.processors.standard.RouteText - RouteText[id=38a82a0d-69fc-4d87-a6d1-ec924f6828ee] Routing FlowFile[3670,90491930107485.mockFlowFile,24B] to original
[main] DEBUG org.apache.nifi.processors.standard.RouteText - RouteText[id=38a82a0d-69fc-4d87-a6d1-ec924f6828ee] Adding new dynamic property: PropertyDescriptor[simple]
[pool-4158-thread-1] INFO org.apache.nifi.processors.standard.RouteText - RouteText[id=38a82a0d-69fc-4d87-a6d1-ec924f6828ee] Created FlowFile[3673,90491930447519.mockFlowFile,24B] from FlowFile[3672,90491930447519.mockFlowFile,24B]; routing to relationship simple
[pool-4158-thread-1] INFO org.apache.nifi.processors.standard.RouteText - RouteText[id=38a82a0d-69fc-4d87-a6d1-ec924f6828ee] Routing FlowFile[3672,90491930447519.mockFlowFile,24B] to original
[main] DEBUG org.apache.nifi.processors.standard.RouteText - RouteText[id=38a82a0d-69fc-4d87-a6d1-ec924f6828ee] Adding new dynamic property: PropertyDescriptor[simple]
[pool-4159-thread-1] INFO org.apache.nifi.processors.standard.RouteText - RouteText[id=38a82a0d-69fc-4d87-a6d1-ec924f6828ee] Created FlowFile[3675,90491930783769.mockFlowFile,24B] from FlowFile[3674,90491930783769.mockFlowFile,24B]; routing to relationship simple
[pool-4159-thread-1] INFO org.apache.nifi.processors.standard.RouteText - RouteText[id=38a82a0d-69fc-4d87-a6d1-ec924f6828ee] Routing FlowFile[3674,90491930783769.mockFlowFile,24B] to original
[main] DEBUG org.apache.nifi.processors.standard.RouteText - RouteText[id=38a82a0d-69fc-4d87-a6d1-ec924f6828ee] Adding new dynamic property: PropertyDescriptor[simple]
[pool-4160-thread-1] INFO org.apache.nifi.processors.standard.RouteText - RouteText[id=38a82a0d-69fc-4d87-a6d1-ec924f6828ee] Created FlowFile[3677,90491931163823.mockFlowFile,24B] from FlowFile[3676,90491931163823.mockFlowFile,24B]; routing to relationship simple
[pool-4160-thread-1] INFO org.apache.nifi.processors.standard.RouteText - RouteText[id=38a82a0d-69fc-4d87-a6d1-ec924f6828ee] Routing FlowFile[3676,90491931163823.mockFlowFile,24B] to original
[main] DEBUG org.apache.nifi.processors.standard.RouteText - RouteText[id=38a82a0d-69fc-4d87-a6d1-ec924f6828ee] Adding new dynamic property: PropertyDescriptor[simple]
[pool-4161-thread-1] INFO org.apache.nifi.processors.standard.RouteText - RouteText[id=38a82a0d-69fc-4d87-a6d1-ec924f6828ee] Created FlowFile[3679,90491931639466.mockFlowFile,24B] from FlowFile[3678,90491931639466.mockFlowFile,24B]; routing to relationship simple
[pool-4161-thread-1] INFO org.apache.nifi.processors.standard.RouteText - RouteText[id=38a82a0d-69fc-4d87-a6d1-ec924f6828ee] Routing FlowFile[3678,90491931639466.mockFlowFile,24B] to original
[main] DEBUG org.apache.nifi.processors.standard.RouteText - RouteText[id=38a82a0d-69fc-4d87-a6d1-ec924f6828ee] Adding new dynamic property: PropertyDescriptor[simple]
[pool-4162-thread-1] INFO org.apache.nifi.processors.standard.RouteText - RouteText[id=38a82a0d-69fc-4d87-a6d1-ec924f6828ee] Created FlowFile[3681,90491932063848.mockFlowFile,24B] from FlowFile[3680,90491932063848.mockFlowFile,24B]; routing to relationship simple
[pool-4162-thread-1] INFO org.apache.nifi.processors.standard.RouteText - RouteText[id=38a82a0d-69fc-4d87-a6d1-ec924f6828ee] Routing FlowFile[3680,90491932063848.mockFlowFile,24B] to original
[main] DEBUG org.apache.nifi.processors.standard.RouteText - RouteText[id=38a82a0d-69fc-4d87-a6d1-ec924f6828ee] Adding new dynamic property: PropertyDescriptor[simple]
[pool-4163-thread-1] INFO org.apache.nifi.processors.standard.RouteText - RouteText[id=38a82a0d-69fc-4d87-a6d1-ec924f6828ee] Created FlowFile[3683,90491932530755.mockFlowFile,24B] from FlowFile[3682,90491932530755.mockFlowFile,24B]; routing to relationship simple
[pool-4163-thread-1] INFO org.apache.nifi.processors.standard.RouteText - RouteText[id=38a82a0d-69fc-4d87-a6d1-ec924f6828ee] Routing FlowFile[3682,90491932530755.mockFlowFile,24B] to original
[main] DEBUG org.apache.nifi.processors.standard.RouteText - RouteText[id=38a82a0d-69fc-4d87-a6d1-ec924f6828ee] Adding new dynamic property: PropertyDescriptor[simple]
[pool-4164-thread-1] INFO org.apache.nifi.processors.standard.RouteText - RouteText[id=38a82a0d-69fc-4d87-a6d1-ec924f6828ee] Created FlowFile[3685,90491932983516.mockFlowFile,24B] from FlowFile[3684,90491932983516.mockFlowFile,24B]; routing to relationship simple
[pool-4164-thread-1] INFO org.apache.nifi.processors.standard.RouteText - RouteText[id=38a82a0d-69fc-4d87-a6d1-ec924f6828ee] Routing FlowFile[3684,90491932983516.mockFlowFile,24B] to original
[main] DEBUG org.apache.nifi.processors.standard.RouteText - RouteText[id=38a82a0d-69fc-4d87-a6d1-ec924f6828ee] Adding new dynamic property: PropertyDescriptor[simple]
[pool-4165-thread-1] INFO org.apache.nifi.processors.standard.RouteText - RouteText[id=38a82a0d-69fc-4d87-a6d1-ec924f6828ee] Created FlowFile[3687,90491933378944.mockFlowFile,24B] from FlowFile[3686,90491933378944.mockFlowFile,24B]; routing to relationship simple
[pool-4165-thread-1] INFO org.apache.nifi.processors.standard.RouteText - RouteText[id=38a82a0d-69fc-4d87-a6d1-ec924f6828ee] Routing FlowFile[3686,90491933378944.mockFlowFile,24B] to original
[main] DEBUG org.apache.nifi.processors.standard.RouteText - RouteText[id=38a82a0d-69fc-4d87-a6d1-ec924f6828ee] Adding new dynamic property: PropertyDescriptor[simple]
[pool-4166-thread-1] INFO org.apache.nifi.processors.standard.RouteText - RouteText[id=38a82a0d-69fc-4d87-a6d1-ec924f6828ee] Created FlowFile[3689,90491933717718.mockFlowFile,24B] from FlowFile[3688,90491933717718.mockFlowFile,24B]; routing to relationship simple
[pool-4166-thread-1] INFO org.apache.nifi.processors.standard.RouteText - RouteText[id=38a82a0d-69fc-4d87-a6d1-ec924f6828ee] Routing FlowFile[3688,90491933717718.mockFlowFile,24B] to original
[main] DEBUG org.apache.nifi.processors.standard.RouteText - RouteText[id=38a82a0d-69fc-4d87-a6d1-ec924f6828ee] Adding new dynamic property: PropertyDescriptor[simple]
[pool-4167-thread-1] INFO org.apache.nifi.processors.standard.RouteText - RouteText[id=38a82a0d-69fc-4d87-a6d1-ec924f6828ee] Created FlowFile[3691,90491934046682.mockFlowFile,24B] from FlowFile[3690,90491934046682.mockFlowFile,24B]; routing to relationship simple
[pool-4167-thread-1] INFO org.apache.nifi.processors.standard.RouteText - RouteText[id=38a82a0d-69fc-4d87-a6d1-ec924f6828ee] Routing FlowFile[3690,90491934046682.mockFlowFile,24B] to original
[main] DEBUG org.apache.nifi.processors.standard.RouteText - RouteText[id=38a82a0d-69fc-4d87-a6d1-ec924f6828ee] Adding new dynamic property: PropertyDescriptor[simple]
[pool-4168-thread-1] INFO org.apache.nifi.processors.standard.RouteText - RouteText[id=38a82a0d-69fc-4d87-a6d1-ec924f6828ee] Created FlowFile[3693,90491934456942.mockFlowFile,24B] from FlowFile[3692,90491934456942.mockFlowFile,24B]; routing to relationship simple
[pool-4168-thread-1] INFO org.apache.nifi.processors.standard.RouteText - RouteText[id=38a82a0d-69fc-4d87-a6d1-ec924f6828ee] Routing FlowFile[3692,90491934456942.mockFlowFile,24B] to original
[main] DEBUG org.apache.nifi.processors.standard.RouteText - RouteText[id=38a82a0d-69fc-4d87-a6d1-ec924f6828ee] Adding new dynamic property: PropertyDescriptor[simple]
[pool-4169-thread-1] INFO org.apache.nifi.processors.standard.RouteText - RouteText[id=38a82a0d-69fc-4d87-a6d1-ec924f6828ee] Created FlowFile[3695,90491934801684.mockFlowFile,24B] from FlowFile[3694,90491934801684.mockFlowFile,24B]; routing to relationship simple
[pool-4169-thread-1] INFO org.apache.nifi.processors.standard.RouteText - RouteText[id=38a82a0d-69fc-4d87-a6d1-ec924f6828ee] Routing FlowFile[3694,90491934801684.mockFlowFile,24B] to original
[main] DEBUG org.apache.nifi.processors.standard.RouteText - RouteText[id=38a82a0d-69fc-4d87-a6d1-ec924f6828ee] Adding new dynamic property: PropertyDescriptor[simple]
[pool-4170-thread-1] INFO org.apache.nifi.processors.standard.RouteText - RouteText[id=38a82a0d-69fc-4d87-a6d1-ec924f6828ee] Created FlowFile[3697,90491935163408.mockFlowFile,24B] from FlowFile[3696,90491935163408.mockFlowFile,24B]; routing to relationship simple
[pool-4170-thread-1] INFO org.apache.nifi.processors.standard.RouteText - RouteText[id=38a82a0d-69fc-4d87-a6d1-ec924f6828ee] Routing FlowFile[3696,90491935163408.mockFlowFile,24B] to original
[main] DEBUG org.apache.nifi.processors.standard.RouteText - RouteText[id=38a82a0d-69fc-4d87-a6d1-ec924f6828ee] Adding new dynamic property: PropertyDescriptor[simple]
[pool-4171-thread-1] INFO org.apache.nifi.processors.standard.RouteText - RouteText[id=38a82a0d-69fc-4d87-a6d1-ec924f6828ee] Created FlowFile[3699,90491935648930.mockFlowFile,24B] from FlowFile[3698,90491935648930.mockFlowFile,24B]; routing to relationship simple
[pool-4171-thread-1] INFO org.apache.nifi.processors.standard.RouteText - RouteText[id=38a82a0d-69fc-4d87-a6d1-ec924f6828ee] Routing FlowFile[3698,90491935648930.mockFlowFile,24B] to original
[main] DEBUG org.apache.nifi.processors.standard.RouteText - RouteText[id=38a82a0d-69fc-4d87-a6d1-ec924f6828ee] Adding new dynamic property: PropertyDescriptor[simple]
[pool-4172-thread-1] INFO org.apache.nifi.processors.standard.RouteText - RouteText[id=38a82a0d-69fc-4d87-a6d1-ec924f6828ee] Created FlowFile[3701,90491936151950.mockFlowFile,24B] from FlowFile[3700,90491936151950.mockFlowFile,24B]; routing to relationship simple
[pool-4172-thread-1] INFO org.apache.nifi.processors.standard.RouteText - RouteText[id=38a82a0d-69fc-4d87-a6d1-ec924f6828ee] Routing FlowFile[3700,90491936151950.mockFlowFile,24B] to original
[main] DEBUG org.apache.nifi.processors.standard.RouteText - RouteText[id=38a82a0d-69fc-4d87-a6d1-ec924f6828ee] Adding new dynamic property: PropertyDescriptor[simple]
[pool-4173-thread-1] INFO org.apache.nifi.processors.standard.RouteText - RouteText[id=38a82a0d-69fc-4d87-a6d1-ec924f6828ee] Created FlowFile[3703,90491936741588.mockFlowFile,24B] from FlowFile[3702,90491936741588.mockFlowFile,24B]; routing to relationship simple
[pool-4173-thread-1] INFO org.apache.nifi.processors.standard.RouteText - RouteText[id=38a82a0d-69fc-4d87-a6d1-ec924f6828ee] Routing FlowFile[3702,90491936741588.mockFlowFile,24B] to original
[main] DEBUG org.apache.nifi.processors.standard.RouteText - RouteText[id=38a82a0d-69fc-4d87-a6d1-ec924f6828ee] Adding new dynamic property: PropertyDescriptor[simple]
[pool-4174-thread-1] INFO org.apache.nifi.processors.standard.RouteText - RouteText[id=38a82a0d-69fc-4d87-a6d1-ec924f6828ee] Created FlowFile[3705,90491937260967.mockFlowFile,24B] from FlowFile[3704,90491937260967.mockFlowFile,24B]; routing to relationship simple
[pool-4174-thread-1] INFO org.apache.nifi.processors.standard.RouteText - RouteText[id=38a82a0d-69fc-4d87-a6d1-ec924f6828ee] Routing FlowFile[3704,90491937260967.mockFlowFile,24B] to original
[main] DEBUG org.apache.nifi.processors.standard.RouteText - RouteText[id=38a82a0d-69fc-4d87-a6d1-ec924f6828ee] Adding new dynamic property: PropertyDescriptor[simple]
[pool-4175-thread-1] INFO org.apache.nifi.processors.standard.RouteText - RouteText[id=38a82a0d-69fc-4d87-a6d1-ec924f6828ee] Created FlowFile[3707,90491937749974.mockFlowFile,24B] from FlowFile[3706,90491937749974.mockFlowFile,24B]; routing to relationship simple
[pool-4175-thread-1] INFO org.apache.nifi.processors.standard.RouteText - RouteText[id=38a82a0d-69fc-4d87-a6d1-ec924f6828ee] Routing FlowFile[3706,90491937749974.mockFlowFile,24B] to original
[main] DEBUG org.apache.nifi.processors.standard.RouteText - RouteText[id=38a82a0d-69fc-4d87-a6d1-ec924f6828ee] Adding new dynamic property: PropertyDescriptor[simple]
[pool-4176-thread-1] INFO org.apache.nifi.processors.standard.RouteText - RouteText[id=38a82a0d-69fc-4d87-a6d1-ec924f6828ee] Created FlowFile[3709,90491938231282.mockFlowFile,24B] from FlowFile[3708,90491938231282.mockFlowFile,24B]; routing to relationship simple
[pool-4176-thread-1] INFO org.apache.nifi.processors.standard.RouteText - RouteText[id=38a82a0d-69fc-4d87-a6d1-ec924f6828ee] Routing FlowFile[3708,90491938231282.mockFlowFile,24B] to original
[main] DEBUG org.apache.nifi.processors.standard.RouteText - RouteText[id=38a82a0d-69fc-4d87-a6d1-ec924f6828ee] Adding new dynamic property: PropertyDescriptor[simple]
[pool-4177-thread-1] INFO org.apache.nifi.processors.standard.RouteText - RouteText[id=38a82a0d-69fc-4d87-a6d1-ec924f6828ee] Created FlowFile[3711,90491938664180.mockFlowFile,24B] from FlowFile[3710,90491938664180.mockFlowFile,24B]; routing to relationship simple
[pool-4177-thread-1] INFO org.apache.nifi.processors.standard.RouteText - RouteText[id=38a82a0d-69fc-4d87-a6d1-ec924f6828ee] Routing FlowFile[3710,90491938664180.mockFlowFile,24B] to original
[main] DEBUG org.apache.nifi.processors.standard.RouteText - RouteText[id=38a82a0d-69fc-4d87-a6d1-ec924f6828ee] Adding new dynamic property: PropertyDescriptor[simple]
[pool-4178-thread-1] INFO org.apache.nifi.processors.standard.RouteText - RouteText[id=38a82a0d-69fc-4d87-a6d1-ec924f6828ee] Created FlowFile[3713,90491939081382.mockFlowFile,24B] from FlowFile[3712,90491939081382.mockFlowFile,24B]; routing to relationship simple
[pool-4178-thread-1] INFO org.apache.nifi.processors.standard.RouteText - RouteText[id=38a82a0d-69fc-4d87-a6d1-ec924f6828ee] Routing FlowFile[3712,90491939081382.mockFlowFile,24B] to original
[main] DEBUG org.apache.nifi.processors.standard.RouteText - RouteText[id=38a82a0d-69fc-4d87-a6d1-ec924f6828ee] Adding new dynamic property: PropertyDescriptor[simple]
[pool-4179-thread-1] INFO org.apache.nifi.processors.standard.RouteText - RouteText[id=38a82a0d-69fc-4d87-a6d1-ec924f6828ee] Created FlowFile[3715,90491939505102.mockFlowFile,24B] from FlowFile[3714,90491939505102.mockFlowFile,24B]; routing to relationship simple
[pool-4179-thread-1] INFO org.apache.nifi.processors.standard.RouteText - RouteText[id=38a82a0d-69fc-4d87-a6d1-ec924f6828ee] Routing FlowFile[3714,90491939505102.mockFlowFile,24B] to original
[main] DEBUG org.apache.nifi.processors.standard.RouteText - RouteText[id=38a82a0d-69fc-4d87-a6d1-ec924f6828ee] Adding new dynamic property: PropertyDescriptor[simple]
[pool-4180-thread-1] INFO org.apache.nifi.processors.standard.RouteText - RouteText[id=38a82a0d-69fc-4d87-a6d1-ec924f6828ee] Created FlowFile[3717,90491939858656.mockFlowFile,24B] from FlowFile[3716,90491939858656.mockFlowFile,24B]; routing to relationship simple
[pool-4180-thread-1] INFO org.apache.nifi.processors.standard.RouteText - RouteText[id=38a82a0d-69fc-4d87-a6d1-ec924f6828ee] Routing FlowFile[3716,90491939858656.mockFlowFile,24B] to original
[main] DEBUG org.apache.nifi.processors.standard.RouteText - RouteText[id=38a82a0d-69fc-4d87-a6d1-ec924f6828ee] Adding new dynamic property: PropertyDescriptor[simple]
[pool-4181-thread-1] INFO org.apache.nifi.processors.standard.RouteText - RouteText[id=38a82a0d-69fc-4d87-a6d1-ec924f6828ee] Created FlowFile[3719,90491940355422.mockFlowFile,24B] from FlowFile[3718,90491940355422.mockFlowFile,24B]; routing to relationship simple
[pool-4181-thread-1] INFO org.apache.nifi.processors.standard.RouteText - RouteText[id=38a82a0d-69fc-4d87-a6d1-ec924f6828ee] Routing FlowFile[3718,90491940355422.mockFlowFile,24B] to original
[main] DEBUG org.apache.nifi.processors.standard.RouteText - RouteText[id=38a82a0d-69fc-4d87-a6d1-ec924f6828ee] Adding new dynamic property: PropertyDescriptor[simple]
[pool-4182-thread-1] INFO org.apache.nifi.processors.standard.RouteText - RouteText[id=38a82a0d-69fc-4d87-a6d1-ec924f6828ee] Created FlowFile[3721,90491940853901.mockFlowFile,24B] from FlowFile[3720,90491940853901.mockFlowFile,24B]; routing to relationship simple
[pool-4182-thread-1] INFO org.apache.nifi.processors.standard.RouteText - RouteText[id=38a82a0d-69fc-4d87-a6d1-ec924f6828ee] Routing FlowFile[3720,90491940853901.mockFlowFile,24B] to original
[main] DEBUG org.apache.nifi.processors.standard.RouteText - RouteText[id=38a82a0d-69fc-4d87-a6d1-ec924f6828ee] Adding new dynamic property: PropertyDescriptor[simple]
[pool-4183-thread-1] INFO org.apache.nifi.processors.standard.RouteText - RouteText[id=38a82a0d-69fc-4d87-a6d1-ec924f6828ee] Created FlowFile[3723,90491941369660.mockFlowFile,24B] from FlowFile[3722,90491941369660.mockFlowFile,24B]; routing to relationship simple
[pool-4183-thread-1] INFO org.apache.nifi.processors.standard.RouteText - RouteText[id=38a82a0d-69fc-4d87-a6d1-ec924f6828ee] Routing FlowFile[3722,90491941369660.mockFlowFile,24B] to original
[main] DEBUG org.apache.nifi.processors.standard.RouteText - RouteText[id=38a82a0d-69fc-4d87-a6d1-ec924f6828ee] Adding new dynamic property: PropertyDescriptor[simple]
[pool-4184-thread-1] INFO org.apache.nifi.processors.standard.RouteText - RouteText[id=38a82a0d-69fc-4d87-a6d1-ec924f6828ee] Created FlowFile[3725,90491941893765.mockFlowFile,24B] from FlowFile[3724,90491941893765.mockFlowFile,24B]; routing to relationship simple
[pool-4184-thread-1] INFO org.apache.nifi.processors.standard.RouteText - RouteText[id=38a82a0d-69fc-4d87-a6d1-ec924f6828ee] Routing FlowFile[3724,90491941893765.mockFlowFile,24B] to original
[main] DEBUG org.apache.nifi.processors.standard.RouteText - RouteText[id=38a82a0d-69fc-4d87-a6d1-ec924f6828ee] Adding new dynamic property: PropertyDescriptor[simple]
[pool-4185-thread-1] INFO org.apache.nifi.processors.standard.RouteText - RouteText[id=38a82a0d-69fc-4d87-a6d1-ec924f6828ee] Created FlowFile[3727,90491942354644.mockFlowFile,24B] from FlowFile[3726,90491942354644.mockFlowFile,24B]; routing to relationship simple
[pool-4185-thread-1] INFO org.apache.nifi.processors.standard.RouteText - RouteText[id=38a82a0d-69fc-4d87-a6d1-ec924f6828ee] Routing FlowFile[3726,90491942354644.mockFlowFile,24B] to original
[main] DEBUG org.apache.nifi.processors.standard.RouteText - RouteText[id=38a82a0d-69fc-4d87-a6d1-ec924f6828ee] Adding new dynamic property: PropertyDescriptor[simple]
[pool-4186-thread-1] INFO org.apache.nifi.processors.standard.RouteText - RouteText[id=38a82a0d-69fc-4d87-a6d1-ec924f6828ee] Created FlowFile[3729,90491942777034.mockFlowFile,24B] from FlowFile[3728,90491942777034.mockFlowFile,24B]; routing to relationship simple
[pool-4186-thread-1] INFO org.apache.nifi.processors.standard.RouteText - RouteText[id=38a82a0d-69fc-4d87-a6d1-ec924f6828ee] Routing FlowFile[3728,90491942777034.mockFlowFile,24B] to original
[main] DEBUG org.apache.nifi.processors.standard.RouteText - RouteText[id=38a82a0d-69fc-4d87-a6d1-ec924f6828ee] Adding new dynamic property: PropertyDescriptor[simple]
[pool-4187-thread-1] INFO org.apache.nifi.processors.standard.RouteText - RouteText[id=38a82a0d-69fc-4d87-a6d1-ec924f6828ee] Created FlowFile[3731,90491943174873.mockFlowFile,24B] from FlowFile[3730,90491943174873.mockFlowFile,24B]; routing to relationship simple
[pool-4187-thread-1] INFO org.apache.nifi.processors.standard.RouteText - RouteText[id=38a82a0d-69fc-4d87-a6d1-ec924f6828ee] Routing FlowFile[3730,90491943174873.mockFlowFile,24B] to original
[main] DEBUG org.apache.nifi.processors.standard.RouteText - RouteText[id=38a82a0d-69fc-4d87-a6d1-ec924f6828ee] Adding new dynamic property: PropertyDescriptor[simple]
[pool-4188-thread-1] INFO org.apache.nifi.processors.standard.RouteText - RouteText[id=38a82a0d-69fc-4d87-a6d1-ec924f6828ee] Created FlowFile[3733,90491943706170.mockFlowFile,24B] from FlowFile[3732,90491943706170.mockFlowFile,24B]; routing to relationship simple
[pool-4188-thread-1] INFO org.apache.nifi.processors.standard.RouteText - RouteText[id=38a82a0d-69fc-4d87-a6d1-ec924f6828ee] Routing FlowFile[3732,90491943706170.mockFlowFile,24B] to original
[main] DEBUG org.apache.nifi.processors.standard.RouteText - RouteText[id=38a82a0d-69fc-4d87-a6d1-ec924f6828ee] Adding new dynamic property: PropertyDescriptor[simple]
[pool-4189-thread-1] INFO org.apache.nifi.processors.standard.RouteText - RouteText[id=38a82a0d-69fc-4d87-a6d1-ec924f6828ee] Created FlowFile[3735,90491944131534.mockFlowFile,24B] from FlowFile[3734,90491944131534.mockFlowFile,24B]; routing to relationship simple
[pool-4189-thread-1] INFO org.apache.nifi.processors.standard.RouteText - RouteText[id=38a82a0d-69fc-4d87-a6d1-ec924f6828ee] Routing FlowFile[3734,90491944131534.mockFlowFile,24B] to original
[main] DEBUG org.apache.nifi.processors.standard.RouteText - RouteText[id=38a82a0d-69fc-4d87-a6d1-ec924f6828ee] Adding new dynamic property: PropertyDescriptor[simple]
[pool-4190-thread-1] INFO org.apache.nifi.processors.standard.RouteText - RouteText[id=38a82a0d-69fc-4d87-a6d1-ec924f6828ee] Created FlowFile[3737,90491944560530.mockFlowFile,24B] from FlowFile[3736,90491944560530.mockFlowFile,24B]; routing to relationship simple
[pool-4190-thread-1] INFO org.apache.nifi.processors.standard.RouteText - RouteText[id=38a82a0d-69fc-4d87-a6d1-ec924f6828ee] Routing FlowFile[3736,90491944560530.mockFlowFile,24B] to original
[main] DEBUG org.apache.nifi.processors.standard.RouteText - RouteText[id=38a82a0d-69fc-4d87-a6d1-ec924f6828ee] Adding new dynamic property: PropertyDescriptor[simple]
[pool-4191-thread-1] INFO org.apache.nifi.processors.standard.RouteText - RouteText[id=38a82a0d-69fc-4d87-a6d1-ec924f6828ee] Created FlowFile[3739,90491945034122.mockFlowFile,24B] from FlowFile[3738,90491945034122.mockFlowFile,24B]; routing to relationship simple
[pool-4191-thread-1] INFO org.apache.nifi.processors.standard.RouteText - RouteText[id=38a82a0d-69fc-4d87-a6d1-ec924f6828ee] Routing FlowFile[3738,90491945034122.mockFlowFile,24B] to original
[main] DEBUG org.apache.nifi.processors.standard.RouteText - RouteText[id=38a82a0d-69fc-4d87-a6d1-ec924f6828ee] Adding new dynamic property: PropertyDescriptor[simple]
[pool-4192-thread-1] INFO org.apache.nifi.processors.standard.RouteText - RouteText[id=38a82a0d-69fc-4d87-a6d1-ec924f6828ee] Created FlowFile[3741,90491945540514.mockFlowFile,24B] from FlowFile[3740,90491945540514.mockFlowFile,24B]; routing to relationship simple
[pool-4192-thread-1] INFO org.apache.nifi.processors.standard.RouteText - RouteText[id=38a82a0d-69fc-4d87-a6d1-ec924f6828ee] Routing FlowFile[3740,90491945540514.mockFlowFile,24B] to original
[main] DEBUG org.apache.nifi.processors.standard.RouteText - RouteText[id=38a82a0d-69fc-4d87-a6d1-ec924f6828ee] Adding new dynamic property: PropertyDescriptor[simple]
[pool-4193-thread-1] INFO org.apache.nifi.processors.standard.RouteText - RouteText[id=38a82a0d-69fc-4d87-a6d1-ec924f6828ee] Created FlowFile[3743,90491946033377.mockFlowFile,24B] from FlowFile[3742,90491946033377.mockFlowFile,24B]; routing to relationship simple
[pool-4193-thread-1] INFO org.apache.nifi.processors.standard.RouteText - RouteText[id=38a82a0d-69fc-4d87-a6d1-ec924f6828ee] Routing FlowFile[3742,90491946033377.mockFlowFile,24B] to original
[main] DEBUG org.apache.nifi.processors.standard.RouteText - RouteText[id=38a82a0d-69fc-4d87-a6d1-ec924f6828ee] Adding new dynamic property: PropertyDescriptor[simple]
[pool-4194-thread-1] INFO org.apache.nifi.processors.standard.RouteText - RouteText[id=38a82a0d-69fc-4d87-a6d1-ec924f6828ee] Created FlowFile[3745,90491946519335.mockFlowFile,24B] from FlowFile[3744,90491946519335.mockFlowFile,24B]; routing to relationship simple
[pool-4194-thread-1] INFO org.apache.nifi.processors.standard.RouteText - RouteText[id=38a82a0d-69fc-4d87-a6d1-ec924f6828ee] Routing FlowFile[3744,90491946519335.mockFlowFile,24B] to original
[main] DEBUG org.apache.nifi.processors.standard.RouteText - RouteText[id=38a82a0d-69fc-4d87-a6d1-ec924f6828ee] Adding new dynamic property: PropertyDescriptor[simple]
[pool-4195-thread-1] INFO org.apache.nifi.processors.standard.RouteText - RouteText[id=38a82a0d-69fc-4d87-a6d1-ec924f6828ee] Created FlowFile[3747,90491946972079.mockFlowFile,24B] from FlowFile[3746,90491946972079.mockFlowFile,24B]; routing to relationship simple
[pool-4195-thread-1] INFO org.apache.nifi.processors.standard.RouteText - RouteText[id=38a82a0d-69fc-4d87-a6d1-ec924f6828ee] Routing FlowFile[3746,90491946972079.mockFlowFile,24B] to original
[main] DEBUG org.apache.nifi.processors.standard.RouteText - RouteText[id=38a82a0d-69fc-4d87-a6d1-ec924f6828ee] Adding new dynamic property: PropertyDescriptor[simple]
[pool-4196-thread-1] INFO org.apache.nifi.processors.standard.RouteText - RouteText[id=38a82a0d-69fc-4d87-a6d1-ec924f6828ee] Created FlowFile[3749,90491947493614.mockFlowFile,24B] from FlowFile[3748,90491947493614.mockFlowFile,24B]; routing to relationship simple
[pool-4196-thread-1] INFO org.apache.nifi.processors.standard.RouteText - RouteText[id=38a82a0d-69fc-4d87-a6d1-ec924f6828ee] Routing FlowFile[3748,90491947493614.mockFlowFile,24B] to original
[main] DEBUG org.apache.nifi.processors.standard.RouteText - RouteText[id=38a82a0d-69fc-4d87-a6d1-ec924f6828ee] Adding new dynamic property: PropertyDescriptor[simple]
[pool-4197-thread-1] INFO org.apache.nifi.processors.standard.RouteText - RouteText[id=38a82a0d-69fc-4d87-a6d1-ec924f6828ee] Created FlowFile[3751,90491947958774.mockFlowFile,24B] from FlowFile[3750,90491947958774.mockFlowFile,24B]; routing to relationship simple
[pool-4197-thread-1] INFO org.apache.nifi.processors.standard.RouteText - RouteText[id=38a82a0d-69fc-4d87-a6d1-ec924f6828ee] Routing FlowFile[3750,90491947958774.mockFlowFile,24B] to original
[main] DEBUG org.apache.nifi.processors.standard.RouteText - RouteText[id=38a82a0d-69fc-4d87-a6d1-ec924f6828ee] Adding new dynamic property: PropertyDescriptor[simple]
[pool-4198-thread-1] INFO org.apache.nifi.processors.standard.RouteText - RouteText[id=38a82a0d-69fc-4d87-a6d1-ec924f6828ee] Created FlowFile[3753,90491948496703.mockFlowFile,24B] from FlowFile[3752,90491948496703.mockFlowFile,24B]; routing to relationship simple
[pool-4198-thread-1] INFO org.apache.nifi.processors.standard.RouteText - RouteText[id=38a82a0d-69fc-4d87-a6d1-ec924f6828ee] Routing FlowFile[3752,90491948496703.mockFlowFile,24B] to original
[main] DEBUG org.apache.nifi.processors.standard.RouteText - RouteText[id=38a82a0d-69fc-4d87-a6d1-ec924f6828ee] Adding new dynamic property: PropertyDescriptor[simple]
[pool-4199-thread-1] INFO org.apache.nifi.processors.standard.RouteText - RouteText[id=38a82a0d-69fc-4d87-a6d1-ec924f6828ee] Created FlowFile[3755,90491948977902.mockFlowFile,24B] from FlowFile[3754,90491948977902.mockFlowFile,24B]; routing to relationship simple
[pool-4199-thread-1] INFO org.apache.nifi.processors.standard.RouteText - RouteText[id=38a82a0d-69fc-4d87-a6d1-ec924f6828ee] Routing FlowFile[3754,90491948977902.mockFlowFile,24B] to original
[main] DEBUG org.apache.nifi.processors.standard.RouteText - RouteText[id=38a82a0d-69fc-4d87-a6d1-ec924f6828ee] Adding new dynamic property: PropertyDescriptor[simple]
[pool-4200-thread-1] INFO org.apache.nifi.processors.standard.RouteText - RouteText[id=38a82a0d-69fc-4d87-a6d1-ec924f6828ee] Created FlowFile[3757,90491949399274.mockFlowFile,24B] from FlowFile[3756,90491949399274.mockFlowFile,24B]; routing to relationship simple
[pool-4200-thread-1] INFO org.apache.nifi.processors.standard.RouteText - RouteText[id=38a82a0d-69fc-4d87-a6d1-ec924f6828ee] Routing FlowFile[3756,90491949399274.mockFlowFile,24B] to original
[main] DEBUG org.apache.nifi.processors.standard.RouteText - RouteText[id=38a82a0d-69fc-4d87-a6d1-ec924f6828ee] Adding new dynamic property: PropertyDescriptor[simple]
[pool-4201-thread-1] INFO org.apache.nifi.processors.standard.RouteText - RouteText[id=38a82a0d-69fc-4d87-a6d1-ec924f6828ee] Created FlowFile[3759,90491949916490.mockFlowFile,24B] from FlowFile[3758,90491949916490.mockFlowFile,24B]; routing to relationship simple
[pool-4201-thread-1] INFO org.apache.nifi.processors.standard.RouteText - RouteText[id=38a82a0d-69fc-4d87-a6d1-ec924f6828ee] Routing FlowFile[3758,90491949916490.mockFlowFile,24B] to original
[main] DEBUG org.apache.nifi.processors.standard.RouteText - RouteText[id=38a82a0d-69fc-4d87-a6d1-ec924f6828ee] Adding new dynamic property: PropertyDescriptor[simple]
[pool-4202-thread-1] INFO org.apache.nifi.processors.standard.RouteText - RouteText[id=38a82a0d-69fc-4d87-a6d1-ec924f6828ee] Created FlowFile[3761,90491950349343.mockFlowFile,24B] from FlowFile[3760,90491950349343.mockFlowFile,24B]; routing to relationship simple
[pool-4202-thread-1] INFO org.apache.nifi.processors.standard.RouteText - RouteText[id=38a82a0d-69fc-4d87-a6d1-ec924f6828ee] Routing FlowFile[3760,90491950349343.mockFlowFile,24B] to original
[main] DEBUG org.apache.nifi.processors.standard.RouteText - RouteText[id=38a82a0d-69fc-4d87-a6d1-ec924f6828ee] Adding new dynamic property: PropertyDescriptor[simple]
[pool-4203-thread-1] INFO org.apache.nifi.processors.standard.RouteText - RouteText[id=38a82a0d-69fc-4d87-a6d1-ec924f6828ee] Created FlowFile[3763,90491950817833.mockFlowFile,24B] from FlowFile[3762,90491950817833.mockFlowFile,24B]; routing to relationship simple
[pool-4203-thread-1] INFO org.apache.nifi.processors.standard.RouteText - RouteText[id=38a82a0d-69fc-4d87-a6d1-ec924f6828ee] Routing FlowFile[3762,90491950817833.mockFlowFile,24B] to original
[main] DEBUG org.apache.nifi.processors.standard.RouteText - RouteText[id=38a82a0d-69fc-4d87-a6d1-ec924f6828ee] Adding new dynamic property: PropertyDescriptor[simple]
[pool-4204-thread-1] INFO org.apache.nifi.processors.standard.RouteText - RouteText[id=38a82a0d-69fc-4d87-a6d1-ec924f6828ee] Created FlowFile[3765,90491951289019.mockFlowFile,24B] from FlowFile[3764,90491951289019.mockFlowFile,24B]; routing to relationship simple
[pool-4204-thread-1] INFO org.apache.nifi.processors.standard.RouteText - RouteText[id=38a82a0d-69fc-4d87-a6d1-ec924f6828ee] Routing FlowFile[3764,90491951289019.mockFlowFile,24B] to original
[main] DEBUG org.apache.nifi.processors.standard.RouteText - RouteText[id=38a82a0d-69fc-4d87-a6d1-ec924f6828ee] Adding new dynamic property: PropertyDescriptor[simple]
[pool-4205-thread-1] INFO org.apache.nifi.processors.standard.RouteText - RouteText[id=38a82a0d-69fc-4d87-a6d1-ec924f6828ee] Created FlowFile[3767,90491951754337.mockFlowFile,24B] from FlowFile[3766,90491951754337.mockFlowFile,24B]; routing to relationship simple
[pool-4205-thread-1] INFO org.apache.nifi.processors.standard.RouteText - RouteText[id=38a82a0d-69fc-4d87-a6d1-ec924f6828ee] Routing FlowFile[3766,90491951754337.mockFlowFile,24B] to original
[main] DEBUG org.apache.nifi.processors.standard.RouteText - RouteText[id=38a82a0d-69fc-4d87-a6d1-ec924f6828ee] Adding new dynamic property: PropertyDescriptor[simple]
[pool-4206-thread-1] INFO org.apache.nifi.processors.standard.RouteText - RouteText[id=38a82a0d-69fc-4d87-a6d1-ec924f6828ee] Created FlowFile[3769,90491952317245.mockFlowFile,24B] from FlowFile[3768,90491952317245.mockFlowFile,24B]; routing to relationship simple
[pool-4206-thread-1] INFO org.apache.nifi.processors.standard.RouteText - RouteText[id=38a82a0d-69fc-4d87-a6d1-ec924f6828ee] Routing FlowFile[3768,90491952317245.mockFlowFile,24B] to original
[main] DEBUG org.apache.nifi.processors.standard.RouteText - RouteText[id=38a82a0d-69fc-4d87-a6d1-ec924f6828ee] Adding new dynamic property: PropertyDescriptor[simple]
[pool-4207-thread-1] INFO org.apache.nifi.processors.standard.RouteText - RouteText[id=38a82a0d-69fc-4d87-a6d1-ec924f6828ee] Created FlowFile[3771,90491952963552.mockFlowFile,24B] from FlowFile[3770,90491952963552.mockFlowFile,24B]; routing to relationship simple
[pool-4207-thread-1] INFO org.apache.nifi.processors.standard.RouteText - RouteText[id=38a82a0d-69fc-4d87-a6d1-ec924f6828ee] Routing FlowFile[3770,90491952963552.mockFlowFile,24B] to original
[main] DEBUG org.apache.nifi.processors.standard.RouteText - RouteText[id=38a82a0d-69fc-4d87-a6d1-ec924f6828ee] Adding new dynamic property: PropertyDescriptor[simple]
[pool-4208-thread-1] INFO org.apache.nifi.processors.standard.RouteText - RouteText[id=38a82a0d-69fc-4d87-a6d1-ec924f6828ee] Created FlowFile[3773,90491953560290.mockFlowFile,24B] from FlowFile[3772,90491953560290.mockFlowFile,24B]; routing to relationship simple
[pool-4208-thread-1] INFO org.apache.nifi.processors.standard.RouteText - RouteText[id=38a82a0d-69fc-4d87-a6d1-ec924f6828ee] Routing FlowFile[3772,90491953560290.mockFlowFile,24B] to original
[main] DEBUG org.apache.nifi.processors.standard.RouteText - RouteText[id=38a82a0d-69fc-4d87-a6d1-ec924f6828ee] Adding new dynamic property: PropertyDescriptor[simple]
[pool-4209-thread-1] INFO org.apache.nifi.processors.standard.RouteText - RouteText[id=38a82a0d-69fc-4d87-a6d1-ec924f6828ee] Created FlowFile[3775,90491954089824.mockFlowFile,24B] from FlowFile[3774,90491954089824.mockFlowFile,24B]; routing to relationship simple
[pool-4209-thread-1] INFO org.apache.nifi.processors.standard.RouteText - RouteText[id=38a82a0d-69fc-4d87-a6d1-ec924f6828ee] Routing FlowFile[3774,90491954089824.mockFlowFile,24B] to original
[main] DEBUG org.apache.nifi.processors.standard.RouteText - RouteText[id=38a82a0d-69fc-4d87-a6d1-ec924f6828ee] Adding new dynamic property: PropertyDescriptor[simple]
[pool-4210-thread-1] INFO org.apache.nifi.processors.standard.RouteText - RouteText[id=38a82a0d-69fc-4d87-a6d1-ec924f6828ee] Created FlowFile[3777,90491954528385.mockFlowFile,24B] from FlowFile[3776,90491954528385.mockFlowFile,24B]; routing to relationship simple
[pool-4210-thread-1] INFO org.apache.nifi.processors.standard.RouteText - RouteText[id=38a82a0d-69fc-4d87-a6d1-ec924f6828ee] Routing FlowFile[3776,90491954528385.mockFlowFile,24B] to original
[main] DEBUG org.apache.nifi.processors.standard.RouteText - RouteText[id=38a82a0d-69fc-4d87-a6d1-ec924f6828ee] Adding new dynamic property: PropertyDescriptor[simple]
[pool-4211-thread-1] INFO org.apache.nifi.processors.standard.RouteText - RouteText[id=38a82a0d-69fc-4d87-a6d1-ec924f6828ee] Created FlowFile[3779,90491954919400.mockFlowFile,24B] from FlowFile[3778,90491954919400.mockFlowFile,24B]; routing to relationship simple
[pool-4211-thread-1] INFO org.apache.nifi.processors.standard.RouteText - RouteText[id=38a82a0d-69fc-4d87-a6d1-ec924f6828ee] Routing FlowFile[3778,90491954919400.mockFlowFile,24B] to original
[main] DEBUG org.apache.nifi.processors.standard.RouteText - RouteText[id=38a82a0d-69fc-4d87-a6d1-ec924f6828ee] Adding new dynamic property: PropertyDescriptor[simple]
[pool-4212-thread-1] INFO org.apache.nifi.processors.standard.RouteText - RouteText[id=38a82a0d-69fc-4d87-a6d1-ec924f6828ee] Created FlowFile[3781,90491955366867.mockFlowFile,24B] from FlowFile[3780,90491955366867.mockFlowFile,24B]; routing to relationship simple
[pool-4212-thread-1] INFO org.apache.nifi.processors.standard.RouteText - RouteText[id=38a82a0d-69fc-4d87-a6d1-ec924f6828ee] Routing FlowFile[3780,90491955366867.mockFlowFile,24B] to original
[main] DEBUG org.apache.nifi.processors.standard.RouteText - RouteText[id=38a82a0d-69fc-4d87-a6d1-ec924f6828ee] Adding new dynamic property: PropertyDescriptor[simple]
[pool-4213-thread-1] INFO org.apache.nifi.processors.standard.RouteText - RouteText[id=38a82a0d-69fc-4d87-a6d1-ec924f6828ee] Created FlowFile[3783,90491955781444.mockFlowFile,24B] from FlowFile[3782,90491955781444.mockFlowFile,24B]; routing to relationship simple
[pool-4213-thread-1] INFO org.apache.nifi.processors.standard.RouteText - RouteText[id=38a82a0d-69fc-4d87-a6d1-ec924f6828ee] Routing FlowFile[3782,90491955781444.mockFlowFile,24B] to original
[main] DEBUG org.apache.nifi.processors.standard.RouteText - RouteText[id=38a82a0d-69fc-4d87-a6d1-ec924f6828ee] Adding new dynamic property: PropertyDescriptor[simple]
[pool-4214-thread-1] INFO org.apache.nifi.processors.standard.RouteText - RouteText[id=38a82a0d-69fc-4d87-a6d1-ec924f6828ee] Created FlowFile[3785,90491956157324.mockFlowFile,24B] from FlowFile[3784,90491956157324.mockFlowFile,24B]; routing to relationship simple
[pool-4214-thread-1] INFO org.apache.nifi.processors.standard.RouteText - RouteText[id=38a82a0d-69fc-4d87-a6d1-ec924f6828ee] Routing FlowFile[3784,90491956157324.mockFlowFile,24B] to original
[main] DEBUG org.apache.nifi.processors.standard.RouteText - RouteText[id=38a82a0d-69fc-4d87-a6d1-ec924f6828ee] Adding new dynamic property: PropertyDescriptor[simple]
[pool-4215-thread-1] INFO org.apache.nifi.processors.standard.RouteText - RouteText[id=38a82a0d-69fc-4d87-a6d1-ec924f6828ee] Created FlowFile[3787,90491956659556.mockFlowFile,24B] from FlowFile[3786,90491956659556.mockFlowFile,24B]; routing to relationship simple
[pool-4215-thread-1] INFO org.apache.nifi.processors.standard.RouteText - RouteText[id=38a82a0d-69fc-4d87-a6d1-ec924f6828ee] Routing FlowFile[3786,90491956659556.mockFlowFile,24B] to original
[main] DEBUG org.apache.nifi.processors.standard.RouteText - RouteText[id=38a82a0d-69fc-4d87-a6d1-ec924f6828ee] Adding new dynamic property: PropertyDescriptor[simple]
[pool-4216-thread-1] INFO org.apache.nifi.processors.standard.RouteText - RouteText[id=38a82a0d-69fc-4d87-a6d1-ec924f6828ee] Created FlowFile[3789,90491957114844.mockFlowFile,24B] from FlowFile[3788,90491957114844.mockFlowFile,24B]; routing to relationship simple
[pool-4216-thread-1] INFO org.apache.nifi.processors.standard.RouteText - RouteText[id=38a82a0d-69fc-4d87-a6d1-ec924f6828ee] Routing FlowFile[3788,90491957114844.mockFlowFile,24B] to original
[main] DEBUG org.apache.nifi.processors.standard.RouteText - RouteText[id=38a82a0d-69fc-4d87-a6d1-ec924f6828ee] Adding new dynamic property: PropertyDescriptor[simple]
[pool-4217-thread-1] INFO org.apache.nifi.processors.standard.RouteText - RouteText[id=38a82a0d-69fc-4d87-a6d1-ec924f6828ee] Created FlowFile[3791,90491957560275.mockFlowFile,24B] from FlowFile[3790,90491957560275.mockFlowFile,24B]; routing to relationship simple
[pool-4217-thread-1] INFO org.apache.nifi.processors.standard.RouteText - RouteText[id=38a82a0d-69fc-4d87-a6d1-ec924f6828ee] Routing FlowFile[3790,90491957560275.mockFlowFile,24B] to original
[main] DEBUG org.apache.nifi.processors.standard.RouteText - RouteText[id=38a82a0d-69fc-4d87-a6d1-ec924f6828ee] Adding new dynamic property: PropertyDescriptor[simple]
[pool-4218-thread-1] INFO org.apache.nifi.processors.standard.RouteText - RouteText[id=38a82a0d-69fc-4d87-a6d1-ec924f6828ee] Created FlowFile[3793,90491957964521.mockFlowFile,24B] from FlowFile[3792,90491957964521.mockFlowFile,24B]; routing to relationship simple
[pool-4218-thread-1] INFO org.apache.nifi.processors.standard.RouteText - RouteText[id=38a82a0d-69fc-4d87-a6d1-ec924f6828ee] Routing FlowFile[3792,90491957964521.mockFlowFile,24B] to original
[main] DEBUG org.apache.nifi.processors.standard.RouteText - RouteText[id=38a82a0d-69fc-4d87-a6d1-ec924f6828ee] Adding new dynamic property: PropertyDescriptor[simple]
[pool-4219-thread-1] INFO org.apache.nifi.processors.standard.RouteText - RouteText[id=38a82a0d-69fc-4d87-a6d1-ec924f6828ee] Created FlowFile[3795,90491958348467.mockFlowFile,24B] from FlowFile[3794,90491958348467.mockFlowFile,24B]; routing to relationship simple
[pool-4219-thread-1] INFO org.apache.nifi.processors.standard.RouteText - RouteText[id=38a82a0d-69fc-4d87-a6d1-ec924f6828ee] Routing FlowFile[3794,90491958348467.mockFlowFile,24B] to original
[main] DEBUG org.apache.nifi.processors.standard.RouteText - RouteText[id=38a82a0d-69fc-4d87-a6d1-ec924f6828ee] Adding new dynamic property: PropertyDescriptor[simple]
[pool-4220-thread-1] INFO org.apache.nifi.processors.standard.RouteText - RouteText[id=38a82a0d-69fc-4d87-a6d1-ec924f6828ee] Created FlowFile[3797,90491958734307.mockFlowFile,24B] from FlowFile[3796,90491958734307.mockFlowFile,24B]; routing to relationship simple
[pool-4220-thread-1] INFO org.apache.nifi.processors.standard.RouteText - RouteText[id=38a82a0d-69fc-4d87-a6d1-ec924f6828ee] Routing FlowFile[3796,90491958734307.mockFlowFile,24B] to original
[main] DEBUG org.apache.nifi.processors.standard.RouteText - RouteText[id=38a82a0d-69fc-4d87-a6d1-ec924f6828ee] Adding new dynamic property: PropertyDescriptor[simple]
[pool-4221-thread-1] INFO org.apache.nifi.processors.standard.RouteText - RouteText[id=38a82a0d-69fc-4d87-a6d1-ec924f6828ee] Created FlowFile[3799,90491959140815.mockFlowFile,24B] from FlowFile[3798,90491959140815.mockFlowFile,24B]; routing to relationship simple
[pool-4221-thread-1] INFO org.apache.nifi.processors.standard.RouteText - RouteText[id=38a82a0d-69fc-4d87-a6d1-ec924f6828ee] Routing FlowFile[3798,90491959140815.mockFlowFile,24B] to original
[main] DEBUG org.apache.nifi.processors.standard.RouteText - RouteText[id=38a82a0d-69fc-4d87-a6d1-ec924f6828ee] Adding new dynamic property: PropertyDescriptor[simple]
[pool-4222-thread-1] INFO org.apache.nifi.processors.standard.RouteText - RouteText[id=38a82a0d-69fc-4d87-a6d1-ec924f6828ee] Created FlowFile[3801,90491959675174.mockFlowFile,24B] from FlowFile[3800,90491959675174.mockFlowFile,24B]; routing to relationship simple
[pool-4222-thread-1] INFO org.apache.nifi.processors.standard.RouteText - RouteText[id=38a82a0d-69fc-4d87-a6d1-ec924f6828ee] Routing FlowFile[3800,90491959675174.mockFlowFile,24B] to original
[main] DEBUG org.apache.nifi.processors.standard.RouteText - RouteText[id=38a82a0d-69fc-4d87-a6d1-ec924f6828ee] Adding new dynamic property: PropertyDescriptor[simple]
[pool-4223-thread-1] INFO org.apache.nifi.processors.standard.RouteText - RouteText[id=38a82a0d-69fc-4d87-a6d1-ec924f6828ee] Created FlowFile[3803,90491960140789.mockFlowFile,24B] from FlowFile[3802,90491960140789.mockFlowFile,24B]; routing to relationship simple
[pool-4223-thread-1] INFO org.apache.nifi.processors.standard.RouteText - RouteText[id=38a82a0d-69fc-4d87-a6d1-ec924f6828ee] Routing FlowFile[3802,90491960140789.mockFlowFile,24B] to original
[main] DEBUG org.apache.nifi.processors.standard.RouteText - RouteText[id=38a82a0d-69fc-4d87-a6d1-ec924f6828ee] Adding new dynamic property: PropertyDescriptor[simple]
[pool-4224-thread-1] INFO org.apache.nifi.processors.standard.RouteText - RouteText[id=38a82a0d-69fc-4d87-a6d1-ec924f6828ee] Created FlowFile[3805,90491960684650.mockFlowFile,24B] from FlowFile[3804,90491960684650.mockFlowFile,24B]; routing to relationship simple
[pool-4224-thread-1] INFO org.apache.nifi.processors.standard.RouteText - RouteText[id=38a82a0d-69fc-4d87-a6d1-ec924f6828ee] Routing FlowFile[3804,90491960684650.mockFlowFile,24B] to original
[main] DEBUG org.apache.nifi.processors.standard.RouteText - RouteText[id=38a82a0d-69fc-4d87-a6d1-ec924f6828ee] Adding new dynamic property: PropertyDescriptor[simple]
[pool-4225-thread-1] INFO org.apache.nifi.processors.standard.RouteText - RouteText[id=38a82a0d-69fc-4d87-a6d1-ec924f6828ee] Created FlowFile[3807,90491961205142.mockFlowFile,24B] from FlowFile[3806,90491961205142.mockFlowFile,24B]; routing to relationship simple
[pool-4225-thread-1] INFO org.apache.nifi.processors.standard.RouteText - RouteText[id=38a82a0d-69fc-4d87-a6d1-ec924f6828ee] Routing FlowFile[3806,90491961205142.mockFlowFile,24B] to original
[main] DEBUG org.apache.nifi.processors.standard.RouteText - RouteText[id=38a82a0d-69fc-4d87-a6d1-ec924f6828ee] Adding new dynamic property: PropertyDescriptor[simple]
[pool-4226-thread-1] INFO org.apache.nifi.processors.standard.RouteText - RouteText[id=38a82a0d-69fc-4d87-a6d1-ec924f6828ee] Created FlowFile[3809,90491961718228.mockFlowFile,24B] from FlowFile[3808,90491961718228.mockFlowFile,24B]; routing to relationship simple
[pool-4226-thread-1] INFO org.apache.nifi.processors.standard.RouteText - RouteText[id=38a82a0d-69fc-4d87-a6d1-ec924f6828ee] Routing FlowFile[3808,90491961718228.mockFlowFile,24B] to original
[main] DEBUG org.apache.nifi.processors.standard.RouteText - RouteText[id=38a82a0d-69fc-4d87-a6d1-ec924f6828ee] Adding new dynamic property: PropertyDescriptor[simple]
[pool-4227-thread-1] INFO org.apache.nifi.processors.standard.RouteText - RouteText[id=38a82a0d-69fc-4d87-a6d1-ec924f6828ee] Created FlowFile[3811,90491962137189.mockFlowFile,24B] from FlowFile[3810,90491962137189.mockFlowFile,24B]; routing to relationship simple
[pool-4227-thread-1] INFO org.apache.nifi.processors.standard.RouteText - RouteText[id=38a82a0d-69fc-4d87-a6d1-ec924f6828ee] Routing FlowFile[3810,90491962137189.mockFlowFile,24B] to original
[main] DEBUG org.apache.nifi.processors.standard.RouteText - RouteText[id=38a82a0d-69fc-4d87-a6d1-ec924f6828ee] Adding new dynamic property: PropertyDescriptor[simple]
[pool-4228-thread-1] INFO org.apache.nifi.processors.standard.RouteText - RouteText[id=38a82a0d-69fc-4d87-a6d1-ec924f6828ee] Created FlowFile[3813,90491962555510.mockFlowFile,24B] from FlowFile[3812,90491962555510.mockFlowFile,24B]; routing to relationship simple
[pool-4228-thread-1] INFO org.apache.nifi.processors.standard.RouteText - RouteText[id=38a82a0d-69fc-4d87-a6d1-ec924f6828ee] Routing FlowFile[3812,90491962555510.mockFlowFile,24B] to original
[main] DEBUG org.apache.nifi.processors.standard.RouteText - RouteText[id=38a82a0d-69fc-4d87-a6d1-ec924f6828ee] Adding new dynamic property: PropertyDescriptor[simple]
[pool-4229-thread-1] INFO org.apache.nifi.processors.standard.RouteText - RouteText[id=38a82a0d-69fc-4d87-a6d1-ec924f6828ee] Created FlowFile[3815,90491962965481.mockFlowFile,24B] from FlowFile[3814,90491962965481.mockFlowFile,24B]; routing to relationship simple
[pool-4229-thread-1] INFO org.apache.nifi.processors.standard.RouteText - RouteText[id=38a82a0d-69fc-4d87-a6d1-ec924f6828ee] Routing FlowFile[3814,90491962965481.mockFlowFile,24B] to original
[main] DEBUG org.apache.nifi.processors.standard.RouteText - RouteText[id=38a82a0d-69fc-4d87-a6d1-ec924f6828ee] Adding new dynamic property: PropertyDescriptor[simple]
[pool-4230-thread-1] INFO org.apache.nifi.processors.standard.RouteText - RouteText[id=38a82a0d-69fc-4d87-a6d1-ec924f6828ee] Created FlowFile[3817,90491963476548.mockFlowFile,24B] from FlowFile[3816,90491963476548.mockFlowFile,24B]; routing to relationship simple
[pool-4230-thread-1] INFO org.apache.nifi.processors.standard.RouteText - RouteText[id=38a82a0d-69fc-4d87-a6d1-ec924f6828ee] Routing FlowFile[3816,90491963476548.mockFlowFile,24B] to original
[main] DEBUG org.apache.nifi.processors.standard.RouteText - RouteText[id=38a82a0d-69fc-4d87-a6d1-ec924f6828ee] Adding new dynamic property: PropertyDescriptor[simple]
[pool-4231-thread-1] INFO org.apache.nifi.processors.standard.RouteText - RouteText[id=38a82a0d-69fc-4d87-a6d1-ec924f6828ee] Created FlowFile[3819,90491963945349.mockFlowFile,24B] from FlowFile[3818,90491963945349.mockFlowFile,24B]; routing to relationship simple
[pool-4231-thread-1] INFO org.apache.nifi.processors.standard.RouteText - RouteText[id=38a82a0d-69fc-4d87-a6d1-ec924f6828ee] Routing FlowFile[3818,90491963945349.mockFlowFile,24B] to original
[main] DEBUG org.apache.nifi.processors.standard.RouteText - RouteText[id=38a82a0d-69fc-4d87-a6d1-ec924f6828ee] Adding new dynamic property: PropertyDescriptor[simple]
[pool-4232-thread-1] INFO org.apache.nifi.processors.standard.RouteText - RouteText[id=38a82a0d-69fc-4d87-a6d1-ec924f6828ee] Created FlowFile[3821,90491964521137.mockFlowFile,24B] from FlowFile[3820,90491964521137.mockFlowFile,24B]; routing to relationship simple
[pool-4232-thread-1] INFO org.apache.nifi.processors.standard.RouteText - RouteText[id=38a82a0d-69fc-4d87-a6d1-ec924f6828ee] Routing FlowFile[3820,90491964521137.mockFlowFile,24B] to original
[main] DEBUG org.apache.nifi.processors.standard.RouteText - RouteText[id=38a82a0d-69fc-4d87-a6d1-ec924f6828ee] Adding new dynamic property: PropertyDescriptor[simple]
[pool-4233-thread-1] INFO org.apache.nifi.processors.standard.RouteText - RouteText[id=38a82a0d-69fc-4d87-a6d1-ec924f6828ee] Created FlowFile[3823,90491965035471.mockFlowFile,24B] from FlowFile[3822,90491965035471.mockFlowFile,24B]; routing to relationship simple
[pool-4233-thread-1] INFO org.apache.nifi.processors.standard.RouteText - RouteText[id=38a82a0d-69fc-4d87-a6d1-ec924f6828ee] Routing FlowFile[3822,90491965035471.mockFlowFile,24B] to original
[main] DEBUG org.apache.nifi.processors.standard.RouteText - RouteText[id=38a82a0d-69fc-4d87-a6d1-ec924f6828ee] Adding new dynamic property: PropertyDescriptor[simple]
[pool-4234-thread-1] INFO org.apache.nifi.processors.standard.RouteText - RouteText[id=38a82a0d-69fc-4d87-a6d1-ec924f6828ee] Created FlowFile[3825,90491965527781.mockFlowFile,24B] from FlowFile[3824,90491965527781.mockFlowFile,24B]; routing to relationship simple
[pool-4234-thread-1] INFO org.apache.nifi.processors.standard.RouteText - RouteText[id=38a82a0d-69fc-4d87-a6d1-ec924f6828ee] Routing FlowFile[3824,90491965527781.mockFlowFile,24B] to original
[main] DEBUG org.apache.nifi.processors.standard.RouteText - RouteText[id=38a82a0d-69fc-4d87-a6d1-ec924f6828ee] Adding new dynamic property: PropertyDescriptor[simple]
[pool-4235-thread-1] INFO org.apache.nifi.processors.standard.RouteText - RouteText[id=38a82a0d-69fc-4d87-a6d1-ec924f6828ee] Created FlowFile[3827,90491966028512.mockFlowFile,24B] from FlowFile[3826,90491966028512.mockFlowFile,24B]; routing to relationship simple
[pool-4235-thread-1] INFO org.apache.nifi.processors.standard.RouteText - RouteText[id=38a82a0d-69fc-4d87-a6d1-ec924f6828ee] Routing FlowFile[3826,90491966028512.mockFlowFile,24B] to original
[main] DEBUG org.apache.nifi.processors.standard.RouteText - RouteText[id=38a82a0d-69fc-4d87-a6d1-ec924f6828ee] Adding new dynamic property: PropertyDescriptor[simple]
[pool-4236-thread-1] INFO org.apache.nifi.processors.standard.RouteText - RouteText[id=38a82a0d-69fc-4d87-a6d1-ec924f6828ee] Created FlowFile[3829,90491966644926.mockFlowFile,24B] from FlowFile[3828,90491966644926.mockFlowFile,24B]; routing to relationship simple
[pool-4236-thread-1] INFO org.apache.nifi.processors.standard.RouteText - RouteText[id=38a82a0d-69fc-4d87-a6d1-ec924f6828ee] Routing FlowFile[3828,90491966644926.mockFlowFile,24B] to original
[main] DEBUG org.apache.nifi.processors.standard.RouteText - RouteText[id=38a82a0d-69fc-4d87-a6d1-ec924f6828ee] Adding new dynamic property: PropertyDescriptor[simple]
[pool-4237-thread-1] INFO org.apache.nifi.processors.standard.RouteText - RouteText[id=38a82a0d-69fc-4d87-a6d1-ec924f6828ee] Created FlowFile[3831,90491967181904.mockFlowFile,24B] from FlowFile[3830,90491967181904.mockFlowFile,24B]; routing to relationship simple
[pool-4237-thread-1] INFO org.apache.nifi.processors.standard.RouteText - RouteText[id=38a82a0d-69fc-4d87-a6d1-ec924f6828ee] Routing FlowFile[3830,90491967181904.mockFlowFile,24B] to original
[main] DEBUG org.apache.nifi.processors.standard.RouteText - RouteText[id=38a82a0d-69fc-4d87-a6d1-ec924f6828ee] Adding new dynamic property: PropertyDescriptor[simple]
[pool-4238-thread-1] INFO org.apache.nifi.processors.standard.RouteText - RouteText[id=38a82a0d-69fc-4d87-a6d1-ec924f6828ee] Created FlowFile[3833,90491967705720.mockFlowFile,24B] from FlowFile[3832,90491967705720.mockFlowFile,24B]; routing to relationship simple
[pool-4238-thread-1] INFO org.apache.nifi.processors.standard.RouteText - RouteText[id=38a82a0d-69fc-4d87-a6d1-ec924f6828ee] Routing FlowFile[3832,90491967705720.mockFlowFile,24B] to original
[main] DEBUG org.apache.nifi.processors.standard.RouteText - RouteText[id=38a82a0d-69fc-4d87-a6d1-ec924f6828ee] Adding new dynamic property: PropertyDescriptor[simple]
[pool-4239-thread-1] INFO org.apache.nifi.processors.standard.RouteText - RouteText[id=38a82a0d-69fc-4d87-a6d1-ec924f6828ee] Created FlowFile[3835,90491968399380.mockFlowFile,24B] from FlowFile[3834,90491968399380.mockFlowFile,24B]; routing to relationship simple
[pool-4239-thread-1] INFO org.apache.nifi.processors.standard.RouteText - RouteText[id=38a82a0d-69fc-4d87-a6d1-ec924f6828ee] Routing FlowFile[3834,90491968399380.mockFlowFile,24B] to original
[main] DEBUG org.apache.nifi.processors.standard.RouteText - RouteText[id=38a82a0d-69fc-4d87-a6d1-ec924f6828ee] Adding new dynamic property: PropertyDescriptor[simple]
[pool-4240-thread-1] INFO org.apache.nifi.processors.standard.RouteText - RouteText[id=38a82a0d-69fc-4d87-a6d1-ec924f6828ee] Created FlowFile[3837,90491968866110.mockFlowFile,24B] from FlowFile[3836,90491968866110.mockFlowFile,24B]; routing to relationship simple
[pool-4240-thread-1] INFO org.apache.nifi.processors.standard.RouteText - RouteText[id=38a82a0d-69fc-4d87-a6d1-ec924f6828ee] Routing FlowFile[3836,90491968866110.mockFlowFile,24B] to original
[main] DEBUG org.apache.nifi.processors.standard.RouteText - RouteText[id=38a82a0d-69fc-4d87-a6d1-ec924f6828ee] Adding new dynamic property: PropertyDescriptor[simple]
[pool-4241-thread-1] INFO org.apache.nifi.processors.standard.RouteText - RouteText[id=38a82a0d-69fc-4d87-a6d1-ec924f6828ee] Created FlowFile[3839,90491969288347.mockFlowFile,24B] from FlowFile[3838,90491969288347.mockFlowFile,24B]; routing to relationship simple
[pool-4241-thread-1] INFO org.apache.nifi.processors.standard.RouteText - RouteText[id=38a82a0d-69fc-4d87-a6d1-ec924f6828ee] Routing FlowFile[3838,90491969288347.mockFlowFile,24B] to original
[main] DEBUG org.apache.nifi.processors.standard.RouteText - RouteText[id=38a82a0d-69fc-4d87-a6d1-ec924f6828ee] Adding new dynamic property: PropertyDescriptor[simple]
[pool-4242-thread-1] INFO org.apache.nifi.processors.standard.RouteText - RouteText[id=38a82a0d-69fc-4d87-a6d1-ec924f6828ee] Created FlowFile[3841,90491969722856.mockFlowFile,24B] from FlowFile[3840,90491969722856.mockFlowFile,24B]; routing to relationship simple
[pool-4242-thread-1] INFO org.apache.nifi.processors.standard.RouteText - RouteText[id=38a82a0d-69fc-4d87-a6d1-ec924f6828ee] Routing FlowFile[3840,90491969722856.mockFlowFile,24B] to original
[main] DEBUG org.apache.nifi.processors.standard.RouteText - RouteText[id=38a82a0d-69fc-4d87-a6d1-ec924f6828ee] Adding new dynamic property: PropertyDescriptor[simple]
[pool-4243-thread-1] INFO org.apache.nifi.processors.standard.RouteText - RouteText[id=38a82a0d-69fc-4d87-a6d1-ec924f6828ee] Created FlowFile[3843,90491970077777.mockFlowFile,24B] from FlowFile[3842,90491970077777.mockFlowFile,24B]; routing to relationship simple
[pool-4243-thread-1] INFO org.apache.nifi.processors.standard.RouteText - RouteText[id=38a82a0d-69fc-4d87-a6d1-ec924f6828ee] Routing FlowFile[3842,90491970077777.mockFlowFile,24B] to original
[main] DEBUG org.apache.nifi.processors.standard.RouteText - RouteText[id=38a82a0d-69fc-4d87-a6d1-ec924f6828ee] Adding new dynamic property: PropertyDescriptor[simple]
[pool-4244-thread-1] INFO org.apache.nifi.processors.standard.RouteText - RouteText[id=38a82a0d-69fc-4d87-a6d1-ec924f6828ee] Created FlowFile[3845,90491970403382.mockFlowFile,24B] from FlowFile[3844,90491970403382.mockFlowFile,24B]; routing to relationship simple
[pool-4244-thread-1] INFO org.apache.nifi.processors.standard.RouteText - RouteText[id=38a82a0d-69fc-4d87-a6d1-ec924f6828ee] Routing FlowFile[3844,90491970403382.mockFlowFile,24B] to original
[main] DEBUG org.apache.nifi.processors.standard.RouteText - RouteText[id=38a82a0d-69fc-4d87-a6d1-ec924f6828ee] Adding new dynamic property: PropertyDescriptor[simple]
[pool-4245-thread-1] INFO org.apache.nifi.processors.standard.RouteText - RouteText[id=38a82a0d-69fc-4d87-a6d1-ec924f6828ee] Created FlowFile[3847,90491970726415.mockFlowFile,24B] from FlowFile[3846,90491970726415.mockFlowFile,24B]; routing to relationship simple
[pool-4245-thread-1] INFO org.apache.nifi.processors.standard.RouteText - RouteText[id=38a82a0d-69fc-4d87-a6d1-ec924f6828ee] Routing FlowFile[3846,90491970726415.mockFlowFile,24B] to original
[main] DEBUG org.apache.nifi.processors.standard.RouteText - RouteText[id=38a82a0d-69fc-4d87-a6d1-ec924f6828ee] Adding new dynamic property: PropertyDescriptor[simple]
[pool-4246-thread-1] INFO org.apache.nifi.processors.standard.RouteText - RouteText[id=38a82a0d-69fc-4d87-a6d1-ec924f6828ee] Created FlowFile[3849,90491971047119.mockFlowFile,24B] from FlowFile[3848,90491971047119.mockFlowFile,24B]; routing to relationship simple
[pool-4246-thread-1] INFO org.apache.nifi.processors.standard.RouteText - RouteText[id=38a82a0d-69fc-4d87-a6d1-ec924f6828ee] Routing FlowFile[3848,90491971047119.mockFlowFile,24B] to original
[main] DEBUG org.apache.nifi.processors.standard.RouteText - RouteText[id=38a82a0d-69fc-4d87-a6d1-ec924f6828ee] Adding new dynamic property: PropertyDescriptor[simple]
[pool-4247-thread-1] INFO org.apache.nifi.processors.standard.RouteText - RouteText[id=38a82a0d-69fc-4d87-a6d1-ec924f6828ee] Created FlowFile[3851,90491971513985.mockFlowFile,24B] from FlowFile[3850,90491971513985.mockFlowFile,24B]; routing to relationship simple
[pool-4247-thread-1] INFO org.apache.nifi.processors.standard.RouteText - RouteText[id=38a82a0d-69fc-4d87-a6d1-ec924f6828ee] Routing FlowFile[3850,90491971513985.mockFlowFile,24B] to original
[main] DEBUG org.apache.nifi.processors.standard.RouteText - RouteText[id=38a82a0d-69fc-4d87-a6d1-ec924f6828ee] Adding new dynamic property: PropertyDescriptor[simple]
[pool-4248-thread-1] INFO org.apache.nifi.processors.standard.RouteText - RouteText[id=38a82a0d-69fc-4d87-a6d1-ec924f6828ee] Created FlowFile[3853,90491971914814.mockFlowFile,24B] from FlowFile[3852,90491971914814.mockFlowFile,24B]; routing to relationship simple
[pool-4248-thread-1] INFO org.apache.nifi.processors.standard.RouteText - RouteText[id=38a82a0d-69fc-4d87-a6d1-ec924f6828ee] Routing FlowFile[3852,90491971914814.mockFlowFile,24B] to original
[main] DEBUG org.apache.nifi.processors.standard.RouteText - RouteText[id=38a82a0d-69fc-4d87-a6d1-ec924f6828ee] Adding new dynamic property: PropertyDescriptor[simple]
[pool-4249-thread-1] INFO org.apache.nifi.processors.standard.RouteText - RouteText[id=38a82a0d-69fc-4d87-a6d1-ec924f6828ee] Created FlowFile[3855,90491972370858.mockFlowFile,24B] from FlowFile[3854,90491972370858.mockFlowFile,24B]; routing to relationship simple
[pool-4249-thread-1] INFO org.apache.nifi.processors.standard.RouteText - RouteText[id=38a82a0d-69fc-4d87-a6d1-ec924f6828ee] Routing FlowFile[3854,90491972370858.mockFlowFile,24B] to original
[main] DEBUG org.apache.nifi.processors.standard.RouteText - RouteText[id=38a82a0d-69fc-4d87-a6d1-ec924f6828ee] Adding new dynamic property: PropertyDescriptor[simple]
[pool-4250-thread-1] INFO org.apache.nifi.processors.standard.RouteText - RouteText[id=38a82a0d-69fc-4d87-a6d1-ec924f6828ee] Created FlowFile[3857,90491972836209.mockFlowFile,24B] from FlowFile[3856,90491972836209.mockFlowFile,24B]; routing to relationship simple
[pool-4250-thread-1] INFO org.apache.nifi.processors.standard.RouteText - RouteText[id=38a82a0d-69fc-4d87-a6d1-ec924f6828ee] Routing FlowFile[3856,90491972836209.mockFlowFile,24B] to original
[main] DEBUG org.apache.nifi.processors.standard.RouteText - RouteText[id=38a82a0d-69fc-4d87-a6d1-ec924f6828ee] Adding new dynamic property: PropertyDescriptor[simple]
[pool-4251-thread-1] INFO org.apache.nifi.processors.standard.RouteText - RouteText[id=38a82a0d-69fc-4d87-a6d1-ec924f6828ee] Created FlowFile[3859,90491973256006.mockFlowFile,24B] from FlowFile[3858,90491973256006.mockFlowFile,24B]; routing to relationship simple
[pool-4251-thread-1] INFO org.apache.nifi.processors.standard.RouteText - RouteText[id=38a82a0d-69fc-4d87-a6d1-ec924f6828ee] Routing FlowFile[3858,90491973256006.mockFlowFile,24B] to original
[main] DEBUG org.apache.nifi.processors.standard.RouteText - RouteText[id=38a82a0d-69fc-4d87-a6d1-ec924f6828ee] Adding new dynamic property: PropertyDescriptor[simple]
[pool-4252-thread-1] INFO org.apache.nifi.processors.standard.RouteText - RouteText[id=38a82a0d-69fc-4d87-a6d1-ec924f6828ee] Created FlowFile[3861,90491973589426.mockFlowFile,24B] from FlowFile[3860,90491973589426.mockFlowFile,24B]; routing to relationship simple
[pool-4252-thread-1] INFO org.apache.nifi.processors.standard.RouteText - RouteText[id=38a82a0d-69fc-4d87-a6d1-ec924f6828ee] Routing FlowFile[3860,90491973589426.mockFlowFile,24B] to original
[main] DEBUG org.apache.nifi.processors.standard.RouteText - RouteText[id=38a82a0d-69fc-4d87-a6d1-ec924f6828ee] Adding new dynamic property: PropertyDescriptor[simple]
[pool-4253-thread-1] INFO org.apache.nifi.processors.standard.RouteText - RouteText[id=38a82a0d-69fc-4d87-a6d1-ec924f6828ee] Created FlowFile[3863,90491973919402.mockFlowFile,24B] from FlowFile[3862,90491973919402.mockFlowFile,24B]; routing to relationship simple
[pool-4253-thread-1] INFO org.apache.nifi.processors.standard.RouteText - RouteText[id=38a82a0d-69fc-4d87-a6d1-ec924f6828ee] Routing FlowFile[3862,90491973919402.mockFlowFile,24B] to original
[main] DEBUG org.apache.nifi.processors.standard.RouteText - RouteText[id=38a82a0d-69fc-4d87-a6d1-ec924f6828ee] Adding new dynamic property: PropertyDescriptor[simple]
[pool-4254-thread-1] INFO org.apache.nifi.processors.standard.RouteText - RouteText[id=38a82a0d-69fc-4d87-a6d1-ec924f6828ee] Created FlowFile[3865,90491974235623.mockFlowFile,24B] from FlowFile[3864,90491974235623.mockFlowFile,24B]; routing to relationship simple
[pool-4254-thread-1] INFO org.apache.nifi.processors.standard.RouteText - RouteText[id=38a82a0d-69fc-4d87-a6d1-ec924f6828ee] Routing FlowFile[3864,90491974235623.mockFlowFile,24B] to original
[main] DEBUG org.apache.nifi.processors.standard.RouteText - RouteText[id=38a82a0d-69fc-4d87-a6d1-ec924f6828ee] Adding new dynamic property: PropertyDescriptor[simple]
[pool-4255-thread-1] INFO org.apache.nifi.processors.standard.RouteText - RouteText[id=38a82a0d-69fc-4d87-a6d1-ec924f6828ee] Created FlowFile[3867,90491974553049.mockFlowFile,24B] from FlowFile[3866,90491974553049.mockFlowFile,24B]; routing to relationship simple
[pool-4255-thread-1] INFO org.apache.nifi.processors.standard.RouteText - RouteText[id=38a82a0d-69fc-4d87-a6d1-ec924f6828ee] Routing FlowFile[3866,90491974553049.mockFlowFile,24B] to original
[main] DEBUG org.apache.nifi.processors.standard.RouteText - RouteText[id=38a82a0d-69fc-4d87-a6d1-ec924f6828ee] Adding new dynamic property: PropertyDescriptor[simple]
[pool-4256-thread-1] INFO org.apache.nifi.processors.standard.RouteText - RouteText[id=38a82a0d-69fc-4d87-a6d1-ec924f6828ee] Created FlowFile[3869,90491974864357.mockFlowFile,24B] from FlowFile[3868,90491974864357.mockFlowFile,24B]; routing to relationship simple
[pool-4256-thread-1] INFO org.apache.nifi.processors.standard.RouteText - RouteText[id=38a82a0d-69fc-4d87-a6d1-ec924f6828ee] Routing FlowFile[3868,90491974864357.mockFlowFile,24B] to original
[main] DEBUG org.apache.nifi.processors.standard.RouteText - RouteText[id=38a82a0d-69fc-4d87-a6d1-ec924f6828ee] Adding new dynamic property: PropertyDescriptor[simple]
[pool-4257-thread-1] INFO org.apache.nifi.processors.standard.RouteText - RouteText[id=38a82a0d-69fc-4d87-a6d1-ec924f6828ee] Created FlowFile[3871,90491975283137.mockFlowFile,24B] from FlowFile[3870,90491975283137.mockFlowFile,24B]; routing to relationship simple
[pool-4257-thread-1] INFO org.apache.nifi.processors.standard.RouteText - RouteText[id=38a82a0d-69fc-4d87-a6d1-ec924f6828ee] Routing FlowFile[3870,90491975283137.mockFlowFile,24B] to original
[main] DEBUG org.apache.nifi.processors.standard.RouteText - RouteText[id=38a82a0d-69fc-4d87-a6d1-ec924f6828ee] Adding new dynamic property: PropertyDescriptor[simple]
[pool-4258-thread-1] INFO org.apache.nifi.processors.standard.RouteText - RouteText[id=38a82a0d-69fc-4d87-a6d1-ec924f6828ee] Created FlowFile[3873,90491975651981.mockFlowFile,24B] from FlowFile[3872,90491975651981.mockFlowFile,24B]; routing to relationship simple
[pool-4258-thread-1] INFO org.apache.nifi.processors.standard.RouteText - RouteText[id=38a82a0d-69fc-4d87-a6d1-ec924f6828ee] Routing FlowFile[3872,90491975651981.mockFlowFile,24B] to original
[main] DEBUG org.apache.nifi.processors.standard.RouteText - RouteText[id=38a82a0d-69fc-4d87-a6d1-ec924f6828ee] Adding new dynamic property: PropertyDescriptor[simple]
[pool-4259-thread-1] INFO org.apache.nifi.processors.standard.RouteText - RouteText[id=38a82a0d-69fc-4d87-a6d1-ec924f6828ee] Created FlowFile[3875,90491975978268.mockFlowFile,24B] from FlowFile[3874,90491975978268.mockFlowFile,24B]; routing to relationship simple
[pool-4259-thread-1] INFO org.apache.nifi.processors.standard.RouteText - RouteText[id=38a82a0d-69fc-4d87-a6d1-ec924f6828ee] Routing FlowFile[3874,90491975978268.mockFlowFile,24B] to original
[main] DEBUG org.apache.nifi.processors.standard.RouteText - RouteText[id=38a82a0d-69fc-4d87-a6d1-ec924f6828ee] Adding new dynamic property: PropertyDescriptor[simple]
[pool-4260-thread-1] INFO org.apache.nifi.processors.standard.RouteText - RouteText[id=38a82a0d-69fc-4d87-a6d1-ec924f6828ee] Created FlowFile[3877,90491976413440.mockFlowFile,24B] from FlowFile[3876,90491976413440.mockFlowFile,24B]; routing to relationship simple
[pool-4260-thread-1] INFO org.apache.nifi.processors.standard.RouteText - RouteText[id=38a82a0d-69fc-4d87-a6d1-ec924f6828ee] Routing FlowFile[3876,90491976413440.mockFlowFile,24B] to original
[main] DEBUG org.apache.nifi.processors.standard.RouteText - RouteText[id=38a82a0d-69fc-4d87-a6d1-ec924f6828ee] Adding new dynamic property: PropertyDescriptor[simple]
[pool-4261-thread-1] INFO org.apache.nifi.processors.standard.RouteText - RouteText[id=38a82a0d-69fc-4d87-a6d1-ec924f6828ee] Created FlowFile[3879,90491976838819.mockFlowFile,24B] from FlowFile[3878,90491976838819.mockFlowFile,24B]; routing to relationship simple
[pool-4261-thread-1] INFO org.apache.nifi.processors.standard.RouteText - RouteText[id=38a82a0d-69fc-4d87-a6d1-ec924f6828ee] Routing FlowFile[3878,90491976838819.mockFlowFile,24B] to original
[main] DEBUG org.apache.nifi.processors.standard.RouteText - RouteText[id=38a82a0d-69fc-4d87-a6d1-ec924f6828ee] Adding new dynamic property: PropertyDescriptor[simple]
[pool-4262-thread-1] INFO org.apache.nifi.processors.standard.RouteText - RouteText[id=38a82a0d-69fc-4d87-a6d1-ec924f6828ee] Created FlowFile[3881,90491977206915.mockFlowFile,24B] from FlowFile[3880,90491977206915.mockFlowFile,24B]; routing to relationship simple
[pool-4262-thread-1] INFO org.apache.nifi.processors.standard.RouteText - RouteText[id=38a82a0d-69fc-4d87-a6d1-ec924f6828ee] Routing FlowFile[3880,90491977206915.mockFlowFile,24B] to original
[main] DEBUG org.apache.nifi.processors.standard.RouteText - RouteText[id=38a82a0d-69fc-4d87-a6d1-ec924f6828ee] Adding new dynamic property: PropertyDescriptor[simple]
[pool-4263-thread-1] INFO org.apache.nifi.processors.standard.RouteText - RouteText[id=38a82a0d-69fc-4d87-a6d1-ec924f6828ee] Created FlowFile[3883,90491977539429.mockFlowFile,24B] from FlowFile[3882,90491977539429.mockFlowFile,24B]; routing to relationship simple
[pool-4263-thread-1] INFO org.apache.nifi.processors.standard.RouteText - RouteText[id=38a82a0d-69fc-4d87-a6d1-ec924f6828ee] Routing FlowFile[3882,90491977539429.mockFlowFile,24B] to original
[main] DEBUG org.apache.nifi.processors.standard.RouteText - RouteText[id=38a82a0d-69fc-4d87-a6d1-ec924f6828ee] Adding new dynamic property: PropertyDescriptor[simple]
[pool-4264-thread-1] INFO org.apache.nifi.processors.standard.RouteText - RouteText[id=38a82a0d-69fc-4d87-a6d1-ec924f6828ee] Created FlowFile[3885,90491977882206.mockFlowFile,24B] from FlowFile[3884,90491977882206.mockFlowFile,24B]; routing to relationship simple
[pool-4264-thread-1] INFO org.apache.nifi.processors.standard.RouteText - RouteText[id=38a82a0d-69fc-4d87-a6d1-ec924f6828ee] Routing FlowFile[3884,90491977882206.mockFlowFile,24B] to original
[main] DEBUG org.apache.nifi.processors.standard.RouteText - RouteText[id=38a82a0d-69fc-4d87-a6d1-ec924f6828ee] Adding new dynamic property: PropertyDescriptor[simple]
[pool-4265-thread-1] INFO org.apache.nifi.processors.standard.RouteText - RouteText[id=38a82a0d-69fc-4d87-a6d1-ec924f6828ee] Created FlowFile[3887,90491978228616.mockFlowFile,24B] from FlowFile[3886,90491978228616.mockFlowFile,24B]; routing to relationship simple
[pool-4265-thread-1] INFO org.apache.nifi.processors.standard.RouteText - RouteText[id=38a82a0d-69fc-4d87-a6d1-ec924f6828ee] Routing FlowFile[3886,90491978228616.mockFlowFile,24B] to original
[main] DEBUG org.apache.nifi.processors.standard.RouteText - RouteText[id=38a82a0d-69fc-4d87-a6d1-ec924f6828ee] Adding new dynamic property: PropertyDescriptor[simple]
[pool-4266-thread-1] INFO org.apache.nifi.processors.standard.RouteText - RouteText[id=38a82a0d-69fc-4d87-a6d1-ec924f6828ee] Created FlowFile[3889,90491978599696.mockFlowFile,24B] from FlowFile[3888,90491978599696.mockFlowFile,24B]; routing to relationship simple
[pool-4266-thread-1] INFO org.apache.nifi.processors.standard.RouteText - RouteText[id=38a82a0d-69fc-4d87-a6d1-ec924f6828ee] Routing FlowFile[3888,90491978599696.mockFlowFile,24B] to original
[main] DEBUG org.apache.nifi.processors.standard.RouteText - RouteText[id=38a82a0d-69fc-4d87-a6d1-ec924f6828ee] Adding new dynamic property: PropertyDescriptor[simple]
[pool-4267-thread-1] INFO org.apache.nifi.processors.standard.RouteText - RouteText[id=38a82a0d-69fc-4d87-a6d1-ec924f6828ee] Created FlowFile[3891,90491978965774.mockFlowFile,24B] from FlowFile[3890,90491978965774.mockFlowFile,24B]; routing to relationship simple
[pool-4267-thread-1] INFO org.apache.nifi.processors.standard.RouteText - RouteText[id=38a82a0d-69fc-4d87-a6d1-ec924f6828ee] Routing FlowFile[3890,90491978965774.mockFlowFile,24B] to original
[main] DEBUG org.apache.nifi.processors.standard.RouteText - RouteText[id=38a82a0d-69fc-4d87-a6d1-ec924f6828ee] Adding new dynamic property: PropertyDescriptor[simple]
[pool-4268-thread-1] INFO org.apache.nifi.processors.standard.RouteText - RouteText[id=38a82a0d-69fc-4d87-a6d1-ec924f6828ee] Created FlowFile[3893,90491979398106.mockFlowFile,24B] from FlowFile[3892,90491979398106.mockFlowFile,24B]; routing to relationship simple
[pool-4268-thread-1] INFO org.apache.nifi.processors.standard.RouteText - RouteText[id=38a82a0d-69fc-4d87-a6d1-ec924f6828ee] Routing FlowFile[3892,90491979398106.mockFlowFile,24B] to original
[main] DEBUG org.apache.nifi.processors.standard.RouteText - RouteText[id=38a82a0d-69fc-4d87-a6d1-ec924f6828ee] Adding new dynamic property: PropertyDescriptor[simple]
[pool-4269-thread-1] INFO org.apache.nifi.processors.standard.RouteText - RouteText[id=38a82a0d-69fc-4d87-a6d1-ec924f6828ee] Created FlowFile[3895,90491979773293.mockFlowFile,24B] from FlowFile[3894,90491979773293.mockFlowFile,24B]; routing to relationship simple
[pool-4269-thread-1] INFO org.apache.nifi.processors.standard.RouteText - RouteText[id=38a82a0d-69fc-4d87-a6d1-ec924f6828ee] Routing FlowFile[3894,90491979773293.mockFlowFile,24B] to original
[main] DEBUG org.apache.nifi.processors.standard.RouteText - RouteText[id=38a82a0d-69fc-4d87-a6d1-ec924f6828ee] Adding new dynamic property: PropertyDescriptor[simple]
[pool-4270-thread-1] INFO org.apache.nifi.processors.standard.RouteText - RouteText[id=38a82a0d-69fc-4d87-a6d1-ec924f6828ee] Created FlowFile[3897,90491980189185.mockFlowFile,24B] from FlowFile[3896,90491980189185.mockFlowFile,24B]; routing to relationship simple
[pool-4270-thread-1] INFO org.apache.nifi.processors.standard.RouteText - RouteText[id=38a82a0d-69fc-4d87-a6d1-ec924f6828ee] Routing FlowFile[3896,90491980189185.mockFlowFile,24B] to original
[main] DEBUG org.apache.nifi.processors.standard.RouteText - RouteText[id=38a82a0d-69fc-4d87-a6d1-ec924f6828ee] Adding new dynamic property: PropertyDescriptor[simple]
[pool-4271-thread-1] INFO org.apache.nifi.processors.standard.RouteText - RouteText[id=38a82a0d-69fc-4d87-a6d1-ec924f6828ee] Created FlowFile[3899,90491980694797.mockFlowFile,24B] from FlowFile[3898,90491980694797.mockFlowFile,24B]; routing to relationship simple
[pool-4271-thread-1] INFO org.apache.nifi.processors.standard.RouteText - RouteText[id=38a82a0d-69fc-4d87-a6d1-ec924f6828ee] Routing FlowFile[3898,90491980694797.mockFlowFile,24B] to original
[main] DEBUG org.apache.nifi.processors.standard.RouteText - RouteText[id=38a82a0d-69fc-4d87-a6d1-ec924f6828ee] Adding new dynamic property: PropertyDescriptor[simple]
[pool-4272-thread-1] INFO org.apache.nifi.processors.standard.RouteText - RouteText[id=38a82a0d-69fc-4d87-a6d1-ec924f6828ee] Created FlowFile[3901,90491981123293.mockFlowFile,24B] from FlowFile[3900,90491981123293.mockFlowFile,24B]; routing to relationship simple
[pool-4272-thread-1] INFO org.apache.nifi.processors.standard.RouteText - RouteText[id=38a82a0d-69fc-4d87-a6d1-ec924f6828ee] Routing FlowFile[3900,90491981123293.mockFlowFile,24B] to original
[main] DEBUG org.apache.nifi.processors.standard.RouteText - RouteText[id=38a82a0d-69fc-4d87-a6d1-ec924f6828ee] Adding new dynamic property: PropertyDescriptor[simple]
[pool-4273-thread-1] INFO org.apache.nifi.processors.standard.RouteText - RouteText[id=38a82a0d-69fc-4d87-a6d1-ec924f6828ee] Created FlowFile[3903,90491981592858.mockFlowFile,24B] from FlowFile[3902,90491981592858.mockFlowFile,24B]; routing to relationship simple
[pool-4273-thread-1] INFO org.apache.nifi.processors.standard.RouteText - RouteText[id=38a82a0d-69fc-4d87-a6d1-ec924f6828ee] Routing FlowFile[3902,90491981592858.mockFlowFile,24B] to original
[main] DEBUG org.apache.nifi.processors.standard.RouteText - RouteText[id=38a82a0d-69fc-4d87-a6d1-ec924f6828ee] Adding new dynamic property: PropertyDescriptor[simple]
[pool-4274-thread-1] INFO org.apache.nifi.processors.standard.RouteText - RouteText[id=38a82a0d-69fc-4d87-a6d1-ec924f6828ee] Created FlowFile[3905,90491982011375.mockFlowFile,24B] from FlowFile[3904,90491982011375.mockFlowFile,24B]; routing to relationship simple
[pool-4274-thread-1] INFO org.apache.nifi.processors.standard.RouteText - RouteText[id=38a82a0d-69fc-4d87-a6d1-ec924f6828ee] Routing FlowFile[3904,90491982011375.mockFlowFile,24B] to original
[main] DEBUG org.apache.nifi.processors.standard.RouteText - RouteText[id=38a82a0d-69fc-4d87-a6d1-ec924f6828ee] Adding new dynamic property: PropertyDescriptor[simple]
[pool-4275-thread-1] INFO org.apache.nifi.processors.standard.RouteText - RouteText[id=38a82a0d-69fc-4d87-a6d1-ec924f6828ee] Created FlowFile[3907,90491982355659.mockFlowFile,24B] from FlowFile[3906,90491982355659.mockFlowFile,24B]; routing to relationship simple
[pool-4275-thread-1] INFO org.apache.nifi.processors.standard.RouteText - RouteText[id=38a82a0d-69fc-4d87-a6d1-ec924f6828ee] Routing FlowFile[3906,90491982355659.mockFlowFile,24B] to original
[main] DEBUG org.apache.nifi.processors.standard.RouteText - RouteText[id=38a82a0d-69fc-4d87-a6d1-ec924f6828ee] Adding new dynamic property: PropertyDescriptor[simple]
[pool-4276-thread-1] INFO org.apache.nifi.processors.standard.RouteText - RouteText[id=38a82a0d-69fc-4d87-a6d1-ec924f6828ee] Created FlowFile[3909,90491982686284.mockFlowFile,24B] from FlowFile[3908,90491982686284.mockFlowFile,24B]; routing to relationship simple
[pool-4276-thread-1] INFO org.apache.nifi.processors.standard.RouteText - RouteText[id=38a82a0d-69fc-4d87-a6d1-ec924f6828ee] Routing FlowFile[3908,90491982686284.mockFlowFile,24B] to original
[main] DEBUG org.apache.nifi.processors.standard.RouteText - RouteText[id=38a82a0d-69fc-4d87-a6d1-ec924f6828ee] Adding new dynamic property: PropertyDescriptor[simple]
[pool-4277-thread-1] INFO org.apache.nifi.processors.standard.RouteText - RouteText[id=38a82a0d-69fc-4d87-a6d1-ec924f6828ee] Created FlowFile[3911,90491983023244.mockFlowFile,24B] from FlowFile[3910,90491983023244.mockFlowFile,24B]; routing to relationship simple
[pool-4277-thread-1] INFO org.apache.nifi.processors.standard.RouteText - RouteText[id=38a82a0d-69fc-4d87-a6d1-ec924f6828ee] Routing FlowFile[3910,90491983023244.mockFlowFile,24B] to original
[main] DEBUG org.apache.nifi.processors.standard.RouteText - RouteText[id=38a82a0d-69fc-4d87-a6d1-ec924f6828ee] Adding new dynamic property: PropertyDescriptor[simple]
[pool-4278-thread-1] INFO org.apache.nifi.processors.standard.RouteText - RouteText[id=38a82a0d-69fc-4d87-a6d1-ec924f6828ee] Created FlowFile[3913,90491983527296.mockFlowFile,24B] from FlowFile[3912,90491983527296.mockFlowFile,24B]; routing to relationship simple
[pool-4278-thread-1] INFO org.apache.nifi.processors.standard.RouteText - RouteText[id=38a82a0d-69fc-4d87-a6d1-ec924f6828ee] Routing FlowFile[3912,90491983527296.mockFlowFile,24B] to original
[main] DEBUG org.apache.nifi.processors.standard.RouteText - RouteText[id=38a82a0d-69fc-4d87-a6d1-ec924f6828ee] Adding new dynamic property: PropertyDescriptor[simple]
[pool-4279-thread-1] INFO org.apache.nifi.processors.standard.RouteText - RouteText[id=38a82a0d-69fc-4d87-a6d1-ec924f6828ee] Created FlowFile[3915,90491983947785.mockFlowFile,24B] from FlowFile[3914,90491983947785.mockFlowFile,24B]; routing to relationship simple
[pool-4279-thread-1] INFO org.apache.nifi.processors.standard.RouteText - RouteText[id=38a82a0d-69fc-4d87-a6d1-ec924f6828ee] Routing FlowFile[3914,90491983947785.mockFlowFile,24B] to original
[main] DEBUG org.apache.nifi.processors.standard.RouteText - RouteText[id=38a82a0d-69fc-4d87-a6d1-ec924f6828ee] Adding new dynamic property: PropertyDescriptor[simple]
[pool-4280-thread-1] INFO org.apache.nifi.processors.standard.RouteText - RouteText[id=38a82a0d-69fc-4d87-a6d1-ec924f6828ee] Created FlowFile[3917,90491984425579.mockFlowFile,24B] from FlowFile[3916,90491984425579.mockFlowFile,24B]; routing to relationship simple
[pool-4280-thread-1] INFO org.apache.nifi.processors.standard.RouteText - RouteText[id=38a82a0d-69fc-4d87-a6d1-ec924f6828ee] Routing FlowFile[3916,90491984425579.mockFlowFile,24B] to original
[main] DEBUG org.apache.nifi.processors.standard.RouteText - RouteText[id=38a82a0d-69fc-4d87-a6d1-ec924f6828ee] Adding new dynamic property: PropertyDescriptor[simple]
[pool-4281-thread-1] INFO org.apache.nifi.processors.standard.RouteText - RouteText[id=38a82a0d-69fc-4d87-a6d1-ec924f6828ee] Created FlowFile[3919,90491984901983.mockFlowFile,24B] from FlowFile[3918,90491984901983.mockFlowFile,24B]; routing to relationship simple
[pool-4281-thread-1] INFO org.apache.nifi.processors.standard.RouteText - RouteText[id=38a82a0d-69fc-4d87-a6d1-ec924f6828ee] Routing FlowFile[3918,90491984901983.mockFlowFile,24B] to original
[main] DEBUG org.apache.nifi.processors.standard.RouteText - RouteText[id=38a82a0d-69fc-4d87-a6d1-ec924f6828ee] Adding new dynamic property: PropertyDescriptor[simple]
[pool-4282-thread-1] INFO org.apache.nifi.processors.standard.RouteText - RouteText[id=38a82a0d-69fc-4d87-a6d1-ec924f6828ee] Created FlowFile[3921,90491985389720.mockFlowFile,24B] from FlowFile[3920,90491985389720.mockFlowFile,24B]; routing to relationship simple
[pool-4282-thread-1] INFO org.apache.nifi.processors.standard.RouteText - RouteText[id=38a82a0d-69fc-4d87-a6d1-ec924f6828ee] Routing FlowFile[3920,90491985389720.mockFlowFile,24B] to original
[main] DEBUG org.apache.nifi.processors.standard.RouteText - RouteText[id=38a82a0d-69fc-4d87-a6d1-ec924f6828ee] Adding new dynamic property: PropertyDescriptor[simple]
[pool-4283-thread-1] INFO org.apache.nifi.processors.standard.RouteText - RouteText[id=38a82a0d-69fc-4d87-a6d1-ec924f6828ee] Created FlowFile[3923,90491985785241.mockFlowFile,24B] from FlowFile[3922,90491985785241.mockFlowFile,24B]; routing to relationship simple
[pool-4283-thread-1] INFO org.apache.nifi.processors.standard.RouteText - RouteText[id=38a82a0d-69fc-4d87-a6d1-ec924f6828ee] Routing FlowFile[3922,90491985785241.mockFlowFile,24B] to original
[main] DEBUG org.apache.nifi.processors.standard.RouteText - RouteText[id=38a82a0d-69fc-4d87-a6d1-ec924f6828ee] Adding new dynamic property: PropertyDescriptor[simple]
[pool-4284-thread-1] INFO org.apache.nifi.processors.standard.RouteText - RouteText[id=38a82a0d-69fc-4d87-a6d1-ec924f6828ee] Created FlowFile[3925,90491986136999.mockFlowFile,24B] from FlowFile[3924,90491986136999.mockFlowFile,24B]; routing to relationship simple
[pool-4284-thread-1] INFO org.apache.nifi.processors.standard.RouteText - RouteText[id=38a82a0d-69fc-4d87-a6d1-ec924f6828ee] Routing FlowFile[3924,90491986136999.mockFlowFile,24B] to original
[main] DEBUG org.apache.nifi.processors.standard.RouteText - RouteText[id=38a82a0d-69fc-4d87-a6d1-ec924f6828ee] Adding new dynamic property: PropertyDescriptor[simple]
[pool-4285-thread-1] INFO org.apache.nifi.processors.standard.RouteText - RouteText[id=38a82a0d-69fc-4d87-a6d1-ec924f6828ee] Created FlowFile[3927,90491986476471.mockFlowFile,24B] from FlowFile[3926,90491986476471.mockFlowFile,24B]; routing to relationship simple
[pool-4285-thread-1] INFO org.apache.nifi.processors.standard.RouteText - RouteText[id=38a82a0d-69fc-4d87-a6d1-ec924f6828ee] Routing FlowFile[3926,90491986476471.mockFlowFile,24B] to original
[main] DEBUG org.apache.nifi.processors.standard.RouteText - RouteText[id=38a82a0d-69fc-4d87-a6d1-ec924f6828ee] Adding new dynamic property: PropertyDescriptor[simple]
[pool-4286-thread-1] INFO org.apache.nifi.processors.standard.RouteText - RouteText[id=38a82a0d-69fc-4d87-a6d1-ec924f6828ee] Created FlowFile[3929,90491986803675.mockFlowFile,24B] from FlowFile[3928,90491986803675.mockFlowFile,24B]; routing to relationship simple
[pool-4286-thread-1] INFO org.apache.nifi.processors.standard.RouteText - RouteText[id=38a82a0d-69fc-4d87-a6d1-ec924f6828ee] Routing FlowFile[3928,90491986803675.mockFlowFile,24B] to original
[main] DEBUG org.apache.nifi.processors.standard.RouteText - RouteText[id=38a82a0d-69fc-4d87-a6d1-ec924f6828ee] Adding new dynamic property: PropertyDescriptor[simple]
[pool-4287-thread-1] INFO org.apache.nifi.processors.standard.RouteText - RouteText[id=38a82a0d-69fc-4d87-a6d1-ec924f6828ee] Created FlowFile[3931,90491987147841.mockFlowFile,24B] from FlowFile[3930,90491987147841.mockFlowFile,24B]; routing to relationship simple
[pool-4287-thread-1] INFO org.apache.nifi.processors.standard.RouteText - RouteText[id=38a82a0d-69fc-4d87-a6d1-ec924f6828ee] Routing FlowFile[3930,90491987147841.mockFlowFile,24B] to original
[main] DEBUG org.apache.nifi.processors.standard.RouteText - RouteText[id=38a82a0d-69fc-4d87-a6d1-ec924f6828ee] Adding new dynamic property: PropertyDescriptor[simple]
[pool-4288-thread-1] INFO org.apache.nifi.processors.standard.RouteText - RouteText[id=38a82a0d-69fc-4d87-a6d1-ec924f6828ee] Created FlowFile[3933,90491987599049.mockFlowFile,24B] from FlowFile[3932,90491987599049.mockFlowFile,24B]; routing to relationship simple
[pool-4288-thread-1] INFO org.apache.nifi.processors.standard.RouteText - RouteText[id=38a82a0d-69fc-4d87-a6d1-ec924f6828ee] Routing FlowFile[3932,90491987599049.mockFlowFile,24B] to original
[main] DEBUG org.apache.nifi.processors.standard.RouteText - RouteText[id=38a82a0d-69fc-4d87-a6d1-ec924f6828ee] Adding new dynamic property: PropertyDescriptor[simple]
[pool-4289-thread-1] INFO org.apache.nifi.processors.standard.RouteText - RouteText[id=38a82a0d-69fc-4d87-a6d1-ec924f6828ee] Created FlowFile[3935,90491987942011.mockFlowFile,24B] from FlowFile[3934,90491987942011.mockFlowFile,24B]; routing to relationship simple
[pool-4289-thread-1] INFO org.apache.nifi.processors.standard.RouteText - RouteText[id=38a82a0d-69fc-4d87-a6d1-ec924f6828ee] Routing FlowFile[3934,90491987942011.mockFlowFile,24B] to original
[main] DEBUG org.apache.nifi.processors.standard.RouteText - RouteText[id=38a82a0d-69fc-4d87-a6d1-ec924f6828ee] Adding new dynamic property: PropertyDescriptor[simple]
[pool-4290-thread-1] INFO org.apache.nifi.processors.standard.RouteText - RouteText[id=38a82a0d-69fc-4d87-a6d1-ec924f6828ee] Created FlowFile[3937,90491988411567.mockFlowFile,24B] from FlowFile[3936,90491988411567.mockFlowFile,24B]; routing to relationship simple
[pool-4290-thread-1] INFO org.apache.nifi.processors.standard.RouteText - RouteText[id=38a82a0d-69fc-4d87-a6d1-ec924f6828ee] Routing FlowFile[3936,90491988411567.mockFlowFile,24B] to original
[main] DEBUG org.apache.nifi.processors.standard.RouteText - RouteText[id=38a82a0d-69fc-4d87-a6d1-ec924f6828ee] Adding new dynamic property: PropertyDescriptor[simple]
[pool-4291-thread-1] INFO org.apache.nifi.processors.standard.RouteText - RouteText[id=38a82a0d-69fc-4d87-a6d1-ec924f6828ee] Created FlowFile[3939,90491988924503.mockFlowFile,24B] from FlowFile[3938,90491988924503.mockFlowFile,24B]; routing to relationship simple
[pool-4291-thread-1] INFO org.apache.nifi.processors.standard.RouteText - RouteText[id=38a82a0d-69fc-4d87-a6d1-ec924f6828ee] Routing FlowFile[3938,90491988924503.mockFlowFile,24B] to original
[main] DEBUG org.apache.nifi.processors.standard.RouteText - RouteText[id=38a82a0d-69fc-4d87-a6d1-ec924f6828ee] Adding new dynamic property: PropertyDescriptor[simple]
[pool-4292-thread-1] INFO org.apache.nifi.processors.standard.RouteText - RouteText[id=38a82a0d-69fc-4d87-a6d1-ec924f6828ee] Created FlowFile[3941,90491989370856.mockFlowFile,24B] from FlowFile[3940,90491989370856.mockFlowFile,24B]; routing to relationship simple
[pool-4292-thread-1] INFO org.apache.nifi.processors.standard.RouteText - RouteText[id=38a82a0d-69fc-4d87-a6d1-ec924f6828ee] Routing FlowFile[3940,90491989370856.mockFlowFile,24B] to original
[main] DEBUG org.apache.nifi.processors.standard.RouteText - RouteText[id=38a82a0d-69fc-4d87-a6d1-ec924f6828ee] Adding new dynamic property: PropertyDescriptor[simple]
[pool-4293-thread-1] INFO org.apache.nifi.processors.standard.RouteText - RouteText[id=38a82a0d-69fc-4d87-a6d1-ec924f6828ee] Created FlowFile[3943,90491989723347.mockFlowFile,24B] from FlowFile[3942,90491989723347.mockFlowFile,24B]; routing to relationship simple
[pool-4293-thread-1] INFO org.apache.nifi.processors.standard.RouteText - RouteText[id=38a82a0d-69fc-4d87-a6d1-ec924f6828ee] Routing FlowFile[3942,90491989723347.mockFlowFile,24B] to original
[main] DEBUG org.apache.nifi.processors.standard.RouteText - RouteText[id=38a82a0d-69fc-4d87-a6d1-ec924f6828ee] Adding new dynamic property: PropertyDescriptor[simple]
[pool-4294-thread-1] INFO org.apache.nifi.processors.standard.RouteText - RouteText[id=38a82a0d-69fc-4d87-a6d1-ec924f6828ee] Created FlowFile[3945,90491990056684.mockFlowFile,24B] from FlowFile[3944,90491990056684.mockFlowFile,24B]; routing to relationship simple
[pool-4294-thread-1] INFO org.apache.nifi.processors.standard.RouteText - RouteText[id=38a82a0d-69fc-4d87-a6d1-ec924f6828ee] Routing FlowFile[3944,90491990056684.mockFlowFile,24B] to original
[main] DEBUG org.apache.nifi.processors.standard.RouteText - RouteText[id=38a82a0d-69fc-4d87-a6d1-ec924f6828ee] Adding new dynamic property: PropertyDescriptor[simple]
[pool-4295-thread-1] INFO org.apache.nifi.processors.standard.RouteText - RouteText[id=38a82a0d-69fc-4d87-a6d1-ec924f6828ee] Created FlowFile[3947,90491990390586.mockFlowFile,24B] from FlowFile[3946,90491990390586.mockFlowFile,24B]; routing to relationship simple
[pool-4295-thread-1] INFO org.apache.nifi.processors.standard.RouteText - RouteText[id=38a82a0d-69fc-4d87-a6d1-ec924f6828ee] Routing FlowFile[3946,90491990390586.mockFlowFile,24B] to original
[main] DEBUG org.apache.nifi.processors.standard.RouteText - RouteText[id=38a82a0d-69fc-4d87-a6d1-ec924f6828ee] Adding new dynamic property: PropertyDescriptor[simple]
[pool-4296-thread-1] INFO org.apache.nifi.processors.standard.RouteText - RouteText[id=38a82a0d-69fc-4d87-a6d1-ec924f6828ee] Created FlowFile[3949,90491990718104.mockFlowFile,24B] from FlowFile[3948,90491990718104.mockFlowFile,24B]; routing to relationship simple
[pool-4296-thread-1] INFO org.apache.nifi.processors.standard.RouteText - RouteText[id=38a82a0d-69fc-4d87-a6d1-ec924f6828ee] Routing FlowFile[3948,90491990718104.mockFlowFile,24B] to original
[main] DEBUG org.apache.nifi.processors.standard.RouteText - RouteText[id=38a82a0d-69fc-4d87-a6d1-ec924f6828ee] Adding new dynamic property: PropertyDescriptor[simple]
[pool-4297-thread-1] INFO org.apache.nifi.processors.standard.RouteText - RouteText[id=38a82a0d-69fc-4d87-a6d1-ec924f6828ee] Created FlowFile[3951,90491991050198.mockFlowFile,24B] from FlowFile[3950,90491991050198.mockFlowFile,24B]; routing to relationship simple
[pool-4297-thread-1] INFO org.apache.nifi.processors.standard.RouteText - RouteText[id=38a82a0d-69fc-4d87-a6d1-ec924f6828ee] Routing FlowFile[3950,90491991050198.mockFlowFile,24B] to original
[main] DEBUG org.apache.nifi.processors.standard.RouteText - RouteText[id=38a82a0d-69fc-4d87-a6d1-ec924f6828ee] Adding new dynamic property: PropertyDescriptor[simple]
[pool-4298-thread-1] INFO org.apache.nifi.processors.standard.RouteText - RouteText[id=38a82a0d-69fc-4d87-a6d1-ec924f6828ee] Created FlowFile[3953,90491991464007.mockFlowFile,24B] from FlowFile[3952,90491991464007.mockFlowFile,24B]; routing to relationship simple
[pool-4298-thread-1] INFO org.apache.nifi.processors.standard.RouteText - RouteText[id=38a82a0d-69fc-4d87-a6d1-ec924f6828ee] Routing FlowFile[3952,90491991464007.mockFlowFile,24B] to original
[main] DEBUG org.apache.nifi.processors.standard.RouteText - RouteText[id=38a82a0d-69fc-4d87-a6d1-ec924f6828ee] Adding new dynamic property: PropertyDescriptor[simple]
[pool-4299-thread-1] INFO org.apache.nifi.processors.standard.RouteText - RouteText[id=38a82a0d-69fc-4d87-a6d1-ec924f6828ee] Created FlowFile[3955,90491991891941.mockFlowFile,24B] from FlowFile[3954,90491991891941.mockFlowFile,24B]; routing to relationship simple
[pool-4299-thread-1] INFO org.apache.nifi.processors.standard.RouteText - RouteText[id=38a82a0d-69fc-4d87-a6d1-ec924f6828ee] Routing FlowFile[3954,90491991891941.mockFlowFile,24B] to original
[main] DEBUG org.apache.nifi.processors.standard.RouteText - RouteText[id=38a82a0d-69fc-4d87-a6d1-ec924f6828ee] Adding new dynamic property: PropertyDescriptor[simple]
[pool-4300-thread-1] INFO org.apache.nifi.processors.standard.RouteText - RouteText[id=38a82a0d-69fc-4d87-a6d1-ec924f6828ee] Created FlowFile[3957,90491992475077.mockFlowFile,24B] from FlowFile[3956,90491992475077.mockFlowFile,24B]; routing to relationship simple
[pool-4300-thread-1] INFO org.apache.nifi.processors.standard.RouteText - RouteText[id=38a82a0d-69fc-4d87-a6d1-ec924f6828ee] Routing FlowFile[3956,90491992475077.mockFlowFile,24B] to original
[main] DEBUG org.apache.nifi.processors.standard.RouteText - RouteText[id=38a82a0d-69fc-4d87-a6d1-ec924f6828ee] Adding new dynamic property: PropertyDescriptor[simple]
[pool-4301-thread-1] INFO org.apache.nifi.processors.standard.RouteText - RouteText[id=38a82a0d-69fc-4d87-a6d1-ec924f6828ee] Created FlowFile[3959,90491992987891.mockFlowFile,24B] from FlowFile[3958,90491992987891.mockFlowFile,24B]; routing to relationship simple
[pool-4301-thread-1] INFO org.apache.nifi.processors.standard.RouteText - RouteText[id=38a82a0d-69fc-4d87-a6d1-ec924f6828ee] Routing FlowFile[3958,90491992987891.mockFlowFile,24B] to original
[main] DEBUG org.apache.nifi.processors.standard.RouteText - RouteText[id=38a82a0d-69fc-4d87-a6d1-ec924f6828ee] Adding new dynamic property: PropertyDescriptor[simple]
[pool-4302-thread-1] INFO org.apache.nifi.processors.standard.RouteText - RouteText[id=38a82a0d-69fc-4d87-a6d1-ec924f6828ee] Created FlowFile[3961,90491993483043.mockFlowFile,24B] from FlowFile[3960,90491993483043.mockFlowFile,24B]; routing to relationship simple
[pool-4302-thread-1] INFO org.apache.nifi.processors.standard.RouteText - RouteText[id=38a82a0d-69fc-4d87-a6d1-ec924f6828ee] Routing FlowFile[3960,90491993483043.mockFlowFile,24B] to original
[main] DEBUG org.apache.nifi.processors.standard.RouteText - RouteText[id=38a82a0d-69fc-4d87-a6d1-ec924f6828ee] Adding new dynamic property: PropertyDescriptor[simple]
[pool-4303-thread-1] INFO org.apache.nifi.processors.standard.RouteText - RouteText[id=38a82a0d-69fc-4d87-a6d1-ec924f6828ee] Created FlowFile[3963,90491993898462.mockFlowFile,24B] from FlowFile[3962,90491993898462.mockFlowFile,24B]; routing to relationship simple
[pool-4303-thread-1] INFO org.apache.nifi.processors.standard.RouteText - RouteText[id=38a82a0d-69fc-4d87-a6d1-ec924f6828ee] Routing FlowFile[3962,90491993898462.mockFlowFile,24B] to original
[main] DEBUG org.apache.nifi.processors.standard.RouteText - RouteText[id=38a82a0d-69fc-4d87-a6d1-ec924f6828ee] Adding new dynamic property: PropertyDescriptor[simple]
[pool-4304-thread-1] INFO org.apache.nifi.processors.standard.RouteText - RouteText[id=38a82a0d-69fc-4d87-a6d1-ec924f6828ee] Created FlowFile[3965,90491994291907.mockFlowFile,24B] from FlowFile[3964,90491994291907.mockFlowFile,24B]; routing to relationship simple
[pool-4304-thread-1] INFO org.apache.nifi.processors.standard.RouteText - RouteText[id=38a82a0d-69fc-4d87-a6d1-ec924f6828ee] Routing FlowFile[3964,90491994291907.mockFlowFile,24B] to original
[main] DEBUG org.apache.nifi.processors.standard.RouteText - RouteText[id=38a82a0d-69fc-4d87-a6d1-ec924f6828ee] Adding new dynamic property: PropertyDescriptor[simple]
[pool-4305-thread-1] INFO org.apache.nifi.processors.standard.RouteText - RouteText[id=38a82a0d-69fc-4d87-a6d1-ec924f6828ee] Created FlowFile[3967,90491994633915.mockFlowFile,24B] from FlowFile[3966,90491994633915.mockFlowFile,24B]; routing to relationship simple
[pool-4305-thread-1] INFO org.apache.nifi.processors.standard.RouteText - RouteText[id=38a82a0d-69fc-4d87-a6d1-ec924f6828ee] Routing FlowFile[3966,90491994633915.mockFlowFile,24B] to original
[main] DEBUG org.apache.nifi.processors.standard.RouteText - RouteText[id=38a82a0d-69fc-4d87-a6d1-ec924f6828ee] Adding new dynamic property: PropertyDescriptor[simple]
[pool-4306-thread-1] INFO org.apache.nifi.processors.standard.RouteText - RouteText[id=38a82a0d-69fc-4d87-a6d1-ec924f6828ee] Created FlowFile[3969,90491995025967.mockFlowFile,24B] from FlowFile[3968,90491995025967.mockFlowFile,24B]; routing to relationship simple
[pool-4306-thread-1] INFO org.apache.nifi.processors.standard.RouteText - RouteText[id=38a82a0d-69fc-4d87-a6d1-ec924f6828ee] Routing FlowFile[3968,90491995025967.mockFlowFile,24B] to original
[main] DEBUG org.apache.nifi.processors.standard.RouteText - RouteText[id=38a82a0d-69fc-4d87-a6d1-ec924f6828ee] Adding new dynamic property: PropertyDescriptor[simple]
[pool-4307-thread-1] INFO org.apache.nifi.processors.standard.RouteText - RouteText[id=38a82a0d-69fc-4d87-a6d1-ec924f6828ee] Created FlowFile[3971,90491995353589.mockFlowFile,24B] from FlowFile[3970,90491995353589.mockFlowFile,24B]; routing to relationship simple
[pool-4307-thread-1] INFO org.apache.nifi.processors.standard.RouteText - RouteText[id=38a82a0d-69fc-4d87-a6d1-ec924f6828ee] Routing FlowFile[3970,90491995353589.mockFlowFile,24B] to original
[main] DEBUG org.apache.nifi.processors.standard.RouteText - RouteText[id=38a82a0d-69fc-4d87-a6d1-ec924f6828ee] Adding new dynamic property: PropertyDescriptor[simple]
[pool-4308-thread-1] INFO org.apache.nifi.processors.standard.RouteText - RouteText[id=38a82a0d-69fc-4d87-a6d1-ec924f6828ee] Created FlowFile[3973,90491995676645.mockFlowFile,24B] from FlowFile[3972,90491995676645.mockFlowFile,24B]; routing to relationship simple
[pool-4308-thread-1] INFO org.apache.nifi.processors.standard.RouteText - RouteText[id=38a82a0d-69fc-4d87-a6d1-ec924f6828ee] Routing FlowFile[3972,90491995676645.mockFlowFile,24B] to original
[main] DEBUG org.apache.nifi.processors.standard.RouteText - RouteText[id=38a82a0d-69fc-4d87-a6d1-ec924f6828ee] Adding new dynamic property: PropertyDescriptor[simple]
[pool-4309-thread-1] INFO org.apache.nifi.processors.standard.RouteText - RouteText[id=38a82a0d-69fc-4d87-a6d1-ec924f6828ee] Created FlowFile[3975,90491996010493.mockFlowFile,24B] from FlowFile[3974,90491996010493.mockFlowFile,24B]; routing to relationship simple
[pool-4309-thread-1] INFO org.apache.nifi.processors.standard.RouteText - RouteText[id=38a82a0d-69fc-4d87-a6d1-ec924f6828ee] Routing FlowFile[3974,90491996010493.mockFlowFile,24B] to original
[main] DEBUG org.apache.nifi.processors.standard.RouteText - RouteText[id=38a82a0d-69fc-4d87-a6d1-ec924f6828ee] Adding new dynamic property: PropertyDescriptor[simple]
[pool-4310-thread-1] INFO org.apache.nifi.processors.standard.RouteText - RouteText[id=38a82a0d-69fc-4d87-a6d1-ec924f6828ee] Created FlowFile[3977,90491996469544.mockFlowFile,24B] from FlowFile[3976,90491996469544.mockFlowFile,24B]; routing to relationship simple
[pool-4310-thread-1] INFO org.apache.nifi.processors.standard.RouteText - RouteText[id=38a82a0d-69fc-4d87-a6d1-ec924f6828ee] Routing FlowFile[3976,90491996469544.mockFlowFile,24B] to original
[main] DEBUG org.apache.nifi.processors.standard.RouteText - RouteText[id=38a82a0d-69fc-4d87-a6d1-ec924f6828ee] Adding new dynamic property: PropertyDescriptor[simple]
[pool-4311-thread-1] INFO org.apache.nifi.processors.standard.RouteText - RouteText[id=38a82a0d-69fc-4d87-a6d1-ec924f6828ee] Created FlowFile[3979,90491996913143.mockFlowFile,24B] from FlowFile[3978,90491996913143.mockFlowFile,24B]; routing to relationship simple
[pool-4311-thread-1] INFO org.apache.nifi.processors.standard.RouteText - RouteText[id=38a82a0d-69fc-4d87-a6d1-ec924f6828ee] Routing FlowFile[3978,90491996913143.mockFlowFile,24B] to original
[main] DEBUG org.apache.nifi.processors.standard.RouteText - RouteText[id=38a82a0d-69fc-4d87-a6d1-ec924f6828ee] Adding new dynamic property: PropertyDescriptor[simple]
[pool-4312-thread-1] INFO org.apache.nifi.processors.standard.RouteText - RouteText[id=38a82a0d-69fc-4d87-a6d1-ec924f6828ee] Created FlowFile[3981,90491997347507.mockFlowFile,24B] from FlowFile[3980,90491997347507.mockFlowFile,24B]; routing to relationship simple
[pool-4312-thread-1] INFO org.apache.nifi.processors.standard.RouteText - RouteText[id=38a82a0d-69fc-4d87-a6d1-ec924f6828ee] Routing FlowFile[3980,90491997347507.mockFlowFile,24B] to original
[main] DEBUG org.apache.nifi.processors.standard.RouteText - RouteText[id=38a82a0d-69fc-4d87-a6d1-ec924f6828ee] Adding new dynamic property: PropertyDescriptor[simple]
[pool-4313-thread-1] INFO org.apache.nifi.processors.standard.RouteText - RouteText[id=38a82a0d-69fc-4d87-a6d1-ec924f6828ee] Created FlowFile[3983,90491997683581.mockFlowFile,24B] from FlowFile[3982,90491997683581.mockFlowFile,24B]; routing to relationship simple
[pool-4313-thread-1] INFO org.apache.nifi.processors.standard.RouteText - RouteText[id=38a82a0d-69fc-4d87-a6d1-ec924f6828ee] Routing FlowFile[3982,90491997683581.mockFlowFile,24B] to original
[main] DEBUG org.apache.nifi.processors.standard.RouteText - RouteText[id=38a82a0d-69fc-4d87-a6d1-ec924f6828ee] Adding new dynamic property: PropertyDescriptor[simple]
[pool-4314-thread-1] INFO org.apache.nifi.processors.standard.RouteText - RouteText[id=38a82a0d-69fc-4d87-a6d1-ec924f6828ee] Created FlowFile[3985,90491998019623.mockFlowFile,24B] from FlowFile[3984,90491998019623.mockFlowFile,24B]; routing to relationship simple
[pool-4314-thread-1] INFO org.apache.nifi.processors.standard.RouteText - RouteText[id=38a82a0d-69fc-4d87-a6d1-ec924f6828ee] Routing FlowFile[3984,90491998019623.mockFlowFile,24B] to original
[main] DEBUG org.apache.nifi.processors.standard.RouteText - RouteText[id=38a82a0d-69fc-4d87-a6d1-ec924f6828ee] Adding new dynamic property: PropertyDescriptor[simple]
[pool-4315-thread-1] INFO org.apache.nifi.processors.standard.RouteText - RouteText[id=38a82a0d-69fc-4d87-a6d1-ec924f6828ee] Created FlowFile[3987,90491998346846.mockFlowFile,24B] from FlowFile[3986,90491998346846.mockFlowFile,24B]; routing to relationship simple
[pool-4315-thread-1] INFO org.apache.nifi.processors.standard.RouteText - RouteText[id=38a82a0d-69fc-4d87-a6d1-ec924f6828ee] Routing FlowFile[3986,90491998346846.mockFlowFile,24B] to original
[main] DEBUG org.apache.nifi.processors.standard.RouteText - RouteText[id=38a82a0d-69fc-4d87-a6d1-ec924f6828ee] Adding new dynamic property: PropertyDescriptor[simple]
[pool-4316-thread-1] INFO org.apache.nifi.processors.standard.RouteText - RouteText[id=38a82a0d-69fc-4d87-a6d1-ec924f6828ee] Created FlowFile[3989,90491998672175.mockFlowFile,24B] from FlowFile[3988,90491998672175.mockFlowFile,24B]; routing to relationship simple
[pool-4316-thread-1] INFO org.apache.nifi.processors.standard.RouteText - RouteText[id=38a82a0d-69fc-4d87-a6d1-ec924f6828ee] Routing FlowFile[3988,90491998672175.mockFlowFile,24B] to original
[main] DEBUG org.apache.nifi.processors.standard.RouteText - RouteText[id=38a82a0d-69fc-4d87-a6d1-ec924f6828ee] Adding new dynamic property: PropertyDescriptor[simple]
[pool-4317-thread-1] INFO org.apache.nifi.processors.standard.RouteText - RouteText[id=38a82a0d-69fc-4d87-a6d1-ec924f6828ee] Created FlowFile[3991,90491999003071.mockFlowFile,24B] from FlowFile[3990,90491999003071.mockFlowFile,24B]; routing to relationship simple
[pool-4317-thread-1] INFO org.apache.nifi.processors.standard.RouteText - RouteText[id=38a82a0d-69fc-4d87-a6d1-ec924f6828ee] Routing FlowFile[3990,90491999003071.mockFlowFile,24B] to original
[main] DEBUG org.apache.nifi.processors.standard.RouteText - RouteText[id=38a82a0d-69fc-4d87-a6d1-ec924f6828ee] Adding new dynamic property: PropertyDescriptor[simple]
[pool-4318-thread-1] INFO org.apache.nifi.processors.standard.RouteText - RouteText[id=38a82a0d-69fc-4d87-a6d1-ec924f6828ee] Created FlowFile[3993,90491999367333.mockFlowFile,24B] from FlowFile[3992,90491999367333.mockFlowFile,24B]; routing to relationship simple
[pool-4318-thread-1] INFO org.apache.nifi.processors.standard.RouteText - RouteText[id=38a82a0d-69fc-4d87-a6d1-ec924f6828ee] Routing FlowFile[3992,90491999367333.mockFlowFile,24B] to original
[main] DEBUG org.apache.nifi.processors.standard.RouteText - RouteText[id=38a82a0d-69fc-4d87-a6d1-ec924f6828ee] Adding new dynamic property: PropertyDescriptor[simple]
[pool-4319-thread-1] INFO org.apache.nifi.processors.standard.RouteText - RouteText[id=38a82a0d-69fc-4d87-a6d1-ec924f6828ee] Created FlowFile[3995,90491999739967.mockFlowFile,24B] from FlowFile[3994,90491999739967.mockFlowFile,24B]; routing to relationship simple
[pool-4319-thread-1] INFO org.apache.nifi.processors.standard.RouteText - RouteText[id=38a82a0d-69fc-4d87-a6d1-ec924f6828ee] Routing FlowFile[3994,90491999739967.mockFlowFile,24B] to original
[main] DEBUG org.apache.nifi.processors.standard.RouteText - RouteText[id=38a82a0d-69fc-4d87-a6d1-ec924f6828ee] Adding new dynamic property: PropertyDescriptor[simple]
[pool-4320-thread-1] INFO org.apache.nifi.processors.standard.RouteText - RouteText[id=38a82a0d-69fc-4d87-a6d1-ec924f6828ee] Created FlowFile[3997,90492000109816.mockFlowFile,24B] from FlowFile[3996,90492000109816.mockFlowFile,24B]; routing to relationship simple
[pool-4320-thread-1] INFO org.apache.nifi.processors.standard.RouteText - RouteText[id=38a82a0d-69fc-4d87-a6d1-ec924f6828ee] Routing FlowFile[3996,90492000109816.mockFlowFile,24B] to original
[main] DEBUG org.apache.nifi.processors.standard.RouteText - RouteText[id=38a82a0d-69fc-4d87-a6d1-ec924f6828ee] Adding new dynamic property: PropertyDescriptor[simple]
[pool-4321-thread-1] INFO org.apache.nifi.processors.standard.RouteText - RouteText[id=38a82a0d-69fc-4d87-a6d1-ec924f6828ee] Created FlowFile[3999,90492000586407.mockFlowFile,24B] from FlowFile[3998,90492000586407.mockFlowFile,24B]; routing to relationship simple
[pool-4321-thread-1] INFO org.apache.nifi.processors.standard.RouteText - RouteText[id=38a82a0d-69fc-4d87-a6d1-ec924f6828ee] Routing FlowFile[3998,90492000586407.mockFlowFile,24B] to original
[main] DEBUG org.apache.nifi.processors.standard.RouteText - RouteText[id=38a82a0d-69fc-4d87-a6d1-ec924f6828ee] Adding new dynamic property: PropertyDescriptor[simple]
[pool-4322-thread-1] INFO org.apache.nifi.processors.standard.RouteText - RouteText[id=38a82a0d-69fc-4d87-a6d1-ec924f6828ee] Created FlowFile[4001,90492001101757.mockFlowFile,24B] from FlowFile[4000,90492001101757.mockFlowFile,24B]; routing to relationship simple
[pool-4322-thread-1] INFO org.apache.nifi.processors.standard.RouteText - RouteText[id=38a82a0d-69fc-4d87-a6d1-ec924f6828ee] Routing FlowFile[4000,90492001101757.mockFlowFile,24B] to original
[main] DEBUG org.apache.nifi.processors.standard.RouteText - RouteText[id=38a82a0d-69fc-4d87-a6d1-ec924f6828ee] Adding new dynamic property: PropertyDescriptor[simple]
[pool-4323-thread-1] INFO org.apache.nifi.processors.standard.RouteText - RouteText[id=38a82a0d-69fc-4d87-a6d1-ec924f6828ee] Created FlowFile[4003,90492001606579.mockFlowFile,24B] from FlowFile[4002,90492001606579.mockFlowFile,24B]; routing to relationship simple
[pool-4323-thread-1] INFO org.apache.nifi.processors.standard.RouteText - RouteText[id=38a82a0d-69fc-4d87-a6d1-ec924f6828ee] Routing FlowFile[4002,90492001606579.mockFlowFile,24B] to original
[main] DEBUG org.apache.nifi.processors.standard.RouteText - RouteText[id=38a82a0d-69fc-4d87-a6d1-ec924f6828ee] Adding new dynamic property: PropertyDescriptor[simple]
[pool-4324-thread-1] INFO org.apache.nifi.processors.standard.RouteText - RouteText[id=38a82a0d-69fc-4d87-a6d1-ec924f6828ee] Created FlowFile[4005,90492002011904.mockFlowFile,24B] from FlowFile[4004,90492002011904.mockFlowFile,24B]; routing to relationship simple
[pool-4324-thread-1] INFO org.apache.nifi.processors.standard.RouteText - RouteText[id=38a82a0d-69fc-4d87-a6d1-ec924f6828ee] Routing FlowFile[4004,90492002011904.mockFlowFile,24B] to original
[main] DEBUG org.apache.nifi.processors.standard.RouteText - RouteText[id=38a82a0d-69fc-4d87-a6d1-ec924f6828ee] Adding new dynamic property: PropertyDescriptor[simple]
[pool-4325-thread-1] INFO org.apache.nifi.processors.standard.RouteText - RouteText[id=38a82a0d-69fc-4d87-a6d1-ec924f6828ee] Created FlowFile[4007,90492002412611.mockFlowFile,24B] from FlowFile[4006,90492002412611.mockFlowFile,24B]; routing to relationship simple
[pool-4325-thread-1] INFO org.apache.nifi.processors.standard.RouteText - RouteText[id=38a82a0d-69fc-4d87-a6d1-ec924f6828ee] Routing FlowFile[4006,90492002412611.mockFlowFile,24B] to original
[main] DEBUG org.apache.nifi.processors.standard.RouteText - RouteText[id=38a82a0d-69fc-4d87-a6d1-ec924f6828ee] Adding new dynamic property: PropertyDescriptor[simple]
[pool-4326-thread-1] INFO org.apache.nifi.processors.standard.RouteText - RouteText[id=38a82a0d-69fc-4d87-a6d1-ec924f6828ee] Created FlowFile[4009,90492002796529.mockFlowFile,24B] from FlowFile[4008,90492002796529.mockFlowFile,24B]; routing to relationship simple
[pool-4326-thread-1] INFO org.apache.nifi.processors.standard.RouteText - RouteText[id=38a82a0d-69fc-4d87-a6d1-ec924f6828ee] Routing FlowFile[4008,90492002796529.mockFlowFile,24B] to original
[main] DEBUG org.apache.nifi.processors.standard.RouteText - RouteText[id=38a82a0d-69fc-4d87-a6d1-ec924f6828ee] Adding new dynamic property: PropertyDescriptor[simple]
[pool-4327-thread-1] INFO org.apache.nifi.processors.standard.RouteText - RouteText[id=38a82a0d-69fc-4d87-a6d1-ec924f6828ee] Created FlowFile[4011,90492003280658.mockFlowFile,24B] from FlowFile[4010,90492003280658.mockFlowFile,24B]; routing to relationship simple
[pool-4327-thread-1] INFO org.apache.nifi.processors.standard.RouteText - RouteText[id=38a82a0d-69fc-4d87-a6d1-ec924f6828ee] Routing FlowFile[4010,90492003280658.mockFlowFile,24B] to original
[main] DEBUG org.apache.nifi.processors.standard.RouteText - RouteText[id=38a82a0d-69fc-4d87-a6d1-ec924f6828ee] Adding new dynamic property: PropertyDescriptor[simple]
[pool-4328-thread-1] INFO org.apache.nifi.processors.standard.RouteText - RouteText[id=38a82a0d-69fc-4d87-a6d1-ec924f6828ee] Created FlowFile[4013,90492003765533.mockFlowFile,24B] from FlowFile[4012,90492003765533.mockFlowFile,24B]; routing to relationship simple
[pool-4328-thread-1] INFO org.apache.nifi.processors.standard.RouteText - RouteText[id=38a82a0d-69fc-4d87-a6d1-ec924f6828ee] Routing FlowFile[4012,90492003765533.mockFlowFile,24B] to original
[main] DEBUG org.apache.nifi.processors.standard.RouteText - RouteText[id=38a82a0d-69fc-4d87-a6d1-ec924f6828ee] Adding new dynamic property: PropertyDescriptor[simple]
[pool-4329-thread-1] INFO org.apache.nifi.processors.standard.RouteText - RouteText[id=38a82a0d-69fc-4d87-a6d1-ec924f6828ee] Created FlowFile[4015,90492004159487.mockFlowFile,24B] from FlowFile[4014,90492004159487.mockFlowFile,24B]; routing to relationship simple
[pool-4329-thread-1] INFO org.apache.nifi.processors.standard.RouteText - RouteText[id=38a82a0d-69fc-4d87-a6d1-ec924f6828ee] Routing FlowFile[4014,90492004159487.mockFlowFile,24B] to original
[main] DEBUG org.apache.nifi.processors.standard.RouteText - RouteText[id=38a82a0d-69fc-4d87-a6d1-ec924f6828ee] Adding new dynamic property: PropertyDescriptor[simple]
[pool-4330-thread-1] INFO org.apache.nifi.processors.standard.RouteText - RouteText[id=38a82a0d-69fc-4d87-a6d1-ec924f6828ee] Created FlowFile[4017,90492004681735.mockFlowFile,24B] from FlowFile[4016,90492004681735.mockFlowFile,24B]; routing to relationship simple
[pool-4330-thread-1] INFO org.apache.nifi.processors.standard.RouteText - RouteText[id=38a82a0d-69fc-4d87-a6d1-ec924f6828ee] Routing FlowFile[4016,90492004681735.mockFlowFile,24B] to original
[main] DEBUG org.apache.nifi.processors.standard.RouteText - RouteText[id=38a82a0d-69fc-4d87-a6d1-ec924f6828ee] Adding new dynamic property: PropertyDescriptor[simple]
[pool-4331-thread-1] INFO org.apache.nifi.processors.standard.RouteText - RouteText[id=38a82a0d-69fc-4d87-a6d1-ec924f6828ee] Created FlowFile[4019,90492005186991.mockFlowFile,24B] from FlowFile[4018,90492005186991.mockFlowFile,24B]; routing to relationship simple
[pool-4331-thread-1] INFO org.apache.nifi.processors.standard.RouteText - RouteText[id=38a82a0d-69fc-4d87-a6d1-ec924f6828ee] Routing FlowFile[4018,90492005186991.mockFlowFile,24B] to original
[main] DEBUG org.apache.nifi.processors.standard.RouteText - RouteText[id=38a82a0d-69fc-4d87-a6d1-ec924f6828ee] Adding new dynamic property: PropertyDescriptor[simple]
[pool-4332-thread-1] INFO org.apache.nifi.processors.standard.RouteText - RouteText[id=38a82a0d-69fc-4d87-a6d1-ec924f6828ee] Created FlowFile[4021,90492005652653.mockFlowFile,24B] from FlowFile[4020,90492005652653.mockFlowFile,24B]; routing to relationship simple
[pool-4332-thread-1] INFO org.apache.nifi.processors.standard.RouteText - RouteText[id=38a82a0d-69fc-4d87-a6d1-ec924f6828ee] Routing FlowFile[4020,90492005652653.mockFlowFile,24B] to original
[main] DEBUG org.apache.nifi.processors.standard.RouteText - RouteText[id=38a82a0d-69fc-4d87-a6d1-ec924f6828ee] Adding new dynamic property: PropertyDescriptor[simple]
[pool-4333-thread-1] INFO org.apache.nifi.processors.standard.RouteText - RouteText[id=38a82a0d-69fc-4d87-a6d1-ec924f6828ee] Created FlowFile[4023,90492006011248.mockFlowFile,24B] from FlowFile[4022,90492006011248.mockFlowFile,24B]; routing to relationship simple
[pool-4333-thread-1] INFO org.apache.nifi.processors.standard.RouteText - RouteText[id=38a82a0d-69fc-4d87-a6d1-ec924f6828ee] Routing FlowFile[4022,90492006011248.mockFlowFile,24B] to original
[main] DEBUG org.apache.nifi.processors.standard.RouteText - RouteText[id=38a82a0d-69fc-4d87-a6d1-ec924f6828ee] Adding new dynamic property: PropertyDescriptor[simple]
[pool-4334-thread-1] INFO org.apache.nifi.processors.standard.RouteText - RouteText[id=38a82a0d-69fc-4d87-a6d1-ec924f6828ee] Created FlowFile[4025,90492006356762.mockFlowFile,24B] from FlowFile[4024,90492006356762.mockFlowFile,24B]; routing to relationship simple
[pool-4334-thread-1] INFO org.apache.nifi.processors.standard.RouteText - RouteText[id=38a82a0d-69fc-4d87-a6d1-ec924f6828ee] Routing FlowFile[4024,90492006356762.mockFlowFile,24B] to original
[main] DEBUG org.apache.nifi.processors.standard.RouteText - RouteText[id=38a82a0d-69fc-4d87-a6d1-ec924f6828ee] Adding new dynamic property: PropertyDescriptor[simple]
[pool-4335-thread-1] INFO org.apache.nifi.processors.standard.RouteText - RouteText[id=38a82a0d-69fc-4d87-a6d1-ec924f6828ee] Created FlowFile[4027,90492006743179.mockFlowFile,24B] from FlowFile[4026,90492006743179.mockFlowFile,24B]; routing to relationship simple
[pool-4335-thread-1] INFO org.apache.nifi.processors.standard.RouteText - RouteText[id=38a82a0d-69fc-4d87-a6d1-ec924f6828ee] Routing FlowFile[4026,90492006743179.mockFlowFile,24B] to original
[main] DEBUG org.apache.nifi.processors.standard.RouteText - RouteText[id=38a82a0d-69fc-4d87-a6d1-ec924f6828ee] Adding new dynamic property: PropertyDescriptor[simple]
[pool-4336-thread-1] INFO org.apache.nifi.processors.standard.RouteText - RouteText[id=38a82a0d-69fc-4d87-a6d1-ec924f6828ee] Created FlowFile[4029,90492007121827.mockFlowFile,24B] from FlowFile[4028,90492007121827.mockFlowFile,24B]; routing to relationship simple
[pool-4336-thread-1] INFO org.apache.nifi.processors.standard.RouteText - RouteText[id=38a82a0d-69fc-4d87-a6d1-ec924f6828ee] Routing FlowFile[4028,90492007121827.mockFlowFile,24B] to original
[main] DEBUG org.apache.nifi.processors.standard.RouteText - RouteText[id=38a82a0d-69fc-4d87-a6d1-ec924f6828ee] Adding new dynamic property: PropertyDescriptor[simple]
[pool-4337-thread-1] INFO org.apache.nifi.processors.standard.RouteText - RouteText[id=38a82a0d-69fc-4d87-a6d1-ec924f6828ee] Created FlowFile[4031,90492007635896.mockFlowFile,24B] from FlowFile[4030,90492007635896.mockFlowFile,24B]; routing to relationship simple
[pool-4337-thread-1] INFO org.apache.nifi.processors.standard.RouteText - RouteText[id=38a82a0d-69fc-4d87-a6d1-ec924f6828ee] Routing FlowFile[4030,90492007635896.mockFlowFile,24B] to original
[main] DEBUG org.apache.nifi.processors.standard.RouteText - RouteText[id=38a82a0d-69fc-4d87-a6d1-ec924f6828ee] Adding new dynamic property: PropertyDescriptor[simple]
[pool-4338-thread-1] INFO org.apache.nifi.processors.standard.RouteText - RouteText[id=38a82a0d-69fc-4d87-a6d1-ec924f6828ee] Created FlowFile[4033,90492008068780.mockFlowFile,24B] from FlowFile[4032,90492008068780.mockFlowFile,24B]; routing to relationship simple
[pool-4338-thread-1] INFO org.apache.nifi.processors.standard.RouteText - RouteText[id=38a82a0d-69fc-4d87-a6d1-ec924f6828ee] Routing FlowFile[4032,90492008068780.mockFlowFile,24B] to original
[main] DEBUG org.apache.nifi.processors.standard.RouteText - RouteText[id=38a82a0d-69fc-4d87-a6d1-ec924f6828ee] Adding new dynamic property: PropertyDescriptor[simple]
[pool-4339-thread-1] INFO org.apache.nifi.processors.standard.RouteText - RouteText[id=38a82a0d-69fc-4d87-a6d1-ec924f6828ee] Created FlowFile[4035,90492008569230.mockFlowFile,24B] from FlowFile[4034,90492008569230.mockFlowFile,24B]; routing to relationship simple
[pool-4339-thread-1] INFO org.apache.nifi.processors.standard.RouteText - RouteText[id=38a82a0d-69fc-4d87-a6d1-ec924f6828ee] Routing FlowFile[4034,90492008569230.mockFlowFile,24B] to original
[main] DEBUG org.apache.nifi.processors.standard.RouteText - RouteText[id=38a82a0d-69fc-4d87-a6d1-ec924f6828ee] Adding new dynamic property: PropertyDescriptor[simple]
[pool-4340-thread-1] INFO org.apache.nifi.processors.standard.RouteText - RouteText[id=38a82a0d-69fc-4d87-a6d1-ec924f6828ee] Created FlowFile[4037,90492009022430.mockFlowFile,24B] from FlowFile[4036,90492009022430.mockFlowFile,24B]; routing to relationship simple
[pool-4340-thread-1] INFO org.apache.nifi.processors.standard.RouteText - RouteText[id=38a82a0d-69fc-4d87-a6d1-ec924f6828ee] Routing FlowFile[4036,90492009022430.mockFlowFile,24B] to original
[main] DEBUG org.apache.nifi.processors.standard.RouteText - RouteText[id=38a82a0d-69fc-4d87-a6d1-ec924f6828ee] Adding new dynamic property: PropertyDescriptor[simple]
[pool-4341-thread-1] INFO org.apache.nifi.processors.standard.RouteText - RouteText[id=38a82a0d-69fc-4d87-a6d1-ec924f6828ee] Created FlowFile[4039,90492009460164.mockFlowFile,24B] from FlowFile[4038,90492009460164.mockFlowFile,24B]; routing to relationship simple
[pool-4341-thread-1] INFO org.apache.nifi.processors.standard.RouteText - RouteText[id=38a82a0d-69fc-4d87-a6d1-ec924f6828ee] Routing FlowFile[4038,90492009460164.mockFlowFile,24B] to original
[main] DEBUG org.apache.nifi.processors.standard.RouteText - RouteText[id=38a82a0d-69fc-4d87-a6d1-ec924f6828ee] Adding new dynamic property: PropertyDescriptor[simple]
[pool-4342-thread-1] INFO org.apache.nifi.processors.standard.RouteText - RouteText[id=38a82a0d-69fc-4d87-a6d1-ec924f6828ee] Created FlowFile[4041,90492009837661.mockFlowFile,24B] from FlowFile[4040,90492009837661.mockFlowFile,24B]; routing to relationship simple
[pool-4342-thread-1] INFO org.apache.nifi.processors.standard.RouteText - RouteText[id=38a82a0d-69fc-4d87-a6d1-ec924f6828ee] Routing FlowFile[4040,90492009837661.mockFlowFile,24B] to original
[main] DEBUG org.apache.nifi.processors.standard.RouteText - RouteText[id=38a82a0d-69fc-4d87-a6d1-ec924f6828ee] Adding new dynamic property: PropertyDescriptor[simple]
[pool-4343-thread-1] INFO org.apache.nifi.processors.standard.RouteText - RouteText[id=38a82a0d-69fc-4d87-a6d1-ec924f6828ee] Created FlowFile[4043,90492010195233.mockFlowFile,24B] from FlowFile[4042,90492010195233.mockFlowFile,24B]; routing to relationship simple
[pool-4343-thread-1] INFO org.apache.nifi.processors.standard.RouteText - RouteText[id=38a82a0d-69fc-4d87-a6d1-ec924f6828ee] Routing FlowFile[4042,90492010195233.mockFlowFile,24B] to original
[main] DEBUG org.apache.nifi.processors.standard.RouteText - RouteText[id=38a82a0d-69fc-4d87-a6d1-ec924f6828ee] Adding new dynamic property: PropertyDescriptor[simple]
[pool-4344-thread-1] INFO org.apache.nifi.processors.standard.RouteText - RouteText[id=38a82a0d-69fc-4d87-a6d1-ec924f6828ee] Created FlowFile[4045,90492010545406.mockFlowFile,24B] from FlowFile[4044,90492010545406.mockFlowFile,24B]; routing to relationship simple
[pool-4344-thread-1] INFO org.apache.nifi.processors.standard.RouteText - RouteText[id=38a82a0d-69fc-4d87-a6d1-ec924f6828ee] Routing FlowFile[4044,90492010545406.mockFlowFile,24B] to original
[main] DEBUG org.apache.nifi.processors.standard.RouteText - RouteText[id=38a82a0d-69fc-4d87-a6d1-ec924f6828ee] Adding new dynamic property: PropertyDescriptor[simple]
[pool-4345-thread-1] INFO org.apache.nifi.processors.standard.RouteText - RouteText[id=38a82a0d-69fc-4d87-a6d1-ec924f6828ee] Created FlowFile[4047,90492010907818.mockFlowFile,24B] from FlowFile[4046,90492010907818.mockFlowFile,24B]; routing to relationship simple
[pool-4345-thread-1] INFO org.apache.nifi.processors.standard.RouteText - RouteText[id=38a82a0d-69fc-4d87-a6d1-ec924f6828ee] Routing FlowFile[4046,90492010907818.mockFlowFile,24B] to original
[main] DEBUG org.apache.nifi.processors.standard.RouteText - RouteText[id=38a82a0d-69fc-4d87-a6d1-ec924f6828ee] Adding new dynamic property: PropertyDescriptor[simple]
[pool-4346-thread-1] INFO org.apache.nifi.processors.standard.RouteText - RouteText[id=38a82a0d-69fc-4d87-a6d1-ec924f6828ee] Created FlowFile[4049,90492011370847.mockFlowFile,24B] from FlowFile[4048,90492011370847.mockFlowFile,24B]; routing to relationship simple
[pool-4346-thread-1] INFO org.apache.nifi.processors.standard.RouteText - RouteText[id=38a82a0d-69fc-4d87-a6d1-ec924f6828ee] Routing FlowFile[4048,90492011370847.mockFlowFile,24B] to original
[main] DEBUG org.apache.nifi.processors.standard.RouteText - RouteText[id=38a82a0d-69fc-4d87-a6d1-ec924f6828ee] Adding new dynamic property: PropertyDescriptor[simple]
[pool-4347-thread-1] INFO org.apache.nifi.processors.standard.RouteText - RouteText[id=38a82a0d-69fc-4d87-a6d1-ec924f6828ee] Created FlowFile[4051,90492011784623.mockFlowFile,24B] from FlowFile[4050,90492011784623.mockFlowFile,24B]; routing to relationship simple
[pool-4347-thread-1] INFO org.apache.nifi.processors.standard.RouteText - RouteText[id=38a82a0d-69fc-4d87-a6d1-ec924f6828ee] Routing FlowFile[4050,90492011784623.mockFlowFile,24B] to original
[main] DEBUG org.apache.nifi.processors.standard.RouteText - RouteText[id=38a82a0d-69fc-4d87-a6d1-ec924f6828ee] Adding new dynamic property: PropertyDescriptor[simple]
[pool-4348-thread-1] INFO org.apache.nifi.processors.standard.RouteText - RouteText[id=38a82a0d-69fc-4d87-a6d1-ec924f6828ee] Created FlowFile[4053,90492012354052.mockFlowFile,24B] from FlowFile[4052,90492012354052.mockFlowFile,24B]; routing to relationship simple
[pool-4348-thread-1] INFO org.apache.nifi.processors.standard.RouteText - RouteText[id=38a82a0d-69fc-4d87-a6d1-ec924f6828ee] Routing FlowFile[4052,90492012354052.mockFlowFile,24B] to original
[main] DEBUG org.apache.nifi.processors.standard.RouteText - RouteText[id=38a82a0d-69fc-4d87-a6d1-ec924f6828ee] Adding new dynamic property: PropertyDescriptor[simple]
[pool-4349-thread-1] INFO org.apache.nifi.processors.standard.RouteText - RouteText[id=38a82a0d-69fc-4d87-a6d1-ec924f6828ee] Created FlowFile[4055,90492012852523.mockFlowFile,24B] from FlowFile[4054,90492012852523.mockFlowFile,24B]; routing to relationship simple
[pool-4349-thread-1] INFO org.apache.nifi.processors.standard.RouteText - RouteText[id=38a82a0d-69fc-4d87-a6d1-ec924f6828ee] Routing FlowFile[4054,90492012852523.mockFlowFile,24B] to original
[main] DEBUG org.apache.nifi.processors.standard.RouteText - RouteText[id=38a82a0d-69fc-4d87-a6d1-ec924f6828ee] Adding new dynamic property: PropertyDescriptor[simple]
[pool-4350-thread-1] INFO org.apache.nifi.processors.standard.RouteText - RouteText[id=38a82a0d-69fc-4d87-a6d1-ec924f6828ee] Created FlowFile[4057,90492013214705.mockFlowFile,24B] from FlowFile[4056,90492013214705.mockFlowFile,24B]; routing to relationship simple
[pool-4350-thread-1] INFO org.apache.nifi.processors.standard.RouteText - RouteText[id=38a82a0d-69fc-4d87-a6d1-ec924f6828ee] Routing FlowFile[4056,90492013214705.mockFlowFile,24B] to original
[main] DEBUG org.apache.nifi.processors.standard.RouteText - RouteText[id=38a82a0d-69fc-4d87-a6d1-ec924f6828ee] Adding new dynamic property: PropertyDescriptor[simple]
[pool-4351-thread-1] INFO org.apache.nifi.processors.standard.RouteText - RouteText[id=38a82a0d-69fc-4d87-a6d1-ec924f6828ee] Created FlowFile[4059,90492013662006.mockFlowFile,24B] from FlowFile[4058,90492013662006.mockFlowFile,24B]; routing to relationship simple
[pool-4351-thread-1] INFO org.apache.nifi.processors.standard.RouteText - RouteText[id=38a82a0d-69fc-4d87-a6d1-ec924f6828ee] Routing FlowFile[4058,90492013662006.mockFlowFile,24B] to original
[main] DEBUG org.apache.nifi.processors.standard.RouteText - RouteText[id=38a82a0d-69fc-4d87-a6d1-ec924f6828ee] Adding new dynamic property: PropertyDescriptor[simple]
[pool-4352-thread-1] INFO org.apache.nifi.processors.standard.RouteText - RouteText[id=38a82a0d-69fc-4d87-a6d1-ec924f6828ee] Created FlowFile[4061,90492014064383.mockFlowFile,24B] from FlowFile[4060,90492014064383.mockFlowFile,24B]; routing to relationship simple
[pool-4352-thread-1] INFO org.apache.nifi.processors.standard.RouteText - RouteText[id=38a82a0d-69fc-4d87-a6d1-ec924f6828ee] Routing FlowFile[4060,90492014064383.mockFlowFile,24B] to original
[main] DEBUG org.apache.nifi.processors.standard.RouteText - RouteText[id=38a82a0d-69fc-4d87-a6d1-ec924f6828ee] Adding new dynamic property: PropertyDescriptor[simple]
[pool-4353-thread-1] INFO org.apache.nifi.processors.standard.RouteText - RouteText[id=38a82a0d-69fc-4d87-a6d1-ec924f6828ee] Created FlowFile[4063,90492014418779.mockFlowFile,24B] from FlowFile[4062,90492014418779.mockFlowFile,24B]; routing to relationship simple
[pool-4353-thread-1] INFO org.apache.nifi.processors.standard.RouteText - RouteText[id=38a82a0d-69fc-4d87-a6d1-ec924f6828ee] Routing FlowFile[4062,90492014418779.mockFlowFile,24B] to original
[main] DEBUG org.apache.nifi.processors.standard.RouteText - RouteText[id=38a82a0d-69fc-4d87-a6d1-ec924f6828ee] Adding new dynamic property: PropertyDescriptor[simple]
[pool-4354-thread-1] INFO org.apache.nifi.processors.standard.RouteText - RouteText[id=38a82a0d-69fc-4d87-a6d1-ec924f6828ee] Created FlowFile[4065,90492050994082.mockFlowFile,24B] from FlowFile[4064,90492050994082.mockFlowFile,24B]; routing to relationship simple
[pool-4354-thread-1] INFO org.apache.nifi.processors.standard.RouteText - RouteText[id=38a82a0d-69fc-4d87-a6d1-ec924f6828ee] Routing FlowFile[4064,90492050994082.mockFlowFile,24B] to original
[main] DEBUG org.apache.nifi.processors.standard.RouteText - RouteText[id=38a82a0d-69fc-4d87-a6d1-ec924f6828ee] Adding new dynamic property: PropertyDescriptor[simple]
[pool-4355-thread-1] INFO org.apache.nifi.processors.standard.RouteText - RouteText[id=38a82a0d-69fc-4d87-a6d1-ec924f6828ee] Created FlowFile[4067,90492051586952.mockFlowFile,24B] from FlowFile[4066,90492051586952.mockFlowFile,24B]; routing to relationship simple
[pool-4355-thread-1] INFO org.apache.nifi.processors.standard.RouteText - RouteText[id=38a82a0d-69fc-4d87-a6d1-ec924f6828ee] Routing FlowFile[4066,90492051586952.mockFlowFile,24B] to original
[main] DEBUG org.apache.nifi.processors.standard.RouteText - RouteText[id=38a82a0d-69fc-4d87-a6d1-ec924f6828ee] Adding new dynamic property: PropertyDescriptor[simple]
[pool-4356-thread-1] INFO org.apache.nifi.processors.standard.RouteText - RouteText[id=38a82a0d-69fc-4d87-a6d1-ec924f6828ee] Created FlowFile[4069,90492051975660.mockFlowFile,24B] from FlowFile[4068,90492051975660.mockFlowFile,24B]; routing to relationship simple
[pool-4356-thread-1] INFO org.apache.nifi.processors.standard.RouteText - RouteText[id=38a82a0d-69fc-4d87-a6d1-ec924f6828ee] Routing FlowFile[4068,90492051975660.mockFlowFile,24B] to original
[main] DEBUG org.apache.nifi.processors.standard.RouteText - RouteText[id=38a82a0d-69fc-4d87-a6d1-ec924f6828ee] Adding new dynamic property: PropertyDescriptor[simple]
[pool-4357-thread-1] INFO org.apache.nifi.processors.standard.RouteText - RouteText[id=38a82a0d-69fc-4d87-a6d1-ec924f6828ee] Created FlowFile[4071,90492052512599.mockFlowFile,24B] from FlowFile[4070,90492052512599.mockFlowFile,24B]; routing to relationship simple
[pool-4357-thread-1] INFO org.apache.nifi.processors.standard.RouteText - RouteText[id=38a82a0d-69fc-4d87-a6d1-ec924f6828ee] Routing FlowFile[4070,90492052512599.mockFlowFile,24B] to original
[main] DEBUG org.apache.nifi.processors.standard.RouteText - RouteText[id=38a82a0d-69fc-4d87-a6d1-ec924f6828ee] Adding new dynamic property: PropertyDescriptor[simple]
[pool-4358-thread-1] INFO org.apache.nifi.processors.standard.RouteText - RouteText[id=38a82a0d-69fc-4d87-a6d1-ec924f6828ee] Created FlowFile[4073,90492053063936.mockFlowFile,24B] from FlowFile[4072,90492053063936.mockFlowFile,24B]; routing to relationship simple
[pool-4358-thread-1] INFO org.apache.nifi.processors.standard.RouteText - RouteText[id=38a82a0d-69fc-4d87-a6d1-ec924f6828ee] Routing FlowFile[4072,90492053063936.mockFlowFile,24B] to original
[main] DEBUG org.apache.nifi.processors.standard.RouteText - RouteText[id=38a82a0d-69fc-4d87-a6d1-ec924f6828ee] Adding new dynamic property: PropertyDescriptor[simple]
[pool-4359-thread-1] INFO org.apache.nifi.processors.standard.RouteText - RouteText[id=38a82a0d-69fc-4d87-a6d1-ec924f6828ee] Created FlowFile[4075,90492053599549.mockFlowFile,24B] from FlowFile[4074,90492053599549.mockFlowFile,24B]; routing to relationship simple
[pool-4359-thread-1] INFO org.apache.nifi.processors.standard.RouteText - RouteText[id=38a82a0d-69fc-4d87-a6d1-ec924f6828ee] Routing FlowFile[4074,90492053599549.mockFlowFile,24B] to original
[main] DEBUG org.apache.nifi.processors.standard.RouteText - RouteText[id=38a82a0d-69fc-4d87-a6d1-ec924f6828ee] Adding new dynamic property: PropertyDescriptor[simple]
[pool-4360-thread-1] INFO org.apache.nifi.processors.standard.RouteText - RouteText[id=38a82a0d-69fc-4d87-a6d1-ec924f6828ee] Created FlowFile[4077,90492054144378.mockFlowFile,24B] from FlowFile[4076,90492054144378.mockFlowFile,24B]; routing to relationship simple
[pool-4360-thread-1] INFO org.apache.nifi.processors.standard.RouteText - RouteText[id=38a82a0d-69fc-4d87-a6d1-ec924f6828ee] Routing FlowFile[4076,90492054144378.mockFlowFile,24B] to original
[main] DEBUG org.apache.nifi.processors.standard.RouteText - RouteText[id=38a82a0d-69fc-4d87-a6d1-ec924f6828ee] Adding new dynamic property: PropertyDescriptor[simple]
[pool-4361-thread-1] INFO org.apache.nifi.processors.standard.RouteText - RouteText[id=38a82a0d-69fc-4d87-a6d1-ec924f6828ee] Created FlowFile[4079,90492054610638.mockFlowFile,24B] from FlowFile[4078,90492054610638.mockFlowFile,24B]; routing to relationship simple
[pool-4361-thread-1] INFO org.apache.nifi.processors.standard.RouteText - RouteText[id=38a82a0d-69fc-4d87-a6d1-ec924f6828ee] Routing FlowFile[4078,90492054610638.mockFlowFile,24B] to original
[main] DEBUG org.apache.nifi.processors.standard.RouteText - RouteText[id=38a82a0d-69fc-4d87-a6d1-ec924f6828ee] Adding new dynamic property: PropertyDescriptor[simple]
[pool-4362-thread-1] INFO org.apache.nifi.processors.standard.RouteText - RouteText[id=38a82a0d-69fc-4d87-a6d1-ec924f6828ee] Created FlowFile[4081,90492055004046.mockFlowFile,24B] from FlowFile[4080,90492055004046.mockFlowFile,24B]; routing to relationship simple
[pool-4362-thread-1] INFO org.apache.nifi.processors.standard.RouteText - RouteText[id=38a82a0d-69fc-4d87-a6d1-ec924f6828ee] Routing FlowFile[4080,90492055004046.mockFlowFile,24B] to original
[main] DEBUG org.apache.nifi.processors.standard.RouteText - RouteText[id=38a82a0d-69fc-4d87-a6d1-ec924f6828ee] Adding new dynamic property: PropertyDescriptor[simple]
[pool-4363-thread-1] INFO org.apache.nifi.processors.standard.RouteText - RouteText[id=38a82a0d-69fc-4d87-a6d1-ec924f6828ee] Created FlowFile[4083,90492055562235.mockFlowFile,24B] from FlowFile[4082,90492055562235.mockFlowFile,24B]; routing to relationship simple
[pool-4363-thread-1] INFO org.apache.nifi.processors.standard.RouteText - RouteText[id=38a82a0d-69fc-4d87-a6d1-ec924f6828ee] Routing FlowFile[4082,90492055562235.mockFlowFile,24B] to original
[main] DEBUG org.apache.nifi.processors.standard.RouteText - RouteText[id=38a82a0d-69fc-4d87-a6d1-ec924f6828ee] Adding new dynamic property: PropertyDescriptor[simple]
[pool-4364-thread-1] INFO org.apache.nifi.processors.standard.RouteText - RouteText[id=38a82a0d-69fc-4d87-a6d1-ec924f6828ee] Created FlowFile[4085,90492056058828.mockFlowFile,24B] from FlowFile[4084,90492056058828.mockFlowFile,24B]; routing to relationship simple
[pool-4364-thread-1] INFO org.apache.nifi.processors.standard.RouteText - RouteText[id=38a82a0d-69fc-4d87-a6d1-ec924f6828ee] Routing FlowFile[4084,90492056058828.mockFlowFile,24B] to original
[main] DEBUG org.apache.nifi.processors.standard.RouteText - RouteText[id=38a82a0d-69fc-4d87-a6d1-ec924f6828ee] Adding new dynamic property: PropertyDescriptor[simple]
[pool-4365-thread-1] INFO org.apache.nifi.processors.standard.RouteText - RouteText[id=38a82a0d-69fc-4d87-a6d1-ec924f6828ee] Created FlowFile[4087,90492056455190.mockFlowFile,24B] from FlowFile[4086,90492056455190.mockFlowFile,24B]; routing to relationship simple
[pool-4365-thread-1] INFO org.apache.nifi.processors.standard.RouteText - RouteText[id=38a82a0d-69fc-4d87-a6d1-ec924f6828ee] Routing FlowFile[4086,90492056455190.mockFlowFile,24B] to original
[main] DEBUG org.apache.nifi.processors.standard.RouteText - RouteText[id=38a82a0d-69fc-4d87-a6d1-ec924f6828ee] Adding new dynamic property: PropertyDescriptor[simple]
[pool-4366-thread-1] INFO org.apache.nifi.processors.standard.RouteText - RouteText[id=38a82a0d-69fc-4d87-a6d1-ec924f6828ee] Created FlowFile[4089,90492056830289.mockFlowFile,24B] from FlowFile[4088,90492056830289.mockFlowFile,24B]; routing to relationship simple
[pool-4366-thread-1] INFO org.apache.nifi.processors.standard.RouteText - RouteText[id=38a82a0d-69fc-4d87-a6d1-ec924f6828ee] Routing FlowFile[4088,90492056830289.mockFlowFile,24B] to original
[main] DEBUG org.apache.nifi.processors.standard.RouteText - RouteText[id=38a82a0d-69fc-4d87-a6d1-ec924f6828ee] Adding new dynamic property: PropertyDescriptor[simple]
[pool-4367-thread-1] INFO org.apache.nifi.processors.standard.RouteText - RouteText[id=38a82a0d-69fc-4d87-a6d1-ec924f6828ee] Created FlowFile[4091,90492057232720.mockFlowFile,24B] from FlowFile[4090,90492057232720.mockFlowFile,24B]; routing to relationship simple
[pool-4367-thread-1] INFO org.apache.nifi.processors.standard.RouteText - RouteText[id=38a82a0d-69fc-4d87-a6d1-ec924f6828ee] Routing FlowFile[4090,90492057232720.mockFlowFile,24B] to original
[main] DEBUG org.apache.nifi.processors.standard.RouteText - RouteText[id=38a82a0d-69fc-4d87-a6d1-ec924f6828ee] Adding new dynamic property: PropertyDescriptor[simple]
[pool-4368-thread-1] INFO org.apache.nifi.processors.standard.RouteText - RouteText[id=38a82a0d-69fc-4d87-a6d1-ec924f6828ee] Created FlowFile[4093,90492057692890.mockFlowFile,24B] from FlowFile[4092,90492057692890.mockFlowFile,24B]; routing to relationship simple
[pool-4368-thread-1] INFO org.apache.nifi.processors.standard.RouteText - RouteText[id=38a82a0d-69fc-4d87-a6d1-ec924f6828ee] Routing FlowFile[4092,90492057692890.mockFlowFile,24B] to original
[main] DEBUG org.apache.nifi.processors.standard.RouteText - RouteText[id=38a82a0d-69fc-4d87-a6d1-ec924f6828ee] Adding new dynamic property: PropertyDescriptor[simple]
[pool-4369-thread-1] INFO org.apache.nifi.processors.standard.RouteText - RouteText[id=38a82a0d-69fc-4d87-a6d1-ec924f6828ee] Created FlowFile[4095,90492058149540.mockFlowFile,24B] from FlowFile[4094,90492058149540.mockFlowFile,24B]; routing to relationship simple
[pool-4369-thread-1] INFO org.apache.nifi.processors.standard.RouteText - RouteText[id=38a82a0d-69fc-4d87-a6d1-ec924f6828ee] Routing FlowFile[4094,90492058149540.mockFlowFile,24B] to original
[main] DEBUG org.apache.nifi.processors.standard.RouteText - RouteText[id=38a82a0d-69fc-4d87-a6d1-ec924f6828ee] Adding new dynamic property: PropertyDescriptor[simple]
[pool-4370-thread-1] INFO org.apache.nifi.processors.standard.RouteText - RouteText[id=38a82a0d-69fc-4d87-a6d1-ec924f6828ee] Created FlowFile[4097,90492058600807.mockFlowFile,24B] from FlowFile[4096,90492058600807.mockFlowFile,24B]; routing to relationship simple
[pool-4370-thread-1] INFO org.apache.nifi.processors.standard.RouteText - RouteText[id=38a82a0d-69fc-4d87-a6d1-ec924f6828ee] Routing FlowFile[4096,90492058600807.mockFlowFile,24B] to original
[main] DEBUG org.apache.nifi.processors.standard.RouteText - RouteText[id=38a82a0d-69fc-4d87-a6d1-ec924f6828ee] Adding new dynamic property: PropertyDescriptor[simple]
[pool-4371-thread-1] INFO org.apache.nifi.processors.standard.RouteText - RouteText[id=38a82a0d-69fc-4d87-a6d1-ec924f6828ee] Created FlowFile[4099,90492059005182.mockFlowFile,24B] from FlowFile[4098,90492059005182.mockFlowFile,24B]; routing to relationship simple
[pool-4371-thread-1] INFO org.apache.nifi.processors.standard.RouteText - RouteText[id=38a82a0d-69fc-4d87-a6d1-ec924f6828ee] Routing FlowFile[4098,90492059005182.mockFlowFile,24B] to original
]]></system-err>
  </testcase>
  <testcase name="testSimpleDefaultMatchRegularExpression" classname="org.apache.nifi.processors.standard.TestRouteText" time="0.001">
    <system-err><![CDATA[[main] DEBUG org.apache.nifi.processors.standard.RouteText - RouteText[id=5209b880-e2b5-4bd4-9849-503d9b9855b6] Adding new dynamic property: PropertyDescriptor[simple]
[pool-4372-thread-1] INFO org.apache.nifi.processors.standard.RouteText - RouteText[id=5209b880-e2b5-4bd4-9849-503d9b9855b6] Created FlowFile[1,90492061605953.mockFlowFile,17B] from FlowFile[0,90492061605953.mockFlowFile,26B]; routing to relationship simple
[pool-4372-thread-1] INFO org.apache.nifi.processors.standard.RouteText - RouteText[id=5209b880-e2b5-4bd4-9849-503d9b9855b6] Created FlowFile[2,90492061605953.mockFlowFile,9B] from FlowFile[0,90492061605953.mockFlowFile,26B]; routing to relationship unmatched
[pool-4372-thread-1] INFO org.apache.nifi.processors.standard.RouteText - RouteText[id=5209b880-e2b5-4bd4-9849-503d9b9855b6] Routing FlowFile[0,90492061605953.mockFlowFile,26B] to original
]]></system-err>
  </testcase>
  <testcase name="testRouteOnPropertiesStartsWindowsNewLine" classname="org.apache.nifi.processors.standard.TestRouteText" time="0.001">
    <system-err><![CDATA[[main] DEBUG org.apache.nifi.processors.standard.RouteText - RouteText[id=b6d814a2-0272-4092-a67b-d8c8c47c1d1b] Adding new dynamic property: PropertyDescriptor[simple]
[pool-4373-thread-1] INFO org.apache.nifi.processors.standard.RouteText - RouteText[id=b6d814a2-0272-4092-a67b-d8c8c47c1d1b] Created FlowFile[1,90492062573185.mockFlowFile,18B] from FlowFile[0,90492062573185.mockFlowFile,27B]; routing to relationship simple
[pool-4373-thread-1] INFO org.apache.nifi.processors.standard.RouteText - RouteText[id=b6d814a2-0272-4092-a67b-d8c8c47c1d1b] Created FlowFile[2,90492062573185.mockFlowFile,9B] from FlowFile[0,90492062573185.mockFlowFile,27B]; routing to relationship unmatched
[pool-4373-thread-1] INFO org.apache.nifi.processors.standard.RouteText - RouteText[id=b6d814a2-0272-4092-a67b-d8c8c47c1d1b] Routing FlowFile[0,90492062573185.mockFlowFile,27B] to original
]]></system-err>
  </testcase>
  <testcase name="testSimpleAllEquals" classname="org.apache.nifi.processors.standard.TestRouteText" time="0">
    <system-err><![CDATA[[main] DEBUG org.apache.nifi.processors.standard.RouteText - RouteText[id=96358e29-ed88-45ca-9030-a75cc8f38db8] Adding new dynamic property: PropertyDescriptor[second]
[main] DEBUG org.apache.nifi.processors.standard.RouteText - RouteText[id=96358e29-ed88-45ca-9030-a75cc8f38db8] Adding new dynamic property: PropertyDescriptor[simple]
[pool-4374-thread-1] INFO org.apache.nifi.processors.standard.RouteText - RouteText[id=96358e29-ed88-45ca-9030-a75cc8f38db8] Created FlowFile[2,90492063196671.mockFlowFile,9B] from FlowFile[0,90492063196671.mockFlowFile,26B]; routing to relationship unmatched
[pool-4374-thread-1] INFO org.apache.nifi.processors.standard.RouteText - RouteText[id=96358e29-ed88-45ca-9030-a75cc8f38db8] Created FlowFile[1,90492063196671.mockFlowFile,17B] from FlowFile[0,90492063196671.mockFlowFile,26B]; routing to relationship matched
[pool-4374-thread-1] INFO org.apache.nifi.processors.standard.RouteText - RouteText[id=96358e29-ed88-45ca-9030-a75cc8f38db8] Routing FlowFile[0,90492063196671.mockFlowFile,26B] to original
]]></system-err>
  </testcase>
  <testcase name="testInvalidRegex" classname="org.apache.nifi.processors.standard.TestRouteText" time="0.001"/>
  <testcase name="testSimpleAllContainRegularExpression" classname="org.apache.nifi.processors.standard.TestRouteText" time="0">
    <system-err><![CDATA[[main] DEBUG org.apache.nifi.processors.standard.RouteText - RouteText[id=df8eae04-4e1f-4b79-9c12-4f7c65bbaa15] Adding new dynamic property: PropertyDescriptor[second]
[main] DEBUG org.apache.nifi.processors.standard.RouteText - RouteText[id=df8eae04-4e1f-4b79-9c12-4f7c65bbaa15] Adding new dynamic property: PropertyDescriptor[simple]
[pool-4375-thread-1] INFO org.apache.nifi.processors.standard.RouteText - RouteText[id=df8eae04-4e1f-4b79-9c12-4f7c65bbaa15] Created FlowFile[2,90492064123629.mockFlowFile,9B] from FlowFile[0,90492064123629.mockFlowFile,26B]; routing to relationship unmatched
[pool-4375-thread-1] INFO org.apache.nifi.processors.standard.RouteText - RouteText[id=df8eae04-4e1f-4b79-9c12-4f7c65bbaa15] Created FlowFile[1,90492064123629.mockFlowFile,17B] from FlowFile[0,90492064123629.mockFlowFile,26B]; routing to relationship matched
[pool-4375-thread-1] INFO org.apache.nifi.processors.standard.RouteText - RouteText[id=df8eae04-4e1f-4b79-9c12-4f7c65bbaa15] Routing FlowFile[0,90492064123629.mockFlowFile,26B] to original
]]></system-err>
  </testcase>
  <testcase name="testSimpleDefaultContains" classname="org.apache.nifi.processors.standard.TestRouteText" time="0">
    <system-err><![CDATA[[main] DEBUG org.apache.nifi.processors.standard.RouteText - RouteText[id=d3820467-0531-4709-a859-6951e58ccfe7] Adding new dynamic property: PropertyDescriptor[simple]
[pool-4376-thread-1] INFO org.apache.nifi.processors.standard.RouteText - RouteText[id=d3820467-0531-4709-a859-6951e58ccfe7] Created FlowFile[1,90492064630268.mockFlowFile,17B] from FlowFile[0,90492064630268.mockFlowFile,26B]; routing to relationship simple
[pool-4376-thread-1] INFO org.apache.nifi.processors.standard.RouteText - RouteText[id=d3820467-0531-4709-a859-6951e58ccfe7] Created FlowFile[2,90492064630268.mockFlowFile,9B] from FlowFile[0,90492064630268.mockFlowFile,26B]; routing to relationship unmatched
[pool-4376-thread-1] INFO org.apache.nifi.processors.standard.RouteText - RouteText[id=d3820467-0531-4709-a859-6951e58ccfe7] Routing FlowFile[0,90492064630268.mockFlowFile,26B] to original
]]></system-err>
  </testcase>
  <testcase name="testNotText" classname="org.apache.nifi.processors.standard.TestRouteText" time="0.015">
    <system-err><![CDATA[[main] DEBUG org.apache.nifi.processors.standard.RouteText - RouteText[id=fee474fa-7bad-4e3a-a4e0-1c1142d0c93b] Adding new dynamic property: PropertyDescriptor[simple]
[pool-4377-thread-1] INFO org.apache.nifi.processors.standard.RouteText - RouteText[id=fee474fa-7bad-4e3a-a4e0-1c1142d0c93b] Created FlowFile[1,simple.jpg,42919B] from FlowFile[0,simple.jpg,25248B]; routing to relationship unmatched
[pool-4377-thread-1] INFO org.apache.nifi.processors.standard.RouteText - RouteText[id=fee474fa-7bad-4e3a-a4e0-1c1142d0c93b] Routing FlowFile[0,simple.jpg,25248B] to original
]]></system-err>
  </testcase>
  <testcase name="testSimpleAllStarts" classname="org.apache.nifi.processors.standard.TestRouteText" time="0">
    <system-err><![CDATA[[main] DEBUG org.apache.nifi.processors.standard.RouteText - RouteText[id=639b3a92-eb44-4708-ad44-9c4ffb85a81b] Adding new dynamic property: PropertyDescriptor[second]
[main] DEBUG org.apache.nifi.processors.standard.RouteText - RouteText[id=639b3a92-eb44-4708-ad44-9c4ffb85a81b] Adding new dynamic property: PropertyDescriptor[simple]
[pool-4378-thread-1] INFO org.apache.nifi.processors.standard.RouteText - RouteText[id=639b3a92-eb44-4708-ad44-9c4ffb85a81b] Created FlowFile[2,90492080182529.mockFlowFile,9B] from FlowFile[0,90492080182529.mockFlowFile,26B]; routing to relationship unmatched
[pool-4378-thread-1] INFO org.apache.nifi.processors.standard.RouteText - RouteText[id=639b3a92-eb44-4708-ad44-9c4ffb85a81b] Created FlowFile[1,90492080182529.mockFlowFile,17B] from FlowFile[0,90492080182529.mockFlowFile,26B]; routing to relationship matched
[pool-4378-thread-1] INFO org.apache.nifi.processors.standard.RouteText - RouteText[id=639b3a92-eb44-4708-ad44-9c4ffb85a81b] Routing FlowFile[0,90492080182529.mockFlowFile,26B] to original
]]></system-err>
  </testcase>
  <testcase name="testRouteOnPropertiesStartsJustCarriageReturn" classname="org.apache.nifi.processors.standard.TestRouteText" time="0.001">
    <system-err><![CDATA[[main] DEBUG org.apache.nifi.processors.standard.RouteText - RouteText[id=976b1ba7-8676-4453-9354-c44d9077efff] Adding new dynamic property: PropertyDescriptor[simple]
[pool-4379-thread-1] INFO org.apache.nifi.processors.standard.RouteText - RouteText[id=976b1ba7-8676-4453-9354-c44d9077efff] Created FlowFile[1,90492080850055.mockFlowFile,17B] from FlowFile[0,90492080850055.mockFlowFile,26B]; routing to relationship simple
[pool-4379-thread-1] INFO org.apache.nifi.processors.standard.RouteText - RouteText[id=976b1ba7-8676-4453-9354-c44d9077efff] Created FlowFile[2,90492080850055.mockFlowFile,9B] from FlowFile[0,90492080850055.mockFlowFile,26B]; routing to relationship unmatched
[pool-4379-thread-1] INFO org.apache.nifi.processors.standard.RouteText - RouteText[id=976b1ba7-8676-4453-9354-c44d9077efff] Routing FlowFile[0,90492080850055.mockFlowFile,26B] to original
]]></system-err>
  </testcase>
  <testcase name="testSimpleAnyMatchRegularExpression" classname="org.apache.nifi.processors.standard.TestRouteText" time="0">
    <system-err><![CDATA[[main] DEBUG org.apache.nifi.processors.standard.RouteText - RouteText[id=ab6de2b2-e70c-48c8-bb8e-b97abeec5cb6] Adding new dynamic property: PropertyDescriptor[simple]
[main] DEBUG org.apache.nifi.processors.standard.RouteText - RouteText[id=ab6de2b2-e70c-48c8-bb8e-b97abeec5cb6] Adding new dynamic property: PropertyDescriptor[no]
[pool-4380-thread-1] INFO org.apache.nifi.processors.standard.RouteText - RouteText[id=ab6de2b2-e70c-48c8-bb8e-b97abeec5cb6] Created FlowFile[2,90492081457186.mockFlowFile,9B] from FlowFile[0,90492081457186.mockFlowFile,26B]; routing to relationship unmatched
[pool-4380-thread-1] INFO org.apache.nifi.processors.standard.RouteText - RouteText[id=ab6de2b2-e70c-48c8-bb8e-b97abeec5cb6] Created FlowFile[1,90492081457186.mockFlowFile,17B] from FlowFile[0,90492081457186.mockFlowFile,26B]; routing to relationship matched
[pool-4380-thread-1] INFO org.apache.nifi.processors.standard.RouteText - RouteText[id=ab6de2b2-e70c-48c8-bb8e-b97abeec5cb6] Routing FlowFile[0,90492081457186.mockFlowFile,26B] to original
]]></system-err>
  </testcase>
</testsuite>