<?xml version="1.0" encoding="UTF-8"?>
<testsuite xmlns:xsi="http://www.w3.org/2001/XMLSchema-instance" xsi:noNamespaceSchemaLocation="https://maven.apache.org/surefire/maven-surefire-plugin/xsd/surefire-test-report-3.0.xsd" version="3.0" name="org.apache.nifi.processors.standard.TestExecuteSQLRecord" time="7.411" tests="18" errors="0" skipped="0" failures="0">
  <properties>
    <property name="sun.desktop" value="gnome"/>
    <property name="awt.toolkit" value="sun.awt.X11.XToolkit"/>
    <property name="file.encoding.pkg" value="sun.io"/>
    <property name="java.specification.version" value="1.8"/>
    <property name="sun.cpu.isalist" value=""/>
    <property name="sun.jnu.encoding" value="UTF-8"/>
    <property name="java.class.path" value="/home/alex/Repositories/nifi/nifi-nar-bundles/nifi-standard-bundle/nifi-standard-processors/target/test-classes:/home/alex/Repositories/nifi/nifi-nar-bundles/nifi-standard-bundle/nifi-standard-processors/target/classes:/home/alex/.m2/repository/org/apache/ftpserver/ftpserver-core/1.1.1/ftpserver-core-1.1.1.jar:/home/alex/.m2/repository/org/apache/ftpserver/ftplet-api/1.1.1/ftplet-api-1.1.1.jar:/home/alex/.m2/repository/org/slf4j/slf4j-api/1.7.32/slf4j-api-1.7.32.jar:/home/alex/.m2/repository/org/apache/mina/mina-core/2.0.16/mina-core-2.0.16.jar:/home/alex/Repositories/nifi/nifi-api/target/classes:/home/alex/Repositories/nifi/nifi-commons/nifi-expression-language/target/classes:/home/alex/.m2/repository/org/antlr/antlr-runtime/3.5.2/antlr-runtime-3.5.2.jar:/home/alex/Repositories/nifi/nifi-commons/nifi-parameter/target/classes:/home/alex/Repositories/nifi/nifi-commons/nifi-uuid5/target/classes:/home/alex/.m2/repository/org/apache/commons/commons-text/1.8/commons-text-1.8.jar:/home/alex/Repositories/nifi/nifi-nar-bundles/nifi-extension-utils/nifi-processor-utils/target/classes:/home/alex/Repositories/nifi/nifi-commons/nifi-security-socket-ssl/target/classes:/home/alex/Repositories/nifi/nifi-nar-bundles/nifi-extension-utils/nifi-event-transport/target/classes:/home/alex/.m2/repository/io/netty/netty-handler/4.1.69.Final/netty-handler-4.1.69.Final.jar:/home/alex/.m2/repository/io/netty/netty-common/4.1.69.Final/netty-common-4.1.69.Final.jar:/home/alex/.m2/repository/io/netty/netty-resolver/4.1.69.Final/netty-resolver-4.1.69.Final.jar:/home/alex/.m2/repository/io/netty/netty-transport/4.1.69.Final/netty-transport-4.1.69.Final.jar:/home/alex/.m2/repository/io/netty/netty-codec/4.1.69.Final/netty-codec-4.1.69.Final.jar:/home/alex/Repositories/nifi/nifi-nar-bundles/nifi-extension-utils/nifi-syslog-utils/target/classes:/home/alex/.m2/repository/com/github/palindromicity/simple-syslog-5424/0.0.16/simple-syslog-5424-0.0.16.jar:/home/alex/.m2/repository/org/antlr/antlr4-runtime/4.7.2/antlr4-runtime-4.7.2.jar:/home/alex/Repositories/nifi/nifi-commons/nifi-utils/target/classes:/home/alex/Repositories/nifi/nifi-commons/nifi-record-path/target/classes:/home/alex/Repositories/nifi/nifi-commons/nifi-properties/target/classes:/home/alex/Repositories/nifi/nifi-commons/nifi-property-utils/target/classes:/home/alex/.m2/repository/com/github/ben-manes/caffeine/caffeine/2.8.1/caffeine-2.8.1.jar:/home/alex/Repositories/nifi/nifi-nar-bundles/nifi-standard-services/nifi-ssl-context-service-api/target/classes:/home/alex/Repositories/nifi/nifi-commons/nifi-security-utils-api/target/classes:/home/alex/Repositories/nifi/nifi-nar-bundles/nifi-standard-services/nifi-lookup-service-api/target/classes:/home/alex/Repositories/nifi/nifi-commons/nifi-flowfile-packager/target/classes:/home/alex/Repositories/nifi/nifi-nar-bundles/nifi-standard-services/nifi-distributed-cache-client-service-api/target/classes:/home/alex/Repositories/nifi/nifi-nar-bundles/nifi-standard-services/nifi-http-context-map-api/target/classes:/home/alex/Repositories/nifi/nifi-nar-bundles/nifi-standard-services/nifi-record-serialization-service-api/target/classes:/home/alex/Repositories/nifi/nifi-nar-bundles/nifi-standard-services/nifi-proxy-configuration-api/target/classes:/home/alex/Repositories/nifi/nifi-commons/nifi-record/target/classes:/home/alex/Repositories/nifi/nifi-nar-bundles/nifi-standard-services/nifi-record-sink-api/target/classes:/home/alex/.m2/repository/commons-io/commons-io/2.10.0/commons-io-2.10.0.jar:/home/alex/.m2/repository/javax/ws/rs/javax.ws.rs-api/2.1/javax.ws.rs-api-2.1.jar:/home/alex/.m2/repository/commons-net/commons-net/3.6/commons-net-3.6.jar:/home/alex/.m2/repository/org/apache/commons/commons-compress/1.21/commons-compress-1.21.jar:/home/alex/.m2/repository/org/apache/commons/commons-lang3/3.9/commons-lang3-3.9.jar:/home/alex/.m2/repository/org/bouncycastle/bcprov-jdk15on/1.69/bcprov-jdk15on-1.69.jar:/home/alex/.m2/repository/org/bouncycastle/bcpg-jdk15on/1.69/bcpg-jdk15on-1.69.jar:/home/alex/.m2/repository/org/bouncycastle/bcpkix-jdk15on/1.69/bcpkix-jdk15on-1.69.jar:/home/alex/.m2/repository/org/bouncycastle/bcutil-jdk15on/1.69/bcutil-jdk15on-1.69.jar:/home/alex/.m2/repository/commons-codec/commons-codec/1.14/commons-codec-1.14.jar:/home/alex/Repositories/nifi/nifi-commons/nifi-security-utils/target/classes:/home/alex/Repositories/nifi/nifi-commons/nifi-security-kms/target/classes:/home/alex/.m2/repository/org/apache/commons/commons-configuration2/2.7/commons-configuration2-2.7.jar:/home/alex/.m2/repository/com/hierynomus/sshj/0.32.0/sshj-0.32.0.jar:/home/alex/.m2/repository/com/jcraft/jzlib/1.1.3/jzlib-1.1.3.jar:/home/alex/.m2/repository/com/hierynomus/asn-one/0.6.0/asn-one-0.6.0.jar:/home/alex/.m2/repository/net/i2p/crypto/eddsa/0.3.0/eddsa-0.3.0.jar:/home/alex/.m2/repository/org/eclipse/jetty/jetty-server/9.4.44.v20210927/jetty-server-9.4.44.v20210927.jar:/home/alex/.m2/repository/javax/servlet/javax.servlet-api/3.1.0/javax.servlet-api-3.1.0.jar:/home/alex/.m2/repository/org/eclipse/jetty/jetty-http/9.4.44.v20210927/jetty-http-9.4.44.v20210927.jar:/home/alex/.m2/repository/org/eclipse/jetty/jetty-util/9.4.44.v20210927/jetty-util-9.4.44.v20210927.jar:/home/alex/.m2/repository/org/eclipse/jetty/jetty-io/9.4.44.v20210927/jetty-io-9.4.44.v20210927.jar:/home/alex/.m2/repository/org/eclipse/jetty/jetty-servlet/9.4.44.v20210927/jetty-servlet-9.4.44.v20210927.jar:/home/alex/.m2/repository/org/eclipse/jetty/jetty-security/9.4.44.v20210927/jetty-security-9.4.44.v20210927.jar:/home/alex/.m2/repository/org/eclipse/jetty/jetty-util-ajax/9.4.44.v20210927/jetty-util-ajax-9.4.44.v20210927.jar:/home/alex/.m2/repository/org/apache/httpcomponents/httpclient/4.5.5/httpclient-4.5.5.jar:/home/alex/.m2/repository/commons-logging/commons-logging/1.2/commons-logging-1.2.jar:/home/alex/.m2/repository/org/apache/httpcomponents/httpcore/4.4.9/httpcore-4.4.9.jar:/home/alex/.m2/repository/jakarta/activation/jakarta.activation-api/2.0.1/jakarta.activation-api-2.0.1.jar:/home/alex/.m2/repository/com/sun/activation/jakarta.activation/2.0.1/jakarta.activation-2.0.1.jar:/home/alex/.m2/repository/jakarta/mail/jakarta.mail-api/2.0.1/jakarta.mail-api-2.0.1.jar:/home/alex/.m2/repository/com/sun/mail/jakarta.mail/2.0.1/jakarta.mail-2.0.1.jar:/home/alex/.m2/repository/com/github/jponge/lzma-java/1.3/lzma-java-1.3.jar:/home/alex/.m2/repository/org/tukaani/xz/1.8/xz-1.8.jar:/home/alex/.m2/repository/net/sf/saxon/Saxon-HE/10.6/Saxon-HE-10.6.jar:/home/alex/Repositories/nifi/nifi-commons/nifi-socket-utils/target/classes:/home/alex/Repositories/nifi/nifi-commons/nifi-logging-utils/target/classes:/home/alex/Repositories/nifi/nifi-nar-bundles/nifi-standard-services/nifi-load-distribution-service-api/target/classes:/home/alex/.m2/repository/javax/jms/javax.jms-api/2.0.1/javax.jms-api-2.0.1.jar:/home/alex/.m2/repository/org/apache/activemq/activemq-client/5.15.15/activemq-client-5.15.15.jar:/home/alex/.m2/repository/org/apache/geronimo/specs/geronimo-jms_1.1_spec/1.1.1/geronimo-jms_1.1_spec-1.1.1.jar:/home/alex/.m2/repository/org/fusesource/hawtbuf/hawtbuf/1.11/hawtbuf-1.11.jar:/home/alex/.m2/repository/org/apache/geronimo/specs/geronimo-j2ee-management_1.1_spec/1.0.1/geronimo-j2ee-management_1.1_spec-1.0.1.jar:/home/alex/.m2/repository/com/jayway/jsonpath/json-path/2.6.0/json-path-2.6.0.jar:/home/alex/.m2/repository/net/minidev/json-smart/2.4.7/json-smart-2.4.7.jar:/home/alex/.m2/repository/net/minidev/accessors-smart/2.4.7/accessors-smart-2.4.7.jar:/home/alex/.m2/repository/org/ow2/asm/asm/9.1/asm-9.1.jar:/home/alex/.m2/repository/org/apache/tika/tika-core/1.26/tika-core-1.26.jar:/home/alex/.m2/repository/com/fasterxml/jackson/core/jackson-databind/2.12.3/jackson-databind-2.12.3.jar:/home/alex/.m2/repository/com/fasterxml/jackson/core/jackson-annotations/2.12.3/jackson-annotations-2.12.3.jar:/home/alex/.m2/repository/com/fasterxml/jackson/core/jackson-core/2.12.3/jackson-core-2.12.3.jar:/home/alex/Repositories/nifi/nifi-nar-bundles/nifi-extension-utils/nifi-record-utils/nifi-avro-record-utils/target/classes:/home/alex/Repositories/nifi/nifi-nar-bundles/nifi-extension-utils/nifi-record-utils/nifi-standard-record-utils/target/classes:/home/alex/.m2/repository/org/apache/avro/avro/1.8.1/avro-1.8.1.jar:/home/alex/.m2/repository/org/codehaus/jackson/jackson-core-asl/1.9.13/jackson-core-asl-1.9.13.jar:/home/alex/.m2/repository/org/codehaus/jackson/jackson-mapper-asl/1.9.13/jackson-mapper-asl-1.9.13.jar:/home/alex/.m2/repository/com/thoughtworks/paranamer/paranamer/2.7/paranamer-2.7.jar:/home/alex/Repositories/nifi/nifi-nar-bundles/nifi-standard-services/nifi-dbcp-service-api/target/classes:/home/alex/.m2/repository/com/squareup/okhttp3/okhttp/4.9.2/okhttp-4.9.2.jar:/home/alex/.m2/repository/com/squareup/okio/okio/2.8.0/okio-2.8.0.jar:/home/alex/.m2/repository/org/jetbrains/kotlin/kotlin-stdlib-common/1.4.0/kotlin-stdlib-common-1.4.0.jar:/home/alex/.m2/repository/org/jetbrains/kotlin/kotlin-stdlib/1.4.10/kotlin-stdlib-1.4.10.jar:/home/alex/.m2/repository/org/jetbrains/annotations/13.0/annotations-13.0.jar:/home/alex/.m2/repository/io/github/rburgst/okhttp-digest/2.5/okhttp-digest-2.5.jar:/home/alex/.m2/repository/at/favre/lib/bcrypt/0.9.0/bcrypt-0.9.0.jar:/home/alex/.m2/repository/at/favre/lib/bytes/1.3.0/bytes-1.3.0.jar:/home/alex/.m2/repository/com/google/guava/guava/28.0-jre/guava-28.0-jre.jar:/home/alex/.m2/repository/com/google/guava/failureaccess/1.0.1/failureaccess-1.0.1.jar:/home/alex/.m2/repository/com/google/guava/listenablefuture/9999.0-empty-to-avoid-conflict-with-guava/listenablefuture-9999.0-empty-to-avoid-conflict-with-guava.jar:/home/alex/.m2/repository/com/google/code/findbugs/jsr305/3.0.2/jsr305-3.0.2.jar:/home/alex/.m2/repository/org/checkerframework/checker-qual/2.8.1/checker-qual-2.8.1.jar:/home/alex/.m2/repository/com/google/errorprone/error_prone_annotations/2.3.2/error_prone_annotations-2.3.2.jar:/home/alex/.m2/repository/com/google/j2objc/j2objc-annotations/1.3/j2objc-annotations-1.3.jar:/home/alex/.m2/repository/org/codehaus/mojo/animal-sniffer-annotations/1.17/animal-sniffer-annotations-1.17.jar:/home/alex/Repositories/nifi/nifi-mock/target/classes:/home/alex/Repositories/nifi/nifi-framework-api/target/classes:/home/alex/Repositories/nifi/nifi-nar-bundles/nifi-framework-bundle/nifi-framework/nifi-framework-core-api/target/classes:/home/alex/Repositories/nifi/nifi-nar-bundles/nifi-framework-bundle/nifi-framework/nifi-framework-nar-utils/target/classes:/home/alex/Repositories/nifi/nifi-nar-bundles/nifi-framework-bundle/nifi-framework/nifi-client-dto/target/classes:/home/alex/.m2/repository/io/swagger/swagger-annotations/1.6.0/swagger-annotations-1.6.0.jar:/home/alex/Repositories/nifi/nifi-commons/nifi-site-to-site-client/target/classes:/home/alex/.m2/repository/org/apache/httpcomponents/httpasyncclient/4.1.4/httpasyncclient-4.1.4.jar:/home/alex/.m2/repository/org/apache/httpcomponents/httpcore-nio/4.4.10/httpcore-nio-4.4.10.jar:/home/alex/Repositories/nifi/nifi-nar-bundles/nifi-framework-bundle/nifi-framework/nifi-framework-authorization/target/classes:/home/alex/Repositories/nifi/nifi-registry/nifi-registry-core/nifi-registry-data-model/target/classes:/home/alex/Repositories/nifi/nifi-registry/nifi-registry-core/nifi-registry-revision/nifi-registry-revision-entity-model/target/classes:/home/alex/Repositories/nifi/nifi-registry/nifi-registry-core/nifi-registry-client/target/classes:/home/alex/Repositories/nifi/nifi-registry/nifi-registry-core/nifi-registry-security-utils/target/classes:/home/alex/.m2/repository/org/glassfish/jersey/core/jersey-client/2.33/jersey-client-2.33.jar:/home/alex/.m2/repository/jakarta/ws/rs/jakarta.ws.rs-api/2.1.6/jakarta.ws.rs-api-2.1.6.jar:/home/alex/.m2/repository/org/glassfish/hk2/external/jakarta.inject/2.6.1/jakarta.inject-2.6.1.jar:/home/alex/.m2/repository/org/glassfish/jersey/media/jersey-media-json-jackson/2.33/jersey-media-json-jackson-2.33.jar:/home/alex/.m2/repository/org/glassfish/jersey/ext/jersey-entity-filtering/2.33/jersey-entity-filtering-2.33.jar:/home/alex/.m2/repository/org/glassfish/jersey/inject/jersey-hk2/2.33/jersey-hk2-2.33.jar:/home/alex/.m2/repository/org/glassfish/hk2/hk2-locator/2.6.1/hk2-locator-2.6.1.jar:/home/alex/.m2/repository/org/glassfish/hk2/external/aopalliance-repackaged/2.6.1/aopalliance-repackaged-2.6.1.jar:/home/alex/.m2/repository/org/glassfish/hk2/hk2-api/2.6.1/hk2-api-2.6.1.jar:/home/alex/.m2/repository/org/glassfish/hk2/hk2-utils/2.6.1/hk2-utils-2.6.1.jar:/home/alex/.m2/repository/org/javassist/javassist/3.25.0-GA/javassist-3.25.0-GA.jar:/home/alex/.m2/repository/org/glassfish/jersey/core/jersey-common/2.33/jersey-common-2.33.jar:/home/alex/.m2/repository/jakarta/annotation/jakarta.annotation-api/1.3.5/jakarta.annotation-api-1.3.5.jar:/home/alex/.m2/repository/org/glassfish/hk2/osgi-resource-locator/1.0.3/osgi-resource-locator-1.0.3.jar:/home/alex/.m2/repository/org/glassfish/jersey/media/jersey-media-multipart/2.33/jersey-media-multipart-2.33.jar:/home/alex/.m2/repository/org/jvnet/mimepull/mimepull/1.9.13/mimepull-1.9.13.jar:/home/alex/Repositories/nifi/nifi-commons/nifi-data-provenance-utils/target/classes:/home/alex/Repositories/nifi/nifi-nar-bundles/nifi-standard-services/nifi-distributed-cache-services-bundle/nifi-distributed-cache-client-service/target/classes:/home/alex/Repositories/nifi/nifi-nar-bundles/nifi-standard-services/nifi-distributed-cache-services-bundle/nifi-distributed-cache-protocol/target/classes:/home/alex/.m2/repository/io/netty/netty-buffer/4.1.69.Final/netty-buffer-4.1.69.Final.jar:/home/alex/.m2/repository/com/google/http-client/google-http-client/1.28.0/google-http-client-1.28.0.jar:/home/alex/.m2/repository/io/opencensus/opencensus-api/0.18.0/opencensus-api-0.18.0.jar:/home/alex/.m2/repository/io/grpc/grpc-context/1.14.0/grpc-context-1.14.0.jar:/home/alex/.m2/repository/io/opencensus/opencensus-contrib-http-util/0.18.0/opencensus-contrib-http-util-0.18.0.jar:/home/alex/.m2/repository/org/apache/activemq/activemq-broker/5.15.14/activemq-broker-5.15.14.jar:/home/alex/.m2/repository/org/apache/activemq/activemq-openwire-legacy/5.15.14/activemq-openwire-legacy-5.15.14.jar:/home/alex/Repositories/nifi/nifi-nar-bundles/nifi-standard-services/nifi-ssl-context-bundle/nifi-ssl-context-service/target/classes:/home/alex/Repositories/nifi/nifi-nar-bundles/nifi-framework-bundle/nifi-framework/nifi-standard-prioritizers/target/classes:/home/alex/Repositories/nifi/nifi-nar-bundles/nifi-extension-utils/nifi-record-utils/nifi-mock-record-utils/target/classes:/home/alex/Repositories/nifi/nifi-nar-bundles/nifi-standard-services/nifi-record-serialization-services-bundle/nifi-record-serialization-services/target/classes:/home/alex/.m2/repository/org/apache/commons/commons-csv/1.8/commons-csv-1.8.jar:/home/alex/.m2/repository/com/fasterxml/jackson/dataformat/jackson-dataformat-csv/2.12.3/jackson-dataformat-csv-2.12.3.jar:/home/alex/.m2/repository/net/java/dev/stax-utils/stax-utils/20070216/stax-utils-20070216.jar:/home/alex/Repositories/nifi/nifi-nar-bundles/nifi-standard-services/nifi-lookup-services-bundle/nifi-lookup-services/target/classes:/home/alex/.m2/repository/commons-beanutils/commons-beanutils/1.9.4/commons-beanutils-1.9.4.jar:/home/alex/.m2/repository/commons-collections/commons-collections/3.2.2/commons-collections-3.2.2.jar:/home/alex/.m2/repository/com/maxmind/geoip2/geoip2/2.12.0/geoip2-2.12.0.jar:/home/alex/.m2/repository/com/maxmind/db/maxmind-db/1.2.2/maxmind-db-1.2.2.jar:/home/alex/.m2/repository/org/apache/derby/derby/10.14.2.0/derby-10.14.2.0.jar:/home/alex/.m2/repository/org/xerial/snappy/snappy-java/1.1.7.3/snappy-java-1.1.7.3.jar:/home/alex/.m2/repository/net/lingala/zip4j/zip4j/2.8.0/zip4j-2.8.0.jar:/home/alex/.m2/repository/com/h2database/h2/1.4.187/h2-1.4.187.jar:/home/alex/.m2/repository/org/mockftpserver/MockFtpServer/2.7.1/MockFtpServer-2.7.1.jar:/home/alex/.m2/repository/org/apache/sshd/sshd-core/1.7.0/sshd-core-1.7.0.jar:/home/alex/.m2/repository/com/bazaarvoice/jolt/jolt-core/0.1.1/jolt-core-0.1.1.jar:/home/alex/.m2/repository/javax/inject/javax.inject/1/javax.inject-1.jar:/home/alex/.m2/repository/com/bazaarvoice/jolt/json-utils/0.1.1/json-utils-0.1.1.jar:/home/alex/Repositories/nifi/nifi-nar-bundles/nifi-standard-bundle/nifi-standard-utils/target/classes:/home/alex/.m2/repository/net/sf/supercsv/super-csv/2.4.0/super-csv-2.4.0.jar:/home/alex/.m2/repository/com/fluenda/parcefone/2.1.0/parcefone-2.1.0.jar:/home/alex/.m2/repository/javax/validation/validation-api/1.1.0.Final/validation-api-1.1.0.Final.jar:/home/alex/.m2/repository/javax/el/javax.el-api/3.0.0/javax.el-api-3.0.0.jar:/home/alex/.m2/repository/com/github/wnameless/json/json-flattener/0.12.0/json-flattener-0.12.0.jar:/home/alex/.m2/repository/com/github/wnameless/json/json-base/2.0.0/json-base-2.0.0.jar:/home/alex/.m2/repository/org/apache/bval/bval-jsr/1.1.2/bval-jsr-1.1.2.jar:/home/alex/.m2/repository/org/apache/bval/bval-core/1.1.2/bval-core-1.1.2.jar:/home/alex/.m2/repository/io/krakens/java-grok/0.1.9/java-grok-0.1.9.jar:/home/alex/.m2/repository/org/apache/calcite/calcite-core/1.27.0/calcite-core-1.27.0.jar:/home/alex/.m2/repository/org/apache/calcite/calcite-linq4j/1.27.0/calcite-linq4j-1.27.0.jar:/home/alex/.m2/repository/com/esri/geometry/esri-geometry-api/2.2.0/esri-geometry-api-2.2.0.jar:/home/alex/.m2/repository/org/apache/calcite/avatica/avatica-core/1.18.0/avatica-core-1.18.0.jar:/home/alex/.m2/repository/org/apache/calcite/avatica/avatica-metrics/1.18.0/avatica-metrics-1.18.0.jar:/home/alex/.m2/repository/com/google/protobuf/protobuf-java/3.6.1/protobuf-java-3.6.1.jar:/home/alex/.m2/repository/org/apiguardian/apiguardian-api/1.1.0/apiguardian-api-1.1.0.jar:/home/alex/.m2/repository/com/fasterxml/jackson/dataformat/jackson-dataformat-yaml/2.10.0/jackson-dataformat-yaml-2.10.0.jar:/home/alex/.m2/repository/org/yaml/snakeyaml/1.29/snakeyaml-1.29.jar:/home/alex/.m2/repository/com/google/uzaygezen/uzaygezen-core/0.2/uzaygezen-core-0.2.jar:/home/alex/.m2/repository/com/yahoo/datasketches/sketches-core/0.9.0/sketches-core-0.9.0.jar:/home/alex/.m2/repository/com/yahoo/datasketches/memory/0.9.0/memory-0.9.0.jar:/home/alex/.m2/repository/net/hydromatic/aggdesigner-algorithm/6.0/aggdesigner-algorithm-6.0.jar:/home/alex/.m2/repository/commons-lang/commons-lang/2.4/commons-lang-2.4.jar:/home/alex/.m2/repository/org/apache/commons/commons-dbcp2/2.6.0/commons-dbcp2-2.6.0.jar:/home/alex/.m2/repository/org/apache/commons/commons-pool2/2.6.1/commons-pool2-2.6.1.jar:/home/alex/.m2/repository/org/codehaus/janino/commons-compiler/3.0.11/commons-compiler-3.0.11.jar:/home/alex/.m2/repository/org/codehaus/janino/janino/3.0.11/janino-3.0.11.jar:/home/alex/Repositories/nifi/nifi-nar-bundles/nifi-standard-services/nifi-schema-registry-service-api/target/classes:/home/alex/Repositories/nifi/nifi-nar-bundles/nifi-extension-utils/nifi-database-utils/target/classes:/home/alex/Repositories/nifi/nifi-nar-bundles/nifi-standard-bundle/nifi-standard-web-test-utils/target/classes:/home/alex/.m2/repository/com/github/stefanbirkner/fake-sftp-server-rule/2.0.1/fake-sftp-server-rule-2.0.1.jar:/home/alex/.m2/repository/com/github/marschall/memoryfilesystem/2.8.0/memoryfilesystem-2.8.0.jar:/home/alex/.m2/repository/junit/junit/4.13.2/junit-4.13.2.jar:/home/alex/.m2/repository/org/hamcrest/hamcrest-core/1.3/hamcrest-core-1.3.jar:/home/alex/Repositories/nifi/nifi-nar-bundles/nifi-extension-utils/nifi-database-test-utils/target/classes:/home/alex/.m2/repository/org/codehaus/groovy/groovy-json/2.5.14/groovy-json-2.5.14.jar:/home/alex/.m2/repository/org/codehaus/groovy/groovy/2.5.14/groovy-2.5.14.jar:/home/alex/.m2/repository/org/codehaus/groovy/groovy-servlet/2.5.14/groovy-servlet-2.5.14.jar:/home/alex/.m2/repository/org/codehaus/groovy/groovy-templates/2.5.14/groovy-templates-2.5.14.jar:/home/alex/.m2/repository/org/codehaus/groovy/groovy-xml/2.5.14/groovy-xml-2.5.14.jar:/home/alex/.m2/repository/org/hamcrest/hamcrest-all/1.3/hamcrest-all-1.3.jar:/home/alex/.m2/repository/com/squareup/okhttp3/mockwebserver/4.9.2/mockwebserver-4.9.2.jar:/home/alex/.m2/repository/org/jetbrains/kotlin/kotlin-stdlib-jdk8/1.4.10/kotlin-stdlib-jdk8-1.4.10.jar:/home/alex/.m2/repository/org/jetbrains/kotlin/kotlin-stdlib-jdk7/1.4.10/kotlin-stdlib-jdk7-1.4.10.jar:/home/alex/.m2/repository/org/mockito/mockito-inline/3.12.4/mockito-inline-3.12.4.jar:/home/alex/.m2/repository/org/junit/jupiter/junit-jupiter-api/5.7.2/junit-jupiter-api-5.7.2.jar:/home/alex/.m2/repository/org/opentest4j/opentest4j/1.2.0/opentest4j-1.2.0.jar:/home/alex/.m2/repository/org/junit/platform/junit-platform-commons/1.7.2/junit-platform-commons-1.7.2.jar:/home/alex/.m2/repository/org/junit/jupiter/junit-jupiter-engine/5.7.2/junit-jupiter-engine-5.7.2.jar:/home/alex/.m2/repository/org/junit/platform/junit-platform-engine/1.7.2/junit-platform-engine-1.7.2.jar:/home/alex/.m2/repository/org/junit/vintage/junit-vintage-engine/5.7.2/junit-vintage-engine-5.7.2.jar:/home/alex/.m2/repository/org/junit/jupiter/junit-jupiter-params/5.7.2/junit-jupiter-params-5.7.2.jar:/home/alex/.m2/repository/org/mockito/mockito-core/3.11.2/mockito-core-3.11.2.jar:/home/alex/.m2/repository/net/bytebuddy/byte-buddy/1.11.3/byte-buddy-1.11.3.jar:/home/alex/.m2/repository/net/bytebuddy/byte-buddy-agent/1.11.3/byte-buddy-agent-1.11.3.jar:/home/alex/.m2/repository/org/objenesis/objenesis/3.2/objenesis-3.2.jar:/home/alex/.m2/repository/org/mockito/mockito-junit-jupiter/3.11.2/mockito-junit-jupiter-3.11.2.jar:/home/alex/.m2/repository/org/slf4j/slf4j-simple/1.7.32/slf4j-simple-1.7.32.jar:/home/alex/.m2/repository/org/codehaus/groovy/groovy-test/2.5.14/groovy-test-2.5.14.jar:"/>
    <property name="org.slf4j.simpleLogger.log.nifi.processors.standard.TestExecuteSQLRecord" value="debug"/>
    <property name="java.vm.vendor" value="Private Build"/>
    <property name="sun.arch.data.model" value="64"/>
    <property name="java.vendor.url" value="http://java.oracle.com/"/>
    <property name="user.timezone" value="Europe/Lisbon"/>
    <property name="java.vm.specification.version" value="1.8"/>
    <property name="os.name" value="Linux"/>
    <property name="user.country" value="US"/>
    <property name="sun.java.launcher" value="SUN_STANDARD"/>
    <property name="sun.boot.library.path" value="/usr/lib/jvm/java-8-openjdk-amd64/jre/lib/amd64"/>
    <property name="sun.java.command" value="/home/alex/Repositories/nifi/nifi-nar-bundles/nifi-standard-bundle/nifi-standard-processors/target/surefire/surefirebooter5361507383572708917.jar /home/alex/Repositories/nifi/nifi-nar-bundles/nifi-standard-bundle/nifi-standard-processors/target/surefire 2024-05-02T01-23-45_285-jvmRun1 surefire2937495179455515110tmp surefire_696557117907135602125tmp"/>
    <property name="org.slf4j.simpleLogger.log.nifi.io.nio" value="debug"/>
    <property name="surefire.test.class.path" value="/home/alex/Repositories/nifi/nifi-nar-bundles/nifi-standard-bundle/nifi-standard-processors/target/test-classes:/home/alex/Repositories/nifi/nifi-nar-bundles/nifi-standard-bundle/nifi-standard-processors/target/classes:/home/alex/.m2/repository/org/apache/ftpserver/ftpserver-core/1.1.1/ftpserver-core-1.1.1.jar:/home/alex/.m2/repository/org/apache/ftpserver/ftplet-api/1.1.1/ftplet-api-1.1.1.jar:/home/alex/.m2/repository/org/slf4j/slf4j-api/1.7.32/slf4j-api-1.7.32.jar:/home/alex/.m2/repository/org/apache/mina/mina-core/2.0.16/mina-core-2.0.16.jar:/home/alex/Repositories/nifi/nifi-api/target/classes:/home/alex/Repositories/nifi/nifi-commons/nifi-expression-language/target/classes:/home/alex/.m2/repository/org/antlr/antlr-runtime/3.5.2/antlr-runtime-3.5.2.jar:/home/alex/Repositories/nifi/nifi-commons/nifi-parameter/target/classes:/home/alex/Repositories/nifi/nifi-commons/nifi-uuid5/target/classes:/home/alex/.m2/repository/org/apache/commons/commons-text/1.8/commons-text-1.8.jar:/home/alex/Repositories/nifi/nifi-nar-bundles/nifi-extension-utils/nifi-processor-utils/target/classes:/home/alex/Repositories/nifi/nifi-commons/nifi-security-socket-ssl/target/classes:/home/alex/Repositories/nifi/nifi-nar-bundles/nifi-extension-utils/nifi-event-transport/target/classes:/home/alex/.m2/repository/io/netty/netty-handler/4.1.69.Final/netty-handler-4.1.69.Final.jar:/home/alex/.m2/repository/io/netty/netty-common/4.1.69.Final/netty-common-4.1.69.Final.jar:/home/alex/.m2/repository/io/netty/netty-resolver/4.1.69.Final/netty-resolver-4.1.69.Final.jar:/home/alex/.m2/repository/io/netty/netty-transport/4.1.69.Final/netty-transport-4.1.69.Final.jar:/home/alex/.m2/repository/io/netty/netty-codec/4.1.69.Final/netty-codec-4.1.69.Final.jar:/home/alex/Repositories/nifi/nifi-nar-bundles/nifi-extension-utils/nifi-syslog-utils/target/classes:/home/alex/.m2/repository/com/github/palindromicity/simple-syslog-5424/0.0.16/simple-syslog-5424-0.0.16.jar:/home/alex/.m2/repository/org/antlr/antlr4-runtime/4.7.2/antlr4-runtime-4.7.2.jar:/home/alex/Repositories/nifi/nifi-commons/nifi-utils/target/classes:/home/alex/Repositories/nifi/nifi-commons/nifi-record-path/target/classes:/home/alex/Repositories/nifi/nifi-commons/nifi-properties/target/classes:/home/alex/Repositories/nifi/nifi-commons/nifi-property-utils/target/classes:/home/alex/.m2/repository/com/github/ben-manes/caffeine/caffeine/2.8.1/caffeine-2.8.1.jar:/home/alex/Repositories/nifi/nifi-nar-bundles/nifi-standard-services/nifi-ssl-context-service-api/target/classes:/home/alex/Repositories/nifi/nifi-commons/nifi-security-utils-api/target/classes:/home/alex/Repositories/nifi/nifi-nar-bundles/nifi-standard-services/nifi-lookup-service-api/target/classes:/home/alex/Repositories/nifi/nifi-commons/nifi-flowfile-packager/target/classes:/home/alex/Repositories/nifi/nifi-nar-bundles/nifi-standard-services/nifi-distributed-cache-client-service-api/target/classes:/home/alex/Repositories/nifi/nifi-nar-bundles/nifi-standard-services/nifi-http-context-map-api/target/classes:/home/alex/Repositories/nifi/nifi-nar-bundles/nifi-standard-services/nifi-record-serialization-service-api/target/classes:/home/alex/Repositories/nifi/nifi-nar-bundles/nifi-standard-services/nifi-proxy-configuration-api/target/classes:/home/alex/Repositories/nifi/nifi-commons/nifi-record/target/classes:/home/alex/Repositories/nifi/nifi-nar-bundles/nifi-standard-services/nifi-record-sink-api/target/classes:/home/alex/.m2/repository/commons-io/commons-io/2.10.0/commons-io-2.10.0.jar:/home/alex/.m2/repository/javax/ws/rs/javax.ws.rs-api/2.1/javax.ws.rs-api-2.1.jar:/home/alex/.m2/repository/commons-net/commons-net/3.6/commons-net-3.6.jar:/home/alex/.m2/repository/org/apache/commons/commons-compress/1.21/commons-compress-1.21.jar:/home/alex/.m2/repository/org/apache/commons/commons-lang3/3.9/commons-lang3-3.9.jar:/home/alex/.m2/repository/org/bouncycastle/bcprov-jdk15on/1.69/bcprov-jdk15on-1.69.jar:/home/alex/.m2/repository/org/bouncycastle/bcpg-jdk15on/1.69/bcpg-jdk15on-1.69.jar:/home/alex/.m2/repository/org/bouncycastle/bcpkix-jdk15on/1.69/bcpkix-jdk15on-1.69.jar:/home/alex/.m2/repository/org/bouncycastle/bcutil-jdk15on/1.69/bcutil-jdk15on-1.69.jar:/home/alex/.m2/repository/commons-codec/commons-codec/1.14/commons-codec-1.14.jar:/home/alex/Repositories/nifi/nifi-commons/nifi-security-utils/target/classes:/home/alex/Repositories/nifi/nifi-commons/nifi-security-kms/target/classes:/home/alex/.m2/repository/org/apache/commons/commons-configuration2/2.7/commons-configuration2-2.7.jar:/home/alex/.m2/repository/com/hierynomus/sshj/0.32.0/sshj-0.32.0.jar:/home/alex/.m2/repository/com/jcraft/jzlib/1.1.3/jzlib-1.1.3.jar:/home/alex/.m2/repository/com/hierynomus/asn-one/0.6.0/asn-one-0.6.0.jar:/home/alex/.m2/repository/net/i2p/crypto/eddsa/0.3.0/eddsa-0.3.0.jar:/home/alex/.m2/repository/org/eclipse/jetty/jetty-server/9.4.44.v20210927/jetty-server-9.4.44.v20210927.jar:/home/alex/.m2/repository/javax/servlet/javax.servlet-api/3.1.0/javax.servlet-api-3.1.0.jar:/home/alex/.m2/repository/org/eclipse/jetty/jetty-http/9.4.44.v20210927/jetty-http-9.4.44.v20210927.jar:/home/alex/.m2/repository/org/eclipse/jetty/jetty-util/9.4.44.v20210927/jetty-util-9.4.44.v20210927.jar:/home/alex/.m2/repository/org/eclipse/jetty/jetty-io/9.4.44.v20210927/jetty-io-9.4.44.v20210927.jar:/home/alex/.m2/repository/org/eclipse/jetty/jetty-servlet/9.4.44.v20210927/jetty-servlet-9.4.44.v20210927.jar:/home/alex/.m2/repository/org/eclipse/jetty/jetty-security/9.4.44.v20210927/jetty-security-9.4.44.v20210927.jar:/home/alex/.m2/repository/org/eclipse/jetty/jetty-util-ajax/9.4.44.v20210927/jetty-util-ajax-9.4.44.v20210927.jar:/home/alex/.m2/repository/org/apache/httpcomponents/httpclient/4.5.5/httpclient-4.5.5.jar:/home/alex/.m2/repository/commons-logging/commons-logging/1.2/commons-logging-1.2.jar:/home/alex/.m2/repository/org/apache/httpcomponents/httpcore/4.4.9/httpcore-4.4.9.jar:/home/alex/.m2/repository/jakarta/activation/jakarta.activation-api/2.0.1/jakarta.activation-api-2.0.1.jar:/home/alex/.m2/repository/com/sun/activation/jakarta.activation/2.0.1/jakarta.activation-2.0.1.jar:/home/alex/.m2/repository/jakarta/mail/jakarta.mail-api/2.0.1/jakarta.mail-api-2.0.1.jar:/home/alex/.m2/repository/com/sun/mail/jakarta.mail/2.0.1/jakarta.mail-2.0.1.jar:/home/alex/.m2/repository/com/github/jponge/lzma-java/1.3/lzma-java-1.3.jar:/home/alex/.m2/repository/org/tukaani/xz/1.8/xz-1.8.jar:/home/alex/.m2/repository/net/sf/saxon/Saxon-HE/10.6/Saxon-HE-10.6.jar:/home/alex/Repositories/nifi/nifi-commons/nifi-socket-utils/target/classes:/home/alex/Repositories/nifi/nifi-commons/nifi-logging-utils/target/classes:/home/alex/Repositories/nifi/nifi-nar-bundles/nifi-standard-services/nifi-load-distribution-service-api/target/classes:/home/alex/.m2/repository/javax/jms/javax.jms-api/2.0.1/javax.jms-api-2.0.1.jar:/home/alex/.m2/repository/org/apache/activemq/activemq-client/5.15.15/activemq-client-5.15.15.jar:/home/alex/.m2/repository/org/apache/geronimo/specs/geronimo-jms_1.1_spec/1.1.1/geronimo-jms_1.1_spec-1.1.1.jar:/home/alex/.m2/repository/org/fusesource/hawtbuf/hawtbuf/1.11/hawtbuf-1.11.jar:/home/alex/.m2/repository/org/apache/geronimo/specs/geronimo-j2ee-management_1.1_spec/1.0.1/geronimo-j2ee-management_1.1_spec-1.0.1.jar:/home/alex/.m2/repository/com/jayway/jsonpath/json-path/2.6.0/json-path-2.6.0.jar:/home/alex/.m2/repository/net/minidev/json-smart/2.4.7/json-smart-2.4.7.jar:/home/alex/.m2/repository/net/minidev/accessors-smart/2.4.7/accessors-smart-2.4.7.jar:/home/alex/.m2/repository/org/ow2/asm/asm/9.1/asm-9.1.jar:/home/alex/.m2/repository/org/apache/tika/tika-core/1.26/tika-core-1.26.jar:/home/alex/.m2/repository/com/fasterxml/jackson/core/jackson-databind/2.12.3/jackson-databind-2.12.3.jar:/home/alex/.m2/repository/com/fasterxml/jackson/core/jackson-annotations/2.12.3/jackson-annotations-2.12.3.jar:/home/alex/.m2/repository/com/fasterxml/jackson/core/jackson-core/2.12.3/jackson-core-2.12.3.jar:/home/alex/Repositories/nifi/nifi-nar-bundles/nifi-extension-utils/nifi-record-utils/nifi-avro-record-utils/target/classes:/home/alex/Repositories/nifi/nifi-nar-bundles/nifi-extension-utils/nifi-record-utils/nifi-standard-record-utils/target/classes:/home/alex/.m2/repository/org/apache/avro/avro/1.8.1/avro-1.8.1.jar:/home/alex/.m2/repository/org/codehaus/jackson/jackson-core-asl/1.9.13/jackson-core-asl-1.9.13.jar:/home/alex/.m2/repository/org/codehaus/jackson/jackson-mapper-asl/1.9.13/jackson-mapper-asl-1.9.13.jar:/home/alex/.m2/repository/com/thoughtworks/paranamer/paranamer/2.7/paranamer-2.7.jar:/home/alex/Repositories/nifi/nifi-nar-bundles/nifi-standard-services/nifi-dbcp-service-api/target/classes:/home/alex/.m2/repository/com/squareup/okhttp3/okhttp/4.9.2/okhttp-4.9.2.jar:/home/alex/.m2/repository/com/squareup/okio/okio/2.8.0/okio-2.8.0.jar:/home/alex/.m2/repository/org/jetbrains/kotlin/kotlin-stdlib-common/1.4.0/kotlin-stdlib-common-1.4.0.jar:/home/alex/.m2/repository/org/jetbrains/kotlin/kotlin-stdlib/1.4.10/kotlin-stdlib-1.4.10.jar:/home/alex/.m2/repository/org/jetbrains/annotations/13.0/annotations-13.0.jar:/home/alex/.m2/repository/io/github/rburgst/okhttp-digest/2.5/okhttp-digest-2.5.jar:/home/alex/.m2/repository/at/favre/lib/bcrypt/0.9.0/bcrypt-0.9.0.jar:/home/alex/.m2/repository/at/favre/lib/bytes/1.3.0/bytes-1.3.0.jar:/home/alex/.m2/repository/com/google/guava/guava/28.0-jre/guava-28.0-jre.jar:/home/alex/.m2/repository/com/google/guava/failureaccess/1.0.1/failureaccess-1.0.1.jar:/home/alex/.m2/repository/com/google/guava/listenablefuture/9999.0-empty-to-avoid-conflict-with-guava/listenablefuture-9999.0-empty-to-avoid-conflict-with-guava.jar:/home/alex/.m2/repository/com/google/code/findbugs/jsr305/3.0.2/jsr305-3.0.2.jar:/home/alex/.m2/repository/org/checkerframework/checker-qual/2.8.1/checker-qual-2.8.1.jar:/home/alex/.m2/repository/com/google/errorprone/error_prone_annotations/2.3.2/error_prone_annotations-2.3.2.jar:/home/alex/.m2/repository/com/google/j2objc/j2objc-annotations/1.3/j2objc-annotations-1.3.jar:/home/alex/.m2/repository/org/codehaus/mojo/animal-sniffer-annotations/1.17/animal-sniffer-annotations-1.17.jar:/home/alex/Repositories/nifi/nifi-mock/target/classes:/home/alex/Repositories/nifi/nifi-framework-api/target/classes:/home/alex/Repositories/nifi/nifi-nar-bundles/nifi-framework-bundle/nifi-framework/nifi-framework-core-api/target/classes:/home/alex/Repositories/nifi/nifi-nar-bundles/nifi-framework-bundle/nifi-framework/nifi-framework-nar-utils/target/classes:/home/alex/Repositories/nifi/nifi-nar-bundles/nifi-framework-bundle/nifi-framework/nifi-client-dto/target/classes:/home/alex/.m2/repository/io/swagger/swagger-annotations/1.6.0/swagger-annotations-1.6.0.jar:/home/alex/Repositories/nifi/nifi-commons/nifi-site-to-site-client/target/classes:/home/alex/.m2/repository/org/apache/httpcomponents/httpasyncclient/4.1.4/httpasyncclient-4.1.4.jar:/home/alex/.m2/repository/org/apache/httpcomponents/httpcore-nio/4.4.10/httpcore-nio-4.4.10.jar:/home/alex/Repositories/nifi/nifi-nar-bundles/nifi-framework-bundle/nifi-framework/nifi-framework-authorization/target/classes:/home/alex/Repositories/nifi/nifi-registry/nifi-registry-core/nifi-registry-data-model/target/classes:/home/alex/Repositories/nifi/nifi-registry/nifi-registry-core/nifi-registry-revision/nifi-registry-revision-entity-model/target/classes:/home/alex/Repositories/nifi/nifi-registry/nifi-registry-core/nifi-registry-client/target/classes:/home/alex/Repositories/nifi/nifi-registry/nifi-registry-core/nifi-registry-security-utils/target/classes:/home/alex/.m2/repository/org/glassfish/jersey/core/jersey-client/2.33/jersey-client-2.33.jar:/home/alex/.m2/repository/jakarta/ws/rs/jakarta.ws.rs-api/2.1.6/jakarta.ws.rs-api-2.1.6.jar:/home/alex/.m2/repository/org/glassfish/hk2/external/jakarta.inject/2.6.1/jakarta.inject-2.6.1.jar:/home/alex/.m2/repository/org/glassfish/jersey/media/jersey-media-json-jackson/2.33/jersey-media-json-jackson-2.33.jar:/home/alex/.m2/repository/org/glassfish/jersey/ext/jersey-entity-filtering/2.33/jersey-entity-filtering-2.33.jar:/home/alex/.m2/repository/org/glassfish/jersey/inject/jersey-hk2/2.33/jersey-hk2-2.33.jar:/home/alex/.m2/repository/org/glassfish/hk2/hk2-locator/2.6.1/hk2-locator-2.6.1.jar:/home/alex/.m2/repository/org/glassfish/hk2/external/aopalliance-repackaged/2.6.1/aopalliance-repackaged-2.6.1.jar:/home/alex/.m2/repository/org/glassfish/hk2/hk2-api/2.6.1/hk2-api-2.6.1.jar:/home/alex/.m2/repository/org/glassfish/hk2/hk2-utils/2.6.1/hk2-utils-2.6.1.jar:/home/alex/.m2/repository/org/javassist/javassist/3.25.0-GA/javassist-3.25.0-GA.jar:/home/alex/.m2/repository/org/glassfish/jersey/core/jersey-common/2.33/jersey-common-2.33.jar:/home/alex/.m2/repository/jakarta/annotation/jakarta.annotation-api/1.3.5/jakarta.annotation-api-1.3.5.jar:/home/alex/.m2/repository/org/glassfish/hk2/osgi-resource-locator/1.0.3/osgi-resource-locator-1.0.3.jar:/home/alex/.m2/repository/org/glassfish/jersey/media/jersey-media-multipart/2.33/jersey-media-multipart-2.33.jar:/home/alex/.m2/repository/org/jvnet/mimepull/mimepull/1.9.13/mimepull-1.9.13.jar:/home/alex/Repositories/nifi/nifi-commons/nifi-data-provenance-utils/target/classes:/home/alex/Repositories/nifi/nifi-nar-bundles/nifi-standard-services/nifi-distributed-cache-services-bundle/nifi-distributed-cache-client-service/target/classes:/home/alex/Repositories/nifi/nifi-nar-bundles/nifi-standard-services/nifi-distributed-cache-services-bundle/nifi-distributed-cache-protocol/target/classes:/home/alex/.m2/repository/io/netty/netty-buffer/4.1.69.Final/netty-buffer-4.1.69.Final.jar:/home/alex/.m2/repository/com/google/http-client/google-http-client/1.28.0/google-http-client-1.28.0.jar:/home/alex/.m2/repository/io/opencensus/opencensus-api/0.18.0/opencensus-api-0.18.0.jar:/home/alex/.m2/repository/io/grpc/grpc-context/1.14.0/grpc-context-1.14.0.jar:/home/alex/.m2/repository/io/opencensus/opencensus-contrib-http-util/0.18.0/opencensus-contrib-http-util-0.18.0.jar:/home/alex/.m2/repository/org/apache/activemq/activemq-broker/5.15.14/activemq-broker-5.15.14.jar:/home/alex/.m2/repository/org/apache/activemq/activemq-openwire-legacy/5.15.14/activemq-openwire-legacy-5.15.14.jar:/home/alex/Repositories/nifi/nifi-nar-bundles/nifi-standard-services/nifi-ssl-context-bundle/nifi-ssl-context-service/target/classes:/home/alex/Repositories/nifi/nifi-nar-bundles/nifi-framework-bundle/nifi-framework/nifi-standard-prioritizers/target/classes:/home/alex/Repositories/nifi/nifi-nar-bundles/nifi-extension-utils/nifi-record-utils/nifi-mock-record-utils/target/classes:/home/alex/Repositories/nifi/nifi-nar-bundles/nifi-standard-services/nifi-record-serialization-services-bundle/nifi-record-serialization-services/target/classes:/home/alex/.m2/repository/org/apache/commons/commons-csv/1.8/commons-csv-1.8.jar:/home/alex/.m2/repository/com/fasterxml/jackson/dataformat/jackson-dataformat-csv/2.12.3/jackson-dataformat-csv-2.12.3.jar:/home/alex/.m2/repository/net/java/dev/stax-utils/stax-utils/20070216/stax-utils-20070216.jar:/home/alex/Repositories/nifi/nifi-nar-bundles/nifi-standard-services/nifi-lookup-services-bundle/nifi-lookup-services/target/classes:/home/alex/.m2/repository/commons-beanutils/commons-beanutils/1.9.4/commons-beanutils-1.9.4.jar:/home/alex/.m2/repository/commons-collections/commons-collections/3.2.2/commons-collections-3.2.2.jar:/home/alex/.m2/repository/com/maxmind/geoip2/geoip2/2.12.0/geoip2-2.12.0.jar:/home/alex/.m2/repository/com/maxmind/db/maxmind-db/1.2.2/maxmind-db-1.2.2.jar:/home/alex/.m2/repository/org/apache/derby/derby/10.14.2.0/derby-10.14.2.0.jar:/home/alex/.m2/repository/org/xerial/snappy/snappy-java/1.1.7.3/snappy-java-1.1.7.3.jar:/home/alex/.m2/repository/net/lingala/zip4j/zip4j/2.8.0/zip4j-2.8.0.jar:/home/alex/.m2/repository/com/h2database/h2/1.4.187/h2-1.4.187.jar:/home/alex/.m2/repository/org/mockftpserver/MockFtpServer/2.7.1/MockFtpServer-2.7.1.jar:/home/alex/.m2/repository/org/apache/sshd/sshd-core/1.7.0/sshd-core-1.7.0.jar:/home/alex/.m2/repository/com/bazaarvoice/jolt/jolt-core/0.1.1/jolt-core-0.1.1.jar:/home/alex/.m2/repository/javax/inject/javax.inject/1/javax.inject-1.jar:/home/alex/.m2/repository/com/bazaarvoice/jolt/json-utils/0.1.1/json-utils-0.1.1.jar:/home/alex/Repositories/nifi/nifi-nar-bundles/nifi-standard-bundle/nifi-standard-utils/target/classes:/home/alex/.m2/repository/net/sf/supercsv/super-csv/2.4.0/super-csv-2.4.0.jar:/home/alex/.m2/repository/com/fluenda/parcefone/2.1.0/parcefone-2.1.0.jar:/home/alex/.m2/repository/javax/validation/validation-api/1.1.0.Final/validation-api-1.1.0.Final.jar:/home/alex/.m2/repository/javax/el/javax.el-api/3.0.0/javax.el-api-3.0.0.jar:/home/alex/.m2/repository/com/github/wnameless/json/json-flattener/0.12.0/json-flattener-0.12.0.jar:/home/alex/.m2/repository/com/github/wnameless/json/json-base/2.0.0/json-base-2.0.0.jar:/home/alex/.m2/repository/org/apache/bval/bval-jsr/1.1.2/bval-jsr-1.1.2.jar:/home/alex/.m2/repository/org/apache/bval/bval-core/1.1.2/bval-core-1.1.2.jar:/home/alex/.m2/repository/io/krakens/java-grok/0.1.9/java-grok-0.1.9.jar:/home/alex/.m2/repository/org/apache/calcite/calcite-core/1.27.0/calcite-core-1.27.0.jar:/home/alex/.m2/repository/org/apache/calcite/calcite-linq4j/1.27.0/calcite-linq4j-1.27.0.jar:/home/alex/.m2/repository/com/esri/geometry/esri-geometry-api/2.2.0/esri-geometry-api-2.2.0.jar:/home/alex/.m2/repository/org/apache/calcite/avatica/avatica-core/1.18.0/avatica-core-1.18.0.jar:/home/alex/.m2/repository/org/apache/calcite/avatica/avatica-metrics/1.18.0/avatica-metrics-1.18.0.jar:/home/alex/.m2/repository/com/google/protobuf/protobuf-java/3.6.1/protobuf-java-3.6.1.jar:/home/alex/.m2/repository/org/apiguardian/apiguardian-api/1.1.0/apiguardian-api-1.1.0.jar:/home/alex/.m2/repository/com/fasterxml/jackson/dataformat/jackson-dataformat-yaml/2.10.0/jackson-dataformat-yaml-2.10.0.jar:/home/alex/.m2/repository/org/yaml/snakeyaml/1.29/snakeyaml-1.29.jar:/home/alex/.m2/repository/com/google/uzaygezen/uzaygezen-core/0.2/uzaygezen-core-0.2.jar:/home/alex/.m2/repository/com/yahoo/datasketches/sketches-core/0.9.0/sketches-core-0.9.0.jar:/home/alex/.m2/repository/com/yahoo/datasketches/memory/0.9.0/memory-0.9.0.jar:/home/alex/.m2/repository/net/hydromatic/aggdesigner-algorithm/6.0/aggdesigner-algorithm-6.0.jar:/home/alex/.m2/repository/commons-lang/commons-lang/2.4/commons-lang-2.4.jar:/home/alex/.m2/repository/org/apache/commons/commons-dbcp2/2.6.0/commons-dbcp2-2.6.0.jar:/home/alex/.m2/repository/org/apache/commons/commons-pool2/2.6.1/commons-pool2-2.6.1.jar:/home/alex/.m2/repository/org/codehaus/janino/commons-compiler/3.0.11/commons-compiler-3.0.11.jar:/home/alex/.m2/repository/org/codehaus/janino/janino/3.0.11/janino-3.0.11.jar:/home/alex/Repositories/nifi/nifi-nar-bundles/nifi-standard-services/nifi-schema-registry-service-api/target/classes:/home/alex/Repositories/nifi/nifi-nar-bundles/nifi-extension-utils/nifi-database-utils/target/classes:/home/alex/Repositories/nifi/nifi-nar-bundles/nifi-standard-bundle/nifi-standard-web-test-utils/target/classes:/home/alex/.m2/repository/com/github/stefanbirkner/fake-sftp-server-rule/2.0.1/fake-sftp-server-rule-2.0.1.jar:/home/alex/.m2/repository/com/github/marschall/memoryfilesystem/2.8.0/memoryfilesystem-2.8.0.jar:/home/alex/.m2/repository/junit/junit/4.13.2/junit-4.13.2.jar:/home/alex/.m2/repository/org/hamcrest/hamcrest-core/1.3/hamcrest-core-1.3.jar:/home/alex/Repositories/nifi/nifi-nar-bundles/nifi-extension-utils/nifi-database-test-utils/target/classes:/home/alex/.m2/repository/org/codehaus/groovy/groovy-json/2.5.14/groovy-json-2.5.14.jar:/home/alex/.m2/repository/org/codehaus/groovy/groovy/2.5.14/groovy-2.5.14.jar:/home/alex/.m2/repository/org/codehaus/groovy/groovy-servlet/2.5.14/groovy-servlet-2.5.14.jar:/home/alex/.m2/repository/org/codehaus/groovy/groovy-templates/2.5.14/groovy-templates-2.5.14.jar:/home/alex/.m2/repository/org/codehaus/groovy/groovy-xml/2.5.14/groovy-xml-2.5.14.jar:/home/alex/.m2/repository/org/hamcrest/hamcrest-all/1.3/hamcrest-all-1.3.jar:/home/alex/.m2/repository/com/squareup/okhttp3/mockwebserver/4.9.2/mockwebserver-4.9.2.jar:/home/alex/.m2/repository/org/jetbrains/kotlin/kotlin-stdlib-jdk8/1.4.10/kotlin-stdlib-jdk8-1.4.10.jar:/home/alex/.m2/repository/org/jetbrains/kotlin/kotlin-stdlib-jdk7/1.4.10/kotlin-stdlib-jdk7-1.4.10.jar:/home/alex/.m2/repository/org/mockito/mockito-inline/3.12.4/mockito-inline-3.12.4.jar:/home/alex/.m2/repository/org/junit/jupiter/junit-jupiter-api/5.7.2/junit-jupiter-api-5.7.2.jar:/home/alex/.m2/repository/org/opentest4j/opentest4j/1.2.0/opentest4j-1.2.0.jar:/home/alex/.m2/repository/org/junit/platform/junit-platform-commons/1.7.2/junit-platform-commons-1.7.2.jar:/home/alex/.m2/repository/org/junit/jupiter/junit-jupiter-engine/5.7.2/junit-jupiter-engine-5.7.2.jar:/home/alex/.m2/repository/org/junit/platform/junit-platform-engine/1.7.2/junit-platform-engine-1.7.2.jar:/home/alex/.m2/repository/org/junit/vintage/junit-vintage-engine/5.7.2/junit-vintage-engine-5.7.2.jar:/home/alex/.m2/repository/org/junit/jupiter/junit-jupiter-params/5.7.2/junit-jupiter-params-5.7.2.jar:/home/alex/.m2/repository/org/mockito/mockito-core/3.11.2/mockito-core-3.11.2.jar:/home/alex/.m2/repository/net/bytebuddy/byte-buddy/1.11.3/byte-buddy-1.11.3.jar:/home/alex/.m2/repository/net/bytebuddy/byte-buddy-agent/1.11.3/byte-buddy-agent-1.11.3.jar:/home/alex/.m2/repository/org/objenesis/objenesis/3.2/objenesis-3.2.jar:/home/alex/.m2/repository/org/mockito/mockito-junit-jupiter/3.11.2/mockito-junit-jupiter-3.11.2.jar:/home/alex/.m2/repository/org/slf4j/slf4j-simple/1.7.32/slf4j-simple-1.7.32.jar:/home/alex/.m2/repository/org/codehaus/groovy/groovy-test/2.5.14/groovy-test-2.5.14.jar:"/>
    <property name="sun.cpu.endian" value="little"/>
    <property name="user.home" value="/home/alex"/>
    <property name="user.language" value="en"/>
    <property name="java.specification.vendor" value="Oracle Corporation"/>
    <property name="java.home" value="/usr/lib/jvm/java-8-openjdk-amd64/jre"/>
    <property name="basedir" value="/home/alex/Repositories/nifi/nifi-nar-bundles/nifi-standard-bundle/nifi-standard-processors"/>
    <property name="file.separator" value="/"/>
    <property name="line.separator" value="&#10;"/>
    <property name="java.vm.specification.vendor" value="Oracle Corporation"/>
    <property name="java.specification.name" value="Java Platform API Specification"/>
    <property name="derby.stream.error.file" value="target/derby.log"/>
    <property name="java.awt.graphicsenv" value="sun.awt.X11GraphicsEnvironment"/>
    <property name="org.slf4j.simpleLogger.log.org.apache.nifi.processors.standard.SQLTransform" value="debug"/>
    <property name="java.awt.headless" value="true"/>
    <property name="org.slf4j.simpleLogger.log.nifi.processors.standard.ExecuteSQLRecord" value="debug"/>
    <property name="org.slf4j.simpleLogger.showDateTime" value="true"/>
    <property name="surefire.real.class.path" value="/home/alex/Repositories/nifi/nifi-nar-bundles/nifi-standard-bundle/nifi-standard-processors/target/surefire/surefirebooter5361507383572708917.jar"/>
    <property name="sun.boot.class.path" value="/usr/lib/jvm/java-8-openjdk-amd64/jre/lib/resources.jar:/usr/lib/jvm/java-8-openjdk-amd64/jre/lib/rt.jar:/usr/lib/jvm/java-8-openjdk-amd64/jre/lib/sunrsasign.jar:/usr/lib/jvm/java-8-openjdk-amd64/jre/lib/jsse.jar:/usr/lib/jvm/java-8-openjdk-amd64/jre/lib/jce.jar:/usr/lib/jvm/java-8-openjdk-amd64/jre/lib/charsets.jar:/usr/lib/jvm/java-8-openjdk-amd64/jre/lib/jfr.jar:/usr/lib/jvm/java-8-openjdk-amd64/jre/classes"/>
    <property name="sun.management.compiler" value="HotSpot 64-Bit Tiered Compilers"/>
    <property name="java.runtime.version" value="1.8.0_402-8u402-ga-2ubuntu1~22.04-b06"/>
    <property name="java.net.preferIPv4Stack" value="true"/>
    <property name="user.name" value="alex"/>
    <property name="path.separator" value=":"/>
    <property name="os.version" value="6.5.0-28-generic"/>
    <property name="java.endorsed.dirs" value="/usr/lib/jvm/java-8-openjdk-amd64/jre/lib/endorsed"/>
    <property name="java.runtime.name" value="OpenJDK Runtime Environment"/>
    <property name="file.encoding" value="UTF-8"/>
    <property name="sun.nio.ch.bugLevel" value=""/>
    <property name="java.vm.name" value="OpenJDK 64-Bit Server VM"/>
    <property name="localRepository" value="/home/alex/.m2/repository"/>
    <property name="java.vendor.url.bug" value="http://bugreport.sun.com/bugreport/"/>
    <property name="java.io.tmpdir" value="/tmp"/>
    <property name="java.version" value="1.8.0_402"/>
    <property name="user.dir" value="/home/alex/Repositories/nifi/nifi-nar-bundles/nifi-standard-bundle/nifi-standard-processors"/>
    <property name="os.arch" value="amd64"/>
    <property name="java.vm.specification.name" value="Java Virtual Machine Specification"/>
    <property name="java.awt.printerjob" value="sun.print.PSPrinterJob"/>
    <property name="sun.os.patch.level" value="unknown"/>
    <property name="org.slf4j.simpleLogger.defaultLogLevel" value="info"/>
    <property name="java.library.path" value="/usr/java/packages/lib/amd64:/usr/lib/x86_64-linux-gnu/jni:/lib/x86_64-linux-gnu:/usr/lib/x86_64-linux-gnu:/usr/lib/jni:/lib:/usr/lib"/>
    <property name="java.vm.info" value="mixed mode"/>
    <property name="java.vendor" value="Private Build"/>
    <property name="java.vm.version" value="25.402-b06"/>
    <property name="java.specification.maintenance.version" value="5"/>
    <property name="java.ext.dirs" value="/usr/lib/jvm/java-8-openjdk-amd64/jre/lib/ext:/usr/java/packages/lib/ext"/>
    <property name="sun.io.unicode.encoding" value="UnicodeLittle"/>
    <property name="java.class.version" value="52.0"/>
  </properties>
  <testcase name="testWithOutputBatching" classname="org.apache.nifi.processors.standard.TestExecuteSQLRecord" time="2.169">
    <system-err><![CDATA[[pool-1541-thread-1] INFO org.apache.nifi.processors.standard.ExecuteSQLRecord - ExecuteSQLRecord[id=164a9fc5-97bc-4e0e-814a-5ae51594ce47] FlowFile[0,90425592115567.mockFlowFile,60B] contains 5 records; transferring to 'success'
[pool-1541-thread-1] INFO org.apache.nifi.processors.standard.ExecuteSQLRecord - ExecuteSQLRecord[id=164a9fc5-97bc-4e0e-814a-5ae51594ce47] FlowFile[1,90425594148447.mockFlowFile,60B] contains 5 records; transferring to 'success'
[pool-1541-thread-1] INFO org.apache.nifi.processors.standard.ExecuteSQLRecord - ExecuteSQLRecord[id=164a9fc5-97bc-4e0e-814a-5ae51594ce47] FlowFile[2,90425594304853.mockFlowFile,65B] contains 5 records; transferring to 'success'
[pool-1541-thread-1] INFO org.apache.nifi.processors.standard.ExecuteSQLRecord - ExecuteSQLRecord[id=164a9fc5-97bc-4e0e-814a-5ae51594ce47] FlowFile[3,90425594388589.mockFlowFile,65B] contains 5 records; transferring to 'success'
[pool-1541-thread-1] INFO org.apache.nifi.processors.standard.ExecuteSQLRecord - ExecuteSQLRecord[id=164a9fc5-97bc-4e0e-814a-5ae51594ce47] FlowFile[4,90425594492573.mockFlowFile,65B] contains 5 records; transferring to 'success'
[pool-1541-thread-1] INFO org.apache.nifi.processors.standard.ExecuteSQLRecord - ExecuteSQLRecord[id=164a9fc5-97bc-4e0e-814a-5ae51594ce47] FlowFile[5,90425594699767.mockFlowFile,65B] contains 5 records; transferring to 'success'
[pool-1541-thread-1] INFO org.apache.nifi.processors.standard.ExecuteSQLRecord - ExecuteSQLRecord[id=164a9fc5-97bc-4e0e-814a-5ae51594ce47] FlowFile[6,90425594851264.mockFlowFile,65B] contains 5 records; transferring to 'success'
[pool-1541-thread-1] INFO org.apache.nifi.processors.standard.ExecuteSQLRecord - ExecuteSQLRecord[id=164a9fc5-97bc-4e0e-814a-5ae51594ce47] FlowFile[7,90425595018654.mockFlowFile,65B] contains 5 records; transferring to 'success'
[pool-1541-thread-1] INFO org.apache.nifi.processors.standard.ExecuteSQLRecord - ExecuteSQLRecord[id=164a9fc5-97bc-4e0e-814a-5ae51594ce47] FlowFile[8,90425595154846.mockFlowFile,65B] contains 5 records; transferring to 'success'
[pool-1541-thread-1] INFO org.apache.nifi.processors.standard.ExecuteSQLRecord - ExecuteSQLRecord[id=164a9fc5-97bc-4e0e-814a-5ae51594ce47] FlowFile[9,90425595288143.mockFlowFile,65B] contains 5 records; transferring to 'success'
[pool-1541-thread-1] INFO org.apache.nifi.processors.standard.ExecuteSQLRecord - ExecuteSQLRecord[id=164a9fc5-97bc-4e0e-814a-5ae51594ce47] FlowFile[10,90425595449215.mockFlowFile,65B] contains 5 records; transferring to 'success'
[pool-1541-thread-1] INFO org.apache.nifi.processors.standard.ExecuteSQLRecord - ExecuteSQLRecord[id=164a9fc5-97bc-4e0e-814a-5ae51594ce47] FlowFile[11,90425595611602.mockFlowFile,65B] contains 5 records; transferring to 'success'
[pool-1541-thread-1] INFO org.apache.nifi.processors.standard.ExecuteSQLRecord - ExecuteSQLRecord[id=164a9fc5-97bc-4e0e-814a-5ae51594ce47] FlowFile[12,90425595781882.mockFlowFile,65B] contains 5 records; transferring to 'success'
[pool-1541-thread-1] INFO org.apache.nifi.processors.standard.ExecuteSQLRecord - ExecuteSQLRecord[id=164a9fc5-97bc-4e0e-814a-5ae51594ce47] FlowFile[13,90425595933707.mockFlowFile,65B] contains 5 records; transferring to 'success'
[pool-1541-thread-1] INFO org.apache.nifi.processors.standard.ExecuteSQLRecord - ExecuteSQLRecord[id=164a9fc5-97bc-4e0e-814a-5ae51594ce47] FlowFile[14,90425596104294.mockFlowFile,65B] contains 5 records; transferring to 'success'
[pool-1541-thread-1] INFO org.apache.nifi.processors.standard.ExecuteSQLRecord - ExecuteSQLRecord[id=164a9fc5-97bc-4e0e-814a-5ae51594ce47] FlowFile[15,90425596247793.mockFlowFile,65B] contains 5 records; transferring to 'success'
[pool-1541-thread-1] INFO org.apache.nifi.processors.standard.ExecuteSQLRecord - ExecuteSQLRecord[id=164a9fc5-97bc-4e0e-814a-5ae51594ce47] FlowFile[16,90425596419984.mockFlowFile,65B] contains 5 records; transferring to 'success'
[pool-1541-thread-1] INFO org.apache.nifi.processors.standard.ExecuteSQLRecord - ExecuteSQLRecord[id=164a9fc5-97bc-4e0e-814a-5ae51594ce47] FlowFile[17,90425596550277.mockFlowFile,65B] contains 5 records; transferring to 'success'
[pool-1541-thread-1] INFO org.apache.nifi.processors.standard.ExecuteSQLRecord - ExecuteSQLRecord[id=164a9fc5-97bc-4e0e-814a-5ae51594ce47] FlowFile[18,90425596717877.mockFlowFile,65B] contains 5 records; transferring to 'success'
[pool-1541-thread-1] INFO org.apache.nifi.processors.standard.ExecuteSQLRecord - ExecuteSQLRecord[id=164a9fc5-97bc-4e0e-814a-5ae51594ce47] FlowFile[19,90425596852158.mockFlowFile,65B] contains 5 records; transferring to 'success'
[pool-1541-thread-1] INFO org.apache.nifi.processors.standard.ExecuteSQLRecord - ExecuteSQLRecord[id=164a9fc5-97bc-4e0e-814a-5ae51594ce47] FlowFile[20,90425597029546.mockFlowFile,70B] contains 5 records; transferring to 'success'
[pool-1541-thread-1] INFO org.apache.nifi.processors.standard.ExecuteSQLRecord - ExecuteSQLRecord[id=164a9fc5-97bc-4e0e-814a-5ae51594ce47] FlowFile[21,90425597165681.mockFlowFile,70B] contains 5 records; transferring to 'success'
[pool-1541-thread-1] INFO org.apache.nifi.processors.standard.ExecuteSQLRecord - ExecuteSQLRecord[id=164a9fc5-97bc-4e0e-814a-5ae51594ce47] FlowFile[22,90425597292653.mockFlowFile,70B] contains 5 records; transferring to 'success'
[pool-1541-thread-1] INFO org.apache.nifi.processors.standard.ExecuteSQLRecord - ExecuteSQLRecord[id=164a9fc5-97bc-4e0e-814a-5ae51594ce47] FlowFile[23,90425597441749.mockFlowFile,70B] contains 5 records; transferring to 'success'
[pool-1541-thread-1] INFO org.apache.nifi.processors.standard.ExecuteSQLRecord - ExecuteSQLRecord[id=164a9fc5-97bc-4e0e-814a-5ae51594ce47] FlowFile[24,90425597573386.mockFlowFile,70B] contains 5 records; transferring to 'success'
[pool-1541-thread-1] INFO org.apache.nifi.processors.standard.ExecuteSQLRecord - ExecuteSQLRecord[id=164a9fc5-97bc-4e0e-814a-5ae51594ce47] FlowFile[25,90425597716981.mockFlowFile,70B] contains 5 records; transferring to 'success'
[pool-1541-thread-1] INFO org.apache.nifi.processors.standard.ExecuteSQLRecord - ExecuteSQLRecord[id=164a9fc5-97bc-4e0e-814a-5ae51594ce47] FlowFile[26,90425597864309.mockFlowFile,70B] contains 5 records; transferring to 'success'
[pool-1541-thread-1] INFO org.apache.nifi.processors.standard.ExecuteSQLRecord - ExecuteSQLRecord[id=164a9fc5-97bc-4e0e-814a-5ae51594ce47] FlowFile[27,90425597994220.mockFlowFile,70B] contains 5 records; transferring to 'success'
[pool-1541-thread-1] INFO org.apache.nifi.processors.standard.ExecuteSQLRecord - ExecuteSQLRecord[id=164a9fc5-97bc-4e0e-814a-5ae51594ce47] FlowFile[28,90425598126174.mockFlowFile,70B] contains 5 records; transferring to 'success'
[pool-1541-thread-1] INFO org.apache.nifi.processors.standard.ExecuteSQLRecord - ExecuteSQLRecord[id=164a9fc5-97bc-4e0e-814a-5ae51594ce47] FlowFile[29,90425598329898.mockFlowFile,70B] contains 5 records; transferring to 'success'
[pool-1541-thread-1] INFO org.apache.nifi.processors.standard.ExecuteSQLRecord - ExecuteSQLRecord[id=164a9fc5-97bc-4e0e-814a-5ae51594ce47] FlowFile[30,90425598476079.mockFlowFile,70B] contains 5 records; transferring to 'success'
[pool-1541-thread-1] INFO org.apache.nifi.processors.standard.ExecuteSQLRecord - ExecuteSQLRecord[id=164a9fc5-97bc-4e0e-814a-5ae51594ce47] FlowFile[31,90425598600268.mockFlowFile,70B] contains 5 records; transferring to 'success'
[pool-1541-thread-1] INFO org.apache.nifi.processors.standard.ExecuteSQLRecord - ExecuteSQLRecord[id=164a9fc5-97bc-4e0e-814a-5ae51594ce47] FlowFile[32,90425598767132.mockFlowFile,70B] contains 5 records; transferring to 'success'
[pool-1541-thread-1] INFO org.apache.nifi.processors.standard.ExecuteSQLRecord - ExecuteSQLRecord[id=164a9fc5-97bc-4e0e-814a-5ae51594ce47] FlowFile[33,90425598897144.mockFlowFile,70B] contains 5 records; transferring to 'success'
[pool-1541-thread-1] INFO org.apache.nifi.processors.standard.ExecuteSQLRecord - ExecuteSQLRecord[id=164a9fc5-97bc-4e0e-814a-5ae51594ce47] FlowFile[34,90425599027981.mockFlowFile,70B] contains 5 records; transferring to 'success'
[pool-1541-thread-1] INFO org.apache.nifi.processors.standard.ExecuteSQLRecord - ExecuteSQLRecord[id=164a9fc5-97bc-4e0e-814a-5ae51594ce47] FlowFile[35,90425599167354.mockFlowFile,70B] contains 5 records; transferring to 'success'
[pool-1541-thread-1] INFO org.apache.nifi.processors.standard.ExecuteSQLRecord - ExecuteSQLRecord[id=164a9fc5-97bc-4e0e-814a-5ae51594ce47] FlowFile[36,90425599331358.mockFlowFile,70B] contains 5 records; transferring to 'success'
[pool-1541-thread-1] INFO org.apache.nifi.processors.standard.ExecuteSQLRecord - ExecuteSQLRecord[id=164a9fc5-97bc-4e0e-814a-5ae51594ce47] FlowFile[37,90425599463232.mockFlowFile,70B] contains 5 records; transferring to 'success'
[pool-1541-thread-1] INFO org.apache.nifi.processors.standard.ExecuteSQLRecord - ExecuteSQLRecord[id=164a9fc5-97bc-4e0e-814a-5ae51594ce47] FlowFile[38,90425599586163.mockFlowFile,70B] contains 5 records; transferring to 'success'
[pool-1541-thread-1] INFO org.apache.nifi.processors.standard.ExecuteSQLRecord - ExecuteSQLRecord[id=164a9fc5-97bc-4e0e-814a-5ae51594ce47] FlowFile[39,90425599740468.mockFlowFile,70B] contains 5 records; transferring to 'success'
[pool-1541-thread-1] INFO org.apache.nifi.processors.standard.ExecuteSQLRecord - ExecuteSQLRecord[id=164a9fc5-97bc-4e0e-814a-5ae51594ce47] FlowFile[40,90425599881885.mockFlowFile,70B] contains 5 records; transferring to 'success'
[pool-1541-thread-1] INFO org.apache.nifi.processors.standard.ExecuteSQLRecord - ExecuteSQLRecord[id=164a9fc5-97bc-4e0e-814a-5ae51594ce47] FlowFile[41,90425600020975.mockFlowFile,70B] contains 5 records; transferring to 'success'
[pool-1541-thread-1] INFO org.apache.nifi.processors.standard.ExecuteSQLRecord - ExecuteSQLRecord[id=164a9fc5-97bc-4e0e-814a-5ae51594ce47] FlowFile[42,90425600161910.mockFlowFile,70B] contains 5 records; transferring to 'success'
[pool-1541-thread-1] INFO org.apache.nifi.processors.standard.ExecuteSQLRecord - ExecuteSQLRecord[id=164a9fc5-97bc-4e0e-814a-5ae51594ce47] FlowFile[43,90425600284436.mockFlowFile,70B] contains 5 records; transferring to 'success'
[pool-1541-thread-1] INFO org.apache.nifi.processors.standard.ExecuteSQLRecord - ExecuteSQLRecord[id=164a9fc5-97bc-4e0e-814a-5ae51594ce47] FlowFile[44,90425600412108.mockFlowFile,70B] contains 5 records; transferring to 'success'
[pool-1541-thread-1] INFO org.apache.nifi.processors.standard.ExecuteSQLRecord - ExecuteSQLRecord[id=164a9fc5-97bc-4e0e-814a-5ae51594ce47] FlowFile[45,90425600577069.mockFlowFile,70B] contains 5 records; transferring to 'success'
[pool-1541-thread-1] INFO org.apache.nifi.processors.standard.ExecuteSQLRecord - ExecuteSQLRecord[id=164a9fc5-97bc-4e0e-814a-5ae51594ce47] FlowFile[46,90425600752378.mockFlowFile,70B] contains 5 records; transferring to 'success'
[pool-1541-thread-1] INFO org.apache.nifi.processors.standard.ExecuteSQLRecord - ExecuteSQLRecord[id=164a9fc5-97bc-4e0e-814a-5ae51594ce47] FlowFile[47,90425600877518.mockFlowFile,70B] contains 5 records; transferring to 'success'
[pool-1541-thread-1] INFO org.apache.nifi.processors.standard.ExecuteSQLRecord - ExecuteSQLRecord[id=164a9fc5-97bc-4e0e-814a-5ae51594ce47] FlowFile[48,90425601023812.mockFlowFile,70B] contains 5 records; transferring to 'success'
[pool-1541-thread-1] INFO org.apache.nifi.processors.standard.ExecuteSQLRecord - ExecuteSQLRecord[id=164a9fc5-97bc-4e0e-814a-5ae51594ce47] FlowFile[49,90425601148998.mockFlowFile,70B] contains 5 records; transferring to 'success'
[pool-1541-thread-1] INFO org.apache.nifi.processors.standard.ExecuteSQLRecord - ExecuteSQLRecord[id=164a9fc5-97bc-4e0e-814a-5ae51594ce47] FlowFile[50,90425601286454.mockFlowFile,70B] contains 5 records; transferring to 'success'
[pool-1541-thread-1] INFO org.apache.nifi.processors.standard.ExecuteSQLRecord - ExecuteSQLRecord[id=164a9fc5-97bc-4e0e-814a-5ae51594ce47] FlowFile[51,90425601406653.mockFlowFile,70B] contains 5 records; transferring to 'success'
[pool-1541-thread-1] INFO org.apache.nifi.processors.standard.ExecuteSQLRecord - ExecuteSQLRecord[id=164a9fc5-97bc-4e0e-814a-5ae51594ce47] FlowFile[52,90425601652341.mockFlowFile,70B] contains 5 records; transferring to 'success'
[pool-1541-thread-1] INFO org.apache.nifi.processors.standard.ExecuteSQLRecord - ExecuteSQLRecord[id=164a9fc5-97bc-4e0e-814a-5ae51594ce47] FlowFile[53,90425601778852.mockFlowFile,70B] contains 5 records; transferring to 'success'
[pool-1541-thread-1] INFO org.apache.nifi.processors.standard.ExecuteSQLRecord - ExecuteSQLRecord[id=164a9fc5-97bc-4e0e-814a-5ae51594ce47] FlowFile[54,90425601897369.mockFlowFile,70B] contains 5 records; transferring to 'success'
[pool-1541-thread-1] INFO org.apache.nifi.processors.standard.ExecuteSQLRecord - ExecuteSQLRecord[id=164a9fc5-97bc-4e0e-814a-5ae51594ce47] FlowFile[55,90425602054287.mockFlowFile,70B] contains 5 records; transferring to 'success'
[pool-1541-thread-1] INFO org.apache.nifi.processors.standard.ExecuteSQLRecord - ExecuteSQLRecord[id=164a9fc5-97bc-4e0e-814a-5ae51594ce47] FlowFile[56,90425602180145.mockFlowFile,70B] contains 5 records; transferring to 'success'
[pool-1541-thread-1] INFO org.apache.nifi.processors.standard.ExecuteSQLRecord - ExecuteSQLRecord[id=164a9fc5-97bc-4e0e-814a-5ae51594ce47] FlowFile[57,90425602502807.mockFlowFile,70B] contains 5 records; transferring to 'success'
[pool-1541-thread-1] INFO org.apache.nifi.processors.standard.ExecuteSQLRecord - ExecuteSQLRecord[id=164a9fc5-97bc-4e0e-814a-5ae51594ce47] FlowFile[58,90425602651132.mockFlowFile,70B] contains 5 records; transferring to 'success'
[pool-1541-thread-1] INFO org.apache.nifi.processors.standard.ExecuteSQLRecord - ExecuteSQLRecord[id=164a9fc5-97bc-4e0e-814a-5ae51594ce47] FlowFile[59,90425602773238.mockFlowFile,70B] contains 5 records; transferring to 'success'
[pool-1541-thread-1] INFO org.apache.nifi.processors.standard.ExecuteSQLRecord - ExecuteSQLRecord[id=164a9fc5-97bc-4e0e-814a-5ae51594ce47] FlowFile[60,90425602908334.mockFlowFile,70B] contains 5 records; transferring to 'success'
[pool-1541-thread-1] INFO org.apache.nifi.processors.standard.ExecuteSQLRecord - ExecuteSQLRecord[id=164a9fc5-97bc-4e0e-814a-5ae51594ce47] FlowFile[61,90425603052480.mockFlowFile,70B] contains 5 records; transferring to 'success'
[pool-1541-thread-1] INFO org.apache.nifi.processors.standard.ExecuteSQLRecord - ExecuteSQLRecord[id=164a9fc5-97bc-4e0e-814a-5ae51594ce47] FlowFile[62,90425603178806.mockFlowFile,70B] contains 5 records; transferring to 'success'
[pool-1541-thread-1] INFO org.apache.nifi.processors.standard.ExecuteSQLRecord - ExecuteSQLRecord[id=164a9fc5-97bc-4e0e-814a-5ae51594ce47] FlowFile[63,90425603304951.mockFlowFile,70B] contains 5 records; transferring to 'success'
[pool-1541-thread-1] INFO org.apache.nifi.processors.standard.ExecuteSQLRecord - ExecuteSQLRecord[id=164a9fc5-97bc-4e0e-814a-5ae51594ce47] FlowFile[64,90425603456927.mockFlowFile,70B] contains 5 records; transferring to 'success'
[pool-1541-thread-1] INFO org.apache.nifi.processors.standard.ExecuteSQLRecord - ExecuteSQLRecord[id=164a9fc5-97bc-4e0e-814a-5ae51594ce47] FlowFile[65,90425603597624.mockFlowFile,70B] contains 5 records; transferring to 'success'
[pool-1541-thread-1] INFO org.apache.nifi.processors.standard.ExecuteSQLRecord - ExecuteSQLRecord[id=164a9fc5-97bc-4e0e-814a-5ae51594ce47] FlowFile[66,90425603724247.mockFlowFile,70B] contains 5 records; transferring to 'success'
[pool-1541-thread-1] INFO org.apache.nifi.processors.standard.ExecuteSQLRecord - ExecuteSQLRecord[id=164a9fc5-97bc-4e0e-814a-5ae51594ce47] FlowFile[67,90425603838087.mockFlowFile,70B] contains 5 records; transferring to 'success'
[pool-1541-thread-1] INFO org.apache.nifi.processors.standard.ExecuteSQLRecord - ExecuteSQLRecord[id=164a9fc5-97bc-4e0e-814a-5ae51594ce47] FlowFile[68,90425603986551.mockFlowFile,70B] contains 5 records; transferring to 'success'
[pool-1541-thread-1] INFO org.apache.nifi.processors.standard.ExecuteSQLRecord - ExecuteSQLRecord[id=164a9fc5-97bc-4e0e-814a-5ae51594ce47] FlowFile[69,90425604117701.mockFlowFile,70B] contains 5 records; transferring to 'success'
[pool-1541-thread-1] INFO org.apache.nifi.processors.standard.ExecuteSQLRecord - ExecuteSQLRecord[id=164a9fc5-97bc-4e0e-814a-5ae51594ce47] FlowFile[70,90425604258753.mockFlowFile,70B] contains 5 records; transferring to 'success'
[pool-1541-thread-1] INFO org.apache.nifi.processors.standard.ExecuteSQLRecord - ExecuteSQLRecord[id=164a9fc5-97bc-4e0e-814a-5ae51594ce47] FlowFile[71,90425604460616.mockFlowFile,70B] contains 5 records; transferring to 'success'
[pool-1541-thread-1] INFO org.apache.nifi.processors.standard.ExecuteSQLRecord - ExecuteSQLRecord[id=164a9fc5-97bc-4e0e-814a-5ae51594ce47] FlowFile[72,90425604577483.mockFlowFile,70B] contains 5 records; transferring to 'success'
[pool-1541-thread-1] INFO org.apache.nifi.processors.standard.ExecuteSQLRecord - ExecuteSQLRecord[id=164a9fc5-97bc-4e0e-814a-5ae51594ce47] FlowFile[73,90425604693116.mockFlowFile,70B] contains 5 records; transferring to 'success'
[pool-1541-thread-1] INFO org.apache.nifi.processors.standard.ExecuteSQLRecord - ExecuteSQLRecord[id=164a9fc5-97bc-4e0e-814a-5ae51594ce47] FlowFile[74,90425604822370.mockFlowFile,70B] contains 5 records; transferring to 'success'
[pool-1541-thread-1] INFO org.apache.nifi.processors.standard.ExecuteSQLRecord - ExecuteSQLRecord[id=164a9fc5-97bc-4e0e-814a-5ae51594ce47] FlowFile[75,90425604956226.mockFlowFile,70B] contains 5 records; transferring to 'success'
[pool-1541-thread-1] INFO org.apache.nifi.processors.standard.ExecuteSQLRecord - ExecuteSQLRecord[id=164a9fc5-97bc-4e0e-814a-5ae51594ce47] FlowFile[76,90425605077663.mockFlowFile,70B] contains 5 records; transferring to 'success'
[pool-1541-thread-1] INFO org.apache.nifi.processors.standard.ExecuteSQLRecord - ExecuteSQLRecord[id=164a9fc5-97bc-4e0e-814a-5ae51594ce47] FlowFile[77,90425605216770.mockFlowFile,70B] contains 5 records; transferring to 'success'
[pool-1541-thread-1] INFO org.apache.nifi.processors.standard.ExecuteSQLRecord - ExecuteSQLRecord[id=164a9fc5-97bc-4e0e-814a-5ae51594ce47] FlowFile[78,90425605337241.mockFlowFile,70B] contains 5 records; transferring to 'success'
[pool-1541-thread-1] INFO org.apache.nifi.processors.standard.ExecuteSQLRecord - ExecuteSQLRecord[id=164a9fc5-97bc-4e0e-814a-5ae51594ce47] FlowFile[79,90425605451617.mockFlowFile,70B] contains 5 records; transferring to 'success'
[pool-1541-thread-1] INFO org.apache.nifi.processors.standard.ExecuteSQLRecord - ExecuteSQLRecord[id=164a9fc5-97bc-4e0e-814a-5ae51594ce47] FlowFile[80,90425605613981.mockFlowFile,70B] contains 5 records; transferring to 'success'
[pool-1541-thread-1] INFO org.apache.nifi.processors.standard.ExecuteSQLRecord - ExecuteSQLRecord[id=164a9fc5-97bc-4e0e-814a-5ae51594ce47] FlowFile[81,90425605729604.mockFlowFile,70B] contains 5 records; transferring to 'success'
[pool-1541-thread-1] INFO org.apache.nifi.processors.standard.ExecuteSQLRecord - ExecuteSQLRecord[id=164a9fc5-97bc-4e0e-814a-5ae51594ce47] FlowFile[82,90425605848795.mockFlowFile,70B] contains 5 records; transferring to 'success'
[pool-1541-thread-1] INFO org.apache.nifi.processors.standard.ExecuteSQLRecord - ExecuteSQLRecord[id=164a9fc5-97bc-4e0e-814a-5ae51594ce47] FlowFile[83,90425605973395.mockFlowFile,70B] contains 5 records; transferring to 'success'
[pool-1541-thread-1] INFO org.apache.nifi.processors.standard.ExecuteSQLRecord - ExecuteSQLRecord[id=164a9fc5-97bc-4e0e-814a-5ae51594ce47] FlowFile[84,90425606113425.mockFlowFile,70B] contains 5 records; transferring to 'success'
[pool-1541-thread-1] INFO org.apache.nifi.processors.standard.ExecuteSQLRecord - ExecuteSQLRecord[id=164a9fc5-97bc-4e0e-814a-5ae51594ce47] FlowFile[85,90425606264593.mockFlowFile,70B] contains 5 records; transferring to 'success'
[pool-1541-thread-1] INFO org.apache.nifi.processors.standard.ExecuteSQLRecord - ExecuteSQLRecord[id=164a9fc5-97bc-4e0e-814a-5ae51594ce47] FlowFile[86,90425606390330.mockFlowFile,70B] contains 5 records; transferring to 'success'
[pool-1541-thread-1] INFO org.apache.nifi.processors.standard.ExecuteSQLRecord - ExecuteSQLRecord[id=164a9fc5-97bc-4e0e-814a-5ae51594ce47] FlowFile[87,90425606529645.mockFlowFile,70B] contains 5 records; transferring to 'success'
[pool-1541-thread-1] INFO org.apache.nifi.processors.standard.ExecuteSQLRecord - ExecuteSQLRecord[id=164a9fc5-97bc-4e0e-814a-5ae51594ce47] FlowFile[88,90425606646439.mockFlowFile,70B] contains 5 records; transferring to 'success'
[pool-1541-thread-1] INFO org.apache.nifi.processors.standard.ExecuteSQLRecord - ExecuteSQLRecord[id=164a9fc5-97bc-4e0e-814a-5ae51594ce47] FlowFile[89,90425606761711.mockFlowFile,70B] contains 5 records; transferring to 'success'
[pool-1541-thread-1] INFO org.apache.nifi.processors.standard.ExecuteSQLRecord - ExecuteSQLRecord[id=164a9fc5-97bc-4e0e-814a-5ae51594ce47] FlowFile[90,90425606902338.mockFlowFile,70B] contains 5 records; transferring to 'success'
[pool-1541-thread-1] INFO org.apache.nifi.processors.standard.ExecuteSQLRecord - ExecuteSQLRecord[id=164a9fc5-97bc-4e0e-814a-5ae51594ce47] FlowFile[91,90425607021344.mockFlowFile,70B] contains 5 records; transferring to 'success'
[pool-1541-thread-1] INFO org.apache.nifi.processors.standard.ExecuteSQLRecord - ExecuteSQLRecord[id=164a9fc5-97bc-4e0e-814a-5ae51594ce47] FlowFile[92,90425607132358.mockFlowFile,70B] contains 5 records; transferring to 'success'
[pool-1541-thread-1] INFO org.apache.nifi.processors.standard.ExecuteSQLRecord - ExecuteSQLRecord[id=164a9fc5-97bc-4e0e-814a-5ae51594ce47] FlowFile[93,90425607264908.mockFlowFile,70B] contains 5 records; transferring to 'success'
[pool-1541-thread-1] INFO org.apache.nifi.processors.standard.ExecuteSQLRecord - ExecuteSQLRecord[id=164a9fc5-97bc-4e0e-814a-5ae51594ce47] FlowFile[94,90425607380918.mockFlowFile,70B] contains 5 records; transferring to 'success'
[pool-1541-thread-1] INFO org.apache.nifi.processors.standard.ExecuteSQLRecord - ExecuteSQLRecord[id=164a9fc5-97bc-4e0e-814a-5ae51594ce47] FlowFile[95,90425607514736.mockFlowFile,70B] contains 5 records; transferring to 'success'
[pool-1541-thread-1] INFO org.apache.nifi.processors.standard.ExecuteSQLRecord - ExecuteSQLRecord[id=164a9fc5-97bc-4e0e-814a-5ae51594ce47] FlowFile[96,90425607694395.mockFlowFile,70B] contains 5 records; transferring to 'success'
[pool-1541-thread-1] INFO org.apache.nifi.processors.standard.ExecuteSQLRecord - ExecuteSQLRecord[id=164a9fc5-97bc-4e0e-814a-5ae51594ce47] FlowFile[97,90425607808150.mockFlowFile,70B] contains 5 records; transferring to 'success'
[pool-1541-thread-1] INFO org.apache.nifi.processors.standard.ExecuteSQLRecord - ExecuteSQLRecord[id=164a9fc5-97bc-4e0e-814a-5ae51594ce47] FlowFile[98,90425607922581.mockFlowFile,70B] contains 5 records; transferring to 'success'
[pool-1541-thread-1] INFO org.apache.nifi.processors.standard.ExecuteSQLRecord - ExecuteSQLRecord[id=164a9fc5-97bc-4e0e-814a-5ae51594ce47] FlowFile[99,90425608062652.mockFlowFile,70B] contains 5 records; transferring to 'success'
[pool-1541-thread-1] INFO org.apache.nifi.processors.standard.ExecuteSQLRecord - ExecuteSQLRecord[id=164a9fc5-97bc-4e0e-814a-5ae51594ce47] FlowFile[100,90425608199776.mockFlowFile,70B] contains 5 records; transferring to 'success'
[pool-1541-thread-1] INFO org.apache.nifi.processors.standard.ExecuteSQLRecord - ExecuteSQLRecord[id=164a9fc5-97bc-4e0e-814a-5ae51594ce47] FlowFile[101,90425608306680.mockFlowFile,70B] contains 5 records; transferring to 'success'
[pool-1541-thread-1] INFO org.apache.nifi.processors.standard.ExecuteSQLRecord - ExecuteSQLRecord[id=164a9fc5-97bc-4e0e-814a-5ae51594ce47] FlowFile[102,90425608411928.mockFlowFile,70B] contains 5 records; transferring to 'success'
[pool-1541-thread-1] INFO org.apache.nifi.processors.standard.ExecuteSQLRecord - ExecuteSQLRecord[id=164a9fc5-97bc-4e0e-814a-5ae51594ce47] FlowFile[103,90425608530969.mockFlowFile,70B] contains 5 records; transferring to 'success'
[pool-1541-thread-1] INFO org.apache.nifi.processors.standard.ExecuteSQLRecord - ExecuteSQLRecord[id=164a9fc5-97bc-4e0e-814a-5ae51594ce47] FlowFile[104,90425608640837.mockFlowFile,70B] contains 5 records; transferring to 'success'
[pool-1541-thread-1] INFO org.apache.nifi.processors.standard.ExecuteSQLRecord - ExecuteSQLRecord[id=164a9fc5-97bc-4e0e-814a-5ae51594ce47] FlowFile[105,90425608757491.mockFlowFile,70B] contains 5 records; transferring to 'success'
[pool-1541-thread-1] INFO org.apache.nifi.processors.standard.ExecuteSQLRecord - ExecuteSQLRecord[id=164a9fc5-97bc-4e0e-814a-5ae51594ce47] FlowFile[106,90425608878735.mockFlowFile,70B] contains 5 records; transferring to 'success'
[pool-1541-thread-1] INFO org.apache.nifi.processors.standard.ExecuteSQLRecord - ExecuteSQLRecord[id=164a9fc5-97bc-4e0e-814a-5ae51594ce47] FlowFile[107,90425608986715.mockFlowFile,70B] contains 5 records; transferring to 'success'
[pool-1541-thread-1] INFO org.apache.nifi.processors.standard.ExecuteSQLRecord - ExecuteSQLRecord[id=164a9fc5-97bc-4e0e-814a-5ae51594ce47] FlowFile[108,90425609096664.mockFlowFile,70B] contains 5 records; transferring to 'success'
[pool-1541-thread-1] INFO org.apache.nifi.processors.standard.ExecuteSQLRecord - ExecuteSQLRecord[id=164a9fc5-97bc-4e0e-814a-5ae51594ce47] FlowFile[109,90425609222561.mockFlowFile,70B] contains 5 records; transferring to 'success'
[pool-1541-thread-1] INFO org.apache.nifi.processors.standard.ExecuteSQLRecord - ExecuteSQLRecord[id=164a9fc5-97bc-4e0e-814a-5ae51594ce47] FlowFile[110,90425609345687.mockFlowFile,70B] contains 5 records; transferring to 'success'
[pool-1541-thread-1] INFO org.apache.nifi.processors.standard.ExecuteSQLRecord - ExecuteSQLRecord[id=164a9fc5-97bc-4e0e-814a-5ae51594ce47] FlowFile[111,90425609490284.mockFlowFile,70B] contains 5 records; transferring to 'success'
[pool-1541-thread-1] INFO org.apache.nifi.processors.standard.ExecuteSQLRecord - ExecuteSQLRecord[id=164a9fc5-97bc-4e0e-814a-5ae51594ce47] FlowFile[112,90425609621811.mockFlowFile,70B] contains 5 records; transferring to 'success'
[pool-1541-thread-1] INFO org.apache.nifi.processors.standard.ExecuteSQLRecord - ExecuteSQLRecord[id=164a9fc5-97bc-4e0e-814a-5ae51594ce47] FlowFile[113,90425609767060.mockFlowFile,70B] contains 5 records; transferring to 'success'
[pool-1541-thread-1] INFO org.apache.nifi.processors.standard.ExecuteSQLRecord - ExecuteSQLRecord[id=164a9fc5-97bc-4e0e-814a-5ae51594ce47] FlowFile[114,90425609884859.mockFlowFile,70B] contains 5 records; transferring to 'success'
[pool-1541-thread-1] INFO org.apache.nifi.processors.standard.ExecuteSQLRecord - ExecuteSQLRecord[id=164a9fc5-97bc-4e0e-814a-5ae51594ce47] FlowFile[115,90425610004074.mockFlowFile,70B] contains 5 records; transferring to 'success'
[pool-1541-thread-1] INFO org.apache.nifi.processors.standard.ExecuteSQLRecord - ExecuteSQLRecord[id=164a9fc5-97bc-4e0e-814a-5ae51594ce47] FlowFile[116,90425610130237.mockFlowFile,70B] contains 5 records; transferring to 'success'
[pool-1541-thread-1] INFO org.apache.nifi.processors.standard.ExecuteSQLRecord - ExecuteSQLRecord[id=164a9fc5-97bc-4e0e-814a-5ae51594ce47] FlowFile[117,90425610240223.mockFlowFile,70B] contains 5 records; transferring to 'success'
[pool-1541-thread-1] INFO org.apache.nifi.processors.standard.ExecuteSQLRecord - ExecuteSQLRecord[id=164a9fc5-97bc-4e0e-814a-5ae51594ce47] FlowFile[118,90425610345951.mockFlowFile,70B] contains 5 records; transferring to 'success'
[pool-1541-thread-1] INFO org.apache.nifi.processors.standard.ExecuteSQLRecord - ExecuteSQLRecord[id=164a9fc5-97bc-4e0e-814a-5ae51594ce47] FlowFile[119,90425610471880.mockFlowFile,70B] contains 5 records; transferring to 'success'
[pool-1541-thread-1] INFO org.apache.nifi.processors.standard.ExecuteSQLRecord - ExecuteSQLRecord[id=164a9fc5-97bc-4e0e-814a-5ae51594ce47] FlowFile[120,90425610593337.mockFlowFile,70B] contains 5 records; transferring to 'success'
[pool-1541-thread-1] INFO org.apache.nifi.processors.standard.ExecuteSQLRecord - ExecuteSQLRecord[id=164a9fc5-97bc-4e0e-814a-5ae51594ce47] FlowFile[121,90425610709690.mockFlowFile,70B] contains 5 records; transferring to 'success'
[pool-1541-thread-1] INFO org.apache.nifi.processors.standard.ExecuteSQLRecord - ExecuteSQLRecord[id=164a9fc5-97bc-4e0e-814a-5ae51594ce47] FlowFile[122,90425610829249.mockFlowFile,70B] contains 5 records; transferring to 'success'
[pool-1541-thread-1] INFO org.apache.nifi.processors.standard.ExecuteSQLRecord - ExecuteSQLRecord[id=164a9fc5-97bc-4e0e-814a-5ae51594ce47] FlowFile[123,90425610934216.mockFlowFile,70B] contains 5 records; transferring to 'success'
[pool-1541-thread-1] INFO org.apache.nifi.processors.standard.ExecuteSQLRecord - ExecuteSQLRecord[id=164a9fc5-97bc-4e0e-814a-5ae51594ce47] FlowFile[124,90425611038221.mockFlowFile,70B] contains 5 records; transferring to 'success'
[pool-1541-thread-1] INFO org.apache.nifi.processors.standard.ExecuteSQLRecord - ExecuteSQLRecord[id=164a9fc5-97bc-4e0e-814a-5ae51594ce47] FlowFile[125,90425611171072.mockFlowFile,70B] contains 5 records; transferring to 'success'
[pool-1541-thread-1] INFO org.apache.nifi.processors.standard.ExecuteSQLRecord - ExecuteSQLRecord[id=164a9fc5-97bc-4e0e-814a-5ae51594ce47] FlowFile[126,90425611279615.mockFlowFile,70B] contains 5 records; transferring to 'success'
[pool-1541-thread-1] INFO org.apache.nifi.processors.standard.ExecuteSQLRecord - ExecuteSQLRecord[id=164a9fc5-97bc-4e0e-814a-5ae51594ce47] FlowFile[127,90425611384993.mockFlowFile,70B] contains 5 records; transferring to 'success'
[pool-1541-thread-1] INFO org.apache.nifi.processors.standard.ExecuteSQLRecord - ExecuteSQLRecord[id=164a9fc5-97bc-4e0e-814a-5ae51594ce47] FlowFile[128,90425611524238.mockFlowFile,70B] contains 5 records; transferring to 'success'
[pool-1541-thread-1] INFO org.apache.nifi.processors.standard.ExecuteSQLRecord - ExecuteSQLRecord[id=164a9fc5-97bc-4e0e-814a-5ae51594ce47] FlowFile[129,90425611643918.mockFlowFile,70B] contains 5 records; transferring to 'success'
[pool-1541-thread-1] INFO org.apache.nifi.processors.standard.ExecuteSQLRecord - ExecuteSQLRecord[id=164a9fc5-97bc-4e0e-814a-5ae51594ce47] FlowFile[130,90425611779527.mockFlowFile,70B] contains 5 records; transferring to 'success'
[pool-1541-thread-1] INFO org.apache.nifi.processors.standard.ExecuteSQLRecord - ExecuteSQLRecord[id=164a9fc5-97bc-4e0e-814a-5ae51594ce47] FlowFile[131,90425611889351.mockFlowFile,70B] contains 5 records; transferring to 'success'
[pool-1541-thread-1] INFO org.apache.nifi.processors.standard.ExecuteSQLRecord - ExecuteSQLRecord[id=164a9fc5-97bc-4e0e-814a-5ae51594ce47] FlowFile[132,90425612025615.mockFlowFile,70B] contains 5 records; transferring to 'success'
[pool-1541-thread-1] INFO org.apache.nifi.processors.standard.ExecuteSQLRecord - ExecuteSQLRecord[id=164a9fc5-97bc-4e0e-814a-5ae51594ce47] FlowFile[133,90425612133461.mockFlowFile,70B] contains 5 records; transferring to 'success'
[pool-1541-thread-1] INFO org.apache.nifi.processors.standard.ExecuteSQLRecord - ExecuteSQLRecord[id=164a9fc5-97bc-4e0e-814a-5ae51594ce47] FlowFile[134,90425612241386.mockFlowFile,70B] contains 5 records; transferring to 'success'
[pool-1541-thread-1] INFO org.apache.nifi.processors.standard.ExecuteSQLRecord - ExecuteSQLRecord[id=164a9fc5-97bc-4e0e-814a-5ae51594ce47] FlowFile[135,90425612371684.mockFlowFile,70B] contains 5 records; transferring to 'success'
[pool-1541-thread-1] INFO org.apache.nifi.processors.standard.ExecuteSQLRecord - ExecuteSQLRecord[id=164a9fc5-97bc-4e0e-814a-5ae51594ce47] FlowFile[136,90425612475441.mockFlowFile,70B] contains 5 records; transferring to 'success'
[pool-1541-thread-1] INFO org.apache.nifi.processors.standard.ExecuteSQLRecord - ExecuteSQLRecord[id=164a9fc5-97bc-4e0e-814a-5ae51594ce47] FlowFile[137,90425612576316.mockFlowFile,70B] contains 5 records; transferring to 'success'
[pool-1541-thread-1] INFO org.apache.nifi.processors.standard.ExecuteSQLRecord - ExecuteSQLRecord[id=164a9fc5-97bc-4e0e-814a-5ae51594ce47] FlowFile[138,90425612743257.mockFlowFile,70B] contains 5 records; transferring to 'success'
[pool-1541-thread-1] INFO org.apache.nifi.processors.standard.ExecuteSQLRecord - ExecuteSQLRecord[id=164a9fc5-97bc-4e0e-814a-5ae51594ce47] FlowFile[139,90425612842573.mockFlowFile,70B] contains 5 records; transferring to 'success'
[pool-1541-thread-1] INFO org.apache.nifi.processors.standard.ExecuteSQLRecord - ExecuteSQLRecord[id=164a9fc5-97bc-4e0e-814a-5ae51594ce47] FlowFile[140,90425612955456.mockFlowFile,70B] contains 5 records; transferring to 'success'
[pool-1541-thread-1] INFO org.apache.nifi.processors.standard.ExecuteSQLRecord - ExecuteSQLRecord[id=164a9fc5-97bc-4e0e-814a-5ae51594ce47] FlowFile[141,90425613068865.mockFlowFile,70B] contains 5 records; transferring to 'success'
[pool-1541-thread-1] INFO org.apache.nifi.processors.standard.ExecuteSQLRecord - ExecuteSQLRecord[id=164a9fc5-97bc-4e0e-814a-5ae51594ce47] FlowFile[142,90425613168139.mockFlowFile,70B] contains 5 records; transferring to 'success'
[pool-1541-thread-1] INFO org.apache.nifi.processors.standard.ExecuteSQLRecord - ExecuteSQLRecord[id=164a9fc5-97bc-4e0e-814a-5ae51594ce47] FlowFile[143,90425613268897.mockFlowFile,70B] contains 5 records; transferring to 'success'
[pool-1541-thread-1] INFO org.apache.nifi.processors.standard.ExecuteSQLRecord - ExecuteSQLRecord[id=164a9fc5-97bc-4e0e-814a-5ae51594ce47] FlowFile[144,90425613392208.mockFlowFile,70B] contains 5 records; transferring to 'success'
[pool-1541-thread-1] INFO org.apache.nifi.processors.standard.ExecuteSQLRecord - ExecuteSQLRecord[id=164a9fc5-97bc-4e0e-814a-5ae51594ce47] FlowFile[145,90425613499808.mockFlowFile,70B] contains 5 records; transferring to 'success'
[pool-1541-thread-1] INFO org.apache.nifi.processors.standard.ExecuteSQLRecord - ExecuteSQLRecord[id=164a9fc5-97bc-4e0e-814a-5ae51594ce47] FlowFile[146,90425613644721.mockFlowFile,70B] contains 5 records; transferring to 'success'
[pool-1541-thread-1] INFO org.apache.nifi.processors.standard.ExecuteSQLRecord - ExecuteSQLRecord[id=164a9fc5-97bc-4e0e-814a-5ae51594ce47] FlowFile[147,90425613752721.mockFlowFile,70B] contains 5 records; transferring to 'success'
[pool-1541-thread-1] INFO org.apache.nifi.processors.standard.ExecuteSQLRecord - ExecuteSQLRecord[id=164a9fc5-97bc-4e0e-814a-5ae51594ce47] FlowFile[148,90425613869489.mockFlowFile,70B] contains 5 records; transferring to 'success'
[pool-1541-thread-1] INFO org.apache.nifi.processors.standard.ExecuteSQLRecord - ExecuteSQLRecord[id=164a9fc5-97bc-4e0e-814a-5ae51594ce47] FlowFile[149,90425613970230.mockFlowFile,70B] contains 5 records; transferring to 'success'
[pool-1541-thread-1] INFO org.apache.nifi.processors.standard.ExecuteSQLRecord - ExecuteSQLRecord[id=164a9fc5-97bc-4e0e-814a-5ae51594ce47] FlowFile[150,90425614078961.mockFlowFile,70B] contains 5 records; transferring to 'success'
[pool-1541-thread-1] INFO org.apache.nifi.processors.standard.ExecuteSQLRecord - ExecuteSQLRecord[id=164a9fc5-97bc-4e0e-814a-5ae51594ce47] FlowFile[151,90425614196020.mockFlowFile,70B] contains 5 records; transferring to 'success'
[pool-1541-thread-1] INFO org.apache.nifi.processors.standard.ExecuteSQLRecord - ExecuteSQLRecord[id=164a9fc5-97bc-4e0e-814a-5ae51594ce47] FlowFile[152,90425614309913.mockFlowFile,70B] contains 5 records; transferring to 'success'
[pool-1541-thread-1] INFO org.apache.nifi.processors.standard.ExecuteSQLRecord - ExecuteSQLRecord[id=164a9fc5-97bc-4e0e-814a-5ae51594ce47] FlowFile[153,90425614409734.mockFlowFile,70B] contains 5 records; transferring to 'success'
[pool-1541-thread-1] INFO org.apache.nifi.processors.standard.ExecuteSQLRecord - ExecuteSQLRecord[id=164a9fc5-97bc-4e0e-814a-5ae51594ce47] FlowFile[154,90425614523155.mockFlowFile,70B] contains 5 records; transferring to 'success'
[pool-1541-thread-1] INFO org.apache.nifi.processors.standard.ExecuteSQLRecord - ExecuteSQLRecord[id=164a9fc5-97bc-4e0e-814a-5ae51594ce47] FlowFile[155,90425614635523.mockFlowFile,70B] contains 5 records; transferring to 'success'
[pool-1541-thread-1] INFO org.apache.nifi.processors.standard.ExecuteSQLRecord - ExecuteSQLRecord[id=164a9fc5-97bc-4e0e-814a-5ae51594ce47] FlowFile[156,90425614738586.mockFlowFile,70B] contains 5 records; transferring to 'success'
[pool-1541-thread-1] INFO org.apache.nifi.processors.standard.ExecuteSQLRecord - ExecuteSQLRecord[id=164a9fc5-97bc-4e0e-814a-5ae51594ce47] FlowFile[157,90425614970743.mockFlowFile,70B] contains 5 records; transferring to 'success'
[pool-1541-thread-1] INFO org.apache.nifi.processors.standard.ExecuteSQLRecord - ExecuteSQLRecord[id=164a9fc5-97bc-4e0e-814a-5ae51594ce47] FlowFile[158,90425615092230.mockFlowFile,70B] contains 5 records; transferring to 'success'
[pool-1541-thread-1] INFO org.apache.nifi.processors.standard.ExecuteSQLRecord - ExecuteSQLRecord[id=164a9fc5-97bc-4e0e-814a-5ae51594ce47] FlowFile[159,90425615193948.mockFlowFile,70B] contains 5 records; transferring to 'success'
[pool-1541-thread-1] INFO org.apache.nifi.processors.standard.ExecuteSQLRecord - ExecuteSQLRecord[id=164a9fc5-97bc-4e0e-814a-5ae51594ce47] FlowFile[160,90425615330830.mockFlowFile,70B] contains 5 records; transferring to 'success'
[pool-1541-thread-1] INFO org.apache.nifi.processors.standard.ExecuteSQLRecord - ExecuteSQLRecord[id=164a9fc5-97bc-4e0e-814a-5ae51594ce47] FlowFile[161,90425615431153.mockFlowFile,70B] contains 5 records; transferring to 'success'
[pool-1541-thread-1] INFO org.apache.nifi.processors.standard.ExecuteSQLRecord - ExecuteSQLRecord[id=164a9fc5-97bc-4e0e-814a-5ae51594ce47] FlowFile[162,90425615530004.mockFlowFile,70B] contains 5 records; transferring to 'success'
[pool-1541-thread-1] INFO org.apache.nifi.processors.standard.ExecuteSQLRecord - ExecuteSQLRecord[id=164a9fc5-97bc-4e0e-814a-5ae51594ce47] FlowFile[163,90425615669978.mockFlowFile,70B] contains 5 records; transferring to 'success'
[pool-1541-thread-1] INFO org.apache.nifi.processors.standard.ExecuteSQLRecord - ExecuteSQLRecord[id=164a9fc5-97bc-4e0e-814a-5ae51594ce47] FlowFile[164,90425615789962.mockFlowFile,70B] contains 5 records; transferring to 'success'
[pool-1541-thread-1] INFO org.apache.nifi.processors.standard.ExecuteSQLRecord - ExecuteSQLRecord[id=164a9fc5-97bc-4e0e-814a-5ae51594ce47] FlowFile[165,90425615901319.mockFlowFile,70B] contains 5 records; transferring to 'success'
[pool-1541-thread-1] INFO org.apache.nifi.processors.standard.ExecuteSQLRecord - ExecuteSQLRecord[id=164a9fc5-97bc-4e0e-814a-5ae51594ce47] FlowFile[166,90425615998149.mockFlowFile,70B] contains 5 records; transferring to 'success'
[pool-1541-thread-1] INFO org.apache.nifi.processors.standard.ExecuteSQLRecord - ExecuteSQLRecord[id=164a9fc5-97bc-4e0e-814a-5ae51594ce47] FlowFile[167,90425616127170.mockFlowFile,70B] contains 5 records; transferring to 'success'
[pool-1541-thread-1] INFO org.apache.nifi.processors.standard.ExecuteSQLRecord - ExecuteSQLRecord[id=164a9fc5-97bc-4e0e-814a-5ae51594ce47] FlowFile[168,90425616221948.mockFlowFile,70B] contains 5 records; transferring to 'success'
[pool-1541-thread-1] INFO org.apache.nifi.processors.standard.ExecuteSQLRecord - ExecuteSQLRecord[id=164a9fc5-97bc-4e0e-814a-5ae51594ce47] FlowFile[169,90425616313809.mockFlowFile,70B] contains 5 records; transferring to 'success'
[pool-1541-thread-1] INFO org.apache.nifi.processors.standard.ExecuteSQLRecord - ExecuteSQLRecord[id=164a9fc5-97bc-4e0e-814a-5ae51594ce47] FlowFile[170,90425616436815.mockFlowFile,70B] contains 5 records; transferring to 'success'
[pool-1541-thread-1] INFO org.apache.nifi.processors.standard.ExecuteSQLRecord - ExecuteSQLRecord[id=164a9fc5-97bc-4e0e-814a-5ae51594ce47] FlowFile[171,90425616544065.mockFlowFile,70B] contains 5 records; transferring to 'success'
[pool-1541-thread-1] INFO org.apache.nifi.processors.standard.ExecuteSQLRecord - ExecuteSQLRecord[id=164a9fc5-97bc-4e0e-814a-5ae51594ce47] FlowFile[172,90425616725799.mockFlowFile,70B] contains 5 records; transferring to 'success'
[pool-1541-thread-1] INFO org.apache.nifi.processors.standard.ExecuteSQLRecord - ExecuteSQLRecord[id=164a9fc5-97bc-4e0e-814a-5ae51594ce47] FlowFile[173,90425616835930.mockFlowFile,70B] contains 5 records; transferring to 'success'
[pool-1541-thread-1] INFO org.apache.nifi.processors.standard.ExecuteSQLRecord - ExecuteSQLRecord[id=164a9fc5-97bc-4e0e-814a-5ae51594ce47] FlowFile[174,90425616929235.mockFlowFile,70B] contains 5 records; transferring to 'success'
[pool-1541-thread-1] INFO org.apache.nifi.processors.standard.ExecuteSQLRecord - ExecuteSQLRecord[id=164a9fc5-97bc-4e0e-814a-5ae51594ce47] FlowFile[175,90425617046734.mockFlowFile,70B] contains 5 records; transferring to 'success'
[pool-1541-thread-1] INFO org.apache.nifi.processors.standard.ExecuteSQLRecord - ExecuteSQLRecord[id=164a9fc5-97bc-4e0e-814a-5ae51594ce47] FlowFile[176,90425617327802.mockFlowFile,70B] contains 5 records; transferring to 'success'
[pool-1541-thread-1] INFO org.apache.nifi.processors.standard.ExecuteSQLRecord - ExecuteSQLRecord[id=164a9fc5-97bc-4e0e-814a-5ae51594ce47] FlowFile[177,90425617452134.mockFlowFile,70B] contains 5 records; transferring to 'success'
[pool-1541-thread-1] INFO org.apache.nifi.processors.standard.ExecuteSQLRecord - ExecuteSQLRecord[id=164a9fc5-97bc-4e0e-814a-5ae51594ce47] FlowFile[178,90425617565919.mockFlowFile,70B] contains 5 records; transferring to 'success'
[pool-1541-thread-1] INFO org.apache.nifi.processors.standard.ExecuteSQLRecord - ExecuteSQLRecord[id=164a9fc5-97bc-4e0e-814a-5ae51594ce47] FlowFile[179,90425617665484.mockFlowFile,70B] contains 5 records; transferring to 'success'
[pool-1541-thread-1] INFO org.apache.nifi.processors.standard.ExecuteSQLRecord - ExecuteSQLRecord[id=164a9fc5-97bc-4e0e-814a-5ae51594ce47] FlowFile[180,90425617803060.mockFlowFile,70B] contains 5 records; transferring to 'success'
[pool-1541-thread-1] INFO org.apache.nifi.processors.standard.ExecuteSQLRecord - ExecuteSQLRecord[id=164a9fc5-97bc-4e0e-814a-5ae51594ce47] FlowFile[181,90425617905167.mockFlowFile,70B] contains 5 records; transferring to 'success'
[pool-1541-thread-1] INFO org.apache.nifi.processors.standard.ExecuteSQLRecord - ExecuteSQLRecord[id=164a9fc5-97bc-4e0e-814a-5ae51594ce47] FlowFile[182,90425618018195.mockFlowFile,70B] contains 5 records; transferring to 'success'
[pool-1541-thread-1] INFO org.apache.nifi.processors.standard.ExecuteSQLRecord - ExecuteSQLRecord[id=164a9fc5-97bc-4e0e-814a-5ae51594ce47] FlowFile[183,90425618136143.mockFlowFile,70B] contains 5 records; transferring to 'success'
[pool-1541-thread-1] INFO org.apache.nifi.processors.standard.ExecuteSQLRecord - ExecuteSQLRecord[id=164a9fc5-97bc-4e0e-814a-5ae51594ce47] FlowFile[184,90425618239425.mockFlowFile,70B] contains 5 records; transferring to 'success'
[pool-1541-thread-1] INFO org.apache.nifi.processors.standard.ExecuteSQLRecord - ExecuteSQLRecord[id=164a9fc5-97bc-4e0e-814a-5ae51594ce47] FlowFile[185,90425618351917.mockFlowFile,70B] contains 5 records; transferring to 'success'
[pool-1541-thread-1] INFO org.apache.nifi.processors.standard.ExecuteSQLRecord - ExecuteSQLRecord[id=164a9fc5-97bc-4e0e-814a-5ae51594ce47] FlowFile[186,90425618485155.mockFlowFile,70B] contains 5 records; transferring to 'success'
[pool-1541-thread-1] INFO org.apache.nifi.processors.standard.ExecuteSQLRecord - ExecuteSQLRecord[id=164a9fc5-97bc-4e0e-814a-5ae51594ce47] FlowFile[187,90425618587046.mockFlowFile,70B] contains 5 records; transferring to 'success'
[pool-1541-thread-1] INFO org.apache.nifi.processors.standard.ExecuteSQLRecord - ExecuteSQLRecord[id=164a9fc5-97bc-4e0e-814a-5ae51594ce47] FlowFile[188,90425618687264.mockFlowFile,70B] contains 5 records; transferring to 'success'
[pool-1541-thread-1] INFO org.apache.nifi.processors.standard.ExecuteSQLRecord - ExecuteSQLRecord[id=164a9fc5-97bc-4e0e-814a-5ae51594ce47] FlowFile[189,90425618807497.mockFlowFile,70B] contains 5 records; transferring to 'success'
[pool-1541-thread-1] INFO org.apache.nifi.processors.standard.ExecuteSQLRecord - ExecuteSQLRecord[id=164a9fc5-97bc-4e0e-814a-5ae51594ce47] FlowFile[190,90425618929513.mockFlowFile,70B] contains 5 records; transferring to 'success'
[pool-1541-thread-1] INFO org.apache.nifi.processors.standard.ExecuteSQLRecord - ExecuteSQLRecord[id=164a9fc5-97bc-4e0e-814a-5ae51594ce47] FlowFile[191,90425619040149.mockFlowFile,70B] contains 5 records; transferring to 'success'
[pool-1541-thread-1] INFO org.apache.nifi.processors.standard.ExecuteSQLRecord - ExecuteSQLRecord[id=164a9fc5-97bc-4e0e-814a-5ae51594ce47] FlowFile[192,90425619174034.mockFlowFile,70B] contains 5 records; transferring to 'success'
[pool-1541-thread-1] INFO org.apache.nifi.processors.standard.ExecuteSQLRecord - ExecuteSQLRecord[id=164a9fc5-97bc-4e0e-814a-5ae51594ce47] FlowFile[193,90425619281082.mockFlowFile,70B] contains 5 records; transferring to 'success'
[pool-1541-thread-1] INFO org.apache.nifi.processors.standard.ExecuteSQLRecord - ExecuteSQLRecord[id=164a9fc5-97bc-4e0e-814a-5ae51594ce47] FlowFile[194,90425619402841.mockFlowFile,70B] contains 5 records; transferring to 'success'
[pool-1541-thread-1] INFO org.apache.nifi.processors.standard.ExecuteSQLRecord - ExecuteSQLRecord[id=164a9fc5-97bc-4e0e-814a-5ae51594ce47] FlowFile[195,90425619540177.mockFlowFile,70B] contains 5 records; transferring to 'success'
[pool-1541-thread-1] INFO org.apache.nifi.processors.standard.ExecuteSQLRecord - ExecuteSQLRecord[id=164a9fc5-97bc-4e0e-814a-5ae51594ce47] FlowFile[196,90425619711958.mockFlowFile,70B] contains 5 records; transferring to 'success'
[pool-1541-thread-1] INFO org.apache.nifi.processors.standard.ExecuteSQLRecord - ExecuteSQLRecord[id=164a9fc5-97bc-4e0e-814a-5ae51594ce47] FlowFile[197,90425619824074.mockFlowFile,70B] contains 5 records; transferring to 'success'
[pool-1541-thread-1] INFO org.apache.nifi.processors.standard.ExecuteSQLRecord - ExecuteSQLRecord[id=164a9fc5-97bc-4e0e-814a-5ae51594ce47] FlowFile[198,90425619920680.mockFlowFile,70B] contains 5 records; transferring to 'success'
[pool-1541-thread-1] INFO org.apache.nifi.processors.standard.ExecuteSQLRecord - ExecuteSQLRecord[id=164a9fc5-97bc-4e0e-814a-5ae51594ce47] FlowFile[199,90425620061457.mockFlowFile,70B] contains 5 records; transferring to 'success'
]]></system-err>
  </testcase>
  <testcase name="testPostQuery" classname="org.apache.nifi.processors.standard.TestExecuteSQLRecord" time="0.08">
    <system-err><![CDATA[[pool-1542-thread-1] INFO org.apache.nifi.processors.standard.ExecuteSQLRecord - ExecuteSQLRecord[id=68698582-4af9-47f2-a397-0d3654e59f9a] FlowFile[1,90425650435986.mockFlowFile,12B] contains 1 records; transferring to 'success'
]]></system-err>
  </testcase>
  <testcase name="testNoIncomingConnection" classname="org.apache.nifi.processors.standard.TestExecuteSQLRecord" time="0.816">
    <system-out><![CDATA[ H
HCGAHAHFE IA
BD IB
]]></system-out>
    <system-err><![CDATA[[main] INFO org.apache.nifi.processors.standard.TestExecuteSQLRecord - test data loaded
[pool-1543-thread-1] INFO org.apache.nifi.processors.standard.ExecuteSQLRecord - ExecuteSQLRecord[id=c2397e1e-ab7a-4a62-8588-ff8ba4341e67] FlowFile[0,90426332572067.mockFlowFile,1650894B] contains 20000 records; transferring to 'success'
]]></system-err>
  </testcase>
  <testcase name="testPostQueryFail" classname="org.apache.nifi.processors.standard.TestExecuteSQLRecord" time="0.024">
    <system-err><![CDATA[[pool-1544-thread-1] INFO org.apache.nifi.processors.standard.ExecuteSQLRecord - ExecuteSQLRecord[id=96efd25e-f37a-4e9a-97af-0dd6f82c3bfe] FlowFile[1,90426536782320.mockFlowFile,0B] contains 0 records; transferring to 'success'
[pool-1544-thread-1] ERROR org.apache.nifi.processors.standard.ExecuteSQLRecord - ExecuteSQLRecord[id=96efd25e-f37a-4e9a-97af-0dd6f82c3bfe] Unable to execute SQL select query CALL SYSCS_UTIL.SYSCS_SET_RUNTIMESTATISTICS() for FlowFile[0,90426536782320.mockFlowFile,4B] due to java.sql.SQLSyntaxErrorException: 'SYSCS_UTIL.SYSCS_SET_RUNTIMESTATISTICS' is not recognized as a function or procedure.; routing to failure: java.sql.SQLSyntaxErrorException: 'SYSCS_UTIL.SYSCS_SET_RUNTIMESTATISTICS' is not recognized as a function or procedure.
java.sql.SQLSyntaxErrorException: 'SYSCS_UTIL.SYSCS_SET_RUNTIMESTATISTICS' is not recognized as a function or procedure.
	at org.apache.derby.impl.jdbc.SQLExceptionFactory.getSQLException(Unknown Source)
	at org.apache.derby.impl.jdbc.Util.generateCsSQLException(Unknown Source)
	at org.apache.derby.impl.jdbc.TransactionResourceImpl.wrapInSQLException(Unknown Source)
	at org.apache.derby.impl.jdbc.TransactionResourceImpl.handleException(Unknown Source)
	at org.apache.derby.impl.jdbc.EmbedConnection.handleException(Unknown Source)
	at org.apache.derby.impl.jdbc.ConnectionChild.handleException(Unknown Source)
	at org.apache.derby.impl.jdbc.EmbedStatement.execute(Unknown Source)
	at org.apache.derby.impl.jdbc.EmbedStatement.execute(Unknown Source)
	at org.apache.nifi.processors.standard.AbstractExecuteSQL.executeConfigStatements(AbstractExecuteSQL.java:464)
	at org.apache.nifi.processors.standard.AbstractExecuteSQL.onTrigger(AbstractExecuteSQL.java:397)
	at org.apache.nifi.processor.AbstractProcessor.onTrigger(AbstractProcessor.java:27)
	at org.apache.nifi.util.StandardProcessorTestRunner$RunProcessor.call(StandardProcessorTestRunner.java:284)
	at org.apache.nifi.util.StandardProcessorTestRunner$RunProcessor.call(StandardProcessorTestRunner.java:278)
	at java.util.concurrent.FutureTask.run(FutureTask.java:266)
	at java.util.concurrent.ScheduledThreadPoolExecutor$ScheduledFutureTask.access$201(ScheduledThreadPoolExecutor.java:180)
	at java.util.concurrent.ScheduledThreadPoolExecutor$ScheduledFutureTask.run(ScheduledThreadPoolExecutor.java:293)
	at java.util.concurrent.ThreadPoolExecutor.runWorker(ThreadPoolExecutor.java:1149)
	at java.util.concurrent.ThreadPoolExecutor$Worker.run(ThreadPoolExecutor.java:624)
	at java.lang.Thread.run(Thread.java:750)
Caused by: ERROR 42Y03: 'SYSCS_UTIL.SYSCS_SET_RUNTIMESTATISTICS' is not recognized as a function or procedure.
	at org.apache.derby.iapi.error.StandardException.newException(Unknown Source)
	at org.apache.derby.iapi.error.StandardException.newException(Unknown Source)
	at org.apache.derby.impl.sql.compile.StaticMethodCallNode.bindExpressionMinion(Unknown Source)
	at org.apache.derby.impl.sql.compile.StaticMethodCallNode.bindExpression(Unknown Source)
	at org.apache.derby.impl.sql.compile.JavaToSQLValueNode.bindExpression(Unknown Source)
	at org.apache.derby.impl.sql.compile.CallStatementNode.bindStatement(Unknown Source)
	at org.apache.derby.impl.sql.GenericStatement.prepMinion(Unknown Source)
	at org.apache.derby.impl.sql.GenericStatement.prepare(Unknown Source)
	at org.apache.derby.impl.sql.conn.GenericLanguageConnectionContext.prepareInternalStatement(Unknown Source)
	... 13 more
]]></system-err>
  </testcase>
  <testcase name="testWriteLOBsToAvro" classname="org.apache.nifi.processors.standard.TestExecuteSQLRecord" time="0.367">
    <system-err><![CDATA[[pool-1545-thread-1] INFO org.apache.nifi.processors.standard.ExecuteSQLRecord - ExecuteSQLRecord[id=b95d47c5-9a7b-454b-9608-43def906741f] FlowFile[0,90426814316533.mockFlowFile,417B] contains 1 records; transferring to 'success'
]]></system-err>
  </testcase>
  <testcase name="testWithSqlException" classname="org.apache.nifi.processors.standard.TestExecuteSQLRecord" time="0.006">
    <system-err><![CDATA[[pool-1546-thread-1] ERROR org.apache.nifi.processors.standard.ExecuteSQLRecord - ExecuteSQLRecord[id=808ba9eb-f43d-4c6a-ab3c-3551a4401ccb] Unable to execute SQL select query SELECT val1 FROM TEST_NO_ROWS due to java.sql.SQLSyntaxErrorException: Column 'VAL1' is either not in any table in the FROM list or appears within a join specification and is outside the scope of the join specification or appears in a HAVING clause and is not in the GROUP BY list. If this is a CREATE or ALTER TABLE  statement then 'VAL1' is not a column in the target table.. No FlowFile to route to failure: java.sql.SQLSyntaxErrorException: Column 'VAL1' is either not in any table in the FROM list or appears within a join specification and is outside the scope of the join specification or appears in a HAVING clause and is not in the GROUP BY list. If this is a CREATE or ALTER TABLE  statement then 'VAL1' is not a column in the target table.
java.sql.SQLSyntaxErrorException: Column 'VAL1' is either not in any table in the FROM list or appears within a join specification and is outside the scope of the join specification or appears in a HAVING clause and is not in the GROUP BY list. If this is a CREATE or ALTER TABLE  statement then 'VAL1' is not a column in the target table.
	at org.apache.derby.impl.jdbc.SQLExceptionFactory.getSQLException(Unknown Source)
	at org.apache.derby.impl.jdbc.Util.generateCsSQLException(Unknown Source)
	at org.apache.derby.impl.jdbc.TransactionResourceImpl.wrapInSQLException(Unknown Source)
	at org.apache.derby.impl.jdbc.TransactionResourceImpl.handleException(Unknown Source)
	at org.apache.derby.impl.jdbc.EmbedConnection.handleException(Unknown Source)
	at org.apache.derby.impl.jdbc.ConnectionChild.handleException(Unknown Source)
	at org.apache.derby.impl.jdbc.EmbedPreparedStatement.<init>(Unknown Source)
	at org.apache.derby.impl.jdbc.EmbedPreparedStatement42.<init>(Unknown Source)
	at org.apache.derby.jdbc.Driver42.newEmbedPreparedStatement(Unknown Source)
	at org.apache.derby.impl.jdbc.EmbedConnection.prepareStatement(Unknown Source)
	at org.apache.derby.impl.jdbc.EmbedConnection.prepareStatement(Unknown Source)
	at org.apache.nifi.processors.standard.AbstractExecuteSQL.onTrigger(AbstractExecuteSQL.java:240)
	at org.apache.nifi.processor.AbstractProcessor.onTrigger(AbstractProcessor.java:27)
	at org.apache.nifi.util.StandardProcessorTestRunner$RunProcessor.call(StandardProcessorTestRunner.java:284)
	at org.apache.nifi.util.StandardProcessorTestRunner$RunProcessor.call(StandardProcessorTestRunner.java:278)
	at java.util.concurrent.FutureTask.run(FutureTask.java:266)
	at java.util.concurrent.ScheduledThreadPoolExecutor$ScheduledFutureTask.access$201(ScheduledThreadPoolExecutor.java:180)
	at java.util.concurrent.ScheduledThreadPoolExecutor$ScheduledFutureTask.run(ScheduledThreadPoolExecutor.java:293)
	at java.util.concurrent.ThreadPoolExecutor.runWorker(ThreadPoolExecutor.java:1149)
	at java.util.concurrent.ThreadPoolExecutor$Worker.run(ThreadPoolExecutor.java:624)
	at java.lang.Thread.run(Thread.java:750)
Caused by: ERROR 42X04: Column 'VAL1' is either not in any table in the FROM list or appears within a join specification and is outside the scope of the join specification or appears in a HAVING clause and is not in the GROUP BY list. If this is a CREATE or ALTER TABLE  statement then 'VAL1' is not a column in the target table.
	at org.apache.derby.iapi.error.StandardException.newException(Unknown Source)
	at org.apache.derby.iapi.error.StandardException.newException(Unknown Source)
	at org.apache.derby.impl.sql.compile.ColumnReference.bindExpression(Unknown Source)
	at org.apache.derby.impl.sql.compile.ColumnReference.bindExpression(Unknown Source)
	at org.apache.derby.impl.sql.compile.ResultColumn.bindExpression(Unknown Source)
	at org.apache.derby.impl.sql.compile.ResultColumnList.bindExpressions(Unknown Source)
	at org.apache.derby.impl.sql.compile.SelectNode.bindExpressions(Unknown Source)
	at org.apache.derby.impl.sql.compile.DMLStatementNode.bindExpressions(Unknown Source)
	at org.apache.derby.impl.sql.compile.DMLStatementNode.bind(Unknown Source)
	at org.apache.derby.impl.sql.compile.CursorNode.bindStatement(Unknown Source)
	at org.apache.derby.impl.sql.GenericStatement.prepMinion(Unknown Source)
	at org.apache.derby.impl.sql.GenericStatement.prepare(Unknown Source)
	at org.apache.derby.impl.sql.conn.GenericLanguageConnectionContext.prepareInternalStatement(Unknown Source)
	... 15 more
]]></system-err>
  </testcase>
  <testcase name="testPreQuery" classname="org.apache.nifi.processors.standard.TestExecuteSQLRecord" time="0.024">
    <system-err><![CDATA[[pool-1547-thread-1] INFO org.apache.nifi.processors.standard.ExecuteSQLRecord - ExecuteSQLRecord[id=cc893fd9-124a-4fa6-983a-02e808ef8f7b] FlowFile[1,90426937061010.mockFlowFile,12B] contains 1 records; transferring to 'success'
]]></system-err>
  </testcase>
  <testcase name="testInsertStatementCreatesFlowFile" classname="org.apache.nifi.processors.standard.TestExecuteSQLRecord" time="0.022"/>
  <testcase name="testNoRowsStatementCreatesEmptyFlowFile" classname="org.apache.nifi.processors.standard.TestExecuteSQLRecord" time="0.019">
    <system-err><![CDATA[[pool-1549-thread-1] INFO org.apache.nifi.processors.standard.ExecuteSQLRecord - ExecuteSQLRecord[id=7ebb25b3-0a18-4c68-af1e-e5b058d27303] FlowFile[1,90426980350797.mockFlowFile,0B] contains 0 records; transferring to 'success'
]]></system-err>
  </testcase>
  <testcase name="testMaxRowsPerFlowFile" classname="org.apache.nifi.processors.standard.TestExecuteSQLRecord" time="1.496">
    <system-err><![CDATA[[pool-1550-thread-1] INFO org.apache.nifi.processors.standard.ExecuteSQLRecord - ExecuteSQLRecord[id=b2472ce0-8564-4533-8deb-165e2c3c3e03] FlowFile[0,90428465587794.mockFlowFile,60B] contains 5 records; transferring to 'success'
[pool-1550-thread-1] INFO org.apache.nifi.processors.standard.ExecuteSQLRecord - ExecuteSQLRecord[id=b2472ce0-8564-4533-8deb-165e2c3c3e03] FlowFile[1,90428465988341.mockFlowFile,60B] contains 5 records; transferring to 'success'
[pool-1550-thread-1] INFO org.apache.nifi.processors.standard.ExecuteSQLRecord - ExecuteSQLRecord[id=b2472ce0-8564-4533-8deb-165e2c3c3e03] FlowFile[2,90428466079603.mockFlowFile,65B] contains 5 records; transferring to 'success'
[pool-1550-thread-1] INFO org.apache.nifi.processors.standard.ExecuteSQLRecord - ExecuteSQLRecord[id=b2472ce0-8564-4533-8deb-165e2c3c3e03] FlowFile[3,90428466133391.mockFlowFile,65B] contains 5 records; transferring to 'success'
[pool-1550-thread-1] INFO org.apache.nifi.processors.standard.ExecuteSQLRecord - ExecuteSQLRecord[id=b2472ce0-8564-4533-8deb-165e2c3c3e03] FlowFile[4,90428466184021.mockFlowFile,65B] contains 5 records; transferring to 'success'
[pool-1550-thread-1] INFO org.apache.nifi.processors.standard.ExecuteSQLRecord - ExecuteSQLRecord[id=b2472ce0-8564-4533-8deb-165e2c3c3e03] FlowFile[5,90428466220048.mockFlowFile,65B] contains 5 records; transferring to 'success'
[pool-1550-thread-1] INFO org.apache.nifi.processors.standard.ExecuteSQLRecord - ExecuteSQLRecord[id=b2472ce0-8564-4533-8deb-165e2c3c3e03] FlowFile[6,90428466255713.mockFlowFile,65B] contains 5 records; transferring to 'success'
[pool-1550-thread-1] INFO org.apache.nifi.processors.standard.ExecuteSQLRecord - ExecuteSQLRecord[id=b2472ce0-8564-4533-8deb-165e2c3c3e03] FlowFile[7,90428466296760.mockFlowFile,65B] contains 5 records; transferring to 'success'
[pool-1550-thread-1] INFO org.apache.nifi.processors.standard.ExecuteSQLRecord - ExecuteSQLRecord[id=b2472ce0-8564-4533-8deb-165e2c3c3e03] FlowFile[8,90428466344848.mockFlowFile,65B] contains 5 records; transferring to 'success'
[pool-1550-thread-1] INFO org.apache.nifi.processors.standard.ExecuteSQLRecord - ExecuteSQLRecord[id=b2472ce0-8564-4533-8deb-165e2c3c3e03] FlowFile[9,90428466398423.mockFlowFile,65B] contains 5 records; transferring to 'success'
[pool-1550-thread-1] INFO org.apache.nifi.processors.standard.ExecuteSQLRecord - ExecuteSQLRecord[id=b2472ce0-8564-4533-8deb-165e2c3c3e03] FlowFile[10,90428466437328.mockFlowFile,65B] contains 5 records; transferring to 'success'
[pool-1550-thread-1] INFO org.apache.nifi.processors.standard.ExecuteSQLRecord - ExecuteSQLRecord[id=b2472ce0-8564-4533-8deb-165e2c3c3e03] FlowFile[11,90428466476529.mockFlowFile,65B] contains 5 records; transferring to 'success'
[pool-1550-thread-1] INFO org.apache.nifi.processors.standard.ExecuteSQLRecord - ExecuteSQLRecord[id=b2472ce0-8564-4533-8deb-165e2c3c3e03] FlowFile[12,90428466538269.mockFlowFile,65B] contains 5 records; transferring to 'success'
[pool-1550-thread-1] INFO org.apache.nifi.processors.standard.ExecuteSQLRecord - ExecuteSQLRecord[id=b2472ce0-8564-4533-8deb-165e2c3c3e03] FlowFile[13,90428466593377.mockFlowFile,65B] contains 5 records; transferring to 'success'
[pool-1550-thread-1] INFO org.apache.nifi.processors.standard.ExecuteSQLRecord - ExecuteSQLRecord[id=b2472ce0-8564-4533-8deb-165e2c3c3e03] FlowFile[14,90428466651242.mockFlowFile,65B] contains 5 records; transferring to 'success'
[pool-1550-thread-1] INFO org.apache.nifi.processors.standard.ExecuteSQLRecord - ExecuteSQLRecord[id=b2472ce0-8564-4533-8deb-165e2c3c3e03] FlowFile[15,90428466687479.mockFlowFile,65B] contains 5 records; transferring to 'success'
[pool-1550-thread-1] INFO org.apache.nifi.processors.standard.ExecuteSQLRecord - ExecuteSQLRecord[id=b2472ce0-8564-4533-8deb-165e2c3c3e03] FlowFile[16,90428466787084.mockFlowFile,65B] contains 5 records; transferring to 'success'
[pool-1550-thread-1] INFO org.apache.nifi.processors.standard.ExecuteSQLRecord - ExecuteSQLRecord[id=b2472ce0-8564-4533-8deb-165e2c3c3e03] FlowFile[17,90428466838076.mockFlowFile,65B] contains 5 records; transferring to 'success'
[pool-1550-thread-1] INFO org.apache.nifi.processors.standard.ExecuteSQLRecord - ExecuteSQLRecord[id=b2472ce0-8564-4533-8deb-165e2c3c3e03] FlowFile[18,90428466875884.mockFlowFile,65B] contains 5 records; transferring to 'success'
[pool-1550-thread-1] INFO org.apache.nifi.processors.standard.ExecuteSQLRecord - ExecuteSQLRecord[id=b2472ce0-8564-4533-8deb-165e2c3c3e03] FlowFile[19,90428466911113.mockFlowFile,65B] contains 5 records; transferring to 'success'
[pool-1550-thread-1] INFO org.apache.nifi.processors.standard.ExecuteSQLRecord - ExecuteSQLRecord[id=b2472ce0-8564-4533-8deb-165e2c3c3e03] FlowFile[20,90428466973916.mockFlowFile,70B] contains 5 records; transferring to 'success'
[pool-1550-thread-1] INFO org.apache.nifi.processors.standard.ExecuteSQLRecord - ExecuteSQLRecord[id=b2472ce0-8564-4533-8deb-165e2c3c3e03] FlowFile[21,90428467023495.mockFlowFile,70B] contains 5 records; transferring to 'success'
[pool-1550-thread-1] INFO org.apache.nifi.processors.standard.ExecuteSQLRecord - ExecuteSQLRecord[id=b2472ce0-8564-4533-8deb-165e2c3c3e03] FlowFile[22,90428467059193.mockFlowFile,70B] contains 5 records; transferring to 'success'
[pool-1550-thread-1] INFO org.apache.nifi.processors.standard.ExecuteSQLRecord - ExecuteSQLRecord[id=b2472ce0-8564-4533-8deb-165e2c3c3e03] FlowFile[23,90428467110040.mockFlowFile,70B] contains 5 records; transferring to 'success'
[pool-1550-thread-1] INFO org.apache.nifi.processors.standard.ExecuteSQLRecord - ExecuteSQLRecord[id=b2472ce0-8564-4533-8deb-165e2c3c3e03] FlowFile[24,90428467145597.mockFlowFile,70B] contains 5 records; transferring to 'success'
[pool-1550-thread-1] INFO org.apache.nifi.processors.standard.ExecuteSQLRecord - ExecuteSQLRecord[id=b2472ce0-8564-4533-8deb-165e2c3c3e03] FlowFile[25,90428467181733.mockFlowFile,70B] contains 5 records; transferring to 'success'
[pool-1550-thread-1] INFO org.apache.nifi.processors.standard.ExecuteSQLRecord - ExecuteSQLRecord[id=b2472ce0-8564-4533-8deb-165e2c3c3e03] FlowFile[26,90428467265720.mockFlowFile,70B] contains 5 records; transferring to 'success'
[pool-1550-thread-1] INFO org.apache.nifi.processors.standard.ExecuteSQLRecord - ExecuteSQLRecord[id=b2472ce0-8564-4533-8deb-165e2c3c3e03] FlowFile[27,90428467303606.mockFlowFile,70B] contains 5 records; transferring to 'success'
[pool-1550-thread-1] INFO org.apache.nifi.processors.standard.ExecuteSQLRecord - ExecuteSQLRecord[id=b2472ce0-8564-4533-8deb-165e2c3c3e03] FlowFile[28,90428467341122.mockFlowFile,70B] contains 5 records; transferring to 'success'
[pool-1550-thread-1] INFO org.apache.nifi.processors.standard.ExecuteSQLRecord - ExecuteSQLRecord[id=b2472ce0-8564-4533-8deb-165e2c3c3e03] FlowFile[29,90428467391570.mockFlowFile,70B] contains 5 records; transferring to 'success'
[pool-1550-thread-1] INFO org.apache.nifi.processors.standard.ExecuteSQLRecord - ExecuteSQLRecord[id=b2472ce0-8564-4533-8deb-165e2c3c3e03] FlowFile[30,90428467427822.mockFlowFile,70B] contains 5 records; transferring to 'success'
[pool-1550-thread-1] INFO org.apache.nifi.processors.standard.ExecuteSQLRecord - ExecuteSQLRecord[id=b2472ce0-8564-4533-8deb-165e2c3c3e03] FlowFile[31,90428467464074.mockFlowFile,70B] contains 5 records; transferring to 'success'
[pool-1550-thread-1] INFO org.apache.nifi.processors.standard.ExecuteSQLRecord - ExecuteSQLRecord[id=b2472ce0-8564-4533-8deb-165e2c3c3e03] FlowFile[32,90428467510566.mockFlowFile,70B] contains 5 records; transferring to 'success'
[pool-1550-thread-1] INFO org.apache.nifi.processors.standard.ExecuteSQLRecord - ExecuteSQLRecord[id=b2472ce0-8564-4533-8deb-165e2c3c3e03] FlowFile[33,90428467546000.mockFlowFile,70B] contains 5 records; transferring to 'success'
[pool-1550-thread-1] INFO org.apache.nifi.processors.standard.ExecuteSQLRecord - ExecuteSQLRecord[id=b2472ce0-8564-4533-8deb-165e2c3c3e03] FlowFile[34,90428467581653.mockFlowFile,70B] contains 5 records; transferring to 'success'
[pool-1550-thread-1] INFO org.apache.nifi.processors.standard.ExecuteSQLRecord - ExecuteSQLRecord[id=b2472ce0-8564-4533-8deb-165e2c3c3e03] FlowFile[35,90428467617022.mockFlowFile,70B] contains 5 records; transferring to 'success'
[pool-1550-thread-1] INFO org.apache.nifi.processors.standard.ExecuteSQLRecord - ExecuteSQLRecord[id=b2472ce0-8564-4533-8deb-165e2c3c3e03] FlowFile[36,90428467657326.mockFlowFile,70B] contains 5 records; transferring to 'success'
[pool-1550-thread-1] INFO org.apache.nifi.processors.standard.ExecuteSQLRecord - ExecuteSQLRecord[id=b2472ce0-8564-4533-8deb-165e2c3c3e03] FlowFile[37,90428467694494.mockFlowFile,70B] contains 5 records; transferring to 'success'
[pool-1550-thread-1] INFO org.apache.nifi.processors.standard.ExecuteSQLRecord - ExecuteSQLRecord[id=b2472ce0-8564-4533-8deb-165e2c3c3e03] FlowFile[38,90428467730276.mockFlowFile,70B] contains 5 records; transferring to 'success'
[pool-1550-thread-1] INFO org.apache.nifi.processors.standard.ExecuteSQLRecord - ExecuteSQLRecord[id=b2472ce0-8564-4533-8deb-165e2c3c3e03] FlowFile[39,90428467770396.mockFlowFile,70B] contains 5 records; transferring to 'success'
[pool-1550-thread-1] INFO org.apache.nifi.processors.standard.ExecuteSQLRecord - ExecuteSQLRecord[id=b2472ce0-8564-4533-8deb-165e2c3c3e03] FlowFile[40,90428467805285.mockFlowFile,70B] contains 5 records; transferring to 'success'
[pool-1550-thread-1] INFO org.apache.nifi.processors.standard.ExecuteSQLRecord - ExecuteSQLRecord[id=b2472ce0-8564-4533-8deb-165e2c3c3e03] FlowFile[41,90428467843430.mockFlowFile,70B] contains 5 records; transferring to 'success'
[pool-1550-thread-1] INFO org.apache.nifi.processors.standard.ExecuteSQLRecord - ExecuteSQLRecord[id=b2472ce0-8564-4533-8deb-165e2c3c3e03] FlowFile[42,90428467892348.mockFlowFile,70B] contains 5 records; transferring to 'success'
[pool-1550-thread-1] INFO org.apache.nifi.processors.standard.ExecuteSQLRecord - ExecuteSQLRecord[id=b2472ce0-8564-4533-8deb-165e2c3c3e03] FlowFile[43,90428467928024.mockFlowFile,70B] contains 5 records; transferring to 'success'
[pool-1550-thread-1] INFO org.apache.nifi.processors.standard.ExecuteSQLRecord - ExecuteSQLRecord[id=b2472ce0-8564-4533-8deb-165e2c3c3e03] FlowFile[44,90428467963383.mockFlowFile,70B] contains 5 records; transferring to 'success'
[pool-1550-thread-1] INFO org.apache.nifi.processors.standard.ExecuteSQLRecord - ExecuteSQLRecord[id=b2472ce0-8564-4533-8deb-165e2c3c3e03] FlowFile[45,90428468027172.mockFlowFile,70B] contains 5 records; transferring to 'success'
[pool-1550-thread-1] INFO org.apache.nifi.processors.standard.ExecuteSQLRecord - ExecuteSQLRecord[id=b2472ce0-8564-4533-8deb-165e2c3c3e03] FlowFile[46,90428468064566.mockFlowFile,70B] contains 5 records; transferring to 'success'
[pool-1550-thread-1] INFO org.apache.nifi.processors.standard.ExecuteSQLRecord - ExecuteSQLRecord[id=b2472ce0-8564-4533-8deb-165e2c3c3e03] FlowFile[47,90428468100576.mockFlowFile,70B] contains 5 records; transferring to 'success'
[pool-1550-thread-1] INFO org.apache.nifi.processors.standard.ExecuteSQLRecord - ExecuteSQLRecord[id=b2472ce0-8564-4533-8deb-165e2c3c3e03] FlowFile[48,90428468145722.mockFlowFile,70B] contains 5 records; transferring to 'success'
[pool-1550-thread-1] INFO org.apache.nifi.processors.standard.ExecuteSQLRecord - ExecuteSQLRecord[id=b2472ce0-8564-4533-8deb-165e2c3c3e03] FlowFile[49,90428468188761.mockFlowFile,70B] contains 5 records; transferring to 'success'
[pool-1550-thread-1] INFO org.apache.nifi.processors.standard.ExecuteSQLRecord - ExecuteSQLRecord[id=b2472ce0-8564-4533-8deb-165e2c3c3e03] FlowFile[50,90428468224436.mockFlowFile,70B] contains 5 records; transferring to 'success'
[pool-1550-thread-1] INFO org.apache.nifi.processors.standard.ExecuteSQLRecord - ExecuteSQLRecord[id=b2472ce0-8564-4533-8deb-165e2c3c3e03] FlowFile[51,90428468260245.mockFlowFile,70B] contains 5 records; transferring to 'success'
[pool-1550-thread-1] INFO org.apache.nifi.processors.standard.ExecuteSQLRecord - ExecuteSQLRecord[id=b2472ce0-8564-4533-8deb-165e2c3c3e03] FlowFile[52,90428468299583.mockFlowFile,70B] contains 5 records; transferring to 'success'
[pool-1550-thread-1] INFO org.apache.nifi.processors.standard.ExecuteSQLRecord - ExecuteSQLRecord[id=b2472ce0-8564-4533-8deb-165e2c3c3e03] FlowFile[53,90428468334853.mockFlowFile,70B] contains 5 records; transferring to 'success'
[pool-1550-thread-1] INFO org.apache.nifi.processors.standard.ExecuteSQLRecord - ExecuteSQLRecord[id=b2472ce0-8564-4533-8deb-165e2c3c3e03] FlowFile[54,90428468370728.mockFlowFile,70B] contains 5 records; transferring to 'success'
[pool-1550-thread-1] INFO org.apache.nifi.processors.standard.ExecuteSQLRecord - ExecuteSQLRecord[id=b2472ce0-8564-4533-8deb-165e2c3c3e03] FlowFile[55,90428468411292.mockFlowFile,70B] contains 5 records; transferring to 'success'
[pool-1550-thread-1] INFO org.apache.nifi.processors.standard.ExecuteSQLRecord - ExecuteSQLRecord[id=b2472ce0-8564-4533-8deb-165e2c3c3e03] FlowFile[56,90428468447449.mockFlowFile,70B] contains 5 records; transferring to 'success'
[pool-1550-thread-1] INFO org.apache.nifi.processors.standard.ExecuteSQLRecord - ExecuteSQLRecord[id=b2472ce0-8564-4533-8deb-165e2c3c3e03] FlowFile[57,90428468483205.mockFlowFile,70B] contains 5 records; transferring to 'success'
[pool-1550-thread-1] INFO org.apache.nifi.processors.standard.ExecuteSQLRecord - ExecuteSQLRecord[id=b2472ce0-8564-4533-8deb-165e2c3c3e03] FlowFile[58,90428468523468.mockFlowFile,70B] contains 5 records; transferring to 'success'
[pool-1550-thread-1] INFO org.apache.nifi.processors.standard.ExecuteSQLRecord - ExecuteSQLRecord[id=b2472ce0-8564-4533-8deb-165e2c3c3e03] FlowFile[59,90428468559396.mockFlowFile,70B] contains 5 records; transferring to 'success'
[pool-1550-thread-1] INFO org.apache.nifi.processors.standard.ExecuteSQLRecord - ExecuteSQLRecord[id=b2472ce0-8564-4533-8deb-165e2c3c3e03] FlowFile[60,90428468594431.mockFlowFile,70B] contains 5 records; transferring to 'success'
[pool-1550-thread-1] INFO org.apache.nifi.processors.standard.ExecuteSQLRecord - ExecuteSQLRecord[id=b2472ce0-8564-4533-8deb-165e2c3c3e03] FlowFile[61,90428468634531.mockFlowFile,70B] contains 5 records; transferring to 'success'
[pool-1550-thread-1] INFO org.apache.nifi.processors.standard.ExecuteSQLRecord - ExecuteSQLRecord[id=b2472ce0-8564-4533-8deb-165e2c3c3e03] FlowFile[62,90428468670503.mockFlowFile,70B] contains 5 records; transferring to 'success'
[pool-1550-thread-1] INFO org.apache.nifi.processors.standard.ExecuteSQLRecord - ExecuteSQLRecord[id=b2472ce0-8564-4533-8deb-165e2c3c3e03] FlowFile[63,90428468706644.mockFlowFile,70B] contains 5 records; transferring to 'success'
[pool-1550-thread-1] INFO org.apache.nifi.processors.standard.ExecuteSQLRecord - ExecuteSQLRecord[id=b2472ce0-8564-4533-8deb-165e2c3c3e03] FlowFile[64,90428468751779.mockFlowFile,70B] contains 5 records; transferring to 'success'
[pool-1550-thread-1] INFO org.apache.nifi.processors.standard.ExecuteSQLRecord - ExecuteSQLRecord[id=b2472ce0-8564-4533-8deb-165e2c3c3e03] FlowFile[65,90428468792051.mockFlowFile,70B] contains 5 records; transferring to 'success'
[pool-1550-thread-1] INFO org.apache.nifi.processors.standard.ExecuteSQLRecord - ExecuteSQLRecord[id=b2472ce0-8564-4533-8deb-165e2c3c3e03] FlowFile[66,90428468827343.mockFlowFile,70B] contains 5 records; transferring to 'success'
[pool-1550-thread-1] INFO org.apache.nifi.processors.standard.ExecuteSQLRecord - ExecuteSQLRecord[id=b2472ce0-8564-4533-8deb-165e2c3c3e03] FlowFile[67,90428468863272.mockFlowFile,70B] contains 5 records; transferring to 'success'
[pool-1550-thread-1] INFO org.apache.nifi.processors.standard.ExecuteSQLRecord - ExecuteSQLRecord[id=b2472ce0-8564-4533-8deb-165e2c3c3e03] FlowFile[68,90428468904546.mockFlowFile,70B] contains 5 records; transferring to 'success'
[pool-1550-thread-1] INFO org.apache.nifi.processors.standard.ExecuteSQLRecord - ExecuteSQLRecord[id=b2472ce0-8564-4533-8deb-165e2c3c3e03] FlowFile[69,90428468940372.mockFlowFile,70B] contains 5 records; transferring to 'success'
[pool-1550-thread-1] INFO org.apache.nifi.processors.standard.ExecuteSQLRecord - ExecuteSQLRecord[id=b2472ce0-8564-4533-8deb-165e2c3c3e03] FlowFile[70,90428468975827.mockFlowFile,70B] contains 5 records; transferring to 'success'
[pool-1550-thread-1] INFO org.apache.nifi.processors.standard.ExecuteSQLRecord - ExecuteSQLRecord[id=b2472ce0-8564-4533-8deb-165e2c3c3e03] FlowFile[71,90428469016034.mockFlowFile,70B] contains 5 records; transferring to 'success'
[pool-1550-thread-1] INFO org.apache.nifi.processors.standard.ExecuteSQLRecord - ExecuteSQLRecord[id=b2472ce0-8564-4533-8deb-165e2c3c3e03] FlowFile[72,90428469052984.mockFlowFile,70B] contains 5 records; transferring to 'success'
[pool-1550-thread-1] INFO org.apache.nifi.processors.standard.ExecuteSQLRecord - ExecuteSQLRecord[id=b2472ce0-8564-4533-8deb-165e2c3c3e03] FlowFile[73,90428469088636.mockFlowFile,70B] contains 5 records; transferring to 'success'
[pool-1550-thread-1] INFO org.apache.nifi.processors.standard.ExecuteSQLRecord - ExecuteSQLRecord[id=b2472ce0-8564-4533-8deb-165e2c3c3e03] FlowFile[74,90428469128522.mockFlowFile,70B] contains 5 records; transferring to 'success'
[pool-1550-thread-1] INFO org.apache.nifi.processors.standard.ExecuteSQLRecord - ExecuteSQLRecord[id=b2472ce0-8564-4533-8deb-165e2c3c3e03] FlowFile[75,90428469163464.mockFlowFile,70B] contains 5 records; transferring to 'success'
[pool-1550-thread-1] INFO org.apache.nifi.processors.standard.ExecuteSQLRecord - ExecuteSQLRecord[id=b2472ce0-8564-4533-8deb-165e2c3c3e03] FlowFile[76,90428469198594.mockFlowFile,70B] contains 5 records; transferring to 'success'
[pool-1550-thread-1] INFO org.apache.nifi.processors.standard.ExecuteSQLRecord - ExecuteSQLRecord[id=b2472ce0-8564-4533-8deb-165e2c3c3e03] FlowFile[77,90428469238151.mockFlowFile,70B] contains 5 records; transferring to 'success'
[pool-1550-thread-1] INFO org.apache.nifi.processors.standard.ExecuteSQLRecord - ExecuteSQLRecord[id=b2472ce0-8564-4533-8deb-165e2c3c3e03] FlowFile[78,90428469273392.mockFlowFile,70B] contains 5 records; transferring to 'success'
[pool-1550-thread-1] INFO org.apache.nifi.processors.standard.ExecuteSQLRecord - ExecuteSQLRecord[id=b2472ce0-8564-4533-8deb-165e2c3c3e03] FlowFile[79,90428469309506.mockFlowFile,70B] contains 5 records; transferring to 'success'
[pool-1550-thread-1] INFO org.apache.nifi.processors.standard.ExecuteSQLRecord - ExecuteSQLRecord[id=b2472ce0-8564-4533-8deb-165e2c3c3e03] FlowFile[80,90428469354928.mockFlowFile,70B] contains 5 records; transferring to 'success'
[pool-1550-thread-1] INFO org.apache.nifi.processors.standard.ExecuteSQLRecord - ExecuteSQLRecord[id=b2472ce0-8564-4533-8deb-165e2c3c3e03] FlowFile[81,90428469390748.mockFlowFile,70B] contains 5 records; transferring to 'success'
[pool-1550-thread-1] INFO org.apache.nifi.processors.standard.ExecuteSQLRecord - ExecuteSQLRecord[id=b2472ce0-8564-4533-8deb-165e2c3c3e03] FlowFile[82,90428469426550.mockFlowFile,70B] contains 5 records; transferring to 'success'
[pool-1550-thread-1] INFO org.apache.nifi.processors.standard.ExecuteSQLRecord - ExecuteSQLRecord[id=b2472ce0-8564-4533-8deb-165e2c3c3e03] FlowFile[83,90428469462524.mockFlowFile,70B] contains 5 records; transferring to 'success'
[pool-1550-thread-1] INFO org.apache.nifi.processors.standard.ExecuteSQLRecord - ExecuteSQLRecord[id=b2472ce0-8564-4533-8deb-165e2c3c3e03] FlowFile[84,90428469502687.mockFlowFile,70B] contains 5 records; transferring to 'success'
[pool-1550-thread-1] INFO org.apache.nifi.processors.standard.ExecuteSQLRecord - ExecuteSQLRecord[id=b2472ce0-8564-4533-8deb-165e2c3c3e03] FlowFile[85,90428469540333.mockFlowFile,70B] contains 5 records; transferring to 'success'
[pool-1550-thread-1] INFO org.apache.nifi.processors.standard.ExecuteSQLRecord - ExecuteSQLRecord[id=b2472ce0-8564-4533-8deb-165e2c3c3e03] FlowFile[86,90428469578374.mockFlowFile,70B] contains 5 records; transferring to 'success'
[pool-1550-thread-1] INFO org.apache.nifi.processors.standard.ExecuteSQLRecord - ExecuteSQLRecord[id=b2472ce0-8564-4533-8deb-165e2c3c3e03] FlowFile[87,90428469618683.mockFlowFile,70B] contains 5 records; transferring to 'success'
[pool-1550-thread-1] INFO org.apache.nifi.processors.standard.ExecuteSQLRecord - ExecuteSQLRecord[id=b2472ce0-8564-4533-8deb-165e2c3c3e03] FlowFile[88,90428469656303.mockFlowFile,70B] contains 5 records; transferring to 'success'
[pool-1550-thread-1] INFO org.apache.nifi.processors.standard.ExecuteSQLRecord - ExecuteSQLRecord[id=b2472ce0-8564-4533-8deb-165e2c3c3e03] FlowFile[89,90428469696299.mockFlowFile,70B] contains 5 records; transferring to 'success'
[pool-1550-thread-1] INFO org.apache.nifi.processors.standard.ExecuteSQLRecord - ExecuteSQLRecord[id=b2472ce0-8564-4533-8deb-165e2c3c3e03] FlowFile[90,90428469736948.mockFlowFile,70B] contains 5 records; transferring to 'success'
[pool-1550-thread-1] INFO org.apache.nifi.processors.standard.ExecuteSQLRecord - ExecuteSQLRecord[id=b2472ce0-8564-4533-8deb-165e2c3c3e03] FlowFile[91,90428469773644.mockFlowFile,70B] contains 5 records; transferring to 'success'
[pool-1550-thread-1] INFO org.apache.nifi.processors.standard.ExecuteSQLRecord - ExecuteSQLRecord[id=b2472ce0-8564-4533-8deb-165e2c3c3e03] FlowFile[92,90428469810407.mockFlowFile,70B] contains 5 records; transferring to 'success'
[pool-1550-thread-1] INFO org.apache.nifi.processors.standard.ExecuteSQLRecord - ExecuteSQLRecord[id=b2472ce0-8564-4533-8deb-165e2c3c3e03] FlowFile[93,90428469852423.mockFlowFile,70B] contains 5 records; transferring to 'success'
[pool-1550-thread-1] INFO org.apache.nifi.processors.standard.ExecuteSQLRecord - ExecuteSQLRecord[id=b2472ce0-8564-4533-8deb-165e2c3c3e03] FlowFile[94,90428469888166.mockFlowFile,70B] contains 5 records; transferring to 'success'
[pool-1550-thread-1] INFO org.apache.nifi.processors.standard.ExecuteSQLRecord - ExecuteSQLRecord[id=b2472ce0-8564-4533-8deb-165e2c3c3e03] FlowFile[95,90428469922846.mockFlowFile,70B] contains 5 records; transferring to 'success'
[pool-1550-thread-1] INFO org.apache.nifi.processors.standard.ExecuteSQLRecord - ExecuteSQLRecord[id=b2472ce0-8564-4533-8deb-165e2c3c3e03] FlowFile[96,90428469969235.mockFlowFile,70B] contains 5 records; transferring to 'success'
[pool-1550-thread-1] INFO org.apache.nifi.processors.standard.ExecuteSQLRecord - ExecuteSQLRecord[id=b2472ce0-8564-4533-8deb-165e2c3c3e03] FlowFile[97,90428470014720.mockFlowFile,70B] contains 5 records; transferring to 'success'
[pool-1550-thread-1] INFO org.apache.nifi.processors.standard.ExecuteSQLRecord - ExecuteSQLRecord[id=b2472ce0-8564-4533-8deb-165e2c3c3e03] FlowFile[98,90428470051077.mockFlowFile,70B] contains 5 records; transferring to 'success'
[pool-1550-thread-1] INFO org.apache.nifi.processors.standard.ExecuteSQLRecord - ExecuteSQLRecord[id=b2472ce0-8564-4533-8deb-165e2c3c3e03] FlowFile[99,90428470089813.mockFlowFile,70B] contains 5 records; transferring to 'success'
[pool-1550-thread-1] INFO org.apache.nifi.processors.standard.ExecuteSQLRecord - ExecuteSQLRecord[id=b2472ce0-8564-4533-8deb-165e2c3c3e03] FlowFile[100,90428470131110.mockFlowFile,70B] contains 5 records; transferring to 'success'
[pool-1550-thread-1] INFO org.apache.nifi.processors.standard.ExecuteSQLRecord - ExecuteSQLRecord[id=b2472ce0-8564-4533-8deb-165e2c3c3e03] FlowFile[101,90428470168084.mockFlowFile,70B] contains 5 records; transferring to 'success'
[pool-1550-thread-1] INFO org.apache.nifi.processors.standard.ExecuteSQLRecord - ExecuteSQLRecord[id=b2472ce0-8564-4533-8deb-165e2c3c3e03] FlowFile[102,90428470204289.mockFlowFile,70B] contains 5 records; transferring to 'success'
[pool-1550-thread-1] INFO org.apache.nifi.processors.standard.ExecuteSQLRecord - ExecuteSQLRecord[id=b2472ce0-8564-4533-8deb-165e2c3c3e03] FlowFile[103,90428470244691.mockFlowFile,70B] contains 5 records; transferring to 'success'
[pool-1550-thread-1] INFO org.apache.nifi.processors.standard.ExecuteSQLRecord - ExecuteSQLRecord[id=b2472ce0-8564-4533-8deb-165e2c3c3e03] FlowFile[104,90428470280790.mockFlowFile,70B] contains 5 records; transferring to 'success'
[pool-1550-thread-1] INFO org.apache.nifi.processors.standard.ExecuteSQLRecord - ExecuteSQLRecord[id=b2472ce0-8564-4533-8deb-165e2c3c3e03] FlowFile[105,90428470316718.mockFlowFile,70B] contains 5 records; transferring to 'success'
[pool-1550-thread-1] INFO org.apache.nifi.processors.standard.ExecuteSQLRecord - ExecuteSQLRecord[id=b2472ce0-8564-4533-8deb-165e2c3c3e03] FlowFile[106,90428470358198.mockFlowFile,70B] contains 5 records; transferring to 'success'
[pool-1550-thread-1] INFO org.apache.nifi.processors.standard.ExecuteSQLRecord - ExecuteSQLRecord[id=b2472ce0-8564-4533-8deb-165e2c3c3e03] FlowFile[107,90428470393852.mockFlowFile,70B] contains 5 records; transferring to 'success'
[pool-1550-thread-1] INFO org.apache.nifi.processors.standard.ExecuteSQLRecord - ExecuteSQLRecord[id=b2472ce0-8564-4533-8deb-165e2c3c3e03] FlowFile[108,90428470429566.mockFlowFile,70B] contains 5 records; transferring to 'success'
[pool-1550-thread-1] INFO org.apache.nifi.processors.standard.ExecuteSQLRecord - ExecuteSQLRecord[id=b2472ce0-8564-4533-8deb-165e2c3c3e03] FlowFile[109,90428470470730.mockFlowFile,70B] contains 5 records; transferring to 'success'
[pool-1550-thread-1] INFO org.apache.nifi.processors.standard.ExecuteSQLRecord - ExecuteSQLRecord[id=b2472ce0-8564-4533-8deb-165e2c3c3e03] FlowFile[110,90428470506539.mockFlowFile,70B] contains 5 records; transferring to 'success'
[pool-1550-thread-1] INFO org.apache.nifi.processors.standard.ExecuteSQLRecord - ExecuteSQLRecord[id=b2472ce0-8564-4533-8deb-165e2c3c3e03] FlowFile[111,90428470543458.mockFlowFile,70B] contains 5 records; transferring to 'success'
[pool-1550-thread-1] INFO org.apache.nifi.processors.standard.ExecuteSQLRecord - ExecuteSQLRecord[id=b2472ce0-8564-4533-8deb-165e2c3c3e03] FlowFile[112,90428470590964.mockFlowFile,70B] contains 5 records; transferring to 'success'
[pool-1550-thread-1] INFO org.apache.nifi.processors.standard.ExecuteSQLRecord - ExecuteSQLRecord[id=b2472ce0-8564-4533-8deb-165e2c3c3e03] FlowFile[113,90428470627216.mockFlowFile,70B] contains 5 records; transferring to 'success'
[pool-1550-thread-1] INFO org.apache.nifi.processors.standard.ExecuteSQLRecord - ExecuteSQLRecord[id=b2472ce0-8564-4533-8deb-165e2c3c3e03] FlowFile[114,90428470664556.mockFlowFile,70B] contains 5 records; transferring to 'success'
[pool-1550-thread-1] INFO org.apache.nifi.processors.standard.ExecuteSQLRecord - ExecuteSQLRecord[id=b2472ce0-8564-4533-8deb-165e2c3c3e03] FlowFile[115,90428470699696.mockFlowFile,70B] contains 5 records; transferring to 'success'
[pool-1550-thread-1] INFO org.apache.nifi.processors.standard.ExecuteSQLRecord - ExecuteSQLRecord[id=b2472ce0-8564-4533-8deb-165e2c3c3e03] FlowFile[116,90428470743752.mockFlowFile,70B] contains 5 records; transferring to 'success'
[pool-1550-thread-1] INFO org.apache.nifi.processors.standard.ExecuteSQLRecord - ExecuteSQLRecord[id=b2472ce0-8564-4533-8deb-165e2c3c3e03] FlowFile[117,90428470779372.mockFlowFile,70B] contains 5 records; transferring to 'success'
[pool-1550-thread-1] INFO org.apache.nifi.processors.standard.ExecuteSQLRecord - ExecuteSQLRecord[id=b2472ce0-8564-4533-8deb-165e2c3c3e03] FlowFile[118,90428470849551.mockFlowFile,70B] contains 5 records; transferring to 'success'
[pool-1550-thread-1] INFO org.apache.nifi.processors.standard.ExecuteSQLRecord - ExecuteSQLRecord[id=b2472ce0-8564-4533-8deb-165e2c3c3e03] FlowFile[119,90428470896297.mockFlowFile,70B] contains 5 records; transferring to 'success'
[pool-1550-thread-1] INFO org.apache.nifi.processors.standard.ExecuteSQLRecord - ExecuteSQLRecord[id=b2472ce0-8564-4533-8deb-165e2c3c3e03] FlowFile[120,90428470931902.mockFlowFile,70B] contains 5 records; transferring to 'success'
[pool-1550-thread-1] INFO org.apache.nifi.processors.standard.ExecuteSQLRecord - ExecuteSQLRecord[id=b2472ce0-8564-4533-8deb-165e2c3c3e03] FlowFile[121,90428470967838.mockFlowFile,70B] contains 5 records; transferring to 'success'
[pool-1550-thread-1] INFO org.apache.nifi.processors.standard.ExecuteSQLRecord - ExecuteSQLRecord[id=b2472ce0-8564-4533-8deb-165e2c3c3e03] FlowFile[122,90428471049659.mockFlowFile,70B] contains 5 records; transferring to 'success'
[pool-1550-thread-1] INFO org.apache.nifi.processors.standard.ExecuteSQLRecord - ExecuteSQLRecord[id=b2472ce0-8564-4533-8deb-165e2c3c3e03] FlowFile[123,90428471094792.mockFlowFile,70B] contains 5 records; transferring to 'success'
[pool-1550-thread-1] INFO org.apache.nifi.processors.standard.ExecuteSQLRecord - ExecuteSQLRecord[id=b2472ce0-8564-4533-8deb-165e2c3c3e03] FlowFile[124,90428471132713.mockFlowFile,70B] contains 5 records; transferring to 'success'
[pool-1550-thread-1] INFO org.apache.nifi.processors.standard.ExecuteSQLRecord - ExecuteSQLRecord[id=b2472ce0-8564-4533-8deb-165e2c3c3e03] FlowFile[125,90428471176249.mockFlowFile,70B] contains 5 records; transferring to 'success'
[pool-1550-thread-1] INFO org.apache.nifi.processors.standard.ExecuteSQLRecord - ExecuteSQLRecord[id=b2472ce0-8564-4533-8deb-165e2c3c3e03] FlowFile[126,90428471215951.mockFlowFile,70B] contains 5 records; transferring to 'success'
[pool-1550-thread-1] INFO org.apache.nifi.processors.standard.ExecuteSQLRecord - ExecuteSQLRecord[id=b2472ce0-8564-4533-8deb-165e2c3c3e03] FlowFile[127,90428471252598.mockFlowFile,70B] contains 5 records; transferring to 'success'
[pool-1550-thread-1] INFO org.apache.nifi.processors.standard.ExecuteSQLRecord - ExecuteSQLRecord[id=b2472ce0-8564-4533-8deb-165e2c3c3e03] FlowFile[128,90428471304271.mockFlowFile,70B] contains 5 records; transferring to 'success'
[pool-1550-thread-1] INFO org.apache.nifi.processors.standard.ExecuteSQLRecord - ExecuteSQLRecord[id=b2472ce0-8564-4533-8deb-165e2c3c3e03] FlowFile[129,90428471342737.mockFlowFile,70B] contains 5 records; transferring to 'success'
[pool-1550-thread-1] INFO org.apache.nifi.processors.standard.ExecuteSQLRecord - ExecuteSQLRecord[id=b2472ce0-8564-4533-8deb-165e2c3c3e03] FlowFile[130,90428471380601.mockFlowFile,70B] contains 5 records; transferring to 'success'
[pool-1550-thread-1] INFO org.apache.nifi.processors.standard.ExecuteSQLRecord - ExecuteSQLRecord[id=b2472ce0-8564-4533-8deb-165e2c3c3e03] FlowFile[131,90428471417459.mockFlowFile,70B] contains 5 records; transferring to 'success'
[pool-1550-thread-1] INFO org.apache.nifi.processors.standard.ExecuteSQLRecord - ExecuteSQLRecord[id=b2472ce0-8564-4533-8deb-165e2c3c3e03] FlowFile[132,90428471459891.mockFlowFile,70B] contains 5 records; transferring to 'success'
[pool-1550-thread-1] INFO org.apache.nifi.processors.standard.ExecuteSQLRecord - ExecuteSQLRecord[id=b2472ce0-8564-4533-8deb-165e2c3c3e03] FlowFile[133,90428471497147.mockFlowFile,70B] contains 5 records; transferring to 'success'
[pool-1550-thread-1] INFO org.apache.nifi.processors.standard.ExecuteSQLRecord - ExecuteSQLRecord[id=b2472ce0-8564-4533-8deb-165e2c3c3e03] FlowFile[134,90428471533592.mockFlowFile,70B] contains 5 records; transferring to 'success'
[pool-1550-thread-1] INFO org.apache.nifi.processors.standard.ExecuteSQLRecord - ExecuteSQLRecord[id=b2472ce0-8564-4533-8deb-165e2c3c3e03] FlowFile[135,90428471575876.mockFlowFile,70B] contains 5 records; transferring to 'success'
[pool-1550-thread-1] INFO org.apache.nifi.processors.standard.ExecuteSQLRecord - ExecuteSQLRecord[id=b2472ce0-8564-4533-8deb-165e2c3c3e03] FlowFile[136,90428471612555.mockFlowFile,70B] contains 5 records; transferring to 'success'
[pool-1550-thread-1] INFO org.apache.nifi.processors.standard.ExecuteSQLRecord - ExecuteSQLRecord[id=b2472ce0-8564-4533-8deb-165e2c3c3e03] FlowFile[137,90428471649313.mockFlowFile,70B] contains 5 records; transferring to 'success'
[pool-1550-thread-1] INFO org.apache.nifi.processors.standard.ExecuteSQLRecord - ExecuteSQLRecord[id=b2472ce0-8564-4533-8deb-165e2c3c3e03] FlowFile[138,90428471693921.mockFlowFile,70B] contains 5 records; transferring to 'success'
[pool-1550-thread-1] INFO org.apache.nifi.processors.standard.ExecuteSQLRecord - ExecuteSQLRecord[id=b2472ce0-8564-4533-8deb-165e2c3c3e03] FlowFile[139,90428471734458.mockFlowFile,70B] contains 5 records; transferring to 'success'
[pool-1550-thread-1] INFO org.apache.nifi.processors.standard.ExecuteSQLRecord - ExecuteSQLRecord[id=b2472ce0-8564-4533-8deb-165e2c3c3e03] FlowFile[140,90428471795070.mockFlowFile,70B] contains 5 records; transferring to 'success'
[pool-1550-thread-1] INFO org.apache.nifi.processors.standard.ExecuteSQLRecord - ExecuteSQLRecord[id=b2472ce0-8564-4533-8deb-165e2c3c3e03] FlowFile[141,90428471839409.mockFlowFile,70B] contains 5 records; transferring to 'success'
[pool-1550-thread-1] INFO org.apache.nifi.processors.standard.ExecuteSQLRecord - ExecuteSQLRecord[id=b2472ce0-8564-4533-8deb-165e2c3c3e03] FlowFile[142,90428471886970.mockFlowFile,70B] contains 5 records; transferring to 'success'
[pool-1550-thread-1] INFO org.apache.nifi.processors.standard.ExecuteSQLRecord - ExecuteSQLRecord[id=b2472ce0-8564-4533-8deb-165e2c3c3e03] FlowFile[143,90428471929438.mockFlowFile,70B] contains 5 records; transferring to 'success'
[pool-1550-thread-1] INFO org.apache.nifi.processors.standard.ExecuteSQLRecord - ExecuteSQLRecord[id=b2472ce0-8564-4533-8deb-165e2c3c3e03] FlowFile[144,90428471981118.mockFlowFile,70B] contains 5 records; transferring to 'success'
[pool-1550-thread-1] INFO org.apache.nifi.processors.standard.ExecuteSQLRecord - ExecuteSQLRecord[id=b2472ce0-8564-4533-8deb-165e2c3c3e03] FlowFile[145,90428472056950.mockFlowFile,70B] contains 5 records; transferring to 'success'
[pool-1550-thread-1] INFO org.apache.nifi.processors.standard.ExecuteSQLRecord - ExecuteSQLRecord[id=b2472ce0-8564-4533-8deb-165e2c3c3e03] FlowFile[146,90428472112045.mockFlowFile,70B] contains 5 records; transferring to 'success'
[pool-1550-thread-1] INFO org.apache.nifi.processors.standard.ExecuteSQLRecord - ExecuteSQLRecord[id=b2472ce0-8564-4533-8deb-165e2c3c3e03] FlowFile[147,90428472153226.mockFlowFile,70B] contains 5 records; transferring to 'success'
[pool-1550-thread-1] INFO org.apache.nifi.processors.standard.ExecuteSQLRecord - ExecuteSQLRecord[id=b2472ce0-8564-4533-8deb-165e2c3c3e03] FlowFile[148,90428472203986.mockFlowFile,70B] contains 5 records; transferring to 'success'
[pool-1550-thread-1] INFO org.apache.nifi.processors.standard.ExecuteSQLRecord - ExecuteSQLRecord[id=b2472ce0-8564-4533-8deb-165e2c3c3e03] FlowFile[149,90428472242800.mockFlowFile,70B] contains 5 records; transferring to 'success'
[pool-1550-thread-1] INFO org.apache.nifi.processors.standard.ExecuteSQLRecord - ExecuteSQLRecord[id=b2472ce0-8564-4533-8deb-165e2c3c3e03] FlowFile[150,90428472279740.mockFlowFile,70B] contains 5 records; transferring to 'success'
[pool-1550-thread-1] INFO org.apache.nifi.processors.standard.ExecuteSQLRecord - ExecuteSQLRecord[id=b2472ce0-8564-4533-8deb-165e2c3c3e03] FlowFile[151,90428472662819.mockFlowFile,70B] contains 5 records; transferring to 'success'
[pool-1550-thread-1] INFO org.apache.nifi.processors.standard.ExecuteSQLRecord - ExecuteSQLRecord[id=b2472ce0-8564-4533-8deb-165e2c3c3e03] FlowFile[152,90428472768743.mockFlowFile,70B] contains 5 records; transferring to 'success'
[pool-1550-thread-1] INFO org.apache.nifi.processors.standard.ExecuteSQLRecord - ExecuteSQLRecord[id=b2472ce0-8564-4533-8deb-165e2c3c3e03] FlowFile[153,90428472810285.mockFlowFile,70B] contains 5 records; transferring to 'success'
[pool-1550-thread-1] INFO org.apache.nifi.processors.standard.ExecuteSQLRecord - ExecuteSQLRecord[id=b2472ce0-8564-4533-8deb-165e2c3c3e03] FlowFile[154,90428472900544.mockFlowFile,70B] contains 5 records; transferring to 'success'
[pool-1550-thread-1] INFO org.apache.nifi.processors.standard.ExecuteSQLRecord - ExecuteSQLRecord[id=b2472ce0-8564-4533-8deb-165e2c3c3e03] FlowFile[155,90428472945535.mockFlowFile,70B] contains 5 records; transferring to 'success'
[pool-1550-thread-1] INFO org.apache.nifi.processors.standard.ExecuteSQLRecord - ExecuteSQLRecord[id=b2472ce0-8564-4533-8deb-165e2c3c3e03] FlowFile[156,90428472983854.mockFlowFile,70B] contains 5 records; transferring to 'success'
[pool-1550-thread-1] INFO org.apache.nifi.processors.standard.ExecuteSQLRecord - ExecuteSQLRecord[id=b2472ce0-8564-4533-8deb-165e2c3c3e03] FlowFile[157,90428473026345.mockFlowFile,70B] contains 5 records; transferring to 'success'
[pool-1550-thread-1] INFO org.apache.nifi.processors.standard.ExecuteSQLRecord - ExecuteSQLRecord[id=b2472ce0-8564-4533-8deb-165e2c3c3e03] FlowFile[158,90428473062704.mockFlowFile,70B] contains 5 records; transferring to 'success'
[pool-1550-thread-1] INFO org.apache.nifi.processors.standard.ExecuteSQLRecord - ExecuteSQLRecord[id=b2472ce0-8564-4533-8deb-165e2c3c3e03] FlowFile[159,90428473103598.mockFlowFile,70B] contains 5 records; transferring to 'success'
[pool-1550-thread-1] INFO org.apache.nifi.processors.standard.ExecuteSQLRecord - ExecuteSQLRecord[id=b2472ce0-8564-4533-8deb-165e2c3c3e03] FlowFile[160,90428473153209.mockFlowFile,70B] contains 5 records; transferring to 'success'
[pool-1550-thread-1] INFO org.apache.nifi.processors.standard.ExecuteSQLRecord - ExecuteSQLRecord[id=b2472ce0-8564-4533-8deb-165e2c3c3e03] FlowFile[161,90428473188116.mockFlowFile,70B] contains 5 records; transferring to 'success'
[pool-1550-thread-1] INFO org.apache.nifi.processors.standard.ExecuteSQLRecord - ExecuteSQLRecord[id=b2472ce0-8564-4533-8deb-165e2c3c3e03] FlowFile[162,90428473222795.mockFlowFile,70B] contains 5 records; transferring to 'success'
[pool-1550-thread-1] INFO org.apache.nifi.processors.standard.ExecuteSQLRecord - ExecuteSQLRecord[id=b2472ce0-8564-4533-8deb-165e2c3c3e03] FlowFile[163,90428473256903.mockFlowFile,70B] contains 5 records; transferring to 'success'
[pool-1550-thread-1] INFO org.apache.nifi.processors.standard.ExecuteSQLRecord - ExecuteSQLRecord[id=b2472ce0-8564-4533-8deb-165e2c3c3e03] FlowFile[164,90428473300770.mockFlowFile,70B] contains 5 records; transferring to 'success'
[pool-1550-thread-1] INFO org.apache.nifi.processors.standard.ExecuteSQLRecord - ExecuteSQLRecord[id=b2472ce0-8564-4533-8deb-165e2c3c3e03] FlowFile[165,90428473335300.mockFlowFile,70B] contains 5 records; transferring to 'success'
[pool-1550-thread-1] INFO org.apache.nifi.processors.standard.ExecuteSQLRecord - ExecuteSQLRecord[id=b2472ce0-8564-4533-8deb-165e2c3c3e03] FlowFile[166,90428473369787.mockFlowFile,70B] contains 5 records; transferring to 'success'
[pool-1550-thread-1] INFO org.apache.nifi.processors.standard.ExecuteSQLRecord - ExecuteSQLRecord[id=b2472ce0-8564-4533-8deb-165e2c3c3e03] FlowFile[167,90428473410495.mockFlowFile,70B] contains 5 records; transferring to 'success'
[pool-1550-thread-1] INFO org.apache.nifi.processors.standard.ExecuteSQLRecord - ExecuteSQLRecord[id=b2472ce0-8564-4533-8deb-165e2c3c3e03] FlowFile[168,90428473445116.mockFlowFile,70B] contains 5 records; transferring to 'success'
[pool-1550-thread-1] INFO org.apache.nifi.processors.standard.ExecuteSQLRecord - ExecuteSQLRecord[id=b2472ce0-8564-4533-8deb-165e2c3c3e03] FlowFile[169,90428473481124.mockFlowFile,70B] contains 5 records; transferring to 'success'
[pool-1550-thread-1] INFO org.apache.nifi.processors.standard.ExecuteSQLRecord - ExecuteSQLRecord[id=b2472ce0-8564-4533-8deb-165e2c3c3e03] FlowFile[170,90428473520498.mockFlowFile,70B] contains 5 records; transferring to 'success'
[pool-1550-thread-1] INFO org.apache.nifi.processors.standard.ExecuteSQLRecord - ExecuteSQLRecord[id=b2472ce0-8564-4533-8deb-165e2c3c3e03] FlowFile[171,90428473554659.mockFlowFile,70B] contains 5 records; transferring to 'success'
[pool-1550-thread-1] INFO org.apache.nifi.processors.standard.ExecuteSQLRecord - ExecuteSQLRecord[id=b2472ce0-8564-4533-8deb-165e2c3c3e03] FlowFile[172,90428473592464.mockFlowFile,70B] contains 5 records; transferring to 'success'
[pool-1550-thread-1] INFO org.apache.nifi.processors.standard.ExecuteSQLRecord - ExecuteSQLRecord[id=b2472ce0-8564-4533-8deb-165e2c3c3e03] FlowFile[173,90428473632660.mockFlowFile,70B] contains 5 records; transferring to 'success'
[pool-1550-thread-1] INFO org.apache.nifi.processors.standard.ExecuteSQLRecord - ExecuteSQLRecord[id=b2472ce0-8564-4533-8deb-165e2c3c3e03] FlowFile[174,90428473666796.mockFlowFile,70B] contains 5 records; transferring to 'success'
[pool-1550-thread-1] INFO org.apache.nifi.processors.standard.ExecuteSQLRecord - ExecuteSQLRecord[id=b2472ce0-8564-4533-8deb-165e2c3c3e03] FlowFile[175,90428473700330.mockFlowFile,70B] contains 5 records; transferring to 'success'
[pool-1550-thread-1] INFO org.apache.nifi.processors.standard.ExecuteSQLRecord - ExecuteSQLRecord[id=b2472ce0-8564-4533-8deb-165e2c3c3e03] FlowFile[176,90428473913255.mockFlowFile,70B] contains 5 records; transferring to 'success'
[pool-1550-thread-1] INFO org.apache.nifi.processors.standard.ExecuteSQLRecord - ExecuteSQLRecord[id=b2472ce0-8564-4533-8deb-165e2c3c3e03] FlowFile[177,90428474013615.mockFlowFile,70B] contains 5 records; transferring to 'success'
[pool-1550-thread-1] INFO org.apache.nifi.processors.standard.ExecuteSQLRecord - ExecuteSQLRecord[id=b2472ce0-8564-4533-8deb-165e2c3c3e03] FlowFile[178,90428474104146.mockFlowFile,70B] contains 5 records; transferring to 'success'
[pool-1550-thread-1] INFO org.apache.nifi.processors.standard.ExecuteSQLRecord - ExecuteSQLRecord[id=b2472ce0-8564-4533-8deb-165e2c3c3e03] FlowFile[179,90428474189147.mockFlowFile,70B] contains 5 records; transferring to 'success'
[pool-1550-thread-1] INFO org.apache.nifi.processors.standard.ExecuteSQLRecord - ExecuteSQLRecord[id=b2472ce0-8564-4533-8deb-165e2c3c3e03] FlowFile[180,90428474359612.mockFlowFile,70B] contains 5 records; transferring to 'success'
[pool-1550-thread-1] INFO org.apache.nifi.processors.standard.ExecuteSQLRecord - ExecuteSQLRecord[id=b2472ce0-8564-4533-8deb-165e2c3c3e03] FlowFile[181,90428474448174.mockFlowFile,70B] contains 5 records; transferring to 'success'
[pool-1550-thread-1] INFO org.apache.nifi.processors.standard.ExecuteSQLRecord - ExecuteSQLRecord[id=b2472ce0-8564-4533-8deb-165e2c3c3e03] FlowFile[182,90428474532480.mockFlowFile,70B] contains 5 records; transferring to 'success'
[pool-1550-thread-1] INFO org.apache.nifi.processors.standard.ExecuteSQLRecord - ExecuteSQLRecord[id=b2472ce0-8564-4533-8deb-165e2c3c3e03] FlowFile[183,90428474638339.mockFlowFile,70B] contains 5 records; transferring to 'success'
[pool-1550-thread-1] INFO org.apache.nifi.processors.standard.ExecuteSQLRecord - ExecuteSQLRecord[id=b2472ce0-8564-4533-8deb-165e2c3c3e03] FlowFile[184,90428474722481.mockFlowFile,70B] contains 5 records; transferring to 'success'
[pool-1550-thread-1] INFO org.apache.nifi.processors.standard.ExecuteSQLRecord - ExecuteSQLRecord[id=b2472ce0-8564-4533-8deb-165e2c3c3e03] FlowFile[185,90428474809867.mockFlowFile,70B] contains 5 records; transferring to 'success'
[pool-1550-thread-1] INFO org.apache.nifi.processors.standard.ExecuteSQLRecord - ExecuteSQLRecord[id=b2472ce0-8564-4533-8deb-165e2c3c3e03] FlowFile[186,90428474920091.mockFlowFile,70B] contains 5 records; transferring to 'success'
[pool-1550-thread-1] INFO org.apache.nifi.processors.standard.ExecuteSQLRecord - ExecuteSQLRecord[id=b2472ce0-8564-4533-8deb-165e2c3c3e03] FlowFile[187,90428475006873.mockFlowFile,70B] contains 5 records; transferring to 'success'
[pool-1550-thread-1] INFO org.apache.nifi.processors.standard.ExecuteSQLRecord - ExecuteSQLRecord[id=b2472ce0-8564-4533-8deb-165e2c3c3e03] FlowFile[188,90428475091014.mockFlowFile,70B] contains 5 records; transferring to 'success'
[pool-1550-thread-1] INFO org.apache.nifi.processors.standard.ExecuteSQLRecord - ExecuteSQLRecord[id=b2472ce0-8564-4533-8deb-165e2c3c3e03] FlowFile[189,90428475186656.mockFlowFile,70B] contains 5 records; transferring to 'success'
[pool-1550-thread-1] INFO org.apache.nifi.processors.standard.ExecuteSQLRecord - ExecuteSQLRecord[id=b2472ce0-8564-4533-8deb-165e2c3c3e03] FlowFile[190,90428475275901.mockFlowFile,70B] contains 5 records; transferring to 'success'
[pool-1550-thread-1] INFO org.apache.nifi.processors.standard.ExecuteSQLRecord - ExecuteSQLRecord[id=b2472ce0-8564-4533-8deb-165e2c3c3e03] FlowFile[191,90428475359287.mockFlowFile,70B] contains 5 records; transferring to 'success'
[pool-1550-thread-1] INFO org.apache.nifi.processors.standard.ExecuteSQLRecord - ExecuteSQLRecord[id=b2472ce0-8564-4533-8deb-165e2c3c3e03] FlowFile[192,90428475465210.mockFlowFile,70B] contains 5 records; transferring to 'success'
[pool-1550-thread-1] INFO org.apache.nifi.processors.standard.ExecuteSQLRecord - ExecuteSQLRecord[id=b2472ce0-8564-4533-8deb-165e2c3c3e03] FlowFile[193,90428475586225.mockFlowFile,70B] contains 5 records; transferring to 'success'
[pool-1550-thread-1] INFO org.apache.nifi.processors.standard.ExecuteSQLRecord - ExecuteSQLRecord[id=b2472ce0-8564-4533-8deb-165e2c3c3e03] FlowFile[194,90428475673927.mockFlowFile,70B] contains 5 records; transferring to 'success'
[pool-1550-thread-1] INFO org.apache.nifi.processors.standard.ExecuteSQLRecord - ExecuteSQLRecord[id=b2472ce0-8564-4533-8deb-165e2c3c3e03] FlowFile[195,90428475757114.mockFlowFile,70B] contains 5 records; transferring to 'success'
[pool-1550-thread-1] INFO org.apache.nifi.processors.standard.ExecuteSQLRecord - ExecuteSQLRecord[id=b2472ce0-8564-4533-8deb-165e2c3c3e03] FlowFile[196,90428475852498.mockFlowFile,70B] contains 5 records; transferring to 'success'
[pool-1550-thread-1] INFO org.apache.nifi.processors.standard.ExecuteSQLRecord - ExecuteSQLRecord[id=b2472ce0-8564-4533-8deb-165e2c3c3e03] FlowFile[197,90428475936346.mockFlowFile,70B] contains 5 records; transferring to 'success'
[pool-1550-thread-1] INFO org.apache.nifi.processors.standard.ExecuteSQLRecord - ExecuteSQLRecord[id=b2472ce0-8564-4533-8deb-165e2c3c3e03] FlowFile[198,90428476078595.mockFlowFile,70B] contains 5 records; transferring to 'success'
[pool-1550-thread-1] INFO org.apache.nifi.processors.standard.ExecuteSQLRecord - ExecuteSQLRecord[id=b2472ce0-8564-4533-8deb-165e2c3c3e03] FlowFile[199,90428476186602.mockFlowFile,70B] contains 5 records; transferring to 'success'
]]></system-err>
  </testcase>
  <testcase name="testSelectQueryInFlowFile" classname="org.apache.nifi.processors.standard.TestExecuteSQLRecord" time="0.745">
    <system-out><![CDATA[JCFF G
I 
 CC
]]></system-out>
    <system-err><![CDATA[[main] INFO org.apache.nifi.processors.standard.TestExecuteSQLRecord - test data loaded
[pool-1551-thread-1] INFO org.apache.nifi.processors.standard.ExecuteSQLRecord - ExecuteSQLRecord[id=175a5136-50ee-4076-aac9-cecab8aba47f] FlowFile[1,90429070158877.mockFlowFile,1658494B] contains 20000 records; transferring to 'success'
]]></system-err>
  </testcase>
  <testcase name="testWithOutputBatchingAndIncomingFlowFile" classname="org.apache.nifi.processors.standard.TestExecuteSQLRecord" time="1.396">
    <system-err><![CDATA[[pool-1552-thread-1] INFO org.apache.nifi.processors.standard.ExecuteSQLRecord - ExecuteSQLRecord[id=eea3228c-69d4-438a-9674-2313dbb3f6c8] FlowFile[1,90430604977179.mockFlowFile,60B] contains 5 records; transferring to 'success'
[pool-1552-thread-1] INFO org.apache.nifi.processors.standard.ExecuteSQLRecord - ExecuteSQLRecord[id=eea3228c-69d4-438a-9674-2313dbb3f6c8] FlowFile[2,90430604977179.mockFlowFile,60B] contains 5 records; transferring to 'success'
[pool-1552-thread-1] INFO org.apache.nifi.processors.standard.ExecuteSQLRecord - ExecuteSQLRecord[id=eea3228c-69d4-438a-9674-2313dbb3f6c8] FlowFile[3,90430604977179.mockFlowFile,65B] contains 5 records; transferring to 'success'
[pool-1552-thread-1] INFO org.apache.nifi.processors.standard.ExecuteSQLRecord - ExecuteSQLRecord[id=eea3228c-69d4-438a-9674-2313dbb3f6c8] FlowFile[4,90430604977179.mockFlowFile,65B] contains 5 records; transferring to 'success'
[pool-1552-thread-1] INFO org.apache.nifi.processors.standard.ExecuteSQLRecord - ExecuteSQLRecord[id=eea3228c-69d4-438a-9674-2313dbb3f6c8] FlowFile[5,90430604977179.mockFlowFile,65B] contains 5 records; transferring to 'success'
[pool-1552-thread-1] INFO org.apache.nifi.processors.standard.ExecuteSQLRecord - ExecuteSQLRecord[id=eea3228c-69d4-438a-9674-2313dbb3f6c8] FlowFile[6,90430604977179.mockFlowFile,65B] contains 5 records; transferring to 'success'
[pool-1552-thread-1] INFO org.apache.nifi.processors.standard.ExecuteSQLRecord - ExecuteSQLRecord[id=eea3228c-69d4-438a-9674-2313dbb3f6c8] FlowFile[7,90430604977179.mockFlowFile,65B] contains 5 records; transferring to 'success'
[pool-1552-thread-1] INFO org.apache.nifi.processors.standard.ExecuteSQLRecord - ExecuteSQLRecord[id=eea3228c-69d4-438a-9674-2313dbb3f6c8] FlowFile[8,90430604977179.mockFlowFile,65B] contains 5 records; transferring to 'success'
[pool-1552-thread-1] INFO org.apache.nifi.processors.standard.ExecuteSQLRecord - ExecuteSQLRecord[id=eea3228c-69d4-438a-9674-2313dbb3f6c8] FlowFile[9,90430604977179.mockFlowFile,65B] contains 5 records; transferring to 'success'
[pool-1552-thread-1] INFO org.apache.nifi.processors.standard.ExecuteSQLRecord - ExecuteSQLRecord[id=eea3228c-69d4-438a-9674-2313dbb3f6c8] FlowFile[10,90430604977179.mockFlowFile,65B] contains 5 records; transferring to 'success'
[pool-1552-thread-1] INFO org.apache.nifi.processors.standard.ExecuteSQLRecord - ExecuteSQLRecord[id=eea3228c-69d4-438a-9674-2313dbb3f6c8] FlowFile[11,90430604977179.mockFlowFile,65B] contains 5 records; transferring to 'success'
[pool-1552-thread-1] INFO org.apache.nifi.processors.standard.ExecuteSQLRecord - ExecuteSQLRecord[id=eea3228c-69d4-438a-9674-2313dbb3f6c8] FlowFile[12,90430604977179.mockFlowFile,65B] contains 5 records; transferring to 'success'
[pool-1552-thread-1] INFO org.apache.nifi.processors.standard.ExecuteSQLRecord - ExecuteSQLRecord[id=eea3228c-69d4-438a-9674-2313dbb3f6c8] FlowFile[13,90430604977179.mockFlowFile,65B] contains 5 records; transferring to 'success'
[pool-1552-thread-1] INFO org.apache.nifi.processors.standard.ExecuteSQLRecord - ExecuteSQLRecord[id=eea3228c-69d4-438a-9674-2313dbb3f6c8] FlowFile[14,90430604977179.mockFlowFile,65B] contains 5 records; transferring to 'success'
[pool-1552-thread-1] INFO org.apache.nifi.processors.standard.ExecuteSQLRecord - ExecuteSQLRecord[id=eea3228c-69d4-438a-9674-2313dbb3f6c8] FlowFile[15,90430604977179.mockFlowFile,65B] contains 5 records; transferring to 'success'
[pool-1552-thread-1] INFO org.apache.nifi.processors.standard.ExecuteSQLRecord - ExecuteSQLRecord[id=eea3228c-69d4-438a-9674-2313dbb3f6c8] FlowFile[16,90430604977179.mockFlowFile,65B] contains 5 records; transferring to 'success'
[pool-1552-thread-1] INFO org.apache.nifi.processors.standard.ExecuteSQLRecord - ExecuteSQLRecord[id=eea3228c-69d4-438a-9674-2313dbb3f6c8] FlowFile[17,90430604977179.mockFlowFile,65B] contains 5 records; transferring to 'success'
[pool-1552-thread-1] INFO org.apache.nifi.processors.standard.ExecuteSQLRecord - ExecuteSQLRecord[id=eea3228c-69d4-438a-9674-2313dbb3f6c8] FlowFile[18,90430604977179.mockFlowFile,65B] contains 5 records; transferring to 'success'
[pool-1552-thread-1] INFO org.apache.nifi.processors.standard.ExecuteSQLRecord - ExecuteSQLRecord[id=eea3228c-69d4-438a-9674-2313dbb3f6c8] FlowFile[19,90430604977179.mockFlowFile,65B] contains 5 records; transferring to 'success'
[pool-1552-thread-1] INFO org.apache.nifi.processors.standard.ExecuteSQLRecord - ExecuteSQLRecord[id=eea3228c-69d4-438a-9674-2313dbb3f6c8] FlowFile[20,90430604977179.mockFlowFile,65B] contains 5 records; transferring to 'success'
[pool-1552-thread-1] INFO org.apache.nifi.processors.standard.ExecuteSQLRecord - ExecuteSQLRecord[id=eea3228c-69d4-438a-9674-2313dbb3f6c8] FlowFile[21,90430604977179.mockFlowFile,70B] contains 5 records; transferring to 'success'
[pool-1552-thread-1] INFO org.apache.nifi.processors.standard.ExecuteSQLRecord - ExecuteSQLRecord[id=eea3228c-69d4-438a-9674-2313dbb3f6c8] FlowFile[22,90430604977179.mockFlowFile,70B] contains 5 records; transferring to 'success'
[pool-1552-thread-1] INFO org.apache.nifi.processors.standard.ExecuteSQLRecord - ExecuteSQLRecord[id=eea3228c-69d4-438a-9674-2313dbb3f6c8] FlowFile[23,90430604977179.mockFlowFile,70B] contains 5 records; transferring to 'success'
[pool-1552-thread-1] INFO org.apache.nifi.processors.standard.ExecuteSQLRecord - ExecuteSQLRecord[id=eea3228c-69d4-438a-9674-2313dbb3f6c8] FlowFile[24,90430604977179.mockFlowFile,70B] contains 5 records; transferring to 'success'
[pool-1552-thread-1] INFO org.apache.nifi.processors.standard.ExecuteSQLRecord - ExecuteSQLRecord[id=eea3228c-69d4-438a-9674-2313dbb3f6c8] FlowFile[25,90430604977179.mockFlowFile,70B] contains 5 records; transferring to 'success'
[pool-1552-thread-1] INFO org.apache.nifi.processors.standard.ExecuteSQLRecord - ExecuteSQLRecord[id=eea3228c-69d4-438a-9674-2313dbb3f6c8] FlowFile[26,90430604977179.mockFlowFile,70B] contains 5 records; transferring to 'success'
[pool-1552-thread-1] INFO org.apache.nifi.processors.standard.ExecuteSQLRecord - ExecuteSQLRecord[id=eea3228c-69d4-438a-9674-2313dbb3f6c8] FlowFile[27,90430604977179.mockFlowFile,70B] contains 5 records; transferring to 'success'
[pool-1552-thread-1] INFO org.apache.nifi.processors.standard.ExecuteSQLRecord - ExecuteSQLRecord[id=eea3228c-69d4-438a-9674-2313dbb3f6c8] FlowFile[28,90430604977179.mockFlowFile,70B] contains 5 records; transferring to 'success'
[pool-1552-thread-1] INFO org.apache.nifi.processors.standard.ExecuteSQLRecord - ExecuteSQLRecord[id=eea3228c-69d4-438a-9674-2313dbb3f6c8] FlowFile[29,90430604977179.mockFlowFile,70B] contains 5 records; transferring to 'success'
[pool-1552-thread-1] INFO org.apache.nifi.processors.standard.ExecuteSQLRecord - ExecuteSQLRecord[id=eea3228c-69d4-438a-9674-2313dbb3f6c8] FlowFile[30,90430604977179.mockFlowFile,70B] contains 5 records; transferring to 'success'
[pool-1552-thread-1] INFO org.apache.nifi.processors.standard.ExecuteSQLRecord - ExecuteSQLRecord[id=eea3228c-69d4-438a-9674-2313dbb3f6c8] FlowFile[31,90430604977179.mockFlowFile,70B] contains 5 records; transferring to 'success'
[pool-1552-thread-1] INFO org.apache.nifi.processors.standard.ExecuteSQLRecord - ExecuteSQLRecord[id=eea3228c-69d4-438a-9674-2313dbb3f6c8] FlowFile[32,90430604977179.mockFlowFile,70B] contains 5 records; transferring to 'success'
[pool-1552-thread-1] INFO org.apache.nifi.processors.standard.ExecuteSQLRecord - ExecuteSQLRecord[id=eea3228c-69d4-438a-9674-2313dbb3f6c8] FlowFile[33,90430604977179.mockFlowFile,70B] contains 5 records; transferring to 'success'
[pool-1552-thread-1] INFO org.apache.nifi.processors.standard.ExecuteSQLRecord - ExecuteSQLRecord[id=eea3228c-69d4-438a-9674-2313dbb3f6c8] FlowFile[34,90430604977179.mockFlowFile,70B] contains 5 records; transferring to 'success'
[pool-1552-thread-1] INFO org.apache.nifi.processors.standard.ExecuteSQLRecord - ExecuteSQLRecord[id=eea3228c-69d4-438a-9674-2313dbb3f6c8] FlowFile[35,90430604977179.mockFlowFile,70B] contains 5 records; transferring to 'success'
[pool-1552-thread-1] INFO org.apache.nifi.processors.standard.ExecuteSQLRecord - ExecuteSQLRecord[id=eea3228c-69d4-438a-9674-2313dbb3f6c8] FlowFile[36,90430604977179.mockFlowFile,70B] contains 5 records; transferring to 'success'
[pool-1552-thread-1] INFO org.apache.nifi.processors.standard.ExecuteSQLRecord - ExecuteSQLRecord[id=eea3228c-69d4-438a-9674-2313dbb3f6c8] FlowFile[37,90430604977179.mockFlowFile,70B] contains 5 records; transferring to 'success'
[pool-1552-thread-1] INFO org.apache.nifi.processors.standard.ExecuteSQLRecord - ExecuteSQLRecord[id=eea3228c-69d4-438a-9674-2313dbb3f6c8] FlowFile[38,90430604977179.mockFlowFile,70B] contains 5 records; transferring to 'success'
[pool-1552-thread-1] INFO org.apache.nifi.processors.standard.ExecuteSQLRecord - ExecuteSQLRecord[id=eea3228c-69d4-438a-9674-2313dbb3f6c8] FlowFile[39,90430604977179.mockFlowFile,70B] contains 5 records; transferring to 'success'
[pool-1552-thread-1] INFO org.apache.nifi.processors.standard.ExecuteSQLRecord - ExecuteSQLRecord[id=eea3228c-69d4-438a-9674-2313dbb3f6c8] FlowFile[40,90430604977179.mockFlowFile,70B] contains 5 records; transferring to 'success'
[pool-1552-thread-1] INFO org.apache.nifi.processors.standard.ExecuteSQLRecord - ExecuteSQLRecord[id=eea3228c-69d4-438a-9674-2313dbb3f6c8] FlowFile[41,90430604977179.mockFlowFile,70B] contains 5 records; transferring to 'success'
[pool-1552-thread-1] INFO org.apache.nifi.processors.standard.ExecuteSQLRecord - ExecuteSQLRecord[id=eea3228c-69d4-438a-9674-2313dbb3f6c8] FlowFile[42,90430604977179.mockFlowFile,70B] contains 5 records; transferring to 'success'
[pool-1552-thread-1] INFO org.apache.nifi.processors.standard.ExecuteSQLRecord - ExecuteSQLRecord[id=eea3228c-69d4-438a-9674-2313dbb3f6c8] FlowFile[43,90430604977179.mockFlowFile,70B] contains 5 records; transferring to 'success'
[pool-1552-thread-1] INFO org.apache.nifi.processors.standard.ExecuteSQLRecord - ExecuteSQLRecord[id=eea3228c-69d4-438a-9674-2313dbb3f6c8] FlowFile[44,90430604977179.mockFlowFile,70B] contains 5 records; transferring to 'success'
[pool-1552-thread-1] INFO org.apache.nifi.processors.standard.ExecuteSQLRecord - ExecuteSQLRecord[id=eea3228c-69d4-438a-9674-2313dbb3f6c8] FlowFile[45,90430604977179.mockFlowFile,70B] contains 5 records; transferring to 'success'
[pool-1552-thread-1] INFO org.apache.nifi.processors.standard.ExecuteSQLRecord - ExecuteSQLRecord[id=eea3228c-69d4-438a-9674-2313dbb3f6c8] FlowFile[46,90430604977179.mockFlowFile,70B] contains 5 records; transferring to 'success'
[pool-1552-thread-1] INFO org.apache.nifi.processors.standard.ExecuteSQLRecord - ExecuteSQLRecord[id=eea3228c-69d4-438a-9674-2313dbb3f6c8] FlowFile[47,90430604977179.mockFlowFile,70B] contains 5 records; transferring to 'success'
[pool-1552-thread-1] INFO org.apache.nifi.processors.standard.ExecuteSQLRecord - ExecuteSQLRecord[id=eea3228c-69d4-438a-9674-2313dbb3f6c8] FlowFile[48,90430604977179.mockFlowFile,70B] contains 5 records; transferring to 'success'
[pool-1552-thread-1] INFO org.apache.nifi.processors.standard.ExecuteSQLRecord - ExecuteSQLRecord[id=eea3228c-69d4-438a-9674-2313dbb3f6c8] FlowFile[49,90430604977179.mockFlowFile,70B] contains 5 records; transferring to 'success'
[pool-1552-thread-1] INFO org.apache.nifi.processors.standard.ExecuteSQLRecord - ExecuteSQLRecord[id=eea3228c-69d4-438a-9674-2313dbb3f6c8] FlowFile[50,90430604977179.mockFlowFile,70B] contains 5 records; transferring to 'success'
[pool-1552-thread-1] INFO org.apache.nifi.processors.standard.ExecuteSQLRecord - ExecuteSQLRecord[id=eea3228c-69d4-438a-9674-2313dbb3f6c8] FlowFile[51,90430604977179.mockFlowFile,70B] contains 5 records; transferring to 'success'
[pool-1552-thread-1] INFO org.apache.nifi.processors.standard.ExecuteSQLRecord - ExecuteSQLRecord[id=eea3228c-69d4-438a-9674-2313dbb3f6c8] FlowFile[52,90430604977179.mockFlowFile,70B] contains 5 records; transferring to 'success'
[pool-1552-thread-1] INFO org.apache.nifi.processors.standard.ExecuteSQLRecord - ExecuteSQLRecord[id=eea3228c-69d4-438a-9674-2313dbb3f6c8] FlowFile[53,90430604977179.mockFlowFile,70B] contains 5 records; transferring to 'success'
[pool-1552-thread-1] INFO org.apache.nifi.processors.standard.ExecuteSQLRecord - ExecuteSQLRecord[id=eea3228c-69d4-438a-9674-2313dbb3f6c8] FlowFile[54,90430604977179.mockFlowFile,70B] contains 5 records; transferring to 'success'
[pool-1552-thread-1] INFO org.apache.nifi.processors.standard.ExecuteSQLRecord - ExecuteSQLRecord[id=eea3228c-69d4-438a-9674-2313dbb3f6c8] FlowFile[55,90430604977179.mockFlowFile,70B] contains 5 records; transferring to 'success'
[pool-1552-thread-1] INFO org.apache.nifi.processors.standard.ExecuteSQLRecord - ExecuteSQLRecord[id=eea3228c-69d4-438a-9674-2313dbb3f6c8] FlowFile[56,90430604977179.mockFlowFile,70B] contains 5 records; transferring to 'success'
[pool-1552-thread-1] INFO org.apache.nifi.processors.standard.ExecuteSQLRecord - ExecuteSQLRecord[id=eea3228c-69d4-438a-9674-2313dbb3f6c8] FlowFile[57,90430604977179.mockFlowFile,70B] contains 5 records; transferring to 'success'
[pool-1552-thread-1] INFO org.apache.nifi.processors.standard.ExecuteSQLRecord - ExecuteSQLRecord[id=eea3228c-69d4-438a-9674-2313dbb3f6c8] FlowFile[58,90430604977179.mockFlowFile,70B] contains 5 records; transferring to 'success'
[pool-1552-thread-1] INFO org.apache.nifi.processors.standard.ExecuteSQLRecord - ExecuteSQLRecord[id=eea3228c-69d4-438a-9674-2313dbb3f6c8] FlowFile[59,90430604977179.mockFlowFile,70B] contains 5 records; transferring to 'success'
[pool-1552-thread-1] INFO org.apache.nifi.processors.standard.ExecuteSQLRecord - ExecuteSQLRecord[id=eea3228c-69d4-438a-9674-2313dbb3f6c8] FlowFile[60,90430604977179.mockFlowFile,70B] contains 5 records; transferring to 'success'
[pool-1552-thread-1] INFO org.apache.nifi.processors.standard.ExecuteSQLRecord - ExecuteSQLRecord[id=eea3228c-69d4-438a-9674-2313dbb3f6c8] FlowFile[61,90430604977179.mockFlowFile,70B] contains 5 records; transferring to 'success'
[pool-1552-thread-1] INFO org.apache.nifi.processors.standard.ExecuteSQLRecord - ExecuteSQLRecord[id=eea3228c-69d4-438a-9674-2313dbb3f6c8] FlowFile[62,90430604977179.mockFlowFile,70B] contains 5 records; transferring to 'success'
[pool-1552-thread-1] INFO org.apache.nifi.processors.standard.ExecuteSQLRecord - ExecuteSQLRecord[id=eea3228c-69d4-438a-9674-2313dbb3f6c8] FlowFile[63,90430604977179.mockFlowFile,70B] contains 5 records; transferring to 'success'
[pool-1552-thread-1] INFO org.apache.nifi.processors.standard.ExecuteSQLRecord - ExecuteSQLRecord[id=eea3228c-69d4-438a-9674-2313dbb3f6c8] FlowFile[64,90430604977179.mockFlowFile,70B] contains 5 records; transferring to 'success'
[pool-1552-thread-1] INFO org.apache.nifi.processors.standard.ExecuteSQLRecord - ExecuteSQLRecord[id=eea3228c-69d4-438a-9674-2313dbb3f6c8] FlowFile[65,90430604977179.mockFlowFile,70B] contains 5 records; transferring to 'success'
[pool-1552-thread-1] INFO org.apache.nifi.processors.standard.ExecuteSQLRecord - ExecuteSQLRecord[id=eea3228c-69d4-438a-9674-2313dbb3f6c8] FlowFile[66,90430604977179.mockFlowFile,70B] contains 5 records; transferring to 'success'
[pool-1552-thread-1] INFO org.apache.nifi.processors.standard.ExecuteSQLRecord - ExecuteSQLRecord[id=eea3228c-69d4-438a-9674-2313dbb3f6c8] FlowFile[67,90430604977179.mockFlowFile,70B] contains 5 records; transferring to 'success'
[pool-1552-thread-1] INFO org.apache.nifi.processors.standard.ExecuteSQLRecord - ExecuteSQLRecord[id=eea3228c-69d4-438a-9674-2313dbb3f6c8] FlowFile[68,90430604977179.mockFlowFile,70B] contains 5 records; transferring to 'success'
[pool-1552-thread-1] INFO org.apache.nifi.processors.standard.ExecuteSQLRecord - ExecuteSQLRecord[id=eea3228c-69d4-438a-9674-2313dbb3f6c8] FlowFile[69,90430604977179.mockFlowFile,70B] contains 5 records; transferring to 'success'
[pool-1552-thread-1] INFO org.apache.nifi.processors.standard.ExecuteSQLRecord - ExecuteSQLRecord[id=eea3228c-69d4-438a-9674-2313dbb3f6c8] FlowFile[70,90430604977179.mockFlowFile,70B] contains 5 records; transferring to 'success'
[pool-1552-thread-1] INFO org.apache.nifi.processors.standard.ExecuteSQLRecord - ExecuteSQLRecord[id=eea3228c-69d4-438a-9674-2313dbb3f6c8] FlowFile[71,90430604977179.mockFlowFile,70B] contains 5 records; transferring to 'success'
[pool-1552-thread-1] INFO org.apache.nifi.processors.standard.ExecuteSQLRecord - ExecuteSQLRecord[id=eea3228c-69d4-438a-9674-2313dbb3f6c8] FlowFile[72,90430604977179.mockFlowFile,70B] contains 5 records; transferring to 'success'
[pool-1552-thread-1] INFO org.apache.nifi.processors.standard.ExecuteSQLRecord - ExecuteSQLRecord[id=eea3228c-69d4-438a-9674-2313dbb3f6c8] FlowFile[73,90430604977179.mockFlowFile,70B] contains 5 records; transferring to 'success'
[pool-1552-thread-1] INFO org.apache.nifi.processors.standard.ExecuteSQLRecord - ExecuteSQLRecord[id=eea3228c-69d4-438a-9674-2313dbb3f6c8] FlowFile[74,90430604977179.mockFlowFile,70B] contains 5 records; transferring to 'success'
[pool-1552-thread-1] INFO org.apache.nifi.processors.standard.ExecuteSQLRecord - ExecuteSQLRecord[id=eea3228c-69d4-438a-9674-2313dbb3f6c8] FlowFile[75,90430604977179.mockFlowFile,70B] contains 5 records; transferring to 'success'
[pool-1552-thread-1] INFO org.apache.nifi.processors.standard.ExecuteSQLRecord - ExecuteSQLRecord[id=eea3228c-69d4-438a-9674-2313dbb3f6c8] FlowFile[76,90430604977179.mockFlowFile,70B] contains 5 records; transferring to 'success'
[pool-1552-thread-1] INFO org.apache.nifi.processors.standard.ExecuteSQLRecord - ExecuteSQLRecord[id=eea3228c-69d4-438a-9674-2313dbb3f6c8] FlowFile[77,90430604977179.mockFlowFile,70B] contains 5 records; transferring to 'success'
[pool-1552-thread-1] INFO org.apache.nifi.processors.standard.ExecuteSQLRecord - ExecuteSQLRecord[id=eea3228c-69d4-438a-9674-2313dbb3f6c8] FlowFile[78,90430604977179.mockFlowFile,70B] contains 5 records; transferring to 'success'
[pool-1552-thread-1] INFO org.apache.nifi.processors.standard.ExecuteSQLRecord - ExecuteSQLRecord[id=eea3228c-69d4-438a-9674-2313dbb3f6c8] FlowFile[79,90430604977179.mockFlowFile,70B] contains 5 records; transferring to 'success'
[pool-1552-thread-1] INFO org.apache.nifi.processors.standard.ExecuteSQLRecord - ExecuteSQLRecord[id=eea3228c-69d4-438a-9674-2313dbb3f6c8] FlowFile[80,90430604977179.mockFlowFile,70B] contains 5 records; transferring to 'success'
[pool-1552-thread-1] INFO org.apache.nifi.processors.standard.ExecuteSQLRecord - ExecuteSQLRecord[id=eea3228c-69d4-438a-9674-2313dbb3f6c8] FlowFile[81,90430604977179.mockFlowFile,70B] contains 5 records; transferring to 'success'
[pool-1552-thread-1] INFO org.apache.nifi.processors.standard.ExecuteSQLRecord - ExecuteSQLRecord[id=eea3228c-69d4-438a-9674-2313dbb3f6c8] FlowFile[82,90430604977179.mockFlowFile,70B] contains 5 records; transferring to 'success'
[pool-1552-thread-1] INFO org.apache.nifi.processors.standard.ExecuteSQLRecord - ExecuteSQLRecord[id=eea3228c-69d4-438a-9674-2313dbb3f6c8] FlowFile[83,90430604977179.mockFlowFile,70B] contains 5 records; transferring to 'success'
[pool-1552-thread-1] INFO org.apache.nifi.processors.standard.ExecuteSQLRecord - ExecuteSQLRecord[id=eea3228c-69d4-438a-9674-2313dbb3f6c8] FlowFile[84,90430604977179.mockFlowFile,70B] contains 5 records; transferring to 'success'
[pool-1552-thread-1] INFO org.apache.nifi.processors.standard.ExecuteSQLRecord - ExecuteSQLRecord[id=eea3228c-69d4-438a-9674-2313dbb3f6c8] FlowFile[85,90430604977179.mockFlowFile,70B] contains 5 records; transferring to 'success'
[pool-1552-thread-1] INFO org.apache.nifi.processors.standard.ExecuteSQLRecord - ExecuteSQLRecord[id=eea3228c-69d4-438a-9674-2313dbb3f6c8] FlowFile[86,90430604977179.mockFlowFile,70B] contains 5 records; transferring to 'success'
[pool-1552-thread-1] INFO org.apache.nifi.processors.standard.ExecuteSQLRecord - ExecuteSQLRecord[id=eea3228c-69d4-438a-9674-2313dbb3f6c8] FlowFile[87,90430604977179.mockFlowFile,70B] contains 5 records; transferring to 'success'
[pool-1552-thread-1] INFO org.apache.nifi.processors.standard.ExecuteSQLRecord - ExecuteSQLRecord[id=eea3228c-69d4-438a-9674-2313dbb3f6c8] FlowFile[88,90430604977179.mockFlowFile,70B] contains 5 records; transferring to 'success'
[pool-1552-thread-1] INFO org.apache.nifi.processors.standard.ExecuteSQLRecord - ExecuteSQLRecord[id=eea3228c-69d4-438a-9674-2313dbb3f6c8] FlowFile[89,90430604977179.mockFlowFile,70B] contains 5 records; transferring to 'success'
[pool-1552-thread-1] INFO org.apache.nifi.processors.standard.ExecuteSQLRecord - ExecuteSQLRecord[id=eea3228c-69d4-438a-9674-2313dbb3f6c8] FlowFile[90,90430604977179.mockFlowFile,70B] contains 5 records; transferring to 'success'
[pool-1552-thread-1] INFO org.apache.nifi.processors.standard.ExecuteSQLRecord - ExecuteSQLRecord[id=eea3228c-69d4-438a-9674-2313dbb3f6c8] FlowFile[91,90430604977179.mockFlowFile,70B] contains 5 records; transferring to 'success'
[pool-1552-thread-1] INFO org.apache.nifi.processors.standard.ExecuteSQLRecord - ExecuteSQLRecord[id=eea3228c-69d4-438a-9674-2313dbb3f6c8] FlowFile[92,90430604977179.mockFlowFile,70B] contains 5 records; transferring to 'success'
[pool-1552-thread-1] INFO org.apache.nifi.processors.standard.ExecuteSQLRecord - ExecuteSQLRecord[id=eea3228c-69d4-438a-9674-2313dbb3f6c8] FlowFile[93,90430604977179.mockFlowFile,70B] contains 5 records; transferring to 'success'
[pool-1552-thread-1] INFO org.apache.nifi.processors.standard.ExecuteSQLRecord - ExecuteSQLRecord[id=eea3228c-69d4-438a-9674-2313dbb3f6c8] FlowFile[94,90430604977179.mockFlowFile,70B] contains 5 records; transferring to 'success'
[pool-1552-thread-1] INFO org.apache.nifi.processors.standard.ExecuteSQLRecord - ExecuteSQLRecord[id=eea3228c-69d4-438a-9674-2313dbb3f6c8] FlowFile[95,90430604977179.mockFlowFile,70B] contains 5 records; transferring to 'success'
[pool-1552-thread-1] INFO org.apache.nifi.processors.standard.ExecuteSQLRecord - ExecuteSQLRecord[id=eea3228c-69d4-438a-9674-2313dbb3f6c8] FlowFile[96,90430604977179.mockFlowFile,70B] contains 5 records; transferring to 'success'
[pool-1552-thread-1] INFO org.apache.nifi.processors.standard.ExecuteSQLRecord - ExecuteSQLRecord[id=eea3228c-69d4-438a-9674-2313dbb3f6c8] FlowFile[97,90430604977179.mockFlowFile,70B] contains 5 records; transferring to 'success'
[pool-1552-thread-1] INFO org.apache.nifi.processors.standard.ExecuteSQLRecord - ExecuteSQLRecord[id=eea3228c-69d4-438a-9674-2313dbb3f6c8] FlowFile[98,90430604977179.mockFlowFile,70B] contains 5 records; transferring to 'success'
[pool-1552-thread-1] INFO org.apache.nifi.processors.standard.ExecuteSQLRecord - ExecuteSQLRecord[id=eea3228c-69d4-438a-9674-2313dbb3f6c8] FlowFile[99,90430604977179.mockFlowFile,70B] contains 5 records; transferring to 'success'
[pool-1552-thread-1] INFO org.apache.nifi.processors.standard.ExecuteSQLRecord - ExecuteSQLRecord[id=eea3228c-69d4-438a-9674-2313dbb3f6c8] FlowFile[100,90430604977179.mockFlowFile,70B] contains 5 records; transferring to 'success'
[pool-1552-thread-1] INFO org.apache.nifi.processors.standard.ExecuteSQLRecord - ExecuteSQLRecord[id=eea3228c-69d4-438a-9674-2313dbb3f6c8] FlowFile[101,90430604977179.mockFlowFile,70B] contains 5 records; transferring to 'success'
[pool-1552-thread-1] INFO org.apache.nifi.processors.standard.ExecuteSQLRecord - ExecuteSQLRecord[id=eea3228c-69d4-438a-9674-2313dbb3f6c8] FlowFile[102,90430604977179.mockFlowFile,70B] contains 5 records; transferring to 'success'
[pool-1552-thread-1] INFO org.apache.nifi.processors.standard.ExecuteSQLRecord - ExecuteSQLRecord[id=eea3228c-69d4-438a-9674-2313dbb3f6c8] FlowFile[103,90430604977179.mockFlowFile,70B] contains 5 records; transferring to 'success'
[pool-1552-thread-1] INFO org.apache.nifi.processors.standard.ExecuteSQLRecord - ExecuteSQLRecord[id=eea3228c-69d4-438a-9674-2313dbb3f6c8] FlowFile[104,90430604977179.mockFlowFile,70B] contains 5 records; transferring to 'success'
[pool-1552-thread-1] INFO org.apache.nifi.processors.standard.ExecuteSQLRecord - ExecuteSQLRecord[id=eea3228c-69d4-438a-9674-2313dbb3f6c8] FlowFile[105,90430604977179.mockFlowFile,70B] contains 5 records; transferring to 'success'
[pool-1552-thread-1] INFO org.apache.nifi.processors.standard.ExecuteSQLRecord - ExecuteSQLRecord[id=eea3228c-69d4-438a-9674-2313dbb3f6c8] FlowFile[106,90430604977179.mockFlowFile,70B] contains 5 records; transferring to 'success'
[pool-1552-thread-1] INFO org.apache.nifi.processors.standard.ExecuteSQLRecord - ExecuteSQLRecord[id=eea3228c-69d4-438a-9674-2313dbb3f6c8] FlowFile[107,90430604977179.mockFlowFile,70B] contains 5 records; transferring to 'success'
[pool-1552-thread-1] INFO org.apache.nifi.processors.standard.ExecuteSQLRecord - ExecuteSQLRecord[id=eea3228c-69d4-438a-9674-2313dbb3f6c8] FlowFile[108,90430604977179.mockFlowFile,70B] contains 5 records; transferring to 'success'
[pool-1552-thread-1] INFO org.apache.nifi.processors.standard.ExecuteSQLRecord - ExecuteSQLRecord[id=eea3228c-69d4-438a-9674-2313dbb3f6c8] FlowFile[109,90430604977179.mockFlowFile,70B] contains 5 records; transferring to 'success'
[pool-1552-thread-1] INFO org.apache.nifi.processors.standard.ExecuteSQLRecord - ExecuteSQLRecord[id=eea3228c-69d4-438a-9674-2313dbb3f6c8] FlowFile[110,90430604977179.mockFlowFile,70B] contains 5 records; transferring to 'success'
[pool-1552-thread-1] INFO org.apache.nifi.processors.standard.ExecuteSQLRecord - ExecuteSQLRecord[id=eea3228c-69d4-438a-9674-2313dbb3f6c8] FlowFile[111,90430604977179.mockFlowFile,70B] contains 5 records; transferring to 'success'
[pool-1552-thread-1] INFO org.apache.nifi.processors.standard.ExecuteSQLRecord - ExecuteSQLRecord[id=eea3228c-69d4-438a-9674-2313dbb3f6c8] FlowFile[112,90430604977179.mockFlowFile,70B] contains 5 records; transferring to 'success'
[pool-1552-thread-1] INFO org.apache.nifi.processors.standard.ExecuteSQLRecord - ExecuteSQLRecord[id=eea3228c-69d4-438a-9674-2313dbb3f6c8] FlowFile[113,90430604977179.mockFlowFile,70B] contains 5 records; transferring to 'success'
[pool-1552-thread-1] INFO org.apache.nifi.processors.standard.ExecuteSQLRecord - ExecuteSQLRecord[id=eea3228c-69d4-438a-9674-2313dbb3f6c8] FlowFile[114,90430604977179.mockFlowFile,70B] contains 5 records; transferring to 'success'
[pool-1552-thread-1] INFO org.apache.nifi.processors.standard.ExecuteSQLRecord - ExecuteSQLRecord[id=eea3228c-69d4-438a-9674-2313dbb3f6c8] FlowFile[115,90430604977179.mockFlowFile,70B] contains 5 records; transferring to 'success'
[pool-1552-thread-1] INFO org.apache.nifi.processors.standard.ExecuteSQLRecord - ExecuteSQLRecord[id=eea3228c-69d4-438a-9674-2313dbb3f6c8] FlowFile[116,90430604977179.mockFlowFile,70B] contains 5 records; transferring to 'success'
[pool-1552-thread-1] INFO org.apache.nifi.processors.standard.ExecuteSQLRecord - ExecuteSQLRecord[id=eea3228c-69d4-438a-9674-2313dbb3f6c8] FlowFile[117,90430604977179.mockFlowFile,70B] contains 5 records; transferring to 'success'
[pool-1552-thread-1] INFO org.apache.nifi.processors.standard.ExecuteSQLRecord - ExecuteSQLRecord[id=eea3228c-69d4-438a-9674-2313dbb3f6c8] FlowFile[118,90430604977179.mockFlowFile,70B] contains 5 records; transferring to 'success'
[pool-1552-thread-1] INFO org.apache.nifi.processors.standard.ExecuteSQLRecord - ExecuteSQLRecord[id=eea3228c-69d4-438a-9674-2313dbb3f6c8] FlowFile[119,90430604977179.mockFlowFile,70B] contains 5 records; transferring to 'success'
[pool-1552-thread-1] INFO org.apache.nifi.processors.standard.ExecuteSQLRecord - ExecuteSQLRecord[id=eea3228c-69d4-438a-9674-2313dbb3f6c8] FlowFile[120,90430604977179.mockFlowFile,70B] contains 5 records; transferring to 'success'
[pool-1552-thread-1] INFO org.apache.nifi.processors.standard.ExecuteSQLRecord - ExecuteSQLRecord[id=eea3228c-69d4-438a-9674-2313dbb3f6c8] FlowFile[121,90430604977179.mockFlowFile,70B] contains 5 records; transferring to 'success'
[pool-1552-thread-1] INFO org.apache.nifi.processors.standard.ExecuteSQLRecord - ExecuteSQLRecord[id=eea3228c-69d4-438a-9674-2313dbb3f6c8] FlowFile[122,90430604977179.mockFlowFile,70B] contains 5 records; transferring to 'success'
[pool-1552-thread-1] INFO org.apache.nifi.processors.standard.ExecuteSQLRecord - ExecuteSQLRecord[id=eea3228c-69d4-438a-9674-2313dbb3f6c8] FlowFile[123,90430604977179.mockFlowFile,70B] contains 5 records; transferring to 'success'
[pool-1552-thread-1] INFO org.apache.nifi.processors.standard.ExecuteSQLRecord - ExecuteSQLRecord[id=eea3228c-69d4-438a-9674-2313dbb3f6c8] FlowFile[124,90430604977179.mockFlowFile,70B] contains 5 records; transferring to 'success'
[pool-1552-thread-1] INFO org.apache.nifi.processors.standard.ExecuteSQLRecord - ExecuteSQLRecord[id=eea3228c-69d4-438a-9674-2313dbb3f6c8] FlowFile[125,90430604977179.mockFlowFile,70B] contains 5 records; transferring to 'success'
[pool-1552-thread-1] INFO org.apache.nifi.processors.standard.ExecuteSQLRecord - ExecuteSQLRecord[id=eea3228c-69d4-438a-9674-2313dbb3f6c8] FlowFile[126,90430604977179.mockFlowFile,70B] contains 5 records; transferring to 'success'
[pool-1552-thread-1] INFO org.apache.nifi.processors.standard.ExecuteSQLRecord - ExecuteSQLRecord[id=eea3228c-69d4-438a-9674-2313dbb3f6c8] FlowFile[127,90430604977179.mockFlowFile,70B] contains 5 records; transferring to 'success'
[pool-1552-thread-1] INFO org.apache.nifi.processors.standard.ExecuteSQLRecord - ExecuteSQLRecord[id=eea3228c-69d4-438a-9674-2313dbb3f6c8] FlowFile[128,90430604977179.mockFlowFile,70B] contains 5 records; transferring to 'success'
[pool-1552-thread-1] INFO org.apache.nifi.processors.standard.ExecuteSQLRecord - ExecuteSQLRecord[id=eea3228c-69d4-438a-9674-2313dbb3f6c8] FlowFile[129,90430604977179.mockFlowFile,70B] contains 5 records; transferring to 'success'
[pool-1552-thread-1] INFO org.apache.nifi.processors.standard.ExecuteSQLRecord - ExecuteSQLRecord[id=eea3228c-69d4-438a-9674-2313dbb3f6c8] FlowFile[130,90430604977179.mockFlowFile,70B] contains 5 records; transferring to 'success'
[pool-1552-thread-1] INFO org.apache.nifi.processors.standard.ExecuteSQLRecord - ExecuteSQLRecord[id=eea3228c-69d4-438a-9674-2313dbb3f6c8] FlowFile[131,90430604977179.mockFlowFile,70B] contains 5 records; transferring to 'success'
[pool-1552-thread-1] INFO org.apache.nifi.processors.standard.ExecuteSQLRecord - ExecuteSQLRecord[id=eea3228c-69d4-438a-9674-2313dbb3f6c8] FlowFile[132,90430604977179.mockFlowFile,70B] contains 5 records; transferring to 'success'
[pool-1552-thread-1] INFO org.apache.nifi.processors.standard.ExecuteSQLRecord - ExecuteSQLRecord[id=eea3228c-69d4-438a-9674-2313dbb3f6c8] FlowFile[133,90430604977179.mockFlowFile,70B] contains 5 records; transferring to 'success'
[pool-1552-thread-1] INFO org.apache.nifi.processors.standard.ExecuteSQLRecord - ExecuteSQLRecord[id=eea3228c-69d4-438a-9674-2313dbb3f6c8] FlowFile[134,90430604977179.mockFlowFile,70B] contains 5 records; transferring to 'success'
[pool-1552-thread-1] INFO org.apache.nifi.processors.standard.ExecuteSQLRecord - ExecuteSQLRecord[id=eea3228c-69d4-438a-9674-2313dbb3f6c8] FlowFile[135,90430604977179.mockFlowFile,70B] contains 5 records; transferring to 'success'
[pool-1552-thread-1] INFO org.apache.nifi.processors.standard.ExecuteSQLRecord - ExecuteSQLRecord[id=eea3228c-69d4-438a-9674-2313dbb3f6c8] FlowFile[136,90430604977179.mockFlowFile,70B] contains 5 records; transferring to 'success'
[pool-1552-thread-1] INFO org.apache.nifi.processors.standard.ExecuteSQLRecord - ExecuteSQLRecord[id=eea3228c-69d4-438a-9674-2313dbb3f6c8] FlowFile[137,90430604977179.mockFlowFile,70B] contains 5 records; transferring to 'success'
[pool-1552-thread-1] INFO org.apache.nifi.processors.standard.ExecuteSQLRecord - ExecuteSQLRecord[id=eea3228c-69d4-438a-9674-2313dbb3f6c8] FlowFile[138,90430604977179.mockFlowFile,70B] contains 5 records; transferring to 'success'
[pool-1552-thread-1] INFO org.apache.nifi.processors.standard.ExecuteSQLRecord - ExecuteSQLRecord[id=eea3228c-69d4-438a-9674-2313dbb3f6c8] FlowFile[139,90430604977179.mockFlowFile,70B] contains 5 records; transferring to 'success'
[pool-1552-thread-1] INFO org.apache.nifi.processors.standard.ExecuteSQLRecord - ExecuteSQLRecord[id=eea3228c-69d4-438a-9674-2313dbb3f6c8] FlowFile[140,90430604977179.mockFlowFile,70B] contains 5 records; transferring to 'success'
[pool-1552-thread-1] INFO org.apache.nifi.processors.standard.ExecuteSQLRecord - ExecuteSQLRecord[id=eea3228c-69d4-438a-9674-2313dbb3f6c8] FlowFile[141,90430604977179.mockFlowFile,70B] contains 5 records; transferring to 'success'
[pool-1552-thread-1] INFO org.apache.nifi.processors.standard.ExecuteSQLRecord - ExecuteSQLRecord[id=eea3228c-69d4-438a-9674-2313dbb3f6c8] FlowFile[142,90430604977179.mockFlowFile,70B] contains 5 records; transferring to 'success'
[pool-1552-thread-1] INFO org.apache.nifi.processors.standard.ExecuteSQLRecord - ExecuteSQLRecord[id=eea3228c-69d4-438a-9674-2313dbb3f6c8] FlowFile[143,90430604977179.mockFlowFile,70B] contains 5 records; transferring to 'success'
[pool-1552-thread-1] INFO org.apache.nifi.processors.standard.ExecuteSQLRecord - ExecuteSQLRecord[id=eea3228c-69d4-438a-9674-2313dbb3f6c8] FlowFile[144,90430604977179.mockFlowFile,70B] contains 5 records; transferring to 'success'
[pool-1552-thread-1] INFO org.apache.nifi.processors.standard.ExecuteSQLRecord - ExecuteSQLRecord[id=eea3228c-69d4-438a-9674-2313dbb3f6c8] FlowFile[145,90430604977179.mockFlowFile,70B] contains 5 records; transferring to 'success'
[pool-1552-thread-1] INFO org.apache.nifi.processors.standard.ExecuteSQLRecord - ExecuteSQLRecord[id=eea3228c-69d4-438a-9674-2313dbb3f6c8] FlowFile[146,90430604977179.mockFlowFile,70B] contains 5 records; transferring to 'success'
[pool-1552-thread-1] INFO org.apache.nifi.processors.standard.ExecuteSQLRecord - ExecuteSQLRecord[id=eea3228c-69d4-438a-9674-2313dbb3f6c8] FlowFile[147,90430604977179.mockFlowFile,70B] contains 5 records; transferring to 'success'
[pool-1552-thread-1] INFO org.apache.nifi.processors.standard.ExecuteSQLRecord - ExecuteSQLRecord[id=eea3228c-69d4-438a-9674-2313dbb3f6c8] FlowFile[148,90430604977179.mockFlowFile,70B] contains 5 records; transferring to 'success'
[pool-1552-thread-1] INFO org.apache.nifi.processors.standard.ExecuteSQLRecord - ExecuteSQLRecord[id=eea3228c-69d4-438a-9674-2313dbb3f6c8] FlowFile[149,90430604977179.mockFlowFile,70B] contains 5 records; transferring to 'success'
[pool-1552-thread-1] INFO org.apache.nifi.processors.standard.ExecuteSQLRecord - ExecuteSQLRecord[id=eea3228c-69d4-438a-9674-2313dbb3f6c8] FlowFile[150,90430604977179.mockFlowFile,70B] contains 5 records; transferring to 'success'
[pool-1552-thread-1] INFO org.apache.nifi.processors.standard.ExecuteSQLRecord - ExecuteSQLRecord[id=eea3228c-69d4-438a-9674-2313dbb3f6c8] FlowFile[151,90430604977179.mockFlowFile,70B] contains 5 records; transferring to 'success'
[pool-1552-thread-1] INFO org.apache.nifi.processors.standard.ExecuteSQLRecord - ExecuteSQLRecord[id=eea3228c-69d4-438a-9674-2313dbb3f6c8] FlowFile[152,90430604977179.mockFlowFile,70B] contains 5 records; transferring to 'success'
[pool-1552-thread-1] INFO org.apache.nifi.processors.standard.ExecuteSQLRecord - ExecuteSQLRecord[id=eea3228c-69d4-438a-9674-2313dbb3f6c8] FlowFile[153,90430604977179.mockFlowFile,70B] contains 5 records; transferring to 'success'
[pool-1552-thread-1] INFO org.apache.nifi.processors.standard.ExecuteSQLRecord - ExecuteSQLRecord[id=eea3228c-69d4-438a-9674-2313dbb3f6c8] FlowFile[154,90430604977179.mockFlowFile,70B] contains 5 records; transferring to 'success'
[pool-1552-thread-1] INFO org.apache.nifi.processors.standard.ExecuteSQLRecord - ExecuteSQLRecord[id=eea3228c-69d4-438a-9674-2313dbb3f6c8] FlowFile[155,90430604977179.mockFlowFile,70B] contains 5 records; transferring to 'success'
[pool-1552-thread-1] INFO org.apache.nifi.processors.standard.ExecuteSQLRecord - ExecuteSQLRecord[id=eea3228c-69d4-438a-9674-2313dbb3f6c8] FlowFile[156,90430604977179.mockFlowFile,70B] contains 5 records; transferring to 'success'
[pool-1552-thread-1] INFO org.apache.nifi.processors.standard.ExecuteSQLRecord - ExecuteSQLRecord[id=eea3228c-69d4-438a-9674-2313dbb3f6c8] FlowFile[157,90430604977179.mockFlowFile,70B] contains 5 records; transferring to 'success'
[pool-1552-thread-1] INFO org.apache.nifi.processors.standard.ExecuteSQLRecord - ExecuteSQLRecord[id=eea3228c-69d4-438a-9674-2313dbb3f6c8] FlowFile[158,90430604977179.mockFlowFile,70B] contains 5 records; transferring to 'success'
[pool-1552-thread-1] INFO org.apache.nifi.processors.standard.ExecuteSQLRecord - ExecuteSQLRecord[id=eea3228c-69d4-438a-9674-2313dbb3f6c8] FlowFile[159,90430604977179.mockFlowFile,70B] contains 5 records; transferring to 'success'
[pool-1552-thread-1] INFO org.apache.nifi.processors.standard.ExecuteSQLRecord - ExecuteSQLRecord[id=eea3228c-69d4-438a-9674-2313dbb3f6c8] FlowFile[160,90430604977179.mockFlowFile,70B] contains 5 records; transferring to 'success'
[pool-1552-thread-1] INFO org.apache.nifi.processors.standard.ExecuteSQLRecord - ExecuteSQLRecord[id=eea3228c-69d4-438a-9674-2313dbb3f6c8] FlowFile[161,90430604977179.mockFlowFile,70B] contains 5 records; transferring to 'success'
[pool-1552-thread-1] INFO org.apache.nifi.processors.standard.ExecuteSQLRecord - ExecuteSQLRecord[id=eea3228c-69d4-438a-9674-2313dbb3f6c8] FlowFile[162,90430604977179.mockFlowFile,70B] contains 5 records; transferring to 'success'
[pool-1552-thread-1] INFO org.apache.nifi.processors.standard.ExecuteSQLRecord - ExecuteSQLRecord[id=eea3228c-69d4-438a-9674-2313dbb3f6c8] FlowFile[163,90430604977179.mockFlowFile,70B] contains 5 records; transferring to 'success'
[pool-1552-thread-1] INFO org.apache.nifi.processors.standard.ExecuteSQLRecord - ExecuteSQLRecord[id=eea3228c-69d4-438a-9674-2313dbb3f6c8] FlowFile[164,90430604977179.mockFlowFile,70B] contains 5 records; transferring to 'success'
[pool-1552-thread-1] INFO org.apache.nifi.processors.standard.ExecuteSQLRecord - ExecuteSQLRecord[id=eea3228c-69d4-438a-9674-2313dbb3f6c8] FlowFile[165,90430604977179.mockFlowFile,70B] contains 5 records; transferring to 'success'
[pool-1552-thread-1] INFO org.apache.nifi.processors.standard.ExecuteSQLRecord - ExecuteSQLRecord[id=eea3228c-69d4-438a-9674-2313dbb3f6c8] FlowFile[166,90430604977179.mockFlowFile,70B] contains 5 records; transferring to 'success'
[pool-1552-thread-1] INFO org.apache.nifi.processors.standard.ExecuteSQLRecord - ExecuteSQLRecord[id=eea3228c-69d4-438a-9674-2313dbb3f6c8] FlowFile[167,90430604977179.mockFlowFile,70B] contains 5 records; transferring to 'success'
[pool-1552-thread-1] INFO org.apache.nifi.processors.standard.ExecuteSQLRecord - ExecuteSQLRecord[id=eea3228c-69d4-438a-9674-2313dbb3f6c8] FlowFile[168,90430604977179.mockFlowFile,70B] contains 5 records; transferring to 'success'
[pool-1552-thread-1] INFO org.apache.nifi.processors.standard.ExecuteSQLRecord - ExecuteSQLRecord[id=eea3228c-69d4-438a-9674-2313dbb3f6c8] FlowFile[169,90430604977179.mockFlowFile,70B] contains 5 records; transferring to 'success'
[pool-1552-thread-1] INFO org.apache.nifi.processors.standard.ExecuteSQLRecord - ExecuteSQLRecord[id=eea3228c-69d4-438a-9674-2313dbb3f6c8] FlowFile[170,90430604977179.mockFlowFile,70B] contains 5 records; transferring to 'success'
[pool-1552-thread-1] INFO org.apache.nifi.processors.standard.ExecuteSQLRecord - ExecuteSQLRecord[id=eea3228c-69d4-438a-9674-2313dbb3f6c8] FlowFile[171,90430604977179.mockFlowFile,70B] contains 5 records; transferring to 'success'
[pool-1552-thread-1] INFO org.apache.nifi.processors.standard.ExecuteSQLRecord - ExecuteSQLRecord[id=eea3228c-69d4-438a-9674-2313dbb3f6c8] FlowFile[172,90430604977179.mockFlowFile,70B] contains 5 records; transferring to 'success'
[pool-1552-thread-1] INFO org.apache.nifi.processors.standard.ExecuteSQLRecord - ExecuteSQLRecord[id=eea3228c-69d4-438a-9674-2313dbb3f6c8] FlowFile[173,90430604977179.mockFlowFile,70B] contains 5 records; transferring to 'success'
[pool-1552-thread-1] INFO org.apache.nifi.processors.standard.ExecuteSQLRecord - ExecuteSQLRecord[id=eea3228c-69d4-438a-9674-2313dbb3f6c8] FlowFile[174,90430604977179.mockFlowFile,70B] contains 5 records; transferring to 'success'
[pool-1552-thread-1] INFO org.apache.nifi.processors.standard.ExecuteSQLRecord - ExecuteSQLRecord[id=eea3228c-69d4-438a-9674-2313dbb3f6c8] FlowFile[175,90430604977179.mockFlowFile,70B] contains 5 records; transferring to 'success'
[pool-1552-thread-1] INFO org.apache.nifi.processors.standard.ExecuteSQLRecord - ExecuteSQLRecord[id=eea3228c-69d4-438a-9674-2313dbb3f6c8] FlowFile[176,90430604977179.mockFlowFile,70B] contains 5 records; transferring to 'success'
[pool-1552-thread-1] INFO org.apache.nifi.processors.standard.ExecuteSQLRecord - ExecuteSQLRecord[id=eea3228c-69d4-438a-9674-2313dbb3f6c8] FlowFile[177,90430604977179.mockFlowFile,70B] contains 5 records; transferring to 'success'
[pool-1552-thread-1] INFO org.apache.nifi.processors.standard.ExecuteSQLRecord - ExecuteSQLRecord[id=eea3228c-69d4-438a-9674-2313dbb3f6c8] FlowFile[178,90430604977179.mockFlowFile,70B] contains 5 records; transferring to 'success'
[pool-1552-thread-1] INFO org.apache.nifi.processors.standard.ExecuteSQLRecord - ExecuteSQLRecord[id=eea3228c-69d4-438a-9674-2313dbb3f6c8] FlowFile[179,90430604977179.mockFlowFile,70B] contains 5 records; transferring to 'success'
[pool-1552-thread-1] INFO org.apache.nifi.processors.standard.ExecuteSQLRecord - ExecuteSQLRecord[id=eea3228c-69d4-438a-9674-2313dbb3f6c8] FlowFile[180,90430604977179.mockFlowFile,70B] contains 5 records; transferring to 'success'
[pool-1552-thread-1] INFO org.apache.nifi.processors.standard.ExecuteSQLRecord - ExecuteSQLRecord[id=eea3228c-69d4-438a-9674-2313dbb3f6c8] FlowFile[181,90430604977179.mockFlowFile,70B] contains 5 records; transferring to 'success'
[pool-1552-thread-1] INFO org.apache.nifi.processors.standard.ExecuteSQLRecord - ExecuteSQLRecord[id=eea3228c-69d4-438a-9674-2313dbb3f6c8] FlowFile[182,90430604977179.mockFlowFile,70B] contains 5 records; transferring to 'success'
[pool-1552-thread-1] INFO org.apache.nifi.processors.standard.ExecuteSQLRecord - ExecuteSQLRecord[id=eea3228c-69d4-438a-9674-2313dbb3f6c8] FlowFile[183,90430604977179.mockFlowFile,70B] contains 5 records; transferring to 'success'
[pool-1552-thread-1] INFO org.apache.nifi.processors.standard.ExecuteSQLRecord - ExecuteSQLRecord[id=eea3228c-69d4-438a-9674-2313dbb3f6c8] FlowFile[184,90430604977179.mockFlowFile,70B] contains 5 records; transferring to 'success'
[pool-1552-thread-1] INFO org.apache.nifi.processors.standard.ExecuteSQLRecord - ExecuteSQLRecord[id=eea3228c-69d4-438a-9674-2313dbb3f6c8] FlowFile[185,90430604977179.mockFlowFile,70B] contains 5 records; transferring to 'success'
[pool-1552-thread-1] INFO org.apache.nifi.processors.standard.ExecuteSQLRecord - ExecuteSQLRecord[id=eea3228c-69d4-438a-9674-2313dbb3f6c8] FlowFile[186,90430604977179.mockFlowFile,70B] contains 5 records; transferring to 'success'
[pool-1552-thread-1] INFO org.apache.nifi.processors.standard.ExecuteSQLRecord - ExecuteSQLRecord[id=eea3228c-69d4-438a-9674-2313dbb3f6c8] FlowFile[187,90430604977179.mockFlowFile,70B] contains 5 records; transferring to 'success'
[pool-1552-thread-1] INFO org.apache.nifi.processors.standard.ExecuteSQLRecord - ExecuteSQLRecord[id=eea3228c-69d4-438a-9674-2313dbb3f6c8] FlowFile[188,90430604977179.mockFlowFile,70B] contains 5 records; transferring to 'success'
[pool-1552-thread-1] INFO org.apache.nifi.processors.standard.ExecuteSQLRecord - ExecuteSQLRecord[id=eea3228c-69d4-438a-9674-2313dbb3f6c8] FlowFile[189,90430604977179.mockFlowFile,70B] contains 5 records; transferring to 'success'
[pool-1552-thread-1] INFO org.apache.nifi.processors.standard.ExecuteSQLRecord - ExecuteSQLRecord[id=eea3228c-69d4-438a-9674-2313dbb3f6c8] FlowFile[190,90430604977179.mockFlowFile,70B] contains 5 records; transferring to 'success'
[pool-1552-thread-1] INFO org.apache.nifi.processors.standard.ExecuteSQLRecord - ExecuteSQLRecord[id=eea3228c-69d4-438a-9674-2313dbb3f6c8] FlowFile[191,90430604977179.mockFlowFile,70B] contains 5 records; transferring to 'success'
[pool-1552-thread-1] INFO org.apache.nifi.processors.standard.ExecuteSQLRecord - ExecuteSQLRecord[id=eea3228c-69d4-438a-9674-2313dbb3f6c8] FlowFile[192,90430604977179.mockFlowFile,70B] contains 5 records; transferring to 'success'
[pool-1552-thread-1] INFO org.apache.nifi.processors.standard.ExecuteSQLRecord - ExecuteSQLRecord[id=eea3228c-69d4-438a-9674-2313dbb3f6c8] FlowFile[193,90430604977179.mockFlowFile,70B] contains 5 records; transferring to 'success'
[pool-1552-thread-1] INFO org.apache.nifi.processors.standard.ExecuteSQLRecord - ExecuteSQLRecord[id=eea3228c-69d4-438a-9674-2313dbb3f6c8] FlowFile[194,90430604977179.mockFlowFile,70B] contains 5 records; transferring to 'success'
[pool-1552-thread-1] INFO org.apache.nifi.processors.standard.ExecuteSQLRecord - ExecuteSQLRecord[id=eea3228c-69d4-438a-9674-2313dbb3f6c8] FlowFile[195,90430604977179.mockFlowFile,70B] contains 5 records; transferring to 'success'
[pool-1552-thread-1] INFO org.apache.nifi.processors.standard.ExecuteSQLRecord - ExecuteSQLRecord[id=eea3228c-69d4-438a-9674-2313dbb3f6c8] FlowFile[196,90430604977179.mockFlowFile,70B] contains 5 records; transferring to 'success'
[pool-1552-thread-1] INFO org.apache.nifi.processors.standard.ExecuteSQLRecord - ExecuteSQLRecord[id=eea3228c-69d4-438a-9674-2313dbb3f6c8] FlowFile[197,90430604977179.mockFlowFile,70B] contains 5 records; transferring to 'success'
[pool-1552-thread-1] INFO org.apache.nifi.processors.standard.ExecuteSQLRecord - ExecuteSQLRecord[id=eea3228c-69d4-438a-9674-2313dbb3f6c8] FlowFile[198,90430604977179.mockFlowFile,70B] contains 5 records; transferring to 'success'
[pool-1552-thread-1] INFO org.apache.nifi.processors.standard.ExecuteSQLRecord - ExecuteSQLRecord[id=eea3228c-69d4-438a-9674-2313dbb3f6c8] FlowFile[199,90430604977179.mockFlowFile,70B] contains 5 records; transferring to 'success'
[pool-1552-thread-1] INFO org.apache.nifi.processors.standard.ExecuteSQLRecord - ExecuteSQLRecord[id=eea3228c-69d4-438a-9674-2313dbb3f6c8] FlowFile[200,90430604977179.mockFlowFile,70B] contains 5 records; transferring to 'success'
]]></system-err>
  </testcase>
  <testcase name="testWithSqlExceptionErrorProcessingResultSet" classname="org.apache.nifi.processors.standard.TestExecuteSQLRecord" time="0.153">
    <system-err><![CDATA[[pool-1553-thread-1] ERROR org.apache.nifi.processors.standard.ExecuteSQLRecord - ExecuteSQLRecord[id=f37d2ad9-90a0-467b-ab82-5c25e033d45d] Unable to execute SQL select query SELECT 1 for FlowFile[0,90430767799530.mockFlowFile,8B] due to org.apache.nifi.processor.exception.ProcessException: java.sql.SQLException: test execute statement failed; routing to failure: org.apache.nifi.processor.exception.ProcessException: java.sql.SQLException: test execute statement failed
org.apache.nifi.processor.exception.ProcessException: java.sql.SQLException: test execute statement failed
	at org.apache.nifi.processors.standard.sql.RecordSqlWriter.writeResultSet(RecordSqlWriter.java:79)
	at org.apache.nifi.processors.standard.AbstractExecuteSQL.lambda$onTrigger$1(AbstractExecuteSQL.java:302)
	at org.apache.nifi.util.MockProcessSession.write(MockProcessSession.java:907)
	at org.apache.nifi.util.MockProcessSession.write(MockProcessSession.java:67)
	at org.apache.nifi.processors.standard.AbstractExecuteSQL.onTrigger(AbstractExecuteSQL.java:300)
	at org.apache.nifi.processor.AbstractProcessor.onTrigger(AbstractProcessor.java:27)
	at org.apache.nifi.util.StandardProcessorTestRunner$RunProcessor.call(StandardProcessorTestRunner.java:284)
	at org.apache.nifi.util.StandardProcessorTestRunner$RunProcessor.call(StandardProcessorTestRunner.java:278)
	at java.util.concurrent.FutureTask.run(FutureTask.java:266)
	at java.util.concurrent.ScheduledThreadPoolExecutor$ScheduledFutureTask.access$201(ScheduledThreadPoolExecutor.java:180)
	at java.util.concurrent.ScheduledThreadPoolExecutor$ScheduledFutureTask.run(ScheduledThreadPoolExecutor.java:293)
	at java.util.concurrent.ThreadPoolExecutor.runWorker(ThreadPoolExecutor.java:1149)
	at java.util.concurrent.ThreadPoolExecutor$Worker.run(ThreadPoolExecutor.java:624)
	at java.lang.Thread.run(Thread.java:750)
Caused by: java.sql.SQLException: test execute statement failed
	at org.apache.nifi.util.db.JdbcCommon.createSchema(JdbcCommon.java:497)
	at org.apache.nifi.processors.standard.sql.RecordSqlWriter.writeResultSet(RecordSqlWriter.java:71)
	... 13 more
]]></system-err>
  </testcase>
  <testcase name="testIncomingConnectionWithNoFlowFileAndNoQuery" classname="org.apache.nifi.processors.standard.TestExecuteSQLRecord" time="0.002"/>
  <testcase name="testPreQueryFail" classname="org.apache.nifi.processors.standard.TestExecuteSQLRecord" time="0.032">
    <system-err><![CDATA[[pool-1555-thread-1] ERROR org.apache.nifi.processors.standard.ExecuteSQLRecord - ExecuteSQLRecord[id=9a70add4-bb66-4fe8-9376-f8fa72ececb7] Unable to execute SQL select query CALL SYSCS_UTIL.SYSCS_SET_RUNTIMESTATISTICS() for FlowFile[0,90430802042384.mockFlowFile,4B] due to java.sql.SQLSyntaxErrorException: 'SYSCS_UTIL.SYSCS_SET_RUNTIMESTATISTICS' is not recognized as a function or procedure.; routing to failure: java.sql.SQLSyntaxErrorException: 'SYSCS_UTIL.SYSCS_SET_RUNTIMESTATISTICS' is not recognized as a function or procedure.
java.sql.SQLSyntaxErrorException: 'SYSCS_UTIL.SYSCS_SET_RUNTIMESTATISTICS' is not recognized as a function or procedure.
	at org.apache.derby.impl.jdbc.SQLExceptionFactory.getSQLException(Unknown Source)
	at org.apache.derby.impl.jdbc.Util.generateCsSQLException(Unknown Source)
	at org.apache.derby.impl.jdbc.TransactionResourceImpl.wrapInSQLException(Unknown Source)
	at org.apache.derby.impl.jdbc.TransactionResourceImpl.handleException(Unknown Source)
	at org.apache.derby.impl.jdbc.EmbedConnection.handleException(Unknown Source)
	at org.apache.derby.impl.jdbc.ConnectionChild.handleException(Unknown Source)
	at org.apache.derby.impl.jdbc.EmbedStatement.execute(Unknown Source)
	at org.apache.derby.impl.jdbc.EmbedStatement.execute(Unknown Source)
	at org.apache.nifi.processors.standard.AbstractExecuteSQL.executeConfigStatements(AbstractExecuteSQL.java:464)
	at org.apache.nifi.processors.standard.AbstractExecuteSQL.onTrigger(AbstractExecuteSQL.java:252)
	at org.apache.nifi.processor.AbstractProcessor.onTrigger(AbstractProcessor.java:27)
	at org.apache.nifi.util.StandardProcessorTestRunner$RunProcessor.call(StandardProcessorTestRunner.java:284)
	at org.apache.nifi.util.StandardProcessorTestRunner$RunProcessor.call(StandardProcessorTestRunner.java:278)
	at java.util.concurrent.FutureTask.run(FutureTask.java:266)
	at java.util.concurrent.ScheduledThreadPoolExecutor$ScheduledFutureTask.access$201(ScheduledThreadPoolExecutor.java:180)
	at java.util.concurrent.ScheduledThreadPoolExecutor$ScheduledFutureTask.run(ScheduledThreadPoolExecutor.java:293)
	at java.util.concurrent.ThreadPoolExecutor.runWorker(ThreadPoolExecutor.java:1149)
	at java.util.concurrent.ThreadPoolExecutor$Worker.run(ThreadPoolExecutor.java:624)
	at java.lang.Thread.run(Thread.java:750)
Caused by: ERROR 42Y03: 'SYSCS_UTIL.SYSCS_SET_RUNTIMESTATISTICS' is not recognized as a function or procedure.
	at org.apache.derby.iapi.error.StandardException.newException(Unknown Source)
	at org.apache.derby.iapi.error.StandardException.newException(Unknown Source)
	at org.apache.derby.impl.sql.compile.StaticMethodCallNode.bindExpressionMinion(Unknown Source)
	at org.apache.derby.impl.sql.compile.StaticMethodCallNode.bindExpression(Unknown Source)
	at org.apache.derby.impl.sql.compile.JavaToSQLValueNode.bindExpression(Unknown Source)
	at org.apache.derby.impl.sql.compile.CallStatementNode.bindStatement(Unknown Source)
	at org.apache.derby.impl.sql.GenericStatement.prepMinion(Unknown Source)
	at org.apache.derby.impl.sql.GenericStatement.prepare(Unknown Source)
	at org.apache.derby.impl.sql.conn.GenericLanguageConnectionContext.prepareInternalStatement(Unknown Source)
	... 13 more
]]></system-err>
  </testcase>
  <testcase name="testIncomingConnectionWithNoFlowFile" classname="org.apache.nifi.processors.standard.TestExecuteSQLRecord" time="0.002"/>
  <testcase name="testWithOutputBatchingLastBatchFails" classname="org.apache.nifi.processors.standard.TestExecuteSQLRecord" time="0.054">
    <system-err><![CDATA[[pool-1557-thread-1] INFO org.apache.nifi.processors.standard.ExecuteSQLRecord - ExecuteSQLRecord[id=9d584ef7-144c-4581-b1bf-98bf28d0fdf7] FlowFile[1,90430855830033.mockFlowFile,40B] contains 5 records; transferring to 'success'
[pool-1557-thread-1] INFO org.apache.nifi.processors.standard.ExecuteSQLRecord - ExecuteSQLRecord[id=9d584ef7-144c-4581-b1bf-98bf28d0fdf7] FlowFile[2,90430855830033.mockFlowFile,40B] contains 5 records; transferring to 'success'
[pool-1557-thread-1] ERROR org.apache.nifi.processors.standard.ExecuteSQLRecord - ExecuteSQLRecord[id=9d584ef7-144c-4581-b1bf-98bf28d0fdf7] Unable to execute SQL select query SELECT ID, CAST(VAL1 AS INTEGER) AS TN FROM TEST_NULL_INT for FlowFile[0,90430855830033.mockFlowFile,57B] due to org.apache.nifi.processor.exception.ProcessException: java.io.IOException: java.io.IOException: Could not obtain next record from ResultSet; routing to failure: org.apache.nifi.processor.exception.ProcessException: java.io.IOException: java.io.IOException: Could not obtain next record from ResultSet
org.apache.nifi.processor.exception.ProcessException: java.io.IOException: java.io.IOException: Could not obtain next record from ResultSet
	at org.apache.nifi.processors.standard.AbstractExecuteSQL.lambda$onTrigger$1(AbstractExecuteSQL.java:304)
	at org.apache.nifi.util.MockProcessSession.write(MockProcessSession.java:907)
	at org.apache.nifi.util.MockProcessSession.write(MockProcessSession.java:67)
	at org.apache.nifi.processors.standard.AbstractExecuteSQL.onTrigger(AbstractExecuteSQL.java:300)
	at org.apache.nifi.processor.AbstractProcessor.onTrigger(AbstractProcessor.java:27)
	at org.apache.nifi.util.StandardProcessorTestRunner$RunProcessor.call(StandardProcessorTestRunner.java:284)
	at org.apache.nifi.util.StandardProcessorTestRunner$RunProcessor.call(StandardProcessorTestRunner.java:278)
	at java.util.concurrent.FutureTask.run(FutureTask.java:266)
	at java.util.concurrent.ScheduledThreadPoolExecutor$ScheduledFutureTask.access$201(ScheduledThreadPoolExecutor.java:180)
	at java.util.concurrent.ScheduledThreadPoolExecutor$ScheduledFutureTask.run(ScheduledThreadPoolExecutor.java:293)
	at java.util.concurrent.ThreadPoolExecutor.runWorker(ThreadPoolExecutor.java:1149)
	at java.util.concurrent.ThreadPoolExecutor$Worker.run(ThreadPoolExecutor.java:624)
	at java.lang.Thread.run(Thread.java:750)
Caused by: java.io.IOException: java.io.IOException: Could not obtain next record from ResultSet
	at org.apache.nifi.processors.standard.sql.RecordSqlWriter.writeResultSet(RecordSqlWriter.java:88)
	at org.apache.nifi.processors.standard.AbstractExecuteSQL.lambda$onTrigger$1(AbstractExecuteSQL.java:302)
	... 12 more
Caused by: java.io.IOException: Could not obtain next record from ResultSet
	at org.apache.nifi.processors.standard.sql.RecordSqlWriter$ResultSetRecordSetWithCallback.next(RecordSqlWriter.java:158)
	at org.apache.nifi.serialization.record.RecordSet$1.next(RecordSet.java:62)
	at org.apache.nifi.serialization.record.MockRecordWriter$1.write(MockRecordWriter.java:95)
	at org.apache.nifi.processors.standard.sql.RecordSqlWriter.writeResultSet(RecordSqlWriter.java:82)
	... 13 more
Caused by: java.sql.SQLDataException: Invalid character string format for type INTEGER.
	at org.apache.derby.impl.jdbc.SQLExceptionFactory.getSQLException(Unknown Source)
	at org.apache.derby.impl.jdbc.Util.generateCsSQLException(Unknown Source)
	at org.apache.derby.impl.jdbc.TransactionResourceImpl.wrapInSQLException(Unknown Source)
	at org.apache.derby.impl.jdbc.TransactionResourceImpl.handleException(Unknown Source)
	at org.apache.derby.impl.jdbc.EmbedConnection.handleException(Unknown Source)
	at org.apache.derby.impl.jdbc.ConnectionChild.handleException(Unknown Source)
	at org.apache.derby.impl.jdbc.EmbedResultSet.closeOnTransactionError(Unknown Source)
	at org.apache.derby.impl.jdbc.EmbedResultSet.movePosition(Unknown Source)
	at org.apache.derby.impl.jdbc.EmbedResultSet.next(Unknown Source)
	at org.apache.nifi.processors.standard.sql.RecordSqlWriter$ResultSetRecordSetWithCallback.next(RecordSqlWriter.java:152)
	... 16 more
Caused by: ERROR 22018: Invalid character string format for type INTEGER.
	at org.apache.derby.iapi.error.StandardException.newException(Unknown Source)
	at org.apache.derby.iapi.error.StandardException.newException(Unknown Source)
	at org.apache.derby.iapi.types.DataType.invalidFormat(Unknown Source)
	at org.apache.derby.iapi.types.DataType.setValue(Unknown Source)
	at org.apache.derby.exe.ac55c42a21x018fx36b7x5f61x00000eecc0200.e0(Unknown Source)
	at org.apache.derby.impl.services.reflect.DirectCall.invoke(Unknown Source)
	at org.apache.derby.impl.sql.execute.ProjectRestrictResultSet.doProjection(Unknown Source)
	at org.apache.derby.impl.sql.execute.ProjectRestrictResultSet.getNextRowCore(Unknown Source)
	at org.apache.derby.impl.sql.execute.BasicNoPutResultSetImpl.getNextRow(Unknown Source)
	... 19 more
]]></system-err>
  </testcase>
  <testcase name="testNoIncomingConnectionAndNoQuery" classname="org.apache.nifi.processors.standard.TestExecuteSQLRecord" time="0.001"/>
</testsuite>