<?xml version="1.0" encoding="UTF-8"?>
<testsuite xmlns:xsi="http://www.w3.org/2001/XMLSchema-instance" xsi:noNamespaceSchemaLocation="https://maven.apache.org/surefire/maven-surefire-plugin/xsd/surefire-test-report-3.0.xsd" version="3.0" name="org.apache.nifi.web.security.oidc.StandardOidcIdentityProviderGroovyTest" time="0.363" tests="19" errors="0" skipped="0" failures="0">
  <properties>
    <property name="sun.desktop" value="gnome"/>
    <property name="awt.toolkit" value="sun.awt.X11.XToolkit"/>
    <property name="file.encoding.pkg" value="sun.io"/>
    <property name="java.specification.version" value="1.8"/>
    <property name="sun.cpu.isalist" value=""/>
    <property name="sun.jnu.encoding" value="UTF-8"/>
    <property name="java.class.path" value="/home/alex/Repositories/nifi/nifi-nar-bundles/nifi-framework-bundle/nifi-framework/nifi-web/nifi-web-security/target/test-classes:/home/alex/Repositories/nifi/nifi-nar-bundles/nifi-framework-bundle/nifi-framework/nifi-web/nifi-web-security/target/classes:/home/alex/Repositories/nifi/nifi-nar-bundles/nifi-framework-bundle/nifi-framework/nifi-administration/target/classes:/home/alex/Repositories/nifi/nifi-nar-bundles/nifi-framework-bundle/nifi-framework/nifi-user-actions/target/classes:/home/alex/Repositories/nifi/nifi-nar-bundles/nifi-framework-bundle/nifi-framework/nifi-framework-core-api/target/classes:/home/alex/Repositories/nifi/nifi-nar-bundles/nifi-framework-bundle/nifi-framework/nifi-framework-nar-utils/target/classes:/home/alex/Repositories/nifi/nifi-commons/nifi-parameter/target/classes:/home/alex/Repositories/nifi/nifi-commons/nifi-utils/target/classes:/home/alex/.m2/repository/com/h2database/h2/1.4.199/h2-1.4.199.jar:/home/alex/.m2/repository/org/springframework/spring-beans/5.3.11/spring-beans-5.3.11.jar:/home/alex/.m2/repository/org/springframework/spring-context/5.3.11/spring-context-5.3.11.jar:/home/alex/.m2/repository/org/springframework/spring-expression/5.3.11/spring-expression-5.3.11.jar:/home/alex/.m2/repository/org/springframework/spring-core/5.3.11/spring-core-5.3.11.jar:/home/alex/.m2/repository/org/springframework/spring-jcl/5.3.11/spring-jcl-5.3.11.jar:/home/alex/.m2/repository/org/springframework/spring-aop/5.3.11/spring-aop-5.3.11.jar:/home/alex/.m2/repository/org/aspectj/aspectjweaver/1.9.6/aspectjweaver-1.9.6.jar:/home/alex/.m2/repository/org/apache/commons/commons-collections4/4.4/commons-collections4-4.4.jar:/home/alex/Repositories/nifi/nifi-nar-bundles/nifi-framework-bundle/nifi-framework/nifi-nar-utils/target/classes:/home/alex/Repositories/nifi/nifi-api/target/classes:/home/alex/Repositories/nifi/nifi-framework-api/target/classes:/home/alex/Repositories/nifi/nifi-commons/nifi-web-utils/target/classes:/home/alex/.m2/repository/org/apache/commons/commons-lang3/3.9/commons-lang3-3.9.jar:/home/alex/.m2/repository/com/fasterxml/jackson/core/jackson-databind/2.12.3/jackson-databind-2.12.3.jar:/home/alex/.m2/repository/com/fasterxml/jackson/core/jackson-annotations/2.12.3/jackson-annotations-2.12.3.jar:/home/alex/.m2/repository/com/fasterxml/jackson/module/jackson-module-jaxb-annotations/2.12.3/jackson-module-jaxb-annotations-2.12.3.jar:/home/alex/.m2/repository/jakarta/xml/bind/jakarta.xml.bind-api/2.3.2/jakarta.xml.bind-api-2.3.2.jar:/home/alex/.m2/repository/jakarta/activation/jakarta.activation-api/1.2.1/jakarta.activation-api-1.2.1.jar:/home/alex/.m2/repository/org/apache/httpcomponents/httpclient/4.5.5/httpclient-4.5.5.jar:/home/alex/.m2/repository/org/apache/httpcomponents/httpcore/4.4.9/httpcore-4.4.9.jar:/home/alex/Repositories/nifi/nifi-commons/nifi-security-utils/target/classes:/home/alex/Repositories/nifi/nifi-commons/nifi-security-utils-api/target/classes:/home/alex/Repositories/nifi/nifi-commons/nifi-security-kms/target/classes:/home/alex/.m2/repository/commons-codec/commons-codec/1.14/commons-codec-1.14.jar:/home/alex/Repositories/nifi/nifi-commons/nifi-properties/target/classes:/home/alex/Repositories/nifi/nifi-commons/nifi-property-utils/target/classes:/home/alex/.m2/repository/at/favre/lib/bcrypt/0.9.0/bcrypt-0.9.0.jar:/home/alex/.m2/repository/at/favre/lib/bytes/1.3.0/bytes-1.3.0.jar:/home/alex/.m2/repository/org/apache/commons/commons-configuration2/2.7/commons-configuration2-2.7.jar:/home/alex/.m2/repository/org/apache/commons/commons-text/1.8/commons-text-1.8.jar:/home/alex/Repositories/nifi/nifi-nar-bundles/nifi-framework-bundle/nifi-framework/nifi-framework-core/target/classes:/home/alex/Repositories/nifi/nifi-nar-bundles/nifi-framework-bundle/nifi-framework/nifi-properties-loader/target/classes:/home/alex/Repositories/nifi/nifi-commons/nifi-sensitive-property-provider/target/classes:/home/alex/.m2/repository/software/amazon/awssdk/kms/2.17.1/kms-2.17.1.jar:/home/alex/.m2/repository/software/amazon/awssdk/aws-json-protocol/2.17.1/aws-json-protocol-2.17.1.jar:/home/alex/.m2/repository/software/amazon/awssdk/third-party-jackson-core/2.17.1/third-party-jackson-core-2.17.1.jar:/home/alex/.m2/repository/software/amazon/awssdk/json-utils/2.17.1/json-utils-2.17.1.jar:/home/alex/.m2/repository/software/amazon/awssdk/protocol-core/2.17.1/protocol-core-2.17.1.jar:/home/alex/.m2/repository/software/amazon/awssdk/sdk-core/2.17.1/sdk-core-2.17.1.jar:/home/alex/.m2/repository/software/amazon/awssdk/profiles/2.17.1/profiles-2.17.1.jar:/home/alex/.m2/repository/org/reactivestreams/reactive-streams/1.0.3/reactive-streams-1.0.3.jar:/home/alex/.m2/repository/software/amazon/awssdk/auth/2.17.1/auth-2.17.1.jar:/home/alex/.m2/repository/software/amazon/eventstream/eventstream/1.0.1/eventstream-1.0.1.jar:/home/alex/.m2/repository/software/amazon/awssdk/http-client-spi/2.17.1/http-client-spi-2.17.1.jar:/home/alex/.m2/repository/software/amazon/awssdk/regions/2.17.1/regions-2.17.1.jar:/home/alex/.m2/repository/software/amazon/awssdk/annotations/2.17.1/annotations-2.17.1.jar:/home/alex/.m2/repository/software/amazon/awssdk/utils/2.17.1/utils-2.17.1.jar:/home/alex/.m2/repository/software/amazon/awssdk/aws-core/2.17.1/aws-core-2.17.1.jar:/home/alex/.m2/repository/software/amazon/awssdk/metrics-spi/2.17.1/metrics-spi-2.17.1.jar:/home/alex/.m2/repository/software/amazon/awssdk/secretsmanager/2.17.1/secretsmanager-2.17.1.jar:/home/alex/.m2/repository/com/azure/azure-security-keyvault-secrets/4.3.3/azure-security-keyvault-secrets-4.3.3.jar:/home/alex/.m2/repository/com/azure/azure-core/1.20.0/azure-core-1.20.0.jar:/home/alex/.m2/repository/com/fasterxml/jackson/dataformat/jackson-dataformat-xml/2.12.4/jackson-dataformat-xml-2.12.4.jar:/home/alex/.m2/repository/io/projectreactor/reactor-core/3.4.9/reactor-core-3.4.9.jar:/home/alex/.m2/repository/com/azure/azure-security-keyvault-keys/4.3.3/azure-security-keyvault-keys-4.3.3.jar:/home/alex/.m2/repository/com/azure/azure-identity/1.3.4/azure-identity-1.3.4.jar:/home/alex/.m2/repository/com/microsoft/azure/msal4j/1.10.1/msal4j-1.10.1.jar:/home/alex/.m2/repository/com/microsoft/azure/msal4j-persistence-extension/1.1.0/msal4j-persistence-extension-1.1.0.jar:/home/alex/.m2/repository/net/java/dev/jna/jna/5.5.0/jna-5.5.0.jar:/home/alex/.m2/repository/net/java/dev/jna/jna-platform/5.6.0/jna-platform-5.6.0.jar:/home/alex/.m2/repository/com/azure/azure-core-http-okhttp/1.7.1/azure-core-http-okhttp-1.7.1.jar:/home/alex/.m2/repository/com/squareup/okhttp3/okhttp/4.8.1/okhttp-4.8.1.jar:/home/alex/.m2/repository/com/squareup/okio/okio/2.7.0/okio-2.7.0.jar:/home/alex/.m2/repository/org/jetbrains/kotlin/kotlin-stdlib-common/1.3.70/kotlin-stdlib-common-1.3.70.jar:/home/alex/.m2/repository/org/jetbrains/kotlin/kotlin-stdlib/1.3.72/kotlin-stdlib-1.3.72.jar:/home/alex/.m2/repository/org/jetbrains/annotations/13.0/annotations-13.0.jar:/home/alex/.m2/repository/software/amazon/awssdk/url-connection-client/2.17.1/url-connection-client-2.17.1.jar:/home/alex/.m2/repository/com/google/cloud/google-cloud-kms/2.0.2/google-cloud-kms-2.0.2.jar:/home/alex/.m2/repository/io/grpc/grpc-api/1.40.0/grpc-api-1.40.0.jar:/home/alex/.m2/repository/io/grpc/grpc-context/1.40.0/grpc-context-1.40.0.jar:/home/alex/.m2/repository/io/grpc/grpc-stub/1.40.0/grpc-stub-1.40.0.jar:/home/alex/.m2/repository/io/grpc/grpc-protobuf/1.40.0/grpc-protobuf-1.40.0.jar:/home/alex/.m2/repository/io/grpc/grpc-protobuf-lite/1.40.0/grpc-protobuf-lite-1.40.0.jar:/home/alex/.m2/repository/com/google/api/api-common/2.0.1/api-common-2.0.1.jar:/home/alex/.m2/repository/javax/annotation/javax.annotation-api/1.3.2/javax.annotation-api-1.3.2.jar:/home/alex/.m2/repository/com/google/auto/value/auto-value-annotations/1.8.2/auto-value-annotations-1.8.2.jar:/home/alex/.m2/repository/com/google/protobuf/protobuf-java/3.17.3/protobuf-java-3.17.3.jar:/home/alex/.m2/repository/com/google/api/grpc/proto-google-common-protos/2.3.2/proto-google-common-protos-2.3.2.jar:/home/alex/.m2/repository/com/google/api/grpc/proto-google-cloud-kms-v1/0.91.2/proto-google-cloud-kms-v1-0.91.2.jar:/home/alex/.m2/repository/com/google/api/gax/2.3.0/gax-2.3.0.jar:/home/alex/.m2/repository/io/opencensus/opencensus-api/0.28.0/opencensus-api-0.28.0.jar:/home/alex/.m2/repository/com/google/api/gax-grpc/2.3.0/gax-grpc-2.3.0.jar:/home/alex/.m2/repository/com/google/auth/google-auth-library-credentials/1.1.0/google-auth-library-credentials-1.1.0.jar:/home/alex/.m2/repository/io/grpc/grpc-netty-shaded/1.40.0/grpc-netty-shaded-1.40.0.jar:/home/alex/.m2/repository/io/perfmark/perfmark-api/0.23.0/perfmark-api-0.23.0.jar:/home/alex/.m2/repository/io/grpc/grpc-core/1.40.0/grpc-core-1.40.0.jar:/home/alex/.m2/repository/com/google/android/annotations/4.1.1.4/annotations-4.1.1.4.jar:/home/alex/.m2/repository/io/grpc/grpc-alts/1.40.0/grpc-alts-1.40.0.jar:/home/alex/.m2/repository/io/grpc/grpc-grpclb/1.40.0/grpc-grpclb-1.40.0.jar:/home/alex/.m2/repository/com/google/protobuf/protobuf-java-util/3.17.3/protobuf-java-util-3.17.3.jar:/home/alex/.m2/repository/org/conscrypt/conscrypt-openjdk-uber/2.5.1/conscrypt-openjdk-uber-2.5.1.jar:/home/alex/.m2/repository/org/threeten/threetenbp/1.5.1/threetenbp-1.5.1.jar:/home/alex/.m2/repository/io/grpc/grpc-auth/1.40.0/grpc-auth-1.40.0.jar:/home/alex/.m2/repository/com/google/api/grpc/proto-google-iam-v1/1.0.14/proto-google-iam-v1-1.0.14.jar:/home/alex/.m2/repository/com/google/auth/google-auth-library-oauth2-http/1.1.0/google-auth-library-oauth2-http-1.1.0.jar:/home/alex/.m2/repository/com/google/http-client/google-http-client/1.39.2/google-http-client-1.39.2.jar:/home/alex/.m2/repository/io/opencensus/opencensus-contrib-http-util/0.28.0/opencensus-contrib-http-util-0.28.0.jar:/home/alex/.m2/repository/com/google/http-client/google-http-client-gson/1.39.2/google-http-client-gson-1.39.2.jar:/home/alex/.m2/repository/com/google/code/gson/gson/2.8.8/gson-2.8.8.jar:/home/alex/Repositories/nifi/nifi-commons/nifi-vault-utils/target/classes:/home/alex/.m2/repository/org/springframework/vault/spring-vault-core/2.3.2/spring-vault-core-2.3.2.jar:/home/alex/Repositories/nifi/nifi-nar-bundles/nifi-framework-bundle/nifi-framework/nifi-framework-components/target/classes:/home/alex/.m2/repository/org/quartz-scheduler/quartz/2.3.2/quartz-2.3.2.jar:/home/alex/.m2/repository/com/mchange/c3p0/0.9.5.4/c3p0-0.9.5.4.jar:/home/alex/.m2/repository/com/mchange/mchange-commons-java/0.2.15/mchange-commons-java-0.2.15.jar:/home/alex/.m2/repository/com/zaxxer/HikariCP-java7/2.4.13/HikariCP-java7-2.4.13.jar:/home/alex/Repositories/nifi/nifi-commons/nifi-property-encryptor/target/classes:/home/alex/Repositories/nifi/nifi-commons/nifi-expression-language/target/classes:/home/alex/.m2/repository/org/antlr/antlr-runtime/3.5.2/antlr-runtime-3.5.2.jar:/home/alex/Repositories/nifi/nifi-commons/nifi-uuid5/target/classes:/home/alex/.m2/repository/com/jayway/jsonpath/json-path/2.6.0/json-path-2.6.0.jar:/home/alex/Repositories/nifi/nifi-commons/nifi-schema-utils/target/classes:/home/alex/Repositories/nifi/nifi-nar-bundles/nifi-framework-bundle/nifi-framework/nifi-repository-models/target/classes:/home/alex/Repositories/nifi/nifi-commons/nifi-repository-encryption/target/classes:/home/alex/Repositories/nifi/nifi-nar-bundles/nifi-framework-bundle/nifi-framework/nifi-site-to-site/target/classes:/home/alex/Repositories/nifi/nifi-nar-bundles/nifi-framework-bundle/nifi-framework/nifi-framework-cluster-protocol/target/classes:/home/alex/Repositories/nifi/nifi-commons/nifi-socket-utils/target/classes:/home/alex/.m2/repository/commons-net/commons-net/3.6/commons-net-3.6.jar:/home/alex/Repositories/nifi/nifi-commons/nifi-logging-utils/target/classes:/home/alex/Repositories/nifi/nifi-nar-bundles/nifi-framework-bundle/nifi-framework/nifi-client-dto/target/classes:/home/alex/.m2/repository/io/swagger/swagger-annotations/1.6.0/swagger-annotations-1.6.0.jar:/home/alex/Repositories/nifi/nifi-commons/nifi-site-to-site-client/target/classes:/home/alex/.m2/repository/org/apache/httpcomponents/httpasyncclient/4.1.4/httpasyncclient-4.1.4.jar:/home/alex/.m2/repository/org/apache/httpcomponents/httpcore-nio/4.4.10/httpcore-nio-4.4.10.jar:/home/alex/.m2/repository/commons-io/commons-io/2.10.0/commons-io-2.10.0.jar:/home/alex/.m2/repository/org/apache/commons/commons-math3/3.6.1/commons-math3-3.6.1.jar:/home/alex/.m2/repository/org/questdb/core/4.2.1/core-4.2.1.jar:/home/alex/Repositories/nifi/nifi-commons/nifi-data-provenance-utils/target/classes:/home/alex/Repositories/nifi/nifi-commons/nifi-write-ahead-log/target/classes:/home/alex/Repositories/nifi/nifi-commons/nifi-rocksdb-utils/target/classes:/home/alex/.m2/repository/org/rocksdb/rocksdbjni/6.6.4/rocksdbjni-6.6.4.jar:/home/alex/Repositories/nifi/nifi-nar-bundles/nifi-framework-bundle/nifi-framework/nifi-flowfile-repo-serialization/target/classes:/home/alex/.m2/repository/org/apache/zookeeper/zookeeper/3.5.9/zookeeper-3.5.9.jar:/home/alex/.m2/repository/org/apache/zookeeper/zookeeper-jute/3.5.9/zookeeper-jute-3.5.9.jar:/home/alex/.m2/repository/org/apache/yetus/audience-annotations/0.5.0/audience-annotations-0.5.0.jar:/home/alex/.m2/repository/io/netty/netty-handler/4.1.50.Final/netty-handler-4.1.50.Final.jar:/home/alex/.m2/repository/io/netty/netty-common/4.1.50.Final/netty-common-4.1.50.Final.jar:/home/alex/.m2/repository/io/netty/netty-resolver/4.1.50.Final/netty-resolver-4.1.50.Final.jar:/home/alex/.m2/repository/io/netty/netty-buffer/4.1.50.Final/netty-buffer-4.1.50.Final.jar:/home/alex/.m2/repository/io/netty/netty-transport/4.1.50.Final/netty-transport-4.1.50.Final.jar:/home/alex/.m2/repository/io/netty/netty-codec/4.1.50.Final/netty-codec-4.1.50.Final.jar:/home/alex/.m2/repository/io/netty/netty-transport-native-epoll/4.1.50.Final/netty-transport-native-epoll-4.1.50.Final.jar:/home/alex/.m2/repository/io/netty/netty-transport-native-unix-common/4.1.50.Final/netty-transport-native-unix-common-4.1.50.Final.jar:/home/alex/.m2/repository/org/apache/curator/curator-framework/5.2.0/curator-framework-5.2.0.jar:/home/alex/.m2/repository/org/apache/curator/curator-client/5.2.0/curator-client-5.2.0.jar:/home/alex/.m2/repository/org/apache/curator/curator-recipes/5.2.0/curator-recipes-5.2.0.jar:/home/alex/Repositories/nifi/nifi-registry/nifi-registry-core/nifi-registry-data-model/target/classes:/home/alex/.m2/repository/javax/validation/validation-api/2.0.1.Final/validation-api-2.0.1.Final.jar:/home/alex/Repositories/nifi/nifi-registry/nifi-registry-core/nifi-registry-revision/nifi-registry-revision-entity-model/target/classes:/home/alex/Repositories/nifi/nifi-registry/nifi-registry-core/nifi-registry-flow-diff/target/classes:/home/alex/Repositories/nifi/nifi-registry/nifi-registry-core/nifi-registry-client/target/classes:/home/alex/Repositories/nifi/nifi-registry/nifi-registry-core/nifi-registry-security-utils/target/classes:/home/alex/.m2/repository/org/glassfish/jersey/inject/jersey-hk2/2.33/jersey-hk2-2.33.jar:/home/alex/.m2/repository/org/glassfish/hk2/hk2-locator/2.6.1/hk2-locator-2.6.1.jar:/home/alex/.m2/repository/org/glassfish/hk2/external/aopalliance-repackaged/2.6.1/aopalliance-repackaged-2.6.1.jar:/home/alex/.m2/repository/org/glassfish/hk2/hk2-api/2.6.1/hk2-api-2.6.1.jar:/home/alex/.m2/repository/org/glassfish/hk2/hk2-utils/2.6.1/hk2-utils-2.6.1.jar:/home/alex/.m2/repository/org/javassist/javassist/3.25.0-GA/javassist-3.25.0-GA.jar:/home/alex/.m2/repository/org/glassfish/jersey/media/jersey-media-multipart/2.33/jersey-media-multipart-2.33.jar:/home/alex/.m2/repository/org/jvnet/mimepull/mimepull/1.9.13/mimepull-1.9.13.jar:/home/alex/.m2/repository/com/fasterxml/jackson/core/jackson-core/2.12.3/jackson-core-2.12.3.jar:/home/alex/Repositories/nifi/nifi-nar-bundles/nifi-framework-bundle/nifi-framework/nifi-authorizer/target/classes:/home/alex/Repositories/nifi/nifi-nar-bundles/nifi-framework-bundle/nifi-framework/nifi-framework-authorization-providers/target/classes:/home/alex/.m2/repository/com/github/ben-manes/caffeine/caffeine/2.8.1/caffeine-2.8.1.jar:/home/alex/Repositories/nifi/nifi-nar-bundles/nifi-framework-bundle/nifi-framework/nifi-framework-authorization/target/classes:/home/alex/.m2/repository/org/bouncycastle/bcprov-jdk15on/1.69/bcprov-jdk15on-1.69.jar:/home/alex/.m2/repository/org/bouncycastle/bcpkix-jdk15on/1.69/bcpkix-jdk15on-1.69.jar:/home/alex/.m2/repository/org/bouncycastle/bcutil-jdk15on/1.69/bcutil-jdk15on-1.69.jar:/home/alex/.m2/repository/com/google/guava/guava/28.0-jre/guava-28.0-jre.jar:/home/alex/.m2/repository/com/google/guava/failureaccess/1.0.1/failureaccess-1.0.1.jar:/home/alex/.m2/repository/com/google/guava/listenablefuture/9999.0-empty-to-avoid-conflict-with-guava/listenablefuture-9999.0-empty-to-avoid-conflict-with-guava.jar:/home/alex/.m2/repository/com/google/code/findbugs/jsr305/3.0.2/jsr305-3.0.2.jar:/home/alex/.m2/repository/org/checkerframework/checker-qual/2.8.1/checker-qual-2.8.1.jar:/home/alex/.m2/repository/com/google/errorprone/error_prone_annotations/2.3.2/error_prone_annotations-2.3.2.jar:/home/alex/.m2/repository/com/google/j2objc/j2objc-annotations/1.3/j2objc-annotations-1.3.jar:/home/alex/.m2/repository/org/codehaus/mojo/animal-sniffer-annotations/1.17/animal-sniffer-annotations-1.17.jar:/home/alex/.m2/repository/org/springframework/spring-jdbc/5.3.11/spring-jdbc-5.3.11.jar:/home/alex/.m2/repository/org/springframework/spring-tx/5.3.11/spring-tx-5.3.11.jar:/home/alex/.m2/repository/org/springframework/spring-web/5.3.11/spring-web-5.3.11.jar:/home/alex/.m2/repository/org/springframework/security/spring-security-core/5.5.2/spring-security-core-5.5.2.jar:/home/alex/.m2/repository/org/springframework/security/spring-security-crypto/5.5.2/spring-security-crypto-5.5.2.jar:/home/alex/.m2/repository/org/springframework/security/spring-security-config/5.5.2/spring-security-config-5.5.2.jar:/home/alex/.m2/repository/org/springframework/security/spring-security-web/5.5.2/spring-security-web-5.5.2.jar:/home/alex/.m2/repository/javax/servlet/javax.servlet-api/3.1.0/javax.servlet-api-3.1.0.jar:/home/alex/.m2/repository/org/springframework/security/extensions/spring-security-saml2-core/1.0.10.RELEASE/spring-security-saml2-core-1.0.10.RELEASE.jar:/home/alex/.m2/repository/com/narupley/not-going-to-be-commons-ssl/0.3.20/not-going-to-be-commons-ssl-0.3.20.jar:/home/alex/.m2/repository/commons-httpclient/commons-httpclient/3.1/commons-httpclient-3.1.jar:/home/alex/.m2/repository/org/apache/santuario/xmlsec/1.5.8/xmlsec-1.5.8.jar:/home/alex/.m2/repository/org/apache/velocity/velocity-engine-core/2.0/velocity-engine-core-2.0.jar:/home/alex/.m2/repository/org/opensaml/opensaml/2.6.6/opensaml-2.6.6.jar:/home/alex/.m2/repository/org/opensaml/openws/1.5.6/openws-1.5.6.jar:/home/alex/.m2/repository/org/opensaml/xmltooling/1.4.6/xmltooling-1.4.6.jar:/home/alex/.m2/repository/commons-collections/commons-collections/3.2.1/commons-collections-3.2.1.jar:/home/alex/.m2/repository/commons-lang/commons-lang/2.6/commons-lang-2.6.jar:/home/alex/.m2/repository/joda-time/joda-time/2.2/joda-time-2.2.jar:/home/alex/.m2/repository/org/owasp/esapi/esapi/2.2.0.0/esapi-2.2.0.0.jar:/home/alex/.m2/repository/commons-beanutils/commons-beanutils/1.9.4/commons-beanutils-1.9.4.jar:/home/alex/.m2/repository/org/apache-extras/beanshell/bsh/2.0b6/bsh-2.0b6.jar:/home/alex/.m2/repository/xerces/xercesImpl/2.12.0/xercesImpl-2.12.0.jar:/home/alex/.m2/repository/xml-apis/xml-apis/1.4.01/xml-apis-1.4.01.jar:/home/alex/.m2/repository/org/springframework/security/kerberos/spring-security-kerberos-core/1.0.1.RELEASE/spring-security-kerberos-core-1.0.1.RELEASE.jar:/home/alex/.m2/repository/org/springframework/security/spring-security-oauth2-resource-server/5.5.2/spring-security-oauth2-resource-server-5.5.2.jar:/home/alex/.m2/repository/org/springframework/security/spring-security-oauth2-core/5.5.2/spring-security-oauth2-core-5.5.2.jar:/home/alex/.m2/repository/org/springframework/security/spring-security-oauth2-jose/5.5.2/spring-security-oauth2-jose-5.5.2.jar:/home/alex/.m2/repository/com/nimbusds/nimbus-jose-jwt/9.11.2/nimbus-jose-jwt-9.11.2.jar:/home/alex/.m2/repository/org/slf4j/jcl-over-slf4j/1.7.32/jcl-over-slf4j-1.7.32.jar:/home/alex/.m2/repository/com/nimbusds/oauth2-oidc-sdk/9.10.2/oauth2-oidc-sdk-9.10.2.jar:/home/alex/.m2/repository/com/github/stephenc/jcip/jcip-annotations/1.0-1/jcip-annotations-1.0-1.jar:/home/alex/.m2/repository/com/nimbusds/content-type/2.1/content-type-2.1.jar:/home/alex/.m2/repository/net/minidev/json-smart/2.4.7/json-smart-2.4.7.jar:/home/alex/.m2/repository/net/minidev/accessors-smart/2.4.7/accessors-smart-2.4.7.jar:/home/alex/.m2/repository/org/ow2/asm/asm/9.1/asm-9.1.jar:/home/alex/.m2/repository/com/nimbusds/lang-tag/1.5/lang-tag-1.5.jar:/home/alex/.m2/repository/javax/ws/rs/javax.ws.rs-api/2.1/javax.ws.rs-api-2.1.jar:/home/alex/.m2/repository/org/glassfish/jersey/core/jersey-client/2.33/jersey-client-2.33.jar:/home/alex/.m2/repository/jakarta/ws/rs/jakarta.ws.rs-api/2.1.6/jakarta.ws.rs-api-2.1.6.jar:/home/alex/.m2/repository/org/glassfish/jersey/core/jersey-common/2.33/jersey-common-2.33.jar:/home/alex/.m2/repository/jakarta/annotation/jakarta.annotation-api/1.3.5/jakarta.annotation-api-1.3.5.jar:/home/alex/.m2/repository/org/glassfish/hk2/osgi-resource-locator/1.0.3/osgi-resource-locator-1.0.3.jar:/home/alex/.m2/repository/org/glassfish/hk2/external/jakarta.inject/2.6.1/jakarta.inject-2.6.1.jar:/home/alex/.m2/repository/org/glassfish/jersey/media/jersey-media-json-jackson/2.33/jersey-media-json-jackson-2.33.jar:/home/alex/.m2/repository/org/glassfish/jersey/ext/jersey-entity-filtering/2.33/jersey-entity-filtering-2.33.jar:/home/alex/.m2/repository/com/fasterxml/jackson/datatype/jackson-datatype-jsr310/2.12.3/jackson-datatype-jsr310-2.12.3.jar:/home/alex/.m2/repository/org/codehaus/jettison/jettison/1.3.7/jettison-1.3.7.jar:/home/alex/.m2/repository/stax/stax-api/1.0.1/stax-api-1.0.1.jar:/home/alex/.m2/repository/org/springframework/spring-test/5.3.11/spring-test-5.3.11.jar:/home/alex/.m2/repository/org/eclipse/jetty/jetty-servlet/9.4.44.v20210927/jetty-servlet-9.4.44.v20210927.jar:/home/alex/.m2/repository/org/eclipse/jetty/jetty-security/9.4.44.v20210927/jetty-security-9.4.44.v20210927.jar:/home/alex/.m2/repository/org/eclipse/jetty/jetty-server/9.4.44.v20210927/jetty-server-9.4.44.v20210927.jar:/home/alex/.m2/repository/org/eclipse/jetty/jetty-http/9.4.44.v20210927/jetty-http-9.4.44.v20210927.jar:/home/alex/.m2/repository/org/eclipse/jetty/jetty-io/9.4.44.v20210927/jetty-io-9.4.44.v20210927.jar:/home/alex/.m2/repository/org/eclipse/jetty/jetty-util-ajax/9.4.44.v20210927/jetty-util-ajax-9.4.44.v20210927.jar:/home/alex/.m2/repository/org/eclipse/jetty/jetty-util/9.4.44.v20210927/jetty-util-9.4.44.v20210927.jar:/home/alex/.m2/repository/org/codehaus/groovy/groovy-json/2.5.14/groovy-json-2.5.14.jar:/home/alex/.m2/repository/org/codehaus/groovy/groovy/2.5.14/groovy-2.5.14.jar:/home/alex/.m2/repository/org/slf4j/slf4j-api/1.7.32/slf4j-api-1.7.32.jar:/home/alex/.m2/repository/org/junit/jupiter/junit-jupiter-api/5.7.2/junit-jupiter-api-5.7.2.jar:/home/alex/.m2/repository/org/apiguardian/apiguardian-api/1.1.0/apiguardian-api-1.1.0.jar:/home/alex/.m2/repository/org/opentest4j/opentest4j/1.2.0/opentest4j-1.2.0.jar:/home/alex/.m2/repository/org/junit/platform/junit-platform-commons/1.7.2/junit-platform-commons-1.7.2.jar:/home/alex/.m2/repository/org/junit/jupiter/junit-jupiter-engine/5.7.2/junit-jupiter-engine-5.7.2.jar:/home/alex/.m2/repository/org/junit/platform/junit-platform-engine/1.7.2/junit-platform-engine-1.7.2.jar:/home/alex/.m2/repository/org/junit/vintage/junit-vintage-engine/5.7.2/junit-vintage-engine-5.7.2.jar:/home/alex/.m2/repository/junit/junit/4.13.2/junit-4.13.2.jar:/home/alex/.m2/repository/org/hamcrest/hamcrest-core/1.3/hamcrest-core-1.3.jar:/home/alex/.m2/repository/org/junit/jupiter/junit-jupiter-params/5.7.2/junit-jupiter-params-5.7.2.jar:/home/alex/.m2/repository/org/mockito/mockito-core/3.11.2/mockito-core-3.11.2.jar:/home/alex/.m2/repository/net/bytebuddy/byte-buddy/1.11.3/byte-buddy-1.11.3.jar:/home/alex/.m2/repository/net/bytebuddy/byte-buddy-agent/1.11.3/byte-buddy-agent-1.11.3.jar:/home/alex/.m2/repository/org/objenesis/objenesis/3.2/objenesis-3.2.jar:/home/alex/.m2/repository/org/mockito/mockito-junit-jupiter/3.11.2/mockito-junit-jupiter-3.11.2.jar:/home/alex/.m2/repository/org/slf4j/slf4j-simple/1.7.32/slf4j-simple-1.7.32.jar:/home/alex/.m2/repository/org/codehaus/groovy/groovy-test/2.5.14/groovy-test-2.5.14.jar:"/>
    <property name="java.vm.vendor" value="Private Build"/>
    <property name="sun.arch.data.model" value="64"/>
    <property name="java.vendor.url" value="http://java.oracle.com/"/>
    <property name="user.timezone" value="Europe/Lisbon"/>
    <property name="java.vm.specification.version" value="1.8"/>
    <property name="os.name" value="Linux"/>
    <property name="user.country" value="US"/>
    <property name="sun.java.launcher" value="SUN_STANDARD"/>
    <property name="sun.boot.library.path" value="/usr/lib/jvm/java-8-openjdk-amd64/jre/lib/amd64"/>
    <property name="sun.java.command" value="/home/alex/Repositories/nifi/nifi-nar-bundles/nifi-framework-bundle/nifi-framework/nifi-web/nifi-web-security/target/surefire/surefirebooter7730354200047448112.jar /home/alex/Repositories/nifi/nifi-nar-bundles/nifi-framework-bundle/nifi-framework/nifi-web/nifi-web-security/target/surefire 2024-05-02T01-23-45_285-jvmRun1 surefire4670688315260072519tmp surefire_453186729769187612204tmp"/>
    <property name="surefire.test.class.path" value="/home/alex/Repositories/nifi/nifi-nar-bundles/nifi-framework-bundle/nifi-framework/nifi-web/nifi-web-security/target/test-classes:/home/alex/Repositories/nifi/nifi-nar-bundles/nifi-framework-bundle/nifi-framework/nifi-web/nifi-web-security/target/classes:/home/alex/Repositories/nifi/nifi-nar-bundles/nifi-framework-bundle/nifi-framework/nifi-administration/target/classes:/home/alex/Repositories/nifi/nifi-nar-bundles/nifi-framework-bundle/nifi-framework/nifi-user-actions/target/classes:/home/alex/Repositories/nifi/nifi-nar-bundles/nifi-framework-bundle/nifi-framework/nifi-framework-core-api/target/classes:/home/alex/Repositories/nifi/nifi-nar-bundles/nifi-framework-bundle/nifi-framework/nifi-framework-nar-utils/target/classes:/home/alex/Repositories/nifi/nifi-commons/nifi-parameter/target/classes:/home/alex/Repositories/nifi/nifi-commons/nifi-utils/target/classes:/home/alex/.m2/repository/com/h2database/h2/1.4.199/h2-1.4.199.jar:/home/alex/.m2/repository/org/springframework/spring-beans/5.3.11/spring-beans-5.3.11.jar:/home/alex/.m2/repository/org/springframework/spring-context/5.3.11/spring-context-5.3.11.jar:/home/alex/.m2/repository/org/springframework/spring-expression/5.3.11/spring-expression-5.3.11.jar:/home/alex/.m2/repository/org/springframework/spring-core/5.3.11/spring-core-5.3.11.jar:/home/alex/.m2/repository/org/springframework/spring-jcl/5.3.11/spring-jcl-5.3.11.jar:/home/alex/.m2/repository/org/springframework/spring-aop/5.3.11/spring-aop-5.3.11.jar:/home/alex/.m2/repository/org/aspectj/aspectjweaver/1.9.6/aspectjweaver-1.9.6.jar:/home/alex/.m2/repository/org/apache/commons/commons-collections4/4.4/commons-collections4-4.4.jar:/home/alex/Repositories/nifi/nifi-nar-bundles/nifi-framework-bundle/nifi-framework/nifi-nar-utils/target/classes:/home/alex/Repositories/nifi/nifi-api/target/classes:/home/alex/Repositories/nifi/nifi-framework-api/target/classes:/home/alex/Repositories/nifi/nifi-commons/nifi-web-utils/target/classes:/home/alex/.m2/repository/org/apache/commons/commons-lang3/3.9/commons-lang3-3.9.jar:/home/alex/.m2/repository/com/fasterxml/jackson/core/jackson-databind/2.12.3/jackson-databind-2.12.3.jar:/home/alex/.m2/repository/com/fasterxml/jackson/core/jackson-annotations/2.12.3/jackson-annotations-2.12.3.jar:/home/alex/.m2/repository/com/fasterxml/jackson/module/jackson-module-jaxb-annotations/2.12.3/jackson-module-jaxb-annotations-2.12.3.jar:/home/alex/.m2/repository/jakarta/xml/bind/jakarta.xml.bind-api/2.3.2/jakarta.xml.bind-api-2.3.2.jar:/home/alex/.m2/repository/jakarta/activation/jakarta.activation-api/1.2.1/jakarta.activation-api-1.2.1.jar:/home/alex/.m2/repository/org/apache/httpcomponents/httpclient/4.5.5/httpclient-4.5.5.jar:/home/alex/.m2/repository/org/apache/httpcomponents/httpcore/4.4.9/httpcore-4.4.9.jar:/home/alex/Repositories/nifi/nifi-commons/nifi-security-utils/target/classes:/home/alex/Repositories/nifi/nifi-commons/nifi-security-utils-api/target/classes:/home/alex/Repositories/nifi/nifi-commons/nifi-security-kms/target/classes:/home/alex/.m2/repository/commons-codec/commons-codec/1.14/commons-codec-1.14.jar:/home/alex/Repositories/nifi/nifi-commons/nifi-properties/target/classes:/home/alex/Repositories/nifi/nifi-commons/nifi-property-utils/target/classes:/home/alex/.m2/repository/at/favre/lib/bcrypt/0.9.0/bcrypt-0.9.0.jar:/home/alex/.m2/repository/at/favre/lib/bytes/1.3.0/bytes-1.3.0.jar:/home/alex/.m2/repository/org/apache/commons/commons-configuration2/2.7/commons-configuration2-2.7.jar:/home/alex/.m2/repository/org/apache/commons/commons-text/1.8/commons-text-1.8.jar:/home/alex/Repositories/nifi/nifi-nar-bundles/nifi-framework-bundle/nifi-framework/nifi-framework-core/target/classes:/home/alex/Repositories/nifi/nifi-nar-bundles/nifi-framework-bundle/nifi-framework/nifi-properties-loader/target/classes:/home/alex/Repositories/nifi/nifi-commons/nifi-sensitive-property-provider/target/classes:/home/alex/.m2/repository/software/amazon/awssdk/kms/2.17.1/kms-2.17.1.jar:/home/alex/.m2/repository/software/amazon/awssdk/aws-json-protocol/2.17.1/aws-json-protocol-2.17.1.jar:/home/alex/.m2/repository/software/amazon/awssdk/third-party-jackson-core/2.17.1/third-party-jackson-core-2.17.1.jar:/home/alex/.m2/repository/software/amazon/awssdk/json-utils/2.17.1/json-utils-2.17.1.jar:/home/alex/.m2/repository/software/amazon/awssdk/protocol-core/2.17.1/protocol-core-2.17.1.jar:/home/alex/.m2/repository/software/amazon/awssdk/sdk-core/2.17.1/sdk-core-2.17.1.jar:/home/alex/.m2/repository/software/amazon/awssdk/profiles/2.17.1/profiles-2.17.1.jar:/home/alex/.m2/repository/org/reactivestreams/reactive-streams/1.0.3/reactive-streams-1.0.3.jar:/home/alex/.m2/repository/software/amazon/awssdk/auth/2.17.1/auth-2.17.1.jar:/home/alex/.m2/repository/software/amazon/eventstream/eventstream/1.0.1/eventstream-1.0.1.jar:/home/alex/.m2/repository/software/amazon/awssdk/http-client-spi/2.17.1/http-client-spi-2.17.1.jar:/home/alex/.m2/repository/software/amazon/awssdk/regions/2.17.1/regions-2.17.1.jar:/home/alex/.m2/repository/software/amazon/awssdk/annotations/2.17.1/annotations-2.17.1.jar:/home/alex/.m2/repository/software/amazon/awssdk/utils/2.17.1/utils-2.17.1.jar:/home/alex/.m2/repository/software/amazon/awssdk/aws-core/2.17.1/aws-core-2.17.1.jar:/home/alex/.m2/repository/software/amazon/awssdk/metrics-spi/2.17.1/metrics-spi-2.17.1.jar:/home/alex/.m2/repository/software/amazon/awssdk/secretsmanager/2.17.1/secretsmanager-2.17.1.jar:/home/alex/.m2/repository/com/azure/azure-security-keyvault-secrets/4.3.3/azure-security-keyvault-secrets-4.3.3.jar:/home/alex/.m2/repository/com/azure/azure-core/1.20.0/azure-core-1.20.0.jar:/home/alex/.m2/repository/com/fasterxml/jackson/dataformat/jackson-dataformat-xml/2.12.4/jackson-dataformat-xml-2.12.4.jar:/home/alex/.m2/repository/io/projectreactor/reactor-core/3.4.9/reactor-core-3.4.9.jar:/home/alex/.m2/repository/com/azure/azure-security-keyvault-keys/4.3.3/azure-security-keyvault-keys-4.3.3.jar:/home/alex/.m2/repository/com/azure/azure-identity/1.3.4/azure-identity-1.3.4.jar:/home/alex/.m2/repository/com/microsoft/azure/msal4j/1.10.1/msal4j-1.10.1.jar:/home/alex/.m2/repository/com/microsoft/azure/msal4j-persistence-extension/1.1.0/msal4j-persistence-extension-1.1.0.jar:/home/alex/.m2/repository/net/java/dev/jna/jna/5.5.0/jna-5.5.0.jar:/home/alex/.m2/repository/net/java/dev/jna/jna-platform/5.6.0/jna-platform-5.6.0.jar:/home/alex/.m2/repository/com/azure/azure-core-http-okhttp/1.7.1/azure-core-http-okhttp-1.7.1.jar:/home/alex/.m2/repository/com/squareup/okhttp3/okhttp/4.8.1/okhttp-4.8.1.jar:/home/alex/.m2/repository/com/squareup/okio/okio/2.7.0/okio-2.7.0.jar:/home/alex/.m2/repository/org/jetbrains/kotlin/kotlin-stdlib-common/1.3.70/kotlin-stdlib-common-1.3.70.jar:/home/alex/.m2/repository/org/jetbrains/kotlin/kotlin-stdlib/1.3.72/kotlin-stdlib-1.3.72.jar:/home/alex/.m2/repository/org/jetbrains/annotations/13.0/annotations-13.0.jar:/home/alex/.m2/repository/software/amazon/awssdk/url-connection-client/2.17.1/url-connection-client-2.17.1.jar:/home/alex/.m2/repository/com/google/cloud/google-cloud-kms/2.0.2/google-cloud-kms-2.0.2.jar:/home/alex/.m2/repository/io/grpc/grpc-api/1.40.0/grpc-api-1.40.0.jar:/home/alex/.m2/repository/io/grpc/grpc-context/1.40.0/grpc-context-1.40.0.jar:/home/alex/.m2/repository/io/grpc/grpc-stub/1.40.0/grpc-stub-1.40.0.jar:/home/alex/.m2/repository/io/grpc/grpc-protobuf/1.40.0/grpc-protobuf-1.40.0.jar:/home/alex/.m2/repository/io/grpc/grpc-protobuf-lite/1.40.0/grpc-protobuf-lite-1.40.0.jar:/home/alex/.m2/repository/com/google/api/api-common/2.0.1/api-common-2.0.1.jar:/home/alex/.m2/repository/javax/annotation/javax.annotation-api/1.3.2/javax.annotation-api-1.3.2.jar:/home/alex/.m2/repository/com/google/auto/value/auto-value-annotations/1.8.2/auto-value-annotations-1.8.2.jar:/home/alex/.m2/repository/com/google/protobuf/protobuf-java/3.17.3/protobuf-java-3.17.3.jar:/home/alex/.m2/repository/com/google/api/grpc/proto-google-common-protos/2.3.2/proto-google-common-protos-2.3.2.jar:/home/alex/.m2/repository/com/google/api/grpc/proto-google-cloud-kms-v1/0.91.2/proto-google-cloud-kms-v1-0.91.2.jar:/home/alex/.m2/repository/com/google/api/gax/2.3.0/gax-2.3.0.jar:/home/alex/.m2/repository/io/opencensus/opencensus-api/0.28.0/opencensus-api-0.28.0.jar:/home/alex/.m2/repository/com/google/api/gax-grpc/2.3.0/gax-grpc-2.3.0.jar:/home/alex/.m2/repository/com/google/auth/google-auth-library-credentials/1.1.0/google-auth-library-credentials-1.1.0.jar:/home/alex/.m2/repository/io/grpc/grpc-netty-shaded/1.40.0/grpc-netty-shaded-1.40.0.jar:/home/alex/.m2/repository/io/perfmark/perfmark-api/0.23.0/perfmark-api-0.23.0.jar:/home/alex/.m2/repository/io/grpc/grpc-core/1.40.0/grpc-core-1.40.0.jar:/home/alex/.m2/repository/com/google/android/annotations/4.1.1.4/annotations-4.1.1.4.jar:/home/alex/.m2/repository/io/grpc/grpc-alts/1.40.0/grpc-alts-1.40.0.jar:/home/alex/.m2/repository/io/grpc/grpc-grpclb/1.40.0/grpc-grpclb-1.40.0.jar:/home/alex/.m2/repository/com/google/protobuf/protobuf-java-util/3.17.3/protobuf-java-util-3.17.3.jar:/home/alex/.m2/repository/org/conscrypt/conscrypt-openjdk-uber/2.5.1/conscrypt-openjdk-uber-2.5.1.jar:/home/alex/.m2/repository/org/threeten/threetenbp/1.5.1/threetenbp-1.5.1.jar:/home/alex/.m2/repository/io/grpc/grpc-auth/1.40.0/grpc-auth-1.40.0.jar:/home/alex/.m2/repository/com/google/api/grpc/proto-google-iam-v1/1.0.14/proto-google-iam-v1-1.0.14.jar:/home/alex/.m2/repository/com/google/auth/google-auth-library-oauth2-http/1.1.0/google-auth-library-oauth2-http-1.1.0.jar:/home/alex/.m2/repository/com/google/http-client/google-http-client/1.39.2/google-http-client-1.39.2.jar:/home/alex/.m2/repository/io/opencensus/opencensus-contrib-http-util/0.28.0/opencensus-contrib-http-util-0.28.0.jar:/home/alex/.m2/repository/com/google/http-client/google-http-client-gson/1.39.2/google-http-client-gson-1.39.2.jar:/home/alex/.m2/repository/com/google/code/gson/gson/2.8.8/gson-2.8.8.jar:/home/alex/Repositories/nifi/nifi-commons/nifi-vault-utils/target/classes:/home/alex/.m2/repository/org/springframework/vault/spring-vault-core/2.3.2/spring-vault-core-2.3.2.jar:/home/alex/Repositories/nifi/nifi-nar-bundles/nifi-framework-bundle/nifi-framework/nifi-framework-components/target/classes:/home/alex/.m2/repository/org/quartz-scheduler/quartz/2.3.2/quartz-2.3.2.jar:/home/alex/.m2/repository/com/mchange/c3p0/0.9.5.4/c3p0-0.9.5.4.jar:/home/alex/.m2/repository/com/mchange/mchange-commons-java/0.2.15/mchange-commons-java-0.2.15.jar:/home/alex/.m2/repository/com/zaxxer/HikariCP-java7/2.4.13/HikariCP-java7-2.4.13.jar:/home/alex/Repositories/nifi/nifi-commons/nifi-property-encryptor/target/classes:/home/alex/Repositories/nifi/nifi-commons/nifi-expression-language/target/classes:/home/alex/.m2/repository/org/antlr/antlr-runtime/3.5.2/antlr-runtime-3.5.2.jar:/home/alex/Repositories/nifi/nifi-commons/nifi-uuid5/target/classes:/home/alex/.m2/repository/com/jayway/jsonpath/json-path/2.6.0/json-path-2.6.0.jar:/home/alex/Repositories/nifi/nifi-commons/nifi-schema-utils/target/classes:/home/alex/Repositories/nifi/nifi-nar-bundles/nifi-framework-bundle/nifi-framework/nifi-repository-models/target/classes:/home/alex/Repositories/nifi/nifi-commons/nifi-repository-encryption/target/classes:/home/alex/Repositories/nifi/nifi-nar-bundles/nifi-framework-bundle/nifi-framework/nifi-site-to-site/target/classes:/home/alex/Repositories/nifi/nifi-nar-bundles/nifi-framework-bundle/nifi-framework/nifi-framework-cluster-protocol/target/classes:/home/alex/Repositories/nifi/nifi-commons/nifi-socket-utils/target/classes:/home/alex/.m2/repository/commons-net/commons-net/3.6/commons-net-3.6.jar:/home/alex/Repositories/nifi/nifi-commons/nifi-logging-utils/target/classes:/home/alex/Repositories/nifi/nifi-nar-bundles/nifi-framework-bundle/nifi-framework/nifi-client-dto/target/classes:/home/alex/.m2/repository/io/swagger/swagger-annotations/1.6.0/swagger-annotations-1.6.0.jar:/home/alex/Repositories/nifi/nifi-commons/nifi-site-to-site-client/target/classes:/home/alex/.m2/repository/org/apache/httpcomponents/httpasyncclient/4.1.4/httpasyncclient-4.1.4.jar:/home/alex/.m2/repository/org/apache/httpcomponents/httpcore-nio/4.4.10/httpcore-nio-4.4.10.jar:/home/alex/.m2/repository/commons-io/commons-io/2.10.0/commons-io-2.10.0.jar:/home/alex/.m2/repository/org/apache/commons/commons-math3/3.6.1/commons-math3-3.6.1.jar:/home/alex/.m2/repository/org/questdb/core/4.2.1/core-4.2.1.jar:/home/alex/Repositories/nifi/nifi-commons/nifi-data-provenance-utils/target/classes:/home/alex/Repositories/nifi/nifi-commons/nifi-write-ahead-log/target/classes:/home/alex/Repositories/nifi/nifi-commons/nifi-rocksdb-utils/target/classes:/home/alex/.m2/repository/org/rocksdb/rocksdbjni/6.6.4/rocksdbjni-6.6.4.jar:/home/alex/Repositories/nifi/nifi-nar-bundles/nifi-framework-bundle/nifi-framework/nifi-flowfile-repo-serialization/target/classes:/home/alex/.m2/repository/org/apache/zookeeper/zookeeper/3.5.9/zookeeper-3.5.9.jar:/home/alex/.m2/repository/org/apache/zookeeper/zookeeper-jute/3.5.9/zookeeper-jute-3.5.9.jar:/home/alex/.m2/repository/org/apache/yetus/audience-annotations/0.5.0/audience-annotations-0.5.0.jar:/home/alex/.m2/repository/io/netty/netty-handler/4.1.50.Final/netty-handler-4.1.50.Final.jar:/home/alex/.m2/repository/io/netty/netty-common/4.1.50.Final/netty-common-4.1.50.Final.jar:/home/alex/.m2/repository/io/netty/netty-resolver/4.1.50.Final/netty-resolver-4.1.50.Final.jar:/home/alex/.m2/repository/io/netty/netty-buffer/4.1.50.Final/netty-buffer-4.1.50.Final.jar:/home/alex/.m2/repository/io/netty/netty-transport/4.1.50.Final/netty-transport-4.1.50.Final.jar:/home/alex/.m2/repository/io/netty/netty-codec/4.1.50.Final/netty-codec-4.1.50.Final.jar:/home/alex/.m2/repository/io/netty/netty-transport-native-epoll/4.1.50.Final/netty-transport-native-epoll-4.1.50.Final.jar:/home/alex/.m2/repository/io/netty/netty-transport-native-unix-common/4.1.50.Final/netty-transport-native-unix-common-4.1.50.Final.jar:/home/alex/.m2/repository/org/apache/curator/curator-framework/5.2.0/curator-framework-5.2.0.jar:/home/alex/.m2/repository/org/apache/curator/curator-client/5.2.0/curator-client-5.2.0.jar:/home/alex/.m2/repository/org/apache/curator/curator-recipes/5.2.0/curator-recipes-5.2.0.jar:/home/alex/Repositories/nifi/nifi-registry/nifi-registry-core/nifi-registry-data-model/target/classes:/home/alex/.m2/repository/javax/validation/validation-api/2.0.1.Final/validation-api-2.0.1.Final.jar:/home/alex/Repositories/nifi/nifi-registry/nifi-registry-core/nifi-registry-revision/nifi-registry-revision-entity-model/target/classes:/home/alex/Repositories/nifi/nifi-registry/nifi-registry-core/nifi-registry-flow-diff/target/classes:/home/alex/Repositories/nifi/nifi-registry/nifi-registry-core/nifi-registry-client/target/classes:/home/alex/Repositories/nifi/nifi-registry/nifi-registry-core/nifi-registry-security-utils/target/classes:/home/alex/.m2/repository/org/glassfish/jersey/inject/jersey-hk2/2.33/jersey-hk2-2.33.jar:/home/alex/.m2/repository/org/glassfish/hk2/hk2-locator/2.6.1/hk2-locator-2.6.1.jar:/home/alex/.m2/repository/org/glassfish/hk2/external/aopalliance-repackaged/2.6.1/aopalliance-repackaged-2.6.1.jar:/home/alex/.m2/repository/org/glassfish/hk2/hk2-api/2.6.1/hk2-api-2.6.1.jar:/home/alex/.m2/repository/org/glassfish/hk2/hk2-utils/2.6.1/hk2-utils-2.6.1.jar:/home/alex/.m2/repository/org/javassist/javassist/3.25.0-GA/javassist-3.25.0-GA.jar:/home/alex/.m2/repository/org/glassfish/jersey/media/jersey-media-multipart/2.33/jersey-media-multipart-2.33.jar:/home/alex/.m2/repository/org/jvnet/mimepull/mimepull/1.9.13/mimepull-1.9.13.jar:/home/alex/.m2/repository/com/fasterxml/jackson/core/jackson-core/2.12.3/jackson-core-2.12.3.jar:/home/alex/Repositories/nifi/nifi-nar-bundles/nifi-framework-bundle/nifi-framework/nifi-authorizer/target/classes:/home/alex/Repositories/nifi/nifi-nar-bundles/nifi-framework-bundle/nifi-framework/nifi-framework-authorization-providers/target/classes:/home/alex/.m2/repository/com/github/ben-manes/caffeine/caffeine/2.8.1/caffeine-2.8.1.jar:/home/alex/Repositories/nifi/nifi-nar-bundles/nifi-framework-bundle/nifi-framework/nifi-framework-authorization/target/classes:/home/alex/.m2/repository/org/bouncycastle/bcprov-jdk15on/1.69/bcprov-jdk15on-1.69.jar:/home/alex/.m2/repository/org/bouncycastle/bcpkix-jdk15on/1.69/bcpkix-jdk15on-1.69.jar:/home/alex/.m2/repository/org/bouncycastle/bcutil-jdk15on/1.69/bcutil-jdk15on-1.69.jar:/home/alex/.m2/repository/com/google/guava/guava/28.0-jre/guava-28.0-jre.jar:/home/alex/.m2/repository/com/google/guava/failureaccess/1.0.1/failureaccess-1.0.1.jar:/home/alex/.m2/repository/com/google/guava/listenablefuture/9999.0-empty-to-avoid-conflict-with-guava/listenablefuture-9999.0-empty-to-avoid-conflict-with-guava.jar:/home/alex/.m2/repository/com/google/code/findbugs/jsr305/3.0.2/jsr305-3.0.2.jar:/home/alex/.m2/repository/org/checkerframework/checker-qual/2.8.1/checker-qual-2.8.1.jar:/home/alex/.m2/repository/com/google/errorprone/error_prone_annotations/2.3.2/error_prone_annotations-2.3.2.jar:/home/alex/.m2/repository/com/google/j2objc/j2objc-annotations/1.3/j2objc-annotations-1.3.jar:/home/alex/.m2/repository/org/codehaus/mojo/animal-sniffer-annotations/1.17/animal-sniffer-annotations-1.17.jar:/home/alex/.m2/repository/org/springframework/spring-jdbc/5.3.11/spring-jdbc-5.3.11.jar:/home/alex/.m2/repository/org/springframework/spring-tx/5.3.11/spring-tx-5.3.11.jar:/home/alex/.m2/repository/org/springframework/spring-web/5.3.11/spring-web-5.3.11.jar:/home/alex/.m2/repository/org/springframework/security/spring-security-core/5.5.2/spring-security-core-5.5.2.jar:/home/alex/.m2/repository/org/springframework/security/spring-security-crypto/5.5.2/spring-security-crypto-5.5.2.jar:/home/alex/.m2/repository/org/springframework/security/spring-security-config/5.5.2/spring-security-config-5.5.2.jar:/home/alex/.m2/repository/org/springframework/security/spring-security-web/5.5.2/spring-security-web-5.5.2.jar:/home/alex/.m2/repository/javax/servlet/javax.servlet-api/3.1.0/javax.servlet-api-3.1.0.jar:/home/alex/.m2/repository/org/springframework/security/extensions/spring-security-saml2-core/1.0.10.RELEASE/spring-security-saml2-core-1.0.10.RELEASE.jar:/home/alex/.m2/repository/com/narupley/not-going-to-be-commons-ssl/0.3.20/not-going-to-be-commons-ssl-0.3.20.jar:/home/alex/.m2/repository/commons-httpclient/commons-httpclient/3.1/commons-httpclient-3.1.jar:/home/alex/.m2/repository/org/apache/santuario/xmlsec/1.5.8/xmlsec-1.5.8.jar:/home/alex/.m2/repository/org/apache/velocity/velocity-engine-core/2.0/velocity-engine-core-2.0.jar:/home/alex/.m2/repository/org/opensaml/opensaml/2.6.6/opensaml-2.6.6.jar:/home/alex/.m2/repository/org/opensaml/openws/1.5.6/openws-1.5.6.jar:/home/alex/.m2/repository/org/opensaml/xmltooling/1.4.6/xmltooling-1.4.6.jar:/home/alex/.m2/repository/commons-collections/commons-collections/3.2.1/commons-collections-3.2.1.jar:/home/alex/.m2/repository/commons-lang/commons-lang/2.6/commons-lang-2.6.jar:/home/alex/.m2/repository/joda-time/joda-time/2.2/joda-time-2.2.jar:/home/alex/.m2/repository/org/owasp/esapi/esapi/2.2.0.0/esapi-2.2.0.0.jar:/home/alex/.m2/repository/commons-beanutils/commons-beanutils/1.9.4/commons-beanutils-1.9.4.jar:/home/alex/.m2/repository/org/apache-extras/beanshell/bsh/2.0b6/bsh-2.0b6.jar:/home/alex/.m2/repository/xerces/xercesImpl/2.12.0/xercesImpl-2.12.0.jar:/home/alex/.m2/repository/xml-apis/xml-apis/1.4.01/xml-apis-1.4.01.jar:/home/alex/.m2/repository/org/springframework/security/kerberos/spring-security-kerberos-core/1.0.1.RELEASE/spring-security-kerberos-core-1.0.1.RELEASE.jar:/home/alex/.m2/repository/org/springframework/security/spring-security-oauth2-resource-server/5.5.2/spring-security-oauth2-resource-server-5.5.2.jar:/home/alex/.m2/repository/org/springframework/security/spring-security-oauth2-core/5.5.2/spring-security-oauth2-core-5.5.2.jar:/home/alex/.m2/repository/org/springframework/security/spring-security-oauth2-jose/5.5.2/spring-security-oauth2-jose-5.5.2.jar:/home/alex/.m2/repository/com/nimbusds/nimbus-jose-jwt/9.11.2/nimbus-jose-jwt-9.11.2.jar:/home/alex/.m2/repository/org/slf4j/jcl-over-slf4j/1.7.32/jcl-over-slf4j-1.7.32.jar:/home/alex/.m2/repository/com/nimbusds/oauth2-oidc-sdk/9.10.2/oauth2-oidc-sdk-9.10.2.jar:/home/alex/.m2/repository/com/github/stephenc/jcip/jcip-annotations/1.0-1/jcip-annotations-1.0-1.jar:/home/alex/.m2/repository/com/nimbusds/content-type/2.1/content-type-2.1.jar:/home/alex/.m2/repository/net/minidev/json-smart/2.4.7/json-smart-2.4.7.jar:/home/alex/.m2/repository/net/minidev/accessors-smart/2.4.7/accessors-smart-2.4.7.jar:/home/alex/.m2/repository/org/ow2/asm/asm/9.1/asm-9.1.jar:/home/alex/.m2/repository/com/nimbusds/lang-tag/1.5/lang-tag-1.5.jar:/home/alex/.m2/repository/javax/ws/rs/javax.ws.rs-api/2.1/javax.ws.rs-api-2.1.jar:/home/alex/.m2/repository/org/glassfish/jersey/core/jersey-client/2.33/jersey-client-2.33.jar:/home/alex/.m2/repository/jakarta/ws/rs/jakarta.ws.rs-api/2.1.6/jakarta.ws.rs-api-2.1.6.jar:/home/alex/.m2/repository/org/glassfish/jersey/core/jersey-common/2.33/jersey-common-2.33.jar:/home/alex/.m2/repository/jakarta/annotation/jakarta.annotation-api/1.3.5/jakarta.annotation-api-1.3.5.jar:/home/alex/.m2/repository/org/glassfish/hk2/osgi-resource-locator/1.0.3/osgi-resource-locator-1.0.3.jar:/home/alex/.m2/repository/org/glassfish/hk2/external/jakarta.inject/2.6.1/jakarta.inject-2.6.1.jar:/home/alex/.m2/repository/org/glassfish/jersey/media/jersey-media-json-jackson/2.33/jersey-media-json-jackson-2.33.jar:/home/alex/.m2/repository/org/glassfish/jersey/ext/jersey-entity-filtering/2.33/jersey-entity-filtering-2.33.jar:/home/alex/.m2/repository/com/fasterxml/jackson/datatype/jackson-datatype-jsr310/2.12.3/jackson-datatype-jsr310-2.12.3.jar:/home/alex/.m2/repository/org/codehaus/jettison/jettison/1.3.7/jettison-1.3.7.jar:/home/alex/.m2/repository/stax/stax-api/1.0.1/stax-api-1.0.1.jar:/home/alex/.m2/repository/org/springframework/spring-test/5.3.11/spring-test-5.3.11.jar:/home/alex/.m2/repository/org/eclipse/jetty/jetty-servlet/9.4.44.v20210927/jetty-servlet-9.4.44.v20210927.jar:/home/alex/.m2/repository/org/eclipse/jetty/jetty-security/9.4.44.v20210927/jetty-security-9.4.44.v20210927.jar:/home/alex/.m2/repository/org/eclipse/jetty/jetty-server/9.4.44.v20210927/jetty-server-9.4.44.v20210927.jar:/home/alex/.m2/repository/org/eclipse/jetty/jetty-http/9.4.44.v20210927/jetty-http-9.4.44.v20210927.jar:/home/alex/.m2/repository/org/eclipse/jetty/jetty-io/9.4.44.v20210927/jetty-io-9.4.44.v20210927.jar:/home/alex/.m2/repository/org/eclipse/jetty/jetty-util-ajax/9.4.44.v20210927/jetty-util-ajax-9.4.44.v20210927.jar:/home/alex/.m2/repository/org/eclipse/jetty/jetty-util/9.4.44.v20210927/jetty-util-9.4.44.v20210927.jar:/home/alex/.m2/repository/org/codehaus/groovy/groovy-json/2.5.14/groovy-json-2.5.14.jar:/home/alex/.m2/repository/org/codehaus/groovy/groovy/2.5.14/groovy-2.5.14.jar:/home/alex/.m2/repository/org/slf4j/slf4j-api/1.7.32/slf4j-api-1.7.32.jar:/home/alex/.m2/repository/org/junit/jupiter/junit-jupiter-api/5.7.2/junit-jupiter-api-5.7.2.jar:/home/alex/.m2/repository/org/apiguardian/apiguardian-api/1.1.0/apiguardian-api-1.1.0.jar:/home/alex/.m2/repository/org/opentest4j/opentest4j/1.2.0/opentest4j-1.2.0.jar:/home/alex/.m2/repository/org/junit/platform/junit-platform-commons/1.7.2/junit-platform-commons-1.7.2.jar:/home/alex/.m2/repository/org/junit/jupiter/junit-jupiter-engine/5.7.2/junit-jupiter-engine-5.7.2.jar:/home/alex/.m2/repository/org/junit/platform/junit-platform-engine/1.7.2/junit-platform-engine-1.7.2.jar:/home/alex/.m2/repository/org/junit/vintage/junit-vintage-engine/5.7.2/junit-vintage-engine-5.7.2.jar:/home/alex/.m2/repository/junit/junit/4.13.2/junit-4.13.2.jar:/home/alex/.m2/repository/org/hamcrest/hamcrest-core/1.3/hamcrest-core-1.3.jar:/home/alex/.m2/repository/org/junit/jupiter/junit-jupiter-params/5.7.2/junit-jupiter-params-5.7.2.jar:/home/alex/.m2/repository/org/mockito/mockito-core/3.11.2/mockito-core-3.11.2.jar:/home/alex/.m2/repository/net/bytebuddy/byte-buddy/1.11.3/byte-buddy-1.11.3.jar:/home/alex/.m2/repository/net/bytebuddy/byte-buddy-agent/1.11.3/byte-buddy-agent-1.11.3.jar:/home/alex/.m2/repository/org/objenesis/objenesis/3.2/objenesis-3.2.jar:/home/alex/.m2/repository/org/mockito/mockito-junit-jupiter/3.11.2/mockito-junit-jupiter-3.11.2.jar:/home/alex/.m2/repository/org/slf4j/slf4j-simple/1.7.32/slf4j-simple-1.7.32.jar:/home/alex/.m2/repository/org/codehaus/groovy/groovy-test/2.5.14/groovy-test-2.5.14.jar:"/>
    <property name="sun.cpu.endian" value="little"/>
    <property name="user.home" value="/home/alex"/>
    <property name="user.language" value="en"/>
    <property name="java.specification.vendor" value="Oracle Corporation"/>
    <property name="java.home" value="/usr/lib/jvm/java-8-openjdk-amd64/jre"/>
    <property name="basedir" value="/home/alex/Repositories/nifi/nifi-nar-bundles/nifi-framework-bundle/nifi-framework/nifi-web/nifi-web-security"/>
    <property name="file.separator" value="/"/>
    <property name="line.separator" value="&#10;"/>
    <property name="java.vm.specification.vendor" value="Oracle Corporation"/>
    <property name="java.specification.name" value="Java Platform API Specification"/>
    <property name="java.awt.graphicsenv" value="sun.awt.X11GraphicsEnvironment"/>
    <property name="java.awt.headless" value="true"/>
    <property name="surefire.real.class.path" value="/home/alex/Repositories/nifi/nifi-nar-bundles/nifi-framework-bundle/nifi-framework/nifi-web/nifi-web-security/target/surefire/surefirebooter7730354200047448112.jar"/>
    <property name="org.apache.xml.security.ignoreLineBreaks" value="true"/>
    <property name="sun.boot.class.path" value="/usr/lib/jvm/java-8-openjdk-amd64/jre/lib/resources.jar:/usr/lib/jvm/java-8-openjdk-amd64/jre/lib/rt.jar:/usr/lib/jvm/java-8-openjdk-amd64/jre/lib/sunrsasign.jar:/usr/lib/jvm/java-8-openjdk-amd64/jre/lib/jsse.jar:/usr/lib/jvm/java-8-openjdk-amd64/jre/lib/jce.jar:/usr/lib/jvm/java-8-openjdk-amd64/jre/lib/charsets.jar:/usr/lib/jvm/java-8-openjdk-amd64/jre/lib/jfr.jar:/usr/lib/jvm/java-8-openjdk-amd64/jre/classes"/>
    <property name="sun.management.compiler" value="HotSpot 64-Bit Tiered Compilers"/>
    <property name="java.runtime.version" value="1.8.0_402-8u402-ga-2ubuntu1~22.04-b06"/>
    <property name="org.owasp.esapi.SecurityConfiguration" value="org.opensaml.ESAPISecurityConfig"/>
    <property name="java.net.preferIPv4Stack" value="true"/>
    <property name="user.name" value="alex"/>
    <property name="path.separator" value=":"/>
    <property name="os.version" value="6.5.0-28-generic"/>
    <property name="java.endorsed.dirs" value="/usr/lib/jvm/java-8-openjdk-amd64/jre/lib/endorsed"/>
    <property name="java.runtime.name" value="OpenJDK Runtime Environment"/>
    <property name="file.encoding" value="UTF-8"/>
    <property name="java.vm.name" value="OpenJDK 64-Bit Server VM"/>
    <property name="localRepository" value="/home/alex/.m2/repository"/>
    <property name="java.vendor.url.bug" value="http://bugreport.sun.com/bugreport/"/>
    <property name="java.io.tmpdir" value="/tmp"/>
    <property name="java.version" value="1.8.0_402"/>
    <property name="user.dir" value="/home/alex/Repositories/nifi/nifi-nar-bundles/nifi-framework-bundle/nifi-framework/nifi-web/nifi-web-security"/>
    <property name="os.arch" value="amd64"/>
    <property name="java.vm.specification.name" value="Java Virtual Machine Specification"/>
    <property name="java.awt.printerjob" value="sun.print.PSPrinterJob"/>
    <property name="sun.os.patch.level" value="unknown"/>
    <property name="java.library.path" value="/usr/java/packages/lib/amd64:/usr/lib/x86_64-linux-gnu/jni:/lib/x86_64-linux-gnu:/usr/lib/x86_64-linux-gnu:/usr/lib/jni:/lib:/usr/lib"/>
    <property name="java.vm.info" value="mixed mode"/>
    <property name="java.vendor" value="Private Build"/>
    <property name="java.vm.version" value="25.402-b06"/>
    <property name="java.specification.maintenance.version" value="5"/>
    <property name="java.ext.dirs" value="/usr/lib/jvm/java-8-openjdk-amd64/jre/lib/ext:/usr/java/packages/lib/ext"/>
    <property name="sun.io.unicode.encoding" value="UnicodeLittle"/>
    <property name="java.class.version" value="52.0"/>
  </properties>
  <testcase name="testShouldGetOidcTokens" classname="org.apache.nifi.web.security.oidc.StandardOidcIdentityProviderGroovyTest" time="0.063">
    <system-err><![CDATA[[main] INFO org.apache.nifi.web.security.oidc.StandardOidcIdentityProviderGroovyTest - EXPECTED_ID_TOKEN: eyJhbGciOiJub25lIn0.eyJhdF9oYXNoIjoiSk9HSVNVREhGaXlHSERTRndWNUZhaDJBIiwiYXVkIjoiMTAxMzM1MjA0NDQ5OS0wNXBiMXNzZGZ1aWhzZGZzZHNkZmRpOHIydmlrZTg4bS5hcHBzLnVzZXJjb250ZW50LmNvbSIsInN1YiI6IjEwNzAzNDc1MzQ1NDM5NzU2MzQ1NTQwIiwiZW1haWxfdmVyaWZpZWQiOiJ0cnVlIiwiYXpwIjoiMTAxMzM1MjA0NDQ5OS0wNXBiMXNzZGZ1aWhzZGZzZHNkZmRpOHIydmlrZTg4bS5hcHBzLnVzZXJjb250ZW50LmNvbSIsImlzcyI6Imh0dHBzOlwvXC9hY2NvdW50cy5pc3N1ZXIuY29tIiwiZXhwIjoxNTkwMDI2Mjc0LCJpYXQiOjE1OTAwMjI2NzQsImVtYWlsIjoicGVyc29uQG5pZmkuYXBhY2hlLm9yZyJ9.
[main] INFO org.apache.nifi.web.security.oidc.StandardOidcIdentityProviderGroovyTest - OIDC Tokens: [access_token:73jLTPFXGjZna8wKTVhlCOw1OMDe5WCy5yt-8JaBxa4, refresh_token:W6xO72Asv0GymvbXoJC_LNo9qluA3g9_qSMugxWFXy4, id_token:eyJhbGciOiJub25lIn0.eyJhdF9oYXNoIjoiSk9HSVNVREhGaXlHSERTRndWNUZhaDJBIiwiYXVkIjoiMTAxMzM1MjA0NDQ5OS0wNXBiMXNzZGZ1aWhzZGZzZHNkZmRpOHIydmlrZTg4bS5hcHBzLnVzZXJjb250ZW50LmNvbSIsInN1YiI6IjEwNzAzNDc1MzQ1NDM5NzU2MzQ1NTQwIiwiZW1haWxfdmVyaWZpZWQiOiJ0cnVlIiwiYXpwIjoiMTAxMzM1MjA0NDQ5OS0wNXBiMXNzZGZ1aWhzZGZzZHNkZmRpOHIydmlrZTg4bS5hcHBzLnVzZXJjb250ZW50LmNvbSIsImlzcyI6Imh0dHBzOlwvXC9hY2NvdW50cy5pc3N1ZXIuY29tIiwiZXhwIjoxNTkwMDI2Mjc0LCJpYXQiOjE1OTAwMjI2NzQsImVtYWlsIjoicGVyc29uQG5pZmkuYXBhY2hlLm9yZyJ9., token_type:Bearer]
[main] INFO org.apache.nifi.web.security.oidc.StandardOidcIdentityProviderGroovyTest - ID Token String: eyJhbGciOiJub25lIn0.eyJhdF9oYXNoIjoiSk9HSVNVREhGaXlHSERTRndWNUZhaDJBIiwiYXVkIjoiMTAxMzM1MjA0NDQ5OS0wNXBiMXNzZGZ1aWhzZGZzZHNkZmRpOHIydmlrZTg4bS5hcHBzLnVzZXJjb250ZW50LmNvbSIsInN1YiI6IjEwNzAzNDc1MzQ1NDM5NzU2MzQ1NTQwIiwiZW1haWxfdmVyaWZpZWQiOiJ0cnVlIiwiYXpwIjoiMTAxMzM1MjA0NDQ5OS0wNXBiMXNzZGZ1aWhzZGZzZHNkZmRpOHIydmlrZTg4bS5hcHBzLnVzZXJjb250ZW50LmNvbSIsImlzcyI6Imh0dHBzOlwvXC9hY2NvdW50cy5pc3N1ZXIuY29tIiwiZXhwIjoxNTkwMDI2Mjc0LCJpYXQiOjE1OTAwMjI2NzQsImVtYWlsIjoicGVyc29uQG5pZmkuYXBhY2hlLm9yZyJ9.
]]></system-err>
  </testcase>
  <testcase name="testShouldConvertOIDCTokenToLoginAuthenticationToken" classname="org.apache.nifi.web.security.oidc.StandardOidcIdentityProviderGroovyTest" time="0.1">
    <system-err><![CDATA[[main] INFO org.apache.nifi.web.security.oidc.StandardOidcIdentityProviderGroovyTest - OIDC Token Response: <com.nimbusds.openid.connect.sdk.OIDCTokenResponse@26ffd2c0 tokens={"access_token":"HgWxF8uItkwMiD3dqa8iBn3ZIhw3Vt0K8Tpx53AAe6E","refresh_token":"XAHPCDoOYysZxGw-HMJBXIcUE3lfAGD_AdRaXuptoMg","id_token":"eyJhbGciOiJub25lIn0.eyJhdF9oYXNoIjoiSk9HSVNVREhGaXlHSERTRndWNUZhaDJBIiwiYXVkIjoiMTAxMzM1MjA0NDQ5OS0wNXBiMXNzZGZ1aWhzZGZzZHNkZmRpOHIydmlrZTg4bS5hcHBzLnVzZXJjb250ZW50LmNvbSIsInN1YiI6IjEwNzAzNDc1MzQ1NDM5NzU2MzQ1NTQwIiwiZW1haWxfdmVyaWZpZWQiOiJ0cnVlIiwiYXpwIjoiMTAxMzM1MjA0NDQ5OS0wNXBiMXNzZGZ1aWhzZGZzZHNkZmRpOHIydmlrZTg4bS5hcHBzLnVzZXJjb250ZW50LmNvbSIsImlzcyI6Imh0dHBzOlwvXC9hY2NvdW50cy5pc3N1ZXIuY29tIiwiZXhwIjoxNTkwMDI2Mjc0LCJpYXQiOjE1OTAwMjI2NzQsImVtYWlsIjoicGVyc29uQG5pZmkuYXBhY2hlLm9yZyJ9.","token_type":"Bearer"} tokens={"access_token":"HgWxF8uItkwMiD3dqa8iBn3ZIhw3Vt0K8Tpx53AAe6E","refresh_token":"XAHPCDoOYysZxGw-HMJBXIcUE3lfAGD_AdRaXuptoMg","id_token":"eyJhbGciOiJub25lIn0.eyJhdF9oYXNoIjoiSk9HSVNVREhGaXlHSERTRndWNUZhaDJBIiwiYXVkIjoiMTAxMzM1MjA0NDQ5OS0wNXBiMXNzZGZ1aWhzZGZzZHNkZmRpOHIydmlrZTg4bS5hcHBzLnVzZXJjb250ZW50LmNvbSIsInN1YiI6IjEwNzAzNDc1MzQ1NDM5NzU2MzQ1NTQwIiwiZW1haWxfdmVyaWZpZWQiOiJ0cnVlIiwiYXpwIjoiMTAxMzM1MjA0NDQ5OS0wNXBiMXNzZGZ1aWhzZGZzZHNkZmRpOHIydmlrZTg4bS5hcHBzLnVzZXJjb250ZW50LmNvbSIsImlzcyI6Imh0dHBzOlwvXC9hY2NvdW50cy5pc3N1ZXIuY29tIiwiZXhwIjoxNTkwMDI2Mjc0LCJpYXQiOjE1OTAwMjI2NzQsImVtYWlsIjoicGVyc29uQG5pZmkuYXBhY2hlLm9yZyJ9.","token_type":"Bearer"} customParams=null>
[main] WARN org.apache.nifi.web.security.oidc.StandardOidcIdentityProvider - Failed to obtain the identity of the user with the claim 'username'. The available claims on the OIDC response are: [at_hash, aud, azp, email, email_verified, exp, iat, iss, sub]. Will attempt to obtain the identity from secondary sources
[main] INFO org.apache.nifi.web.security.oidc.StandardOidcIdentityProvider - The 'email' claim was present. Using that claim to avoid extra remote call
[main] INFO org.apache.nifi.web.security.oidc.StandardOidcIdentityProviderGroovyTest - Login Authentication token: LoginAuthenticationToken for person@nifi.apache.org issued by https://accounts.issuer.com expiring at 2020-05-21T01:57:54Z [1590026274000 ms, -124583466196 ms remaining]
[main] INFO org.apache.nifi.web.security.oidc.StandardOidcIdentityProviderGroovyTest - Token contents: LoginAuthenticationToken for person@nifi.apache.org issued by https://accounts.issuer.com expiring at 2020-05-21T01:57:54Z  | Expiration: 1590026274000 ms, -124583466196 ms remaining
]]></system-err>
  </testcase>
  <testcase name="testShouldGetAccessTokenString" classname="org.apache.nifi.web.security.oidc.StandardOidcIdentityProviderGroovyTest" time="0.013">
    <system-err><![CDATA[[main] INFO org.apache.nifi.web.security.oidc.StandardOidcIdentityProviderGroovyTest - Expected at_hash: k0Bs672v3RAj5d9lnfRIUA
[main] INFO org.apache.nifi.web.security.oidc.StandardOidcIdentityProviderGroovyTest - Access token: y9GDaeFnkbdvFY2HAO_enQTZ9T34vi8in_0B31WPzME
]]></system-err>
  </testcase>
  <testcase name="testConvertOIDCTokenToLoginAuthenticationTokenShouldHandleBlankIdentity" classname="org.apache.nifi.web.security.oidc.StandardOidcIdentityProviderGroovyTest" time="0.003">
    <system-err><![CDATA[[main] INFO org.apache.nifi.web.security.oidc.StandardOidcIdentityProviderGroovyTest - OIDC Token Response: <com.nimbusds.openid.connect.sdk.OIDCTokenResponse@3f06ebe0 tokens={"access_token":"v5r-U4QG6NjlAJ3RMcproGHCmXjwzGaXUzSDV6xdfbE","refresh_token":"-wnpZ77hP6CDBS1MRrZW9JrX2GziRVDyGsb5ZEBUeBw","id_token":"eyJhbGciOiJub25lIn0.eyJhdF9oYXNoIjoiSk9HSVNVREhGaXlHSERTRndWNUZhaDJBIiwiYXVkIjoiMTAxMzM1MjA0NDQ5OS0wNXBiMXNzZGZ1aWhzZGZzZHNkZmRpOHIydmlrZTg4bS5hcHBzLnVzZXJjb250ZW50LmNvbSIsInN1YiI6IjEwNzAzNDc1MzQ1NDM5NzU2MzQ1NTQwIiwiZW1haWxfdmVyaWZpZWQiOiJ0cnVlIiwiYXpwIjoiMTAxMzM1MjA0NDQ5OS0wNXBiMXNzZGZ1aWhzZGZzZHNkZmRpOHIydmlrZTg4bS5hcHBzLnVzZXJjb250ZW50LmNvbSIsImlzcyI6Imh0dHBzOlwvXC9hY2NvdW50cy5pc3N1ZXIuY29tIiwiZXhwIjoxNTkwMDI2Mjc0LCJpYXQiOjE1OTAwMjI2NzQsImVtYWlsIjoicGVyc29uQG5pZmkuYXBhY2hlLm9yZyJ9.","token_type":"Bearer"} tokens={"access_token":"v5r-U4QG6NjlAJ3RMcproGHCmXjwzGaXUzSDV6xdfbE","refresh_token":"-wnpZ77hP6CDBS1MRrZW9JrX2GziRVDyGsb5ZEBUeBw","id_token":"eyJhbGciOiJub25lIn0.eyJhdF9oYXNoIjoiSk9HSVNVREhGaXlHSERTRndWNUZhaDJBIiwiYXVkIjoiMTAxMzM1MjA0NDQ5OS0wNXBiMXNzZGZ1aWhzZGZzZHNkZmRpOHIydmlrZTg4bS5hcHBzLnVzZXJjb250ZW50LmNvbSIsInN1YiI6IjEwNzAzNDc1MzQ1NDM5NzU2MzQ1NTQwIiwiZW1haWxfdmVyaWZpZWQiOiJ0cnVlIiwiYXpwIjoiMTAxMzM1MjA0NDQ5OS0wNXBiMXNzZGZ1aWhzZGZzZHNkZmRpOHIydmlrZTg4bS5hcHBzLnVzZXJjb250ZW50LmNvbSIsImlzcyI6Imh0dHBzOlwvXC9hY2NvdW50cy5pc3N1ZXIuY29tIiwiZXhwIjoxNTkwMDI2Mjc0LCJpYXQiOjE1OTAwMjI2NzQsImVtYWlsIjoicGVyc29uQG5pZmkuYXBhY2hlLm9yZyJ9.","token_type":"Bearer"} customParams=null>
[main] WARN org.apache.nifi.web.security.oidc.StandardOidcIdentityProvider - Failed to obtain the identity of the user with the claim 'username'. The available claims on the OIDC response are: [at_hash, aud, azp, email, email_verified, exp, iat, iss, sub]. Will attempt to obtain the identity from secondary sources
[main] INFO org.apache.nifi.web.security.oidc.StandardOidcIdentityProvider - The 'email' claim was present. Using that claim to avoid extra remote call
[main] INFO org.apache.nifi.web.security.oidc.StandardOidcIdentityProviderGroovyTest - Login Authentication token: LoginAuthenticationToken for person@nifi.apache.org issued by https://accounts.issuer.com expiring at 2020-05-21T01:57:54Z [1590026274000 ms, -124583466253 ms remaining]
[main] INFO org.apache.nifi.web.security.oidc.StandardOidcIdentityProviderGroovyTest - Token contents: LoginAuthenticationToken for person@nifi.apache.org issued by https://accounts.issuer.com expiring at 2020-05-21T01:57:54Z  | Expiration: 1590026274000 ms, -124583466253 ms remaining
[main] INFO org.apache.nifi.web.security.oidc.StandardOidcIdentityProviderGroovyTest - exp: 1590026274000 ms
]]></system-err>
  </testcase>
  <testcase name="testAuthorizeClientRequestShouldHandleError" classname="org.apache.nifi.web.security.oidc.StandardOidcIdentityProviderGroovyTest" time="0.049">
    <system-err><![CDATA[[main] INFO org.apache.nifi.web.security.oidc.StandardOidcIdentityProviderGroovyTest - [EXPECTED] An error occurred while invoking the Token endpoint: null
]]></system-err>
  </testcase>
  <testcase name="testShouldGetAvailableClaims" classname="org.apache.nifi.web.security.oidc.StandardOidcIdentityProviderGroovyTest" time="0.012">
    <system-err><![CDATA[[main] INFO org.apache.nifi.web.security.oidc.StandardOidcIdentityProviderGroovyTest - Defined claims: [at_hash, aud, azp, email, email_verified, exp, iat, iss, sub]
]]></system-err>
  </testcase>
  <testcase name="testShouldCreateClientAuthenticationFromBasic" classname="org.apache.nifi.web.security.oidc.StandardOidcIdentityProviderGroovyTest" time="0.012">
    <system-err><![CDATA[[main] INFO org.apache.nifi.web.security.oidc.StandardOidcIdentityProviderGroovyTest - Provided Auth Method: [client_secret_basic]
[main] INFO org.apache.nifi.web.security.oidc.StandardOidcIdentityProviderGroovyTest - Client authentication properties: [class:class com.nimbusds.oauth2.sdk.auth.ClientSecretBasic, clientSecret:com.nimbusds.oauth2.sdk.auth.Secret@5be01d9e, clientID:expected_client_id, method:client_secret_basic]
[main] INFO org.apache.nifi.web.security.oidc.StandardOidcIdentityProviderGroovyTest - Client secret: expected_client_secret
]]></system-err>
  </testcase>
  <testcase name="testShouldCreateClientAuthenticationFromPost" classname="org.apache.nifi.web.security.oidc.StandardOidcIdentityProviderGroovyTest" time="0.003">
    <system-err><![CDATA[[main] INFO org.apache.nifi.web.security.oidc.StandardOidcIdentityProviderGroovyTest - Provided Auth Method: [client_secret_post]
[main] INFO org.apache.nifi.web.security.oidc.StandardOidcIdentityProviderGroovyTest - Client Auth properties: [class:class com.nimbusds.oauth2.sdk.auth.ClientSecretPost, clientSecret:com.nimbusds.oauth2.sdk.auth.Secret@5be01d9e, clientID:expected_client_id, method:client_secret_post]
[main] INFO org.apache.nifi.web.security.oidc.StandardOidcIdentityProviderGroovyTest - Client secret: expected_client_secret
]]></system-err>
  </testcase>
  <testcase name="testShouldGetIdTokenString" classname="org.apache.nifi.web.security.oidc.StandardOidcIdentityProviderGroovyTest" time="0.012">
    <system-err><![CDATA[[main] INFO org.apache.nifi.web.security.oidc.StandardOidcIdentityProviderGroovyTest - EXPECTED_ID_TOKEN: eyJhbGciOiJub25lIn0.eyJhdF9oYXNoIjoiSk9HSVNVREhGaXlHSERTRndWNUZhaDJBIiwiYXVkIjoiMTAxMzM1MjA0NDQ5OS0wNXBiMXNzZGZ1aWhzZGZzZHNkZmRpOHIydmlrZTg4bS5hcHBzLnVzZXJjb250ZW50LmNvbSIsInN1YiI6IjEwNzAzNDc1MzQ1NDM5NzU2MzQ1NTQwIiwiZW1haWxfdmVyaWZpZWQiOiJ0cnVlIiwiYXpwIjoiMTAxMzM1MjA0NDQ5OS0wNXBiMXNzZGZ1aWhzZGZzZHNkZmRpOHIydmlrZTg4bS5hcHBzLnVzZXJjb250ZW50LmNvbSIsImlzcyI6Imh0dHBzOlwvXC9hY2NvdW50cy5pc3N1ZXIuY29tIiwiZXhwIjoxNTkwMDI2Mjc0LCJpYXQiOjE1OTAwMjI2NzQsImVtYWlsIjoicGVyc29uQG5pZmkuYXBhY2hlLm9yZyJ9.
[main] INFO org.apache.nifi.web.security.oidc.StandardOidcIdentityProviderGroovyTest - ID Token: eyJhbGciOiJub25lIn0.eyJhdF9oYXNoIjoiSk9HSVNVREhGaXlHSERTRndWNUZhaDJBIiwiYXVkIjoiMTAxMzM1MjA0NDQ5OS0wNXBiMXNzZGZ1aWhzZGZzZHNkZmRpOHIydmlrZTg4bS5hcHBzLnVzZXJjb250ZW50LmNvbSIsInN1YiI6IjEwNzAzNDc1MzQ1NDM5NzU2MzQ1NTQwIiwiZW1haWxfdmVyaWZpZWQiOiJ0cnVlIiwiYXpwIjoiMTAxMzM1MjA0NDQ5OS0wNXBiMXNzZGZ1aWhzZGZzZHNkZmRpOHIydmlrZTg4bS5hcHBzLnVzZXJjb250ZW50LmNvbSIsImlzcyI6Imh0dHBzOlwvXC9hY2NvdW50cy5pc3N1ZXIuY29tIiwiZXhwIjoxNTkwMDI2Mjc0LCJpYXQiOjE1OTAwMjI2NzQsImVtYWlsIjoicGVyc29uQG5pZmkuYXBhY2hlLm9yZyJ9.
[main] INFO org.apache.nifi.web.security.oidc.StandardOidcIdentityProviderGroovyTest - {"at_hash":"JOGISUDHFiyGHDSFwV5Fah2A","aud":"1013352044499-05pb1ssdfuihsdfsdsdfdi8r2vike88m.apps.usercontent.com","sub":"10703475345439756345540","email_verified":"true","azp":"1013352044499-05pb1ssdfuihsdfsdsdfdi8r2vike88m.apps.usercontent.com","iss":"https:\/\/accounts.issuer.com","exp":1590026274,"iat":1590022674,"email":"person@nifi.apache.org"}
]]></system-err>
  </testcase>
  <testcase name="testShouldLookupIdentityInUserInfo" classname="org.apache.nifi.web.security.oidc.StandardOidcIdentityProviderGroovyTest" time="0.004">
    <system-err><![CDATA[[main] INFO org.apache.nifi.web.security.oidc.StandardOidcIdentityProviderGroovyTest - Identity: my_username
]]></system-err>
  </testcase>
  <testcase name="testShouldValidateAccessToken" classname="org.apache.nifi.web.security.oidc.StandardOidcIdentityProviderGroovyTest" time="0.002">
    <system-err><![CDATA[[main] INFO org.apache.nifi.web.security.oidc.StandardOidcIdentityProviderGroovyTest - mock access token: KfEnUYl4q4-qd_4KJOZi7g-ZJemLJd0tBR-I8eUD5Io
[main] INFO org.apache.nifi.web.security.oidc.StandardOidcIdentityProviderGroovyTest - Expected at_hash: 5JzfZK190xwSLyrtNaTstw
[main] INFO org.apache.nifi.web.security.oidc.StandardOidcIdentityProviderGroovyTest - mock id tokens: [JWTClaimsSet:{"at_hash":"5JzfZK190xwSLyrtNaTstw","aud":"1013352044499-05pb1ssdfuihsdfsdsdfdi8r2vike88m.apps.usercontent.com","sub":"10703475345439756345540","email_verified":"true","azp":"1013352044499-05pb1ssdfuihsdfsdsdfdi8r2vike88m.apps.usercontent.com","iss":"https:\/\/accounts.issuer.com","exp":1590026274,"iat":1590022674,"email":"person@nifi.apache.org"}, class:class com.nimbusds.jwt.PlainJWT, header:{"alg":"none"}, parsedParts:null, parsedString:null, payload:{"at_hash":"5JzfZK190xwSLyrtNaTstw","aud":"1013352044499-05pb1ssdfuihsdfsdsdfdi8r2vike88m.apps.usercontent.com","sub":"10703475345439756345540","email_verified":"true","azp":"1013352044499-05pb1ssdfuihsdfsdsdfdi8r2vike88m.apps.usercontent.com","iss":"https:\/\/accounts.issuer.com","exp":1590026274,"iat":1590022674,"email":"person@nifi.apache.org"}]
[main] INFO org.apache.nifi.web.security.oidc.StandardOidcIdentityProviderGroovyTest - Access Token: null
]]></system-err>
  </testcase>
  <testcase name="testShouldValidateIdToken" classname="org.apache.nifi.web.security.oidc.StandardOidcIdentityProviderGroovyTest" time="0.002">
    <system-err><![CDATA[[main] INFO org.apache.nifi.web.security.oidc.StandardOidcIdentityProviderGroovyTest - ID Token Claims Set: {"at_hash":"JOGISUDHFiyGHDSFwV5Fah2A","aud":"1013352044499-05pb1ssdfuihsdfsdsdfdi8r2vike88m.apps.usercontent.com","sub":"10703475345439756345540","email_verified":"true","azp":"1013352044499-05pb1ssdfuihsdfsdsdfdi8r2vike88m.apps.usercontent.com","iss":"https:\/\/accounts.issuer.com","exp":1590026274,"iat":1590022674,"email":"person@nifi.apache.org"}
]]></system-err>
  </testcase>
  <testcase name="testValidateAccessTokenShouldHandleMismatchedATHash" classname="org.apache.nifi.web.security.oidc.StandardOidcIdentityProviderGroovyTest" time="0.003">
    <system-err><![CDATA[[main] INFO org.apache.nifi.web.security.oidc.StandardOidcIdentityProviderGroovyTest - Expected at_hash: vdPHnLqmxjgNG4_1I-VHpA
[main] INFO org.apache.nifi.web.security.oidc.StandardOidcIdentityProviderGroovyTest - [EXPECTED] Unable to validate the Access Token: Access token hash (at_hash) mismatch
]]></system-err>
  </testcase>
  <testcase name="testConvertOIDCTokenToLoginAuthenticationTokenShouldHandleNoEmailClaimHasFallbackClaims" classname="org.apache.nifi.web.security.oidc.StandardOidcIdentityProviderGroovyTest" time="0.002">
    <system-err><![CDATA[[main] INFO org.apache.nifi.web.security.oidc.StandardOidcIdentityProviderGroovyTest - OIDC Token Response with no email and upn: <com.nimbusds.openid.connect.sdk.OIDCTokenResponse@69d2e517 tokens={"access_token":"If8fywxxLo-dYmgqKWBICce1pBUjmrIWcF9XcIAKJpw","refresh_token":"iZ2ka6F7Nyvz0AqzgGvIzX6-CuXNZR2OC2CMXvLyEFE","id_token":"eyJhbGciOiJub25lIn0.eyJhdF9oYXNoIjoiSk9HSVNVREhGaXlHSERTRndWNUZhaDJBIiwiYXVkIjoiMTAxMzM1MjA0NDQ5OS0wNXBiMXNzZGZ1aWhzZGZzZHNkZmRpOHIydmlrZTg4bS5hcHBzLnVzZXJjb250ZW50LmNvbSIsInN1YiI6IjEwNzAzNDc1MzQ1NDM5NzU2MzQ1NTQwIiwidXBuIjoieHh4QGFhZGRvbWFpbiIsImVtYWlsX3ZlcmlmaWVkIjoidHJ1ZSIsImF6cCI6IjEwMTMzNTIwNDQ0OTktMDVwYjFzc2RmdWloc2Rmc2RzZGZkaThyMnZpa2U4OG0uYXBwcy51c2VyY29udGVudC5jb20iLCJpc3MiOiJodHRwczpcL1wvYWNjb3VudHMuaXNzdWVyLmNvbSIsImV4cCI6MTU5MDAyNjI3NCwiaWF0IjoxNTkwMDIyNjc0fQ.","token_type":"Bearer"} tokens={"access_token":"If8fywxxLo-dYmgqKWBICce1pBUjmrIWcF9XcIAKJpw","refresh_token":"iZ2ka6F7Nyvz0AqzgGvIzX6-CuXNZR2OC2CMXvLyEFE","id_token":"eyJhbGciOiJub25lIn0.eyJhdF9oYXNoIjoiSk9HSVNVREhGaXlHSERTRndWNUZhaDJBIiwiYXVkIjoiMTAxMzM1MjA0NDQ5OS0wNXBiMXNzZGZ1aWhzZGZzZHNkZmRpOHIydmlrZTg4bS5hcHBzLnVzZXJjb250ZW50LmNvbSIsInN1YiI6IjEwNzAzNDc1MzQ1NDM5NzU2MzQ1NTQwIiwidXBuIjoieHh4QGFhZGRvbWFpbiIsImVtYWlsX3ZlcmlmaWVkIjoidHJ1ZSIsImF6cCI6IjEwMTMzNTIwNDQ0OTktMDVwYjFzc2RmdWloc2Rmc2RzZGZkaThyMnZpa2U4OG0uYXBwcy51c2VyY29udGVudC5jb20iLCJpc3MiOiJodHRwczpcL1wvYWNjb3VudHMuaXNzdWVyLmNvbSIsImV4cCI6MTU5MDAyNjI3NCwiaWF0IjoxNTkwMDIyNjc0fQ.","token_type":"Bearer"} customParams=null>
[main] WARN org.apache.nifi.web.security.oidc.StandardOidcIdentityProvider - Failed to obtain the identity of the user with the claim 'email'. The available claims on the OIDC response are: [at_hash, aud, azp, email_verified, exp, iat, iss, sub, upn]. Will attempt to obtain the identity from secondary sources
[main] INFO org.apache.nifi.web.security.oidc.StandardOidcIdentityProviderGroovyTest - NiFi token create with upn: LoginAuthenticationToken for xxx@aaddomain issued by https://accounts.issuer.com expiring at 2020-05-21T01:57:54Z [1590026274000 ms, -124583466357 ms remaining]
[main] INFO org.apache.nifi.web.security.oidc.StandardOidcIdentityProviderGroovyTest - Token contents: LoginAuthenticationToken for xxx@aaddomain issued by https://accounts.issuer.com expiring at 2020-05-21T01:57:54Z  | Expiration: 1590026274000 ms, -124583466357 ms remaining
]]></system-err>
  </testcase>
  <testcase name="testLookupIdentityUserInfoShouldHandleMissingIdentity" classname="org.apache.nifi.web.security.oidc.StandardOidcIdentityProviderGroovyTest" time="0.002">
    <system-err><![CDATA[[main] INFO org.apache.nifi.web.security.oidc.StandardOidcIdentityProviderGroovyTest - [EXPECTED] Unable to extract identity from the UserInfo token using the claim 'username'.
]]></system-err>
  </testcase>
  <testcase name="testConvertOIDCTokenToLoginAuthNTokenShouldHandleBlankIdentityAndNoEmailClaim" classname="org.apache.nifi.web.security.oidc.StandardOidcIdentityProviderGroovyTest" time="0.051">
    <system-err><![CDATA[[main] INFO org.apache.nifi.web.security.oidc.StandardOidcIdentityProviderGroovyTest - OIDC Token Response: <com.nimbusds.openid.connect.sdk.OIDCTokenResponse@2404abe2 tokens={"access_token":"ZUU36Zw8LJ77JF0AbDAPxFPr-jjkocp1ki544Z8MenI","refresh_token":"-XgDk-r2ebQDaQ5zHiEeINps83XSRT_dfYTmSpDpoLc","id_token":"eyJhbGciOiJub25lIn0.eyJhdF9oYXNoIjoiSk9HSVNVREhGaXlHSERTRndWNUZhaDJBIiwiYXVkIjoiMTAxMzM1MjA0NDQ5OS0wNXBiMXNzZGZ1aWhzZGZzZHNkZmRpOHIydmlrZTg4bS5hcHBzLnVzZXJjb250ZW50LmNvbSIsInN1YiI6IjEwNzAzNDc1MzQ1NDM5NzU2MzQ1NTQwIiwiZW1haWxfdmVyaWZpZWQiOiJ0cnVlIiwiYXpwIjoiMTAxMzM1MjA0NDQ5OS0wNXBiMXNzZGZ1aWhzZGZzZHNkZmRpOHIydmlrZTg4bS5hcHBzLnVzZXJjb250ZW50LmNvbSIsImlzcyI6Imh0dHBzOlwvXC9hY2NvdW50cy5pc3N1ZXIuY29tIiwiZXhwIjoxNTkwMDI2Mjc0LCJpYXQiOjE1OTAwMjI2NzR9.","token_type":"Bearer"} tokens={"access_token":"ZUU36Zw8LJ77JF0AbDAPxFPr-jjkocp1ki544Z8MenI","refresh_token":"-XgDk-r2ebQDaQ5zHiEeINps83XSRT_dfYTmSpDpoLc","id_token":"eyJhbGciOiJub25lIn0.eyJhdF9oYXNoIjoiSk9HSVNVREhGaXlHSERTRndWNUZhaDJBIiwiYXVkIjoiMTAxMzM1MjA0NDQ5OS0wNXBiMXNzZGZ1aWhzZGZzZHNkZmRpOHIydmlrZTg4bS5hcHBzLnVzZXJjb250ZW50LmNvbSIsInN1YiI6IjEwNzAzNDc1MzQ1NDM5NzU2MzQ1NTQwIiwiZW1haWxfdmVyaWZpZWQiOiJ0cnVlIiwiYXpwIjoiMTAxMzM1MjA0NDQ5OS0wNXBiMXNzZGZ1aWhzZGZzZHNkZmRpOHIydmlrZTg4bS5hcHBzLnVzZXJjb250ZW50LmNvbSIsImlzcyI6Imh0dHBzOlwvXC9hY2NvdW50cy5pc3N1ZXIuY29tIiwiZXhwIjoxNTkwMDI2Mjc0LCJpYXQiOjE1OTAwMjI2NzR9.","token_type":"Bearer"} customParams=null>
[main] WARN org.apache.nifi.web.security.oidc.StandardOidcIdentityProvider - Failed to obtain the identity of the user with the claim 'username'. The available claims on the OIDC response are: [at_hash, aud, azp, email_verified, exp, iat, iss, sub]. Will attempt to obtain the identity from secondary sources
[main] INFO org.apache.nifi.web.security.oidc.StandardOidcIdentityProviderGroovyTest - [EXPECTED] Connection refused (Connection refused)
]]></system-err>
  </testcase>
  <testcase name="testShouldAuthorizeClientRequest" classname="org.apache.nifi.web.security.oidc.StandardOidcIdentityProviderGroovyTest" time="0.003">
    <system-err><![CDATA[[main] INFO org.apache.nifi.web.security.oidc.StandardOidcIdentityProviderGroovyTest - Token Response: <com.nimbusds.openid.connect.sdk.OIDCTokenResponse@504b8705 tokens={"access_token":"some.access.token","refresh_token":"some.refresh.token","id_token":"eyJhbGciOiJIUzI1NiIsInR5cCI6IkpXVCJ9.eyJzdWIiOiIxMjM0NTY3ODkwIiwibmFtZSI6Ik5pRmkgT0lEQyBVbml0IFRlc3RlciIsImlhdCI6MTUxNjIzOTAyMiwiZXhwIjoxNTE2MzM5MDIyLCJpc3MiOiJuaWZpX3VuaXRfdGVzdF9hdXRob3JpdHkiLCJhdWQiOiJhbGwiLCJ1c2VybmFtZSI6Im9pZGNfdGVzdCIsImVtYWlsIjoib2lkY190ZXN0QG5pZmkuYXBhY2hlLm9yZyJ9.b4NIl0RONKdVLOH0D1eObdwAEX8qX-ExqB8KuKSZFLw","token_type":"Bearer"} tokens={"access_token":"some.access.token","refresh_token":"some.refresh.token","id_token":"eyJhbGciOiJIUzI1NiIsInR5cCI6IkpXVCJ9.eyJzdWIiOiIxMjM0NTY3ODkwIiwibmFtZSI6Ik5pRmkgT0lEQyBVbml0IFRlc3RlciIsImlhdCI6MTUxNjIzOTAyMiwiZXhwIjoxNTE2MzM5MDIyLCJpc3MiOiJuaWZpX3VuaXRfdGVzdF9hdXRob3JpdHkiLCJhdWQiOiJhbGwiLCJ1c2VybmFtZSI6Im9pZGNfdGVzdCIsImVtYWlsIjoib2lkY190ZXN0QG5pZmkuYXBhY2hlLm9yZyJ9.b4NIl0RONKdVLOH0D1eObdwAEX8qX-ExqB8KuKSZFLw","token_type":"Bearer"} customParams=null>
]]></system-err>
  </testcase>
  <testcase name="testShouldCreateTokenHTTPRequest" classname="org.apache.nifi.web.security.oidc.StandardOidcIdentityProviderGroovyTest" time="0.017">
    <system-err><![CDATA[[main] INFO org.apache.nifi.web.security.oidc.StandardOidcIdentityProviderGroovyTest - HTTP Request: <com.nimbusds.oauth2.sdk.http.HTTPRequest@10745a02 method=POST url=https://localhost/token query=code=ABCDE&redirect_uri=https%3A%2F%2Flocalhost%2Foidc&grant_type=authorization_code fragment=null connectTimeout=0 readTimeout=0 proxy=null followRedirects=true clientX509Certificate=null clientX509CertificateSubjectDN=null clientX509CertificateRootDN=null hostnameVerifier=null sslSocketFactory=null headers=[Authorization:[Basic ZXhwZWN0ZWRfY2xpZW50X2lkOmV4cGVjdGVkX2NsaWVudF9zZWNyZXQ=], Content-Type:[application/x-www-form-urlencoded; charset=UTF-8]] clientIPAddress=null>
[main] INFO org.apache.nifi.web.security.oidc.StandardOidcIdentityProviderGroovyTest - Query: code=ABCDE&redirect_uri=https://localhost/oidc&grant_type=authorization_code
]]></system-err>
  </testcase>
  <testcase name="testLookupIdentityUserInfoShouldHandle500" classname="org.apache.nifi.web.security.oidc.StandardOidcIdentityProviderGroovyTest" time="0.004">
    <system-err><![CDATA[[main] INFO org.apache.nifi.web.security.oidc.StandardOidcIdentityProviderGroovyTest - [EXPECTED] An error occurred while invoking the UserInfo endpoint: The provided username and password were not correct
]]></system-err>
  </testcase>
</testsuite>