<?xml version="1.0" encoding="UTF-8"?>
<testsuite xmlns:xsi="http://www.w3.org/2001/XMLSchema-instance" xsi:noNamespaceSchemaLocation="https://maven.apache.org/surefire/maven-surefire-plugin/xsd/surefire-test-report-3.0.xsd" version="3.0" name="org.apache.nifi.controller.TestFlowController" time="12.431" tests="35" errors="0" skipped="0" failures="0">
  <properties>
    <property name="sun.desktop" value="gnome"/>
    <property name="awt.toolkit" value="sun.awt.X11.XToolkit"/>
    <property name="jdk.tls.rejectClientInitiatedRenegotiation" value="true"/>
    <property name="file.encoding.pkg" value="sun.io"/>
    <property name="java.specification.version" value="1.8"/>
    <property name="sun.cpu.isalist" value=""/>
    <property name="sun.jnu.encoding" value="UTF-8"/>
    <property name="java.class.path" value="/home/alex/Repositories/nifi/nifi-nar-bundles/nifi-framework-bundle/nifi-framework/nifi-framework-core/target/test-classes:/home/alex/Repositories/nifi/nifi-nar-bundles/nifi-framework-bundle/nifi-framework/nifi-framework-core/target/classes:/home/alex/Repositories/nifi/nifi-nar-bundles/nifi-framework-bundle/nifi-framework/nifi-framework-core-api/target/classes:/home/alex/Repositories/nifi/nifi-nar-bundles/nifi-framework-bundle/nifi-framework/nifi-framework-nar-utils/target/classes:/home/alex/Repositories/nifi/nifi-commons/nifi-parameter/target/classes:/home/alex/.m2/repository/org/apache/commons/commons-lang3/3.9/commons-lang3-3.9.jar:/home/alex/Repositories/nifi/nifi-nar-bundles/nifi-framework-bundle/nifi-framework/nifi-properties-loader/target/classes:/home/alex/Repositories/nifi/nifi-commons/nifi-security-utils/target/classes:/home/alex/Repositories/nifi/nifi-commons/nifi-security-utils-api/target/classes:/home/alex/.m2/repository/org/bouncycastle/bcpkix-jdk15on/1.69/bcpkix-jdk15on-1.69.jar:/home/alex/.m2/repository/org/bouncycastle/bcutil-jdk15on/1.69/bcutil-jdk15on-1.69.jar:/home/alex/.m2/repository/at/favre/lib/bcrypt/0.9.0/bcrypt-0.9.0.jar:/home/alex/.m2/repository/at/favre/lib/bytes/1.3.0/bytes-1.3.0.jar:/home/alex/.m2/repository/org/apache/commons/commons-configuration2/2.7/commons-configuration2-2.7.jar:/home/alex/Repositories/nifi/nifi-commons/nifi-sensitive-property-provider/target/classes:/home/alex/.m2/repository/software/amazon/awssdk/kms/2.17.1/kms-2.17.1.jar:/home/alex/.m2/repository/software/amazon/awssdk/aws-json-protocol/2.17.1/aws-json-protocol-2.17.1.jar:/home/alex/.m2/repository/software/amazon/awssdk/third-party-jackson-core/2.17.1/third-party-jackson-core-2.17.1.jar:/home/alex/.m2/repository/software/amazon/awssdk/json-utils/2.17.1/json-utils-2.17.1.jar:/home/alex/.m2/repository/software/amazon/awssdk/protocol-core/2.17.1/protocol-core-2.17.1.jar:/home/alex/.m2/repository/software/amazon/awssdk/sdk-core/2.17.1/sdk-core-2.17.1.jar:/home/alex/.m2/repository/software/amazon/awssdk/profiles/2.17.1/profiles-2.17.1.jar:/home/alex/.m2/repository/org/reactivestreams/reactive-streams/1.0.3/reactive-streams-1.0.3.jar:/home/alex/.m2/repository/software/amazon/awssdk/auth/2.17.1/auth-2.17.1.jar:/home/alex/.m2/repository/software/amazon/eventstream/eventstream/1.0.1/eventstream-1.0.1.jar:/home/alex/.m2/repository/software/amazon/awssdk/http-client-spi/2.17.1/http-client-spi-2.17.1.jar:/home/alex/.m2/repository/software/amazon/awssdk/regions/2.17.1/regions-2.17.1.jar:/home/alex/.m2/repository/software/amazon/awssdk/annotations/2.17.1/annotations-2.17.1.jar:/home/alex/.m2/repository/software/amazon/awssdk/utils/2.17.1/utils-2.17.1.jar:/home/alex/.m2/repository/software/amazon/awssdk/aws-core/2.17.1/aws-core-2.17.1.jar:/home/alex/.m2/repository/software/amazon/awssdk/metrics-spi/2.17.1/metrics-spi-2.17.1.jar:/home/alex/.m2/repository/software/amazon/awssdk/secretsmanager/2.17.1/secretsmanager-2.17.1.jar:/home/alex/.m2/repository/com/azure/azure-security-keyvault-secrets/4.3.3/azure-security-keyvault-secrets-4.3.3.jar:/home/alex/.m2/repository/com/azure/azure-core/1.20.0/azure-core-1.20.0.jar:/home/alex/.m2/repository/com/fasterxml/jackson/datatype/jackson-datatype-jsr310/2.12.4/jackson-datatype-jsr310-2.12.4.jar:/home/alex/.m2/repository/com/fasterxml/jackson/dataformat/jackson-dataformat-xml/2.12.4/jackson-dataformat-xml-2.12.4.jar:/home/alex/.m2/repository/io/projectreactor/reactor-core/3.4.9/reactor-core-3.4.9.jar:/home/alex/.m2/repository/com/azure/azure-security-keyvault-keys/4.3.3/azure-security-keyvault-keys-4.3.3.jar:/home/alex/.m2/repository/com/azure/azure-identity/1.3.4/azure-identity-1.3.4.jar:/home/alex/.m2/repository/com/microsoft/azure/msal4j/1.10.1/msal4j-1.10.1.jar:/home/alex/.m2/repository/com/nimbusds/oauth2-oidc-sdk/9.10.2/oauth2-oidc-sdk-9.10.2.jar:/home/alex/.m2/repository/com/github/stephenc/jcip/jcip-annotations/1.0-1/jcip-annotations-1.0-1.jar:/home/alex/.m2/repository/com/nimbusds/content-type/2.1/content-type-2.1.jar:/home/alex/.m2/repository/com/nimbusds/lang-tag/1.5/lang-tag-1.5.jar:/home/alex/.m2/repository/com/nimbusds/nimbus-jose-jwt/9.11.2/nimbus-jose-jwt-9.11.2.jar:/home/alex/.m2/repository/com/microsoft/azure/msal4j-persistence-extension/1.1.0/msal4j-persistence-extension-1.1.0.jar:/home/alex/.m2/repository/net/java/dev/jna/jna/5.5.0/jna-5.5.0.jar:/home/alex/.m2/repository/net/java/dev/jna/jna-platform/5.6.0/jna-platform-5.6.0.jar:/home/alex/.m2/repository/com/azure/azure-core-http-okhttp/1.7.1/azure-core-http-okhttp-1.7.1.jar:/home/alex/.m2/repository/com/squareup/okhttp3/okhttp/4.8.1/okhttp-4.8.1.jar:/home/alex/.m2/repository/com/squareup/okio/okio/2.7.0/okio-2.7.0.jar:/home/alex/.m2/repository/org/jetbrains/kotlin/kotlin-stdlib-common/1.3.70/kotlin-stdlib-common-1.3.70.jar:/home/alex/.m2/repository/org/jetbrains/kotlin/kotlin-stdlib/1.3.72/kotlin-stdlib-1.3.72.jar:/home/alex/.m2/repository/org/jetbrains/annotations/13.0/annotations-13.0.jar:/home/alex/.m2/repository/software/amazon/awssdk/url-connection-client/2.17.1/url-connection-client-2.17.1.jar:/home/alex/.m2/repository/com/google/cloud/google-cloud-kms/2.0.2/google-cloud-kms-2.0.2.jar:/home/alex/.m2/repository/io/grpc/grpc-api/1.40.0/grpc-api-1.40.0.jar:/home/alex/.m2/repository/io/grpc/grpc-context/1.40.0/grpc-context-1.40.0.jar:/home/alex/.m2/repository/io/grpc/grpc-stub/1.40.0/grpc-stub-1.40.0.jar:/home/alex/.m2/repository/io/grpc/grpc-protobuf/1.40.0/grpc-protobuf-1.40.0.jar:/home/alex/.m2/repository/io/grpc/grpc-protobuf-lite/1.40.0/grpc-protobuf-lite-1.40.0.jar:/home/alex/.m2/repository/com/google/api/api-common/2.0.1/api-common-2.0.1.jar:/home/alex/.m2/repository/javax/annotation/javax.annotation-api/1.3.2/javax.annotation-api-1.3.2.jar:/home/alex/.m2/repository/com/google/auto/value/auto-value-annotations/1.8.2/auto-value-annotations-1.8.2.jar:/home/alex/.m2/repository/com/google/protobuf/protobuf-java/3.17.3/protobuf-java-3.17.3.jar:/home/alex/.m2/repository/com/google/api/grpc/proto-google-common-protos/2.3.2/proto-google-common-protos-2.3.2.jar:/home/alex/.m2/repository/com/google/api/grpc/proto-google-cloud-kms-v1/0.91.2/proto-google-cloud-kms-v1-0.91.2.jar:/home/alex/.m2/repository/com/google/api/gax/2.3.0/gax-2.3.0.jar:/home/alex/.m2/repository/io/opencensus/opencensus-api/0.28.0/opencensus-api-0.28.0.jar:/home/alex/.m2/repository/com/google/api/gax-grpc/2.3.0/gax-grpc-2.3.0.jar:/home/alex/.m2/repository/com/google/auth/google-auth-library-credentials/1.1.0/google-auth-library-credentials-1.1.0.jar:/home/alex/.m2/repository/io/grpc/grpc-netty-shaded/1.40.0/grpc-netty-shaded-1.40.0.jar:/home/alex/.m2/repository/io/perfmark/perfmark-api/0.23.0/perfmark-api-0.23.0.jar:/home/alex/.m2/repository/io/grpc/grpc-core/1.40.0/grpc-core-1.40.0.jar:/home/alex/.m2/repository/com/google/android/annotations/4.1.1.4/annotations-4.1.1.4.jar:/home/alex/.m2/repository/io/grpc/grpc-alts/1.40.0/grpc-alts-1.40.0.jar:/home/alex/.m2/repository/io/grpc/grpc-grpclb/1.40.0/grpc-grpclb-1.40.0.jar:/home/alex/.m2/repository/com/google/protobuf/protobuf-java-util/3.17.3/protobuf-java-util-3.17.3.jar:/home/alex/.m2/repository/org/conscrypt/conscrypt-openjdk-uber/2.5.1/conscrypt-openjdk-uber-2.5.1.jar:/home/alex/.m2/repository/org/threeten/threetenbp/1.5.1/threetenbp-1.5.1.jar:/home/alex/.m2/repository/io/grpc/grpc-auth/1.40.0/grpc-auth-1.40.0.jar:/home/alex/.m2/repository/com/google/api/grpc/proto-google-iam-v1/1.0.14/proto-google-iam-v1-1.0.14.jar:/home/alex/.m2/repository/com/google/auth/google-auth-library-oauth2-http/1.1.0/google-auth-library-oauth2-http-1.1.0.jar:/home/alex/.m2/repository/com/google/http-client/google-http-client/1.39.2/google-http-client-1.39.2.jar:/home/alex/.m2/repository/io/opencensus/opencensus-contrib-http-util/0.28.0/opencensus-contrib-http-util-0.28.0.jar:/home/alex/.m2/repository/com/google/http-client/google-http-client-gson/1.39.2/google-http-client-gson-1.39.2.jar:/home/alex/.m2/repository/com/google/code/gson/gson/2.8.8/gson-2.8.8.jar:/home/alex/Repositories/nifi/nifi-commons/nifi-vault-utils/target/classes:/home/alex/.m2/repository/org/springframework/vault/spring-vault-core/2.3.2/spring-vault-core-2.3.2.jar:/home/alex/.m2/repository/org/springframework/spring-web/5.3.11/spring-web-5.3.11.jar:/home/alex/Repositories/nifi/nifi-api/target/classes:/home/alex/Repositories/nifi/nifi-framework-api/target/classes:/home/alex/Repositories/nifi/nifi-nar-bundles/nifi-framework-bundle/nifi-framework/nifi-nar-utils/target/classes:/home/alex/Repositories/nifi/nifi-nar-bundles/nifi-framework-bundle/nifi-framework/nifi-framework-components/target/classes:/home/alex/Repositories/nifi/nifi-commons/nifi-web-utils/target/classes:/home/alex/.m2/repository/com/fasterxml/jackson/core/jackson-annotations/2.12.3/jackson-annotations-2.12.3.jar:/home/alex/.m2/repository/org/quartz-scheduler/quartz/2.3.2/quartz-2.3.2.jar:/home/alex/.m2/repository/com/mchange/c3p0/0.9.5.4/c3p0-0.9.5.4.jar:/home/alex/.m2/repository/com/mchange/mchange-commons-java/0.2.15/mchange-commons-java-0.2.15.jar:/home/alex/.m2/repository/com/zaxxer/HikariCP-java7/2.4.13/HikariCP-java7-2.4.13.jar:/home/alex/Repositories/nifi/nifi-commons/nifi-property-encryptor/target/classes:/home/alex/Repositories/nifi/nifi-commons/nifi-expression-language/target/classes:/home/alex/.m2/repository/org/antlr/antlr-runtime/3.5.2/antlr-runtime-3.5.2.jar:/home/alex/Repositories/nifi/nifi-commons/nifi-uuid5/target/classes:/home/alex/.m2/repository/com/jayway/jsonpath/json-path/2.6.0/json-path-2.6.0.jar:/home/alex/.m2/repository/net/minidev/json-smart/2.4.7/json-smart-2.4.7.jar:/home/alex/.m2/repository/net/minidev/accessors-smart/2.4.7/accessors-smart-2.4.7.jar:/home/alex/.m2/repository/org/ow2/asm/asm/9.1/asm-9.1.jar:/home/alex/.m2/repository/com/fasterxml/jackson/core/jackson-databind/2.12.3/jackson-databind-2.12.3.jar:/home/alex/.m2/repository/org/apache/commons/commons-text/1.8/commons-text-1.8.jar:/home/alex/.m2/repository/commons-codec/commons-codec/1.14/commons-codec-1.14.jar:/home/alex/Repositories/nifi/nifi-commons/nifi-utils/target/classes:/home/alex/Repositories/nifi/nifi-commons/nifi-schema-utils/target/classes:/home/alex/Repositories/nifi/nifi-nar-bundles/nifi-framework-bundle/nifi-framework/nifi-repository-models/target/classes:/home/alex/Repositories/nifi/nifi-commons/nifi-security-kms/target/classes:/home/alex/Repositories/nifi/nifi-commons/nifi-repository-encryption/target/classes:/home/alex/Repositories/nifi/nifi-commons/nifi-properties/target/classes:/home/alex/Repositories/nifi/nifi-commons/nifi-property-utils/target/classes:/home/alex/Repositories/nifi/nifi-nar-bundles/nifi-framework-bundle/nifi-framework/nifi-site-to-site/target/classes:/home/alex/Repositories/nifi/nifi-nar-bundles/nifi-framework-bundle/nifi-framework/nifi-framework-cluster-protocol/target/classes:/home/alex/Repositories/nifi/nifi-commons/nifi-socket-utils/target/classes:/home/alex/.m2/repository/commons-net/commons-net/3.6/commons-net-3.6.jar:/home/alex/.m2/repository/com/fasterxml/jackson/module/jackson-module-jaxb-annotations/2.12.3/jackson-module-jaxb-annotations-2.12.3.jar:/home/alex/.m2/repository/jakarta/xml/bind/jakarta.xml.bind-api/2.3.2/jakarta.xml.bind-api-2.3.2.jar:/home/alex/.m2/repository/jakarta/activation/jakarta.activation-api/1.2.1/jakarta.activation-api-1.2.1.jar:/home/alex/Repositories/nifi/nifi-commons/nifi-logging-utils/target/classes:/home/alex/Repositories/nifi/nifi-nar-bundles/nifi-framework-bundle/nifi-framework/nifi-client-dto/target/classes:/home/alex/.m2/repository/io/swagger/swagger-annotations/1.6.0/swagger-annotations-1.6.0.jar:/home/alex/Repositories/nifi/nifi-commons/nifi-site-to-site-client/target/classes:/home/alex/.m2/repository/org/apache/httpcomponents/httpclient/4.5.5/httpclient-4.5.5.jar:/home/alex/.m2/repository/org/apache/httpcomponents/httpcore/4.4.9/httpcore-4.4.9.jar:/home/alex/.m2/repository/org/apache/httpcomponents/httpasyncclient/4.1.4/httpasyncclient-4.1.4.jar:/home/alex/.m2/repository/org/apache/httpcomponents/httpcore-nio/4.4.10/httpcore-nio-4.4.10.jar:/home/alex/Repositories/nifi/nifi-nar-bundles/nifi-framework-bundle/nifi-framework/nifi-framework-authorization/target/classes:/home/alex/Repositories/nifi/nifi-nar-bundles/nifi-framework-bundle/nifi-framework/nifi-administration/target/classes:/home/alex/Repositories/nifi/nifi-nar-bundles/nifi-framework-bundle/nifi-framework/nifi-user-actions/target/classes:/home/alex/.m2/repository/org/springframework/spring-aop/5.3.11/spring-aop-5.3.11.jar:/home/alex/.m2/repository/org/aspectj/aspectjweaver/1.9.6/aspectjweaver-1.9.6.jar:/home/alex/.m2/repository/org/springframework/security/spring-security-core/5.5.2/spring-security-core-5.5.2.jar:/home/alex/.m2/repository/org/springframework/security/spring-security-crypto/5.5.2/spring-security-crypto-5.5.2.jar:/home/alex/.m2/repository/org/apache/commons/commons-collections4/4.4/commons-collections4-4.4.jar:/home/alex/.m2/repository/com/h2database/h2/1.4.199/h2-1.4.199.jar:/home/alex/.m2/repository/org/bouncycastle/bcprov-jdk15on/1.69/bcprov-jdk15on-1.69.jar:/home/alex/.m2/repository/org/glassfish/jersey/core/jersey-client/2.33/jersey-client-2.33.jar:/home/alex/.m2/repository/jakarta/ws/rs/jakarta.ws.rs-api/2.1.6/jakarta.ws.rs-api-2.1.6.jar:/home/alex/.m2/repository/org/glassfish/jersey/core/jersey-common/2.33/jersey-common-2.33.jar:/home/alex/.m2/repository/jakarta/annotation/jakarta.annotation-api/1.3.5/jakarta.annotation-api-1.3.5.jar:/home/alex/.m2/repository/org/glassfish/hk2/osgi-resource-locator/1.0.3/osgi-resource-locator-1.0.3.jar:/home/alex/.m2/repository/org/glassfish/hk2/external/jakarta.inject/2.6.1/jakarta.inject-2.6.1.jar:/home/alex/.m2/repository/org/springframework/spring-core/5.3.11/spring-core-5.3.11.jar:/home/alex/.m2/repository/org/springframework/spring-jcl/5.3.11/spring-jcl-5.3.11.jar:/home/alex/.m2/repository/org/springframework/spring-beans/5.3.11/spring-beans-5.3.11.jar:/home/alex/.m2/repository/org/springframework/spring-context/5.3.11/spring-context-5.3.11.jar:/home/alex/.m2/repository/org/springframework/spring-expression/5.3.11/spring-expression-5.3.11.jar:/home/alex/.m2/repository/commons-io/commons-io/2.10.0/commons-io-2.10.0.jar:/home/alex/.m2/repository/org/apache/commons/commons-math3/3.6.1/commons-math3-3.6.1.jar:/home/alex/.m2/repository/org/questdb/core/4.2.1/core-4.2.1.jar:/home/alex/Repositories/nifi/nifi-commons/nifi-data-provenance-utils/target/classes:/home/alex/Repositories/nifi/nifi-commons/nifi-write-ahead-log/target/classes:/home/alex/Repositories/nifi/nifi-commons/nifi-rocksdb-utils/target/classes:/home/alex/.m2/repository/org/rocksdb/rocksdbjni/6.6.4/rocksdbjni-6.6.4.jar:/home/alex/Repositories/nifi/nifi-nar-bundles/nifi-framework-bundle/nifi-framework/nifi-flowfile-repo-serialization/target/classes:/home/alex/.m2/repository/org/apache/zookeeper/zookeeper/3.5.9/zookeeper-3.5.9.jar:/home/alex/.m2/repository/org/apache/zookeeper/zookeeper-jute/3.5.9/zookeeper-jute-3.5.9.jar:/home/alex/.m2/repository/org/apache/yetus/audience-annotations/0.5.0/audience-annotations-0.5.0.jar:/home/alex/.m2/repository/io/netty/netty-handler/4.1.50.Final/netty-handler-4.1.50.Final.jar:/home/alex/.m2/repository/io/netty/netty-common/4.1.50.Final/netty-common-4.1.50.Final.jar:/home/alex/.m2/repository/io/netty/netty-resolver/4.1.50.Final/netty-resolver-4.1.50.Final.jar:/home/alex/.m2/repository/io/netty/netty-buffer/4.1.50.Final/netty-buffer-4.1.50.Final.jar:/home/alex/.m2/repository/io/netty/netty-transport/4.1.50.Final/netty-transport-4.1.50.Final.jar:/home/alex/.m2/repository/io/netty/netty-codec/4.1.50.Final/netty-codec-4.1.50.Final.jar:/home/alex/.m2/repository/io/netty/netty-transport-native-epoll/4.1.50.Final/netty-transport-native-epoll-4.1.50.Final.jar:/home/alex/.m2/repository/io/netty/netty-transport-native-unix-common/4.1.50.Final/netty-transport-native-unix-common-4.1.50.Final.jar:/home/alex/.m2/repository/org/apache/curator/curator-framework/5.2.0/curator-framework-5.2.0.jar:/home/alex/.m2/repository/org/apache/curator/curator-client/5.2.0/curator-client-5.2.0.jar:/home/alex/.m2/repository/org/apache/curator/curator-recipes/5.2.0/curator-recipes-5.2.0.jar:/home/alex/Repositories/nifi/nifi-registry/nifi-registry-core/nifi-registry-data-model/target/classes:/home/alex/.m2/repository/javax/validation/validation-api/2.0.1.Final/validation-api-2.0.1.Final.jar:/home/alex/.m2/repository/javax/ws/rs/javax.ws.rs-api/2.1/javax.ws.rs-api-2.1.jar:/home/alex/Repositories/nifi/nifi-registry/nifi-registry-core/nifi-registry-revision/nifi-registry-revision-entity-model/target/classes:/home/alex/Repositories/nifi/nifi-registry/nifi-registry-core/nifi-registry-flow-diff/target/classes:/home/alex/Repositories/nifi/nifi-registry/nifi-registry-core/nifi-registry-client/target/classes:/home/alex/Repositories/nifi/nifi-registry/nifi-registry-core/nifi-registry-security-utils/target/classes:/home/alex/.m2/repository/org/glassfish/jersey/media/jersey-media-json-jackson/2.33/jersey-media-json-jackson-2.33.jar:/home/alex/.m2/repository/org/glassfish/jersey/ext/jersey-entity-filtering/2.33/jersey-entity-filtering-2.33.jar:/home/alex/.m2/repository/org/glassfish/jersey/inject/jersey-hk2/2.33/jersey-hk2-2.33.jar:/home/alex/.m2/repository/org/glassfish/hk2/hk2-locator/2.6.1/hk2-locator-2.6.1.jar:/home/alex/.m2/repository/org/glassfish/hk2/external/aopalliance-repackaged/2.6.1/aopalliance-repackaged-2.6.1.jar:/home/alex/.m2/repository/org/glassfish/hk2/hk2-api/2.6.1/hk2-api-2.6.1.jar:/home/alex/.m2/repository/org/glassfish/hk2/hk2-utils/2.6.1/hk2-utils-2.6.1.jar:/home/alex/.m2/repository/org/javassist/javassist/3.25.0-GA/javassist-3.25.0-GA.jar:/home/alex/.m2/repository/org/glassfish/jersey/media/jersey-media-multipart/2.33/jersey-media-multipart-2.33.jar:/home/alex/.m2/repository/org/jvnet/mimepull/mimepull/1.9.13/mimepull-1.9.13.jar:/home/alex/.m2/repository/com/fasterxml/jackson/core/jackson-core/2.12.3/jackson-core-2.12.3.jar:/home/alex/.m2/repository/org/apache/curator/curator-test/5.2.0/curator-test-5.2.0.jar:/home/alex/.m2/repository/io/dropwizard/metrics/metrics-core/3.2.5/metrics-core-3.2.5.jar:/home/alex/.m2/repository/org/xerial/snappy/snappy-java/1.1.7/snappy-java-1.1.7.jar:/home/alex/.m2/repository/com/google/guava/guava/28.0-jre/guava-28.0-jre.jar:/home/alex/.m2/repository/com/google/guava/failureaccess/1.0.1/failureaccess-1.0.1.jar:/home/alex/.m2/repository/com/google/guava/listenablefuture/9999.0-empty-to-avoid-conflict-with-guava/listenablefuture-9999.0-empty-to-avoid-conflict-with-guava.jar:/home/alex/.m2/repository/com/google/code/findbugs/jsr305/3.0.2/jsr305-3.0.2.jar:/home/alex/.m2/repository/com/google/j2objc/j2objc-annotations/1.3/j2objc-annotations-1.3.jar:/home/alex/.m2/repository/org/codehaus/mojo/animal-sniffer-annotations/1.17/animal-sniffer-annotations-1.17.jar:/home/alex/.m2/repository/org/testng/testng/6.8.8/testng-6.8.8.jar:/home/alex/.m2/repository/org/beanshell/bsh/2.0b4/bsh-2.0b4.jar:/home/alex/.m2/repository/com/beust/jcommander/1.27/jcommander-1.27.jar:/home/alex/Repositories/nifi/nifi-mock/target/classes:/home/alex/.m2/repository/org/spockframework/spock-core/1.3-groovy-2.5/spock-core-1.3-groovy-2.5.jar:/home/alex/.m2/repository/junit/junit/4.13.2/junit-4.13.2.jar:/home/alex/.m2/repository/org/hamcrest/hamcrest-core/1.3/hamcrest-core-1.3.jar:/home/alex/.m2/repository/cglib/cglib-nodep/3.3.0/cglib-nodep-3.3.0.jar:/home/alex/.m2/repository/org/eclipse/jgit/org.eclipse.jgit/4.3.1.201605051710-r/org.eclipse.jgit-4.3.1.201605051710-r.jar:/home/alex/.m2/repository/com/jcraft/jsch/0.1.53/jsch-0.1.53.jar:/home/alex/.m2/repository/com/googlecode/javaewah/JavaEWAH/0.7.9/JavaEWAH-0.7.9.jar:/home/alex/Repositories/nifi/nifi-nar-bundles/nifi-framework-bundle/nifi-framework/nifi-authorizer/target/classes:/home/alex/Repositories/nifi/nifi-nar-bundles/nifi-framework-bundle/nifi-framework/nifi-framework-authorization-providers/target/classes:/home/alex/Repositories/nifi/nifi-nar-bundles/nifi-framework-bundle/nifi-framework/nifi-mock-authorizer/target/classes:/home/alex/Repositories/nifi/nifi-nar-bundles/nifi-provenance-repository-bundle/nifi-persistent-provenance-repository/target/classes:/home/alex/.m2/repository/org/apache/lucene/lucene-core/8.8.2/lucene-core-8.8.2.jar:/home/alex/.m2/repository/org/apache/lucene/lucene-analyzers-common/8.8.2/lucene-analyzers-common-8.8.2.jar:/home/alex/.m2/repository/org/apache/lucene/lucene-queryparser/8.8.2/lucene-queryparser-8.8.2.jar:/home/alex/.m2/repository/org/apache/lucene/lucene-queries/8.8.2/lucene-queries-8.8.2.jar:/home/alex/.m2/repository/org/apache/lucene/lucene-sandbox/8.8.2/lucene-sandbox-8.8.2.jar:/home/alex/.m2/repository/org/apache/lucene/lucene-backward-codecs/8.8.2/lucene-backward-codecs-8.8.2.jar:/home/alex/.m2/repository/org/codehaus/groovy/groovy-dateutil/2.5.14/groovy-dateutil-2.5.14.jar:/home/alex/.m2/repository/org/codehaus/groovy/groovy/2.5.14/groovy-2.5.14.jar:/home/alex/.m2/repository/com/github/ben-manes/caffeine/caffeine/2.8.1/caffeine-2.8.1.jar:/home/alex/.m2/repository/org/checkerframework/checker-qual/3.1.0/checker-qual-3.1.0.jar:/home/alex/.m2/repository/com/google/errorprone/error_prone_annotations/2.3.4/error_prone_annotations-2.3.4.jar:/home/alex/.m2/repository/org/slf4j/slf4j-api/1.7.32/slf4j-api-1.7.32.jar:/home/alex/.m2/repository/org/junit/jupiter/junit-jupiter-api/5.7.2/junit-jupiter-api-5.7.2.jar:/home/alex/.m2/repository/org/apiguardian/apiguardian-api/1.1.0/apiguardian-api-1.1.0.jar:/home/alex/.m2/repository/org/opentest4j/opentest4j/1.2.0/opentest4j-1.2.0.jar:/home/alex/.m2/repository/org/junit/platform/junit-platform-commons/1.7.2/junit-platform-commons-1.7.2.jar:/home/alex/.m2/repository/org/junit/jupiter/junit-jupiter-engine/5.7.2/junit-jupiter-engine-5.7.2.jar:/home/alex/.m2/repository/org/junit/platform/junit-platform-engine/1.7.2/junit-platform-engine-1.7.2.jar:/home/alex/.m2/repository/org/junit/vintage/junit-vintage-engine/5.7.2/junit-vintage-engine-5.7.2.jar:/home/alex/.m2/repository/org/junit/jupiter/junit-jupiter-params/5.7.2/junit-jupiter-params-5.7.2.jar:/home/alex/.m2/repository/org/mockito/mockito-core/3.11.2/mockito-core-3.11.2.jar:/home/alex/.m2/repository/net/bytebuddy/byte-buddy/1.11.3/byte-buddy-1.11.3.jar:/home/alex/.m2/repository/net/bytebuddy/byte-buddy-agent/1.11.3/byte-buddy-agent-1.11.3.jar:/home/alex/.m2/repository/org/objenesis/objenesis/3.2/objenesis-3.2.jar:/home/alex/.m2/repository/org/mockito/mockito-junit-jupiter/3.11.2/mockito-junit-jupiter-3.11.2.jar:/home/alex/.m2/repository/org/slf4j/slf4j-simple/1.7.32/slf4j-simple-1.7.32.jar:/home/alex/.m2/repository/org/codehaus/groovy/groovy-test/2.5.14/groovy-test-2.5.14.jar:"/>
    <property name="java.vm.vendor" value="Private Build"/>
    <property name="sun.arch.data.model" value="64"/>
    <property name="java.vendor.url" value="http://java.oracle.com/"/>
    <property name="user.timezone" value="Europe/Lisbon"/>
    <property name="java.vm.specification.version" value="1.8"/>
    <property name="os.name" value="Linux"/>
    <property name="nifi.properties.file.path" value="/home/alex/Repositories/nifi/nifi-nar-bundles/nifi-framework-bundle/nifi-framework/nifi-framework-core/target/test-classes/conf/nifi.properties"/>
    <property name="user.country" value="US"/>
    <property name="sun.java.launcher" value="SUN_STANDARD"/>
    <property name="sun.boot.library.path" value="/usr/lib/jvm/java-8-openjdk-amd64/jre/lib/amd64"/>
    <property name="sun.java.command" value="/home/alex/Repositories/nifi/nifi-nar-bundles/nifi-framework-bundle/nifi-framework/nifi-framework-core/target/surefire/surefirebooter488718189616513194.jar /home/alex/Repositories/nifi/nifi-nar-bundles/nifi-framework-bundle/nifi-framework/nifi-framework-core/target/surefire 2024-05-02T01-23-45_285-jvmRun1 surefire5118370976852775814tmp surefire_442123681760591782712tmp"/>
    <property name="surefire.test.class.path" value="/home/alex/Repositories/nifi/nifi-nar-bundles/nifi-framework-bundle/nifi-framework/nifi-framework-core/target/test-classes:/home/alex/Repositories/nifi/nifi-nar-bundles/nifi-framework-bundle/nifi-framework/nifi-framework-core/target/classes:/home/alex/Repositories/nifi/nifi-nar-bundles/nifi-framework-bundle/nifi-framework/nifi-framework-core-api/target/classes:/home/alex/Repositories/nifi/nifi-nar-bundles/nifi-framework-bundle/nifi-framework/nifi-framework-nar-utils/target/classes:/home/alex/Repositories/nifi/nifi-commons/nifi-parameter/target/classes:/home/alex/.m2/repository/org/apache/commons/commons-lang3/3.9/commons-lang3-3.9.jar:/home/alex/Repositories/nifi/nifi-nar-bundles/nifi-framework-bundle/nifi-framework/nifi-properties-loader/target/classes:/home/alex/Repositories/nifi/nifi-commons/nifi-security-utils/target/classes:/home/alex/Repositories/nifi/nifi-commons/nifi-security-utils-api/target/classes:/home/alex/.m2/repository/org/bouncycastle/bcpkix-jdk15on/1.69/bcpkix-jdk15on-1.69.jar:/home/alex/.m2/repository/org/bouncycastle/bcutil-jdk15on/1.69/bcutil-jdk15on-1.69.jar:/home/alex/.m2/repository/at/favre/lib/bcrypt/0.9.0/bcrypt-0.9.0.jar:/home/alex/.m2/repository/at/favre/lib/bytes/1.3.0/bytes-1.3.0.jar:/home/alex/.m2/repository/org/apache/commons/commons-configuration2/2.7/commons-configuration2-2.7.jar:/home/alex/Repositories/nifi/nifi-commons/nifi-sensitive-property-provider/target/classes:/home/alex/.m2/repository/software/amazon/awssdk/kms/2.17.1/kms-2.17.1.jar:/home/alex/.m2/repository/software/amazon/awssdk/aws-json-protocol/2.17.1/aws-json-protocol-2.17.1.jar:/home/alex/.m2/repository/software/amazon/awssdk/third-party-jackson-core/2.17.1/third-party-jackson-core-2.17.1.jar:/home/alex/.m2/repository/software/amazon/awssdk/json-utils/2.17.1/json-utils-2.17.1.jar:/home/alex/.m2/repository/software/amazon/awssdk/protocol-core/2.17.1/protocol-core-2.17.1.jar:/home/alex/.m2/repository/software/amazon/awssdk/sdk-core/2.17.1/sdk-core-2.17.1.jar:/home/alex/.m2/repository/software/amazon/awssdk/profiles/2.17.1/profiles-2.17.1.jar:/home/alex/.m2/repository/org/reactivestreams/reactive-streams/1.0.3/reactive-streams-1.0.3.jar:/home/alex/.m2/repository/software/amazon/awssdk/auth/2.17.1/auth-2.17.1.jar:/home/alex/.m2/repository/software/amazon/eventstream/eventstream/1.0.1/eventstream-1.0.1.jar:/home/alex/.m2/repository/software/amazon/awssdk/http-client-spi/2.17.1/http-client-spi-2.17.1.jar:/home/alex/.m2/repository/software/amazon/awssdk/regions/2.17.1/regions-2.17.1.jar:/home/alex/.m2/repository/software/amazon/awssdk/annotations/2.17.1/annotations-2.17.1.jar:/home/alex/.m2/repository/software/amazon/awssdk/utils/2.17.1/utils-2.17.1.jar:/home/alex/.m2/repository/software/amazon/awssdk/aws-core/2.17.1/aws-core-2.17.1.jar:/home/alex/.m2/repository/software/amazon/awssdk/metrics-spi/2.17.1/metrics-spi-2.17.1.jar:/home/alex/.m2/repository/software/amazon/awssdk/secretsmanager/2.17.1/secretsmanager-2.17.1.jar:/home/alex/.m2/repository/com/azure/azure-security-keyvault-secrets/4.3.3/azure-security-keyvault-secrets-4.3.3.jar:/home/alex/.m2/repository/com/azure/azure-core/1.20.0/azure-core-1.20.0.jar:/home/alex/.m2/repository/com/fasterxml/jackson/datatype/jackson-datatype-jsr310/2.12.4/jackson-datatype-jsr310-2.12.4.jar:/home/alex/.m2/repository/com/fasterxml/jackson/dataformat/jackson-dataformat-xml/2.12.4/jackson-dataformat-xml-2.12.4.jar:/home/alex/.m2/repository/io/projectreactor/reactor-core/3.4.9/reactor-core-3.4.9.jar:/home/alex/.m2/repository/com/azure/azure-security-keyvault-keys/4.3.3/azure-security-keyvault-keys-4.3.3.jar:/home/alex/.m2/repository/com/azure/azure-identity/1.3.4/azure-identity-1.3.4.jar:/home/alex/.m2/repository/com/microsoft/azure/msal4j/1.10.1/msal4j-1.10.1.jar:/home/alex/.m2/repository/com/nimbusds/oauth2-oidc-sdk/9.10.2/oauth2-oidc-sdk-9.10.2.jar:/home/alex/.m2/repository/com/github/stephenc/jcip/jcip-annotations/1.0-1/jcip-annotations-1.0-1.jar:/home/alex/.m2/repository/com/nimbusds/content-type/2.1/content-type-2.1.jar:/home/alex/.m2/repository/com/nimbusds/lang-tag/1.5/lang-tag-1.5.jar:/home/alex/.m2/repository/com/nimbusds/nimbus-jose-jwt/9.11.2/nimbus-jose-jwt-9.11.2.jar:/home/alex/.m2/repository/com/microsoft/azure/msal4j-persistence-extension/1.1.0/msal4j-persistence-extension-1.1.0.jar:/home/alex/.m2/repository/net/java/dev/jna/jna/5.5.0/jna-5.5.0.jar:/home/alex/.m2/repository/net/java/dev/jna/jna-platform/5.6.0/jna-platform-5.6.0.jar:/home/alex/.m2/repository/com/azure/azure-core-http-okhttp/1.7.1/azure-core-http-okhttp-1.7.1.jar:/home/alex/.m2/repository/com/squareup/okhttp3/okhttp/4.8.1/okhttp-4.8.1.jar:/home/alex/.m2/repository/com/squareup/okio/okio/2.7.0/okio-2.7.0.jar:/home/alex/.m2/repository/org/jetbrains/kotlin/kotlin-stdlib-common/1.3.70/kotlin-stdlib-common-1.3.70.jar:/home/alex/.m2/repository/org/jetbrains/kotlin/kotlin-stdlib/1.3.72/kotlin-stdlib-1.3.72.jar:/home/alex/.m2/repository/org/jetbrains/annotations/13.0/annotations-13.0.jar:/home/alex/.m2/repository/software/amazon/awssdk/url-connection-client/2.17.1/url-connection-client-2.17.1.jar:/home/alex/.m2/repository/com/google/cloud/google-cloud-kms/2.0.2/google-cloud-kms-2.0.2.jar:/home/alex/.m2/repository/io/grpc/grpc-api/1.40.0/grpc-api-1.40.0.jar:/home/alex/.m2/repository/io/grpc/grpc-context/1.40.0/grpc-context-1.40.0.jar:/home/alex/.m2/repository/io/grpc/grpc-stub/1.40.0/grpc-stub-1.40.0.jar:/home/alex/.m2/repository/io/grpc/grpc-protobuf/1.40.0/grpc-protobuf-1.40.0.jar:/home/alex/.m2/repository/io/grpc/grpc-protobuf-lite/1.40.0/grpc-protobuf-lite-1.40.0.jar:/home/alex/.m2/repository/com/google/api/api-common/2.0.1/api-common-2.0.1.jar:/home/alex/.m2/repository/javax/annotation/javax.annotation-api/1.3.2/javax.annotation-api-1.3.2.jar:/home/alex/.m2/repository/com/google/auto/value/auto-value-annotations/1.8.2/auto-value-annotations-1.8.2.jar:/home/alex/.m2/repository/com/google/protobuf/protobuf-java/3.17.3/protobuf-java-3.17.3.jar:/home/alex/.m2/repository/com/google/api/grpc/proto-google-common-protos/2.3.2/proto-google-common-protos-2.3.2.jar:/home/alex/.m2/repository/com/google/api/grpc/proto-google-cloud-kms-v1/0.91.2/proto-google-cloud-kms-v1-0.91.2.jar:/home/alex/.m2/repository/com/google/api/gax/2.3.0/gax-2.3.0.jar:/home/alex/.m2/repository/io/opencensus/opencensus-api/0.28.0/opencensus-api-0.28.0.jar:/home/alex/.m2/repository/com/google/api/gax-grpc/2.3.0/gax-grpc-2.3.0.jar:/home/alex/.m2/repository/com/google/auth/google-auth-library-credentials/1.1.0/google-auth-library-credentials-1.1.0.jar:/home/alex/.m2/repository/io/grpc/grpc-netty-shaded/1.40.0/grpc-netty-shaded-1.40.0.jar:/home/alex/.m2/repository/io/perfmark/perfmark-api/0.23.0/perfmark-api-0.23.0.jar:/home/alex/.m2/repository/io/grpc/grpc-core/1.40.0/grpc-core-1.40.0.jar:/home/alex/.m2/repository/com/google/android/annotations/4.1.1.4/annotations-4.1.1.4.jar:/home/alex/.m2/repository/io/grpc/grpc-alts/1.40.0/grpc-alts-1.40.0.jar:/home/alex/.m2/repository/io/grpc/grpc-grpclb/1.40.0/grpc-grpclb-1.40.0.jar:/home/alex/.m2/repository/com/google/protobuf/protobuf-java-util/3.17.3/protobuf-java-util-3.17.3.jar:/home/alex/.m2/repository/org/conscrypt/conscrypt-openjdk-uber/2.5.1/conscrypt-openjdk-uber-2.5.1.jar:/home/alex/.m2/repository/org/threeten/threetenbp/1.5.1/threetenbp-1.5.1.jar:/home/alex/.m2/repository/io/grpc/grpc-auth/1.40.0/grpc-auth-1.40.0.jar:/home/alex/.m2/repository/com/google/api/grpc/proto-google-iam-v1/1.0.14/proto-google-iam-v1-1.0.14.jar:/home/alex/.m2/repository/com/google/auth/google-auth-library-oauth2-http/1.1.0/google-auth-library-oauth2-http-1.1.0.jar:/home/alex/.m2/repository/com/google/http-client/google-http-client/1.39.2/google-http-client-1.39.2.jar:/home/alex/.m2/repository/io/opencensus/opencensus-contrib-http-util/0.28.0/opencensus-contrib-http-util-0.28.0.jar:/home/alex/.m2/repository/com/google/http-client/google-http-client-gson/1.39.2/google-http-client-gson-1.39.2.jar:/home/alex/.m2/repository/com/google/code/gson/gson/2.8.8/gson-2.8.8.jar:/home/alex/Repositories/nifi/nifi-commons/nifi-vault-utils/target/classes:/home/alex/.m2/repository/org/springframework/vault/spring-vault-core/2.3.2/spring-vault-core-2.3.2.jar:/home/alex/.m2/repository/org/springframework/spring-web/5.3.11/spring-web-5.3.11.jar:/home/alex/Repositories/nifi/nifi-api/target/classes:/home/alex/Repositories/nifi/nifi-framework-api/target/classes:/home/alex/Repositories/nifi/nifi-nar-bundles/nifi-framework-bundle/nifi-framework/nifi-nar-utils/target/classes:/home/alex/Repositories/nifi/nifi-nar-bundles/nifi-framework-bundle/nifi-framework/nifi-framework-components/target/classes:/home/alex/Repositories/nifi/nifi-commons/nifi-web-utils/target/classes:/home/alex/.m2/repository/com/fasterxml/jackson/core/jackson-annotations/2.12.3/jackson-annotations-2.12.3.jar:/home/alex/.m2/repository/org/quartz-scheduler/quartz/2.3.2/quartz-2.3.2.jar:/home/alex/.m2/repository/com/mchange/c3p0/0.9.5.4/c3p0-0.9.5.4.jar:/home/alex/.m2/repository/com/mchange/mchange-commons-java/0.2.15/mchange-commons-java-0.2.15.jar:/home/alex/.m2/repository/com/zaxxer/HikariCP-java7/2.4.13/HikariCP-java7-2.4.13.jar:/home/alex/Repositories/nifi/nifi-commons/nifi-property-encryptor/target/classes:/home/alex/Repositories/nifi/nifi-commons/nifi-expression-language/target/classes:/home/alex/.m2/repository/org/antlr/antlr-runtime/3.5.2/antlr-runtime-3.5.2.jar:/home/alex/Repositories/nifi/nifi-commons/nifi-uuid5/target/classes:/home/alex/.m2/repository/com/jayway/jsonpath/json-path/2.6.0/json-path-2.6.0.jar:/home/alex/.m2/repository/net/minidev/json-smart/2.4.7/json-smart-2.4.7.jar:/home/alex/.m2/repository/net/minidev/accessors-smart/2.4.7/accessors-smart-2.4.7.jar:/home/alex/.m2/repository/org/ow2/asm/asm/9.1/asm-9.1.jar:/home/alex/.m2/repository/com/fasterxml/jackson/core/jackson-databind/2.12.3/jackson-databind-2.12.3.jar:/home/alex/.m2/repository/org/apache/commons/commons-text/1.8/commons-text-1.8.jar:/home/alex/.m2/repository/commons-codec/commons-codec/1.14/commons-codec-1.14.jar:/home/alex/Repositories/nifi/nifi-commons/nifi-utils/target/classes:/home/alex/Repositories/nifi/nifi-commons/nifi-schema-utils/target/classes:/home/alex/Repositories/nifi/nifi-nar-bundles/nifi-framework-bundle/nifi-framework/nifi-repository-models/target/classes:/home/alex/Repositories/nifi/nifi-commons/nifi-security-kms/target/classes:/home/alex/Repositories/nifi/nifi-commons/nifi-repository-encryption/target/classes:/home/alex/Repositories/nifi/nifi-commons/nifi-properties/target/classes:/home/alex/Repositories/nifi/nifi-commons/nifi-property-utils/target/classes:/home/alex/Repositories/nifi/nifi-nar-bundles/nifi-framework-bundle/nifi-framework/nifi-site-to-site/target/classes:/home/alex/Repositories/nifi/nifi-nar-bundles/nifi-framework-bundle/nifi-framework/nifi-framework-cluster-protocol/target/classes:/home/alex/Repositories/nifi/nifi-commons/nifi-socket-utils/target/classes:/home/alex/.m2/repository/commons-net/commons-net/3.6/commons-net-3.6.jar:/home/alex/.m2/repository/com/fasterxml/jackson/module/jackson-module-jaxb-annotations/2.12.3/jackson-module-jaxb-annotations-2.12.3.jar:/home/alex/.m2/repository/jakarta/xml/bind/jakarta.xml.bind-api/2.3.2/jakarta.xml.bind-api-2.3.2.jar:/home/alex/.m2/repository/jakarta/activation/jakarta.activation-api/1.2.1/jakarta.activation-api-1.2.1.jar:/home/alex/Repositories/nifi/nifi-commons/nifi-logging-utils/target/classes:/home/alex/Repositories/nifi/nifi-nar-bundles/nifi-framework-bundle/nifi-framework/nifi-client-dto/target/classes:/home/alex/.m2/repository/io/swagger/swagger-annotations/1.6.0/swagger-annotations-1.6.0.jar:/home/alex/Repositories/nifi/nifi-commons/nifi-site-to-site-client/target/classes:/home/alex/.m2/repository/org/apache/httpcomponents/httpclient/4.5.5/httpclient-4.5.5.jar:/home/alex/.m2/repository/org/apache/httpcomponents/httpcore/4.4.9/httpcore-4.4.9.jar:/home/alex/.m2/repository/org/apache/httpcomponents/httpasyncclient/4.1.4/httpasyncclient-4.1.4.jar:/home/alex/.m2/repository/org/apache/httpcomponents/httpcore-nio/4.4.10/httpcore-nio-4.4.10.jar:/home/alex/Repositories/nifi/nifi-nar-bundles/nifi-framework-bundle/nifi-framework/nifi-framework-authorization/target/classes:/home/alex/Repositories/nifi/nifi-nar-bundles/nifi-framework-bundle/nifi-framework/nifi-administration/target/classes:/home/alex/Repositories/nifi/nifi-nar-bundles/nifi-framework-bundle/nifi-framework/nifi-user-actions/target/classes:/home/alex/.m2/repository/org/springframework/spring-aop/5.3.11/spring-aop-5.3.11.jar:/home/alex/.m2/repository/org/aspectj/aspectjweaver/1.9.6/aspectjweaver-1.9.6.jar:/home/alex/.m2/repository/org/springframework/security/spring-security-core/5.5.2/spring-security-core-5.5.2.jar:/home/alex/.m2/repository/org/springframework/security/spring-security-crypto/5.5.2/spring-security-crypto-5.5.2.jar:/home/alex/.m2/repository/org/apache/commons/commons-collections4/4.4/commons-collections4-4.4.jar:/home/alex/.m2/repository/com/h2database/h2/1.4.199/h2-1.4.199.jar:/home/alex/.m2/repository/org/bouncycastle/bcprov-jdk15on/1.69/bcprov-jdk15on-1.69.jar:/home/alex/.m2/repository/org/glassfish/jersey/core/jersey-client/2.33/jersey-client-2.33.jar:/home/alex/.m2/repository/jakarta/ws/rs/jakarta.ws.rs-api/2.1.6/jakarta.ws.rs-api-2.1.6.jar:/home/alex/.m2/repository/org/glassfish/jersey/core/jersey-common/2.33/jersey-common-2.33.jar:/home/alex/.m2/repository/jakarta/annotation/jakarta.annotation-api/1.3.5/jakarta.annotation-api-1.3.5.jar:/home/alex/.m2/repository/org/glassfish/hk2/osgi-resource-locator/1.0.3/osgi-resource-locator-1.0.3.jar:/home/alex/.m2/repository/org/glassfish/hk2/external/jakarta.inject/2.6.1/jakarta.inject-2.6.1.jar:/home/alex/.m2/repository/org/springframework/spring-core/5.3.11/spring-core-5.3.11.jar:/home/alex/.m2/repository/org/springframework/spring-jcl/5.3.11/spring-jcl-5.3.11.jar:/home/alex/.m2/repository/org/springframework/spring-beans/5.3.11/spring-beans-5.3.11.jar:/home/alex/.m2/repository/org/springframework/spring-context/5.3.11/spring-context-5.3.11.jar:/home/alex/.m2/repository/org/springframework/spring-expression/5.3.11/spring-expression-5.3.11.jar:/home/alex/.m2/repository/commons-io/commons-io/2.10.0/commons-io-2.10.0.jar:/home/alex/.m2/repository/org/apache/commons/commons-math3/3.6.1/commons-math3-3.6.1.jar:/home/alex/.m2/repository/org/questdb/core/4.2.1/core-4.2.1.jar:/home/alex/Repositories/nifi/nifi-commons/nifi-data-provenance-utils/target/classes:/home/alex/Repositories/nifi/nifi-commons/nifi-write-ahead-log/target/classes:/home/alex/Repositories/nifi/nifi-commons/nifi-rocksdb-utils/target/classes:/home/alex/.m2/repository/org/rocksdb/rocksdbjni/6.6.4/rocksdbjni-6.6.4.jar:/home/alex/Repositories/nifi/nifi-nar-bundles/nifi-framework-bundle/nifi-framework/nifi-flowfile-repo-serialization/target/classes:/home/alex/.m2/repository/org/apache/zookeeper/zookeeper/3.5.9/zookeeper-3.5.9.jar:/home/alex/.m2/repository/org/apache/zookeeper/zookeeper-jute/3.5.9/zookeeper-jute-3.5.9.jar:/home/alex/.m2/repository/org/apache/yetus/audience-annotations/0.5.0/audience-annotations-0.5.0.jar:/home/alex/.m2/repository/io/netty/netty-handler/4.1.50.Final/netty-handler-4.1.50.Final.jar:/home/alex/.m2/repository/io/netty/netty-common/4.1.50.Final/netty-common-4.1.50.Final.jar:/home/alex/.m2/repository/io/netty/netty-resolver/4.1.50.Final/netty-resolver-4.1.50.Final.jar:/home/alex/.m2/repository/io/netty/netty-buffer/4.1.50.Final/netty-buffer-4.1.50.Final.jar:/home/alex/.m2/repository/io/netty/netty-transport/4.1.50.Final/netty-transport-4.1.50.Final.jar:/home/alex/.m2/repository/io/netty/netty-codec/4.1.50.Final/netty-codec-4.1.50.Final.jar:/home/alex/.m2/repository/io/netty/netty-transport-native-epoll/4.1.50.Final/netty-transport-native-epoll-4.1.50.Final.jar:/home/alex/.m2/repository/io/netty/netty-transport-native-unix-common/4.1.50.Final/netty-transport-native-unix-common-4.1.50.Final.jar:/home/alex/.m2/repository/org/apache/curator/curator-framework/5.2.0/curator-framework-5.2.0.jar:/home/alex/.m2/repository/org/apache/curator/curator-client/5.2.0/curator-client-5.2.0.jar:/home/alex/.m2/repository/org/apache/curator/curator-recipes/5.2.0/curator-recipes-5.2.0.jar:/home/alex/Repositories/nifi/nifi-registry/nifi-registry-core/nifi-registry-data-model/target/classes:/home/alex/.m2/repository/javax/validation/validation-api/2.0.1.Final/validation-api-2.0.1.Final.jar:/home/alex/.m2/repository/javax/ws/rs/javax.ws.rs-api/2.1/javax.ws.rs-api-2.1.jar:/home/alex/Repositories/nifi/nifi-registry/nifi-registry-core/nifi-registry-revision/nifi-registry-revision-entity-model/target/classes:/home/alex/Repositories/nifi/nifi-registry/nifi-registry-core/nifi-registry-flow-diff/target/classes:/home/alex/Repositories/nifi/nifi-registry/nifi-registry-core/nifi-registry-client/target/classes:/home/alex/Repositories/nifi/nifi-registry/nifi-registry-core/nifi-registry-security-utils/target/classes:/home/alex/.m2/repository/org/glassfish/jersey/media/jersey-media-json-jackson/2.33/jersey-media-json-jackson-2.33.jar:/home/alex/.m2/repository/org/glassfish/jersey/ext/jersey-entity-filtering/2.33/jersey-entity-filtering-2.33.jar:/home/alex/.m2/repository/org/glassfish/jersey/inject/jersey-hk2/2.33/jersey-hk2-2.33.jar:/home/alex/.m2/repository/org/glassfish/hk2/hk2-locator/2.6.1/hk2-locator-2.6.1.jar:/home/alex/.m2/repository/org/glassfish/hk2/external/aopalliance-repackaged/2.6.1/aopalliance-repackaged-2.6.1.jar:/home/alex/.m2/repository/org/glassfish/hk2/hk2-api/2.6.1/hk2-api-2.6.1.jar:/home/alex/.m2/repository/org/glassfish/hk2/hk2-utils/2.6.1/hk2-utils-2.6.1.jar:/home/alex/.m2/repository/org/javassist/javassist/3.25.0-GA/javassist-3.25.0-GA.jar:/home/alex/.m2/repository/org/glassfish/jersey/media/jersey-media-multipart/2.33/jersey-media-multipart-2.33.jar:/home/alex/.m2/repository/org/jvnet/mimepull/mimepull/1.9.13/mimepull-1.9.13.jar:/home/alex/.m2/repository/com/fasterxml/jackson/core/jackson-core/2.12.3/jackson-core-2.12.3.jar:/home/alex/.m2/repository/org/apache/curator/curator-test/5.2.0/curator-test-5.2.0.jar:/home/alex/.m2/repository/io/dropwizard/metrics/metrics-core/3.2.5/metrics-core-3.2.5.jar:/home/alex/.m2/repository/org/xerial/snappy/snappy-java/1.1.7/snappy-java-1.1.7.jar:/home/alex/.m2/repository/com/google/guava/guava/28.0-jre/guava-28.0-jre.jar:/home/alex/.m2/repository/com/google/guava/failureaccess/1.0.1/failureaccess-1.0.1.jar:/home/alex/.m2/repository/com/google/guava/listenablefuture/9999.0-empty-to-avoid-conflict-with-guava/listenablefuture-9999.0-empty-to-avoid-conflict-with-guava.jar:/home/alex/.m2/repository/com/google/code/findbugs/jsr305/3.0.2/jsr305-3.0.2.jar:/home/alex/.m2/repository/com/google/j2objc/j2objc-annotations/1.3/j2objc-annotations-1.3.jar:/home/alex/.m2/repository/org/codehaus/mojo/animal-sniffer-annotations/1.17/animal-sniffer-annotations-1.17.jar:/home/alex/.m2/repository/org/testng/testng/6.8.8/testng-6.8.8.jar:/home/alex/.m2/repository/org/beanshell/bsh/2.0b4/bsh-2.0b4.jar:/home/alex/.m2/repository/com/beust/jcommander/1.27/jcommander-1.27.jar:/home/alex/Repositories/nifi/nifi-mock/target/classes:/home/alex/.m2/repository/org/spockframework/spock-core/1.3-groovy-2.5/spock-core-1.3-groovy-2.5.jar:/home/alex/.m2/repository/junit/junit/4.13.2/junit-4.13.2.jar:/home/alex/.m2/repository/org/hamcrest/hamcrest-core/1.3/hamcrest-core-1.3.jar:/home/alex/.m2/repository/cglib/cglib-nodep/3.3.0/cglib-nodep-3.3.0.jar:/home/alex/.m2/repository/org/eclipse/jgit/org.eclipse.jgit/4.3.1.201605051710-r/org.eclipse.jgit-4.3.1.201605051710-r.jar:/home/alex/.m2/repository/com/jcraft/jsch/0.1.53/jsch-0.1.53.jar:/home/alex/.m2/repository/com/googlecode/javaewah/JavaEWAH/0.7.9/JavaEWAH-0.7.9.jar:/home/alex/Repositories/nifi/nifi-nar-bundles/nifi-framework-bundle/nifi-framework/nifi-authorizer/target/classes:/home/alex/Repositories/nifi/nifi-nar-bundles/nifi-framework-bundle/nifi-framework/nifi-framework-authorization-providers/target/classes:/home/alex/Repositories/nifi/nifi-nar-bundles/nifi-framework-bundle/nifi-framework/nifi-mock-authorizer/target/classes:/home/alex/Repositories/nifi/nifi-nar-bundles/nifi-provenance-repository-bundle/nifi-persistent-provenance-repository/target/classes:/home/alex/.m2/repository/org/apache/lucene/lucene-core/8.8.2/lucene-core-8.8.2.jar:/home/alex/.m2/repository/org/apache/lucene/lucene-analyzers-common/8.8.2/lucene-analyzers-common-8.8.2.jar:/home/alex/.m2/repository/org/apache/lucene/lucene-queryparser/8.8.2/lucene-queryparser-8.8.2.jar:/home/alex/.m2/repository/org/apache/lucene/lucene-queries/8.8.2/lucene-queries-8.8.2.jar:/home/alex/.m2/repository/org/apache/lucene/lucene-sandbox/8.8.2/lucene-sandbox-8.8.2.jar:/home/alex/.m2/repository/org/apache/lucene/lucene-backward-codecs/8.8.2/lucene-backward-codecs-8.8.2.jar:/home/alex/.m2/repository/org/codehaus/groovy/groovy-dateutil/2.5.14/groovy-dateutil-2.5.14.jar:/home/alex/.m2/repository/org/codehaus/groovy/groovy/2.5.14/groovy-2.5.14.jar:/home/alex/.m2/repository/com/github/ben-manes/caffeine/caffeine/2.8.1/caffeine-2.8.1.jar:/home/alex/.m2/repository/org/checkerframework/checker-qual/3.1.0/checker-qual-3.1.0.jar:/home/alex/.m2/repository/com/google/errorprone/error_prone_annotations/2.3.4/error_prone_annotations-2.3.4.jar:/home/alex/.m2/repository/org/slf4j/slf4j-api/1.7.32/slf4j-api-1.7.32.jar:/home/alex/.m2/repository/org/junit/jupiter/junit-jupiter-api/5.7.2/junit-jupiter-api-5.7.2.jar:/home/alex/.m2/repository/org/apiguardian/apiguardian-api/1.1.0/apiguardian-api-1.1.0.jar:/home/alex/.m2/repository/org/opentest4j/opentest4j/1.2.0/opentest4j-1.2.0.jar:/home/alex/.m2/repository/org/junit/platform/junit-platform-commons/1.7.2/junit-platform-commons-1.7.2.jar:/home/alex/.m2/repository/org/junit/jupiter/junit-jupiter-engine/5.7.2/junit-jupiter-engine-5.7.2.jar:/home/alex/.m2/repository/org/junit/platform/junit-platform-engine/1.7.2/junit-platform-engine-1.7.2.jar:/home/alex/.m2/repository/org/junit/vintage/junit-vintage-engine/5.7.2/junit-vintage-engine-5.7.2.jar:/home/alex/.m2/repository/org/junit/jupiter/junit-jupiter-params/5.7.2/junit-jupiter-params-5.7.2.jar:/home/alex/.m2/repository/org/mockito/mockito-core/3.11.2/mockito-core-3.11.2.jar:/home/alex/.m2/repository/net/bytebuddy/byte-buddy/1.11.3/byte-buddy-1.11.3.jar:/home/alex/.m2/repository/net/bytebuddy/byte-buddy-agent/1.11.3/byte-buddy-agent-1.11.3.jar:/home/alex/.m2/repository/org/objenesis/objenesis/3.2/objenesis-3.2.jar:/home/alex/.m2/repository/org/mockito/mockito-junit-jupiter/3.11.2/mockito-junit-jupiter-3.11.2.jar:/home/alex/.m2/repository/org/slf4j/slf4j-simple/1.7.32/slf4j-simple-1.7.32.jar:/home/alex/.m2/repository/org/codehaus/groovy/groovy-test/2.5.14/groovy-test-2.5.14.jar:"/>
    <property name="sun.cpu.endian" value="little"/>
    <property name="user.home" value="/home/alex"/>
    <property name="user.language" value="en"/>
    <property name="java.specification.vendor" value="Oracle Corporation"/>
    <property name="java.home" value="/usr/lib/jvm/java-8-openjdk-amd64/jre"/>
    <property name="basedir" value="/home/alex/Repositories/nifi/nifi-nar-bundles/nifi-framework-bundle/nifi-framework/nifi-framework-core"/>
    <property name="file.separator" value="/"/>
    <property name="line.separator" value="&#10;"/>
    <property name="java.vm.specification.vendor" value="Oracle Corporation"/>
    <property name="java.specification.name" value="Java Platform API Specification"/>
    <property name="java.awt.graphicsenv" value="sun.awt.X11GraphicsEnvironment"/>
    <property name="java.awt.headless" value="true"/>
    <property name="surefire.real.class.path" value="/home/alex/Repositories/nifi/nifi-nar-bundles/nifi-framework-bundle/nifi-framework/nifi-framework-core/target/surefire/surefirebooter488718189616513194.jar"/>
    <property name="sun.boot.class.path" value="/usr/lib/jvm/java-8-openjdk-amd64/jre/lib/resources.jar:/usr/lib/jvm/java-8-openjdk-amd64/jre/lib/rt.jar:/usr/lib/jvm/java-8-openjdk-amd64/jre/lib/sunrsasign.jar:/usr/lib/jvm/java-8-openjdk-amd64/jre/lib/jsse.jar:/usr/lib/jvm/java-8-openjdk-amd64/jre/lib/jce.jar:/usr/lib/jvm/java-8-openjdk-amd64/jre/lib/charsets.jar:/usr/lib/jvm/java-8-openjdk-amd64/jre/lib/jfr.jar:/usr/lib/jvm/java-8-openjdk-amd64/jre/classes"/>
    <property name="sun.management.compiler" value="HotSpot 64-Bit Tiered Compilers"/>
    <property name="java.runtime.version" value="1.8.0_402-8u402-ga-2ubuntu1~22.04-b06"/>
    <property name="zookeeper.4lw.commands.whitelist" value="ruok"/>
    <property name="java.net.preferIPv4Stack" value="true"/>
    <property name="user.name" value="alex"/>
    <property name="zookeeper.jmx.log4j.disable" value="true"/>
    <property name="path.separator" value=":"/>
    <property name="os.version" value="6.5.0-28-generic"/>
    <property name="java.endorsed.dirs" value="/usr/lib/jvm/java-8-openjdk-amd64/jre/lib/endorsed"/>
    <property name="java.runtime.name" value="OpenJDK Runtime Environment"/>
    <property name="file.encoding" value="UTF-8"/>
    <property name="java.vm.name" value="OpenJDK 64-Bit Server VM"/>
    <property name="localRepository" value="/home/alex/.m2/repository"/>
    <property name="java.vendor.url.bug" value="http://bugreport.sun.com/bugreport/"/>
    <property name="java.io.tmpdir" value="/tmp"/>
    <property name="java.version" value="1.8.0_402"/>
    <property name="user.dir" value="/home/alex/Repositories/nifi/nifi-nar-bundles/nifi-framework-bundle/nifi-framework/nifi-framework-core"/>
    <property name="os.arch" value="amd64"/>
    <property name="java.vm.specification.name" value="Java Virtual Machine Specification"/>
    <property name="java.awt.printerjob" value="sun.print.PSPrinterJob"/>
    <property name="sun.os.patch.level" value="unknown"/>
    <property name="java.library.path" value="/usr/java/packages/lib/amd64:/usr/lib/x86_64-linux-gnu/jni:/lib/x86_64-linux-gnu:/usr/lib/x86_64-linux-gnu:/usr/lib/jni:/lib:/usr/lib"/>
    <property name="java.vm.info" value="mixed mode"/>
    <property name="java.vendor" value="Private Build"/>
    <property name="java.vm.version" value="25.402-b06"/>
    <property name="java.specification.maintenance.version" value="5"/>
    <property name="java.ext.dirs" value="/usr/lib/jvm/java-8-openjdk-amd64/jre/lib/ext:/usr/java/packages/lib/ext"/>
    <property name="sun.io.unicode.encoding" value="UnicodeLittle"/>
    <property name="java.class.version" value="52.0"/>
  </properties>
  <testcase name="testSynchronizeFlowWhenProposedMissingComponentsAreDifferent" classname="org.apache.nifi.controller.TestFlowController" time="0.362">
    <system-err><![CDATA[[main] INFO org.apache.nifi.registry.variable.FileBasedVariableRegistry - Loaded 119 properties from system properties and environment variables
[main] INFO org.apache.nifi.registry.variable.FileBasedVariableRegistry - Loaded a total of 119 properties.  Including precedence overrides effective accessible registry key size is 119
[main] INFO org.apache.nifi.controller.repository.WriteAheadFlowFileRepository - Initialized FlowFile Repository
[main] INFO org.apache.nifi.controller.FlowController - Creating Provenance Repository [org.apache.nifi.provenance.MockProvenanceRepository]
[main] INFO org.apache.nifi.controller.FlowController - Creating Content Repository [org.apache.nifi.controller.repository.VolatileContentRepository]
[main] INFO org.apache.nifi.controller.FlowController - Not enabling RAW Socket Site-to-Site functionality because nifi.remote.input.socket.port is not set
[main] INFO org.apache.nifi.controller.FlowController - Not enabling HTTP(S) Site-to-Site functionality because the 'nifi.remote.input.http.enabled' property is not true
[main] INFO org.apache.nifi.controller.FlowController - Initiated immediate shutdown of flow controller...
[main] INFO org.apache.nifi.controller.FlowController - Controller has been terminated successfully.
]]></system-err>
  </testcase>
  <testcase name="testReloadControllerServiceWithAdditionalResources" classname="org.apache.nifi.controller.TestFlowController" time="0.336">
    <system-err><![CDATA[[main] INFO org.apache.nifi.registry.variable.FileBasedVariableRegistry - Loaded 119 properties from system properties and environment variables
[main] INFO org.apache.nifi.registry.variable.FileBasedVariableRegistry - Loaded a total of 119 properties.  Including precedence overrides effective accessible registry key size is 119
[main] INFO org.apache.nifi.controller.repository.WriteAheadFlowFileRepository - Initialized FlowFile Repository
[main] INFO org.apache.nifi.controller.FlowController - Creating Provenance Repository [org.apache.nifi.provenance.MockProvenanceRepository]
[main] INFO org.apache.nifi.controller.FlowController - Creating Content Repository [org.apache.nifi.controller.repository.VolatileContentRepository]
[main] INFO org.apache.nifi.controller.FlowController - Not enabling RAW Socket Site-to-Site functionality because nifi.remote.input.socket.port is not set
[main] INFO org.apache.nifi.controller.FlowController - Not enabling HTTP(S) Site-to-Site functionality because the 'nifi.remote.input.http.enabled' property is not true
[main] INFO org.apache.nifi.controller.ExtensionBuilder - Created Controller Service of type org.apache.nifi.controller.service.mock.ServiceA with identifier ServiceA1714609697309
[main] INFO org.apache.nifi.controller.ExtensionBuilder - Created Controller Service of type org.apache.nifi.controller.service.mock.ServiceB with identifier ServiceA1714609697309
[main] INFO org.apache.nifi.controller.FlowController - Initiated immediate shutdown of flow controller...
[main] INFO org.apache.nifi.controller.FlowController - Controller has been terminated successfully.
]]></system-err>
  </testcase>
  <testcase name="testSynchronizeFlowWhenExistingMissingComponentsAreDifferent" classname="org.apache.nifi.controller.TestFlowController" time="0.504">
    <system-err><![CDATA[[main] INFO org.apache.nifi.registry.variable.FileBasedVariableRegistry - Loaded 119 properties from system properties and environment variables
[main] INFO org.apache.nifi.registry.variable.FileBasedVariableRegistry - Loaded a total of 119 properties.  Including precedence overrides effective accessible registry key size is 119
[main-SendThread(localhost:34259)] INFO org.apache.zookeeper.ClientCnxn - Opening socket connection to server localhost/127.0.0.1:34259. Will not attempt to authenticate using SASL (unknown error)
[main-SendThread(localhost:34259)] INFO org.apache.zookeeper.ClientCnxn - Socket error occurred: localhost/127.0.0.1:34259: Connection refused
[main] INFO org.apache.nifi.controller.repository.WriteAheadFlowFileRepository - Initialized FlowFile Repository
[main] INFO org.apache.nifi.controller.FlowController - Creating Provenance Repository [org.apache.nifi.provenance.MockProvenanceRepository]
[main] INFO org.apache.nifi.controller.FlowController - Creating Content Repository [org.apache.nifi.controller.repository.VolatileContentRepository]
[main] INFO org.apache.nifi.controller.FlowController - Not enabling RAW Socket Site-to-Site functionality because nifi.remote.input.socket.port is not set
[main] INFO org.apache.nifi.controller.FlowController - Not enabling HTTP(S) Site-to-Site functionality because the 'nifi.remote.input.http.enabled' property is not true
[main] INFO org.apache.nifi.controller.FlowController - Initiated immediate shutdown of flow controller...
[main] INFO org.apache.nifi.controller.FlowController - Controller has been terminated successfully.
]]></system-err>
  </testcase>
  <testcase name="testInstantiateSnippetWithDisabledProcessor" classname="org.apache.nifi.controller.TestFlowController" time="0.349">
    <system-err><![CDATA[[main] INFO org.apache.nifi.registry.variable.FileBasedVariableRegistry - Loaded 119 properties from system properties and environment variables
[main] INFO org.apache.nifi.registry.variable.FileBasedVariableRegistry - Loaded a total of 119 properties.  Including precedence overrides effective accessible registry key size is 119
[main] INFO org.apache.nifi.controller.repository.WriteAheadFlowFileRepository - Initialized FlowFile Repository
[main] INFO org.apache.nifi.controller.FlowController - Creating Provenance Repository [org.apache.nifi.provenance.MockProvenanceRepository]
[main] INFO org.apache.nifi.controller.FlowController - Creating Content Repository [org.apache.nifi.controller.repository.VolatileContentRepository]
[main] INFO org.apache.nifi.controller.FlowController - Not enabling RAW Socket Site-to-Site functionality because nifi.remote.input.socket.port is not set
[main] INFO org.apache.nifi.controller.FlowController - Not enabling HTTP(S) Site-to-Site functionality because the 'nifi.remote.input.http.enabled' property is not true
[main] INFO org.apache.nifi.controller.StandardProcessorNode - DummyProcessor[id=592c3141-d7f4-4b5e-a2c4-ea3c463801a5] disabled so ScheduledState transitioned from STOPPED to DISABLED
[main] INFO org.apache.nifi.controller.StandardProcessorNode - DummyProcessor[id=dec5e9d4-cc24-4be4-ae2e-0062080e4335] disabled so ScheduledState transitioned from STOPPED to DISABLED
[main] INFO org.apache.nifi.groups.StandardProcessGroup - DummyProcessor[id=dec5e9d4-cc24-4be4-ae2e-0062080e4335] added to StandardProcessGroup[identifier=36b3b572-018f-1000-3c85-d7cf172dcf1b,name=NiFi Flow]
[main] INFO org.apache.nifi.controller.FlowController - Initiated immediate shutdown of flow controller...
[main] INFO org.apache.nifi.controller.FlowController - Controller has been terminated successfully.
]]></system-err>
  </testcase>
  <testcase name="testInstantiateSnippetWithProcessor" classname="org.apache.nifi.controller.TestFlowController" time="0.321">
    <system-err><![CDATA[[main] INFO org.apache.nifi.registry.variable.FileBasedVariableRegistry - Loaded 119 properties from system properties and environment variables
[main] INFO org.apache.nifi.registry.variable.FileBasedVariableRegistry - Loaded a total of 119 properties.  Including precedence overrides effective accessible registry key size is 119
[main] INFO org.apache.nifi.controller.repository.WriteAheadFlowFileRepository - Initialized FlowFile Repository
[main] INFO org.apache.nifi.controller.FlowController - Creating Provenance Repository [org.apache.nifi.provenance.MockProvenanceRepository]
[main] INFO org.apache.nifi.controller.FlowController - Creating Content Repository [org.apache.nifi.controller.repository.VolatileContentRepository]
[main] INFO org.apache.nifi.controller.FlowController - Not enabling RAW Socket Site-to-Site functionality because nifi.remote.input.socket.port is not set
[main] INFO org.apache.nifi.controller.FlowController - Not enabling HTTP(S) Site-to-Site functionality because the 'nifi.remote.input.http.enabled' property is not true
[main] INFO org.apache.nifi.groups.StandardProcessGroup - DummyProcessor[id=a9900819-bc13-4ff3-96a2-22d5a18ed130] added to StandardProcessGroup[identifier=36b3b6bb-018f-1000-6807-273ff4058567,name=NiFi Flow]
[main] INFO org.apache.nifi.controller.FlowController - Initiated immediate shutdown of flow controller...
[main] INFO org.apache.nifi.controller.FlowController - Controller has been terminated successfully.
]]></system-err>
  </testcase>
  <testcase name="testProcessSchedulerHasAccessToControllerServiceProvider" classname="org.apache.nifi.controller.TestFlowController" time="0.332">
    <system-err><![CDATA[[main] INFO org.apache.nifi.registry.variable.FileBasedVariableRegistry - Loaded 119 properties from system properties and environment variables
[main] INFO org.apache.nifi.registry.variable.FileBasedVariableRegistry - Loaded a total of 119 properties.  Including precedence overrides effective accessible registry key size is 119
[main] INFO org.apache.nifi.controller.repository.WriteAheadFlowFileRepository - Initialized FlowFile Repository
[main] INFO org.apache.nifi.controller.FlowController - Creating Provenance Repository [org.apache.nifi.provenance.MockProvenanceRepository]
[main] INFO org.apache.nifi.controller.FlowController - Creating Content Repository [org.apache.nifi.controller.repository.VolatileContentRepository]
[main] INFO org.apache.nifi.controller.FlowController - Not enabling RAW Socket Site-to-Site functionality because nifi.remote.input.socket.port is not set
[main] INFO org.apache.nifi.controller.FlowController - Not enabling HTTP(S) Site-to-Site functionality because the 'nifi.remote.input.http.enabled' property is not true
[main] INFO org.apache.nifi.controller.FlowController - Initiated immediate shutdown of flow controller...
[main] INFO org.apache.nifi.controller.FlowController - Controller has been terminated successfully.
]]></system-err>
  </testcase>
  <testcase name="testProcessorDefaultScheduleAnnotation" classname="org.apache.nifi.controller.TestFlowController" time="0.327">
    <system-err><![CDATA[[main] INFO org.apache.nifi.registry.variable.FileBasedVariableRegistry - Loaded 119 properties from system properties and environment variables
[main] INFO org.apache.nifi.registry.variable.FileBasedVariableRegistry - Loaded a total of 119 properties.  Including precedence overrides effective accessible registry key size is 119
[main] INFO org.apache.nifi.controller.repository.WriteAheadFlowFileRepository - Initialized FlowFile Repository
[main] INFO org.apache.nifi.controller.FlowController - Creating Provenance Repository [org.apache.nifi.provenance.MockProvenanceRepository]
[main] INFO org.apache.nifi.controller.FlowController - Creating Content Repository [org.apache.nifi.controller.repository.VolatileContentRepository]
[main] INFO org.apache.nifi.controller.FlowController - Not enabling RAW Socket Site-to-Site functionality because nifi.remote.input.socket.port is not set
[main] INFO org.apache.nifi.controller.FlowController - Not enabling HTTP(S) Site-to-Site functionality because the 'nifi.remote.input.http.enabled' property is not true
[main] INFO org.apache.nifi.controller.FlowController - Initiated immediate shutdown of flow controller...
[main] INFO org.apache.nifi.controller.FlowController - Controller has been terminated successfully.
]]></system-err>
  </testcase>
  <testcase name="testInstantiateSnippetWithControllerService" classname="org.apache.nifi.controller.TestFlowController" time="0.339">
    <system-err><![CDATA[[main] INFO org.apache.nifi.registry.variable.FileBasedVariableRegistry - Loaded 119 properties from system properties and environment variables
[main] INFO org.apache.nifi.registry.variable.FileBasedVariableRegistry - Loaded a total of 119 properties.  Including precedence overrides effective accessible registry key size is 119
[main] INFO org.apache.nifi.controller.repository.WriteAheadFlowFileRepository - Initialized FlowFile Repository
[main] INFO org.apache.nifi.controller.FlowController - Creating Provenance Repository [org.apache.nifi.provenance.MockProvenanceRepository]
[main] INFO org.apache.nifi.controller.FlowController - Creating Content Repository [org.apache.nifi.controller.repository.VolatileContentRepository]
[main] INFO org.apache.nifi.controller.FlowController - Not enabling RAW Socket Site-to-Site functionality because nifi.remote.input.socket.port is not set
[main] INFO org.apache.nifi.controller.FlowController - Not enabling HTTP(S) Site-to-Site functionality because the 'nifi.remote.input.http.enabled' property is not true
[main] INFO org.apache.nifi.controller.ExtensionBuilder - Created Controller Service of type org.apache.nifi.controller.service.mock.ServiceA with identifier 14c8e519-753c-4d76-a4b6-22fd60761dd8
[main] INFO org.apache.nifi.controller.ExtensionBuilder - Created Controller Service of type org.apache.nifi.controller.service.mock.ServiceA with identifier bf625e22-0f63-4eef-9caf-6f468ff0b041
[main] INFO org.apache.nifi.groups.StandardProcessGroup - StandardControllerServiceNode[service=ServiceA[id=bf625e22-0f63-4eef-9caf-6f468ff0b041], name=ServiceA, active=false] added to StandardProcessGroup[identifier=36b3ba9b-018f-1000-ba16-3e953d28373b,name=NiFi Flow]
[main] INFO org.apache.nifi.controller.FlowController - Initiated immediate shutdown of flow controller...
[main] INFO org.apache.nifi.controller.FlowController - Controller has been terminated successfully.
]]></system-err>
  </testcase>
  <testcase name="testDeleteProcessGroup" classname="org.apache.nifi.controller.TestFlowController" time="0.324">
    <system-err><![CDATA[[main] INFO org.apache.nifi.registry.variable.FileBasedVariableRegistry - Loaded 119 properties from system properties and environment variables
[main] INFO org.apache.nifi.registry.variable.FileBasedVariableRegistry - Loaded a total of 119 properties.  Including precedence overrides effective accessible registry key size is 119
[main-SendThread(localhost:34259)] INFO org.apache.zookeeper.ClientCnxn - Opening socket connection to server localhost/127.0.0.1:34259. Will not attempt to authenticate using SASL (unknown error)
[main-SendThread(localhost:34259)] INFO org.apache.zookeeper.ClientCnxn - Socket error occurred: localhost/127.0.0.1:34259: Connection refused
[main] INFO org.apache.nifi.controller.repository.WriteAheadFlowFileRepository - Initialized FlowFile Repository
[main] INFO org.apache.nifi.controller.FlowController - Creating Provenance Repository [org.apache.nifi.provenance.MockProvenanceRepository]
[main] INFO org.apache.nifi.controller.FlowController - Creating Content Repository [org.apache.nifi.controller.repository.VolatileContentRepository]
[main] INFO org.apache.nifi.controller.FlowController - Not enabling RAW Socket Site-to-Site functionality because nifi.remote.input.socket.port is not set
[main] INFO org.apache.nifi.controller.FlowController - Not enabling HTTP(S) Site-to-Site functionality because the 'nifi.remote.input.http.enabled' property is not true
[main] ERROR org.apache.nifi.controller.ExtensionBuilder - Could not create Controller Service of type org.apache.nifi.NonExistingControllerService for ID my-controller-service due to: org.apache.nifi.NonExistingControllerService; creating "Ghost" implementation
[main] INFO org.apache.nifi.groups.StandardProcessGroup - StandardControllerServiceNode[service=GhostControllerService[id=my-controller-service, type=org.apache.nifi.NonExistingControllerService], name=(Missing) NonExistingControllerService, active=false] added to StandardProcessGroup[identifier=my-process-group,name=my-process-group]
[main] INFO org.apache.nifi.groups.StandardProcessGroup - StandardProcessGroup[identifier=my-process-group,name=my-process-group] added to StandardProcessGroup[identifier=36b3bbe4-018f-1000-69a5-c8154d25e86e,name=NiFi Flow]
[main] INFO org.apache.nifi.groups.StandardProcessGroup - StandardControllerServiceNode[service=GhostControllerService[id=my-controller-service, type=org.apache.nifi.NonExistingControllerService], name=(Missing) NonExistingControllerService, active=false] removed from StandardProcessGroup[identifier=my-process-group,name=my-process-group]
[main] INFO org.apache.nifi.groups.StandardProcessGroup - StandardProcessGroup[identifier=my-process-group,name=my-process-group] removed from flow
[main] INFO org.apache.nifi.controller.FlowController - Initiated immediate shutdown of flow controller...
[main] INFO org.apache.nifi.controller.FlowController - Controller has been terminated successfully.
]]></system-err>
  </testcase>
  <testcase name="testCreateMissingProcessor" classname="org.apache.nifi.controller.TestFlowController" time="0.328">
    <system-err><![CDATA[[main] INFO org.apache.nifi.registry.variable.FileBasedVariableRegistry - Loaded 119 properties from system properties and environment variables
[main] INFO org.apache.nifi.registry.variable.FileBasedVariableRegistry - Loaded a total of 119 properties.  Including precedence overrides effective accessible registry key size is 119
[main] INFO org.apache.nifi.controller.repository.WriteAheadFlowFileRepository - Initialized FlowFile Repository
[main] INFO org.apache.nifi.controller.FlowController - Creating Provenance Repository [org.apache.nifi.provenance.MockProvenanceRepository]
[main] INFO org.apache.nifi.controller.FlowController - Creating Content Repository [org.apache.nifi.controller.repository.VolatileContentRepository]
[main] INFO org.apache.nifi.controller.FlowController - Not enabling RAW Socket Site-to-Site functionality because nifi.remote.input.socket.port is not set
[main] INFO org.apache.nifi.controller.FlowController - Not enabling HTTP(S) Site-to-Site functionality because the 'nifi.remote.input.http.enabled' property is not true
[main] ERROR org.apache.nifi.controller.ExtensionBuilder - Could not create Processor of type org.apache.nifi.NonExistingProcessor for ID 1234-Processor due to: org.apache.nifi.NonExistingProcessor; creating "Ghost" implementation
[main] INFO org.apache.nifi.controller.FlowController - Initiated immediate shutdown of flow controller...
[main] INFO org.apache.nifi.controller.FlowController - Controller has been terminated successfully.
]]></system-err>
  </testcase>
  <testcase name="testSynchronizeFlowWhenBundlesAreSame" classname="org.apache.nifi.controller.TestFlowController" time="0.458">
    <system-err><![CDATA[[main] INFO org.apache.nifi.registry.variable.FileBasedVariableRegistry - Loaded 119 properties from system properties and environment variables
[main] INFO org.apache.nifi.registry.variable.FileBasedVariableRegistry - Loaded a total of 119 properties.  Including precedence overrides effective accessible registry key size is 119
[main] INFO org.apache.nifi.controller.repository.WriteAheadFlowFileRepository - Initialized FlowFile Repository
[main] INFO org.apache.nifi.controller.FlowController - Creating Provenance Repository [org.apache.nifi.provenance.MockProvenanceRepository]
[main] INFO org.apache.nifi.controller.FlowController - Creating Content Repository [org.apache.nifi.controller.repository.VolatileContentRepository]
[main] INFO org.apache.nifi.controller.FlowController - Not enabling RAW Socket Site-to-Site functionality because nifi.remote.input.socket.port is not set
[main] INFO org.apache.nifi.controller.FlowController - Not enabling HTTP(S) Site-to-Site functionality because the 'nifi.remote.input.http.enabled' property is not true
[main] INFO org.apache.nifi.groups.StandardProcessGroup - DummyProcessor[id=d89ada5d-35fb-44ff-83f1-4cc00b48b2df] added to StandardProcessGroup[identifier=e3909250-331d-420b-a9b3-cc54ad459401,name=NiFi Flow]
[main] INFO org.apache.nifi.controller.scheduling.StandardProcessScheduler - Stopping DummyProcessor[id=d89ada5d-35fb-44ff-83f1-4cc00b48b2df]
[main] INFO org.apache.nifi.controller.StandardProcessorNode - Stopping processor: DummyProcessor[id=d89ada5d-35fb-44ff-83f1-4cc00b48b2df]
[main] INFO org.apache.nifi.controller.FlowController - Successfully synchronized controller with proposed flow. Flow contains the following number of components: {Processors=1, Controller Services=0, Reporting Tasks=0, Process Groups=0, Remote Process Groups=0, Local Input Ports=0, Local Output Ports=0, Public Input Ports=0, Public Output Ports=0}
[main] INFO org.apache.nifi.wali.SequentialAccessWriteAheadLog - Recovering records from Write-Ahead Log at ./target/flowcontrollertest/test-repo
[main] INFO org.apache.nifi.wali.SequentialAccessWriteAheadLog - No Snapshot File to recover from at ./target/flowcontrollertest/test-repo. Now recovering records from 0 journal files
[main] INFO org.apache.nifi.wali.SequentialAccessWriteAheadLog - Successfully recovered 0 records in 0 milliseconds. Now checkpointing to ensure that Write-Ahead Log is in a consistent state
[main] INFO org.apache.nifi.wali.SequentialAccessWriteAheadLog - Checkpointed Write-Ahead Log with 0 Records and 0 Swap Files in 2 milliseconds (Stop-the-world time = 0 milliseconds), max Transaction ID -1
[main] WARN org.apache.nifi.controller.XmlFlowSynchronizer - Proposed flow cannot be directly inherited. However, all data that is queued in this instance is queued in a connection that exists in the Proposed flow. As a result, the existing flow will be backed up and replaced with the proposed flow.
[main] INFO org.apache.nifi.controller.XmlFlowSynchronizer - Successfully created backup of existing flow to /home/alex/Repositories/nifi/nifi-nar-bundles/nifi-framework-bundle/nifi-framework/nifi-framework-core/./target/flowcontrollertest/flow-2024-05-02-01-28-20.xml.gz. Will now purge local flow and inherit proposed flow
[main] INFO org.apache.nifi.groups.StandardProcessGroup - DummyProcessor[id=d89ada5d-35fb-44ff-83f1-4cc00b48b2df] removed from flow
[Framework Task Thread Thread-1] WARN org.apache.nifi.controller.state.manager.StandardStateManagerProvider - Component with ID d89ada5d-35fb-44ff-83f1-4cc00b48b2df was removed from NiFi instance but failed to clear clustered state for the component
java.lang.IllegalStateException: Partition is closed
	at org.wali.MinimalLockingWriteAheadLog$Partition.update(MinimalLockingWriteAheadLog.java:953)
	at org.wali.MinimalLockingWriteAheadLog.update(MinimalLockingWriteAheadLog.java:244)
	at org.apache.nifi.controller.state.providers.local.WriteAheadLocalStateProvider$ComponentProvider.clear(WriteAheadLocalStateProvider.java:276)
	at org.apache.nifi.controller.state.providers.local.WriteAheadLocalStateProvider.clear(WriteAheadLocalStateProvider.java:212)
	at org.apache.nifi.controller.state.manager.StandardStateManagerProvider$1.clear(StandardStateManagerProvider.java:395)
	at org.apache.nifi.controller.state.StandardStateManager.clear(StandardStateManager.java:85)
	at org.apache.nifi.controller.state.manager.StandardStateManagerProvider.onComponentRemoved(StandardStateManagerProvider.java:514)
	at org.apache.nifi.groups.StandardProcessGroup$2.run(StandardProcessGroup.java:1055)
	at org.apache.nifi.engine.FlowEngine$2.run(FlowEngine.java:110)
	at java.util.concurrent.Executors$RunnableAdapter.call(Executors.java:511)
	at java.util.concurrent.FutureTask.run(FutureTask.java:266)
	at java.util.concurrent.ScheduledThreadPoolExecutor$ScheduledFutureTask.access$201(ScheduledThreadPoolExecutor.java:180)
	at java.util.concurrent.ScheduledThreadPoolExecutor$ScheduledFutureTask.run(ScheduledThreadPoolExecutor.java:293)
	at java.util.concurrent.ThreadPoolExecutor.runWorker(ThreadPoolExecutor.java:1149)
	at java.util.concurrent.ThreadPoolExecutor$Worker.run(ThreadPoolExecutor.java:624)
	at java.lang.Thread.run(Thread.java:750)
[Framework Task Thread Thread-1] WARN org.apache.nifi.controller.state.manager.StandardStateManagerProvider - Component with ID d89ada5d-35fb-44ff-83f1-4cc00b48b2df was removed from NiFi instance but failed to clear local state for the component
java.lang.IllegalStateException: Partition is closed
	at org.wali.MinimalLockingWriteAheadLog$Partition.update(MinimalLockingWriteAheadLog.java:953)
	at org.wali.MinimalLockingWriteAheadLog.update(MinimalLockingWriteAheadLog.java:244)
	at org.apache.nifi.controller.state.providers.local.WriteAheadLocalStateProvider$ComponentProvider.clear(WriteAheadLocalStateProvider.java:276)
	at org.apache.nifi.controller.state.providers.local.WriteAheadLocalStateProvider.clear(WriteAheadLocalStateProvider.java:212)
	at org.apache.nifi.controller.state.manager.StandardStateManagerProvider$1.clear(StandardStateManagerProvider.java:395)
	at org.apache.nifi.controller.state.StandardStateManager.clear(StandardStateManager.java:85)
	at org.apache.nifi.controller.state.manager.StandardStateManagerProvider.onComponentRemoved(StandardStateManagerProvider.java:520)
	at org.apache.nifi.groups.StandardProcessGroup$2.run(StandardProcessGroup.java:1055)
	at org.apache.nifi.engine.FlowEngine$2.run(FlowEngine.java:110)
	at java.util.concurrent.Executors$RunnableAdapter.call(Executors.java:511)
	at java.util.concurrent.FutureTask.run(FutureTask.java:266)
	at java.util.concurrent.ScheduledThreadPoolExecutor$ScheduledFutureTask.access$201(ScheduledThreadPoolExecutor.java:180)
	at java.util.concurrent.ScheduledThreadPoolExecutor$ScheduledFutureTask.run(ScheduledThreadPoolExecutor.java:293)
	at java.util.concurrent.ThreadPoolExecutor.runWorker(ThreadPoolExecutor.java:1149)
	at java.util.concurrent.ThreadPoolExecutor$Worker.run(ThreadPoolExecutor.java:624)
	at java.lang.Thread.run(Thread.java:750)
[Framework Task Thread Thread-1] WARN org.apache.nifi.controller.state.manager.StandardStateManagerProvider - Component with ID d89ada5d-35fb-44ff-83f1-4cc00b48b2df was removed from NiFi instance but failed to cleanup resources used to maintain its local state
java.lang.IllegalStateException: Partition is closed
	at org.wali.MinimalLockingWriteAheadLog$Partition.update(MinimalLockingWriteAheadLog.java:953)
	at org.wali.MinimalLockingWriteAheadLog.update(MinimalLockingWriteAheadLog.java:244)
	at org.apache.nifi.controller.state.providers.local.WriteAheadLocalStateProvider$ComponentProvider.clear(WriteAheadLocalStateProvider.java:276)
	at org.apache.nifi.controller.state.providers.local.WriteAheadLocalStateProvider.clear(WriteAheadLocalStateProvider.java:212)
	at org.apache.nifi.controller.state.providers.local.WriteAheadLocalStateProvider.onComponentRemoved(WriteAheadLocalStateProvider.java:217)
	at org.apache.nifi.controller.state.manager.StandardStateManagerProvider$1.onComponentRemoved(StandardStateManagerProvider.java:402)
	at org.apache.nifi.controller.state.manager.StandardStateManagerProvider.onComponentRemoved(StandardStateManagerProvider.java:526)
	at org.apache.nifi.groups.StandardProcessGroup$2.run(StandardProcessGroup.java:1055)
	at org.apache.nifi.engine.FlowEngine$2.run(FlowEngine.java:110)
	at java.util.concurrent.Executors$RunnableAdapter.call(Executors.java:511)
	at java.util.concurrent.FutureTask.run(FutureTask.java:266)
	at java.util.concurrent.ScheduledThreadPoolExecutor$ScheduledFutureTask.access$201(ScheduledThreadPoolExecutor.java:180)
	at java.util.concurrent.ScheduledThreadPoolExecutor$ScheduledFutureTask.run(ScheduledThreadPoolExecutor.java:293)
	at java.util.concurrent.ThreadPoolExecutor.runWorker(ThreadPoolExecutor.java:1149)
	at java.util.concurrent.ThreadPoolExecutor$Worker.run(ThreadPoolExecutor.java:624)
	at java.lang.Thread.run(Thread.java:750)
[main] INFO org.apache.nifi.groups.StandardProcessGroup - DummyProcessor[id=d89ada5d-35fb-44ff-83f1-4cc00b48b2df] added to StandardProcessGroup[identifier=e3909250-331d-420b-a9b3-cc54ad459401,name=NiFi Flow]
[main] INFO org.apache.nifi.controller.scheduling.StandardProcessScheduler - Stopping DummyProcessor[id=d89ada5d-35fb-44ff-83f1-4cc00b48b2df]
[main] INFO org.apache.nifi.controller.StandardProcessorNode - Stopping processor: DummyProcessor[id=d89ada5d-35fb-44ff-83f1-4cc00b48b2df]
[main] INFO org.apache.nifi.controller.FlowController - Successfully synchronized controller with proposed flow. Flow contains the following number of components: {Processors=1, Controller Services=0, Reporting Tasks=0, Process Groups=0, Remote Process Groups=0, Local Input Ports=0, Local Output Ports=0, Public Input Ports=0, Public Output Ports=0}
[main] INFO org.apache.nifi.controller.FlowController - Initiated immediate shutdown of flow controller...
[main] INFO org.apache.nifi.controller.FlowController - Controller has been terminated successfully.
]]></system-err>
  </testcase>
  <testcase name="testSynchronizeFlowWhenProposedAuthorizationsAreNullAndEmptyFlow" classname="org.apache.nifi.controller.TestFlowController" time="0.326">
    <system-err><![CDATA[[main] INFO org.apache.nifi.registry.variable.FileBasedVariableRegistry - Loaded 119 properties from system properties and environment variables
[main] INFO org.apache.nifi.registry.variable.FileBasedVariableRegistry - Loaded a total of 119 properties.  Including precedence overrides effective accessible registry key size is 119
[main] INFO org.apache.nifi.controller.repository.WriteAheadFlowFileRepository - Initialized FlowFile Repository
[main] INFO org.apache.nifi.controller.FlowController - Creating Provenance Repository [org.apache.nifi.provenance.MockProvenanceRepository]
[main] INFO org.apache.nifi.controller.FlowController - Creating Content Repository [org.apache.nifi.controller.repository.VolatileContentRepository]
[main] INFO org.apache.nifi.controller.FlowController - Not enabling RAW Socket Site-to-Site functionality because nifi.remote.input.socket.port is not set
[main] INFO org.apache.nifi.controller.FlowController - Not enabling HTTP(S) Site-to-Site functionality because the 'nifi.remote.input.http.enabled' property is not true
[main] INFO org.apache.nifi.authorization.AbstractPolicyBasedAuthorizer - Inheriting Empty Policies, Users & Groups. Will backup existing Policies, Users & Groups first.
[main] INFO org.apache.nifi.controller.FlowController - Successfully synchronized controller with proposed flow. Flow contains the following number of components: {Processors=0, Controller Services=0, Reporting Tasks=0, Process Groups=0, Remote Process Groups=0, Local Input Ports=0, Local Output Ports=0, Public Input Ports=0, Public Output Ports=0}
[main] INFO org.apache.nifi.controller.FlowController - Initiated immediate shutdown of flow controller...
[main] INFO org.apache.nifi.controller.FlowController - Controller has been terminated successfully.
]]></system-err>
  </testcase>
  <testcase name="testSynchronizeFlowWithInvalidParameterContextReference" classname="org.apache.nifi.controller.TestFlowController" time="0.329">
    <system-err><![CDATA[[main] INFO org.apache.nifi.registry.variable.FileBasedVariableRegistry - Loaded 119 properties from system properties and environment variables
[main] INFO org.apache.nifi.registry.variable.FileBasedVariableRegistry - Loaded a total of 119 properties.  Including precedence overrides effective accessible registry key size is 119
[main] INFO org.apache.nifi.controller.repository.WriteAheadFlowFileRepository - Initialized FlowFile Repository
[main] INFO org.apache.nifi.controller.FlowController - Creating Provenance Repository [org.apache.nifi.provenance.MockProvenanceRepository]
[main] INFO org.apache.nifi.controller.FlowController - Creating Content Repository [org.apache.nifi.controller.repository.VolatileContentRepository]
[main] INFO org.apache.nifi.controller.FlowController - Not enabling RAW Socket Site-to-Site functionality because nifi.remote.input.socket.port is not set
[main] INFO org.apache.nifi.controller.FlowController - Not enabling HTTP(S) Site-to-Site functionality because the 'nifi.remote.input.http.enabled' property is not true
[main] INFO org.apache.nifi.controller.FlowController - Initiated immediate shutdown of flow controller...
[main] INFO org.apache.nifi.controller.FlowController - Controller has been terminated successfully.
]]></system-err>
  </testcase>
  <testcase name="testReloadReportingTask" classname="org.apache.nifi.controller.TestFlowController" time="0.347">
    <system-err><![CDATA[[main] INFO org.apache.nifi.registry.variable.FileBasedVariableRegistry - Loaded 119 properties from system properties and environment variables
[main] INFO org.apache.nifi.registry.variable.FileBasedVariableRegistry - Loaded a total of 119 properties.  Including precedence overrides effective accessible registry key size is 119
[main-SendThread(localhost:34259)] INFO org.apache.zookeeper.ClientCnxn - Opening socket connection to server localhost/127.0.0.1:34259. Will not attempt to authenticate using SASL (unknown error)
[main-SendThread(localhost:34259)] INFO org.apache.zookeeper.ClientCnxn - Socket error occurred: localhost/127.0.0.1:34259: Connection refused
[main] INFO org.apache.nifi.controller.repository.WriteAheadFlowFileRepository - Initialized FlowFile Repository
[main] INFO org.apache.nifi.controller.FlowController - Creating Provenance Repository [org.apache.nifi.provenance.MockProvenanceRepository]
[main] INFO org.apache.nifi.controller.FlowController - Creating Content Repository [org.apache.nifi.controller.repository.VolatileContentRepository]
[main] INFO org.apache.nifi.controller.FlowController - Not enabling RAW Socket Site-to-Site functionality because nifi.remote.input.socket.port is not set
[main] INFO org.apache.nifi.controller.FlowController - Not enabling HTTP(S) Site-to-Site functionality because the 'nifi.remote.input.http.enabled' property is not true
[main] INFO org.apache.nifi.controller.FlowController - Initiated immediate shutdown of flow controller...
[main] INFO org.apache.nifi.controller.FlowController - Controller has been terminated successfully.
]]></system-err>
  </testcase>
  <testcase name="testReloadReportingTaskWithAdditionalResources" classname="org.apache.nifi.controller.TestFlowController" time="0.325">
    <system-err><![CDATA[[main] INFO org.apache.nifi.registry.variable.FileBasedVariableRegistry - Loaded 119 properties from system properties and environment variables
[main] INFO org.apache.nifi.registry.variable.FileBasedVariableRegistry - Loaded a total of 119 properties.  Including precedence overrides effective accessible registry key size is 119
[main] INFO org.apache.nifi.controller.repository.WriteAheadFlowFileRepository - Initialized FlowFile Repository
[main] INFO org.apache.nifi.controller.FlowController - Creating Provenance Repository [org.apache.nifi.provenance.MockProvenanceRepository]
[main] INFO org.apache.nifi.controller.FlowController - Creating Content Repository [org.apache.nifi.controller.repository.VolatileContentRepository]
[main] INFO org.apache.nifi.controller.FlowController - Not enabling RAW Socket Site-to-Site functionality because nifi.remote.input.socket.port is not set
[main] INFO org.apache.nifi.controller.FlowController - Not enabling HTTP(S) Site-to-Site functionality because the 'nifi.remote.input.http.enabled' property is not true
[main] INFO org.apache.nifi.controller.FlowController - Initiated immediate shutdown of flow controller...
[main] INFO org.apache.nifi.controller.FlowController - Controller has been terminated successfully.
]]></system-err>
  </testcase>
  <testcase name="testCreateMissingControllerService" classname="org.apache.nifi.controller.TestFlowController" time="0.328">
    <system-err><![CDATA[[main] INFO org.apache.nifi.registry.variable.FileBasedVariableRegistry - Loaded 119 properties from system properties and environment variables
[main] INFO org.apache.nifi.registry.variable.FileBasedVariableRegistry - Loaded a total of 119 properties.  Including precedence overrides effective accessible registry key size is 119
[main] INFO org.apache.nifi.controller.repository.WriteAheadFlowFileRepository - Initialized FlowFile Repository
[main] INFO org.apache.nifi.controller.FlowController - Creating Provenance Repository [org.apache.nifi.provenance.MockProvenanceRepository]
[main] INFO org.apache.nifi.controller.FlowController - Creating Content Repository [org.apache.nifi.controller.repository.VolatileContentRepository]
[main] INFO org.apache.nifi.controller.FlowController - Not enabling RAW Socket Site-to-Site functionality because nifi.remote.input.socket.port is not set
[main] INFO org.apache.nifi.controller.FlowController - Not enabling HTTP(S) Site-to-Site functionality because the 'nifi.remote.input.http.enabled' property is not true
[main] ERROR org.apache.nifi.controller.ExtensionBuilder - Could not create Controller Service of type org.apache.nifi.NonExistingControllerService for ID 1234-Controller-Service due to: org.apache.nifi.NonExistingControllerService; creating "Ghost" implementation
[main] INFO org.apache.nifi.controller.FlowController - Initiated immediate shutdown of flow controller...
[main] INFO org.apache.nifi.controller.FlowController - Controller has been terminated successfully.
]]></system-err>
  </testcase>
  <testcase name="testSynchronizeFlowWhenBundlesAreDifferent" classname="org.apache.nifi.controller.TestFlowController" time="0.374">
    <system-err><![CDATA[[main] INFO org.apache.nifi.registry.variable.FileBasedVariableRegistry - Loaded 119 properties from system properties and environment variables
[main] INFO org.apache.nifi.registry.variable.FileBasedVariableRegistry - Loaded a total of 119 properties.  Including precedence overrides effective accessible registry key size is 119
[main] INFO org.apache.nifi.controller.repository.WriteAheadFlowFileRepository - Initialized FlowFile Repository
[main] INFO org.apache.nifi.controller.FlowController - Creating Provenance Repository [org.apache.nifi.provenance.MockProvenanceRepository]
[main] INFO org.apache.nifi.controller.FlowController - Creating Content Repository [org.apache.nifi.controller.repository.VolatileContentRepository]
[main] INFO org.apache.nifi.controller.FlowController - Not enabling RAW Socket Site-to-Site functionality because nifi.remote.input.socket.port is not set
[main] INFO org.apache.nifi.controller.FlowController - Not enabling HTTP(S) Site-to-Site functionality because the 'nifi.remote.input.http.enabled' property is not true
[main] INFO org.apache.nifi.groups.StandardProcessGroup - DummyProcessor[id=d89ada5d-35fb-44ff-83f1-4cc00b48b2df] added to StandardProcessGroup[identifier=e3909250-331d-420b-a9b3-cc54ad459401,name=NiFi Flow]
[main] INFO org.apache.nifi.controller.scheduling.StandardProcessScheduler - Stopping DummyProcessor[id=d89ada5d-35fb-44ff-83f1-4cc00b48b2df]
[main] INFO org.apache.nifi.controller.StandardProcessorNode - Stopping processor: DummyProcessor[id=d89ada5d-35fb-44ff-83f1-4cc00b48b2df]
[main] INFO org.apache.nifi.controller.FlowController - Successfully synchronized controller with proposed flow. Flow contains the following number of components: {Processors=1, Controller Services=0, Reporting Tasks=0, Process Groups=0, Remote Process Groups=0, Local Input Ports=0, Local Output Ports=0, Public Input Ports=0, Public Output Ports=0}
[main] INFO org.apache.nifi.wali.SequentialAccessWriteAheadLog - Recovering records from Write-Ahead Log at ./target/flowcontrollertest/test-repo
[main] INFO org.apache.nifi.wali.SequentialAccessWriteAheadLog - No Snapshot File to recover from at ./target/flowcontrollertest/test-repo. Now recovering records from 0 journal files
[main] INFO org.apache.nifi.wali.SequentialAccessWriteAheadLog - Successfully recovered 0 records in 0 milliseconds. Now checkpointing to ensure that Write-Ahead Log is in a consistent state
[main] INFO org.apache.nifi.wali.SequentialAccessWriteAheadLog - Checkpointed Write-Ahead Log with 0 Records and 0 Swap Files in 2 milliseconds (Stop-the-world time = 0 milliseconds), max Transaction ID -1
[main] INFO org.apache.nifi.controller.repository.WriteAheadFlowFileRepository - Successfully restored 0 FlowFiles and 0 Swap Files
[main] INFO org.apache.nifi.controller.FlowController - Initiated immediate shutdown of flow controller...
[main] INFO org.apache.nifi.controller.FlowController - Controller has been terminated successfully.
]]></system-err>
  </testcase>
  <testcase name="testReloadProcessorWithAdditionalResources" classname="org.apache.nifi.controller.TestFlowController" time="0.321">
    <system-err><![CDATA[[main] INFO org.apache.nifi.registry.variable.FileBasedVariableRegistry - Loaded 119 properties from system properties and environment variables
[main] INFO org.apache.nifi.registry.variable.FileBasedVariableRegistry - Loaded a total of 119 properties.  Including precedence overrides effective accessible registry key size is 119
[main-SendThread(localhost:34259)] INFO org.apache.zookeeper.ClientCnxn - Opening socket connection to server localhost/127.0.0.1:34259. Will not attempt to authenticate using SASL (unknown error)
[main-SendThread(localhost:34259)] INFO org.apache.zookeeper.ClientCnxn - Socket error occurred: localhost/127.0.0.1:34259: Connection refused
[main] INFO org.apache.nifi.controller.repository.WriteAheadFlowFileRepository - Initialized FlowFile Repository
[main] INFO org.apache.nifi.controller.FlowController - Creating Provenance Repository [org.apache.nifi.provenance.MockProvenanceRepository]
[main] INFO org.apache.nifi.controller.FlowController - Creating Content Repository [org.apache.nifi.controller.repository.VolatileContentRepository]
[main] INFO org.apache.nifi.controller.FlowController - Not enabling RAW Socket Site-to-Site functionality because nifi.remote.input.socket.port is not set
[main] INFO org.apache.nifi.controller.FlowController - Not enabling HTTP(S) Site-to-Site functionality because the 'nifi.remote.input.http.enabled' property is not true
[main] INFO org.apache.nifi.controller.FlowController - Initiated immediate shutdown of flow controller...
[main] INFO org.apache.nifi.controller.FlowController - Controller has been terminated successfully.
]]></system-err>
  </testcase>
  <testcase name="testPrimaryNodeOnlyAnnotation" classname="org.apache.nifi.controller.TestFlowController" time="0.343">
    <system-err><![CDATA[[main] INFO org.apache.nifi.registry.variable.FileBasedVariableRegistry - Loaded 119 properties from system properties and environment variables
[main] INFO org.apache.nifi.registry.variable.FileBasedVariableRegistry - Loaded a total of 119 properties.  Including precedence overrides effective accessible registry key size is 119
[main] INFO org.apache.nifi.controller.repository.WriteAheadFlowFileRepository - Initialized FlowFile Repository
[main] INFO org.apache.nifi.controller.FlowController - Creating Provenance Repository [org.apache.nifi.provenance.MockProvenanceRepository]
[main] INFO org.apache.nifi.controller.FlowController - Creating Content Repository [org.apache.nifi.controller.repository.VolatileContentRepository]
[main] INFO org.apache.nifi.controller.FlowController - Not enabling RAW Socket Site-to-Site functionality because nifi.remote.input.socket.port is not set
[main] INFO org.apache.nifi.controller.FlowController - Not enabling HTTP(S) Site-to-Site functionality because the 'nifi.remote.input.http.enabled' property is not true
[main] INFO org.apache.nifi.controller.FlowController - Initiated immediate shutdown of flow controller...
[main] INFO org.apache.nifi.controller.FlowController - Controller has been terminated successfully.
]]></system-err>
  </testcase>
  <testcase name="testSynchronizeFlowWhenProposedAuthorizationsAreNull" classname="org.apache.nifi.controller.TestFlowController" time="0.35">
    <system-err><![CDATA[[main] INFO org.apache.nifi.registry.variable.FileBasedVariableRegistry - Loaded 119 properties from system properties and environment variables
[main] INFO org.apache.nifi.registry.variable.FileBasedVariableRegistry - Loaded a total of 119 properties.  Including precedence overrides effective accessible registry key size is 119
[main] INFO org.apache.nifi.controller.repository.WriteAheadFlowFileRepository - Initialized FlowFile Repository
[main] INFO org.apache.nifi.controller.FlowController - Creating Provenance Repository [org.apache.nifi.provenance.MockProvenanceRepository]
[main] INFO org.apache.nifi.controller.FlowController - Creating Content Repository [org.apache.nifi.controller.repository.VolatileContentRepository]
[main] INFO org.apache.nifi.controller.FlowController - Not enabling RAW Socket Site-to-Site functionality because nifi.remote.input.socket.port is not set
[main] INFO org.apache.nifi.controller.FlowController - Not enabling HTTP(S) Site-to-Site functionality because the 'nifi.remote.input.http.enabled' property is not true
[main] INFO org.apache.nifi.groups.StandardProcessGroup - DummyProcessor[id=809cca74-cd11-4ffa-9831-39d446a8ed55] added to StandardProcessGroup[identifier=778f676e-6542-4c18-9d06-24b6fd3a1b29,name=NiFi Flow]
[main] INFO org.apache.nifi.controller.scheduling.StandardProcessScheduler - Stopping DummyProcessor[id=809cca74-cd11-4ffa-9831-39d446a8ed55]
[main] INFO org.apache.nifi.controller.StandardProcessorNode - Stopping processor: DummyProcessor[id=809cca74-cd11-4ffa-9831-39d446a8ed55]
[main] INFO org.apache.nifi.controller.ExtensionBuilder - Created Controller Service of type org.apache.nifi.controller.service.mock.ServiceD with identifier edf22ee5-376a-46dc-a38a-919351124457
[main] INFO org.apache.nifi.groups.StandardProcessGroup - StandardControllerServiceNode[service=ServiceD[id=edf22ee5-376a-46dc-a38a-919351124457], name=ControllerService, active=false] added to StandardProcessGroup[identifier=778f676e-6542-4c18-9d06-24b6fd3a1b29,name=NiFi Flow]
[main] INFO org.apache.nifi.authorization.AbstractPolicyBasedAuthorizer - Cannot directly inherit Policies, Users & Groups. Will backup existing Policies, Users & Groups, and then replace with proposed configuration
[main] INFO org.apache.nifi.controller.FlowController - Successfully synchronized controller with proposed flow. Flow contains the following number of components: {Processors=1, Controller Services=1, Reporting Tasks=0, Process Groups=0, Remote Process Groups=0, Local Input Ports=0, Local Output Ports=0, Public Input Ports=0, Public Output Ports=0}
[main] INFO org.apache.nifi.wali.SequentialAccessWriteAheadLog - Recovering records from Write-Ahead Log at ./target/flowcontrollertest/test-repo
[main] INFO org.apache.nifi.wali.SequentialAccessWriteAheadLog - No Snapshot File to recover from at ./target/flowcontrollertest/test-repo. Now recovering records from 0 journal files
[main] INFO org.apache.nifi.wali.SequentialAccessWriteAheadLog - Successfully recovered 0 records in 0 milliseconds. Now checkpointing to ensure that Write-Ahead Log is in a consistent state
[main] INFO org.apache.nifi.wali.SequentialAccessWriteAheadLog - Checkpointed Write-Ahead Log with 0 Records and 0 Swap Files in 2 milliseconds (Stop-the-world time = 0 milliseconds), max Transaction ID -1
[main] INFO org.apache.nifi.controller.repository.WriteAheadFlowFileRepository - Successfully restored 0 FlowFiles and 0 Swap Files
[main] INFO org.apache.nifi.groups.StandardProcessGroup - DummyProcessor[id=809cca74-cd11-4ffa-9831-39d446a8ed55] removed from flow
[Framework Task Thread Thread-1] WARN org.apache.nifi.controller.state.manager.StandardStateManagerProvider - Component with ID 809cca74-cd11-4ffa-9831-39d446a8ed55 was removed from NiFi instance but failed to clear clustered state for the component
java.lang.IllegalStateException: Partition is closed
	at org.wali.MinimalLockingWriteAheadLog$Partition.update(MinimalLockingWriteAheadLog.java:953)
	at org.wali.MinimalLockingWriteAheadLog.update(MinimalLockingWriteAheadLog.java:244)
	at org.apache.nifi.controller.state.providers.local.WriteAheadLocalStateProvider$ComponentProvider.clear(WriteAheadLocalStateProvider.java:276)
	at org.apache.nifi.controller.state.providers.local.WriteAheadLocalStateProvider.clear(WriteAheadLocalStateProvider.java:212)
	at org.apache.nifi.controller.state.manager.StandardStateManagerProvider$1.clear(StandardStateManagerProvider.java:395)
	at org.apache.nifi.controller.state.StandardStateManager.clear(StandardStateManager.java:85)
	at org.apache.nifi.controller.state.manager.StandardStateManagerProvider.onComponentRemoved(StandardStateManagerProvider.java:514)
	at org.apache.nifi.groups.StandardProcessGroup$2.run(StandardProcessGroup.java:1055)
	at org.apache.nifi.engine.FlowEngine$2.run(FlowEngine.java:110)
	at java.util.concurrent.Executors$RunnableAdapter.call(Executors.java:511)
	at java.util.concurrent.FutureTask.run(FutureTask.java:266)
	at java.util.concurrent.ScheduledThreadPoolExecutor$ScheduledFutureTask.access$201(ScheduledThreadPoolExecutor.java:180)
	at java.util.concurrent.ScheduledThreadPoolExecutor$ScheduledFutureTask.run(ScheduledThreadPoolExecutor.java:293)
	at java.util.concurrent.ThreadPoolExecutor.runWorker(ThreadPoolExecutor.java:1149)
	at java.util.concurrent.ThreadPoolExecutor$Worker.run(ThreadPoolExecutor.java:624)
	at java.lang.Thread.run(Thread.java:750)
[Framework Task Thread Thread-1] WARN org.apache.nifi.controller.state.manager.StandardStateManagerProvider - Component with ID 809cca74-cd11-4ffa-9831-39d446a8ed55 was removed from NiFi instance but failed to clear local state for the component
java.lang.IllegalStateException: Partition is closed
	at org.wali.MinimalLockingWriteAheadLog$Partition.update(MinimalLockingWriteAheadLog.java:953)
	at org.wali.MinimalLockingWriteAheadLog.update(MinimalLockingWriteAheadLog.java:244)
	at org.apache.nifi.controller.state.providers.local.WriteAheadLocalStateProvider$ComponentProvider.clear(WriteAheadLocalStateProvider.java:276)
	at org.apache.nifi.controller.state.providers.local.WriteAheadLocalStateProvider.clear(WriteAheadLocalStateProvider.java:212)
	at org.apache.nifi.controller.state.manager.StandardStateManagerProvider$1.clear(StandardStateManagerProvider.java:395)
	at org.apache.nifi.controller.state.StandardStateManager.clear(StandardStateManager.java:85)
	at org.apache.nifi.controller.state.manager.StandardStateManagerProvider.onComponentRemoved(StandardStateManagerProvider.java:520)
	at org.apache.nifi.groups.StandardProcessGroup$2.run(StandardProcessGroup.java:1055)
	at org.apache.nifi.engine.FlowEngine$2.run(FlowEngine.java:110)
	at java.util.concurrent.Executors$RunnableAdapter.call(Executors.java:511)
	at java.util.concurrent.FutureTask.run(FutureTask.java:266)
	at java.util.concurrent.ScheduledThreadPoolExecutor$ScheduledFutureTask.access$201(ScheduledThreadPoolExecutor.java:180)
	at java.util.concurrent.ScheduledThreadPoolExecutor$ScheduledFutureTask.run(ScheduledThreadPoolExecutor.java:293)
	at java.util.concurrent.ThreadPoolExecutor.runWorker(ThreadPoolExecutor.java:1149)
	at java.util.concurrent.ThreadPoolExecutor$Worker.run(ThreadPoolExecutor.java:624)
	at java.lang.Thread.run(Thread.java:750)
[main] WARN org.apache.nifi.controller.state.manager.StandardStateManagerProvider - Component with ID edf22ee5-376a-46dc-a38a-919351124457 was removed from NiFi instance but failed to clear clustered state for the component
java.lang.IllegalStateException: Partition is closed
	at org.wali.MinimalLockingWriteAheadLog$Partition.update(MinimalLockingWriteAheadLog.java:953)
	at org.wali.MinimalLockingWriteAheadLog.update(MinimalLockingWriteAheadLog.java:244)
	at org.apache.nifi.controller.state.providers.local.WriteAheadLocalStateProvider$ComponentProvider.clear(WriteAheadLocalStateProvider.java:276)
	at org.apache.nifi.controller.state.providers.local.WriteAheadLocalStateProvider.clear(WriteAheadLocalStateProvider.java:212)
	at org.apache.nifi.controller.state.manager.StandardStateManagerProvider$1.clear(StandardStateManagerProvider.java:395)
	at org.apache.nifi.controller.state.StandardStateManager.clear(StandardStateManager.java:85)
	at org.apache.nifi.controller.state.manager.StandardStateManagerProvider.onComponentRemoved(StandardStateManagerProvider.java:514)
	at org.apache.nifi.groups.StandardProcessGroup.removeControllerService(StandardProcessGroup.java:2388)
	at org.apache.nifi.controller.service.StandardControllerServiceProvider.removeControllerService(StandardControllerServiceProvider.java:529)
	at org.apache.nifi.controller.TestFlowController.purgeFlow(TestFlowController.java:429)
	at org.apache.nifi.controller.TestFlowController.testSynchronizeFlowWhenProposedAuthorizationsAreNull(TestFlowController.java:473)
	at sun.reflect.NativeMethodAccessorImpl.invoke0(Native Method)
	at sun.reflect.NativeMethodAccessorImpl.invoke(NativeMethodAccessorImpl.java:62)
	at sun.reflect.DelegatingMethodAccessorImpl.invoke(DelegatingMethodAccessorImpl.java:43)
	at java.lang.reflect.Method.invoke(Method.java:498)
	at org.junit.runners.model.FrameworkMethod$1.runReflectiveCall(FrameworkMethod.java:59)
	at org.junit.internal.runners.model.ReflectiveCallable.run(ReflectiveCallable.java:12)
	at org.junit.runners.model.FrameworkMethod.invokeExplosively(FrameworkMethod.java:56)
	at org.junit.internal.runners.statements.InvokeMethod.evaluate(InvokeMethod.java:17)
	at org.junit.internal.runners.statements.RunBefores.evaluate(RunBefores.java:26)
	at org.junit.internal.runners.statements.RunAfters.evaluate(RunAfters.java:27)
	at org.junit.runners.ParentRunner$3.evaluate(ParentRunner.java:306)
	at org.junit.runners.BlockJUnit4ClassRunner$1.evaluate(BlockJUnit4ClassRunner.java:100)
	at org.junit.runners.ParentRunner.runLeaf(ParentRunner.java:366)
	at org.junit.runners.BlockJUnit4ClassRunner.runChild(BlockJUnit4ClassRunner.java:103)
	at org.junit.runners.BlockJUnit4ClassRunner.runChild(BlockJUnit4ClassRunner.java:63)
	at org.junit.runners.ParentRunner$4.run(ParentRunner.java:331)
	at org.junit.runners.ParentRunner$1.schedule(ParentRunner.java:79)
	at org.junit.runners.ParentRunner.runChildren(ParentRunner.java:329)
	at org.junit.runners.ParentRunner.access$100(ParentRunner.java:66)
	at org.junit.runners.ParentRunner$2.evaluate(ParentRunner.java:293)
	at org.junit.runners.ParentRunner$3.evaluate(ParentRunner.java:306)
	at org.junit.runners.ParentRunner.run(ParentRunner.java:413)
	at org.junit.runner.JUnitCore.run(JUnitCore.java:137)
	at org.junit.runner.JUnitCore.run(JUnitCore.java:115)
	at org.junit.vintage.engine.execution.RunnerExecutor.execute(RunnerExecutor.java:43)
	at java.util.stream.ForEachOps$ForEachOp$OfRef.accept(ForEachOps.java:183)
	at java.util.stream.ReferencePipeline$3$1.accept(ReferencePipeline.java:193)
	at java.util.Iterator.forEachRemaining(Iterator.java:116)
	at java.util.Spliterators$IteratorSpliterator.forEachRemaining(Spliterators.java:1801)
	at java.util.stream.AbstractPipeline.copyInto(AbstractPipeline.java:482)
	at java.util.stream.AbstractPipeline.wrapAndCopyInto(AbstractPipeline.java:472)
	at java.util.stream.ForEachOps$ForEachOp.evaluateSequential(ForEachOps.java:150)
	at java.util.stream.ForEachOps$ForEachOp$OfRef.evaluateSequential(ForEachOps.java:173)
	at java.util.stream.AbstractPipeline.evaluate(AbstractPipeline.java:234)
	at java.util.stream.ReferencePipeline.forEach(ReferencePipeline.java:485)
	at org.junit.vintage.engine.VintageTestEngine.executeAllChildren(VintageTestEngine.java:82)
	at org.junit.vintage.engine.VintageTestEngine.execute(VintageTestEngine.java:73)
	at org.junit.platform.launcher.core.EngineExecutionOrchestrator.execute(EngineExecutionOrchestrator.java:108)
	at org.junit.platform.launcher.core.EngineExecutionOrchestrator.execute(EngineExecutionOrchestrator.java:88)
	at org.junit.platform.launcher.core.EngineExecutionOrchestrator.lambda$execute$0(EngineExecutionOrchestrator.java:54)
	at org.junit.platform.launcher.core.EngineExecutionOrchestrator.withInterceptedStreams(EngineExecutionOrchestrator.java:67)
	at org.junit.platform.launcher.core.EngineExecutionOrchestrator.execute(EngineExecutionOrchestrator.java:52)
	at org.junit.platform.launcher.core.DefaultLauncher.execute(DefaultLauncher.java:96)
	at org.junit.platform.launcher.core.DefaultLauncher.execute(DefaultLauncher.java:75)
	at org.apache.maven.surefire.junitplatform.JUnitPlatformProvider.execute(JUnitPlatformProvider.java:188)
	at org.apache.maven.surefire.junitplatform.JUnitPlatformProvider.invokeAllTests(JUnitPlatformProvider.java:154)
	at org.apache.maven.surefire.junitplatform.JUnitPlatformProvider.invoke(JUnitPlatformProvider.java:128)
	at org.apache.maven.surefire.booter.ForkedBooter.runSuitesInProcess(ForkedBooter.java:428)
	at org.apache.maven.surefire.booter.ForkedBooter.execute(ForkedBooter.java:162)
	at org.apache.maven.surefire.booter.ForkedBooter.run(ForkedBooter.java:562)
	at org.apache.maven.surefire.booter.ForkedBooter.main(ForkedBooter.java:548)
[Framework Task Thread Thread-1] WARN org.apache.nifi.controller.state.manager.StandardStateManagerProvider - Component with ID 809cca74-cd11-4ffa-9831-39d446a8ed55 was removed from NiFi instance but failed to cleanup resources used to maintain its local state
java.lang.IllegalStateException: Partition is closed
	at org.wali.MinimalLockingWriteAheadLog$Partition.update(MinimalLockingWriteAheadLog.java:953)
	at org.wali.MinimalLockingWriteAheadLog.update(MinimalLockingWriteAheadLog.java:244)
	at org.apache.nifi.controller.state.providers.local.WriteAheadLocalStateProvider$ComponentProvider.clear(WriteAheadLocalStateProvider.java:276)
	at org.apache.nifi.controller.state.providers.local.WriteAheadLocalStateProvider.clear(WriteAheadLocalStateProvider.java:212)
	at org.apache.nifi.controller.state.providers.local.WriteAheadLocalStateProvider.onComponentRemoved(WriteAheadLocalStateProvider.java:217)
	at org.apache.nifi.controller.state.manager.StandardStateManagerProvider$1.onComponentRemoved(StandardStateManagerProvider.java:402)
	at org.apache.nifi.controller.state.manager.StandardStateManagerProvider.onComponentRemoved(StandardStateManagerProvider.java:526)
	at org.apache.nifi.groups.StandardProcessGroup$2.run(StandardProcessGroup.java:1055)
	at org.apache.nifi.engine.FlowEngine$2.run(FlowEngine.java:110)
	at java.util.concurrent.Executors$RunnableAdapter.call(Executors.java:511)
	at java.util.concurrent.FutureTask.run(FutureTask.java:266)
	at java.util.concurrent.ScheduledThreadPoolExecutor$ScheduledFutureTask.access$201(ScheduledThreadPoolExecutor.java:180)
	at java.util.concurrent.ScheduledThreadPoolExecutor$ScheduledFutureTask.run(ScheduledThreadPoolExecutor.java:293)
	at java.util.concurrent.ThreadPoolExecutor.runWorker(ThreadPoolExecutor.java:1149)
	at java.util.concurrent.ThreadPoolExecutor$Worker.run(ThreadPoolExecutor.java:624)
	at java.lang.Thread.run(Thread.java:750)
[main] WARN org.apache.nifi.controller.state.manager.StandardStateManagerProvider - Component with ID edf22ee5-376a-46dc-a38a-919351124457 was removed from NiFi instance but failed to clear local state for the component
java.lang.IllegalStateException: Partition is closed
	at org.wali.MinimalLockingWriteAheadLog$Partition.update(MinimalLockingWriteAheadLog.java:953)
	at org.wali.MinimalLockingWriteAheadLog.update(MinimalLockingWriteAheadLog.java:244)
	at org.apache.nifi.controller.state.providers.local.WriteAheadLocalStateProvider$ComponentProvider.clear(WriteAheadLocalStateProvider.java:276)
	at org.apache.nifi.controller.state.providers.local.WriteAheadLocalStateProvider.clear(WriteAheadLocalStateProvider.java:212)
	at org.apache.nifi.controller.state.manager.StandardStateManagerProvider$1.clear(StandardStateManagerProvider.java:395)
	at org.apache.nifi.controller.state.StandardStateManager.clear(StandardStateManager.java:85)
	at org.apache.nifi.controller.state.manager.StandardStateManagerProvider.onComponentRemoved(StandardStateManagerProvider.java:520)
	at org.apache.nifi.groups.StandardProcessGroup.removeControllerService(StandardProcessGroup.java:2388)
	at org.apache.nifi.controller.service.StandardControllerServiceProvider.removeControllerService(StandardControllerServiceProvider.java:529)
	at org.apache.nifi.controller.TestFlowController.purgeFlow(TestFlowController.java:429)
	at org.apache.nifi.controller.TestFlowController.testSynchronizeFlowWhenProposedAuthorizationsAreNull(TestFlowController.java:473)
	at sun.reflect.NativeMethodAccessorImpl.invoke0(Native Method)
	at sun.reflect.NativeMethodAccessorImpl.invoke(NativeMethodAccessorImpl.java:62)
	at sun.reflect.DelegatingMethodAccessorImpl.invoke(DelegatingMethodAccessorImpl.java:43)
	at java.lang.reflect.Method.invoke(Method.java:498)
	at org.junit.runners.model.FrameworkMethod$1.runReflectiveCall(FrameworkMethod.java:59)
	at org.junit.internal.runners.model.ReflectiveCallable.run(ReflectiveCallable.java:12)
	at org.junit.runners.model.FrameworkMethod.invokeExplosively(FrameworkMethod.java:56)
	at org.junit.internal.runners.statements.InvokeMethod.evaluate(InvokeMethod.java:17)
	at org.junit.internal.runners.statements.RunBefores.evaluate(RunBefores.java:26)
	at org.junit.internal.runners.statements.RunAfters.evaluate(RunAfters.java:27)
	at org.junit.runners.ParentRunner$3.evaluate(ParentRunner.java:306)
	at org.junit.runners.BlockJUnit4ClassRunner$1.evaluate(BlockJUnit4ClassRunner.java:100)
	at org.junit.runners.ParentRunner.runLeaf(ParentRunner.java:366)
	at org.junit.runners.BlockJUnit4ClassRunner.runChild(BlockJUnit4ClassRunner.java:103)
	at org.junit.runners.BlockJUnit4ClassRunner.runChild(BlockJUnit4ClassRunner.java:63)
	at org.junit.runners.ParentRunner$4.run(ParentRunner.java:331)
	at org.junit.runners.ParentRunner$1.schedule(ParentRunner.java:79)
	at org.junit.runners.ParentRunner.runChildren(ParentRunner.java:329)
	at org.junit.runners.ParentRunner.access$100(ParentRunner.java:66)
	at org.junit.runners.ParentRunner$2.evaluate(ParentRunner.java:293)
	at org.junit.runners.ParentRunner$3.evaluate(ParentRunner.java:306)
	at org.junit.runners.ParentRunner.run(ParentRunner.java:413)
	at org.junit.runner.JUnitCore.run(JUnitCore.java:137)
	at org.junit.runner.JUnitCore.run(JUnitCore.java:115)
	at org.junit.vintage.engine.execution.RunnerExecutor.execute(RunnerExecutor.java:43)
	at java.util.stream.ForEachOps$ForEachOp$OfRef.accept(ForEachOps.java:183)
	at java.util.stream.ReferencePipeline$3$1.accept(ReferencePipeline.java:193)
	at java.util.Iterator.forEachRemaining(Iterator.java:116)
	at java.util.Spliterators$IteratorSpliterator.forEachRemaining(Spliterators.java:1801)
	at java.util.stream.AbstractPipeline.copyInto(AbstractPipeline.java:482)
	at java.util.stream.AbstractPipeline.wrapAndCopyInto(AbstractPipeline.java:472)
	at java.util.stream.ForEachOps$ForEachOp.evaluateSequential(ForEachOps.java:150)
	at java.util.stream.ForEachOps$ForEachOp$OfRef.evaluateSequential(ForEachOps.java:173)
	at java.util.stream.AbstractPipeline.evaluate(AbstractPipeline.java:234)
	at java.util.stream.ReferencePipeline.forEach(ReferencePipeline.java:485)
	at org.junit.vintage.engine.VintageTestEngine.executeAllChildren(VintageTestEngine.java:82)
	at org.junit.vintage.engine.VintageTestEngine.execute(VintageTestEngine.java:73)
	at org.junit.platform.launcher.core.EngineExecutionOrchestrator.execute(EngineExecutionOrchestrator.java:108)
	at org.junit.platform.launcher.core.EngineExecutionOrchestrator.execute(EngineExecutionOrchestrator.java:88)
	at org.junit.platform.launcher.core.EngineExecutionOrchestrator.lambda$execute$0(EngineExecutionOrchestrator.java:54)
	at org.junit.platform.launcher.core.EngineExecutionOrchestrator.withInterceptedStreams(EngineExecutionOrchestrator.java:67)
	at org.junit.platform.launcher.core.EngineExecutionOrchestrator.execute(EngineExecutionOrchestrator.java:52)
	at org.junit.platform.launcher.core.DefaultLauncher.execute(DefaultLauncher.java:96)
	at org.junit.platform.launcher.core.DefaultLauncher.execute(DefaultLauncher.java:75)
	at org.apache.maven.surefire.junitplatform.JUnitPlatformProvider.execute(JUnitPlatformProvider.java:188)
	at org.apache.maven.surefire.junitplatform.JUnitPlatformProvider.invokeAllTests(JUnitPlatformProvider.java:154)
	at org.apache.maven.surefire.junitplatform.JUnitPlatformProvider.invoke(JUnitPlatformProvider.java:128)
	at org.apache.maven.surefire.booter.ForkedBooter.runSuitesInProcess(ForkedBooter.java:428)
	at org.apache.maven.surefire.booter.ForkedBooter.execute(ForkedBooter.java:162)
	at org.apache.maven.surefire.booter.ForkedBooter.run(ForkedBooter.java:562)
	at org.apache.maven.surefire.booter.ForkedBooter.main(ForkedBooter.java:548)
[main] WARN org.apache.nifi.controller.state.manager.StandardStateManagerProvider - Component with ID edf22ee5-376a-46dc-a38a-919351124457 was removed from NiFi instance but failed to cleanup resources used to maintain its local state
java.lang.IllegalStateException: Partition is closed
	at org.wali.MinimalLockingWriteAheadLog$Partition.update(MinimalLockingWriteAheadLog.java:953)
	at org.wali.MinimalLockingWriteAheadLog.update(MinimalLockingWriteAheadLog.java:244)
	at org.apache.nifi.controller.state.providers.local.WriteAheadLocalStateProvider$ComponentProvider.clear(WriteAheadLocalStateProvider.java:276)
	at org.apache.nifi.controller.state.providers.local.WriteAheadLocalStateProvider.clear(WriteAheadLocalStateProvider.java:212)
	at org.apache.nifi.controller.state.providers.local.WriteAheadLocalStateProvider.onComponentRemoved(WriteAheadLocalStateProvider.java:217)
	at org.apache.nifi.controller.state.manager.StandardStateManagerProvider$1.onComponentRemoved(StandardStateManagerProvider.java:402)
	at org.apache.nifi.controller.state.manager.StandardStateManagerProvider.onComponentRemoved(StandardStateManagerProvider.java:526)
	at org.apache.nifi.groups.StandardProcessGroup.removeControllerService(StandardProcessGroup.java:2388)
	at org.apache.nifi.controller.service.StandardControllerServiceProvider.removeControllerService(StandardControllerServiceProvider.java:529)
	at org.apache.nifi.controller.TestFlowController.purgeFlow(TestFlowController.java:429)
	at org.apache.nifi.controller.TestFlowController.testSynchronizeFlowWhenProposedAuthorizationsAreNull(TestFlowController.java:473)
	at sun.reflect.NativeMethodAccessorImpl.invoke0(Native Method)
	at sun.reflect.NativeMethodAccessorImpl.invoke(NativeMethodAccessorImpl.java:62)
	at sun.reflect.DelegatingMethodAccessorImpl.invoke(DelegatingMethodAccessorImpl.java:43)
	at java.lang.reflect.Method.invoke(Method.java:498)
	at org.junit.runners.model.FrameworkMethod$1.runReflectiveCall(FrameworkMethod.java:59)
	at org.junit.internal.runners.model.ReflectiveCallable.run(ReflectiveCallable.java:12)
	at org.junit.runners.model.FrameworkMethod.invokeExplosively(FrameworkMethod.java:56)
	at org.junit.internal.runners.statements.InvokeMethod.evaluate(InvokeMethod.java:17)
	at org.junit.internal.runners.statements.RunBefores.evaluate(RunBefores.java:26)
	at org.junit.internal.runners.statements.RunAfters.evaluate(RunAfters.java:27)
	at org.junit.runners.ParentRunner$3.evaluate(ParentRunner.java:306)
	at org.junit.runners.BlockJUnit4ClassRunner$1.evaluate(BlockJUnit4ClassRunner.java:100)
	at org.junit.runners.ParentRunner.runLeaf(ParentRunner.java:366)
	at org.junit.runners.BlockJUnit4ClassRunner.runChild(BlockJUnit4ClassRunner.java:103)
	at org.junit.runners.BlockJUnit4ClassRunner.runChild(BlockJUnit4ClassRunner.java:63)
	at org.junit.runners.ParentRunner$4.run(ParentRunner.java:331)
	at org.junit.runners.ParentRunner$1.schedule(ParentRunner.java:79)
	at org.junit.runners.ParentRunner.runChildren(ParentRunner.java:329)
	at org.junit.runners.ParentRunner.access$100(ParentRunner.java:66)
	at org.junit.runners.ParentRunner$2.evaluate(ParentRunner.java:293)
	at org.junit.runners.ParentRunner$3.evaluate(ParentRunner.java:306)
	at org.junit.runners.ParentRunner.run(ParentRunner.java:413)
	at org.junit.runner.JUnitCore.run(JUnitCore.java:137)
	at org.junit.runner.JUnitCore.run(JUnitCore.java:115)
	at org.junit.vintage.engine.execution.RunnerExecutor.execute(RunnerExecutor.java:43)
	at java.util.stream.ForEachOps$ForEachOp$OfRef.accept(ForEachOps.java:183)
	at java.util.stream.ReferencePipeline$3$1.accept(ReferencePipeline.java:193)
	at java.util.Iterator.forEachRemaining(Iterator.java:116)
	at java.util.Spliterators$IteratorSpliterator.forEachRemaining(Spliterators.java:1801)
	at java.util.stream.AbstractPipeline.copyInto(AbstractPipeline.java:482)
	at java.util.stream.AbstractPipeline.wrapAndCopyInto(AbstractPipeline.java:472)
	at java.util.stream.ForEachOps$ForEachOp.evaluateSequential(ForEachOps.java:150)
	at java.util.stream.ForEachOps$ForEachOp$OfRef.evaluateSequential(ForEachOps.java:173)
	at java.util.stream.AbstractPipeline.evaluate(AbstractPipeline.java:234)
	at java.util.stream.ReferencePipeline.forEach(ReferencePipeline.java:485)
	at org.junit.vintage.engine.VintageTestEngine.executeAllChildren(VintageTestEngine.java:82)
	at org.junit.vintage.engine.VintageTestEngine.execute(VintageTestEngine.java:73)
	at org.junit.platform.launcher.core.EngineExecutionOrchestrator.execute(EngineExecutionOrchestrator.java:108)
	at org.junit.platform.launcher.core.EngineExecutionOrchestrator.execute(EngineExecutionOrchestrator.java:88)
	at org.junit.platform.launcher.core.EngineExecutionOrchestrator.lambda$execute$0(EngineExecutionOrchestrator.java:54)
	at org.junit.platform.launcher.core.EngineExecutionOrchestrator.withInterceptedStreams(EngineExecutionOrchestrator.java:67)
	at org.junit.platform.launcher.core.EngineExecutionOrchestrator.execute(EngineExecutionOrchestrator.java:52)
	at org.junit.platform.launcher.core.DefaultLauncher.execute(DefaultLauncher.java:96)
	at org.junit.platform.launcher.core.DefaultLauncher.execute(DefaultLauncher.java:75)
	at org.apache.maven.surefire.junitplatform.JUnitPlatformProvider.execute(JUnitPlatformProvider.java:188)
	at org.apache.maven.surefire.junitplatform.JUnitPlatformProvider.invokeAllTests(JUnitPlatformProvider.java:154)
	at org.apache.maven.surefire.junitplatform.JUnitPlatformProvider.invoke(JUnitPlatformProvider.java:128)
	at org.apache.maven.surefire.booter.ForkedBooter.runSuitesInProcess(ForkedBooter.java:428)
	at org.apache.maven.surefire.booter.ForkedBooter.execute(ForkedBooter.java:162)
	at org.apache.maven.surefire.booter.ForkedBooter.run(ForkedBooter.java:562)
	at org.apache.maven.surefire.booter.ForkedBooter.main(ForkedBooter.java:548)
[main] INFO org.apache.nifi.groups.StandardProcessGroup - StandardControllerServiceNode[service=ServiceD[id=edf22ee5-376a-46dc-a38a-919351124457], name=ControllerService, active=false] removed from StandardProcessGroup[identifier=778f676e-6542-4c18-9d06-24b6fd3a1b29,name=NiFi Flow]
[main] INFO org.apache.nifi.controller.FlowController - Initiated immediate shutdown of flow controller...
[main] INFO org.apache.nifi.controller.FlowController - Controller has been terminated successfully.
]]></system-err>
  </testcase>
  <testcase name="testSynchronizeFlowWhenCurrentAuthorizationsAreEmptyAndProposedAreNot" classname="org.apache.nifi.controller.TestFlowController" time="0.65">
    <system-err><![CDATA[[main] INFO org.apache.nifi.registry.variable.FileBasedVariableRegistry - Loaded 119 properties from system properties and environment variables
[main] INFO org.apache.nifi.registry.variable.FileBasedVariableRegistry - Loaded a total of 119 properties.  Including precedence overrides effective accessible registry key size is 119
[main] INFO org.apache.nifi.controller.repository.WriteAheadFlowFileRepository - Initialized FlowFile Repository
[main] INFO org.apache.nifi.controller.FlowController - Creating Provenance Repository [org.apache.nifi.provenance.MockProvenanceRepository]
[main] INFO org.apache.nifi.controller.FlowController - Creating Content Repository [org.apache.nifi.controller.repository.VolatileContentRepository]
[main] INFO org.apache.nifi.controller.FlowController - Not enabling RAW Socket Site-to-Site functionality because nifi.remote.input.socket.port is not set
[main] INFO org.apache.nifi.controller.FlowController - Not enabling HTTP(S) Site-to-Site functionality because the 'nifi.remote.input.http.enabled' property is not true
[main] INFO org.apache.nifi.controller.FlowController - Initiated immediate shutdown of flow controller...
[main] INFO org.apache.nifi.controller.FlowController - Controller has been terminated successfully.
[main] INFO org.apache.nifi.controller.repository.WriteAheadFlowFileRepository - Initialized FlowFile Repository
[main] INFO org.apache.nifi.controller.FlowController - Creating Provenance Repository [org.apache.nifi.provenance.MockProvenanceRepository]
[main] INFO org.apache.nifi.controller.FlowController - Creating Content Repository [org.apache.nifi.controller.repository.VolatileContentRepository]
[main] INFO org.apache.nifi.controller.FlowController - Not enabling RAW Socket Site-to-Site functionality because nifi.remote.input.socket.port is not set
[main] INFO org.apache.nifi.controller.FlowController - Not enabling HTTP(S) Site-to-Site functionality because the 'nifi.remote.input.http.enabled' property is not true
[main] INFO org.apache.nifi.controller.FlowController - Successfully synchronized controller with proposed flow. Flow contains the following number of components: {Processors=0, Controller Services=0, Reporting Tasks=0, Process Groups=0, Remote Process Groups=0, Local Input Ports=0, Local Output Ports=0, Public Input Ports=0, Public Output Ports=0}
[main] INFO org.apache.nifi.controller.FlowController - Initiated immediate shutdown of flow controller...
[main] INFO org.apache.nifi.controller.FlowController - Controller has been terminated successfully.
]]></system-err>
  </testcase>
  <testcase name="testProcessorDefaultSettingsAnnotation" classname="org.apache.nifi.controller.TestFlowController" time="0.321">
    <system-err><![CDATA[[main] INFO org.apache.nifi.registry.variable.FileBasedVariableRegistry - Loaded 119 properties from system properties and environment variables
[main] INFO org.apache.nifi.registry.variable.FileBasedVariableRegistry - Loaded a total of 119 properties.  Including precedence overrides effective accessible registry key size is 119
[main-SendThread(localhost:34259)] INFO org.apache.zookeeper.ClientCnxn - Opening socket connection to server localhost/127.0.0.1:34259. Will not attempt to authenticate using SASL (unknown error)
[main-SendThread(localhost:34259)] INFO org.apache.zookeeper.ClientCnxn - Socket error occurred: localhost/127.0.0.1:34259: Connection refused
[main] INFO org.apache.nifi.controller.repository.WriteAheadFlowFileRepository - Initialized FlowFile Repository
[main] INFO org.apache.nifi.controller.FlowController - Creating Provenance Repository [org.apache.nifi.provenance.MockProvenanceRepository]
[main] INFO org.apache.nifi.controller.FlowController - Creating Content Repository [org.apache.nifi.controller.repository.VolatileContentRepository]
[main] INFO org.apache.nifi.controller.FlowController - Not enabling RAW Socket Site-to-Site functionality because nifi.remote.input.socket.port is not set
[main] INFO org.apache.nifi.controller.FlowController - Not enabling HTTP(S) Site-to-Site functionality because the 'nifi.remote.input.http.enabled' property is not true
[main] INFO org.apache.nifi.controller.FlowController - Initiated immediate shutdown of flow controller...
[main] INFO org.apache.nifi.controller.FlowController - Controller has been terminated successfully.
]]></system-err>
  </testcase>
  <testcase name="testReloadProcessor" classname="org.apache.nifi.controller.TestFlowController" time="0.351">
    <system-err><![CDATA[[main] INFO org.apache.nifi.registry.variable.FileBasedVariableRegistry - Loaded 119 properties from system properties and environment variables
[main] INFO org.apache.nifi.registry.variable.FileBasedVariableRegistry - Loaded a total of 119 properties.  Including precedence overrides effective accessible registry key size is 119
[main] INFO org.apache.nifi.controller.repository.WriteAheadFlowFileRepository - Initialized FlowFile Repository
[main] INFO org.apache.nifi.controller.FlowController - Creating Provenance Repository [org.apache.nifi.provenance.MockProvenanceRepository]
[main] INFO org.apache.nifi.controller.FlowController - Creating Content Repository [org.apache.nifi.controller.repository.VolatileContentRepository]
[main] INFO org.apache.nifi.controller.FlowController - Not enabling RAW Socket Site-to-Site functionality because nifi.remote.input.socket.port is not set
[main] INFO org.apache.nifi.controller.FlowController - Not enabling HTTP(S) Site-to-Site functionality because the 'nifi.remote.input.http.enabled' property is not true
[main] INFO org.apache.nifi.controller.FlowController - Initiated immediate shutdown of flow controller...
[main] INFO org.apache.nifi.controller.FlowController - Controller has been terminated successfully.
]]></system-err>
  </testcase>
  <testcase name="testCreateParameterContextWithAndWithoutValidation" classname="org.apache.nifi.controller.TestFlowController" time="0.338">
    <system-err><![CDATA[[main] INFO org.apache.nifi.registry.variable.FileBasedVariableRegistry - Loaded 119 properties from system properties and environment variables
[main] INFO org.apache.nifi.registry.variable.FileBasedVariableRegistry - Loaded a total of 119 properties.  Including precedence overrides effective accessible registry key size is 119
[main] INFO org.apache.nifi.controller.repository.WriteAheadFlowFileRepository - Initialized FlowFile Repository
[main] INFO org.apache.nifi.controller.FlowController - Creating Provenance Repository [org.apache.nifi.provenance.MockProvenanceRepository]
[main] INFO org.apache.nifi.controller.FlowController - Creating Content Repository [org.apache.nifi.controller.repository.VolatileContentRepository]
[main] INFO org.apache.nifi.controller.FlowController - Not enabling RAW Socket Site-to-Site functionality because nifi.remote.input.socket.port is not set
[main] INFO org.apache.nifi.controller.FlowController - Not enabling HTTP(S) Site-to-Site functionality because the 'nifi.remote.input.http.enabled' property is not true
[main] ERROR org.apache.nifi.controller.ExtensionBuilder - Could not create Processor of type org.apache.nifi.controller.DummyScheduledProcessor for ID c40fc154-ef89-48b8-82bf-ff6cc9e8f591 due to: org.apache.nifi.controller.DummyScheduledProcessor; creating "Ghost" implementation
[main] INFO org.apache.nifi.groups.StandardProcessGroup - GhostProcessor[id=c40fc154-ef89-48b8-82bf-ff6cc9e8f591] added to StandardProcessGroup[identifier=2ae3cdb4-0179-1000-6ddc-ed1dca231bac,name=NiFi Flow]
[main] INFO org.apache.nifi.controller.scheduling.StandardProcessScheduler - Stopping GhostProcessor[id=c40fc154-ef89-48b8-82bf-ff6cc9e8f591]
[main] INFO org.apache.nifi.controller.StandardProcessorNode - Stopping processor: GhostProcessor[id=c40fc154-ef89-48b8-82bf-ff6cc9e8f591]
[main] INFO org.apache.nifi.authorization.AbstractPolicyBasedAuthorizer - Cannot directly inherit Policies, Users & Groups. Will backup existing Policies, Users & Groups, and then replace with proposed configuration
[main] INFO org.apache.nifi.controller.FlowController - Successfully synchronized controller with proposed flow. Flow contains the following number of components: {Processors=1, Controller Services=0, Reporting Tasks=0, Process Groups=0, Remote Process Groups=0, Local Input Ports=0, Local Output Ports=0, Public Input Ports=0, Public Output Ports=0}
[main] INFO org.apache.nifi.wali.SequentialAccessWriteAheadLog - Recovering records from Write-Ahead Log at ./target/flowcontrollertest/test-repo
[main] INFO org.apache.nifi.wali.SequentialAccessWriteAheadLog - No Snapshot File to recover from at ./target/flowcontrollertest/test-repo. Now recovering records from 0 journal files
[main] INFO org.apache.nifi.wali.SequentialAccessWriteAheadLog - Successfully recovered 0 records in 0 milliseconds. Now checkpointing to ensure that Write-Ahead Log is in a consistent state
[main] INFO org.apache.nifi.wali.SequentialAccessWriteAheadLog - Checkpointed Write-Ahead Log with 0 Records and 0 Swap Files in 2 milliseconds (Stop-the-world time = 0 milliseconds), max Transaction ID -1
[main] INFO org.apache.nifi.controller.repository.WriteAheadFlowFileRepository - Successfully restored 0 FlowFiles and 0 Swap Files
[Framework Task Thread Thread-1] WARN org.apache.nifi.controller.state.manager.StandardStateManagerProvider - Component with ID c40fc154-ef89-48b8-82bf-ff6cc9e8f591 was removed from NiFi instance but failed to clear clustered state for the component
java.lang.IllegalStateException: Partition is closed
	at org.wali.MinimalLockingWriteAheadLog$Partition.update(MinimalLockingWriteAheadLog.java:953)
	at org.wali.MinimalLockingWriteAheadLog.update(MinimalLockingWriteAheadLog.java:244)
	at org.apache.nifi.controller.state.providers.local.WriteAheadLocalStateProvider$ComponentProvider.clear(WriteAheadLocalStateProvider.java:276)
	at org.apache.nifi.controller.state.providers.local.WriteAheadLocalStateProvider.clear(WriteAheadLocalStateProvider.java:212)
	at org.apache.nifi.controller.state.manager.StandardStateManagerProvider$1.clear(StandardStateManagerProvider.java:395)
	at org.apache.nifi.controller.state.StandardStateManager.clear(StandardStateManager.java:85)
	at org.apache.nifi.controller.state.manager.StandardStateManagerProvider.onComponentRemoved(StandardStateManagerProvider.java:514)
	at org.apache.nifi.groups.StandardProcessGroup$2.run(StandardProcessGroup.java:1055)
	at org.apache.nifi.engine.FlowEngine$2.run(FlowEngine.java:110)
	at java.util.concurrent.Executors$RunnableAdapter.call(Executors.java:511)
	at java.util.concurrent.FutureTask.run(FutureTask.java:266)
	at java.util.concurrent.ScheduledThreadPoolExecutor$ScheduledFutureTask.access$201(ScheduledThreadPoolExecutor.java:180)
	at java.util.concurrent.ScheduledThreadPoolExecutor$ScheduledFutureTask.run(ScheduledThreadPoolExecutor.java:293)
	at java.util.concurrent.ThreadPoolExecutor.runWorker(ThreadPoolExecutor.java:1149)
	at java.util.concurrent.ThreadPoolExecutor$Worker.run(ThreadPoolExecutor.java:624)
	at java.lang.Thread.run(Thread.java:750)
[main] INFO org.apache.nifi.groups.StandardProcessGroup - GhostProcessor[id=c40fc154-ef89-48b8-82bf-ff6cc9e8f591] removed from flow
[Framework Task Thread Thread-1] WARN org.apache.nifi.controller.state.manager.StandardStateManagerProvider - Component with ID c40fc154-ef89-48b8-82bf-ff6cc9e8f591 was removed from NiFi instance but failed to clear local state for the component
java.lang.IllegalStateException: Partition is closed
	at org.wali.MinimalLockingWriteAheadLog$Partition.update(MinimalLockingWriteAheadLog.java:953)
	at org.wali.MinimalLockingWriteAheadLog.update(MinimalLockingWriteAheadLog.java:244)
	at org.apache.nifi.controller.state.providers.local.WriteAheadLocalStateProvider$ComponentProvider.clear(WriteAheadLocalStateProvider.java:276)
	at org.apache.nifi.controller.state.providers.local.WriteAheadLocalStateProvider.clear(WriteAheadLocalStateProvider.java:212)
	at org.apache.nifi.controller.state.manager.StandardStateManagerProvider$1.clear(StandardStateManagerProvider.java:395)
	at org.apache.nifi.controller.state.StandardStateManager.clear(StandardStateManager.java:85)
	at org.apache.nifi.controller.state.manager.StandardStateManagerProvider.onComponentRemoved(StandardStateManagerProvider.java:520)
	at org.apache.nifi.groups.StandardProcessGroup$2.run(StandardProcessGroup.java:1055)
	at org.apache.nifi.engine.FlowEngine$2.run(FlowEngine.java:110)
	at java.util.concurrent.Executors$RunnableAdapter.call(Executors.java:511)
	at java.util.concurrent.FutureTask.run(FutureTask.java:266)
	at java.util.concurrent.ScheduledThreadPoolExecutor$ScheduledFutureTask.access$201(ScheduledThreadPoolExecutor.java:180)
	at java.util.concurrent.ScheduledThreadPoolExecutor$ScheduledFutureTask.run(ScheduledThreadPoolExecutor.java:293)
	at java.util.concurrent.ThreadPoolExecutor.runWorker(ThreadPoolExecutor.java:1149)
	at java.util.concurrent.ThreadPoolExecutor$Worker.run(ThreadPoolExecutor.java:624)
	at java.lang.Thread.run(Thread.java:750)
[Framework Task Thread Thread-1] WARN org.apache.nifi.controller.state.manager.StandardStateManagerProvider - Component with ID c40fc154-ef89-48b8-82bf-ff6cc9e8f591 was removed from NiFi instance but failed to cleanup resources used to maintain its local state
java.lang.IllegalStateException: Partition is closed
	at org.wali.MinimalLockingWriteAheadLog$Partition.update(MinimalLockingWriteAheadLog.java:953)
	at org.wali.MinimalLockingWriteAheadLog.update(MinimalLockingWriteAheadLog.java:244)
	at org.apache.nifi.controller.state.providers.local.WriteAheadLocalStateProvider$ComponentProvider.clear(WriteAheadLocalStateProvider.java:276)
	at org.apache.nifi.controller.state.providers.local.WriteAheadLocalStateProvider.clear(WriteAheadLocalStateProvider.java:212)
	at org.apache.nifi.controller.state.providers.local.WriteAheadLocalStateProvider.onComponentRemoved(WriteAheadLocalStateProvider.java:217)
	at org.apache.nifi.controller.state.manager.StandardStateManagerProvider$1.onComponentRemoved(StandardStateManagerProvider.java:402)
	at org.apache.nifi.controller.state.manager.StandardStateManagerProvider.onComponentRemoved(StandardStateManagerProvider.java:526)
	at org.apache.nifi.groups.StandardProcessGroup$2.run(StandardProcessGroup.java:1055)
	at org.apache.nifi.engine.FlowEngine$2.run(FlowEngine.java:110)
	at java.util.concurrent.Executors$RunnableAdapter.call(Executors.java:511)
	at java.util.concurrent.FutureTask.run(FutureTask.java:266)
	at java.util.concurrent.ScheduledThreadPoolExecutor$ScheduledFutureTask.access$201(ScheduledThreadPoolExecutor.java:180)
	at java.util.concurrent.ScheduledThreadPoolExecutor$ScheduledFutureTask.run(ScheduledThreadPoolExecutor.java:293)
	at java.util.concurrent.ThreadPoolExecutor.runWorker(ThreadPoolExecutor.java:1149)
	at java.util.concurrent.ThreadPoolExecutor$Worker.run(ThreadPoolExecutor.java:624)
	at java.lang.Thread.run(Thread.java:750)
[main] INFO org.apache.nifi.controller.FlowController - Initiated immediate shutdown of flow controller...
[main] INFO org.apache.nifi.controller.FlowController - Controller has been terminated successfully.
]]></system-err>
  </testcase>
  <testcase name="testCreateMissingReportingTask" classname="org.apache.nifi.controller.TestFlowController" time="0.321">
    <system-err><![CDATA[[main] INFO org.apache.nifi.registry.variable.FileBasedVariableRegistry - Loaded 119 properties from system properties and environment variables
[main] INFO org.apache.nifi.registry.variable.FileBasedVariableRegistry - Loaded a total of 119 properties.  Including precedence overrides effective accessible registry key size is 119
[main] INFO org.apache.nifi.controller.repository.WriteAheadFlowFileRepository - Initialized FlowFile Repository
[main] INFO org.apache.nifi.controller.FlowController - Creating Provenance Repository [org.apache.nifi.provenance.MockProvenanceRepository]
[main] INFO org.apache.nifi.controller.FlowController - Creating Content Repository [org.apache.nifi.controller.repository.VolatileContentRepository]
[main] INFO org.apache.nifi.controller.FlowController - Not enabling RAW Socket Site-to-Site functionality because nifi.remote.input.socket.port is not set
[main] INFO org.apache.nifi.controller.FlowController - Not enabling HTTP(S) Site-to-Site functionality because the 'nifi.remote.input.http.enabled' property is not true
[main] ERROR org.apache.nifi.controller.ExtensionBuilder - Could not create ReportingTask of type org.apache.nifi.NonExistingReportingTask for ID 1234-Reporting-Task; creating "Ghost" implementation
org.apache.nifi.controller.reporting.ReportingTaskInstantiationException: org.apache.nifi.NonExistingReportingTask
	at org.apache.nifi.controller.ExtensionBuilder.createLoggableReportingTask(ExtensionBuilder.java:532)
	at org.apache.nifi.controller.ExtensionBuilder.buildReportingTask(ExtensionBuilder.java:251)
	at org.apache.nifi.controller.flow.StandardFlowManager.createReportingTask(StandardFlowManager.java:381)
	at org.apache.nifi.controller.flow.AbstractFlowManager.createReportingTask(AbstractFlowManager.java:370)
	at org.apache.nifi.controller.FlowController.createReportingTask(FlowController.java:2019)
	at org.apache.nifi.controller.TestFlowController.testCreateMissingReportingTask(TestFlowController.java:663)
	at sun.reflect.NativeMethodAccessorImpl.invoke0(Native Method)
	at sun.reflect.NativeMethodAccessorImpl.invoke(NativeMethodAccessorImpl.java:62)
	at sun.reflect.DelegatingMethodAccessorImpl.invoke(DelegatingMethodAccessorImpl.java:43)
	at java.lang.reflect.Method.invoke(Method.java:498)
	at org.junit.runners.model.FrameworkMethod$1.runReflectiveCall(FrameworkMethod.java:59)
	at org.junit.internal.runners.model.ReflectiveCallable.run(ReflectiveCallable.java:12)
	at org.junit.runners.model.FrameworkMethod.invokeExplosively(FrameworkMethod.java:56)
	at org.junit.internal.runners.statements.InvokeMethod.evaluate(InvokeMethod.java:17)
	at org.junit.internal.runners.statements.RunBefores.evaluate(RunBefores.java:26)
	at org.junit.internal.runners.statements.RunAfters.evaluate(RunAfters.java:27)
	at org.junit.runners.ParentRunner$3.evaluate(ParentRunner.java:306)
	at org.junit.runners.BlockJUnit4ClassRunner$1.evaluate(BlockJUnit4ClassRunner.java:100)
	at org.junit.runners.ParentRunner.runLeaf(ParentRunner.java:366)
	at org.junit.runners.BlockJUnit4ClassRunner.runChild(BlockJUnit4ClassRunner.java:103)
	at org.junit.runners.BlockJUnit4ClassRunner.runChild(BlockJUnit4ClassRunner.java:63)
	at org.junit.runners.ParentRunner$4.run(ParentRunner.java:331)
	at org.junit.runners.ParentRunner$1.schedule(ParentRunner.java:79)
	at org.junit.runners.ParentRunner.runChildren(ParentRunner.java:329)
	at org.junit.runners.ParentRunner.access$100(ParentRunner.java:66)
	at org.junit.runners.ParentRunner$2.evaluate(ParentRunner.java:293)
	at org.junit.runners.ParentRunner$3.evaluate(ParentRunner.java:306)
	at org.junit.runners.ParentRunner.run(ParentRunner.java:413)
	at org.junit.runner.JUnitCore.run(JUnitCore.java:137)
	at org.junit.runner.JUnitCore.run(JUnitCore.java:115)
	at org.junit.vintage.engine.execution.RunnerExecutor.execute(RunnerExecutor.java:43)
	at java.util.stream.ForEachOps$ForEachOp$OfRef.accept(ForEachOps.java:183)
	at java.util.stream.ReferencePipeline$3$1.accept(ReferencePipeline.java:193)
	at java.util.Iterator.forEachRemaining(Iterator.java:116)
	at java.util.Spliterators$IteratorSpliterator.forEachRemaining(Spliterators.java:1801)
	at java.util.stream.AbstractPipeline.copyInto(AbstractPipeline.java:482)
	at java.util.stream.AbstractPipeline.wrapAndCopyInto(AbstractPipeline.java:472)
	at java.util.stream.ForEachOps$ForEachOp.evaluateSequential(ForEachOps.java:150)
	at java.util.stream.ForEachOps$ForEachOp$OfRef.evaluateSequential(ForEachOps.java:173)
	at java.util.stream.AbstractPipeline.evaluate(AbstractPipeline.java:234)
	at java.util.stream.ReferencePipeline.forEach(ReferencePipeline.java:485)
	at org.junit.vintage.engine.VintageTestEngine.executeAllChildren(VintageTestEngine.java:82)
	at org.junit.vintage.engine.VintageTestEngine.execute(VintageTestEngine.java:73)
	at org.junit.platform.launcher.core.EngineExecutionOrchestrator.execute(EngineExecutionOrchestrator.java:108)
	at org.junit.platform.launcher.core.EngineExecutionOrchestrator.execute(EngineExecutionOrchestrator.java:88)
	at org.junit.platform.launcher.core.EngineExecutionOrchestrator.lambda$execute$0(EngineExecutionOrchestrator.java:54)
	at org.junit.platform.launcher.core.EngineExecutionOrchestrator.withInterceptedStreams(EngineExecutionOrchestrator.java:67)
	at org.junit.platform.launcher.core.EngineExecutionOrchestrator.execute(EngineExecutionOrchestrator.java:52)
	at org.junit.platform.launcher.core.DefaultLauncher.execute(DefaultLauncher.java:96)
	at org.junit.platform.launcher.core.DefaultLauncher.execute(DefaultLauncher.java:75)
	at org.apache.maven.surefire.junitplatform.JUnitPlatformProvider.execute(JUnitPlatformProvider.java:188)
	at org.apache.maven.surefire.junitplatform.JUnitPlatformProvider.invokeAllTests(JUnitPlatformProvider.java:154)
	at org.apache.maven.surefire.junitplatform.JUnitPlatformProvider.invoke(JUnitPlatformProvider.java:128)
	at org.apache.maven.surefire.booter.ForkedBooter.runSuitesInProcess(ForkedBooter.java:428)
	at org.apache.maven.surefire.booter.ForkedBooter.execute(ForkedBooter.java:162)
	at org.apache.maven.surefire.booter.ForkedBooter.run(ForkedBooter.java:562)
	at org.apache.maven.surefire.booter.ForkedBooter.main(ForkedBooter.java:548)
Caused by: java.lang.ClassNotFoundException: org.apache.nifi.NonExistingReportingTask
	at java.net.URLClassLoader.findClass(URLClassLoader.java:387)
	at java.lang.ClassLoader.loadClass(ClassLoader.java:418)
	at java.lang.ClassLoader.loadClass(ClassLoader.java:351)
	at java.lang.Class.forName0(Native Method)
	at java.lang.Class.forName(Class.java:348)
	at org.apache.nifi.controller.ExtensionBuilder.createLoggableComponent(ExtensionBuilder.java:546)
	at org.apache.nifi.controller.ExtensionBuilder.createLoggableReportingTask(ExtensionBuilder.java:519)
	... 56 more
[main] INFO org.apache.nifi.controller.FlowController - Initiated immediate shutdown of flow controller...
[main] INFO org.apache.nifi.controller.FlowController - Controller has been terminated successfully.
]]></system-err>
  </testcase>
  <testcase name="testReportingTaskDefaultScheduleAnnotation" classname="org.apache.nifi.controller.TestFlowController" time="0.346">
    <system-err><![CDATA[[main] INFO org.apache.nifi.registry.variable.FileBasedVariableRegistry - Loaded 119 properties from system properties and environment variables
[main] INFO org.apache.nifi.registry.variable.FileBasedVariableRegistry - Loaded a total of 119 properties.  Including precedence overrides effective accessible registry key size is 119
[main] INFO org.apache.nifi.controller.repository.WriteAheadFlowFileRepository - Initialized FlowFile Repository
[main] INFO org.apache.nifi.controller.FlowController - Creating Provenance Repository [org.apache.nifi.provenance.MockProvenanceRepository]
[main] INFO org.apache.nifi.controller.FlowController - Creating Content Repository [org.apache.nifi.controller.repository.VolatileContentRepository]
[main] INFO org.apache.nifi.controller.FlowController - Not enabling RAW Socket Site-to-Site functionality because nifi.remote.input.socket.port is not set
[main] INFO org.apache.nifi.controller.FlowController - Not enabling HTTP(S) Site-to-Site functionality because the 'nifi.remote.input.http.enabled' property is not true
[main] INFO org.apache.nifi.controller.FlowController - Initiated immediate shutdown of flow controller...
[main] INFO org.apache.nifi.controller.FlowController - Controller has been terminated successfully.
]]></system-err>
  </testcase>
  <testcase name="testSynchronizeFlowWhenAuthorizationsAreDifferentAndFlowEmpty" classname="org.apache.nifi.controller.TestFlowController" time="0.321">
    <system-err><![CDATA[[main] INFO org.apache.nifi.registry.variable.FileBasedVariableRegistry - Loaded 119 properties from system properties and environment variables
[main] INFO org.apache.nifi.registry.variable.FileBasedVariableRegistry - Loaded a total of 119 properties.  Including precedence overrides effective accessible registry key size is 119
[main-SendThread(localhost:34259)] INFO org.apache.zookeeper.ClientCnxn - Opening socket connection to server localhost/127.0.0.1:34259. Will not attempt to authenticate using SASL (unknown error)
[main-SendThread(localhost:34259)] INFO org.apache.zookeeper.ClientCnxn - Socket error occurred: localhost/127.0.0.1:34259: Connection refused
[main] INFO org.apache.nifi.controller.repository.WriteAheadFlowFileRepository - Initialized FlowFile Repository
[main] INFO org.apache.nifi.controller.FlowController - Creating Provenance Repository [org.apache.nifi.provenance.MockProvenanceRepository]
[main] INFO org.apache.nifi.controller.FlowController - Creating Content Repository [org.apache.nifi.controller.repository.VolatileContentRepository]
[main] INFO org.apache.nifi.controller.FlowController - Not enabling RAW Socket Site-to-Site functionality because nifi.remote.input.socket.port is not set
[main] INFO org.apache.nifi.controller.FlowController - Not enabling HTTP(S) Site-to-Site functionality because the 'nifi.remote.input.http.enabled' property is not true
[main] INFO org.apache.nifi.authorization.AbstractPolicyBasedAuthorizer - Cannot directly inherit Policies, Users & Groups. Will backup existing Policies, Users & Groups, and then replace with proposed configuration
[main] INFO org.apache.nifi.controller.FlowController - Successfully synchronized controller with proposed flow. Flow contains the following number of components: {Processors=0, Controller Services=0, Reporting Tasks=0, Process Groups=0, Remote Process Groups=0, Local Input Ports=0, Local Output Ports=0, Public Input Ports=0, Public Output Ports=0}
[main] INFO org.apache.nifi.controller.FlowController - Initiated immediate shutdown of flow controller...
[main] INFO org.apache.nifi.controller.FlowController - Controller has been terminated successfully.
]]></system-err>
  </testcase>
  <testcase name="testInstantiateSnippetWhenProcessorMissingBundle" classname="org.apache.nifi.controller.TestFlowController" time="0.348">
    <system-err><![CDATA[[main] INFO org.apache.nifi.registry.variable.FileBasedVariableRegistry - Loaded 119 properties from system properties and environment variables
[main] INFO org.apache.nifi.registry.variable.FileBasedVariableRegistry - Loaded a total of 119 properties.  Including precedence overrides effective accessible registry key size is 119
[main] INFO org.apache.nifi.controller.repository.WriteAheadFlowFileRepository - Initialized FlowFile Repository
[main] INFO org.apache.nifi.controller.FlowController - Creating Provenance Repository [org.apache.nifi.provenance.MockProvenanceRepository]
[main] INFO org.apache.nifi.controller.FlowController - Creating Content Repository [org.apache.nifi.controller.repository.VolatileContentRepository]
[main] INFO org.apache.nifi.controller.FlowController - Not enabling RAW Socket Site-to-Site functionality because nifi.remote.input.socket.port is not set
[main] INFO org.apache.nifi.controller.FlowController - Not enabling HTTP(S) Site-to-Site functionality because the 'nifi.remote.input.http.enabled' property is not true
[main] INFO org.apache.nifi.controller.FlowController - Initiated immediate shutdown of flow controller...
[main] INFO org.apache.nifi.controller.FlowController - Controller has been terminated successfully.
]]></system-err>
  </testcase>
  <testcase name="testSynchronizeFlowWhenAuthorizationsAreEqual" classname="org.apache.nifi.controller.TestFlowController" time="0.327">
    <system-err><![CDATA[[main] INFO org.apache.nifi.registry.variable.FileBasedVariableRegistry - Loaded 119 properties from system properties and environment variables
[main] INFO org.apache.nifi.registry.variable.FileBasedVariableRegistry - Loaded a total of 119 properties.  Including precedence overrides effective accessible registry key size is 119
[main] INFO org.apache.nifi.controller.repository.WriteAheadFlowFileRepository - Initialized FlowFile Repository
[main] INFO org.apache.nifi.controller.FlowController - Creating Provenance Repository [org.apache.nifi.provenance.MockProvenanceRepository]
[main] INFO org.apache.nifi.controller.FlowController - Creating Content Repository [org.apache.nifi.controller.repository.VolatileContentRepository]
[main] INFO org.apache.nifi.controller.FlowController - Not enabling RAW Socket Site-to-Site functionality because nifi.remote.input.socket.port is not set
[main] INFO org.apache.nifi.controller.FlowController - Not enabling HTTP(S) Site-to-Site functionality because the 'nifi.remote.input.http.enabled' property is not true
[main] INFO org.apache.nifi.controller.FlowController - Successfully synchronized controller with proposed flow. Flow contains the following number of components: {Processors=0, Controller Services=0, Reporting Tasks=0, Process Groups=0, Remote Process Groups=0, Local Input Ports=0, Local Output Ports=0, Public Input Ports=0, Public Output Ports=0}
[main] INFO org.apache.nifi.controller.FlowController - Initiated immediate shutdown of flow controller...
[main] INFO org.apache.nifi.controller.FlowController - Controller has been terminated successfully.
]]></system-err>
  </testcase>
  <testcase name="testInstantiateSnippetWhenControllerServiceMissingBundle" classname="org.apache.nifi.controller.TestFlowController" time="0.326">
    <system-err><![CDATA[[main] INFO org.apache.nifi.registry.variable.FileBasedVariableRegistry - Loaded 119 properties from system properties and environment variables
[main] INFO org.apache.nifi.registry.variable.FileBasedVariableRegistry - Loaded a total of 119 properties.  Including precedence overrides effective accessible registry key size is 119
[main] INFO org.apache.nifi.controller.repository.WriteAheadFlowFileRepository - Initialized FlowFile Repository
[main] INFO org.apache.nifi.controller.FlowController - Creating Provenance Repository [org.apache.nifi.provenance.MockProvenanceRepository]
[main] INFO org.apache.nifi.controller.FlowController - Creating Content Repository [org.apache.nifi.controller.repository.VolatileContentRepository]
[main] INFO org.apache.nifi.controller.FlowController - Not enabling RAW Socket Site-to-Site functionality because nifi.remote.input.socket.port is not set
[main] INFO org.apache.nifi.controller.FlowController - Not enabling HTTP(S) Site-to-Site functionality because the 'nifi.remote.input.http.enabled' property is not true
[main] INFO org.apache.nifi.controller.ExtensionBuilder - Created Controller Service of type org.apache.nifi.controller.service.mock.ServiceA with identifier 924b6d55-a732-4369-a631-c96097238ae3
[main] INFO org.apache.nifi.controller.FlowController - Initiated immediate shutdown of flow controller...
[main] INFO org.apache.nifi.controller.FlowController - Controller has been terminated successfully.
]]></system-err>
  </testcase>
  <testcase name="testSynchronizeFlowWithProcessorReferencingControllerService" classname="org.apache.nifi.controller.TestFlowController" time="0.35">
    <system-err><![CDATA[[main] INFO org.apache.nifi.registry.variable.FileBasedVariableRegistry - Loaded 119 properties from system properties and environment variables
[main] INFO org.apache.nifi.registry.variable.FileBasedVariableRegistry - Loaded a total of 119 properties.  Including precedence overrides effective accessible registry key size is 119
[main] INFO org.apache.nifi.controller.repository.WriteAheadFlowFileRepository - Initialized FlowFile Repository
[main] INFO org.apache.nifi.controller.FlowController - Creating Provenance Repository [org.apache.nifi.provenance.MockProvenanceRepository]
[main] INFO org.apache.nifi.controller.FlowController - Creating Content Repository [org.apache.nifi.controller.repository.VolatileContentRepository]
[main] INFO org.apache.nifi.controller.FlowController - Not enabling RAW Socket Site-to-Site functionality because nifi.remote.input.socket.port is not set
[main] INFO org.apache.nifi.controller.FlowController - Not enabling HTTP(S) Site-to-Site functionality because the 'nifi.remote.input.http.enabled' property is not true
[main] INFO org.apache.nifi.groups.StandardProcessGroup - DummyProcessor[id=809cca74-cd11-4ffa-9831-39d446a8ed55] added to StandardProcessGroup[identifier=778f676e-6542-4c18-9d06-24b6fd3a1b29,name=NiFi Flow]
[main] INFO org.apache.nifi.controller.scheduling.StandardProcessScheduler - Stopping DummyProcessor[id=809cca74-cd11-4ffa-9831-39d446a8ed55]
[main] INFO org.apache.nifi.controller.StandardProcessorNode - Stopping processor: DummyProcessor[id=809cca74-cd11-4ffa-9831-39d446a8ed55]
[main] INFO org.apache.nifi.controller.ExtensionBuilder - Created Controller Service of type org.apache.nifi.controller.service.mock.ServiceD with identifier edf22ee5-376a-46dc-a38a-919351124457
[main] INFO org.apache.nifi.groups.StandardProcessGroup - StandardControllerServiceNode[service=ServiceD[id=edf22ee5-376a-46dc-a38a-919351124457], name=ControllerService, active=false] added to StandardProcessGroup[identifier=778f676e-6542-4c18-9d06-24b6fd3a1b29,name=NiFi Flow]
[main] INFO org.apache.nifi.controller.FlowController - Successfully synchronized controller with proposed flow. Flow contains the following number of components: {Processors=1, Controller Services=1, Reporting Tasks=0, Process Groups=0, Remote Process Groups=0, Local Input Ports=0, Local Output Ports=0, Public Input Ports=0, Public Output Ports=0}
[main] INFO org.apache.nifi.groups.StandardProcessGroup - DummyProcessor[id=809cca74-cd11-4ffa-9831-39d446a8ed55] removed from flow
[main] WARN org.apache.nifi.controller.state.manager.StandardStateManagerProvider - Component with ID edf22ee5-376a-46dc-a38a-919351124457 was removed from NiFi instance but failed to clear clustered state for the component
java.lang.IllegalStateException: Partition is closed
	at org.wali.MinimalLockingWriteAheadLog$Partition.update(MinimalLockingWriteAheadLog.java:953)
	at org.wali.MinimalLockingWriteAheadLog.update(MinimalLockingWriteAheadLog.java:244)
	at org.apache.nifi.controller.state.providers.local.WriteAheadLocalStateProvider$ComponentProvider.clear(WriteAheadLocalStateProvider.java:276)
	at org.apache.nifi.controller.state.providers.local.WriteAheadLocalStateProvider.clear(WriteAheadLocalStateProvider.java:212)
	at org.apache.nifi.controller.state.manager.StandardStateManagerProvider$1.clear(StandardStateManagerProvider.java:395)
	at org.apache.nifi.controller.state.StandardStateManager.clear(StandardStateManager.java:85)
	at org.apache.nifi.controller.state.manager.StandardStateManagerProvider.onComponentRemoved(StandardStateManagerProvider.java:514)
	at org.apache.nifi.groups.StandardProcessGroup.removeControllerService(StandardProcessGroup.java:2388)
	at org.apache.nifi.controller.service.StandardControllerServiceProvider.removeControllerService(StandardControllerServiceProvider.java:529)
	at org.apache.nifi.controller.TestFlowController.purgeFlow(TestFlowController.java:429)
	at org.apache.nifi.controller.TestFlowController.testSynchronizeFlowWithProcessorReferencingControllerService(TestFlowController.java:299)
	at sun.reflect.NativeMethodAccessorImpl.invoke0(Native Method)
	at sun.reflect.NativeMethodAccessorImpl.invoke(NativeMethodAccessorImpl.java:62)
	at sun.reflect.DelegatingMethodAccessorImpl.invoke(DelegatingMethodAccessorImpl.java:43)
	at java.lang.reflect.Method.invoke(Method.java:498)
	at org.junit.runners.model.FrameworkMethod$1.runReflectiveCall(FrameworkMethod.java:59)
	at org.junit.internal.runners.model.ReflectiveCallable.run(ReflectiveCallable.java:12)
	at org.junit.runners.model.FrameworkMethod.invokeExplosively(FrameworkMethod.java:56)
	at org.junit.internal.runners.statements.InvokeMethod.evaluate(InvokeMethod.java:17)
	at org.junit.internal.runners.statements.RunBefores.evaluate(RunBefores.java:26)
	at org.junit.internal.runners.statements.RunAfters.evaluate(RunAfters.java:27)
	at org.junit.runners.ParentRunner$3.evaluate(ParentRunner.java:306)
	at org.junit.runners.BlockJUnit4ClassRunner$1.evaluate(BlockJUnit4ClassRunner.java:100)
	at org.junit.runners.ParentRunner.runLeaf(ParentRunner.java:366)
	at org.junit.runners.BlockJUnit4ClassRunner.runChild(BlockJUnit4ClassRunner.java:103)
	at org.junit.runners.BlockJUnit4ClassRunner.runChild(BlockJUnit4ClassRunner.java:63)
	at org.junit.runners.ParentRunner$4.run(ParentRunner.java:331)
	at org.junit.runners.ParentRunner$1.schedule(ParentRunner.java:79)
	at org.junit.runners.ParentRunner.runChildren(ParentRunner.java:329)
	at org.junit.runners.ParentRunner.access$100(ParentRunner.java:66)
	at org.junit.runners.ParentRunner$2.evaluate(ParentRunner.java:293)
	at org.junit.runners.ParentRunner$3.evaluate(ParentRunner.java:306)
	at org.junit.runners.ParentRunner.run(ParentRunner.java:413)
	at org.junit.runner.JUnitCore.run(JUnitCore.java:137)
	at org.junit.runner.JUnitCore.run(JUnitCore.java:115)
	at org.junit.vintage.engine.execution.RunnerExecutor.execute(RunnerExecutor.java:43)
	at java.util.stream.ForEachOps$ForEachOp$OfRef.accept(ForEachOps.java:183)
	at java.util.stream.ReferencePipeline$3$1.accept(ReferencePipeline.java:193)
	at java.util.Iterator.forEachRemaining(Iterator.java:116)
	at java.util.Spliterators$IteratorSpliterator.forEachRemaining(Spliterators.java:1801)
	at java.util.stream.AbstractPipeline.copyInto(AbstractPipeline.java:482)
	at java.util.stream.AbstractPipeline.wrapAndCopyInto(AbstractPipeline.java:472)
	at java.util.stream.ForEachOps$ForEachOp.evaluateSequential(ForEachOps.java:150)
	at java.util.stream.ForEachOps$ForEachOp$OfRef.evaluateSequential(ForEachOps.java:173)
	at java.util.stream.AbstractPipeline.evaluate(AbstractPipeline.java:234)
	at java.util.stream.ReferencePipeline.forEach(ReferencePipeline.java:485)
	at org.junit.vintage.engine.VintageTestEngine.executeAllChildren(VintageTestEngine.java:82)
	at org.junit.vintage.engine.VintageTestEngine.execute(VintageTestEngine.java:73)
	at org.junit.platform.launcher.core.EngineExecutionOrchestrator.execute(EngineExecutionOrchestrator.java:108)
	at org.junit.platform.launcher.core.EngineExecutionOrchestrator.execute(EngineExecutionOrchestrator.java:88)
	at org.junit.platform.launcher.core.EngineExecutionOrchestrator.lambda$execute$0(EngineExecutionOrchestrator.java:54)
	at org.junit.platform.launcher.core.EngineExecutionOrchestrator.withInterceptedStreams(EngineExecutionOrchestrator.java:67)
	at org.junit.platform.launcher.core.EngineExecutionOrchestrator.execute(EngineExecutionOrchestrator.java:52)
	at org.junit.platform.launcher.core.DefaultLauncher.execute(DefaultLauncher.java:96)
	at org.junit.platform.launcher.core.DefaultLauncher.execute(DefaultLauncher.java:75)
	at org.apache.maven.surefire.junitplatform.JUnitPlatformProvider.execute(JUnitPlatformProvider.java:188)
	at org.apache.maven.surefire.junitplatform.JUnitPlatformProvider.invokeAllTests(JUnitPlatformProvider.java:154)
	at org.apache.maven.surefire.junitplatform.JUnitPlatformProvider.invoke(JUnitPlatformProvider.java:128)
	at org.apache.maven.surefire.booter.ForkedBooter.runSuitesInProcess(ForkedBooter.java:428)
	at org.apache.maven.surefire.booter.ForkedBooter.execute(ForkedBooter.java:162)
	at org.apache.maven.surefire.booter.ForkedBooter.run(ForkedBooter.java:562)
	at org.apache.maven.surefire.booter.ForkedBooter.main(ForkedBooter.java:548)
[Framework Task Thread Thread-1] WARN org.apache.nifi.controller.state.manager.StandardStateManagerProvider - Component with ID 809cca74-cd11-4ffa-9831-39d446a8ed55 was removed from NiFi instance but failed to clear clustered state for the component
java.lang.IllegalStateException: Partition is closed
	at org.wali.MinimalLockingWriteAheadLog$Partition.update(MinimalLockingWriteAheadLog.java:953)
	at org.wali.MinimalLockingWriteAheadLog.update(MinimalLockingWriteAheadLog.java:244)
	at org.apache.nifi.controller.state.providers.local.WriteAheadLocalStateProvider$ComponentProvider.clear(WriteAheadLocalStateProvider.java:276)
	at org.apache.nifi.controller.state.providers.local.WriteAheadLocalStateProvider.clear(WriteAheadLocalStateProvider.java:212)
	at org.apache.nifi.controller.state.manager.StandardStateManagerProvider$1.clear(StandardStateManagerProvider.java:395)
	at org.apache.nifi.controller.state.StandardStateManager.clear(StandardStateManager.java:85)
	at org.apache.nifi.controller.state.manager.StandardStateManagerProvider.onComponentRemoved(StandardStateManagerProvider.java:514)
	at org.apache.nifi.groups.StandardProcessGroup$2.run(StandardProcessGroup.java:1055)
	at org.apache.nifi.engine.FlowEngine$2.run(FlowEngine.java:110)
	at java.util.concurrent.Executors$RunnableAdapter.call(Executors.java:511)
	at java.util.concurrent.FutureTask.run(FutureTask.java:266)
	at java.util.concurrent.ScheduledThreadPoolExecutor$ScheduledFutureTask.access$201(ScheduledThreadPoolExecutor.java:180)
	at java.util.concurrent.ScheduledThreadPoolExecutor$ScheduledFutureTask.run(ScheduledThreadPoolExecutor.java:293)
	at java.util.concurrent.ThreadPoolExecutor.runWorker(ThreadPoolExecutor.java:1149)
	at java.util.concurrent.ThreadPoolExecutor$Worker.run(ThreadPoolExecutor.java:624)
	at java.lang.Thread.run(Thread.java:750)
[main] WARN org.apache.nifi.controller.state.manager.StandardStateManagerProvider - Component with ID edf22ee5-376a-46dc-a38a-919351124457 was removed from NiFi instance but failed to clear local state for the component
java.lang.IllegalStateException: Partition is closed
	at org.wali.MinimalLockingWriteAheadLog$Partition.update(MinimalLockingWriteAheadLog.java:953)
	at org.wali.MinimalLockingWriteAheadLog.update(MinimalLockingWriteAheadLog.java:244)
	at org.apache.nifi.controller.state.providers.local.WriteAheadLocalStateProvider$ComponentProvider.clear(WriteAheadLocalStateProvider.java:276)
	at org.apache.nifi.controller.state.providers.local.WriteAheadLocalStateProvider.clear(WriteAheadLocalStateProvider.java:212)
	at org.apache.nifi.controller.state.manager.StandardStateManagerProvider$1.clear(StandardStateManagerProvider.java:395)
	at org.apache.nifi.controller.state.StandardStateManager.clear(StandardStateManager.java:85)
	at org.apache.nifi.controller.state.manager.StandardStateManagerProvider.onComponentRemoved(StandardStateManagerProvider.java:520)
	at org.apache.nifi.groups.StandardProcessGroup.removeControllerService(StandardProcessGroup.java:2388)
	at org.apache.nifi.controller.service.StandardControllerServiceProvider.removeControllerService(StandardControllerServiceProvider.java:529)
	at org.apache.nifi.controller.TestFlowController.purgeFlow(TestFlowController.java:429)
	at org.apache.nifi.controller.TestFlowController.testSynchronizeFlowWithProcessorReferencingControllerService(TestFlowController.java:299)
	at sun.reflect.NativeMethodAccessorImpl.invoke0(Native Method)
	at sun.reflect.NativeMethodAccessorImpl.invoke(NativeMethodAccessorImpl.java:62)
	at sun.reflect.DelegatingMethodAccessorImpl.invoke(DelegatingMethodAccessorImpl.java:43)
	at java.lang.reflect.Method.invoke(Method.java:498)
	at org.junit.runners.model.FrameworkMethod$1.runReflectiveCall(FrameworkMethod.java:59)
	at org.junit.internal.runners.model.ReflectiveCallable.run(ReflectiveCallable.java:12)
	at org.junit.runners.model.FrameworkMethod.invokeExplosively(FrameworkMethod.java:56)
	at org.junit.internal.runners.statements.InvokeMethod.evaluate(InvokeMethod.java:17)
	at org.junit.internal.runners.statements.RunBefores.evaluate(RunBefores.java:26)
	at org.junit.internal.runners.statements.RunAfters.evaluate(RunAfters.java:27)
	at org.junit.runners.ParentRunner$3.evaluate(ParentRunner.java:306)
	at org.junit.runners.BlockJUnit4ClassRunner$1.evaluate(BlockJUnit4ClassRunner.java:100)
	at org.junit.runners.ParentRunner.runLeaf(ParentRunner.java:366)
	at org.junit.runners.BlockJUnit4ClassRunner.runChild(BlockJUnit4ClassRunner.java:103)
	at org.junit.runners.BlockJUnit4ClassRunner.runChild(BlockJUnit4ClassRunner.java:63)
	at org.junit.runners.ParentRunner$4.run(ParentRunner.java:331)
	at org.junit.runners.ParentRunner$1.schedule(ParentRunner.java:79)
	at org.junit.runners.ParentRunner.runChildren(ParentRunner.java:329)
	at org.junit.runners.ParentRunner.access$100(ParentRunner.java:66)
	at org.junit.runners.ParentRunner$2.evaluate(ParentRunner.java:293)
	at org.junit.runners.ParentRunner$3.evaluate(ParentRunner.java:306)
	at org.junit.runners.ParentRunner.run(ParentRunner.java:413)
	at org.junit.runner.JUnitCore.run(JUnitCore.java:137)
	at org.junit.runner.JUnitCore.run(JUnitCore.java:115)
	at org.junit.vintage.engine.execution.RunnerExecutor.execute(RunnerExecutor.java:43)
	at java.util.stream.ForEachOps$ForEachOp$OfRef.accept(ForEachOps.java:183)
	at java.util.stream.ReferencePipeline$3$1.accept(ReferencePipeline.java:193)
	at java.util.Iterator.forEachRemaining(Iterator.java:116)
	at java.util.Spliterators$IteratorSpliterator.forEachRemaining(Spliterators.java:1801)
	at java.util.stream.AbstractPipeline.copyInto(AbstractPipeline.java:482)
	at java.util.stream.AbstractPipeline.wrapAndCopyInto(AbstractPipeline.java:472)
	at java.util.stream.ForEachOps$ForEachOp.evaluateSequential(ForEachOps.java:150)
	at java.util.stream.ForEachOps$ForEachOp$OfRef.evaluateSequential(ForEachOps.java:173)
	at java.util.stream.AbstractPipeline.evaluate(AbstractPipeline.java:234)
	at java.util.stream.ReferencePipeline.forEach(ReferencePipeline.java:485)
	at org.junit.vintage.engine.VintageTestEngine.executeAllChildren(VintageTestEngine.java:82)
	at org.junit.vintage.engine.VintageTestEngine.execute(VintageTestEngine.java:73)
	at org.junit.platform.launcher.core.EngineExecutionOrchestrator.execute(EngineExecutionOrchestrator.java:108)
	at org.junit.platform.launcher.core.EngineExecutionOrchestrator.execute(EngineExecutionOrchestrator.java:88)
	at org.junit.platform.launcher.core.EngineExecutionOrchestrator.lambda$execute$0(EngineExecutionOrchestrator.java:54)
	at org.junit.platform.launcher.core.EngineExecutionOrchestrator.withInterceptedStreams(EngineExecutionOrchestrator.java:67)
	at org.junit.platform.launcher.core.EngineExecutionOrchestrator.execute(EngineExecutionOrchestrator.java:52)
	at org.junit.platform.launcher.core.DefaultLauncher.execute(DefaultLauncher.java:96)
	at org.junit.platform.launcher.core.DefaultLauncher.execute(DefaultLauncher.java:75)
	at org.apache.maven.surefire.junitplatform.JUnitPlatformProvider.execute(JUnitPlatformProvider.java:188)
	at org.apache.maven.surefire.junitplatform.JUnitPlatformProvider.invokeAllTests(JUnitPlatformProvider.java:154)
	at org.apache.maven.surefire.junitplatform.JUnitPlatformProvider.invoke(JUnitPlatformProvider.java:128)
	at org.apache.maven.surefire.booter.ForkedBooter.runSuitesInProcess(ForkedBooter.java:428)
	at org.apache.maven.surefire.booter.ForkedBooter.execute(ForkedBooter.java:162)
	at org.apache.maven.surefire.booter.ForkedBooter.run(ForkedBooter.java:562)
	at org.apache.maven.surefire.booter.ForkedBooter.main(ForkedBooter.java:548)
[Framework Task Thread Thread-1] WARN org.apache.nifi.controller.state.manager.StandardStateManagerProvider - Component with ID 809cca74-cd11-4ffa-9831-39d446a8ed55 was removed from NiFi instance but failed to clear local state for the component
java.lang.IllegalStateException: Partition is closed
	at org.wali.MinimalLockingWriteAheadLog$Partition.update(MinimalLockingWriteAheadLog.java:953)
	at org.wali.MinimalLockingWriteAheadLog.update(MinimalLockingWriteAheadLog.java:244)
	at org.apache.nifi.controller.state.providers.local.WriteAheadLocalStateProvider$ComponentProvider.clear(WriteAheadLocalStateProvider.java:276)
	at org.apache.nifi.controller.state.providers.local.WriteAheadLocalStateProvider.clear(WriteAheadLocalStateProvider.java:212)
	at org.apache.nifi.controller.state.manager.StandardStateManagerProvider$1.clear(StandardStateManagerProvider.java:395)
	at org.apache.nifi.controller.state.StandardStateManager.clear(StandardStateManager.java:85)
	at org.apache.nifi.controller.state.manager.StandardStateManagerProvider.onComponentRemoved(StandardStateManagerProvider.java:520)
	at org.apache.nifi.groups.StandardProcessGroup$2.run(StandardProcessGroup.java:1055)
	at org.apache.nifi.engine.FlowEngine$2.run(FlowEngine.java:110)
	at java.util.concurrent.Executors$RunnableAdapter.call(Executors.java:511)
	at java.util.concurrent.FutureTask.run(FutureTask.java:266)
	at java.util.concurrent.ScheduledThreadPoolExecutor$ScheduledFutureTask.access$201(ScheduledThreadPoolExecutor.java:180)
	at java.util.concurrent.ScheduledThreadPoolExecutor$ScheduledFutureTask.run(ScheduledThreadPoolExecutor.java:293)
	at java.util.concurrent.ThreadPoolExecutor.runWorker(ThreadPoolExecutor.java:1149)
	at java.util.concurrent.ThreadPoolExecutor$Worker.run(ThreadPoolExecutor.java:624)
	at java.lang.Thread.run(Thread.java:750)
[main] WARN org.apache.nifi.controller.state.manager.StandardStateManagerProvider - Component with ID edf22ee5-376a-46dc-a38a-919351124457 was removed from NiFi instance but failed to cleanup resources used to maintain its local state
java.io.IOException: All Partitions have been blacklisted due to failures when attempting to update. If the Write-Ahead Log is able to perform a checkpoint, this issue may resolve itself. Otherwise, manual intervention will be required.
	at org.wali.MinimalLockingWriteAheadLog.update(MinimalLockingWriteAheadLog.java:226)
	at org.apache.nifi.controller.state.providers.local.WriteAheadLocalStateProvider$ComponentProvider.clear(WriteAheadLocalStateProvider.java:276)
	at org.apache.nifi.controller.state.providers.local.WriteAheadLocalStateProvider.clear(WriteAheadLocalStateProvider.java:212)
	at org.apache.nifi.controller.state.providers.local.WriteAheadLocalStateProvider.onComponentRemoved(WriteAheadLocalStateProvider.java:217)
	at org.apache.nifi.controller.state.manager.StandardStateManagerProvider$1.onComponentRemoved(StandardStateManagerProvider.java:402)
	at org.apache.nifi.controller.state.manager.StandardStateManagerProvider.onComponentRemoved(StandardStateManagerProvider.java:526)
	at org.apache.nifi.groups.StandardProcessGroup.removeControllerService(StandardProcessGroup.java:2388)
	at org.apache.nifi.controller.service.StandardControllerServiceProvider.removeControllerService(StandardControllerServiceProvider.java:529)
	at org.apache.nifi.controller.TestFlowController.purgeFlow(TestFlowController.java:429)
	at org.apache.nifi.controller.TestFlowController.testSynchronizeFlowWithProcessorReferencingControllerService(TestFlowController.java:299)
	at sun.reflect.NativeMethodAccessorImpl.invoke0(Native Method)
	at sun.reflect.NativeMethodAccessorImpl.invoke(NativeMethodAccessorImpl.java:62)
	at sun.reflect.DelegatingMethodAccessorImpl.invoke(DelegatingMethodAccessorImpl.java:43)
	at java.lang.reflect.Method.invoke(Method.java:498)
	at org.junit.runners.model.FrameworkMethod$1.runReflectiveCall(FrameworkMethod.java:59)
	at org.junit.internal.runners.model.ReflectiveCallable.run(ReflectiveCallable.java:12)
	at org.junit.runners.model.FrameworkMethod.invokeExplosively(FrameworkMethod.java:56)
	at org.junit.internal.runners.statements.InvokeMethod.evaluate(InvokeMethod.java:17)
	at org.junit.internal.runners.statements.RunBefores.evaluate(RunBefores.java:26)
	at org.junit.internal.runners.statements.RunAfters.evaluate(RunAfters.java:27)
	at org.junit.runners.ParentRunner$3.evaluate(ParentRunner.java:306)
	at org.junit.runners.BlockJUnit4ClassRunner$1.evaluate(BlockJUnit4ClassRunner.java:100)
	at org.junit.runners.ParentRunner.runLeaf(ParentRunner.java:366)
	at org.junit.runners.BlockJUnit4ClassRunner.runChild(BlockJUnit4ClassRunner.java:103)
	at org.junit.runners.BlockJUnit4ClassRunner.runChild(BlockJUnit4ClassRunner.java:63)
	at org.junit.runners.ParentRunner$4.run(ParentRunner.java:331)
	at org.junit.runners.ParentRunner$1.schedule(ParentRunner.java:79)
	at org.junit.runners.ParentRunner.runChildren(ParentRunner.java:329)
	at org.junit.runners.ParentRunner.access$100(ParentRunner.java:66)
	at org.junit.runners.ParentRunner$2.evaluate(ParentRunner.java:293)
	at org.junit.runners.ParentRunner$3.evaluate(ParentRunner.java:306)
	at org.junit.runners.ParentRunner.run(ParentRunner.java:413)
	at org.junit.runner.JUnitCore.run(JUnitCore.java:137)
	at org.junit.runner.JUnitCore.run(JUnitCore.java:115)
	at org.junit.vintage.engine.execution.RunnerExecutor.execute(RunnerExecutor.java:43)
	at java.util.stream.ForEachOps$ForEachOp$OfRef.accept(ForEachOps.java:183)
	at java.util.stream.ReferencePipeline$3$1.accept(ReferencePipeline.java:193)
	at java.util.Iterator.forEachRemaining(Iterator.java:116)
	at java.util.Spliterators$IteratorSpliterator.forEachRemaining(Spliterators.java:1801)
	at java.util.stream.AbstractPipeline.copyInto(AbstractPipeline.java:482)
	at java.util.stream.AbstractPipeline.wrapAndCopyInto(AbstractPipeline.java:472)
	at java.util.stream.ForEachOps$ForEachOp.evaluateSequential(ForEachOps.java:150)
	at java.util.stream.ForEachOps$ForEachOp$OfRef.evaluateSequential(ForEachOps.java:173)
	at java.util.stream.AbstractPipeline.evaluate(AbstractPipeline.java:234)
	at java.util.stream.ReferencePipeline.forEach(ReferencePipeline.java:485)
	at org.junit.vintage.engine.VintageTestEngine.executeAllChildren(VintageTestEngine.java:82)
	at org.junit.vintage.engine.VintageTestEngine.execute(VintageTestEngine.java:73)
	at org.junit.platform.launcher.core.EngineExecutionOrchestrator.execute(EngineExecutionOrchestrator.java:108)
	at org.junit.platform.launcher.core.EngineExecutionOrchestrator.execute(EngineExecutionOrchestrator.java:88)
	at org.junit.platform.launcher.core.EngineExecutionOrchestrator.lambda$execute$0(EngineExecutionOrchestrator.java:54)
	at org.junit.platform.launcher.core.EngineExecutionOrchestrator.withInterceptedStreams(EngineExecutionOrchestrator.java:67)
	at org.junit.platform.launcher.core.EngineExecutionOrchestrator.execute(EngineExecutionOrchestrator.java:52)
	at org.junit.platform.launcher.core.DefaultLauncher.execute(DefaultLauncher.java:96)
	at org.junit.platform.launcher.core.DefaultLauncher.execute(DefaultLauncher.java:75)
	at org.apache.maven.surefire.junitplatform.JUnitPlatformProvider.execute(JUnitPlatformProvider.java:188)
	at org.apache.maven.surefire.junitplatform.JUnitPlatformProvider.invokeAllTests(JUnitPlatformProvider.java:154)
	at org.apache.maven.surefire.junitplatform.JUnitPlatformProvider.invoke(JUnitPlatformProvider.java:128)
	at org.apache.maven.surefire.booter.ForkedBooter.runSuitesInProcess(ForkedBooter.java:428)
	at org.apache.maven.surefire.booter.ForkedBooter.execute(ForkedBooter.java:162)
	at org.apache.maven.surefire.booter.ForkedBooter.run(ForkedBooter.java:562)
	at org.apache.maven.surefire.booter.ForkedBooter.main(ForkedBooter.java:548)
[Framework Task Thread Thread-1] WARN org.apache.nifi.controller.state.manager.StandardStateManagerProvider - Component with ID 809cca74-cd11-4ffa-9831-39d446a8ed55 was removed from NiFi instance but failed to cleanup resources used to maintain its local state
java.io.IOException: All Partitions have been blacklisted due to failures when attempting to update. If the Write-Ahead Log is able to perform a checkpoint, this issue may resolve itself. Otherwise, manual intervention will be required.
	at org.wali.MinimalLockingWriteAheadLog.update(MinimalLockingWriteAheadLog.java:226)
	at org.apache.nifi.controller.state.providers.local.WriteAheadLocalStateProvider$ComponentProvider.clear(WriteAheadLocalStateProvider.java:276)
	at org.apache.nifi.controller.state.providers.local.WriteAheadLocalStateProvider.clear(WriteAheadLocalStateProvider.java:212)
	at org.apache.nifi.controller.state.providers.local.WriteAheadLocalStateProvider.onComponentRemoved(WriteAheadLocalStateProvider.java:217)
	at org.apache.nifi.controller.state.manager.StandardStateManagerProvider$1.onComponentRemoved(StandardStateManagerProvider.java:402)
	at org.apache.nifi.controller.state.manager.StandardStateManagerProvider.onComponentRemoved(StandardStateManagerProvider.java:526)
	at org.apache.nifi.groups.StandardProcessGroup$2.run(StandardProcessGroup.java:1055)
	at org.apache.nifi.engine.FlowEngine$2.run(FlowEngine.java:110)
	at java.util.concurrent.Executors$RunnableAdapter.call(Executors.java:511)
	at java.util.concurrent.FutureTask.run(FutureTask.java:266)
	at java.util.concurrent.ScheduledThreadPoolExecutor$ScheduledFutureTask.access$201(ScheduledThreadPoolExecutor.java:180)
	at java.util.concurrent.ScheduledThreadPoolExecutor$ScheduledFutureTask.run(ScheduledThreadPoolExecutor.java:293)
	at java.util.concurrent.ThreadPoolExecutor.runWorker(ThreadPoolExecutor.java:1149)
	at java.util.concurrent.ThreadPoolExecutor$Worker.run(ThreadPoolExecutor.java:624)
	at java.lang.Thread.run(Thread.java:750)
[main] INFO org.apache.nifi.groups.StandardProcessGroup - StandardControllerServiceNode[service=ServiceD[id=edf22ee5-376a-46dc-a38a-919351124457], name=ControllerService, active=false] removed from StandardProcessGroup[identifier=778f676e-6542-4c18-9d06-24b6fd3a1b29,name=NiFi Flow]
[main] INFO org.apache.nifi.controller.FlowController - Initiated immediate shutdown of flow controller...
[main] INFO org.apache.nifi.controller.FlowController - Controller has been terminated successfully.
]]></system-err>
  </testcase>
  <testcase name="testSynchronizeFlowWithReportingTaskAndProcessorReferencingControllerService" classname="org.apache.nifi.controller.TestFlowController" time="0.34">
    <system-err><![CDATA[[main] INFO org.apache.nifi.registry.variable.FileBasedVariableRegistry - Loaded 119 properties from system properties and environment variables
[main] INFO org.apache.nifi.registry.variable.FileBasedVariableRegistry - Loaded a total of 119 properties.  Including precedence overrides effective accessible registry key size is 119
[main] INFO org.apache.nifi.controller.repository.WriteAheadFlowFileRepository - Initialized FlowFile Repository
[main] INFO org.apache.nifi.controller.FlowController - Creating Provenance Repository [org.apache.nifi.provenance.MockProvenanceRepository]
[main] INFO org.apache.nifi.controller.FlowController - Creating Content Repository [org.apache.nifi.controller.repository.VolatileContentRepository]
[main] INFO org.apache.nifi.controller.FlowController - Not enabling RAW Socket Site-to-Site functionality because nifi.remote.input.socket.port is not set
[main] INFO org.apache.nifi.controller.FlowController - Not enabling HTTP(S) Site-to-Site functionality because the 'nifi.remote.input.http.enabled' property is not true
[main] INFO org.apache.nifi.groups.StandardProcessGroup - DummyProcessor[id=809cca74-cd11-4ffa-9831-39d446a8ed54] added to StandardProcessGroup[identifier=778f676e-6542-4c18-9d06-24b6fd3a1b29,name=NiFi Flow]
[main] INFO org.apache.nifi.controller.scheduling.StandardProcessScheduler - Stopping DummyProcessor[id=809cca74-cd11-4ffa-9831-39d446a8ed54]
[main] INFO org.apache.nifi.controller.StandardProcessorNode - Stopping processor: DummyProcessor[id=809cca74-cd11-4ffa-9831-39d446a8ed54]
[main] INFO org.apache.nifi.controller.ExtensionBuilder - Created Controller Service of type org.apache.nifi.controller.service.mock.ServiceD with identifier edf22ee5-376a-46dc-a38a-919351124456
[main] INFO org.apache.nifi.groups.StandardProcessGroup - StandardControllerServiceNode[service=ServiceD[id=edf22ee5-376a-46dc-a38a-919351124456], name=ControllerService, active=false] added to StandardProcessGroup[identifier=778f676e-6542-4c18-9d06-24b6fd3a1b29,name=NiFi Flow]
[main] INFO org.apache.nifi.controller.ExtensionBuilder - Created Controller Service of type org.apache.nifi.controller.service.mock.ServiceD with identifier 32ea3f7c-c258-31c3-b720-b3e657d4945d
[main] INFO org.apache.nifi.controller.scheduling.StandardProcessScheduler - Enabling StandardControllerServiceNode[service=ServiceD[id=32ea3f7c-c258-31c3-b720-b3e657d4945d], name=ControllerService, active=false]
[main] INFO org.apache.nifi.controller.FlowController - Successfully synchronized controller with proposed flow. Flow contains the following number of components: {Processors=1, Controller Services=2, Reporting Tasks=1, Process Groups=0, Remote Process Groups=0, Local Input Ports=0, Local Output Ports=0, Public Input Ports=0, Public Output Ports=0}
[main] INFO org.apache.nifi.controller.FlowController - Initiated immediate shutdown of flow controller...
[main] INFO org.apache.nifi.controller.FlowController - Controller has been terminated successfully.
]]></system-err>
  </testcase>
  <testcase name="testSynchronizeFlowWithNestedParameterContexts" classname="org.apache.nifi.controller.TestFlowController" time="0.355">
    <system-err><![CDATA[[main] INFO org.apache.nifi.registry.variable.FileBasedVariableRegistry - Loaded 119 properties from system properties and environment variables
[main] INFO org.apache.nifi.registry.variable.FileBasedVariableRegistry - Loaded a total of 119 properties.  Including precedence overrides effective accessible registry key size is 119
[main-SendThread(localhost:34259)] INFO org.apache.zookeeper.ClientCnxn - Opening socket connection to server localhost/127.0.0.1:34259. Will not attempt to authenticate using SASL (unknown error)
[main-SendThread(localhost:34259)] INFO org.apache.zookeeper.ClientCnxn - Socket error occurred: localhost/127.0.0.1:34259: Connection refused
[main] INFO org.apache.nifi.controller.repository.WriteAheadFlowFileRepository - Initialized FlowFile Repository
[main] INFO org.apache.nifi.controller.FlowController - Creating Provenance Repository [org.apache.nifi.provenance.MockProvenanceRepository]
[main] INFO org.apache.nifi.controller.FlowController - Creating Content Repository [org.apache.nifi.controller.repository.VolatileContentRepository]
[main] INFO org.apache.nifi.controller.FlowController - Not enabling RAW Socket Site-to-Site functionality because nifi.remote.input.socket.port is not set
[main] INFO org.apache.nifi.controller.FlowController - Not enabling HTTP(S) Site-to-Site functionality because the 'nifi.remote.input.http.enabled' property is not true
[main] ERROR org.apache.nifi.controller.ExtensionBuilder - Could not create Processor of type org.apache.nifi.controller.DummyScheduledProcessor for ID c40fc154-ef89-48b8-82bf-ff6cc9e8f591 due to: org.apache.nifi.controller.DummyScheduledProcessor; creating "Ghost" implementation
[main] INFO org.apache.nifi.groups.StandardProcessGroup - GhostProcessor[id=c40fc154-ef89-48b8-82bf-ff6cc9e8f591] added to StandardProcessGroup[identifier=2ae3cdb4-0179-1000-6ddc-ed1dca231bac,name=NiFi Flow]
[main] INFO org.apache.nifi.controller.scheduling.StandardProcessScheduler - Stopping GhostProcessor[id=c40fc154-ef89-48b8-82bf-ff6cc9e8f591]
[main] INFO org.apache.nifi.controller.StandardProcessorNode - Stopping processor: GhostProcessor[id=c40fc154-ef89-48b8-82bf-ff6cc9e8f591]
[main] INFO org.apache.nifi.authorization.AbstractPolicyBasedAuthorizer - Cannot directly inherit Policies, Users & Groups. Will backup existing Policies, Users & Groups, and then replace with proposed configuration
[main] INFO org.apache.nifi.controller.FlowController - Successfully synchronized controller with proposed flow. Flow contains the following number of components: {Processors=1, Controller Services=0, Reporting Tasks=0, Process Groups=0, Remote Process Groups=0, Local Input Ports=0, Local Output Ports=0, Public Input Ports=0, Public Output Ports=0}
[main] INFO org.apache.nifi.wali.SequentialAccessWriteAheadLog - Recovering records from Write-Ahead Log at ./target/flowcontrollertest/test-repo
[main] INFO org.apache.nifi.wali.SequentialAccessWriteAheadLog - No Snapshot File to recover from at ./target/flowcontrollertest/test-repo. Now recovering records from 0 journal files
[main] INFO org.apache.nifi.wali.SequentialAccessWriteAheadLog - Successfully recovered 0 records in 0 milliseconds. Now checkpointing to ensure that Write-Ahead Log is in a consistent state
[main] INFO org.apache.nifi.wali.SequentialAccessWriteAheadLog - Checkpointed Write-Ahead Log with 0 Records and 0 Swap Files in 2 milliseconds (Stop-the-world time = 0 milliseconds), max Transaction ID -1
[main] INFO org.apache.nifi.controller.repository.WriteAheadFlowFileRepository - Successfully restored 0 FlowFiles and 0 Swap Files
[main] INFO org.apache.nifi.groups.StandardProcessGroup - GhostProcessor[id=c40fc154-ef89-48b8-82bf-ff6cc9e8f591] removed from flow
[Framework Task Thread Thread-1] WARN org.apache.nifi.controller.state.manager.StandardStateManagerProvider - Component with ID c40fc154-ef89-48b8-82bf-ff6cc9e8f591 was removed from NiFi instance but failed to clear clustered state for the component
java.io.IOException: All Partitions have been blacklisted due to failures when attempting to update. If the Write-Ahead Log is able to perform a checkpoint, this issue may resolve itself. Otherwise, manual intervention will be required.
	at org.wali.MinimalLockingWriteAheadLog.update(MinimalLockingWriteAheadLog.java:226)
	at org.apache.nifi.controller.state.providers.local.WriteAheadLocalStateProvider$ComponentProvider.clear(WriteAheadLocalStateProvider.java:276)
	at org.apache.nifi.controller.state.providers.local.WriteAheadLocalStateProvider.clear(WriteAheadLocalStateProvider.java:212)
	at org.apache.nifi.controller.state.manager.StandardStateManagerProvider$1.clear(StandardStateManagerProvider.java:395)
	at org.apache.nifi.controller.state.StandardStateManager.clear(StandardStateManager.java:85)
	at org.apache.nifi.controller.state.manager.StandardStateManagerProvider.onComponentRemoved(StandardStateManagerProvider.java:514)
	at org.apache.nifi.groups.StandardProcessGroup$2.run(StandardProcessGroup.java:1055)
	at org.apache.nifi.engine.FlowEngine$2.run(FlowEngine.java:110)
	at java.util.concurrent.Executors$RunnableAdapter.call(Executors.java:511)
	at java.util.concurrent.FutureTask.run(FutureTask.java:266)
	at java.util.concurrent.ScheduledThreadPoolExecutor$ScheduledFutureTask.access$201(ScheduledThreadPoolExecutor.java:180)
	at java.util.concurrent.ScheduledThreadPoolExecutor$ScheduledFutureTask.run(ScheduledThreadPoolExecutor.java:293)
	at java.util.concurrent.ThreadPoolExecutor.runWorker(ThreadPoolExecutor.java:1149)
	at java.util.concurrent.ThreadPoolExecutor$Worker.run(ThreadPoolExecutor.java:624)
	at java.lang.Thread.run(Thread.java:750)
[main] INFO org.apache.nifi.controller.FlowController - Initiated immediate shutdown of flow controller...
[Framework Task Thread Thread-1] WARN org.apache.nifi.controller.state.manager.StandardStateManagerProvider - Component with ID c40fc154-ef89-48b8-82bf-ff6cc9e8f591 was removed from NiFi instance but failed to clear local state for the component
java.io.IOException: All Partitions have been blacklisted due to failures when attempting to update. If the Write-Ahead Log is able to perform a checkpoint, this issue may resolve itself. Otherwise, manual intervention will be required.
	at org.wali.MinimalLockingWriteAheadLog.update(MinimalLockingWriteAheadLog.java:226)
	at org.apache.nifi.controller.state.providers.local.WriteAheadLocalStateProvider$ComponentProvider.clear(WriteAheadLocalStateProvider.java:276)
	at org.apache.nifi.controller.state.providers.local.WriteAheadLocalStateProvider.clear(WriteAheadLocalStateProvider.java:212)
	at org.apache.nifi.controller.state.manager.StandardStateManagerProvider$1.clear(StandardStateManagerProvider.java:395)
	at org.apache.nifi.controller.state.StandardStateManager.clear(StandardStateManager.java:85)
	at org.apache.nifi.controller.state.manager.StandardStateManagerProvider.onComponentRemoved(StandardStateManagerProvider.java:520)
	at org.apache.nifi.groups.StandardProcessGroup$2.run(StandardProcessGroup.java:1055)
	at org.apache.nifi.engine.FlowEngine$2.run(FlowEngine.java:110)
	at java.util.concurrent.Executors$RunnableAdapter.call(Executors.java:511)
	at java.util.concurrent.FutureTask.run(FutureTask.java:266)
	at java.util.concurrent.ScheduledThreadPoolExecutor$ScheduledFutureTask.access$201(ScheduledThreadPoolExecutor.java:180)
	at java.util.concurrent.ScheduledThreadPoolExecutor$ScheduledFutureTask.run(ScheduledThreadPoolExecutor.java:293)
	at java.util.concurrent.ThreadPoolExecutor.runWorker(ThreadPoolExecutor.java:1149)
	at java.util.concurrent.ThreadPoolExecutor$Worker.run(ThreadPoolExecutor.java:624)
	at java.lang.Thread.run(Thread.java:750)
[main] INFO org.apache.nifi.controller.FlowController - Controller has been terminated successfully.
[Framework Task Thread Thread-1] WARN org.apache.nifi.controller.state.manager.StandardStateManagerProvider - Component with ID c40fc154-ef89-48b8-82bf-ff6cc9e8f591 was removed from NiFi instance but failed to cleanup resources used to maintain its local state
java.io.IOException: All Partitions have been blacklisted due to failures when attempting to update. If the Write-Ahead Log is able to perform a checkpoint, this issue may resolve itself. Otherwise, manual intervention will be required.
	at org.wali.MinimalLockingWriteAheadLog.update(MinimalLockingWriteAheadLog.java:226)
	at org.apache.nifi.controller.state.providers.local.WriteAheadLocalStateProvider$ComponentProvider.clear(WriteAheadLocalStateProvider.java:276)
	at org.apache.nifi.controller.state.providers.local.WriteAheadLocalStateProvider.clear(WriteAheadLocalStateProvider.java:212)
	at org.apache.nifi.controller.state.providers.local.WriteAheadLocalStateProvider.onComponentRemoved(WriteAheadLocalStateProvider.java:217)
	at org.apache.nifi.controller.state.manager.StandardStateManagerProvider$1.onComponentRemoved(StandardStateManagerProvider.java:402)
	at org.apache.nifi.controller.state.manager.StandardStateManagerProvider.onComponentRemoved(StandardStateManagerProvider.java:526)
	at org.apache.nifi.groups.StandardProcessGroup$2.run(StandardProcessGroup.java:1055)
	at org.apache.nifi.engine.FlowEngine$2.run(FlowEngine.java:110)
	at java.util.concurrent.Executors$RunnableAdapter.call(Executors.java:511)
	at java.util.concurrent.FutureTask.run(FutureTask.java:266)
	at java.util.concurrent.ScheduledThreadPoolExecutor$ScheduledFutureTask.access$201(ScheduledThreadPoolExecutor.java:180)
	at java.util.concurrent.ScheduledThreadPoolExecutor$ScheduledFutureTask.run(ScheduledThreadPoolExecutor.java:293)
	at java.util.concurrent.ThreadPoolExecutor.runWorker(ThreadPoolExecutor.java:1149)
	at java.util.concurrent.ThreadPoolExecutor$Worker.run(ThreadPoolExecutor.java:624)
	at java.lang.Thread.run(Thread.java:750)
]]></system-err>
  </testcase>
  <testcase name="testReloadControllerService" classname="org.apache.nifi.controller.TestFlowController" time="0.329">
    <system-err><![CDATA[[main] INFO org.apache.nifi.registry.variable.FileBasedVariableRegistry - Loaded 119 properties from system properties and environment variables
[main] INFO org.apache.nifi.registry.variable.FileBasedVariableRegistry - Loaded a total of 119 properties.  Including precedence overrides effective accessible registry key size is 119
[main] INFO org.apache.nifi.controller.repository.WriteAheadFlowFileRepository - Initialized FlowFile Repository
[main] INFO org.apache.nifi.controller.FlowController - Creating Provenance Repository [org.apache.nifi.provenance.MockProvenanceRepository]
[main] INFO org.apache.nifi.controller.FlowController - Creating Content Repository [org.apache.nifi.controller.repository.VolatileContentRepository]
[main] INFO org.apache.nifi.controller.FlowController - Not enabling RAW Socket Site-to-Site functionality because nifi.remote.input.socket.port is not set
[main] INFO org.apache.nifi.controller.FlowController - Not enabling HTTP(S) Site-to-Site functionality because the 'nifi.remote.input.http.enabled' property is not true
[main] INFO org.apache.nifi.controller.ExtensionBuilder - Created Controller Service of type org.apache.nifi.controller.service.mock.ServiceA with identifier ServiceA1714609708667
[main] INFO org.apache.nifi.controller.ExtensionBuilder - Created Controller Service of type org.apache.nifi.controller.service.mock.ServiceB with identifier ServiceA1714609708667
[main] INFO org.apache.nifi.controller.FlowController - Initiated immediate shutdown of flow controller...
[main] INFO org.apache.nifi.controller.FlowController - Controller has been terminated successfully.
]]></system-err>
  </testcase>
  <testcase name="testSynchronizeFlowWhenAuthorizationsAreDifferent" classname="org.apache.nifi.controller.TestFlowController" time="0.383">
    <system-err><![CDATA[[main] INFO org.apache.nifi.registry.variable.FileBasedVariableRegistry - Loaded 119 properties from system properties and environment variables
[main] INFO org.apache.nifi.registry.variable.FileBasedVariableRegistry - Loaded a total of 119 properties.  Including precedence overrides effective accessible registry key size is 119
[main] INFO org.apache.nifi.controller.repository.WriteAheadFlowFileRepository - Initialized FlowFile Repository
[main] INFO org.apache.nifi.controller.FlowController - Creating Provenance Repository [org.apache.nifi.provenance.MockProvenanceRepository]
[main] INFO org.apache.nifi.controller.FlowController - Creating Content Repository [org.apache.nifi.controller.repository.VolatileContentRepository]
[main] INFO org.apache.nifi.controller.FlowController - Not enabling RAW Socket Site-to-Site functionality because nifi.remote.input.socket.port is not set
[main] INFO org.apache.nifi.controller.FlowController - Not enabling HTTP(S) Site-to-Site functionality because the 'nifi.remote.input.http.enabled' property is not true
[main] INFO org.apache.nifi.groups.StandardProcessGroup - DummyProcessor[id=809cca74-cd11-4ffa-9831-39d446a8ed55] added to StandardProcessGroup[identifier=778f676e-6542-4c18-9d06-24b6fd3a1b29,name=NiFi Flow]
[main] INFO org.apache.nifi.controller.scheduling.StandardProcessScheduler - Stopping DummyProcessor[id=809cca74-cd11-4ffa-9831-39d446a8ed55]
[main] INFO org.apache.nifi.controller.StandardProcessorNode - Stopping processor: DummyProcessor[id=809cca74-cd11-4ffa-9831-39d446a8ed55]
[main] INFO org.apache.nifi.controller.ExtensionBuilder - Created Controller Service of type org.apache.nifi.controller.service.mock.ServiceD with identifier edf22ee5-376a-46dc-a38a-919351124457
[main] INFO org.apache.nifi.groups.StandardProcessGroup - StandardControllerServiceNode[service=ServiceD[id=edf22ee5-376a-46dc-a38a-919351124457], name=ControllerService, active=false] added to StandardProcessGroup[identifier=778f676e-6542-4c18-9d06-24b6fd3a1b29,name=NiFi Flow]
[main] INFO org.apache.nifi.authorization.AbstractPolicyBasedAuthorizer - Cannot directly inherit Policies, Users & Groups. Will backup existing Policies, Users & Groups, and then replace with proposed configuration
[main] INFO org.apache.nifi.controller.FlowController - Successfully synchronized controller with proposed flow. Flow contains the following number of components: {Processors=1, Controller Services=1, Reporting Tasks=0, Process Groups=0, Remote Process Groups=0, Local Input Ports=0, Local Output Ports=0, Public Input Ports=0, Public Output Ports=0}
[main] INFO org.apache.nifi.wali.SequentialAccessWriteAheadLog - Recovering records from Write-Ahead Log at ./target/flowcontrollertest/test-repo
[main] INFO org.apache.nifi.wali.SequentialAccessWriteAheadLog - No Snapshot File to recover from at ./target/flowcontrollertest/test-repo. Now recovering records from 0 journal files
[main] INFO org.apache.nifi.wali.SequentialAccessWriteAheadLog - Successfully recovered 0 records in 0 milliseconds. Now checkpointing to ensure that Write-Ahead Log is in a consistent state
[main] INFO org.apache.nifi.wali.SequentialAccessWriteAheadLog - Checkpointed Write-Ahead Log with 0 Records and 0 Swap Files in 2 milliseconds (Stop-the-world time = 0 milliseconds), max Transaction ID -1
[main] INFO org.apache.nifi.controller.repository.WriteAheadFlowFileRepository - Successfully restored 0 FlowFiles and 0 Swap Files
[main] INFO org.apache.nifi.groups.StandardProcessGroup - DummyProcessor[id=809cca74-cd11-4ffa-9831-39d446a8ed55] removed from flow
[Framework Task Thread Thread-1] WARN org.apache.nifi.controller.state.manager.StandardStateManagerProvider - Component with ID 809cca74-cd11-4ffa-9831-39d446a8ed55 was removed from NiFi instance but failed to clear clustered state for the component
java.io.IOException: All Partitions have been blacklisted due to failures when attempting to update. If the Write-Ahead Log is able to perform a checkpoint, this issue may resolve itself. Otherwise, manual intervention will be required.
	at org.wali.MinimalLockingWriteAheadLog.update(MinimalLockingWriteAheadLog.java:226)
	at org.apache.nifi.controller.state.providers.local.WriteAheadLocalStateProvider$ComponentProvider.clear(WriteAheadLocalStateProvider.java:276)
	at org.apache.nifi.controller.state.providers.local.WriteAheadLocalStateProvider.clear(WriteAheadLocalStateProvider.java:212)
	at org.apache.nifi.controller.state.manager.StandardStateManagerProvider$1.clear(StandardStateManagerProvider.java:395)
	at org.apache.nifi.controller.state.StandardStateManager.clear(StandardStateManager.java:85)
	at org.apache.nifi.controller.state.manager.StandardStateManagerProvider.onComponentRemoved(StandardStateManagerProvider.java:514)
	at org.apache.nifi.groups.StandardProcessGroup$2.run(StandardProcessGroup.java:1055)
	at org.apache.nifi.engine.FlowEngine$2.run(FlowEngine.java:110)
	at java.util.concurrent.Executors$RunnableAdapter.call(Executors.java:511)
	at java.util.concurrent.FutureTask.run(FutureTask.java:266)
	at java.util.concurrent.ScheduledThreadPoolExecutor$ScheduledFutureTask.access$201(ScheduledThreadPoolExecutor.java:180)
	at java.util.concurrent.ScheduledThreadPoolExecutor$ScheduledFutureTask.run(ScheduledThreadPoolExecutor.java:293)
	at java.util.concurrent.ThreadPoolExecutor.runWorker(ThreadPoolExecutor.java:1149)
	at java.util.concurrent.ThreadPoolExecutor$Worker.run(ThreadPoolExecutor.java:624)
	at java.lang.Thread.run(Thread.java:750)
[main] WARN org.apache.nifi.controller.state.manager.StandardStateManagerProvider - Component with ID edf22ee5-376a-46dc-a38a-919351124457 was removed from NiFi instance but failed to clear clustered state for the component
java.io.IOException: All Partitions have been blacklisted due to failures when attempting to update. If the Write-Ahead Log is able to perform a checkpoint, this issue may resolve itself. Otherwise, manual intervention will be required.
	at org.wali.MinimalLockingWriteAheadLog.update(MinimalLockingWriteAheadLog.java:226)
	at org.apache.nifi.controller.state.providers.local.WriteAheadLocalStateProvider$ComponentProvider.clear(WriteAheadLocalStateProvider.java:276)
	at org.apache.nifi.controller.state.providers.local.WriteAheadLocalStateProvider.clear(WriteAheadLocalStateProvider.java:212)
	at org.apache.nifi.controller.state.manager.StandardStateManagerProvider$1.clear(StandardStateManagerProvider.java:395)
	at org.apache.nifi.controller.state.StandardStateManager.clear(StandardStateManager.java:85)
	at org.apache.nifi.controller.state.manager.StandardStateManagerProvider.onComponentRemoved(StandardStateManagerProvider.java:514)
	at org.apache.nifi.groups.StandardProcessGroup.removeControllerService(StandardProcessGroup.java:2388)
	at org.apache.nifi.controller.service.StandardControllerServiceProvider.removeControllerService(StandardControllerServiceProvider.java:529)
	at org.apache.nifi.controller.TestFlowController.purgeFlow(TestFlowController.java:429)
	at org.apache.nifi.controller.TestFlowController.testSynchronizeFlowWhenAuthorizationsAreDifferent(TestFlowController.java:336)
	at sun.reflect.NativeMethodAccessorImpl.invoke0(Native Method)
	at sun.reflect.NativeMethodAccessorImpl.invoke(NativeMethodAccessorImpl.java:62)
	at sun.reflect.DelegatingMethodAccessorImpl.invoke(DelegatingMethodAccessorImpl.java:43)
	at java.lang.reflect.Method.invoke(Method.java:498)
	at org.junit.runners.model.FrameworkMethod$1.runReflectiveCall(FrameworkMethod.java:59)
	at org.junit.internal.runners.model.ReflectiveCallable.run(ReflectiveCallable.java:12)
	at org.junit.runners.model.FrameworkMethod.invokeExplosively(FrameworkMethod.java:56)
	at org.junit.internal.runners.statements.InvokeMethod.evaluate(InvokeMethod.java:17)
	at org.junit.internal.runners.statements.ExpectException.evaluate(ExpectException.java:19)
	at org.junit.internal.runners.statements.RunBefores.evaluate(RunBefores.java:26)
	at org.junit.internal.runners.statements.RunAfters.evaluate(RunAfters.java:27)
	at org.junit.runners.ParentRunner$3.evaluate(ParentRunner.java:306)
	at org.junit.runners.BlockJUnit4ClassRunner$1.evaluate(BlockJUnit4ClassRunner.java:100)
	at org.junit.runners.ParentRunner.runLeaf(ParentRunner.java:366)
	at org.junit.runners.BlockJUnit4ClassRunner.runChild(BlockJUnit4ClassRunner.java:103)
	at org.junit.runners.BlockJUnit4ClassRunner.runChild(BlockJUnit4ClassRunner.java:63)
	at org.junit.runners.ParentRunner$4.run(ParentRunner.java:331)
	at org.junit.runners.ParentRunner$1.schedule(ParentRunner.java:79)
	at org.junit.runners.ParentRunner.runChildren(ParentRunner.java:329)
	at org.junit.runners.ParentRunner.access$100(ParentRunner.java:66)
	at org.junit.runners.ParentRunner$2.evaluate(ParentRunner.java:293)
	at org.junit.runners.ParentRunner$3.evaluate(ParentRunner.java:306)
	at org.junit.runners.ParentRunner.run(ParentRunner.java:413)
	at org.junit.runner.JUnitCore.run(JUnitCore.java:137)
	at org.junit.runner.JUnitCore.run(JUnitCore.java:115)
	at org.junit.vintage.engine.execution.RunnerExecutor.execute(RunnerExecutor.java:43)
	at java.util.stream.ForEachOps$ForEachOp$OfRef.accept(ForEachOps.java:183)
	at java.util.stream.ReferencePipeline$3$1.accept(ReferencePipeline.java:193)
	at java.util.Iterator.forEachRemaining(Iterator.java:116)
	at java.util.Spliterators$IteratorSpliterator.forEachRemaining(Spliterators.java:1801)
	at java.util.stream.AbstractPipeline.copyInto(AbstractPipeline.java:482)
	at java.util.stream.AbstractPipeline.wrapAndCopyInto(AbstractPipeline.java:472)
	at java.util.stream.ForEachOps$ForEachOp.evaluateSequential(ForEachOps.java:150)
	at java.util.stream.ForEachOps$ForEachOp$OfRef.evaluateSequential(ForEachOps.java:173)
	at java.util.stream.AbstractPipeline.evaluate(AbstractPipeline.java:234)
	at java.util.stream.ReferencePipeline.forEach(ReferencePipeline.java:485)
	at org.junit.vintage.engine.VintageTestEngine.executeAllChildren(VintageTestEngine.java:82)
	at org.junit.vintage.engine.VintageTestEngine.execute(VintageTestEngine.java:73)
	at org.junit.platform.launcher.core.EngineExecutionOrchestrator.execute(EngineExecutionOrchestrator.java:108)
	at org.junit.platform.launcher.core.EngineExecutionOrchestrator.execute(EngineExecutionOrchestrator.java:88)
	at org.junit.platform.launcher.core.EngineExecutionOrchestrator.lambda$execute$0(EngineExecutionOrchestrator.java:54)
	at org.junit.platform.launcher.core.EngineExecutionOrchestrator.withInterceptedStreams(EngineExecutionOrchestrator.java:67)
	at org.junit.platform.launcher.core.EngineExecutionOrchestrator.execute(EngineExecutionOrchestrator.java:52)
	at org.junit.platform.launcher.core.DefaultLauncher.execute(DefaultLauncher.java:96)
	at org.junit.platform.launcher.core.DefaultLauncher.execute(DefaultLauncher.java:75)
	at org.apache.maven.surefire.junitplatform.JUnitPlatformProvider.execute(JUnitPlatformProvider.java:188)
	at org.apache.maven.surefire.junitplatform.JUnitPlatformProvider.invokeAllTests(JUnitPlatformProvider.java:154)
	at org.apache.maven.surefire.junitplatform.JUnitPlatformProvider.invoke(JUnitPlatformProvider.java:128)
	at org.apache.maven.surefire.booter.ForkedBooter.runSuitesInProcess(ForkedBooter.java:428)
	at org.apache.maven.surefire.booter.ForkedBooter.execute(ForkedBooter.java:162)
	at org.apache.maven.surefire.booter.ForkedBooter.run(ForkedBooter.java:562)
	at org.apache.maven.surefire.booter.ForkedBooter.main(ForkedBooter.java:548)
[Framework Task Thread Thread-1] WARN org.apache.nifi.controller.state.manager.StandardStateManagerProvider - Component with ID 809cca74-cd11-4ffa-9831-39d446a8ed55 was removed from NiFi instance but failed to clear local state for the component
java.io.IOException: All Partitions have been blacklisted due to failures when attempting to update. If the Write-Ahead Log is able to perform a checkpoint, this issue may resolve itself. Otherwise, manual intervention will be required.
	at org.wali.MinimalLockingWriteAheadLog.update(MinimalLockingWriteAheadLog.java:226)
	at org.apache.nifi.controller.state.providers.local.WriteAheadLocalStateProvider$ComponentProvider.clear(WriteAheadLocalStateProvider.java:276)
	at org.apache.nifi.controller.state.providers.local.WriteAheadLocalStateProvider.clear(WriteAheadLocalStateProvider.java:212)
	at org.apache.nifi.controller.state.manager.StandardStateManagerProvider$1.clear(StandardStateManagerProvider.java:395)
	at org.apache.nifi.controller.state.StandardStateManager.clear(StandardStateManager.java:85)
	at org.apache.nifi.controller.state.manager.StandardStateManagerProvider.onComponentRemoved(StandardStateManagerProvider.java:520)
	at org.apache.nifi.groups.StandardProcessGroup$2.run(StandardProcessGroup.java:1055)
	at org.apache.nifi.engine.FlowEngine$2.run(FlowEngine.java:110)
	at java.util.concurrent.Executors$RunnableAdapter.call(Executors.java:511)
	at java.util.concurrent.FutureTask.run(FutureTask.java:266)
	at java.util.concurrent.ScheduledThreadPoolExecutor$ScheduledFutureTask.access$201(ScheduledThreadPoolExecutor.java:180)
	at java.util.concurrent.ScheduledThreadPoolExecutor$ScheduledFutureTask.run(ScheduledThreadPoolExecutor.java:293)
	at java.util.concurrent.ThreadPoolExecutor.runWorker(ThreadPoolExecutor.java:1149)
	at java.util.concurrent.ThreadPoolExecutor$Worker.run(ThreadPoolExecutor.java:624)
	at java.lang.Thread.run(Thread.java:750)
[main] WARN org.apache.nifi.controller.state.manager.StandardStateManagerProvider - Component with ID edf22ee5-376a-46dc-a38a-919351124457 was removed from NiFi instance but failed to clear local state for the component
java.io.IOException: All Partitions have been blacklisted due to failures when attempting to update. If the Write-Ahead Log is able to perform a checkpoint, this issue may resolve itself. Otherwise, manual intervention will be required.
	at org.wali.MinimalLockingWriteAheadLog.update(MinimalLockingWriteAheadLog.java:226)
	at org.apache.nifi.controller.state.providers.local.WriteAheadLocalStateProvider$ComponentProvider.clear(WriteAheadLocalStateProvider.java:276)
	at org.apache.nifi.controller.state.providers.local.WriteAheadLocalStateProvider.clear(WriteAheadLocalStateProvider.java:212)
	at org.apache.nifi.controller.state.manager.StandardStateManagerProvider$1.clear(StandardStateManagerProvider.java:395)
	at org.apache.nifi.controller.state.StandardStateManager.clear(StandardStateManager.java:85)
	at org.apache.nifi.controller.state.manager.StandardStateManagerProvider.onComponentRemoved(StandardStateManagerProvider.java:520)
	at org.apache.nifi.groups.StandardProcessGroup.removeControllerService(StandardProcessGroup.java:2388)
	at org.apache.nifi.controller.service.StandardControllerServiceProvider.removeControllerService(StandardControllerServiceProvider.java:529)
	at org.apache.nifi.controller.TestFlowController.purgeFlow(TestFlowController.java:429)
	at org.apache.nifi.controller.TestFlowController.testSynchronizeFlowWhenAuthorizationsAreDifferent(TestFlowController.java:336)
	at sun.reflect.NativeMethodAccessorImpl.invoke0(Native Method)
	at sun.reflect.NativeMethodAccessorImpl.invoke(NativeMethodAccessorImpl.java:62)
	at sun.reflect.DelegatingMethodAccessorImpl.invoke(DelegatingMethodAccessorImpl.java:43)
	at java.lang.reflect.Method.invoke(Method.java:498)
	at org.junit.runners.model.FrameworkMethod$1.runReflectiveCall(FrameworkMethod.java:59)
	at org.junit.internal.runners.model.ReflectiveCallable.run(ReflectiveCallable.java:12)
	at org.junit.runners.model.FrameworkMethod.invokeExplosively(FrameworkMethod.java:56)
	at org.junit.internal.runners.statements.InvokeMethod.evaluate(InvokeMethod.java:17)
	at org.junit.internal.runners.statements.ExpectException.evaluate(ExpectException.java:19)
	at org.junit.internal.runners.statements.RunBefores.evaluate(RunBefores.java:26)
	at org.junit.internal.runners.statements.RunAfters.evaluate(RunAfters.java:27)
	at org.junit.runners.ParentRunner$3.evaluate(ParentRunner.java:306)
	at org.junit.runners.BlockJUnit4ClassRunner$1.evaluate(BlockJUnit4ClassRunner.java:100)
	at org.junit.runners.ParentRunner.runLeaf(ParentRunner.java:366)
	at org.junit.runners.BlockJUnit4ClassRunner.runChild(BlockJUnit4ClassRunner.java:103)
	at org.junit.runners.BlockJUnit4ClassRunner.runChild(BlockJUnit4ClassRunner.java:63)
	at org.junit.runners.ParentRunner$4.run(ParentRunner.java:331)
	at org.junit.runners.ParentRunner$1.schedule(ParentRunner.java:79)
	at org.junit.runners.ParentRunner.runChildren(ParentRunner.java:329)
	at org.junit.runners.ParentRunner.access$100(ParentRunner.java:66)
	at org.junit.runners.ParentRunner$2.evaluate(ParentRunner.java:293)
	at org.junit.runners.ParentRunner$3.evaluate(ParentRunner.java:306)
	at org.junit.runners.ParentRunner.run(ParentRunner.java:413)
	at org.junit.runner.JUnitCore.run(JUnitCore.java:137)
	at org.junit.runner.JUnitCore.run(JUnitCore.java:115)
	at org.junit.vintage.engine.execution.RunnerExecutor.execute(RunnerExecutor.java:43)
	at java.util.stream.ForEachOps$ForEachOp$OfRef.accept(ForEachOps.java:183)
	at java.util.stream.ReferencePipeline$3$1.accept(ReferencePipeline.java:193)
	at java.util.Iterator.forEachRemaining(Iterator.java:116)
	at java.util.Spliterators$IteratorSpliterator.forEachRemaining(Spliterators.java:1801)
	at java.util.stream.AbstractPipeline.copyInto(AbstractPipeline.java:482)
	at java.util.stream.AbstractPipeline.wrapAndCopyInto(AbstractPipeline.java:472)
	at java.util.stream.ForEachOps$ForEachOp.evaluateSequential(ForEachOps.java:150)
	at java.util.stream.ForEachOps$ForEachOp$OfRef.evaluateSequential(ForEachOps.java:173)
	at java.util.stream.AbstractPipeline.evaluate(AbstractPipeline.java:234)
	at java.util.stream.ReferencePipeline.forEach(ReferencePipeline.java:485)
	at org.junit.vintage.engine.VintageTestEngine.executeAllChildren(VintageTestEngine.java:82)
	at org.junit.vintage.engine.VintageTestEngine.execute(VintageTestEngine.java:73)
	at org.junit.platform.launcher.core.EngineExecutionOrchestrator.execute(EngineExecutionOrchestrator.java:108)
	at org.junit.platform.launcher.core.EngineExecutionOrchestrator.execute(EngineExecutionOrchestrator.java:88)
	at org.junit.platform.launcher.core.EngineExecutionOrchestrator.lambda$execute$0(EngineExecutionOrchestrator.java:54)
	at org.junit.platform.launcher.core.EngineExecutionOrchestrator.withInterceptedStreams(EngineExecutionOrchestrator.java:67)
	at org.junit.platform.launcher.core.EngineExecutionOrchestrator.execute(EngineExecutionOrchestrator.java:52)
	at org.junit.platform.launcher.core.DefaultLauncher.execute(DefaultLauncher.java:96)
	at org.junit.platform.launcher.core.DefaultLauncher.execute(DefaultLauncher.java:75)
	at org.apache.maven.surefire.junitplatform.JUnitPlatformProvider.execute(JUnitPlatformProvider.java:188)
	at org.apache.maven.surefire.junitplatform.JUnitPlatformProvider.invokeAllTests(JUnitPlatformProvider.java:154)
	at org.apache.maven.surefire.junitplatform.JUnitPlatformProvider.invoke(JUnitPlatformProvider.java:128)
	at org.apache.maven.surefire.booter.ForkedBooter.runSuitesInProcess(ForkedBooter.java:428)
	at org.apache.maven.surefire.booter.ForkedBooter.execute(ForkedBooter.java:162)
	at org.apache.maven.surefire.booter.ForkedBooter.run(ForkedBooter.java:562)
	at org.apache.maven.surefire.booter.ForkedBooter.main(ForkedBooter.java:548)
[Framework Task Thread Thread-1] WARN org.apache.nifi.controller.state.manager.StandardStateManagerProvider - Component with ID 809cca74-cd11-4ffa-9831-39d446a8ed55 was removed from NiFi instance but failed to cleanup resources used to maintain its local state
java.io.IOException: All Partitions have been blacklisted due to failures when attempting to update. If the Write-Ahead Log is able to perform a checkpoint, this issue may resolve itself. Otherwise, manual intervention will be required.
	at org.wali.MinimalLockingWriteAheadLog.update(MinimalLockingWriteAheadLog.java:226)
	at org.apache.nifi.controller.state.providers.local.WriteAheadLocalStateProvider$ComponentProvider.clear(WriteAheadLocalStateProvider.java:276)
	at org.apache.nifi.controller.state.providers.local.WriteAheadLocalStateProvider.clear(WriteAheadLocalStateProvider.java:212)
	at org.apache.nifi.controller.state.providers.local.WriteAheadLocalStateProvider.onComponentRemoved(WriteAheadLocalStateProvider.java:217)
	at org.apache.nifi.controller.state.manager.StandardStateManagerProvider$1.onComponentRemoved(StandardStateManagerProvider.java:402)
	at org.apache.nifi.controller.state.manager.StandardStateManagerProvider.onComponentRemoved(StandardStateManagerProvider.java:526)
	at org.apache.nifi.groups.StandardProcessGroup$2.run(StandardProcessGroup.java:1055)
	at org.apache.nifi.engine.FlowEngine$2.run(FlowEngine.java:110)
	at java.util.concurrent.Executors$RunnableAdapter.call(Executors.java:511)
	at java.util.concurrent.FutureTask.run(FutureTask.java:266)
	at java.util.concurrent.ScheduledThreadPoolExecutor$ScheduledFutureTask.access$201(ScheduledThreadPoolExecutor.java:180)
	at java.util.concurrent.ScheduledThreadPoolExecutor$ScheduledFutureTask.run(ScheduledThreadPoolExecutor.java:293)
	at java.util.concurrent.ThreadPoolExecutor.runWorker(ThreadPoolExecutor.java:1149)
	at java.util.concurrent.ThreadPoolExecutor$Worker.run(ThreadPoolExecutor.java:624)
	at java.lang.Thread.run(Thread.java:750)
[main] WARN org.apache.nifi.controller.state.manager.StandardStateManagerProvider - Component with ID edf22ee5-376a-46dc-a38a-919351124457 was removed from NiFi instance but failed to cleanup resources used to maintain its local state
java.io.IOException: All Partitions have been blacklisted due to failures when attempting to update. If the Write-Ahead Log is able to perform a checkpoint, this issue may resolve itself. Otherwise, manual intervention will be required.
	at org.wali.MinimalLockingWriteAheadLog.update(MinimalLockingWriteAheadLog.java:226)
	at org.apache.nifi.controller.state.providers.local.WriteAheadLocalStateProvider$ComponentProvider.clear(WriteAheadLocalStateProvider.java:276)
	at org.apache.nifi.controller.state.providers.local.WriteAheadLocalStateProvider.clear(WriteAheadLocalStateProvider.java:212)
	at org.apache.nifi.controller.state.providers.local.WriteAheadLocalStateProvider.onComponentRemoved(WriteAheadLocalStateProvider.java:217)
	at org.apache.nifi.controller.state.manager.StandardStateManagerProvider$1.onComponentRemoved(StandardStateManagerProvider.java:402)
	at org.apache.nifi.controller.state.manager.StandardStateManagerProvider.onComponentRemoved(StandardStateManagerProvider.java:526)
	at org.apache.nifi.groups.StandardProcessGroup.removeControllerService(StandardProcessGroup.java:2388)
	at org.apache.nifi.controller.service.StandardControllerServiceProvider.removeControllerService(StandardControllerServiceProvider.java:529)
	at org.apache.nifi.controller.TestFlowController.purgeFlow(TestFlowController.java:429)
	at org.apache.nifi.controller.TestFlowController.testSynchronizeFlowWhenAuthorizationsAreDifferent(TestFlowController.java:336)
	at sun.reflect.NativeMethodAccessorImpl.invoke0(Native Method)
	at sun.reflect.NativeMethodAccessorImpl.invoke(NativeMethodAccessorImpl.java:62)
	at sun.reflect.DelegatingMethodAccessorImpl.invoke(DelegatingMethodAccessorImpl.java:43)
	at java.lang.reflect.Method.invoke(Method.java:498)
	at org.junit.runners.model.FrameworkMethod$1.runReflectiveCall(FrameworkMethod.java:59)
	at org.junit.internal.runners.model.ReflectiveCallable.run(ReflectiveCallable.java:12)
	at org.junit.runners.model.FrameworkMethod.invokeExplosively(FrameworkMethod.java:56)
	at org.junit.internal.runners.statements.InvokeMethod.evaluate(InvokeMethod.java:17)
	at org.junit.internal.runners.statements.ExpectException.evaluate(ExpectException.java:19)
	at org.junit.internal.runners.statements.RunBefores.evaluate(RunBefores.java:26)
	at org.junit.internal.runners.statements.RunAfters.evaluate(RunAfters.java:27)
	at org.junit.runners.ParentRunner$3.evaluate(ParentRunner.java:306)
	at org.junit.runners.BlockJUnit4ClassRunner$1.evaluate(BlockJUnit4ClassRunner.java:100)
	at org.junit.runners.ParentRunner.runLeaf(ParentRunner.java:366)
	at org.junit.runners.BlockJUnit4ClassRunner.runChild(BlockJUnit4ClassRunner.java:103)
	at org.junit.runners.BlockJUnit4ClassRunner.runChild(BlockJUnit4ClassRunner.java:63)
	at org.junit.runners.ParentRunner$4.run(ParentRunner.java:331)
	at org.junit.runners.ParentRunner$1.schedule(ParentRunner.java:79)
	at org.junit.runners.ParentRunner.runChildren(ParentRunner.java:329)
	at org.junit.runners.ParentRunner.access$100(ParentRunner.java:66)
	at org.junit.runners.ParentRunner$2.evaluate(ParentRunner.java:293)
	at org.junit.runners.ParentRunner$3.evaluate(ParentRunner.java:306)
	at org.junit.runners.ParentRunner.run(ParentRunner.java:413)
	at org.junit.runner.JUnitCore.run(JUnitCore.java:137)
	at org.junit.runner.JUnitCore.run(JUnitCore.java:115)
	at org.junit.vintage.engine.execution.RunnerExecutor.execute(RunnerExecutor.java:43)
	at java.util.stream.ForEachOps$ForEachOp$OfRef.accept(ForEachOps.java:183)
	at java.util.stream.ReferencePipeline$3$1.accept(ReferencePipeline.java:193)
	at java.util.Iterator.forEachRemaining(Iterator.java:116)
	at java.util.Spliterators$IteratorSpliterator.forEachRemaining(Spliterators.java:1801)
	at java.util.stream.AbstractPipeline.copyInto(AbstractPipeline.java:482)
	at java.util.stream.AbstractPipeline.wrapAndCopyInto(AbstractPipeline.java:472)
	at java.util.stream.ForEachOps$ForEachOp.evaluateSequential(ForEachOps.java:150)
	at java.util.stream.ForEachOps$ForEachOp$OfRef.evaluateSequential(ForEachOps.java:173)
	at java.util.stream.AbstractPipeline.evaluate(AbstractPipeline.java:234)
	at java.util.stream.ReferencePipeline.forEach(ReferencePipeline.java:485)
	at org.junit.vintage.engine.VintageTestEngine.executeAllChildren(VintageTestEngine.java:82)
	at org.junit.vintage.engine.VintageTestEngine.execute(VintageTestEngine.java:73)
	at org.junit.platform.launcher.core.EngineExecutionOrchestrator.execute(EngineExecutionOrchestrator.java:108)
	at org.junit.platform.launcher.core.EngineExecutionOrchestrator.execute(EngineExecutionOrchestrator.java:88)
	at org.junit.platform.launcher.core.EngineExecutionOrchestrator.lambda$execute$0(EngineExecutionOrchestrator.java:54)
	at org.junit.platform.launcher.core.EngineExecutionOrchestrator.withInterceptedStreams(EngineExecutionOrchestrator.java:67)
	at org.junit.platform.launcher.core.EngineExecutionOrchestrator.execute(EngineExecutionOrchestrator.java:52)
	at org.junit.platform.launcher.core.DefaultLauncher.execute(DefaultLauncher.java:96)
	at org.junit.platform.launcher.core.DefaultLauncher.execute(DefaultLauncher.java:75)
	at org.apache.maven.surefire.junitplatform.JUnitPlatformProvider.execute(JUnitPlatformProvider.java:188)
	at org.apache.maven.surefire.junitplatform.JUnitPlatformProvider.invokeAllTests(JUnitPlatformProvider.java:154)
	at org.apache.maven.surefire.junitplatform.JUnitPlatformProvider.invoke(JUnitPlatformProvider.java:128)
	at org.apache.maven.surefire.booter.ForkedBooter.runSuitesInProcess(ForkedBooter.java:428)
	at org.apache.maven.surefire.booter.ForkedBooter.execute(ForkedBooter.java:162)
	at org.apache.maven.surefire.booter.ForkedBooter.run(ForkedBooter.java:562)
	at org.apache.maven.surefire.booter.ForkedBooter.main(ForkedBooter.java:548)
[main] INFO org.apache.nifi.groups.StandardProcessGroup - StandardControllerServiceNode[service=ServiceD[id=edf22ee5-376a-46dc-a38a-919351124457], name=ControllerService, active=false] removed from StandardProcessGroup[identifier=778f676e-6542-4c18-9d06-24b6fd3a1b29,name=NiFi Flow]
[main] INFO org.apache.nifi.controller.FlowController - Initiated immediate shutdown of flow controller...
[main] INFO org.apache.nifi.controller.FlowController - Controller has been terminated successfully.
]]></system-err>
  </testcase>
</testsuite>