<?xml version="1.0" encoding="UTF-8"?>
<testsuite xmlns:xsi="http://www.w3.org/2001/XMLSchema-instance" xsi:noNamespaceSchemaLocation="https://maven.apache.org/surefire/maven-surefire-plugin/xsd/surefire-test-report-3.0.xsd" version="3.0" name="org.apache.hadoop.hive.metastore.TestFilterHooks" time="6.807" tests="4" errors="0" skipped="0" failures="2">
  <properties>
    <property name="sun.desktop" value="gnome"/>
    <property name="awt.toolkit" value="sun.awt.X11.XToolkit"/>
    <property name="java.specification.version" value="1.8"/>
    <property name="nondexStart" value="0"/>
    <property name="file.encoding.pkg" value="sun.io"/>
    <property name="sun.cpu.isalist" value=""/>
    <property name="sun.jnu.encoding" value="UTF-8"/>
    <property name="java.class.path" value="/home/alex/Repositories/hive/standalone-metastore/metastore-server/target/test-classes:/home/alex/Repositories/hive/standalone-metastore/metastore-server/target/classes:/home/alex/Repositories/hive/standalone-metastore/metastore-common/target/classes:/home/alex/.m2/repository/org/antlr/ST4/4.0.4/ST4-4.0.4.jar:/home/alex/.m2/repository/org/apache/zookeeper/zookeeper/3.5.5/zookeeper-3.5.5.jar:/home/alex/.m2/repository/org/apache/zookeeper/zookeeper-jute/3.5.5/zookeeper-jute-3.5.5.jar:/home/alex/.m2/repository/org/apache/yetus/audience-annotations/0.5.0/audience-annotations-0.5.0.jar:/home/alex/.m2/repository/com/github/ben-manes/caffeine/caffeine/2.8.4/caffeine-2.8.4.jar:/home/alex/.m2/repository/org/checkerframework/checker-qual/3.4.0/checker-qual-3.4.0.jar:/home/alex/.m2/repository/com/google/errorprone/error_prone_annotations/2.3.4/error_prone_annotations-2.3.4.jar:/home/alex/.m2/repository/org/apache/curator/curator-recipes/4.2.0/curator-recipes-4.2.0.jar:/home/alex/.m2/repository/org/apache/curator/curator-framework/4.2.0/curator-framework-4.2.0.jar:/home/alex/.m2/repository/org/apache/curator/curator-client/4.2.0/curator-client-4.2.0.jar:/home/alex/.m2/repository/org/slf4j/slf4j-api/1.7.30/slf4j-api-1.7.30.jar:/home/alex/.m2/repository/org/apache/orc/orc-core/1.6.9/orc-core-1.6.9.jar:/home/alex/.m2/repository/org/apache/orc/orc-shims/1.6.9/orc-shims-1.6.9.jar:/home/alex/.m2/repository/io/airlift/aircompressor/0.19/aircompressor-0.19.jar:/home/alex/.m2/repository/javax/xml/bind/jaxb-api/2.2.11/jaxb-api-2.2.11.jar:/home/alex/.m2/repository/org/jetbrains/annotations/17.0.0/annotations-17.0.0.jar:/home/alex/.m2/repository/org/threeten/threeten-extra/1.5.0/threeten-extra-1.5.0.jar:/home/alex/.m2/repository/com/fasterxml/jackson/core/jackson-databind/2.12.0/jackson-databind-2.12.0.jar:/home/alex/.m2/repository/com/fasterxml/jackson/core/jackson-annotations/2.12.0/jackson-annotations-2.12.0.jar:/home/alex/.m2/repository/com/fasterxml/jackson/core/jackson-core/2.12.0/jackson-core-2.12.0.jar:/home/alex/.m2/repository/com/github/joshelser/dropwizard-metrics-hadoop-metrics2-reporter/0.1.2/dropwizard-metrics-hadoop-metrics2-reporter-0.1.2.jar:/home/alex/.m2/repository/com/google/guava/guava/19.0/guava-19.0.jar:/home/alex/.m2/repository/com/google/protobuf/protobuf-java/2.6.1/protobuf-java-2.6.1.jar:/home/alex/.m2/repository/com/zaxxer/HikariCP/2.6.1/HikariCP-2.6.1.jar:/home/alex/.m2/repository/org/apache/commons/commons-dbcp2/2.7.0/commons-dbcp2-2.7.0.jar:/home/alex/.m2/repository/org/apache/commons/commons-pool2/2.7.0/commons-pool2-2.7.0.jar:/home/alex/.m2/repository/io/dropwizard/metrics/metrics-core/3.1.0/metrics-core-3.1.0.jar:/home/alex/.m2/repository/io/dropwizard/metrics/metrics-jvm/3.1.0/metrics-jvm-3.1.0.jar:/home/alex/.m2/repository/io/dropwizard/metrics/metrics-json/3.1.0/metrics-json-3.1.0.jar:/home/alex/.m2/repository/javolution/javolution/5.5.1/javolution-5.5.1.jar:/home/alex/.m2/repository/org/antlr/antlr-runtime/3.5.2/antlr-runtime-3.5.2.jar:/home/alex/.m2/repository/org/apache/commons/commons-lang3/3.9/commons-lang3-3.9.jar:/home/alex/.m2/repository/org/apache/derby/derby/10.14.1.0/derby-10.14.1.0.jar:/home/alex/.m2/repository/org/apache/hadoop/hadoop-common/3.1.0/hadoop-common-3.1.0.jar:/home/alex/.m2/repository/org/apache/hadoop/hadoop-annotations/3.1.0/hadoop-annotations-3.1.0.jar:/usr/lib/jvm/java-8-openjdk-amd64/jre/../lib/tools.jar:/home/alex/.m2/repository/commons-cli/commons-cli/1.2/commons-cli-1.2.jar:/home/alex/.m2/repository/org/apache/commons/commons-math3/3.1.1/commons-math3-3.1.1.jar:/home/alex/.m2/repository/org/apache/httpcomponents/httpclient/4.5.2/httpclient-4.5.2.jar:/home/alex/.m2/repository/commons-codec/commons-codec/1.11/commons-codec-1.11.jar:/home/alex/.m2/repository/commons-io/commons-io/2.5/commons-io-2.5.jar:/home/alex/.m2/repository/commons-net/commons-net/3.6/commons-net-3.6.jar:/home/alex/.m2/repository/commons-collections/commons-collections/3.2.2/commons-collections-3.2.2.jar:/home/alex/.m2/repository/javax/servlet/javax.servlet-api/3.1.0/javax.servlet-api-3.1.0.jar:/home/alex/.m2/repository/org/eclipse/jetty/jetty-server/9.3.19.v20170502/jetty-server-9.3.19.v20170502.jar:/home/alex/.m2/repository/org/eclipse/jetty/jetty-http/9.3.19.v20170502/jetty-http-9.3.19.v20170502.jar:/home/alex/.m2/repository/org/eclipse/jetty/jetty-io/9.3.19.v20170502/jetty-io-9.3.19.v20170502.jar:/home/alex/.m2/repository/org/eclipse/jetty/jetty-util/9.3.19.v20170502/jetty-util-9.3.19.v20170502.jar:/home/alex/.m2/repository/org/eclipse/jetty/jetty-servlet/9.3.19.v20170502/jetty-servlet-9.3.19.v20170502.jar:/home/alex/.m2/repository/org/eclipse/jetty/jetty-security/9.3.19.v20170502/jetty-security-9.3.19.v20170502.jar:/home/alex/.m2/repository/org/eclipse/jetty/jetty-webapp/9.3.19.v20170502/jetty-webapp-9.3.19.v20170502.jar:/home/alex/.m2/repository/org/eclipse/jetty/jetty-xml/9.3.19.v20170502/jetty-xml-9.3.19.v20170502.jar:/home/alex/.m2/repository/javax/servlet/jsp/jsp-api/2.1/jsp-api-2.1.jar:/home/alex/.m2/repository/com/sun/jersey/jersey-core/1.19/jersey-core-1.19.jar:/home/alex/.m2/repository/javax/ws/rs/jsr311-api/1.1.1/jsr311-api-1.1.1.jar:/home/alex/.m2/repository/com/sun/jersey/jersey-servlet/1.19/jersey-servlet-1.19.jar:/home/alex/.m2/repository/com/sun/jersey/jersey-json/1.19/jersey-json-1.19.jar:/home/alex/.m2/repository/org/codehaus/jettison/jettison/1.1/jettison-1.1.jar:/home/alex/.m2/repository/com/sun/xml/bind/jaxb-impl/2.2.3-1/jaxb-impl-2.2.3-1.jar:/home/alex/.m2/repository/org/codehaus/jackson/jackson-core-asl/1.9.2/jackson-core-asl-1.9.2.jar:/home/alex/.m2/repository/org/codehaus/jackson/jackson-mapper-asl/1.9.2/jackson-mapper-asl-1.9.2.jar:/home/alex/.m2/repository/org/codehaus/jackson/jackson-jaxrs/1.9.2/jackson-jaxrs-1.9.2.jar:/home/alex/.m2/repository/org/codehaus/jackson/jackson-xc/1.9.2/jackson-xc-1.9.2.jar:/home/alex/.m2/repository/com/sun/jersey/jersey-server/1.19/jersey-server-1.19.jar:/home/alex/.m2/repository/log4j/log4j/1.2.17/log4j-1.2.17.jar:/home/alex/.m2/repository/commons-lang/commons-lang/2.6/commons-lang-2.6.jar:/home/alex/.m2/repository/org/apache/commons/commons-configuration2/2.1.1/commons-configuration2-2.1.1.jar:/home/alex/.m2/repository/org/apache/avro/avro/1.7.7/avro-1.7.7.jar:/home/alex/.m2/repository/com/thoughtworks/paranamer/paranamer/2.3/paranamer-2.3.jar:/home/alex/.m2/repository/org/xerial/snappy/snappy-java/1.0.5/snappy-java-1.0.5.jar:/home/alex/.m2/repository/com/google/re2j/re2j/1.1/re2j-1.1.jar:/home/alex/.m2/repository/com/google/code/gson/gson/2.2.4/gson-2.2.4.jar:/home/alex/.m2/repository/org/apache/hadoop/hadoop-auth/3.1.0/hadoop-auth-3.1.0.jar:/home/alex/.m2/repository/com/nimbusds/nimbus-jose-jwt/4.41.1/nimbus-jose-jwt-4.41.1.jar:/home/alex/.m2/repository/com/github/stephenc/jcip/jcip-annotations/1.0-1/jcip-annotations-1.0-1.jar:/home/alex/.m2/repository/net/minidev/json-smart/2.3/json-smart-2.3.jar:/home/alex/.m2/repository/net/minidev/accessors-smart/1.2/accessors-smart-1.2.jar:/home/alex/.m2/repository/org/ow2/asm/asm/5.0.4/asm-5.0.4.jar:/home/alex/.m2/repository/com/jcraft/jsch/0.1.54/jsch-0.1.54.jar:/home/alex/.m2/repository/com/google/code/findbugs/jsr305/3.0.0/jsr305-3.0.0.jar:/home/alex/.m2/repository/org/apache/htrace/htrace-core4/4.1.0-incubating/htrace-core4-4.1.0-incubating.jar:/home/alex/.m2/repository/org/apache/commons/commons-compress/1.4.1/commons-compress-1.4.1.jar:/home/alex/.m2/repository/org/tukaani/xz/1.0/xz-1.0.jar:/home/alex/.m2/repository/org/apache/kerby/kerb-simplekdc/1.0.1/kerb-simplekdc-1.0.1.jar:/home/alex/.m2/repository/org/apache/kerby/kerb-client/1.0.1/kerb-client-1.0.1.jar:/home/alex/.m2/repository/org/apache/kerby/kerby-config/1.0.1/kerby-config-1.0.1.jar:/home/alex/.m2/repository/org/apache/kerby/kerb-core/1.0.1/kerb-core-1.0.1.jar:/home/alex/.m2/repository/org/apache/kerby/kerby-pkix/1.0.1/kerby-pkix-1.0.1.jar:/home/alex/.m2/repository/org/apache/kerby/kerby-asn1/1.0.1/kerby-asn1-1.0.1.jar:/home/alex/.m2/repository/org/apache/kerby/kerby-util/1.0.1/kerby-util-1.0.1.jar:/home/alex/.m2/repository/org/apache/kerby/kerb-common/1.0.1/kerb-common-1.0.1.jar:/home/alex/.m2/repository/org/apache/kerby/kerb-crypto/1.0.1/kerb-crypto-1.0.1.jar:/home/alex/.m2/repository/org/apache/kerby/kerb-util/1.0.1/kerb-util-1.0.1.jar:/home/alex/.m2/repository/org/apache/kerby/token-provider/1.0.1/token-provider-1.0.1.jar:/home/alex/.m2/repository/org/apache/kerby/kerb-admin/1.0.1/kerb-admin-1.0.1.jar:/home/alex/.m2/repository/org/apache/kerby/kerb-server/1.0.1/kerb-server-1.0.1.jar:/home/alex/.m2/repository/org/apache/kerby/kerb-identity/1.0.1/kerb-identity-1.0.1.jar:/home/alex/.m2/repository/org/apache/kerby/kerby-xdr/1.0.1/kerby-xdr-1.0.1.jar:/home/alex/.m2/repository/org/codehaus/woodstox/stax2-api/3.1.4/stax2-api-3.1.4.jar:/home/alex/.m2/repository/com/fasterxml/woodstox/woodstox-core/5.0.3/woodstox-core-5.0.3.jar:/home/alex/.m2/repository/org/apache/hadoop/hadoop-distcp/3.1.0/hadoop-distcp-3.1.0.jar:/home/alex/.m2/repository/org/apache/hadoop/hadoop-hdfs/3.1.0/hadoop-hdfs-3.1.0.jar:/home/alex/.m2/repository/org/eclipse/jetty/jetty-util-ajax/9.3.19.v20170502/jetty-util-ajax-9.3.19.v20170502.jar:/home/alex/.m2/repository/commons-daemon/commons-daemon/1.0.13/commons-daemon-1.0.13.jar:/home/alex/.m2/repository/org/fusesource/leveldbjni/leveldbjni-all/1.8/leveldbjni-all-1.8.jar:/home/alex/.m2/repository/org/apache/hadoop/hadoop-hdfs-client/3.1.0/hadoop-hdfs-client-3.1.0.jar:/home/alex/.m2/repository/com/squareup/okhttp/okhttp/2.7.5/okhttp-2.7.5.jar:/home/alex/.m2/repository/com/squareup/okio/okio/1.6.0/okio-1.6.0.jar:/home/alex/.m2/repository/org/apache/hadoop/hadoop-mapreduce-client-core/3.1.0/hadoop-mapreduce-client-core-3.1.0.jar:/home/alex/.m2/repository/org/apache/hadoop/hadoop-yarn-client/3.1.0/hadoop-yarn-client-3.1.0.jar:/home/alex/.m2/repository/org/apache/hadoop/hadoop-yarn-api/3.1.0/hadoop-yarn-api-3.1.0.jar:/home/alex/.m2/repository/org/apache/hadoop/hadoop-yarn-common/3.1.0/hadoop-yarn-common-3.1.0.jar:/home/alex/.m2/repository/com/sun/jersey/jersey-client/1.19/jersey-client-1.19.jar:/home/alex/.m2/repository/com/google/inject/guice/4.0/guice-4.0.jar:/home/alex/.m2/repository/javax/inject/javax.inject/1/javax.inject-1.jar:/home/alex/.m2/repository/aopalliance/aopalliance/1.0/aopalliance-1.0.jar:/home/alex/.m2/repository/com/sun/jersey/contribs/jersey-guice/1.19/jersey-guice-1.19.jar:/home/alex/.m2/repository/com/fasterxml/jackson/module/jackson-module-jaxb-annotations/2.12.0/jackson-module-jaxb-annotations-2.12.0.jar:/home/alex/.m2/repository/jakarta/xml/bind/jakarta.xml.bind-api/2.3.2/jakarta.xml.bind-api-2.3.2.jar:/home/alex/.m2/repository/jakarta/activation/jakarta.activation-api/1.2.1/jakarta.activation-api-1.2.1.jar:/home/alex/.m2/repository/com/fasterxml/jackson/jaxrs/jackson-jaxrs-json-provider/2.12.0/jackson-jaxrs-json-provider-2.12.0.jar:/home/alex/.m2/repository/com/fasterxml/jackson/jaxrs/jackson-jaxrs-base/2.12.0/jackson-jaxrs-base-2.12.0.jar:/home/alex/.m2/repository/com/google/inject/extensions/guice-servlet/4.0/guice-servlet-4.0.jar:/home/alex/.m2/repository/commons-beanutils/commons-beanutils/1.9.4/commons-beanutils-1.9.4.jar:/home/alex/Repositories/hive/storage-api/target/classes:/home/alex/.m2/repository/org/apache/logging/log4j/log4j-slf4j-impl/2.13.2/log4j-slf4j-impl-2.13.2.jar:/home/alex/.m2/repository/org/apache/logging/log4j/log4j-api/2.13.2/log4j-api-2.13.2.jar:/home/alex/.m2/repository/org/apache/logging/log4j/log4j-1.2-api/2.13.2/log4j-1.2-api-2.13.2.jar:/home/alex/.m2/repository/org/apache/logging/log4j/log4j-core/2.13.2/log4j-core-2.13.2.jar:/home/alex/.m2/repository/org/apache/thrift/libfb303/0.9.3/libfb303-0.9.3.jar:/home/alex/.m2/repository/org/apache/thrift/libthrift/0.14.1/libthrift-0.14.1.jar:/home/alex/.m2/repository/org/apache/httpcomponents/httpcore/4.4.12/httpcore-4.4.12.jar:/home/alex/.m2/repository/org/apache/tomcat/embed/tomcat-embed-core/8.5.46/tomcat-embed-core-8.5.46.jar:/home/alex/.m2/repository/org/apache/tomcat/tomcat-annotations-api/8.5.46/tomcat-annotations-api-8.5.46.jar:/home/alex/.m2/repository/javax/annotation/javax.annotation-api/1.3.2/javax.annotation-api-1.3.2.jar:/home/alex/.m2/repository/org/datanucleus/datanucleus-api-jdo/5.2.4/datanucleus-api-jdo-5.2.4.jar:/home/alex/.m2/repository/org/datanucleus/datanucleus-core/5.2.4/datanucleus-core-5.2.4.jar:/home/alex/.m2/repository/org/datanucleus/datanucleus-rdbms/5.2.4/datanucleus-rdbms-5.2.4.jar:/home/alex/.m2/repository/org/datanucleus/javax.jdo/3.2.0-release/javax.jdo-3.2.0-release.jar:/home/alex/.m2/repository/javax/transaction/javax.transaction-api/1.3/javax.transaction-api-1.3.jar:/home/alex/.m2/repository/org/glassfish/corba/glassfish-corba-omgapi/4.2.2/glassfish-corba-omgapi-4.2.2.jar:/home/alex/.m2/repository/org/skyscreamer/jsonassert/1.4.0/jsonassert-1.4.0.jar:/home/alex/.m2/repository/com/vaadin/external/google/android-json/0.0.20131108.vaadin1/android-json-0.0.20131108.vaadin1.jar:/home/alex/.m2/repository/sqlline/sqlline/1.9.0/sqlline-1.9.0.jar:/home/alex/.m2/repository/org/jline/jline-terminal/3.12.1/jline-terminal-3.12.1.jar:/home/alex/.m2/repository/org/jline/jline-reader/3.12.1/jline-reader-3.12.1.jar:/home/alex/.m2/repository/org/jline/jline-terminal-jansi/3.12.1/jline-terminal-jansi-3.12.1.jar:/home/alex/.m2/repository/org/fusesource/jansi/jansi/1.18/jansi-1.18.jar:/home/alex/.m2/repository/org/jline/jline-terminal-jna/3.12.1/jline-terminal-jna-3.12.1.jar:/home/alex/.m2/repository/net/java/dev/jna/jna/5.3.1/jna-5.3.1.jar:/home/alex/.m2/repository/org/jline/jline-builtins/3.12.1/jline-builtins-3.12.1.jar:/home/alex/.m2/repository/org/jline/jline-style/3.12.1/jline-style-3.12.1.jar:/home/alex/.m2/repository/jline/jline/2.14.6/jline-2.14.6.jar:/home/alex/.m2/repository/commons-logging/commons-logging/1.1.3/commons-logging-1.1.3.jar:/home/alex/.m2/repository/com/cronutils/cron-utils/9.1.3/cron-utils-9.1.3.jar:/home/alex/.m2/repository/org/glassfish/javax.el/3.0.0/javax.el-3.0.0.jar:/home/alex/.m2/repository/com/oracle/database/jdbc/ojdbc8/21.3.0.0/ojdbc8-21.3.0.0.jar:/home/alex/.m2/repository/mysql/mysql-connector-java/8.0.27/mysql-connector-java-8.0.27.jar:/home/alex/.m2/repository/com/microsoft/sqlserver/mssql-jdbc/6.2.1.jre8/mssql-jdbc-6.2.1.jre8.jar:/home/alex/.m2/repository/junit/junit/4.13/junit-4.13.jar:/home/alex/.m2/repository/org/hamcrest/hamcrest-core/1.3/hamcrest-core-1.3.jar:/home/alex/.m2/repository/org/apache/directory/server/apacheds-server-integ/1.5.7/apacheds-server-integ-1.5.7.jar:/home/alex/.m2/repository/org/apache/directory/server/apacheds-interceptor-kerberos/1.5.7/apacheds-interceptor-kerberos-1.5.7.jar:/home/alex/.m2/repository/org/apache/directory/server/apacheds-core/1.5.7/apacheds-core-1.5.7.jar:/home/alex/.m2/repository/org/apache/directory/server/apacheds-core-api/1.5.7/apacheds-core-api-1.5.7.jar:/home/alex/.m2/repository/org/apache/directory/server/apacheds-core-entry/1.5.7/apacheds-core-entry-1.5.7.jar:/home/alex/.m2/repository/org/apache/directory/server/apacheds-core-constants/1.5.7/apacheds-core-constants-1.5.7.jar:/home/alex/.m2/repository/org/apache/directory/server/apacheds-utils/1.5.7/apacheds-utils-1.5.7.jar:/home/alex/.m2/repository/org/apache/directory/server/apacheds-kerberos-shared/1.5.7/apacheds-kerberos-shared-1.5.7.jar:/home/alex/.m2/repository/org/apache/directory/server/apacheds-core-jndi/1.5.7/apacheds-core-jndi-1.5.7.jar:/home/alex/.m2/repository/org/apache/directory/server/apacheds-protocol-shared/1.5.7/apacheds-protocol-shared-1.5.7.jar:/home/alex/.m2/repository/org/apache/directory/server/apacheds-core-integ/1.5.7/apacheds-core-integ-1.5.7.jar:/home/alex/.m2/repository/ldapsdk/ldapsdk/4.1/ldapsdk-4.1.jar:/home/alex/.m2/repository/org/apache/directory/client/ldap/ldap-client-api/0.1/ldap-client-api-0.1.jar:/home/alex/.m2/repository/commons-pool/commons-pool/1.5.4/commons-pool-1.5.4.jar:/home/alex/.m2/repository/org/apache/mina/mina-core/2.0.0-RC1/mina-core-2.0.0-RC1.jar:/home/alex/.m2/repository/org/apache/directory/shared/shared-ldap/0.9.19/shared-ldap-0.9.19.jar:/home/alex/.m2/repository/org/apache/directory/shared/shared-i18n/0.9.19/shared-i18n-0.9.19.jar:/home/alex/.m2/repository/antlr/antlr/2.7.7/antlr-2.7.7.jar:/home/alex/.m2/repository/org/apache/directory/shared/shared-ldap-schema/0.9.19/shared-ldap-schema-0.9.19.jar:/home/alex/.m2/repository/org/apache/directory/shared/shared-ldap-schema-loader/0.9.19/shared-ldap-schema-loader-0.9.19.jar:/home/alex/.m2/repository/org/apache/directory/shared/shared-ldap-schema-manager/0.9.19/shared-ldap-schema-manager-0.9.19.jar:/home/alex/.m2/repository/org/apache/directory/shared/shared-cursor/0.9.19/shared-cursor-0.9.19.jar:/home/alex/.m2/repository/org/apache/directory/shared/shared-ldap-jndi/0.9.19/shared-ldap-jndi-0.9.19.jar:/home/alex/.m2/repository/org/apache/directory/shared/shared-asn1-codec/0.9.19/shared-asn1-codec-0.9.19.jar:/home/alex/.m2/repository/org/apache/directory/shared/shared-asn1/0.9.19/shared-asn1-0.9.19.jar:/home/alex/.m2/repository/org/apache/directory/shared/shared-ldap-constants/0.9.19/shared-ldap-constants-0.9.19.jar:/home/alex/.m2/repository/org/apache/directory/shared/shared-ldap-converter/0.9.19/shared-ldap-converter-0.9.19.jar:/home/alex/.m2/repository/org/apache/directory/shared/shared-ldap-schema-dao/0.9.19/shared-ldap-schema-dao-0.9.19.jar:/home/alex/.m2/repository/org/apache/directory/shared/shared-ldif/0.9.19/shared-ldif-0.9.19.jar:/home/alex/.m2/repository/org/apache/directory/shared/shared-dsml-parser/0.9.19/shared-dsml-parser-0.9.19.jar:/home/alex/.m2/repository/dom4j/dom4j/1.6.1/dom4j-1.6.1.jar:/home/alex/.m2/repository/xml-apis/xml-apis/1.0.b2/xml-apis-1.0.b2.jar:/home/alex/.m2/repository/xpp3/xpp3/1.1.4c/xpp3-1.1.4c.jar:/home/alex/.m2/repository/org/apache/directory/server/apacheds-test-framework/1.5.7/apacheds-test-framework-1.5.7.jar:/home/alex/.m2/repository/org/apache/directory/server/apacheds-i18n/1.5.7/apacheds-i18n-1.5.7.jar:/home/alex/.m2/repository/org/apache/directory/server/apacheds-server-annotations/1.5.7/apacheds-server-annotations-1.5.7.jar:/home/alex/.m2/repository/org/apache/directory/server/apacheds-core-annotations/1.5.7/apacheds-core-annotations-1.5.7.jar:/home/alex/.m2/repository/org/apache/directory/server/apacheds-jdbm-partition/1.5.7/apacheds-jdbm-partition-1.5.7.jar:/home/alex/.m2/repository/org/apache/directory/server/apacheds-jdbm-store/1.5.7/apacheds-jdbm-store-1.5.7.jar:/home/alex/.m2/repository/org/apache/directory/server/apacheds-jdbm/1.5.7/apacheds-jdbm-1.5.7.jar:/home/alex/.m2/repository/org/apache/directory/server/apacheds-core-avl/1.5.7/apacheds-core-avl-1.5.7.jar:/home/alex/.m2/repository/org/apache/directory/server/apacheds-xdbm-search/1.5.7/apacheds-xdbm-search-1.5.7.jar:/home/alex/.m2/repository/org/apache/directory/server/apacheds-ldif-partition/1.5.7/apacheds-ldif-partition-1.5.7.jar:/home/alex/.m2/repository/org/apache/directory/server/apacheds-avl-partition/1.5.7/apacheds-avl-partition-1.5.7.jar:/home/alex/.m2/repository/org/apache/directory/server/apacheds-core-mock/1.5.7/apacheds-core-mock-1.5.7.jar:/home/alex/.m2/repository/org/apache/directory/server/apacheds-protocol-ldap/1.5.7/apacheds-protocol-ldap-1.5.7.jar:/home/alex/.m2/repository/org/apache/directory/server/apacheds-xdbm-tools/1.5.7/apacheds-xdbm-tools-1.5.7.jar:/home/alex/.m2/repository/org/apache/directory/server/apacheds-xdbm-base/1.5.7/apacheds-xdbm-base-1.5.7.jar:/home/alex/.m2/repository/org/apache/directory/server/apacheds-protocol-kerberos/1.5.7/apacheds-protocol-kerberos-1.5.7.jar:/home/alex/.m2/repository/org/mockito/mockito-core/3.3.3/mockito-core-3.3.3.jar:/home/alex/.m2/repository/net/bytebuddy/byte-buddy/1.10.5/byte-buddy-1.10.5.jar:/home/alex/.m2/repository/net/bytebuddy/byte-buddy-agent/1.10.5/byte-buddy-agent-1.10.5.jar:/home/alex/.m2/repository/org/objenesis/objenesis/2.6/objenesis-2.6.jar:/home/alex/.m2/repository/org/postgresql/postgresql/42.2.14/postgresql-42.2.14.jar:/home/alex/.m2/repository/org/apache/curator/curator-test/4.2.0/curator-test-4.2.0.jar:/home/alex/Repositories/hive/standalone-metastore/metastore-server/src/test/resources:"/>
    <property name="java.vm.vendor" value="Private Build"/>
    <property name="nondexPrintstack" value="false"/>
    <property name="sun.arch.data.model" value="64"/>
    <property name="java.vendor.url" value="http://java.oracle.com/"/>
    <property name="user.timezone" value="Europe/Lisbon"/>
    <property name="user.country.format" value="PT"/>
    <property name="test.tmp.dir" value="/home/alex/Repositories/hive/standalone-metastore/metastore-server/target/tmp"/>
    <property name="os.name" value="Linux"/>
    <property name="java.vm.specification.version" value="1.8"/>
    <property name="sun.java.launcher" value="SUN_STANDARD"/>
    <property name="user.country" value="US"/>
    <property name="sun.boot.library.path" value="/usr/lib/jvm/java-8-openjdk-amd64/jre/lib/amd64"/>
    <property name="sun.java.command" value="/home/alex/Repositories/hive/standalone-metastore/metastore-server/target/surefire/surefirebooter6326809595865173327.jar /home/alex/Repositories/hive/standalone-metastore/metastore-server/target/surefire 2024-04-23T21-59-46_173-jvmRun1 surefire2319937281499647591tmp surefire_983907534037288158752tmp"/>
    <property name="nondexLogging" value="CONFIG"/>
    <property name="surefire.test.class.path" value="/home/alex/Repositories/hive/standalone-metastore/metastore-server/target/test-classes:/home/alex/Repositories/hive/standalone-metastore/metastore-server/target/classes:/home/alex/Repositories/hive/standalone-metastore/metastore-common/target/classes:/home/alex/.m2/repository/org/antlr/ST4/4.0.4/ST4-4.0.4.jar:/home/alex/.m2/repository/org/apache/zookeeper/zookeeper/3.5.5/zookeeper-3.5.5.jar:/home/alex/.m2/repository/org/apache/zookeeper/zookeeper-jute/3.5.5/zookeeper-jute-3.5.5.jar:/home/alex/.m2/repository/org/apache/yetus/audience-annotations/0.5.0/audience-annotations-0.5.0.jar:/home/alex/.m2/repository/com/github/ben-manes/caffeine/caffeine/2.8.4/caffeine-2.8.4.jar:/home/alex/.m2/repository/org/checkerframework/checker-qual/3.4.0/checker-qual-3.4.0.jar:/home/alex/.m2/repository/com/google/errorprone/error_prone_annotations/2.3.4/error_prone_annotations-2.3.4.jar:/home/alex/.m2/repository/org/apache/curator/curator-recipes/4.2.0/curator-recipes-4.2.0.jar:/home/alex/.m2/repository/org/apache/curator/curator-framework/4.2.0/curator-framework-4.2.0.jar:/home/alex/.m2/repository/org/apache/curator/curator-client/4.2.0/curator-client-4.2.0.jar:/home/alex/.m2/repository/org/slf4j/slf4j-api/1.7.30/slf4j-api-1.7.30.jar:/home/alex/.m2/repository/org/apache/orc/orc-core/1.6.9/orc-core-1.6.9.jar:/home/alex/.m2/repository/org/apache/orc/orc-shims/1.6.9/orc-shims-1.6.9.jar:/home/alex/.m2/repository/io/airlift/aircompressor/0.19/aircompressor-0.19.jar:/home/alex/.m2/repository/javax/xml/bind/jaxb-api/2.2.11/jaxb-api-2.2.11.jar:/home/alex/.m2/repository/org/jetbrains/annotations/17.0.0/annotations-17.0.0.jar:/home/alex/.m2/repository/org/threeten/threeten-extra/1.5.0/threeten-extra-1.5.0.jar:/home/alex/.m2/repository/com/fasterxml/jackson/core/jackson-databind/2.12.0/jackson-databind-2.12.0.jar:/home/alex/.m2/repository/com/fasterxml/jackson/core/jackson-annotations/2.12.0/jackson-annotations-2.12.0.jar:/home/alex/.m2/repository/com/fasterxml/jackson/core/jackson-core/2.12.0/jackson-core-2.12.0.jar:/home/alex/.m2/repository/com/github/joshelser/dropwizard-metrics-hadoop-metrics2-reporter/0.1.2/dropwizard-metrics-hadoop-metrics2-reporter-0.1.2.jar:/home/alex/.m2/repository/com/google/guava/guava/19.0/guava-19.0.jar:/home/alex/.m2/repository/com/google/protobuf/protobuf-java/2.6.1/protobuf-java-2.6.1.jar:/home/alex/.m2/repository/com/zaxxer/HikariCP/2.6.1/HikariCP-2.6.1.jar:/home/alex/.m2/repository/org/apache/commons/commons-dbcp2/2.7.0/commons-dbcp2-2.7.0.jar:/home/alex/.m2/repository/org/apache/commons/commons-pool2/2.7.0/commons-pool2-2.7.0.jar:/home/alex/.m2/repository/io/dropwizard/metrics/metrics-core/3.1.0/metrics-core-3.1.0.jar:/home/alex/.m2/repository/io/dropwizard/metrics/metrics-jvm/3.1.0/metrics-jvm-3.1.0.jar:/home/alex/.m2/repository/io/dropwizard/metrics/metrics-json/3.1.0/metrics-json-3.1.0.jar:/home/alex/.m2/repository/javolution/javolution/5.5.1/javolution-5.5.1.jar:/home/alex/.m2/repository/org/antlr/antlr-runtime/3.5.2/antlr-runtime-3.5.2.jar:/home/alex/.m2/repository/org/apache/commons/commons-lang3/3.9/commons-lang3-3.9.jar:/home/alex/.m2/repository/org/apache/derby/derby/10.14.1.0/derby-10.14.1.0.jar:/home/alex/.m2/repository/org/apache/hadoop/hadoop-common/3.1.0/hadoop-common-3.1.0.jar:/home/alex/.m2/repository/org/apache/hadoop/hadoop-annotations/3.1.0/hadoop-annotations-3.1.0.jar:/usr/lib/jvm/java-8-openjdk-amd64/jre/../lib/tools.jar:/home/alex/.m2/repository/commons-cli/commons-cli/1.2/commons-cli-1.2.jar:/home/alex/.m2/repository/org/apache/commons/commons-math3/3.1.1/commons-math3-3.1.1.jar:/home/alex/.m2/repository/org/apache/httpcomponents/httpclient/4.5.2/httpclient-4.5.2.jar:/home/alex/.m2/repository/commons-codec/commons-codec/1.11/commons-codec-1.11.jar:/home/alex/.m2/repository/commons-io/commons-io/2.5/commons-io-2.5.jar:/home/alex/.m2/repository/commons-net/commons-net/3.6/commons-net-3.6.jar:/home/alex/.m2/repository/commons-collections/commons-collections/3.2.2/commons-collections-3.2.2.jar:/home/alex/.m2/repository/javax/servlet/javax.servlet-api/3.1.0/javax.servlet-api-3.1.0.jar:/home/alex/.m2/repository/org/eclipse/jetty/jetty-server/9.3.19.v20170502/jetty-server-9.3.19.v20170502.jar:/home/alex/.m2/repository/org/eclipse/jetty/jetty-http/9.3.19.v20170502/jetty-http-9.3.19.v20170502.jar:/home/alex/.m2/repository/org/eclipse/jetty/jetty-io/9.3.19.v20170502/jetty-io-9.3.19.v20170502.jar:/home/alex/.m2/repository/org/eclipse/jetty/jetty-util/9.3.19.v20170502/jetty-util-9.3.19.v20170502.jar:/home/alex/.m2/repository/org/eclipse/jetty/jetty-servlet/9.3.19.v20170502/jetty-servlet-9.3.19.v20170502.jar:/home/alex/.m2/repository/org/eclipse/jetty/jetty-security/9.3.19.v20170502/jetty-security-9.3.19.v20170502.jar:/home/alex/.m2/repository/org/eclipse/jetty/jetty-webapp/9.3.19.v20170502/jetty-webapp-9.3.19.v20170502.jar:/home/alex/.m2/repository/org/eclipse/jetty/jetty-xml/9.3.19.v20170502/jetty-xml-9.3.19.v20170502.jar:/home/alex/.m2/repository/javax/servlet/jsp/jsp-api/2.1/jsp-api-2.1.jar:/home/alex/.m2/repository/com/sun/jersey/jersey-core/1.19/jersey-core-1.19.jar:/home/alex/.m2/repository/javax/ws/rs/jsr311-api/1.1.1/jsr311-api-1.1.1.jar:/home/alex/.m2/repository/com/sun/jersey/jersey-servlet/1.19/jersey-servlet-1.19.jar:/home/alex/.m2/repository/com/sun/jersey/jersey-json/1.19/jersey-json-1.19.jar:/home/alex/.m2/repository/org/codehaus/jettison/jettison/1.1/jettison-1.1.jar:/home/alex/.m2/repository/com/sun/xml/bind/jaxb-impl/2.2.3-1/jaxb-impl-2.2.3-1.jar:/home/alex/.m2/repository/org/codehaus/jackson/jackson-core-asl/1.9.2/jackson-core-asl-1.9.2.jar:/home/alex/.m2/repository/org/codehaus/jackson/jackson-mapper-asl/1.9.2/jackson-mapper-asl-1.9.2.jar:/home/alex/.m2/repository/org/codehaus/jackson/jackson-jaxrs/1.9.2/jackson-jaxrs-1.9.2.jar:/home/alex/.m2/repository/org/codehaus/jackson/jackson-xc/1.9.2/jackson-xc-1.9.2.jar:/home/alex/.m2/repository/com/sun/jersey/jersey-server/1.19/jersey-server-1.19.jar:/home/alex/.m2/repository/log4j/log4j/1.2.17/log4j-1.2.17.jar:/home/alex/.m2/repository/commons-lang/commons-lang/2.6/commons-lang-2.6.jar:/home/alex/.m2/repository/org/apache/commons/commons-configuration2/2.1.1/commons-configuration2-2.1.1.jar:/home/alex/.m2/repository/org/apache/avro/avro/1.7.7/avro-1.7.7.jar:/home/alex/.m2/repository/com/thoughtworks/paranamer/paranamer/2.3/paranamer-2.3.jar:/home/alex/.m2/repository/org/xerial/snappy/snappy-java/1.0.5/snappy-java-1.0.5.jar:/home/alex/.m2/repository/com/google/re2j/re2j/1.1/re2j-1.1.jar:/home/alex/.m2/repository/com/google/code/gson/gson/2.2.4/gson-2.2.4.jar:/home/alex/.m2/repository/org/apache/hadoop/hadoop-auth/3.1.0/hadoop-auth-3.1.0.jar:/home/alex/.m2/repository/com/nimbusds/nimbus-jose-jwt/4.41.1/nimbus-jose-jwt-4.41.1.jar:/home/alex/.m2/repository/com/github/stephenc/jcip/jcip-annotations/1.0-1/jcip-annotations-1.0-1.jar:/home/alex/.m2/repository/net/minidev/json-smart/2.3/json-smart-2.3.jar:/home/alex/.m2/repository/net/minidev/accessors-smart/1.2/accessors-smart-1.2.jar:/home/alex/.m2/repository/org/ow2/asm/asm/5.0.4/asm-5.0.4.jar:/home/alex/.m2/repository/com/jcraft/jsch/0.1.54/jsch-0.1.54.jar:/home/alex/.m2/repository/com/google/code/findbugs/jsr305/3.0.0/jsr305-3.0.0.jar:/home/alex/.m2/repository/org/apache/htrace/htrace-core4/4.1.0-incubating/htrace-core4-4.1.0-incubating.jar:/home/alex/.m2/repository/org/apache/commons/commons-compress/1.4.1/commons-compress-1.4.1.jar:/home/alex/.m2/repository/org/tukaani/xz/1.0/xz-1.0.jar:/home/alex/.m2/repository/org/apache/kerby/kerb-simplekdc/1.0.1/kerb-simplekdc-1.0.1.jar:/home/alex/.m2/repository/org/apache/kerby/kerb-client/1.0.1/kerb-client-1.0.1.jar:/home/alex/.m2/repository/org/apache/kerby/kerby-config/1.0.1/kerby-config-1.0.1.jar:/home/alex/.m2/repository/org/apache/kerby/kerb-core/1.0.1/kerb-core-1.0.1.jar:/home/alex/.m2/repository/org/apache/kerby/kerby-pkix/1.0.1/kerby-pkix-1.0.1.jar:/home/alex/.m2/repository/org/apache/kerby/kerby-asn1/1.0.1/kerby-asn1-1.0.1.jar:/home/alex/.m2/repository/org/apache/kerby/kerby-util/1.0.1/kerby-util-1.0.1.jar:/home/alex/.m2/repository/org/apache/kerby/kerb-common/1.0.1/kerb-common-1.0.1.jar:/home/alex/.m2/repository/org/apache/kerby/kerb-crypto/1.0.1/kerb-crypto-1.0.1.jar:/home/alex/.m2/repository/org/apache/kerby/kerb-util/1.0.1/kerb-util-1.0.1.jar:/home/alex/.m2/repository/org/apache/kerby/token-provider/1.0.1/token-provider-1.0.1.jar:/home/alex/.m2/repository/org/apache/kerby/kerb-admin/1.0.1/kerb-admin-1.0.1.jar:/home/alex/.m2/repository/org/apache/kerby/kerb-server/1.0.1/kerb-server-1.0.1.jar:/home/alex/.m2/repository/org/apache/kerby/kerb-identity/1.0.1/kerb-identity-1.0.1.jar:/home/alex/.m2/repository/org/apache/kerby/kerby-xdr/1.0.1/kerby-xdr-1.0.1.jar:/home/alex/.m2/repository/org/codehaus/woodstox/stax2-api/3.1.4/stax2-api-3.1.4.jar:/home/alex/.m2/repository/com/fasterxml/woodstox/woodstox-core/5.0.3/woodstox-core-5.0.3.jar:/home/alex/.m2/repository/org/apache/hadoop/hadoop-distcp/3.1.0/hadoop-distcp-3.1.0.jar:/home/alex/.m2/repository/org/apache/hadoop/hadoop-hdfs/3.1.0/hadoop-hdfs-3.1.0.jar:/home/alex/.m2/repository/org/eclipse/jetty/jetty-util-ajax/9.3.19.v20170502/jetty-util-ajax-9.3.19.v20170502.jar:/home/alex/.m2/repository/commons-daemon/commons-daemon/1.0.13/commons-daemon-1.0.13.jar:/home/alex/.m2/repository/org/fusesource/leveldbjni/leveldbjni-all/1.8/leveldbjni-all-1.8.jar:/home/alex/.m2/repository/org/apache/hadoop/hadoop-hdfs-client/3.1.0/hadoop-hdfs-client-3.1.0.jar:/home/alex/.m2/repository/com/squareup/okhttp/okhttp/2.7.5/okhttp-2.7.5.jar:/home/alex/.m2/repository/com/squareup/okio/okio/1.6.0/okio-1.6.0.jar:/home/alex/.m2/repository/org/apache/hadoop/hadoop-mapreduce-client-core/3.1.0/hadoop-mapreduce-client-core-3.1.0.jar:/home/alex/.m2/repository/org/apache/hadoop/hadoop-yarn-client/3.1.0/hadoop-yarn-client-3.1.0.jar:/home/alex/.m2/repository/org/apache/hadoop/hadoop-yarn-api/3.1.0/hadoop-yarn-api-3.1.0.jar:/home/alex/.m2/repository/org/apache/hadoop/hadoop-yarn-common/3.1.0/hadoop-yarn-common-3.1.0.jar:/home/alex/.m2/repository/com/sun/jersey/jersey-client/1.19/jersey-client-1.19.jar:/home/alex/.m2/repository/com/google/inject/guice/4.0/guice-4.0.jar:/home/alex/.m2/repository/javax/inject/javax.inject/1/javax.inject-1.jar:/home/alex/.m2/repository/aopalliance/aopalliance/1.0/aopalliance-1.0.jar:/home/alex/.m2/repository/com/sun/jersey/contribs/jersey-guice/1.19/jersey-guice-1.19.jar:/home/alex/.m2/repository/com/fasterxml/jackson/module/jackson-module-jaxb-annotations/2.12.0/jackson-module-jaxb-annotations-2.12.0.jar:/home/alex/.m2/repository/jakarta/xml/bind/jakarta.xml.bind-api/2.3.2/jakarta.xml.bind-api-2.3.2.jar:/home/alex/.m2/repository/jakarta/activation/jakarta.activation-api/1.2.1/jakarta.activation-api-1.2.1.jar:/home/alex/.m2/repository/com/fasterxml/jackson/jaxrs/jackson-jaxrs-json-provider/2.12.0/jackson-jaxrs-json-provider-2.12.0.jar:/home/alex/.m2/repository/com/fasterxml/jackson/jaxrs/jackson-jaxrs-base/2.12.0/jackson-jaxrs-base-2.12.0.jar:/home/alex/.m2/repository/com/google/inject/extensions/guice-servlet/4.0/guice-servlet-4.0.jar:/home/alex/.m2/repository/commons-beanutils/commons-beanutils/1.9.4/commons-beanutils-1.9.4.jar:/home/alex/Repositories/hive/storage-api/target/classes:/home/alex/.m2/repository/org/apache/logging/log4j/log4j-slf4j-impl/2.13.2/log4j-slf4j-impl-2.13.2.jar:/home/alex/.m2/repository/org/apache/logging/log4j/log4j-api/2.13.2/log4j-api-2.13.2.jar:/home/alex/.m2/repository/org/apache/logging/log4j/log4j-1.2-api/2.13.2/log4j-1.2-api-2.13.2.jar:/home/alex/.m2/repository/org/apache/logging/log4j/log4j-core/2.13.2/log4j-core-2.13.2.jar:/home/alex/.m2/repository/org/apache/thrift/libfb303/0.9.3/libfb303-0.9.3.jar:/home/alex/.m2/repository/org/apache/thrift/libthrift/0.14.1/libthrift-0.14.1.jar:/home/alex/.m2/repository/org/apache/httpcomponents/httpcore/4.4.12/httpcore-4.4.12.jar:/home/alex/.m2/repository/org/apache/tomcat/embed/tomcat-embed-core/8.5.46/tomcat-embed-core-8.5.46.jar:/home/alex/.m2/repository/org/apache/tomcat/tomcat-annotations-api/8.5.46/tomcat-annotations-api-8.5.46.jar:/home/alex/.m2/repository/javax/annotation/javax.annotation-api/1.3.2/javax.annotation-api-1.3.2.jar:/home/alex/.m2/repository/org/datanucleus/datanucleus-api-jdo/5.2.4/datanucleus-api-jdo-5.2.4.jar:/home/alex/.m2/repository/org/datanucleus/datanucleus-core/5.2.4/datanucleus-core-5.2.4.jar:/home/alex/.m2/repository/org/datanucleus/datanucleus-rdbms/5.2.4/datanucleus-rdbms-5.2.4.jar:/home/alex/.m2/repository/org/datanucleus/javax.jdo/3.2.0-release/javax.jdo-3.2.0-release.jar:/home/alex/.m2/repository/javax/transaction/javax.transaction-api/1.3/javax.transaction-api-1.3.jar:/home/alex/.m2/repository/org/glassfish/corba/glassfish-corba-omgapi/4.2.2/glassfish-corba-omgapi-4.2.2.jar:/home/alex/.m2/repository/org/skyscreamer/jsonassert/1.4.0/jsonassert-1.4.0.jar:/home/alex/.m2/repository/com/vaadin/external/google/android-json/0.0.20131108.vaadin1/android-json-0.0.20131108.vaadin1.jar:/home/alex/.m2/repository/sqlline/sqlline/1.9.0/sqlline-1.9.0.jar:/home/alex/.m2/repository/org/jline/jline-terminal/3.12.1/jline-terminal-3.12.1.jar:/home/alex/.m2/repository/org/jline/jline-reader/3.12.1/jline-reader-3.12.1.jar:/home/alex/.m2/repository/org/jline/jline-terminal-jansi/3.12.1/jline-terminal-jansi-3.12.1.jar:/home/alex/.m2/repository/org/fusesource/jansi/jansi/1.18/jansi-1.18.jar:/home/alex/.m2/repository/org/jline/jline-terminal-jna/3.12.1/jline-terminal-jna-3.12.1.jar:/home/alex/.m2/repository/net/java/dev/jna/jna/5.3.1/jna-5.3.1.jar:/home/alex/.m2/repository/org/jline/jline-builtins/3.12.1/jline-builtins-3.12.1.jar:/home/alex/.m2/repository/org/jline/jline-style/3.12.1/jline-style-3.12.1.jar:/home/alex/.m2/repository/jline/jline/2.14.6/jline-2.14.6.jar:/home/alex/.m2/repository/commons-logging/commons-logging/1.1.3/commons-logging-1.1.3.jar:/home/alex/.m2/repository/com/cronutils/cron-utils/9.1.3/cron-utils-9.1.3.jar:/home/alex/.m2/repository/org/glassfish/javax.el/3.0.0/javax.el-3.0.0.jar:/home/alex/.m2/repository/com/oracle/database/jdbc/ojdbc8/21.3.0.0/ojdbc8-21.3.0.0.jar:/home/alex/.m2/repository/mysql/mysql-connector-java/8.0.27/mysql-connector-java-8.0.27.jar:/home/alex/.m2/repository/com/microsoft/sqlserver/mssql-jdbc/6.2.1.jre8/mssql-jdbc-6.2.1.jre8.jar:/home/alex/.m2/repository/junit/junit/4.13/junit-4.13.jar:/home/alex/.m2/repository/org/hamcrest/hamcrest-core/1.3/hamcrest-core-1.3.jar:/home/alex/.m2/repository/org/apache/directory/server/apacheds-server-integ/1.5.7/apacheds-server-integ-1.5.7.jar:/home/alex/.m2/repository/org/apache/directory/server/apacheds-interceptor-kerberos/1.5.7/apacheds-interceptor-kerberos-1.5.7.jar:/home/alex/.m2/repository/org/apache/directory/server/apacheds-core/1.5.7/apacheds-core-1.5.7.jar:/home/alex/.m2/repository/org/apache/directory/server/apacheds-core-api/1.5.7/apacheds-core-api-1.5.7.jar:/home/alex/.m2/repository/org/apache/directory/server/apacheds-core-entry/1.5.7/apacheds-core-entry-1.5.7.jar:/home/alex/.m2/repository/org/apache/directory/server/apacheds-core-constants/1.5.7/apacheds-core-constants-1.5.7.jar:/home/alex/.m2/repository/org/apache/directory/server/apacheds-utils/1.5.7/apacheds-utils-1.5.7.jar:/home/alex/.m2/repository/org/apache/directory/server/apacheds-kerberos-shared/1.5.7/apacheds-kerberos-shared-1.5.7.jar:/home/alex/.m2/repository/org/apache/directory/server/apacheds-core-jndi/1.5.7/apacheds-core-jndi-1.5.7.jar:/home/alex/.m2/repository/org/apache/directory/server/apacheds-protocol-shared/1.5.7/apacheds-protocol-shared-1.5.7.jar:/home/alex/.m2/repository/org/apache/directory/server/apacheds-core-integ/1.5.7/apacheds-core-integ-1.5.7.jar:/home/alex/.m2/repository/ldapsdk/ldapsdk/4.1/ldapsdk-4.1.jar:/home/alex/.m2/repository/org/apache/directory/client/ldap/ldap-client-api/0.1/ldap-client-api-0.1.jar:/home/alex/.m2/repository/commons-pool/commons-pool/1.5.4/commons-pool-1.5.4.jar:/home/alex/.m2/repository/org/apache/mina/mina-core/2.0.0-RC1/mina-core-2.0.0-RC1.jar:/home/alex/.m2/repository/org/apache/directory/shared/shared-ldap/0.9.19/shared-ldap-0.9.19.jar:/home/alex/.m2/repository/org/apache/directory/shared/shared-i18n/0.9.19/shared-i18n-0.9.19.jar:/home/alex/.m2/repository/antlr/antlr/2.7.7/antlr-2.7.7.jar:/home/alex/.m2/repository/org/apache/directory/shared/shared-ldap-schema/0.9.19/shared-ldap-schema-0.9.19.jar:/home/alex/.m2/repository/org/apache/directory/shared/shared-ldap-schema-loader/0.9.19/shared-ldap-schema-loader-0.9.19.jar:/home/alex/.m2/repository/org/apache/directory/shared/shared-ldap-schema-manager/0.9.19/shared-ldap-schema-manager-0.9.19.jar:/home/alex/.m2/repository/org/apache/directory/shared/shared-cursor/0.9.19/shared-cursor-0.9.19.jar:/home/alex/.m2/repository/org/apache/directory/shared/shared-ldap-jndi/0.9.19/shared-ldap-jndi-0.9.19.jar:/home/alex/.m2/repository/org/apache/directory/shared/shared-asn1-codec/0.9.19/shared-asn1-codec-0.9.19.jar:/home/alex/.m2/repository/org/apache/directory/shared/shared-asn1/0.9.19/shared-asn1-0.9.19.jar:/home/alex/.m2/repository/org/apache/directory/shared/shared-ldap-constants/0.9.19/shared-ldap-constants-0.9.19.jar:/home/alex/.m2/repository/org/apache/directory/shared/shared-ldap-converter/0.9.19/shared-ldap-converter-0.9.19.jar:/home/alex/.m2/repository/org/apache/directory/shared/shared-ldap-schema-dao/0.9.19/shared-ldap-schema-dao-0.9.19.jar:/home/alex/.m2/repository/org/apache/directory/shared/shared-ldif/0.9.19/shared-ldif-0.9.19.jar:/home/alex/.m2/repository/org/apache/directory/shared/shared-dsml-parser/0.9.19/shared-dsml-parser-0.9.19.jar:/home/alex/.m2/repository/dom4j/dom4j/1.6.1/dom4j-1.6.1.jar:/home/alex/.m2/repository/xml-apis/xml-apis/1.0.b2/xml-apis-1.0.b2.jar:/home/alex/.m2/repository/xpp3/xpp3/1.1.4c/xpp3-1.1.4c.jar:/home/alex/.m2/repository/org/apache/directory/server/apacheds-test-framework/1.5.7/apacheds-test-framework-1.5.7.jar:/home/alex/.m2/repository/org/apache/directory/server/apacheds-i18n/1.5.7/apacheds-i18n-1.5.7.jar:/home/alex/.m2/repository/org/apache/directory/server/apacheds-server-annotations/1.5.7/apacheds-server-annotations-1.5.7.jar:/home/alex/.m2/repository/org/apache/directory/server/apacheds-core-annotations/1.5.7/apacheds-core-annotations-1.5.7.jar:/home/alex/.m2/repository/org/apache/directory/server/apacheds-jdbm-partition/1.5.7/apacheds-jdbm-partition-1.5.7.jar:/home/alex/.m2/repository/org/apache/directory/server/apacheds-jdbm-store/1.5.7/apacheds-jdbm-store-1.5.7.jar:/home/alex/.m2/repository/org/apache/directory/server/apacheds-jdbm/1.5.7/apacheds-jdbm-1.5.7.jar:/home/alex/.m2/repository/org/apache/directory/server/apacheds-core-avl/1.5.7/apacheds-core-avl-1.5.7.jar:/home/alex/.m2/repository/org/apache/directory/server/apacheds-xdbm-search/1.5.7/apacheds-xdbm-search-1.5.7.jar:/home/alex/.m2/repository/org/apache/directory/server/apacheds-ldif-partition/1.5.7/apacheds-ldif-partition-1.5.7.jar:/home/alex/.m2/repository/org/apache/directory/server/apacheds-avl-partition/1.5.7/apacheds-avl-partition-1.5.7.jar:/home/alex/.m2/repository/org/apache/directory/server/apacheds-core-mock/1.5.7/apacheds-core-mock-1.5.7.jar:/home/alex/.m2/repository/org/apache/directory/server/apacheds-protocol-ldap/1.5.7/apacheds-protocol-ldap-1.5.7.jar:/home/alex/.m2/repository/org/apache/directory/server/apacheds-xdbm-tools/1.5.7/apacheds-xdbm-tools-1.5.7.jar:/home/alex/.m2/repository/org/apache/directory/server/apacheds-xdbm-base/1.5.7/apacheds-xdbm-base-1.5.7.jar:/home/alex/.m2/repository/org/apache/directory/server/apacheds-protocol-kerberos/1.5.7/apacheds-protocol-kerberos-1.5.7.jar:/home/alex/.m2/repository/org/mockito/mockito-core/3.3.3/mockito-core-3.3.3.jar:/home/alex/.m2/repository/net/bytebuddy/byte-buddy/1.10.5/byte-buddy-1.10.5.jar:/home/alex/.m2/repository/net/bytebuddy/byte-buddy-agent/1.10.5/byte-buddy-agent-1.10.5.jar:/home/alex/.m2/repository/org/objenesis/objenesis/2.6/objenesis-2.6.jar:/home/alex/.m2/repository/org/postgresql/postgresql/42.2.14/postgresql-42.2.14.jar:/home/alex/.m2/repository/org/apache/curator/curator-test/4.2.0/curator-test-4.2.0.jar:/home/alex/Repositories/hive/standalone-metastore/metastore-server/src/test/resources:"/>
    <property name="nondexExecid" value="dls2le2r09KbM+aHksQTeqQgNAVbKgsiPqOnCfO8ffU="/>
    <property name="sun.cpu.endian" value="little"/>
    <property name="user.home" value="/home/alex"/>
    <property name="user.language" value="en"/>
    <property name="java.specification.vendor" value="Oracle Corporation"/>
    <property name="metastore.schema.verification" value="false"/>
    <property name="java.home" value="/usr/lib/jvm/java-8-openjdk-amd64/jre"/>
    <property name="hive.metastore.warehouse.external.dir" value="file:///home/alex/Repositories/hive/standalone-metastore/metastore-server/target/external"/>
    <property name="file.separator" value="/"/>
    <property name="basedir" value="/home/alex/Repositories/hive/standalone-metastore/metastore-server"/>
    <property name="nondexEnd" value="9223372036854775807"/>
    <property name="metastore.warehouse.dir" value="file:///home/alex/Repositories/hive/standalone-metastore/metastore-server/target/warehouse"/>
    <property name="line.separator" value="&#10;"/>
    <property name="java.vm.specification.vendor" value="Oracle Corporation"/>
    <property name="derby.stream.error.file" value="/home/alex/Repositories/hive/standalone-metastore/metastore-server/target/tmp/derby.log"/>
    <property name="java.specification.name" value="Java Platform API Specification"/>
    <property name="java.awt.graphicsenv" value="sun.awt.X11GraphicsEnvironment"/>
    <property name="nondexFilter" value=".*"/>
    <property name="nondexSeed" value="974622"/>
    <property name="surefire.real.class.path" value="/home/alex/Repositories/hive/standalone-metastore/metastore-server/target/surefire/surefirebooter6326809595865173327.jar"/>
    <property name="sun.boot.class.path" value="/home/alex/Repositories/hive/standalone-metastore/metastore-server/.nondex/nondex-instr.jar:/home/alex/.m2/repository/edu/illinois/nondex-common/2.1.7/nondex-common-2.1.7.jar:/home/alex/.m2/repository/edu/illinois/nondex-annotations/2.1.7/nondex-annotations-2.1.7.jar:/usr/lib/jvm/java-8-openjdk-amd64/jre/lib/resources.jar:/usr/lib/jvm/java-8-openjdk-amd64/jre/lib/rt.jar:/usr/lib/jvm/java-8-openjdk-amd64/jre/lib/sunrsasign.jar:/usr/lib/jvm/java-8-openjdk-amd64/jre/lib/jsse.jar:/usr/lib/jvm/java-8-openjdk-amd64/jre/lib/jce.jar:/usr/lib/jvm/java-8-openjdk-amd64/jre/lib/charsets.jar:/usr/lib/jvm/java-8-openjdk-amd64/jre/lib/jfr.jar:/usr/lib/jvm/java-8-openjdk-amd64/jre/classes"/>
    <property name="log4j.debug" value="true"/>
    <property name="sun.management.compiler" value="HotSpot 64-Bit Tiered Compilers"/>
    <property name="java.runtime.version" value="1.8.0_402-8u402-ga-2ubuntu1~22.04-b06"/>
    <property name="user.name" value="alex"/>
    <property name="javax.jdo.option.ConnectionURL" value="jdbc:derby:memory:/home/alex/Repositories/hive/standalone-metastore/metastore-server/target/tmp/junit_metastore_db;create=true"/>
    <property name="path.separator" value=":"/>
    <property name="os.version" value="6.5.0-28-generic"/>
    <property name="java.endorsed.dirs" value="/usr/lib/jvm/java-8-openjdk-amd64/jre/lib/endorsed"/>
    <property name="java.runtime.name" value="OpenJDK Runtime Environment"/>
    <property name="file.encoding" value="UTF-8"/>
    <property name="java.vm.name" value="OpenJDK 64-Bit Server VM"/>
    <property name="localRepository" value="/home/alex/.m2/repository"/>
    <property name="nondexDir" value="/home/alex/Repositories/hive/standalone-metastore/metastore-server/.nondex"/>
    <property name="build.dir" value="/home/alex/Repositories/hive/standalone-metastore/metastore-server/target"/>
    <property name="nondexJarDir" value="/home/alex/Repositories/hive/standalone-metastore/metastore-server/.nondex"/>
    <property name="java.vendor.url.bug" value="http://bugreport.sun.com/bugreport/"/>
    <property name="java.io.tmpdir" value="/home/alex/Repositories/hive/standalone-metastore/metastore-server/target/tmp"/>
    <property name="com.zaxxer.hikari.pool_number" value="3"/>
    <property name="java.version" value="1.8.0_402"/>
    <property name="user.dir" value="/home/alex/Repositories/hive/standalone-metastore/metastore-server"/>
    <property name="os.arch" value="amd64"/>
    <property name="nondexMode" value="FULL"/>
    <property name="java.vm.specification.name" value="Java Virtual Machine Specification"/>
    <property name="user.language.format" value="pt"/>
    <property name="java.awt.printerjob" value="sun.print.PSPrinterJob"/>
    <property name="sun.os.patch.level" value="unknown"/>
    <property name="derby.version" value="10.14.1.0"/>
    <property name="java.library.path" value="/usr/java/packages/lib/amd64:/usr/lib/x86_64-linux-gnu/jni:/lib/x86_64-linux-gnu:/usr/lib/x86_64-linux-gnu:/usr/lib/jni:/lib:/usr/lib"/>
    <property name="java.vm.info" value="mixed mode"/>
    <property name="java.vendor" value="Private Build"/>
    <property name="java.vm.version" value="25.402-b06"/>
    <property name="java.specification.maintenance.version" value="5"/>
    <property name="java.ext.dirs" value="/usr/lib/jvm/java-8-openjdk-amd64/jre/lib/ext:/usr/java/packages/lib/ext"/>
    <property name="sun.io.unicode.encoding" value="UnicodeLittle"/>
    <property name="datanucleus.schema.autoCreateAll" value="true"/>
    <property name="java.class.version" value="52.0"/>
  </properties>
  <testcase name="testHMSServerWithFilter" classname="org.apache.hadoop.hive.metastore.TestFilterHooks" time="6"/>
  <testcase name="testHMSClientWithFilter" classname="org.apache.hadoop.hive.metastore.TestFilterHooks" time="0.431"/>
  <testcase name="testHMSServerWithoutFilter" classname="org.apache.hadoop.hive.metastore.TestFilterHooks" time="0.201">
    <failure message="expected:&lt;2&gt; but was:&lt;0&gt;" type="java.lang.AssertionError"><![CDATA[java.lang.AssertionError: expected:<2> but was:<0>
	at org.apache.hadoop.hive.metastore.TestFilterHooks.testHMSServerWithoutFilter(TestFilterHooks.java:261)
]]></failure>
    <system-out><![CDATA[[INFO ] 2024-04-23 23:17:34.734 [main] MetastoreConf - Unable to find config file: hive-site.xml
[INFO ] 2024-04-23 23:17:34.734 [main] MetastoreConf - Unable to find config file: hivemetastore-site.xml
[INFO ] 2024-04-23 23:17:34.734 [main] MetastoreConf - Unable to find config file: metastore-site.xml
[DEBUG] 2024-04-23 23:17:34.734 [main] MetastoreConf - Setting conf value datanucleus.schema.autoCreateAll using value true
[DEBUG] 2024-04-23 23:17:34.743 [main] MetastoreConf - Setting conf value javax.jdo.option.ConnectionURL using value jdbc:derby:memory:/home/alex/Repositories/hive/standalone-metastore/metastore-server/target/tmp/junit_metastore_db;create=true
[DEBUG] 2024-04-23 23:17:34.743 [main] MetastoreConf - Setting conf value metastore.schema.verification using value false
[DEBUG] 2024-04-23 23:17:34.743 [main] MetastoreConf - Setting conf value metastore.warehouse.dir using value file:///home/alex/Repositories/hive/standalone-metastore/metastore-server/target/warehouse
[DEBUG] 2024-04-23 23:17:34.743 [main] MetastoreConf - Picking up system property hive.metastore.warehouse.external.dir with value file:///home/alex/Repositories/hive/standalone-metastore/metastore-server/target/external
[INFO ] 2024-04-23 23:17:34.745 [main] HiveMetaStoreClient - HMS client filtering is disabled.
[DEBUG] 2024-04-23 23:17:34.745 [main] PerfLogger - <PERFLOG method=init from=org.apache.hadoop.hive.metastore.RetryingHMSHandler>
[INFO ] 2024-04-23 23:17:34.745 [main] HMSHandler - Begin calculating metadata count metrics.
[INFO ] 2024-04-23 23:17:34.746 [main] HMSHandler - 0: Opening raw store with implementation class:org.apache.hadoop.hive.metastore.ObjectStore
[INFO ] 2024-04-23 23:17:34.746 [main] PersistenceManagerProvider - Configuration datanucleus.autoStartMechanismMode is not set. Defaulting to 'ignored'
[DEBUG] 2024-04-23 23:17:34.746 [main] PersistenceManagerProvider - Overriding datanucleus.schema.autoCreateAll value null from jpox.properties with true
[DEBUG] 2024-04-23 23:17:34.746 [main] PersistenceManagerProvider - Overriding javax.jdo.option.ConnectionDriverName value null from jpox.properties with org.apache.derby.jdbc.EmbeddedDriver
[DEBUG] 2024-04-23 23:17:34.746 [main] PersistenceManagerProvider - Overriding datanucleus.connectionPool.maxPoolSize value null from jpox.properties with 10
[DEBUG] 2024-04-23 23:17:34.746 [main] PersistenceManagerProvider - Overriding datanucleus.connectionPoolingType value null from jpox.properties with HikariCP
[DEBUG] 2024-04-23 23:17:34.746 [main] PersistenceManagerProvider - Overriding javax.jdo.option.ConnectionURL value null from jpox.properties with jdbc:derby:memory:/home/alex/Repositories/hive/standalone-metastore/metastore-server/target/tmp/junit_metastore_db;create=true
[DEBUG] 2024-04-23 23:17:34.746 [main] PersistenceManagerProvider - Overriding javax.jdo.option.ConnectionUserName value null from jpox.properties with APP
[DEBUG] 2024-04-23 23:17:34.747 [main] PersistenceManagerProvider - Overriding datanucleus.autoStartMechanismMode value null from jpox.properties with ignored
[DEBUG] 2024-04-23 23:17:34.747 [main] PersistenceManagerProvider - Overriding datanucleus.cache.level2 value null from jpox.properties with false
[DEBUG] 2024-04-23 23:17:34.747 [main] PersistenceManagerProvider - Overriding datanucleus.cache.level2.type value null from jpox.properties with none
[DEBUG] 2024-04-23 23:17:34.747 [main] PersistenceManagerProvider - Overriding datanucleus.rdbms.initializeColumnInfo value null from jpox.properties with NONE
[DEBUG] 2024-04-23 23:17:34.747 [main] PersistenceManagerProvider - Overriding datanucleus.plugin.pluginRegistryBundleCheck value null from jpox.properties with LOG
[DEBUG] 2024-04-23 23:17:34.747 [main] PersistenceManagerProvider - Overriding datanucleus.transactionIsolation value null from jpox.properties with read-committed
[DEBUG] 2024-04-23 23:17:34.747 [main] PersistenceManagerProvider - Overriding datanucleus.rdbms.useLegacyNativeValueStrategy value null from jpox.properties with true
[DEBUG] 2024-04-23 23:17:34.747 [main] PersistenceManagerProvider - Overriding javax.jdo.option.DetachAllOnCommit value null from jpox.properties with true
[DEBUG] 2024-04-23 23:17:34.747 [main] PersistenceManagerProvider - Overriding datanucleus.identifierFactory value null from jpox.properties with datanucleus1
[DEBUG] 2024-04-23 23:17:34.747 [main] PersistenceManagerProvider - Overriding javax.jdo.PersistenceManagerFactoryClass value null from jpox.properties with org.datanucleus.api.jdo.JDOPersistenceManagerFactory
[DEBUG] 2024-04-23 23:17:34.747 [main] PersistenceManagerProvider - Overriding javax.jdo.option.Multithreaded value null from jpox.properties with true
[DEBUG] 2024-04-23 23:17:34.747 [main] PersistenceManagerProvider - Overriding javax.jdo.option.NonTransactionalRead value null from jpox.properties with true
[DEBUG] 2024-04-23 23:17:34.747 [main] PersistenceManagerProvider - Overriding datanucleus.storeManagerType value null from jpox.properties with rdbms
[DEBUG] 2024-04-23 23:17:34.747 [main] PersistenceManagerProvider - Overriding datanucleus.schema.validateColumns value null from jpox.properties with false
[DEBUG] 2024-04-23 23:17:34.747 [main] PersistenceManagerProvider - Overriding datanucleus.schema.validateConstraints value null from jpox.properties with false
[DEBUG] 2024-04-23 23:17:34.747 [main] PersistenceManagerProvider - Overriding datanucleus.schema.validateTables value null from jpox.properties with false
[DEBUG] 2024-04-23 23:17:34.747 [main] PersistenceManagerProvider - datanucleus.schema.autoCreateAll = true
[DEBUG] 2024-04-23 23:17:34.747 [main] PersistenceManagerProvider - datanucleus.schema.validateTables = false
[DEBUG] 2024-04-23 23:17:34.747 [main] PersistenceManagerProvider - datanucleus.rdbms.useLegacyNativeValueStrategy = true
[DEBUG] 2024-04-23 23:17:34.747 [main] PersistenceManagerProvider - datanucleus.schema.validateColumns = false
[DEBUG] 2024-04-23 23:17:34.747 [main] PersistenceManagerProvider - datanucleus.connectionPool.maxPoolSize = 10
[DEBUG] 2024-04-23 23:17:34.747 [main] PersistenceManagerProvider - datanucleus.autoStartMechanismMode = ignored
[DEBUG] 2024-04-23 23:17:34.747 [main] PersistenceManagerProvider - datanucleus.rdbms.initializeColumnInfo = NONE
[DEBUG] 2024-04-23 23:17:34.747 [main] PersistenceManagerProvider - javax.jdo.option.Multithreaded = true
[DEBUG] 2024-04-23 23:17:34.747 [main] PersistenceManagerProvider - datanucleus.identifierFactory = datanucleus1
[DEBUG] 2024-04-23 23:17:34.747 [main] PersistenceManagerProvider - datanucleus.transactionIsolation = read-committed
[DEBUG] 2024-04-23 23:17:34.747 [main] PersistenceManagerProvider - javax.jdo.option.ConnectionURL = jdbc:derby:memory:/home/alex/Repositories/hive/standalone-metastore/metastore-server/target/tmp/junit_metastore_db;create=true
[DEBUG] 2024-04-23 23:17:34.747 [main] PersistenceManagerProvider - javax.jdo.option.DetachAllOnCommit = true
[DEBUG] 2024-04-23 23:17:34.747 [main] PersistenceManagerProvider - javax.jdo.option.NonTransactionalRead = true
[DEBUG] 2024-04-23 23:17:34.747 [main] PersistenceManagerProvider - datanucleus.schema.validateConstraints = false
[DEBUG] 2024-04-23 23:17:34.747 [main] PersistenceManagerProvider - javax.jdo.option.ConnectionDriverName = org.apache.derby.jdbc.EmbeddedDriver
[DEBUG] 2024-04-23 23:17:34.747 [main] PersistenceManagerProvider - javax.jdo.option.ConnectionUserName = APP
[DEBUG] 2024-04-23 23:17:34.747 [main] PersistenceManagerProvider - datanucleus.cache.level2 = false
[DEBUG] 2024-04-23 23:17:34.747 [main] PersistenceManagerProvider - datanucleus.plugin.pluginRegistryBundleCheck = LOG
[DEBUG] 2024-04-23 23:17:34.747 [main] PersistenceManagerProvider - datanucleus.cache.level2.type = none
[DEBUG] 2024-04-23 23:17:34.747 [main] PersistenceManagerProvider - javax.jdo.PersistenceManagerFactoryClass = org.datanucleus.api.jdo.JDOPersistenceManagerFactory
[DEBUG] 2024-04-23 23:17:34.747 [main] PersistenceManagerProvider - datanucleus.storeManagerType = rdbms
[DEBUG] 2024-04-23 23:17:34.747 [main] PersistenceManagerProvider - datanucleus.connectionPoolingType = HikariCP
[INFO ] 2024-04-23 23:17:34.747 [main] ObjectStore - RawStore: org.apache.hadoop.hive.metastore.ObjectStore@5f0677f3, with PersistenceManager: null will be shutdown
[DEBUG] 2024-04-23 23:17:34.747 [main] ObjectStore - ObjectStore, initialize called
[INFO ] 2024-04-23 23:17:34.748 [main] ObjectStore - RawStore: org.apache.hadoop.hive.metastore.ObjectStore@5f0677f3, with PersistenceManager: org.datanucleus.api.jdo.JDOPersistenceManager@4cd7d5e1 created in the thread with id: 1
[DEBUG] 2024-04-23 23:17:34.748 [main] PoolBase - HikariPool-1 - Reset (autoCommit) on connection org.apache.derby.impl.jdbc.EmbedConnection@1660837991 (XID = 166), (SESSIONID = 1), (DATABASE = memory:/home/alex/Repositories/hive/standalone-metastore/metastore-server/target/tmp/junit_metastore_db), (DRDAID = null) 
[DEBUG] 2024-04-23 23:17:34.748 [main] PoolBase - HikariPool-1 - Reset (autoCommit) on connection org.apache.derby.impl.jdbc.EmbedConnection@1660837991 (XID = 166), (SESSIONID = 1), (DATABASE = memory:/home/alex/Repositories/hive/standalone-metastore/metastore-server/target/tmp/junit_metastore_db), (DRDAID = null) 
[DEBUG] 2024-04-23 23:17:34.748 [main] PoolBase - HikariPool-1 - Reset (autoCommit) on connection org.apache.derby.impl.jdbc.EmbedConnection@1660837991 (XID = 166), (SESSIONID = 1), (DATABASE = memory:/home/alex/Repositories/hive/standalone-metastore/metastore-server/target/tmp/junit_metastore_db), (DRDAID = null) 
[DEBUG] 2024-04-23 23:17:34.752 [main] PoolBase - HikariPool-1 - Reset (autoCommit) on connection org.apache.derby.impl.jdbc.EmbedConnection@1660837991 (XID = 166), (SESSIONID = 1), (DATABASE = memory:/home/alex/Repositories/hive/standalone-metastore/metastore-server/target/tmp/junit_metastore_db), (DRDAID = null) 
[DEBUG] 2024-04-23 23:17:34.752 [main] PoolBase - HikariPool-1 - Reset (autoCommit) on connection org.apache.derby.impl.jdbc.EmbedConnection@1660837991 (XID = 166), (SESSIONID = 1), (DATABASE = memory:/home/alex/Repositories/hive/standalone-metastore/metastore-server/target/tmp/junit_metastore_db), (DRDAID = null) 
[DEBUG] 2024-04-23 23:17:34.753 [main] MetaStoreDirectSql - Using direct SQL, underlying DB is org.apache.hadoop.hive.metastore.DatabaseProduct@23a5818e
[DEBUG] 2024-04-23 23:17:34.753 [main] ObjectStore - Initialized ObjectStore
[INFO ] 2024-04-23 23:17:34.753 [main] HMSHandler - Created RawStore: org.apache.hadoop.hive.metastore.ObjectStore@5f0677f3 from thread id: 1
[DEBUG] 2024-04-23 23:17:34.753 [main] ObjectStore - Open transaction: count = 1, isActive = true
[DEBUG] 2024-04-23 23:17:34.754 [main] ObjectStore - Commit transaction: count = 0, isactive true
[DEBUG] 2024-04-23 23:17:34.754 [main] PoolBase - HikariPool-1 - Reset (autoCommit) on connection org.apache.derby.impl.jdbc.EmbedConnection@1660837991 (XID = 166), (SESSIONID = 1), (DATABASE = memory:/home/alex/Repositories/hive/standalone-metastore/metastore-server/target/tmp/junit_metastore_db), (DRDAID = null) 
[DEBUG] 2024-04-23 23:17:34.754 [main] ObjectStore - Open transaction: count = 1, isActive = true
[DEBUG] 2024-04-23 23:17:34.754 [main] ObjectStore - Commit transaction: count = 0, isactive true
[DEBUG] 2024-04-23 23:17:34.754 [main] PoolBase - HikariPool-1 - Reset (autoCommit) on connection org.apache.derby.impl.jdbc.EmbedConnection@1660837991 (XID = 166), (SESSIONID = 1), (DATABASE = memory:/home/alex/Repositories/hive/standalone-metastore/metastore-server/target/tmp/junit_metastore_db), (DRDAID = null) 
[DEBUG] 2024-04-23 23:17:34.754 [main] ObjectStore - Open transaction: count = 1, isActive = true
[DEBUG] 2024-04-23 23:17:34.755 [main] ObjectStore - Commit transaction: count = 0, isactive true
[DEBUG] 2024-04-23 23:17:34.755 [main] PoolBase - HikariPool-1 - Reset (autoCommit) on connection org.apache.derby.impl.jdbc.EmbedConnection@1660837991 (XID = 166), (SESSIONID = 1), (DATABASE = memory:/home/alex/Repositories/hive/standalone-metastore/metastore-server/target/tmp/junit_metastore_db), (DRDAID = null) 
[INFO ] 2024-04-23 23:17:34.756 [main] HMSHandler - HMS server filtering is disabled by configuration
[DEBUG] 2024-04-23 23:17:34.756 [main] PerfLogger - </PERFLOG method=init start=1713910654745 end=1713910654756 duration=11 from=org.apache.hadoop.hive.metastore.RetryingHMSHandler threadId=0 retryCount=0 error=false>
[DEBUG] 2024-04-23 23:17:34.756 [main] PerfLogger - <PERFLOG method=get_database_req from=org.apache.hadoop.hive.metastore.RetryingHMSHandler>
[DEBUG] 2024-04-23 23:17:34.756 [main] HMSHandler - 0: get_database: db_testHMSServerWithoutFilter_1
[INFO ] 2024-04-23 23:17:34.756 [main] audit - ugi=alex	ip=unknown-ip-addr	cmd=get_database: db_testHMSServerWithoutFilter_1	
[DEBUG] 2024-04-23 23:17:34.757 [main] ObjectStore - Open transaction: count = 1, isActive = true
[DEBUG] 2024-04-23 23:17:34.757 [main] ObjectStore - Using direct SQL optimization.
[DEBUG] 2024-04-23 23:17:34.757 [main] ObjectStore - Commit transaction: count = 0, isactive true
[DEBUG] 2024-04-23 23:17:34.757 [main] PoolBase - HikariPool-1 - Reset (autoCommit) on connection org.apache.derby.impl.jdbc.EmbedConnection@1660837991 (XID = 166), (SESSIONID = 1), (DATABASE = memory:/home/alex/Repositories/hive/standalone-metastore/metastore-server/target/tmp/junit_metastore_db), (DRDAID = null) 
[DEBUG] 2024-04-23 23:17:34.758 [main] ObjectStore - db details for db db_testhmsserverwithoutfilter_1 retrieved using SQL in 0.862025ms
[DEBUG] 2024-04-23 23:17:34.758 [main] ObjectStore - Failed to get database hive.db_testHMSServerWithoutFilter_1, returning NoSuchObjectException
[DEBUG] 2024-04-23 23:17:34.758 [main] HMSHandler - get_databasetime taken(ns): 1104113
[DEBUG] 2024-04-23 23:17:34.758 [main] PerfLogger - </PERFLOG method=get_database_req start=1713910654756 end=1713910654758 duration=2 from=org.apache.hadoop.hive.metastore.RetryingHMSHandler threadId=0 retryCount=-1 error=true>
[DEBUG] 2024-04-23 23:17:34.758 [main] HiveMetaStoreClient - class=org.apache.hadoop.hive.metastore.HiveMetaStoreClient, method=getDatabase, duration=2, comments=HMS client
[DEBUG] 2024-04-23 23:17:34.758 [main] PerfLogger - <PERFLOG method=get_database_req from=org.apache.hadoop.hive.metastore.RetryingHMSHandler>
[DEBUG] 2024-04-23 23:17:34.758 [main] HMSHandler - 0: get_database: db_testHMSServerWithoutFilter_2
[INFO ] 2024-04-23 23:17:34.758 [main] audit - ugi=alex	ip=unknown-ip-addr	cmd=get_database: db_testHMSServerWithoutFilter_2	
[DEBUG] 2024-04-23 23:17:34.759 [main] ObjectStore - Open transaction: count = 1, isActive = true
[DEBUG] 2024-04-23 23:17:34.759 [main] ObjectStore - Using direct SQL optimization.
[DEBUG] 2024-04-23 23:17:34.759 [main] ObjectStore - Commit transaction: count = 0, isactive true
[DEBUG] 2024-04-23 23:17:34.759 [main] PoolBase - HikariPool-1 - Reset (autoCommit) on connection org.apache.derby.impl.jdbc.EmbedConnection@1660837991 (XID = 166), (SESSIONID = 1), (DATABASE = memory:/home/alex/Repositories/hive/standalone-metastore/metastore-server/target/tmp/junit_metastore_db), (DRDAID = null) 
[DEBUG] 2024-04-23 23:17:34.759 [main] ObjectStore - db details for db db_testhmsserverwithoutfilter_2 retrieved using SQL in 0.780339ms
[DEBUG] 2024-04-23 23:17:34.759 [main] ObjectStore - Failed to get database hive.db_testHMSServerWithoutFilter_2, returning NoSuchObjectException
[DEBUG] 2024-04-23 23:17:34.760 [main] HMSHandler - get_databasetime taken(ns): 1026685
[DEBUG] 2024-04-23 23:17:34.760 [main] PerfLogger - </PERFLOG method=get_database_req start=1713910654758 end=1713910654760 duration=2 from=org.apache.hadoop.hive.metastore.RetryingHMSHandler threadId=0 retryCount=-1 error=true>
[DEBUG] 2024-04-23 23:17:34.760 [main] HiveMetaStoreClient - class=org.apache.hadoop.hive.metastore.HiveMetaStoreClient, method=getDatabase, duration=2, comments=HMS client
[DEBUG] 2024-04-23 23:17:34.760 [main] PerfLogger - <PERFLOG method=create_database from=org.apache.hadoop.hive.metastore.RetryingHMSHandler>
[DEBUG] 2024-04-23 23:17:34.760 [main] HMSHandler - 0: create_database: Database(name:db_testHMSServerWithoutFilter_1, description:null, locationUri:null, parameters:{}, ownerName:alex, ownerType:USER, catalogName:hive, createTime:0, type:NATIVE)
[INFO ] 2024-04-23 23:17:34.760 [main] audit - ugi=alex	ip=unknown-ip-addr	cmd=create_database: Database(name:db_testHMSServerWithoutFilter_1, description:null, locationUri:null, parameters:{}, ownerName:alex, ownerType:USER, catalogName:hive, createTime:0, type:NATIVE)	
[DEBUG] 2024-04-23 23:17:34.760 [main] ObjectStore - Open transaction: count = 1, isActive = true
[DEBUG] 2024-04-23 23:17:34.761 [main] ObjectStore - Using direct SQL optimization.
[DEBUG] 2024-04-23 23:17:34.761 [main] ObjectStore - Commit transaction: count = 0, isactive true
[DEBUG] 2024-04-23 23:17:34.761 [main] PoolBase - HikariPool-1 - Reset (autoCommit) on connection org.apache.derby.impl.jdbc.EmbedConnection@1660837991 (XID = 166), (SESSIONID = 1), (DATABASE = memory:/home/alex/Repositories/hive/standalone-metastore/metastore-server/target/tmp/junit_metastore_db), (DRDAID = null) 
[DEBUG] 2024-04-23 23:17:34.761 [main] ObjectStore - db details for db db_testhmsserverwithoutfilter_1 retrieved using SQL in 0.762385ms
[DEBUG] 2024-04-23 23:17:34.761 [main] ObjectStore - Failed to get database hive.db_testHMSServerWithoutFilter_1, returning NoSuchObjectException
[DEBUG] 2024-04-23 23:17:34.761 [main] ObjectStore - Fetching catalog hive
[DEBUG] 2024-04-23 23:17:34.761 [main] ObjectStore - Open transaction: count = 1, isActive = true
[DEBUG] 2024-04-23 23:17:34.762 [main] ObjectStore - Commit transaction: count = 0, isactive true
[DEBUG] 2024-04-23 23:17:34.763 [main] PoolBase - HikariPool-1 - Reset (autoCommit) on connection org.apache.derby.impl.jdbc.EmbedConnection@1660837991 (XID = 166), (SESSIONID = 1), (DATABASE = memory:/home/alex/Repositories/hive/standalone-metastore/metastore-server/target/tmp/junit_metastore_db), (DRDAID = null) 
[DEBUG] 2024-04-23 23:17:34.763 [main] UserGroupInformation - PrivilegedAction as:alex (auth:SIMPLE) from:org.apache.hadoop.hive.metastore.HMSHandler.create_database_core(HMSHandler.java:1375)
[WARN ] 2024-04-23 23:17:34.764 [main] HMSHandler - Failed to create external path file:/home/alex/Repositories/hive/standalone-metastore/metastore-server/target/external/db_testhmsserverwithoutfilter_1.db for database db_testHMSServerWithoutFilter_1. This may result in access not being allowed if the StorageBasedAuthorizationProvider is enabled
[DEBUG] 2024-04-23 23:17:34.764 [main] ObjectStore - Open transaction: count = 1, isActive = true
[DEBUG] 2024-04-23 23:17:34.764 [main] ObjectStore - Open transaction: count = 2, isActive = true
[DEBUG] 2024-04-23 23:17:34.764 [main] ObjectStore - Commit transaction: count = 1, isactive true
[DEBUG] 2024-04-23 23:17:34.765 [main] ObjectStore - Commit transaction: count = 0, isactive true
[DEBUG] 2024-04-23 23:17:34.765 [main] PoolBase - HikariPool-1 - Reset (autoCommit) on connection org.apache.derby.impl.jdbc.EmbedConnection@1660837991 (XID = 166), (SESSIONID = 1), (DATABASE = memory:/home/alex/Repositories/hive/standalone-metastore/metastore-server/target/tmp/junit_metastore_db), (DRDAID = null) 
[DEBUG] 2024-04-23 23:17:34.766 [main] HMSHandler - create_databasetime taken(ns): 5379256
[DEBUG] 2024-04-23 23:17:34.766 [main] PerfLogger - </PERFLOG method=create_database start=1713910654760 end=1713910654766 duration=6 from=org.apache.hadoop.hive.metastore.RetryingHMSHandler threadId=0 retryCount=0 error=false>
[DEBUG] 2024-04-23 23:17:34.766 [main] PerfLogger - <PERFLOG method=create_database from=org.apache.hadoop.hive.metastore.RetryingHMSHandler>
[DEBUG] 2024-04-23 23:17:34.766 [main] HMSHandler - 0: create_database: Database(name:db_testHMSServerWithoutFilter_2, description:null, locationUri:null, parameters:{}, ownerName:alex, ownerType:USER, catalogName:hive, createTime:0, type:NATIVE)
[INFO ] 2024-04-23 23:17:34.766 [main] audit - ugi=alex	ip=unknown-ip-addr	cmd=create_database: Database(name:db_testHMSServerWithoutFilter_2, description:null, locationUri:null, parameters:{}, ownerName:alex, ownerType:USER, catalogName:hive, createTime:0, type:NATIVE)	
[DEBUG] 2024-04-23 23:17:34.766 [main] ObjectStore - Open transaction: count = 1, isActive = true
[DEBUG] 2024-04-23 23:17:34.767 [main] ObjectStore - Using direct SQL optimization.
[DEBUG] 2024-04-23 23:17:34.767 [main] ObjectStore - Commit transaction: count = 0, isactive true
[DEBUG] 2024-04-23 23:17:34.767 [main] PoolBase - HikariPool-1 - Reset (autoCommit) on connection org.apache.derby.impl.jdbc.EmbedConnection@1660837991 (XID = 166), (SESSIONID = 1), (DATABASE = memory:/home/alex/Repositories/hive/standalone-metastore/metastore-server/target/tmp/junit_metastore_db), (DRDAID = null) 
[DEBUG] 2024-04-23 23:17:34.767 [main] ObjectStore - db details for db db_testhmsserverwithoutfilter_2 retrieved using SQL in 1.013569ms
[DEBUG] 2024-04-23 23:17:34.768 [main] ObjectStore - Failed to get database hive.db_testHMSServerWithoutFilter_2, returning NoSuchObjectException
[DEBUG] 2024-04-23 23:17:34.768 [main] ObjectStore - Fetching catalog hive
[DEBUG] 2024-04-23 23:17:34.768 [main] ObjectStore - Open transaction: count = 1, isActive = true
[DEBUG] 2024-04-23 23:17:34.769 [main] ObjectStore - Commit transaction: count = 0, isactive true
[DEBUG] 2024-04-23 23:17:34.769 [main] PoolBase - HikariPool-1 - Reset (autoCommit) on connection org.apache.derby.impl.jdbc.EmbedConnection@1660837991 (XID = 166), (SESSIONID = 1), (DATABASE = memory:/home/alex/Repositories/hive/standalone-metastore/metastore-server/target/tmp/junit_metastore_db), (DRDAID = null) 
[DEBUG] 2024-04-23 23:17:34.769 [main] UserGroupInformation - PrivilegedAction as:alex (auth:SIMPLE) from:org.apache.hadoop.hive.metastore.HMSHandler.create_database_core(HMSHandler.java:1375)
[WARN ] 2024-04-23 23:17:34.770 [main] HMSHandler - Failed to create external path file:/home/alex/Repositories/hive/standalone-metastore/metastore-server/target/external/db_testhmsserverwithoutfilter_2.db for database db_testHMSServerWithoutFilter_2. This may result in access not being allowed if the StorageBasedAuthorizationProvider is enabled
[DEBUG] 2024-04-23 23:17:34.770 [main] ObjectStore - Open transaction: count = 1, isActive = true
[DEBUG] 2024-04-23 23:17:34.770 [main] ObjectStore - Open transaction: count = 2, isActive = true
[DEBUG] 2024-04-23 23:17:34.771 [main] ObjectStore - Commit transaction: count = 1, isactive true
[DEBUG] 2024-04-23 23:17:34.771 [main] ObjectStore - Commit transaction: count = 0, isactive true
[DEBUG] 2024-04-23 23:17:34.772 [main] PoolBase - HikariPool-1 - Reset (autoCommit) on connection org.apache.derby.impl.jdbc.EmbedConnection@1660837991 (XID = 166), (SESSIONID = 1), (DATABASE = memory:/home/alex/Repositories/hive/standalone-metastore/metastore-server/target/tmp/junit_metastore_db), (DRDAID = null) 
[DEBUG] 2024-04-23 23:17:34.772 [main] HMSHandler - create_databasetime taken(ns): 5342622
[DEBUG] 2024-04-23 23:17:34.772 [main] PerfLogger - </PERFLOG method=create_database start=1713910654766 end=1713910654772 duration=6 from=org.apache.hadoop.hive.metastore.RetryingHMSHandler threadId=0 retryCount=0 error=false>
[DEBUG] 2024-04-23 23:17:34.772 [main] PerfLogger - <PERFLOG method=create_table_req from=org.apache.hadoop.hive.metastore.RetryingHMSHandler>
[DEBUG] 2024-04-23 23:17:34.772 [main] HMSHandler - 0: create_table_req: Table(tableName:tab1, dbName:db_testHMSServerWithoutFilter_1, owner:alex, createTime:1713910654, lastAccessTime:1713910654, retention:0, sd:StorageDescriptor(cols:[FieldSchema(name:id, type:int, comment:), FieldSchema(name:name, type:string, comment:)], location:null, inputFormat:org.apache.hadoop.hive.ql.io.HiveInputFormat, outputFormat:org.apache.hadoop.hive.ql.io.HiveOutputFormat, compressed:false, numBuckets:0, serdeInfo:SerDeInfo(name:null, serializationLib:org.apache.hadoop.hive.serde2.lazy.LazySimpleSerDe, parameters:{}), bucketCols:[], sortCols:[], parameters:{}, skewedInfo:SkewedInfo(skewedColNames:[], skewedColValues:[], skewedColValueLocationMaps:{}), storedAsSubDirectories:false), partitionKeys:[], parameters:{}, viewOriginalText:null, viewExpandedText:null, tableType:MANAGED_TABLE, catName:hive, ownerType:USER)
[INFO ] 2024-04-23 23:17:34.772 [main] audit - ugi=alex	ip=unknown-ip-addr	cmd=create_table_req: Table(tableName:tab1, dbName:db_testHMSServerWithoutFilter_1, owner:alex, createTime:1713910654, lastAccessTime:1713910654, retention:0, sd:StorageDescriptor(cols:[FieldSchema(name:id, type:int, comment:), FieldSchema(name:name, type:string, comment:)], location:null, inputFormat:org.apache.hadoop.hive.ql.io.HiveInputFormat, outputFormat:org.apache.hadoop.hive.ql.io.HiveOutputFormat, compressed:false, numBuckets:0, serdeInfo:SerDeInfo(name:null, serializationLib:org.apache.hadoop.hive.serde2.lazy.LazySimpleSerDe, parameters:{}), bucketCols:[], sortCols:[], parameters:{}, skewedInfo:SkewedInfo(skewedColNames:[], skewedColValues:[], skewedColValueLocationMaps:{}), storedAsSubDirectories:false), partitionKeys:[], parameters:{}, viewOriginalText:null, viewExpandedText:null, tableType:MANAGED_TABLE, catName:hive, ownerType:USER)	
[DEBUG] 2024-04-23 23:17:34.773 [main] ObjectStore - Open transaction: count = 1, isActive = true
[DEBUG] 2024-04-23 23:17:34.774 [main] MetaStoreDirectSql - getDatabase: directsql returning db db_testhmsserverwithoutfilter_1 locn[file:/home/alex/Repositories/hive/standalone-metastore/metastore-server/target/external/db_testhmsserverwithoutfilter_1.db] desc [null] owner [alex] ownertype [USER]
[DEBUG] 2024-04-23 23:17:34.774 [main] ObjectStore - Using direct SQL optimization.
[DEBUG] 2024-04-23 23:17:34.774 [main] ObjectStore - Commit transaction: count = 0, isactive true
[DEBUG] 2024-04-23 23:17:34.774 [main] PoolBase - HikariPool-1 - Reset (autoCommit) on connection org.apache.derby.impl.jdbc.EmbedConnection@1660837991 (XID = 166), (SESSIONID = 1), (DATABASE = memory:/home/alex/Repositories/hive/standalone-metastore/metastore-server/target/tmp/junit_metastore_db), (DRDAID = null) 
[DEBUG] 2024-04-23 23:17:34.774 [main] ObjectStore - db details for db db_testhmsserverwithoutfilter_1 retrieved using SQL in 1.660566ms
[DEBUG] 2024-04-23 23:17:34.775 [main] ObjectStore - Open transaction: count = 1, isActive = true
[DEBUG] 2024-04-23 23:17:34.775 [main] ObjectStore - Open transaction: count = 2, isActive = true
[DEBUG] 2024-04-23 23:17:34.775 [main] ObjectStore - Executing getMTable for hive.db_testhmsserverwithoutfilter_1.tab1
[DEBUG] 2024-04-23 23:17:34.776 [main] ObjectStore - Commit transaction: count = 1, isactive true
[DEBUG] 2024-04-23 23:17:34.776 [main] ObjectStore - Commit transaction: count = 0, isactive true
[DEBUG] 2024-04-23 23:17:34.776 [main] PoolBase - HikariPool-1 - Reset (autoCommit) on connection org.apache.derby.impl.jdbc.EmbedConnection@1660837991 (XID = 166), (SESSIONID = 1), (DATABASE = memory:/home/alex/Repositories/hive/standalone-metastore/metastore-server/target/tmp/junit_metastore_db), (DRDAID = null) 
[INFO ] 2024-04-23 23:17:34.776 [main] MetastoreDefaultTransformer - Starting translation for CreateTable for processor null with null on table tab1
[DEBUG] 2024-04-23 23:17:34.776 [main] ObjectStore - Open transaction: count = 1, isActive = true
[DEBUG] 2024-04-23 23:17:34.777 [main] MetaStoreDirectSql - getDatabase: directsql returning db db_testhmsserverwithoutfilter_1 locn[file:/home/alex/Repositories/hive/standalone-metastore/metastore-server/target/external/db_testhmsserverwithoutfilter_1.db] desc [null] owner [alex] ownertype [USER]
[DEBUG] 2024-04-23 23:17:34.778 [main] ObjectStore - Using direct SQL optimization.
[DEBUG] 2024-04-23 23:17:34.778 [main] ObjectStore - Commit transaction: count = 0, isactive true
[DEBUG] 2024-04-23 23:17:34.778 [main] PoolBase - HikariPool-1 - Reset (autoCommit) on connection org.apache.derby.impl.jdbc.EmbedConnection@1660837991 (XID = 166), (SESSIONID = 1), (DATABASE = memory:/home/alex/Repositories/hive/standalone-metastore/metastore-server/target/tmp/junit_metastore_db), (DRDAID = null) 
[DEBUG] 2024-04-23 23:17:34.778 [main] ObjectStore - db details for db db_testhmsserverwithoutfilter_1 retrieved using SQL in 1.830529ms
[DEBUG] 2024-04-23 23:17:34.778 [main] MetastoreDefaultTransformer - Table is a MANAGED_TABLE
[INFO ] 2024-04-23 23:17:34.778 [main] MetastoreDefaultTransformer - Converting tab1 to EXTERNAL tableType for null
[INFO ] 2024-04-23 23:17:34.778 [main] MetastoreDefaultTransformer - Modified table params are:{TRANSLATED_TO_EXTERNAL=TRUE, EXTERNAL=TRUE, external.table.purge=TRUE}
[INFO ] 2024-04-23 23:17:34.778 [main] MetastoreDefaultTransformer - Using location file:/home/alex/Repositories/hive/standalone-metastore/metastore-server/target/external/db_testhmsserverwithoutfilter_1.db/tab1 for table tab1
[INFO ] 2024-04-23 23:17:34.779 [main] MetastoreDefaultTransformer - Transformer returning table:Table(tableName:tab1, dbName:db_testHMSServerWithoutFilter_1, owner:alex, createTime:1713910654, lastAccessTime:1713910654, retention:0, sd:StorageDescriptor(cols:[FieldSchema(name:id, type:int, comment:), FieldSchema(name:name, type:string, comment:)], location:file:/home/alex/Repositories/hive/standalone-metastore/metastore-server/target/external/db_testhmsserverwithoutfilter_1.db/tab1, inputFormat:org.apache.hadoop.hive.ql.io.HiveInputFormat, outputFormat:org.apache.hadoop.hive.ql.io.HiveOutputFormat, compressed:false, numBuckets:0, serdeInfo:SerDeInfo(name:null, serializationLib:org.apache.hadoop.hive.serde2.lazy.LazySimpleSerDe, parameters:{}), bucketCols:[], sortCols:[], parameters:{}, skewedInfo:SkewedInfo(skewedColNames:[], skewedColValues:[], skewedColValueLocationMaps:{}), storedAsSubDirectories:false), partitionKeys:[], parameters:{EXTERNAL=TRUE, external.table.purge=TRUE, TRANSLATED_TO_EXTERNAL=TRUE}, viewOriginalText:null, viewExpandedText:null, tableType:EXTERNAL_TABLE, catName:hive, ownerType:USER)
[DEBUG] 2024-04-23 23:17:34.779 [main] ObjectStore - Open transaction: count = 1, isActive = true
[DEBUG] 2024-04-23 23:17:34.779 [main] ObjectStore - Open transaction: count = 2, isActive = true
[DEBUG] 2024-04-23 23:17:34.780 [main] MetaStoreDirectSql - getDatabase: directsql returning db db_testhmsserverwithoutfilter_1 locn[file:/home/alex/Repositories/hive/standalone-metastore/metastore-server/target/external/db_testhmsserverwithoutfilter_1.db] desc [null] owner [alex] ownertype [USER]
[DEBUG] 2024-04-23 23:17:34.780 [main] ObjectStore - Using direct SQL optimization.
[DEBUG] 2024-04-23 23:17:34.780 [main] ObjectStore - Commit transaction: count = 1, isactive true
[DEBUG] 2024-04-23 23:17:34.780 [main] ObjectStore - db details for db db_testhmsserverwithoutfilter_1 retrieved using SQL in 1.561979ms
[DEBUG] 2024-04-23 23:17:34.780 [main] ObjectStore - Open transaction: count = 2, isActive = true
[DEBUG] 2024-04-23 23:17:34.781 [main] ObjectStore - Open transaction: count = 3, isActive = true
[DEBUG] 2024-04-23 23:17:34.781 [main] ObjectStore - Executing getMTable for hive.db_testhmsserverwithoutfilter_1.tab1
[DEBUG] 2024-04-23 23:17:34.782 [main] ObjectStore - Commit transaction: count = 2, isactive true
[DEBUG] 2024-04-23 23:17:34.782 [main] ObjectStore - Commit transaction: count = 1, isactive true
[INFO ] 2024-04-23 23:17:34.783 [main] MetaStoreServerUtils - Updating table stats for tab1
[INFO ] 2024-04-23 23:17:34.783 [main] MetaStoreServerUtils - Updated size of table tab1 to 0
[DEBUG] 2024-04-23 23:17:34.783 [main] ObjectStore - Open transaction: count = 2, isActive = true
[DEBUG] 2024-04-23 23:17:34.783 [main] ObjectStore - Open transaction: count = 3, isActive = true
[DEBUG] 2024-04-23 23:17:34.784 [main] ObjectStore - Commit transaction: count = 2, isactive true
[DEBUG] 2024-04-23 23:17:34.792 [main] ObjectStore - Commit transaction: count = 1, isactive true
[DEBUG] 2024-04-23 23:17:34.792 [main] ObjectStore - Commit transaction: count = 0, isactive true
[DEBUG] 2024-04-23 23:17:34.794 [main] PoolBase - HikariPool-1 - Reset (autoCommit) on connection org.apache.derby.impl.jdbc.EmbedConnection@1660837991 (XID = 166), (SESSIONID = 1), (DATABASE = memory:/home/alex/Repositories/hive/standalone-metastore/metastore-server/target/tmp/junit_metastore_db), (DRDAID = null) 
[DEBUG] 2024-04-23 23:17:34.796 [main] HMSHandler - create_table_reqtime taken(ns): 22997911
[DEBUG] 2024-04-23 23:17:34.796 [main] PerfLogger - </PERFLOG method=create_table_req start=1713910654772 end=1713910654796 duration=24 from=org.apache.hadoop.hive.metastore.RetryingHMSHandler threadId=0 retryCount=0 error=false>
[DEBUG] 2024-04-23 23:17:34.796 [main] PerfLogger - <PERFLOG method=create_table_req from=org.apache.hadoop.hive.metastore.RetryingHMSHandler>
[DEBUG] 2024-04-23 23:17:34.796 [main] HMSHandler - 0: create_table_req: Table(tableName:tab2, dbName:db_testHMSServerWithoutFilter_1, owner:alex, createTime:1713910654, lastAccessTime:1713910654, retention:0, sd:StorageDescriptor(cols:[FieldSchema(name:id, type:int, comment:)], location:null, inputFormat:org.apache.hadoop.hive.ql.io.HiveInputFormat, outputFormat:org.apache.hadoop.hive.ql.io.HiveOutputFormat, compressed:false, numBuckets:0, serdeInfo:SerDeInfo(name:null, serializationLib:org.apache.hadoop.hive.serde2.lazy.LazySimpleSerDe, parameters:{}), bucketCols:[], sortCols:[], parameters:{}, skewedInfo:SkewedInfo(skewedColNames:[], skewedColValues:[], skewedColValueLocationMaps:{}), storedAsSubDirectories:false), partitionKeys:[FieldSchema(name:name, type:string, comment:)], parameters:{}, viewOriginalText:null, viewExpandedText:null, tableType:MANAGED_TABLE, catName:hive, ownerType:USER)
[INFO ] 2024-04-23 23:17:34.796 [main] audit - ugi=alex	ip=unknown-ip-addr	cmd=create_table_req: Table(tableName:tab2, dbName:db_testHMSServerWithoutFilter_1, owner:alex, createTime:1713910654, lastAccessTime:1713910654, retention:0, sd:StorageDescriptor(cols:[FieldSchema(name:id, type:int, comment:)], location:null, inputFormat:org.apache.hadoop.hive.ql.io.HiveInputFormat, outputFormat:org.apache.hadoop.hive.ql.io.HiveOutputFormat, compressed:false, numBuckets:0, serdeInfo:SerDeInfo(name:null, serializationLib:org.apache.hadoop.hive.serde2.lazy.LazySimpleSerDe, parameters:{}), bucketCols:[], sortCols:[], parameters:{}, skewedInfo:SkewedInfo(skewedColNames:[], skewedColValues:[], skewedColValueLocationMaps:{}), storedAsSubDirectories:false), partitionKeys:[FieldSchema(name:name, type:string, comment:)], parameters:{}, viewOriginalText:null, viewExpandedText:null, tableType:MANAGED_TABLE, catName:hive, ownerType:USER)	
[DEBUG] 2024-04-23 23:17:34.797 [main] ObjectStore - Open transaction: count = 1, isActive = true
[DEBUG] 2024-04-23 23:17:34.798 [main] MetaStoreDirectSql - getDatabase: directsql returning db db_testhmsserverwithoutfilter_1 locn[file:/home/alex/Repositories/hive/standalone-metastore/metastore-server/target/external/db_testhmsserverwithoutfilter_1.db] desc [null] owner [alex] ownertype [USER]
[DEBUG] 2024-04-23 23:17:34.798 [main] ObjectStore - Using direct SQL optimization.
[DEBUG] 2024-04-23 23:17:34.798 [main] ObjectStore - Commit transaction: count = 0, isactive true
[DEBUG] 2024-04-23 23:17:34.798 [main] PoolBase - HikariPool-1 - Reset (autoCommit) on connection org.apache.derby.impl.jdbc.EmbedConnection@1660837991 (XID = 166), (SESSIONID = 1), (DATABASE = memory:/home/alex/Repositories/hive/standalone-metastore/metastore-server/target/tmp/junit_metastore_db), (DRDAID = null) 
[DEBUG] 2024-04-23 23:17:34.798 [main] ObjectStore - db details for db db_testhmsserverwithoutfilter_1 retrieved using SQL in 1.821099ms
[DEBUG] 2024-04-23 23:17:34.798 [main] ObjectStore - Open transaction: count = 1, isActive = true
[DEBUG] 2024-04-23 23:17:34.798 [main] ObjectStore - Open transaction: count = 2, isActive = true
[DEBUG] 2024-04-23 23:17:34.798 [main] ObjectStore - Executing getMTable for hive.db_testhmsserverwithoutfilter_1.tab2
[DEBUG] 2024-04-23 23:17:34.800 [main] ObjectStore - Commit transaction: count = 1, isactive true
[DEBUG] 2024-04-23 23:17:34.800 [main] ObjectStore - Commit transaction: count = 0, isactive true
[DEBUG] 2024-04-23 23:17:34.800 [main] PoolBase - HikariPool-1 - Reset (autoCommit) on connection org.apache.derby.impl.jdbc.EmbedConnection@1660837991 (XID = 166), (SESSIONID = 1), (DATABASE = memory:/home/alex/Repositories/hive/standalone-metastore/metastore-server/target/tmp/junit_metastore_db), (DRDAID = null) 
[INFO ] 2024-04-23 23:17:34.800 [main] MetastoreDefaultTransformer - Starting translation for CreateTable for processor null with null on table tab2
[DEBUG] 2024-04-23 23:17:34.800 [main] ObjectStore - Open transaction: count = 1, isActive = true
[DEBUG] 2024-04-23 23:17:34.801 [main] MetaStoreDirectSql - getDatabase: directsql returning db db_testhmsserverwithoutfilter_1 locn[file:/home/alex/Repositories/hive/standalone-metastore/metastore-server/target/external/db_testhmsserverwithoutfilter_1.db] desc [null] owner [alex] ownertype [USER]
[DEBUG] 2024-04-23 23:17:34.802 [main] ObjectStore - Using direct SQL optimization.
[DEBUG] 2024-04-23 23:17:34.802 [main] ObjectStore - Commit transaction: count = 0, isactive true
[DEBUG] 2024-04-23 23:17:34.802 [main] PoolBase - HikariPool-1 - Reset (autoCommit) on connection org.apache.derby.impl.jdbc.EmbedConnection@1660837991 (XID = 166), (SESSIONID = 1), (DATABASE = memory:/home/alex/Repositories/hive/standalone-metastore/metastore-server/target/tmp/junit_metastore_db), (DRDAID = null) 
[DEBUG] 2024-04-23 23:17:34.802 [main] ObjectStore - db details for db db_testhmsserverwithoutfilter_1 retrieved using SQL in 1.614244ms
[DEBUG] 2024-04-23 23:17:34.802 [main] MetastoreDefaultTransformer - Table is a MANAGED_TABLE
[INFO ] 2024-04-23 23:17:34.802 [main] MetastoreDefaultTransformer - Converting tab2 to EXTERNAL tableType for null
[INFO ] 2024-04-23 23:17:34.802 [main] MetastoreDefaultTransformer - Modified table params are:{EXTERNAL=TRUE, TRANSLATED_TO_EXTERNAL=TRUE, external.table.purge=TRUE}
[INFO ] 2024-04-23 23:17:34.802 [main] MetastoreDefaultTransformer - Using location file:/home/alex/Repositories/hive/standalone-metastore/metastore-server/target/external/db_testhmsserverwithoutfilter_1.db/tab2 for table tab2
[INFO ] 2024-04-23 23:17:34.802 [main] MetastoreDefaultTransformer - Transformer returning table:Table(tableName:tab2, dbName:db_testHMSServerWithoutFilter_1, owner:alex, createTime:1713910654, lastAccessTime:1713910654, retention:0, sd:StorageDescriptor(cols:[FieldSchema(name:id, type:int, comment:)], location:file:/home/alex/Repositories/hive/standalone-metastore/metastore-server/target/external/db_testhmsserverwithoutfilter_1.db/tab2, inputFormat:org.apache.hadoop.hive.ql.io.HiveInputFormat, outputFormat:org.apache.hadoop.hive.ql.io.HiveOutputFormat, compressed:false, numBuckets:0, serdeInfo:SerDeInfo(name:null, serializationLib:org.apache.hadoop.hive.serde2.lazy.LazySimpleSerDe, parameters:{}), bucketCols:[], sortCols:[], parameters:{}, skewedInfo:SkewedInfo(skewedColNames:[], skewedColValues:[], skewedColValueLocationMaps:{}), storedAsSubDirectories:false), partitionKeys:[FieldSchema(name:name, type:string, comment:)], parameters:{external.table.purge=TRUE, EXTERNAL=TRUE, TRANSLATED_TO_EXTERNAL=TRUE}, viewOriginalText:null, viewExpandedText:null, tableType:EXTERNAL_TABLE, catName:hive, ownerType:USER)
[DEBUG] 2024-04-23 23:17:34.803 [main] ObjectStore - Open transaction: count = 1, isActive = true
[DEBUG] 2024-04-23 23:17:34.803 [main] ObjectStore - Open transaction: count = 2, isActive = true
[DEBUG] 2024-04-23 23:17:34.804 [main] MetaStoreDirectSql - getDatabase: directsql returning db db_testhmsserverwithoutfilter_1 locn[file:/home/alex/Repositories/hive/standalone-metastore/metastore-server/target/external/db_testhmsserverwithoutfilter_1.db] desc [null] owner [alex] ownertype [USER]
[DEBUG] 2024-04-23 23:17:34.804 [main] ObjectStore - Using direct SQL optimization.
[DEBUG] 2024-04-23 23:17:34.804 [main] ObjectStore - Commit transaction: count = 1, isactive true
[DEBUG] 2024-04-23 23:17:34.804 [main] ObjectStore - db details for db db_testhmsserverwithoutfilter_1 retrieved using SQL in 1.680857ms
[DEBUG] 2024-04-23 23:17:34.804 [main] ObjectStore - Open transaction: count = 2, isActive = true
[DEBUG] 2024-04-23 23:17:34.804 [main] ObjectStore - Open transaction: count = 3, isActive = true
[DEBUG] 2024-04-23 23:17:34.805 [main] ObjectStore - Executing getMTable for hive.db_testhmsserverwithoutfilter_1.tab2
[DEBUG] 2024-04-23 23:17:34.806 [main] ObjectStore - Commit transaction: count = 2, isactive true
[DEBUG] 2024-04-23 23:17:34.806 [main] ObjectStore - Commit transaction: count = 1, isactive true
[DEBUG] 2024-04-23 23:17:34.806 [main] ObjectStore - Open transaction: count = 2, isActive = true
[DEBUG] 2024-04-23 23:17:34.806 [main] ObjectStore - Open transaction: count = 3, isActive = true
[DEBUG] 2024-04-23 23:17:34.808 [main] ObjectStore - Commit transaction: count = 2, isactive true
[DEBUG] 2024-04-23 23:17:34.813 [main] ObjectStore - Commit transaction: count = 1, isactive true
[DEBUG] 2024-04-23 23:17:34.813 [main] ObjectStore - Commit transaction: count = 0, isactive true
[DEBUG] 2024-04-23 23:17:34.815 [main] PoolBase - HikariPool-1 - Reset (autoCommit) on connection org.apache.derby.impl.jdbc.EmbedConnection@1660837991 (XID = 166), (SESSIONID = 1), (DATABASE = memory:/home/alex/Repositories/hive/standalone-metastore/metastore-server/target/tmp/junit_metastore_db), (DRDAID = null) 
[DEBUG] 2024-04-23 23:17:34.817 [main] HMSHandler - create_table_reqtime taken(ns): 20677292
[DEBUG] 2024-04-23 23:17:34.817 [main] PerfLogger - </PERFLOG method=create_table_req start=1713910654796 end=1713910654817 duration=21 from=org.apache.hadoop.hive.metastore.RetryingHMSHandler threadId=0 retryCount=0 error=false>
[DEBUG] 2024-04-23 23:17:34.817 [main] PerfLogger - <PERFLOG method=add_partition_with_environment_context from=org.apache.hadoop.hive.metastore.RetryingHMSHandler>
[DEBUG] 2024-04-23 23:17:34.817 [main] HMSHandler - 0: add_partition : tbl=hive.db_testHMSServerWithoutFilter_1.tab2
[INFO ] 2024-04-23 23:17:34.818 [main] audit - ugi=alex	ip=unknown-ip-addr	cmd=add_partition : tbl=hive.db_testHMSServerWithoutFilter_1.tab2	
[DEBUG] 2024-04-23 23:17:34.818 [main] ObjectStore - Open transaction: count = 1, isActive = true
[DEBUG] 2024-04-23 23:17:34.818 [main] ObjectStore - Open transaction: count = 2, isActive = true
[DEBUG] 2024-04-23 23:17:34.818 [main] ObjectStore - Open transaction: count = 3, isActive = true
[DEBUG] 2024-04-23 23:17:34.818 [main] ObjectStore - Executing getMTable for hive.db_testhmsserverwithoutfilter_1.tab2
[DEBUG] 2024-04-23 23:17:34.822 [main] ObjectStore - Commit transaction: count = 2, isactive true
[DEBUG] 2024-04-23 23:17:34.828 [main] ObjectStore - Commit transaction: count = 1, isactive true
[DEBUG] 2024-04-23 23:17:34.828 [main] ObjectStore - Open transaction: count = 2, isActive = true
[DEBUG] 2024-04-23 23:17:34.830 [main] ObjectStore - Commit transaction: count = 1, isactive true
[INFO ] 2024-04-23 23:17:34.831 [main] MetaStoreServerUtils - Updating partition stats fast for: tab2
[INFO ] 2024-04-23 23:17:34.832 [main] MetaStoreServerUtils - Updated size to 0
[DEBUG] 2024-04-23 23:17:34.832 [main] ObjectStore - Open transaction: count = 2, isActive = true
[DEBUG] 2024-04-23 23:17:34.832 [main] ObjectStore - Open transaction: count = 3, isActive = true
[DEBUG] 2024-04-23 23:17:34.832 [main] ObjectStore - Executing getMTable for hive.db_testhmsserverwithoutfilter_1.tab2
[DEBUG] 2024-04-23 23:17:34.834 [main] ObjectStore - Commit transaction: count = 2, isactive true
[DEBUG] 2024-04-23 23:17:34.841 [main] PoolBase - HikariPool-1 - Reset (autoCommit) on connection org.apache.derby.impl.jdbc.EmbedConnection@1114107828 (XID = 168), (SESSIONID = 3), (DATABASE = memory:/home/alex/Repositories/hive/standalone-metastore/metastore-server/target/tmp/junit_metastore_db), (DRDAID = null) 
[DEBUG] 2024-04-23 23:17:34.842 [main] PoolBase - HikariPool-1 - Reset (autoCommit) on connection org.apache.derby.impl.jdbc.EmbedConnection@1114107828 (XID = 168), (SESSIONID = 3), (DATABASE = memory:/home/alex/Repositories/hive/standalone-metastore/metastore-server/target/tmp/junit_metastore_db), (DRDAID = null) 
[DEBUG] 2024-04-23 23:17:34.848 [main] ObjectStore - Commit transaction: count = 1, isactive true
[DEBUG] 2024-04-23 23:17:34.848 [main] ObjectStore - Commit transaction: count = 0, isactive true
[DEBUG] 2024-04-23 23:17:34.853 [main] PoolBase - HikariPool-1 - Reset (autoCommit) on connection org.apache.derby.impl.jdbc.EmbedConnection@1660837991 (XID = 166), (SESSIONID = 1), (DATABASE = memory:/home/alex/Repositories/hive/standalone-metastore/metastore-server/target/tmp/junit_metastore_db), (DRDAID = null) 
[DEBUG] 2024-04-23 23:17:34.856 [main] HMSHandler - add_partitiontime taken(ns): 38571873
[DEBUG] 2024-04-23 23:17:34.857 [main] PerfLogger - </PERFLOG method=add_partition_with_environment_context start=1713910654817 end=1713910654857 duration=40 from=org.apache.hadoop.hive.metastore.RetryingHMSHandler threadId=0 retryCount=0 error=false>
[DEBUG] 2024-04-23 23:17:34.857 [main] PerfLogger - <PERFLOG method=add_partition_with_environment_context from=org.apache.hadoop.hive.metastore.RetryingHMSHandler>
[DEBUG] 2024-04-23 23:17:34.857 [main] HMSHandler - 0: add_partition : tbl=hive.db_testHMSServerWithoutFilter_1.tab2
[INFO ] 2024-04-23 23:17:34.857 [main] audit - ugi=alex	ip=unknown-ip-addr	cmd=add_partition : tbl=hive.db_testHMSServerWithoutFilter_1.tab2	
[DEBUG] 2024-04-23 23:17:34.858 [main] ObjectStore - Open transaction: count = 1, isActive = true
[DEBUG] 2024-04-23 23:17:34.858 [main] ObjectStore - Open transaction: count = 2, isActive = true
[DEBUG] 2024-04-23 23:17:34.858 [main] ObjectStore - Open transaction: count = 3, isActive = true
[DEBUG] 2024-04-23 23:17:34.858 [main] ObjectStore - Executing getMTable for hive.db_testhmsserverwithoutfilter_1.tab2
[DEBUG] 2024-04-23 23:17:34.862 [main] ObjectStore - Commit transaction: count = 2, isactive true
[DEBUG] 2024-04-23 23:17:34.870 [main] ObjectStore - Commit transaction: count = 1, isactive true
[DEBUG] 2024-04-23 23:17:34.870 [main] ObjectStore - Open transaction: count = 2, isActive = true
[DEBUG] 2024-04-23 23:17:34.872 [main] ObjectStore - Commit transaction: count = 1, isactive true
[INFO ] 2024-04-23 23:17:34.872 [main] MetaStoreServerUtils - Updating partition stats fast for: tab2
[INFO ] 2024-04-23 23:17:34.873 [main] MetaStoreServerUtils - Updated size to 0
[DEBUG] 2024-04-23 23:17:34.873 [main] ObjectStore - Open transaction: count = 2, isActive = true
[DEBUG] 2024-04-23 23:17:34.873 [main] ObjectStore - Open transaction: count = 3, isActive = true
[DEBUG] 2024-04-23 23:17:34.873 [main] ObjectStore - Executing getMTable for hive.db_testhmsserverwithoutfilter_1.tab2
[DEBUG] 2024-04-23 23:17:34.875 [main] ObjectStore - Commit transaction: count = 2, isactive true
[DEBUG] 2024-04-23 23:17:34.881 [main] ObjectStore - Commit transaction: count = 1, isactive true
[DEBUG] 2024-04-23 23:17:34.881 [main] ObjectStore - Commit transaction: count = 0, isactive true
[DEBUG] 2024-04-23 23:17:34.884 [main] PoolBase - HikariPool-1 - Reset (autoCommit) on connection org.apache.derby.impl.jdbc.EmbedConnection@1660837991 (XID = 166), (SESSIONID = 1), (DATABASE = memory:/home/alex/Repositories/hive/standalone-metastore/metastore-server/target/tmp/junit_metastore_db), (DRDAID = null) 
[DEBUG] 2024-04-23 23:17:34.886 [main] HMSHandler - add_partitiontime taken(ns): 28387076
[DEBUG] 2024-04-23 23:17:34.886 [main] PerfLogger - </PERFLOG method=add_partition_with_environment_context start=1713910654857 end=1713910654886 duration=29 from=org.apache.hadoop.hive.metastore.RetryingHMSHandler threadId=0 retryCount=0 error=false>
[INFO ] 2024-04-23 23:17:34.886 [main] TestTxnDbUtil - Cleaning transactional tables
[DEBUG] 2024-04-23 23:17:34.888 [main] TestTxnDbUtil - Successfully truncated table TXN_COMPONENTS
[DEBUG] 2024-04-23 23:17:34.888 [main] TestTxnDbUtil - Successfully truncated table COMPLETED_TXN_COMPONENTS
[DEBUG] 2024-04-23 23:17:34.891 [main] TestTxnDbUtil - Successfully truncated table TXNS
[DEBUG] 2024-04-23 23:17:34.891 [main] TestTxnDbUtil - Successfully truncated table TXN_TO_WRITE_ID
[DEBUG] 2024-04-23 23:17:34.891 [main] TestTxnDbUtil - Successfully truncated table NEXT_WRITE_ID
[DEBUG] 2024-04-23 23:17:34.891 [main] TestTxnDbUtil - Successfully truncated table HIVE_LOCKS
[DEBUG] 2024-04-23 23:17:34.892 [main] TestTxnDbUtil - Successfully truncated table NEXT_LOCK_ID
[DEBUG] 2024-04-23 23:17:34.892 [main] TestTxnDbUtil - Successfully truncated table COMPACTION_QUEUE
[DEBUG] 2024-04-23 23:17:34.892 [main] TestTxnDbUtil - Successfully truncated table NEXT_COMPACTION_QUEUE_ID
[DEBUG] 2024-04-23 23:17:34.892 [main] TestTxnDbUtil - Successfully truncated table COMPLETED_COMPACTIONS
[DEBUG] 2024-04-23 23:17:34.893 [main] TestTxnDbUtil - Successfully truncated table AUX_TABLE
[DEBUG] 2024-04-23 23:17:34.893 [main] TestTxnDbUtil - Successfully truncated table WRITE_SET
[DEBUG] 2024-04-23 23:17:34.893 [main] TestTxnDbUtil - Successfully truncated table REPL_TXN_MAP
[DEBUG] 2024-04-23 23:17:34.893 [main] TestTxnDbUtil - Successfully truncated table MATERIALIZATION_REBUILD_LOCKS
[DEBUG] 2024-04-23 23:17:34.894 [main] TestTxnDbUtil - Successfully truncated table MIN_HISTORY_LEVEL
[INFO ] 2024-04-23 23:17:34.898 [main] TestTxnDbUtil - Creating transactional tables
[DEBUG] 2024-04-23 23:17:34.902 [main] PerfLogger - <PERFLOG method=compact2 from=org.apache.hadoop.hive.metastore.RetryingHMSHandler>
[DEBUG] 2024-04-23 23:17:34.902 [main] TxnHandler - About to execute SQL: SELECT "MT_COMMENT" FROM "AUX_TABLE" WHERE "MT_KEY1"='CompactionScheduler' and "MT_KEY2"=0
[DEBUG] 2024-04-23 23:17:34.903 [main] TxnHandler - 'CompactionScheduler' locked by 'Lenovo-Bot'
[DEBUG] 2024-04-23 23:17:34.903 [main] TxnHandler - going to execute query <SELECT "NCQ_NEXT" FROM "NEXT_COMPACTION_QUEUE_ID">
[DEBUG] 2024-04-23 23:17:34.903 [main] TxnHandler - Going to execute update <UPDATE "NEXT_COMPACTION_QUEUE_ID" SET "NCQ_NEXT" = 2>
[DEBUG] 2024-04-23 23:17:34.903 [main] TxnHandler - Going to execute query <SELECT "CQ_ID", "CQ_STATE" FROM "COMPACTION_QUEUE" WHERE "CQ_STATE" IN('i','w') AND "CQ_DATABASE"=? AND "CQ_TABLE"=? AND "CQ_PARTITION" is null>
[DEBUG] 2024-04-23 23:17:34.903 [main] TxnHandler - Going to execute update <INSERT INTO "COMPACTION_QUEUE" ("CQ_ID", "CQ_DATABASE", "CQ_TABLE", "CQ_STATE", "CQ_TYPE", "CQ_ENQUEUE_TIME", "CQ_TBLPROPERTIES", "CQ_INITIATOR_ID") values (1, ?, ?, 'i', 'a',{ fn timestampdiff(sql_tsi_frac_second, timestamp('1970-01-01 01:00:00.0'), current_timestamp) } / 1000000, ?, ?)>
[DEBUG] 2024-04-23 23:17:34.904 [main] TxnHandler - Going to commit
[DEBUG] 2024-04-23 23:17:34.904 [main] PoolBase - HikariPool-2 - Reset (autoCommit) on connection org.apache.derby.impl.jdbc.EmbedConnection@382698552 (XID = 1910), (SESSIONID = 25), (DATABASE = memory:/home/alex/Repositories/hive/standalone-metastore/metastore-server/target/tmp/junit_metastore_db), (DRDAID = null) 
[DEBUG] 2024-04-23 23:17:34.904 [main] PoolBase - HikariPool-3 - Reset (autoCommit) on connection org.apache.derby.impl.jdbc.EmbedConnection@2007031139 (XID = 1912), (SESSIONID = 27), (DATABASE = memory:/home/alex/Repositories/hive/standalone-metastore/metastore-server/target/tmp/junit_metastore_db), (DRDAID = null) 
[DEBUG] 2024-04-23 23:17:34.904 [main] TxnHandler - 'CompactionScheduler' unlocked by 'Lenovo-Bot'
[DEBUG] 2024-04-23 23:17:34.904 [main] PerfLogger - </PERFLOG method=compact2 start=1713910654902 end=1713910654904 duration=2 from=org.apache.hadoop.hive.metastore.RetryingHMSHandler threadId=0 retryCount=0 error=false>
[DEBUG] 2024-04-23 23:17:34.904 [main] PerfLogger - <PERFLOG method=compact2 from=org.apache.hadoop.hive.metastore.RetryingHMSHandler>
[DEBUG] 2024-04-23 23:17:34.905 [main] TxnHandler - About to execute SQL: SELECT "MT_COMMENT" FROM "AUX_TABLE" WHERE "MT_KEY1"='CompactionScheduler' and "MT_KEY2"=0
[DEBUG] 2024-04-23 23:17:34.905 [main] TxnHandler - 'CompactionScheduler' locked by 'Lenovo-Bot'
[DEBUG] 2024-04-23 23:17:34.905 [main] TxnHandler - going to execute query <SELECT "NCQ_NEXT" FROM "NEXT_COMPACTION_QUEUE_ID">
[DEBUG] 2024-04-23 23:17:34.905 [main] TxnHandler - Going to execute update <UPDATE "NEXT_COMPACTION_QUEUE_ID" SET "NCQ_NEXT" = 3>
[DEBUG] 2024-04-23 23:17:34.905 [main] TxnHandler - Going to execute query <SELECT "CQ_ID", "CQ_STATE" FROM "COMPACTION_QUEUE" WHERE "CQ_STATE" IN('i','w') AND "CQ_DATABASE"=? AND "CQ_TABLE"=? AND "CQ_PARTITION"=?>
[DEBUG] 2024-04-23 23:17:34.905 [main] TxnHandler - Going to execute update <INSERT INTO "COMPACTION_QUEUE" ("CQ_ID", "CQ_DATABASE", "CQ_TABLE", "CQ_PARTITION", "CQ_STATE", "CQ_TYPE", "CQ_ENQUEUE_TIME", "CQ_TBLPROPERTIES", "CQ_INITIATOR_ID") values (2, ?, ?, ?, 'i', 'i',{ fn timestampdiff(sql_tsi_frac_second, timestamp('1970-01-01 01:00:00.0'), current_timestamp) } / 1000000, ?, ?)>
[DEBUG] 2024-04-23 23:17:34.906 [main] TxnHandler - Going to commit
[DEBUG] 2024-04-23 23:17:34.906 [main] PoolBase - HikariPool-2 - Reset (autoCommit) on connection org.apache.derby.impl.jdbc.EmbedConnection@382698552 (XID = 1910), (SESSIONID = 25), (DATABASE = memory:/home/alex/Repositories/hive/standalone-metastore/metastore-server/target/tmp/junit_metastore_db), (DRDAID = null) 
[DEBUG] 2024-04-23 23:17:34.906 [main] PoolBase - HikariPool-3 - Reset (autoCommit) on connection org.apache.derby.impl.jdbc.EmbedConnection@2007031139 (XID = 1912), (SESSIONID = 27), (DATABASE = memory:/home/alex/Repositories/hive/standalone-metastore/metastore-server/target/tmp/junit_metastore_db), (DRDAID = null) 
[DEBUG] 2024-04-23 23:17:34.906 [main] TxnHandler - 'CompactionScheduler' unlocked by 'Lenovo-Bot'
[DEBUG] 2024-04-23 23:17:34.906 [main] PerfLogger - </PERFLOG method=compact2 start=1713910654904 end=1713910654906 duration=2 from=org.apache.hadoop.hive.metastore.RetryingHMSHandler threadId=0 retryCount=0 error=false>
[DEBUG] 2024-04-23 23:17:34.906 [main] PerfLogger - <PERFLOG method=get_table_req from=org.apache.hadoop.hive.metastore.RetryingHMSHandler>
[DEBUG] 2024-04-23 23:17:34.907 [main] HMSHandler - 0: get_table : tbl=hive.db_testHMSServerWithoutFilter_1.tab1
[INFO ] 2024-04-23 23:17:34.907 [main] audit - ugi=alex	ip=unknown-ip-addr	cmd=get_table : tbl=hive.db_testHMSServerWithoutFilter_1.tab1	
[DEBUG] 2024-04-23 23:17:34.907 [main] ObjectStore - Open transaction: count = 1, isActive = true
[DEBUG] 2024-04-23 23:17:34.908 [main] MetaStoreDirectSql - getDatabase: directsql returning db db_testhmsserverwithoutfilter_1 locn[file:/home/alex/Repositories/hive/standalone-metastore/metastore-server/target/external/db_testhmsserverwithoutfilter_1.db] desc [null] owner [alex] ownertype [USER]
[DEBUG] 2024-04-23 23:17:34.908 [main] ObjectStore - Using direct SQL optimization.
[DEBUG] 2024-04-23 23:17:34.908 [main] ObjectStore - Commit transaction: count = 0, isactive true
[DEBUG] 2024-04-23 23:17:34.909 [main] PoolBase - HikariPool-1 - Reset (autoCommit) on connection org.apache.derby.impl.jdbc.EmbedConnection@1660837991 (XID = 166), (SESSIONID = 1), (DATABASE = memory:/home/alex/Repositories/hive/standalone-metastore/metastore-server/target/tmp/junit_metastore_db), (DRDAID = null) 
[DEBUG] 2024-04-23 23:17:34.909 [main] ObjectStore - db details for db db_testhmsserverwithoutfilter_1 retrieved using SQL in 1.719038ms
[DEBUG] 2024-04-23 23:17:34.909 [main] ObjectStore - Open transaction: count = 1, isActive = true
[DEBUG] 2024-04-23 23:17:34.909 [main] ObjectStore - Open transaction: count = 2, isActive = true
[DEBUG] 2024-04-23 23:17:34.909 [main] ObjectStore - Executing getMTable for hive.db_testhmsserverwithoutfilter_1.tab1
[DEBUG] 2024-04-23 23:17:34.912 [main] ObjectStore - Commit transaction: count = 1, isactive true
[DEBUG] 2024-04-23 23:17:34.917 [main] ObjectStore - Commit transaction: count = 0, isactive true
[DEBUG] 2024-04-23 23:17:34.918 [main] PoolBase - HikariPool-1 - Reset (autoCommit) on connection org.apache.derby.impl.jdbc.EmbedConnection@1660837991 (XID = 166), (SESSIONID = 1), (DATABASE = memory:/home/alex/Repositories/hive/standalone-metastore/metastore-server/target/tmp/junit_metastore_db), (DRDAID = null) 
[INFO ] 2024-04-23 23:17:34.920 [main] HMSHandler - Skipping translation for processor with null
[DEBUG] 2024-04-23 23:17:34.920 [main] HMSHandler - get_tabletime taken(ns): 12758788
[DEBUG] 2024-04-23 23:17:34.920 [main] PerfLogger - </PERFLOG method=get_table_req start=1713910654906 end=1713910654920 duration=14 from=org.apache.hadoop.hive.metastore.RetryingHMSHandler threadId=0 retryCount=0 error=false>
[DEBUG] 2024-04-23 23:17:34.920 [main] HiveMetaStoreClient - class=org.apache.hadoop.hive.metastore.HiveMetaStoreClient, method=getTable, duration=14, comments=HMS client
[DEBUG] 2024-04-23 23:17:34.920 [main] PerfLogger - <PERFLOG method=get_table_objects_by_name_req from=org.apache.hadoop.hive.metastore.RetryingHMSHandler>
[DEBUG] 2024-04-23 23:17:34.920 [main] ObjectStore - Open transaction: count = 1, isActive = true
[DEBUG] 2024-04-23 23:17:34.921 [main] MetaStoreDirectSql - getDatabase: directsql returning db db_testhmsserverwithoutfilter_1 locn[file:/home/alex/Repositories/hive/standalone-metastore/metastore-server/target/external/db_testhmsserverwithoutfilter_1.db] desc [null] owner [alex] ownertype [USER]
[DEBUG] 2024-04-23 23:17:34.922 [main] ObjectStore - Using direct SQL optimization.
[DEBUG] 2024-04-23 23:17:34.922 [main] ObjectStore - Commit transaction: count = 0, isactive true
[DEBUG] 2024-04-23 23:17:34.922 [main] PoolBase - HikariPool-1 - Reset (autoCommit) on connection org.apache.derby.impl.jdbc.EmbedConnection@1660837991 (XID = 166), (SESSIONID = 1), (DATABASE = memory:/home/alex/Repositories/hive/standalone-metastore/metastore-server/target/tmp/junit_metastore_db), (DRDAID = null) 
[DEBUG] 2024-04-23 23:17:34.922 [main] ObjectStore - db details for db db_testhmsserverwithoutfilter_1 retrieved using SQL in 1.49016ms
[DEBUG] 2024-04-23 23:17:34.922 [main] HMSHandler - 0: get_multi_table : db=db_testHMSServerWithoutFilter_1 tbls=null
[INFO ] 2024-04-23 23:17:34.922 [main] audit - ugi=alex	ip=unknown-ip-addr	cmd=get_multi_table : db=db_testHMSServerWithoutFilter_1 tbls=null	
[DEBUG] 2024-04-23 23:17:34.922 [main] ObjectStore - Open transaction: count = 1, isActive = true
[DEBUG] 2024-04-23 23:17:34.925 [main] ObjectStore - Open transaction: count = 2, isActive = true
[DEBUG] 2024-04-23 23:17:34.926 [main] MetaStoreDirectSql - getDatabase: directsql returning db db_testhmsserverwithoutfilter_1 locn[file:/home/alex/Repositories/hive/standalone-metastore/metastore-server/target/external/db_testhmsserverwithoutfilter_1.db] desc [null] owner [alex] ownertype [USER]
[DEBUG] 2024-04-23 23:17:34.927 [main] ObjectStore - Using direct SQL optimization.
[DEBUG] 2024-04-23 23:17:34.927 [main] ObjectStore - Commit transaction: count = 1, isactive true
[DEBUG] 2024-04-23 23:17:34.927 [main] ObjectStore - db details for db db_testhmsserverwithoutfilter_1 retrieved using SQL in 2.121166ms
[DEBUG] 2024-04-23 23:17:34.927 [main] ObjectStore - Commit transaction: count = 0, isactive true
[DEBUG] 2024-04-23 23:17:34.927 [main] PoolBase - HikariPool-1 - Reset (autoCommit) on connection org.apache.derby.impl.jdbc.EmbedConnection@1660837991 (XID = 166), (SESSIONID = 1), (DATABASE = memory:/home/alex/Repositories/hive/standalone-metastore/metastore-server/target/tmp/junit_metastore_db), (DRDAID = null) 
[DEBUG] 2024-04-23 23:17:34.927 [main] HMSHandler - get_multi_tabletime taken(ns): 5476479
[DEBUG] 2024-04-23 23:17:34.928 [main] PerfLogger - </PERFLOG method=get_table_objects_by_name_req start=1713910654920 end=1713910654928 duration=8 from=org.apache.hadoop.hive.metastore.RetryingHMSHandler threadId=0 retryCount=0 error=false>
[DEBUG] 2024-04-23 23:17:34.928 [main] PerfLogger - <PERFLOG method=shutdown from=org.apache.hadoop.hive.metastore.RetryingHMSHandler>
[DEBUG] 2024-04-23 23:17:34.928 [main] HMSHandler - 0: Cleaning up thread local RawStore...
[INFO ] 2024-04-23 23:17:34.928 [main] audit - ugi=alex	ip=unknown-ip-addr	cmd=Cleaning up thread local RawStore...	
[INFO ] 2024-04-23 23:17:34.928 [main] ObjectStore - RawStore: org.apache.hadoop.hive.metastore.ObjectStore@5f0677f3, with PersistenceManager: org.datanucleus.api.jdo.JDOPersistenceManager@4cd7d5e1 will be shutdown
[DEBUG] 2024-04-23 23:17:34.928 [main] HMSHandler - 0: Done cleaning up thread local RawStore
[INFO ] 2024-04-23 23:17:34.928 [main] audit - ugi=alex	ip=unknown-ip-addr	cmd=Done cleaning up thread local RawStore	
[DEBUG] 2024-04-23 23:17:34.929 [main] PerfLogger - </PERFLOG method=shutdown start=1713910654928 end=1713910654929 duration=1 from=org.apache.hadoop.hive.metastore.RetryingHMSHandler threadId=0 retryCount=0 error=false>
[INFO ] 2024-04-23 23:17:34.929 [main] HiveMetaStoreClient - Closed a connection to metastore, current connections: -3
]]></system-out>
  </testcase>
  <testcase name="testHMSClientWithoutFilter" classname="org.apache.hadoop.hive.metastore.TestFilterHooks" time="0.171">
    <failure message="expected:&lt;2&gt; but was:&lt;0&gt;" type="java.lang.AssertionError"><![CDATA[java.lang.AssertionError: expected:<2> but was:<0>
	at org.apache.hadoop.hive.metastore.TestFilterHooks.testHMSClientWithoutFilter(TestFilterHooks.java:308)
]]></failure>
    <system-out><![CDATA[[INFO ] 2024-04-23 23:17:34.934 [main] MetastoreConf - Unable to find config file: hive-site.xml
[INFO ] 2024-04-23 23:17:34.934 [main] MetastoreConf - Unable to find config file: hivemetastore-site.xml
[INFO ] 2024-04-23 23:17:34.934 [main] MetastoreConf - Unable to find config file: metastore-site.xml
[DEBUG] 2024-04-23 23:17:34.934 [main] MetastoreConf - Setting conf value datanucleus.schema.autoCreateAll using value true
[DEBUG] 2024-04-23 23:17:34.943 [main] MetastoreConf - Setting conf value javax.jdo.option.ConnectionURL using value jdbc:derby:memory:/home/alex/Repositories/hive/standalone-metastore/metastore-server/target/tmp/junit_metastore_db;create=true
[DEBUG] 2024-04-23 23:17:34.943 [main] MetastoreConf - Setting conf value metastore.schema.verification using value false
[DEBUG] 2024-04-23 23:17:34.943 [main] MetastoreConf - Setting conf value metastore.warehouse.dir using value file:///home/alex/Repositories/hive/standalone-metastore/metastore-server/target/warehouse
[DEBUG] 2024-04-23 23:17:34.944 [main] MetastoreConf - Picking up system property hive.metastore.warehouse.external.dir with value file:///home/alex/Repositories/hive/standalone-metastore/metastore-server/target/external
[INFO ] 2024-04-23 23:17:34.946 [main] HiveMetaStoreClient - HMS client filtering is disabled.
[DEBUG] 2024-04-23 23:17:34.946 [main] PerfLogger - <PERFLOG method=init from=org.apache.hadoop.hive.metastore.RetryingHMSHandler>
[INFO ] 2024-04-23 23:17:34.946 [main] HMSHandler - Begin calculating metadata count metrics.
[INFO ] 2024-04-23 23:17:34.947 [main] HMSHandler - 0: Opening raw store with implementation class:org.apache.hadoop.hive.metastore.ObjectStore
[INFO ] 2024-04-23 23:17:34.947 [main] PersistenceManagerProvider - Configuration datanucleus.autoStartMechanismMode is not set. Defaulting to 'ignored'
[DEBUG] 2024-04-23 23:17:34.947 [main] PersistenceManagerProvider - Overriding datanucleus.schema.autoCreateAll value null from jpox.properties with true
[DEBUG] 2024-04-23 23:17:34.947 [main] PersistenceManagerProvider - Overriding javax.jdo.option.ConnectionDriverName value null from jpox.properties with org.apache.derby.jdbc.EmbeddedDriver
[DEBUG] 2024-04-23 23:17:34.947 [main] PersistenceManagerProvider - Overriding datanucleus.connectionPool.maxPoolSize value null from jpox.properties with 10
[DEBUG] 2024-04-23 23:17:34.947 [main] PersistenceManagerProvider - Overriding datanucleus.connectionPoolingType value null from jpox.properties with HikariCP
[DEBUG] 2024-04-23 23:17:34.947 [main] PersistenceManagerProvider - Overriding javax.jdo.option.ConnectionURL value null from jpox.properties with jdbc:derby:memory:/home/alex/Repositories/hive/standalone-metastore/metastore-server/target/tmp/junit_metastore_db;create=true
[DEBUG] 2024-04-23 23:17:34.947 [main] PersistenceManagerProvider - Overriding javax.jdo.option.ConnectionUserName value null from jpox.properties with APP
[DEBUG] 2024-04-23 23:17:34.947 [main] PersistenceManagerProvider - Overriding datanucleus.autoStartMechanismMode value null from jpox.properties with ignored
[DEBUG] 2024-04-23 23:17:34.947 [main] PersistenceManagerProvider - Overriding datanucleus.cache.level2 value null from jpox.properties with false
[DEBUG] 2024-04-23 23:17:34.947 [main] PersistenceManagerProvider - Overriding datanucleus.cache.level2.type value null from jpox.properties with none
[DEBUG] 2024-04-23 23:17:34.947 [main] PersistenceManagerProvider - Overriding datanucleus.rdbms.initializeColumnInfo value null from jpox.properties with NONE
[DEBUG] 2024-04-23 23:17:34.947 [main] PersistenceManagerProvider - Overriding datanucleus.plugin.pluginRegistryBundleCheck value null from jpox.properties with LOG
[DEBUG] 2024-04-23 23:17:34.947 [main] PersistenceManagerProvider - Overriding datanucleus.transactionIsolation value null from jpox.properties with read-committed
[DEBUG] 2024-04-23 23:17:34.947 [main] PersistenceManagerProvider - Overriding datanucleus.rdbms.useLegacyNativeValueStrategy value null from jpox.properties with true
[DEBUG] 2024-04-23 23:17:34.947 [main] PersistenceManagerProvider - Overriding javax.jdo.option.DetachAllOnCommit value null from jpox.properties with true
[DEBUG] 2024-04-23 23:17:34.947 [main] PersistenceManagerProvider - Overriding datanucleus.identifierFactory value null from jpox.properties with datanucleus1
[DEBUG] 2024-04-23 23:17:34.947 [main] PersistenceManagerProvider - Overriding javax.jdo.PersistenceManagerFactoryClass value null from jpox.properties with org.datanucleus.api.jdo.JDOPersistenceManagerFactory
[DEBUG] 2024-04-23 23:17:34.947 [main] PersistenceManagerProvider - Overriding javax.jdo.option.Multithreaded value null from jpox.properties with true
[DEBUG] 2024-04-23 23:17:34.947 [main] PersistenceManagerProvider - Overriding javax.jdo.option.NonTransactionalRead value null from jpox.properties with true
[DEBUG] 2024-04-23 23:17:34.948 [main] PersistenceManagerProvider - Overriding datanucleus.storeManagerType value null from jpox.properties with rdbms
[DEBUG] 2024-04-23 23:17:34.948 [main] PersistenceManagerProvider - Overriding datanucleus.schema.validateColumns value null from jpox.properties with false
[DEBUG] 2024-04-23 23:17:34.948 [main] PersistenceManagerProvider - Overriding datanucleus.schema.validateConstraints value null from jpox.properties with false
[DEBUG] 2024-04-23 23:17:34.948 [main] PersistenceManagerProvider - Overriding datanucleus.schema.validateTables value null from jpox.properties with false
[DEBUG] 2024-04-23 23:17:34.948 [main] PersistenceManagerProvider - datanucleus.schema.autoCreateAll = true
[DEBUG] 2024-04-23 23:17:34.948 [main] PersistenceManagerProvider - datanucleus.schema.validateTables = false
[DEBUG] 2024-04-23 23:17:34.948 [main] PersistenceManagerProvider - datanucleus.rdbms.useLegacyNativeValueStrategy = true
[DEBUG] 2024-04-23 23:17:34.948 [main] PersistenceManagerProvider - datanucleus.schema.validateColumns = false
[DEBUG] 2024-04-23 23:17:34.948 [main] PersistenceManagerProvider - datanucleus.connectionPool.maxPoolSize = 10
[DEBUG] 2024-04-23 23:17:34.948 [main] PersistenceManagerProvider - datanucleus.autoStartMechanismMode = ignored
[DEBUG] 2024-04-23 23:17:34.948 [main] PersistenceManagerProvider - datanucleus.rdbms.initializeColumnInfo = NONE
[DEBUG] 2024-04-23 23:17:34.948 [main] PersistenceManagerProvider - javax.jdo.option.Multithreaded = true
[DEBUG] 2024-04-23 23:17:34.948 [main] PersistenceManagerProvider - datanucleus.identifierFactory = datanucleus1
[DEBUG] 2024-04-23 23:17:34.948 [main] PersistenceManagerProvider - datanucleus.transactionIsolation = read-committed
[DEBUG] 2024-04-23 23:17:34.948 [main] PersistenceManagerProvider - javax.jdo.option.ConnectionURL = jdbc:derby:memory:/home/alex/Repositories/hive/standalone-metastore/metastore-server/target/tmp/junit_metastore_db;create=true
[DEBUG] 2024-04-23 23:17:34.948 [main] PersistenceManagerProvider - javax.jdo.option.DetachAllOnCommit = true
[DEBUG] 2024-04-23 23:17:34.948 [main] PersistenceManagerProvider - javax.jdo.option.NonTransactionalRead = true
[DEBUG] 2024-04-23 23:17:34.948 [main] PersistenceManagerProvider - datanucleus.schema.validateConstraints = false
[DEBUG] 2024-04-23 23:17:34.948 [main] PersistenceManagerProvider - javax.jdo.option.ConnectionDriverName = org.apache.derby.jdbc.EmbeddedDriver
[DEBUG] 2024-04-23 23:17:34.948 [main] PersistenceManagerProvider - javax.jdo.option.ConnectionUserName = APP
[DEBUG] 2024-04-23 23:17:34.948 [main] PersistenceManagerProvider - datanucleus.cache.level2 = false
[DEBUG] 2024-04-23 23:17:34.948 [main] PersistenceManagerProvider - datanucleus.plugin.pluginRegistryBundleCheck = LOG
[DEBUG] 2024-04-23 23:17:34.948 [main] PersistenceManagerProvider - datanucleus.cache.level2.type = none
[DEBUG] 2024-04-23 23:17:34.948 [main] PersistenceManagerProvider - javax.jdo.PersistenceManagerFactoryClass = org.datanucleus.api.jdo.JDOPersistenceManagerFactory
[DEBUG] 2024-04-23 23:17:34.948 [main] PersistenceManagerProvider - datanucleus.storeManagerType = rdbms
[DEBUG] 2024-04-23 23:17:34.948 [main] PersistenceManagerProvider - datanucleus.connectionPoolingType = HikariCP
[INFO ] 2024-04-23 23:17:34.948 [main] ObjectStore - RawStore: org.apache.hadoop.hive.metastore.ObjectStore@79cdf2d4, with PersistenceManager: null will be shutdown
[DEBUG] 2024-04-23 23:17:34.948 [main] ObjectStore - ObjectStore, initialize called
[INFO ] 2024-04-23 23:17:34.948 [main] ObjectStore - RawStore: org.apache.hadoop.hive.metastore.ObjectStore@79cdf2d4, with PersistenceManager: org.datanucleus.api.jdo.JDOPersistenceManager@18b40fe6 created in the thread with id: 1
[DEBUG] 2024-04-23 23:17:34.948 [main] PoolBase - HikariPool-1 - Reset (autoCommit) on connection org.apache.derby.impl.jdbc.EmbedConnection@1660837991 (XID = 166), (SESSIONID = 1), (DATABASE = memory:/home/alex/Repositories/hive/standalone-metastore/metastore-server/target/tmp/junit_metastore_db), (DRDAID = null) 
[DEBUG] 2024-04-23 23:17:34.948 [main] PoolBase - HikariPool-1 - Reset (autoCommit) on connection org.apache.derby.impl.jdbc.EmbedConnection@1660837991 (XID = 166), (SESSIONID = 1), (DATABASE = memory:/home/alex/Repositories/hive/standalone-metastore/metastore-server/target/tmp/junit_metastore_db), (DRDAID = null) 
[DEBUG] 2024-04-23 23:17:34.949 [main] PoolBase - HikariPool-1 - Reset (autoCommit) on connection org.apache.derby.impl.jdbc.EmbedConnection@1660837991 (XID = 166), (SESSIONID = 1), (DATABASE = memory:/home/alex/Repositories/hive/standalone-metastore/metastore-server/target/tmp/junit_metastore_db), (DRDAID = null) 
[DEBUG] 2024-04-23 23:17:34.951 [main] PoolBase - HikariPool-1 - Reset (autoCommit) on connection org.apache.derby.impl.jdbc.EmbedConnection@1660837991 (XID = 166), (SESSIONID = 1), (DATABASE = memory:/home/alex/Repositories/hive/standalone-metastore/metastore-server/target/tmp/junit_metastore_db), (DRDAID = null) 
[DEBUG] 2024-04-23 23:17:34.952 [main] PoolBase - HikariPool-1 - Reset (autoCommit) on connection org.apache.derby.impl.jdbc.EmbedConnection@1660837991 (XID = 166), (SESSIONID = 1), (DATABASE = memory:/home/alex/Repositories/hive/standalone-metastore/metastore-server/target/tmp/junit_metastore_db), (DRDAID = null) 
[DEBUG] 2024-04-23 23:17:34.952 [main] MetaStoreDirectSql - Using direct SQL, underlying DB is org.apache.hadoop.hive.metastore.DatabaseProduct@23a5818e
[DEBUG] 2024-04-23 23:17:34.952 [main] ObjectStore - Initialized ObjectStore
[INFO ] 2024-04-23 23:17:34.952 [main] HMSHandler - Created RawStore: org.apache.hadoop.hive.metastore.ObjectStore@79cdf2d4 from thread id: 1
[DEBUG] 2024-04-23 23:17:34.952 [main] ObjectStore - Open transaction: count = 1, isActive = true
[DEBUG] 2024-04-23 23:17:34.953 [main] ObjectStore - Commit transaction: count = 0, isactive true
[DEBUG] 2024-04-23 23:17:34.953 [main] PoolBase - HikariPool-1 - Reset (autoCommit) on connection org.apache.derby.impl.jdbc.EmbedConnection@1660837991 (XID = 166), (SESSIONID = 1), (DATABASE = memory:/home/alex/Repositories/hive/standalone-metastore/metastore-server/target/tmp/junit_metastore_db), (DRDAID = null) 
[DEBUG] 2024-04-23 23:17:34.953 [main] ObjectStore - Open transaction: count = 1, isActive = true
[DEBUG] 2024-04-23 23:17:34.954 [main] ObjectStore - Commit transaction: count = 0, isactive true
[DEBUG] 2024-04-23 23:17:34.954 [main] PoolBase - HikariPool-1 - Reset (autoCommit) on connection org.apache.derby.impl.jdbc.EmbedConnection@1660837991 (XID = 166), (SESSIONID = 1), (DATABASE = memory:/home/alex/Repositories/hive/standalone-metastore/metastore-server/target/tmp/junit_metastore_db), (DRDAID = null) 
[DEBUG] 2024-04-23 23:17:34.954 [main] ObjectStore - Open transaction: count = 1, isActive = true
[DEBUG] 2024-04-23 23:17:34.955 [main] ObjectStore - Commit transaction: count = 0, isactive true
[DEBUG] 2024-04-23 23:17:34.955 [main] PoolBase - HikariPool-1 - Reset (autoCommit) on connection org.apache.derby.impl.jdbc.EmbedConnection@1660837991 (XID = 166), (SESSIONID = 1), (DATABASE = memory:/home/alex/Repositories/hive/standalone-metastore/metastore-server/target/tmp/junit_metastore_db), (DRDAID = null) 
[INFO ] 2024-04-23 23:17:34.956 [main] HMSHandler - HMS server filtering is disabled by configuration
[DEBUG] 2024-04-23 23:17:34.956 [main] PerfLogger - </PERFLOG method=init start=1713910654946 end=1713910654956 duration=10 from=org.apache.hadoop.hive.metastore.RetryingHMSHandler threadId=0 retryCount=0 error=false>
[DEBUG] 2024-04-23 23:17:34.956 [main] PerfLogger - <PERFLOG method=get_database_req from=org.apache.hadoop.hive.metastore.RetryingHMSHandler>
[DEBUG] 2024-04-23 23:17:34.957 [main] HMSHandler - 0: get_database: db_testHMSClientWithoutFilter_1
[INFO ] 2024-04-23 23:17:34.957 [main] audit - ugi=alex	ip=unknown-ip-addr	cmd=get_database: db_testHMSClientWithoutFilter_1	
[DEBUG] 2024-04-23 23:17:34.957 [main] ObjectStore - Open transaction: count = 1, isActive = true
[DEBUG] 2024-04-23 23:17:34.958 [main] ObjectStore - Using direct SQL optimization.
[DEBUG] 2024-04-23 23:17:34.958 [main] ObjectStore - Commit transaction: count = 0, isactive true
[DEBUG] 2024-04-23 23:17:34.958 [main] PoolBase - HikariPool-1 - Reset (autoCommit) on connection org.apache.derby.impl.jdbc.EmbedConnection@1660837991 (XID = 166), (SESSIONID = 1), (DATABASE = memory:/home/alex/Repositories/hive/standalone-metastore/metastore-server/target/tmp/junit_metastore_db), (DRDAID = null) 
[DEBUG] 2024-04-23 23:17:34.958 [main] ObjectStore - db details for db db_testhmsclientwithoutfilter_1 retrieved using SQL in 0.964744ms
[DEBUG] 2024-04-23 23:17:34.958 [main] ObjectStore - Failed to get database hive.db_testHMSClientWithoutFilter_1, returning NoSuchObjectException
[DEBUG] 2024-04-23 23:17:34.958 [main] HMSHandler - get_databasetime taken(ns): 1292107
[DEBUG] 2024-04-23 23:17:34.958 [main] PerfLogger - </PERFLOG method=get_database_req start=1713910654956 end=1713910654958 duration=2 from=org.apache.hadoop.hive.metastore.RetryingHMSHandler threadId=0 retryCount=-1 error=true>
[DEBUG] 2024-04-23 23:17:34.958 [main] HiveMetaStoreClient - class=org.apache.hadoop.hive.metastore.HiveMetaStoreClient, method=getDatabase, duration=2, comments=HMS client
[DEBUG] 2024-04-23 23:17:34.959 [main] PerfLogger - <PERFLOG method=get_database_req from=org.apache.hadoop.hive.metastore.RetryingHMSHandler>
[DEBUG] 2024-04-23 23:17:34.959 [main] HMSHandler - 0: get_database: db_testHMSClientWithoutFilter_2
[INFO ] 2024-04-23 23:17:34.959 [main] audit - ugi=alex	ip=unknown-ip-addr	cmd=get_database: db_testHMSClientWithoutFilter_2	
[DEBUG] 2024-04-23 23:17:34.959 [main] ObjectStore - Open transaction: count = 1, isActive = true
[DEBUG] 2024-04-23 23:17:34.960 [main] ObjectStore - Using direct SQL optimization.
[DEBUG] 2024-04-23 23:17:34.960 [main] ObjectStore - Commit transaction: count = 0, isactive true
[DEBUG] 2024-04-23 23:17:34.960 [main] PoolBase - HikariPool-1 - Reset (autoCommit) on connection org.apache.derby.impl.jdbc.EmbedConnection@1660837991 (XID = 166), (SESSIONID = 1), (DATABASE = memory:/home/alex/Repositories/hive/standalone-metastore/metastore-server/target/tmp/junit_metastore_db), (DRDAID = null) 
[DEBUG] 2024-04-23 23:17:34.960 [main] ObjectStore - db details for db db_testhmsclientwithoutfilter_2 retrieved using SQL in 0.977684ms
[DEBUG] 2024-04-23 23:17:34.960 [main] ObjectStore - Failed to get database hive.db_testHMSClientWithoutFilter_2, returning NoSuchObjectException
[DEBUG] 2024-04-23 23:17:34.960 [main] HMSHandler - get_databasetime taken(ns): 1277097
[DEBUG] 2024-04-23 23:17:34.961 [main] PerfLogger - </PERFLOG method=get_database_req start=1713910654959 end=1713910654961 duration=2 from=org.apache.hadoop.hive.metastore.RetryingHMSHandler threadId=0 retryCount=-1 error=true>
[DEBUG] 2024-04-23 23:17:34.961 [main] HiveMetaStoreClient - class=org.apache.hadoop.hive.metastore.HiveMetaStoreClient, method=getDatabase, duration=2, comments=HMS client
[DEBUG] 2024-04-23 23:17:34.961 [main] PerfLogger - <PERFLOG method=create_database from=org.apache.hadoop.hive.metastore.RetryingHMSHandler>
[DEBUG] 2024-04-23 23:17:34.961 [main] HMSHandler - 0: create_database: Database(name:db_testHMSClientWithoutFilter_1, description:null, locationUri:null, parameters:{}, ownerName:alex, ownerType:USER, catalogName:hive, createTime:0, type:NATIVE)
[INFO ] 2024-04-23 23:17:34.961 [main] audit - ugi=alex	ip=unknown-ip-addr	cmd=create_database: Database(name:db_testHMSClientWithoutFilter_1, description:null, locationUri:null, parameters:{}, ownerName:alex, ownerType:USER, catalogName:hive, createTime:0, type:NATIVE)	
[DEBUG] 2024-04-23 23:17:34.961 [main] ObjectStore - Open transaction: count = 1, isActive = true
[DEBUG] 2024-04-23 23:17:34.962 [main] ObjectStore - Using direct SQL optimization.
[DEBUG] 2024-04-23 23:17:34.962 [main] ObjectStore - Commit transaction: count = 0, isactive true
[DEBUG] 2024-04-23 23:17:34.962 [main] PoolBase - HikariPool-1 - Reset (autoCommit) on connection org.apache.derby.impl.jdbc.EmbedConnection@1660837991 (XID = 166), (SESSIONID = 1), (DATABASE = memory:/home/alex/Repositories/hive/standalone-metastore/metastore-server/target/tmp/junit_metastore_db), (DRDAID = null) 
[DEBUG] 2024-04-23 23:17:34.962 [main] ObjectStore - db details for db db_testhmsclientwithoutfilter_1 retrieved using SQL in 0.854395ms
[DEBUG] 2024-04-23 23:17:34.962 [main] ObjectStore - Failed to get database hive.db_testHMSClientWithoutFilter_1, returning NoSuchObjectException
[DEBUG] 2024-04-23 23:17:34.962 [main] ObjectStore - Fetching catalog hive
[DEBUG] 2024-04-23 23:17:34.962 [main] ObjectStore - Open transaction: count = 1, isActive = true
[DEBUG] 2024-04-23 23:17:34.963 [main] ObjectStore - Commit transaction: count = 0, isactive true
[DEBUG] 2024-04-23 23:17:34.963 [main] PoolBase - HikariPool-1 - Reset (autoCommit) on connection org.apache.derby.impl.jdbc.EmbedConnection@1660837991 (XID = 166), (SESSIONID = 1), (DATABASE = memory:/home/alex/Repositories/hive/standalone-metastore/metastore-server/target/tmp/junit_metastore_db), (DRDAID = null) 
[DEBUG] 2024-04-23 23:17:34.964 [main] UserGroupInformation - PrivilegedAction as:alex (auth:SIMPLE) from:org.apache.hadoop.hive.metastore.HMSHandler.create_database_core(HMSHandler.java:1375)
[WARN ] 2024-04-23 23:17:34.965 [main] HMSHandler - Failed to create external path file:/home/alex/Repositories/hive/standalone-metastore/metastore-server/target/external/db_testhmsclientwithoutfilter_1.db for database db_testHMSClientWithoutFilter_1. This may result in access not being allowed if the StorageBasedAuthorizationProvider is enabled
[DEBUG] 2024-04-23 23:17:34.965 [main] ObjectStore - Open transaction: count = 1, isActive = true
[DEBUG] 2024-04-23 23:17:34.965 [main] ObjectStore - Open transaction: count = 2, isActive = true
[DEBUG] 2024-04-23 23:17:34.965 [main] ObjectStore - Commit transaction: count = 1, isactive true
[DEBUG] 2024-04-23 23:17:34.965 [main] ObjectStore - Commit transaction: count = 0, isactive true
[DEBUG] 2024-04-23 23:17:34.966 [main] PoolBase - HikariPool-1 - Reset (autoCommit) on connection org.apache.derby.impl.jdbc.EmbedConnection@1660837991 (XID = 166), (SESSIONID = 1), (DATABASE = memory:/home/alex/Repositories/hive/standalone-metastore/metastore-server/target/tmp/junit_metastore_db), (DRDAID = null) 
[DEBUG] 2024-04-23 23:17:34.966 [main] HMSHandler - create_databasetime taken(ns): 5080907
[DEBUG] 2024-04-23 23:17:34.967 [main] PerfLogger - </PERFLOG method=create_database start=1713910654961 end=1713910654967 duration=6 from=org.apache.hadoop.hive.metastore.RetryingHMSHandler threadId=0 retryCount=0 error=false>
[DEBUG] 2024-04-23 23:17:34.967 [main] PerfLogger - <PERFLOG method=create_database from=org.apache.hadoop.hive.metastore.RetryingHMSHandler>
[DEBUG] 2024-04-23 23:17:34.967 [main] HMSHandler - 0: create_database: Database(name:db_testHMSClientWithoutFilter_2, description:null, locationUri:null, parameters:{}, ownerName:alex, ownerType:USER, catalogName:hive, createTime:0, type:NATIVE)
[INFO ] 2024-04-23 23:17:34.967 [main] audit - ugi=alex	ip=unknown-ip-addr	cmd=create_database: Database(name:db_testHMSClientWithoutFilter_2, description:null, locationUri:null, parameters:{}, ownerName:alex, ownerType:USER, catalogName:hive, createTime:0, type:NATIVE)	
[DEBUG] 2024-04-23 23:17:34.967 [main] ObjectStore - Open transaction: count = 1, isActive = true
[DEBUG] 2024-04-23 23:17:34.968 [main] ObjectStore - Using direct SQL optimization.
[DEBUG] 2024-04-23 23:17:34.968 [main] ObjectStore - Commit transaction: count = 0, isactive true
[DEBUG] 2024-04-23 23:17:34.968 [main] PoolBase - HikariPool-1 - Reset (autoCommit) on connection org.apache.derby.impl.jdbc.EmbedConnection@1660837991 (XID = 166), (SESSIONID = 1), (DATABASE = memory:/home/alex/Repositories/hive/standalone-metastore/metastore-server/target/tmp/junit_metastore_db), (DRDAID = null) 
[DEBUG] 2024-04-23 23:17:34.969 [main] ObjectStore - db details for db db_testhmsclientwithoutfilter_2 retrieved using SQL in 1.285539ms
[DEBUG] 2024-04-23 23:17:34.969 [main] ObjectStore - Failed to get database hive.db_testHMSClientWithoutFilter_2, returning NoSuchObjectException
[DEBUG] 2024-04-23 23:17:34.969 [main] ObjectStore - Fetching catalog hive
[DEBUG] 2024-04-23 23:17:34.969 [main] ObjectStore - Open transaction: count = 1, isActive = true
[DEBUG] 2024-04-23 23:17:34.970 [main] ObjectStore - Commit transaction: count = 0, isactive true
[DEBUG] 2024-04-23 23:17:34.970 [main] PoolBase - HikariPool-1 - Reset (autoCommit) on connection org.apache.derby.impl.jdbc.EmbedConnection@1660837991 (XID = 166), (SESSIONID = 1), (DATABASE = memory:/home/alex/Repositories/hive/standalone-metastore/metastore-server/target/tmp/junit_metastore_db), (DRDAID = null) 
[DEBUG] 2024-04-23 23:17:34.971 [main] UserGroupInformation - PrivilegedAction as:alex (auth:SIMPLE) from:org.apache.hadoop.hive.metastore.HMSHandler.create_database_core(HMSHandler.java:1375)
[WARN ] 2024-04-23 23:17:34.972 [main] HMSHandler - Failed to create external path file:/home/alex/Repositories/hive/standalone-metastore/metastore-server/target/external/db_testhmsclientwithoutfilter_2.db for database db_testHMSClientWithoutFilter_2. This may result in access not being allowed if the StorageBasedAuthorizationProvider is enabled
[DEBUG] 2024-04-23 23:17:34.972 [main] ObjectStore - Open transaction: count = 1, isActive = true
[DEBUG] 2024-04-23 23:17:34.972 [main] ObjectStore - Open transaction: count = 2, isActive = true
[DEBUG] 2024-04-23 23:17:34.973 [main] ObjectStore - Commit transaction: count = 1, isactive true
[DEBUG] 2024-04-23 23:17:34.973 [main] ObjectStore - Commit transaction: count = 0, isactive true
[DEBUG] 2024-04-23 23:17:34.974 [main] PoolBase - HikariPool-1 - Reset (autoCommit) on connection org.apache.derby.impl.jdbc.EmbedConnection@1660837991 (XID = 166), (SESSIONID = 1), (DATABASE = memory:/home/alex/Repositories/hive/standalone-metastore/metastore-server/target/tmp/junit_metastore_db), (DRDAID = null) 
[DEBUG] 2024-04-23 23:17:34.974 [main] HMSHandler - create_databasetime taken(ns): 6603330
[DEBUG] 2024-04-23 23:17:34.974 [main] PerfLogger - </PERFLOG method=create_database start=1713910654967 end=1713910654974 duration=7 from=org.apache.hadoop.hive.metastore.RetryingHMSHandler threadId=0 retryCount=0 error=false>
[DEBUG] 2024-04-23 23:17:34.974 [main] PerfLogger - <PERFLOG method=create_table_req from=org.apache.hadoop.hive.metastore.RetryingHMSHandler>
[DEBUG] 2024-04-23 23:17:34.975 [main] HMSHandler - 0: create_table_req: Table(tableName:tab1, dbName:db_testHMSClientWithoutFilter_1, owner:alex, createTime:1713910654, lastAccessTime:1713910654, retention:0, sd:StorageDescriptor(cols:[FieldSchema(name:id, type:int, comment:), FieldSchema(name:name, type:string, comment:)], location:null, inputFormat:org.apache.hadoop.hive.ql.io.HiveInputFormat, outputFormat:org.apache.hadoop.hive.ql.io.HiveOutputFormat, compressed:false, numBuckets:0, serdeInfo:SerDeInfo(name:null, serializationLib:org.apache.hadoop.hive.serde2.lazy.LazySimpleSerDe, parameters:{}), bucketCols:[], sortCols:[], parameters:{}, skewedInfo:SkewedInfo(skewedColNames:[], skewedColValues:[], skewedColValueLocationMaps:{}), storedAsSubDirectories:false), partitionKeys:[], parameters:{}, viewOriginalText:null, viewExpandedText:null, tableType:MANAGED_TABLE, catName:hive, ownerType:USER)
[INFO ] 2024-04-23 23:17:34.975 [main] audit - ugi=alex	ip=unknown-ip-addr	cmd=create_table_req: Table(tableName:tab1, dbName:db_testHMSClientWithoutFilter_1, owner:alex, createTime:1713910654, lastAccessTime:1713910654, retention:0, sd:StorageDescriptor(cols:[FieldSchema(name:id, type:int, comment:), FieldSchema(name:name, type:string, comment:)], location:null, inputFormat:org.apache.hadoop.hive.ql.io.HiveInputFormat, outputFormat:org.apache.hadoop.hive.ql.io.HiveOutputFormat, compressed:false, numBuckets:0, serdeInfo:SerDeInfo(name:null, serializationLib:org.apache.hadoop.hive.serde2.lazy.LazySimpleSerDe, parameters:{}), bucketCols:[], sortCols:[], parameters:{}, skewedInfo:SkewedInfo(skewedColNames:[], skewedColValues:[], skewedColValueLocationMaps:{}), storedAsSubDirectories:false), partitionKeys:[], parameters:{}, viewOriginalText:null, viewExpandedText:null, tableType:MANAGED_TABLE, catName:hive, ownerType:USER)	
[DEBUG] 2024-04-23 23:17:34.975 [main] ObjectStore - Open transaction: count = 1, isActive = true
[DEBUG] 2024-04-23 23:17:34.976 [main] MetaStoreDirectSql - getDatabase: directsql returning db db_testhmsclientwithoutfilter_1 locn[file:/home/alex/Repositories/hive/standalone-metastore/metastore-server/target/external/db_testhmsclientwithoutfilter_1.db] desc [null] owner [alex] ownertype [USER]
[DEBUG] 2024-04-23 23:17:34.977 [main] ObjectStore - Using direct SQL optimization.
[DEBUG] 2024-04-23 23:17:34.977 [main] ObjectStore - Commit transaction: count = 0, isactive true
[DEBUG] 2024-04-23 23:17:34.977 [main] PoolBase - HikariPool-1 - Reset (autoCommit) on connection org.apache.derby.impl.jdbc.EmbedConnection@1660837991 (XID = 166), (SESSIONID = 1), (DATABASE = memory:/home/alex/Repositories/hive/standalone-metastore/metastore-server/target/tmp/junit_metastore_db), (DRDAID = null) 
[DEBUG] 2024-04-23 23:17:34.977 [main] ObjectStore - db details for db db_testhmsclientwithoutfilter_1 retrieved using SQL in 1.661385ms
[DEBUG] 2024-04-23 23:17:34.977 [main] ObjectStore - Open transaction: count = 1, isActive = true
[DEBUG] 2024-04-23 23:17:34.977 [main] ObjectStore - Open transaction: count = 2, isActive = true
[DEBUG] 2024-04-23 23:17:34.977 [main] ObjectStore - Executing getMTable for hive.db_testhmsclientwithoutfilter_1.tab1
[DEBUG] 2024-04-23 23:17:34.978 [main] ObjectStore - Commit transaction: count = 1, isactive true
[DEBUG] 2024-04-23 23:17:34.978 [main] ObjectStore - Commit transaction: count = 0, isactive true
[DEBUG] 2024-04-23 23:17:34.979 [main] PoolBase - HikariPool-1 - Reset (autoCommit) on connection org.apache.derby.impl.jdbc.EmbedConnection@1660837991 (XID = 166), (SESSIONID = 1), (DATABASE = memory:/home/alex/Repositories/hive/standalone-metastore/metastore-server/target/tmp/junit_metastore_db), (DRDAID = null) 
[INFO ] 2024-04-23 23:17:34.979 [main] MetastoreDefaultTransformer - Starting translation for CreateTable for processor null with null on table tab1
[DEBUG] 2024-04-23 23:17:34.979 [main] ObjectStore - Open transaction: count = 1, isActive = true
[DEBUG] 2024-04-23 23:17:34.980 [main] MetaStoreDirectSql - getDatabase: directsql returning db db_testhmsclientwithoutfilter_1 locn[file:/home/alex/Repositories/hive/standalone-metastore/metastore-server/target/external/db_testhmsclientwithoutfilter_1.db] desc [null] owner [alex] ownertype [USER]
[DEBUG] 2024-04-23 23:17:34.980 [main] ObjectStore - Using direct SQL optimization.
[DEBUG] 2024-04-23 23:17:34.980 [main] ObjectStore - Commit transaction: count = 0, isactive true
[DEBUG] 2024-04-23 23:17:34.981 [main] PoolBase - HikariPool-1 - Reset (autoCommit) on connection org.apache.derby.impl.jdbc.EmbedConnection@1660837991 (XID = 166), (SESSIONID = 1), (DATABASE = memory:/home/alex/Repositories/hive/standalone-metastore/metastore-server/target/tmp/junit_metastore_db), (DRDAID = null) 
[DEBUG] 2024-04-23 23:17:34.981 [main] ObjectStore - db details for db db_testhmsclientwithoutfilter_1 retrieved using SQL in 1.853313ms
[DEBUG] 2024-04-23 23:17:34.981 [main] MetastoreDefaultTransformer - Table is a MANAGED_TABLE
[INFO ] 2024-04-23 23:17:34.981 [main] MetastoreDefaultTransformer - Converting tab1 to EXTERNAL tableType for null
[INFO ] 2024-04-23 23:17:34.981 [main] MetastoreDefaultTransformer - Modified table params are:{TRANSLATED_TO_EXTERNAL=TRUE, EXTERNAL=TRUE, external.table.purge=TRUE}
[INFO ] 2024-04-23 23:17:34.981 [main] MetastoreDefaultTransformer - Using location file:/home/alex/Repositories/hive/standalone-metastore/metastore-server/target/external/db_testhmsclientwithoutfilter_1.db/tab1 for table tab1
[INFO ] 2024-04-23 23:17:34.981 [main] MetastoreDefaultTransformer - Transformer returning table:Table(tableName:tab1, dbName:db_testHMSClientWithoutFilter_1, owner:alex, createTime:1713910654, lastAccessTime:1713910654, retention:0, sd:StorageDescriptor(cols:[FieldSchema(name:id, type:int, comment:), FieldSchema(name:name, type:string, comment:)], location:file:/home/alex/Repositories/hive/standalone-metastore/metastore-server/target/external/db_testhmsclientwithoutfilter_1.db/tab1, inputFormat:org.apache.hadoop.hive.ql.io.HiveInputFormat, outputFormat:org.apache.hadoop.hive.ql.io.HiveOutputFormat, compressed:false, numBuckets:0, serdeInfo:SerDeInfo(name:null, serializationLib:org.apache.hadoop.hive.serde2.lazy.LazySimpleSerDe, parameters:{}), bucketCols:[], sortCols:[], parameters:{}, skewedInfo:SkewedInfo(skewedColNames:[], skewedColValues:[], skewedColValueLocationMaps:{}), storedAsSubDirectories:false), partitionKeys:[], parameters:{EXTERNAL=TRUE, external.table.purge=TRUE, TRANSLATED_TO_EXTERNAL=TRUE}, viewOriginalText:null, viewExpandedText:null, tableType:EXTERNAL_TABLE, catName:hive, ownerType:USER)
[DEBUG] 2024-04-23 23:17:34.981 [main] ObjectStore - Open transaction: count = 1, isActive = true
[DEBUG] 2024-04-23 23:17:34.981 [main] ObjectStore - Open transaction: count = 2, isActive = true
[DEBUG] 2024-04-23 23:17:34.982 [main] MetaStoreDirectSql - getDatabase: directsql returning db db_testhmsclientwithoutfilter_1 locn[file:/home/alex/Repositories/hive/standalone-metastore/metastore-server/target/external/db_testhmsclientwithoutfilter_1.db] desc [null] owner [alex] ownertype [USER]
[DEBUG] 2024-04-23 23:17:34.983 [main] ObjectStore - Using direct SQL optimization.
[DEBUG] 2024-04-23 23:17:34.983 [main] ObjectStore - Commit transaction: count = 1, isactive true
[DEBUG] 2024-04-23 23:17:34.983 [main] ObjectStore - db details for db db_testhmsclientwithoutfilter_1 retrieved using SQL in 1.339456ms
[DEBUG] 2024-04-23 23:17:34.983 [main] ObjectStore - Open transaction: count = 2, isActive = true
[DEBUG] 2024-04-23 23:17:34.983 [main] ObjectStore - Open transaction: count = 3, isActive = true
[DEBUG] 2024-04-23 23:17:34.983 [main] ObjectStore - Executing getMTable for hive.db_testhmsclientwithoutfilter_1.tab1
[DEBUG] 2024-04-23 23:17:34.984 [main] ObjectStore - Commit transaction: count = 2, isactive true
[DEBUG] 2024-04-23 23:17:34.984 [main] ObjectStore - Commit transaction: count = 1, isactive true
[INFO ] 2024-04-23 23:17:34.985 [main] MetaStoreServerUtils - Updating table stats for tab1
[INFO ] 2024-04-23 23:17:34.985 [main] MetaStoreServerUtils - Updated size of table tab1 to 0
[DEBUG] 2024-04-23 23:17:34.985 [main] ObjectStore - Open transaction: count = 2, isActive = true
[DEBUG] 2024-04-23 23:17:34.985 [main] ObjectStore - Open transaction: count = 3, isActive = true
[DEBUG] 2024-04-23 23:17:34.986 [main] ObjectStore - Commit transaction: count = 2, isactive true
[DEBUG] 2024-04-23 23:17:34.994 [main] ObjectStore - Commit transaction: count = 1, isactive true
[DEBUG] 2024-04-23 23:17:34.994 [main] ObjectStore - Commit transaction: count = 0, isactive true
[DEBUG] 2024-04-23 23:17:34.997 [main] PoolBase - HikariPool-1 - Reset (autoCommit) on connection org.apache.derby.impl.jdbc.EmbedConnection@1660837991 (XID = 166), (SESSIONID = 1), (DATABASE = memory:/home/alex/Repositories/hive/standalone-metastore/metastore-server/target/tmp/junit_metastore_db), (DRDAID = null) 
[DEBUG] 2024-04-23 23:17:34.999 [main] HMSHandler - create_table_reqtime taken(ns): 23708453
[DEBUG] 2024-04-23 23:17:34.999 [main] PerfLogger - </PERFLOG method=create_table_req start=1713910654974 end=1713910654999 duration=25 from=org.apache.hadoop.hive.metastore.RetryingHMSHandler threadId=0 retryCount=0 error=false>
[DEBUG] 2024-04-23 23:17:34.999 [main] PerfLogger - <PERFLOG method=create_table_req from=org.apache.hadoop.hive.metastore.RetryingHMSHandler>
[DEBUG] 2024-04-23 23:17:34.999 [main] HMSHandler - 0: create_table_req: Table(tableName:tab2, dbName:db_testHMSClientWithoutFilter_1, owner:alex, createTime:1713910654, lastAccessTime:1713910654, retention:0, sd:StorageDescriptor(cols:[FieldSchema(name:id, type:int, comment:)], location:null, inputFormat:org.apache.hadoop.hive.ql.io.HiveInputFormat, outputFormat:org.apache.hadoop.hive.ql.io.HiveOutputFormat, compressed:false, numBuckets:0, serdeInfo:SerDeInfo(name:null, serializationLib:org.apache.hadoop.hive.serde2.lazy.LazySimpleSerDe, parameters:{}), bucketCols:[], sortCols:[], parameters:{}, skewedInfo:SkewedInfo(skewedColNames:[], skewedColValues:[], skewedColValueLocationMaps:{}), storedAsSubDirectories:false), partitionKeys:[FieldSchema(name:name, type:string, comment:)], parameters:{}, viewOriginalText:null, viewExpandedText:null, tableType:MANAGED_TABLE, catName:hive, ownerType:USER)
[INFO ] 2024-04-23 23:17:34.999 [main] audit - ugi=alex	ip=unknown-ip-addr	cmd=create_table_req: Table(tableName:tab2, dbName:db_testHMSClientWithoutFilter_1, owner:alex, createTime:1713910654, lastAccessTime:1713910654, retention:0, sd:StorageDescriptor(cols:[FieldSchema(name:id, type:int, comment:)], location:null, inputFormat:org.apache.hadoop.hive.ql.io.HiveInputFormat, outputFormat:org.apache.hadoop.hive.ql.io.HiveOutputFormat, compressed:false, numBuckets:0, serdeInfo:SerDeInfo(name:null, serializationLib:org.apache.hadoop.hive.serde2.lazy.LazySimpleSerDe, parameters:{}), bucketCols:[], sortCols:[], parameters:{}, skewedInfo:SkewedInfo(skewedColNames:[], skewedColValues:[], skewedColValueLocationMaps:{}), storedAsSubDirectories:false), partitionKeys:[FieldSchema(name:name, type:string, comment:)], parameters:{}, viewOriginalText:null, viewExpandedText:null, tableType:MANAGED_TABLE, catName:hive, ownerType:USER)	
[DEBUG] 2024-04-23 23:17:35.000 [main] ObjectStore - Open transaction: count = 1, isActive = true
[DEBUG] 2024-04-23 23:17:35.001 [main] MetaStoreDirectSql - getDatabase: directsql returning db db_testhmsclientwithoutfilter_1 locn[file:/home/alex/Repositories/hive/standalone-metastore/metastore-server/target/external/db_testhmsclientwithoutfilter_1.db] desc [null] owner [alex] ownertype [USER]
[DEBUG] 2024-04-23 23:17:35.002 [main] ObjectStore - Using direct SQL optimization.
[DEBUG] 2024-04-23 23:17:35.002 [main] ObjectStore - Commit transaction: count = 0, isactive true
[DEBUG] 2024-04-23 23:17:35.002 [main] PoolBase - HikariPool-1 - Reset (autoCommit) on connection org.apache.derby.impl.jdbc.EmbedConnection@1660837991 (XID = 166), (SESSIONID = 1), (DATABASE = memory:/home/alex/Repositories/hive/standalone-metastore/metastore-server/target/tmp/junit_metastore_db), (DRDAID = null) 
[DEBUG] 2024-04-23 23:17:35.002 [main] ObjectStore - db details for db db_testhmsclientwithoutfilter_1 retrieved using SQL in 2.140541ms
[DEBUG] 2024-04-23 23:17:35.002 [main] ObjectStore - Open transaction: count = 1, isActive = true
[DEBUG] 2024-04-23 23:17:35.002 [main] ObjectStore - Open transaction: count = 2, isActive = true
[DEBUG] 2024-04-23 23:17:35.002 [main] ObjectStore - Executing getMTable for hive.db_testhmsclientwithoutfilter_1.tab2
[DEBUG] 2024-04-23 23:17:35.003 [main] ObjectStore - Commit transaction: count = 1, isactive true
[DEBUG] 2024-04-23 23:17:35.003 [main] ObjectStore - Commit transaction: count = 0, isactive true
[DEBUG] 2024-04-23 23:17:35.004 [main] PoolBase - HikariPool-1 - Reset (autoCommit) on connection org.apache.derby.impl.jdbc.EmbedConnection@1660837991 (XID = 166), (SESSIONID = 1), (DATABASE = memory:/home/alex/Repositories/hive/standalone-metastore/metastore-server/target/tmp/junit_metastore_db), (DRDAID = null) 
[INFO ] 2024-04-23 23:17:35.004 [main] MetastoreDefaultTransformer - Starting translation for CreateTable for processor null with null on table tab2
[DEBUG] 2024-04-23 23:17:35.004 [main] ObjectStore - Open transaction: count = 1, isActive = true
[DEBUG] 2024-04-23 23:17:35.005 [main] MetaStoreDirectSql - getDatabase: directsql returning db db_testhmsclientwithoutfilter_1 locn[file:/home/alex/Repositories/hive/standalone-metastore/metastore-server/target/external/db_testhmsclientwithoutfilter_1.db] desc [null] owner [alex] ownertype [USER]
[DEBUG] 2024-04-23 23:17:35.005 [main] ObjectStore - Using direct SQL optimization.
[DEBUG] 2024-04-23 23:17:35.005 [main] ObjectStore - Commit transaction: count = 0, isactive true
[DEBUG] 2024-04-23 23:17:35.005 [main] PoolBase - HikariPool-1 - Reset (autoCommit) on connection org.apache.derby.impl.jdbc.EmbedConnection@1660837991 (XID = 166), (SESSIONID = 1), (DATABASE = memory:/home/alex/Repositories/hive/standalone-metastore/metastore-server/target/tmp/junit_metastore_db), (DRDAID = null) 
[DEBUG] 2024-04-23 23:17:35.005 [main] ObjectStore - db details for db db_testhmsclientwithoutfilter_1 retrieved using SQL in 1.682452ms
[DEBUG] 2024-04-23 23:17:35.006 [main] MetastoreDefaultTransformer - Table is a MANAGED_TABLE
[INFO ] 2024-04-23 23:17:35.006 [main] MetastoreDefaultTransformer - Converting tab2 to EXTERNAL tableType for null
[INFO ] 2024-04-23 23:17:35.006 [main] MetastoreDefaultTransformer - Modified table params are:{external.table.purge=TRUE, EXTERNAL=TRUE, TRANSLATED_TO_EXTERNAL=TRUE}
[INFO ] 2024-04-23 23:17:35.006 [main] MetastoreDefaultTransformer - Using location file:/home/alex/Repositories/hive/standalone-metastore/metastore-server/target/external/db_testhmsclientwithoutfilter_1.db/tab2 for table tab2
[INFO ] 2024-04-23 23:17:35.006 [main] MetastoreDefaultTransformer - Transformer returning table:Table(tableName:tab2, dbName:db_testHMSClientWithoutFilter_1, owner:alex, createTime:1713910654, lastAccessTime:1713910654, retention:0, sd:StorageDescriptor(cols:[FieldSchema(name:id, type:int, comment:)], location:file:/home/alex/Repositories/hive/standalone-metastore/metastore-server/target/external/db_testhmsclientwithoutfilter_1.db/tab2, inputFormat:org.apache.hadoop.hive.ql.io.HiveInputFormat, outputFormat:org.apache.hadoop.hive.ql.io.HiveOutputFormat, compressed:false, numBuckets:0, serdeInfo:SerDeInfo(name:null, serializationLib:org.apache.hadoop.hive.serde2.lazy.LazySimpleSerDe, parameters:{}), bucketCols:[], sortCols:[], parameters:{}, skewedInfo:SkewedInfo(skewedColNames:[], skewedColValues:[], skewedColValueLocationMaps:{}), storedAsSubDirectories:false), partitionKeys:[FieldSchema(name:name, type:string, comment:)], parameters:{TRANSLATED_TO_EXTERNAL=TRUE, external.table.purge=TRUE, EXTERNAL=TRUE}, viewOriginalText:null, viewExpandedText:null, tableType:EXTERNAL_TABLE, catName:hive, ownerType:USER)
[DEBUG] 2024-04-23 23:17:35.006 [main] ObjectStore - Open transaction: count = 1, isActive = true
[DEBUG] 2024-04-23 23:17:35.006 [main] ObjectStore - Open transaction: count = 2, isActive = true
[DEBUG] 2024-04-23 23:17:35.008 [main] MetaStoreDirectSql - getDatabase: directsql returning db db_testhmsclientwithoutfilter_1 locn[file:/home/alex/Repositories/hive/standalone-metastore/metastore-server/target/external/db_testhmsclientwithoutfilter_1.db] desc [null] owner [alex] ownertype [USER]
[DEBUG] 2024-04-23 23:17:35.009 [main] ObjectStore - Using direct SQL optimization.
[DEBUG] 2024-04-23 23:17:35.009 [main] ObjectStore - Commit transaction: count = 1, isactive true
[DEBUG] 2024-04-23 23:17:35.009 [main] ObjectStore - db details for db db_testhmsclientwithoutfilter_1 retrieved using SQL in 2.403891ms
[DEBUG] 2024-04-23 23:17:35.009 [main] ObjectStore - Open transaction: count = 2, isActive = true
[DEBUG] 2024-04-23 23:17:35.009 [main] ObjectStore - Open transaction: count = 3, isActive = true
[DEBUG] 2024-04-23 23:17:35.009 [main] ObjectStore - Executing getMTable for hive.db_testhmsclientwithoutfilter_1.tab2
[DEBUG] 2024-04-23 23:17:35.011 [main] ObjectStore - Commit transaction: count = 2, isactive true
[DEBUG] 2024-04-23 23:17:35.011 [main] ObjectStore - Commit transaction: count = 1, isactive true
[DEBUG] 2024-04-23 23:17:35.012 [main] ObjectStore - Open transaction: count = 2, isActive = true
[DEBUG] 2024-04-23 23:17:35.012 [main] ObjectStore - Open transaction: count = 3, isActive = true
[DEBUG] 2024-04-23 23:17:35.013 [main] ObjectStore - Commit transaction: count = 2, isactive true
[DEBUG] 2024-04-23 23:17:35.018 [main] ObjectStore - Commit transaction: count = 1, isactive true
[DEBUG] 2024-04-23 23:17:35.018 [main] ObjectStore - Commit transaction: count = 0, isactive true
[DEBUG] 2024-04-23 23:17:35.020 [main] PoolBase - HikariPool-1 - Reset (autoCommit) on connection org.apache.derby.impl.jdbc.EmbedConnection@1660837991 (XID = 166), (SESSIONID = 1), (DATABASE = memory:/home/alex/Repositories/hive/standalone-metastore/metastore-server/target/tmp/junit_metastore_db), (DRDAID = null) 
[DEBUG] 2024-04-23 23:17:35.021 [main] HMSHandler - create_table_reqtime taken(ns): 21741444
[DEBUG] 2024-04-23 23:17:35.021 [main] PerfLogger - </PERFLOG method=create_table_req start=1713910654999 end=1713910655021 duration=22 from=org.apache.hadoop.hive.metastore.RetryingHMSHandler threadId=0 retryCount=0 error=false>
[DEBUG] 2024-04-23 23:17:35.022 [main] PerfLogger - <PERFLOG method=add_partition_with_environment_context from=org.apache.hadoop.hive.metastore.RetryingHMSHandler>
[DEBUG] 2024-04-23 23:17:35.022 [main] HMSHandler - 0: add_partition : tbl=hive.db_testHMSClientWithoutFilter_1.tab2
[INFO ] 2024-04-23 23:17:35.022 [main] audit - ugi=alex	ip=unknown-ip-addr	cmd=add_partition : tbl=hive.db_testHMSClientWithoutFilter_1.tab2	
[DEBUG] 2024-04-23 23:17:35.022 [main] ObjectStore - Open transaction: count = 1, isActive = true
[DEBUG] 2024-04-23 23:17:35.022 [main] ObjectStore - Open transaction: count = 2, isActive = true
[DEBUG] 2024-04-23 23:17:35.022 [main] ObjectStore - Open transaction: count = 3, isActive = true
[DEBUG] 2024-04-23 23:17:35.022 [main] ObjectStore - Executing getMTable for hive.db_testhmsclientwithoutfilter_1.tab2
[DEBUG] 2024-04-23 23:17:35.025 [main] ObjectStore - Commit transaction: count = 2, isactive true
[DEBUG] 2024-04-23 23:17:35.029 [main] ObjectStore - Commit transaction: count = 1, isactive true
[DEBUG] 2024-04-23 23:17:35.029 [main] ObjectStore - Open transaction: count = 2, isActive = true
[DEBUG] 2024-04-23 23:17:35.030 [main] ObjectStore - Commit transaction: count = 1, isactive true
[INFO ] 2024-04-23 23:17:35.031 [main] MetaStoreServerUtils - Updating partition stats fast for: tab2
[INFO ] 2024-04-23 23:17:35.031 [main] MetaStoreServerUtils - Updated size to 0
[DEBUG] 2024-04-23 23:17:35.031 [main] ObjectStore - Open transaction: count = 2, isActive = true
[DEBUG] 2024-04-23 23:17:35.031 [main] ObjectStore - Open transaction: count = 3, isActive = true
[DEBUG] 2024-04-23 23:17:35.032 [main] ObjectStore - Executing getMTable for hive.db_testhmsclientwithoutfilter_1.tab2
[DEBUG] 2024-04-23 23:17:35.033 [main] ObjectStore - Commit transaction: count = 2, isactive true
[DEBUG] 2024-04-23 23:17:35.039 [main] ObjectStore - Commit transaction: count = 1, isactive true
[DEBUG] 2024-04-23 23:17:35.039 [main] ObjectStore - Commit transaction: count = 0, isactive true
[DEBUG] 2024-04-23 23:17:35.042 [main] PoolBase - HikariPool-1 - Reset (autoCommit) on connection org.apache.derby.impl.jdbc.EmbedConnection@1660837991 (XID = 166), (SESSIONID = 1), (DATABASE = memory:/home/alex/Repositories/hive/standalone-metastore/metastore-server/target/tmp/junit_metastore_db), (DRDAID = null) 
[DEBUG] 2024-04-23 23:17:35.044 [main] HMSHandler - add_partitiontime taken(ns): 22251749
[DEBUG] 2024-04-23 23:17:35.044 [main] PerfLogger - </PERFLOG method=add_partition_with_environment_context start=1713910655022 end=1713910655044 duration=22 from=org.apache.hadoop.hive.metastore.RetryingHMSHandler threadId=0 retryCount=0 error=false>
[DEBUG] 2024-04-23 23:17:35.045 [main] PerfLogger - <PERFLOG method=add_partition_with_environment_context from=org.apache.hadoop.hive.metastore.RetryingHMSHandler>
[DEBUG] 2024-04-23 23:17:35.045 [main] HMSHandler - 0: add_partition : tbl=hive.db_testHMSClientWithoutFilter_1.tab2
[INFO ] 2024-04-23 23:17:35.045 [main] audit - ugi=alex	ip=unknown-ip-addr	cmd=add_partition : tbl=hive.db_testHMSClientWithoutFilter_1.tab2	
[DEBUG] 2024-04-23 23:17:35.045 [main] ObjectStore - Open transaction: count = 1, isActive = true
[DEBUG] 2024-04-23 23:17:35.045 [main] ObjectStore - Open transaction: count = 2, isActive = true
[DEBUG] 2024-04-23 23:17:35.045 [main] ObjectStore - Open transaction: count = 3, isActive = true
[DEBUG] 2024-04-23 23:17:35.045 [main] ObjectStore - Executing getMTable for hive.db_testhmsclientwithoutfilter_1.tab2
[DEBUG] 2024-04-23 23:17:35.048 [main] ObjectStore - Commit transaction: count = 2, isactive true
[DEBUG] 2024-04-23 23:17:35.052 [main] ObjectStore - Commit transaction: count = 1, isactive true
[DEBUG] 2024-04-23 23:17:35.052 [main] ObjectStore - Open transaction: count = 2, isActive = true
[DEBUG] 2024-04-23 23:17:35.053 [main] ObjectStore - Commit transaction: count = 1, isactive true
[INFO ] 2024-04-23 23:17:35.054 [main] MetaStoreServerUtils - Updating partition stats fast for: tab2
[INFO ] 2024-04-23 23:17:35.054 [main] MetaStoreServerUtils - Updated size to 0
[DEBUG] 2024-04-23 23:17:35.054 [main] ObjectStore - Open transaction: count = 2, isActive = true
[DEBUG] 2024-04-23 23:17:35.054 [main] ObjectStore - Open transaction: count = 3, isActive = true
[DEBUG] 2024-04-23 23:17:35.054 [main] ObjectStore - Executing getMTable for hive.db_testhmsclientwithoutfilter_1.tab2
[DEBUG] 2024-04-23 23:17:35.055 [main] ObjectStore - Commit transaction: count = 2, isactive true
[DEBUG] 2024-04-23 23:17:35.060 [main] ObjectStore - Commit transaction: count = 1, isactive true
[DEBUG] 2024-04-23 23:17:35.060 [main] ObjectStore - Commit transaction: count = 0, isactive true
[DEBUG] 2024-04-23 23:17:35.063 [main] PoolBase - HikariPool-1 - Reset (autoCommit) on connection org.apache.derby.impl.jdbc.EmbedConnection@1660837991 (XID = 166), (SESSIONID = 1), (DATABASE = memory:/home/alex/Repositories/hive/standalone-metastore/metastore-server/target/tmp/junit_metastore_db), (DRDAID = null) 
[DEBUG] 2024-04-23 23:17:35.065 [main] HMSHandler - add_partitiontime taken(ns): 19612615
[DEBUG] 2024-04-23 23:17:35.065 [main] PerfLogger - </PERFLOG method=add_partition_with_environment_context start=1713910655045 end=1713910655065 duration=20 from=org.apache.hadoop.hive.metastore.RetryingHMSHandler threadId=0 retryCount=0 error=false>
[INFO ] 2024-04-23 23:17:35.065 [main] TestTxnDbUtil - Cleaning transactional tables
[DEBUG] 2024-04-23 23:17:35.067 [main] TestTxnDbUtil - Successfully truncated table TXN_COMPONENTS
[DEBUG] 2024-04-23 23:17:35.067 [main] TestTxnDbUtil - Successfully truncated table COMPLETED_TXN_COMPONENTS
[DEBUG] 2024-04-23 23:17:35.069 [main] TestTxnDbUtil - Successfully truncated table TXNS
[DEBUG] 2024-04-23 23:17:35.069 [main] TestTxnDbUtil - Successfully truncated table TXN_TO_WRITE_ID
[DEBUG] 2024-04-23 23:17:35.069 [main] TestTxnDbUtil - Successfully truncated table NEXT_WRITE_ID
[DEBUG] 2024-04-23 23:17:35.069 [main] TestTxnDbUtil - Successfully truncated table HIVE_LOCKS
[DEBUG] 2024-04-23 23:17:35.070 [main] TestTxnDbUtil - Successfully truncated table NEXT_LOCK_ID
[DEBUG] 2024-04-23 23:17:35.070 [main] TestTxnDbUtil - Successfully truncated table COMPACTION_QUEUE
[DEBUG] 2024-04-23 23:17:35.070 [main] TestTxnDbUtil - Successfully truncated table NEXT_COMPACTION_QUEUE_ID
[DEBUG] 2024-04-23 23:17:35.070 [main] TestTxnDbUtil - Successfully truncated table COMPLETED_COMPACTIONS
[DEBUG] 2024-04-23 23:17:35.071 [main] TestTxnDbUtil - Successfully truncated table AUX_TABLE
[DEBUG] 2024-04-23 23:17:35.071 [main] TestTxnDbUtil - Successfully truncated table WRITE_SET
[DEBUG] 2024-04-23 23:17:35.071 [main] TestTxnDbUtil - Successfully truncated table REPL_TXN_MAP
[DEBUG] 2024-04-23 23:17:35.072 [main] TestTxnDbUtil - Successfully truncated table MATERIALIZATION_REBUILD_LOCKS
[DEBUG] 2024-04-23 23:17:35.072 [main] TestTxnDbUtil - Successfully truncated table MIN_HISTORY_LEVEL
[INFO ] 2024-04-23 23:17:35.078 [main] TestTxnDbUtil - Creating transactional tables
[DEBUG] 2024-04-23 23:17:35.081 [main] PerfLogger - <PERFLOG method=compact2 from=org.apache.hadoop.hive.metastore.RetryingHMSHandler>
[DEBUG] 2024-04-23 23:17:35.081 [main] TxnHandler - About to execute SQL: SELECT "MT_COMMENT" FROM "AUX_TABLE" WHERE "MT_KEY1"='CompactionScheduler' and "MT_KEY2"=0
[DEBUG] 2024-04-23 23:17:35.082 [main] TxnHandler - 'CompactionScheduler' locked by 'Lenovo-Bot'
[DEBUG] 2024-04-23 23:17:35.082 [main] TxnHandler - going to execute query <SELECT "NCQ_NEXT" FROM "NEXT_COMPACTION_QUEUE_ID">
[DEBUG] 2024-04-23 23:17:35.082 [main] TxnHandler - Going to execute update <UPDATE "NEXT_COMPACTION_QUEUE_ID" SET "NCQ_NEXT" = 2>
[DEBUG] 2024-04-23 23:17:35.082 [main] TxnHandler - Going to execute query <SELECT "CQ_ID", "CQ_STATE" FROM "COMPACTION_QUEUE" WHERE "CQ_STATE" IN('i','w') AND "CQ_DATABASE"=? AND "CQ_TABLE"=? AND "CQ_PARTITION" is null>
[DEBUG] 2024-04-23 23:17:35.082 [main] TxnHandler - Going to execute update <INSERT INTO "COMPACTION_QUEUE" ("CQ_ID", "CQ_DATABASE", "CQ_TABLE", "CQ_STATE", "CQ_TYPE", "CQ_ENQUEUE_TIME", "CQ_TBLPROPERTIES", "CQ_INITIATOR_ID") values (1, ?, ?, 'i', 'a',{ fn timestampdiff(sql_tsi_frac_second, timestamp('1970-01-01 01:00:00.0'), current_timestamp) } / 1000000, ?, ?)>
[DEBUG] 2024-04-23 23:17:35.083 [main] TxnHandler - Going to commit
[DEBUG] 2024-04-23 23:17:35.083 [main] PoolBase - HikariPool-2 - Reset (autoCommit) on connection org.apache.derby.impl.jdbc.EmbedConnection@382698552 (XID = 1910), (SESSIONID = 25), (DATABASE = memory:/home/alex/Repositories/hive/standalone-metastore/metastore-server/target/tmp/junit_metastore_db), (DRDAID = null) 
[DEBUG] 2024-04-23 23:17:35.083 [main] PoolBase - HikariPool-3 - Reset (autoCommit) on connection org.apache.derby.impl.jdbc.EmbedConnection@2007031139 (XID = 1912), (SESSIONID = 27), (DATABASE = memory:/home/alex/Repositories/hive/standalone-metastore/metastore-server/target/tmp/junit_metastore_db), (DRDAID = null) 
[DEBUG] 2024-04-23 23:17:35.083 [main] TxnHandler - 'CompactionScheduler' unlocked by 'Lenovo-Bot'
[DEBUG] 2024-04-23 23:17:35.083 [main] PerfLogger - </PERFLOG method=compact2 start=1713910655081 end=1713910655083 duration=2 from=org.apache.hadoop.hive.metastore.RetryingHMSHandler threadId=0 retryCount=0 error=false>
[DEBUG] 2024-04-23 23:17:35.083 [main] PerfLogger - <PERFLOG method=compact2 from=org.apache.hadoop.hive.metastore.RetryingHMSHandler>
[DEBUG] 2024-04-23 23:17:35.084 [main] TxnHandler - About to execute SQL: SELECT "MT_COMMENT" FROM "AUX_TABLE" WHERE "MT_KEY1"='CompactionScheduler' and "MT_KEY2"=0
[DEBUG] 2024-04-23 23:17:35.084 [main] TxnHandler - 'CompactionScheduler' locked by 'Lenovo-Bot'
[DEBUG] 2024-04-23 23:17:35.084 [main] TxnHandler - going to execute query <SELECT "NCQ_NEXT" FROM "NEXT_COMPACTION_QUEUE_ID">
[DEBUG] 2024-04-23 23:17:35.084 [main] TxnHandler - Going to execute update <UPDATE "NEXT_COMPACTION_QUEUE_ID" SET "NCQ_NEXT" = 3>
[DEBUG] 2024-04-23 23:17:35.084 [main] TxnHandler - Going to execute query <SELECT "CQ_ID", "CQ_STATE" FROM "COMPACTION_QUEUE" WHERE "CQ_STATE" IN('i','w') AND "CQ_DATABASE"=? AND "CQ_TABLE"=? AND "CQ_PARTITION"=?>
[DEBUG] 2024-04-23 23:17:35.084 [main] TxnHandler - Going to execute update <INSERT INTO "COMPACTION_QUEUE" ("CQ_ID", "CQ_DATABASE", "CQ_TABLE", "CQ_PARTITION", "CQ_STATE", "CQ_TYPE", "CQ_ENQUEUE_TIME", "CQ_TBLPROPERTIES", "CQ_INITIATOR_ID") values (2, ?, ?, ?, 'i', 'i',{ fn timestampdiff(sql_tsi_frac_second, timestamp('1970-01-01 01:00:00.0'), current_timestamp) } / 1000000, ?, ?)>
[DEBUG] 2024-04-23 23:17:35.085 [main] TxnHandler - Going to commit
[DEBUG] 2024-04-23 23:17:35.085 [main] PoolBase - HikariPool-2 - Reset (autoCommit) on connection org.apache.derby.impl.jdbc.EmbedConnection@382698552 (XID = 1910), (SESSIONID = 25), (DATABASE = memory:/home/alex/Repositories/hive/standalone-metastore/metastore-server/target/tmp/junit_metastore_db), (DRDAID = null) 
[DEBUG] 2024-04-23 23:17:35.085 [main] PoolBase - HikariPool-3 - Reset (autoCommit) on connection org.apache.derby.impl.jdbc.EmbedConnection@2007031139 (XID = 1912), (SESSIONID = 27), (DATABASE = memory:/home/alex/Repositories/hive/standalone-metastore/metastore-server/target/tmp/junit_metastore_db), (DRDAID = null) 
[DEBUG] 2024-04-23 23:17:35.085 [main] TxnHandler - 'CompactionScheduler' unlocked by 'Lenovo-Bot'
[DEBUG] 2024-04-23 23:17:35.085 [main] PerfLogger - </PERFLOG method=compact2 start=1713910655083 end=1713910655085 duration=2 from=org.apache.hadoop.hive.metastore.RetryingHMSHandler threadId=0 retryCount=0 error=false>
[DEBUG] 2024-04-23 23:17:35.085 [main] PerfLogger - <PERFLOG method=get_table_req from=org.apache.hadoop.hive.metastore.RetryingHMSHandler>
[DEBUG] 2024-04-23 23:17:35.086 [main] HMSHandler - 0: get_table : tbl=hive.db_testHMSClientWithoutFilter_1.tab1
[INFO ] 2024-04-23 23:17:35.086 [main] audit - ugi=alex	ip=unknown-ip-addr	cmd=get_table : tbl=hive.db_testHMSClientWithoutFilter_1.tab1	
[DEBUG] 2024-04-23 23:17:35.086 [main] ObjectStore - Open transaction: count = 1, isActive = true
[DEBUG] 2024-04-23 23:17:35.087 [main] MetaStoreDirectSql - getDatabase: directsql returning db db_testhmsclientwithoutfilter_1 locn[file:/home/alex/Repositories/hive/standalone-metastore/metastore-server/target/external/db_testhmsclientwithoutfilter_1.db] desc [null] owner [alex] ownertype [USER]
[DEBUG] 2024-04-23 23:17:35.088 [main] ObjectStore - Using direct SQL optimization.
[DEBUG] 2024-04-23 23:17:35.088 [main] ObjectStore - Commit transaction: count = 0, isactive true
[DEBUG] 2024-04-23 23:17:35.088 [main] PoolBase - HikariPool-1 - Reset (autoCommit) on connection org.apache.derby.impl.jdbc.EmbedConnection@1660837991 (XID = 166), (SESSIONID = 1), (DATABASE = memory:/home/alex/Repositories/hive/standalone-metastore/metastore-server/target/tmp/junit_metastore_db), (DRDAID = null) 
[DEBUG] 2024-04-23 23:17:35.088 [main] ObjectStore - db details for db db_testhmsclientwithoutfilter_1 retrieved using SQL in 1.695578ms
[DEBUG] 2024-04-23 23:17:35.088 [main] ObjectStore - Open transaction: count = 1, isActive = true
[DEBUG] 2024-04-23 23:17:35.088 [main] ObjectStore - Open transaction: count = 2, isActive = true
[DEBUG] 2024-04-23 23:17:35.088 [main] ObjectStore - Executing getMTable for hive.db_testhmsclientwithoutfilter_1.tab1
[DEBUG] 2024-04-23 23:17:35.091 [main] ObjectStore - Commit transaction: count = 1, isactive true
[DEBUG] 2024-04-23 23:17:35.096 [main] ObjectStore - Commit transaction: count = 0, isactive true
[DEBUG] 2024-04-23 23:17:35.097 [main] PoolBase - HikariPool-1 - Reset (autoCommit) on connection org.apache.derby.impl.jdbc.EmbedConnection@1660837991 (XID = 166), (SESSIONID = 1), (DATABASE = memory:/home/alex/Repositories/hive/standalone-metastore/metastore-server/target/tmp/junit_metastore_db), (DRDAID = null) 
[INFO ] 2024-04-23 23:17:35.098 [main] HMSHandler - Skipping translation for processor with null
[DEBUG] 2024-04-23 23:17:35.098 [main] HMSHandler - get_tabletime taken(ns): 12122589
[DEBUG] 2024-04-23 23:17:35.098 [main] PerfLogger - </PERFLOG method=get_table_req start=1713910655085 end=1713910655098 duration=13 from=org.apache.hadoop.hive.metastore.RetryingHMSHandler threadId=0 retryCount=0 error=false>
[DEBUG] 2024-04-23 23:17:35.098 [main] HiveMetaStoreClient - class=org.apache.hadoop.hive.metastore.HiveMetaStoreClient, method=getTable, duration=13, comments=HMS client
[DEBUG] 2024-04-23 23:17:35.098 [main] PerfLogger - <PERFLOG method=get_table_objects_by_name_req from=org.apache.hadoop.hive.metastore.RetryingHMSHandler>
[DEBUG] 2024-04-23 23:17:35.099 [main] ObjectStore - Open transaction: count = 1, isActive = true
[DEBUG] 2024-04-23 23:17:35.100 [main] MetaStoreDirectSql - getDatabase: directsql returning db db_testhmsclientwithoutfilter_1 locn[file:/home/alex/Repositories/hive/standalone-metastore/metastore-server/target/external/db_testhmsclientwithoutfilter_1.db] desc [null] owner [alex] ownertype [USER]
[DEBUG] 2024-04-23 23:17:35.100 [main] ObjectStore - Using direct SQL optimization.
[DEBUG] 2024-04-23 23:17:35.100 [main] ObjectStore - Commit transaction: count = 0, isactive true
[DEBUG] 2024-04-23 23:17:35.100 [main] PoolBase - HikariPool-1 - Reset (autoCommit) on connection org.apache.derby.impl.jdbc.EmbedConnection@1660837991 (XID = 166), (SESSIONID = 1), (DATABASE = memory:/home/alex/Repositories/hive/standalone-metastore/metastore-server/target/tmp/junit_metastore_db), (DRDAID = null) 
[DEBUG] 2024-04-23 23:17:35.100 [main] ObjectStore - db details for db db_testhmsclientwithoutfilter_1 retrieved using SQL in 1.57104ms
[DEBUG] 2024-04-23 23:17:35.100 [main] HMSHandler - 0: get_multi_table : db=db_testHMSClientWithoutFilter_1 tbls=null
[INFO ] 2024-04-23 23:17:35.100 [main] audit - ugi=alex	ip=unknown-ip-addr	cmd=get_multi_table : db=db_testHMSClientWithoutFilter_1 tbls=null	
[DEBUG] 2024-04-23 23:17:35.101 [main] ObjectStore - Open transaction: count = 1, isActive = true
[DEBUG] 2024-04-23 23:17:35.103 [main] ObjectStore - Open transaction: count = 2, isActive = true
[DEBUG] 2024-04-23 23:17:35.103 [main] MetaStoreDirectSql - getDatabase: directsql returning db db_testhmsclientwithoutfilter_1 locn[file:/home/alex/Repositories/hive/standalone-metastore/metastore-server/target/external/db_testhmsclientwithoutfilter_1.db] desc [null] owner [alex] ownertype [USER]
[DEBUG] 2024-04-23 23:17:35.104 [main] ObjectStore - Using direct SQL optimization.
[DEBUG] 2024-04-23 23:17:35.104 [main] ObjectStore - Commit transaction: count = 1, isactive true
[DEBUG] 2024-04-23 23:17:35.104 [main] ObjectStore - db details for db db_testhmsclientwithoutfilter_1 retrieved using SQL in 1.357714ms
[DEBUG] 2024-04-23 23:17:35.104 [main] ObjectStore - Commit transaction: count = 0, isactive true
[DEBUG] 2024-04-23 23:17:35.104 [main] PoolBase - HikariPool-1 - Reset (autoCommit) on connection org.apache.derby.impl.jdbc.EmbedConnection@1660837991 (XID = 166), (SESSIONID = 1), (DATABASE = memory:/home/alex/Repositories/hive/standalone-metastore/metastore-server/target/tmp/junit_metastore_db), (DRDAID = null) 
[DEBUG] 2024-04-23 23:17:35.104 [main] HMSHandler - get_multi_tabletime taken(ns): 3802203
[DEBUG] 2024-04-23 23:17:35.104 [main] PerfLogger - </PERFLOG method=get_table_objects_by_name_req start=1713910655098 end=1713910655104 duration=6 from=org.apache.hadoop.hive.metastore.RetryingHMSHandler threadId=0 retryCount=0 error=false>
[DEBUG] 2024-04-23 23:17:35.105 [main] PerfLogger - <PERFLOG method=shutdown from=org.apache.hadoop.hive.metastore.RetryingHMSHandler>
[DEBUG] 2024-04-23 23:17:35.105 [main] HMSHandler - 0: Cleaning up thread local RawStore...
[INFO ] 2024-04-23 23:17:35.105 [main] audit - ugi=alex	ip=unknown-ip-addr	cmd=Cleaning up thread local RawStore...	
[INFO ] 2024-04-23 23:17:35.105 [main] ObjectStore - RawStore: org.apache.hadoop.hive.metastore.ObjectStore@79cdf2d4, with PersistenceManager: org.datanucleus.api.jdo.JDOPersistenceManager@18b40fe6 will be shutdown
[DEBUG] 2024-04-23 23:17:35.105 [main] HMSHandler - 0: Done cleaning up thread local RawStore
[INFO ] 2024-04-23 23:17:35.105 [main] audit - ugi=alex	ip=unknown-ip-addr	cmd=Done cleaning up thread local RawStore	
[DEBUG] 2024-04-23 23:17:35.105 [main] PerfLogger - </PERFLOG method=shutdown start=1713910655105 end=1713910655105 duration=0 from=org.apache.hadoop.hive.metastore.RetryingHMSHandler threadId=0 retryCount=0 error=false>
[INFO ] 2024-04-23 23:17:35.105 [main] HiveMetaStoreClient - Closed a connection to metastore, current connections: -4
]]></system-out>
  </testcase>
</testsuite>