<?xml version="1.0" encoding="UTF-8"?>
<testsuite xmlns:xsi="http://www.w3.org/2001/XMLSchema-instance" xsi:noNamespaceSchemaLocation="https://maven.apache.org/surefire/maven-surefire-plugin/xsd/surefire-test-report-3.0.xsd" version="3.0" name="org.apache.nifi.processors.standard.TestRouteText" time="1.104" tests="33" errors="0" skipped="0" failures="0">
  <properties>
    <property name="sun.desktop" value="gnome"/>
    <property name="awt.toolkit" value="sun.awt.X11.XToolkit"/>
    <property name="file.encoding.pkg" value="sun.io"/>
    <property name="java.specification.version" value="1.8"/>
    <property name="sun.cpu.isalist" value=""/>
    <property name="sun.jnu.encoding" value="UTF-8"/>
    <property name="java.class.path" value="/home/alex/Repositories/nifi/nifi-nar-bundles/nifi-standard-bundle/nifi-standard-processors/target/test-classes:/home/alex/Repositories/nifi/nifi-nar-bundles/nifi-standard-bundle/nifi-standard-processors/target/classes:/home/alex/.m2/repository/org/apache/ftpserver/ftpserver-core/1.1.1/ftpserver-core-1.1.1.jar:/home/alex/.m2/repository/org/apache/ftpserver/ftplet-api/1.1.1/ftplet-api-1.1.1.jar:/home/alex/.m2/repository/org/slf4j/slf4j-api/1.7.32/slf4j-api-1.7.32.jar:/home/alex/.m2/repository/org/apache/mina/mina-core/2.0.16/mina-core-2.0.16.jar:/home/alex/Repositories/nifi/nifi-api/target/classes:/home/alex/Repositories/nifi/nifi-commons/nifi-expression-language/target/classes:/home/alex/.m2/repository/org/antlr/antlr-runtime/3.5.2/antlr-runtime-3.5.2.jar:/home/alex/Repositories/nifi/nifi-commons/nifi-parameter/target/classes:/home/alex/Repositories/nifi/nifi-commons/nifi-uuid5/target/classes:/home/alex/.m2/repository/org/apache/commons/commons-text/1.8/commons-text-1.8.jar:/home/alex/Repositories/nifi/nifi-nar-bundles/nifi-extension-utils/nifi-processor-utils/target/classes:/home/alex/Repositories/nifi/nifi-commons/nifi-security-socket-ssl/target/classes:/home/alex/Repositories/nifi/nifi-nar-bundles/nifi-extension-utils/nifi-event-transport/target/classes:/home/alex/.m2/repository/io/netty/netty-handler/4.1.69.Final/netty-handler-4.1.69.Final.jar:/home/alex/.m2/repository/io/netty/netty-common/4.1.69.Final/netty-common-4.1.69.Final.jar:/home/alex/.m2/repository/io/netty/netty-resolver/4.1.69.Final/netty-resolver-4.1.69.Final.jar:/home/alex/.m2/repository/io/netty/netty-transport/4.1.69.Final/netty-transport-4.1.69.Final.jar:/home/alex/.m2/repository/io/netty/netty-codec/4.1.69.Final/netty-codec-4.1.69.Final.jar:/home/alex/Repositories/nifi/nifi-nar-bundles/nifi-extension-utils/nifi-syslog-utils/target/classes:/home/alex/.m2/repository/com/github/palindromicity/simple-syslog-5424/0.0.16/simple-syslog-5424-0.0.16.jar:/home/alex/.m2/repository/org/antlr/antlr4-runtime/4.7.2/antlr4-runtime-4.7.2.jar:/home/alex/Repositories/nifi/nifi-commons/nifi-utils/target/classes:/home/alex/Repositories/nifi/nifi-commons/nifi-record-path/target/classes:/home/alex/Repositories/nifi/nifi-commons/nifi-properties/target/classes:/home/alex/Repositories/nifi/nifi-commons/nifi-property-utils/target/classes:/home/alex/.m2/repository/com/github/ben-manes/caffeine/caffeine/2.8.1/caffeine-2.8.1.jar:/home/alex/Repositories/nifi/nifi-nar-bundles/nifi-standard-services/nifi-ssl-context-service-api/target/classes:/home/alex/Repositories/nifi/nifi-commons/nifi-security-utils-api/target/classes:/home/alex/Repositories/nifi/nifi-nar-bundles/nifi-standard-services/nifi-lookup-service-api/target/classes:/home/alex/Repositories/nifi/nifi-commons/nifi-flowfile-packager/target/classes:/home/alex/Repositories/nifi/nifi-nar-bundles/nifi-standard-services/nifi-distributed-cache-client-service-api/target/classes:/home/alex/Repositories/nifi/nifi-nar-bundles/nifi-standard-services/nifi-http-context-map-api/target/classes:/home/alex/Repositories/nifi/nifi-nar-bundles/nifi-standard-services/nifi-record-serialization-service-api/target/classes:/home/alex/Repositories/nifi/nifi-nar-bundles/nifi-standard-services/nifi-proxy-configuration-api/target/classes:/home/alex/Repositories/nifi/nifi-commons/nifi-record/target/classes:/home/alex/Repositories/nifi/nifi-nar-bundles/nifi-standard-services/nifi-record-sink-api/target/classes:/home/alex/.m2/repository/commons-io/commons-io/2.10.0/commons-io-2.10.0.jar:/home/alex/.m2/repository/javax/ws/rs/javax.ws.rs-api/2.1/javax.ws.rs-api-2.1.jar:/home/alex/.m2/repository/commons-net/commons-net/3.6/commons-net-3.6.jar:/home/alex/.m2/repository/org/apache/commons/commons-compress/1.21/commons-compress-1.21.jar:/home/alex/.m2/repository/org/apache/commons/commons-lang3/3.9/commons-lang3-3.9.jar:/home/alex/.m2/repository/org/bouncycastle/bcprov-jdk15on/1.69/bcprov-jdk15on-1.69.jar:/home/alex/.m2/repository/org/bouncycastle/bcpg-jdk15on/1.69/bcpg-jdk15on-1.69.jar:/home/alex/.m2/repository/org/bouncycastle/bcpkix-jdk15on/1.69/bcpkix-jdk15on-1.69.jar:/home/alex/.m2/repository/org/bouncycastle/bcutil-jdk15on/1.69/bcutil-jdk15on-1.69.jar:/home/alex/.m2/repository/commons-codec/commons-codec/1.14/commons-codec-1.14.jar:/home/alex/Repositories/nifi/nifi-commons/nifi-security-utils/target/classes:/home/alex/Repositories/nifi/nifi-commons/nifi-security-kms/target/classes:/home/alex/.m2/repository/org/apache/commons/commons-configuration2/2.7/commons-configuration2-2.7.jar:/home/alex/.m2/repository/com/hierynomus/sshj/0.32.0/sshj-0.32.0.jar:/home/alex/.m2/repository/com/jcraft/jzlib/1.1.3/jzlib-1.1.3.jar:/home/alex/.m2/repository/com/hierynomus/asn-one/0.6.0/asn-one-0.6.0.jar:/home/alex/.m2/repository/net/i2p/crypto/eddsa/0.3.0/eddsa-0.3.0.jar:/home/alex/.m2/repository/org/eclipse/jetty/jetty-server/9.4.44.v20210927/jetty-server-9.4.44.v20210927.jar:/home/alex/.m2/repository/javax/servlet/javax.servlet-api/3.1.0/javax.servlet-api-3.1.0.jar:/home/alex/.m2/repository/org/eclipse/jetty/jetty-http/9.4.44.v20210927/jetty-http-9.4.44.v20210927.jar:/home/alex/.m2/repository/org/eclipse/jetty/jetty-util/9.4.44.v20210927/jetty-util-9.4.44.v20210927.jar:/home/alex/.m2/repository/org/eclipse/jetty/jetty-io/9.4.44.v20210927/jetty-io-9.4.44.v20210927.jar:/home/alex/.m2/repository/org/eclipse/jetty/jetty-servlet/9.4.44.v20210927/jetty-servlet-9.4.44.v20210927.jar:/home/alex/.m2/repository/org/eclipse/jetty/jetty-security/9.4.44.v20210927/jetty-security-9.4.44.v20210927.jar:/home/alex/.m2/repository/org/eclipse/jetty/jetty-util-ajax/9.4.44.v20210927/jetty-util-ajax-9.4.44.v20210927.jar:/home/alex/.m2/repository/org/apache/httpcomponents/httpclient/4.5.5/httpclient-4.5.5.jar:/home/alex/.m2/repository/commons-logging/commons-logging/1.2/commons-logging-1.2.jar:/home/alex/.m2/repository/org/apache/httpcomponents/httpcore/4.4.9/httpcore-4.4.9.jar:/home/alex/.m2/repository/jakarta/activation/jakarta.activation-api/2.0.1/jakarta.activation-api-2.0.1.jar:/home/alex/.m2/repository/com/sun/activation/jakarta.activation/2.0.1/jakarta.activation-2.0.1.jar:/home/alex/.m2/repository/jakarta/mail/jakarta.mail-api/2.0.1/jakarta.mail-api-2.0.1.jar:/home/alex/.m2/repository/com/sun/mail/jakarta.mail/2.0.1/jakarta.mail-2.0.1.jar:/home/alex/.m2/repository/com/github/jponge/lzma-java/1.3/lzma-java-1.3.jar:/home/alex/.m2/repository/org/tukaani/xz/1.8/xz-1.8.jar:/home/alex/.m2/repository/net/sf/saxon/Saxon-HE/10.6/Saxon-HE-10.6.jar:/home/alex/Repositories/nifi/nifi-commons/nifi-socket-utils/target/classes:/home/alex/Repositories/nifi/nifi-commons/nifi-logging-utils/target/classes:/home/alex/Repositories/nifi/nifi-nar-bundles/nifi-standard-services/nifi-load-distribution-service-api/target/classes:/home/alex/.m2/repository/javax/jms/javax.jms-api/2.0.1/javax.jms-api-2.0.1.jar:/home/alex/.m2/repository/org/apache/activemq/activemq-client/5.15.15/activemq-client-5.15.15.jar:/home/alex/.m2/repository/org/apache/geronimo/specs/geronimo-jms_1.1_spec/1.1.1/geronimo-jms_1.1_spec-1.1.1.jar:/home/alex/.m2/repository/org/fusesource/hawtbuf/hawtbuf/1.11/hawtbuf-1.11.jar:/home/alex/.m2/repository/org/apache/geronimo/specs/geronimo-j2ee-management_1.1_spec/1.0.1/geronimo-j2ee-management_1.1_spec-1.0.1.jar:/home/alex/.m2/repository/com/jayway/jsonpath/json-path/2.6.0/json-path-2.6.0.jar:/home/alex/.m2/repository/net/minidev/json-smart/2.4.7/json-smart-2.4.7.jar:/home/alex/.m2/repository/net/minidev/accessors-smart/2.4.7/accessors-smart-2.4.7.jar:/home/alex/.m2/repository/org/ow2/asm/asm/9.1/asm-9.1.jar:/home/alex/.m2/repository/org/apache/tika/tika-core/1.26/tika-core-1.26.jar:/home/alex/.m2/repository/com/fasterxml/jackson/core/jackson-databind/2.12.3/jackson-databind-2.12.3.jar:/home/alex/.m2/repository/com/fasterxml/jackson/core/jackson-annotations/2.12.3/jackson-annotations-2.12.3.jar:/home/alex/.m2/repository/com/fasterxml/jackson/core/jackson-core/2.12.3/jackson-core-2.12.3.jar:/home/alex/Repositories/nifi/nifi-nar-bundles/nifi-extension-utils/nifi-record-utils/nifi-avro-record-utils/target/classes:/home/alex/Repositories/nifi/nifi-nar-bundles/nifi-extension-utils/nifi-record-utils/nifi-standard-record-utils/target/classes:/home/alex/.m2/repository/org/apache/avro/avro/1.8.1/avro-1.8.1.jar:/home/alex/.m2/repository/org/codehaus/jackson/jackson-core-asl/1.9.13/jackson-core-asl-1.9.13.jar:/home/alex/.m2/repository/org/codehaus/jackson/jackson-mapper-asl/1.9.13/jackson-mapper-asl-1.9.13.jar:/home/alex/.m2/repository/com/thoughtworks/paranamer/paranamer/2.7/paranamer-2.7.jar:/home/alex/Repositories/nifi/nifi-nar-bundles/nifi-standard-services/nifi-dbcp-service-api/target/classes:/home/alex/.m2/repository/com/squareup/okhttp3/okhttp/4.9.2/okhttp-4.9.2.jar:/home/alex/.m2/repository/com/squareup/okio/okio/2.8.0/okio-2.8.0.jar:/home/alex/.m2/repository/org/jetbrains/kotlin/kotlin-stdlib-common/1.4.0/kotlin-stdlib-common-1.4.0.jar:/home/alex/.m2/repository/org/jetbrains/kotlin/kotlin-stdlib/1.4.10/kotlin-stdlib-1.4.10.jar:/home/alex/.m2/repository/org/jetbrains/annotations/13.0/annotations-13.0.jar:/home/alex/.m2/repository/io/github/rburgst/okhttp-digest/2.5/okhttp-digest-2.5.jar:/home/alex/.m2/repository/at/favre/lib/bcrypt/0.9.0/bcrypt-0.9.0.jar:/home/alex/.m2/repository/at/favre/lib/bytes/1.3.0/bytes-1.3.0.jar:/home/alex/.m2/repository/com/google/guava/guava/28.0-jre/guava-28.0-jre.jar:/home/alex/.m2/repository/com/google/guava/failureaccess/1.0.1/failureaccess-1.0.1.jar:/home/alex/.m2/repository/com/google/guava/listenablefuture/9999.0-empty-to-avoid-conflict-with-guava/listenablefuture-9999.0-empty-to-avoid-conflict-with-guava.jar:/home/alex/.m2/repository/com/google/code/findbugs/jsr305/3.0.2/jsr305-3.0.2.jar:/home/alex/.m2/repository/org/checkerframework/checker-qual/2.8.1/checker-qual-2.8.1.jar:/home/alex/.m2/repository/com/google/errorprone/error_prone_annotations/2.3.2/error_prone_annotations-2.3.2.jar:/home/alex/.m2/repository/com/google/j2objc/j2objc-annotations/1.3/j2objc-annotations-1.3.jar:/home/alex/.m2/repository/org/codehaus/mojo/animal-sniffer-annotations/1.17/animal-sniffer-annotations-1.17.jar:/home/alex/Repositories/nifi/nifi-mock/target/classes:/home/alex/Repositories/nifi/nifi-framework-api/target/classes:/home/alex/Repositories/nifi/nifi-nar-bundles/nifi-framework-bundle/nifi-framework/nifi-framework-core-api/target/classes:/home/alex/Repositories/nifi/nifi-nar-bundles/nifi-framework-bundle/nifi-framework/nifi-framework-nar-utils/target/classes:/home/alex/Repositories/nifi/nifi-nar-bundles/nifi-framework-bundle/nifi-framework/nifi-client-dto/target/classes:/home/alex/.m2/repository/io/swagger/swagger-annotations/1.6.0/swagger-annotations-1.6.0.jar:/home/alex/Repositories/nifi/nifi-commons/nifi-site-to-site-client/target/classes:/home/alex/.m2/repository/org/apache/httpcomponents/httpasyncclient/4.1.4/httpasyncclient-4.1.4.jar:/home/alex/.m2/repository/org/apache/httpcomponents/httpcore-nio/4.4.10/httpcore-nio-4.4.10.jar:/home/alex/Repositories/nifi/nifi-nar-bundles/nifi-framework-bundle/nifi-framework/nifi-framework-authorization/target/classes:/home/alex/Repositories/nifi/nifi-registry/nifi-registry-core/nifi-registry-data-model/target/classes:/home/alex/Repositories/nifi/nifi-registry/nifi-registry-core/nifi-registry-revision/nifi-registry-revision-entity-model/target/classes:/home/alex/Repositories/nifi/nifi-registry/nifi-registry-core/nifi-registry-client/target/classes:/home/alex/Repositories/nifi/nifi-registry/nifi-registry-core/nifi-registry-security-utils/target/classes:/home/alex/.m2/repository/org/glassfish/jersey/core/jersey-client/2.33/jersey-client-2.33.jar:/home/alex/.m2/repository/jakarta/ws/rs/jakarta.ws.rs-api/2.1.6/jakarta.ws.rs-api-2.1.6.jar:/home/alex/.m2/repository/org/glassfish/hk2/external/jakarta.inject/2.6.1/jakarta.inject-2.6.1.jar:/home/alex/.m2/repository/org/glassfish/jersey/media/jersey-media-json-jackson/2.33/jersey-media-json-jackson-2.33.jar:/home/alex/.m2/repository/org/glassfish/jersey/ext/jersey-entity-filtering/2.33/jersey-entity-filtering-2.33.jar:/home/alex/.m2/repository/org/glassfish/jersey/inject/jersey-hk2/2.33/jersey-hk2-2.33.jar:/home/alex/.m2/repository/org/glassfish/hk2/hk2-locator/2.6.1/hk2-locator-2.6.1.jar:/home/alex/.m2/repository/org/glassfish/hk2/external/aopalliance-repackaged/2.6.1/aopalliance-repackaged-2.6.1.jar:/home/alex/.m2/repository/org/glassfish/hk2/hk2-api/2.6.1/hk2-api-2.6.1.jar:/home/alex/.m2/repository/org/glassfish/hk2/hk2-utils/2.6.1/hk2-utils-2.6.1.jar:/home/alex/.m2/repository/org/javassist/javassist/3.25.0-GA/javassist-3.25.0-GA.jar:/home/alex/.m2/repository/org/glassfish/jersey/core/jersey-common/2.33/jersey-common-2.33.jar:/home/alex/.m2/repository/jakarta/annotation/jakarta.annotation-api/1.3.5/jakarta.annotation-api-1.3.5.jar:/home/alex/.m2/repository/org/glassfish/hk2/osgi-resource-locator/1.0.3/osgi-resource-locator-1.0.3.jar:/home/alex/.m2/repository/org/glassfish/jersey/media/jersey-media-multipart/2.33/jersey-media-multipart-2.33.jar:/home/alex/.m2/repository/org/jvnet/mimepull/mimepull/1.9.13/mimepull-1.9.13.jar:/home/alex/Repositories/nifi/nifi-commons/nifi-data-provenance-utils/target/classes:/home/alex/Repositories/nifi/nifi-nar-bundles/nifi-standard-services/nifi-distributed-cache-services-bundle/nifi-distributed-cache-client-service/target/classes:/home/alex/Repositories/nifi/nifi-nar-bundles/nifi-standard-services/nifi-distributed-cache-services-bundle/nifi-distributed-cache-protocol/target/classes:/home/alex/.m2/repository/io/netty/netty-buffer/4.1.69.Final/netty-buffer-4.1.69.Final.jar:/home/alex/.m2/repository/com/google/http-client/google-http-client/1.28.0/google-http-client-1.28.0.jar:/home/alex/.m2/repository/io/opencensus/opencensus-api/0.18.0/opencensus-api-0.18.0.jar:/home/alex/.m2/repository/io/grpc/grpc-context/1.14.0/grpc-context-1.14.0.jar:/home/alex/.m2/repository/io/opencensus/opencensus-contrib-http-util/0.18.0/opencensus-contrib-http-util-0.18.0.jar:/home/alex/.m2/repository/org/apache/activemq/activemq-broker/5.15.14/activemq-broker-5.15.14.jar:/home/alex/.m2/repository/org/apache/activemq/activemq-openwire-legacy/5.15.14/activemq-openwire-legacy-5.15.14.jar:/home/alex/Repositories/nifi/nifi-nar-bundles/nifi-standard-services/nifi-ssl-context-bundle/nifi-ssl-context-service/target/classes:/home/alex/Repositories/nifi/nifi-nar-bundles/nifi-framework-bundle/nifi-framework/nifi-standard-prioritizers/target/classes:/home/alex/Repositories/nifi/nifi-nar-bundles/nifi-extension-utils/nifi-record-utils/nifi-mock-record-utils/target/classes:/home/alex/Repositories/nifi/nifi-nar-bundles/nifi-standard-services/nifi-record-serialization-services-bundle/nifi-record-serialization-services/target/classes:/home/alex/.m2/repository/org/apache/commons/commons-csv/1.8/commons-csv-1.8.jar:/home/alex/.m2/repository/com/fasterxml/jackson/dataformat/jackson-dataformat-csv/2.12.3/jackson-dataformat-csv-2.12.3.jar:/home/alex/.m2/repository/net/java/dev/stax-utils/stax-utils/20070216/stax-utils-20070216.jar:/home/alex/Repositories/nifi/nifi-nar-bundles/nifi-standard-services/nifi-lookup-services-bundle/nifi-lookup-services/target/classes:/home/alex/.m2/repository/commons-beanutils/commons-beanutils/1.9.4/commons-beanutils-1.9.4.jar:/home/alex/.m2/repository/commons-collections/commons-collections/3.2.2/commons-collections-3.2.2.jar:/home/alex/.m2/repository/com/maxmind/geoip2/geoip2/2.12.0/geoip2-2.12.0.jar:/home/alex/.m2/repository/com/maxmind/db/maxmind-db/1.2.2/maxmind-db-1.2.2.jar:/home/alex/.m2/repository/org/apache/derby/derby/10.14.2.0/derby-10.14.2.0.jar:/home/alex/.m2/repository/org/xerial/snappy/snappy-java/1.1.7.3/snappy-java-1.1.7.3.jar:/home/alex/.m2/repository/net/lingala/zip4j/zip4j/2.8.0/zip4j-2.8.0.jar:/home/alex/.m2/repository/com/h2database/h2/1.4.187/h2-1.4.187.jar:/home/alex/.m2/repository/org/mockftpserver/MockFtpServer/2.7.1/MockFtpServer-2.7.1.jar:/home/alex/.m2/repository/org/apache/sshd/sshd-core/1.7.0/sshd-core-1.7.0.jar:/home/alex/.m2/repository/com/bazaarvoice/jolt/jolt-core/0.1.1/jolt-core-0.1.1.jar:/home/alex/.m2/repository/javax/inject/javax.inject/1/javax.inject-1.jar:/home/alex/.m2/repository/com/bazaarvoice/jolt/json-utils/0.1.1/json-utils-0.1.1.jar:/home/alex/Repositories/nifi/nifi-nar-bundles/nifi-standard-bundle/nifi-standard-utils/target/classes:/home/alex/.m2/repository/net/sf/supercsv/super-csv/2.4.0/super-csv-2.4.0.jar:/home/alex/.m2/repository/com/fluenda/parcefone/2.1.0/parcefone-2.1.0.jar:/home/alex/.m2/repository/javax/validation/validation-api/1.1.0.Final/validation-api-1.1.0.Final.jar:/home/alex/.m2/repository/javax/el/javax.el-api/3.0.0/javax.el-api-3.0.0.jar:/home/alex/.m2/repository/com/github/wnameless/json/json-flattener/0.12.0/json-flattener-0.12.0.jar:/home/alex/.m2/repository/com/github/wnameless/json/json-base/2.0.0/json-base-2.0.0.jar:/home/alex/.m2/repository/org/apache/bval/bval-jsr/1.1.2/bval-jsr-1.1.2.jar:/home/alex/.m2/repository/org/apache/bval/bval-core/1.1.2/bval-core-1.1.2.jar:/home/alex/.m2/repository/io/krakens/java-grok/0.1.9/java-grok-0.1.9.jar:/home/alex/.m2/repository/org/apache/calcite/calcite-core/1.27.0/calcite-core-1.27.0.jar:/home/alex/.m2/repository/org/apache/calcite/calcite-linq4j/1.27.0/calcite-linq4j-1.27.0.jar:/home/alex/.m2/repository/com/esri/geometry/esri-geometry-api/2.2.0/esri-geometry-api-2.2.0.jar:/home/alex/.m2/repository/org/apache/calcite/avatica/avatica-core/1.18.0/avatica-core-1.18.0.jar:/home/alex/.m2/repository/org/apache/calcite/avatica/avatica-metrics/1.18.0/avatica-metrics-1.18.0.jar:/home/alex/.m2/repository/com/google/protobuf/protobuf-java/3.6.1/protobuf-java-3.6.1.jar:/home/alex/.m2/repository/org/apiguardian/apiguardian-api/1.1.0/apiguardian-api-1.1.0.jar:/home/alex/.m2/repository/com/fasterxml/jackson/dataformat/jackson-dataformat-yaml/2.10.0/jackson-dataformat-yaml-2.10.0.jar:/home/alex/.m2/repository/org/yaml/snakeyaml/1.29/snakeyaml-1.29.jar:/home/alex/.m2/repository/com/google/uzaygezen/uzaygezen-core/0.2/uzaygezen-core-0.2.jar:/home/alex/.m2/repository/com/yahoo/datasketches/sketches-core/0.9.0/sketches-core-0.9.0.jar:/home/alex/.m2/repository/com/yahoo/datasketches/memory/0.9.0/memory-0.9.0.jar:/home/alex/.m2/repository/net/hydromatic/aggdesigner-algorithm/6.0/aggdesigner-algorithm-6.0.jar:/home/alex/.m2/repository/commons-lang/commons-lang/2.4/commons-lang-2.4.jar:/home/alex/.m2/repository/org/apache/commons/commons-dbcp2/2.6.0/commons-dbcp2-2.6.0.jar:/home/alex/.m2/repository/org/apache/commons/commons-pool2/2.6.1/commons-pool2-2.6.1.jar:/home/alex/.m2/repository/org/codehaus/janino/commons-compiler/3.0.11/commons-compiler-3.0.11.jar:/home/alex/.m2/repository/org/codehaus/janino/janino/3.0.11/janino-3.0.11.jar:/home/alex/Repositories/nifi/nifi-nar-bundles/nifi-standard-services/nifi-schema-registry-service-api/target/classes:/home/alex/Repositories/nifi/nifi-nar-bundles/nifi-extension-utils/nifi-database-utils/target/classes:/home/alex/Repositories/nifi/nifi-nar-bundles/nifi-standard-bundle/nifi-standard-web-test-utils/target/classes:/home/alex/.m2/repository/com/github/stefanbirkner/fake-sftp-server-rule/2.0.1/fake-sftp-server-rule-2.0.1.jar:/home/alex/.m2/repository/com/github/marschall/memoryfilesystem/2.8.0/memoryfilesystem-2.8.0.jar:/home/alex/.m2/repository/junit/junit/4.13.2/junit-4.13.2.jar:/home/alex/.m2/repository/org/hamcrest/hamcrest-core/1.3/hamcrest-core-1.3.jar:/home/alex/Repositories/nifi/nifi-nar-bundles/nifi-extension-utils/nifi-database-test-utils/target/classes:/home/alex/.m2/repository/org/codehaus/groovy/groovy-json/2.5.14/groovy-json-2.5.14.jar:/home/alex/.m2/repository/org/codehaus/groovy/groovy/2.5.14/groovy-2.5.14.jar:/home/alex/.m2/repository/org/codehaus/groovy/groovy-servlet/2.5.14/groovy-servlet-2.5.14.jar:/home/alex/.m2/repository/org/codehaus/groovy/groovy-templates/2.5.14/groovy-templates-2.5.14.jar:/home/alex/.m2/repository/org/codehaus/groovy/groovy-xml/2.5.14/groovy-xml-2.5.14.jar:/home/alex/.m2/repository/org/hamcrest/hamcrest-all/1.3/hamcrest-all-1.3.jar:/home/alex/.m2/repository/com/squareup/okhttp3/mockwebserver/4.9.2/mockwebserver-4.9.2.jar:/home/alex/.m2/repository/org/jetbrains/kotlin/kotlin-stdlib-jdk8/1.4.10/kotlin-stdlib-jdk8-1.4.10.jar:/home/alex/.m2/repository/org/jetbrains/kotlin/kotlin-stdlib-jdk7/1.4.10/kotlin-stdlib-jdk7-1.4.10.jar:/home/alex/.m2/repository/org/mockito/mockito-inline/3.12.4/mockito-inline-3.12.4.jar:/home/alex/.m2/repository/org/junit/jupiter/junit-jupiter-api/5.7.2/junit-jupiter-api-5.7.2.jar:/home/alex/.m2/repository/org/opentest4j/opentest4j/1.2.0/opentest4j-1.2.0.jar:/home/alex/.m2/repository/org/junit/platform/junit-platform-commons/1.7.2/junit-platform-commons-1.7.2.jar:/home/alex/.m2/repository/org/junit/jupiter/junit-jupiter-engine/5.7.2/junit-jupiter-engine-5.7.2.jar:/home/alex/.m2/repository/org/junit/platform/junit-platform-engine/1.7.2/junit-platform-engine-1.7.2.jar:/home/alex/.m2/repository/org/junit/vintage/junit-vintage-engine/5.7.2/junit-vintage-engine-5.7.2.jar:/home/alex/.m2/repository/org/junit/jupiter/junit-jupiter-params/5.7.2/junit-jupiter-params-5.7.2.jar:/home/alex/.m2/repository/org/mockito/mockito-core/3.11.2/mockito-core-3.11.2.jar:/home/alex/.m2/repository/net/bytebuddy/byte-buddy/1.11.3/byte-buddy-1.11.3.jar:/home/alex/.m2/repository/net/bytebuddy/byte-buddy-agent/1.11.3/byte-buddy-agent-1.11.3.jar:/home/alex/.m2/repository/org/objenesis/objenesis/3.2/objenesis-3.2.jar:/home/alex/.m2/repository/org/mockito/mockito-junit-jupiter/3.11.2/mockito-junit-jupiter-3.11.2.jar:/home/alex/.m2/repository/org/slf4j/slf4j-simple/1.7.32/slf4j-simple-1.7.32.jar:/home/alex/.m2/repository/org/codehaus/groovy/groovy-test/2.5.14/groovy-test-2.5.14.jar:"/>
    <property name="org.slf4j.simpleLogger.log.nifi.processors.standard.TestExecuteSQLRecord" value="debug"/>
    <property name="java.vm.vendor" value="Private Build"/>
    <property name="sun.arch.data.model" value="64"/>
    <property name="java.vendor.url" value="http://java.oracle.com/"/>
    <property name="user.timezone" value="Europe/Lisbon"/>
    <property name="java.vm.specification.version" value="1.8"/>
    <property name="os.name" value="Linux"/>
    <property name="user.country" value="US"/>
    <property name="sun.java.launcher" value="SUN_STANDARD"/>
    <property name="sun.boot.library.path" value="/usr/lib/jvm/java-8-openjdk-amd64/jre/lib/amd64"/>
    <property name="sun.java.command" value="/home/alex/Repositories/nifi/nifi-nar-bundles/nifi-standard-bundle/nifi-standard-processors/target/surefire/surefirebooter1968848106063708435.jar /home/alex/Repositories/nifi/nifi-nar-bundles/nifi-standard-bundle/nifi-standard-processors/target/surefire 2024-05-02T03-47-00_422-jvmRun1 surefire4606620135220886943tmp surefire_695667074623402873479tmp"/>
    <property name="org.slf4j.simpleLogger.log.nifi.io.nio" value="debug"/>
    <property name="surefire.test.class.path" value="/home/alex/Repositories/nifi/nifi-nar-bundles/nifi-standard-bundle/nifi-standard-processors/target/test-classes:/home/alex/Repositories/nifi/nifi-nar-bundles/nifi-standard-bundle/nifi-standard-processors/target/classes:/home/alex/.m2/repository/org/apache/ftpserver/ftpserver-core/1.1.1/ftpserver-core-1.1.1.jar:/home/alex/.m2/repository/org/apache/ftpserver/ftplet-api/1.1.1/ftplet-api-1.1.1.jar:/home/alex/.m2/repository/org/slf4j/slf4j-api/1.7.32/slf4j-api-1.7.32.jar:/home/alex/.m2/repository/org/apache/mina/mina-core/2.0.16/mina-core-2.0.16.jar:/home/alex/Repositories/nifi/nifi-api/target/classes:/home/alex/Repositories/nifi/nifi-commons/nifi-expression-language/target/classes:/home/alex/.m2/repository/org/antlr/antlr-runtime/3.5.2/antlr-runtime-3.5.2.jar:/home/alex/Repositories/nifi/nifi-commons/nifi-parameter/target/classes:/home/alex/Repositories/nifi/nifi-commons/nifi-uuid5/target/classes:/home/alex/.m2/repository/org/apache/commons/commons-text/1.8/commons-text-1.8.jar:/home/alex/Repositories/nifi/nifi-nar-bundles/nifi-extension-utils/nifi-processor-utils/target/classes:/home/alex/Repositories/nifi/nifi-commons/nifi-security-socket-ssl/target/classes:/home/alex/Repositories/nifi/nifi-nar-bundles/nifi-extension-utils/nifi-event-transport/target/classes:/home/alex/.m2/repository/io/netty/netty-handler/4.1.69.Final/netty-handler-4.1.69.Final.jar:/home/alex/.m2/repository/io/netty/netty-common/4.1.69.Final/netty-common-4.1.69.Final.jar:/home/alex/.m2/repository/io/netty/netty-resolver/4.1.69.Final/netty-resolver-4.1.69.Final.jar:/home/alex/.m2/repository/io/netty/netty-transport/4.1.69.Final/netty-transport-4.1.69.Final.jar:/home/alex/.m2/repository/io/netty/netty-codec/4.1.69.Final/netty-codec-4.1.69.Final.jar:/home/alex/Repositories/nifi/nifi-nar-bundles/nifi-extension-utils/nifi-syslog-utils/target/classes:/home/alex/.m2/repository/com/github/palindromicity/simple-syslog-5424/0.0.16/simple-syslog-5424-0.0.16.jar:/home/alex/.m2/repository/org/antlr/antlr4-runtime/4.7.2/antlr4-runtime-4.7.2.jar:/home/alex/Repositories/nifi/nifi-commons/nifi-utils/target/classes:/home/alex/Repositories/nifi/nifi-commons/nifi-record-path/target/classes:/home/alex/Repositories/nifi/nifi-commons/nifi-properties/target/classes:/home/alex/Repositories/nifi/nifi-commons/nifi-property-utils/target/classes:/home/alex/.m2/repository/com/github/ben-manes/caffeine/caffeine/2.8.1/caffeine-2.8.1.jar:/home/alex/Repositories/nifi/nifi-nar-bundles/nifi-standard-services/nifi-ssl-context-service-api/target/classes:/home/alex/Repositories/nifi/nifi-commons/nifi-security-utils-api/target/classes:/home/alex/Repositories/nifi/nifi-nar-bundles/nifi-standard-services/nifi-lookup-service-api/target/classes:/home/alex/Repositories/nifi/nifi-commons/nifi-flowfile-packager/target/classes:/home/alex/Repositories/nifi/nifi-nar-bundles/nifi-standard-services/nifi-distributed-cache-client-service-api/target/classes:/home/alex/Repositories/nifi/nifi-nar-bundles/nifi-standard-services/nifi-http-context-map-api/target/classes:/home/alex/Repositories/nifi/nifi-nar-bundles/nifi-standard-services/nifi-record-serialization-service-api/target/classes:/home/alex/Repositories/nifi/nifi-nar-bundles/nifi-standard-services/nifi-proxy-configuration-api/target/classes:/home/alex/Repositories/nifi/nifi-commons/nifi-record/target/classes:/home/alex/Repositories/nifi/nifi-nar-bundles/nifi-standard-services/nifi-record-sink-api/target/classes:/home/alex/.m2/repository/commons-io/commons-io/2.10.0/commons-io-2.10.0.jar:/home/alex/.m2/repository/javax/ws/rs/javax.ws.rs-api/2.1/javax.ws.rs-api-2.1.jar:/home/alex/.m2/repository/commons-net/commons-net/3.6/commons-net-3.6.jar:/home/alex/.m2/repository/org/apache/commons/commons-compress/1.21/commons-compress-1.21.jar:/home/alex/.m2/repository/org/apache/commons/commons-lang3/3.9/commons-lang3-3.9.jar:/home/alex/.m2/repository/org/bouncycastle/bcprov-jdk15on/1.69/bcprov-jdk15on-1.69.jar:/home/alex/.m2/repository/org/bouncycastle/bcpg-jdk15on/1.69/bcpg-jdk15on-1.69.jar:/home/alex/.m2/repository/org/bouncycastle/bcpkix-jdk15on/1.69/bcpkix-jdk15on-1.69.jar:/home/alex/.m2/repository/org/bouncycastle/bcutil-jdk15on/1.69/bcutil-jdk15on-1.69.jar:/home/alex/.m2/repository/commons-codec/commons-codec/1.14/commons-codec-1.14.jar:/home/alex/Repositories/nifi/nifi-commons/nifi-security-utils/target/classes:/home/alex/Repositories/nifi/nifi-commons/nifi-security-kms/target/classes:/home/alex/.m2/repository/org/apache/commons/commons-configuration2/2.7/commons-configuration2-2.7.jar:/home/alex/.m2/repository/com/hierynomus/sshj/0.32.0/sshj-0.32.0.jar:/home/alex/.m2/repository/com/jcraft/jzlib/1.1.3/jzlib-1.1.3.jar:/home/alex/.m2/repository/com/hierynomus/asn-one/0.6.0/asn-one-0.6.0.jar:/home/alex/.m2/repository/net/i2p/crypto/eddsa/0.3.0/eddsa-0.3.0.jar:/home/alex/.m2/repository/org/eclipse/jetty/jetty-server/9.4.44.v20210927/jetty-server-9.4.44.v20210927.jar:/home/alex/.m2/repository/javax/servlet/javax.servlet-api/3.1.0/javax.servlet-api-3.1.0.jar:/home/alex/.m2/repository/org/eclipse/jetty/jetty-http/9.4.44.v20210927/jetty-http-9.4.44.v20210927.jar:/home/alex/.m2/repository/org/eclipse/jetty/jetty-util/9.4.44.v20210927/jetty-util-9.4.44.v20210927.jar:/home/alex/.m2/repository/org/eclipse/jetty/jetty-io/9.4.44.v20210927/jetty-io-9.4.44.v20210927.jar:/home/alex/.m2/repository/org/eclipse/jetty/jetty-servlet/9.4.44.v20210927/jetty-servlet-9.4.44.v20210927.jar:/home/alex/.m2/repository/org/eclipse/jetty/jetty-security/9.4.44.v20210927/jetty-security-9.4.44.v20210927.jar:/home/alex/.m2/repository/org/eclipse/jetty/jetty-util-ajax/9.4.44.v20210927/jetty-util-ajax-9.4.44.v20210927.jar:/home/alex/.m2/repository/org/apache/httpcomponents/httpclient/4.5.5/httpclient-4.5.5.jar:/home/alex/.m2/repository/commons-logging/commons-logging/1.2/commons-logging-1.2.jar:/home/alex/.m2/repository/org/apache/httpcomponents/httpcore/4.4.9/httpcore-4.4.9.jar:/home/alex/.m2/repository/jakarta/activation/jakarta.activation-api/2.0.1/jakarta.activation-api-2.0.1.jar:/home/alex/.m2/repository/com/sun/activation/jakarta.activation/2.0.1/jakarta.activation-2.0.1.jar:/home/alex/.m2/repository/jakarta/mail/jakarta.mail-api/2.0.1/jakarta.mail-api-2.0.1.jar:/home/alex/.m2/repository/com/sun/mail/jakarta.mail/2.0.1/jakarta.mail-2.0.1.jar:/home/alex/.m2/repository/com/github/jponge/lzma-java/1.3/lzma-java-1.3.jar:/home/alex/.m2/repository/org/tukaani/xz/1.8/xz-1.8.jar:/home/alex/.m2/repository/net/sf/saxon/Saxon-HE/10.6/Saxon-HE-10.6.jar:/home/alex/Repositories/nifi/nifi-commons/nifi-socket-utils/target/classes:/home/alex/Repositories/nifi/nifi-commons/nifi-logging-utils/target/classes:/home/alex/Repositories/nifi/nifi-nar-bundles/nifi-standard-services/nifi-load-distribution-service-api/target/classes:/home/alex/.m2/repository/javax/jms/javax.jms-api/2.0.1/javax.jms-api-2.0.1.jar:/home/alex/.m2/repository/org/apache/activemq/activemq-client/5.15.15/activemq-client-5.15.15.jar:/home/alex/.m2/repository/org/apache/geronimo/specs/geronimo-jms_1.1_spec/1.1.1/geronimo-jms_1.1_spec-1.1.1.jar:/home/alex/.m2/repository/org/fusesource/hawtbuf/hawtbuf/1.11/hawtbuf-1.11.jar:/home/alex/.m2/repository/org/apache/geronimo/specs/geronimo-j2ee-management_1.1_spec/1.0.1/geronimo-j2ee-management_1.1_spec-1.0.1.jar:/home/alex/.m2/repository/com/jayway/jsonpath/json-path/2.6.0/json-path-2.6.0.jar:/home/alex/.m2/repository/net/minidev/json-smart/2.4.7/json-smart-2.4.7.jar:/home/alex/.m2/repository/net/minidev/accessors-smart/2.4.7/accessors-smart-2.4.7.jar:/home/alex/.m2/repository/org/ow2/asm/asm/9.1/asm-9.1.jar:/home/alex/.m2/repository/org/apache/tika/tika-core/1.26/tika-core-1.26.jar:/home/alex/.m2/repository/com/fasterxml/jackson/core/jackson-databind/2.12.3/jackson-databind-2.12.3.jar:/home/alex/.m2/repository/com/fasterxml/jackson/core/jackson-annotations/2.12.3/jackson-annotations-2.12.3.jar:/home/alex/.m2/repository/com/fasterxml/jackson/core/jackson-core/2.12.3/jackson-core-2.12.3.jar:/home/alex/Repositories/nifi/nifi-nar-bundles/nifi-extension-utils/nifi-record-utils/nifi-avro-record-utils/target/classes:/home/alex/Repositories/nifi/nifi-nar-bundles/nifi-extension-utils/nifi-record-utils/nifi-standard-record-utils/target/classes:/home/alex/.m2/repository/org/apache/avro/avro/1.8.1/avro-1.8.1.jar:/home/alex/.m2/repository/org/codehaus/jackson/jackson-core-asl/1.9.13/jackson-core-asl-1.9.13.jar:/home/alex/.m2/repository/org/codehaus/jackson/jackson-mapper-asl/1.9.13/jackson-mapper-asl-1.9.13.jar:/home/alex/.m2/repository/com/thoughtworks/paranamer/paranamer/2.7/paranamer-2.7.jar:/home/alex/Repositories/nifi/nifi-nar-bundles/nifi-standard-services/nifi-dbcp-service-api/target/classes:/home/alex/.m2/repository/com/squareup/okhttp3/okhttp/4.9.2/okhttp-4.9.2.jar:/home/alex/.m2/repository/com/squareup/okio/okio/2.8.0/okio-2.8.0.jar:/home/alex/.m2/repository/org/jetbrains/kotlin/kotlin-stdlib-common/1.4.0/kotlin-stdlib-common-1.4.0.jar:/home/alex/.m2/repository/org/jetbrains/kotlin/kotlin-stdlib/1.4.10/kotlin-stdlib-1.4.10.jar:/home/alex/.m2/repository/org/jetbrains/annotations/13.0/annotations-13.0.jar:/home/alex/.m2/repository/io/github/rburgst/okhttp-digest/2.5/okhttp-digest-2.5.jar:/home/alex/.m2/repository/at/favre/lib/bcrypt/0.9.0/bcrypt-0.9.0.jar:/home/alex/.m2/repository/at/favre/lib/bytes/1.3.0/bytes-1.3.0.jar:/home/alex/.m2/repository/com/google/guava/guava/28.0-jre/guava-28.0-jre.jar:/home/alex/.m2/repository/com/google/guava/failureaccess/1.0.1/failureaccess-1.0.1.jar:/home/alex/.m2/repository/com/google/guava/listenablefuture/9999.0-empty-to-avoid-conflict-with-guava/listenablefuture-9999.0-empty-to-avoid-conflict-with-guava.jar:/home/alex/.m2/repository/com/google/code/findbugs/jsr305/3.0.2/jsr305-3.0.2.jar:/home/alex/.m2/repository/org/checkerframework/checker-qual/2.8.1/checker-qual-2.8.1.jar:/home/alex/.m2/repository/com/google/errorprone/error_prone_annotations/2.3.2/error_prone_annotations-2.3.2.jar:/home/alex/.m2/repository/com/google/j2objc/j2objc-annotations/1.3/j2objc-annotations-1.3.jar:/home/alex/.m2/repository/org/codehaus/mojo/animal-sniffer-annotations/1.17/animal-sniffer-annotations-1.17.jar:/home/alex/Repositories/nifi/nifi-mock/target/classes:/home/alex/Repositories/nifi/nifi-framework-api/target/classes:/home/alex/Repositories/nifi/nifi-nar-bundles/nifi-framework-bundle/nifi-framework/nifi-framework-core-api/target/classes:/home/alex/Repositories/nifi/nifi-nar-bundles/nifi-framework-bundle/nifi-framework/nifi-framework-nar-utils/target/classes:/home/alex/Repositories/nifi/nifi-nar-bundles/nifi-framework-bundle/nifi-framework/nifi-client-dto/target/classes:/home/alex/.m2/repository/io/swagger/swagger-annotations/1.6.0/swagger-annotations-1.6.0.jar:/home/alex/Repositories/nifi/nifi-commons/nifi-site-to-site-client/target/classes:/home/alex/.m2/repository/org/apache/httpcomponents/httpasyncclient/4.1.4/httpasyncclient-4.1.4.jar:/home/alex/.m2/repository/org/apache/httpcomponents/httpcore-nio/4.4.10/httpcore-nio-4.4.10.jar:/home/alex/Repositories/nifi/nifi-nar-bundles/nifi-framework-bundle/nifi-framework/nifi-framework-authorization/target/classes:/home/alex/Repositories/nifi/nifi-registry/nifi-registry-core/nifi-registry-data-model/target/classes:/home/alex/Repositories/nifi/nifi-registry/nifi-registry-core/nifi-registry-revision/nifi-registry-revision-entity-model/target/classes:/home/alex/Repositories/nifi/nifi-registry/nifi-registry-core/nifi-registry-client/target/classes:/home/alex/Repositories/nifi/nifi-registry/nifi-registry-core/nifi-registry-security-utils/target/classes:/home/alex/.m2/repository/org/glassfish/jersey/core/jersey-client/2.33/jersey-client-2.33.jar:/home/alex/.m2/repository/jakarta/ws/rs/jakarta.ws.rs-api/2.1.6/jakarta.ws.rs-api-2.1.6.jar:/home/alex/.m2/repository/org/glassfish/hk2/external/jakarta.inject/2.6.1/jakarta.inject-2.6.1.jar:/home/alex/.m2/repository/org/glassfish/jersey/media/jersey-media-json-jackson/2.33/jersey-media-json-jackson-2.33.jar:/home/alex/.m2/repository/org/glassfish/jersey/ext/jersey-entity-filtering/2.33/jersey-entity-filtering-2.33.jar:/home/alex/.m2/repository/org/glassfish/jersey/inject/jersey-hk2/2.33/jersey-hk2-2.33.jar:/home/alex/.m2/repository/org/glassfish/hk2/hk2-locator/2.6.1/hk2-locator-2.6.1.jar:/home/alex/.m2/repository/org/glassfish/hk2/external/aopalliance-repackaged/2.6.1/aopalliance-repackaged-2.6.1.jar:/home/alex/.m2/repository/org/glassfish/hk2/hk2-api/2.6.1/hk2-api-2.6.1.jar:/home/alex/.m2/repository/org/glassfish/hk2/hk2-utils/2.6.1/hk2-utils-2.6.1.jar:/home/alex/.m2/repository/org/javassist/javassist/3.25.0-GA/javassist-3.25.0-GA.jar:/home/alex/.m2/repository/org/glassfish/jersey/core/jersey-common/2.33/jersey-common-2.33.jar:/home/alex/.m2/repository/jakarta/annotation/jakarta.annotation-api/1.3.5/jakarta.annotation-api-1.3.5.jar:/home/alex/.m2/repository/org/glassfish/hk2/osgi-resource-locator/1.0.3/osgi-resource-locator-1.0.3.jar:/home/alex/.m2/repository/org/glassfish/jersey/media/jersey-media-multipart/2.33/jersey-media-multipart-2.33.jar:/home/alex/.m2/repository/org/jvnet/mimepull/mimepull/1.9.13/mimepull-1.9.13.jar:/home/alex/Repositories/nifi/nifi-commons/nifi-data-provenance-utils/target/classes:/home/alex/Repositories/nifi/nifi-nar-bundles/nifi-standard-services/nifi-distributed-cache-services-bundle/nifi-distributed-cache-client-service/target/classes:/home/alex/Repositories/nifi/nifi-nar-bundles/nifi-standard-services/nifi-distributed-cache-services-bundle/nifi-distributed-cache-protocol/target/classes:/home/alex/.m2/repository/io/netty/netty-buffer/4.1.69.Final/netty-buffer-4.1.69.Final.jar:/home/alex/.m2/repository/com/google/http-client/google-http-client/1.28.0/google-http-client-1.28.0.jar:/home/alex/.m2/repository/io/opencensus/opencensus-api/0.18.0/opencensus-api-0.18.0.jar:/home/alex/.m2/repository/io/grpc/grpc-context/1.14.0/grpc-context-1.14.0.jar:/home/alex/.m2/repository/io/opencensus/opencensus-contrib-http-util/0.18.0/opencensus-contrib-http-util-0.18.0.jar:/home/alex/.m2/repository/org/apache/activemq/activemq-broker/5.15.14/activemq-broker-5.15.14.jar:/home/alex/.m2/repository/org/apache/activemq/activemq-openwire-legacy/5.15.14/activemq-openwire-legacy-5.15.14.jar:/home/alex/Repositories/nifi/nifi-nar-bundles/nifi-standard-services/nifi-ssl-context-bundle/nifi-ssl-context-service/target/classes:/home/alex/Repositories/nifi/nifi-nar-bundles/nifi-framework-bundle/nifi-framework/nifi-standard-prioritizers/target/classes:/home/alex/Repositories/nifi/nifi-nar-bundles/nifi-extension-utils/nifi-record-utils/nifi-mock-record-utils/target/classes:/home/alex/Repositories/nifi/nifi-nar-bundles/nifi-standard-services/nifi-record-serialization-services-bundle/nifi-record-serialization-services/target/classes:/home/alex/.m2/repository/org/apache/commons/commons-csv/1.8/commons-csv-1.8.jar:/home/alex/.m2/repository/com/fasterxml/jackson/dataformat/jackson-dataformat-csv/2.12.3/jackson-dataformat-csv-2.12.3.jar:/home/alex/.m2/repository/net/java/dev/stax-utils/stax-utils/20070216/stax-utils-20070216.jar:/home/alex/Repositories/nifi/nifi-nar-bundles/nifi-standard-services/nifi-lookup-services-bundle/nifi-lookup-services/target/classes:/home/alex/.m2/repository/commons-beanutils/commons-beanutils/1.9.4/commons-beanutils-1.9.4.jar:/home/alex/.m2/repository/commons-collections/commons-collections/3.2.2/commons-collections-3.2.2.jar:/home/alex/.m2/repository/com/maxmind/geoip2/geoip2/2.12.0/geoip2-2.12.0.jar:/home/alex/.m2/repository/com/maxmind/db/maxmind-db/1.2.2/maxmind-db-1.2.2.jar:/home/alex/.m2/repository/org/apache/derby/derby/10.14.2.0/derby-10.14.2.0.jar:/home/alex/.m2/repository/org/xerial/snappy/snappy-java/1.1.7.3/snappy-java-1.1.7.3.jar:/home/alex/.m2/repository/net/lingala/zip4j/zip4j/2.8.0/zip4j-2.8.0.jar:/home/alex/.m2/repository/com/h2database/h2/1.4.187/h2-1.4.187.jar:/home/alex/.m2/repository/org/mockftpserver/MockFtpServer/2.7.1/MockFtpServer-2.7.1.jar:/home/alex/.m2/repository/org/apache/sshd/sshd-core/1.7.0/sshd-core-1.7.0.jar:/home/alex/.m2/repository/com/bazaarvoice/jolt/jolt-core/0.1.1/jolt-core-0.1.1.jar:/home/alex/.m2/repository/javax/inject/javax.inject/1/javax.inject-1.jar:/home/alex/.m2/repository/com/bazaarvoice/jolt/json-utils/0.1.1/json-utils-0.1.1.jar:/home/alex/Repositories/nifi/nifi-nar-bundles/nifi-standard-bundle/nifi-standard-utils/target/classes:/home/alex/.m2/repository/net/sf/supercsv/super-csv/2.4.0/super-csv-2.4.0.jar:/home/alex/.m2/repository/com/fluenda/parcefone/2.1.0/parcefone-2.1.0.jar:/home/alex/.m2/repository/javax/validation/validation-api/1.1.0.Final/validation-api-1.1.0.Final.jar:/home/alex/.m2/repository/javax/el/javax.el-api/3.0.0/javax.el-api-3.0.0.jar:/home/alex/.m2/repository/com/github/wnameless/json/json-flattener/0.12.0/json-flattener-0.12.0.jar:/home/alex/.m2/repository/com/github/wnameless/json/json-base/2.0.0/json-base-2.0.0.jar:/home/alex/.m2/repository/org/apache/bval/bval-jsr/1.1.2/bval-jsr-1.1.2.jar:/home/alex/.m2/repository/org/apache/bval/bval-core/1.1.2/bval-core-1.1.2.jar:/home/alex/.m2/repository/io/krakens/java-grok/0.1.9/java-grok-0.1.9.jar:/home/alex/.m2/repository/org/apache/calcite/calcite-core/1.27.0/calcite-core-1.27.0.jar:/home/alex/.m2/repository/org/apache/calcite/calcite-linq4j/1.27.0/calcite-linq4j-1.27.0.jar:/home/alex/.m2/repository/com/esri/geometry/esri-geometry-api/2.2.0/esri-geometry-api-2.2.0.jar:/home/alex/.m2/repository/org/apache/calcite/avatica/avatica-core/1.18.0/avatica-core-1.18.0.jar:/home/alex/.m2/repository/org/apache/calcite/avatica/avatica-metrics/1.18.0/avatica-metrics-1.18.0.jar:/home/alex/.m2/repository/com/google/protobuf/protobuf-java/3.6.1/protobuf-java-3.6.1.jar:/home/alex/.m2/repository/org/apiguardian/apiguardian-api/1.1.0/apiguardian-api-1.1.0.jar:/home/alex/.m2/repository/com/fasterxml/jackson/dataformat/jackson-dataformat-yaml/2.10.0/jackson-dataformat-yaml-2.10.0.jar:/home/alex/.m2/repository/org/yaml/snakeyaml/1.29/snakeyaml-1.29.jar:/home/alex/.m2/repository/com/google/uzaygezen/uzaygezen-core/0.2/uzaygezen-core-0.2.jar:/home/alex/.m2/repository/com/yahoo/datasketches/sketches-core/0.9.0/sketches-core-0.9.0.jar:/home/alex/.m2/repository/com/yahoo/datasketches/memory/0.9.0/memory-0.9.0.jar:/home/alex/.m2/repository/net/hydromatic/aggdesigner-algorithm/6.0/aggdesigner-algorithm-6.0.jar:/home/alex/.m2/repository/commons-lang/commons-lang/2.4/commons-lang-2.4.jar:/home/alex/.m2/repository/org/apache/commons/commons-dbcp2/2.6.0/commons-dbcp2-2.6.0.jar:/home/alex/.m2/repository/org/apache/commons/commons-pool2/2.6.1/commons-pool2-2.6.1.jar:/home/alex/.m2/repository/org/codehaus/janino/commons-compiler/3.0.11/commons-compiler-3.0.11.jar:/home/alex/.m2/repository/org/codehaus/janino/janino/3.0.11/janino-3.0.11.jar:/home/alex/Repositories/nifi/nifi-nar-bundles/nifi-standard-services/nifi-schema-registry-service-api/target/classes:/home/alex/Repositories/nifi/nifi-nar-bundles/nifi-extension-utils/nifi-database-utils/target/classes:/home/alex/Repositories/nifi/nifi-nar-bundles/nifi-standard-bundle/nifi-standard-web-test-utils/target/classes:/home/alex/.m2/repository/com/github/stefanbirkner/fake-sftp-server-rule/2.0.1/fake-sftp-server-rule-2.0.1.jar:/home/alex/.m2/repository/com/github/marschall/memoryfilesystem/2.8.0/memoryfilesystem-2.8.0.jar:/home/alex/.m2/repository/junit/junit/4.13.2/junit-4.13.2.jar:/home/alex/.m2/repository/org/hamcrest/hamcrest-core/1.3/hamcrest-core-1.3.jar:/home/alex/Repositories/nifi/nifi-nar-bundles/nifi-extension-utils/nifi-database-test-utils/target/classes:/home/alex/.m2/repository/org/codehaus/groovy/groovy-json/2.5.14/groovy-json-2.5.14.jar:/home/alex/.m2/repository/org/codehaus/groovy/groovy/2.5.14/groovy-2.5.14.jar:/home/alex/.m2/repository/org/codehaus/groovy/groovy-servlet/2.5.14/groovy-servlet-2.5.14.jar:/home/alex/.m2/repository/org/codehaus/groovy/groovy-templates/2.5.14/groovy-templates-2.5.14.jar:/home/alex/.m2/repository/org/codehaus/groovy/groovy-xml/2.5.14/groovy-xml-2.5.14.jar:/home/alex/.m2/repository/org/hamcrest/hamcrest-all/1.3/hamcrest-all-1.3.jar:/home/alex/.m2/repository/com/squareup/okhttp3/mockwebserver/4.9.2/mockwebserver-4.9.2.jar:/home/alex/.m2/repository/org/jetbrains/kotlin/kotlin-stdlib-jdk8/1.4.10/kotlin-stdlib-jdk8-1.4.10.jar:/home/alex/.m2/repository/org/jetbrains/kotlin/kotlin-stdlib-jdk7/1.4.10/kotlin-stdlib-jdk7-1.4.10.jar:/home/alex/.m2/repository/org/mockito/mockito-inline/3.12.4/mockito-inline-3.12.4.jar:/home/alex/.m2/repository/org/junit/jupiter/junit-jupiter-api/5.7.2/junit-jupiter-api-5.7.2.jar:/home/alex/.m2/repository/org/opentest4j/opentest4j/1.2.0/opentest4j-1.2.0.jar:/home/alex/.m2/repository/org/junit/platform/junit-platform-commons/1.7.2/junit-platform-commons-1.7.2.jar:/home/alex/.m2/repository/org/junit/jupiter/junit-jupiter-engine/5.7.2/junit-jupiter-engine-5.7.2.jar:/home/alex/.m2/repository/org/junit/platform/junit-platform-engine/1.7.2/junit-platform-engine-1.7.2.jar:/home/alex/.m2/repository/org/junit/vintage/junit-vintage-engine/5.7.2/junit-vintage-engine-5.7.2.jar:/home/alex/.m2/repository/org/junit/jupiter/junit-jupiter-params/5.7.2/junit-jupiter-params-5.7.2.jar:/home/alex/.m2/repository/org/mockito/mockito-core/3.11.2/mockito-core-3.11.2.jar:/home/alex/.m2/repository/net/bytebuddy/byte-buddy/1.11.3/byte-buddy-1.11.3.jar:/home/alex/.m2/repository/net/bytebuddy/byte-buddy-agent/1.11.3/byte-buddy-agent-1.11.3.jar:/home/alex/.m2/repository/org/objenesis/objenesis/3.2/objenesis-3.2.jar:/home/alex/.m2/repository/org/mockito/mockito-junit-jupiter/3.11.2/mockito-junit-jupiter-3.11.2.jar:/home/alex/.m2/repository/org/slf4j/slf4j-simple/1.7.32/slf4j-simple-1.7.32.jar:/home/alex/.m2/repository/org/codehaus/groovy/groovy-test/2.5.14/groovy-test-2.5.14.jar:"/>
    <property name="sun.cpu.endian" value="little"/>
    <property name="user.home" value="/home/alex"/>
    <property name="user.language" value="en"/>
    <property name="java.specification.vendor" value="Oracle Corporation"/>
    <property name="java.home" value="/usr/lib/jvm/java-8-openjdk-amd64/jre"/>
    <property name="basedir" value="/home/alex/Repositories/nifi/nifi-nar-bundles/nifi-standard-bundle/nifi-standard-processors"/>
    <property name="file.separator" value="/"/>
    <property name="line.separator" value="&#10;"/>
    <property name="java.vm.specification.vendor" value="Oracle Corporation"/>
    <property name="java.specification.name" value="Java Platform API Specification"/>
    <property name="derby.stream.error.file" value="target/derby.log"/>
    <property name="org.slf4j.simpleLogger.log.org.apache.nifi" value="TRACE"/>
    <property name="javax.xml.xpath.XPathFactory:http://saxon.sf.net/jaxp/xpath/om" value="net.sf.saxon.xpath.XPathFactoryImpl"/>
    <property name="java.awt.graphicsenv" value="sun.awt.X11GraphicsEnvironment"/>
    <property name="org.slf4j.simpleLogger.log.org.apache.nifi.processors.standard.SQLTransform" value="debug"/>
    <property name="java.awt.headless" value="true"/>
    <property name="org.slf4j.simpleLogger.log.nifi.processors.standard.ExecuteSQLRecord" value="debug"/>
    <property name="org.slf4j.simpleLogger.showDateTime" value="true"/>
    <property name="surefire.real.class.path" value="/home/alex/Repositories/nifi/nifi-nar-bundles/nifi-standard-bundle/nifi-standard-processors/target/surefire/surefirebooter1968848106063708435.jar"/>
    <property name="sun.boot.class.path" value="/usr/lib/jvm/java-8-openjdk-amd64/jre/lib/resources.jar:/usr/lib/jvm/java-8-openjdk-amd64/jre/lib/rt.jar:/usr/lib/jvm/java-8-openjdk-amd64/jre/lib/sunrsasign.jar:/usr/lib/jvm/java-8-openjdk-amd64/jre/lib/jsse.jar:/usr/lib/jvm/java-8-openjdk-amd64/jre/lib/jce.jar:/usr/lib/jvm/java-8-openjdk-amd64/jre/lib/charsets.jar:/usr/lib/jvm/java-8-openjdk-amd64/jre/lib/jfr.jar:/usr/lib/jvm/java-8-openjdk-amd64/jre/classes"/>
    <property name="sun.management.compiler" value="HotSpot 64-Bit Tiered Compilers"/>
    <property name="org.slf4j.simpleLogger.log.nifi.processors.standard.TestExecuteSQL" value="debug"/>
    <property name="java.runtime.version" value="1.8.0_402-8u402-ga-2ubuntu1~22.04-b06"/>
    <property name="java.net.preferIPv4Stack" value="true"/>
    <property name="user.name" value="alex"/>
    <property name="path.separator" value=":"/>
    <property name="os.version" value="6.5.0-28-generic"/>
    <property name="java.endorsed.dirs" value="/usr/lib/jvm/java-8-openjdk-amd64/jre/lib/endorsed"/>
    <property name="java.runtime.name" value="OpenJDK Runtime Environment"/>
    <property name="org.slf4j.simpleLogger.log.nifi.processors.standard.DistributeLoad" value="debug"/>
    <property name="file.encoding" value="UTF-8"/>
    <property name="org.slf4j.simpleLogger.log.org.apache.nifi.processors.standard" value="DEBUG"/>
    <property name="org.slf4j.simpleLogger.log.nifi.processors.standard.ExecuteSQL" value="debug"/>
    <property name="sun.nio.ch.bugLevel" value=""/>
    <property name="java.vm.name" value="OpenJDK 64-Bit Server VM"/>
    <property name="localRepository" value="/home/alex/.m2/repository"/>
    <property name="java.vendor.url.bug" value="http://bugreport.sun.com/bugreport/"/>
    <property name="jetty.git.hash" value="8da83308eeca865e495e53ef315a249d63ba9332"/>
    <property name="java.io.tmpdir" value="/tmp"/>
    <property name="java.version" value="1.8.0_402"/>
    <property name="user.dir" value="/home/alex/Repositories/nifi/nifi-nar-bundles/nifi-standard-bundle/nifi-standard-processors"/>
    <property name="org.slf4j.simpleLogger.log.nifi.processors.standard.TestDetectDuplicate" value="debug"/>
    <property name="os.arch" value="amd64"/>
    <property name="java.vm.specification.name" value="Java Virtual Machine Specification"/>
    <property name="java.awt.printerjob" value="sun.print.PSPrinterJob"/>
    <property name="sun.os.patch.level" value="unknown"/>
    <property name="org.slf4j.simpleLogger.defaultLogLevel" value="info"/>
    <property name="java.library.path" value="/usr/java/packages/lib/amd64:/usr/lib/x86_64-linux-gnu/jni:/lib/x86_64-linux-gnu:/usr/lib/x86_64-linux-gnu:/usr/lib/jni:/lib:/usr/lib"/>
    <property name="java.vm.info" value="mixed mode"/>
    <property name="java.vendor" value="Private Build"/>
    <property name="java.vm.version" value="25.402-b06"/>
    <property name="org.slf4j.simpleLogger.log.nifi.processors.standard.DetectDuplicate" value="debug"/>
    <property name="java.specification.maintenance.version" value="5"/>
    <property name="java.ext.dirs" value="/usr/lib/jvm/java-8-openjdk-amd64/jre/lib/ext:/usr/java/packages/lib/ext"/>
    <property name="sun.io.unicode.encoding" value="UnicodeLittle"/>
    <property name="java.class.version" value="52.0"/>
  </properties>
  <testcase name="testSeparationStrategyNotKnown" classname="org.apache.nifi.processors.standard.TestRouteText" time="0.004"/>
  <testcase name="testRelationships" classname="org.apache.nifi.processors.standard.TestRouteText" time="0.002">
    <system-err><![CDATA[[main] DEBUG org.apache.nifi.processors.standard.RouteText - RouteText[id=c997c299-aee9-49f9-8175-f3630eb5a35e] Adding new dynamic property: PropertyDescriptor[simple]
[main] DEBUG org.apache.nifi.processors.standard.RouteText - RouteText[id=c997c299-aee9-49f9-8175-f3630eb5a35e] Adding new dynamic property: PropertyDescriptor[simple]
]]></system-err>
  </testcase>
  <testcase name="testSimpleContainsIgnoreCase" classname="org.apache.nifi.processors.standard.TestRouteText" time="0.004">
    <system-err><![CDATA[[main] DEBUG org.apache.nifi.processors.standard.RouteText - RouteText[id=3283dc46-e838-4e2b-b0f0-752c894ac0be] Adding new dynamic property: PropertyDescriptor[simple]
[pool-2303-thread-1] INFO org.apache.nifi.processors.standard.RouteText - RouteText[id=3283dc46-e838-4e2b-b0f0-752c894ac0be] Created FlowFile[1,99014245733940.mockFlowFile,17B] from FlowFile[0,99014245733940.mockFlowFile,26B]; routing to relationship simple
[pool-2303-thread-1] INFO org.apache.nifi.processors.standard.RouteText - RouteText[id=3283dc46-e838-4e2b-b0f0-752c894ac0be] Created FlowFile[2,99014245733940.mockFlowFile,9B] from FlowFile[0,99014245733940.mockFlowFile,26B]; routing to relationship unmatched
[pool-2303-thread-1] INFO org.apache.nifi.processors.standard.RouteText - RouteText[id=3283dc46-e838-4e2b-b0f0-752c894ac0be] Routing FlowFile[0,99014245733940.mockFlowFile,26B] to original
]]></system-err>
  </testcase>
  <testcase name="testSimpleDefaultContainRegularExpression" classname="org.apache.nifi.processors.standard.TestRouteText" time="0.004">
    <system-err><![CDATA[[main] DEBUG org.apache.nifi.processors.standard.RouteText - RouteText[id=4bedcd3a-c2c6-4834-879c-699ceb28a611] Adding new dynamic property: PropertyDescriptor[simple]
[pool-2304-thread-1] INFO org.apache.nifi.processors.standard.RouteText - RouteText[id=4bedcd3a-c2c6-4834-879c-699ceb28a611] Created FlowFile[1,99014249541751.mockFlowFile,17B] from FlowFile[0,99014249541751.mockFlowFile,26B]; routing to relationship simple
[pool-2304-thread-1] INFO org.apache.nifi.processors.standard.RouteText - RouteText[id=4bedcd3a-c2c6-4834-879c-699ceb28a611] Created FlowFile[2,99014249541751.mockFlowFile,9B] from FlowFile[0,99014249541751.mockFlowFile,26B]; routing to relationship unmatched
[pool-2304-thread-1] INFO org.apache.nifi.processors.standard.RouteText - RouteText[id=4bedcd3a-c2c6-4834-879c-699ceb28a611] Routing FlowFile[0,99014249541751.mockFlowFile,26B] to original
]]></system-err>
  </testcase>
  <testcase name="testXml" classname="org.apache.nifi.processors.standard.TestRouteText" time="0.001">
    <system-err><![CDATA[[main] DEBUG org.apache.nifi.processors.standard.RouteText - RouteText[id=ee9b99e0-5d22-46cf-98e4-6b5b78101ac4] Adding new dynamic property: PropertyDescriptor[element]
[main] DEBUG org.apache.nifi.processors.standard.RouteText - RouteText[id=ee9b99e0-5d22-46cf-98e4-6b5b78101ac4] Adding new dynamic property: PropertyDescriptor[NodeType]
[main] DEBUG org.apache.nifi.processors.standard.RouteText - RouteText[id=ee9b99e0-5d22-46cf-98e4-6b5b78101ac4] Adding new dynamic property: PropertyDescriptor[name]
[pool-2305-thread-1] INFO org.apache.nifi.processors.standard.RouteText - RouteText[id=ee9b99e0-5d22-46cf-98e4-6b5b78101ac4] Created FlowFile[4,XmlBundle.xsd,37B] from FlowFile[0,XmlBundle.xsd,1664B]; routing to relationship NodeType
[pool-2305-thread-1] INFO org.apache.nifi.processors.standard.RouteText - RouteText[id=ee9b99e0-5d22-46cf-98e4-6b5b78101ac4] Created FlowFile[2,XmlBundle.xsd,352B] from FlowFile[0,XmlBundle.xsd,1664B]; routing to relationship element
[pool-2305-thread-1] INFO org.apache.nifi.processors.standard.RouteText - RouteText[id=ee9b99e0-5d22-46cf-98e4-6b5b78101ac4] Created FlowFile[3,XmlBundle.xsd,468B] from FlowFile[0,XmlBundle.xsd,1664B]; routing to relationship name
[pool-2305-thread-1] INFO org.apache.nifi.processors.standard.RouteText - RouteText[id=ee9b99e0-5d22-46cf-98e4-6b5b78101ac4] Created FlowFile[1,XmlBundle.xsd,1196B] from FlowFile[0,XmlBundle.xsd,1664B]; routing to relationship unmatched
[pool-2305-thread-1] INFO org.apache.nifi.processors.standard.RouteText - RouteText[id=ee9b99e0-5d22-46cf-98e4-6b5b78101ac4] Routing FlowFile[0,XmlBundle.xsd,1664B] to original
]]></system-err>
  </testcase>
  <testcase name="testSatisfiesExpression" classname="org.apache.nifi.processors.standard.TestRouteText" time="0.006">
    <system-err><![CDATA[[main] DEBUG org.apache.nifi.processors.standard.RouteText - RouteText[id=ef63b48b-9b79-47b9-a30f-21cd12c3d55a] Adding new dynamic property: PropertyDescriptor[third-line]
[main] DEBUG org.apache.nifi.processors.standard.RouteText - RouteText[id=ef63b48b-9b79-47b9-a30f-21cd12c3d55a] Adding new dynamic property: PropertyDescriptor[empty]
[main] DEBUG org.apache.nifi.processors.standard.RouteText - RouteText[id=ef63b48b-9b79-47b9-a30f-21cd12c3d55a] Adding new dynamic property: PropertyDescriptor[second-field-you]
[pool-2306-thread-1] INFO org.apache.nifi.processors.standard.RouteText - RouteText[id=ef63b48b-9b79-47b9-a30f-21cd12c3d55a] Created FlowFile[3,99014256523759.mockFlowFile,14B] from FlowFile[0,99014256523759.mockFlowFile,28B]; routing to relationship third-line
[pool-2306-thread-1] INFO org.apache.nifi.processors.standard.RouteText - RouteText[id=ef63b48b-9b79-47b9-a30f-21cd12c3d55a] Created FlowFile[4,99014256523759.mockFlowFile,14B] from FlowFile[0,99014256523759.mockFlowFile,28B]; routing to relationship second-field-you
[pool-2306-thread-1] INFO org.apache.nifi.processors.standard.RouteText - RouteText[id=ef63b48b-9b79-47b9-a30f-21cd12c3d55a] Created FlowFile[2,99014256523759.mockFlowFile,8B] from FlowFile[0,99014256523759.mockFlowFile,28B]; routing to relationship empty
[pool-2306-thread-1] INFO org.apache.nifi.processors.standard.RouteText - RouteText[id=ef63b48b-9b79-47b9-a30f-21cd12c3d55a] Created FlowFile[1,99014256523759.mockFlowFile,6B] from FlowFile[0,99014256523759.mockFlowFile,28B]; routing to relationship unmatched
[pool-2306-thread-1] INFO org.apache.nifi.processors.standard.RouteText - RouteText[id=ef63b48b-9b79-47b9-a30f-21cd12c3d55a] Routing FlowFile[0,99014256523759.mockFlowFile,28B] to original
]]></system-err>
  </testcase>
  <testcase name="testRouteLineToMultipleRelationships" classname="org.apache.nifi.processors.standard.TestRouteText" time="0.001">
    <system-err><![CDATA[[main] DEBUG org.apache.nifi.processors.standard.RouteText - RouteText[id=a0a9f00f-1815-46af-ad85-3c331be40c59] Adding new dynamic property: PropertyDescriptor[z]
[main] DEBUG org.apache.nifi.processors.standard.RouteText - RouteText[id=a0a9f00f-1815-46af-ad85-3c331be40c59] Adding new dynamic property: PropertyDescriptor[e]
[main] DEBUG org.apache.nifi.processors.standard.RouteText - RouteText[id=a0a9f00f-1815-46af-ad85-3c331be40c59] Adding new dynamic property: PropertyDescriptor[t]
[pool-2307-thread-1] INFO org.apache.nifi.processors.standard.RouteText - RouteText[id=a0a9f00f-1815-46af-ad85-3c331be40c59] Created FlowFile[1,99014262107107.mockFlowFile,26B] from FlowFile[0,99014262107107.mockFlowFile,26B]; routing to relationship t
[pool-2307-thread-1] INFO org.apache.nifi.processors.standard.RouteText - RouteText[id=a0a9f00f-1815-46af-ad85-3c331be40c59] Created FlowFile[2,99014262107107.mockFlowFile,17B] from FlowFile[0,99014262107107.mockFlowFile,26B]; routing to relationship e
[pool-2307-thread-1] INFO org.apache.nifi.processors.standard.RouteText - RouteText[id=a0a9f00f-1815-46af-ad85-3c331be40c59] Routing FlowFile[0,99014262107107.mockFlowFile,26B] to original
]]></system-err>
  </testcase>
  <testcase name="testSimpleAllEnds" classname="org.apache.nifi.processors.standard.TestRouteText" time="0.001">
    <system-err><![CDATA[[main] DEBUG org.apache.nifi.processors.standard.RouteText - RouteText[id=cdcb34b5-7d8b-43f4-b378-780e8b942161] Adding new dynamic property: PropertyDescriptor[second]
[main] DEBUG org.apache.nifi.processors.standard.RouteText - RouteText[id=cdcb34b5-7d8b-43f4-b378-780e8b942161] Adding new dynamic property: PropertyDescriptor[simple]
[pool-2308-thread-1] INFO org.apache.nifi.processors.standard.RouteText - RouteText[id=cdcb34b5-7d8b-43f4-b378-780e8b942161] Created FlowFile[2,99014262901515.mockFlowFile,9B] from FlowFile[0,99014262901515.mockFlowFile,26B]; routing to relationship unmatched
[pool-2308-thread-1] INFO org.apache.nifi.processors.standard.RouteText - RouteText[id=cdcb34b5-7d8b-43f4-b378-780e8b942161] Created FlowFile[1,99014262901515.mockFlowFile,17B] from FlowFile[0,99014262901515.mockFlowFile,26B]; routing to relationship matched
[pool-2308-thread-1] INFO org.apache.nifi.processors.standard.RouteText - RouteText[id=cdcb34b5-7d8b-43f4-b378-780e8b942161] Routing FlowFile[0,99014262901515.mockFlowFile,26B] to original
]]></system-err>
  </testcase>
  <testcase name="testJson" classname="org.apache.nifi.processors.standard.TestRouteText" time="0.004">
    <system-err><![CDATA[[main] DEBUG org.apache.nifi.processors.standard.RouteText - RouteText[id=3c793af1-b2a4-43cb-8397-36b06f187e12] Adding new dynamic property: PropertyDescriptor[address]
[main] DEBUG org.apache.nifi.processors.standard.RouteText - RouteText[id=3c793af1-b2a4-43cb-8397-36b06f187e12] Adding new dynamic property: PropertyDescriptor[greeting]
[pool-2309-thread-1] INFO org.apache.nifi.processors.standard.RouteText - RouteText[id=3c793af1-b2a4-43cb-8397-36b06f187e12] Created FlowFile[2,json-sample.json,447B] from FlowFile[0,json-sample.json,12466B]; routing to relationship address
[pool-2309-thread-1] INFO org.apache.nifi.processors.standard.RouteText - RouteText[id=3c793af1-b2a4-43cb-8397-36b06f187e12] Created FlowFile[3,json-sample.json,463B] from FlowFile[0,json-sample.json,12466B]; routing to relationship greeting
[pool-2309-thread-1] INFO org.apache.nifi.processors.standard.RouteText - RouteText[id=3c793af1-b2a4-43cb-8397-36b06f187e12] Created FlowFile[1,json-sample.json,11556B] from FlowFile[0,json-sample.json,12466B]; routing to relationship unmatched
[pool-2309-thread-1] INFO org.apache.nifi.processors.standard.RouteText - RouteText[id=3c793af1-b2a4-43cb-8397-36b06f187e12] Routing FlowFile[0,json-sample.json,12466B] to original
]]></system-err>
  </testcase>
  <testcase name="testSimpleAllMatchRegularExpression" classname="org.apache.nifi.processors.standard.TestRouteText" time="0.001">
    <system-err><![CDATA[[main] DEBUG org.apache.nifi.processors.standard.RouteText - RouteText[id=6e5fce0a-9305-47ae-80d0-d6d46d37da71] Adding new dynamic property: PropertyDescriptor[second]
[main] DEBUG org.apache.nifi.processors.standard.RouteText - RouteText[id=6e5fce0a-9305-47ae-80d0-d6d46d37da71] Adding new dynamic property: PropertyDescriptor[simple]
[pool-2310-thread-1] INFO org.apache.nifi.processors.standard.RouteText - RouteText[id=6e5fce0a-9305-47ae-80d0-d6d46d37da71] Created FlowFile[2,99014268289824.mockFlowFile,9B] from FlowFile[0,99014268289824.mockFlowFile,26B]; routing to relationship unmatched
[pool-2310-thread-1] INFO org.apache.nifi.processors.standard.RouteText - RouteText[id=6e5fce0a-9305-47ae-80d0-d6d46d37da71] Created FlowFile[1,99014268289824.mockFlowFile,17B] from FlowFile[0,99014268289824.mockFlowFile,26B]; routing to relationship matched
[pool-2310-thread-1] INFO org.apache.nifi.processors.standard.RouteText - RouteText[id=6e5fce0a-9305-47ae-80d0-d6d46d37da71] Routing FlowFile[0,99014268289824.mockFlowFile,26B] to original
]]></system-err>
  </testcase>
  <testcase name="testSimpleAnyEnds" classname="org.apache.nifi.processors.standard.TestRouteText" time="0.001">
    <system-err><![CDATA[[main] DEBUG org.apache.nifi.processors.standard.RouteText - RouteText[id=0653871d-1f92-4d15-a867-2a579bb30780] Adding new dynamic property: PropertyDescriptor[simple]
[main] DEBUG org.apache.nifi.processors.standard.RouteText - RouteText[id=0653871d-1f92-4d15-a867-2a579bb30780] Adding new dynamic property: PropertyDescriptor[no]
[pool-2311-thread-1] INFO org.apache.nifi.processors.standard.RouteText - RouteText[id=0653871d-1f92-4d15-a867-2a579bb30780] Created FlowFile[2,99014269294114.mockFlowFile,9B] from FlowFile[0,99014269294114.mockFlowFile,26B]; routing to relationship unmatched
[pool-2311-thread-1] INFO org.apache.nifi.processors.standard.RouteText - RouteText[id=0653871d-1f92-4d15-a867-2a579bb30780] Created FlowFile[1,99014269294114.mockFlowFile,17B] from FlowFile[0,99014269294114.mockFlowFile,26B]; routing to relationship matched
[pool-2311-thread-1] INFO org.apache.nifi.processors.standard.RouteText - RouteText[id=0653871d-1f92-4d15-a867-2a579bb30780] Routing FlowFile[0,99014269294114.mockFlowFile,26B] to original
]]></system-err>
  </testcase>
  <testcase name="testSimpleCaseInsensitiveStartsMatch" classname="org.apache.nifi.processors.standard.TestRouteText" time="0.001">
    <system-err><![CDATA[[main] DEBUG org.apache.nifi.processors.standard.RouteText - RouteText[id=2ebd6239-0e68-4025-99ce-7f7b94959248] Adding new dynamic property: PropertyDescriptor[simple]
[pool-2312-thread-1] INFO org.apache.nifi.processors.standard.RouteText - RouteText[id=2ebd6239-0e68-4025-99ce-7f7b94959248] Created FlowFile[1,99014270416476.mockFlowFile,33B] from FlowFile[0,99014270416476.mockFlowFile,33B]; routing to relationship simple
[pool-2312-thread-1] INFO org.apache.nifi.processors.standard.RouteText - RouteText[id=2ebd6239-0e68-4025-99ce-7f7b94959248] Routing FlowFile[0,99014270416476.mockFlowFile,33B] to original
]]></system-err>
  </testcase>
  <testcase name="testMultipleGroupsSameRelationship" classname="org.apache.nifi.processors.standard.TestRouteText" time="0.001">
    <system-err><![CDATA[[main] DEBUG org.apache.nifi.processors.standard.RouteText - RouteText[id=3530b495-704b-42ac-a60f-ad55e6f452b6] Adding new dynamic property: PropertyDescriptor[o]
[pool-2313-thread-1] INFO org.apache.nifi.processors.standard.RouteText - RouteText[id=3530b495-704b-42ac-a60f-ad55e6f452b6] Created FlowFile[2,99014271345457.mockFlowFile,10B] from FlowFile[0,99014271345457.mockFlowFile,42B]; routing to relationship o
[pool-2313-thread-1] INFO org.apache.nifi.processors.standard.RouteText - RouteText[id=3530b495-704b-42ac-a60f-ad55e6f452b6] Created FlowFile[1,99014271345457.mockFlowFile,19B] from FlowFile[0,99014271345457.mockFlowFile,42B]; routing to relationship o
[pool-2313-thread-1] INFO org.apache.nifi.processors.standard.RouteText - RouteText[id=3530b495-704b-42ac-a60f-ad55e6f452b6] Created FlowFile[3,99014271345457.mockFlowFile,13B] from FlowFile[0,99014271345457.mockFlowFile,42B]; routing to relationship o
[pool-2313-thread-1] INFO org.apache.nifi.processors.standard.RouteText - RouteText[id=3530b495-704b-42ac-a60f-ad55e6f452b6] Routing FlowFile[0,99014271345457.mockFlowFile,42B] to original
]]></system-err>
  </testcase>
  <testcase name="testSimpleAnyEquals" classname="org.apache.nifi.processors.standard.TestRouteText" time="0.001">
    <system-err><![CDATA[[main] DEBUG org.apache.nifi.processors.standard.RouteText - RouteText[id=864e8113-6be0-4708-ac39-96a253950187] Adding new dynamic property: PropertyDescriptor[simple]
[main] DEBUG org.apache.nifi.processors.standard.RouteText - RouteText[id=864e8113-6be0-4708-ac39-96a253950187] Adding new dynamic property: PropertyDescriptor[no]
[pool-2314-thread-1] INFO org.apache.nifi.processors.standard.RouteText - RouteText[id=864e8113-6be0-4708-ac39-96a253950187] Created FlowFile[2,99014272624891.mockFlowFile,9B] from FlowFile[0,99014272624891.mockFlowFile,26B]; routing to relationship unmatched
[pool-2314-thread-1] INFO org.apache.nifi.processors.standard.RouteText - RouteText[id=864e8113-6be0-4708-ac39-96a253950187] Created FlowFile[1,99014272624891.mockFlowFile,17B] from FlowFile[0,99014272624891.mockFlowFile,26B]; routing to relationship matched
[pool-2314-thread-1] INFO org.apache.nifi.processors.standard.RouteText - RouteText[id=864e8113-6be0-4708-ac39-96a253950187] Routing FlowFile[0,99014272624891.mockFlowFile,26B] to original
]]></system-err>
  </testcase>
  <testcase name="testSimpleAnyStarts" classname="org.apache.nifi.processors.standard.TestRouteText" time="0.001">
    <system-err><![CDATA[[main] DEBUG org.apache.nifi.processors.standard.RouteText - RouteText[id=2b10e774-acea-4e51-9a35-c549c47da74b] Adding new dynamic property: PropertyDescriptor[simple]
[main] DEBUG org.apache.nifi.processors.standard.RouteText - RouteText[id=2b10e774-acea-4e51-9a35-c549c47da74b] Adding new dynamic property: PropertyDescriptor[no]
[pool-2315-thread-1] INFO org.apache.nifi.processors.standard.RouteText - RouteText[id=2b10e774-acea-4e51-9a35-c549c47da74b] Created FlowFile[2,99014273518068.mockFlowFile,9B] from FlowFile[0,99014273518068.mockFlowFile,26B]; routing to relationship unmatched
[pool-2315-thread-1] INFO org.apache.nifi.processors.standard.RouteText - RouteText[id=2b10e774-acea-4e51-9a35-c549c47da74b] Created FlowFile[1,99014273518068.mockFlowFile,17B] from FlowFile[0,99014273518068.mockFlowFile,26B]; routing to relationship matched
[pool-2315-thread-1] INFO org.apache.nifi.processors.standard.RouteText - RouteText[id=2b10e774-acea-4e51-9a35-c549c47da74b] Routing FlowFile[0,99014273518068.mockFlowFile,26B] to original
]]></system-err>
  </testcase>
  <testcase name="testGroupDifferentRelationships" classname="org.apache.nifi.processors.standard.TestRouteText" time="0.001">
    <system-err><![CDATA[[main] DEBUG org.apache.nifi.processors.standard.RouteText - RouteText[id=5bf8c7e3-1dcd-4019-8b18-517a44f2aa0c] Adding new dynamic property: PropertyDescriptor[l]
[pool-2316-thread-1] INFO org.apache.nifi.processors.standard.RouteText - RouteText[id=5bf8c7e3-1dcd-4019-8b18-517a44f2aa0c] Created FlowFile[2,99014274804796.mockFlowFile,8B] from FlowFile[0,99014274804796.mockFlowFile,33B]; routing to relationship l
[pool-2316-thread-1] INFO org.apache.nifi.processors.standard.RouteText - RouteText[id=5bf8c7e3-1dcd-4019-8b18-517a44f2aa0c] Created FlowFile[1,99014274804796.mockFlowFile,8B] from FlowFile[0,99014274804796.mockFlowFile,33B]; routing to relationship l
[pool-2316-thread-1] INFO org.apache.nifi.processors.standard.RouteText - RouteText[id=5bf8c7e3-1dcd-4019-8b18-517a44f2aa0c] Created FlowFile[4,99014274804796.mockFlowFile,6B] from FlowFile[0,99014274804796.mockFlowFile,33B]; routing to relationship unmatched
[pool-2316-thread-1] INFO org.apache.nifi.processors.standard.RouteText - RouteText[id=5bf8c7e3-1dcd-4019-8b18-517a44f2aa0c] Created FlowFile[3,99014274804796.mockFlowFile,11B] from FlowFile[0,99014274804796.mockFlowFile,33B]; routing to relationship unmatched
[pool-2316-thread-1] INFO org.apache.nifi.processors.standard.RouteText - RouteText[id=5bf8c7e3-1dcd-4019-8b18-517a44f2aa0c] Routing FlowFile[0,99014274804796.mockFlowFile,33B] to original
]]></system-err>
  </testcase>
  <testcase name="testGroupSameRelationship" classname="org.apache.nifi.processors.standard.TestRouteText" time="0.001">
    <system-err><![CDATA[[main] DEBUG org.apache.nifi.processors.standard.RouteText - RouteText[id=f51b2f1d-2634-467c-acda-fa4ee8b25898] Adding new dynamic property: PropertyDescriptor[o]
[pool-2317-thread-1] INFO org.apache.nifi.processors.standard.RouteText - RouteText[id=f51b2f1d-2634-467c-acda-fa4ee8b25898] Created FlowFile[2,99014276025811.mockFlowFile,8B] from FlowFile[0,99014276025811.mockFlowFile,26B]; routing to relationship o
[pool-2317-thread-1] INFO org.apache.nifi.processors.standard.RouteText - RouteText[id=f51b2f1d-2634-467c-acda-fa4ee8b25898] Created FlowFile[1,99014276025811.mockFlowFile,18B] from FlowFile[0,99014276025811.mockFlowFile,26B]; routing to relationship o
[pool-2317-thread-1] INFO org.apache.nifi.processors.standard.RouteText - RouteText[id=f51b2f1d-2634-467c-acda-fa4ee8b25898] Routing FlowFile[0,99014276025811.mockFlowFile,26B] to original
]]></system-err>
  </testcase>
  <testcase name="testSimpleDefaultEquals" classname="org.apache.nifi.processors.standard.TestRouteText" time="0.001">
    <system-err><![CDATA[[main] DEBUG org.apache.nifi.processors.standard.RouteText - RouteText[id=9f058fea-f879-4206-b46e-c2cedb0c4df1] Adding new dynamic property: PropertyDescriptor[simple]
[pool-2318-thread-1] INFO org.apache.nifi.processors.standard.RouteText - RouteText[id=9f058fea-f879-4206-b46e-c2cedb0c4df1] Created FlowFile[1,99014276859264.mockFlowFile,17B] from FlowFile[0,99014276859264.mockFlowFile,26B]; routing to relationship simple
[pool-2318-thread-1] INFO org.apache.nifi.processors.standard.RouteText - RouteText[id=9f058fea-f879-4206-b46e-c2cedb0c4df1] Created FlowFile[2,99014276859264.mockFlowFile,9B] from FlowFile[0,99014276859264.mockFlowFile,26B]; routing to relationship unmatched
[pool-2318-thread-1] INFO org.apache.nifi.processors.standard.RouteText - RouteText[id=9f058fea-f879-4206-b46e-c2cedb0c4df1] Routing FlowFile[0,99014276859264.mockFlowFile,26B] to original
]]></system-err>
  </testcase>
  <testcase name="testSimpleDefaultEnd" classname="org.apache.nifi.processors.standard.TestRouteText" time="0.001">
    <system-err><![CDATA[[main] DEBUG org.apache.nifi.processors.standard.RouteText - RouteText[id=0e6ccbf7-5d5a-464b-9c6e-1f23d2ad8a57] Adding new dynamic property: PropertyDescriptor[simple]
[pool-2319-thread-1] INFO org.apache.nifi.processors.standard.RouteText - RouteText[id=0e6ccbf7-5d5a-464b-9c6e-1f23d2ad8a57] Created FlowFile[1,99014277551274.mockFlowFile,17B] from FlowFile[0,99014277551274.mockFlowFile,26B]; routing to relationship simple
[pool-2319-thread-1] INFO org.apache.nifi.processors.standard.RouteText - RouteText[id=0e6ccbf7-5d5a-464b-9c6e-1f23d2ad8a57] Created FlowFile[2,99014277551274.mockFlowFile,9B] from FlowFile[0,99014277551274.mockFlowFile,26B]; routing to relationship unmatched
[pool-2319-thread-1] INFO org.apache.nifi.processors.standard.RouteText - RouteText[id=0e6ccbf7-5d5a-464b-9c6e-1f23d2ad8a57] Routing FlowFile[0,99014277551274.mockFlowFile,26B] to original
]]></system-err>
  </testcase>
  <testcase name="testSimpleDefaultStarts" classname="org.apache.nifi.processors.standard.TestRouteText" time="0">
    <system-err><![CDATA[[main] DEBUG org.apache.nifi.processors.standard.RouteText - RouteText[id=2b17caab-717b-4a1a-97c5-275ba42cfce7] Adding new dynamic property: PropertyDescriptor[simple]
[pool-2320-thread-1] INFO org.apache.nifi.processors.standard.RouteText - RouteText[id=2b17caab-717b-4a1a-97c5-275ba42cfce7] Created FlowFile[1,99014278280862.mockFlowFile,17B] from FlowFile[0,99014278280862.mockFlowFile,26B]; routing to relationship simple
[pool-2320-thread-1] INFO org.apache.nifi.processors.standard.RouteText - RouteText[id=2b17caab-717b-4a1a-97c5-275ba42cfce7] Created FlowFile[2,99014278280862.mockFlowFile,9B] from FlowFile[0,99014278280862.mockFlowFile,26B]; routing to relationship unmatched
[pool-2320-thread-1] INFO org.apache.nifi.processors.standard.RouteText - RouteText[id=2b17caab-717b-4a1a-97c5-275ba42cfce7] Routing FlowFile[0,99014278280862.mockFlowFile,26B] to original
]]></system-err>
  </testcase>
  <testcase name="testSimpleAnyContainRegularExpression" classname="org.apache.nifi.processors.standard.TestRouteText" time="0.001">
    <system-err><![CDATA[[main] DEBUG org.apache.nifi.processors.standard.RouteText - RouteText[id=87f97182-7bcc-4f7d-9935-c50e69270754] Adding new dynamic property: PropertyDescriptor[simple]
[main] DEBUG org.apache.nifi.processors.standard.RouteText - RouteText[id=87f97182-7bcc-4f7d-9935-c50e69270754] Adding new dynamic property: PropertyDescriptor[no]
[pool-2321-thread-1] INFO org.apache.nifi.processors.standard.RouteText - RouteText[id=87f97182-7bcc-4f7d-9935-c50e69270754] Created FlowFile[2,99014279062127.mockFlowFile,9B] from FlowFile[0,99014279062127.mockFlowFile,26B]; routing to relationship unmatched
[pool-2321-thread-1] INFO org.apache.nifi.processors.standard.RouteText - RouteText[id=87f97182-7bcc-4f7d-9935-c50e69270754] Created FlowFile[1,99014279062127.mockFlowFile,17B] from FlowFile[0,99014279062127.mockFlowFile,26B]; routing to relationship matched
[pool-2321-thread-1] INFO org.apache.nifi.processors.standard.RouteText - RouteText[id=87f97182-7bcc-4f7d-9935-c50e69270754] Routing FlowFile[0,99014279062127.mockFlowFile,26B] to original
]]></system-err>
  </testcase>
  <testcase name="testSimpleCaseSensitiveStartsMatch" classname="org.apache.nifi.processors.standard.TestRouteText" time="0.001">
    <system-err><![CDATA[[main] DEBUG org.apache.nifi.processors.standard.RouteText - RouteText[id=ac2d88c1-719c-4eee-8d2e-4eb621857136] Adding new dynamic property: PropertyDescriptor[simple]
[pool-2322-thread-1] INFO org.apache.nifi.processors.standard.RouteText - RouteText[id=ac2d88c1-719c-4eee-8d2e-4eb621857136] Created FlowFile[2,99014280087568.mockFlowFile,16B] from FlowFile[0,99014280087568.mockFlowFile,33B]; routing to relationship simple
[pool-2322-thread-1] INFO org.apache.nifi.processors.standard.RouteText - RouteText[id=ac2d88c1-719c-4eee-8d2e-4eb621857136] Created FlowFile[1,99014280087568.mockFlowFile,17B] from FlowFile[0,99014280087568.mockFlowFile,33B]; routing to relationship unmatched
[pool-2322-thread-1] INFO org.apache.nifi.processors.standard.RouteText - RouteText[id=ac2d88c1-719c-4eee-8d2e-4eb621857136] Routing FlowFile[0,99014280087568.mockFlowFile,33B] to original
]]></system-err>
  </testcase>
  <testcase name="testPatternCache" classname="org.apache.nifi.processors.standard.TestRouteText" time="1.04">
    <system-err><![CDATA[[main] DEBUG org.apache.nifi.processors.standard.RouteText - RouteText[id=a680ad74-d0b5-404d-9505-4b7cb994baf3] Adding new dynamic property: PropertyDescriptor[simple]
[pool-2323-thread-1] INFO org.apache.nifi.processors.standard.RouteText - RouteText[id=a680ad74-d0b5-404d-9505-4b7cb994baf3] Created FlowFile[2,99014280903533.mockFlowFile,9B] from FlowFile[0,99014280903533.mockFlowFile,9B]; routing to relationship unmatched
[pool-2323-thread-1] INFO org.apache.nifi.processors.standard.RouteText - RouteText[id=a680ad74-d0b5-404d-9505-4b7cb994baf3] Routing FlowFile[0,99014280903533.mockFlowFile,9B] to original
[pool-2323-thread-1] INFO org.apache.nifi.processors.standard.RouteText - RouteText[id=a680ad74-d0b5-404d-9505-4b7cb994baf3] Created FlowFile[3,99014280944063.mockFlowFile,15B] from FlowFile[1,99014280944063.mockFlowFile,15B]; routing to relationship unmatched
[pool-2323-thread-1] INFO org.apache.nifi.processors.standard.RouteText - RouteText[id=a680ad74-d0b5-404d-9505-4b7cb994baf3] Routing FlowFile[1,99014280944063.mockFlowFile,15B] to original
[main] DEBUG org.apache.nifi.processors.standard.RouteText - RouteText[id=a680ad74-d0b5-404d-9505-4b7cb994baf3] Adding new dynamic property: PropertyDescriptor[simple]
[pool-2324-thread-1] INFO org.apache.nifi.processors.standard.RouteText - RouteText[id=a680ad74-d0b5-404d-9505-4b7cb994baf3] Created FlowFile[5,99014282212632.mockFlowFile,21B] from FlowFile[4,99014282212632.mockFlowFile,21B]; routing to relationship simple
[pool-2324-thread-1] INFO org.apache.nifi.processors.standard.RouteText - RouteText[id=a680ad74-d0b5-404d-9505-4b7cb994baf3] Routing FlowFile[4,99014282212632.mockFlowFile,21B] to original
[main] DEBUG org.apache.nifi.processors.standard.RouteText - RouteText[id=a680ad74-d0b5-404d-9505-4b7cb994baf3] Adding new dynamic property: PropertyDescriptor[simple]
[pool-2325-thread-1] INFO org.apache.nifi.processors.standard.RouteText - RouteText[id=a680ad74-d0b5-404d-9505-4b7cb994baf3] Created FlowFile[7,99014282861692.mockFlowFile,21B] from FlowFile[6,99014282861692.mockFlowFile,21B]; routing to relationship simple
[pool-2325-thread-1] INFO org.apache.nifi.processors.standard.RouteText - RouteText[id=a680ad74-d0b5-404d-9505-4b7cb994baf3] Routing FlowFile[6,99014282861692.mockFlowFile,21B] to original
[main] DEBUG org.apache.nifi.processors.standard.RouteText - RouteText[id=a680ad74-d0b5-404d-9505-4b7cb994baf3] Adding new dynamic property: PropertyDescriptor[simple]
[pool-2326-thread-1] INFO org.apache.nifi.processors.standard.RouteText - RouteText[id=a680ad74-d0b5-404d-9505-4b7cb994baf3] Created FlowFile[9,99014283422092.mockFlowFile,21B] from FlowFile[8,99014283422092.mockFlowFile,21B]; routing to relationship simple
[pool-2326-thread-1] INFO org.apache.nifi.processors.standard.RouteText - RouteText[id=a680ad74-d0b5-404d-9505-4b7cb994baf3] Routing FlowFile[8,99014283422092.mockFlowFile,21B] to original
[main] DEBUG org.apache.nifi.processors.standard.RouteText - RouteText[id=a680ad74-d0b5-404d-9505-4b7cb994baf3] Adding new dynamic property: PropertyDescriptor[simple]
[pool-2327-thread-1] INFO org.apache.nifi.processors.standard.RouteText - RouteText[id=a680ad74-d0b5-404d-9505-4b7cb994baf3] Created FlowFile[11,99014283999610.mockFlowFile,21B] from FlowFile[10,99014283999610.mockFlowFile,21B]; routing to relationship simple
[pool-2327-thread-1] INFO org.apache.nifi.processors.standard.RouteText - RouteText[id=a680ad74-d0b5-404d-9505-4b7cb994baf3] Routing FlowFile[10,99014283999610.mockFlowFile,21B] to original
[main] DEBUG org.apache.nifi.processors.standard.RouteText - RouteText[id=a680ad74-d0b5-404d-9505-4b7cb994baf3] Adding new dynamic property: PropertyDescriptor[simple]
[pool-2328-thread-1] INFO org.apache.nifi.processors.standard.RouteText - RouteText[id=a680ad74-d0b5-404d-9505-4b7cb994baf3] Created FlowFile[13,99014284667876.mockFlowFile,21B] from FlowFile[12,99014284667876.mockFlowFile,21B]; routing to relationship simple
[pool-2328-thread-1] INFO org.apache.nifi.processors.standard.RouteText - RouteText[id=a680ad74-d0b5-404d-9505-4b7cb994baf3] Routing FlowFile[12,99014284667876.mockFlowFile,21B] to original
[main] DEBUG org.apache.nifi.processors.standard.RouteText - RouteText[id=a680ad74-d0b5-404d-9505-4b7cb994baf3] Adding new dynamic property: PropertyDescriptor[simple]
[pool-2329-thread-1] INFO org.apache.nifi.processors.standard.RouteText - RouteText[id=a680ad74-d0b5-404d-9505-4b7cb994baf3] Created FlowFile[15,99014285242863.mockFlowFile,21B] from FlowFile[14,99014285242863.mockFlowFile,21B]; routing to relationship simple
[pool-2329-thread-1] INFO org.apache.nifi.processors.standard.RouteText - RouteText[id=a680ad74-d0b5-404d-9505-4b7cb994baf3] Routing FlowFile[14,99014285242863.mockFlowFile,21B] to original
[main] DEBUG org.apache.nifi.processors.standard.RouteText - RouteText[id=a680ad74-d0b5-404d-9505-4b7cb994baf3] Adding new dynamic property: PropertyDescriptor[simple]
[pool-2330-thread-1] INFO org.apache.nifi.processors.standard.RouteText - RouteText[id=a680ad74-d0b5-404d-9505-4b7cb994baf3] Created FlowFile[17,99014285802455.mockFlowFile,21B] from FlowFile[16,99014285802455.mockFlowFile,21B]; routing to relationship simple
[pool-2330-thread-1] INFO org.apache.nifi.processors.standard.RouteText - RouteText[id=a680ad74-d0b5-404d-9505-4b7cb994baf3] Routing FlowFile[16,99014285802455.mockFlowFile,21B] to original
[main] DEBUG org.apache.nifi.processors.standard.RouteText - RouteText[id=a680ad74-d0b5-404d-9505-4b7cb994baf3] Adding new dynamic property: PropertyDescriptor[simple]
[pool-2331-thread-1] INFO org.apache.nifi.processors.standard.RouteText - RouteText[id=a680ad74-d0b5-404d-9505-4b7cb994baf3] Created FlowFile[19,99014286375660.mockFlowFile,21B] from FlowFile[18,99014286375660.mockFlowFile,21B]; routing to relationship simple
[pool-2331-thread-1] INFO org.apache.nifi.processors.standard.RouteText - RouteText[id=a680ad74-d0b5-404d-9505-4b7cb994baf3] Routing FlowFile[18,99014286375660.mockFlowFile,21B] to original
[main] DEBUG org.apache.nifi.processors.standard.RouteText - RouteText[id=a680ad74-d0b5-404d-9505-4b7cb994baf3] Adding new dynamic property: PropertyDescriptor[simple]
[pool-2332-thread-1] INFO org.apache.nifi.processors.standard.RouteText - RouteText[id=a680ad74-d0b5-404d-9505-4b7cb994baf3] Created FlowFile[21,99014286927323.mockFlowFile,21B] from FlowFile[20,99014286927323.mockFlowFile,21B]; routing to relationship simple
[pool-2332-thread-1] INFO org.apache.nifi.processors.standard.RouteText - RouteText[id=a680ad74-d0b5-404d-9505-4b7cb994baf3] Routing FlowFile[20,99014286927323.mockFlowFile,21B] to original
[main] DEBUG org.apache.nifi.processors.standard.RouteText - RouteText[id=a680ad74-d0b5-404d-9505-4b7cb994baf3] Adding new dynamic property: PropertyDescriptor[simple]
[pool-2333-thread-1] INFO org.apache.nifi.processors.standard.RouteText - RouteText[id=a680ad74-d0b5-404d-9505-4b7cb994baf3] Created FlowFile[23,99014287490166.mockFlowFile,21B] from FlowFile[22,99014287490166.mockFlowFile,21B]; routing to relationship simple
[pool-2333-thread-1] INFO org.apache.nifi.processors.standard.RouteText - RouteText[id=a680ad74-d0b5-404d-9505-4b7cb994baf3] Routing FlowFile[22,99014287490166.mockFlowFile,21B] to original
[main] DEBUG org.apache.nifi.processors.standard.RouteText - RouteText[id=a680ad74-d0b5-404d-9505-4b7cb994baf3] Adding new dynamic property: PropertyDescriptor[simple]
[pool-2334-thread-1] INFO org.apache.nifi.processors.standard.RouteText - RouteText[id=a680ad74-d0b5-404d-9505-4b7cb994baf3] Created FlowFile[25,99014288011851.mockFlowFile,22B] from FlowFile[24,99014288011851.mockFlowFile,22B]; routing to relationship simple
[pool-2334-thread-1] INFO org.apache.nifi.processors.standard.RouteText - RouteText[id=a680ad74-d0b5-404d-9505-4b7cb994baf3] Routing FlowFile[24,99014288011851.mockFlowFile,22B] to original
[main] DEBUG org.apache.nifi.processors.standard.RouteText - RouteText[id=a680ad74-d0b5-404d-9505-4b7cb994baf3] Adding new dynamic property: PropertyDescriptor[simple]
[pool-2335-thread-1] INFO org.apache.nifi.processors.standard.RouteText - RouteText[id=a680ad74-d0b5-404d-9505-4b7cb994baf3] Created FlowFile[27,99014288504721.mockFlowFile,22B] from FlowFile[26,99014288504721.mockFlowFile,22B]; routing to relationship simple
[pool-2335-thread-1] INFO org.apache.nifi.processors.standard.RouteText - RouteText[id=a680ad74-d0b5-404d-9505-4b7cb994baf3] Routing FlowFile[26,99014288504721.mockFlowFile,22B] to original
[main] DEBUG org.apache.nifi.processors.standard.RouteText - RouteText[id=a680ad74-d0b5-404d-9505-4b7cb994baf3] Adding new dynamic property: PropertyDescriptor[simple]
[pool-2336-thread-1] INFO org.apache.nifi.processors.standard.RouteText - RouteText[id=a680ad74-d0b5-404d-9505-4b7cb994baf3] Created FlowFile[29,99014288997252.mockFlowFile,22B] from FlowFile[28,99014288997252.mockFlowFile,22B]; routing to relationship simple
[pool-2336-thread-1] INFO org.apache.nifi.processors.standard.RouteText - RouteText[id=a680ad74-d0b5-404d-9505-4b7cb994baf3] Routing FlowFile[28,99014288997252.mockFlowFile,22B] to original
[main] DEBUG org.apache.nifi.processors.standard.RouteText - RouteText[id=a680ad74-d0b5-404d-9505-4b7cb994baf3] Adding new dynamic property: PropertyDescriptor[simple]
[pool-2337-thread-1] INFO org.apache.nifi.processors.standard.RouteText - RouteText[id=a680ad74-d0b5-404d-9505-4b7cb994baf3] Created FlowFile[31,99014289577039.mockFlowFile,22B] from FlowFile[30,99014289577039.mockFlowFile,22B]; routing to relationship simple
[pool-2337-thread-1] INFO org.apache.nifi.processors.standard.RouteText - RouteText[id=a680ad74-d0b5-404d-9505-4b7cb994baf3] Routing FlowFile[30,99014289577039.mockFlowFile,22B] to original
[main] DEBUG org.apache.nifi.processors.standard.RouteText - RouteText[id=a680ad74-d0b5-404d-9505-4b7cb994baf3] Adding new dynamic property: PropertyDescriptor[simple]
[pool-2338-thread-1] INFO org.apache.nifi.processors.standard.RouteText - RouteText[id=a680ad74-d0b5-404d-9505-4b7cb994baf3] Created FlowFile[33,99014290183990.mockFlowFile,22B] from FlowFile[32,99014290183990.mockFlowFile,22B]; routing to relationship simple
[pool-2338-thread-1] INFO org.apache.nifi.processors.standard.RouteText - RouteText[id=a680ad74-d0b5-404d-9505-4b7cb994baf3] Routing FlowFile[32,99014290183990.mockFlowFile,22B] to original
[main] DEBUG org.apache.nifi.processors.standard.RouteText - RouteText[id=a680ad74-d0b5-404d-9505-4b7cb994baf3] Adding new dynamic property: PropertyDescriptor[simple]
[pool-2339-thread-1] INFO org.apache.nifi.processors.standard.RouteText - RouteText[id=a680ad74-d0b5-404d-9505-4b7cb994baf3] Created FlowFile[35,99014290759456.mockFlowFile,22B] from FlowFile[34,99014290759456.mockFlowFile,22B]; routing to relationship simple
[pool-2339-thread-1] INFO org.apache.nifi.processors.standard.RouteText - RouteText[id=a680ad74-d0b5-404d-9505-4b7cb994baf3] Routing FlowFile[34,99014290759456.mockFlowFile,22B] to original
[main] DEBUG org.apache.nifi.processors.standard.RouteText - RouteText[id=a680ad74-d0b5-404d-9505-4b7cb994baf3] Adding new dynamic property: PropertyDescriptor[simple]
[pool-2340-thread-1] INFO org.apache.nifi.processors.standard.RouteText - RouteText[id=a680ad74-d0b5-404d-9505-4b7cb994baf3] Created FlowFile[37,99014291326457.mockFlowFile,22B] from FlowFile[36,99014291326457.mockFlowFile,22B]; routing to relationship simple
[pool-2340-thread-1] INFO org.apache.nifi.processors.standard.RouteText - RouteText[id=a680ad74-d0b5-404d-9505-4b7cb994baf3] Routing FlowFile[36,99014291326457.mockFlowFile,22B] to original
[main] DEBUG org.apache.nifi.processors.standard.RouteText - RouteText[id=a680ad74-d0b5-404d-9505-4b7cb994baf3] Adding new dynamic property: PropertyDescriptor[simple]
[pool-2341-thread-1] INFO org.apache.nifi.processors.standard.RouteText - RouteText[id=a680ad74-d0b5-404d-9505-4b7cb994baf3] Created FlowFile[39,99014291880876.mockFlowFile,22B] from FlowFile[38,99014291880876.mockFlowFile,22B]; routing to relationship simple
[pool-2341-thread-1] INFO org.apache.nifi.processors.standard.RouteText - RouteText[id=a680ad74-d0b5-404d-9505-4b7cb994baf3] Routing FlowFile[38,99014291880876.mockFlowFile,22B] to original
[main] DEBUG org.apache.nifi.processors.standard.RouteText - RouteText[id=a680ad74-d0b5-404d-9505-4b7cb994baf3] Adding new dynamic property: PropertyDescriptor[simple]
[pool-2342-thread-1] INFO org.apache.nifi.processors.standard.RouteText - RouteText[id=a680ad74-d0b5-404d-9505-4b7cb994baf3] Created FlowFile[41,99014292454613.mockFlowFile,22B] from FlowFile[40,99014292454613.mockFlowFile,22B]; routing to relationship simple
[pool-2342-thread-1] INFO org.apache.nifi.processors.standard.RouteText - RouteText[id=a680ad74-d0b5-404d-9505-4b7cb994baf3] Routing FlowFile[40,99014292454613.mockFlowFile,22B] to original
[main] DEBUG org.apache.nifi.processors.standard.RouteText - RouteText[id=a680ad74-d0b5-404d-9505-4b7cb994baf3] Adding new dynamic property: PropertyDescriptor[simple]
[pool-2343-thread-1] INFO org.apache.nifi.processors.standard.RouteText - RouteText[id=a680ad74-d0b5-404d-9505-4b7cb994baf3] Created FlowFile[43,99014293058127.mockFlowFile,22B] from FlowFile[42,99014293058127.mockFlowFile,22B]; routing to relationship simple
[pool-2343-thread-1] INFO org.apache.nifi.processors.standard.RouteText - RouteText[id=a680ad74-d0b5-404d-9505-4b7cb994baf3] Routing FlowFile[42,99014293058127.mockFlowFile,22B] to original
[main] DEBUG org.apache.nifi.processors.standard.RouteText - RouteText[id=a680ad74-d0b5-404d-9505-4b7cb994baf3] Adding new dynamic property: PropertyDescriptor[simple]
[pool-2344-thread-1] INFO org.apache.nifi.processors.standard.RouteText - RouteText[id=a680ad74-d0b5-404d-9505-4b7cb994baf3] Created FlowFile[45,99014293601618.mockFlowFile,22B] from FlowFile[44,99014293601618.mockFlowFile,22B]; routing to relationship simple
[pool-2344-thread-1] INFO org.apache.nifi.processors.standard.RouteText - RouteText[id=a680ad74-d0b5-404d-9505-4b7cb994baf3] Routing FlowFile[44,99014293601618.mockFlowFile,22B] to original
[main] DEBUG org.apache.nifi.processors.standard.RouteText - RouteText[id=a680ad74-d0b5-404d-9505-4b7cb994baf3] Adding new dynamic property: PropertyDescriptor[simple]
[pool-2345-thread-1] INFO org.apache.nifi.processors.standard.RouteText - RouteText[id=a680ad74-d0b5-404d-9505-4b7cb994baf3] Created FlowFile[47,99014294124074.mockFlowFile,22B] from FlowFile[46,99014294124074.mockFlowFile,22B]; routing to relationship simple
[pool-2345-thread-1] INFO org.apache.nifi.processors.standard.RouteText - RouteText[id=a680ad74-d0b5-404d-9505-4b7cb994baf3] Routing FlowFile[46,99014294124074.mockFlowFile,22B] to original
[main] DEBUG org.apache.nifi.processors.standard.RouteText - RouteText[id=a680ad74-d0b5-404d-9505-4b7cb994baf3] Adding new dynamic property: PropertyDescriptor[simple]
[pool-2346-thread-1] INFO org.apache.nifi.processors.standard.RouteText - RouteText[id=a680ad74-d0b5-404d-9505-4b7cb994baf3] Created FlowFile[49,99014294649830.mockFlowFile,22B] from FlowFile[48,99014294649830.mockFlowFile,22B]; routing to relationship simple
[pool-2346-thread-1] INFO org.apache.nifi.processors.standard.RouteText - RouteText[id=a680ad74-d0b5-404d-9505-4b7cb994baf3] Routing FlowFile[48,99014294649830.mockFlowFile,22B] to original
[main] DEBUG org.apache.nifi.processors.standard.RouteText - RouteText[id=a680ad74-d0b5-404d-9505-4b7cb994baf3] Adding new dynamic property: PropertyDescriptor[simple]
[pool-2347-thread-1] INFO org.apache.nifi.processors.standard.RouteText - RouteText[id=a680ad74-d0b5-404d-9505-4b7cb994baf3] Created FlowFile[51,99014295160058.mockFlowFile,22B] from FlowFile[50,99014295160058.mockFlowFile,22B]; routing to relationship simple
[pool-2347-thread-1] INFO org.apache.nifi.processors.standard.RouteText - RouteText[id=a680ad74-d0b5-404d-9505-4b7cb994baf3] Routing FlowFile[50,99014295160058.mockFlowFile,22B] to original
[main] DEBUG org.apache.nifi.processors.standard.RouteText - RouteText[id=a680ad74-d0b5-404d-9505-4b7cb994baf3] Adding new dynamic property: PropertyDescriptor[simple]
[pool-2348-thread-1] INFO org.apache.nifi.processors.standard.RouteText - RouteText[id=a680ad74-d0b5-404d-9505-4b7cb994baf3] Created FlowFile[53,99014295696006.mockFlowFile,22B] from FlowFile[52,99014295696006.mockFlowFile,22B]; routing to relationship simple
[pool-2348-thread-1] INFO org.apache.nifi.processors.standard.RouteText - RouteText[id=a680ad74-d0b5-404d-9505-4b7cb994baf3] Routing FlowFile[52,99014295696006.mockFlowFile,22B] to original
[main] DEBUG org.apache.nifi.processors.standard.RouteText - RouteText[id=a680ad74-d0b5-404d-9505-4b7cb994baf3] Adding new dynamic property: PropertyDescriptor[simple]
[pool-2349-thread-1] INFO org.apache.nifi.processors.standard.RouteText - RouteText[id=a680ad74-d0b5-404d-9505-4b7cb994baf3] Created FlowFile[55,99014296264627.mockFlowFile,22B] from FlowFile[54,99014296264627.mockFlowFile,22B]; routing to relationship simple
[pool-2349-thread-1] INFO org.apache.nifi.processors.standard.RouteText - RouteText[id=a680ad74-d0b5-404d-9505-4b7cb994baf3] Routing FlowFile[54,99014296264627.mockFlowFile,22B] to original
[main] DEBUG org.apache.nifi.processors.standard.RouteText - RouteText[id=a680ad74-d0b5-404d-9505-4b7cb994baf3] Adding new dynamic property: PropertyDescriptor[simple]
[pool-2350-thread-1] INFO org.apache.nifi.processors.standard.RouteText - RouteText[id=a680ad74-d0b5-404d-9505-4b7cb994baf3] Created FlowFile[57,99014296776252.mockFlowFile,22B] from FlowFile[56,99014296776252.mockFlowFile,22B]; routing to relationship simple
[pool-2350-thread-1] INFO org.apache.nifi.processors.standard.RouteText - RouteText[id=a680ad74-d0b5-404d-9505-4b7cb994baf3] Routing FlowFile[56,99014296776252.mockFlowFile,22B] to original
[main] DEBUG org.apache.nifi.processors.standard.RouteText - RouteText[id=a680ad74-d0b5-404d-9505-4b7cb994baf3] Adding new dynamic property: PropertyDescriptor[simple]
[pool-2351-thread-1] INFO org.apache.nifi.processors.standard.RouteText - RouteText[id=a680ad74-d0b5-404d-9505-4b7cb994baf3] Created FlowFile[59,99014297303588.mockFlowFile,22B] from FlowFile[58,99014297303588.mockFlowFile,22B]; routing to relationship simple
[pool-2351-thread-1] INFO org.apache.nifi.processors.standard.RouteText - RouteText[id=a680ad74-d0b5-404d-9505-4b7cb994baf3] Routing FlowFile[58,99014297303588.mockFlowFile,22B] to original
[main] DEBUG org.apache.nifi.processors.standard.RouteText - RouteText[id=a680ad74-d0b5-404d-9505-4b7cb994baf3] Adding new dynamic property: PropertyDescriptor[simple]
[pool-2352-thread-1] INFO org.apache.nifi.processors.standard.RouteText - RouteText[id=a680ad74-d0b5-404d-9505-4b7cb994baf3] Created FlowFile[61,99014297841708.mockFlowFile,22B] from FlowFile[60,99014297841708.mockFlowFile,22B]; routing to relationship simple
[pool-2352-thread-1] INFO org.apache.nifi.processors.standard.RouteText - RouteText[id=a680ad74-d0b5-404d-9505-4b7cb994baf3] Routing FlowFile[60,99014297841708.mockFlowFile,22B] to original
[main] DEBUG org.apache.nifi.processors.standard.RouteText - RouteText[id=a680ad74-d0b5-404d-9505-4b7cb994baf3] Adding new dynamic property: PropertyDescriptor[simple]
[pool-2353-thread-1] INFO org.apache.nifi.processors.standard.RouteText - RouteText[id=a680ad74-d0b5-404d-9505-4b7cb994baf3] Created FlowFile[63,99014298379322.mockFlowFile,22B] from FlowFile[62,99014298379322.mockFlowFile,22B]; routing to relationship simple
[pool-2353-thread-1] INFO org.apache.nifi.processors.standard.RouteText - RouteText[id=a680ad74-d0b5-404d-9505-4b7cb994baf3] Routing FlowFile[62,99014298379322.mockFlowFile,22B] to original
[main] DEBUG org.apache.nifi.processors.standard.RouteText - RouteText[id=a680ad74-d0b5-404d-9505-4b7cb994baf3] Adding new dynamic property: PropertyDescriptor[simple]
[pool-2354-thread-1] INFO org.apache.nifi.processors.standard.RouteText - RouteText[id=a680ad74-d0b5-404d-9505-4b7cb994baf3] Created FlowFile[65,99014298913325.mockFlowFile,22B] from FlowFile[64,99014298913325.mockFlowFile,22B]; routing to relationship simple
[pool-2354-thread-1] INFO org.apache.nifi.processors.standard.RouteText - RouteText[id=a680ad74-d0b5-404d-9505-4b7cb994baf3] Routing FlowFile[64,99014298913325.mockFlowFile,22B] to original
[main] DEBUG org.apache.nifi.processors.standard.RouteText - RouteText[id=a680ad74-d0b5-404d-9505-4b7cb994baf3] Adding new dynamic property: PropertyDescriptor[simple]
[pool-2355-thread-1] INFO org.apache.nifi.processors.standard.RouteText - RouteText[id=a680ad74-d0b5-404d-9505-4b7cb994baf3] Created FlowFile[67,99014299433506.mockFlowFile,22B] from FlowFile[66,99014299433506.mockFlowFile,22B]; routing to relationship simple
[pool-2355-thread-1] INFO org.apache.nifi.processors.standard.RouteText - RouteText[id=a680ad74-d0b5-404d-9505-4b7cb994baf3] Routing FlowFile[66,99014299433506.mockFlowFile,22B] to original
[main] DEBUG org.apache.nifi.processors.standard.RouteText - RouteText[id=a680ad74-d0b5-404d-9505-4b7cb994baf3] Adding new dynamic property: PropertyDescriptor[simple]
[pool-2356-thread-1] INFO org.apache.nifi.processors.standard.RouteText - RouteText[id=a680ad74-d0b5-404d-9505-4b7cb994baf3] Created FlowFile[69,99014299955568.mockFlowFile,22B] from FlowFile[68,99014299955568.mockFlowFile,22B]; routing to relationship simple
[pool-2356-thread-1] INFO org.apache.nifi.processors.standard.RouteText - RouteText[id=a680ad74-d0b5-404d-9505-4b7cb994baf3] Routing FlowFile[68,99014299955568.mockFlowFile,22B] to original
[main] DEBUG org.apache.nifi.processors.standard.RouteText - RouteText[id=a680ad74-d0b5-404d-9505-4b7cb994baf3] Adding new dynamic property: PropertyDescriptor[simple]
[pool-2357-thread-1] INFO org.apache.nifi.processors.standard.RouteText - RouteText[id=a680ad74-d0b5-404d-9505-4b7cb994baf3] Created FlowFile[71,99014300507957.mockFlowFile,22B] from FlowFile[70,99014300507957.mockFlowFile,22B]; routing to relationship simple
[pool-2357-thread-1] INFO org.apache.nifi.processors.standard.RouteText - RouteText[id=a680ad74-d0b5-404d-9505-4b7cb994baf3] Routing FlowFile[70,99014300507957.mockFlowFile,22B] to original
[main] DEBUG org.apache.nifi.processors.standard.RouteText - RouteText[id=a680ad74-d0b5-404d-9505-4b7cb994baf3] Adding new dynamic property: PropertyDescriptor[simple]
[pool-2358-thread-1] INFO org.apache.nifi.processors.standard.RouteText - RouteText[id=a680ad74-d0b5-404d-9505-4b7cb994baf3] Created FlowFile[73,99014301039383.mockFlowFile,22B] from FlowFile[72,99014301039383.mockFlowFile,22B]; routing to relationship simple
[pool-2358-thread-1] INFO org.apache.nifi.processors.standard.RouteText - RouteText[id=a680ad74-d0b5-404d-9505-4b7cb994baf3] Routing FlowFile[72,99014301039383.mockFlowFile,22B] to original
[main] DEBUG org.apache.nifi.processors.standard.RouteText - RouteText[id=a680ad74-d0b5-404d-9505-4b7cb994baf3] Adding new dynamic property: PropertyDescriptor[simple]
[pool-2359-thread-1] INFO org.apache.nifi.processors.standard.RouteText - RouteText[id=a680ad74-d0b5-404d-9505-4b7cb994baf3] Created FlowFile[75,99014301602095.mockFlowFile,22B] from FlowFile[74,99014301602095.mockFlowFile,22B]; routing to relationship simple
[pool-2359-thread-1] INFO org.apache.nifi.processors.standard.RouteText - RouteText[id=a680ad74-d0b5-404d-9505-4b7cb994baf3] Routing FlowFile[74,99014301602095.mockFlowFile,22B] to original
[main] DEBUG org.apache.nifi.processors.standard.RouteText - RouteText[id=a680ad74-d0b5-404d-9505-4b7cb994baf3] Adding new dynamic property: PropertyDescriptor[simple]
[pool-2360-thread-1] INFO org.apache.nifi.processors.standard.RouteText - RouteText[id=a680ad74-d0b5-404d-9505-4b7cb994baf3] Created FlowFile[77,99014302220109.mockFlowFile,22B] from FlowFile[76,99014302220109.mockFlowFile,22B]; routing to relationship simple
[pool-2360-thread-1] INFO org.apache.nifi.processors.standard.RouteText - RouteText[id=a680ad74-d0b5-404d-9505-4b7cb994baf3] Routing FlowFile[76,99014302220109.mockFlowFile,22B] to original
[main] DEBUG org.apache.nifi.processors.standard.RouteText - RouteText[id=a680ad74-d0b5-404d-9505-4b7cb994baf3] Adding new dynamic property: PropertyDescriptor[simple]
[pool-2361-thread-1] INFO org.apache.nifi.processors.standard.RouteText - RouteText[id=a680ad74-d0b5-404d-9505-4b7cb994baf3] Created FlowFile[79,99014302832656.mockFlowFile,22B] from FlowFile[78,99014302832656.mockFlowFile,22B]; routing to relationship simple
[pool-2361-thread-1] INFO org.apache.nifi.processors.standard.RouteText - RouteText[id=a680ad74-d0b5-404d-9505-4b7cb994baf3] Routing FlowFile[78,99014302832656.mockFlowFile,22B] to original
[main] DEBUG org.apache.nifi.processors.standard.RouteText - RouteText[id=a680ad74-d0b5-404d-9505-4b7cb994baf3] Adding new dynamic property: PropertyDescriptor[simple]
[pool-2362-thread-1] INFO org.apache.nifi.processors.standard.RouteText - RouteText[id=a680ad74-d0b5-404d-9505-4b7cb994baf3] Created FlowFile[81,99014303466876.mockFlowFile,22B] from FlowFile[80,99014303466876.mockFlowFile,22B]; routing to relationship simple
[pool-2362-thread-1] INFO org.apache.nifi.processors.standard.RouteText - RouteText[id=a680ad74-d0b5-404d-9505-4b7cb994baf3] Routing FlowFile[80,99014303466876.mockFlowFile,22B] to original
[main] DEBUG org.apache.nifi.processors.standard.RouteText - RouteText[id=a680ad74-d0b5-404d-9505-4b7cb994baf3] Adding new dynamic property: PropertyDescriptor[simple]
[pool-2363-thread-1] INFO org.apache.nifi.processors.standard.RouteText - RouteText[id=a680ad74-d0b5-404d-9505-4b7cb994baf3] Created FlowFile[83,99014304064180.mockFlowFile,22B] from FlowFile[82,99014304064180.mockFlowFile,22B]; routing to relationship simple
[pool-2363-thread-1] INFO org.apache.nifi.processors.standard.RouteText - RouteText[id=a680ad74-d0b5-404d-9505-4b7cb994baf3] Routing FlowFile[82,99014304064180.mockFlowFile,22B] to original
[main] DEBUG org.apache.nifi.processors.standard.RouteText - RouteText[id=a680ad74-d0b5-404d-9505-4b7cb994baf3] Adding new dynamic property: PropertyDescriptor[simple]
[pool-2364-thread-1] INFO org.apache.nifi.processors.standard.RouteText - RouteText[id=a680ad74-d0b5-404d-9505-4b7cb994baf3] Created FlowFile[85,99014304773887.mockFlowFile,22B] from FlowFile[84,99014304773887.mockFlowFile,22B]; routing to relationship simple
[pool-2364-thread-1] INFO org.apache.nifi.processors.standard.RouteText - RouteText[id=a680ad74-d0b5-404d-9505-4b7cb994baf3] Routing FlowFile[84,99014304773887.mockFlowFile,22B] to original
[main] DEBUG org.apache.nifi.processors.standard.RouteText - RouteText[id=a680ad74-d0b5-404d-9505-4b7cb994baf3] Adding new dynamic property: PropertyDescriptor[simple]
[pool-2365-thread-1] INFO org.apache.nifi.processors.standard.RouteText - RouteText[id=a680ad74-d0b5-404d-9505-4b7cb994baf3] Created FlowFile[87,99014305406309.mockFlowFile,22B] from FlowFile[86,99014305406309.mockFlowFile,22B]; routing to relationship simple
[pool-2365-thread-1] INFO org.apache.nifi.processors.standard.RouteText - RouteText[id=a680ad74-d0b5-404d-9505-4b7cb994baf3] Routing FlowFile[86,99014305406309.mockFlowFile,22B] to original
[main] DEBUG org.apache.nifi.processors.standard.RouteText - RouteText[id=a680ad74-d0b5-404d-9505-4b7cb994baf3] Adding new dynamic property: PropertyDescriptor[simple]
[pool-2366-thread-1] INFO org.apache.nifi.processors.standard.RouteText - RouteText[id=a680ad74-d0b5-404d-9505-4b7cb994baf3] Created FlowFile[89,99014306363084.mockFlowFile,22B] from FlowFile[88,99014306363084.mockFlowFile,22B]; routing to relationship simple
[pool-2366-thread-1] INFO org.apache.nifi.processors.standard.RouteText - RouteText[id=a680ad74-d0b5-404d-9505-4b7cb994baf3] Routing FlowFile[88,99014306363084.mockFlowFile,22B] to original
[main] DEBUG org.apache.nifi.processors.standard.RouteText - RouteText[id=a680ad74-d0b5-404d-9505-4b7cb994baf3] Adding new dynamic property: PropertyDescriptor[simple]
[pool-2367-thread-1] INFO org.apache.nifi.processors.standard.RouteText - RouteText[id=a680ad74-d0b5-404d-9505-4b7cb994baf3] Created FlowFile[91,99014307004052.mockFlowFile,22B] from FlowFile[90,99014307004052.mockFlowFile,22B]; routing to relationship simple
[pool-2367-thread-1] INFO org.apache.nifi.processors.standard.RouteText - RouteText[id=a680ad74-d0b5-404d-9505-4b7cb994baf3] Routing FlowFile[90,99014307004052.mockFlowFile,22B] to original
[main] DEBUG org.apache.nifi.processors.standard.RouteText - RouteText[id=a680ad74-d0b5-404d-9505-4b7cb994baf3] Adding new dynamic property: PropertyDescriptor[simple]
[pool-2368-thread-1] INFO org.apache.nifi.processors.standard.RouteText - RouteText[id=a680ad74-d0b5-404d-9505-4b7cb994baf3] Created FlowFile[93,99014307533270.mockFlowFile,22B] from FlowFile[92,99014307533270.mockFlowFile,22B]; routing to relationship simple
[pool-2368-thread-1] INFO org.apache.nifi.processors.standard.RouteText - RouteText[id=a680ad74-d0b5-404d-9505-4b7cb994baf3] Routing FlowFile[92,99014307533270.mockFlowFile,22B] to original
[main] DEBUG org.apache.nifi.processors.standard.RouteText - RouteText[id=a680ad74-d0b5-404d-9505-4b7cb994baf3] Adding new dynamic property: PropertyDescriptor[simple]
[pool-2369-thread-1] INFO org.apache.nifi.processors.standard.RouteText - RouteText[id=a680ad74-d0b5-404d-9505-4b7cb994baf3] Created FlowFile[95,99014308076007.mockFlowFile,22B] from FlowFile[94,99014308076007.mockFlowFile,22B]; routing to relationship simple
[pool-2369-thread-1] INFO org.apache.nifi.processors.standard.RouteText - RouteText[id=a680ad74-d0b5-404d-9505-4b7cb994baf3] Routing FlowFile[94,99014308076007.mockFlowFile,22B] to original
[main] DEBUG org.apache.nifi.processors.standard.RouteText - RouteText[id=a680ad74-d0b5-404d-9505-4b7cb994baf3] Adding new dynamic property: PropertyDescriptor[simple]
[pool-2370-thread-1] INFO org.apache.nifi.processors.standard.RouteText - RouteText[id=a680ad74-d0b5-404d-9505-4b7cb994baf3] Created FlowFile[97,99014308577284.mockFlowFile,22B] from FlowFile[96,99014308577284.mockFlowFile,22B]; routing to relationship simple
[pool-2370-thread-1] INFO org.apache.nifi.processors.standard.RouteText - RouteText[id=a680ad74-d0b5-404d-9505-4b7cb994baf3] Routing FlowFile[96,99014308577284.mockFlowFile,22B] to original
[main] DEBUG org.apache.nifi.processors.standard.RouteText - RouteText[id=a680ad74-d0b5-404d-9505-4b7cb994baf3] Adding new dynamic property: PropertyDescriptor[simple]
[pool-2371-thread-1] INFO org.apache.nifi.processors.standard.RouteText - RouteText[id=a680ad74-d0b5-404d-9505-4b7cb994baf3] Created FlowFile[99,99014309131849.mockFlowFile,22B] from FlowFile[98,99014309131849.mockFlowFile,22B]; routing to relationship simple
[pool-2371-thread-1] INFO org.apache.nifi.processors.standard.RouteText - RouteText[id=a680ad74-d0b5-404d-9505-4b7cb994baf3] Routing FlowFile[98,99014309131849.mockFlowFile,22B] to original
[main] DEBUG org.apache.nifi.processors.standard.RouteText - RouteText[id=a680ad74-d0b5-404d-9505-4b7cb994baf3] Adding new dynamic property: PropertyDescriptor[simple]
[pool-2372-thread-1] INFO org.apache.nifi.processors.standard.RouteText - RouteText[id=a680ad74-d0b5-404d-9505-4b7cb994baf3] Created FlowFile[101,99014309708492.mockFlowFile,22B] from FlowFile[100,99014309708492.mockFlowFile,22B]; routing to relationship simple
[pool-2372-thread-1] INFO org.apache.nifi.processors.standard.RouteText - RouteText[id=a680ad74-d0b5-404d-9505-4b7cb994baf3] Routing FlowFile[100,99014309708492.mockFlowFile,22B] to original
[main] DEBUG org.apache.nifi.processors.standard.RouteText - RouteText[id=a680ad74-d0b5-404d-9505-4b7cb994baf3] Adding new dynamic property: PropertyDescriptor[simple]
[pool-2373-thread-1] INFO org.apache.nifi.processors.standard.RouteText - RouteText[id=a680ad74-d0b5-404d-9505-4b7cb994baf3] Created FlowFile[103,99014310338513.mockFlowFile,22B] from FlowFile[102,99014310338513.mockFlowFile,22B]; routing to relationship simple
[pool-2373-thread-1] INFO org.apache.nifi.processors.standard.RouteText - RouteText[id=a680ad74-d0b5-404d-9505-4b7cb994baf3] Routing FlowFile[102,99014310338513.mockFlowFile,22B] to original
[main] DEBUG org.apache.nifi.processors.standard.RouteText - RouteText[id=a680ad74-d0b5-404d-9505-4b7cb994baf3] Adding new dynamic property: PropertyDescriptor[simple]
[pool-2374-thread-1] INFO org.apache.nifi.processors.standard.RouteText - RouteText[id=a680ad74-d0b5-404d-9505-4b7cb994baf3] Created FlowFile[105,99014310921340.mockFlowFile,22B] from FlowFile[104,99014310921340.mockFlowFile,22B]; routing to relationship simple
[pool-2374-thread-1] INFO org.apache.nifi.processors.standard.RouteText - RouteText[id=a680ad74-d0b5-404d-9505-4b7cb994baf3] Routing FlowFile[104,99014310921340.mockFlowFile,22B] to original
[main] DEBUG org.apache.nifi.processors.standard.RouteText - RouteText[id=a680ad74-d0b5-404d-9505-4b7cb994baf3] Adding new dynamic property: PropertyDescriptor[simple]
[pool-2375-thread-1] INFO org.apache.nifi.processors.standard.RouteText - RouteText[id=a680ad74-d0b5-404d-9505-4b7cb994baf3] Created FlowFile[107,99014311459461.mockFlowFile,22B] from FlowFile[106,99014311459461.mockFlowFile,22B]; routing to relationship simple
[pool-2375-thread-1] INFO org.apache.nifi.processors.standard.RouteText - RouteText[id=a680ad74-d0b5-404d-9505-4b7cb994baf3] Routing FlowFile[106,99014311459461.mockFlowFile,22B] to original
[main] DEBUG org.apache.nifi.processors.standard.RouteText - RouteText[id=a680ad74-d0b5-404d-9505-4b7cb994baf3] Adding new dynamic property: PropertyDescriptor[simple]
[pool-2376-thread-1] INFO org.apache.nifi.processors.standard.RouteText - RouteText[id=a680ad74-d0b5-404d-9505-4b7cb994baf3] Created FlowFile[109,99014312068719.mockFlowFile,22B] from FlowFile[108,99014312068719.mockFlowFile,22B]; routing to relationship simple
[pool-2376-thread-1] INFO org.apache.nifi.processors.standard.RouteText - RouteText[id=a680ad74-d0b5-404d-9505-4b7cb994baf3] Routing FlowFile[108,99014312068719.mockFlowFile,22B] to original
[main] DEBUG org.apache.nifi.processors.standard.RouteText - RouteText[id=a680ad74-d0b5-404d-9505-4b7cb994baf3] Adding new dynamic property: PropertyDescriptor[simple]
[pool-2377-thread-1] INFO org.apache.nifi.processors.standard.RouteText - RouteText[id=a680ad74-d0b5-404d-9505-4b7cb994baf3] Created FlowFile[111,99014312661801.mockFlowFile,22B] from FlowFile[110,99014312661801.mockFlowFile,22B]; routing to relationship simple
[pool-2377-thread-1] INFO org.apache.nifi.processors.standard.RouteText - RouteText[id=a680ad74-d0b5-404d-9505-4b7cb994baf3] Routing FlowFile[110,99014312661801.mockFlowFile,22B] to original
[main] DEBUG org.apache.nifi.processors.standard.RouteText - RouteText[id=a680ad74-d0b5-404d-9505-4b7cb994baf3] Adding new dynamic property: PropertyDescriptor[simple]
[pool-2378-thread-1] INFO org.apache.nifi.processors.standard.RouteText - RouteText[id=a680ad74-d0b5-404d-9505-4b7cb994baf3] Created FlowFile[113,99014313193416.mockFlowFile,22B] from FlowFile[112,99014313193416.mockFlowFile,22B]; routing to relationship simple
[pool-2378-thread-1] INFO org.apache.nifi.processors.standard.RouteText - RouteText[id=a680ad74-d0b5-404d-9505-4b7cb994baf3] Routing FlowFile[112,99014313193416.mockFlowFile,22B] to original
[main] DEBUG org.apache.nifi.processors.standard.RouteText - RouteText[id=a680ad74-d0b5-404d-9505-4b7cb994baf3] Adding new dynamic property: PropertyDescriptor[simple]
[pool-2379-thread-1] INFO org.apache.nifi.processors.standard.RouteText - RouteText[id=a680ad74-d0b5-404d-9505-4b7cb994baf3] Created FlowFile[115,99014313671399.mockFlowFile,22B] from FlowFile[114,99014313671399.mockFlowFile,22B]; routing to relationship simple
[pool-2379-thread-1] INFO org.apache.nifi.processors.standard.RouteText - RouteText[id=a680ad74-d0b5-404d-9505-4b7cb994baf3] Routing FlowFile[114,99014313671399.mockFlowFile,22B] to original
[main] DEBUG org.apache.nifi.processors.standard.RouteText - RouteText[id=a680ad74-d0b5-404d-9505-4b7cb994baf3] Adding new dynamic property: PropertyDescriptor[simple]
[pool-2380-thread-1] INFO org.apache.nifi.processors.standard.RouteText - RouteText[id=a680ad74-d0b5-404d-9505-4b7cb994baf3] Created FlowFile[117,99014314177532.mockFlowFile,22B] from FlowFile[116,99014314177532.mockFlowFile,22B]; routing to relationship simple
[pool-2380-thread-1] INFO org.apache.nifi.processors.standard.RouteText - RouteText[id=a680ad74-d0b5-404d-9505-4b7cb994baf3] Routing FlowFile[116,99014314177532.mockFlowFile,22B] to original
[main] DEBUG org.apache.nifi.processors.standard.RouteText - RouteText[id=a680ad74-d0b5-404d-9505-4b7cb994baf3] Adding new dynamic property: PropertyDescriptor[simple]
[pool-2381-thread-1] INFO org.apache.nifi.processors.standard.RouteText - RouteText[id=a680ad74-d0b5-404d-9505-4b7cb994baf3] Created FlowFile[119,99014314719721.mockFlowFile,22B] from FlowFile[118,99014314719721.mockFlowFile,22B]; routing to relationship simple
[pool-2381-thread-1] INFO org.apache.nifi.processors.standard.RouteText - RouteText[id=a680ad74-d0b5-404d-9505-4b7cb994baf3] Routing FlowFile[118,99014314719721.mockFlowFile,22B] to original
[main] DEBUG org.apache.nifi.processors.standard.RouteText - RouteText[id=a680ad74-d0b5-404d-9505-4b7cb994baf3] Adding new dynamic property: PropertyDescriptor[simple]
[pool-2382-thread-1] INFO org.apache.nifi.processors.standard.RouteText - RouteText[id=a680ad74-d0b5-404d-9505-4b7cb994baf3] Created FlowFile[121,99014315311411.mockFlowFile,22B] from FlowFile[120,99014315311411.mockFlowFile,22B]; routing to relationship simple
[pool-2382-thread-1] INFO org.apache.nifi.processors.standard.RouteText - RouteText[id=a680ad74-d0b5-404d-9505-4b7cb994baf3] Routing FlowFile[120,99014315311411.mockFlowFile,22B] to original
[main] DEBUG org.apache.nifi.processors.standard.RouteText - RouteText[id=a680ad74-d0b5-404d-9505-4b7cb994baf3] Adding new dynamic property: PropertyDescriptor[simple]
[pool-2383-thread-1] INFO org.apache.nifi.processors.standard.RouteText - RouteText[id=a680ad74-d0b5-404d-9505-4b7cb994baf3] Created FlowFile[123,99014315864601.mockFlowFile,22B] from FlowFile[122,99014315864601.mockFlowFile,22B]; routing to relationship simple
[pool-2383-thread-1] INFO org.apache.nifi.processors.standard.RouteText - RouteText[id=a680ad74-d0b5-404d-9505-4b7cb994baf3] Routing FlowFile[122,99014315864601.mockFlowFile,22B] to original
[main] DEBUG org.apache.nifi.processors.standard.RouteText - RouteText[id=a680ad74-d0b5-404d-9505-4b7cb994baf3] Adding new dynamic property: PropertyDescriptor[simple]
[pool-2384-thread-1] INFO org.apache.nifi.processors.standard.RouteText - RouteText[id=a680ad74-d0b5-404d-9505-4b7cb994baf3] Created FlowFile[125,99014316608319.mockFlowFile,22B] from FlowFile[124,99014316608319.mockFlowFile,22B]; routing to relationship simple
[pool-2384-thread-1] INFO org.apache.nifi.processors.standard.RouteText - RouteText[id=a680ad74-d0b5-404d-9505-4b7cb994baf3] Routing FlowFile[124,99014316608319.mockFlowFile,22B] to original
[main] DEBUG org.apache.nifi.processors.standard.RouteText - RouteText[id=a680ad74-d0b5-404d-9505-4b7cb994baf3] Adding new dynamic property: PropertyDescriptor[simple]
[pool-2385-thread-1] INFO org.apache.nifi.processors.standard.RouteText - RouteText[id=a680ad74-d0b5-404d-9505-4b7cb994baf3] Created FlowFile[127,99014317213965.mockFlowFile,22B] from FlowFile[126,99014317213965.mockFlowFile,22B]; routing to relationship simple
[pool-2385-thread-1] INFO org.apache.nifi.processors.standard.RouteText - RouteText[id=a680ad74-d0b5-404d-9505-4b7cb994baf3] Routing FlowFile[126,99014317213965.mockFlowFile,22B] to original
[main] DEBUG org.apache.nifi.processors.standard.RouteText - RouteText[id=a680ad74-d0b5-404d-9505-4b7cb994baf3] Adding new dynamic property: PropertyDescriptor[simple]
[pool-2386-thread-1] INFO org.apache.nifi.processors.standard.RouteText - RouteText[id=a680ad74-d0b5-404d-9505-4b7cb994baf3] Created FlowFile[129,99014317858485.mockFlowFile,22B] from FlowFile[128,99014317858485.mockFlowFile,22B]; routing to relationship simple
[pool-2386-thread-1] INFO org.apache.nifi.processors.standard.RouteText - RouteText[id=a680ad74-d0b5-404d-9505-4b7cb994baf3] Routing FlowFile[128,99014317858485.mockFlowFile,22B] to original
[main] DEBUG org.apache.nifi.processors.standard.RouteText - RouteText[id=a680ad74-d0b5-404d-9505-4b7cb994baf3] Adding new dynamic property: PropertyDescriptor[simple]
[pool-2387-thread-1] INFO org.apache.nifi.processors.standard.RouteText - RouteText[id=a680ad74-d0b5-404d-9505-4b7cb994baf3] Created FlowFile[131,99014318486941.mockFlowFile,22B] from FlowFile[130,99014318486941.mockFlowFile,22B]; routing to relationship simple
[pool-2387-thread-1] INFO org.apache.nifi.processors.standard.RouteText - RouteText[id=a680ad74-d0b5-404d-9505-4b7cb994baf3] Routing FlowFile[130,99014318486941.mockFlowFile,22B] to original
[main] DEBUG org.apache.nifi.processors.standard.RouteText - RouteText[id=a680ad74-d0b5-404d-9505-4b7cb994baf3] Adding new dynamic property: PropertyDescriptor[simple]
[pool-2388-thread-1] INFO org.apache.nifi.processors.standard.RouteText - RouteText[id=a680ad74-d0b5-404d-9505-4b7cb994baf3] Created FlowFile[133,99014319169887.mockFlowFile,22B] from FlowFile[132,99014319169887.mockFlowFile,22B]; routing to relationship simple
[pool-2388-thread-1] INFO org.apache.nifi.processors.standard.RouteText - RouteText[id=a680ad74-d0b5-404d-9505-4b7cb994baf3] Routing FlowFile[132,99014319169887.mockFlowFile,22B] to original
[main] DEBUG org.apache.nifi.processors.standard.RouteText - RouteText[id=a680ad74-d0b5-404d-9505-4b7cb994baf3] Adding new dynamic property: PropertyDescriptor[simple]
[pool-2389-thread-1] INFO org.apache.nifi.processors.standard.RouteText - RouteText[id=a680ad74-d0b5-404d-9505-4b7cb994baf3] Created FlowFile[135,99014319868624.mockFlowFile,22B] from FlowFile[134,99014319868624.mockFlowFile,22B]; routing to relationship simple
[pool-2389-thread-1] INFO org.apache.nifi.processors.standard.RouteText - RouteText[id=a680ad74-d0b5-404d-9505-4b7cb994baf3] Routing FlowFile[134,99014319868624.mockFlowFile,22B] to original
[main] DEBUG org.apache.nifi.processors.standard.RouteText - RouteText[id=a680ad74-d0b5-404d-9505-4b7cb994baf3] Adding new dynamic property: PropertyDescriptor[simple]
[pool-2390-thread-1] INFO org.apache.nifi.processors.standard.RouteText - RouteText[id=a680ad74-d0b5-404d-9505-4b7cb994baf3] Created FlowFile[137,99014320488802.mockFlowFile,22B] from FlowFile[136,99014320488802.mockFlowFile,22B]; routing to relationship simple
[pool-2390-thread-1] INFO org.apache.nifi.processors.standard.RouteText - RouteText[id=a680ad74-d0b5-404d-9505-4b7cb994baf3] Routing FlowFile[136,99014320488802.mockFlowFile,22B] to original
[main] DEBUG org.apache.nifi.processors.standard.RouteText - RouteText[id=a680ad74-d0b5-404d-9505-4b7cb994baf3] Adding new dynamic property: PropertyDescriptor[simple]
[pool-2391-thread-1] INFO org.apache.nifi.processors.standard.RouteText - RouteText[id=a680ad74-d0b5-404d-9505-4b7cb994baf3] Created FlowFile[139,99014321101989.mockFlowFile,22B] from FlowFile[138,99014321101989.mockFlowFile,22B]; routing to relationship simple
[pool-2391-thread-1] INFO org.apache.nifi.processors.standard.RouteText - RouteText[id=a680ad74-d0b5-404d-9505-4b7cb994baf3] Routing FlowFile[138,99014321101989.mockFlowFile,22B] to original
[main] DEBUG org.apache.nifi.processors.standard.RouteText - RouteText[id=a680ad74-d0b5-404d-9505-4b7cb994baf3] Adding new dynamic property: PropertyDescriptor[simple]
[pool-2392-thread-1] INFO org.apache.nifi.processors.standard.RouteText - RouteText[id=a680ad74-d0b5-404d-9505-4b7cb994baf3] Created FlowFile[141,99014321685002.mockFlowFile,22B] from FlowFile[140,99014321685002.mockFlowFile,22B]; routing to relationship simple
[pool-2392-thread-1] INFO org.apache.nifi.processors.standard.RouteText - RouteText[id=a680ad74-d0b5-404d-9505-4b7cb994baf3] Routing FlowFile[140,99014321685002.mockFlowFile,22B] to original
[main] DEBUG org.apache.nifi.processors.standard.RouteText - RouteText[id=a680ad74-d0b5-404d-9505-4b7cb994baf3] Adding new dynamic property: PropertyDescriptor[simple]
[pool-2393-thread-1] INFO org.apache.nifi.processors.standard.RouteText - RouteText[id=a680ad74-d0b5-404d-9505-4b7cb994baf3] Created FlowFile[143,99014322350267.mockFlowFile,22B] from FlowFile[142,99014322350267.mockFlowFile,22B]; routing to relationship simple
[pool-2393-thread-1] INFO org.apache.nifi.processors.standard.RouteText - RouteText[id=a680ad74-d0b5-404d-9505-4b7cb994baf3] Routing FlowFile[142,99014322350267.mockFlowFile,22B] to original
[main] DEBUG org.apache.nifi.processors.standard.RouteText - RouteText[id=a680ad74-d0b5-404d-9505-4b7cb994baf3] Adding new dynamic property: PropertyDescriptor[simple]
[pool-2394-thread-1] INFO org.apache.nifi.processors.standard.RouteText - RouteText[id=a680ad74-d0b5-404d-9505-4b7cb994baf3] Created FlowFile[145,99014322989713.mockFlowFile,22B] from FlowFile[144,99014322989713.mockFlowFile,22B]; routing to relationship simple
[pool-2394-thread-1] INFO org.apache.nifi.processors.standard.RouteText - RouteText[id=a680ad74-d0b5-404d-9505-4b7cb994baf3] Routing FlowFile[144,99014322989713.mockFlowFile,22B] to original
[main] DEBUG org.apache.nifi.processors.standard.RouteText - RouteText[id=a680ad74-d0b5-404d-9505-4b7cb994baf3] Adding new dynamic property: PropertyDescriptor[simple]
[pool-2395-thread-1] INFO org.apache.nifi.processors.standard.RouteText - RouteText[id=a680ad74-d0b5-404d-9505-4b7cb994baf3] Created FlowFile[147,99014323594314.mockFlowFile,22B] from FlowFile[146,99014323594314.mockFlowFile,22B]; routing to relationship simple
[pool-2395-thread-1] INFO org.apache.nifi.processors.standard.RouteText - RouteText[id=a680ad74-d0b5-404d-9505-4b7cb994baf3] Routing FlowFile[146,99014323594314.mockFlowFile,22B] to original
[main] DEBUG org.apache.nifi.processors.standard.RouteText - RouteText[id=a680ad74-d0b5-404d-9505-4b7cb994baf3] Adding new dynamic property: PropertyDescriptor[simple]
[pool-2396-thread-1] INFO org.apache.nifi.processors.standard.RouteText - RouteText[id=a680ad74-d0b5-404d-9505-4b7cb994baf3] Created FlowFile[149,99014324244604.mockFlowFile,22B] from FlowFile[148,99014324244604.mockFlowFile,22B]; routing to relationship simple
[pool-2396-thread-1] INFO org.apache.nifi.processors.standard.RouteText - RouteText[id=a680ad74-d0b5-404d-9505-4b7cb994baf3] Routing FlowFile[148,99014324244604.mockFlowFile,22B] to original
[main] DEBUG org.apache.nifi.processors.standard.RouteText - RouteText[id=a680ad74-d0b5-404d-9505-4b7cb994baf3] Adding new dynamic property: PropertyDescriptor[simple]
[pool-2397-thread-1] INFO org.apache.nifi.processors.standard.RouteText - RouteText[id=a680ad74-d0b5-404d-9505-4b7cb994baf3] Created FlowFile[151,99014324831217.mockFlowFile,22B] from FlowFile[150,99014324831217.mockFlowFile,22B]; routing to relationship simple
[pool-2397-thread-1] INFO org.apache.nifi.processors.standard.RouteText - RouteText[id=a680ad74-d0b5-404d-9505-4b7cb994baf3] Routing FlowFile[150,99014324831217.mockFlowFile,22B] to original
[main] DEBUG org.apache.nifi.processors.standard.RouteText - RouteText[id=a680ad74-d0b5-404d-9505-4b7cb994baf3] Adding new dynamic property: PropertyDescriptor[simple]
[pool-2398-thread-1] INFO org.apache.nifi.processors.standard.RouteText - RouteText[id=a680ad74-d0b5-404d-9505-4b7cb994baf3] Created FlowFile[153,99014325429203.mockFlowFile,22B] from FlowFile[152,99014325429203.mockFlowFile,22B]; routing to relationship simple
[pool-2398-thread-1] INFO org.apache.nifi.processors.standard.RouteText - RouteText[id=a680ad74-d0b5-404d-9505-4b7cb994baf3] Routing FlowFile[152,99014325429203.mockFlowFile,22B] to original
[main] DEBUG org.apache.nifi.processors.standard.RouteText - RouteText[id=a680ad74-d0b5-404d-9505-4b7cb994baf3] Adding new dynamic property: PropertyDescriptor[simple]
[pool-2399-thread-1] INFO org.apache.nifi.processors.standard.RouteText - RouteText[id=a680ad74-d0b5-404d-9505-4b7cb994baf3] Created FlowFile[155,99014326009023.mockFlowFile,22B] from FlowFile[154,99014326009023.mockFlowFile,22B]; routing to relationship simple
[pool-2399-thread-1] INFO org.apache.nifi.processors.standard.RouteText - RouteText[id=a680ad74-d0b5-404d-9505-4b7cb994baf3] Routing FlowFile[154,99014326009023.mockFlowFile,22B] to original
[main] DEBUG org.apache.nifi.processors.standard.RouteText - RouteText[id=a680ad74-d0b5-404d-9505-4b7cb994baf3] Adding new dynamic property: PropertyDescriptor[simple]
[pool-2400-thread-1] INFO org.apache.nifi.processors.standard.RouteText - RouteText[id=a680ad74-d0b5-404d-9505-4b7cb994baf3] Created FlowFile[157,99014326599453.mockFlowFile,22B] from FlowFile[156,99014326599453.mockFlowFile,22B]; routing to relationship simple
[pool-2400-thread-1] INFO org.apache.nifi.processors.standard.RouteText - RouteText[id=a680ad74-d0b5-404d-9505-4b7cb994baf3] Routing FlowFile[156,99014326599453.mockFlowFile,22B] to original
[main] DEBUG org.apache.nifi.processors.standard.RouteText - RouteText[id=a680ad74-d0b5-404d-9505-4b7cb994baf3] Adding new dynamic property: PropertyDescriptor[simple]
[pool-2401-thread-1] INFO org.apache.nifi.processors.standard.RouteText - RouteText[id=a680ad74-d0b5-404d-9505-4b7cb994baf3] Created FlowFile[159,99014327189612.mockFlowFile,22B] from FlowFile[158,99014327189612.mockFlowFile,22B]; routing to relationship simple
[pool-2401-thread-1] INFO org.apache.nifi.processors.standard.RouteText - RouteText[id=a680ad74-d0b5-404d-9505-4b7cb994baf3] Routing FlowFile[158,99014327189612.mockFlowFile,22B] to original
[main] DEBUG org.apache.nifi.processors.standard.RouteText - RouteText[id=a680ad74-d0b5-404d-9505-4b7cb994baf3] Adding new dynamic property: PropertyDescriptor[simple]
[pool-2402-thread-1] INFO org.apache.nifi.processors.standard.RouteText - RouteText[id=a680ad74-d0b5-404d-9505-4b7cb994baf3] Created FlowFile[161,99014327780829.mockFlowFile,22B] from FlowFile[160,99014327780829.mockFlowFile,22B]; routing to relationship simple
[pool-2402-thread-1] INFO org.apache.nifi.processors.standard.RouteText - RouteText[id=a680ad74-d0b5-404d-9505-4b7cb994baf3] Routing FlowFile[160,99014327780829.mockFlowFile,22B] to original
[main] DEBUG org.apache.nifi.processors.standard.RouteText - RouteText[id=a680ad74-d0b5-404d-9505-4b7cb994baf3] Adding new dynamic property: PropertyDescriptor[simple]
[pool-2403-thread-1] INFO org.apache.nifi.processors.standard.RouteText - RouteText[id=a680ad74-d0b5-404d-9505-4b7cb994baf3] Created FlowFile[163,99014328489237.mockFlowFile,22B] from FlowFile[162,99014328489237.mockFlowFile,22B]; routing to relationship simple
[pool-2403-thread-1] INFO org.apache.nifi.processors.standard.RouteText - RouteText[id=a680ad74-d0b5-404d-9505-4b7cb994baf3] Routing FlowFile[162,99014328489237.mockFlowFile,22B] to original
[main] DEBUG org.apache.nifi.processors.standard.RouteText - RouteText[id=a680ad74-d0b5-404d-9505-4b7cb994baf3] Adding new dynamic property: PropertyDescriptor[simple]
[pool-2404-thread-1] INFO org.apache.nifi.processors.standard.RouteText - RouteText[id=a680ad74-d0b5-404d-9505-4b7cb994baf3] Created FlowFile[165,99014329070605.mockFlowFile,22B] from FlowFile[164,99014329070605.mockFlowFile,22B]; routing to relationship simple
[pool-2404-thread-1] INFO org.apache.nifi.processors.standard.RouteText - RouteText[id=a680ad74-d0b5-404d-9505-4b7cb994baf3] Routing FlowFile[164,99014329070605.mockFlowFile,22B] to original
[main] DEBUG org.apache.nifi.processors.standard.RouteText - RouteText[id=a680ad74-d0b5-404d-9505-4b7cb994baf3] Adding new dynamic property: PropertyDescriptor[simple]
[pool-2405-thread-1] INFO org.apache.nifi.processors.standard.RouteText - RouteText[id=a680ad74-d0b5-404d-9505-4b7cb994baf3] Created FlowFile[167,99014329663639.mockFlowFile,22B] from FlowFile[166,99014329663639.mockFlowFile,22B]; routing to relationship simple
[pool-2405-thread-1] INFO org.apache.nifi.processors.standard.RouteText - RouteText[id=a680ad74-d0b5-404d-9505-4b7cb994baf3] Routing FlowFile[166,99014329663639.mockFlowFile,22B] to original
[main] DEBUG org.apache.nifi.processors.standard.RouteText - RouteText[id=a680ad74-d0b5-404d-9505-4b7cb994baf3] Adding new dynamic property: PropertyDescriptor[simple]
[pool-2406-thread-1] INFO org.apache.nifi.processors.standard.RouteText - RouteText[id=a680ad74-d0b5-404d-9505-4b7cb994baf3] Created FlowFile[169,99014330255698.mockFlowFile,22B] from FlowFile[168,99014330255698.mockFlowFile,22B]; routing to relationship simple
[pool-2406-thread-1] INFO org.apache.nifi.processors.standard.RouteText - RouteText[id=a680ad74-d0b5-404d-9505-4b7cb994baf3] Routing FlowFile[168,99014330255698.mockFlowFile,22B] to original
[main] DEBUG org.apache.nifi.processors.standard.RouteText - RouteText[id=a680ad74-d0b5-404d-9505-4b7cb994baf3] Adding new dynamic property: PropertyDescriptor[simple]
[pool-2407-thread-1] INFO org.apache.nifi.processors.standard.RouteText - RouteText[id=a680ad74-d0b5-404d-9505-4b7cb994baf3] Created FlowFile[171,99014330836857.mockFlowFile,22B] from FlowFile[170,99014330836857.mockFlowFile,22B]; routing to relationship simple
[pool-2407-thread-1] INFO org.apache.nifi.processors.standard.RouteText - RouteText[id=a680ad74-d0b5-404d-9505-4b7cb994baf3] Routing FlowFile[170,99014330836857.mockFlowFile,22B] to original
[main] DEBUG org.apache.nifi.processors.standard.RouteText - RouteText[id=a680ad74-d0b5-404d-9505-4b7cb994baf3] Adding new dynamic property: PropertyDescriptor[simple]
[pool-2408-thread-1] INFO org.apache.nifi.processors.standard.RouteText - RouteText[id=a680ad74-d0b5-404d-9505-4b7cb994baf3] Created FlowFile[173,99014331445843.mockFlowFile,22B] from FlowFile[172,99014331445843.mockFlowFile,22B]; routing to relationship simple
[pool-2408-thread-1] INFO org.apache.nifi.processors.standard.RouteText - RouteText[id=a680ad74-d0b5-404d-9505-4b7cb994baf3] Routing FlowFile[172,99014331445843.mockFlowFile,22B] to original
[main] DEBUG org.apache.nifi.processors.standard.RouteText - RouteText[id=a680ad74-d0b5-404d-9505-4b7cb994baf3] Adding new dynamic property: PropertyDescriptor[simple]
[pool-2409-thread-1] INFO org.apache.nifi.processors.standard.RouteText - RouteText[id=a680ad74-d0b5-404d-9505-4b7cb994baf3] Created FlowFile[175,99014332075168.mockFlowFile,22B] from FlowFile[174,99014332075168.mockFlowFile,22B]; routing to relationship simple
[pool-2409-thread-1] INFO org.apache.nifi.processors.standard.RouteText - RouteText[id=a680ad74-d0b5-404d-9505-4b7cb994baf3] Routing FlowFile[174,99014332075168.mockFlowFile,22B] to original
[main] DEBUG org.apache.nifi.processors.standard.RouteText - RouteText[id=a680ad74-d0b5-404d-9505-4b7cb994baf3] Adding new dynamic property: PropertyDescriptor[simple]
[pool-2410-thread-1] INFO org.apache.nifi.processors.standard.RouteText - RouteText[id=a680ad74-d0b5-404d-9505-4b7cb994baf3] Created FlowFile[177,99014332626671.mockFlowFile,22B] from FlowFile[176,99014332626671.mockFlowFile,22B]; routing to relationship simple
[pool-2410-thread-1] INFO org.apache.nifi.processors.standard.RouteText - RouteText[id=a680ad74-d0b5-404d-9505-4b7cb994baf3] Routing FlowFile[176,99014332626671.mockFlowFile,22B] to original
[main] DEBUG org.apache.nifi.processors.standard.RouteText - RouteText[id=a680ad74-d0b5-404d-9505-4b7cb994baf3] Adding new dynamic property: PropertyDescriptor[simple]
[pool-2411-thread-1] INFO org.apache.nifi.processors.standard.RouteText - RouteText[id=a680ad74-d0b5-404d-9505-4b7cb994baf3] Created FlowFile[179,99014333370335.mockFlowFile,22B] from FlowFile[178,99014333370335.mockFlowFile,22B]; routing to relationship simple
[pool-2411-thread-1] INFO org.apache.nifi.processors.standard.RouteText - RouteText[id=a680ad74-d0b5-404d-9505-4b7cb994baf3] Routing FlowFile[178,99014333370335.mockFlowFile,22B] to original
[main] DEBUG org.apache.nifi.processors.standard.RouteText - RouteText[id=a680ad74-d0b5-404d-9505-4b7cb994baf3] Adding new dynamic property: PropertyDescriptor[simple]
[pool-2412-thread-1] INFO org.apache.nifi.processors.standard.RouteText - RouteText[id=a680ad74-d0b5-404d-9505-4b7cb994baf3] Created FlowFile[181,99014334009544.mockFlowFile,22B] from FlowFile[180,99014334009544.mockFlowFile,22B]; routing to relationship simple
[pool-2412-thread-1] INFO org.apache.nifi.processors.standard.RouteText - RouteText[id=a680ad74-d0b5-404d-9505-4b7cb994baf3] Routing FlowFile[180,99014334009544.mockFlowFile,22B] to original
[main] DEBUG org.apache.nifi.processors.standard.RouteText - RouteText[id=a680ad74-d0b5-404d-9505-4b7cb994baf3] Adding new dynamic property: PropertyDescriptor[simple]
[pool-2413-thread-1] INFO org.apache.nifi.processors.standard.RouteText - RouteText[id=a680ad74-d0b5-404d-9505-4b7cb994baf3] Created FlowFile[183,99014334586649.mockFlowFile,22B] from FlowFile[182,99014334586649.mockFlowFile,22B]; routing to relationship simple
[pool-2413-thread-1] INFO org.apache.nifi.processors.standard.RouteText - RouteText[id=a680ad74-d0b5-404d-9505-4b7cb994baf3] Routing FlowFile[182,99014334586649.mockFlowFile,22B] to original
[main] DEBUG org.apache.nifi.processors.standard.RouteText - RouteText[id=a680ad74-d0b5-404d-9505-4b7cb994baf3] Adding new dynamic property: PropertyDescriptor[simple]
[pool-2414-thread-1] INFO org.apache.nifi.processors.standard.RouteText - RouteText[id=a680ad74-d0b5-404d-9505-4b7cb994baf3] Created FlowFile[185,99014335173390.mockFlowFile,22B] from FlowFile[184,99014335173390.mockFlowFile,22B]; routing to relationship simple
[pool-2414-thread-1] INFO org.apache.nifi.processors.standard.RouteText - RouteText[id=a680ad74-d0b5-404d-9505-4b7cb994baf3] Routing FlowFile[184,99014335173390.mockFlowFile,22B] to original
[main] DEBUG org.apache.nifi.processors.standard.RouteText - RouteText[id=a680ad74-d0b5-404d-9505-4b7cb994baf3] Adding new dynamic property: PropertyDescriptor[simple]
[pool-2415-thread-1] INFO org.apache.nifi.processors.standard.RouteText - RouteText[id=a680ad74-d0b5-404d-9505-4b7cb994baf3] Created FlowFile[187,99014335896383.mockFlowFile,22B] from FlowFile[186,99014335896383.mockFlowFile,22B]; routing to relationship simple
[pool-2415-thread-1] INFO org.apache.nifi.processors.standard.RouteText - RouteText[id=a680ad74-d0b5-404d-9505-4b7cb994baf3] Routing FlowFile[186,99014335896383.mockFlowFile,22B] to original
[main] DEBUG org.apache.nifi.processors.standard.RouteText - RouteText[id=a680ad74-d0b5-404d-9505-4b7cb994baf3] Adding new dynamic property: PropertyDescriptor[simple]
[pool-2416-thread-1] INFO org.apache.nifi.processors.standard.RouteText - RouteText[id=a680ad74-d0b5-404d-9505-4b7cb994baf3] Created FlowFile[189,99014336574625.mockFlowFile,22B] from FlowFile[188,99014336574625.mockFlowFile,22B]; routing to relationship simple
[pool-2416-thread-1] INFO org.apache.nifi.processors.standard.RouteText - RouteText[id=a680ad74-d0b5-404d-9505-4b7cb994baf3] Routing FlowFile[188,99014336574625.mockFlowFile,22B] to original
[main] DEBUG org.apache.nifi.processors.standard.RouteText - RouteText[id=a680ad74-d0b5-404d-9505-4b7cb994baf3] Adding new dynamic property: PropertyDescriptor[simple]
[pool-2417-thread-1] INFO org.apache.nifi.processors.standard.RouteText - RouteText[id=a680ad74-d0b5-404d-9505-4b7cb994baf3] Created FlowFile[191,99014337312011.mockFlowFile,22B] from FlowFile[190,99014337312011.mockFlowFile,22B]; routing to relationship simple
[pool-2417-thread-1] INFO org.apache.nifi.processors.standard.RouteText - RouteText[id=a680ad74-d0b5-404d-9505-4b7cb994baf3] Routing FlowFile[190,99014337312011.mockFlowFile,22B] to original
[main] DEBUG org.apache.nifi.processors.standard.RouteText - RouteText[id=a680ad74-d0b5-404d-9505-4b7cb994baf3] Adding new dynamic property: PropertyDescriptor[simple]
[pool-2418-thread-1] INFO org.apache.nifi.processors.standard.RouteText - RouteText[id=a680ad74-d0b5-404d-9505-4b7cb994baf3] Created FlowFile[193,99014337858400.mockFlowFile,22B] from FlowFile[192,99014337858400.mockFlowFile,22B]; routing to relationship simple
[pool-2418-thread-1] INFO org.apache.nifi.processors.standard.RouteText - RouteText[id=a680ad74-d0b5-404d-9505-4b7cb994baf3] Routing FlowFile[192,99014337858400.mockFlowFile,22B] to original
[main] DEBUG org.apache.nifi.processors.standard.RouteText - RouteText[id=a680ad74-d0b5-404d-9505-4b7cb994baf3] Adding new dynamic property: PropertyDescriptor[simple]
[pool-2419-thread-1] INFO org.apache.nifi.processors.standard.RouteText - RouteText[id=a680ad74-d0b5-404d-9505-4b7cb994baf3] Created FlowFile[195,99014338399122.mockFlowFile,22B] from FlowFile[194,99014338399122.mockFlowFile,22B]; routing to relationship simple
[pool-2419-thread-1] INFO org.apache.nifi.processors.standard.RouteText - RouteText[id=a680ad74-d0b5-404d-9505-4b7cb994baf3] Routing FlowFile[194,99014338399122.mockFlowFile,22B] to original
[main] DEBUG org.apache.nifi.processors.standard.RouteText - RouteText[id=a680ad74-d0b5-404d-9505-4b7cb994baf3] Adding new dynamic property: PropertyDescriptor[simple]
[pool-2420-thread-1] INFO org.apache.nifi.processors.standard.RouteText - RouteText[id=a680ad74-d0b5-404d-9505-4b7cb994baf3] Created FlowFile[197,99014338913037.mockFlowFile,22B] from FlowFile[196,99014338913037.mockFlowFile,22B]; routing to relationship simple
[pool-2420-thread-1] INFO org.apache.nifi.processors.standard.RouteText - RouteText[id=a680ad74-d0b5-404d-9505-4b7cb994baf3] Routing FlowFile[196,99014338913037.mockFlowFile,22B] to original
[main] DEBUG org.apache.nifi.processors.standard.RouteText - RouteText[id=a680ad74-d0b5-404d-9505-4b7cb994baf3] Adding new dynamic property: PropertyDescriptor[simple]
[pool-2421-thread-1] INFO org.apache.nifi.processors.standard.RouteText - RouteText[id=a680ad74-d0b5-404d-9505-4b7cb994baf3] Created FlowFile[199,99014339396354.mockFlowFile,22B] from FlowFile[198,99014339396354.mockFlowFile,22B]; routing to relationship simple
[pool-2421-thread-1] INFO org.apache.nifi.processors.standard.RouteText - RouteText[id=a680ad74-d0b5-404d-9505-4b7cb994baf3] Routing FlowFile[198,99014339396354.mockFlowFile,22B] to original
[main] DEBUG org.apache.nifi.processors.standard.RouteText - RouteText[id=a680ad74-d0b5-404d-9505-4b7cb994baf3] Adding new dynamic property: PropertyDescriptor[simple]
[pool-2422-thread-1] INFO org.apache.nifi.processors.standard.RouteText - RouteText[id=a680ad74-d0b5-404d-9505-4b7cb994baf3] Created FlowFile[201,99014339992025.mockFlowFile,22B] from FlowFile[200,99014339992025.mockFlowFile,22B]; routing to relationship simple
[pool-2422-thread-1] INFO org.apache.nifi.processors.standard.RouteText - RouteText[id=a680ad74-d0b5-404d-9505-4b7cb994baf3] Routing FlowFile[200,99014339992025.mockFlowFile,22B] to original
[main] DEBUG org.apache.nifi.processors.standard.RouteText - RouteText[id=a680ad74-d0b5-404d-9505-4b7cb994baf3] Adding new dynamic property: PropertyDescriptor[simple]
[pool-2423-thread-1] INFO org.apache.nifi.processors.standard.RouteText - RouteText[id=a680ad74-d0b5-404d-9505-4b7cb994baf3] Created FlowFile[203,99014340508228.mockFlowFile,22B] from FlowFile[202,99014340508228.mockFlowFile,22B]; routing to relationship simple
[pool-2423-thread-1] INFO org.apache.nifi.processors.standard.RouteText - RouteText[id=a680ad74-d0b5-404d-9505-4b7cb994baf3] Routing FlowFile[202,99014340508228.mockFlowFile,22B] to original
[main] DEBUG org.apache.nifi.processors.standard.RouteText - RouteText[id=a680ad74-d0b5-404d-9505-4b7cb994baf3] Adding new dynamic property: PropertyDescriptor[simple]
[pool-2424-thread-1] INFO org.apache.nifi.processors.standard.RouteText - RouteText[id=a680ad74-d0b5-404d-9505-4b7cb994baf3] Created FlowFile[205,99014341000255.mockFlowFile,23B] from FlowFile[204,99014341000255.mockFlowFile,23B]; routing to relationship simple
[pool-2424-thread-1] INFO org.apache.nifi.processors.standard.RouteText - RouteText[id=a680ad74-d0b5-404d-9505-4b7cb994baf3] Routing FlowFile[204,99014341000255.mockFlowFile,23B] to original
[main] DEBUG org.apache.nifi.processors.standard.RouteText - RouteText[id=a680ad74-d0b5-404d-9505-4b7cb994baf3] Adding new dynamic property: PropertyDescriptor[simple]
[pool-2425-thread-1] INFO org.apache.nifi.processors.standard.RouteText - RouteText[id=a680ad74-d0b5-404d-9505-4b7cb994baf3] Created FlowFile[207,99014341609912.mockFlowFile,23B] from FlowFile[206,99014341609912.mockFlowFile,23B]; routing to relationship simple
[pool-2425-thread-1] INFO org.apache.nifi.processors.standard.RouteText - RouteText[id=a680ad74-d0b5-404d-9505-4b7cb994baf3] Routing FlowFile[206,99014341609912.mockFlowFile,23B] to original
[main] DEBUG org.apache.nifi.processors.standard.RouteText - RouteText[id=a680ad74-d0b5-404d-9505-4b7cb994baf3] Adding new dynamic property: PropertyDescriptor[simple]
[pool-2426-thread-1] INFO org.apache.nifi.processors.standard.RouteText - RouteText[id=a680ad74-d0b5-404d-9505-4b7cb994baf3] Created FlowFile[209,99014342144341.mockFlowFile,23B] from FlowFile[208,99014342144341.mockFlowFile,23B]; routing to relationship simple
[pool-2426-thread-1] INFO org.apache.nifi.processors.standard.RouteText - RouteText[id=a680ad74-d0b5-404d-9505-4b7cb994baf3] Routing FlowFile[208,99014342144341.mockFlowFile,23B] to original
[main] DEBUG org.apache.nifi.processors.standard.RouteText - RouteText[id=a680ad74-d0b5-404d-9505-4b7cb994baf3] Adding new dynamic property: PropertyDescriptor[simple]
[pool-2427-thread-1] INFO org.apache.nifi.processors.standard.RouteText - RouteText[id=a680ad74-d0b5-404d-9505-4b7cb994baf3] Created FlowFile[211,99014342674273.mockFlowFile,23B] from FlowFile[210,99014342674273.mockFlowFile,23B]; routing to relationship simple
[pool-2427-thread-1] INFO org.apache.nifi.processors.standard.RouteText - RouteText[id=a680ad74-d0b5-404d-9505-4b7cb994baf3] Routing FlowFile[210,99014342674273.mockFlowFile,23B] to original
[main] DEBUG org.apache.nifi.processors.standard.RouteText - RouteText[id=a680ad74-d0b5-404d-9505-4b7cb994baf3] Adding new dynamic property: PropertyDescriptor[simple]
[pool-2428-thread-1] INFO org.apache.nifi.processors.standard.RouteText - RouteText[id=a680ad74-d0b5-404d-9505-4b7cb994baf3] Created FlowFile[213,99014343367669.mockFlowFile,23B] from FlowFile[212,99014343367669.mockFlowFile,23B]; routing to relationship simple
[pool-2428-thread-1] INFO org.apache.nifi.processors.standard.RouteText - RouteText[id=a680ad74-d0b5-404d-9505-4b7cb994baf3] Routing FlowFile[212,99014343367669.mockFlowFile,23B] to original
[main] DEBUG org.apache.nifi.processors.standard.RouteText - RouteText[id=a680ad74-d0b5-404d-9505-4b7cb994baf3] Adding new dynamic property: PropertyDescriptor[simple]
[pool-2429-thread-1] INFO org.apache.nifi.processors.standard.RouteText - RouteText[id=a680ad74-d0b5-404d-9505-4b7cb994baf3] Created FlowFile[215,99014343900407.mockFlowFile,23B] from FlowFile[214,99014343900407.mockFlowFile,23B]; routing to relationship simple
[pool-2429-thread-1] INFO org.apache.nifi.processors.standard.RouteText - RouteText[id=a680ad74-d0b5-404d-9505-4b7cb994baf3] Routing FlowFile[214,99014343900407.mockFlowFile,23B] to original
[main] DEBUG org.apache.nifi.processors.standard.RouteText - RouteText[id=a680ad74-d0b5-404d-9505-4b7cb994baf3] Adding new dynamic property: PropertyDescriptor[simple]
[pool-2430-thread-1] INFO org.apache.nifi.processors.standard.RouteText - RouteText[id=a680ad74-d0b5-404d-9505-4b7cb994baf3] Created FlowFile[217,99014344540662.mockFlowFile,23B] from FlowFile[216,99014344540662.mockFlowFile,23B]; routing to relationship simple
[pool-2430-thread-1] INFO org.apache.nifi.processors.standard.RouteText - RouteText[id=a680ad74-d0b5-404d-9505-4b7cb994baf3] Routing FlowFile[216,99014344540662.mockFlowFile,23B] to original
[main] DEBUG org.apache.nifi.processors.standard.RouteText - RouteText[id=a680ad74-d0b5-404d-9505-4b7cb994baf3] Adding new dynamic property: PropertyDescriptor[simple]
[pool-2431-thread-1] INFO org.apache.nifi.processors.standard.RouteText - RouteText[id=a680ad74-d0b5-404d-9505-4b7cb994baf3] Created FlowFile[219,99014345068838.mockFlowFile,23B] from FlowFile[218,99014345068838.mockFlowFile,23B]; routing to relationship simple
[pool-2431-thread-1] INFO org.apache.nifi.processors.standard.RouteText - RouteText[id=a680ad74-d0b5-404d-9505-4b7cb994baf3] Routing FlowFile[218,99014345068838.mockFlowFile,23B] to original
[main] DEBUG org.apache.nifi.processors.standard.RouteText - RouteText[id=a680ad74-d0b5-404d-9505-4b7cb994baf3] Adding new dynamic property: PropertyDescriptor[simple]
[pool-2432-thread-1] INFO org.apache.nifi.processors.standard.RouteText - RouteText[id=a680ad74-d0b5-404d-9505-4b7cb994baf3] Created FlowFile[221,99014345603646.mockFlowFile,23B] from FlowFile[220,99014345603646.mockFlowFile,23B]; routing to relationship simple
[pool-2432-thread-1] INFO org.apache.nifi.processors.standard.RouteText - RouteText[id=a680ad74-d0b5-404d-9505-4b7cb994baf3] Routing FlowFile[220,99014345603646.mockFlowFile,23B] to original
[main] DEBUG org.apache.nifi.processors.standard.RouteText - RouteText[id=a680ad74-d0b5-404d-9505-4b7cb994baf3] Adding new dynamic property: PropertyDescriptor[simple]
[pool-2433-thread-1] INFO org.apache.nifi.processors.standard.RouteText - RouteText[id=a680ad74-d0b5-404d-9505-4b7cb994baf3] Created FlowFile[223,99014346096178.mockFlowFile,23B] from FlowFile[222,99014346096178.mockFlowFile,23B]; routing to relationship simple
[pool-2433-thread-1] INFO org.apache.nifi.processors.standard.RouteText - RouteText[id=a680ad74-d0b5-404d-9505-4b7cb994baf3] Routing FlowFile[222,99014346096178.mockFlowFile,23B] to original
[main] DEBUG org.apache.nifi.processors.standard.RouteText - RouteText[id=a680ad74-d0b5-404d-9505-4b7cb994baf3] Adding new dynamic property: PropertyDescriptor[simple]
[pool-2434-thread-1] INFO org.apache.nifi.processors.standard.RouteText - RouteText[id=a680ad74-d0b5-404d-9505-4b7cb994baf3] Created FlowFile[225,99014346591887.mockFlowFile,23B] from FlowFile[224,99014346591887.mockFlowFile,23B]; routing to relationship simple
[pool-2434-thread-1] INFO org.apache.nifi.processors.standard.RouteText - RouteText[id=a680ad74-d0b5-404d-9505-4b7cb994baf3] Routing FlowFile[224,99014346591887.mockFlowFile,23B] to original
[main] DEBUG org.apache.nifi.processors.standard.RouteText - RouteText[id=a680ad74-d0b5-404d-9505-4b7cb994baf3] Adding new dynamic property: PropertyDescriptor[simple]
[pool-2435-thread-1] INFO org.apache.nifi.processors.standard.RouteText - RouteText[id=a680ad74-d0b5-404d-9505-4b7cb994baf3] Created FlowFile[227,99014347081464.mockFlowFile,23B] from FlowFile[226,99014347081464.mockFlowFile,23B]; routing to relationship simple
[pool-2435-thread-1] INFO org.apache.nifi.processors.standard.RouteText - RouteText[id=a680ad74-d0b5-404d-9505-4b7cb994baf3] Routing FlowFile[226,99014347081464.mockFlowFile,23B] to original
[main] DEBUG org.apache.nifi.processors.standard.RouteText - RouteText[id=a680ad74-d0b5-404d-9505-4b7cb994baf3] Adding new dynamic property: PropertyDescriptor[simple]
[pool-2436-thread-1] INFO org.apache.nifi.processors.standard.RouteText - RouteText[id=a680ad74-d0b5-404d-9505-4b7cb994baf3] Created FlowFile[229,99014347582527.mockFlowFile,23B] from FlowFile[228,99014347582527.mockFlowFile,23B]; routing to relationship simple
[pool-2436-thread-1] INFO org.apache.nifi.processors.standard.RouteText - RouteText[id=a680ad74-d0b5-404d-9505-4b7cb994baf3] Routing FlowFile[228,99014347582527.mockFlowFile,23B] to original
[main] DEBUG org.apache.nifi.processors.standard.RouteText - RouteText[id=a680ad74-d0b5-404d-9505-4b7cb994baf3] Adding new dynamic property: PropertyDescriptor[simple]
[pool-2437-thread-1] INFO org.apache.nifi.processors.standard.RouteText - RouteText[id=a680ad74-d0b5-404d-9505-4b7cb994baf3] Created FlowFile[231,99014348090210.mockFlowFile,23B] from FlowFile[230,99014348090210.mockFlowFile,23B]; routing to relationship simple
[pool-2437-thread-1] INFO org.apache.nifi.processors.standard.RouteText - RouteText[id=a680ad74-d0b5-404d-9505-4b7cb994baf3] Routing FlowFile[230,99014348090210.mockFlowFile,23B] to original
[main] DEBUG org.apache.nifi.processors.standard.RouteText - RouteText[id=a680ad74-d0b5-404d-9505-4b7cb994baf3] Adding new dynamic property: PropertyDescriptor[simple]
[pool-2438-thread-1] INFO org.apache.nifi.processors.standard.RouteText - RouteText[id=a680ad74-d0b5-404d-9505-4b7cb994baf3] Created FlowFile[233,99014348609068.mockFlowFile,23B] from FlowFile[232,99014348609068.mockFlowFile,23B]; routing to relationship simple
[pool-2438-thread-1] INFO org.apache.nifi.processors.standard.RouteText - RouteText[id=a680ad74-d0b5-404d-9505-4b7cb994baf3] Routing FlowFile[232,99014348609068.mockFlowFile,23B] to original
[main] DEBUG org.apache.nifi.processors.standard.RouteText - RouteText[id=a680ad74-d0b5-404d-9505-4b7cb994baf3] Adding new dynamic property: PropertyDescriptor[simple]
[pool-2439-thread-1] INFO org.apache.nifi.processors.standard.RouteText - RouteText[id=a680ad74-d0b5-404d-9505-4b7cb994baf3] Created FlowFile[235,99014349116268.mockFlowFile,23B] from FlowFile[234,99014349116268.mockFlowFile,23B]; routing to relationship simple
[pool-2439-thread-1] INFO org.apache.nifi.processors.standard.RouteText - RouteText[id=a680ad74-d0b5-404d-9505-4b7cb994baf3] Routing FlowFile[234,99014349116268.mockFlowFile,23B] to original
[main] DEBUG org.apache.nifi.processors.standard.RouteText - RouteText[id=a680ad74-d0b5-404d-9505-4b7cb994baf3] Adding new dynamic property: PropertyDescriptor[simple]
[pool-2440-thread-1] INFO org.apache.nifi.processors.standard.RouteText - RouteText[id=a680ad74-d0b5-404d-9505-4b7cb994baf3] Created FlowFile[237,99014349621913.mockFlowFile,23B] from FlowFile[236,99014349621913.mockFlowFile,23B]; routing to relationship simple
[pool-2440-thread-1] INFO org.apache.nifi.processors.standard.RouteText - RouteText[id=a680ad74-d0b5-404d-9505-4b7cb994baf3] Routing FlowFile[236,99014349621913.mockFlowFile,23B] to original
[main] DEBUG org.apache.nifi.processors.standard.RouteText - RouteText[id=a680ad74-d0b5-404d-9505-4b7cb994baf3] Adding new dynamic property: PropertyDescriptor[simple]
[pool-2441-thread-1] INFO org.apache.nifi.processors.standard.RouteText - RouteText[id=a680ad74-d0b5-404d-9505-4b7cb994baf3] Created FlowFile[239,99014350123564.mockFlowFile,23B] from FlowFile[238,99014350123564.mockFlowFile,23B]; routing to relationship simple
[pool-2441-thread-1] INFO org.apache.nifi.processors.standard.RouteText - RouteText[id=a680ad74-d0b5-404d-9505-4b7cb994baf3] Routing FlowFile[238,99014350123564.mockFlowFile,23B] to original
[main] DEBUG org.apache.nifi.processors.standard.RouteText - RouteText[id=a680ad74-d0b5-404d-9505-4b7cb994baf3] Adding new dynamic property: PropertyDescriptor[simple]
[pool-2442-thread-1] INFO org.apache.nifi.processors.standard.RouteText - RouteText[id=a680ad74-d0b5-404d-9505-4b7cb994baf3] Created FlowFile[241,99014350628299.mockFlowFile,23B] from FlowFile[240,99014350628299.mockFlowFile,23B]; routing to relationship simple
[pool-2442-thread-1] INFO org.apache.nifi.processors.standard.RouteText - RouteText[id=a680ad74-d0b5-404d-9505-4b7cb994baf3] Routing FlowFile[240,99014350628299.mockFlowFile,23B] to original
[main] DEBUG org.apache.nifi.processors.standard.RouteText - RouteText[id=a680ad74-d0b5-404d-9505-4b7cb994baf3] Adding new dynamic property: PropertyDescriptor[simple]
[pool-2443-thread-1] INFO org.apache.nifi.processors.standard.RouteText - RouteText[id=a680ad74-d0b5-404d-9505-4b7cb994baf3] Created FlowFile[243,99014351161973.mockFlowFile,23B] from FlowFile[242,99014351161973.mockFlowFile,23B]; routing to relationship simple
[pool-2443-thread-1] INFO org.apache.nifi.processors.standard.RouteText - RouteText[id=a680ad74-d0b5-404d-9505-4b7cb994baf3] Routing FlowFile[242,99014351161973.mockFlowFile,23B] to original
[main] DEBUG org.apache.nifi.processors.standard.RouteText - RouteText[id=a680ad74-d0b5-404d-9505-4b7cb994baf3] Adding new dynamic property: PropertyDescriptor[simple]
[pool-2444-thread-1] INFO org.apache.nifi.processors.standard.RouteText - RouteText[id=a680ad74-d0b5-404d-9505-4b7cb994baf3] Created FlowFile[245,99014351674798.mockFlowFile,23B] from FlowFile[244,99014351674798.mockFlowFile,23B]; routing to relationship simple
[pool-2444-thread-1] INFO org.apache.nifi.processors.standard.RouteText - RouteText[id=a680ad74-d0b5-404d-9505-4b7cb994baf3] Routing FlowFile[244,99014351674798.mockFlowFile,23B] to original
[main] DEBUG org.apache.nifi.processors.standard.RouteText - RouteText[id=a680ad74-d0b5-404d-9505-4b7cb994baf3] Adding new dynamic property: PropertyDescriptor[simple]
[pool-2445-thread-1] INFO org.apache.nifi.processors.standard.RouteText - RouteText[id=a680ad74-d0b5-404d-9505-4b7cb994baf3] Created FlowFile[247,99014352237893.mockFlowFile,23B] from FlowFile[246,99014352237893.mockFlowFile,23B]; routing to relationship simple
[pool-2445-thread-1] INFO org.apache.nifi.processors.standard.RouteText - RouteText[id=a680ad74-d0b5-404d-9505-4b7cb994baf3] Routing FlowFile[246,99014352237893.mockFlowFile,23B] to original
[main] DEBUG org.apache.nifi.processors.standard.RouteText - RouteText[id=a680ad74-d0b5-404d-9505-4b7cb994baf3] Adding new dynamic property: PropertyDescriptor[simple]
[pool-2446-thread-1] INFO org.apache.nifi.processors.standard.RouteText - RouteText[id=a680ad74-d0b5-404d-9505-4b7cb994baf3] Created FlowFile[249,99014352786717.mockFlowFile,23B] from FlowFile[248,99014352786717.mockFlowFile,23B]; routing to relationship simple
[pool-2446-thread-1] INFO org.apache.nifi.processors.standard.RouteText - RouteText[id=a680ad74-d0b5-404d-9505-4b7cb994baf3] Routing FlowFile[248,99014352786717.mockFlowFile,23B] to original
[main] DEBUG org.apache.nifi.processors.standard.RouteText - RouteText[id=a680ad74-d0b5-404d-9505-4b7cb994baf3] Adding new dynamic property: PropertyDescriptor[simple]
[pool-2447-thread-1] INFO org.apache.nifi.processors.standard.RouteText - RouteText[id=a680ad74-d0b5-404d-9505-4b7cb994baf3] Created FlowFile[251,99014353335084.mockFlowFile,23B] from FlowFile[250,99014353335084.mockFlowFile,23B]; routing to relationship simple
[pool-2447-thread-1] INFO org.apache.nifi.processors.standard.RouteText - RouteText[id=a680ad74-d0b5-404d-9505-4b7cb994baf3] Routing FlowFile[250,99014353335084.mockFlowFile,23B] to original
[main] DEBUG org.apache.nifi.processors.standard.RouteText - RouteText[id=a680ad74-d0b5-404d-9505-4b7cb994baf3] Adding new dynamic property: PropertyDescriptor[simple]
[pool-2448-thread-1] INFO org.apache.nifi.processors.standard.RouteText - RouteText[id=a680ad74-d0b5-404d-9505-4b7cb994baf3] Created FlowFile[253,99014353865639.mockFlowFile,23B] from FlowFile[252,99014353865639.mockFlowFile,23B]; routing to relationship simple
[pool-2448-thread-1] INFO org.apache.nifi.processors.standard.RouteText - RouteText[id=a680ad74-d0b5-404d-9505-4b7cb994baf3] Routing FlowFile[252,99014353865639.mockFlowFile,23B] to original
[main] DEBUG org.apache.nifi.processors.standard.RouteText - RouteText[id=a680ad74-d0b5-404d-9505-4b7cb994baf3] Adding new dynamic property: PropertyDescriptor[simple]
[pool-2449-thread-1] INFO org.apache.nifi.processors.standard.RouteText - RouteText[id=a680ad74-d0b5-404d-9505-4b7cb994baf3] Created FlowFile[255,99014354372861.mockFlowFile,23B] from FlowFile[254,99014354372861.mockFlowFile,23B]; routing to relationship simple
[pool-2449-thread-1] INFO org.apache.nifi.processors.standard.RouteText - RouteText[id=a680ad74-d0b5-404d-9505-4b7cb994baf3] Routing FlowFile[254,99014354372861.mockFlowFile,23B] to original
[main] DEBUG org.apache.nifi.processors.standard.RouteText - RouteText[id=a680ad74-d0b5-404d-9505-4b7cb994baf3] Adding new dynamic property: PropertyDescriptor[simple]
[pool-2450-thread-1] INFO org.apache.nifi.processors.standard.RouteText - RouteText[id=a680ad74-d0b5-404d-9505-4b7cb994baf3] Created FlowFile[257,99014354926469.mockFlowFile,23B] from FlowFile[256,99014354926469.mockFlowFile,23B]; routing to relationship simple
[pool-2450-thread-1] INFO org.apache.nifi.processors.standard.RouteText - RouteText[id=a680ad74-d0b5-404d-9505-4b7cb994baf3] Routing FlowFile[256,99014354926469.mockFlowFile,23B] to original
[main] DEBUG org.apache.nifi.processors.standard.RouteText - RouteText[id=a680ad74-d0b5-404d-9505-4b7cb994baf3] Adding new dynamic property: PropertyDescriptor[simple]
[pool-2451-thread-1] INFO org.apache.nifi.processors.standard.RouteText - RouteText[id=a680ad74-d0b5-404d-9505-4b7cb994baf3] Created FlowFile[259,99014355649323.mockFlowFile,23B] from FlowFile[258,99014355649323.mockFlowFile,23B]; routing to relationship simple
[pool-2451-thread-1] INFO org.apache.nifi.processors.standard.RouteText - RouteText[id=a680ad74-d0b5-404d-9505-4b7cb994baf3] Routing FlowFile[258,99014355649323.mockFlowFile,23B] to original
[main] DEBUG org.apache.nifi.processors.standard.RouteText - RouteText[id=a680ad74-d0b5-404d-9505-4b7cb994baf3] Adding new dynamic property: PropertyDescriptor[simple]
[pool-2452-thread-1] INFO org.apache.nifi.processors.standard.RouteText - RouteText[id=a680ad74-d0b5-404d-9505-4b7cb994baf3] Created FlowFile[261,99014356337079.mockFlowFile,23B] from FlowFile[260,99014356337079.mockFlowFile,23B]; routing to relationship simple
[pool-2452-thread-1] INFO org.apache.nifi.processors.standard.RouteText - RouteText[id=a680ad74-d0b5-404d-9505-4b7cb994baf3] Routing FlowFile[260,99014356337079.mockFlowFile,23B] to original
[main] DEBUG org.apache.nifi.processors.standard.RouteText - RouteText[id=a680ad74-d0b5-404d-9505-4b7cb994baf3] Adding new dynamic property: PropertyDescriptor[simple]
[pool-2453-thread-1] INFO org.apache.nifi.processors.standard.RouteText - RouteText[id=a680ad74-d0b5-404d-9505-4b7cb994baf3] Created FlowFile[263,99014356981787.mockFlowFile,23B] from FlowFile[262,99014356981787.mockFlowFile,23B]; routing to relationship simple
[pool-2453-thread-1] INFO org.apache.nifi.processors.standard.RouteText - RouteText[id=a680ad74-d0b5-404d-9505-4b7cb994baf3] Routing FlowFile[262,99014356981787.mockFlowFile,23B] to original
[main] DEBUG org.apache.nifi.processors.standard.RouteText - RouteText[id=a680ad74-d0b5-404d-9505-4b7cb994baf3] Adding new dynamic property: PropertyDescriptor[simple]
[pool-2454-thread-1] INFO org.apache.nifi.processors.standard.RouteText - RouteText[id=a680ad74-d0b5-404d-9505-4b7cb994baf3] Created FlowFile[265,99014357556718.mockFlowFile,23B] from FlowFile[264,99014357556718.mockFlowFile,23B]; routing to relationship simple
[pool-2454-thread-1] INFO org.apache.nifi.processors.standard.RouteText - RouteText[id=a680ad74-d0b5-404d-9505-4b7cb994baf3] Routing FlowFile[264,99014357556718.mockFlowFile,23B] to original
[main] DEBUG org.apache.nifi.processors.standard.RouteText - RouteText[id=a680ad74-d0b5-404d-9505-4b7cb994baf3] Adding new dynamic property: PropertyDescriptor[simple]
[pool-2455-thread-1] INFO org.apache.nifi.processors.standard.RouteText - RouteText[id=a680ad74-d0b5-404d-9505-4b7cb994baf3] Created FlowFile[267,99014358051350.mockFlowFile,23B] from FlowFile[266,99014358051350.mockFlowFile,23B]; routing to relationship simple
[pool-2455-thread-1] INFO org.apache.nifi.processors.standard.RouteText - RouteText[id=a680ad74-d0b5-404d-9505-4b7cb994baf3] Routing FlowFile[266,99014358051350.mockFlowFile,23B] to original
[main] DEBUG org.apache.nifi.processors.standard.RouteText - RouteText[id=a680ad74-d0b5-404d-9505-4b7cb994baf3] Adding new dynamic property: PropertyDescriptor[simple]
[pool-2456-thread-1] INFO org.apache.nifi.processors.standard.RouteText - RouteText[id=a680ad74-d0b5-404d-9505-4b7cb994baf3] Created FlowFile[269,99014358492911.mockFlowFile,23B] from FlowFile[268,99014358492911.mockFlowFile,23B]; routing to relationship simple
[pool-2456-thread-1] INFO org.apache.nifi.processors.standard.RouteText - RouteText[id=a680ad74-d0b5-404d-9505-4b7cb994baf3] Routing FlowFile[268,99014358492911.mockFlowFile,23B] to original
[main] DEBUG org.apache.nifi.processors.standard.RouteText - RouteText[id=a680ad74-d0b5-404d-9505-4b7cb994baf3] Adding new dynamic property: PropertyDescriptor[simple]
[pool-2457-thread-1] INFO org.apache.nifi.processors.standard.RouteText - RouteText[id=a680ad74-d0b5-404d-9505-4b7cb994baf3] Created FlowFile[271,99014358928995.mockFlowFile,23B] from FlowFile[270,99014358928995.mockFlowFile,23B]; routing to relationship simple
[pool-2457-thread-1] INFO org.apache.nifi.processors.standard.RouteText - RouteText[id=a680ad74-d0b5-404d-9505-4b7cb994baf3] Routing FlowFile[270,99014358928995.mockFlowFile,23B] to original
[main] DEBUG org.apache.nifi.processors.standard.RouteText - RouteText[id=a680ad74-d0b5-404d-9505-4b7cb994baf3] Adding new dynamic property: PropertyDescriptor[simple]
[pool-2458-thread-1] INFO org.apache.nifi.processors.standard.RouteText - RouteText[id=a680ad74-d0b5-404d-9505-4b7cb994baf3] Created FlowFile[273,99014359418571.mockFlowFile,23B] from FlowFile[272,99014359418571.mockFlowFile,23B]; routing to relationship simple
[pool-2458-thread-1] INFO org.apache.nifi.processors.standard.RouteText - RouteText[id=a680ad74-d0b5-404d-9505-4b7cb994baf3] Routing FlowFile[272,99014359418571.mockFlowFile,23B] to original
[main] DEBUG org.apache.nifi.processors.standard.RouteText - RouteText[id=a680ad74-d0b5-404d-9505-4b7cb994baf3] Adding new dynamic property: PropertyDescriptor[simple]
[pool-2459-thread-1] INFO org.apache.nifi.processors.standard.RouteText - RouteText[id=a680ad74-d0b5-404d-9505-4b7cb994baf3] Created FlowFile[275,99014359897393.mockFlowFile,23B] from FlowFile[274,99014359897393.mockFlowFile,23B]; routing to relationship simple
[pool-2459-thread-1] INFO org.apache.nifi.processors.standard.RouteText - RouteText[id=a680ad74-d0b5-404d-9505-4b7cb994baf3] Routing FlowFile[274,99014359897393.mockFlowFile,23B] to original
[main] DEBUG org.apache.nifi.processors.standard.RouteText - RouteText[id=a680ad74-d0b5-404d-9505-4b7cb994baf3] Adding new dynamic property: PropertyDescriptor[simple]
[pool-2460-thread-1] INFO org.apache.nifi.processors.standard.RouteText - RouteText[id=a680ad74-d0b5-404d-9505-4b7cb994baf3] Created FlowFile[277,99014360394778.mockFlowFile,23B] from FlowFile[276,99014360394778.mockFlowFile,23B]; routing to relationship simple
[pool-2460-thread-1] INFO org.apache.nifi.processors.standard.RouteText - RouteText[id=a680ad74-d0b5-404d-9505-4b7cb994baf3] Routing FlowFile[276,99014360394778.mockFlowFile,23B] to original
[main] DEBUG org.apache.nifi.processors.standard.RouteText - RouteText[id=a680ad74-d0b5-404d-9505-4b7cb994baf3] Adding new dynamic property: PropertyDescriptor[simple]
[pool-2461-thread-1] INFO org.apache.nifi.processors.standard.RouteText - RouteText[id=a680ad74-d0b5-404d-9505-4b7cb994baf3] Created FlowFile[279,99014360840924.mockFlowFile,23B] from FlowFile[278,99014360840924.mockFlowFile,23B]; routing to relationship simple
[pool-2461-thread-1] INFO org.apache.nifi.processors.standard.RouteText - RouteText[id=a680ad74-d0b5-404d-9505-4b7cb994baf3] Routing FlowFile[278,99014360840924.mockFlowFile,23B] to original
[main] DEBUG org.apache.nifi.processors.standard.RouteText - RouteText[id=a680ad74-d0b5-404d-9505-4b7cb994baf3] Adding new dynamic property: PropertyDescriptor[simple]
[pool-2462-thread-1] INFO org.apache.nifi.processors.standard.RouteText - RouteText[id=a680ad74-d0b5-404d-9505-4b7cb994baf3] Created FlowFile[281,99014361324058.mockFlowFile,23B] from FlowFile[280,99014361324058.mockFlowFile,23B]; routing to relationship simple
[pool-2462-thread-1] INFO org.apache.nifi.processors.standard.RouteText - RouteText[id=a680ad74-d0b5-404d-9505-4b7cb994baf3] Routing FlowFile[280,99014361324058.mockFlowFile,23B] to original
[main] DEBUG org.apache.nifi.processors.standard.RouteText - RouteText[id=a680ad74-d0b5-404d-9505-4b7cb994baf3] Adding new dynamic property: PropertyDescriptor[simple]
[pool-2463-thread-1] INFO org.apache.nifi.processors.standard.RouteText - RouteText[id=a680ad74-d0b5-404d-9505-4b7cb994baf3] Created FlowFile[283,99014361800174.mockFlowFile,23B] from FlowFile[282,99014361800174.mockFlowFile,23B]; routing to relationship simple
[pool-2463-thread-1] INFO org.apache.nifi.processors.standard.RouteText - RouteText[id=a680ad74-d0b5-404d-9505-4b7cb994baf3] Routing FlowFile[282,99014361800174.mockFlowFile,23B] to original
[main] DEBUG org.apache.nifi.processors.standard.RouteText - RouteText[id=a680ad74-d0b5-404d-9505-4b7cb994baf3] Adding new dynamic property: PropertyDescriptor[simple]
[pool-2464-thread-1] INFO org.apache.nifi.processors.standard.RouteText - RouteText[id=a680ad74-d0b5-404d-9505-4b7cb994baf3] Created FlowFile[285,99014362282595.mockFlowFile,23B] from FlowFile[284,99014362282595.mockFlowFile,23B]; routing to relationship simple
[pool-2464-thread-1] INFO org.apache.nifi.processors.standard.RouteText - RouteText[id=a680ad74-d0b5-404d-9505-4b7cb994baf3] Routing FlowFile[284,99014362282595.mockFlowFile,23B] to original
[main] DEBUG org.apache.nifi.processors.standard.RouteText - RouteText[id=a680ad74-d0b5-404d-9505-4b7cb994baf3] Adding new dynamic property: PropertyDescriptor[simple]
[pool-2465-thread-1] INFO org.apache.nifi.processors.standard.RouteText - RouteText[id=a680ad74-d0b5-404d-9505-4b7cb994baf3] Created FlowFile[287,99014362760875.mockFlowFile,23B] from FlowFile[286,99014362760875.mockFlowFile,23B]; routing to relationship simple
[pool-2465-thread-1] INFO org.apache.nifi.processors.standard.RouteText - RouteText[id=a680ad74-d0b5-404d-9505-4b7cb994baf3] Routing FlowFile[286,99014362760875.mockFlowFile,23B] to original
[main] DEBUG org.apache.nifi.processors.standard.RouteText - RouteText[id=a680ad74-d0b5-404d-9505-4b7cb994baf3] Adding new dynamic property: PropertyDescriptor[simple]
[pool-2466-thread-1] INFO org.apache.nifi.processors.standard.RouteText - RouteText[id=a680ad74-d0b5-404d-9505-4b7cb994baf3] Created FlowFile[289,99014363271984.mockFlowFile,23B] from FlowFile[288,99014363271984.mockFlowFile,23B]; routing to relationship simple
[pool-2466-thread-1] INFO org.apache.nifi.processors.standard.RouteText - RouteText[id=a680ad74-d0b5-404d-9505-4b7cb994baf3] Routing FlowFile[288,99014363271984.mockFlowFile,23B] to original
[main] DEBUG org.apache.nifi.processors.standard.RouteText - RouteText[id=a680ad74-d0b5-404d-9505-4b7cb994baf3] Adding new dynamic property: PropertyDescriptor[simple]
[pool-2467-thread-1] INFO org.apache.nifi.processors.standard.RouteText - RouteText[id=a680ad74-d0b5-404d-9505-4b7cb994baf3] Created FlowFile[291,99014363748465.mockFlowFile,23B] from FlowFile[290,99014363748465.mockFlowFile,23B]; routing to relationship simple
[pool-2467-thread-1] INFO org.apache.nifi.processors.standard.RouteText - RouteText[id=a680ad74-d0b5-404d-9505-4b7cb994baf3] Routing FlowFile[290,99014363748465.mockFlowFile,23B] to original
[main] DEBUG org.apache.nifi.processors.standard.RouteText - RouteText[id=a680ad74-d0b5-404d-9505-4b7cb994baf3] Adding new dynamic property: PropertyDescriptor[simple]
[pool-2468-thread-1] INFO org.apache.nifi.processors.standard.RouteText - RouteText[id=a680ad74-d0b5-404d-9505-4b7cb994baf3] Created FlowFile[293,99014364210196.mockFlowFile,23B] from FlowFile[292,99014364210196.mockFlowFile,23B]; routing to relationship simple
[pool-2468-thread-1] INFO org.apache.nifi.processors.standard.RouteText - RouteText[id=a680ad74-d0b5-404d-9505-4b7cb994baf3] Routing FlowFile[292,99014364210196.mockFlowFile,23B] to original
[main] DEBUG org.apache.nifi.processors.standard.RouteText - RouteText[id=a680ad74-d0b5-404d-9505-4b7cb994baf3] Adding new dynamic property: PropertyDescriptor[simple]
[pool-2469-thread-1] INFO org.apache.nifi.processors.standard.RouteText - RouteText[id=a680ad74-d0b5-404d-9505-4b7cb994baf3] Created FlowFile[295,99014364629141.mockFlowFile,23B] from FlowFile[294,99014364629141.mockFlowFile,23B]; routing to relationship simple
[pool-2469-thread-1] INFO org.apache.nifi.processors.standard.RouteText - RouteText[id=a680ad74-d0b5-404d-9505-4b7cb994baf3] Routing FlowFile[294,99014364629141.mockFlowFile,23B] to original
[main] DEBUG org.apache.nifi.processors.standard.RouteText - RouteText[id=a680ad74-d0b5-404d-9505-4b7cb994baf3] Adding new dynamic property: PropertyDescriptor[simple]
[pool-2470-thread-1] INFO org.apache.nifi.processors.standard.RouteText - RouteText[id=a680ad74-d0b5-404d-9505-4b7cb994baf3] Created FlowFile[297,99014365106860.mockFlowFile,23B] from FlowFile[296,99014365106860.mockFlowFile,23B]; routing to relationship simple
[pool-2470-thread-1] INFO org.apache.nifi.processors.standard.RouteText - RouteText[id=a680ad74-d0b5-404d-9505-4b7cb994baf3] Routing FlowFile[296,99014365106860.mockFlowFile,23B] to original
[main] DEBUG org.apache.nifi.processors.standard.RouteText - RouteText[id=a680ad74-d0b5-404d-9505-4b7cb994baf3] Adding new dynamic property: PropertyDescriptor[simple]
[pool-2471-thread-1] INFO org.apache.nifi.processors.standard.RouteText - RouteText[id=a680ad74-d0b5-404d-9505-4b7cb994baf3] Created FlowFile[299,99014365585171.mockFlowFile,23B] from FlowFile[298,99014365585171.mockFlowFile,23B]; routing to relationship simple
[pool-2471-thread-1] INFO org.apache.nifi.processors.standard.RouteText - RouteText[id=a680ad74-d0b5-404d-9505-4b7cb994baf3] Routing FlowFile[298,99014365585171.mockFlowFile,23B] to original
[main] DEBUG org.apache.nifi.processors.standard.RouteText - RouteText[id=a680ad74-d0b5-404d-9505-4b7cb994baf3] Adding new dynamic property: PropertyDescriptor[simple]
[pool-2472-thread-1] INFO org.apache.nifi.processors.standard.RouteText - RouteText[id=a680ad74-d0b5-404d-9505-4b7cb994baf3] Created FlowFile[301,99014366055705.mockFlowFile,23B] from FlowFile[300,99014366055705.mockFlowFile,23B]; routing to relationship simple
[pool-2472-thread-1] INFO org.apache.nifi.processors.standard.RouteText - RouteText[id=a680ad74-d0b5-404d-9505-4b7cb994baf3] Routing FlowFile[300,99014366055705.mockFlowFile,23B] to original
[main] DEBUG org.apache.nifi.processors.standard.RouteText - RouteText[id=a680ad74-d0b5-404d-9505-4b7cb994baf3] Adding new dynamic property: PropertyDescriptor[simple]
[pool-2473-thread-1] INFO org.apache.nifi.processors.standard.RouteText - RouteText[id=a680ad74-d0b5-404d-9505-4b7cb994baf3] Created FlowFile[303,99014366523010.mockFlowFile,23B] from FlowFile[302,99014366523010.mockFlowFile,23B]; routing to relationship simple
[pool-2473-thread-1] INFO org.apache.nifi.processors.standard.RouteText - RouteText[id=a680ad74-d0b5-404d-9505-4b7cb994baf3] Routing FlowFile[302,99014366523010.mockFlowFile,23B] to original
[main] DEBUG org.apache.nifi.processors.standard.RouteText - RouteText[id=a680ad74-d0b5-404d-9505-4b7cb994baf3] Adding new dynamic property: PropertyDescriptor[simple]
[pool-2474-thread-1] INFO org.apache.nifi.processors.standard.RouteText - RouteText[id=a680ad74-d0b5-404d-9505-4b7cb994baf3] Created FlowFile[305,99014367005732.mockFlowFile,23B] from FlowFile[304,99014367005732.mockFlowFile,23B]; routing to relationship simple
[pool-2474-thread-1] INFO org.apache.nifi.processors.standard.RouteText - RouteText[id=a680ad74-d0b5-404d-9505-4b7cb994baf3] Routing FlowFile[304,99014367005732.mockFlowFile,23B] to original
[main] DEBUG org.apache.nifi.processors.standard.RouteText - RouteText[id=a680ad74-d0b5-404d-9505-4b7cb994baf3] Adding new dynamic property: PropertyDescriptor[simple]
[pool-2475-thread-1] INFO org.apache.nifi.processors.standard.RouteText - RouteText[id=a680ad74-d0b5-404d-9505-4b7cb994baf3] Created FlowFile[307,99014367452184.mockFlowFile,23B] from FlowFile[306,99014367452184.mockFlowFile,23B]; routing to relationship simple
[pool-2475-thread-1] INFO org.apache.nifi.processors.standard.RouteText - RouteText[id=a680ad74-d0b5-404d-9505-4b7cb994baf3] Routing FlowFile[306,99014367452184.mockFlowFile,23B] to original
[main] DEBUG org.apache.nifi.processors.standard.RouteText - RouteText[id=a680ad74-d0b5-404d-9505-4b7cb994baf3] Adding new dynamic property: PropertyDescriptor[simple]
[pool-2476-thread-1] INFO org.apache.nifi.processors.standard.RouteText - RouteText[id=a680ad74-d0b5-404d-9505-4b7cb994baf3] Created FlowFile[309,99014367941115.mockFlowFile,23B] from FlowFile[308,99014367941115.mockFlowFile,23B]; routing to relationship simple
[pool-2476-thread-1] INFO org.apache.nifi.processors.standard.RouteText - RouteText[id=a680ad74-d0b5-404d-9505-4b7cb994baf3] Routing FlowFile[308,99014367941115.mockFlowFile,23B] to original
[main] DEBUG org.apache.nifi.processors.standard.RouteText - RouteText[id=a680ad74-d0b5-404d-9505-4b7cb994baf3] Adding new dynamic property: PropertyDescriptor[simple]
[pool-2477-thread-1] INFO org.apache.nifi.processors.standard.RouteText - RouteText[id=a680ad74-d0b5-404d-9505-4b7cb994baf3] Created FlowFile[311,99014368473193.mockFlowFile,23B] from FlowFile[310,99014368473193.mockFlowFile,23B]; routing to relationship simple
[pool-2477-thread-1] INFO org.apache.nifi.processors.standard.RouteText - RouteText[id=a680ad74-d0b5-404d-9505-4b7cb994baf3] Routing FlowFile[310,99014368473193.mockFlowFile,23B] to original
[main] DEBUG org.apache.nifi.processors.standard.RouteText - RouteText[id=a680ad74-d0b5-404d-9505-4b7cb994baf3] Adding new dynamic property: PropertyDescriptor[simple]
[pool-2478-thread-1] INFO org.apache.nifi.processors.standard.RouteText - RouteText[id=a680ad74-d0b5-404d-9505-4b7cb994baf3] Created FlowFile[313,99014369086983.mockFlowFile,23B] from FlowFile[312,99014369086983.mockFlowFile,23B]; routing to relationship simple
[pool-2478-thread-1] INFO org.apache.nifi.processors.standard.RouteText - RouteText[id=a680ad74-d0b5-404d-9505-4b7cb994baf3] Routing FlowFile[312,99014369086983.mockFlowFile,23B] to original
[main] DEBUG org.apache.nifi.processors.standard.RouteText - RouteText[id=a680ad74-d0b5-404d-9505-4b7cb994baf3] Adding new dynamic property: PropertyDescriptor[simple]
[pool-2479-thread-1] INFO org.apache.nifi.processors.standard.RouteText - RouteText[id=a680ad74-d0b5-404d-9505-4b7cb994baf3] Created FlowFile[315,99014369627830.mockFlowFile,23B] from FlowFile[314,99014369627830.mockFlowFile,23B]; routing to relationship simple
[pool-2479-thread-1] INFO org.apache.nifi.processors.standard.RouteText - RouteText[id=a680ad74-d0b5-404d-9505-4b7cb994baf3] Routing FlowFile[314,99014369627830.mockFlowFile,23B] to original
[main] DEBUG org.apache.nifi.processors.standard.RouteText - RouteText[id=a680ad74-d0b5-404d-9505-4b7cb994baf3] Adding new dynamic property: PropertyDescriptor[simple]
[pool-2480-thread-1] INFO org.apache.nifi.processors.standard.RouteText - RouteText[id=a680ad74-d0b5-404d-9505-4b7cb994baf3] Created FlowFile[317,99014370146695.mockFlowFile,23B] from FlowFile[316,99014370146695.mockFlowFile,23B]; routing to relationship simple
[pool-2480-thread-1] INFO org.apache.nifi.processors.standard.RouteText - RouteText[id=a680ad74-d0b5-404d-9505-4b7cb994baf3] Routing FlowFile[316,99014370146695.mockFlowFile,23B] to original
[main] DEBUG org.apache.nifi.processors.standard.RouteText - RouteText[id=a680ad74-d0b5-404d-9505-4b7cb994baf3] Adding new dynamic property: PropertyDescriptor[simple]
[pool-2481-thread-1] INFO org.apache.nifi.processors.standard.RouteText - RouteText[id=a680ad74-d0b5-404d-9505-4b7cb994baf3] Created FlowFile[319,99014370636087.mockFlowFile,23B] from FlowFile[318,99014370636087.mockFlowFile,23B]; routing to relationship simple
[pool-2481-thread-1] INFO org.apache.nifi.processors.standard.RouteText - RouteText[id=a680ad74-d0b5-404d-9505-4b7cb994baf3] Routing FlowFile[318,99014370636087.mockFlowFile,23B] to original
[main] DEBUG org.apache.nifi.processors.standard.RouteText - RouteText[id=a680ad74-d0b5-404d-9505-4b7cb994baf3] Adding new dynamic property: PropertyDescriptor[simple]
[pool-2482-thread-1] INFO org.apache.nifi.processors.standard.RouteText - RouteText[id=a680ad74-d0b5-404d-9505-4b7cb994baf3] Created FlowFile[321,99014371113908.mockFlowFile,23B] from FlowFile[320,99014371113908.mockFlowFile,23B]; routing to relationship simple
[pool-2482-thread-1] INFO org.apache.nifi.processors.standard.RouteText - RouteText[id=a680ad74-d0b5-404d-9505-4b7cb994baf3] Routing FlowFile[320,99014371113908.mockFlowFile,23B] to original
[main] DEBUG org.apache.nifi.processors.standard.RouteText - RouteText[id=a680ad74-d0b5-404d-9505-4b7cb994baf3] Adding new dynamic property: PropertyDescriptor[simple]
[pool-2483-thread-1] INFO org.apache.nifi.processors.standard.RouteText - RouteText[id=a680ad74-d0b5-404d-9505-4b7cb994baf3] Created FlowFile[323,99014371600024.mockFlowFile,23B] from FlowFile[322,99014371600024.mockFlowFile,23B]; routing to relationship simple
[pool-2483-thread-1] INFO org.apache.nifi.processors.standard.RouteText - RouteText[id=a680ad74-d0b5-404d-9505-4b7cb994baf3] Routing FlowFile[322,99014371600024.mockFlowFile,23B] to original
[main] DEBUG org.apache.nifi.processors.standard.RouteText - RouteText[id=a680ad74-d0b5-404d-9505-4b7cb994baf3] Adding new dynamic property: PropertyDescriptor[simple]
[pool-2484-thread-1] INFO org.apache.nifi.processors.standard.RouteText - RouteText[id=a680ad74-d0b5-404d-9505-4b7cb994baf3] Created FlowFile[325,99014372079479.mockFlowFile,23B] from FlowFile[324,99014372079479.mockFlowFile,23B]; routing to relationship simple
[pool-2484-thread-1] INFO org.apache.nifi.processors.standard.RouteText - RouteText[id=a680ad74-d0b5-404d-9505-4b7cb994baf3] Routing FlowFile[324,99014372079479.mockFlowFile,23B] to original
[main] DEBUG org.apache.nifi.processors.standard.RouteText - RouteText[id=a680ad74-d0b5-404d-9505-4b7cb994baf3] Adding new dynamic property: PropertyDescriptor[simple]
[pool-2485-thread-1] INFO org.apache.nifi.processors.standard.RouteText - RouteText[id=a680ad74-d0b5-404d-9505-4b7cb994baf3] Created FlowFile[327,99014372546260.mockFlowFile,23B] from FlowFile[326,99014372546260.mockFlowFile,23B]; routing to relationship simple
[pool-2485-thread-1] INFO org.apache.nifi.processors.standard.RouteText - RouteText[id=a680ad74-d0b5-404d-9505-4b7cb994baf3] Routing FlowFile[326,99014372546260.mockFlowFile,23B] to original
[main] DEBUG org.apache.nifi.processors.standard.RouteText - RouteText[id=a680ad74-d0b5-404d-9505-4b7cb994baf3] Adding new dynamic property: PropertyDescriptor[simple]
[pool-2486-thread-1] INFO org.apache.nifi.processors.standard.RouteText - RouteText[id=a680ad74-d0b5-404d-9505-4b7cb994baf3] Created FlowFile[329,99014373010096.mockFlowFile,23B] from FlowFile[328,99014373010096.mockFlowFile,23B]; routing to relationship simple
[pool-2486-thread-1] INFO org.apache.nifi.processors.standard.RouteText - RouteText[id=a680ad74-d0b5-404d-9505-4b7cb994baf3] Routing FlowFile[328,99014373010096.mockFlowFile,23B] to original
[main] DEBUG org.apache.nifi.processors.standard.RouteText - RouteText[id=a680ad74-d0b5-404d-9505-4b7cb994baf3] Adding new dynamic property: PropertyDescriptor[simple]
[pool-2487-thread-1] INFO org.apache.nifi.processors.standard.RouteText - RouteText[id=a680ad74-d0b5-404d-9505-4b7cb994baf3] Created FlowFile[331,99014373523025.mockFlowFile,23B] from FlowFile[330,99014373523025.mockFlowFile,23B]; routing to relationship simple
[pool-2487-thread-1] INFO org.apache.nifi.processors.standard.RouteText - RouteText[id=a680ad74-d0b5-404d-9505-4b7cb994baf3] Routing FlowFile[330,99014373523025.mockFlowFile,23B] to original
[main] DEBUG org.apache.nifi.processors.standard.RouteText - RouteText[id=a680ad74-d0b5-404d-9505-4b7cb994baf3] Adding new dynamic property: PropertyDescriptor[simple]
[pool-2488-thread-1] INFO org.apache.nifi.processors.standard.RouteText - RouteText[id=a680ad74-d0b5-404d-9505-4b7cb994baf3] Created FlowFile[333,99014374004099.mockFlowFile,23B] from FlowFile[332,99014374004099.mockFlowFile,23B]; routing to relationship simple
[pool-2488-thread-1] INFO org.apache.nifi.processors.standard.RouteText - RouteText[id=a680ad74-d0b5-404d-9505-4b7cb994baf3] Routing FlowFile[332,99014374004099.mockFlowFile,23B] to original
[main] DEBUG org.apache.nifi.processors.standard.RouteText - RouteText[id=a680ad74-d0b5-404d-9505-4b7cb994baf3] Adding new dynamic property: PropertyDescriptor[simple]
[pool-2489-thread-1] INFO org.apache.nifi.processors.standard.RouteText - RouteText[id=a680ad74-d0b5-404d-9505-4b7cb994baf3] Created FlowFile[335,99014374493204.mockFlowFile,23B] from FlowFile[334,99014374493204.mockFlowFile,23B]; routing to relationship simple
[pool-2489-thread-1] INFO org.apache.nifi.processors.standard.RouteText - RouteText[id=a680ad74-d0b5-404d-9505-4b7cb994baf3] Routing FlowFile[334,99014374493204.mockFlowFile,23B] to original
[main] DEBUG org.apache.nifi.processors.standard.RouteText - RouteText[id=a680ad74-d0b5-404d-9505-4b7cb994baf3] Adding new dynamic property: PropertyDescriptor[simple]
[pool-2490-thread-1] INFO org.apache.nifi.processors.standard.RouteText - RouteText[id=a680ad74-d0b5-404d-9505-4b7cb994baf3] Created FlowFile[337,99014374986901.mockFlowFile,23B] from FlowFile[336,99014374986901.mockFlowFile,23B]; routing to relationship simple
[pool-2490-thread-1] INFO org.apache.nifi.processors.standard.RouteText - RouteText[id=a680ad74-d0b5-404d-9505-4b7cb994baf3] Routing FlowFile[336,99014374986901.mockFlowFile,23B] to original
[main] DEBUG org.apache.nifi.processors.standard.RouteText - RouteText[id=a680ad74-d0b5-404d-9505-4b7cb994baf3] Adding new dynamic property: PropertyDescriptor[simple]
[pool-2491-thread-1] INFO org.apache.nifi.processors.standard.RouteText - RouteText[id=a680ad74-d0b5-404d-9505-4b7cb994baf3] Created FlowFile[339,99014375464981.mockFlowFile,23B] from FlowFile[338,99014375464981.mockFlowFile,23B]; routing to relationship simple
[pool-2491-thread-1] INFO org.apache.nifi.processors.standard.RouteText - RouteText[id=a680ad74-d0b5-404d-9505-4b7cb994baf3] Routing FlowFile[338,99014375464981.mockFlowFile,23B] to original
[main] DEBUG org.apache.nifi.processors.standard.RouteText - RouteText[id=a680ad74-d0b5-404d-9505-4b7cb994baf3] Adding new dynamic property: PropertyDescriptor[simple]
[pool-2492-thread-1] INFO org.apache.nifi.processors.standard.RouteText - RouteText[id=a680ad74-d0b5-404d-9505-4b7cb994baf3] Created FlowFile[341,99014375932372.mockFlowFile,23B] from FlowFile[340,99014375932372.mockFlowFile,23B]; routing to relationship simple
[pool-2492-thread-1] INFO org.apache.nifi.processors.standard.RouteText - RouteText[id=a680ad74-d0b5-404d-9505-4b7cb994baf3] Routing FlowFile[340,99014375932372.mockFlowFile,23B] to original
[main] DEBUG org.apache.nifi.processors.standard.RouteText - RouteText[id=a680ad74-d0b5-404d-9505-4b7cb994baf3] Adding new dynamic property: PropertyDescriptor[simple]
[pool-2493-thread-1] INFO org.apache.nifi.processors.standard.RouteText - RouteText[id=a680ad74-d0b5-404d-9505-4b7cb994baf3] Created FlowFile[343,99014376499019.mockFlowFile,23B] from FlowFile[342,99014376499019.mockFlowFile,23B]; routing to relationship simple
[pool-2493-thread-1] INFO org.apache.nifi.processors.standard.RouteText - RouteText[id=a680ad74-d0b5-404d-9505-4b7cb994baf3] Routing FlowFile[342,99014376499019.mockFlowFile,23B] to original
[main] DEBUG org.apache.nifi.processors.standard.RouteText - RouteText[id=a680ad74-d0b5-404d-9505-4b7cb994baf3] Adding new dynamic property: PropertyDescriptor[simple]
[pool-2494-thread-1] INFO org.apache.nifi.processors.standard.RouteText - RouteText[id=a680ad74-d0b5-404d-9505-4b7cb994baf3] Created FlowFile[345,99014376977115.mockFlowFile,23B] from FlowFile[344,99014376977115.mockFlowFile,23B]; routing to relationship simple
[pool-2494-thread-1] INFO org.apache.nifi.processors.standard.RouteText - RouteText[id=a680ad74-d0b5-404d-9505-4b7cb994baf3] Routing FlowFile[344,99014376977115.mockFlowFile,23B] to original
[main] DEBUG org.apache.nifi.processors.standard.RouteText - RouteText[id=a680ad74-d0b5-404d-9505-4b7cb994baf3] Adding new dynamic property: PropertyDescriptor[simple]
[pool-2495-thread-1] INFO org.apache.nifi.processors.standard.RouteText - RouteText[id=a680ad74-d0b5-404d-9505-4b7cb994baf3] Created FlowFile[347,99014377442991.mockFlowFile,23B] from FlowFile[346,99014377442991.mockFlowFile,23B]; routing to relationship simple
[pool-2495-thread-1] INFO org.apache.nifi.processors.standard.RouteText - RouteText[id=a680ad74-d0b5-404d-9505-4b7cb994baf3] Routing FlowFile[346,99014377442991.mockFlowFile,23B] to original
[main] DEBUG org.apache.nifi.processors.standard.RouteText - RouteText[id=a680ad74-d0b5-404d-9505-4b7cb994baf3] Adding new dynamic property: PropertyDescriptor[simple]
[pool-2496-thread-1] INFO org.apache.nifi.processors.standard.RouteText - RouteText[id=a680ad74-d0b5-404d-9505-4b7cb994baf3] Created FlowFile[349,99014377903540.mockFlowFile,23B] from FlowFile[348,99014377903540.mockFlowFile,23B]; routing to relationship simple
[pool-2496-thread-1] INFO org.apache.nifi.processors.standard.RouteText - RouteText[id=a680ad74-d0b5-404d-9505-4b7cb994baf3] Routing FlowFile[348,99014377903540.mockFlowFile,23B] to original
[main] DEBUG org.apache.nifi.processors.standard.RouteText - RouteText[id=a680ad74-d0b5-404d-9505-4b7cb994baf3] Adding new dynamic property: PropertyDescriptor[simple]
[pool-2497-thread-1] INFO org.apache.nifi.processors.standard.RouteText - RouteText[id=a680ad74-d0b5-404d-9505-4b7cb994baf3] Created FlowFile[351,99014378356520.mockFlowFile,23B] from FlowFile[350,99014378356520.mockFlowFile,23B]; routing to relationship simple
[pool-2497-thread-1] INFO org.apache.nifi.processors.standard.RouteText - RouteText[id=a680ad74-d0b5-404d-9505-4b7cb994baf3] Routing FlowFile[350,99014378356520.mockFlowFile,23B] to original
[main] DEBUG org.apache.nifi.processors.standard.RouteText - RouteText[id=a680ad74-d0b5-404d-9505-4b7cb994baf3] Adding new dynamic property: PropertyDescriptor[simple]
[pool-2498-thread-1] INFO org.apache.nifi.processors.standard.RouteText - RouteText[id=a680ad74-d0b5-404d-9505-4b7cb994baf3] Created FlowFile[353,99014378813614.mockFlowFile,23B] from FlowFile[352,99014378813614.mockFlowFile,23B]; routing to relationship simple
[pool-2498-thread-1] INFO org.apache.nifi.processors.standard.RouteText - RouteText[id=a680ad74-d0b5-404d-9505-4b7cb994baf3] Routing FlowFile[352,99014378813614.mockFlowFile,23B] to original
[main] DEBUG org.apache.nifi.processors.standard.RouteText - RouteText[id=a680ad74-d0b5-404d-9505-4b7cb994baf3] Adding new dynamic property: PropertyDescriptor[simple]
[pool-2499-thread-1] INFO org.apache.nifi.processors.standard.RouteText - RouteText[id=a680ad74-d0b5-404d-9505-4b7cb994baf3] Created FlowFile[355,99014379288151.mockFlowFile,23B] from FlowFile[354,99014379288151.mockFlowFile,23B]; routing to relationship simple
[pool-2499-thread-1] INFO org.apache.nifi.processors.standard.RouteText - RouteText[id=a680ad74-d0b5-404d-9505-4b7cb994baf3] Routing FlowFile[354,99014379288151.mockFlowFile,23B] to original
[main] DEBUG org.apache.nifi.processors.standard.RouteText - RouteText[id=a680ad74-d0b5-404d-9505-4b7cb994baf3] Adding new dynamic property: PropertyDescriptor[simple]
[pool-2500-thread-1] INFO org.apache.nifi.processors.standard.RouteText - RouteText[id=a680ad74-d0b5-404d-9505-4b7cb994baf3] Created FlowFile[357,99014379754596.mockFlowFile,23B] from FlowFile[356,99014379754596.mockFlowFile,23B]; routing to relationship simple
[pool-2500-thread-1] INFO org.apache.nifi.processors.standard.RouteText - RouteText[id=a680ad74-d0b5-404d-9505-4b7cb994baf3] Routing FlowFile[356,99014379754596.mockFlowFile,23B] to original
[main] DEBUG org.apache.nifi.processors.standard.RouteText - RouteText[id=a680ad74-d0b5-404d-9505-4b7cb994baf3] Adding new dynamic property: PropertyDescriptor[simple]
[pool-2501-thread-1] INFO org.apache.nifi.processors.standard.RouteText - RouteText[id=a680ad74-d0b5-404d-9505-4b7cb994baf3] Created FlowFile[359,99014380383658.mockFlowFile,23B] from FlowFile[358,99014380383658.mockFlowFile,23B]; routing to relationship simple
[pool-2501-thread-1] INFO org.apache.nifi.processors.standard.RouteText - RouteText[id=a680ad74-d0b5-404d-9505-4b7cb994baf3] Routing FlowFile[358,99014380383658.mockFlowFile,23B] to original
[main] DEBUG org.apache.nifi.processors.standard.RouteText - RouteText[id=a680ad74-d0b5-404d-9505-4b7cb994baf3] Adding new dynamic property: PropertyDescriptor[simple]
[pool-2502-thread-1] INFO org.apache.nifi.processors.standard.RouteText - RouteText[id=a680ad74-d0b5-404d-9505-4b7cb994baf3] Created FlowFile[361,99014380908322.mockFlowFile,23B] from FlowFile[360,99014380908322.mockFlowFile,23B]; routing to relationship simple
[pool-2502-thread-1] INFO org.apache.nifi.processors.standard.RouteText - RouteText[id=a680ad74-d0b5-404d-9505-4b7cb994baf3] Routing FlowFile[360,99014380908322.mockFlowFile,23B] to original
[main] DEBUG org.apache.nifi.processors.standard.RouteText - RouteText[id=a680ad74-d0b5-404d-9505-4b7cb994baf3] Adding new dynamic property: PropertyDescriptor[simple]
[pool-2503-thread-1] INFO org.apache.nifi.processors.standard.RouteText - RouteText[id=a680ad74-d0b5-404d-9505-4b7cb994baf3] Created FlowFile[363,99014381540081.mockFlowFile,23B] from FlowFile[362,99014381540081.mockFlowFile,23B]; routing to relationship simple
[pool-2503-thread-1] INFO org.apache.nifi.processors.standard.RouteText - RouteText[id=a680ad74-d0b5-404d-9505-4b7cb994baf3] Routing FlowFile[362,99014381540081.mockFlowFile,23B] to original
[main] DEBUG org.apache.nifi.processors.standard.RouteText - RouteText[id=a680ad74-d0b5-404d-9505-4b7cb994baf3] Adding new dynamic property: PropertyDescriptor[simple]
[pool-2504-thread-1] INFO org.apache.nifi.processors.standard.RouteText - RouteText[id=a680ad74-d0b5-404d-9505-4b7cb994baf3] Created FlowFile[365,99014382092995.mockFlowFile,23B] from FlowFile[364,99014382092995.mockFlowFile,23B]; routing to relationship simple
[pool-2504-thread-1] INFO org.apache.nifi.processors.standard.RouteText - RouteText[id=a680ad74-d0b5-404d-9505-4b7cb994baf3] Routing FlowFile[364,99014382092995.mockFlowFile,23B] to original
[main] DEBUG org.apache.nifi.processors.standard.RouteText - RouteText[id=a680ad74-d0b5-404d-9505-4b7cb994baf3] Adding new dynamic property: PropertyDescriptor[simple]
[pool-2505-thread-1] INFO org.apache.nifi.processors.standard.RouteText - RouteText[id=a680ad74-d0b5-404d-9505-4b7cb994baf3] Created FlowFile[367,99014382655260.mockFlowFile,23B] from FlowFile[366,99014382655260.mockFlowFile,23B]; routing to relationship simple
[pool-2505-thread-1] INFO org.apache.nifi.processors.standard.RouteText - RouteText[id=a680ad74-d0b5-404d-9505-4b7cb994baf3] Routing FlowFile[366,99014382655260.mockFlowFile,23B] to original
[main] DEBUG org.apache.nifi.processors.standard.RouteText - RouteText[id=a680ad74-d0b5-404d-9505-4b7cb994baf3] Adding new dynamic property: PropertyDescriptor[simple]
[pool-2506-thread-1] INFO org.apache.nifi.processors.standard.RouteText - RouteText[id=a680ad74-d0b5-404d-9505-4b7cb994baf3] Created FlowFile[369,99014383196442.mockFlowFile,23B] from FlowFile[368,99014383196442.mockFlowFile,23B]; routing to relationship simple
[pool-2506-thread-1] INFO org.apache.nifi.processors.standard.RouteText - RouteText[id=a680ad74-d0b5-404d-9505-4b7cb994baf3] Routing FlowFile[368,99014383196442.mockFlowFile,23B] to original
[main] DEBUG org.apache.nifi.processors.standard.RouteText - RouteText[id=a680ad74-d0b5-404d-9505-4b7cb994baf3] Adding new dynamic property: PropertyDescriptor[simple]
[pool-2507-thread-1] INFO org.apache.nifi.processors.standard.RouteText - RouteText[id=a680ad74-d0b5-404d-9505-4b7cb994baf3] Created FlowFile[371,99014383776558.mockFlowFile,23B] from FlowFile[370,99014383776558.mockFlowFile,23B]; routing to relationship simple
[pool-2507-thread-1] INFO org.apache.nifi.processors.standard.RouteText - RouteText[id=a680ad74-d0b5-404d-9505-4b7cb994baf3] Routing FlowFile[370,99014383776558.mockFlowFile,23B] to original
[main] DEBUG org.apache.nifi.processors.standard.RouteText - RouteText[id=a680ad74-d0b5-404d-9505-4b7cb994baf3] Adding new dynamic property: PropertyDescriptor[simple]
[pool-2508-thread-1] INFO org.apache.nifi.processors.standard.RouteText - RouteText[id=a680ad74-d0b5-404d-9505-4b7cb994baf3] Created FlowFile[373,99014384405686.mockFlowFile,23B] from FlowFile[372,99014384405686.mockFlowFile,23B]; routing to relationship simple
[pool-2508-thread-1] INFO org.apache.nifi.processors.standard.RouteText - RouteText[id=a680ad74-d0b5-404d-9505-4b7cb994baf3] Routing FlowFile[372,99014384405686.mockFlowFile,23B] to original
[main] DEBUG org.apache.nifi.processors.standard.RouteText - RouteText[id=a680ad74-d0b5-404d-9505-4b7cb994baf3] Adding new dynamic property: PropertyDescriptor[simple]
[pool-2509-thread-1] INFO org.apache.nifi.processors.standard.RouteText - RouteText[id=a680ad74-d0b5-404d-9505-4b7cb994baf3] Created FlowFile[375,99014385157425.mockFlowFile,23B] from FlowFile[374,99014385157425.mockFlowFile,23B]; routing to relationship simple
[pool-2509-thread-1] INFO org.apache.nifi.processors.standard.RouteText - RouteText[id=a680ad74-d0b5-404d-9505-4b7cb994baf3] Routing FlowFile[374,99014385157425.mockFlowFile,23B] to original
[main] DEBUG org.apache.nifi.processors.standard.RouteText - RouteText[id=a680ad74-d0b5-404d-9505-4b7cb994baf3] Adding new dynamic property: PropertyDescriptor[simple]
[pool-2510-thread-1] INFO org.apache.nifi.processors.standard.RouteText - RouteText[id=a680ad74-d0b5-404d-9505-4b7cb994baf3] Created FlowFile[377,99014385786682.mockFlowFile,23B] from FlowFile[376,99014385786682.mockFlowFile,23B]; routing to relationship simple
[pool-2510-thread-1] INFO org.apache.nifi.processors.standard.RouteText - RouteText[id=a680ad74-d0b5-404d-9505-4b7cb994baf3] Routing FlowFile[376,99014385786682.mockFlowFile,23B] to original
[main] DEBUG org.apache.nifi.processors.standard.RouteText - RouteText[id=a680ad74-d0b5-404d-9505-4b7cb994baf3] Adding new dynamic property: PropertyDescriptor[simple]
[pool-2511-thread-1] INFO org.apache.nifi.processors.standard.RouteText - RouteText[id=a680ad74-d0b5-404d-9505-4b7cb994baf3] Created FlowFile[379,99014386412575.mockFlowFile,23B] from FlowFile[378,99014386412575.mockFlowFile,23B]; routing to relationship simple
[pool-2511-thread-1] INFO org.apache.nifi.processors.standard.RouteText - RouteText[id=a680ad74-d0b5-404d-9505-4b7cb994baf3] Routing FlowFile[378,99014386412575.mockFlowFile,23B] to original
[main] DEBUG org.apache.nifi.processors.standard.RouteText - RouteText[id=a680ad74-d0b5-404d-9505-4b7cb994baf3] Adding new dynamic property: PropertyDescriptor[simple]
[pool-2512-thread-1] INFO org.apache.nifi.processors.standard.RouteText - RouteText[id=a680ad74-d0b5-404d-9505-4b7cb994baf3] Created FlowFile[381,99014386995224.mockFlowFile,23B] from FlowFile[380,99014386995224.mockFlowFile,23B]; routing to relationship simple
[pool-2512-thread-1] INFO org.apache.nifi.processors.standard.RouteText - RouteText[id=a680ad74-d0b5-404d-9505-4b7cb994baf3] Routing FlowFile[380,99014386995224.mockFlowFile,23B] to original
[main] DEBUG org.apache.nifi.processors.standard.RouteText - RouteText[id=a680ad74-d0b5-404d-9505-4b7cb994baf3] Adding new dynamic property: PropertyDescriptor[simple]
[pool-2513-thread-1] INFO org.apache.nifi.processors.standard.RouteText - RouteText[id=a680ad74-d0b5-404d-9505-4b7cb994baf3] Created FlowFile[383,99014387499166.mockFlowFile,23B] from FlowFile[382,99014387499166.mockFlowFile,23B]; routing to relationship simple
[pool-2513-thread-1] INFO org.apache.nifi.processors.standard.RouteText - RouteText[id=a680ad74-d0b5-404d-9505-4b7cb994baf3] Routing FlowFile[382,99014387499166.mockFlowFile,23B] to original
[main] DEBUG org.apache.nifi.processors.standard.RouteText - RouteText[id=a680ad74-d0b5-404d-9505-4b7cb994baf3] Adding new dynamic property: PropertyDescriptor[simple]
[pool-2514-thread-1] INFO org.apache.nifi.processors.standard.RouteText - RouteText[id=a680ad74-d0b5-404d-9505-4b7cb994baf3] Created FlowFile[385,99014388031890.mockFlowFile,23B] from FlowFile[384,99014388031890.mockFlowFile,23B]; routing to relationship simple
[pool-2514-thread-1] INFO org.apache.nifi.processors.standard.RouteText - RouteText[id=a680ad74-d0b5-404d-9505-4b7cb994baf3] Routing FlowFile[384,99014388031890.mockFlowFile,23B] to original
[main] DEBUG org.apache.nifi.processors.standard.RouteText - RouteText[id=a680ad74-d0b5-404d-9505-4b7cb994baf3] Adding new dynamic property: PropertyDescriptor[simple]
[pool-2515-thread-1] INFO org.apache.nifi.processors.standard.RouteText - RouteText[id=a680ad74-d0b5-404d-9505-4b7cb994baf3] Created FlowFile[387,99014388667389.mockFlowFile,23B] from FlowFile[386,99014388667389.mockFlowFile,23B]; routing to relationship simple
[pool-2515-thread-1] INFO org.apache.nifi.processors.standard.RouteText - RouteText[id=a680ad74-d0b5-404d-9505-4b7cb994baf3] Routing FlowFile[386,99014388667389.mockFlowFile,23B] to original
[main] DEBUG org.apache.nifi.processors.standard.RouteText - RouteText[id=a680ad74-d0b5-404d-9505-4b7cb994baf3] Adding new dynamic property: PropertyDescriptor[simple]
[pool-2516-thread-1] INFO org.apache.nifi.processors.standard.RouteText - RouteText[id=a680ad74-d0b5-404d-9505-4b7cb994baf3] Created FlowFile[389,99014389446041.mockFlowFile,23B] from FlowFile[388,99014389446041.mockFlowFile,23B]; routing to relationship simple
[pool-2516-thread-1] INFO org.apache.nifi.processors.standard.RouteText - RouteText[id=a680ad74-d0b5-404d-9505-4b7cb994baf3] Routing FlowFile[388,99014389446041.mockFlowFile,23B] to original
[main] DEBUG org.apache.nifi.processors.standard.RouteText - RouteText[id=a680ad74-d0b5-404d-9505-4b7cb994baf3] Adding new dynamic property: PropertyDescriptor[simple]
[pool-2517-thread-1] INFO org.apache.nifi.processors.standard.RouteText - RouteText[id=a680ad74-d0b5-404d-9505-4b7cb994baf3] Created FlowFile[391,99014390114212.mockFlowFile,23B] from FlowFile[390,99014390114212.mockFlowFile,23B]; routing to relationship simple
[pool-2517-thread-1] INFO org.apache.nifi.processors.standard.RouteText - RouteText[id=a680ad74-d0b5-404d-9505-4b7cb994baf3] Routing FlowFile[390,99014390114212.mockFlowFile,23B] to original
[main] DEBUG org.apache.nifi.processors.standard.RouteText - RouteText[id=a680ad74-d0b5-404d-9505-4b7cb994baf3] Adding new dynamic property: PropertyDescriptor[simple]
[pool-2518-thread-1] INFO org.apache.nifi.processors.standard.RouteText - RouteText[id=a680ad74-d0b5-404d-9505-4b7cb994baf3] Created FlowFile[393,99014390823653.mockFlowFile,23B] from FlowFile[392,99014390823653.mockFlowFile,23B]; routing to relationship simple
[pool-2518-thread-1] INFO org.apache.nifi.processors.standard.RouteText - RouteText[id=a680ad74-d0b5-404d-9505-4b7cb994baf3] Routing FlowFile[392,99014390823653.mockFlowFile,23B] to original
[main] DEBUG org.apache.nifi.processors.standard.RouteText - RouteText[id=a680ad74-d0b5-404d-9505-4b7cb994baf3] Adding new dynamic property: PropertyDescriptor[simple]
[pool-2519-thread-1] INFO org.apache.nifi.processors.standard.RouteText - RouteText[id=a680ad74-d0b5-404d-9505-4b7cb994baf3] Created FlowFile[395,99014391553024.mockFlowFile,23B] from FlowFile[394,99014391553024.mockFlowFile,23B]; routing to relationship simple
[pool-2519-thread-1] INFO org.apache.nifi.processors.standard.RouteText - RouteText[id=a680ad74-d0b5-404d-9505-4b7cb994baf3] Routing FlowFile[394,99014391553024.mockFlowFile,23B] to original
[main] DEBUG org.apache.nifi.processors.standard.RouteText - RouteText[id=a680ad74-d0b5-404d-9505-4b7cb994baf3] Adding new dynamic property: PropertyDescriptor[simple]
[pool-2520-thread-1] INFO org.apache.nifi.processors.standard.RouteText - RouteText[id=a680ad74-d0b5-404d-9505-4b7cb994baf3] Created FlowFile[397,99014392180319.mockFlowFile,23B] from FlowFile[396,99014392180319.mockFlowFile,23B]; routing to relationship simple
[pool-2520-thread-1] INFO org.apache.nifi.processors.standard.RouteText - RouteText[id=a680ad74-d0b5-404d-9505-4b7cb994baf3] Routing FlowFile[396,99014392180319.mockFlowFile,23B] to original
[main] DEBUG org.apache.nifi.processors.standard.RouteText - RouteText[id=a680ad74-d0b5-404d-9505-4b7cb994baf3] Adding new dynamic property: PropertyDescriptor[simple]
[pool-2521-thread-1] INFO org.apache.nifi.processors.standard.RouteText - RouteText[id=a680ad74-d0b5-404d-9505-4b7cb994baf3] Created FlowFile[399,99014392887758.mockFlowFile,23B] from FlowFile[398,99014392887758.mockFlowFile,23B]; routing to relationship simple
[pool-2521-thread-1] INFO org.apache.nifi.processors.standard.RouteText - RouteText[id=a680ad74-d0b5-404d-9505-4b7cb994baf3] Routing FlowFile[398,99014392887758.mockFlowFile,23B] to original
[main] DEBUG org.apache.nifi.processors.standard.RouteText - RouteText[id=a680ad74-d0b5-404d-9505-4b7cb994baf3] Adding new dynamic property: PropertyDescriptor[simple]
[pool-2522-thread-1] INFO org.apache.nifi.processors.standard.RouteText - RouteText[id=a680ad74-d0b5-404d-9505-4b7cb994baf3] Created FlowFile[401,99014393630151.mockFlowFile,23B] from FlowFile[400,99014393630151.mockFlowFile,23B]; routing to relationship simple
[pool-2522-thread-1] INFO org.apache.nifi.processors.standard.RouteText - RouteText[id=a680ad74-d0b5-404d-9505-4b7cb994baf3] Routing FlowFile[400,99014393630151.mockFlowFile,23B] to original
[main] DEBUG org.apache.nifi.processors.standard.RouteText - RouteText[id=a680ad74-d0b5-404d-9505-4b7cb994baf3] Adding new dynamic property: PropertyDescriptor[simple]
[pool-2523-thread-1] INFO org.apache.nifi.processors.standard.RouteText - RouteText[id=a680ad74-d0b5-404d-9505-4b7cb994baf3] Created FlowFile[403,99014394308752.mockFlowFile,23B] from FlowFile[402,99014394308752.mockFlowFile,23B]; routing to relationship simple
[pool-2523-thread-1] INFO org.apache.nifi.processors.standard.RouteText - RouteText[id=a680ad74-d0b5-404d-9505-4b7cb994baf3] Routing FlowFile[402,99014394308752.mockFlowFile,23B] to original
[main] DEBUG org.apache.nifi.processors.standard.RouteText - RouteText[id=a680ad74-d0b5-404d-9505-4b7cb994baf3] Adding new dynamic property: PropertyDescriptor[simple]
[pool-2524-thread-1] INFO org.apache.nifi.processors.standard.RouteText - RouteText[id=a680ad74-d0b5-404d-9505-4b7cb994baf3] Created FlowFile[405,99014394980898.mockFlowFile,23B] from FlowFile[404,99014394980898.mockFlowFile,23B]; routing to relationship simple
[pool-2524-thread-1] INFO org.apache.nifi.processors.standard.RouteText - RouteText[id=a680ad74-d0b5-404d-9505-4b7cb994baf3] Routing FlowFile[404,99014394980898.mockFlowFile,23B] to original
[main] DEBUG org.apache.nifi.processors.standard.RouteText - RouteText[id=a680ad74-d0b5-404d-9505-4b7cb994baf3] Adding new dynamic property: PropertyDescriptor[simple]
[pool-2525-thread-1] INFO org.apache.nifi.processors.standard.RouteText - RouteText[id=a680ad74-d0b5-404d-9505-4b7cb994baf3] Created FlowFile[407,99014395595006.mockFlowFile,23B] from FlowFile[406,99014395595006.mockFlowFile,23B]; routing to relationship simple
[pool-2525-thread-1] INFO org.apache.nifi.processors.standard.RouteText - RouteText[id=a680ad74-d0b5-404d-9505-4b7cb994baf3] Routing FlowFile[406,99014395595006.mockFlowFile,23B] to original
[main] DEBUG org.apache.nifi.processors.standard.RouteText - RouteText[id=a680ad74-d0b5-404d-9505-4b7cb994baf3] Adding new dynamic property: PropertyDescriptor[simple]
[pool-2526-thread-1] INFO org.apache.nifi.processors.standard.RouteText - RouteText[id=a680ad74-d0b5-404d-9505-4b7cb994baf3] Created FlowFile[409,99014396229679.mockFlowFile,23B] from FlowFile[408,99014396229679.mockFlowFile,23B]; routing to relationship simple
[pool-2526-thread-1] INFO org.apache.nifi.processors.standard.RouteText - RouteText[id=a680ad74-d0b5-404d-9505-4b7cb994baf3] Routing FlowFile[408,99014396229679.mockFlowFile,23B] to original
[main] DEBUG org.apache.nifi.processors.standard.RouteText - RouteText[id=a680ad74-d0b5-404d-9505-4b7cb994baf3] Adding new dynamic property: PropertyDescriptor[simple]
[pool-2527-thread-1] INFO org.apache.nifi.processors.standard.RouteText - RouteText[id=a680ad74-d0b5-404d-9505-4b7cb994baf3] Created FlowFile[411,99014396867186.mockFlowFile,23B] from FlowFile[410,99014396867186.mockFlowFile,23B]; routing to relationship simple
[pool-2527-thread-1] INFO org.apache.nifi.processors.standard.RouteText - RouteText[id=a680ad74-d0b5-404d-9505-4b7cb994baf3] Routing FlowFile[410,99014396867186.mockFlowFile,23B] to original
[main] DEBUG org.apache.nifi.processors.standard.RouteText - RouteText[id=a680ad74-d0b5-404d-9505-4b7cb994baf3] Adding new dynamic property: PropertyDescriptor[simple]
[pool-2528-thread-1] INFO org.apache.nifi.processors.standard.RouteText - RouteText[id=a680ad74-d0b5-404d-9505-4b7cb994baf3] Created FlowFile[413,99014397449599.mockFlowFile,23B] from FlowFile[412,99014397449599.mockFlowFile,23B]; routing to relationship simple
[pool-2528-thread-1] INFO org.apache.nifi.processors.standard.RouteText - RouteText[id=a680ad74-d0b5-404d-9505-4b7cb994baf3] Routing FlowFile[412,99014397449599.mockFlowFile,23B] to original
[main] DEBUG org.apache.nifi.processors.standard.RouteText - RouteText[id=a680ad74-d0b5-404d-9505-4b7cb994baf3] Adding new dynamic property: PropertyDescriptor[simple]
[pool-2529-thread-1] INFO org.apache.nifi.processors.standard.RouteText - RouteText[id=a680ad74-d0b5-404d-9505-4b7cb994baf3] Created FlowFile[415,99014398112388.mockFlowFile,23B] from FlowFile[414,99014398112388.mockFlowFile,23B]; routing to relationship simple
[pool-2529-thread-1] INFO org.apache.nifi.processors.standard.RouteText - RouteText[id=a680ad74-d0b5-404d-9505-4b7cb994baf3] Routing FlowFile[414,99014398112388.mockFlowFile,23B] to original
[main] DEBUG org.apache.nifi.processors.standard.RouteText - RouteText[id=a680ad74-d0b5-404d-9505-4b7cb994baf3] Adding new dynamic property: PropertyDescriptor[simple]
[pool-2530-thread-1] INFO org.apache.nifi.processors.standard.RouteText - RouteText[id=a680ad74-d0b5-404d-9505-4b7cb994baf3] Created FlowFile[417,99014398838289.mockFlowFile,23B] from FlowFile[416,99014398838289.mockFlowFile,23B]; routing to relationship simple
[pool-2530-thread-1] INFO org.apache.nifi.processors.standard.RouteText - RouteText[id=a680ad74-d0b5-404d-9505-4b7cb994baf3] Routing FlowFile[416,99014398838289.mockFlowFile,23B] to original
[main] DEBUG org.apache.nifi.processors.standard.RouteText - RouteText[id=a680ad74-d0b5-404d-9505-4b7cb994baf3] Adding new dynamic property: PropertyDescriptor[simple]
[pool-2531-thread-1] INFO org.apache.nifi.processors.standard.RouteText - RouteText[id=a680ad74-d0b5-404d-9505-4b7cb994baf3] Created FlowFile[419,99014399486413.mockFlowFile,23B] from FlowFile[418,99014399486413.mockFlowFile,23B]; routing to relationship simple
[pool-2531-thread-1] INFO org.apache.nifi.processors.standard.RouteText - RouteText[id=a680ad74-d0b5-404d-9505-4b7cb994baf3] Routing FlowFile[418,99014399486413.mockFlowFile,23B] to original
[main] DEBUG org.apache.nifi.processors.standard.RouteText - RouteText[id=a680ad74-d0b5-404d-9505-4b7cb994baf3] Adding new dynamic property: PropertyDescriptor[simple]
[pool-2532-thread-1] INFO org.apache.nifi.processors.standard.RouteText - RouteText[id=a680ad74-d0b5-404d-9505-4b7cb994baf3] Created FlowFile[421,99014400197477.mockFlowFile,23B] from FlowFile[420,99014400197477.mockFlowFile,23B]; routing to relationship simple
[pool-2532-thread-1] INFO org.apache.nifi.processors.standard.RouteText - RouteText[id=a680ad74-d0b5-404d-9505-4b7cb994baf3] Routing FlowFile[420,99014400197477.mockFlowFile,23B] to original
[main] DEBUG org.apache.nifi.processors.standard.RouteText - RouteText[id=a680ad74-d0b5-404d-9505-4b7cb994baf3] Adding new dynamic property: PropertyDescriptor[simple]
[pool-2533-thread-1] INFO org.apache.nifi.processors.standard.RouteText - RouteText[id=a680ad74-d0b5-404d-9505-4b7cb994baf3] Created FlowFile[423,99014400864975.mockFlowFile,23B] from FlowFile[422,99014400864975.mockFlowFile,23B]; routing to relationship simple
[pool-2533-thread-1] INFO org.apache.nifi.processors.standard.RouteText - RouteText[id=a680ad74-d0b5-404d-9505-4b7cb994baf3] Routing FlowFile[422,99014400864975.mockFlowFile,23B] to original
[main] DEBUG org.apache.nifi.processors.standard.RouteText - RouteText[id=a680ad74-d0b5-404d-9505-4b7cb994baf3] Adding new dynamic property: PropertyDescriptor[simple]
[pool-2534-thread-1] INFO org.apache.nifi.processors.standard.RouteText - RouteText[id=a680ad74-d0b5-404d-9505-4b7cb994baf3] Created FlowFile[425,99014401505638.mockFlowFile,23B] from FlowFile[424,99014401505638.mockFlowFile,23B]; routing to relationship simple
[pool-2534-thread-1] INFO org.apache.nifi.processors.standard.RouteText - RouteText[id=a680ad74-d0b5-404d-9505-4b7cb994baf3] Routing FlowFile[424,99014401505638.mockFlowFile,23B] to original
[main] DEBUG org.apache.nifi.processors.standard.RouteText - RouteText[id=a680ad74-d0b5-404d-9505-4b7cb994baf3] Adding new dynamic property: PropertyDescriptor[simple]
[pool-2535-thread-1] INFO org.apache.nifi.processors.standard.RouteText - RouteText[id=a680ad74-d0b5-404d-9505-4b7cb994baf3] Created FlowFile[427,99014402138987.mockFlowFile,23B] from FlowFile[426,99014402138987.mockFlowFile,23B]; routing to relationship simple
[pool-2535-thread-1] INFO org.apache.nifi.processors.standard.RouteText - RouteText[id=a680ad74-d0b5-404d-9505-4b7cb994baf3] Routing FlowFile[426,99014402138987.mockFlowFile,23B] to original
[main] DEBUG org.apache.nifi.processors.standard.RouteText - RouteText[id=a680ad74-d0b5-404d-9505-4b7cb994baf3] Adding new dynamic property: PropertyDescriptor[simple]
[pool-2536-thread-1] INFO org.apache.nifi.processors.standard.RouteText - RouteText[id=a680ad74-d0b5-404d-9505-4b7cb994baf3] Created FlowFile[429,99014402772186.mockFlowFile,23B] from FlowFile[428,99014402772186.mockFlowFile,23B]; routing to relationship simple
[pool-2536-thread-1] INFO org.apache.nifi.processors.standard.RouteText - RouteText[id=a680ad74-d0b5-404d-9505-4b7cb994baf3] Routing FlowFile[428,99014402772186.mockFlowFile,23B] to original
[main] DEBUG org.apache.nifi.processors.standard.RouteText - RouteText[id=a680ad74-d0b5-404d-9505-4b7cb994baf3] Adding new dynamic property: PropertyDescriptor[simple]
[pool-2537-thread-1] INFO org.apache.nifi.processors.standard.RouteText - RouteText[id=a680ad74-d0b5-404d-9505-4b7cb994baf3] Created FlowFile[431,99014403557349.mockFlowFile,23B] from FlowFile[430,99014403557349.mockFlowFile,23B]; routing to relationship simple
[pool-2537-thread-1] INFO org.apache.nifi.processors.standard.RouteText - RouteText[id=a680ad74-d0b5-404d-9505-4b7cb994baf3] Routing FlowFile[430,99014403557349.mockFlowFile,23B] to original
[main] DEBUG org.apache.nifi.processors.standard.RouteText - RouteText[id=a680ad74-d0b5-404d-9505-4b7cb994baf3] Adding new dynamic property: PropertyDescriptor[simple]
[pool-2538-thread-1] INFO org.apache.nifi.processors.standard.RouteText - RouteText[id=a680ad74-d0b5-404d-9505-4b7cb994baf3] Created FlowFile[433,99014404184728.mockFlowFile,23B] from FlowFile[432,99014404184728.mockFlowFile,23B]; routing to relationship simple
[pool-2538-thread-1] INFO org.apache.nifi.processors.standard.RouteText - RouteText[id=a680ad74-d0b5-404d-9505-4b7cb994baf3] Routing FlowFile[432,99014404184728.mockFlowFile,23B] to original
[main] DEBUG org.apache.nifi.processors.standard.RouteText - RouteText[id=a680ad74-d0b5-404d-9505-4b7cb994baf3] Adding new dynamic property: PropertyDescriptor[simple]
[pool-2539-thread-1] INFO org.apache.nifi.processors.standard.RouteText - RouteText[id=a680ad74-d0b5-404d-9505-4b7cb994baf3] Created FlowFile[435,99014404768261.mockFlowFile,23B] from FlowFile[434,99014404768261.mockFlowFile,23B]; routing to relationship simple
[pool-2539-thread-1] INFO org.apache.nifi.processors.standard.RouteText - RouteText[id=a680ad74-d0b5-404d-9505-4b7cb994baf3] Routing FlowFile[434,99014404768261.mockFlowFile,23B] to original
[main] DEBUG org.apache.nifi.processors.standard.RouteText - RouteText[id=a680ad74-d0b5-404d-9505-4b7cb994baf3] Adding new dynamic property: PropertyDescriptor[simple]
[pool-2540-thread-1] INFO org.apache.nifi.processors.standard.RouteText - RouteText[id=a680ad74-d0b5-404d-9505-4b7cb994baf3] Created FlowFile[437,99014405406140.mockFlowFile,23B] from FlowFile[436,99014405406140.mockFlowFile,23B]; routing to relationship simple
[pool-2540-thread-1] INFO org.apache.nifi.processors.standard.RouteText - RouteText[id=a680ad74-d0b5-404d-9505-4b7cb994baf3] Routing FlowFile[436,99014405406140.mockFlowFile,23B] to original
[main] DEBUG org.apache.nifi.processors.standard.RouteText - RouteText[id=a680ad74-d0b5-404d-9505-4b7cb994baf3] Adding new dynamic property: PropertyDescriptor[simple]
[pool-2541-thread-1] INFO org.apache.nifi.processors.standard.RouteText - RouteText[id=a680ad74-d0b5-404d-9505-4b7cb994baf3] Created FlowFile[439,99014406017486.mockFlowFile,23B] from FlowFile[438,99014406017486.mockFlowFile,23B]; routing to relationship simple
[pool-2541-thread-1] INFO org.apache.nifi.processors.standard.RouteText - RouteText[id=a680ad74-d0b5-404d-9505-4b7cb994baf3] Routing FlowFile[438,99014406017486.mockFlowFile,23B] to original
[main] DEBUG org.apache.nifi.processors.standard.RouteText - RouteText[id=a680ad74-d0b5-404d-9505-4b7cb994baf3] Adding new dynamic property: PropertyDescriptor[simple]
[pool-2542-thread-1] INFO org.apache.nifi.processors.standard.RouteText - RouteText[id=a680ad74-d0b5-404d-9505-4b7cb994baf3] Created FlowFile[441,99014406634373.mockFlowFile,23B] from FlowFile[440,99014406634373.mockFlowFile,23B]; routing to relationship simple
[pool-2542-thread-1] INFO org.apache.nifi.processors.standard.RouteText - RouteText[id=a680ad74-d0b5-404d-9505-4b7cb994baf3] Routing FlowFile[440,99014406634373.mockFlowFile,23B] to original
[main] DEBUG org.apache.nifi.processors.standard.RouteText - RouteText[id=a680ad74-d0b5-404d-9505-4b7cb994baf3] Adding new dynamic property: PropertyDescriptor[simple]
[pool-2543-thread-1] INFO org.apache.nifi.processors.standard.RouteText - RouteText[id=a680ad74-d0b5-404d-9505-4b7cb994baf3] Created FlowFile[443,99014407369731.mockFlowFile,23B] from FlowFile[442,99014407369731.mockFlowFile,23B]; routing to relationship simple
[pool-2543-thread-1] INFO org.apache.nifi.processors.standard.RouteText - RouteText[id=a680ad74-d0b5-404d-9505-4b7cb994baf3] Routing FlowFile[442,99014407369731.mockFlowFile,23B] to original
[main] DEBUG org.apache.nifi.processors.standard.RouteText - RouteText[id=a680ad74-d0b5-404d-9505-4b7cb994baf3] Adding new dynamic property: PropertyDescriptor[simple]
[pool-2544-thread-1] INFO org.apache.nifi.processors.standard.RouteText - RouteText[id=a680ad74-d0b5-404d-9505-4b7cb994baf3] Created FlowFile[445,99014407993265.mockFlowFile,23B] from FlowFile[444,99014407993265.mockFlowFile,23B]; routing to relationship simple
[pool-2544-thread-1] INFO org.apache.nifi.processors.standard.RouteText - RouteText[id=a680ad74-d0b5-404d-9505-4b7cb994baf3] Routing FlowFile[444,99014407993265.mockFlowFile,23B] to original
[main] DEBUG org.apache.nifi.processors.standard.RouteText - RouteText[id=a680ad74-d0b5-404d-9505-4b7cb994baf3] Adding new dynamic property: PropertyDescriptor[simple]
[pool-2545-thread-1] INFO org.apache.nifi.processors.standard.RouteText - RouteText[id=a680ad74-d0b5-404d-9505-4b7cb994baf3] Created FlowFile[447,99014408659329.mockFlowFile,23B] from FlowFile[446,99014408659329.mockFlowFile,23B]; routing to relationship simple
[pool-2545-thread-1] INFO org.apache.nifi.processors.standard.RouteText - RouteText[id=a680ad74-d0b5-404d-9505-4b7cb994baf3] Routing FlowFile[446,99014408659329.mockFlowFile,23B] to original
[main] DEBUG org.apache.nifi.processors.standard.RouteText - RouteText[id=a680ad74-d0b5-404d-9505-4b7cb994baf3] Adding new dynamic property: PropertyDescriptor[simple]
[pool-2546-thread-1] INFO org.apache.nifi.processors.standard.RouteText - RouteText[id=a680ad74-d0b5-404d-9505-4b7cb994baf3] Created FlowFile[449,99014409245347.mockFlowFile,23B] from FlowFile[448,99014409245347.mockFlowFile,23B]; routing to relationship simple
[pool-2546-thread-1] INFO org.apache.nifi.processors.standard.RouteText - RouteText[id=a680ad74-d0b5-404d-9505-4b7cb994baf3] Routing FlowFile[448,99014409245347.mockFlowFile,23B] to original
[main] DEBUG org.apache.nifi.processors.standard.RouteText - RouteText[id=a680ad74-d0b5-404d-9505-4b7cb994baf3] Adding new dynamic property: PropertyDescriptor[simple]
[pool-2547-thread-1] INFO org.apache.nifi.processors.standard.RouteText - RouteText[id=a680ad74-d0b5-404d-9505-4b7cb994baf3] Created FlowFile[451,99014409944715.mockFlowFile,23B] from FlowFile[450,99014409944715.mockFlowFile,23B]; routing to relationship simple
[pool-2547-thread-1] INFO org.apache.nifi.processors.standard.RouteText - RouteText[id=a680ad74-d0b5-404d-9505-4b7cb994baf3] Routing FlowFile[450,99014409944715.mockFlowFile,23B] to original
[main] DEBUG org.apache.nifi.processors.standard.RouteText - RouteText[id=a680ad74-d0b5-404d-9505-4b7cb994baf3] Adding new dynamic property: PropertyDescriptor[simple]
[pool-2548-thread-1] INFO org.apache.nifi.processors.standard.RouteText - RouteText[id=a680ad74-d0b5-404d-9505-4b7cb994baf3] Created FlowFile[453,99014410551391.mockFlowFile,23B] from FlowFile[452,99014410551391.mockFlowFile,23B]; routing to relationship simple
[pool-2548-thread-1] INFO org.apache.nifi.processors.standard.RouteText - RouteText[id=a680ad74-d0b5-404d-9505-4b7cb994baf3] Routing FlowFile[452,99014410551391.mockFlowFile,23B] to original
[main] DEBUG org.apache.nifi.processors.standard.RouteText - RouteText[id=a680ad74-d0b5-404d-9505-4b7cb994baf3] Adding new dynamic property: PropertyDescriptor[simple]
[pool-2549-thread-1] INFO org.apache.nifi.processors.standard.RouteText - RouteText[id=a680ad74-d0b5-404d-9505-4b7cb994baf3] Created FlowFile[455,99014411158495.mockFlowFile,23B] from FlowFile[454,99014411158495.mockFlowFile,23B]; routing to relationship simple
[pool-2549-thread-1] INFO org.apache.nifi.processors.standard.RouteText - RouteText[id=a680ad74-d0b5-404d-9505-4b7cb994baf3] Routing FlowFile[454,99014411158495.mockFlowFile,23B] to original
[main] DEBUG org.apache.nifi.processors.standard.RouteText - RouteText[id=a680ad74-d0b5-404d-9505-4b7cb994baf3] Adding new dynamic property: PropertyDescriptor[simple]
[pool-2550-thread-1] INFO org.apache.nifi.processors.standard.RouteText - RouteText[id=a680ad74-d0b5-404d-9505-4b7cb994baf3] Created FlowFile[457,99014411726793.mockFlowFile,23B] from FlowFile[456,99014411726793.mockFlowFile,23B]; routing to relationship simple
[pool-2550-thread-1] INFO org.apache.nifi.processors.standard.RouteText - RouteText[id=a680ad74-d0b5-404d-9505-4b7cb994baf3] Routing FlowFile[456,99014411726793.mockFlowFile,23B] to original
[main] DEBUG org.apache.nifi.processors.standard.RouteText - RouteText[id=a680ad74-d0b5-404d-9505-4b7cb994baf3] Adding new dynamic property: PropertyDescriptor[simple]
[pool-2551-thread-1] INFO org.apache.nifi.processors.standard.RouteText - RouteText[id=a680ad74-d0b5-404d-9505-4b7cb994baf3] Created FlowFile[459,99014412276469.mockFlowFile,23B] from FlowFile[458,99014412276469.mockFlowFile,23B]; routing to relationship simple
[pool-2551-thread-1] INFO org.apache.nifi.processors.standard.RouteText - RouteText[id=a680ad74-d0b5-404d-9505-4b7cb994baf3] Routing FlowFile[458,99014412276469.mockFlowFile,23B] to original
[main] DEBUG org.apache.nifi.processors.standard.RouteText - RouteText[id=a680ad74-d0b5-404d-9505-4b7cb994baf3] Adding new dynamic property: PropertyDescriptor[simple]
[pool-2552-thread-1] INFO org.apache.nifi.processors.standard.RouteText - RouteText[id=a680ad74-d0b5-404d-9505-4b7cb994baf3] Created FlowFile[461,99014412929993.mockFlowFile,23B] from FlowFile[460,99014412929993.mockFlowFile,23B]; routing to relationship simple
[pool-2552-thread-1] INFO org.apache.nifi.processors.standard.RouteText - RouteText[id=a680ad74-d0b5-404d-9505-4b7cb994baf3] Routing FlowFile[460,99014412929993.mockFlowFile,23B] to original
[main] DEBUG org.apache.nifi.processors.standard.RouteText - RouteText[id=a680ad74-d0b5-404d-9505-4b7cb994baf3] Adding new dynamic property: PropertyDescriptor[simple]
[pool-2553-thread-1] INFO org.apache.nifi.processors.standard.RouteText - RouteText[id=a680ad74-d0b5-404d-9505-4b7cb994baf3] Created FlowFile[463,99014413446396.mockFlowFile,23B] from FlowFile[462,99014413446396.mockFlowFile,23B]; routing to relationship simple
[pool-2553-thread-1] INFO org.apache.nifi.processors.standard.RouteText - RouteText[id=a680ad74-d0b5-404d-9505-4b7cb994baf3] Routing FlowFile[462,99014413446396.mockFlowFile,23B] to original
[main] DEBUG org.apache.nifi.processors.standard.RouteText - RouteText[id=a680ad74-d0b5-404d-9505-4b7cb994baf3] Adding new dynamic property: PropertyDescriptor[simple]
[pool-2554-thread-1] INFO org.apache.nifi.processors.standard.RouteText - RouteText[id=a680ad74-d0b5-404d-9505-4b7cb994baf3] Created FlowFile[465,99014414082619.mockFlowFile,23B] from FlowFile[464,99014414082619.mockFlowFile,23B]; routing to relationship simple
[pool-2554-thread-1] INFO org.apache.nifi.processors.standard.RouteText - RouteText[id=a680ad74-d0b5-404d-9505-4b7cb994baf3] Routing FlowFile[464,99014414082619.mockFlowFile,23B] to original
[main] DEBUG org.apache.nifi.processors.standard.RouteText - RouteText[id=a680ad74-d0b5-404d-9505-4b7cb994baf3] Adding new dynamic property: PropertyDescriptor[simple]
[pool-2555-thread-1] INFO org.apache.nifi.processors.standard.RouteText - RouteText[id=a680ad74-d0b5-404d-9505-4b7cb994baf3] Created FlowFile[467,99014414671643.mockFlowFile,23B] from FlowFile[466,99014414671643.mockFlowFile,23B]; routing to relationship simple
[pool-2555-thread-1] INFO org.apache.nifi.processors.standard.RouteText - RouteText[id=a680ad74-d0b5-404d-9505-4b7cb994baf3] Routing FlowFile[466,99014414671643.mockFlowFile,23B] to original
[main] DEBUG org.apache.nifi.processors.standard.RouteText - RouteText[id=a680ad74-d0b5-404d-9505-4b7cb994baf3] Adding new dynamic property: PropertyDescriptor[simple]
[pool-2556-thread-1] INFO org.apache.nifi.processors.standard.RouteText - RouteText[id=a680ad74-d0b5-404d-9505-4b7cb994baf3] Created FlowFile[469,99014415399531.mockFlowFile,23B] from FlowFile[468,99014415399531.mockFlowFile,23B]; routing to relationship simple
[pool-2556-thread-1] INFO org.apache.nifi.processors.standard.RouteText - RouteText[id=a680ad74-d0b5-404d-9505-4b7cb994baf3] Routing FlowFile[468,99014415399531.mockFlowFile,23B] to original
[main] DEBUG org.apache.nifi.processors.standard.RouteText - RouteText[id=a680ad74-d0b5-404d-9505-4b7cb994baf3] Adding new dynamic property: PropertyDescriptor[simple]
[pool-2557-thread-1] INFO org.apache.nifi.processors.standard.RouteText - RouteText[id=a680ad74-d0b5-404d-9505-4b7cb994baf3] Created FlowFile[471,99014416019964.mockFlowFile,23B] from FlowFile[470,99014416019964.mockFlowFile,23B]; routing to relationship simple
[pool-2557-thread-1] INFO org.apache.nifi.processors.standard.RouteText - RouteText[id=a680ad74-d0b5-404d-9505-4b7cb994baf3] Routing FlowFile[470,99014416019964.mockFlowFile,23B] to original
[main] DEBUG org.apache.nifi.processors.standard.RouteText - RouteText[id=a680ad74-d0b5-404d-9505-4b7cb994baf3] Adding new dynamic property: PropertyDescriptor[simple]
[pool-2558-thread-1] INFO org.apache.nifi.processors.standard.RouteText - RouteText[id=a680ad74-d0b5-404d-9505-4b7cb994baf3] Created FlowFile[473,99014416630515.mockFlowFile,23B] from FlowFile[472,99014416630515.mockFlowFile,23B]; routing to relationship simple
[pool-2558-thread-1] INFO org.apache.nifi.processors.standard.RouteText - RouteText[id=a680ad74-d0b5-404d-9505-4b7cb994baf3] Routing FlowFile[472,99014416630515.mockFlowFile,23B] to original
[main] DEBUG org.apache.nifi.processors.standard.RouteText - RouteText[id=a680ad74-d0b5-404d-9505-4b7cb994baf3] Adding new dynamic property: PropertyDescriptor[simple]
[pool-2559-thread-1] INFO org.apache.nifi.processors.standard.RouteText - RouteText[id=a680ad74-d0b5-404d-9505-4b7cb994baf3] Created FlowFile[475,99014417220264.mockFlowFile,23B] from FlowFile[474,99014417220264.mockFlowFile,23B]; routing to relationship simple
[pool-2559-thread-1] INFO org.apache.nifi.processors.standard.RouteText - RouteText[id=a680ad74-d0b5-404d-9505-4b7cb994baf3] Routing FlowFile[474,99014417220264.mockFlowFile,23B] to original
[main] DEBUG org.apache.nifi.processors.standard.RouteText - RouteText[id=a680ad74-d0b5-404d-9505-4b7cb994baf3] Adding new dynamic property: PropertyDescriptor[simple]
[pool-2560-thread-1] INFO org.apache.nifi.processors.standard.RouteText - RouteText[id=a680ad74-d0b5-404d-9505-4b7cb994baf3] Created FlowFile[477,99014417819405.mockFlowFile,23B] from FlowFile[476,99014417819405.mockFlowFile,23B]; routing to relationship simple
[pool-2560-thread-1] INFO org.apache.nifi.processors.standard.RouteText - RouteText[id=a680ad74-d0b5-404d-9505-4b7cb994baf3] Routing FlowFile[476,99014417819405.mockFlowFile,23B] to original
[main] DEBUG org.apache.nifi.processors.standard.RouteText - RouteText[id=a680ad74-d0b5-404d-9505-4b7cb994baf3] Adding new dynamic property: PropertyDescriptor[simple]
[pool-2561-thread-1] INFO org.apache.nifi.processors.standard.RouteText - RouteText[id=a680ad74-d0b5-404d-9505-4b7cb994baf3] Created FlowFile[479,99014418373912.mockFlowFile,23B] from FlowFile[478,99014418373912.mockFlowFile,23B]; routing to relationship simple
[pool-2561-thread-1] INFO org.apache.nifi.processors.standard.RouteText - RouteText[id=a680ad74-d0b5-404d-9505-4b7cb994baf3] Routing FlowFile[478,99014418373912.mockFlowFile,23B] to original
[main] DEBUG org.apache.nifi.processors.standard.RouteText - RouteText[id=a680ad74-d0b5-404d-9505-4b7cb994baf3] Adding new dynamic property: PropertyDescriptor[simple]
[pool-2562-thread-1] INFO org.apache.nifi.processors.standard.RouteText - RouteText[id=a680ad74-d0b5-404d-9505-4b7cb994baf3] Created FlowFile[481,99014418827995.mockFlowFile,23B] from FlowFile[480,99014418827995.mockFlowFile,23B]; routing to relationship simple
[pool-2562-thread-1] INFO org.apache.nifi.processors.standard.RouteText - RouteText[id=a680ad74-d0b5-404d-9505-4b7cb994baf3] Routing FlowFile[480,99014418827995.mockFlowFile,23B] to original
[main] DEBUG org.apache.nifi.processors.standard.RouteText - RouteText[id=a680ad74-d0b5-404d-9505-4b7cb994baf3] Adding new dynamic property: PropertyDescriptor[simple]
[pool-2563-thread-1] INFO org.apache.nifi.processors.standard.RouteText - RouteText[id=a680ad74-d0b5-404d-9505-4b7cb994baf3] Created FlowFile[483,99014419687844.mockFlowFile,23B] from FlowFile[482,99014419687844.mockFlowFile,23B]; routing to relationship simple
[pool-2563-thread-1] INFO org.apache.nifi.processors.standard.RouteText - RouteText[id=a680ad74-d0b5-404d-9505-4b7cb994baf3] Routing FlowFile[482,99014419687844.mockFlowFile,23B] to original
[main] DEBUG org.apache.nifi.processors.standard.RouteText - RouteText[id=a680ad74-d0b5-404d-9505-4b7cb994baf3] Adding new dynamic property: PropertyDescriptor[simple]
[pool-2564-thread-1] INFO org.apache.nifi.processors.standard.RouteText - RouteText[id=a680ad74-d0b5-404d-9505-4b7cb994baf3] Created FlowFile[485,99014420198392.mockFlowFile,23B] from FlowFile[484,99014420198392.mockFlowFile,23B]; routing to relationship simple
[pool-2564-thread-1] INFO org.apache.nifi.processors.standard.RouteText - RouteText[id=a680ad74-d0b5-404d-9505-4b7cb994baf3] Routing FlowFile[484,99014420198392.mockFlowFile,23B] to original
[main] DEBUG org.apache.nifi.processors.standard.RouteText - RouteText[id=a680ad74-d0b5-404d-9505-4b7cb994baf3] Adding new dynamic property: PropertyDescriptor[simple]
[pool-2565-thread-1] INFO org.apache.nifi.processors.standard.RouteText - RouteText[id=a680ad74-d0b5-404d-9505-4b7cb994baf3] Created FlowFile[487,99014420804252.mockFlowFile,23B] from FlowFile[486,99014420804252.mockFlowFile,23B]; routing to relationship simple
[pool-2565-thread-1] INFO org.apache.nifi.processors.standard.RouteText - RouteText[id=a680ad74-d0b5-404d-9505-4b7cb994baf3] Routing FlowFile[486,99014420804252.mockFlowFile,23B] to original
[main] DEBUG org.apache.nifi.processors.standard.RouteText - RouteText[id=a680ad74-d0b5-404d-9505-4b7cb994baf3] Adding new dynamic property: PropertyDescriptor[simple]
[pool-2566-thread-1] INFO org.apache.nifi.processors.standard.RouteText - RouteText[id=a680ad74-d0b5-404d-9505-4b7cb994baf3] Created FlowFile[489,99014421414555.mockFlowFile,23B] from FlowFile[488,99014421414555.mockFlowFile,23B]; routing to relationship simple
[pool-2566-thread-1] INFO org.apache.nifi.processors.standard.RouteText - RouteText[id=a680ad74-d0b5-404d-9505-4b7cb994baf3] Routing FlowFile[488,99014421414555.mockFlowFile,23B] to original
[main] DEBUG org.apache.nifi.processors.standard.RouteText - RouteText[id=a680ad74-d0b5-404d-9505-4b7cb994baf3] Adding new dynamic property: PropertyDescriptor[simple]
[pool-2567-thread-1] INFO org.apache.nifi.processors.standard.RouteText - RouteText[id=a680ad74-d0b5-404d-9505-4b7cb994baf3] Created FlowFile[491,99014421959937.mockFlowFile,23B] from FlowFile[490,99014421959937.mockFlowFile,23B]; routing to relationship simple
[pool-2567-thread-1] INFO org.apache.nifi.processors.standard.RouteText - RouteText[id=a680ad74-d0b5-404d-9505-4b7cb994baf3] Routing FlowFile[490,99014421959937.mockFlowFile,23B] to original
[main] DEBUG org.apache.nifi.processors.standard.RouteText - RouteText[id=a680ad74-d0b5-404d-9505-4b7cb994baf3] Adding new dynamic property: PropertyDescriptor[simple]
[pool-2568-thread-1] INFO org.apache.nifi.processors.standard.RouteText - RouteText[id=a680ad74-d0b5-404d-9505-4b7cb994baf3] Created FlowFile[493,99014422543617.mockFlowFile,23B] from FlowFile[492,99014422543617.mockFlowFile,23B]; routing to relationship simple
[pool-2568-thread-1] INFO org.apache.nifi.processors.standard.RouteText - RouteText[id=a680ad74-d0b5-404d-9505-4b7cb994baf3] Routing FlowFile[492,99014422543617.mockFlowFile,23B] to original
[main] DEBUG org.apache.nifi.processors.standard.RouteText - RouteText[id=a680ad74-d0b5-404d-9505-4b7cb994baf3] Adding new dynamic property: PropertyDescriptor[simple]
[pool-2569-thread-1] INFO org.apache.nifi.processors.standard.RouteText - RouteText[id=a680ad74-d0b5-404d-9505-4b7cb994baf3] Created FlowFile[495,99014422991027.mockFlowFile,23B] from FlowFile[494,99014422991027.mockFlowFile,23B]; routing to relationship simple
[pool-2569-thread-1] INFO org.apache.nifi.processors.standard.RouteText - RouteText[id=a680ad74-d0b5-404d-9505-4b7cb994baf3] Routing FlowFile[494,99014422991027.mockFlowFile,23B] to original
[main] DEBUG org.apache.nifi.processors.standard.RouteText - RouteText[id=a680ad74-d0b5-404d-9505-4b7cb994baf3] Adding new dynamic property: PropertyDescriptor[simple]
[pool-2570-thread-1] INFO org.apache.nifi.processors.standard.RouteText - RouteText[id=a680ad74-d0b5-404d-9505-4b7cb994baf3] Created FlowFile[497,99014423561137.mockFlowFile,23B] from FlowFile[496,99014423561137.mockFlowFile,23B]; routing to relationship simple
[pool-2570-thread-1] INFO org.apache.nifi.processors.standard.RouteText - RouteText[id=a680ad74-d0b5-404d-9505-4b7cb994baf3] Routing FlowFile[496,99014423561137.mockFlowFile,23B] to original
[main] DEBUG org.apache.nifi.processors.standard.RouteText - RouteText[id=a680ad74-d0b5-404d-9505-4b7cb994baf3] Adding new dynamic property: PropertyDescriptor[simple]
[pool-2571-thread-1] INFO org.apache.nifi.processors.standard.RouteText - RouteText[id=a680ad74-d0b5-404d-9505-4b7cb994baf3] Created FlowFile[499,99014424243993.mockFlowFile,23B] from FlowFile[498,99014424243993.mockFlowFile,23B]; routing to relationship simple
[pool-2571-thread-1] INFO org.apache.nifi.processors.standard.RouteText - RouteText[id=a680ad74-d0b5-404d-9505-4b7cb994baf3] Routing FlowFile[498,99014424243993.mockFlowFile,23B] to original
[main] DEBUG org.apache.nifi.processors.standard.RouteText - RouteText[id=a680ad74-d0b5-404d-9505-4b7cb994baf3] Adding new dynamic property: PropertyDescriptor[simple]
[pool-2572-thread-1] INFO org.apache.nifi.processors.standard.RouteText - RouteText[id=a680ad74-d0b5-404d-9505-4b7cb994baf3] Created FlowFile[501,99014424896066.mockFlowFile,23B] from FlowFile[500,99014424896066.mockFlowFile,23B]; routing to relationship simple
[pool-2572-thread-1] INFO org.apache.nifi.processors.standard.RouteText - RouteText[id=a680ad74-d0b5-404d-9505-4b7cb994baf3] Routing FlowFile[500,99014424896066.mockFlowFile,23B] to original
[main] DEBUG org.apache.nifi.processors.standard.RouteText - RouteText[id=a680ad74-d0b5-404d-9505-4b7cb994baf3] Adding new dynamic property: PropertyDescriptor[simple]
[pool-2573-thread-1] INFO org.apache.nifi.processors.standard.RouteText - RouteText[id=a680ad74-d0b5-404d-9505-4b7cb994baf3] Created FlowFile[503,99014425545553.mockFlowFile,23B] from FlowFile[502,99014425545553.mockFlowFile,23B]; routing to relationship simple
[pool-2573-thread-1] INFO org.apache.nifi.processors.standard.RouteText - RouteText[id=a680ad74-d0b5-404d-9505-4b7cb994baf3] Routing FlowFile[502,99014425545553.mockFlowFile,23B] to original
[main] DEBUG org.apache.nifi.processors.standard.RouteText - RouteText[id=a680ad74-d0b5-404d-9505-4b7cb994baf3] Adding new dynamic property: PropertyDescriptor[simple]
[pool-2574-thread-1] INFO org.apache.nifi.processors.standard.RouteText - RouteText[id=a680ad74-d0b5-404d-9505-4b7cb994baf3] Created FlowFile[505,99014426142726.mockFlowFile,23B] from FlowFile[504,99014426142726.mockFlowFile,23B]; routing to relationship simple
[pool-2574-thread-1] INFO org.apache.nifi.processors.standard.RouteText - RouteText[id=a680ad74-d0b5-404d-9505-4b7cb994baf3] Routing FlowFile[504,99014426142726.mockFlowFile,23B] to original
[main] DEBUG org.apache.nifi.processors.standard.RouteText - RouteText[id=a680ad74-d0b5-404d-9505-4b7cb994baf3] Adding new dynamic property: PropertyDescriptor[simple]
[pool-2575-thread-1] INFO org.apache.nifi.processors.standard.RouteText - RouteText[id=a680ad74-d0b5-404d-9505-4b7cb994baf3] Created FlowFile[507,99014426682847.mockFlowFile,23B] from FlowFile[506,99014426682847.mockFlowFile,23B]; routing to relationship simple
[pool-2575-thread-1] INFO org.apache.nifi.processors.standard.RouteText - RouteText[id=a680ad74-d0b5-404d-9505-4b7cb994baf3] Routing FlowFile[506,99014426682847.mockFlowFile,23B] to original
[main] DEBUG org.apache.nifi.processors.standard.RouteText - RouteText[id=a680ad74-d0b5-404d-9505-4b7cb994baf3] Adding new dynamic property: PropertyDescriptor[simple]
[pool-2576-thread-1] INFO org.apache.nifi.processors.standard.RouteText - RouteText[id=a680ad74-d0b5-404d-9505-4b7cb994baf3] Created FlowFile[509,99014427172189.mockFlowFile,23B] from FlowFile[508,99014427172189.mockFlowFile,23B]; routing to relationship simple
[pool-2576-thread-1] INFO org.apache.nifi.processors.standard.RouteText - RouteText[id=a680ad74-d0b5-404d-9505-4b7cb994baf3] Routing FlowFile[508,99014427172189.mockFlowFile,23B] to original
[main] DEBUG org.apache.nifi.processors.standard.RouteText - RouteText[id=a680ad74-d0b5-404d-9505-4b7cb994baf3] Adding new dynamic property: PropertyDescriptor[simple]
[pool-2577-thread-1] INFO org.apache.nifi.processors.standard.RouteText - RouteText[id=a680ad74-d0b5-404d-9505-4b7cb994baf3] Created FlowFile[511,99014428551512.mockFlowFile,23B] from FlowFile[510,99014428551512.mockFlowFile,23B]; routing to relationship simple
[pool-2577-thread-1] INFO org.apache.nifi.processors.standard.RouteText - RouteText[id=a680ad74-d0b5-404d-9505-4b7cb994baf3] Routing FlowFile[510,99014428551512.mockFlowFile,23B] to original
[main] DEBUG org.apache.nifi.processors.standard.RouteText - RouteText[id=a680ad74-d0b5-404d-9505-4b7cb994baf3] Adding new dynamic property: PropertyDescriptor[simple]
[pool-2578-thread-1] INFO org.apache.nifi.processors.standard.RouteText - RouteText[id=a680ad74-d0b5-404d-9505-4b7cb994baf3] Created FlowFile[513,99014429230820.mockFlowFile,23B] from FlowFile[512,99014429230820.mockFlowFile,23B]; routing to relationship simple
[pool-2578-thread-1] INFO org.apache.nifi.processors.standard.RouteText - RouteText[id=a680ad74-d0b5-404d-9505-4b7cb994baf3] Routing FlowFile[512,99014429230820.mockFlowFile,23B] to original
[main] DEBUG org.apache.nifi.processors.standard.RouteText - RouteText[id=a680ad74-d0b5-404d-9505-4b7cb994baf3] Adding new dynamic property: PropertyDescriptor[simple]
[pool-2579-thread-1] INFO org.apache.nifi.processors.standard.RouteText - RouteText[id=a680ad74-d0b5-404d-9505-4b7cb994baf3] Created FlowFile[515,99014429798005.mockFlowFile,23B] from FlowFile[514,99014429798005.mockFlowFile,23B]; routing to relationship simple
[pool-2579-thread-1] INFO org.apache.nifi.processors.standard.RouteText - RouteText[id=a680ad74-d0b5-404d-9505-4b7cb994baf3] Routing FlowFile[514,99014429798005.mockFlowFile,23B] to original
[main] DEBUG org.apache.nifi.processors.standard.RouteText - RouteText[id=a680ad74-d0b5-404d-9505-4b7cb994baf3] Adding new dynamic property: PropertyDescriptor[simple]
[pool-2580-thread-1] INFO org.apache.nifi.processors.standard.RouteText - RouteText[id=a680ad74-d0b5-404d-9505-4b7cb994baf3] Created FlowFile[517,99014430305060.mockFlowFile,23B] from FlowFile[516,99014430305060.mockFlowFile,23B]; routing to relationship simple
[pool-2580-thread-1] INFO org.apache.nifi.processors.standard.RouteText - RouteText[id=a680ad74-d0b5-404d-9505-4b7cb994baf3] Routing FlowFile[516,99014430305060.mockFlowFile,23B] to original
[main] DEBUG org.apache.nifi.processors.standard.RouteText - RouteText[id=a680ad74-d0b5-404d-9505-4b7cb994baf3] Adding new dynamic property: PropertyDescriptor[simple]
[pool-2581-thread-1] INFO org.apache.nifi.processors.standard.RouteText - RouteText[id=a680ad74-d0b5-404d-9505-4b7cb994baf3] Created FlowFile[519,99014430758473.mockFlowFile,23B] from FlowFile[518,99014430758473.mockFlowFile,23B]; routing to relationship simple
[pool-2581-thread-1] INFO org.apache.nifi.processors.standard.RouteText - RouteText[id=a680ad74-d0b5-404d-9505-4b7cb994baf3] Routing FlowFile[518,99014430758473.mockFlowFile,23B] to original
[main] DEBUG org.apache.nifi.processors.standard.RouteText - RouteText[id=a680ad74-d0b5-404d-9505-4b7cb994baf3] Adding new dynamic property: PropertyDescriptor[simple]
[pool-2582-thread-1] INFO org.apache.nifi.processors.standard.RouteText - RouteText[id=a680ad74-d0b5-404d-9505-4b7cb994baf3] Created FlowFile[521,99014431302537.mockFlowFile,23B] from FlowFile[520,99014431302537.mockFlowFile,23B]; routing to relationship simple
[pool-2582-thread-1] INFO org.apache.nifi.processors.standard.RouteText - RouteText[id=a680ad74-d0b5-404d-9505-4b7cb994baf3] Routing FlowFile[520,99014431302537.mockFlowFile,23B] to original
[main] DEBUG org.apache.nifi.processors.standard.RouteText - RouteText[id=a680ad74-d0b5-404d-9505-4b7cb994baf3] Adding new dynamic property: PropertyDescriptor[simple]
[pool-2583-thread-1] INFO org.apache.nifi.processors.standard.RouteText - RouteText[id=a680ad74-d0b5-404d-9505-4b7cb994baf3] Created FlowFile[523,99014431850332.mockFlowFile,23B] from FlowFile[522,99014431850332.mockFlowFile,23B]; routing to relationship simple
[pool-2583-thread-1] INFO org.apache.nifi.processors.standard.RouteText - RouteText[id=a680ad74-d0b5-404d-9505-4b7cb994baf3] Routing FlowFile[522,99014431850332.mockFlowFile,23B] to original
[main] DEBUG org.apache.nifi.processors.standard.RouteText - RouteText[id=a680ad74-d0b5-404d-9505-4b7cb994baf3] Adding new dynamic property: PropertyDescriptor[simple]
[pool-2584-thread-1] INFO org.apache.nifi.processors.standard.RouteText - RouteText[id=a680ad74-d0b5-404d-9505-4b7cb994baf3] Created FlowFile[525,99014432327109.mockFlowFile,23B] from FlowFile[524,99014432327109.mockFlowFile,23B]; routing to relationship simple
[pool-2584-thread-1] INFO org.apache.nifi.processors.standard.RouteText - RouteText[id=a680ad74-d0b5-404d-9505-4b7cb994baf3] Routing FlowFile[524,99014432327109.mockFlowFile,23B] to original
[main] DEBUG org.apache.nifi.processors.standard.RouteText - RouteText[id=a680ad74-d0b5-404d-9505-4b7cb994baf3] Adding new dynamic property: PropertyDescriptor[simple]
[pool-2585-thread-1] INFO org.apache.nifi.processors.standard.RouteText - RouteText[id=a680ad74-d0b5-404d-9505-4b7cb994baf3] Created FlowFile[527,99014432792579.mockFlowFile,23B] from FlowFile[526,99014432792579.mockFlowFile,23B]; routing to relationship simple
[pool-2585-thread-1] INFO org.apache.nifi.processors.standard.RouteText - RouteText[id=a680ad74-d0b5-404d-9505-4b7cb994baf3] Routing FlowFile[526,99014432792579.mockFlowFile,23B] to original
[main] DEBUG org.apache.nifi.processors.standard.RouteText - RouteText[id=a680ad74-d0b5-404d-9505-4b7cb994baf3] Adding new dynamic property: PropertyDescriptor[simple]
[pool-2586-thread-1] INFO org.apache.nifi.processors.standard.RouteText - RouteText[id=a680ad74-d0b5-404d-9505-4b7cb994baf3] Created FlowFile[529,99014433314490.mockFlowFile,23B] from FlowFile[528,99014433314490.mockFlowFile,23B]; routing to relationship simple
[pool-2586-thread-1] INFO org.apache.nifi.processors.standard.RouteText - RouteText[id=a680ad74-d0b5-404d-9505-4b7cb994baf3] Routing FlowFile[528,99014433314490.mockFlowFile,23B] to original
[main] DEBUG org.apache.nifi.processors.standard.RouteText - RouteText[id=a680ad74-d0b5-404d-9505-4b7cb994baf3] Adding new dynamic property: PropertyDescriptor[simple]
[pool-2587-thread-1] INFO org.apache.nifi.processors.standard.RouteText - RouteText[id=a680ad74-d0b5-404d-9505-4b7cb994baf3] Created FlowFile[531,99014433806895.mockFlowFile,23B] from FlowFile[530,99014433806895.mockFlowFile,23B]; routing to relationship simple
[pool-2587-thread-1] INFO org.apache.nifi.processors.standard.RouteText - RouteText[id=a680ad74-d0b5-404d-9505-4b7cb994baf3] Routing FlowFile[530,99014433806895.mockFlowFile,23B] to original
[main] DEBUG org.apache.nifi.processors.standard.RouteText - RouteText[id=a680ad74-d0b5-404d-9505-4b7cb994baf3] Adding new dynamic property: PropertyDescriptor[simple]
[pool-2588-thread-1] INFO org.apache.nifi.processors.standard.RouteText - RouteText[id=a680ad74-d0b5-404d-9505-4b7cb994baf3] Created FlowFile[533,99014434255278.mockFlowFile,23B] from FlowFile[532,99014434255278.mockFlowFile,23B]; routing to relationship simple
[pool-2588-thread-1] INFO org.apache.nifi.processors.standard.RouteText - RouteText[id=a680ad74-d0b5-404d-9505-4b7cb994baf3] Routing FlowFile[532,99014434255278.mockFlowFile,23B] to original
[main] DEBUG org.apache.nifi.processors.standard.RouteText - RouteText[id=a680ad74-d0b5-404d-9505-4b7cb994baf3] Adding new dynamic property: PropertyDescriptor[simple]
[pool-2589-thread-1] INFO org.apache.nifi.processors.standard.RouteText - RouteText[id=a680ad74-d0b5-404d-9505-4b7cb994baf3] Created FlowFile[535,99014434691448.mockFlowFile,23B] from FlowFile[534,99014434691448.mockFlowFile,23B]; routing to relationship simple
[pool-2589-thread-1] INFO org.apache.nifi.processors.standard.RouteText - RouteText[id=a680ad74-d0b5-404d-9505-4b7cb994baf3] Routing FlowFile[534,99014434691448.mockFlowFile,23B] to original
[main] DEBUG org.apache.nifi.processors.standard.RouteText - RouteText[id=a680ad74-d0b5-404d-9505-4b7cb994baf3] Adding new dynamic property: PropertyDescriptor[simple]
[pool-2590-thread-1] INFO org.apache.nifi.processors.standard.RouteText - RouteText[id=a680ad74-d0b5-404d-9505-4b7cb994baf3] Created FlowFile[537,99014435127460.mockFlowFile,23B] from FlowFile[536,99014435127460.mockFlowFile,23B]; routing to relationship simple
[pool-2590-thread-1] INFO org.apache.nifi.processors.standard.RouteText - RouteText[id=a680ad74-d0b5-404d-9505-4b7cb994baf3] Routing FlowFile[536,99014435127460.mockFlowFile,23B] to original
[main] DEBUG org.apache.nifi.processors.standard.RouteText - RouteText[id=a680ad74-d0b5-404d-9505-4b7cb994baf3] Adding new dynamic property: PropertyDescriptor[simple]
[pool-2591-thread-1] INFO org.apache.nifi.processors.standard.RouteText - RouteText[id=a680ad74-d0b5-404d-9505-4b7cb994baf3] Created FlowFile[539,99014435695303.mockFlowFile,23B] from FlowFile[538,99014435695303.mockFlowFile,23B]; routing to relationship simple
[pool-2591-thread-1] INFO org.apache.nifi.processors.standard.RouteText - RouteText[id=a680ad74-d0b5-404d-9505-4b7cb994baf3] Routing FlowFile[538,99014435695303.mockFlowFile,23B] to original
[main] DEBUG org.apache.nifi.processors.standard.RouteText - RouteText[id=a680ad74-d0b5-404d-9505-4b7cb994baf3] Adding new dynamic property: PropertyDescriptor[simple]
[pool-2592-thread-1] INFO org.apache.nifi.processors.standard.RouteText - RouteText[id=a680ad74-d0b5-404d-9505-4b7cb994baf3] Created FlowFile[541,99014436118866.mockFlowFile,23B] from FlowFile[540,99014436118866.mockFlowFile,23B]; routing to relationship simple
[pool-2592-thread-1] INFO org.apache.nifi.processors.standard.RouteText - RouteText[id=a680ad74-d0b5-404d-9505-4b7cb994baf3] Routing FlowFile[540,99014436118866.mockFlowFile,23B] to original
[main] DEBUG org.apache.nifi.processors.standard.RouteText - RouteText[id=a680ad74-d0b5-404d-9505-4b7cb994baf3] Adding new dynamic property: PropertyDescriptor[simple]
[pool-2593-thread-1] INFO org.apache.nifi.processors.standard.RouteText - RouteText[id=a680ad74-d0b5-404d-9505-4b7cb994baf3] Created FlowFile[543,99014436679343.mockFlowFile,23B] from FlowFile[542,99014436679343.mockFlowFile,23B]; routing to relationship simple
[pool-2593-thread-1] INFO org.apache.nifi.processors.standard.RouteText - RouteText[id=a680ad74-d0b5-404d-9505-4b7cb994baf3] Routing FlowFile[542,99014436679343.mockFlowFile,23B] to original
[main] DEBUG org.apache.nifi.processors.standard.RouteText - RouteText[id=a680ad74-d0b5-404d-9505-4b7cb994baf3] Adding new dynamic property: PropertyDescriptor[simple]
[pool-2594-thread-1] INFO org.apache.nifi.processors.standard.RouteText - RouteText[id=a680ad74-d0b5-404d-9505-4b7cb994baf3] Created FlowFile[545,99014437215688.mockFlowFile,23B] from FlowFile[544,99014437215688.mockFlowFile,23B]; routing to relationship simple
[pool-2594-thread-1] INFO org.apache.nifi.processors.standard.RouteText - RouteText[id=a680ad74-d0b5-404d-9505-4b7cb994baf3] Routing FlowFile[544,99014437215688.mockFlowFile,23B] to original
[main] DEBUG org.apache.nifi.processors.standard.RouteText - RouteText[id=a680ad74-d0b5-404d-9505-4b7cb994baf3] Adding new dynamic property: PropertyDescriptor[simple]
[pool-2595-thread-1] INFO org.apache.nifi.processors.standard.RouteText - RouteText[id=a680ad74-d0b5-404d-9505-4b7cb994baf3] Created FlowFile[547,99014437736368.mockFlowFile,23B] from FlowFile[546,99014437736368.mockFlowFile,23B]; routing to relationship simple
[pool-2595-thread-1] INFO org.apache.nifi.processors.standard.RouteText - RouteText[id=a680ad74-d0b5-404d-9505-4b7cb994baf3] Routing FlowFile[546,99014437736368.mockFlowFile,23B] to original
[main] DEBUG org.apache.nifi.processors.standard.RouteText - RouteText[id=a680ad74-d0b5-404d-9505-4b7cb994baf3] Adding new dynamic property: PropertyDescriptor[simple]
[pool-2596-thread-1] INFO org.apache.nifi.processors.standard.RouteText - RouteText[id=a680ad74-d0b5-404d-9505-4b7cb994baf3] Created FlowFile[549,99014438183026.mockFlowFile,23B] from FlowFile[548,99014438183026.mockFlowFile,23B]; routing to relationship simple
[pool-2596-thread-1] INFO org.apache.nifi.processors.standard.RouteText - RouteText[id=a680ad74-d0b5-404d-9505-4b7cb994baf3] Routing FlowFile[548,99014438183026.mockFlowFile,23B] to original
[main] DEBUG org.apache.nifi.processors.standard.RouteText - RouteText[id=a680ad74-d0b5-404d-9505-4b7cb994baf3] Adding new dynamic property: PropertyDescriptor[simple]
[pool-2597-thread-1] INFO org.apache.nifi.processors.standard.RouteText - RouteText[id=a680ad74-d0b5-404d-9505-4b7cb994baf3] Created FlowFile[551,99014438729868.mockFlowFile,23B] from FlowFile[550,99014438729868.mockFlowFile,23B]; routing to relationship simple
[pool-2597-thread-1] INFO org.apache.nifi.processors.standard.RouteText - RouteText[id=a680ad74-d0b5-404d-9505-4b7cb994baf3] Routing FlowFile[550,99014438729868.mockFlowFile,23B] to original
[main] DEBUG org.apache.nifi.processors.standard.RouteText - RouteText[id=a680ad74-d0b5-404d-9505-4b7cb994baf3] Adding new dynamic property: PropertyDescriptor[simple]
[pool-2598-thread-1] INFO org.apache.nifi.processors.standard.RouteText - RouteText[id=a680ad74-d0b5-404d-9505-4b7cb994baf3] Created FlowFile[553,99014439165895.mockFlowFile,23B] from FlowFile[552,99014439165895.mockFlowFile,23B]; routing to relationship simple
[pool-2598-thread-1] INFO org.apache.nifi.processors.standard.RouteText - RouteText[id=a680ad74-d0b5-404d-9505-4b7cb994baf3] Routing FlowFile[552,99014439165895.mockFlowFile,23B] to original
[main] DEBUG org.apache.nifi.processors.standard.RouteText - RouteText[id=a680ad74-d0b5-404d-9505-4b7cb994baf3] Adding new dynamic property: PropertyDescriptor[simple]
[pool-2599-thread-1] INFO org.apache.nifi.processors.standard.RouteText - RouteText[id=a680ad74-d0b5-404d-9505-4b7cb994baf3] Created FlowFile[555,99014439727469.mockFlowFile,23B] from FlowFile[554,99014439727469.mockFlowFile,23B]; routing to relationship simple
[pool-2599-thread-1] INFO org.apache.nifi.processors.standard.RouteText - RouteText[id=a680ad74-d0b5-404d-9505-4b7cb994baf3] Routing FlowFile[554,99014439727469.mockFlowFile,23B] to original
[main] DEBUG org.apache.nifi.processors.standard.RouteText - RouteText[id=a680ad74-d0b5-404d-9505-4b7cb994baf3] Adding new dynamic property: PropertyDescriptor[simple]
[pool-2600-thread-1] INFO org.apache.nifi.processors.standard.RouteText - RouteText[id=a680ad74-d0b5-404d-9505-4b7cb994baf3] Created FlowFile[557,99014440211257.mockFlowFile,23B] from FlowFile[556,99014440211257.mockFlowFile,23B]; routing to relationship simple
[pool-2600-thread-1] INFO org.apache.nifi.processors.standard.RouteText - RouteText[id=a680ad74-d0b5-404d-9505-4b7cb994baf3] Routing FlowFile[556,99014440211257.mockFlowFile,23B] to original
[main] DEBUG org.apache.nifi.processors.standard.RouteText - RouteText[id=a680ad74-d0b5-404d-9505-4b7cb994baf3] Adding new dynamic property: PropertyDescriptor[simple]
[pool-2601-thread-1] INFO org.apache.nifi.processors.standard.RouteText - RouteText[id=a680ad74-d0b5-404d-9505-4b7cb994baf3] Created FlowFile[559,99014440801087.mockFlowFile,23B] from FlowFile[558,99014440801087.mockFlowFile,23B]; routing to relationship simple
[pool-2601-thread-1] INFO org.apache.nifi.processors.standard.RouteText - RouteText[id=a680ad74-d0b5-404d-9505-4b7cb994baf3] Routing FlowFile[558,99014440801087.mockFlowFile,23B] to original
[main] DEBUG org.apache.nifi.processors.standard.RouteText - RouteText[id=a680ad74-d0b5-404d-9505-4b7cb994baf3] Adding new dynamic property: PropertyDescriptor[simple]
[pool-2602-thread-1] INFO org.apache.nifi.processors.standard.RouteText - RouteText[id=a680ad74-d0b5-404d-9505-4b7cb994baf3] Created FlowFile[561,99014441341961.mockFlowFile,23B] from FlowFile[560,99014441341961.mockFlowFile,23B]; routing to relationship simple
[pool-2602-thread-1] INFO org.apache.nifi.processors.standard.RouteText - RouteText[id=a680ad74-d0b5-404d-9505-4b7cb994baf3] Routing FlowFile[560,99014441341961.mockFlowFile,23B] to original
[main] DEBUG org.apache.nifi.processors.standard.RouteText - RouteText[id=a680ad74-d0b5-404d-9505-4b7cb994baf3] Adding new dynamic property: PropertyDescriptor[simple]
[pool-2603-thread-1] INFO org.apache.nifi.processors.standard.RouteText - RouteText[id=a680ad74-d0b5-404d-9505-4b7cb994baf3] Created FlowFile[563,99014441888658.mockFlowFile,23B] from FlowFile[562,99014441888658.mockFlowFile,23B]; routing to relationship simple
[pool-2603-thread-1] INFO org.apache.nifi.processors.standard.RouteText - RouteText[id=a680ad74-d0b5-404d-9505-4b7cb994baf3] Routing FlowFile[562,99014441888658.mockFlowFile,23B] to original
[main] DEBUG org.apache.nifi.processors.standard.RouteText - RouteText[id=a680ad74-d0b5-404d-9505-4b7cb994baf3] Adding new dynamic property: PropertyDescriptor[simple]
[pool-2604-thread-1] INFO org.apache.nifi.processors.standard.RouteText - RouteText[id=a680ad74-d0b5-404d-9505-4b7cb994baf3] Created FlowFile[565,99014442421080.mockFlowFile,23B] from FlowFile[564,99014442421080.mockFlowFile,23B]; routing to relationship simple
[pool-2604-thread-1] INFO org.apache.nifi.processors.standard.RouteText - RouteText[id=a680ad74-d0b5-404d-9505-4b7cb994baf3] Routing FlowFile[564,99014442421080.mockFlowFile,23B] to original
[main] DEBUG org.apache.nifi.processors.standard.RouteText - RouteText[id=a680ad74-d0b5-404d-9505-4b7cb994baf3] Adding new dynamic property: PropertyDescriptor[simple]
[pool-2605-thread-1] INFO org.apache.nifi.processors.standard.RouteText - RouteText[id=a680ad74-d0b5-404d-9505-4b7cb994baf3] Created FlowFile[567,99014442901883.mockFlowFile,23B] from FlowFile[566,99014442901883.mockFlowFile,23B]; routing to relationship simple
[pool-2605-thread-1] INFO org.apache.nifi.processors.standard.RouteText - RouteText[id=a680ad74-d0b5-404d-9505-4b7cb994baf3] Routing FlowFile[566,99014442901883.mockFlowFile,23B] to original
[main] DEBUG org.apache.nifi.processors.standard.RouteText - RouteText[id=a680ad74-d0b5-404d-9505-4b7cb994baf3] Adding new dynamic property: PropertyDescriptor[simple]
[pool-2606-thread-1] INFO org.apache.nifi.processors.standard.RouteText - RouteText[id=a680ad74-d0b5-404d-9505-4b7cb994baf3] Created FlowFile[569,99014443452602.mockFlowFile,23B] from FlowFile[568,99014443452602.mockFlowFile,23B]; routing to relationship simple
[pool-2606-thread-1] INFO org.apache.nifi.processors.standard.RouteText - RouteText[id=a680ad74-d0b5-404d-9505-4b7cb994baf3] Routing FlowFile[568,99014443452602.mockFlowFile,23B] to original
[main] DEBUG org.apache.nifi.processors.standard.RouteText - RouteText[id=a680ad74-d0b5-404d-9505-4b7cb994baf3] Adding new dynamic property: PropertyDescriptor[simple]
[pool-2607-thread-1] INFO org.apache.nifi.processors.standard.RouteText - RouteText[id=a680ad74-d0b5-404d-9505-4b7cb994baf3] Created FlowFile[571,99014443976110.mockFlowFile,23B] from FlowFile[570,99014443976110.mockFlowFile,23B]; routing to relationship simple
[pool-2607-thread-1] INFO org.apache.nifi.processors.standard.RouteText - RouteText[id=a680ad74-d0b5-404d-9505-4b7cb994baf3] Routing FlowFile[570,99014443976110.mockFlowFile,23B] to original
[main] DEBUG org.apache.nifi.processors.standard.RouteText - RouteText[id=a680ad74-d0b5-404d-9505-4b7cb994baf3] Adding new dynamic property: PropertyDescriptor[simple]
[pool-2608-thread-1] INFO org.apache.nifi.processors.standard.RouteText - RouteText[id=a680ad74-d0b5-404d-9505-4b7cb994baf3] Created FlowFile[573,99014444641038.mockFlowFile,23B] from FlowFile[572,99014444641038.mockFlowFile,23B]; routing to relationship simple
[pool-2608-thread-1] INFO org.apache.nifi.processors.standard.RouteText - RouteText[id=a680ad74-d0b5-404d-9505-4b7cb994baf3] Routing FlowFile[572,99014444641038.mockFlowFile,23B] to original
[main] DEBUG org.apache.nifi.processors.standard.RouteText - RouteText[id=a680ad74-d0b5-404d-9505-4b7cb994baf3] Adding new dynamic property: PropertyDescriptor[simple]
[pool-2609-thread-1] INFO org.apache.nifi.processors.standard.RouteText - RouteText[id=a680ad74-d0b5-404d-9505-4b7cb994baf3] Created FlowFile[575,99014445215349.mockFlowFile,23B] from FlowFile[574,99014445215349.mockFlowFile,23B]; routing to relationship simple
[pool-2609-thread-1] INFO org.apache.nifi.processors.standard.RouteText - RouteText[id=a680ad74-d0b5-404d-9505-4b7cb994baf3] Routing FlowFile[574,99014445215349.mockFlowFile,23B] to original
[main] DEBUG org.apache.nifi.processors.standard.RouteText - RouteText[id=a680ad74-d0b5-404d-9505-4b7cb994baf3] Adding new dynamic property: PropertyDescriptor[simple]
[pool-2610-thread-1] INFO org.apache.nifi.processors.standard.RouteText - RouteText[id=a680ad74-d0b5-404d-9505-4b7cb994baf3] Created FlowFile[577,99014445777643.mockFlowFile,23B] from FlowFile[576,99014445777643.mockFlowFile,23B]; routing to relationship simple
[pool-2610-thread-1] INFO org.apache.nifi.processors.standard.RouteText - RouteText[id=a680ad74-d0b5-404d-9505-4b7cb994baf3] Routing FlowFile[576,99014445777643.mockFlowFile,23B] to original
[main] DEBUG org.apache.nifi.processors.standard.RouteText - RouteText[id=a680ad74-d0b5-404d-9505-4b7cb994baf3] Adding new dynamic property: PropertyDescriptor[simple]
[pool-2611-thread-1] INFO org.apache.nifi.processors.standard.RouteText - RouteText[id=a680ad74-d0b5-404d-9505-4b7cb994baf3] Created FlowFile[579,99014446291923.mockFlowFile,23B] from FlowFile[578,99014446291923.mockFlowFile,23B]; routing to relationship simple
[pool-2611-thread-1] INFO org.apache.nifi.processors.standard.RouteText - RouteText[id=a680ad74-d0b5-404d-9505-4b7cb994baf3] Routing FlowFile[578,99014446291923.mockFlowFile,23B] to original
[main] DEBUG org.apache.nifi.processors.standard.RouteText - RouteText[id=a680ad74-d0b5-404d-9505-4b7cb994baf3] Adding new dynamic property: PropertyDescriptor[simple]
[pool-2612-thread-1] INFO org.apache.nifi.processors.standard.RouteText - RouteText[id=a680ad74-d0b5-404d-9505-4b7cb994baf3] Created FlowFile[581,99014446744055.mockFlowFile,23B] from FlowFile[580,99014446744055.mockFlowFile,23B]; routing to relationship simple
[pool-2612-thread-1] INFO org.apache.nifi.processors.standard.RouteText - RouteText[id=a680ad74-d0b5-404d-9505-4b7cb994baf3] Routing FlowFile[580,99014446744055.mockFlowFile,23B] to original
[main] DEBUG org.apache.nifi.processors.standard.RouteText - RouteText[id=a680ad74-d0b5-404d-9505-4b7cb994baf3] Adding new dynamic property: PropertyDescriptor[simple]
[pool-2613-thread-1] INFO org.apache.nifi.processors.standard.RouteText - RouteText[id=a680ad74-d0b5-404d-9505-4b7cb994baf3] Created FlowFile[583,99014447568479.mockFlowFile,23B] from FlowFile[582,99014447568479.mockFlowFile,23B]; routing to relationship simple
[pool-2613-thread-1] INFO org.apache.nifi.processors.standard.RouteText - RouteText[id=a680ad74-d0b5-404d-9505-4b7cb994baf3] Routing FlowFile[582,99014447568479.mockFlowFile,23B] to original
[main] DEBUG org.apache.nifi.processors.standard.RouteText - RouteText[id=a680ad74-d0b5-404d-9505-4b7cb994baf3] Adding new dynamic property: PropertyDescriptor[simple]
[pool-2614-thread-1] INFO org.apache.nifi.processors.standard.RouteText - RouteText[id=a680ad74-d0b5-404d-9505-4b7cb994baf3] Created FlowFile[585,99014448153922.mockFlowFile,23B] from FlowFile[584,99014448153922.mockFlowFile,23B]; routing to relationship simple
[pool-2614-thread-1] INFO org.apache.nifi.processors.standard.RouteText - RouteText[id=a680ad74-d0b5-404d-9505-4b7cb994baf3] Routing FlowFile[584,99014448153922.mockFlowFile,23B] to original
[main] DEBUG org.apache.nifi.processors.standard.RouteText - RouteText[id=a680ad74-d0b5-404d-9505-4b7cb994baf3] Adding new dynamic property: PropertyDescriptor[simple]
[pool-2615-thread-1] INFO org.apache.nifi.processors.standard.RouteText - RouteText[id=a680ad74-d0b5-404d-9505-4b7cb994baf3] Created FlowFile[587,99014448760491.mockFlowFile,23B] from FlowFile[586,99014448760491.mockFlowFile,23B]; routing to relationship simple
[pool-2615-thread-1] INFO org.apache.nifi.processors.standard.RouteText - RouteText[id=a680ad74-d0b5-404d-9505-4b7cb994baf3] Routing FlowFile[586,99014448760491.mockFlowFile,23B] to original
[main] DEBUG org.apache.nifi.processors.standard.RouteText - RouteText[id=a680ad74-d0b5-404d-9505-4b7cb994baf3] Adding new dynamic property: PropertyDescriptor[simple]
[pool-2616-thread-1] INFO org.apache.nifi.processors.standard.RouteText - RouteText[id=a680ad74-d0b5-404d-9505-4b7cb994baf3] Created FlowFile[589,99014449345415.mockFlowFile,23B] from FlowFile[588,99014449345415.mockFlowFile,23B]; routing to relationship simple
[pool-2616-thread-1] INFO org.apache.nifi.processors.standard.RouteText - RouteText[id=a680ad74-d0b5-404d-9505-4b7cb994baf3] Routing FlowFile[588,99014449345415.mockFlowFile,23B] to original
[main] DEBUG org.apache.nifi.processors.standard.RouteText - RouteText[id=a680ad74-d0b5-404d-9505-4b7cb994baf3] Adding new dynamic property: PropertyDescriptor[simple]
[pool-2617-thread-1] INFO org.apache.nifi.processors.standard.RouteText - RouteText[id=a680ad74-d0b5-404d-9505-4b7cb994baf3] Created FlowFile[591,99014449844378.mockFlowFile,23B] from FlowFile[590,99014449844378.mockFlowFile,23B]; routing to relationship simple
[pool-2617-thread-1] INFO org.apache.nifi.processors.standard.RouteText - RouteText[id=a680ad74-d0b5-404d-9505-4b7cb994baf3] Routing FlowFile[590,99014449844378.mockFlowFile,23B] to original
[main] DEBUG org.apache.nifi.processors.standard.RouteText - RouteText[id=a680ad74-d0b5-404d-9505-4b7cb994baf3] Adding new dynamic property: PropertyDescriptor[simple]
[pool-2618-thread-1] INFO org.apache.nifi.processors.standard.RouteText - RouteText[id=a680ad74-d0b5-404d-9505-4b7cb994baf3] Created FlowFile[593,99014450338355.mockFlowFile,23B] from FlowFile[592,99014450338355.mockFlowFile,23B]; routing to relationship simple
[pool-2618-thread-1] INFO org.apache.nifi.processors.standard.RouteText - RouteText[id=a680ad74-d0b5-404d-9505-4b7cb994baf3] Routing FlowFile[592,99014450338355.mockFlowFile,23B] to original
[main] DEBUG org.apache.nifi.processors.standard.RouteText - RouteText[id=a680ad74-d0b5-404d-9505-4b7cb994baf3] Adding new dynamic property: PropertyDescriptor[simple]
[pool-2619-thread-1] INFO org.apache.nifi.processors.standard.RouteText - RouteText[id=a680ad74-d0b5-404d-9505-4b7cb994baf3] Created FlowFile[595,99014450822490.mockFlowFile,23B] from FlowFile[594,99014450822490.mockFlowFile,23B]; routing to relationship simple
[pool-2619-thread-1] INFO org.apache.nifi.processors.standard.RouteText - RouteText[id=a680ad74-d0b5-404d-9505-4b7cb994baf3] Routing FlowFile[594,99014450822490.mockFlowFile,23B] to original
[main] DEBUG org.apache.nifi.processors.standard.RouteText - RouteText[id=a680ad74-d0b5-404d-9505-4b7cb994baf3] Adding new dynamic property: PropertyDescriptor[simple]
[pool-2620-thread-1] INFO org.apache.nifi.processors.standard.RouteText - RouteText[id=a680ad74-d0b5-404d-9505-4b7cb994baf3] Created FlowFile[597,99014451316759.mockFlowFile,23B] from FlowFile[596,99014451316759.mockFlowFile,23B]; routing to relationship simple
[pool-2620-thread-1] INFO org.apache.nifi.processors.standard.RouteText - RouteText[id=a680ad74-d0b5-404d-9505-4b7cb994baf3] Routing FlowFile[596,99014451316759.mockFlowFile,23B] to original
[main] DEBUG org.apache.nifi.processors.standard.RouteText - RouteText[id=a680ad74-d0b5-404d-9505-4b7cb994baf3] Adding new dynamic property: PropertyDescriptor[simple]
[pool-2621-thread-1] INFO org.apache.nifi.processors.standard.RouteText - RouteText[id=a680ad74-d0b5-404d-9505-4b7cb994baf3] Created FlowFile[599,99014451806923.mockFlowFile,23B] from FlowFile[598,99014451806923.mockFlowFile,23B]; routing to relationship simple
[pool-2621-thread-1] INFO org.apache.nifi.processors.standard.RouteText - RouteText[id=a680ad74-d0b5-404d-9505-4b7cb994baf3] Routing FlowFile[598,99014451806923.mockFlowFile,23B] to original
[main] DEBUG org.apache.nifi.processors.standard.RouteText - RouteText[id=a680ad74-d0b5-404d-9505-4b7cb994baf3] Adding new dynamic property: PropertyDescriptor[simple]
[pool-2622-thread-1] INFO org.apache.nifi.processors.standard.RouteText - RouteText[id=a680ad74-d0b5-404d-9505-4b7cb994baf3] Created FlowFile[601,99014452283671.mockFlowFile,23B] from FlowFile[600,99014452283671.mockFlowFile,23B]; routing to relationship simple
[pool-2622-thread-1] INFO org.apache.nifi.processors.standard.RouteText - RouteText[id=a680ad74-d0b5-404d-9505-4b7cb994baf3] Routing FlowFile[600,99014452283671.mockFlowFile,23B] to original
[main] DEBUG org.apache.nifi.processors.standard.RouteText - RouteText[id=a680ad74-d0b5-404d-9505-4b7cb994baf3] Adding new dynamic property: PropertyDescriptor[simple]
[pool-2623-thread-1] INFO org.apache.nifi.processors.standard.RouteText - RouteText[id=a680ad74-d0b5-404d-9505-4b7cb994baf3] Created FlowFile[603,99014452778159.mockFlowFile,23B] from FlowFile[602,99014452778159.mockFlowFile,23B]; routing to relationship simple
[pool-2623-thread-1] INFO org.apache.nifi.processors.standard.RouteText - RouteText[id=a680ad74-d0b5-404d-9505-4b7cb994baf3] Routing FlowFile[602,99014452778159.mockFlowFile,23B] to original
[main] DEBUG org.apache.nifi.processors.standard.RouteText - RouteText[id=a680ad74-d0b5-404d-9505-4b7cb994baf3] Adding new dynamic property: PropertyDescriptor[simple]
[pool-2624-thread-1] INFO org.apache.nifi.processors.standard.RouteText - RouteText[id=a680ad74-d0b5-404d-9505-4b7cb994baf3] Created FlowFile[605,99014453231665.mockFlowFile,23B] from FlowFile[604,99014453231665.mockFlowFile,23B]; routing to relationship simple
[pool-2624-thread-1] INFO org.apache.nifi.processors.standard.RouteText - RouteText[id=a680ad74-d0b5-404d-9505-4b7cb994baf3] Routing FlowFile[604,99014453231665.mockFlowFile,23B] to original
[main] DEBUG org.apache.nifi.processors.standard.RouteText - RouteText[id=a680ad74-d0b5-404d-9505-4b7cb994baf3] Adding new dynamic property: PropertyDescriptor[simple]
[pool-2625-thread-1] INFO org.apache.nifi.processors.standard.RouteText - RouteText[id=a680ad74-d0b5-404d-9505-4b7cb994baf3] Created FlowFile[607,99014453719525.mockFlowFile,23B] from FlowFile[606,99014453719525.mockFlowFile,23B]; routing to relationship simple
[pool-2625-thread-1] INFO org.apache.nifi.processors.standard.RouteText - RouteText[id=a680ad74-d0b5-404d-9505-4b7cb994baf3] Routing FlowFile[606,99014453719525.mockFlowFile,23B] to original
[main] DEBUG org.apache.nifi.processors.standard.RouteText - RouteText[id=a680ad74-d0b5-404d-9505-4b7cb994baf3] Adding new dynamic property: PropertyDescriptor[simple]
[pool-2626-thread-1] INFO org.apache.nifi.processors.standard.RouteText - RouteText[id=a680ad74-d0b5-404d-9505-4b7cb994baf3] Created FlowFile[609,99014454187601.mockFlowFile,23B] from FlowFile[608,99014454187601.mockFlowFile,23B]; routing to relationship simple
[pool-2626-thread-1] INFO org.apache.nifi.processors.standard.RouteText - RouteText[id=a680ad74-d0b5-404d-9505-4b7cb994baf3] Routing FlowFile[608,99014454187601.mockFlowFile,23B] to original
[main] DEBUG org.apache.nifi.processors.standard.RouteText - RouteText[id=a680ad74-d0b5-404d-9505-4b7cb994baf3] Adding new dynamic property: PropertyDescriptor[simple]
[pool-2627-thread-1] INFO org.apache.nifi.processors.standard.RouteText - RouteText[id=a680ad74-d0b5-404d-9505-4b7cb994baf3] Created FlowFile[611,99014454639641.mockFlowFile,23B] from FlowFile[610,99014454639641.mockFlowFile,23B]; routing to relationship simple
[pool-2627-thread-1] INFO org.apache.nifi.processors.standard.RouteText - RouteText[id=a680ad74-d0b5-404d-9505-4b7cb994baf3] Routing FlowFile[610,99014454639641.mockFlowFile,23B] to original
[main] DEBUG org.apache.nifi.processors.standard.RouteText - RouteText[id=a680ad74-d0b5-404d-9505-4b7cb994baf3] Adding new dynamic property: PropertyDescriptor[simple]
[pool-2628-thread-1] INFO org.apache.nifi.processors.standard.RouteText - RouteText[id=a680ad74-d0b5-404d-9505-4b7cb994baf3] Created FlowFile[613,99014455070630.mockFlowFile,23B] from FlowFile[612,99014455070630.mockFlowFile,23B]; routing to relationship simple
[pool-2628-thread-1] INFO org.apache.nifi.processors.standard.RouteText - RouteText[id=a680ad74-d0b5-404d-9505-4b7cb994baf3] Routing FlowFile[612,99014455070630.mockFlowFile,23B] to original
[main] DEBUG org.apache.nifi.processors.standard.RouteText - RouteText[id=a680ad74-d0b5-404d-9505-4b7cb994baf3] Adding new dynamic property: PropertyDescriptor[simple]
[pool-2629-thread-1] INFO org.apache.nifi.processors.standard.RouteText - RouteText[id=a680ad74-d0b5-404d-9505-4b7cb994baf3] Created FlowFile[615,99014455496166.mockFlowFile,23B] from FlowFile[614,99014455496166.mockFlowFile,23B]; routing to relationship simple
[pool-2629-thread-1] INFO org.apache.nifi.processors.standard.RouteText - RouteText[id=a680ad74-d0b5-404d-9505-4b7cb994baf3] Routing FlowFile[614,99014455496166.mockFlowFile,23B] to original
[main] DEBUG org.apache.nifi.processors.standard.RouteText - RouteText[id=a680ad74-d0b5-404d-9505-4b7cb994baf3] Adding new dynamic property: PropertyDescriptor[simple]
[pool-2630-thread-1] INFO org.apache.nifi.processors.standard.RouteText - RouteText[id=a680ad74-d0b5-404d-9505-4b7cb994baf3] Created FlowFile[617,99014455943961.mockFlowFile,23B] from FlowFile[616,99014455943961.mockFlowFile,23B]; routing to relationship simple
[pool-2630-thread-1] INFO org.apache.nifi.processors.standard.RouteText - RouteText[id=a680ad74-d0b5-404d-9505-4b7cb994baf3] Routing FlowFile[616,99014455943961.mockFlowFile,23B] to original
[main] DEBUG org.apache.nifi.processors.standard.RouteText - RouteText[id=a680ad74-d0b5-404d-9505-4b7cb994baf3] Adding new dynamic property: PropertyDescriptor[simple]
[pool-2631-thread-1] INFO org.apache.nifi.processors.standard.RouteText - RouteText[id=a680ad74-d0b5-404d-9505-4b7cb994baf3] Created FlowFile[619,99014456406409.mockFlowFile,23B] from FlowFile[618,99014456406409.mockFlowFile,23B]; routing to relationship simple
[pool-2631-thread-1] INFO org.apache.nifi.processors.standard.RouteText - RouteText[id=a680ad74-d0b5-404d-9505-4b7cb994baf3] Routing FlowFile[618,99014456406409.mockFlowFile,23B] to original
[main] DEBUG org.apache.nifi.processors.standard.RouteText - RouteText[id=a680ad74-d0b5-404d-9505-4b7cb994baf3] Adding new dynamic property: PropertyDescriptor[simple]
[pool-2632-thread-1] INFO org.apache.nifi.processors.standard.RouteText - RouteText[id=a680ad74-d0b5-404d-9505-4b7cb994baf3] Created FlowFile[621,99014456849420.mockFlowFile,23B] from FlowFile[620,99014456849420.mockFlowFile,23B]; routing to relationship simple
[pool-2632-thread-1] INFO org.apache.nifi.processors.standard.RouteText - RouteText[id=a680ad74-d0b5-404d-9505-4b7cb994baf3] Routing FlowFile[620,99014456849420.mockFlowFile,23B] to original
[main] DEBUG org.apache.nifi.processors.standard.RouteText - RouteText[id=a680ad74-d0b5-404d-9505-4b7cb994baf3] Adding new dynamic property: PropertyDescriptor[simple]
[pool-2633-thread-1] INFO org.apache.nifi.processors.standard.RouteText - RouteText[id=a680ad74-d0b5-404d-9505-4b7cb994baf3] Created FlowFile[623,99014457290000.mockFlowFile,23B] from FlowFile[622,99014457290000.mockFlowFile,23B]; routing to relationship simple
[pool-2633-thread-1] INFO org.apache.nifi.processors.standard.RouteText - RouteText[id=a680ad74-d0b5-404d-9505-4b7cb994baf3] Routing FlowFile[622,99014457290000.mockFlowFile,23B] to original
[main] DEBUG org.apache.nifi.processors.standard.RouteText - RouteText[id=a680ad74-d0b5-404d-9505-4b7cb994baf3] Adding new dynamic property: PropertyDescriptor[simple]
[pool-2634-thread-1] INFO org.apache.nifi.processors.standard.RouteText - RouteText[id=a680ad74-d0b5-404d-9505-4b7cb994baf3] Created FlowFile[625,99014457745095.mockFlowFile,23B] from FlowFile[624,99014457745095.mockFlowFile,23B]; routing to relationship simple
[pool-2634-thread-1] INFO org.apache.nifi.processors.standard.RouteText - RouteText[id=a680ad74-d0b5-404d-9505-4b7cb994baf3] Routing FlowFile[624,99014457745095.mockFlowFile,23B] to original
[main] DEBUG org.apache.nifi.processors.standard.RouteText - RouteText[id=a680ad74-d0b5-404d-9505-4b7cb994baf3] Adding new dynamic property: PropertyDescriptor[simple]
[pool-2635-thread-1] INFO org.apache.nifi.processors.standard.RouteText - RouteText[id=a680ad74-d0b5-404d-9505-4b7cb994baf3] Created FlowFile[627,99014458215330.mockFlowFile,23B] from FlowFile[626,99014458215330.mockFlowFile,23B]; routing to relationship simple
[pool-2635-thread-1] INFO org.apache.nifi.processors.standard.RouteText - RouteText[id=a680ad74-d0b5-404d-9505-4b7cb994baf3] Routing FlowFile[626,99014458215330.mockFlowFile,23B] to original
[main] DEBUG org.apache.nifi.processors.standard.RouteText - RouteText[id=a680ad74-d0b5-404d-9505-4b7cb994baf3] Adding new dynamic property: PropertyDescriptor[simple]
[pool-2636-thread-1] INFO org.apache.nifi.processors.standard.RouteText - RouteText[id=a680ad74-d0b5-404d-9505-4b7cb994baf3] Created FlowFile[629,99014458671627.mockFlowFile,23B] from FlowFile[628,99014458671627.mockFlowFile,23B]; routing to relationship simple
[pool-2636-thread-1] INFO org.apache.nifi.processors.standard.RouteText - RouteText[id=a680ad74-d0b5-404d-9505-4b7cb994baf3] Routing FlowFile[628,99014458671627.mockFlowFile,23B] to original
[main] DEBUG org.apache.nifi.processors.standard.RouteText - RouteText[id=a680ad74-d0b5-404d-9505-4b7cb994baf3] Adding new dynamic property: PropertyDescriptor[simple]
[pool-2637-thread-1] INFO org.apache.nifi.processors.standard.RouteText - RouteText[id=a680ad74-d0b5-404d-9505-4b7cb994baf3] Created FlowFile[631,99014459118985.mockFlowFile,23B] from FlowFile[630,99014459118985.mockFlowFile,23B]; routing to relationship simple
[pool-2637-thread-1] INFO org.apache.nifi.processors.standard.RouteText - RouteText[id=a680ad74-d0b5-404d-9505-4b7cb994baf3] Routing FlowFile[630,99014459118985.mockFlowFile,23B] to original
[main] DEBUG org.apache.nifi.processors.standard.RouteText - RouteText[id=a680ad74-d0b5-404d-9505-4b7cb994baf3] Adding new dynamic property: PropertyDescriptor[simple]
[pool-2638-thread-1] INFO org.apache.nifi.processors.standard.RouteText - RouteText[id=a680ad74-d0b5-404d-9505-4b7cb994baf3] Created FlowFile[633,99014459563924.mockFlowFile,23B] from FlowFile[632,99014459563924.mockFlowFile,23B]; routing to relationship simple
[pool-2638-thread-1] INFO org.apache.nifi.processors.standard.RouteText - RouteText[id=a680ad74-d0b5-404d-9505-4b7cb994baf3] Routing FlowFile[632,99014459563924.mockFlowFile,23B] to original
[main] DEBUG org.apache.nifi.processors.standard.RouteText - RouteText[id=a680ad74-d0b5-404d-9505-4b7cb994baf3] Adding new dynamic property: PropertyDescriptor[simple]
[pool-2639-thread-1] INFO org.apache.nifi.processors.standard.RouteText - RouteText[id=a680ad74-d0b5-404d-9505-4b7cb994baf3] Created FlowFile[635,99014460047020.mockFlowFile,23B] from FlowFile[634,99014460047020.mockFlowFile,23B]; routing to relationship simple
[pool-2639-thread-1] INFO org.apache.nifi.processors.standard.RouteText - RouteText[id=a680ad74-d0b5-404d-9505-4b7cb994baf3] Routing FlowFile[634,99014460047020.mockFlowFile,23B] to original
[main] DEBUG org.apache.nifi.processors.standard.RouteText - RouteText[id=a680ad74-d0b5-404d-9505-4b7cb994baf3] Adding new dynamic property: PropertyDescriptor[simple]
[pool-2640-thread-1] INFO org.apache.nifi.processors.standard.RouteText - RouteText[id=a680ad74-d0b5-404d-9505-4b7cb994baf3] Created FlowFile[637,99014460518408.mockFlowFile,23B] from FlowFile[636,99014460518408.mockFlowFile,23B]; routing to relationship simple
[pool-2640-thread-1] INFO org.apache.nifi.processors.standard.RouteText - RouteText[id=a680ad74-d0b5-404d-9505-4b7cb994baf3] Routing FlowFile[636,99014460518408.mockFlowFile,23B] to original
[main] DEBUG org.apache.nifi.processors.standard.RouteText - RouteText[id=a680ad74-d0b5-404d-9505-4b7cb994baf3] Adding new dynamic property: PropertyDescriptor[simple]
[pool-2641-thread-1] INFO org.apache.nifi.processors.standard.RouteText - RouteText[id=a680ad74-d0b5-404d-9505-4b7cb994baf3] Created FlowFile[639,99014460981781.mockFlowFile,23B] from FlowFile[638,99014460981781.mockFlowFile,23B]; routing to relationship simple
[pool-2641-thread-1] INFO org.apache.nifi.processors.standard.RouteText - RouteText[id=a680ad74-d0b5-404d-9505-4b7cb994baf3] Routing FlowFile[638,99014460981781.mockFlowFile,23B] to original
[main] DEBUG org.apache.nifi.processors.standard.RouteText - RouteText[id=a680ad74-d0b5-404d-9505-4b7cb994baf3] Adding new dynamic property: PropertyDescriptor[simple]
[pool-2642-thread-1] INFO org.apache.nifi.processors.standard.RouteText - RouteText[id=a680ad74-d0b5-404d-9505-4b7cb994baf3] Created FlowFile[641,99014461453304.mockFlowFile,23B] from FlowFile[640,99014461453304.mockFlowFile,23B]; routing to relationship simple
[pool-2642-thread-1] INFO org.apache.nifi.processors.standard.RouteText - RouteText[id=a680ad74-d0b5-404d-9505-4b7cb994baf3] Routing FlowFile[640,99014461453304.mockFlowFile,23B] to original
[main] DEBUG org.apache.nifi.processors.standard.RouteText - RouteText[id=a680ad74-d0b5-404d-9505-4b7cb994baf3] Adding new dynamic property: PropertyDescriptor[simple]
[pool-2643-thread-1] INFO org.apache.nifi.processors.standard.RouteText - RouteText[id=a680ad74-d0b5-404d-9505-4b7cb994baf3] Created FlowFile[643,99014461957239.mockFlowFile,23B] from FlowFile[642,99014461957239.mockFlowFile,23B]; routing to relationship simple
[pool-2643-thread-1] INFO org.apache.nifi.processors.standard.RouteText - RouteText[id=a680ad74-d0b5-404d-9505-4b7cb994baf3] Routing FlowFile[642,99014461957239.mockFlowFile,23B] to original
[main] DEBUG org.apache.nifi.processors.standard.RouteText - RouteText[id=a680ad74-d0b5-404d-9505-4b7cb994baf3] Adding new dynamic property: PropertyDescriptor[simple]
[pool-2644-thread-1] INFO org.apache.nifi.processors.standard.RouteText - RouteText[id=a680ad74-d0b5-404d-9505-4b7cb994baf3] Created FlowFile[645,99014462503795.mockFlowFile,23B] from FlowFile[644,99014462503795.mockFlowFile,23B]; routing to relationship simple
[pool-2644-thread-1] INFO org.apache.nifi.processors.standard.RouteText - RouteText[id=a680ad74-d0b5-404d-9505-4b7cb994baf3] Routing FlowFile[644,99014462503795.mockFlowFile,23B] to original
[main] DEBUG org.apache.nifi.processors.standard.RouteText - RouteText[id=a680ad74-d0b5-404d-9505-4b7cb994baf3] Adding new dynamic property: PropertyDescriptor[simple]
[pool-2645-thread-1] INFO org.apache.nifi.processors.standard.RouteText - RouteText[id=a680ad74-d0b5-404d-9505-4b7cb994baf3] Created FlowFile[647,99014463088002.mockFlowFile,23B] from FlowFile[646,99014463088002.mockFlowFile,23B]; routing to relationship simple
[pool-2645-thread-1] INFO org.apache.nifi.processors.standard.RouteText - RouteText[id=a680ad74-d0b5-404d-9505-4b7cb994baf3] Routing FlowFile[646,99014463088002.mockFlowFile,23B] to original
[main] DEBUG org.apache.nifi.processors.standard.RouteText - RouteText[id=a680ad74-d0b5-404d-9505-4b7cb994baf3] Adding new dynamic property: PropertyDescriptor[simple]
[pool-2646-thread-1] INFO org.apache.nifi.processors.standard.RouteText - RouteText[id=a680ad74-d0b5-404d-9505-4b7cb994baf3] Created FlowFile[649,99014463636200.mockFlowFile,23B] from FlowFile[648,99014463636200.mockFlowFile,23B]; routing to relationship simple
[pool-2646-thread-1] INFO org.apache.nifi.processors.standard.RouteText - RouteText[id=a680ad74-d0b5-404d-9505-4b7cb994baf3] Routing FlowFile[648,99014463636200.mockFlowFile,23B] to original
[main] DEBUG org.apache.nifi.processors.standard.RouteText - RouteText[id=a680ad74-d0b5-404d-9505-4b7cb994baf3] Adding new dynamic property: PropertyDescriptor[simple]
[pool-2647-thread-1] INFO org.apache.nifi.processors.standard.RouteText - RouteText[id=a680ad74-d0b5-404d-9505-4b7cb994baf3] Created FlowFile[651,99014464095537.mockFlowFile,23B] from FlowFile[650,99014464095537.mockFlowFile,23B]; routing to relationship simple
[pool-2647-thread-1] INFO org.apache.nifi.processors.standard.RouteText - RouteText[id=a680ad74-d0b5-404d-9505-4b7cb994baf3] Routing FlowFile[650,99014464095537.mockFlowFile,23B] to original
[main] DEBUG org.apache.nifi.processors.standard.RouteText - RouteText[id=a680ad74-d0b5-404d-9505-4b7cb994baf3] Adding new dynamic property: PropertyDescriptor[simple]
[pool-2648-thread-1] INFO org.apache.nifi.processors.standard.RouteText - RouteText[id=a680ad74-d0b5-404d-9505-4b7cb994baf3] Created FlowFile[653,99014464586552.mockFlowFile,23B] from FlowFile[652,99014464586552.mockFlowFile,23B]; routing to relationship simple
[pool-2648-thread-1] INFO org.apache.nifi.processors.standard.RouteText - RouteText[id=a680ad74-d0b5-404d-9505-4b7cb994baf3] Routing FlowFile[652,99014464586552.mockFlowFile,23B] to original
[main] DEBUG org.apache.nifi.processors.standard.RouteText - RouteText[id=a680ad74-d0b5-404d-9505-4b7cb994baf3] Adding new dynamic property: PropertyDescriptor[simple]
[pool-2649-thread-1] INFO org.apache.nifi.processors.standard.RouteText - RouteText[id=a680ad74-d0b5-404d-9505-4b7cb994baf3] Created FlowFile[655,99014481893246.mockFlowFile,23B] from FlowFile[654,99014481893246.mockFlowFile,23B]; routing to relationship simple
[pool-2649-thread-1] INFO org.apache.nifi.processors.standard.RouteText - RouteText[id=a680ad74-d0b5-404d-9505-4b7cb994baf3] Routing FlowFile[654,99014481893246.mockFlowFile,23B] to original
[main] DEBUG org.apache.nifi.processors.standard.RouteText - RouteText[id=a680ad74-d0b5-404d-9505-4b7cb994baf3] Adding new dynamic property: PropertyDescriptor[simple]
[pool-2650-thread-1] INFO org.apache.nifi.processors.standard.RouteText - RouteText[id=a680ad74-d0b5-404d-9505-4b7cb994baf3] Created FlowFile[657,99014482436388.mockFlowFile,23B] from FlowFile[656,99014482436388.mockFlowFile,23B]; routing to relationship simple
[pool-2650-thread-1] INFO org.apache.nifi.processors.standard.RouteText - RouteText[id=a680ad74-d0b5-404d-9505-4b7cb994baf3] Routing FlowFile[656,99014482436388.mockFlowFile,23B] to original
[main] DEBUG org.apache.nifi.processors.standard.RouteText - RouteText[id=a680ad74-d0b5-404d-9505-4b7cb994baf3] Adding new dynamic property: PropertyDescriptor[simple]
[pool-2651-thread-1] INFO org.apache.nifi.processors.standard.RouteText - RouteText[id=a680ad74-d0b5-404d-9505-4b7cb994baf3] Created FlowFile[659,99014483042882.mockFlowFile,23B] from FlowFile[658,99014483042882.mockFlowFile,23B]; routing to relationship simple
[pool-2651-thread-1] INFO org.apache.nifi.processors.standard.RouteText - RouteText[id=a680ad74-d0b5-404d-9505-4b7cb994baf3] Routing FlowFile[658,99014483042882.mockFlowFile,23B] to original
[main] DEBUG org.apache.nifi.processors.standard.RouteText - RouteText[id=a680ad74-d0b5-404d-9505-4b7cb994baf3] Adding new dynamic property: PropertyDescriptor[simple]
[pool-2652-thread-1] INFO org.apache.nifi.processors.standard.RouteText - RouteText[id=a680ad74-d0b5-404d-9505-4b7cb994baf3] Created FlowFile[661,99014483566738.mockFlowFile,23B] from FlowFile[660,99014483566738.mockFlowFile,23B]; routing to relationship simple
[pool-2652-thread-1] INFO org.apache.nifi.processors.standard.RouteText - RouteText[id=a680ad74-d0b5-404d-9505-4b7cb994baf3] Routing FlowFile[660,99014483566738.mockFlowFile,23B] to original
[main] DEBUG org.apache.nifi.processors.standard.RouteText - RouteText[id=a680ad74-d0b5-404d-9505-4b7cb994baf3] Adding new dynamic property: PropertyDescriptor[simple]
[pool-2653-thread-1] INFO org.apache.nifi.processors.standard.RouteText - RouteText[id=a680ad74-d0b5-404d-9505-4b7cb994baf3] Created FlowFile[663,99014484129678.mockFlowFile,23B] from FlowFile[662,99014484129678.mockFlowFile,23B]; routing to relationship simple
[pool-2653-thread-1] INFO org.apache.nifi.processors.standard.RouteText - RouteText[id=a680ad74-d0b5-404d-9505-4b7cb994baf3] Routing FlowFile[662,99014484129678.mockFlowFile,23B] to original
[main] DEBUG org.apache.nifi.processors.standard.RouteText - RouteText[id=a680ad74-d0b5-404d-9505-4b7cb994baf3] Adding new dynamic property: PropertyDescriptor[simple]
[pool-2654-thread-1] INFO org.apache.nifi.processors.standard.RouteText - RouteText[id=a680ad74-d0b5-404d-9505-4b7cb994baf3] Created FlowFile[665,99014484636817.mockFlowFile,23B] from FlowFile[664,99014484636817.mockFlowFile,23B]; routing to relationship simple
[pool-2654-thread-1] INFO org.apache.nifi.processors.standard.RouteText - RouteText[id=a680ad74-d0b5-404d-9505-4b7cb994baf3] Routing FlowFile[664,99014484636817.mockFlowFile,23B] to original
[main] DEBUG org.apache.nifi.processors.standard.RouteText - RouteText[id=a680ad74-d0b5-404d-9505-4b7cb994baf3] Adding new dynamic property: PropertyDescriptor[simple]
[pool-2655-thread-1] INFO org.apache.nifi.processors.standard.RouteText - RouteText[id=a680ad74-d0b5-404d-9505-4b7cb994baf3] Created FlowFile[667,99014485177864.mockFlowFile,23B] from FlowFile[666,99014485177864.mockFlowFile,23B]; routing to relationship simple
[pool-2655-thread-1] INFO org.apache.nifi.processors.standard.RouteText - RouteText[id=a680ad74-d0b5-404d-9505-4b7cb994baf3] Routing FlowFile[666,99014485177864.mockFlowFile,23B] to original
[main] DEBUG org.apache.nifi.processors.standard.RouteText - RouteText[id=a680ad74-d0b5-404d-9505-4b7cb994baf3] Adding new dynamic property: PropertyDescriptor[simple]
[pool-2656-thread-1] INFO org.apache.nifi.processors.standard.RouteText - RouteText[id=a680ad74-d0b5-404d-9505-4b7cb994baf3] Created FlowFile[669,99014485687192.mockFlowFile,23B] from FlowFile[668,99014485687192.mockFlowFile,23B]; routing to relationship simple
[pool-2656-thread-1] INFO org.apache.nifi.processors.standard.RouteText - RouteText[id=a680ad74-d0b5-404d-9505-4b7cb994baf3] Routing FlowFile[668,99014485687192.mockFlowFile,23B] to original
[main] DEBUG org.apache.nifi.processors.standard.RouteText - RouteText[id=a680ad74-d0b5-404d-9505-4b7cb994baf3] Adding new dynamic property: PropertyDescriptor[simple]
[pool-2657-thread-1] INFO org.apache.nifi.processors.standard.RouteText - RouteText[id=a680ad74-d0b5-404d-9505-4b7cb994baf3] Created FlowFile[671,99014486262305.mockFlowFile,23B] from FlowFile[670,99014486262305.mockFlowFile,23B]; routing to relationship simple
[pool-2657-thread-1] INFO org.apache.nifi.processors.standard.RouteText - RouteText[id=a680ad74-d0b5-404d-9505-4b7cb994baf3] Routing FlowFile[670,99014486262305.mockFlowFile,23B] to original
[main] DEBUG org.apache.nifi.processors.standard.RouteText - RouteText[id=a680ad74-d0b5-404d-9505-4b7cb994baf3] Adding new dynamic property: PropertyDescriptor[simple]
[pool-2658-thread-1] INFO org.apache.nifi.processors.standard.RouteText - RouteText[id=a680ad74-d0b5-404d-9505-4b7cb994baf3] Created FlowFile[673,99014486819704.mockFlowFile,23B] from FlowFile[672,99014486819704.mockFlowFile,23B]; routing to relationship simple
[pool-2658-thread-1] INFO org.apache.nifi.processors.standard.RouteText - RouteText[id=a680ad74-d0b5-404d-9505-4b7cb994baf3] Routing FlowFile[672,99014486819704.mockFlowFile,23B] to original
[main] DEBUG org.apache.nifi.processors.standard.RouteText - RouteText[id=a680ad74-d0b5-404d-9505-4b7cb994baf3] Adding new dynamic property: PropertyDescriptor[simple]
[pool-2659-thread-1] INFO org.apache.nifi.processors.standard.RouteText - RouteText[id=a680ad74-d0b5-404d-9505-4b7cb994baf3] Created FlowFile[675,99014487409343.mockFlowFile,23B] from FlowFile[674,99014487409343.mockFlowFile,23B]; routing to relationship simple
[pool-2659-thread-1] INFO org.apache.nifi.processors.standard.RouteText - RouteText[id=a680ad74-d0b5-404d-9505-4b7cb994baf3] Routing FlowFile[674,99014487409343.mockFlowFile,23B] to original
[main] DEBUG org.apache.nifi.processors.standard.RouteText - RouteText[id=a680ad74-d0b5-404d-9505-4b7cb994baf3] Adding new dynamic property: PropertyDescriptor[simple]
[pool-2660-thread-1] INFO org.apache.nifi.processors.standard.RouteText - RouteText[id=a680ad74-d0b5-404d-9505-4b7cb994baf3] Created FlowFile[677,99014488031732.mockFlowFile,23B] from FlowFile[676,99014488031732.mockFlowFile,23B]; routing to relationship simple
[pool-2660-thread-1] INFO org.apache.nifi.processors.standard.RouteText - RouteText[id=a680ad74-d0b5-404d-9505-4b7cb994baf3] Routing FlowFile[676,99014488031732.mockFlowFile,23B] to original
[main] DEBUG org.apache.nifi.processors.standard.RouteText - RouteText[id=a680ad74-d0b5-404d-9505-4b7cb994baf3] Adding new dynamic property: PropertyDescriptor[simple]
[pool-2661-thread-1] INFO org.apache.nifi.processors.standard.RouteText - RouteText[id=a680ad74-d0b5-404d-9505-4b7cb994baf3] Created FlowFile[679,99014488650664.mockFlowFile,23B] from FlowFile[678,99014488650664.mockFlowFile,23B]; routing to relationship simple
[pool-2661-thread-1] INFO org.apache.nifi.processors.standard.RouteText - RouteText[id=a680ad74-d0b5-404d-9505-4b7cb994baf3] Routing FlowFile[678,99014488650664.mockFlowFile,23B] to original
[main] DEBUG org.apache.nifi.processors.standard.RouteText - RouteText[id=a680ad74-d0b5-404d-9505-4b7cb994baf3] Adding new dynamic property: PropertyDescriptor[simple]
[pool-2662-thread-1] INFO org.apache.nifi.processors.standard.RouteText - RouteText[id=a680ad74-d0b5-404d-9505-4b7cb994baf3] Created FlowFile[681,99014489288714.mockFlowFile,23B] from FlowFile[680,99014489288714.mockFlowFile,23B]; routing to relationship simple
[pool-2662-thread-1] INFO org.apache.nifi.processors.standard.RouteText - RouteText[id=a680ad74-d0b5-404d-9505-4b7cb994baf3] Routing FlowFile[680,99014489288714.mockFlowFile,23B] to original
[main] DEBUG org.apache.nifi.processors.standard.RouteText - RouteText[id=a680ad74-d0b5-404d-9505-4b7cb994baf3] Adding new dynamic property: PropertyDescriptor[simple]
[pool-2663-thread-1] INFO org.apache.nifi.processors.standard.RouteText - RouteText[id=a680ad74-d0b5-404d-9505-4b7cb994baf3] Created FlowFile[683,99014489873252.mockFlowFile,23B] from FlowFile[682,99014489873252.mockFlowFile,23B]; routing to relationship simple
[pool-2663-thread-1] INFO org.apache.nifi.processors.standard.RouteText - RouteText[id=a680ad74-d0b5-404d-9505-4b7cb994baf3] Routing FlowFile[682,99014489873252.mockFlowFile,23B] to original
[main] DEBUG org.apache.nifi.processors.standard.RouteText - RouteText[id=a680ad74-d0b5-404d-9505-4b7cb994baf3] Adding new dynamic property: PropertyDescriptor[simple]
[pool-2664-thread-1] INFO org.apache.nifi.processors.standard.RouteText - RouteText[id=a680ad74-d0b5-404d-9505-4b7cb994baf3] Created FlowFile[685,99014490431573.mockFlowFile,23B] from FlowFile[684,99014490431573.mockFlowFile,23B]; routing to relationship simple
[pool-2664-thread-1] INFO org.apache.nifi.processors.standard.RouteText - RouteText[id=a680ad74-d0b5-404d-9505-4b7cb994baf3] Routing FlowFile[684,99014490431573.mockFlowFile,23B] to original
[main] DEBUG org.apache.nifi.processors.standard.RouteText - RouteText[id=a680ad74-d0b5-404d-9505-4b7cb994baf3] Adding new dynamic property: PropertyDescriptor[simple]
[pool-2665-thread-1] INFO org.apache.nifi.processors.standard.RouteText - RouteText[id=a680ad74-d0b5-404d-9505-4b7cb994baf3] Created FlowFile[687,99014491104328.mockFlowFile,23B] from FlowFile[686,99014491104328.mockFlowFile,23B]; routing to relationship simple
[pool-2665-thread-1] INFO org.apache.nifi.processors.standard.RouteText - RouteText[id=a680ad74-d0b5-404d-9505-4b7cb994baf3] Routing FlowFile[686,99014491104328.mockFlowFile,23B] to original
[main] DEBUG org.apache.nifi.processors.standard.RouteText - RouteText[id=a680ad74-d0b5-404d-9505-4b7cb994baf3] Adding new dynamic property: PropertyDescriptor[simple]
[pool-2666-thread-1] INFO org.apache.nifi.processors.standard.RouteText - RouteText[id=a680ad74-d0b5-404d-9505-4b7cb994baf3] Created FlowFile[689,99014491705831.mockFlowFile,23B] from FlowFile[688,99014491705831.mockFlowFile,23B]; routing to relationship simple
[pool-2666-thread-1] INFO org.apache.nifi.processors.standard.RouteText - RouteText[id=a680ad74-d0b5-404d-9505-4b7cb994baf3] Routing FlowFile[688,99014491705831.mockFlowFile,23B] to original
[main] DEBUG org.apache.nifi.processors.standard.RouteText - RouteText[id=a680ad74-d0b5-404d-9505-4b7cb994baf3] Adding new dynamic property: PropertyDescriptor[simple]
[pool-2667-thread-1] INFO org.apache.nifi.processors.standard.RouteText - RouteText[id=a680ad74-d0b5-404d-9505-4b7cb994baf3] Created FlowFile[691,99014492327577.mockFlowFile,23B] from FlowFile[690,99014492327577.mockFlowFile,23B]; routing to relationship simple
[pool-2667-thread-1] INFO org.apache.nifi.processors.standard.RouteText - RouteText[id=a680ad74-d0b5-404d-9505-4b7cb994baf3] Routing FlowFile[690,99014492327577.mockFlowFile,23B] to original
[main] DEBUG org.apache.nifi.processors.standard.RouteText - RouteText[id=a680ad74-d0b5-404d-9505-4b7cb994baf3] Adding new dynamic property: PropertyDescriptor[simple]
[pool-2668-thread-1] INFO org.apache.nifi.processors.standard.RouteText - RouteText[id=a680ad74-d0b5-404d-9505-4b7cb994baf3] Created FlowFile[693,99014493026068.mockFlowFile,23B] from FlowFile[692,99014493026068.mockFlowFile,23B]; routing to relationship simple
[pool-2668-thread-1] INFO org.apache.nifi.processors.standard.RouteText - RouteText[id=a680ad74-d0b5-404d-9505-4b7cb994baf3] Routing FlowFile[692,99014493026068.mockFlowFile,23B] to original
[main] DEBUG org.apache.nifi.processors.standard.RouteText - RouteText[id=a680ad74-d0b5-404d-9505-4b7cb994baf3] Adding new dynamic property: PropertyDescriptor[simple]
[pool-2669-thread-1] INFO org.apache.nifi.processors.standard.RouteText - RouteText[id=a680ad74-d0b5-404d-9505-4b7cb994baf3] Created FlowFile[695,99014493685776.mockFlowFile,23B] from FlowFile[694,99014493685776.mockFlowFile,23B]; routing to relationship simple
[pool-2669-thread-1] INFO org.apache.nifi.processors.standard.RouteText - RouteText[id=a680ad74-d0b5-404d-9505-4b7cb994baf3] Routing FlowFile[694,99014493685776.mockFlowFile,23B] to original
[main] DEBUG org.apache.nifi.processors.standard.RouteText - RouteText[id=a680ad74-d0b5-404d-9505-4b7cb994baf3] Adding new dynamic property: PropertyDescriptor[simple]
[pool-2670-thread-1] INFO org.apache.nifi.processors.standard.RouteText - RouteText[id=a680ad74-d0b5-404d-9505-4b7cb994baf3] Created FlowFile[697,99014494255112.mockFlowFile,23B] from FlowFile[696,99014494255112.mockFlowFile,23B]; routing to relationship simple
[pool-2670-thread-1] INFO org.apache.nifi.processors.standard.RouteText - RouteText[id=a680ad74-d0b5-404d-9505-4b7cb994baf3] Routing FlowFile[696,99014494255112.mockFlowFile,23B] to original
[main] DEBUG org.apache.nifi.processors.standard.RouteText - RouteText[id=a680ad74-d0b5-404d-9505-4b7cb994baf3] Adding new dynamic property: PropertyDescriptor[simple]
[pool-2671-thread-1] INFO org.apache.nifi.processors.standard.RouteText - RouteText[id=a680ad74-d0b5-404d-9505-4b7cb994baf3] Created FlowFile[699,99014494832450.mockFlowFile,23B] from FlowFile[698,99014494832450.mockFlowFile,23B]; routing to relationship simple
[pool-2671-thread-1] INFO org.apache.nifi.processors.standard.RouteText - RouteText[id=a680ad74-d0b5-404d-9505-4b7cb994baf3] Routing FlowFile[698,99014494832450.mockFlowFile,23B] to original
[main] DEBUG org.apache.nifi.processors.standard.RouteText - RouteText[id=a680ad74-d0b5-404d-9505-4b7cb994baf3] Adding new dynamic property: PropertyDescriptor[simple]
[pool-2672-thread-1] INFO org.apache.nifi.processors.standard.RouteText - RouteText[id=a680ad74-d0b5-404d-9505-4b7cb994baf3] Created FlowFile[701,99014495366639.mockFlowFile,23B] from FlowFile[700,99014495366639.mockFlowFile,23B]; routing to relationship simple
[pool-2672-thread-1] INFO org.apache.nifi.processors.standard.RouteText - RouteText[id=a680ad74-d0b5-404d-9505-4b7cb994baf3] Routing FlowFile[700,99014495366639.mockFlowFile,23B] to original
[main] DEBUG org.apache.nifi.processors.standard.RouteText - RouteText[id=a680ad74-d0b5-404d-9505-4b7cb994baf3] Adding new dynamic property: PropertyDescriptor[simple]
[pool-2673-thread-1] INFO org.apache.nifi.processors.standard.RouteText - RouteText[id=a680ad74-d0b5-404d-9505-4b7cb994baf3] Created FlowFile[703,99014495907674.mockFlowFile,23B] from FlowFile[702,99014495907674.mockFlowFile,23B]; routing to relationship simple
[pool-2673-thread-1] INFO org.apache.nifi.processors.standard.RouteText - RouteText[id=a680ad74-d0b5-404d-9505-4b7cb994baf3] Routing FlowFile[702,99014495907674.mockFlowFile,23B] to original
[main] DEBUG org.apache.nifi.processors.standard.RouteText - RouteText[id=a680ad74-d0b5-404d-9505-4b7cb994baf3] Adding new dynamic property: PropertyDescriptor[simple]
[pool-2674-thread-1] INFO org.apache.nifi.processors.standard.RouteText - RouteText[id=a680ad74-d0b5-404d-9505-4b7cb994baf3] Created FlowFile[705,99014496454021.mockFlowFile,23B] from FlowFile[704,99014496454021.mockFlowFile,23B]; routing to relationship simple
[pool-2674-thread-1] INFO org.apache.nifi.processors.standard.RouteText - RouteText[id=a680ad74-d0b5-404d-9505-4b7cb994baf3] Routing FlowFile[704,99014496454021.mockFlowFile,23B] to original
[main] DEBUG org.apache.nifi.processors.standard.RouteText - RouteText[id=a680ad74-d0b5-404d-9505-4b7cb994baf3] Adding new dynamic property: PropertyDescriptor[simple]
[pool-2675-thread-1] INFO org.apache.nifi.processors.standard.RouteText - RouteText[id=a680ad74-d0b5-404d-9505-4b7cb994baf3] Created FlowFile[707,99014496994585.mockFlowFile,23B] from FlowFile[706,99014496994585.mockFlowFile,23B]; routing to relationship simple
[pool-2675-thread-1] INFO org.apache.nifi.processors.standard.RouteText - RouteText[id=a680ad74-d0b5-404d-9505-4b7cb994baf3] Routing FlowFile[706,99014496994585.mockFlowFile,23B] to original
[main] DEBUG org.apache.nifi.processors.standard.RouteText - RouteText[id=a680ad74-d0b5-404d-9505-4b7cb994baf3] Adding new dynamic property: PropertyDescriptor[simple]
[pool-2676-thread-1] INFO org.apache.nifi.processors.standard.RouteText - RouteText[id=a680ad74-d0b5-404d-9505-4b7cb994baf3] Created FlowFile[709,99014497510342.mockFlowFile,23B] from FlowFile[708,99014497510342.mockFlowFile,23B]; routing to relationship simple
[pool-2676-thread-1] INFO org.apache.nifi.processors.standard.RouteText - RouteText[id=a680ad74-d0b5-404d-9505-4b7cb994baf3] Routing FlowFile[708,99014497510342.mockFlowFile,23B] to original
[main] DEBUG org.apache.nifi.processors.standard.RouteText - RouteText[id=a680ad74-d0b5-404d-9505-4b7cb994baf3] Adding new dynamic property: PropertyDescriptor[simple]
[pool-2677-thread-1] INFO org.apache.nifi.processors.standard.RouteText - RouteText[id=a680ad74-d0b5-404d-9505-4b7cb994baf3] Created FlowFile[711,99014498034134.mockFlowFile,23B] from FlowFile[710,99014498034134.mockFlowFile,23B]; routing to relationship simple
[pool-2677-thread-1] INFO org.apache.nifi.processors.standard.RouteText - RouteText[id=a680ad74-d0b5-404d-9505-4b7cb994baf3] Routing FlowFile[710,99014498034134.mockFlowFile,23B] to original
[main] DEBUG org.apache.nifi.processors.standard.RouteText - RouteText[id=a680ad74-d0b5-404d-9505-4b7cb994baf3] Adding new dynamic property: PropertyDescriptor[simple]
[pool-2678-thread-1] INFO org.apache.nifi.processors.standard.RouteText - RouteText[id=a680ad74-d0b5-404d-9505-4b7cb994baf3] Created FlowFile[713,99014498539199.mockFlowFile,23B] from FlowFile[712,99014498539199.mockFlowFile,23B]; routing to relationship simple
[pool-2678-thread-1] INFO org.apache.nifi.processors.standard.RouteText - RouteText[id=a680ad74-d0b5-404d-9505-4b7cb994baf3] Routing FlowFile[712,99014498539199.mockFlowFile,23B] to original
[main] DEBUG org.apache.nifi.processors.standard.RouteText - RouteText[id=a680ad74-d0b5-404d-9505-4b7cb994baf3] Adding new dynamic property: PropertyDescriptor[simple]
[pool-2679-thread-1] INFO org.apache.nifi.processors.standard.RouteText - RouteText[id=a680ad74-d0b5-404d-9505-4b7cb994baf3] Created FlowFile[715,99014499344397.mockFlowFile,23B] from FlowFile[714,99014499344397.mockFlowFile,23B]; routing to relationship simple
[pool-2679-thread-1] INFO org.apache.nifi.processors.standard.RouteText - RouteText[id=a680ad74-d0b5-404d-9505-4b7cb994baf3] Routing FlowFile[714,99014499344397.mockFlowFile,23B] to original
[main] DEBUG org.apache.nifi.processors.standard.RouteText - RouteText[id=a680ad74-d0b5-404d-9505-4b7cb994baf3] Adding new dynamic property: PropertyDescriptor[simple]
[pool-2680-thread-1] INFO org.apache.nifi.processors.standard.RouteText - RouteText[id=a680ad74-d0b5-404d-9505-4b7cb994baf3] Created FlowFile[717,99014499996301.mockFlowFile,23B] from FlowFile[716,99014499996301.mockFlowFile,23B]; routing to relationship simple
[pool-2680-thread-1] INFO org.apache.nifi.processors.standard.RouteText - RouteText[id=a680ad74-d0b5-404d-9505-4b7cb994baf3] Routing FlowFile[716,99014499996301.mockFlowFile,23B] to original
[main] DEBUG org.apache.nifi.processors.standard.RouteText - RouteText[id=a680ad74-d0b5-404d-9505-4b7cb994baf3] Adding new dynamic property: PropertyDescriptor[simple]
[pool-2681-thread-1] INFO org.apache.nifi.processors.standard.RouteText - RouteText[id=a680ad74-d0b5-404d-9505-4b7cb994baf3] Created FlowFile[719,99014500622542.mockFlowFile,23B] from FlowFile[718,99014500622542.mockFlowFile,23B]; routing to relationship simple
[pool-2681-thread-1] INFO org.apache.nifi.processors.standard.RouteText - RouteText[id=a680ad74-d0b5-404d-9505-4b7cb994baf3] Routing FlowFile[718,99014500622542.mockFlowFile,23B] to original
[main] DEBUG org.apache.nifi.processors.standard.RouteText - RouteText[id=a680ad74-d0b5-404d-9505-4b7cb994baf3] Adding new dynamic property: PropertyDescriptor[simple]
[pool-2682-thread-1] INFO org.apache.nifi.processors.standard.RouteText - RouteText[id=a680ad74-d0b5-404d-9505-4b7cb994baf3] Created FlowFile[721,99014501218281.mockFlowFile,23B] from FlowFile[720,99014501218281.mockFlowFile,23B]; routing to relationship simple
[pool-2682-thread-1] INFO org.apache.nifi.processors.standard.RouteText - RouteText[id=a680ad74-d0b5-404d-9505-4b7cb994baf3] Routing FlowFile[720,99014501218281.mockFlowFile,23B] to original
[main] DEBUG org.apache.nifi.processors.standard.RouteText - RouteText[id=a680ad74-d0b5-404d-9505-4b7cb994baf3] Adding new dynamic property: PropertyDescriptor[simple]
[pool-2683-thread-1] INFO org.apache.nifi.processors.standard.RouteText - RouteText[id=a680ad74-d0b5-404d-9505-4b7cb994baf3] Created FlowFile[723,99014501774701.mockFlowFile,23B] from FlowFile[722,99014501774701.mockFlowFile,23B]; routing to relationship simple
[pool-2683-thread-1] INFO org.apache.nifi.processors.standard.RouteText - RouteText[id=a680ad74-d0b5-404d-9505-4b7cb994baf3] Routing FlowFile[722,99014501774701.mockFlowFile,23B] to original
[main] DEBUG org.apache.nifi.processors.standard.RouteText - RouteText[id=a680ad74-d0b5-404d-9505-4b7cb994baf3] Adding new dynamic property: PropertyDescriptor[simple]
[pool-2684-thread-1] INFO org.apache.nifi.processors.standard.RouteText - RouteText[id=a680ad74-d0b5-404d-9505-4b7cb994baf3] Created FlowFile[725,99014502384558.mockFlowFile,23B] from FlowFile[724,99014502384558.mockFlowFile,23B]; routing to relationship simple
[pool-2684-thread-1] INFO org.apache.nifi.processors.standard.RouteText - RouteText[id=a680ad74-d0b5-404d-9505-4b7cb994baf3] Routing FlowFile[724,99014502384558.mockFlowFile,23B] to original
[main] DEBUG org.apache.nifi.processors.standard.RouteText - RouteText[id=a680ad74-d0b5-404d-9505-4b7cb994baf3] Adding new dynamic property: PropertyDescriptor[simple]
[pool-2685-thread-1] INFO org.apache.nifi.processors.standard.RouteText - RouteText[id=a680ad74-d0b5-404d-9505-4b7cb994baf3] Created FlowFile[727,99014502981053.mockFlowFile,23B] from FlowFile[726,99014502981053.mockFlowFile,23B]; routing to relationship simple
[pool-2685-thread-1] INFO org.apache.nifi.processors.standard.RouteText - RouteText[id=a680ad74-d0b5-404d-9505-4b7cb994baf3] Routing FlowFile[726,99014502981053.mockFlowFile,23B] to original
[main] DEBUG org.apache.nifi.processors.standard.RouteText - RouteText[id=a680ad74-d0b5-404d-9505-4b7cb994baf3] Adding new dynamic property: PropertyDescriptor[simple]
[pool-2686-thread-1] INFO org.apache.nifi.processors.standard.RouteText - RouteText[id=a680ad74-d0b5-404d-9505-4b7cb994baf3] Created FlowFile[729,99014503545534.mockFlowFile,23B] from FlowFile[728,99014503545534.mockFlowFile,23B]; routing to relationship simple
[pool-2686-thread-1] INFO org.apache.nifi.processors.standard.RouteText - RouteText[id=a680ad74-d0b5-404d-9505-4b7cb994baf3] Routing FlowFile[728,99014503545534.mockFlowFile,23B] to original
[main] DEBUG org.apache.nifi.processors.standard.RouteText - RouteText[id=a680ad74-d0b5-404d-9505-4b7cb994baf3] Adding new dynamic property: PropertyDescriptor[simple]
[pool-2687-thread-1] INFO org.apache.nifi.processors.standard.RouteText - RouteText[id=a680ad74-d0b5-404d-9505-4b7cb994baf3] Created FlowFile[731,99014504093099.mockFlowFile,23B] from FlowFile[730,99014504093099.mockFlowFile,23B]; routing to relationship simple
[pool-2687-thread-1] INFO org.apache.nifi.processors.standard.RouteText - RouteText[id=a680ad74-d0b5-404d-9505-4b7cb994baf3] Routing FlowFile[730,99014504093099.mockFlowFile,23B] to original
[main] DEBUG org.apache.nifi.processors.standard.RouteText - RouteText[id=a680ad74-d0b5-404d-9505-4b7cb994baf3] Adding new dynamic property: PropertyDescriptor[simple]
[pool-2688-thread-1] INFO org.apache.nifi.processors.standard.RouteText - RouteText[id=a680ad74-d0b5-404d-9505-4b7cb994baf3] Created FlowFile[733,99014504666577.mockFlowFile,23B] from FlowFile[732,99014504666577.mockFlowFile,23B]; routing to relationship simple
[pool-2688-thread-1] INFO org.apache.nifi.processors.standard.RouteText - RouteText[id=a680ad74-d0b5-404d-9505-4b7cb994baf3] Routing FlowFile[732,99014504666577.mockFlowFile,23B] to original
[main] DEBUG org.apache.nifi.processors.standard.RouteText - RouteText[id=a680ad74-d0b5-404d-9505-4b7cb994baf3] Adding new dynamic property: PropertyDescriptor[simple]
[pool-2689-thread-1] INFO org.apache.nifi.processors.standard.RouteText - RouteText[id=a680ad74-d0b5-404d-9505-4b7cb994baf3] Created FlowFile[735,99014505271234.mockFlowFile,23B] from FlowFile[734,99014505271234.mockFlowFile,23B]; routing to relationship simple
[pool-2689-thread-1] INFO org.apache.nifi.processors.standard.RouteText - RouteText[id=a680ad74-d0b5-404d-9505-4b7cb994baf3] Routing FlowFile[734,99014505271234.mockFlowFile,23B] to original
[main] DEBUG org.apache.nifi.processors.standard.RouteText - RouteText[id=a680ad74-d0b5-404d-9505-4b7cb994baf3] Adding new dynamic property: PropertyDescriptor[simple]
[pool-2690-thread-1] INFO org.apache.nifi.processors.standard.RouteText - RouteText[id=a680ad74-d0b5-404d-9505-4b7cb994baf3] Created FlowFile[737,99014505843595.mockFlowFile,23B] from FlowFile[736,99014505843595.mockFlowFile,23B]; routing to relationship simple
[pool-2690-thread-1] INFO org.apache.nifi.processors.standard.RouteText - RouteText[id=a680ad74-d0b5-404d-9505-4b7cb994baf3] Routing FlowFile[736,99014505843595.mockFlowFile,23B] to original
[main] DEBUG org.apache.nifi.processors.standard.RouteText - RouteText[id=a680ad74-d0b5-404d-9505-4b7cb994baf3] Adding new dynamic property: PropertyDescriptor[simple]
[pool-2691-thread-1] INFO org.apache.nifi.processors.standard.RouteText - RouteText[id=a680ad74-d0b5-404d-9505-4b7cb994baf3] Created FlowFile[739,99014506373583.mockFlowFile,23B] from FlowFile[738,99014506373583.mockFlowFile,23B]; routing to relationship simple
[pool-2691-thread-1] INFO org.apache.nifi.processors.standard.RouteText - RouteText[id=a680ad74-d0b5-404d-9505-4b7cb994baf3] Routing FlowFile[738,99014506373583.mockFlowFile,23B] to original
[main] DEBUG org.apache.nifi.processors.standard.RouteText - RouteText[id=a680ad74-d0b5-404d-9505-4b7cb994baf3] Adding new dynamic property: PropertyDescriptor[simple]
[pool-2692-thread-1] INFO org.apache.nifi.processors.standard.RouteText - RouteText[id=a680ad74-d0b5-404d-9505-4b7cb994baf3] Created FlowFile[741,99014506858701.mockFlowFile,23B] from FlowFile[740,99014506858701.mockFlowFile,23B]; routing to relationship simple
[pool-2692-thread-1] INFO org.apache.nifi.processors.standard.RouteText - RouteText[id=a680ad74-d0b5-404d-9505-4b7cb994baf3] Routing FlowFile[740,99014506858701.mockFlowFile,23B] to original
[main] DEBUG org.apache.nifi.processors.standard.RouteText - RouteText[id=a680ad74-d0b5-404d-9505-4b7cb994baf3] Adding new dynamic property: PropertyDescriptor[simple]
[pool-2693-thread-1] INFO org.apache.nifi.processors.standard.RouteText - RouteText[id=a680ad74-d0b5-404d-9505-4b7cb994baf3] Created FlowFile[743,99014507343175.mockFlowFile,23B] from FlowFile[742,99014507343175.mockFlowFile,23B]; routing to relationship simple
[pool-2693-thread-1] INFO org.apache.nifi.processors.standard.RouteText - RouteText[id=a680ad74-d0b5-404d-9505-4b7cb994baf3] Routing FlowFile[742,99014507343175.mockFlowFile,23B] to original
[main] DEBUG org.apache.nifi.processors.standard.RouteText - RouteText[id=a680ad74-d0b5-404d-9505-4b7cb994baf3] Adding new dynamic property: PropertyDescriptor[simple]
[pool-2694-thread-1] INFO org.apache.nifi.processors.standard.RouteText - RouteText[id=a680ad74-d0b5-404d-9505-4b7cb994baf3] Created FlowFile[745,99014507808868.mockFlowFile,23B] from FlowFile[744,99014507808868.mockFlowFile,23B]; routing to relationship simple
[pool-2694-thread-1] INFO org.apache.nifi.processors.standard.RouteText - RouteText[id=a680ad74-d0b5-404d-9505-4b7cb994baf3] Routing FlowFile[744,99014507808868.mockFlowFile,23B] to original
[main] DEBUG org.apache.nifi.processors.standard.RouteText - RouteText[id=a680ad74-d0b5-404d-9505-4b7cb994baf3] Adding new dynamic property: PropertyDescriptor[simple]
[pool-2695-thread-1] INFO org.apache.nifi.processors.standard.RouteText - RouteText[id=a680ad74-d0b5-404d-9505-4b7cb994baf3] Created FlowFile[747,99014508273651.mockFlowFile,23B] from FlowFile[746,99014508273651.mockFlowFile,23B]; routing to relationship simple
[pool-2695-thread-1] INFO org.apache.nifi.processors.standard.RouteText - RouteText[id=a680ad74-d0b5-404d-9505-4b7cb994baf3] Routing FlowFile[746,99014508273651.mockFlowFile,23B] to original
[main] DEBUG org.apache.nifi.processors.standard.RouteText - RouteText[id=a680ad74-d0b5-404d-9505-4b7cb994baf3] Adding new dynamic property: PropertyDescriptor[simple]
[pool-2696-thread-1] INFO org.apache.nifi.processors.standard.RouteText - RouteText[id=a680ad74-d0b5-404d-9505-4b7cb994baf3] Created FlowFile[749,99014508750251.mockFlowFile,23B] from FlowFile[748,99014508750251.mockFlowFile,23B]; routing to relationship simple
[pool-2696-thread-1] INFO org.apache.nifi.processors.standard.RouteText - RouteText[id=a680ad74-d0b5-404d-9505-4b7cb994baf3] Routing FlowFile[748,99014508750251.mockFlowFile,23B] to original
[main] DEBUG org.apache.nifi.processors.standard.RouteText - RouteText[id=a680ad74-d0b5-404d-9505-4b7cb994baf3] Adding new dynamic property: PropertyDescriptor[simple]
[pool-2697-thread-1] INFO org.apache.nifi.processors.standard.RouteText - RouteText[id=a680ad74-d0b5-404d-9505-4b7cb994baf3] Created FlowFile[751,99014509222031.mockFlowFile,23B] from FlowFile[750,99014509222031.mockFlowFile,23B]; routing to relationship simple
[pool-2697-thread-1] INFO org.apache.nifi.processors.standard.RouteText - RouteText[id=a680ad74-d0b5-404d-9505-4b7cb994baf3] Routing FlowFile[750,99014509222031.mockFlowFile,23B] to original
[main] DEBUG org.apache.nifi.processors.standard.RouteText - RouteText[id=a680ad74-d0b5-404d-9505-4b7cb994baf3] Adding new dynamic property: PropertyDescriptor[simple]
[pool-2698-thread-1] INFO org.apache.nifi.processors.standard.RouteText - RouteText[id=a680ad74-d0b5-404d-9505-4b7cb994baf3] Created FlowFile[753,99014509699265.mockFlowFile,23B] from FlowFile[752,99014509699265.mockFlowFile,23B]; routing to relationship simple
[pool-2698-thread-1] INFO org.apache.nifi.processors.standard.RouteText - RouteText[id=a680ad74-d0b5-404d-9505-4b7cb994baf3] Routing FlowFile[752,99014509699265.mockFlowFile,23B] to original
[main] DEBUG org.apache.nifi.processors.standard.RouteText - RouteText[id=a680ad74-d0b5-404d-9505-4b7cb994baf3] Adding new dynamic property: PropertyDescriptor[simple]
[pool-2699-thread-1] INFO org.apache.nifi.processors.standard.RouteText - RouteText[id=a680ad74-d0b5-404d-9505-4b7cb994baf3] Created FlowFile[755,99014510214745.mockFlowFile,23B] from FlowFile[754,99014510214745.mockFlowFile,23B]; routing to relationship simple
[pool-2699-thread-1] INFO org.apache.nifi.processors.standard.RouteText - RouteText[id=a680ad74-d0b5-404d-9505-4b7cb994baf3] Routing FlowFile[754,99014510214745.mockFlowFile,23B] to original
[main] DEBUG org.apache.nifi.processors.standard.RouteText - RouteText[id=a680ad74-d0b5-404d-9505-4b7cb994baf3] Adding new dynamic property: PropertyDescriptor[simple]
[pool-2700-thread-1] INFO org.apache.nifi.processors.standard.RouteText - RouteText[id=a680ad74-d0b5-404d-9505-4b7cb994baf3] Created FlowFile[757,99014510903649.mockFlowFile,23B] from FlowFile[756,99014510903649.mockFlowFile,23B]; routing to relationship simple
[pool-2700-thread-1] INFO org.apache.nifi.processors.standard.RouteText - RouteText[id=a680ad74-d0b5-404d-9505-4b7cb994baf3] Routing FlowFile[756,99014510903649.mockFlowFile,23B] to original
[main] DEBUG org.apache.nifi.processors.standard.RouteText - RouteText[id=a680ad74-d0b5-404d-9505-4b7cb994baf3] Adding new dynamic property: PropertyDescriptor[simple]
[pool-2701-thread-1] INFO org.apache.nifi.processors.standard.RouteText - RouteText[id=a680ad74-d0b5-404d-9505-4b7cb994baf3] Created FlowFile[759,99014511494701.mockFlowFile,23B] from FlowFile[758,99014511494701.mockFlowFile,23B]; routing to relationship simple
[pool-2701-thread-1] INFO org.apache.nifi.processors.standard.RouteText - RouteText[id=a680ad74-d0b5-404d-9505-4b7cb994baf3] Routing FlowFile[758,99014511494701.mockFlowFile,23B] to original
[main] DEBUG org.apache.nifi.processors.standard.RouteText - RouteText[id=a680ad74-d0b5-404d-9505-4b7cb994baf3] Adding new dynamic property: PropertyDescriptor[simple]
[pool-2702-thread-1] INFO org.apache.nifi.processors.standard.RouteText - RouteText[id=a680ad74-d0b5-404d-9505-4b7cb994baf3] Created FlowFile[761,99014512069133.mockFlowFile,23B] from FlowFile[760,99014512069133.mockFlowFile,23B]; routing to relationship simple
[pool-2702-thread-1] INFO org.apache.nifi.processors.standard.RouteText - RouteText[id=a680ad74-d0b5-404d-9505-4b7cb994baf3] Routing FlowFile[760,99014512069133.mockFlowFile,23B] to original
[main] DEBUG org.apache.nifi.processors.standard.RouteText - RouteText[id=a680ad74-d0b5-404d-9505-4b7cb994baf3] Adding new dynamic property: PropertyDescriptor[simple]
[pool-2703-thread-1] INFO org.apache.nifi.processors.standard.RouteText - RouteText[id=a680ad74-d0b5-404d-9505-4b7cb994baf3] Created FlowFile[763,99014512683210.mockFlowFile,23B] from FlowFile[762,99014512683210.mockFlowFile,23B]; routing to relationship simple
[pool-2703-thread-1] INFO org.apache.nifi.processors.standard.RouteText - RouteText[id=a680ad74-d0b5-404d-9505-4b7cb994baf3] Routing FlowFile[762,99014512683210.mockFlowFile,23B] to original
[main] DEBUG org.apache.nifi.processors.standard.RouteText - RouteText[id=a680ad74-d0b5-404d-9505-4b7cb994baf3] Adding new dynamic property: PropertyDescriptor[simple]
[pool-2704-thread-1] INFO org.apache.nifi.processors.standard.RouteText - RouteText[id=a680ad74-d0b5-404d-9505-4b7cb994baf3] Created FlowFile[765,99014513223387.mockFlowFile,23B] from FlowFile[764,99014513223387.mockFlowFile,23B]; routing to relationship simple
[pool-2704-thread-1] INFO org.apache.nifi.processors.standard.RouteText - RouteText[id=a680ad74-d0b5-404d-9505-4b7cb994baf3] Routing FlowFile[764,99014513223387.mockFlowFile,23B] to original
[main] DEBUG org.apache.nifi.processors.standard.RouteText - RouteText[id=a680ad74-d0b5-404d-9505-4b7cb994baf3] Adding new dynamic property: PropertyDescriptor[simple]
[pool-2705-thread-1] INFO org.apache.nifi.processors.standard.RouteText - RouteText[id=a680ad74-d0b5-404d-9505-4b7cb994baf3] Created FlowFile[767,99014513748322.mockFlowFile,23B] from FlowFile[766,99014513748322.mockFlowFile,23B]; routing to relationship simple
[pool-2705-thread-1] INFO org.apache.nifi.processors.standard.RouteText - RouteText[id=a680ad74-d0b5-404d-9505-4b7cb994baf3] Routing FlowFile[766,99014513748322.mockFlowFile,23B] to original
[main] DEBUG org.apache.nifi.processors.standard.RouteText - RouteText[id=a680ad74-d0b5-404d-9505-4b7cb994baf3] Adding new dynamic property: PropertyDescriptor[simple]
[pool-2706-thread-1] INFO org.apache.nifi.processors.standard.RouteText - RouteText[id=a680ad74-d0b5-404d-9505-4b7cb994baf3] Created FlowFile[769,99014514206904.mockFlowFile,23B] from FlowFile[768,99014514206904.mockFlowFile,23B]; routing to relationship simple
[pool-2706-thread-1] INFO org.apache.nifi.processors.standard.RouteText - RouteText[id=a680ad74-d0b5-404d-9505-4b7cb994baf3] Routing FlowFile[768,99014514206904.mockFlowFile,23B] to original
[main] DEBUG org.apache.nifi.processors.standard.RouteText - RouteText[id=a680ad74-d0b5-404d-9505-4b7cb994baf3] Adding new dynamic property: PropertyDescriptor[simple]
[pool-2707-thread-1] INFO org.apache.nifi.processors.standard.RouteText - RouteText[id=a680ad74-d0b5-404d-9505-4b7cb994baf3] Created FlowFile[771,99014514747843.mockFlowFile,23B] from FlowFile[770,99014514747843.mockFlowFile,23B]; routing to relationship simple
[pool-2707-thread-1] INFO org.apache.nifi.processors.standard.RouteText - RouteText[id=a680ad74-d0b5-404d-9505-4b7cb994baf3] Routing FlowFile[770,99014514747843.mockFlowFile,23B] to original
[main] DEBUG org.apache.nifi.processors.standard.RouteText - RouteText[id=a680ad74-d0b5-404d-9505-4b7cb994baf3] Adding new dynamic property: PropertyDescriptor[simple]
[pool-2708-thread-1] INFO org.apache.nifi.processors.standard.RouteText - RouteText[id=a680ad74-d0b5-404d-9505-4b7cb994baf3] Created FlowFile[773,99014516063821.mockFlowFile,23B] from FlowFile[772,99014516063821.mockFlowFile,23B]; routing to relationship simple
[pool-2708-thread-1] INFO org.apache.nifi.processors.standard.RouteText - RouteText[id=a680ad74-d0b5-404d-9505-4b7cb994baf3] Routing FlowFile[772,99014516063821.mockFlowFile,23B] to original
[main] DEBUG org.apache.nifi.processors.standard.RouteText - RouteText[id=a680ad74-d0b5-404d-9505-4b7cb994baf3] Adding new dynamic property: PropertyDescriptor[simple]
[pool-2709-thread-1] INFO org.apache.nifi.processors.standard.RouteText - RouteText[id=a680ad74-d0b5-404d-9505-4b7cb994baf3] Created FlowFile[775,99014516869988.mockFlowFile,23B] from FlowFile[774,99014516869988.mockFlowFile,23B]; routing to relationship simple
[pool-2709-thread-1] INFO org.apache.nifi.processors.standard.RouteText - RouteText[id=a680ad74-d0b5-404d-9505-4b7cb994baf3] Routing FlowFile[774,99014516869988.mockFlowFile,23B] to original
[main] DEBUG org.apache.nifi.processors.standard.RouteText - RouteText[id=a680ad74-d0b5-404d-9505-4b7cb994baf3] Adding new dynamic property: PropertyDescriptor[simple]
[pool-2710-thread-1] INFO org.apache.nifi.processors.standard.RouteText - RouteText[id=a680ad74-d0b5-404d-9505-4b7cb994baf3] Created FlowFile[777,99014517463258.mockFlowFile,23B] from FlowFile[776,99014517463258.mockFlowFile,23B]; routing to relationship simple
[pool-2710-thread-1] INFO org.apache.nifi.processors.standard.RouteText - RouteText[id=a680ad74-d0b5-404d-9505-4b7cb994baf3] Routing FlowFile[776,99014517463258.mockFlowFile,23B] to original
[main] DEBUG org.apache.nifi.processors.standard.RouteText - RouteText[id=a680ad74-d0b5-404d-9505-4b7cb994baf3] Adding new dynamic property: PropertyDescriptor[simple]
[pool-2711-thread-1] INFO org.apache.nifi.processors.standard.RouteText - RouteText[id=a680ad74-d0b5-404d-9505-4b7cb994baf3] Created FlowFile[779,99014518184210.mockFlowFile,23B] from FlowFile[778,99014518184210.mockFlowFile,23B]; routing to relationship simple
[pool-2711-thread-1] INFO org.apache.nifi.processors.standard.RouteText - RouteText[id=a680ad74-d0b5-404d-9505-4b7cb994baf3] Routing FlowFile[778,99014518184210.mockFlowFile,23B] to original
[main] DEBUG org.apache.nifi.processors.standard.RouteText - RouteText[id=a680ad74-d0b5-404d-9505-4b7cb994baf3] Adding new dynamic property: PropertyDescriptor[simple]
[pool-2712-thread-1] INFO org.apache.nifi.processors.standard.RouteText - RouteText[id=a680ad74-d0b5-404d-9505-4b7cb994baf3] Created FlowFile[781,99014518777980.mockFlowFile,23B] from FlowFile[780,99014518777980.mockFlowFile,23B]; routing to relationship simple
[pool-2712-thread-1] INFO org.apache.nifi.processors.standard.RouteText - RouteText[id=a680ad74-d0b5-404d-9505-4b7cb994baf3] Routing FlowFile[780,99014518777980.mockFlowFile,23B] to original
[main] DEBUG org.apache.nifi.processors.standard.RouteText - RouteText[id=a680ad74-d0b5-404d-9505-4b7cb994baf3] Adding new dynamic property: PropertyDescriptor[simple]
[pool-2713-thread-1] INFO org.apache.nifi.processors.standard.RouteText - RouteText[id=a680ad74-d0b5-404d-9505-4b7cb994baf3] Created FlowFile[783,99014519317252.mockFlowFile,23B] from FlowFile[782,99014519317252.mockFlowFile,23B]; routing to relationship simple
[pool-2713-thread-1] INFO org.apache.nifi.processors.standard.RouteText - RouteText[id=a680ad74-d0b5-404d-9505-4b7cb994baf3] Routing FlowFile[782,99014519317252.mockFlowFile,23B] to original
[main] DEBUG org.apache.nifi.processors.standard.RouteText - RouteText[id=a680ad74-d0b5-404d-9505-4b7cb994baf3] Adding new dynamic property: PropertyDescriptor[simple]
[pool-2714-thread-1] INFO org.apache.nifi.processors.standard.RouteText - RouteText[id=a680ad74-d0b5-404d-9505-4b7cb994baf3] Created FlowFile[785,99014519889616.mockFlowFile,23B] from FlowFile[784,99014519889616.mockFlowFile,23B]; routing to relationship simple
[pool-2714-thread-1] INFO org.apache.nifi.processors.standard.RouteText - RouteText[id=a680ad74-d0b5-404d-9505-4b7cb994baf3] Routing FlowFile[784,99014519889616.mockFlowFile,23B] to original
[main] DEBUG org.apache.nifi.processors.standard.RouteText - RouteText[id=a680ad74-d0b5-404d-9505-4b7cb994baf3] Adding new dynamic property: PropertyDescriptor[simple]
[pool-2715-thread-1] INFO org.apache.nifi.processors.standard.RouteText - RouteText[id=a680ad74-d0b5-404d-9505-4b7cb994baf3] Created FlowFile[787,99014520585396.mockFlowFile,23B] from FlowFile[786,99014520585396.mockFlowFile,23B]; routing to relationship simple
[pool-2715-thread-1] INFO org.apache.nifi.processors.standard.RouteText - RouteText[id=a680ad74-d0b5-404d-9505-4b7cb994baf3] Routing FlowFile[786,99014520585396.mockFlowFile,23B] to original
[main] DEBUG org.apache.nifi.processors.standard.RouteText - RouteText[id=a680ad74-d0b5-404d-9505-4b7cb994baf3] Adding new dynamic property: PropertyDescriptor[simple]
[pool-2716-thread-1] INFO org.apache.nifi.processors.standard.RouteText - RouteText[id=a680ad74-d0b5-404d-9505-4b7cb994baf3] Created FlowFile[789,99014521117024.mockFlowFile,23B] from FlowFile[788,99014521117024.mockFlowFile,23B]; routing to relationship simple
[pool-2716-thread-1] INFO org.apache.nifi.processors.standard.RouteText - RouteText[id=a680ad74-d0b5-404d-9505-4b7cb994baf3] Routing FlowFile[788,99014521117024.mockFlowFile,23B] to original
[main] DEBUG org.apache.nifi.processors.standard.RouteText - RouteText[id=a680ad74-d0b5-404d-9505-4b7cb994baf3] Adding new dynamic property: PropertyDescriptor[simple]
[pool-2717-thread-1] INFO org.apache.nifi.processors.standard.RouteText - RouteText[id=a680ad74-d0b5-404d-9505-4b7cb994baf3] Created FlowFile[791,99014521624602.mockFlowFile,23B] from FlowFile[790,99014521624602.mockFlowFile,23B]; routing to relationship simple
[pool-2717-thread-1] INFO org.apache.nifi.processors.standard.RouteText - RouteText[id=a680ad74-d0b5-404d-9505-4b7cb994baf3] Routing FlowFile[790,99014521624602.mockFlowFile,23B] to original
[main] DEBUG org.apache.nifi.processors.standard.RouteText - RouteText[id=a680ad74-d0b5-404d-9505-4b7cb994baf3] Adding new dynamic property: PropertyDescriptor[simple]
[pool-2718-thread-1] INFO org.apache.nifi.processors.standard.RouteText - RouteText[id=a680ad74-d0b5-404d-9505-4b7cb994baf3] Created FlowFile[793,99014522184541.mockFlowFile,23B] from FlowFile[792,99014522184541.mockFlowFile,23B]; routing to relationship simple
[pool-2718-thread-1] INFO org.apache.nifi.processors.standard.RouteText - RouteText[id=a680ad74-d0b5-404d-9505-4b7cb994baf3] Routing FlowFile[792,99014522184541.mockFlowFile,23B] to original
[main] DEBUG org.apache.nifi.processors.standard.RouteText - RouteText[id=a680ad74-d0b5-404d-9505-4b7cb994baf3] Adding new dynamic property: PropertyDescriptor[simple]
[pool-2719-thread-1] INFO org.apache.nifi.processors.standard.RouteText - RouteText[id=a680ad74-d0b5-404d-9505-4b7cb994baf3] Created FlowFile[795,99014522708855.mockFlowFile,23B] from FlowFile[794,99014522708855.mockFlowFile,23B]; routing to relationship simple
[pool-2719-thread-1] INFO org.apache.nifi.processors.standard.RouteText - RouteText[id=a680ad74-d0b5-404d-9505-4b7cb994baf3] Routing FlowFile[794,99014522708855.mockFlowFile,23B] to original
[main] DEBUG org.apache.nifi.processors.standard.RouteText - RouteText[id=a680ad74-d0b5-404d-9505-4b7cb994baf3] Adding new dynamic property: PropertyDescriptor[simple]
[pool-2720-thread-1] INFO org.apache.nifi.processors.standard.RouteText - RouteText[id=a680ad74-d0b5-404d-9505-4b7cb994baf3] Created FlowFile[797,99014523200119.mockFlowFile,23B] from FlowFile[796,99014523200119.mockFlowFile,23B]; routing to relationship simple
[pool-2720-thread-1] INFO org.apache.nifi.processors.standard.RouteText - RouteText[id=a680ad74-d0b5-404d-9505-4b7cb994baf3] Routing FlowFile[796,99014523200119.mockFlowFile,23B] to original
[main] DEBUG org.apache.nifi.processors.standard.RouteText - RouteText[id=a680ad74-d0b5-404d-9505-4b7cb994baf3] Adding new dynamic property: PropertyDescriptor[simple]
[pool-2721-thread-1] INFO org.apache.nifi.processors.standard.RouteText - RouteText[id=a680ad74-d0b5-404d-9505-4b7cb994baf3] Created FlowFile[799,99014523695565.mockFlowFile,23B] from FlowFile[798,99014523695565.mockFlowFile,23B]; routing to relationship simple
[pool-2721-thread-1] INFO org.apache.nifi.processors.standard.RouteText - RouteText[id=a680ad74-d0b5-404d-9505-4b7cb994baf3] Routing FlowFile[798,99014523695565.mockFlowFile,23B] to original
[main] DEBUG org.apache.nifi.processors.standard.RouteText - RouteText[id=a680ad74-d0b5-404d-9505-4b7cb994baf3] Adding new dynamic property: PropertyDescriptor[simple]
[pool-2722-thread-1] INFO org.apache.nifi.processors.standard.RouteText - RouteText[id=a680ad74-d0b5-404d-9505-4b7cb994baf3] Created FlowFile[801,99014524191516.mockFlowFile,23B] from FlowFile[800,99014524191516.mockFlowFile,23B]; routing to relationship simple
[pool-2722-thread-1] INFO org.apache.nifi.processors.standard.RouteText - RouteText[id=a680ad74-d0b5-404d-9505-4b7cb994baf3] Routing FlowFile[800,99014524191516.mockFlowFile,23B] to original
[main] DEBUG org.apache.nifi.processors.standard.RouteText - RouteText[id=a680ad74-d0b5-404d-9505-4b7cb994baf3] Adding new dynamic property: PropertyDescriptor[simple]
[pool-2723-thread-1] INFO org.apache.nifi.processors.standard.RouteText - RouteText[id=a680ad74-d0b5-404d-9505-4b7cb994baf3] Created FlowFile[803,99014524740645.mockFlowFile,23B] from FlowFile[802,99014524740645.mockFlowFile,23B]; routing to relationship simple
[pool-2723-thread-1] INFO org.apache.nifi.processors.standard.RouteText - RouteText[id=a680ad74-d0b5-404d-9505-4b7cb994baf3] Routing FlowFile[802,99014524740645.mockFlowFile,23B] to original
[main] DEBUG org.apache.nifi.processors.standard.RouteText - RouteText[id=a680ad74-d0b5-404d-9505-4b7cb994baf3] Adding new dynamic property: PropertyDescriptor[simple]
[pool-2724-thread-1] INFO org.apache.nifi.processors.standard.RouteText - RouteText[id=a680ad74-d0b5-404d-9505-4b7cb994baf3] Created FlowFile[805,99014525276994.mockFlowFile,23B] from FlowFile[804,99014525276994.mockFlowFile,23B]; routing to relationship simple
[pool-2724-thread-1] INFO org.apache.nifi.processors.standard.RouteText - RouteText[id=a680ad74-d0b5-404d-9505-4b7cb994baf3] Routing FlowFile[804,99014525276994.mockFlowFile,23B] to original
[main] DEBUG org.apache.nifi.processors.standard.RouteText - RouteText[id=a680ad74-d0b5-404d-9505-4b7cb994baf3] Adding new dynamic property: PropertyDescriptor[simple]
[pool-2725-thread-1] INFO org.apache.nifi.processors.standard.RouteText - RouteText[id=a680ad74-d0b5-404d-9505-4b7cb994baf3] Created FlowFile[807,99014525824134.mockFlowFile,23B] from FlowFile[806,99014525824134.mockFlowFile,23B]; routing to relationship simple
[pool-2725-thread-1] INFO org.apache.nifi.processors.standard.RouteText - RouteText[id=a680ad74-d0b5-404d-9505-4b7cb994baf3] Routing FlowFile[806,99014525824134.mockFlowFile,23B] to original
[main] DEBUG org.apache.nifi.processors.standard.RouteText - RouteText[id=a680ad74-d0b5-404d-9505-4b7cb994baf3] Adding new dynamic property: PropertyDescriptor[simple]
[pool-2726-thread-1] INFO org.apache.nifi.processors.standard.RouteText - RouteText[id=a680ad74-d0b5-404d-9505-4b7cb994baf3] Created FlowFile[809,99014526355320.mockFlowFile,23B] from FlowFile[808,99014526355320.mockFlowFile,23B]; routing to relationship simple
[pool-2726-thread-1] INFO org.apache.nifi.processors.standard.RouteText - RouteText[id=a680ad74-d0b5-404d-9505-4b7cb994baf3] Routing FlowFile[808,99014526355320.mockFlowFile,23B] to original
[main] DEBUG org.apache.nifi.processors.standard.RouteText - RouteText[id=a680ad74-d0b5-404d-9505-4b7cb994baf3] Adding new dynamic property: PropertyDescriptor[simple]
[pool-2727-thread-1] INFO org.apache.nifi.processors.standard.RouteText - RouteText[id=a680ad74-d0b5-404d-9505-4b7cb994baf3] Created FlowFile[811,99014526843337.mockFlowFile,23B] from FlowFile[810,99014526843337.mockFlowFile,23B]; routing to relationship simple
[pool-2727-thread-1] INFO org.apache.nifi.processors.standard.RouteText - RouteText[id=a680ad74-d0b5-404d-9505-4b7cb994baf3] Routing FlowFile[810,99014526843337.mockFlowFile,23B] to original
[main] DEBUG org.apache.nifi.processors.standard.RouteText - RouteText[id=a680ad74-d0b5-404d-9505-4b7cb994baf3] Adding new dynamic property: PropertyDescriptor[simple]
[pool-2728-thread-1] INFO org.apache.nifi.processors.standard.RouteText - RouteText[id=a680ad74-d0b5-404d-9505-4b7cb994baf3] Created FlowFile[813,99014527314057.mockFlowFile,23B] from FlowFile[812,99014527314057.mockFlowFile,23B]; routing to relationship simple
[pool-2728-thread-1] INFO org.apache.nifi.processors.standard.RouteText - RouteText[id=a680ad74-d0b5-404d-9505-4b7cb994baf3] Routing FlowFile[812,99014527314057.mockFlowFile,23B] to original
[main] DEBUG org.apache.nifi.processors.standard.RouteText - RouteText[id=a680ad74-d0b5-404d-9505-4b7cb994baf3] Adding new dynamic property: PropertyDescriptor[simple]
[pool-2729-thread-1] INFO org.apache.nifi.processors.standard.RouteText - RouteText[id=a680ad74-d0b5-404d-9505-4b7cb994baf3] Created FlowFile[815,99014527777928.mockFlowFile,23B] from FlowFile[814,99014527777928.mockFlowFile,23B]; routing to relationship simple
[pool-2729-thread-1] INFO org.apache.nifi.processors.standard.RouteText - RouteText[id=a680ad74-d0b5-404d-9505-4b7cb994baf3] Routing FlowFile[814,99014527777928.mockFlowFile,23B] to original
[main] DEBUG org.apache.nifi.processors.standard.RouteText - RouteText[id=a680ad74-d0b5-404d-9505-4b7cb994baf3] Adding new dynamic property: PropertyDescriptor[simple]
[pool-2730-thread-1] INFO org.apache.nifi.processors.standard.RouteText - RouteText[id=a680ad74-d0b5-404d-9505-4b7cb994baf3] Created FlowFile[817,99014528241138.mockFlowFile,23B] from FlowFile[816,99014528241138.mockFlowFile,23B]; routing to relationship simple
[pool-2730-thread-1] INFO org.apache.nifi.processors.standard.RouteText - RouteText[id=a680ad74-d0b5-404d-9505-4b7cb994baf3] Routing FlowFile[816,99014528241138.mockFlowFile,23B] to original
[main] DEBUG org.apache.nifi.processors.standard.RouteText - RouteText[id=a680ad74-d0b5-404d-9505-4b7cb994baf3] Adding new dynamic property: PropertyDescriptor[simple]
[pool-2731-thread-1] INFO org.apache.nifi.processors.standard.RouteText - RouteText[id=a680ad74-d0b5-404d-9505-4b7cb994baf3] Created FlowFile[819,99014528755099.mockFlowFile,23B] from FlowFile[818,99014528755099.mockFlowFile,23B]; routing to relationship simple
[pool-2731-thread-1] INFO org.apache.nifi.processors.standard.RouteText - RouteText[id=a680ad74-d0b5-404d-9505-4b7cb994baf3] Routing FlowFile[818,99014528755099.mockFlowFile,23B] to original
[main] DEBUG org.apache.nifi.processors.standard.RouteText - RouteText[id=a680ad74-d0b5-404d-9505-4b7cb994baf3] Adding new dynamic property: PropertyDescriptor[simple]
[pool-2732-thread-1] INFO org.apache.nifi.processors.standard.RouteText - RouteText[id=a680ad74-d0b5-404d-9505-4b7cb994baf3] Created FlowFile[821,99014529314015.mockFlowFile,23B] from FlowFile[820,99014529314015.mockFlowFile,23B]; routing to relationship simple
[pool-2732-thread-1] INFO org.apache.nifi.processors.standard.RouteText - RouteText[id=a680ad74-d0b5-404d-9505-4b7cb994baf3] Routing FlowFile[820,99014529314015.mockFlowFile,23B] to original
[main] DEBUG org.apache.nifi.processors.standard.RouteText - RouteText[id=a680ad74-d0b5-404d-9505-4b7cb994baf3] Adding new dynamic property: PropertyDescriptor[simple]
[pool-2733-thread-1] INFO org.apache.nifi.processors.standard.RouteText - RouteText[id=a680ad74-d0b5-404d-9505-4b7cb994baf3] Created FlowFile[823,99014529876125.mockFlowFile,23B] from FlowFile[822,99014529876125.mockFlowFile,23B]; routing to relationship simple
[pool-2733-thread-1] INFO org.apache.nifi.processors.standard.RouteText - RouteText[id=a680ad74-d0b5-404d-9505-4b7cb994baf3] Routing FlowFile[822,99014529876125.mockFlowFile,23B] to original
[main] DEBUG org.apache.nifi.processors.standard.RouteText - RouteText[id=a680ad74-d0b5-404d-9505-4b7cb994baf3] Adding new dynamic property: PropertyDescriptor[simple]
[pool-2734-thread-1] INFO org.apache.nifi.processors.standard.RouteText - RouteText[id=a680ad74-d0b5-404d-9505-4b7cb994baf3] Created FlowFile[825,99014530372568.mockFlowFile,23B] from FlowFile[824,99014530372568.mockFlowFile,23B]; routing to relationship simple
[pool-2734-thread-1] INFO org.apache.nifi.processors.standard.RouteText - RouteText[id=a680ad74-d0b5-404d-9505-4b7cb994baf3] Routing FlowFile[824,99014530372568.mockFlowFile,23B] to original
[main] DEBUG org.apache.nifi.processors.standard.RouteText - RouteText[id=a680ad74-d0b5-404d-9505-4b7cb994baf3] Adding new dynamic property: PropertyDescriptor[simple]
[pool-2735-thread-1] INFO org.apache.nifi.processors.standard.RouteText - RouteText[id=a680ad74-d0b5-404d-9505-4b7cb994baf3] Created FlowFile[827,99014530907262.mockFlowFile,23B] from FlowFile[826,99014530907262.mockFlowFile,23B]; routing to relationship simple
[pool-2735-thread-1] INFO org.apache.nifi.processors.standard.RouteText - RouteText[id=a680ad74-d0b5-404d-9505-4b7cb994baf3] Routing FlowFile[826,99014530907262.mockFlowFile,23B] to original
[main] DEBUG org.apache.nifi.processors.standard.RouteText - RouteText[id=a680ad74-d0b5-404d-9505-4b7cb994baf3] Adding new dynamic property: PropertyDescriptor[simple]
[pool-2736-thread-1] INFO org.apache.nifi.processors.standard.RouteText - RouteText[id=a680ad74-d0b5-404d-9505-4b7cb994baf3] Created FlowFile[829,99014531361150.mockFlowFile,23B] from FlowFile[828,99014531361150.mockFlowFile,23B]; routing to relationship simple
[pool-2736-thread-1] INFO org.apache.nifi.processors.standard.RouteText - RouteText[id=a680ad74-d0b5-404d-9505-4b7cb994baf3] Routing FlowFile[828,99014531361150.mockFlowFile,23B] to original
[main] DEBUG org.apache.nifi.processors.standard.RouteText - RouteText[id=a680ad74-d0b5-404d-9505-4b7cb994baf3] Adding new dynamic property: PropertyDescriptor[simple]
[pool-2737-thread-1] INFO org.apache.nifi.processors.standard.RouteText - RouteText[id=a680ad74-d0b5-404d-9505-4b7cb994baf3] Created FlowFile[831,99014531801017.mockFlowFile,23B] from FlowFile[830,99014531801017.mockFlowFile,23B]; routing to relationship simple
[pool-2737-thread-1] INFO org.apache.nifi.processors.standard.RouteText - RouteText[id=a680ad74-d0b5-404d-9505-4b7cb994baf3] Routing FlowFile[830,99014531801017.mockFlowFile,23B] to original
[main] DEBUG org.apache.nifi.processors.standard.RouteText - RouteText[id=a680ad74-d0b5-404d-9505-4b7cb994baf3] Adding new dynamic property: PropertyDescriptor[simple]
[pool-2738-thread-1] INFO org.apache.nifi.processors.standard.RouteText - RouteText[id=a680ad74-d0b5-404d-9505-4b7cb994baf3] Created FlowFile[833,99014532281148.mockFlowFile,23B] from FlowFile[832,99014532281148.mockFlowFile,23B]; routing to relationship simple
[pool-2738-thread-1] INFO org.apache.nifi.processors.standard.RouteText - RouteText[id=a680ad74-d0b5-404d-9505-4b7cb994baf3] Routing FlowFile[832,99014532281148.mockFlowFile,23B] to original
[main] DEBUG org.apache.nifi.processors.standard.RouteText - RouteText[id=a680ad74-d0b5-404d-9505-4b7cb994baf3] Adding new dynamic property: PropertyDescriptor[simple]
[pool-2739-thread-1] INFO org.apache.nifi.processors.standard.RouteText - RouteText[id=a680ad74-d0b5-404d-9505-4b7cb994baf3] Created FlowFile[835,99014532769329.mockFlowFile,23B] from FlowFile[834,99014532769329.mockFlowFile,23B]; routing to relationship simple
[pool-2739-thread-1] INFO org.apache.nifi.processors.standard.RouteText - RouteText[id=a680ad74-d0b5-404d-9505-4b7cb994baf3] Routing FlowFile[834,99014532769329.mockFlowFile,23B] to original
[main] DEBUG org.apache.nifi.processors.standard.RouteText - RouteText[id=a680ad74-d0b5-404d-9505-4b7cb994baf3] Adding new dynamic property: PropertyDescriptor[simple]
[pool-2740-thread-1] INFO org.apache.nifi.processors.standard.RouteText - RouteText[id=a680ad74-d0b5-404d-9505-4b7cb994baf3] Created FlowFile[837,99014533238514.mockFlowFile,23B] from FlowFile[836,99014533238514.mockFlowFile,23B]; routing to relationship simple
[pool-2740-thread-1] INFO org.apache.nifi.processors.standard.RouteText - RouteText[id=a680ad74-d0b5-404d-9505-4b7cb994baf3] Routing FlowFile[836,99014533238514.mockFlowFile,23B] to original
[main] DEBUG org.apache.nifi.processors.standard.RouteText - RouteText[id=a680ad74-d0b5-404d-9505-4b7cb994baf3] Adding new dynamic property: PropertyDescriptor[simple]
[pool-2741-thread-1] INFO org.apache.nifi.processors.standard.RouteText - RouteText[id=a680ad74-d0b5-404d-9505-4b7cb994baf3] Created FlowFile[839,99014533692749.mockFlowFile,23B] from FlowFile[838,99014533692749.mockFlowFile,23B]; routing to relationship simple
[pool-2741-thread-1] INFO org.apache.nifi.processors.standard.RouteText - RouteText[id=a680ad74-d0b5-404d-9505-4b7cb994baf3] Routing FlowFile[838,99014533692749.mockFlowFile,23B] to original
[main] DEBUG org.apache.nifi.processors.standard.RouteText - RouteText[id=a680ad74-d0b5-404d-9505-4b7cb994baf3] Adding new dynamic property: PropertyDescriptor[simple]
[pool-2742-thread-1] INFO org.apache.nifi.processors.standard.RouteText - RouteText[id=a680ad74-d0b5-404d-9505-4b7cb994baf3] Created FlowFile[841,99014534199208.mockFlowFile,23B] from FlowFile[840,99014534199208.mockFlowFile,23B]; routing to relationship simple
[pool-2742-thread-1] INFO org.apache.nifi.processors.standard.RouteText - RouteText[id=a680ad74-d0b5-404d-9505-4b7cb994baf3] Routing FlowFile[840,99014534199208.mockFlowFile,23B] to original
[main] DEBUG org.apache.nifi.processors.standard.RouteText - RouteText[id=a680ad74-d0b5-404d-9505-4b7cb994baf3] Adding new dynamic property: PropertyDescriptor[simple]
[pool-2743-thread-1] INFO org.apache.nifi.processors.standard.RouteText - RouteText[id=a680ad74-d0b5-404d-9505-4b7cb994baf3] Created FlowFile[843,99014534703745.mockFlowFile,23B] from FlowFile[842,99014534703745.mockFlowFile,23B]; routing to relationship simple
[pool-2743-thread-1] INFO org.apache.nifi.processors.standard.RouteText - RouteText[id=a680ad74-d0b5-404d-9505-4b7cb994baf3] Routing FlowFile[842,99014534703745.mockFlowFile,23B] to original
[main] DEBUG org.apache.nifi.processors.standard.RouteText - RouteText[id=a680ad74-d0b5-404d-9505-4b7cb994baf3] Adding new dynamic property: PropertyDescriptor[simple]
[pool-2744-thread-1] INFO org.apache.nifi.processors.standard.RouteText - RouteText[id=a680ad74-d0b5-404d-9505-4b7cb994baf3] Created FlowFile[845,99014535178222.mockFlowFile,23B] from FlowFile[844,99014535178222.mockFlowFile,23B]; routing to relationship simple
[pool-2744-thread-1] INFO org.apache.nifi.processors.standard.RouteText - RouteText[id=a680ad74-d0b5-404d-9505-4b7cb994baf3] Routing FlowFile[844,99014535178222.mockFlowFile,23B] to original
[main] DEBUG org.apache.nifi.processors.standard.RouteText - RouteText[id=a680ad74-d0b5-404d-9505-4b7cb994baf3] Adding new dynamic property: PropertyDescriptor[simple]
[pool-2745-thread-1] INFO org.apache.nifi.processors.standard.RouteText - RouteText[id=a680ad74-d0b5-404d-9505-4b7cb994baf3] Created FlowFile[847,99014535663139.mockFlowFile,23B] from FlowFile[846,99014535663139.mockFlowFile,23B]; routing to relationship simple
[pool-2745-thread-1] INFO org.apache.nifi.processors.standard.RouteText - RouteText[id=a680ad74-d0b5-404d-9505-4b7cb994baf3] Routing FlowFile[846,99014535663139.mockFlowFile,23B] to original
[main] DEBUG org.apache.nifi.processors.standard.RouteText - RouteText[id=a680ad74-d0b5-404d-9505-4b7cb994baf3] Adding new dynamic property: PropertyDescriptor[simple]
[pool-2746-thread-1] INFO org.apache.nifi.processors.standard.RouteText - RouteText[id=a680ad74-d0b5-404d-9505-4b7cb994baf3] Created FlowFile[849,99014536155854.mockFlowFile,23B] from FlowFile[848,99014536155854.mockFlowFile,23B]; routing to relationship simple
[pool-2746-thread-1] INFO org.apache.nifi.processors.standard.RouteText - RouteText[id=a680ad74-d0b5-404d-9505-4b7cb994baf3] Routing FlowFile[848,99014536155854.mockFlowFile,23B] to original
[main] DEBUG org.apache.nifi.processors.standard.RouteText - RouteText[id=a680ad74-d0b5-404d-9505-4b7cb994baf3] Adding new dynamic property: PropertyDescriptor[simple]
[pool-2747-thread-1] INFO org.apache.nifi.processors.standard.RouteText - RouteText[id=a680ad74-d0b5-404d-9505-4b7cb994baf3] Created FlowFile[851,99014536661653.mockFlowFile,23B] from FlowFile[850,99014536661653.mockFlowFile,23B]; routing to relationship simple
[pool-2747-thread-1] INFO org.apache.nifi.processors.standard.RouteText - RouteText[id=a680ad74-d0b5-404d-9505-4b7cb994baf3] Routing FlowFile[850,99014536661653.mockFlowFile,23B] to original
[main] DEBUG org.apache.nifi.processors.standard.RouteText - RouteText[id=a680ad74-d0b5-404d-9505-4b7cb994baf3] Adding new dynamic property: PropertyDescriptor[simple]
[pool-2748-thread-1] INFO org.apache.nifi.processors.standard.RouteText - RouteText[id=a680ad74-d0b5-404d-9505-4b7cb994baf3] Created FlowFile[853,99014537153983.mockFlowFile,23B] from FlowFile[852,99014537153983.mockFlowFile,23B]; routing to relationship simple
[pool-2748-thread-1] INFO org.apache.nifi.processors.standard.RouteText - RouteText[id=a680ad74-d0b5-404d-9505-4b7cb994baf3] Routing FlowFile[852,99014537153983.mockFlowFile,23B] to original
[main] DEBUG org.apache.nifi.processors.standard.RouteText - RouteText[id=a680ad74-d0b5-404d-9505-4b7cb994baf3] Adding new dynamic property: PropertyDescriptor[simple]
[pool-2749-thread-1] INFO org.apache.nifi.processors.standard.RouteText - RouteText[id=a680ad74-d0b5-404d-9505-4b7cb994baf3] Created FlowFile[855,99014537611571.mockFlowFile,23B] from FlowFile[854,99014537611571.mockFlowFile,23B]; routing to relationship simple
[pool-2749-thread-1] INFO org.apache.nifi.processors.standard.RouteText - RouteText[id=a680ad74-d0b5-404d-9505-4b7cb994baf3] Routing FlowFile[854,99014537611571.mockFlowFile,23B] to original
[main] DEBUG org.apache.nifi.processors.standard.RouteText - RouteText[id=a680ad74-d0b5-404d-9505-4b7cb994baf3] Adding new dynamic property: PropertyDescriptor[simple]
[pool-2750-thread-1] INFO org.apache.nifi.processors.standard.RouteText - RouteText[id=a680ad74-d0b5-404d-9505-4b7cb994baf3] Created FlowFile[857,99014538043158.mockFlowFile,23B] from FlowFile[856,99014538043158.mockFlowFile,23B]; routing to relationship simple
[pool-2750-thread-1] INFO org.apache.nifi.processors.standard.RouteText - RouteText[id=a680ad74-d0b5-404d-9505-4b7cb994baf3] Routing FlowFile[856,99014538043158.mockFlowFile,23B] to original
[main] DEBUG org.apache.nifi.processors.standard.RouteText - RouteText[id=a680ad74-d0b5-404d-9505-4b7cb994baf3] Adding new dynamic property: PropertyDescriptor[simple]
[pool-2751-thread-1] INFO org.apache.nifi.processors.standard.RouteText - RouteText[id=a680ad74-d0b5-404d-9505-4b7cb994baf3] Created FlowFile[859,99014538466605.mockFlowFile,23B] from FlowFile[858,99014538466605.mockFlowFile,23B]; routing to relationship simple
[pool-2751-thread-1] INFO org.apache.nifi.processors.standard.RouteText - RouteText[id=a680ad74-d0b5-404d-9505-4b7cb994baf3] Routing FlowFile[858,99014538466605.mockFlowFile,23B] to original
[main] DEBUG org.apache.nifi.processors.standard.RouteText - RouteText[id=a680ad74-d0b5-404d-9505-4b7cb994baf3] Adding new dynamic property: PropertyDescriptor[simple]
[pool-2752-thread-1] INFO org.apache.nifi.processors.standard.RouteText - RouteText[id=a680ad74-d0b5-404d-9505-4b7cb994baf3] Created FlowFile[861,99014538899747.mockFlowFile,23B] from FlowFile[860,99014538899747.mockFlowFile,23B]; routing to relationship simple
[pool-2752-thread-1] INFO org.apache.nifi.processors.standard.RouteText - RouteText[id=a680ad74-d0b5-404d-9505-4b7cb994baf3] Routing FlowFile[860,99014538899747.mockFlowFile,23B] to original
[main] DEBUG org.apache.nifi.processors.standard.RouteText - RouteText[id=a680ad74-d0b5-404d-9505-4b7cb994baf3] Adding new dynamic property: PropertyDescriptor[simple]
[pool-2753-thread-1] INFO org.apache.nifi.processors.standard.RouteText - RouteText[id=a680ad74-d0b5-404d-9505-4b7cb994baf3] Created FlowFile[863,99014539337891.mockFlowFile,23B] from FlowFile[862,99014539337891.mockFlowFile,23B]; routing to relationship simple
[pool-2753-thread-1] INFO org.apache.nifi.processors.standard.RouteText - RouteText[id=a680ad74-d0b5-404d-9505-4b7cb994baf3] Routing FlowFile[862,99014539337891.mockFlowFile,23B] to original
[main] DEBUG org.apache.nifi.processors.standard.RouteText - RouteText[id=a680ad74-d0b5-404d-9505-4b7cb994baf3] Adding new dynamic property: PropertyDescriptor[simple]
[pool-2754-thread-1] INFO org.apache.nifi.processors.standard.RouteText - RouteText[id=a680ad74-d0b5-404d-9505-4b7cb994baf3] Created FlowFile[865,99014539772401.mockFlowFile,23B] from FlowFile[864,99014539772401.mockFlowFile,23B]; routing to relationship simple
[pool-2754-thread-1] INFO org.apache.nifi.processors.standard.RouteText - RouteText[id=a680ad74-d0b5-404d-9505-4b7cb994baf3] Routing FlowFile[864,99014539772401.mockFlowFile,23B] to original
[main] DEBUG org.apache.nifi.processors.standard.RouteText - RouteText[id=a680ad74-d0b5-404d-9505-4b7cb994baf3] Adding new dynamic property: PropertyDescriptor[simple]
[pool-2755-thread-1] INFO org.apache.nifi.processors.standard.RouteText - RouteText[id=a680ad74-d0b5-404d-9505-4b7cb994baf3] Created FlowFile[867,99014540219634.mockFlowFile,23B] from FlowFile[866,99014540219634.mockFlowFile,23B]; routing to relationship simple
[pool-2755-thread-1] INFO org.apache.nifi.processors.standard.RouteText - RouteText[id=a680ad74-d0b5-404d-9505-4b7cb994baf3] Routing FlowFile[866,99014540219634.mockFlowFile,23B] to original
[main] DEBUG org.apache.nifi.processors.standard.RouteText - RouteText[id=a680ad74-d0b5-404d-9505-4b7cb994baf3] Adding new dynamic property: PropertyDescriptor[simple]
[pool-2756-thread-1] INFO org.apache.nifi.processors.standard.RouteText - RouteText[id=a680ad74-d0b5-404d-9505-4b7cb994baf3] Created FlowFile[869,99014540708663.mockFlowFile,23B] from FlowFile[868,99014540708663.mockFlowFile,23B]; routing to relationship simple
[pool-2756-thread-1] INFO org.apache.nifi.processors.standard.RouteText - RouteText[id=a680ad74-d0b5-404d-9505-4b7cb994baf3] Routing FlowFile[868,99014540708663.mockFlowFile,23B] to original
[main] DEBUG org.apache.nifi.processors.standard.RouteText - RouteText[id=a680ad74-d0b5-404d-9505-4b7cb994baf3] Adding new dynamic property: PropertyDescriptor[simple]
[pool-2757-thread-1] INFO org.apache.nifi.processors.standard.RouteText - RouteText[id=a680ad74-d0b5-404d-9505-4b7cb994baf3] Created FlowFile[871,99014541166527.mockFlowFile,23B] from FlowFile[870,99014541166527.mockFlowFile,23B]; routing to relationship simple
[pool-2757-thread-1] INFO org.apache.nifi.processors.standard.RouteText - RouteText[id=a680ad74-d0b5-404d-9505-4b7cb994baf3] Routing FlowFile[870,99014541166527.mockFlowFile,23B] to original
[main] DEBUG org.apache.nifi.processors.standard.RouteText - RouteText[id=a680ad74-d0b5-404d-9505-4b7cb994baf3] Adding new dynamic property: PropertyDescriptor[simple]
[pool-2758-thread-1] INFO org.apache.nifi.processors.standard.RouteText - RouteText[id=a680ad74-d0b5-404d-9505-4b7cb994baf3] Created FlowFile[873,99014541592809.mockFlowFile,23B] from FlowFile[872,99014541592809.mockFlowFile,23B]; routing to relationship simple
[pool-2758-thread-1] INFO org.apache.nifi.processors.standard.RouteText - RouteText[id=a680ad74-d0b5-404d-9505-4b7cb994baf3] Routing FlowFile[872,99014541592809.mockFlowFile,23B] to original
[main] DEBUG org.apache.nifi.processors.standard.RouteText - RouteText[id=a680ad74-d0b5-404d-9505-4b7cb994baf3] Adding new dynamic property: PropertyDescriptor[simple]
[pool-2759-thread-1] INFO org.apache.nifi.processors.standard.RouteText - RouteText[id=a680ad74-d0b5-404d-9505-4b7cb994baf3] Created FlowFile[875,99014542024119.mockFlowFile,23B] from FlowFile[874,99014542024119.mockFlowFile,23B]; routing to relationship simple
[pool-2759-thread-1] INFO org.apache.nifi.processors.standard.RouteText - RouteText[id=a680ad74-d0b5-404d-9505-4b7cb994baf3] Routing FlowFile[874,99014542024119.mockFlowFile,23B] to original
[main] DEBUG org.apache.nifi.processors.standard.RouteText - RouteText[id=a680ad74-d0b5-404d-9505-4b7cb994baf3] Adding new dynamic property: PropertyDescriptor[simple]
[pool-2760-thread-1] INFO org.apache.nifi.processors.standard.RouteText - RouteText[id=a680ad74-d0b5-404d-9505-4b7cb994baf3] Created FlowFile[877,99014542501998.mockFlowFile,23B] from FlowFile[876,99014542501998.mockFlowFile,23B]; routing to relationship simple
[pool-2760-thread-1] INFO org.apache.nifi.processors.standard.RouteText - RouteText[id=a680ad74-d0b5-404d-9505-4b7cb994baf3] Routing FlowFile[876,99014542501998.mockFlowFile,23B] to original
[main] DEBUG org.apache.nifi.processors.standard.RouteText - RouteText[id=a680ad74-d0b5-404d-9505-4b7cb994baf3] Adding new dynamic property: PropertyDescriptor[simple]
[pool-2761-thread-1] INFO org.apache.nifi.processors.standard.RouteText - RouteText[id=a680ad74-d0b5-404d-9505-4b7cb994baf3] Created FlowFile[879,99014542953693.mockFlowFile,23B] from FlowFile[878,99014542953693.mockFlowFile,23B]; routing to relationship simple
[pool-2761-thread-1] INFO org.apache.nifi.processors.standard.RouteText - RouteText[id=a680ad74-d0b5-404d-9505-4b7cb994baf3] Routing FlowFile[878,99014542953693.mockFlowFile,23B] to original
[main] DEBUG org.apache.nifi.processors.standard.RouteText - RouteText[id=a680ad74-d0b5-404d-9505-4b7cb994baf3] Adding new dynamic property: PropertyDescriptor[simple]
[pool-2762-thread-1] INFO org.apache.nifi.processors.standard.RouteText - RouteText[id=a680ad74-d0b5-404d-9505-4b7cb994baf3] Created FlowFile[881,99014543374107.mockFlowFile,23B] from FlowFile[880,99014543374107.mockFlowFile,23B]; routing to relationship simple
[pool-2762-thread-1] INFO org.apache.nifi.processors.standard.RouteText - RouteText[id=a680ad74-d0b5-404d-9505-4b7cb994baf3] Routing FlowFile[880,99014543374107.mockFlowFile,23B] to original
[main] DEBUG org.apache.nifi.processors.standard.RouteText - RouteText[id=a680ad74-d0b5-404d-9505-4b7cb994baf3] Adding new dynamic property: PropertyDescriptor[simple]
[pool-2763-thread-1] INFO org.apache.nifi.processors.standard.RouteText - RouteText[id=a680ad74-d0b5-404d-9505-4b7cb994baf3] Created FlowFile[883,99014543843819.mockFlowFile,23B] from FlowFile[882,99014543843819.mockFlowFile,23B]; routing to relationship simple
[pool-2763-thread-1] INFO org.apache.nifi.processors.standard.RouteText - RouteText[id=a680ad74-d0b5-404d-9505-4b7cb994baf3] Routing FlowFile[882,99014543843819.mockFlowFile,23B] to original
[main] DEBUG org.apache.nifi.processors.standard.RouteText - RouteText[id=a680ad74-d0b5-404d-9505-4b7cb994baf3] Adding new dynamic property: PropertyDescriptor[simple]
[pool-2764-thread-1] INFO org.apache.nifi.processors.standard.RouteText - RouteText[id=a680ad74-d0b5-404d-9505-4b7cb994baf3] Created FlowFile[885,99014544365461.mockFlowFile,23B] from FlowFile[884,99014544365461.mockFlowFile,23B]; routing to relationship simple
[pool-2764-thread-1] INFO org.apache.nifi.processors.standard.RouteText - RouteText[id=a680ad74-d0b5-404d-9505-4b7cb994baf3] Routing FlowFile[884,99014544365461.mockFlowFile,23B] to original
[main] DEBUG org.apache.nifi.processors.standard.RouteText - RouteText[id=a680ad74-d0b5-404d-9505-4b7cb994baf3] Adding new dynamic property: PropertyDescriptor[simple]
[pool-2765-thread-1] INFO org.apache.nifi.processors.standard.RouteText - RouteText[id=a680ad74-d0b5-404d-9505-4b7cb994baf3] Created FlowFile[887,99014544882269.mockFlowFile,23B] from FlowFile[886,99014544882269.mockFlowFile,23B]; routing to relationship simple
[pool-2765-thread-1] INFO org.apache.nifi.processors.standard.RouteText - RouteText[id=a680ad74-d0b5-404d-9505-4b7cb994baf3] Routing FlowFile[886,99014544882269.mockFlowFile,23B] to original
[main] DEBUG org.apache.nifi.processors.standard.RouteText - RouteText[id=a680ad74-d0b5-404d-9505-4b7cb994baf3] Adding new dynamic property: PropertyDescriptor[simple]
[pool-2766-thread-1] INFO org.apache.nifi.processors.standard.RouteText - RouteText[id=a680ad74-d0b5-404d-9505-4b7cb994baf3] Created FlowFile[889,99014545403869.mockFlowFile,23B] from FlowFile[888,99014545403869.mockFlowFile,23B]; routing to relationship simple
[pool-2766-thread-1] INFO org.apache.nifi.processors.standard.RouteText - RouteText[id=a680ad74-d0b5-404d-9505-4b7cb994baf3] Routing FlowFile[888,99014545403869.mockFlowFile,23B] to original
[main] DEBUG org.apache.nifi.processors.standard.RouteText - RouteText[id=a680ad74-d0b5-404d-9505-4b7cb994baf3] Adding new dynamic property: PropertyDescriptor[simple]
[pool-2767-thread-1] INFO org.apache.nifi.processors.standard.RouteText - RouteText[id=a680ad74-d0b5-404d-9505-4b7cb994baf3] Created FlowFile[891,99014545903356.mockFlowFile,23B] from FlowFile[890,99014545903356.mockFlowFile,23B]; routing to relationship simple
[pool-2767-thread-1] INFO org.apache.nifi.processors.standard.RouteText - RouteText[id=a680ad74-d0b5-404d-9505-4b7cb994baf3] Routing FlowFile[890,99014545903356.mockFlowFile,23B] to original
[main] DEBUG org.apache.nifi.processors.standard.RouteText - RouteText[id=a680ad74-d0b5-404d-9505-4b7cb994baf3] Adding new dynamic property: PropertyDescriptor[simple]
[pool-2768-thread-1] INFO org.apache.nifi.processors.standard.RouteText - RouteText[id=a680ad74-d0b5-404d-9505-4b7cb994baf3] Created FlowFile[893,99014546368991.mockFlowFile,23B] from FlowFile[892,99014546368991.mockFlowFile,23B]; routing to relationship simple
[pool-2768-thread-1] INFO org.apache.nifi.processors.standard.RouteText - RouteText[id=a680ad74-d0b5-404d-9505-4b7cb994baf3] Routing FlowFile[892,99014546368991.mockFlowFile,23B] to original
[main] DEBUG org.apache.nifi.processors.standard.RouteText - RouteText[id=a680ad74-d0b5-404d-9505-4b7cb994baf3] Adding new dynamic property: PropertyDescriptor[simple]
[pool-2769-thread-1] INFO org.apache.nifi.processors.standard.RouteText - RouteText[id=a680ad74-d0b5-404d-9505-4b7cb994baf3] Created FlowFile[895,99014546748853.mockFlowFile,23B] from FlowFile[894,99014546748853.mockFlowFile,23B]; routing to relationship simple
[pool-2769-thread-1] INFO org.apache.nifi.processors.standard.RouteText - RouteText[id=a680ad74-d0b5-404d-9505-4b7cb994baf3] Routing FlowFile[894,99014546748853.mockFlowFile,23B] to original
[main] DEBUG org.apache.nifi.processors.standard.RouteText - RouteText[id=a680ad74-d0b5-404d-9505-4b7cb994baf3] Adding new dynamic property: PropertyDescriptor[simple]
[pool-2770-thread-1] INFO org.apache.nifi.processors.standard.RouteText - RouteText[id=a680ad74-d0b5-404d-9505-4b7cb994baf3] Created FlowFile[897,99014547112852.mockFlowFile,23B] from FlowFile[896,99014547112852.mockFlowFile,23B]; routing to relationship simple
[pool-2770-thread-1] INFO org.apache.nifi.processors.standard.RouteText - RouteText[id=a680ad74-d0b5-404d-9505-4b7cb994baf3] Routing FlowFile[896,99014547112852.mockFlowFile,23B] to original
[main] DEBUG org.apache.nifi.processors.standard.RouteText - RouteText[id=a680ad74-d0b5-404d-9505-4b7cb994baf3] Adding new dynamic property: PropertyDescriptor[simple]
[pool-2771-thread-1] INFO org.apache.nifi.processors.standard.RouteText - RouteText[id=a680ad74-d0b5-404d-9505-4b7cb994baf3] Created FlowFile[899,99014547709435.mockFlowFile,23B] from FlowFile[898,99014547709435.mockFlowFile,23B]; routing to relationship simple
[pool-2771-thread-1] INFO org.apache.nifi.processors.standard.RouteText - RouteText[id=a680ad74-d0b5-404d-9505-4b7cb994baf3] Routing FlowFile[898,99014547709435.mockFlowFile,23B] to original
[main] DEBUG org.apache.nifi.processors.standard.RouteText - RouteText[id=a680ad74-d0b5-404d-9505-4b7cb994baf3] Adding new dynamic property: PropertyDescriptor[simple]
[pool-2772-thread-1] INFO org.apache.nifi.processors.standard.RouteText - RouteText[id=a680ad74-d0b5-404d-9505-4b7cb994baf3] Created FlowFile[901,99014548245602.mockFlowFile,23B] from FlowFile[900,99014548245602.mockFlowFile,23B]; routing to relationship simple
[pool-2772-thread-1] INFO org.apache.nifi.processors.standard.RouteText - RouteText[id=a680ad74-d0b5-404d-9505-4b7cb994baf3] Routing FlowFile[900,99014548245602.mockFlowFile,23B] to original
[main] DEBUG org.apache.nifi.processors.standard.RouteText - RouteText[id=a680ad74-d0b5-404d-9505-4b7cb994baf3] Adding new dynamic property: PropertyDescriptor[simple]
[pool-2773-thread-1] INFO org.apache.nifi.processors.standard.RouteText - RouteText[id=a680ad74-d0b5-404d-9505-4b7cb994baf3] Created FlowFile[903,99014548800213.mockFlowFile,23B] from FlowFile[902,99014548800213.mockFlowFile,23B]; routing to relationship simple
[pool-2773-thread-1] INFO org.apache.nifi.processors.standard.RouteText - RouteText[id=a680ad74-d0b5-404d-9505-4b7cb994baf3] Routing FlowFile[902,99014548800213.mockFlowFile,23B] to original
[main] DEBUG org.apache.nifi.processors.standard.RouteText - RouteText[id=a680ad74-d0b5-404d-9505-4b7cb994baf3] Adding new dynamic property: PropertyDescriptor[simple]
[pool-2774-thread-1] INFO org.apache.nifi.processors.standard.RouteText - RouteText[id=a680ad74-d0b5-404d-9505-4b7cb994baf3] Created FlowFile[905,99014549388420.mockFlowFile,23B] from FlowFile[904,99014549388420.mockFlowFile,23B]; routing to relationship simple
[pool-2774-thread-1] INFO org.apache.nifi.processors.standard.RouteText - RouteText[id=a680ad74-d0b5-404d-9505-4b7cb994baf3] Routing FlowFile[904,99014549388420.mockFlowFile,23B] to original
[main] DEBUG org.apache.nifi.processors.standard.RouteText - RouteText[id=a680ad74-d0b5-404d-9505-4b7cb994baf3] Adding new dynamic property: PropertyDescriptor[simple]
[pool-2775-thread-1] INFO org.apache.nifi.processors.standard.RouteText - RouteText[id=a680ad74-d0b5-404d-9505-4b7cb994baf3] Created FlowFile[907,99014549914516.mockFlowFile,23B] from FlowFile[906,99014549914516.mockFlowFile,23B]; routing to relationship simple
[pool-2775-thread-1] INFO org.apache.nifi.processors.standard.RouteText - RouteText[id=a680ad74-d0b5-404d-9505-4b7cb994baf3] Routing FlowFile[906,99014549914516.mockFlowFile,23B] to original
[main] DEBUG org.apache.nifi.processors.standard.RouteText - RouteText[id=a680ad74-d0b5-404d-9505-4b7cb994baf3] Adding new dynamic property: PropertyDescriptor[simple]
[pool-2776-thread-1] INFO org.apache.nifi.processors.standard.RouteText - RouteText[id=a680ad74-d0b5-404d-9505-4b7cb994baf3] Created FlowFile[909,99014550379288.mockFlowFile,23B] from FlowFile[908,99014550379288.mockFlowFile,23B]; routing to relationship simple
[pool-2776-thread-1] INFO org.apache.nifi.processors.standard.RouteText - RouteText[id=a680ad74-d0b5-404d-9505-4b7cb994baf3] Routing FlowFile[908,99014550379288.mockFlowFile,23B] to original
[main] DEBUG org.apache.nifi.processors.standard.RouteText - RouteText[id=a680ad74-d0b5-404d-9505-4b7cb994baf3] Adding new dynamic property: PropertyDescriptor[simple]
[pool-2777-thread-1] INFO org.apache.nifi.processors.standard.RouteText - RouteText[id=a680ad74-d0b5-404d-9505-4b7cb994baf3] Created FlowFile[911,99014550780131.mockFlowFile,23B] from FlowFile[910,99014550780131.mockFlowFile,23B]; routing to relationship simple
[pool-2777-thread-1] INFO org.apache.nifi.processors.standard.RouteText - RouteText[id=a680ad74-d0b5-404d-9505-4b7cb994baf3] Routing FlowFile[910,99014550780131.mockFlowFile,23B] to original
[main] DEBUG org.apache.nifi.processors.standard.RouteText - RouteText[id=a680ad74-d0b5-404d-9505-4b7cb994baf3] Adding new dynamic property: PropertyDescriptor[simple]
[pool-2778-thread-1] INFO org.apache.nifi.processors.standard.RouteText - RouteText[id=a680ad74-d0b5-404d-9505-4b7cb994baf3] Created FlowFile[913,99014551166609.mockFlowFile,23B] from FlowFile[912,99014551166609.mockFlowFile,23B]; routing to relationship simple
[pool-2778-thread-1] INFO org.apache.nifi.processors.standard.RouteText - RouteText[id=a680ad74-d0b5-404d-9505-4b7cb994baf3] Routing FlowFile[912,99014551166609.mockFlowFile,23B] to original
[main] DEBUG org.apache.nifi.processors.standard.RouteText - RouteText[id=a680ad74-d0b5-404d-9505-4b7cb994baf3] Adding new dynamic property: PropertyDescriptor[simple]
[pool-2779-thread-1] INFO org.apache.nifi.processors.standard.RouteText - RouteText[id=a680ad74-d0b5-404d-9505-4b7cb994baf3] Created FlowFile[915,99014551568393.mockFlowFile,23B] from FlowFile[914,99014551568393.mockFlowFile,23B]; routing to relationship simple
[pool-2779-thread-1] INFO org.apache.nifi.processors.standard.RouteText - RouteText[id=a680ad74-d0b5-404d-9505-4b7cb994baf3] Routing FlowFile[914,99014551568393.mockFlowFile,23B] to original
[main] DEBUG org.apache.nifi.processors.standard.RouteText - RouteText[id=a680ad74-d0b5-404d-9505-4b7cb994baf3] Adding new dynamic property: PropertyDescriptor[simple]
[pool-2780-thread-1] INFO org.apache.nifi.processors.standard.RouteText - RouteText[id=a680ad74-d0b5-404d-9505-4b7cb994baf3] Created FlowFile[917,99014551935220.mockFlowFile,23B] from FlowFile[916,99014551935220.mockFlowFile,23B]; routing to relationship simple
[pool-2780-thread-1] INFO org.apache.nifi.processors.standard.RouteText - RouteText[id=a680ad74-d0b5-404d-9505-4b7cb994baf3] Routing FlowFile[916,99014551935220.mockFlowFile,23B] to original
[main] DEBUG org.apache.nifi.processors.standard.RouteText - RouteText[id=a680ad74-d0b5-404d-9505-4b7cb994baf3] Adding new dynamic property: PropertyDescriptor[simple]
[pool-2781-thread-1] INFO org.apache.nifi.processors.standard.RouteText - RouteText[id=a680ad74-d0b5-404d-9505-4b7cb994baf3] Created FlowFile[919,99014552400955.mockFlowFile,23B] from FlowFile[918,99014552400955.mockFlowFile,23B]; routing to relationship simple
[pool-2781-thread-1] INFO org.apache.nifi.processors.standard.RouteText - RouteText[id=a680ad74-d0b5-404d-9505-4b7cb994baf3] Routing FlowFile[918,99014552400955.mockFlowFile,23B] to original
[main] DEBUG org.apache.nifi.processors.standard.RouteText - RouteText[id=a680ad74-d0b5-404d-9505-4b7cb994baf3] Adding new dynamic property: PropertyDescriptor[simple]
[pool-2782-thread-1] INFO org.apache.nifi.processors.standard.RouteText - RouteText[id=a680ad74-d0b5-404d-9505-4b7cb994baf3] Created FlowFile[921,99014552755538.mockFlowFile,23B] from FlowFile[920,99014552755538.mockFlowFile,23B]; routing to relationship simple
[pool-2782-thread-1] INFO org.apache.nifi.processors.standard.RouteText - RouteText[id=a680ad74-d0b5-404d-9505-4b7cb994baf3] Routing FlowFile[920,99014552755538.mockFlowFile,23B] to original
[main] DEBUG org.apache.nifi.processors.standard.RouteText - RouteText[id=a680ad74-d0b5-404d-9505-4b7cb994baf3] Adding new dynamic property: PropertyDescriptor[simple]
[pool-2783-thread-1] INFO org.apache.nifi.processors.standard.RouteText - RouteText[id=a680ad74-d0b5-404d-9505-4b7cb994baf3] Created FlowFile[923,99014553115976.mockFlowFile,23B] from FlowFile[922,99014553115976.mockFlowFile,23B]; routing to relationship simple
[pool-2783-thread-1] INFO org.apache.nifi.processors.standard.RouteText - RouteText[id=a680ad74-d0b5-404d-9505-4b7cb994baf3] Routing FlowFile[922,99014553115976.mockFlowFile,23B] to original
[main] DEBUG org.apache.nifi.processors.standard.RouteText - RouteText[id=a680ad74-d0b5-404d-9505-4b7cb994baf3] Adding new dynamic property: PropertyDescriptor[simple]
[pool-2784-thread-1] INFO org.apache.nifi.processors.standard.RouteText - RouteText[id=a680ad74-d0b5-404d-9505-4b7cb994baf3] Created FlowFile[925,99014553487740.mockFlowFile,23B] from FlowFile[924,99014553487740.mockFlowFile,23B]; routing to relationship simple
[pool-2784-thread-1] INFO org.apache.nifi.processors.standard.RouteText - RouteText[id=a680ad74-d0b5-404d-9505-4b7cb994baf3] Routing FlowFile[924,99014553487740.mockFlowFile,23B] to original
[main] DEBUG org.apache.nifi.processors.standard.RouteText - RouteText[id=a680ad74-d0b5-404d-9505-4b7cb994baf3] Adding new dynamic property: PropertyDescriptor[simple]
[pool-2785-thread-1] INFO org.apache.nifi.processors.standard.RouteText - RouteText[id=a680ad74-d0b5-404d-9505-4b7cb994baf3] Created FlowFile[927,99014553869931.mockFlowFile,23B] from FlowFile[926,99014553869931.mockFlowFile,23B]; routing to relationship simple
[pool-2785-thread-1] INFO org.apache.nifi.processors.standard.RouteText - RouteText[id=a680ad74-d0b5-404d-9505-4b7cb994baf3] Routing FlowFile[926,99014553869931.mockFlowFile,23B] to original
[main] DEBUG org.apache.nifi.processors.standard.RouteText - RouteText[id=a680ad74-d0b5-404d-9505-4b7cb994baf3] Adding new dynamic property: PropertyDescriptor[simple]
[pool-2786-thread-1] INFO org.apache.nifi.processors.standard.RouteText - RouteText[id=a680ad74-d0b5-404d-9505-4b7cb994baf3] Created FlowFile[929,99014554346325.mockFlowFile,23B] from FlowFile[928,99014554346325.mockFlowFile,23B]; routing to relationship simple
[pool-2786-thread-1] INFO org.apache.nifi.processors.standard.RouteText - RouteText[id=a680ad74-d0b5-404d-9505-4b7cb994baf3] Routing FlowFile[928,99014554346325.mockFlowFile,23B] to original
[main] DEBUG org.apache.nifi.processors.standard.RouteText - RouteText[id=a680ad74-d0b5-404d-9505-4b7cb994baf3] Adding new dynamic property: PropertyDescriptor[simple]
[pool-2787-thread-1] INFO org.apache.nifi.processors.standard.RouteText - RouteText[id=a680ad74-d0b5-404d-9505-4b7cb994baf3] Created FlowFile[931,99014554718679.mockFlowFile,23B] from FlowFile[930,99014554718679.mockFlowFile,23B]; routing to relationship simple
[pool-2787-thread-1] INFO org.apache.nifi.processors.standard.RouteText - RouteText[id=a680ad74-d0b5-404d-9505-4b7cb994baf3] Routing FlowFile[930,99014554718679.mockFlowFile,23B] to original
[main] DEBUG org.apache.nifi.processors.standard.RouteText - RouteText[id=a680ad74-d0b5-404d-9505-4b7cb994baf3] Adding new dynamic property: PropertyDescriptor[simple]
[pool-2788-thread-1] INFO org.apache.nifi.processors.standard.RouteText - RouteText[id=a680ad74-d0b5-404d-9505-4b7cb994baf3] Created FlowFile[933,99014555091958.mockFlowFile,23B] from FlowFile[932,99014555091958.mockFlowFile,23B]; routing to relationship simple
[pool-2788-thread-1] INFO org.apache.nifi.processors.standard.RouteText - RouteText[id=a680ad74-d0b5-404d-9505-4b7cb994baf3] Routing FlowFile[932,99014555091958.mockFlowFile,23B] to original
[main] DEBUG org.apache.nifi.processors.standard.RouteText - RouteText[id=a680ad74-d0b5-404d-9505-4b7cb994baf3] Adding new dynamic property: PropertyDescriptor[simple]
[pool-2789-thread-1] INFO org.apache.nifi.processors.standard.RouteText - RouteText[id=a680ad74-d0b5-404d-9505-4b7cb994baf3] Created FlowFile[935,99014555612635.mockFlowFile,23B] from FlowFile[934,99014555612635.mockFlowFile,23B]; routing to relationship simple
[pool-2789-thread-1] INFO org.apache.nifi.processors.standard.RouteText - RouteText[id=a680ad74-d0b5-404d-9505-4b7cb994baf3] Routing FlowFile[934,99014555612635.mockFlowFile,23B] to original
[main] DEBUG org.apache.nifi.processors.standard.RouteText - RouteText[id=a680ad74-d0b5-404d-9505-4b7cb994baf3] Adding new dynamic property: PropertyDescriptor[simple]
[pool-2790-thread-1] INFO org.apache.nifi.processors.standard.RouteText - RouteText[id=a680ad74-d0b5-404d-9505-4b7cb994baf3] Created FlowFile[937,99014555988698.mockFlowFile,23B] from FlowFile[936,99014555988698.mockFlowFile,23B]; routing to relationship simple
[pool-2790-thread-1] INFO org.apache.nifi.processors.standard.RouteText - RouteText[id=a680ad74-d0b5-404d-9505-4b7cb994baf3] Routing FlowFile[936,99014555988698.mockFlowFile,23B] to original
[main] DEBUG org.apache.nifi.processors.standard.RouteText - RouteText[id=a680ad74-d0b5-404d-9505-4b7cb994baf3] Adding new dynamic property: PropertyDescriptor[simple]
[pool-2791-thread-1] INFO org.apache.nifi.processors.standard.RouteText - RouteText[id=a680ad74-d0b5-404d-9505-4b7cb994baf3] Created FlowFile[939,99014556449544.mockFlowFile,23B] from FlowFile[938,99014556449544.mockFlowFile,23B]; routing to relationship simple
[pool-2791-thread-1] INFO org.apache.nifi.processors.standard.RouteText - RouteText[id=a680ad74-d0b5-404d-9505-4b7cb994baf3] Routing FlowFile[938,99014556449544.mockFlowFile,23B] to original
[main] DEBUG org.apache.nifi.processors.standard.RouteText - RouteText[id=a680ad74-d0b5-404d-9505-4b7cb994baf3] Adding new dynamic property: PropertyDescriptor[simple]
[pool-2792-thread-1] INFO org.apache.nifi.processors.standard.RouteText - RouteText[id=a680ad74-d0b5-404d-9505-4b7cb994baf3] Created FlowFile[941,99014556964098.mockFlowFile,23B] from FlowFile[940,99014556964098.mockFlowFile,23B]; routing to relationship simple
[pool-2792-thread-1] INFO org.apache.nifi.processors.standard.RouteText - RouteText[id=a680ad74-d0b5-404d-9505-4b7cb994baf3] Routing FlowFile[940,99014556964098.mockFlowFile,23B] to original
[main] DEBUG org.apache.nifi.processors.standard.RouteText - RouteText[id=a680ad74-d0b5-404d-9505-4b7cb994baf3] Adding new dynamic property: PropertyDescriptor[simple]
[pool-2793-thread-1] INFO org.apache.nifi.processors.standard.RouteText - RouteText[id=a680ad74-d0b5-404d-9505-4b7cb994baf3] Created FlowFile[943,99014557364970.mockFlowFile,23B] from FlowFile[942,99014557364970.mockFlowFile,23B]; routing to relationship simple
[pool-2793-thread-1] INFO org.apache.nifi.processors.standard.RouteText - RouteText[id=a680ad74-d0b5-404d-9505-4b7cb994baf3] Routing FlowFile[942,99014557364970.mockFlowFile,23B] to original
[main] DEBUG org.apache.nifi.processors.standard.RouteText - RouteText[id=a680ad74-d0b5-404d-9505-4b7cb994baf3] Adding new dynamic property: PropertyDescriptor[simple]
[pool-2794-thread-1] INFO org.apache.nifi.processors.standard.RouteText - RouteText[id=a680ad74-d0b5-404d-9505-4b7cb994baf3] Created FlowFile[945,99014557755143.mockFlowFile,23B] from FlowFile[944,99014557755143.mockFlowFile,23B]; routing to relationship simple
[pool-2794-thread-1] INFO org.apache.nifi.processors.standard.RouteText - RouteText[id=a680ad74-d0b5-404d-9505-4b7cb994baf3] Routing FlowFile[944,99014557755143.mockFlowFile,23B] to original
[main] DEBUG org.apache.nifi.processors.standard.RouteText - RouteText[id=a680ad74-d0b5-404d-9505-4b7cb994baf3] Adding new dynamic property: PropertyDescriptor[simple]
[pool-2795-thread-1] INFO org.apache.nifi.processors.standard.RouteText - RouteText[id=a680ad74-d0b5-404d-9505-4b7cb994baf3] Created FlowFile[947,99014558136856.mockFlowFile,23B] from FlowFile[946,99014558136856.mockFlowFile,23B]; routing to relationship simple
[pool-2795-thread-1] INFO org.apache.nifi.processors.standard.RouteText - RouteText[id=a680ad74-d0b5-404d-9505-4b7cb994baf3] Routing FlowFile[946,99014558136856.mockFlowFile,23B] to original
[main] DEBUG org.apache.nifi.processors.standard.RouteText - RouteText[id=a680ad74-d0b5-404d-9505-4b7cb994baf3] Adding new dynamic property: PropertyDescriptor[simple]
[pool-2796-thread-1] INFO org.apache.nifi.processors.standard.RouteText - RouteText[id=a680ad74-d0b5-404d-9505-4b7cb994baf3] Created FlowFile[949,99014558521546.mockFlowFile,23B] from FlowFile[948,99014558521546.mockFlowFile,23B]; routing to relationship simple
[pool-2796-thread-1] INFO org.apache.nifi.processors.standard.RouteText - RouteText[id=a680ad74-d0b5-404d-9505-4b7cb994baf3] Routing FlowFile[948,99014558521546.mockFlowFile,23B] to original
[main] DEBUG org.apache.nifi.processors.standard.RouteText - RouteText[id=a680ad74-d0b5-404d-9505-4b7cb994baf3] Adding new dynamic property: PropertyDescriptor[simple]
[pool-2797-thread-1] INFO org.apache.nifi.processors.standard.RouteText - RouteText[id=a680ad74-d0b5-404d-9505-4b7cb994baf3] Created FlowFile[951,99014558902502.mockFlowFile,23B] from FlowFile[950,99014558902502.mockFlowFile,23B]; routing to relationship simple
[pool-2797-thread-1] INFO org.apache.nifi.processors.standard.RouteText - RouteText[id=a680ad74-d0b5-404d-9505-4b7cb994baf3] Routing FlowFile[950,99014558902502.mockFlowFile,23B] to original
[main] DEBUG org.apache.nifi.processors.standard.RouteText - RouteText[id=a680ad74-d0b5-404d-9505-4b7cb994baf3] Adding new dynamic property: PropertyDescriptor[simple]
[pool-2798-thread-1] INFO org.apache.nifi.processors.standard.RouteText - RouteText[id=a680ad74-d0b5-404d-9505-4b7cb994baf3] Created FlowFile[953,99014559365285.mockFlowFile,23B] from FlowFile[952,99014559365285.mockFlowFile,23B]; routing to relationship simple
[pool-2798-thread-1] INFO org.apache.nifi.processors.standard.RouteText - RouteText[id=a680ad74-d0b5-404d-9505-4b7cb994baf3] Routing FlowFile[952,99014559365285.mockFlowFile,23B] to original
[main] DEBUG org.apache.nifi.processors.standard.RouteText - RouteText[id=a680ad74-d0b5-404d-9505-4b7cb994baf3] Adding new dynamic property: PropertyDescriptor[simple]
[pool-2799-thread-1] INFO org.apache.nifi.processors.standard.RouteText - RouteText[id=a680ad74-d0b5-404d-9505-4b7cb994baf3] Created FlowFile[955,99014559790628.mockFlowFile,23B] from FlowFile[954,99014559790628.mockFlowFile,23B]; routing to relationship simple
[pool-2799-thread-1] INFO org.apache.nifi.processors.standard.RouteText - RouteText[id=a680ad74-d0b5-404d-9505-4b7cb994baf3] Routing FlowFile[954,99014559790628.mockFlowFile,23B] to original
[main] DEBUG org.apache.nifi.processors.standard.RouteText - RouteText[id=a680ad74-d0b5-404d-9505-4b7cb994baf3] Adding new dynamic property: PropertyDescriptor[simple]
[pool-2800-thread-1] INFO org.apache.nifi.processors.standard.RouteText - RouteText[id=a680ad74-d0b5-404d-9505-4b7cb994baf3] Created FlowFile[957,99014560279253.mockFlowFile,23B] from FlowFile[956,99014560279253.mockFlowFile,23B]; routing to relationship simple
[pool-2800-thread-1] INFO org.apache.nifi.processors.standard.RouteText - RouteText[id=a680ad74-d0b5-404d-9505-4b7cb994baf3] Routing FlowFile[956,99014560279253.mockFlowFile,23B] to original
[main] DEBUG org.apache.nifi.processors.standard.RouteText - RouteText[id=a680ad74-d0b5-404d-9505-4b7cb994baf3] Adding new dynamic property: PropertyDescriptor[simple]
[pool-2801-thread-1] INFO org.apache.nifi.processors.standard.RouteText - RouteText[id=a680ad74-d0b5-404d-9505-4b7cb994baf3] Created FlowFile[959,99014560755255.mockFlowFile,23B] from FlowFile[958,99014560755255.mockFlowFile,23B]; routing to relationship simple
[pool-2801-thread-1] INFO org.apache.nifi.processors.standard.RouteText - RouteText[id=a680ad74-d0b5-404d-9505-4b7cb994baf3] Routing FlowFile[958,99014560755255.mockFlowFile,23B] to original
[main] DEBUG org.apache.nifi.processors.standard.RouteText - RouteText[id=a680ad74-d0b5-404d-9505-4b7cb994baf3] Adding new dynamic property: PropertyDescriptor[simple]
[pool-2802-thread-1] INFO org.apache.nifi.processors.standard.RouteText - RouteText[id=a680ad74-d0b5-404d-9505-4b7cb994baf3] Created FlowFile[961,99014561287129.mockFlowFile,23B] from FlowFile[960,99014561287129.mockFlowFile,23B]; routing to relationship simple
[pool-2802-thread-1] INFO org.apache.nifi.processors.standard.RouteText - RouteText[id=a680ad74-d0b5-404d-9505-4b7cb994baf3] Routing FlowFile[960,99014561287129.mockFlowFile,23B] to original
[main] DEBUG org.apache.nifi.processors.standard.RouteText - RouteText[id=a680ad74-d0b5-404d-9505-4b7cb994baf3] Adding new dynamic property: PropertyDescriptor[simple]
[pool-2803-thread-1] INFO org.apache.nifi.processors.standard.RouteText - RouteText[id=a680ad74-d0b5-404d-9505-4b7cb994baf3] Created FlowFile[963,99014561786156.mockFlowFile,23B] from FlowFile[962,99014561786156.mockFlowFile,23B]; routing to relationship simple
[pool-2803-thread-1] INFO org.apache.nifi.processors.standard.RouteText - RouteText[id=a680ad74-d0b5-404d-9505-4b7cb994baf3] Routing FlowFile[962,99014561786156.mockFlowFile,23B] to original
[main] DEBUG org.apache.nifi.processors.standard.RouteText - RouteText[id=a680ad74-d0b5-404d-9505-4b7cb994baf3] Adding new dynamic property: PropertyDescriptor[simple]
[pool-2804-thread-1] INFO org.apache.nifi.processors.standard.RouteText - RouteText[id=a680ad74-d0b5-404d-9505-4b7cb994baf3] Created FlowFile[965,99014562280883.mockFlowFile,23B] from FlowFile[964,99014562280883.mockFlowFile,23B]; routing to relationship simple
[pool-2804-thread-1] INFO org.apache.nifi.processors.standard.RouteText - RouteText[id=a680ad74-d0b5-404d-9505-4b7cb994baf3] Routing FlowFile[964,99014562280883.mockFlowFile,23B] to original
[main] DEBUG org.apache.nifi.processors.standard.RouteText - RouteText[id=a680ad74-d0b5-404d-9505-4b7cb994baf3] Adding new dynamic property: PropertyDescriptor[simple]
[pool-2805-thread-1] INFO org.apache.nifi.processors.standard.RouteText - RouteText[id=a680ad74-d0b5-404d-9505-4b7cb994baf3] Created FlowFile[967,99014562752522.mockFlowFile,23B] from FlowFile[966,99014562752522.mockFlowFile,23B]; routing to relationship simple
[pool-2805-thread-1] INFO org.apache.nifi.processors.standard.RouteText - RouteText[id=a680ad74-d0b5-404d-9505-4b7cb994baf3] Routing FlowFile[966,99014562752522.mockFlowFile,23B] to original
[main] DEBUG org.apache.nifi.processors.standard.RouteText - RouteText[id=a680ad74-d0b5-404d-9505-4b7cb994baf3] Adding new dynamic property: PropertyDescriptor[simple]
[pool-2806-thread-1] INFO org.apache.nifi.processors.standard.RouteText - RouteText[id=a680ad74-d0b5-404d-9505-4b7cb994baf3] Created FlowFile[969,99014563231016.mockFlowFile,23B] from FlowFile[968,99014563231016.mockFlowFile,23B]; routing to relationship simple
[pool-2806-thread-1] INFO org.apache.nifi.processors.standard.RouteText - RouteText[id=a680ad74-d0b5-404d-9505-4b7cb994baf3] Routing FlowFile[968,99014563231016.mockFlowFile,23B] to original
[main] DEBUG org.apache.nifi.processors.standard.RouteText - RouteText[id=a680ad74-d0b5-404d-9505-4b7cb994baf3] Adding new dynamic property: PropertyDescriptor[simple]
[pool-2807-thread-1] INFO org.apache.nifi.processors.standard.RouteText - RouteText[id=a680ad74-d0b5-404d-9505-4b7cb994baf3] Created FlowFile[971,99014563709517.mockFlowFile,23B] from FlowFile[970,99014563709517.mockFlowFile,23B]; routing to relationship simple
[pool-2807-thread-1] INFO org.apache.nifi.processors.standard.RouteText - RouteText[id=a680ad74-d0b5-404d-9505-4b7cb994baf3] Routing FlowFile[970,99014563709517.mockFlowFile,23B] to original
[main] DEBUG org.apache.nifi.processors.standard.RouteText - RouteText[id=a680ad74-d0b5-404d-9505-4b7cb994baf3] Adding new dynamic property: PropertyDescriptor[simple]
[pool-2808-thread-1] INFO org.apache.nifi.processors.standard.RouteText - RouteText[id=a680ad74-d0b5-404d-9505-4b7cb994baf3] Created FlowFile[973,99014564173273.mockFlowFile,23B] from FlowFile[972,99014564173273.mockFlowFile,23B]; routing to relationship simple
[pool-2808-thread-1] INFO org.apache.nifi.processors.standard.RouteText - RouteText[id=a680ad74-d0b5-404d-9505-4b7cb994baf3] Routing FlowFile[972,99014564173273.mockFlowFile,23B] to original
[main] DEBUG org.apache.nifi.processors.standard.RouteText - RouteText[id=a680ad74-d0b5-404d-9505-4b7cb994baf3] Adding new dynamic property: PropertyDescriptor[simple]
[pool-2809-thread-1] INFO org.apache.nifi.processors.standard.RouteText - RouteText[id=a680ad74-d0b5-404d-9505-4b7cb994baf3] Created FlowFile[975,99014564588495.mockFlowFile,23B] from FlowFile[974,99014564588495.mockFlowFile,23B]; routing to relationship simple
[pool-2809-thread-1] INFO org.apache.nifi.processors.standard.RouteText - RouteText[id=a680ad74-d0b5-404d-9505-4b7cb994baf3] Routing FlowFile[974,99014564588495.mockFlowFile,23B] to original
[main] DEBUG org.apache.nifi.processors.standard.RouteText - RouteText[id=a680ad74-d0b5-404d-9505-4b7cb994baf3] Adding new dynamic property: PropertyDescriptor[simple]
[pool-2810-thread-1] INFO org.apache.nifi.processors.standard.RouteText - RouteText[id=a680ad74-d0b5-404d-9505-4b7cb994baf3] Created FlowFile[977,99014565043014.mockFlowFile,23B] from FlowFile[976,99014565043014.mockFlowFile,23B]; routing to relationship simple
[pool-2810-thread-1] INFO org.apache.nifi.processors.standard.RouteText - RouteText[id=a680ad74-d0b5-404d-9505-4b7cb994baf3] Routing FlowFile[976,99014565043014.mockFlowFile,23B] to original
[main] DEBUG org.apache.nifi.processors.standard.RouteText - RouteText[id=a680ad74-d0b5-404d-9505-4b7cb994baf3] Adding new dynamic property: PropertyDescriptor[simple]
[pool-2811-thread-1] INFO org.apache.nifi.processors.standard.RouteText - RouteText[id=a680ad74-d0b5-404d-9505-4b7cb994baf3] Created FlowFile[979,99014565491444.mockFlowFile,23B] from FlowFile[978,99014565491444.mockFlowFile,23B]; routing to relationship simple
[pool-2811-thread-1] INFO org.apache.nifi.processors.standard.RouteText - RouteText[id=a680ad74-d0b5-404d-9505-4b7cb994baf3] Routing FlowFile[978,99014565491444.mockFlowFile,23B] to original
[main] DEBUG org.apache.nifi.processors.standard.RouteText - RouteText[id=a680ad74-d0b5-404d-9505-4b7cb994baf3] Adding new dynamic property: PropertyDescriptor[simple]
[pool-2812-thread-1] INFO org.apache.nifi.processors.standard.RouteText - RouteText[id=a680ad74-d0b5-404d-9505-4b7cb994baf3] Created FlowFile[981,99014565936371.mockFlowFile,23B] from FlowFile[980,99014565936371.mockFlowFile,23B]; routing to relationship simple
[pool-2812-thread-1] INFO org.apache.nifi.processors.standard.RouteText - RouteText[id=a680ad74-d0b5-404d-9505-4b7cb994baf3] Routing FlowFile[980,99014565936371.mockFlowFile,23B] to original
[main] DEBUG org.apache.nifi.processors.standard.RouteText - RouteText[id=a680ad74-d0b5-404d-9505-4b7cb994baf3] Adding new dynamic property: PropertyDescriptor[simple]
[pool-2813-thread-1] INFO org.apache.nifi.processors.standard.RouteText - RouteText[id=a680ad74-d0b5-404d-9505-4b7cb994baf3] Created FlowFile[983,99014566373034.mockFlowFile,23B] from FlowFile[982,99014566373034.mockFlowFile,23B]; routing to relationship simple
[pool-2813-thread-1] INFO org.apache.nifi.processors.standard.RouteText - RouteText[id=a680ad74-d0b5-404d-9505-4b7cb994baf3] Routing FlowFile[982,99014566373034.mockFlowFile,23B] to original
[main] DEBUG org.apache.nifi.processors.standard.RouteText - RouteText[id=a680ad74-d0b5-404d-9505-4b7cb994baf3] Adding new dynamic property: PropertyDescriptor[simple]
[pool-2814-thread-1] INFO org.apache.nifi.processors.standard.RouteText - RouteText[id=a680ad74-d0b5-404d-9505-4b7cb994baf3] Created FlowFile[985,99014566821119.mockFlowFile,23B] from FlowFile[984,99014566821119.mockFlowFile,23B]; routing to relationship simple
[pool-2814-thread-1] INFO org.apache.nifi.processors.standard.RouteText - RouteText[id=a680ad74-d0b5-404d-9505-4b7cb994baf3] Routing FlowFile[984,99014566821119.mockFlowFile,23B] to original
[main] DEBUG org.apache.nifi.processors.standard.RouteText - RouteText[id=a680ad74-d0b5-404d-9505-4b7cb994baf3] Adding new dynamic property: PropertyDescriptor[simple]
[pool-2815-thread-1] INFO org.apache.nifi.processors.standard.RouteText - RouteText[id=a680ad74-d0b5-404d-9505-4b7cb994baf3] Created FlowFile[987,99014567291066.mockFlowFile,23B] from FlowFile[986,99014567291066.mockFlowFile,23B]; routing to relationship simple
[pool-2815-thread-1] INFO org.apache.nifi.processors.standard.RouteText - RouteText[id=a680ad74-d0b5-404d-9505-4b7cb994baf3] Routing FlowFile[986,99014567291066.mockFlowFile,23B] to original
[main] DEBUG org.apache.nifi.processors.standard.RouteText - RouteText[id=a680ad74-d0b5-404d-9505-4b7cb994baf3] Adding new dynamic property: PropertyDescriptor[simple]
[pool-2816-thread-1] INFO org.apache.nifi.processors.standard.RouteText - RouteText[id=a680ad74-d0b5-404d-9505-4b7cb994baf3] Created FlowFile[989,99014567774340.mockFlowFile,23B] from FlowFile[988,99014567774340.mockFlowFile,23B]; routing to relationship simple
[pool-2816-thread-1] INFO org.apache.nifi.processors.standard.RouteText - RouteText[id=a680ad74-d0b5-404d-9505-4b7cb994baf3] Routing FlowFile[988,99014567774340.mockFlowFile,23B] to original
[main] DEBUG org.apache.nifi.processors.standard.RouteText - RouteText[id=a680ad74-d0b5-404d-9505-4b7cb994baf3] Adding new dynamic property: PropertyDescriptor[simple]
[pool-2817-thread-1] INFO org.apache.nifi.processors.standard.RouteText - RouteText[id=a680ad74-d0b5-404d-9505-4b7cb994baf3] Created FlowFile[991,99014568336363.mockFlowFile,23B] from FlowFile[990,99014568336363.mockFlowFile,23B]; routing to relationship simple
[pool-2817-thread-1] INFO org.apache.nifi.processors.standard.RouteText - RouteText[id=a680ad74-d0b5-404d-9505-4b7cb994baf3] Routing FlowFile[990,99014568336363.mockFlowFile,23B] to original
[main] DEBUG org.apache.nifi.processors.standard.RouteText - RouteText[id=a680ad74-d0b5-404d-9505-4b7cb994baf3] Adding new dynamic property: PropertyDescriptor[simple]
[pool-2818-thread-1] INFO org.apache.nifi.processors.standard.RouteText - RouteText[id=a680ad74-d0b5-404d-9505-4b7cb994baf3] Created FlowFile[993,99014568822199.mockFlowFile,23B] from FlowFile[992,99014568822199.mockFlowFile,23B]; routing to relationship simple
[pool-2818-thread-1] INFO org.apache.nifi.processors.standard.RouteText - RouteText[id=a680ad74-d0b5-404d-9505-4b7cb994baf3] Routing FlowFile[992,99014568822199.mockFlowFile,23B] to original
[main] DEBUG org.apache.nifi.processors.standard.RouteText - RouteText[id=a680ad74-d0b5-404d-9505-4b7cb994baf3] Adding new dynamic property: PropertyDescriptor[simple]
[pool-2819-thread-1] INFO org.apache.nifi.processors.standard.RouteText - RouteText[id=a680ad74-d0b5-404d-9505-4b7cb994baf3] Created FlowFile[995,99014569293368.mockFlowFile,23B] from FlowFile[994,99014569293368.mockFlowFile,23B]; routing to relationship simple
[pool-2819-thread-1] INFO org.apache.nifi.processors.standard.RouteText - RouteText[id=a680ad74-d0b5-404d-9505-4b7cb994baf3] Routing FlowFile[994,99014569293368.mockFlowFile,23B] to original
[main] DEBUG org.apache.nifi.processors.standard.RouteText - RouteText[id=a680ad74-d0b5-404d-9505-4b7cb994baf3] Adding new dynamic property: PropertyDescriptor[simple]
[pool-2820-thread-1] INFO org.apache.nifi.processors.standard.RouteText - RouteText[id=a680ad74-d0b5-404d-9505-4b7cb994baf3] Created FlowFile[997,99014569751893.mockFlowFile,23B] from FlowFile[996,99014569751893.mockFlowFile,23B]; routing to relationship simple
[pool-2820-thread-1] INFO org.apache.nifi.processors.standard.RouteText - RouteText[id=a680ad74-d0b5-404d-9505-4b7cb994baf3] Routing FlowFile[996,99014569751893.mockFlowFile,23B] to original
[main] DEBUG org.apache.nifi.processors.standard.RouteText - RouteText[id=a680ad74-d0b5-404d-9505-4b7cb994baf3] Adding new dynamic property: PropertyDescriptor[simple]
[pool-2821-thread-1] INFO org.apache.nifi.processors.standard.RouteText - RouteText[id=a680ad74-d0b5-404d-9505-4b7cb994baf3] Created FlowFile[999,99014570216334.mockFlowFile,23B] from FlowFile[998,99014570216334.mockFlowFile,23B]; routing to relationship simple
[pool-2821-thread-1] INFO org.apache.nifi.processors.standard.RouteText - RouteText[id=a680ad74-d0b5-404d-9505-4b7cb994baf3] Routing FlowFile[998,99014570216334.mockFlowFile,23B] to original
[main] DEBUG org.apache.nifi.processors.standard.RouteText - RouteText[id=a680ad74-d0b5-404d-9505-4b7cb994baf3] Adding new dynamic property: PropertyDescriptor[simple]
[pool-2822-thread-1] INFO org.apache.nifi.processors.standard.RouteText - RouteText[id=a680ad74-d0b5-404d-9505-4b7cb994baf3] Created FlowFile[1001,99014570680527.mockFlowFile,23B] from FlowFile[1000,99014570680527.mockFlowFile,23B]; routing to relationship simple
[pool-2822-thread-1] INFO org.apache.nifi.processors.standard.RouteText - RouteText[id=a680ad74-d0b5-404d-9505-4b7cb994baf3] Routing FlowFile[1000,99014570680527.mockFlowFile,23B] to original
[main] DEBUG org.apache.nifi.processors.standard.RouteText - RouteText[id=a680ad74-d0b5-404d-9505-4b7cb994baf3] Adding new dynamic property: PropertyDescriptor[simple]
[pool-2823-thread-1] INFO org.apache.nifi.processors.standard.RouteText - RouteText[id=a680ad74-d0b5-404d-9505-4b7cb994baf3] Created FlowFile[1003,99014571146892.mockFlowFile,23B] from FlowFile[1002,99014571146892.mockFlowFile,23B]; routing to relationship simple
[pool-2823-thread-1] INFO org.apache.nifi.processors.standard.RouteText - RouteText[id=a680ad74-d0b5-404d-9505-4b7cb994baf3] Routing FlowFile[1002,99014571146892.mockFlowFile,23B] to original
[main] DEBUG org.apache.nifi.processors.standard.RouteText - RouteText[id=a680ad74-d0b5-404d-9505-4b7cb994baf3] Adding new dynamic property: PropertyDescriptor[simple]
[pool-2824-thread-1] INFO org.apache.nifi.processors.standard.RouteText - RouteText[id=a680ad74-d0b5-404d-9505-4b7cb994baf3] Created FlowFile[1005,99014571734107.mockFlowFile,23B] from FlowFile[1004,99014571734107.mockFlowFile,23B]; routing to relationship simple
[pool-2824-thread-1] INFO org.apache.nifi.processors.standard.RouteText - RouteText[id=a680ad74-d0b5-404d-9505-4b7cb994baf3] Routing FlowFile[1004,99014571734107.mockFlowFile,23B] to original
[main] DEBUG org.apache.nifi.processors.standard.RouteText - RouteText[id=a680ad74-d0b5-404d-9505-4b7cb994baf3] Adding new dynamic property: PropertyDescriptor[simple]
[pool-2825-thread-1] INFO org.apache.nifi.processors.standard.RouteText - RouteText[id=a680ad74-d0b5-404d-9505-4b7cb994baf3] Created FlowFile[1007,99014572262938.mockFlowFile,23B] from FlowFile[1006,99014572262938.mockFlowFile,23B]; routing to relationship simple
[pool-2825-thread-1] INFO org.apache.nifi.processors.standard.RouteText - RouteText[id=a680ad74-d0b5-404d-9505-4b7cb994baf3] Routing FlowFile[1006,99014572262938.mockFlowFile,23B] to original
[main] DEBUG org.apache.nifi.processors.standard.RouteText - RouteText[id=a680ad74-d0b5-404d-9505-4b7cb994baf3] Adding new dynamic property: PropertyDescriptor[simple]
[pool-2826-thread-1] INFO org.apache.nifi.processors.standard.RouteText - RouteText[id=a680ad74-d0b5-404d-9505-4b7cb994baf3] Created FlowFile[1009,99014572768285.mockFlowFile,23B] from FlowFile[1008,99014572768285.mockFlowFile,23B]; routing to relationship simple
[pool-2826-thread-1] INFO org.apache.nifi.processors.standard.RouteText - RouteText[id=a680ad74-d0b5-404d-9505-4b7cb994baf3] Routing FlowFile[1008,99014572768285.mockFlowFile,23B] to original
[main] DEBUG org.apache.nifi.processors.standard.RouteText - RouteText[id=a680ad74-d0b5-404d-9505-4b7cb994baf3] Adding new dynamic property: PropertyDescriptor[simple]
[pool-2827-thread-1] INFO org.apache.nifi.processors.standard.RouteText - RouteText[id=a680ad74-d0b5-404d-9505-4b7cb994baf3] Created FlowFile[1011,99014573271956.mockFlowFile,23B] from FlowFile[1010,99014573271956.mockFlowFile,23B]; routing to relationship simple
[pool-2827-thread-1] INFO org.apache.nifi.processors.standard.RouteText - RouteText[id=a680ad74-d0b5-404d-9505-4b7cb994baf3] Routing FlowFile[1010,99014573271956.mockFlowFile,23B] to original
[main] DEBUG org.apache.nifi.processors.standard.RouteText - RouteText[id=a680ad74-d0b5-404d-9505-4b7cb994baf3] Adding new dynamic property: PropertyDescriptor[simple]
[pool-2828-thread-1] INFO org.apache.nifi.processors.standard.RouteText - RouteText[id=a680ad74-d0b5-404d-9505-4b7cb994baf3] Created FlowFile[1013,99014573741140.mockFlowFile,23B] from FlowFile[1012,99014573741140.mockFlowFile,23B]; routing to relationship simple
[pool-2828-thread-1] INFO org.apache.nifi.processors.standard.RouteText - RouteText[id=a680ad74-d0b5-404d-9505-4b7cb994baf3] Routing FlowFile[1012,99014573741140.mockFlowFile,23B] to original
[main] DEBUG org.apache.nifi.processors.standard.RouteText - RouteText[id=a680ad74-d0b5-404d-9505-4b7cb994baf3] Adding new dynamic property: PropertyDescriptor[simple]
[pool-2829-thread-1] INFO org.apache.nifi.processors.standard.RouteText - RouteText[id=a680ad74-d0b5-404d-9505-4b7cb994baf3] Created FlowFile[1015,99014574205331.mockFlowFile,23B] from FlowFile[1014,99014574205331.mockFlowFile,23B]; routing to relationship simple
[pool-2829-thread-1] INFO org.apache.nifi.processors.standard.RouteText - RouteText[id=a680ad74-d0b5-404d-9505-4b7cb994baf3] Routing FlowFile[1014,99014574205331.mockFlowFile,23B] to original
[main] DEBUG org.apache.nifi.processors.standard.RouteText - RouteText[id=a680ad74-d0b5-404d-9505-4b7cb994baf3] Adding new dynamic property: PropertyDescriptor[simple]
[pool-2830-thread-1] INFO org.apache.nifi.processors.standard.RouteText - RouteText[id=a680ad74-d0b5-404d-9505-4b7cb994baf3] Created FlowFile[1017,99014574677530.mockFlowFile,23B] from FlowFile[1016,99014574677530.mockFlowFile,23B]; routing to relationship simple
[pool-2830-thread-1] INFO org.apache.nifi.processors.standard.RouteText - RouteText[id=a680ad74-d0b5-404d-9505-4b7cb994baf3] Routing FlowFile[1016,99014574677530.mockFlowFile,23B] to original
[main] DEBUG org.apache.nifi.processors.standard.RouteText - RouteText[id=a680ad74-d0b5-404d-9505-4b7cb994baf3] Adding new dynamic property: PropertyDescriptor[simple]
[pool-2831-thread-1] INFO org.apache.nifi.processors.standard.RouteText - RouteText[id=a680ad74-d0b5-404d-9505-4b7cb994baf3] Created FlowFile[1019,99014575312920.mockFlowFile,23B] from FlowFile[1018,99014575312920.mockFlowFile,23B]; routing to relationship simple
[pool-2831-thread-1] INFO org.apache.nifi.processors.standard.RouteText - RouteText[id=a680ad74-d0b5-404d-9505-4b7cb994baf3] Routing FlowFile[1018,99014575312920.mockFlowFile,23B] to original
[main] DEBUG org.apache.nifi.processors.standard.RouteText - RouteText[id=a680ad74-d0b5-404d-9505-4b7cb994baf3] Adding new dynamic property: PropertyDescriptor[simple]
[pool-2832-thread-1] INFO org.apache.nifi.processors.standard.RouteText - RouteText[id=a680ad74-d0b5-404d-9505-4b7cb994baf3] Created FlowFile[1021,99014575813327.mockFlowFile,23B] from FlowFile[1020,99014575813327.mockFlowFile,23B]; routing to relationship simple
[pool-2832-thread-1] INFO org.apache.nifi.processors.standard.RouteText - RouteText[id=a680ad74-d0b5-404d-9505-4b7cb994baf3] Routing FlowFile[1020,99014575813327.mockFlowFile,23B] to original
[main] DEBUG org.apache.nifi.processors.standard.RouteText - RouteText[id=a680ad74-d0b5-404d-9505-4b7cb994baf3] Adding new dynamic property: PropertyDescriptor[simple]
[pool-2833-thread-1] INFO org.apache.nifi.processors.standard.RouteText - RouteText[id=a680ad74-d0b5-404d-9505-4b7cb994baf3] Created FlowFile[1023,99014576334175.mockFlowFile,23B] from FlowFile[1022,99014576334175.mockFlowFile,23B]; routing to relationship simple
[pool-2833-thread-1] INFO org.apache.nifi.processors.standard.RouteText - RouteText[id=a680ad74-d0b5-404d-9505-4b7cb994baf3] Routing FlowFile[1022,99014576334175.mockFlowFile,23B] to original
[main] DEBUG org.apache.nifi.processors.standard.RouteText - RouteText[id=a680ad74-d0b5-404d-9505-4b7cb994baf3] Adding new dynamic property: PropertyDescriptor[simple]
[pool-2834-thread-1] INFO org.apache.nifi.processors.standard.RouteText - RouteText[id=a680ad74-d0b5-404d-9505-4b7cb994baf3] Created FlowFile[1025,99014576809229.mockFlowFile,23B] from FlowFile[1024,99014576809229.mockFlowFile,23B]; routing to relationship simple
[pool-2834-thread-1] INFO org.apache.nifi.processors.standard.RouteText - RouteText[id=a680ad74-d0b5-404d-9505-4b7cb994baf3] Routing FlowFile[1024,99014576809229.mockFlowFile,23B] to original
[main] DEBUG org.apache.nifi.processors.standard.RouteText - RouteText[id=a680ad74-d0b5-404d-9505-4b7cb994baf3] Adding new dynamic property: PropertyDescriptor[simple]
[pool-2835-thread-1] INFO org.apache.nifi.processors.standard.RouteText - RouteText[id=a680ad74-d0b5-404d-9505-4b7cb994baf3] Created FlowFile[1027,99014577451987.mockFlowFile,23B] from FlowFile[1026,99014577451987.mockFlowFile,23B]; routing to relationship simple
[pool-2835-thread-1] INFO org.apache.nifi.processors.standard.RouteText - RouteText[id=a680ad74-d0b5-404d-9505-4b7cb994baf3] Routing FlowFile[1026,99014577451987.mockFlowFile,23B] to original
[main] DEBUG org.apache.nifi.processors.standard.RouteText - RouteText[id=a680ad74-d0b5-404d-9505-4b7cb994baf3] Adding new dynamic property: PropertyDescriptor[simple]
[pool-2836-thread-1] INFO org.apache.nifi.processors.standard.RouteText - RouteText[id=a680ad74-d0b5-404d-9505-4b7cb994baf3] Created FlowFile[1029,99014577987019.mockFlowFile,23B] from FlowFile[1028,99014577987019.mockFlowFile,23B]; routing to relationship simple
[pool-2836-thread-1] INFO org.apache.nifi.processors.standard.RouteText - RouteText[id=a680ad74-d0b5-404d-9505-4b7cb994baf3] Routing FlowFile[1028,99014577987019.mockFlowFile,23B] to original
[main] DEBUG org.apache.nifi.processors.standard.RouteText - RouteText[id=a680ad74-d0b5-404d-9505-4b7cb994baf3] Adding new dynamic property: PropertyDescriptor[simple]
[pool-2837-thread-1] INFO org.apache.nifi.processors.standard.RouteText - RouteText[id=a680ad74-d0b5-404d-9505-4b7cb994baf3] Created FlowFile[1031,99014578484585.mockFlowFile,23B] from FlowFile[1030,99014578484585.mockFlowFile,23B]; routing to relationship simple
[pool-2837-thread-1] INFO org.apache.nifi.processors.standard.RouteText - RouteText[id=a680ad74-d0b5-404d-9505-4b7cb994baf3] Routing FlowFile[1030,99014578484585.mockFlowFile,23B] to original
[main] DEBUG org.apache.nifi.processors.standard.RouteText - RouteText[id=a680ad74-d0b5-404d-9505-4b7cb994baf3] Adding new dynamic property: PropertyDescriptor[simple]
[pool-2838-thread-1] INFO org.apache.nifi.processors.standard.RouteText - RouteText[id=a680ad74-d0b5-404d-9505-4b7cb994baf3] Created FlowFile[1033,99014578935159.mockFlowFile,23B] from FlowFile[1032,99014578935159.mockFlowFile,23B]; routing to relationship simple
[pool-2838-thread-1] INFO org.apache.nifi.processors.standard.RouteText - RouteText[id=a680ad74-d0b5-404d-9505-4b7cb994baf3] Routing FlowFile[1032,99014578935159.mockFlowFile,23B] to original
[main] DEBUG org.apache.nifi.processors.standard.RouteText - RouteText[id=a680ad74-d0b5-404d-9505-4b7cb994baf3] Adding new dynamic property: PropertyDescriptor[simple]
[pool-2839-thread-1] INFO org.apache.nifi.processors.standard.RouteText - RouteText[id=a680ad74-d0b5-404d-9505-4b7cb994baf3] Created FlowFile[1035,99014579387294.mockFlowFile,23B] from FlowFile[1034,99014579387294.mockFlowFile,23B]; routing to relationship simple
[pool-2839-thread-1] INFO org.apache.nifi.processors.standard.RouteText - RouteText[id=a680ad74-d0b5-404d-9505-4b7cb994baf3] Routing FlowFile[1034,99014579387294.mockFlowFile,23B] to original
[main] DEBUG org.apache.nifi.processors.standard.RouteText - RouteText[id=a680ad74-d0b5-404d-9505-4b7cb994baf3] Adding new dynamic property: PropertyDescriptor[simple]
[pool-2840-thread-1] INFO org.apache.nifi.processors.standard.RouteText - RouteText[id=a680ad74-d0b5-404d-9505-4b7cb994baf3] Created FlowFile[1037,99014579856525.mockFlowFile,23B] from FlowFile[1036,99014579856525.mockFlowFile,23B]; routing to relationship simple
[pool-2840-thread-1] INFO org.apache.nifi.processors.standard.RouteText - RouteText[id=a680ad74-d0b5-404d-9505-4b7cb994baf3] Routing FlowFile[1036,99014579856525.mockFlowFile,23B] to original
[main] DEBUG org.apache.nifi.processors.standard.RouteText - RouteText[id=a680ad74-d0b5-404d-9505-4b7cb994baf3] Adding new dynamic property: PropertyDescriptor[simple]
[pool-2841-thread-1] INFO org.apache.nifi.processors.standard.RouteText - RouteText[id=a680ad74-d0b5-404d-9505-4b7cb994baf3] Created FlowFile[1039,99014580353124.mockFlowFile,23B] from FlowFile[1038,99014580353124.mockFlowFile,23B]; routing to relationship simple
[pool-2841-thread-1] INFO org.apache.nifi.processors.standard.RouteText - RouteText[id=a680ad74-d0b5-404d-9505-4b7cb994baf3] Routing FlowFile[1038,99014580353124.mockFlowFile,23B] to original
[main] DEBUG org.apache.nifi.processors.standard.RouteText - RouteText[id=a680ad74-d0b5-404d-9505-4b7cb994baf3] Adding new dynamic property: PropertyDescriptor[simple]
[pool-2842-thread-1] INFO org.apache.nifi.processors.standard.RouteText - RouteText[id=a680ad74-d0b5-404d-9505-4b7cb994baf3] Created FlowFile[1041,99014580988773.mockFlowFile,23B] from FlowFile[1040,99014580988773.mockFlowFile,23B]; routing to relationship simple
[pool-2842-thread-1] INFO org.apache.nifi.processors.standard.RouteText - RouteText[id=a680ad74-d0b5-404d-9505-4b7cb994baf3] Routing FlowFile[1040,99014580988773.mockFlowFile,23B] to original
[main] DEBUG org.apache.nifi.processors.standard.RouteText - RouteText[id=a680ad74-d0b5-404d-9505-4b7cb994baf3] Adding new dynamic property: PropertyDescriptor[simple]
[pool-2843-thread-1] INFO org.apache.nifi.processors.standard.RouteText - RouteText[id=a680ad74-d0b5-404d-9505-4b7cb994baf3] Created FlowFile[1043,99014581542754.mockFlowFile,23B] from FlowFile[1042,99014581542754.mockFlowFile,23B]; routing to relationship simple
[pool-2843-thread-1] INFO org.apache.nifi.processors.standard.RouteText - RouteText[id=a680ad74-d0b5-404d-9505-4b7cb994baf3] Routing FlowFile[1042,99014581542754.mockFlowFile,23B] to original
[main] DEBUG org.apache.nifi.processors.standard.RouteText - RouteText[id=a680ad74-d0b5-404d-9505-4b7cb994baf3] Adding new dynamic property: PropertyDescriptor[simple]
[pool-2844-thread-1] INFO org.apache.nifi.processors.standard.RouteText - RouteText[id=a680ad74-d0b5-404d-9505-4b7cb994baf3] Created FlowFile[1045,99014581952719.mockFlowFile,23B] from FlowFile[1044,99014581952719.mockFlowFile,23B]; routing to relationship simple
[pool-2844-thread-1] INFO org.apache.nifi.processors.standard.RouteText - RouteText[id=a680ad74-d0b5-404d-9505-4b7cb994baf3] Routing FlowFile[1044,99014581952719.mockFlowFile,23B] to original
[main] DEBUG org.apache.nifi.processors.standard.RouteText - RouteText[id=a680ad74-d0b5-404d-9505-4b7cb994baf3] Adding new dynamic property: PropertyDescriptor[simple]
[pool-2845-thread-1] INFO org.apache.nifi.processors.standard.RouteText - RouteText[id=a680ad74-d0b5-404d-9505-4b7cb994baf3] Created FlowFile[1047,99014582470784.mockFlowFile,23B] from FlowFile[1046,99014582470784.mockFlowFile,23B]; routing to relationship simple
[pool-2845-thread-1] INFO org.apache.nifi.processors.standard.RouteText - RouteText[id=a680ad74-d0b5-404d-9505-4b7cb994baf3] Routing FlowFile[1046,99014582470784.mockFlowFile,23B] to original
[main] DEBUG org.apache.nifi.processors.standard.RouteText - RouteText[id=a680ad74-d0b5-404d-9505-4b7cb994baf3] Adding new dynamic property: PropertyDescriptor[simple]
[pool-2846-thread-1] INFO org.apache.nifi.processors.standard.RouteText - RouteText[id=a680ad74-d0b5-404d-9505-4b7cb994baf3] Created FlowFile[1049,99014582903516.mockFlowFile,23B] from FlowFile[1048,99014582903516.mockFlowFile,23B]; routing to relationship simple
[pool-2846-thread-1] INFO org.apache.nifi.processors.standard.RouteText - RouteText[id=a680ad74-d0b5-404d-9505-4b7cb994baf3] Routing FlowFile[1048,99014582903516.mockFlowFile,23B] to original
[main] DEBUG org.apache.nifi.processors.standard.RouteText - RouteText[id=a680ad74-d0b5-404d-9505-4b7cb994baf3] Adding new dynamic property: PropertyDescriptor[simple]
[pool-2847-thread-1] INFO org.apache.nifi.processors.standard.RouteText - RouteText[id=a680ad74-d0b5-404d-9505-4b7cb994baf3] Created FlowFile[1051,99014583345866.mockFlowFile,23B] from FlowFile[1050,99014583345866.mockFlowFile,23B]; routing to relationship simple
[pool-2847-thread-1] INFO org.apache.nifi.processors.standard.RouteText - RouteText[id=a680ad74-d0b5-404d-9505-4b7cb994baf3] Routing FlowFile[1050,99014583345866.mockFlowFile,23B] to original
[main] DEBUG org.apache.nifi.processors.standard.RouteText - RouteText[id=a680ad74-d0b5-404d-9505-4b7cb994baf3] Adding new dynamic property: PropertyDescriptor[simple]
[pool-2848-thread-1] INFO org.apache.nifi.processors.standard.RouteText - RouteText[id=a680ad74-d0b5-404d-9505-4b7cb994baf3] Created FlowFile[1053,99014583791941.mockFlowFile,23B] from FlowFile[1052,99014583791941.mockFlowFile,23B]; routing to relationship simple
[pool-2848-thread-1] INFO org.apache.nifi.processors.standard.RouteText - RouteText[id=a680ad74-d0b5-404d-9505-4b7cb994baf3] Routing FlowFile[1052,99014583791941.mockFlowFile,23B] to original
[main] DEBUG org.apache.nifi.processors.standard.RouteText - RouteText[id=a680ad74-d0b5-404d-9505-4b7cb994baf3] Adding new dynamic property: PropertyDescriptor[simple]
[pool-2849-thread-1] INFO org.apache.nifi.processors.standard.RouteText - RouteText[id=a680ad74-d0b5-404d-9505-4b7cb994baf3] Created FlowFile[1055,99014584253697.mockFlowFile,23B] from FlowFile[1054,99014584253697.mockFlowFile,23B]; routing to relationship simple
[pool-2849-thread-1] INFO org.apache.nifi.processors.standard.RouteText - RouteText[id=a680ad74-d0b5-404d-9505-4b7cb994baf3] Routing FlowFile[1054,99014584253697.mockFlowFile,23B] to original
[main] DEBUG org.apache.nifi.processors.standard.RouteText - RouteText[id=a680ad74-d0b5-404d-9505-4b7cb994baf3] Adding new dynamic property: PropertyDescriptor[simple]
[pool-2850-thread-1] INFO org.apache.nifi.processors.standard.RouteText - RouteText[id=a680ad74-d0b5-404d-9505-4b7cb994baf3] Created FlowFile[1057,99014584693909.mockFlowFile,23B] from FlowFile[1056,99014584693909.mockFlowFile,23B]; routing to relationship simple
[pool-2850-thread-1] INFO org.apache.nifi.processors.standard.RouteText - RouteText[id=a680ad74-d0b5-404d-9505-4b7cb994baf3] Routing FlowFile[1056,99014584693909.mockFlowFile,23B] to original
[main] DEBUG org.apache.nifi.processors.standard.RouteText - RouteText[id=a680ad74-d0b5-404d-9505-4b7cb994baf3] Adding new dynamic property: PropertyDescriptor[simple]
[pool-2851-thread-1] INFO org.apache.nifi.processors.standard.RouteText - RouteText[id=a680ad74-d0b5-404d-9505-4b7cb994baf3] Created FlowFile[1059,99014585115051.mockFlowFile,23B] from FlowFile[1058,99014585115051.mockFlowFile,23B]; routing to relationship simple
[pool-2851-thread-1] INFO org.apache.nifi.processors.standard.RouteText - RouteText[id=a680ad74-d0b5-404d-9505-4b7cb994baf3] Routing FlowFile[1058,99014585115051.mockFlowFile,23B] to original
[main] DEBUG org.apache.nifi.processors.standard.RouteText - RouteText[id=a680ad74-d0b5-404d-9505-4b7cb994baf3] Adding new dynamic property: PropertyDescriptor[simple]
[pool-2852-thread-1] INFO org.apache.nifi.processors.standard.RouteText - RouteText[id=a680ad74-d0b5-404d-9505-4b7cb994baf3] Created FlowFile[1061,99014585533369.mockFlowFile,23B] from FlowFile[1060,99014585533369.mockFlowFile,23B]; routing to relationship simple
[pool-2852-thread-1] INFO org.apache.nifi.processors.standard.RouteText - RouteText[id=a680ad74-d0b5-404d-9505-4b7cb994baf3] Routing FlowFile[1060,99014585533369.mockFlowFile,23B] to original
[main] DEBUG org.apache.nifi.processors.standard.RouteText - RouteText[id=a680ad74-d0b5-404d-9505-4b7cb994baf3] Adding new dynamic property: PropertyDescriptor[simple]
[pool-2853-thread-1] INFO org.apache.nifi.processors.standard.RouteText - RouteText[id=a680ad74-d0b5-404d-9505-4b7cb994baf3] Created FlowFile[1063,99014585954093.mockFlowFile,23B] from FlowFile[1062,99014585954093.mockFlowFile,23B]; routing to relationship simple
[pool-2853-thread-1] INFO org.apache.nifi.processors.standard.RouteText - RouteText[id=a680ad74-d0b5-404d-9505-4b7cb994baf3] Routing FlowFile[1062,99014585954093.mockFlowFile,23B] to original
[main] DEBUG org.apache.nifi.processors.standard.RouteText - RouteText[id=a680ad74-d0b5-404d-9505-4b7cb994baf3] Adding new dynamic property: PropertyDescriptor[simple]
[pool-2854-thread-1] INFO org.apache.nifi.processors.standard.RouteText - RouteText[id=a680ad74-d0b5-404d-9505-4b7cb994baf3] Created FlowFile[1065,99014586379425.mockFlowFile,23B] from FlowFile[1064,99014586379425.mockFlowFile,23B]; routing to relationship simple
[pool-2854-thread-1] INFO org.apache.nifi.processors.standard.RouteText - RouteText[id=a680ad74-d0b5-404d-9505-4b7cb994baf3] Routing FlowFile[1064,99014586379425.mockFlowFile,23B] to original
[main] DEBUG org.apache.nifi.processors.standard.RouteText - RouteText[id=a680ad74-d0b5-404d-9505-4b7cb994baf3] Adding new dynamic property: PropertyDescriptor[simple]
[pool-2855-thread-1] INFO org.apache.nifi.processors.standard.RouteText - RouteText[id=a680ad74-d0b5-404d-9505-4b7cb994baf3] Created FlowFile[1067,99014586781819.mockFlowFile,23B] from FlowFile[1066,99014586781819.mockFlowFile,23B]; routing to relationship simple
[pool-2855-thread-1] INFO org.apache.nifi.processors.standard.RouteText - RouteText[id=a680ad74-d0b5-404d-9505-4b7cb994baf3] Routing FlowFile[1066,99014586781819.mockFlowFile,23B] to original
[main] DEBUG org.apache.nifi.processors.standard.RouteText - RouteText[id=a680ad74-d0b5-404d-9505-4b7cb994baf3] Adding new dynamic property: PropertyDescriptor[simple]
[pool-2856-thread-1] INFO org.apache.nifi.processors.standard.RouteText - RouteText[id=a680ad74-d0b5-404d-9505-4b7cb994baf3] Created FlowFile[1069,99014587190033.mockFlowFile,23B] from FlowFile[1068,99014587190033.mockFlowFile,23B]; routing to relationship simple
[pool-2856-thread-1] INFO org.apache.nifi.processors.standard.RouteText - RouteText[id=a680ad74-d0b5-404d-9505-4b7cb994baf3] Routing FlowFile[1068,99014587190033.mockFlowFile,23B] to original
[main] DEBUG org.apache.nifi.processors.standard.RouteText - RouteText[id=a680ad74-d0b5-404d-9505-4b7cb994baf3] Adding new dynamic property: PropertyDescriptor[simple]
[pool-2857-thread-1] INFO org.apache.nifi.processors.standard.RouteText - RouteText[id=a680ad74-d0b5-404d-9505-4b7cb994baf3] Created FlowFile[1071,99014587586060.mockFlowFile,23B] from FlowFile[1070,99014587586060.mockFlowFile,23B]; routing to relationship simple
[pool-2857-thread-1] INFO org.apache.nifi.processors.standard.RouteText - RouteText[id=a680ad74-d0b5-404d-9505-4b7cb994baf3] Routing FlowFile[1070,99014587586060.mockFlowFile,23B] to original
[main] DEBUG org.apache.nifi.processors.standard.RouteText - RouteText[id=a680ad74-d0b5-404d-9505-4b7cb994baf3] Adding new dynamic property: PropertyDescriptor[simple]
[pool-2858-thread-1] INFO org.apache.nifi.processors.standard.RouteText - RouteText[id=a680ad74-d0b5-404d-9505-4b7cb994baf3] Created FlowFile[1073,99014587987129.mockFlowFile,23B] from FlowFile[1072,99014587987129.mockFlowFile,23B]; routing to relationship simple
[pool-2858-thread-1] INFO org.apache.nifi.processors.standard.RouteText - RouteText[id=a680ad74-d0b5-404d-9505-4b7cb994baf3] Routing FlowFile[1072,99014587987129.mockFlowFile,23B] to original
[main] DEBUG org.apache.nifi.processors.standard.RouteText - RouteText[id=a680ad74-d0b5-404d-9505-4b7cb994baf3] Adding new dynamic property: PropertyDescriptor[simple]
[pool-2859-thread-1] INFO org.apache.nifi.processors.standard.RouteText - RouteText[id=a680ad74-d0b5-404d-9505-4b7cb994baf3] Created FlowFile[1075,99014588398532.mockFlowFile,23B] from FlowFile[1074,99014588398532.mockFlowFile,23B]; routing to relationship simple
[pool-2859-thread-1] INFO org.apache.nifi.processors.standard.RouteText - RouteText[id=a680ad74-d0b5-404d-9505-4b7cb994baf3] Routing FlowFile[1074,99014588398532.mockFlowFile,23B] to original
[main] DEBUG org.apache.nifi.processors.standard.RouteText - RouteText[id=a680ad74-d0b5-404d-9505-4b7cb994baf3] Adding new dynamic property: PropertyDescriptor[simple]
[pool-2860-thread-1] INFO org.apache.nifi.processors.standard.RouteText - RouteText[id=a680ad74-d0b5-404d-9505-4b7cb994baf3] Created FlowFile[1077,99014588787836.mockFlowFile,23B] from FlowFile[1076,99014588787836.mockFlowFile,23B]; routing to relationship simple
[pool-2860-thread-1] INFO org.apache.nifi.processors.standard.RouteText - RouteText[id=a680ad74-d0b5-404d-9505-4b7cb994baf3] Routing FlowFile[1076,99014588787836.mockFlowFile,23B] to original
[main] DEBUG org.apache.nifi.processors.standard.RouteText - RouteText[id=a680ad74-d0b5-404d-9505-4b7cb994baf3] Adding new dynamic property: PropertyDescriptor[simple]
[pool-2861-thread-1] INFO org.apache.nifi.processors.standard.RouteText - RouteText[id=a680ad74-d0b5-404d-9505-4b7cb994baf3] Created FlowFile[1079,99014589169326.mockFlowFile,23B] from FlowFile[1078,99014589169326.mockFlowFile,23B]; routing to relationship simple
[pool-2861-thread-1] INFO org.apache.nifi.processors.standard.RouteText - RouteText[id=a680ad74-d0b5-404d-9505-4b7cb994baf3] Routing FlowFile[1078,99014589169326.mockFlowFile,23B] to original
[main] DEBUG org.apache.nifi.processors.standard.RouteText - RouteText[id=a680ad74-d0b5-404d-9505-4b7cb994baf3] Adding new dynamic property: PropertyDescriptor[simple]
[pool-2862-thread-1] INFO org.apache.nifi.processors.standard.RouteText - RouteText[id=a680ad74-d0b5-404d-9505-4b7cb994baf3] Created FlowFile[1081,99014589534871.mockFlowFile,23B] from FlowFile[1080,99014589534871.mockFlowFile,23B]; routing to relationship simple
[pool-2862-thread-1] INFO org.apache.nifi.processors.standard.RouteText - RouteText[id=a680ad74-d0b5-404d-9505-4b7cb994baf3] Routing FlowFile[1080,99014589534871.mockFlowFile,23B] to original
[main] DEBUG org.apache.nifi.processors.standard.RouteText - RouteText[id=a680ad74-d0b5-404d-9505-4b7cb994baf3] Adding new dynamic property: PropertyDescriptor[simple]
[pool-2863-thread-1] INFO org.apache.nifi.processors.standard.RouteText - RouteText[id=a680ad74-d0b5-404d-9505-4b7cb994baf3] Created FlowFile[1083,99014589917413.mockFlowFile,23B] from FlowFile[1082,99014589917413.mockFlowFile,23B]; routing to relationship simple
[pool-2863-thread-1] INFO org.apache.nifi.processors.standard.RouteText - RouteText[id=a680ad74-d0b5-404d-9505-4b7cb994baf3] Routing FlowFile[1082,99014589917413.mockFlowFile,23B] to original
[main] DEBUG org.apache.nifi.processors.standard.RouteText - RouteText[id=a680ad74-d0b5-404d-9505-4b7cb994baf3] Adding new dynamic property: PropertyDescriptor[simple]
[pool-2864-thread-1] INFO org.apache.nifi.processors.standard.RouteText - RouteText[id=a680ad74-d0b5-404d-9505-4b7cb994baf3] Created FlowFile[1085,99014590285013.mockFlowFile,23B] from FlowFile[1084,99014590285013.mockFlowFile,23B]; routing to relationship simple
[pool-2864-thread-1] INFO org.apache.nifi.processors.standard.RouteText - RouteText[id=a680ad74-d0b5-404d-9505-4b7cb994baf3] Routing FlowFile[1084,99014590285013.mockFlowFile,23B] to original
[main] DEBUG org.apache.nifi.processors.standard.RouteText - RouteText[id=a680ad74-d0b5-404d-9505-4b7cb994baf3] Adding new dynamic property: PropertyDescriptor[simple]
[pool-2865-thread-1] INFO org.apache.nifi.processors.standard.RouteText - RouteText[id=a680ad74-d0b5-404d-9505-4b7cb994baf3] Created FlowFile[1087,99014590645988.mockFlowFile,23B] from FlowFile[1086,99014590645988.mockFlowFile,23B]; routing to relationship simple
[pool-2865-thread-1] INFO org.apache.nifi.processors.standard.RouteText - RouteText[id=a680ad74-d0b5-404d-9505-4b7cb994baf3] Routing FlowFile[1086,99014590645988.mockFlowFile,23B] to original
[main] DEBUG org.apache.nifi.processors.standard.RouteText - RouteText[id=a680ad74-d0b5-404d-9505-4b7cb994baf3] Adding new dynamic property: PropertyDescriptor[simple]
[pool-2866-thread-1] INFO org.apache.nifi.processors.standard.RouteText - RouteText[id=a680ad74-d0b5-404d-9505-4b7cb994baf3] Created FlowFile[1089,99014591026057.mockFlowFile,23B] from FlowFile[1088,99014591026057.mockFlowFile,23B]; routing to relationship simple
[pool-2866-thread-1] INFO org.apache.nifi.processors.standard.RouteText - RouteText[id=a680ad74-d0b5-404d-9505-4b7cb994baf3] Routing FlowFile[1088,99014591026057.mockFlowFile,23B] to original
[main] DEBUG org.apache.nifi.processors.standard.RouteText - RouteText[id=a680ad74-d0b5-404d-9505-4b7cb994baf3] Adding new dynamic property: PropertyDescriptor[simple]
[pool-2867-thread-1] INFO org.apache.nifi.processors.standard.RouteText - RouteText[id=a680ad74-d0b5-404d-9505-4b7cb994baf3] Created FlowFile[1091,99014591411489.mockFlowFile,23B] from FlowFile[1090,99014591411489.mockFlowFile,23B]; routing to relationship simple
[pool-2867-thread-1] INFO org.apache.nifi.processors.standard.RouteText - RouteText[id=a680ad74-d0b5-404d-9505-4b7cb994baf3] Routing FlowFile[1090,99014591411489.mockFlowFile,23B] to original
[main] DEBUG org.apache.nifi.processors.standard.RouteText - RouteText[id=a680ad74-d0b5-404d-9505-4b7cb994baf3] Adding new dynamic property: PropertyDescriptor[simple]
[pool-2868-thread-1] INFO org.apache.nifi.processors.standard.RouteText - RouteText[id=a680ad74-d0b5-404d-9505-4b7cb994baf3] Created FlowFile[1093,99014591774844.mockFlowFile,23B] from FlowFile[1092,99014591774844.mockFlowFile,23B]; routing to relationship simple
[pool-2868-thread-1] INFO org.apache.nifi.processors.standard.RouteText - RouteText[id=a680ad74-d0b5-404d-9505-4b7cb994baf3] Routing FlowFile[1092,99014591774844.mockFlowFile,23B] to original
[main] DEBUG org.apache.nifi.processors.standard.RouteText - RouteText[id=a680ad74-d0b5-404d-9505-4b7cb994baf3] Adding new dynamic property: PropertyDescriptor[simple]
[pool-2869-thread-1] INFO org.apache.nifi.processors.standard.RouteText - RouteText[id=a680ad74-d0b5-404d-9505-4b7cb994baf3] Created FlowFile[1095,99014592149361.mockFlowFile,23B] from FlowFile[1094,99014592149361.mockFlowFile,23B]; routing to relationship simple
[pool-2869-thread-1] INFO org.apache.nifi.processors.standard.RouteText - RouteText[id=a680ad74-d0b5-404d-9505-4b7cb994baf3] Routing FlowFile[1094,99014592149361.mockFlowFile,23B] to original
[main] DEBUG org.apache.nifi.processors.standard.RouteText - RouteText[id=a680ad74-d0b5-404d-9505-4b7cb994baf3] Adding new dynamic property: PropertyDescriptor[simple]
[pool-2870-thread-1] INFO org.apache.nifi.processors.standard.RouteText - RouteText[id=a680ad74-d0b5-404d-9505-4b7cb994baf3] Created FlowFile[1097,99014592543928.mockFlowFile,23B] from FlowFile[1096,99014592543928.mockFlowFile,23B]; routing to relationship simple
[pool-2870-thread-1] INFO org.apache.nifi.processors.standard.RouteText - RouteText[id=a680ad74-d0b5-404d-9505-4b7cb994baf3] Routing FlowFile[1096,99014592543928.mockFlowFile,23B] to original
[main] DEBUG org.apache.nifi.processors.standard.RouteText - RouteText[id=a680ad74-d0b5-404d-9505-4b7cb994baf3] Adding new dynamic property: PropertyDescriptor[simple]
[pool-2871-thread-1] INFO org.apache.nifi.processors.standard.RouteText - RouteText[id=a680ad74-d0b5-404d-9505-4b7cb994baf3] Created FlowFile[1099,99014592911481.mockFlowFile,23B] from FlowFile[1098,99014592911481.mockFlowFile,23B]; routing to relationship simple
[pool-2871-thread-1] INFO org.apache.nifi.processors.standard.RouteText - RouteText[id=a680ad74-d0b5-404d-9505-4b7cb994baf3] Routing FlowFile[1098,99014592911481.mockFlowFile,23B] to original
[main] DEBUG org.apache.nifi.processors.standard.RouteText - RouteText[id=a680ad74-d0b5-404d-9505-4b7cb994baf3] Adding new dynamic property: PropertyDescriptor[simple]
[pool-2872-thread-1] INFO org.apache.nifi.processors.standard.RouteText - RouteText[id=a680ad74-d0b5-404d-9505-4b7cb994baf3] Created FlowFile[1101,99014593269090.mockFlowFile,23B] from FlowFile[1100,99014593269090.mockFlowFile,23B]; routing to relationship simple
[pool-2872-thread-1] INFO org.apache.nifi.processors.standard.RouteText - RouteText[id=a680ad74-d0b5-404d-9505-4b7cb994baf3] Routing FlowFile[1100,99014593269090.mockFlowFile,23B] to original
[main] DEBUG org.apache.nifi.processors.standard.RouteText - RouteText[id=a680ad74-d0b5-404d-9505-4b7cb994baf3] Adding new dynamic property: PropertyDescriptor[simple]
[pool-2873-thread-1] INFO org.apache.nifi.processors.standard.RouteText - RouteText[id=a680ad74-d0b5-404d-9505-4b7cb994baf3] Created FlowFile[1103,99014593627320.mockFlowFile,23B] from FlowFile[1102,99014593627320.mockFlowFile,23B]; routing to relationship simple
[pool-2873-thread-1] INFO org.apache.nifi.processors.standard.RouteText - RouteText[id=a680ad74-d0b5-404d-9505-4b7cb994baf3] Routing FlowFile[1102,99014593627320.mockFlowFile,23B] to original
[main] DEBUG org.apache.nifi.processors.standard.RouteText - RouteText[id=a680ad74-d0b5-404d-9505-4b7cb994baf3] Adding new dynamic property: PropertyDescriptor[simple]
[pool-2874-thread-1] INFO org.apache.nifi.processors.standard.RouteText - RouteText[id=a680ad74-d0b5-404d-9505-4b7cb994baf3] Created FlowFile[1105,99014594006597.mockFlowFile,23B] from FlowFile[1104,99014594006597.mockFlowFile,23B]; routing to relationship simple
[pool-2874-thread-1] INFO org.apache.nifi.processors.standard.RouteText - RouteText[id=a680ad74-d0b5-404d-9505-4b7cb994baf3] Routing FlowFile[1104,99014594006597.mockFlowFile,23B] to original
[main] DEBUG org.apache.nifi.processors.standard.RouteText - RouteText[id=a680ad74-d0b5-404d-9505-4b7cb994baf3] Adding new dynamic property: PropertyDescriptor[simple]
[pool-2875-thread-1] INFO org.apache.nifi.processors.standard.RouteText - RouteText[id=a680ad74-d0b5-404d-9505-4b7cb994baf3] Created FlowFile[1107,99014594381062.mockFlowFile,23B] from FlowFile[1106,99014594381062.mockFlowFile,23B]; routing to relationship simple
[pool-2875-thread-1] INFO org.apache.nifi.processors.standard.RouteText - RouteText[id=a680ad74-d0b5-404d-9505-4b7cb994baf3] Routing FlowFile[1106,99014594381062.mockFlowFile,23B] to original
[main] DEBUG org.apache.nifi.processors.standard.RouteText - RouteText[id=a680ad74-d0b5-404d-9505-4b7cb994baf3] Adding new dynamic property: PropertyDescriptor[simple]
[pool-2876-thread-1] INFO org.apache.nifi.processors.standard.RouteText - RouteText[id=a680ad74-d0b5-404d-9505-4b7cb994baf3] Created FlowFile[1109,99014594762853.mockFlowFile,23B] from FlowFile[1108,99014594762853.mockFlowFile,23B]; routing to relationship simple
[pool-2876-thread-1] INFO org.apache.nifi.processors.standard.RouteText - RouteText[id=a680ad74-d0b5-404d-9505-4b7cb994baf3] Routing FlowFile[1108,99014594762853.mockFlowFile,23B] to original
[main] DEBUG org.apache.nifi.processors.standard.RouteText - RouteText[id=a680ad74-d0b5-404d-9505-4b7cb994baf3] Adding new dynamic property: PropertyDescriptor[simple]
[pool-2877-thread-1] INFO org.apache.nifi.processors.standard.RouteText - RouteText[id=a680ad74-d0b5-404d-9505-4b7cb994baf3] Created FlowFile[1111,99014595360875.mockFlowFile,23B] from FlowFile[1110,99014595360875.mockFlowFile,23B]; routing to relationship simple
[pool-2877-thread-1] INFO org.apache.nifi.processors.standard.RouteText - RouteText[id=a680ad74-d0b5-404d-9505-4b7cb994baf3] Routing FlowFile[1110,99014595360875.mockFlowFile,23B] to original
[main] DEBUG org.apache.nifi.processors.standard.RouteText - RouteText[id=a680ad74-d0b5-404d-9505-4b7cb994baf3] Adding new dynamic property: PropertyDescriptor[simple]
[pool-2878-thread-1] INFO org.apache.nifi.processors.standard.RouteText - RouteText[id=a680ad74-d0b5-404d-9505-4b7cb994baf3] Created FlowFile[1113,99014595858207.mockFlowFile,23B] from FlowFile[1112,99014595858207.mockFlowFile,23B]; routing to relationship simple
[pool-2878-thread-1] INFO org.apache.nifi.processors.standard.RouteText - RouteText[id=a680ad74-d0b5-404d-9505-4b7cb994baf3] Routing FlowFile[1112,99014595858207.mockFlowFile,23B] to original
[main] DEBUG org.apache.nifi.processors.standard.RouteText - RouteText[id=a680ad74-d0b5-404d-9505-4b7cb994baf3] Adding new dynamic property: PropertyDescriptor[simple]
[pool-2879-thread-1] INFO org.apache.nifi.processors.standard.RouteText - RouteText[id=a680ad74-d0b5-404d-9505-4b7cb994baf3] Created FlowFile[1115,99014596254239.mockFlowFile,23B] from FlowFile[1114,99014596254239.mockFlowFile,23B]; routing to relationship simple
[pool-2879-thread-1] INFO org.apache.nifi.processors.standard.RouteText - RouteText[id=a680ad74-d0b5-404d-9505-4b7cb994baf3] Routing FlowFile[1114,99014596254239.mockFlowFile,23B] to original
[main] DEBUG org.apache.nifi.processors.standard.RouteText - RouteText[id=a680ad74-d0b5-404d-9505-4b7cb994baf3] Adding new dynamic property: PropertyDescriptor[simple]
[pool-2880-thread-1] INFO org.apache.nifi.processors.standard.RouteText - RouteText[id=a680ad74-d0b5-404d-9505-4b7cb994baf3] Created FlowFile[1117,99014596653104.mockFlowFile,23B] from FlowFile[1116,99014596653104.mockFlowFile,23B]; routing to relationship simple
[pool-2880-thread-1] INFO org.apache.nifi.processors.standard.RouteText - RouteText[id=a680ad74-d0b5-404d-9505-4b7cb994baf3] Routing FlowFile[1116,99014596653104.mockFlowFile,23B] to original
[main] DEBUG org.apache.nifi.processors.standard.RouteText - RouteText[id=a680ad74-d0b5-404d-9505-4b7cb994baf3] Adding new dynamic property: PropertyDescriptor[simple]
[pool-2881-thread-1] INFO org.apache.nifi.processors.standard.RouteText - RouteText[id=a680ad74-d0b5-404d-9505-4b7cb994baf3] Created FlowFile[1119,99014597032631.mockFlowFile,23B] from FlowFile[1118,99014597032631.mockFlowFile,23B]; routing to relationship simple
[pool-2881-thread-1] INFO org.apache.nifi.processors.standard.RouteText - RouteText[id=a680ad74-d0b5-404d-9505-4b7cb994baf3] Routing FlowFile[1118,99014597032631.mockFlowFile,23B] to original
[main] DEBUG org.apache.nifi.processors.standard.RouteText - RouteText[id=a680ad74-d0b5-404d-9505-4b7cb994baf3] Adding new dynamic property: PropertyDescriptor[simple]
[pool-2882-thread-1] INFO org.apache.nifi.processors.standard.RouteText - RouteText[id=a680ad74-d0b5-404d-9505-4b7cb994baf3] Created FlowFile[1121,99014597438543.mockFlowFile,23B] from FlowFile[1120,99014597438543.mockFlowFile,23B]; routing to relationship simple
[pool-2882-thread-1] INFO org.apache.nifi.processors.standard.RouteText - RouteText[id=a680ad74-d0b5-404d-9505-4b7cb994baf3] Routing FlowFile[1120,99014597438543.mockFlowFile,23B] to original
[main] DEBUG org.apache.nifi.processors.standard.RouteText - RouteText[id=a680ad74-d0b5-404d-9505-4b7cb994baf3] Adding new dynamic property: PropertyDescriptor[simple]
[pool-2883-thread-1] INFO org.apache.nifi.processors.standard.RouteText - RouteText[id=a680ad74-d0b5-404d-9505-4b7cb994baf3] Created FlowFile[1123,99014597816273.mockFlowFile,23B] from FlowFile[1122,99014597816273.mockFlowFile,23B]; routing to relationship simple
[pool-2883-thread-1] INFO org.apache.nifi.processors.standard.RouteText - RouteText[id=a680ad74-d0b5-404d-9505-4b7cb994baf3] Routing FlowFile[1122,99014597816273.mockFlowFile,23B] to original
[main] DEBUG org.apache.nifi.processors.standard.RouteText - RouteText[id=a680ad74-d0b5-404d-9505-4b7cb994baf3] Adding new dynamic property: PropertyDescriptor[simple]
[pool-2884-thread-1] INFO org.apache.nifi.processors.standard.RouteText - RouteText[id=a680ad74-d0b5-404d-9505-4b7cb994baf3] Created FlowFile[1125,99014598175258.mockFlowFile,23B] from FlowFile[1124,99014598175258.mockFlowFile,23B]; routing to relationship simple
[pool-2884-thread-1] INFO org.apache.nifi.processors.standard.RouteText - RouteText[id=a680ad74-d0b5-404d-9505-4b7cb994baf3] Routing FlowFile[1124,99014598175258.mockFlowFile,23B] to original
[main] DEBUG org.apache.nifi.processors.standard.RouteText - RouteText[id=a680ad74-d0b5-404d-9505-4b7cb994baf3] Adding new dynamic property: PropertyDescriptor[simple]
[pool-2885-thread-1] INFO org.apache.nifi.processors.standard.RouteText - RouteText[id=a680ad74-d0b5-404d-9505-4b7cb994baf3] Created FlowFile[1127,99014598535019.mockFlowFile,23B] from FlowFile[1126,99014598535019.mockFlowFile,23B]; routing to relationship simple
[pool-2885-thread-1] INFO org.apache.nifi.processors.standard.RouteText - RouteText[id=a680ad74-d0b5-404d-9505-4b7cb994baf3] Routing FlowFile[1126,99014598535019.mockFlowFile,23B] to original
[main] DEBUG org.apache.nifi.processors.standard.RouteText - RouteText[id=a680ad74-d0b5-404d-9505-4b7cb994baf3] Adding new dynamic property: PropertyDescriptor[simple]
[pool-2886-thread-1] INFO org.apache.nifi.processors.standard.RouteText - RouteText[id=a680ad74-d0b5-404d-9505-4b7cb994baf3] Created FlowFile[1129,99014598902614.mockFlowFile,23B] from FlowFile[1128,99014598902614.mockFlowFile,23B]; routing to relationship simple
[pool-2886-thread-1] INFO org.apache.nifi.processors.standard.RouteText - RouteText[id=a680ad74-d0b5-404d-9505-4b7cb994baf3] Routing FlowFile[1128,99014598902614.mockFlowFile,23B] to original
[main] DEBUG org.apache.nifi.processors.standard.RouteText - RouteText[id=a680ad74-d0b5-404d-9505-4b7cb994baf3] Adding new dynamic property: PropertyDescriptor[simple]
[pool-2887-thread-1] INFO org.apache.nifi.processors.standard.RouteText - RouteText[id=a680ad74-d0b5-404d-9505-4b7cb994baf3] Created FlowFile[1131,99014599376527.mockFlowFile,23B] from FlowFile[1130,99014599376527.mockFlowFile,23B]; routing to relationship simple
[pool-2887-thread-1] INFO org.apache.nifi.processors.standard.RouteText - RouteText[id=a680ad74-d0b5-404d-9505-4b7cb994baf3] Routing FlowFile[1130,99014599376527.mockFlowFile,23B] to original
[main] DEBUG org.apache.nifi.processors.standard.RouteText - RouteText[id=a680ad74-d0b5-404d-9505-4b7cb994baf3] Adding new dynamic property: PropertyDescriptor[simple]
[pool-2888-thread-1] INFO org.apache.nifi.processors.standard.RouteText - RouteText[id=a680ad74-d0b5-404d-9505-4b7cb994baf3] Created FlowFile[1133,99014599783334.mockFlowFile,23B] from FlowFile[1132,99014599783334.mockFlowFile,23B]; routing to relationship simple
[pool-2888-thread-1] INFO org.apache.nifi.processors.standard.RouteText - RouteText[id=a680ad74-d0b5-404d-9505-4b7cb994baf3] Routing FlowFile[1132,99014599783334.mockFlowFile,23B] to original
[main] DEBUG org.apache.nifi.processors.standard.RouteText - RouteText[id=a680ad74-d0b5-404d-9505-4b7cb994baf3] Adding new dynamic property: PropertyDescriptor[simple]
[pool-2889-thread-1] INFO org.apache.nifi.processors.standard.RouteText - RouteText[id=a680ad74-d0b5-404d-9505-4b7cb994baf3] Created FlowFile[1135,99014600279867.mockFlowFile,23B] from FlowFile[1134,99014600279867.mockFlowFile,23B]; routing to relationship simple
[pool-2889-thread-1] INFO org.apache.nifi.processors.standard.RouteText - RouteText[id=a680ad74-d0b5-404d-9505-4b7cb994baf3] Routing FlowFile[1134,99014600279867.mockFlowFile,23B] to original
[main] DEBUG org.apache.nifi.processors.standard.RouteText - RouteText[id=a680ad74-d0b5-404d-9505-4b7cb994baf3] Adding new dynamic property: PropertyDescriptor[simple]
[pool-2890-thread-1] INFO org.apache.nifi.processors.standard.RouteText - RouteText[id=a680ad74-d0b5-404d-9505-4b7cb994baf3] Created FlowFile[1137,99014600740245.mockFlowFile,23B] from FlowFile[1136,99014600740245.mockFlowFile,23B]; routing to relationship simple
[pool-2890-thread-1] INFO org.apache.nifi.processors.standard.RouteText - RouteText[id=a680ad74-d0b5-404d-9505-4b7cb994baf3] Routing FlowFile[1136,99014600740245.mockFlowFile,23B] to original
[main] DEBUG org.apache.nifi.processors.standard.RouteText - RouteText[id=a680ad74-d0b5-404d-9505-4b7cb994baf3] Adding new dynamic property: PropertyDescriptor[simple]
[pool-2891-thread-1] INFO org.apache.nifi.processors.standard.RouteText - RouteText[id=a680ad74-d0b5-404d-9505-4b7cb994baf3] Created FlowFile[1139,99014601077231.mockFlowFile,23B] from FlowFile[1138,99014601077231.mockFlowFile,23B]; routing to relationship simple
[pool-2891-thread-1] INFO org.apache.nifi.processors.standard.RouteText - RouteText[id=a680ad74-d0b5-404d-9505-4b7cb994baf3] Routing FlowFile[1138,99014601077231.mockFlowFile,23B] to original
[main] DEBUG org.apache.nifi.processors.standard.RouteText - RouteText[id=a680ad74-d0b5-404d-9505-4b7cb994baf3] Adding new dynamic property: PropertyDescriptor[simple]
[pool-2892-thread-1] INFO org.apache.nifi.processors.standard.RouteText - RouteText[id=a680ad74-d0b5-404d-9505-4b7cb994baf3] Created FlowFile[1141,99014601388926.mockFlowFile,23B] from FlowFile[1140,99014601388926.mockFlowFile,23B]; routing to relationship simple
[pool-2892-thread-1] INFO org.apache.nifi.processors.standard.RouteText - RouteText[id=a680ad74-d0b5-404d-9505-4b7cb994baf3] Routing FlowFile[1140,99014601388926.mockFlowFile,23B] to original
[main] DEBUG org.apache.nifi.processors.standard.RouteText - RouteText[id=a680ad74-d0b5-404d-9505-4b7cb994baf3] Adding new dynamic property: PropertyDescriptor[simple]
[pool-2893-thread-1] INFO org.apache.nifi.processors.standard.RouteText - RouteText[id=a680ad74-d0b5-404d-9505-4b7cb994baf3] Created FlowFile[1143,99014601750757.mockFlowFile,23B] from FlowFile[1142,99014601750757.mockFlowFile,23B]; routing to relationship simple
[pool-2893-thread-1] INFO org.apache.nifi.processors.standard.RouteText - RouteText[id=a680ad74-d0b5-404d-9505-4b7cb994baf3] Routing FlowFile[1142,99014601750757.mockFlowFile,23B] to original
[main] DEBUG org.apache.nifi.processors.standard.RouteText - RouteText[id=a680ad74-d0b5-404d-9505-4b7cb994baf3] Adding new dynamic property: PropertyDescriptor[simple]
[pool-2894-thread-1] INFO org.apache.nifi.processors.standard.RouteText - RouteText[id=a680ad74-d0b5-404d-9505-4b7cb994baf3] Created FlowFile[1145,99014602124258.mockFlowFile,23B] from FlowFile[1144,99014602124258.mockFlowFile,23B]; routing to relationship simple
[pool-2894-thread-1] INFO org.apache.nifi.processors.standard.RouteText - RouteText[id=a680ad74-d0b5-404d-9505-4b7cb994baf3] Routing FlowFile[1144,99014602124258.mockFlowFile,23B] to original
[main] DEBUG org.apache.nifi.processors.standard.RouteText - RouteText[id=a680ad74-d0b5-404d-9505-4b7cb994baf3] Adding new dynamic property: PropertyDescriptor[simple]
[pool-2895-thread-1] INFO org.apache.nifi.processors.standard.RouteText - RouteText[id=a680ad74-d0b5-404d-9505-4b7cb994baf3] Created FlowFile[1147,99014602476591.mockFlowFile,23B] from FlowFile[1146,99014602476591.mockFlowFile,23B]; routing to relationship simple
[pool-2895-thread-1] INFO org.apache.nifi.processors.standard.RouteText - RouteText[id=a680ad74-d0b5-404d-9505-4b7cb994baf3] Routing FlowFile[1146,99014602476591.mockFlowFile,23B] to original
[main] DEBUG org.apache.nifi.processors.standard.RouteText - RouteText[id=a680ad74-d0b5-404d-9505-4b7cb994baf3] Adding new dynamic property: PropertyDescriptor[simple]
[pool-2896-thread-1] INFO org.apache.nifi.processors.standard.RouteText - RouteText[id=a680ad74-d0b5-404d-9505-4b7cb994baf3] Created FlowFile[1149,99014602774589.mockFlowFile,23B] from FlowFile[1148,99014602774589.mockFlowFile,23B]; routing to relationship simple
[pool-2896-thread-1] INFO org.apache.nifi.processors.standard.RouteText - RouteText[id=a680ad74-d0b5-404d-9505-4b7cb994baf3] Routing FlowFile[1148,99014602774589.mockFlowFile,23B] to original
[main] DEBUG org.apache.nifi.processors.standard.RouteText - RouteText[id=a680ad74-d0b5-404d-9505-4b7cb994baf3] Adding new dynamic property: PropertyDescriptor[simple]
[pool-2897-thread-1] INFO org.apache.nifi.processors.standard.RouteText - RouteText[id=a680ad74-d0b5-404d-9505-4b7cb994baf3] Created FlowFile[1151,99014603068735.mockFlowFile,23B] from FlowFile[1150,99014603068735.mockFlowFile,23B]; routing to relationship simple
[pool-2897-thread-1] INFO org.apache.nifi.processors.standard.RouteText - RouteText[id=a680ad74-d0b5-404d-9505-4b7cb994baf3] Routing FlowFile[1150,99014603068735.mockFlowFile,23B] to original
[main] DEBUG org.apache.nifi.processors.standard.RouteText - RouteText[id=a680ad74-d0b5-404d-9505-4b7cb994baf3] Adding new dynamic property: PropertyDescriptor[simple]
[pool-2898-thread-1] INFO org.apache.nifi.processors.standard.RouteText - RouteText[id=a680ad74-d0b5-404d-9505-4b7cb994baf3] Created FlowFile[1153,99014603446603.mockFlowFile,23B] from FlowFile[1152,99014603446603.mockFlowFile,23B]; routing to relationship simple
[pool-2898-thread-1] INFO org.apache.nifi.processors.standard.RouteText - RouteText[id=a680ad74-d0b5-404d-9505-4b7cb994baf3] Routing FlowFile[1152,99014603446603.mockFlowFile,23B] to original
[main] DEBUG org.apache.nifi.processors.standard.RouteText - RouteText[id=a680ad74-d0b5-404d-9505-4b7cb994baf3] Adding new dynamic property: PropertyDescriptor[simple]
[pool-2899-thread-1] INFO org.apache.nifi.processors.standard.RouteText - RouteText[id=a680ad74-d0b5-404d-9505-4b7cb994baf3] Created FlowFile[1155,99014603898462.mockFlowFile,23B] from FlowFile[1154,99014603898462.mockFlowFile,23B]; routing to relationship simple
[pool-2899-thread-1] INFO org.apache.nifi.processors.standard.RouteText - RouteText[id=a680ad74-d0b5-404d-9505-4b7cb994baf3] Routing FlowFile[1154,99014603898462.mockFlowFile,23B] to original
[main] DEBUG org.apache.nifi.processors.standard.RouteText - RouteText[id=a680ad74-d0b5-404d-9505-4b7cb994baf3] Adding new dynamic property: PropertyDescriptor[simple]
[pool-2900-thread-1] INFO org.apache.nifi.processors.standard.RouteText - RouteText[id=a680ad74-d0b5-404d-9505-4b7cb994baf3] Created FlowFile[1157,99014604330790.mockFlowFile,23B] from FlowFile[1156,99014604330790.mockFlowFile,23B]; routing to relationship simple
[pool-2900-thread-1] INFO org.apache.nifi.processors.standard.RouteText - RouteText[id=a680ad74-d0b5-404d-9505-4b7cb994baf3] Routing FlowFile[1156,99014604330790.mockFlowFile,23B] to original
[main] DEBUG org.apache.nifi.processors.standard.RouteText - RouteText[id=a680ad74-d0b5-404d-9505-4b7cb994baf3] Adding new dynamic property: PropertyDescriptor[simple]
[pool-2901-thread-1] INFO org.apache.nifi.processors.standard.RouteText - RouteText[id=a680ad74-d0b5-404d-9505-4b7cb994baf3] Created FlowFile[1159,99014604707279.mockFlowFile,23B] from FlowFile[1158,99014604707279.mockFlowFile,23B]; routing to relationship simple
[pool-2901-thread-1] INFO org.apache.nifi.processors.standard.RouteText - RouteText[id=a680ad74-d0b5-404d-9505-4b7cb994baf3] Routing FlowFile[1158,99014604707279.mockFlowFile,23B] to original
[main] DEBUG org.apache.nifi.processors.standard.RouteText - RouteText[id=a680ad74-d0b5-404d-9505-4b7cb994baf3] Adding new dynamic property: PropertyDescriptor[simple]
[pool-2902-thread-1] INFO org.apache.nifi.processors.standard.RouteText - RouteText[id=a680ad74-d0b5-404d-9505-4b7cb994baf3] Created FlowFile[1161,99014605099978.mockFlowFile,23B] from FlowFile[1160,99014605099978.mockFlowFile,23B]; routing to relationship simple
[pool-2902-thread-1] INFO org.apache.nifi.processors.standard.RouteText - RouteText[id=a680ad74-d0b5-404d-9505-4b7cb994baf3] Routing FlowFile[1160,99014605099978.mockFlowFile,23B] to original
[main] DEBUG org.apache.nifi.processors.standard.RouteText - RouteText[id=a680ad74-d0b5-404d-9505-4b7cb994baf3] Adding new dynamic property: PropertyDescriptor[simple]
[pool-2903-thread-1] INFO org.apache.nifi.processors.standard.RouteText - RouteText[id=a680ad74-d0b5-404d-9505-4b7cb994baf3] Created FlowFile[1163,99014605515402.mockFlowFile,23B] from FlowFile[1162,99014605515402.mockFlowFile,23B]; routing to relationship simple
[pool-2903-thread-1] INFO org.apache.nifi.processors.standard.RouteText - RouteText[id=a680ad74-d0b5-404d-9505-4b7cb994baf3] Routing FlowFile[1162,99014605515402.mockFlowFile,23B] to original
[main] DEBUG org.apache.nifi.processors.standard.RouteText - RouteText[id=a680ad74-d0b5-404d-9505-4b7cb994baf3] Adding new dynamic property: PropertyDescriptor[simple]
[pool-2904-thread-1] INFO org.apache.nifi.processors.standard.RouteText - RouteText[id=a680ad74-d0b5-404d-9505-4b7cb994baf3] Created FlowFile[1165,99014605864808.mockFlowFile,23B] from FlowFile[1164,99014605864808.mockFlowFile,23B]; routing to relationship simple
[pool-2904-thread-1] INFO org.apache.nifi.processors.standard.RouteText - RouteText[id=a680ad74-d0b5-404d-9505-4b7cb994baf3] Routing FlowFile[1164,99014605864808.mockFlowFile,23B] to original
[main] DEBUG org.apache.nifi.processors.standard.RouteText - RouteText[id=a680ad74-d0b5-404d-9505-4b7cb994baf3] Adding new dynamic property: PropertyDescriptor[simple]
[pool-2905-thread-1] INFO org.apache.nifi.processors.standard.RouteText - RouteText[id=a680ad74-d0b5-404d-9505-4b7cb994baf3] Created FlowFile[1167,99014606230208.mockFlowFile,23B] from FlowFile[1166,99014606230208.mockFlowFile,23B]; routing to relationship simple
[pool-2905-thread-1] INFO org.apache.nifi.processors.standard.RouteText - RouteText[id=a680ad74-d0b5-404d-9505-4b7cb994baf3] Routing FlowFile[1166,99014606230208.mockFlowFile,23B] to original
[main] DEBUG org.apache.nifi.processors.standard.RouteText - RouteText[id=a680ad74-d0b5-404d-9505-4b7cb994baf3] Adding new dynamic property: PropertyDescriptor[simple]
[pool-2906-thread-1] INFO org.apache.nifi.processors.standard.RouteText - RouteText[id=a680ad74-d0b5-404d-9505-4b7cb994baf3] Created FlowFile[1169,99014606635172.mockFlowFile,23B] from FlowFile[1168,99014606635172.mockFlowFile,23B]; routing to relationship simple
[pool-2906-thread-1] INFO org.apache.nifi.processors.standard.RouteText - RouteText[id=a680ad74-d0b5-404d-9505-4b7cb994baf3] Routing FlowFile[1168,99014606635172.mockFlowFile,23B] to original
[main] DEBUG org.apache.nifi.processors.standard.RouteText - RouteText[id=a680ad74-d0b5-404d-9505-4b7cb994baf3] Adding new dynamic property: PropertyDescriptor[simple]
[pool-2907-thread-1] INFO org.apache.nifi.processors.standard.RouteText - RouteText[id=a680ad74-d0b5-404d-9505-4b7cb994baf3] Created FlowFile[1171,99014607026133.mockFlowFile,23B] from FlowFile[1170,99014607026133.mockFlowFile,23B]; routing to relationship simple
[pool-2907-thread-1] INFO org.apache.nifi.processors.standard.RouteText - RouteText[id=a680ad74-d0b5-404d-9505-4b7cb994baf3] Routing FlowFile[1170,99014607026133.mockFlowFile,23B] to original
[main] DEBUG org.apache.nifi.processors.standard.RouteText - RouteText[id=a680ad74-d0b5-404d-9505-4b7cb994baf3] Adding new dynamic property: PropertyDescriptor[simple]
[pool-2908-thread-1] INFO org.apache.nifi.processors.standard.RouteText - RouteText[id=a680ad74-d0b5-404d-9505-4b7cb994baf3] Created FlowFile[1173,99014607421086.mockFlowFile,23B] from FlowFile[1172,99014607421086.mockFlowFile,23B]; routing to relationship simple
[pool-2908-thread-1] INFO org.apache.nifi.processors.standard.RouteText - RouteText[id=a680ad74-d0b5-404d-9505-4b7cb994baf3] Routing FlowFile[1172,99014607421086.mockFlowFile,23B] to original
[main] DEBUG org.apache.nifi.processors.standard.RouteText - RouteText[id=a680ad74-d0b5-404d-9505-4b7cb994baf3] Adding new dynamic property: PropertyDescriptor[simple]
[pool-2909-thread-1] INFO org.apache.nifi.processors.standard.RouteText - RouteText[id=a680ad74-d0b5-404d-9505-4b7cb994baf3] Created FlowFile[1175,99014607807870.mockFlowFile,23B] from FlowFile[1174,99014607807870.mockFlowFile,23B]; routing to relationship simple
[pool-2909-thread-1] INFO org.apache.nifi.processors.standard.RouteText - RouteText[id=a680ad74-d0b5-404d-9505-4b7cb994baf3] Routing FlowFile[1174,99014607807870.mockFlowFile,23B] to original
[main] DEBUG org.apache.nifi.processors.standard.RouteText - RouteText[id=a680ad74-d0b5-404d-9505-4b7cb994baf3] Adding new dynamic property: PropertyDescriptor[simple]
[pool-2910-thread-1] INFO org.apache.nifi.processors.standard.RouteText - RouteText[id=a680ad74-d0b5-404d-9505-4b7cb994baf3] Created FlowFile[1177,99014608154485.mockFlowFile,23B] from FlowFile[1176,99014608154485.mockFlowFile,23B]; routing to relationship simple
[pool-2910-thread-1] INFO org.apache.nifi.processors.standard.RouteText - RouteText[id=a680ad74-d0b5-404d-9505-4b7cb994baf3] Routing FlowFile[1176,99014608154485.mockFlowFile,23B] to original
[main] DEBUG org.apache.nifi.processors.standard.RouteText - RouteText[id=a680ad74-d0b5-404d-9505-4b7cb994baf3] Adding new dynamic property: PropertyDescriptor[simple]
[pool-2911-thread-1] INFO org.apache.nifi.processors.standard.RouteText - RouteText[id=a680ad74-d0b5-404d-9505-4b7cb994baf3] Created FlowFile[1179,99014608610446.mockFlowFile,23B] from FlowFile[1178,99014608610446.mockFlowFile,23B]; routing to relationship simple
[pool-2911-thread-1] INFO org.apache.nifi.processors.standard.RouteText - RouteText[id=a680ad74-d0b5-404d-9505-4b7cb994baf3] Routing FlowFile[1178,99014608610446.mockFlowFile,23B] to original
[main] DEBUG org.apache.nifi.processors.standard.RouteText - RouteText[id=a680ad74-d0b5-404d-9505-4b7cb994baf3] Adding new dynamic property: PropertyDescriptor[simple]
[pool-2912-thread-1] INFO org.apache.nifi.processors.standard.RouteText - RouteText[id=a680ad74-d0b5-404d-9505-4b7cb994baf3] Created FlowFile[1181,99014609065430.mockFlowFile,23B] from FlowFile[1180,99014609065430.mockFlowFile,23B]; routing to relationship simple
[pool-2912-thread-1] INFO org.apache.nifi.processors.standard.RouteText - RouteText[id=a680ad74-d0b5-404d-9505-4b7cb994baf3] Routing FlowFile[1180,99014609065430.mockFlowFile,23B] to original
[main] DEBUG org.apache.nifi.processors.standard.RouteText - RouteText[id=a680ad74-d0b5-404d-9505-4b7cb994baf3] Adding new dynamic property: PropertyDescriptor[simple]
[pool-2913-thread-1] INFO org.apache.nifi.processors.standard.RouteText - RouteText[id=a680ad74-d0b5-404d-9505-4b7cb994baf3] Created FlowFile[1183,99014609493462.mockFlowFile,23B] from FlowFile[1182,99014609493462.mockFlowFile,23B]; routing to relationship simple
[pool-2913-thread-1] INFO org.apache.nifi.processors.standard.RouteText - RouteText[id=a680ad74-d0b5-404d-9505-4b7cb994baf3] Routing FlowFile[1182,99014609493462.mockFlowFile,23B] to original
[main] DEBUG org.apache.nifi.processors.standard.RouteText - RouteText[id=a680ad74-d0b5-404d-9505-4b7cb994baf3] Adding new dynamic property: PropertyDescriptor[simple]
[pool-2914-thread-1] INFO org.apache.nifi.processors.standard.RouteText - RouteText[id=a680ad74-d0b5-404d-9505-4b7cb994baf3] Created FlowFile[1185,99014609903029.mockFlowFile,23B] from FlowFile[1184,99014609903029.mockFlowFile,23B]; routing to relationship simple
[pool-2914-thread-1] INFO org.apache.nifi.processors.standard.RouteText - RouteText[id=a680ad74-d0b5-404d-9505-4b7cb994baf3] Routing FlowFile[1184,99014609903029.mockFlowFile,23B] to original
[main] DEBUG org.apache.nifi.processors.standard.RouteText - RouteText[id=a680ad74-d0b5-404d-9505-4b7cb994baf3] Adding new dynamic property: PropertyDescriptor[simple]
[pool-2915-thread-1] INFO org.apache.nifi.processors.standard.RouteText - RouteText[id=a680ad74-d0b5-404d-9505-4b7cb994baf3] Created FlowFile[1187,99014610272156.mockFlowFile,23B] from FlowFile[1186,99014610272156.mockFlowFile,23B]; routing to relationship simple
[pool-2915-thread-1] INFO org.apache.nifi.processors.standard.RouteText - RouteText[id=a680ad74-d0b5-404d-9505-4b7cb994baf3] Routing FlowFile[1186,99014610272156.mockFlowFile,23B] to original
[main] DEBUG org.apache.nifi.processors.standard.RouteText - RouteText[id=a680ad74-d0b5-404d-9505-4b7cb994baf3] Adding new dynamic property: PropertyDescriptor[simple]
[pool-2916-thread-1] INFO org.apache.nifi.processors.standard.RouteText - RouteText[id=a680ad74-d0b5-404d-9505-4b7cb994baf3] Created FlowFile[1189,99014610596228.mockFlowFile,23B] from FlowFile[1188,99014610596228.mockFlowFile,23B]; routing to relationship simple
[pool-2916-thread-1] INFO org.apache.nifi.processors.standard.RouteText - RouteText[id=a680ad74-d0b5-404d-9505-4b7cb994baf3] Routing FlowFile[1188,99014610596228.mockFlowFile,23B] to original
[main] DEBUG org.apache.nifi.processors.standard.RouteText - RouteText[id=a680ad74-d0b5-404d-9505-4b7cb994baf3] Adding new dynamic property: PropertyDescriptor[simple]
[pool-2917-thread-1] INFO org.apache.nifi.processors.standard.RouteText - RouteText[id=a680ad74-d0b5-404d-9505-4b7cb994baf3] Created FlowFile[1191,99014610920975.mockFlowFile,23B] from FlowFile[1190,99014610920975.mockFlowFile,23B]; routing to relationship simple
[pool-2917-thread-1] INFO org.apache.nifi.processors.standard.RouteText - RouteText[id=a680ad74-d0b5-404d-9505-4b7cb994baf3] Routing FlowFile[1190,99014610920975.mockFlowFile,23B] to original
[main] DEBUG org.apache.nifi.processors.standard.RouteText - RouteText[id=a680ad74-d0b5-404d-9505-4b7cb994baf3] Adding new dynamic property: PropertyDescriptor[simple]
[pool-2918-thread-1] INFO org.apache.nifi.processors.standard.RouteText - RouteText[id=a680ad74-d0b5-404d-9505-4b7cb994baf3] Created FlowFile[1193,99014611334480.mockFlowFile,23B] from FlowFile[1192,99014611334480.mockFlowFile,23B]; routing to relationship simple
[pool-2918-thread-1] INFO org.apache.nifi.processors.standard.RouteText - RouteText[id=a680ad74-d0b5-404d-9505-4b7cb994baf3] Routing FlowFile[1192,99014611334480.mockFlowFile,23B] to original
[main] DEBUG org.apache.nifi.processors.standard.RouteText - RouteText[id=a680ad74-d0b5-404d-9505-4b7cb994baf3] Adding new dynamic property: PropertyDescriptor[simple]
[pool-2919-thread-1] INFO org.apache.nifi.processors.standard.RouteText - RouteText[id=a680ad74-d0b5-404d-9505-4b7cb994baf3] Created FlowFile[1195,99014611762997.mockFlowFile,23B] from FlowFile[1194,99014611762997.mockFlowFile,23B]; routing to relationship simple
[pool-2919-thread-1] INFO org.apache.nifi.processors.standard.RouteText - RouteText[id=a680ad74-d0b5-404d-9505-4b7cb994baf3] Routing FlowFile[1194,99014611762997.mockFlowFile,23B] to original
[main] DEBUG org.apache.nifi.processors.standard.RouteText - RouteText[id=a680ad74-d0b5-404d-9505-4b7cb994baf3] Adding new dynamic property: PropertyDescriptor[simple]
[pool-2920-thread-1] INFO org.apache.nifi.processors.standard.RouteText - RouteText[id=a680ad74-d0b5-404d-9505-4b7cb994baf3] Created FlowFile[1197,99014612129350.mockFlowFile,23B] from FlowFile[1196,99014612129350.mockFlowFile,23B]; routing to relationship simple
[pool-2920-thread-1] INFO org.apache.nifi.processors.standard.RouteText - RouteText[id=a680ad74-d0b5-404d-9505-4b7cb994baf3] Routing FlowFile[1196,99014612129350.mockFlowFile,23B] to original
[main] DEBUG org.apache.nifi.processors.standard.RouteText - RouteText[id=a680ad74-d0b5-404d-9505-4b7cb994baf3] Adding new dynamic property: PropertyDescriptor[simple]
[pool-2921-thread-1] INFO org.apache.nifi.processors.standard.RouteText - RouteText[id=a680ad74-d0b5-404d-9505-4b7cb994baf3] Created FlowFile[1199,99014612594224.mockFlowFile,23B] from FlowFile[1198,99014612594224.mockFlowFile,23B]; routing to relationship simple
[pool-2921-thread-1] INFO org.apache.nifi.processors.standard.RouteText - RouteText[id=a680ad74-d0b5-404d-9505-4b7cb994baf3] Routing FlowFile[1198,99014612594224.mockFlowFile,23B] to original
[main] DEBUG org.apache.nifi.processors.standard.RouteText - RouteText[id=a680ad74-d0b5-404d-9505-4b7cb994baf3] Adding new dynamic property: PropertyDescriptor[simple]
[pool-2922-thread-1] INFO org.apache.nifi.processors.standard.RouteText - RouteText[id=a680ad74-d0b5-404d-9505-4b7cb994baf3] Created FlowFile[1201,99014613013328.mockFlowFile,23B] from FlowFile[1200,99014613013328.mockFlowFile,23B]; routing to relationship simple
[pool-2922-thread-1] INFO org.apache.nifi.processors.standard.RouteText - RouteText[id=a680ad74-d0b5-404d-9505-4b7cb994baf3] Routing FlowFile[1200,99014613013328.mockFlowFile,23B] to original
[main] DEBUG org.apache.nifi.processors.standard.RouteText - RouteText[id=a680ad74-d0b5-404d-9505-4b7cb994baf3] Adding new dynamic property: PropertyDescriptor[simple]
[pool-2923-thread-1] INFO org.apache.nifi.processors.standard.RouteText - RouteText[id=a680ad74-d0b5-404d-9505-4b7cb994baf3] Created FlowFile[1203,99014613416842.mockFlowFile,23B] from FlowFile[1202,99014613416842.mockFlowFile,23B]; routing to relationship simple
[pool-2923-thread-1] INFO org.apache.nifi.processors.standard.RouteText - RouteText[id=a680ad74-d0b5-404d-9505-4b7cb994baf3] Routing FlowFile[1202,99014613416842.mockFlowFile,23B] to original
[main] DEBUG org.apache.nifi.processors.standard.RouteText - RouteText[id=a680ad74-d0b5-404d-9505-4b7cb994baf3] Adding new dynamic property: PropertyDescriptor[simple]
[pool-2924-thread-1] INFO org.apache.nifi.processors.standard.RouteText - RouteText[id=a680ad74-d0b5-404d-9505-4b7cb994baf3] Created FlowFile[1205,99014613781693.mockFlowFile,23B] from FlowFile[1204,99014613781693.mockFlowFile,23B]; routing to relationship simple
[pool-2924-thread-1] INFO org.apache.nifi.processors.standard.RouteText - RouteText[id=a680ad74-d0b5-404d-9505-4b7cb994baf3] Routing FlowFile[1204,99014613781693.mockFlowFile,23B] to original
[main] DEBUG org.apache.nifi.processors.standard.RouteText - RouteText[id=a680ad74-d0b5-404d-9505-4b7cb994baf3] Adding new dynamic property: PropertyDescriptor[simple]
[pool-2925-thread-1] INFO org.apache.nifi.processors.standard.RouteText - RouteText[id=a680ad74-d0b5-404d-9505-4b7cb994baf3] Created FlowFile[1207,99014614104814.mockFlowFile,23B] from FlowFile[1206,99014614104814.mockFlowFile,23B]; routing to relationship simple
[pool-2925-thread-1] INFO org.apache.nifi.processors.standard.RouteText - RouteText[id=a680ad74-d0b5-404d-9505-4b7cb994baf3] Routing FlowFile[1206,99014614104814.mockFlowFile,23B] to original
[main] DEBUG org.apache.nifi.processors.standard.RouteText - RouteText[id=a680ad74-d0b5-404d-9505-4b7cb994baf3] Adding new dynamic property: PropertyDescriptor[simple]
[pool-2926-thread-1] INFO org.apache.nifi.processors.standard.RouteText - RouteText[id=a680ad74-d0b5-404d-9505-4b7cb994baf3] Created FlowFile[1209,99014614439056.mockFlowFile,23B] from FlowFile[1208,99014614439056.mockFlowFile,23B]; routing to relationship simple
[pool-2926-thread-1] INFO org.apache.nifi.processors.standard.RouteText - RouteText[id=a680ad74-d0b5-404d-9505-4b7cb994baf3] Routing FlowFile[1208,99014614439056.mockFlowFile,23B] to original
[main] DEBUG org.apache.nifi.processors.standard.RouteText - RouteText[id=a680ad74-d0b5-404d-9505-4b7cb994baf3] Adding new dynamic property: PropertyDescriptor[simple]
[pool-2927-thread-1] INFO org.apache.nifi.processors.standard.RouteText - RouteText[id=a680ad74-d0b5-404d-9505-4b7cb994baf3] Created FlowFile[1211,99014614765976.mockFlowFile,23B] from FlowFile[1210,99014614765976.mockFlowFile,23B]; routing to relationship simple
[pool-2927-thread-1] INFO org.apache.nifi.processors.standard.RouteText - RouteText[id=a680ad74-d0b5-404d-9505-4b7cb994baf3] Routing FlowFile[1210,99014614765976.mockFlowFile,23B] to original
[main] DEBUG org.apache.nifi.processors.standard.RouteText - RouteText[id=a680ad74-d0b5-404d-9505-4b7cb994baf3] Adding new dynamic property: PropertyDescriptor[simple]
[pool-2928-thread-1] INFO org.apache.nifi.processors.standard.RouteText - RouteText[id=a680ad74-d0b5-404d-9505-4b7cb994baf3] Created FlowFile[1213,99014615080319.mockFlowFile,23B] from FlowFile[1212,99014615080319.mockFlowFile,23B]; routing to relationship simple
[pool-2928-thread-1] INFO org.apache.nifi.processors.standard.RouteText - RouteText[id=a680ad74-d0b5-404d-9505-4b7cb994baf3] Routing FlowFile[1212,99014615080319.mockFlowFile,23B] to original
[main] DEBUG org.apache.nifi.processors.standard.RouteText - RouteText[id=a680ad74-d0b5-404d-9505-4b7cb994baf3] Adding new dynamic property: PropertyDescriptor[simple]
[pool-2929-thread-1] INFO org.apache.nifi.processors.standard.RouteText - RouteText[id=a680ad74-d0b5-404d-9505-4b7cb994baf3] Created FlowFile[1215,99014615528509.mockFlowFile,23B] from FlowFile[1214,99014615528509.mockFlowFile,23B]; routing to relationship simple
[pool-2929-thread-1] INFO org.apache.nifi.processors.standard.RouteText - RouteText[id=a680ad74-d0b5-404d-9505-4b7cb994baf3] Routing FlowFile[1214,99014615528509.mockFlowFile,23B] to original
[main] DEBUG org.apache.nifi.processors.standard.RouteText - RouteText[id=a680ad74-d0b5-404d-9505-4b7cb994baf3] Adding new dynamic property: PropertyDescriptor[simple]
[pool-2930-thread-1] INFO org.apache.nifi.processors.standard.RouteText - RouteText[id=a680ad74-d0b5-404d-9505-4b7cb994baf3] Created FlowFile[1217,99014615900639.mockFlowFile,23B] from FlowFile[1216,99014615900639.mockFlowFile,23B]; routing to relationship simple
[pool-2930-thread-1] INFO org.apache.nifi.processors.standard.RouteText - RouteText[id=a680ad74-d0b5-404d-9505-4b7cb994baf3] Routing FlowFile[1216,99014615900639.mockFlowFile,23B] to original
[main] DEBUG org.apache.nifi.processors.standard.RouteText - RouteText[id=a680ad74-d0b5-404d-9505-4b7cb994baf3] Adding new dynamic property: PropertyDescriptor[simple]
[pool-2931-thread-1] INFO org.apache.nifi.processors.standard.RouteText - RouteText[id=a680ad74-d0b5-404d-9505-4b7cb994baf3] Created FlowFile[1219,99014616320240.mockFlowFile,23B] from FlowFile[1218,99014616320240.mockFlowFile,23B]; routing to relationship simple
[pool-2931-thread-1] INFO org.apache.nifi.processors.standard.RouteText - RouteText[id=a680ad74-d0b5-404d-9505-4b7cb994baf3] Routing FlowFile[1218,99014616320240.mockFlowFile,23B] to original
[main] DEBUG org.apache.nifi.processors.standard.RouteText - RouteText[id=a680ad74-d0b5-404d-9505-4b7cb994baf3] Adding new dynamic property: PropertyDescriptor[simple]
[pool-2932-thread-1] INFO org.apache.nifi.processors.standard.RouteText - RouteText[id=a680ad74-d0b5-404d-9505-4b7cb994baf3] Created FlowFile[1221,99014616720300.mockFlowFile,23B] from FlowFile[1220,99014616720300.mockFlowFile,23B]; routing to relationship simple
[pool-2932-thread-1] INFO org.apache.nifi.processors.standard.RouteText - RouteText[id=a680ad74-d0b5-404d-9505-4b7cb994baf3] Routing FlowFile[1220,99014616720300.mockFlowFile,23B] to original
[main] DEBUG org.apache.nifi.processors.standard.RouteText - RouteText[id=a680ad74-d0b5-404d-9505-4b7cb994baf3] Adding new dynamic property: PropertyDescriptor[simple]
[pool-2933-thread-1] INFO org.apache.nifi.processors.standard.RouteText - RouteText[id=a680ad74-d0b5-404d-9505-4b7cb994baf3] Created FlowFile[1223,99014617116701.mockFlowFile,23B] from FlowFile[1222,99014617116701.mockFlowFile,23B]; routing to relationship simple
[pool-2933-thread-1] INFO org.apache.nifi.processors.standard.RouteText - RouteText[id=a680ad74-d0b5-404d-9505-4b7cb994baf3] Routing FlowFile[1222,99014617116701.mockFlowFile,23B] to original
[main] DEBUG org.apache.nifi.processors.standard.RouteText - RouteText[id=a680ad74-d0b5-404d-9505-4b7cb994baf3] Adding new dynamic property: PropertyDescriptor[simple]
[pool-2934-thread-1] INFO org.apache.nifi.processors.standard.RouteText - RouteText[id=a680ad74-d0b5-404d-9505-4b7cb994baf3] Created FlowFile[1225,99014617429853.mockFlowFile,23B] from FlowFile[1224,99014617429853.mockFlowFile,23B]; routing to relationship simple
[pool-2934-thread-1] INFO org.apache.nifi.processors.standard.RouteText - RouteText[id=a680ad74-d0b5-404d-9505-4b7cb994baf3] Routing FlowFile[1224,99014617429853.mockFlowFile,23B] to original
[main] DEBUG org.apache.nifi.processors.standard.RouteText - RouteText[id=a680ad74-d0b5-404d-9505-4b7cb994baf3] Adding new dynamic property: PropertyDescriptor[simple]
[pool-2935-thread-1] INFO org.apache.nifi.processors.standard.RouteText - RouteText[id=a680ad74-d0b5-404d-9505-4b7cb994baf3] Created FlowFile[1227,99014617785187.mockFlowFile,23B] from FlowFile[1226,99014617785187.mockFlowFile,23B]; routing to relationship simple
[pool-2935-thread-1] INFO org.apache.nifi.processors.standard.RouteText - RouteText[id=a680ad74-d0b5-404d-9505-4b7cb994baf3] Routing FlowFile[1226,99014617785187.mockFlowFile,23B] to original
[main] DEBUG org.apache.nifi.processors.standard.RouteText - RouteText[id=a680ad74-d0b5-404d-9505-4b7cb994baf3] Adding new dynamic property: PropertyDescriptor[simple]
[pool-2936-thread-1] INFO org.apache.nifi.processors.standard.RouteText - RouteText[id=a680ad74-d0b5-404d-9505-4b7cb994baf3] Created FlowFile[1229,99014618117603.mockFlowFile,23B] from FlowFile[1228,99014618117603.mockFlowFile,23B]; routing to relationship simple
[pool-2936-thread-1] INFO org.apache.nifi.processors.standard.RouteText - RouteText[id=a680ad74-d0b5-404d-9505-4b7cb994baf3] Routing FlowFile[1228,99014618117603.mockFlowFile,23B] to original
[main] DEBUG org.apache.nifi.processors.standard.RouteText - RouteText[id=a680ad74-d0b5-404d-9505-4b7cb994baf3] Adding new dynamic property: PropertyDescriptor[simple]
[pool-2937-thread-1] INFO org.apache.nifi.processors.standard.RouteText - RouteText[id=a680ad74-d0b5-404d-9505-4b7cb994baf3] Created FlowFile[1231,99014618437944.mockFlowFile,23B] from FlowFile[1230,99014618437944.mockFlowFile,23B]; routing to relationship simple
[pool-2937-thread-1] INFO org.apache.nifi.processors.standard.RouteText - RouteText[id=a680ad74-d0b5-404d-9505-4b7cb994baf3] Routing FlowFile[1230,99014618437944.mockFlowFile,23B] to original
[main] DEBUG org.apache.nifi.processors.standard.RouteText - RouteText[id=a680ad74-d0b5-404d-9505-4b7cb994baf3] Adding new dynamic property: PropertyDescriptor[simple]
[pool-2938-thread-1] INFO org.apache.nifi.processors.standard.RouteText - RouteText[id=a680ad74-d0b5-404d-9505-4b7cb994baf3] Created FlowFile[1233,99014618771448.mockFlowFile,23B] from FlowFile[1232,99014618771448.mockFlowFile,23B]; routing to relationship simple
[pool-2938-thread-1] INFO org.apache.nifi.processors.standard.RouteText - RouteText[id=a680ad74-d0b5-404d-9505-4b7cb994baf3] Routing FlowFile[1232,99014618771448.mockFlowFile,23B] to original
[main] DEBUG org.apache.nifi.processors.standard.RouteText - RouteText[id=a680ad74-d0b5-404d-9505-4b7cb994baf3] Adding new dynamic property: PropertyDescriptor[simple]
[pool-2939-thread-1] INFO org.apache.nifi.processors.standard.RouteText - RouteText[id=a680ad74-d0b5-404d-9505-4b7cb994baf3] Created FlowFile[1235,99014619084712.mockFlowFile,23B] from FlowFile[1234,99014619084712.mockFlowFile,23B]; routing to relationship simple
[pool-2939-thread-1] INFO org.apache.nifi.processors.standard.RouteText - RouteText[id=a680ad74-d0b5-404d-9505-4b7cb994baf3] Routing FlowFile[1234,99014619084712.mockFlowFile,23B] to original
[main] DEBUG org.apache.nifi.processors.standard.RouteText - RouteText[id=a680ad74-d0b5-404d-9505-4b7cb994baf3] Adding new dynamic property: PropertyDescriptor[simple]
[pool-2940-thread-1] INFO org.apache.nifi.processors.standard.RouteText - RouteText[id=a680ad74-d0b5-404d-9505-4b7cb994baf3] Created FlowFile[1237,99014619561428.mockFlowFile,23B] from FlowFile[1236,99014619561428.mockFlowFile,23B]; routing to relationship simple
[pool-2940-thread-1] INFO org.apache.nifi.processors.standard.RouteText - RouteText[id=a680ad74-d0b5-404d-9505-4b7cb994baf3] Routing FlowFile[1236,99014619561428.mockFlowFile,23B] to original
[main] DEBUG org.apache.nifi.processors.standard.RouteText - RouteText[id=a680ad74-d0b5-404d-9505-4b7cb994baf3] Adding new dynamic property: PropertyDescriptor[simple]
[pool-2941-thread-1] INFO org.apache.nifi.processors.standard.RouteText - RouteText[id=a680ad74-d0b5-404d-9505-4b7cb994baf3] Created FlowFile[1239,99014619961745.mockFlowFile,23B] from FlowFile[1238,99014619961745.mockFlowFile,23B]; routing to relationship simple
[pool-2941-thread-1] INFO org.apache.nifi.processors.standard.RouteText - RouteText[id=a680ad74-d0b5-404d-9505-4b7cb994baf3] Routing FlowFile[1238,99014619961745.mockFlowFile,23B] to original
[main] DEBUG org.apache.nifi.processors.standard.RouteText - RouteText[id=a680ad74-d0b5-404d-9505-4b7cb994baf3] Adding new dynamic property: PropertyDescriptor[simple]
[pool-2942-thread-1] INFO org.apache.nifi.processors.standard.RouteText - RouteText[id=a680ad74-d0b5-404d-9505-4b7cb994baf3] Created FlowFile[1241,99014620343800.mockFlowFile,23B] from FlowFile[1240,99014620343800.mockFlowFile,23B]; routing to relationship simple
[pool-2942-thread-1] INFO org.apache.nifi.processors.standard.RouteText - RouteText[id=a680ad74-d0b5-404d-9505-4b7cb994baf3] Routing FlowFile[1240,99014620343800.mockFlowFile,23B] to original
[main] DEBUG org.apache.nifi.processors.standard.RouteText - RouteText[id=a680ad74-d0b5-404d-9505-4b7cb994baf3] Adding new dynamic property: PropertyDescriptor[simple]
[pool-2943-thread-1] INFO org.apache.nifi.processors.standard.RouteText - RouteText[id=a680ad74-d0b5-404d-9505-4b7cb994baf3] Created FlowFile[1243,99014620713894.mockFlowFile,23B] from FlowFile[1242,99014620713894.mockFlowFile,23B]; routing to relationship simple
[pool-2943-thread-1] INFO org.apache.nifi.processors.standard.RouteText - RouteText[id=a680ad74-d0b5-404d-9505-4b7cb994baf3] Routing FlowFile[1242,99014620713894.mockFlowFile,23B] to original
[main] DEBUG org.apache.nifi.processors.standard.RouteText - RouteText[id=a680ad74-d0b5-404d-9505-4b7cb994baf3] Adding new dynamic property: PropertyDescriptor[simple]
[pool-2944-thread-1] INFO org.apache.nifi.processors.standard.RouteText - RouteText[id=a680ad74-d0b5-404d-9505-4b7cb994baf3] Created FlowFile[1245,99014621076791.mockFlowFile,23B] from FlowFile[1244,99014621076791.mockFlowFile,23B]; routing to relationship simple
[pool-2944-thread-1] INFO org.apache.nifi.processors.standard.RouteText - RouteText[id=a680ad74-d0b5-404d-9505-4b7cb994baf3] Routing FlowFile[1244,99014621076791.mockFlowFile,23B] to original
[main] DEBUG org.apache.nifi.processors.standard.RouteText - RouteText[id=a680ad74-d0b5-404d-9505-4b7cb994baf3] Adding new dynamic property: PropertyDescriptor[simple]
[pool-2945-thread-1] INFO org.apache.nifi.processors.standard.RouteText - RouteText[id=a680ad74-d0b5-404d-9505-4b7cb994baf3] Created FlowFile[1247,99014621449486.mockFlowFile,23B] from FlowFile[1246,99014621449486.mockFlowFile,23B]; routing to relationship simple
[pool-2945-thread-1] INFO org.apache.nifi.processors.standard.RouteText - RouteText[id=a680ad74-d0b5-404d-9505-4b7cb994baf3] Routing FlowFile[1246,99014621449486.mockFlowFile,23B] to original
[main] DEBUG org.apache.nifi.processors.standard.RouteText - RouteText[id=a680ad74-d0b5-404d-9505-4b7cb994baf3] Adding new dynamic property: PropertyDescriptor[simple]
[pool-2946-thread-1] INFO org.apache.nifi.processors.standard.RouteText - RouteText[id=a680ad74-d0b5-404d-9505-4b7cb994baf3] Created FlowFile[1249,99014621820657.mockFlowFile,23B] from FlowFile[1248,99014621820657.mockFlowFile,23B]; routing to relationship simple
[pool-2946-thread-1] INFO org.apache.nifi.processors.standard.RouteText - RouteText[id=a680ad74-d0b5-404d-9505-4b7cb994baf3] Routing FlowFile[1248,99014621820657.mockFlowFile,23B] to original
[main] DEBUG org.apache.nifi.processors.standard.RouteText - RouteText[id=a680ad74-d0b5-404d-9505-4b7cb994baf3] Adding new dynamic property: PropertyDescriptor[simple]
[pool-2947-thread-1] INFO org.apache.nifi.processors.standard.RouteText - RouteText[id=a680ad74-d0b5-404d-9505-4b7cb994baf3] Created FlowFile[1251,99014622231342.mockFlowFile,23B] from FlowFile[1250,99014622231342.mockFlowFile,23B]; routing to relationship simple
[pool-2947-thread-1] INFO org.apache.nifi.processors.standard.RouteText - RouteText[id=a680ad74-d0b5-404d-9505-4b7cb994baf3] Routing FlowFile[1250,99014622231342.mockFlowFile,23B] to original
[main] DEBUG org.apache.nifi.processors.standard.RouteText - RouteText[id=a680ad74-d0b5-404d-9505-4b7cb994baf3] Adding new dynamic property: PropertyDescriptor[simple]
[pool-2948-thread-1] INFO org.apache.nifi.processors.standard.RouteText - RouteText[id=a680ad74-d0b5-404d-9505-4b7cb994baf3] Created FlowFile[1253,99014622739760.mockFlowFile,23B] from FlowFile[1252,99014622739760.mockFlowFile,23B]; routing to relationship simple
[pool-2948-thread-1] INFO org.apache.nifi.processors.standard.RouteText - RouteText[id=a680ad74-d0b5-404d-9505-4b7cb994baf3] Routing FlowFile[1252,99014622739760.mockFlowFile,23B] to original
[main] DEBUG org.apache.nifi.processors.standard.RouteText - RouteText[id=a680ad74-d0b5-404d-9505-4b7cb994baf3] Adding new dynamic property: PropertyDescriptor[simple]
[pool-2949-thread-1] INFO org.apache.nifi.processors.standard.RouteText - RouteText[id=a680ad74-d0b5-404d-9505-4b7cb994baf3] Created FlowFile[1255,99014623184023.mockFlowFile,23B] from FlowFile[1254,99014623184023.mockFlowFile,23B]; routing to relationship simple
[pool-2949-thread-1] INFO org.apache.nifi.processors.standard.RouteText - RouteText[id=a680ad74-d0b5-404d-9505-4b7cb994baf3] Routing FlowFile[1254,99014623184023.mockFlowFile,23B] to original
[main] DEBUG org.apache.nifi.processors.standard.RouteText - RouteText[id=a680ad74-d0b5-404d-9505-4b7cb994baf3] Adding new dynamic property: PropertyDescriptor[simple]
[pool-2950-thread-1] INFO org.apache.nifi.processors.standard.RouteText - RouteText[id=a680ad74-d0b5-404d-9505-4b7cb994baf3] Created FlowFile[1257,99014623636392.mockFlowFile,23B] from FlowFile[1256,99014623636392.mockFlowFile,23B]; routing to relationship simple
[pool-2950-thread-1] INFO org.apache.nifi.processors.standard.RouteText - RouteText[id=a680ad74-d0b5-404d-9505-4b7cb994baf3] Routing FlowFile[1256,99014623636392.mockFlowFile,23B] to original
[main] DEBUG org.apache.nifi.processors.standard.RouteText - RouteText[id=a680ad74-d0b5-404d-9505-4b7cb994baf3] Adding new dynamic property: PropertyDescriptor[simple]
[pool-2951-thread-1] INFO org.apache.nifi.processors.standard.RouteText - RouteText[id=a680ad74-d0b5-404d-9505-4b7cb994baf3] Created FlowFile[1259,99014624171817.mockFlowFile,23B] from FlowFile[1258,99014624171817.mockFlowFile,23B]; routing to relationship simple
[pool-2951-thread-1] INFO org.apache.nifi.processors.standard.RouteText - RouteText[id=a680ad74-d0b5-404d-9505-4b7cb994baf3] Routing FlowFile[1258,99014624171817.mockFlowFile,23B] to original
[main] DEBUG org.apache.nifi.processors.standard.RouteText - RouteText[id=a680ad74-d0b5-404d-9505-4b7cb994baf3] Adding new dynamic property: PropertyDescriptor[simple]
[pool-2952-thread-1] INFO org.apache.nifi.processors.standard.RouteText - RouteText[id=a680ad74-d0b5-404d-9505-4b7cb994baf3] Created FlowFile[1261,99014624629761.mockFlowFile,23B] from FlowFile[1260,99014624629761.mockFlowFile,23B]; routing to relationship simple
[pool-2952-thread-1] INFO org.apache.nifi.processors.standard.RouteText - RouteText[id=a680ad74-d0b5-404d-9505-4b7cb994baf3] Routing FlowFile[1260,99014624629761.mockFlowFile,23B] to original
[main] DEBUG org.apache.nifi.processors.standard.RouteText - RouteText[id=a680ad74-d0b5-404d-9505-4b7cb994baf3] Adding new dynamic property: PropertyDescriptor[simple]
[pool-2953-thread-1] INFO org.apache.nifi.processors.standard.RouteText - RouteText[id=a680ad74-d0b5-404d-9505-4b7cb994baf3] Created FlowFile[1263,99014625070509.mockFlowFile,23B] from FlowFile[1262,99014625070509.mockFlowFile,23B]; routing to relationship simple
[pool-2953-thread-1] INFO org.apache.nifi.processors.standard.RouteText - RouteText[id=a680ad74-d0b5-404d-9505-4b7cb994baf3] Routing FlowFile[1262,99014625070509.mockFlowFile,23B] to original
[main] DEBUG org.apache.nifi.processors.standard.RouteText - RouteText[id=a680ad74-d0b5-404d-9505-4b7cb994baf3] Adding new dynamic property: PropertyDescriptor[simple]
[pool-2954-thread-1] INFO org.apache.nifi.processors.standard.RouteText - RouteText[id=a680ad74-d0b5-404d-9505-4b7cb994baf3] Created FlowFile[1265,99014625497068.mockFlowFile,23B] from FlowFile[1264,99014625497068.mockFlowFile,23B]; routing to relationship simple
[pool-2954-thread-1] INFO org.apache.nifi.processors.standard.RouteText - RouteText[id=a680ad74-d0b5-404d-9505-4b7cb994baf3] Routing FlowFile[1264,99014625497068.mockFlowFile,23B] to original
[main] DEBUG org.apache.nifi.processors.standard.RouteText - RouteText[id=a680ad74-d0b5-404d-9505-4b7cb994baf3] Adding new dynamic property: PropertyDescriptor[simple]
[pool-2955-thread-1] INFO org.apache.nifi.processors.standard.RouteText - RouteText[id=a680ad74-d0b5-404d-9505-4b7cb994baf3] Created FlowFile[1267,99014625919317.mockFlowFile,23B] from FlowFile[1266,99014625919317.mockFlowFile,23B]; routing to relationship simple
[pool-2955-thread-1] INFO org.apache.nifi.processors.standard.RouteText - RouteText[id=a680ad74-d0b5-404d-9505-4b7cb994baf3] Routing FlowFile[1266,99014625919317.mockFlowFile,23B] to original
[main] DEBUG org.apache.nifi.processors.standard.RouteText - RouteText[id=a680ad74-d0b5-404d-9505-4b7cb994baf3] Adding new dynamic property: PropertyDescriptor[simple]
[pool-2956-thread-1] INFO org.apache.nifi.processors.standard.RouteText - RouteText[id=a680ad74-d0b5-404d-9505-4b7cb994baf3] Created FlowFile[1269,99014626322912.mockFlowFile,23B] from FlowFile[1268,99014626322912.mockFlowFile,23B]; routing to relationship simple
[pool-2956-thread-1] INFO org.apache.nifi.processors.standard.RouteText - RouteText[id=a680ad74-d0b5-404d-9505-4b7cb994baf3] Routing FlowFile[1268,99014626322912.mockFlowFile,23B] to original
[main] DEBUG org.apache.nifi.processors.standard.RouteText - RouteText[id=a680ad74-d0b5-404d-9505-4b7cb994baf3] Adding new dynamic property: PropertyDescriptor[simple]
[pool-2957-thread-1] INFO org.apache.nifi.processors.standard.RouteText - RouteText[id=a680ad74-d0b5-404d-9505-4b7cb994baf3] Created FlowFile[1271,99014626633695.mockFlowFile,23B] from FlowFile[1270,99014626633695.mockFlowFile,23B]; routing to relationship simple
[pool-2957-thread-1] INFO org.apache.nifi.processors.standard.RouteText - RouteText[id=a680ad74-d0b5-404d-9505-4b7cb994baf3] Routing FlowFile[1270,99014626633695.mockFlowFile,23B] to original
[main] DEBUG org.apache.nifi.processors.standard.RouteText - RouteText[id=a680ad74-d0b5-404d-9505-4b7cb994baf3] Adding new dynamic property: PropertyDescriptor[simple]
[pool-2958-thread-1] INFO org.apache.nifi.processors.standard.RouteText - RouteText[id=a680ad74-d0b5-404d-9505-4b7cb994baf3] Created FlowFile[1273,99014626958048.mockFlowFile,23B] from FlowFile[1272,99014626958048.mockFlowFile,23B]; routing to relationship simple
[pool-2958-thread-1] INFO org.apache.nifi.processors.standard.RouteText - RouteText[id=a680ad74-d0b5-404d-9505-4b7cb994baf3] Routing FlowFile[1272,99014626958048.mockFlowFile,23B] to original
[main] DEBUG org.apache.nifi.processors.standard.RouteText - RouteText[id=a680ad74-d0b5-404d-9505-4b7cb994baf3] Adding new dynamic property: PropertyDescriptor[simple]
[pool-2959-thread-1] INFO org.apache.nifi.processors.standard.RouteText - RouteText[id=a680ad74-d0b5-404d-9505-4b7cb994baf3] Created FlowFile[1275,99014627353677.mockFlowFile,23B] from FlowFile[1274,99014627353677.mockFlowFile,23B]; routing to relationship simple
[pool-2959-thread-1] INFO org.apache.nifi.processors.standard.RouteText - RouteText[id=a680ad74-d0b5-404d-9505-4b7cb994baf3] Routing FlowFile[1274,99014627353677.mockFlowFile,23B] to original
[main] DEBUG org.apache.nifi.processors.standard.RouteText - RouteText[id=a680ad74-d0b5-404d-9505-4b7cb994baf3] Adding new dynamic property: PropertyDescriptor[simple]
[pool-2960-thread-1] INFO org.apache.nifi.processors.standard.RouteText - RouteText[id=a680ad74-d0b5-404d-9505-4b7cb994baf3] Created FlowFile[1277,99014627725916.mockFlowFile,23B] from FlowFile[1276,99014627725916.mockFlowFile,23B]; routing to relationship simple
[pool-2960-thread-1] INFO org.apache.nifi.processors.standard.RouteText - RouteText[id=a680ad74-d0b5-404d-9505-4b7cb994baf3] Routing FlowFile[1276,99014627725916.mockFlowFile,23B] to original
[main] DEBUG org.apache.nifi.processors.standard.RouteText - RouteText[id=a680ad74-d0b5-404d-9505-4b7cb994baf3] Adding new dynamic property: PropertyDescriptor[simple]
[pool-2961-thread-1] INFO org.apache.nifi.processors.standard.RouteText - RouteText[id=a680ad74-d0b5-404d-9505-4b7cb994baf3] Created FlowFile[1279,99014628070702.mockFlowFile,23B] from FlowFile[1278,99014628070702.mockFlowFile,23B]; routing to relationship simple
[pool-2961-thread-1] INFO org.apache.nifi.processors.standard.RouteText - RouteText[id=a680ad74-d0b5-404d-9505-4b7cb994baf3] Routing FlowFile[1278,99014628070702.mockFlowFile,23B] to original
[main] DEBUG org.apache.nifi.processors.standard.RouteText - RouteText[id=a680ad74-d0b5-404d-9505-4b7cb994baf3] Adding new dynamic property: PropertyDescriptor[simple]
[pool-2962-thread-1] INFO org.apache.nifi.processors.standard.RouteText - RouteText[id=a680ad74-d0b5-404d-9505-4b7cb994baf3] Created FlowFile[1281,99014628671793.mockFlowFile,23B] from FlowFile[1280,99014628671793.mockFlowFile,23B]; routing to relationship simple
[pool-2962-thread-1] INFO org.apache.nifi.processors.standard.RouteText - RouteText[id=a680ad74-d0b5-404d-9505-4b7cb994baf3] Routing FlowFile[1280,99014628671793.mockFlowFile,23B] to original
[main] DEBUG org.apache.nifi.processors.standard.RouteText - RouteText[id=a680ad74-d0b5-404d-9505-4b7cb994baf3] Adding new dynamic property: PropertyDescriptor[simple]
[pool-2963-thread-1] INFO org.apache.nifi.processors.standard.RouteText - RouteText[id=a680ad74-d0b5-404d-9505-4b7cb994baf3] Created FlowFile[1283,99014629218607.mockFlowFile,23B] from FlowFile[1282,99014629218607.mockFlowFile,23B]; routing to relationship simple
[pool-2963-thread-1] INFO org.apache.nifi.processors.standard.RouteText - RouteText[id=a680ad74-d0b5-404d-9505-4b7cb994baf3] Routing FlowFile[1282,99014629218607.mockFlowFile,23B] to original
[main] DEBUG org.apache.nifi.processors.standard.RouteText - RouteText[id=a680ad74-d0b5-404d-9505-4b7cb994baf3] Adding new dynamic property: PropertyDescriptor[simple]
[pool-2964-thread-1] INFO org.apache.nifi.processors.standard.RouteText - RouteText[id=a680ad74-d0b5-404d-9505-4b7cb994baf3] Created FlowFile[1285,99014629762084.mockFlowFile,23B] from FlowFile[1284,99014629762084.mockFlowFile,23B]; routing to relationship simple
[pool-2964-thread-1] INFO org.apache.nifi.processors.standard.RouteText - RouteText[id=a680ad74-d0b5-404d-9505-4b7cb994baf3] Routing FlowFile[1284,99014629762084.mockFlowFile,23B] to original
[main] DEBUG org.apache.nifi.processors.standard.RouteText - RouteText[id=a680ad74-d0b5-404d-9505-4b7cb994baf3] Adding new dynamic property: PropertyDescriptor[simple]
[pool-2965-thread-1] INFO org.apache.nifi.processors.standard.RouteText - RouteText[id=a680ad74-d0b5-404d-9505-4b7cb994baf3] Created FlowFile[1287,99014630287607.mockFlowFile,23B] from FlowFile[1286,99014630287607.mockFlowFile,23B]; routing to relationship simple
[pool-2965-thread-1] INFO org.apache.nifi.processors.standard.RouteText - RouteText[id=a680ad74-d0b5-404d-9505-4b7cb994baf3] Routing FlowFile[1286,99014630287607.mockFlowFile,23B] to original
[main] DEBUG org.apache.nifi.processors.standard.RouteText - RouteText[id=a680ad74-d0b5-404d-9505-4b7cb994baf3] Adding new dynamic property: PropertyDescriptor[simple]
[pool-2966-thread-1] INFO org.apache.nifi.processors.standard.RouteText - RouteText[id=a680ad74-d0b5-404d-9505-4b7cb994baf3] Created FlowFile[1289,99014630821219.mockFlowFile,23B] from FlowFile[1288,99014630821219.mockFlowFile,23B]; routing to relationship simple
[pool-2966-thread-1] INFO org.apache.nifi.processors.standard.RouteText - RouteText[id=a680ad74-d0b5-404d-9505-4b7cb994baf3] Routing FlowFile[1288,99014630821219.mockFlowFile,23B] to original
[main] DEBUG org.apache.nifi.processors.standard.RouteText - RouteText[id=a680ad74-d0b5-404d-9505-4b7cb994baf3] Adding new dynamic property: PropertyDescriptor[simple]
[pool-2967-thread-1] INFO org.apache.nifi.processors.standard.RouteText - RouteText[id=a680ad74-d0b5-404d-9505-4b7cb994baf3] Created FlowFile[1291,99014631291024.mockFlowFile,23B] from FlowFile[1290,99014631291024.mockFlowFile,23B]; routing to relationship simple
[pool-2967-thread-1] INFO org.apache.nifi.processors.standard.RouteText - RouteText[id=a680ad74-d0b5-404d-9505-4b7cb994baf3] Routing FlowFile[1290,99014631291024.mockFlowFile,23B] to original
[main] DEBUG org.apache.nifi.processors.standard.RouteText - RouteText[id=a680ad74-d0b5-404d-9505-4b7cb994baf3] Adding new dynamic property: PropertyDescriptor[simple]
[pool-2968-thread-1] INFO org.apache.nifi.processors.standard.RouteText - RouteText[id=a680ad74-d0b5-404d-9505-4b7cb994baf3] Created FlowFile[1293,99014631698669.mockFlowFile,23B] from FlowFile[1292,99014631698669.mockFlowFile,23B]; routing to relationship simple
[pool-2968-thread-1] INFO org.apache.nifi.processors.standard.RouteText - RouteText[id=a680ad74-d0b5-404d-9505-4b7cb994baf3] Routing FlowFile[1292,99014631698669.mockFlowFile,23B] to original
[main] DEBUG org.apache.nifi.processors.standard.RouteText - RouteText[id=a680ad74-d0b5-404d-9505-4b7cb994baf3] Adding new dynamic property: PropertyDescriptor[simple]
[pool-2969-thread-1] INFO org.apache.nifi.processors.standard.RouteText - RouteText[id=a680ad74-d0b5-404d-9505-4b7cb994baf3] Created FlowFile[1295,99014632108145.mockFlowFile,23B] from FlowFile[1294,99014632108145.mockFlowFile,23B]; routing to relationship simple
[pool-2969-thread-1] INFO org.apache.nifi.processors.standard.RouteText - RouteText[id=a680ad74-d0b5-404d-9505-4b7cb994baf3] Routing FlowFile[1294,99014632108145.mockFlowFile,23B] to original
[main] DEBUG org.apache.nifi.processors.standard.RouteText - RouteText[id=a680ad74-d0b5-404d-9505-4b7cb994baf3] Adding new dynamic property: PropertyDescriptor[simple]
[pool-2970-thread-1] INFO org.apache.nifi.processors.standard.RouteText - RouteText[id=a680ad74-d0b5-404d-9505-4b7cb994baf3] Created FlowFile[1297,99014632522848.mockFlowFile,23B] from FlowFile[1296,99014632522848.mockFlowFile,23B]; routing to relationship simple
[pool-2970-thread-1] INFO org.apache.nifi.processors.standard.RouteText - RouteText[id=a680ad74-d0b5-404d-9505-4b7cb994baf3] Routing FlowFile[1296,99014632522848.mockFlowFile,23B] to original
[main] DEBUG org.apache.nifi.processors.standard.RouteText - RouteText[id=a680ad74-d0b5-404d-9505-4b7cb994baf3] Adding new dynamic property: PropertyDescriptor[simple]
[pool-2971-thread-1] INFO org.apache.nifi.processors.standard.RouteText - RouteText[id=a680ad74-d0b5-404d-9505-4b7cb994baf3] Created FlowFile[1299,99014632922731.mockFlowFile,23B] from FlowFile[1298,99014632922731.mockFlowFile,23B]; routing to relationship simple
[pool-2971-thread-1] INFO org.apache.nifi.processors.standard.RouteText - RouteText[id=a680ad74-d0b5-404d-9505-4b7cb994baf3] Routing FlowFile[1298,99014632922731.mockFlowFile,23B] to original
[main] DEBUG org.apache.nifi.processors.standard.RouteText - RouteText[id=a680ad74-d0b5-404d-9505-4b7cb994baf3] Adding new dynamic property: PropertyDescriptor[simple]
[pool-2972-thread-1] INFO org.apache.nifi.processors.standard.RouteText - RouteText[id=a680ad74-d0b5-404d-9505-4b7cb994baf3] Created FlowFile[1301,99014633324021.mockFlowFile,23B] from FlowFile[1300,99014633324021.mockFlowFile,23B]; routing to relationship simple
[pool-2972-thread-1] INFO org.apache.nifi.processors.standard.RouteText - RouteText[id=a680ad74-d0b5-404d-9505-4b7cb994baf3] Routing FlowFile[1300,99014633324021.mockFlowFile,23B] to original
[main] DEBUG org.apache.nifi.processors.standard.RouteText - RouteText[id=a680ad74-d0b5-404d-9505-4b7cb994baf3] Adding new dynamic property: PropertyDescriptor[simple]
[pool-2973-thread-1] INFO org.apache.nifi.processors.standard.RouteText - RouteText[id=a680ad74-d0b5-404d-9505-4b7cb994baf3] Created FlowFile[1303,99014633712865.mockFlowFile,23B] from FlowFile[1302,99014633712865.mockFlowFile,23B]; routing to relationship simple
[pool-2973-thread-1] INFO org.apache.nifi.processors.standard.RouteText - RouteText[id=a680ad74-d0b5-404d-9505-4b7cb994baf3] Routing FlowFile[1302,99014633712865.mockFlowFile,23B] to original
[main] DEBUG org.apache.nifi.processors.standard.RouteText - RouteText[id=a680ad74-d0b5-404d-9505-4b7cb994baf3] Adding new dynamic property: PropertyDescriptor[simple]
[pool-2974-thread-1] INFO org.apache.nifi.processors.standard.RouteText - RouteText[id=a680ad74-d0b5-404d-9505-4b7cb994baf3] Created FlowFile[1305,99014634099076.mockFlowFile,23B] from FlowFile[1304,99014634099076.mockFlowFile,23B]; routing to relationship simple
[pool-2974-thread-1] INFO org.apache.nifi.processors.standard.RouteText - RouteText[id=a680ad74-d0b5-404d-9505-4b7cb994baf3] Routing FlowFile[1304,99014634099076.mockFlowFile,23B] to original
[main] DEBUG org.apache.nifi.processors.standard.RouteText - RouteText[id=a680ad74-d0b5-404d-9505-4b7cb994baf3] Adding new dynamic property: PropertyDescriptor[simple]
[pool-2975-thread-1] INFO org.apache.nifi.processors.standard.RouteText - RouteText[id=a680ad74-d0b5-404d-9505-4b7cb994baf3] Created FlowFile[1307,99014634477895.mockFlowFile,23B] from FlowFile[1306,99014634477895.mockFlowFile,23B]; routing to relationship simple
[pool-2975-thread-1] INFO org.apache.nifi.processors.standard.RouteText - RouteText[id=a680ad74-d0b5-404d-9505-4b7cb994baf3] Routing FlowFile[1306,99014634477895.mockFlowFile,23B] to original
[main] DEBUG org.apache.nifi.processors.standard.RouteText - RouteText[id=a680ad74-d0b5-404d-9505-4b7cb994baf3] Adding new dynamic property: PropertyDescriptor[simple]
[pool-2976-thread-1] INFO org.apache.nifi.processors.standard.RouteText - RouteText[id=a680ad74-d0b5-404d-9505-4b7cb994baf3] Created FlowFile[1309,99014634860279.mockFlowFile,23B] from FlowFile[1308,99014634860279.mockFlowFile,23B]; routing to relationship simple
[pool-2976-thread-1] INFO org.apache.nifi.processors.standard.RouteText - RouteText[id=a680ad74-d0b5-404d-9505-4b7cb994baf3] Routing FlowFile[1308,99014634860279.mockFlowFile,23B] to original
[main] DEBUG org.apache.nifi.processors.standard.RouteText - RouteText[id=a680ad74-d0b5-404d-9505-4b7cb994baf3] Adding new dynamic property: PropertyDescriptor[simple]
[pool-2977-thread-1] INFO org.apache.nifi.processors.standard.RouteText - RouteText[id=a680ad74-d0b5-404d-9505-4b7cb994baf3] Created FlowFile[1311,99014635237186.mockFlowFile,23B] from FlowFile[1310,99014635237186.mockFlowFile,23B]; routing to relationship simple
[pool-2977-thread-1] INFO org.apache.nifi.processors.standard.RouteText - RouteText[id=a680ad74-d0b5-404d-9505-4b7cb994baf3] Routing FlowFile[1310,99014635237186.mockFlowFile,23B] to original
[main] DEBUG org.apache.nifi.processors.standard.RouteText - RouteText[id=a680ad74-d0b5-404d-9505-4b7cb994baf3] Adding new dynamic property: PropertyDescriptor[simple]
[pool-2978-thread-1] INFO org.apache.nifi.processors.standard.RouteText - RouteText[id=a680ad74-d0b5-404d-9505-4b7cb994baf3] Created FlowFile[1313,99014635617673.mockFlowFile,23B] from FlowFile[1312,99014635617673.mockFlowFile,23B]; routing to relationship simple
[pool-2978-thread-1] INFO org.apache.nifi.processors.standard.RouteText - RouteText[id=a680ad74-d0b5-404d-9505-4b7cb994baf3] Routing FlowFile[1312,99014635617673.mockFlowFile,23B] to original
[main] DEBUG org.apache.nifi.processors.standard.RouteText - RouteText[id=a680ad74-d0b5-404d-9505-4b7cb994baf3] Adding new dynamic property: PropertyDescriptor[simple]
[pool-2979-thread-1] INFO org.apache.nifi.processors.standard.RouteText - RouteText[id=a680ad74-d0b5-404d-9505-4b7cb994baf3] Created FlowFile[1315,99014635992934.mockFlowFile,23B] from FlowFile[1314,99014635992934.mockFlowFile,23B]; routing to relationship simple
[pool-2979-thread-1] INFO org.apache.nifi.processors.standard.RouteText - RouteText[id=a680ad74-d0b5-404d-9505-4b7cb994baf3] Routing FlowFile[1314,99014635992934.mockFlowFile,23B] to original
[main] DEBUG org.apache.nifi.processors.standard.RouteText - RouteText[id=a680ad74-d0b5-404d-9505-4b7cb994baf3] Adding new dynamic property: PropertyDescriptor[simple]
[pool-2980-thread-1] INFO org.apache.nifi.processors.standard.RouteText - RouteText[id=a680ad74-d0b5-404d-9505-4b7cb994baf3] Created FlowFile[1317,99014636481181.mockFlowFile,23B] from FlowFile[1316,99014636481181.mockFlowFile,23B]; routing to relationship simple
[pool-2980-thread-1] INFO org.apache.nifi.processors.standard.RouteText - RouteText[id=a680ad74-d0b5-404d-9505-4b7cb994baf3] Routing FlowFile[1316,99014636481181.mockFlowFile,23B] to original
[main] DEBUG org.apache.nifi.processors.standard.RouteText - RouteText[id=a680ad74-d0b5-404d-9505-4b7cb994baf3] Adding new dynamic property: PropertyDescriptor[simple]
[pool-2981-thread-1] INFO org.apache.nifi.processors.standard.RouteText - RouteText[id=a680ad74-d0b5-404d-9505-4b7cb994baf3] Created FlowFile[1319,99014636868072.mockFlowFile,23B] from FlowFile[1318,99014636868072.mockFlowFile,23B]; routing to relationship simple
[pool-2981-thread-1] INFO org.apache.nifi.processors.standard.RouteText - RouteText[id=a680ad74-d0b5-404d-9505-4b7cb994baf3] Routing FlowFile[1318,99014636868072.mockFlowFile,23B] to original
[main] DEBUG org.apache.nifi.processors.standard.RouteText - RouteText[id=a680ad74-d0b5-404d-9505-4b7cb994baf3] Adding new dynamic property: PropertyDescriptor[simple]
[pool-2982-thread-1] INFO org.apache.nifi.processors.standard.RouteText - RouteText[id=a680ad74-d0b5-404d-9505-4b7cb994baf3] Created FlowFile[1321,99014637238689.mockFlowFile,23B] from FlowFile[1320,99014637238689.mockFlowFile,23B]; routing to relationship simple
[pool-2982-thread-1] INFO org.apache.nifi.processors.standard.RouteText - RouteText[id=a680ad74-d0b5-404d-9505-4b7cb994baf3] Routing FlowFile[1320,99014637238689.mockFlowFile,23B] to original
[main] DEBUG org.apache.nifi.processors.standard.RouteText - RouteText[id=a680ad74-d0b5-404d-9505-4b7cb994baf3] Adding new dynamic property: PropertyDescriptor[simple]
[pool-2983-thread-1] INFO org.apache.nifi.processors.standard.RouteText - RouteText[id=a680ad74-d0b5-404d-9505-4b7cb994baf3] Created FlowFile[1323,99014637610075.mockFlowFile,23B] from FlowFile[1322,99014637610075.mockFlowFile,23B]; routing to relationship simple
[pool-2983-thread-1] INFO org.apache.nifi.processors.standard.RouteText - RouteText[id=a680ad74-d0b5-404d-9505-4b7cb994baf3] Routing FlowFile[1322,99014637610075.mockFlowFile,23B] to original
[main] DEBUG org.apache.nifi.processors.standard.RouteText - RouteText[id=a680ad74-d0b5-404d-9505-4b7cb994baf3] Adding new dynamic property: PropertyDescriptor[simple]
[pool-2984-thread-1] INFO org.apache.nifi.processors.standard.RouteText - RouteText[id=a680ad74-d0b5-404d-9505-4b7cb994baf3] Created FlowFile[1325,99014637980538.mockFlowFile,23B] from FlowFile[1324,99014637980538.mockFlowFile,23B]; routing to relationship simple
[pool-2984-thread-1] INFO org.apache.nifi.processors.standard.RouteText - RouteText[id=a680ad74-d0b5-404d-9505-4b7cb994baf3] Routing FlowFile[1324,99014637980538.mockFlowFile,23B] to original
[main] DEBUG org.apache.nifi.processors.standard.RouteText - RouteText[id=a680ad74-d0b5-404d-9505-4b7cb994baf3] Adding new dynamic property: PropertyDescriptor[simple]
[pool-2985-thread-1] INFO org.apache.nifi.processors.standard.RouteText - RouteText[id=a680ad74-d0b5-404d-9505-4b7cb994baf3] Created FlowFile[1327,99014638384082.mockFlowFile,23B] from FlowFile[1326,99014638384082.mockFlowFile,23B]; routing to relationship simple
[pool-2985-thread-1] INFO org.apache.nifi.processors.standard.RouteText - RouteText[id=a680ad74-d0b5-404d-9505-4b7cb994baf3] Routing FlowFile[1326,99014638384082.mockFlowFile,23B] to original
[main] DEBUG org.apache.nifi.processors.standard.RouteText - RouteText[id=a680ad74-d0b5-404d-9505-4b7cb994baf3] Adding new dynamic property: PropertyDescriptor[simple]
[pool-2986-thread-1] INFO org.apache.nifi.processors.standard.RouteText - RouteText[id=a680ad74-d0b5-404d-9505-4b7cb994baf3] Created FlowFile[1329,99014638780564.mockFlowFile,23B] from FlowFile[1328,99014638780564.mockFlowFile,23B]; routing to relationship simple
[pool-2986-thread-1] INFO org.apache.nifi.processors.standard.RouteText - RouteText[id=a680ad74-d0b5-404d-9505-4b7cb994baf3] Routing FlowFile[1328,99014638780564.mockFlowFile,23B] to original
[main] DEBUG org.apache.nifi.processors.standard.RouteText - RouteText[id=a680ad74-d0b5-404d-9505-4b7cb994baf3] Adding new dynamic property: PropertyDescriptor[simple]
[pool-2987-thread-1] INFO org.apache.nifi.processors.standard.RouteText - RouteText[id=a680ad74-d0b5-404d-9505-4b7cb994baf3] Created FlowFile[1331,99014639182421.mockFlowFile,23B] from FlowFile[1330,99014639182421.mockFlowFile,23B]; routing to relationship simple
[pool-2987-thread-1] INFO org.apache.nifi.processors.standard.RouteText - RouteText[id=a680ad74-d0b5-404d-9505-4b7cb994baf3] Routing FlowFile[1330,99014639182421.mockFlowFile,23B] to original
[main] DEBUG org.apache.nifi.processors.standard.RouteText - RouteText[id=a680ad74-d0b5-404d-9505-4b7cb994baf3] Adding new dynamic property: PropertyDescriptor[simple]
[pool-2988-thread-1] INFO org.apache.nifi.processors.standard.RouteText - RouteText[id=a680ad74-d0b5-404d-9505-4b7cb994baf3] Created FlowFile[1333,99014639583674.mockFlowFile,23B] from FlowFile[1332,99014639583674.mockFlowFile,23B]; routing to relationship simple
[pool-2988-thread-1] INFO org.apache.nifi.processors.standard.RouteText - RouteText[id=a680ad74-d0b5-404d-9505-4b7cb994baf3] Routing FlowFile[1332,99014639583674.mockFlowFile,23B] to original
[main] DEBUG org.apache.nifi.processors.standard.RouteText - RouteText[id=a680ad74-d0b5-404d-9505-4b7cb994baf3] Adding new dynamic property: PropertyDescriptor[simple]
[pool-2989-thread-1] INFO org.apache.nifi.processors.standard.RouteText - RouteText[id=a680ad74-d0b5-404d-9505-4b7cb994baf3] Created FlowFile[1335,99014639881988.mockFlowFile,23B] from FlowFile[1334,99014639881988.mockFlowFile,23B]; routing to relationship simple
[pool-2989-thread-1] INFO org.apache.nifi.processors.standard.RouteText - RouteText[id=a680ad74-d0b5-404d-9505-4b7cb994baf3] Routing FlowFile[1334,99014639881988.mockFlowFile,23B] to original
[main] DEBUG org.apache.nifi.processors.standard.RouteText - RouteText[id=a680ad74-d0b5-404d-9505-4b7cb994baf3] Adding new dynamic property: PropertyDescriptor[simple]
[pool-2990-thread-1] INFO org.apache.nifi.processors.standard.RouteText - RouteText[id=a680ad74-d0b5-404d-9505-4b7cb994baf3] Created FlowFile[1337,99014640365905.mockFlowFile,23B] from FlowFile[1336,99014640365905.mockFlowFile,23B]; routing to relationship simple
[pool-2990-thread-1] INFO org.apache.nifi.processors.standard.RouteText - RouteText[id=a680ad74-d0b5-404d-9505-4b7cb994baf3] Routing FlowFile[1336,99014640365905.mockFlowFile,23B] to original
[main] DEBUG org.apache.nifi.processors.standard.RouteText - RouteText[id=a680ad74-d0b5-404d-9505-4b7cb994baf3] Adding new dynamic property: PropertyDescriptor[simple]
[pool-2991-thread-1] INFO org.apache.nifi.processors.standard.RouteText - RouteText[id=a680ad74-d0b5-404d-9505-4b7cb994baf3] Created FlowFile[1339,99014640784755.mockFlowFile,23B] from FlowFile[1338,99014640784755.mockFlowFile,23B]; routing to relationship simple
[pool-2991-thread-1] INFO org.apache.nifi.processors.standard.RouteText - RouteText[id=a680ad74-d0b5-404d-9505-4b7cb994baf3] Routing FlowFile[1338,99014640784755.mockFlowFile,23B] to original
[main] DEBUG org.apache.nifi.processors.standard.RouteText - RouteText[id=a680ad74-d0b5-404d-9505-4b7cb994baf3] Adding new dynamic property: PropertyDescriptor[simple]
[pool-2992-thread-1] INFO org.apache.nifi.processors.standard.RouteText - RouteText[id=a680ad74-d0b5-404d-9505-4b7cb994baf3] Created FlowFile[1341,99014641200497.mockFlowFile,23B] from FlowFile[1340,99014641200497.mockFlowFile,23B]; routing to relationship simple
[pool-2992-thread-1] INFO org.apache.nifi.processors.standard.RouteText - RouteText[id=a680ad74-d0b5-404d-9505-4b7cb994baf3] Routing FlowFile[1340,99014641200497.mockFlowFile,23B] to original
[main] DEBUG org.apache.nifi.processors.standard.RouteText - RouteText[id=a680ad74-d0b5-404d-9505-4b7cb994baf3] Adding new dynamic property: PropertyDescriptor[simple]
[pool-2993-thread-1] INFO org.apache.nifi.processors.standard.RouteText - RouteText[id=a680ad74-d0b5-404d-9505-4b7cb994baf3] Created FlowFile[1343,99014641621717.mockFlowFile,23B] from FlowFile[1342,99014641621717.mockFlowFile,23B]; routing to relationship simple
[pool-2993-thread-1] INFO org.apache.nifi.processors.standard.RouteText - RouteText[id=a680ad74-d0b5-404d-9505-4b7cb994baf3] Routing FlowFile[1342,99014641621717.mockFlowFile,23B] to original
[main] DEBUG org.apache.nifi.processors.standard.RouteText - RouteText[id=a680ad74-d0b5-404d-9505-4b7cb994baf3] Adding new dynamic property: PropertyDescriptor[simple]
[pool-2994-thread-1] INFO org.apache.nifi.processors.standard.RouteText - RouteText[id=a680ad74-d0b5-404d-9505-4b7cb994baf3] Created FlowFile[1345,99014642042305.mockFlowFile,23B] from FlowFile[1344,99014642042305.mockFlowFile,23B]; routing to relationship simple
[pool-2994-thread-1] INFO org.apache.nifi.processors.standard.RouteText - RouteText[id=a680ad74-d0b5-404d-9505-4b7cb994baf3] Routing FlowFile[1344,99014642042305.mockFlowFile,23B] to original
[main] DEBUG org.apache.nifi.processors.standard.RouteText - RouteText[id=a680ad74-d0b5-404d-9505-4b7cb994baf3] Adding new dynamic property: PropertyDescriptor[simple]
[pool-2995-thread-1] INFO org.apache.nifi.processors.standard.RouteText - RouteText[id=a680ad74-d0b5-404d-9505-4b7cb994baf3] Created FlowFile[1347,99014642382217.mockFlowFile,23B] from FlowFile[1346,99014642382217.mockFlowFile,23B]; routing to relationship simple
[pool-2995-thread-1] INFO org.apache.nifi.processors.standard.RouteText - RouteText[id=a680ad74-d0b5-404d-9505-4b7cb994baf3] Routing FlowFile[1346,99014642382217.mockFlowFile,23B] to original
[main] DEBUG org.apache.nifi.processors.standard.RouteText - RouteText[id=a680ad74-d0b5-404d-9505-4b7cb994baf3] Adding new dynamic property: PropertyDescriptor[simple]
[pool-2996-thread-1] INFO org.apache.nifi.processors.standard.RouteText - RouteText[id=a680ad74-d0b5-404d-9505-4b7cb994baf3] Created FlowFile[1349,99014642696345.mockFlowFile,23B] from FlowFile[1348,99014642696345.mockFlowFile,23B]; routing to relationship simple
[pool-2996-thread-1] INFO org.apache.nifi.processors.standard.RouteText - RouteText[id=a680ad74-d0b5-404d-9505-4b7cb994baf3] Routing FlowFile[1348,99014642696345.mockFlowFile,23B] to original
[main] DEBUG org.apache.nifi.processors.standard.RouteText - RouteText[id=a680ad74-d0b5-404d-9505-4b7cb994baf3] Adding new dynamic property: PropertyDescriptor[simple]
[pool-2997-thread-1] INFO org.apache.nifi.processors.standard.RouteText - RouteText[id=a680ad74-d0b5-404d-9505-4b7cb994baf3] Created FlowFile[1351,99014642973646.mockFlowFile,23B] from FlowFile[1350,99014642973646.mockFlowFile,23B]; routing to relationship simple
[pool-2997-thread-1] INFO org.apache.nifi.processors.standard.RouteText - RouteText[id=a680ad74-d0b5-404d-9505-4b7cb994baf3] Routing FlowFile[1350,99014642973646.mockFlowFile,23B] to original
[main] DEBUG org.apache.nifi.processors.standard.RouteText - RouteText[id=a680ad74-d0b5-404d-9505-4b7cb994baf3] Adding new dynamic property: PropertyDescriptor[simple]
[pool-2998-thread-1] INFO org.apache.nifi.processors.standard.RouteText - RouteText[id=a680ad74-d0b5-404d-9505-4b7cb994baf3] Created FlowFile[1353,99014643345346.mockFlowFile,23B] from FlowFile[1352,99014643345346.mockFlowFile,23B]; routing to relationship simple
[pool-2998-thread-1] INFO org.apache.nifi.processors.standard.RouteText - RouteText[id=a680ad74-d0b5-404d-9505-4b7cb994baf3] Routing FlowFile[1352,99014643345346.mockFlowFile,23B] to original
[main] DEBUG org.apache.nifi.processors.standard.RouteText - RouteText[id=a680ad74-d0b5-404d-9505-4b7cb994baf3] Adding new dynamic property: PropertyDescriptor[simple]
[pool-2999-thread-1] INFO org.apache.nifi.processors.standard.RouteText - RouteText[id=a680ad74-d0b5-404d-9505-4b7cb994baf3] Created FlowFile[1355,99014643660758.mockFlowFile,23B] from FlowFile[1354,99014643660758.mockFlowFile,23B]; routing to relationship simple
[pool-2999-thread-1] INFO org.apache.nifi.processors.standard.RouteText - RouteText[id=a680ad74-d0b5-404d-9505-4b7cb994baf3] Routing FlowFile[1354,99014643660758.mockFlowFile,23B] to original
[main] DEBUG org.apache.nifi.processors.standard.RouteText - RouteText[id=a680ad74-d0b5-404d-9505-4b7cb994baf3] Adding new dynamic property: PropertyDescriptor[simple]
[pool-3000-thread-1] INFO org.apache.nifi.processors.standard.RouteText - RouteText[id=a680ad74-d0b5-404d-9505-4b7cb994baf3] Created FlowFile[1357,99014643936652.mockFlowFile,23B] from FlowFile[1356,99014643936652.mockFlowFile,23B]; routing to relationship simple
[pool-3000-thread-1] INFO org.apache.nifi.processors.standard.RouteText - RouteText[id=a680ad74-d0b5-404d-9505-4b7cb994baf3] Routing FlowFile[1356,99014643936652.mockFlowFile,23B] to original
[main] DEBUG org.apache.nifi.processors.standard.RouteText - RouteText[id=a680ad74-d0b5-404d-9505-4b7cb994baf3] Adding new dynamic property: PropertyDescriptor[simple]
[pool-3001-thread-1] INFO org.apache.nifi.processors.standard.RouteText - RouteText[id=a680ad74-d0b5-404d-9505-4b7cb994baf3] Created FlowFile[1359,99014644335311.mockFlowFile,23B] from FlowFile[1358,99014644335311.mockFlowFile,23B]; routing to relationship simple
[pool-3001-thread-1] INFO org.apache.nifi.processors.standard.RouteText - RouteText[id=a680ad74-d0b5-404d-9505-4b7cb994baf3] Routing FlowFile[1358,99014644335311.mockFlowFile,23B] to original
[main] DEBUG org.apache.nifi.processors.standard.RouteText - RouteText[id=a680ad74-d0b5-404d-9505-4b7cb994baf3] Adding new dynamic property: PropertyDescriptor[simple]
[pool-3002-thread-1] INFO org.apache.nifi.processors.standard.RouteText - RouteText[id=a680ad74-d0b5-404d-9505-4b7cb994baf3] Created FlowFile[1361,99014644701262.mockFlowFile,23B] from FlowFile[1360,99014644701262.mockFlowFile,23B]; routing to relationship simple
[pool-3002-thread-1] INFO org.apache.nifi.processors.standard.RouteText - RouteText[id=a680ad74-d0b5-404d-9505-4b7cb994baf3] Routing FlowFile[1360,99014644701262.mockFlowFile,23B] to original
[main] DEBUG org.apache.nifi.processors.standard.RouteText - RouteText[id=a680ad74-d0b5-404d-9505-4b7cb994baf3] Adding new dynamic property: PropertyDescriptor[simple]
[pool-3003-thread-1] INFO org.apache.nifi.processors.standard.RouteText - RouteText[id=a680ad74-d0b5-404d-9505-4b7cb994baf3] Created FlowFile[1363,99014644952458.mockFlowFile,23B] from FlowFile[1362,99014644952458.mockFlowFile,23B]; routing to relationship simple
[pool-3003-thread-1] INFO org.apache.nifi.processors.standard.RouteText - RouteText[id=a680ad74-d0b5-404d-9505-4b7cb994baf3] Routing FlowFile[1362,99014644952458.mockFlowFile,23B] to original
[main] DEBUG org.apache.nifi.processors.standard.RouteText - RouteText[id=a680ad74-d0b5-404d-9505-4b7cb994baf3] Adding new dynamic property: PropertyDescriptor[simple]
[pool-3004-thread-1] INFO org.apache.nifi.processors.standard.RouteText - RouteText[id=a680ad74-d0b5-404d-9505-4b7cb994baf3] Created FlowFile[1365,99014645228806.mockFlowFile,23B] from FlowFile[1364,99014645228806.mockFlowFile,23B]; routing to relationship simple
[pool-3004-thread-1] INFO org.apache.nifi.processors.standard.RouteText - RouteText[id=a680ad74-d0b5-404d-9505-4b7cb994baf3] Routing FlowFile[1364,99014645228806.mockFlowFile,23B] to original
[main] DEBUG org.apache.nifi.processors.standard.RouteText - RouteText[id=a680ad74-d0b5-404d-9505-4b7cb994baf3] Adding new dynamic property: PropertyDescriptor[simple]
[pool-3005-thread-1] INFO org.apache.nifi.processors.standard.RouteText - RouteText[id=a680ad74-d0b5-404d-9505-4b7cb994baf3] Created FlowFile[1367,99014645469948.mockFlowFile,23B] from FlowFile[1366,99014645469948.mockFlowFile,23B]; routing to relationship simple
[pool-3005-thread-1] INFO org.apache.nifi.processors.standard.RouteText - RouteText[id=a680ad74-d0b5-404d-9505-4b7cb994baf3] Routing FlowFile[1366,99014645469948.mockFlowFile,23B] to original
[main] DEBUG org.apache.nifi.processors.standard.RouteText - RouteText[id=a680ad74-d0b5-404d-9505-4b7cb994baf3] Adding new dynamic property: PropertyDescriptor[simple]
[pool-3006-thread-1] INFO org.apache.nifi.processors.standard.RouteText - RouteText[id=a680ad74-d0b5-404d-9505-4b7cb994baf3] Created FlowFile[1369,99014645711867.mockFlowFile,23B] from FlowFile[1368,99014645711867.mockFlowFile,23B]; routing to relationship simple
[pool-3006-thread-1] INFO org.apache.nifi.processors.standard.RouteText - RouteText[id=a680ad74-d0b5-404d-9505-4b7cb994baf3] Routing FlowFile[1368,99014645711867.mockFlowFile,23B] to original
[main] DEBUG org.apache.nifi.processors.standard.RouteText - RouteText[id=a680ad74-d0b5-404d-9505-4b7cb994baf3] Adding new dynamic property: PropertyDescriptor[simple]
[pool-3007-thread-1] INFO org.apache.nifi.processors.standard.RouteText - RouteText[id=a680ad74-d0b5-404d-9505-4b7cb994baf3] Created FlowFile[1371,99014645954014.mockFlowFile,23B] from FlowFile[1370,99014645954014.mockFlowFile,23B]; routing to relationship simple
[pool-3007-thread-1] INFO org.apache.nifi.processors.standard.RouteText - RouteText[id=a680ad74-d0b5-404d-9505-4b7cb994baf3] Routing FlowFile[1370,99014645954014.mockFlowFile,23B] to original
[main] DEBUG org.apache.nifi.processors.standard.RouteText - RouteText[id=a680ad74-d0b5-404d-9505-4b7cb994baf3] Adding new dynamic property: PropertyDescriptor[simple]
[pool-3008-thread-1] INFO org.apache.nifi.processors.standard.RouteText - RouteText[id=a680ad74-d0b5-404d-9505-4b7cb994baf3] Created FlowFile[1373,99014646195519.mockFlowFile,23B] from FlowFile[1372,99014646195519.mockFlowFile,23B]; routing to relationship simple
[pool-3008-thread-1] INFO org.apache.nifi.processors.standard.RouteText - RouteText[id=a680ad74-d0b5-404d-9505-4b7cb994baf3] Routing FlowFile[1372,99014646195519.mockFlowFile,23B] to original
[main] DEBUG org.apache.nifi.processors.standard.RouteText - RouteText[id=a680ad74-d0b5-404d-9505-4b7cb994baf3] Adding new dynamic property: PropertyDescriptor[simple]
[pool-3009-thread-1] INFO org.apache.nifi.processors.standard.RouteText - RouteText[id=a680ad74-d0b5-404d-9505-4b7cb994baf3] Created FlowFile[1375,99014646440018.mockFlowFile,23B] from FlowFile[1374,99014646440018.mockFlowFile,23B]; routing to relationship simple
[pool-3009-thread-1] INFO org.apache.nifi.processors.standard.RouteText - RouteText[id=a680ad74-d0b5-404d-9505-4b7cb994baf3] Routing FlowFile[1374,99014646440018.mockFlowFile,23B] to original
[main] DEBUG org.apache.nifi.processors.standard.RouteText - RouteText[id=a680ad74-d0b5-404d-9505-4b7cb994baf3] Adding new dynamic property: PropertyDescriptor[simple]
[pool-3010-thread-1] INFO org.apache.nifi.processors.standard.RouteText - RouteText[id=a680ad74-d0b5-404d-9505-4b7cb994baf3] Created FlowFile[1377,99014646687486.mockFlowFile,23B] from FlowFile[1376,99014646687486.mockFlowFile,23B]; routing to relationship simple
[pool-3010-thread-1] INFO org.apache.nifi.processors.standard.RouteText - RouteText[id=a680ad74-d0b5-404d-9505-4b7cb994baf3] Routing FlowFile[1376,99014646687486.mockFlowFile,23B] to original
[main] DEBUG org.apache.nifi.processors.standard.RouteText - RouteText[id=a680ad74-d0b5-404d-9505-4b7cb994baf3] Adding new dynamic property: PropertyDescriptor[simple]
[pool-3011-thread-1] INFO org.apache.nifi.processors.standard.RouteText - RouteText[id=a680ad74-d0b5-404d-9505-4b7cb994baf3] Created FlowFile[1379,99014646933228.mockFlowFile,23B] from FlowFile[1378,99014646933228.mockFlowFile,23B]; routing to relationship simple
[pool-3011-thread-1] INFO org.apache.nifi.processors.standard.RouteText - RouteText[id=a680ad74-d0b5-404d-9505-4b7cb994baf3] Routing FlowFile[1378,99014646933228.mockFlowFile,23B] to original
[main] DEBUG org.apache.nifi.processors.standard.RouteText - RouteText[id=a680ad74-d0b5-404d-9505-4b7cb994baf3] Adding new dynamic property: PropertyDescriptor[simple]
[pool-3012-thread-1] INFO org.apache.nifi.processors.standard.RouteText - RouteText[id=a680ad74-d0b5-404d-9505-4b7cb994baf3] Created FlowFile[1381,99014647493546.mockFlowFile,23B] from FlowFile[1380,99014647493546.mockFlowFile,23B]; routing to relationship simple
[pool-3012-thread-1] INFO org.apache.nifi.processors.standard.RouteText - RouteText[id=a680ad74-d0b5-404d-9505-4b7cb994baf3] Routing FlowFile[1380,99014647493546.mockFlowFile,23B] to original
[main] DEBUG org.apache.nifi.processors.standard.RouteText - RouteText[id=a680ad74-d0b5-404d-9505-4b7cb994baf3] Adding new dynamic property: PropertyDescriptor[simple]
[pool-3013-thread-1] INFO org.apache.nifi.processors.standard.RouteText - RouteText[id=a680ad74-d0b5-404d-9505-4b7cb994baf3] Created FlowFile[1383,99014647874113.mockFlowFile,23B] from FlowFile[1382,99014647874113.mockFlowFile,23B]; routing to relationship simple
[pool-3013-thread-1] INFO org.apache.nifi.processors.standard.RouteText - RouteText[id=a680ad74-d0b5-404d-9505-4b7cb994baf3] Routing FlowFile[1382,99014647874113.mockFlowFile,23B] to original
[main] DEBUG org.apache.nifi.processors.standard.RouteText - RouteText[id=a680ad74-d0b5-404d-9505-4b7cb994baf3] Adding new dynamic property: PropertyDescriptor[simple]
[pool-3014-thread-1] INFO org.apache.nifi.processors.standard.RouteText - RouteText[id=a680ad74-d0b5-404d-9505-4b7cb994baf3] Created FlowFile[1385,99014648407814.mockFlowFile,23B] from FlowFile[1384,99014648407814.mockFlowFile,23B]; routing to relationship simple
[pool-3014-thread-1] INFO org.apache.nifi.processors.standard.RouteText - RouteText[id=a680ad74-d0b5-404d-9505-4b7cb994baf3] Routing FlowFile[1384,99014648407814.mockFlowFile,23B] to original
[main] DEBUG org.apache.nifi.processors.standard.RouteText - RouteText[id=a680ad74-d0b5-404d-9505-4b7cb994baf3] Adding new dynamic property: PropertyDescriptor[simple]
[pool-3015-thread-1] INFO org.apache.nifi.processors.standard.RouteText - RouteText[id=a680ad74-d0b5-404d-9505-4b7cb994baf3] Created FlowFile[1387,99014648724097.mockFlowFile,23B] from FlowFile[1386,99014648724097.mockFlowFile,23B]; routing to relationship simple
[pool-3015-thread-1] INFO org.apache.nifi.processors.standard.RouteText - RouteText[id=a680ad74-d0b5-404d-9505-4b7cb994baf3] Routing FlowFile[1386,99014648724097.mockFlowFile,23B] to original
[main] DEBUG org.apache.nifi.processors.standard.RouteText - RouteText[id=a680ad74-d0b5-404d-9505-4b7cb994baf3] Adding new dynamic property: PropertyDescriptor[simple]
[pool-3016-thread-1] INFO org.apache.nifi.processors.standard.RouteText - RouteText[id=a680ad74-d0b5-404d-9505-4b7cb994baf3] Created FlowFile[1389,99014648989858.mockFlowFile,23B] from FlowFile[1388,99014648989858.mockFlowFile,23B]; routing to relationship simple
[pool-3016-thread-1] INFO org.apache.nifi.processors.standard.RouteText - RouteText[id=a680ad74-d0b5-404d-9505-4b7cb994baf3] Routing FlowFile[1388,99014648989858.mockFlowFile,23B] to original
[main] DEBUG org.apache.nifi.processors.standard.RouteText - RouteText[id=a680ad74-d0b5-404d-9505-4b7cb994baf3] Adding new dynamic property: PropertyDescriptor[simple]
[pool-3017-thread-1] INFO org.apache.nifi.processors.standard.RouteText - RouteText[id=a680ad74-d0b5-404d-9505-4b7cb994baf3] Created FlowFile[1391,99014649251683.mockFlowFile,23B] from FlowFile[1390,99014649251683.mockFlowFile,23B]; routing to relationship simple
[pool-3017-thread-1] INFO org.apache.nifi.processors.standard.RouteText - RouteText[id=a680ad74-d0b5-404d-9505-4b7cb994baf3] Routing FlowFile[1390,99014649251683.mockFlowFile,23B] to original
[main] DEBUG org.apache.nifi.processors.standard.RouteText - RouteText[id=a680ad74-d0b5-404d-9505-4b7cb994baf3] Adding new dynamic property: PropertyDescriptor[simple]
[pool-3018-thread-1] INFO org.apache.nifi.processors.standard.RouteText - RouteText[id=a680ad74-d0b5-404d-9505-4b7cb994baf3] Created FlowFile[1393,99014649508936.mockFlowFile,23B] from FlowFile[1392,99014649508936.mockFlowFile,23B]; routing to relationship simple
[pool-3018-thread-1] INFO org.apache.nifi.processors.standard.RouteText - RouteText[id=a680ad74-d0b5-404d-9505-4b7cb994baf3] Routing FlowFile[1392,99014649508936.mockFlowFile,23B] to original
[main] DEBUG org.apache.nifi.processors.standard.RouteText - RouteText[id=a680ad74-d0b5-404d-9505-4b7cb994baf3] Adding new dynamic property: PropertyDescriptor[simple]
[pool-3019-thread-1] INFO org.apache.nifi.processors.standard.RouteText - RouteText[id=a680ad74-d0b5-404d-9505-4b7cb994baf3] Created FlowFile[1395,99014649753278.mockFlowFile,23B] from FlowFile[1394,99014649753278.mockFlowFile,23B]; routing to relationship simple
[pool-3019-thread-1] INFO org.apache.nifi.processors.standard.RouteText - RouteText[id=a680ad74-d0b5-404d-9505-4b7cb994baf3] Routing FlowFile[1394,99014649753278.mockFlowFile,23B] to original
[main] DEBUG org.apache.nifi.processors.standard.RouteText - RouteText[id=a680ad74-d0b5-404d-9505-4b7cb994baf3] Adding new dynamic property: PropertyDescriptor[simple]
[pool-3020-thread-1] INFO org.apache.nifi.processors.standard.RouteText - RouteText[id=a680ad74-d0b5-404d-9505-4b7cb994baf3] Created FlowFile[1397,99014649993649.mockFlowFile,23B] from FlowFile[1396,99014649993649.mockFlowFile,23B]; routing to relationship simple
[pool-3020-thread-1] INFO org.apache.nifi.processors.standard.RouteText - RouteText[id=a680ad74-d0b5-404d-9505-4b7cb994baf3] Routing FlowFile[1396,99014649993649.mockFlowFile,23B] to original
[main] DEBUG org.apache.nifi.processors.standard.RouteText - RouteText[id=a680ad74-d0b5-404d-9505-4b7cb994baf3] Adding new dynamic property: PropertyDescriptor[simple]
[pool-3021-thread-1] INFO org.apache.nifi.processors.standard.RouteText - RouteText[id=a680ad74-d0b5-404d-9505-4b7cb994baf3] Created FlowFile[1399,99014650230318.mockFlowFile,23B] from FlowFile[1398,99014650230318.mockFlowFile,23B]; routing to relationship simple
[pool-3021-thread-1] INFO org.apache.nifi.processors.standard.RouteText - RouteText[id=a680ad74-d0b5-404d-9505-4b7cb994baf3] Routing FlowFile[1398,99014650230318.mockFlowFile,23B] to original
[main] DEBUG org.apache.nifi.processors.standard.RouteText - RouteText[id=a680ad74-d0b5-404d-9505-4b7cb994baf3] Adding new dynamic property: PropertyDescriptor[simple]
[pool-3022-thread-1] INFO org.apache.nifi.processors.standard.RouteText - RouteText[id=a680ad74-d0b5-404d-9505-4b7cb994baf3] Created FlowFile[1401,99014650468158.mockFlowFile,23B] from FlowFile[1400,99014650468158.mockFlowFile,23B]; routing to relationship simple
[pool-3022-thread-1] INFO org.apache.nifi.processors.standard.RouteText - RouteText[id=a680ad74-d0b5-404d-9505-4b7cb994baf3] Routing FlowFile[1400,99014650468158.mockFlowFile,23B] to original
[main] DEBUG org.apache.nifi.processors.standard.RouteText - RouteText[id=a680ad74-d0b5-404d-9505-4b7cb994baf3] Adding new dynamic property: PropertyDescriptor[simple]
[pool-3023-thread-1] INFO org.apache.nifi.processors.standard.RouteText - RouteText[id=a680ad74-d0b5-404d-9505-4b7cb994baf3] Created FlowFile[1403,99014650713202.mockFlowFile,23B] from FlowFile[1402,99014650713202.mockFlowFile,23B]; routing to relationship simple
[pool-3023-thread-1] INFO org.apache.nifi.processors.standard.RouteText - RouteText[id=a680ad74-d0b5-404d-9505-4b7cb994baf3] Routing FlowFile[1402,99014650713202.mockFlowFile,23B] to original
[main] DEBUG org.apache.nifi.processors.standard.RouteText - RouteText[id=a680ad74-d0b5-404d-9505-4b7cb994baf3] Adding new dynamic property: PropertyDescriptor[simple]
[pool-3024-thread-1] INFO org.apache.nifi.processors.standard.RouteText - RouteText[id=a680ad74-d0b5-404d-9505-4b7cb994baf3] Created FlowFile[1405,99014650947823.mockFlowFile,23B] from FlowFile[1404,99014650947823.mockFlowFile,23B]; routing to relationship simple
[pool-3024-thread-1] INFO org.apache.nifi.processors.standard.RouteText - RouteText[id=a680ad74-d0b5-404d-9505-4b7cb994baf3] Routing FlowFile[1404,99014650947823.mockFlowFile,23B] to original
[main] DEBUG org.apache.nifi.processors.standard.RouteText - RouteText[id=a680ad74-d0b5-404d-9505-4b7cb994baf3] Adding new dynamic property: PropertyDescriptor[simple]
[pool-3025-thread-1] INFO org.apache.nifi.processors.standard.RouteText - RouteText[id=a680ad74-d0b5-404d-9505-4b7cb994baf3] Created FlowFile[1407,99014651400376.mockFlowFile,23B] from FlowFile[1406,99014651400376.mockFlowFile,23B]; routing to relationship simple
[pool-3025-thread-1] INFO org.apache.nifi.processors.standard.RouteText - RouteText[id=a680ad74-d0b5-404d-9505-4b7cb994baf3] Routing FlowFile[1406,99014651400376.mockFlowFile,23B] to original
[main] DEBUG org.apache.nifi.processors.standard.RouteText - RouteText[id=a680ad74-d0b5-404d-9505-4b7cb994baf3] Adding new dynamic property: PropertyDescriptor[simple]
[pool-3026-thread-1] INFO org.apache.nifi.processors.standard.RouteText - RouteText[id=a680ad74-d0b5-404d-9505-4b7cb994baf3] Created FlowFile[1409,99014651823974.mockFlowFile,23B] from FlowFile[1408,99014651823974.mockFlowFile,23B]; routing to relationship simple
[pool-3026-thread-1] INFO org.apache.nifi.processors.standard.RouteText - RouteText[id=a680ad74-d0b5-404d-9505-4b7cb994baf3] Routing FlowFile[1408,99014651823974.mockFlowFile,23B] to original
[main] DEBUG org.apache.nifi.processors.standard.RouteText - RouteText[id=a680ad74-d0b5-404d-9505-4b7cb994baf3] Adding new dynamic property: PropertyDescriptor[simple]
[pool-3027-thread-1] INFO org.apache.nifi.processors.standard.RouteText - RouteText[id=a680ad74-d0b5-404d-9505-4b7cb994baf3] Created FlowFile[1411,99014652292410.mockFlowFile,23B] from FlowFile[1410,99014652292410.mockFlowFile,23B]; routing to relationship simple
[pool-3027-thread-1] INFO org.apache.nifi.processors.standard.RouteText - RouteText[id=a680ad74-d0b5-404d-9505-4b7cb994baf3] Routing FlowFile[1410,99014652292410.mockFlowFile,23B] to original
[main] DEBUG org.apache.nifi.processors.standard.RouteText - RouteText[id=a680ad74-d0b5-404d-9505-4b7cb994baf3] Adding new dynamic property: PropertyDescriptor[simple]
[pool-3028-thread-1] INFO org.apache.nifi.processors.standard.RouteText - RouteText[id=a680ad74-d0b5-404d-9505-4b7cb994baf3] Created FlowFile[1413,99014652747371.mockFlowFile,23B] from FlowFile[1412,99014652747371.mockFlowFile,23B]; routing to relationship simple
[pool-3028-thread-1] INFO org.apache.nifi.processors.standard.RouteText - RouteText[id=a680ad74-d0b5-404d-9505-4b7cb994baf3] Routing FlowFile[1412,99014652747371.mockFlowFile,23B] to original
[main] DEBUG org.apache.nifi.processors.standard.RouteText - RouteText[id=a680ad74-d0b5-404d-9505-4b7cb994baf3] Adding new dynamic property: PropertyDescriptor[simple]
[pool-3029-thread-1] INFO org.apache.nifi.processors.standard.RouteText - RouteText[id=a680ad74-d0b5-404d-9505-4b7cb994baf3] Created FlowFile[1415,99014653173187.mockFlowFile,23B] from FlowFile[1414,99014653173187.mockFlowFile,23B]; routing to relationship simple
[pool-3029-thread-1] INFO org.apache.nifi.processors.standard.RouteText - RouteText[id=a680ad74-d0b5-404d-9505-4b7cb994baf3] Routing FlowFile[1414,99014653173187.mockFlowFile,23B] to original
[main] DEBUG org.apache.nifi.processors.standard.RouteText - RouteText[id=a680ad74-d0b5-404d-9505-4b7cb994baf3] Adding new dynamic property: PropertyDescriptor[simple]
[pool-3030-thread-1] INFO org.apache.nifi.processors.standard.RouteText - RouteText[id=a680ad74-d0b5-404d-9505-4b7cb994baf3] Created FlowFile[1417,99014653588695.mockFlowFile,23B] from FlowFile[1416,99014653588695.mockFlowFile,23B]; routing to relationship simple
[pool-3030-thread-1] INFO org.apache.nifi.processors.standard.RouteText - RouteText[id=a680ad74-d0b5-404d-9505-4b7cb994baf3] Routing FlowFile[1416,99014653588695.mockFlowFile,23B] to original
[main] DEBUG org.apache.nifi.processors.standard.RouteText - RouteText[id=a680ad74-d0b5-404d-9505-4b7cb994baf3] Adding new dynamic property: PropertyDescriptor[simple]
[pool-3031-thread-1] INFO org.apache.nifi.processors.standard.RouteText - RouteText[id=a680ad74-d0b5-404d-9505-4b7cb994baf3] Created FlowFile[1419,99014653998089.mockFlowFile,23B] from FlowFile[1418,99014653998089.mockFlowFile,23B]; routing to relationship simple
[pool-3031-thread-1] INFO org.apache.nifi.processors.standard.RouteText - RouteText[id=a680ad74-d0b5-404d-9505-4b7cb994baf3] Routing FlowFile[1418,99014653998089.mockFlowFile,23B] to original
[main] DEBUG org.apache.nifi.processors.standard.RouteText - RouteText[id=a680ad74-d0b5-404d-9505-4b7cb994baf3] Adding new dynamic property: PropertyDescriptor[simple]
[pool-3032-thread-1] INFO org.apache.nifi.processors.standard.RouteText - RouteText[id=a680ad74-d0b5-404d-9505-4b7cb994baf3] Created FlowFile[1421,99014654331583.mockFlowFile,23B] from FlowFile[1420,99014654331583.mockFlowFile,23B]; routing to relationship simple
[pool-3032-thread-1] INFO org.apache.nifi.processors.standard.RouteText - RouteText[id=a680ad74-d0b5-404d-9505-4b7cb994baf3] Routing FlowFile[1420,99014654331583.mockFlowFile,23B] to original
[main] DEBUG org.apache.nifi.processors.standard.RouteText - RouteText[id=a680ad74-d0b5-404d-9505-4b7cb994baf3] Adding new dynamic property: PropertyDescriptor[simple]
[pool-3033-thread-1] INFO org.apache.nifi.processors.standard.RouteText - RouteText[id=a680ad74-d0b5-404d-9505-4b7cb994baf3] Created FlowFile[1423,99014654662488.mockFlowFile,23B] from FlowFile[1422,99014654662488.mockFlowFile,23B]; routing to relationship simple
[pool-3033-thread-1] INFO org.apache.nifi.processors.standard.RouteText - RouteText[id=a680ad74-d0b5-404d-9505-4b7cb994baf3] Routing FlowFile[1422,99014654662488.mockFlowFile,23B] to original
[main] DEBUG org.apache.nifi.processors.standard.RouteText - RouteText[id=a680ad74-d0b5-404d-9505-4b7cb994baf3] Adding new dynamic property: PropertyDescriptor[simple]
[pool-3034-thread-1] INFO org.apache.nifi.processors.standard.RouteText - RouteText[id=a680ad74-d0b5-404d-9505-4b7cb994baf3] Created FlowFile[1425,99014654991656.mockFlowFile,23B] from FlowFile[1424,99014654991656.mockFlowFile,23B]; routing to relationship simple
[pool-3034-thread-1] INFO org.apache.nifi.processors.standard.RouteText - RouteText[id=a680ad74-d0b5-404d-9505-4b7cb994baf3] Routing FlowFile[1424,99014654991656.mockFlowFile,23B] to original
[main] DEBUG org.apache.nifi.processors.standard.RouteText - RouteText[id=a680ad74-d0b5-404d-9505-4b7cb994baf3] Adding new dynamic property: PropertyDescriptor[simple]
[pool-3035-thread-1] INFO org.apache.nifi.processors.standard.RouteText - RouteText[id=a680ad74-d0b5-404d-9505-4b7cb994baf3] Created FlowFile[1427,99014655398343.mockFlowFile,23B] from FlowFile[1426,99014655398343.mockFlowFile,23B]; routing to relationship simple
[pool-3035-thread-1] INFO org.apache.nifi.processors.standard.RouteText - RouteText[id=a680ad74-d0b5-404d-9505-4b7cb994baf3] Routing FlowFile[1426,99014655398343.mockFlowFile,23B] to original
[main] DEBUG org.apache.nifi.processors.standard.RouteText - RouteText[id=a680ad74-d0b5-404d-9505-4b7cb994baf3] Adding new dynamic property: PropertyDescriptor[simple]
[pool-3036-thread-1] INFO org.apache.nifi.processors.standard.RouteText - RouteText[id=a680ad74-d0b5-404d-9505-4b7cb994baf3] Created FlowFile[1429,99014655743298.mockFlowFile,23B] from FlowFile[1428,99014655743298.mockFlowFile,23B]; routing to relationship simple
[pool-3036-thread-1] INFO org.apache.nifi.processors.standard.RouteText - RouteText[id=a680ad74-d0b5-404d-9505-4b7cb994baf3] Routing FlowFile[1428,99014655743298.mockFlowFile,23B] to original
[main] DEBUG org.apache.nifi.processors.standard.RouteText - RouteText[id=a680ad74-d0b5-404d-9505-4b7cb994baf3] Adding new dynamic property: PropertyDescriptor[simple]
[pool-3037-thread-1] INFO org.apache.nifi.processors.standard.RouteText - RouteText[id=a680ad74-d0b5-404d-9505-4b7cb994baf3] Created FlowFile[1431,99014656122150.mockFlowFile,23B] from FlowFile[1430,99014656122150.mockFlowFile,23B]; routing to relationship simple
[pool-3037-thread-1] INFO org.apache.nifi.processors.standard.RouteText - RouteText[id=a680ad74-d0b5-404d-9505-4b7cb994baf3] Routing FlowFile[1430,99014656122150.mockFlowFile,23B] to original
[main] DEBUG org.apache.nifi.processors.standard.RouteText - RouteText[id=a680ad74-d0b5-404d-9505-4b7cb994baf3] Adding new dynamic property: PropertyDescriptor[simple]
[pool-3038-thread-1] INFO org.apache.nifi.processors.standard.RouteText - RouteText[id=a680ad74-d0b5-404d-9505-4b7cb994baf3] Created FlowFile[1433,99014656527762.mockFlowFile,23B] from FlowFile[1432,99014656527762.mockFlowFile,23B]; routing to relationship simple
[pool-3038-thread-1] INFO org.apache.nifi.processors.standard.RouteText - RouteText[id=a680ad74-d0b5-404d-9505-4b7cb994baf3] Routing FlowFile[1432,99014656527762.mockFlowFile,23B] to original
[main] DEBUG org.apache.nifi.processors.standard.RouteText - RouteText[id=a680ad74-d0b5-404d-9505-4b7cb994baf3] Adding new dynamic property: PropertyDescriptor[simple]
[pool-3039-thread-1] INFO org.apache.nifi.processors.standard.RouteText - RouteText[id=a680ad74-d0b5-404d-9505-4b7cb994baf3] Created FlowFile[1435,99014656908228.mockFlowFile,23B] from FlowFile[1434,99014656908228.mockFlowFile,23B]; routing to relationship simple
[pool-3039-thread-1] INFO org.apache.nifi.processors.standard.RouteText - RouteText[id=a680ad74-d0b5-404d-9505-4b7cb994baf3] Routing FlowFile[1434,99014656908228.mockFlowFile,23B] to original
[main] DEBUG org.apache.nifi.processors.standard.RouteText - RouteText[id=a680ad74-d0b5-404d-9505-4b7cb994baf3] Adding new dynamic property: PropertyDescriptor[simple]
[pool-3040-thread-1] INFO org.apache.nifi.processors.standard.RouteText - RouteText[id=a680ad74-d0b5-404d-9505-4b7cb994baf3] Created FlowFile[1437,99014657264666.mockFlowFile,23B] from FlowFile[1436,99014657264666.mockFlowFile,23B]; routing to relationship simple
[pool-3040-thread-1] INFO org.apache.nifi.processors.standard.RouteText - RouteText[id=a680ad74-d0b5-404d-9505-4b7cb994baf3] Routing FlowFile[1436,99014657264666.mockFlowFile,23B] to original
[main] DEBUG org.apache.nifi.processors.standard.RouteText - RouteText[id=a680ad74-d0b5-404d-9505-4b7cb994baf3] Adding new dynamic property: PropertyDescriptor[simple]
[pool-3041-thread-1] INFO org.apache.nifi.processors.standard.RouteText - RouteText[id=a680ad74-d0b5-404d-9505-4b7cb994baf3] Created FlowFile[1439,99014657543754.mockFlowFile,23B] from FlowFile[1438,99014657543754.mockFlowFile,23B]; routing to relationship simple
[pool-3041-thread-1] INFO org.apache.nifi.processors.standard.RouteText - RouteText[id=a680ad74-d0b5-404d-9505-4b7cb994baf3] Routing FlowFile[1438,99014657543754.mockFlowFile,23B] to original
[main] DEBUG org.apache.nifi.processors.standard.RouteText - RouteText[id=a680ad74-d0b5-404d-9505-4b7cb994baf3] Adding new dynamic property: PropertyDescriptor[simple]
[pool-3042-thread-1] INFO org.apache.nifi.processors.standard.RouteText - RouteText[id=a680ad74-d0b5-404d-9505-4b7cb994baf3] Created FlowFile[1441,99014657809547.mockFlowFile,23B] from FlowFile[1440,99014657809547.mockFlowFile,23B]; routing to relationship simple
[pool-3042-thread-1] INFO org.apache.nifi.processors.standard.RouteText - RouteText[id=a680ad74-d0b5-404d-9505-4b7cb994baf3] Routing FlowFile[1440,99014657809547.mockFlowFile,23B] to original
[main] DEBUG org.apache.nifi.processors.standard.RouteText - RouteText[id=a680ad74-d0b5-404d-9505-4b7cb994baf3] Adding new dynamic property: PropertyDescriptor[simple]
[pool-3043-thread-1] INFO org.apache.nifi.processors.standard.RouteText - RouteText[id=a680ad74-d0b5-404d-9505-4b7cb994baf3] Created FlowFile[1443,99014658068408.mockFlowFile,23B] from FlowFile[1442,99014658068408.mockFlowFile,23B]; routing to relationship simple
[pool-3043-thread-1] INFO org.apache.nifi.processors.standard.RouteText - RouteText[id=a680ad74-d0b5-404d-9505-4b7cb994baf3] Routing FlowFile[1442,99014658068408.mockFlowFile,23B] to original
[main] DEBUG org.apache.nifi.processors.standard.RouteText - RouteText[id=a680ad74-d0b5-404d-9505-4b7cb994baf3] Adding new dynamic property: PropertyDescriptor[simple]
[pool-3044-thread-1] INFO org.apache.nifi.processors.standard.RouteText - RouteText[id=a680ad74-d0b5-404d-9505-4b7cb994baf3] Created FlowFile[1445,99014658332551.mockFlowFile,23B] from FlowFile[1444,99014658332551.mockFlowFile,23B]; routing to relationship simple
[pool-3044-thread-1] INFO org.apache.nifi.processors.standard.RouteText - RouteText[id=a680ad74-d0b5-404d-9505-4b7cb994baf3] Routing FlowFile[1444,99014658332551.mockFlowFile,23B] to original
[main] DEBUG org.apache.nifi.processors.standard.RouteText - RouteText[id=a680ad74-d0b5-404d-9505-4b7cb994baf3] Adding new dynamic property: PropertyDescriptor[simple]
[pool-3045-thread-1] INFO org.apache.nifi.processors.standard.RouteText - RouteText[id=a680ad74-d0b5-404d-9505-4b7cb994baf3] Created FlowFile[1447,99014658601568.mockFlowFile,23B] from FlowFile[1446,99014658601568.mockFlowFile,23B]; routing to relationship simple
[pool-3045-thread-1] INFO org.apache.nifi.processors.standard.RouteText - RouteText[id=a680ad74-d0b5-404d-9505-4b7cb994baf3] Routing FlowFile[1446,99014658601568.mockFlowFile,23B] to original
[main] DEBUG org.apache.nifi.processors.standard.RouteText - RouteText[id=a680ad74-d0b5-404d-9505-4b7cb994baf3] Adding new dynamic property: PropertyDescriptor[simple]
[pool-3046-thread-1] INFO org.apache.nifi.processors.standard.RouteText - RouteText[id=a680ad74-d0b5-404d-9505-4b7cb994baf3] Created FlowFile[1449,99014658864019.mockFlowFile,23B] from FlowFile[1448,99014658864019.mockFlowFile,23B]; routing to relationship simple
[pool-3046-thread-1] INFO org.apache.nifi.processors.standard.RouteText - RouteText[id=a680ad74-d0b5-404d-9505-4b7cb994baf3] Routing FlowFile[1448,99014658864019.mockFlowFile,23B] to original
[main] DEBUG org.apache.nifi.processors.standard.RouteText - RouteText[id=a680ad74-d0b5-404d-9505-4b7cb994baf3] Adding new dynamic property: PropertyDescriptor[simple]
[pool-3047-thread-1] INFO org.apache.nifi.processors.standard.RouteText - RouteText[id=a680ad74-d0b5-404d-9505-4b7cb994baf3] Created FlowFile[1451,99014659163518.mockFlowFile,23B] from FlowFile[1450,99014659163518.mockFlowFile,23B]; routing to relationship simple
[pool-3047-thread-1] INFO org.apache.nifi.processors.standard.RouteText - RouteText[id=a680ad74-d0b5-404d-9505-4b7cb994baf3] Routing FlowFile[1450,99014659163518.mockFlowFile,23B] to original
[main] DEBUG org.apache.nifi.processors.standard.RouteText - RouteText[id=a680ad74-d0b5-404d-9505-4b7cb994baf3] Adding new dynamic property: PropertyDescriptor[simple]
[pool-3048-thread-1] INFO org.apache.nifi.processors.standard.RouteText - RouteText[id=a680ad74-d0b5-404d-9505-4b7cb994baf3] Created FlowFile[1453,99014659582900.mockFlowFile,23B] from FlowFile[1452,99014659582900.mockFlowFile,23B]; routing to relationship simple
[pool-3048-thread-1] INFO org.apache.nifi.processors.standard.RouteText - RouteText[id=a680ad74-d0b5-404d-9505-4b7cb994baf3] Routing FlowFile[1452,99014659582900.mockFlowFile,23B] to original
[main] DEBUG org.apache.nifi.processors.standard.RouteText - RouteText[id=a680ad74-d0b5-404d-9505-4b7cb994baf3] Adding new dynamic property: PropertyDescriptor[simple]
[pool-3049-thread-1] INFO org.apache.nifi.processors.standard.RouteText - RouteText[id=a680ad74-d0b5-404d-9505-4b7cb994baf3] Created FlowFile[1455,99014659861684.mockFlowFile,23B] from FlowFile[1454,99014659861684.mockFlowFile,23B]; routing to relationship simple
[pool-3049-thread-1] INFO org.apache.nifi.processors.standard.RouteText - RouteText[id=a680ad74-d0b5-404d-9505-4b7cb994baf3] Routing FlowFile[1454,99014659861684.mockFlowFile,23B] to original
[main] DEBUG org.apache.nifi.processors.standard.RouteText - RouteText[id=a680ad74-d0b5-404d-9505-4b7cb994baf3] Adding new dynamic property: PropertyDescriptor[simple]
[pool-3050-thread-1] INFO org.apache.nifi.processors.standard.RouteText - RouteText[id=a680ad74-d0b5-404d-9505-4b7cb994baf3] Created FlowFile[1457,99014660274947.mockFlowFile,23B] from FlowFile[1456,99014660274947.mockFlowFile,23B]; routing to relationship simple
[pool-3050-thread-1] INFO org.apache.nifi.processors.standard.RouteText - RouteText[id=a680ad74-d0b5-404d-9505-4b7cb994baf3] Routing FlowFile[1456,99014660274947.mockFlowFile,23B] to original
[main] DEBUG org.apache.nifi.processors.standard.RouteText - RouteText[id=a680ad74-d0b5-404d-9505-4b7cb994baf3] Adding new dynamic property: PropertyDescriptor[simple]
[pool-3051-thread-1] INFO org.apache.nifi.processors.standard.RouteText - RouteText[id=a680ad74-d0b5-404d-9505-4b7cb994baf3] Created FlowFile[1459,99014660614997.mockFlowFile,23B] from FlowFile[1458,99014660614997.mockFlowFile,23B]; routing to relationship simple
[pool-3051-thread-1] INFO org.apache.nifi.processors.standard.RouteText - RouteText[id=a680ad74-d0b5-404d-9505-4b7cb994baf3] Routing FlowFile[1458,99014660614997.mockFlowFile,23B] to original
[main] DEBUG org.apache.nifi.processors.standard.RouteText - RouteText[id=a680ad74-d0b5-404d-9505-4b7cb994baf3] Adding new dynamic property: PropertyDescriptor[simple]
[pool-3052-thread-1] INFO org.apache.nifi.processors.standard.RouteText - RouteText[id=a680ad74-d0b5-404d-9505-4b7cb994baf3] Created FlowFile[1461,99014660894949.mockFlowFile,23B] from FlowFile[1460,99014660894949.mockFlowFile,23B]; routing to relationship simple
[pool-3052-thread-1] INFO org.apache.nifi.processors.standard.RouteText - RouteText[id=a680ad74-d0b5-404d-9505-4b7cb994baf3] Routing FlowFile[1460,99014660894949.mockFlowFile,23B] to original
[main] DEBUG org.apache.nifi.processors.standard.RouteText - RouteText[id=a680ad74-d0b5-404d-9505-4b7cb994baf3] Adding new dynamic property: PropertyDescriptor[simple]
[pool-3053-thread-1] INFO org.apache.nifi.processors.standard.RouteText - RouteText[id=a680ad74-d0b5-404d-9505-4b7cb994baf3] Created FlowFile[1463,99014661159468.mockFlowFile,23B] from FlowFile[1462,99014661159468.mockFlowFile,23B]; routing to relationship simple
[pool-3053-thread-1] INFO org.apache.nifi.processors.standard.RouteText - RouteText[id=a680ad74-d0b5-404d-9505-4b7cb994baf3] Routing FlowFile[1462,99014661159468.mockFlowFile,23B] to original
[main] DEBUG org.apache.nifi.processors.standard.RouteText - RouteText[id=a680ad74-d0b5-404d-9505-4b7cb994baf3] Adding new dynamic property: PropertyDescriptor[simple]
[pool-3054-thread-1] INFO org.apache.nifi.processors.standard.RouteText - RouteText[id=a680ad74-d0b5-404d-9505-4b7cb994baf3] Created FlowFile[1465,99014661436941.mockFlowFile,23B] from FlowFile[1464,99014661436941.mockFlowFile,23B]; routing to relationship simple
[pool-3054-thread-1] INFO org.apache.nifi.processors.standard.RouteText - RouteText[id=a680ad74-d0b5-404d-9505-4b7cb994baf3] Routing FlowFile[1464,99014661436941.mockFlowFile,23B] to original
[main] DEBUG org.apache.nifi.processors.standard.RouteText - RouteText[id=a680ad74-d0b5-404d-9505-4b7cb994baf3] Adding new dynamic property: PropertyDescriptor[simple]
[pool-3055-thread-1] INFO org.apache.nifi.processors.standard.RouteText - RouteText[id=a680ad74-d0b5-404d-9505-4b7cb994baf3] Created FlowFile[1467,99014661895245.mockFlowFile,23B] from FlowFile[1466,99014661895245.mockFlowFile,23B]; routing to relationship simple
[pool-3055-thread-1] INFO org.apache.nifi.processors.standard.RouteText - RouteText[id=a680ad74-d0b5-404d-9505-4b7cb994baf3] Routing FlowFile[1466,99014661895245.mockFlowFile,23B] to original
[main] DEBUG org.apache.nifi.processors.standard.RouteText - RouteText[id=a680ad74-d0b5-404d-9505-4b7cb994baf3] Adding new dynamic property: PropertyDescriptor[simple]
[pool-3056-thread-1] INFO org.apache.nifi.processors.standard.RouteText - RouteText[id=a680ad74-d0b5-404d-9505-4b7cb994baf3] Created FlowFile[1469,99014662252572.mockFlowFile,23B] from FlowFile[1468,99014662252572.mockFlowFile,23B]; routing to relationship simple
[pool-3056-thread-1] INFO org.apache.nifi.processors.standard.RouteText - RouteText[id=a680ad74-d0b5-404d-9505-4b7cb994baf3] Routing FlowFile[1468,99014662252572.mockFlowFile,23B] to original
[main] DEBUG org.apache.nifi.processors.standard.RouteText - RouteText[id=a680ad74-d0b5-404d-9505-4b7cb994baf3] Adding new dynamic property: PropertyDescriptor[simple]
[pool-3057-thread-1] INFO org.apache.nifi.processors.standard.RouteText - RouteText[id=a680ad74-d0b5-404d-9505-4b7cb994baf3] Created FlowFile[1471,99014662573734.mockFlowFile,23B] from FlowFile[1470,99014662573734.mockFlowFile,23B]; routing to relationship simple
[pool-3057-thread-1] INFO org.apache.nifi.processors.standard.RouteText - RouteText[id=a680ad74-d0b5-404d-9505-4b7cb994baf3] Routing FlowFile[1470,99014662573734.mockFlowFile,23B] to original
[main] DEBUG org.apache.nifi.processors.standard.RouteText - RouteText[id=a680ad74-d0b5-404d-9505-4b7cb994baf3] Adding new dynamic property: PropertyDescriptor[simple]
[pool-3058-thread-1] INFO org.apache.nifi.processors.standard.RouteText - RouteText[id=a680ad74-d0b5-404d-9505-4b7cb994baf3] Created FlowFile[1473,99014662869792.mockFlowFile,23B] from FlowFile[1472,99014662869792.mockFlowFile,23B]; routing to relationship simple
[pool-3058-thread-1] INFO org.apache.nifi.processors.standard.RouteText - RouteText[id=a680ad74-d0b5-404d-9505-4b7cb994baf3] Routing FlowFile[1472,99014662869792.mockFlowFile,23B] to original
[main] DEBUG org.apache.nifi.processors.standard.RouteText - RouteText[id=a680ad74-d0b5-404d-9505-4b7cb994baf3] Adding new dynamic property: PropertyDescriptor[simple]
[pool-3059-thread-1] INFO org.apache.nifi.processors.standard.RouteText - RouteText[id=a680ad74-d0b5-404d-9505-4b7cb994baf3] Created FlowFile[1475,99014663293075.mockFlowFile,23B] from FlowFile[1474,99014663293075.mockFlowFile,23B]; routing to relationship simple
[pool-3059-thread-1] INFO org.apache.nifi.processors.standard.RouteText - RouteText[id=a680ad74-d0b5-404d-9505-4b7cb994baf3] Routing FlowFile[1474,99014663293075.mockFlowFile,23B] to original
[main] DEBUG org.apache.nifi.processors.standard.RouteText - RouteText[id=a680ad74-d0b5-404d-9505-4b7cb994baf3] Adding new dynamic property: PropertyDescriptor[simple]
[pool-3060-thread-1] INFO org.apache.nifi.processors.standard.RouteText - RouteText[id=a680ad74-d0b5-404d-9505-4b7cb994baf3] Created FlowFile[1477,99014663668405.mockFlowFile,23B] from FlowFile[1476,99014663668405.mockFlowFile,23B]; routing to relationship simple
[pool-3060-thread-1] INFO org.apache.nifi.processors.standard.RouteText - RouteText[id=a680ad74-d0b5-404d-9505-4b7cb994baf3] Routing FlowFile[1476,99014663668405.mockFlowFile,23B] to original
[main] DEBUG org.apache.nifi.processors.standard.RouteText - RouteText[id=a680ad74-d0b5-404d-9505-4b7cb994baf3] Adding new dynamic property: PropertyDescriptor[simple]
[pool-3061-thread-1] INFO org.apache.nifi.processors.standard.RouteText - RouteText[id=a680ad74-d0b5-404d-9505-4b7cb994baf3] Created FlowFile[1479,99014663931306.mockFlowFile,23B] from FlowFile[1478,99014663931306.mockFlowFile,23B]; routing to relationship simple
[pool-3061-thread-1] INFO org.apache.nifi.processors.standard.RouteText - RouteText[id=a680ad74-d0b5-404d-9505-4b7cb994baf3] Routing FlowFile[1478,99014663931306.mockFlowFile,23B] to original
[main] DEBUG org.apache.nifi.processors.standard.RouteText - RouteText[id=a680ad74-d0b5-404d-9505-4b7cb994baf3] Adding new dynamic property: PropertyDescriptor[simple]
[pool-3062-thread-1] INFO org.apache.nifi.processors.standard.RouteText - RouteText[id=a680ad74-d0b5-404d-9505-4b7cb994baf3] Created FlowFile[1481,99014664282364.mockFlowFile,23B] from FlowFile[1480,99014664282364.mockFlowFile,23B]; routing to relationship simple
[pool-3062-thread-1] INFO org.apache.nifi.processors.standard.RouteText - RouteText[id=a680ad74-d0b5-404d-9505-4b7cb994baf3] Routing FlowFile[1480,99014664282364.mockFlowFile,23B] to original
[main] DEBUG org.apache.nifi.processors.standard.RouteText - RouteText[id=a680ad74-d0b5-404d-9505-4b7cb994baf3] Adding new dynamic property: PropertyDescriptor[simple]
[pool-3063-thread-1] INFO org.apache.nifi.processors.standard.RouteText - RouteText[id=a680ad74-d0b5-404d-9505-4b7cb994baf3] Created FlowFile[1483,99014664776505.mockFlowFile,23B] from FlowFile[1482,99014664776505.mockFlowFile,23B]; routing to relationship simple
[pool-3063-thread-1] INFO org.apache.nifi.processors.standard.RouteText - RouteText[id=a680ad74-d0b5-404d-9505-4b7cb994baf3] Routing FlowFile[1482,99014664776505.mockFlowFile,23B] to original
[main] DEBUG org.apache.nifi.processors.standard.RouteText - RouteText[id=a680ad74-d0b5-404d-9505-4b7cb994baf3] Adding new dynamic property: PropertyDescriptor[simple]
[pool-3064-thread-1] INFO org.apache.nifi.processors.standard.RouteText - RouteText[id=a680ad74-d0b5-404d-9505-4b7cb994baf3] Created FlowFile[1485,99014665174359.mockFlowFile,23B] from FlowFile[1484,99014665174359.mockFlowFile,23B]; routing to relationship simple
[pool-3064-thread-1] INFO org.apache.nifi.processors.standard.RouteText - RouteText[id=a680ad74-d0b5-404d-9505-4b7cb994baf3] Routing FlowFile[1484,99014665174359.mockFlowFile,23B] to original
[main] DEBUG org.apache.nifi.processors.standard.RouteText - RouteText[id=a680ad74-d0b5-404d-9505-4b7cb994baf3] Adding new dynamic property: PropertyDescriptor[simple]
[pool-3065-thread-1] INFO org.apache.nifi.processors.standard.RouteText - RouteText[id=a680ad74-d0b5-404d-9505-4b7cb994baf3] Created FlowFile[1487,99014665542453.mockFlowFile,23B] from FlowFile[1486,99014665542453.mockFlowFile,23B]; routing to relationship simple
[pool-3065-thread-1] INFO org.apache.nifi.processors.standard.RouteText - RouteText[id=a680ad74-d0b5-404d-9505-4b7cb994baf3] Routing FlowFile[1486,99014665542453.mockFlowFile,23B] to original
[main] DEBUG org.apache.nifi.processors.standard.RouteText - RouteText[id=a680ad74-d0b5-404d-9505-4b7cb994baf3] Adding new dynamic property: PropertyDescriptor[simple]
[pool-3066-thread-1] INFO org.apache.nifi.processors.standard.RouteText - RouteText[id=a680ad74-d0b5-404d-9505-4b7cb994baf3] Created FlowFile[1489,99014665823830.mockFlowFile,23B] from FlowFile[1488,99014665823830.mockFlowFile,23B]; routing to relationship simple
[pool-3066-thread-1] INFO org.apache.nifi.processors.standard.RouteText - RouteText[id=a680ad74-d0b5-404d-9505-4b7cb994baf3] Routing FlowFile[1488,99014665823830.mockFlowFile,23B] to original
[main] DEBUG org.apache.nifi.processors.standard.RouteText - RouteText[id=a680ad74-d0b5-404d-9505-4b7cb994baf3] Adding new dynamic property: PropertyDescriptor[simple]
[pool-3067-thread-1] INFO org.apache.nifi.processors.standard.RouteText - RouteText[id=a680ad74-d0b5-404d-9505-4b7cb994baf3] Created FlowFile[1491,99014666213093.mockFlowFile,23B] from FlowFile[1490,99014666213093.mockFlowFile,23B]; routing to relationship simple
[pool-3067-thread-1] INFO org.apache.nifi.processors.standard.RouteText - RouteText[id=a680ad74-d0b5-404d-9505-4b7cb994baf3] Routing FlowFile[1490,99014666213093.mockFlowFile,23B] to original
[main] DEBUG org.apache.nifi.processors.standard.RouteText - RouteText[id=a680ad74-d0b5-404d-9505-4b7cb994baf3] Adding new dynamic property: PropertyDescriptor[simple]
[pool-3068-thread-1] INFO org.apache.nifi.processors.standard.RouteText - RouteText[id=a680ad74-d0b5-404d-9505-4b7cb994baf3] Created FlowFile[1493,99014666481814.mockFlowFile,23B] from FlowFile[1492,99014666481814.mockFlowFile,23B]; routing to relationship simple
[pool-3068-thread-1] INFO org.apache.nifi.processors.standard.RouteText - RouteText[id=a680ad74-d0b5-404d-9505-4b7cb994baf3] Routing FlowFile[1492,99014666481814.mockFlowFile,23B] to original
[main] DEBUG org.apache.nifi.processors.standard.RouteText - RouteText[id=a680ad74-d0b5-404d-9505-4b7cb994baf3] Adding new dynamic property: PropertyDescriptor[simple]
[pool-3069-thread-1] INFO org.apache.nifi.processors.standard.RouteText - RouteText[id=a680ad74-d0b5-404d-9505-4b7cb994baf3] Created FlowFile[1495,99014666732955.mockFlowFile,23B] from FlowFile[1494,99014666732955.mockFlowFile,23B]; routing to relationship simple
[pool-3069-thread-1] INFO org.apache.nifi.processors.standard.RouteText - RouteText[id=a680ad74-d0b5-404d-9505-4b7cb994baf3] Routing FlowFile[1494,99014666732955.mockFlowFile,23B] to original
[main] DEBUG org.apache.nifi.processors.standard.RouteText - RouteText[id=a680ad74-d0b5-404d-9505-4b7cb994baf3] Adding new dynamic property: PropertyDescriptor[simple]
[pool-3070-thread-1] INFO org.apache.nifi.processors.standard.RouteText - RouteText[id=a680ad74-d0b5-404d-9505-4b7cb994baf3] Created FlowFile[1497,99014666972501.mockFlowFile,23B] from FlowFile[1496,99014666972501.mockFlowFile,23B]; routing to relationship simple
[pool-3070-thread-1] INFO org.apache.nifi.processors.standard.RouteText - RouteText[id=a680ad74-d0b5-404d-9505-4b7cb994baf3] Routing FlowFile[1496,99014666972501.mockFlowFile,23B] to original
[main] DEBUG org.apache.nifi.processors.standard.RouteText - RouteText[id=a680ad74-d0b5-404d-9505-4b7cb994baf3] Adding new dynamic property: PropertyDescriptor[simple]
[pool-3071-thread-1] INFO org.apache.nifi.processors.standard.RouteText - RouteText[id=a680ad74-d0b5-404d-9505-4b7cb994baf3] Created FlowFile[1499,99014667285267.mockFlowFile,23B] from FlowFile[1498,99014667285267.mockFlowFile,23B]; routing to relationship simple
[pool-3071-thread-1] INFO org.apache.nifi.processors.standard.RouteText - RouteText[id=a680ad74-d0b5-404d-9505-4b7cb994baf3] Routing FlowFile[1498,99014667285267.mockFlowFile,23B] to original
[main] DEBUG org.apache.nifi.processors.standard.RouteText - RouteText[id=a680ad74-d0b5-404d-9505-4b7cb994baf3] Adding new dynamic property: PropertyDescriptor[simple]
[pool-3072-thread-1] INFO org.apache.nifi.processors.standard.RouteText - RouteText[id=a680ad74-d0b5-404d-9505-4b7cb994baf3] Created FlowFile[1501,99014667620085.mockFlowFile,23B] from FlowFile[1500,99014667620085.mockFlowFile,23B]; routing to relationship simple
[pool-3072-thread-1] INFO org.apache.nifi.processors.standard.RouteText - RouteText[id=a680ad74-d0b5-404d-9505-4b7cb994baf3] Routing FlowFile[1500,99014667620085.mockFlowFile,23B] to original
[main] DEBUG org.apache.nifi.processors.standard.RouteText - RouteText[id=a680ad74-d0b5-404d-9505-4b7cb994baf3] Adding new dynamic property: PropertyDescriptor[simple]
[pool-3073-thread-1] INFO org.apache.nifi.processors.standard.RouteText - RouteText[id=a680ad74-d0b5-404d-9505-4b7cb994baf3] Created FlowFile[1503,99014667873827.mockFlowFile,23B] from FlowFile[1502,99014667873827.mockFlowFile,23B]; routing to relationship simple
[pool-3073-thread-1] INFO org.apache.nifi.processors.standard.RouteText - RouteText[id=a680ad74-d0b5-404d-9505-4b7cb994baf3] Routing FlowFile[1502,99014667873827.mockFlowFile,23B] to original
[main] DEBUG org.apache.nifi.processors.standard.RouteText - RouteText[id=a680ad74-d0b5-404d-9505-4b7cb994baf3] Adding new dynamic property: PropertyDescriptor[simple]
[pool-3074-thread-1] INFO org.apache.nifi.processors.standard.RouteText - RouteText[id=a680ad74-d0b5-404d-9505-4b7cb994baf3] Created FlowFile[1505,99014668202710.mockFlowFile,23B] from FlowFile[1504,99014668202710.mockFlowFile,23B]; routing to relationship simple
[pool-3074-thread-1] INFO org.apache.nifi.processors.standard.RouteText - RouteText[id=a680ad74-d0b5-404d-9505-4b7cb994baf3] Routing FlowFile[1504,99014668202710.mockFlowFile,23B] to original
[main] DEBUG org.apache.nifi.processors.standard.RouteText - RouteText[id=a680ad74-d0b5-404d-9505-4b7cb994baf3] Adding new dynamic property: PropertyDescriptor[simple]
[pool-3075-thread-1] INFO org.apache.nifi.processors.standard.RouteText - RouteText[id=a680ad74-d0b5-404d-9505-4b7cb994baf3] Created FlowFile[1507,99014668548881.mockFlowFile,23B] from FlowFile[1506,99014668548881.mockFlowFile,23B]; routing to relationship simple
[pool-3075-thread-1] INFO org.apache.nifi.processors.standard.RouteText - RouteText[id=a680ad74-d0b5-404d-9505-4b7cb994baf3] Routing FlowFile[1506,99014668548881.mockFlowFile,23B] to original
[main] DEBUG org.apache.nifi.processors.standard.RouteText - RouteText[id=a680ad74-d0b5-404d-9505-4b7cb994baf3] Adding new dynamic property: PropertyDescriptor[simple]
[pool-3076-thread-1] INFO org.apache.nifi.processors.standard.RouteText - RouteText[id=a680ad74-d0b5-404d-9505-4b7cb994baf3] Created FlowFile[1509,99014668984280.mockFlowFile,23B] from FlowFile[1508,99014668984280.mockFlowFile,23B]; routing to relationship simple
[pool-3076-thread-1] INFO org.apache.nifi.processors.standard.RouteText - RouteText[id=a680ad74-d0b5-404d-9505-4b7cb994baf3] Routing FlowFile[1508,99014668984280.mockFlowFile,23B] to original
[main] DEBUG org.apache.nifi.processors.standard.RouteText - RouteText[id=a680ad74-d0b5-404d-9505-4b7cb994baf3] Adding new dynamic property: PropertyDescriptor[simple]
[pool-3077-thread-1] INFO org.apache.nifi.processors.standard.RouteText - RouteText[id=a680ad74-d0b5-404d-9505-4b7cb994baf3] Created FlowFile[1511,99014669251755.mockFlowFile,23B] from FlowFile[1510,99014669251755.mockFlowFile,23B]; routing to relationship simple
[pool-3077-thread-1] INFO org.apache.nifi.processors.standard.RouteText - RouteText[id=a680ad74-d0b5-404d-9505-4b7cb994baf3] Routing FlowFile[1510,99014669251755.mockFlowFile,23B] to original
[main] DEBUG org.apache.nifi.processors.standard.RouteText - RouteText[id=a680ad74-d0b5-404d-9505-4b7cb994baf3] Adding new dynamic property: PropertyDescriptor[simple]
[pool-3078-thread-1] INFO org.apache.nifi.processors.standard.RouteText - RouteText[id=a680ad74-d0b5-404d-9505-4b7cb994baf3] Created FlowFile[1513,99014669490741.mockFlowFile,23B] from FlowFile[1512,99014669490741.mockFlowFile,23B]; routing to relationship simple
[pool-3078-thread-1] INFO org.apache.nifi.processors.standard.RouteText - RouteText[id=a680ad74-d0b5-404d-9505-4b7cb994baf3] Routing FlowFile[1512,99014669490741.mockFlowFile,23B] to original
[main] DEBUG org.apache.nifi.processors.standard.RouteText - RouteText[id=a680ad74-d0b5-404d-9505-4b7cb994baf3] Adding new dynamic property: PropertyDescriptor[simple]
[pool-3079-thread-1] INFO org.apache.nifi.processors.standard.RouteText - RouteText[id=a680ad74-d0b5-404d-9505-4b7cb994baf3] Created FlowFile[1515,99014669719061.mockFlowFile,23B] from FlowFile[1514,99014669719061.mockFlowFile,23B]; routing to relationship simple
[pool-3079-thread-1] INFO org.apache.nifi.processors.standard.RouteText - RouteText[id=a680ad74-d0b5-404d-9505-4b7cb994baf3] Routing FlowFile[1514,99014669719061.mockFlowFile,23B] to original
[main] DEBUG org.apache.nifi.processors.standard.RouteText - RouteText[id=a680ad74-d0b5-404d-9505-4b7cb994baf3] Adding new dynamic property: PropertyDescriptor[simple]
[pool-3080-thread-1] INFO org.apache.nifi.processors.standard.RouteText - RouteText[id=a680ad74-d0b5-404d-9505-4b7cb994baf3] Created FlowFile[1517,99014669944737.mockFlowFile,23B] from FlowFile[1516,99014669944737.mockFlowFile,23B]; routing to relationship simple
[pool-3080-thread-1] INFO org.apache.nifi.processors.standard.RouteText - RouteText[id=a680ad74-d0b5-404d-9505-4b7cb994baf3] Routing FlowFile[1516,99014669944737.mockFlowFile,23B] to original
[main] DEBUG org.apache.nifi.processors.standard.RouteText - RouteText[id=a680ad74-d0b5-404d-9505-4b7cb994baf3] Adding new dynamic property: PropertyDescriptor[simple]
[pool-3081-thread-1] INFO org.apache.nifi.processors.standard.RouteText - RouteText[id=a680ad74-d0b5-404d-9505-4b7cb994baf3] Created FlowFile[1519,99014670169834.mockFlowFile,23B] from FlowFile[1518,99014670169834.mockFlowFile,23B]; routing to relationship simple
[pool-3081-thread-1] INFO org.apache.nifi.processors.standard.RouteText - RouteText[id=a680ad74-d0b5-404d-9505-4b7cb994baf3] Routing FlowFile[1518,99014670169834.mockFlowFile,23B] to original
[main] DEBUG org.apache.nifi.processors.standard.RouteText - RouteText[id=a680ad74-d0b5-404d-9505-4b7cb994baf3] Adding new dynamic property: PropertyDescriptor[simple]
[pool-3082-thread-1] INFO org.apache.nifi.processors.standard.RouteText - RouteText[id=a680ad74-d0b5-404d-9505-4b7cb994baf3] Created FlowFile[1521,99014670399335.mockFlowFile,23B] from FlowFile[1520,99014670399335.mockFlowFile,23B]; routing to relationship simple
[pool-3082-thread-1] INFO org.apache.nifi.processors.standard.RouteText - RouteText[id=a680ad74-d0b5-404d-9505-4b7cb994baf3] Routing FlowFile[1520,99014670399335.mockFlowFile,23B] to original
[main] DEBUG org.apache.nifi.processors.standard.RouteText - RouteText[id=a680ad74-d0b5-404d-9505-4b7cb994baf3] Adding new dynamic property: PropertyDescriptor[simple]
[pool-3083-thread-1] INFO org.apache.nifi.processors.standard.RouteText - RouteText[id=a680ad74-d0b5-404d-9505-4b7cb994baf3] Created FlowFile[1523,99014670798602.mockFlowFile,23B] from FlowFile[1522,99014670798602.mockFlowFile,23B]; routing to relationship simple
[pool-3083-thread-1] INFO org.apache.nifi.processors.standard.RouteText - RouteText[id=a680ad74-d0b5-404d-9505-4b7cb994baf3] Routing FlowFile[1522,99014670798602.mockFlowFile,23B] to original
[main] DEBUG org.apache.nifi.processors.standard.RouteText - RouteText[id=a680ad74-d0b5-404d-9505-4b7cb994baf3] Adding new dynamic property: PropertyDescriptor[simple]
[pool-3084-thread-1] INFO org.apache.nifi.processors.standard.RouteText - RouteText[id=a680ad74-d0b5-404d-9505-4b7cb994baf3] Created FlowFile[1525,99014671126031.mockFlowFile,23B] from FlowFile[1524,99014671126031.mockFlowFile,23B]; routing to relationship simple
[pool-3084-thread-1] INFO org.apache.nifi.processors.standard.RouteText - RouteText[id=a680ad74-d0b5-404d-9505-4b7cb994baf3] Routing FlowFile[1524,99014671126031.mockFlowFile,23B] to original
[main] DEBUG org.apache.nifi.processors.standard.RouteText - RouteText[id=a680ad74-d0b5-404d-9505-4b7cb994baf3] Adding new dynamic property: PropertyDescriptor[simple]
[pool-3085-thread-1] INFO org.apache.nifi.processors.standard.RouteText - RouteText[id=a680ad74-d0b5-404d-9505-4b7cb994baf3] Created FlowFile[1527,99014671506280.mockFlowFile,23B] from FlowFile[1526,99014671506280.mockFlowFile,23B]; routing to relationship simple
[pool-3085-thread-1] INFO org.apache.nifi.processors.standard.RouteText - RouteText[id=a680ad74-d0b5-404d-9505-4b7cb994baf3] Routing FlowFile[1526,99014671506280.mockFlowFile,23B] to original
[main] DEBUG org.apache.nifi.processors.standard.RouteText - RouteText[id=a680ad74-d0b5-404d-9505-4b7cb994baf3] Adding new dynamic property: PropertyDescriptor[simple]
[pool-3086-thread-1] INFO org.apache.nifi.processors.standard.RouteText - RouteText[id=a680ad74-d0b5-404d-9505-4b7cb994baf3] Created FlowFile[1529,99014671775931.mockFlowFile,23B] from FlowFile[1528,99014671775931.mockFlowFile,23B]; routing to relationship simple
[pool-3086-thread-1] INFO org.apache.nifi.processors.standard.RouteText - RouteText[id=a680ad74-d0b5-404d-9505-4b7cb994baf3] Routing FlowFile[1528,99014671775931.mockFlowFile,23B] to original
[main] DEBUG org.apache.nifi.processors.standard.RouteText - RouteText[id=a680ad74-d0b5-404d-9505-4b7cb994baf3] Adding new dynamic property: PropertyDescriptor[simple]
[pool-3087-thread-1] INFO org.apache.nifi.processors.standard.RouteText - RouteText[id=a680ad74-d0b5-404d-9505-4b7cb994baf3] Created FlowFile[1531,99014672102116.mockFlowFile,23B] from FlowFile[1530,99014672102116.mockFlowFile,23B]; routing to relationship simple
[pool-3087-thread-1] INFO org.apache.nifi.processors.standard.RouteText - RouteText[id=a680ad74-d0b5-404d-9505-4b7cb994baf3] Routing FlowFile[1530,99014672102116.mockFlowFile,23B] to original
[main] DEBUG org.apache.nifi.processors.standard.RouteText - RouteText[id=a680ad74-d0b5-404d-9505-4b7cb994baf3] Adding new dynamic property: PropertyDescriptor[simple]
[pool-3088-thread-1] INFO org.apache.nifi.processors.standard.RouteText - RouteText[id=a680ad74-d0b5-404d-9505-4b7cb994baf3] Created FlowFile[1533,99014672419535.mockFlowFile,23B] from FlowFile[1532,99014672419535.mockFlowFile,23B]; routing to relationship simple
[pool-3088-thread-1] INFO org.apache.nifi.processors.standard.RouteText - RouteText[id=a680ad74-d0b5-404d-9505-4b7cb994baf3] Routing FlowFile[1532,99014672419535.mockFlowFile,23B] to original
[main] DEBUG org.apache.nifi.processors.standard.RouteText - RouteText[id=a680ad74-d0b5-404d-9505-4b7cb994baf3] Adding new dynamic property: PropertyDescriptor[simple]
[pool-3089-thread-1] INFO org.apache.nifi.processors.standard.RouteText - RouteText[id=a680ad74-d0b5-404d-9505-4b7cb994baf3] Created FlowFile[1535,99014672925120.mockFlowFile,23B] from FlowFile[1534,99014672925120.mockFlowFile,23B]; routing to relationship simple
[pool-3089-thread-1] INFO org.apache.nifi.processors.standard.RouteText - RouteText[id=a680ad74-d0b5-404d-9505-4b7cb994baf3] Routing FlowFile[1534,99014672925120.mockFlowFile,23B] to original
[main] DEBUG org.apache.nifi.processors.standard.RouteText - RouteText[id=a680ad74-d0b5-404d-9505-4b7cb994baf3] Adding new dynamic property: PropertyDescriptor[simple]
[pool-3090-thread-1] INFO org.apache.nifi.processors.standard.RouteText - RouteText[id=a680ad74-d0b5-404d-9505-4b7cb994baf3] Created FlowFile[1537,99014673427830.mockFlowFile,23B] from FlowFile[1536,99014673427830.mockFlowFile,23B]; routing to relationship simple
[pool-3090-thread-1] INFO org.apache.nifi.processors.standard.RouteText - RouteText[id=a680ad74-d0b5-404d-9505-4b7cb994baf3] Routing FlowFile[1536,99014673427830.mockFlowFile,23B] to original
[main] DEBUG org.apache.nifi.processors.standard.RouteText - RouteText[id=a680ad74-d0b5-404d-9505-4b7cb994baf3] Adding new dynamic property: PropertyDescriptor[simple]
[pool-3091-thread-1] INFO org.apache.nifi.processors.standard.RouteText - RouteText[id=a680ad74-d0b5-404d-9505-4b7cb994baf3] Created FlowFile[1539,99014673789711.mockFlowFile,23B] from FlowFile[1538,99014673789711.mockFlowFile,23B]; routing to relationship simple
[pool-3091-thread-1] INFO org.apache.nifi.processors.standard.RouteText - RouteText[id=a680ad74-d0b5-404d-9505-4b7cb994baf3] Routing FlowFile[1538,99014673789711.mockFlowFile,23B] to original
[main] DEBUG org.apache.nifi.processors.standard.RouteText - RouteText[id=a680ad74-d0b5-404d-9505-4b7cb994baf3] Adding new dynamic property: PropertyDescriptor[simple]
[pool-3092-thread-1] INFO org.apache.nifi.processors.standard.RouteText - RouteText[id=a680ad74-d0b5-404d-9505-4b7cb994baf3] Created FlowFile[1541,99014674120609.mockFlowFile,23B] from FlowFile[1540,99014674120609.mockFlowFile,23B]; routing to relationship simple
[pool-3092-thread-1] INFO org.apache.nifi.processors.standard.RouteText - RouteText[id=a680ad74-d0b5-404d-9505-4b7cb994baf3] Routing FlowFile[1540,99014674120609.mockFlowFile,23B] to original
[main] DEBUG org.apache.nifi.processors.standard.RouteText - RouteText[id=a680ad74-d0b5-404d-9505-4b7cb994baf3] Adding new dynamic property: PropertyDescriptor[simple]
[pool-3093-thread-1] INFO org.apache.nifi.processors.standard.RouteText - RouteText[id=a680ad74-d0b5-404d-9505-4b7cb994baf3] Created FlowFile[1543,99014674451654.mockFlowFile,23B] from FlowFile[1542,99014674451654.mockFlowFile,23B]; routing to relationship simple
[pool-3093-thread-1] INFO org.apache.nifi.processors.standard.RouteText - RouteText[id=a680ad74-d0b5-404d-9505-4b7cb994baf3] Routing FlowFile[1542,99014674451654.mockFlowFile,23B] to original
[main] DEBUG org.apache.nifi.processors.standard.RouteText - RouteText[id=a680ad74-d0b5-404d-9505-4b7cb994baf3] Adding new dynamic property: PropertyDescriptor[simple]
[pool-3094-thread-1] INFO org.apache.nifi.processors.standard.RouteText - RouteText[id=a680ad74-d0b5-404d-9505-4b7cb994baf3] Created FlowFile[1545,99014674854341.mockFlowFile,23B] from FlowFile[1544,99014674854341.mockFlowFile,23B]; routing to relationship simple
[pool-3094-thread-1] INFO org.apache.nifi.processors.standard.RouteText - RouteText[id=a680ad74-d0b5-404d-9505-4b7cb994baf3] Routing FlowFile[1544,99014674854341.mockFlowFile,23B] to original
[main] DEBUG org.apache.nifi.processors.standard.RouteText - RouteText[id=a680ad74-d0b5-404d-9505-4b7cb994baf3] Adding new dynamic property: PropertyDescriptor[simple]
[pool-3095-thread-1] INFO org.apache.nifi.processors.standard.RouteText - RouteText[id=a680ad74-d0b5-404d-9505-4b7cb994baf3] Created FlowFile[1547,99014675317401.mockFlowFile,23B] from FlowFile[1546,99014675317401.mockFlowFile,23B]; routing to relationship simple
[pool-3095-thread-1] INFO org.apache.nifi.processors.standard.RouteText - RouteText[id=a680ad74-d0b5-404d-9505-4b7cb994baf3] Routing FlowFile[1546,99014675317401.mockFlowFile,23B] to original
[main] DEBUG org.apache.nifi.processors.standard.RouteText - RouteText[id=a680ad74-d0b5-404d-9505-4b7cb994baf3] Adding new dynamic property: PropertyDescriptor[simple]
[pool-3096-thread-1] INFO org.apache.nifi.processors.standard.RouteText - RouteText[id=a680ad74-d0b5-404d-9505-4b7cb994baf3] Created FlowFile[1549,99014675671321.mockFlowFile,23B] from FlowFile[1548,99014675671321.mockFlowFile,23B]; routing to relationship simple
[pool-3096-thread-1] INFO org.apache.nifi.processors.standard.RouteText - RouteText[id=a680ad74-d0b5-404d-9505-4b7cb994baf3] Routing FlowFile[1548,99014675671321.mockFlowFile,23B] to original
[main] DEBUG org.apache.nifi.processors.standard.RouteText - RouteText[id=a680ad74-d0b5-404d-9505-4b7cb994baf3] Adding new dynamic property: PropertyDescriptor[simple]
[pool-3097-thread-1] INFO org.apache.nifi.processors.standard.RouteText - RouteText[id=a680ad74-d0b5-404d-9505-4b7cb994baf3] Created FlowFile[1551,99014675974267.mockFlowFile,23B] from FlowFile[1550,99014675974267.mockFlowFile,23B]; routing to relationship simple
[pool-3097-thread-1] INFO org.apache.nifi.processors.standard.RouteText - RouteText[id=a680ad74-d0b5-404d-9505-4b7cb994baf3] Routing FlowFile[1550,99014675974267.mockFlowFile,23B] to original
[main] DEBUG org.apache.nifi.processors.standard.RouteText - RouteText[id=a680ad74-d0b5-404d-9505-4b7cb994baf3] Adding new dynamic property: PropertyDescriptor[simple]
[pool-3098-thread-1] INFO org.apache.nifi.processors.standard.RouteText - RouteText[id=a680ad74-d0b5-404d-9505-4b7cb994baf3] Created FlowFile[1553,99014676471684.mockFlowFile,23B] from FlowFile[1552,99014676471684.mockFlowFile,23B]; routing to relationship simple
[pool-3098-thread-1] INFO org.apache.nifi.processors.standard.RouteText - RouteText[id=a680ad74-d0b5-404d-9505-4b7cb994baf3] Routing FlowFile[1552,99014676471684.mockFlowFile,23B] to original
[main] DEBUG org.apache.nifi.processors.standard.RouteText - RouteText[id=a680ad74-d0b5-404d-9505-4b7cb994baf3] Adding new dynamic property: PropertyDescriptor[simple]
[pool-3099-thread-1] INFO org.apache.nifi.processors.standard.RouteText - RouteText[id=a680ad74-d0b5-404d-9505-4b7cb994baf3] Created FlowFile[1555,99014676876566.mockFlowFile,23B] from FlowFile[1554,99014676876566.mockFlowFile,23B]; routing to relationship simple
[pool-3099-thread-1] INFO org.apache.nifi.processors.standard.RouteText - RouteText[id=a680ad74-d0b5-404d-9505-4b7cb994baf3] Routing FlowFile[1554,99014676876566.mockFlowFile,23B] to original
[main] DEBUG org.apache.nifi.processors.standard.RouteText - RouteText[id=a680ad74-d0b5-404d-9505-4b7cb994baf3] Adding new dynamic property: PropertyDescriptor[simple]
[pool-3100-thread-1] INFO org.apache.nifi.processors.standard.RouteText - RouteText[id=a680ad74-d0b5-404d-9505-4b7cb994baf3] Created FlowFile[1557,99014677239915.mockFlowFile,23B] from FlowFile[1556,99014677239915.mockFlowFile,23B]; routing to relationship simple
[pool-3100-thread-1] INFO org.apache.nifi.processors.standard.RouteText - RouteText[id=a680ad74-d0b5-404d-9505-4b7cb994baf3] Routing FlowFile[1556,99014677239915.mockFlowFile,23B] to original
[main] DEBUG org.apache.nifi.processors.standard.RouteText - RouteText[id=a680ad74-d0b5-404d-9505-4b7cb994baf3] Adding new dynamic property: PropertyDescriptor[simple]
[pool-3101-thread-1] INFO org.apache.nifi.processors.standard.RouteText - RouteText[id=a680ad74-d0b5-404d-9505-4b7cb994baf3] Created FlowFile[1559,99014677596841.mockFlowFile,23B] from FlowFile[1558,99014677596841.mockFlowFile,23B]; routing to relationship simple
[pool-3101-thread-1] INFO org.apache.nifi.processors.standard.RouteText - RouteText[id=a680ad74-d0b5-404d-9505-4b7cb994baf3] Routing FlowFile[1558,99014677596841.mockFlowFile,23B] to original
[main] DEBUG org.apache.nifi.processors.standard.RouteText - RouteText[id=a680ad74-d0b5-404d-9505-4b7cb994baf3] Adding new dynamic property: PropertyDescriptor[simple]
[pool-3102-thread-1] INFO org.apache.nifi.processors.standard.RouteText - RouteText[id=a680ad74-d0b5-404d-9505-4b7cb994baf3] Created FlowFile[1561,99014677961170.mockFlowFile,23B] from FlowFile[1560,99014677961170.mockFlowFile,23B]; routing to relationship simple
[pool-3102-thread-1] INFO org.apache.nifi.processors.standard.RouteText - RouteText[id=a680ad74-d0b5-404d-9505-4b7cb994baf3] Routing FlowFile[1560,99014677961170.mockFlowFile,23B] to original
[main] DEBUG org.apache.nifi.processors.standard.RouteText - RouteText[id=a680ad74-d0b5-404d-9505-4b7cb994baf3] Adding new dynamic property: PropertyDescriptor[simple]
[pool-3103-thread-1] INFO org.apache.nifi.processors.standard.RouteText - RouteText[id=a680ad74-d0b5-404d-9505-4b7cb994baf3] Created FlowFile[1563,99014678507438.mockFlowFile,23B] from FlowFile[1562,99014678507438.mockFlowFile,23B]; routing to relationship simple
[pool-3103-thread-1] INFO org.apache.nifi.processors.standard.RouteText - RouteText[id=a680ad74-d0b5-404d-9505-4b7cb994baf3] Routing FlowFile[1562,99014678507438.mockFlowFile,23B] to original
[main] DEBUG org.apache.nifi.processors.standard.RouteText - RouteText[id=a680ad74-d0b5-404d-9505-4b7cb994baf3] Adding new dynamic property: PropertyDescriptor[simple]
[pool-3104-thread-1] INFO org.apache.nifi.processors.standard.RouteText - RouteText[id=a680ad74-d0b5-404d-9505-4b7cb994baf3] Created FlowFile[1565,99014678976824.mockFlowFile,23B] from FlowFile[1564,99014678976824.mockFlowFile,23B]; routing to relationship simple
[pool-3104-thread-1] INFO org.apache.nifi.processors.standard.RouteText - RouteText[id=a680ad74-d0b5-404d-9505-4b7cb994baf3] Routing FlowFile[1564,99014678976824.mockFlowFile,23B] to original
[main] DEBUG org.apache.nifi.processors.standard.RouteText - RouteText[id=a680ad74-d0b5-404d-9505-4b7cb994baf3] Adding new dynamic property: PropertyDescriptor[simple]
[pool-3105-thread-1] INFO org.apache.nifi.processors.standard.RouteText - RouteText[id=a680ad74-d0b5-404d-9505-4b7cb994baf3] Created FlowFile[1567,99014679415924.mockFlowFile,23B] from FlowFile[1566,99014679415924.mockFlowFile,23B]; routing to relationship simple
[pool-3105-thread-1] INFO org.apache.nifi.processors.standard.RouteText - RouteText[id=a680ad74-d0b5-404d-9505-4b7cb994baf3] Routing FlowFile[1566,99014679415924.mockFlowFile,23B] to original
[main] DEBUG org.apache.nifi.processors.standard.RouteText - RouteText[id=a680ad74-d0b5-404d-9505-4b7cb994baf3] Adding new dynamic property: PropertyDescriptor[simple]
[pool-3106-thread-1] INFO org.apache.nifi.processors.standard.RouteText - RouteText[id=a680ad74-d0b5-404d-9505-4b7cb994baf3] Created FlowFile[1569,99014679863902.mockFlowFile,23B] from FlowFile[1568,99014679863902.mockFlowFile,23B]; routing to relationship simple
[pool-3106-thread-1] INFO org.apache.nifi.processors.standard.RouteText - RouteText[id=a680ad74-d0b5-404d-9505-4b7cb994baf3] Routing FlowFile[1568,99014679863902.mockFlowFile,23B] to original
[main] DEBUG org.apache.nifi.processors.standard.RouteText - RouteText[id=a680ad74-d0b5-404d-9505-4b7cb994baf3] Adding new dynamic property: PropertyDescriptor[simple]
[pool-3107-thread-1] INFO org.apache.nifi.processors.standard.RouteText - RouteText[id=a680ad74-d0b5-404d-9505-4b7cb994baf3] Created FlowFile[1571,99014680569225.mockFlowFile,23B] from FlowFile[1570,99014680569225.mockFlowFile,23B]; routing to relationship simple
[pool-3107-thread-1] INFO org.apache.nifi.processors.standard.RouteText - RouteText[id=a680ad74-d0b5-404d-9505-4b7cb994baf3] Routing FlowFile[1570,99014680569225.mockFlowFile,23B] to original
[main] DEBUG org.apache.nifi.processors.standard.RouteText - RouteText[id=a680ad74-d0b5-404d-9505-4b7cb994baf3] Adding new dynamic property: PropertyDescriptor[simple]
[pool-3108-thread-1] INFO org.apache.nifi.processors.standard.RouteText - RouteText[id=a680ad74-d0b5-404d-9505-4b7cb994baf3] Created FlowFile[1573,99014681026347.mockFlowFile,23B] from FlowFile[1572,99014681026347.mockFlowFile,23B]; routing to relationship simple
[pool-3108-thread-1] INFO org.apache.nifi.processors.standard.RouteText - RouteText[id=a680ad74-d0b5-404d-9505-4b7cb994baf3] Routing FlowFile[1572,99014681026347.mockFlowFile,23B] to original
[main] DEBUG org.apache.nifi.processors.standard.RouteText - RouteText[id=a680ad74-d0b5-404d-9505-4b7cb994baf3] Adding new dynamic property: PropertyDescriptor[simple]
[pool-3109-thread-1] INFO org.apache.nifi.processors.standard.RouteText - RouteText[id=a680ad74-d0b5-404d-9505-4b7cb994baf3] Created FlowFile[1575,99014681490098.mockFlowFile,23B] from FlowFile[1574,99014681490098.mockFlowFile,23B]; routing to relationship simple
[pool-3109-thread-1] INFO org.apache.nifi.processors.standard.RouteText - RouteText[id=a680ad74-d0b5-404d-9505-4b7cb994baf3] Routing FlowFile[1574,99014681490098.mockFlowFile,23B] to original
[main] DEBUG org.apache.nifi.processors.standard.RouteText - RouteText[id=a680ad74-d0b5-404d-9505-4b7cb994baf3] Adding new dynamic property: PropertyDescriptor[simple]
[pool-3110-thread-1] INFO org.apache.nifi.processors.standard.RouteText - RouteText[id=a680ad74-d0b5-404d-9505-4b7cb994baf3] Created FlowFile[1577,99014681923378.mockFlowFile,23B] from FlowFile[1576,99014681923378.mockFlowFile,23B]; routing to relationship simple
[pool-3110-thread-1] INFO org.apache.nifi.processors.standard.RouteText - RouteText[id=a680ad74-d0b5-404d-9505-4b7cb994baf3] Routing FlowFile[1576,99014681923378.mockFlowFile,23B] to original
[main] DEBUG org.apache.nifi.processors.standard.RouteText - RouteText[id=a680ad74-d0b5-404d-9505-4b7cb994baf3] Adding new dynamic property: PropertyDescriptor[simple]
[pool-3111-thread-1] INFO org.apache.nifi.processors.standard.RouteText - RouteText[id=a680ad74-d0b5-404d-9505-4b7cb994baf3] Created FlowFile[1579,99014682351095.mockFlowFile,23B] from FlowFile[1578,99014682351095.mockFlowFile,23B]; routing to relationship simple
[pool-3111-thread-1] INFO org.apache.nifi.processors.standard.RouteText - RouteText[id=a680ad74-d0b5-404d-9505-4b7cb994baf3] Routing FlowFile[1578,99014682351095.mockFlowFile,23B] to original
[main] DEBUG org.apache.nifi.processors.standard.RouteText - RouteText[id=a680ad74-d0b5-404d-9505-4b7cb994baf3] Adding new dynamic property: PropertyDescriptor[simple]
[pool-3112-thread-1] INFO org.apache.nifi.processors.standard.RouteText - RouteText[id=a680ad74-d0b5-404d-9505-4b7cb994baf3] Created FlowFile[1581,99014682775548.mockFlowFile,23B] from FlowFile[1580,99014682775548.mockFlowFile,23B]; routing to relationship simple
[pool-3112-thread-1] INFO org.apache.nifi.processors.standard.RouteText - RouteText[id=a680ad74-d0b5-404d-9505-4b7cb994baf3] Routing FlowFile[1580,99014682775548.mockFlowFile,23B] to original
[main] DEBUG org.apache.nifi.processors.standard.RouteText - RouteText[id=a680ad74-d0b5-404d-9505-4b7cb994baf3] Adding new dynamic property: PropertyDescriptor[simple]
[pool-3113-thread-1] INFO org.apache.nifi.processors.standard.RouteText - RouteText[id=a680ad74-d0b5-404d-9505-4b7cb994baf3] Created FlowFile[1583,99014683190047.mockFlowFile,23B] from FlowFile[1582,99014683190047.mockFlowFile,23B]; routing to relationship simple
[pool-3113-thread-1] INFO org.apache.nifi.processors.standard.RouteText - RouteText[id=a680ad74-d0b5-404d-9505-4b7cb994baf3] Routing FlowFile[1582,99014683190047.mockFlowFile,23B] to original
[main] DEBUG org.apache.nifi.processors.standard.RouteText - RouteText[id=a680ad74-d0b5-404d-9505-4b7cb994baf3] Adding new dynamic property: PropertyDescriptor[simple]
[pool-3114-thread-1] INFO org.apache.nifi.processors.standard.RouteText - RouteText[id=a680ad74-d0b5-404d-9505-4b7cb994baf3] Created FlowFile[1585,99014683658992.mockFlowFile,23B] from FlowFile[1584,99014683658992.mockFlowFile,23B]; routing to relationship simple
[pool-3114-thread-1] INFO org.apache.nifi.processors.standard.RouteText - RouteText[id=a680ad74-d0b5-404d-9505-4b7cb994baf3] Routing FlowFile[1584,99014683658992.mockFlowFile,23B] to original
[main] DEBUG org.apache.nifi.processors.standard.RouteText - RouteText[id=a680ad74-d0b5-404d-9505-4b7cb994baf3] Adding new dynamic property: PropertyDescriptor[simple]
[pool-3115-thread-1] INFO org.apache.nifi.processors.standard.RouteText - RouteText[id=a680ad74-d0b5-404d-9505-4b7cb994baf3] Created FlowFile[1587,99014684104003.mockFlowFile,23B] from FlowFile[1586,99014684104003.mockFlowFile,23B]; routing to relationship simple
[pool-3115-thread-1] INFO org.apache.nifi.processors.standard.RouteText - RouteText[id=a680ad74-d0b5-404d-9505-4b7cb994baf3] Routing FlowFile[1586,99014684104003.mockFlowFile,23B] to original
[main] DEBUG org.apache.nifi.processors.standard.RouteText - RouteText[id=a680ad74-d0b5-404d-9505-4b7cb994baf3] Adding new dynamic property: PropertyDescriptor[simple]
[pool-3116-thread-1] INFO org.apache.nifi.processors.standard.RouteText - RouteText[id=a680ad74-d0b5-404d-9505-4b7cb994baf3] Created FlowFile[1589,99014684558484.mockFlowFile,23B] from FlowFile[1588,99014684558484.mockFlowFile,23B]; routing to relationship simple
[pool-3116-thread-1] INFO org.apache.nifi.processors.standard.RouteText - RouteText[id=a680ad74-d0b5-404d-9505-4b7cb994baf3] Routing FlowFile[1588,99014684558484.mockFlowFile,23B] to original
[main] DEBUG org.apache.nifi.processors.standard.RouteText - RouteText[id=a680ad74-d0b5-404d-9505-4b7cb994baf3] Adding new dynamic property: PropertyDescriptor[simple]
[pool-3117-thread-1] INFO org.apache.nifi.processors.standard.RouteText - RouteText[id=a680ad74-d0b5-404d-9505-4b7cb994baf3] Created FlowFile[1591,99014684984237.mockFlowFile,23B] from FlowFile[1590,99014684984237.mockFlowFile,23B]; routing to relationship simple
[pool-3117-thread-1] INFO org.apache.nifi.processors.standard.RouteText - RouteText[id=a680ad74-d0b5-404d-9505-4b7cb994baf3] Routing FlowFile[1590,99014684984237.mockFlowFile,23B] to original
[main] DEBUG org.apache.nifi.processors.standard.RouteText - RouteText[id=a680ad74-d0b5-404d-9505-4b7cb994baf3] Adding new dynamic property: PropertyDescriptor[simple]
[pool-3118-thread-1] INFO org.apache.nifi.processors.standard.RouteText - RouteText[id=a680ad74-d0b5-404d-9505-4b7cb994baf3] Created FlowFile[1593,99014685467572.mockFlowFile,23B] from FlowFile[1592,99014685467572.mockFlowFile,23B]; routing to relationship simple
[pool-3118-thread-1] INFO org.apache.nifi.processors.standard.RouteText - RouteText[id=a680ad74-d0b5-404d-9505-4b7cb994baf3] Routing FlowFile[1592,99014685467572.mockFlowFile,23B] to original
[main] DEBUG org.apache.nifi.processors.standard.RouteText - RouteText[id=a680ad74-d0b5-404d-9505-4b7cb994baf3] Adding new dynamic property: PropertyDescriptor[simple]
[pool-3119-thread-1] INFO org.apache.nifi.processors.standard.RouteText - RouteText[id=a680ad74-d0b5-404d-9505-4b7cb994baf3] Created FlowFile[1595,99014686015273.mockFlowFile,23B] from FlowFile[1594,99014686015273.mockFlowFile,23B]; routing to relationship simple
[pool-3119-thread-1] INFO org.apache.nifi.processors.standard.RouteText - RouteText[id=a680ad74-d0b5-404d-9505-4b7cb994baf3] Routing FlowFile[1594,99014686015273.mockFlowFile,23B] to original
[main] DEBUG org.apache.nifi.processors.standard.RouteText - RouteText[id=a680ad74-d0b5-404d-9505-4b7cb994baf3] Adding new dynamic property: PropertyDescriptor[simple]
[pool-3120-thread-1] INFO org.apache.nifi.processors.standard.RouteText - RouteText[id=a680ad74-d0b5-404d-9505-4b7cb994baf3] Created FlowFile[1597,99014686536853.mockFlowFile,23B] from FlowFile[1596,99014686536853.mockFlowFile,23B]; routing to relationship simple
[pool-3120-thread-1] INFO org.apache.nifi.processors.standard.RouteText - RouteText[id=a680ad74-d0b5-404d-9505-4b7cb994baf3] Routing FlowFile[1596,99014686536853.mockFlowFile,23B] to original
[main] DEBUG org.apache.nifi.processors.standard.RouteText - RouteText[id=a680ad74-d0b5-404d-9505-4b7cb994baf3] Adding new dynamic property: PropertyDescriptor[simple]
[pool-3121-thread-1] INFO org.apache.nifi.processors.standard.RouteText - RouteText[id=a680ad74-d0b5-404d-9505-4b7cb994baf3] Created FlowFile[1599,99014686984525.mockFlowFile,23B] from FlowFile[1598,99014686984525.mockFlowFile,23B]; routing to relationship simple
[pool-3121-thread-1] INFO org.apache.nifi.processors.standard.RouteText - RouteText[id=a680ad74-d0b5-404d-9505-4b7cb994baf3] Routing FlowFile[1598,99014686984525.mockFlowFile,23B] to original
[main] DEBUG org.apache.nifi.processors.standard.RouteText - RouteText[id=a680ad74-d0b5-404d-9505-4b7cb994baf3] Adding new dynamic property: PropertyDescriptor[simple]
[pool-3122-thread-1] INFO org.apache.nifi.processors.standard.RouteText - RouteText[id=a680ad74-d0b5-404d-9505-4b7cb994baf3] Created FlowFile[1601,99014687393031.mockFlowFile,23B] from FlowFile[1600,99014687393031.mockFlowFile,23B]; routing to relationship simple
[pool-3122-thread-1] INFO org.apache.nifi.processors.standard.RouteText - RouteText[id=a680ad74-d0b5-404d-9505-4b7cb994baf3] Routing FlowFile[1600,99014687393031.mockFlowFile,23B] to original
[main] DEBUG org.apache.nifi.processors.standard.RouteText - RouteText[id=a680ad74-d0b5-404d-9505-4b7cb994baf3] Adding new dynamic property: PropertyDescriptor[simple]
[pool-3123-thread-1] INFO org.apache.nifi.processors.standard.RouteText - RouteText[id=a680ad74-d0b5-404d-9505-4b7cb994baf3] Created FlowFile[1603,99014687815096.mockFlowFile,23B] from FlowFile[1602,99014687815096.mockFlowFile,23B]; routing to relationship simple
[pool-3123-thread-1] INFO org.apache.nifi.processors.standard.RouteText - RouteText[id=a680ad74-d0b5-404d-9505-4b7cb994baf3] Routing FlowFile[1602,99014687815096.mockFlowFile,23B] to original
[main] DEBUG org.apache.nifi.processors.standard.RouteText - RouteText[id=a680ad74-d0b5-404d-9505-4b7cb994baf3] Adding new dynamic property: PropertyDescriptor[simple]
[pool-3124-thread-1] INFO org.apache.nifi.processors.standard.RouteText - RouteText[id=a680ad74-d0b5-404d-9505-4b7cb994baf3] Created FlowFile[1605,99014688375229.mockFlowFile,23B] from FlowFile[1604,99014688375229.mockFlowFile,23B]; routing to relationship simple
[pool-3124-thread-1] INFO org.apache.nifi.processors.standard.RouteText - RouteText[id=a680ad74-d0b5-404d-9505-4b7cb994baf3] Routing FlowFile[1604,99014688375229.mockFlowFile,23B] to original
[main] DEBUG org.apache.nifi.processors.standard.RouteText - RouteText[id=a680ad74-d0b5-404d-9505-4b7cb994baf3] Adding new dynamic property: PropertyDescriptor[simple]
[pool-3125-thread-1] INFO org.apache.nifi.processors.standard.RouteText - RouteText[id=a680ad74-d0b5-404d-9505-4b7cb994baf3] Created FlowFile[1607,99014688858829.mockFlowFile,23B] from FlowFile[1606,99014688858829.mockFlowFile,23B]; routing to relationship simple
[pool-3125-thread-1] INFO org.apache.nifi.processors.standard.RouteText - RouteText[id=a680ad74-d0b5-404d-9505-4b7cb994baf3] Routing FlowFile[1606,99014688858829.mockFlowFile,23B] to original
[main] DEBUG org.apache.nifi.processors.standard.RouteText - RouteText[id=a680ad74-d0b5-404d-9505-4b7cb994baf3] Adding new dynamic property: PropertyDescriptor[simple]
[pool-3126-thread-1] INFO org.apache.nifi.processors.standard.RouteText - RouteText[id=a680ad74-d0b5-404d-9505-4b7cb994baf3] Created FlowFile[1609,99014689340232.mockFlowFile,23B] from FlowFile[1608,99014689340232.mockFlowFile,23B]; routing to relationship simple
[pool-3126-thread-1] INFO org.apache.nifi.processors.standard.RouteText - RouteText[id=a680ad74-d0b5-404d-9505-4b7cb994baf3] Routing FlowFile[1608,99014689340232.mockFlowFile,23B] to original
[main] DEBUG org.apache.nifi.processors.standard.RouteText - RouteText[id=a680ad74-d0b5-404d-9505-4b7cb994baf3] Adding new dynamic property: PropertyDescriptor[simple]
[pool-3127-thread-1] INFO org.apache.nifi.processors.standard.RouteText - RouteText[id=a680ad74-d0b5-404d-9505-4b7cb994baf3] Created FlowFile[1611,99014689797039.mockFlowFile,23B] from FlowFile[1610,99014689797039.mockFlowFile,23B]; routing to relationship simple
[pool-3127-thread-1] INFO org.apache.nifi.processors.standard.RouteText - RouteText[id=a680ad74-d0b5-404d-9505-4b7cb994baf3] Routing FlowFile[1610,99014689797039.mockFlowFile,23B] to original
[main] DEBUG org.apache.nifi.processors.standard.RouteText - RouteText[id=a680ad74-d0b5-404d-9505-4b7cb994baf3] Adding new dynamic property: PropertyDescriptor[simple]
[pool-3128-thread-1] INFO org.apache.nifi.processors.standard.RouteText - RouteText[id=a680ad74-d0b5-404d-9505-4b7cb994baf3] Created FlowFile[1613,99014690163931.mockFlowFile,23B] from FlowFile[1612,99014690163931.mockFlowFile,23B]; routing to relationship simple
[pool-3128-thread-1] INFO org.apache.nifi.processors.standard.RouteText - RouteText[id=a680ad74-d0b5-404d-9505-4b7cb994baf3] Routing FlowFile[1612,99014690163931.mockFlowFile,23B] to original
[main] DEBUG org.apache.nifi.processors.standard.RouteText - RouteText[id=a680ad74-d0b5-404d-9505-4b7cb994baf3] Adding new dynamic property: PropertyDescriptor[simple]
[pool-3129-thread-1] INFO org.apache.nifi.processors.standard.RouteText - RouteText[id=a680ad74-d0b5-404d-9505-4b7cb994baf3] Created FlowFile[1615,99014690524808.mockFlowFile,23B] from FlowFile[1614,99014690524808.mockFlowFile,23B]; routing to relationship simple
[pool-3129-thread-1] INFO org.apache.nifi.processors.standard.RouteText - RouteText[id=a680ad74-d0b5-404d-9505-4b7cb994baf3] Routing FlowFile[1614,99014690524808.mockFlowFile,23B] to original
[main] DEBUG org.apache.nifi.processors.standard.RouteText - RouteText[id=a680ad74-d0b5-404d-9505-4b7cb994baf3] Adding new dynamic property: PropertyDescriptor[simple]
[pool-3130-thread-1] INFO org.apache.nifi.processors.standard.RouteText - RouteText[id=a680ad74-d0b5-404d-9505-4b7cb994baf3] Created FlowFile[1617,99014690896735.mockFlowFile,23B] from FlowFile[1616,99014690896735.mockFlowFile,23B]; routing to relationship simple
[pool-3130-thread-1] INFO org.apache.nifi.processors.standard.RouteText - RouteText[id=a680ad74-d0b5-404d-9505-4b7cb994baf3] Routing FlowFile[1616,99014690896735.mockFlowFile,23B] to original
[main] DEBUG org.apache.nifi.processors.standard.RouteText - RouteText[id=a680ad74-d0b5-404d-9505-4b7cb994baf3] Adding new dynamic property: PropertyDescriptor[simple]
[pool-3131-thread-1] INFO org.apache.nifi.processors.standard.RouteText - RouteText[id=a680ad74-d0b5-404d-9505-4b7cb994baf3] Created FlowFile[1619,99014691355626.mockFlowFile,23B] from FlowFile[1618,99014691355626.mockFlowFile,23B]; routing to relationship simple
[pool-3131-thread-1] INFO org.apache.nifi.processors.standard.RouteText - RouteText[id=a680ad74-d0b5-404d-9505-4b7cb994baf3] Routing FlowFile[1618,99014691355626.mockFlowFile,23B] to original
[main] DEBUG org.apache.nifi.processors.standard.RouteText - RouteText[id=a680ad74-d0b5-404d-9505-4b7cb994baf3] Adding new dynamic property: PropertyDescriptor[simple]
[pool-3132-thread-1] INFO org.apache.nifi.processors.standard.RouteText - RouteText[id=a680ad74-d0b5-404d-9505-4b7cb994baf3] Created FlowFile[1621,99014691846899.mockFlowFile,23B] from FlowFile[1620,99014691846899.mockFlowFile,23B]; routing to relationship simple
[pool-3132-thread-1] INFO org.apache.nifi.processors.standard.RouteText - RouteText[id=a680ad74-d0b5-404d-9505-4b7cb994baf3] Routing FlowFile[1620,99014691846899.mockFlowFile,23B] to original
[main] DEBUG org.apache.nifi.processors.standard.RouteText - RouteText[id=a680ad74-d0b5-404d-9505-4b7cb994baf3] Adding new dynamic property: PropertyDescriptor[simple]
[pool-3133-thread-1] INFO org.apache.nifi.processors.standard.RouteText - RouteText[id=a680ad74-d0b5-404d-9505-4b7cb994baf3] Created FlowFile[1623,99014692393107.mockFlowFile,23B] from FlowFile[1622,99014692393107.mockFlowFile,23B]; routing to relationship simple
[pool-3133-thread-1] INFO org.apache.nifi.processors.standard.RouteText - RouteText[id=a680ad74-d0b5-404d-9505-4b7cb994baf3] Routing FlowFile[1622,99014692393107.mockFlowFile,23B] to original
[main] DEBUG org.apache.nifi.processors.standard.RouteText - RouteText[id=a680ad74-d0b5-404d-9505-4b7cb994baf3] Adding new dynamic property: PropertyDescriptor[simple]
[pool-3134-thread-1] INFO org.apache.nifi.processors.standard.RouteText - RouteText[id=a680ad74-d0b5-404d-9505-4b7cb994baf3] Created FlowFile[1625,99014692900003.mockFlowFile,23B] from FlowFile[1624,99014692900003.mockFlowFile,23B]; routing to relationship simple
[pool-3134-thread-1] INFO org.apache.nifi.processors.standard.RouteText - RouteText[id=a680ad74-d0b5-404d-9505-4b7cb994baf3] Routing FlowFile[1624,99014692900003.mockFlowFile,23B] to original
[main] DEBUG org.apache.nifi.processors.standard.RouteText - RouteText[id=a680ad74-d0b5-404d-9505-4b7cb994baf3] Adding new dynamic property: PropertyDescriptor[simple]
[pool-3135-thread-1] INFO org.apache.nifi.processors.standard.RouteText - RouteText[id=a680ad74-d0b5-404d-9505-4b7cb994baf3] Created FlowFile[1627,99014693374168.mockFlowFile,23B] from FlowFile[1626,99014693374168.mockFlowFile,23B]; routing to relationship simple
[pool-3135-thread-1] INFO org.apache.nifi.processors.standard.RouteText - RouteText[id=a680ad74-d0b5-404d-9505-4b7cb994baf3] Routing FlowFile[1626,99014693374168.mockFlowFile,23B] to original
[main] DEBUG org.apache.nifi.processors.standard.RouteText - RouteText[id=a680ad74-d0b5-404d-9505-4b7cb994baf3] Adding new dynamic property: PropertyDescriptor[simple]
[pool-3136-thread-1] INFO org.apache.nifi.processors.standard.RouteText - RouteText[id=a680ad74-d0b5-404d-9505-4b7cb994baf3] Created FlowFile[1629,99014693749553.mockFlowFile,23B] from FlowFile[1628,99014693749553.mockFlowFile,23B]; routing to relationship simple
[pool-3136-thread-1] INFO org.apache.nifi.processors.standard.RouteText - RouteText[id=a680ad74-d0b5-404d-9505-4b7cb994baf3] Routing FlowFile[1628,99014693749553.mockFlowFile,23B] to original
[main] DEBUG org.apache.nifi.processors.standard.RouteText - RouteText[id=a680ad74-d0b5-404d-9505-4b7cb994baf3] Adding new dynamic property: PropertyDescriptor[simple]
[pool-3137-thread-1] INFO org.apache.nifi.processors.standard.RouteText - RouteText[id=a680ad74-d0b5-404d-9505-4b7cb994baf3] Created FlowFile[1631,99014694062910.mockFlowFile,23B] from FlowFile[1630,99014694062910.mockFlowFile,23B]; routing to relationship simple
[pool-3137-thread-1] INFO org.apache.nifi.processors.standard.RouteText - RouteText[id=a680ad74-d0b5-404d-9505-4b7cb994baf3] Routing FlowFile[1630,99014694062910.mockFlowFile,23B] to original
[main] DEBUG org.apache.nifi.processors.standard.RouteText - RouteText[id=a680ad74-d0b5-404d-9505-4b7cb994baf3] Adding new dynamic property: PropertyDescriptor[simple]
[pool-3138-thread-1] INFO org.apache.nifi.processors.standard.RouteText - RouteText[id=a680ad74-d0b5-404d-9505-4b7cb994baf3] Created FlowFile[1633,99014694425705.mockFlowFile,23B] from FlowFile[1632,99014694425705.mockFlowFile,23B]; routing to relationship simple
[pool-3138-thread-1] INFO org.apache.nifi.processors.standard.RouteText - RouteText[id=a680ad74-d0b5-404d-9505-4b7cb994baf3] Routing FlowFile[1632,99014694425705.mockFlowFile,23B] to original
[main] DEBUG org.apache.nifi.processors.standard.RouteText - RouteText[id=a680ad74-d0b5-404d-9505-4b7cb994baf3] Adding new dynamic property: PropertyDescriptor[simple]
[pool-3139-thread-1] INFO org.apache.nifi.processors.standard.RouteText - RouteText[id=a680ad74-d0b5-404d-9505-4b7cb994baf3] Created FlowFile[1635,99014694789643.mockFlowFile,23B] from FlowFile[1634,99014694789643.mockFlowFile,23B]; routing to relationship simple
[pool-3139-thread-1] INFO org.apache.nifi.processors.standard.RouteText - RouteText[id=a680ad74-d0b5-404d-9505-4b7cb994baf3] Routing FlowFile[1634,99014694789643.mockFlowFile,23B] to original
[main] DEBUG org.apache.nifi.processors.standard.RouteText - RouteText[id=a680ad74-d0b5-404d-9505-4b7cb994baf3] Adding new dynamic property: PropertyDescriptor[simple]
[pool-3140-thread-1] INFO org.apache.nifi.processors.standard.RouteText - RouteText[id=a680ad74-d0b5-404d-9505-4b7cb994baf3] Created FlowFile[1637,99014695267414.mockFlowFile,23B] from FlowFile[1636,99014695267414.mockFlowFile,23B]; routing to relationship simple
[pool-3140-thread-1] INFO org.apache.nifi.processors.standard.RouteText - RouteText[id=a680ad74-d0b5-404d-9505-4b7cb994baf3] Routing FlowFile[1636,99014695267414.mockFlowFile,23B] to original
[main] DEBUG org.apache.nifi.processors.standard.RouteText - RouteText[id=a680ad74-d0b5-404d-9505-4b7cb994baf3] Adding new dynamic property: PropertyDescriptor[simple]
[pool-3141-thread-1] INFO org.apache.nifi.processors.standard.RouteText - RouteText[id=a680ad74-d0b5-404d-9505-4b7cb994baf3] Created FlowFile[1639,99014695700640.mockFlowFile,23B] from FlowFile[1638,99014695700640.mockFlowFile,23B]; routing to relationship simple
[pool-3141-thread-1] INFO org.apache.nifi.processors.standard.RouteText - RouteText[id=a680ad74-d0b5-404d-9505-4b7cb994baf3] Routing FlowFile[1638,99014695700640.mockFlowFile,23B] to original
[main] DEBUG org.apache.nifi.processors.standard.RouteText - RouteText[id=a680ad74-d0b5-404d-9505-4b7cb994baf3] Adding new dynamic property: PropertyDescriptor[simple]
[pool-3142-thread-1] INFO org.apache.nifi.processors.standard.RouteText - RouteText[id=a680ad74-d0b5-404d-9505-4b7cb994baf3] Created FlowFile[1641,99014696047760.mockFlowFile,23B] from FlowFile[1640,99014696047760.mockFlowFile,23B]; routing to relationship simple
[pool-3142-thread-1] INFO org.apache.nifi.processors.standard.RouteText - RouteText[id=a680ad74-d0b5-404d-9505-4b7cb994baf3] Routing FlowFile[1640,99014696047760.mockFlowFile,23B] to original
[main] DEBUG org.apache.nifi.processors.standard.RouteText - RouteText[id=a680ad74-d0b5-404d-9505-4b7cb994baf3] Adding new dynamic property: PropertyDescriptor[simple]
[pool-3143-thread-1] INFO org.apache.nifi.processors.standard.RouteText - RouteText[id=a680ad74-d0b5-404d-9505-4b7cb994baf3] Created FlowFile[1643,99014696450100.mockFlowFile,23B] from FlowFile[1642,99014696450100.mockFlowFile,23B]; routing to relationship simple
[pool-3143-thread-1] INFO org.apache.nifi.processors.standard.RouteText - RouteText[id=a680ad74-d0b5-404d-9505-4b7cb994baf3] Routing FlowFile[1642,99014696450100.mockFlowFile,23B] to original
[main] DEBUG org.apache.nifi.processors.standard.RouteText - RouteText[id=a680ad74-d0b5-404d-9505-4b7cb994baf3] Adding new dynamic property: PropertyDescriptor[simple]
[pool-3144-thread-1] INFO org.apache.nifi.processors.standard.RouteText - RouteText[id=a680ad74-d0b5-404d-9505-4b7cb994baf3] Created FlowFile[1645,99014696868693.mockFlowFile,23B] from FlowFile[1644,99014696868693.mockFlowFile,23B]; routing to relationship simple
[pool-3144-thread-1] INFO org.apache.nifi.processors.standard.RouteText - RouteText[id=a680ad74-d0b5-404d-9505-4b7cb994baf3] Routing FlowFile[1644,99014696868693.mockFlowFile,23B] to original
[main] DEBUG org.apache.nifi.processors.standard.RouteText - RouteText[id=a680ad74-d0b5-404d-9505-4b7cb994baf3] Adding new dynamic property: PropertyDescriptor[simple]
[pool-3145-thread-1] INFO org.apache.nifi.processors.standard.RouteText - RouteText[id=a680ad74-d0b5-404d-9505-4b7cb994baf3] Created FlowFile[1647,99014697275206.mockFlowFile,23B] from FlowFile[1646,99014697275206.mockFlowFile,23B]; routing to relationship simple
[pool-3145-thread-1] INFO org.apache.nifi.processors.standard.RouteText - RouteText[id=a680ad74-d0b5-404d-9505-4b7cb994baf3] Routing FlowFile[1646,99014697275206.mockFlowFile,23B] to original
[main] DEBUG org.apache.nifi.processors.standard.RouteText - RouteText[id=a680ad74-d0b5-404d-9505-4b7cb994baf3] Adding new dynamic property: PropertyDescriptor[simple]
[pool-3146-thread-1] INFO org.apache.nifi.processors.standard.RouteText - RouteText[id=a680ad74-d0b5-404d-9505-4b7cb994baf3] Created FlowFile[1649,99014697583311.mockFlowFile,23B] from FlowFile[1648,99014697583311.mockFlowFile,23B]; routing to relationship simple
[pool-3146-thread-1] INFO org.apache.nifi.processors.standard.RouteText - RouteText[id=a680ad74-d0b5-404d-9505-4b7cb994baf3] Routing FlowFile[1648,99014697583311.mockFlowFile,23B] to original
[main] DEBUG org.apache.nifi.processors.standard.RouteText - RouteText[id=a680ad74-d0b5-404d-9505-4b7cb994baf3] Adding new dynamic property: PropertyDescriptor[simple]
[pool-3147-thread-1] INFO org.apache.nifi.processors.standard.RouteText - RouteText[id=a680ad74-d0b5-404d-9505-4b7cb994baf3] Created FlowFile[1651,99014697883331.mockFlowFile,23B] from FlowFile[1650,99014697883331.mockFlowFile,23B]; routing to relationship simple
[pool-3147-thread-1] INFO org.apache.nifi.processors.standard.RouteText - RouteText[id=a680ad74-d0b5-404d-9505-4b7cb994baf3] Routing FlowFile[1650,99014697883331.mockFlowFile,23B] to original
[main] DEBUG org.apache.nifi.processors.standard.RouteText - RouteText[id=a680ad74-d0b5-404d-9505-4b7cb994baf3] Adding new dynamic property: PropertyDescriptor[simple]
[pool-3148-thread-1] INFO org.apache.nifi.processors.standard.RouteText - RouteText[id=a680ad74-d0b5-404d-9505-4b7cb994baf3] Created FlowFile[1653,99014698179046.mockFlowFile,23B] from FlowFile[1652,99014698179046.mockFlowFile,23B]; routing to relationship simple
[pool-3148-thread-1] INFO org.apache.nifi.processors.standard.RouteText - RouteText[id=a680ad74-d0b5-404d-9505-4b7cb994baf3] Routing FlowFile[1652,99014698179046.mockFlowFile,23B] to original
[main] DEBUG org.apache.nifi.processors.standard.RouteText - RouteText[id=a680ad74-d0b5-404d-9505-4b7cb994baf3] Adding new dynamic property: PropertyDescriptor[simple]
[pool-3149-thread-1] INFO org.apache.nifi.processors.standard.RouteText - RouteText[id=a680ad74-d0b5-404d-9505-4b7cb994baf3] Created FlowFile[1655,99014698475228.mockFlowFile,23B] from FlowFile[1654,99014698475228.mockFlowFile,23B]; routing to relationship simple
[pool-3149-thread-1] INFO org.apache.nifi.processors.standard.RouteText - RouteText[id=a680ad74-d0b5-404d-9505-4b7cb994baf3] Routing FlowFile[1654,99014698475228.mockFlowFile,23B] to original
[main] DEBUG org.apache.nifi.processors.standard.RouteText - RouteText[id=a680ad74-d0b5-404d-9505-4b7cb994baf3] Adding new dynamic property: PropertyDescriptor[simple]
[pool-3150-thread-1] INFO org.apache.nifi.processors.standard.RouteText - RouteText[id=a680ad74-d0b5-404d-9505-4b7cb994baf3] Created FlowFile[1657,99014698775455.mockFlowFile,23B] from FlowFile[1656,99014698775455.mockFlowFile,23B]; routing to relationship simple
[pool-3150-thread-1] INFO org.apache.nifi.processors.standard.RouteText - RouteText[id=a680ad74-d0b5-404d-9505-4b7cb994baf3] Routing FlowFile[1656,99014698775455.mockFlowFile,23B] to original
[main] DEBUG org.apache.nifi.processors.standard.RouteText - RouteText[id=a680ad74-d0b5-404d-9505-4b7cb994baf3] Adding new dynamic property: PropertyDescriptor[simple]
[pool-3151-thread-1] INFO org.apache.nifi.processors.standard.RouteText - RouteText[id=a680ad74-d0b5-404d-9505-4b7cb994baf3] Created FlowFile[1659,99014699112632.mockFlowFile,23B] from FlowFile[1658,99014699112632.mockFlowFile,23B]; routing to relationship simple
[pool-3151-thread-1] INFO org.apache.nifi.processors.standard.RouteText - RouteText[id=a680ad74-d0b5-404d-9505-4b7cb994baf3] Routing FlowFile[1658,99014699112632.mockFlowFile,23B] to original
[main] DEBUG org.apache.nifi.processors.standard.RouteText - RouteText[id=a680ad74-d0b5-404d-9505-4b7cb994baf3] Adding new dynamic property: PropertyDescriptor[simple]
[pool-3152-thread-1] INFO org.apache.nifi.processors.standard.RouteText - RouteText[id=a680ad74-d0b5-404d-9505-4b7cb994baf3] Created FlowFile[1661,99014699512537.mockFlowFile,23B] from FlowFile[1660,99014699512537.mockFlowFile,23B]; routing to relationship simple
[pool-3152-thread-1] INFO org.apache.nifi.processors.standard.RouteText - RouteText[id=a680ad74-d0b5-404d-9505-4b7cb994baf3] Routing FlowFile[1660,99014699512537.mockFlowFile,23B] to original
[main] DEBUG org.apache.nifi.processors.standard.RouteText - RouteText[id=a680ad74-d0b5-404d-9505-4b7cb994baf3] Adding new dynamic property: PropertyDescriptor[simple]
[pool-3153-thread-1] INFO org.apache.nifi.processors.standard.RouteText - RouteText[id=a680ad74-d0b5-404d-9505-4b7cb994baf3] Created FlowFile[1663,99014720929668.mockFlowFile,23B] from FlowFile[1662,99014720929668.mockFlowFile,23B]; routing to relationship simple
[pool-3153-thread-1] INFO org.apache.nifi.processors.standard.RouteText - RouteText[id=a680ad74-d0b5-404d-9505-4b7cb994baf3] Routing FlowFile[1662,99014720929668.mockFlowFile,23B] to original
[main] DEBUG org.apache.nifi.processors.standard.RouteText - RouteText[id=a680ad74-d0b5-404d-9505-4b7cb994baf3] Adding new dynamic property: PropertyDescriptor[simple]
[pool-3154-thread-1] INFO org.apache.nifi.processors.standard.RouteText - RouteText[id=a680ad74-d0b5-404d-9505-4b7cb994baf3] Created FlowFile[1665,99014721568808.mockFlowFile,23B] from FlowFile[1664,99014721568808.mockFlowFile,23B]; routing to relationship simple
[pool-3154-thread-1] INFO org.apache.nifi.processors.standard.RouteText - RouteText[id=a680ad74-d0b5-404d-9505-4b7cb994baf3] Routing FlowFile[1664,99014721568808.mockFlowFile,23B] to original
[main] DEBUG org.apache.nifi.processors.standard.RouteText - RouteText[id=a680ad74-d0b5-404d-9505-4b7cb994baf3] Adding new dynamic property: PropertyDescriptor[simple]
[pool-3155-thread-1] INFO org.apache.nifi.processors.standard.RouteText - RouteText[id=a680ad74-d0b5-404d-9505-4b7cb994baf3] Created FlowFile[1667,99014722075534.mockFlowFile,23B] from FlowFile[1666,99014722075534.mockFlowFile,23B]; routing to relationship simple
[pool-3155-thread-1] INFO org.apache.nifi.processors.standard.RouteText - RouteText[id=a680ad74-d0b5-404d-9505-4b7cb994baf3] Routing FlowFile[1666,99014722075534.mockFlowFile,23B] to original
[main] DEBUG org.apache.nifi.processors.standard.RouteText - RouteText[id=a680ad74-d0b5-404d-9505-4b7cb994baf3] Adding new dynamic property: PropertyDescriptor[simple]
[pool-3156-thread-1] INFO org.apache.nifi.processors.standard.RouteText - RouteText[id=a680ad74-d0b5-404d-9505-4b7cb994baf3] Created FlowFile[1669,99014722875907.mockFlowFile,23B] from FlowFile[1668,99014722875907.mockFlowFile,23B]; routing to relationship simple
[pool-3156-thread-1] INFO org.apache.nifi.processors.standard.RouteText - RouteText[id=a680ad74-d0b5-404d-9505-4b7cb994baf3] Routing FlowFile[1668,99014722875907.mockFlowFile,23B] to original
[main] DEBUG org.apache.nifi.processors.standard.RouteText - RouteText[id=a680ad74-d0b5-404d-9505-4b7cb994baf3] Adding new dynamic property: PropertyDescriptor[simple]
[pool-3157-thread-1] INFO org.apache.nifi.processors.standard.RouteText - RouteText[id=a680ad74-d0b5-404d-9505-4b7cb994baf3] Created FlowFile[1671,99014723371208.mockFlowFile,23B] from FlowFile[1670,99014723371208.mockFlowFile,23B]; routing to relationship simple
[pool-3157-thread-1] INFO org.apache.nifi.processors.standard.RouteText - RouteText[id=a680ad74-d0b5-404d-9505-4b7cb994baf3] Routing FlowFile[1670,99014723371208.mockFlowFile,23B] to original
[main] DEBUG org.apache.nifi.processors.standard.RouteText - RouteText[id=a680ad74-d0b5-404d-9505-4b7cb994baf3] Adding new dynamic property: PropertyDescriptor[simple]
[pool-3158-thread-1] INFO org.apache.nifi.processors.standard.RouteText - RouteText[id=a680ad74-d0b5-404d-9505-4b7cb994baf3] Created FlowFile[1673,99014723850820.mockFlowFile,23B] from FlowFile[1672,99014723850820.mockFlowFile,23B]; routing to relationship simple
[pool-3158-thread-1] INFO org.apache.nifi.processors.standard.RouteText - RouteText[id=a680ad74-d0b5-404d-9505-4b7cb994baf3] Routing FlowFile[1672,99014723850820.mockFlowFile,23B] to original
[main] DEBUG org.apache.nifi.processors.standard.RouteText - RouteText[id=a680ad74-d0b5-404d-9505-4b7cb994baf3] Adding new dynamic property: PropertyDescriptor[simple]
[pool-3159-thread-1] INFO org.apache.nifi.processors.standard.RouteText - RouteText[id=a680ad74-d0b5-404d-9505-4b7cb994baf3] Created FlowFile[1675,99014724495420.mockFlowFile,23B] from FlowFile[1674,99014724495420.mockFlowFile,23B]; routing to relationship simple
[pool-3159-thread-1] INFO org.apache.nifi.processors.standard.RouteText - RouteText[id=a680ad74-d0b5-404d-9505-4b7cb994baf3] Routing FlowFile[1674,99014724495420.mockFlowFile,23B] to original
[main] DEBUG org.apache.nifi.processors.standard.RouteText - RouteText[id=a680ad74-d0b5-404d-9505-4b7cb994baf3] Adding new dynamic property: PropertyDescriptor[simple]
[pool-3160-thread-1] INFO org.apache.nifi.processors.standard.RouteText - RouteText[id=a680ad74-d0b5-404d-9505-4b7cb994baf3] Created FlowFile[1677,99014724862813.mockFlowFile,23B] from FlowFile[1676,99014724862813.mockFlowFile,23B]; routing to relationship simple
[pool-3160-thread-1] INFO org.apache.nifi.processors.standard.RouteText - RouteText[id=a680ad74-d0b5-404d-9505-4b7cb994baf3] Routing FlowFile[1676,99014724862813.mockFlowFile,23B] to original
[main] DEBUG org.apache.nifi.processors.standard.RouteText - RouteText[id=a680ad74-d0b5-404d-9505-4b7cb994baf3] Adding new dynamic property: PropertyDescriptor[simple]
[pool-3161-thread-1] INFO org.apache.nifi.processors.standard.RouteText - RouteText[id=a680ad74-d0b5-404d-9505-4b7cb994baf3] Created FlowFile[1679,99014725237979.mockFlowFile,23B] from FlowFile[1678,99014725237979.mockFlowFile,23B]; routing to relationship simple
[pool-3161-thread-1] INFO org.apache.nifi.processors.standard.RouteText - RouteText[id=a680ad74-d0b5-404d-9505-4b7cb994baf3] Routing FlowFile[1678,99014725237979.mockFlowFile,23B] to original
[main] DEBUG org.apache.nifi.processors.standard.RouteText - RouteText[id=a680ad74-d0b5-404d-9505-4b7cb994baf3] Adding new dynamic property: PropertyDescriptor[simple]
[pool-3162-thread-1] INFO org.apache.nifi.processors.standard.RouteText - RouteText[id=a680ad74-d0b5-404d-9505-4b7cb994baf3] Created FlowFile[1681,99014725688165.mockFlowFile,23B] from FlowFile[1680,99014725688165.mockFlowFile,23B]; routing to relationship simple
[pool-3162-thread-1] INFO org.apache.nifi.processors.standard.RouteText - RouteText[id=a680ad74-d0b5-404d-9505-4b7cb994baf3] Routing FlowFile[1680,99014725688165.mockFlowFile,23B] to original
[main] DEBUG org.apache.nifi.processors.standard.RouteText - RouteText[id=a680ad74-d0b5-404d-9505-4b7cb994baf3] Adding new dynamic property: PropertyDescriptor[simple]
[pool-3163-thread-1] INFO org.apache.nifi.processors.standard.RouteText - RouteText[id=a680ad74-d0b5-404d-9505-4b7cb994baf3] Created FlowFile[1683,99014726113812.mockFlowFile,23B] from FlowFile[1682,99014726113812.mockFlowFile,23B]; routing to relationship simple
[pool-3163-thread-1] INFO org.apache.nifi.processors.standard.RouteText - RouteText[id=a680ad74-d0b5-404d-9505-4b7cb994baf3] Routing FlowFile[1682,99014726113812.mockFlowFile,23B] to original
[main] DEBUG org.apache.nifi.processors.standard.RouteText - RouteText[id=a680ad74-d0b5-404d-9505-4b7cb994baf3] Adding new dynamic property: PropertyDescriptor[simple]
[pool-3164-thread-1] INFO org.apache.nifi.processors.standard.RouteText - RouteText[id=a680ad74-d0b5-404d-9505-4b7cb994baf3] Created FlowFile[1685,99014726548766.mockFlowFile,23B] from FlowFile[1684,99014726548766.mockFlowFile,23B]; routing to relationship simple
[pool-3164-thread-1] INFO org.apache.nifi.processors.standard.RouteText - RouteText[id=a680ad74-d0b5-404d-9505-4b7cb994baf3] Routing FlowFile[1684,99014726548766.mockFlowFile,23B] to original
[main] DEBUG org.apache.nifi.processors.standard.RouteText - RouteText[id=a680ad74-d0b5-404d-9505-4b7cb994baf3] Adding new dynamic property: PropertyDescriptor[simple]
[pool-3165-thread-1] INFO org.apache.nifi.processors.standard.RouteText - RouteText[id=a680ad74-d0b5-404d-9505-4b7cb994baf3] Created FlowFile[1687,99014726980089.mockFlowFile,23B] from FlowFile[1686,99014726980089.mockFlowFile,23B]; routing to relationship simple
[pool-3165-thread-1] INFO org.apache.nifi.processors.standard.RouteText - RouteText[id=a680ad74-d0b5-404d-9505-4b7cb994baf3] Routing FlowFile[1686,99014726980089.mockFlowFile,23B] to original
[main] DEBUG org.apache.nifi.processors.standard.RouteText - RouteText[id=a680ad74-d0b5-404d-9505-4b7cb994baf3] Adding new dynamic property: PropertyDescriptor[simple]
[pool-3166-thread-1] INFO org.apache.nifi.processors.standard.RouteText - RouteText[id=a680ad74-d0b5-404d-9505-4b7cb994baf3] Created FlowFile[1689,99014727396269.mockFlowFile,23B] from FlowFile[1688,99014727396269.mockFlowFile,23B]; routing to relationship simple
[pool-3166-thread-1] INFO org.apache.nifi.processors.standard.RouteText - RouteText[id=a680ad74-d0b5-404d-9505-4b7cb994baf3] Routing FlowFile[1688,99014727396269.mockFlowFile,23B] to original
[main] DEBUG org.apache.nifi.processors.standard.RouteText - RouteText[id=a680ad74-d0b5-404d-9505-4b7cb994baf3] Adding new dynamic property: PropertyDescriptor[simple]
[pool-3167-thread-1] INFO org.apache.nifi.processors.standard.RouteText - RouteText[id=a680ad74-d0b5-404d-9505-4b7cb994baf3] Created FlowFile[1691,99014727777309.mockFlowFile,23B] from FlowFile[1690,99014727777309.mockFlowFile,23B]; routing to relationship simple
[pool-3167-thread-1] INFO org.apache.nifi.processors.standard.RouteText - RouteText[id=a680ad74-d0b5-404d-9505-4b7cb994baf3] Routing FlowFile[1690,99014727777309.mockFlowFile,23B] to original
[main] DEBUG org.apache.nifi.processors.standard.RouteText - RouteText[id=a680ad74-d0b5-404d-9505-4b7cb994baf3] Adding new dynamic property: PropertyDescriptor[simple]
[pool-3168-thread-1] INFO org.apache.nifi.processors.standard.RouteText - RouteText[id=a680ad74-d0b5-404d-9505-4b7cb994baf3] Created FlowFile[1693,99014728145744.mockFlowFile,23B] from FlowFile[1692,99014728145744.mockFlowFile,23B]; routing to relationship simple
[pool-3168-thread-1] INFO org.apache.nifi.processors.standard.RouteText - RouteText[id=a680ad74-d0b5-404d-9505-4b7cb994baf3] Routing FlowFile[1692,99014728145744.mockFlowFile,23B] to original
[main] DEBUG org.apache.nifi.processors.standard.RouteText - RouteText[id=a680ad74-d0b5-404d-9505-4b7cb994baf3] Adding new dynamic property: PropertyDescriptor[simple]
[pool-3169-thread-1] INFO org.apache.nifi.processors.standard.RouteText - RouteText[id=a680ad74-d0b5-404d-9505-4b7cb994baf3] Created FlowFile[1695,99014728478003.mockFlowFile,23B] from FlowFile[1694,99014728478003.mockFlowFile,23B]; routing to relationship simple
[pool-3169-thread-1] INFO org.apache.nifi.processors.standard.RouteText - RouteText[id=a680ad74-d0b5-404d-9505-4b7cb994baf3] Routing FlowFile[1694,99014728478003.mockFlowFile,23B] to original
[main] DEBUG org.apache.nifi.processors.standard.RouteText - RouteText[id=a680ad74-d0b5-404d-9505-4b7cb994baf3] Adding new dynamic property: PropertyDescriptor[simple]
[pool-3170-thread-1] INFO org.apache.nifi.processors.standard.RouteText - RouteText[id=a680ad74-d0b5-404d-9505-4b7cb994baf3] Created FlowFile[1697,99014728853680.mockFlowFile,23B] from FlowFile[1696,99014728853680.mockFlowFile,23B]; routing to relationship simple
[pool-3170-thread-1] INFO org.apache.nifi.processors.standard.RouteText - RouteText[id=a680ad74-d0b5-404d-9505-4b7cb994baf3] Routing FlowFile[1696,99014728853680.mockFlowFile,23B] to original
[main] DEBUG org.apache.nifi.processors.standard.RouteText - RouteText[id=a680ad74-d0b5-404d-9505-4b7cb994baf3] Adding new dynamic property: PropertyDescriptor[simple]
[pool-3171-thread-1] INFO org.apache.nifi.processors.standard.RouteText - RouteText[id=a680ad74-d0b5-404d-9505-4b7cb994baf3] Created FlowFile[1699,99014729241740.mockFlowFile,23B] from FlowFile[1698,99014729241740.mockFlowFile,23B]; routing to relationship simple
[pool-3171-thread-1] INFO org.apache.nifi.processors.standard.RouteText - RouteText[id=a680ad74-d0b5-404d-9505-4b7cb994baf3] Routing FlowFile[1698,99014729241740.mockFlowFile,23B] to original
[main] DEBUG org.apache.nifi.processors.standard.RouteText - RouteText[id=a680ad74-d0b5-404d-9505-4b7cb994baf3] Adding new dynamic property: PropertyDescriptor[simple]
[pool-3172-thread-1] INFO org.apache.nifi.processors.standard.RouteText - RouteText[id=a680ad74-d0b5-404d-9505-4b7cb994baf3] Created FlowFile[1701,99014729684920.mockFlowFile,23B] from FlowFile[1700,99014729684920.mockFlowFile,23B]; routing to relationship simple
[pool-3172-thread-1] INFO org.apache.nifi.processors.standard.RouteText - RouteText[id=a680ad74-d0b5-404d-9505-4b7cb994baf3] Routing FlowFile[1700,99014729684920.mockFlowFile,23B] to original
[main] DEBUG org.apache.nifi.processors.standard.RouteText - RouteText[id=a680ad74-d0b5-404d-9505-4b7cb994baf3] Adding new dynamic property: PropertyDescriptor[simple]
[pool-3173-thread-1] INFO org.apache.nifi.processors.standard.RouteText - RouteText[id=a680ad74-d0b5-404d-9505-4b7cb994baf3] Created FlowFile[1703,99014730086774.mockFlowFile,23B] from FlowFile[1702,99014730086774.mockFlowFile,23B]; routing to relationship simple
[pool-3173-thread-1] INFO org.apache.nifi.processors.standard.RouteText - RouteText[id=a680ad74-d0b5-404d-9505-4b7cb994baf3] Routing FlowFile[1702,99014730086774.mockFlowFile,23B] to original
[main] DEBUG org.apache.nifi.processors.standard.RouteText - RouteText[id=a680ad74-d0b5-404d-9505-4b7cb994baf3] Adding new dynamic property: PropertyDescriptor[simple]
[pool-3174-thread-1] INFO org.apache.nifi.processors.standard.RouteText - RouteText[id=a680ad74-d0b5-404d-9505-4b7cb994baf3] Created FlowFile[1705,99014730478931.mockFlowFile,23B] from FlowFile[1704,99014730478931.mockFlowFile,23B]; routing to relationship simple
[pool-3174-thread-1] INFO org.apache.nifi.processors.standard.RouteText - RouteText[id=a680ad74-d0b5-404d-9505-4b7cb994baf3] Routing FlowFile[1704,99014730478931.mockFlowFile,23B] to original
[main] DEBUG org.apache.nifi.processors.standard.RouteText - RouteText[id=a680ad74-d0b5-404d-9505-4b7cb994baf3] Adding new dynamic property: PropertyDescriptor[simple]
[pool-3175-thread-1] INFO org.apache.nifi.processors.standard.RouteText - RouteText[id=a680ad74-d0b5-404d-9505-4b7cb994baf3] Created FlowFile[1707,99014730886420.mockFlowFile,23B] from FlowFile[1706,99014730886420.mockFlowFile,23B]; routing to relationship simple
[pool-3175-thread-1] INFO org.apache.nifi.processors.standard.RouteText - RouteText[id=a680ad74-d0b5-404d-9505-4b7cb994baf3] Routing FlowFile[1706,99014730886420.mockFlowFile,23B] to original
[main] DEBUG org.apache.nifi.processors.standard.RouteText - RouteText[id=a680ad74-d0b5-404d-9505-4b7cb994baf3] Adding new dynamic property: PropertyDescriptor[simple]
[pool-3176-thread-1] INFO org.apache.nifi.processors.standard.RouteText - RouteText[id=a680ad74-d0b5-404d-9505-4b7cb994baf3] Created FlowFile[1709,99014731290236.mockFlowFile,23B] from FlowFile[1708,99014731290236.mockFlowFile,23B]; routing to relationship simple
[pool-3176-thread-1] INFO org.apache.nifi.processors.standard.RouteText - RouteText[id=a680ad74-d0b5-404d-9505-4b7cb994baf3] Routing FlowFile[1708,99014731290236.mockFlowFile,23B] to original
[main] DEBUG org.apache.nifi.processors.standard.RouteText - RouteText[id=a680ad74-d0b5-404d-9505-4b7cb994baf3] Adding new dynamic property: PropertyDescriptor[simple]
[pool-3177-thread-1] INFO org.apache.nifi.processors.standard.RouteText - RouteText[id=a680ad74-d0b5-404d-9505-4b7cb994baf3] Created FlowFile[1711,99014731690247.mockFlowFile,23B] from FlowFile[1710,99014731690247.mockFlowFile,23B]; routing to relationship simple
[pool-3177-thread-1] INFO org.apache.nifi.processors.standard.RouteText - RouteText[id=a680ad74-d0b5-404d-9505-4b7cb994baf3] Routing FlowFile[1710,99014731690247.mockFlowFile,23B] to original
[main] DEBUG org.apache.nifi.processors.standard.RouteText - RouteText[id=a680ad74-d0b5-404d-9505-4b7cb994baf3] Adding new dynamic property: PropertyDescriptor[simple]
[pool-3178-thread-1] INFO org.apache.nifi.processors.standard.RouteText - RouteText[id=a680ad74-d0b5-404d-9505-4b7cb994baf3] Created FlowFile[1713,99014732095602.mockFlowFile,23B] from FlowFile[1712,99014732095602.mockFlowFile,23B]; routing to relationship simple
[pool-3178-thread-1] INFO org.apache.nifi.processors.standard.RouteText - RouteText[id=a680ad74-d0b5-404d-9505-4b7cb994baf3] Routing FlowFile[1712,99014732095602.mockFlowFile,23B] to original
[main] DEBUG org.apache.nifi.processors.standard.RouteText - RouteText[id=a680ad74-d0b5-404d-9505-4b7cb994baf3] Adding new dynamic property: PropertyDescriptor[simple]
[pool-3179-thread-1] INFO org.apache.nifi.processors.standard.RouteText - RouteText[id=a680ad74-d0b5-404d-9505-4b7cb994baf3] Created FlowFile[1715,99014732518485.mockFlowFile,23B] from FlowFile[1714,99014732518485.mockFlowFile,23B]; routing to relationship simple
[pool-3179-thread-1] INFO org.apache.nifi.processors.standard.RouteText - RouteText[id=a680ad74-d0b5-404d-9505-4b7cb994baf3] Routing FlowFile[1714,99014732518485.mockFlowFile,23B] to original
[main] DEBUG org.apache.nifi.processors.standard.RouteText - RouteText[id=a680ad74-d0b5-404d-9505-4b7cb994baf3] Adding new dynamic property: PropertyDescriptor[simple]
[pool-3180-thread-1] INFO org.apache.nifi.processors.standard.RouteText - RouteText[id=a680ad74-d0b5-404d-9505-4b7cb994baf3] Created FlowFile[1717,99014732963610.mockFlowFile,23B] from FlowFile[1716,99014732963610.mockFlowFile,23B]; routing to relationship simple
[pool-3180-thread-1] INFO org.apache.nifi.processors.standard.RouteText - RouteText[id=a680ad74-d0b5-404d-9505-4b7cb994baf3] Routing FlowFile[1716,99014732963610.mockFlowFile,23B] to original
[main] DEBUG org.apache.nifi.processors.standard.RouteText - RouteText[id=a680ad74-d0b5-404d-9505-4b7cb994baf3] Adding new dynamic property: PropertyDescriptor[simple]
[pool-3181-thread-1] INFO org.apache.nifi.processors.standard.RouteText - RouteText[id=a680ad74-d0b5-404d-9505-4b7cb994baf3] Created FlowFile[1719,99014733391606.mockFlowFile,23B] from FlowFile[1718,99014733391606.mockFlowFile,23B]; routing to relationship simple
[pool-3181-thread-1] INFO org.apache.nifi.processors.standard.RouteText - RouteText[id=a680ad74-d0b5-404d-9505-4b7cb994baf3] Routing FlowFile[1718,99014733391606.mockFlowFile,23B] to original
[main] DEBUG org.apache.nifi.processors.standard.RouteText - RouteText[id=a680ad74-d0b5-404d-9505-4b7cb994baf3] Adding new dynamic property: PropertyDescriptor[simple]
[pool-3182-thread-1] INFO org.apache.nifi.processors.standard.RouteText - RouteText[id=a680ad74-d0b5-404d-9505-4b7cb994baf3] Created FlowFile[1721,99014733869477.mockFlowFile,23B] from FlowFile[1720,99014733869477.mockFlowFile,23B]; routing to relationship simple
[pool-3182-thread-1] INFO org.apache.nifi.processors.standard.RouteText - RouteText[id=a680ad74-d0b5-404d-9505-4b7cb994baf3] Routing FlowFile[1720,99014733869477.mockFlowFile,23B] to original
[main] DEBUG org.apache.nifi.processors.standard.RouteText - RouteText[id=a680ad74-d0b5-404d-9505-4b7cb994baf3] Adding new dynamic property: PropertyDescriptor[simple]
[pool-3183-thread-1] INFO org.apache.nifi.processors.standard.RouteText - RouteText[id=a680ad74-d0b5-404d-9505-4b7cb994baf3] Created FlowFile[1723,99014734285636.mockFlowFile,23B] from FlowFile[1722,99014734285636.mockFlowFile,23B]; routing to relationship simple
[pool-3183-thread-1] INFO org.apache.nifi.processors.standard.RouteText - RouteText[id=a680ad74-d0b5-404d-9505-4b7cb994baf3] Routing FlowFile[1722,99014734285636.mockFlowFile,23B] to original
[main] DEBUG org.apache.nifi.processors.standard.RouteText - RouteText[id=a680ad74-d0b5-404d-9505-4b7cb994baf3] Adding new dynamic property: PropertyDescriptor[simple]
[pool-3184-thread-1] INFO org.apache.nifi.processors.standard.RouteText - RouteText[id=a680ad74-d0b5-404d-9505-4b7cb994baf3] Created FlowFile[1725,99014734777909.mockFlowFile,23B] from FlowFile[1724,99014734777909.mockFlowFile,23B]; routing to relationship simple
[pool-3184-thread-1] INFO org.apache.nifi.processors.standard.RouteText - RouteText[id=a680ad74-d0b5-404d-9505-4b7cb994baf3] Routing FlowFile[1724,99014734777909.mockFlowFile,23B] to original
[main] DEBUG org.apache.nifi.processors.standard.RouteText - RouteText[id=a680ad74-d0b5-404d-9505-4b7cb994baf3] Adding new dynamic property: PropertyDescriptor[simple]
[pool-3185-thread-1] INFO org.apache.nifi.processors.standard.RouteText - RouteText[id=a680ad74-d0b5-404d-9505-4b7cb994baf3] Created FlowFile[1727,99014735223127.mockFlowFile,23B] from FlowFile[1726,99014735223127.mockFlowFile,23B]; routing to relationship simple
[pool-3185-thread-1] INFO org.apache.nifi.processors.standard.RouteText - RouteText[id=a680ad74-d0b5-404d-9505-4b7cb994baf3] Routing FlowFile[1726,99014735223127.mockFlowFile,23B] to original
[main] DEBUG org.apache.nifi.processors.standard.RouteText - RouteText[id=a680ad74-d0b5-404d-9505-4b7cb994baf3] Adding new dynamic property: PropertyDescriptor[simple]
[pool-3186-thread-1] INFO org.apache.nifi.processors.standard.RouteText - RouteText[id=a680ad74-d0b5-404d-9505-4b7cb994baf3] Created FlowFile[1729,99014735655892.mockFlowFile,23B] from FlowFile[1728,99014735655892.mockFlowFile,23B]; routing to relationship simple
[pool-3186-thread-1] INFO org.apache.nifi.processors.standard.RouteText - RouteText[id=a680ad74-d0b5-404d-9505-4b7cb994baf3] Routing FlowFile[1728,99014735655892.mockFlowFile,23B] to original
[main] DEBUG org.apache.nifi.processors.standard.RouteText - RouteText[id=a680ad74-d0b5-404d-9505-4b7cb994baf3] Adding new dynamic property: PropertyDescriptor[simple]
[pool-3187-thread-1] INFO org.apache.nifi.processors.standard.RouteText - RouteText[id=a680ad74-d0b5-404d-9505-4b7cb994baf3] Created FlowFile[1731,99014736267048.mockFlowFile,23B] from FlowFile[1730,99014736267048.mockFlowFile,23B]; routing to relationship simple
[pool-3187-thread-1] INFO org.apache.nifi.processors.standard.RouteText - RouteText[id=a680ad74-d0b5-404d-9505-4b7cb994baf3] Routing FlowFile[1730,99014736267048.mockFlowFile,23B] to original
[main] DEBUG org.apache.nifi.processors.standard.RouteText - RouteText[id=a680ad74-d0b5-404d-9505-4b7cb994baf3] Adding new dynamic property: PropertyDescriptor[simple]
[pool-3188-thread-1] INFO org.apache.nifi.processors.standard.RouteText - RouteText[id=a680ad74-d0b5-404d-9505-4b7cb994baf3] Created FlowFile[1733,99014736722036.mockFlowFile,23B] from FlowFile[1732,99014736722036.mockFlowFile,23B]; routing to relationship simple
[pool-3188-thread-1] INFO org.apache.nifi.processors.standard.RouteText - RouteText[id=a680ad74-d0b5-404d-9505-4b7cb994baf3] Routing FlowFile[1732,99014736722036.mockFlowFile,23B] to original
[main] DEBUG org.apache.nifi.processors.standard.RouteText - RouteText[id=a680ad74-d0b5-404d-9505-4b7cb994baf3] Adding new dynamic property: PropertyDescriptor[simple]
[pool-3189-thread-1] INFO org.apache.nifi.processors.standard.RouteText - RouteText[id=a680ad74-d0b5-404d-9505-4b7cb994baf3] Created FlowFile[1735,99014737151261.mockFlowFile,23B] from FlowFile[1734,99014737151261.mockFlowFile,23B]; routing to relationship simple
[pool-3189-thread-1] INFO org.apache.nifi.processors.standard.RouteText - RouteText[id=a680ad74-d0b5-404d-9505-4b7cb994baf3] Routing FlowFile[1734,99014737151261.mockFlowFile,23B] to original
[main] DEBUG org.apache.nifi.processors.standard.RouteText - RouteText[id=a680ad74-d0b5-404d-9505-4b7cb994baf3] Adding new dynamic property: PropertyDescriptor[simple]
[pool-3190-thread-1] INFO org.apache.nifi.processors.standard.RouteText - RouteText[id=a680ad74-d0b5-404d-9505-4b7cb994baf3] Created FlowFile[1737,99014737581315.mockFlowFile,23B] from FlowFile[1736,99014737581315.mockFlowFile,23B]; routing to relationship simple
[pool-3190-thread-1] INFO org.apache.nifi.processors.standard.RouteText - RouteText[id=a680ad74-d0b5-404d-9505-4b7cb994baf3] Routing FlowFile[1736,99014737581315.mockFlowFile,23B] to original
[main] DEBUG org.apache.nifi.processors.standard.RouteText - RouteText[id=a680ad74-d0b5-404d-9505-4b7cb994baf3] Adding new dynamic property: PropertyDescriptor[simple]
[pool-3191-thread-1] INFO org.apache.nifi.processors.standard.RouteText - RouteText[id=a680ad74-d0b5-404d-9505-4b7cb994baf3] Created FlowFile[1739,99014738009666.mockFlowFile,23B] from FlowFile[1738,99014738009666.mockFlowFile,23B]; routing to relationship simple
[pool-3191-thread-1] INFO org.apache.nifi.processors.standard.RouteText - RouteText[id=a680ad74-d0b5-404d-9505-4b7cb994baf3] Routing FlowFile[1738,99014738009666.mockFlowFile,23B] to original
[main] DEBUG org.apache.nifi.processors.standard.RouteText - RouteText[id=a680ad74-d0b5-404d-9505-4b7cb994baf3] Adding new dynamic property: PropertyDescriptor[simple]
[pool-3192-thread-1] INFO org.apache.nifi.processors.standard.RouteText - RouteText[id=a680ad74-d0b5-404d-9505-4b7cb994baf3] Created FlowFile[1741,99014738443645.mockFlowFile,23B] from FlowFile[1740,99014738443645.mockFlowFile,23B]; routing to relationship simple
[pool-3192-thread-1] INFO org.apache.nifi.processors.standard.RouteText - RouteText[id=a680ad74-d0b5-404d-9505-4b7cb994baf3] Routing FlowFile[1740,99014738443645.mockFlowFile,23B] to original
[main] DEBUG org.apache.nifi.processors.standard.RouteText - RouteText[id=a680ad74-d0b5-404d-9505-4b7cb994baf3] Adding new dynamic property: PropertyDescriptor[simple]
[pool-3193-thread-1] INFO org.apache.nifi.processors.standard.RouteText - RouteText[id=a680ad74-d0b5-404d-9505-4b7cb994baf3] Created FlowFile[1743,99014738853786.mockFlowFile,23B] from FlowFile[1742,99014738853786.mockFlowFile,23B]; routing to relationship simple
[pool-3193-thread-1] INFO org.apache.nifi.processors.standard.RouteText - RouteText[id=a680ad74-d0b5-404d-9505-4b7cb994baf3] Routing FlowFile[1742,99014738853786.mockFlowFile,23B] to original
[main] DEBUG org.apache.nifi.processors.standard.RouteText - RouteText[id=a680ad74-d0b5-404d-9505-4b7cb994baf3] Adding new dynamic property: PropertyDescriptor[simple]
[pool-3194-thread-1] INFO org.apache.nifi.processors.standard.RouteText - RouteText[id=a680ad74-d0b5-404d-9505-4b7cb994baf3] Created FlowFile[1745,99014739264369.mockFlowFile,23B] from FlowFile[1744,99014739264369.mockFlowFile,23B]; routing to relationship simple
[pool-3194-thread-1] INFO org.apache.nifi.processors.standard.RouteText - RouteText[id=a680ad74-d0b5-404d-9505-4b7cb994baf3] Routing FlowFile[1744,99014739264369.mockFlowFile,23B] to original
[main] DEBUG org.apache.nifi.processors.standard.RouteText - RouteText[id=a680ad74-d0b5-404d-9505-4b7cb994baf3] Adding new dynamic property: PropertyDescriptor[simple]
[pool-3195-thread-1] INFO org.apache.nifi.processors.standard.RouteText - RouteText[id=a680ad74-d0b5-404d-9505-4b7cb994baf3] Created FlowFile[1747,99014739665771.mockFlowFile,23B] from FlowFile[1746,99014739665771.mockFlowFile,23B]; routing to relationship simple
[pool-3195-thread-1] INFO org.apache.nifi.processors.standard.RouteText - RouteText[id=a680ad74-d0b5-404d-9505-4b7cb994baf3] Routing FlowFile[1746,99014739665771.mockFlowFile,23B] to original
[main] DEBUG org.apache.nifi.processors.standard.RouteText - RouteText[id=a680ad74-d0b5-404d-9505-4b7cb994baf3] Adding new dynamic property: PropertyDescriptor[simple]
[pool-3196-thread-1] INFO org.apache.nifi.processors.standard.RouteText - RouteText[id=a680ad74-d0b5-404d-9505-4b7cb994baf3] Created FlowFile[1749,99014740091761.mockFlowFile,23B] from FlowFile[1748,99014740091761.mockFlowFile,23B]; routing to relationship simple
[pool-3196-thread-1] INFO org.apache.nifi.processors.standard.RouteText - RouteText[id=a680ad74-d0b5-404d-9505-4b7cb994baf3] Routing FlowFile[1748,99014740091761.mockFlowFile,23B] to original
[main] DEBUG org.apache.nifi.processors.standard.RouteText - RouteText[id=a680ad74-d0b5-404d-9505-4b7cb994baf3] Adding new dynamic property: PropertyDescriptor[simple]
[pool-3197-thread-1] INFO org.apache.nifi.processors.standard.RouteText - RouteText[id=a680ad74-d0b5-404d-9505-4b7cb994baf3] Created FlowFile[1751,99014740470314.mockFlowFile,23B] from FlowFile[1750,99014740470314.mockFlowFile,23B]; routing to relationship simple
[pool-3197-thread-1] INFO org.apache.nifi.processors.standard.RouteText - RouteText[id=a680ad74-d0b5-404d-9505-4b7cb994baf3] Routing FlowFile[1750,99014740470314.mockFlowFile,23B] to original
[main] DEBUG org.apache.nifi.processors.standard.RouteText - RouteText[id=a680ad74-d0b5-404d-9505-4b7cb994baf3] Adding new dynamic property: PropertyDescriptor[simple]
[pool-3198-thread-1] INFO org.apache.nifi.processors.standard.RouteText - RouteText[id=a680ad74-d0b5-404d-9505-4b7cb994baf3] Created FlowFile[1753,99014740904214.mockFlowFile,23B] from FlowFile[1752,99014740904214.mockFlowFile,23B]; routing to relationship simple
[pool-3198-thread-1] INFO org.apache.nifi.processors.standard.RouteText - RouteText[id=a680ad74-d0b5-404d-9505-4b7cb994baf3] Routing FlowFile[1752,99014740904214.mockFlowFile,23B] to original
[main] DEBUG org.apache.nifi.processors.standard.RouteText - RouteText[id=a680ad74-d0b5-404d-9505-4b7cb994baf3] Adding new dynamic property: PropertyDescriptor[simple]
[pool-3199-thread-1] INFO org.apache.nifi.processors.standard.RouteText - RouteText[id=a680ad74-d0b5-404d-9505-4b7cb994baf3] Created FlowFile[1755,99014741329557.mockFlowFile,23B] from FlowFile[1754,99014741329557.mockFlowFile,23B]; routing to relationship simple
[pool-3199-thread-1] INFO org.apache.nifi.processors.standard.RouteText - RouteText[id=a680ad74-d0b5-404d-9505-4b7cb994baf3] Routing FlowFile[1754,99014741329557.mockFlowFile,23B] to original
[main] DEBUG org.apache.nifi.processors.standard.RouteText - RouteText[id=a680ad74-d0b5-404d-9505-4b7cb994baf3] Adding new dynamic property: PropertyDescriptor[simple]
[pool-3200-thread-1] INFO org.apache.nifi.processors.standard.RouteText - RouteText[id=a680ad74-d0b5-404d-9505-4b7cb994baf3] Created FlowFile[1757,99014741748867.mockFlowFile,23B] from FlowFile[1756,99014741748867.mockFlowFile,23B]; routing to relationship simple
[pool-3200-thread-1] INFO org.apache.nifi.processors.standard.RouteText - RouteText[id=a680ad74-d0b5-404d-9505-4b7cb994baf3] Routing FlowFile[1756,99014741748867.mockFlowFile,23B] to original
[main] DEBUG org.apache.nifi.processors.standard.RouteText - RouteText[id=a680ad74-d0b5-404d-9505-4b7cb994baf3] Adding new dynamic property: PropertyDescriptor[simple]
[pool-3201-thread-1] INFO org.apache.nifi.processors.standard.RouteText - RouteText[id=a680ad74-d0b5-404d-9505-4b7cb994baf3] Created FlowFile[1759,99014742152480.mockFlowFile,23B] from FlowFile[1758,99014742152480.mockFlowFile,23B]; routing to relationship simple
[pool-3201-thread-1] INFO org.apache.nifi.processors.standard.RouteText - RouteText[id=a680ad74-d0b5-404d-9505-4b7cb994baf3] Routing FlowFile[1758,99014742152480.mockFlowFile,23B] to original
[main] DEBUG org.apache.nifi.processors.standard.RouteText - RouteText[id=a680ad74-d0b5-404d-9505-4b7cb994baf3] Adding new dynamic property: PropertyDescriptor[simple]
[pool-3202-thread-1] INFO org.apache.nifi.processors.standard.RouteText - RouteText[id=a680ad74-d0b5-404d-9505-4b7cb994baf3] Created FlowFile[1761,99014742564974.mockFlowFile,23B] from FlowFile[1760,99014742564974.mockFlowFile,23B]; routing to relationship simple
[pool-3202-thread-1] INFO org.apache.nifi.processors.standard.RouteText - RouteText[id=a680ad74-d0b5-404d-9505-4b7cb994baf3] Routing FlowFile[1760,99014742564974.mockFlowFile,23B] to original
[main] DEBUG org.apache.nifi.processors.standard.RouteText - RouteText[id=a680ad74-d0b5-404d-9505-4b7cb994baf3] Adding new dynamic property: PropertyDescriptor[simple]
[pool-3203-thread-1] INFO org.apache.nifi.processors.standard.RouteText - RouteText[id=a680ad74-d0b5-404d-9505-4b7cb994baf3] Created FlowFile[1763,99014742987826.mockFlowFile,23B] from FlowFile[1762,99014742987826.mockFlowFile,23B]; routing to relationship simple
[pool-3203-thread-1] INFO org.apache.nifi.processors.standard.RouteText - RouteText[id=a680ad74-d0b5-404d-9505-4b7cb994baf3] Routing FlowFile[1762,99014742987826.mockFlowFile,23B] to original
[main] DEBUG org.apache.nifi.processors.standard.RouteText - RouteText[id=a680ad74-d0b5-404d-9505-4b7cb994baf3] Adding new dynamic property: PropertyDescriptor[simple]
[pool-3204-thread-1] INFO org.apache.nifi.processors.standard.RouteText - RouteText[id=a680ad74-d0b5-404d-9505-4b7cb994baf3] Created FlowFile[1765,99014743393688.mockFlowFile,23B] from FlowFile[1764,99014743393688.mockFlowFile,23B]; routing to relationship simple
[pool-3204-thread-1] INFO org.apache.nifi.processors.standard.RouteText - RouteText[id=a680ad74-d0b5-404d-9505-4b7cb994baf3] Routing FlowFile[1764,99014743393688.mockFlowFile,23B] to original
[main] DEBUG org.apache.nifi.processors.standard.RouteText - RouteText[id=a680ad74-d0b5-404d-9505-4b7cb994baf3] Adding new dynamic property: PropertyDescriptor[simple]
[pool-3205-thread-1] INFO org.apache.nifi.processors.standard.RouteText - RouteText[id=a680ad74-d0b5-404d-9505-4b7cb994baf3] Created FlowFile[1767,99014743827216.mockFlowFile,23B] from FlowFile[1766,99014743827216.mockFlowFile,23B]; routing to relationship simple
[pool-3205-thread-1] INFO org.apache.nifi.processors.standard.RouteText - RouteText[id=a680ad74-d0b5-404d-9505-4b7cb994baf3] Routing FlowFile[1766,99014743827216.mockFlowFile,23B] to original
[main] DEBUG org.apache.nifi.processors.standard.RouteText - RouteText[id=a680ad74-d0b5-404d-9505-4b7cb994baf3] Adding new dynamic property: PropertyDescriptor[simple]
[pool-3206-thread-1] INFO org.apache.nifi.processors.standard.RouteText - RouteText[id=a680ad74-d0b5-404d-9505-4b7cb994baf3] Created FlowFile[1769,99014744330248.mockFlowFile,23B] from FlowFile[1768,99014744330248.mockFlowFile,23B]; routing to relationship simple
[pool-3206-thread-1] INFO org.apache.nifi.processors.standard.RouteText - RouteText[id=a680ad74-d0b5-404d-9505-4b7cb994baf3] Routing FlowFile[1768,99014744330248.mockFlowFile,23B] to original
[main] DEBUG org.apache.nifi.processors.standard.RouteText - RouteText[id=a680ad74-d0b5-404d-9505-4b7cb994baf3] Adding new dynamic property: PropertyDescriptor[simple]
[pool-3207-thread-1] INFO org.apache.nifi.processors.standard.RouteText - RouteText[id=a680ad74-d0b5-404d-9505-4b7cb994baf3] Created FlowFile[1771,99014744763322.mockFlowFile,23B] from FlowFile[1770,99014744763322.mockFlowFile,23B]; routing to relationship simple
[pool-3207-thread-1] INFO org.apache.nifi.processors.standard.RouteText - RouteText[id=a680ad74-d0b5-404d-9505-4b7cb994baf3] Routing FlowFile[1770,99014744763322.mockFlowFile,23B] to original
[main] DEBUG org.apache.nifi.processors.standard.RouteText - RouteText[id=a680ad74-d0b5-404d-9505-4b7cb994baf3] Adding new dynamic property: PropertyDescriptor[simple]
[pool-3208-thread-1] INFO org.apache.nifi.processors.standard.RouteText - RouteText[id=a680ad74-d0b5-404d-9505-4b7cb994baf3] Created FlowFile[1773,99014745196949.mockFlowFile,23B] from FlowFile[1772,99014745196949.mockFlowFile,23B]; routing to relationship simple
[pool-3208-thread-1] INFO org.apache.nifi.processors.standard.RouteText - RouteText[id=a680ad74-d0b5-404d-9505-4b7cb994baf3] Routing FlowFile[1772,99014745196949.mockFlowFile,23B] to original
[main] DEBUG org.apache.nifi.processors.standard.RouteText - RouteText[id=a680ad74-d0b5-404d-9505-4b7cb994baf3] Adding new dynamic property: PropertyDescriptor[simple]
[pool-3209-thread-1] INFO org.apache.nifi.processors.standard.RouteText - RouteText[id=a680ad74-d0b5-404d-9505-4b7cb994baf3] Created FlowFile[1775,99014745661089.mockFlowFile,23B] from FlowFile[1774,99014745661089.mockFlowFile,23B]; routing to relationship simple
[pool-3209-thread-1] INFO org.apache.nifi.processors.standard.RouteText - RouteText[id=a680ad74-d0b5-404d-9505-4b7cb994baf3] Routing FlowFile[1774,99014745661089.mockFlowFile,23B] to original
[main] DEBUG org.apache.nifi.processors.standard.RouteText - RouteText[id=a680ad74-d0b5-404d-9505-4b7cb994baf3] Adding new dynamic property: PropertyDescriptor[simple]
[pool-3210-thread-1] INFO org.apache.nifi.processors.standard.RouteText - RouteText[id=a680ad74-d0b5-404d-9505-4b7cb994baf3] Created FlowFile[1777,99014746111109.mockFlowFile,23B] from FlowFile[1776,99014746111109.mockFlowFile,23B]; routing to relationship simple
[pool-3210-thread-1] INFO org.apache.nifi.processors.standard.RouteText - RouteText[id=a680ad74-d0b5-404d-9505-4b7cb994baf3] Routing FlowFile[1776,99014746111109.mockFlowFile,23B] to original
[main] DEBUG org.apache.nifi.processors.standard.RouteText - RouteText[id=a680ad74-d0b5-404d-9505-4b7cb994baf3] Adding new dynamic property: PropertyDescriptor[simple]
[pool-3211-thread-1] INFO org.apache.nifi.processors.standard.RouteText - RouteText[id=a680ad74-d0b5-404d-9505-4b7cb994baf3] Created FlowFile[1779,99014746548027.mockFlowFile,23B] from FlowFile[1778,99014746548027.mockFlowFile,23B]; routing to relationship simple
[pool-3211-thread-1] INFO org.apache.nifi.processors.standard.RouteText - RouteText[id=a680ad74-d0b5-404d-9505-4b7cb994baf3] Routing FlowFile[1778,99014746548027.mockFlowFile,23B] to original
[main] DEBUG org.apache.nifi.processors.standard.RouteText - RouteText[id=a680ad74-d0b5-404d-9505-4b7cb994baf3] Adding new dynamic property: PropertyDescriptor[simple]
[pool-3212-thread-1] INFO org.apache.nifi.processors.standard.RouteText - RouteText[id=a680ad74-d0b5-404d-9505-4b7cb994baf3] Created FlowFile[1781,99014746979917.mockFlowFile,23B] from FlowFile[1780,99014746979917.mockFlowFile,23B]; routing to relationship simple
[pool-3212-thread-1] INFO org.apache.nifi.processors.standard.RouteText - RouteText[id=a680ad74-d0b5-404d-9505-4b7cb994baf3] Routing FlowFile[1780,99014746979917.mockFlowFile,23B] to original
[main] DEBUG org.apache.nifi.processors.standard.RouteText - RouteText[id=a680ad74-d0b5-404d-9505-4b7cb994baf3] Adding new dynamic property: PropertyDescriptor[simple]
[pool-3213-thread-1] INFO org.apache.nifi.processors.standard.RouteText - RouteText[id=a680ad74-d0b5-404d-9505-4b7cb994baf3] Created FlowFile[1783,99014747425225.mockFlowFile,23B] from FlowFile[1782,99014747425225.mockFlowFile,23B]; routing to relationship simple
[pool-3213-thread-1] INFO org.apache.nifi.processors.standard.RouteText - RouteText[id=a680ad74-d0b5-404d-9505-4b7cb994baf3] Routing FlowFile[1782,99014747425225.mockFlowFile,23B] to original
[main] DEBUG org.apache.nifi.processors.standard.RouteText - RouteText[id=a680ad74-d0b5-404d-9505-4b7cb994baf3] Adding new dynamic property: PropertyDescriptor[simple]
[pool-3214-thread-1] INFO org.apache.nifi.processors.standard.RouteText - RouteText[id=a680ad74-d0b5-404d-9505-4b7cb994baf3] Created FlowFile[1785,99014747843718.mockFlowFile,23B] from FlowFile[1784,99014747843718.mockFlowFile,23B]; routing to relationship simple
[pool-3214-thread-1] INFO org.apache.nifi.processors.standard.RouteText - RouteText[id=a680ad74-d0b5-404d-9505-4b7cb994baf3] Routing FlowFile[1784,99014747843718.mockFlowFile,23B] to original
[main] DEBUG org.apache.nifi.processors.standard.RouteText - RouteText[id=a680ad74-d0b5-404d-9505-4b7cb994baf3] Adding new dynamic property: PropertyDescriptor[simple]
[pool-3215-thread-1] INFO org.apache.nifi.processors.standard.RouteText - RouteText[id=a680ad74-d0b5-404d-9505-4b7cb994baf3] Created FlowFile[1787,99014748300865.mockFlowFile,23B] from FlowFile[1786,99014748300865.mockFlowFile,23B]; routing to relationship simple
[pool-3215-thread-1] INFO org.apache.nifi.processors.standard.RouteText - RouteText[id=a680ad74-d0b5-404d-9505-4b7cb994baf3] Routing FlowFile[1786,99014748300865.mockFlowFile,23B] to original
[main] DEBUG org.apache.nifi.processors.standard.RouteText - RouteText[id=a680ad74-d0b5-404d-9505-4b7cb994baf3] Adding new dynamic property: PropertyDescriptor[simple]
[pool-3216-thread-1] INFO org.apache.nifi.processors.standard.RouteText - RouteText[id=a680ad74-d0b5-404d-9505-4b7cb994baf3] Created FlowFile[1789,99014748680029.mockFlowFile,23B] from FlowFile[1788,99014748680029.mockFlowFile,23B]; routing to relationship simple
[pool-3216-thread-1] INFO org.apache.nifi.processors.standard.RouteText - RouteText[id=a680ad74-d0b5-404d-9505-4b7cb994baf3] Routing FlowFile[1788,99014748680029.mockFlowFile,23B] to original
[main] DEBUG org.apache.nifi.processors.standard.RouteText - RouteText[id=a680ad74-d0b5-404d-9505-4b7cb994baf3] Adding new dynamic property: PropertyDescriptor[simple]
[pool-3217-thread-1] INFO org.apache.nifi.processors.standard.RouteText - RouteText[id=a680ad74-d0b5-404d-9505-4b7cb994baf3] Created FlowFile[1791,99014749238289.mockFlowFile,23B] from FlowFile[1790,99014749238289.mockFlowFile,23B]; routing to relationship simple
[pool-3217-thread-1] INFO org.apache.nifi.processors.standard.RouteText - RouteText[id=a680ad74-d0b5-404d-9505-4b7cb994baf3] Routing FlowFile[1790,99014749238289.mockFlowFile,23B] to original
[main] DEBUG org.apache.nifi.processors.standard.RouteText - RouteText[id=a680ad74-d0b5-404d-9505-4b7cb994baf3] Adding new dynamic property: PropertyDescriptor[simple]
[pool-3218-thread-1] INFO org.apache.nifi.processors.standard.RouteText - RouteText[id=a680ad74-d0b5-404d-9505-4b7cb994baf3] Created FlowFile[1793,99014749985219.mockFlowFile,23B] from FlowFile[1792,99014749985219.mockFlowFile,23B]; routing to relationship simple
[pool-3218-thread-1] INFO org.apache.nifi.processors.standard.RouteText - RouteText[id=a680ad74-d0b5-404d-9505-4b7cb994baf3] Routing FlowFile[1792,99014749985219.mockFlowFile,23B] to original
[main] DEBUG org.apache.nifi.processors.standard.RouteText - RouteText[id=a680ad74-d0b5-404d-9505-4b7cb994baf3] Adding new dynamic property: PropertyDescriptor[simple]
[pool-3219-thread-1] INFO org.apache.nifi.processors.standard.RouteText - RouteText[id=a680ad74-d0b5-404d-9505-4b7cb994baf3] Created FlowFile[1795,99014750518321.mockFlowFile,23B] from FlowFile[1794,99014750518321.mockFlowFile,23B]; routing to relationship simple
[pool-3219-thread-1] INFO org.apache.nifi.processors.standard.RouteText - RouteText[id=a680ad74-d0b5-404d-9505-4b7cb994baf3] Routing FlowFile[1794,99014750518321.mockFlowFile,23B] to original
[main] DEBUG org.apache.nifi.processors.standard.RouteText - RouteText[id=a680ad74-d0b5-404d-9505-4b7cb994baf3] Adding new dynamic property: PropertyDescriptor[simple]
[pool-3220-thread-1] INFO org.apache.nifi.processors.standard.RouteText - RouteText[id=a680ad74-d0b5-404d-9505-4b7cb994baf3] Created FlowFile[1797,99014751020500.mockFlowFile,23B] from FlowFile[1796,99014751020500.mockFlowFile,23B]; routing to relationship simple
[pool-3220-thread-1] INFO org.apache.nifi.processors.standard.RouteText - RouteText[id=a680ad74-d0b5-404d-9505-4b7cb994baf3] Routing FlowFile[1796,99014751020500.mockFlowFile,23B] to original
[main] DEBUG org.apache.nifi.processors.standard.RouteText - RouteText[id=a680ad74-d0b5-404d-9505-4b7cb994baf3] Adding new dynamic property: PropertyDescriptor[simple]
[pool-3221-thread-1] INFO org.apache.nifi.processors.standard.RouteText - RouteText[id=a680ad74-d0b5-404d-9505-4b7cb994baf3] Created FlowFile[1799,99014751469994.mockFlowFile,23B] from FlowFile[1798,99014751469994.mockFlowFile,23B]; routing to relationship simple
[pool-3221-thread-1] INFO org.apache.nifi.processors.standard.RouteText - RouteText[id=a680ad74-d0b5-404d-9505-4b7cb994baf3] Routing FlowFile[1798,99014751469994.mockFlowFile,23B] to original
[main] DEBUG org.apache.nifi.processors.standard.RouteText - RouteText[id=a680ad74-d0b5-404d-9505-4b7cb994baf3] Adding new dynamic property: PropertyDescriptor[simple]
[pool-3222-thread-1] INFO org.apache.nifi.processors.standard.RouteText - RouteText[id=a680ad74-d0b5-404d-9505-4b7cb994baf3] Created FlowFile[1801,99014751854865.mockFlowFile,23B] from FlowFile[1800,99014751854865.mockFlowFile,23B]; routing to relationship simple
[pool-3222-thread-1] INFO org.apache.nifi.processors.standard.RouteText - RouteText[id=a680ad74-d0b5-404d-9505-4b7cb994baf3] Routing FlowFile[1800,99014751854865.mockFlowFile,23B] to original
[main] DEBUG org.apache.nifi.processors.standard.RouteText - RouteText[id=a680ad74-d0b5-404d-9505-4b7cb994baf3] Adding new dynamic property: PropertyDescriptor[simple]
[pool-3223-thread-1] INFO org.apache.nifi.processors.standard.RouteText - RouteText[id=a680ad74-d0b5-404d-9505-4b7cb994baf3] Created FlowFile[1803,99014752296845.mockFlowFile,23B] from FlowFile[1802,99014752296845.mockFlowFile,23B]; routing to relationship simple
[pool-3223-thread-1] INFO org.apache.nifi.processors.standard.RouteText - RouteText[id=a680ad74-d0b5-404d-9505-4b7cb994baf3] Routing FlowFile[1802,99014752296845.mockFlowFile,23B] to original
[main] DEBUG org.apache.nifi.processors.standard.RouteText - RouteText[id=a680ad74-d0b5-404d-9505-4b7cb994baf3] Adding new dynamic property: PropertyDescriptor[simple]
[pool-3224-thread-1] INFO org.apache.nifi.processors.standard.RouteText - RouteText[id=a680ad74-d0b5-404d-9505-4b7cb994baf3] Created FlowFile[1805,99014752678173.mockFlowFile,23B] from FlowFile[1804,99014752678173.mockFlowFile,23B]; routing to relationship simple
[pool-3224-thread-1] INFO org.apache.nifi.processors.standard.RouteText - RouteText[id=a680ad74-d0b5-404d-9505-4b7cb994baf3] Routing FlowFile[1804,99014752678173.mockFlowFile,23B] to original
[main] DEBUG org.apache.nifi.processors.standard.RouteText - RouteText[id=a680ad74-d0b5-404d-9505-4b7cb994baf3] Adding new dynamic property: PropertyDescriptor[simple]
[pool-3225-thread-1] INFO org.apache.nifi.processors.standard.RouteText - RouteText[id=a680ad74-d0b5-404d-9505-4b7cb994baf3] Created FlowFile[1807,99014753031465.mockFlowFile,23B] from FlowFile[1806,99014753031465.mockFlowFile,23B]; routing to relationship simple
[pool-3225-thread-1] INFO org.apache.nifi.processors.standard.RouteText - RouteText[id=a680ad74-d0b5-404d-9505-4b7cb994baf3] Routing FlowFile[1806,99014753031465.mockFlowFile,23B] to original
[main] DEBUG org.apache.nifi.processors.standard.RouteText - RouteText[id=a680ad74-d0b5-404d-9505-4b7cb994baf3] Adding new dynamic property: PropertyDescriptor[simple]
[pool-3226-thread-1] INFO org.apache.nifi.processors.standard.RouteText - RouteText[id=a680ad74-d0b5-404d-9505-4b7cb994baf3] Created FlowFile[1809,99014753378071.mockFlowFile,23B] from FlowFile[1808,99014753378071.mockFlowFile,23B]; routing to relationship simple
[pool-3226-thread-1] INFO org.apache.nifi.processors.standard.RouteText - RouteText[id=a680ad74-d0b5-404d-9505-4b7cb994baf3] Routing FlowFile[1808,99014753378071.mockFlowFile,23B] to original
[main] DEBUG org.apache.nifi.processors.standard.RouteText - RouteText[id=a680ad74-d0b5-404d-9505-4b7cb994baf3] Adding new dynamic property: PropertyDescriptor[simple]
[pool-3227-thread-1] INFO org.apache.nifi.processors.standard.RouteText - RouteText[id=a680ad74-d0b5-404d-9505-4b7cb994baf3] Created FlowFile[1811,99014753709582.mockFlowFile,23B] from FlowFile[1810,99014753709582.mockFlowFile,23B]; routing to relationship simple
[pool-3227-thread-1] INFO org.apache.nifi.processors.standard.RouteText - RouteText[id=a680ad74-d0b5-404d-9505-4b7cb994baf3] Routing FlowFile[1810,99014753709582.mockFlowFile,23B] to original
[main] DEBUG org.apache.nifi.processors.standard.RouteText - RouteText[id=a680ad74-d0b5-404d-9505-4b7cb994baf3] Adding new dynamic property: PropertyDescriptor[simple]
[pool-3228-thread-1] INFO org.apache.nifi.processors.standard.RouteText - RouteText[id=a680ad74-d0b5-404d-9505-4b7cb994baf3] Created FlowFile[1813,99014754047146.mockFlowFile,23B] from FlowFile[1812,99014754047146.mockFlowFile,23B]; routing to relationship simple
[pool-3228-thread-1] INFO org.apache.nifi.processors.standard.RouteText - RouteText[id=a680ad74-d0b5-404d-9505-4b7cb994baf3] Routing FlowFile[1812,99014754047146.mockFlowFile,23B] to original
[main] DEBUG org.apache.nifi.processors.standard.RouteText - RouteText[id=a680ad74-d0b5-404d-9505-4b7cb994baf3] Adding new dynamic property: PropertyDescriptor[simple]
[pool-3229-thread-1] INFO org.apache.nifi.processors.standard.RouteText - RouteText[id=a680ad74-d0b5-404d-9505-4b7cb994baf3] Created FlowFile[1815,99014754387712.mockFlowFile,23B] from FlowFile[1814,99014754387712.mockFlowFile,23B]; routing to relationship simple
[pool-3229-thread-1] INFO org.apache.nifi.processors.standard.RouteText - RouteText[id=a680ad74-d0b5-404d-9505-4b7cb994baf3] Routing FlowFile[1814,99014754387712.mockFlowFile,23B] to original
[main] DEBUG org.apache.nifi.processors.standard.RouteText - RouteText[id=a680ad74-d0b5-404d-9505-4b7cb994baf3] Adding new dynamic property: PropertyDescriptor[simple]
[pool-3230-thread-1] INFO org.apache.nifi.processors.standard.RouteText - RouteText[id=a680ad74-d0b5-404d-9505-4b7cb994baf3] Created FlowFile[1817,99014754713805.mockFlowFile,23B] from FlowFile[1816,99014754713805.mockFlowFile,23B]; routing to relationship simple
[pool-3230-thread-1] INFO org.apache.nifi.processors.standard.RouteText - RouteText[id=a680ad74-d0b5-404d-9505-4b7cb994baf3] Routing FlowFile[1816,99014754713805.mockFlowFile,23B] to original
[main] DEBUG org.apache.nifi.processors.standard.RouteText - RouteText[id=a680ad74-d0b5-404d-9505-4b7cb994baf3] Adding new dynamic property: PropertyDescriptor[simple]
[pool-3231-thread-1] INFO org.apache.nifi.processors.standard.RouteText - RouteText[id=a680ad74-d0b5-404d-9505-4b7cb994baf3] Created FlowFile[1819,99014755030480.mockFlowFile,23B] from FlowFile[1818,99014755030480.mockFlowFile,23B]; routing to relationship simple
[pool-3231-thread-1] INFO org.apache.nifi.processors.standard.RouteText - RouteText[id=a680ad74-d0b5-404d-9505-4b7cb994baf3] Routing FlowFile[1818,99014755030480.mockFlowFile,23B] to original
[main] DEBUG org.apache.nifi.processors.standard.RouteText - RouteText[id=a680ad74-d0b5-404d-9505-4b7cb994baf3] Adding new dynamic property: PropertyDescriptor[simple]
[pool-3232-thread-1] INFO org.apache.nifi.processors.standard.RouteText - RouteText[id=a680ad74-d0b5-404d-9505-4b7cb994baf3] Created FlowFile[1821,99014755476637.mockFlowFile,23B] from FlowFile[1820,99014755476637.mockFlowFile,23B]; routing to relationship simple
[pool-3232-thread-1] INFO org.apache.nifi.processors.standard.RouteText - RouteText[id=a680ad74-d0b5-404d-9505-4b7cb994baf3] Routing FlowFile[1820,99014755476637.mockFlowFile,23B] to original
[main] DEBUG org.apache.nifi.processors.standard.RouteText - RouteText[id=a680ad74-d0b5-404d-9505-4b7cb994baf3] Adding new dynamic property: PropertyDescriptor[simple]
[pool-3233-thread-1] INFO org.apache.nifi.processors.standard.RouteText - RouteText[id=a680ad74-d0b5-404d-9505-4b7cb994baf3] Created FlowFile[1823,99014755813571.mockFlowFile,23B] from FlowFile[1822,99014755813571.mockFlowFile,23B]; routing to relationship simple
[pool-3233-thread-1] INFO org.apache.nifi.processors.standard.RouteText - RouteText[id=a680ad74-d0b5-404d-9505-4b7cb994baf3] Routing FlowFile[1822,99014755813571.mockFlowFile,23B] to original
[main] DEBUG org.apache.nifi.processors.standard.RouteText - RouteText[id=a680ad74-d0b5-404d-9505-4b7cb994baf3] Adding new dynamic property: PropertyDescriptor[simple]
[pool-3234-thread-1] INFO org.apache.nifi.processors.standard.RouteText - RouteText[id=a680ad74-d0b5-404d-9505-4b7cb994baf3] Created FlowFile[1825,99014756194518.mockFlowFile,23B] from FlowFile[1824,99014756194518.mockFlowFile,23B]; routing to relationship simple
[pool-3234-thread-1] INFO org.apache.nifi.processors.standard.RouteText - RouteText[id=a680ad74-d0b5-404d-9505-4b7cb994baf3] Routing FlowFile[1824,99014756194518.mockFlowFile,23B] to original
[main] DEBUG org.apache.nifi.processors.standard.RouteText - RouteText[id=a680ad74-d0b5-404d-9505-4b7cb994baf3] Adding new dynamic property: PropertyDescriptor[simple]
[pool-3235-thread-1] INFO org.apache.nifi.processors.standard.RouteText - RouteText[id=a680ad74-d0b5-404d-9505-4b7cb994baf3] Created FlowFile[1827,99014756611595.mockFlowFile,23B] from FlowFile[1826,99014756611595.mockFlowFile,23B]; routing to relationship simple
[pool-3235-thread-1] INFO org.apache.nifi.processors.standard.RouteText - RouteText[id=a680ad74-d0b5-404d-9505-4b7cb994baf3] Routing FlowFile[1826,99014756611595.mockFlowFile,23B] to original
[main] DEBUG org.apache.nifi.processors.standard.RouteText - RouteText[id=a680ad74-d0b5-404d-9505-4b7cb994baf3] Adding new dynamic property: PropertyDescriptor[simple]
[pool-3236-thread-1] INFO org.apache.nifi.processors.standard.RouteText - RouteText[id=a680ad74-d0b5-404d-9505-4b7cb994baf3] Created FlowFile[1829,99014757012273.mockFlowFile,23B] from FlowFile[1828,99014757012273.mockFlowFile,23B]; routing to relationship simple
[pool-3236-thread-1] INFO org.apache.nifi.processors.standard.RouteText - RouteText[id=a680ad74-d0b5-404d-9505-4b7cb994baf3] Routing FlowFile[1828,99014757012273.mockFlowFile,23B] to original
[main] DEBUG org.apache.nifi.processors.standard.RouteText - RouteText[id=a680ad74-d0b5-404d-9505-4b7cb994baf3] Adding new dynamic property: PropertyDescriptor[simple]
[pool-3237-thread-1] INFO org.apache.nifi.processors.standard.RouteText - RouteText[id=a680ad74-d0b5-404d-9505-4b7cb994baf3] Created FlowFile[1831,99014757408909.mockFlowFile,23B] from FlowFile[1830,99014757408909.mockFlowFile,23B]; routing to relationship simple
[pool-3237-thread-1] INFO org.apache.nifi.processors.standard.RouteText - RouteText[id=a680ad74-d0b5-404d-9505-4b7cb994baf3] Routing FlowFile[1830,99014757408909.mockFlowFile,23B] to original
[main] DEBUG org.apache.nifi.processors.standard.RouteText - RouteText[id=a680ad74-d0b5-404d-9505-4b7cb994baf3] Adding new dynamic property: PropertyDescriptor[simple]
[pool-3238-thread-1] INFO org.apache.nifi.processors.standard.RouteText - RouteText[id=a680ad74-d0b5-404d-9505-4b7cb994baf3] Created FlowFile[1833,99014757835041.mockFlowFile,23B] from FlowFile[1832,99014757835041.mockFlowFile,23B]; routing to relationship simple
[pool-3238-thread-1] INFO org.apache.nifi.processors.standard.RouteText - RouteText[id=a680ad74-d0b5-404d-9505-4b7cb994baf3] Routing FlowFile[1832,99014757835041.mockFlowFile,23B] to original
[main] DEBUG org.apache.nifi.processors.standard.RouteText - RouteText[id=a680ad74-d0b5-404d-9505-4b7cb994baf3] Adding new dynamic property: PropertyDescriptor[simple]
[pool-3239-thread-1] INFO org.apache.nifi.processors.standard.RouteText - RouteText[id=a680ad74-d0b5-404d-9505-4b7cb994baf3] Created FlowFile[1835,99014758239761.mockFlowFile,23B] from FlowFile[1834,99014758239761.mockFlowFile,23B]; routing to relationship simple
[pool-3239-thread-1] INFO org.apache.nifi.processors.standard.RouteText - RouteText[id=a680ad74-d0b5-404d-9505-4b7cb994baf3] Routing FlowFile[1834,99014758239761.mockFlowFile,23B] to original
[main] DEBUG org.apache.nifi.processors.standard.RouteText - RouteText[id=a680ad74-d0b5-404d-9505-4b7cb994baf3] Adding new dynamic property: PropertyDescriptor[simple]
[pool-3240-thread-1] INFO org.apache.nifi.processors.standard.RouteText - RouteText[id=a680ad74-d0b5-404d-9505-4b7cb994baf3] Created FlowFile[1837,99014758656810.mockFlowFile,23B] from FlowFile[1836,99014758656810.mockFlowFile,23B]; routing to relationship simple
[pool-3240-thread-1] INFO org.apache.nifi.processors.standard.RouteText - RouteText[id=a680ad74-d0b5-404d-9505-4b7cb994baf3] Routing FlowFile[1836,99014758656810.mockFlowFile,23B] to original
[main] DEBUG org.apache.nifi.processors.standard.RouteText - RouteText[id=a680ad74-d0b5-404d-9505-4b7cb994baf3] Adding new dynamic property: PropertyDescriptor[simple]
[pool-3241-thread-1] INFO org.apache.nifi.processors.standard.RouteText - RouteText[id=a680ad74-d0b5-404d-9505-4b7cb994baf3] Created FlowFile[1839,99014759062521.mockFlowFile,23B] from FlowFile[1838,99014759062521.mockFlowFile,23B]; routing to relationship simple
[pool-3241-thread-1] INFO org.apache.nifi.processors.standard.RouteText - RouteText[id=a680ad74-d0b5-404d-9505-4b7cb994baf3] Routing FlowFile[1838,99014759062521.mockFlowFile,23B] to original
[main] DEBUG org.apache.nifi.processors.standard.RouteText - RouteText[id=a680ad74-d0b5-404d-9505-4b7cb994baf3] Adding new dynamic property: PropertyDescriptor[simple]
[pool-3242-thread-1] INFO org.apache.nifi.processors.standard.RouteText - RouteText[id=a680ad74-d0b5-404d-9505-4b7cb994baf3] Created FlowFile[1841,99014759439219.mockFlowFile,23B] from FlowFile[1840,99014759439219.mockFlowFile,23B]; routing to relationship simple
[pool-3242-thread-1] INFO org.apache.nifi.processors.standard.RouteText - RouteText[id=a680ad74-d0b5-404d-9505-4b7cb994baf3] Routing FlowFile[1840,99014759439219.mockFlowFile,23B] to original
[main] DEBUG org.apache.nifi.processors.standard.RouteText - RouteText[id=a680ad74-d0b5-404d-9505-4b7cb994baf3] Adding new dynamic property: PropertyDescriptor[simple]
[pool-3243-thread-1] INFO org.apache.nifi.processors.standard.RouteText - RouteText[id=a680ad74-d0b5-404d-9505-4b7cb994baf3] Created FlowFile[1843,99014759834498.mockFlowFile,23B] from FlowFile[1842,99014759834498.mockFlowFile,23B]; routing to relationship simple
[pool-3243-thread-1] INFO org.apache.nifi.processors.standard.RouteText - RouteText[id=a680ad74-d0b5-404d-9505-4b7cb994baf3] Routing FlowFile[1842,99014759834498.mockFlowFile,23B] to original
[main] DEBUG org.apache.nifi.processors.standard.RouteText - RouteText[id=a680ad74-d0b5-404d-9505-4b7cb994baf3] Adding new dynamic property: PropertyDescriptor[simple]
[pool-3244-thread-1] INFO org.apache.nifi.processors.standard.RouteText - RouteText[id=a680ad74-d0b5-404d-9505-4b7cb994baf3] Created FlowFile[1845,99014760217676.mockFlowFile,23B] from FlowFile[1844,99014760217676.mockFlowFile,23B]; routing to relationship simple
[pool-3244-thread-1] INFO org.apache.nifi.processors.standard.RouteText - RouteText[id=a680ad74-d0b5-404d-9505-4b7cb994baf3] Routing FlowFile[1844,99014760217676.mockFlowFile,23B] to original
[main] DEBUG org.apache.nifi.processors.standard.RouteText - RouteText[id=a680ad74-d0b5-404d-9505-4b7cb994baf3] Adding new dynamic property: PropertyDescriptor[simple]
[pool-3245-thread-1] INFO org.apache.nifi.processors.standard.RouteText - RouteText[id=a680ad74-d0b5-404d-9505-4b7cb994baf3] Created FlowFile[1847,99014760594257.mockFlowFile,23B] from FlowFile[1846,99014760594257.mockFlowFile,23B]; routing to relationship simple
[pool-3245-thread-1] INFO org.apache.nifi.processors.standard.RouteText - RouteText[id=a680ad74-d0b5-404d-9505-4b7cb994baf3] Routing FlowFile[1846,99014760594257.mockFlowFile,23B] to original
[main] DEBUG org.apache.nifi.processors.standard.RouteText - RouteText[id=a680ad74-d0b5-404d-9505-4b7cb994baf3] Adding new dynamic property: PropertyDescriptor[simple]
[pool-3246-thread-1] INFO org.apache.nifi.processors.standard.RouteText - RouteText[id=a680ad74-d0b5-404d-9505-4b7cb994baf3] Created FlowFile[1849,99014760983510.mockFlowFile,23B] from FlowFile[1848,99014760983510.mockFlowFile,23B]; routing to relationship simple
[pool-3246-thread-1] INFO org.apache.nifi.processors.standard.RouteText - RouteText[id=a680ad74-d0b5-404d-9505-4b7cb994baf3] Routing FlowFile[1848,99014760983510.mockFlowFile,23B] to original
[main] DEBUG org.apache.nifi.processors.standard.RouteText - RouteText[id=a680ad74-d0b5-404d-9505-4b7cb994baf3] Adding new dynamic property: PropertyDescriptor[simple]
[pool-3247-thread-1] INFO org.apache.nifi.processors.standard.RouteText - RouteText[id=a680ad74-d0b5-404d-9505-4b7cb994baf3] Created FlowFile[1851,99014761370604.mockFlowFile,23B] from FlowFile[1850,99014761370604.mockFlowFile,23B]; routing to relationship simple
[pool-3247-thread-1] INFO org.apache.nifi.processors.standard.RouteText - RouteText[id=a680ad74-d0b5-404d-9505-4b7cb994baf3] Routing FlowFile[1850,99014761370604.mockFlowFile,23B] to original
[main] DEBUG org.apache.nifi.processors.standard.RouteText - RouteText[id=a680ad74-d0b5-404d-9505-4b7cb994baf3] Adding new dynamic property: PropertyDescriptor[simple]
[pool-3248-thread-1] INFO org.apache.nifi.processors.standard.RouteText - RouteText[id=a680ad74-d0b5-404d-9505-4b7cb994baf3] Created FlowFile[1853,99014761752422.mockFlowFile,23B] from FlowFile[1852,99014761752422.mockFlowFile,23B]; routing to relationship simple
[pool-3248-thread-1] INFO org.apache.nifi.processors.standard.RouteText - RouteText[id=a680ad74-d0b5-404d-9505-4b7cb994baf3] Routing FlowFile[1852,99014761752422.mockFlowFile,23B] to original
[main] DEBUG org.apache.nifi.processors.standard.RouteText - RouteText[id=a680ad74-d0b5-404d-9505-4b7cb994baf3] Adding new dynamic property: PropertyDescriptor[simple]
[pool-3249-thread-1] INFO org.apache.nifi.processors.standard.RouteText - RouteText[id=a680ad74-d0b5-404d-9505-4b7cb994baf3] Created FlowFile[1855,99014762129623.mockFlowFile,23B] from FlowFile[1854,99014762129623.mockFlowFile,23B]; routing to relationship simple
[pool-3249-thread-1] INFO org.apache.nifi.processors.standard.RouteText - RouteText[id=a680ad74-d0b5-404d-9505-4b7cb994baf3] Routing FlowFile[1854,99014762129623.mockFlowFile,23B] to original
[main] DEBUG org.apache.nifi.processors.standard.RouteText - RouteText[id=a680ad74-d0b5-404d-9505-4b7cb994baf3] Adding new dynamic property: PropertyDescriptor[simple]
[pool-3250-thread-1] INFO org.apache.nifi.processors.standard.RouteText - RouteText[id=a680ad74-d0b5-404d-9505-4b7cb994baf3] Created FlowFile[1857,99014762521898.mockFlowFile,23B] from FlowFile[1856,99014762521898.mockFlowFile,23B]; routing to relationship simple
[pool-3250-thread-1] INFO org.apache.nifi.processors.standard.RouteText - RouteText[id=a680ad74-d0b5-404d-9505-4b7cb994baf3] Routing FlowFile[1856,99014762521898.mockFlowFile,23B] to original
[main] DEBUG org.apache.nifi.processors.standard.RouteText - RouteText[id=a680ad74-d0b5-404d-9505-4b7cb994baf3] Adding new dynamic property: PropertyDescriptor[simple]
[pool-3251-thread-1] INFO org.apache.nifi.processors.standard.RouteText - RouteText[id=a680ad74-d0b5-404d-9505-4b7cb994baf3] Created FlowFile[1859,99014762900597.mockFlowFile,23B] from FlowFile[1858,99014762900597.mockFlowFile,23B]; routing to relationship simple
[pool-3251-thread-1] INFO org.apache.nifi.processors.standard.RouteText - RouteText[id=a680ad74-d0b5-404d-9505-4b7cb994baf3] Routing FlowFile[1858,99014762900597.mockFlowFile,23B] to original
[main] DEBUG org.apache.nifi.processors.standard.RouteText - RouteText[id=a680ad74-d0b5-404d-9505-4b7cb994baf3] Adding new dynamic property: PropertyDescriptor[simple]
[pool-3252-thread-1] INFO org.apache.nifi.processors.standard.RouteText - RouteText[id=a680ad74-d0b5-404d-9505-4b7cb994baf3] Created FlowFile[1861,99014763288874.mockFlowFile,23B] from FlowFile[1860,99014763288874.mockFlowFile,23B]; routing to relationship simple
[pool-3252-thread-1] INFO org.apache.nifi.processors.standard.RouteText - RouteText[id=a680ad74-d0b5-404d-9505-4b7cb994baf3] Routing FlowFile[1860,99014763288874.mockFlowFile,23B] to original
[main] DEBUG org.apache.nifi.processors.standard.RouteText - RouteText[id=a680ad74-d0b5-404d-9505-4b7cb994baf3] Adding new dynamic property: PropertyDescriptor[simple]
[pool-3253-thread-1] INFO org.apache.nifi.processors.standard.RouteText - RouteText[id=a680ad74-d0b5-404d-9505-4b7cb994baf3] Created FlowFile[1863,99014763685194.mockFlowFile,23B] from FlowFile[1862,99014763685194.mockFlowFile,23B]; routing to relationship simple
[pool-3253-thread-1] INFO org.apache.nifi.processors.standard.RouteText - RouteText[id=a680ad74-d0b5-404d-9505-4b7cb994baf3] Routing FlowFile[1862,99014763685194.mockFlowFile,23B] to original
[main] DEBUG org.apache.nifi.processors.standard.RouteText - RouteText[id=a680ad74-d0b5-404d-9505-4b7cb994baf3] Adding new dynamic property: PropertyDescriptor[simple]
[pool-3254-thread-1] INFO org.apache.nifi.processors.standard.RouteText - RouteText[id=a680ad74-d0b5-404d-9505-4b7cb994baf3] Created FlowFile[1865,99014764093156.mockFlowFile,23B] from FlowFile[1864,99014764093156.mockFlowFile,23B]; routing to relationship simple
[pool-3254-thread-1] INFO org.apache.nifi.processors.standard.RouteText - RouteText[id=a680ad74-d0b5-404d-9505-4b7cb994baf3] Routing FlowFile[1864,99014764093156.mockFlowFile,23B] to original
[main] DEBUG org.apache.nifi.processors.standard.RouteText - RouteText[id=a680ad74-d0b5-404d-9505-4b7cb994baf3] Adding new dynamic property: PropertyDescriptor[simple]
[pool-3255-thread-1] INFO org.apache.nifi.processors.standard.RouteText - RouteText[id=a680ad74-d0b5-404d-9505-4b7cb994baf3] Created FlowFile[1867,99014764459166.mockFlowFile,23B] from FlowFile[1866,99014764459166.mockFlowFile,23B]; routing to relationship simple
[pool-3255-thread-1] INFO org.apache.nifi.processors.standard.RouteText - RouteText[id=a680ad74-d0b5-404d-9505-4b7cb994baf3] Routing FlowFile[1866,99014764459166.mockFlowFile,23B] to original
[main] DEBUG org.apache.nifi.processors.standard.RouteText - RouteText[id=a680ad74-d0b5-404d-9505-4b7cb994baf3] Adding new dynamic property: PropertyDescriptor[simple]
[pool-3256-thread-1] INFO org.apache.nifi.processors.standard.RouteText - RouteText[id=a680ad74-d0b5-404d-9505-4b7cb994baf3] Created FlowFile[1869,99014764898505.mockFlowFile,23B] from FlowFile[1868,99014764898505.mockFlowFile,23B]; routing to relationship simple
[pool-3256-thread-1] INFO org.apache.nifi.processors.standard.RouteText - RouteText[id=a680ad74-d0b5-404d-9505-4b7cb994baf3] Routing FlowFile[1868,99014764898505.mockFlowFile,23B] to original
[main] DEBUG org.apache.nifi.processors.standard.RouteText - RouteText[id=a680ad74-d0b5-404d-9505-4b7cb994baf3] Adding new dynamic property: PropertyDescriptor[simple]
[pool-3257-thread-1] INFO org.apache.nifi.processors.standard.RouteText - RouteText[id=a680ad74-d0b5-404d-9505-4b7cb994baf3] Created FlowFile[1871,99014765447941.mockFlowFile,23B] from FlowFile[1870,99014765447941.mockFlowFile,23B]; routing to relationship simple
[pool-3257-thread-1] INFO org.apache.nifi.processors.standard.RouteText - RouteText[id=a680ad74-d0b5-404d-9505-4b7cb994baf3] Routing FlowFile[1870,99014765447941.mockFlowFile,23B] to original
[main] DEBUG org.apache.nifi.processors.standard.RouteText - RouteText[id=a680ad74-d0b5-404d-9505-4b7cb994baf3] Adding new dynamic property: PropertyDescriptor[simple]
[pool-3258-thread-1] INFO org.apache.nifi.processors.standard.RouteText - RouteText[id=a680ad74-d0b5-404d-9505-4b7cb994baf3] Created FlowFile[1873,99014766076955.mockFlowFile,23B] from FlowFile[1872,99014766076955.mockFlowFile,23B]; routing to relationship simple
[pool-3258-thread-1] INFO org.apache.nifi.processors.standard.RouteText - RouteText[id=a680ad74-d0b5-404d-9505-4b7cb994baf3] Routing FlowFile[1872,99014766076955.mockFlowFile,23B] to original
[main] DEBUG org.apache.nifi.processors.standard.RouteText - RouteText[id=a680ad74-d0b5-404d-9505-4b7cb994baf3] Adding new dynamic property: PropertyDescriptor[simple]
[pool-3259-thread-1] INFO org.apache.nifi.processors.standard.RouteText - RouteText[id=a680ad74-d0b5-404d-9505-4b7cb994baf3] Created FlowFile[1875,99014766536791.mockFlowFile,23B] from FlowFile[1874,99014766536791.mockFlowFile,23B]; routing to relationship simple
[pool-3259-thread-1] INFO org.apache.nifi.processors.standard.RouteText - RouteText[id=a680ad74-d0b5-404d-9505-4b7cb994baf3] Routing FlowFile[1874,99014766536791.mockFlowFile,23B] to original
[main] DEBUG org.apache.nifi.processors.standard.RouteText - RouteText[id=a680ad74-d0b5-404d-9505-4b7cb994baf3] Adding new dynamic property: PropertyDescriptor[simple]
[pool-3260-thread-1] INFO org.apache.nifi.processors.standard.RouteText - RouteText[id=a680ad74-d0b5-404d-9505-4b7cb994baf3] Created FlowFile[1877,99014766979524.mockFlowFile,23B] from FlowFile[1876,99014766979524.mockFlowFile,23B]; routing to relationship simple
[pool-3260-thread-1] INFO org.apache.nifi.processors.standard.RouteText - RouteText[id=a680ad74-d0b5-404d-9505-4b7cb994baf3] Routing FlowFile[1876,99014766979524.mockFlowFile,23B] to original
[main] DEBUG org.apache.nifi.processors.standard.RouteText - RouteText[id=a680ad74-d0b5-404d-9505-4b7cb994baf3] Adding new dynamic property: PropertyDescriptor[simple]
[pool-3261-thread-1] INFO org.apache.nifi.processors.standard.RouteText - RouteText[id=a680ad74-d0b5-404d-9505-4b7cb994baf3] Created FlowFile[1879,99014767409038.mockFlowFile,23B] from FlowFile[1878,99014767409038.mockFlowFile,23B]; routing to relationship simple
[pool-3261-thread-1] INFO org.apache.nifi.processors.standard.RouteText - RouteText[id=a680ad74-d0b5-404d-9505-4b7cb994baf3] Routing FlowFile[1878,99014767409038.mockFlowFile,23B] to original
[main] DEBUG org.apache.nifi.processors.standard.RouteText - RouteText[id=a680ad74-d0b5-404d-9505-4b7cb994baf3] Adding new dynamic property: PropertyDescriptor[simple]
[pool-3262-thread-1] INFO org.apache.nifi.processors.standard.RouteText - RouteText[id=a680ad74-d0b5-404d-9505-4b7cb994baf3] Created FlowFile[1881,99014767811878.mockFlowFile,23B] from FlowFile[1880,99014767811878.mockFlowFile,23B]; routing to relationship simple
[pool-3262-thread-1] INFO org.apache.nifi.processors.standard.RouteText - RouteText[id=a680ad74-d0b5-404d-9505-4b7cb994baf3] Routing FlowFile[1880,99014767811878.mockFlowFile,23B] to original
[main] DEBUG org.apache.nifi.processors.standard.RouteText - RouteText[id=a680ad74-d0b5-404d-9505-4b7cb994baf3] Adding new dynamic property: PropertyDescriptor[simple]
[pool-3263-thread-1] INFO org.apache.nifi.processors.standard.RouteText - RouteText[id=a680ad74-d0b5-404d-9505-4b7cb994baf3] Created FlowFile[1883,99014768257184.mockFlowFile,23B] from FlowFile[1882,99014768257184.mockFlowFile,23B]; routing to relationship simple
[pool-3263-thread-1] INFO org.apache.nifi.processors.standard.RouteText - RouteText[id=a680ad74-d0b5-404d-9505-4b7cb994baf3] Routing FlowFile[1882,99014768257184.mockFlowFile,23B] to original
[main] DEBUG org.apache.nifi.processors.standard.RouteText - RouteText[id=a680ad74-d0b5-404d-9505-4b7cb994baf3] Adding new dynamic property: PropertyDescriptor[simple]
[pool-3264-thread-1] INFO org.apache.nifi.processors.standard.RouteText - RouteText[id=a680ad74-d0b5-404d-9505-4b7cb994baf3] Created FlowFile[1885,99014768620960.mockFlowFile,23B] from FlowFile[1884,99014768620960.mockFlowFile,23B]; routing to relationship simple
[pool-3264-thread-1] INFO org.apache.nifi.processors.standard.RouteText - RouteText[id=a680ad74-d0b5-404d-9505-4b7cb994baf3] Routing FlowFile[1884,99014768620960.mockFlowFile,23B] to original
[main] DEBUG org.apache.nifi.processors.standard.RouteText - RouteText[id=a680ad74-d0b5-404d-9505-4b7cb994baf3] Adding new dynamic property: PropertyDescriptor[simple]
[pool-3265-thread-1] INFO org.apache.nifi.processors.standard.RouteText - RouteText[id=a680ad74-d0b5-404d-9505-4b7cb994baf3] Created FlowFile[1887,99014769035485.mockFlowFile,23B] from FlowFile[1886,99014769035485.mockFlowFile,23B]; routing to relationship simple
[pool-3265-thread-1] INFO org.apache.nifi.processors.standard.RouteText - RouteText[id=a680ad74-d0b5-404d-9505-4b7cb994baf3] Routing FlowFile[1886,99014769035485.mockFlowFile,23B] to original
[main] DEBUG org.apache.nifi.processors.standard.RouteText - RouteText[id=a680ad74-d0b5-404d-9505-4b7cb994baf3] Adding new dynamic property: PropertyDescriptor[simple]
[pool-3266-thread-1] INFO org.apache.nifi.processors.standard.RouteText - RouteText[id=a680ad74-d0b5-404d-9505-4b7cb994baf3] Created FlowFile[1889,99014769480174.mockFlowFile,23B] from FlowFile[1888,99014769480174.mockFlowFile,23B]; routing to relationship simple
[pool-3266-thread-1] INFO org.apache.nifi.processors.standard.RouteText - RouteText[id=a680ad74-d0b5-404d-9505-4b7cb994baf3] Routing FlowFile[1888,99014769480174.mockFlowFile,23B] to original
[main] DEBUG org.apache.nifi.processors.standard.RouteText - RouteText[id=a680ad74-d0b5-404d-9505-4b7cb994baf3] Adding new dynamic property: PropertyDescriptor[simple]
[pool-3267-thread-1] INFO org.apache.nifi.processors.standard.RouteText - RouteText[id=a680ad74-d0b5-404d-9505-4b7cb994baf3] Created FlowFile[1891,99014769899228.mockFlowFile,23B] from FlowFile[1890,99014769899228.mockFlowFile,23B]; routing to relationship simple
[pool-3267-thread-1] INFO org.apache.nifi.processors.standard.RouteText - RouteText[id=a680ad74-d0b5-404d-9505-4b7cb994baf3] Routing FlowFile[1890,99014769899228.mockFlowFile,23B] to original
[main] DEBUG org.apache.nifi.processors.standard.RouteText - RouteText[id=a680ad74-d0b5-404d-9505-4b7cb994baf3] Adding new dynamic property: PropertyDescriptor[simple]
[pool-3268-thread-1] INFO org.apache.nifi.processors.standard.RouteText - RouteText[id=a680ad74-d0b5-404d-9505-4b7cb994baf3] Created FlowFile[1893,99014770338574.mockFlowFile,23B] from FlowFile[1892,99014770338574.mockFlowFile,23B]; routing to relationship simple
[pool-3268-thread-1] INFO org.apache.nifi.processors.standard.RouteText - RouteText[id=a680ad74-d0b5-404d-9505-4b7cb994baf3] Routing FlowFile[1892,99014770338574.mockFlowFile,23B] to original
[main] DEBUG org.apache.nifi.processors.standard.RouteText - RouteText[id=a680ad74-d0b5-404d-9505-4b7cb994baf3] Adding new dynamic property: PropertyDescriptor[simple]
[pool-3269-thread-1] INFO org.apache.nifi.processors.standard.RouteText - RouteText[id=a680ad74-d0b5-404d-9505-4b7cb994baf3] Created FlowFile[1895,99014770825602.mockFlowFile,23B] from FlowFile[1894,99014770825602.mockFlowFile,23B]; routing to relationship simple
[pool-3269-thread-1] INFO org.apache.nifi.processors.standard.RouteText - RouteText[id=a680ad74-d0b5-404d-9505-4b7cb994baf3] Routing FlowFile[1894,99014770825602.mockFlowFile,23B] to original
[main] DEBUG org.apache.nifi.processors.standard.RouteText - RouteText[id=a680ad74-d0b5-404d-9505-4b7cb994baf3] Adding new dynamic property: PropertyDescriptor[simple]
[pool-3270-thread-1] INFO org.apache.nifi.processors.standard.RouteText - RouteText[id=a680ad74-d0b5-404d-9505-4b7cb994baf3] Created FlowFile[1897,99014771248846.mockFlowFile,23B] from FlowFile[1896,99014771248846.mockFlowFile,23B]; routing to relationship simple
[pool-3270-thread-1] INFO org.apache.nifi.processors.standard.RouteText - RouteText[id=a680ad74-d0b5-404d-9505-4b7cb994baf3] Routing FlowFile[1896,99014771248846.mockFlowFile,23B] to original
[main] DEBUG org.apache.nifi.processors.standard.RouteText - RouteText[id=a680ad74-d0b5-404d-9505-4b7cb994baf3] Adding new dynamic property: PropertyDescriptor[simple]
[pool-3271-thread-1] INFO org.apache.nifi.processors.standard.RouteText - RouteText[id=a680ad74-d0b5-404d-9505-4b7cb994baf3] Created FlowFile[1899,99014771748948.mockFlowFile,23B] from FlowFile[1898,99014771748948.mockFlowFile,23B]; routing to relationship simple
[pool-3271-thread-1] INFO org.apache.nifi.processors.standard.RouteText - RouteText[id=a680ad74-d0b5-404d-9505-4b7cb994baf3] Routing FlowFile[1898,99014771748948.mockFlowFile,23B] to original
[main] DEBUG org.apache.nifi.processors.standard.RouteText - RouteText[id=a680ad74-d0b5-404d-9505-4b7cb994baf3] Adding new dynamic property: PropertyDescriptor[simple]
[pool-3272-thread-1] INFO org.apache.nifi.processors.standard.RouteText - RouteText[id=a680ad74-d0b5-404d-9505-4b7cb994baf3] Created FlowFile[1901,99014772321741.mockFlowFile,23B] from FlowFile[1900,99014772321741.mockFlowFile,23B]; routing to relationship simple
[pool-3272-thread-1] INFO org.apache.nifi.processors.standard.RouteText - RouteText[id=a680ad74-d0b5-404d-9505-4b7cb994baf3] Routing FlowFile[1900,99014772321741.mockFlowFile,23B] to original
[main] DEBUG org.apache.nifi.processors.standard.RouteText - RouteText[id=a680ad74-d0b5-404d-9505-4b7cb994baf3] Adding new dynamic property: PropertyDescriptor[simple]
[pool-3273-thread-1] INFO org.apache.nifi.processors.standard.RouteText - RouteText[id=a680ad74-d0b5-404d-9505-4b7cb994baf3] Created FlowFile[1903,99014772812317.mockFlowFile,23B] from FlowFile[1902,99014772812317.mockFlowFile,23B]; routing to relationship simple
[pool-3273-thread-1] INFO org.apache.nifi.processors.standard.RouteText - RouteText[id=a680ad74-d0b5-404d-9505-4b7cb994baf3] Routing FlowFile[1902,99014772812317.mockFlowFile,23B] to original
[main] DEBUG org.apache.nifi.processors.standard.RouteText - RouteText[id=a680ad74-d0b5-404d-9505-4b7cb994baf3] Adding new dynamic property: PropertyDescriptor[simple]
[pool-3274-thread-1] INFO org.apache.nifi.processors.standard.RouteText - RouteText[id=a680ad74-d0b5-404d-9505-4b7cb994baf3] Created FlowFile[1905,99014773283891.mockFlowFile,23B] from FlowFile[1904,99014773283891.mockFlowFile,23B]; routing to relationship simple
[pool-3274-thread-1] INFO org.apache.nifi.processors.standard.RouteText - RouteText[id=a680ad74-d0b5-404d-9505-4b7cb994baf3] Routing FlowFile[1904,99014773283891.mockFlowFile,23B] to original
[main] DEBUG org.apache.nifi.processors.standard.RouteText - RouteText[id=a680ad74-d0b5-404d-9505-4b7cb994baf3] Adding new dynamic property: PropertyDescriptor[simple]
[pool-3275-thread-1] INFO org.apache.nifi.processors.standard.RouteText - RouteText[id=a680ad74-d0b5-404d-9505-4b7cb994baf3] Created FlowFile[1907,99014773666161.mockFlowFile,23B] from FlowFile[1906,99014773666161.mockFlowFile,23B]; routing to relationship simple
[pool-3275-thread-1] INFO org.apache.nifi.processors.standard.RouteText - RouteText[id=a680ad74-d0b5-404d-9505-4b7cb994baf3] Routing FlowFile[1906,99014773666161.mockFlowFile,23B] to original
[main] DEBUG org.apache.nifi.processors.standard.RouteText - RouteText[id=a680ad74-d0b5-404d-9505-4b7cb994baf3] Adding new dynamic property: PropertyDescriptor[simple]
[pool-3276-thread-1] INFO org.apache.nifi.processors.standard.RouteText - RouteText[id=a680ad74-d0b5-404d-9505-4b7cb994baf3] Created FlowFile[1909,99014773999159.mockFlowFile,23B] from FlowFile[1908,99014773999159.mockFlowFile,23B]; routing to relationship simple
[pool-3276-thread-1] INFO org.apache.nifi.processors.standard.RouteText - RouteText[id=a680ad74-d0b5-404d-9505-4b7cb994baf3] Routing FlowFile[1908,99014773999159.mockFlowFile,23B] to original
[main] DEBUG org.apache.nifi.processors.standard.RouteText - RouteText[id=a680ad74-d0b5-404d-9505-4b7cb994baf3] Adding new dynamic property: PropertyDescriptor[simple]
[pool-3277-thread-1] INFO org.apache.nifi.processors.standard.RouteText - RouteText[id=a680ad74-d0b5-404d-9505-4b7cb994baf3] Created FlowFile[1911,99014774317761.mockFlowFile,23B] from FlowFile[1910,99014774317761.mockFlowFile,23B]; routing to relationship simple
[pool-3277-thread-1] INFO org.apache.nifi.processors.standard.RouteText - RouteText[id=a680ad74-d0b5-404d-9505-4b7cb994baf3] Routing FlowFile[1910,99014774317761.mockFlowFile,23B] to original
[main] DEBUG org.apache.nifi.processors.standard.RouteText - RouteText[id=a680ad74-d0b5-404d-9505-4b7cb994baf3] Adding new dynamic property: PropertyDescriptor[simple]
[pool-3278-thread-1] INFO org.apache.nifi.processors.standard.RouteText - RouteText[id=a680ad74-d0b5-404d-9505-4b7cb994baf3] Created FlowFile[1913,99014774624401.mockFlowFile,23B] from FlowFile[1912,99014774624401.mockFlowFile,23B]; routing to relationship simple
[pool-3278-thread-1] INFO org.apache.nifi.processors.standard.RouteText - RouteText[id=a680ad74-d0b5-404d-9505-4b7cb994baf3] Routing FlowFile[1912,99014774624401.mockFlowFile,23B] to original
[main] DEBUG org.apache.nifi.processors.standard.RouteText - RouteText[id=a680ad74-d0b5-404d-9505-4b7cb994baf3] Adding new dynamic property: PropertyDescriptor[simple]
[pool-3279-thread-1] INFO org.apache.nifi.processors.standard.RouteText - RouteText[id=a680ad74-d0b5-404d-9505-4b7cb994baf3] Created FlowFile[1915,99014774943275.mockFlowFile,23B] from FlowFile[1914,99014774943275.mockFlowFile,23B]; routing to relationship simple
[pool-3279-thread-1] INFO org.apache.nifi.processors.standard.RouteText - RouteText[id=a680ad74-d0b5-404d-9505-4b7cb994baf3] Routing FlowFile[1914,99014774943275.mockFlowFile,23B] to original
[main] DEBUG org.apache.nifi.processors.standard.RouteText - RouteText[id=a680ad74-d0b5-404d-9505-4b7cb994baf3] Adding new dynamic property: PropertyDescriptor[simple]
[pool-3280-thread-1] INFO org.apache.nifi.processors.standard.RouteText - RouteText[id=a680ad74-d0b5-404d-9505-4b7cb994baf3] Created FlowFile[1917,99014775258916.mockFlowFile,23B] from FlowFile[1916,99014775258916.mockFlowFile,23B]; routing to relationship simple
[pool-3280-thread-1] INFO org.apache.nifi.processors.standard.RouteText - RouteText[id=a680ad74-d0b5-404d-9505-4b7cb994baf3] Routing FlowFile[1916,99014775258916.mockFlowFile,23B] to original
[main] DEBUG org.apache.nifi.processors.standard.RouteText - RouteText[id=a680ad74-d0b5-404d-9505-4b7cb994baf3] Adding new dynamic property: PropertyDescriptor[simple]
[pool-3281-thread-1] INFO org.apache.nifi.processors.standard.RouteText - RouteText[id=a680ad74-d0b5-404d-9505-4b7cb994baf3] Created FlowFile[1919,99014775755178.mockFlowFile,23B] from FlowFile[1918,99014775755178.mockFlowFile,23B]; routing to relationship simple
[pool-3281-thread-1] INFO org.apache.nifi.processors.standard.RouteText - RouteText[id=a680ad74-d0b5-404d-9505-4b7cb994baf3] Routing FlowFile[1918,99014775755178.mockFlowFile,23B] to original
[main] DEBUG org.apache.nifi.processors.standard.RouteText - RouteText[id=a680ad74-d0b5-404d-9505-4b7cb994baf3] Adding new dynamic property: PropertyDescriptor[simple]
[pool-3282-thread-1] INFO org.apache.nifi.processors.standard.RouteText - RouteText[id=a680ad74-d0b5-404d-9505-4b7cb994baf3] Created FlowFile[1921,99014777806469.mockFlowFile,23B] from FlowFile[1920,99014777806469.mockFlowFile,23B]; routing to relationship simple
[pool-3282-thread-1] INFO org.apache.nifi.processors.standard.RouteText - RouteText[id=a680ad74-d0b5-404d-9505-4b7cb994baf3] Routing FlowFile[1920,99014777806469.mockFlowFile,23B] to original
[main] DEBUG org.apache.nifi.processors.standard.RouteText - RouteText[id=a680ad74-d0b5-404d-9505-4b7cb994baf3] Adding new dynamic property: PropertyDescriptor[simple]
[pool-3283-thread-1] INFO org.apache.nifi.processors.standard.RouteText - RouteText[id=a680ad74-d0b5-404d-9505-4b7cb994baf3] Created FlowFile[1923,99014778394309.mockFlowFile,23B] from FlowFile[1922,99014778394309.mockFlowFile,23B]; routing to relationship simple
[pool-3283-thread-1] INFO org.apache.nifi.processors.standard.RouteText - RouteText[id=a680ad74-d0b5-404d-9505-4b7cb994baf3] Routing FlowFile[1922,99014778394309.mockFlowFile,23B] to original
[main] DEBUG org.apache.nifi.processors.standard.RouteText - RouteText[id=a680ad74-d0b5-404d-9505-4b7cb994baf3] Adding new dynamic property: PropertyDescriptor[simple]
[pool-3284-thread-1] INFO org.apache.nifi.processors.standard.RouteText - RouteText[id=a680ad74-d0b5-404d-9505-4b7cb994baf3] Created FlowFile[1925,99014778786422.mockFlowFile,23B] from FlowFile[1924,99014778786422.mockFlowFile,23B]; routing to relationship simple
[pool-3284-thread-1] INFO org.apache.nifi.processors.standard.RouteText - RouteText[id=a680ad74-d0b5-404d-9505-4b7cb994baf3] Routing FlowFile[1924,99014778786422.mockFlowFile,23B] to original
[main] DEBUG org.apache.nifi.processors.standard.RouteText - RouteText[id=a680ad74-d0b5-404d-9505-4b7cb994baf3] Adding new dynamic property: PropertyDescriptor[simple]
[pool-3285-thread-1] INFO org.apache.nifi.processors.standard.RouteText - RouteText[id=a680ad74-d0b5-404d-9505-4b7cb994baf3] Created FlowFile[1927,99014779206193.mockFlowFile,23B] from FlowFile[1926,99014779206193.mockFlowFile,23B]; routing to relationship simple
[pool-3285-thread-1] INFO org.apache.nifi.processors.standard.RouteText - RouteText[id=a680ad74-d0b5-404d-9505-4b7cb994baf3] Routing FlowFile[1926,99014779206193.mockFlowFile,23B] to original
[main] DEBUG org.apache.nifi.processors.standard.RouteText - RouteText[id=a680ad74-d0b5-404d-9505-4b7cb994baf3] Adding new dynamic property: PropertyDescriptor[simple]
[pool-3286-thread-1] INFO org.apache.nifi.processors.standard.RouteText - RouteText[id=a680ad74-d0b5-404d-9505-4b7cb994baf3] Created FlowFile[1929,99014779607665.mockFlowFile,23B] from FlowFile[1928,99014779607665.mockFlowFile,23B]; routing to relationship simple
[pool-3286-thread-1] INFO org.apache.nifi.processors.standard.RouteText - RouteText[id=a680ad74-d0b5-404d-9505-4b7cb994baf3] Routing FlowFile[1928,99014779607665.mockFlowFile,23B] to original
[main] DEBUG org.apache.nifi.processors.standard.RouteText - RouteText[id=a680ad74-d0b5-404d-9505-4b7cb994baf3] Adding new dynamic property: PropertyDescriptor[simple]
[pool-3287-thread-1] INFO org.apache.nifi.processors.standard.RouteText - RouteText[id=a680ad74-d0b5-404d-9505-4b7cb994baf3] Created FlowFile[1931,99014780032746.mockFlowFile,23B] from FlowFile[1930,99014780032746.mockFlowFile,23B]; routing to relationship simple
[pool-3287-thread-1] INFO org.apache.nifi.processors.standard.RouteText - RouteText[id=a680ad74-d0b5-404d-9505-4b7cb994baf3] Routing FlowFile[1930,99014780032746.mockFlowFile,23B] to original
[main] DEBUG org.apache.nifi.processors.standard.RouteText - RouteText[id=a680ad74-d0b5-404d-9505-4b7cb994baf3] Adding new dynamic property: PropertyDescriptor[simple]
[pool-3288-thread-1] INFO org.apache.nifi.processors.standard.RouteText - RouteText[id=a680ad74-d0b5-404d-9505-4b7cb994baf3] Created FlowFile[1933,99014780459409.mockFlowFile,23B] from FlowFile[1932,99014780459409.mockFlowFile,23B]; routing to relationship simple
[pool-3288-thread-1] INFO org.apache.nifi.processors.standard.RouteText - RouteText[id=a680ad74-d0b5-404d-9505-4b7cb994baf3] Routing FlowFile[1932,99014780459409.mockFlowFile,23B] to original
[main] DEBUG org.apache.nifi.processors.standard.RouteText - RouteText[id=a680ad74-d0b5-404d-9505-4b7cb994baf3] Adding new dynamic property: PropertyDescriptor[simple]
[pool-3289-thread-1] INFO org.apache.nifi.processors.standard.RouteText - RouteText[id=a680ad74-d0b5-404d-9505-4b7cb994baf3] Created FlowFile[1935,99014780903265.mockFlowFile,23B] from FlowFile[1934,99014780903265.mockFlowFile,23B]; routing to relationship simple
[pool-3289-thread-1] INFO org.apache.nifi.processors.standard.RouteText - RouteText[id=a680ad74-d0b5-404d-9505-4b7cb994baf3] Routing FlowFile[1934,99014780903265.mockFlowFile,23B] to original
[main] DEBUG org.apache.nifi.processors.standard.RouteText - RouteText[id=a680ad74-d0b5-404d-9505-4b7cb994baf3] Adding new dynamic property: PropertyDescriptor[simple]
[pool-3290-thread-1] INFO org.apache.nifi.processors.standard.RouteText - RouteText[id=a680ad74-d0b5-404d-9505-4b7cb994baf3] Created FlowFile[1937,99014781316150.mockFlowFile,23B] from FlowFile[1936,99014781316150.mockFlowFile,23B]; routing to relationship simple
[pool-3290-thread-1] INFO org.apache.nifi.processors.standard.RouteText - RouteText[id=a680ad74-d0b5-404d-9505-4b7cb994baf3] Routing FlowFile[1936,99014781316150.mockFlowFile,23B] to original
[main] DEBUG org.apache.nifi.processors.standard.RouteText - RouteText[id=a680ad74-d0b5-404d-9505-4b7cb994baf3] Adding new dynamic property: PropertyDescriptor[simple]
[pool-3291-thread-1] INFO org.apache.nifi.processors.standard.RouteText - RouteText[id=a680ad74-d0b5-404d-9505-4b7cb994baf3] Created FlowFile[1939,99014781798096.mockFlowFile,23B] from FlowFile[1938,99014781798096.mockFlowFile,23B]; routing to relationship simple
[pool-3291-thread-1] INFO org.apache.nifi.processors.standard.RouteText - RouteText[id=a680ad74-d0b5-404d-9505-4b7cb994baf3] Routing FlowFile[1938,99014781798096.mockFlowFile,23B] to original
[main] DEBUG org.apache.nifi.processors.standard.RouteText - RouteText[id=a680ad74-d0b5-404d-9505-4b7cb994baf3] Adding new dynamic property: PropertyDescriptor[simple]
[pool-3292-thread-1] INFO org.apache.nifi.processors.standard.RouteText - RouteText[id=a680ad74-d0b5-404d-9505-4b7cb994baf3] Created FlowFile[1941,99014782165274.mockFlowFile,23B] from FlowFile[1940,99014782165274.mockFlowFile,23B]; routing to relationship simple
[pool-3292-thread-1] INFO org.apache.nifi.processors.standard.RouteText - RouteText[id=a680ad74-d0b5-404d-9505-4b7cb994baf3] Routing FlowFile[1940,99014782165274.mockFlowFile,23B] to original
[main] DEBUG org.apache.nifi.processors.standard.RouteText - RouteText[id=a680ad74-d0b5-404d-9505-4b7cb994baf3] Adding new dynamic property: PropertyDescriptor[simple]
[pool-3293-thread-1] INFO org.apache.nifi.processors.standard.RouteText - RouteText[id=a680ad74-d0b5-404d-9505-4b7cb994baf3] Created FlowFile[1943,99014782555488.mockFlowFile,23B] from FlowFile[1942,99014782555488.mockFlowFile,23B]; routing to relationship simple
[pool-3293-thread-1] INFO org.apache.nifi.processors.standard.RouteText - RouteText[id=a680ad74-d0b5-404d-9505-4b7cb994baf3] Routing FlowFile[1942,99014782555488.mockFlowFile,23B] to original
[main] DEBUG org.apache.nifi.processors.standard.RouteText - RouteText[id=a680ad74-d0b5-404d-9505-4b7cb994baf3] Adding new dynamic property: PropertyDescriptor[simple]
[pool-3294-thread-1] INFO org.apache.nifi.processors.standard.RouteText - RouteText[id=a680ad74-d0b5-404d-9505-4b7cb994baf3] Created FlowFile[1945,99014782940058.mockFlowFile,23B] from FlowFile[1944,99014782940058.mockFlowFile,23B]; routing to relationship simple
[pool-3294-thread-1] INFO org.apache.nifi.processors.standard.RouteText - RouteText[id=a680ad74-d0b5-404d-9505-4b7cb994baf3] Routing FlowFile[1944,99014782940058.mockFlowFile,23B] to original
[main] DEBUG org.apache.nifi.processors.standard.RouteText - RouteText[id=a680ad74-d0b5-404d-9505-4b7cb994baf3] Adding new dynamic property: PropertyDescriptor[simple]
[pool-3295-thread-1] INFO org.apache.nifi.processors.standard.RouteText - RouteText[id=a680ad74-d0b5-404d-9505-4b7cb994baf3] Created FlowFile[1947,99014783468711.mockFlowFile,23B] from FlowFile[1946,99014783468711.mockFlowFile,23B]; routing to relationship simple
[pool-3295-thread-1] INFO org.apache.nifi.processors.standard.RouteText - RouteText[id=a680ad74-d0b5-404d-9505-4b7cb994baf3] Routing FlowFile[1946,99014783468711.mockFlowFile,23B] to original
[main] DEBUG org.apache.nifi.processors.standard.RouteText - RouteText[id=a680ad74-d0b5-404d-9505-4b7cb994baf3] Adding new dynamic property: PropertyDescriptor[simple]
[pool-3296-thread-1] INFO org.apache.nifi.processors.standard.RouteText - RouteText[id=a680ad74-d0b5-404d-9505-4b7cb994baf3] Created FlowFile[1949,99014783916026.mockFlowFile,23B] from FlowFile[1948,99014783916026.mockFlowFile,23B]; routing to relationship simple
[pool-3296-thread-1] INFO org.apache.nifi.processors.standard.RouteText - RouteText[id=a680ad74-d0b5-404d-9505-4b7cb994baf3] Routing FlowFile[1948,99014783916026.mockFlowFile,23B] to original
[main] DEBUG org.apache.nifi.processors.standard.RouteText - RouteText[id=a680ad74-d0b5-404d-9505-4b7cb994baf3] Adding new dynamic property: PropertyDescriptor[simple]
[pool-3297-thread-1] INFO org.apache.nifi.processors.standard.RouteText - RouteText[id=a680ad74-d0b5-404d-9505-4b7cb994baf3] Created FlowFile[1951,99014784449460.mockFlowFile,23B] from FlowFile[1950,99014784449460.mockFlowFile,23B]; routing to relationship simple
[pool-3297-thread-1] INFO org.apache.nifi.processors.standard.RouteText - RouteText[id=a680ad74-d0b5-404d-9505-4b7cb994baf3] Routing FlowFile[1950,99014784449460.mockFlowFile,23B] to original
[main] DEBUG org.apache.nifi.processors.standard.RouteText - RouteText[id=a680ad74-d0b5-404d-9505-4b7cb994baf3] Adding new dynamic property: PropertyDescriptor[simple]
[pool-3298-thread-1] INFO org.apache.nifi.processors.standard.RouteText - RouteText[id=a680ad74-d0b5-404d-9505-4b7cb994baf3] Created FlowFile[1953,99014785051938.mockFlowFile,23B] from FlowFile[1952,99014785051938.mockFlowFile,23B]; routing to relationship simple
[pool-3298-thread-1] INFO org.apache.nifi.processors.standard.RouteText - RouteText[id=a680ad74-d0b5-404d-9505-4b7cb994baf3] Routing FlowFile[1952,99014785051938.mockFlowFile,23B] to original
[main] DEBUG org.apache.nifi.processors.standard.RouteText - RouteText[id=a680ad74-d0b5-404d-9505-4b7cb994baf3] Adding new dynamic property: PropertyDescriptor[simple]
[pool-3299-thread-1] INFO org.apache.nifi.processors.standard.RouteText - RouteText[id=a680ad74-d0b5-404d-9505-4b7cb994baf3] Created FlowFile[1955,99014785550836.mockFlowFile,23B] from FlowFile[1954,99014785550836.mockFlowFile,23B]; routing to relationship simple
[pool-3299-thread-1] INFO org.apache.nifi.processors.standard.RouteText - RouteText[id=a680ad74-d0b5-404d-9505-4b7cb994baf3] Routing FlowFile[1954,99014785550836.mockFlowFile,23B] to original
[main] DEBUG org.apache.nifi.processors.standard.RouteText - RouteText[id=a680ad74-d0b5-404d-9505-4b7cb994baf3] Adding new dynamic property: PropertyDescriptor[simple]
[pool-3300-thread-1] INFO org.apache.nifi.processors.standard.RouteText - RouteText[id=a680ad74-d0b5-404d-9505-4b7cb994baf3] Created FlowFile[1957,99014786105945.mockFlowFile,23B] from FlowFile[1956,99014786105945.mockFlowFile,23B]; routing to relationship simple
[pool-3300-thread-1] INFO org.apache.nifi.processors.standard.RouteText - RouteText[id=a680ad74-d0b5-404d-9505-4b7cb994baf3] Routing FlowFile[1956,99014786105945.mockFlowFile,23B] to original
[main] DEBUG org.apache.nifi.processors.standard.RouteText - RouteText[id=a680ad74-d0b5-404d-9505-4b7cb994baf3] Adding new dynamic property: PropertyDescriptor[simple]
[pool-3301-thread-1] INFO org.apache.nifi.processors.standard.RouteText - RouteText[id=a680ad74-d0b5-404d-9505-4b7cb994baf3] Created FlowFile[1959,99014786440764.mockFlowFile,23B] from FlowFile[1958,99014786440764.mockFlowFile,23B]; routing to relationship simple
[pool-3301-thread-1] INFO org.apache.nifi.processors.standard.RouteText - RouteText[id=a680ad74-d0b5-404d-9505-4b7cb994baf3] Routing FlowFile[1958,99014786440764.mockFlowFile,23B] to original
[main] DEBUG org.apache.nifi.processors.standard.RouteText - RouteText[id=a680ad74-d0b5-404d-9505-4b7cb994baf3] Adding new dynamic property: PropertyDescriptor[simple]
[pool-3302-thread-1] INFO org.apache.nifi.processors.standard.RouteText - RouteText[id=a680ad74-d0b5-404d-9505-4b7cb994baf3] Created FlowFile[1961,99014786748576.mockFlowFile,23B] from FlowFile[1960,99014786748576.mockFlowFile,23B]; routing to relationship simple
[pool-3302-thread-1] INFO org.apache.nifi.processors.standard.RouteText - RouteText[id=a680ad74-d0b5-404d-9505-4b7cb994baf3] Routing FlowFile[1960,99014786748576.mockFlowFile,23B] to original
[main] DEBUG org.apache.nifi.processors.standard.RouteText - RouteText[id=a680ad74-d0b5-404d-9505-4b7cb994baf3] Adding new dynamic property: PropertyDescriptor[simple]
[pool-3303-thread-1] INFO org.apache.nifi.processors.standard.RouteText - RouteText[id=a680ad74-d0b5-404d-9505-4b7cb994baf3] Created FlowFile[1963,99014787055166.mockFlowFile,23B] from FlowFile[1962,99014787055166.mockFlowFile,23B]; routing to relationship simple
[pool-3303-thread-1] INFO org.apache.nifi.processors.standard.RouteText - RouteText[id=a680ad74-d0b5-404d-9505-4b7cb994baf3] Routing FlowFile[1962,99014787055166.mockFlowFile,23B] to original
[main] DEBUG org.apache.nifi.processors.standard.RouteText - RouteText[id=a680ad74-d0b5-404d-9505-4b7cb994baf3] Adding new dynamic property: PropertyDescriptor[simple]
[pool-3304-thread-1] INFO org.apache.nifi.processors.standard.RouteText - RouteText[id=a680ad74-d0b5-404d-9505-4b7cb994baf3] Created FlowFile[1965,99014787451829.mockFlowFile,23B] from FlowFile[1964,99014787451829.mockFlowFile,23B]; routing to relationship simple
[pool-3304-thread-1] INFO org.apache.nifi.processors.standard.RouteText - RouteText[id=a680ad74-d0b5-404d-9505-4b7cb994baf3] Routing FlowFile[1964,99014787451829.mockFlowFile,23B] to original
[main] DEBUG org.apache.nifi.processors.standard.RouteText - RouteText[id=a680ad74-d0b5-404d-9505-4b7cb994baf3] Adding new dynamic property: PropertyDescriptor[simple]
[pool-3305-thread-1] INFO org.apache.nifi.processors.standard.RouteText - RouteText[id=a680ad74-d0b5-404d-9505-4b7cb994baf3] Created FlowFile[1967,99014787764591.mockFlowFile,23B] from FlowFile[1966,99014787764591.mockFlowFile,23B]; routing to relationship simple
[pool-3305-thread-1] INFO org.apache.nifi.processors.standard.RouteText - RouteText[id=a680ad74-d0b5-404d-9505-4b7cb994baf3] Routing FlowFile[1966,99014787764591.mockFlowFile,23B] to original
[main] DEBUG org.apache.nifi.processors.standard.RouteText - RouteText[id=a680ad74-d0b5-404d-9505-4b7cb994baf3] Adding new dynamic property: PropertyDescriptor[simple]
[pool-3306-thread-1] INFO org.apache.nifi.processors.standard.RouteText - RouteText[id=a680ad74-d0b5-404d-9505-4b7cb994baf3] Created FlowFile[1969,99014788267269.mockFlowFile,23B] from FlowFile[1968,99014788267269.mockFlowFile,23B]; routing to relationship simple
[pool-3306-thread-1] INFO org.apache.nifi.processors.standard.RouteText - RouteText[id=a680ad74-d0b5-404d-9505-4b7cb994baf3] Routing FlowFile[1968,99014788267269.mockFlowFile,23B] to original
[main] DEBUG org.apache.nifi.processors.standard.RouteText - RouteText[id=a680ad74-d0b5-404d-9505-4b7cb994baf3] Adding new dynamic property: PropertyDescriptor[simple]
[pool-3307-thread-1] INFO org.apache.nifi.processors.standard.RouteText - RouteText[id=a680ad74-d0b5-404d-9505-4b7cb994baf3] Created FlowFile[1971,99014788690421.mockFlowFile,23B] from FlowFile[1970,99014788690421.mockFlowFile,23B]; routing to relationship simple
[pool-3307-thread-1] INFO org.apache.nifi.processors.standard.RouteText - RouteText[id=a680ad74-d0b5-404d-9505-4b7cb994baf3] Routing FlowFile[1970,99014788690421.mockFlowFile,23B] to original
[main] DEBUG org.apache.nifi.processors.standard.RouteText - RouteText[id=a680ad74-d0b5-404d-9505-4b7cb994baf3] Adding new dynamic property: PropertyDescriptor[simple]
[pool-3308-thread-1] INFO org.apache.nifi.processors.standard.RouteText - RouteText[id=a680ad74-d0b5-404d-9505-4b7cb994baf3] Created FlowFile[1973,99014789048613.mockFlowFile,23B] from FlowFile[1972,99014789048613.mockFlowFile,23B]; routing to relationship simple
[pool-3308-thread-1] INFO org.apache.nifi.processors.standard.RouteText - RouteText[id=a680ad74-d0b5-404d-9505-4b7cb994baf3] Routing FlowFile[1972,99014789048613.mockFlowFile,23B] to original
[main] DEBUG org.apache.nifi.processors.standard.RouteText - RouteText[id=a680ad74-d0b5-404d-9505-4b7cb994baf3] Adding new dynamic property: PropertyDescriptor[simple]
[pool-3309-thread-1] INFO org.apache.nifi.processors.standard.RouteText - RouteText[id=a680ad74-d0b5-404d-9505-4b7cb994baf3] Created FlowFile[1975,99014789347496.mockFlowFile,23B] from FlowFile[1974,99014789347496.mockFlowFile,23B]; routing to relationship simple
[pool-3309-thread-1] INFO org.apache.nifi.processors.standard.RouteText - RouteText[id=a680ad74-d0b5-404d-9505-4b7cb994baf3] Routing FlowFile[1974,99014789347496.mockFlowFile,23B] to original
[main] DEBUG org.apache.nifi.processors.standard.RouteText - RouteText[id=a680ad74-d0b5-404d-9505-4b7cb994baf3] Adding new dynamic property: PropertyDescriptor[simple]
[pool-3310-thread-1] INFO org.apache.nifi.processors.standard.RouteText - RouteText[id=a680ad74-d0b5-404d-9505-4b7cb994baf3] Created FlowFile[1977,99014789596631.mockFlowFile,23B] from FlowFile[1976,99014789596631.mockFlowFile,23B]; routing to relationship simple
[pool-3310-thread-1] INFO org.apache.nifi.processors.standard.RouteText - RouteText[id=a680ad74-d0b5-404d-9505-4b7cb994baf3] Routing FlowFile[1976,99014789596631.mockFlowFile,23B] to original
[main] DEBUG org.apache.nifi.processors.standard.RouteText - RouteText[id=a680ad74-d0b5-404d-9505-4b7cb994baf3] Adding new dynamic property: PropertyDescriptor[simple]
[pool-3311-thread-1] INFO org.apache.nifi.processors.standard.RouteText - RouteText[id=a680ad74-d0b5-404d-9505-4b7cb994baf3] Created FlowFile[1979,99014789853386.mockFlowFile,23B] from FlowFile[1978,99014789853386.mockFlowFile,23B]; routing to relationship simple
[pool-3311-thread-1] INFO org.apache.nifi.processors.standard.RouteText - RouteText[id=a680ad74-d0b5-404d-9505-4b7cb994baf3] Routing FlowFile[1978,99014789853386.mockFlowFile,23B] to original
[main] DEBUG org.apache.nifi.processors.standard.RouteText - RouteText[id=a680ad74-d0b5-404d-9505-4b7cb994baf3] Adding new dynamic property: PropertyDescriptor[simple]
[pool-3312-thread-1] INFO org.apache.nifi.processors.standard.RouteText - RouteText[id=a680ad74-d0b5-404d-9505-4b7cb994baf3] Created FlowFile[1981,99014790105137.mockFlowFile,23B] from FlowFile[1980,99014790105137.mockFlowFile,23B]; routing to relationship simple
[pool-3312-thread-1] INFO org.apache.nifi.processors.standard.RouteText - RouteText[id=a680ad74-d0b5-404d-9505-4b7cb994baf3] Routing FlowFile[1980,99014790105137.mockFlowFile,23B] to original
[main] DEBUG org.apache.nifi.processors.standard.RouteText - RouteText[id=a680ad74-d0b5-404d-9505-4b7cb994baf3] Adding new dynamic property: PropertyDescriptor[simple]
[pool-3313-thread-1] INFO org.apache.nifi.processors.standard.RouteText - RouteText[id=a680ad74-d0b5-404d-9505-4b7cb994baf3] Created FlowFile[1983,99014790348966.mockFlowFile,23B] from FlowFile[1982,99014790348966.mockFlowFile,23B]; routing to relationship simple
[pool-3313-thread-1] INFO org.apache.nifi.processors.standard.RouteText - RouteText[id=a680ad74-d0b5-404d-9505-4b7cb994baf3] Routing FlowFile[1982,99014790348966.mockFlowFile,23B] to original
[main] DEBUG org.apache.nifi.processors.standard.RouteText - RouteText[id=a680ad74-d0b5-404d-9505-4b7cb994baf3] Adding new dynamic property: PropertyDescriptor[simple]
[pool-3314-thread-1] INFO org.apache.nifi.processors.standard.RouteText - RouteText[id=a680ad74-d0b5-404d-9505-4b7cb994baf3] Created FlowFile[1985,99014790597280.mockFlowFile,23B] from FlowFile[1984,99014790597280.mockFlowFile,23B]; routing to relationship simple
[pool-3314-thread-1] INFO org.apache.nifi.processors.standard.RouteText - RouteText[id=a680ad74-d0b5-404d-9505-4b7cb994baf3] Routing FlowFile[1984,99014790597280.mockFlowFile,23B] to original
[main] DEBUG org.apache.nifi.processors.standard.RouteText - RouteText[id=a680ad74-d0b5-404d-9505-4b7cb994baf3] Adding new dynamic property: PropertyDescriptor[simple]
[pool-3315-thread-1] INFO org.apache.nifi.processors.standard.RouteText - RouteText[id=a680ad74-d0b5-404d-9505-4b7cb994baf3] Created FlowFile[1987,99014790835695.mockFlowFile,23B] from FlowFile[1986,99014790835695.mockFlowFile,23B]; routing to relationship simple
[pool-3315-thread-1] INFO org.apache.nifi.processors.standard.RouteText - RouteText[id=a680ad74-d0b5-404d-9505-4b7cb994baf3] Routing FlowFile[1986,99014790835695.mockFlowFile,23B] to original
[main] DEBUG org.apache.nifi.processors.standard.RouteText - RouteText[id=a680ad74-d0b5-404d-9505-4b7cb994baf3] Adding new dynamic property: PropertyDescriptor[simple]
[pool-3316-thread-1] INFO org.apache.nifi.processors.standard.RouteText - RouteText[id=a680ad74-d0b5-404d-9505-4b7cb994baf3] Created FlowFile[1989,99014792429537.mockFlowFile,23B] from FlowFile[1988,99014792429537.mockFlowFile,23B]; routing to relationship simple
[pool-3316-thread-1] INFO org.apache.nifi.processors.standard.RouteText - RouteText[id=a680ad74-d0b5-404d-9505-4b7cb994baf3] Routing FlowFile[1988,99014792429537.mockFlowFile,23B] to original
[main] DEBUG org.apache.nifi.processors.standard.RouteText - RouteText[id=a680ad74-d0b5-404d-9505-4b7cb994baf3] Adding new dynamic property: PropertyDescriptor[simple]
[pool-3317-thread-1] INFO org.apache.nifi.processors.standard.RouteText - RouteText[id=a680ad74-d0b5-404d-9505-4b7cb994baf3] Created FlowFile[1991,99014792996727.mockFlowFile,23B] from FlowFile[1990,99014792996727.mockFlowFile,23B]; routing to relationship simple
[pool-3317-thread-1] INFO org.apache.nifi.processors.standard.RouteText - RouteText[id=a680ad74-d0b5-404d-9505-4b7cb994baf3] Routing FlowFile[1990,99014792996727.mockFlowFile,23B] to original
[main] DEBUG org.apache.nifi.processors.standard.RouteText - RouteText[id=a680ad74-d0b5-404d-9505-4b7cb994baf3] Adding new dynamic property: PropertyDescriptor[simple]
[pool-3318-thread-1] INFO org.apache.nifi.processors.standard.RouteText - RouteText[id=a680ad74-d0b5-404d-9505-4b7cb994baf3] Created FlowFile[1993,99014793359930.mockFlowFile,23B] from FlowFile[1992,99014793359930.mockFlowFile,23B]; routing to relationship simple
[pool-3318-thread-1] INFO org.apache.nifi.processors.standard.RouteText - RouteText[id=a680ad74-d0b5-404d-9505-4b7cb994baf3] Routing FlowFile[1992,99014793359930.mockFlowFile,23B] to original
[main] DEBUG org.apache.nifi.processors.standard.RouteText - RouteText[id=a680ad74-d0b5-404d-9505-4b7cb994baf3] Adding new dynamic property: PropertyDescriptor[simple]
[pool-3319-thread-1] INFO org.apache.nifi.processors.standard.RouteText - RouteText[id=a680ad74-d0b5-404d-9505-4b7cb994baf3] Created FlowFile[1995,99014793692601.mockFlowFile,23B] from FlowFile[1994,99014793692601.mockFlowFile,23B]; routing to relationship simple
[pool-3319-thread-1] INFO org.apache.nifi.processors.standard.RouteText - RouteText[id=a680ad74-d0b5-404d-9505-4b7cb994baf3] Routing FlowFile[1994,99014793692601.mockFlowFile,23B] to original
[main] DEBUG org.apache.nifi.processors.standard.RouteText - RouteText[id=a680ad74-d0b5-404d-9505-4b7cb994baf3] Adding new dynamic property: PropertyDescriptor[simple]
[pool-3320-thread-1] INFO org.apache.nifi.processors.standard.RouteText - RouteText[id=a680ad74-d0b5-404d-9505-4b7cb994baf3] Created FlowFile[1997,99014794058479.mockFlowFile,23B] from FlowFile[1996,99014794058479.mockFlowFile,23B]; routing to relationship simple
[pool-3320-thread-1] INFO org.apache.nifi.processors.standard.RouteText - RouteText[id=a680ad74-d0b5-404d-9505-4b7cb994baf3] Routing FlowFile[1996,99014794058479.mockFlowFile,23B] to original
[main] DEBUG org.apache.nifi.processors.standard.RouteText - RouteText[id=a680ad74-d0b5-404d-9505-4b7cb994baf3] Adding new dynamic property: PropertyDescriptor[simple]
[pool-3321-thread-1] INFO org.apache.nifi.processors.standard.RouteText - RouteText[id=a680ad74-d0b5-404d-9505-4b7cb994baf3] Created FlowFile[1999,99014794383231.mockFlowFile,23B] from FlowFile[1998,99014794383231.mockFlowFile,23B]; routing to relationship simple
[pool-3321-thread-1] INFO org.apache.nifi.processors.standard.RouteText - RouteText[id=a680ad74-d0b5-404d-9505-4b7cb994baf3] Routing FlowFile[1998,99014794383231.mockFlowFile,23B] to original
[main] DEBUG org.apache.nifi.processors.standard.RouteText - RouteText[id=a680ad74-d0b5-404d-9505-4b7cb994baf3] Adding new dynamic property: PropertyDescriptor[simple]
[pool-3322-thread-1] INFO org.apache.nifi.processors.standard.RouteText - RouteText[id=a680ad74-d0b5-404d-9505-4b7cb994baf3] Created FlowFile[2001,99014794699229.mockFlowFile,23B] from FlowFile[2000,99014794699229.mockFlowFile,23B]; routing to relationship simple
[pool-3322-thread-1] INFO org.apache.nifi.processors.standard.RouteText - RouteText[id=a680ad74-d0b5-404d-9505-4b7cb994baf3] Routing FlowFile[2000,99014794699229.mockFlowFile,23B] to original
[main] DEBUG org.apache.nifi.processors.standard.RouteText - RouteText[id=a680ad74-d0b5-404d-9505-4b7cb994baf3] Adding new dynamic property: PropertyDescriptor[simple]
[pool-3323-thread-1] INFO org.apache.nifi.processors.standard.RouteText - RouteText[id=a680ad74-d0b5-404d-9505-4b7cb994baf3] Created FlowFile[2003,99014794959414.mockFlowFile,23B] from FlowFile[2002,99014794959414.mockFlowFile,23B]; routing to relationship simple
[pool-3323-thread-1] INFO org.apache.nifi.processors.standard.RouteText - RouteText[id=a680ad74-d0b5-404d-9505-4b7cb994baf3] Routing FlowFile[2002,99014794959414.mockFlowFile,23B] to original
[main] DEBUG org.apache.nifi.processors.standard.RouteText - RouteText[id=a680ad74-d0b5-404d-9505-4b7cb994baf3] Adding new dynamic property: PropertyDescriptor[simple]
[pool-3324-thread-1] INFO org.apache.nifi.processors.standard.RouteText - RouteText[id=a680ad74-d0b5-404d-9505-4b7cb994baf3] Created FlowFile[2005,99014795349735.mockFlowFile,24B] from FlowFile[2004,99014795349735.mockFlowFile,24B]; routing to relationship simple
[pool-3324-thread-1] INFO org.apache.nifi.processors.standard.RouteText - RouteText[id=a680ad74-d0b5-404d-9505-4b7cb994baf3] Routing FlowFile[2004,99014795349735.mockFlowFile,24B] to original
[main] DEBUG org.apache.nifi.processors.standard.RouteText - RouteText[id=a680ad74-d0b5-404d-9505-4b7cb994baf3] Adding new dynamic property: PropertyDescriptor[simple]
[pool-3325-thread-1] INFO org.apache.nifi.processors.standard.RouteText - RouteText[id=a680ad74-d0b5-404d-9505-4b7cb994baf3] Created FlowFile[2007,99014795662848.mockFlowFile,24B] from FlowFile[2006,99014795662848.mockFlowFile,24B]; routing to relationship simple
[pool-3325-thread-1] INFO org.apache.nifi.processors.standard.RouteText - RouteText[id=a680ad74-d0b5-404d-9505-4b7cb994baf3] Routing FlowFile[2006,99014795662848.mockFlowFile,24B] to original
[main] DEBUG org.apache.nifi.processors.standard.RouteText - RouteText[id=a680ad74-d0b5-404d-9505-4b7cb994baf3] Adding new dynamic property: PropertyDescriptor[simple]
[pool-3326-thread-1] INFO org.apache.nifi.processors.standard.RouteText - RouteText[id=a680ad74-d0b5-404d-9505-4b7cb994baf3] Created FlowFile[2009,99014795915139.mockFlowFile,24B] from FlowFile[2008,99014795915139.mockFlowFile,24B]; routing to relationship simple
[pool-3326-thread-1] INFO org.apache.nifi.processors.standard.RouteText - RouteText[id=a680ad74-d0b5-404d-9505-4b7cb994baf3] Routing FlowFile[2008,99014795915139.mockFlowFile,24B] to original
[main] DEBUG org.apache.nifi.processors.standard.RouteText - RouteText[id=a680ad74-d0b5-404d-9505-4b7cb994baf3] Adding new dynamic property: PropertyDescriptor[simple]
[pool-3327-thread-1] INFO org.apache.nifi.processors.standard.RouteText - RouteText[id=a680ad74-d0b5-404d-9505-4b7cb994baf3] Created FlowFile[2011,99014796354031.mockFlowFile,24B] from FlowFile[2010,99014796354031.mockFlowFile,24B]; routing to relationship simple
[pool-3327-thread-1] INFO org.apache.nifi.processors.standard.RouteText - RouteText[id=a680ad74-d0b5-404d-9505-4b7cb994baf3] Routing FlowFile[2010,99014796354031.mockFlowFile,24B] to original
[main] DEBUG org.apache.nifi.processors.standard.RouteText - RouteText[id=a680ad74-d0b5-404d-9505-4b7cb994baf3] Adding new dynamic property: PropertyDescriptor[simple]
[pool-3328-thread-1] INFO org.apache.nifi.processors.standard.RouteText - RouteText[id=a680ad74-d0b5-404d-9505-4b7cb994baf3] Created FlowFile[2013,99014796727440.mockFlowFile,24B] from FlowFile[2012,99014796727440.mockFlowFile,24B]; routing to relationship simple
[pool-3328-thread-1] INFO org.apache.nifi.processors.standard.RouteText - RouteText[id=a680ad74-d0b5-404d-9505-4b7cb994baf3] Routing FlowFile[2012,99014796727440.mockFlowFile,24B] to original
[main] DEBUG org.apache.nifi.processors.standard.RouteText - RouteText[id=a680ad74-d0b5-404d-9505-4b7cb994baf3] Adding new dynamic property: PropertyDescriptor[simple]
[pool-3329-thread-1] INFO org.apache.nifi.processors.standard.RouteText - RouteText[id=a680ad74-d0b5-404d-9505-4b7cb994baf3] Created FlowFile[2015,99014797036622.mockFlowFile,24B] from FlowFile[2014,99014797036622.mockFlowFile,24B]; routing to relationship simple
[pool-3329-thread-1] INFO org.apache.nifi.processors.standard.RouteText - RouteText[id=a680ad74-d0b5-404d-9505-4b7cb994baf3] Routing FlowFile[2014,99014797036622.mockFlowFile,24B] to original
[main] DEBUG org.apache.nifi.processors.standard.RouteText - RouteText[id=a680ad74-d0b5-404d-9505-4b7cb994baf3] Adding new dynamic property: PropertyDescriptor[simple]
[pool-3330-thread-1] INFO org.apache.nifi.processors.standard.RouteText - RouteText[id=a680ad74-d0b5-404d-9505-4b7cb994baf3] Created FlowFile[2017,99014797377717.mockFlowFile,24B] from FlowFile[2016,99014797377717.mockFlowFile,24B]; routing to relationship simple
[pool-3330-thread-1] INFO org.apache.nifi.processors.standard.RouteText - RouteText[id=a680ad74-d0b5-404d-9505-4b7cb994baf3] Routing FlowFile[2016,99014797377717.mockFlowFile,24B] to original
[main] DEBUG org.apache.nifi.processors.standard.RouteText - RouteText[id=a680ad74-d0b5-404d-9505-4b7cb994baf3] Adding new dynamic property: PropertyDescriptor[simple]
[pool-3331-thread-1] INFO org.apache.nifi.processors.standard.RouteText - RouteText[id=a680ad74-d0b5-404d-9505-4b7cb994baf3] Created FlowFile[2019,99014797723311.mockFlowFile,24B] from FlowFile[2018,99014797723311.mockFlowFile,24B]; routing to relationship simple
[pool-3331-thread-1] INFO org.apache.nifi.processors.standard.RouteText - RouteText[id=a680ad74-d0b5-404d-9505-4b7cb994baf3] Routing FlowFile[2018,99014797723311.mockFlowFile,24B] to original
[main] DEBUG org.apache.nifi.processors.standard.RouteText - RouteText[id=a680ad74-d0b5-404d-9505-4b7cb994baf3] Adding new dynamic property: PropertyDescriptor[simple]
[pool-3332-thread-1] INFO org.apache.nifi.processors.standard.RouteText - RouteText[id=a680ad74-d0b5-404d-9505-4b7cb994baf3] Created FlowFile[2021,99014798059897.mockFlowFile,24B] from FlowFile[2020,99014798059897.mockFlowFile,24B]; routing to relationship simple
[pool-3332-thread-1] INFO org.apache.nifi.processors.standard.RouteText - RouteText[id=a680ad74-d0b5-404d-9505-4b7cb994baf3] Routing FlowFile[2020,99014798059897.mockFlowFile,24B] to original
[main] DEBUG org.apache.nifi.processors.standard.RouteText - RouteText[id=a680ad74-d0b5-404d-9505-4b7cb994baf3] Adding new dynamic property: PropertyDescriptor[simple]
[pool-3333-thread-1] INFO org.apache.nifi.processors.standard.RouteText - RouteText[id=a680ad74-d0b5-404d-9505-4b7cb994baf3] Created FlowFile[2023,99014798652226.mockFlowFile,24B] from FlowFile[2022,99014798652226.mockFlowFile,24B]; routing to relationship simple
[pool-3333-thread-1] INFO org.apache.nifi.processors.standard.RouteText - RouteText[id=a680ad74-d0b5-404d-9505-4b7cb994baf3] Routing FlowFile[2022,99014798652226.mockFlowFile,24B] to original
[main] DEBUG org.apache.nifi.processors.standard.RouteText - RouteText[id=a680ad74-d0b5-404d-9505-4b7cb994baf3] Adding new dynamic property: PropertyDescriptor[simple]
[pool-3334-thread-1] INFO org.apache.nifi.processors.standard.RouteText - RouteText[id=a680ad74-d0b5-404d-9505-4b7cb994baf3] Created FlowFile[2025,99014799152035.mockFlowFile,24B] from FlowFile[2024,99014799152035.mockFlowFile,24B]; routing to relationship simple
[pool-3334-thread-1] INFO org.apache.nifi.processors.standard.RouteText - RouteText[id=a680ad74-d0b5-404d-9505-4b7cb994baf3] Routing FlowFile[2024,99014799152035.mockFlowFile,24B] to original
[main] DEBUG org.apache.nifi.processors.standard.RouteText - RouteText[id=a680ad74-d0b5-404d-9505-4b7cb994baf3] Adding new dynamic property: PropertyDescriptor[simple]
[pool-3335-thread-1] INFO org.apache.nifi.processors.standard.RouteText - RouteText[id=a680ad74-d0b5-404d-9505-4b7cb994baf3] Created FlowFile[2027,99014799628140.mockFlowFile,24B] from FlowFile[2026,99014799628140.mockFlowFile,24B]; routing to relationship simple
[pool-3335-thread-1] INFO org.apache.nifi.processors.standard.RouteText - RouteText[id=a680ad74-d0b5-404d-9505-4b7cb994baf3] Routing FlowFile[2026,99014799628140.mockFlowFile,24B] to original
[main] DEBUG org.apache.nifi.processors.standard.RouteText - RouteText[id=a680ad74-d0b5-404d-9505-4b7cb994baf3] Adding new dynamic property: PropertyDescriptor[simple]
[pool-3336-thread-1] INFO org.apache.nifi.processors.standard.RouteText - RouteText[id=a680ad74-d0b5-404d-9505-4b7cb994baf3] Created FlowFile[2029,99014800121005.mockFlowFile,24B] from FlowFile[2028,99014800121005.mockFlowFile,24B]; routing to relationship simple
[pool-3336-thread-1] INFO org.apache.nifi.processors.standard.RouteText - RouteText[id=a680ad74-d0b5-404d-9505-4b7cb994baf3] Routing FlowFile[2028,99014800121005.mockFlowFile,24B] to original
[main] DEBUG org.apache.nifi.processors.standard.RouteText - RouteText[id=a680ad74-d0b5-404d-9505-4b7cb994baf3] Adding new dynamic property: PropertyDescriptor[simple]
[pool-3337-thread-1] INFO org.apache.nifi.processors.standard.RouteText - RouteText[id=a680ad74-d0b5-404d-9505-4b7cb994baf3] Created FlowFile[2031,99014800770846.mockFlowFile,24B] from FlowFile[2030,99014800770846.mockFlowFile,24B]; routing to relationship simple
[pool-3337-thread-1] INFO org.apache.nifi.processors.standard.RouteText - RouteText[id=a680ad74-d0b5-404d-9505-4b7cb994baf3] Routing FlowFile[2030,99014800770846.mockFlowFile,24B] to original
[main] DEBUG org.apache.nifi.processors.standard.RouteText - RouteText[id=a680ad74-d0b5-404d-9505-4b7cb994baf3] Adding new dynamic property: PropertyDescriptor[simple]
[pool-3338-thread-1] INFO org.apache.nifi.processors.standard.RouteText - RouteText[id=a680ad74-d0b5-404d-9505-4b7cb994baf3] Created FlowFile[2033,99014801288082.mockFlowFile,24B] from FlowFile[2032,99014801288082.mockFlowFile,24B]; routing to relationship simple
[pool-3338-thread-1] INFO org.apache.nifi.processors.standard.RouteText - RouteText[id=a680ad74-d0b5-404d-9505-4b7cb994baf3] Routing FlowFile[2032,99014801288082.mockFlowFile,24B] to original
[main] DEBUG org.apache.nifi.processors.standard.RouteText - RouteText[id=a680ad74-d0b5-404d-9505-4b7cb994baf3] Adding new dynamic property: PropertyDescriptor[simple]
[pool-3339-thread-1] INFO org.apache.nifi.processors.standard.RouteText - RouteText[id=a680ad74-d0b5-404d-9505-4b7cb994baf3] Created FlowFile[2035,99014801923425.mockFlowFile,24B] from FlowFile[2034,99014801923425.mockFlowFile,24B]; routing to relationship simple
[pool-3339-thread-1] INFO org.apache.nifi.processors.standard.RouteText - RouteText[id=a680ad74-d0b5-404d-9505-4b7cb994baf3] Routing FlowFile[2034,99014801923425.mockFlowFile,24B] to original
[main] DEBUG org.apache.nifi.processors.standard.RouteText - RouteText[id=a680ad74-d0b5-404d-9505-4b7cb994baf3] Adding new dynamic property: PropertyDescriptor[simple]
[pool-3340-thread-1] INFO org.apache.nifi.processors.standard.RouteText - RouteText[id=a680ad74-d0b5-404d-9505-4b7cb994baf3] Created FlowFile[2037,99014802399954.mockFlowFile,24B] from FlowFile[2036,99014802399954.mockFlowFile,24B]; routing to relationship simple
[pool-3340-thread-1] INFO org.apache.nifi.processors.standard.RouteText - RouteText[id=a680ad74-d0b5-404d-9505-4b7cb994baf3] Routing FlowFile[2036,99014802399954.mockFlowFile,24B] to original
[main] DEBUG org.apache.nifi.processors.standard.RouteText - RouteText[id=a680ad74-d0b5-404d-9505-4b7cb994baf3] Adding new dynamic property: PropertyDescriptor[simple]
[pool-3341-thread-1] INFO org.apache.nifi.processors.standard.RouteText - RouteText[id=a680ad74-d0b5-404d-9505-4b7cb994baf3] Created FlowFile[2039,99014802940419.mockFlowFile,24B] from FlowFile[2038,99014802940419.mockFlowFile,24B]; routing to relationship simple
[pool-3341-thread-1] INFO org.apache.nifi.processors.standard.RouteText - RouteText[id=a680ad74-d0b5-404d-9505-4b7cb994baf3] Routing FlowFile[2038,99014802940419.mockFlowFile,24B] to original
[main] DEBUG org.apache.nifi.processors.standard.RouteText - RouteText[id=a680ad74-d0b5-404d-9505-4b7cb994baf3] Adding new dynamic property: PropertyDescriptor[simple]
[pool-3342-thread-1] INFO org.apache.nifi.processors.standard.RouteText - RouteText[id=a680ad74-d0b5-404d-9505-4b7cb994baf3] Created FlowFile[2041,99014803366127.mockFlowFile,24B] from FlowFile[2040,99014803366127.mockFlowFile,24B]; routing to relationship simple
[pool-3342-thread-1] INFO org.apache.nifi.processors.standard.RouteText - RouteText[id=a680ad74-d0b5-404d-9505-4b7cb994baf3] Routing FlowFile[2040,99014803366127.mockFlowFile,24B] to original
[main] DEBUG org.apache.nifi.processors.standard.RouteText - RouteText[id=a680ad74-d0b5-404d-9505-4b7cb994baf3] Adding new dynamic property: PropertyDescriptor[simple]
[pool-3343-thread-1] INFO org.apache.nifi.processors.standard.RouteText - RouteText[id=a680ad74-d0b5-404d-9505-4b7cb994baf3] Created FlowFile[2043,99014803790001.mockFlowFile,24B] from FlowFile[2042,99014803790001.mockFlowFile,24B]; routing to relationship simple
[pool-3343-thread-1] INFO org.apache.nifi.processors.standard.RouteText - RouteText[id=a680ad74-d0b5-404d-9505-4b7cb994baf3] Routing FlowFile[2042,99014803790001.mockFlowFile,24B] to original
[main] DEBUG org.apache.nifi.processors.standard.RouteText - RouteText[id=a680ad74-d0b5-404d-9505-4b7cb994baf3] Adding new dynamic property: PropertyDescriptor[simple]
[pool-3344-thread-1] INFO org.apache.nifi.processors.standard.RouteText - RouteText[id=a680ad74-d0b5-404d-9505-4b7cb994baf3] Created FlowFile[2045,99014804403762.mockFlowFile,24B] from FlowFile[2044,99014804403762.mockFlowFile,24B]; routing to relationship simple
[pool-3344-thread-1] INFO org.apache.nifi.processors.standard.RouteText - RouteText[id=a680ad74-d0b5-404d-9505-4b7cb994baf3] Routing FlowFile[2044,99014804403762.mockFlowFile,24B] to original
[main] DEBUG org.apache.nifi.processors.standard.RouteText - RouteText[id=a680ad74-d0b5-404d-9505-4b7cb994baf3] Adding new dynamic property: PropertyDescriptor[simple]
[pool-3345-thread-1] INFO org.apache.nifi.processors.standard.RouteText - RouteText[id=a680ad74-d0b5-404d-9505-4b7cb994baf3] Created FlowFile[2047,99014805041031.mockFlowFile,24B] from FlowFile[2046,99014805041031.mockFlowFile,24B]; routing to relationship simple
[pool-3345-thread-1] INFO org.apache.nifi.processors.standard.RouteText - RouteText[id=a680ad74-d0b5-404d-9505-4b7cb994baf3] Routing FlowFile[2046,99014805041031.mockFlowFile,24B] to original
[main] DEBUG org.apache.nifi.processors.standard.RouteText - RouteText[id=a680ad74-d0b5-404d-9505-4b7cb994baf3] Adding new dynamic property: PropertyDescriptor[simple]
[pool-3346-thread-1] INFO org.apache.nifi.processors.standard.RouteText - RouteText[id=a680ad74-d0b5-404d-9505-4b7cb994baf3] Created FlowFile[2049,99014805631599.mockFlowFile,24B] from FlowFile[2048,99014805631599.mockFlowFile,24B]; routing to relationship simple
[pool-3346-thread-1] INFO org.apache.nifi.processors.standard.RouteText - RouteText[id=a680ad74-d0b5-404d-9505-4b7cb994baf3] Routing FlowFile[2048,99014805631599.mockFlowFile,24B] to original
[main] DEBUG org.apache.nifi.processors.standard.RouteText - RouteText[id=a680ad74-d0b5-404d-9505-4b7cb994baf3] Adding new dynamic property: PropertyDescriptor[simple]
[pool-3347-thread-1] INFO org.apache.nifi.processors.standard.RouteText - RouteText[id=a680ad74-d0b5-404d-9505-4b7cb994baf3] Created FlowFile[2051,99014806245488.mockFlowFile,24B] from FlowFile[2050,99014806245488.mockFlowFile,24B]; routing to relationship simple
[pool-3347-thread-1] INFO org.apache.nifi.processors.standard.RouteText - RouteText[id=a680ad74-d0b5-404d-9505-4b7cb994baf3] Routing FlowFile[2050,99014806245488.mockFlowFile,24B] to original
[main] DEBUG org.apache.nifi.processors.standard.RouteText - RouteText[id=a680ad74-d0b5-404d-9505-4b7cb994baf3] Adding new dynamic property: PropertyDescriptor[simple]
[pool-3348-thread-1] INFO org.apache.nifi.processors.standard.RouteText - RouteText[id=a680ad74-d0b5-404d-9505-4b7cb994baf3] Created FlowFile[2053,99014806891265.mockFlowFile,24B] from FlowFile[2052,99014806891265.mockFlowFile,24B]; routing to relationship simple
[pool-3348-thread-1] INFO org.apache.nifi.processors.standard.RouteText - RouteText[id=a680ad74-d0b5-404d-9505-4b7cb994baf3] Routing FlowFile[2052,99014806891265.mockFlowFile,24B] to original
[main] DEBUG org.apache.nifi.processors.standard.RouteText - RouteText[id=a680ad74-d0b5-404d-9505-4b7cb994baf3] Adding new dynamic property: PropertyDescriptor[simple]
[pool-3349-thread-1] INFO org.apache.nifi.processors.standard.RouteText - RouteText[id=a680ad74-d0b5-404d-9505-4b7cb994baf3] Created FlowFile[2055,99014807418407.mockFlowFile,24B] from FlowFile[2054,99014807418407.mockFlowFile,24B]; routing to relationship simple
[pool-3349-thread-1] INFO org.apache.nifi.processors.standard.RouteText - RouteText[id=a680ad74-d0b5-404d-9505-4b7cb994baf3] Routing FlowFile[2054,99014807418407.mockFlowFile,24B] to original
[main] DEBUG org.apache.nifi.processors.standard.RouteText - RouteText[id=a680ad74-d0b5-404d-9505-4b7cb994baf3] Adding new dynamic property: PropertyDescriptor[simple]
[pool-3350-thread-1] INFO org.apache.nifi.processors.standard.RouteText - RouteText[id=a680ad74-d0b5-404d-9505-4b7cb994baf3] Created FlowFile[2057,99014807863009.mockFlowFile,24B] from FlowFile[2056,99014807863009.mockFlowFile,24B]; routing to relationship simple
[pool-3350-thread-1] INFO org.apache.nifi.processors.standard.RouteText - RouteText[id=a680ad74-d0b5-404d-9505-4b7cb994baf3] Routing FlowFile[2056,99014807863009.mockFlowFile,24B] to original
[main] DEBUG org.apache.nifi.processors.standard.RouteText - RouteText[id=a680ad74-d0b5-404d-9505-4b7cb994baf3] Adding new dynamic property: PropertyDescriptor[simple]
[pool-3351-thread-1] INFO org.apache.nifi.processors.standard.RouteText - RouteText[id=a680ad74-d0b5-404d-9505-4b7cb994baf3] Created FlowFile[2059,99014808369330.mockFlowFile,24B] from FlowFile[2058,99014808369330.mockFlowFile,24B]; routing to relationship simple
[pool-3351-thread-1] INFO org.apache.nifi.processors.standard.RouteText - RouteText[id=a680ad74-d0b5-404d-9505-4b7cb994baf3] Routing FlowFile[2058,99014808369330.mockFlowFile,24B] to original
[main] DEBUG org.apache.nifi.processors.standard.RouteText - RouteText[id=a680ad74-d0b5-404d-9505-4b7cb994baf3] Adding new dynamic property: PropertyDescriptor[simple]
[pool-3352-thread-1] INFO org.apache.nifi.processors.standard.RouteText - RouteText[id=a680ad74-d0b5-404d-9505-4b7cb994baf3] Created FlowFile[2061,99014808873898.mockFlowFile,24B] from FlowFile[2060,99014808873898.mockFlowFile,24B]; routing to relationship simple
[pool-3352-thread-1] INFO org.apache.nifi.processors.standard.RouteText - RouteText[id=a680ad74-d0b5-404d-9505-4b7cb994baf3] Routing FlowFile[2060,99014808873898.mockFlowFile,24B] to original
[main] DEBUG org.apache.nifi.processors.standard.RouteText - RouteText[id=a680ad74-d0b5-404d-9505-4b7cb994baf3] Adding new dynamic property: PropertyDescriptor[simple]
[pool-3353-thread-1] INFO org.apache.nifi.processors.standard.RouteText - RouteText[id=a680ad74-d0b5-404d-9505-4b7cb994baf3] Created FlowFile[2063,99014809365793.mockFlowFile,24B] from FlowFile[2062,99014809365793.mockFlowFile,24B]; routing to relationship simple
[pool-3353-thread-1] INFO org.apache.nifi.processors.standard.RouteText - RouteText[id=a680ad74-d0b5-404d-9505-4b7cb994baf3] Routing FlowFile[2062,99014809365793.mockFlowFile,24B] to original
[main] DEBUG org.apache.nifi.processors.standard.RouteText - RouteText[id=a680ad74-d0b5-404d-9505-4b7cb994baf3] Adding new dynamic property: PropertyDescriptor[simple]
[pool-3354-thread-1] INFO org.apache.nifi.processors.standard.RouteText - RouteText[id=a680ad74-d0b5-404d-9505-4b7cb994baf3] Created FlowFile[2065,99014809823733.mockFlowFile,24B] from FlowFile[2064,99014809823733.mockFlowFile,24B]; routing to relationship simple
[pool-3354-thread-1] INFO org.apache.nifi.processors.standard.RouteText - RouteText[id=a680ad74-d0b5-404d-9505-4b7cb994baf3] Routing FlowFile[2064,99014809823733.mockFlowFile,24B] to original
[main] DEBUG org.apache.nifi.processors.standard.RouteText - RouteText[id=a680ad74-d0b5-404d-9505-4b7cb994baf3] Adding new dynamic property: PropertyDescriptor[simple]
[pool-3355-thread-1] INFO org.apache.nifi.processors.standard.RouteText - RouteText[id=a680ad74-d0b5-404d-9505-4b7cb994baf3] Created FlowFile[2067,99014810311458.mockFlowFile,24B] from FlowFile[2066,99014810311458.mockFlowFile,24B]; routing to relationship simple
[pool-3355-thread-1] INFO org.apache.nifi.processors.standard.RouteText - RouteText[id=a680ad74-d0b5-404d-9505-4b7cb994baf3] Routing FlowFile[2066,99014810311458.mockFlowFile,24B] to original
[main] DEBUG org.apache.nifi.processors.standard.RouteText - RouteText[id=a680ad74-d0b5-404d-9505-4b7cb994baf3] Adding new dynamic property: PropertyDescriptor[simple]
[pool-3356-thread-1] INFO org.apache.nifi.processors.standard.RouteText - RouteText[id=a680ad74-d0b5-404d-9505-4b7cb994baf3] Created FlowFile[2069,99014810956707.mockFlowFile,24B] from FlowFile[2068,99014810956707.mockFlowFile,24B]; routing to relationship simple
[pool-3356-thread-1] INFO org.apache.nifi.processors.standard.RouteText - RouteText[id=a680ad74-d0b5-404d-9505-4b7cb994baf3] Routing FlowFile[2068,99014810956707.mockFlowFile,24B] to original
[main] DEBUG org.apache.nifi.processors.standard.RouteText - RouteText[id=a680ad74-d0b5-404d-9505-4b7cb994baf3] Adding new dynamic property: PropertyDescriptor[simple]
[pool-3357-thread-1] INFO org.apache.nifi.processors.standard.RouteText - RouteText[id=a680ad74-d0b5-404d-9505-4b7cb994baf3] Created FlowFile[2071,99014811552805.mockFlowFile,24B] from FlowFile[2070,99014811552805.mockFlowFile,24B]; routing to relationship simple
[pool-3357-thread-1] INFO org.apache.nifi.processors.standard.RouteText - RouteText[id=a680ad74-d0b5-404d-9505-4b7cb994baf3] Routing FlowFile[2070,99014811552805.mockFlowFile,24B] to original
[main] DEBUG org.apache.nifi.processors.standard.RouteText - RouteText[id=a680ad74-d0b5-404d-9505-4b7cb994baf3] Adding new dynamic property: PropertyDescriptor[simple]
[pool-3358-thread-1] INFO org.apache.nifi.processors.standard.RouteText - RouteText[id=a680ad74-d0b5-404d-9505-4b7cb994baf3] Created FlowFile[2073,99014811999580.mockFlowFile,24B] from FlowFile[2072,99014811999580.mockFlowFile,24B]; routing to relationship simple
[pool-3358-thread-1] INFO org.apache.nifi.processors.standard.RouteText - RouteText[id=a680ad74-d0b5-404d-9505-4b7cb994baf3] Routing FlowFile[2072,99014811999580.mockFlowFile,24B] to original
[main] DEBUG org.apache.nifi.processors.standard.RouteText - RouteText[id=a680ad74-d0b5-404d-9505-4b7cb994baf3] Adding new dynamic property: PropertyDescriptor[simple]
[pool-3359-thread-1] INFO org.apache.nifi.processors.standard.RouteText - RouteText[id=a680ad74-d0b5-404d-9505-4b7cb994baf3] Created FlowFile[2075,99014812472642.mockFlowFile,24B] from FlowFile[2074,99014812472642.mockFlowFile,24B]; routing to relationship simple
[pool-3359-thread-1] INFO org.apache.nifi.processors.standard.RouteText - RouteText[id=a680ad74-d0b5-404d-9505-4b7cb994baf3] Routing FlowFile[2074,99014812472642.mockFlowFile,24B] to original
[main] DEBUG org.apache.nifi.processors.standard.RouteText - RouteText[id=a680ad74-d0b5-404d-9505-4b7cb994baf3] Adding new dynamic property: PropertyDescriptor[simple]
[pool-3360-thread-1] INFO org.apache.nifi.processors.standard.RouteText - RouteText[id=a680ad74-d0b5-404d-9505-4b7cb994baf3] Created FlowFile[2077,99014813058544.mockFlowFile,24B] from FlowFile[2076,99014813058544.mockFlowFile,24B]; routing to relationship simple
[pool-3360-thread-1] INFO org.apache.nifi.processors.standard.RouteText - RouteText[id=a680ad74-d0b5-404d-9505-4b7cb994baf3] Routing FlowFile[2076,99014813058544.mockFlowFile,24B] to original
[main] DEBUG org.apache.nifi.processors.standard.RouteText - RouteText[id=a680ad74-d0b5-404d-9505-4b7cb994baf3] Adding new dynamic property: PropertyDescriptor[simple]
[pool-3361-thread-1] INFO org.apache.nifi.processors.standard.RouteText - RouteText[id=a680ad74-d0b5-404d-9505-4b7cb994baf3] Created FlowFile[2079,99014813571107.mockFlowFile,24B] from FlowFile[2078,99014813571107.mockFlowFile,24B]; routing to relationship simple
[pool-3361-thread-1] INFO org.apache.nifi.processors.standard.RouteText - RouteText[id=a680ad74-d0b5-404d-9505-4b7cb994baf3] Routing FlowFile[2078,99014813571107.mockFlowFile,24B] to original
[main] DEBUG org.apache.nifi.processors.standard.RouteText - RouteText[id=a680ad74-d0b5-404d-9505-4b7cb994baf3] Adding new dynamic property: PropertyDescriptor[simple]
[pool-3362-thread-1] INFO org.apache.nifi.processors.standard.RouteText - RouteText[id=a680ad74-d0b5-404d-9505-4b7cb994baf3] Created FlowFile[2081,99014813993071.mockFlowFile,24B] from FlowFile[2080,99014813993071.mockFlowFile,24B]; routing to relationship simple
[pool-3362-thread-1] INFO org.apache.nifi.processors.standard.RouteText - RouteText[id=a680ad74-d0b5-404d-9505-4b7cb994baf3] Routing FlowFile[2080,99014813993071.mockFlowFile,24B] to original
[main] DEBUG org.apache.nifi.processors.standard.RouteText - RouteText[id=a680ad74-d0b5-404d-9505-4b7cb994baf3] Adding new dynamic property: PropertyDescriptor[simple]
[pool-3363-thread-1] INFO org.apache.nifi.processors.standard.RouteText - RouteText[id=a680ad74-d0b5-404d-9505-4b7cb994baf3] Created FlowFile[2083,99014814552769.mockFlowFile,24B] from FlowFile[2082,99014814552769.mockFlowFile,24B]; routing to relationship simple
[pool-3363-thread-1] INFO org.apache.nifi.processors.standard.RouteText - RouteText[id=a680ad74-d0b5-404d-9505-4b7cb994baf3] Routing FlowFile[2082,99014814552769.mockFlowFile,24B] to original
[main] DEBUG org.apache.nifi.processors.standard.RouteText - RouteText[id=a680ad74-d0b5-404d-9505-4b7cb994baf3] Adding new dynamic property: PropertyDescriptor[simple]
[pool-3364-thread-1] INFO org.apache.nifi.processors.standard.RouteText - RouteText[id=a680ad74-d0b5-404d-9505-4b7cb994baf3] Created FlowFile[2085,99014815121120.mockFlowFile,24B] from FlowFile[2084,99014815121120.mockFlowFile,24B]; routing to relationship simple
[pool-3364-thread-1] INFO org.apache.nifi.processors.standard.RouteText - RouteText[id=a680ad74-d0b5-404d-9505-4b7cb994baf3] Routing FlowFile[2084,99014815121120.mockFlowFile,24B] to original
[main] DEBUG org.apache.nifi.processors.standard.RouteText - RouteText[id=a680ad74-d0b5-404d-9505-4b7cb994baf3] Adding new dynamic property: PropertyDescriptor[simple]
[pool-3365-thread-1] INFO org.apache.nifi.processors.standard.RouteText - RouteText[id=a680ad74-d0b5-404d-9505-4b7cb994baf3] Created FlowFile[2087,99014815788329.mockFlowFile,24B] from FlowFile[2086,99014815788329.mockFlowFile,24B]; routing to relationship simple
[pool-3365-thread-1] INFO org.apache.nifi.processors.standard.RouteText - RouteText[id=a680ad74-d0b5-404d-9505-4b7cb994baf3] Routing FlowFile[2086,99014815788329.mockFlowFile,24B] to original
[main] DEBUG org.apache.nifi.processors.standard.RouteText - RouteText[id=a680ad74-d0b5-404d-9505-4b7cb994baf3] Adding new dynamic property: PropertyDescriptor[simple]
[pool-3366-thread-1] INFO org.apache.nifi.processors.standard.RouteText - RouteText[id=a680ad74-d0b5-404d-9505-4b7cb994baf3] Created FlowFile[2089,99014816420454.mockFlowFile,24B] from FlowFile[2088,99014816420454.mockFlowFile,24B]; routing to relationship simple
[pool-3366-thread-1] INFO org.apache.nifi.processors.standard.RouteText - RouteText[id=a680ad74-d0b5-404d-9505-4b7cb994baf3] Routing FlowFile[2088,99014816420454.mockFlowFile,24B] to original
[main] DEBUG org.apache.nifi.processors.standard.RouteText - RouteText[id=a680ad74-d0b5-404d-9505-4b7cb994baf3] Adding new dynamic property: PropertyDescriptor[simple]
[pool-3367-thread-1] INFO org.apache.nifi.processors.standard.RouteText - RouteText[id=a680ad74-d0b5-404d-9505-4b7cb994baf3] Created FlowFile[2091,99014817019620.mockFlowFile,24B] from FlowFile[2090,99014817019620.mockFlowFile,24B]; routing to relationship simple
[pool-3367-thread-1] INFO org.apache.nifi.processors.standard.RouteText - RouteText[id=a680ad74-d0b5-404d-9505-4b7cb994baf3] Routing FlowFile[2090,99014817019620.mockFlowFile,24B] to original
[main] DEBUG org.apache.nifi.processors.standard.RouteText - RouteText[id=a680ad74-d0b5-404d-9505-4b7cb994baf3] Adding new dynamic property: PropertyDescriptor[simple]
[pool-3368-thread-1] INFO org.apache.nifi.processors.standard.RouteText - RouteText[id=a680ad74-d0b5-404d-9505-4b7cb994baf3] Created FlowFile[2093,99014817565112.mockFlowFile,24B] from FlowFile[2092,99014817565112.mockFlowFile,24B]; routing to relationship simple
[pool-3368-thread-1] INFO org.apache.nifi.processors.standard.RouteText - RouteText[id=a680ad74-d0b5-404d-9505-4b7cb994baf3] Routing FlowFile[2092,99014817565112.mockFlowFile,24B] to original
[main] DEBUG org.apache.nifi.processors.standard.RouteText - RouteText[id=a680ad74-d0b5-404d-9505-4b7cb994baf3] Adding new dynamic property: PropertyDescriptor[simple]
[pool-3369-thread-1] INFO org.apache.nifi.processors.standard.RouteText - RouteText[id=a680ad74-d0b5-404d-9505-4b7cb994baf3] Created FlowFile[2095,99014818086052.mockFlowFile,24B] from FlowFile[2094,99014818086052.mockFlowFile,24B]; routing to relationship simple
[pool-3369-thread-1] INFO org.apache.nifi.processors.standard.RouteText - RouteText[id=a680ad74-d0b5-404d-9505-4b7cb994baf3] Routing FlowFile[2094,99014818086052.mockFlowFile,24B] to original
[main] DEBUG org.apache.nifi.processors.standard.RouteText - RouteText[id=a680ad74-d0b5-404d-9505-4b7cb994baf3] Adding new dynamic property: PropertyDescriptor[simple]
[pool-3370-thread-1] INFO org.apache.nifi.processors.standard.RouteText - RouteText[id=a680ad74-d0b5-404d-9505-4b7cb994baf3] Created FlowFile[2097,99014818514435.mockFlowFile,24B] from FlowFile[2096,99014818514435.mockFlowFile,24B]; routing to relationship simple
[pool-3370-thread-1] INFO org.apache.nifi.processors.standard.RouteText - RouteText[id=a680ad74-d0b5-404d-9505-4b7cb994baf3] Routing FlowFile[2096,99014818514435.mockFlowFile,24B] to original
[main] DEBUG org.apache.nifi.processors.standard.RouteText - RouteText[id=a680ad74-d0b5-404d-9505-4b7cb994baf3] Adding new dynamic property: PropertyDescriptor[simple]
[pool-3371-thread-1] INFO org.apache.nifi.processors.standard.RouteText - RouteText[id=a680ad74-d0b5-404d-9505-4b7cb994baf3] Created FlowFile[2099,99014818921473.mockFlowFile,24B] from FlowFile[2098,99014818921473.mockFlowFile,24B]; routing to relationship simple
[pool-3371-thread-1] INFO org.apache.nifi.processors.standard.RouteText - RouteText[id=a680ad74-d0b5-404d-9505-4b7cb994baf3] Routing FlowFile[2098,99014818921473.mockFlowFile,24B] to original
[main] DEBUG org.apache.nifi.processors.standard.RouteText - RouteText[id=a680ad74-d0b5-404d-9505-4b7cb994baf3] Adding new dynamic property: PropertyDescriptor[simple]
[pool-3372-thread-1] INFO org.apache.nifi.processors.standard.RouteText - RouteText[id=a680ad74-d0b5-404d-9505-4b7cb994baf3] Created FlowFile[2101,99014819451091.mockFlowFile,24B] from FlowFile[2100,99014819451091.mockFlowFile,24B]; routing to relationship simple
[pool-3372-thread-1] INFO org.apache.nifi.processors.standard.RouteText - RouteText[id=a680ad74-d0b5-404d-9505-4b7cb994baf3] Routing FlowFile[2100,99014819451091.mockFlowFile,24B] to original
[main] DEBUG org.apache.nifi.processors.standard.RouteText - RouteText[id=a680ad74-d0b5-404d-9505-4b7cb994baf3] Adding new dynamic property: PropertyDescriptor[simple]
[pool-3373-thread-1] INFO org.apache.nifi.processors.standard.RouteText - RouteText[id=a680ad74-d0b5-404d-9505-4b7cb994baf3] Created FlowFile[2103,99014819977198.mockFlowFile,24B] from FlowFile[2102,99014819977198.mockFlowFile,24B]; routing to relationship simple
[pool-3373-thread-1] INFO org.apache.nifi.processors.standard.RouteText - RouteText[id=a680ad74-d0b5-404d-9505-4b7cb994baf3] Routing FlowFile[2102,99014819977198.mockFlowFile,24B] to original
[main] DEBUG org.apache.nifi.processors.standard.RouteText - RouteText[id=a680ad74-d0b5-404d-9505-4b7cb994baf3] Adding new dynamic property: PropertyDescriptor[simple]
[pool-3374-thread-1] INFO org.apache.nifi.processors.standard.RouteText - RouteText[id=a680ad74-d0b5-404d-9505-4b7cb994baf3] Created FlowFile[2105,99014820535428.mockFlowFile,24B] from FlowFile[2104,99014820535428.mockFlowFile,24B]; routing to relationship simple
[pool-3374-thread-1] INFO org.apache.nifi.processors.standard.RouteText - RouteText[id=a680ad74-d0b5-404d-9505-4b7cb994baf3] Routing FlowFile[2104,99014820535428.mockFlowFile,24B] to original
[main] DEBUG org.apache.nifi.processors.standard.RouteText - RouteText[id=a680ad74-d0b5-404d-9505-4b7cb994baf3] Adding new dynamic property: PropertyDescriptor[simple]
[pool-3375-thread-1] INFO org.apache.nifi.processors.standard.RouteText - RouteText[id=a680ad74-d0b5-404d-9505-4b7cb994baf3] Created FlowFile[2107,99014821043543.mockFlowFile,24B] from FlowFile[2106,99014821043543.mockFlowFile,24B]; routing to relationship simple
[pool-3375-thread-1] INFO org.apache.nifi.processors.standard.RouteText - RouteText[id=a680ad74-d0b5-404d-9505-4b7cb994baf3] Routing FlowFile[2106,99014821043543.mockFlowFile,24B] to original
[main] DEBUG org.apache.nifi.processors.standard.RouteText - RouteText[id=a680ad74-d0b5-404d-9505-4b7cb994baf3] Adding new dynamic property: PropertyDescriptor[simple]
[pool-3376-thread-1] INFO org.apache.nifi.processors.standard.RouteText - RouteText[id=a680ad74-d0b5-404d-9505-4b7cb994baf3] Created FlowFile[2109,99014821548626.mockFlowFile,24B] from FlowFile[2108,99014821548626.mockFlowFile,24B]; routing to relationship simple
[pool-3376-thread-1] INFO org.apache.nifi.processors.standard.RouteText - RouteText[id=a680ad74-d0b5-404d-9505-4b7cb994baf3] Routing FlowFile[2108,99014821548626.mockFlowFile,24B] to original
[main] DEBUG org.apache.nifi.processors.standard.RouteText - RouteText[id=a680ad74-d0b5-404d-9505-4b7cb994baf3] Adding new dynamic property: PropertyDescriptor[simple]
[pool-3377-thread-1] INFO org.apache.nifi.processors.standard.RouteText - RouteText[id=a680ad74-d0b5-404d-9505-4b7cb994baf3] Created FlowFile[2111,99014822028192.mockFlowFile,24B] from FlowFile[2110,99014822028192.mockFlowFile,24B]; routing to relationship simple
[pool-3377-thread-1] INFO org.apache.nifi.processors.standard.RouteText - RouteText[id=a680ad74-d0b5-404d-9505-4b7cb994baf3] Routing FlowFile[2110,99014822028192.mockFlowFile,24B] to original
[main] DEBUG org.apache.nifi.processors.standard.RouteText - RouteText[id=a680ad74-d0b5-404d-9505-4b7cb994baf3] Adding new dynamic property: PropertyDescriptor[simple]
[pool-3378-thread-1] INFO org.apache.nifi.processors.standard.RouteText - RouteText[id=a680ad74-d0b5-404d-9505-4b7cb994baf3] Created FlowFile[2113,99014822462879.mockFlowFile,24B] from FlowFile[2112,99014822462879.mockFlowFile,24B]; routing to relationship simple
[pool-3378-thread-1] INFO org.apache.nifi.processors.standard.RouteText - RouteText[id=a680ad74-d0b5-404d-9505-4b7cb994baf3] Routing FlowFile[2112,99014822462879.mockFlowFile,24B] to original
[main] DEBUG org.apache.nifi.processors.standard.RouteText - RouteText[id=a680ad74-d0b5-404d-9505-4b7cb994baf3] Adding new dynamic property: PropertyDescriptor[simple]
[pool-3379-thread-1] INFO org.apache.nifi.processors.standard.RouteText - RouteText[id=a680ad74-d0b5-404d-9505-4b7cb994baf3] Created FlowFile[2115,99014822845972.mockFlowFile,24B] from FlowFile[2114,99014822845972.mockFlowFile,24B]; routing to relationship simple
[pool-3379-thread-1] INFO org.apache.nifi.processors.standard.RouteText - RouteText[id=a680ad74-d0b5-404d-9505-4b7cb994baf3] Routing FlowFile[2114,99014822845972.mockFlowFile,24B] to original
[main] DEBUG org.apache.nifi.processors.standard.RouteText - RouteText[id=a680ad74-d0b5-404d-9505-4b7cb994baf3] Adding new dynamic property: PropertyDescriptor[simple]
[pool-3380-thread-1] INFO org.apache.nifi.processors.standard.RouteText - RouteText[id=a680ad74-d0b5-404d-9505-4b7cb994baf3] Created FlowFile[2117,99014823394777.mockFlowFile,24B] from FlowFile[2116,99014823394777.mockFlowFile,24B]; routing to relationship simple
[pool-3380-thread-1] INFO org.apache.nifi.processors.standard.RouteText - RouteText[id=a680ad74-d0b5-404d-9505-4b7cb994baf3] Routing FlowFile[2116,99014823394777.mockFlowFile,24B] to original
[main] DEBUG org.apache.nifi.processors.standard.RouteText - RouteText[id=a680ad74-d0b5-404d-9505-4b7cb994baf3] Adding new dynamic property: PropertyDescriptor[simple]
[pool-3381-thread-1] INFO org.apache.nifi.processors.standard.RouteText - RouteText[id=a680ad74-d0b5-404d-9505-4b7cb994baf3] Created FlowFile[2119,99014823833332.mockFlowFile,24B] from FlowFile[2118,99014823833332.mockFlowFile,24B]; routing to relationship simple
[pool-3381-thread-1] INFO org.apache.nifi.processors.standard.RouteText - RouteText[id=a680ad74-d0b5-404d-9505-4b7cb994baf3] Routing FlowFile[2118,99014823833332.mockFlowFile,24B] to original
[main] DEBUG org.apache.nifi.processors.standard.RouteText - RouteText[id=a680ad74-d0b5-404d-9505-4b7cb994baf3] Adding new dynamic property: PropertyDescriptor[simple]
[pool-3382-thread-1] INFO org.apache.nifi.processors.standard.RouteText - RouteText[id=a680ad74-d0b5-404d-9505-4b7cb994baf3] Created FlowFile[2121,99014824266301.mockFlowFile,24B] from FlowFile[2120,99014824266301.mockFlowFile,24B]; routing to relationship simple
[pool-3382-thread-1] INFO org.apache.nifi.processors.standard.RouteText - RouteText[id=a680ad74-d0b5-404d-9505-4b7cb994baf3] Routing FlowFile[2120,99014824266301.mockFlowFile,24B] to original
[main] DEBUG org.apache.nifi.processors.standard.RouteText - RouteText[id=a680ad74-d0b5-404d-9505-4b7cb994baf3] Adding new dynamic property: PropertyDescriptor[simple]
[pool-3383-thread-1] INFO org.apache.nifi.processors.standard.RouteText - RouteText[id=a680ad74-d0b5-404d-9505-4b7cb994baf3] Created FlowFile[2123,99014824750933.mockFlowFile,24B] from FlowFile[2122,99014824750933.mockFlowFile,24B]; routing to relationship simple
[pool-3383-thread-1] INFO org.apache.nifi.processors.standard.RouteText - RouteText[id=a680ad74-d0b5-404d-9505-4b7cb994baf3] Routing FlowFile[2122,99014824750933.mockFlowFile,24B] to original
[main] DEBUG org.apache.nifi.processors.standard.RouteText - RouteText[id=a680ad74-d0b5-404d-9505-4b7cb994baf3] Adding new dynamic property: PropertyDescriptor[simple]
[pool-3384-thread-1] INFO org.apache.nifi.processors.standard.RouteText - RouteText[id=a680ad74-d0b5-404d-9505-4b7cb994baf3] Created FlowFile[2125,99014825260377.mockFlowFile,24B] from FlowFile[2124,99014825260377.mockFlowFile,24B]; routing to relationship simple
[pool-3384-thread-1] INFO org.apache.nifi.processors.standard.RouteText - RouteText[id=a680ad74-d0b5-404d-9505-4b7cb994baf3] Routing FlowFile[2124,99014825260377.mockFlowFile,24B] to original
[main] DEBUG org.apache.nifi.processors.standard.RouteText - RouteText[id=a680ad74-d0b5-404d-9505-4b7cb994baf3] Adding new dynamic property: PropertyDescriptor[simple]
[pool-3385-thread-1] INFO org.apache.nifi.processors.standard.RouteText - RouteText[id=a680ad74-d0b5-404d-9505-4b7cb994baf3] Created FlowFile[2127,99014825760255.mockFlowFile,24B] from FlowFile[2126,99014825760255.mockFlowFile,24B]; routing to relationship simple
[pool-3385-thread-1] INFO org.apache.nifi.processors.standard.RouteText - RouteText[id=a680ad74-d0b5-404d-9505-4b7cb994baf3] Routing FlowFile[2126,99014825760255.mockFlowFile,24B] to original
[main] DEBUG org.apache.nifi.processors.standard.RouteText - RouteText[id=a680ad74-d0b5-404d-9505-4b7cb994baf3] Adding new dynamic property: PropertyDescriptor[simple]
[pool-3386-thread-1] INFO org.apache.nifi.processors.standard.RouteText - RouteText[id=a680ad74-d0b5-404d-9505-4b7cb994baf3] Created FlowFile[2129,99014826157144.mockFlowFile,24B] from FlowFile[2128,99014826157144.mockFlowFile,24B]; routing to relationship simple
[pool-3386-thread-1] INFO org.apache.nifi.processors.standard.RouteText - RouteText[id=a680ad74-d0b5-404d-9505-4b7cb994baf3] Routing FlowFile[2128,99014826157144.mockFlowFile,24B] to original
[main] DEBUG org.apache.nifi.processors.standard.RouteText - RouteText[id=a680ad74-d0b5-404d-9505-4b7cb994baf3] Adding new dynamic property: PropertyDescriptor[simple]
[pool-3387-thread-1] INFO org.apache.nifi.processors.standard.RouteText - RouteText[id=a680ad74-d0b5-404d-9505-4b7cb994baf3] Created FlowFile[2131,99014826534774.mockFlowFile,24B] from FlowFile[2130,99014826534774.mockFlowFile,24B]; routing to relationship simple
[pool-3387-thread-1] INFO org.apache.nifi.processors.standard.RouteText - RouteText[id=a680ad74-d0b5-404d-9505-4b7cb994baf3] Routing FlowFile[2130,99014826534774.mockFlowFile,24B] to original
[main] DEBUG org.apache.nifi.processors.standard.RouteText - RouteText[id=a680ad74-d0b5-404d-9505-4b7cb994baf3] Adding new dynamic property: PropertyDescriptor[simple]
[pool-3388-thread-1] INFO org.apache.nifi.processors.standard.RouteText - RouteText[id=a680ad74-d0b5-404d-9505-4b7cb994baf3] Created FlowFile[2133,99014826980268.mockFlowFile,24B] from FlowFile[2132,99014826980268.mockFlowFile,24B]; routing to relationship simple
[pool-3388-thread-1] INFO org.apache.nifi.processors.standard.RouteText - RouteText[id=a680ad74-d0b5-404d-9505-4b7cb994baf3] Routing FlowFile[2132,99014826980268.mockFlowFile,24B] to original
[main] DEBUG org.apache.nifi.processors.standard.RouteText - RouteText[id=a680ad74-d0b5-404d-9505-4b7cb994baf3] Adding new dynamic property: PropertyDescriptor[simple]
[pool-3389-thread-1] INFO org.apache.nifi.processors.standard.RouteText - RouteText[id=a680ad74-d0b5-404d-9505-4b7cb994baf3] Created FlowFile[2135,99014827477321.mockFlowFile,24B] from FlowFile[2134,99014827477321.mockFlowFile,24B]; routing to relationship simple
[pool-3389-thread-1] INFO org.apache.nifi.processors.standard.RouteText - RouteText[id=a680ad74-d0b5-404d-9505-4b7cb994baf3] Routing FlowFile[2134,99014827477321.mockFlowFile,24B] to original
[main] DEBUG org.apache.nifi.processors.standard.RouteText - RouteText[id=a680ad74-d0b5-404d-9505-4b7cb994baf3] Adding new dynamic property: PropertyDescriptor[simple]
[pool-3390-thread-1] INFO org.apache.nifi.processors.standard.RouteText - RouteText[id=a680ad74-d0b5-404d-9505-4b7cb994baf3] Created FlowFile[2137,99014827914345.mockFlowFile,24B] from FlowFile[2136,99014827914345.mockFlowFile,24B]; routing to relationship simple
[pool-3390-thread-1] INFO org.apache.nifi.processors.standard.RouteText - RouteText[id=a680ad74-d0b5-404d-9505-4b7cb994baf3] Routing FlowFile[2136,99014827914345.mockFlowFile,24B] to original
[main] DEBUG org.apache.nifi.processors.standard.RouteText - RouteText[id=a680ad74-d0b5-404d-9505-4b7cb994baf3] Adding new dynamic property: PropertyDescriptor[simple]
[pool-3391-thread-1] INFO org.apache.nifi.processors.standard.RouteText - RouteText[id=a680ad74-d0b5-404d-9505-4b7cb994baf3] Created FlowFile[2139,99014828455853.mockFlowFile,24B] from FlowFile[2138,99014828455853.mockFlowFile,24B]; routing to relationship simple
[pool-3391-thread-1] INFO org.apache.nifi.processors.standard.RouteText - RouteText[id=a680ad74-d0b5-404d-9505-4b7cb994baf3] Routing FlowFile[2138,99014828455853.mockFlowFile,24B] to original
[main] DEBUG org.apache.nifi.processors.standard.RouteText - RouteText[id=a680ad74-d0b5-404d-9505-4b7cb994baf3] Adding new dynamic property: PropertyDescriptor[simple]
[pool-3392-thread-1] INFO org.apache.nifi.processors.standard.RouteText - RouteText[id=a680ad74-d0b5-404d-9505-4b7cb994baf3] Created FlowFile[2141,99014829023012.mockFlowFile,24B] from FlowFile[2140,99014829023012.mockFlowFile,24B]; routing to relationship simple
[pool-3392-thread-1] INFO org.apache.nifi.processors.standard.RouteText - RouteText[id=a680ad74-d0b5-404d-9505-4b7cb994baf3] Routing FlowFile[2140,99014829023012.mockFlowFile,24B] to original
[main] DEBUG org.apache.nifi.processors.standard.RouteText - RouteText[id=a680ad74-d0b5-404d-9505-4b7cb994baf3] Adding new dynamic property: PropertyDescriptor[simple]
[pool-3393-thread-1] INFO org.apache.nifi.processors.standard.RouteText - RouteText[id=a680ad74-d0b5-404d-9505-4b7cb994baf3] Created FlowFile[2143,99014829562482.mockFlowFile,24B] from FlowFile[2142,99014829562482.mockFlowFile,24B]; routing to relationship simple
[pool-3393-thread-1] INFO org.apache.nifi.processors.standard.RouteText - RouteText[id=a680ad74-d0b5-404d-9505-4b7cb994baf3] Routing FlowFile[2142,99014829562482.mockFlowFile,24B] to original
[main] DEBUG org.apache.nifi.processors.standard.RouteText - RouteText[id=a680ad74-d0b5-404d-9505-4b7cb994baf3] Adding new dynamic property: PropertyDescriptor[simple]
[pool-3394-thread-1] INFO org.apache.nifi.processors.standard.RouteText - RouteText[id=a680ad74-d0b5-404d-9505-4b7cb994baf3] Created FlowFile[2145,99014830125477.mockFlowFile,24B] from FlowFile[2144,99014830125477.mockFlowFile,24B]; routing to relationship simple
[pool-3394-thread-1] INFO org.apache.nifi.processors.standard.RouteText - RouteText[id=a680ad74-d0b5-404d-9505-4b7cb994baf3] Routing FlowFile[2144,99014830125477.mockFlowFile,24B] to original
[main] DEBUG org.apache.nifi.processors.standard.RouteText - RouteText[id=a680ad74-d0b5-404d-9505-4b7cb994baf3] Adding new dynamic property: PropertyDescriptor[simple]
[pool-3395-thread-1] INFO org.apache.nifi.processors.standard.RouteText - RouteText[id=a680ad74-d0b5-404d-9505-4b7cb994baf3] Created FlowFile[2147,99014830590121.mockFlowFile,24B] from FlowFile[2146,99014830590121.mockFlowFile,24B]; routing to relationship simple
[pool-3395-thread-1] INFO org.apache.nifi.processors.standard.RouteText - RouteText[id=a680ad74-d0b5-404d-9505-4b7cb994baf3] Routing FlowFile[2146,99014830590121.mockFlowFile,24B] to original
[main] DEBUG org.apache.nifi.processors.standard.RouteText - RouteText[id=a680ad74-d0b5-404d-9505-4b7cb994baf3] Adding new dynamic property: PropertyDescriptor[simple]
[pool-3396-thread-1] INFO org.apache.nifi.processors.standard.RouteText - RouteText[id=a680ad74-d0b5-404d-9505-4b7cb994baf3] Created FlowFile[2149,99014831019251.mockFlowFile,24B] from FlowFile[2148,99014831019251.mockFlowFile,24B]; routing to relationship simple
[pool-3396-thread-1] INFO org.apache.nifi.processors.standard.RouteText - RouteText[id=a680ad74-d0b5-404d-9505-4b7cb994baf3] Routing FlowFile[2148,99014831019251.mockFlowFile,24B] to original
[main] DEBUG org.apache.nifi.processors.standard.RouteText - RouteText[id=a680ad74-d0b5-404d-9505-4b7cb994baf3] Adding new dynamic property: PropertyDescriptor[simple]
[pool-3397-thread-1] INFO org.apache.nifi.processors.standard.RouteText - RouteText[id=a680ad74-d0b5-404d-9505-4b7cb994baf3] Created FlowFile[2151,99014831606899.mockFlowFile,24B] from FlowFile[2150,99014831606899.mockFlowFile,24B]; routing to relationship simple
[pool-3397-thread-1] INFO org.apache.nifi.processors.standard.RouteText - RouteText[id=a680ad74-d0b5-404d-9505-4b7cb994baf3] Routing FlowFile[2150,99014831606899.mockFlowFile,24B] to original
[main] DEBUG org.apache.nifi.processors.standard.RouteText - RouteText[id=a680ad74-d0b5-404d-9505-4b7cb994baf3] Adding new dynamic property: PropertyDescriptor[simple]
[pool-3398-thread-1] INFO org.apache.nifi.processors.standard.RouteText - RouteText[id=a680ad74-d0b5-404d-9505-4b7cb994baf3] Created FlowFile[2153,99014832090262.mockFlowFile,24B] from FlowFile[2152,99014832090262.mockFlowFile,24B]; routing to relationship simple
[pool-3398-thread-1] INFO org.apache.nifi.processors.standard.RouteText - RouteText[id=a680ad74-d0b5-404d-9505-4b7cb994baf3] Routing FlowFile[2152,99014832090262.mockFlowFile,24B] to original
[main] DEBUG org.apache.nifi.processors.standard.RouteText - RouteText[id=a680ad74-d0b5-404d-9505-4b7cb994baf3] Adding new dynamic property: PropertyDescriptor[simple]
[pool-3399-thread-1] INFO org.apache.nifi.processors.standard.RouteText - RouteText[id=a680ad74-d0b5-404d-9505-4b7cb994baf3] Created FlowFile[2155,99014832672264.mockFlowFile,24B] from FlowFile[2154,99014832672264.mockFlowFile,24B]; routing to relationship simple
[pool-3399-thread-1] INFO org.apache.nifi.processors.standard.RouteText - RouteText[id=a680ad74-d0b5-404d-9505-4b7cb994baf3] Routing FlowFile[2154,99014832672264.mockFlowFile,24B] to original
[main] DEBUG org.apache.nifi.processors.standard.RouteText - RouteText[id=a680ad74-d0b5-404d-9505-4b7cb994baf3] Adding new dynamic property: PropertyDescriptor[simple]
[pool-3400-thread-1] INFO org.apache.nifi.processors.standard.RouteText - RouteText[id=a680ad74-d0b5-404d-9505-4b7cb994baf3] Created FlowFile[2157,99014833247914.mockFlowFile,24B] from FlowFile[2156,99014833247914.mockFlowFile,24B]; routing to relationship simple
[pool-3400-thread-1] INFO org.apache.nifi.processors.standard.RouteText - RouteText[id=a680ad74-d0b5-404d-9505-4b7cb994baf3] Routing FlowFile[2156,99014833247914.mockFlowFile,24B] to original
[main] DEBUG org.apache.nifi.processors.standard.RouteText - RouteText[id=a680ad74-d0b5-404d-9505-4b7cb994baf3] Adding new dynamic property: PropertyDescriptor[simple]
[pool-3401-thread-1] INFO org.apache.nifi.processors.standard.RouteText - RouteText[id=a680ad74-d0b5-404d-9505-4b7cb994baf3] Created FlowFile[2159,99014833791950.mockFlowFile,24B] from FlowFile[2158,99014833791950.mockFlowFile,24B]; routing to relationship simple
[pool-3401-thread-1] INFO org.apache.nifi.processors.standard.RouteText - RouteText[id=a680ad74-d0b5-404d-9505-4b7cb994baf3] Routing FlowFile[2158,99014833791950.mockFlowFile,24B] to original
[main] DEBUG org.apache.nifi.processors.standard.RouteText - RouteText[id=a680ad74-d0b5-404d-9505-4b7cb994baf3] Adding new dynamic property: PropertyDescriptor[simple]
[pool-3402-thread-1] INFO org.apache.nifi.processors.standard.RouteText - RouteText[id=a680ad74-d0b5-404d-9505-4b7cb994baf3] Created FlowFile[2161,99014834223138.mockFlowFile,24B] from FlowFile[2160,99014834223138.mockFlowFile,24B]; routing to relationship simple
[pool-3402-thread-1] INFO org.apache.nifi.processors.standard.RouteText - RouteText[id=a680ad74-d0b5-404d-9505-4b7cb994baf3] Routing FlowFile[2160,99014834223138.mockFlowFile,24B] to original
[main] DEBUG org.apache.nifi.processors.standard.RouteText - RouteText[id=a680ad74-d0b5-404d-9505-4b7cb994baf3] Adding new dynamic property: PropertyDescriptor[simple]
[pool-3403-thread-1] INFO org.apache.nifi.processors.standard.RouteText - RouteText[id=a680ad74-d0b5-404d-9505-4b7cb994baf3] Created FlowFile[2163,99014834635500.mockFlowFile,24B] from FlowFile[2162,99014834635500.mockFlowFile,24B]; routing to relationship simple
[pool-3403-thread-1] INFO org.apache.nifi.processors.standard.RouteText - RouteText[id=a680ad74-d0b5-404d-9505-4b7cb994baf3] Routing FlowFile[2162,99014834635500.mockFlowFile,24B] to original
[main] DEBUG org.apache.nifi.processors.standard.RouteText - RouteText[id=a680ad74-d0b5-404d-9505-4b7cb994baf3] Adding new dynamic property: PropertyDescriptor[simple]
[pool-3404-thread-1] INFO org.apache.nifi.processors.standard.RouteText - RouteText[id=a680ad74-d0b5-404d-9505-4b7cb994baf3] Created FlowFile[2165,99014835047284.mockFlowFile,24B] from FlowFile[2164,99014835047284.mockFlowFile,24B]; routing to relationship simple
[pool-3404-thread-1] INFO org.apache.nifi.processors.standard.RouteText - RouteText[id=a680ad74-d0b5-404d-9505-4b7cb994baf3] Routing FlowFile[2164,99014835047284.mockFlowFile,24B] to original
[main] DEBUG org.apache.nifi.processors.standard.RouteText - RouteText[id=a680ad74-d0b5-404d-9505-4b7cb994baf3] Adding new dynamic property: PropertyDescriptor[simple]
[pool-3405-thread-1] INFO org.apache.nifi.processors.standard.RouteText - RouteText[id=a680ad74-d0b5-404d-9505-4b7cb994baf3] Created FlowFile[2167,99014835598909.mockFlowFile,24B] from FlowFile[2166,99014835598909.mockFlowFile,24B]; routing to relationship simple
[pool-3405-thread-1] INFO org.apache.nifi.processors.standard.RouteText - RouteText[id=a680ad74-d0b5-404d-9505-4b7cb994baf3] Routing FlowFile[2166,99014835598909.mockFlowFile,24B] to original
[main] DEBUG org.apache.nifi.processors.standard.RouteText - RouteText[id=a680ad74-d0b5-404d-9505-4b7cb994baf3] Adding new dynamic property: PropertyDescriptor[simple]
[pool-3406-thread-1] INFO org.apache.nifi.processors.standard.RouteText - RouteText[id=a680ad74-d0b5-404d-9505-4b7cb994baf3] Created FlowFile[2169,99014836070183.mockFlowFile,24B] from FlowFile[2168,99014836070183.mockFlowFile,24B]; routing to relationship simple
[pool-3406-thread-1] INFO org.apache.nifi.processors.standard.RouteText - RouteText[id=a680ad74-d0b5-404d-9505-4b7cb994baf3] Routing FlowFile[2168,99014836070183.mockFlowFile,24B] to original
[main] DEBUG org.apache.nifi.processors.standard.RouteText - RouteText[id=a680ad74-d0b5-404d-9505-4b7cb994baf3] Adding new dynamic property: PropertyDescriptor[simple]
[pool-3407-thread-1] INFO org.apache.nifi.processors.standard.RouteText - RouteText[id=a680ad74-d0b5-404d-9505-4b7cb994baf3] Created FlowFile[2171,99014836645267.mockFlowFile,24B] from FlowFile[2170,99014836645267.mockFlowFile,24B]; routing to relationship simple
[pool-3407-thread-1] INFO org.apache.nifi.processors.standard.RouteText - RouteText[id=a680ad74-d0b5-404d-9505-4b7cb994baf3] Routing FlowFile[2170,99014836645267.mockFlowFile,24B] to original
[main] DEBUG org.apache.nifi.processors.standard.RouteText - RouteText[id=a680ad74-d0b5-404d-9505-4b7cb994baf3] Adding new dynamic property: PropertyDescriptor[simple]
[pool-3408-thread-1] INFO org.apache.nifi.processors.standard.RouteText - RouteText[id=a680ad74-d0b5-404d-9505-4b7cb994baf3] Created FlowFile[2173,99014837276707.mockFlowFile,24B] from FlowFile[2172,99014837276707.mockFlowFile,24B]; routing to relationship simple
[pool-3408-thread-1] INFO org.apache.nifi.processors.standard.RouteText - RouteText[id=a680ad74-d0b5-404d-9505-4b7cb994baf3] Routing FlowFile[2172,99014837276707.mockFlowFile,24B] to original
[main] DEBUG org.apache.nifi.processors.standard.RouteText - RouteText[id=a680ad74-d0b5-404d-9505-4b7cb994baf3] Adding new dynamic property: PropertyDescriptor[simple]
[pool-3409-thread-1] INFO org.apache.nifi.processors.standard.RouteText - RouteText[id=a680ad74-d0b5-404d-9505-4b7cb994baf3] Created FlowFile[2175,99014837926265.mockFlowFile,24B] from FlowFile[2174,99014837926265.mockFlowFile,24B]; routing to relationship simple
[pool-3409-thread-1] INFO org.apache.nifi.processors.standard.RouteText - RouteText[id=a680ad74-d0b5-404d-9505-4b7cb994baf3] Routing FlowFile[2174,99014837926265.mockFlowFile,24B] to original
[main] DEBUG org.apache.nifi.processors.standard.RouteText - RouteText[id=a680ad74-d0b5-404d-9505-4b7cb994baf3] Adding new dynamic property: PropertyDescriptor[simple]
[pool-3410-thread-1] INFO org.apache.nifi.processors.standard.RouteText - RouteText[id=a680ad74-d0b5-404d-9505-4b7cb994baf3] Created FlowFile[2177,99014838534850.mockFlowFile,24B] from FlowFile[2176,99014838534850.mockFlowFile,24B]; routing to relationship simple
[pool-3410-thread-1] INFO org.apache.nifi.processors.standard.RouteText - RouteText[id=a680ad74-d0b5-404d-9505-4b7cb994baf3] Routing FlowFile[2176,99014838534850.mockFlowFile,24B] to original
[main] DEBUG org.apache.nifi.processors.standard.RouteText - RouteText[id=a680ad74-d0b5-404d-9505-4b7cb994baf3] Adding new dynamic property: PropertyDescriptor[simple]
[pool-3411-thread-1] INFO org.apache.nifi.processors.standard.RouteText - RouteText[id=a680ad74-d0b5-404d-9505-4b7cb994baf3] Created FlowFile[2179,99014839324405.mockFlowFile,24B] from FlowFile[2178,99014839324405.mockFlowFile,24B]; routing to relationship simple
[pool-3411-thread-1] INFO org.apache.nifi.processors.standard.RouteText - RouteText[id=a680ad74-d0b5-404d-9505-4b7cb994baf3] Routing FlowFile[2178,99014839324405.mockFlowFile,24B] to original
[main] DEBUG org.apache.nifi.processors.standard.RouteText - RouteText[id=a680ad74-d0b5-404d-9505-4b7cb994baf3] Adding new dynamic property: PropertyDescriptor[simple]
[pool-3412-thread-1] INFO org.apache.nifi.processors.standard.RouteText - RouteText[id=a680ad74-d0b5-404d-9505-4b7cb994baf3] Created FlowFile[2181,99014839938087.mockFlowFile,24B] from FlowFile[2180,99014839938087.mockFlowFile,24B]; routing to relationship simple
[pool-3412-thread-1] INFO org.apache.nifi.processors.standard.RouteText - RouteText[id=a680ad74-d0b5-404d-9505-4b7cb994baf3] Routing FlowFile[2180,99014839938087.mockFlowFile,24B] to original
[main] DEBUG org.apache.nifi.processors.standard.RouteText - RouteText[id=a680ad74-d0b5-404d-9505-4b7cb994baf3] Adding new dynamic property: PropertyDescriptor[simple]
[pool-3413-thread-1] INFO org.apache.nifi.processors.standard.RouteText - RouteText[id=a680ad74-d0b5-404d-9505-4b7cb994baf3] Created FlowFile[2183,99014840578659.mockFlowFile,24B] from FlowFile[2182,99014840578659.mockFlowFile,24B]; routing to relationship simple
[pool-3413-thread-1] INFO org.apache.nifi.processors.standard.RouteText - RouteText[id=a680ad74-d0b5-404d-9505-4b7cb994baf3] Routing FlowFile[2182,99014840578659.mockFlowFile,24B] to original
[main] DEBUG org.apache.nifi.processors.standard.RouteText - RouteText[id=a680ad74-d0b5-404d-9505-4b7cb994baf3] Adding new dynamic property: PropertyDescriptor[simple]
[pool-3414-thread-1] INFO org.apache.nifi.processors.standard.RouteText - RouteText[id=a680ad74-d0b5-404d-9505-4b7cb994baf3] Created FlowFile[2185,99014841035725.mockFlowFile,24B] from FlowFile[2184,99014841035725.mockFlowFile,24B]; routing to relationship simple
[pool-3414-thread-1] INFO org.apache.nifi.processors.standard.RouteText - RouteText[id=a680ad74-d0b5-404d-9505-4b7cb994baf3] Routing FlowFile[2184,99014841035725.mockFlowFile,24B] to original
[main] DEBUG org.apache.nifi.processors.standard.RouteText - RouteText[id=a680ad74-d0b5-404d-9505-4b7cb994baf3] Adding new dynamic property: PropertyDescriptor[simple]
[pool-3415-thread-1] INFO org.apache.nifi.processors.standard.RouteText - RouteText[id=a680ad74-d0b5-404d-9505-4b7cb994baf3] Created FlowFile[2187,99014841520257.mockFlowFile,24B] from FlowFile[2186,99014841520257.mockFlowFile,24B]; routing to relationship simple
[pool-3415-thread-1] INFO org.apache.nifi.processors.standard.RouteText - RouteText[id=a680ad74-d0b5-404d-9505-4b7cb994baf3] Routing FlowFile[2186,99014841520257.mockFlowFile,24B] to original
[main] DEBUG org.apache.nifi.processors.standard.RouteText - RouteText[id=a680ad74-d0b5-404d-9505-4b7cb994baf3] Adding new dynamic property: PropertyDescriptor[simple]
[pool-3416-thread-1] INFO org.apache.nifi.processors.standard.RouteText - RouteText[id=a680ad74-d0b5-404d-9505-4b7cb994baf3] Created FlowFile[2189,99014841966059.mockFlowFile,24B] from FlowFile[2188,99014841966059.mockFlowFile,24B]; routing to relationship simple
[pool-3416-thread-1] INFO org.apache.nifi.processors.standard.RouteText - RouteText[id=a680ad74-d0b5-404d-9505-4b7cb994baf3] Routing FlowFile[2188,99014841966059.mockFlowFile,24B] to original
[main] DEBUG org.apache.nifi.processors.standard.RouteText - RouteText[id=a680ad74-d0b5-404d-9505-4b7cb994baf3] Adding new dynamic property: PropertyDescriptor[simple]
[pool-3417-thread-1] INFO org.apache.nifi.processors.standard.RouteText - RouteText[id=a680ad74-d0b5-404d-9505-4b7cb994baf3] Created FlowFile[2191,99014842395884.mockFlowFile,24B] from FlowFile[2190,99014842395884.mockFlowFile,24B]; routing to relationship simple
[pool-3417-thread-1] INFO org.apache.nifi.processors.standard.RouteText - RouteText[id=a680ad74-d0b5-404d-9505-4b7cb994baf3] Routing FlowFile[2190,99014842395884.mockFlowFile,24B] to original
[main] DEBUG org.apache.nifi.processors.standard.RouteText - RouteText[id=a680ad74-d0b5-404d-9505-4b7cb994baf3] Adding new dynamic property: PropertyDescriptor[simple]
[pool-3418-thread-1] INFO org.apache.nifi.processors.standard.RouteText - RouteText[id=a680ad74-d0b5-404d-9505-4b7cb994baf3] Created FlowFile[2193,99014842833125.mockFlowFile,24B] from FlowFile[2192,99014842833125.mockFlowFile,24B]; routing to relationship simple
[pool-3418-thread-1] INFO org.apache.nifi.processors.standard.RouteText - RouteText[id=a680ad74-d0b5-404d-9505-4b7cb994baf3] Routing FlowFile[2192,99014842833125.mockFlowFile,24B] to original
[main] DEBUG org.apache.nifi.processors.standard.RouteText - RouteText[id=a680ad74-d0b5-404d-9505-4b7cb994baf3] Adding new dynamic property: PropertyDescriptor[simple]
[pool-3419-thread-1] INFO org.apache.nifi.processors.standard.RouteText - RouteText[id=a680ad74-d0b5-404d-9505-4b7cb994baf3] Created FlowFile[2195,99014843286485.mockFlowFile,24B] from FlowFile[2194,99014843286485.mockFlowFile,24B]; routing to relationship simple
[pool-3419-thread-1] INFO org.apache.nifi.processors.standard.RouteText - RouteText[id=a680ad74-d0b5-404d-9505-4b7cb994baf3] Routing FlowFile[2194,99014843286485.mockFlowFile,24B] to original
[main] DEBUG org.apache.nifi.processors.standard.RouteText - RouteText[id=a680ad74-d0b5-404d-9505-4b7cb994baf3] Adding new dynamic property: PropertyDescriptor[simple]
[pool-3420-thread-1] INFO org.apache.nifi.processors.standard.RouteText - RouteText[id=a680ad74-d0b5-404d-9505-4b7cb994baf3] Created FlowFile[2197,99014843694581.mockFlowFile,24B] from FlowFile[2196,99014843694581.mockFlowFile,24B]; routing to relationship simple
[pool-3420-thread-1] INFO org.apache.nifi.processors.standard.RouteText - RouteText[id=a680ad74-d0b5-404d-9505-4b7cb994baf3] Routing FlowFile[2196,99014843694581.mockFlowFile,24B] to original
[main] DEBUG org.apache.nifi.processors.standard.RouteText - RouteText[id=a680ad74-d0b5-404d-9505-4b7cb994baf3] Adding new dynamic property: PropertyDescriptor[simple]
[pool-3421-thread-1] INFO org.apache.nifi.processors.standard.RouteText - RouteText[id=a680ad74-d0b5-404d-9505-4b7cb994baf3] Created FlowFile[2199,99014844190762.mockFlowFile,24B] from FlowFile[2198,99014844190762.mockFlowFile,24B]; routing to relationship simple
[pool-3421-thread-1] INFO org.apache.nifi.processors.standard.RouteText - RouteText[id=a680ad74-d0b5-404d-9505-4b7cb994baf3] Routing FlowFile[2198,99014844190762.mockFlowFile,24B] to original
[main] DEBUG org.apache.nifi.processors.standard.RouteText - RouteText[id=a680ad74-d0b5-404d-9505-4b7cb994baf3] Adding new dynamic property: PropertyDescriptor[simple]
[pool-3422-thread-1] INFO org.apache.nifi.processors.standard.RouteText - RouteText[id=a680ad74-d0b5-404d-9505-4b7cb994baf3] Created FlowFile[2201,99014844621995.mockFlowFile,24B] from FlowFile[2200,99014844621995.mockFlowFile,24B]; routing to relationship simple
[pool-3422-thread-1] INFO org.apache.nifi.processors.standard.RouteText - RouteText[id=a680ad74-d0b5-404d-9505-4b7cb994baf3] Routing FlowFile[2200,99014844621995.mockFlowFile,24B] to original
[main] DEBUG org.apache.nifi.processors.standard.RouteText - RouteText[id=a680ad74-d0b5-404d-9505-4b7cb994baf3] Adding new dynamic property: PropertyDescriptor[simple]
[pool-3423-thread-1] INFO org.apache.nifi.processors.standard.RouteText - RouteText[id=a680ad74-d0b5-404d-9505-4b7cb994baf3] Created FlowFile[2203,99014845035420.mockFlowFile,24B] from FlowFile[2202,99014845035420.mockFlowFile,24B]; routing to relationship simple
[pool-3423-thread-1] INFO org.apache.nifi.processors.standard.RouteText - RouteText[id=a680ad74-d0b5-404d-9505-4b7cb994baf3] Routing FlowFile[2202,99014845035420.mockFlowFile,24B] to original
[main] DEBUG org.apache.nifi.processors.standard.RouteText - RouteText[id=a680ad74-d0b5-404d-9505-4b7cb994baf3] Adding new dynamic property: PropertyDescriptor[simple]
[pool-3424-thread-1] INFO org.apache.nifi.processors.standard.RouteText - RouteText[id=a680ad74-d0b5-404d-9505-4b7cb994baf3] Created FlowFile[2205,99014845435750.mockFlowFile,24B] from FlowFile[2204,99014845435750.mockFlowFile,24B]; routing to relationship simple
[pool-3424-thread-1] INFO org.apache.nifi.processors.standard.RouteText - RouteText[id=a680ad74-d0b5-404d-9505-4b7cb994baf3] Routing FlowFile[2204,99014845435750.mockFlowFile,24B] to original
[main] DEBUG org.apache.nifi.processors.standard.RouteText - RouteText[id=a680ad74-d0b5-404d-9505-4b7cb994baf3] Adding new dynamic property: PropertyDescriptor[simple]
[pool-3425-thread-1] INFO org.apache.nifi.processors.standard.RouteText - RouteText[id=a680ad74-d0b5-404d-9505-4b7cb994baf3] Created FlowFile[2207,99014845833026.mockFlowFile,24B] from FlowFile[2206,99014845833026.mockFlowFile,24B]; routing to relationship simple
[pool-3425-thread-1] INFO org.apache.nifi.processors.standard.RouteText - RouteText[id=a680ad74-d0b5-404d-9505-4b7cb994baf3] Routing FlowFile[2206,99014845833026.mockFlowFile,24B] to original
[main] DEBUG org.apache.nifi.processors.standard.RouteText - RouteText[id=a680ad74-d0b5-404d-9505-4b7cb994baf3] Adding new dynamic property: PropertyDescriptor[simple]
[pool-3426-thread-1] INFO org.apache.nifi.processors.standard.RouteText - RouteText[id=a680ad74-d0b5-404d-9505-4b7cb994baf3] Created FlowFile[2209,99014846213748.mockFlowFile,24B] from FlowFile[2208,99014846213748.mockFlowFile,24B]; routing to relationship simple
[pool-3426-thread-1] INFO org.apache.nifi.processors.standard.RouteText - RouteText[id=a680ad74-d0b5-404d-9505-4b7cb994baf3] Routing FlowFile[2208,99014846213748.mockFlowFile,24B] to original
[main] DEBUG org.apache.nifi.processors.standard.RouteText - RouteText[id=a680ad74-d0b5-404d-9505-4b7cb994baf3] Adding new dynamic property: PropertyDescriptor[simple]
[pool-3427-thread-1] INFO org.apache.nifi.processors.standard.RouteText - RouteText[id=a680ad74-d0b5-404d-9505-4b7cb994baf3] Created FlowFile[2211,99014846624006.mockFlowFile,24B] from FlowFile[2210,99014846624006.mockFlowFile,24B]; routing to relationship simple
[pool-3427-thread-1] INFO org.apache.nifi.processors.standard.RouteText - RouteText[id=a680ad74-d0b5-404d-9505-4b7cb994baf3] Routing FlowFile[2210,99014846624006.mockFlowFile,24B] to original
[main] DEBUG org.apache.nifi.processors.standard.RouteText - RouteText[id=a680ad74-d0b5-404d-9505-4b7cb994baf3] Adding new dynamic property: PropertyDescriptor[simple]
[pool-3428-thread-1] INFO org.apache.nifi.processors.standard.RouteText - RouteText[id=a680ad74-d0b5-404d-9505-4b7cb994baf3] Created FlowFile[2213,99014847029929.mockFlowFile,24B] from FlowFile[2212,99014847029929.mockFlowFile,24B]; routing to relationship simple
[pool-3428-thread-1] INFO org.apache.nifi.processors.standard.RouteText - RouteText[id=a680ad74-d0b5-404d-9505-4b7cb994baf3] Routing FlowFile[2212,99014847029929.mockFlowFile,24B] to original
[main] DEBUG org.apache.nifi.processors.standard.RouteText - RouteText[id=a680ad74-d0b5-404d-9505-4b7cb994baf3] Adding new dynamic property: PropertyDescriptor[simple]
[pool-3429-thread-1] INFO org.apache.nifi.processors.standard.RouteText - RouteText[id=a680ad74-d0b5-404d-9505-4b7cb994baf3] Created FlowFile[2215,99014847411750.mockFlowFile,24B] from FlowFile[2214,99014847411750.mockFlowFile,24B]; routing to relationship simple
[pool-3429-thread-1] INFO org.apache.nifi.processors.standard.RouteText - RouteText[id=a680ad74-d0b5-404d-9505-4b7cb994baf3] Routing FlowFile[2214,99014847411750.mockFlowFile,24B] to original
[main] DEBUG org.apache.nifi.processors.standard.RouteText - RouteText[id=a680ad74-d0b5-404d-9505-4b7cb994baf3] Adding new dynamic property: PropertyDescriptor[simple]
[pool-3430-thread-1] INFO org.apache.nifi.processors.standard.RouteText - RouteText[id=a680ad74-d0b5-404d-9505-4b7cb994baf3] Created FlowFile[2217,99014847830689.mockFlowFile,24B] from FlowFile[2216,99014847830689.mockFlowFile,24B]; routing to relationship simple
[pool-3430-thread-1] INFO org.apache.nifi.processors.standard.RouteText - RouteText[id=a680ad74-d0b5-404d-9505-4b7cb994baf3] Routing FlowFile[2216,99014847830689.mockFlowFile,24B] to original
[main] DEBUG org.apache.nifi.processors.standard.RouteText - RouteText[id=a680ad74-d0b5-404d-9505-4b7cb994baf3] Adding new dynamic property: PropertyDescriptor[simple]
[pool-3431-thread-1] INFO org.apache.nifi.processors.standard.RouteText - RouteText[id=a680ad74-d0b5-404d-9505-4b7cb994baf3] Created FlowFile[2219,99014848272622.mockFlowFile,24B] from FlowFile[2218,99014848272622.mockFlowFile,24B]; routing to relationship simple
[pool-3431-thread-1] INFO org.apache.nifi.processors.standard.RouteText - RouteText[id=a680ad74-d0b5-404d-9505-4b7cb994baf3] Routing FlowFile[2218,99014848272622.mockFlowFile,24B] to original
[main] DEBUG org.apache.nifi.processors.standard.RouteText - RouteText[id=a680ad74-d0b5-404d-9505-4b7cb994baf3] Adding new dynamic property: PropertyDescriptor[simple]
[pool-3432-thread-1] INFO org.apache.nifi.processors.standard.RouteText - RouteText[id=a680ad74-d0b5-404d-9505-4b7cb994baf3] Created FlowFile[2221,99014848691801.mockFlowFile,24B] from FlowFile[2220,99014848691801.mockFlowFile,24B]; routing to relationship simple
[pool-3432-thread-1] INFO org.apache.nifi.processors.standard.RouteText - RouteText[id=a680ad74-d0b5-404d-9505-4b7cb994baf3] Routing FlowFile[2220,99014848691801.mockFlowFile,24B] to original
[main] DEBUG org.apache.nifi.processors.standard.RouteText - RouteText[id=a680ad74-d0b5-404d-9505-4b7cb994baf3] Adding new dynamic property: PropertyDescriptor[simple]
[pool-3433-thread-1] INFO org.apache.nifi.processors.standard.RouteText - RouteText[id=a680ad74-d0b5-404d-9505-4b7cb994baf3] Created FlowFile[2223,99014849129303.mockFlowFile,24B] from FlowFile[2222,99014849129303.mockFlowFile,24B]; routing to relationship simple
[pool-3433-thread-1] INFO org.apache.nifi.processors.standard.RouteText - RouteText[id=a680ad74-d0b5-404d-9505-4b7cb994baf3] Routing FlowFile[2222,99014849129303.mockFlowFile,24B] to original
[main] DEBUG org.apache.nifi.processors.standard.RouteText - RouteText[id=a680ad74-d0b5-404d-9505-4b7cb994baf3] Adding new dynamic property: PropertyDescriptor[simple]
[pool-3434-thread-1] INFO org.apache.nifi.processors.standard.RouteText - RouteText[id=a680ad74-d0b5-404d-9505-4b7cb994baf3] Created FlowFile[2225,99014849559053.mockFlowFile,24B] from FlowFile[2224,99014849559053.mockFlowFile,24B]; routing to relationship simple
[pool-3434-thread-1] INFO org.apache.nifi.processors.standard.RouteText - RouteText[id=a680ad74-d0b5-404d-9505-4b7cb994baf3] Routing FlowFile[2224,99014849559053.mockFlowFile,24B] to original
[main] DEBUG org.apache.nifi.processors.standard.RouteText - RouteText[id=a680ad74-d0b5-404d-9505-4b7cb994baf3] Adding new dynamic property: PropertyDescriptor[simple]
[pool-3435-thread-1] INFO org.apache.nifi.processors.standard.RouteText - RouteText[id=a680ad74-d0b5-404d-9505-4b7cb994baf3] Created FlowFile[2227,99014849971385.mockFlowFile,24B] from FlowFile[2226,99014849971385.mockFlowFile,24B]; routing to relationship simple
[pool-3435-thread-1] INFO org.apache.nifi.processors.standard.RouteText - RouteText[id=a680ad74-d0b5-404d-9505-4b7cb994baf3] Routing FlowFile[2226,99014849971385.mockFlowFile,24B] to original
[main] DEBUG org.apache.nifi.processors.standard.RouteText - RouteText[id=a680ad74-d0b5-404d-9505-4b7cb994baf3] Adding new dynamic property: PropertyDescriptor[simple]
[pool-3436-thread-1] INFO org.apache.nifi.processors.standard.RouteText - RouteText[id=a680ad74-d0b5-404d-9505-4b7cb994baf3] Created FlowFile[2229,99014850412268.mockFlowFile,24B] from FlowFile[2228,99014850412268.mockFlowFile,24B]; routing to relationship simple
[pool-3436-thread-1] INFO org.apache.nifi.processors.standard.RouteText - RouteText[id=a680ad74-d0b5-404d-9505-4b7cb994baf3] Routing FlowFile[2228,99014850412268.mockFlowFile,24B] to original
[main] DEBUG org.apache.nifi.processors.standard.RouteText - RouteText[id=a680ad74-d0b5-404d-9505-4b7cb994baf3] Adding new dynamic property: PropertyDescriptor[simple]
[pool-3437-thread-1] INFO org.apache.nifi.processors.standard.RouteText - RouteText[id=a680ad74-d0b5-404d-9505-4b7cb994baf3] Created FlowFile[2231,99014850854409.mockFlowFile,24B] from FlowFile[2230,99014850854409.mockFlowFile,24B]; routing to relationship simple
[pool-3437-thread-1] INFO org.apache.nifi.processors.standard.RouteText - RouteText[id=a680ad74-d0b5-404d-9505-4b7cb994baf3] Routing FlowFile[2230,99014850854409.mockFlowFile,24B] to original
[main] DEBUG org.apache.nifi.processors.standard.RouteText - RouteText[id=a680ad74-d0b5-404d-9505-4b7cb994baf3] Adding new dynamic property: PropertyDescriptor[simple]
[pool-3438-thread-1] INFO org.apache.nifi.processors.standard.RouteText - RouteText[id=a680ad74-d0b5-404d-9505-4b7cb994baf3] Created FlowFile[2233,99014851296294.mockFlowFile,24B] from FlowFile[2232,99014851296294.mockFlowFile,24B]; routing to relationship simple
[pool-3438-thread-1] INFO org.apache.nifi.processors.standard.RouteText - RouteText[id=a680ad74-d0b5-404d-9505-4b7cb994baf3] Routing FlowFile[2232,99014851296294.mockFlowFile,24B] to original
[main] DEBUG org.apache.nifi.processors.standard.RouteText - RouteText[id=a680ad74-d0b5-404d-9505-4b7cb994baf3] Adding new dynamic property: PropertyDescriptor[simple]
[pool-3439-thread-1] INFO org.apache.nifi.processors.standard.RouteText - RouteText[id=a680ad74-d0b5-404d-9505-4b7cb994baf3] Created FlowFile[2235,99014851824423.mockFlowFile,24B] from FlowFile[2234,99014851824423.mockFlowFile,24B]; routing to relationship simple
[pool-3439-thread-1] INFO org.apache.nifi.processors.standard.RouteText - RouteText[id=a680ad74-d0b5-404d-9505-4b7cb994baf3] Routing FlowFile[2234,99014851824423.mockFlowFile,24B] to original
[main] DEBUG org.apache.nifi.processors.standard.RouteText - RouteText[id=a680ad74-d0b5-404d-9505-4b7cb994baf3] Adding new dynamic property: PropertyDescriptor[simple]
[pool-3440-thread-1] INFO org.apache.nifi.processors.standard.RouteText - RouteText[id=a680ad74-d0b5-404d-9505-4b7cb994baf3] Created FlowFile[2237,99014852315323.mockFlowFile,24B] from FlowFile[2236,99014852315323.mockFlowFile,24B]; routing to relationship simple
[pool-3440-thread-1] INFO org.apache.nifi.processors.standard.RouteText - RouteText[id=a680ad74-d0b5-404d-9505-4b7cb994baf3] Routing FlowFile[2236,99014852315323.mockFlowFile,24B] to original
[main] DEBUG org.apache.nifi.processors.standard.RouteText - RouteText[id=a680ad74-d0b5-404d-9505-4b7cb994baf3] Adding new dynamic property: PropertyDescriptor[simple]
[pool-3441-thread-1] INFO org.apache.nifi.processors.standard.RouteText - RouteText[id=a680ad74-d0b5-404d-9505-4b7cb994baf3] Created FlowFile[2239,99014852785083.mockFlowFile,24B] from FlowFile[2238,99014852785083.mockFlowFile,24B]; routing to relationship simple
[pool-3441-thread-1] INFO org.apache.nifi.processors.standard.RouteText - RouteText[id=a680ad74-d0b5-404d-9505-4b7cb994baf3] Routing FlowFile[2238,99014852785083.mockFlowFile,24B] to original
[main] DEBUG org.apache.nifi.processors.standard.RouteText - RouteText[id=a680ad74-d0b5-404d-9505-4b7cb994baf3] Adding new dynamic property: PropertyDescriptor[simple]
[pool-3442-thread-1] INFO org.apache.nifi.processors.standard.RouteText - RouteText[id=a680ad74-d0b5-404d-9505-4b7cb994baf3] Created FlowFile[2241,99014853234102.mockFlowFile,24B] from FlowFile[2240,99014853234102.mockFlowFile,24B]; routing to relationship simple
[pool-3442-thread-1] INFO org.apache.nifi.processors.standard.RouteText - RouteText[id=a680ad74-d0b5-404d-9505-4b7cb994baf3] Routing FlowFile[2240,99014853234102.mockFlowFile,24B] to original
[main] DEBUG org.apache.nifi.processors.standard.RouteText - RouteText[id=a680ad74-d0b5-404d-9505-4b7cb994baf3] Adding new dynamic property: PropertyDescriptor[simple]
[pool-3443-thread-1] INFO org.apache.nifi.processors.standard.RouteText - RouteText[id=a680ad74-d0b5-404d-9505-4b7cb994baf3] Created FlowFile[2243,99014853677525.mockFlowFile,24B] from FlowFile[2242,99014853677525.mockFlowFile,24B]; routing to relationship simple
[pool-3443-thread-1] INFO org.apache.nifi.processors.standard.RouteText - RouteText[id=a680ad74-d0b5-404d-9505-4b7cb994baf3] Routing FlowFile[2242,99014853677525.mockFlowFile,24B] to original
[main] DEBUG org.apache.nifi.processors.standard.RouteText - RouteText[id=a680ad74-d0b5-404d-9505-4b7cb994baf3] Adding new dynamic property: PropertyDescriptor[simple]
[pool-3444-thread-1] INFO org.apache.nifi.processors.standard.RouteText - RouteText[id=a680ad74-d0b5-404d-9505-4b7cb994baf3] Created FlowFile[2245,99014854187411.mockFlowFile,24B] from FlowFile[2244,99014854187411.mockFlowFile,24B]; routing to relationship simple
[pool-3444-thread-1] INFO org.apache.nifi.processors.standard.RouteText - RouteText[id=a680ad74-d0b5-404d-9505-4b7cb994baf3] Routing FlowFile[2244,99014854187411.mockFlowFile,24B] to original
[main] DEBUG org.apache.nifi.processors.standard.RouteText - RouteText[id=a680ad74-d0b5-404d-9505-4b7cb994baf3] Adding new dynamic property: PropertyDescriptor[simple]
[pool-3445-thread-1] INFO org.apache.nifi.processors.standard.RouteText - RouteText[id=a680ad74-d0b5-404d-9505-4b7cb994baf3] Created FlowFile[2247,99014854630155.mockFlowFile,24B] from FlowFile[2246,99014854630155.mockFlowFile,24B]; routing to relationship simple
[pool-3445-thread-1] INFO org.apache.nifi.processors.standard.RouteText - RouteText[id=a680ad74-d0b5-404d-9505-4b7cb994baf3] Routing FlowFile[2246,99014854630155.mockFlowFile,24B] to original
[main] DEBUG org.apache.nifi.processors.standard.RouteText - RouteText[id=a680ad74-d0b5-404d-9505-4b7cb994baf3] Adding new dynamic property: PropertyDescriptor[simple]
[pool-3446-thread-1] INFO org.apache.nifi.processors.standard.RouteText - RouteText[id=a680ad74-d0b5-404d-9505-4b7cb994baf3] Created FlowFile[2249,99014855013385.mockFlowFile,24B] from FlowFile[2248,99014855013385.mockFlowFile,24B]; routing to relationship simple
[pool-3446-thread-1] INFO org.apache.nifi.processors.standard.RouteText - RouteText[id=a680ad74-d0b5-404d-9505-4b7cb994baf3] Routing FlowFile[2248,99014855013385.mockFlowFile,24B] to original
[main] DEBUG org.apache.nifi.processors.standard.RouteText - RouteText[id=a680ad74-d0b5-404d-9505-4b7cb994baf3] Adding new dynamic property: PropertyDescriptor[simple]
[pool-3447-thread-1] INFO org.apache.nifi.processors.standard.RouteText - RouteText[id=a680ad74-d0b5-404d-9505-4b7cb994baf3] Created FlowFile[2251,99014855446273.mockFlowFile,24B] from FlowFile[2250,99014855446273.mockFlowFile,24B]; routing to relationship simple
[pool-3447-thread-1] INFO org.apache.nifi.processors.standard.RouteText - RouteText[id=a680ad74-d0b5-404d-9505-4b7cb994baf3] Routing FlowFile[2250,99014855446273.mockFlowFile,24B] to original
[main] DEBUG org.apache.nifi.processors.standard.RouteText - RouteText[id=a680ad74-d0b5-404d-9505-4b7cb994baf3] Adding new dynamic property: PropertyDescriptor[simple]
[pool-3448-thread-1] INFO org.apache.nifi.processors.standard.RouteText - RouteText[id=a680ad74-d0b5-404d-9505-4b7cb994baf3] Created FlowFile[2253,99014855793879.mockFlowFile,24B] from FlowFile[2252,99014855793879.mockFlowFile,24B]; routing to relationship simple
[pool-3448-thread-1] INFO org.apache.nifi.processors.standard.RouteText - RouteText[id=a680ad74-d0b5-404d-9505-4b7cb994baf3] Routing FlowFile[2252,99014855793879.mockFlowFile,24B] to original
[main] DEBUG org.apache.nifi.processors.standard.RouteText - RouteText[id=a680ad74-d0b5-404d-9505-4b7cb994baf3] Adding new dynamic property: PropertyDescriptor[simple]
[pool-3449-thread-1] INFO org.apache.nifi.processors.standard.RouteText - RouteText[id=a680ad74-d0b5-404d-9505-4b7cb994baf3] Created FlowFile[2255,99014856273248.mockFlowFile,24B] from FlowFile[2254,99014856273248.mockFlowFile,24B]; routing to relationship simple
[pool-3449-thread-1] INFO org.apache.nifi.processors.standard.RouteText - RouteText[id=a680ad74-d0b5-404d-9505-4b7cb994baf3] Routing FlowFile[2254,99014856273248.mockFlowFile,24B] to original
[main] DEBUG org.apache.nifi.processors.standard.RouteText - RouteText[id=a680ad74-d0b5-404d-9505-4b7cb994baf3] Adding new dynamic property: PropertyDescriptor[simple]
[pool-3450-thread-1] INFO org.apache.nifi.processors.standard.RouteText - RouteText[id=a680ad74-d0b5-404d-9505-4b7cb994baf3] Created FlowFile[2257,99014856681758.mockFlowFile,24B] from FlowFile[2256,99014856681758.mockFlowFile,24B]; routing to relationship simple
[pool-3450-thread-1] INFO org.apache.nifi.processors.standard.RouteText - RouteText[id=a680ad74-d0b5-404d-9505-4b7cb994baf3] Routing FlowFile[2256,99014856681758.mockFlowFile,24B] to original
[main] DEBUG org.apache.nifi.processors.standard.RouteText - RouteText[id=a680ad74-d0b5-404d-9505-4b7cb994baf3] Adding new dynamic property: PropertyDescriptor[simple]
[pool-3451-thread-1] INFO org.apache.nifi.processors.standard.RouteText - RouteText[id=a680ad74-d0b5-404d-9505-4b7cb994baf3] Created FlowFile[2259,99014857122785.mockFlowFile,24B] from FlowFile[2258,99014857122785.mockFlowFile,24B]; routing to relationship simple
[pool-3451-thread-1] INFO org.apache.nifi.processors.standard.RouteText - RouteText[id=a680ad74-d0b5-404d-9505-4b7cb994baf3] Routing FlowFile[2258,99014857122785.mockFlowFile,24B] to original
[main] DEBUG org.apache.nifi.processors.standard.RouteText - RouteText[id=a680ad74-d0b5-404d-9505-4b7cb994baf3] Adding new dynamic property: PropertyDescriptor[simple]
[pool-3452-thread-1] INFO org.apache.nifi.processors.standard.RouteText - RouteText[id=a680ad74-d0b5-404d-9505-4b7cb994baf3] Created FlowFile[2261,99014857652285.mockFlowFile,24B] from FlowFile[2260,99014857652285.mockFlowFile,24B]; routing to relationship simple
[pool-3452-thread-1] INFO org.apache.nifi.processors.standard.RouteText - RouteText[id=a680ad74-d0b5-404d-9505-4b7cb994baf3] Routing FlowFile[2260,99014857652285.mockFlowFile,24B] to original
[main] DEBUG org.apache.nifi.processors.standard.RouteText - RouteText[id=a680ad74-d0b5-404d-9505-4b7cb994baf3] Adding new dynamic property: PropertyDescriptor[simple]
[pool-3453-thread-1] INFO org.apache.nifi.processors.standard.RouteText - RouteText[id=a680ad74-d0b5-404d-9505-4b7cb994baf3] Created FlowFile[2263,99014858086047.mockFlowFile,24B] from FlowFile[2262,99014858086047.mockFlowFile,24B]; routing to relationship simple
[pool-3453-thread-1] INFO org.apache.nifi.processors.standard.RouteText - RouteText[id=a680ad74-d0b5-404d-9505-4b7cb994baf3] Routing FlowFile[2262,99014858086047.mockFlowFile,24B] to original
[main] DEBUG org.apache.nifi.processors.standard.RouteText - RouteText[id=a680ad74-d0b5-404d-9505-4b7cb994baf3] Adding new dynamic property: PropertyDescriptor[simple]
[pool-3454-thread-1] INFO org.apache.nifi.processors.standard.RouteText - RouteText[id=a680ad74-d0b5-404d-9505-4b7cb994baf3] Created FlowFile[2265,99014858489968.mockFlowFile,24B] from FlowFile[2264,99014858489968.mockFlowFile,24B]; routing to relationship simple
[pool-3454-thread-1] INFO org.apache.nifi.processors.standard.RouteText - RouteText[id=a680ad74-d0b5-404d-9505-4b7cb994baf3] Routing FlowFile[2264,99014858489968.mockFlowFile,24B] to original
[main] DEBUG org.apache.nifi.processors.standard.RouteText - RouteText[id=a680ad74-d0b5-404d-9505-4b7cb994baf3] Adding new dynamic property: PropertyDescriptor[simple]
[pool-3455-thread-1] INFO org.apache.nifi.processors.standard.RouteText - RouteText[id=a680ad74-d0b5-404d-9505-4b7cb994baf3] Created FlowFile[2267,99014858787061.mockFlowFile,24B] from FlowFile[2266,99014858787061.mockFlowFile,24B]; routing to relationship simple
[pool-3455-thread-1] INFO org.apache.nifi.processors.standard.RouteText - RouteText[id=a680ad74-d0b5-404d-9505-4b7cb994baf3] Routing FlowFile[2266,99014858787061.mockFlowFile,24B] to original
[main] DEBUG org.apache.nifi.processors.standard.RouteText - RouteText[id=a680ad74-d0b5-404d-9505-4b7cb994baf3] Adding new dynamic property: PropertyDescriptor[simple]
[pool-3456-thread-1] INFO org.apache.nifi.processors.standard.RouteText - RouteText[id=a680ad74-d0b5-404d-9505-4b7cb994baf3] Created FlowFile[2269,99014859078626.mockFlowFile,24B] from FlowFile[2268,99014859078626.mockFlowFile,24B]; routing to relationship simple
[pool-3456-thread-1] INFO org.apache.nifi.processors.standard.RouteText - RouteText[id=a680ad74-d0b5-404d-9505-4b7cb994baf3] Routing FlowFile[2268,99014859078626.mockFlowFile,24B] to original
[main] DEBUG org.apache.nifi.processors.standard.RouteText - RouteText[id=a680ad74-d0b5-404d-9505-4b7cb994baf3] Adding new dynamic property: PropertyDescriptor[simple]
[pool-3457-thread-1] INFO org.apache.nifi.processors.standard.RouteText - RouteText[id=a680ad74-d0b5-404d-9505-4b7cb994baf3] Created FlowFile[2271,99014859538786.mockFlowFile,24B] from FlowFile[2270,99014859538786.mockFlowFile,24B]; routing to relationship simple
[pool-3457-thread-1] INFO org.apache.nifi.processors.standard.RouteText - RouteText[id=a680ad74-d0b5-404d-9505-4b7cb994baf3] Routing FlowFile[2270,99014859538786.mockFlowFile,24B] to original
[main] DEBUG org.apache.nifi.processors.standard.RouteText - RouteText[id=a680ad74-d0b5-404d-9505-4b7cb994baf3] Adding new dynamic property: PropertyDescriptor[simple]
[pool-3458-thread-1] INFO org.apache.nifi.processors.standard.RouteText - RouteText[id=a680ad74-d0b5-404d-9505-4b7cb994baf3] Created FlowFile[2273,99014859849950.mockFlowFile,24B] from FlowFile[2272,99014859849950.mockFlowFile,24B]; routing to relationship simple
[pool-3458-thread-1] INFO org.apache.nifi.processors.standard.RouteText - RouteText[id=a680ad74-d0b5-404d-9505-4b7cb994baf3] Routing FlowFile[2272,99014859849950.mockFlowFile,24B] to original
[main] DEBUG org.apache.nifi.processors.standard.RouteText - RouteText[id=a680ad74-d0b5-404d-9505-4b7cb994baf3] Adding new dynamic property: PropertyDescriptor[simple]
[pool-3459-thread-1] INFO org.apache.nifi.processors.standard.RouteText - RouteText[id=a680ad74-d0b5-404d-9505-4b7cb994baf3] Created FlowFile[2275,99014860208916.mockFlowFile,24B] from FlowFile[2274,99014860208916.mockFlowFile,24B]; routing to relationship simple
[pool-3459-thread-1] INFO org.apache.nifi.processors.standard.RouteText - RouteText[id=a680ad74-d0b5-404d-9505-4b7cb994baf3] Routing FlowFile[2274,99014860208916.mockFlowFile,24B] to original
[main] DEBUG org.apache.nifi.processors.standard.RouteText - RouteText[id=a680ad74-d0b5-404d-9505-4b7cb994baf3] Adding new dynamic property: PropertyDescriptor[simple]
[pool-3460-thread-1] INFO org.apache.nifi.processors.standard.RouteText - RouteText[id=a680ad74-d0b5-404d-9505-4b7cb994baf3] Created FlowFile[2277,99014860664025.mockFlowFile,24B] from FlowFile[2276,99014860664025.mockFlowFile,24B]; routing to relationship simple
[pool-3460-thread-1] INFO org.apache.nifi.processors.standard.RouteText - RouteText[id=a680ad74-d0b5-404d-9505-4b7cb994baf3] Routing FlowFile[2276,99014860664025.mockFlowFile,24B] to original
[main] DEBUG org.apache.nifi.processors.standard.RouteText - RouteText[id=a680ad74-d0b5-404d-9505-4b7cb994baf3] Adding new dynamic property: PropertyDescriptor[simple]
[pool-3461-thread-1] INFO org.apache.nifi.processors.standard.RouteText - RouteText[id=a680ad74-d0b5-404d-9505-4b7cb994baf3] Created FlowFile[2279,99014861107475.mockFlowFile,24B] from FlowFile[2278,99014861107475.mockFlowFile,24B]; routing to relationship simple
[pool-3461-thread-1] INFO org.apache.nifi.processors.standard.RouteText - RouteText[id=a680ad74-d0b5-404d-9505-4b7cb994baf3] Routing FlowFile[2278,99014861107475.mockFlowFile,24B] to original
[main] DEBUG org.apache.nifi.processors.standard.RouteText - RouteText[id=a680ad74-d0b5-404d-9505-4b7cb994baf3] Adding new dynamic property: PropertyDescriptor[simple]
[pool-3462-thread-1] INFO org.apache.nifi.processors.standard.RouteText - RouteText[id=a680ad74-d0b5-404d-9505-4b7cb994baf3] Created FlowFile[2281,99014861586896.mockFlowFile,24B] from FlowFile[2280,99014861586896.mockFlowFile,24B]; routing to relationship simple
[pool-3462-thread-1] INFO org.apache.nifi.processors.standard.RouteText - RouteText[id=a680ad74-d0b5-404d-9505-4b7cb994baf3] Routing FlowFile[2280,99014861586896.mockFlowFile,24B] to original
[main] DEBUG org.apache.nifi.processors.standard.RouteText - RouteText[id=a680ad74-d0b5-404d-9505-4b7cb994baf3] Adding new dynamic property: PropertyDescriptor[simple]
[pool-3463-thread-1] INFO org.apache.nifi.processors.standard.RouteText - RouteText[id=a680ad74-d0b5-404d-9505-4b7cb994baf3] Created FlowFile[2283,99014862059168.mockFlowFile,24B] from FlowFile[2282,99014862059168.mockFlowFile,24B]; routing to relationship simple
[pool-3463-thread-1] INFO org.apache.nifi.processors.standard.RouteText - RouteText[id=a680ad74-d0b5-404d-9505-4b7cb994baf3] Routing FlowFile[2282,99014862059168.mockFlowFile,24B] to original
[main] DEBUG org.apache.nifi.processors.standard.RouteText - RouteText[id=a680ad74-d0b5-404d-9505-4b7cb994baf3] Adding new dynamic property: PropertyDescriptor[simple]
[pool-3464-thread-1] INFO org.apache.nifi.processors.standard.RouteText - RouteText[id=a680ad74-d0b5-404d-9505-4b7cb994baf3] Created FlowFile[2285,99014862621106.mockFlowFile,24B] from FlowFile[2284,99014862621106.mockFlowFile,24B]; routing to relationship simple
[pool-3464-thread-1] INFO org.apache.nifi.processors.standard.RouteText - RouteText[id=a680ad74-d0b5-404d-9505-4b7cb994baf3] Routing FlowFile[2284,99014862621106.mockFlowFile,24B] to original
[main] DEBUG org.apache.nifi.processors.standard.RouteText - RouteText[id=a680ad74-d0b5-404d-9505-4b7cb994baf3] Adding new dynamic property: PropertyDescriptor[simple]
[pool-3465-thread-1] INFO org.apache.nifi.processors.standard.RouteText - RouteText[id=a680ad74-d0b5-404d-9505-4b7cb994baf3] Created FlowFile[2287,99014863104622.mockFlowFile,24B] from FlowFile[2286,99014863104622.mockFlowFile,24B]; routing to relationship simple
[pool-3465-thread-1] INFO org.apache.nifi.processors.standard.RouteText - RouteText[id=a680ad74-d0b5-404d-9505-4b7cb994baf3] Routing FlowFile[2286,99014863104622.mockFlowFile,24B] to original
[main] DEBUG org.apache.nifi.processors.standard.RouteText - RouteText[id=a680ad74-d0b5-404d-9505-4b7cb994baf3] Adding new dynamic property: PropertyDescriptor[simple]
[pool-3466-thread-1] INFO org.apache.nifi.processors.standard.RouteText - RouteText[id=a680ad74-d0b5-404d-9505-4b7cb994baf3] Created FlowFile[2289,99014863526191.mockFlowFile,24B] from FlowFile[2288,99014863526191.mockFlowFile,24B]; routing to relationship simple
[pool-3466-thread-1] INFO org.apache.nifi.processors.standard.RouteText - RouteText[id=a680ad74-d0b5-404d-9505-4b7cb994baf3] Routing FlowFile[2288,99014863526191.mockFlowFile,24B] to original
[main] DEBUG org.apache.nifi.processors.standard.RouteText - RouteText[id=a680ad74-d0b5-404d-9505-4b7cb994baf3] Adding new dynamic property: PropertyDescriptor[simple]
[pool-3467-thread-1] INFO org.apache.nifi.processors.standard.RouteText - RouteText[id=a680ad74-d0b5-404d-9505-4b7cb994baf3] Created FlowFile[2291,99014863955164.mockFlowFile,24B] from FlowFile[2290,99014863955164.mockFlowFile,24B]; routing to relationship simple
[pool-3467-thread-1] INFO org.apache.nifi.processors.standard.RouteText - RouteText[id=a680ad74-d0b5-404d-9505-4b7cb994baf3] Routing FlowFile[2290,99014863955164.mockFlowFile,24B] to original
[main] DEBUG org.apache.nifi.processors.standard.RouteText - RouteText[id=a680ad74-d0b5-404d-9505-4b7cb994baf3] Adding new dynamic property: PropertyDescriptor[simple]
[pool-3468-thread-1] INFO org.apache.nifi.processors.standard.RouteText - RouteText[id=a680ad74-d0b5-404d-9505-4b7cb994baf3] Created FlowFile[2293,99014864463937.mockFlowFile,24B] from FlowFile[2292,99014864463937.mockFlowFile,24B]; routing to relationship simple
[pool-3468-thread-1] INFO org.apache.nifi.processors.standard.RouteText - RouteText[id=a680ad74-d0b5-404d-9505-4b7cb994baf3] Routing FlowFile[2292,99014864463937.mockFlowFile,24B] to original
[main] DEBUG org.apache.nifi.processors.standard.RouteText - RouteText[id=a680ad74-d0b5-404d-9505-4b7cb994baf3] Adding new dynamic property: PropertyDescriptor[simple]
[pool-3469-thread-1] INFO org.apache.nifi.processors.standard.RouteText - RouteText[id=a680ad74-d0b5-404d-9505-4b7cb994baf3] Created FlowFile[2295,99014864848504.mockFlowFile,24B] from FlowFile[2294,99014864848504.mockFlowFile,24B]; routing to relationship simple
[pool-3469-thread-1] INFO org.apache.nifi.processors.standard.RouteText - RouteText[id=a680ad74-d0b5-404d-9505-4b7cb994baf3] Routing FlowFile[2294,99014864848504.mockFlowFile,24B] to original
[main] DEBUG org.apache.nifi.processors.standard.RouteText - RouteText[id=a680ad74-d0b5-404d-9505-4b7cb994baf3] Adding new dynamic property: PropertyDescriptor[simple]
[pool-3470-thread-1] INFO org.apache.nifi.processors.standard.RouteText - RouteText[id=a680ad74-d0b5-404d-9505-4b7cb994baf3] Created FlowFile[2297,99014865277602.mockFlowFile,24B] from FlowFile[2296,99014865277602.mockFlowFile,24B]; routing to relationship simple
[pool-3470-thread-1] INFO org.apache.nifi.processors.standard.RouteText - RouteText[id=a680ad74-d0b5-404d-9505-4b7cb994baf3] Routing FlowFile[2296,99014865277602.mockFlowFile,24B] to original
[main] DEBUG org.apache.nifi.processors.standard.RouteText - RouteText[id=a680ad74-d0b5-404d-9505-4b7cb994baf3] Adding new dynamic property: PropertyDescriptor[simple]
[pool-3471-thread-1] INFO org.apache.nifi.processors.standard.RouteText - RouteText[id=a680ad74-d0b5-404d-9505-4b7cb994baf3] Created FlowFile[2299,99014865768276.mockFlowFile,24B] from FlowFile[2298,99014865768276.mockFlowFile,24B]; routing to relationship simple
[pool-3471-thread-1] INFO org.apache.nifi.processors.standard.RouteText - RouteText[id=a680ad74-d0b5-404d-9505-4b7cb994baf3] Routing FlowFile[2298,99014865768276.mockFlowFile,24B] to original
[main] DEBUG org.apache.nifi.processors.standard.RouteText - RouteText[id=a680ad74-d0b5-404d-9505-4b7cb994baf3] Adding new dynamic property: PropertyDescriptor[simple]
[pool-3472-thread-1] INFO org.apache.nifi.processors.standard.RouteText - RouteText[id=a680ad74-d0b5-404d-9505-4b7cb994baf3] Created FlowFile[2301,99014866384489.mockFlowFile,24B] from FlowFile[2300,99014866384489.mockFlowFile,24B]; routing to relationship simple
[pool-3472-thread-1] INFO org.apache.nifi.processors.standard.RouteText - RouteText[id=a680ad74-d0b5-404d-9505-4b7cb994baf3] Routing FlowFile[2300,99014866384489.mockFlowFile,24B] to original
[main] DEBUG org.apache.nifi.processors.standard.RouteText - RouteText[id=a680ad74-d0b5-404d-9505-4b7cb994baf3] Adding new dynamic property: PropertyDescriptor[simple]
[pool-3473-thread-1] INFO org.apache.nifi.processors.standard.RouteText - RouteText[id=a680ad74-d0b5-404d-9505-4b7cb994baf3] Created FlowFile[2303,99014866941267.mockFlowFile,24B] from FlowFile[2302,99014866941267.mockFlowFile,24B]; routing to relationship simple
[pool-3473-thread-1] INFO org.apache.nifi.processors.standard.RouteText - RouteText[id=a680ad74-d0b5-404d-9505-4b7cb994baf3] Routing FlowFile[2302,99014866941267.mockFlowFile,24B] to original
[main] DEBUG org.apache.nifi.processors.standard.RouteText - RouteText[id=a680ad74-d0b5-404d-9505-4b7cb994baf3] Adding new dynamic property: PropertyDescriptor[simple]
[pool-3474-thread-1] INFO org.apache.nifi.processors.standard.RouteText - RouteText[id=a680ad74-d0b5-404d-9505-4b7cb994baf3] Created FlowFile[2305,99014867494587.mockFlowFile,24B] from FlowFile[2304,99014867494587.mockFlowFile,24B]; routing to relationship simple
[pool-3474-thread-1] INFO org.apache.nifi.processors.standard.RouteText - RouteText[id=a680ad74-d0b5-404d-9505-4b7cb994baf3] Routing FlowFile[2304,99014867494587.mockFlowFile,24B] to original
[main] DEBUG org.apache.nifi.processors.standard.RouteText - RouteText[id=a680ad74-d0b5-404d-9505-4b7cb994baf3] Adding new dynamic property: PropertyDescriptor[simple]
[pool-3475-thread-1] INFO org.apache.nifi.processors.standard.RouteText - RouteText[id=a680ad74-d0b5-404d-9505-4b7cb994baf3] Created FlowFile[2307,99014868022191.mockFlowFile,24B] from FlowFile[2306,99014868022191.mockFlowFile,24B]; routing to relationship simple
[pool-3475-thread-1] INFO org.apache.nifi.processors.standard.RouteText - RouteText[id=a680ad74-d0b5-404d-9505-4b7cb994baf3] Routing FlowFile[2306,99014868022191.mockFlowFile,24B] to original
[main] DEBUG org.apache.nifi.processors.standard.RouteText - RouteText[id=a680ad74-d0b5-404d-9505-4b7cb994baf3] Adding new dynamic property: PropertyDescriptor[simple]
[pool-3476-thread-1] INFO org.apache.nifi.processors.standard.RouteText - RouteText[id=a680ad74-d0b5-404d-9505-4b7cb994baf3] Created FlowFile[2309,99014868587626.mockFlowFile,24B] from FlowFile[2308,99014868587626.mockFlowFile,24B]; routing to relationship simple
[pool-3476-thread-1] INFO org.apache.nifi.processors.standard.RouteText - RouteText[id=a680ad74-d0b5-404d-9505-4b7cb994baf3] Routing FlowFile[2308,99014868587626.mockFlowFile,24B] to original
[main] DEBUG org.apache.nifi.processors.standard.RouteText - RouteText[id=a680ad74-d0b5-404d-9505-4b7cb994baf3] Adding new dynamic property: PropertyDescriptor[simple]
[pool-3477-thread-1] INFO org.apache.nifi.processors.standard.RouteText - RouteText[id=a680ad74-d0b5-404d-9505-4b7cb994baf3] Created FlowFile[2311,99014869012011.mockFlowFile,24B] from FlowFile[2310,99014869012011.mockFlowFile,24B]; routing to relationship simple
[pool-3477-thread-1] INFO org.apache.nifi.processors.standard.RouteText - RouteText[id=a680ad74-d0b5-404d-9505-4b7cb994baf3] Routing FlowFile[2310,99014869012011.mockFlowFile,24B] to original
[main] DEBUG org.apache.nifi.processors.standard.RouteText - RouteText[id=a680ad74-d0b5-404d-9505-4b7cb994baf3] Adding new dynamic property: PropertyDescriptor[simple]
[pool-3478-thread-1] INFO org.apache.nifi.processors.standard.RouteText - RouteText[id=a680ad74-d0b5-404d-9505-4b7cb994baf3] Created FlowFile[2313,99014869410024.mockFlowFile,24B] from FlowFile[2312,99014869410024.mockFlowFile,24B]; routing to relationship simple
[pool-3478-thread-1] INFO org.apache.nifi.processors.standard.RouteText - RouteText[id=a680ad74-d0b5-404d-9505-4b7cb994baf3] Routing FlowFile[2312,99014869410024.mockFlowFile,24B] to original
[main] DEBUG org.apache.nifi.processors.standard.RouteText - RouteText[id=a680ad74-d0b5-404d-9505-4b7cb994baf3] Adding new dynamic property: PropertyDescriptor[simple]
[pool-3479-thread-1] INFO org.apache.nifi.processors.standard.RouteText - RouteText[id=a680ad74-d0b5-404d-9505-4b7cb994baf3] Created FlowFile[2315,99014870141168.mockFlowFile,24B] from FlowFile[2314,99014870141168.mockFlowFile,24B]; routing to relationship simple
[pool-3479-thread-1] INFO org.apache.nifi.processors.standard.RouteText - RouteText[id=a680ad74-d0b5-404d-9505-4b7cb994baf3] Routing FlowFile[2314,99014870141168.mockFlowFile,24B] to original
[main] DEBUG org.apache.nifi.processors.standard.RouteText - RouteText[id=a680ad74-d0b5-404d-9505-4b7cb994baf3] Adding new dynamic property: PropertyDescriptor[simple]
[pool-3480-thread-1] INFO org.apache.nifi.processors.standard.RouteText - RouteText[id=a680ad74-d0b5-404d-9505-4b7cb994baf3] Created FlowFile[2317,99014870651294.mockFlowFile,24B] from FlowFile[2316,99014870651294.mockFlowFile,24B]; routing to relationship simple
[pool-3480-thread-1] INFO org.apache.nifi.processors.standard.RouteText - RouteText[id=a680ad74-d0b5-404d-9505-4b7cb994baf3] Routing FlowFile[2316,99014870651294.mockFlowFile,24B] to original
[main] DEBUG org.apache.nifi.processors.standard.RouteText - RouteText[id=a680ad74-d0b5-404d-9505-4b7cb994baf3] Adding new dynamic property: PropertyDescriptor[simple]
[pool-3481-thread-1] INFO org.apache.nifi.processors.standard.RouteText - RouteText[id=a680ad74-d0b5-404d-9505-4b7cb994baf3] Created FlowFile[2319,99014871101883.mockFlowFile,24B] from FlowFile[2318,99014871101883.mockFlowFile,24B]; routing to relationship simple
[pool-3481-thread-1] INFO org.apache.nifi.processors.standard.RouteText - RouteText[id=a680ad74-d0b5-404d-9505-4b7cb994baf3] Routing FlowFile[2318,99014871101883.mockFlowFile,24B] to original
[main] DEBUG org.apache.nifi.processors.standard.RouteText - RouteText[id=a680ad74-d0b5-404d-9505-4b7cb994baf3] Adding new dynamic property: PropertyDescriptor[simple]
[pool-3482-thread-1] INFO org.apache.nifi.processors.standard.RouteText - RouteText[id=a680ad74-d0b5-404d-9505-4b7cb994baf3] Created FlowFile[2321,99014871530430.mockFlowFile,24B] from FlowFile[2320,99014871530430.mockFlowFile,24B]; routing to relationship simple
[pool-3482-thread-1] INFO org.apache.nifi.processors.standard.RouteText - RouteText[id=a680ad74-d0b5-404d-9505-4b7cb994baf3] Routing FlowFile[2320,99014871530430.mockFlowFile,24B] to original
[main] DEBUG org.apache.nifi.processors.standard.RouteText - RouteText[id=a680ad74-d0b5-404d-9505-4b7cb994baf3] Adding new dynamic property: PropertyDescriptor[simple]
[pool-3483-thread-1] INFO org.apache.nifi.processors.standard.RouteText - RouteText[id=a680ad74-d0b5-404d-9505-4b7cb994baf3] Created FlowFile[2323,99014871961294.mockFlowFile,24B] from FlowFile[2322,99014871961294.mockFlowFile,24B]; routing to relationship simple
[pool-3483-thread-1] INFO org.apache.nifi.processors.standard.RouteText - RouteText[id=a680ad74-d0b5-404d-9505-4b7cb994baf3] Routing FlowFile[2322,99014871961294.mockFlowFile,24B] to original
[main] DEBUG org.apache.nifi.processors.standard.RouteText - RouteText[id=a680ad74-d0b5-404d-9505-4b7cb994baf3] Adding new dynamic property: PropertyDescriptor[simple]
[pool-3484-thread-1] INFO org.apache.nifi.processors.standard.RouteText - RouteText[id=a680ad74-d0b5-404d-9505-4b7cb994baf3] Created FlowFile[2325,99014872411980.mockFlowFile,24B] from FlowFile[2324,99014872411980.mockFlowFile,24B]; routing to relationship simple
[pool-3484-thread-1] INFO org.apache.nifi.processors.standard.RouteText - RouteText[id=a680ad74-d0b5-404d-9505-4b7cb994baf3] Routing FlowFile[2324,99014872411980.mockFlowFile,24B] to original
[main] DEBUG org.apache.nifi.processors.standard.RouteText - RouteText[id=a680ad74-d0b5-404d-9505-4b7cb994baf3] Adding new dynamic property: PropertyDescriptor[simple]
[pool-3485-thread-1] INFO org.apache.nifi.processors.standard.RouteText - RouteText[id=a680ad74-d0b5-404d-9505-4b7cb994baf3] Created FlowFile[2327,99014872882413.mockFlowFile,24B] from FlowFile[2326,99014872882413.mockFlowFile,24B]; routing to relationship simple
[pool-3485-thread-1] INFO org.apache.nifi.processors.standard.RouteText - RouteText[id=a680ad74-d0b5-404d-9505-4b7cb994baf3] Routing FlowFile[2326,99014872882413.mockFlowFile,24B] to original
[main] DEBUG org.apache.nifi.processors.standard.RouteText - RouteText[id=a680ad74-d0b5-404d-9505-4b7cb994baf3] Adding new dynamic property: PropertyDescriptor[simple]
[pool-3486-thread-1] INFO org.apache.nifi.processors.standard.RouteText - RouteText[id=a680ad74-d0b5-404d-9505-4b7cb994baf3] Created FlowFile[2329,99014873393447.mockFlowFile,24B] from FlowFile[2328,99014873393447.mockFlowFile,24B]; routing to relationship simple
[pool-3486-thread-1] INFO org.apache.nifi.processors.standard.RouteText - RouteText[id=a680ad74-d0b5-404d-9505-4b7cb994baf3] Routing FlowFile[2328,99014873393447.mockFlowFile,24B] to original
[main] DEBUG org.apache.nifi.processors.standard.RouteText - RouteText[id=a680ad74-d0b5-404d-9505-4b7cb994baf3] Adding new dynamic property: PropertyDescriptor[simple]
[pool-3487-thread-1] INFO org.apache.nifi.processors.standard.RouteText - RouteText[id=a680ad74-d0b5-404d-9505-4b7cb994baf3] Created FlowFile[2331,99014873918263.mockFlowFile,24B] from FlowFile[2330,99014873918263.mockFlowFile,24B]; routing to relationship simple
[pool-3487-thread-1] INFO org.apache.nifi.processors.standard.RouteText - RouteText[id=a680ad74-d0b5-404d-9505-4b7cb994baf3] Routing FlowFile[2330,99014873918263.mockFlowFile,24B] to original
[main] DEBUG org.apache.nifi.processors.standard.RouteText - RouteText[id=a680ad74-d0b5-404d-9505-4b7cb994baf3] Adding new dynamic property: PropertyDescriptor[simple]
[pool-3488-thread-1] INFO org.apache.nifi.processors.standard.RouteText - RouteText[id=a680ad74-d0b5-404d-9505-4b7cb994baf3] Created FlowFile[2333,99014874389058.mockFlowFile,24B] from FlowFile[2332,99014874389058.mockFlowFile,24B]; routing to relationship simple
[pool-3488-thread-1] INFO org.apache.nifi.processors.standard.RouteText - RouteText[id=a680ad74-d0b5-404d-9505-4b7cb994baf3] Routing FlowFile[2332,99014874389058.mockFlowFile,24B] to original
[main] DEBUG org.apache.nifi.processors.standard.RouteText - RouteText[id=a680ad74-d0b5-404d-9505-4b7cb994baf3] Adding new dynamic property: PropertyDescriptor[simple]
[pool-3489-thread-1] INFO org.apache.nifi.processors.standard.RouteText - RouteText[id=a680ad74-d0b5-404d-9505-4b7cb994baf3] Created FlowFile[2335,99014874851652.mockFlowFile,24B] from FlowFile[2334,99014874851652.mockFlowFile,24B]; routing to relationship simple
[pool-3489-thread-1] INFO org.apache.nifi.processors.standard.RouteText - RouteText[id=a680ad74-d0b5-404d-9505-4b7cb994baf3] Routing FlowFile[2334,99014874851652.mockFlowFile,24B] to original
[main] DEBUG org.apache.nifi.processors.standard.RouteText - RouteText[id=a680ad74-d0b5-404d-9505-4b7cb994baf3] Adding new dynamic property: PropertyDescriptor[simple]
[pool-3490-thread-1] INFO org.apache.nifi.processors.standard.RouteText - RouteText[id=a680ad74-d0b5-404d-9505-4b7cb994baf3] Created FlowFile[2337,99014875282772.mockFlowFile,24B] from FlowFile[2336,99014875282772.mockFlowFile,24B]; routing to relationship simple
[pool-3490-thread-1] INFO org.apache.nifi.processors.standard.RouteText - RouteText[id=a680ad74-d0b5-404d-9505-4b7cb994baf3] Routing FlowFile[2336,99014875282772.mockFlowFile,24B] to original
[main] DEBUG org.apache.nifi.processors.standard.RouteText - RouteText[id=a680ad74-d0b5-404d-9505-4b7cb994baf3] Adding new dynamic property: PropertyDescriptor[simple]
[pool-3491-thread-1] INFO org.apache.nifi.processors.standard.RouteText - RouteText[id=a680ad74-d0b5-404d-9505-4b7cb994baf3] Created FlowFile[2339,99014875800764.mockFlowFile,24B] from FlowFile[2338,99014875800764.mockFlowFile,24B]; routing to relationship simple
[pool-3491-thread-1] INFO org.apache.nifi.processors.standard.RouteText - RouteText[id=a680ad74-d0b5-404d-9505-4b7cb994baf3] Routing FlowFile[2338,99014875800764.mockFlowFile,24B] to original
[main] DEBUG org.apache.nifi.processors.standard.RouteText - RouteText[id=a680ad74-d0b5-404d-9505-4b7cb994baf3] Adding new dynamic property: PropertyDescriptor[simple]
[pool-3492-thread-1] INFO org.apache.nifi.processors.standard.RouteText - RouteText[id=a680ad74-d0b5-404d-9505-4b7cb994baf3] Created FlowFile[2341,99014876267560.mockFlowFile,24B] from FlowFile[2340,99014876267560.mockFlowFile,24B]; routing to relationship simple
[pool-3492-thread-1] INFO org.apache.nifi.processors.standard.RouteText - RouteText[id=a680ad74-d0b5-404d-9505-4b7cb994baf3] Routing FlowFile[2340,99014876267560.mockFlowFile,24B] to original
[main] DEBUG org.apache.nifi.processors.standard.RouteText - RouteText[id=a680ad74-d0b5-404d-9505-4b7cb994baf3] Adding new dynamic property: PropertyDescriptor[simple]
[pool-3493-thread-1] INFO org.apache.nifi.processors.standard.RouteText - RouteText[id=a680ad74-d0b5-404d-9505-4b7cb994baf3] Created FlowFile[2343,99014876702881.mockFlowFile,24B] from FlowFile[2342,99014876702881.mockFlowFile,24B]; routing to relationship simple
[pool-3493-thread-1] INFO org.apache.nifi.processors.standard.RouteText - RouteText[id=a680ad74-d0b5-404d-9505-4b7cb994baf3] Routing FlowFile[2342,99014876702881.mockFlowFile,24B] to original
[main] DEBUG org.apache.nifi.processors.standard.RouteText - RouteText[id=a680ad74-d0b5-404d-9505-4b7cb994baf3] Adding new dynamic property: PropertyDescriptor[simple]
[pool-3494-thread-1] INFO org.apache.nifi.processors.standard.RouteText - RouteText[id=a680ad74-d0b5-404d-9505-4b7cb994baf3] Created FlowFile[2345,99014877124921.mockFlowFile,24B] from FlowFile[2344,99014877124921.mockFlowFile,24B]; routing to relationship simple
[pool-3494-thread-1] INFO org.apache.nifi.processors.standard.RouteText - RouteText[id=a680ad74-d0b5-404d-9505-4b7cb994baf3] Routing FlowFile[2344,99014877124921.mockFlowFile,24B] to original
[main] DEBUG org.apache.nifi.processors.standard.RouteText - RouteText[id=a680ad74-d0b5-404d-9505-4b7cb994baf3] Adding new dynamic property: PropertyDescriptor[simple]
[pool-3495-thread-1] INFO org.apache.nifi.processors.standard.RouteText - RouteText[id=a680ad74-d0b5-404d-9505-4b7cb994baf3] Created FlowFile[2347,99014877560052.mockFlowFile,24B] from FlowFile[2346,99014877560052.mockFlowFile,24B]; routing to relationship simple
[pool-3495-thread-1] INFO org.apache.nifi.processors.standard.RouteText - RouteText[id=a680ad74-d0b5-404d-9505-4b7cb994baf3] Routing FlowFile[2346,99014877560052.mockFlowFile,24B] to original
[main] DEBUG org.apache.nifi.processors.standard.RouteText - RouteText[id=a680ad74-d0b5-404d-9505-4b7cb994baf3] Adding new dynamic property: PropertyDescriptor[simple]
[pool-3496-thread-1] INFO org.apache.nifi.processors.standard.RouteText - RouteText[id=a680ad74-d0b5-404d-9505-4b7cb994baf3] Created FlowFile[2349,99014877989261.mockFlowFile,24B] from FlowFile[2348,99014877989261.mockFlowFile,24B]; routing to relationship simple
[pool-3496-thread-1] INFO org.apache.nifi.processors.standard.RouteText - RouteText[id=a680ad74-d0b5-404d-9505-4b7cb994baf3] Routing FlowFile[2348,99014877989261.mockFlowFile,24B] to original
[main] DEBUG org.apache.nifi.processors.standard.RouteText - RouteText[id=a680ad74-d0b5-404d-9505-4b7cb994baf3] Adding new dynamic property: PropertyDescriptor[simple]
[pool-3497-thread-1] INFO org.apache.nifi.processors.standard.RouteText - RouteText[id=a680ad74-d0b5-404d-9505-4b7cb994baf3] Created FlowFile[2351,99014878433281.mockFlowFile,24B] from FlowFile[2350,99014878433281.mockFlowFile,24B]; routing to relationship simple
[pool-3497-thread-1] INFO org.apache.nifi.processors.standard.RouteText - RouteText[id=a680ad74-d0b5-404d-9505-4b7cb994baf3] Routing FlowFile[2350,99014878433281.mockFlowFile,24B] to original
[main] DEBUG org.apache.nifi.processors.standard.RouteText - RouteText[id=a680ad74-d0b5-404d-9505-4b7cb994baf3] Adding new dynamic property: PropertyDescriptor[simple]
[pool-3498-thread-1] INFO org.apache.nifi.processors.standard.RouteText - RouteText[id=a680ad74-d0b5-404d-9505-4b7cb994baf3] Created FlowFile[2353,99014878877836.mockFlowFile,24B] from FlowFile[2352,99014878877836.mockFlowFile,24B]; routing to relationship simple
[pool-3498-thread-1] INFO org.apache.nifi.processors.standard.RouteText - RouteText[id=a680ad74-d0b5-404d-9505-4b7cb994baf3] Routing FlowFile[2352,99014878877836.mockFlowFile,24B] to original
[main] DEBUG org.apache.nifi.processors.standard.RouteText - RouteText[id=a680ad74-d0b5-404d-9505-4b7cb994baf3] Adding new dynamic property: PropertyDescriptor[simple]
[pool-3499-thread-1] INFO org.apache.nifi.processors.standard.RouteText - RouteText[id=a680ad74-d0b5-404d-9505-4b7cb994baf3] Created FlowFile[2355,99014879341401.mockFlowFile,24B] from FlowFile[2354,99014879341401.mockFlowFile,24B]; routing to relationship simple
[pool-3499-thread-1] INFO org.apache.nifi.processors.standard.RouteText - RouteText[id=a680ad74-d0b5-404d-9505-4b7cb994baf3] Routing FlowFile[2354,99014879341401.mockFlowFile,24B] to original
[main] DEBUG org.apache.nifi.processors.standard.RouteText - RouteText[id=a680ad74-d0b5-404d-9505-4b7cb994baf3] Adding new dynamic property: PropertyDescriptor[simple]
[pool-3500-thread-1] INFO org.apache.nifi.processors.standard.RouteText - RouteText[id=a680ad74-d0b5-404d-9505-4b7cb994baf3] Created FlowFile[2357,99014879805661.mockFlowFile,24B] from FlowFile[2356,99014879805661.mockFlowFile,24B]; routing to relationship simple
[pool-3500-thread-1] INFO org.apache.nifi.processors.standard.RouteText - RouteText[id=a680ad74-d0b5-404d-9505-4b7cb994baf3] Routing FlowFile[2356,99014879805661.mockFlowFile,24B] to original
[main] DEBUG org.apache.nifi.processors.standard.RouteText - RouteText[id=a680ad74-d0b5-404d-9505-4b7cb994baf3] Adding new dynamic property: PropertyDescriptor[simple]
[pool-3501-thread-1] INFO org.apache.nifi.processors.standard.RouteText - RouteText[id=a680ad74-d0b5-404d-9505-4b7cb994baf3] Created FlowFile[2359,99014880473492.mockFlowFile,24B] from FlowFile[2358,99014880473492.mockFlowFile,24B]; routing to relationship simple
[pool-3501-thread-1] INFO org.apache.nifi.processors.standard.RouteText - RouteText[id=a680ad74-d0b5-404d-9505-4b7cb994baf3] Routing FlowFile[2358,99014880473492.mockFlowFile,24B] to original
[main] DEBUG org.apache.nifi.processors.standard.RouteText - RouteText[id=a680ad74-d0b5-404d-9505-4b7cb994baf3] Adding new dynamic property: PropertyDescriptor[simple]
[pool-3502-thread-1] INFO org.apache.nifi.processors.standard.RouteText - RouteText[id=a680ad74-d0b5-404d-9505-4b7cb994baf3] Created FlowFile[2361,99014880969891.mockFlowFile,24B] from FlowFile[2360,99014880969891.mockFlowFile,24B]; routing to relationship simple
[pool-3502-thread-1] INFO org.apache.nifi.processors.standard.RouteText - RouteText[id=a680ad74-d0b5-404d-9505-4b7cb994baf3] Routing FlowFile[2360,99014880969891.mockFlowFile,24B] to original
[main] DEBUG org.apache.nifi.processors.standard.RouteText - RouteText[id=a680ad74-d0b5-404d-9505-4b7cb994baf3] Adding new dynamic property: PropertyDescriptor[simple]
[pool-3503-thread-1] INFO org.apache.nifi.processors.standard.RouteText - RouteText[id=a680ad74-d0b5-404d-9505-4b7cb994baf3] Created FlowFile[2363,99014881453496.mockFlowFile,24B] from FlowFile[2362,99014881453496.mockFlowFile,24B]; routing to relationship simple
[pool-3503-thread-1] INFO org.apache.nifi.processors.standard.RouteText - RouteText[id=a680ad74-d0b5-404d-9505-4b7cb994baf3] Routing FlowFile[2362,99014881453496.mockFlowFile,24B] to original
[main] DEBUG org.apache.nifi.processors.standard.RouteText - RouteText[id=a680ad74-d0b5-404d-9505-4b7cb994baf3] Adding new dynamic property: PropertyDescriptor[simple]
[pool-3504-thread-1] INFO org.apache.nifi.processors.standard.RouteText - RouteText[id=a680ad74-d0b5-404d-9505-4b7cb994baf3] Created FlowFile[2365,99014881904850.mockFlowFile,24B] from FlowFile[2364,99014881904850.mockFlowFile,24B]; routing to relationship simple
[pool-3504-thread-1] INFO org.apache.nifi.processors.standard.RouteText - RouteText[id=a680ad74-d0b5-404d-9505-4b7cb994baf3] Routing FlowFile[2364,99014881904850.mockFlowFile,24B] to original
[main] DEBUG org.apache.nifi.processors.standard.RouteText - RouteText[id=a680ad74-d0b5-404d-9505-4b7cb994baf3] Adding new dynamic property: PropertyDescriptor[simple]
[pool-3505-thread-1] INFO org.apache.nifi.processors.standard.RouteText - RouteText[id=a680ad74-d0b5-404d-9505-4b7cb994baf3] Created FlowFile[2367,99014882345325.mockFlowFile,24B] from FlowFile[2366,99014882345325.mockFlowFile,24B]; routing to relationship simple
[pool-3505-thread-1] INFO org.apache.nifi.processors.standard.RouteText - RouteText[id=a680ad74-d0b5-404d-9505-4b7cb994baf3] Routing FlowFile[2366,99014882345325.mockFlowFile,24B] to original
[main] DEBUG org.apache.nifi.processors.standard.RouteText - RouteText[id=a680ad74-d0b5-404d-9505-4b7cb994baf3] Adding new dynamic property: PropertyDescriptor[simple]
[pool-3506-thread-1] INFO org.apache.nifi.processors.standard.RouteText - RouteText[id=a680ad74-d0b5-404d-9505-4b7cb994baf3] Created FlowFile[2369,99014882874569.mockFlowFile,24B] from FlowFile[2368,99014882874569.mockFlowFile,24B]; routing to relationship simple
[pool-3506-thread-1] INFO org.apache.nifi.processors.standard.RouteText - RouteText[id=a680ad74-d0b5-404d-9505-4b7cb994baf3] Routing FlowFile[2368,99014882874569.mockFlowFile,24B] to original
[main] DEBUG org.apache.nifi.processors.standard.RouteText - RouteText[id=a680ad74-d0b5-404d-9505-4b7cb994baf3] Adding new dynamic property: PropertyDescriptor[simple]
[pool-3507-thread-1] INFO org.apache.nifi.processors.standard.RouteText - RouteText[id=a680ad74-d0b5-404d-9505-4b7cb994baf3] Created FlowFile[2371,99014883324510.mockFlowFile,24B] from FlowFile[2370,99014883324510.mockFlowFile,24B]; routing to relationship simple
[pool-3507-thread-1] INFO org.apache.nifi.processors.standard.RouteText - RouteText[id=a680ad74-d0b5-404d-9505-4b7cb994baf3] Routing FlowFile[2370,99014883324510.mockFlowFile,24B] to original
[main] DEBUG org.apache.nifi.processors.standard.RouteText - RouteText[id=a680ad74-d0b5-404d-9505-4b7cb994baf3] Adding new dynamic property: PropertyDescriptor[simple]
[pool-3508-thread-1] INFO org.apache.nifi.processors.standard.RouteText - RouteText[id=a680ad74-d0b5-404d-9505-4b7cb994baf3] Created FlowFile[2373,99014883751960.mockFlowFile,24B] from FlowFile[2372,99014883751960.mockFlowFile,24B]; routing to relationship simple
[pool-3508-thread-1] INFO org.apache.nifi.processors.standard.RouteText - RouteText[id=a680ad74-d0b5-404d-9505-4b7cb994baf3] Routing FlowFile[2372,99014883751960.mockFlowFile,24B] to original
[main] DEBUG org.apache.nifi.processors.standard.RouteText - RouteText[id=a680ad74-d0b5-404d-9505-4b7cb994baf3] Adding new dynamic property: PropertyDescriptor[simple]
[pool-3509-thread-1] INFO org.apache.nifi.processors.standard.RouteText - RouteText[id=a680ad74-d0b5-404d-9505-4b7cb994baf3] Created FlowFile[2375,99014884201043.mockFlowFile,24B] from FlowFile[2374,99014884201043.mockFlowFile,24B]; routing to relationship simple
[pool-3509-thread-1] INFO org.apache.nifi.processors.standard.RouteText - RouteText[id=a680ad74-d0b5-404d-9505-4b7cb994baf3] Routing FlowFile[2374,99014884201043.mockFlowFile,24B] to original
[main] DEBUG org.apache.nifi.processors.standard.RouteText - RouteText[id=a680ad74-d0b5-404d-9505-4b7cb994baf3] Adding new dynamic property: PropertyDescriptor[simple]
[pool-3510-thread-1] INFO org.apache.nifi.processors.standard.RouteText - RouteText[id=a680ad74-d0b5-404d-9505-4b7cb994baf3] Created FlowFile[2377,99014884667982.mockFlowFile,24B] from FlowFile[2376,99014884667982.mockFlowFile,24B]; routing to relationship simple
[pool-3510-thread-1] INFO org.apache.nifi.processors.standard.RouteText - RouteText[id=a680ad74-d0b5-404d-9505-4b7cb994baf3] Routing FlowFile[2376,99014884667982.mockFlowFile,24B] to original
[main] DEBUG org.apache.nifi.processors.standard.RouteText - RouteText[id=a680ad74-d0b5-404d-9505-4b7cb994baf3] Adding new dynamic property: PropertyDescriptor[simple]
[pool-3511-thread-1] INFO org.apache.nifi.processors.standard.RouteText - RouteText[id=a680ad74-d0b5-404d-9505-4b7cb994baf3] Created FlowFile[2379,99014885135356.mockFlowFile,24B] from FlowFile[2378,99014885135356.mockFlowFile,24B]; routing to relationship simple
[pool-3511-thread-1] INFO org.apache.nifi.processors.standard.RouteText - RouteText[id=a680ad74-d0b5-404d-9505-4b7cb994baf3] Routing FlowFile[2378,99014885135356.mockFlowFile,24B] to original
[main] DEBUG org.apache.nifi.processors.standard.RouteText - RouteText[id=a680ad74-d0b5-404d-9505-4b7cb994baf3] Adding new dynamic property: PropertyDescriptor[simple]
[pool-3512-thread-1] INFO org.apache.nifi.processors.standard.RouteText - RouteText[id=a680ad74-d0b5-404d-9505-4b7cb994baf3] Created FlowFile[2381,99014885580571.mockFlowFile,24B] from FlowFile[2380,99014885580571.mockFlowFile,24B]; routing to relationship simple
[pool-3512-thread-1] INFO org.apache.nifi.processors.standard.RouteText - RouteText[id=a680ad74-d0b5-404d-9505-4b7cb994baf3] Routing FlowFile[2380,99014885580571.mockFlowFile,24B] to original
[main] DEBUG org.apache.nifi.processors.standard.RouteText - RouteText[id=a680ad74-d0b5-404d-9505-4b7cb994baf3] Adding new dynamic property: PropertyDescriptor[simple]
[pool-3513-thread-1] INFO org.apache.nifi.processors.standard.RouteText - RouteText[id=a680ad74-d0b5-404d-9505-4b7cb994baf3] Created FlowFile[2383,99014885985112.mockFlowFile,24B] from FlowFile[2382,99014885985112.mockFlowFile,24B]; routing to relationship simple
[pool-3513-thread-1] INFO org.apache.nifi.processors.standard.RouteText - RouteText[id=a680ad74-d0b5-404d-9505-4b7cb994baf3] Routing FlowFile[2382,99014885985112.mockFlowFile,24B] to original
[main] DEBUG org.apache.nifi.processors.standard.RouteText - RouteText[id=a680ad74-d0b5-404d-9505-4b7cb994baf3] Adding new dynamic property: PropertyDescriptor[simple]
[pool-3514-thread-1] INFO org.apache.nifi.processors.standard.RouteText - RouteText[id=a680ad74-d0b5-404d-9505-4b7cb994baf3] Created FlowFile[2385,99014886474489.mockFlowFile,24B] from FlowFile[2384,99014886474489.mockFlowFile,24B]; routing to relationship simple
[pool-3514-thread-1] INFO org.apache.nifi.processors.standard.RouteText - RouteText[id=a680ad74-d0b5-404d-9505-4b7cb994baf3] Routing FlowFile[2384,99014886474489.mockFlowFile,24B] to original
[main] DEBUG org.apache.nifi.processors.standard.RouteText - RouteText[id=a680ad74-d0b5-404d-9505-4b7cb994baf3] Adding new dynamic property: PropertyDescriptor[simple]
[pool-3515-thread-1] INFO org.apache.nifi.processors.standard.RouteText - RouteText[id=a680ad74-d0b5-404d-9505-4b7cb994baf3] Created FlowFile[2387,99014886923941.mockFlowFile,24B] from FlowFile[2386,99014886923941.mockFlowFile,24B]; routing to relationship simple
[pool-3515-thread-1] INFO org.apache.nifi.processors.standard.RouteText - RouteText[id=a680ad74-d0b5-404d-9505-4b7cb994baf3] Routing FlowFile[2386,99014886923941.mockFlowFile,24B] to original
[main] DEBUG org.apache.nifi.processors.standard.RouteText - RouteText[id=a680ad74-d0b5-404d-9505-4b7cb994baf3] Adding new dynamic property: PropertyDescriptor[simple]
[pool-3516-thread-1] INFO org.apache.nifi.processors.standard.RouteText - RouteText[id=a680ad74-d0b5-404d-9505-4b7cb994baf3] Created FlowFile[2389,99014887401573.mockFlowFile,24B] from FlowFile[2388,99014887401573.mockFlowFile,24B]; routing to relationship simple
[pool-3516-thread-1] INFO org.apache.nifi.processors.standard.RouteText - RouteText[id=a680ad74-d0b5-404d-9505-4b7cb994baf3] Routing FlowFile[2388,99014887401573.mockFlowFile,24B] to original
[main] DEBUG org.apache.nifi.processors.standard.RouteText - RouteText[id=a680ad74-d0b5-404d-9505-4b7cb994baf3] Adding new dynamic property: PropertyDescriptor[simple]
[pool-3517-thread-1] INFO org.apache.nifi.processors.standard.RouteText - RouteText[id=a680ad74-d0b5-404d-9505-4b7cb994baf3] Created FlowFile[2391,99014887893549.mockFlowFile,24B] from FlowFile[2390,99014887893549.mockFlowFile,24B]; routing to relationship simple
[pool-3517-thread-1] INFO org.apache.nifi.processors.standard.RouteText - RouteText[id=a680ad74-d0b5-404d-9505-4b7cb994baf3] Routing FlowFile[2390,99014887893549.mockFlowFile,24B] to original
[main] DEBUG org.apache.nifi.processors.standard.RouteText - RouteText[id=a680ad74-d0b5-404d-9505-4b7cb994baf3] Adding new dynamic property: PropertyDescriptor[simple]
[pool-3518-thread-1] INFO org.apache.nifi.processors.standard.RouteText - RouteText[id=a680ad74-d0b5-404d-9505-4b7cb994baf3] Created FlowFile[2393,99014888393917.mockFlowFile,24B] from FlowFile[2392,99014888393917.mockFlowFile,24B]; routing to relationship simple
[pool-3518-thread-1] INFO org.apache.nifi.processors.standard.RouteText - RouteText[id=a680ad74-d0b5-404d-9505-4b7cb994baf3] Routing FlowFile[2392,99014888393917.mockFlowFile,24B] to original
[main] DEBUG org.apache.nifi.processors.standard.RouteText - RouteText[id=a680ad74-d0b5-404d-9505-4b7cb994baf3] Adding new dynamic property: PropertyDescriptor[simple]
[pool-3519-thread-1] INFO org.apache.nifi.processors.standard.RouteText - RouteText[id=a680ad74-d0b5-404d-9505-4b7cb994baf3] Created FlowFile[2395,99014888899705.mockFlowFile,24B] from FlowFile[2394,99014888899705.mockFlowFile,24B]; routing to relationship simple
[pool-3519-thread-1] INFO org.apache.nifi.processors.standard.RouteText - RouteText[id=a680ad74-d0b5-404d-9505-4b7cb994baf3] Routing FlowFile[2394,99014888899705.mockFlowFile,24B] to original
[main] DEBUG org.apache.nifi.processors.standard.RouteText - RouteText[id=a680ad74-d0b5-404d-9505-4b7cb994baf3] Adding new dynamic property: PropertyDescriptor[simple]
[pool-3520-thread-1] INFO org.apache.nifi.processors.standard.RouteText - RouteText[id=a680ad74-d0b5-404d-9505-4b7cb994baf3] Created FlowFile[2397,99014889383804.mockFlowFile,24B] from FlowFile[2396,99014889383804.mockFlowFile,24B]; routing to relationship simple
[pool-3520-thread-1] INFO org.apache.nifi.processors.standard.RouteText - RouteText[id=a680ad74-d0b5-404d-9505-4b7cb994baf3] Routing FlowFile[2396,99014889383804.mockFlowFile,24B] to original
[main] DEBUG org.apache.nifi.processors.standard.RouteText - RouteText[id=a680ad74-d0b5-404d-9505-4b7cb994baf3] Adding new dynamic property: PropertyDescriptor[simple]
[pool-3521-thread-1] INFO org.apache.nifi.processors.standard.RouteText - RouteText[id=a680ad74-d0b5-404d-9505-4b7cb994baf3] Created FlowFile[2399,99014889888746.mockFlowFile,24B] from FlowFile[2398,99014889888746.mockFlowFile,24B]; routing to relationship simple
[pool-3521-thread-1] INFO org.apache.nifi.processors.standard.RouteText - RouteText[id=a680ad74-d0b5-404d-9505-4b7cb994baf3] Routing FlowFile[2398,99014889888746.mockFlowFile,24B] to original
[main] DEBUG org.apache.nifi.processors.standard.RouteText - RouteText[id=a680ad74-d0b5-404d-9505-4b7cb994baf3] Adding new dynamic property: PropertyDescriptor[simple]
[pool-3522-thread-1] INFO org.apache.nifi.processors.standard.RouteText - RouteText[id=a680ad74-d0b5-404d-9505-4b7cb994baf3] Created FlowFile[2401,99014890379188.mockFlowFile,24B] from FlowFile[2400,99014890379188.mockFlowFile,24B]; routing to relationship simple
[pool-3522-thread-1] INFO org.apache.nifi.processors.standard.RouteText - RouteText[id=a680ad74-d0b5-404d-9505-4b7cb994baf3] Routing FlowFile[2400,99014890379188.mockFlowFile,24B] to original
[main] DEBUG org.apache.nifi.processors.standard.RouteText - RouteText[id=a680ad74-d0b5-404d-9505-4b7cb994baf3] Adding new dynamic property: PropertyDescriptor[simple]
[pool-3523-thread-1] INFO org.apache.nifi.processors.standard.RouteText - RouteText[id=a680ad74-d0b5-404d-9505-4b7cb994baf3] Created FlowFile[2403,99014890862085.mockFlowFile,24B] from FlowFile[2402,99014890862085.mockFlowFile,24B]; routing to relationship simple
[pool-3523-thread-1] INFO org.apache.nifi.processors.standard.RouteText - RouteText[id=a680ad74-d0b5-404d-9505-4b7cb994baf3] Routing FlowFile[2402,99014890862085.mockFlowFile,24B] to original
[main] DEBUG org.apache.nifi.processors.standard.RouteText - RouteText[id=a680ad74-d0b5-404d-9505-4b7cb994baf3] Adding new dynamic property: PropertyDescriptor[simple]
[pool-3524-thread-1] INFO org.apache.nifi.processors.standard.RouteText - RouteText[id=a680ad74-d0b5-404d-9505-4b7cb994baf3] Created FlowFile[2405,99014891398835.mockFlowFile,24B] from FlowFile[2404,99014891398835.mockFlowFile,24B]; routing to relationship simple
[pool-3524-thread-1] INFO org.apache.nifi.processors.standard.RouteText - RouteText[id=a680ad74-d0b5-404d-9505-4b7cb994baf3] Routing FlowFile[2404,99014891398835.mockFlowFile,24B] to original
[main] DEBUG org.apache.nifi.processors.standard.RouteText - RouteText[id=a680ad74-d0b5-404d-9505-4b7cb994baf3] Adding new dynamic property: PropertyDescriptor[simple]
[pool-3525-thread-1] INFO org.apache.nifi.processors.standard.RouteText - RouteText[id=a680ad74-d0b5-404d-9505-4b7cb994baf3] Created FlowFile[2407,99014891976124.mockFlowFile,24B] from FlowFile[2406,99014891976124.mockFlowFile,24B]; routing to relationship simple
[pool-3525-thread-1] INFO org.apache.nifi.processors.standard.RouteText - RouteText[id=a680ad74-d0b5-404d-9505-4b7cb994baf3] Routing FlowFile[2406,99014891976124.mockFlowFile,24B] to original
[main] DEBUG org.apache.nifi.processors.standard.RouteText - RouteText[id=a680ad74-d0b5-404d-9505-4b7cb994baf3] Adding new dynamic property: PropertyDescriptor[simple]
[pool-3526-thread-1] INFO org.apache.nifi.processors.standard.RouteText - RouteText[id=a680ad74-d0b5-404d-9505-4b7cb994baf3] Created FlowFile[2409,99014892486699.mockFlowFile,24B] from FlowFile[2408,99014892486699.mockFlowFile,24B]; routing to relationship simple
[pool-3526-thread-1] INFO org.apache.nifi.processors.standard.RouteText - RouteText[id=a680ad74-d0b5-404d-9505-4b7cb994baf3] Routing FlowFile[2408,99014892486699.mockFlowFile,24B] to original
[main] DEBUG org.apache.nifi.processors.standard.RouteText - RouteText[id=a680ad74-d0b5-404d-9505-4b7cb994baf3] Adding new dynamic property: PropertyDescriptor[simple]
[pool-3527-thread-1] INFO org.apache.nifi.processors.standard.RouteText - RouteText[id=a680ad74-d0b5-404d-9505-4b7cb994baf3] Created FlowFile[2411,99014893113493.mockFlowFile,24B] from FlowFile[2410,99014893113493.mockFlowFile,24B]; routing to relationship simple
[pool-3527-thread-1] INFO org.apache.nifi.processors.standard.RouteText - RouteText[id=a680ad74-d0b5-404d-9505-4b7cb994baf3] Routing FlowFile[2410,99014893113493.mockFlowFile,24B] to original
[main] DEBUG org.apache.nifi.processors.standard.RouteText - RouteText[id=a680ad74-d0b5-404d-9505-4b7cb994baf3] Adding new dynamic property: PropertyDescriptor[simple]
[pool-3528-thread-1] INFO org.apache.nifi.processors.standard.RouteText - RouteText[id=a680ad74-d0b5-404d-9505-4b7cb994baf3] Created FlowFile[2413,99014893631197.mockFlowFile,24B] from FlowFile[2412,99014893631197.mockFlowFile,24B]; routing to relationship simple
[pool-3528-thread-1] INFO org.apache.nifi.processors.standard.RouteText - RouteText[id=a680ad74-d0b5-404d-9505-4b7cb994baf3] Routing FlowFile[2412,99014893631197.mockFlowFile,24B] to original
[main] DEBUG org.apache.nifi.processors.standard.RouteText - RouteText[id=a680ad74-d0b5-404d-9505-4b7cb994baf3] Adding new dynamic property: PropertyDescriptor[simple]
[pool-3529-thread-1] INFO org.apache.nifi.processors.standard.RouteText - RouteText[id=a680ad74-d0b5-404d-9505-4b7cb994baf3] Created FlowFile[2415,99014894133224.mockFlowFile,24B] from FlowFile[2414,99014894133224.mockFlowFile,24B]; routing to relationship simple
[pool-3529-thread-1] INFO org.apache.nifi.processors.standard.RouteText - RouteText[id=a680ad74-d0b5-404d-9505-4b7cb994baf3] Routing FlowFile[2414,99014894133224.mockFlowFile,24B] to original
[main] DEBUG org.apache.nifi.processors.standard.RouteText - RouteText[id=a680ad74-d0b5-404d-9505-4b7cb994baf3] Adding new dynamic property: PropertyDescriptor[simple]
[pool-3530-thread-1] INFO org.apache.nifi.processors.standard.RouteText - RouteText[id=a680ad74-d0b5-404d-9505-4b7cb994baf3] Created FlowFile[2417,99014894641750.mockFlowFile,24B] from FlowFile[2416,99014894641750.mockFlowFile,24B]; routing to relationship simple
[pool-3530-thread-1] INFO org.apache.nifi.processors.standard.RouteText - RouteText[id=a680ad74-d0b5-404d-9505-4b7cb994baf3] Routing FlowFile[2416,99014894641750.mockFlowFile,24B] to original
[main] DEBUG org.apache.nifi.processors.standard.RouteText - RouteText[id=a680ad74-d0b5-404d-9505-4b7cb994baf3] Adding new dynamic property: PropertyDescriptor[simple]
[pool-3531-thread-1] INFO org.apache.nifi.processors.standard.RouteText - RouteText[id=a680ad74-d0b5-404d-9505-4b7cb994baf3] Created FlowFile[2419,99014895116473.mockFlowFile,24B] from FlowFile[2418,99014895116473.mockFlowFile,24B]; routing to relationship simple
[pool-3531-thread-1] INFO org.apache.nifi.processors.standard.RouteText - RouteText[id=a680ad74-d0b5-404d-9505-4b7cb994baf3] Routing FlowFile[2418,99014895116473.mockFlowFile,24B] to original
[main] DEBUG org.apache.nifi.processors.standard.RouteText - RouteText[id=a680ad74-d0b5-404d-9505-4b7cb994baf3] Adding new dynamic property: PropertyDescriptor[simple]
[pool-3532-thread-1] INFO org.apache.nifi.processors.standard.RouteText - RouteText[id=a680ad74-d0b5-404d-9505-4b7cb994baf3] Created FlowFile[2421,99014895571740.mockFlowFile,24B] from FlowFile[2420,99014895571740.mockFlowFile,24B]; routing to relationship simple
[pool-3532-thread-1] INFO org.apache.nifi.processors.standard.RouteText - RouteText[id=a680ad74-d0b5-404d-9505-4b7cb994baf3] Routing FlowFile[2420,99014895571740.mockFlowFile,24B] to original
[main] DEBUG org.apache.nifi.processors.standard.RouteText - RouteText[id=a680ad74-d0b5-404d-9505-4b7cb994baf3] Adding new dynamic property: PropertyDescriptor[simple]
[pool-3533-thread-1] INFO org.apache.nifi.processors.standard.RouteText - RouteText[id=a680ad74-d0b5-404d-9505-4b7cb994baf3] Created FlowFile[2423,99014896149647.mockFlowFile,24B] from FlowFile[2422,99014896149647.mockFlowFile,24B]; routing to relationship simple
[pool-3533-thread-1] INFO org.apache.nifi.processors.standard.RouteText - RouteText[id=a680ad74-d0b5-404d-9505-4b7cb994baf3] Routing FlowFile[2422,99014896149647.mockFlowFile,24B] to original
[main] DEBUG org.apache.nifi.processors.standard.RouteText - RouteText[id=a680ad74-d0b5-404d-9505-4b7cb994baf3] Adding new dynamic property: PropertyDescriptor[simple]
[pool-3534-thread-1] INFO org.apache.nifi.processors.standard.RouteText - RouteText[id=a680ad74-d0b5-404d-9505-4b7cb994baf3] Created FlowFile[2425,99014896597031.mockFlowFile,24B] from FlowFile[2424,99014896597031.mockFlowFile,24B]; routing to relationship simple
[pool-3534-thread-1] INFO org.apache.nifi.processors.standard.RouteText - RouteText[id=a680ad74-d0b5-404d-9505-4b7cb994baf3] Routing FlowFile[2424,99014896597031.mockFlowFile,24B] to original
[main] DEBUG org.apache.nifi.processors.standard.RouteText - RouteText[id=a680ad74-d0b5-404d-9505-4b7cb994baf3] Adding new dynamic property: PropertyDescriptor[simple]
[pool-3535-thread-1] INFO org.apache.nifi.processors.standard.RouteText - RouteText[id=a680ad74-d0b5-404d-9505-4b7cb994baf3] Created FlowFile[2427,99014897269947.mockFlowFile,24B] from FlowFile[2426,99014897269947.mockFlowFile,24B]; routing to relationship simple
[pool-3535-thread-1] INFO org.apache.nifi.processors.standard.RouteText - RouteText[id=a680ad74-d0b5-404d-9505-4b7cb994baf3] Routing FlowFile[2426,99014897269947.mockFlowFile,24B] to original
[main] DEBUG org.apache.nifi.processors.standard.RouteText - RouteText[id=a680ad74-d0b5-404d-9505-4b7cb994baf3] Adding new dynamic property: PropertyDescriptor[simple]
[pool-3536-thread-1] INFO org.apache.nifi.processors.standard.RouteText - RouteText[id=a680ad74-d0b5-404d-9505-4b7cb994baf3] Created FlowFile[2429,99014897862703.mockFlowFile,24B] from FlowFile[2428,99014897862703.mockFlowFile,24B]; routing to relationship simple
[pool-3536-thread-1] INFO org.apache.nifi.processors.standard.RouteText - RouteText[id=a680ad74-d0b5-404d-9505-4b7cb994baf3] Routing FlowFile[2428,99014897862703.mockFlowFile,24B] to original
[main] DEBUG org.apache.nifi.processors.standard.RouteText - RouteText[id=a680ad74-d0b5-404d-9505-4b7cb994baf3] Adding new dynamic property: PropertyDescriptor[simple]
[pool-3537-thread-1] INFO org.apache.nifi.processors.standard.RouteText - RouteText[id=a680ad74-d0b5-404d-9505-4b7cb994baf3] Created FlowFile[2431,99014898362550.mockFlowFile,24B] from FlowFile[2430,99014898362550.mockFlowFile,24B]; routing to relationship simple
[pool-3537-thread-1] INFO org.apache.nifi.processors.standard.RouteText - RouteText[id=a680ad74-d0b5-404d-9505-4b7cb994baf3] Routing FlowFile[2430,99014898362550.mockFlowFile,24B] to original
[main] DEBUG org.apache.nifi.processors.standard.RouteText - RouteText[id=a680ad74-d0b5-404d-9505-4b7cb994baf3] Adding new dynamic property: PropertyDescriptor[simple]
[pool-3538-thread-1] INFO org.apache.nifi.processors.standard.RouteText - RouteText[id=a680ad74-d0b5-404d-9505-4b7cb994baf3] Created FlowFile[2433,99014898870946.mockFlowFile,24B] from FlowFile[2432,99014898870946.mockFlowFile,24B]; routing to relationship simple
[pool-3538-thread-1] INFO org.apache.nifi.processors.standard.RouteText - RouteText[id=a680ad74-d0b5-404d-9505-4b7cb994baf3] Routing FlowFile[2432,99014898870946.mockFlowFile,24B] to original
[main] DEBUG org.apache.nifi.processors.standard.RouteText - RouteText[id=a680ad74-d0b5-404d-9505-4b7cb994baf3] Adding new dynamic property: PropertyDescriptor[simple]
[pool-3539-thread-1] INFO org.apache.nifi.processors.standard.RouteText - RouteText[id=a680ad74-d0b5-404d-9505-4b7cb994baf3] Created FlowFile[2435,99014899369024.mockFlowFile,24B] from FlowFile[2434,99014899369024.mockFlowFile,24B]; routing to relationship simple
[pool-3539-thread-1] INFO org.apache.nifi.processors.standard.RouteText - RouteText[id=a680ad74-d0b5-404d-9505-4b7cb994baf3] Routing FlowFile[2434,99014899369024.mockFlowFile,24B] to original
[main] DEBUG org.apache.nifi.processors.standard.RouteText - RouteText[id=a680ad74-d0b5-404d-9505-4b7cb994baf3] Adding new dynamic property: PropertyDescriptor[simple]
[pool-3540-thread-1] INFO org.apache.nifi.processors.standard.RouteText - RouteText[id=a680ad74-d0b5-404d-9505-4b7cb994baf3] Created FlowFile[2437,99014899782665.mockFlowFile,24B] from FlowFile[2436,99014899782665.mockFlowFile,24B]; routing to relationship simple
[pool-3540-thread-1] INFO org.apache.nifi.processors.standard.RouteText - RouteText[id=a680ad74-d0b5-404d-9505-4b7cb994baf3] Routing FlowFile[2436,99014899782665.mockFlowFile,24B] to original
[main] DEBUG org.apache.nifi.processors.standard.RouteText - RouteText[id=a680ad74-d0b5-404d-9505-4b7cb994baf3] Adding new dynamic property: PropertyDescriptor[simple]
[pool-3541-thread-1] INFO org.apache.nifi.processors.standard.RouteText - RouteText[id=a680ad74-d0b5-404d-9505-4b7cb994baf3] Created FlowFile[2439,99014900167349.mockFlowFile,24B] from FlowFile[2438,99014900167349.mockFlowFile,24B]; routing to relationship simple
[pool-3541-thread-1] INFO org.apache.nifi.processors.standard.RouteText - RouteText[id=a680ad74-d0b5-404d-9505-4b7cb994baf3] Routing FlowFile[2438,99014900167349.mockFlowFile,24B] to original
[main] DEBUG org.apache.nifi.processors.standard.RouteText - RouteText[id=a680ad74-d0b5-404d-9505-4b7cb994baf3] Adding new dynamic property: PropertyDescriptor[simple]
[pool-3542-thread-1] INFO org.apache.nifi.processors.standard.RouteText - RouteText[id=a680ad74-d0b5-404d-9505-4b7cb994baf3] Created FlowFile[2441,99014900529107.mockFlowFile,24B] from FlowFile[2440,99014900529107.mockFlowFile,24B]; routing to relationship simple
[pool-3542-thread-1] INFO org.apache.nifi.processors.standard.RouteText - RouteText[id=a680ad74-d0b5-404d-9505-4b7cb994baf3] Routing FlowFile[2440,99014900529107.mockFlowFile,24B] to original
[main] DEBUG org.apache.nifi.processors.standard.RouteText - RouteText[id=a680ad74-d0b5-404d-9505-4b7cb994baf3] Adding new dynamic property: PropertyDescriptor[simple]
[pool-3543-thread-1] INFO org.apache.nifi.processors.standard.RouteText - RouteText[id=a680ad74-d0b5-404d-9505-4b7cb994baf3] Created FlowFile[2443,99014900881518.mockFlowFile,24B] from FlowFile[2442,99014900881518.mockFlowFile,24B]; routing to relationship simple
[pool-3543-thread-1] INFO org.apache.nifi.processors.standard.RouteText - RouteText[id=a680ad74-d0b5-404d-9505-4b7cb994baf3] Routing FlowFile[2442,99014900881518.mockFlowFile,24B] to original
[main] DEBUG org.apache.nifi.processors.standard.RouteText - RouteText[id=a680ad74-d0b5-404d-9505-4b7cb994baf3] Adding new dynamic property: PropertyDescriptor[simple]
[pool-3544-thread-1] INFO org.apache.nifi.processors.standard.RouteText - RouteText[id=a680ad74-d0b5-404d-9505-4b7cb994baf3] Created FlowFile[2445,99014901232348.mockFlowFile,24B] from FlowFile[2444,99014901232348.mockFlowFile,24B]; routing to relationship simple
[pool-3544-thread-1] INFO org.apache.nifi.processors.standard.RouteText - RouteText[id=a680ad74-d0b5-404d-9505-4b7cb994baf3] Routing FlowFile[2444,99014901232348.mockFlowFile,24B] to original
[main] DEBUG org.apache.nifi.processors.standard.RouteText - RouteText[id=a680ad74-d0b5-404d-9505-4b7cb994baf3] Adding new dynamic property: PropertyDescriptor[simple]
[pool-3545-thread-1] INFO org.apache.nifi.processors.standard.RouteText - RouteText[id=a680ad74-d0b5-404d-9505-4b7cb994baf3] Created FlowFile[2447,99014901603581.mockFlowFile,24B] from FlowFile[2446,99014901603581.mockFlowFile,24B]; routing to relationship simple
[pool-3545-thread-1] INFO org.apache.nifi.processors.standard.RouteText - RouteText[id=a680ad74-d0b5-404d-9505-4b7cb994baf3] Routing FlowFile[2446,99014901603581.mockFlowFile,24B] to original
[main] DEBUG org.apache.nifi.processors.standard.RouteText - RouteText[id=a680ad74-d0b5-404d-9505-4b7cb994baf3] Adding new dynamic property: PropertyDescriptor[simple]
[pool-3546-thread-1] INFO org.apache.nifi.processors.standard.RouteText - RouteText[id=a680ad74-d0b5-404d-9505-4b7cb994baf3] Created FlowFile[2449,99014901976304.mockFlowFile,24B] from FlowFile[2448,99014901976304.mockFlowFile,24B]; routing to relationship simple
[pool-3546-thread-1] INFO org.apache.nifi.processors.standard.RouteText - RouteText[id=a680ad74-d0b5-404d-9505-4b7cb994baf3] Routing FlowFile[2448,99014901976304.mockFlowFile,24B] to original
[main] DEBUG org.apache.nifi.processors.standard.RouteText - RouteText[id=a680ad74-d0b5-404d-9505-4b7cb994baf3] Adding new dynamic property: PropertyDescriptor[simple]
[pool-3547-thread-1] INFO org.apache.nifi.processors.standard.RouteText - RouteText[id=a680ad74-d0b5-404d-9505-4b7cb994baf3] Created FlowFile[2451,99014902332287.mockFlowFile,24B] from FlowFile[2450,99014902332287.mockFlowFile,24B]; routing to relationship simple
[pool-3547-thread-1] INFO org.apache.nifi.processors.standard.RouteText - RouteText[id=a680ad74-d0b5-404d-9505-4b7cb994baf3] Routing FlowFile[2450,99014902332287.mockFlowFile,24B] to original
[main] DEBUG org.apache.nifi.processors.standard.RouteText - RouteText[id=a680ad74-d0b5-404d-9505-4b7cb994baf3] Adding new dynamic property: PropertyDescriptor[simple]
[pool-3548-thread-1] INFO org.apache.nifi.processors.standard.RouteText - RouteText[id=a680ad74-d0b5-404d-9505-4b7cb994baf3] Created FlowFile[2453,99014902677898.mockFlowFile,24B] from FlowFile[2452,99014902677898.mockFlowFile,24B]; routing to relationship simple
[pool-3548-thread-1] INFO org.apache.nifi.processors.standard.RouteText - RouteText[id=a680ad74-d0b5-404d-9505-4b7cb994baf3] Routing FlowFile[2452,99014902677898.mockFlowFile,24B] to original
[main] DEBUG org.apache.nifi.processors.standard.RouteText - RouteText[id=a680ad74-d0b5-404d-9505-4b7cb994baf3] Adding new dynamic property: PropertyDescriptor[simple]
[pool-3549-thread-1] INFO org.apache.nifi.processors.standard.RouteText - RouteText[id=a680ad74-d0b5-404d-9505-4b7cb994baf3] Created FlowFile[2455,99014903030541.mockFlowFile,24B] from FlowFile[2454,99014903030541.mockFlowFile,24B]; routing to relationship simple
[pool-3549-thread-1] INFO org.apache.nifi.processors.standard.RouteText - RouteText[id=a680ad74-d0b5-404d-9505-4b7cb994baf3] Routing FlowFile[2454,99014903030541.mockFlowFile,24B] to original
[main] DEBUG org.apache.nifi.processors.standard.RouteText - RouteText[id=a680ad74-d0b5-404d-9505-4b7cb994baf3] Adding new dynamic property: PropertyDescriptor[simple]
[pool-3550-thread-1] INFO org.apache.nifi.processors.standard.RouteText - RouteText[id=a680ad74-d0b5-404d-9505-4b7cb994baf3] Created FlowFile[2457,99014903437159.mockFlowFile,24B] from FlowFile[2456,99014903437159.mockFlowFile,24B]; routing to relationship simple
[pool-3550-thread-1] INFO org.apache.nifi.processors.standard.RouteText - RouteText[id=a680ad74-d0b5-404d-9505-4b7cb994baf3] Routing FlowFile[2456,99014903437159.mockFlowFile,24B] to original
[main] DEBUG org.apache.nifi.processors.standard.RouteText - RouteText[id=a680ad74-d0b5-404d-9505-4b7cb994baf3] Adding new dynamic property: PropertyDescriptor[simple]
[pool-3551-thread-1] INFO org.apache.nifi.processors.standard.RouteText - RouteText[id=a680ad74-d0b5-404d-9505-4b7cb994baf3] Created FlowFile[2459,99014903794867.mockFlowFile,24B] from FlowFile[2458,99014903794867.mockFlowFile,24B]; routing to relationship simple
[pool-3551-thread-1] INFO org.apache.nifi.processors.standard.RouteText - RouteText[id=a680ad74-d0b5-404d-9505-4b7cb994baf3] Routing FlowFile[2458,99014903794867.mockFlowFile,24B] to original
[main] DEBUG org.apache.nifi.processors.standard.RouteText - RouteText[id=a680ad74-d0b5-404d-9505-4b7cb994baf3] Adding new dynamic property: PropertyDescriptor[simple]
[pool-3552-thread-1] INFO org.apache.nifi.processors.standard.RouteText - RouteText[id=a680ad74-d0b5-404d-9505-4b7cb994baf3] Created FlowFile[2461,99014904160398.mockFlowFile,24B] from FlowFile[2460,99014904160398.mockFlowFile,24B]; routing to relationship simple
[pool-3552-thread-1] INFO org.apache.nifi.processors.standard.RouteText - RouteText[id=a680ad74-d0b5-404d-9505-4b7cb994baf3] Routing FlowFile[2460,99014904160398.mockFlowFile,24B] to original
[main] DEBUG org.apache.nifi.processors.standard.RouteText - RouteText[id=a680ad74-d0b5-404d-9505-4b7cb994baf3] Adding new dynamic property: PropertyDescriptor[simple]
[pool-3553-thread-1] INFO org.apache.nifi.processors.standard.RouteText - RouteText[id=a680ad74-d0b5-404d-9505-4b7cb994baf3] Created FlowFile[2463,99014904607499.mockFlowFile,24B] from FlowFile[2462,99014904607499.mockFlowFile,24B]; routing to relationship simple
[pool-3553-thread-1] INFO org.apache.nifi.processors.standard.RouteText - RouteText[id=a680ad74-d0b5-404d-9505-4b7cb994baf3] Routing FlowFile[2462,99014904607499.mockFlowFile,24B] to original
[main] DEBUG org.apache.nifi.processors.standard.RouteText - RouteText[id=a680ad74-d0b5-404d-9505-4b7cb994baf3] Adding new dynamic property: PropertyDescriptor[simple]
[pool-3554-thread-1] INFO org.apache.nifi.processors.standard.RouteText - RouteText[id=a680ad74-d0b5-404d-9505-4b7cb994baf3] Created FlowFile[2465,99014904952190.mockFlowFile,24B] from FlowFile[2464,99014904952190.mockFlowFile,24B]; routing to relationship simple
[pool-3554-thread-1] INFO org.apache.nifi.processors.standard.RouteText - RouteText[id=a680ad74-d0b5-404d-9505-4b7cb994baf3] Routing FlowFile[2464,99014904952190.mockFlowFile,24B] to original
[main] DEBUG org.apache.nifi.processors.standard.RouteText - RouteText[id=a680ad74-d0b5-404d-9505-4b7cb994baf3] Adding new dynamic property: PropertyDescriptor[simple]
[pool-3555-thread-1] INFO org.apache.nifi.processors.standard.RouteText - RouteText[id=a680ad74-d0b5-404d-9505-4b7cb994baf3] Created FlowFile[2467,99014905296445.mockFlowFile,24B] from FlowFile[2466,99014905296445.mockFlowFile,24B]; routing to relationship simple
[pool-3555-thread-1] INFO org.apache.nifi.processors.standard.RouteText - RouteText[id=a680ad74-d0b5-404d-9505-4b7cb994baf3] Routing FlowFile[2466,99014905296445.mockFlowFile,24B] to original
[main] DEBUG org.apache.nifi.processors.standard.RouteText - RouteText[id=a680ad74-d0b5-404d-9505-4b7cb994baf3] Adding new dynamic property: PropertyDescriptor[simple]
[pool-3556-thread-1] INFO org.apache.nifi.processors.standard.RouteText - RouteText[id=a680ad74-d0b5-404d-9505-4b7cb994baf3] Created FlowFile[2469,99014905642565.mockFlowFile,24B] from FlowFile[2468,99014905642565.mockFlowFile,24B]; routing to relationship simple
[pool-3556-thread-1] INFO org.apache.nifi.processors.standard.RouteText - RouteText[id=a680ad74-d0b5-404d-9505-4b7cb994baf3] Routing FlowFile[2468,99014905642565.mockFlowFile,24B] to original
[main] DEBUG org.apache.nifi.processors.standard.RouteText - RouteText[id=a680ad74-d0b5-404d-9505-4b7cb994baf3] Adding new dynamic property: PropertyDescriptor[simple]
[pool-3557-thread-1] INFO org.apache.nifi.processors.standard.RouteText - RouteText[id=a680ad74-d0b5-404d-9505-4b7cb994baf3] Created FlowFile[2471,99014906006675.mockFlowFile,24B] from FlowFile[2470,99014906006675.mockFlowFile,24B]; routing to relationship simple
[pool-3557-thread-1] INFO org.apache.nifi.processors.standard.RouteText - RouteText[id=a680ad74-d0b5-404d-9505-4b7cb994baf3] Routing FlowFile[2470,99014906006675.mockFlowFile,24B] to original
[main] DEBUG org.apache.nifi.processors.standard.RouteText - RouteText[id=a680ad74-d0b5-404d-9505-4b7cb994baf3] Adding new dynamic property: PropertyDescriptor[simple]
[pool-3558-thread-1] INFO org.apache.nifi.processors.standard.RouteText - RouteText[id=a680ad74-d0b5-404d-9505-4b7cb994baf3] Created FlowFile[2473,99014906377148.mockFlowFile,24B] from FlowFile[2472,99014906377148.mockFlowFile,24B]; routing to relationship simple
[pool-3558-thread-1] INFO org.apache.nifi.processors.standard.RouteText - RouteText[id=a680ad74-d0b5-404d-9505-4b7cb994baf3] Routing FlowFile[2472,99014906377148.mockFlowFile,24B] to original
[main] DEBUG org.apache.nifi.processors.standard.RouteText - RouteText[id=a680ad74-d0b5-404d-9505-4b7cb994baf3] Adding new dynamic property: PropertyDescriptor[simple]
[pool-3559-thread-1] INFO org.apache.nifi.processors.standard.RouteText - RouteText[id=a680ad74-d0b5-404d-9505-4b7cb994baf3] Created FlowFile[2475,99014906741372.mockFlowFile,24B] from FlowFile[2474,99014906741372.mockFlowFile,24B]; routing to relationship simple
[pool-3559-thread-1] INFO org.apache.nifi.processors.standard.RouteText - RouteText[id=a680ad74-d0b5-404d-9505-4b7cb994baf3] Routing FlowFile[2474,99014906741372.mockFlowFile,24B] to original
[main] DEBUG org.apache.nifi.processors.standard.RouteText - RouteText[id=a680ad74-d0b5-404d-9505-4b7cb994baf3] Adding new dynamic property: PropertyDescriptor[simple]
[pool-3560-thread-1] INFO org.apache.nifi.processors.standard.RouteText - RouteText[id=a680ad74-d0b5-404d-9505-4b7cb994baf3] Created FlowFile[2477,99014907079002.mockFlowFile,24B] from FlowFile[2476,99014907079002.mockFlowFile,24B]; routing to relationship simple
[pool-3560-thread-1] INFO org.apache.nifi.processors.standard.RouteText - RouteText[id=a680ad74-d0b5-404d-9505-4b7cb994baf3] Routing FlowFile[2476,99014907079002.mockFlowFile,24B] to original
[main] DEBUG org.apache.nifi.processors.standard.RouteText - RouteText[id=a680ad74-d0b5-404d-9505-4b7cb994baf3] Adding new dynamic property: PropertyDescriptor[simple]
[pool-3561-thread-1] INFO org.apache.nifi.processors.standard.RouteText - RouteText[id=a680ad74-d0b5-404d-9505-4b7cb994baf3] Created FlowFile[2479,99014907515582.mockFlowFile,24B] from FlowFile[2478,99014907515582.mockFlowFile,24B]; routing to relationship simple
[pool-3561-thread-1] INFO org.apache.nifi.processors.standard.RouteText - RouteText[id=a680ad74-d0b5-404d-9505-4b7cb994baf3] Routing FlowFile[2478,99014907515582.mockFlowFile,24B] to original
[main] DEBUG org.apache.nifi.processors.standard.RouteText - RouteText[id=a680ad74-d0b5-404d-9505-4b7cb994baf3] Adding new dynamic property: PropertyDescriptor[simple]
[pool-3562-thread-1] INFO org.apache.nifi.processors.standard.RouteText - RouteText[id=a680ad74-d0b5-404d-9505-4b7cb994baf3] Created FlowFile[2481,99014907850245.mockFlowFile,24B] from FlowFile[2480,99014907850245.mockFlowFile,24B]; routing to relationship simple
[pool-3562-thread-1] INFO org.apache.nifi.processors.standard.RouteText - RouteText[id=a680ad74-d0b5-404d-9505-4b7cb994baf3] Routing FlowFile[2480,99014907850245.mockFlowFile,24B] to original
[main] DEBUG org.apache.nifi.processors.standard.RouteText - RouteText[id=a680ad74-d0b5-404d-9505-4b7cb994baf3] Adding new dynamic property: PropertyDescriptor[simple]
[pool-3563-thread-1] INFO org.apache.nifi.processors.standard.RouteText - RouteText[id=a680ad74-d0b5-404d-9505-4b7cb994baf3] Created FlowFile[2483,99014908235075.mockFlowFile,24B] from FlowFile[2482,99014908235075.mockFlowFile,24B]; routing to relationship simple
[pool-3563-thread-1] INFO org.apache.nifi.processors.standard.RouteText - RouteText[id=a680ad74-d0b5-404d-9505-4b7cb994baf3] Routing FlowFile[2482,99014908235075.mockFlowFile,24B] to original
[main] DEBUG org.apache.nifi.processors.standard.RouteText - RouteText[id=a680ad74-d0b5-404d-9505-4b7cb994baf3] Adding new dynamic property: PropertyDescriptor[simple]
[pool-3564-thread-1] INFO org.apache.nifi.processors.standard.RouteText - RouteText[id=a680ad74-d0b5-404d-9505-4b7cb994baf3] Created FlowFile[2485,99014908670350.mockFlowFile,24B] from FlowFile[2484,99014908670350.mockFlowFile,24B]; routing to relationship simple
[pool-3564-thread-1] INFO org.apache.nifi.processors.standard.RouteText - RouteText[id=a680ad74-d0b5-404d-9505-4b7cb994baf3] Routing FlowFile[2484,99014908670350.mockFlowFile,24B] to original
[main] DEBUG org.apache.nifi.processors.standard.RouteText - RouteText[id=a680ad74-d0b5-404d-9505-4b7cb994baf3] Adding new dynamic property: PropertyDescriptor[simple]
[pool-3565-thread-1] INFO org.apache.nifi.processors.standard.RouteText - RouteText[id=a680ad74-d0b5-404d-9505-4b7cb994baf3] Created FlowFile[2487,99014909028341.mockFlowFile,24B] from FlowFile[2486,99014909028341.mockFlowFile,24B]; routing to relationship simple
[pool-3565-thread-1] INFO org.apache.nifi.processors.standard.RouteText - RouteText[id=a680ad74-d0b5-404d-9505-4b7cb994baf3] Routing FlowFile[2486,99014909028341.mockFlowFile,24B] to original
[main] DEBUG org.apache.nifi.processors.standard.RouteText - RouteText[id=a680ad74-d0b5-404d-9505-4b7cb994baf3] Adding new dynamic property: PropertyDescriptor[simple]
[pool-3566-thread-1] INFO org.apache.nifi.processors.standard.RouteText - RouteText[id=a680ad74-d0b5-404d-9505-4b7cb994baf3] Created FlowFile[2489,99014909385011.mockFlowFile,24B] from FlowFile[2488,99014909385011.mockFlowFile,24B]; routing to relationship simple
[pool-3566-thread-1] INFO org.apache.nifi.processors.standard.RouteText - RouteText[id=a680ad74-d0b5-404d-9505-4b7cb994baf3] Routing FlowFile[2488,99014909385011.mockFlowFile,24B] to original
[main] DEBUG org.apache.nifi.processors.standard.RouteText - RouteText[id=a680ad74-d0b5-404d-9505-4b7cb994baf3] Adding new dynamic property: PropertyDescriptor[simple]
[pool-3567-thread-1] INFO org.apache.nifi.processors.standard.RouteText - RouteText[id=a680ad74-d0b5-404d-9505-4b7cb994baf3] Created FlowFile[2491,99014909741942.mockFlowFile,24B] from FlowFile[2490,99014909741942.mockFlowFile,24B]; routing to relationship simple
[pool-3567-thread-1] INFO org.apache.nifi.processors.standard.RouteText - RouteText[id=a680ad74-d0b5-404d-9505-4b7cb994baf3] Routing FlowFile[2490,99014909741942.mockFlowFile,24B] to original
[main] DEBUG org.apache.nifi.processors.standard.RouteText - RouteText[id=a680ad74-d0b5-404d-9505-4b7cb994baf3] Adding new dynamic property: PropertyDescriptor[simple]
[pool-3568-thread-1] INFO org.apache.nifi.processors.standard.RouteText - RouteText[id=a680ad74-d0b5-404d-9505-4b7cb994baf3] Created FlowFile[2493,99014910079180.mockFlowFile,24B] from FlowFile[2492,99014910079180.mockFlowFile,24B]; routing to relationship simple
[pool-3568-thread-1] INFO org.apache.nifi.processors.standard.RouteText - RouteText[id=a680ad74-d0b5-404d-9505-4b7cb994baf3] Routing FlowFile[2492,99014910079180.mockFlowFile,24B] to original
[main] DEBUG org.apache.nifi.processors.standard.RouteText - RouteText[id=a680ad74-d0b5-404d-9505-4b7cb994baf3] Adding new dynamic property: PropertyDescriptor[simple]
[pool-3569-thread-1] INFO org.apache.nifi.processors.standard.RouteText - RouteText[id=a680ad74-d0b5-404d-9505-4b7cb994baf3] Created FlowFile[2495,99014910428543.mockFlowFile,24B] from FlowFile[2494,99014910428543.mockFlowFile,24B]; routing to relationship simple
[pool-3569-thread-1] INFO org.apache.nifi.processors.standard.RouteText - RouteText[id=a680ad74-d0b5-404d-9505-4b7cb994baf3] Routing FlowFile[2494,99014910428543.mockFlowFile,24B] to original
[main] DEBUG org.apache.nifi.processors.standard.RouteText - RouteText[id=a680ad74-d0b5-404d-9505-4b7cb994baf3] Adding new dynamic property: PropertyDescriptor[simple]
[pool-3570-thread-1] INFO org.apache.nifi.processors.standard.RouteText - RouteText[id=a680ad74-d0b5-404d-9505-4b7cb994baf3] Created FlowFile[2497,99014910773743.mockFlowFile,24B] from FlowFile[2496,99014910773743.mockFlowFile,24B]; routing to relationship simple
[pool-3570-thread-1] INFO org.apache.nifi.processors.standard.RouteText - RouteText[id=a680ad74-d0b5-404d-9505-4b7cb994baf3] Routing FlowFile[2496,99014910773743.mockFlowFile,24B] to original
[main] DEBUG org.apache.nifi.processors.standard.RouteText - RouteText[id=a680ad74-d0b5-404d-9505-4b7cb994baf3] Adding new dynamic property: PropertyDescriptor[simple]
[pool-3571-thread-1] INFO org.apache.nifi.processors.standard.RouteText - RouteText[id=a680ad74-d0b5-404d-9505-4b7cb994baf3] Created FlowFile[2499,99014911121736.mockFlowFile,24B] from FlowFile[2498,99014911121736.mockFlowFile,24B]; routing to relationship simple
[pool-3571-thread-1] INFO org.apache.nifi.processors.standard.RouteText - RouteText[id=a680ad74-d0b5-404d-9505-4b7cb994baf3] Routing FlowFile[2498,99014911121736.mockFlowFile,24B] to original
[main] DEBUG org.apache.nifi.processors.standard.RouteText - RouteText[id=a680ad74-d0b5-404d-9505-4b7cb994baf3] Adding new dynamic property: PropertyDescriptor[simple]
[pool-3572-thread-1] INFO org.apache.nifi.processors.standard.RouteText - RouteText[id=a680ad74-d0b5-404d-9505-4b7cb994baf3] Created FlowFile[2501,99014911598019.mockFlowFile,24B] from FlowFile[2500,99014911598019.mockFlowFile,24B]; routing to relationship simple
[pool-3572-thread-1] INFO org.apache.nifi.processors.standard.RouteText - RouteText[id=a680ad74-d0b5-404d-9505-4b7cb994baf3] Routing FlowFile[2500,99014911598019.mockFlowFile,24B] to original
[main] DEBUG org.apache.nifi.processors.standard.RouteText - RouteText[id=a680ad74-d0b5-404d-9505-4b7cb994baf3] Adding new dynamic property: PropertyDescriptor[simple]
[pool-3573-thread-1] INFO org.apache.nifi.processors.standard.RouteText - RouteText[id=a680ad74-d0b5-404d-9505-4b7cb994baf3] Created FlowFile[2503,99014911972077.mockFlowFile,24B] from FlowFile[2502,99014911972077.mockFlowFile,24B]; routing to relationship simple
[pool-3573-thread-1] INFO org.apache.nifi.processors.standard.RouteText - RouteText[id=a680ad74-d0b5-404d-9505-4b7cb994baf3] Routing FlowFile[2502,99014911972077.mockFlowFile,24B] to original
[main] DEBUG org.apache.nifi.processors.standard.RouteText - RouteText[id=a680ad74-d0b5-404d-9505-4b7cb994baf3] Adding new dynamic property: PropertyDescriptor[simple]
[pool-3574-thread-1] INFO org.apache.nifi.processors.standard.RouteText - RouteText[id=a680ad74-d0b5-404d-9505-4b7cb994baf3] Created FlowFile[2505,99014912387164.mockFlowFile,24B] from FlowFile[2504,99014912387164.mockFlowFile,24B]; routing to relationship simple
[pool-3574-thread-1] INFO org.apache.nifi.processors.standard.RouteText - RouteText[id=a680ad74-d0b5-404d-9505-4b7cb994baf3] Routing FlowFile[2504,99014912387164.mockFlowFile,24B] to original
[main] DEBUG org.apache.nifi.processors.standard.RouteText - RouteText[id=a680ad74-d0b5-404d-9505-4b7cb994baf3] Adding new dynamic property: PropertyDescriptor[simple]
[pool-3575-thread-1] INFO org.apache.nifi.processors.standard.RouteText - RouteText[id=a680ad74-d0b5-404d-9505-4b7cb994baf3] Created FlowFile[2507,99014912854621.mockFlowFile,24B] from FlowFile[2506,99014912854621.mockFlowFile,24B]; routing to relationship simple
[pool-3575-thread-1] INFO org.apache.nifi.processors.standard.RouteText - RouteText[id=a680ad74-d0b5-404d-9505-4b7cb994baf3] Routing FlowFile[2506,99014912854621.mockFlowFile,24B] to original
[main] DEBUG org.apache.nifi.processors.standard.RouteText - RouteText[id=a680ad74-d0b5-404d-9505-4b7cb994baf3] Adding new dynamic property: PropertyDescriptor[simple]
[pool-3576-thread-1] INFO org.apache.nifi.processors.standard.RouteText - RouteText[id=a680ad74-d0b5-404d-9505-4b7cb994baf3] Created FlowFile[2509,99014913254525.mockFlowFile,24B] from FlowFile[2508,99014913254525.mockFlowFile,24B]; routing to relationship simple
[pool-3576-thread-1] INFO org.apache.nifi.processors.standard.RouteText - RouteText[id=a680ad74-d0b5-404d-9505-4b7cb994baf3] Routing FlowFile[2508,99014913254525.mockFlowFile,24B] to original
[main] DEBUG org.apache.nifi.processors.standard.RouteText - RouteText[id=a680ad74-d0b5-404d-9505-4b7cb994baf3] Adding new dynamic property: PropertyDescriptor[simple]
[pool-3577-thread-1] INFO org.apache.nifi.processors.standard.RouteText - RouteText[id=a680ad74-d0b5-404d-9505-4b7cb994baf3] Created FlowFile[2511,99014913607912.mockFlowFile,24B] from FlowFile[2510,99014913607912.mockFlowFile,24B]; routing to relationship simple
[pool-3577-thread-1] INFO org.apache.nifi.processors.standard.RouteText - RouteText[id=a680ad74-d0b5-404d-9505-4b7cb994baf3] Routing FlowFile[2510,99014913607912.mockFlowFile,24B] to original
[main] DEBUG org.apache.nifi.processors.standard.RouteText - RouteText[id=a680ad74-d0b5-404d-9505-4b7cb994baf3] Adding new dynamic property: PropertyDescriptor[simple]
[pool-3578-thread-1] INFO org.apache.nifi.processors.standard.RouteText - RouteText[id=a680ad74-d0b5-404d-9505-4b7cb994baf3] Created FlowFile[2513,99014913955667.mockFlowFile,24B] from FlowFile[2512,99014913955667.mockFlowFile,24B]; routing to relationship simple
[pool-3578-thread-1] INFO org.apache.nifi.processors.standard.RouteText - RouteText[id=a680ad74-d0b5-404d-9505-4b7cb994baf3] Routing FlowFile[2512,99014913955667.mockFlowFile,24B] to original
[main] DEBUG org.apache.nifi.processors.standard.RouteText - RouteText[id=a680ad74-d0b5-404d-9505-4b7cb994baf3] Adding new dynamic property: PropertyDescriptor[simple]
[pool-3579-thread-1] INFO org.apache.nifi.processors.standard.RouteText - RouteText[id=a680ad74-d0b5-404d-9505-4b7cb994baf3] Created FlowFile[2515,99014914356150.mockFlowFile,24B] from FlowFile[2514,99014914356150.mockFlowFile,24B]; routing to relationship simple
[pool-3579-thread-1] INFO org.apache.nifi.processors.standard.RouteText - RouteText[id=a680ad74-d0b5-404d-9505-4b7cb994baf3] Routing FlowFile[2514,99014914356150.mockFlowFile,24B] to original
[main] DEBUG org.apache.nifi.processors.standard.RouteText - RouteText[id=a680ad74-d0b5-404d-9505-4b7cb994baf3] Adding new dynamic property: PropertyDescriptor[simple]
[pool-3580-thread-1] INFO org.apache.nifi.processors.standard.RouteText - RouteText[id=a680ad74-d0b5-404d-9505-4b7cb994baf3] Created FlowFile[2517,99014914766085.mockFlowFile,24B] from FlowFile[2516,99014914766085.mockFlowFile,24B]; routing to relationship simple
[pool-3580-thread-1] INFO org.apache.nifi.processors.standard.RouteText - RouteText[id=a680ad74-d0b5-404d-9505-4b7cb994baf3] Routing FlowFile[2516,99014914766085.mockFlowFile,24B] to original
[main] DEBUG org.apache.nifi.processors.standard.RouteText - RouteText[id=a680ad74-d0b5-404d-9505-4b7cb994baf3] Adding new dynamic property: PropertyDescriptor[simple]
[pool-3581-thread-1] INFO org.apache.nifi.processors.standard.RouteText - RouteText[id=a680ad74-d0b5-404d-9505-4b7cb994baf3] Created FlowFile[2519,99014915199227.mockFlowFile,24B] from FlowFile[2518,99014915199227.mockFlowFile,24B]; routing to relationship simple
[pool-3581-thread-1] INFO org.apache.nifi.processors.standard.RouteText - RouteText[id=a680ad74-d0b5-404d-9505-4b7cb994baf3] Routing FlowFile[2518,99014915199227.mockFlowFile,24B] to original
[main] DEBUG org.apache.nifi.processors.standard.RouteText - RouteText[id=a680ad74-d0b5-404d-9505-4b7cb994baf3] Adding new dynamic property: PropertyDescriptor[simple]
[pool-3582-thread-1] INFO org.apache.nifi.processors.standard.RouteText - RouteText[id=a680ad74-d0b5-404d-9505-4b7cb994baf3] Created FlowFile[2521,99014915643403.mockFlowFile,24B] from FlowFile[2520,99014915643403.mockFlowFile,24B]; routing to relationship simple
[pool-3582-thread-1] INFO org.apache.nifi.processors.standard.RouteText - RouteText[id=a680ad74-d0b5-404d-9505-4b7cb994baf3] Routing FlowFile[2520,99014915643403.mockFlowFile,24B] to original
[main] DEBUG org.apache.nifi.processors.standard.RouteText - RouteText[id=a680ad74-d0b5-404d-9505-4b7cb994baf3] Adding new dynamic property: PropertyDescriptor[simple]
[pool-3583-thread-1] INFO org.apache.nifi.processors.standard.RouteText - RouteText[id=a680ad74-d0b5-404d-9505-4b7cb994baf3] Created FlowFile[2523,99014916063076.mockFlowFile,24B] from FlowFile[2522,99014916063076.mockFlowFile,24B]; routing to relationship simple
[pool-3583-thread-1] INFO org.apache.nifi.processors.standard.RouteText - RouteText[id=a680ad74-d0b5-404d-9505-4b7cb994baf3] Routing FlowFile[2522,99014916063076.mockFlowFile,24B] to original
[main] DEBUG org.apache.nifi.processors.standard.RouteText - RouteText[id=a680ad74-d0b5-404d-9505-4b7cb994baf3] Adding new dynamic property: PropertyDescriptor[simple]
[pool-3584-thread-1] INFO org.apache.nifi.processors.standard.RouteText - RouteText[id=a680ad74-d0b5-404d-9505-4b7cb994baf3] Created FlowFile[2525,99014916550387.mockFlowFile,24B] from FlowFile[2524,99014916550387.mockFlowFile,24B]; routing to relationship simple
[pool-3584-thread-1] INFO org.apache.nifi.processors.standard.RouteText - RouteText[id=a680ad74-d0b5-404d-9505-4b7cb994baf3] Routing FlowFile[2524,99014916550387.mockFlowFile,24B] to original
[main] DEBUG org.apache.nifi.processors.standard.RouteText - RouteText[id=a680ad74-d0b5-404d-9505-4b7cb994baf3] Adding new dynamic property: PropertyDescriptor[simple]
[pool-3585-thread-1] INFO org.apache.nifi.processors.standard.RouteText - RouteText[id=a680ad74-d0b5-404d-9505-4b7cb994baf3] Created FlowFile[2527,99014917006903.mockFlowFile,24B] from FlowFile[2526,99014917006903.mockFlowFile,24B]; routing to relationship simple
[pool-3585-thread-1] INFO org.apache.nifi.processors.standard.RouteText - RouteText[id=a680ad74-d0b5-404d-9505-4b7cb994baf3] Routing FlowFile[2526,99014917006903.mockFlowFile,24B] to original
[main] DEBUG org.apache.nifi.processors.standard.RouteText - RouteText[id=a680ad74-d0b5-404d-9505-4b7cb994baf3] Adding new dynamic property: PropertyDescriptor[simple]
[pool-3586-thread-1] INFO org.apache.nifi.processors.standard.RouteText - RouteText[id=a680ad74-d0b5-404d-9505-4b7cb994baf3] Created FlowFile[2529,99014917451790.mockFlowFile,24B] from FlowFile[2528,99014917451790.mockFlowFile,24B]; routing to relationship simple
[pool-3586-thread-1] INFO org.apache.nifi.processors.standard.RouteText - RouteText[id=a680ad74-d0b5-404d-9505-4b7cb994baf3] Routing FlowFile[2528,99014917451790.mockFlowFile,24B] to original
[main] DEBUG org.apache.nifi.processors.standard.RouteText - RouteText[id=a680ad74-d0b5-404d-9505-4b7cb994baf3] Adding new dynamic property: PropertyDescriptor[simple]
[pool-3587-thread-1] INFO org.apache.nifi.processors.standard.RouteText - RouteText[id=a680ad74-d0b5-404d-9505-4b7cb994baf3] Created FlowFile[2531,99014917801775.mockFlowFile,24B] from FlowFile[2530,99014917801775.mockFlowFile,24B]; routing to relationship simple
[pool-3587-thread-1] INFO org.apache.nifi.processors.standard.RouteText - RouteText[id=a680ad74-d0b5-404d-9505-4b7cb994baf3] Routing FlowFile[2530,99014917801775.mockFlowFile,24B] to original
[main] DEBUG org.apache.nifi.processors.standard.RouteText - RouteText[id=a680ad74-d0b5-404d-9505-4b7cb994baf3] Adding new dynamic property: PropertyDescriptor[simple]
[pool-3588-thread-1] INFO org.apache.nifi.processors.standard.RouteText - RouteText[id=a680ad74-d0b5-404d-9505-4b7cb994baf3] Created FlowFile[2533,99014918141549.mockFlowFile,24B] from FlowFile[2532,99014918141549.mockFlowFile,24B]; routing to relationship simple
[pool-3588-thread-1] INFO org.apache.nifi.processors.standard.RouteText - RouteText[id=a680ad74-d0b5-404d-9505-4b7cb994baf3] Routing FlowFile[2532,99014918141549.mockFlowFile,24B] to original
[main] DEBUG org.apache.nifi.processors.standard.RouteText - RouteText[id=a680ad74-d0b5-404d-9505-4b7cb994baf3] Adding new dynamic property: PropertyDescriptor[simple]
[pool-3589-thread-1] INFO org.apache.nifi.processors.standard.RouteText - RouteText[id=a680ad74-d0b5-404d-9505-4b7cb994baf3] Created FlowFile[2535,99014918481509.mockFlowFile,24B] from FlowFile[2534,99014918481509.mockFlowFile,24B]; routing to relationship simple
[pool-3589-thread-1] INFO org.apache.nifi.processors.standard.RouteText - RouteText[id=a680ad74-d0b5-404d-9505-4b7cb994baf3] Routing FlowFile[2534,99014918481509.mockFlowFile,24B] to original
[main] DEBUG org.apache.nifi.processors.standard.RouteText - RouteText[id=a680ad74-d0b5-404d-9505-4b7cb994baf3] Adding new dynamic property: PropertyDescriptor[simple]
[pool-3590-thread-1] INFO org.apache.nifi.processors.standard.RouteText - RouteText[id=a680ad74-d0b5-404d-9505-4b7cb994baf3] Created FlowFile[2537,99014918869266.mockFlowFile,24B] from FlowFile[2536,99014918869266.mockFlowFile,24B]; routing to relationship simple
[pool-3590-thread-1] INFO org.apache.nifi.processors.standard.RouteText - RouteText[id=a680ad74-d0b5-404d-9505-4b7cb994baf3] Routing FlowFile[2536,99014918869266.mockFlowFile,24B] to original
[main] DEBUG org.apache.nifi.processors.standard.RouteText - RouteText[id=a680ad74-d0b5-404d-9505-4b7cb994baf3] Adding new dynamic property: PropertyDescriptor[simple]
[pool-3591-thread-1] INFO org.apache.nifi.processors.standard.RouteText - RouteText[id=a680ad74-d0b5-404d-9505-4b7cb994baf3] Created FlowFile[2539,99014919337772.mockFlowFile,24B] from FlowFile[2538,99014919337772.mockFlowFile,24B]; routing to relationship simple
[pool-3591-thread-1] INFO org.apache.nifi.processors.standard.RouteText - RouteText[id=a680ad74-d0b5-404d-9505-4b7cb994baf3] Routing FlowFile[2538,99014919337772.mockFlowFile,24B] to original
[main] DEBUG org.apache.nifi.processors.standard.RouteText - RouteText[id=a680ad74-d0b5-404d-9505-4b7cb994baf3] Adding new dynamic property: PropertyDescriptor[simple]
[pool-3592-thread-1] INFO org.apache.nifi.processors.standard.RouteText - RouteText[id=a680ad74-d0b5-404d-9505-4b7cb994baf3] Created FlowFile[2541,99014919996578.mockFlowFile,24B] from FlowFile[2540,99014919996578.mockFlowFile,24B]; routing to relationship simple
[pool-3592-thread-1] INFO org.apache.nifi.processors.standard.RouteText - RouteText[id=a680ad74-d0b5-404d-9505-4b7cb994baf3] Routing FlowFile[2540,99014919996578.mockFlowFile,24B] to original
[main] DEBUG org.apache.nifi.processors.standard.RouteText - RouteText[id=a680ad74-d0b5-404d-9505-4b7cb994baf3] Adding new dynamic property: PropertyDescriptor[simple]
[pool-3593-thread-1] INFO org.apache.nifi.processors.standard.RouteText - RouteText[id=a680ad74-d0b5-404d-9505-4b7cb994baf3] Created FlowFile[2543,99014920629336.mockFlowFile,24B] from FlowFile[2542,99014920629336.mockFlowFile,24B]; routing to relationship simple
[pool-3593-thread-1] INFO org.apache.nifi.processors.standard.RouteText - RouteText[id=a680ad74-d0b5-404d-9505-4b7cb994baf3] Routing FlowFile[2542,99014920629336.mockFlowFile,24B] to original
[main] DEBUG org.apache.nifi.processors.standard.RouteText - RouteText[id=a680ad74-d0b5-404d-9505-4b7cb994baf3] Adding new dynamic property: PropertyDescriptor[simple]
[pool-3594-thread-1] INFO org.apache.nifi.processors.standard.RouteText - RouteText[id=a680ad74-d0b5-404d-9505-4b7cb994baf3] Created FlowFile[2545,99014921132541.mockFlowFile,24B] from FlowFile[2544,99014921132541.mockFlowFile,24B]; routing to relationship simple
[pool-3594-thread-1] INFO org.apache.nifi.processors.standard.RouteText - RouteText[id=a680ad74-d0b5-404d-9505-4b7cb994baf3] Routing FlowFile[2544,99014921132541.mockFlowFile,24B] to original
[main] DEBUG org.apache.nifi.processors.standard.RouteText - RouteText[id=a680ad74-d0b5-404d-9505-4b7cb994baf3] Adding new dynamic property: PropertyDescriptor[simple]
[pool-3595-thread-1] INFO org.apache.nifi.processors.standard.RouteText - RouteText[id=a680ad74-d0b5-404d-9505-4b7cb994baf3] Created FlowFile[2547,99014921548645.mockFlowFile,24B] from FlowFile[2546,99014921548645.mockFlowFile,24B]; routing to relationship simple
[pool-3595-thread-1] INFO org.apache.nifi.processors.standard.RouteText - RouteText[id=a680ad74-d0b5-404d-9505-4b7cb994baf3] Routing FlowFile[2546,99014921548645.mockFlowFile,24B] to original
[main] DEBUG org.apache.nifi.processors.standard.RouteText - RouteText[id=a680ad74-d0b5-404d-9505-4b7cb994baf3] Adding new dynamic property: PropertyDescriptor[simple]
[pool-3596-thread-1] INFO org.apache.nifi.processors.standard.RouteText - RouteText[id=a680ad74-d0b5-404d-9505-4b7cb994baf3] Created FlowFile[2549,99014921896717.mockFlowFile,24B] from FlowFile[2548,99014921896717.mockFlowFile,24B]; routing to relationship simple
[pool-3596-thread-1] INFO org.apache.nifi.processors.standard.RouteText - RouteText[id=a680ad74-d0b5-404d-9505-4b7cb994baf3] Routing FlowFile[2548,99014921896717.mockFlowFile,24B] to original
[main] DEBUG org.apache.nifi.processors.standard.RouteText - RouteText[id=a680ad74-d0b5-404d-9505-4b7cb994baf3] Adding new dynamic property: PropertyDescriptor[simple]
[pool-3597-thread-1] INFO org.apache.nifi.processors.standard.RouteText - RouteText[id=a680ad74-d0b5-404d-9505-4b7cb994baf3] Created FlowFile[2551,99014922232037.mockFlowFile,24B] from FlowFile[2550,99014922232037.mockFlowFile,24B]; routing to relationship simple
[pool-3597-thread-1] INFO org.apache.nifi.processors.standard.RouteText - RouteText[id=a680ad74-d0b5-404d-9505-4b7cb994baf3] Routing FlowFile[2550,99014922232037.mockFlowFile,24B] to original
[main] DEBUG org.apache.nifi.processors.standard.RouteText - RouteText[id=a680ad74-d0b5-404d-9505-4b7cb994baf3] Adding new dynamic property: PropertyDescriptor[simple]
[pool-3598-thread-1] INFO org.apache.nifi.processors.standard.RouteText - RouteText[id=a680ad74-d0b5-404d-9505-4b7cb994baf3] Created FlowFile[2553,99014922570583.mockFlowFile,24B] from FlowFile[2552,99014922570583.mockFlowFile,24B]; routing to relationship simple
[pool-3598-thread-1] INFO org.apache.nifi.processors.standard.RouteText - RouteText[id=a680ad74-d0b5-404d-9505-4b7cb994baf3] Routing FlowFile[2552,99014922570583.mockFlowFile,24B] to original
[main] DEBUG org.apache.nifi.processors.standard.RouteText - RouteText[id=a680ad74-d0b5-404d-9505-4b7cb994baf3] Adding new dynamic property: PropertyDescriptor[simple]
[pool-3599-thread-1] INFO org.apache.nifi.processors.standard.RouteText - RouteText[id=a680ad74-d0b5-404d-9505-4b7cb994baf3] Created FlowFile[2555,99014923002769.mockFlowFile,24B] from FlowFile[2554,99014923002769.mockFlowFile,24B]; routing to relationship simple
[pool-3599-thread-1] INFO org.apache.nifi.processors.standard.RouteText - RouteText[id=a680ad74-d0b5-404d-9505-4b7cb994baf3] Routing FlowFile[2554,99014923002769.mockFlowFile,24B] to original
[main] DEBUG org.apache.nifi.processors.standard.RouteText - RouteText[id=a680ad74-d0b5-404d-9505-4b7cb994baf3] Adding new dynamic property: PropertyDescriptor[simple]
[pool-3600-thread-1] INFO org.apache.nifi.processors.standard.RouteText - RouteText[id=a680ad74-d0b5-404d-9505-4b7cb994baf3] Created FlowFile[2557,99014923487777.mockFlowFile,24B] from FlowFile[2556,99014923487777.mockFlowFile,24B]; routing to relationship simple
[pool-3600-thread-1] INFO org.apache.nifi.processors.standard.RouteText - RouteText[id=a680ad74-d0b5-404d-9505-4b7cb994baf3] Routing FlowFile[2556,99014923487777.mockFlowFile,24B] to original
[main] DEBUG org.apache.nifi.processors.standard.RouteText - RouteText[id=a680ad74-d0b5-404d-9505-4b7cb994baf3] Adding new dynamic property: PropertyDescriptor[simple]
[pool-3601-thread-1] INFO org.apache.nifi.processors.standard.RouteText - RouteText[id=a680ad74-d0b5-404d-9505-4b7cb994baf3] Created FlowFile[2559,99014923885066.mockFlowFile,24B] from FlowFile[2558,99014923885066.mockFlowFile,24B]; routing to relationship simple
[pool-3601-thread-1] INFO org.apache.nifi.processors.standard.RouteText - RouteText[id=a680ad74-d0b5-404d-9505-4b7cb994baf3] Routing FlowFile[2558,99014923885066.mockFlowFile,24B] to original
[main] DEBUG org.apache.nifi.processors.standard.RouteText - RouteText[id=a680ad74-d0b5-404d-9505-4b7cb994baf3] Adding new dynamic property: PropertyDescriptor[simple]
[pool-3602-thread-1] INFO org.apache.nifi.processors.standard.RouteText - RouteText[id=a680ad74-d0b5-404d-9505-4b7cb994baf3] Created FlowFile[2561,99014924275764.mockFlowFile,24B] from FlowFile[2560,99014924275764.mockFlowFile,24B]; routing to relationship simple
[pool-3602-thread-1] INFO org.apache.nifi.processors.standard.RouteText - RouteText[id=a680ad74-d0b5-404d-9505-4b7cb994baf3] Routing FlowFile[2560,99014924275764.mockFlowFile,24B] to original
[main] DEBUG org.apache.nifi.processors.standard.RouteText - RouteText[id=a680ad74-d0b5-404d-9505-4b7cb994baf3] Adding new dynamic property: PropertyDescriptor[simple]
[pool-3603-thread-1] INFO org.apache.nifi.processors.standard.RouteText - RouteText[id=a680ad74-d0b5-404d-9505-4b7cb994baf3] Created FlowFile[2563,99014924739930.mockFlowFile,24B] from FlowFile[2562,99014924739930.mockFlowFile,24B]; routing to relationship simple
[pool-3603-thread-1] INFO org.apache.nifi.processors.standard.RouteText - RouteText[id=a680ad74-d0b5-404d-9505-4b7cb994baf3] Routing FlowFile[2562,99014924739930.mockFlowFile,24B] to original
[main] DEBUG org.apache.nifi.processors.standard.RouteText - RouteText[id=a680ad74-d0b5-404d-9505-4b7cb994baf3] Adding new dynamic property: PropertyDescriptor[simple]
[pool-3604-thread-1] INFO org.apache.nifi.processors.standard.RouteText - RouteText[id=a680ad74-d0b5-404d-9505-4b7cb994baf3] Created FlowFile[2565,99014925298189.mockFlowFile,24B] from FlowFile[2564,99014925298189.mockFlowFile,24B]; routing to relationship simple
[pool-3604-thread-1] INFO org.apache.nifi.processors.standard.RouteText - RouteText[id=a680ad74-d0b5-404d-9505-4b7cb994baf3] Routing FlowFile[2564,99014925298189.mockFlowFile,24B] to original
[main] DEBUG org.apache.nifi.processors.standard.RouteText - RouteText[id=a680ad74-d0b5-404d-9505-4b7cb994baf3] Adding new dynamic property: PropertyDescriptor[simple]
[pool-3605-thread-1] INFO org.apache.nifi.processors.standard.RouteText - RouteText[id=a680ad74-d0b5-404d-9505-4b7cb994baf3] Created FlowFile[2567,99014925900834.mockFlowFile,24B] from FlowFile[2566,99014925900834.mockFlowFile,24B]; routing to relationship simple
[pool-3605-thread-1] INFO org.apache.nifi.processors.standard.RouteText - RouteText[id=a680ad74-d0b5-404d-9505-4b7cb994baf3] Routing FlowFile[2566,99014925900834.mockFlowFile,24B] to original
[main] DEBUG org.apache.nifi.processors.standard.RouteText - RouteText[id=a680ad74-d0b5-404d-9505-4b7cb994baf3] Adding new dynamic property: PropertyDescriptor[simple]
[pool-3606-thread-1] INFO org.apache.nifi.processors.standard.RouteText - RouteText[id=a680ad74-d0b5-404d-9505-4b7cb994baf3] Created FlowFile[2569,99014926386714.mockFlowFile,24B] from FlowFile[2568,99014926386714.mockFlowFile,24B]; routing to relationship simple
[pool-3606-thread-1] INFO org.apache.nifi.processors.standard.RouteText - RouteText[id=a680ad74-d0b5-404d-9505-4b7cb994baf3] Routing FlowFile[2568,99014926386714.mockFlowFile,24B] to original
[main] DEBUG org.apache.nifi.processors.standard.RouteText - RouteText[id=a680ad74-d0b5-404d-9505-4b7cb994baf3] Adding new dynamic property: PropertyDescriptor[simple]
[pool-3607-thread-1] INFO org.apache.nifi.processors.standard.RouteText - RouteText[id=a680ad74-d0b5-404d-9505-4b7cb994baf3] Created FlowFile[2571,99014926853819.mockFlowFile,24B] from FlowFile[2570,99014926853819.mockFlowFile,24B]; routing to relationship simple
[pool-3607-thread-1] INFO org.apache.nifi.processors.standard.RouteText - RouteText[id=a680ad74-d0b5-404d-9505-4b7cb994baf3] Routing FlowFile[2570,99014926853819.mockFlowFile,24B] to original
[main] DEBUG org.apache.nifi.processors.standard.RouteText - RouteText[id=a680ad74-d0b5-404d-9505-4b7cb994baf3] Adding new dynamic property: PropertyDescriptor[simple]
[pool-3608-thread-1] INFO org.apache.nifi.processors.standard.RouteText - RouteText[id=a680ad74-d0b5-404d-9505-4b7cb994baf3] Created FlowFile[2573,99014927212209.mockFlowFile,24B] from FlowFile[2572,99014927212209.mockFlowFile,24B]; routing to relationship simple
[pool-3608-thread-1] INFO org.apache.nifi.processors.standard.RouteText - RouteText[id=a680ad74-d0b5-404d-9505-4b7cb994baf3] Routing FlowFile[2572,99014927212209.mockFlowFile,24B] to original
[main] DEBUG org.apache.nifi.processors.standard.RouteText - RouteText[id=a680ad74-d0b5-404d-9505-4b7cb994baf3] Adding new dynamic property: PropertyDescriptor[simple]
[pool-3609-thread-1] INFO org.apache.nifi.processors.standard.RouteText - RouteText[id=a680ad74-d0b5-404d-9505-4b7cb994baf3] Created FlowFile[2575,99014927552789.mockFlowFile,24B] from FlowFile[2574,99014927552789.mockFlowFile,24B]; routing to relationship simple
[pool-3609-thread-1] INFO org.apache.nifi.processors.standard.RouteText - RouteText[id=a680ad74-d0b5-404d-9505-4b7cb994baf3] Routing FlowFile[2574,99014927552789.mockFlowFile,24B] to original
[main] DEBUG org.apache.nifi.processors.standard.RouteText - RouteText[id=a680ad74-d0b5-404d-9505-4b7cb994baf3] Adding new dynamic property: PropertyDescriptor[simple]
[pool-3610-thread-1] INFO org.apache.nifi.processors.standard.RouteText - RouteText[id=a680ad74-d0b5-404d-9505-4b7cb994baf3] Created FlowFile[2577,99014927889827.mockFlowFile,24B] from FlowFile[2576,99014927889827.mockFlowFile,24B]; routing to relationship simple
[pool-3610-thread-1] INFO org.apache.nifi.processors.standard.RouteText - RouteText[id=a680ad74-d0b5-404d-9505-4b7cb994baf3] Routing FlowFile[2576,99014927889827.mockFlowFile,24B] to original
[main] DEBUG org.apache.nifi.processors.standard.RouteText - RouteText[id=a680ad74-d0b5-404d-9505-4b7cb994baf3] Adding new dynamic property: PropertyDescriptor[simple]
[pool-3611-thread-1] INFO org.apache.nifi.processors.standard.RouteText - RouteText[id=a680ad74-d0b5-404d-9505-4b7cb994baf3] Created FlowFile[2579,99014928287950.mockFlowFile,24B] from FlowFile[2578,99014928287950.mockFlowFile,24B]; routing to relationship simple
[pool-3611-thread-1] INFO org.apache.nifi.processors.standard.RouteText - RouteText[id=a680ad74-d0b5-404d-9505-4b7cb994baf3] Routing FlowFile[2578,99014928287950.mockFlowFile,24B] to original
[main] DEBUG org.apache.nifi.processors.standard.RouteText - RouteText[id=a680ad74-d0b5-404d-9505-4b7cb994baf3] Adding new dynamic property: PropertyDescriptor[simple]
[pool-3612-thread-1] INFO org.apache.nifi.processors.standard.RouteText - RouteText[id=a680ad74-d0b5-404d-9505-4b7cb994baf3] Created FlowFile[2581,99014928721440.mockFlowFile,24B] from FlowFile[2580,99014928721440.mockFlowFile,24B]; routing to relationship simple
[pool-3612-thread-1] INFO org.apache.nifi.processors.standard.RouteText - RouteText[id=a680ad74-d0b5-404d-9505-4b7cb994baf3] Routing FlowFile[2580,99014928721440.mockFlowFile,24B] to original
[main] DEBUG org.apache.nifi.processors.standard.RouteText - RouteText[id=a680ad74-d0b5-404d-9505-4b7cb994baf3] Adding new dynamic property: PropertyDescriptor[simple]
[pool-3613-thread-1] INFO org.apache.nifi.processors.standard.RouteText - RouteText[id=a680ad74-d0b5-404d-9505-4b7cb994baf3] Created FlowFile[2583,99014929161530.mockFlowFile,24B] from FlowFile[2582,99014929161530.mockFlowFile,24B]; routing to relationship simple
[pool-3613-thread-1] INFO org.apache.nifi.processors.standard.RouteText - RouteText[id=a680ad74-d0b5-404d-9505-4b7cb994baf3] Routing FlowFile[2582,99014929161530.mockFlowFile,24B] to original
[main] DEBUG org.apache.nifi.processors.standard.RouteText - RouteText[id=a680ad74-d0b5-404d-9505-4b7cb994baf3] Adding new dynamic property: PropertyDescriptor[simple]
[pool-3614-thread-1] INFO org.apache.nifi.processors.standard.RouteText - RouteText[id=a680ad74-d0b5-404d-9505-4b7cb994baf3] Created FlowFile[2585,99014929540359.mockFlowFile,24B] from FlowFile[2584,99014929540359.mockFlowFile,24B]; routing to relationship simple
[pool-3614-thread-1] INFO org.apache.nifi.processors.standard.RouteText - RouteText[id=a680ad74-d0b5-404d-9505-4b7cb994baf3] Routing FlowFile[2584,99014929540359.mockFlowFile,24B] to original
[main] DEBUG org.apache.nifi.processors.standard.RouteText - RouteText[id=a680ad74-d0b5-404d-9505-4b7cb994baf3] Adding new dynamic property: PropertyDescriptor[simple]
[pool-3615-thread-1] INFO org.apache.nifi.processors.standard.RouteText - RouteText[id=a680ad74-d0b5-404d-9505-4b7cb994baf3] Created FlowFile[2587,99014929877894.mockFlowFile,24B] from FlowFile[2586,99014929877894.mockFlowFile,24B]; routing to relationship simple
[pool-3615-thread-1] INFO org.apache.nifi.processors.standard.RouteText - RouteText[id=a680ad74-d0b5-404d-9505-4b7cb994baf3] Routing FlowFile[2586,99014929877894.mockFlowFile,24B] to original
[main] DEBUG org.apache.nifi.processors.standard.RouteText - RouteText[id=a680ad74-d0b5-404d-9505-4b7cb994baf3] Adding new dynamic property: PropertyDescriptor[simple]
[pool-3616-thread-1] INFO org.apache.nifi.processors.standard.RouteText - RouteText[id=a680ad74-d0b5-404d-9505-4b7cb994baf3] Created FlowFile[2589,99014930217388.mockFlowFile,24B] from FlowFile[2588,99014930217388.mockFlowFile,24B]; routing to relationship simple
[pool-3616-thread-1] INFO org.apache.nifi.processors.standard.RouteText - RouteText[id=a680ad74-d0b5-404d-9505-4b7cb994baf3] Routing FlowFile[2588,99014930217388.mockFlowFile,24B] to original
[main] DEBUG org.apache.nifi.processors.standard.RouteText - RouteText[id=a680ad74-d0b5-404d-9505-4b7cb994baf3] Adding new dynamic property: PropertyDescriptor[simple]
[pool-3617-thread-1] INFO org.apache.nifi.processors.standard.RouteText - RouteText[id=a680ad74-d0b5-404d-9505-4b7cb994baf3] Created FlowFile[2591,99014930550089.mockFlowFile,24B] from FlowFile[2590,99014930550089.mockFlowFile,24B]; routing to relationship simple
[pool-3617-thread-1] INFO org.apache.nifi.processors.standard.RouteText - RouteText[id=a680ad74-d0b5-404d-9505-4b7cb994baf3] Routing FlowFile[2590,99014930550089.mockFlowFile,24B] to original
[main] DEBUG org.apache.nifi.processors.standard.RouteText - RouteText[id=a680ad74-d0b5-404d-9505-4b7cb994baf3] Adding new dynamic property: PropertyDescriptor[simple]
[pool-3618-thread-1] INFO org.apache.nifi.processors.standard.RouteText - RouteText[id=a680ad74-d0b5-404d-9505-4b7cb994baf3] Created FlowFile[2593,99014931086930.mockFlowFile,24B] from FlowFile[2592,99014931086930.mockFlowFile,24B]; routing to relationship simple
[pool-3618-thread-1] INFO org.apache.nifi.processors.standard.RouteText - RouteText[id=a680ad74-d0b5-404d-9505-4b7cb994baf3] Routing FlowFile[2592,99014931086930.mockFlowFile,24B] to original
[main] DEBUG org.apache.nifi.processors.standard.RouteText - RouteText[id=a680ad74-d0b5-404d-9505-4b7cb994baf3] Adding new dynamic property: PropertyDescriptor[simple]
[pool-3619-thread-1] INFO org.apache.nifi.processors.standard.RouteText - RouteText[id=a680ad74-d0b5-404d-9505-4b7cb994baf3] Created FlowFile[2595,99014931598399.mockFlowFile,24B] from FlowFile[2594,99014931598399.mockFlowFile,24B]; routing to relationship simple
[pool-3619-thread-1] INFO org.apache.nifi.processors.standard.RouteText - RouteText[id=a680ad74-d0b5-404d-9505-4b7cb994baf3] Routing FlowFile[2594,99014931598399.mockFlowFile,24B] to original
[main] DEBUG org.apache.nifi.processors.standard.RouteText - RouteText[id=a680ad74-d0b5-404d-9505-4b7cb994baf3] Adding new dynamic property: PropertyDescriptor[simple]
[pool-3620-thread-1] INFO org.apache.nifi.processors.standard.RouteText - RouteText[id=a680ad74-d0b5-404d-9505-4b7cb994baf3] Created FlowFile[2597,99014932322616.mockFlowFile,24B] from FlowFile[2596,99014932322616.mockFlowFile,24B]; routing to relationship simple
[pool-3620-thread-1] INFO org.apache.nifi.processors.standard.RouteText - RouteText[id=a680ad74-d0b5-404d-9505-4b7cb994baf3] Routing FlowFile[2596,99014932322616.mockFlowFile,24B] to original
[main] DEBUG org.apache.nifi.processors.standard.RouteText - RouteText[id=a680ad74-d0b5-404d-9505-4b7cb994baf3] Adding new dynamic property: PropertyDescriptor[simple]
[pool-3621-thread-1] INFO org.apache.nifi.processors.standard.RouteText - RouteText[id=a680ad74-d0b5-404d-9505-4b7cb994baf3] Created FlowFile[2599,99014932819743.mockFlowFile,24B] from FlowFile[2598,99014932819743.mockFlowFile,24B]; routing to relationship simple
[pool-3621-thread-1] INFO org.apache.nifi.processors.standard.RouteText - RouteText[id=a680ad74-d0b5-404d-9505-4b7cb994baf3] Routing FlowFile[2598,99014932819743.mockFlowFile,24B] to original
[main] DEBUG org.apache.nifi.processors.standard.RouteText - RouteText[id=a680ad74-d0b5-404d-9505-4b7cb994baf3] Adding new dynamic property: PropertyDescriptor[simple]
[pool-3622-thread-1] INFO org.apache.nifi.processors.standard.RouteText - RouteText[id=a680ad74-d0b5-404d-9505-4b7cb994baf3] Created FlowFile[2601,99014933254411.mockFlowFile,24B] from FlowFile[2600,99014933254411.mockFlowFile,24B]; routing to relationship simple
[pool-3622-thread-1] INFO org.apache.nifi.processors.standard.RouteText - RouteText[id=a680ad74-d0b5-404d-9505-4b7cb994baf3] Routing FlowFile[2600,99014933254411.mockFlowFile,24B] to original
[main] DEBUG org.apache.nifi.processors.standard.RouteText - RouteText[id=a680ad74-d0b5-404d-9505-4b7cb994baf3] Adding new dynamic property: PropertyDescriptor[simple]
[pool-3623-thread-1] INFO org.apache.nifi.processors.standard.RouteText - RouteText[id=a680ad74-d0b5-404d-9505-4b7cb994baf3] Created FlowFile[2603,99014933658094.mockFlowFile,24B] from FlowFile[2602,99014933658094.mockFlowFile,24B]; routing to relationship simple
[pool-3623-thread-1] INFO org.apache.nifi.processors.standard.RouteText - RouteText[id=a680ad74-d0b5-404d-9505-4b7cb994baf3] Routing FlowFile[2602,99014933658094.mockFlowFile,24B] to original
[main] DEBUG org.apache.nifi.processors.standard.RouteText - RouteText[id=a680ad74-d0b5-404d-9505-4b7cb994baf3] Adding new dynamic property: PropertyDescriptor[simple]
[pool-3624-thread-1] INFO org.apache.nifi.processors.standard.RouteText - RouteText[id=a680ad74-d0b5-404d-9505-4b7cb994baf3] Created FlowFile[2605,99014934043871.mockFlowFile,24B] from FlowFile[2604,99014934043871.mockFlowFile,24B]; routing to relationship simple
[pool-3624-thread-1] INFO org.apache.nifi.processors.standard.RouteText - RouteText[id=a680ad74-d0b5-404d-9505-4b7cb994baf3] Routing FlowFile[2604,99014934043871.mockFlowFile,24B] to original
[main] DEBUG org.apache.nifi.processors.standard.RouteText - RouteText[id=a680ad74-d0b5-404d-9505-4b7cb994baf3] Adding new dynamic property: PropertyDescriptor[simple]
[pool-3625-thread-1] INFO org.apache.nifi.processors.standard.RouteText - RouteText[id=a680ad74-d0b5-404d-9505-4b7cb994baf3] Created FlowFile[2607,99014934444505.mockFlowFile,24B] from FlowFile[2606,99014934444505.mockFlowFile,24B]; routing to relationship simple
[pool-3625-thread-1] INFO org.apache.nifi.processors.standard.RouteText - RouteText[id=a680ad74-d0b5-404d-9505-4b7cb994baf3] Routing FlowFile[2606,99014934444505.mockFlowFile,24B] to original
[main] DEBUG org.apache.nifi.processors.standard.RouteText - RouteText[id=a680ad74-d0b5-404d-9505-4b7cb994baf3] Adding new dynamic property: PropertyDescriptor[simple]
[pool-3626-thread-1] INFO org.apache.nifi.processors.standard.RouteText - RouteText[id=a680ad74-d0b5-404d-9505-4b7cb994baf3] Created FlowFile[2609,99014934866293.mockFlowFile,24B] from FlowFile[2608,99014934866293.mockFlowFile,24B]; routing to relationship simple
[pool-3626-thread-1] INFO org.apache.nifi.processors.standard.RouteText - RouteText[id=a680ad74-d0b5-404d-9505-4b7cb994baf3] Routing FlowFile[2608,99014934866293.mockFlowFile,24B] to original
[main] DEBUG org.apache.nifi.processors.standard.RouteText - RouteText[id=a680ad74-d0b5-404d-9505-4b7cb994baf3] Adding new dynamic property: PropertyDescriptor[simple]
[pool-3627-thread-1] INFO org.apache.nifi.processors.standard.RouteText - RouteText[id=a680ad74-d0b5-404d-9505-4b7cb994baf3] Created FlowFile[2611,99014935397056.mockFlowFile,24B] from FlowFile[2610,99014935397056.mockFlowFile,24B]; routing to relationship simple
[pool-3627-thread-1] INFO org.apache.nifi.processors.standard.RouteText - RouteText[id=a680ad74-d0b5-404d-9505-4b7cb994baf3] Routing FlowFile[2610,99014935397056.mockFlowFile,24B] to original
[main] DEBUG org.apache.nifi.processors.standard.RouteText - RouteText[id=a680ad74-d0b5-404d-9505-4b7cb994baf3] Adding new dynamic property: PropertyDescriptor[simple]
[pool-3628-thread-1] INFO org.apache.nifi.processors.standard.RouteText - RouteText[id=a680ad74-d0b5-404d-9505-4b7cb994baf3] Created FlowFile[2613,99014935837363.mockFlowFile,24B] from FlowFile[2612,99014935837363.mockFlowFile,24B]; routing to relationship simple
[pool-3628-thread-1] INFO org.apache.nifi.processors.standard.RouteText - RouteText[id=a680ad74-d0b5-404d-9505-4b7cb994baf3] Routing FlowFile[2612,99014935837363.mockFlowFile,24B] to original
[main] DEBUG org.apache.nifi.processors.standard.RouteText - RouteText[id=a680ad74-d0b5-404d-9505-4b7cb994baf3] Adding new dynamic property: PropertyDescriptor[simple]
[pool-3629-thread-1] INFO org.apache.nifi.processors.standard.RouteText - RouteText[id=a680ad74-d0b5-404d-9505-4b7cb994baf3] Created FlowFile[2615,99014936205566.mockFlowFile,24B] from FlowFile[2614,99014936205566.mockFlowFile,24B]; routing to relationship simple
[pool-3629-thread-1] INFO org.apache.nifi.processors.standard.RouteText - RouteText[id=a680ad74-d0b5-404d-9505-4b7cb994baf3] Routing FlowFile[2614,99014936205566.mockFlowFile,24B] to original
[main] DEBUG org.apache.nifi.processors.standard.RouteText - RouteText[id=a680ad74-d0b5-404d-9505-4b7cb994baf3] Adding new dynamic property: PropertyDescriptor[simple]
[pool-3630-thread-1] INFO org.apache.nifi.processors.standard.RouteText - RouteText[id=a680ad74-d0b5-404d-9505-4b7cb994baf3] Created FlowFile[2617,99014955685609.mockFlowFile,24B] from FlowFile[2616,99014955685609.mockFlowFile,24B]; routing to relationship simple
[pool-3630-thread-1] INFO org.apache.nifi.processors.standard.RouteText - RouteText[id=a680ad74-d0b5-404d-9505-4b7cb994baf3] Routing FlowFile[2616,99014955685609.mockFlowFile,24B] to original
[main] DEBUG org.apache.nifi.processors.standard.RouteText - RouteText[id=a680ad74-d0b5-404d-9505-4b7cb994baf3] Adding new dynamic property: PropertyDescriptor[simple]
[pool-3631-thread-1] INFO org.apache.nifi.processors.standard.RouteText - RouteText[id=a680ad74-d0b5-404d-9505-4b7cb994baf3] Created FlowFile[2619,99014956212074.mockFlowFile,24B] from FlowFile[2618,99014956212074.mockFlowFile,24B]; routing to relationship simple
[pool-3631-thread-1] INFO org.apache.nifi.processors.standard.RouteText - RouteText[id=a680ad74-d0b5-404d-9505-4b7cb994baf3] Routing FlowFile[2618,99014956212074.mockFlowFile,24B] to original
[main] DEBUG org.apache.nifi.processors.standard.RouteText - RouteText[id=a680ad74-d0b5-404d-9505-4b7cb994baf3] Adding new dynamic property: PropertyDescriptor[simple]
[pool-3632-thread-1] INFO org.apache.nifi.processors.standard.RouteText - RouteText[id=a680ad74-d0b5-404d-9505-4b7cb994baf3] Created FlowFile[2621,99014956689679.mockFlowFile,24B] from FlowFile[2620,99014956689679.mockFlowFile,24B]; routing to relationship simple
[pool-3632-thread-1] INFO org.apache.nifi.processors.standard.RouteText - RouteText[id=a680ad74-d0b5-404d-9505-4b7cb994baf3] Routing FlowFile[2620,99014956689679.mockFlowFile,24B] to original
[main] DEBUG org.apache.nifi.processors.standard.RouteText - RouteText[id=a680ad74-d0b5-404d-9505-4b7cb994baf3] Adding new dynamic property: PropertyDescriptor[simple]
[pool-3633-thread-1] INFO org.apache.nifi.processors.standard.RouteText - RouteText[id=a680ad74-d0b5-404d-9505-4b7cb994baf3] Created FlowFile[2623,99014957236035.mockFlowFile,24B] from FlowFile[2622,99014957236035.mockFlowFile,24B]; routing to relationship simple
[pool-3633-thread-1] INFO org.apache.nifi.processors.standard.RouteText - RouteText[id=a680ad74-d0b5-404d-9505-4b7cb994baf3] Routing FlowFile[2622,99014957236035.mockFlowFile,24B] to original
[main] DEBUG org.apache.nifi.processors.standard.RouteText - RouteText[id=a680ad74-d0b5-404d-9505-4b7cb994baf3] Adding new dynamic property: PropertyDescriptor[simple]
[pool-3634-thread-1] INFO org.apache.nifi.processors.standard.RouteText - RouteText[id=a680ad74-d0b5-404d-9505-4b7cb994baf3] Created FlowFile[2625,99014957745403.mockFlowFile,24B] from FlowFile[2624,99014957745403.mockFlowFile,24B]; routing to relationship simple
[pool-3634-thread-1] INFO org.apache.nifi.processors.standard.RouteText - RouteText[id=a680ad74-d0b5-404d-9505-4b7cb994baf3] Routing FlowFile[2624,99014957745403.mockFlowFile,24B] to original
[main] DEBUG org.apache.nifi.processors.standard.RouteText - RouteText[id=a680ad74-d0b5-404d-9505-4b7cb994baf3] Adding new dynamic property: PropertyDescriptor[simple]
[pool-3635-thread-1] INFO org.apache.nifi.processors.standard.RouteText - RouteText[id=a680ad74-d0b5-404d-9505-4b7cb994baf3] Created FlowFile[2627,99014958222837.mockFlowFile,24B] from FlowFile[2626,99014958222837.mockFlowFile,24B]; routing to relationship simple
[pool-3635-thread-1] INFO org.apache.nifi.processors.standard.RouteText - RouteText[id=a680ad74-d0b5-404d-9505-4b7cb994baf3] Routing FlowFile[2626,99014958222837.mockFlowFile,24B] to original
[main] DEBUG org.apache.nifi.processors.standard.RouteText - RouteText[id=a680ad74-d0b5-404d-9505-4b7cb994baf3] Adding new dynamic property: PropertyDescriptor[simple]
[pool-3636-thread-1] INFO org.apache.nifi.processors.standard.RouteText - RouteText[id=a680ad74-d0b5-404d-9505-4b7cb994baf3] Created FlowFile[2629,99014958684851.mockFlowFile,24B] from FlowFile[2628,99014958684851.mockFlowFile,24B]; routing to relationship simple
[pool-3636-thread-1] INFO org.apache.nifi.processors.standard.RouteText - RouteText[id=a680ad74-d0b5-404d-9505-4b7cb994baf3] Routing FlowFile[2628,99014958684851.mockFlowFile,24B] to original
[main] DEBUG org.apache.nifi.processors.standard.RouteText - RouteText[id=a680ad74-d0b5-404d-9505-4b7cb994baf3] Adding new dynamic property: PropertyDescriptor[simple]
[pool-3637-thread-1] INFO org.apache.nifi.processors.standard.RouteText - RouteText[id=a680ad74-d0b5-404d-9505-4b7cb994baf3] Created FlowFile[2631,99014959041744.mockFlowFile,24B] from FlowFile[2630,99014959041744.mockFlowFile,24B]; routing to relationship simple
[pool-3637-thread-1] INFO org.apache.nifi.processors.standard.RouteText - RouteText[id=a680ad74-d0b5-404d-9505-4b7cb994baf3] Routing FlowFile[2630,99014959041744.mockFlowFile,24B] to original
[main] DEBUG org.apache.nifi.processors.standard.RouteText - RouteText[id=a680ad74-d0b5-404d-9505-4b7cb994baf3] Adding new dynamic property: PropertyDescriptor[simple]
[pool-3638-thread-1] INFO org.apache.nifi.processors.standard.RouteText - RouteText[id=a680ad74-d0b5-404d-9505-4b7cb994baf3] Created FlowFile[2633,99014959391335.mockFlowFile,24B] from FlowFile[2632,99014959391335.mockFlowFile,24B]; routing to relationship simple
[pool-3638-thread-1] INFO org.apache.nifi.processors.standard.RouteText - RouteText[id=a680ad74-d0b5-404d-9505-4b7cb994baf3] Routing FlowFile[2632,99014959391335.mockFlowFile,24B] to original
[main] DEBUG org.apache.nifi.processors.standard.RouteText - RouteText[id=a680ad74-d0b5-404d-9505-4b7cb994baf3] Adding new dynamic property: PropertyDescriptor[simple]
[pool-3639-thread-1] INFO org.apache.nifi.processors.standard.RouteText - RouteText[id=a680ad74-d0b5-404d-9505-4b7cb994baf3] Created FlowFile[2635,99014959731247.mockFlowFile,24B] from FlowFile[2634,99014959731247.mockFlowFile,24B]; routing to relationship simple
[pool-3639-thread-1] INFO org.apache.nifi.processors.standard.RouteText - RouteText[id=a680ad74-d0b5-404d-9505-4b7cb994baf3] Routing FlowFile[2634,99014959731247.mockFlowFile,24B] to original
[main] DEBUG org.apache.nifi.processors.standard.RouteText - RouteText[id=a680ad74-d0b5-404d-9505-4b7cb994baf3] Adding new dynamic property: PropertyDescriptor[simple]
[pool-3640-thread-1] INFO org.apache.nifi.processors.standard.RouteText - RouteText[id=a680ad74-d0b5-404d-9505-4b7cb994baf3] Created FlowFile[2637,99014960238896.mockFlowFile,24B] from FlowFile[2636,99014960238896.mockFlowFile,24B]; routing to relationship simple
[pool-3640-thread-1] INFO org.apache.nifi.processors.standard.RouteText - RouteText[id=a680ad74-d0b5-404d-9505-4b7cb994baf3] Routing FlowFile[2636,99014960238896.mockFlowFile,24B] to original
[main] DEBUG org.apache.nifi.processors.standard.RouteText - RouteText[id=a680ad74-d0b5-404d-9505-4b7cb994baf3] Adding new dynamic property: PropertyDescriptor[simple]
[pool-3641-thread-1] INFO org.apache.nifi.processors.standard.RouteText - RouteText[id=a680ad74-d0b5-404d-9505-4b7cb994baf3] Created FlowFile[2639,99014960711280.mockFlowFile,24B] from FlowFile[2638,99014960711280.mockFlowFile,24B]; routing to relationship simple
[pool-3641-thread-1] INFO org.apache.nifi.processors.standard.RouteText - RouteText[id=a680ad74-d0b5-404d-9505-4b7cb994baf3] Routing FlowFile[2638,99014960711280.mockFlowFile,24B] to original
[main] DEBUG org.apache.nifi.processors.standard.RouteText - RouteText[id=a680ad74-d0b5-404d-9505-4b7cb994baf3] Adding new dynamic property: PropertyDescriptor[simple]
[pool-3642-thread-1] INFO org.apache.nifi.processors.standard.RouteText - RouteText[id=a680ad74-d0b5-404d-9505-4b7cb994baf3] Created FlowFile[2641,99014961195499.mockFlowFile,24B] from FlowFile[2640,99014961195499.mockFlowFile,24B]; routing to relationship simple
[pool-3642-thread-1] INFO org.apache.nifi.processors.standard.RouteText - RouteText[id=a680ad74-d0b5-404d-9505-4b7cb994baf3] Routing FlowFile[2640,99014961195499.mockFlowFile,24B] to original
[main] DEBUG org.apache.nifi.processors.standard.RouteText - RouteText[id=a680ad74-d0b5-404d-9505-4b7cb994baf3] Adding new dynamic property: PropertyDescriptor[simple]
[pool-3643-thread-1] INFO org.apache.nifi.processors.standard.RouteText - RouteText[id=a680ad74-d0b5-404d-9505-4b7cb994baf3] Created FlowFile[2643,99014961655460.mockFlowFile,24B] from FlowFile[2642,99014961655460.mockFlowFile,24B]; routing to relationship simple
[pool-3643-thread-1] INFO org.apache.nifi.processors.standard.RouteText - RouteText[id=a680ad74-d0b5-404d-9505-4b7cb994baf3] Routing FlowFile[2642,99014961655460.mockFlowFile,24B] to original
[main] DEBUG org.apache.nifi.processors.standard.RouteText - RouteText[id=a680ad74-d0b5-404d-9505-4b7cb994baf3] Adding new dynamic property: PropertyDescriptor[simple]
[pool-3644-thread-1] INFO org.apache.nifi.processors.standard.RouteText - RouteText[id=a680ad74-d0b5-404d-9505-4b7cb994baf3] Created FlowFile[2645,99014962109929.mockFlowFile,24B] from FlowFile[2644,99014962109929.mockFlowFile,24B]; routing to relationship simple
[pool-3644-thread-1] INFO org.apache.nifi.processors.standard.RouteText - RouteText[id=a680ad74-d0b5-404d-9505-4b7cb994baf3] Routing FlowFile[2644,99014962109929.mockFlowFile,24B] to original
[main] DEBUG org.apache.nifi.processors.standard.RouteText - RouteText[id=a680ad74-d0b5-404d-9505-4b7cb994baf3] Adding new dynamic property: PropertyDescriptor[simple]
[pool-3645-thread-1] INFO org.apache.nifi.processors.standard.RouteText - RouteText[id=a680ad74-d0b5-404d-9505-4b7cb994baf3] Created FlowFile[2647,99014962551051.mockFlowFile,24B] from FlowFile[2646,99014962551051.mockFlowFile,24B]; routing to relationship simple
[pool-3645-thread-1] INFO org.apache.nifi.processors.standard.RouteText - RouteText[id=a680ad74-d0b5-404d-9505-4b7cb994baf3] Routing FlowFile[2646,99014962551051.mockFlowFile,24B] to original
[main] DEBUG org.apache.nifi.processors.standard.RouteText - RouteText[id=a680ad74-d0b5-404d-9505-4b7cb994baf3] Adding new dynamic property: PropertyDescriptor[simple]
[pool-3646-thread-1] INFO org.apache.nifi.processors.standard.RouteText - RouteText[id=a680ad74-d0b5-404d-9505-4b7cb994baf3] Created FlowFile[2649,99014962999839.mockFlowFile,24B] from FlowFile[2648,99014962999839.mockFlowFile,24B]; routing to relationship simple
[pool-3646-thread-1] INFO org.apache.nifi.processors.standard.RouteText - RouteText[id=a680ad74-d0b5-404d-9505-4b7cb994baf3] Routing FlowFile[2648,99014962999839.mockFlowFile,24B] to original
[main] DEBUG org.apache.nifi.processors.standard.RouteText - RouteText[id=a680ad74-d0b5-404d-9505-4b7cb994baf3] Adding new dynamic property: PropertyDescriptor[simple]
[pool-3647-thread-1] INFO org.apache.nifi.processors.standard.RouteText - RouteText[id=a680ad74-d0b5-404d-9505-4b7cb994baf3] Created FlowFile[2651,99014963444893.mockFlowFile,24B] from FlowFile[2650,99014963444893.mockFlowFile,24B]; routing to relationship simple
[pool-3647-thread-1] INFO org.apache.nifi.processors.standard.RouteText - RouteText[id=a680ad74-d0b5-404d-9505-4b7cb994baf3] Routing FlowFile[2650,99014963444893.mockFlowFile,24B] to original
[main] DEBUG org.apache.nifi.processors.standard.RouteText - RouteText[id=a680ad74-d0b5-404d-9505-4b7cb994baf3] Adding new dynamic property: PropertyDescriptor[simple]
[pool-3648-thread-1] INFO org.apache.nifi.processors.standard.RouteText - RouteText[id=a680ad74-d0b5-404d-9505-4b7cb994baf3] Created FlowFile[2653,99014963879386.mockFlowFile,24B] from FlowFile[2652,99014963879386.mockFlowFile,24B]; routing to relationship simple
[pool-3648-thread-1] INFO org.apache.nifi.processors.standard.RouteText - RouteText[id=a680ad74-d0b5-404d-9505-4b7cb994baf3] Routing FlowFile[2652,99014963879386.mockFlowFile,24B] to original
[main] DEBUG org.apache.nifi.processors.standard.RouteText - RouteText[id=a680ad74-d0b5-404d-9505-4b7cb994baf3] Adding new dynamic property: PropertyDescriptor[simple]
[pool-3649-thread-1] INFO org.apache.nifi.processors.standard.RouteText - RouteText[id=a680ad74-d0b5-404d-9505-4b7cb994baf3] Created FlowFile[2655,99014964322010.mockFlowFile,24B] from FlowFile[2654,99014964322010.mockFlowFile,24B]; routing to relationship simple
[pool-3649-thread-1] INFO org.apache.nifi.processors.standard.RouteText - RouteText[id=a680ad74-d0b5-404d-9505-4b7cb994baf3] Routing FlowFile[2654,99014964322010.mockFlowFile,24B] to original
[main] DEBUG org.apache.nifi.processors.standard.RouteText - RouteText[id=a680ad74-d0b5-404d-9505-4b7cb994baf3] Adding new dynamic property: PropertyDescriptor[simple]
[pool-3650-thread-1] INFO org.apache.nifi.processors.standard.RouteText - RouteText[id=a680ad74-d0b5-404d-9505-4b7cb994baf3] Created FlowFile[2657,99014964780253.mockFlowFile,24B] from FlowFile[2656,99014964780253.mockFlowFile,24B]; routing to relationship simple
[pool-3650-thread-1] INFO org.apache.nifi.processors.standard.RouteText - RouteText[id=a680ad74-d0b5-404d-9505-4b7cb994baf3] Routing FlowFile[2656,99014964780253.mockFlowFile,24B] to original
[main] DEBUG org.apache.nifi.processors.standard.RouteText - RouteText[id=a680ad74-d0b5-404d-9505-4b7cb994baf3] Adding new dynamic property: PropertyDescriptor[simple]
[pool-3651-thread-1] INFO org.apache.nifi.processors.standard.RouteText - RouteText[id=a680ad74-d0b5-404d-9505-4b7cb994baf3] Created FlowFile[2659,99014965252973.mockFlowFile,24B] from FlowFile[2658,99014965252973.mockFlowFile,24B]; routing to relationship simple
[pool-3651-thread-1] INFO org.apache.nifi.processors.standard.RouteText - RouteText[id=a680ad74-d0b5-404d-9505-4b7cb994baf3] Routing FlowFile[2658,99014965252973.mockFlowFile,24B] to original
[main] DEBUG org.apache.nifi.processors.standard.RouteText - RouteText[id=a680ad74-d0b5-404d-9505-4b7cb994baf3] Adding new dynamic property: PropertyDescriptor[simple]
[pool-3652-thread-1] INFO org.apache.nifi.processors.standard.RouteText - RouteText[id=a680ad74-d0b5-404d-9505-4b7cb994baf3] Created FlowFile[2661,99014965710912.mockFlowFile,24B] from FlowFile[2660,99014965710912.mockFlowFile,24B]; routing to relationship simple
[pool-3652-thread-1] INFO org.apache.nifi.processors.standard.RouteText - RouteText[id=a680ad74-d0b5-404d-9505-4b7cb994baf3] Routing FlowFile[2660,99014965710912.mockFlowFile,24B] to original
[main] DEBUG org.apache.nifi.processors.standard.RouteText - RouteText[id=a680ad74-d0b5-404d-9505-4b7cb994baf3] Adding new dynamic property: PropertyDescriptor[simple]
[pool-3653-thread-1] INFO org.apache.nifi.processors.standard.RouteText - RouteText[id=a680ad74-d0b5-404d-9505-4b7cb994baf3] Created FlowFile[2663,99014966152237.mockFlowFile,24B] from FlowFile[2662,99014966152237.mockFlowFile,24B]; routing to relationship simple
[pool-3653-thread-1] INFO org.apache.nifi.processors.standard.RouteText - RouteText[id=a680ad74-d0b5-404d-9505-4b7cb994baf3] Routing FlowFile[2662,99014966152237.mockFlowFile,24B] to original
[main] DEBUG org.apache.nifi.processors.standard.RouteText - RouteText[id=a680ad74-d0b5-404d-9505-4b7cb994baf3] Adding new dynamic property: PropertyDescriptor[simple]
[pool-3654-thread-1] INFO org.apache.nifi.processors.standard.RouteText - RouteText[id=a680ad74-d0b5-404d-9505-4b7cb994baf3] Created FlowFile[2665,99014966590425.mockFlowFile,24B] from FlowFile[2664,99014966590425.mockFlowFile,24B]; routing to relationship simple
[pool-3654-thread-1] INFO org.apache.nifi.processors.standard.RouteText - RouteText[id=a680ad74-d0b5-404d-9505-4b7cb994baf3] Routing FlowFile[2664,99014966590425.mockFlowFile,24B] to original
[main] DEBUG org.apache.nifi.processors.standard.RouteText - RouteText[id=a680ad74-d0b5-404d-9505-4b7cb994baf3] Adding new dynamic property: PropertyDescriptor[simple]
[pool-3655-thread-1] INFO org.apache.nifi.processors.standard.RouteText - RouteText[id=a680ad74-d0b5-404d-9505-4b7cb994baf3] Created FlowFile[2667,99014967119894.mockFlowFile,24B] from FlowFile[2666,99014967119894.mockFlowFile,24B]; routing to relationship simple
[pool-3655-thread-1] INFO org.apache.nifi.processors.standard.RouteText - RouteText[id=a680ad74-d0b5-404d-9505-4b7cb994baf3] Routing FlowFile[2666,99014967119894.mockFlowFile,24B] to original
[main] DEBUG org.apache.nifi.processors.standard.RouteText - RouteText[id=a680ad74-d0b5-404d-9505-4b7cb994baf3] Adding new dynamic property: PropertyDescriptor[simple]
[pool-3656-thread-1] INFO org.apache.nifi.processors.standard.RouteText - RouteText[id=a680ad74-d0b5-404d-9505-4b7cb994baf3] Created FlowFile[2669,99014967607620.mockFlowFile,24B] from FlowFile[2668,99014967607620.mockFlowFile,24B]; routing to relationship simple
[pool-3656-thread-1] INFO org.apache.nifi.processors.standard.RouteText - RouteText[id=a680ad74-d0b5-404d-9505-4b7cb994baf3] Routing FlowFile[2668,99014967607620.mockFlowFile,24B] to original
[main] DEBUG org.apache.nifi.processors.standard.RouteText - RouteText[id=a680ad74-d0b5-404d-9505-4b7cb994baf3] Adding new dynamic property: PropertyDescriptor[simple]
[pool-3657-thread-1] INFO org.apache.nifi.processors.standard.RouteText - RouteText[id=a680ad74-d0b5-404d-9505-4b7cb994baf3] Created FlowFile[2671,99014968157160.mockFlowFile,24B] from FlowFile[2670,99014968157160.mockFlowFile,24B]; routing to relationship simple
[pool-3657-thread-1] INFO org.apache.nifi.processors.standard.RouteText - RouteText[id=a680ad74-d0b5-404d-9505-4b7cb994baf3] Routing FlowFile[2670,99014968157160.mockFlowFile,24B] to original
[main] DEBUG org.apache.nifi.processors.standard.RouteText - RouteText[id=a680ad74-d0b5-404d-9505-4b7cb994baf3] Adding new dynamic property: PropertyDescriptor[simple]
[pool-3658-thread-1] INFO org.apache.nifi.processors.standard.RouteText - RouteText[id=a680ad74-d0b5-404d-9505-4b7cb994baf3] Created FlowFile[2673,99014968715227.mockFlowFile,24B] from FlowFile[2672,99014968715227.mockFlowFile,24B]; routing to relationship simple
[pool-3658-thread-1] INFO org.apache.nifi.processors.standard.RouteText - RouteText[id=a680ad74-d0b5-404d-9505-4b7cb994baf3] Routing FlowFile[2672,99014968715227.mockFlowFile,24B] to original
[main] DEBUG org.apache.nifi.processors.standard.RouteText - RouteText[id=a680ad74-d0b5-404d-9505-4b7cb994baf3] Adding new dynamic property: PropertyDescriptor[simple]
[pool-3659-thread-1] INFO org.apache.nifi.processors.standard.RouteText - RouteText[id=a680ad74-d0b5-404d-9505-4b7cb994baf3] Created FlowFile[2675,99014969258723.mockFlowFile,24B] from FlowFile[2674,99014969258723.mockFlowFile,24B]; routing to relationship simple
[pool-3659-thread-1] INFO org.apache.nifi.processors.standard.RouteText - RouteText[id=a680ad74-d0b5-404d-9505-4b7cb994baf3] Routing FlowFile[2674,99014969258723.mockFlowFile,24B] to original
[main] DEBUG org.apache.nifi.processors.standard.RouteText - RouteText[id=a680ad74-d0b5-404d-9505-4b7cb994baf3] Adding new dynamic property: PropertyDescriptor[simple]
[pool-3660-thread-1] INFO org.apache.nifi.processors.standard.RouteText - RouteText[id=a680ad74-d0b5-404d-9505-4b7cb994baf3] Created FlowFile[2677,99014969767773.mockFlowFile,24B] from FlowFile[2676,99014969767773.mockFlowFile,24B]; routing to relationship simple
[pool-3660-thread-1] INFO org.apache.nifi.processors.standard.RouteText - RouteText[id=a680ad74-d0b5-404d-9505-4b7cb994baf3] Routing FlowFile[2676,99014969767773.mockFlowFile,24B] to original
[main] DEBUG org.apache.nifi.processors.standard.RouteText - RouteText[id=a680ad74-d0b5-404d-9505-4b7cb994baf3] Adding new dynamic property: PropertyDescriptor[simple]
[pool-3661-thread-1] INFO org.apache.nifi.processors.standard.RouteText - RouteText[id=a680ad74-d0b5-404d-9505-4b7cb994baf3] Created FlowFile[2679,99014970285037.mockFlowFile,24B] from FlowFile[2678,99014970285037.mockFlowFile,24B]; routing to relationship simple
[pool-3661-thread-1] INFO org.apache.nifi.processors.standard.RouteText - RouteText[id=a680ad74-d0b5-404d-9505-4b7cb994baf3] Routing FlowFile[2678,99014970285037.mockFlowFile,24B] to original
[main] DEBUG org.apache.nifi.processors.standard.RouteText - RouteText[id=a680ad74-d0b5-404d-9505-4b7cb994baf3] Adding new dynamic property: PropertyDescriptor[simple]
[pool-3662-thread-1] INFO org.apache.nifi.processors.standard.RouteText - RouteText[id=a680ad74-d0b5-404d-9505-4b7cb994baf3] Created FlowFile[2681,99014970757820.mockFlowFile,24B] from FlowFile[2680,99014970757820.mockFlowFile,24B]; routing to relationship simple
[pool-3662-thread-1] INFO org.apache.nifi.processors.standard.RouteText - RouteText[id=a680ad74-d0b5-404d-9505-4b7cb994baf3] Routing FlowFile[2680,99014970757820.mockFlowFile,24B] to original
[main] DEBUG org.apache.nifi.processors.standard.RouteText - RouteText[id=a680ad74-d0b5-404d-9505-4b7cb994baf3] Adding new dynamic property: PropertyDescriptor[simple]
[pool-3663-thread-1] INFO org.apache.nifi.processors.standard.RouteText - RouteText[id=a680ad74-d0b5-404d-9505-4b7cb994baf3] Created FlowFile[2683,99014971359266.mockFlowFile,24B] from FlowFile[2682,99014971359266.mockFlowFile,24B]; routing to relationship simple
[pool-3663-thread-1] INFO org.apache.nifi.processors.standard.RouteText - RouteText[id=a680ad74-d0b5-404d-9505-4b7cb994baf3] Routing FlowFile[2682,99014971359266.mockFlowFile,24B] to original
[main] DEBUG org.apache.nifi.processors.standard.RouteText - RouteText[id=a680ad74-d0b5-404d-9505-4b7cb994baf3] Adding new dynamic property: PropertyDescriptor[simple]
[pool-3664-thread-1] INFO org.apache.nifi.processors.standard.RouteText - RouteText[id=a680ad74-d0b5-404d-9505-4b7cb994baf3] Created FlowFile[2685,99014972050045.mockFlowFile,24B] from FlowFile[2684,99014972050045.mockFlowFile,24B]; routing to relationship simple
[pool-3664-thread-1] INFO org.apache.nifi.processors.standard.RouteText - RouteText[id=a680ad74-d0b5-404d-9505-4b7cb994baf3] Routing FlowFile[2684,99014972050045.mockFlowFile,24B] to original
[main] DEBUG org.apache.nifi.processors.standard.RouteText - RouteText[id=a680ad74-d0b5-404d-9505-4b7cb994baf3] Adding new dynamic property: PropertyDescriptor[simple]
[pool-3665-thread-1] INFO org.apache.nifi.processors.standard.RouteText - RouteText[id=a680ad74-d0b5-404d-9505-4b7cb994baf3] Created FlowFile[2687,99014972532560.mockFlowFile,24B] from FlowFile[2686,99014972532560.mockFlowFile,24B]; routing to relationship simple
[pool-3665-thread-1] INFO org.apache.nifi.processors.standard.RouteText - RouteText[id=a680ad74-d0b5-404d-9505-4b7cb994baf3] Routing FlowFile[2686,99014972532560.mockFlowFile,24B] to original
[main] DEBUG org.apache.nifi.processors.standard.RouteText - RouteText[id=a680ad74-d0b5-404d-9505-4b7cb994baf3] Adding new dynamic property: PropertyDescriptor[simple]
[pool-3666-thread-1] INFO org.apache.nifi.processors.standard.RouteText - RouteText[id=a680ad74-d0b5-404d-9505-4b7cb994baf3] Created FlowFile[2689,99014973108370.mockFlowFile,24B] from FlowFile[2688,99014973108370.mockFlowFile,24B]; routing to relationship simple
[pool-3666-thread-1] INFO org.apache.nifi.processors.standard.RouteText - RouteText[id=a680ad74-d0b5-404d-9505-4b7cb994baf3] Routing FlowFile[2688,99014973108370.mockFlowFile,24B] to original
[main] DEBUG org.apache.nifi.processors.standard.RouteText - RouteText[id=a680ad74-d0b5-404d-9505-4b7cb994baf3] Adding new dynamic property: PropertyDescriptor[simple]
[pool-3667-thread-1] INFO org.apache.nifi.processors.standard.RouteText - RouteText[id=a680ad74-d0b5-404d-9505-4b7cb994baf3] Created FlowFile[2691,99014973617080.mockFlowFile,24B] from FlowFile[2690,99014973617080.mockFlowFile,24B]; routing to relationship simple
[pool-3667-thread-1] INFO org.apache.nifi.processors.standard.RouteText - RouteText[id=a680ad74-d0b5-404d-9505-4b7cb994baf3] Routing FlowFile[2690,99014973617080.mockFlowFile,24B] to original
[main] DEBUG org.apache.nifi.processors.standard.RouteText - RouteText[id=a680ad74-d0b5-404d-9505-4b7cb994baf3] Adding new dynamic property: PropertyDescriptor[simple]
[pool-3668-thread-1] INFO org.apache.nifi.processors.standard.RouteText - RouteText[id=a680ad74-d0b5-404d-9505-4b7cb994baf3] Created FlowFile[2693,99014974083452.mockFlowFile,24B] from FlowFile[2692,99014974083452.mockFlowFile,24B]; routing to relationship simple
[pool-3668-thread-1] INFO org.apache.nifi.processors.standard.RouteText - RouteText[id=a680ad74-d0b5-404d-9505-4b7cb994baf3] Routing FlowFile[2692,99014974083452.mockFlowFile,24B] to original
[main] DEBUG org.apache.nifi.processors.standard.RouteText - RouteText[id=a680ad74-d0b5-404d-9505-4b7cb994baf3] Adding new dynamic property: PropertyDescriptor[simple]
[pool-3669-thread-1] INFO org.apache.nifi.processors.standard.RouteText - RouteText[id=a680ad74-d0b5-404d-9505-4b7cb994baf3] Created FlowFile[2695,99014974530038.mockFlowFile,24B] from FlowFile[2694,99014974530038.mockFlowFile,24B]; routing to relationship simple
[pool-3669-thread-1] INFO org.apache.nifi.processors.standard.RouteText - RouteText[id=a680ad74-d0b5-404d-9505-4b7cb994baf3] Routing FlowFile[2694,99014974530038.mockFlowFile,24B] to original
[main] DEBUG org.apache.nifi.processors.standard.RouteText - RouteText[id=a680ad74-d0b5-404d-9505-4b7cb994baf3] Adding new dynamic property: PropertyDescriptor[simple]
[pool-3670-thread-1] INFO org.apache.nifi.processors.standard.RouteText - RouteText[id=a680ad74-d0b5-404d-9505-4b7cb994baf3] Created FlowFile[2697,99014974953867.mockFlowFile,24B] from FlowFile[2696,99014974953867.mockFlowFile,24B]; routing to relationship simple
[pool-3670-thread-1] INFO org.apache.nifi.processors.standard.RouteText - RouteText[id=a680ad74-d0b5-404d-9505-4b7cb994baf3] Routing FlowFile[2696,99014974953867.mockFlowFile,24B] to original
[main] DEBUG org.apache.nifi.processors.standard.RouteText - RouteText[id=a680ad74-d0b5-404d-9505-4b7cb994baf3] Adding new dynamic property: PropertyDescriptor[simple]
[pool-3671-thread-1] INFO org.apache.nifi.processors.standard.RouteText - RouteText[id=a680ad74-d0b5-404d-9505-4b7cb994baf3] Created FlowFile[2699,99014975387355.mockFlowFile,24B] from FlowFile[2698,99014975387355.mockFlowFile,24B]; routing to relationship simple
[pool-3671-thread-1] INFO org.apache.nifi.processors.standard.RouteText - RouteText[id=a680ad74-d0b5-404d-9505-4b7cb994baf3] Routing FlowFile[2698,99014975387355.mockFlowFile,24B] to original
[main] DEBUG org.apache.nifi.processors.standard.RouteText - RouteText[id=a680ad74-d0b5-404d-9505-4b7cb994baf3] Adding new dynamic property: PropertyDescriptor[simple]
[pool-3672-thread-1] INFO org.apache.nifi.processors.standard.RouteText - RouteText[id=a680ad74-d0b5-404d-9505-4b7cb994baf3] Created FlowFile[2701,99014975848969.mockFlowFile,24B] from FlowFile[2700,99014975848969.mockFlowFile,24B]; routing to relationship simple
[pool-3672-thread-1] INFO org.apache.nifi.processors.standard.RouteText - RouteText[id=a680ad74-d0b5-404d-9505-4b7cb994baf3] Routing FlowFile[2700,99014975848969.mockFlowFile,24B] to original
[main] DEBUG org.apache.nifi.processors.standard.RouteText - RouteText[id=a680ad74-d0b5-404d-9505-4b7cb994baf3] Adding new dynamic property: PropertyDescriptor[simple]
[pool-3673-thread-1] INFO org.apache.nifi.processors.standard.RouteText - RouteText[id=a680ad74-d0b5-404d-9505-4b7cb994baf3] Created FlowFile[2703,99014976319747.mockFlowFile,24B] from FlowFile[2702,99014976319747.mockFlowFile,24B]; routing to relationship simple
[pool-3673-thread-1] INFO org.apache.nifi.processors.standard.RouteText - RouteText[id=a680ad74-d0b5-404d-9505-4b7cb994baf3] Routing FlowFile[2702,99014976319747.mockFlowFile,24B] to original
[main] DEBUG org.apache.nifi.processors.standard.RouteText - RouteText[id=a680ad74-d0b5-404d-9505-4b7cb994baf3] Adding new dynamic property: PropertyDescriptor[simple]
[pool-3674-thread-1] INFO org.apache.nifi.processors.standard.RouteText - RouteText[id=a680ad74-d0b5-404d-9505-4b7cb994baf3] Created FlowFile[2705,99014976788374.mockFlowFile,24B] from FlowFile[2704,99014976788374.mockFlowFile,24B]; routing to relationship simple
[pool-3674-thread-1] INFO org.apache.nifi.processors.standard.RouteText - RouteText[id=a680ad74-d0b5-404d-9505-4b7cb994baf3] Routing FlowFile[2704,99014976788374.mockFlowFile,24B] to original
[main] DEBUG org.apache.nifi.processors.standard.RouteText - RouteText[id=a680ad74-d0b5-404d-9505-4b7cb994baf3] Adding new dynamic property: PropertyDescriptor[simple]
[pool-3675-thread-1] INFO org.apache.nifi.processors.standard.RouteText - RouteText[id=a680ad74-d0b5-404d-9505-4b7cb994baf3] Created FlowFile[2707,99014977243642.mockFlowFile,24B] from FlowFile[2706,99014977243642.mockFlowFile,24B]; routing to relationship simple
[pool-3675-thread-1] INFO org.apache.nifi.processors.standard.RouteText - RouteText[id=a680ad74-d0b5-404d-9505-4b7cb994baf3] Routing FlowFile[2706,99014977243642.mockFlowFile,24B] to original
[main] DEBUG org.apache.nifi.processors.standard.RouteText - RouteText[id=a680ad74-d0b5-404d-9505-4b7cb994baf3] Adding new dynamic property: PropertyDescriptor[simple]
[pool-3676-thread-1] INFO org.apache.nifi.processors.standard.RouteText - RouteText[id=a680ad74-d0b5-404d-9505-4b7cb994baf3] Created FlowFile[2709,99014977697480.mockFlowFile,24B] from FlowFile[2708,99014977697480.mockFlowFile,24B]; routing to relationship simple
[pool-3676-thread-1] INFO org.apache.nifi.processors.standard.RouteText - RouteText[id=a680ad74-d0b5-404d-9505-4b7cb994baf3] Routing FlowFile[2708,99014977697480.mockFlowFile,24B] to original
[main] DEBUG org.apache.nifi.processors.standard.RouteText - RouteText[id=a680ad74-d0b5-404d-9505-4b7cb994baf3] Adding new dynamic property: PropertyDescriptor[simple]
[pool-3677-thread-1] INFO org.apache.nifi.processors.standard.RouteText - RouteText[id=a680ad74-d0b5-404d-9505-4b7cb994baf3] Created FlowFile[2711,99014978155990.mockFlowFile,24B] from FlowFile[2710,99014978155990.mockFlowFile,24B]; routing to relationship simple
[pool-3677-thread-1] INFO org.apache.nifi.processors.standard.RouteText - RouteText[id=a680ad74-d0b5-404d-9505-4b7cb994baf3] Routing FlowFile[2710,99014978155990.mockFlowFile,24B] to original
[main] DEBUG org.apache.nifi.processors.standard.RouteText - RouteText[id=a680ad74-d0b5-404d-9505-4b7cb994baf3] Adding new dynamic property: PropertyDescriptor[simple]
[pool-3678-thread-1] INFO org.apache.nifi.processors.standard.RouteText - RouteText[id=a680ad74-d0b5-404d-9505-4b7cb994baf3] Created FlowFile[2713,99014978644493.mockFlowFile,24B] from FlowFile[2712,99014978644493.mockFlowFile,24B]; routing to relationship simple
[pool-3678-thread-1] INFO org.apache.nifi.processors.standard.RouteText - RouteText[id=a680ad74-d0b5-404d-9505-4b7cb994baf3] Routing FlowFile[2712,99014978644493.mockFlowFile,24B] to original
[main] DEBUG org.apache.nifi.processors.standard.RouteText - RouteText[id=a680ad74-d0b5-404d-9505-4b7cb994baf3] Adding new dynamic property: PropertyDescriptor[simple]
[pool-3679-thread-1] INFO org.apache.nifi.processors.standard.RouteText - RouteText[id=a680ad74-d0b5-404d-9505-4b7cb994baf3] Created FlowFile[2715,99014979208195.mockFlowFile,24B] from FlowFile[2714,99014979208195.mockFlowFile,24B]; routing to relationship simple
[pool-3679-thread-1] INFO org.apache.nifi.processors.standard.RouteText - RouteText[id=a680ad74-d0b5-404d-9505-4b7cb994baf3] Routing FlowFile[2714,99014979208195.mockFlowFile,24B] to original
[main] DEBUG org.apache.nifi.processors.standard.RouteText - RouteText[id=a680ad74-d0b5-404d-9505-4b7cb994baf3] Adding new dynamic property: PropertyDescriptor[simple]
[pool-3680-thread-1] INFO org.apache.nifi.processors.standard.RouteText - RouteText[id=a680ad74-d0b5-404d-9505-4b7cb994baf3] Created FlowFile[2717,99014979754447.mockFlowFile,24B] from FlowFile[2716,99014979754447.mockFlowFile,24B]; routing to relationship simple
[pool-3680-thread-1] INFO org.apache.nifi.processors.standard.RouteText - RouteText[id=a680ad74-d0b5-404d-9505-4b7cb994baf3] Routing FlowFile[2716,99014979754447.mockFlowFile,24B] to original
[main] DEBUG org.apache.nifi.processors.standard.RouteText - RouteText[id=a680ad74-d0b5-404d-9505-4b7cb994baf3] Adding new dynamic property: PropertyDescriptor[simple]
[pool-3681-thread-1] INFO org.apache.nifi.processors.standard.RouteText - RouteText[id=a680ad74-d0b5-404d-9505-4b7cb994baf3] Created FlowFile[2719,99014980401020.mockFlowFile,24B] from FlowFile[2718,99014980401020.mockFlowFile,24B]; routing to relationship simple
[pool-3681-thread-1] INFO org.apache.nifi.processors.standard.RouteText - RouteText[id=a680ad74-d0b5-404d-9505-4b7cb994baf3] Routing FlowFile[2718,99014980401020.mockFlowFile,24B] to original
[main] DEBUG org.apache.nifi.processors.standard.RouteText - RouteText[id=a680ad74-d0b5-404d-9505-4b7cb994baf3] Adding new dynamic property: PropertyDescriptor[simple]
[pool-3682-thread-1] INFO org.apache.nifi.processors.standard.RouteText - RouteText[id=a680ad74-d0b5-404d-9505-4b7cb994baf3] Created FlowFile[2721,99014980957483.mockFlowFile,24B] from FlowFile[2720,99014980957483.mockFlowFile,24B]; routing to relationship simple
[pool-3682-thread-1] INFO org.apache.nifi.processors.standard.RouteText - RouteText[id=a680ad74-d0b5-404d-9505-4b7cb994baf3] Routing FlowFile[2720,99014980957483.mockFlowFile,24B] to original
[main] DEBUG org.apache.nifi.processors.standard.RouteText - RouteText[id=a680ad74-d0b5-404d-9505-4b7cb994baf3] Adding new dynamic property: PropertyDescriptor[simple]
[pool-3683-thread-1] INFO org.apache.nifi.processors.standard.RouteText - RouteText[id=a680ad74-d0b5-404d-9505-4b7cb994baf3] Created FlowFile[2723,99014981493563.mockFlowFile,24B] from FlowFile[2722,99014981493563.mockFlowFile,24B]; routing to relationship simple
[pool-3683-thread-1] INFO org.apache.nifi.processors.standard.RouteText - RouteText[id=a680ad74-d0b5-404d-9505-4b7cb994baf3] Routing FlowFile[2722,99014981493563.mockFlowFile,24B] to original
[main] DEBUG org.apache.nifi.processors.standard.RouteText - RouteText[id=a680ad74-d0b5-404d-9505-4b7cb994baf3] Adding new dynamic property: PropertyDescriptor[simple]
[pool-3684-thread-1] INFO org.apache.nifi.processors.standard.RouteText - RouteText[id=a680ad74-d0b5-404d-9505-4b7cb994baf3] Created FlowFile[2725,99014982016743.mockFlowFile,24B] from FlowFile[2724,99014982016743.mockFlowFile,24B]; routing to relationship simple
[pool-3684-thread-1] INFO org.apache.nifi.processors.standard.RouteText - RouteText[id=a680ad74-d0b5-404d-9505-4b7cb994baf3] Routing FlowFile[2724,99014982016743.mockFlowFile,24B] to original
[main] DEBUG org.apache.nifi.processors.standard.RouteText - RouteText[id=a680ad74-d0b5-404d-9505-4b7cb994baf3] Adding new dynamic property: PropertyDescriptor[simple]
[pool-3685-thread-1] INFO org.apache.nifi.processors.standard.RouteText - RouteText[id=a680ad74-d0b5-404d-9505-4b7cb994baf3] Created FlowFile[2727,99014982531474.mockFlowFile,24B] from FlowFile[2726,99014982531474.mockFlowFile,24B]; routing to relationship simple
[pool-3685-thread-1] INFO org.apache.nifi.processors.standard.RouteText - RouteText[id=a680ad74-d0b5-404d-9505-4b7cb994baf3] Routing FlowFile[2726,99014982531474.mockFlowFile,24B] to original
[main] DEBUG org.apache.nifi.processors.standard.RouteText - RouteText[id=a680ad74-d0b5-404d-9505-4b7cb994baf3] Adding new dynamic property: PropertyDescriptor[simple]
[pool-3686-thread-1] INFO org.apache.nifi.processors.standard.RouteText - RouteText[id=a680ad74-d0b5-404d-9505-4b7cb994baf3] Created FlowFile[2729,99014983050007.mockFlowFile,24B] from FlowFile[2728,99014983050007.mockFlowFile,24B]; routing to relationship simple
[pool-3686-thread-1] INFO org.apache.nifi.processors.standard.RouteText - RouteText[id=a680ad74-d0b5-404d-9505-4b7cb994baf3] Routing FlowFile[2728,99014983050007.mockFlowFile,24B] to original
[main] DEBUG org.apache.nifi.processors.standard.RouteText - RouteText[id=a680ad74-d0b5-404d-9505-4b7cb994baf3] Adding new dynamic property: PropertyDescriptor[simple]
[pool-3687-thread-1] INFO org.apache.nifi.processors.standard.RouteText - RouteText[id=a680ad74-d0b5-404d-9505-4b7cb994baf3] Created FlowFile[2731,99014983582189.mockFlowFile,24B] from FlowFile[2730,99014983582189.mockFlowFile,24B]; routing to relationship simple
[pool-3687-thread-1] INFO org.apache.nifi.processors.standard.RouteText - RouteText[id=a680ad74-d0b5-404d-9505-4b7cb994baf3] Routing FlowFile[2730,99014983582189.mockFlowFile,24B] to original
[main] DEBUG org.apache.nifi.processors.standard.RouteText - RouteText[id=a680ad74-d0b5-404d-9505-4b7cb994baf3] Adding new dynamic property: PropertyDescriptor[simple]
[pool-3688-thread-1] INFO org.apache.nifi.processors.standard.RouteText - RouteText[id=a680ad74-d0b5-404d-9505-4b7cb994baf3] Created FlowFile[2733,99014984125306.mockFlowFile,24B] from FlowFile[2732,99014984125306.mockFlowFile,24B]; routing to relationship simple
[pool-3688-thread-1] INFO org.apache.nifi.processors.standard.RouteText - RouteText[id=a680ad74-d0b5-404d-9505-4b7cb994baf3] Routing FlowFile[2732,99014984125306.mockFlowFile,24B] to original
[main] DEBUG org.apache.nifi.processors.standard.RouteText - RouteText[id=a680ad74-d0b5-404d-9505-4b7cb994baf3] Adding new dynamic property: PropertyDescriptor[simple]
[pool-3689-thread-1] INFO org.apache.nifi.processors.standard.RouteText - RouteText[id=a680ad74-d0b5-404d-9505-4b7cb994baf3] Created FlowFile[2735,99014984697834.mockFlowFile,24B] from FlowFile[2734,99014984697834.mockFlowFile,24B]; routing to relationship simple
[pool-3689-thread-1] INFO org.apache.nifi.processors.standard.RouteText - RouteText[id=a680ad74-d0b5-404d-9505-4b7cb994baf3] Routing FlowFile[2734,99014984697834.mockFlowFile,24B] to original
[main] DEBUG org.apache.nifi.processors.standard.RouteText - RouteText[id=a680ad74-d0b5-404d-9505-4b7cb994baf3] Adding new dynamic property: PropertyDescriptor[simple]
[pool-3690-thread-1] INFO org.apache.nifi.processors.standard.RouteText - RouteText[id=a680ad74-d0b5-404d-9505-4b7cb994baf3] Created FlowFile[2737,99014985237849.mockFlowFile,24B] from FlowFile[2736,99014985237849.mockFlowFile,24B]; routing to relationship simple
[pool-3690-thread-1] INFO org.apache.nifi.processors.standard.RouteText - RouteText[id=a680ad74-d0b5-404d-9505-4b7cb994baf3] Routing FlowFile[2736,99014985237849.mockFlowFile,24B] to original
[main] DEBUG org.apache.nifi.processors.standard.RouteText - RouteText[id=a680ad74-d0b5-404d-9505-4b7cb994baf3] Adding new dynamic property: PropertyDescriptor[simple]
[pool-3691-thread-1] INFO org.apache.nifi.processors.standard.RouteText - RouteText[id=a680ad74-d0b5-404d-9505-4b7cb994baf3] Created FlowFile[2739,99014985805770.mockFlowFile,24B] from FlowFile[2738,99014985805770.mockFlowFile,24B]; routing to relationship simple
[pool-3691-thread-1] INFO org.apache.nifi.processors.standard.RouteText - RouteText[id=a680ad74-d0b5-404d-9505-4b7cb994baf3] Routing FlowFile[2738,99014985805770.mockFlowFile,24B] to original
[main] DEBUG org.apache.nifi.processors.standard.RouteText - RouteText[id=a680ad74-d0b5-404d-9505-4b7cb994baf3] Adding new dynamic property: PropertyDescriptor[simple]
[pool-3692-thread-1] INFO org.apache.nifi.processors.standard.RouteText - RouteText[id=a680ad74-d0b5-404d-9505-4b7cb994baf3] Created FlowFile[2741,99014986316349.mockFlowFile,24B] from FlowFile[2740,99014986316349.mockFlowFile,24B]; routing to relationship simple
[pool-3692-thread-1] INFO org.apache.nifi.processors.standard.RouteText - RouteText[id=a680ad74-d0b5-404d-9505-4b7cb994baf3] Routing FlowFile[2740,99014986316349.mockFlowFile,24B] to original
[main] DEBUG org.apache.nifi.processors.standard.RouteText - RouteText[id=a680ad74-d0b5-404d-9505-4b7cb994baf3] Adding new dynamic property: PropertyDescriptor[simple]
[pool-3693-thread-1] INFO org.apache.nifi.processors.standard.RouteText - RouteText[id=a680ad74-d0b5-404d-9505-4b7cb994baf3] Created FlowFile[2743,99014986786354.mockFlowFile,24B] from FlowFile[2742,99014986786354.mockFlowFile,24B]; routing to relationship simple
[pool-3693-thread-1] INFO org.apache.nifi.processors.standard.RouteText - RouteText[id=a680ad74-d0b5-404d-9505-4b7cb994baf3] Routing FlowFile[2742,99014986786354.mockFlowFile,24B] to original
[main] DEBUG org.apache.nifi.processors.standard.RouteText - RouteText[id=a680ad74-d0b5-404d-9505-4b7cb994baf3] Adding new dynamic property: PropertyDescriptor[simple]
[pool-3694-thread-1] INFO org.apache.nifi.processors.standard.RouteText - RouteText[id=a680ad74-d0b5-404d-9505-4b7cb994baf3] Created FlowFile[2745,99014987254841.mockFlowFile,24B] from FlowFile[2744,99014987254841.mockFlowFile,24B]; routing to relationship simple
[pool-3694-thread-1] INFO org.apache.nifi.processors.standard.RouteText - RouteText[id=a680ad74-d0b5-404d-9505-4b7cb994baf3] Routing FlowFile[2744,99014987254841.mockFlowFile,24B] to original
[main] DEBUG org.apache.nifi.processors.standard.RouteText - RouteText[id=a680ad74-d0b5-404d-9505-4b7cb994baf3] Adding new dynamic property: PropertyDescriptor[simple]
[pool-3695-thread-1] INFO org.apache.nifi.processors.standard.RouteText - RouteText[id=a680ad74-d0b5-404d-9505-4b7cb994baf3] Created FlowFile[2747,99014987722162.mockFlowFile,24B] from FlowFile[2746,99014987722162.mockFlowFile,24B]; routing to relationship simple
[pool-3695-thread-1] INFO org.apache.nifi.processors.standard.RouteText - RouteText[id=a680ad74-d0b5-404d-9505-4b7cb994baf3] Routing FlowFile[2746,99014987722162.mockFlowFile,24B] to original
[main] DEBUG org.apache.nifi.processors.standard.RouteText - RouteText[id=a680ad74-d0b5-404d-9505-4b7cb994baf3] Adding new dynamic property: PropertyDescriptor[simple]
[pool-3696-thread-1] INFO org.apache.nifi.processors.standard.RouteText - RouteText[id=a680ad74-d0b5-404d-9505-4b7cb994baf3] Created FlowFile[2749,99014988176146.mockFlowFile,24B] from FlowFile[2748,99014988176146.mockFlowFile,24B]; routing to relationship simple
[pool-3696-thread-1] INFO org.apache.nifi.processors.standard.RouteText - RouteText[id=a680ad74-d0b5-404d-9505-4b7cb994baf3] Routing FlowFile[2748,99014988176146.mockFlowFile,24B] to original
[main] DEBUG org.apache.nifi.processors.standard.RouteText - RouteText[id=a680ad74-d0b5-404d-9505-4b7cb994baf3] Adding new dynamic property: PropertyDescriptor[simple]
[pool-3697-thread-1] INFO org.apache.nifi.processors.standard.RouteText - RouteText[id=a680ad74-d0b5-404d-9505-4b7cb994baf3] Created FlowFile[2751,99014988638800.mockFlowFile,24B] from FlowFile[2750,99014988638800.mockFlowFile,24B]; routing to relationship simple
[pool-3697-thread-1] INFO org.apache.nifi.processors.standard.RouteText - RouteText[id=a680ad74-d0b5-404d-9505-4b7cb994baf3] Routing FlowFile[2750,99014988638800.mockFlowFile,24B] to original
[main] DEBUG org.apache.nifi.processors.standard.RouteText - RouteText[id=a680ad74-d0b5-404d-9505-4b7cb994baf3] Adding new dynamic property: PropertyDescriptor[simple]
[pool-3698-thread-1] INFO org.apache.nifi.processors.standard.RouteText - RouteText[id=a680ad74-d0b5-404d-9505-4b7cb994baf3] Created FlowFile[2753,99014989107174.mockFlowFile,24B] from FlowFile[2752,99014989107174.mockFlowFile,24B]; routing to relationship simple
[pool-3698-thread-1] INFO org.apache.nifi.processors.standard.RouteText - RouteText[id=a680ad74-d0b5-404d-9505-4b7cb994baf3] Routing FlowFile[2752,99014989107174.mockFlowFile,24B] to original
[main] DEBUG org.apache.nifi.processors.standard.RouteText - RouteText[id=a680ad74-d0b5-404d-9505-4b7cb994baf3] Adding new dynamic property: PropertyDescriptor[simple]
[pool-3699-thread-1] INFO org.apache.nifi.processors.standard.RouteText - RouteText[id=a680ad74-d0b5-404d-9505-4b7cb994baf3] Created FlowFile[2755,99014989551318.mockFlowFile,24B] from FlowFile[2754,99014989551318.mockFlowFile,24B]; routing to relationship simple
[pool-3699-thread-1] INFO org.apache.nifi.processors.standard.RouteText - RouteText[id=a680ad74-d0b5-404d-9505-4b7cb994baf3] Routing FlowFile[2754,99014989551318.mockFlowFile,24B] to original
[main] DEBUG org.apache.nifi.processors.standard.RouteText - RouteText[id=a680ad74-d0b5-404d-9505-4b7cb994baf3] Adding new dynamic property: PropertyDescriptor[simple]
[pool-3700-thread-1] INFO org.apache.nifi.processors.standard.RouteText - RouteText[id=a680ad74-d0b5-404d-9505-4b7cb994baf3] Created FlowFile[2757,99014989976601.mockFlowFile,24B] from FlowFile[2756,99014989976601.mockFlowFile,24B]; routing to relationship simple
[pool-3700-thread-1] INFO org.apache.nifi.processors.standard.RouteText - RouteText[id=a680ad74-d0b5-404d-9505-4b7cb994baf3] Routing FlowFile[2756,99014989976601.mockFlowFile,24B] to original
[main] DEBUG org.apache.nifi.processors.standard.RouteText - RouteText[id=a680ad74-d0b5-404d-9505-4b7cb994baf3] Adding new dynamic property: PropertyDescriptor[simple]
[pool-3701-thread-1] INFO org.apache.nifi.processors.standard.RouteText - RouteText[id=a680ad74-d0b5-404d-9505-4b7cb994baf3] Created FlowFile[2759,99014990416266.mockFlowFile,24B] from FlowFile[2758,99014990416266.mockFlowFile,24B]; routing to relationship simple
[pool-3701-thread-1] INFO org.apache.nifi.processors.standard.RouteText - RouteText[id=a680ad74-d0b5-404d-9505-4b7cb994baf3] Routing FlowFile[2758,99014990416266.mockFlowFile,24B] to original
[main] DEBUG org.apache.nifi.processors.standard.RouteText - RouteText[id=a680ad74-d0b5-404d-9505-4b7cb994baf3] Adding new dynamic property: PropertyDescriptor[simple]
[pool-3702-thread-1] INFO org.apache.nifi.processors.standard.RouteText - RouteText[id=a680ad74-d0b5-404d-9505-4b7cb994baf3] Created FlowFile[2761,99014990870523.mockFlowFile,24B] from FlowFile[2760,99014990870523.mockFlowFile,24B]; routing to relationship simple
[pool-3702-thread-1] INFO org.apache.nifi.processors.standard.RouteText - RouteText[id=a680ad74-d0b5-404d-9505-4b7cb994baf3] Routing FlowFile[2760,99014990870523.mockFlowFile,24B] to original
[main] DEBUG org.apache.nifi.processors.standard.RouteText - RouteText[id=a680ad74-d0b5-404d-9505-4b7cb994baf3] Adding new dynamic property: PropertyDescriptor[simple]
[pool-3703-thread-1] INFO org.apache.nifi.processors.standard.RouteText - RouteText[id=a680ad74-d0b5-404d-9505-4b7cb994baf3] Created FlowFile[2763,99014991308291.mockFlowFile,24B] from FlowFile[2762,99014991308291.mockFlowFile,24B]; routing to relationship simple
[pool-3703-thread-1] INFO org.apache.nifi.processors.standard.RouteText - RouteText[id=a680ad74-d0b5-404d-9505-4b7cb994baf3] Routing FlowFile[2762,99014991308291.mockFlowFile,24B] to original
[main] DEBUG org.apache.nifi.processors.standard.RouteText - RouteText[id=a680ad74-d0b5-404d-9505-4b7cb994baf3] Adding new dynamic property: PropertyDescriptor[simple]
[pool-3704-thread-1] INFO org.apache.nifi.processors.standard.RouteText - RouteText[id=a680ad74-d0b5-404d-9505-4b7cb994baf3] Created FlowFile[2765,99014991737817.mockFlowFile,24B] from FlowFile[2764,99014991737817.mockFlowFile,24B]; routing to relationship simple
[pool-3704-thread-1] INFO org.apache.nifi.processors.standard.RouteText - RouteText[id=a680ad74-d0b5-404d-9505-4b7cb994baf3] Routing FlowFile[2764,99014991737817.mockFlowFile,24B] to original
[main] DEBUG org.apache.nifi.processors.standard.RouteText - RouteText[id=a680ad74-d0b5-404d-9505-4b7cb994baf3] Adding new dynamic property: PropertyDescriptor[simple]
[pool-3705-thread-1] INFO org.apache.nifi.processors.standard.RouteText - RouteText[id=a680ad74-d0b5-404d-9505-4b7cb994baf3] Created FlowFile[2767,99014992184437.mockFlowFile,24B] from FlowFile[2766,99014992184437.mockFlowFile,24B]; routing to relationship simple
[pool-3705-thread-1] INFO org.apache.nifi.processors.standard.RouteText - RouteText[id=a680ad74-d0b5-404d-9505-4b7cb994baf3] Routing FlowFile[2766,99014992184437.mockFlowFile,24B] to original
[main] DEBUG org.apache.nifi.processors.standard.RouteText - RouteText[id=a680ad74-d0b5-404d-9505-4b7cb994baf3] Adding new dynamic property: PropertyDescriptor[simple]
[pool-3706-thread-1] INFO org.apache.nifi.processors.standard.RouteText - RouteText[id=a680ad74-d0b5-404d-9505-4b7cb994baf3] Created FlowFile[2769,99014992625749.mockFlowFile,24B] from FlowFile[2768,99014992625749.mockFlowFile,24B]; routing to relationship simple
[pool-3706-thread-1] INFO org.apache.nifi.processors.standard.RouteText - RouteText[id=a680ad74-d0b5-404d-9505-4b7cb994baf3] Routing FlowFile[2768,99014992625749.mockFlowFile,24B] to original
[main] DEBUG org.apache.nifi.processors.standard.RouteText - RouteText[id=a680ad74-d0b5-404d-9505-4b7cb994baf3] Adding new dynamic property: PropertyDescriptor[simple]
[pool-3707-thread-1] INFO org.apache.nifi.processors.standard.RouteText - RouteText[id=a680ad74-d0b5-404d-9505-4b7cb994baf3] Created FlowFile[2771,99014993045448.mockFlowFile,24B] from FlowFile[2770,99014993045448.mockFlowFile,24B]; routing to relationship simple
[pool-3707-thread-1] INFO org.apache.nifi.processors.standard.RouteText - RouteText[id=a680ad74-d0b5-404d-9505-4b7cb994baf3] Routing FlowFile[2770,99014993045448.mockFlowFile,24B] to original
[main] DEBUG org.apache.nifi.processors.standard.RouteText - RouteText[id=a680ad74-d0b5-404d-9505-4b7cb994baf3] Adding new dynamic property: PropertyDescriptor[simple]
[pool-3708-thread-1] INFO org.apache.nifi.processors.standard.RouteText - RouteText[id=a680ad74-d0b5-404d-9505-4b7cb994baf3] Created FlowFile[2773,99014993484591.mockFlowFile,24B] from FlowFile[2772,99014993484591.mockFlowFile,24B]; routing to relationship simple
[pool-3708-thread-1] INFO org.apache.nifi.processors.standard.RouteText - RouteText[id=a680ad74-d0b5-404d-9505-4b7cb994baf3] Routing FlowFile[2772,99014993484591.mockFlowFile,24B] to original
[main] DEBUG org.apache.nifi.processors.standard.RouteText - RouteText[id=a680ad74-d0b5-404d-9505-4b7cb994baf3] Adding new dynamic property: PropertyDescriptor[simple]
[pool-3709-thread-1] INFO org.apache.nifi.processors.standard.RouteText - RouteText[id=a680ad74-d0b5-404d-9505-4b7cb994baf3] Created FlowFile[2775,99014993920165.mockFlowFile,24B] from FlowFile[2774,99014993920165.mockFlowFile,24B]; routing to relationship simple
[pool-3709-thread-1] INFO org.apache.nifi.processors.standard.RouteText - RouteText[id=a680ad74-d0b5-404d-9505-4b7cb994baf3] Routing FlowFile[2774,99014993920165.mockFlowFile,24B] to original
[main] DEBUG org.apache.nifi.processors.standard.RouteText - RouteText[id=a680ad74-d0b5-404d-9505-4b7cb994baf3] Adding new dynamic property: PropertyDescriptor[simple]
[pool-3710-thread-1] INFO org.apache.nifi.processors.standard.RouteText - RouteText[id=a680ad74-d0b5-404d-9505-4b7cb994baf3] Created FlowFile[2777,99014994361932.mockFlowFile,24B] from FlowFile[2776,99014994361932.mockFlowFile,24B]; routing to relationship simple
[pool-3710-thread-1] INFO org.apache.nifi.processors.standard.RouteText - RouteText[id=a680ad74-d0b5-404d-9505-4b7cb994baf3] Routing FlowFile[2776,99014994361932.mockFlowFile,24B] to original
[main] DEBUG org.apache.nifi.processors.standard.RouteText - RouteText[id=a680ad74-d0b5-404d-9505-4b7cb994baf3] Adding new dynamic property: PropertyDescriptor[simple]
[pool-3711-thread-1] INFO org.apache.nifi.processors.standard.RouteText - RouteText[id=a680ad74-d0b5-404d-9505-4b7cb994baf3] Created FlowFile[2779,99014994808370.mockFlowFile,24B] from FlowFile[2778,99014994808370.mockFlowFile,24B]; routing to relationship simple
[pool-3711-thread-1] INFO org.apache.nifi.processors.standard.RouteText - RouteText[id=a680ad74-d0b5-404d-9505-4b7cb994baf3] Routing FlowFile[2778,99014994808370.mockFlowFile,24B] to original
[main] DEBUG org.apache.nifi.processors.standard.RouteText - RouteText[id=a680ad74-d0b5-404d-9505-4b7cb994baf3] Adding new dynamic property: PropertyDescriptor[simple]
[pool-3712-thread-1] INFO org.apache.nifi.processors.standard.RouteText - RouteText[id=a680ad74-d0b5-404d-9505-4b7cb994baf3] Created FlowFile[2781,99014995273997.mockFlowFile,24B] from FlowFile[2780,99014995273997.mockFlowFile,24B]; routing to relationship simple
[pool-3712-thread-1] INFO org.apache.nifi.processors.standard.RouteText - RouteText[id=a680ad74-d0b5-404d-9505-4b7cb994baf3] Routing FlowFile[2780,99014995273997.mockFlowFile,24B] to original
[main] DEBUG org.apache.nifi.processors.standard.RouteText - RouteText[id=a680ad74-d0b5-404d-9505-4b7cb994baf3] Adding new dynamic property: PropertyDescriptor[simple]
[pool-3713-thread-1] INFO org.apache.nifi.processors.standard.RouteText - RouteText[id=a680ad74-d0b5-404d-9505-4b7cb994baf3] Created FlowFile[2783,99014995726348.mockFlowFile,24B] from FlowFile[2782,99014995726348.mockFlowFile,24B]; routing to relationship simple
[pool-3713-thread-1] INFO org.apache.nifi.processors.standard.RouteText - RouteText[id=a680ad74-d0b5-404d-9505-4b7cb994baf3] Routing FlowFile[2782,99014995726348.mockFlowFile,24B] to original
[main] DEBUG org.apache.nifi.processors.standard.RouteText - RouteText[id=a680ad74-d0b5-404d-9505-4b7cb994baf3] Adding new dynamic property: PropertyDescriptor[simple]
[pool-3714-thread-1] INFO org.apache.nifi.processors.standard.RouteText - RouteText[id=a680ad74-d0b5-404d-9505-4b7cb994baf3] Created FlowFile[2785,99014996191665.mockFlowFile,24B] from FlowFile[2784,99014996191665.mockFlowFile,24B]; routing to relationship simple
[pool-3714-thread-1] INFO org.apache.nifi.processors.standard.RouteText - RouteText[id=a680ad74-d0b5-404d-9505-4b7cb994baf3] Routing FlowFile[2784,99014996191665.mockFlowFile,24B] to original
[main] DEBUG org.apache.nifi.processors.standard.RouteText - RouteText[id=a680ad74-d0b5-404d-9505-4b7cb994baf3] Adding new dynamic property: PropertyDescriptor[simple]
[pool-3715-thread-1] INFO org.apache.nifi.processors.standard.RouteText - RouteText[id=a680ad74-d0b5-404d-9505-4b7cb994baf3] Created FlowFile[2787,99014996633798.mockFlowFile,24B] from FlowFile[2786,99014996633798.mockFlowFile,24B]; routing to relationship simple
[pool-3715-thread-1] INFO org.apache.nifi.processors.standard.RouteText - RouteText[id=a680ad74-d0b5-404d-9505-4b7cb994baf3] Routing FlowFile[2786,99014996633798.mockFlowFile,24B] to original
[main] DEBUG org.apache.nifi.processors.standard.RouteText - RouteText[id=a680ad74-d0b5-404d-9505-4b7cb994baf3] Adding new dynamic property: PropertyDescriptor[simple]
[pool-3716-thread-1] INFO org.apache.nifi.processors.standard.RouteText - RouteText[id=a680ad74-d0b5-404d-9505-4b7cb994baf3] Created FlowFile[2789,99014997044556.mockFlowFile,24B] from FlowFile[2788,99014997044556.mockFlowFile,24B]; routing to relationship simple
[pool-3716-thread-1] INFO org.apache.nifi.processors.standard.RouteText - RouteText[id=a680ad74-d0b5-404d-9505-4b7cb994baf3] Routing FlowFile[2788,99014997044556.mockFlowFile,24B] to original
[main] DEBUG org.apache.nifi.processors.standard.RouteText - RouteText[id=a680ad74-d0b5-404d-9505-4b7cb994baf3] Adding new dynamic property: PropertyDescriptor[simple]
[pool-3717-thread-1] INFO org.apache.nifi.processors.standard.RouteText - RouteText[id=a680ad74-d0b5-404d-9505-4b7cb994baf3] Created FlowFile[2791,99014997472571.mockFlowFile,24B] from FlowFile[2790,99014997472571.mockFlowFile,24B]; routing to relationship simple
[pool-3717-thread-1] INFO org.apache.nifi.processors.standard.RouteText - RouteText[id=a680ad74-d0b5-404d-9505-4b7cb994baf3] Routing FlowFile[2790,99014997472571.mockFlowFile,24B] to original
[main] DEBUG org.apache.nifi.processors.standard.RouteText - RouteText[id=a680ad74-d0b5-404d-9505-4b7cb994baf3] Adding new dynamic property: PropertyDescriptor[simple]
[pool-3718-thread-1] INFO org.apache.nifi.processors.standard.RouteText - RouteText[id=a680ad74-d0b5-404d-9505-4b7cb994baf3] Created FlowFile[2793,99014997876538.mockFlowFile,24B] from FlowFile[2792,99014997876538.mockFlowFile,24B]; routing to relationship simple
[pool-3718-thread-1] INFO org.apache.nifi.processors.standard.RouteText - RouteText[id=a680ad74-d0b5-404d-9505-4b7cb994baf3] Routing FlowFile[2792,99014997876538.mockFlowFile,24B] to original
[main] DEBUG org.apache.nifi.processors.standard.RouteText - RouteText[id=a680ad74-d0b5-404d-9505-4b7cb994baf3] Adding new dynamic property: PropertyDescriptor[simple]
[pool-3719-thread-1] INFO org.apache.nifi.processors.standard.RouteText - RouteText[id=a680ad74-d0b5-404d-9505-4b7cb994baf3] Created FlowFile[2795,99014998348355.mockFlowFile,24B] from FlowFile[2794,99014998348355.mockFlowFile,24B]; routing to relationship simple
[pool-3719-thread-1] INFO org.apache.nifi.processors.standard.RouteText - RouteText[id=a680ad74-d0b5-404d-9505-4b7cb994baf3] Routing FlowFile[2794,99014998348355.mockFlowFile,24B] to original
[main] DEBUG org.apache.nifi.processors.standard.RouteText - RouteText[id=a680ad74-d0b5-404d-9505-4b7cb994baf3] Adding new dynamic property: PropertyDescriptor[simple]
[pool-3720-thread-1] INFO org.apache.nifi.processors.standard.RouteText - RouteText[id=a680ad74-d0b5-404d-9505-4b7cb994baf3] Created FlowFile[2797,99014998764665.mockFlowFile,24B] from FlowFile[2796,99014998764665.mockFlowFile,24B]; routing to relationship simple
[pool-3720-thread-1] INFO org.apache.nifi.processors.standard.RouteText - RouteText[id=a680ad74-d0b5-404d-9505-4b7cb994baf3] Routing FlowFile[2796,99014998764665.mockFlowFile,24B] to original
[main] DEBUG org.apache.nifi.processors.standard.RouteText - RouteText[id=a680ad74-d0b5-404d-9505-4b7cb994baf3] Adding new dynamic property: PropertyDescriptor[simple]
[pool-3721-thread-1] INFO org.apache.nifi.processors.standard.RouteText - RouteText[id=a680ad74-d0b5-404d-9505-4b7cb994baf3] Created FlowFile[2799,99014999172968.mockFlowFile,24B] from FlowFile[2798,99014999172968.mockFlowFile,24B]; routing to relationship simple
[pool-3721-thread-1] INFO org.apache.nifi.processors.standard.RouteText - RouteText[id=a680ad74-d0b5-404d-9505-4b7cb994baf3] Routing FlowFile[2798,99014999172968.mockFlowFile,24B] to original
[main] DEBUG org.apache.nifi.processors.standard.RouteText - RouteText[id=a680ad74-d0b5-404d-9505-4b7cb994baf3] Adding new dynamic property: PropertyDescriptor[simple]
[pool-3722-thread-1] INFO org.apache.nifi.processors.standard.RouteText - RouteText[id=a680ad74-d0b5-404d-9505-4b7cb994baf3] Created FlowFile[2801,99014999636613.mockFlowFile,24B] from FlowFile[2800,99014999636613.mockFlowFile,24B]; routing to relationship simple
[pool-3722-thread-1] INFO org.apache.nifi.processors.standard.RouteText - RouteText[id=a680ad74-d0b5-404d-9505-4b7cb994baf3] Routing FlowFile[2800,99014999636613.mockFlowFile,24B] to original
[main] DEBUG org.apache.nifi.processors.standard.RouteText - RouteText[id=a680ad74-d0b5-404d-9505-4b7cb994baf3] Adding new dynamic property: PropertyDescriptor[simple]
[pool-3723-thread-1] INFO org.apache.nifi.processors.standard.RouteText - RouteText[id=a680ad74-d0b5-404d-9505-4b7cb994baf3] Created FlowFile[2803,99015000167878.mockFlowFile,24B] from FlowFile[2802,99015000167878.mockFlowFile,24B]; routing to relationship simple
[pool-3723-thread-1] INFO org.apache.nifi.processors.standard.RouteText - RouteText[id=a680ad74-d0b5-404d-9505-4b7cb994baf3] Routing FlowFile[2802,99015000167878.mockFlowFile,24B] to original
[main] DEBUG org.apache.nifi.processors.standard.RouteText - RouteText[id=a680ad74-d0b5-404d-9505-4b7cb994baf3] Adding new dynamic property: PropertyDescriptor[simple]
[pool-3724-thread-1] INFO org.apache.nifi.processors.standard.RouteText - RouteText[id=a680ad74-d0b5-404d-9505-4b7cb994baf3] Created FlowFile[2805,99015000597601.mockFlowFile,24B] from FlowFile[2804,99015000597601.mockFlowFile,24B]; routing to relationship simple
[pool-3724-thread-1] INFO org.apache.nifi.processors.standard.RouteText - RouteText[id=a680ad74-d0b5-404d-9505-4b7cb994baf3] Routing FlowFile[2804,99015000597601.mockFlowFile,24B] to original
[main] DEBUG org.apache.nifi.processors.standard.RouteText - RouteText[id=a680ad74-d0b5-404d-9505-4b7cb994baf3] Adding new dynamic property: PropertyDescriptor[simple]
[pool-3725-thread-1] INFO org.apache.nifi.processors.standard.RouteText - RouteText[id=a680ad74-d0b5-404d-9505-4b7cb994baf3] Created FlowFile[2807,99015001149096.mockFlowFile,24B] from FlowFile[2806,99015001149096.mockFlowFile,24B]; routing to relationship simple
[pool-3725-thread-1] INFO org.apache.nifi.processors.standard.RouteText - RouteText[id=a680ad74-d0b5-404d-9505-4b7cb994baf3] Routing FlowFile[2806,99015001149096.mockFlowFile,24B] to original
[main] DEBUG org.apache.nifi.processors.standard.RouteText - RouteText[id=a680ad74-d0b5-404d-9505-4b7cb994baf3] Adding new dynamic property: PropertyDescriptor[simple]
[pool-3726-thread-1] INFO org.apache.nifi.processors.standard.RouteText - RouteText[id=a680ad74-d0b5-404d-9505-4b7cb994baf3] Created FlowFile[2809,99015001680220.mockFlowFile,24B] from FlowFile[2808,99015001680220.mockFlowFile,24B]; routing to relationship simple
[pool-3726-thread-1] INFO org.apache.nifi.processors.standard.RouteText - RouteText[id=a680ad74-d0b5-404d-9505-4b7cb994baf3] Routing FlowFile[2808,99015001680220.mockFlowFile,24B] to original
[main] DEBUG org.apache.nifi.processors.standard.RouteText - RouteText[id=a680ad74-d0b5-404d-9505-4b7cb994baf3] Adding new dynamic property: PropertyDescriptor[simple]
[pool-3727-thread-1] INFO org.apache.nifi.processors.standard.RouteText - RouteText[id=a680ad74-d0b5-404d-9505-4b7cb994baf3] Created FlowFile[2811,99015002233602.mockFlowFile,24B] from FlowFile[2810,99015002233602.mockFlowFile,24B]; routing to relationship simple
[pool-3727-thread-1] INFO org.apache.nifi.processors.standard.RouteText - RouteText[id=a680ad74-d0b5-404d-9505-4b7cb994baf3] Routing FlowFile[2810,99015002233602.mockFlowFile,24B] to original
[main] DEBUG org.apache.nifi.processors.standard.RouteText - RouteText[id=a680ad74-d0b5-404d-9505-4b7cb994baf3] Adding new dynamic property: PropertyDescriptor[simple]
[pool-3728-thread-1] INFO org.apache.nifi.processors.standard.RouteText - RouteText[id=a680ad74-d0b5-404d-9505-4b7cb994baf3] Created FlowFile[2813,99015002701539.mockFlowFile,24B] from FlowFile[2812,99015002701539.mockFlowFile,24B]; routing to relationship simple
[pool-3728-thread-1] INFO org.apache.nifi.processors.standard.RouteText - RouteText[id=a680ad74-d0b5-404d-9505-4b7cb994baf3] Routing FlowFile[2812,99015002701539.mockFlowFile,24B] to original
[main] DEBUG org.apache.nifi.processors.standard.RouteText - RouteText[id=a680ad74-d0b5-404d-9505-4b7cb994baf3] Adding new dynamic property: PropertyDescriptor[simple]
[pool-3729-thread-1] INFO org.apache.nifi.processors.standard.RouteText - RouteText[id=a680ad74-d0b5-404d-9505-4b7cb994baf3] Created FlowFile[2815,99015003183944.mockFlowFile,24B] from FlowFile[2814,99015003183944.mockFlowFile,24B]; routing to relationship simple
[pool-3729-thread-1] INFO org.apache.nifi.processors.standard.RouteText - RouteText[id=a680ad74-d0b5-404d-9505-4b7cb994baf3] Routing FlowFile[2814,99015003183944.mockFlowFile,24B] to original
[main] DEBUG org.apache.nifi.processors.standard.RouteText - RouteText[id=a680ad74-d0b5-404d-9505-4b7cb994baf3] Adding new dynamic property: PropertyDescriptor[simple]
[pool-3730-thread-1] INFO org.apache.nifi.processors.standard.RouteText - RouteText[id=a680ad74-d0b5-404d-9505-4b7cb994baf3] Created FlowFile[2817,99015003644957.mockFlowFile,24B] from FlowFile[2816,99015003644957.mockFlowFile,24B]; routing to relationship simple
[pool-3730-thread-1] INFO org.apache.nifi.processors.standard.RouteText - RouteText[id=a680ad74-d0b5-404d-9505-4b7cb994baf3] Routing FlowFile[2816,99015003644957.mockFlowFile,24B] to original
[main] DEBUG org.apache.nifi.processors.standard.RouteText - RouteText[id=a680ad74-d0b5-404d-9505-4b7cb994baf3] Adding new dynamic property: PropertyDescriptor[simple]
[pool-3731-thread-1] INFO org.apache.nifi.processors.standard.RouteText - RouteText[id=a680ad74-d0b5-404d-9505-4b7cb994baf3] Created FlowFile[2819,99015004719921.mockFlowFile,24B] from FlowFile[2818,99015004719921.mockFlowFile,24B]; routing to relationship simple
[pool-3731-thread-1] INFO org.apache.nifi.processors.standard.RouteText - RouteText[id=a680ad74-d0b5-404d-9505-4b7cb994baf3] Routing FlowFile[2818,99015004719921.mockFlowFile,24B] to original
[main] DEBUG org.apache.nifi.processors.standard.RouteText - RouteText[id=a680ad74-d0b5-404d-9505-4b7cb994baf3] Adding new dynamic property: PropertyDescriptor[simple]
[pool-3732-thread-1] INFO org.apache.nifi.processors.standard.RouteText - RouteText[id=a680ad74-d0b5-404d-9505-4b7cb994baf3] Created FlowFile[2821,99015005326915.mockFlowFile,24B] from FlowFile[2820,99015005326915.mockFlowFile,24B]; routing to relationship simple
[pool-3732-thread-1] INFO org.apache.nifi.processors.standard.RouteText - RouteText[id=a680ad74-d0b5-404d-9505-4b7cb994baf3] Routing FlowFile[2820,99015005326915.mockFlowFile,24B] to original
[main] DEBUG org.apache.nifi.processors.standard.RouteText - RouteText[id=a680ad74-d0b5-404d-9505-4b7cb994baf3] Adding new dynamic property: PropertyDescriptor[simple]
[pool-3733-thread-1] INFO org.apache.nifi.processors.standard.RouteText - RouteText[id=a680ad74-d0b5-404d-9505-4b7cb994baf3] Created FlowFile[2823,99015005856772.mockFlowFile,24B] from FlowFile[2822,99015005856772.mockFlowFile,24B]; routing to relationship simple
[pool-3733-thread-1] INFO org.apache.nifi.processors.standard.RouteText - RouteText[id=a680ad74-d0b5-404d-9505-4b7cb994baf3] Routing FlowFile[2822,99015005856772.mockFlowFile,24B] to original
[main] DEBUG org.apache.nifi.processors.standard.RouteText - RouteText[id=a680ad74-d0b5-404d-9505-4b7cb994baf3] Adding new dynamic property: PropertyDescriptor[simple]
[pool-3734-thread-1] INFO org.apache.nifi.processors.standard.RouteText - RouteText[id=a680ad74-d0b5-404d-9505-4b7cb994baf3] Created FlowFile[2825,99015006387075.mockFlowFile,24B] from FlowFile[2824,99015006387075.mockFlowFile,24B]; routing to relationship simple
[pool-3734-thread-1] INFO org.apache.nifi.processors.standard.RouteText - RouteText[id=a680ad74-d0b5-404d-9505-4b7cb994baf3] Routing FlowFile[2824,99015006387075.mockFlowFile,24B] to original
[main] DEBUG org.apache.nifi.processors.standard.RouteText - RouteText[id=a680ad74-d0b5-404d-9505-4b7cb994baf3] Adding new dynamic property: PropertyDescriptor[simple]
[pool-3735-thread-1] INFO org.apache.nifi.processors.standard.RouteText - RouteText[id=a680ad74-d0b5-404d-9505-4b7cb994baf3] Created FlowFile[2827,99015006869626.mockFlowFile,24B] from FlowFile[2826,99015006869626.mockFlowFile,24B]; routing to relationship simple
[pool-3735-thread-1] INFO org.apache.nifi.processors.standard.RouteText - RouteText[id=a680ad74-d0b5-404d-9505-4b7cb994baf3] Routing FlowFile[2826,99015006869626.mockFlowFile,24B] to original
[main] DEBUG org.apache.nifi.processors.standard.RouteText - RouteText[id=a680ad74-d0b5-404d-9505-4b7cb994baf3] Adding new dynamic property: PropertyDescriptor[simple]
[pool-3736-thread-1] INFO org.apache.nifi.processors.standard.RouteText - RouteText[id=a680ad74-d0b5-404d-9505-4b7cb994baf3] Created FlowFile[2829,99015007310487.mockFlowFile,24B] from FlowFile[2828,99015007310487.mockFlowFile,24B]; routing to relationship simple
[pool-3736-thread-1] INFO org.apache.nifi.processors.standard.RouteText - RouteText[id=a680ad74-d0b5-404d-9505-4b7cb994baf3] Routing FlowFile[2828,99015007310487.mockFlowFile,24B] to original
[main] DEBUG org.apache.nifi.processors.standard.RouteText - RouteText[id=a680ad74-d0b5-404d-9505-4b7cb994baf3] Adding new dynamic property: PropertyDescriptor[simple]
[pool-3737-thread-1] INFO org.apache.nifi.processors.standard.RouteText - RouteText[id=a680ad74-d0b5-404d-9505-4b7cb994baf3] Created FlowFile[2831,99015007728887.mockFlowFile,24B] from FlowFile[2830,99015007728887.mockFlowFile,24B]; routing to relationship simple
[pool-3737-thread-1] INFO org.apache.nifi.processors.standard.RouteText - RouteText[id=a680ad74-d0b5-404d-9505-4b7cb994baf3] Routing FlowFile[2830,99015007728887.mockFlowFile,24B] to original
[main] DEBUG org.apache.nifi.processors.standard.RouteText - RouteText[id=a680ad74-d0b5-404d-9505-4b7cb994baf3] Adding new dynamic property: PropertyDescriptor[simple]
[pool-3738-thread-1] INFO org.apache.nifi.processors.standard.RouteText - RouteText[id=a680ad74-d0b5-404d-9505-4b7cb994baf3] Created FlowFile[2833,99015008182341.mockFlowFile,24B] from FlowFile[2832,99015008182341.mockFlowFile,24B]; routing to relationship simple
[pool-3738-thread-1] INFO org.apache.nifi.processors.standard.RouteText - RouteText[id=a680ad74-d0b5-404d-9505-4b7cb994baf3] Routing FlowFile[2832,99015008182341.mockFlowFile,24B] to original
[main] DEBUG org.apache.nifi.processors.standard.RouteText - RouteText[id=a680ad74-d0b5-404d-9505-4b7cb994baf3] Adding new dynamic property: PropertyDescriptor[simple]
[pool-3739-thread-1] INFO org.apache.nifi.processors.standard.RouteText - RouteText[id=a680ad74-d0b5-404d-9505-4b7cb994baf3] Created FlowFile[2835,99015008621780.mockFlowFile,24B] from FlowFile[2834,99015008621780.mockFlowFile,24B]; routing to relationship simple
[pool-3739-thread-1] INFO org.apache.nifi.processors.standard.RouteText - RouteText[id=a680ad74-d0b5-404d-9505-4b7cb994baf3] Routing FlowFile[2834,99015008621780.mockFlowFile,24B] to original
[main] DEBUG org.apache.nifi.processors.standard.RouteText - RouteText[id=a680ad74-d0b5-404d-9505-4b7cb994baf3] Adding new dynamic property: PropertyDescriptor[simple]
[pool-3740-thread-1] INFO org.apache.nifi.processors.standard.RouteText - RouteText[id=a680ad74-d0b5-404d-9505-4b7cb994baf3] Created FlowFile[2837,99015009084390.mockFlowFile,24B] from FlowFile[2836,99015009084390.mockFlowFile,24B]; routing to relationship simple
[pool-3740-thread-1] INFO org.apache.nifi.processors.standard.RouteText - RouteText[id=a680ad74-d0b5-404d-9505-4b7cb994baf3] Routing FlowFile[2836,99015009084390.mockFlowFile,24B] to original
[main] DEBUG org.apache.nifi.processors.standard.RouteText - RouteText[id=a680ad74-d0b5-404d-9505-4b7cb994baf3] Adding new dynamic property: PropertyDescriptor[simple]
[pool-3741-thread-1] INFO org.apache.nifi.processors.standard.RouteText - RouteText[id=a680ad74-d0b5-404d-9505-4b7cb994baf3] Created FlowFile[2839,99015009533452.mockFlowFile,24B] from FlowFile[2838,99015009533452.mockFlowFile,24B]; routing to relationship simple
[pool-3741-thread-1] INFO org.apache.nifi.processors.standard.RouteText - RouteText[id=a680ad74-d0b5-404d-9505-4b7cb994baf3] Routing FlowFile[2838,99015009533452.mockFlowFile,24B] to original
[main] DEBUG org.apache.nifi.processors.standard.RouteText - RouteText[id=a680ad74-d0b5-404d-9505-4b7cb994baf3] Adding new dynamic property: PropertyDescriptor[simple]
[pool-3742-thread-1] INFO org.apache.nifi.processors.standard.RouteText - RouteText[id=a680ad74-d0b5-404d-9505-4b7cb994baf3] Created FlowFile[2841,99015009950231.mockFlowFile,24B] from FlowFile[2840,99015009950231.mockFlowFile,24B]; routing to relationship simple
[pool-3742-thread-1] INFO org.apache.nifi.processors.standard.RouteText - RouteText[id=a680ad74-d0b5-404d-9505-4b7cb994baf3] Routing FlowFile[2840,99015009950231.mockFlowFile,24B] to original
[main] DEBUG org.apache.nifi.processors.standard.RouteText - RouteText[id=a680ad74-d0b5-404d-9505-4b7cb994baf3] Adding new dynamic property: PropertyDescriptor[simple]
[pool-3743-thread-1] INFO org.apache.nifi.processors.standard.RouteText - RouteText[id=a680ad74-d0b5-404d-9505-4b7cb994baf3] Created FlowFile[2843,99015010355509.mockFlowFile,24B] from FlowFile[2842,99015010355509.mockFlowFile,24B]; routing to relationship simple
[pool-3743-thread-1] INFO org.apache.nifi.processors.standard.RouteText - RouteText[id=a680ad74-d0b5-404d-9505-4b7cb994baf3] Routing FlowFile[2842,99015010355509.mockFlowFile,24B] to original
[main] DEBUG org.apache.nifi.processors.standard.RouteText - RouteText[id=a680ad74-d0b5-404d-9505-4b7cb994baf3] Adding new dynamic property: PropertyDescriptor[simple]
[pool-3744-thread-1] INFO org.apache.nifi.processors.standard.RouteText - RouteText[id=a680ad74-d0b5-404d-9505-4b7cb994baf3] Created FlowFile[2845,99015010752206.mockFlowFile,24B] from FlowFile[2844,99015010752206.mockFlowFile,24B]; routing to relationship simple
[pool-3744-thread-1] INFO org.apache.nifi.processors.standard.RouteText - RouteText[id=a680ad74-d0b5-404d-9505-4b7cb994baf3] Routing FlowFile[2844,99015010752206.mockFlowFile,24B] to original
[main] DEBUG org.apache.nifi.processors.standard.RouteText - RouteText[id=a680ad74-d0b5-404d-9505-4b7cb994baf3] Adding new dynamic property: PropertyDescriptor[simple]
[pool-3745-thread-1] INFO org.apache.nifi.processors.standard.RouteText - RouteText[id=a680ad74-d0b5-404d-9505-4b7cb994baf3] Created FlowFile[2847,99015011134733.mockFlowFile,24B] from FlowFile[2846,99015011134733.mockFlowFile,24B]; routing to relationship simple
[pool-3745-thread-1] INFO org.apache.nifi.processors.standard.RouteText - RouteText[id=a680ad74-d0b5-404d-9505-4b7cb994baf3] Routing FlowFile[2846,99015011134733.mockFlowFile,24B] to original
[main] DEBUG org.apache.nifi.processors.standard.RouteText - RouteText[id=a680ad74-d0b5-404d-9505-4b7cb994baf3] Adding new dynamic property: PropertyDescriptor[simple]
[pool-3746-thread-1] INFO org.apache.nifi.processors.standard.RouteText - RouteText[id=a680ad74-d0b5-404d-9505-4b7cb994baf3] Created FlowFile[2849,99015011534274.mockFlowFile,24B] from FlowFile[2848,99015011534274.mockFlowFile,24B]; routing to relationship simple
[pool-3746-thread-1] INFO org.apache.nifi.processors.standard.RouteText - RouteText[id=a680ad74-d0b5-404d-9505-4b7cb994baf3] Routing FlowFile[2848,99015011534274.mockFlowFile,24B] to original
[main] DEBUG org.apache.nifi.processors.standard.RouteText - RouteText[id=a680ad74-d0b5-404d-9505-4b7cb994baf3] Adding new dynamic property: PropertyDescriptor[simple]
[pool-3747-thread-1] INFO org.apache.nifi.processors.standard.RouteText - RouteText[id=a680ad74-d0b5-404d-9505-4b7cb994baf3] Created FlowFile[2851,99015011931031.mockFlowFile,24B] from FlowFile[2850,99015011931031.mockFlowFile,24B]; routing to relationship simple
[pool-3747-thread-1] INFO org.apache.nifi.processors.standard.RouteText - RouteText[id=a680ad74-d0b5-404d-9505-4b7cb994baf3] Routing FlowFile[2850,99015011931031.mockFlowFile,24B] to original
[main] DEBUG org.apache.nifi.processors.standard.RouteText - RouteText[id=a680ad74-d0b5-404d-9505-4b7cb994baf3] Adding new dynamic property: PropertyDescriptor[simple]
[pool-3748-thread-1] INFO org.apache.nifi.processors.standard.RouteText - RouteText[id=a680ad74-d0b5-404d-9505-4b7cb994baf3] Created FlowFile[2853,99015012336947.mockFlowFile,24B] from FlowFile[2852,99015012336947.mockFlowFile,24B]; routing to relationship simple
[pool-3748-thread-1] INFO org.apache.nifi.processors.standard.RouteText - RouteText[id=a680ad74-d0b5-404d-9505-4b7cb994baf3] Routing FlowFile[2852,99015012336947.mockFlowFile,24B] to original
[main] DEBUG org.apache.nifi.processors.standard.RouteText - RouteText[id=a680ad74-d0b5-404d-9505-4b7cb994baf3] Adding new dynamic property: PropertyDescriptor[simple]
[pool-3749-thread-1] INFO org.apache.nifi.processors.standard.RouteText - RouteText[id=a680ad74-d0b5-404d-9505-4b7cb994baf3] Created FlowFile[2855,99015012766197.mockFlowFile,24B] from FlowFile[2854,99015012766197.mockFlowFile,24B]; routing to relationship simple
[pool-3749-thread-1] INFO org.apache.nifi.processors.standard.RouteText - RouteText[id=a680ad74-d0b5-404d-9505-4b7cb994baf3] Routing FlowFile[2854,99015012766197.mockFlowFile,24B] to original
[main] DEBUG org.apache.nifi.processors.standard.RouteText - RouteText[id=a680ad74-d0b5-404d-9505-4b7cb994baf3] Adding new dynamic property: PropertyDescriptor[simple]
[pool-3750-thread-1] INFO org.apache.nifi.processors.standard.RouteText - RouteText[id=a680ad74-d0b5-404d-9505-4b7cb994baf3] Created FlowFile[2857,99015013334199.mockFlowFile,24B] from FlowFile[2856,99015013334199.mockFlowFile,24B]; routing to relationship simple
[pool-3750-thread-1] INFO org.apache.nifi.processors.standard.RouteText - RouteText[id=a680ad74-d0b5-404d-9505-4b7cb994baf3] Routing FlowFile[2856,99015013334199.mockFlowFile,24B] to original
[main] DEBUG org.apache.nifi.processors.standard.RouteText - RouteText[id=a680ad74-d0b5-404d-9505-4b7cb994baf3] Adding new dynamic property: PropertyDescriptor[simple]
[pool-3751-thread-1] INFO org.apache.nifi.processors.standard.RouteText - RouteText[id=a680ad74-d0b5-404d-9505-4b7cb994baf3] Created FlowFile[2859,99015013781994.mockFlowFile,24B] from FlowFile[2858,99015013781994.mockFlowFile,24B]; routing to relationship simple
[pool-3751-thread-1] INFO org.apache.nifi.processors.standard.RouteText - RouteText[id=a680ad74-d0b5-404d-9505-4b7cb994baf3] Routing FlowFile[2858,99015013781994.mockFlowFile,24B] to original
[main] DEBUG org.apache.nifi.processors.standard.RouteText - RouteText[id=a680ad74-d0b5-404d-9505-4b7cb994baf3] Adding new dynamic property: PropertyDescriptor[simple]
[pool-3752-thread-1] INFO org.apache.nifi.processors.standard.RouteText - RouteText[id=a680ad74-d0b5-404d-9505-4b7cb994baf3] Created FlowFile[2861,99015014187462.mockFlowFile,24B] from FlowFile[2860,99015014187462.mockFlowFile,24B]; routing to relationship simple
[pool-3752-thread-1] INFO org.apache.nifi.processors.standard.RouteText - RouteText[id=a680ad74-d0b5-404d-9505-4b7cb994baf3] Routing FlowFile[2860,99015014187462.mockFlowFile,24B] to original
[main] DEBUG org.apache.nifi.processors.standard.RouteText - RouteText[id=a680ad74-d0b5-404d-9505-4b7cb994baf3] Adding new dynamic property: PropertyDescriptor[simple]
[pool-3753-thread-1] INFO org.apache.nifi.processors.standard.RouteText - RouteText[id=a680ad74-d0b5-404d-9505-4b7cb994baf3] Created FlowFile[2863,99015014580683.mockFlowFile,24B] from FlowFile[2862,99015014580683.mockFlowFile,24B]; routing to relationship simple
[pool-3753-thread-1] INFO org.apache.nifi.processors.standard.RouteText - RouteText[id=a680ad74-d0b5-404d-9505-4b7cb994baf3] Routing FlowFile[2862,99015014580683.mockFlowFile,24B] to original
[main] DEBUG org.apache.nifi.processors.standard.RouteText - RouteText[id=a680ad74-d0b5-404d-9505-4b7cb994baf3] Adding new dynamic property: PropertyDescriptor[simple]
[pool-3754-thread-1] INFO org.apache.nifi.processors.standard.RouteText - RouteText[id=a680ad74-d0b5-404d-9505-4b7cb994baf3] Created FlowFile[2865,99015014961652.mockFlowFile,24B] from FlowFile[2864,99015014961652.mockFlowFile,24B]; routing to relationship simple
[pool-3754-thread-1] INFO org.apache.nifi.processors.standard.RouteText - RouteText[id=a680ad74-d0b5-404d-9505-4b7cb994baf3] Routing FlowFile[2864,99015014961652.mockFlowFile,24B] to original
[main] DEBUG org.apache.nifi.processors.standard.RouteText - RouteText[id=a680ad74-d0b5-404d-9505-4b7cb994baf3] Adding new dynamic property: PropertyDescriptor[simple]
[pool-3755-thread-1] INFO org.apache.nifi.processors.standard.RouteText - RouteText[id=a680ad74-d0b5-404d-9505-4b7cb994baf3] Created FlowFile[2867,99015015341391.mockFlowFile,24B] from FlowFile[2866,99015015341391.mockFlowFile,24B]; routing to relationship simple
[pool-3755-thread-1] INFO org.apache.nifi.processors.standard.RouteText - RouteText[id=a680ad74-d0b5-404d-9505-4b7cb994baf3] Routing FlowFile[2866,99015015341391.mockFlowFile,24B] to original
[main] DEBUG org.apache.nifi.processors.standard.RouteText - RouteText[id=a680ad74-d0b5-404d-9505-4b7cb994baf3] Adding new dynamic property: PropertyDescriptor[simple]
[pool-3756-thread-1] INFO org.apache.nifi.processors.standard.RouteText - RouteText[id=a680ad74-d0b5-404d-9505-4b7cb994baf3] Created FlowFile[2869,99015015765834.mockFlowFile,24B] from FlowFile[2868,99015015765834.mockFlowFile,24B]; routing to relationship simple
[pool-3756-thread-1] INFO org.apache.nifi.processors.standard.RouteText - RouteText[id=a680ad74-d0b5-404d-9505-4b7cb994baf3] Routing FlowFile[2868,99015015765834.mockFlowFile,24B] to original
[main] DEBUG org.apache.nifi.processors.standard.RouteText - RouteText[id=a680ad74-d0b5-404d-9505-4b7cb994baf3] Adding new dynamic property: PropertyDescriptor[simple]
[pool-3757-thread-1] INFO org.apache.nifi.processors.standard.RouteText - RouteText[id=a680ad74-d0b5-404d-9505-4b7cb994baf3] Created FlowFile[2871,99015016171002.mockFlowFile,24B] from FlowFile[2870,99015016171002.mockFlowFile,24B]; routing to relationship simple
[pool-3757-thread-1] INFO org.apache.nifi.processors.standard.RouteText - RouteText[id=a680ad74-d0b5-404d-9505-4b7cb994baf3] Routing FlowFile[2870,99015016171002.mockFlowFile,24B] to original
[main] DEBUG org.apache.nifi.processors.standard.RouteText - RouteText[id=a680ad74-d0b5-404d-9505-4b7cb994baf3] Adding new dynamic property: PropertyDescriptor[simple]
[pool-3758-thread-1] INFO org.apache.nifi.processors.standard.RouteText - RouteText[id=a680ad74-d0b5-404d-9505-4b7cb994baf3] Created FlowFile[2873,99015016548554.mockFlowFile,24B] from FlowFile[2872,99015016548554.mockFlowFile,24B]; routing to relationship simple
[pool-3758-thread-1] INFO org.apache.nifi.processors.standard.RouteText - RouteText[id=a680ad74-d0b5-404d-9505-4b7cb994baf3] Routing FlowFile[2872,99015016548554.mockFlowFile,24B] to original
[main] DEBUG org.apache.nifi.processors.standard.RouteText - RouteText[id=a680ad74-d0b5-404d-9505-4b7cb994baf3] Adding new dynamic property: PropertyDescriptor[simple]
[pool-3759-thread-1] INFO org.apache.nifi.processors.standard.RouteText - RouteText[id=a680ad74-d0b5-404d-9505-4b7cb994baf3] Created FlowFile[2875,99015016940703.mockFlowFile,24B] from FlowFile[2874,99015016940703.mockFlowFile,24B]; routing to relationship simple
[pool-3759-thread-1] INFO org.apache.nifi.processors.standard.RouteText - RouteText[id=a680ad74-d0b5-404d-9505-4b7cb994baf3] Routing FlowFile[2874,99015016940703.mockFlowFile,24B] to original
[main] DEBUG org.apache.nifi.processors.standard.RouteText - RouteText[id=a680ad74-d0b5-404d-9505-4b7cb994baf3] Adding new dynamic property: PropertyDescriptor[simple]
[pool-3760-thread-1] INFO org.apache.nifi.processors.standard.RouteText - RouteText[id=a680ad74-d0b5-404d-9505-4b7cb994baf3] Created FlowFile[2877,99015017359048.mockFlowFile,24B] from FlowFile[2876,99015017359048.mockFlowFile,24B]; routing to relationship simple
[pool-3760-thread-1] INFO org.apache.nifi.processors.standard.RouteText - RouteText[id=a680ad74-d0b5-404d-9505-4b7cb994baf3] Routing FlowFile[2876,99015017359048.mockFlowFile,24B] to original
[main] DEBUG org.apache.nifi.processors.standard.RouteText - RouteText[id=a680ad74-d0b5-404d-9505-4b7cb994baf3] Adding new dynamic property: PropertyDescriptor[simple]
[pool-3761-thread-1] INFO org.apache.nifi.processors.standard.RouteText - RouteText[id=a680ad74-d0b5-404d-9505-4b7cb994baf3] Created FlowFile[2879,99015017798033.mockFlowFile,24B] from FlowFile[2878,99015017798033.mockFlowFile,24B]; routing to relationship simple
[pool-3761-thread-1] INFO org.apache.nifi.processors.standard.RouteText - RouteText[id=a680ad74-d0b5-404d-9505-4b7cb994baf3] Routing FlowFile[2878,99015017798033.mockFlowFile,24B] to original
[main] DEBUG org.apache.nifi.processors.standard.RouteText - RouteText[id=a680ad74-d0b5-404d-9505-4b7cb994baf3] Adding new dynamic property: PropertyDescriptor[simple]
[pool-3762-thread-1] INFO org.apache.nifi.processors.standard.RouteText - RouteText[id=a680ad74-d0b5-404d-9505-4b7cb994baf3] Created FlowFile[2881,99015018236157.mockFlowFile,24B] from FlowFile[2880,99015018236157.mockFlowFile,24B]; routing to relationship simple
[pool-3762-thread-1] INFO org.apache.nifi.processors.standard.RouteText - RouteText[id=a680ad74-d0b5-404d-9505-4b7cb994baf3] Routing FlowFile[2880,99015018236157.mockFlowFile,24B] to original
[main] DEBUG org.apache.nifi.processors.standard.RouteText - RouteText[id=a680ad74-d0b5-404d-9505-4b7cb994baf3] Adding new dynamic property: PropertyDescriptor[simple]
[pool-3763-thread-1] INFO org.apache.nifi.processors.standard.RouteText - RouteText[id=a680ad74-d0b5-404d-9505-4b7cb994baf3] Created FlowFile[2883,99015018661038.mockFlowFile,24B] from FlowFile[2882,99015018661038.mockFlowFile,24B]; routing to relationship simple
[pool-3763-thread-1] INFO org.apache.nifi.processors.standard.RouteText - RouteText[id=a680ad74-d0b5-404d-9505-4b7cb994baf3] Routing FlowFile[2882,99015018661038.mockFlowFile,24B] to original
[main] DEBUG org.apache.nifi.processors.standard.RouteText - RouteText[id=a680ad74-d0b5-404d-9505-4b7cb994baf3] Adding new dynamic property: PropertyDescriptor[simple]
[pool-3764-thread-1] INFO org.apache.nifi.processors.standard.RouteText - RouteText[id=a680ad74-d0b5-404d-9505-4b7cb994baf3] Created FlowFile[2885,99015019057531.mockFlowFile,24B] from FlowFile[2884,99015019057531.mockFlowFile,24B]; routing to relationship simple
[pool-3764-thread-1] INFO org.apache.nifi.processors.standard.RouteText - RouteText[id=a680ad74-d0b5-404d-9505-4b7cb994baf3] Routing FlowFile[2884,99015019057531.mockFlowFile,24B] to original
[main] DEBUG org.apache.nifi.processors.standard.RouteText - RouteText[id=a680ad74-d0b5-404d-9505-4b7cb994baf3] Adding new dynamic property: PropertyDescriptor[simple]
[pool-3765-thread-1] INFO org.apache.nifi.processors.standard.RouteText - RouteText[id=a680ad74-d0b5-404d-9505-4b7cb994baf3] Created FlowFile[2887,99015019484133.mockFlowFile,24B] from FlowFile[2886,99015019484133.mockFlowFile,24B]; routing to relationship simple
[pool-3765-thread-1] INFO org.apache.nifi.processors.standard.RouteText - RouteText[id=a680ad74-d0b5-404d-9505-4b7cb994baf3] Routing FlowFile[2886,99015019484133.mockFlowFile,24B] to original
[main] DEBUG org.apache.nifi.processors.standard.RouteText - RouteText[id=a680ad74-d0b5-404d-9505-4b7cb994baf3] Adding new dynamic property: PropertyDescriptor[simple]
[pool-3766-thread-1] INFO org.apache.nifi.processors.standard.RouteText - RouteText[id=a680ad74-d0b5-404d-9505-4b7cb994baf3] Created FlowFile[2889,99015019852204.mockFlowFile,24B] from FlowFile[2888,99015019852204.mockFlowFile,24B]; routing to relationship simple
[pool-3766-thread-1] INFO org.apache.nifi.processors.standard.RouteText - RouteText[id=a680ad74-d0b5-404d-9505-4b7cb994baf3] Routing FlowFile[2888,99015019852204.mockFlowFile,24B] to original
[main] DEBUG org.apache.nifi.processors.standard.RouteText - RouteText[id=a680ad74-d0b5-404d-9505-4b7cb994baf3] Adding new dynamic property: PropertyDescriptor[simple]
[pool-3767-thread-1] INFO org.apache.nifi.processors.standard.RouteText - RouteText[id=a680ad74-d0b5-404d-9505-4b7cb994baf3] Created FlowFile[2891,99015020278313.mockFlowFile,24B] from FlowFile[2890,99015020278313.mockFlowFile,24B]; routing to relationship simple
[pool-3767-thread-1] INFO org.apache.nifi.processors.standard.RouteText - RouteText[id=a680ad74-d0b5-404d-9505-4b7cb994baf3] Routing FlowFile[2890,99015020278313.mockFlowFile,24B] to original
[main] DEBUG org.apache.nifi.processors.standard.RouteText - RouteText[id=a680ad74-d0b5-404d-9505-4b7cb994baf3] Adding new dynamic property: PropertyDescriptor[simple]
[pool-3768-thread-1] INFO org.apache.nifi.processors.standard.RouteText - RouteText[id=a680ad74-d0b5-404d-9505-4b7cb994baf3] Created FlowFile[2893,99015020748990.mockFlowFile,24B] from FlowFile[2892,99015020748990.mockFlowFile,24B]; routing to relationship simple
[pool-3768-thread-1] INFO org.apache.nifi.processors.standard.RouteText - RouteText[id=a680ad74-d0b5-404d-9505-4b7cb994baf3] Routing FlowFile[2892,99015020748990.mockFlowFile,24B] to original
[main] DEBUG org.apache.nifi.processors.standard.RouteText - RouteText[id=a680ad74-d0b5-404d-9505-4b7cb994baf3] Adding new dynamic property: PropertyDescriptor[simple]
[pool-3769-thread-1] INFO org.apache.nifi.processors.standard.RouteText - RouteText[id=a680ad74-d0b5-404d-9505-4b7cb994baf3] Created FlowFile[2895,99015021217194.mockFlowFile,24B] from FlowFile[2894,99015021217194.mockFlowFile,24B]; routing to relationship simple
[pool-3769-thread-1] INFO org.apache.nifi.processors.standard.RouteText - RouteText[id=a680ad74-d0b5-404d-9505-4b7cb994baf3] Routing FlowFile[2894,99015021217194.mockFlowFile,24B] to original
[main] DEBUG org.apache.nifi.processors.standard.RouteText - RouteText[id=a680ad74-d0b5-404d-9505-4b7cb994baf3] Adding new dynamic property: PropertyDescriptor[simple]
[pool-3770-thread-1] INFO org.apache.nifi.processors.standard.RouteText - RouteText[id=a680ad74-d0b5-404d-9505-4b7cb994baf3] Created FlowFile[2897,99015021663459.mockFlowFile,24B] from FlowFile[2896,99015021663459.mockFlowFile,24B]; routing to relationship simple
[pool-3770-thread-1] INFO org.apache.nifi.processors.standard.RouteText - RouteText[id=a680ad74-d0b5-404d-9505-4b7cb994baf3] Routing FlowFile[2896,99015021663459.mockFlowFile,24B] to original
[main] DEBUG org.apache.nifi.processors.standard.RouteText - RouteText[id=a680ad74-d0b5-404d-9505-4b7cb994baf3] Adding new dynamic property: PropertyDescriptor[simple]
[pool-3771-thread-1] INFO org.apache.nifi.processors.standard.RouteText - RouteText[id=a680ad74-d0b5-404d-9505-4b7cb994baf3] Created FlowFile[2899,99015022080631.mockFlowFile,24B] from FlowFile[2898,99015022080631.mockFlowFile,24B]; routing to relationship simple
[pool-3771-thread-1] INFO org.apache.nifi.processors.standard.RouteText - RouteText[id=a680ad74-d0b5-404d-9505-4b7cb994baf3] Routing FlowFile[2898,99015022080631.mockFlowFile,24B] to original
[main] DEBUG org.apache.nifi.processors.standard.RouteText - RouteText[id=a680ad74-d0b5-404d-9505-4b7cb994baf3] Adding new dynamic property: PropertyDescriptor[simple]
[pool-3772-thread-1] INFO org.apache.nifi.processors.standard.RouteText - RouteText[id=a680ad74-d0b5-404d-9505-4b7cb994baf3] Created FlowFile[2901,99015022398650.mockFlowFile,24B] from FlowFile[2900,99015022398650.mockFlowFile,24B]; routing to relationship simple
[pool-3772-thread-1] INFO org.apache.nifi.processors.standard.RouteText - RouteText[id=a680ad74-d0b5-404d-9505-4b7cb994baf3] Routing FlowFile[2900,99015022398650.mockFlowFile,24B] to original
[main] DEBUG org.apache.nifi.processors.standard.RouteText - RouteText[id=a680ad74-d0b5-404d-9505-4b7cb994baf3] Adding new dynamic property: PropertyDescriptor[simple]
[pool-3773-thread-1] INFO org.apache.nifi.processors.standard.RouteText - RouteText[id=a680ad74-d0b5-404d-9505-4b7cb994baf3] Created FlowFile[2903,99015022705064.mockFlowFile,24B] from FlowFile[2902,99015022705064.mockFlowFile,24B]; routing to relationship simple
[pool-3773-thread-1] INFO org.apache.nifi.processors.standard.RouteText - RouteText[id=a680ad74-d0b5-404d-9505-4b7cb994baf3] Routing FlowFile[2902,99015022705064.mockFlowFile,24B] to original
[main] DEBUG org.apache.nifi.processors.standard.RouteText - RouteText[id=a680ad74-d0b5-404d-9505-4b7cb994baf3] Adding new dynamic property: PropertyDescriptor[simple]
[pool-3774-thread-1] INFO org.apache.nifi.processors.standard.RouteText - RouteText[id=a680ad74-d0b5-404d-9505-4b7cb994baf3] Created FlowFile[2905,99015023009423.mockFlowFile,24B] from FlowFile[2904,99015023009423.mockFlowFile,24B]; routing to relationship simple
[pool-3774-thread-1] INFO org.apache.nifi.processors.standard.RouteText - RouteText[id=a680ad74-d0b5-404d-9505-4b7cb994baf3] Routing FlowFile[2904,99015023009423.mockFlowFile,24B] to original
[main] DEBUG org.apache.nifi.processors.standard.RouteText - RouteText[id=a680ad74-d0b5-404d-9505-4b7cb994baf3] Adding new dynamic property: PropertyDescriptor[simple]
[pool-3775-thread-1] INFO org.apache.nifi.processors.standard.RouteText - RouteText[id=a680ad74-d0b5-404d-9505-4b7cb994baf3] Created FlowFile[2907,99015023441034.mockFlowFile,24B] from FlowFile[2906,99015023441034.mockFlowFile,24B]; routing to relationship simple
[pool-3775-thread-1] INFO org.apache.nifi.processors.standard.RouteText - RouteText[id=a680ad74-d0b5-404d-9505-4b7cb994baf3] Routing FlowFile[2906,99015023441034.mockFlowFile,24B] to original
[main] DEBUG org.apache.nifi.processors.standard.RouteText - RouteText[id=a680ad74-d0b5-404d-9505-4b7cb994baf3] Adding new dynamic property: PropertyDescriptor[simple]
[pool-3776-thread-1] INFO org.apache.nifi.processors.standard.RouteText - RouteText[id=a680ad74-d0b5-404d-9505-4b7cb994baf3] Created FlowFile[2909,99015023806114.mockFlowFile,24B] from FlowFile[2908,99015023806114.mockFlowFile,24B]; routing to relationship simple
[pool-3776-thread-1] INFO org.apache.nifi.processors.standard.RouteText - RouteText[id=a680ad74-d0b5-404d-9505-4b7cb994baf3] Routing FlowFile[2908,99015023806114.mockFlowFile,24B] to original
[main] DEBUG org.apache.nifi.processors.standard.RouteText - RouteText[id=a680ad74-d0b5-404d-9505-4b7cb994baf3] Adding new dynamic property: PropertyDescriptor[simple]
[pool-3777-thread-1] INFO org.apache.nifi.processors.standard.RouteText - RouteText[id=a680ad74-d0b5-404d-9505-4b7cb994baf3] Created FlowFile[2911,99015024140735.mockFlowFile,24B] from FlowFile[2910,99015024140735.mockFlowFile,24B]; routing to relationship simple
[pool-3777-thread-1] INFO org.apache.nifi.processors.standard.RouteText - RouteText[id=a680ad74-d0b5-404d-9505-4b7cb994baf3] Routing FlowFile[2910,99015024140735.mockFlowFile,24B] to original
[main] DEBUG org.apache.nifi.processors.standard.RouteText - RouteText[id=a680ad74-d0b5-404d-9505-4b7cb994baf3] Adding new dynamic property: PropertyDescriptor[simple]
[pool-3778-thread-1] INFO org.apache.nifi.processors.standard.RouteText - RouteText[id=a680ad74-d0b5-404d-9505-4b7cb994baf3] Created FlowFile[2913,99015024586946.mockFlowFile,24B] from FlowFile[2912,99015024586946.mockFlowFile,24B]; routing to relationship simple
[pool-3778-thread-1] INFO org.apache.nifi.processors.standard.RouteText - RouteText[id=a680ad74-d0b5-404d-9505-4b7cb994baf3] Routing FlowFile[2912,99015024586946.mockFlowFile,24B] to original
[main] DEBUG org.apache.nifi.processors.standard.RouteText - RouteText[id=a680ad74-d0b5-404d-9505-4b7cb994baf3] Adding new dynamic property: PropertyDescriptor[simple]
[pool-3779-thread-1] INFO org.apache.nifi.processors.standard.RouteText - RouteText[id=a680ad74-d0b5-404d-9505-4b7cb994baf3] Created FlowFile[2915,99015025019967.mockFlowFile,24B] from FlowFile[2914,99015025019967.mockFlowFile,24B]; routing to relationship simple
[pool-3779-thread-1] INFO org.apache.nifi.processors.standard.RouteText - RouteText[id=a680ad74-d0b5-404d-9505-4b7cb994baf3] Routing FlowFile[2914,99015025019967.mockFlowFile,24B] to original
[main] DEBUG org.apache.nifi.processors.standard.RouteText - RouteText[id=a680ad74-d0b5-404d-9505-4b7cb994baf3] Adding new dynamic property: PropertyDescriptor[simple]
[pool-3780-thread-1] INFO org.apache.nifi.processors.standard.RouteText - RouteText[id=a680ad74-d0b5-404d-9505-4b7cb994baf3] Created FlowFile[2917,99015025391821.mockFlowFile,24B] from FlowFile[2916,99015025391821.mockFlowFile,24B]; routing to relationship simple
[pool-3780-thread-1] INFO org.apache.nifi.processors.standard.RouteText - RouteText[id=a680ad74-d0b5-404d-9505-4b7cb994baf3] Routing FlowFile[2916,99015025391821.mockFlowFile,24B] to original
[main] DEBUG org.apache.nifi.processors.standard.RouteText - RouteText[id=a680ad74-d0b5-404d-9505-4b7cb994baf3] Adding new dynamic property: PropertyDescriptor[simple]
[pool-3781-thread-1] INFO org.apache.nifi.processors.standard.RouteText - RouteText[id=a680ad74-d0b5-404d-9505-4b7cb994baf3] Created FlowFile[2919,99015025735626.mockFlowFile,24B] from FlowFile[2918,99015025735626.mockFlowFile,24B]; routing to relationship simple
[pool-3781-thread-1] INFO org.apache.nifi.processors.standard.RouteText - RouteText[id=a680ad74-d0b5-404d-9505-4b7cb994baf3] Routing FlowFile[2918,99015025735626.mockFlowFile,24B] to original
[main] DEBUG org.apache.nifi.processors.standard.RouteText - RouteText[id=a680ad74-d0b5-404d-9505-4b7cb994baf3] Adding new dynamic property: PropertyDescriptor[simple]
[pool-3782-thread-1] INFO org.apache.nifi.processors.standard.RouteText - RouteText[id=a680ad74-d0b5-404d-9505-4b7cb994baf3] Created FlowFile[2921,99015026072852.mockFlowFile,24B] from FlowFile[2920,99015026072852.mockFlowFile,24B]; routing to relationship simple
[pool-3782-thread-1] INFO org.apache.nifi.processors.standard.RouteText - RouteText[id=a680ad74-d0b5-404d-9505-4b7cb994baf3] Routing FlowFile[2920,99015026072852.mockFlowFile,24B] to original
[main] DEBUG org.apache.nifi.processors.standard.RouteText - RouteText[id=a680ad74-d0b5-404d-9505-4b7cb994baf3] Adding new dynamic property: PropertyDescriptor[simple]
[pool-3783-thread-1] INFO org.apache.nifi.processors.standard.RouteText - RouteText[id=a680ad74-d0b5-404d-9505-4b7cb994baf3] Created FlowFile[2923,99015026418362.mockFlowFile,24B] from FlowFile[2922,99015026418362.mockFlowFile,24B]; routing to relationship simple
[pool-3783-thread-1] INFO org.apache.nifi.processors.standard.RouteText - RouteText[id=a680ad74-d0b5-404d-9505-4b7cb994baf3] Routing FlowFile[2922,99015026418362.mockFlowFile,24B] to original
[main] DEBUG org.apache.nifi.processors.standard.RouteText - RouteText[id=a680ad74-d0b5-404d-9505-4b7cb994baf3] Adding new dynamic property: PropertyDescriptor[simple]
[pool-3784-thread-1] INFO org.apache.nifi.processors.standard.RouteText - RouteText[id=a680ad74-d0b5-404d-9505-4b7cb994baf3] Created FlowFile[2925,99015026745119.mockFlowFile,24B] from FlowFile[2924,99015026745119.mockFlowFile,24B]; routing to relationship simple
[pool-3784-thread-1] INFO org.apache.nifi.processors.standard.RouteText - RouteText[id=a680ad74-d0b5-404d-9505-4b7cb994baf3] Routing FlowFile[2924,99015026745119.mockFlowFile,24B] to original
[main] DEBUG org.apache.nifi.processors.standard.RouteText - RouteText[id=a680ad74-d0b5-404d-9505-4b7cb994baf3] Adding new dynamic property: PropertyDescriptor[simple]
[pool-3785-thread-1] INFO org.apache.nifi.processors.standard.RouteText - RouteText[id=a680ad74-d0b5-404d-9505-4b7cb994baf3] Created FlowFile[2927,99015027071731.mockFlowFile,24B] from FlowFile[2926,99015027071731.mockFlowFile,24B]; routing to relationship simple
[pool-3785-thread-1] INFO org.apache.nifi.processors.standard.RouteText - RouteText[id=a680ad74-d0b5-404d-9505-4b7cb994baf3] Routing FlowFile[2926,99015027071731.mockFlowFile,24B] to original
[main] DEBUG org.apache.nifi.processors.standard.RouteText - RouteText[id=a680ad74-d0b5-404d-9505-4b7cb994baf3] Adding new dynamic property: PropertyDescriptor[simple]
[pool-3786-thread-1] INFO org.apache.nifi.processors.standard.RouteText - RouteText[id=a680ad74-d0b5-404d-9505-4b7cb994baf3] Created FlowFile[2929,99015027517974.mockFlowFile,24B] from FlowFile[2928,99015027517974.mockFlowFile,24B]; routing to relationship simple
[pool-3786-thread-1] INFO org.apache.nifi.processors.standard.RouteText - RouteText[id=a680ad74-d0b5-404d-9505-4b7cb994baf3] Routing FlowFile[2928,99015027517974.mockFlowFile,24B] to original
[main] DEBUG org.apache.nifi.processors.standard.RouteText - RouteText[id=a680ad74-d0b5-404d-9505-4b7cb994baf3] Adding new dynamic property: PropertyDescriptor[simple]
[pool-3787-thread-1] INFO org.apache.nifi.processors.standard.RouteText - RouteText[id=a680ad74-d0b5-404d-9505-4b7cb994baf3] Created FlowFile[2931,99015027883785.mockFlowFile,24B] from FlowFile[2930,99015027883785.mockFlowFile,24B]; routing to relationship simple
[pool-3787-thread-1] INFO org.apache.nifi.processors.standard.RouteText - RouteText[id=a680ad74-d0b5-404d-9505-4b7cb994baf3] Routing FlowFile[2930,99015027883785.mockFlowFile,24B] to original
[main] DEBUG org.apache.nifi.processors.standard.RouteText - RouteText[id=a680ad74-d0b5-404d-9505-4b7cb994baf3] Adding new dynamic property: PropertyDescriptor[simple]
[pool-3788-thread-1] INFO org.apache.nifi.processors.standard.RouteText - RouteText[id=a680ad74-d0b5-404d-9505-4b7cb994baf3] Created FlowFile[2933,99015028298941.mockFlowFile,24B] from FlowFile[2932,99015028298941.mockFlowFile,24B]; routing to relationship simple
[pool-3788-thread-1] INFO org.apache.nifi.processors.standard.RouteText - RouteText[id=a680ad74-d0b5-404d-9505-4b7cb994baf3] Routing FlowFile[2932,99015028298941.mockFlowFile,24B] to original
[main] DEBUG org.apache.nifi.processors.standard.RouteText - RouteText[id=a680ad74-d0b5-404d-9505-4b7cb994baf3] Adding new dynamic property: PropertyDescriptor[simple]
[pool-3789-thread-1] INFO org.apache.nifi.processors.standard.RouteText - RouteText[id=a680ad74-d0b5-404d-9505-4b7cb994baf3] Created FlowFile[2935,99015028700160.mockFlowFile,24B] from FlowFile[2934,99015028700160.mockFlowFile,24B]; routing to relationship simple
[pool-3789-thread-1] INFO org.apache.nifi.processors.standard.RouteText - RouteText[id=a680ad74-d0b5-404d-9505-4b7cb994baf3] Routing FlowFile[2934,99015028700160.mockFlowFile,24B] to original
[main] DEBUG org.apache.nifi.processors.standard.RouteText - RouteText[id=a680ad74-d0b5-404d-9505-4b7cb994baf3] Adding new dynamic property: PropertyDescriptor[simple]
[pool-3790-thread-1] INFO org.apache.nifi.processors.standard.RouteText - RouteText[id=a680ad74-d0b5-404d-9505-4b7cb994baf3] Created FlowFile[2937,99015029123002.mockFlowFile,24B] from FlowFile[2936,99015029123002.mockFlowFile,24B]; routing to relationship simple
[pool-3790-thread-1] INFO org.apache.nifi.processors.standard.RouteText - RouteText[id=a680ad74-d0b5-404d-9505-4b7cb994baf3] Routing FlowFile[2936,99015029123002.mockFlowFile,24B] to original
[main] DEBUG org.apache.nifi.processors.standard.RouteText - RouteText[id=a680ad74-d0b5-404d-9505-4b7cb994baf3] Adding new dynamic property: PropertyDescriptor[simple]
[pool-3791-thread-1] INFO org.apache.nifi.processors.standard.RouteText - RouteText[id=a680ad74-d0b5-404d-9505-4b7cb994baf3] Created FlowFile[2939,99015029548091.mockFlowFile,24B] from FlowFile[2938,99015029548091.mockFlowFile,24B]; routing to relationship simple
[pool-3791-thread-1] INFO org.apache.nifi.processors.standard.RouteText - RouteText[id=a680ad74-d0b5-404d-9505-4b7cb994baf3] Routing FlowFile[2938,99015029548091.mockFlowFile,24B] to original
[main] DEBUG org.apache.nifi.processors.standard.RouteText - RouteText[id=a680ad74-d0b5-404d-9505-4b7cb994baf3] Adding new dynamic property: PropertyDescriptor[simple]
[pool-3792-thread-1] INFO org.apache.nifi.processors.standard.RouteText - RouteText[id=a680ad74-d0b5-404d-9505-4b7cb994baf3] Created FlowFile[2941,99015029933948.mockFlowFile,24B] from FlowFile[2940,99015029933948.mockFlowFile,24B]; routing to relationship simple
[pool-3792-thread-1] INFO org.apache.nifi.processors.standard.RouteText - RouteText[id=a680ad74-d0b5-404d-9505-4b7cb994baf3] Routing FlowFile[2940,99015029933948.mockFlowFile,24B] to original
[main] DEBUG org.apache.nifi.processors.standard.RouteText - RouteText[id=a680ad74-d0b5-404d-9505-4b7cb994baf3] Adding new dynamic property: PropertyDescriptor[simple]
[pool-3793-thread-1] INFO org.apache.nifi.processors.standard.RouteText - RouteText[id=a680ad74-d0b5-404d-9505-4b7cb994baf3] Created FlowFile[2943,99015030323588.mockFlowFile,24B] from FlowFile[2942,99015030323588.mockFlowFile,24B]; routing to relationship simple
[pool-3793-thread-1] INFO org.apache.nifi.processors.standard.RouteText - RouteText[id=a680ad74-d0b5-404d-9505-4b7cb994baf3] Routing FlowFile[2942,99015030323588.mockFlowFile,24B] to original
[main] DEBUG org.apache.nifi.processors.standard.RouteText - RouteText[id=a680ad74-d0b5-404d-9505-4b7cb994baf3] Adding new dynamic property: PropertyDescriptor[simple]
[pool-3794-thread-1] INFO org.apache.nifi.processors.standard.RouteText - RouteText[id=a680ad74-d0b5-404d-9505-4b7cb994baf3] Created FlowFile[2945,99015030725613.mockFlowFile,24B] from FlowFile[2944,99015030725613.mockFlowFile,24B]; routing to relationship simple
[pool-3794-thread-1] INFO org.apache.nifi.processors.standard.RouteText - RouteText[id=a680ad74-d0b5-404d-9505-4b7cb994baf3] Routing FlowFile[2944,99015030725613.mockFlowFile,24B] to original
[main] DEBUG org.apache.nifi.processors.standard.RouteText - RouteText[id=a680ad74-d0b5-404d-9505-4b7cb994baf3] Adding new dynamic property: PropertyDescriptor[simple]
[pool-3795-thread-1] INFO org.apache.nifi.processors.standard.RouteText - RouteText[id=a680ad74-d0b5-404d-9505-4b7cb994baf3] Created FlowFile[2947,99015031123431.mockFlowFile,24B] from FlowFile[2946,99015031123431.mockFlowFile,24B]; routing to relationship simple
[pool-3795-thread-1] INFO org.apache.nifi.processors.standard.RouteText - RouteText[id=a680ad74-d0b5-404d-9505-4b7cb994baf3] Routing FlowFile[2946,99015031123431.mockFlowFile,24B] to original
[main] DEBUG org.apache.nifi.processors.standard.RouteText - RouteText[id=a680ad74-d0b5-404d-9505-4b7cb994baf3] Adding new dynamic property: PropertyDescriptor[simple]
[pool-3796-thread-1] INFO org.apache.nifi.processors.standard.RouteText - RouteText[id=a680ad74-d0b5-404d-9505-4b7cb994baf3] Created FlowFile[2949,99015031472288.mockFlowFile,24B] from FlowFile[2948,99015031472288.mockFlowFile,24B]; routing to relationship simple
[pool-3796-thread-1] INFO org.apache.nifi.processors.standard.RouteText - RouteText[id=a680ad74-d0b5-404d-9505-4b7cb994baf3] Routing FlowFile[2948,99015031472288.mockFlowFile,24B] to original
[main] DEBUG org.apache.nifi.processors.standard.RouteText - RouteText[id=a680ad74-d0b5-404d-9505-4b7cb994baf3] Adding new dynamic property: PropertyDescriptor[simple]
[pool-3797-thread-1] INFO org.apache.nifi.processors.standard.RouteText - RouteText[id=a680ad74-d0b5-404d-9505-4b7cb994baf3] Created FlowFile[2951,99015031863464.mockFlowFile,24B] from FlowFile[2950,99015031863464.mockFlowFile,24B]; routing to relationship simple
[pool-3797-thread-1] INFO org.apache.nifi.processors.standard.RouteText - RouteText[id=a680ad74-d0b5-404d-9505-4b7cb994baf3] Routing FlowFile[2950,99015031863464.mockFlowFile,24B] to original
[main] DEBUG org.apache.nifi.processors.standard.RouteText - RouteText[id=a680ad74-d0b5-404d-9505-4b7cb994baf3] Adding new dynamic property: PropertyDescriptor[simple]
[pool-3798-thread-1] INFO org.apache.nifi.processors.standard.RouteText - RouteText[id=a680ad74-d0b5-404d-9505-4b7cb994baf3] Created FlowFile[2953,99015032265572.mockFlowFile,24B] from FlowFile[2952,99015032265572.mockFlowFile,24B]; routing to relationship simple
[pool-3798-thread-1] INFO org.apache.nifi.processors.standard.RouteText - RouteText[id=a680ad74-d0b5-404d-9505-4b7cb994baf3] Routing FlowFile[2952,99015032265572.mockFlowFile,24B] to original
[main] DEBUG org.apache.nifi.processors.standard.RouteText - RouteText[id=a680ad74-d0b5-404d-9505-4b7cb994baf3] Adding new dynamic property: PropertyDescriptor[simple]
[pool-3799-thread-1] INFO org.apache.nifi.processors.standard.RouteText - RouteText[id=a680ad74-d0b5-404d-9505-4b7cb994baf3] Created FlowFile[2955,99015032643404.mockFlowFile,24B] from FlowFile[2954,99015032643404.mockFlowFile,24B]; routing to relationship simple
[pool-3799-thread-1] INFO org.apache.nifi.processors.standard.RouteText - RouteText[id=a680ad74-d0b5-404d-9505-4b7cb994baf3] Routing FlowFile[2954,99015032643404.mockFlowFile,24B] to original
[main] DEBUG org.apache.nifi.processors.standard.RouteText - RouteText[id=a680ad74-d0b5-404d-9505-4b7cb994baf3] Adding new dynamic property: PropertyDescriptor[simple]
[pool-3800-thread-1] INFO org.apache.nifi.processors.standard.RouteText - RouteText[id=a680ad74-d0b5-404d-9505-4b7cb994baf3] Created FlowFile[2957,99015033063000.mockFlowFile,24B] from FlowFile[2956,99015033063000.mockFlowFile,24B]; routing to relationship simple
[pool-3800-thread-1] INFO org.apache.nifi.processors.standard.RouteText - RouteText[id=a680ad74-d0b5-404d-9505-4b7cb994baf3] Routing FlowFile[2956,99015033063000.mockFlowFile,24B] to original
[main] DEBUG org.apache.nifi.processors.standard.RouteText - RouteText[id=a680ad74-d0b5-404d-9505-4b7cb994baf3] Adding new dynamic property: PropertyDescriptor[simple]
[pool-3801-thread-1] INFO org.apache.nifi.processors.standard.RouteText - RouteText[id=a680ad74-d0b5-404d-9505-4b7cb994baf3] Created FlowFile[2959,99015033457643.mockFlowFile,24B] from FlowFile[2958,99015033457643.mockFlowFile,24B]; routing to relationship simple
[pool-3801-thread-1] INFO org.apache.nifi.processors.standard.RouteText - RouteText[id=a680ad74-d0b5-404d-9505-4b7cb994baf3] Routing FlowFile[2958,99015033457643.mockFlowFile,24B] to original
[main] DEBUG org.apache.nifi.processors.standard.RouteText - RouteText[id=a680ad74-d0b5-404d-9505-4b7cb994baf3] Adding new dynamic property: PropertyDescriptor[simple]
[pool-3802-thread-1] INFO org.apache.nifi.processors.standard.RouteText - RouteText[id=a680ad74-d0b5-404d-9505-4b7cb994baf3] Created FlowFile[2961,99015033859079.mockFlowFile,24B] from FlowFile[2960,99015033859079.mockFlowFile,24B]; routing to relationship simple
[pool-3802-thread-1] INFO org.apache.nifi.processors.standard.RouteText - RouteText[id=a680ad74-d0b5-404d-9505-4b7cb994baf3] Routing FlowFile[2960,99015033859079.mockFlowFile,24B] to original
[main] DEBUG org.apache.nifi.processors.standard.RouteText - RouteText[id=a680ad74-d0b5-404d-9505-4b7cb994baf3] Adding new dynamic property: PropertyDescriptor[simple]
[pool-3803-thread-1] INFO org.apache.nifi.processors.standard.RouteText - RouteText[id=a680ad74-d0b5-404d-9505-4b7cb994baf3] Created FlowFile[2963,99015034252741.mockFlowFile,24B] from FlowFile[2962,99015034252741.mockFlowFile,24B]; routing to relationship simple
[pool-3803-thread-1] INFO org.apache.nifi.processors.standard.RouteText - RouteText[id=a680ad74-d0b5-404d-9505-4b7cb994baf3] Routing FlowFile[2962,99015034252741.mockFlowFile,24B] to original
[main] DEBUG org.apache.nifi.processors.standard.RouteText - RouteText[id=a680ad74-d0b5-404d-9505-4b7cb994baf3] Adding new dynamic property: PropertyDescriptor[simple]
[pool-3804-thread-1] INFO org.apache.nifi.processors.standard.RouteText - RouteText[id=a680ad74-d0b5-404d-9505-4b7cb994baf3] Created FlowFile[2965,99015034638539.mockFlowFile,24B] from FlowFile[2964,99015034638539.mockFlowFile,24B]; routing to relationship simple
[pool-3804-thread-1] INFO org.apache.nifi.processors.standard.RouteText - RouteText[id=a680ad74-d0b5-404d-9505-4b7cb994baf3] Routing FlowFile[2964,99015034638539.mockFlowFile,24B] to original
[main] DEBUG org.apache.nifi.processors.standard.RouteText - RouteText[id=a680ad74-d0b5-404d-9505-4b7cb994baf3] Adding new dynamic property: PropertyDescriptor[simple]
[pool-3805-thread-1] INFO org.apache.nifi.processors.standard.RouteText - RouteText[id=a680ad74-d0b5-404d-9505-4b7cb994baf3] Created FlowFile[2967,99015035007945.mockFlowFile,24B] from FlowFile[2966,99015035007945.mockFlowFile,24B]; routing to relationship simple
[pool-3805-thread-1] INFO org.apache.nifi.processors.standard.RouteText - RouteText[id=a680ad74-d0b5-404d-9505-4b7cb994baf3] Routing FlowFile[2966,99015035007945.mockFlowFile,24B] to original
[main] DEBUG org.apache.nifi.processors.standard.RouteText - RouteText[id=a680ad74-d0b5-404d-9505-4b7cb994baf3] Adding new dynamic property: PropertyDescriptor[simple]
[pool-3806-thread-1] INFO org.apache.nifi.processors.standard.RouteText - RouteText[id=a680ad74-d0b5-404d-9505-4b7cb994baf3] Created FlowFile[2969,99015035392669.mockFlowFile,24B] from FlowFile[2968,99015035392669.mockFlowFile,24B]; routing to relationship simple
[pool-3806-thread-1] INFO org.apache.nifi.processors.standard.RouteText - RouteText[id=a680ad74-d0b5-404d-9505-4b7cb994baf3] Routing FlowFile[2968,99015035392669.mockFlowFile,24B] to original
[main] DEBUG org.apache.nifi.processors.standard.RouteText - RouteText[id=a680ad74-d0b5-404d-9505-4b7cb994baf3] Adding new dynamic property: PropertyDescriptor[simple]
[pool-3807-thread-1] INFO org.apache.nifi.processors.standard.RouteText - RouteText[id=a680ad74-d0b5-404d-9505-4b7cb994baf3] Created FlowFile[2971,99015035905548.mockFlowFile,24B] from FlowFile[2970,99015035905548.mockFlowFile,24B]; routing to relationship simple
[pool-3807-thread-1] INFO org.apache.nifi.processors.standard.RouteText - RouteText[id=a680ad74-d0b5-404d-9505-4b7cb994baf3] Routing FlowFile[2970,99015035905548.mockFlowFile,24B] to original
[main] DEBUG org.apache.nifi.processors.standard.RouteText - RouteText[id=a680ad74-d0b5-404d-9505-4b7cb994baf3] Adding new dynamic property: PropertyDescriptor[simple]
[pool-3808-thread-1] INFO org.apache.nifi.processors.standard.RouteText - RouteText[id=a680ad74-d0b5-404d-9505-4b7cb994baf3] Created FlowFile[2973,99015036343750.mockFlowFile,24B] from FlowFile[2972,99015036343750.mockFlowFile,24B]; routing to relationship simple
[pool-3808-thread-1] INFO org.apache.nifi.processors.standard.RouteText - RouteText[id=a680ad74-d0b5-404d-9505-4b7cb994baf3] Routing FlowFile[2972,99015036343750.mockFlowFile,24B] to original
[main] DEBUG org.apache.nifi.processors.standard.RouteText - RouteText[id=a680ad74-d0b5-404d-9505-4b7cb994baf3] Adding new dynamic property: PropertyDescriptor[simple]
[pool-3809-thread-1] INFO org.apache.nifi.processors.standard.RouteText - RouteText[id=a680ad74-d0b5-404d-9505-4b7cb994baf3] Created FlowFile[2975,99015036760407.mockFlowFile,24B] from FlowFile[2974,99015036760407.mockFlowFile,24B]; routing to relationship simple
[pool-3809-thread-1] INFO org.apache.nifi.processors.standard.RouteText - RouteText[id=a680ad74-d0b5-404d-9505-4b7cb994baf3] Routing FlowFile[2974,99015036760407.mockFlowFile,24B] to original
[main] DEBUG org.apache.nifi.processors.standard.RouteText - RouteText[id=a680ad74-d0b5-404d-9505-4b7cb994baf3] Adding new dynamic property: PropertyDescriptor[simple]
[pool-3810-thread-1] INFO org.apache.nifi.processors.standard.RouteText - RouteText[id=a680ad74-d0b5-404d-9505-4b7cb994baf3] Created FlowFile[2977,99015037178013.mockFlowFile,24B] from FlowFile[2976,99015037178013.mockFlowFile,24B]; routing to relationship simple
[pool-3810-thread-1] INFO org.apache.nifi.processors.standard.RouteText - RouteText[id=a680ad74-d0b5-404d-9505-4b7cb994baf3] Routing FlowFile[2976,99015037178013.mockFlowFile,24B] to original
[main] DEBUG org.apache.nifi.processors.standard.RouteText - RouteText[id=a680ad74-d0b5-404d-9505-4b7cb994baf3] Adding new dynamic property: PropertyDescriptor[simple]
[pool-3811-thread-1] INFO org.apache.nifi.processors.standard.RouteText - RouteText[id=a680ad74-d0b5-404d-9505-4b7cb994baf3] Created FlowFile[2979,99015037588861.mockFlowFile,24B] from FlowFile[2978,99015037588861.mockFlowFile,24B]; routing to relationship simple
[pool-3811-thread-1] INFO org.apache.nifi.processors.standard.RouteText - RouteText[id=a680ad74-d0b5-404d-9505-4b7cb994baf3] Routing FlowFile[2978,99015037588861.mockFlowFile,24B] to original
[main] DEBUG org.apache.nifi.processors.standard.RouteText - RouteText[id=a680ad74-d0b5-404d-9505-4b7cb994baf3] Adding new dynamic property: PropertyDescriptor[simple]
[pool-3812-thread-1] INFO org.apache.nifi.processors.standard.RouteText - RouteText[id=a680ad74-d0b5-404d-9505-4b7cb994baf3] Created FlowFile[2981,99015037975314.mockFlowFile,24B] from FlowFile[2980,99015037975314.mockFlowFile,24B]; routing to relationship simple
[pool-3812-thread-1] INFO org.apache.nifi.processors.standard.RouteText - RouteText[id=a680ad74-d0b5-404d-9505-4b7cb994baf3] Routing FlowFile[2980,99015037975314.mockFlowFile,24B] to original
[main] DEBUG org.apache.nifi.processors.standard.RouteText - RouteText[id=a680ad74-d0b5-404d-9505-4b7cb994baf3] Adding new dynamic property: PropertyDescriptor[simple]
[pool-3813-thread-1] INFO org.apache.nifi.processors.standard.RouteText - RouteText[id=a680ad74-d0b5-404d-9505-4b7cb994baf3] Created FlowFile[2983,99015038400342.mockFlowFile,24B] from FlowFile[2982,99015038400342.mockFlowFile,24B]; routing to relationship simple
[pool-3813-thread-1] INFO org.apache.nifi.processors.standard.RouteText - RouteText[id=a680ad74-d0b5-404d-9505-4b7cb994baf3] Routing FlowFile[2982,99015038400342.mockFlowFile,24B] to original
[main] DEBUG org.apache.nifi.processors.standard.RouteText - RouteText[id=a680ad74-d0b5-404d-9505-4b7cb994baf3] Adding new dynamic property: PropertyDescriptor[simple]
[pool-3814-thread-1] INFO org.apache.nifi.processors.standard.RouteText - RouteText[id=a680ad74-d0b5-404d-9505-4b7cb994baf3] Created FlowFile[2985,99015038806523.mockFlowFile,24B] from FlowFile[2984,99015038806523.mockFlowFile,24B]; routing to relationship simple
[pool-3814-thread-1] INFO org.apache.nifi.processors.standard.RouteText - RouteText[id=a680ad74-d0b5-404d-9505-4b7cb994baf3] Routing FlowFile[2984,99015038806523.mockFlowFile,24B] to original
[main] DEBUG org.apache.nifi.processors.standard.RouteText - RouteText[id=a680ad74-d0b5-404d-9505-4b7cb994baf3] Adding new dynamic property: PropertyDescriptor[simple]
[pool-3815-thread-1] INFO org.apache.nifi.processors.standard.RouteText - RouteText[id=a680ad74-d0b5-404d-9505-4b7cb994baf3] Created FlowFile[2987,99015039184837.mockFlowFile,24B] from FlowFile[2986,99015039184837.mockFlowFile,24B]; routing to relationship simple
[pool-3815-thread-1] INFO org.apache.nifi.processors.standard.RouteText - RouteText[id=a680ad74-d0b5-404d-9505-4b7cb994baf3] Routing FlowFile[2986,99015039184837.mockFlowFile,24B] to original
[main] DEBUG org.apache.nifi.processors.standard.RouteText - RouteText[id=a680ad74-d0b5-404d-9505-4b7cb994baf3] Adding new dynamic property: PropertyDescriptor[simple]
[pool-3816-thread-1] INFO org.apache.nifi.processors.standard.RouteText - RouteText[id=a680ad74-d0b5-404d-9505-4b7cb994baf3] Created FlowFile[2989,99015039589326.mockFlowFile,24B] from FlowFile[2988,99015039589326.mockFlowFile,24B]; routing to relationship simple
[pool-3816-thread-1] INFO org.apache.nifi.processors.standard.RouteText - RouteText[id=a680ad74-d0b5-404d-9505-4b7cb994baf3] Routing FlowFile[2988,99015039589326.mockFlowFile,24B] to original
[main] DEBUG org.apache.nifi.processors.standard.RouteText - RouteText[id=a680ad74-d0b5-404d-9505-4b7cb994baf3] Adding new dynamic property: PropertyDescriptor[simple]
[pool-3817-thread-1] INFO org.apache.nifi.processors.standard.RouteText - RouteText[id=a680ad74-d0b5-404d-9505-4b7cb994baf3] Created FlowFile[2991,99015039998457.mockFlowFile,24B] from FlowFile[2990,99015039998457.mockFlowFile,24B]; routing to relationship simple
[pool-3817-thread-1] INFO org.apache.nifi.processors.standard.RouteText - RouteText[id=a680ad74-d0b5-404d-9505-4b7cb994baf3] Routing FlowFile[2990,99015039998457.mockFlowFile,24B] to original
[main] DEBUG org.apache.nifi.processors.standard.RouteText - RouteText[id=a680ad74-d0b5-404d-9505-4b7cb994baf3] Adding new dynamic property: PropertyDescriptor[simple]
[pool-3818-thread-1] INFO org.apache.nifi.processors.standard.RouteText - RouteText[id=a680ad74-d0b5-404d-9505-4b7cb994baf3] Created FlowFile[2993,99015040451537.mockFlowFile,24B] from FlowFile[2992,99015040451537.mockFlowFile,24B]; routing to relationship simple
[pool-3818-thread-1] INFO org.apache.nifi.processors.standard.RouteText - RouteText[id=a680ad74-d0b5-404d-9505-4b7cb994baf3] Routing FlowFile[2992,99015040451537.mockFlowFile,24B] to original
[main] DEBUG org.apache.nifi.processors.standard.RouteText - RouteText[id=a680ad74-d0b5-404d-9505-4b7cb994baf3] Adding new dynamic property: PropertyDescriptor[simple]
[pool-3819-thread-1] INFO org.apache.nifi.processors.standard.RouteText - RouteText[id=a680ad74-d0b5-404d-9505-4b7cb994baf3] Created FlowFile[2995,99015040840082.mockFlowFile,24B] from FlowFile[2994,99015040840082.mockFlowFile,24B]; routing to relationship simple
[pool-3819-thread-1] INFO org.apache.nifi.processors.standard.RouteText - RouteText[id=a680ad74-d0b5-404d-9505-4b7cb994baf3] Routing FlowFile[2994,99015040840082.mockFlowFile,24B] to original
[main] DEBUG org.apache.nifi.processors.standard.RouteText - RouteText[id=a680ad74-d0b5-404d-9505-4b7cb994baf3] Adding new dynamic property: PropertyDescriptor[simple]
[pool-3820-thread-1] INFO org.apache.nifi.processors.standard.RouteText - RouteText[id=a680ad74-d0b5-404d-9505-4b7cb994baf3] Created FlowFile[2997,99015041232021.mockFlowFile,24B] from FlowFile[2996,99015041232021.mockFlowFile,24B]; routing to relationship simple
[pool-3820-thread-1] INFO org.apache.nifi.processors.standard.RouteText - RouteText[id=a680ad74-d0b5-404d-9505-4b7cb994baf3] Routing FlowFile[2996,99015041232021.mockFlowFile,24B] to original
[main] DEBUG org.apache.nifi.processors.standard.RouteText - RouteText[id=a680ad74-d0b5-404d-9505-4b7cb994baf3] Adding new dynamic property: PropertyDescriptor[simple]
[pool-3821-thread-1] INFO org.apache.nifi.processors.standard.RouteText - RouteText[id=a680ad74-d0b5-404d-9505-4b7cb994baf3] Created FlowFile[2999,99015041623385.mockFlowFile,24B] from FlowFile[2998,99015041623385.mockFlowFile,24B]; routing to relationship simple
[pool-3821-thread-1] INFO org.apache.nifi.processors.standard.RouteText - RouteText[id=a680ad74-d0b5-404d-9505-4b7cb994baf3] Routing FlowFile[2998,99015041623385.mockFlowFile,24B] to original
[main] DEBUG org.apache.nifi.processors.standard.RouteText - RouteText[id=a680ad74-d0b5-404d-9505-4b7cb994baf3] Adding new dynamic property: PropertyDescriptor[simple]
[pool-3822-thread-1] INFO org.apache.nifi.processors.standard.RouteText - RouteText[id=a680ad74-d0b5-404d-9505-4b7cb994baf3] Created FlowFile[3001,99015042008066.mockFlowFile,24B] from FlowFile[3000,99015042008066.mockFlowFile,24B]; routing to relationship simple
[pool-3822-thread-1] INFO org.apache.nifi.processors.standard.RouteText - RouteText[id=a680ad74-d0b5-404d-9505-4b7cb994baf3] Routing FlowFile[3000,99015042008066.mockFlowFile,24B] to original
[main] DEBUG org.apache.nifi.processors.standard.RouteText - RouteText[id=a680ad74-d0b5-404d-9505-4b7cb994baf3] Adding new dynamic property: PropertyDescriptor[simple]
[pool-3823-thread-1] INFO org.apache.nifi.processors.standard.RouteText - RouteText[id=a680ad74-d0b5-404d-9505-4b7cb994baf3] Created FlowFile[3003,99015042406356.mockFlowFile,24B] from FlowFile[3002,99015042406356.mockFlowFile,24B]; routing to relationship simple
[pool-3823-thread-1] INFO org.apache.nifi.processors.standard.RouteText - RouteText[id=a680ad74-d0b5-404d-9505-4b7cb994baf3] Routing FlowFile[3002,99015042406356.mockFlowFile,24B] to original
[main] DEBUG org.apache.nifi.processors.standard.RouteText - RouteText[id=a680ad74-d0b5-404d-9505-4b7cb994baf3] Adding new dynamic property: PropertyDescriptor[simple]
[pool-3824-thread-1] INFO org.apache.nifi.processors.standard.RouteText - RouteText[id=a680ad74-d0b5-404d-9505-4b7cb994baf3] Created FlowFile[3005,99015042790638.mockFlowFile,24B] from FlowFile[3004,99015042790638.mockFlowFile,24B]; routing to relationship simple
[pool-3824-thread-1] INFO org.apache.nifi.processors.standard.RouteText - RouteText[id=a680ad74-d0b5-404d-9505-4b7cb994baf3] Routing FlowFile[3004,99015042790638.mockFlowFile,24B] to original
[main] DEBUG org.apache.nifi.processors.standard.RouteText - RouteText[id=a680ad74-d0b5-404d-9505-4b7cb994baf3] Adding new dynamic property: PropertyDescriptor[simple]
[pool-3825-thread-1] INFO org.apache.nifi.processors.standard.RouteText - RouteText[id=a680ad74-d0b5-404d-9505-4b7cb994baf3] Created FlowFile[3007,99015043160293.mockFlowFile,24B] from FlowFile[3006,99015043160293.mockFlowFile,24B]; routing to relationship simple
[pool-3825-thread-1] INFO org.apache.nifi.processors.standard.RouteText - RouteText[id=a680ad74-d0b5-404d-9505-4b7cb994baf3] Routing FlowFile[3006,99015043160293.mockFlowFile,24B] to original
[main] DEBUG org.apache.nifi.processors.standard.RouteText - RouteText[id=a680ad74-d0b5-404d-9505-4b7cb994baf3] Adding new dynamic property: PropertyDescriptor[simple]
[pool-3826-thread-1] INFO org.apache.nifi.processors.standard.RouteText - RouteText[id=a680ad74-d0b5-404d-9505-4b7cb994baf3] Created FlowFile[3009,99015043548123.mockFlowFile,24B] from FlowFile[3008,99015043548123.mockFlowFile,24B]; routing to relationship simple
[pool-3826-thread-1] INFO org.apache.nifi.processors.standard.RouteText - RouteText[id=a680ad74-d0b5-404d-9505-4b7cb994baf3] Routing FlowFile[3008,99015043548123.mockFlowFile,24B] to original
[main] DEBUG org.apache.nifi.processors.standard.RouteText - RouteText[id=a680ad74-d0b5-404d-9505-4b7cb994baf3] Adding new dynamic property: PropertyDescriptor[simple]
[pool-3827-thread-1] INFO org.apache.nifi.processors.standard.RouteText - RouteText[id=a680ad74-d0b5-404d-9505-4b7cb994baf3] Created FlowFile[3011,99015043924811.mockFlowFile,24B] from FlowFile[3010,99015043924811.mockFlowFile,24B]; routing to relationship simple
[pool-3827-thread-1] INFO org.apache.nifi.processors.standard.RouteText - RouteText[id=a680ad74-d0b5-404d-9505-4b7cb994baf3] Routing FlowFile[3010,99015043924811.mockFlowFile,24B] to original
[main] DEBUG org.apache.nifi.processors.standard.RouteText - RouteText[id=a680ad74-d0b5-404d-9505-4b7cb994baf3] Adding new dynamic property: PropertyDescriptor[simple]
[pool-3828-thread-1] INFO org.apache.nifi.processors.standard.RouteText - RouteText[id=a680ad74-d0b5-404d-9505-4b7cb994baf3] Created FlowFile[3013,99015044339429.mockFlowFile,24B] from FlowFile[3012,99015044339429.mockFlowFile,24B]; routing to relationship simple
[pool-3828-thread-1] INFO org.apache.nifi.processors.standard.RouteText - RouteText[id=a680ad74-d0b5-404d-9505-4b7cb994baf3] Routing FlowFile[3012,99015044339429.mockFlowFile,24B] to original
[main] DEBUG org.apache.nifi.processors.standard.RouteText - RouteText[id=a680ad74-d0b5-404d-9505-4b7cb994baf3] Adding new dynamic property: PropertyDescriptor[simple]
[pool-3829-thread-1] INFO org.apache.nifi.processors.standard.RouteText - RouteText[id=a680ad74-d0b5-404d-9505-4b7cb994baf3] Created FlowFile[3015,99015044722231.mockFlowFile,24B] from FlowFile[3014,99015044722231.mockFlowFile,24B]; routing to relationship simple
[pool-3829-thread-1] INFO org.apache.nifi.processors.standard.RouteText - RouteText[id=a680ad74-d0b5-404d-9505-4b7cb994baf3] Routing FlowFile[3014,99015044722231.mockFlowFile,24B] to original
[main] DEBUG org.apache.nifi.processors.standard.RouteText - RouteText[id=a680ad74-d0b5-404d-9505-4b7cb994baf3] Adding new dynamic property: PropertyDescriptor[simple]
[pool-3830-thread-1] INFO org.apache.nifi.processors.standard.RouteText - RouteText[id=a680ad74-d0b5-404d-9505-4b7cb994baf3] Created FlowFile[3017,99015045107575.mockFlowFile,24B] from FlowFile[3016,99015045107575.mockFlowFile,24B]; routing to relationship simple
[pool-3830-thread-1] INFO org.apache.nifi.processors.standard.RouteText - RouteText[id=a680ad74-d0b5-404d-9505-4b7cb994baf3] Routing FlowFile[3016,99015045107575.mockFlowFile,24B] to original
[main] DEBUG org.apache.nifi.processors.standard.RouteText - RouteText[id=a680ad74-d0b5-404d-9505-4b7cb994baf3] Adding new dynamic property: PropertyDescriptor[simple]
[pool-3831-thread-1] INFO org.apache.nifi.processors.standard.RouteText - RouteText[id=a680ad74-d0b5-404d-9505-4b7cb994baf3] Created FlowFile[3019,99015045505953.mockFlowFile,24B] from FlowFile[3018,99015045505953.mockFlowFile,24B]; routing to relationship simple
[pool-3831-thread-1] INFO org.apache.nifi.processors.standard.RouteText - RouteText[id=a680ad74-d0b5-404d-9505-4b7cb994baf3] Routing FlowFile[3018,99015045505953.mockFlowFile,24B] to original
[main] DEBUG org.apache.nifi.processors.standard.RouteText - RouteText[id=a680ad74-d0b5-404d-9505-4b7cb994baf3] Adding new dynamic property: PropertyDescriptor[simple]
[pool-3832-thread-1] INFO org.apache.nifi.processors.standard.RouteText - RouteText[id=a680ad74-d0b5-404d-9505-4b7cb994baf3] Created FlowFile[3021,99015045891885.mockFlowFile,24B] from FlowFile[3020,99015045891885.mockFlowFile,24B]; routing to relationship simple
[pool-3832-thread-1] INFO org.apache.nifi.processors.standard.RouteText - RouteText[id=a680ad74-d0b5-404d-9505-4b7cb994baf3] Routing FlowFile[3020,99015045891885.mockFlowFile,24B] to original
[main] DEBUG org.apache.nifi.processors.standard.RouteText - RouteText[id=a680ad74-d0b5-404d-9505-4b7cb994baf3] Adding new dynamic property: PropertyDescriptor[simple]
[pool-3833-thread-1] INFO org.apache.nifi.processors.standard.RouteText - RouteText[id=a680ad74-d0b5-404d-9505-4b7cb994baf3] Created FlowFile[3023,99015046276882.mockFlowFile,24B] from FlowFile[3022,99015046276882.mockFlowFile,24B]; routing to relationship simple
[pool-3833-thread-1] INFO org.apache.nifi.processors.standard.RouteText - RouteText[id=a680ad74-d0b5-404d-9505-4b7cb994baf3] Routing FlowFile[3022,99015046276882.mockFlowFile,24B] to original
[main] DEBUG org.apache.nifi.processors.standard.RouteText - RouteText[id=a680ad74-d0b5-404d-9505-4b7cb994baf3] Adding new dynamic property: PropertyDescriptor[simple]
[pool-3834-thread-1] INFO org.apache.nifi.processors.standard.RouteText - RouteText[id=a680ad74-d0b5-404d-9505-4b7cb994baf3] Created FlowFile[3025,99015046673917.mockFlowFile,24B] from FlowFile[3024,99015046673917.mockFlowFile,24B]; routing to relationship simple
[pool-3834-thread-1] INFO org.apache.nifi.processors.standard.RouteText - RouteText[id=a680ad74-d0b5-404d-9505-4b7cb994baf3] Routing FlowFile[3024,99015046673917.mockFlowFile,24B] to original
[main] DEBUG org.apache.nifi.processors.standard.RouteText - RouteText[id=a680ad74-d0b5-404d-9505-4b7cb994baf3] Adding new dynamic property: PropertyDescriptor[simple]
[pool-3835-thread-1] INFO org.apache.nifi.processors.standard.RouteText - RouteText[id=a680ad74-d0b5-404d-9505-4b7cb994baf3] Created FlowFile[3027,99015047064782.mockFlowFile,24B] from FlowFile[3026,99015047064782.mockFlowFile,24B]; routing to relationship simple
[pool-3835-thread-1] INFO org.apache.nifi.processors.standard.RouteText - RouteText[id=a680ad74-d0b5-404d-9505-4b7cb994baf3] Routing FlowFile[3026,99015047064782.mockFlowFile,24B] to original
[main] DEBUG org.apache.nifi.processors.standard.RouteText - RouteText[id=a680ad74-d0b5-404d-9505-4b7cb994baf3] Adding new dynamic property: PropertyDescriptor[simple]
[pool-3836-thread-1] INFO org.apache.nifi.processors.standard.RouteText - RouteText[id=a680ad74-d0b5-404d-9505-4b7cb994baf3] Created FlowFile[3029,99015047469189.mockFlowFile,24B] from FlowFile[3028,99015047469189.mockFlowFile,24B]; routing to relationship simple
[pool-3836-thread-1] INFO org.apache.nifi.processors.standard.RouteText - RouteText[id=a680ad74-d0b5-404d-9505-4b7cb994baf3] Routing FlowFile[3028,99015047469189.mockFlowFile,24B] to original
[main] DEBUG org.apache.nifi.processors.standard.RouteText - RouteText[id=a680ad74-d0b5-404d-9505-4b7cb994baf3] Adding new dynamic property: PropertyDescriptor[simple]
[pool-3837-thread-1] INFO org.apache.nifi.processors.standard.RouteText - RouteText[id=a680ad74-d0b5-404d-9505-4b7cb994baf3] Created FlowFile[3031,99015047871392.mockFlowFile,24B] from FlowFile[3030,99015047871392.mockFlowFile,24B]; routing to relationship simple
[pool-3837-thread-1] INFO org.apache.nifi.processors.standard.RouteText - RouteText[id=a680ad74-d0b5-404d-9505-4b7cb994baf3] Routing FlowFile[3030,99015047871392.mockFlowFile,24B] to original
[main] DEBUG org.apache.nifi.processors.standard.RouteText - RouteText[id=a680ad74-d0b5-404d-9505-4b7cb994baf3] Adding new dynamic property: PropertyDescriptor[simple]
[pool-3838-thread-1] INFO org.apache.nifi.processors.standard.RouteText - RouteText[id=a680ad74-d0b5-404d-9505-4b7cb994baf3] Created FlowFile[3033,99015048295386.mockFlowFile,24B] from FlowFile[3032,99015048295386.mockFlowFile,24B]; routing to relationship simple
[pool-3838-thread-1] INFO org.apache.nifi.processors.standard.RouteText - RouteText[id=a680ad74-d0b5-404d-9505-4b7cb994baf3] Routing FlowFile[3032,99015048295386.mockFlowFile,24B] to original
[main] DEBUG org.apache.nifi.processors.standard.RouteText - RouteText[id=a680ad74-d0b5-404d-9505-4b7cb994baf3] Adding new dynamic property: PropertyDescriptor[simple]
[pool-3839-thread-1] INFO org.apache.nifi.processors.standard.RouteText - RouteText[id=a680ad74-d0b5-404d-9505-4b7cb994baf3] Created FlowFile[3035,99015048707625.mockFlowFile,24B] from FlowFile[3034,99015048707625.mockFlowFile,24B]; routing to relationship simple
[pool-3839-thread-1] INFO org.apache.nifi.processors.standard.RouteText - RouteText[id=a680ad74-d0b5-404d-9505-4b7cb994baf3] Routing FlowFile[3034,99015048707625.mockFlowFile,24B] to original
[main] DEBUG org.apache.nifi.processors.standard.RouteText - RouteText[id=a680ad74-d0b5-404d-9505-4b7cb994baf3] Adding new dynamic property: PropertyDescriptor[simple]
[pool-3840-thread-1] INFO org.apache.nifi.processors.standard.RouteText - RouteText[id=a680ad74-d0b5-404d-9505-4b7cb994baf3] Created FlowFile[3037,99015049104963.mockFlowFile,24B] from FlowFile[3036,99015049104963.mockFlowFile,24B]; routing to relationship simple
[pool-3840-thread-1] INFO org.apache.nifi.processors.standard.RouteText - RouteText[id=a680ad74-d0b5-404d-9505-4b7cb994baf3] Routing FlowFile[3036,99015049104963.mockFlowFile,24B] to original
[main] DEBUG org.apache.nifi.processors.standard.RouteText - RouteText[id=a680ad74-d0b5-404d-9505-4b7cb994baf3] Adding new dynamic property: PropertyDescriptor[simple]
[pool-3841-thread-1] INFO org.apache.nifi.processors.standard.RouteText - RouteText[id=a680ad74-d0b5-404d-9505-4b7cb994baf3] Created FlowFile[3039,99015049488959.mockFlowFile,24B] from FlowFile[3038,99015049488959.mockFlowFile,24B]; routing to relationship simple
[pool-3841-thread-1] INFO org.apache.nifi.processors.standard.RouteText - RouteText[id=a680ad74-d0b5-404d-9505-4b7cb994baf3] Routing FlowFile[3038,99015049488959.mockFlowFile,24B] to original
[main] DEBUG org.apache.nifi.processors.standard.RouteText - RouteText[id=a680ad74-d0b5-404d-9505-4b7cb994baf3] Adding new dynamic property: PropertyDescriptor[simple]
[pool-3842-thread-1] INFO org.apache.nifi.processors.standard.RouteText - RouteText[id=a680ad74-d0b5-404d-9505-4b7cb994baf3] Created FlowFile[3041,99015049889770.mockFlowFile,24B] from FlowFile[3040,99015049889770.mockFlowFile,24B]; routing to relationship simple
[pool-3842-thread-1] INFO org.apache.nifi.processors.standard.RouteText - RouteText[id=a680ad74-d0b5-404d-9505-4b7cb994baf3] Routing FlowFile[3040,99015049889770.mockFlowFile,24B] to original
[main] DEBUG org.apache.nifi.processors.standard.RouteText - RouteText[id=a680ad74-d0b5-404d-9505-4b7cb994baf3] Adding new dynamic property: PropertyDescriptor[simple]
[pool-3843-thread-1] INFO org.apache.nifi.processors.standard.RouteText - RouteText[id=a680ad74-d0b5-404d-9505-4b7cb994baf3] Created FlowFile[3043,99015050273363.mockFlowFile,24B] from FlowFile[3042,99015050273363.mockFlowFile,24B]; routing to relationship simple
[pool-3843-thread-1] INFO org.apache.nifi.processors.standard.RouteText - RouteText[id=a680ad74-d0b5-404d-9505-4b7cb994baf3] Routing FlowFile[3042,99015050273363.mockFlowFile,24B] to original
[main] DEBUG org.apache.nifi.processors.standard.RouteText - RouteText[id=a680ad74-d0b5-404d-9505-4b7cb994baf3] Adding new dynamic property: PropertyDescriptor[simple]
[pool-3844-thread-1] INFO org.apache.nifi.processors.standard.RouteText - RouteText[id=a680ad74-d0b5-404d-9505-4b7cb994baf3] Created FlowFile[3045,99015050665086.mockFlowFile,24B] from FlowFile[3044,99015050665086.mockFlowFile,24B]; routing to relationship simple
[pool-3844-thread-1] INFO org.apache.nifi.processors.standard.RouteText - RouteText[id=a680ad74-d0b5-404d-9505-4b7cb994baf3] Routing FlowFile[3044,99015050665086.mockFlowFile,24B] to original
[main] DEBUG org.apache.nifi.processors.standard.RouteText - RouteText[id=a680ad74-d0b5-404d-9505-4b7cb994baf3] Adding new dynamic property: PropertyDescriptor[simple]
[pool-3845-thread-1] INFO org.apache.nifi.processors.standard.RouteText - RouteText[id=a680ad74-d0b5-404d-9505-4b7cb994baf3] Created FlowFile[3047,99015051078440.mockFlowFile,24B] from FlowFile[3046,99015051078440.mockFlowFile,24B]; routing to relationship simple
[pool-3845-thread-1] INFO org.apache.nifi.processors.standard.RouteText - RouteText[id=a680ad74-d0b5-404d-9505-4b7cb994baf3] Routing FlowFile[3046,99015051078440.mockFlowFile,24B] to original
[main] DEBUG org.apache.nifi.processors.standard.RouteText - RouteText[id=a680ad74-d0b5-404d-9505-4b7cb994baf3] Adding new dynamic property: PropertyDescriptor[simple]
[pool-3846-thread-1] INFO org.apache.nifi.processors.standard.RouteText - RouteText[id=a680ad74-d0b5-404d-9505-4b7cb994baf3] Created FlowFile[3049,99015051457667.mockFlowFile,24B] from FlowFile[3048,99015051457667.mockFlowFile,24B]; routing to relationship simple
[pool-3846-thread-1] INFO org.apache.nifi.processors.standard.RouteText - RouteText[id=a680ad74-d0b5-404d-9505-4b7cb994baf3] Routing FlowFile[3048,99015051457667.mockFlowFile,24B] to original
[main] DEBUG org.apache.nifi.processors.standard.RouteText - RouteText[id=a680ad74-d0b5-404d-9505-4b7cb994baf3] Adding new dynamic property: PropertyDescriptor[simple]
[pool-3847-thread-1] INFO org.apache.nifi.processors.standard.RouteText - RouteText[id=a680ad74-d0b5-404d-9505-4b7cb994baf3] Created FlowFile[3051,99015051855662.mockFlowFile,24B] from FlowFile[3050,99015051855662.mockFlowFile,24B]; routing to relationship simple
[pool-3847-thread-1] INFO org.apache.nifi.processors.standard.RouteText - RouteText[id=a680ad74-d0b5-404d-9505-4b7cb994baf3] Routing FlowFile[3050,99015051855662.mockFlowFile,24B] to original
[main] DEBUG org.apache.nifi.processors.standard.RouteText - RouteText[id=a680ad74-d0b5-404d-9505-4b7cb994baf3] Adding new dynamic property: PropertyDescriptor[simple]
[pool-3848-thread-1] INFO org.apache.nifi.processors.standard.RouteText - RouteText[id=a680ad74-d0b5-404d-9505-4b7cb994baf3] Created FlowFile[3053,99015052356986.mockFlowFile,24B] from FlowFile[3052,99015052356986.mockFlowFile,24B]; routing to relationship simple
[pool-3848-thread-1] INFO org.apache.nifi.processors.standard.RouteText - RouteText[id=a680ad74-d0b5-404d-9505-4b7cb994baf3] Routing FlowFile[3052,99015052356986.mockFlowFile,24B] to original
[main] DEBUG org.apache.nifi.processors.standard.RouteText - RouteText[id=a680ad74-d0b5-404d-9505-4b7cb994baf3] Adding new dynamic property: PropertyDescriptor[simple]
[pool-3849-thread-1] INFO org.apache.nifi.processors.standard.RouteText - RouteText[id=a680ad74-d0b5-404d-9505-4b7cb994baf3] Created FlowFile[3055,99015052756919.mockFlowFile,24B] from FlowFile[3054,99015052756919.mockFlowFile,24B]; routing to relationship simple
[pool-3849-thread-1] INFO org.apache.nifi.processors.standard.RouteText - RouteText[id=a680ad74-d0b5-404d-9505-4b7cb994baf3] Routing FlowFile[3054,99015052756919.mockFlowFile,24B] to original
[main] DEBUG org.apache.nifi.processors.standard.RouteText - RouteText[id=a680ad74-d0b5-404d-9505-4b7cb994baf3] Adding new dynamic property: PropertyDescriptor[simple]
[pool-3850-thread-1] INFO org.apache.nifi.processors.standard.RouteText - RouteText[id=a680ad74-d0b5-404d-9505-4b7cb994baf3] Created FlowFile[3057,99015053167835.mockFlowFile,24B] from FlowFile[3056,99015053167835.mockFlowFile,24B]; routing to relationship simple
[pool-3850-thread-1] INFO org.apache.nifi.processors.standard.RouteText - RouteText[id=a680ad74-d0b5-404d-9505-4b7cb994baf3] Routing FlowFile[3056,99015053167835.mockFlowFile,24B] to original
[main] DEBUG org.apache.nifi.processors.standard.RouteText - RouteText[id=a680ad74-d0b5-404d-9505-4b7cb994baf3] Adding new dynamic property: PropertyDescriptor[simple]
[pool-3851-thread-1] INFO org.apache.nifi.processors.standard.RouteText - RouteText[id=a680ad74-d0b5-404d-9505-4b7cb994baf3] Created FlowFile[3059,99015053632118.mockFlowFile,24B] from FlowFile[3058,99015053632118.mockFlowFile,24B]; routing to relationship simple
[pool-3851-thread-1] INFO org.apache.nifi.processors.standard.RouteText - RouteText[id=a680ad74-d0b5-404d-9505-4b7cb994baf3] Routing FlowFile[3058,99015053632118.mockFlowFile,24B] to original
[main] DEBUG org.apache.nifi.processors.standard.RouteText - RouteText[id=a680ad74-d0b5-404d-9505-4b7cb994baf3] Adding new dynamic property: PropertyDescriptor[simple]
[pool-3852-thread-1] INFO org.apache.nifi.processors.standard.RouteText - RouteText[id=a680ad74-d0b5-404d-9505-4b7cb994baf3] Created FlowFile[3061,99015054048599.mockFlowFile,24B] from FlowFile[3060,99015054048599.mockFlowFile,24B]; routing to relationship simple
[pool-3852-thread-1] INFO org.apache.nifi.processors.standard.RouteText - RouteText[id=a680ad74-d0b5-404d-9505-4b7cb994baf3] Routing FlowFile[3060,99015054048599.mockFlowFile,24B] to original
[main] DEBUG org.apache.nifi.processors.standard.RouteText - RouteText[id=a680ad74-d0b5-404d-9505-4b7cb994baf3] Adding new dynamic property: PropertyDescriptor[simple]
[pool-3853-thread-1] INFO org.apache.nifi.processors.standard.RouteText - RouteText[id=a680ad74-d0b5-404d-9505-4b7cb994baf3] Created FlowFile[3063,99015054456506.mockFlowFile,24B] from FlowFile[3062,99015054456506.mockFlowFile,24B]; routing to relationship simple
[pool-3853-thread-1] INFO org.apache.nifi.processors.standard.RouteText - RouteText[id=a680ad74-d0b5-404d-9505-4b7cb994baf3] Routing FlowFile[3062,99015054456506.mockFlowFile,24B] to original
[main] DEBUG org.apache.nifi.processors.standard.RouteText - RouteText[id=a680ad74-d0b5-404d-9505-4b7cb994baf3] Adding new dynamic property: PropertyDescriptor[simple]
[pool-3854-thread-1] INFO org.apache.nifi.processors.standard.RouteText - RouteText[id=a680ad74-d0b5-404d-9505-4b7cb994baf3] Created FlowFile[3065,99015055006167.mockFlowFile,24B] from FlowFile[3064,99015055006167.mockFlowFile,24B]; routing to relationship simple
[pool-3854-thread-1] INFO org.apache.nifi.processors.standard.RouteText - RouteText[id=a680ad74-d0b5-404d-9505-4b7cb994baf3] Routing FlowFile[3064,99015055006167.mockFlowFile,24B] to original
[main] DEBUG org.apache.nifi.processors.standard.RouteText - RouteText[id=a680ad74-d0b5-404d-9505-4b7cb994baf3] Adding new dynamic property: PropertyDescriptor[simple]
[pool-3855-thread-1] INFO org.apache.nifi.processors.standard.RouteText - RouteText[id=a680ad74-d0b5-404d-9505-4b7cb994baf3] Created FlowFile[3067,99015055485988.mockFlowFile,24B] from FlowFile[3066,99015055485988.mockFlowFile,24B]; routing to relationship simple
[pool-3855-thread-1] INFO org.apache.nifi.processors.standard.RouteText - RouteText[id=a680ad74-d0b5-404d-9505-4b7cb994baf3] Routing FlowFile[3066,99015055485988.mockFlowFile,24B] to original
[main] DEBUG org.apache.nifi.processors.standard.RouteText - RouteText[id=a680ad74-d0b5-404d-9505-4b7cb994baf3] Adding new dynamic property: PropertyDescriptor[simple]
[pool-3856-thread-1] INFO org.apache.nifi.processors.standard.RouteText - RouteText[id=a680ad74-d0b5-404d-9505-4b7cb994baf3] Created FlowFile[3069,99015055933812.mockFlowFile,24B] from FlowFile[3068,99015055933812.mockFlowFile,24B]; routing to relationship simple
[pool-3856-thread-1] INFO org.apache.nifi.processors.standard.RouteText - RouteText[id=a680ad74-d0b5-404d-9505-4b7cb994baf3] Routing FlowFile[3068,99015055933812.mockFlowFile,24B] to original
[main] DEBUG org.apache.nifi.processors.standard.RouteText - RouteText[id=a680ad74-d0b5-404d-9505-4b7cb994baf3] Adding new dynamic property: PropertyDescriptor[simple]
[pool-3857-thread-1] INFO org.apache.nifi.processors.standard.RouteText - RouteText[id=a680ad74-d0b5-404d-9505-4b7cb994baf3] Created FlowFile[3071,99015056394214.mockFlowFile,24B] from FlowFile[3070,99015056394214.mockFlowFile,24B]; routing to relationship simple
[pool-3857-thread-1] INFO org.apache.nifi.processors.standard.RouteText - RouteText[id=a680ad74-d0b5-404d-9505-4b7cb994baf3] Routing FlowFile[3070,99015056394214.mockFlowFile,24B] to original
[main] DEBUG org.apache.nifi.processors.standard.RouteText - RouteText[id=a680ad74-d0b5-404d-9505-4b7cb994baf3] Adding new dynamic property: PropertyDescriptor[simple]
[pool-3858-thread-1] INFO org.apache.nifi.processors.standard.RouteText - RouteText[id=a680ad74-d0b5-404d-9505-4b7cb994baf3] Created FlowFile[3073,99015056805914.mockFlowFile,24B] from FlowFile[3072,99015056805914.mockFlowFile,24B]; routing to relationship simple
[pool-3858-thread-1] INFO org.apache.nifi.processors.standard.RouteText - RouteText[id=a680ad74-d0b5-404d-9505-4b7cb994baf3] Routing FlowFile[3072,99015056805914.mockFlowFile,24B] to original
[main] DEBUG org.apache.nifi.processors.standard.RouteText - RouteText[id=a680ad74-d0b5-404d-9505-4b7cb994baf3] Adding new dynamic property: PropertyDescriptor[simple]
[pool-3859-thread-1] INFO org.apache.nifi.processors.standard.RouteText - RouteText[id=a680ad74-d0b5-404d-9505-4b7cb994baf3] Created FlowFile[3075,99015057272312.mockFlowFile,24B] from FlowFile[3074,99015057272312.mockFlowFile,24B]; routing to relationship simple
[pool-3859-thread-1] INFO org.apache.nifi.processors.standard.RouteText - RouteText[id=a680ad74-d0b5-404d-9505-4b7cb994baf3] Routing FlowFile[3074,99015057272312.mockFlowFile,24B] to original
[main] DEBUG org.apache.nifi.processors.standard.RouteText - RouteText[id=a680ad74-d0b5-404d-9505-4b7cb994baf3] Adding new dynamic property: PropertyDescriptor[simple]
[pool-3860-thread-1] INFO org.apache.nifi.processors.standard.RouteText - RouteText[id=a680ad74-d0b5-404d-9505-4b7cb994baf3] Created FlowFile[3077,99015057716995.mockFlowFile,24B] from FlowFile[3076,99015057716995.mockFlowFile,24B]; routing to relationship simple
[pool-3860-thread-1] INFO org.apache.nifi.processors.standard.RouteText - RouteText[id=a680ad74-d0b5-404d-9505-4b7cb994baf3] Routing FlowFile[3076,99015057716995.mockFlowFile,24B] to original
[main] DEBUG org.apache.nifi.processors.standard.RouteText - RouteText[id=a680ad74-d0b5-404d-9505-4b7cb994baf3] Adding new dynamic property: PropertyDescriptor[simple]
[pool-3861-thread-1] INFO org.apache.nifi.processors.standard.RouteText - RouteText[id=a680ad74-d0b5-404d-9505-4b7cb994baf3] Created FlowFile[3079,99015058175678.mockFlowFile,24B] from FlowFile[3078,99015058175678.mockFlowFile,24B]; routing to relationship simple
[pool-3861-thread-1] INFO org.apache.nifi.processors.standard.RouteText - RouteText[id=a680ad74-d0b5-404d-9505-4b7cb994baf3] Routing FlowFile[3078,99015058175678.mockFlowFile,24B] to original
[main] DEBUG org.apache.nifi.processors.standard.RouteText - RouteText[id=a680ad74-d0b5-404d-9505-4b7cb994baf3] Adding new dynamic property: PropertyDescriptor[simple]
[pool-3862-thread-1] INFO org.apache.nifi.processors.standard.RouteText - RouteText[id=a680ad74-d0b5-404d-9505-4b7cb994baf3] Created FlowFile[3081,99015058632189.mockFlowFile,24B] from FlowFile[3080,99015058632189.mockFlowFile,24B]; routing to relationship simple
[pool-3862-thread-1] INFO org.apache.nifi.processors.standard.RouteText - RouteText[id=a680ad74-d0b5-404d-9505-4b7cb994baf3] Routing FlowFile[3080,99015058632189.mockFlowFile,24B] to original
[main] DEBUG org.apache.nifi.processors.standard.RouteText - RouteText[id=a680ad74-d0b5-404d-9505-4b7cb994baf3] Adding new dynamic property: PropertyDescriptor[simple]
[pool-3863-thread-1] INFO org.apache.nifi.processors.standard.RouteText - RouteText[id=a680ad74-d0b5-404d-9505-4b7cb994baf3] Created FlowFile[3083,99015059128401.mockFlowFile,24B] from FlowFile[3082,99015059128401.mockFlowFile,24B]; routing to relationship simple
[pool-3863-thread-1] INFO org.apache.nifi.processors.standard.RouteText - RouteText[id=a680ad74-d0b5-404d-9505-4b7cb994baf3] Routing FlowFile[3082,99015059128401.mockFlowFile,24B] to original
[main] DEBUG org.apache.nifi.processors.standard.RouteText - RouteText[id=a680ad74-d0b5-404d-9505-4b7cb994baf3] Adding new dynamic property: PropertyDescriptor[simple]
[pool-3864-thread-1] INFO org.apache.nifi.processors.standard.RouteText - RouteText[id=a680ad74-d0b5-404d-9505-4b7cb994baf3] Created FlowFile[3085,99015059565533.mockFlowFile,24B] from FlowFile[3084,99015059565533.mockFlowFile,24B]; routing to relationship simple
[pool-3864-thread-1] INFO org.apache.nifi.processors.standard.RouteText - RouteText[id=a680ad74-d0b5-404d-9505-4b7cb994baf3] Routing FlowFile[3084,99015059565533.mockFlowFile,24B] to original
[main] DEBUG org.apache.nifi.processors.standard.RouteText - RouteText[id=a680ad74-d0b5-404d-9505-4b7cb994baf3] Adding new dynamic property: PropertyDescriptor[simple]
[pool-3865-thread-1] INFO org.apache.nifi.processors.standard.RouteText - RouteText[id=a680ad74-d0b5-404d-9505-4b7cb994baf3] Created FlowFile[3087,99015059974556.mockFlowFile,24B] from FlowFile[3086,99015059974556.mockFlowFile,24B]; routing to relationship simple
[pool-3865-thread-1] INFO org.apache.nifi.processors.standard.RouteText - RouteText[id=a680ad74-d0b5-404d-9505-4b7cb994baf3] Routing FlowFile[3086,99015059974556.mockFlowFile,24B] to original
[main] DEBUG org.apache.nifi.processors.standard.RouteText - RouteText[id=a680ad74-d0b5-404d-9505-4b7cb994baf3] Adding new dynamic property: PropertyDescriptor[simple]
[pool-3866-thread-1] INFO org.apache.nifi.processors.standard.RouteText - RouteText[id=a680ad74-d0b5-404d-9505-4b7cb994baf3] Created FlowFile[3089,99015060421970.mockFlowFile,24B] from FlowFile[3088,99015060421970.mockFlowFile,24B]; routing to relationship simple
[pool-3866-thread-1] INFO org.apache.nifi.processors.standard.RouteText - RouteText[id=a680ad74-d0b5-404d-9505-4b7cb994baf3] Routing FlowFile[3088,99015060421970.mockFlowFile,24B] to original
[main] DEBUG org.apache.nifi.processors.standard.RouteText - RouteText[id=a680ad74-d0b5-404d-9505-4b7cb994baf3] Adding new dynamic property: PropertyDescriptor[simple]
[pool-3867-thread-1] INFO org.apache.nifi.processors.standard.RouteText - RouteText[id=a680ad74-d0b5-404d-9505-4b7cb994baf3] Created FlowFile[3091,99015060830670.mockFlowFile,24B] from FlowFile[3090,99015060830670.mockFlowFile,24B]; routing to relationship simple
[pool-3867-thread-1] INFO org.apache.nifi.processors.standard.RouteText - RouteText[id=a680ad74-d0b5-404d-9505-4b7cb994baf3] Routing FlowFile[3090,99015060830670.mockFlowFile,24B] to original
[main] DEBUG org.apache.nifi.processors.standard.RouteText - RouteText[id=a680ad74-d0b5-404d-9505-4b7cb994baf3] Adding new dynamic property: PropertyDescriptor[simple]
[pool-3868-thread-1] INFO org.apache.nifi.processors.standard.RouteText - RouteText[id=a680ad74-d0b5-404d-9505-4b7cb994baf3] Created FlowFile[3093,99015061228445.mockFlowFile,24B] from FlowFile[3092,99015061228445.mockFlowFile,24B]; routing to relationship simple
[pool-3868-thread-1] INFO org.apache.nifi.processors.standard.RouteText - RouteText[id=a680ad74-d0b5-404d-9505-4b7cb994baf3] Routing FlowFile[3092,99015061228445.mockFlowFile,24B] to original
[main] DEBUG org.apache.nifi.processors.standard.RouteText - RouteText[id=a680ad74-d0b5-404d-9505-4b7cb994baf3] Adding new dynamic property: PropertyDescriptor[simple]
[pool-3869-thread-1] INFO org.apache.nifi.processors.standard.RouteText - RouteText[id=a680ad74-d0b5-404d-9505-4b7cb994baf3] Created FlowFile[3095,99015061609222.mockFlowFile,24B] from FlowFile[3094,99015061609222.mockFlowFile,24B]; routing to relationship simple
[pool-3869-thread-1] INFO org.apache.nifi.processors.standard.RouteText - RouteText[id=a680ad74-d0b5-404d-9505-4b7cb994baf3] Routing FlowFile[3094,99015061609222.mockFlowFile,24B] to original
[main] DEBUG org.apache.nifi.processors.standard.RouteText - RouteText[id=a680ad74-d0b5-404d-9505-4b7cb994baf3] Adding new dynamic property: PropertyDescriptor[simple]
[pool-3870-thread-1] INFO org.apache.nifi.processors.standard.RouteText - RouteText[id=a680ad74-d0b5-404d-9505-4b7cb994baf3] Created FlowFile[3097,99015062003430.mockFlowFile,24B] from FlowFile[3096,99015062003430.mockFlowFile,24B]; routing to relationship simple
[pool-3870-thread-1] INFO org.apache.nifi.processors.standard.RouteText - RouteText[id=a680ad74-d0b5-404d-9505-4b7cb994baf3] Routing FlowFile[3096,99015062003430.mockFlowFile,24B] to original
[main] DEBUG org.apache.nifi.processors.standard.RouteText - RouteText[id=a680ad74-d0b5-404d-9505-4b7cb994baf3] Adding new dynamic property: PropertyDescriptor[simple]
[pool-3871-thread-1] INFO org.apache.nifi.processors.standard.RouteText - RouteText[id=a680ad74-d0b5-404d-9505-4b7cb994baf3] Created FlowFile[3099,99015062379458.mockFlowFile,24B] from FlowFile[3098,99015062379458.mockFlowFile,24B]; routing to relationship simple
[pool-3871-thread-1] INFO org.apache.nifi.processors.standard.RouteText - RouteText[id=a680ad74-d0b5-404d-9505-4b7cb994baf3] Routing FlowFile[3098,99015062379458.mockFlowFile,24B] to original
[main] DEBUG org.apache.nifi.processors.standard.RouteText - RouteText[id=a680ad74-d0b5-404d-9505-4b7cb994baf3] Adding new dynamic property: PropertyDescriptor[simple]
[pool-3872-thread-1] INFO org.apache.nifi.processors.standard.RouteText - RouteText[id=a680ad74-d0b5-404d-9505-4b7cb994baf3] Created FlowFile[3101,99015062829646.mockFlowFile,24B] from FlowFile[3100,99015062829646.mockFlowFile,24B]; routing to relationship simple
[pool-3872-thread-1] INFO org.apache.nifi.processors.standard.RouteText - RouteText[id=a680ad74-d0b5-404d-9505-4b7cb994baf3] Routing FlowFile[3100,99015062829646.mockFlowFile,24B] to original
[main] DEBUG org.apache.nifi.processors.standard.RouteText - RouteText[id=a680ad74-d0b5-404d-9505-4b7cb994baf3] Adding new dynamic property: PropertyDescriptor[simple]
[pool-3873-thread-1] INFO org.apache.nifi.processors.standard.RouteText - RouteText[id=a680ad74-d0b5-404d-9505-4b7cb994baf3] Created FlowFile[3103,99015063263484.mockFlowFile,24B] from FlowFile[3102,99015063263484.mockFlowFile,24B]; routing to relationship simple
[pool-3873-thread-1] INFO org.apache.nifi.processors.standard.RouteText - RouteText[id=a680ad74-d0b5-404d-9505-4b7cb994baf3] Routing FlowFile[3102,99015063263484.mockFlowFile,24B] to original
[main] DEBUG org.apache.nifi.processors.standard.RouteText - RouteText[id=a680ad74-d0b5-404d-9505-4b7cb994baf3] Adding new dynamic property: PropertyDescriptor[simple]
[pool-3874-thread-1] INFO org.apache.nifi.processors.standard.RouteText - RouteText[id=a680ad74-d0b5-404d-9505-4b7cb994baf3] Created FlowFile[3105,99015080549417.mockFlowFile,24B] from FlowFile[3104,99015080549417.mockFlowFile,24B]; routing to relationship simple
[pool-3874-thread-1] INFO org.apache.nifi.processors.standard.RouteText - RouteText[id=a680ad74-d0b5-404d-9505-4b7cb994baf3] Routing FlowFile[3104,99015080549417.mockFlowFile,24B] to original
[main] DEBUG org.apache.nifi.processors.standard.RouteText - RouteText[id=a680ad74-d0b5-404d-9505-4b7cb994baf3] Adding new dynamic property: PropertyDescriptor[simple]
[pool-3875-thread-1] INFO org.apache.nifi.processors.standard.RouteText - RouteText[id=a680ad74-d0b5-404d-9505-4b7cb994baf3] Created FlowFile[3107,99015081191827.mockFlowFile,24B] from FlowFile[3106,99015081191827.mockFlowFile,24B]; routing to relationship simple
[pool-3875-thread-1] INFO org.apache.nifi.processors.standard.RouteText - RouteText[id=a680ad74-d0b5-404d-9505-4b7cb994baf3] Routing FlowFile[3106,99015081191827.mockFlowFile,24B] to original
[main] DEBUG org.apache.nifi.processors.standard.RouteText - RouteText[id=a680ad74-d0b5-404d-9505-4b7cb994baf3] Adding new dynamic property: PropertyDescriptor[simple]
[pool-3876-thread-1] INFO org.apache.nifi.processors.standard.RouteText - RouteText[id=a680ad74-d0b5-404d-9505-4b7cb994baf3] Created FlowFile[3109,99015081669792.mockFlowFile,24B] from FlowFile[3108,99015081669792.mockFlowFile,24B]; routing to relationship simple
[pool-3876-thread-1] INFO org.apache.nifi.processors.standard.RouteText - RouteText[id=a680ad74-d0b5-404d-9505-4b7cb994baf3] Routing FlowFile[3108,99015081669792.mockFlowFile,24B] to original
[main] DEBUG org.apache.nifi.processors.standard.RouteText - RouteText[id=a680ad74-d0b5-404d-9505-4b7cb994baf3] Adding new dynamic property: PropertyDescriptor[simple]
[pool-3877-thread-1] INFO org.apache.nifi.processors.standard.RouteText - RouteText[id=a680ad74-d0b5-404d-9505-4b7cb994baf3] Created FlowFile[3111,99015082242460.mockFlowFile,24B] from FlowFile[3110,99015082242460.mockFlowFile,24B]; routing to relationship simple
[pool-3877-thread-1] INFO org.apache.nifi.processors.standard.RouteText - RouteText[id=a680ad74-d0b5-404d-9505-4b7cb994baf3] Routing FlowFile[3110,99015082242460.mockFlowFile,24B] to original
[main] DEBUG org.apache.nifi.processors.standard.RouteText - RouteText[id=a680ad74-d0b5-404d-9505-4b7cb994baf3] Adding new dynamic property: PropertyDescriptor[simple]
[pool-3878-thread-1] INFO org.apache.nifi.processors.standard.RouteText - RouteText[id=a680ad74-d0b5-404d-9505-4b7cb994baf3] Created FlowFile[3113,99015082745961.mockFlowFile,24B] from FlowFile[3112,99015082745961.mockFlowFile,24B]; routing to relationship simple
[pool-3878-thread-1] INFO org.apache.nifi.processors.standard.RouteText - RouteText[id=a680ad74-d0b5-404d-9505-4b7cb994baf3] Routing FlowFile[3112,99015082745961.mockFlowFile,24B] to original
[main] DEBUG org.apache.nifi.processors.standard.RouteText - RouteText[id=a680ad74-d0b5-404d-9505-4b7cb994baf3] Adding new dynamic property: PropertyDescriptor[simple]
[pool-3879-thread-1] INFO org.apache.nifi.processors.standard.RouteText - RouteText[id=a680ad74-d0b5-404d-9505-4b7cb994baf3] Created FlowFile[3115,99015083196039.mockFlowFile,24B] from FlowFile[3114,99015083196039.mockFlowFile,24B]; routing to relationship simple
[pool-3879-thread-1] INFO org.apache.nifi.processors.standard.RouteText - RouteText[id=a680ad74-d0b5-404d-9505-4b7cb994baf3] Routing FlowFile[3114,99015083196039.mockFlowFile,24B] to original
[main] DEBUG org.apache.nifi.processors.standard.RouteText - RouteText[id=a680ad74-d0b5-404d-9505-4b7cb994baf3] Adding new dynamic property: PropertyDescriptor[simple]
[pool-3880-thread-1] INFO org.apache.nifi.processors.standard.RouteText - RouteText[id=a680ad74-d0b5-404d-9505-4b7cb994baf3] Created FlowFile[3117,99015083616225.mockFlowFile,24B] from FlowFile[3116,99015083616225.mockFlowFile,24B]; routing to relationship simple
[pool-3880-thread-1] INFO org.apache.nifi.processors.standard.RouteText - RouteText[id=a680ad74-d0b5-404d-9505-4b7cb994baf3] Routing FlowFile[3116,99015083616225.mockFlowFile,24B] to original
[main] DEBUG org.apache.nifi.processors.standard.RouteText - RouteText[id=a680ad74-d0b5-404d-9505-4b7cb994baf3] Adding new dynamic property: PropertyDescriptor[simple]
[pool-3881-thread-1] INFO org.apache.nifi.processors.standard.RouteText - RouteText[id=a680ad74-d0b5-404d-9505-4b7cb994baf3] Created FlowFile[3119,99015084170710.mockFlowFile,24B] from FlowFile[3118,99015084170710.mockFlowFile,24B]; routing to relationship simple
[pool-3881-thread-1] INFO org.apache.nifi.processors.standard.RouteText - RouteText[id=a680ad74-d0b5-404d-9505-4b7cb994baf3] Routing FlowFile[3118,99015084170710.mockFlowFile,24B] to original
[main] DEBUG org.apache.nifi.processors.standard.RouteText - RouteText[id=a680ad74-d0b5-404d-9505-4b7cb994baf3] Adding new dynamic property: PropertyDescriptor[simple]
[pool-3882-thread-1] INFO org.apache.nifi.processors.standard.RouteText - RouteText[id=a680ad74-d0b5-404d-9505-4b7cb994baf3] Created FlowFile[3121,99015084614826.mockFlowFile,24B] from FlowFile[3120,99015084614826.mockFlowFile,24B]; routing to relationship simple
[pool-3882-thread-1] INFO org.apache.nifi.processors.standard.RouteText - RouteText[id=a680ad74-d0b5-404d-9505-4b7cb994baf3] Routing FlowFile[3120,99015084614826.mockFlowFile,24B] to original
[main] DEBUG org.apache.nifi.processors.standard.RouteText - RouteText[id=a680ad74-d0b5-404d-9505-4b7cb994baf3] Adding new dynamic property: PropertyDescriptor[simple]
[pool-3883-thread-1] INFO org.apache.nifi.processors.standard.RouteText - RouteText[id=a680ad74-d0b5-404d-9505-4b7cb994baf3] Created FlowFile[3123,99015085037428.mockFlowFile,24B] from FlowFile[3122,99015085037428.mockFlowFile,24B]; routing to relationship simple
[pool-3883-thread-1] INFO org.apache.nifi.processors.standard.RouteText - RouteText[id=a680ad74-d0b5-404d-9505-4b7cb994baf3] Routing FlowFile[3122,99015085037428.mockFlowFile,24B] to original
[main] DEBUG org.apache.nifi.processors.standard.RouteText - RouteText[id=a680ad74-d0b5-404d-9505-4b7cb994baf3] Adding new dynamic property: PropertyDescriptor[simple]
[pool-3884-thread-1] INFO org.apache.nifi.processors.standard.RouteText - RouteText[id=a680ad74-d0b5-404d-9505-4b7cb994baf3] Created FlowFile[3125,99015085455592.mockFlowFile,24B] from FlowFile[3124,99015085455592.mockFlowFile,24B]; routing to relationship simple
[pool-3884-thread-1] INFO org.apache.nifi.processors.standard.RouteText - RouteText[id=a680ad74-d0b5-404d-9505-4b7cb994baf3] Routing FlowFile[3124,99015085455592.mockFlowFile,24B] to original
[main] DEBUG org.apache.nifi.processors.standard.RouteText - RouteText[id=a680ad74-d0b5-404d-9505-4b7cb994baf3] Adding new dynamic property: PropertyDescriptor[simple]
[pool-3885-thread-1] INFO org.apache.nifi.processors.standard.RouteText - RouteText[id=a680ad74-d0b5-404d-9505-4b7cb994baf3] Created FlowFile[3127,99015085867391.mockFlowFile,24B] from FlowFile[3126,99015085867391.mockFlowFile,24B]; routing to relationship simple
[pool-3885-thread-1] INFO org.apache.nifi.processors.standard.RouteText - RouteText[id=a680ad74-d0b5-404d-9505-4b7cb994baf3] Routing FlowFile[3126,99015085867391.mockFlowFile,24B] to original
[main] DEBUG org.apache.nifi.processors.standard.RouteText - RouteText[id=a680ad74-d0b5-404d-9505-4b7cb994baf3] Adding new dynamic property: PropertyDescriptor[simple]
[pool-3886-thread-1] INFO org.apache.nifi.processors.standard.RouteText - RouteText[id=a680ad74-d0b5-404d-9505-4b7cb994baf3] Created FlowFile[3129,99015086276638.mockFlowFile,24B] from FlowFile[3128,99015086276638.mockFlowFile,24B]; routing to relationship simple
[pool-3886-thread-1] INFO org.apache.nifi.processors.standard.RouteText - RouteText[id=a680ad74-d0b5-404d-9505-4b7cb994baf3] Routing FlowFile[3128,99015086276638.mockFlowFile,24B] to original
[main] DEBUG org.apache.nifi.processors.standard.RouteText - RouteText[id=a680ad74-d0b5-404d-9505-4b7cb994baf3] Adding new dynamic property: PropertyDescriptor[simple]
[pool-3887-thread-1] INFO org.apache.nifi.processors.standard.RouteText - RouteText[id=a680ad74-d0b5-404d-9505-4b7cb994baf3] Created FlowFile[3131,99015086691245.mockFlowFile,24B] from FlowFile[3130,99015086691245.mockFlowFile,24B]; routing to relationship simple
[pool-3887-thread-1] INFO org.apache.nifi.processors.standard.RouteText - RouteText[id=a680ad74-d0b5-404d-9505-4b7cb994baf3] Routing FlowFile[3130,99015086691245.mockFlowFile,24B] to original
[main] DEBUG org.apache.nifi.processors.standard.RouteText - RouteText[id=a680ad74-d0b5-404d-9505-4b7cb994baf3] Adding new dynamic property: PropertyDescriptor[simple]
[pool-3888-thread-1] INFO org.apache.nifi.processors.standard.RouteText - RouteText[id=a680ad74-d0b5-404d-9505-4b7cb994baf3] Created FlowFile[3133,99015087183790.mockFlowFile,24B] from FlowFile[3132,99015087183790.mockFlowFile,24B]; routing to relationship simple
[pool-3888-thread-1] INFO org.apache.nifi.processors.standard.RouteText - RouteText[id=a680ad74-d0b5-404d-9505-4b7cb994baf3] Routing FlowFile[3132,99015087183790.mockFlowFile,24B] to original
[main] DEBUG org.apache.nifi.processors.standard.RouteText - RouteText[id=a680ad74-d0b5-404d-9505-4b7cb994baf3] Adding new dynamic property: PropertyDescriptor[simple]
[pool-3889-thread-1] INFO org.apache.nifi.processors.standard.RouteText - RouteText[id=a680ad74-d0b5-404d-9505-4b7cb994baf3] Created FlowFile[3135,99015087601980.mockFlowFile,24B] from FlowFile[3134,99015087601980.mockFlowFile,24B]; routing to relationship simple
[pool-3889-thread-1] INFO org.apache.nifi.processors.standard.RouteText - RouteText[id=a680ad74-d0b5-404d-9505-4b7cb994baf3] Routing FlowFile[3134,99015087601980.mockFlowFile,24B] to original
[main] DEBUG org.apache.nifi.processors.standard.RouteText - RouteText[id=a680ad74-d0b5-404d-9505-4b7cb994baf3] Adding new dynamic property: PropertyDescriptor[simple]
[pool-3890-thread-1] INFO org.apache.nifi.processors.standard.RouteText - RouteText[id=a680ad74-d0b5-404d-9505-4b7cb994baf3] Created FlowFile[3137,99015088058482.mockFlowFile,24B] from FlowFile[3136,99015088058482.mockFlowFile,24B]; routing to relationship simple
[pool-3890-thread-1] INFO org.apache.nifi.processors.standard.RouteText - RouteText[id=a680ad74-d0b5-404d-9505-4b7cb994baf3] Routing FlowFile[3136,99015088058482.mockFlowFile,24B] to original
[main] DEBUG org.apache.nifi.processors.standard.RouteText - RouteText[id=a680ad74-d0b5-404d-9505-4b7cb994baf3] Adding new dynamic property: PropertyDescriptor[simple]
[pool-3891-thread-1] INFO org.apache.nifi.processors.standard.RouteText - RouteText[id=a680ad74-d0b5-404d-9505-4b7cb994baf3] Created FlowFile[3139,99015088511251.mockFlowFile,24B] from FlowFile[3138,99015088511251.mockFlowFile,24B]; routing to relationship simple
[pool-3891-thread-1] INFO org.apache.nifi.processors.standard.RouteText - RouteText[id=a680ad74-d0b5-404d-9505-4b7cb994baf3] Routing FlowFile[3138,99015088511251.mockFlowFile,24B] to original
[main] DEBUG org.apache.nifi.processors.standard.RouteText - RouteText[id=a680ad74-d0b5-404d-9505-4b7cb994baf3] Adding new dynamic property: PropertyDescriptor[simple]
[pool-3892-thread-1] INFO org.apache.nifi.processors.standard.RouteText - RouteText[id=a680ad74-d0b5-404d-9505-4b7cb994baf3] Created FlowFile[3141,99015089033195.mockFlowFile,24B] from FlowFile[3140,99015089033195.mockFlowFile,24B]; routing to relationship simple
[pool-3892-thread-1] INFO org.apache.nifi.processors.standard.RouteText - RouteText[id=a680ad74-d0b5-404d-9505-4b7cb994baf3] Routing FlowFile[3140,99015089033195.mockFlowFile,24B] to original
[main] DEBUG org.apache.nifi.processors.standard.RouteText - RouteText[id=a680ad74-d0b5-404d-9505-4b7cb994baf3] Adding new dynamic property: PropertyDescriptor[simple]
[pool-3893-thread-1] INFO org.apache.nifi.processors.standard.RouteText - RouteText[id=a680ad74-d0b5-404d-9505-4b7cb994baf3] Created FlowFile[3143,99015089492125.mockFlowFile,24B] from FlowFile[3142,99015089492125.mockFlowFile,24B]; routing to relationship simple
[pool-3893-thread-1] INFO org.apache.nifi.processors.standard.RouteText - RouteText[id=a680ad74-d0b5-404d-9505-4b7cb994baf3] Routing FlowFile[3142,99015089492125.mockFlowFile,24B] to original
[main] DEBUG org.apache.nifi.processors.standard.RouteText - RouteText[id=a680ad74-d0b5-404d-9505-4b7cb994baf3] Adding new dynamic property: PropertyDescriptor[simple]
[pool-3894-thread-1] INFO org.apache.nifi.processors.standard.RouteText - RouteText[id=a680ad74-d0b5-404d-9505-4b7cb994baf3] Created FlowFile[3145,99015089920129.mockFlowFile,24B] from FlowFile[3144,99015089920129.mockFlowFile,24B]; routing to relationship simple
[pool-3894-thread-1] INFO org.apache.nifi.processors.standard.RouteText - RouteText[id=a680ad74-d0b5-404d-9505-4b7cb994baf3] Routing FlowFile[3144,99015089920129.mockFlowFile,24B] to original
[main] DEBUG org.apache.nifi.processors.standard.RouteText - RouteText[id=a680ad74-d0b5-404d-9505-4b7cb994baf3] Adding new dynamic property: PropertyDescriptor[simple]
[pool-3895-thread-1] INFO org.apache.nifi.processors.standard.RouteText - RouteText[id=a680ad74-d0b5-404d-9505-4b7cb994baf3] Created FlowFile[3147,99015090326410.mockFlowFile,24B] from FlowFile[3146,99015090326410.mockFlowFile,24B]; routing to relationship simple
[pool-3895-thread-1] INFO org.apache.nifi.processors.standard.RouteText - RouteText[id=a680ad74-d0b5-404d-9505-4b7cb994baf3] Routing FlowFile[3146,99015090326410.mockFlowFile,24B] to original
[main] DEBUG org.apache.nifi.processors.standard.RouteText - RouteText[id=a680ad74-d0b5-404d-9505-4b7cb994baf3] Adding new dynamic property: PropertyDescriptor[simple]
[pool-3896-thread-1] INFO org.apache.nifi.processors.standard.RouteText - RouteText[id=a680ad74-d0b5-404d-9505-4b7cb994baf3] Created FlowFile[3149,99015090733565.mockFlowFile,24B] from FlowFile[3148,99015090733565.mockFlowFile,24B]; routing to relationship simple
[pool-3896-thread-1] INFO org.apache.nifi.processors.standard.RouteText - RouteText[id=a680ad74-d0b5-404d-9505-4b7cb994baf3] Routing FlowFile[3148,99015090733565.mockFlowFile,24B] to original
[main] DEBUG org.apache.nifi.processors.standard.RouteText - RouteText[id=a680ad74-d0b5-404d-9505-4b7cb994baf3] Adding new dynamic property: PropertyDescriptor[simple]
[pool-3897-thread-1] INFO org.apache.nifi.processors.standard.RouteText - RouteText[id=a680ad74-d0b5-404d-9505-4b7cb994baf3] Created FlowFile[3151,99015091142796.mockFlowFile,24B] from FlowFile[3150,99015091142796.mockFlowFile,24B]; routing to relationship simple
[pool-3897-thread-1] INFO org.apache.nifi.processors.standard.RouteText - RouteText[id=a680ad74-d0b5-404d-9505-4b7cb994baf3] Routing FlowFile[3150,99015091142796.mockFlowFile,24B] to original
[main] DEBUG org.apache.nifi.processors.standard.RouteText - RouteText[id=a680ad74-d0b5-404d-9505-4b7cb994baf3] Adding new dynamic property: PropertyDescriptor[simple]
[pool-3898-thread-1] INFO org.apache.nifi.processors.standard.RouteText - RouteText[id=a680ad74-d0b5-404d-9505-4b7cb994baf3] Created FlowFile[3153,99015091571164.mockFlowFile,24B] from FlowFile[3152,99015091571164.mockFlowFile,24B]; routing to relationship simple
[pool-3898-thread-1] INFO org.apache.nifi.processors.standard.RouteText - RouteText[id=a680ad74-d0b5-404d-9505-4b7cb994baf3] Routing FlowFile[3152,99015091571164.mockFlowFile,24B] to original
[main] DEBUG org.apache.nifi.processors.standard.RouteText - RouteText[id=a680ad74-d0b5-404d-9505-4b7cb994baf3] Adding new dynamic property: PropertyDescriptor[simple]
[pool-3899-thread-1] INFO org.apache.nifi.processors.standard.RouteText - RouteText[id=a680ad74-d0b5-404d-9505-4b7cb994baf3] Created FlowFile[3155,99015091989868.mockFlowFile,24B] from FlowFile[3154,99015091989868.mockFlowFile,24B]; routing to relationship simple
[pool-3899-thread-1] INFO org.apache.nifi.processors.standard.RouteText - RouteText[id=a680ad74-d0b5-404d-9505-4b7cb994baf3] Routing FlowFile[3154,99015091989868.mockFlowFile,24B] to original
[main] DEBUG org.apache.nifi.processors.standard.RouteText - RouteText[id=a680ad74-d0b5-404d-9505-4b7cb994baf3] Adding new dynamic property: PropertyDescriptor[simple]
[pool-3900-thread-1] INFO org.apache.nifi.processors.standard.RouteText - RouteText[id=a680ad74-d0b5-404d-9505-4b7cb994baf3] Created FlowFile[3157,99015092402093.mockFlowFile,24B] from FlowFile[3156,99015092402093.mockFlowFile,24B]; routing to relationship simple
[pool-3900-thread-1] INFO org.apache.nifi.processors.standard.RouteText - RouteText[id=a680ad74-d0b5-404d-9505-4b7cb994baf3] Routing FlowFile[3156,99015092402093.mockFlowFile,24B] to original
[main] DEBUG org.apache.nifi.processors.standard.RouteText - RouteText[id=a680ad74-d0b5-404d-9505-4b7cb994baf3] Adding new dynamic property: PropertyDescriptor[simple]
[pool-3901-thread-1] INFO org.apache.nifi.processors.standard.RouteText - RouteText[id=a680ad74-d0b5-404d-9505-4b7cb994baf3] Created FlowFile[3159,99015092801477.mockFlowFile,24B] from FlowFile[3158,99015092801477.mockFlowFile,24B]; routing to relationship simple
[pool-3901-thread-1] INFO org.apache.nifi.processors.standard.RouteText - RouteText[id=a680ad74-d0b5-404d-9505-4b7cb994baf3] Routing FlowFile[3158,99015092801477.mockFlowFile,24B] to original
[main] DEBUG org.apache.nifi.processors.standard.RouteText - RouteText[id=a680ad74-d0b5-404d-9505-4b7cb994baf3] Adding new dynamic property: PropertyDescriptor[simple]
[pool-3902-thread-1] INFO org.apache.nifi.processors.standard.RouteText - RouteText[id=a680ad74-d0b5-404d-9505-4b7cb994baf3] Created FlowFile[3161,99015093246609.mockFlowFile,24B] from FlowFile[3160,99015093246609.mockFlowFile,24B]; routing to relationship simple
[pool-3902-thread-1] INFO org.apache.nifi.processors.standard.RouteText - RouteText[id=a680ad74-d0b5-404d-9505-4b7cb994baf3] Routing FlowFile[3160,99015093246609.mockFlowFile,24B] to original
[main] DEBUG org.apache.nifi.processors.standard.RouteText - RouteText[id=a680ad74-d0b5-404d-9505-4b7cb994baf3] Adding new dynamic property: PropertyDescriptor[simple]
[pool-3903-thread-1] INFO org.apache.nifi.processors.standard.RouteText - RouteText[id=a680ad74-d0b5-404d-9505-4b7cb994baf3] Created FlowFile[3163,99015093716243.mockFlowFile,24B] from FlowFile[3162,99015093716243.mockFlowFile,24B]; routing to relationship simple
[pool-3903-thread-1] INFO org.apache.nifi.processors.standard.RouteText - RouteText[id=a680ad74-d0b5-404d-9505-4b7cb994baf3] Routing FlowFile[3162,99015093716243.mockFlowFile,24B] to original
[main] DEBUG org.apache.nifi.processors.standard.RouteText - RouteText[id=a680ad74-d0b5-404d-9505-4b7cb994baf3] Adding new dynamic property: PropertyDescriptor[simple]
[pool-3904-thread-1] INFO org.apache.nifi.processors.standard.RouteText - RouteText[id=a680ad74-d0b5-404d-9505-4b7cb994baf3] Created FlowFile[3165,99015094154983.mockFlowFile,24B] from FlowFile[3164,99015094154983.mockFlowFile,24B]; routing to relationship simple
[pool-3904-thread-1] INFO org.apache.nifi.processors.standard.RouteText - RouteText[id=a680ad74-d0b5-404d-9505-4b7cb994baf3] Routing FlowFile[3164,99015094154983.mockFlowFile,24B] to original
[main] DEBUG org.apache.nifi.processors.standard.RouteText - RouteText[id=a680ad74-d0b5-404d-9505-4b7cb994baf3] Adding new dynamic property: PropertyDescriptor[simple]
[pool-3905-thread-1] INFO org.apache.nifi.processors.standard.RouteText - RouteText[id=a680ad74-d0b5-404d-9505-4b7cb994baf3] Created FlowFile[3167,99015094577440.mockFlowFile,24B] from FlowFile[3166,99015094577440.mockFlowFile,24B]; routing to relationship simple
[pool-3905-thread-1] INFO org.apache.nifi.processors.standard.RouteText - RouteText[id=a680ad74-d0b5-404d-9505-4b7cb994baf3] Routing FlowFile[3166,99015094577440.mockFlowFile,24B] to original
[main] DEBUG org.apache.nifi.processors.standard.RouteText - RouteText[id=a680ad74-d0b5-404d-9505-4b7cb994baf3] Adding new dynamic property: PropertyDescriptor[simple]
[pool-3906-thread-1] INFO org.apache.nifi.processors.standard.RouteText - RouteText[id=a680ad74-d0b5-404d-9505-4b7cb994baf3] Created FlowFile[3169,99015094998804.mockFlowFile,24B] from FlowFile[3168,99015094998804.mockFlowFile,24B]; routing to relationship simple
[pool-3906-thread-1] INFO org.apache.nifi.processors.standard.RouteText - RouteText[id=a680ad74-d0b5-404d-9505-4b7cb994baf3] Routing FlowFile[3168,99015094998804.mockFlowFile,24B] to original
[main] DEBUG org.apache.nifi.processors.standard.RouteText - RouteText[id=a680ad74-d0b5-404d-9505-4b7cb994baf3] Adding new dynamic property: PropertyDescriptor[simple]
[pool-3907-thread-1] INFO org.apache.nifi.processors.standard.RouteText - RouteText[id=a680ad74-d0b5-404d-9505-4b7cb994baf3] Created FlowFile[3171,99015095398329.mockFlowFile,24B] from FlowFile[3170,99015095398329.mockFlowFile,24B]; routing to relationship simple
[pool-3907-thread-1] INFO org.apache.nifi.processors.standard.RouteText - RouteText[id=a680ad74-d0b5-404d-9505-4b7cb994baf3] Routing FlowFile[3170,99015095398329.mockFlowFile,24B] to original
[main] DEBUG org.apache.nifi.processors.standard.RouteText - RouteText[id=a680ad74-d0b5-404d-9505-4b7cb994baf3] Adding new dynamic property: PropertyDescriptor[simple]
[pool-3908-thread-1] INFO org.apache.nifi.processors.standard.RouteText - RouteText[id=a680ad74-d0b5-404d-9505-4b7cb994baf3] Created FlowFile[3173,99015095810493.mockFlowFile,24B] from FlowFile[3172,99015095810493.mockFlowFile,24B]; routing to relationship simple
[pool-3908-thread-1] INFO org.apache.nifi.processors.standard.RouteText - RouteText[id=a680ad74-d0b5-404d-9505-4b7cb994baf3] Routing FlowFile[3172,99015095810493.mockFlowFile,24B] to original
[main] DEBUG org.apache.nifi.processors.standard.RouteText - RouteText[id=a680ad74-d0b5-404d-9505-4b7cb994baf3] Adding new dynamic property: PropertyDescriptor[simple]
[pool-3909-thread-1] INFO org.apache.nifi.processors.standard.RouteText - RouteText[id=a680ad74-d0b5-404d-9505-4b7cb994baf3] Created FlowFile[3175,99015096325840.mockFlowFile,24B] from FlowFile[3174,99015096325840.mockFlowFile,24B]; routing to relationship simple
[pool-3909-thread-1] INFO org.apache.nifi.processors.standard.RouteText - RouteText[id=a680ad74-d0b5-404d-9505-4b7cb994baf3] Routing FlowFile[3174,99015096325840.mockFlowFile,24B] to original
[main] DEBUG org.apache.nifi.processors.standard.RouteText - RouteText[id=a680ad74-d0b5-404d-9505-4b7cb994baf3] Adding new dynamic property: PropertyDescriptor[simple]
[pool-3910-thread-1] INFO org.apache.nifi.processors.standard.RouteText - RouteText[id=a680ad74-d0b5-404d-9505-4b7cb994baf3] Created FlowFile[3177,99015096820593.mockFlowFile,24B] from FlowFile[3176,99015096820593.mockFlowFile,24B]; routing to relationship simple
[pool-3910-thread-1] INFO org.apache.nifi.processors.standard.RouteText - RouteText[id=a680ad74-d0b5-404d-9505-4b7cb994baf3] Routing FlowFile[3176,99015096820593.mockFlowFile,24B] to original
[main] DEBUG org.apache.nifi.processors.standard.RouteText - RouteText[id=a680ad74-d0b5-404d-9505-4b7cb994baf3] Adding new dynamic property: PropertyDescriptor[simple]
[pool-3911-thread-1] INFO org.apache.nifi.processors.standard.RouteText - RouteText[id=a680ad74-d0b5-404d-9505-4b7cb994baf3] Created FlowFile[3179,99015097284145.mockFlowFile,24B] from FlowFile[3178,99015097284145.mockFlowFile,24B]; routing to relationship simple
[pool-3911-thread-1] INFO org.apache.nifi.processors.standard.RouteText - RouteText[id=a680ad74-d0b5-404d-9505-4b7cb994baf3] Routing FlowFile[3178,99015097284145.mockFlowFile,24B] to original
[main] DEBUG org.apache.nifi.processors.standard.RouteText - RouteText[id=a680ad74-d0b5-404d-9505-4b7cb994baf3] Adding new dynamic property: PropertyDescriptor[simple]
[pool-3912-thread-1] INFO org.apache.nifi.processors.standard.RouteText - RouteText[id=a680ad74-d0b5-404d-9505-4b7cb994baf3] Created FlowFile[3181,99015097745000.mockFlowFile,24B] from FlowFile[3180,99015097745000.mockFlowFile,24B]; routing to relationship simple
[pool-3912-thread-1] INFO org.apache.nifi.processors.standard.RouteText - RouteText[id=a680ad74-d0b5-404d-9505-4b7cb994baf3] Routing FlowFile[3180,99015097745000.mockFlowFile,24B] to original
[main] DEBUG org.apache.nifi.processors.standard.RouteText - RouteText[id=a680ad74-d0b5-404d-9505-4b7cb994baf3] Adding new dynamic property: PropertyDescriptor[simple]
[pool-3913-thread-1] INFO org.apache.nifi.processors.standard.RouteText - RouteText[id=a680ad74-d0b5-404d-9505-4b7cb994baf3] Created FlowFile[3183,99015098221035.mockFlowFile,24B] from FlowFile[3182,99015098221035.mockFlowFile,24B]; routing to relationship simple
[pool-3913-thread-1] INFO org.apache.nifi.processors.standard.RouteText - RouteText[id=a680ad74-d0b5-404d-9505-4b7cb994baf3] Routing FlowFile[3182,99015098221035.mockFlowFile,24B] to original
[main] DEBUG org.apache.nifi.processors.standard.RouteText - RouteText[id=a680ad74-d0b5-404d-9505-4b7cb994baf3] Adding new dynamic property: PropertyDescriptor[simple]
[pool-3914-thread-1] INFO org.apache.nifi.processors.standard.RouteText - RouteText[id=a680ad74-d0b5-404d-9505-4b7cb994baf3] Created FlowFile[3185,99015098686146.mockFlowFile,24B] from FlowFile[3184,99015098686146.mockFlowFile,24B]; routing to relationship simple
[pool-3914-thread-1] INFO org.apache.nifi.processors.standard.RouteText - RouteText[id=a680ad74-d0b5-404d-9505-4b7cb994baf3] Routing FlowFile[3184,99015098686146.mockFlowFile,24B] to original
[main] DEBUG org.apache.nifi.processors.standard.RouteText - RouteText[id=a680ad74-d0b5-404d-9505-4b7cb994baf3] Adding new dynamic property: PropertyDescriptor[simple]
[pool-3915-thread-1] INFO org.apache.nifi.processors.standard.RouteText - RouteText[id=a680ad74-d0b5-404d-9505-4b7cb994baf3] Created FlowFile[3187,99015099116077.mockFlowFile,24B] from FlowFile[3186,99015099116077.mockFlowFile,24B]; routing to relationship simple
[pool-3915-thread-1] INFO org.apache.nifi.processors.standard.RouteText - RouteText[id=a680ad74-d0b5-404d-9505-4b7cb994baf3] Routing FlowFile[3186,99015099116077.mockFlowFile,24B] to original
[main] DEBUG org.apache.nifi.processors.standard.RouteText - RouteText[id=a680ad74-d0b5-404d-9505-4b7cb994baf3] Adding new dynamic property: PropertyDescriptor[simple]
[pool-3916-thread-1] INFO org.apache.nifi.processors.standard.RouteText - RouteText[id=a680ad74-d0b5-404d-9505-4b7cb994baf3] Created FlowFile[3189,99015099558465.mockFlowFile,24B] from FlowFile[3188,99015099558465.mockFlowFile,24B]; routing to relationship simple
[pool-3916-thread-1] INFO org.apache.nifi.processors.standard.RouteText - RouteText[id=a680ad74-d0b5-404d-9505-4b7cb994baf3] Routing FlowFile[3188,99015099558465.mockFlowFile,24B] to original
[main] DEBUG org.apache.nifi.processors.standard.RouteText - RouteText[id=a680ad74-d0b5-404d-9505-4b7cb994baf3] Adding new dynamic property: PropertyDescriptor[simple]
[pool-3917-thread-1] INFO org.apache.nifi.processors.standard.RouteText - RouteText[id=a680ad74-d0b5-404d-9505-4b7cb994baf3] Created FlowFile[3191,99015102437334.mockFlowFile,24B] from FlowFile[3190,99015102437334.mockFlowFile,24B]; routing to relationship simple
[pool-3917-thread-1] INFO org.apache.nifi.processors.standard.RouteText - RouteText[id=a680ad74-d0b5-404d-9505-4b7cb994baf3] Routing FlowFile[3190,99015102437334.mockFlowFile,24B] to original
[main] DEBUG org.apache.nifi.processors.standard.RouteText - RouteText[id=a680ad74-d0b5-404d-9505-4b7cb994baf3] Adding new dynamic property: PropertyDescriptor[simple]
[pool-3918-thread-1] INFO org.apache.nifi.processors.standard.RouteText - RouteText[id=a680ad74-d0b5-404d-9505-4b7cb994baf3] Created FlowFile[3193,99015103240331.mockFlowFile,24B] from FlowFile[3192,99015103240331.mockFlowFile,24B]; routing to relationship simple
[pool-3918-thread-1] INFO org.apache.nifi.processors.standard.RouteText - RouteText[id=a680ad74-d0b5-404d-9505-4b7cb994baf3] Routing FlowFile[3192,99015103240331.mockFlowFile,24B] to original
[main] DEBUG org.apache.nifi.processors.standard.RouteText - RouteText[id=a680ad74-d0b5-404d-9505-4b7cb994baf3] Adding new dynamic property: PropertyDescriptor[simple]
[pool-3919-thread-1] INFO org.apache.nifi.processors.standard.RouteText - RouteText[id=a680ad74-d0b5-404d-9505-4b7cb994baf3] Created FlowFile[3195,99015103785246.mockFlowFile,24B] from FlowFile[3194,99015103785246.mockFlowFile,24B]; routing to relationship simple
[pool-3919-thread-1] INFO org.apache.nifi.processors.standard.RouteText - RouteText[id=a680ad74-d0b5-404d-9505-4b7cb994baf3] Routing FlowFile[3194,99015103785246.mockFlowFile,24B] to original
[main] DEBUG org.apache.nifi.processors.standard.RouteText - RouteText[id=a680ad74-d0b5-404d-9505-4b7cb994baf3] Adding new dynamic property: PropertyDescriptor[simple]
[pool-3920-thread-1] INFO org.apache.nifi.processors.standard.RouteText - RouteText[id=a680ad74-d0b5-404d-9505-4b7cb994baf3] Created FlowFile[3197,99015104308445.mockFlowFile,24B] from FlowFile[3196,99015104308445.mockFlowFile,24B]; routing to relationship simple
[pool-3920-thread-1] INFO org.apache.nifi.processors.standard.RouteText - RouteText[id=a680ad74-d0b5-404d-9505-4b7cb994baf3] Routing FlowFile[3196,99015104308445.mockFlowFile,24B] to original
[main] DEBUG org.apache.nifi.processors.standard.RouteText - RouteText[id=a680ad74-d0b5-404d-9505-4b7cb994baf3] Adding new dynamic property: PropertyDescriptor[simple]
[pool-3921-thread-1] INFO org.apache.nifi.processors.standard.RouteText - RouteText[id=a680ad74-d0b5-404d-9505-4b7cb994baf3] Created FlowFile[3199,99015104843255.mockFlowFile,24B] from FlowFile[3198,99015104843255.mockFlowFile,24B]; routing to relationship simple
[pool-3921-thread-1] INFO org.apache.nifi.processors.standard.RouteText - RouteText[id=a680ad74-d0b5-404d-9505-4b7cb994baf3] Routing FlowFile[3198,99015104843255.mockFlowFile,24B] to original
[main] DEBUG org.apache.nifi.processors.standard.RouteText - RouteText[id=a680ad74-d0b5-404d-9505-4b7cb994baf3] Adding new dynamic property: PropertyDescriptor[simple]
[pool-3922-thread-1] INFO org.apache.nifi.processors.standard.RouteText - RouteText[id=a680ad74-d0b5-404d-9505-4b7cb994baf3] Created FlowFile[3201,99015105380299.mockFlowFile,24B] from FlowFile[3200,99015105380299.mockFlowFile,24B]; routing to relationship simple
[pool-3922-thread-1] INFO org.apache.nifi.processors.standard.RouteText - RouteText[id=a680ad74-d0b5-404d-9505-4b7cb994baf3] Routing FlowFile[3200,99015105380299.mockFlowFile,24B] to original
[main] DEBUG org.apache.nifi.processors.standard.RouteText - RouteText[id=a680ad74-d0b5-404d-9505-4b7cb994baf3] Adding new dynamic property: PropertyDescriptor[simple]
[pool-3923-thread-1] INFO org.apache.nifi.processors.standard.RouteText - RouteText[id=a680ad74-d0b5-404d-9505-4b7cb994baf3] Created FlowFile[3203,99015105886749.mockFlowFile,24B] from FlowFile[3202,99015105886749.mockFlowFile,24B]; routing to relationship simple
[pool-3923-thread-1] INFO org.apache.nifi.processors.standard.RouteText - RouteText[id=a680ad74-d0b5-404d-9505-4b7cb994baf3] Routing FlowFile[3202,99015105886749.mockFlowFile,24B] to original
[main] DEBUG org.apache.nifi.processors.standard.RouteText - RouteText[id=a680ad74-d0b5-404d-9505-4b7cb994baf3] Adding new dynamic property: PropertyDescriptor[simple]
[pool-3924-thread-1] INFO org.apache.nifi.processors.standard.RouteText - RouteText[id=a680ad74-d0b5-404d-9505-4b7cb994baf3] Created FlowFile[3205,99015106372896.mockFlowFile,24B] from FlowFile[3204,99015106372896.mockFlowFile,24B]; routing to relationship simple
[pool-3924-thread-1] INFO org.apache.nifi.processors.standard.RouteText - RouteText[id=a680ad74-d0b5-404d-9505-4b7cb994baf3] Routing FlowFile[3204,99015106372896.mockFlowFile,24B] to original
[main] DEBUG org.apache.nifi.processors.standard.RouteText - RouteText[id=a680ad74-d0b5-404d-9505-4b7cb994baf3] Adding new dynamic property: PropertyDescriptor[simple]
[pool-3925-thread-1] INFO org.apache.nifi.processors.standard.RouteText - RouteText[id=a680ad74-d0b5-404d-9505-4b7cb994baf3] Created FlowFile[3207,99015106826167.mockFlowFile,24B] from FlowFile[3206,99015106826167.mockFlowFile,24B]; routing to relationship simple
[pool-3925-thread-1] INFO org.apache.nifi.processors.standard.RouteText - RouteText[id=a680ad74-d0b5-404d-9505-4b7cb994baf3] Routing FlowFile[3206,99015106826167.mockFlowFile,24B] to original
[main] DEBUG org.apache.nifi.processors.standard.RouteText - RouteText[id=a680ad74-d0b5-404d-9505-4b7cb994baf3] Adding new dynamic property: PropertyDescriptor[simple]
[pool-3926-thread-1] INFO org.apache.nifi.processors.standard.RouteText - RouteText[id=a680ad74-d0b5-404d-9505-4b7cb994baf3] Created FlowFile[3209,99015107312776.mockFlowFile,24B] from FlowFile[3208,99015107312776.mockFlowFile,24B]; routing to relationship simple
[pool-3926-thread-1] INFO org.apache.nifi.processors.standard.RouteText - RouteText[id=a680ad74-d0b5-404d-9505-4b7cb994baf3] Routing FlowFile[3208,99015107312776.mockFlowFile,24B] to original
[main] DEBUG org.apache.nifi.processors.standard.RouteText - RouteText[id=a680ad74-d0b5-404d-9505-4b7cb994baf3] Adding new dynamic property: PropertyDescriptor[simple]
[pool-3927-thread-1] INFO org.apache.nifi.processors.standard.RouteText - RouteText[id=a680ad74-d0b5-404d-9505-4b7cb994baf3] Created FlowFile[3211,99015107796032.mockFlowFile,24B] from FlowFile[3210,99015107796032.mockFlowFile,24B]; routing to relationship simple
[pool-3927-thread-1] INFO org.apache.nifi.processors.standard.RouteText - RouteText[id=a680ad74-d0b5-404d-9505-4b7cb994baf3] Routing FlowFile[3210,99015107796032.mockFlowFile,24B] to original
[main] DEBUG org.apache.nifi.processors.standard.RouteText - RouteText[id=a680ad74-d0b5-404d-9505-4b7cb994baf3] Adding new dynamic property: PropertyDescriptor[simple]
[pool-3928-thread-1] INFO org.apache.nifi.processors.standard.RouteText - RouteText[id=a680ad74-d0b5-404d-9505-4b7cb994baf3] Created FlowFile[3213,99015108267126.mockFlowFile,24B] from FlowFile[3212,99015108267126.mockFlowFile,24B]; routing to relationship simple
[pool-3928-thread-1] INFO org.apache.nifi.processors.standard.RouteText - RouteText[id=a680ad74-d0b5-404d-9505-4b7cb994baf3] Routing FlowFile[3212,99015108267126.mockFlowFile,24B] to original
[main] DEBUG org.apache.nifi.processors.standard.RouteText - RouteText[id=a680ad74-d0b5-404d-9505-4b7cb994baf3] Adding new dynamic property: PropertyDescriptor[simple]
[pool-3929-thread-1] INFO org.apache.nifi.processors.standard.RouteText - RouteText[id=a680ad74-d0b5-404d-9505-4b7cb994baf3] Created FlowFile[3215,99015108772386.mockFlowFile,24B] from FlowFile[3214,99015108772386.mockFlowFile,24B]; routing to relationship simple
[pool-3929-thread-1] INFO org.apache.nifi.processors.standard.RouteText - RouteText[id=a680ad74-d0b5-404d-9505-4b7cb994baf3] Routing FlowFile[3214,99015108772386.mockFlowFile,24B] to original
[main] DEBUG org.apache.nifi.processors.standard.RouteText - RouteText[id=a680ad74-d0b5-404d-9505-4b7cb994baf3] Adding new dynamic property: PropertyDescriptor[simple]
[pool-3930-thread-1] INFO org.apache.nifi.processors.standard.RouteText - RouteText[id=a680ad74-d0b5-404d-9505-4b7cb994baf3] Created FlowFile[3217,99015109234502.mockFlowFile,24B] from FlowFile[3216,99015109234502.mockFlowFile,24B]; routing to relationship simple
[pool-3930-thread-1] INFO org.apache.nifi.processors.standard.RouteText - RouteText[id=a680ad74-d0b5-404d-9505-4b7cb994baf3] Routing FlowFile[3216,99015109234502.mockFlowFile,24B] to original
[main] DEBUG org.apache.nifi.processors.standard.RouteText - RouteText[id=a680ad74-d0b5-404d-9505-4b7cb994baf3] Adding new dynamic property: PropertyDescriptor[simple]
[pool-3931-thread-1] INFO org.apache.nifi.processors.standard.RouteText - RouteText[id=a680ad74-d0b5-404d-9505-4b7cb994baf3] Created FlowFile[3219,99015109669844.mockFlowFile,24B] from FlowFile[3218,99015109669844.mockFlowFile,24B]; routing to relationship simple
[pool-3931-thread-1] INFO org.apache.nifi.processors.standard.RouteText - RouteText[id=a680ad74-d0b5-404d-9505-4b7cb994baf3] Routing FlowFile[3218,99015109669844.mockFlowFile,24B] to original
[main] DEBUG org.apache.nifi.processors.standard.RouteText - RouteText[id=a680ad74-d0b5-404d-9505-4b7cb994baf3] Adding new dynamic property: PropertyDescriptor[simple]
[pool-3932-thread-1] INFO org.apache.nifi.processors.standard.RouteText - RouteText[id=a680ad74-d0b5-404d-9505-4b7cb994baf3] Created FlowFile[3221,99015110106611.mockFlowFile,24B] from FlowFile[3220,99015110106611.mockFlowFile,24B]; routing to relationship simple
[pool-3932-thread-1] INFO org.apache.nifi.processors.standard.RouteText - RouteText[id=a680ad74-d0b5-404d-9505-4b7cb994baf3] Routing FlowFile[3220,99015110106611.mockFlowFile,24B] to original
[main] DEBUG org.apache.nifi.processors.standard.RouteText - RouteText[id=a680ad74-d0b5-404d-9505-4b7cb994baf3] Adding new dynamic property: PropertyDescriptor[simple]
[pool-3933-thread-1] INFO org.apache.nifi.processors.standard.RouteText - RouteText[id=a680ad74-d0b5-404d-9505-4b7cb994baf3] Created FlowFile[3223,99015110518560.mockFlowFile,24B] from FlowFile[3222,99015110518560.mockFlowFile,24B]; routing to relationship simple
[pool-3933-thread-1] INFO org.apache.nifi.processors.standard.RouteText - RouteText[id=a680ad74-d0b5-404d-9505-4b7cb994baf3] Routing FlowFile[3222,99015110518560.mockFlowFile,24B] to original
[main] DEBUG org.apache.nifi.processors.standard.RouteText - RouteText[id=a680ad74-d0b5-404d-9505-4b7cb994baf3] Adding new dynamic property: PropertyDescriptor[simple]
[pool-3934-thread-1] INFO org.apache.nifi.processors.standard.RouteText - RouteText[id=a680ad74-d0b5-404d-9505-4b7cb994baf3] Created FlowFile[3225,99015110920077.mockFlowFile,24B] from FlowFile[3224,99015110920077.mockFlowFile,24B]; routing to relationship simple
[pool-3934-thread-1] INFO org.apache.nifi.processors.standard.RouteText - RouteText[id=a680ad74-d0b5-404d-9505-4b7cb994baf3] Routing FlowFile[3224,99015110920077.mockFlowFile,24B] to original
[main] DEBUG org.apache.nifi.processors.standard.RouteText - RouteText[id=a680ad74-d0b5-404d-9505-4b7cb994baf3] Adding new dynamic property: PropertyDescriptor[simple]
[pool-3935-thread-1] INFO org.apache.nifi.processors.standard.RouteText - RouteText[id=a680ad74-d0b5-404d-9505-4b7cb994baf3] Created FlowFile[3227,99015111320709.mockFlowFile,24B] from FlowFile[3226,99015111320709.mockFlowFile,24B]; routing to relationship simple
[pool-3935-thread-1] INFO org.apache.nifi.processors.standard.RouteText - RouteText[id=a680ad74-d0b5-404d-9505-4b7cb994baf3] Routing FlowFile[3226,99015111320709.mockFlowFile,24B] to original
[main] DEBUG org.apache.nifi.processors.standard.RouteText - RouteText[id=a680ad74-d0b5-404d-9505-4b7cb994baf3] Adding new dynamic property: PropertyDescriptor[simple]
[pool-3936-thread-1] INFO org.apache.nifi.processors.standard.RouteText - RouteText[id=a680ad74-d0b5-404d-9505-4b7cb994baf3] Created FlowFile[3229,99015111730921.mockFlowFile,24B] from FlowFile[3228,99015111730921.mockFlowFile,24B]; routing to relationship simple
[pool-3936-thread-1] INFO org.apache.nifi.processors.standard.RouteText - RouteText[id=a680ad74-d0b5-404d-9505-4b7cb994baf3] Routing FlowFile[3228,99015111730921.mockFlowFile,24B] to original
[main] DEBUG org.apache.nifi.processors.standard.RouteText - RouteText[id=a680ad74-d0b5-404d-9505-4b7cb994baf3] Adding new dynamic property: PropertyDescriptor[simple]
[pool-3937-thread-1] INFO org.apache.nifi.processors.standard.RouteText - RouteText[id=a680ad74-d0b5-404d-9505-4b7cb994baf3] Created FlowFile[3231,99015112152239.mockFlowFile,24B] from FlowFile[3230,99015112152239.mockFlowFile,24B]; routing to relationship simple
[pool-3937-thread-1] INFO org.apache.nifi.processors.standard.RouteText - RouteText[id=a680ad74-d0b5-404d-9505-4b7cb994baf3] Routing FlowFile[3230,99015112152239.mockFlowFile,24B] to original
[main] DEBUG org.apache.nifi.processors.standard.RouteText - RouteText[id=a680ad74-d0b5-404d-9505-4b7cb994baf3] Adding new dynamic property: PropertyDescriptor[simple]
[pool-3938-thread-1] INFO org.apache.nifi.processors.standard.RouteText - RouteText[id=a680ad74-d0b5-404d-9505-4b7cb994baf3] Created FlowFile[3233,99015112570435.mockFlowFile,24B] from FlowFile[3232,99015112570435.mockFlowFile,24B]; routing to relationship simple
[pool-3938-thread-1] INFO org.apache.nifi.processors.standard.RouteText - RouteText[id=a680ad74-d0b5-404d-9505-4b7cb994baf3] Routing FlowFile[3232,99015112570435.mockFlowFile,24B] to original
[main] DEBUG org.apache.nifi.processors.standard.RouteText - RouteText[id=a680ad74-d0b5-404d-9505-4b7cb994baf3] Adding new dynamic property: PropertyDescriptor[simple]
[pool-3939-thread-1] INFO org.apache.nifi.processors.standard.RouteText - RouteText[id=a680ad74-d0b5-404d-9505-4b7cb994baf3] Created FlowFile[3235,99015113008245.mockFlowFile,24B] from FlowFile[3234,99015113008245.mockFlowFile,24B]; routing to relationship simple
[pool-3939-thread-1] INFO org.apache.nifi.processors.standard.RouteText - RouteText[id=a680ad74-d0b5-404d-9505-4b7cb994baf3] Routing FlowFile[3234,99015113008245.mockFlowFile,24B] to original
[main] DEBUG org.apache.nifi.processors.standard.RouteText - RouteText[id=a680ad74-d0b5-404d-9505-4b7cb994baf3] Adding new dynamic property: PropertyDescriptor[simple]
[pool-3940-thread-1] INFO org.apache.nifi.processors.standard.RouteText - RouteText[id=a680ad74-d0b5-404d-9505-4b7cb994baf3] Created FlowFile[3237,99015113411648.mockFlowFile,24B] from FlowFile[3236,99015113411648.mockFlowFile,24B]; routing to relationship simple
[pool-3940-thread-1] INFO org.apache.nifi.processors.standard.RouteText - RouteText[id=a680ad74-d0b5-404d-9505-4b7cb994baf3] Routing FlowFile[3236,99015113411648.mockFlowFile,24B] to original
[main] DEBUG org.apache.nifi.processors.standard.RouteText - RouteText[id=a680ad74-d0b5-404d-9505-4b7cb994baf3] Adding new dynamic property: PropertyDescriptor[simple]
[pool-3941-thread-1] INFO org.apache.nifi.processors.standard.RouteText - RouteText[id=a680ad74-d0b5-404d-9505-4b7cb994baf3] Created FlowFile[3239,99015113826326.mockFlowFile,24B] from FlowFile[3238,99015113826326.mockFlowFile,24B]; routing to relationship simple
[pool-3941-thread-1] INFO org.apache.nifi.processors.standard.RouteText - RouteText[id=a680ad74-d0b5-404d-9505-4b7cb994baf3] Routing FlowFile[3238,99015113826326.mockFlowFile,24B] to original
[main] DEBUG org.apache.nifi.processors.standard.RouteText - RouteText[id=a680ad74-d0b5-404d-9505-4b7cb994baf3] Adding new dynamic property: PropertyDescriptor[simple]
[pool-3942-thread-1] INFO org.apache.nifi.processors.standard.RouteText - RouteText[id=a680ad74-d0b5-404d-9505-4b7cb994baf3] Created FlowFile[3241,99015114252903.mockFlowFile,24B] from FlowFile[3240,99015114252903.mockFlowFile,24B]; routing to relationship simple
[pool-3942-thread-1] INFO org.apache.nifi.processors.standard.RouteText - RouteText[id=a680ad74-d0b5-404d-9505-4b7cb994baf3] Routing FlowFile[3240,99015114252903.mockFlowFile,24B] to original
[main] DEBUG org.apache.nifi.processors.standard.RouteText - RouteText[id=a680ad74-d0b5-404d-9505-4b7cb994baf3] Adding new dynamic property: PropertyDescriptor[simple]
[pool-3943-thread-1] INFO org.apache.nifi.processors.standard.RouteText - RouteText[id=a680ad74-d0b5-404d-9505-4b7cb994baf3] Created FlowFile[3243,99015114654875.mockFlowFile,24B] from FlowFile[3242,99015114654875.mockFlowFile,24B]; routing to relationship simple
[pool-3943-thread-1] INFO org.apache.nifi.processors.standard.RouteText - RouteText[id=a680ad74-d0b5-404d-9505-4b7cb994baf3] Routing FlowFile[3242,99015114654875.mockFlowFile,24B] to original
[main] DEBUG org.apache.nifi.processors.standard.RouteText - RouteText[id=a680ad74-d0b5-404d-9505-4b7cb994baf3] Adding new dynamic property: PropertyDescriptor[simple]
[pool-3944-thread-1] INFO org.apache.nifi.processors.standard.RouteText - RouteText[id=a680ad74-d0b5-404d-9505-4b7cb994baf3] Created FlowFile[3245,99015115057375.mockFlowFile,24B] from FlowFile[3244,99015115057375.mockFlowFile,24B]; routing to relationship simple
[pool-3944-thread-1] INFO org.apache.nifi.processors.standard.RouteText - RouteText[id=a680ad74-d0b5-404d-9505-4b7cb994baf3] Routing FlowFile[3244,99015115057375.mockFlowFile,24B] to original
[main] DEBUG org.apache.nifi.processors.standard.RouteText - RouteText[id=a680ad74-d0b5-404d-9505-4b7cb994baf3] Adding new dynamic property: PropertyDescriptor[simple]
[pool-3945-thread-1] INFO org.apache.nifi.processors.standard.RouteText - RouteText[id=a680ad74-d0b5-404d-9505-4b7cb994baf3] Created FlowFile[3247,99015115477988.mockFlowFile,24B] from FlowFile[3246,99015115477988.mockFlowFile,24B]; routing to relationship simple
[pool-3945-thread-1] INFO org.apache.nifi.processors.standard.RouteText - RouteText[id=a680ad74-d0b5-404d-9505-4b7cb994baf3] Routing FlowFile[3246,99015115477988.mockFlowFile,24B] to original
[main] DEBUG org.apache.nifi.processors.standard.RouteText - RouteText[id=a680ad74-d0b5-404d-9505-4b7cb994baf3] Adding new dynamic property: PropertyDescriptor[simple]
[pool-3946-thread-1] INFO org.apache.nifi.processors.standard.RouteText - RouteText[id=a680ad74-d0b5-404d-9505-4b7cb994baf3] Created FlowFile[3249,99015115891825.mockFlowFile,24B] from FlowFile[3248,99015115891825.mockFlowFile,24B]; routing to relationship simple
[pool-3946-thread-1] INFO org.apache.nifi.processors.standard.RouteText - RouteText[id=a680ad74-d0b5-404d-9505-4b7cb994baf3] Routing FlowFile[3248,99015115891825.mockFlowFile,24B] to original
[main] DEBUG org.apache.nifi.processors.standard.RouteText - RouteText[id=a680ad74-d0b5-404d-9505-4b7cb994baf3] Adding new dynamic property: PropertyDescriptor[simple]
[pool-3947-thread-1] INFO org.apache.nifi.processors.standard.RouteText - RouteText[id=a680ad74-d0b5-404d-9505-4b7cb994baf3] Created FlowFile[3251,99015116296386.mockFlowFile,24B] from FlowFile[3250,99015116296386.mockFlowFile,24B]; routing to relationship simple
[pool-3947-thread-1] INFO org.apache.nifi.processors.standard.RouteText - RouteText[id=a680ad74-d0b5-404d-9505-4b7cb994baf3] Routing FlowFile[3250,99015116296386.mockFlowFile,24B] to original
[main] DEBUG org.apache.nifi.processors.standard.RouteText - RouteText[id=a680ad74-d0b5-404d-9505-4b7cb994baf3] Adding new dynamic property: PropertyDescriptor[simple]
[pool-3948-thread-1] INFO org.apache.nifi.processors.standard.RouteText - RouteText[id=a680ad74-d0b5-404d-9505-4b7cb994baf3] Created FlowFile[3253,99015116753701.mockFlowFile,24B] from FlowFile[3252,99015116753701.mockFlowFile,24B]; routing to relationship simple
[pool-3948-thread-1] INFO org.apache.nifi.processors.standard.RouteText - RouteText[id=a680ad74-d0b5-404d-9505-4b7cb994baf3] Routing FlowFile[3252,99015116753701.mockFlowFile,24B] to original
[main] DEBUG org.apache.nifi.processors.standard.RouteText - RouteText[id=a680ad74-d0b5-404d-9505-4b7cb994baf3] Adding new dynamic property: PropertyDescriptor[simple]
[pool-3949-thread-1] INFO org.apache.nifi.processors.standard.RouteText - RouteText[id=a680ad74-d0b5-404d-9505-4b7cb994baf3] Created FlowFile[3255,99015117320375.mockFlowFile,24B] from FlowFile[3254,99015117320375.mockFlowFile,24B]; routing to relationship simple
[pool-3949-thread-1] INFO org.apache.nifi.processors.standard.RouteText - RouteText[id=a680ad74-d0b5-404d-9505-4b7cb994baf3] Routing FlowFile[3254,99015117320375.mockFlowFile,24B] to original
[main] DEBUG org.apache.nifi.processors.standard.RouteText - RouteText[id=a680ad74-d0b5-404d-9505-4b7cb994baf3] Adding new dynamic property: PropertyDescriptor[simple]
[pool-3950-thread-1] INFO org.apache.nifi.processors.standard.RouteText - RouteText[id=a680ad74-d0b5-404d-9505-4b7cb994baf3] Created FlowFile[3257,99015117747130.mockFlowFile,24B] from FlowFile[3256,99015117747130.mockFlowFile,24B]; routing to relationship simple
[pool-3950-thread-1] INFO org.apache.nifi.processors.standard.RouteText - RouteText[id=a680ad74-d0b5-404d-9505-4b7cb994baf3] Routing FlowFile[3256,99015117747130.mockFlowFile,24B] to original
[main] DEBUG org.apache.nifi.processors.standard.RouteText - RouteText[id=a680ad74-d0b5-404d-9505-4b7cb994baf3] Adding new dynamic property: PropertyDescriptor[simple]
[pool-3951-thread-1] INFO org.apache.nifi.processors.standard.RouteText - RouteText[id=a680ad74-d0b5-404d-9505-4b7cb994baf3] Created FlowFile[3259,99015118169004.mockFlowFile,24B] from FlowFile[3258,99015118169004.mockFlowFile,24B]; routing to relationship simple
[pool-3951-thread-1] INFO org.apache.nifi.processors.standard.RouteText - RouteText[id=a680ad74-d0b5-404d-9505-4b7cb994baf3] Routing FlowFile[3258,99015118169004.mockFlowFile,24B] to original
[main] DEBUG org.apache.nifi.processors.standard.RouteText - RouteText[id=a680ad74-d0b5-404d-9505-4b7cb994baf3] Adding new dynamic property: PropertyDescriptor[simple]
[pool-3952-thread-1] INFO org.apache.nifi.processors.standard.RouteText - RouteText[id=a680ad74-d0b5-404d-9505-4b7cb994baf3] Created FlowFile[3261,99015118568377.mockFlowFile,24B] from FlowFile[3260,99015118568377.mockFlowFile,24B]; routing to relationship simple
[pool-3952-thread-1] INFO org.apache.nifi.processors.standard.RouteText - RouteText[id=a680ad74-d0b5-404d-9505-4b7cb994baf3] Routing FlowFile[3260,99015118568377.mockFlowFile,24B] to original
[main] DEBUG org.apache.nifi.processors.standard.RouteText - RouteText[id=a680ad74-d0b5-404d-9505-4b7cb994baf3] Adding new dynamic property: PropertyDescriptor[simple]
[pool-3953-thread-1] INFO org.apache.nifi.processors.standard.RouteText - RouteText[id=a680ad74-d0b5-404d-9505-4b7cb994baf3] Created FlowFile[3263,99015118958695.mockFlowFile,24B] from FlowFile[3262,99015118958695.mockFlowFile,24B]; routing to relationship simple
[pool-3953-thread-1] INFO org.apache.nifi.processors.standard.RouteText - RouteText[id=a680ad74-d0b5-404d-9505-4b7cb994baf3] Routing FlowFile[3262,99015118958695.mockFlowFile,24B] to original
[main] DEBUG org.apache.nifi.processors.standard.RouteText - RouteText[id=a680ad74-d0b5-404d-9505-4b7cb994baf3] Adding new dynamic property: PropertyDescriptor[simple]
[pool-3954-thread-1] INFO org.apache.nifi.processors.standard.RouteText - RouteText[id=a680ad74-d0b5-404d-9505-4b7cb994baf3] Created FlowFile[3265,99015119354524.mockFlowFile,24B] from FlowFile[3264,99015119354524.mockFlowFile,24B]; routing to relationship simple
[pool-3954-thread-1] INFO org.apache.nifi.processors.standard.RouteText - RouteText[id=a680ad74-d0b5-404d-9505-4b7cb994baf3] Routing FlowFile[3264,99015119354524.mockFlowFile,24B] to original
[main] DEBUG org.apache.nifi.processors.standard.RouteText - RouteText[id=a680ad74-d0b5-404d-9505-4b7cb994baf3] Adding new dynamic property: PropertyDescriptor[simple]
[pool-3955-thread-1] INFO org.apache.nifi.processors.standard.RouteText - RouteText[id=a680ad74-d0b5-404d-9505-4b7cb994baf3] Created FlowFile[3267,99015119737969.mockFlowFile,24B] from FlowFile[3266,99015119737969.mockFlowFile,24B]; routing to relationship simple
[pool-3955-thread-1] INFO org.apache.nifi.processors.standard.RouteText - RouteText[id=a680ad74-d0b5-404d-9505-4b7cb994baf3] Routing FlowFile[3266,99015119737969.mockFlowFile,24B] to original
[main] DEBUG org.apache.nifi.processors.standard.RouteText - RouteText[id=a680ad74-d0b5-404d-9505-4b7cb994baf3] Adding new dynamic property: PropertyDescriptor[simple]
[pool-3956-thread-1] INFO org.apache.nifi.processors.standard.RouteText - RouteText[id=a680ad74-d0b5-404d-9505-4b7cb994baf3] Created FlowFile[3269,99015120325281.mockFlowFile,24B] from FlowFile[3268,99015120325281.mockFlowFile,24B]; routing to relationship simple
[pool-3956-thread-1] INFO org.apache.nifi.processors.standard.RouteText - RouteText[id=a680ad74-d0b5-404d-9505-4b7cb994baf3] Routing FlowFile[3268,99015120325281.mockFlowFile,24B] to original
[main] DEBUG org.apache.nifi.processors.standard.RouteText - RouteText[id=a680ad74-d0b5-404d-9505-4b7cb994baf3] Adding new dynamic property: PropertyDescriptor[simple]
[pool-3957-thread-1] INFO org.apache.nifi.processors.standard.RouteText - RouteText[id=a680ad74-d0b5-404d-9505-4b7cb994baf3] Created FlowFile[3271,99015120792482.mockFlowFile,24B] from FlowFile[3270,99015120792482.mockFlowFile,24B]; routing to relationship simple
[pool-3957-thread-1] INFO org.apache.nifi.processors.standard.RouteText - RouteText[id=a680ad74-d0b5-404d-9505-4b7cb994baf3] Routing FlowFile[3270,99015120792482.mockFlowFile,24B] to original
[main] DEBUG org.apache.nifi.processors.standard.RouteText - RouteText[id=a680ad74-d0b5-404d-9505-4b7cb994baf3] Adding new dynamic property: PropertyDescriptor[simple]
[pool-3958-thread-1] INFO org.apache.nifi.processors.standard.RouteText - RouteText[id=a680ad74-d0b5-404d-9505-4b7cb994baf3] Created FlowFile[3273,99015121213565.mockFlowFile,24B] from FlowFile[3272,99015121213565.mockFlowFile,24B]; routing to relationship simple
[pool-3958-thread-1] INFO org.apache.nifi.processors.standard.RouteText - RouteText[id=a680ad74-d0b5-404d-9505-4b7cb994baf3] Routing FlowFile[3272,99015121213565.mockFlowFile,24B] to original
[main] DEBUG org.apache.nifi.processors.standard.RouteText - RouteText[id=a680ad74-d0b5-404d-9505-4b7cb994baf3] Adding new dynamic property: PropertyDescriptor[simple]
[pool-3959-thread-1] INFO org.apache.nifi.processors.standard.RouteText - RouteText[id=a680ad74-d0b5-404d-9505-4b7cb994baf3] Created FlowFile[3275,99015121609872.mockFlowFile,24B] from FlowFile[3274,99015121609872.mockFlowFile,24B]; routing to relationship simple
[pool-3959-thread-1] INFO org.apache.nifi.processors.standard.RouteText - RouteText[id=a680ad74-d0b5-404d-9505-4b7cb994baf3] Routing FlowFile[3274,99015121609872.mockFlowFile,24B] to original
[main] DEBUG org.apache.nifi.processors.standard.RouteText - RouteText[id=a680ad74-d0b5-404d-9505-4b7cb994baf3] Adding new dynamic property: PropertyDescriptor[simple]
[pool-3960-thread-1] INFO org.apache.nifi.processors.standard.RouteText - RouteText[id=a680ad74-d0b5-404d-9505-4b7cb994baf3] Created FlowFile[3277,99015121977785.mockFlowFile,24B] from FlowFile[3276,99015121977785.mockFlowFile,24B]; routing to relationship simple
[pool-3960-thread-1] INFO org.apache.nifi.processors.standard.RouteText - RouteText[id=a680ad74-d0b5-404d-9505-4b7cb994baf3] Routing FlowFile[3276,99015121977785.mockFlowFile,24B] to original
[main] DEBUG org.apache.nifi.processors.standard.RouteText - RouteText[id=a680ad74-d0b5-404d-9505-4b7cb994baf3] Adding new dynamic property: PropertyDescriptor[simple]
[pool-3961-thread-1] INFO org.apache.nifi.processors.standard.RouteText - RouteText[id=a680ad74-d0b5-404d-9505-4b7cb994baf3] Created FlowFile[3279,99015122357566.mockFlowFile,24B] from FlowFile[3278,99015122357566.mockFlowFile,24B]; routing to relationship simple
[pool-3961-thread-1] INFO org.apache.nifi.processors.standard.RouteText - RouteText[id=a680ad74-d0b5-404d-9505-4b7cb994baf3] Routing FlowFile[3278,99015122357566.mockFlowFile,24B] to original
[main] DEBUG org.apache.nifi.processors.standard.RouteText - RouteText[id=a680ad74-d0b5-404d-9505-4b7cb994baf3] Adding new dynamic property: PropertyDescriptor[simple]
[pool-3962-thread-1] INFO org.apache.nifi.processors.standard.RouteText - RouteText[id=a680ad74-d0b5-404d-9505-4b7cb994baf3] Created FlowFile[3281,99015122803342.mockFlowFile,24B] from FlowFile[3280,99015122803342.mockFlowFile,24B]; routing to relationship simple
[pool-3962-thread-1] INFO org.apache.nifi.processors.standard.RouteText - RouteText[id=a680ad74-d0b5-404d-9505-4b7cb994baf3] Routing FlowFile[3280,99015122803342.mockFlowFile,24B] to original
[main] DEBUG org.apache.nifi.processors.standard.RouteText - RouteText[id=a680ad74-d0b5-404d-9505-4b7cb994baf3] Adding new dynamic property: PropertyDescriptor[simple]
[pool-3963-thread-1] INFO org.apache.nifi.processors.standard.RouteText - RouteText[id=a680ad74-d0b5-404d-9505-4b7cb994baf3] Created FlowFile[3283,99015123209052.mockFlowFile,24B] from FlowFile[3282,99015123209052.mockFlowFile,24B]; routing to relationship simple
[pool-3963-thread-1] INFO org.apache.nifi.processors.standard.RouteText - RouteText[id=a680ad74-d0b5-404d-9505-4b7cb994baf3] Routing FlowFile[3282,99015123209052.mockFlowFile,24B] to original
[main] DEBUG org.apache.nifi.processors.standard.RouteText - RouteText[id=a680ad74-d0b5-404d-9505-4b7cb994baf3] Adding new dynamic property: PropertyDescriptor[simple]
[pool-3964-thread-1] INFO org.apache.nifi.processors.standard.RouteText - RouteText[id=a680ad74-d0b5-404d-9505-4b7cb994baf3] Created FlowFile[3285,99015123598645.mockFlowFile,24B] from FlowFile[3284,99015123598645.mockFlowFile,24B]; routing to relationship simple
[pool-3964-thread-1] INFO org.apache.nifi.processors.standard.RouteText - RouteText[id=a680ad74-d0b5-404d-9505-4b7cb994baf3] Routing FlowFile[3284,99015123598645.mockFlowFile,24B] to original
[main] DEBUG org.apache.nifi.processors.standard.RouteText - RouteText[id=a680ad74-d0b5-404d-9505-4b7cb994baf3] Adding new dynamic property: PropertyDescriptor[simple]
[pool-3965-thread-1] INFO org.apache.nifi.processors.standard.RouteText - RouteText[id=a680ad74-d0b5-404d-9505-4b7cb994baf3] Created FlowFile[3287,99015123973084.mockFlowFile,24B] from FlowFile[3286,99015123973084.mockFlowFile,24B]; routing to relationship simple
[pool-3965-thread-1] INFO org.apache.nifi.processors.standard.RouteText - RouteText[id=a680ad74-d0b5-404d-9505-4b7cb994baf3] Routing FlowFile[3286,99015123973084.mockFlowFile,24B] to original
[main] DEBUG org.apache.nifi.processors.standard.RouteText - RouteText[id=a680ad74-d0b5-404d-9505-4b7cb994baf3] Adding new dynamic property: PropertyDescriptor[simple]
[pool-3966-thread-1] INFO org.apache.nifi.processors.standard.RouteText - RouteText[id=a680ad74-d0b5-404d-9505-4b7cb994baf3] Created FlowFile[3289,99015124361921.mockFlowFile,24B] from FlowFile[3288,99015124361921.mockFlowFile,24B]; routing to relationship simple
[pool-3966-thread-1] INFO org.apache.nifi.processors.standard.RouteText - RouteText[id=a680ad74-d0b5-404d-9505-4b7cb994baf3] Routing FlowFile[3288,99015124361921.mockFlowFile,24B] to original
[main] DEBUG org.apache.nifi.processors.standard.RouteText - RouteText[id=a680ad74-d0b5-404d-9505-4b7cb994baf3] Adding new dynamic property: PropertyDescriptor[simple]
[pool-3967-thread-1] INFO org.apache.nifi.processors.standard.RouteText - RouteText[id=a680ad74-d0b5-404d-9505-4b7cb994baf3] Created FlowFile[3291,99015124801626.mockFlowFile,24B] from FlowFile[3290,99015124801626.mockFlowFile,24B]; routing to relationship simple
[pool-3967-thread-1] INFO org.apache.nifi.processors.standard.RouteText - RouteText[id=a680ad74-d0b5-404d-9505-4b7cb994baf3] Routing FlowFile[3290,99015124801626.mockFlowFile,24B] to original
[main] DEBUG org.apache.nifi.processors.standard.RouteText - RouteText[id=a680ad74-d0b5-404d-9505-4b7cb994baf3] Adding new dynamic property: PropertyDescriptor[simple]
[pool-3968-thread-1] INFO org.apache.nifi.processors.standard.RouteText - RouteText[id=a680ad74-d0b5-404d-9505-4b7cb994baf3] Created FlowFile[3293,99015125209984.mockFlowFile,24B] from FlowFile[3292,99015125209984.mockFlowFile,24B]; routing to relationship simple
[pool-3968-thread-1] INFO org.apache.nifi.processors.standard.RouteText - RouteText[id=a680ad74-d0b5-404d-9505-4b7cb994baf3] Routing FlowFile[3292,99015125209984.mockFlowFile,24B] to original
[main] DEBUG org.apache.nifi.processors.standard.RouteText - RouteText[id=a680ad74-d0b5-404d-9505-4b7cb994baf3] Adding new dynamic property: PropertyDescriptor[simple]
[pool-3969-thread-1] INFO org.apache.nifi.processors.standard.RouteText - RouteText[id=a680ad74-d0b5-404d-9505-4b7cb994baf3] Created FlowFile[3295,99015125601212.mockFlowFile,24B] from FlowFile[3294,99015125601212.mockFlowFile,24B]; routing to relationship simple
[pool-3969-thread-1] INFO org.apache.nifi.processors.standard.RouteText - RouteText[id=a680ad74-d0b5-404d-9505-4b7cb994baf3] Routing FlowFile[3294,99015125601212.mockFlowFile,24B] to original
[main] DEBUG org.apache.nifi.processors.standard.RouteText - RouteText[id=a680ad74-d0b5-404d-9505-4b7cb994baf3] Adding new dynamic property: PropertyDescriptor[simple]
[pool-3970-thread-1] INFO org.apache.nifi.processors.standard.RouteText - RouteText[id=a680ad74-d0b5-404d-9505-4b7cb994baf3] Created FlowFile[3297,99015126066061.mockFlowFile,24B] from FlowFile[3296,99015126066061.mockFlowFile,24B]; routing to relationship simple
[pool-3970-thread-1] INFO org.apache.nifi.processors.standard.RouteText - RouteText[id=a680ad74-d0b5-404d-9505-4b7cb994baf3] Routing FlowFile[3296,99015126066061.mockFlowFile,24B] to original
[main] DEBUG org.apache.nifi.processors.standard.RouteText - RouteText[id=a680ad74-d0b5-404d-9505-4b7cb994baf3] Adding new dynamic property: PropertyDescriptor[simple]
[pool-3971-thread-1] INFO org.apache.nifi.processors.standard.RouteText - RouteText[id=a680ad74-d0b5-404d-9505-4b7cb994baf3] Created FlowFile[3299,99015126542081.mockFlowFile,24B] from FlowFile[3298,99015126542081.mockFlowFile,24B]; routing to relationship simple
[pool-3971-thread-1] INFO org.apache.nifi.processors.standard.RouteText - RouteText[id=a680ad74-d0b5-404d-9505-4b7cb994baf3] Routing FlowFile[3298,99015126542081.mockFlowFile,24B] to original
[main] DEBUG org.apache.nifi.processors.standard.RouteText - RouteText[id=a680ad74-d0b5-404d-9505-4b7cb994baf3] Adding new dynamic property: PropertyDescriptor[simple]
[pool-3972-thread-1] INFO org.apache.nifi.processors.standard.RouteText - RouteText[id=a680ad74-d0b5-404d-9505-4b7cb994baf3] Created FlowFile[3301,99015127018636.mockFlowFile,24B] from FlowFile[3300,99015127018636.mockFlowFile,24B]; routing to relationship simple
[pool-3972-thread-1] INFO org.apache.nifi.processors.standard.RouteText - RouteText[id=a680ad74-d0b5-404d-9505-4b7cb994baf3] Routing FlowFile[3300,99015127018636.mockFlowFile,24B] to original
[main] DEBUG org.apache.nifi.processors.standard.RouteText - RouteText[id=a680ad74-d0b5-404d-9505-4b7cb994baf3] Adding new dynamic property: PropertyDescriptor[simple]
[pool-3973-thread-1] INFO org.apache.nifi.processors.standard.RouteText - RouteText[id=a680ad74-d0b5-404d-9505-4b7cb994baf3] Created FlowFile[3303,99015127429585.mockFlowFile,24B] from FlowFile[3302,99015127429585.mockFlowFile,24B]; routing to relationship simple
[pool-3973-thread-1] INFO org.apache.nifi.processors.standard.RouteText - RouteText[id=a680ad74-d0b5-404d-9505-4b7cb994baf3] Routing FlowFile[3302,99015127429585.mockFlowFile,24B] to original
[main] DEBUG org.apache.nifi.processors.standard.RouteText - RouteText[id=a680ad74-d0b5-404d-9505-4b7cb994baf3] Adding new dynamic property: PropertyDescriptor[simple]
[pool-3974-thread-1] INFO org.apache.nifi.processors.standard.RouteText - RouteText[id=a680ad74-d0b5-404d-9505-4b7cb994baf3] Created FlowFile[3305,99015127786974.mockFlowFile,24B] from FlowFile[3304,99015127786974.mockFlowFile,24B]; routing to relationship simple
[pool-3974-thread-1] INFO org.apache.nifi.processors.standard.RouteText - RouteText[id=a680ad74-d0b5-404d-9505-4b7cb994baf3] Routing FlowFile[3304,99015127786974.mockFlowFile,24B] to original
[main] DEBUG org.apache.nifi.processors.standard.RouteText - RouteText[id=a680ad74-d0b5-404d-9505-4b7cb994baf3] Adding new dynamic property: PropertyDescriptor[simple]
[pool-3975-thread-1] INFO org.apache.nifi.processors.standard.RouteText - RouteText[id=a680ad74-d0b5-404d-9505-4b7cb994baf3] Created FlowFile[3307,99015128189659.mockFlowFile,24B] from FlowFile[3306,99015128189659.mockFlowFile,24B]; routing to relationship simple
[pool-3975-thread-1] INFO org.apache.nifi.processors.standard.RouteText - RouteText[id=a680ad74-d0b5-404d-9505-4b7cb994baf3] Routing FlowFile[3306,99015128189659.mockFlowFile,24B] to original
[main] DEBUG org.apache.nifi.processors.standard.RouteText - RouteText[id=a680ad74-d0b5-404d-9505-4b7cb994baf3] Adding new dynamic property: PropertyDescriptor[simple]
[pool-3976-thread-1] INFO org.apache.nifi.processors.standard.RouteText - RouteText[id=a680ad74-d0b5-404d-9505-4b7cb994baf3] Created FlowFile[3309,99015128643102.mockFlowFile,24B] from FlowFile[3308,99015128643102.mockFlowFile,24B]; routing to relationship simple
[pool-3976-thread-1] INFO org.apache.nifi.processors.standard.RouteText - RouteText[id=a680ad74-d0b5-404d-9505-4b7cb994baf3] Routing FlowFile[3308,99015128643102.mockFlowFile,24B] to original
[main] DEBUG org.apache.nifi.processors.standard.RouteText - RouteText[id=a680ad74-d0b5-404d-9505-4b7cb994baf3] Adding new dynamic property: PropertyDescriptor[simple]
[pool-3977-thread-1] INFO org.apache.nifi.processors.standard.RouteText - RouteText[id=a680ad74-d0b5-404d-9505-4b7cb994baf3] Created FlowFile[3311,99015129083552.mockFlowFile,24B] from FlowFile[3310,99015129083552.mockFlowFile,24B]; routing to relationship simple
[pool-3977-thread-1] INFO org.apache.nifi.processors.standard.RouteText - RouteText[id=a680ad74-d0b5-404d-9505-4b7cb994baf3] Routing FlowFile[3310,99015129083552.mockFlowFile,24B] to original
[main] DEBUG org.apache.nifi.processors.standard.RouteText - RouteText[id=a680ad74-d0b5-404d-9505-4b7cb994baf3] Adding new dynamic property: PropertyDescriptor[simple]
[pool-3978-thread-1] INFO org.apache.nifi.processors.standard.RouteText - RouteText[id=a680ad74-d0b5-404d-9505-4b7cb994baf3] Created FlowFile[3313,99015129632450.mockFlowFile,24B] from FlowFile[3312,99015129632450.mockFlowFile,24B]; routing to relationship simple
[pool-3978-thread-1] INFO org.apache.nifi.processors.standard.RouteText - RouteText[id=a680ad74-d0b5-404d-9505-4b7cb994baf3] Routing FlowFile[3312,99015129632450.mockFlowFile,24B] to original
[main] DEBUG org.apache.nifi.processors.standard.RouteText - RouteText[id=a680ad74-d0b5-404d-9505-4b7cb994baf3] Adding new dynamic property: PropertyDescriptor[simple]
[pool-3979-thread-1] INFO org.apache.nifi.processors.standard.RouteText - RouteText[id=a680ad74-d0b5-404d-9505-4b7cb994baf3] Created FlowFile[3315,99015129995831.mockFlowFile,24B] from FlowFile[3314,99015129995831.mockFlowFile,24B]; routing to relationship simple
[pool-3979-thread-1] INFO org.apache.nifi.processors.standard.RouteText - RouteText[id=a680ad74-d0b5-404d-9505-4b7cb994baf3] Routing FlowFile[3314,99015129995831.mockFlowFile,24B] to original
[main] DEBUG org.apache.nifi.processors.standard.RouteText - RouteText[id=a680ad74-d0b5-404d-9505-4b7cb994baf3] Adding new dynamic property: PropertyDescriptor[simple]
[pool-3980-thread-1] INFO org.apache.nifi.processors.standard.RouteText - RouteText[id=a680ad74-d0b5-404d-9505-4b7cb994baf3] Created FlowFile[3317,99015130341789.mockFlowFile,24B] from FlowFile[3316,99015130341789.mockFlowFile,24B]; routing to relationship simple
[pool-3980-thread-1] INFO org.apache.nifi.processors.standard.RouteText - RouteText[id=a680ad74-d0b5-404d-9505-4b7cb994baf3] Routing FlowFile[3316,99015130341789.mockFlowFile,24B] to original
[main] DEBUG org.apache.nifi.processors.standard.RouteText - RouteText[id=a680ad74-d0b5-404d-9505-4b7cb994baf3] Adding new dynamic property: PropertyDescriptor[simple]
[pool-3981-thread-1] INFO org.apache.nifi.processors.standard.RouteText - RouteText[id=a680ad74-d0b5-404d-9505-4b7cb994baf3] Created FlowFile[3319,99015130840368.mockFlowFile,24B] from FlowFile[3318,99015130840368.mockFlowFile,24B]; routing to relationship simple
[pool-3981-thread-1] INFO org.apache.nifi.processors.standard.RouteText - RouteText[id=a680ad74-d0b5-404d-9505-4b7cb994baf3] Routing FlowFile[3318,99015130840368.mockFlowFile,24B] to original
[main] DEBUG org.apache.nifi.processors.standard.RouteText - RouteText[id=a680ad74-d0b5-404d-9505-4b7cb994baf3] Adding new dynamic property: PropertyDescriptor[simple]
[pool-3982-thread-1] INFO org.apache.nifi.processors.standard.RouteText - RouteText[id=a680ad74-d0b5-404d-9505-4b7cb994baf3] Created FlowFile[3321,99015131664230.mockFlowFile,24B] from FlowFile[3320,99015131664230.mockFlowFile,24B]; routing to relationship simple
[pool-3982-thread-1] INFO org.apache.nifi.processors.standard.RouteText - RouteText[id=a680ad74-d0b5-404d-9505-4b7cb994baf3] Routing FlowFile[3320,99015131664230.mockFlowFile,24B] to original
[main] DEBUG org.apache.nifi.processors.standard.RouteText - RouteText[id=a680ad74-d0b5-404d-9505-4b7cb994baf3] Adding new dynamic property: PropertyDescriptor[simple]
[pool-3983-thread-1] INFO org.apache.nifi.processors.standard.RouteText - RouteText[id=a680ad74-d0b5-404d-9505-4b7cb994baf3] Created FlowFile[3323,99015140659491.mockFlowFile,24B] from FlowFile[3322,99015140659491.mockFlowFile,24B]; routing to relationship simple
[pool-3983-thread-1] INFO org.apache.nifi.processors.standard.RouteText - RouteText[id=a680ad74-d0b5-404d-9505-4b7cb994baf3] Routing FlowFile[3322,99015140659491.mockFlowFile,24B] to original
[main] DEBUG org.apache.nifi.processors.standard.RouteText - RouteText[id=a680ad74-d0b5-404d-9505-4b7cb994baf3] Adding new dynamic property: PropertyDescriptor[simple]
[pool-3984-thread-1] INFO org.apache.nifi.processors.standard.RouteText - RouteText[id=a680ad74-d0b5-404d-9505-4b7cb994baf3] Created FlowFile[3325,99015141320178.mockFlowFile,24B] from FlowFile[3324,99015141320178.mockFlowFile,24B]; routing to relationship simple
[pool-3984-thread-1] INFO org.apache.nifi.processors.standard.RouteText - RouteText[id=a680ad74-d0b5-404d-9505-4b7cb994baf3] Routing FlowFile[3324,99015141320178.mockFlowFile,24B] to original
[main] DEBUG org.apache.nifi.processors.standard.RouteText - RouteText[id=a680ad74-d0b5-404d-9505-4b7cb994baf3] Adding new dynamic property: PropertyDescriptor[simple]
[pool-3985-thread-1] INFO org.apache.nifi.processors.standard.RouteText - RouteText[id=a680ad74-d0b5-404d-9505-4b7cb994baf3] Created FlowFile[3327,99015141921798.mockFlowFile,24B] from FlowFile[3326,99015141921798.mockFlowFile,24B]; routing to relationship simple
[pool-3985-thread-1] INFO org.apache.nifi.processors.standard.RouteText - RouteText[id=a680ad74-d0b5-404d-9505-4b7cb994baf3] Routing FlowFile[3326,99015141921798.mockFlowFile,24B] to original
[main] DEBUG org.apache.nifi.processors.standard.RouteText - RouteText[id=a680ad74-d0b5-404d-9505-4b7cb994baf3] Adding new dynamic property: PropertyDescriptor[simple]
[pool-3986-thread-1] INFO org.apache.nifi.processors.standard.RouteText - RouteText[id=a680ad74-d0b5-404d-9505-4b7cb994baf3] Created FlowFile[3329,99015142563490.mockFlowFile,24B] from FlowFile[3328,99015142563490.mockFlowFile,24B]; routing to relationship simple
[pool-3986-thread-1] INFO org.apache.nifi.processors.standard.RouteText - RouteText[id=a680ad74-d0b5-404d-9505-4b7cb994baf3] Routing FlowFile[3328,99015142563490.mockFlowFile,24B] to original
[main] DEBUG org.apache.nifi.processors.standard.RouteText - RouteText[id=a680ad74-d0b5-404d-9505-4b7cb994baf3] Adding new dynamic property: PropertyDescriptor[simple]
[pool-3987-thread-1] INFO org.apache.nifi.processors.standard.RouteText - RouteText[id=a680ad74-d0b5-404d-9505-4b7cb994baf3] Created FlowFile[3331,99015143121211.mockFlowFile,24B] from FlowFile[3330,99015143121211.mockFlowFile,24B]; routing to relationship simple
[pool-3987-thread-1] INFO org.apache.nifi.processors.standard.RouteText - RouteText[id=a680ad74-d0b5-404d-9505-4b7cb994baf3] Routing FlowFile[3330,99015143121211.mockFlowFile,24B] to original
[main] DEBUG org.apache.nifi.processors.standard.RouteText - RouteText[id=a680ad74-d0b5-404d-9505-4b7cb994baf3] Adding new dynamic property: PropertyDescriptor[simple]
[pool-3988-thread-1] INFO org.apache.nifi.processors.standard.RouteText - RouteText[id=a680ad74-d0b5-404d-9505-4b7cb994baf3] Created FlowFile[3333,99015143661117.mockFlowFile,24B] from FlowFile[3332,99015143661117.mockFlowFile,24B]; routing to relationship simple
[pool-3988-thread-1] INFO org.apache.nifi.processors.standard.RouteText - RouteText[id=a680ad74-d0b5-404d-9505-4b7cb994baf3] Routing FlowFile[3332,99015143661117.mockFlowFile,24B] to original
[main] DEBUG org.apache.nifi.processors.standard.RouteText - RouteText[id=a680ad74-d0b5-404d-9505-4b7cb994baf3] Adding new dynamic property: PropertyDescriptor[simple]
[pool-3989-thread-1] INFO org.apache.nifi.processors.standard.RouteText - RouteText[id=a680ad74-d0b5-404d-9505-4b7cb994baf3] Created FlowFile[3335,99015144062298.mockFlowFile,24B] from FlowFile[3334,99015144062298.mockFlowFile,24B]; routing to relationship simple
[pool-3989-thread-1] INFO org.apache.nifi.processors.standard.RouteText - RouteText[id=a680ad74-d0b5-404d-9505-4b7cb994baf3] Routing FlowFile[3334,99015144062298.mockFlowFile,24B] to original
[main] DEBUG org.apache.nifi.processors.standard.RouteText - RouteText[id=a680ad74-d0b5-404d-9505-4b7cb994baf3] Adding new dynamic property: PropertyDescriptor[simple]
[pool-3990-thread-1] INFO org.apache.nifi.processors.standard.RouteText - RouteText[id=a680ad74-d0b5-404d-9505-4b7cb994baf3] Created FlowFile[3337,99015144575758.mockFlowFile,24B] from FlowFile[3336,99015144575758.mockFlowFile,24B]; routing to relationship simple
[pool-3990-thread-1] INFO org.apache.nifi.processors.standard.RouteText - RouteText[id=a680ad74-d0b5-404d-9505-4b7cb994baf3] Routing FlowFile[3336,99015144575758.mockFlowFile,24B] to original
[main] DEBUG org.apache.nifi.processors.standard.RouteText - RouteText[id=a680ad74-d0b5-404d-9505-4b7cb994baf3] Adding new dynamic property: PropertyDescriptor[simple]
[pool-3991-thread-1] INFO org.apache.nifi.processors.standard.RouteText - RouteText[id=a680ad74-d0b5-404d-9505-4b7cb994baf3] Created FlowFile[3339,99015145093966.mockFlowFile,24B] from FlowFile[3338,99015145093966.mockFlowFile,24B]; routing to relationship simple
[pool-3991-thread-1] INFO org.apache.nifi.processors.standard.RouteText - RouteText[id=a680ad74-d0b5-404d-9505-4b7cb994baf3] Routing FlowFile[3338,99015145093966.mockFlowFile,24B] to original
[main] DEBUG org.apache.nifi.processors.standard.RouteText - RouteText[id=a680ad74-d0b5-404d-9505-4b7cb994baf3] Adding new dynamic property: PropertyDescriptor[simple]
[pool-3992-thread-1] INFO org.apache.nifi.processors.standard.RouteText - RouteText[id=a680ad74-d0b5-404d-9505-4b7cb994baf3] Created FlowFile[3341,99015145623052.mockFlowFile,24B] from FlowFile[3340,99015145623052.mockFlowFile,24B]; routing to relationship simple
[pool-3992-thread-1] INFO org.apache.nifi.processors.standard.RouteText - RouteText[id=a680ad74-d0b5-404d-9505-4b7cb994baf3] Routing FlowFile[3340,99015145623052.mockFlowFile,24B] to original
[main] DEBUG org.apache.nifi.processors.standard.RouteText - RouteText[id=a680ad74-d0b5-404d-9505-4b7cb994baf3] Adding new dynamic property: PropertyDescriptor[simple]
[pool-3993-thread-1] INFO org.apache.nifi.processors.standard.RouteText - RouteText[id=a680ad74-d0b5-404d-9505-4b7cb994baf3] Created FlowFile[3343,99015146052067.mockFlowFile,24B] from FlowFile[3342,99015146052067.mockFlowFile,24B]; routing to relationship simple
[pool-3993-thread-1] INFO org.apache.nifi.processors.standard.RouteText - RouteText[id=a680ad74-d0b5-404d-9505-4b7cb994baf3] Routing FlowFile[3342,99015146052067.mockFlowFile,24B] to original
[main] DEBUG org.apache.nifi.processors.standard.RouteText - RouteText[id=a680ad74-d0b5-404d-9505-4b7cb994baf3] Adding new dynamic property: PropertyDescriptor[simple]
[pool-3994-thread-1] INFO org.apache.nifi.processors.standard.RouteText - RouteText[id=a680ad74-d0b5-404d-9505-4b7cb994baf3] Created FlowFile[3345,99015146565031.mockFlowFile,24B] from FlowFile[3344,99015146565031.mockFlowFile,24B]; routing to relationship simple
[pool-3994-thread-1] INFO org.apache.nifi.processors.standard.RouteText - RouteText[id=a680ad74-d0b5-404d-9505-4b7cb994baf3] Routing FlowFile[3344,99015146565031.mockFlowFile,24B] to original
[main] DEBUG org.apache.nifi.processors.standard.RouteText - RouteText[id=a680ad74-d0b5-404d-9505-4b7cb994baf3] Adding new dynamic property: PropertyDescriptor[simple]
[pool-3995-thread-1] INFO org.apache.nifi.processors.standard.RouteText - RouteText[id=a680ad74-d0b5-404d-9505-4b7cb994baf3] Created FlowFile[3347,99015147019107.mockFlowFile,24B] from FlowFile[3346,99015147019107.mockFlowFile,24B]; routing to relationship simple
[pool-3995-thread-1] INFO org.apache.nifi.processors.standard.RouteText - RouteText[id=a680ad74-d0b5-404d-9505-4b7cb994baf3] Routing FlowFile[3346,99015147019107.mockFlowFile,24B] to original
[main] DEBUG org.apache.nifi.processors.standard.RouteText - RouteText[id=a680ad74-d0b5-404d-9505-4b7cb994baf3] Adding new dynamic property: PropertyDescriptor[simple]
[pool-3996-thread-1] INFO org.apache.nifi.processors.standard.RouteText - RouteText[id=a680ad74-d0b5-404d-9505-4b7cb994baf3] Created FlowFile[3349,99015147459490.mockFlowFile,24B] from FlowFile[3348,99015147459490.mockFlowFile,24B]; routing to relationship simple
[pool-3996-thread-1] INFO org.apache.nifi.processors.standard.RouteText - RouteText[id=a680ad74-d0b5-404d-9505-4b7cb994baf3] Routing FlowFile[3348,99015147459490.mockFlowFile,24B] to original
[main] DEBUG org.apache.nifi.processors.standard.RouteText - RouteText[id=a680ad74-d0b5-404d-9505-4b7cb994baf3] Adding new dynamic property: PropertyDescriptor[simple]
[pool-3997-thread-1] INFO org.apache.nifi.processors.standard.RouteText - RouteText[id=a680ad74-d0b5-404d-9505-4b7cb994baf3] Created FlowFile[3351,99015147816736.mockFlowFile,24B] from FlowFile[3350,99015147816736.mockFlowFile,24B]; routing to relationship simple
[pool-3997-thread-1] INFO org.apache.nifi.processors.standard.RouteText - RouteText[id=a680ad74-d0b5-404d-9505-4b7cb994baf3] Routing FlowFile[3350,99015147816736.mockFlowFile,24B] to original
[main] DEBUG org.apache.nifi.processors.standard.RouteText - RouteText[id=a680ad74-d0b5-404d-9505-4b7cb994baf3] Adding new dynamic property: PropertyDescriptor[simple]
[pool-3998-thread-1] INFO org.apache.nifi.processors.standard.RouteText - RouteText[id=a680ad74-d0b5-404d-9505-4b7cb994baf3] Created FlowFile[3353,99015148261002.mockFlowFile,24B] from FlowFile[3352,99015148261002.mockFlowFile,24B]; routing to relationship simple
[pool-3998-thread-1] INFO org.apache.nifi.processors.standard.RouteText - RouteText[id=a680ad74-d0b5-404d-9505-4b7cb994baf3] Routing FlowFile[3352,99015148261002.mockFlowFile,24B] to original
[main] DEBUG org.apache.nifi.processors.standard.RouteText - RouteText[id=a680ad74-d0b5-404d-9505-4b7cb994baf3] Adding new dynamic property: PropertyDescriptor[simple]
[pool-3999-thread-1] INFO org.apache.nifi.processors.standard.RouteText - RouteText[id=a680ad74-d0b5-404d-9505-4b7cb994baf3] Created FlowFile[3355,99015148784352.mockFlowFile,24B] from FlowFile[3354,99015148784352.mockFlowFile,24B]; routing to relationship simple
[pool-3999-thread-1] INFO org.apache.nifi.processors.standard.RouteText - RouteText[id=a680ad74-d0b5-404d-9505-4b7cb994baf3] Routing FlowFile[3354,99015148784352.mockFlowFile,24B] to original
[main] DEBUG org.apache.nifi.processors.standard.RouteText - RouteText[id=a680ad74-d0b5-404d-9505-4b7cb994baf3] Adding new dynamic property: PropertyDescriptor[simple]
[pool-4000-thread-1] INFO org.apache.nifi.processors.standard.RouteText - RouteText[id=a680ad74-d0b5-404d-9505-4b7cb994baf3] Created FlowFile[3357,99015149291518.mockFlowFile,24B] from FlowFile[3356,99015149291518.mockFlowFile,24B]; routing to relationship simple
[pool-4000-thread-1] INFO org.apache.nifi.processors.standard.RouteText - RouteText[id=a680ad74-d0b5-404d-9505-4b7cb994baf3] Routing FlowFile[3356,99015149291518.mockFlowFile,24B] to original
[main] DEBUG org.apache.nifi.processors.standard.RouteText - RouteText[id=a680ad74-d0b5-404d-9505-4b7cb994baf3] Adding new dynamic property: PropertyDescriptor[simple]
[pool-4001-thread-1] INFO org.apache.nifi.processors.standard.RouteText - RouteText[id=a680ad74-d0b5-404d-9505-4b7cb994baf3] Created FlowFile[3359,99015149771867.mockFlowFile,24B] from FlowFile[3358,99015149771867.mockFlowFile,24B]; routing to relationship simple
[pool-4001-thread-1] INFO org.apache.nifi.processors.standard.RouteText - RouteText[id=a680ad74-d0b5-404d-9505-4b7cb994baf3] Routing FlowFile[3358,99015149771867.mockFlowFile,24B] to original
[main] DEBUG org.apache.nifi.processors.standard.RouteText - RouteText[id=a680ad74-d0b5-404d-9505-4b7cb994baf3] Adding new dynamic property: PropertyDescriptor[simple]
[pool-4002-thread-1] INFO org.apache.nifi.processors.standard.RouteText - RouteText[id=a680ad74-d0b5-404d-9505-4b7cb994baf3] Created FlowFile[3361,99015150237101.mockFlowFile,24B] from FlowFile[3360,99015150237101.mockFlowFile,24B]; routing to relationship simple
[pool-4002-thread-1] INFO org.apache.nifi.processors.standard.RouteText - RouteText[id=a680ad74-d0b5-404d-9505-4b7cb994baf3] Routing FlowFile[3360,99015150237101.mockFlowFile,24B] to original
[main] DEBUG org.apache.nifi.processors.standard.RouteText - RouteText[id=a680ad74-d0b5-404d-9505-4b7cb994baf3] Adding new dynamic property: PropertyDescriptor[simple]
[pool-4003-thread-1] INFO org.apache.nifi.processors.standard.RouteText - RouteText[id=a680ad74-d0b5-404d-9505-4b7cb994baf3] Created FlowFile[3363,99015150604176.mockFlowFile,24B] from FlowFile[3362,99015150604176.mockFlowFile,24B]; routing to relationship simple
[pool-4003-thread-1] INFO org.apache.nifi.processors.standard.RouteText - RouteText[id=a680ad74-d0b5-404d-9505-4b7cb994baf3] Routing FlowFile[3362,99015150604176.mockFlowFile,24B] to original
[main] DEBUG org.apache.nifi.processors.standard.RouteText - RouteText[id=a680ad74-d0b5-404d-9505-4b7cb994baf3] Adding new dynamic property: PropertyDescriptor[simple]
[pool-4004-thread-1] INFO org.apache.nifi.processors.standard.RouteText - RouteText[id=a680ad74-d0b5-404d-9505-4b7cb994baf3] Created FlowFile[3365,99015150985540.mockFlowFile,24B] from FlowFile[3364,99015150985540.mockFlowFile,24B]; routing to relationship simple
[pool-4004-thread-1] INFO org.apache.nifi.processors.standard.RouteText - RouteText[id=a680ad74-d0b5-404d-9505-4b7cb994baf3] Routing FlowFile[3364,99015150985540.mockFlowFile,24B] to original
[main] DEBUG org.apache.nifi.processors.standard.RouteText - RouteText[id=a680ad74-d0b5-404d-9505-4b7cb994baf3] Adding new dynamic property: PropertyDescriptor[simple]
[pool-4005-thread-1] INFO org.apache.nifi.processors.standard.RouteText - RouteText[id=a680ad74-d0b5-404d-9505-4b7cb994baf3] Created FlowFile[3367,99015151462713.mockFlowFile,24B] from FlowFile[3366,99015151462713.mockFlowFile,24B]; routing to relationship simple
[pool-4005-thread-1] INFO org.apache.nifi.processors.standard.RouteText - RouteText[id=a680ad74-d0b5-404d-9505-4b7cb994baf3] Routing FlowFile[3366,99015151462713.mockFlowFile,24B] to original
[main] DEBUG org.apache.nifi.processors.standard.RouteText - RouteText[id=a680ad74-d0b5-404d-9505-4b7cb994baf3] Adding new dynamic property: PropertyDescriptor[simple]
[pool-4006-thread-1] INFO org.apache.nifi.processors.standard.RouteText - RouteText[id=a680ad74-d0b5-404d-9505-4b7cb994baf3] Created FlowFile[3369,99015151941493.mockFlowFile,24B] from FlowFile[3368,99015151941493.mockFlowFile,24B]; routing to relationship simple
[pool-4006-thread-1] INFO org.apache.nifi.processors.standard.RouteText - RouteText[id=a680ad74-d0b5-404d-9505-4b7cb994baf3] Routing FlowFile[3368,99015151941493.mockFlowFile,24B] to original
[main] DEBUG org.apache.nifi.processors.standard.RouteText - RouteText[id=a680ad74-d0b5-404d-9505-4b7cb994baf3] Adding new dynamic property: PropertyDescriptor[simple]
[pool-4007-thread-1] INFO org.apache.nifi.processors.standard.RouteText - RouteText[id=a680ad74-d0b5-404d-9505-4b7cb994baf3] Created FlowFile[3371,99015152455945.mockFlowFile,24B] from FlowFile[3370,99015152455945.mockFlowFile,24B]; routing to relationship simple
[pool-4007-thread-1] INFO org.apache.nifi.processors.standard.RouteText - RouteText[id=a680ad74-d0b5-404d-9505-4b7cb994baf3] Routing FlowFile[3370,99015152455945.mockFlowFile,24B] to original
[main] DEBUG org.apache.nifi.processors.standard.RouteText - RouteText[id=a680ad74-d0b5-404d-9505-4b7cb994baf3] Adding new dynamic property: PropertyDescriptor[simple]
[pool-4008-thread-1] INFO org.apache.nifi.processors.standard.RouteText - RouteText[id=a680ad74-d0b5-404d-9505-4b7cb994baf3] Created FlowFile[3373,99015152925219.mockFlowFile,24B] from FlowFile[3372,99015152925219.mockFlowFile,24B]; routing to relationship simple
[pool-4008-thread-1] INFO org.apache.nifi.processors.standard.RouteText - RouteText[id=a680ad74-d0b5-404d-9505-4b7cb994baf3] Routing FlowFile[3372,99015152925219.mockFlowFile,24B] to original
[main] DEBUG org.apache.nifi.processors.standard.RouteText - RouteText[id=a680ad74-d0b5-404d-9505-4b7cb994baf3] Adding new dynamic property: PropertyDescriptor[simple]
[pool-4009-thread-1] INFO org.apache.nifi.processors.standard.RouteText - RouteText[id=a680ad74-d0b5-404d-9505-4b7cb994baf3] Created FlowFile[3375,99015153405313.mockFlowFile,24B] from FlowFile[3374,99015153405313.mockFlowFile,24B]; routing to relationship simple
[pool-4009-thread-1] INFO org.apache.nifi.processors.standard.RouteText - RouteText[id=a680ad74-d0b5-404d-9505-4b7cb994baf3] Routing FlowFile[3374,99015153405313.mockFlowFile,24B] to original
[main] DEBUG org.apache.nifi.processors.standard.RouteText - RouteText[id=a680ad74-d0b5-404d-9505-4b7cb994baf3] Adding new dynamic property: PropertyDescriptor[simple]
[pool-4010-thread-1] INFO org.apache.nifi.processors.standard.RouteText - RouteText[id=a680ad74-d0b5-404d-9505-4b7cb994baf3] Created FlowFile[3377,99015153873108.mockFlowFile,24B] from FlowFile[3376,99015153873108.mockFlowFile,24B]; routing to relationship simple
[pool-4010-thread-1] INFO org.apache.nifi.processors.standard.RouteText - RouteText[id=a680ad74-d0b5-404d-9505-4b7cb994baf3] Routing FlowFile[3376,99015153873108.mockFlowFile,24B] to original
[main] DEBUG org.apache.nifi.processors.standard.RouteText - RouteText[id=a680ad74-d0b5-404d-9505-4b7cb994baf3] Adding new dynamic property: PropertyDescriptor[simple]
[pool-4011-thread-1] INFO org.apache.nifi.processors.standard.RouteText - RouteText[id=a680ad74-d0b5-404d-9505-4b7cb994baf3] Created FlowFile[3379,99015154423752.mockFlowFile,24B] from FlowFile[3378,99015154423752.mockFlowFile,24B]; routing to relationship simple
[pool-4011-thread-1] INFO org.apache.nifi.processors.standard.RouteText - RouteText[id=a680ad74-d0b5-404d-9505-4b7cb994baf3] Routing FlowFile[3378,99015154423752.mockFlowFile,24B] to original
[main] DEBUG org.apache.nifi.processors.standard.RouteText - RouteText[id=a680ad74-d0b5-404d-9505-4b7cb994baf3] Adding new dynamic property: PropertyDescriptor[simple]
[pool-4012-thread-1] INFO org.apache.nifi.processors.standard.RouteText - RouteText[id=a680ad74-d0b5-404d-9505-4b7cb994baf3] Created FlowFile[3381,99015154884203.mockFlowFile,24B] from FlowFile[3380,99015154884203.mockFlowFile,24B]; routing to relationship simple
[pool-4012-thread-1] INFO org.apache.nifi.processors.standard.RouteText - RouteText[id=a680ad74-d0b5-404d-9505-4b7cb994baf3] Routing FlowFile[3380,99015154884203.mockFlowFile,24B] to original
[main] DEBUG org.apache.nifi.processors.standard.RouteText - RouteText[id=a680ad74-d0b5-404d-9505-4b7cb994baf3] Adding new dynamic property: PropertyDescriptor[simple]
[pool-4013-thread-1] INFO org.apache.nifi.processors.standard.RouteText - RouteText[id=a680ad74-d0b5-404d-9505-4b7cb994baf3] Created FlowFile[3383,99015155355367.mockFlowFile,24B] from FlowFile[3382,99015155355367.mockFlowFile,24B]; routing to relationship simple
[pool-4013-thread-1] INFO org.apache.nifi.processors.standard.RouteText - RouteText[id=a680ad74-d0b5-404d-9505-4b7cb994baf3] Routing FlowFile[3382,99015155355367.mockFlowFile,24B] to original
[main] DEBUG org.apache.nifi.processors.standard.RouteText - RouteText[id=a680ad74-d0b5-404d-9505-4b7cb994baf3] Adding new dynamic property: PropertyDescriptor[simple]
[pool-4014-thread-1] INFO org.apache.nifi.processors.standard.RouteText - RouteText[id=a680ad74-d0b5-404d-9505-4b7cb994baf3] Created FlowFile[3385,99015155793820.mockFlowFile,24B] from FlowFile[3384,99015155793820.mockFlowFile,24B]; routing to relationship simple
[pool-4014-thread-1] INFO org.apache.nifi.processors.standard.RouteText - RouteText[id=a680ad74-d0b5-404d-9505-4b7cb994baf3] Routing FlowFile[3384,99015155793820.mockFlowFile,24B] to original
[main] DEBUG org.apache.nifi.processors.standard.RouteText - RouteText[id=a680ad74-d0b5-404d-9505-4b7cb994baf3] Adding new dynamic property: PropertyDescriptor[simple]
[pool-4015-thread-1] INFO org.apache.nifi.processors.standard.RouteText - RouteText[id=a680ad74-d0b5-404d-9505-4b7cb994baf3] Created FlowFile[3387,99015156220488.mockFlowFile,24B] from FlowFile[3386,99015156220488.mockFlowFile,24B]; routing to relationship simple
[pool-4015-thread-1] INFO org.apache.nifi.processors.standard.RouteText - RouteText[id=a680ad74-d0b5-404d-9505-4b7cb994baf3] Routing FlowFile[3386,99015156220488.mockFlowFile,24B] to original
[main] DEBUG org.apache.nifi.processors.standard.RouteText - RouteText[id=a680ad74-d0b5-404d-9505-4b7cb994baf3] Adding new dynamic property: PropertyDescriptor[simple]
[pool-4016-thread-1] INFO org.apache.nifi.processors.standard.RouteText - RouteText[id=a680ad74-d0b5-404d-9505-4b7cb994baf3] Created FlowFile[3389,99015156712019.mockFlowFile,24B] from FlowFile[3388,99015156712019.mockFlowFile,24B]; routing to relationship simple
[pool-4016-thread-1] INFO org.apache.nifi.processors.standard.RouteText - RouteText[id=a680ad74-d0b5-404d-9505-4b7cb994baf3] Routing FlowFile[3388,99015156712019.mockFlowFile,24B] to original
[main] DEBUG org.apache.nifi.processors.standard.RouteText - RouteText[id=a680ad74-d0b5-404d-9505-4b7cb994baf3] Adding new dynamic property: PropertyDescriptor[simple]
[pool-4017-thread-1] INFO org.apache.nifi.processors.standard.RouteText - RouteText[id=a680ad74-d0b5-404d-9505-4b7cb994baf3] Created FlowFile[3391,99015157129354.mockFlowFile,24B] from FlowFile[3390,99015157129354.mockFlowFile,24B]; routing to relationship simple
[pool-4017-thread-1] INFO org.apache.nifi.processors.standard.RouteText - RouteText[id=a680ad74-d0b5-404d-9505-4b7cb994baf3] Routing FlowFile[3390,99015157129354.mockFlowFile,24B] to original
[main] DEBUG org.apache.nifi.processors.standard.RouteText - RouteText[id=a680ad74-d0b5-404d-9505-4b7cb994baf3] Adding new dynamic property: PropertyDescriptor[simple]
[pool-4018-thread-1] INFO org.apache.nifi.processors.standard.RouteText - RouteText[id=a680ad74-d0b5-404d-9505-4b7cb994baf3] Created FlowFile[3393,99015157515993.mockFlowFile,24B] from FlowFile[3392,99015157515993.mockFlowFile,24B]; routing to relationship simple
[pool-4018-thread-1] INFO org.apache.nifi.processors.standard.RouteText - RouteText[id=a680ad74-d0b5-404d-9505-4b7cb994baf3] Routing FlowFile[3392,99015157515993.mockFlowFile,24B] to original
[main] DEBUG org.apache.nifi.processors.standard.RouteText - RouteText[id=a680ad74-d0b5-404d-9505-4b7cb994baf3] Adding new dynamic property: PropertyDescriptor[simple]
[pool-4019-thread-1] INFO org.apache.nifi.processors.standard.RouteText - RouteText[id=a680ad74-d0b5-404d-9505-4b7cb994baf3] Created FlowFile[3395,99015157999523.mockFlowFile,24B] from FlowFile[3394,99015157999523.mockFlowFile,24B]; routing to relationship simple
[pool-4019-thread-1] INFO org.apache.nifi.processors.standard.RouteText - RouteText[id=a680ad74-d0b5-404d-9505-4b7cb994baf3] Routing FlowFile[3394,99015157999523.mockFlowFile,24B] to original
[main] DEBUG org.apache.nifi.processors.standard.RouteText - RouteText[id=a680ad74-d0b5-404d-9505-4b7cb994baf3] Adding new dynamic property: PropertyDescriptor[simple]
[pool-4020-thread-1] INFO org.apache.nifi.processors.standard.RouteText - RouteText[id=a680ad74-d0b5-404d-9505-4b7cb994baf3] Created FlowFile[3397,99015158448334.mockFlowFile,24B] from FlowFile[3396,99015158448334.mockFlowFile,24B]; routing to relationship simple
[pool-4020-thread-1] INFO org.apache.nifi.processors.standard.RouteText - RouteText[id=a680ad74-d0b5-404d-9505-4b7cb994baf3] Routing FlowFile[3396,99015158448334.mockFlowFile,24B] to original
[main] DEBUG org.apache.nifi.processors.standard.RouteText - RouteText[id=a680ad74-d0b5-404d-9505-4b7cb994baf3] Adding new dynamic property: PropertyDescriptor[simple]
[pool-4021-thread-1] INFO org.apache.nifi.processors.standard.RouteText - RouteText[id=a680ad74-d0b5-404d-9505-4b7cb994baf3] Created FlowFile[3399,99015158838699.mockFlowFile,24B] from FlowFile[3398,99015158838699.mockFlowFile,24B]; routing to relationship simple
[pool-4021-thread-1] INFO org.apache.nifi.processors.standard.RouteText - RouteText[id=a680ad74-d0b5-404d-9505-4b7cb994baf3] Routing FlowFile[3398,99015158838699.mockFlowFile,24B] to original
[main] DEBUG org.apache.nifi.processors.standard.RouteText - RouteText[id=a680ad74-d0b5-404d-9505-4b7cb994baf3] Adding new dynamic property: PropertyDescriptor[simple]
[pool-4022-thread-1] INFO org.apache.nifi.processors.standard.RouteText - RouteText[id=a680ad74-d0b5-404d-9505-4b7cb994baf3] Created FlowFile[3401,99015159290906.mockFlowFile,24B] from FlowFile[3400,99015159290906.mockFlowFile,24B]; routing to relationship simple
[pool-4022-thread-1] INFO org.apache.nifi.processors.standard.RouteText - RouteText[id=a680ad74-d0b5-404d-9505-4b7cb994baf3] Routing FlowFile[3400,99015159290906.mockFlowFile,24B] to original
[main] DEBUG org.apache.nifi.processors.standard.RouteText - RouteText[id=a680ad74-d0b5-404d-9505-4b7cb994baf3] Adding new dynamic property: PropertyDescriptor[simple]
[pool-4023-thread-1] INFO org.apache.nifi.processors.standard.RouteText - RouteText[id=a680ad74-d0b5-404d-9505-4b7cb994baf3] Created FlowFile[3403,99015159756652.mockFlowFile,24B] from FlowFile[3402,99015159756652.mockFlowFile,24B]; routing to relationship simple
[pool-4023-thread-1] INFO org.apache.nifi.processors.standard.RouteText - RouteText[id=a680ad74-d0b5-404d-9505-4b7cb994baf3] Routing FlowFile[3402,99015159756652.mockFlowFile,24B] to original
[main] DEBUG org.apache.nifi.processors.standard.RouteText - RouteText[id=a680ad74-d0b5-404d-9505-4b7cb994baf3] Adding new dynamic property: PropertyDescriptor[simple]
[pool-4024-thread-1] INFO org.apache.nifi.processors.standard.RouteText - RouteText[id=a680ad74-d0b5-404d-9505-4b7cb994baf3] Created FlowFile[3405,99015160134963.mockFlowFile,24B] from FlowFile[3404,99015160134963.mockFlowFile,24B]; routing to relationship simple
[pool-4024-thread-1] INFO org.apache.nifi.processors.standard.RouteText - RouteText[id=a680ad74-d0b5-404d-9505-4b7cb994baf3] Routing FlowFile[3404,99015160134963.mockFlowFile,24B] to original
[main] DEBUG org.apache.nifi.processors.standard.RouteText - RouteText[id=a680ad74-d0b5-404d-9505-4b7cb994baf3] Adding new dynamic property: PropertyDescriptor[simple]
[pool-4025-thread-1] INFO org.apache.nifi.processors.standard.RouteText - RouteText[id=a680ad74-d0b5-404d-9505-4b7cb994baf3] Created FlowFile[3407,99015160634733.mockFlowFile,24B] from FlowFile[3406,99015160634733.mockFlowFile,24B]; routing to relationship simple
[pool-4025-thread-1] INFO org.apache.nifi.processors.standard.RouteText - RouteText[id=a680ad74-d0b5-404d-9505-4b7cb994baf3] Routing FlowFile[3406,99015160634733.mockFlowFile,24B] to original
[main] DEBUG org.apache.nifi.processors.standard.RouteText - RouteText[id=a680ad74-d0b5-404d-9505-4b7cb994baf3] Adding new dynamic property: PropertyDescriptor[simple]
[pool-4026-thread-1] INFO org.apache.nifi.processors.standard.RouteText - RouteText[id=a680ad74-d0b5-404d-9505-4b7cb994baf3] Created FlowFile[3409,99015161152563.mockFlowFile,24B] from FlowFile[3408,99015161152563.mockFlowFile,24B]; routing to relationship simple
[pool-4026-thread-1] INFO org.apache.nifi.processors.standard.RouteText - RouteText[id=a680ad74-d0b5-404d-9505-4b7cb994baf3] Routing FlowFile[3408,99015161152563.mockFlowFile,24B] to original
[main] DEBUG org.apache.nifi.processors.standard.RouteText - RouteText[id=a680ad74-d0b5-404d-9505-4b7cb994baf3] Adding new dynamic property: PropertyDescriptor[simple]
[pool-4027-thread-1] INFO org.apache.nifi.processors.standard.RouteText - RouteText[id=a680ad74-d0b5-404d-9505-4b7cb994baf3] Created FlowFile[3411,99015161603889.mockFlowFile,24B] from FlowFile[3410,99015161603889.mockFlowFile,24B]; routing to relationship simple
[pool-4027-thread-1] INFO org.apache.nifi.processors.standard.RouteText - RouteText[id=a680ad74-d0b5-404d-9505-4b7cb994baf3] Routing FlowFile[3410,99015161603889.mockFlowFile,24B] to original
[main] DEBUG org.apache.nifi.processors.standard.RouteText - RouteText[id=a680ad74-d0b5-404d-9505-4b7cb994baf3] Adding new dynamic property: PropertyDescriptor[simple]
[pool-4028-thread-1] INFO org.apache.nifi.processors.standard.RouteText - RouteText[id=a680ad74-d0b5-404d-9505-4b7cb994baf3] Created FlowFile[3413,99015162065014.mockFlowFile,24B] from FlowFile[3412,99015162065014.mockFlowFile,24B]; routing to relationship simple
[pool-4028-thread-1] INFO org.apache.nifi.processors.standard.RouteText - RouteText[id=a680ad74-d0b5-404d-9505-4b7cb994baf3] Routing FlowFile[3412,99015162065014.mockFlowFile,24B] to original
[main] DEBUG org.apache.nifi.processors.standard.RouteText - RouteText[id=a680ad74-d0b5-404d-9505-4b7cb994baf3] Adding new dynamic property: PropertyDescriptor[simple]
[pool-4029-thread-1] INFO org.apache.nifi.processors.standard.RouteText - RouteText[id=a680ad74-d0b5-404d-9505-4b7cb994baf3] Created FlowFile[3415,99015162438486.mockFlowFile,24B] from FlowFile[3414,99015162438486.mockFlowFile,24B]; routing to relationship simple
[pool-4029-thread-1] INFO org.apache.nifi.processors.standard.RouteText - RouteText[id=a680ad74-d0b5-404d-9505-4b7cb994baf3] Routing FlowFile[3414,99015162438486.mockFlowFile,24B] to original
[main] DEBUG org.apache.nifi.processors.standard.RouteText - RouteText[id=a680ad74-d0b5-404d-9505-4b7cb994baf3] Adding new dynamic property: PropertyDescriptor[simple]
[pool-4030-thread-1] INFO org.apache.nifi.processors.standard.RouteText - RouteText[id=a680ad74-d0b5-404d-9505-4b7cb994baf3] Created FlowFile[3417,99015162810779.mockFlowFile,24B] from FlowFile[3416,99015162810779.mockFlowFile,24B]; routing to relationship simple
[pool-4030-thread-1] INFO org.apache.nifi.processors.standard.RouteText - RouteText[id=a680ad74-d0b5-404d-9505-4b7cb994baf3] Routing FlowFile[3416,99015162810779.mockFlowFile,24B] to original
[main] DEBUG org.apache.nifi.processors.standard.RouteText - RouteText[id=a680ad74-d0b5-404d-9505-4b7cb994baf3] Adding new dynamic property: PropertyDescriptor[simple]
[pool-4031-thread-1] INFO org.apache.nifi.processors.standard.RouteText - RouteText[id=a680ad74-d0b5-404d-9505-4b7cb994baf3] Created FlowFile[3419,99015163294253.mockFlowFile,24B] from FlowFile[3418,99015163294253.mockFlowFile,24B]; routing to relationship simple
[pool-4031-thread-1] INFO org.apache.nifi.processors.standard.RouteText - RouteText[id=a680ad74-d0b5-404d-9505-4b7cb994baf3] Routing FlowFile[3418,99015163294253.mockFlowFile,24B] to original
[main] DEBUG org.apache.nifi.processors.standard.RouteText - RouteText[id=a680ad74-d0b5-404d-9505-4b7cb994baf3] Adding new dynamic property: PropertyDescriptor[simple]
[pool-4032-thread-1] INFO org.apache.nifi.processors.standard.RouteText - RouteText[id=a680ad74-d0b5-404d-9505-4b7cb994baf3] Created FlowFile[3421,99015163859411.mockFlowFile,24B] from FlowFile[3420,99015163859411.mockFlowFile,24B]; routing to relationship simple
[pool-4032-thread-1] INFO org.apache.nifi.processors.standard.RouteText - RouteText[id=a680ad74-d0b5-404d-9505-4b7cb994baf3] Routing FlowFile[3420,99015163859411.mockFlowFile,24B] to original
[main] DEBUG org.apache.nifi.processors.standard.RouteText - RouteText[id=a680ad74-d0b5-404d-9505-4b7cb994baf3] Adding new dynamic property: PropertyDescriptor[simple]
[pool-4033-thread-1] INFO org.apache.nifi.processors.standard.RouteText - RouteText[id=a680ad74-d0b5-404d-9505-4b7cb994baf3] Created FlowFile[3423,99015164408918.mockFlowFile,24B] from FlowFile[3422,99015164408918.mockFlowFile,24B]; routing to relationship simple
[pool-4033-thread-1] INFO org.apache.nifi.processors.standard.RouteText - RouteText[id=a680ad74-d0b5-404d-9505-4b7cb994baf3] Routing FlowFile[3422,99015164408918.mockFlowFile,24B] to original
[main] DEBUG org.apache.nifi.processors.standard.RouteText - RouteText[id=a680ad74-d0b5-404d-9505-4b7cb994baf3] Adding new dynamic property: PropertyDescriptor[simple]
[pool-4034-thread-1] INFO org.apache.nifi.processors.standard.RouteText - RouteText[id=a680ad74-d0b5-404d-9505-4b7cb994baf3] Created FlowFile[3425,99015164882596.mockFlowFile,24B] from FlowFile[3424,99015164882596.mockFlowFile,24B]; routing to relationship simple
[pool-4034-thread-1] INFO org.apache.nifi.processors.standard.RouteText - RouteText[id=a680ad74-d0b5-404d-9505-4b7cb994baf3] Routing FlowFile[3424,99015164882596.mockFlowFile,24B] to original
[main] DEBUG org.apache.nifi.processors.standard.RouteText - RouteText[id=a680ad74-d0b5-404d-9505-4b7cb994baf3] Adding new dynamic property: PropertyDescriptor[simple]
[pool-4035-thread-1] INFO org.apache.nifi.processors.standard.RouteText - RouteText[id=a680ad74-d0b5-404d-9505-4b7cb994baf3] Created FlowFile[3427,99015165335945.mockFlowFile,24B] from FlowFile[3426,99015165335945.mockFlowFile,24B]; routing to relationship simple
[pool-4035-thread-1] INFO org.apache.nifi.processors.standard.RouteText - RouteText[id=a680ad74-d0b5-404d-9505-4b7cb994baf3] Routing FlowFile[3426,99015165335945.mockFlowFile,24B] to original
[main] DEBUG org.apache.nifi.processors.standard.RouteText - RouteText[id=a680ad74-d0b5-404d-9505-4b7cb994baf3] Adding new dynamic property: PropertyDescriptor[simple]
[pool-4036-thread-1] INFO org.apache.nifi.processors.standard.RouteText - RouteText[id=a680ad74-d0b5-404d-9505-4b7cb994baf3] Created FlowFile[3429,99015165722808.mockFlowFile,24B] from FlowFile[3428,99015165722808.mockFlowFile,24B]; routing to relationship simple
[pool-4036-thread-1] INFO org.apache.nifi.processors.standard.RouteText - RouteText[id=a680ad74-d0b5-404d-9505-4b7cb994baf3] Routing FlowFile[3428,99015165722808.mockFlowFile,24B] to original
[main] DEBUG org.apache.nifi.processors.standard.RouteText - RouteText[id=a680ad74-d0b5-404d-9505-4b7cb994baf3] Adding new dynamic property: PropertyDescriptor[simple]
[pool-4037-thread-1] INFO org.apache.nifi.processors.standard.RouteText - RouteText[id=a680ad74-d0b5-404d-9505-4b7cb994baf3] Created FlowFile[3431,99015166070158.mockFlowFile,24B] from FlowFile[3430,99015166070158.mockFlowFile,24B]; routing to relationship simple
[pool-4037-thread-1] INFO org.apache.nifi.processors.standard.RouteText - RouteText[id=a680ad74-d0b5-404d-9505-4b7cb994baf3] Routing FlowFile[3430,99015166070158.mockFlowFile,24B] to original
[main] DEBUG org.apache.nifi.processors.standard.RouteText - RouteText[id=a680ad74-d0b5-404d-9505-4b7cb994baf3] Adding new dynamic property: PropertyDescriptor[simple]
[pool-4038-thread-1] INFO org.apache.nifi.processors.standard.RouteText - RouteText[id=a680ad74-d0b5-404d-9505-4b7cb994baf3] Created FlowFile[3433,99015166394879.mockFlowFile,24B] from FlowFile[3432,99015166394879.mockFlowFile,24B]; routing to relationship simple
[pool-4038-thread-1] INFO org.apache.nifi.processors.standard.RouteText - RouteText[id=a680ad74-d0b5-404d-9505-4b7cb994baf3] Routing FlowFile[3432,99015166394879.mockFlowFile,24B] to original
[main] DEBUG org.apache.nifi.processors.standard.RouteText - RouteText[id=a680ad74-d0b5-404d-9505-4b7cb994baf3] Adding new dynamic property: PropertyDescriptor[simple]
[pool-4039-thread-1] INFO org.apache.nifi.processors.standard.RouteText - RouteText[id=a680ad74-d0b5-404d-9505-4b7cb994baf3] Created FlowFile[3435,99015166730745.mockFlowFile,24B] from FlowFile[3434,99015166730745.mockFlowFile,24B]; routing to relationship simple
[pool-4039-thread-1] INFO org.apache.nifi.processors.standard.RouteText - RouteText[id=a680ad74-d0b5-404d-9505-4b7cb994baf3] Routing FlowFile[3434,99015166730745.mockFlowFile,24B] to original
[main] DEBUG org.apache.nifi.processors.standard.RouteText - RouteText[id=a680ad74-d0b5-404d-9505-4b7cb994baf3] Adding new dynamic property: PropertyDescriptor[simple]
[pool-4040-thread-1] INFO org.apache.nifi.processors.standard.RouteText - RouteText[id=a680ad74-d0b5-404d-9505-4b7cb994baf3] Created FlowFile[3437,99015167058270.mockFlowFile,24B] from FlowFile[3436,99015167058270.mockFlowFile,24B]; routing to relationship simple
[pool-4040-thread-1] INFO org.apache.nifi.processors.standard.RouteText - RouteText[id=a680ad74-d0b5-404d-9505-4b7cb994baf3] Routing FlowFile[3436,99015167058270.mockFlowFile,24B] to original
[main] DEBUG org.apache.nifi.processors.standard.RouteText - RouteText[id=a680ad74-d0b5-404d-9505-4b7cb994baf3] Adding new dynamic property: PropertyDescriptor[simple]
[pool-4041-thread-1] INFO org.apache.nifi.processors.standard.RouteText - RouteText[id=a680ad74-d0b5-404d-9505-4b7cb994baf3] Created FlowFile[3439,99015167534766.mockFlowFile,24B] from FlowFile[3438,99015167534766.mockFlowFile,24B]; routing to relationship simple
[pool-4041-thread-1] INFO org.apache.nifi.processors.standard.RouteText - RouteText[id=a680ad74-d0b5-404d-9505-4b7cb994baf3] Routing FlowFile[3438,99015167534766.mockFlowFile,24B] to original
[main] DEBUG org.apache.nifi.processors.standard.RouteText - RouteText[id=a680ad74-d0b5-404d-9505-4b7cb994baf3] Adding new dynamic property: PropertyDescriptor[simple]
[pool-4042-thread-1] INFO org.apache.nifi.processors.standard.RouteText - RouteText[id=a680ad74-d0b5-404d-9505-4b7cb994baf3] Created FlowFile[3441,99015167930367.mockFlowFile,24B] from FlowFile[3440,99015167930367.mockFlowFile,24B]; routing to relationship simple
[pool-4042-thread-1] INFO org.apache.nifi.processors.standard.RouteText - RouteText[id=a680ad74-d0b5-404d-9505-4b7cb994baf3] Routing FlowFile[3440,99015167930367.mockFlowFile,24B] to original
[main] DEBUG org.apache.nifi.processors.standard.RouteText - RouteText[id=a680ad74-d0b5-404d-9505-4b7cb994baf3] Adding new dynamic property: PropertyDescriptor[simple]
[pool-4043-thread-1] INFO org.apache.nifi.processors.standard.RouteText - RouteText[id=a680ad74-d0b5-404d-9505-4b7cb994baf3] Created FlowFile[3443,99015168401811.mockFlowFile,24B] from FlowFile[3442,99015168401811.mockFlowFile,24B]; routing to relationship simple
[pool-4043-thread-1] INFO org.apache.nifi.processors.standard.RouteText - RouteText[id=a680ad74-d0b5-404d-9505-4b7cb994baf3] Routing FlowFile[3442,99015168401811.mockFlowFile,24B] to original
[main] DEBUG org.apache.nifi.processors.standard.RouteText - RouteText[id=a680ad74-d0b5-404d-9505-4b7cb994baf3] Adding new dynamic property: PropertyDescriptor[simple]
[pool-4044-thread-1] INFO org.apache.nifi.processors.standard.RouteText - RouteText[id=a680ad74-d0b5-404d-9505-4b7cb994baf3] Created FlowFile[3445,99015168841319.mockFlowFile,24B] from FlowFile[3444,99015168841319.mockFlowFile,24B]; routing to relationship simple
[pool-4044-thread-1] INFO org.apache.nifi.processors.standard.RouteText - RouteText[id=a680ad74-d0b5-404d-9505-4b7cb994baf3] Routing FlowFile[3444,99015168841319.mockFlowFile,24B] to original
[main] DEBUG org.apache.nifi.processors.standard.RouteText - RouteText[id=a680ad74-d0b5-404d-9505-4b7cb994baf3] Adding new dynamic property: PropertyDescriptor[simple]
[pool-4045-thread-1] INFO org.apache.nifi.processors.standard.RouteText - RouteText[id=a680ad74-d0b5-404d-9505-4b7cb994baf3] Created FlowFile[3447,99015169400255.mockFlowFile,24B] from FlowFile[3446,99015169400255.mockFlowFile,24B]; routing to relationship simple
[pool-4045-thread-1] INFO org.apache.nifi.processors.standard.RouteText - RouteText[id=a680ad74-d0b5-404d-9505-4b7cb994baf3] Routing FlowFile[3446,99015169400255.mockFlowFile,24B] to original
[main] DEBUG org.apache.nifi.processors.standard.RouteText - RouteText[id=a680ad74-d0b5-404d-9505-4b7cb994baf3] Adding new dynamic property: PropertyDescriptor[simple]
[pool-4046-thread-1] INFO org.apache.nifi.processors.standard.RouteText - RouteText[id=a680ad74-d0b5-404d-9505-4b7cb994baf3] Created FlowFile[3449,99015169851100.mockFlowFile,24B] from FlowFile[3448,99015169851100.mockFlowFile,24B]; routing to relationship simple
[pool-4046-thread-1] INFO org.apache.nifi.processors.standard.RouteText - RouteText[id=a680ad74-d0b5-404d-9505-4b7cb994baf3] Routing FlowFile[3448,99015169851100.mockFlowFile,24B] to original
[main] DEBUG org.apache.nifi.processors.standard.RouteText - RouteText[id=a680ad74-d0b5-404d-9505-4b7cb994baf3] Adding new dynamic property: PropertyDescriptor[simple]
[pool-4047-thread-1] INFO org.apache.nifi.processors.standard.RouteText - RouteText[id=a680ad74-d0b5-404d-9505-4b7cb994baf3] Created FlowFile[3451,99015170296974.mockFlowFile,24B] from FlowFile[3450,99015170296974.mockFlowFile,24B]; routing to relationship simple
[pool-4047-thread-1] INFO org.apache.nifi.processors.standard.RouteText - RouteText[id=a680ad74-d0b5-404d-9505-4b7cb994baf3] Routing FlowFile[3450,99015170296974.mockFlowFile,24B] to original
[main] DEBUG org.apache.nifi.processors.standard.RouteText - RouteText[id=a680ad74-d0b5-404d-9505-4b7cb994baf3] Adding new dynamic property: PropertyDescriptor[simple]
[pool-4048-thread-1] INFO org.apache.nifi.processors.standard.RouteText - RouteText[id=a680ad74-d0b5-404d-9505-4b7cb994baf3] Created FlowFile[3453,99015170689777.mockFlowFile,24B] from FlowFile[3452,99015170689777.mockFlowFile,24B]; routing to relationship simple
[pool-4048-thread-1] INFO org.apache.nifi.processors.standard.RouteText - RouteText[id=a680ad74-d0b5-404d-9505-4b7cb994baf3] Routing FlowFile[3452,99015170689777.mockFlowFile,24B] to original
[main] DEBUG org.apache.nifi.processors.standard.RouteText - RouteText[id=a680ad74-d0b5-404d-9505-4b7cb994baf3] Adding new dynamic property: PropertyDescriptor[simple]
[pool-4049-thread-1] INFO org.apache.nifi.processors.standard.RouteText - RouteText[id=a680ad74-d0b5-404d-9505-4b7cb994baf3] Created FlowFile[3455,99015171233671.mockFlowFile,24B] from FlowFile[3454,99015171233671.mockFlowFile,24B]; routing to relationship simple
[pool-4049-thread-1] INFO org.apache.nifi.processors.standard.RouteText - RouteText[id=a680ad74-d0b5-404d-9505-4b7cb994baf3] Routing FlowFile[3454,99015171233671.mockFlowFile,24B] to original
[main] DEBUG org.apache.nifi.processors.standard.RouteText - RouteText[id=a680ad74-d0b5-404d-9505-4b7cb994baf3] Adding new dynamic property: PropertyDescriptor[simple]
[pool-4050-thread-1] INFO org.apache.nifi.processors.standard.RouteText - RouteText[id=a680ad74-d0b5-404d-9505-4b7cb994baf3] Created FlowFile[3457,99015171694245.mockFlowFile,24B] from FlowFile[3456,99015171694245.mockFlowFile,24B]; routing to relationship simple
[pool-4050-thread-1] INFO org.apache.nifi.processors.standard.RouteText - RouteText[id=a680ad74-d0b5-404d-9505-4b7cb994baf3] Routing FlowFile[3456,99015171694245.mockFlowFile,24B] to original
[main] DEBUG org.apache.nifi.processors.standard.RouteText - RouteText[id=a680ad74-d0b5-404d-9505-4b7cb994baf3] Adding new dynamic property: PropertyDescriptor[simple]
[pool-4051-thread-1] INFO org.apache.nifi.processors.standard.RouteText - RouteText[id=a680ad74-d0b5-404d-9505-4b7cb994baf3] Created FlowFile[3459,99015172267761.mockFlowFile,24B] from FlowFile[3458,99015172267761.mockFlowFile,24B]; routing to relationship simple
[pool-4051-thread-1] INFO org.apache.nifi.processors.standard.RouteText - RouteText[id=a680ad74-d0b5-404d-9505-4b7cb994baf3] Routing FlowFile[3458,99015172267761.mockFlowFile,24B] to original
[main] DEBUG org.apache.nifi.processors.standard.RouteText - RouteText[id=a680ad74-d0b5-404d-9505-4b7cb994baf3] Adding new dynamic property: PropertyDescriptor[simple]
[pool-4052-thread-1] INFO org.apache.nifi.processors.standard.RouteText - RouteText[id=a680ad74-d0b5-404d-9505-4b7cb994baf3] Created FlowFile[3461,99015172699062.mockFlowFile,24B] from FlowFile[3460,99015172699062.mockFlowFile,24B]; routing to relationship simple
[pool-4052-thread-1] INFO org.apache.nifi.processors.standard.RouteText - RouteText[id=a680ad74-d0b5-404d-9505-4b7cb994baf3] Routing FlowFile[3460,99015172699062.mockFlowFile,24B] to original
[main] DEBUG org.apache.nifi.processors.standard.RouteText - RouteText[id=a680ad74-d0b5-404d-9505-4b7cb994baf3] Adding new dynamic property: PropertyDescriptor[simple]
[pool-4053-thread-1] INFO org.apache.nifi.processors.standard.RouteText - RouteText[id=a680ad74-d0b5-404d-9505-4b7cb994baf3] Created FlowFile[3463,99015173123921.mockFlowFile,24B] from FlowFile[3462,99015173123921.mockFlowFile,24B]; routing to relationship simple
[pool-4053-thread-1] INFO org.apache.nifi.processors.standard.RouteText - RouteText[id=a680ad74-d0b5-404d-9505-4b7cb994baf3] Routing FlowFile[3462,99015173123921.mockFlowFile,24B] to original
[main] DEBUG org.apache.nifi.processors.standard.RouteText - RouteText[id=a680ad74-d0b5-404d-9505-4b7cb994baf3] Adding new dynamic property: PropertyDescriptor[simple]
[pool-4054-thread-1] INFO org.apache.nifi.processors.standard.RouteText - RouteText[id=a680ad74-d0b5-404d-9505-4b7cb994baf3] Created FlowFile[3465,99015173512603.mockFlowFile,24B] from FlowFile[3464,99015173512603.mockFlowFile,24B]; routing to relationship simple
[pool-4054-thread-1] INFO org.apache.nifi.processors.standard.RouteText - RouteText[id=a680ad74-d0b5-404d-9505-4b7cb994baf3] Routing FlowFile[3464,99015173512603.mockFlowFile,24B] to original
[main] DEBUG org.apache.nifi.processors.standard.RouteText - RouteText[id=a680ad74-d0b5-404d-9505-4b7cb994baf3] Adding new dynamic property: PropertyDescriptor[simple]
[pool-4055-thread-1] INFO org.apache.nifi.processors.standard.RouteText - RouteText[id=a680ad74-d0b5-404d-9505-4b7cb994baf3] Created FlowFile[3467,99015173875808.mockFlowFile,24B] from FlowFile[3466,99015173875808.mockFlowFile,24B]; routing to relationship simple
[pool-4055-thread-1] INFO org.apache.nifi.processors.standard.RouteText - RouteText[id=a680ad74-d0b5-404d-9505-4b7cb994baf3] Routing FlowFile[3466,99015173875808.mockFlowFile,24B] to original
[main] DEBUG org.apache.nifi.processors.standard.RouteText - RouteText[id=a680ad74-d0b5-404d-9505-4b7cb994baf3] Adding new dynamic property: PropertyDescriptor[simple]
[pool-4056-thread-1] INFO org.apache.nifi.processors.standard.RouteText - RouteText[id=a680ad74-d0b5-404d-9505-4b7cb994baf3] Created FlowFile[3469,99015174260735.mockFlowFile,24B] from FlowFile[3468,99015174260735.mockFlowFile,24B]; routing to relationship simple
[pool-4056-thread-1] INFO org.apache.nifi.processors.standard.RouteText - RouteText[id=a680ad74-d0b5-404d-9505-4b7cb994baf3] Routing FlowFile[3468,99015174260735.mockFlowFile,24B] to original
[main] DEBUG org.apache.nifi.processors.standard.RouteText - RouteText[id=a680ad74-d0b5-404d-9505-4b7cb994baf3] Adding new dynamic property: PropertyDescriptor[simple]
[pool-4057-thread-1] INFO org.apache.nifi.processors.standard.RouteText - RouteText[id=a680ad74-d0b5-404d-9505-4b7cb994baf3] Created FlowFile[3471,99015174655336.mockFlowFile,24B] from FlowFile[3470,99015174655336.mockFlowFile,24B]; routing to relationship simple
[pool-4057-thread-1] INFO org.apache.nifi.processors.standard.RouteText - RouteText[id=a680ad74-d0b5-404d-9505-4b7cb994baf3] Routing FlowFile[3470,99015174655336.mockFlowFile,24B] to original
[main] DEBUG org.apache.nifi.processors.standard.RouteText - RouteText[id=a680ad74-d0b5-404d-9505-4b7cb994baf3] Adding new dynamic property: PropertyDescriptor[simple]
[pool-4058-thread-1] INFO org.apache.nifi.processors.standard.RouteText - RouteText[id=a680ad74-d0b5-404d-9505-4b7cb994baf3] Created FlowFile[3473,99015175047706.mockFlowFile,24B] from FlowFile[3472,99015175047706.mockFlowFile,24B]; routing to relationship simple
[pool-4058-thread-1] INFO org.apache.nifi.processors.standard.RouteText - RouteText[id=a680ad74-d0b5-404d-9505-4b7cb994baf3] Routing FlowFile[3472,99015175047706.mockFlowFile,24B] to original
[main] DEBUG org.apache.nifi.processors.standard.RouteText - RouteText[id=a680ad74-d0b5-404d-9505-4b7cb994baf3] Adding new dynamic property: PropertyDescriptor[simple]
[pool-4059-thread-1] INFO org.apache.nifi.processors.standard.RouteText - RouteText[id=a680ad74-d0b5-404d-9505-4b7cb994baf3] Created FlowFile[3475,99015175434551.mockFlowFile,24B] from FlowFile[3474,99015175434551.mockFlowFile,24B]; routing to relationship simple
[pool-4059-thread-1] INFO org.apache.nifi.processors.standard.RouteText - RouteText[id=a680ad74-d0b5-404d-9505-4b7cb994baf3] Routing FlowFile[3474,99015175434551.mockFlowFile,24B] to original
[main] DEBUG org.apache.nifi.processors.standard.RouteText - RouteText[id=a680ad74-d0b5-404d-9505-4b7cb994baf3] Adding new dynamic property: PropertyDescriptor[simple]
[pool-4060-thread-1] INFO org.apache.nifi.processors.standard.RouteText - RouteText[id=a680ad74-d0b5-404d-9505-4b7cb994baf3] Created FlowFile[3477,99015175834613.mockFlowFile,24B] from FlowFile[3476,99015175834613.mockFlowFile,24B]; routing to relationship simple
[pool-4060-thread-1] INFO org.apache.nifi.processors.standard.RouteText - RouteText[id=a680ad74-d0b5-404d-9505-4b7cb994baf3] Routing FlowFile[3476,99015175834613.mockFlowFile,24B] to original
[main] DEBUG org.apache.nifi.processors.standard.RouteText - RouteText[id=a680ad74-d0b5-404d-9505-4b7cb994baf3] Adding new dynamic property: PropertyDescriptor[simple]
[pool-4061-thread-1] INFO org.apache.nifi.processors.standard.RouteText - RouteText[id=a680ad74-d0b5-404d-9505-4b7cb994baf3] Created FlowFile[3479,99015176238319.mockFlowFile,24B] from FlowFile[3478,99015176238319.mockFlowFile,24B]; routing to relationship simple
[pool-4061-thread-1] INFO org.apache.nifi.processors.standard.RouteText - RouteText[id=a680ad74-d0b5-404d-9505-4b7cb994baf3] Routing FlowFile[3478,99015176238319.mockFlowFile,24B] to original
[main] DEBUG org.apache.nifi.processors.standard.RouteText - RouteText[id=a680ad74-d0b5-404d-9505-4b7cb994baf3] Adding new dynamic property: PropertyDescriptor[simple]
[pool-4062-thread-1] INFO org.apache.nifi.processors.standard.RouteText - RouteText[id=a680ad74-d0b5-404d-9505-4b7cb994baf3] Created FlowFile[3481,99015176623179.mockFlowFile,24B] from FlowFile[3480,99015176623179.mockFlowFile,24B]; routing to relationship simple
[pool-4062-thread-1] INFO org.apache.nifi.processors.standard.RouteText - RouteText[id=a680ad74-d0b5-404d-9505-4b7cb994baf3] Routing FlowFile[3480,99015176623179.mockFlowFile,24B] to original
[main] DEBUG org.apache.nifi.processors.standard.RouteText - RouteText[id=a680ad74-d0b5-404d-9505-4b7cb994baf3] Adding new dynamic property: PropertyDescriptor[simple]
[pool-4063-thread-1] INFO org.apache.nifi.processors.standard.RouteText - RouteText[id=a680ad74-d0b5-404d-9505-4b7cb994baf3] Created FlowFile[3483,99015177012805.mockFlowFile,24B] from FlowFile[3482,99015177012805.mockFlowFile,24B]; routing to relationship simple
[pool-4063-thread-1] INFO org.apache.nifi.processors.standard.RouteText - RouteText[id=a680ad74-d0b5-404d-9505-4b7cb994baf3] Routing FlowFile[3482,99015177012805.mockFlowFile,24B] to original
[main] DEBUG org.apache.nifi.processors.standard.RouteText - RouteText[id=a680ad74-d0b5-404d-9505-4b7cb994baf3] Adding new dynamic property: PropertyDescriptor[simple]
[pool-4064-thread-1] INFO org.apache.nifi.processors.standard.RouteText - RouteText[id=a680ad74-d0b5-404d-9505-4b7cb994baf3] Created FlowFile[3485,99015177408186.mockFlowFile,24B] from FlowFile[3484,99015177408186.mockFlowFile,24B]; routing to relationship simple
[pool-4064-thread-1] INFO org.apache.nifi.processors.standard.RouteText - RouteText[id=a680ad74-d0b5-404d-9505-4b7cb994baf3] Routing FlowFile[3484,99015177408186.mockFlowFile,24B] to original
[main] DEBUG org.apache.nifi.processors.standard.RouteText - RouteText[id=a680ad74-d0b5-404d-9505-4b7cb994baf3] Adding new dynamic property: PropertyDescriptor[simple]
[pool-4065-thread-1] INFO org.apache.nifi.processors.standard.RouteText - RouteText[id=a680ad74-d0b5-404d-9505-4b7cb994baf3] Created FlowFile[3487,99015177807535.mockFlowFile,24B] from FlowFile[3486,99015177807535.mockFlowFile,24B]; routing to relationship simple
[pool-4065-thread-1] INFO org.apache.nifi.processors.standard.RouteText - RouteText[id=a680ad74-d0b5-404d-9505-4b7cb994baf3] Routing FlowFile[3486,99015177807535.mockFlowFile,24B] to original
[main] DEBUG org.apache.nifi.processors.standard.RouteText - RouteText[id=a680ad74-d0b5-404d-9505-4b7cb994baf3] Adding new dynamic property: PropertyDescriptor[simple]
[pool-4066-thread-1] INFO org.apache.nifi.processors.standard.RouteText - RouteText[id=a680ad74-d0b5-404d-9505-4b7cb994baf3] Created FlowFile[3489,99015178228133.mockFlowFile,24B] from FlowFile[3488,99015178228133.mockFlowFile,24B]; routing to relationship simple
[pool-4066-thread-1] INFO org.apache.nifi.processors.standard.RouteText - RouteText[id=a680ad74-d0b5-404d-9505-4b7cb994baf3] Routing FlowFile[3488,99015178228133.mockFlowFile,24B] to original
[main] DEBUG org.apache.nifi.processors.standard.RouteText - RouteText[id=a680ad74-d0b5-404d-9505-4b7cb994baf3] Adding new dynamic property: PropertyDescriptor[simple]
[pool-4067-thread-1] INFO org.apache.nifi.processors.standard.RouteText - RouteText[id=a680ad74-d0b5-404d-9505-4b7cb994baf3] Created FlowFile[3491,99015178651451.mockFlowFile,24B] from FlowFile[3490,99015178651451.mockFlowFile,24B]; routing to relationship simple
[pool-4067-thread-1] INFO org.apache.nifi.processors.standard.RouteText - RouteText[id=a680ad74-d0b5-404d-9505-4b7cb994baf3] Routing FlowFile[3490,99015178651451.mockFlowFile,24B] to original
[main] DEBUG org.apache.nifi.processors.standard.RouteText - RouteText[id=a680ad74-d0b5-404d-9505-4b7cb994baf3] Adding new dynamic property: PropertyDescriptor[simple]
[pool-4068-thread-1] INFO org.apache.nifi.processors.standard.RouteText - RouteText[id=a680ad74-d0b5-404d-9505-4b7cb994baf3] Created FlowFile[3493,99015179095133.mockFlowFile,24B] from FlowFile[3492,99015179095133.mockFlowFile,24B]; routing to relationship simple
[pool-4068-thread-1] INFO org.apache.nifi.processors.standard.RouteText - RouteText[id=a680ad74-d0b5-404d-9505-4b7cb994baf3] Routing FlowFile[3492,99015179095133.mockFlowFile,24B] to original
[main] DEBUG org.apache.nifi.processors.standard.RouteText - RouteText[id=a680ad74-d0b5-404d-9505-4b7cb994baf3] Adding new dynamic property: PropertyDescriptor[simple]
[pool-4069-thread-1] INFO org.apache.nifi.processors.standard.RouteText - RouteText[id=a680ad74-d0b5-404d-9505-4b7cb994baf3] Created FlowFile[3495,99015179565983.mockFlowFile,24B] from FlowFile[3494,99015179565983.mockFlowFile,24B]; routing to relationship simple
[pool-4069-thread-1] INFO org.apache.nifi.processors.standard.RouteText - RouteText[id=a680ad74-d0b5-404d-9505-4b7cb994baf3] Routing FlowFile[3494,99015179565983.mockFlowFile,24B] to original
[main] DEBUG org.apache.nifi.processors.standard.RouteText - RouteText[id=a680ad74-d0b5-404d-9505-4b7cb994baf3] Adding new dynamic property: PropertyDescriptor[simple]
[pool-4070-thread-1] INFO org.apache.nifi.processors.standard.RouteText - RouteText[id=a680ad74-d0b5-404d-9505-4b7cb994baf3] Created FlowFile[3497,99015179998806.mockFlowFile,24B] from FlowFile[3496,99015179998806.mockFlowFile,24B]; routing to relationship simple
[pool-4070-thread-1] INFO org.apache.nifi.processors.standard.RouteText - RouteText[id=a680ad74-d0b5-404d-9505-4b7cb994baf3] Routing FlowFile[3496,99015179998806.mockFlowFile,24B] to original
[main] DEBUG org.apache.nifi.processors.standard.RouteText - RouteText[id=a680ad74-d0b5-404d-9505-4b7cb994baf3] Adding new dynamic property: PropertyDescriptor[simple]
[pool-4071-thread-1] INFO org.apache.nifi.processors.standard.RouteText - RouteText[id=a680ad74-d0b5-404d-9505-4b7cb994baf3] Created FlowFile[3499,99015180425117.mockFlowFile,24B] from FlowFile[3498,99015180425117.mockFlowFile,24B]; routing to relationship simple
[pool-4071-thread-1] INFO org.apache.nifi.processors.standard.RouteText - RouteText[id=a680ad74-d0b5-404d-9505-4b7cb994baf3] Routing FlowFile[3498,99015180425117.mockFlowFile,24B] to original
[main] DEBUG org.apache.nifi.processors.standard.RouteText - RouteText[id=a680ad74-d0b5-404d-9505-4b7cb994baf3] Adding new dynamic property: PropertyDescriptor[simple]
[pool-4072-thread-1] INFO org.apache.nifi.processors.standard.RouteText - RouteText[id=a680ad74-d0b5-404d-9505-4b7cb994baf3] Created FlowFile[3501,99015180834766.mockFlowFile,24B] from FlowFile[3500,99015180834766.mockFlowFile,24B]; routing to relationship simple
[pool-4072-thread-1] INFO org.apache.nifi.processors.standard.RouteText - RouteText[id=a680ad74-d0b5-404d-9505-4b7cb994baf3] Routing FlowFile[3500,99015180834766.mockFlowFile,24B] to original
[main] DEBUG org.apache.nifi.processors.standard.RouteText - RouteText[id=a680ad74-d0b5-404d-9505-4b7cb994baf3] Adding new dynamic property: PropertyDescriptor[simple]
[pool-4073-thread-1] INFO org.apache.nifi.processors.standard.RouteText - RouteText[id=a680ad74-d0b5-404d-9505-4b7cb994baf3] Created FlowFile[3503,99015181267194.mockFlowFile,24B] from FlowFile[3502,99015181267194.mockFlowFile,24B]; routing to relationship simple
[pool-4073-thread-1] INFO org.apache.nifi.processors.standard.RouteText - RouteText[id=a680ad74-d0b5-404d-9505-4b7cb994baf3] Routing FlowFile[3502,99015181267194.mockFlowFile,24B] to original
[main] DEBUG org.apache.nifi.processors.standard.RouteText - RouteText[id=a680ad74-d0b5-404d-9505-4b7cb994baf3] Adding new dynamic property: PropertyDescriptor[simple]
[pool-4074-thread-1] INFO org.apache.nifi.processors.standard.RouteText - RouteText[id=a680ad74-d0b5-404d-9505-4b7cb994baf3] Created FlowFile[3505,99015181692542.mockFlowFile,24B] from FlowFile[3504,99015181692542.mockFlowFile,24B]; routing to relationship simple
[pool-4074-thread-1] INFO org.apache.nifi.processors.standard.RouteText - RouteText[id=a680ad74-d0b5-404d-9505-4b7cb994baf3] Routing FlowFile[3504,99015181692542.mockFlowFile,24B] to original
[main] DEBUG org.apache.nifi.processors.standard.RouteText - RouteText[id=a680ad74-d0b5-404d-9505-4b7cb994baf3] Adding new dynamic property: PropertyDescriptor[simple]
[pool-4075-thread-1] INFO org.apache.nifi.processors.standard.RouteText - RouteText[id=a680ad74-d0b5-404d-9505-4b7cb994baf3] Created FlowFile[3507,99015182106196.mockFlowFile,24B] from FlowFile[3506,99015182106196.mockFlowFile,24B]; routing to relationship simple
[pool-4075-thread-1] INFO org.apache.nifi.processors.standard.RouteText - RouteText[id=a680ad74-d0b5-404d-9505-4b7cb994baf3] Routing FlowFile[3506,99015182106196.mockFlowFile,24B] to original
[main] DEBUG org.apache.nifi.processors.standard.RouteText - RouteText[id=a680ad74-d0b5-404d-9505-4b7cb994baf3] Adding new dynamic property: PropertyDescriptor[simple]
[pool-4076-thread-1] INFO org.apache.nifi.processors.standard.RouteText - RouteText[id=a680ad74-d0b5-404d-9505-4b7cb994baf3] Created FlowFile[3509,99015182515592.mockFlowFile,24B] from FlowFile[3508,99015182515592.mockFlowFile,24B]; routing to relationship simple
[pool-4076-thread-1] INFO org.apache.nifi.processors.standard.RouteText - RouteText[id=a680ad74-d0b5-404d-9505-4b7cb994baf3] Routing FlowFile[3508,99015182515592.mockFlowFile,24B] to original
[main] DEBUG org.apache.nifi.processors.standard.RouteText - RouteText[id=a680ad74-d0b5-404d-9505-4b7cb994baf3] Adding new dynamic property: PropertyDescriptor[simple]
[pool-4077-thread-1] INFO org.apache.nifi.processors.standard.RouteText - RouteText[id=a680ad74-d0b5-404d-9505-4b7cb994baf3] Created FlowFile[3511,99015182902661.mockFlowFile,24B] from FlowFile[3510,99015182902661.mockFlowFile,24B]; routing to relationship simple
[pool-4077-thread-1] INFO org.apache.nifi.processors.standard.RouteText - RouteText[id=a680ad74-d0b5-404d-9505-4b7cb994baf3] Routing FlowFile[3510,99015182902661.mockFlowFile,24B] to original
[main] DEBUG org.apache.nifi.processors.standard.RouteText - RouteText[id=a680ad74-d0b5-404d-9505-4b7cb994baf3] Adding new dynamic property: PropertyDescriptor[simple]
[pool-4078-thread-1] INFO org.apache.nifi.processors.standard.RouteText - RouteText[id=a680ad74-d0b5-404d-9505-4b7cb994baf3] Created FlowFile[3513,99015183302698.mockFlowFile,24B] from FlowFile[3512,99015183302698.mockFlowFile,24B]; routing to relationship simple
[pool-4078-thread-1] INFO org.apache.nifi.processors.standard.RouteText - RouteText[id=a680ad74-d0b5-404d-9505-4b7cb994baf3] Routing FlowFile[3512,99015183302698.mockFlowFile,24B] to original
[main] DEBUG org.apache.nifi.processors.standard.RouteText - RouteText[id=a680ad74-d0b5-404d-9505-4b7cb994baf3] Adding new dynamic property: PropertyDescriptor[simple]
[pool-4079-thread-1] INFO org.apache.nifi.processors.standard.RouteText - RouteText[id=a680ad74-d0b5-404d-9505-4b7cb994baf3] Created FlowFile[3515,99015183710783.mockFlowFile,24B] from FlowFile[3514,99015183710783.mockFlowFile,24B]; routing to relationship simple
[pool-4079-thread-1] INFO org.apache.nifi.processors.standard.RouteText - RouteText[id=a680ad74-d0b5-404d-9505-4b7cb994baf3] Routing FlowFile[3514,99015183710783.mockFlowFile,24B] to original
[main] DEBUG org.apache.nifi.processors.standard.RouteText - RouteText[id=a680ad74-d0b5-404d-9505-4b7cb994baf3] Adding new dynamic property: PropertyDescriptor[simple]
[pool-4080-thread-1] INFO org.apache.nifi.processors.standard.RouteText - RouteText[id=a680ad74-d0b5-404d-9505-4b7cb994baf3] Created FlowFile[3517,99015184117690.mockFlowFile,24B] from FlowFile[3516,99015184117690.mockFlowFile,24B]; routing to relationship simple
[pool-4080-thread-1] INFO org.apache.nifi.processors.standard.RouteText - RouteText[id=a680ad74-d0b5-404d-9505-4b7cb994baf3] Routing FlowFile[3516,99015184117690.mockFlowFile,24B] to original
[main] DEBUG org.apache.nifi.processors.standard.RouteText - RouteText[id=a680ad74-d0b5-404d-9505-4b7cb994baf3] Adding new dynamic property: PropertyDescriptor[simple]
[pool-4081-thread-1] INFO org.apache.nifi.processors.standard.RouteText - RouteText[id=a680ad74-d0b5-404d-9505-4b7cb994baf3] Created FlowFile[3519,99015184523445.mockFlowFile,24B] from FlowFile[3518,99015184523445.mockFlowFile,24B]; routing to relationship simple
[pool-4081-thread-1] INFO org.apache.nifi.processors.standard.RouteText - RouteText[id=a680ad74-d0b5-404d-9505-4b7cb994baf3] Routing FlowFile[3518,99015184523445.mockFlowFile,24B] to original
[main] DEBUG org.apache.nifi.processors.standard.RouteText - RouteText[id=a680ad74-d0b5-404d-9505-4b7cb994baf3] Adding new dynamic property: PropertyDescriptor[simple]
[pool-4082-thread-1] INFO org.apache.nifi.processors.standard.RouteText - RouteText[id=a680ad74-d0b5-404d-9505-4b7cb994baf3] Created FlowFile[3521,99015184934107.mockFlowFile,24B] from FlowFile[3520,99015184934107.mockFlowFile,24B]; routing to relationship simple
[pool-4082-thread-1] INFO org.apache.nifi.processors.standard.RouteText - RouteText[id=a680ad74-d0b5-404d-9505-4b7cb994baf3] Routing FlowFile[3520,99015184934107.mockFlowFile,24B] to original
[main] DEBUG org.apache.nifi.processors.standard.RouteText - RouteText[id=a680ad74-d0b5-404d-9505-4b7cb994baf3] Adding new dynamic property: PropertyDescriptor[simple]
[pool-4083-thread-1] INFO org.apache.nifi.processors.standard.RouteText - RouteText[id=a680ad74-d0b5-404d-9505-4b7cb994baf3] Created FlowFile[3523,99015185325128.mockFlowFile,24B] from FlowFile[3522,99015185325128.mockFlowFile,24B]; routing to relationship simple
[pool-4083-thread-1] INFO org.apache.nifi.processors.standard.RouteText - RouteText[id=a680ad74-d0b5-404d-9505-4b7cb994baf3] Routing FlowFile[3522,99015185325128.mockFlowFile,24B] to original
[main] DEBUG org.apache.nifi.processors.standard.RouteText - RouteText[id=a680ad74-d0b5-404d-9505-4b7cb994baf3] Adding new dynamic property: PropertyDescriptor[simple]
[pool-4084-thread-1] INFO org.apache.nifi.processors.standard.RouteText - RouteText[id=a680ad74-d0b5-404d-9505-4b7cb994baf3] Created FlowFile[3525,99015185714864.mockFlowFile,24B] from FlowFile[3524,99015185714864.mockFlowFile,24B]; routing to relationship simple
[pool-4084-thread-1] INFO org.apache.nifi.processors.standard.RouteText - RouteText[id=a680ad74-d0b5-404d-9505-4b7cb994baf3] Routing FlowFile[3524,99015185714864.mockFlowFile,24B] to original
[main] DEBUG org.apache.nifi.processors.standard.RouteText - RouteText[id=a680ad74-d0b5-404d-9505-4b7cb994baf3] Adding new dynamic property: PropertyDescriptor[simple]
[pool-4085-thread-1] INFO org.apache.nifi.processors.standard.RouteText - RouteText[id=a680ad74-d0b5-404d-9505-4b7cb994baf3] Created FlowFile[3527,99015186116799.mockFlowFile,24B] from FlowFile[3526,99015186116799.mockFlowFile,24B]; routing to relationship simple
[pool-4085-thread-1] INFO org.apache.nifi.processors.standard.RouteText - RouteText[id=a680ad74-d0b5-404d-9505-4b7cb994baf3] Routing FlowFile[3526,99015186116799.mockFlowFile,24B] to original
[main] DEBUG org.apache.nifi.processors.standard.RouteText - RouteText[id=a680ad74-d0b5-404d-9505-4b7cb994baf3] Adding new dynamic property: PropertyDescriptor[simple]
[pool-4086-thread-1] INFO org.apache.nifi.processors.standard.RouteText - RouteText[id=a680ad74-d0b5-404d-9505-4b7cb994baf3] Created FlowFile[3529,99015186503617.mockFlowFile,24B] from FlowFile[3528,99015186503617.mockFlowFile,24B]; routing to relationship simple
[pool-4086-thread-1] INFO org.apache.nifi.processors.standard.RouteText - RouteText[id=a680ad74-d0b5-404d-9505-4b7cb994baf3] Routing FlowFile[3528,99015186503617.mockFlowFile,24B] to original
[main] DEBUG org.apache.nifi.processors.standard.RouteText - RouteText[id=a680ad74-d0b5-404d-9505-4b7cb994baf3] Adding new dynamic property: PropertyDescriptor[simple]
[pool-4087-thread-1] INFO org.apache.nifi.processors.standard.RouteText - RouteText[id=a680ad74-d0b5-404d-9505-4b7cb994baf3] Created FlowFile[3531,99015186951657.mockFlowFile,24B] from FlowFile[3530,99015186951657.mockFlowFile,24B]; routing to relationship simple
[pool-4087-thread-1] INFO org.apache.nifi.processors.standard.RouteText - RouteText[id=a680ad74-d0b5-404d-9505-4b7cb994baf3] Routing FlowFile[3530,99015186951657.mockFlowFile,24B] to original
[main] DEBUG org.apache.nifi.processors.standard.RouteText - RouteText[id=a680ad74-d0b5-404d-9505-4b7cb994baf3] Adding new dynamic property: PropertyDescriptor[simple]
[pool-4088-thread-1] INFO org.apache.nifi.processors.standard.RouteText - RouteText[id=a680ad74-d0b5-404d-9505-4b7cb994baf3] Created FlowFile[3533,99015187395039.mockFlowFile,24B] from FlowFile[3532,99015187395039.mockFlowFile,24B]; routing to relationship simple
[pool-4088-thread-1] INFO org.apache.nifi.processors.standard.RouteText - RouteText[id=a680ad74-d0b5-404d-9505-4b7cb994baf3] Routing FlowFile[3532,99015187395039.mockFlowFile,24B] to original
[main] DEBUG org.apache.nifi.processors.standard.RouteText - RouteText[id=a680ad74-d0b5-404d-9505-4b7cb994baf3] Adding new dynamic property: PropertyDescriptor[simple]
[pool-4089-thread-1] INFO org.apache.nifi.processors.standard.RouteText - RouteText[id=a680ad74-d0b5-404d-9505-4b7cb994baf3] Created FlowFile[3535,99015187797288.mockFlowFile,24B] from FlowFile[3534,99015187797288.mockFlowFile,24B]; routing to relationship simple
[pool-4089-thread-1] INFO org.apache.nifi.processors.standard.RouteText - RouteText[id=a680ad74-d0b5-404d-9505-4b7cb994baf3] Routing FlowFile[3534,99015187797288.mockFlowFile,24B] to original
[main] DEBUG org.apache.nifi.processors.standard.RouteText - RouteText[id=a680ad74-d0b5-404d-9505-4b7cb994baf3] Adding new dynamic property: PropertyDescriptor[simple]
[pool-4090-thread-1] INFO org.apache.nifi.processors.standard.RouteText - RouteText[id=a680ad74-d0b5-404d-9505-4b7cb994baf3] Created FlowFile[3537,99015188378300.mockFlowFile,24B] from FlowFile[3536,99015188378300.mockFlowFile,24B]; routing to relationship simple
[pool-4090-thread-1] INFO org.apache.nifi.processors.standard.RouteText - RouteText[id=a680ad74-d0b5-404d-9505-4b7cb994baf3] Routing FlowFile[3536,99015188378300.mockFlowFile,24B] to original
[main] DEBUG org.apache.nifi.processors.standard.RouteText - RouteText[id=a680ad74-d0b5-404d-9505-4b7cb994baf3] Adding new dynamic property: PropertyDescriptor[simple]
[pool-4091-thread-1] INFO org.apache.nifi.processors.standard.RouteText - RouteText[id=a680ad74-d0b5-404d-9505-4b7cb994baf3] Created FlowFile[3539,99015188834364.mockFlowFile,24B] from FlowFile[3538,99015188834364.mockFlowFile,24B]; routing to relationship simple
[pool-4091-thread-1] INFO org.apache.nifi.processors.standard.RouteText - RouteText[id=a680ad74-d0b5-404d-9505-4b7cb994baf3] Routing FlowFile[3538,99015188834364.mockFlowFile,24B] to original
[main] DEBUG org.apache.nifi.processors.standard.RouteText - RouteText[id=a680ad74-d0b5-404d-9505-4b7cb994baf3] Adding new dynamic property: PropertyDescriptor[simple]
[pool-4092-thread-1] INFO org.apache.nifi.processors.standard.RouteText - RouteText[id=a680ad74-d0b5-404d-9505-4b7cb994baf3] Created FlowFile[3541,99015189278296.mockFlowFile,24B] from FlowFile[3540,99015189278296.mockFlowFile,24B]; routing to relationship simple
[pool-4092-thread-1] INFO org.apache.nifi.processors.standard.RouteText - RouteText[id=a680ad74-d0b5-404d-9505-4b7cb994baf3] Routing FlowFile[3540,99015189278296.mockFlowFile,24B] to original
[main] DEBUG org.apache.nifi.processors.standard.RouteText - RouteText[id=a680ad74-d0b5-404d-9505-4b7cb994baf3] Adding new dynamic property: PropertyDescriptor[simple]
[pool-4093-thread-1] INFO org.apache.nifi.processors.standard.RouteText - RouteText[id=a680ad74-d0b5-404d-9505-4b7cb994baf3] Created FlowFile[3543,99015189728549.mockFlowFile,24B] from FlowFile[3542,99015189728549.mockFlowFile,24B]; routing to relationship simple
[pool-4093-thread-1] INFO org.apache.nifi.processors.standard.RouteText - RouteText[id=a680ad74-d0b5-404d-9505-4b7cb994baf3] Routing FlowFile[3542,99015189728549.mockFlowFile,24B] to original
[main] DEBUG org.apache.nifi.processors.standard.RouteText - RouteText[id=a680ad74-d0b5-404d-9505-4b7cb994baf3] Adding new dynamic property: PropertyDescriptor[simple]
[pool-4094-thread-1] INFO org.apache.nifi.processors.standard.RouteText - RouteText[id=a680ad74-d0b5-404d-9505-4b7cb994baf3] Created FlowFile[3545,99015208173115.mockFlowFile,24B] from FlowFile[3544,99015208173115.mockFlowFile,24B]; routing to relationship simple
[pool-4094-thread-1] INFO org.apache.nifi.processors.standard.RouteText - RouteText[id=a680ad74-d0b5-404d-9505-4b7cb994baf3] Routing FlowFile[3544,99015208173115.mockFlowFile,24B] to original
[main] DEBUG org.apache.nifi.processors.standard.RouteText - RouteText[id=a680ad74-d0b5-404d-9505-4b7cb994baf3] Adding new dynamic property: PropertyDescriptor[simple]
[pool-4095-thread-1] INFO org.apache.nifi.processors.standard.RouteText - RouteText[id=a680ad74-d0b5-404d-9505-4b7cb994baf3] Created FlowFile[3547,99015208753874.mockFlowFile,24B] from FlowFile[3546,99015208753874.mockFlowFile,24B]; routing to relationship simple
[pool-4095-thread-1] INFO org.apache.nifi.processors.standard.RouteText - RouteText[id=a680ad74-d0b5-404d-9505-4b7cb994baf3] Routing FlowFile[3546,99015208753874.mockFlowFile,24B] to original
[main] DEBUG org.apache.nifi.processors.standard.RouteText - RouteText[id=a680ad74-d0b5-404d-9505-4b7cb994baf3] Adding new dynamic property: PropertyDescriptor[simple]
[pool-4096-thread-1] INFO org.apache.nifi.processors.standard.RouteText - RouteText[id=a680ad74-d0b5-404d-9505-4b7cb994baf3] Created FlowFile[3549,99015209258532.mockFlowFile,24B] from FlowFile[3548,99015209258532.mockFlowFile,24B]; routing to relationship simple
[pool-4096-thread-1] INFO org.apache.nifi.processors.standard.RouteText - RouteText[id=a680ad74-d0b5-404d-9505-4b7cb994baf3] Routing FlowFile[3548,99015209258532.mockFlowFile,24B] to original
[main] DEBUG org.apache.nifi.processors.standard.RouteText - RouteText[id=a680ad74-d0b5-404d-9505-4b7cb994baf3] Adding new dynamic property: PropertyDescriptor[simple]
[pool-4097-thread-1] INFO org.apache.nifi.processors.standard.RouteText - RouteText[id=a680ad74-d0b5-404d-9505-4b7cb994baf3] Created FlowFile[3551,99015209726727.mockFlowFile,24B] from FlowFile[3550,99015209726727.mockFlowFile,24B]; routing to relationship simple
[pool-4097-thread-1] INFO org.apache.nifi.processors.standard.RouteText - RouteText[id=a680ad74-d0b5-404d-9505-4b7cb994baf3] Routing FlowFile[3550,99015209726727.mockFlowFile,24B] to original
[main] DEBUG org.apache.nifi.processors.standard.RouteText - RouteText[id=a680ad74-d0b5-404d-9505-4b7cb994baf3] Adding new dynamic property: PropertyDescriptor[simple]
[pool-4098-thread-1] INFO org.apache.nifi.processors.standard.RouteText - RouteText[id=a680ad74-d0b5-404d-9505-4b7cb994baf3] Created FlowFile[3553,99015210262897.mockFlowFile,24B] from FlowFile[3552,99015210262897.mockFlowFile,24B]; routing to relationship simple
[pool-4098-thread-1] INFO org.apache.nifi.processors.standard.RouteText - RouteText[id=a680ad74-d0b5-404d-9505-4b7cb994baf3] Routing FlowFile[3552,99015210262897.mockFlowFile,24B] to original
[main] DEBUG org.apache.nifi.processors.standard.RouteText - RouteText[id=a680ad74-d0b5-404d-9505-4b7cb994baf3] Adding new dynamic property: PropertyDescriptor[simple]
[pool-4099-thread-1] INFO org.apache.nifi.processors.standard.RouteText - RouteText[id=a680ad74-d0b5-404d-9505-4b7cb994baf3] Created FlowFile[3555,99015210791595.mockFlowFile,24B] from FlowFile[3554,99015210791595.mockFlowFile,24B]; routing to relationship simple
[pool-4099-thread-1] INFO org.apache.nifi.processors.standard.RouteText - RouteText[id=a680ad74-d0b5-404d-9505-4b7cb994baf3] Routing FlowFile[3554,99015210791595.mockFlowFile,24B] to original
[main] DEBUG org.apache.nifi.processors.standard.RouteText - RouteText[id=a680ad74-d0b5-404d-9505-4b7cb994baf3] Adding new dynamic property: PropertyDescriptor[simple]
[pool-4100-thread-1] INFO org.apache.nifi.processors.standard.RouteText - RouteText[id=a680ad74-d0b5-404d-9505-4b7cb994baf3] Created FlowFile[3557,99015211322986.mockFlowFile,24B] from FlowFile[3556,99015211322986.mockFlowFile,24B]; routing to relationship simple
[pool-4100-thread-1] INFO org.apache.nifi.processors.standard.RouteText - RouteText[id=a680ad74-d0b5-404d-9505-4b7cb994baf3] Routing FlowFile[3556,99015211322986.mockFlowFile,24B] to original
[main] DEBUG org.apache.nifi.processors.standard.RouteText - RouteText[id=a680ad74-d0b5-404d-9505-4b7cb994baf3] Adding new dynamic property: PropertyDescriptor[simple]
[pool-4101-thread-1] INFO org.apache.nifi.processors.standard.RouteText - RouteText[id=a680ad74-d0b5-404d-9505-4b7cb994baf3] Created FlowFile[3559,99015211868999.mockFlowFile,24B] from FlowFile[3558,99015211868999.mockFlowFile,24B]; routing to relationship simple
[pool-4101-thread-1] INFO org.apache.nifi.processors.standard.RouteText - RouteText[id=a680ad74-d0b5-404d-9505-4b7cb994baf3] Routing FlowFile[3558,99015211868999.mockFlowFile,24B] to original
[main] DEBUG org.apache.nifi.processors.standard.RouteText - RouteText[id=a680ad74-d0b5-404d-9505-4b7cb994baf3] Adding new dynamic property: PropertyDescriptor[simple]
[pool-4102-thread-1] INFO org.apache.nifi.processors.standard.RouteText - RouteText[id=a680ad74-d0b5-404d-9505-4b7cb994baf3] Created FlowFile[3561,99015212420745.mockFlowFile,24B] from FlowFile[3560,99015212420745.mockFlowFile,24B]; routing to relationship simple
[pool-4102-thread-1] INFO org.apache.nifi.processors.standard.RouteText - RouteText[id=a680ad74-d0b5-404d-9505-4b7cb994baf3] Routing FlowFile[3560,99015212420745.mockFlowFile,24B] to original
[main] DEBUG org.apache.nifi.processors.standard.RouteText - RouteText[id=a680ad74-d0b5-404d-9505-4b7cb994baf3] Adding new dynamic property: PropertyDescriptor[simple]
[pool-4103-thread-1] INFO org.apache.nifi.processors.standard.RouteText - RouteText[id=a680ad74-d0b5-404d-9505-4b7cb994baf3] Created FlowFile[3563,99015212902212.mockFlowFile,24B] from FlowFile[3562,99015212902212.mockFlowFile,24B]; routing to relationship simple
[pool-4103-thread-1] INFO org.apache.nifi.processors.standard.RouteText - RouteText[id=a680ad74-d0b5-404d-9505-4b7cb994baf3] Routing FlowFile[3562,99015212902212.mockFlowFile,24B] to original
[main] DEBUG org.apache.nifi.processors.standard.RouteText - RouteText[id=a680ad74-d0b5-404d-9505-4b7cb994baf3] Adding new dynamic property: PropertyDescriptor[simple]
[pool-4104-thread-1] INFO org.apache.nifi.processors.standard.RouteText - RouteText[id=a680ad74-d0b5-404d-9505-4b7cb994baf3] Created FlowFile[3565,99015213390389.mockFlowFile,24B] from FlowFile[3564,99015213390389.mockFlowFile,24B]; routing to relationship simple
[pool-4104-thread-1] INFO org.apache.nifi.processors.standard.RouteText - RouteText[id=a680ad74-d0b5-404d-9505-4b7cb994baf3] Routing FlowFile[3564,99015213390389.mockFlowFile,24B] to original
[main] DEBUG org.apache.nifi.processors.standard.RouteText - RouteText[id=a680ad74-d0b5-404d-9505-4b7cb994baf3] Adding new dynamic property: PropertyDescriptor[simple]
[pool-4105-thread-1] INFO org.apache.nifi.processors.standard.RouteText - RouteText[id=a680ad74-d0b5-404d-9505-4b7cb994baf3] Created FlowFile[3567,99015213824673.mockFlowFile,24B] from FlowFile[3566,99015213824673.mockFlowFile,24B]; routing to relationship simple
[pool-4105-thread-1] INFO org.apache.nifi.processors.standard.RouteText - RouteText[id=a680ad74-d0b5-404d-9505-4b7cb994baf3] Routing FlowFile[3566,99015213824673.mockFlowFile,24B] to original
[main] DEBUG org.apache.nifi.processors.standard.RouteText - RouteText[id=a680ad74-d0b5-404d-9505-4b7cb994baf3] Adding new dynamic property: PropertyDescriptor[simple]
[pool-4106-thread-1] INFO org.apache.nifi.processors.standard.RouteText - RouteText[id=a680ad74-d0b5-404d-9505-4b7cb994baf3] Created FlowFile[3569,99015214396936.mockFlowFile,24B] from FlowFile[3568,99015214396936.mockFlowFile,24B]; routing to relationship simple
[pool-4106-thread-1] INFO org.apache.nifi.processors.standard.RouteText - RouteText[id=a680ad74-d0b5-404d-9505-4b7cb994baf3] Routing FlowFile[3568,99015214396936.mockFlowFile,24B] to original
[main] DEBUG org.apache.nifi.processors.standard.RouteText - RouteText[id=a680ad74-d0b5-404d-9505-4b7cb994baf3] Adding new dynamic property: PropertyDescriptor[simple]
[pool-4107-thread-1] INFO org.apache.nifi.processors.standard.RouteText - RouteText[id=a680ad74-d0b5-404d-9505-4b7cb994baf3] Created FlowFile[3571,99015214902664.mockFlowFile,24B] from FlowFile[3570,99015214902664.mockFlowFile,24B]; routing to relationship simple
[pool-4107-thread-1] INFO org.apache.nifi.processors.standard.RouteText - RouteText[id=a680ad74-d0b5-404d-9505-4b7cb994baf3] Routing FlowFile[3570,99015214902664.mockFlowFile,24B] to original
[main] DEBUG org.apache.nifi.processors.standard.RouteText - RouteText[id=a680ad74-d0b5-404d-9505-4b7cb994baf3] Adding new dynamic property: PropertyDescriptor[simple]
[pool-4108-thread-1] INFO org.apache.nifi.processors.standard.RouteText - RouteText[id=a680ad74-d0b5-404d-9505-4b7cb994baf3] Created FlowFile[3573,99015215555533.mockFlowFile,24B] from FlowFile[3572,99015215555533.mockFlowFile,24B]; routing to relationship simple
[pool-4108-thread-1] INFO org.apache.nifi.processors.standard.RouteText - RouteText[id=a680ad74-d0b5-404d-9505-4b7cb994baf3] Routing FlowFile[3572,99015215555533.mockFlowFile,24B] to original
[main] DEBUG org.apache.nifi.processors.standard.RouteText - RouteText[id=a680ad74-d0b5-404d-9505-4b7cb994baf3] Adding new dynamic property: PropertyDescriptor[simple]
[pool-4109-thread-1] INFO org.apache.nifi.processors.standard.RouteText - RouteText[id=a680ad74-d0b5-404d-9505-4b7cb994baf3] Created FlowFile[3575,99015216089316.mockFlowFile,24B] from FlowFile[3574,99015216089316.mockFlowFile,24B]; routing to relationship simple
[pool-4109-thread-1] INFO org.apache.nifi.processors.standard.RouteText - RouteText[id=a680ad74-d0b5-404d-9505-4b7cb994baf3] Routing FlowFile[3574,99015216089316.mockFlowFile,24B] to original
[main] DEBUG org.apache.nifi.processors.standard.RouteText - RouteText[id=a680ad74-d0b5-404d-9505-4b7cb994baf3] Adding new dynamic property: PropertyDescriptor[simple]
[pool-4110-thread-1] INFO org.apache.nifi.processors.standard.RouteText - RouteText[id=a680ad74-d0b5-404d-9505-4b7cb994baf3] Created FlowFile[3577,99015216580485.mockFlowFile,24B] from FlowFile[3576,99015216580485.mockFlowFile,24B]; routing to relationship simple
[pool-4110-thread-1] INFO org.apache.nifi.processors.standard.RouteText - RouteText[id=a680ad74-d0b5-404d-9505-4b7cb994baf3] Routing FlowFile[3576,99015216580485.mockFlowFile,24B] to original
[main] DEBUG org.apache.nifi.processors.standard.RouteText - RouteText[id=a680ad74-d0b5-404d-9505-4b7cb994baf3] Adding new dynamic property: PropertyDescriptor[simple]
[pool-4111-thread-1] INFO org.apache.nifi.processors.standard.RouteText - RouteText[id=a680ad74-d0b5-404d-9505-4b7cb994baf3] Created FlowFile[3579,99015217064306.mockFlowFile,24B] from FlowFile[3578,99015217064306.mockFlowFile,24B]; routing to relationship simple
[pool-4111-thread-1] INFO org.apache.nifi.processors.standard.RouteText - RouteText[id=a680ad74-d0b5-404d-9505-4b7cb994baf3] Routing FlowFile[3578,99015217064306.mockFlowFile,24B] to original
[main] DEBUG org.apache.nifi.processors.standard.RouteText - RouteText[id=a680ad74-d0b5-404d-9505-4b7cb994baf3] Adding new dynamic property: PropertyDescriptor[simple]
[pool-4112-thread-1] INFO org.apache.nifi.processors.standard.RouteText - RouteText[id=a680ad74-d0b5-404d-9505-4b7cb994baf3] Created FlowFile[3581,99015217543491.mockFlowFile,24B] from FlowFile[3580,99015217543491.mockFlowFile,24B]; routing to relationship simple
[pool-4112-thread-1] INFO org.apache.nifi.processors.standard.RouteText - RouteText[id=a680ad74-d0b5-404d-9505-4b7cb994baf3] Routing FlowFile[3580,99015217543491.mockFlowFile,24B] to original
[main] DEBUG org.apache.nifi.processors.standard.RouteText - RouteText[id=a680ad74-d0b5-404d-9505-4b7cb994baf3] Adding new dynamic property: PropertyDescriptor[simple]
[pool-4113-thread-1] INFO org.apache.nifi.processors.standard.RouteText - RouteText[id=a680ad74-d0b5-404d-9505-4b7cb994baf3] Created FlowFile[3583,99015217987714.mockFlowFile,24B] from FlowFile[3582,99015217987714.mockFlowFile,24B]; routing to relationship simple
[pool-4113-thread-1] INFO org.apache.nifi.processors.standard.RouteText - RouteText[id=a680ad74-d0b5-404d-9505-4b7cb994baf3] Routing FlowFile[3582,99015217987714.mockFlowFile,24B] to original
[main] DEBUG org.apache.nifi.processors.standard.RouteText - RouteText[id=a680ad74-d0b5-404d-9505-4b7cb994baf3] Adding new dynamic property: PropertyDescriptor[simple]
[pool-4114-thread-1] INFO org.apache.nifi.processors.standard.RouteText - RouteText[id=a680ad74-d0b5-404d-9505-4b7cb994baf3] Created FlowFile[3585,99015218434535.mockFlowFile,24B] from FlowFile[3584,99015218434535.mockFlowFile,24B]; routing to relationship simple
[pool-4114-thread-1] INFO org.apache.nifi.processors.standard.RouteText - RouteText[id=a680ad74-d0b5-404d-9505-4b7cb994baf3] Routing FlowFile[3584,99015218434535.mockFlowFile,24B] to original
[main] DEBUG org.apache.nifi.processors.standard.RouteText - RouteText[id=a680ad74-d0b5-404d-9505-4b7cb994baf3] Adding new dynamic property: PropertyDescriptor[simple]
[pool-4115-thread-1] INFO org.apache.nifi.processors.standard.RouteText - RouteText[id=a680ad74-d0b5-404d-9505-4b7cb994baf3] Created FlowFile[3587,99015218876014.mockFlowFile,24B] from FlowFile[3586,99015218876014.mockFlowFile,24B]; routing to relationship simple
[pool-4115-thread-1] INFO org.apache.nifi.processors.standard.RouteText - RouteText[id=a680ad74-d0b5-404d-9505-4b7cb994baf3] Routing FlowFile[3586,99015218876014.mockFlowFile,24B] to original
[main] DEBUG org.apache.nifi.processors.standard.RouteText - RouteText[id=a680ad74-d0b5-404d-9505-4b7cb994baf3] Adding new dynamic property: PropertyDescriptor[simple]
[pool-4116-thread-1] INFO org.apache.nifi.processors.standard.RouteText - RouteText[id=a680ad74-d0b5-404d-9505-4b7cb994baf3] Created FlowFile[3589,99015219328695.mockFlowFile,24B] from FlowFile[3588,99015219328695.mockFlowFile,24B]; routing to relationship simple
[pool-4116-thread-1] INFO org.apache.nifi.processors.standard.RouteText - RouteText[id=a680ad74-d0b5-404d-9505-4b7cb994baf3] Routing FlowFile[3588,99015219328695.mockFlowFile,24B] to original
[main] DEBUG org.apache.nifi.processors.standard.RouteText - RouteText[id=a680ad74-d0b5-404d-9505-4b7cb994baf3] Adding new dynamic property: PropertyDescriptor[simple]
[pool-4117-thread-1] INFO org.apache.nifi.processors.standard.RouteText - RouteText[id=a680ad74-d0b5-404d-9505-4b7cb994baf3] Created FlowFile[3591,99015219781213.mockFlowFile,24B] from FlowFile[3590,99015219781213.mockFlowFile,24B]; routing to relationship simple
[pool-4117-thread-1] INFO org.apache.nifi.processors.standard.RouteText - RouteText[id=a680ad74-d0b5-404d-9505-4b7cb994baf3] Routing FlowFile[3590,99015219781213.mockFlowFile,24B] to original
[main] DEBUG org.apache.nifi.processors.standard.RouteText - RouteText[id=a680ad74-d0b5-404d-9505-4b7cb994baf3] Adding new dynamic property: PropertyDescriptor[simple]
[pool-4118-thread-1] INFO org.apache.nifi.processors.standard.RouteText - RouteText[id=a680ad74-d0b5-404d-9505-4b7cb994baf3] Created FlowFile[3593,99015220240626.mockFlowFile,24B] from FlowFile[3592,99015220240626.mockFlowFile,24B]; routing to relationship simple
[pool-4118-thread-1] INFO org.apache.nifi.processors.standard.RouteText - RouteText[id=a680ad74-d0b5-404d-9505-4b7cb994baf3] Routing FlowFile[3592,99015220240626.mockFlowFile,24B] to original
[main] DEBUG org.apache.nifi.processors.standard.RouteText - RouteText[id=a680ad74-d0b5-404d-9505-4b7cb994baf3] Adding new dynamic property: PropertyDescriptor[simple]
[pool-4119-thread-1] INFO org.apache.nifi.processors.standard.RouteText - RouteText[id=a680ad74-d0b5-404d-9505-4b7cb994baf3] Created FlowFile[3595,99015220692523.mockFlowFile,24B] from FlowFile[3594,99015220692523.mockFlowFile,24B]; routing to relationship simple
[pool-4119-thread-1] INFO org.apache.nifi.processors.standard.RouteText - RouteText[id=a680ad74-d0b5-404d-9505-4b7cb994baf3] Routing FlowFile[3594,99015220692523.mockFlowFile,24B] to original
[main] DEBUG org.apache.nifi.processors.standard.RouteText - RouteText[id=a680ad74-d0b5-404d-9505-4b7cb994baf3] Adding new dynamic property: PropertyDescriptor[simple]
[pool-4120-thread-1] INFO org.apache.nifi.processors.standard.RouteText - RouteText[id=a680ad74-d0b5-404d-9505-4b7cb994baf3] Created FlowFile[3597,99015221125846.mockFlowFile,24B] from FlowFile[3596,99015221125846.mockFlowFile,24B]; routing to relationship simple
[pool-4120-thread-1] INFO org.apache.nifi.processors.standard.RouteText - RouteText[id=a680ad74-d0b5-404d-9505-4b7cb994baf3] Routing FlowFile[3596,99015221125846.mockFlowFile,24B] to original
[main] DEBUG org.apache.nifi.processors.standard.RouteText - RouteText[id=a680ad74-d0b5-404d-9505-4b7cb994baf3] Adding new dynamic property: PropertyDescriptor[simple]
[pool-4121-thread-1] INFO org.apache.nifi.processors.standard.RouteText - RouteText[id=a680ad74-d0b5-404d-9505-4b7cb994baf3] Created FlowFile[3599,99015221570175.mockFlowFile,24B] from FlowFile[3598,99015221570175.mockFlowFile,24B]; routing to relationship simple
[pool-4121-thread-1] INFO org.apache.nifi.processors.standard.RouteText - RouteText[id=a680ad74-d0b5-404d-9505-4b7cb994baf3] Routing FlowFile[3598,99015221570175.mockFlowFile,24B] to original
[main] DEBUG org.apache.nifi.processors.standard.RouteText - RouteText[id=a680ad74-d0b5-404d-9505-4b7cb994baf3] Adding new dynamic property: PropertyDescriptor[simple]
[pool-4122-thread-1] INFO org.apache.nifi.processors.standard.RouteText - RouteText[id=a680ad74-d0b5-404d-9505-4b7cb994baf3] Created FlowFile[3601,99015222034586.mockFlowFile,24B] from FlowFile[3600,99015222034586.mockFlowFile,24B]; routing to relationship simple
[pool-4122-thread-1] INFO org.apache.nifi.processors.standard.RouteText - RouteText[id=a680ad74-d0b5-404d-9505-4b7cb994baf3] Routing FlowFile[3600,99015222034586.mockFlowFile,24B] to original
[main] DEBUG org.apache.nifi.processors.standard.RouteText - RouteText[id=a680ad74-d0b5-404d-9505-4b7cb994baf3] Adding new dynamic property: PropertyDescriptor[simple]
[pool-4123-thread-1] INFO org.apache.nifi.processors.standard.RouteText - RouteText[id=a680ad74-d0b5-404d-9505-4b7cb994baf3] Created FlowFile[3603,99015222436627.mockFlowFile,24B] from FlowFile[3602,99015222436627.mockFlowFile,24B]; routing to relationship simple
[pool-4123-thread-1] INFO org.apache.nifi.processors.standard.RouteText - RouteText[id=a680ad74-d0b5-404d-9505-4b7cb994baf3] Routing FlowFile[3602,99015222436627.mockFlowFile,24B] to original
[main] DEBUG org.apache.nifi.processors.standard.RouteText - RouteText[id=a680ad74-d0b5-404d-9505-4b7cb994baf3] Adding new dynamic property: PropertyDescriptor[simple]
[pool-4124-thread-1] INFO org.apache.nifi.processors.standard.RouteText - RouteText[id=a680ad74-d0b5-404d-9505-4b7cb994baf3] Created FlowFile[3605,99015222853751.mockFlowFile,24B] from FlowFile[3604,99015222853751.mockFlowFile,24B]; routing to relationship simple
[pool-4124-thread-1] INFO org.apache.nifi.processors.standard.RouteText - RouteText[id=a680ad74-d0b5-404d-9505-4b7cb994baf3] Routing FlowFile[3604,99015222853751.mockFlowFile,24B] to original
[main] DEBUG org.apache.nifi.processors.standard.RouteText - RouteText[id=a680ad74-d0b5-404d-9505-4b7cb994baf3] Adding new dynamic property: PropertyDescriptor[simple]
[pool-4125-thread-1] INFO org.apache.nifi.processors.standard.RouteText - RouteText[id=a680ad74-d0b5-404d-9505-4b7cb994baf3] Created FlowFile[3607,99015223269905.mockFlowFile,24B] from FlowFile[3606,99015223269905.mockFlowFile,24B]; routing to relationship simple
[pool-4125-thread-1] INFO org.apache.nifi.processors.standard.RouteText - RouteText[id=a680ad74-d0b5-404d-9505-4b7cb994baf3] Routing FlowFile[3606,99015223269905.mockFlowFile,24B] to original
[main] DEBUG org.apache.nifi.processors.standard.RouteText - RouteText[id=a680ad74-d0b5-404d-9505-4b7cb994baf3] Adding new dynamic property: PropertyDescriptor[simple]
[pool-4126-thread-1] INFO org.apache.nifi.processors.standard.RouteText - RouteText[id=a680ad74-d0b5-404d-9505-4b7cb994baf3] Created FlowFile[3609,99015223696239.mockFlowFile,24B] from FlowFile[3608,99015223696239.mockFlowFile,24B]; routing to relationship simple
[pool-4126-thread-1] INFO org.apache.nifi.processors.standard.RouteText - RouteText[id=a680ad74-d0b5-404d-9505-4b7cb994baf3] Routing FlowFile[3608,99015223696239.mockFlowFile,24B] to original
[main] DEBUG org.apache.nifi.processors.standard.RouteText - RouteText[id=a680ad74-d0b5-404d-9505-4b7cb994baf3] Adding new dynamic property: PropertyDescriptor[simple]
[pool-4127-thread-1] INFO org.apache.nifi.processors.standard.RouteText - RouteText[id=a680ad74-d0b5-404d-9505-4b7cb994baf3] Created FlowFile[3611,99015224122319.mockFlowFile,24B] from FlowFile[3610,99015224122319.mockFlowFile,24B]; routing to relationship simple
[pool-4127-thread-1] INFO org.apache.nifi.processors.standard.RouteText - RouteText[id=a680ad74-d0b5-404d-9505-4b7cb994baf3] Routing FlowFile[3610,99015224122319.mockFlowFile,24B] to original
[main] DEBUG org.apache.nifi.processors.standard.RouteText - RouteText[id=a680ad74-d0b5-404d-9505-4b7cb994baf3] Adding new dynamic property: PropertyDescriptor[simple]
[pool-4128-thread-1] INFO org.apache.nifi.processors.standard.RouteText - RouteText[id=a680ad74-d0b5-404d-9505-4b7cb994baf3] Created FlowFile[3613,99015224589053.mockFlowFile,24B] from FlowFile[3612,99015224589053.mockFlowFile,24B]; routing to relationship simple
[pool-4128-thread-1] INFO org.apache.nifi.processors.standard.RouteText - RouteText[id=a680ad74-d0b5-404d-9505-4b7cb994baf3] Routing FlowFile[3612,99015224589053.mockFlowFile,24B] to original
[main] DEBUG org.apache.nifi.processors.standard.RouteText - RouteText[id=a680ad74-d0b5-404d-9505-4b7cb994baf3] Adding new dynamic property: PropertyDescriptor[simple]
[pool-4129-thread-1] INFO org.apache.nifi.processors.standard.RouteText - RouteText[id=a680ad74-d0b5-404d-9505-4b7cb994baf3] Created FlowFile[3615,99015225007560.mockFlowFile,24B] from FlowFile[3614,99015225007560.mockFlowFile,24B]; routing to relationship simple
[pool-4129-thread-1] INFO org.apache.nifi.processors.standard.RouteText - RouteText[id=a680ad74-d0b5-404d-9505-4b7cb994baf3] Routing FlowFile[3614,99015225007560.mockFlowFile,24B] to original
[main] DEBUG org.apache.nifi.processors.standard.RouteText - RouteText[id=a680ad74-d0b5-404d-9505-4b7cb994baf3] Adding new dynamic property: PropertyDescriptor[simple]
[pool-4130-thread-1] INFO org.apache.nifi.processors.standard.RouteText - RouteText[id=a680ad74-d0b5-404d-9505-4b7cb994baf3] Created FlowFile[3617,99015225421017.mockFlowFile,24B] from FlowFile[3616,99015225421017.mockFlowFile,24B]; routing to relationship simple
[pool-4130-thread-1] INFO org.apache.nifi.processors.standard.RouteText - RouteText[id=a680ad74-d0b5-404d-9505-4b7cb994baf3] Routing FlowFile[3616,99015225421017.mockFlowFile,24B] to original
[main] DEBUG org.apache.nifi.processors.standard.RouteText - RouteText[id=a680ad74-d0b5-404d-9505-4b7cb994baf3] Adding new dynamic property: PropertyDescriptor[simple]
[pool-4131-thread-1] INFO org.apache.nifi.processors.standard.RouteText - RouteText[id=a680ad74-d0b5-404d-9505-4b7cb994baf3] Created FlowFile[3619,99015225851208.mockFlowFile,24B] from FlowFile[3618,99015225851208.mockFlowFile,24B]; routing to relationship simple
[pool-4131-thread-1] INFO org.apache.nifi.processors.standard.RouteText - RouteText[id=a680ad74-d0b5-404d-9505-4b7cb994baf3] Routing FlowFile[3618,99015225851208.mockFlowFile,24B] to original
[main] DEBUG org.apache.nifi.processors.standard.RouteText - RouteText[id=a680ad74-d0b5-404d-9505-4b7cb994baf3] Adding new dynamic property: PropertyDescriptor[simple]
[pool-4132-thread-1] INFO org.apache.nifi.processors.standard.RouteText - RouteText[id=a680ad74-d0b5-404d-9505-4b7cb994baf3] Created FlowFile[3621,99015226293015.mockFlowFile,24B] from FlowFile[3620,99015226293015.mockFlowFile,24B]; routing to relationship simple
[pool-4132-thread-1] INFO org.apache.nifi.processors.standard.RouteText - RouteText[id=a680ad74-d0b5-404d-9505-4b7cb994baf3] Routing FlowFile[3620,99015226293015.mockFlowFile,24B] to original
[main] DEBUG org.apache.nifi.processors.standard.RouteText - RouteText[id=a680ad74-d0b5-404d-9505-4b7cb994baf3] Adding new dynamic property: PropertyDescriptor[simple]
[pool-4133-thread-1] INFO org.apache.nifi.processors.standard.RouteText - RouteText[id=a680ad74-d0b5-404d-9505-4b7cb994baf3] Created FlowFile[3623,99015226736351.mockFlowFile,24B] from FlowFile[3622,99015226736351.mockFlowFile,24B]; routing to relationship simple
[pool-4133-thread-1] INFO org.apache.nifi.processors.standard.RouteText - RouteText[id=a680ad74-d0b5-404d-9505-4b7cb994baf3] Routing FlowFile[3622,99015226736351.mockFlowFile,24B] to original
[main] DEBUG org.apache.nifi.processors.standard.RouteText - RouteText[id=a680ad74-d0b5-404d-9505-4b7cb994baf3] Adding new dynamic property: PropertyDescriptor[simple]
[pool-4134-thread-1] INFO org.apache.nifi.processors.standard.RouteText - RouteText[id=a680ad74-d0b5-404d-9505-4b7cb994baf3] Created FlowFile[3625,99015227191589.mockFlowFile,24B] from FlowFile[3624,99015227191589.mockFlowFile,24B]; routing to relationship simple
[pool-4134-thread-1] INFO org.apache.nifi.processors.standard.RouteText - RouteText[id=a680ad74-d0b5-404d-9505-4b7cb994baf3] Routing FlowFile[3624,99015227191589.mockFlowFile,24B] to original
[main] DEBUG org.apache.nifi.processors.standard.RouteText - RouteText[id=a680ad74-d0b5-404d-9505-4b7cb994baf3] Adding new dynamic property: PropertyDescriptor[simple]
[pool-4135-thread-1] INFO org.apache.nifi.processors.standard.RouteText - RouteText[id=a680ad74-d0b5-404d-9505-4b7cb994baf3] Created FlowFile[3627,99015227634072.mockFlowFile,24B] from FlowFile[3626,99015227634072.mockFlowFile,24B]; routing to relationship simple
[pool-4135-thread-1] INFO org.apache.nifi.processors.standard.RouteText - RouteText[id=a680ad74-d0b5-404d-9505-4b7cb994baf3] Routing FlowFile[3626,99015227634072.mockFlowFile,24B] to original
[main] DEBUG org.apache.nifi.processors.standard.RouteText - RouteText[id=a680ad74-d0b5-404d-9505-4b7cb994baf3] Adding new dynamic property: PropertyDescriptor[simple]
[pool-4136-thread-1] INFO org.apache.nifi.processors.standard.RouteText - RouteText[id=a680ad74-d0b5-404d-9505-4b7cb994baf3] Created FlowFile[3629,99015228181770.mockFlowFile,24B] from FlowFile[3628,99015228181770.mockFlowFile,24B]; routing to relationship simple
[pool-4136-thread-1] INFO org.apache.nifi.processors.standard.RouteText - RouteText[id=a680ad74-d0b5-404d-9505-4b7cb994baf3] Routing FlowFile[3628,99015228181770.mockFlowFile,24B] to original
[main] DEBUG org.apache.nifi.processors.standard.RouteText - RouteText[id=a680ad74-d0b5-404d-9505-4b7cb994baf3] Adding new dynamic property: PropertyDescriptor[simple]
[pool-4137-thread-1] INFO org.apache.nifi.processors.standard.RouteText - RouteText[id=a680ad74-d0b5-404d-9505-4b7cb994baf3] Created FlowFile[3631,99015228646744.mockFlowFile,24B] from FlowFile[3630,99015228646744.mockFlowFile,24B]; routing to relationship simple
[pool-4137-thread-1] INFO org.apache.nifi.processors.standard.RouteText - RouteText[id=a680ad74-d0b5-404d-9505-4b7cb994baf3] Routing FlowFile[3630,99015228646744.mockFlowFile,24B] to original
[main] DEBUG org.apache.nifi.processors.standard.RouteText - RouteText[id=a680ad74-d0b5-404d-9505-4b7cb994baf3] Adding new dynamic property: PropertyDescriptor[simple]
[pool-4138-thread-1] INFO org.apache.nifi.processors.standard.RouteText - RouteText[id=a680ad74-d0b5-404d-9505-4b7cb994baf3] Created FlowFile[3633,99015229053305.mockFlowFile,24B] from FlowFile[3632,99015229053305.mockFlowFile,24B]; routing to relationship simple
[pool-4138-thread-1] INFO org.apache.nifi.processors.standard.RouteText - RouteText[id=a680ad74-d0b5-404d-9505-4b7cb994baf3] Routing FlowFile[3632,99015229053305.mockFlowFile,24B] to original
[main] DEBUG org.apache.nifi.processors.standard.RouteText - RouteText[id=a680ad74-d0b5-404d-9505-4b7cb994baf3] Adding new dynamic property: PropertyDescriptor[simple]
[pool-4139-thread-1] INFO org.apache.nifi.processors.standard.RouteText - RouteText[id=a680ad74-d0b5-404d-9505-4b7cb994baf3] Created FlowFile[3635,99015229481916.mockFlowFile,24B] from FlowFile[3634,99015229481916.mockFlowFile,24B]; routing to relationship simple
[pool-4139-thread-1] INFO org.apache.nifi.processors.standard.RouteText - RouteText[id=a680ad74-d0b5-404d-9505-4b7cb994baf3] Routing FlowFile[3634,99015229481916.mockFlowFile,24B] to original
[main] DEBUG org.apache.nifi.processors.standard.RouteText - RouteText[id=a680ad74-d0b5-404d-9505-4b7cb994baf3] Adding new dynamic property: PropertyDescriptor[simple]
[pool-4140-thread-1] INFO org.apache.nifi.processors.standard.RouteText - RouteText[id=a680ad74-d0b5-404d-9505-4b7cb994baf3] Created FlowFile[3637,99015229868938.mockFlowFile,24B] from FlowFile[3636,99015229868938.mockFlowFile,24B]; routing to relationship simple
[pool-4140-thread-1] INFO org.apache.nifi.processors.standard.RouteText - RouteText[id=a680ad74-d0b5-404d-9505-4b7cb994baf3] Routing FlowFile[3636,99015229868938.mockFlowFile,24B] to original
[main] DEBUG org.apache.nifi.processors.standard.RouteText - RouteText[id=a680ad74-d0b5-404d-9505-4b7cb994baf3] Adding new dynamic property: PropertyDescriptor[simple]
[pool-4141-thread-1] INFO org.apache.nifi.processors.standard.RouteText - RouteText[id=a680ad74-d0b5-404d-9505-4b7cb994baf3] Created FlowFile[3639,99015230258917.mockFlowFile,24B] from FlowFile[3638,99015230258917.mockFlowFile,24B]; routing to relationship simple
[pool-4141-thread-1] INFO org.apache.nifi.processors.standard.RouteText - RouteText[id=a680ad74-d0b5-404d-9505-4b7cb994baf3] Routing FlowFile[3638,99015230258917.mockFlowFile,24B] to original
[main] DEBUG org.apache.nifi.processors.standard.RouteText - RouteText[id=a680ad74-d0b5-404d-9505-4b7cb994baf3] Adding new dynamic property: PropertyDescriptor[simple]
[pool-4142-thread-1] INFO org.apache.nifi.processors.standard.RouteText - RouteText[id=a680ad74-d0b5-404d-9505-4b7cb994baf3] Created FlowFile[3641,99015230653638.mockFlowFile,24B] from FlowFile[3640,99015230653638.mockFlowFile,24B]; routing to relationship simple
[pool-4142-thread-1] INFO org.apache.nifi.processors.standard.RouteText - RouteText[id=a680ad74-d0b5-404d-9505-4b7cb994baf3] Routing FlowFile[3640,99015230653638.mockFlowFile,24B] to original
[main] DEBUG org.apache.nifi.processors.standard.RouteText - RouteText[id=a680ad74-d0b5-404d-9505-4b7cb994baf3] Adding new dynamic property: PropertyDescriptor[simple]
[pool-4143-thread-1] INFO org.apache.nifi.processors.standard.RouteText - RouteText[id=a680ad74-d0b5-404d-9505-4b7cb994baf3] Created FlowFile[3643,99015231045075.mockFlowFile,24B] from FlowFile[3642,99015231045075.mockFlowFile,24B]; routing to relationship simple
[pool-4143-thread-1] INFO org.apache.nifi.processors.standard.RouteText - RouteText[id=a680ad74-d0b5-404d-9505-4b7cb994baf3] Routing FlowFile[3642,99015231045075.mockFlowFile,24B] to original
[main] DEBUG org.apache.nifi.processors.standard.RouteText - RouteText[id=a680ad74-d0b5-404d-9505-4b7cb994baf3] Adding new dynamic property: PropertyDescriptor[simple]
[pool-4144-thread-1] INFO org.apache.nifi.processors.standard.RouteText - RouteText[id=a680ad74-d0b5-404d-9505-4b7cb994baf3] Created FlowFile[3645,99015231448344.mockFlowFile,24B] from FlowFile[3644,99015231448344.mockFlowFile,24B]; routing to relationship simple
[pool-4144-thread-1] INFO org.apache.nifi.processors.standard.RouteText - RouteText[id=a680ad74-d0b5-404d-9505-4b7cb994baf3] Routing FlowFile[3644,99015231448344.mockFlowFile,24B] to original
[main] DEBUG org.apache.nifi.processors.standard.RouteText - RouteText[id=a680ad74-d0b5-404d-9505-4b7cb994baf3] Adding new dynamic property: PropertyDescriptor[simple]
[pool-4145-thread-1] INFO org.apache.nifi.processors.standard.RouteText - RouteText[id=a680ad74-d0b5-404d-9505-4b7cb994baf3] Created FlowFile[3647,99015231849862.mockFlowFile,24B] from FlowFile[3646,99015231849862.mockFlowFile,24B]; routing to relationship simple
[pool-4145-thread-1] INFO org.apache.nifi.processors.standard.RouteText - RouteText[id=a680ad74-d0b5-404d-9505-4b7cb994baf3] Routing FlowFile[3646,99015231849862.mockFlowFile,24B] to original
[main] DEBUG org.apache.nifi.processors.standard.RouteText - RouteText[id=a680ad74-d0b5-404d-9505-4b7cb994baf3] Adding new dynamic property: PropertyDescriptor[simple]
[pool-4146-thread-1] INFO org.apache.nifi.processors.standard.RouteText - RouteText[id=a680ad74-d0b5-404d-9505-4b7cb994baf3] Created FlowFile[3649,99015232261259.mockFlowFile,24B] from FlowFile[3648,99015232261259.mockFlowFile,24B]; routing to relationship simple
[pool-4146-thread-1] INFO org.apache.nifi.processors.standard.RouteText - RouteText[id=a680ad74-d0b5-404d-9505-4b7cb994baf3] Routing FlowFile[3648,99015232261259.mockFlowFile,24B] to original
[main] DEBUG org.apache.nifi.processors.standard.RouteText - RouteText[id=a680ad74-d0b5-404d-9505-4b7cb994baf3] Adding new dynamic property: PropertyDescriptor[simple]
[pool-4147-thread-1] INFO org.apache.nifi.processors.standard.RouteText - RouteText[id=a680ad74-d0b5-404d-9505-4b7cb994baf3] Created FlowFile[3651,99015232682774.mockFlowFile,24B] from FlowFile[3650,99015232682774.mockFlowFile,24B]; routing to relationship simple
[pool-4147-thread-1] INFO org.apache.nifi.processors.standard.RouteText - RouteText[id=a680ad74-d0b5-404d-9505-4b7cb994baf3] Routing FlowFile[3650,99015232682774.mockFlowFile,24B] to original
[main] DEBUG org.apache.nifi.processors.standard.RouteText - RouteText[id=a680ad74-d0b5-404d-9505-4b7cb994baf3] Adding new dynamic property: PropertyDescriptor[simple]
[pool-4148-thread-1] INFO org.apache.nifi.processors.standard.RouteText - RouteText[id=a680ad74-d0b5-404d-9505-4b7cb994baf3] Created FlowFile[3653,99015233078202.mockFlowFile,24B] from FlowFile[3652,99015233078202.mockFlowFile,24B]; routing to relationship simple
[pool-4148-thread-1] INFO org.apache.nifi.processors.standard.RouteText - RouteText[id=a680ad74-d0b5-404d-9505-4b7cb994baf3] Routing FlowFile[3652,99015233078202.mockFlowFile,24B] to original
[main] DEBUG org.apache.nifi.processors.standard.RouteText - RouteText[id=a680ad74-d0b5-404d-9505-4b7cb994baf3] Adding new dynamic property: PropertyDescriptor[simple]
[pool-4149-thread-1] INFO org.apache.nifi.processors.standard.RouteText - RouteText[id=a680ad74-d0b5-404d-9505-4b7cb994baf3] Created FlowFile[3655,99015233496313.mockFlowFile,24B] from FlowFile[3654,99015233496313.mockFlowFile,24B]; routing to relationship simple
[pool-4149-thread-1] INFO org.apache.nifi.processors.standard.RouteText - RouteText[id=a680ad74-d0b5-404d-9505-4b7cb994baf3] Routing FlowFile[3654,99015233496313.mockFlowFile,24B] to original
[main] DEBUG org.apache.nifi.processors.standard.RouteText - RouteText[id=a680ad74-d0b5-404d-9505-4b7cb994baf3] Adding new dynamic property: PropertyDescriptor[simple]
[pool-4150-thread-1] INFO org.apache.nifi.processors.standard.RouteText - RouteText[id=a680ad74-d0b5-404d-9505-4b7cb994baf3] Created FlowFile[3657,99015233916744.mockFlowFile,24B] from FlowFile[3656,99015233916744.mockFlowFile,24B]; routing to relationship simple
[pool-4150-thread-1] INFO org.apache.nifi.processors.standard.RouteText - RouteText[id=a680ad74-d0b5-404d-9505-4b7cb994baf3] Routing FlowFile[3656,99015233916744.mockFlowFile,24B] to original
[main] DEBUG org.apache.nifi.processors.standard.RouteText - RouteText[id=a680ad74-d0b5-404d-9505-4b7cb994baf3] Adding new dynamic property: PropertyDescriptor[simple]
[pool-4151-thread-1] INFO org.apache.nifi.processors.standard.RouteText - RouteText[id=a680ad74-d0b5-404d-9505-4b7cb994baf3] Created FlowFile[3659,99015234273177.mockFlowFile,24B] from FlowFile[3658,99015234273177.mockFlowFile,24B]; routing to relationship simple
[pool-4151-thread-1] INFO org.apache.nifi.processors.standard.RouteText - RouteText[id=a680ad74-d0b5-404d-9505-4b7cb994baf3] Routing FlowFile[3658,99015234273177.mockFlowFile,24B] to original
[main] DEBUG org.apache.nifi.processors.standard.RouteText - RouteText[id=a680ad74-d0b5-404d-9505-4b7cb994baf3] Adding new dynamic property: PropertyDescriptor[simple]
[pool-4152-thread-1] INFO org.apache.nifi.processors.standard.RouteText - RouteText[id=a680ad74-d0b5-404d-9505-4b7cb994baf3] Created FlowFile[3661,99015234643619.mockFlowFile,24B] from FlowFile[3660,99015234643619.mockFlowFile,24B]; routing to relationship simple
[pool-4152-thread-1] INFO org.apache.nifi.processors.standard.RouteText - RouteText[id=a680ad74-d0b5-404d-9505-4b7cb994baf3] Routing FlowFile[3660,99015234643619.mockFlowFile,24B] to original
[main] DEBUG org.apache.nifi.processors.standard.RouteText - RouteText[id=a680ad74-d0b5-404d-9505-4b7cb994baf3] Adding new dynamic property: PropertyDescriptor[simple]
[pool-4153-thread-1] INFO org.apache.nifi.processors.standard.RouteText - RouteText[id=a680ad74-d0b5-404d-9505-4b7cb994baf3] Created FlowFile[3663,99015235020204.mockFlowFile,24B] from FlowFile[3662,99015235020204.mockFlowFile,24B]; routing to relationship simple
[pool-4153-thread-1] INFO org.apache.nifi.processors.standard.RouteText - RouteText[id=a680ad74-d0b5-404d-9505-4b7cb994baf3] Routing FlowFile[3662,99015235020204.mockFlowFile,24B] to original
[main] DEBUG org.apache.nifi.processors.standard.RouteText - RouteText[id=a680ad74-d0b5-404d-9505-4b7cb994baf3] Adding new dynamic property: PropertyDescriptor[simple]
[pool-4154-thread-1] INFO org.apache.nifi.processors.standard.RouteText - RouteText[id=a680ad74-d0b5-404d-9505-4b7cb994baf3] Created FlowFile[3665,99015235419768.mockFlowFile,24B] from FlowFile[3664,99015235419768.mockFlowFile,24B]; routing to relationship simple
[pool-4154-thread-1] INFO org.apache.nifi.processors.standard.RouteText - RouteText[id=a680ad74-d0b5-404d-9505-4b7cb994baf3] Routing FlowFile[3664,99015235419768.mockFlowFile,24B] to original
[main] DEBUG org.apache.nifi.processors.standard.RouteText - RouteText[id=a680ad74-d0b5-404d-9505-4b7cb994baf3] Adding new dynamic property: PropertyDescriptor[simple]
[pool-4155-thread-1] INFO org.apache.nifi.processors.standard.RouteText - RouteText[id=a680ad74-d0b5-404d-9505-4b7cb994baf3] Created FlowFile[3667,99015235812129.mockFlowFile,24B] from FlowFile[3666,99015235812129.mockFlowFile,24B]; routing to relationship simple
[pool-4155-thread-1] INFO org.apache.nifi.processors.standard.RouteText - RouteText[id=a680ad74-d0b5-404d-9505-4b7cb994baf3] Routing FlowFile[3666,99015235812129.mockFlowFile,24B] to original
[main] DEBUG org.apache.nifi.processors.standard.RouteText - RouteText[id=a680ad74-d0b5-404d-9505-4b7cb994baf3] Adding new dynamic property: PropertyDescriptor[simple]
[pool-4156-thread-1] INFO org.apache.nifi.processors.standard.RouteText - RouteText[id=a680ad74-d0b5-404d-9505-4b7cb994baf3] Created FlowFile[3669,99015236222702.mockFlowFile,24B] from FlowFile[3668,99015236222702.mockFlowFile,24B]; routing to relationship simple
[pool-4156-thread-1] INFO org.apache.nifi.processors.standard.RouteText - RouteText[id=a680ad74-d0b5-404d-9505-4b7cb994baf3] Routing FlowFile[3668,99015236222702.mockFlowFile,24B] to original
[main] DEBUG org.apache.nifi.processors.standard.RouteText - RouteText[id=a680ad74-d0b5-404d-9505-4b7cb994baf3] Adding new dynamic property: PropertyDescriptor[simple]
[pool-4157-thread-1] INFO org.apache.nifi.processors.standard.RouteText - RouteText[id=a680ad74-d0b5-404d-9505-4b7cb994baf3] Created FlowFile[3671,99015236653028.mockFlowFile,24B] from FlowFile[3670,99015236653028.mockFlowFile,24B]; routing to relationship simple
[pool-4157-thread-1] INFO org.apache.nifi.processors.standard.RouteText - RouteText[id=a680ad74-d0b5-404d-9505-4b7cb994baf3] Routing FlowFile[3670,99015236653028.mockFlowFile,24B] to original
[main] DEBUG org.apache.nifi.processors.standard.RouteText - RouteText[id=a680ad74-d0b5-404d-9505-4b7cb994baf3] Adding new dynamic property: PropertyDescriptor[simple]
[pool-4158-thread-1] INFO org.apache.nifi.processors.standard.RouteText - RouteText[id=a680ad74-d0b5-404d-9505-4b7cb994baf3] Created FlowFile[3673,99015237046113.mockFlowFile,24B] from FlowFile[3672,99015237046113.mockFlowFile,24B]; routing to relationship simple
[pool-4158-thread-1] INFO org.apache.nifi.processors.standard.RouteText - RouteText[id=a680ad74-d0b5-404d-9505-4b7cb994baf3] Routing FlowFile[3672,99015237046113.mockFlowFile,24B] to original
[main] DEBUG org.apache.nifi.processors.standard.RouteText - RouteText[id=a680ad74-d0b5-404d-9505-4b7cb994baf3] Adding new dynamic property: PropertyDescriptor[simple]
[pool-4159-thread-1] INFO org.apache.nifi.processors.standard.RouteText - RouteText[id=a680ad74-d0b5-404d-9505-4b7cb994baf3] Created FlowFile[3675,99015237461933.mockFlowFile,24B] from FlowFile[3674,99015237461933.mockFlowFile,24B]; routing to relationship simple
[pool-4159-thread-1] INFO org.apache.nifi.processors.standard.RouteText - RouteText[id=a680ad74-d0b5-404d-9505-4b7cb994baf3] Routing FlowFile[3674,99015237461933.mockFlowFile,24B] to original
[main] DEBUG org.apache.nifi.processors.standard.RouteText - RouteText[id=a680ad74-d0b5-404d-9505-4b7cb994baf3] Adding new dynamic property: PropertyDescriptor[simple]
[pool-4160-thread-1] INFO org.apache.nifi.processors.standard.RouteText - RouteText[id=a680ad74-d0b5-404d-9505-4b7cb994baf3] Created FlowFile[3677,99015237892298.mockFlowFile,24B] from FlowFile[3676,99015237892298.mockFlowFile,24B]; routing to relationship simple
[pool-4160-thread-1] INFO org.apache.nifi.processors.standard.RouteText - RouteText[id=a680ad74-d0b5-404d-9505-4b7cb994baf3] Routing FlowFile[3676,99015237892298.mockFlowFile,24B] to original
[main] DEBUG org.apache.nifi.processors.standard.RouteText - RouteText[id=a680ad74-d0b5-404d-9505-4b7cb994baf3] Adding new dynamic property: PropertyDescriptor[simple]
[pool-4161-thread-1] INFO org.apache.nifi.processors.standard.RouteText - RouteText[id=a680ad74-d0b5-404d-9505-4b7cb994baf3] Created FlowFile[3679,99015238310484.mockFlowFile,24B] from FlowFile[3678,99015238310484.mockFlowFile,24B]; routing to relationship simple
[pool-4161-thread-1] INFO org.apache.nifi.processors.standard.RouteText - RouteText[id=a680ad74-d0b5-404d-9505-4b7cb994baf3] Routing FlowFile[3678,99015238310484.mockFlowFile,24B] to original
[main] DEBUG org.apache.nifi.processors.standard.RouteText - RouteText[id=a680ad74-d0b5-404d-9505-4b7cb994baf3] Adding new dynamic property: PropertyDescriptor[simple]
[pool-4162-thread-1] INFO org.apache.nifi.processors.standard.RouteText - RouteText[id=a680ad74-d0b5-404d-9505-4b7cb994baf3] Created FlowFile[3681,99015238710468.mockFlowFile,24B] from FlowFile[3680,99015238710468.mockFlowFile,24B]; routing to relationship simple
[pool-4162-thread-1] INFO org.apache.nifi.processors.standard.RouteText - RouteText[id=a680ad74-d0b5-404d-9505-4b7cb994baf3] Routing FlowFile[3680,99015238710468.mockFlowFile,24B] to original
[main] DEBUG org.apache.nifi.processors.standard.RouteText - RouteText[id=a680ad74-d0b5-404d-9505-4b7cb994baf3] Adding new dynamic property: PropertyDescriptor[simple]
[pool-4163-thread-1] INFO org.apache.nifi.processors.standard.RouteText - RouteText[id=a680ad74-d0b5-404d-9505-4b7cb994baf3] Created FlowFile[3683,99015239084395.mockFlowFile,24B] from FlowFile[3682,99015239084395.mockFlowFile,24B]; routing to relationship simple
[pool-4163-thread-1] INFO org.apache.nifi.processors.standard.RouteText - RouteText[id=a680ad74-d0b5-404d-9505-4b7cb994baf3] Routing FlowFile[3682,99015239084395.mockFlowFile,24B] to original
[main] DEBUG org.apache.nifi.processors.standard.RouteText - RouteText[id=a680ad74-d0b5-404d-9505-4b7cb994baf3] Adding new dynamic property: PropertyDescriptor[simple]
[pool-4164-thread-1] INFO org.apache.nifi.processors.standard.RouteText - RouteText[id=a680ad74-d0b5-404d-9505-4b7cb994baf3] Created FlowFile[3685,99015239481460.mockFlowFile,24B] from FlowFile[3684,99015239481460.mockFlowFile,24B]; routing to relationship simple
[pool-4164-thread-1] INFO org.apache.nifi.processors.standard.RouteText - RouteText[id=a680ad74-d0b5-404d-9505-4b7cb994baf3] Routing FlowFile[3684,99015239481460.mockFlowFile,24B] to original
[main] DEBUG org.apache.nifi.processors.standard.RouteText - RouteText[id=a680ad74-d0b5-404d-9505-4b7cb994baf3] Adding new dynamic property: PropertyDescriptor[simple]
[pool-4165-thread-1] INFO org.apache.nifi.processors.standard.RouteText - RouteText[id=a680ad74-d0b5-404d-9505-4b7cb994baf3] Created FlowFile[3687,99015239892061.mockFlowFile,24B] from FlowFile[3686,99015239892061.mockFlowFile,24B]; routing to relationship simple
[pool-4165-thread-1] INFO org.apache.nifi.processors.standard.RouteText - RouteText[id=a680ad74-d0b5-404d-9505-4b7cb994baf3] Routing FlowFile[3686,99015239892061.mockFlowFile,24B] to original
[main] DEBUG org.apache.nifi.processors.standard.RouteText - RouteText[id=a680ad74-d0b5-404d-9505-4b7cb994baf3] Adding new dynamic property: PropertyDescriptor[simple]
[pool-4166-thread-1] INFO org.apache.nifi.processors.standard.RouteText - RouteText[id=a680ad74-d0b5-404d-9505-4b7cb994baf3] Created FlowFile[3689,99015240302204.mockFlowFile,24B] from FlowFile[3688,99015240302204.mockFlowFile,24B]; routing to relationship simple
[pool-4166-thread-1] INFO org.apache.nifi.processors.standard.RouteText - RouteText[id=a680ad74-d0b5-404d-9505-4b7cb994baf3] Routing FlowFile[3688,99015240302204.mockFlowFile,24B] to original
[main] DEBUG org.apache.nifi.processors.standard.RouteText - RouteText[id=a680ad74-d0b5-404d-9505-4b7cb994baf3] Adding new dynamic property: PropertyDescriptor[simple]
[pool-4167-thread-1] INFO org.apache.nifi.processors.standard.RouteText - RouteText[id=a680ad74-d0b5-404d-9505-4b7cb994baf3] Created FlowFile[3691,99015240700569.mockFlowFile,24B] from FlowFile[3690,99015240700569.mockFlowFile,24B]; routing to relationship simple
[pool-4167-thread-1] INFO org.apache.nifi.processors.standard.RouteText - RouteText[id=a680ad74-d0b5-404d-9505-4b7cb994baf3] Routing FlowFile[3690,99015240700569.mockFlowFile,24B] to original
[main] DEBUG org.apache.nifi.processors.standard.RouteText - RouteText[id=a680ad74-d0b5-404d-9505-4b7cb994baf3] Adding new dynamic property: PropertyDescriptor[simple]
[pool-4168-thread-1] INFO org.apache.nifi.processors.standard.RouteText - RouteText[id=a680ad74-d0b5-404d-9505-4b7cb994baf3] Created FlowFile[3693,99015241064488.mockFlowFile,24B] from FlowFile[3692,99015241064488.mockFlowFile,24B]; routing to relationship simple
[pool-4168-thread-1] INFO org.apache.nifi.processors.standard.RouteText - RouteText[id=a680ad74-d0b5-404d-9505-4b7cb994baf3] Routing FlowFile[3692,99015241064488.mockFlowFile,24B] to original
[main] DEBUG org.apache.nifi.processors.standard.RouteText - RouteText[id=a680ad74-d0b5-404d-9505-4b7cb994baf3] Adding new dynamic property: PropertyDescriptor[simple]
[pool-4169-thread-1] INFO org.apache.nifi.processors.standard.RouteText - RouteText[id=a680ad74-d0b5-404d-9505-4b7cb994baf3] Created FlowFile[3695,99015241443486.mockFlowFile,24B] from FlowFile[3694,99015241443486.mockFlowFile,24B]; routing to relationship simple
[pool-4169-thread-1] INFO org.apache.nifi.processors.standard.RouteText - RouteText[id=a680ad74-d0b5-404d-9505-4b7cb994baf3] Routing FlowFile[3694,99015241443486.mockFlowFile,24B] to original
[main] DEBUG org.apache.nifi.processors.standard.RouteText - RouteText[id=a680ad74-d0b5-404d-9505-4b7cb994baf3] Adding new dynamic property: PropertyDescriptor[simple]
[pool-4170-thread-1] INFO org.apache.nifi.processors.standard.RouteText - RouteText[id=a680ad74-d0b5-404d-9505-4b7cb994baf3] Created FlowFile[3697,99015241832284.mockFlowFile,24B] from FlowFile[3696,99015241832284.mockFlowFile,24B]; routing to relationship simple
[pool-4170-thread-1] INFO org.apache.nifi.processors.standard.RouteText - RouteText[id=a680ad74-d0b5-404d-9505-4b7cb994baf3] Routing FlowFile[3696,99015241832284.mockFlowFile,24B] to original
[main] DEBUG org.apache.nifi.processors.standard.RouteText - RouteText[id=a680ad74-d0b5-404d-9505-4b7cb994baf3] Adding new dynamic property: PropertyDescriptor[simple]
[pool-4171-thread-1] INFO org.apache.nifi.processors.standard.RouteText - RouteText[id=a680ad74-d0b5-404d-9505-4b7cb994baf3] Created FlowFile[3699,99015242202632.mockFlowFile,24B] from FlowFile[3698,99015242202632.mockFlowFile,24B]; routing to relationship simple
[pool-4171-thread-1] INFO org.apache.nifi.processors.standard.RouteText - RouteText[id=a680ad74-d0b5-404d-9505-4b7cb994baf3] Routing FlowFile[3698,99015242202632.mockFlowFile,24B] to original
[main] DEBUG org.apache.nifi.processors.standard.RouteText - RouteText[id=a680ad74-d0b5-404d-9505-4b7cb994baf3] Adding new dynamic property: PropertyDescriptor[simple]
[pool-4172-thread-1] INFO org.apache.nifi.processors.standard.RouteText - RouteText[id=a680ad74-d0b5-404d-9505-4b7cb994baf3] Created FlowFile[3701,99015242677821.mockFlowFile,24B] from FlowFile[3700,99015242677821.mockFlowFile,24B]; routing to relationship simple
[pool-4172-thread-1] INFO org.apache.nifi.processors.standard.RouteText - RouteText[id=a680ad74-d0b5-404d-9505-4b7cb994baf3] Routing FlowFile[3700,99015242677821.mockFlowFile,24B] to original
[main] DEBUG org.apache.nifi.processors.standard.RouteText - RouteText[id=a680ad74-d0b5-404d-9505-4b7cb994baf3] Adding new dynamic property: PropertyDescriptor[simple]
[pool-4173-thread-1] INFO org.apache.nifi.processors.standard.RouteText - RouteText[id=a680ad74-d0b5-404d-9505-4b7cb994baf3] Created FlowFile[3703,99015243112753.mockFlowFile,24B] from FlowFile[3702,99015243112753.mockFlowFile,24B]; routing to relationship simple
[pool-4173-thread-1] INFO org.apache.nifi.processors.standard.RouteText - RouteText[id=a680ad74-d0b5-404d-9505-4b7cb994baf3] Routing FlowFile[3702,99015243112753.mockFlowFile,24B] to original
[main] DEBUG org.apache.nifi.processors.standard.RouteText - RouteText[id=a680ad74-d0b5-404d-9505-4b7cb994baf3] Adding new dynamic property: PropertyDescriptor[simple]
[pool-4174-thread-1] INFO org.apache.nifi.processors.standard.RouteText - RouteText[id=a680ad74-d0b5-404d-9505-4b7cb994baf3] Created FlowFile[3705,99015243533330.mockFlowFile,24B] from FlowFile[3704,99015243533330.mockFlowFile,24B]; routing to relationship simple
[pool-4174-thread-1] INFO org.apache.nifi.processors.standard.RouteText - RouteText[id=a680ad74-d0b5-404d-9505-4b7cb994baf3] Routing FlowFile[3704,99015243533330.mockFlowFile,24B] to original
[main] DEBUG org.apache.nifi.processors.standard.RouteText - RouteText[id=a680ad74-d0b5-404d-9505-4b7cb994baf3] Adding new dynamic property: PropertyDescriptor[simple]
[pool-4175-thread-1] INFO org.apache.nifi.processors.standard.RouteText - RouteText[id=a680ad74-d0b5-404d-9505-4b7cb994baf3] Created FlowFile[3707,99015243934559.mockFlowFile,24B] from FlowFile[3706,99015243934559.mockFlowFile,24B]; routing to relationship simple
[pool-4175-thread-1] INFO org.apache.nifi.processors.standard.RouteText - RouteText[id=a680ad74-d0b5-404d-9505-4b7cb994baf3] Routing FlowFile[3706,99015243934559.mockFlowFile,24B] to original
[main] DEBUG org.apache.nifi.processors.standard.RouteText - RouteText[id=a680ad74-d0b5-404d-9505-4b7cb994baf3] Adding new dynamic property: PropertyDescriptor[simple]
[pool-4176-thread-1] INFO org.apache.nifi.processors.standard.RouteText - RouteText[id=a680ad74-d0b5-404d-9505-4b7cb994baf3] Created FlowFile[3709,99015244406556.mockFlowFile,24B] from FlowFile[3708,99015244406556.mockFlowFile,24B]; routing to relationship simple
[pool-4176-thread-1] INFO org.apache.nifi.processors.standard.RouteText - RouteText[id=a680ad74-d0b5-404d-9505-4b7cb994baf3] Routing FlowFile[3708,99015244406556.mockFlowFile,24B] to original
[main] DEBUG org.apache.nifi.processors.standard.RouteText - RouteText[id=a680ad74-d0b5-404d-9505-4b7cb994baf3] Adding new dynamic property: PropertyDescriptor[simple]
[pool-4177-thread-1] INFO org.apache.nifi.processors.standard.RouteText - RouteText[id=a680ad74-d0b5-404d-9505-4b7cb994baf3] Created FlowFile[3711,99015244852652.mockFlowFile,24B] from FlowFile[3710,99015244852652.mockFlowFile,24B]; routing to relationship simple
[pool-4177-thread-1] INFO org.apache.nifi.processors.standard.RouteText - RouteText[id=a680ad74-d0b5-404d-9505-4b7cb994baf3] Routing FlowFile[3710,99015244852652.mockFlowFile,24B] to original
[main] DEBUG org.apache.nifi.processors.standard.RouteText - RouteText[id=a680ad74-d0b5-404d-9505-4b7cb994baf3] Adding new dynamic property: PropertyDescriptor[simple]
[pool-4178-thread-1] INFO org.apache.nifi.processors.standard.RouteText - RouteText[id=a680ad74-d0b5-404d-9505-4b7cb994baf3] Created FlowFile[3713,99015245190575.mockFlowFile,24B] from FlowFile[3712,99015245190575.mockFlowFile,24B]; routing to relationship simple
[pool-4178-thread-1] INFO org.apache.nifi.processors.standard.RouteText - RouteText[id=a680ad74-d0b5-404d-9505-4b7cb994baf3] Routing FlowFile[3712,99015245190575.mockFlowFile,24B] to original
[main] DEBUG org.apache.nifi.processors.standard.RouteText - RouteText[id=a680ad74-d0b5-404d-9505-4b7cb994baf3] Adding new dynamic property: PropertyDescriptor[simple]
[pool-4179-thread-1] INFO org.apache.nifi.processors.standard.RouteText - RouteText[id=a680ad74-d0b5-404d-9505-4b7cb994baf3] Created FlowFile[3715,99015245506875.mockFlowFile,24B] from FlowFile[3714,99015245506875.mockFlowFile,24B]; routing to relationship simple
[pool-4179-thread-1] INFO org.apache.nifi.processors.standard.RouteText - RouteText[id=a680ad74-d0b5-404d-9505-4b7cb994baf3] Routing FlowFile[3714,99015245506875.mockFlowFile,24B] to original
[main] DEBUG org.apache.nifi.processors.standard.RouteText - RouteText[id=a680ad74-d0b5-404d-9505-4b7cb994baf3] Adding new dynamic property: PropertyDescriptor[simple]
[pool-4180-thread-1] INFO org.apache.nifi.processors.standard.RouteText - RouteText[id=a680ad74-d0b5-404d-9505-4b7cb994baf3] Created FlowFile[3717,99015245822016.mockFlowFile,24B] from FlowFile[3716,99015245822016.mockFlowFile,24B]; routing to relationship simple
[pool-4180-thread-1] INFO org.apache.nifi.processors.standard.RouteText - RouteText[id=a680ad74-d0b5-404d-9505-4b7cb994baf3] Routing FlowFile[3716,99015245822016.mockFlowFile,24B] to original
[main] DEBUG org.apache.nifi.processors.standard.RouteText - RouteText[id=a680ad74-d0b5-404d-9505-4b7cb994baf3] Adding new dynamic property: PropertyDescriptor[simple]
[pool-4181-thread-1] INFO org.apache.nifi.processors.standard.RouteText - RouteText[id=a680ad74-d0b5-404d-9505-4b7cb994baf3] Created FlowFile[3719,99015246131477.mockFlowFile,24B] from FlowFile[3718,99015246131477.mockFlowFile,24B]; routing to relationship simple
[pool-4181-thread-1] INFO org.apache.nifi.processors.standard.RouteText - RouteText[id=a680ad74-d0b5-404d-9505-4b7cb994baf3] Routing FlowFile[3718,99015246131477.mockFlowFile,24B] to original
[main] DEBUG org.apache.nifi.processors.standard.RouteText - RouteText[id=a680ad74-d0b5-404d-9505-4b7cb994baf3] Adding new dynamic property: PropertyDescriptor[simple]
[pool-4182-thread-1] INFO org.apache.nifi.processors.standard.RouteText - RouteText[id=a680ad74-d0b5-404d-9505-4b7cb994baf3] Created FlowFile[3721,99015246438646.mockFlowFile,24B] from FlowFile[3720,99015246438646.mockFlowFile,24B]; routing to relationship simple
[pool-4182-thread-1] INFO org.apache.nifi.processors.standard.RouteText - RouteText[id=a680ad74-d0b5-404d-9505-4b7cb994baf3] Routing FlowFile[3720,99015246438646.mockFlowFile,24B] to original
[main] DEBUG org.apache.nifi.processors.standard.RouteText - RouteText[id=a680ad74-d0b5-404d-9505-4b7cb994baf3] Adding new dynamic property: PropertyDescriptor[simple]
[pool-4183-thread-1] INFO org.apache.nifi.processors.standard.RouteText - RouteText[id=a680ad74-d0b5-404d-9505-4b7cb994baf3] Created FlowFile[3723,99015246742131.mockFlowFile,24B] from FlowFile[3722,99015246742131.mockFlowFile,24B]; routing to relationship simple
[pool-4183-thread-1] INFO org.apache.nifi.processors.standard.RouteText - RouteText[id=a680ad74-d0b5-404d-9505-4b7cb994baf3] Routing FlowFile[3722,99015246742131.mockFlowFile,24B] to original
[main] DEBUG org.apache.nifi.processors.standard.RouteText - RouteText[id=a680ad74-d0b5-404d-9505-4b7cb994baf3] Adding new dynamic property: PropertyDescriptor[simple]
[pool-4184-thread-1] INFO org.apache.nifi.processors.standard.RouteText - RouteText[id=a680ad74-d0b5-404d-9505-4b7cb994baf3] Created FlowFile[3725,99015247069453.mockFlowFile,24B] from FlowFile[3724,99015247069453.mockFlowFile,24B]; routing to relationship simple
[pool-4184-thread-1] INFO org.apache.nifi.processors.standard.RouteText - RouteText[id=a680ad74-d0b5-404d-9505-4b7cb994baf3] Routing FlowFile[3724,99015247069453.mockFlowFile,24B] to original
[main] DEBUG org.apache.nifi.processors.standard.RouteText - RouteText[id=a680ad74-d0b5-404d-9505-4b7cb994baf3] Adding new dynamic property: PropertyDescriptor[simple]
[pool-4185-thread-1] INFO org.apache.nifi.processors.standard.RouteText - RouteText[id=a680ad74-d0b5-404d-9505-4b7cb994baf3] Created FlowFile[3727,99015247512340.mockFlowFile,24B] from FlowFile[3726,99015247512340.mockFlowFile,24B]; routing to relationship simple
[pool-4185-thread-1] INFO org.apache.nifi.processors.standard.RouteText - RouteText[id=a680ad74-d0b5-404d-9505-4b7cb994baf3] Routing FlowFile[3726,99015247512340.mockFlowFile,24B] to original
[main] DEBUG org.apache.nifi.processors.standard.RouteText - RouteText[id=a680ad74-d0b5-404d-9505-4b7cb994baf3] Adding new dynamic property: PropertyDescriptor[simple]
[pool-4186-thread-1] INFO org.apache.nifi.processors.standard.RouteText - RouteText[id=a680ad74-d0b5-404d-9505-4b7cb994baf3] Created FlowFile[3729,99015247891792.mockFlowFile,24B] from FlowFile[3728,99015247891792.mockFlowFile,24B]; routing to relationship simple
[pool-4186-thread-1] INFO org.apache.nifi.processors.standard.RouteText - RouteText[id=a680ad74-d0b5-404d-9505-4b7cb994baf3] Routing FlowFile[3728,99015247891792.mockFlowFile,24B] to original
[main] DEBUG org.apache.nifi.processors.standard.RouteText - RouteText[id=a680ad74-d0b5-404d-9505-4b7cb994baf3] Adding new dynamic property: PropertyDescriptor[simple]
[pool-4187-thread-1] INFO org.apache.nifi.processors.standard.RouteText - RouteText[id=a680ad74-d0b5-404d-9505-4b7cb994baf3] Created FlowFile[3731,99015248295575.mockFlowFile,24B] from FlowFile[3730,99015248295575.mockFlowFile,24B]; routing to relationship simple
[pool-4187-thread-1] INFO org.apache.nifi.processors.standard.RouteText - RouteText[id=a680ad74-d0b5-404d-9505-4b7cb994baf3] Routing FlowFile[3730,99015248295575.mockFlowFile,24B] to original
[main] DEBUG org.apache.nifi.processors.standard.RouteText - RouteText[id=a680ad74-d0b5-404d-9505-4b7cb994baf3] Adding new dynamic property: PropertyDescriptor[simple]
[pool-4188-thread-1] INFO org.apache.nifi.processors.standard.RouteText - RouteText[id=a680ad74-d0b5-404d-9505-4b7cb994baf3] Created FlowFile[3733,99015248624006.mockFlowFile,24B] from FlowFile[3732,99015248624006.mockFlowFile,24B]; routing to relationship simple
[pool-4188-thread-1] INFO org.apache.nifi.processors.standard.RouteText - RouteText[id=a680ad74-d0b5-404d-9505-4b7cb994baf3] Routing FlowFile[3732,99015248624006.mockFlowFile,24B] to original
[main] DEBUG org.apache.nifi.processors.standard.RouteText - RouteText[id=a680ad74-d0b5-404d-9505-4b7cb994baf3] Adding new dynamic property: PropertyDescriptor[simple]
[pool-4189-thread-1] INFO org.apache.nifi.processors.standard.RouteText - RouteText[id=a680ad74-d0b5-404d-9505-4b7cb994baf3] Created FlowFile[3735,99015249033640.mockFlowFile,24B] from FlowFile[3734,99015249033640.mockFlowFile,24B]; routing to relationship simple
[pool-4189-thread-1] INFO org.apache.nifi.processors.standard.RouteText - RouteText[id=a680ad74-d0b5-404d-9505-4b7cb994baf3] Routing FlowFile[3734,99015249033640.mockFlowFile,24B] to original
[main] DEBUG org.apache.nifi.processors.standard.RouteText - RouteText[id=a680ad74-d0b5-404d-9505-4b7cb994baf3] Adding new dynamic property: PropertyDescriptor[simple]
[pool-4190-thread-1] INFO org.apache.nifi.processors.standard.RouteText - RouteText[id=a680ad74-d0b5-404d-9505-4b7cb994baf3] Created FlowFile[3737,99015249352750.mockFlowFile,24B] from FlowFile[3736,99015249352750.mockFlowFile,24B]; routing to relationship simple
[pool-4190-thread-1] INFO org.apache.nifi.processors.standard.RouteText - RouteText[id=a680ad74-d0b5-404d-9505-4b7cb994baf3] Routing FlowFile[3736,99015249352750.mockFlowFile,24B] to original
[main] DEBUG org.apache.nifi.processors.standard.RouteText - RouteText[id=a680ad74-d0b5-404d-9505-4b7cb994baf3] Adding new dynamic property: PropertyDescriptor[simple]
[pool-4191-thread-1] INFO org.apache.nifi.processors.standard.RouteText - RouteText[id=a680ad74-d0b5-404d-9505-4b7cb994baf3] Created FlowFile[3739,99015249734728.mockFlowFile,24B] from FlowFile[3738,99015249734728.mockFlowFile,24B]; routing to relationship simple
[pool-4191-thread-1] INFO org.apache.nifi.processors.standard.RouteText - RouteText[id=a680ad74-d0b5-404d-9505-4b7cb994baf3] Routing FlowFile[3738,99015249734728.mockFlowFile,24B] to original
[main] DEBUG org.apache.nifi.processors.standard.RouteText - RouteText[id=a680ad74-d0b5-404d-9505-4b7cb994baf3] Adding new dynamic property: PropertyDescriptor[simple]
[pool-4192-thread-1] INFO org.apache.nifi.processors.standard.RouteText - RouteText[id=a680ad74-d0b5-404d-9505-4b7cb994baf3] Created FlowFile[3741,99015250057314.mockFlowFile,24B] from FlowFile[3740,99015250057314.mockFlowFile,24B]; routing to relationship simple
[pool-4192-thread-1] INFO org.apache.nifi.processors.standard.RouteText - RouteText[id=a680ad74-d0b5-404d-9505-4b7cb994baf3] Routing FlowFile[3740,99015250057314.mockFlowFile,24B] to original
[main] DEBUG org.apache.nifi.processors.standard.RouteText - RouteText[id=a680ad74-d0b5-404d-9505-4b7cb994baf3] Adding new dynamic property: PropertyDescriptor[simple]
[pool-4193-thread-1] INFO org.apache.nifi.processors.standard.RouteText - RouteText[id=a680ad74-d0b5-404d-9505-4b7cb994baf3] Created FlowFile[3743,99015250363875.mockFlowFile,24B] from FlowFile[3742,99015250363875.mockFlowFile,24B]; routing to relationship simple
[pool-4193-thread-1] INFO org.apache.nifi.processors.standard.RouteText - RouteText[id=a680ad74-d0b5-404d-9505-4b7cb994baf3] Routing FlowFile[3742,99015250363875.mockFlowFile,24B] to original
[main] DEBUG org.apache.nifi.processors.standard.RouteText - RouteText[id=a680ad74-d0b5-404d-9505-4b7cb994baf3] Adding new dynamic property: PropertyDescriptor[simple]
[pool-4194-thread-1] INFO org.apache.nifi.processors.standard.RouteText - RouteText[id=a680ad74-d0b5-404d-9505-4b7cb994baf3] Created FlowFile[3745,99015250669336.mockFlowFile,24B] from FlowFile[3744,99015250669336.mockFlowFile,24B]; routing to relationship simple
[pool-4194-thread-1] INFO org.apache.nifi.processors.standard.RouteText - RouteText[id=a680ad74-d0b5-404d-9505-4b7cb994baf3] Routing FlowFile[3744,99015250669336.mockFlowFile,24B] to original
[main] DEBUG org.apache.nifi.processors.standard.RouteText - RouteText[id=a680ad74-d0b5-404d-9505-4b7cb994baf3] Adding new dynamic property: PropertyDescriptor[simple]
[pool-4195-thread-1] INFO org.apache.nifi.processors.standard.RouteText - RouteText[id=a680ad74-d0b5-404d-9505-4b7cb994baf3] Created FlowFile[3747,99015250973385.mockFlowFile,24B] from FlowFile[3746,99015250973385.mockFlowFile,24B]; routing to relationship simple
[pool-4195-thread-1] INFO org.apache.nifi.processors.standard.RouteText - RouteText[id=a680ad74-d0b5-404d-9505-4b7cb994baf3] Routing FlowFile[3746,99015250973385.mockFlowFile,24B] to original
[main] DEBUG org.apache.nifi.processors.standard.RouteText - RouteText[id=a680ad74-d0b5-404d-9505-4b7cb994baf3] Adding new dynamic property: PropertyDescriptor[simple]
[pool-4196-thread-1] INFO org.apache.nifi.processors.standard.RouteText - RouteText[id=a680ad74-d0b5-404d-9505-4b7cb994baf3] Created FlowFile[3749,99015251370492.mockFlowFile,24B] from FlowFile[3748,99015251370492.mockFlowFile,24B]; routing to relationship simple
[pool-4196-thread-1] INFO org.apache.nifi.processors.standard.RouteText - RouteText[id=a680ad74-d0b5-404d-9505-4b7cb994baf3] Routing FlowFile[3748,99015251370492.mockFlowFile,24B] to original
[main] DEBUG org.apache.nifi.processors.standard.RouteText - RouteText[id=a680ad74-d0b5-404d-9505-4b7cb994baf3] Adding new dynamic property: PropertyDescriptor[simple]
[pool-4197-thread-1] INFO org.apache.nifi.processors.standard.RouteText - RouteText[id=a680ad74-d0b5-404d-9505-4b7cb994baf3] Created FlowFile[3751,99015251737522.mockFlowFile,24B] from FlowFile[3750,99015251737522.mockFlowFile,24B]; routing to relationship simple
[pool-4197-thread-1] INFO org.apache.nifi.processors.standard.RouteText - RouteText[id=a680ad74-d0b5-404d-9505-4b7cb994baf3] Routing FlowFile[3750,99015251737522.mockFlowFile,24B] to original
[main] DEBUG org.apache.nifi.processors.standard.RouteText - RouteText[id=a680ad74-d0b5-404d-9505-4b7cb994baf3] Adding new dynamic property: PropertyDescriptor[simple]
[pool-4198-thread-1] INFO org.apache.nifi.processors.standard.RouteText - RouteText[id=a680ad74-d0b5-404d-9505-4b7cb994baf3] Created FlowFile[3753,99015252072830.mockFlowFile,24B] from FlowFile[3752,99015252072830.mockFlowFile,24B]; routing to relationship simple
[pool-4198-thread-1] INFO org.apache.nifi.processors.standard.RouteText - RouteText[id=a680ad74-d0b5-404d-9505-4b7cb994baf3] Routing FlowFile[3752,99015252072830.mockFlowFile,24B] to original
[main] DEBUG org.apache.nifi.processors.standard.RouteText - RouteText[id=a680ad74-d0b5-404d-9505-4b7cb994baf3] Adding new dynamic property: PropertyDescriptor[simple]
[pool-4199-thread-1] INFO org.apache.nifi.processors.standard.RouteText - RouteText[id=a680ad74-d0b5-404d-9505-4b7cb994baf3] Created FlowFile[3755,99015252485338.mockFlowFile,24B] from FlowFile[3754,99015252485338.mockFlowFile,24B]; routing to relationship simple
[pool-4199-thread-1] INFO org.apache.nifi.processors.standard.RouteText - RouteText[id=a680ad74-d0b5-404d-9505-4b7cb994baf3] Routing FlowFile[3754,99015252485338.mockFlowFile,24B] to original
[main] DEBUG org.apache.nifi.processors.standard.RouteText - RouteText[id=a680ad74-d0b5-404d-9505-4b7cb994baf3] Adding new dynamic property: PropertyDescriptor[simple]
[pool-4200-thread-1] INFO org.apache.nifi.processors.standard.RouteText - RouteText[id=a680ad74-d0b5-404d-9505-4b7cb994baf3] Created FlowFile[3757,99015252891270.mockFlowFile,24B] from FlowFile[3756,99015252891270.mockFlowFile,24B]; routing to relationship simple
[pool-4200-thread-1] INFO org.apache.nifi.processors.standard.RouteText - RouteText[id=a680ad74-d0b5-404d-9505-4b7cb994baf3] Routing FlowFile[3756,99015252891270.mockFlowFile,24B] to original
[main] DEBUG org.apache.nifi.processors.standard.RouteText - RouteText[id=a680ad74-d0b5-404d-9505-4b7cb994baf3] Adding new dynamic property: PropertyDescriptor[simple]
[pool-4201-thread-1] INFO org.apache.nifi.processors.standard.RouteText - RouteText[id=a680ad74-d0b5-404d-9505-4b7cb994baf3] Created FlowFile[3759,99015253249397.mockFlowFile,24B] from FlowFile[3758,99015253249397.mockFlowFile,24B]; routing to relationship simple
[pool-4201-thread-1] INFO org.apache.nifi.processors.standard.RouteText - RouteText[id=a680ad74-d0b5-404d-9505-4b7cb994baf3] Routing FlowFile[3758,99015253249397.mockFlowFile,24B] to original
[main] DEBUG org.apache.nifi.processors.standard.RouteText - RouteText[id=a680ad74-d0b5-404d-9505-4b7cb994baf3] Adding new dynamic property: PropertyDescriptor[simple]
[pool-4202-thread-1] INFO org.apache.nifi.processors.standard.RouteText - RouteText[id=a680ad74-d0b5-404d-9505-4b7cb994baf3] Created FlowFile[3761,99015253579377.mockFlowFile,24B] from FlowFile[3760,99015253579377.mockFlowFile,24B]; routing to relationship simple
[pool-4202-thread-1] INFO org.apache.nifi.processors.standard.RouteText - RouteText[id=a680ad74-d0b5-404d-9505-4b7cb994baf3] Routing FlowFile[3760,99015253579377.mockFlowFile,24B] to original
[main] DEBUG org.apache.nifi.processors.standard.RouteText - RouteText[id=a680ad74-d0b5-404d-9505-4b7cb994baf3] Adding new dynamic property: PropertyDescriptor[simple]
[pool-4203-thread-1] INFO org.apache.nifi.processors.standard.RouteText - RouteText[id=a680ad74-d0b5-404d-9505-4b7cb994baf3] Created FlowFile[3763,99015253890715.mockFlowFile,24B] from FlowFile[3762,99015253890715.mockFlowFile,24B]; routing to relationship simple
[pool-4203-thread-1] INFO org.apache.nifi.processors.standard.RouteText - RouteText[id=a680ad74-d0b5-404d-9505-4b7cb994baf3] Routing FlowFile[3762,99015253890715.mockFlowFile,24B] to original
[main] DEBUG org.apache.nifi.processors.standard.RouteText - RouteText[id=a680ad74-d0b5-404d-9505-4b7cb994baf3] Adding new dynamic property: PropertyDescriptor[simple]
[pool-4204-thread-1] INFO org.apache.nifi.processors.standard.RouteText - RouteText[id=a680ad74-d0b5-404d-9505-4b7cb994baf3] Created FlowFile[3765,99015254228416.mockFlowFile,24B] from FlowFile[3764,99015254228416.mockFlowFile,24B]; routing to relationship simple
[pool-4204-thread-1] INFO org.apache.nifi.processors.standard.RouteText - RouteText[id=a680ad74-d0b5-404d-9505-4b7cb994baf3] Routing FlowFile[3764,99015254228416.mockFlowFile,24B] to original
[main] DEBUG org.apache.nifi.processors.standard.RouteText - RouteText[id=a680ad74-d0b5-404d-9505-4b7cb994baf3] Adding new dynamic property: PropertyDescriptor[simple]
[pool-4205-thread-1] INFO org.apache.nifi.processors.standard.RouteText - RouteText[id=a680ad74-d0b5-404d-9505-4b7cb994baf3] Created FlowFile[3767,99015254512247.mockFlowFile,24B] from FlowFile[3766,99015254512247.mockFlowFile,24B]; routing to relationship simple
[pool-4205-thread-1] INFO org.apache.nifi.processors.standard.RouteText - RouteText[id=a680ad74-d0b5-404d-9505-4b7cb994baf3] Routing FlowFile[3766,99015254512247.mockFlowFile,24B] to original
[main] DEBUG org.apache.nifi.processors.standard.RouteText - RouteText[id=a680ad74-d0b5-404d-9505-4b7cb994baf3] Adding new dynamic property: PropertyDescriptor[simple]
[pool-4206-thread-1] INFO org.apache.nifi.processors.standard.RouteText - RouteText[id=a680ad74-d0b5-404d-9505-4b7cb994baf3] Created FlowFile[3769,99015254795744.mockFlowFile,24B] from FlowFile[3768,99015254795744.mockFlowFile,24B]; routing to relationship simple
[pool-4206-thread-1] INFO org.apache.nifi.processors.standard.RouteText - RouteText[id=a680ad74-d0b5-404d-9505-4b7cb994baf3] Routing FlowFile[3768,99015254795744.mockFlowFile,24B] to original
[main] DEBUG org.apache.nifi.processors.standard.RouteText - RouteText[id=a680ad74-d0b5-404d-9505-4b7cb994baf3] Adding new dynamic property: PropertyDescriptor[simple]
[pool-4207-thread-1] INFO org.apache.nifi.processors.standard.RouteText - RouteText[id=a680ad74-d0b5-404d-9505-4b7cb994baf3] Created FlowFile[3771,99015255093273.mockFlowFile,24B] from FlowFile[3770,99015255093273.mockFlowFile,24B]; routing to relationship simple
[pool-4207-thread-1] INFO org.apache.nifi.processors.standard.RouteText - RouteText[id=a680ad74-d0b5-404d-9505-4b7cb994baf3] Routing FlowFile[3770,99015255093273.mockFlowFile,24B] to original
[main] DEBUG org.apache.nifi.processors.standard.RouteText - RouteText[id=a680ad74-d0b5-404d-9505-4b7cb994baf3] Adding new dynamic property: PropertyDescriptor[simple]
[pool-4208-thread-1] INFO org.apache.nifi.processors.standard.RouteText - RouteText[id=a680ad74-d0b5-404d-9505-4b7cb994baf3] Created FlowFile[3773,99015255535036.mockFlowFile,24B] from FlowFile[3772,99015255535036.mockFlowFile,24B]; routing to relationship simple
[pool-4208-thread-1] INFO org.apache.nifi.processors.standard.RouteText - RouteText[id=a680ad74-d0b5-404d-9505-4b7cb994baf3] Routing FlowFile[3772,99015255535036.mockFlowFile,24B] to original
[main] DEBUG org.apache.nifi.processors.standard.RouteText - RouteText[id=a680ad74-d0b5-404d-9505-4b7cb994baf3] Adding new dynamic property: PropertyDescriptor[simple]
[pool-4209-thread-1] INFO org.apache.nifi.processors.standard.RouteText - RouteText[id=a680ad74-d0b5-404d-9505-4b7cb994baf3] Created FlowFile[3775,99015255828559.mockFlowFile,24B] from FlowFile[3774,99015255828559.mockFlowFile,24B]; routing to relationship simple
[pool-4209-thread-1] INFO org.apache.nifi.processors.standard.RouteText - RouteText[id=a680ad74-d0b5-404d-9505-4b7cb994baf3] Routing FlowFile[3774,99015255828559.mockFlowFile,24B] to original
[main] DEBUG org.apache.nifi.processors.standard.RouteText - RouteText[id=a680ad74-d0b5-404d-9505-4b7cb994baf3] Adding new dynamic property: PropertyDescriptor[simple]
[pool-4210-thread-1] INFO org.apache.nifi.processors.standard.RouteText - RouteText[id=a680ad74-d0b5-404d-9505-4b7cb994baf3] Created FlowFile[3777,99015256224640.mockFlowFile,24B] from FlowFile[3776,99015256224640.mockFlowFile,24B]; routing to relationship simple
[pool-4210-thread-1] INFO org.apache.nifi.processors.standard.RouteText - RouteText[id=a680ad74-d0b5-404d-9505-4b7cb994baf3] Routing FlowFile[3776,99015256224640.mockFlowFile,24B] to original
[main] DEBUG org.apache.nifi.processors.standard.RouteText - RouteText[id=a680ad74-d0b5-404d-9505-4b7cb994baf3] Adding new dynamic property: PropertyDescriptor[simple]
[pool-4211-thread-1] INFO org.apache.nifi.processors.standard.RouteText - RouteText[id=a680ad74-d0b5-404d-9505-4b7cb994baf3] Created FlowFile[3779,99015256698446.mockFlowFile,24B] from FlowFile[3778,99015256698446.mockFlowFile,24B]; routing to relationship simple
[pool-4211-thread-1] INFO org.apache.nifi.processors.standard.RouteText - RouteText[id=a680ad74-d0b5-404d-9505-4b7cb994baf3] Routing FlowFile[3778,99015256698446.mockFlowFile,24B] to original
[main] DEBUG org.apache.nifi.processors.standard.RouteText - RouteText[id=a680ad74-d0b5-404d-9505-4b7cb994baf3] Adding new dynamic property: PropertyDescriptor[simple]
[pool-4212-thread-1] INFO org.apache.nifi.processors.standard.RouteText - RouteText[id=a680ad74-d0b5-404d-9505-4b7cb994baf3] Created FlowFile[3781,99015257120599.mockFlowFile,24B] from FlowFile[3780,99015257120599.mockFlowFile,24B]; routing to relationship simple
[pool-4212-thread-1] INFO org.apache.nifi.processors.standard.RouteText - RouteText[id=a680ad74-d0b5-404d-9505-4b7cb994baf3] Routing FlowFile[3780,99015257120599.mockFlowFile,24B] to original
[main] DEBUG org.apache.nifi.processors.standard.RouteText - RouteText[id=a680ad74-d0b5-404d-9505-4b7cb994baf3] Adding new dynamic property: PropertyDescriptor[simple]
[pool-4213-thread-1] INFO org.apache.nifi.processors.standard.RouteText - RouteText[id=a680ad74-d0b5-404d-9505-4b7cb994baf3] Created FlowFile[3783,99015257513702.mockFlowFile,24B] from FlowFile[3782,99015257513702.mockFlowFile,24B]; routing to relationship simple
[pool-4213-thread-1] INFO org.apache.nifi.processors.standard.RouteText - RouteText[id=a680ad74-d0b5-404d-9505-4b7cb994baf3] Routing FlowFile[3782,99015257513702.mockFlowFile,24B] to original
[main] DEBUG org.apache.nifi.processors.standard.RouteText - RouteText[id=a680ad74-d0b5-404d-9505-4b7cb994baf3] Adding new dynamic property: PropertyDescriptor[simple]
[pool-4214-thread-1] INFO org.apache.nifi.processors.standard.RouteText - RouteText[id=a680ad74-d0b5-404d-9505-4b7cb994baf3] Created FlowFile[3785,99015257810979.mockFlowFile,24B] from FlowFile[3784,99015257810979.mockFlowFile,24B]; routing to relationship simple
[pool-4214-thread-1] INFO org.apache.nifi.processors.standard.RouteText - RouteText[id=a680ad74-d0b5-404d-9505-4b7cb994baf3] Routing FlowFile[3784,99015257810979.mockFlowFile,24B] to original
[main] DEBUG org.apache.nifi.processors.standard.RouteText - RouteText[id=a680ad74-d0b5-404d-9505-4b7cb994baf3] Adding new dynamic property: PropertyDescriptor[simple]
[pool-4215-thread-1] INFO org.apache.nifi.processors.standard.RouteText - RouteText[id=a680ad74-d0b5-404d-9505-4b7cb994baf3] Created FlowFile[3787,99015258136358.mockFlowFile,24B] from FlowFile[3786,99015258136358.mockFlowFile,24B]; routing to relationship simple
[pool-4215-thread-1] INFO org.apache.nifi.processors.standard.RouteText - RouteText[id=a680ad74-d0b5-404d-9505-4b7cb994baf3] Routing FlowFile[3786,99015258136358.mockFlowFile,24B] to original
[main] DEBUG org.apache.nifi.processors.standard.RouteText - RouteText[id=a680ad74-d0b5-404d-9505-4b7cb994baf3] Adding new dynamic property: PropertyDescriptor[simple]
[pool-4216-thread-1] INFO org.apache.nifi.processors.standard.RouteText - RouteText[id=a680ad74-d0b5-404d-9505-4b7cb994baf3] Created FlowFile[3789,99015258444180.mockFlowFile,24B] from FlowFile[3788,99015258444180.mockFlowFile,24B]; routing to relationship simple
[pool-4216-thread-1] INFO org.apache.nifi.processors.standard.RouteText - RouteText[id=a680ad74-d0b5-404d-9505-4b7cb994baf3] Routing FlowFile[3788,99015258444180.mockFlowFile,24B] to original
[main] DEBUG org.apache.nifi.processors.standard.RouteText - RouteText[id=a680ad74-d0b5-404d-9505-4b7cb994baf3] Adding new dynamic property: PropertyDescriptor[simple]
[pool-4217-thread-1] INFO org.apache.nifi.processors.standard.RouteText - RouteText[id=a680ad74-d0b5-404d-9505-4b7cb994baf3] Created FlowFile[3791,99015258741580.mockFlowFile,24B] from FlowFile[3790,99015258741580.mockFlowFile,24B]; routing to relationship simple
[pool-4217-thread-1] INFO org.apache.nifi.processors.standard.RouteText - RouteText[id=a680ad74-d0b5-404d-9505-4b7cb994baf3] Routing FlowFile[3790,99015258741580.mockFlowFile,24B] to original
[main] DEBUG org.apache.nifi.processors.standard.RouteText - RouteText[id=a680ad74-d0b5-404d-9505-4b7cb994baf3] Adding new dynamic property: PropertyDescriptor[simple]
[pool-4218-thread-1] INFO org.apache.nifi.processors.standard.RouteText - RouteText[id=a680ad74-d0b5-404d-9505-4b7cb994baf3] Created FlowFile[3793,99015259041793.mockFlowFile,24B] from FlowFile[3792,99015259041793.mockFlowFile,24B]; routing to relationship simple
[pool-4218-thread-1] INFO org.apache.nifi.processors.standard.RouteText - RouteText[id=a680ad74-d0b5-404d-9505-4b7cb994baf3] Routing FlowFile[3792,99015259041793.mockFlowFile,24B] to original
[main] DEBUG org.apache.nifi.processors.standard.RouteText - RouteText[id=a680ad74-d0b5-404d-9505-4b7cb994baf3] Adding new dynamic property: PropertyDescriptor[simple]
[pool-4219-thread-1] INFO org.apache.nifi.processors.standard.RouteText - RouteText[id=a680ad74-d0b5-404d-9505-4b7cb994baf3] Created FlowFile[3795,99015259462815.mockFlowFile,24B] from FlowFile[3794,99015259462815.mockFlowFile,24B]; routing to relationship simple
[pool-4219-thread-1] INFO org.apache.nifi.processors.standard.RouteText - RouteText[id=a680ad74-d0b5-404d-9505-4b7cb994baf3] Routing FlowFile[3794,99015259462815.mockFlowFile,24B] to original
[main] DEBUG org.apache.nifi.processors.standard.RouteText - RouteText[id=a680ad74-d0b5-404d-9505-4b7cb994baf3] Adding new dynamic property: PropertyDescriptor[simple]
[pool-4220-thread-1] INFO org.apache.nifi.processors.standard.RouteText - RouteText[id=a680ad74-d0b5-404d-9505-4b7cb994baf3] Created FlowFile[3797,99015259805029.mockFlowFile,24B] from FlowFile[3796,99015259805029.mockFlowFile,24B]; routing to relationship simple
[pool-4220-thread-1] INFO org.apache.nifi.processors.standard.RouteText - RouteText[id=a680ad74-d0b5-404d-9505-4b7cb994baf3] Routing FlowFile[3796,99015259805029.mockFlowFile,24B] to original
[main] DEBUG org.apache.nifi.processors.standard.RouteText - RouteText[id=a680ad74-d0b5-404d-9505-4b7cb994baf3] Adding new dynamic property: PropertyDescriptor[simple]
[pool-4221-thread-1] INFO org.apache.nifi.processors.standard.RouteText - RouteText[id=a680ad74-d0b5-404d-9505-4b7cb994baf3] Created FlowFile[3799,99015260148200.mockFlowFile,24B] from FlowFile[3798,99015260148200.mockFlowFile,24B]; routing to relationship simple
[pool-4221-thread-1] INFO org.apache.nifi.processors.standard.RouteText - RouteText[id=a680ad74-d0b5-404d-9505-4b7cb994baf3] Routing FlowFile[3798,99015260148200.mockFlowFile,24B] to original
[main] DEBUG org.apache.nifi.processors.standard.RouteText - RouteText[id=a680ad74-d0b5-404d-9505-4b7cb994baf3] Adding new dynamic property: PropertyDescriptor[simple]
[pool-4222-thread-1] INFO org.apache.nifi.processors.standard.RouteText - RouteText[id=a680ad74-d0b5-404d-9505-4b7cb994baf3] Created FlowFile[3801,99015260584626.mockFlowFile,24B] from FlowFile[3800,99015260584626.mockFlowFile,24B]; routing to relationship simple
[pool-4222-thread-1] INFO org.apache.nifi.processors.standard.RouteText - RouteText[id=a680ad74-d0b5-404d-9505-4b7cb994baf3] Routing FlowFile[3800,99015260584626.mockFlowFile,24B] to original
[main] DEBUG org.apache.nifi.processors.standard.RouteText - RouteText[id=a680ad74-d0b5-404d-9505-4b7cb994baf3] Adding new dynamic property: PropertyDescriptor[simple]
[pool-4223-thread-1] INFO org.apache.nifi.processors.standard.RouteText - RouteText[id=a680ad74-d0b5-404d-9505-4b7cb994baf3] Created FlowFile[3803,99015260965857.mockFlowFile,24B] from FlowFile[3802,99015260965857.mockFlowFile,24B]; routing to relationship simple
[pool-4223-thread-1] INFO org.apache.nifi.processors.standard.RouteText - RouteText[id=a680ad74-d0b5-404d-9505-4b7cb994baf3] Routing FlowFile[3802,99015260965857.mockFlowFile,24B] to original
[main] DEBUG org.apache.nifi.processors.standard.RouteText - RouteText[id=a680ad74-d0b5-404d-9505-4b7cb994baf3] Adding new dynamic property: PropertyDescriptor[simple]
[pool-4224-thread-1] INFO org.apache.nifi.processors.standard.RouteText - RouteText[id=a680ad74-d0b5-404d-9505-4b7cb994baf3] Created FlowFile[3805,99015261349474.mockFlowFile,24B] from FlowFile[3804,99015261349474.mockFlowFile,24B]; routing to relationship simple
[pool-4224-thread-1] INFO org.apache.nifi.processors.standard.RouteText - RouteText[id=a680ad74-d0b5-404d-9505-4b7cb994baf3] Routing FlowFile[3804,99015261349474.mockFlowFile,24B] to original
[main] DEBUG org.apache.nifi.processors.standard.RouteText - RouteText[id=a680ad74-d0b5-404d-9505-4b7cb994baf3] Adding new dynamic property: PropertyDescriptor[simple]
[pool-4225-thread-1] INFO org.apache.nifi.processors.standard.RouteText - RouteText[id=a680ad74-d0b5-404d-9505-4b7cb994baf3] Created FlowFile[3807,99015261677428.mockFlowFile,24B] from FlowFile[3806,99015261677428.mockFlowFile,24B]; routing to relationship simple
[pool-4225-thread-1] INFO org.apache.nifi.processors.standard.RouteText - RouteText[id=a680ad74-d0b5-404d-9505-4b7cb994baf3] Routing FlowFile[3806,99015261677428.mockFlowFile,24B] to original
[main] DEBUG org.apache.nifi.processors.standard.RouteText - RouteText[id=a680ad74-d0b5-404d-9505-4b7cb994baf3] Adding new dynamic property: PropertyDescriptor[simple]
[pool-4226-thread-1] INFO org.apache.nifi.processors.standard.RouteText - RouteText[id=a680ad74-d0b5-404d-9505-4b7cb994baf3] Created FlowFile[3809,99015261970108.mockFlowFile,24B] from FlowFile[3808,99015261970108.mockFlowFile,24B]; routing to relationship simple
[pool-4226-thread-1] INFO org.apache.nifi.processors.standard.RouteText - RouteText[id=a680ad74-d0b5-404d-9505-4b7cb994baf3] Routing FlowFile[3808,99015261970108.mockFlowFile,24B] to original
[main] DEBUG org.apache.nifi.processors.standard.RouteText - RouteText[id=a680ad74-d0b5-404d-9505-4b7cb994baf3] Adding new dynamic property: PropertyDescriptor[simple]
[pool-4227-thread-1] INFO org.apache.nifi.processors.standard.RouteText - RouteText[id=a680ad74-d0b5-404d-9505-4b7cb994baf3] Created FlowFile[3811,99015262258526.mockFlowFile,24B] from FlowFile[3810,99015262258526.mockFlowFile,24B]; routing to relationship simple
[pool-4227-thread-1] INFO org.apache.nifi.processors.standard.RouteText - RouteText[id=a680ad74-d0b5-404d-9505-4b7cb994baf3] Routing FlowFile[3810,99015262258526.mockFlowFile,24B] to original
[main] DEBUG org.apache.nifi.processors.standard.RouteText - RouteText[id=a680ad74-d0b5-404d-9505-4b7cb994baf3] Adding new dynamic property: PropertyDescriptor[simple]
[pool-4228-thread-1] INFO org.apache.nifi.processors.standard.RouteText - RouteText[id=a680ad74-d0b5-404d-9505-4b7cb994baf3] Created FlowFile[3813,99015262557785.mockFlowFile,24B] from FlowFile[3812,99015262557785.mockFlowFile,24B]; routing to relationship simple
[pool-4228-thread-1] INFO org.apache.nifi.processors.standard.RouteText - RouteText[id=a680ad74-d0b5-404d-9505-4b7cb994baf3] Routing FlowFile[3812,99015262557785.mockFlowFile,24B] to original
[main] DEBUG org.apache.nifi.processors.standard.RouteText - RouteText[id=a680ad74-d0b5-404d-9505-4b7cb994baf3] Adding new dynamic property: PropertyDescriptor[simple]
[pool-4229-thread-1] INFO org.apache.nifi.processors.standard.RouteText - RouteText[id=a680ad74-d0b5-404d-9505-4b7cb994baf3] Created FlowFile[3815,99015262870827.mockFlowFile,24B] from FlowFile[3814,99015262870827.mockFlowFile,24B]; routing to relationship simple
[pool-4229-thread-1] INFO org.apache.nifi.processors.standard.RouteText - RouteText[id=a680ad74-d0b5-404d-9505-4b7cb994baf3] Routing FlowFile[3814,99015262870827.mockFlowFile,24B] to original
[main] DEBUG org.apache.nifi.processors.standard.RouteText - RouteText[id=a680ad74-d0b5-404d-9505-4b7cb994baf3] Adding new dynamic property: PropertyDescriptor[simple]
[pool-4230-thread-1] INFO org.apache.nifi.processors.standard.RouteText - RouteText[id=a680ad74-d0b5-404d-9505-4b7cb994baf3] Created FlowFile[3817,99015263340315.mockFlowFile,24B] from FlowFile[3816,99015263340315.mockFlowFile,24B]; routing to relationship simple
[pool-4230-thread-1] INFO org.apache.nifi.processors.standard.RouteText - RouteText[id=a680ad74-d0b5-404d-9505-4b7cb994baf3] Routing FlowFile[3816,99015263340315.mockFlowFile,24B] to original
[main] DEBUG org.apache.nifi.processors.standard.RouteText - RouteText[id=a680ad74-d0b5-404d-9505-4b7cb994baf3] Adding new dynamic property: PropertyDescriptor[simple]
[pool-4231-thread-1] INFO org.apache.nifi.processors.standard.RouteText - RouteText[id=a680ad74-d0b5-404d-9505-4b7cb994baf3] Created FlowFile[3819,99015263721415.mockFlowFile,24B] from FlowFile[3818,99015263721415.mockFlowFile,24B]; routing to relationship simple
[pool-4231-thread-1] INFO org.apache.nifi.processors.standard.RouteText - RouteText[id=a680ad74-d0b5-404d-9505-4b7cb994baf3] Routing FlowFile[3818,99015263721415.mockFlowFile,24B] to original
[main] DEBUG org.apache.nifi.processors.standard.RouteText - RouteText[id=a680ad74-d0b5-404d-9505-4b7cb994baf3] Adding new dynamic property: PropertyDescriptor[simple]
[pool-4232-thread-1] INFO org.apache.nifi.processors.standard.RouteText - RouteText[id=a680ad74-d0b5-404d-9505-4b7cb994baf3] Created FlowFile[3821,99015264054521.mockFlowFile,24B] from FlowFile[3820,99015264054521.mockFlowFile,24B]; routing to relationship simple
[pool-4232-thread-1] INFO org.apache.nifi.processors.standard.RouteText - RouteText[id=a680ad74-d0b5-404d-9505-4b7cb994baf3] Routing FlowFile[3820,99015264054521.mockFlowFile,24B] to original
[main] DEBUG org.apache.nifi.processors.standard.RouteText - RouteText[id=a680ad74-d0b5-404d-9505-4b7cb994baf3] Adding new dynamic property: PropertyDescriptor[simple]
[pool-4233-thread-1] INFO org.apache.nifi.processors.standard.RouteText - RouteText[id=a680ad74-d0b5-404d-9505-4b7cb994baf3] Created FlowFile[3823,99015264506133.mockFlowFile,24B] from FlowFile[3822,99015264506133.mockFlowFile,24B]; routing to relationship simple
[pool-4233-thread-1] INFO org.apache.nifi.processors.standard.RouteText - RouteText[id=a680ad74-d0b5-404d-9505-4b7cb994baf3] Routing FlowFile[3822,99015264506133.mockFlowFile,24B] to original
[main] DEBUG org.apache.nifi.processors.standard.RouteText - RouteText[id=a680ad74-d0b5-404d-9505-4b7cb994baf3] Adding new dynamic property: PropertyDescriptor[simple]
[pool-4234-thread-1] INFO org.apache.nifi.processors.standard.RouteText - RouteText[id=a680ad74-d0b5-404d-9505-4b7cb994baf3] Created FlowFile[3825,99015265000626.mockFlowFile,24B] from FlowFile[3824,99015265000626.mockFlowFile,24B]; routing to relationship simple
[pool-4234-thread-1] INFO org.apache.nifi.processors.standard.RouteText - RouteText[id=a680ad74-d0b5-404d-9505-4b7cb994baf3] Routing FlowFile[3824,99015265000626.mockFlowFile,24B] to original
[main] DEBUG org.apache.nifi.processors.standard.RouteText - RouteText[id=a680ad74-d0b5-404d-9505-4b7cb994baf3] Adding new dynamic property: PropertyDescriptor[simple]
[pool-4235-thread-1] INFO org.apache.nifi.processors.standard.RouteText - RouteText[id=a680ad74-d0b5-404d-9505-4b7cb994baf3] Created FlowFile[3827,99015265389775.mockFlowFile,24B] from FlowFile[3826,99015265389775.mockFlowFile,24B]; routing to relationship simple
[pool-4235-thread-1] INFO org.apache.nifi.processors.standard.RouteText - RouteText[id=a680ad74-d0b5-404d-9505-4b7cb994baf3] Routing FlowFile[3826,99015265389775.mockFlowFile,24B] to original
[main] DEBUG org.apache.nifi.processors.standard.RouteText - RouteText[id=a680ad74-d0b5-404d-9505-4b7cb994baf3] Adding new dynamic property: PropertyDescriptor[simple]
[pool-4236-thread-1] INFO org.apache.nifi.processors.standard.RouteText - RouteText[id=a680ad74-d0b5-404d-9505-4b7cb994baf3] Created FlowFile[3829,99015266053795.mockFlowFile,24B] from FlowFile[3828,99015266053795.mockFlowFile,24B]; routing to relationship simple
[pool-4236-thread-1] INFO org.apache.nifi.processors.standard.RouteText - RouteText[id=a680ad74-d0b5-404d-9505-4b7cb994baf3] Routing FlowFile[3828,99015266053795.mockFlowFile,24B] to original
[main] DEBUG org.apache.nifi.processors.standard.RouteText - RouteText[id=a680ad74-d0b5-404d-9505-4b7cb994baf3] Adding new dynamic property: PropertyDescriptor[simple]
[pool-4237-thread-1] INFO org.apache.nifi.processors.standard.RouteText - RouteText[id=a680ad74-d0b5-404d-9505-4b7cb994baf3] Created FlowFile[3831,99015266593781.mockFlowFile,24B] from FlowFile[3830,99015266593781.mockFlowFile,24B]; routing to relationship simple
[pool-4237-thread-1] INFO org.apache.nifi.processors.standard.RouteText - RouteText[id=a680ad74-d0b5-404d-9505-4b7cb994baf3] Routing FlowFile[3830,99015266593781.mockFlowFile,24B] to original
[main] DEBUG org.apache.nifi.processors.standard.RouteText - RouteText[id=a680ad74-d0b5-404d-9505-4b7cb994baf3] Adding new dynamic property: PropertyDescriptor[simple]
[pool-4238-thread-1] INFO org.apache.nifi.processors.standard.RouteText - RouteText[id=a680ad74-d0b5-404d-9505-4b7cb994baf3] Created FlowFile[3833,99015267117555.mockFlowFile,24B] from FlowFile[3832,99015267117555.mockFlowFile,24B]; routing to relationship simple
[pool-4238-thread-1] INFO org.apache.nifi.processors.standard.RouteText - RouteText[id=a680ad74-d0b5-404d-9505-4b7cb994baf3] Routing FlowFile[3832,99015267117555.mockFlowFile,24B] to original
[main] DEBUG org.apache.nifi.processors.standard.RouteText - RouteText[id=a680ad74-d0b5-404d-9505-4b7cb994baf3] Adding new dynamic property: PropertyDescriptor[simple]
[pool-4239-thread-1] INFO org.apache.nifi.processors.standard.RouteText - RouteText[id=a680ad74-d0b5-404d-9505-4b7cb994baf3] Created FlowFile[3835,99015267604837.mockFlowFile,24B] from FlowFile[3834,99015267604837.mockFlowFile,24B]; routing to relationship simple
[pool-4239-thread-1] INFO org.apache.nifi.processors.standard.RouteText - RouteText[id=a680ad74-d0b5-404d-9505-4b7cb994baf3] Routing FlowFile[3834,99015267604837.mockFlowFile,24B] to original
[main] DEBUG org.apache.nifi.processors.standard.RouteText - RouteText[id=a680ad74-d0b5-404d-9505-4b7cb994baf3] Adding new dynamic property: PropertyDescriptor[simple]
[pool-4240-thread-1] INFO org.apache.nifi.processors.standard.RouteText - RouteText[id=a680ad74-d0b5-404d-9505-4b7cb994baf3] Created FlowFile[3837,99015268070741.mockFlowFile,24B] from FlowFile[3836,99015268070741.mockFlowFile,24B]; routing to relationship simple
[pool-4240-thread-1] INFO org.apache.nifi.processors.standard.RouteText - RouteText[id=a680ad74-d0b5-404d-9505-4b7cb994baf3] Routing FlowFile[3836,99015268070741.mockFlowFile,24B] to original
[main] DEBUG org.apache.nifi.processors.standard.RouteText - RouteText[id=a680ad74-d0b5-404d-9505-4b7cb994baf3] Adding new dynamic property: PropertyDescriptor[simple]
[pool-4241-thread-1] INFO org.apache.nifi.processors.standard.RouteText - RouteText[id=a680ad74-d0b5-404d-9505-4b7cb994baf3] Created FlowFile[3839,99015268476836.mockFlowFile,24B] from FlowFile[3838,99015268476836.mockFlowFile,24B]; routing to relationship simple
[pool-4241-thread-1] INFO org.apache.nifi.processors.standard.RouteText - RouteText[id=a680ad74-d0b5-404d-9505-4b7cb994baf3] Routing FlowFile[3838,99015268476836.mockFlowFile,24B] to original
[main] DEBUG org.apache.nifi.processors.standard.RouteText - RouteText[id=a680ad74-d0b5-404d-9505-4b7cb994baf3] Adding new dynamic property: PropertyDescriptor[simple]
[pool-4242-thread-1] INFO org.apache.nifi.processors.standard.RouteText - RouteText[id=a680ad74-d0b5-404d-9505-4b7cb994baf3] Created FlowFile[3841,99015268848327.mockFlowFile,24B] from FlowFile[3840,99015268848327.mockFlowFile,24B]; routing to relationship simple
[pool-4242-thread-1] INFO org.apache.nifi.processors.standard.RouteText - RouteText[id=a680ad74-d0b5-404d-9505-4b7cb994baf3] Routing FlowFile[3840,99015268848327.mockFlowFile,24B] to original
[main] DEBUG org.apache.nifi.processors.standard.RouteText - RouteText[id=a680ad74-d0b5-404d-9505-4b7cb994baf3] Adding new dynamic property: PropertyDescriptor[simple]
[pool-4243-thread-1] INFO org.apache.nifi.processors.standard.RouteText - RouteText[id=a680ad74-d0b5-404d-9505-4b7cb994baf3] Created FlowFile[3843,99015269201379.mockFlowFile,24B] from FlowFile[3842,99015269201379.mockFlowFile,24B]; routing to relationship simple
[pool-4243-thread-1] INFO org.apache.nifi.processors.standard.RouteText - RouteText[id=a680ad74-d0b5-404d-9505-4b7cb994baf3] Routing FlowFile[3842,99015269201379.mockFlowFile,24B] to original
[main] DEBUG org.apache.nifi.processors.standard.RouteText - RouteText[id=a680ad74-d0b5-404d-9505-4b7cb994baf3] Adding new dynamic property: PropertyDescriptor[simple]
[pool-4244-thread-1] INFO org.apache.nifi.processors.standard.RouteText - RouteText[id=a680ad74-d0b5-404d-9505-4b7cb994baf3] Created FlowFile[3845,99015269537177.mockFlowFile,24B] from FlowFile[3844,99015269537177.mockFlowFile,24B]; routing to relationship simple
[pool-4244-thread-1] INFO org.apache.nifi.processors.standard.RouteText - RouteText[id=a680ad74-d0b5-404d-9505-4b7cb994baf3] Routing FlowFile[3844,99015269537177.mockFlowFile,24B] to original
[main] DEBUG org.apache.nifi.processors.standard.RouteText - RouteText[id=a680ad74-d0b5-404d-9505-4b7cb994baf3] Adding new dynamic property: PropertyDescriptor[simple]
[pool-4245-thread-1] INFO org.apache.nifi.processors.standard.RouteText - RouteText[id=a680ad74-d0b5-404d-9505-4b7cb994baf3] Created FlowFile[3847,99015269848521.mockFlowFile,24B] from FlowFile[3846,99015269848521.mockFlowFile,24B]; routing to relationship simple
[pool-4245-thread-1] INFO org.apache.nifi.processors.standard.RouteText - RouteText[id=a680ad74-d0b5-404d-9505-4b7cb994baf3] Routing FlowFile[3846,99015269848521.mockFlowFile,24B] to original
[main] DEBUG org.apache.nifi.processors.standard.RouteText - RouteText[id=a680ad74-d0b5-404d-9505-4b7cb994baf3] Adding new dynamic property: PropertyDescriptor[simple]
[pool-4246-thread-1] INFO org.apache.nifi.processors.standard.RouteText - RouteText[id=a680ad74-d0b5-404d-9505-4b7cb994baf3] Created FlowFile[3849,99015270108340.mockFlowFile,24B] from FlowFile[3848,99015270108340.mockFlowFile,24B]; routing to relationship simple
[pool-4246-thread-1] INFO org.apache.nifi.processors.standard.RouteText - RouteText[id=a680ad74-d0b5-404d-9505-4b7cb994baf3] Routing FlowFile[3848,99015270108340.mockFlowFile,24B] to original
[main] DEBUG org.apache.nifi.processors.standard.RouteText - RouteText[id=a680ad74-d0b5-404d-9505-4b7cb994baf3] Adding new dynamic property: PropertyDescriptor[simple]
[pool-4247-thread-1] INFO org.apache.nifi.processors.standard.RouteText - RouteText[id=a680ad74-d0b5-404d-9505-4b7cb994baf3] Created FlowFile[3851,99015270352076.mockFlowFile,24B] from FlowFile[3850,99015270352076.mockFlowFile,24B]; routing to relationship simple
[pool-4247-thread-1] INFO org.apache.nifi.processors.standard.RouteText - RouteText[id=a680ad74-d0b5-404d-9505-4b7cb994baf3] Routing FlowFile[3850,99015270352076.mockFlowFile,24B] to original
[main] DEBUG org.apache.nifi.processors.standard.RouteText - RouteText[id=a680ad74-d0b5-404d-9505-4b7cb994baf3] Adding new dynamic property: PropertyDescriptor[simple]
[pool-4248-thread-1] INFO org.apache.nifi.processors.standard.RouteText - RouteText[id=a680ad74-d0b5-404d-9505-4b7cb994baf3] Created FlowFile[3853,99015270597267.mockFlowFile,24B] from FlowFile[3852,99015270597267.mockFlowFile,24B]; routing to relationship simple
[pool-4248-thread-1] INFO org.apache.nifi.processors.standard.RouteText - RouteText[id=a680ad74-d0b5-404d-9505-4b7cb994baf3] Routing FlowFile[3852,99015270597267.mockFlowFile,24B] to original
[main] DEBUG org.apache.nifi.processors.standard.RouteText - RouteText[id=a680ad74-d0b5-404d-9505-4b7cb994baf3] Adding new dynamic property: PropertyDescriptor[simple]
[pool-4249-thread-1] INFO org.apache.nifi.processors.standard.RouteText - RouteText[id=a680ad74-d0b5-404d-9505-4b7cb994baf3] Created FlowFile[3855,99015270845600.mockFlowFile,24B] from FlowFile[3854,99015270845600.mockFlowFile,24B]; routing to relationship simple
[pool-4249-thread-1] INFO org.apache.nifi.processors.standard.RouteText - RouteText[id=a680ad74-d0b5-404d-9505-4b7cb994baf3] Routing FlowFile[3854,99015270845600.mockFlowFile,24B] to original
[main] DEBUG org.apache.nifi.processors.standard.RouteText - RouteText[id=a680ad74-d0b5-404d-9505-4b7cb994baf3] Adding new dynamic property: PropertyDescriptor[simple]
[pool-4250-thread-1] INFO org.apache.nifi.processors.standard.RouteText - RouteText[id=a680ad74-d0b5-404d-9505-4b7cb994baf3] Created FlowFile[3857,99015271106663.mockFlowFile,24B] from FlowFile[3856,99015271106663.mockFlowFile,24B]; routing to relationship simple
[pool-4250-thread-1] INFO org.apache.nifi.processors.standard.RouteText - RouteText[id=a680ad74-d0b5-404d-9505-4b7cb994baf3] Routing FlowFile[3856,99015271106663.mockFlowFile,24B] to original
[main] DEBUG org.apache.nifi.processors.standard.RouteText - RouteText[id=a680ad74-d0b5-404d-9505-4b7cb994baf3] Adding new dynamic property: PropertyDescriptor[simple]
[pool-4251-thread-1] INFO org.apache.nifi.processors.standard.RouteText - RouteText[id=a680ad74-d0b5-404d-9505-4b7cb994baf3] Created FlowFile[3859,99015271548420.mockFlowFile,24B] from FlowFile[3858,99015271548420.mockFlowFile,24B]; routing to relationship simple
[pool-4251-thread-1] INFO org.apache.nifi.processors.standard.RouteText - RouteText[id=a680ad74-d0b5-404d-9505-4b7cb994baf3] Routing FlowFile[3858,99015271548420.mockFlowFile,24B] to original
[main] DEBUG org.apache.nifi.processors.standard.RouteText - RouteText[id=a680ad74-d0b5-404d-9505-4b7cb994baf3] Adding new dynamic property: PropertyDescriptor[simple]
[pool-4252-thread-1] INFO org.apache.nifi.processors.standard.RouteText - RouteText[id=a680ad74-d0b5-404d-9505-4b7cb994baf3] Created FlowFile[3861,99015271814950.mockFlowFile,24B] from FlowFile[3860,99015271814950.mockFlowFile,24B]; routing to relationship simple
[pool-4252-thread-1] INFO org.apache.nifi.processors.standard.RouteText - RouteText[id=a680ad74-d0b5-404d-9505-4b7cb994baf3] Routing FlowFile[3860,99015271814950.mockFlowFile,24B] to original
[main] DEBUG org.apache.nifi.processors.standard.RouteText - RouteText[id=a680ad74-d0b5-404d-9505-4b7cb994baf3] Adding new dynamic property: PropertyDescriptor[simple]
[pool-4253-thread-1] INFO org.apache.nifi.processors.standard.RouteText - RouteText[id=a680ad74-d0b5-404d-9505-4b7cb994baf3] Created FlowFile[3863,99015272118719.mockFlowFile,24B] from FlowFile[3862,99015272118719.mockFlowFile,24B]; routing to relationship simple
[pool-4253-thread-1] INFO org.apache.nifi.processors.standard.RouteText - RouteText[id=a680ad74-d0b5-404d-9505-4b7cb994baf3] Routing FlowFile[3862,99015272118719.mockFlowFile,24B] to original
[main] DEBUG org.apache.nifi.processors.standard.RouteText - RouteText[id=a680ad74-d0b5-404d-9505-4b7cb994baf3] Adding new dynamic property: PropertyDescriptor[simple]
[pool-4254-thread-1] INFO org.apache.nifi.processors.standard.RouteText - RouteText[id=a680ad74-d0b5-404d-9505-4b7cb994baf3] Created FlowFile[3865,99015272541614.mockFlowFile,24B] from FlowFile[3864,99015272541614.mockFlowFile,24B]; routing to relationship simple
[pool-4254-thread-1] INFO org.apache.nifi.processors.standard.RouteText - RouteText[id=a680ad74-d0b5-404d-9505-4b7cb994baf3] Routing FlowFile[3864,99015272541614.mockFlowFile,24B] to original
[main] DEBUG org.apache.nifi.processors.standard.RouteText - RouteText[id=a680ad74-d0b5-404d-9505-4b7cb994baf3] Adding new dynamic property: PropertyDescriptor[simple]
[pool-4255-thread-1] INFO org.apache.nifi.processors.standard.RouteText - RouteText[id=a680ad74-d0b5-404d-9505-4b7cb994baf3] Created FlowFile[3867,99015272871019.mockFlowFile,24B] from FlowFile[3866,99015272871019.mockFlowFile,24B]; routing to relationship simple
[pool-4255-thread-1] INFO org.apache.nifi.processors.standard.RouteText - RouteText[id=a680ad74-d0b5-404d-9505-4b7cb994baf3] Routing FlowFile[3866,99015272871019.mockFlowFile,24B] to original
[main] DEBUG org.apache.nifi.processors.standard.RouteText - RouteText[id=a680ad74-d0b5-404d-9505-4b7cb994baf3] Adding new dynamic property: PropertyDescriptor[simple]
[pool-4256-thread-1] INFO org.apache.nifi.processors.standard.RouteText - RouteText[id=a680ad74-d0b5-404d-9505-4b7cb994baf3] Created FlowFile[3869,99015273213375.mockFlowFile,24B] from FlowFile[3868,99015273213375.mockFlowFile,24B]; routing to relationship simple
[pool-4256-thread-1] INFO org.apache.nifi.processors.standard.RouteText - RouteText[id=a680ad74-d0b5-404d-9505-4b7cb994baf3] Routing FlowFile[3868,99015273213375.mockFlowFile,24B] to original
[main] DEBUG org.apache.nifi.processors.standard.RouteText - RouteText[id=a680ad74-d0b5-404d-9505-4b7cb994baf3] Adding new dynamic property: PropertyDescriptor[simple]
[pool-4257-thread-1] INFO org.apache.nifi.processors.standard.RouteText - RouteText[id=a680ad74-d0b5-404d-9505-4b7cb994baf3] Created FlowFile[3871,99015273563044.mockFlowFile,24B] from FlowFile[3870,99015273563044.mockFlowFile,24B]; routing to relationship simple
[pool-4257-thread-1] INFO org.apache.nifi.processors.standard.RouteText - RouteText[id=a680ad74-d0b5-404d-9505-4b7cb994baf3] Routing FlowFile[3870,99015273563044.mockFlowFile,24B] to original
[main] DEBUG org.apache.nifi.processors.standard.RouteText - RouteText[id=a680ad74-d0b5-404d-9505-4b7cb994baf3] Adding new dynamic property: PropertyDescriptor[simple]
[pool-4258-thread-1] INFO org.apache.nifi.processors.standard.RouteText - RouteText[id=a680ad74-d0b5-404d-9505-4b7cb994baf3] Created FlowFile[3873,99015273934975.mockFlowFile,24B] from FlowFile[3872,99015273934975.mockFlowFile,24B]; routing to relationship simple
[pool-4258-thread-1] INFO org.apache.nifi.processors.standard.RouteText - RouteText[id=a680ad74-d0b5-404d-9505-4b7cb994baf3] Routing FlowFile[3872,99015273934975.mockFlowFile,24B] to original
[main] DEBUG org.apache.nifi.processors.standard.RouteText - RouteText[id=a680ad74-d0b5-404d-9505-4b7cb994baf3] Adding new dynamic property: PropertyDescriptor[simple]
[pool-4259-thread-1] INFO org.apache.nifi.processors.standard.RouteText - RouteText[id=a680ad74-d0b5-404d-9505-4b7cb994baf3] Created FlowFile[3875,99015274299357.mockFlowFile,24B] from FlowFile[3874,99015274299357.mockFlowFile,24B]; routing to relationship simple
[pool-4259-thread-1] INFO org.apache.nifi.processors.standard.RouteText - RouteText[id=a680ad74-d0b5-404d-9505-4b7cb994baf3] Routing FlowFile[3874,99015274299357.mockFlowFile,24B] to original
[main] DEBUG org.apache.nifi.processors.standard.RouteText - RouteText[id=a680ad74-d0b5-404d-9505-4b7cb994baf3] Adding new dynamic property: PropertyDescriptor[simple]
[pool-4260-thread-1] INFO org.apache.nifi.processors.standard.RouteText - RouteText[id=a680ad74-d0b5-404d-9505-4b7cb994baf3] Created FlowFile[3877,99015274667090.mockFlowFile,24B] from FlowFile[3876,99015274667090.mockFlowFile,24B]; routing to relationship simple
[pool-4260-thread-1] INFO org.apache.nifi.processors.standard.RouteText - RouteText[id=a680ad74-d0b5-404d-9505-4b7cb994baf3] Routing FlowFile[3876,99015274667090.mockFlowFile,24B] to original
[main] DEBUG org.apache.nifi.processors.standard.RouteText - RouteText[id=a680ad74-d0b5-404d-9505-4b7cb994baf3] Adding new dynamic property: PropertyDescriptor[simple]
[pool-4261-thread-1] INFO org.apache.nifi.processors.standard.RouteText - RouteText[id=a680ad74-d0b5-404d-9505-4b7cb994baf3] Created FlowFile[3879,99015275038463.mockFlowFile,24B] from FlowFile[3878,99015275038463.mockFlowFile,24B]; routing to relationship simple
[pool-4261-thread-1] INFO org.apache.nifi.processors.standard.RouteText - RouteText[id=a680ad74-d0b5-404d-9505-4b7cb994baf3] Routing FlowFile[3878,99015275038463.mockFlowFile,24B] to original
[main] DEBUG org.apache.nifi.processors.standard.RouteText - RouteText[id=a680ad74-d0b5-404d-9505-4b7cb994baf3] Adding new dynamic property: PropertyDescriptor[simple]
[pool-4262-thread-1] INFO org.apache.nifi.processors.standard.RouteText - RouteText[id=a680ad74-d0b5-404d-9505-4b7cb994baf3] Created FlowFile[3881,99015275557306.mockFlowFile,24B] from FlowFile[3880,99015275557306.mockFlowFile,24B]; routing to relationship simple
[pool-4262-thread-1] INFO org.apache.nifi.processors.standard.RouteText - RouteText[id=a680ad74-d0b5-404d-9505-4b7cb994baf3] Routing FlowFile[3880,99015275557306.mockFlowFile,24B] to original
[main] DEBUG org.apache.nifi.processors.standard.RouteText - RouteText[id=a680ad74-d0b5-404d-9505-4b7cb994baf3] Adding new dynamic property: PropertyDescriptor[simple]
[pool-4263-thread-1] INFO org.apache.nifi.processors.standard.RouteText - RouteText[id=a680ad74-d0b5-404d-9505-4b7cb994baf3] Created FlowFile[3883,99015275947379.mockFlowFile,24B] from FlowFile[3882,99015275947379.mockFlowFile,24B]; routing to relationship simple
[pool-4263-thread-1] INFO org.apache.nifi.processors.standard.RouteText - RouteText[id=a680ad74-d0b5-404d-9505-4b7cb994baf3] Routing FlowFile[3882,99015275947379.mockFlowFile,24B] to original
[main] DEBUG org.apache.nifi.processors.standard.RouteText - RouteText[id=a680ad74-d0b5-404d-9505-4b7cb994baf3] Adding new dynamic property: PropertyDescriptor[simple]
[pool-4264-thread-1] INFO org.apache.nifi.processors.standard.RouteText - RouteText[id=a680ad74-d0b5-404d-9505-4b7cb994baf3] Created FlowFile[3885,99015276417845.mockFlowFile,24B] from FlowFile[3884,99015276417845.mockFlowFile,24B]; routing to relationship simple
[pool-4264-thread-1] INFO org.apache.nifi.processors.standard.RouteText - RouteText[id=a680ad74-d0b5-404d-9505-4b7cb994baf3] Routing FlowFile[3884,99015276417845.mockFlowFile,24B] to original
[main] DEBUG org.apache.nifi.processors.standard.RouteText - RouteText[id=a680ad74-d0b5-404d-9505-4b7cb994baf3] Adding new dynamic property: PropertyDescriptor[simple]
[pool-4265-thread-1] INFO org.apache.nifi.processors.standard.RouteText - RouteText[id=a680ad74-d0b5-404d-9505-4b7cb994baf3] Created FlowFile[3887,99015276870590.mockFlowFile,24B] from FlowFile[3886,99015276870590.mockFlowFile,24B]; routing to relationship simple
[pool-4265-thread-1] INFO org.apache.nifi.processors.standard.RouteText - RouteText[id=a680ad74-d0b5-404d-9505-4b7cb994baf3] Routing FlowFile[3886,99015276870590.mockFlowFile,24B] to original
[main] DEBUG org.apache.nifi.processors.standard.RouteText - RouteText[id=a680ad74-d0b5-404d-9505-4b7cb994baf3] Adding new dynamic property: PropertyDescriptor[simple]
[pool-4266-thread-1] INFO org.apache.nifi.processors.standard.RouteText - RouteText[id=a680ad74-d0b5-404d-9505-4b7cb994baf3] Created FlowFile[3889,99015277289087.mockFlowFile,24B] from FlowFile[3888,99015277289087.mockFlowFile,24B]; routing to relationship simple
[pool-4266-thread-1] INFO org.apache.nifi.processors.standard.RouteText - RouteText[id=a680ad74-d0b5-404d-9505-4b7cb994baf3] Routing FlowFile[3888,99015277289087.mockFlowFile,24B] to original
[main] DEBUG org.apache.nifi.processors.standard.RouteText - RouteText[id=a680ad74-d0b5-404d-9505-4b7cb994baf3] Adding new dynamic property: PropertyDescriptor[simple]
[pool-4267-thread-1] INFO org.apache.nifi.processors.standard.RouteText - RouteText[id=a680ad74-d0b5-404d-9505-4b7cb994baf3] Created FlowFile[3891,99015277662686.mockFlowFile,24B] from FlowFile[3890,99015277662686.mockFlowFile,24B]; routing to relationship simple
[pool-4267-thread-1] INFO org.apache.nifi.processors.standard.RouteText - RouteText[id=a680ad74-d0b5-404d-9505-4b7cb994baf3] Routing FlowFile[3890,99015277662686.mockFlowFile,24B] to original
[main] DEBUG org.apache.nifi.processors.standard.RouteText - RouteText[id=a680ad74-d0b5-404d-9505-4b7cb994baf3] Adding new dynamic property: PropertyDescriptor[simple]
[pool-4268-thread-1] INFO org.apache.nifi.processors.standard.RouteText - RouteText[id=a680ad74-d0b5-404d-9505-4b7cb994baf3] Created FlowFile[3893,99015278032740.mockFlowFile,24B] from FlowFile[3892,99015278032740.mockFlowFile,24B]; routing to relationship simple
[pool-4268-thread-1] INFO org.apache.nifi.processors.standard.RouteText - RouteText[id=a680ad74-d0b5-404d-9505-4b7cb994baf3] Routing FlowFile[3892,99015278032740.mockFlowFile,24B] to original
[main] DEBUG org.apache.nifi.processors.standard.RouteText - RouteText[id=a680ad74-d0b5-404d-9505-4b7cb994baf3] Adding new dynamic property: PropertyDescriptor[simple]
[pool-4269-thread-1] INFO org.apache.nifi.processors.standard.RouteText - RouteText[id=a680ad74-d0b5-404d-9505-4b7cb994baf3] Created FlowFile[3895,99015278414097.mockFlowFile,24B] from FlowFile[3894,99015278414097.mockFlowFile,24B]; routing to relationship simple
[pool-4269-thread-1] INFO org.apache.nifi.processors.standard.RouteText - RouteText[id=a680ad74-d0b5-404d-9505-4b7cb994baf3] Routing FlowFile[3894,99015278414097.mockFlowFile,24B] to original
[main] DEBUG org.apache.nifi.processors.standard.RouteText - RouteText[id=a680ad74-d0b5-404d-9505-4b7cb994baf3] Adding new dynamic property: PropertyDescriptor[simple]
[pool-4270-thread-1] INFO org.apache.nifi.processors.standard.RouteText - RouteText[id=a680ad74-d0b5-404d-9505-4b7cb994baf3] Created FlowFile[3897,99015278793467.mockFlowFile,24B] from FlowFile[3896,99015278793467.mockFlowFile,24B]; routing to relationship simple
[pool-4270-thread-1] INFO org.apache.nifi.processors.standard.RouteText - RouteText[id=a680ad74-d0b5-404d-9505-4b7cb994baf3] Routing FlowFile[3896,99015278793467.mockFlowFile,24B] to original
[main] DEBUG org.apache.nifi.processors.standard.RouteText - RouteText[id=a680ad74-d0b5-404d-9505-4b7cb994baf3] Adding new dynamic property: PropertyDescriptor[simple]
[pool-4271-thread-1] INFO org.apache.nifi.processors.standard.RouteText - RouteText[id=a680ad74-d0b5-404d-9505-4b7cb994baf3] Created FlowFile[3899,99015279312346.mockFlowFile,24B] from FlowFile[3898,99015279312346.mockFlowFile,24B]; routing to relationship simple
[pool-4271-thread-1] INFO org.apache.nifi.processors.standard.RouteText - RouteText[id=a680ad74-d0b5-404d-9505-4b7cb994baf3] Routing FlowFile[3898,99015279312346.mockFlowFile,24B] to original
[main] DEBUG org.apache.nifi.processors.standard.RouteText - RouteText[id=a680ad74-d0b5-404d-9505-4b7cb994baf3] Adding new dynamic property: PropertyDescriptor[simple]
[pool-4272-thread-1] INFO org.apache.nifi.processors.standard.RouteText - RouteText[id=a680ad74-d0b5-404d-9505-4b7cb994baf3] Created FlowFile[3901,99015279737989.mockFlowFile,24B] from FlowFile[3900,99015279737989.mockFlowFile,24B]; routing to relationship simple
[pool-4272-thread-1] INFO org.apache.nifi.processors.standard.RouteText - RouteText[id=a680ad74-d0b5-404d-9505-4b7cb994baf3] Routing FlowFile[3900,99015279737989.mockFlowFile,24B] to original
[main] DEBUG org.apache.nifi.processors.standard.RouteText - RouteText[id=a680ad74-d0b5-404d-9505-4b7cb994baf3] Adding new dynamic property: PropertyDescriptor[simple]
[pool-4273-thread-1] INFO org.apache.nifi.processors.standard.RouteText - RouteText[id=a680ad74-d0b5-404d-9505-4b7cb994baf3] Created FlowFile[3903,99015280136932.mockFlowFile,24B] from FlowFile[3902,99015280136932.mockFlowFile,24B]; routing to relationship simple
[pool-4273-thread-1] INFO org.apache.nifi.processors.standard.RouteText - RouteText[id=a680ad74-d0b5-404d-9505-4b7cb994baf3] Routing FlowFile[3902,99015280136932.mockFlowFile,24B] to original
[main] DEBUG org.apache.nifi.processors.standard.RouteText - RouteText[id=a680ad74-d0b5-404d-9505-4b7cb994baf3] Adding new dynamic property: PropertyDescriptor[simple]
[pool-4274-thread-1] INFO org.apache.nifi.processors.standard.RouteText - RouteText[id=a680ad74-d0b5-404d-9505-4b7cb994baf3] Created FlowFile[3905,99015280654260.mockFlowFile,24B] from FlowFile[3904,99015280654260.mockFlowFile,24B]; routing to relationship simple
[pool-4274-thread-1] INFO org.apache.nifi.processors.standard.RouteText - RouteText[id=a680ad74-d0b5-404d-9505-4b7cb994baf3] Routing FlowFile[3904,99015280654260.mockFlowFile,24B] to original
[main] DEBUG org.apache.nifi.processors.standard.RouteText - RouteText[id=a680ad74-d0b5-404d-9505-4b7cb994baf3] Adding new dynamic property: PropertyDescriptor[simple]
[pool-4275-thread-1] INFO org.apache.nifi.processors.standard.RouteText - RouteText[id=a680ad74-d0b5-404d-9505-4b7cb994baf3] Created FlowFile[3907,99015281077294.mockFlowFile,24B] from FlowFile[3906,99015281077294.mockFlowFile,24B]; routing to relationship simple
[pool-4275-thread-1] INFO org.apache.nifi.processors.standard.RouteText - RouteText[id=a680ad74-d0b5-404d-9505-4b7cb994baf3] Routing FlowFile[3906,99015281077294.mockFlowFile,24B] to original
[main] DEBUG org.apache.nifi.processors.standard.RouteText - RouteText[id=a680ad74-d0b5-404d-9505-4b7cb994baf3] Adding new dynamic property: PropertyDescriptor[simple]
[pool-4276-thread-1] INFO org.apache.nifi.processors.standard.RouteText - RouteText[id=a680ad74-d0b5-404d-9505-4b7cb994baf3] Created FlowFile[3909,99015281439507.mockFlowFile,24B] from FlowFile[3908,99015281439507.mockFlowFile,24B]; routing to relationship simple
[pool-4276-thread-1] INFO org.apache.nifi.processors.standard.RouteText - RouteText[id=a680ad74-d0b5-404d-9505-4b7cb994baf3] Routing FlowFile[3908,99015281439507.mockFlowFile,24B] to original
[main] DEBUG org.apache.nifi.processors.standard.RouteText - RouteText[id=a680ad74-d0b5-404d-9505-4b7cb994baf3] Adding new dynamic property: PropertyDescriptor[simple]
[pool-4277-thread-1] INFO org.apache.nifi.processors.standard.RouteText - RouteText[id=a680ad74-d0b5-404d-9505-4b7cb994baf3] Created FlowFile[3911,99015281762004.mockFlowFile,24B] from FlowFile[3910,99015281762004.mockFlowFile,24B]; routing to relationship simple
[pool-4277-thread-1] INFO org.apache.nifi.processors.standard.RouteText - RouteText[id=a680ad74-d0b5-404d-9505-4b7cb994baf3] Routing FlowFile[3910,99015281762004.mockFlowFile,24B] to original
[main] DEBUG org.apache.nifi.processors.standard.RouteText - RouteText[id=a680ad74-d0b5-404d-9505-4b7cb994baf3] Adding new dynamic property: PropertyDescriptor[simple]
[pool-4278-thread-1] INFO org.apache.nifi.processors.standard.RouteText - RouteText[id=a680ad74-d0b5-404d-9505-4b7cb994baf3] Created FlowFile[3913,99015282084292.mockFlowFile,24B] from FlowFile[3912,99015282084292.mockFlowFile,24B]; routing to relationship simple
[pool-4278-thread-1] INFO org.apache.nifi.processors.standard.RouteText - RouteText[id=a680ad74-d0b5-404d-9505-4b7cb994baf3] Routing FlowFile[3912,99015282084292.mockFlowFile,24B] to original
[main] DEBUG org.apache.nifi.processors.standard.RouteText - RouteText[id=a680ad74-d0b5-404d-9505-4b7cb994baf3] Adding new dynamic property: PropertyDescriptor[simple]
[pool-4279-thread-1] INFO org.apache.nifi.processors.standard.RouteText - RouteText[id=a680ad74-d0b5-404d-9505-4b7cb994baf3] Created FlowFile[3915,99015282445937.mockFlowFile,24B] from FlowFile[3914,99015282445937.mockFlowFile,24B]; routing to relationship simple
[pool-4279-thread-1] INFO org.apache.nifi.processors.standard.RouteText - RouteText[id=a680ad74-d0b5-404d-9505-4b7cb994baf3] Routing FlowFile[3914,99015282445937.mockFlowFile,24B] to original
[main] DEBUG org.apache.nifi.processors.standard.RouteText - RouteText[id=a680ad74-d0b5-404d-9505-4b7cb994baf3] Adding new dynamic property: PropertyDescriptor[simple]
[pool-4280-thread-1] INFO org.apache.nifi.processors.standard.RouteText - RouteText[id=a680ad74-d0b5-404d-9505-4b7cb994baf3] Created FlowFile[3917,99015282805704.mockFlowFile,24B] from FlowFile[3916,99015282805704.mockFlowFile,24B]; routing to relationship simple
[pool-4280-thread-1] INFO org.apache.nifi.processors.standard.RouteText - RouteText[id=a680ad74-d0b5-404d-9505-4b7cb994baf3] Routing FlowFile[3916,99015282805704.mockFlowFile,24B] to original
[main] DEBUG org.apache.nifi.processors.standard.RouteText - RouteText[id=a680ad74-d0b5-404d-9505-4b7cb994baf3] Adding new dynamic property: PropertyDescriptor[simple]
[pool-4281-thread-1] INFO org.apache.nifi.processors.standard.RouteText - RouteText[id=a680ad74-d0b5-404d-9505-4b7cb994baf3] Created FlowFile[3919,99015283164713.mockFlowFile,24B] from FlowFile[3918,99015283164713.mockFlowFile,24B]; routing to relationship simple
[pool-4281-thread-1] INFO org.apache.nifi.processors.standard.RouteText - RouteText[id=a680ad74-d0b5-404d-9505-4b7cb994baf3] Routing FlowFile[3918,99015283164713.mockFlowFile,24B] to original
[main] DEBUG org.apache.nifi.processors.standard.RouteText - RouteText[id=a680ad74-d0b5-404d-9505-4b7cb994baf3] Adding new dynamic property: PropertyDescriptor[simple]
[pool-4282-thread-1] INFO org.apache.nifi.processors.standard.RouteText - RouteText[id=a680ad74-d0b5-404d-9505-4b7cb994baf3] Created FlowFile[3921,99015283501911.mockFlowFile,24B] from FlowFile[3920,99015283501911.mockFlowFile,24B]; routing to relationship simple
[pool-4282-thread-1] INFO org.apache.nifi.processors.standard.RouteText - RouteText[id=a680ad74-d0b5-404d-9505-4b7cb994baf3] Routing FlowFile[3920,99015283501911.mockFlowFile,24B] to original
[main] DEBUG org.apache.nifi.processors.standard.RouteText - RouteText[id=a680ad74-d0b5-404d-9505-4b7cb994baf3] Adding new dynamic property: PropertyDescriptor[simple]
[pool-4283-thread-1] INFO org.apache.nifi.processors.standard.RouteText - RouteText[id=a680ad74-d0b5-404d-9505-4b7cb994baf3] Created FlowFile[3923,99015283866456.mockFlowFile,24B] from FlowFile[3922,99015283866456.mockFlowFile,24B]; routing to relationship simple
[pool-4283-thread-1] INFO org.apache.nifi.processors.standard.RouteText - RouteText[id=a680ad74-d0b5-404d-9505-4b7cb994baf3] Routing FlowFile[3922,99015283866456.mockFlowFile,24B] to original
[main] DEBUG org.apache.nifi.processors.standard.RouteText - RouteText[id=a680ad74-d0b5-404d-9505-4b7cb994baf3] Adding new dynamic property: PropertyDescriptor[simple]
[pool-4284-thread-1] INFO org.apache.nifi.processors.standard.RouteText - RouteText[id=a680ad74-d0b5-404d-9505-4b7cb994baf3] Created FlowFile[3925,99015284238010.mockFlowFile,24B] from FlowFile[3924,99015284238010.mockFlowFile,24B]; routing to relationship simple
[pool-4284-thread-1] INFO org.apache.nifi.processors.standard.RouteText - RouteText[id=a680ad74-d0b5-404d-9505-4b7cb994baf3] Routing FlowFile[3924,99015284238010.mockFlowFile,24B] to original
[main] DEBUG org.apache.nifi.processors.standard.RouteText - RouteText[id=a680ad74-d0b5-404d-9505-4b7cb994baf3] Adding new dynamic property: PropertyDescriptor[simple]
[pool-4285-thread-1] INFO org.apache.nifi.processors.standard.RouteText - RouteText[id=a680ad74-d0b5-404d-9505-4b7cb994baf3] Created FlowFile[3927,99015284603591.mockFlowFile,24B] from FlowFile[3926,99015284603591.mockFlowFile,24B]; routing to relationship simple
[pool-4285-thread-1] INFO org.apache.nifi.processors.standard.RouteText - RouteText[id=a680ad74-d0b5-404d-9505-4b7cb994baf3] Routing FlowFile[3926,99015284603591.mockFlowFile,24B] to original
[main] DEBUG org.apache.nifi.processors.standard.RouteText - RouteText[id=a680ad74-d0b5-404d-9505-4b7cb994baf3] Adding new dynamic property: PropertyDescriptor[simple]
[pool-4286-thread-1] INFO org.apache.nifi.processors.standard.RouteText - RouteText[id=a680ad74-d0b5-404d-9505-4b7cb994baf3] Created FlowFile[3929,99015284965845.mockFlowFile,24B] from FlowFile[3928,99015284965845.mockFlowFile,24B]; routing to relationship simple
[pool-4286-thread-1] INFO org.apache.nifi.processors.standard.RouteText - RouteText[id=a680ad74-d0b5-404d-9505-4b7cb994baf3] Routing FlowFile[3928,99015284965845.mockFlowFile,24B] to original
[main] DEBUG org.apache.nifi.processors.standard.RouteText - RouteText[id=a680ad74-d0b5-404d-9505-4b7cb994baf3] Adding new dynamic property: PropertyDescriptor[simple]
[pool-4287-thread-1] INFO org.apache.nifi.processors.standard.RouteText - RouteText[id=a680ad74-d0b5-404d-9505-4b7cb994baf3] Created FlowFile[3931,99015285315283.mockFlowFile,24B] from FlowFile[3930,99015285315283.mockFlowFile,24B]; routing to relationship simple
[pool-4287-thread-1] INFO org.apache.nifi.processors.standard.RouteText - RouteText[id=a680ad74-d0b5-404d-9505-4b7cb994baf3] Routing FlowFile[3930,99015285315283.mockFlowFile,24B] to original
[main] DEBUG org.apache.nifi.processors.standard.RouteText - RouteText[id=a680ad74-d0b5-404d-9505-4b7cb994baf3] Adding new dynamic property: PropertyDescriptor[simple]
[pool-4288-thread-1] INFO org.apache.nifi.processors.standard.RouteText - RouteText[id=a680ad74-d0b5-404d-9505-4b7cb994baf3] Created FlowFile[3933,99015285663573.mockFlowFile,24B] from FlowFile[3932,99015285663573.mockFlowFile,24B]; routing to relationship simple
[pool-4288-thread-1] INFO org.apache.nifi.processors.standard.RouteText - RouteText[id=a680ad74-d0b5-404d-9505-4b7cb994baf3] Routing FlowFile[3932,99015285663573.mockFlowFile,24B] to original
[main] DEBUG org.apache.nifi.processors.standard.RouteText - RouteText[id=a680ad74-d0b5-404d-9505-4b7cb994baf3] Adding new dynamic property: PropertyDescriptor[simple]
[pool-4289-thread-1] INFO org.apache.nifi.processors.standard.RouteText - RouteText[id=a680ad74-d0b5-404d-9505-4b7cb994baf3] Created FlowFile[3935,99015286013216.mockFlowFile,24B] from FlowFile[3934,99015286013216.mockFlowFile,24B]; routing to relationship simple
[pool-4289-thread-1] INFO org.apache.nifi.processors.standard.RouteText - RouteText[id=a680ad74-d0b5-404d-9505-4b7cb994baf3] Routing FlowFile[3934,99015286013216.mockFlowFile,24B] to original
[main] DEBUG org.apache.nifi.processors.standard.RouteText - RouteText[id=a680ad74-d0b5-404d-9505-4b7cb994baf3] Adding new dynamic property: PropertyDescriptor[simple]
[pool-4290-thread-1] INFO org.apache.nifi.processors.standard.RouteText - RouteText[id=a680ad74-d0b5-404d-9505-4b7cb994baf3] Created FlowFile[3937,99015286360274.mockFlowFile,24B] from FlowFile[3936,99015286360274.mockFlowFile,24B]; routing to relationship simple
[pool-4290-thread-1] INFO org.apache.nifi.processors.standard.RouteText - RouteText[id=a680ad74-d0b5-404d-9505-4b7cb994baf3] Routing FlowFile[3936,99015286360274.mockFlowFile,24B] to original
[main] DEBUG org.apache.nifi.processors.standard.RouteText - RouteText[id=a680ad74-d0b5-404d-9505-4b7cb994baf3] Adding new dynamic property: PropertyDescriptor[simple]
[pool-4291-thread-1] INFO org.apache.nifi.processors.standard.RouteText - RouteText[id=a680ad74-d0b5-404d-9505-4b7cb994baf3] Created FlowFile[3939,99015286708527.mockFlowFile,24B] from FlowFile[3938,99015286708527.mockFlowFile,24B]; routing to relationship simple
[pool-4291-thread-1] INFO org.apache.nifi.processors.standard.RouteText - RouteText[id=a680ad74-d0b5-404d-9505-4b7cb994baf3] Routing FlowFile[3938,99015286708527.mockFlowFile,24B] to original
[main] DEBUG org.apache.nifi.processors.standard.RouteText - RouteText[id=a680ad74-d0b5-404d-9505-4b7cb994baf3] Adding new dynamic property: PropertyDescriptor[simple]
[pool-4292-thread-1] INFO org.apache.nifi.processors.standard.RouteText - RouteText[id=a680ad74-d0b5-404d-9505-4b7cb994baf3] Created FlowFile[3941,99015287056290.mockFlowFile,24B] from FlowFile[3940,99015287056290.mockFlowFile,24B]; routing to relationship simple
[pool-4292-thread-1] INFO org.apache.nifi.processors.standard.RouteText - RouteText[id=a680ad74-d0b5-404d-9505-4b7cb994baf3] Routing FlowFile[3940,99015287056290.mockFlowFile,24B] to original
[main] DEBUG org.apache.nifi.processors.standard.RouteText - RouteText[id=a680ad74-d0b5-404d-9505-4b7cb994baf3] Adding new dynamic property: PropertyDescriptor[simple]
[pool-4293-thread-1] INFO org.apache.nifi.processors.standard.RouteText - RouteText[id=a680ad74-d0b5-404d-9505-4b7cb994baf3] Created FlowFile[3943,99015287400255.mockFlowFile,24B] from FlowFile[3942,99015287400255.mockFlowFile,24B]; routing to relationship simple
[pool-4293-thread-1] INFO org.apache.nifi.processors.standard.RouteText - RouteText[id=a680ad74-d0b5-404d-9505-4b7cb994baf3] Routing FlowFile[3942,99015287400255.mockFlowFile,24B] to original
[main] DEBUG org.apache.nifi.processors.standard.RouteText - RouteText[id=a680ad74-d0b5-404d-9505-4b7cb994baf3] Adding new dynamic property: PropertyDescriptor[simple]
[pool-4294-thread-1] INFO org.apache.nifi.processors.standard.RouteText - RouteText[id=a680ad74-d0b5-404d-9505-4b7cb994baf3] Created FlowFile[3945,99015287761631.mockFlowFile,24B] from FlowFile[3944,99015287761631.mockFlowFile,24B]; routing to relationship simple
[pool-4294-thread-1] INFO org.apache.nifi.processors.standard.RouteText - RouteText[id=a680ad74-d0b5-404d-9505-4b7cb994baf3] Routing FlowFile[3944,99015287761631.mockFlowFile,24B] to original
[main] DEBUG org.apache.nifi.processors.standard.RouteText - RouteText[id=a680ad74-d0b5-404d-9505-4b7cb994baf3] Adding new dynamic property: PropertyDescriptor[simple]
[pool-4295-thread-1] INFO org.apache.nifi.processors.standard.RouteText - RouteText[id=a680ad74-d0b5-404d-9505-4b7cb994baf3] Created FlowFile[3947,99015288127844.mockFlowFile,24B] from FlowFile[3946,99015288127844.mockFlowFile,24B]; routing to relationship simple
[pool-4295-thread-1] INFO org.apache.nifi.processors.standard.RouteText - RouteText[id=a680ad74-d0b5-404d-9505-4b7cb994baf3] Routing FlowFile[3946,99015288127844.mockFlowFile,24B] to original
[main] DEBUG org.apache.nifi.processors.standard.RouteText - RouteText[id=a680ad74-d0b5-404d-9505-4b7cb994baf3] Adding new dynamic property: PropertyDescriptor[simple]
[pool-4296-thread-1] INFO org.apache.nifi.processors.standard.RouteText - RouteText[id=a680ad74-d0b5-404d-9505-4b7cb994baf3] Created FlowFile[3949,99015288494367.mockFlowFile,24B] from FlowFile[3948,99015288494367.mockFlowFile,24B]; routing to relationship simple
[pool-4296-thread-1] INFO org.apache.nifi.processors.standard.RouteText - RouteText[id=a680ad74-d0b5-404d-9505-4b7cb994baf3] Routing FlowFile[3948,99015288494367.mockFlowFile,24B] to original
[main] DEBUG org.apache.nifi.processors.standard.RouteText - RouteText[id=a680ad74-d0b5-404d-9505-4b7cb994baf3] Adding new dynamic property: PropertyDescriptor[simple]
[pool-4297-thread-1] INFO org.apache.nifi.processors.standard.RouteText - RouteText[id=a680ad74-d0b5-404d-9505-4b7cb994baf3] Created FlowFile[3951,99015288840225.mockFlowFile,24B] from FlowFile[3950,99015288840225.mockFlowFile,24B]; routing to relationship simple
[pool-4297-thread-1] INFO org.apache.nifi.processors.standard.RouteText - RouteText[id=a680ad74-d0b5-404d-9505-4b7cb994baf3] Routing FlowFile[3950,99015288840225.mockFlowFile,24B] to original
[main] DEBUG org.apache.nifi.processors.standard.RouteText - RouteText[id=a680ad74-d0b5-404d-9505-4b7cb994baf3] Adding new dynamic property: PropertyDescriptor[simple]
[pool-4298-thread-1] INFO org.apache.nifi.processors.standard.RouteText - RouteText[id=a680ad74-d0b5-404d-9505-4b7cb994baf3] Created FlowFile[3953,99015289193433.mockFlowFile,24B] from FlowFile[3952,99015289193433.mockFlowFile,24B]; routing to relationship simple
[pool-4298-thread-1] INFO org.apache.nifi.processors.standard.RouteText - RouteText[id=a680ad74-d0b5-404d-9505-4b7cb994baf3] Routing FlowFile[3952,99015289193433.mockFlowFile,24B] to original
[main] DEBUG org.apache.nifi.processors.standard.RouteText - RouteText[id=a680ad74-d0b5-404d-9505-4b7cb994baf3] Adding new dynamic property: PropertyDescriptor[simple]
[pool-4299-thread-1] INFO org.apache.nifi.processors.standard.RouteText - RouteText[id=a680ad74-d0b5-404d-9505-4b7cb994baf3] Created FlowFile[3955,99015289649760.mockFlowFile,24B] from FlowFile[3954,99015289649760.mockFlowFile,24B]; routing to relationship simple
[pool-4299-thread-1] INFO org.apache.nifi.processors.standard.RouteText - RouteText[id=a680ad74-d0b5-404d-9505-4b7cb994baf3] Routing FlowFile[3954,99015289649760.mockFlowFile,24B] to original
[main] DEBUG org.apache.nifi.processors.standard.RouteText - RouteText[id=a680ad74-d0b5-404d-9505-4b7cb994baf3] Adding new dynamic property: PropertyDescriptor[simple]
[pool-4300-thread-1] INFO org.apache.nifi.processors.standard.RouteText - RouteText[id=a680ad74-d0b5-404d-9505-4b7cb994baf3] Created FlowFile[3957,99015290042749.mockFlowFile,24B] from FlowFile[3956,99015290042749.mockFlowFile,24B]; routing to relationship simple
[pool-4300-thread-1] INFO org.apache.nifi.processors.standard.RouteText - RouteText[id=a680ad74-d0b5-404d-9505-4b7cb994baf3] Routing FlowFile[3956,99015290042749.mockFlowFile,24B] to original
[main] DEBUG org.apache.nifi.processors.standard.RouteText - RouteText[id=a680ad74-d0b5-404d-9505-4b7cb994baf3] Adding new dynamic property: PropertyDescriptor[simple]
[pool-4301-thread-1] INFO org.apache.nifi.processors.standard.RouteText - RouteText[id=a680ad74-d0b5-404d-9505-4b7cb994baf3] Created FlowFile[3959,99015290400467.mockFlowFile,24B] from FlowFile[3958,99015290400467.mockFlowFile,24B]; routing to relationship simple
[pool-4301-thread-1] INFO org.apache.nifi.processors.standard.RouteText - RouteText[id=a680ad74-d0b5-404d-9505-4b7cb994baf3] Routing FlowFile[3958,99015290400467.mockFlowFile,24B] to original
[main] DEBUG org.apache.nifi.processors.standard.RouteText - RouteText[id=a680ad74-d0b5-404d-9505-4b7cb994baf3] Adding new dynamic property: PropertyDescriptor[simple]
[pool-4302-thread-1] INFO org.apache.nifi.processors.standard.RouteText - RouteText[id=a680ad74-d0b5-404d-9505-4b7cb994baf3] Created FlowFile[3961,99015290744370.mockFlowFile,24B] from FlowFile[3960,99015290744370.mockFlowFile,24B]; routing to relationship simple
[pool-4302-thread-1] INFO org.apache.nifi.processors.standard.RouteText - RouteText[id=a680ad74-d0b5-404d-9505-4b7cb994baf3] Routing FlowFile[3960,99015290744370.mockFlowFile,24B] to original
[main] DEBUG org.apache.nifi.processors.standard.RouteText - RouteText[id=a680ad74-d0b5-404d-9505-4b7cb994baf3] Adding new dynamic property: PropertyDescriptor[simple]
[pool-4303-thread-1] INFO org.apache.nifi.processors.standard.RouteText - RouteText[id=a680ad74-d0b5-404d-9505-4b7cb994baf3] Created FlowFile[3963,99015291108469.mockFlowFile,24B] from FlowFile[3962,99015291108469.mockFlowFile,24B]; routing to relationship simple
[pool-4303-thread-1] INFO org.apache.nifi.processors.standard.RouteText - RouteText[id=a680ad74-d0b5-404d-9505-4b7cb994baf3] Routing FlowFile[3962,99015291108469.mockFlowFile,24B] to original
[main] DEBUG org.apache.nifi.processors.standard.RouteText - RouteText[id=a680ad74-d0b5-404d-9505-4b7cb994baf3] Adding new dynamic property: PropertyDescriptor[simple]
[pool-4304-thread-1] INFO org.apache.nifi.processors.standard.RouteText - RouteText[id=a680ad74-d0b5-404d-9505-4b7cb994baf3] Created FlowFile[3965,99015291448774.mockFlowFile,24B] from FlowFile[3964,99015291448774.mockFlowFile,24B]; routing to relationship simple
[pool-4304-thread-1] INFO org.apache.nifi.processors.standard.RouteText - RouteText[id=a680ad74-d0b5-404d-9505-4b7cb994baf3] Routing FlowFile[3964,99015291448774.mockFlowFile,24B] to original
[main] DEBUG org.apache.nifi.processors.standard.RouteText - RouteText[id=a680ad74-d0b5-404d-9505-4b7cb994baf3] Adding new dynamic property: PropertyDescriptor[simple]
[pool-4305-thread-1] INFO org.apache.nifi.processors.standard.RouteText - RouteText[id=a680ad74-d0b5-404d-9505-4b7cb994baf3] Created FlowFile[3967,99015291805080.mockFlowFile,24B] from FlowFile[3966,99015291805080.mockFlowFile,24B]; routing to relationship simple
[pool-4305-thread-1] INFO org.apache.nifi.processors.standard.RouteText - RouteText[id=a680ad74-d0b5-404d-9505-4b7cb994baf3] Routing FlowFile[3966,99015291805080.mockFlowFile,24B] to original
[main] DEBUG org.apache.nifi.processors.standard.RouteText - RouteText[id=a680ad74-d0b5-404d-9505-4b7cb994baf3] Adding new dynamic property: PropertyDescriptor[simple]
[pool-4306-thread-1] INFO org.apache.nifi.processors.standard.RouteText - RouteText[id=a680ad74-d0b5-404d-9505-4b7cb994baf3] Created FlowFile[3969,99015292173231.mockFlowFile,24B] from FlowFile[3968,99015292173231.mockFlowFile,24B]; routing to relationship simple
[pool-4306-thread-1] INFO org.apache.nifi.processors.standard.RouteText - RouteText[id=a680ad74-d0b5-404d-9505-4b7cb994baf3] Routing FlowFile[3968,99015292173231.mockFlowFile,24B] to original
[main] DEBUG org.apache.nifi.processors.standard.RouteText - RouteText[id=a680ad74-d0b5-404d-9505-4b7cb994baf3] Adding new dynamic property: PropertyDescriptor[simple]
[pool-4307-thread-1] INFO org.apache.nifi.processors.standard.RouteText - RouteText[id=a680ad74-d0b5-404d-9505-4b7cb994baf3] Created FlowFile[3971,99015292581475.mockFlowFile,24B] from FlowFile[3970,99015292581475.mockFlowFile,24B]; routing to relationship simple
[pool-4307-thread-1] INFO org.apache.nifi.processors.standard.RouteText - RouteText[id=a680ad74-d0b5-404d-9505-4b7cb994baf3] Routing FlowFile[3970,99015292581475.mockFlowFile,24B] to original
[main] DEBUG org.apache.nifi.processors.standard.RouteText - RouteText[id=a680ad74-d0b5-404d-9505-4b7cb994baf3] Adding new dynamic property: PropertyDescriptor[simple]
[pool-4308-thread-1] INFO org.apache.nifi.processors.standard.RouteText - RouteText[id=a680ad74-d0b5-404d-9505-4b7cb994baf3] Created FlowFile[3973,99015293052308.mockFlowFile,24B] from FlowFile[3972,99015293052308.mockFlowFile,24B]; routing to relationship simple
[pool-4308-thread-1] INFO org.apache.nifi.processors.standard.RouteText - RouteText[id=a680ad74-d0b5-404d-9505-4b7cb994baf3] Routing FlowFile[3972,99015293052308.mockFlowFile,24B] to original
[main] DEBUG org.apache.nifi.processors.standard.RouteText - RouteText[id=a680ad74-d0b5-404d-9505-4b7cb994baf3] Adding new dynamic property: PropertyDescriptor[simple]
[pool-4309-thread-1] INFO org.apache.nifi.processors.standard.RouteText - RouteText[id=a680ad74-d0b5-404d-9505-4b7cb994baf3] Created FlowFile[3975,99015293553926.mockFlowFile,24B] from FlowFile[3974,99015293553926.mockFlowFile,24B]; routing to relationship simple
[pool-4309-thread-1] INFO org.apache.nifi.processors.standard.RouteText - RouteText[id=a680ad74-d0b5-404d-9505-4b7cb994baf3] Routing FlowFile[3974,99015293553926.mockFlowFile,24B] to original
[main] DEBUG org.apache.nifi.processors.standard.RouteText - RouteText[id=a680ad74-d0b5-404d-9505-4b7cb994baf3] Adding new dynamic property: PropertyDescriptor[simple]
[pool-4310-thread-1] INFO org.apache.nifi.processors.standard.RouteText - RouteText[id=a680ad74-d0b5-404d-9505-4b7cb994baf3] Created FlowFile[3977,99015294054119.mockFlowFile,24B] from FlowFile[3976,99015294054119.mockFlowFile,24B]; routing to relationship simple
[pool-4310-thread-1] INFO org.apache.nifi.processors.standard.RouteText - RouteText[id=a680ad74-d0b5-404d-9505-4b7cb994baf3] Routing FlowFile[3976,99015294054119.mockFlowFile,24B] to original
[main] DEBUG org.apache.nifi.processors.standard.RouteText - RouteText[id=a680ad74-d0b5-404d-9505-4b7cb994baf3] Adding new dynamic property: PropertyDescriptor[simple]
[pool-4311-thread-1] INFO org.apache.nifi.processors.standard.RouteText - RouteText[id=a680ad74-d0b5-404d-9505-4b7cb994baf3] Created FlowFile[3979,99015294570722.mockFlowFile,24B] from FlowFile[3978,99015294570722.mockFlowFile,24B]; routing to relationship simple
[pool-4311-thread-1] INFO org.apache.nifi.processors.standard.RouteText - RouteText[id=a680ad74-d0b5-404d-9505-4b7cb994baf3] Routing FlowFile[3978,99015294570722.mockFlowFile,24B] to original
[main] DEBUG org.apache.nifi.processors.standard.RouteText - RouteText[id=a680ad74-d0b5-404d-9505-4b7cb994baf3] Adding new dynamic property: PropertyDescriptor[simple]
[pool-4312-thread-1] INFO org.apache.nifi.processors.standard.RouteText - RouteText[id=a680ad74-d0b5-404d-9505-4b7cb994baf3] Created FlowFile[3981,99015295294851.mockFlowFile,24B] from FlowFile[3980,99015295294851.mockFlowFile,24B]; routing to relationship simple
[pool-4312-thread-1] INFO org.apache.nifi.processors.standard.RouteText - RouteText[id=a680ad74-d0b5-404d-9505-4b7cb994baf3] Routing FlowFile[3980,99015295294851.mockFlowFile,24B] to original
[main] DEBUG org.apache.nifi.processors.standard.RouteText - RouteText[id=a680ad74-d0b5-404d-9505-4b7cb994baf3] Adding new dynamic property: PropertyDescriptor[simple]
[pool-4313-thread-1] INFO org.apache.nifi.processors.standard.RouteText - RouteText[id=a680ad74-d0b5-404d-9505-4b7cb994baf3] Created FlowFile[3983,99015295698751.mockFlowFile,24B] from FlowFile[3982,99015295698751.mockFlowFile,24B]; routing to relationship simple
[pool-4313-thread-1] INFO org.apache.nifi.processors.standard.RouteText - RouteText[id=a680ad74-d0b5-404d-9505-4b7cb994baf3] Routing FlowFile[3982,99015295698751.mockFlowFile,24B] to original
[main] DEBUG org.apache.nifi.processors.standard.RouteText - RouteText[id=a680ad74-d0b5-404d-9505-4b7cb994baf3] Adding new dynamic property: PropertyDescriptor[simple]
[pool-4314-thread-1] INFO org.apache.nifi.processors.standard.RouteText - RouteText[id=a680ad74-d0b5-404d-9505-4b7cb994baf3] Created FlowFile[3985,99015296129726.mockFlowFile,24B] from FlowFile[3984,99015296129726.mockFlowFile,24B]; routing to relationship simple
[pool-4314-thread-1] INFO org.apache.nifi.processors.standard.RouteText - RouteText[id=a680ad74-d0b5-404d-9505-4b7cb994baf3] Routing FlowFile[3984,99015296129726.mockFlowFile,24B] to original
[main] DEBUG org.apache.nifi.processors.standard.RouteText - RouteText[id=a680ad74-d0b5-404d-9505-4b7cb994baf3] Adding new dynamic property: PropertyDescriptor[simple]
[pool-4315-thread-1] INFO org.apache.nifi.processors.standard.RouteText - RouteText[id=a680ad74-d0b5-404d-9505-4b7cb994baf3] Created FlowFile[3987,99015296485127.mockFlowFile,24B] from FlowFile[3986,99015296485127.mockFlowFile,24B]; routing to relationship simple
[pool-4315-thread-1] INFO org.apache.nifi.processors.standard.RouteText - RouteText[id=a680ad74-d0b5-404d-9505-4b7cb994baf3] Routing FlowFile[3986,99015296485127.mockFlowFile,24B] to original
[main] DEBUG org.apache.nifi.processors.standard.RouteText - RouteText[id=a680ad74-d0b5-404d-9505-4b7cb994baf3] Adding new dynamic property: PropertyDescriptor[simple]
[pool-4316-thread-1] INFO org.apache.nifi.processors.standard.RouteText - RouteText[id=a680ad74-d0b5-404d-9505-4b7cb994baf3] Created FlowFile[3989,99015296841479.mockFlowFile,24B] from FlowFile[3988,99015296841479.mockFlowFile,24B]; routing to relationship simple
[pool-4316-thread-1] INFO org.apache.nifi.processors.standard.RouteText - RouteText[id=a680ad74-d0b5-404d-9505-4b7cb994baf3] Routing FlowFile[3988,99015296841479.mockFlowFile,24B] to original
[main] DEBUG org.apache.nifi.processors.standard.RouteText - RouteText[id=a680ad74-d0b5-404d-9505-4b7cb994baf3] Adding new dynamic property: PropertyDescriptor[simple]
[pool-4317-thread-1] INFO org.apache.nifi.processors.standard.RouteText - RouteText[id=a680ad74-d0b5-404d-9505-4b7cb994baf3] Created FlowFile[3991,99015297183365.mockFlowFile,24B] from FlowFile[3990,99015297183365.mockFlowFile,24B]; routing to relationship simple
[pool-4317-thread-1] INFO org.apache.nifi.processors.standard.RouteText - RouteText[id=a680ad74-d0b5-404d-9505-4b7cb994baf3] Routing FlowFile[3990,99015297183365.mockFlowFile,24B] to original
[main] DEBUG org.apache.nifi.processors.standard.RouteText - RouteText[id=a680ad74-d0b5-404d-9505-4b7cb994baf3] Adding new dynamic property: PropertyDescriptor[simple]
[pool-4318-thread-1] INFO org.apache.nifi.processors.standard.RouteText - RouteText[id=a680ad74-d0b5-404d-9505-4b7cb994baf3] Created FlowFile[3993,99015297522133.mockFlowFile,24B] from FlowFile[3992,99015297522133.mockFlowFile,24B]; routing to relationship simple
[pool-4318-thread-1] INFO org.apache.nifi.processors.standard.RouteText - RouteText[id=a680ad74-d0b5-404d-9505-4b7cb994baf3] Routing FlowFile[3992,99015297522133.mockFlowFile,24B] to original
[main] DEBUG org.apache.nifi.processors.standard.RouteText - RouteText[id=a680ad74-d0b5-404d-9505-4b7cb994baf3] Adding new dynamic property: PropertyDescriptor[simple]
[pool-4319-thread-1] INFO org.apache.nifi.processors.standard.RouteText - RouteText[id=a680ad74-d0b5-404d-9505-4b7cb994baf3] Created FlowFile[3995,99015297938251.mockFlowFile,24B] from FlowFile[3994,99015297938251.mockFlowFile,24B]; routing to relationship simple
[pool-4319-thread-1] INFO org.apache.nifi.processors.standard.RouteText - RouteText[id=a680ad74-d0b5-404d-9505-4b7cb994baf3] Routing FlowFile[3994,99015297938251.mockFlowFile,24B] to original
[main] DEBUG org.apache.nifi.processors.standard.RouteText - RouteText[id=a680ad74-d0b5-404d-9505-4b7cb994baf3] Adding new dynamic property: PropertyDescriptor[simple]
[pool-4320-thread-1] INFO org.apache.nifi.processors.standard.RouteText - RouteText[id=a680ad74-d0b5-404d-9505-4b7cb994baf3] Created FlowFile[3997,99015298292221.mockFlowFile,24B] from FlowFile[3996,99015298292221.mockFlowFile,24B]; routing to relationship simple
[pool-4320-thread-1] INFO org.apache.nifi.processors.standard.RouteText - RouteText[id=a680ad74-d0b5-404d-9505-4b7cb994baf3] Routing FlowFile[3996,99015298292221.mockFlowFile,24B] to original
[main] DEBUG org.apache.nifi.processors.standard.RouteText - RouteText[id=a680ad74-d0b5-404d-9505-4b7cb994baf3] Adding new dynamic property: PropertyDescriptor[simple]
[pool-4321-thread-1] INFO org.apache.nifi.processors.standard.RouteText - RouteText[id=a680ad74-d0b5-404d-9505-4b7cb994baf3] Created FlowFile[3999,99015298683372.mockFlowFile,24B] from FlowFile[3998,99015298683372.mockFlowFile,24B]; routing to relationship simple
[pool-4321-thread-1] INFO org.apache.nifi.processors.standard.RouteText - RouteText[id=a680ad74-d0b5-404d-9505-4b7cb994baf3] Routing FlowFile[3998,99015298683372.mockFlowFile,24B] to original
[main] DEBUG org.apache.nifi.processors.standard.RouteText - RouteText[id=a680ad74-d0b5-404d-9505-4b7cb994baf3] Adding new dynamic property: PropertyDescriptor[simple]
[pool-4322-thread-1] INFO org.apache.nifi.processors.standard.RouteText - RouteText[id=a680ad74-d0b5-404d-9505-4b7cb994baf3] Created FlowFile[4001,99015299060256.mockFlowFile,24B] from FlowFile[4000,99015299060256.mockFlowFile,24B]; routing to relationship simple
[pool-4322-thread-1] INFO org.apache.nifi.processors.standard.RouteText - RouteText[id=a680ad74-d0b5-404d-9505-4b7cb994baf3] Routing FlowFile[4000,99015299060256.mockFlowFile,24B] to original
[main] DEBUG org.apache.nifi.processors.standard.RouteText - RouteText[id=a680ad74-d0b5-404d-9505-4b7cb994baf3] Adding new dynamic property: PropertyDescriptor[simple]
[pool-4323-thread-1] INFO org.apache.nifi.processors.standard.RouteText - RouteText[id=a680ad74-d0b5-404d-9505-4b7cb994baf3] Created FlowFile[4003,99015299405602.mockFlowFile,24B] from FlowFile[4002,99015299405602.mockFlowFile,24B]; routing to relationship simple
[pool-4323-thread-1] INFO org.apache.nifi.processors.standard.RouteText - RouteText[id=a680ad74-d0b5-404d-9505-4b7cb994baf3] Routing FlowFile[4002,99015299405602.mockFlowFile,24B] to original
[main] DEBUG org.apache.nifi.processors.standard.RouteText - RouteText[id=a680ad74-d0b5-404d-9505-4b7cb994baf3] Adding new dynamic property: PropertyDescriptor[simple]
[pool-4324-thread-1] INFO org.apache.nifi.processors.standard.RouteText - RouteText[id=a680ad74-d0b5-404d-9505-4b7cb994baf3] Created FlowFile[4005,99015299777517.mockFlowFile,24B] from FlowFile[4004,99015299777517.mockFlowFile,24B]; routing to relationship simple
[pool-4324-thread-1] INFO org.apache.nifi.processors.standard.RouteText - RouteText[id=a680ad74-d0b5-404d-9505-4b7cb994baf3] Routing FlowFile[4004,99015299777517.mockFlowFile,24B] to original
[main] DEBUG org.apache.nifi.processors.standard.RouteText - RouteText[id=a680ad74-d0b5-404d-9505-4b7cb994baf3] Adding new dynamic property: PropertyDescriptor[simple]
[pool-4325-thread-1] INFO org.apache.nifi.processors.standard.RouteText - RouteText[id=a680ad74-d0b5-404d-9505-4b7cb994baf3] Created FlowFile[4007,99015300175249.mockFlowFile,24B] from FlowFile[4006,99015300175249.mockFlowFile,24B]; routing to relationship simple
[pool-4325-thread-1] INFO org.apache.nifi.processors.standard.RouteText - RouteText[id=a680ad74-d0b5-404d-9505-4b7cb994baf3] Routing FlowFile[4006,99015300175249.mockFlowFile,24B] to original
[main] DEBUG org.apache.nifi.processors.standard.RouteText - RouteText[id=a680ad74-d0b5-404d-9505-4b7cb994baf3] Adding new dynamic property: PropertyDescriptor[simple]
[pool-4326-thread-1] INFO org.apache.nifi.processors.standard.RouteText - RouteText[id=a680ad74-d0b5-404d-9505-4b7cb994baf3] Created FlowFile[4009,99015300545104.mockFlowFile,24B] from FlowFile[4008,99015300545104.mockFlowFile,24B]; routing to relationship simple
[pool-4326-thread-1] INFO org.apache.nifi.processors.standard.RouteText - RouteText[id=a680ad74-d0b5-404d-9505-4b7cb994baf3] Routing FlowFile[4008,99015300545104.mockFlowFile,24B] to original
[main] DEBUG org.apache.nifi.processors.standard.RouteText - RouteText[id=a680ad74-d0b5-404d-9505-4b7cb994baf3] Adding new dynamic property: PropertyDescriptor[simple]
[pool-4327-thread-1] INFO org.apache.nifi.processors.standard.RouteText - RouteText[id=a680ad74-d0b5-404d-9505-4b7cb994baf3] Created FlowFile[4011,99015300946261.mockFlowFile,24B] from FlowFile[4010,99015300946261.mockFlowFile,24B]; routing to relationship simple
[pool-4327-thread-1] INFO org.apache.nifi.processors.standard.RouteText - RouteText[id=a680ad74-d0b5-404d-9505-4b7cb994baf3] Routing FlowFile[4010,99015300946261.mockFlowFile,24B] to original
[main] DEBUG org.apache.nifi.processors.standard.RouteText - RouteText[id=a680ad74-d0b5-404d-9505-4b7cb994baf3] Adding new dynamic property: PropertyDescriptor[simple]
[pool-4328-thread-1] INFO org.apache.nifi.processors.standard.RouteText - RouteText[id=a680ad74-d0b5-404d-9505-4b7cb994baf3] Created FlowFile[4013,99015301390509.mockFlowFile,24B] from FlowFile[4012,99015301390509.mockFlowFile,24B]; routing to relationship simple
[pool-4328-thread-1] INFO org.apache.nifi.processors.standard.RouteText - RouteText[id=a680ad74-d0b5-404d-9505-4b7cb994baf3] Routing FlowFile[4012,99015301390509.mockFlowFile,24B] to original
[main] DEBUG org.apache.nifi.processors.standard.RouteText - RouteText[id=a680ad74-d0b5-404d-9505-4b7cb994baf3] Adding new dynamic property: PropertyDescriptor[simple]
[pool-4329-thread-1] INFO org.apache.nifi.processors.standard.RouteText - RouteText[id=a680ad74-d0b5-404d-9505-4b7cb994baf3] Created FlowFile[4015,99015301782518.mockFlowFile,24B] from FlowFile[4014,99015301782518.mockFlowFile,24B]; routing to relationship simple
[pool-4329-thread-1] INFO org.apache.nifi.processors.standard.RouteText - RouteText[id=a680ad74-d0b5-404d-9505-4b7cb994baf3] Routing FlowFile[4014,99015301782518.mockFlowFile,24B] to original
[main] DEBUG org.apache.nifi.processors.standard.RouteText - RouteText[id=a680ad74-d0b5-404d-9505-4b7cb994baf3] Adding new dynamic property: PropertyDescriptor[simple]
[pool-4330-thread-1] INFO org.apache.nifi.processors.standard.RouteText - RouteText[id=a680ad74-d0b5-404d-9505-4b7cb994baf3] Created FlowFile[4017,99015302163043.mockFlowFile,24B] from FlowFile[4016,99015302163043.mockFlowFile,24B]; routing to relationship simple
[pool-4330-thread-1] INFO org.apache.nifi.processors.standard.RouteText - RouteText[id=a680ad74-d0b5-404d-9505-4b7cb994baf3] Routing FlowFile[4016,99015302163043.mockFlowFile,24B] to original
[main] DEBUG org.apache.nifi.processors.standard.RouteText - RouteText[id=a680ad74-d0b5-404d-9505-4b7cb994baf3] Adding new dynamic property: PropertyDescriptor[simple]
[pool-4331-thread-1] INFO org.apache.nifi.processors.standard.RouteText - RouteText[id=a680ad74-d0b5-404d-9505-4b7cb994baf3] Created FlowFile[4019,99015302537946.mockFlowFile,24B] from FlowFile[4018,99015302537946.mockFlowFile,24B]; routing to relationship simple
[pool-4331-thread-1] INFO org.apache.nifi.processors.standard.RouteText - RouteText[id=a680ad74-d0b5-404d-9505-4b7cb994baf3] Routing FlowFile[4018,99015302537946.mockFlowFile,24B] to original
[main] DEBUG org.apache.nifi.processors.standard.RouteText - RouteText[id=a680ad74-d0b5-404d-9505-4b7cb994baf3] Adding new dynamic property: PropertyDescriptor[simple]
[pool-4332-thread-1] INFO org.apache.nifi.processors.standard.RouteText - RouteText[id=a680ad74-d0b5-404d-9505-4b7cb994baf3] Created FlowFile[4021,99015302934009.mockFlowFile,24B] from FlowFile[4020,99015302934009.mockFlowFile,24B]; routing to relationship simple
[pool-4332-thread-1] INFO org.apache.nifi.processors.standard.RouteText - RouteText[id=a680ad74-d0b5-404d-9505-4b7cb994baf3] Routing FlowFile[4020,99015302934009.mockFlowFile,24B] to original
[main] DEBUG org.apache.nifi.processors.standard.RouteText - RouteText[id=a680ad74-d0b5-404d-9505-4b7cb994baf3] Adding new dynamic property: PropertyDescriptor[simple]
[pool-4333-thread-1] INFO org.apache.nifi.processors.standard.RouteText - RouteText[id=a680ad74-d0b5-404d-9505-4b7cb994baf3] Created FlowFile[4023,99015303248719.mockFlowFile,24B] from FlowFile[4022,99015303248719.mockFlowFile,24B]; routing to relationship simple
[pool-4333-thread-1] INFO org.apache.nifi.processors.standard.RouteText - RouteText[id=a680ad74-d0b5-404d-9505-4b7cb994baf3] Routing FlowFile[4022,99015303248719.mockFlowFile,24B] to original
[main] DEBUG org.apache.nifi.processors.standard.RouteText - RouteText[id=a680ad74-d0b5-404d-9505-4b7cb994baf3] Adding new dynamic property: PropertyDescriptor[simple]
[pool-4334-thread-1] INFO org.apache.nifi.processors.standard.RouteText - RouteText[id=a680ad74-d0b5-404d-9505-4b7cb994baf3] Created FlowFile[4025,99015303679343.mockFlowFile,24B] from FlowFile[4024,99015303679343.mockFlowFile,24B]; routing to relationship simple
[pool-4334-thread-1] INFO org.apache.nifi.processors.standard.RouteText - RouteText[id=a680ad74-d0b5-404d-9505-4b7cb994baf3] Routing FlowFile[4024,99015303679343.mockFlowFile,24B] to original
[main] DEBUG org.apache.nifi.processors.standard.RouteText - RouteText[id=a680ad74-d0b5-404d-9505-4b7cb994baf3] Adding new dynamic property: PropertyDescriptor[simple]
[pool-4335-thread-1] INFO org.apache.nifi.processors.standard.RouteText - RouteText[id=a680ad74-d0b5-404d-9505-4b7cb994baf3] Created FlowFile[4027,99015304162548.mockFlowFile,24B] from FlowFile[4026,99015304162548.mockFlowFile,24B]; routing to relationship simple
[pool-4335-thread-1] INFO org.apache.nifi.processors.standard.RouteText - RouteText[id=a680ad74-d0b5-404d-9505-4b7cb994baf3] Routing FlowFile[4026,99015304162548.mockFlowFile,24B] to original
[main] DEBUG org.apache.nifi.processors.standard.RouteText - RouteText[id=a680ad74-d0b5-404d-9505-4b7cb994baf3] Adding new dynamic property: PropertyDescriptor[simple]
[pool-4336-thread-1] INFO org.apache.nifi.processors.standard.RouteText - RouteText[id=a680ad74-d0b5-404d-9505-4b7cb994baf3] Created FlowFile[4029,99015304545631.mockFlowFile,24B] from FlowFile[4028,99015304545631.mockFlowFile,24B]; routing to relationship simple
[pool-4336-thread-1] INFO org.apache.nifi.processors.standard.RouteText - RouteText[id=a680ad74-d0b5-404d-9505-4b7cb994baf3] Routing FlowFile[4028,99015304545631.mockFlowFile,24B] to original
[main] DEBUG org.apache.nifi.processors.standard.RouteText - RouteText[id=a680ad74-d0b5-404d-9505-4b7cb994baf3] Adding new dynamic property: PropertyDescriptor[simple]
[pool-4337-thread-1] INFO org.apache.nifi.processors.standard.RouteText - RouteText[id=a680ad74-d0b5-404d-9505-4b7cb994baf3] Created FlowFile[4031,99015304915236.mockFlowFile,24B] from FlowFile[4030,99015304915236.mockFlowFile,24B]; routing to relationship simple
[pool-4337-thread-1] INFO org.apache.nifi.processors.standard.RouteText - RouteText[id=a680ad74-d0b5-404d-9505-4b7cb994baf3] Routing FlowFile[4030,99015304915236.mockFlowFile,24B] to original
[main] DEBUG org.apache.nifi.processors.standard.RouteText - RouteText[id=a680ad74-d0b5-404d-9505-4b7cb994baf3] Adding new dynamic property: PropertyDescriptor[simple]
[pool-4338-thread-1] INFO org.apache.nifi.processors.standard.RouteText - RouteText[id=a680ad74-d0b5-404d-9505-4b7cb994baf3] Created FlowFile[4033,99015305285056.mockFlowFile,24B] from FlowFile[4032,99015305285056.mockFlowFile,24B]; routing to relationship simple
[pool-4338-thread-1] INFO org.apache.nifi.processors.standard.RouteText - RouteText[id=a680ad74-d0b5-404d-9505-4b7cb994baf3] Routing FlowFile[4032,99015305285056.mockFlowFile,24B] to original
[main] DEBUG org.apache.nifi.processors.standard.RouteText - RouteText[id=a680ad74-d0b5-404d-9505-4b7cb994baf3] Adding new dynamic property: PropertyDescriptor[simple]
[pool-4339-thread-1] INFO org.apache.nifi.processors.standard.RouteText - RouteText[id=a680ad74-d0b5-404d-9505-4b7cb994baf3] Created FlowFile[4035,99015305642908.mockFlowFile,24B] from FlowFile[4034,99015305642908.mockFlowFile,24B]; routing to relationship simple
[pool-4339-thread-1] INFO org.apache.nifi.processors.standard.RouteText - RouteText[id=a680ad74-d0b5-404d-9505-4b7cb994baf3] Routing FlowFile[4034,99015305642908.mockFlowFile,24B] to original
[main] DEBUG org.apache.nifi.processors.standard.RouteText - RouteText[id=a680ad74-d0b5-404d-9505-4b7cb994baf3] Adding new dynamic property: PropertyDescriptor[simple]
[pool-4340-thread-1] INFO org.apache.nifi.processors.standard.RouteText - RouteText[id=a680ad74-d0b5-404d-9505-4b7cb994baf3] Created FlowFile[4037,99015305991120.mockFlowFile,24B] from FlowFile[4036,99015305991120.mockFlowFile,24B]; routing to relationship simple
[pool-4340-thread-1] INFO org.apache.nifi.processors.standard.RouteText - RouteText[id=a680ad74-d0b5-404d-9505-4b7cb994baf3] Routing FlowFile[4036,99015305991120.mockFlowFile,24B] to original
[main] DEBUG org.apache.nifi.processors.standard.RouteText - RouteText[id=a680ad74-d0b5-404d-9505-4b7cb994baf3] Adding new dynamic property: PropertyDescriptor[simple]
[pool-4341-thread-1] INFO org.apache.nifi.processors.standard.RouteText - RouteText[id=a680ad74-d0b5-404d-9505-4b7cb994baf3] Created FlowFile[4039,99015306355676.mockFlowFile,24B] from FlowFile[4038,99015306355676.mockFlowFile,24B]; routing to relationship simple
[pool-4341-thread-1] INFO org.apache.nifi.processors.standard.RouteText - RouteText[id=a680ad74-d0b5-404d-9505-4b7cb994baf3] Routing FlowFile[4038,99015306355676.mockFlowFile,24B] to original
[main] DEBUG org.apache.nifi.processors.standard.RouteText - RouteText[id=a680ad74-d0b5-404d-9505-4b7cb994baf3] Adding new dynamic property: PropertyDescriptor[simple]
[pool-4342-thread-1] INFO org.apache.nifi.processors.standard.RouteText - RouteText[id=a680ad74-d0b5-404d-9505-4b7cb994baf3] Created FlowFile[4041,99015306807845.mockFlowFile,24B] from FlowFile[4040,99015306807845.mockFlowFile,24B]; routing to relationship simple
[pool-4342-thread-1] INFO org.apache.nifi.processors.standard.RouteText - RouteText[id=a680ad74-d0b5-404d-9505-4b7cb994baf3] Routing FlowFile[4040,99015306807845.mockFlowFile,24B] to original
[main] DEBUG org.apache.nifi.processors.standard.RouteText - RouteText[id=a680ad74-d0b5-404d-9505-4b7cb994baf3] Adding new dynamic property: PropertyDescriptor[simple]
[pool-4343-thread-1] INFO org.apache.nifi.processors.standard.RouteText - RouteText[id=a680ad74-d0b5-404d-9505-4b7cb994baf3] Created FlowFile[4043,99015307261807.mockFlowFile,24B] from FlowFile[4042,99015307261807.mockFlowFile,24B]; routing to relationship simple
[pool-4343-thread-1] INFO org.apache.nifi.processors.standard.RouteText - RouteText[id=a680ad74-d0b5-404d-9505-4b7cb994baf3] Routing FlowFile[4042,99015307261807.mockFlowFile,24B] to original
[main] DEBUG org.apache.nifi.processors.standard.RouteText - RouteText[id=a680ad74-d0b5-404d-9505-4b7cb994baf3] Adding new dynamic property: PropertyDescriptor[simple]
[pool-4344-thread-1] INFO org.apache.nifi.processors.standard.RouteText - RouteText[id=a680ad74-d0b5-404d-9505-4b7cb994baf3] Created FlowFile[4045,99015307678125.mockFlowFile,24B] from FlowFile[4044,99015307678125.mockFlowFile,24B]; routing to relationship simple
[pool-4344-thread-1] INFO org.apache.nifi.processors.standard.RouteText - RouteText[id=a680ad74-d0b5-404d-9505-4b7cb994baf3] Routing FlowFile[4044,99015307678125.mockFlowFile,24B] to original
[main] DEBUG org.apache.nifi.processors.standard.RouteText - RouteText[id=a680ad74-d0b5-404d-9505-4b7cb994baf3] Adding new dynamic property: PropertyDescriptor[simple]
[pool-4345-thread-1] INFO org.apache.nifi.processors.standard.RouteText - RouteText[id=a680ad74-d0b5-404d-9505-4b7cb994baf3] Created FlowFile[4047,99015308010802.mockFlowFile,24B] from FlowFile[4046,99015308010802.mockFlowFile,24B]; routing to relationship simple
[pool-4345-thread-1] INFO org.apache.nifi.processors.standard.RouteText - RouteText[id=a680ad74-d0b5-404d-9505-4b7cb994baf3] Routing FlowFile[4046,99015308010802.mockFlowFile,24B] to original
[main] DEBUG org.apache.nifi.processors.standard.RouteText - RouteText[id=a680ad74-d0b5-404d-9505-4b7cb994baf3] Adding new dynamic property: PropertyDescriptor[simple]
[pool-4346-thread-1] INFO org.apache.nifi.processors.standard.RouteText - RouteText[id=a680ad74-d0b5-404d-9505-4b7cb994baf3] Created FlowFile[4049,99015308490241.mockFlowFile,24B] from FlowFile[4048,99015308490241.mockFlowFile,24B]; routing to relationship simple
[pool-4346-thread-1] INFO org.apache.nifi.processors.standard.RouteText - RouteText[id=a680ad74-d0b5-404d-9505-4b7cb994baf3] Routing FlowFile[4048,99015308490241.mockFlowFile,24B] to original
[main] DEBUG org.apache.nifi.processors.standard.RouteText - RouteText[id=a680ad74-d0b5-404d-9505-4b7cb994baf3] Adding new dynamic property: PropertyDescriptor[simple]
[pool-4347-thread-1] INFO org.apache.nifi.processors.standard.RouteText - RouteText[id=a680ad74-d0b5-404d-9505-4b7cb994baf3] Created FlowFile[4051,99015308997846.mockFlowFile,24B] from FlowFile[4050,99015308997846.mockFlowFile,24B]; routing to relationship simple
[pool-4347-thread-1] INFO org.apache.nifi.processors.standard.RouteText - RouteText[id=a680ad74-d0b5-404d-9505-4b7cb994baf3] Routing FlowFile[4050,99015308997846.mockFlowFile,24B] to original
[main] DEBUG org.apache.nifi.processors.standard.RouteText - RouteText[id=a680ad74-d0b5-404d-9505-4b7cb994baf3] Adding new dynamic property: PropertyDescriptor[simple]
[pool-4348-thread-1] INFO org.apache.nifi.processors.standard.RouteText - RouteText[id=a680ad74-d0b5-404d-9505-4b7cb994baf3] Created FlowFile[4053,99015309496041.mockFlowFile,24B] from FlowFile[4052,99015309496041.mockFlowFile,24B]; routing to relationship simple
[pool-4348-thread-1] INFO org.apache.nifi.processors.standard.RouteText - RouteText[id=a680ad74-d0b5-404d-9505-4b7cb994baf3] Routing FlowFile[4052,99015309496041.mockFlowFile,24B] to original
[main] DEBUG org.apache.nifi.processors.standard.RouteText - RouteText[id=a680ad74-d0b5-404d-9505-4b7cb994baf3] Adding new dynamic property: PropertyDescriptor[simple]
[pool-4349-thread-1] INFO org.apache.nifi.processors.standard.RouteText - RouteText[id=a680ad74-d0b5-404d-9505-4b7cb994baf3] Created FlowFile[4055,99015309914414.mockFlowFile,24B] from FlowFile[4054,99015309914414.mockFlowFile,24B]; routing to relationship simple
[pool-4349-thread-1] INFO org.apache.nifi.processors.standard.RouteText - RouteText[id=a680ad74-d0b5-404d-9505-4b7cb994baf3] Routing FlowFile[4054,99015309914414.mockFlowFile,24B] to original
[main] DEBUG org.apache.nifi.processors.standard.RouteText - RouteText[id=a680ad74-d0b5-404d-9505-4b7cb994baf3] Adding new dynamic property: PropertyDescriptor[simple]
[pool-4350-thread-1] INFO org.apache.nifi.processors.standard.RouteText - RouteText[id=a680ad74-d0b5-404d-9505-4b7cb994baf3] Created FlowFile[4057,99015310374894.mockFlowFile,24B] from FlowFile[4056,99015310374894.mockFlowFile,24B]; routing to relationship simple
[pool-4350-thread-1] INFO org.apache.nifi.processors.standard.RouteText - RouteText[id=a680ad74-d0b5-404d-9505-4b7cb994baf3] Routing FlowFile[4056,99015310374894.mockFlowFile,24B] to original
[main] DEBUG org.apache.nifi.processors.standard.RouteText - RouteText[id=a680ad74-d0b5-404d-9505-4b7cb994baf3] Adding new dynamic property: PropertyDescriptor[simple]
[pool-4351-thread-1] INFO org.apache.nifi.processors.standard.RouteText - RouteText[id=a680ad74-d0b5-404d-9505-4b7cb994baf3] Created FlowFile[4059,99015310713396.mockFlowFile,24B] from FlowFile[4058,99015310713396.mockFlowFile,24B]; routing to relationship simple
[pool-4351-thread-1] INFO org.apache.nifi.processors.standard.RouteText - RouteText[id=a680ad74-d0b5-404d-9505-4b7cb994baf3] Routing FlowFile[4058,99015310713396.mockFlowFile,24B] to original
[main] DEBUG org.apache.nifi.processors.standard.RouteText - RouteText[id=a680ad74-d0b5-404d-9505-4b7cb994baf3] Adding new dynamic property: PropertyDescriptor[simple]
[pool-4352-thread-1] INFO org.apache.nifi.processors.standard.RouteText - RouteText[id=a680ad74-d0b5-404d-9505-4b7cb994baf3] Created FlowFile[4061,99015311045382.mockFlowFile,24B] from FlowFile[4060,99015311045382.mockFlowFile,24B]; routing to relationship simple
[pool-4352-thread-1] INFO org.apache.nifi.processors.standard.RouteText - RouteText[id=a680ad74-d0b5-404d-9505-4b7cb994baf3] Routing FlowFile[4060,99015311045382.mockFlowFile,24B] to original
[main] DEBUG org.apache.nifi.processors.standard.RouteText - RouteText[id=a680ad74-d0b5-404d-9505-4b7cb994baf3] Adding new dynamic property: PropertyDescriptor[simple]
[pool-4353-thread-1] INFO org.apache.nifi.processors.standard.RouteText - RouteText[id=a680ad74-d0b5-404d-9505-4b7cb994baf3] Created FlowFile[4063,99015311491789.mockFlowFile,24B] from FlowFile[4062,99015311491789.mockFlowFile,24B]; routing to relationship simple
[pool-4353-thread-1] INFO org.apache.nifi.processors.standard.RouteText - RouteText[id=a680ad74-d0b5-404d-9505-4b7cb994baf3] Routing FlowFile[4062,99015311491789.mockFlowFile,24B] to original
[main] DEBUG org.apache.nifi.processors.standard.RouteText - RouteText[id=a680ad74-d0b5-404d-9505-4b7cb994baf3] Adding new dynamic property: PropertyDescriptor[simple]
[pool-4354-thread-1] INFO org.apache.nifi.processors.standard.RouteText - RouteText[id=a680ad74-d0b5-404d-9505-4b7cb994baf3] Created FlowFile[4065,99015311833162.mockFlowFile,24B] from FlowFile[4064,99015311833162.mockFlowFile,24B]; routing to relationship simple
[pool-4354-thread-1] INFO org.apache.nifi.processors.standard.RouteText - RouteText[id=a680ad74-d0b5-404d-9505-4b7cb994baf3] Routing FlowFile[4064,99015311833162.mockFlowFile,24B] to original
[main] DEBUG org.apache.nifi.processors.standard.RouteText - RouteText[id=a680ad74-d0b5-404d-9505-4b7cb994baf3] Adding new dynamic property: PropertyDescriptor[simple]
[pool-4355-thread-1] INFO org.apache.nifi.processors.standard.RouteText - RouteText[id=a680ad74-d0b5-404d-9505-4b7cb994baf3] Created FlowFile[4067,99015312181042.mockFlowFile,24B] from FlowFile[4066,99015312181042.mockFlowFile,24B]; routing to relationship simple
[pool-4355-thread-1] INFO org.apache.nifi.processors.standard.RouteText - RouteText[id=a680ad74-d0b5-404d-9505-4b7cb994baf3] Routing FlowFile[4066,99015312181042.mockFlowFile,24B] to original
[main] DEBUG org.apache.nifi.processors.standard.RouteText - RouteText[id=a680ad74-d0b5-404d-9505-4b7cb994baf3] Adding new dynamic property: PropertyDescriptor[simple]
[pool-4356-thread-1] INFO org.apache.nifi.processors.standard.RouteText - RouteText[id=a680ad74-d0b5-404d-9505-4b7cb994baf3] Created FlowFile[4069,99015312614615.mockFlowFile,24B] from FlowFile[4068,99015312614615.mockFlowFile,24B]; routing to relationship simple
[pool-4356-thread-1] INFO org.apache.nifi.processors.standard.RouteText - RouteText[id=a680ad74-d0b5-404d-9505-4b7cb994baf3] Routing FlowFile[4068,99015312614615.mockFlowFile,24B] to original
[main] DEBUG org.apache.nifi.processors.standard.RouteText - RouteText[id=a680ad74-d0b5-404d-9505-4b7cb994baf3] Adding new dynamic property: PropertyDescriptor[simple]
[pool-4357-thread-1] INFO org.apache.nifi.processors.standard.RouteText - RouteText[id=a680ad74-d0b5-404d-9505-4b7cb994baf3] Created FlowFile[4071,99015313068272.mockFlowFile,24B] from FlowFile[4070,99015313068272.mockFlowFile,24B]; routing to relationship simple
[pool-4357-thread-1] INFO org.apache.nifi.processors.standard.RouteText - RouteText[id=a680ad74-d0b5-404d-9505-4b7cb994baf3] Routing FlowFile[4070,99015313068272.mockFlowFile,24B] to original
[main] DEBUG org.apache.nifi.processors.standard.RouteText - RouteText[id=a680ad74-d0b5-404d-9505-4b7cb994baf3] Adding new dynamic property: PropertyDescriptor[simple]
[pool-4358-thread-1] INFO org.apache.nifi.processors.standard.RouteText - RouteText[id=a680ad74-d0b5-404d-9505-4b7cb994baf3] Created FlowFile[4073,99015313488953.mockFlowFile,24B] from FlowFile[4072,99015313488953.mockFlowFile,24B]; routing to relationship simple
[pool-4358-thread-1] INFO org.apache.nifi.processors.standard.RouteText - RouteText[id=a680ad74-d0b5-404d-9505-4b7cb994baf3] Routing FlowFile[4072,99015313488953.mockFlowFile,24B] to original
[main] DEBUG org.apache.nifi.processors.standard.RouteText - RouteText[id=a680ad74-d0b5-404d-9505-4b7cb994baf3] Adding new dynamic property: PropertyDescriptor[simple]
[pool-4359-thread-1] INFO org.apache.nifi.processors.standard.RouteText - RouteText[id=a680ad74-d0b5-404d-9505-4b7cb994baf3] Created FlowFile[4075,99015313822784.mockFlowFile,24B] from FlowFile[4074,99015313822784.mockFlowFile,24B]; routing to relationship simple
[pool-4359-thread-1] INFO org.apache.nifi.processors.standard.RouteText - RouteText[id=a680ad74-d0b5-404d-9505-4b7cb994baf3] Routing FlowFile[4074,99015313822784.mockFlowFile,24B] to original
[main] DEBUG org.apache.nifi.processors.standard.RouteText - RouteText[id=a680ad74-d0b5-404d-9505-4b7cb994baf3] Adding new dynamic property: PropertyDescriptor[simple]
[pool-4360-thread-1] INFO org.apache.nifi.processors.standard.RouteText - RouteText[id=a680ad74-d0b5-404d-9505-4b7cb994baf3] Created FlowFile[4077,99015314156500.mockFlowFile,24B] from FlowFile[4076,99015314156500.mockFlowFile,24B]; routing to relationship simple
[pool-4360-thread-1] INFO org.apache.nifi.processors.standard.RouteText - RouteText[id=a680ad74-d0b5-404d-9505-4b7cb994baf3] Routing FlowFile[4076,99015314156500.mockFlowFile,24B] to original
[main] DEBUG org.apache.nifi.processors.standard.RouteText - RouteText[id=a680ad74-d0b5-404d-9505-4b7cb994baf3] Adding new dynamic property: PropertyDescriptor[simple]
[pool-4361-thread-1] INFO org.apache.nifi.processors.standard.RouteText - RouteText[id=a680ad74-d0b5-404d-9505-4b7cb994baf3] Created FlowFile[4079,99015314493259.mockFlowFile,24B] from FlowFile[4078,99015314493259.mockFlowFile,24B]; routing to relationship simple
[pool-4361-thread-1] INFO org.apache.nifi.processors.standard.RouteText - RouteText[id=a680ad74-d0b5-404d-9505-4b7cb994baf3] Routing FlowFile[4078,99015314493259.mockFlowFile,24B] to original
[main] DEBUG org.apache.nifi.processors.standard.RouteText - RouteText[id=a680ad74-d0b5-404d-9505-4b7cb994baf3] Adding new dynamic property: PropertyDescriptor[simple]
[pool-4362-thread-1] INFO org.apache.nifi.processors.standard.RouteText - RouteText[id=a680ad74-d0b5-404d-9505-4b7cb994baf3] Created FlowFile[4081,99015314839002.mockFlowFile,24B] from FlowFile[4080,99015314839002.mockFlowFile,24B]; routing to relationship simple
[pool-4362-thread-1] INFO org.apache.nifi.processors.standard.RouteText - RouteText[id=a680ad74-d0b5-404d-9505-4b7cb994baf3] Routing FlowFile[4080,99015314839002.mockFlowFile,24B] to original
[main] DEBUG org.apache.nifi.processors.standard.RouteText - RouteText[id=a680ad74-d0b5-404d-9505-4b7cb994baf3] Adding new dynamic property: PropertyDescriptor[simple]
[pool-4363-thread-1] INFO org.apache.nifi.processors.standard.RouteText - RouteText[id=a680ad74-d0b5-404d-9505-4b7cb994baf3] Created FlowFile[4083,99015315244461.mockFlowFile,24B] from FlowFile[4082,99015315244461.mockFlowFile,24B]; routing to relationship simple
[pool-4363-thread-1] INFO org.apache.nifi.processors.standard.RouteText - RouteText[id=a680ad74-d0b5-404d-9505-4b7cb994baf3] Routing FlowFile[4082,99015315244461.mockFlowFile,24B] to original
[main] DEBUG org.apache.nifi.processors.standard.RouteText - RouteText[id=a680ad74-d0b5-404d-9505-4b7cb994baf3] Adding new dynamic property: PropertyDescriptor[simple]
[pool-4364-thread-1] INFO org.apache.nifi.processors.standard.RouteText - RouteText[id=a680ad74-d0b5-404d-9505-4b7cb994baf3] Created FlowFile[4085,99015315683803.mockFlowFile,24B] from FlowFile[4084,99015315683803.mockFlowFile,24B]; routing to relationship simple
[pool-4364-thread-1] INFO org.apache.nifi.processors.standard.RouteText - RouteText[id=a680ad74-d0b5-404d-9505-4b7cb994baf3] Routing FlowFile[4084,99015315683803.mockFlowFile,24B] to original
[main] DEBUG org.apache.nifi.processors.standard.RouteText - RouteText[id=a680ad74-d0b5-404d-9505-4b7cb994baf3] Adding new dynamic property: PropertyDescriptor[simple]
[pool-4365-thread-1] INFO org.apache.nifi.processors.standard.RouteText - RouteText[id=a680ad74-d0b5-404d-9505-4b7cb994baf3] Created FlowFile[4087,99015315982803.mockFlowFile,24B] from FlowFile[4086,99015315982803.mockFlowFile,24B]; routing to relationship simple
[pool-4365-thread-1] INFO org.apache.nifi.processors.standard.RouteText - RouteText[id=a680ad74-d0b5-404d-9505-4b7cb994baf3] Routing FlowFile[4086,99015315982803.mockFlowFile,24B] to original
[main] DEBUG org.apache.nifi.processors.standard.RouteText - RouteText[id=a680ad74-d0b5-404d-9505-4b7cb994baf3] Adding new dynamic property: PropertyDescriptor[simple]
[pool-4366-thread-1] INFO org.apache.nifi.processors.standard.RouteText - RouteText[id=a680ad74-d0b5-404d-9505-4b7cb994baf3] Created FlowFile[4089,99015316343328.mockFlowFile,24B] from FlowFile[4088,99015316343328.mockFlowFile,24B]; routing to relationship simple
[pool-4366-thread-1] INFO org.apache.nifi.processors.standard.RouteText - RouteText[id=a680ad74-d0b5-404d-9505-4b7cb994baf3] Routing FlowFile[4088,99015316343328.mockFlowFile,24B] to original
[main] DEBUG org.apache.nifi.processors.standard.RouteText - RouteText[id=a680ad74-d0b5-404d-9505-4b7cb994baf3] Adding new dynamic property: PropertyDescriptor[simple]
[pool-4367-thread-1] INFO org.apache.nifi.processors.standard.RouteText - RouteText[id=a680ad74-d0b5-404d-9505-4b7cb994baf3] Created FlowFile[4091,99015316704457.mockFlowFile,24B] from FlowFile[4090,99015316704457.mockFlowFile,24B]; routing to relationship simple
[pool-4367-thread-1] INFO org.apache.nifi.processors.standard.RouteText - RouteText[id=a680ad74-d0b5-404d-9505-4b7cb994baf3] Routing FlowFile[4090,99015316704457.mockFlowFile,24B] to original
[main] DEBUG org.apache.nifi.processors.standard.RouteText - RouteText[id=a680ad74-d0b5-404d-9505-4b7cb994baf3] Adding new dynamic property: PropertyDescriptor[simple]
[pool-4368-thread-1] INFO org.apache.nifi.processors.standard.RouteText - RouteText[id=a680ad74-d0b5-404d-9505-4b7cb994baf3] Created FlowFile[4093,99015317047130.mockFlowFile,24B] from FlowFile[4092,99015317047130.mockFlowFile,24B]; routing to relationship simple
[pool-4368-thread-1] INFO org.apache.nifi.processors.standard.RouteText - RouteText[id=a680ad74-d0b5-404d-9505-4b7cb994baf3] Routing FlowFile[4092,99015317047130.mockFlowFile,24B] to original
[main] DEBUG org.apache.nifi.processors.standard.RouteText - RouteText[id=a680ad74-d0b5-404d-9505-4b7cb994baf3] Adding new dynamic property: PropertyDescriptor[simple]
[pool-4369-thread-1] INFO org.apache.nifi.processors.standard.RouteText - RouteText[id=a680ad74-d0b5-404d-9505-4b7cb994baf3] Created FlowFile[4095,99015317347449.mockFlowFile,24B] from FlowFile[4094,99015317347449.mockFlowFile,24B]; routing to relationship simple
[pool-4369-thread-1] INFO org.apache.nifi.processors.standard.RouteText - RouteText[id=a680ad74-d0b5-404d-9505-4b7cb994baf3] Routing FlowFile[4094,99015317347449.mockFlowFile,24B] to original
[main] DEBUG org.apache.nifi.processors.standard.RouteText - RouteText[id=a680ad74-d0b5-404d-9505-4b7cb994baf3] Adding new dynamic property: PropertyDescriptor[simple]
[pool-4370-thread-1] INFO org.apache.nifi.processors.standard.RouteText - RouteText[id=a680ad74-d0b5-404d-9505-4b7cb994baf3] Created FlowFile[4097,99015317685721.mockFlowFile,24B] from FlowFile[4096,99015317685721.mockFlowFile,24B]; routing to relationship simple
[pool-4370-thread-1] INFO org.apache.nifi.processors.standard.RouteText - RouteText[id=a680ad74-d0b5-404d-9505-4b7cb994baf3] Routing FlowFile[4096,99015317685721.mockFlowFile,24B] to original
[main] DEBUG org.apache.nifi.processors.standard.RouteText - RouteText[id=a680ad74-d0b5-404d-9505-4b7cb994baf3] Adding new dynamic property: PropertyDescriptor[simple]
[pool-4371-thread-1] INFO org.apache.nifi.processors.standard.RouteText - RouteText[id=a680ad74-d0b5-404d-9505-4b7cb994baf3] Created FlowFile[4099,99015318027767.mockFlowFile,24B] from FlowFile[4098,99015318027767.mockFlowFile,24B]; routing to relationship simple
[pool-4371-thread-1] INFO org.apache.nifi.processors.standard.RouteText - RouteText[id=a680ad74-d0b5-404d-9505-4b7cb994baf3] Routing FlowFile[4098,99015318027767.mockFlowFile,24B] to original
]]></system-err>
  </testcase>
  <testcase name="testSimpleDefaultMatchRegularExpression" classname="org.apache.nifi.processors.standard.TestRouteText" time="0.001">
    <system-err><![CDATA[[main] DEBUG org.apache.nifi.processors.standard.RouteText - RouteText[id=cfc640ad-3cbc-4ce6-a643-d99852d208a2] Adding new dynamic property: PropertyDescriptor[simple]
[pool-4372-thread-1] INFO org.apache.nifi.processors.standard.RouteText - RouteText[id=cfc640ad-3cbc-4ce6-a643-d99852d208a2] Created FlowFile[1,99015321325293.mockFlowFile,17B] from FlowFile[0,99015321325293.mockFlowFile,26B]; routing to relationship simple
[pool-4372-thread-1] INFO org.apache.nifi.processors.standard.RouteText - RouteText[id=cfc640ad-3cbc-4ce6-a643-d99852d208a2] Created FlowFile[2,99015321325293.mockFlowFile,9B] from FlowFile[0,99015321325293.mockFlowFile,26B]; routing to relationship unmatched
[pool-4372-thread-1] INFO org.apache.nifi.processors.standard.RouteText - RouteText[id=cfc640ad-3cbc-4ce6-a643-d99852d208a2] Routing FlowFile[0,99015321325293.mockFlowFile,26B] to original
]]></system-err>
  </testcase>
  <testcase name="testRouteOnPropertiesStartsWindowsNewLine" classname="org.apache.nifi.processors.standard.TestRouteText" time="0">
    <system-err><![CDATA[[main] DEBUG org.apache.nifi.processors.standard.RouteText - RouteText[id=76c9b67f-68cc-4374-a42f-65a35595ce5f] Adding new dynamic property: PropertyDescriptor[simple]
[pool-4373-thread-1] INFO org.apache.nifi.processors.standard.RouteText - RouteText[id=76c9b67f-68cc-4374-a42f-65a35595ce5f] Created FlowFile[1,99015322326494.mockFlowFile,18B] from FlowFile[0,99015322326494.mockFlowFile,27B]; routing to relationship simple
[pool-4373-thread-1] INFO org.apache.nifi.processors.standard.RouteText - RouteText[id=76c9b67f-68cc-4374-a42f-65a35595ce5f] Created FlowFile[2,99015322326494.mockFlowFile,9B] from FlowFile[0,99015322326494.mockFlowFile,27B]; routing to relationship unmatched
[pool-4373-thread-1] INFO org.apache.nifi.processors.standard.RouteText - RouteText[id=76c9b67f-68cc-4374-a42f-65a35595ce5f] Routing FlowFile[0,99015322326494.mockFlowFile,27B] to original
]]></system-err>
  </testcase>
  <testcase name="testSimpleAllEquals" classname="org.apache.nifi.processors.standard.TestRouteText" time="0.001">
    <system-err><![CDATA[[main] DEBUG org.apache.nifi.processors.standard.RouteText - RouteText[id=91401949-851d-4acf-89cb-a61f41abef98] Adding new dynamic property: PropertyDescriptor[second]
[main] DEBUG org.apache.nifi.processors.standard.RouteText - RouteText[id=91401949-851d-4acf-89cb-a61f41abef98] Adding new dynamic property: PropertyDescriptor[simple]
[pool-4374-thread-1] INFO org.apache.nifi.processors.standard.RouteText - RouteText[id=91401949-851d-4acf-89cb-a61f41abef98] Created FlowFile[2,99015323011799.mockFlowFile,9B] from FlowFile[0,99015323011799.mockFlowFile,26B]; routing to relationship unmatched
[pool-4374-thread-1] INFO org.apache.nifi.processors.standard.RouteText - RouteText[id=91401949-851d-4acf-89cb-a61f41abef98] Created FlowFile[1,99015323011799.mockFlowFile,17B] from FlowFile[0,99015323011799.mockFlowFile,26B]; routing to relationship matched
[pool-4374-thread-1] INFO org.apache.nifi.processors.standard.RouteText - RouteText[id=91401949-851d-4acf-89cb-a61f41abef98] Routing FlowFile[0,99015323011799.mockFlowFile,26B] to original
]]></system-err>
  </testcase>
  <testcase name="testInvalidRegex" classname="org.apache.nifi.processors.standard.TestRouteText" time="0"/>
  <testcase name="testSimpleAllContainRegularExpression" classname="org.apache.nifi.processors.standard.TestRouteText" time="0.001">
    <system-err><![CDATA[[main] DEBUG org.apache.nifi.processors.standard.RouteText - RouteText[id=3b76a9cd-cf76-4c18-880b-7cdff0138cc0] Adding new dynamic property: PropertyDescriptor[second]
[main] DEBUG org.apache.nifi.processors.standard.RouteText - RouteText[id=3b76a9cd-cf76-4c18-880b-7cdff0138cc0] Adding new dynamic property: PropertyDescriptor[simple]
[pool-4375-thread-1] INFO org.apache.nifi.processors.standard.RouteText - RouteText[id=3b76a9cd-cf76-4c18-880b-7cdff0138cc0] Created FlowFile[2,99015323936676.mockFlowFile,9B] from FlowFile[0,99015323936676.mockFlowFile,26B]; routing to relationship unmatched
[pool-4375-thread-1] INFO org.apache.nifi.processors.standard.RouteText - RouteText[id=3b76a9cd-cf76-4c18-880b-7cdff0138cc0] Created FlowFile[1,99015323936676.mockFlowFile,17B] from FlowFile[0,99015323936676.mockFlowFile,26B]; routing to relationship matched
[pool-4375-thread-1] INFO org.apache.nifi.processors.standard.RouteText - RouteText[id=3b76a9cd-cf76-4c18-880b-7cdff0138cc0] Routing FlowFile[0,99015323936676.mockFlowFile,26B] to original
]]></system-err>
  </testcase>
  <testcase name="testSimpleDefaultContains" classname="org.apache.nifi.processors.standard.TestRouteText" time="0.001">
    <system-err><![CDATA[[main] DEBUG org.apache.nifi.processors.standard.RouteText - RouteText[id=4b00541e-d785-4684-92e1-ed7685b482ea] Adding new dynamic property: PropertyDescriptor[simple]
[pool-4376-thread-1] INFO org.apache.nifi.processors.standard.RouteText - RouteText[id=4b00541e-d785-4684-92e1-ed7685b482ea] Created FlowFile[1,99015324591217.mockFlowFile,17B] from FlowFile[0,99015324591217.mockFlowFile,26B]; routing to relationship simple
[pool-4376-thread-1] INFO org.apache.nifi.processors.standard.RouteText - RouteText[id=4b00541e-d785-4684-92e1-ed7685b482ea] Created FlowFile[2,99015324591217.mockFlowFile,9B] from FlowFile[0,99015324591217.mockFlowFile,26B]; routing to relationship unmatched
[pool-4376-thread-1] INFO org.apache.nifi.processors.standard.RouteText - RouteText[id=4b00541e-d785-4684-92e1-ed7685b482ea] Routing FlowFile[0,99015324591217.mockFlowFile,26B] to original
]]></system-err>
  </testcase>
  <testcase name="testNotText" classname="org.apache.nifi.processors.standard.TestRouteText" time="0.015">
    <system-err><![CDATA[[main] DEBUG org.apache.nifi.processors.standard.RouteText - RouteText[id=7ef99d63-4c61-489e-bb72-7b38a4555b54] Adding new dynamic property: PropertyDescriptor[simple]
[pool-4377-thread-1] INFO org.apache.nifi.processors.standard.RouteText - RouteText[id=7ef99d63-4c61-489e-bb72-7b38a4555b54] Created FlowFile[1,simple.jpg,42919B] from FlowFile[0,simple.jpg,25248B]; routing to relationship unmatched
[pool-4377-thread-1] INFO org.apache.nifi.processors.standard.RouteText - RouteText[id=7ef99d63-4c61-489e-bb72-7b38a4555b54] Routing FlowFile[0,simple.jpg,25248B] to original
]]></system-err>
  </testcase>
  <testcase name="testSimpleAllStarts" classname="org.apache.nifi.processors.standard.TestRouteText" time="0">
    <system-err><![CDATA[[main] DEBUG org.apache.nifi.processors.standard.RouteText - RouteText[id=fc89e431-c1b0-4a72-9b22-7952c5cf6951] Adding new dynamic property: PropertyDescriptor[second]
[main] DEBUG org.apache.nifi.processors.standard.RouteText - RouteText[id=fc89e431-c1b0-4a72-9b22-7952c5cf6951] Adding new dynamic property: PropertyDescriptor[simple]
[pool-4378-thread-1] INFO org.apache.nifi.processors.standard.RouteText - RouteText[id=fc89e431-c1b0-4a72-9b22-7952c5cf6951] Created FlowFile[2,99015341292476.mockFlowFile,9B] from FlowFile[0,99015341292476.mockFlowFile,26B]; routing to relationship unmatched
[pool-4378-thread-1] INFO org.apache.nifi.processors.standard.RouteText - RouteText[id=fc89e431-c1b0-4a72-9b22-7952c5cf6951] Created FlowFile[1,99015341292476.mockFlowFile,17B] from FlowFile[0,99015341292476.mockFlowFile,26B]; routing to relationship matched
[pool-4378-thread-1] INFO org.apache.nifi.processors.standard.RouteText - RouteText[id=fc89e431-c1b0-4a72-9b22-7952c5cf6951] Routing FlowFile[0,99015341292476.mockFlowFile,26B] to original
]]></system-err>
  </testcase>
  <testcase name="testRouteOnPropertiesStartsJustCarriageReturn" classname="org.apache.nifi.processors.standard.TestRouteText" time="0.001">
    <system-err><![CDATA[[main] DEBUG org.apache.nifi.processors.standard.RouteText - RouteText[id=f4bdab95-f3d3-4e33-b79d-3e143a6b4bb9] Adding new dynamic property: PropertyDescriptor[simple]
[pool-4379-thread-1] INFO org.apache.nifi.processors.standard.RouteText - RouteText[id=f4bdab95-f3d3-4e33-b79d-3e143a6b4bb9] Created FlowFile[1,99015342101769.mockFlowFile,17B] from FlowFile[0,99015342101769.mockFlowFile,26B]; routing to relationship simple
[pool-4379-thread-1] INFO org.apache.nifi.processors.standard.RouteText - RouteText[id=f4bdab95-f3d3-4e33-b79d-3e143a6b4bb9] Created FlowFile[2,99015342101769.mockFlowFile,9B] from FlowFile[0,99015342101769.mockFlowFile,26B]; routing to relationship unmatched
[pool-4379-thread-1] INFO org.apache.nifi.processors.standard.RouteText - RouteText[id=f4bdab95-f3d3-4e33-b79d-3e143a6b4bb9] Routing FlowFile[0,99015342101769.mockFlowFile,26B] to original
]]></system-err>
  </testcase>
  <testcase name="testSimpleAnyMatchRegularExpression" classname="org.apache.nifi.processors.standard.TestRouteText" time="0.001">
    <system-err><![CDATA[[main] DEBUG org.apache.nifi.processors.standard.RouteText - RouteText[id=0dfa292a-8a6e-49b5-833f-bedd69fed17e] Adding new dynamic property: PropertyDescriptor[simple]
[main] DEBUG org.apache.nifi.processors.standard.RouteText - RouteText[id=0dfa292a-8a6e-49b5-833f-bedd69fed17e] Adding new dynamic property: PropertyDescriptor[no]
[pool-4380-thread-1] INFO org.apache.nifi.processors.standard.RouteText - RouteText[id=0dfa292a-8a6e-49b5-833f-bedd69fed17e] Created FlowFile[2,99015342821410.mockFlowFile,9B] from FlowFile[0,99015342821410.mockFlowFile,26B]; routing to relationship unmatched
[pool-4380-thread-1] INFO org.apache.nifi.processors.standard.RouteText - RouteText[id=0dfa292a-8a6e-49b5-833f-bedd69fed17e] Created FlowFile[1,99015342821410.mockFlowFile,17B] from FlowFile[0,99015342821410.mockFlowFile,26B]; routing to relationship matched
[pool-4380-thread-1] INFO org.apache.nifi.processors.standard.RouteText - RouteText[id=0dfa292a-8a6e-49b5-833f-bedd69fed17e] Routing FlowFile[0,99015342821410.mockFlowFile,26B] to original
]]></system-err>
  </testcase>
</testsuite>