<?xml version="1.0" encoding="UTF-8"?>
<testsuite xmlns:xsi="http://www.w3.org/2001/XMLSchema-instance" xsi:noNamespaceSchemaLocation="https://maven.apache.org/surefire/maven-surefire-plugin/xsd/surefire-test-report-3.0.xsd" version="3.0" name="org.apache.nifi.registry.security.util.ProxiedEntitiesUtilsTest" time="0.449" tests="15" errors="0" skipped="0" failures="0">
  <properties>
    <property name="sun.desktop" value="gnome"/>
    <property name="awt.toolkit" value="sun.awt.X11.XToolkit"/>
    <property name="file.encoding.pkg" value="sun.io"/>
    <property name="java.specification.version" value="1.8"/>
    <property name="sun.cpu.isalist" value=""/>
    <property name="sun.jnu.encoding" value="UTF-8"/>
    <property name="java.class.path" value="/home/alex/Repositories/nifi/nifi-registry/nifi-registry-core/nifi-registry-security-utils/target/test-classes:/home/alex/Repositories/nifi/nifi-registry/nifi-registry-core/nifi-registry-security-utils/target/classes:/home/alex/.m2/repository/org/bouncycastle/bcprov-jdk15on/1.69/bcprov-jdk15on-1.69.jar:/home/alex/.m2/repository/org/bouncycastle/bcpkix-jdk15on/1.69/bcpkix-jdk15on-1.69.jar:/home/alex/.m2/repository/org/bouncycastle/bcutil-jdk15on/1.69/bcutil-jdk15on-1.69.jar:/home/alex/.m2/repository/org/apache/commons/commons-lang3/3.5/commons-lang3-3.5.jar:/home/alex/.m2/repository/org/spockframework/spock-core/1.3-groovy-2.5/spock-core-1.3-groovy-2.5.jar:/home/alex/.m2/repository/junit/junit/4.13.2/junit-4.13.2.jar:/home/alex/.m2/repository/org/hamcrest/hamcrest-core/1.3/hamcrest-core-1.3.jar:/home/alex/.m2/repository/org/codehaus/groovy/groovy-test/2.5.14/groovy-test-2.5.14.jar:/home/alex/.m2/repository/org/codehaus/groovy/groovy/2.5.14/groovy-2.5.14.jar:/home/alex/.m2/repository/org/slf4j/slf4j-api/1.7.32/slf4j-api-1.7.32.jar:/home/alex/.m2/repository/org/junit/jupiter/junit-jupiter-api/5.7.2/junit-jupiter-api-5.7.2.jar:/home/alex/.m2/repository/org/apiguardian/apiguardian-api/1.1.0/apiguardian-api-1.1.0.jar:/home/alex/.m2/repository/org/opentest4j/opentest4j/1.2.0/opentest4j-1.2.0.jar:/home/alex/.m2/repository/org/junit/platform/junit-platform-commons/1.7.2/junit-platform-commons-1.7.2.jar:/home/alex/.m2/repository/org/junit/jupiter/junit-jupiter-engine/5.7.2/junit-jupiter-engine-5.7.2.jar:/home/alex/.m2/repository/org/junit/platform/junit-platform-engine/1.7.2/junit-platform-engine-1.7.2.jar:/home/alex/.m2/repository/org/junit/vintage/junit-vintage-engine/5.7.2/junit-vintage-engine-5.7.2.jar:/home/alex/.m2/repository/org/junit/jupiter/junit-jupiter-params/5.7.2/junit-jupiter-params-5.7.2.jar:/home/alex/.m2/repository/org/mockito/mockito-core/2.28.2/mockito-core-2.28.2.jar:/home/alex/.m2/repository/net/bytebuddy/byte-buddy/1.9.10/byte-buddy-1.9.10.jar:/home/alex/.m2/repository/net/bytebuddy/byte-buddy-agent/1.9.10/byte-buddy-agent-1.9.10.jar:/home/alex/.m2/repository/org/objenesis/objenesis/2.6/objenesis-2.6.jar:/home/alex/.m2/repository/org/mockito/mockito-junit-jupiter/3.11.2/mockito-junit-jupiter-3.11.2.jar:/home/alex/.m2/repository/org/slf4j/slf4j-simple/1.7.32/slf4j-simple-1.7.32.jar:"/>
    <property name="java.vm.vendor" value="Private Build"/>
    <property name="sun.arch.data.model" value="64"/>
    <property name="java.vendor.url" value="http://java.oracle.com/"/>
    <property name="user.timezone" value=""/>
    <property name="user.country.format" value="PT"/>
    <property name="java.vm.specification.version" value="1.8"/>
    <property name="os.name" value="Linux"/>
    <property name="user.country" value="US"/>
    <property name="sun.java.launcher" value="SUN_STANDARD"/>
    <property name="sun.boot.library.path" value="/usr/lib/jvm/java-8-openjdk-amd64/jre/lib/amd64"/>
    <property name="sun.java.command" value="/home/alex/Repositories/nifi/nifi-registry/nifi-registry-core/nifi-registry-security-utils/target/surefire/surefirebooter6977378122110507327.jar /home/alex/Repositories/nifi/nifi-registry/nifi-registry-core/nifi-registry-security-utils/target/surefire 2024-05-02T03-48-26_140-jvmRun1 surefire2048051542620857849tmp surefire_14309125993178553210tmp"/>
    <property name="surefire.test.class.path" value="/home/alex/Repositories/nifi/nifi-registry/nifi-registry-core/nifi-registry-security-utils/target/test-classes:/home/alex/Repositories/nifi/nifi-registry/nifi-registry-core/nifi-registry-security-utils/target/classes:/home/alex/.m2/repository/org/bouncycastle/bcprov-jdk15on/1.69/bcprov-jdk15on-1.69.jar:/home/alex/.m2/repository/org/bouncycastle/bcpkix-jdk15on/1.69/bcpkix-jdk15on-1.69.jar:/home/alex/.m2/repository/org/bouncycastle/bcutil-jdk15on/1.69/bcutil-jdk15on-1.69.jar:/home/alex/.m2/repository/org/apache/commons/commons-lang3/3.5/commons-lang3-3.5.jar:/home/alex/.m2/repository/org/spockframework/spock-core/1.3-groovy-2.5/spock-core-1.3-groovy-2.5.jar:/home/alex/.m2/repository/junit/junit/4.13.2/junit-4.13.2.jar:/home/alex/.m2/repository/org/hamcrest/hamcrest-core/1.3/hamcrest-core-1.3.jar:/home/alex/.m2/repository/org/codehaus/groovy/groovy-test/2.5.14/groovy-test-2.5.14.jar:/home/alex/.m2/repository/org/codehaus/groovy/groovy/2.5.14/groovy-2.5.14.jar:/home/alex/.m2/repository/org/slf4j/slf4j-api/1.7.32/slf4j-api-1.7.32.jar:/home/alex/.m2/repository/org/junit/jupiter/junit-jupiter-api/5.7.2/junit-jupiter-api-5.7.2.jar:/home/alex/.m2/repository/org/apiguardian/apiguardian-api/1.1.0/apiguardian-api-1.1.0.jar:/home/alex/.m2/repository/org/opentest4j/opentest4j/1.2.0/opentest4j-1.2.0.jar:/home/alex/.m2/repository/org/junit/platform/junit-platform-commons/1.7.2/junit-platform-commons-1.7.2.jar:/home/alex/.m2/repository/org/junit/jupiter/junit-jupiter-engine/5.7.2/junit-jupiter-engine-5.7.2.jar:/home/alex/.m2/repository/org/junit/platform/junit-platform-engine/1.7.2/junit-platform-engine-1.7.2.jar:/home/alex/.m2/repository/org/junit/vintage/junit-vintage-engine/5.7.2/junit-vintage-engine-5.7.2.jar:/home/alex/.m2/repository/org/junit/jupiter/junit-jupiter-params/5.7.2/junit-jupiter-params-5.7.2.jar:/home/alex/.m2/repository/org/mockito/mockito-core/2.28.2/mockito-core-2.28.2.jar:/home/alex/.m2/repository/net/bytebuddy/byte-buddy/1.9.10/byte-buddy-1.9.10.jar:/home/alex/.m2/repository/net/bytebuddy/byte-buddy-agent/1.9.10/byte-buddy-agent-1.9.10.jar:/home/alex/.m2/repository/org/objenesis/objenesis/2.6/objenesis-2.6.jar:/home/alex/.m2/repository/org/mockito/mockito-junit-jupiter/3.11.2/mockito-junit-jupiter-3.11.2.jar:/home/alex/.m2/repository/org/slf4j/slf4j-simple/1.7.32/slf4j-simple-1.7.32.jar:"/>
    <property name="sun.cpu.endian" value="little"/>
    <property name="user.home" value="/home/alex"/>
    <property name="user.language" value="en"/>
    <property name="java.specification.vendor" value="Oracle Corporation"/>
    <property name="java.home" value="/usr/lib/jvm/java-8-openjdk-amd64/jre"/>
    <property name="basedir" value="/home/alex/Repositories/nifi/nifi-registry/nifi-registry-core/nifi-registry-security-utils"/>
    <property name="file.separator" value="/"/>
    <property name="line.separator" value="&#10;"/>
    <property name="java.vm.specification.vendor" value="Oracle Corporation"/>
    <property name="java.specification.name" value="Java Platform API Specification"/>
    <property name="java.awt.graphicsenv" value="sun.awt.X11GraphicsEnvironment"/>
    <property name="java.awt.headless" value="true"/>
    <property name="surefire.real.class.path" value="/home/alex/Repositories/nifi/nifi-registry/nifi-registry-core/nifi-registry-security-utils/target/surefire/surefirebooter6977378122110507327.jar"/>
    <property name="sun.boot.class.path" value="/usr/lib/jvm/java-8-openjdk-amd64/jre/lib/resources.jar:/usr/lib/jvm/java-8-openjdk-amd64/jre/lib/rt.jar:/usr/lib/jvm/java-8-openjdk-amd64/jre/lib/sunrsasign.jar:/usr/lib/jvm/java-8-openjdk-amd64/jre/lib/jsse.jar:/usr/lib/jvm/java-8-openjdk-amd64/jre/lib/jce.jar:/usr/lib/jvm/java-8-openjdk-amd64/jre/lib/charsets.jar:/usr/lib/jvm/java-8-openjdk-amd64/jre/lib/jfr.jar:/usr/lib/jvm/java-8-openjdk-amd64/jre/classes"/>
    <property name="sun.management.compiler" value="HotSpot 64-Bit Tiered Compilers"/>
    <property name="java.runtime.version" value="1.8.0_402-8u402-ga-2ubuntu1~22.04-b06"/>
    <property name="java.net.preferIPv4Stack" value="true"/>
    <property name="user.name" value="alex"/>
    <property name="path.separator" value=":"/>
    <property name="os.version" value="6.5.0-28-generic"/>
    <property name="java.endorsed.dirs" value="/usr/lib/jvm/java-8-openjdk-amd64/jre/lib/endorsed"/>
    <property name="java.runtime.name" value="OpenJDK Runtime Environment"/>
    <property name="file.encoding" value="UTF-8"/>
    <property name="java.vm.name" value="OpenJDK 64-Bit Server VM"/>
    <property name="localRepository" value="/home/alex/.m2/repository"/>
    <property name="java.vendor.url.bug" value="http://bugreport.sun.com/bugreport/"/>
    <property name="java.io.tmpdir" value="/tmp"/>
    <property name="java.version" value="1.8.0_402"/>
    <property name="user.dir" value="/home/alex/Repositories/nifi/nifi-registry/nifi-registry-core/nifi-registry-security-utils"/>
    <property name="os.arch" value="amd64"/>
    <property name="java.vm.specification.name" value="Java Virtual Machine Specification"/>
    <property name="java.awt.printerjob" value="sun.print.PSPrinterJob"/>
    <property name="user.language.format" value="pt"/>
    <property name="sun.os.patch.level" value="unknown"/>
    <property name="java.library.path" value="/usr/java/packages/lib/amd64:/usr/lib/x86_64-linux-gnu/jni:/lib/x86_64-linux-gnu:/usr/lib/x86_64-linux-gnu:/usr/lib/jni:/lib:/usr/lib"/>
    <property name="java.vm.info" value="mixed mode"/>
    <property name="java.vendor" value="Private Build"/>
    <property name="java.vm.version" value="25.402-b06"/>
    <property name="java.specification.maintenance.version" value="5"/>
    <property name="java.ext.dirs" value="/usr/lib/jvm/java-8-openjdk-amd64/jre/lib/ext:/usr/java/packages/lib/ext"/>
    <property name="sun.io.unicode.encoding" value="UnicodeLittle"/>
    <property name="java.class.version" value="52.0"/>
  </properties>
  <testcase name="testGetProxiedEntitiesChain" classname="org.apache.nifi.registry.security.util.ProxiedEntitiesUtilsTest" time="0.014"/>
  <testcase name="testTokenizeProxiedEntitiesChainShouldHandleMaliciousUser" classname="org.apache.nifi.registry.security.util.ProxiedEntitiesUtilsTest" time="0.017">
    <system-err><![CDATA[[main] INFO org.apache.nifi.registry.security.util.ProxiedEntitiesUtils -  Provided proxy chain: <jdoe, OU=Apache NiFi\>\<CN=proxy1.nifi.apache.org><proxy1.nifi.apache.org><proxy2.nifi.apache.org>
[main] WARN org.apache.nifi.registry.security.util.ProxiedEntitiesUtils - The provided DN [jdoe, OU=Apache NiFi\>\<CN=proxy1.nifi.apache.org] had been escaped, and was reconstituted to the dangerous DN [jdoe, OU=Apache NiFi><CN=proxy1.nifi.apache.org]
[main] INFO org.apache.nifi.registry.security.util.ProxiedEntitiesUtils - Tokenized proxy chain: ["jdoe, OU=Apache NiFi><CN=proxy1.nifi.apache.org", "proxy1.nifi.apache.org", "proxy2.nifi.apache.org"]
]]></system-err>
  </testcase>
  <testcase name="testShouldTokenizeNestedAnonymous" classname="org.apache.nifi.registry.security.util.ProxiedEntitiesUtilsTest" time="0">
    <system-err><![CDATA[[main] INFO org.apache.nifi.registry.security.util.ProxiedEntitiesUtils -  Provided proxy chain: <CN=proxy1.nifi.apache.org, OU=Apache NiFi><><CN=proxy2.nifi.apache.org, OU=Apache NiFi>
[main] INFO org.apache.nifi.registry.security.util.ProxiedEntitiesUtils - Tokenized proxy chain: [CN=proxy1.nifi.apache.org, OU=Apache NiFi, , CN=proxy2.nifi.apache.org, OU=Apache NiFi]
]]></system-err>
  </testcase>
  <testcase name="testGetProxiedEntitiesChainShouldEncodeUnicode" classname="org.apache.nifi.registry.security.util.ProxiedEntitiesUtilsTest" time="0.001"/>
  <testcase name="testShouldTokenizeProxiedEntitiesChainWithAnonymousUser" classname="org.apache.nifi.registry.security.util.ProxiedEntitiesUtilsTest" time="0.002">
    <system-err><![CDATA[[main] INFO org.apache.nifi.registry.security.util.ProxiedEntitiesUtils -  Provided proxy chain: <><proxy1.nifi.apache.org><proxy2.nifi.apache.org>
[main] INFO org.apache.nifi.registry.security.util.ProxiedEntitiesUtils - Tokenized proxy chain: [, proxy1.nifi.apache.org, proxy2.nifi.apache.org]
]]></system-err>
  </testcase>
  <testcase name="testFormatProxyDnShouldHandleMaliciousInput" classname="org.apache.nifi.registry.security.util.ProxiedEntitiesUtilsTest" time="0.002">
    <system-err><![CDATA[[main] INFO org.apache.nifi.registry.security.util.ProxiedEntitiesUtils -  Provided proxy DN: CN=jdoe, OU=Apache NiFi><CN=proxy1.nifi.apache.org, OU=Apache NiFi
[main] INFO org.apache.nifi.registry.security.util.ProxiedEntitiesUtils -  Expected proxy DN: <CN=jdoe, OU=Apache NiFi\>\<CN=proxy1.nifi.apache.org, OU=Apache NiFi>
[main] WARN org.apache.nifi.registry.security.util.ProxiedEntitiesUtils - The provided DN [CN=jdoe, OU=Apache NiFi><CN=proxy1.nifi.apache.org, OU=Apache NiFi] contained dangerous characters that were escaped to [CN=jdoe, OU=Apache NiFi\>\<CN=proxy1.nifi.apache.org, OU=Apache NiFi]
[main] INFO org.apache.nifi.registry.security.util.ProxiedEntitiesUtils - Forjohned proxy DN: <CN=jdoe, OU=Apache NiFi\>\<CN=proxy1.nifi.apache.org, OU=Apache NiFi>
]]></system-err>
  </testcase>
  <testcase name="testShouldTokenizeAnonymous" classname="org.apache.nifi.registry.security.util.ProxiedEntitiesUtilsTest" time="0">
    <system-err><![CDATA[[main] INFO org.apache.nifi.registry.security.util.ProxiedEntitiesUtils -  Provided proxy chain: <>
[main] INFO org.apache.nifi.registry.security.util.ProxiedEntitiesUtils - Tokenized proxy chain: []
]]></system-err>
  </testcase>
  <testcase name="testGetProxiedEntitiesChainShouldHandleMaliciousInput" classname="org.apache.nifi.registry.security.util.ProxiedEntitiesUtilsTest" time="0">
    <system-err><![CDATA[[main] WARN org.apache.nifi.registry.security.util.ProxiedEntitiesUtils - The provided DN [CN=jdoe, OU=Apache NiFi><CN=proxy1.nifi.apache.org, OU=Apache NiFi] contained dangerous characters that were escaped to [CN=jdoe, OU=Apache NiFi\>\<CN=proxy1.nifi.apache.org, OU=Apache NiFi]
]]></system-err>
  </testcase>
  <testcase name="testSanitizeDnShouldHandleFuzzing" classname="org.apache.nifi.registry.security.util.ProxiedEntitiesUtilsTest" time="0.049">
    <system-err><![CDATA[[main] INFO org.apache.nifi.registry.security.util.ProxiedEntitiesUtils -   Desired name: jdoe |  \u006a \u0064 \u006f \u0065
[main] INFO org.apache.nifi.registry.security.util.ProxiedEntitiesUtils -       Raw name: jdoe, OU=Apache NiFi><CN=proxy1.nifi.apache.org | \u006a \u0064 \u006f \u0065 \u002c \u0020 \u004f \u0055 \u003d \u0041 \u0070 \u0061 \u0063 \u0068 \u0065 \u0020 \u004e \u0069 \u0046 \u0069 \u003e \u003c \u0043 \u004e \u003d \u0070 \u0072 \u006f \u0078 \u0079 \u0031 \u002e \u006e \u0069 \u0066 \u0069 \u002e \u0061 \u0070 \u0061 \u0063 \u0068 \u0065 \u002e \u006f \u0072 \u0067
[main] WARN org.apache.nifi.registry.security.util.ProxiedEntitiesUtils - The provided DN [jdoe, OU=Apache NiFi><CN=proxy1.nifi.apache.org] contained dangerous characters that were escaped to [jdoe, OU=Apache NiFi\>\<CN=proxy1.nifi.apache.org]
[main] INFO org.apache.nifi.registry.security.util.ProxiedEntitiesUtils - Sanitized name: jdoe, OU=Apache NiFi\>\<CN=proxy1.nifi.apache.org | \u006a \u0064 \u006f \u0065 \u002c \u0020 \u004f \u0055 \u003d \u0041 \u0070 \u0061 \u0063 \u0068 \u0065 \u0020 \u004e \u0069 \u0046 \u0069 \u005c \u003e \u005c \u003c \u0043 \u004e \u003d \u0070 \u0072 \u006f \u0078 \u0079 \u0031 \u002e \u006e \u0069 \u0066 \u0069 \u002e \u0061 \u0070 \u0061 \u0063 \u0068 \u0065 \u002e \u006f \u0072 \u0067
[main] INFO org.apache.nifi.registry.security.util.ProxiedEntitiesUtils -       Raw name: jdoe> | \u006a \u0064 \u006f \u0065 \u003e
[main] WARN org.apache.nifi.registry.security.util.ProxiedEntitiesUtils - The provided DN [jdoe>] contained dangerous characters that were escaped to [jdoe\>]
[main] INFO org.apache.nifi.registry.security.util.ProxiedEntitiesUtils - Sanitized name: jdoe\> | \u006a \u0064 \u006f \u0065 \u005c \u003e
[main] INFO org.apache.nifi.registry.security.util.ProxiedEntitiesUtils -       Raw name: jdoe><> | \u006a \u0064 \u006f \u0065 \u003e \u003c \u003e
[main] WARN org.apache.nifi.registry.security.util.ProxiedEntitiesUtils - The provided DN [jdoe><>] contained dangerous characters that were escaped to [jdoe\>\<\>]
[main] INFO org.apache.nifi.registry.security.util.ProxiedEntitiesUtils - Sanitized name: jdoe\>\<\> | \u006a \u0064 \u006f \u0065 \u005c \u003e \u005c \u003c \u005c \u003e
[main] INFO org.apache.nifi.registry.security.util.ProxiedEntitiesUtils -       Raw name: jdoe\> | \u006a \u0064 \u006f \u0065 \u005c \u003e
[main] WARN org.apache.nifi.registry.security.util.ProxiedEntitiesUtils - The provided DN [jdoe\>] contained dangerous characters that were escaped to [jdoe\\>]
[main] INFO org.apache.nifi.registry.security.util.ProxiedEntitiesUtils - Sanitized name: jdoe\\> | \u006a \u0064 \u006f \u0065 \u005c \u005c \u003e
[main] INFO org.apache.nifi.registry.security.util.ProxiedEntitiesUtils -       Raw name: jdoe> | \u006a \u0064 \u006f \u0065 \u003e
[main] WARN org.apache.nifi.registry.security.util.ProxiedEntitiesUtils - The provided DN [jdoe>] contained dangerous characters that were escaped to [jdoe\>]
[main] INFO org.apache.nifi.registry.security.util.ProxiedEntitiesUtils - Sanitized name: jdoe\> | \u006a \u0064 \u006f \u0065 \u005c \u003e
[main] INFO org.apache.nifi.registry.security.util.ProxiedEntitiesUtils -       Raw name: jdoe\> | \u006a \u0064 \u006f \u0065 \u005c \u003e
[main] WARN org.apache.nifi.registry.security.util.ProxiedEntitiesUtils - The provided DN [jdoe\>] contained dangerous characters that were escaped to [jdoe\\>]
[main] INFO org.apache.nifi.registry.security.util.ProxiedEntitiesUtils - Sanitized name: jdoe\\> | \u006a \u0064 \u006f \u0065 \u005c \u005c \u003e
[main] INFO org.apache.nifi.registry.security.util.ProxiedEntitiesUtils -       Raw name: jdoe&amp#0; | \u006a \u0064 \u006f \u0065 \u0000
[main] INFO org.apache.nifi.registry.security.util.ProxiedEntitiesUtils - Sanitized name: jdoe&amp#0; | \u006a \u0064 \u006f \u0065 \u0000
[main] INFO org.apache.nifi.registry.security.util.ProxiedEntitiesUtils -       Raw name: jdoe&amp#8;n | \u006a \u0064 \u006f \u0065 \u0008 \u006e
[main] INFO org.apache.nifi.registry.security.util.ProxiedEntitiesUtils - Sanitized name: jdoe&amp#8;n | \u006a \u0064 \u006f \u0065 \u0008 \u006e
]]></system-err>
  </testcase>
  <testcase name="testTokenizeProxiedEntitiesChainShouldDecodeNonAsciiValues" classname="org.apache.nifi.registry.security.util.ProxiedEntitiesUtilsTest" time="0.001">
    <system-err><![CDATA[[main] INFO org.apache.nifi.registry.security.util.ProxiedEntitiesUtils -  Provided proxy chain: <jdoe><<Q0490JDQu9C50YEsIE9VPUFwYWNoZSBOaUZp>><<Q0490JHQvtCxLCBPVT1BcGFjaGUgTmlGaQ==>>
[main] INFO org.apache.nifi.registry.security.util.ProxiedEntitiesUtils - Tokenized proxy chain: ["jdoe", "CN=Алйс, OU=Apache NiFi", "CN=Боб, OU=Apache NiFi"]
]]></system-err>
  </testcase>
  <testcase name="testFormatProxyDnShouldEncodeNonAsciiCharacters" classname="org.apache.nifi.registry.security.util.ProxiedEntitiesUtilsTest" time="0">
    <system-err><![CDATA[[main] INFO org.apache.nifi.registry.security.util.ProxiedEntitiesUtils -  Provided DN: CN=Алйс, OU=Apache NiFi
[main] INFO org.apache.nifi.registry.security.util.ProxiedEntitiesUtils -  Expected DN: expected
[main] INFO org.apache.nifi.registry.security.util.ProxiedEntitiesUtils - Formatted DN: <<Q0490JDQu9C50YEsIE9VPUFwYWNoZSBOaUZp>>
]]></system-err>
  </testcase>
  <testcase name="testShouldTokenizeProxiedEntitiesChainWithUserNames" classname="org.apache.nifi.registry.security.util.ProxiedEntitiesUtilsTest" time="0.001">
    <system-err><![CDATA[[main] INFO org.apache.nifi.registry.security.util.ProxiedEntitiesUtils -  Provided proxy chain: <jdoe><proxy1.nifi.apache.org><proxy2.nifi.apache.org>
[main] INFO org.apache.nifi.registry.security.util.ProxiedEntitiesUtils - Tokenized proxy chain: [jdoe, proxy1.nifi.apache.org, proxy2.nifi.apache.org]
]]></system-err>
  </testcase>
  <testcase name="testShouldTokenizeProxiedEntitiesChainWithDNs" classname="org.apache.nifi.registry.security.util.ProxiedEntitiesUtilsTest" time="0.001">
    <system-err><![CDATA[[main] INFO org.apache.nifi.registry.security.util.ProxiedEntitiesUtils -  Provided proxy chain: <CN=jdoe, OU=Apache NiFi><CN=proxy1.nifi.apache.org, OU=Apache NiFi><CN=proxy2.nifi.apache.org, OU=Apache NiFi>
[main] INFO org.apache.nifi.registry.security.util.ProxiedEntitiesUtils - Tokenized proxy chain: ["CN=jdoe, OU=Apache NiFi", "CN=proxy1.nifi.apache.org, OU=Apache NiFi", "CN=proxy2.nifi.apache.org, OU=Apache NiFi"]
]]></system-err>
  </testcase>
  <testcase name="testShouldTokenizeDoubleAnonymous" classname="org.apache.nifi.registry.security.util.ProxiedEntitiesUtilsTest" time="0">
    <system-err><![CDATA[[main] INFO org.apache.nifi.registry.security.util.ProxiedEntitiesUtils -  Provided proxy chain: <><>
[main] INFO org.apache.nifi.registry.security.util.ProxiedEntitiesUtils - Tokenized proxy chain: [, ]
]]></system-err>
  </testcase>
  <testcase name="testShouldFormatProxyDn" classname="org.apache.nifi.registry.security.util.ProxiedEntitiesUtilsTest" time="0.001">
    <system-err><![CDATA[[main] INFO org.apache.nifi.registry.security.util.ProxiedEntitiesUtils -  Provided proxy DN: CN=jdoe, OU=Apache NiFi
[main] INFO org.apache.nifi.registry.security.util.ProxiedEntitiesUtils -  Expected proxy DN: <CN=jdoe, OU=Apache NiFi>
[main] INFO org.apache.nifi.registry.security.util.ProxiedEntitiesUtils - Forjohned proxy DN: <CN=jdoe, OU=Apache NiFi>
]]></system-err>
  </testcase>
</testsuite>