<?xml version="1.0" encoding="UTF-8"?>
<testsuite xmlns:xsi="http://www.w3.org/2001/XMLSchema-instance" xsi:noNamespaceSchemaLocation="https://maven.apache.org/surefire/maven-surefire-plugin/xsd/surefire-test-report-3.0.xsd" version="3.0" name="org.apache.nifi.processors.standard.TestEvaluateXQuery" time="1.186" tests="25" errors="0" skipped="0" failures="0">
  <properties>
    <property name="sun.desktop" value="gnome"/>
    <property name="awt.toolkit" value="sun.awt.X11.XToolkit"/>
    <property name="file.encoding.pkg" value="sun.io"/>
    <property name="java.specification.version" value="1.8"/>
    <property name="sun.cpu.isalist" value=""/>
    <property name="sun.jnu.encoding" value="UTF-8"/>
    <property name="java.class.path" value="/home/alex/Repositories/nifi/nifi-nar-bundles/nifi-standard-bundle/nifi-standard-processors/target/test-classes:/home/alex/Repositories/nifi/nifi-nar-bundles/nifi-standard-bundle/nifi-standard-processors/target/classes:/home/alex/.m2/repository/org/apache/ftpserver/ftpserver-core/1.1.1/ftpserver-core-1.1.1.jar:/home/alex/.m2/repository/org/apache/ftpserver/ftplet-api/1.1.1/ftplet-api-1.1.1.jar:/home/alex/.m2/repository/org/slf4j/slf4j-api/1.7.32/slf4j-api-1.7.32.jar:/home/alex/.m2/repository/org/apache/mina/mina-core/2.0.16/mina-core-2.0.16.jar:/home/alex/Repositories/nifi/nifi-api/target/classes:/home/alex/Repositories/nifi/nifi-commons/nifi-expression-language/target/classes:/home/alex/.m2/repository/org/antlr/antlr-runtime/3.5.2/antlr-runtime-3.5.2.jar:/home/alex/Repositories/nifi/nifi-commons/nifi-parameter/target/classes:/home/alex/Repositories/nifi/nifi-commons/nifi-uuid5/target/classes:/home/alex/.m2/repository/org/apache/commons/commons-text/1.8/commons-text-1.8.jar:/home/alex/Repositories/nifi/nifi-nar-bundles/nifi-extension-utils/nifi-processor-utils/target/classes:/home/alex/Repositories/nifi/nifi-commons/nifi-security-socket-ssl/target/classes:/home/alex/Repositories/nifi/nifi-nar-bundles/nifi-extension-utils/nifi-event-transport/target/classes:/home/alex/.m2/repository/io/netty/netty-handler/4.1.69.Final/netty-handler-4.1.69.Final.jar:/home/alex/.m2/repository/io/netty/netty-common/4.1.69.Final/netty-common-4.1.69.Final.jar:/home/alex/.m2/repository/io/netty/netty-resolver/4.1.69.Final/netty-resolver-4.1.69.Final.jar:/home/alex/.m2/repository/io/netty/netty-transport/4.1.69.Final/netty-transport-4.1.69.Final.jar:/home/alex/.m2/repository/io/netty/netty-codec/4.1.69.Final/netty-codec-4.1.69.Final.jar:/home/alex/Repositories/nifi/nifi-nar-bundles/nifi-extension-utils/nifi-syslog-utils/target/classes:/home/alex/.m2/repository/com/github/palindromicity/simple-syslog-5424/0.0.16/simple-syslog-5424-0.0.16.jar:/home/alex/.m2/repository/org/antlr/antlr4-runtime/4.7.2/antlr4-runtime-4.7.2.jar:/home/alex/Repositories/nifi/nifi-commons/nifi-utils/target/classes:/home/alex/Repositories/nifi/nifi-commons/nifi-record-path/target/classes:/home/alex/Repositories/nifi/nifi-commons/nifi-properties/target/classes:/home/alex/Repositories/nifi/nifi-commons/nifi-property-utils/target/classes:/home/alex/.m2/repository/com/github/ben-manes/caffeine/caffeine/2.8.1/caffeine-2.8.1.jar:/home/alex/Repositories/nifi/nifi-nar-bundles/nifi-standard-services/nifi-ssl-context-service-api/target/classes:/home/alex/Repositories/nifi/nifi-commons/nifi-security-utils-api/target/classes:/home/alex/Repositories/nifi/nifi-nar-bundles/nifi-standard-services/nifi-lookup-service-api/target/classes:/home/alex/Repositories/nifi/nifi-commons/nifi-flowfile-packager/target/classes:/home/alex/Repositories/nifi/nifi-nar-bundles/nifi-standard-services/nifi-distributed-cache-client-service-api/target/classes:/home/alex/Repositories/nifi/nifi-nar-bundles/nifi-standard-services/nifi-http-context-map-api/target/classes:/home/alex/Repositories/nifi/nifi-nar-bundles/nifi-standard-services/nifi-record-serialization-service-api/target/classes:/home/alex/Repositories/nifi/nifi-nar-bundles/nifi-standard-services/nifi-proxy-configuration-api/target/classes:/home/alex/Repositories/nifi/nifi-commons/nifi-record/target/classes:/home/alex/Repositories/nifi/nifi-nar-bundles/nifi-standard-services/nifi-record-sink-api/target/classes:/home/alex/.m2/repository/commons-io/commons-io/2.10.0/commons-io-2.10.0.jar:/home/alex/.m2/repository/javax/ws/rs/javax.ws.rs-api/2.1/javax.ws.rs-api-2.1.jar:/home/alex/.m2/repository/commons-net/commons-net/3.6/commons-net-3.6.jar:/home/alex/.m2/repository/org/apache/commons/commons-compress/1.21/commons-compress-1.21.jar:/home/alex/.m2/repository/org/apache/commons/commons-lang3/3.9/commons-lang3-3.9.jar:/home/alex/.m2/repository/org/bouncycastle/bcprov-jdk15on/1.69/bcprov-jdk15on-1.69.jar:/home/alex/.m2/repository/org/bouncycastle/bcpg-jdk15on/1.69/bcpg-jdk15on-1.69.jar:/home/alex/.m2/repository/org/bouncycastle/bcpkix-jdk15on/1.69/bcpkix-jdk15on-1.69.jar:/home/alex/.m2/repository/org/bouncycastle/bcutil-jdk15on/1.69/bcutil-jdk15on-1.69.jar:/home/alex/.m2/repository/commons-codec/commons-codec/1.14/commons-codec-1.14.jar:/home/alex/Repositories/nifi/nifi-commons/nifi-security-utils/target/classes:/home/alex/Repositories/nifi/nifi-commons/nifi-security-kms/target/classes:/home/alex/.m2/repository/org/apache/commons/commons-configuration2/2.7/commons-configuration2-2.7.jar:/home/alex/.m2/repository/com/hierynomus/sshj/0.32.0/sshj-0.32.0.jar:/home/alex/.m2/repository/com/jcraft/jzlib/1.1.3/jzlib-1.1.3.jar:/home/alex/.m2/repository/com/hierynomus/asn-one/0.6.0/asn-one-0.6.0.jar:/home/alex/.m2/repository/net/i2p/crypto/eddsa/0.3.0/eddsa-0.3.0.jar:/home/alex/.m2/repository/org/eclipse/jetty/jetty-server/9.4.44.v20210927/jetty-server-9.4.44.v20210927.jar:/home/alex/.m2/repository/javax/servlet/javax.servlet-api/3.1.0/javax.servlet-api-3.1.0.jar:/home/alex/.m2/repository/org/eclipse/jetty/jetty-http/9.4.44.v20210927/jetty-http-9.4.44.v20210927.jar:/home/alex/.m2/repository/org/eclipse/jetty/jetty-util/9.4.44.v20210927/jetty-util-9.4.44.v20210927.jar:/home/alex/.m2/repository/org/eclipse/jetty/jetty-io/9.4.44.v20210927/jetty-io-9.4.44.v20210927.jar:/home/alex/.m2/repository/org/eclipse/jetty/jetty-servlet/9.4.44.v20210927/jetty-servlet-9.4.44.v20210927.jar:/home/alex/.m2/repository/org/eclipse/jetty/jetty-security/9.4.44.v20210927/jetty-security-9.4.44.v20210927.jar:/home/alex/.m2/repository/org/eclipse/jetty/jetty-util-ajax/9.4.44.v20210927/jetty-util-ajax-9.4.44.v20210927.jar:/home/alex/.m2/repository/org/apache/httpcomponents/httpclient/4.5.5/httpclient-4.5.5.jar:/home/alex/.m2/repository/commons-logging/commons-logging/1.2/commons-logging-1.2.jar:/home/alex/.m2/repository/org/apache/httpcomponents/httpcore/4.4.9/httpcore-4.4.9.jar:/home/alex/.m2/repository/jakarta/activation/jakarta.activation-api/2.0.1/jakarta.activation-api-2.0.1.jar:/home/alex/.m2/repository/com/sun/activation/jakarta.activation/2.0.1/jakarta.activation-2.0.1.jar:/home/alex/.m2/repository/jakarta/mail/jakarta.mail-api/2.0.1/jakarta.mail-api-2.0.1.jar:/home/alex/.m2/repository/com/sun/mail/jakarta.mail/2.0.1/jakarta.mail-2.0.1.jar:/home/alex/.m2/repository/com/github/jponge/lzma-java/1.3/lzma-java-1.3.jar:/home/alex/.m2/repository/org/tukaani/xz/1.8/xz-1.8.jar:/home/alex/.m2/repository/net/sf/saxon/Saxon-HE/10.6/Saxon-HE-10.6.jar:/home/alex/Repositories/nifi/nifi-commons/nifi-socket-utils/target/classes:/home/alex/Repositories/nifi/nifi-commons/nifi-logging-utils/target/classes:/home/alex/Repositories/nifi/nifi-nar-bundles/nifi-standard-services/nifi-load-distribution-service-api/target/classes:/home/alex/.m2/repository/javax/jms/javax.jms-api/2.0.1/javax.jms-api-2.0.1.jar:/home/alex/.m2/repository/org/apache/activemq/activemq-client/5.15.15/activemq-client-5.15.15.jar:/home/alex/.m2/repository/org/apache/geronimo/specs/geronimo-jms_1.1_spec/1.1.1/geronimo-jms_1.1_spec-1.1.1.jar:/home/alex/.m2/repository/org/fusesource/hawtbuf/hawtbuf/1.11/hawtbuf-1.11.jar:/home/alex/.m2/repository/org/apache/geronimo/specs/geronimo-j2ee-management_1.1_spec/1.0.1/geronimo-j2ee-management_1.1_spec-1.0.1.jar:/home/alex/.m2/repository/com/jayway/jsonpath/json-path/2.6.0/json-path-2.6.0.jar:/home/alex/.m2/repository/net/minidev/json-smart/2.4.7/json-smart-2.4.7.jar:/home/alex/.m2/repository/net/minidev/accessors-smart/2.4.7/accessors-smart-2.4.7.jar:/home/alex/.m2/repository/org/ow2/asm/asm/9.1/asm-9.1.jar:/home/alex/.m2/repository/org/apache/tika/tika-core/1.26/tika-core-1.26.jar:/home/alex/.m2/repository/com/fasterxml/jackson/core/jackson-databind/2.12.3/jackson-databind-2.12.3.jar:/home/alex/.m2/repository/com/fasterxml/jackson/core/jackson-annotations/2.12.3/jackson-annotations-2.12.3.jar:/home/alex/.m2/repository/com/fasterxml/jackson/core/jackson-core/2.12.3/jackson-core-2.12.3.jar:/home/alex/Repositories/nifi/nifi-nar-bundles/nifi-extension-utils/nifi-record-utils/nifi-avro-record-utils/target/classes:/home/alex/Repositories/nifi/nifi-nar-bundles/nifi-extension-utils/nifi-record-utils/nifi-standard-record-utils/target/classes:/home/alex/.m2/repository/org/apache/avro/avro/1.8.1/avro-1.8.1.jar:/home/alex/.m2/repository/org/codehaus/jackson/jackson-core-asl/1.9.13/jackson-core-asl-1.9.13.jar:/home/alex/.m2/repository/org/codehaus/jackson/jackson-mapper-asl/1.9.13/jackson-mapper-asl-1.9.13.jar:/home/alex/.m2/repository/com/thoughtworks/paranamer/paranamer/2.7/paranamer-2.7.jar:/home/alex/Repositories/nifi/nifi-nar-bundles/nifi-standard-services/nifi-dbcp-service-api/target/classes:/home/alex/.m2/repository/com/squareup/okhttp3/okhttp/4.9.2/okhttp-4.9.2.jar:/home/alex/.m2/repository/com/squareup/okio/okio/2.8.0/okio-2.8.0.jar:/home/alex/.m2/repository/org/jetbrains/kotlin/kotlin-stdlib-common/1.4.0/kotlin-stdlib-common-1.4.0.jar:/home/alex/.m2/repository/org/jetbrains/kotlin/kotlin-stdlib/1.4.10/kotlin-stdlib-1.4.10.jar:/home/alex/.m2/repository/org/jetbrains/annotations/13.0/annotations-13.0.jar:/home/alex/.m2/repository/io/github/rburgst/okhttp-digest/2.5/okhttp-digest-2.5.jar:/home/alex/.m2/repository/at/favre/lib/bcrypt/0.9.0/bcrypt-0.9.0.jar:/home/alex/.m2/repository/at/favre/lib/bytes/1.3.0/bytes-1.3.0.jar:/home/alex/.m2/repository/com/google/guava/guava/28.0-jre/guava-28.0-jre.jar:/home/alex/.m2/repository/com/google/guava/failureaccess/1.0.1/failureaccess-1.0.1.jar:/home/alex/.m2/repository/com/google/guava/listenablefuture/9999.0-empty-to-avoid-conflict-with-guava/listenablefuture-9999.0-empty-to-avoid-conflict-with-guava.jar:/home/alex/.m2/repository/com/google/code/findbugs/jsr305/3.0.2/jsr305-3.0.2.jar:/home/alex/.m2/repository/org/checkerframework/checker-qual/2.8.1/checker-qual-2.8.1.jar:/home/alex/.m2/repository/com/google/errorprone/error_prone_annotations/2.3.2/error_prone_annotations-2.3.2.jar:/home/alex/.m2/repository/com/google/j2objc/j2objc-annotations/1.3/j2objc-annotations-1.3.jar:/home/alex/.m2/repository/org/codehaus/mojo/animal-sniffer-annotations/1.17/animal-sniffer-annotations-1.17.jar:/home/alex/Repositories/nifi/nifi-mock/target/classes:/home/alex/Repositories/nifi/nifi-framework-api/target/classes:/home/alex/Repositories/nifi/nifi-nar-bundles/nifi-framework-bundle/nifi-framework/nifi-framework-core-api/target/classes:/home/alex/Repositories/nifi/nifi-nar-bundles/nifi-framework-bundle/nifi-framework/nifi-framework-nar-utils/target/classes:/home/alex/Repositories/nifi/nifi-nar-bundles/nifi-framework-bundle/nifi-framework/nifi-client-dto/target/classes:/home/alex/.m2/repository/io/swagger/swagger-annotations/1.6.0/swagger-annotations-1.6.0.jar:/home/alex/Repositories/nifi/nifi-commons/nifi-site-to-site-client/target/classes:/home/alex/.m2/repository/org/apache/httpcomponents/httpasyncclient/4.1.4/httpasyncclient-4.1.4.jar:/home/alex/.m2/repository/org/apache/httpcomponents/httpcore-nio/4.4.10/httpcore-nio-4.4.10.jar:/home/alex/Repositories/nifi/nifi-nar-bundles/nifi-framework-bundle/nifi-framework/nifi-framework-authorization/target/classes:/home/alex/Repositories/nifi/nifi-registry/nifi-registry-core/nifi-registry-data-model/target/classes:/home/alex/Repositories/nifi/nifi-registry/nifi-registry-core/nifi-registry-revision/nifi-registry-revision-entity-model/target/classes:/home/alex/Repositories/nifi/nifi-registry/nifi-registry-core/nifi-registry-client/target/classes:/home/alex/Repositories/nifi/nifi-registry/nifi-registry-core/nifi-registry-security-utils/target/classes:/home/alex/.m2/repository/org/glassfish/jersey/core/jersey-client/2.33/jersey-client-2.33.jar:/home/alex/.m2/repository/jakarta/ws/rs/jakarta.ws.rs-api/2.1.6/jakarta.ws.rs-api-2.1.6.jar:/home/alex/.m2/repository/org/glassfish/hk2/external/jakarta.inject/2.6.1/jakarta.inject-2.6.1.jar:/home/alex/.m2/repository/org/glassfish/jersey/media/jersey-media-json-jackson/2.33/jersey-media-json-jackson-2.33.jar:/home/alex/.m2/repository/org/glassfish/jersey/ext/jersey-entity-filtering/2.33/jersey-entity-filtering-2.33.jar:/home/alex/.m2/repository/org/glassfish/jersey/inject/jersey-hk2/2.33/jersey-hk2-2.33.jar:/home/alex/.m2/repository/org/glassfish/hk2/hk2-locator/2.6.1/hk2-locator-2.6.1.jar:/home/alex/.m2/repository/org/glassfish/hk2/external/aopalliance-repackaged/2.6.1/aopalliance-repackaged-2.6.1.jar:/home/alex/.m2/repository/org/glassfish/hk2/hk2-api/2.6.1/hk2-api-2.6.1.jar:/home/alex/.m2/repository/org/glassfish/hk2/hk2-utils/2.6.1/hk2-utils-2.6.1.jar:/home/alex/.m2/repository/org/javassist/javassist/3.25.0-GA/javassist-3.25.0-GA.jar:/home/alex/.m2/repository/org/glassfish/jersey/core/jersey-common/2.33/jersey-common-2.33.jar:/home/alex/.m2/repository/jakarta/annotation/jakarta.annotation-api/1.3.5/jakarta.annotation-api-1.3.5.jar:/home/alex/.m2/repository/org/glassfish/hk2/osgi-resource-locator/1.0.3/osgi-resource-locator-1.0.3.jar:/home/alex/.m2/repository/org/glassfish/jersey/media/jersey-media-multipart/2.33/jersey-media-multipart-2.33.jar:/home/alex/.m2/repository/org/jvnet/mimepull/mimepull/1.9.13/mimepull-1.9.13.jar:/home/alex/Repositories/nifi/nifi-commons/nifi-data-provenance-utils/target/classes:/home/alex/Repositories/nifi/nifi-nar-bundles/nifi-standard-services/nifi-distributed-cache-services-bundle/nifi-distributed-cache-client-service/target/classes:/home/alex/Repositories/nifi/nifi-nar-bundles/nifi-standard-services/nifi-distributed-cache-services-bundle/nifi-distributed-cache-protocol/target/classes:/home/alex/.m2/repository/io/netty/netty-buffer/4.1.69.Final/netty-buffer-4.1.69.Final.jar:/home/alex/.m2/repository/com/google/http-client/google-http-client/1.28.0/google-http-client-1.28.0.jar:/home/alex/.m2/repository/io/opencensus/opencensus-api/0.18.0/opencensus-api-0.18.0.jar:/home/alex/.m2/repository/io/grpc/grpc-context/1.14.0/grpc-context-1.14.0.jar:/home/alex/.m2/repository/io/opencensus/opencensus-contrib-http-util/0.18.0/opencensus-contrib-http-util-0.18.0.jar:/home/alex/.m2/repository/org/apache/activemq/activemq-broker/5.15.14/activemq-broker-5.15.14.jar:/home/alex/.m2/repository/org/apache/activemq/activemq-openwire-legacy/5.15.14/activemq-openwire-legacy-5.15.14.jar:/home/alex/Repositories/nifi/nifi-nar-bundles/nifi-standard-services/nifi-ssl-context-bundle/nifi-ssl-context-service/target/classes:/home/alex/Repositories/nifi/nifi-nar-bundles/nifi-framework-bundle/nifi-framework/nifi-standard-prioritizers/target/classes:/home/alex/Repositories/nifi/nifi-nar-bundles/nifi-extension-utils/nifi-record-utils/nifi-mock-record-utils/target/classes:/home/alex/Repositories/nifi/nifi-nar-bundles/nifi-standard-services/nifi-record-serialization-services-bundle/nifi-record-serialization-services/target/classes:/home/alex/.m2/repository/org/apache/commons/commons-csv/1.8/commons-csv-1.8.jar:/home/alex/.m2/repository/com/fasterxml/jackson/dataformat/jackson-dataformat-csv/2.12.3/jackson-dataformat-csv-2.12.3.jar:/home/alex/.m2/repository/net/java/dev/stax-utils/stax-utils/20070216/stax-utils-20070216.jar:/home/alex/Repositories/nifi/nifi-nar-bundles/nifi-standard-services/nifi-lookup-services-bundle/nifi-lookup-services/target/classes:/home/alex/.m2/repository/commons-beanutils/commons-beanutils/1.9.4/commons-beanutils-1.9.4.jar:/home/alex/.m2/repository/commons-collections/commons-collections/3.2.2/commons-collections-3.2.2.jar:/home/alex/.m2/repository/com/maxmind/geoip2/geoip2/2.12.0/geoip2-2.12.0.jar:/home/alex/.m2/repository/com/maxmind/db/maxmind-db/1.2.2/maxmind-db-1.2.2.jar:/home/alex/.m2/repository/org/apache/derby/derby/10.14.2.0/derby-10.14.2.0.jar:/home/alex/.m2/repository/org/xerial/snappy/snappy-java/1.1.7.3/snappy-java-1.1.7.3.jar:/home/alex/.m2/repository/net/lingala/zip4j/zip4j/2.8.0/zip4j-2.8.0.jar:/home/alex/.m2/repository/com/h2database/h2/1.4.187/h2-1.4.187.jar:/home/alex/.m2/repository/org/mockftpserver/MockFtpServer/2.7.1/MockFtpServer-2.7.1.jar:/home/alex/.m2/repository/org/apache/sshd/sshd-core/1.7.0/sshd-core-1.7.0.jar:/home/alex/.m2/repository/com/bazaarvoice/jolt/jolt-core/0.1.1/jolt-core-0.1.1.jar:/home/alex/.m2/repository/javax/inject/javax.inject/1/javax.inject-1.jar:/home/alex/.m2/repository/com/bazaarvoice/jolt/json-utils/0.1.1/json-utils-0.1.1.jar:/home/alex/Repositories/nifi/nifi-nar-bundles/nifi-standard-bundle/nifi-standard-utils/target/classes:/home/alex/.m2/repository/net/sf/supercsv/super-csv/2.4.0/super-csv-2.4.0.jar:/home/alex/.m2/repository/com/fluenda/parcefone/2.1.0/parcefone-2.1.0.jar:/home/alex/.m2/repository/javax/validation/validation-api/1.1.0.Final/validation-api-1.1.0.Final.jar:/home/alex/.m2/repository/javax/el/javax.el-api/3.0.0/javax.el-api-3.0.0.jar:/home/alex/.m2/repository/com/github/wnameless/json/json-flattener/0.12.0/json-flattener-0.12.0.jar:/home/alex/.m2/repository/com/github/wnameless/json/json-base/2.0.0/json-base-2.0.0.jar:/home/alex/.m2/repository/org/apache/bval/bval-jsr/1.1.2/bval-jsr-1.1.2.jar:/home/alex/.m2/repository/org/apache/bval/bval-core/1.1.2/bval-core-1.1.2.jar:/home/alex/.m2/repository/io/krakens/java-grok/0.1.9/java-grok-0.1.9.jar:/home/alex/.m2/repository/org/apache/calcite/calcite-core/1.27.0/calcite-core-1.27.0.jar:/home/alex/.m2/repository/org/apache/calcite/calcite-linq4j/1.27.0/calcite-linq4j-1.27.0.jar:/home/alex/.m2/repository/com/esri/geometry/esri-geometry-api/2.2.0/esri-geometry-api-2.2.0.jar:/home/alex/.m2/repository/org/apache/calcite/avatica/avatica-core/1.18.0/avatica-core-1.18.0.jar:/home/alex/.m2/repository/org/apache/calcite/avatica/avatica-metrics/1.18.0/avatica-metrics-1.18.0.jar:/home/alex/.m2/repository/com/google/protobuf/protobuf-java/3.6.1/protobuf-java-3.6.1.jar:/home/alex/.m2/repository/org/apiguardian/apiguardian-api/1.1.0/apiguardian-api-1.1.0.jar:/home/alex/.m2/repository/com/fasterxml/jackson/dataformat/jackson-dataformat-yaml/2.10.0/jackson-dataformat-yaml-2.10.0.jar:/home/alex/.m2/repository/org/yaml/snakeyaml/1.29/snakeyaml-1.29.jar:/home/alex/.m2/repository/com/google/uzaygezen/uzaygezen-core/0.2/uzaygezen-core-0.2.jar:/home/alex/.m2/repository/com/yahoo/datasketches/sketches-core/0.9.0/sketches-core-0.9.0.jar:/home/alex/.m2/repository/com/yahoo/datasketches/memory/0.9.0/memory-0.9.0.jar:/home/alex/.m2/repository/net/hydromatic/aggdesigner-algorithm/6.0/aggdesigner-algorithm-6.0.jar:/home/alex/.m2/repository/commons-lang/commons-lang/2.4/commons-lang-2.4.jar:/home/alex/.m2/repository/org/apache/commons/commons-dbcp2/2.6.0/commons-dbcp2-2.6.0.jar:/home/alex/.m2/repository/org/apache/commons/commons-pool2/2.6.1/commons-pool2-2.6.1.jar:/home/alex/.m2/repository/org/codehaus/janino/commons-compiler/3.0.11/commons-compiler-3.0.11.jar:/home/alex/.m2/repository/org/codehaus/janino/janino/3.0.11/janino-3.0.11.jar:/home/alex/Repositories/nifi/nifi-nar-bundles/nifi-standard-services/nifi-schema-registry-service-api/target/classes:/home/alex/Repositories/nifi/nifi-nar-bundles/nifi-extension-utils/nifi-database-utils/target/classes:/home/alex/Repositories/nifi/nifi-nar-bundles/nifi-standard-bundle/nifi-standard-web-test-utils/target/classes:/home/alex/.m2/repository/com/github/stefanbirkner/fake-sftp-server-rule/2.0.1/fake-sftp-server-rule-2.0.1.jar:/home/alex/.m2/repository/com/github/marschall/memoryfilesystem/2.8.0/memoryfilesystem-2.8.0.jar:/home/alex/.m2/repository/junit/junit/4.13.2/junit-4.13.2.jar:/home/alex/.m2/repository/org/hamcrest/hamcrest-core/1.3/hamcrest-core-1.3.jar:/home/alex/Repositories/nifi/nifi-nar-bundles/nifi-extension-utils/nifi-database-test-utils/target/classes:/home/alex/.m2/repository/org/codehaus/groovy/groovy-json/2.5.14/groovy-json-2.5.14.jar:/home/alex/.m2/repository/org/codehaus/groovy/groovy/2.5.14/groovy-2.5.14.jar:/home/alex/.m2/repository/org/codehaus/groovy/groovy-servlet/2.5.14/groovy-servlet-2.5.14.jar:/home/alex/.m2/repository/org/codehaus/groovy/groovy-templates/2.5.14/groovy-templates-2.5.14.jar:/home/alex/.m2/repository/org/codehaus/groovy/groovy-xml/2.5.14/groovy-xml-2.5.14.jar:/home/alex/.m2/repository/org/hamcrest/hamcrest-all/1.3/hamcrest-all-1.3.jar:/home/alex/.m2/repository/com/squareup/okhttp3/mockwebserver/4.9.2/mockwebserver-4.9.2.jar:/home/alex/.m2/repository/org/jetbrains/kotlin/kotlin-stdlib-jdk8/1.4.10/kotlin-stdlib-jdk8-1.4.10.jar:/home/alex/.m2/repository/org/jetbrains/kotlin/kotlin-stdlib-jdk7/1.4.10/kotlin-stdlib-jdk7-1.4.10.jar:/home/alex/.m2/repository/org/mockito/mockito-inline/3.12.4/mockito-inline-3.12.4.jar:/home/alex/.m2/repository/org/junit/jupiter/junit-jupiter-api/5.7.2/junit-jupiter-api-5.7.2.jar:/home/alex/.m2/repository/org/opentest4j/opentest4j/1.2.0/opentest4j-1.2.0.jar:/home/alex/.m2/repository/org/junit/platform/junit-platform-commons/1.7.2/junit-platform-commons-1.7.2.jar:/home/alex/.m2/repository/org/junit/jupiter/junit-jupiter-engine/5.7.2/junit-jupiter-engine-5.7.2.jar:/home/alex/.m2/repository/org/junit/platform/junit-platform-engine/1.7.2/junit-platform-engine-1.7.2.jar:/home/alex/.m2/repository/org/junit/vintage/junit-vintage-engine/5.7.2/junit-vintage-engine-5.7.2.jar:/home/alex/.m2/repository/org/junit/jupiter/junit-jupiter-params/5.7.2/junit-jupiter-params-5.7.2.jar:/home/alex/.m2/repository/org/mockito/mockito-core/3.11.2/mockito-core-3.11.2.jar:/home/alex/.m2/repository/net/bytebuddy/byte-buddy/1.11.3/byte-buddy-1.11.3.jar:/home/alex/.m2/repository/net/bytebuddy/byte-buddy-agent/1.11.3/byte-buddy-agent-1.11.3.jar:/home/alex/.m2/repository/org/objenesis/objenesis/3.2/objenesis-3.2.jar:/home/alex/.m2/repository/org/mockito/mockito-junit-jupiter/3.11.2/mockito-junit-jupiter-3.11.2.jar:/home/alex/.m2/repository/org/slf4j/slf4j-simple/1.7.32/slf4j-simple-1.7.32.jar:/home/alex/.m2/repository/org/codehaus/groovy/groovy-test/2.5.14/groovy-test-2.5.14.jar:"/>
    <property name="java.vm.vendor" value="Private Build"/>
    <property name="sun.arch.data.model" value="64"/>
    <property name="java.vendor.url" value="http://java.oracle.com/"/>
    <property name="user.timezone" value="Europe/Lisbon"/>
    <property name="java.vm.specification.version" value="1.8"/>
    <property name="os.name" value="Linux"/>
    <property name="user.country" value="US"/>
    <property name="sun.java.launcher" value="SUN_STANDARD"/>
    <property name="sun.boot.library.path" value="/usr/lib/jvm/java-8-openjdk-amd64/jre/lib/amd64"/>
    <property name="sun.java.command" value="/home/alex/Repositories/nifi/nifi-nar-bundles/nifi-standard-bundle/nifi-standard-processors/target/surefire/surefirebooter1968848106063708435.jar /home/alex/Repositories/nifi/nifi-nar-bundles/nifi-standard-bundle/nifi-standard-processors/target/surefire 2024-05-02T03-47-00_422-jvmRun1 surefire4606620135220886943tmp surefire_695667074623402873479tmp"/>
    <property name="org.slf4j.simpleLogger.log.nifi.io.nio" value="debug"/>
    <property name="surefire.test.class.path" value="/home/alex/Repositories/nifi/nifi-nar-bundles/nifi-standard-bundle/nifi-standard-processors/target/test-classes:/home/alex/Repositories/nifi/nifi-nar-bundles/nifi-standard-bundle/nifi-standard-processors/target/classes:/home/alex/.m2/repository/org/apache/ftpserver/ftpserver-core/1.1.1/ftpserver-core-1.1.1.jar:/home/alex/.m2/repository/org/apache/ftpserver/ftplet-api/1.1.1/ftplet-api-1.1.1.jar:/home/alex/.m2/repository/org/slf4j/slf4j-api/1.7.32/slf4j-api-1.7.32.jar:/home/alex/.m2/repository/org/apache/mina/mina-core/2.0.16/mina-core-2.0.16.jar:/home/alex/Repositories/nifi/nifi-api/target/classes:/home/alex/Repositories/nifi/nifi-commons/nifi-expression-language/target/classes:/home/alex/.m2/repository/org/antlr/antlr-runtime/3.5.2/antlr-runtime-3.5.2.jar:/home/alex/Repositories/nifi/nifi-commons/nifi-parameter/target/classes:/home/alex/Repositories/nifi/nifi-commons/nifi-uuid5/target/classes:/home/alex/.m2/repository/org/apache/commons/commons-text/1.8/commons-text-1.8.jar:/home/alex/Repositories/nifi/nifi-nar-bundles/nifi-extension-utils/nifi-processor-utils/target/classes:/home/alex/Repositories/nifi/nifi-commons/nifi-security-socket-ssl/target/classes:/home/alex/Repositories/nifi/nifi-nar-bundles/nifi-extension-utils/nifi-event-transport/target/classes:/home/alex/.m2/repository/io/netty/netty-handler/4.1.69.Final/netty-handler-4.1.69.Final.jar:/home/alex/.m2/repository/io/netty/netty-common/4.1.69.Final/netty-common-4.1.69.Final.jar:/home/alex/.m2/repository/io/netty/netty-resolver/4.1.69.Final/netty-resolver-4.1.69.Final.jar:/home/alex/.m2/repository/io/netty/netty-transport/4.1.69.Final/netty-transport-4.1.69.Final.jar:/home/alex/.m2/repository/io/netty/netty-codec/4.1.69.Final/netty-codec-4.1.69.Final.jar:/home/alex/Repositories/nifi/nifi-nar-bundles/nifi-extension-utils/nifi-syslog-utils/target/classes:/home/alex/.m2/repository/com/github/palindromicity/simple-syslog-5424/0.0.16/simple-syslog-5424-0.0.16.jar:/home/alex/.m2/repository/org/antlr/antlr4-runtime/4.7.2/antlr4-runtime-4.7.2.jar:/home/alex/Repositories/nifi/nifi-commons/nifi-utils/target/classes:/home/alex/Repositories/nifi/nifi-commons/nifi-record-path/target/classes:/home/alex/Repositories/nifi/nifi-commons/nifi-properties/target/classes:/home/alex/Repositories/nifi/nifi-commons/nifi-property-utils/target/classes:/home/alex/.m2/repository/com/github/ben-manes/caffeine/caffeine/2.8.1/caffeine-2.8.1.jar:/home/alex/Repositories/nifi/nifi-nar-bundles/nifi-standard-services/nifi-ssl-context-service-api/target/classes:/home/alex/Repositories/nifi/nifi-commons/nifi-security-utils-api/target/classes:/home/alex/Repositories/nifi/nifi-nar-bundles/nifi-standard-services/nifi-lookup-service-api/target/classes:/home/alex/Repositories/nifi/nifi-commons/nifi-flowfile-packager/target/classes:/home/alex/Repositories/nifi/nifi-nar-bundles/nifi-standard-services/nifi-distributed-cache-client-service-api/target/classes:/home/alex/Repositories/nifi/nifi-nar-bundles/nifi-standard-services/nifi-http-context-map-api/target/classes:/home/alex/Repositories/nifi/nifi-nar-bundles/nifi-standard-services/nifi-record-serialization-service-api/target/classes:/home/alex/Repositories/nifi/nifi-nar-bundles/nifi-standard-services/nifi-proxy-configuration-api/target/classes:/home/alex/Repositories/nifi/nifi-commons/nifi-record/target/classes:/home/alex/Repositories/nifi/nifi-nar-bundles/nifi-standard-services/nifi-record-sink-api/target/classes:/home/alex/.m2/repository/commons-io/commons-io/2.10.0/commons-io-2.10.0.jar:/home/alex/.m2/repository/javax/ws/rs/javax.ws.rs-api/2.1/javax.ws.rs-api-2.1.jar:/home/alex/.m2/repository/commons-net/commons-net/3.6/commons-net-3.6.jar:/home/alex/.m2/repository/org/apache/commons/commons-compress/1.21/commons-compress-1.21.jar:/home/alex/.m2/repository/org/apache/commons/commons-lang3/3.9/commons-lang3-3.9.jar:/home/alex/.m2/repository/org/bouncycastle/bcprov-jdk15on/1.69/bcprov-jdk15on-1.69.jar:/home/alex/.m2/repository/org/bouncycastle/bcpg-jdk15on/1.69/bcpg-jdk15on-1.69.jar:/home/alex/.m2/repository/org/bouncycastle/bcpkix-jdk15on/1.69/bcpkix-jdk15on-1.69.jar:/home/alex/.m2/repository/org/bouncycastle/bcutil-jdk15on/1.69/bcutil-jdk15on-1.69.jar:/home/alex/.m2/repository/commons-codec/commons-codec/1.14/commons-codec-1.14.jar:/home/alex/Repositories/nifi/nifi-commons/nifi-security-utils/target/classes:/home/alex/Repositories/nifi/nifi-commons/nifi-security-kms/target/classes:/home/alex/.m2/repository/org/apache/commons/commons-configuration2/2.7/commons-configuration2-2.7.jar:/home/alex/.m2/repository/com/hierynomus/sshj/0.32.0/sshj-0.32.0.jar:/home/alex/.m2/repository/com/jcraft/jzlib/1.1.3/jzlib-1.1.3.jar:/home/alex/.m2/repository/com/hierynomus/asn-one/0.6.0/asn-one-0.6.0.jar:/home/alex/.m2/repository/net/i2p/crypto/eddsa/0.3.0/eddsa-0.3.0.jar:/home/alex/.m2/repository/org/eclipse/jetty/jetty-server/9.4.44.v20210927/jetty-server-9.4.44.v20210927.jar:/home/alex/.m2/repository/javax/servlet/javax.servlet-api/3.1.0/javax.servlet-api-3.1.0.jar:/home/alex/.m2/repository/org/eclipse/jetty/jetty-http/9.4.44.v20210927/jetty-http-9.4.44.v20210927.jar:/home/alex/.m2/repository/org/eclipse/jetty/jetty-util/9.4.44.v20210927/jetty-util-9.4.44.v20210927.jar:/home/alex/.m2/repository/org/eclipse/jetty/jetty-io/9.4.44.v20210927/jetty-io-9.4.44.v20210927.jar:/home/alex/.m2/repository/org/eclipse/jetty/jetty-servlet/9.4.44.v20210927/jetty-servlet-9.4.44.v20210927.jar:/home/alex/.m2/repository/org/eclipse/jetty/jetty-security/9.4.44.v20210927/jetty-security-9.4.44.v20210927.jar:/home/alex/.m2/repository/org/eclipse/jetty/jetty-util-ajax/9.4.44.v20210927/jetty-util-ajax-9.4.44.v20210927.jar:/home/alex/.m2/repository/org/apache/httpcomponents/httpclient/4.5.5/httpclient-4.5.5.jar:/home/alex/.m2/repository/commons-logging/commons-logging/1.2/commons-logging-1.2.jar:/home/alex/.m2/repository/org/apache/httpcomponents/httpcore/4.4.9/httpcore-4.4.9.jar:/home/alex/.m2/repository/jakarta/activation/jakarta.activation-api/2.0.1/jakarta.activation-api-2.0.1.jar:/home/alex/.m2/repository/com/sun/activation/jakarta.activation/2.0.1/jakarta.activation-2.0.1.jar:/home/alex/.m2/repository/jakarta/mail/jakarta.mail-api/2.0.1/jakarta.mail-api-2.0.1.jar:/home/alex/.m2/repository/com/sun/mail/jakarta.mail/2.0.1/jakarta.mail-2.0.1.jar:/home/alex/.m2/repository/com/github/jponge/lzma-java/1.3/lzma-java-1.3.jar:/home/alex/.m2/repository/org/tukaani/xz/1.8/xz-1.8.jar:/home/alex/.m2/repository/net/sf/saxon/Saxon-HE/10.6/Saxon-HE-10.6.jar:/home/alex/Repositories/nifi/nifi-commons/nifi-socket-utils/target/classes:/home/alex/Repositories/nifi/nifi-commons/nifi-logging-utils/target/classes:/home/alex/Repositories/nifi/nifi-nar-bundles/nifi-standard-services/nifi-load-distribution-service-api/target/classes:/home/alex/.m2/repository/javax/jms/javax.jms-api/2.0.1/javax.jms-api-2.0.1.jar:/home/alex/.m2/repository/org/apache/activemq/activemq-client/5.15.15/activemq-client-5.15.15.jar:/home/alex/.m2/repository/org/apache/geronimo/specs/geronimo-jms_1.1_spec/1.1.1/geronimo-jms_1.1_spec-1.1.1.jar:/home/alex/.m2/repository/org/fusesource/hawtbuf/hawtbuf/1.11/hawtbuf-1.11.jar:/home/alex/.m2/repository/org/apache/geronimo/specs/geronimo-j2ee-management_1.1_spec/1.0.1/geronimo-j2ee-management_1.1_spec-1.0.1.jar:/home/alex/.m2/repository/com/jayway/jsonpath/json-path/2.6.0/json-path-2.6.0.jar:/home/alex/.m2/repository/net/minidev/json-smart/2.4.7/json-smart-2.4.7.jar:/home/alex/.m2/repository/net/minidev/accessors-smart/2.4.7/accessors-smart-2.4.7.jar:/home/alex/.m2/repository/org/ow2/asm/asm/9.1/asm-9.1.jar:/home/alex/.m2/repository/org/apache/tika/tika-core/1.26/tika-core-1.26.jar:/home/alex/.m2/repository/com/fasterxml/jackson/core/jackson-databind/2.12.3/jackson-databind-2.12.3.jar:/home/alex/.m2/repository/com/fasterxml/jackson/core/jackson-annotations/2.12.3/jackson-annotations-2.12.3.jar:/home/alex/.m2/repository/com/fasterxml/jackson/core/jackson-core/2.12.3/jackson-core-2.12.3.jar:/home/alex/Repositories/nifi/nifi-nar-bundles/nifi-extension-utils/nifi-record-utils/nifi-avro-record-utils/target/classes:/home/alex/Repositories/nifi/nifi-nar-bundles/nifi-extension-utils/nifi-record-utils/nifi-standard-record-utils/target/classes:/home/alex/.m2/repository/org/apache/avro/avro/1.8.1/avro-1.8.1.jar:/home/alex/.m2/repository/org/codehaus/jackson/jackson-core-asl/1.9.13/jackson-core-asl-1.9.13.jar:/home/alex/.m2/repository/org/codehaus/jackson/jackson-mapper-asl/1.9.13/jackson-mapper-asl-1.9.13.jar:/home/alex/.m2/repository/com/thoughtworks/paranamer/paranamer/2.7/paranamer-2.7.jar:/home/alex/Repositories/nifi/nifi-nar-bundles/nifi-standard-services/nifi-dbcp-service-api/target/classes:/home/alex/.m2/repository/com/squareup/okhttp3/okhttp/4.9.2/okhttp-4.9.2.jar:/home/alex/.m2/repository/com/squareup/okio/okio/2.8.0/okio-2.8.0.jar:/home/alex/.m2/repository/org/jetbrains/kotlin/kotlin-stdlib-common/1.4.0/kotlin-stdlib-common-1.4.0.jar:/home/alex/.m2/repository/org/jetbrains/kotlin/kotlin-stdlib/1.4.10/kotlin-stdlib-1.4.10.jar:/home/alex/.m2/repository/org/jetbrains/annotations/13.0/annotations-13.0.jar:/home/alex/.m2/repository/io/github/rburgst/okhttp-digest/2.5/okhttp-digest-2.5.jar:/home/alex/.m2/repository/at/favre/lib/bcrypt/0.9.0/bcrypt-0.9.0.jar:/home/alex/.m2/repository/at/favre/lib/bytes/1.3.0/bytes-1.3.0.jar:/home/alex/.m2/repository/com/google/guava/guava/28.0-jre/guava-28.0-jre.jar:/home/alex/.m2/repository/com/google/guava/failureaccess/1.0.1/failureaccess-1.0.1.jar:/home/alex/.m2/repository/com/google/guava/listenablefuture/9999.0-empty-to-avoid-conflict-with-guava/listenablefuture-9999.0-empty-to-avoid-conflict-with-guava.jar:/home/alex/.m2/repository/com/google/code/findbugs/jsr305/3.0.2/jsr305-3.0.2.jar:/home/alex/.m2/repository/org/checkerframework/checker-qual/2.8.1/checker-qual-2.8.1.jar:/home/alex/.m2/repository/com/google/errorprone/error_prone_annotations/2.3.2/error_prone_annotations-2.3.2.jar:/home/alex/.m2/repository/com/google/j2objc/j2objc-annotations/1.3/j2objc-annotations-1.3.jar:/home/alex/.m2/repository/org/codehaus/mojo/animal-sniffer-annotations/1.17/animal-sniffer-annotations-1.17.jar:/home/alex/Repositories/nifi/nifi-mock/target/classes:/home/alex/Repositories/nifi/nifi-framework-api/target/classes:/home/alex/Repositories/nifi/nifi-nar-bundles/nifi-framework-bundle/nifi-framework/nifi-framework-core-api/target/classes:/home/alex/Repositories/nifi/nifi-nar-bundles/nifi-framework-bundle/nifi-framework/nifi-framework-nar-utils/target/classes:/home/alex/Repositories/nifi/nifi-nar-bundles/nifi-framework-bundle/nifi-framework/nifi-client-dto/target/classes:/home/alex/.m2/repository/io/swagger/swagger-annotations/1.6.0/swagger-annotations-1.6.0.jar:/home/alex/Repositories/nifi/nifi-commons/nifi-site-to-site-client/target/classes:/home/alex/.m2/repository/org/apache/httpcomponents/httpasyncclient/4.1.4/httpasyncclient-4.1.4.jar:/home/alex/.m2/repository/org/apache/httpcomponents/httpcore-nio/4.4.10/httpcore-nio-4.4.10.jar:/home/alex/Repositories/nifi/nifi-nar-bundles/nifi-framework-bundle/nifi-framework/nifi-framework-authorization/target/classes:/home/alex/Repositories/nifi/nifi-registry/nifi-registry-core/nifi-registry-data-model/target/classes:/home/alex/Repositories/nifi/nifi-registry/nifi-registry-core/nifi-registry-revision/nifi-registry-revision-entity-model/target/classes:/home/alex/Repositories/nifi/nifi-registry/nifi-registry-core/nifi-registry-client/target/classes:/home/alex/Repositories/nifi/nifi-registry/nifi-registry-core/nifi-registry-security-utils/target/classes:/home/alex/.m2/repository/org/glassfish/jersey/core/jersey-client/2.33/jersey-client-2.33.jar:/home/alex/.m2/repository/jakarta/ws/rs/jakarta.ws.rs-api/2.1.6/jakarta.ws.rs-api-2.1.6.jar:/home/alex/.m2/repository/org/glassfish/hk2/external/jakarta.inject/2.6.1/jakarta.inject-2.6.1.jar:/home/alex/.m2/repository/org/glassfish/jersey/media/jersey-media-json-jackson/2.33/jersey-media-json-jackson-2.33.jar:/home/alex/.m2/repository/org/glassfish/jersey/ext/jersey-entity-filtering/2.33/jersey-entity-filtering-2.33.jar:/home/alex/.m2/repository/org/glassfish/jersey/inject/jersey-hk2/2.33/jersey-hk2-2.33.jar:/home/alex/.m2/repository/org/glassfish/hk2/hk2-locator/2.6.1/hk2-locator-2.6.1.jar:/home/alex/.m2/repository/org/glassfish/hk2/external/aopalliance-repackaged/2.6.1/aopalliance-repackaged-2.6.1.jar:/home/alex/.m2/repository/org/glassfish/hk2/hk2-api/2.6.1/hk2-api-2.6.1.jar:/home/alex/.m2/repository/org/glassfish/hk2/hk2-utils/2.6.1/hk2-utils-2.6.1.jar:/home/alex/.m2/repository/org/javassist/javassist/3.25.0-GA/javassist-3.25.0-GA.jar:/home/alex/.m2/repository/org/glassfish/jersey/core/jersey-common/2.33/jersey-common-2.33.jar:/home/alex/.m2/repository/jakarta/annotation/jakarta.annotation-api/1.3.5/jakarta.annotation-api-1.3.5.jar:/home/alex/.m2/repository/org/glassfish/hk2/osgi-resource-locator/1.0.3/osgi-resource-locator-1.0.3.jar:/home/alex/.m2/repository/org/glassfish/jersey/media/jersey-media-multipart/2.33/jersey-media-multipart-2.33.jar:/home/alex/.m2/repository/org/jvnet/mimepull/mimepull/1.9.13/mimepull-1.9.13.jar:/home/alex/Repositories/nifi/nifi-commons/nifi-data-provenance-utils/target/classes:/home/alex/Repositories/nifi/nifi-nar-bundles/nifi-standard-services/nifi-distributed-cache-services-bundle/nifi-distributed-cache-client-service/target/classes:/home/alex/Repositories/nifi/nifi-nar-bundles/nifi-standard-services/nifi-distributed-cache-services-bundle/nifi-distributed-cache-protocol/target/classes:/home/alex/.m2/repository/io/netty/netty-buffer/4.1.69.Final/netty-buffer-4.1.69.Final.jar:/home/alex/.m2/repository/com/google/http-client/google-http-client/1.28.0/google-http-client-1.28.0.jar:/home/alex/.m2/repository/io/opencensus/opencensus-api/0.18.0/opencensus-api-0.18.0.jar:/home/alex/.m2/repository/io/grpc/grpc-context/1.14.0/grpc-context-1.14.0.jar:/home/alex/.m2/repository/io/opencensus/opencensus-contrib-http-util/0.18.0/opencensus-contrib-http-util-0.18.0.jar:/home/alex/.m2/repository/org/apache/activemq/activemq-broker/5.15.14/activemq-broker-5.15.14.jar:/home/alex/.m2/repository/org/apache/activemq/activemq-openwire-legacy/5.15.14/activemq-openwire-legacy-5.15.14.jar:/home/alex/Repositories/nifi/nifi-nar-bundles/nifi-standard-services/nifi-ssl-context-bundle/nifi-ssl-context-service/target/classes:/home/alex/Repositories/nifi/nifi-nar-bundles/nifi-framework-bundle/nifi-framework/nifi-standard-prioritizers/target/classes:/home/alex/Repositories/nifi/nifi-nar-bundles/nifi-extension-utils/nifi-record-utils/nifi-mock-record-utils/target/classes:/home/alex/Repositories/nifi/nifi-nar-bundles/nifi-standard-services/nifi-record-serialization-services-bundle/nifi-record-serialization-services/target/classes:/home/alex/.m2/repository/org/apache/commons/commons-csv/1.8/commons-csv-1.8.jar:/home/alex/.m2/repository/com/fasterxml/jackson/dataformat/jackson-dataformat-csv/2.12.3/jackson-dataformat-csv-2.12.3.jar:/home/alex/.m2/repository/net/java/dev/stax-utils/stax-utils/20070216/stax-utils-20070216.jar:/home/alex/Repositories/nifi/nifi-nar-bundles/nifi-standard-services/nifi-lookup-services-bundle/nifi-lookup-services/target/classes:/home/alex/.m2/repository/commons-beanutils/commons-beanutils/1.9.4/commons-beanutils-1.9.4.jar:/home/alex/.m2/repository/commons-collections/commons-collections/3.2.2/commons-collections-3.2.2.jar:/home/alex/.m2/repository/com/maxmind/geoip2/geoip2/2.12.0/geoip2-2.12.0.jar:/home/alex/.m2/repository/com/maxmind/db/maxmind-db/1.2.2/maxmind-db-1.2.2.jar:/home/alex/.m2/repository/org/apache/derby/derby/10.14.2.0/derby-10.14.2.0.jar:/home/alex/.m2/repository/org/xerial/snappy/snappy-java/1.1.7.3/snappy-java-1.1.7.3.jar:/home/alex/.m2/repository/net/lingala/zip4j/zip4j/2.8.0/zip4j-2.8.0.jar:/home/alex/.m2/repository/com/h2database/h2/1.4.187/h2-1.4.187.jar:/home/alex/.m2/repository/org/mockftpserver/MockFtpServer/2.7.1/MockFtpServer-2.7.1.jar:/home/alex/.m2/repository/org/apache/sshd/sshd-core/1.7.0/sshd-core-1.7.0.jar:/home/alex/.m2/repository/com/bazaarvoice/jolt/jolt-core/0.1.1/jolt-core-0.1.1.jar:/home/alex/.m2/repository/javax/inject/javax.inject/1/javax.inject-1.jar:/home/alex/.m2/repository/com/bazaarvoice/jolt/json-utils/0.1.1/json-utils-0.1.1.jar:/home/alex/Repositories/nifi/nifi-nar-bundles/nifi-standard-bundle/nifi-standard-utils/target/classes:/home/alex/.m2/repository/net/sf/supercsv/super-csv/2.4.0/super-csv-2.4.0.jar:/home/alex/.m2/repository/com/fluenda/parcefone/2.1.0/parcefone-2.1.0.jar:/home/alex/.m2/repository/javax/validation/validation-api/1.1.0.Final/validation-api-1.1.0.Final.jar:/home/alex/.m2/repository/javax/el/javax.el-api/3.0.0/javax.el-api-3.0.0.jar:/home/alex/.m2/repository/com/github/wnameless/json/json-flattener/0.12.0/json-flattener-0.12.0.jar:/home/alex/.m2/repository/com/github/wnameless/json/json-base/2.0.0/json-base-2.0.0.jar:/home/alex/.m2/repository/org/apache/bval/bval-jsr/1.1.2/bval-jsr-1.1.2.jar:/home/alex/.m2/repository/org/apache/bval/bval-core/1.1.2/bval-core-1.1.2.jar:/home/alex/.m2/repository/io/krakens/java-grok/0.1.9/java-grok-0.1.9.jar:/home/alex/.m2/repository/org/apache/calcite/calcite-core/1.27.0/calcite-core-1.27.0.jar:/home/alex/.m2/repository/org/apache/calcite/calcite-linq4j/1.27.0/calcite-linq4j-1.27.0.jar:/home/alex/.m2/repository/com/esri/geometry/esri-geometry-api/2.2.0/esri-geometry-api-2.2.0.jar:/home/alex/.m2/repository/org/apache/calcite/avatica/avatica-core/1.18.0/avatica-core-1.18.0.jar:/home/alex/.m2/repository/org/apache/calcite/avatica/avatica-metrics/1.18.0/avatica-metrics-1.18.0.jar:/home/alex/.m2/repository/com/google/protobuf/protobuf-java/3.6.1/protobuf-java-3.6.1.jar:/home/alex/.m2/repository/org/apiguardian/apiguardian-api/1.1.0/apiguardian-api-1.1.0.jar:/home/alex/.m2/repository/com/fasterxml/jackson/dataformat/jackson-dataformat-yaml/2.10.0/jackson-dataformat-yaml-2.10.0.jar:/home/alex/.m2/repository/org/yaml/snakeyaml/1.29/snakeyaml-1.29.jar:/home/alex/.m2/repository/com/google/uzaygezen/uzaygezen-core/0.2/uzaygezen-core-0.2.jar:/home/alex/.m2/repository/com/yahoo/datasketches/sketches-core/0.9.0/sketches-core-0.9.0.jar:/home/alex/.m2/repository/com/yahoo/datasketches/memory/0.9.0/memory-0.9.0.jar:/home/alex/.m2/repository/net/hydromatic/aggdesigner-algorithm/6.0/aggdesigner-algorithm-6.0.jar:/home/alex/.m2/repository/commons-lang/commons-lang/2.4/commons-lang-2.4.jar:/home/alex/.m2/repository/org/apache/commons/commons-dbcp2/2.6.0/commons-dbcp2-2.6.0.jar:/home/alex/.m2/repository/org/apache/commons/commons-pool2/2.6.1/commons-pool2-2.6.1.jar:/home/alex/.m2/repository/org/codehaus/janino/commons-compiler/3.0.11/commons-compiler-3.0.11.jar:/home/alex/.m2/repository/org/codehaus/janino/janino/3.0.11/janino-3.0.11.jar:/home/alex/Repositories/nifi/nifi-nar-bundles/nifi-standard-services/nifi-schema-registry-service-api/target/classes:/home/alex/Repositories/nifi/nifi-nar-bundles/nifi-extension-utils/nifi-database-utils/target/classes:/home/alex/Repositories/nifi/nifi-nar-bundles/nifi-standard-bundle/nifi-standard-web-test-utils/target/classes:/home/alex/.m2/repository/com/github/stefanbirkner/fake-sftp-server-rule/2.0.1/fake-sftp-server-rule-2.0.1.jar:/home/alex/.m2/repository/com/github/marschall/memoryfilesystem/2.8.0/memoryfilesystem-2.8.0.jar:/home/alex/.m2/repository/junit/junit/4.13.2/junit-4.13.2.jar:/home/alex/.m2/repository/org/hamcrest/hamcrest-core/1.3/hamcrest-core-1.3.jar:/home/alex/Repositories/nifi/nifi-nar-bundles/nifi-extension-utils/nifi-database-test-utils/target/classes:/home/alex/.m2/repository/org/codehaus/groovy/groovy-json/2.5.14/groovy-json-2.5.14.jar:/home/alex/.m2/repository/org/codehaus/groovy/groovy/2.5.14/groovy-2.5.14.jar:/home/alex/.m2/repository/org/codehaus/groovy/groovy-servlet/2.5.14/groovy-servlet-2.5.14.jar:/home/alex/.m2/repository/org/codehaus/groovy/groovy-templates/2.5.14/groovy-templates-2.5.14.jar:/home/alex/.m2/repository/org/codehaus/groovy/groovy-xml/2.5.14/groovy-xml-2.5.14.jar:/home/alex/.m2/repository/org/hamcrest/hamcrest-all/1.3/hamcrest-all-1.3.jar:/home/alex/.m2/repository/com/squareup/okhttp3/mockwebserver/4.9.2/mockwebserver-4.9.2.jar:/home/alex/.m2/repository/org/jetbrains/kotlin/kotlin-stdlib-jdk8/1.4.10/kotlin-stdlib-jdk8-1.4.10.jar:/home/alex/.m2/repository/org/jetbrains/kotlin/kotlin-stdlib-jdk7/1.4.10/kotlin-stdlib-jdk7-1.4.10.jar:/home/alex/.m2/repository/org/mockito/mockito-inline/3.12.4/mockito-inline-3.12.4.jar:/home/alex/.m2/repository/org/junit/jupiter/junit-jupiter-api/5.7.2/junit-jupiter-api-5.7.2.jar:/home/alex/.m2/repository/org/opentest4j/opentest4j/1.2.0/opentest4j-1.2.0.jar:/home/alex/.m2/repository/org/junit/platform/junit-platform-commons/1.7.2/junit-platform-commons-1.7.2.jar:/home/alex/.m2/repository/org/junit/jupiter/junit-jupiter-engine/5.7.2/junit-jupiter-engine-5.7.2.jar:/home/alex/.m2/repository/org/junit/platform/junit-platform-engine/1.7.2/junit-platform-engine-1.7.2.jar:/home/alex/.m2/repository/org/junit/vintage/junit-vintage-engine/5.7.2/junit-vintage-engine-5.7.2.jar:/home/alex/.m2/repository/org/junit/jupiter/junit-jupiter-params/5.7.2/junit-jupiter-params-5.7.2.jar:/home/alex/.m2/repository/org/mockito/mockito-core/3.11.2/mockito-core-3.11.2.jar:/home/alex/.m2/repository/net/bytebuddy/byte-buddy/1.11.3/byte-buddy-1.11.3.jar:/home/alex/.m2/repository/net/bytebuddy/byte-buddy-agent/1.11.3/byte-buddy-agent-1.11.3.jar:/home/alex/.m2/repository/org/objenesis/objenesis/3.2/objenesis-3.2.jar:/home/alex/.m2/repository/org/mockito/mockito-junit-jupiter/3.11.2/mockito-junit-jupiter-3.11.2.jar:/home/alex/.m2/repository/org/slf4j/slf4j-simple/1.7.32/slf4j-simple-1.7.32.jar:/home/alex/.m2/repository/org/codehaus/groovy/groovy-test/2.5.14/groovy-test-2.5.14.jar:"/>
    <property name="sun.cpu.endian" value="little"/>
    <property name="user.home" value="/home/alex"/>
    <property name="user.language" value="en"/>
    <property name="java.specification.vendor" value="Oracle Corporation"/>
    <property name="java.home" value="/usr/lib/jvm/java-8-openjdk-amd64/jre"/>
    <property name="basedir" value="/home/alex/Repositories/nifi/nifi-nar-bundles/nifi-standard-bundle/nifi-standard-processors"/>
    <property name="file.separator" value="/"/>
    <property name="line.separator" value="&#10;"/>
    <property name="java.vm.specification.vendor" value="Oracle Corporation"/>
    <property name="java.specification.name" value="Java Platform API Specification"/>
    <property name="derby.stream.error.file" value="target/derby.log"/>
    <property name="java.awt.graphicsenv" value="sun.awt.X11GraphicsEnvironment"/>
    <property name="org.slf4j.simpleLogger.log.org.apache.nifi.processors.standard.SQLTransform" value="debug"/>
    <property name="java.awt.headless" value="true"/>
    <property name="org.slf4j.simpleLogger.showDateTime" value="true"/>
    <property name="surefire.real.class.path" value="/home/alex/Repositories/nifi/nifi-nar-bundles/nifi-standard-bundle/nifi-standard-processors/target/surefire/surefirebooter1968848106063708435.jar"/>
    <property name="sun.boot.class.path" value="/usr/lib/jvm/java-8-openjdk-amd64/jre/lib/resources.jar:/usr/lib/jvm/java-8-openjdk-amd64/jre/lib/rt.jar:/usr/lib/jvm/java-8-openjdk-amd64/jre/lib/sunrsasign.jar:/usr/lib/jvm/java-8-openjdk-amd64/jre/lib/jsse.jar:/usr/lib/jvm/java-8-openjdk-amd64/jre/lib/jce.jar:/usr/lib/jvm/java-8-openjdk-amd64/jre/lib/charsets.jar:/usr/lib/jvm/java-8-openjdk-amd64/jre/lib/jfr.jar:/usr/lib/jvm/java-8-openjdk-amd64/jre/classes"/>
    <property name="sun.management.compiler" value="HotSpot 64-Bit Tiered Compilers"/>
    <property name="java.runtime.version" value="1.8.0_402-8u402-ga-2ubuntu1~22.04-b06"/>
    <property name="java.net.preferIPv4Stack" value="true"/>
    <property name="user.name" value="alex"/>
    <property name="path.separator" value=":"/>
    <property name="os.version" value="6.5.0-28-generic"/>
    <property name="java.endorsed.dirs" value="/usr/lib/jvm/java-8-openjdk-amd64/jre/lib/endorsed"/>
    <property name="java.runtime.name" value="OpenJDK Runtime Environment"/>
    <property name="file.encoding" value="UTF-8"/>
    <property name="sun.nio.ch.bugLevel" value=""/>
    <property name="java.vm.name" value="OpenJDK 64-Bit Server VM"/>
    <property name="localRepository" value="/home/alex/.m2/repository"/>
    <property name="java.vendor.url.bug" value="http://bugreport.sun.com/bugreport/"/>
    <property name="java.io.tmpdir" value="/tmp"/>
    <property name="java.version" value="1.8.0_402"/>
    <property name="user.dir" value="/home/alex/Repositories/nifi/nifi-nar-bundles/nifi-standard-bundle/nifi-standard-processors"/>
    <property name="os.arch" value="amd64"/>
    <property name="java.vm.specification.name" value="Java Virtual Machine Specification"/>
    <property name="java.awt.printerjob" value="sun.print.PSPrinterJob"/>
    <property name="sun.os.patch.level" value="unknown"/>
    <property name="org.slf4j.simpleLogger.defaultLogLevel" value="info"/>
    <property name="java.library.path" value="/usr/java/packages/lib/amd64:/usr/lib/x86_64-linux-gnu/jni:/lib/x86_64-linux-gnu:/usr/lib/x86_64-linux-gnu:/usr/lib/jni:/lib:/usr/lib"/>
    <property name="java.vm.info" value="mixed mode"/>
    <property name="java.vendor" value="Private Build"/>
    <property name="java.vm.version" value="25.402-b06"/>
    <property name="java.specification.maintenance.version" value="5"/>
    <property name="java.ext.dirs" value="/usr/lib/jvm/java-8-openjdk-amd64/jre/lib/ext:/usr/java/packages/lib/ext"/>
    <property name="sun.io.unicode.encoding" value="UnicodeLittle"/>
    <property name="java.class.version" value="52.0"/>
  </properties>
  <testcase name="testMatchesMultipleXmlAttribute" classname="org.apache.nifi.processors.standard.TestEvaluateXQuery" time="0.584">
    <system-err><![CDATA[[pool-648-thread-1] INFO org.apache.nifi.processors.standard.EvaluateXQuery - EvaluateXQuery[id=735ed3fb-9fdd-45c4-aa60-457dbed0178a] Successfully evaluated XQueries against FlowFile[0,fruit.xml,1581B] and found 7 matches; routing to matched
]]></system-err>
  </testcase>
  <testcase name="testUnmatchedAttribute" classname="org.apache.nifi.processors.standard.TestEvaluateXQuery" time="0.005">
    <system-err><![CDATA[[pool-649-thread-1] INFO org.apache.nifi.processors.standard.EvaluateXQuery - EvaluateXQuery[id=ae945a82-9820-4718-b46b-3c048551c635] Successfully evaluated XQueries against FlowFile[0,fruit.xml,1581B] and found 0 matches; routing to unmatched
]]></system-err>
  </testcase>
  <testcase name="testBadXQuery" classname="org.apache.nifi.processors.standard.TestEvaluateXQuery" time="0.009">
    <system-err><![CDATA[Static error on line 1 column 26 
  XPST0017  Cannot find a 1-argument function named
  Q{http://www.w3.org/2005/xpath-functions}counttttttt()
Static error on line 1 column 26 
  XPST0017  Cannot find a 1-argument function named
  Q{http://www.w3.org/2005/xpath-functions}counttttttt()
]]></system-err>
  </testcase>
  <testcase name="testNoXQueryAttribute" classname="org.apache.nifi.processors.standard.TestEvaluateXQuery" time="0.004">
    <system-err><![CDATA[[pool-650-thread-1] INFO org.apache.nifi.processors.standard.EvaluateXQuery - EvaluateXQuery[id=9fad285c-7407-4d0f-b70e-9b2c98158493] Successfully evaluated XQueries against FlowFile[0,fruit.xml,1581B] and found 0 matches; routing to unmatched
]]></system-err>
  </testcase>
  <testcase name="testMatchedEmptyStringAttribute" classname="org.apache.nifi.processors.standard.TestEvaluateXQuery" time="0.033">
    <system-err><![CDATA[[pool-651-thread-1] INFO org.apache.nifi.processors.standard.EvaluateXQuery - EvaluateXQuery[id=b0c8f206-3575-4a45-9436-24ab606e2b75] Successfully evaluated XQueries against FlowFile[0,fruit.xml,1581B] and found 0 matches; routing to unmatched
]]></system-err>
  </testcase>
  <testcase name="testWriteStringToAttribute" classname="org.apache.nifi.processors.standard.TestEvaluateXQuery" time="0.009">
    <system-err><![CDATA[[pool-652-thread-1] INFO org.apache.nifi.processors.standard.EvaluateXQuery - EvaluateXQuery[id=54848c65-ce40-42a3-99d0-08917a4615df] Successfully evaluated XQueries against FlowFile[0,fruit.xml,1581B] and found 1 matches; routing to matched
]]></system-err>
  </testcase>
  <testcase name="testFailureForExternalDocTypeWithDocTypeValidationEnabled" classname="org.apache.nifi.processors.standard.TestEvaluateXQuery" time="0.007">
    <system-err><![CDATA[[pool-653-thread-1] ERROR org.apache.nifi.processors.standard.EvaluateXQuery - EvaluateXQuery[id=08e04e4f-9139-4462-bb01-e4a368651411] unable to evaluate XQuery against FlowFile[0,xml-snippet-external-doctype.xml,1059B] due to net.sf.saxon.s9api.SaxonApiException: I/O error reported by XML parser processing null: /home/alex/Repositories/nifi/nifi-nar-bundles/nifi-standard-bundle/nifi-standard-processors/non-existent-doctype.dtd (No such file or directory); routing to 'failure': net.sf.saxon.s9api.SaxonApiException: I/O error reported by XML parser processing null: /home/alex/Repositories/nifi/nifi-nar-bundles/nifi-standard-bundle/nifi-standard-processors/non-existent-doctype.dtd (No such file or directory)
net.sf.saxon.s9api.SaxonApiException: I/O error reported by XML parser processing null: /home/alex/Repositories/nifi/nifi-nar-bundles/nifi-standard-bundle/nifi-standard-processors/non-existent-doctype.dtd (No such file or directory)
	at net.sf.saxon.s9api.DocumentBuilder.build(DocumentBuilder.java:360)
	at net.sf.saxon.s9api.XQueryEvaluator.setSource(XQueryEvaluator.java:134)
	at org.apache.nifi.processors.standard.EvaluateXQuery$2.process(EvaluateXQuery.java:310)
	at org.apache.nifi.util.MockProcessSession.read(MockProcessSession.java:601)
	at org.apache.nifi.util.MockProcessSession.read(MockProcessSession.java:583)
	at org.apache.nifi.processors.standard.EvaluateXQuery.onTrigger(EvaluateXQuery.java:305)
	at org.apache.nifi.processor.AbstractProcessor.onTrigger(AbstractProcessor.java:27)
	at org.apache.nifi.util.StandardProcessorTestRunner$RunProcessor.call(StandardProcessorTestRunner.java:284)
	at org.apache.nifi.util.StandardProcessorTestRunner$RunProcessor.call(StandardProcessorTestRunner.java:278)
	at java.util.concurrent.FutureTask.run(FutureTask.java:266)
	at java.util.concurrent.ScheduledThreadPoolExecutor$ScheduledFutureTask.access$201(ScheduledThreadPoolExecutor.java:180)
	at java.util.concurrent.ScheduledThreadPoolExecutor$ScheduledFutureTask.run(ScheduledThreadPoolExecutor.java:293)
	at java.util.concurrent.ThreadPoolExecutor.runWorker(ThreadPoolExecutor.java:1149)
	at java.util.concurrent.ThreadPoolExecutor$Worker.run(ThreadPoolExecutor.java:624)
	at java.lang.Thread.run(Thread.java:750)
Caused by: net.sf.saxon.trans.XPathException: I/O error reported by XML parser processing null: /home/alex/Repositories/nifi/nifi-nar-bundles/nifi-standard-bundle/nifi-standard-processors/non-existent-doctype.dtd (No such file or directory)
	at net.sf.saxon.event.Sender.sendSAXSource(Sender.java:467)
	at net.sf.saxon.event.Sender.send(Sender.java:142)
	at net.sf.saxon.Configuration.buildDocumentTree(Configuration.java:4203)
	at net.sf.saxon.s9api.DocumentBuilder.build(DocumentBuilder.java:357)
	... 14 more
Caused by: java.io.FileNotFoundException: /home/alex/Repositories/nifi/nifi-nar-bundles/nifi-standard-bundle/nifi-standard-processors/non-existent-doctype.dtd (No such file or directory)
	at java.io.FileInputStream.open0(Native Method)
	at java.io.FileInputStream.open(FileInputStream.java:195)
	at java.io.FileInputStream.<init>(FileInputStream.java:138)
	at java.io.FileInputStream.<init>(FileInputStream.java:93)
	at sun.net.www.protocol.file.FileURLConnection.connect(FileURLConnection.java:90)
	at sun.net.www.protocol.file.FileURLConnection.getInputStream(FileURLConnection.java:188)
	at com.sun.org.apache.xerces.internal.impl.XMLEntityManager.setupCurrentEntity(XMLEntityManager.java:624)
	at com.sun.org.apache.xerces.internal.impl.XMLEntityManager.startEntity(XMLEntityManager.java:1305)
	at com.sun.org.apache.xerces.internal.impl.XMLEntityManager.startDTDEntity(XMLEntityManager.java:1271)
	at com.sun.org.apache.xerces.internal.impl.XMLDTDScannerImpl.setInputSource(XMLDTDScannerImpl.java:264)
	at com.sun.org.apache.xerces.internal.impl.XMLDocumentScannerImpl$DTDDriver.dispatch(XMLDocumentScannerImpl.java:1160)
	at com.sun.org.apache.xerces.internal.impl.XMLDocumentScannerImpl$DTDDriver.next(XMLDocumentScannerImpl.java:1044)
	at com.sun.org.apache.xerces.internal.impl.XMLDocumentScannerImpl$PrologDriver.next(XMLDocumentScannerImpl.java:958)
	at com.sun.org.apache.xerces.internal.impl.XMLDocumentScannerImpl.next(XMLDocumentScannerImpl.java:601)
	at com.sun.org.apache.xerces.internal.impl.XMLNSDocumentScannerImpl.next(XMLNSDocumentScannerImpl.java:112)
	at com.sun.org.apache.xerces.internal.impl.XMLDocumentFragmentScannerImpl.scanDocument(XMLDocumentFragmentScannerImpl.java:504)
	at com.sun.org.apache.xerces.internal.parsers.XML11Configuration.parse(XML11Configuration.java:841)
	at com.sun.org.apache.xerces.internal.parsers.XML11Configuration.parse(XML11Configuration.java:770)
	at com.sun.org.apache.xerces.internal.parsers.XMLParser.parse(XMLParser.java:141)
	at com.sun.org.apache.xerces.internal.parsers.AbstractSAXParser.parse(AbstractSAXParser.java:1213)
	at net.sf.saxon.event.Sender.sendSAXSource(Sender.java:439)
	... 17 more
]]></system-err>
  </testcase>
  <testcase name="testSetTransformerProperties" classname="org.apache.nifi.processors.standard.TestEvaluateXQuery" time="0"/>
  <testcase name="testMatchesMultipleStringContent" classname="org.apache.nifi.processors.standard.TestEvaluateXQuery" time="0.006">
    <system-err><![CDATA[[pool-654-thread-1] INFO org.apache.nifi.processors.standard.EvaluateXQuery - EvaluateXQuery[id=3ebac875-5e50-47b0-aa45-997ae862e14c] Successfully created 7 new FlowFiles from FlowFile[0,fruit.xml,1581B]; routing all to 'matched'
]]></system-err>
  </testcase>
  <testcase name="testFormatting" classname="org.apache.nifi.processors.standard.TestEvaluateXQuery" time="0.18">
    <system-err><![CDATA[[pool-655-thread-1] INFO org.apache.nifi.processors.standard.EvaluateXQuery - EvaluateXQuery[id=4541826b-711c-48a3-8e19-fafb92eb7f93] Successfully updated content for FlowFile[0,fruit.xml,1B]; routing to 'matched'
[pool-656-thread-1] INFO org.apache.nifi.processors.standard.EvaluateXQuery - EvaluateXQuery[id=4e6075f2-de7f-4820-b030-f013e0b087dc] Successfully updated content for FlowFile[0,fruit.xml,1B]; routing to 'matched'
[pool-657-thread-1] INFO org.apache.nifi.processors.standard.EvaluateXQuery - EvaluateXQuery[id=8df02739-e0c7-45db-94e1-6909f58b3710] Successfully updated content for FlowFile[0,fruit.xml,1B]; routing to 'matched'
[pool-658-thread-1] INFO org.apache.nifi.processors.standard.EvaluateXQuery - EvaluateXQuery[id=92b55c2e-5bac-478c-b4a8-82449c320a33] Successfully updated content for FlowFile[0,fruit.xml,1B]; routing to 'matched'
[pool-659-thread-1] INFO org.apache.nifi.processors.standard.EvaluateXQuery - EvaluateXQuery[id=2900e06c-d3ab-47a4-aaa1-78280fbbdba1] Successfully updated content for FlowFile[0,fruit.xml,1B]; routing to 'matched'
[pool-660-thread-1] INFO org.apache.nifi.processors.standard.EvaluateXQuery - EvaluateXQuery[id=1540caba-0209-4f2b-aaf2-bf4a5b5beebd] Successfully updated content for FlowFile[0,fruit.xml,1B]; routing to 'matched'
[pool-661-thread-1] INFO org.apache.nifi.processors.standard.EvaluateXQuery - EvaluateXQuery[id=850242ba-24ab-4211-a16b-f78395de7e79] Successfully updated content for FlowFile[0,fruit.xml,1B]; routing to 'matched'
[pool-662-thread-1] INFO org.apache.nifi.processors.standard.EvaluateXQuery - EvaluateXQuery[id=c3eea263-4307-43a5-b9a5-da8d191e31f4] Successfully updated content for FlowFile[0,fruit.xml,1B]; routing to 'matched'
[pool-663-thread-1] INFO org.apache.nifi.processors.standard.EvaluateXQuery - EvaluateXQuery[id=d22ecf27-675c-46a3-bc2b-d8a2f8f6dea1] Successfully updated content for FlowFile[0,fruit.xml,1B]; routing to 'matched'
[pool-664-thread-1] INFO org.apache.nifi.processors.standard.EvaluateXQuery - EvaluateXQuery[id=7544062a-8c96-4f49-af88-ef7f1fd11ec7] Successfully updated content for FlowFile[0,fruit.xml,1B]; routing to 'matched'
[pool-665-thread-1] INFO org.apache.nifi.processors.standard.EvaluateXQuery - EvaluateXQuery[id=bcaf74d2-c504-4f39-b87e-dc3c5359f0fb] Successfully updated content for FlowFile[0,fruit.xml,1B]; routing to 'matched'
[pool-666-thread-1] INFO org.apache.nifi.processors.standard.EvaluateXQuery - EvaluateXQuery[id=7fe61916-a496-4802-8cae-f9aa855c5562] Successfully updated content for FlowFile[0,fruit.xml,1B]; routing to 'matched'
[pool-667-thread-1] INFO org.apache.nifi.processors.standard.EvaluateXQuery - EvaluateXQuery[id=a0aa7fa3-3f1b-4b83-886e-7c96d2e332b2] Successfully updated content for FlowFile[0,fruit.xml,5B]; routing to 'matched'
[pool-668-thread-1] INFO org.apache.nifi.processors.standard.EvaluateXQuery - EvaluateXQuery[id=8302bdae-8097-4861-b48e-a720b718b969] Successfully updated content for FlowFile[0,fruit.xml,5B]; routing to 'matched'
[pool-669-thread-1] INFO org.apache.nifi.processors.standard.EvaluateXQuery - EvaluateXQuery[id=1907b558-1af9-4d5f-8b9e-56a76a4c7c94] Successfully updated content for FlowFile[0,fruit.xml,5B]; routing to 'matched'
[pool-670-thread-1] INFO org.apache.nifi.processors.standard.EvaluateXQuery - EvaluateXQuery[id=a495ef75-2ab3-4ce8-b1c1-5f75f2962a11] Successfully updated content for FlowFile[0,fruit.xml,5B]; routing to 'matched'
[pool-671-thread-1] INFO org.apache.nifi.processors.standard.EvaluateXQuery - EvaluateXQuery[id=2571f232-371f-43c7-830a-3020144c8843] Successfully updated content for FlowFile[0,fruit.xml,5B]; routing to 'matched'
[pool-672-thread-1] INFO org.apache.nifi.processors.standard.EvaluateXQuery - EvaluateXQuery[id=b19848e7-d8e4-4c12-8998-3bb5e57b636a] Successfully updated content for FlowFile[0,fruit.xml,5B]; routing to 'matched'
[pool-673-thread-1] INFO org.apache.nifi.processors.standard.EvaluateXQuery - EvaluateXQuery[id=da8a99ff-9046-46a3-9410-91f9aa1e0278] Successfully updated content for FlowFile[0,fruit.xml,5B]; routing to 'matched'
[pool-674-thread-1] INFO org.apache.nifi.processors.standard.EvaluateXQuery - EvaluateXQuery[id=a8f319d5-7534-4e04-9d11-30e49c446f20] Successfully updated content for FlowFile[0,fruit.xml,5B]; routing to 'matched'
[pool-675-thread-1] INFO org.apache.nifi.processors.standard.EvaluateXQuery - EvaluateXQuery[id=44ae2beb-5eee-4bef-b8b8-3e21476ab576] Successfully updated content for FlowFile[0,fruit.xml,5B]; routing to 'matched'
[pool-676-thread-1] INFO org.apache.nifi.processors.standard.EvaluateXQuery - EvaluateXQuery[id=d5738a92-748c-46b4-983a-329df1275498] Successfully updated content for FlowFile[0,fruit.xml,5B]; routing to 'matched'
[pool-677-thread-1] INFO org.apache.nifi.processors.standard.EvaluateXQuery - EvaluateXQuery[id=92106e50-3637-449f-803a-462bd58f63af] Successfully updated content for FlowFile[0,fruit.xml,5B]; routing to 'matched'
[pool-678-thread-1] INFO org.apache.nifi.processors.standard.EvaluateXQuery - EvaluateXQuery[id=968be2ab-6ab0-4ce2-aa6e-07082f03e87e] Successfully updated content for FlowFile[0,fruit.xml,5B]; routing to 'matched'
[pool-679-thread-1] INFO org.apache.nifi.processors.standard.EvaluateXQuery - EvaluateXQuery[id=09793d55-7638-4af4-840f-87bb234a48a9] Successfully updated content for FlowFile[0,fruit.xml,196B]; routing to 'matched'
[pool-680-thread-1] INFO org.apache.nifi.processors.standard.EvaluateXQuery - EvaluateXQuery[id=27fe92e8-4013-468a-bb68-4259ae5e61de] Successfully updated content for FlowFile[0,fruit.xml,158B]; routing to 'matched'
[pool-681-thread-1] INFO org.apache.nifi.processors.standard.EvaluateXQuery - EvaluateXQuery[id=fae3f905-e66d-4016-b98f-ab19ca163c08] Successfully updated content for FlowFile[0,fruit.xml,40B]; routing to 'matched'
[pool-682-thread-1] INFO org.apache.nifi.processors.standard.EvaluateXQuery - EvaluateXQuery[id=34a8f25f-101a-40a0-8e39-4bc6390cf4e3] Successfully updated content for FlowFile[0,fruit.xml,184B]; routing to 'matched'
[pool-683-thread-1] INFO org.apache.nifi.processors.standard.EvaluateXQuery - EvaluateXQuery[id=790e271a-9d01-494a-95a6-fef4f2ed5758] Successfully updated content for FlowFile[0,fruit.xml,145B]; routing to 'matched'
]]></system-err>
  </testcase>
  <testcase name="testUnmatchedContent" classname="org.apache.nifi.processors.standard.TestEvaluateXQuery" time="0.004">
    <system-err><![CDATA[[pool-684-thread-1] INFO org.apache.nifi.processors.standard.EvaluateXQuery - EvaluateXQuery[id=19f39b7f-6ad4-47ac-bac3-0c1ea424da10] Routing FlowFile[0,fruit.xml,1581B] to 'unmatched'
]]></system-err>
  </testcase>
  <testcase name="testNoXQueryContent" classname="org.apache.nifi.processors.standard.TestEvaluateXQuery" time="0.001"/>
  <testcase name="testWriteXmlToContent" classname="org.apache.nifi.processors.standard.TestEvaluateXQuery" time="0.004">
    <system-err><![CDATA[[pool-685-thread-1] INFO org.apache.nifi.processors.standard.EvaluateXQuery - EvaluateXQuery[id=7e042337-d01f-4dce-b840-027e21e6b123] Successfully updated content for FlowFile[0,fruit.xml,86B]; routing to 'matched'
]]></system-err>
  </testcase>
  <testcase name="testRootPath" classname="org.apache.nifi.processors.standard.TestEvaluateXQuery" time="0.005">
    <system-err><![CDATA[[pool-686-thread-1] INFO org.apache.nifi.processors.standard.EvaluateXQuery - EvaluateXQuery[id=8979b408-f12a-4911-8f1f-6e67438f4cbd] Successfully evaluated XQueries against FlowFile[0,fruit.xml,1581B] and found 1 matches; routing to matched
]]></system-err>
  </testcase>
  <testcase name="testWriteXmlToAttribute" classname="org.apache.nifi.processors.standard.TestEvaluateXQuery" time="0.005">
    <system-err><![CDATA[[pool-687-thread-1] INFO org.apache.nifi.processors.standard.EvaluateXQuery - EvaluateXQuery[id=0d87a9ac-f687-4161-a3de-9997b7bb6eec] Successfully evaluated XQueries against FlowFile[0,fruit.xml,1581B] and found 1 matches; routing to matched
]]></system-err>
  </testcase>
  <testcase name="testSuccessForEmbeddedDocTypeValidationDisabled" classname="org.apache.nifi.processors.standard.TestEvaluateXQuery" time="0.006">
    <system-err><![CDATA[[pool-688-thread-1] INFO org.apache.nifi.processors.standard.EvaluateXQuery - EvaluateXQuery[id=2019bfbc-808d-4408-b8ec-0492728ff27f] Successfully updated content for FlowFile[0,xml-snippet-embedded-doctype.xml,5B]; routing to 'matched'
]]></system-err>
  </testcase>
  <testcase name="testMatchesMultipleStringAttribute" classname="org.apache.nifi.processors.standard.TestEvaluateXQuery" time="0.005">
    <system-err><![CDATA[[pool-689-thread-1] INFO org.apache.nifi.processors.standard.EvaluateXQuery - EvaluateXQuery[id=51c1b24e-6d0a-403a-8d4c-6ca81320055f] Successfully evaluated XQueries against FlowFile[0,fruit.xml,1581B] and found 7 matches; routing to matched
]]></system-err>
  </testcase>
  <testcase name="testCheckIfElementExists" classname="org.apache.nifi.processors.standard.TestEvaluateXQuery" time="0.022">
    <system-err><![CDATA[[pool-690-thread-1] INFO org.apache.nifi.processors.standard.EvaluateXQuery - EvaluateXQuery[id=19d9c8aa-3d6c-4309-b0ca-c42657ebb2f1] Successfully evaluated XQueries against FlowFile[0,fruit.xml,1581B] and found 2 matches; routing to matched
]]></system-err>
  </testcase>
  <testcase name="testSuccessForExternalDocTypeWithDocTypeValidationDisabled" classname="org.apache.nifi.processors.standard.TestEvaluateXQuery" time="0.004">
    <system-err><![CDATA[[pool-691-thread-1] INFO org.apache.nifi.processors.standard.EvaluateXQuery - EvaluateXQuery[id=18a66514-2bed-4986-ae25-321bf77f2ec9] Successfully updated content for FlowFile[0,xml-snippet-external-doctype.xml,5B]; routing to 'matched'
]]></system-err>
  </testcase>
  <testcase name="testSuccessForEmbeddedDocTypeValidation" classname="org.apache.nifi.processors.standard.TestEvaluateXQuery" time="0.004">
    <system-err><![CDATA[[pool-692-thread-1] INFO org.apache.nifi.processors.standard.EvaluateXQuery - EvaluateXQuery[id=2422f239-81ea-473f-82e4-491e4e848adc] Successfully updated content for FlowFile[0,xml-snippet-embedded-doctype.xml,5B]; routing to 'matched'
]]></system-err>
  </testcase>
  <testcase name="testXQueries" classname="org.apache.nifi.processors.standard.TestEvaluateXQuery" time="0.268">
    <system-err><![CDATA[[pool-693-thread-1] INFO org.apache.nifi.processors.standard.EvaluateXQuery - EvaluateXQuery[id=26f2b584-efce-4adf-9877-4f04279dfe10] Successfully evaluated XQueries against FlowFile[0,fruit.xml,1581B] and found 1 matches; routing to matched
[pool-694-thread-1] INFO org.apache.nifi.processors.standard.EvaluateXQuery - EvaluateXQuery[id=30d6f135-e5d6-44cf-97e4-8b4825baa44d] Successfully updated content for FlowFile[0,fruit.xml,1B]; routing to 'matched'
[pool-695-thread-1] INFO org.apache.nifi.processors.standard.EvaluateXQuery - EvaluateXQuery[id=817bfdb8-0262-4274-8a57-ad913b46afa5] Successfully evaluated XQueries against FlowFile[0,fruit.xml,1581B] and found 1 matches; routing to matched
[pool-696-thread-1] INFO org.apache.nifi.processors.standard.EvaluateXQuery - EvaluateXQuery[id=179b3b99-f879-4826-9f78-2e089c3a9959] Successfully updated content for FlowFile[0,fruit.xml,1B]; routing to 'matched'
[pool-697-thread-1] INFO org.apache.nifi.processors.standard.EvaluateXQuery - EvaluateXQuery[id=c4888117-6e2e-44fa-b831-b32223e115ef] Successfully evaluated XQueries against FlowFile[0,fruit.xml,1581B] and found 1 matches; routing to matched
[pool-698-thread-1] INFO org.apache.nifi.processors.standard.EvaluateXQuery - EvaluateXQuery[id=72792879-e19a-4921-b11e-7202aab788b4] Successfully updated content for FlowFile[0,fruit.xml,1B]; routing to 'matched'
[pool-699-thread-1] INFO org.apache.nifi.processors.standard.EvaluateXQuery - EvaluateXQuery[id=5b52c4cf-d30f-47c2-b1f4-8ac8e334af9b] Successfully evaluated XQueries against FlowFile[0,fruit.xml,1581B] and found 1 matches; routing to matched
[pool-700-thread-1] INFO org.apache.nifi.processors.standard.EvaluateXQuery - EvaluateXQuery[id=8b8939f4-f685-489f-b2fc-3b3b505311e7] Successfully updated content for FlowFile[0,fruit.xml,4B]; routing to 'matched'
[pool-701-thread-1] INFO org.apache.nifi.processors.standard.EvaluateXQuery - EvaluateXQuery[id=b375e7a1-cab1-4c73-a604-ff157770b1da] Successfully evaluated XQueries against FlowFile[0,fruit.xml,1581B] and found 1 matches; routing to matched
[pool-702-thread-1] INFO org.apache.nifi.processors.standard.EvaluateXQuery - EvaluateXQuery[id=0952ae94-5ddc-4560-9789-0e846bb71538] Successfully updated content for FlowFile[0,fruit.xml,5B]; routing to 'matched'
[pool-703-thread-1] INFO org.apache.nifi.processors.standard.EvaluateXQuery - EvaluateXQuery[id=6c49221a-33ad-4042-a2e2-5976fc160e30] Successfully evaluated XQueries against FlowFile[0,fruit.xml,1581B] and found 1 matches; routing to matched
[pool-704-thread-1] INFO org.apache.nifi.processors.standard.EvaluateXQuery - EvaluateXQuery[id=08da7fab-7005-41b8-8fd4-3e8325518e0d] Successfully updated content for FlowFile[0,fruit.xml,196B]; routing to 'matched'
[pool-705-thread-1] INFO org.apache.nifi.processors.standard.EvaluateXQuery - EvaluateXQuery[id=b99f8e95-6622-404d-ba6c-21e7510b1872] Successfully evaluated XQueries against FlowFile[0,fruit.xml,1581B] and found 1 matches; routing to matched
[pool-706-thread-1] INFO org.apache.nifi.processors.standard.EvaluateXQuery - EvaluateXQuery[id=1247c928-fda9-4840-8b04-2bc0c48524d1] Successfully updated content for FlowFile[0,fruit.xml,131B]; routing to 'matched'
[pool-707-thread-1] INFO org.apache.nifi.processors.standard.EvaluateXQuery - EvaluateXQuery[id=43786a9f-a142-4aa9-96e5-f14975915fc0] Successfully evaluated XQueries against FlowFile[0,fruit.xml,1581B] and found 1 matches; routing to matched
[pool-708-thread-1] INFO org.apache.nifi.processors.standard.EvaluateXQuery - EvaluateXQuery[id=69306588-c1f6-4cbf-95e1-dd78e6dbbbc7] Successfully updated content for FlowFile[0,fruit.xml,209B]; routing to 'matched'
[pool-709-thread-1] INFO org.apache.nifi.processors.standard.EvaluateXQuery - EvaluateXQuery[id=4978a68b-c6b8-4a63-970e-cccd0f5cc3eb] Successfully evaluated XQueries against FlowFile[0,fruit.xml,1581B] and found 7 matches; routing to matched
[pool-710-thread-1] INFO org.apache.nifi.processors.standard.EvaluateXQuery - EvaluateXQuery[id=b61fe415-6106-4370-9dc6-da3c7a59946a] Successfully created 7 new FlowFiles from FlowFile[0,fruit.xml,1581B]; routing all to 'matched'
[pool-711-thread-1] INFO org.apache.nifi.processors.standard.EvaluateXQuery - EvaluateXQuery[id=9968ea2e-0baa-45f6-8857-29a773dfc96c] Successfully evaluated XQueries against FlowFile[0,fruit.xml,1581B] and found 1 matches; routing to matched
[pool-712-thread-1] INFO org.apache.nifi.processors.standard.EvaluateXQuery - EvaluateXQuery[id=03b6823d-1f0c-4012-b276-459f7b8349e9] Successfully updated content for FlowFile[0,fruit.xml,868B]; routing to 'matched'
[pool-713-thread-1] INFO org.apache.nifi.processors.standard.EvaluateXQuery - EvaluateXQuery[id=7d87d383-10d9-4299-bff0-be0b11ac1ce9] Successfully evaluated XQueries against FlowFile[0,fruit.xml,1581B] and found 7 matches; routing to matched
[pool-714-thread-1] INFO org.apache.nifi.processors.standard.EvaluateXQuery - EvaluateXQuery[id=1ac9f3e4-8653-47d5-9be5-d67ac645b821] Successfully created 7 new FlowFiles from FlowFile[0,fruit.xml,1581B]; routing all to 'matched'
[pool-715-thread-1] INFO org.apache.nifi.processors.standard.EvaluateXQuery - EvaluateXQuery[id=6bcac1b4-401f-41fd-a70b-ffc340f945b4] Successfully evaluated XQueries against FlowFile[0,fruit.xml,1581B] and found 1 matches; routing to matched
[pool-716-thread-1] INFO org.apache.nifi.processors.standard.EvaluateXQuery - EvaluateXQuery[id=02940242-49f4-4ca5-b076-e96e4d71e23e] Successfully updated content for FlowFile[0,fruit.xml,5B]; routing to 'matched'
[pool-717-thread-1] INFO org.apache.nifi.processors.standard.EvaluateXQuery - EvaluateXQuery[id=1c75fc53-1422-455c-8ea7-48fc5929f6f5] Successfully evaluated XQueries against FlowFile[0,fruit.xml,1581B] and found 1 matches; routing to matched
[pool-718-thread-1] INFO org.apache.nifi.processors.standard.EvaluateXQuery - EvaluateXQuery[id=dab16bdd-22f3-42b2-90a7-a2fcb5e7d838] Successfully updated content for FlowFile[0,fruit.xml,3B]; routing to 'matched'
[pool-719-thread-1] INFO org.apache.nifi.processors.standard.EvaluateXQuery - EvaluateXQuery[id=cbfb5500-e7ca-4732-a043-f43e3c0af31b] Successfully evaluated XQueries against FlowFile[0,fruit.xml,1581B] and found 1 matches; routing to matched
[pool-720-thread-1] INFO org.apache.nifi.processors.standard.EvaluateXQuery - EvaluateXQuery[id=550a2b6d-3318-42cb-a36a-6538d31d7c31] Successfully updated content for FlowFile[0,fruit.xml,11B]; routing to 'matched'
[pool-721-thread-1] INFO org.apache.nifi.processors.standard.EvaluateXQuery - EvaluateXQuery[id=a8f3589c-bc88-4b65-86c8-dfa30ef89072] Successfully evaluated XQueries against FlowFile[0,fruit.xml,1581B] and found 1 matches; routing to matched
[pool-722-thread-1] INFO org.apache.nifi.processors.standard.EvaluateXQuery - EvaluateXQuery[id=8bc23641-1096-4a1c-a85a-6bffb357666a] Successfully updated content for FlowFile[0,fruit.xml,11B]; routing to 'matched'
[pool-723-thread-1] INFO org.apache.nifi.processors.standard.EvaluateXQuery - EvaluateXQuery[id=0a3d426c-8ffb-4081-ae24-c7572ae2ef02] Successfully evaluated XQueries against FlowFile[0,fruit.xml,1581B] and found 7 matches; routing to matched
[pool-724-thread-1] INFO org.apache.nifi.processors.standard.EvaluateXQuery - EvaluateXQuery[id=162466c3-4e56-4b46-92c9-bffaf37e2d31] Successfully created 7 new FlowFiles from FlowFile[0,fruit.xml,1581B]; routing all to 'matched'
[pool-725-thread-1] INFO org.apache.nifi.processors.standard.EvaluateXQuery - EvaluateXQuery[id=a7d54618-9722-4774-a978-4569bd6b30e7] Successfully evaluated XQueries against FlowFile[0,fruit.xml,1581B] and found 1 matches; routing to matched
[pool-726-thread-1] INFO org.apache.nifi.processors.standard.EvaluateXQuery - EvaluateXQuery[id=cf89869f-a406-4410-bf7c-f5dd790363ed] Successfully updated content for FlowFile[0,fruit.xml,95B]; routing to 'matched'
[pool-727-thread-1] INFO org.apache.nifi.processors.standard.EvaluateXQuery - EvaluateXQuery[id=2634833d-0598-4e13-ab2a-5da4e6543b6d] Successfully evaluated XQueries against FlowFile[0,fruit.xml,1581B] and found 1 matches; routing to matched
[pool-728-thread-1] INFO org.apache.nifi.processors.standard.EvaluateXQuery - EvaluateXQuery[id=a3961143-4dd7-4573-88e9-523bd05e1014] Successfully updated content for FlowFile[0,fruit.xml,95B]; routing to 'matched'
[pool-729-thread-1] INFO org.apache.nifi.processors.standard.EvaluateXQuery - EvaluateXQuery[id=6b25d254-c513-4050-a2c6-e8a73171031e] Successfully evaluated XQueries against FlowFile[0,fruit.xml,1581B] and found 1 matches; routing to matched
[pool-730-thread-1] INFO org.apache.nifi.processors.standard.EvaluateXQuery - EvaluateXQuery[id=643a0f34-8b4c-4eaf-8368-9f612b03cd45] Successfully updated content for FlowFile[0,fruit.xml,56B]; routing to 'matched'
[pool-731-thread-1] INFO org.apache.nifi.processors.standard.EvaluateXQuery - EvaluateXQuery[id=d5173308-ad41-4d96-a0af-16b6890198d8] Successfully evaluated XQueries against FlowFile[0,fruit.xml,1581B] and found 1 matches; routing to matched
[pool-732-thread-1] INFO org.apache.nifi.processors.standard.EvaluateXQuery - EvaluateXQuery[id=8a29e66f-32db-4828-9463-90606ba9bf2b] Successfully updated content for FlowFile[0,fruit.xml,89B]; routing to 'matched'
[pool-733-thread-1] INFO org.apache.nifi.processors.standard.EvaluateXQuery - EvaluateXQuery[id=dab867ed-9fd1-4a9a-a734-6c5a0ffbd66e] Successfully evaluated XQueries against FlowFile[0,fruit.xml,1581B] and found 1 matches; routing to matched
[pool-734-thread-1] INFO org.apache.nifi.processors.standard.EvaluateXQuery - EvaluateXQuery[id=bb8c6e15-2c51-4321-87be-68bdbfe40eaf] Successfully updated content for FlowFile[0,fruit.xml,89B]; routing to 'matched'
[pool-735-thread-1] INFO org.apache.nifi.processors.standard.EvaluateXQuery - EvaluateXQuery[id=db6be911-752f-4995-913c-ce9dee23dde6] Successfully evaluated XQueries against FlowFile[0,fruit.xml,1581B] and found 1 matches; routing to matched
[pool-736-thread-1] INFO org.apache.nifi.processors.standard.EvaluateXQuery - EvaluateXQuery[id=773744e0-6082-4f0b-8468-47b4b04c028c] Successfully updated content for FlowFile[0,fruit.xml,5B]; routing to 'matched'
[pool-737-thread-1] INFO org.apache.nifi.processors.standard.EvaluateXQuery - EvaluateXQuery[id=8c7a4421-6349-4508-b787-6848721d4d64] Successfully evaluated XQueries against FlowFile[0,fruit.xml,1581B] and found 1 matches; routing to matched
[pool-738-thread-1] INFO org.apache.nifi.processors.standard.EvaluateXQuery - EvaluateXQuery[id=44fdaed9-a0b7-4175-a92e-425383c01f4c] Successfully updated content for FlowFile[0,fruit.xml,24B]; routing to 'matched'
[pool-739-thread-1] INFO org.apache.nifi.processors.standard.EvaluateXQuery - EvaluateXQuery[id=af6df50e-7304-436a-87ee-67620d118944] Successfully evaluated XQueries against FlowFile[0,fruit.xml,1581B] and found 1 matches; routing to matched
[pool-740-thread-1] INFO org.apache.nifi.processors.standard.EvaluateXQuery - EvaluateXQuery[id=ab592da8-3db4-4ccb-b009-e69869185fd3] Successfully updated content for FlowFile[0,fruit.xml,30B]; routing to 'matched'
]]></system-err>
  </testcase>
  <testcase name="testOneMatchOneUnmatchAttribute" classname="org.apache.nifi.processors.standard.TestEvaluateXQuery" time="0.005">
    <system-err><![CDATA[[pool-741-thread-1] INFO org.apache.nifi.processors.standard.EvaluateXQuery - EvaluateXQuery[id=ee56766d-02a7-451f-8023-0d358aed38c0] Successfully evaluated XQueries against FlowFile[0,fruit.xml,1581B] and found 7 matches; routing to matched
]]></system-err>
  </testcase>
  <testcase name="testMatchesMultipleXmlContent" classname="org.apache.nifi.processors.standard.TestEvaluateXQuery" time="0.009">
    <system-err><![CDATA[[pool-742-thread-1] INFO org.apache.nifi.processors.standard.EvaluateXQuery - EvaluateXQuery[id=62b108b3-e8b4-4831-ab8f-d1b0057edd08] Successfully created 7 new FlowFiles from FlowFile[0,fruit.xml,1581B]; routing all to 'matched'
]]></system-err>
  </testcase>
  <testcase name="testWriteStringToContent" classname="org.apache.nifi.processors.standard.TestEvaluateXQuery" time="0.005">
    <system-err><![CDATA[[pool-743-thread-1] INFO org.apache.nifi.processors.standard.EvaluateXQuery - EvaluateXQuery[id=f7429130-5de2-4981-a33c-752e5721ad16] Successfully updated content for FlowFile[0,fruit.xml,5B]; routing to 'matched'
]]></system-err>
  </testcase>
  <testcase name="testMultipleXPathForContent" classname="org.apache.nifi.processors.standard.TestEvaluateXQuery" time="0.001"/>
</testsuite>