<?xml version="1.0" encoding="UTF-8"?>
<testsuite xmlns:xsi="http://www.w3.org/2001/XMLSchema-instance" xsi:noNamespaceSchemaLocation="https://maven.apache.org/surefire/maven-surefire-plugin/xsd/surefire-test-report-3.0.xsd" version="3.0" name="org.apache.nifi.security.util.crypto.ScryptCipherProviderGroovyTest" time="0.354" tests="23" errors="0" skipped="1" failures="0">
  <properties>
    <property name="sun.desktop" value="gnome"/>
    <property name="awt.toolkit" value="sun.awt.X11.XToolkit"/>
    <property name="file.encoding.pkg" value="sun.io"/>
    <property name="java.specification.version" value="1.8"/>
    <property name="sun.cpu.isalist" value=""/>
    <property name="sun.jnu.encoding" value="UTF-8"/>
    <property name="java.class.path" value="/home/alex/Repositories/nifi/nifi-commons/nifi-security-utils/target/test-classes:/home/alex/Repositories/nifi/nifi-commons/nifi-security-utils/target/classes:/home/alex/Repositories/nifi/nifi-api/target/classes:/home/alex/Repositories/nifi/nifi-commons/nifi-utils/target/classes:/home/alex/Repositories/nifi/nifi-commons/nifi-security-utils-api/target/classes:/home/alex/Repositories/nifi/nifi-commons/nifi-security-kms/target/classes:/home/alex/.m2/repository/org/apache/commons/commons-lang3/3.12.0/commons-lang3-3.12.0.jar:/home/alex/.m2/repository/commons-codec/commons-codec/1.14/commons-codec-1.14.jar:/home/alex/.m2/repository/org/bouncycastle/bcprov-jdk15on/1.69/bcprov-jdk15on-1.69.jar:/home/alex/.m2/repository/org/bouncycastle/bcpkix-jdk15on/1.69/bcpkix-jdk15on-1.69.jar:/home/alex/.m2/repository/org/bouncycastle/bcutil-jdk15on/1.69/bcutil-jdk15on-1.69.jar:/home/alex/Repositories/nifi/nifi-commons/nifi-properties/target/classes:/home/alex/Repositories/nifi/nifi-commons/nifi-property-utils/target/classes:/home/alex/.m2/repository/at/favre/lib/bcrypt/0.9.0/bcrypt-0.9.0.jar:/home/alex/.m2/repository/at/favre/lib/bytes/1.3.0/bytes-1.3.0.jar:/home/alex/.m2/repository/org/apache/commons/commons-configuration2/2.7/commons-configuration2-2.7.jar:/home/alex/.m2/repository/org/apache/commons/commons-text/1.8/commons-text-1.8.jar:/home/alex/.m2/repository/org/slf4j/jcl-over-slf4j/1.7.32/jcl-over-slf4j-1.7.32.jar:/home/alex/.m2/repository/org/slf4j/slf4j-api/1.7.32/slf4j-api-1.7.32.jar:/home/alex/.m2/repository/org/junit/jupiter/junit-jupiter-api/5.7.2/junit-jupiter-api-5.7.2.jar:/home/alex/.m2/repository/org/apiguardian/apiguardian-api/1.1.0/apiguardian-api-1.1.0.jar:/home/alex/.m2/repository/org/opentest4j/opentest4j/1.2.0/opentest4j-1.2.0.jar:/home/alex/.m2/repository/org/junit/platform/junit-platform-commons/1.7.2/junit-platform-commons-1.7.2.jar:/home/alex/.m2/repository/org/junit/jupiter/junit-jupiter-engine/5.7.2/junit-jupiter-engine-5.7.2.jar:/home/alex/.m2/repository/org/junit/platform/junit-platform-engine/1.7.2/junit-platform-engine-1.7.2.jar:/home/alex/.m2/repository/org/junit/vintage/junit-vintage-engine/5.7.2/junit-vintage-engine-5.7.2.jar:/home/alex/.m2/repository/junit/junit/4.13.2/junit-4.13.2.jar:/home/alex/.m2/repository/org/hamcrest/hamcrest-core/1.3/hamcrest-core-1.3.jar:/home/alex/.m2/repository/org/junit/jupiter/junit-jupiter-params/5.7.2/junit-jupiter-params-5.7.2.jar:/home/alex/.m2/repository/org/mockito/mockito-core/3.11.2/mockito-core-3.11.2.jar:/home/alex/.m2/repository/net/bytebuddy/byte-buddy/1.11.3/byte-buddy-1.11.3.jar:/home/alex/.m2/repository/net/bytebuddy/byte-buddy-agent/1.11.3/byte-buddy-agent-1.11.3.jar:/home/alex/.m2/repository/org/objenesis/objenesis/3.2/objenesis-3.2.jar:/home/alex/.m2/repository/org/mockito/mockito-junit-jupiter/3.11.2/mockito-junit-jupiter-3.11.2.jar:/home/alex/.m2/repository/org/slf4j/slf4j-simple/1.7.32/slf4j-simple-1.7.32.jar:/home/alex/.m2/repository/org/codehaus/groovy/groovy-test/2.5.14/groovy-test-2.5.14.jar:/home/alex/.m2/repository/org/codehaus/groovy/groovy/2.5.14/groovy-2.5.14.jar:"/>
    <property name="java.vm.vendor" value="Private Build"/>
    <property name="sun.arch.data.model" value="64"/>
    <property name="java.vendor.url" value="http://java.oracle.com/"/>
    <property name="user.timezone" value=""/>
    <property name="java.vm.specification.version" value="1.8"/>
    <property name="os.name" value="Linux"/>
    <property name="user.country" value="US"/>
    <property name="sun.java.launcher" value="SUN_STANDARD"/>
    <property name="sun.boot.library.path" value="/usr/lib/jvm/java-8-openjdk-amd64/jre/lib/amd64"/>
    <property name="sun.java.command" value="/home/alex/Repositories/nifi/nifi-commons/nifi-security-utils/target/surefire/surefirebooter3222842205374735420.jar /home/alex/Repositories/nifi/nifi-commons/nifi-security-utils/target/surefire 2024-05-02T03-47-00_422-jvmRun1 surefire53837187592157608tmp surefire_65616380609346653298tmp"/>
    <property name="surefire.test.class.path" value="/home/alex/Repositories/nifi/nifi-commons/nifi-security-utils/target/test-classes:/home/alex/Repositories/nifi/nifi-commons/nifi-security-utils/target/classes:/home/alex/Repositories/nifi/nifi-api/target/classes:/home/alex/Repositories/nifi/nifi-commons/nifi-utils/target/classes:/home/alex/Repositories/nifi/nifi-commons/nifi-security-utils-api/target/classes:/home/alex/Repositories/nifi/nifi-commons/nifi-security-kms/target/classes:/home/alex/.m2/repository/org/apache/commons/commons-lang3/3.12.0/commons-lang3-3.12.0.jar:/home/alex/.m2/repository/commons-codec/commons-codec/1.14/commons-codec-1.14.jar:/home/alex/.m2/repository/org/bouncycastle/bcprov-jdk15on/1.69/bcprov-jdk15on-1.69.jar:/home/alex/.m2/repository/org/bouncycastle/bcpkix-jdk15on/1.69/bcpkix-jdk15on-1.69.jar:/home/alex/.m2/repository/org/bouncycastle/bcutil-jdk15on/1.69/bcutil-jdk15on-1.69.jar:/home/alex/Repositories/nifi/nifi-commons/nifi-properties/target/classes:/home/alex/Repositories/nifi/nifi-commons/nifi-property-utils/target/classes:/home/alex/.m2/repository/at/favre/lib/bcrypt/0.9.0/bcrypt-0.9.0.jar:/home/alex/.m2/repository/at/favre/lib/bytes/1.3.0/bytes-1.3.0.jar:/home/alex/.m2/repository/org/apache/commons/commons-configuration2/2.7/commons-configuration2-2.7.jar:/home/alex/.m2/repository/org/apache/commons/commons-text/1.8/commons-text-1.8.jar:/home/alex/.m2/repository/org/slf4j/jcl-over-slf4j/1.7.32/jcl-over-slf4j-1.7.32.jar:/home/alex/.m2/repository/org/slf4j/slf4j-api/1.7.32/slf4j-api-1.7.32.jar:/home/alex/.m2/repository/org/junit/jupiter/junit-jupiter-api/5.7.2/junit-jupiter-api-5.7.2.jar:/home/alex/.m2/repository/org/apiguardian/apiguardian-api/1.1.0/apiguardian-api-1.1.0.jar:/home/alex/.m2/repository/org/opentest4j/opentest4j/1.2.0/opentest4j-1.2.0.jar:/home/alex/.m2/repository/org/junit/platform/junit-platform-commons/1.7.2/junit-platform-commons-1.7.2.jar:/home/alex/.m2/repository/org/junit/jupiter/junit-jupiter-engine/5.7.2/junit-jupiter-engine-5.7.2.jar:/home/alex/.m2/repository/org/junit/platform/junit-platform-engine/1.7.2/junit-platform-engine-1.7.2.jar:/home/alex/.m2/repository/org/junit/vintage/junit-vintage-engine/5.7.2/junit-vintage-engine-5.7.2.jar:/home/alex/.m2/repository/junit/junit/4.13.2/junit-4.13.2.jar:/home/alex/.m2/repository/org/hamcrest/hamcrest-core/1.3/hamcrest-core-1.3.jar:/home/alex/.m2/repository/org/junit/jupiter/junit-jupiter-params/5.7.2/junit-jupiter-params-5.7.2.jar:/home/alex/.m2/repository/org/mockito/mockito-core/3.11.2/mockito-core-3.11.2.jar:/home/alex/.m2/repository/net/bytebuddy/byte-buddy/1.11.3/byte-buddy-1.11.3.jar:/home/alex/.m2/repository/net/bytebuddy/byte-buddy-agent/1.11.3/byte-buddy-agent-1.11.3.jar:/home/alex/.m2/repository/org/objenesis/objenesis/3.2/objenesis-3.2.jar:/home/alex/.m2/repository/org/mockito/mockito-junit-jupiter/3.11.2/mockito-junit-jupiter-3.11.2.jar:/home/alex/.m2/repository/org/slf4j/slf4j-simple/1.7.32/slf4j-simple-1.7.32.jar:/home/alex/.m2/repository/org/codehaus/groovy/groovy-test/2.5.14/groovy-test-2.5.14.jar:/home/alex/.m2/repository/org/codehaus/groovy/groovy/2.5.14/groovy-2.5.14.jar:"/>
    <property name="sun.cpu.endian" value="little"/>
    <property name="user.home" value="/home/alex"/>
    <property name="user.language" value="en"/>
    <property name="java.specification.vendor" value="Oracle Corporation"/>
    <property name="java.home" value="/usr/lib/jvm/java-8-openjdk-amd64/jre"/>
    <property name="basedir" value="/home/alex/Repositories/nifi/nifi-commons/nifi-security-utils"/>
    <property name="file.separator" value="/"/>
    <property name="line.separator" value="&#10;"/>
    <property name="java.vm.specification.vendor" value="Oracle Corporation"/>
    <property name="java.specification.name" value="Java Platform API Specification"/>
    <property name="java.awt.graphicsenv" value="sun.awt.X11GraphicsEnvironment"/>
    <property name="java.awt.headless" value="true"/>
    <property name="surefire.real.class.path" value="/home/alex/Repositories/nifi/nifi-commons/nifi-security-utils/target/surefire/surefirebooter3222842205374735420.jar"/>
    <property name="sun.boot.class.path" value="/usr/lib/jvm/java-8-openjdk-amd64/jre/lib/resources.jar:/usr/lib/jvm/java-8-openjdk-amd64/jre/lib/rt.jar:/usr/lib/jvm/java-8-openjdk-amd64/jre/lib/sunrsasign.jar:/usr/lib/jvm/java-8-openjdk-amd64/jre/lib/jsse.jar:/usr/lib/jvm/java-8-openjdk-amd64/jre/lib/jce.jar:/usr/lib/jvm/java-8-openjdk-amd64/jre/lib/charsets.jar:/usr/lib/jvm/java-8-openjdk-amd64/jre/lib/jfr.jar:/usr/lib/jvm/java-8-openjdk-amd64/jre/classes"/>
    <property name="sun.management.compiler" value="HotSpot 64-Bit Tiered Compilers"/>
    <property name="java.runtime.version" value="1.8.0_402-8u402-ga-2ubuntu1~22.04-b06"/>
    <property name="java.net.preferIPv4Stack" value="true"/>
    <property name="user.name" value="alex"/>
    <property name="path.separator" value=":"/>
    <property name="os.version" value="6.5.0-28-generic"/>
    <property name="java.endorsed.dirs" value="/usr/lib/jvm/java-8-openjdk-amd64/jre/lib/endorsed"/>
    <property name="java.runtime.name" value="OpenJDK Runtime Environment"/>
    <property name="file.encoding" value="UTF-8"/>
    <property name="java.vm.name" value="OpenJDK 64-Bit Server VM"/>
    <property name="localRepository" value="/home/alex/.m2/repository"/>
    <property name="java.vendor.url.bug" value="http://bugreport.sun.com/bugreport/"/>
    <property name="java.io.tmpdir" value="/tmp"/>
    <property name="java.version" value="1.8.0_402"/>
    <property name="user.dir" value="/home/alex/Repositories/nifi/nifi-commons/nifi-security-utils"/>
    <property name="os.arch" value="amd64"/>
    <property name="java.vm.specification.name" value="Java Virtual Machine Specification"/>
    <property name="java.awt.printerjob" value="sun.print.PSPrinterJob"/>
    <property name="sun.os.patch.level" value="unknown"/>
    <property name="java.library.path" value="/usr/java/packages/lib/amd64:/usr/lib/x86_64-linux-gnu/jni:/lib/x86_64-linux-gnu:/usr/lib/x86_64-linux-gnu:/usr/lib/jni:/lib:/usr/lib"/>
    <property name="java.vm.info" value="mixed mode"/>
    <property name="java.vendor" value="Private Build"/>
    <property name="java.vm.version" value="25.402-b06"/>
    <property name="java.specification.maintenance.version" value="5"/>
    <property name="java.ext.dirs" value="/usr/lib/jvm/java-8-openjdk-amd64/jre/lib/ext:/usr/java/packages/lib/ext"/>
    <property name="sun.io.unicode.encoding" value="UnicodeLittle"/>
    <property name="java.class.version" value="52.0"/>
  </properties>
  <testcase name="testGetCipherForDecryptShouldRequireIV" classname="org.apache.nifi.security.util.crypto.ScryptCipherProviderGroovyTest" time="0.01">
    <system-err><![CDATA[[main] WARN org.apache.nifi.security.util.crypto.ScryptCipherProvider - The provided iteration count 4 is below the recommended minimum 16384
[main] WARN org.apache.nifi.security.util.crypto.ScryptCipherProvider - The provided block size 1 is below the recommended minimum 8
[main] INFO org.apache.nifi.security.util.crypto.ScryptCipherProviderGroovyTest - Using algorithm: AES/CBC/NoPadding
[main] WARN org.apache.nifi.security.util.crypto.ScryptSecureHasher - The provided r size 1 * 128 B is below the recommended minimum 8.
[main] WARN org.apache.nifi.security.util.crypto.ScryptSecureHasher - The provided iteration count N 4 is below the recommended minimum 16384.
[main] WARN org.apache.nifi.security.util.crypto.AESKeyedCipherProvider - An empty IV was provided of length 16 for encryption
[main] WARN org.apache.nifi.security.util.crypto.AESKeyedCipherProvider - Generating new IV. The value can be obtained in the calling code by invoking 'cipher.getIV()';
[main] INFO org.apache.nifi.security.util.crypto.ScryptCipherProviderGroovyTest - IV: 00000000000000000000000000000000
[main] INFO org.apache.nifi.security.util.crypto.ScryptCipherProviderGroovyTest - Cipher text: ab83d20ae9963b52e218c1695c4625d0123e8e30700fa8357906af4d6263279b 32
[main] WARN org.apache.nifi.security.util.crypto.ScryptSecureHasher - The provided r size 1 * 128 B is below the recommended minimum 8.
[main] WARN org.apache.nifi.security.util.crypto.ScryptSecureHasher - The provided iteration count N 4 is below the recommended minimum 16384.
[main] WARN org.apache.nifi.security.util.crypto.AESKeyedCipherProvider - An IV was provided of length 0 bytes for decryption but should be 16 bytes
[main] ERROR org.apache.nifi.security.util.crypto.ScryptCipherProvider - Encountered an error generating the Scrypt hash
java.lang.IllegalArgumentException: Cannot decrypt without a valid IV
	at org.apache.nifi.security.util.crypto.AESKeyedCipherProvider.getInitializedCipher(AESKeyedCipherProvider.java:128)
	at org.apache.nifi.security.util.crypto.AESKeyedCipherProvider.getCipher(AESKeyedCipherProvider.java:60)
	at org.apache.nifi.security.util.crypto.ScryptCipherProvider.getInitializedCipher(ScryptCipherProvider.java:209)
	at org.apache.nifi.security.util.crypto.ScryptCipherProvider.getCipher(ScryptCipherProvider.java:133)
	at org.apache.nifi.security.util.crypto.ScryptCipherProvider.getCipher(ScryptCipherProvider.java:161)
	at org.apache.nifi.security.util.crypto.PBECipherProvider$getCipher$0.call(Unknown Source)
	at org.codehaus.groovy.runtime.callsite.CallSiteArray.defaultCall(CallSiteArray.java:47)
	at org.codehaus.groovy.runtime.callsite.AbstractCallSite.call(AbstractCallSite.java:115)
	at org.apache.nifi.security.util.crypto.ScryptCipherProviderGroovyTest$_testGetCipherForDecryptShouldRequireIV_closure7.doCall(ScryptCipherProviderGroovyTest.groovy:370)
	at org.apache.nifi.security.util.crypto.ScryptCipherProviderGroovyTest$_testGetCipherForDecryptShouldRequireIV_closure7.doCall(ScryptCipherProviderGroovyTest.groovy)
	at sun.reflect.NativeMethodAccessorImpl.invoke0(Native Method)
	at sun.reflect.NativeMethodAccessorImpl.invoke(NativeMethodAccessorImpl.java:62)
	at sun.reflect.DelegatingMethodAccessorImpl.invoke(DelegatingMethodAccessorImpl.java:43)
	at java.lang.reflect.Method.invoke(Method.java:498)
	at org.codehaus.groovy.reflection.CachedMethod.invoke(CachedMethod.java:101)
	at groovy.lang.MetaMethod.doMethodInvoke(MetaMethod.java:323)
	at org.codehaus.groovy.runtime.metaclass.ClosureMetaClass.invokeMethod(ClosureMetaClass.java:263)
	at groovy.lang.MetaClassImpl.invokeMethod(MetaClassImpl.java:1041)
	at groovy.lang.Closure.call(Closure.java:405)
	at groovy.lang.Closure.call(Closure.java:399)
	at groovy.test.GroovyAssert.shouldFail(GroovyAssert.java:118)
	at groovy.test.GroovyAssert$shouldFail.callStatic(Unknown Source)
	at org.codehaus.groovy.runtime.callsite.CallSiteArray.defaultCallStatic(CallSiteArray.java:55)
	at org.codehaus.groovy.runtime.callsite.AbstractCallSite.callStatic(AbstractCallSite.java:196)
	at org.codehaus.groovy.runtime.callsite.AbstractCallSite.callStatic(AbstractCallSite.java:216)
	at org.apache.nifi.security.util.crypto.ScryptCipherProviderGroovyTest.testGetCipherForDecryptShouldRequireIV(ScryptCipherProviderGroovyTest.groovy:369)
	at sun.reflect.NativeMethodAccessorImpl.invoke0(Native Method)
	at sun.reflect.NativeMethodAccessorImpl.invoke(NativeMethodAccessorImpl.java:62)
	at sun.reflect.DelegatingMethodAccessorImpl.invoke(DelegatingMethodAccessorImpl.java:43)
	at java.lang.reflect.Method.invoke(Method.java:498)
	at org.junit.platform.commons.util.ReflectionUtils.invokeMethod(ReflectionUtils.java:688)
	at org.junit.jupiter.engine.execution.MethodInvocation.proceed(MethodInvocation.java:60)
	at org.junit.jupiter.engine.execution.InvocationInterceptorChain$ValidatingInvocation.proceed(InvocationInterceptorChain.java:131)
	at org.junit.jupiter.engine.extension.TimeoutExtension.intercept(TimeoutExtension.java:149)
	at org.junit.jupiter.engine.extension.TimeoutExtension.interceptTestableMethod(TimeoutExtension.java:140)
	at org.junit.jupiter.engine.extension.TimeoutExtension.interceptTestMethod(TimeoutExtension.java:84)
	at org.junit.jupiter.engine.execution.ExecutableInvoker$ReflectiveInterceptorCall.lambda$ofVoidMethod$0(ExecutableInvoker.java:115)
	at org.junit.jupiter.engine.execution.ExecutableInvoker.lambda$invoke$0(ExecutableInvoker.java:105)
	at org.junit.jupiter.engine.execution.InvocationInterceptorChain$InterceptedInvocation.proceed(InvocationInterceptorChain.java:106)
	at org.junit.jupiter.engine.execution.InvocationInterceptorChain.proceed(InvocationInterceptorChain.java:64)
	at org.junit.jupiter.engine.execution.InvocationInterceptorChain.chainAndInvoke(InvocationInterceptorChain.java:45)
	at org.junit.jupiter.engine.execution.InvocationInterceptorChain.invoke(InvocationInterceptorChain.java:37)
	at org.junit.jupiter.engine.execution.ExecutableInvoker.invoke(ExecutableInvoker.java:104)
	at org.junit.jupiter.engine.execution.ExecutableInvoker.invoke(ExecutableInvoker.java:98)
	at org.junit.jupiter.engine.descriptor.TestMethodTestDescriptor.lambda$invokeTestMethod$6(TestMethodTestDescriptor.java:210)
	at org.junit.platform.engine.support.hierarchical.ThrowableCollector.execute(ThrowableCollector.java:73)
	at org.junit.jupiter.engine.descriptor.TestMethodTestDescriptor.invokeTestMethod(TestMethodTestDescriptor.java:206)
	at org.junit.jupiter.engine.descriptor.TestMethodTestDescriptor.execute(TestMethodTestDescriptor.java:131)
	at org.junit.jupiter.engine.descriptor.TestMethodTestDescriptor.execute(TestMethodTestDescriptor.java:65)
	at org.junit.platform.engine.support.hierarchical.NodeTestTask.lambda$executeRecursively$5(NodeTestTask.java:139)
	at org.junit.platform.engine.support.hierarchical.ThrowableCollector.execute(ThrowableCollector.java:73)
	at org.junit.platform.engine.support.hierarchical.NodeTestTask.lambda$executeRecursively$7(NodeTestTask.java:129)
	at org.junit.platform.engine.support.hierarchical.Node.around(Node.java:137)
	at org.junit.platform.engine.support.hierarchical.NodeTestTask.lambda$executeRecursively$8(NodeTestTask.java:127)
	at org.junit.platform.engine.support.hierarchical.ThrowableCollector.execute(ThrowableCollector.java:73)
	at org.junit.platform.engine.support.hierarchical.NodeTestTask.executeRecursively(NodeTestTask.java:126)
	at org.junit.platform.engine.support.hierarchical.NodeTestTask.execute(NodeTestTask.java:84)
	at java.util.ArrayList.forEach(ArrayList.java:1259)
	at org.junit.platform.engine.support.hierarchical.SameThreadHierarchicalTestExecutorService.invokeAll(SameThreadHierarchicalTestExecutorService.java:38)
	at org.junit.platform.engine.support.hierarchical.NodeTestTask.lambda$executeRecursively$5(NodeTestTask.java:143)
	at org.junit.platform.engine.support.hierarchical.ThrowableCollector.execute(ThrowableCollector.java:73)
	at org.junit.platform.engine.support.hierarchical.NodeTestTask.lambda$executeRecursively$7(NodeTestTask.java:129)
	at org.junit.platform.engine.support.hierarchical.Node.around(Node.java:137)
	at org.junit.platform.engine.support.hierarchical.NodeTestTask.lambda$executeRecursively$8(NodeTestTask.java:127)
	at org.junit.platform.engine.support.hierarchical.ThrowableCollector.execute(ThrowableCollector.java:73)
	at org.junit.platform.engine.support.hierarchical.NodeTestTask.executeRecursively(NodeTestTask.java:126)
	at org.junit.platform.engine.support.hierarchical.NodeTestTask.execute(NodeTestTask.java:84)
	at java.util.ArrayList.forEach(ArrayList.java:1259)
	at org.junit.platform.engine.support.hierarchical.SameThreadHierarchicalTestExecutorService.invokeAll(SameThreadHierarchicalTestExecutorService.java:38)
	at org.junit.platform.engine.support.hierarchical.NodeTestTask.lambda$executeRecursively$5(NodeTestTask.java:143)
	at org.junit.platform.engine.support.hierarchical.ThrowableCollector.execute(ThrowableCollector.java:73)
	at org.junit.platform.engine.support.hierarchical.NodeTestTask.lambda$executeRecursively$7(NodeTestTask.java:129)
	at org.junit.platform.engine.support.hierarchical.Node.around(Node.java:137)
	at org.junit.platform.engine.support.hierarchical.NodeTestTask.lambda$executeRecursively$8(NodeTestTask.java:127)
	at org.junit.platform.engine.support.hierarchical.ThrowableCollector.execute(ThrowableCollector.java:73)
	at org.junit.platform.engine.support.hierarchical.NodeTestTask.executeRecursively(NodeTestTask.java:126)
	at org.junit.platform.engine.support.hierarchical.NodeTestTask.execute(NodeTestTask.java:84)
	at org.junit.platform.engine.support.hierarchical.SameThreadHierarchicalTestExecutorService.submit(SameThreadHierarchicalTestExecutorService.java:32)
	at org.junit.platform.engine.support.hierarchical.HierarchicalTestExecutor.execute(HierarchicalTestExecutor.java:57)
	at org.junit.platform.engine.support.hierarchical.HierarchicalTestEngine.execute(HierarchicalTestEngine.java:51)
	at org.junit.platform.launcher.core.EngineExecutionOrchestrator.execute(EngineExecutionOrchestrator.java:108)
	at org.junit.platform.launcher.core.EngineExecutionOrchestrator.execute(EngineExecutionOrchestrator.java:88)
	at org.junit.platform.launcher.core.EngineExecutionOrchestrator.lambda$execute$0(EngineExecutionOrchestrator.java:54)
	at org.junit.platform.launcher.core.EngineExecutionOrchestrator.withInterceptedStreams(EngineExecutionOrchestrator.java:67)
	at org.junit.platform.launcher.core.EngineExecutionOrchestrator.execute(EngineExecutionOrchestrator.java:52)
	at org.junit.platform.launcher.core.DefaultLauncher.execute(DefaultLauncher.java:96)
	at org.junit.platform.launcher.core.DefaultLauncher.execute(DefaultLauncher.java:75)
	at org.apache.maven.surefire.junitplatform.JUnitPlatformProvider.execute(JUnitPlatformProvider.java:188)
	at org.apache.maven.surefire.junitplatform.JUnitPlatformProvider.invokeAllTests(JUnitPlatformProvider.java:154)
	at org.apache.maven.surefire.junitplatform.JUnitPlatformProvider.invoke(JUnitPlatformProvider.java:128)
	at org.apache.maven.surefire.booter.ForkedBooter.runSuitesInProcess(ForkedBooter.java:428)
	at org.apache.maven.surefire.booter.ForkedBooter.execute(ForkedBooter.java:162)
	at org.apache.maven.surefire.booter.ForkedBooter.run(ForkedBooter.java:562)
	at org.apache.maven.surefire.booter.ForkedBooter.main(ForkedBooter.java:548)
[main] INFO org.apache.nifi.security.util.crypto.ScryptCipherProviderGroovyTest - [EXPECTED] java.lang.IllegalArgumentException: Cannot decrypt without a valid IV
[main] INFO org.apache.nifi.security.util.crypto.ScryptCipherProviderGroovyTest - Using algorithm: AES/CBC/PKCS7Padding
[main] WARN org.apache.nifi.security.util.crypto.ScryptSecureHasher - The provided r size 1 * 128 B is below the recommended minimum 8.
[main] WARN org.apache.nifi.security.util.crypto.ScryptSecureHasher - The provided iteration count N 4 is below the recommended minimum 16384.
[main] WARN org.apache.nifi.security.util.crypto.AESKeyedCipherProvider - An empty IV was provided of length 16 for encryption
[main] WARN org.apache.nifi.security.util.crypto.AESKeyedCipherProvider - Generating new IV. The value can be obtained in the calling code by invoking 'cipher.getIV()';
[main] INFO org.apache.nifi.security.util.crypto.ScryptCipherProviderGroovyTest - IV: 00000000000000000000000000000000
[main] INFO org.apache.nifi.security.util.crypto.ScryptCipherProviderGroovyTest - Cipher text: 2564a622c9b063372ba457005cf53ec7e4be4202fceb27f3ad343a3f6af4df347466180ad57a2e6510414411cf65c2f6 48
[main] WARN org.apache.nifi.security.util.crypto.ScryptSecureHasher - The provided r size 1 * 128 B is below the recommended minimum 8.
[main] WARN org.apache.nifi.security.util.crypto.ScryptSecureHasher - The provided iteration count N 4 is below the recommended minimum 16384.
[main] WARN org.apache.nifi.security.util.crypto.AESKeyedCipherProvider - An IV was provided of length 0 bytes for decryption but should be 16 bytes
[main] ERROR org.apache.nifi.security.util.crypto.ScryptCipherProvider - Encountered an error generating the Scrypt hash
java.lang.IllegalArgumentException: Cannot decrypt without a valid IV
	at org.apache.nifi.security.util.crypto.AESKeyedCipherProvider.getInitializedCipher(AESKeyedCipherProvider.java:128)
	at org.apache.nifi.security.util.crypto.AESKeyedCipherProvider.getCipher(AESKeyedCipherProvider.java:60)
	at org.apache.nifi.security.util.crypto.ScryptCipherProvider.getInitializedCipher(ScryptCipherProvider.java:209)
	at org.apache.nifi.security.util.crypto.ScryptCipherProvider.getCipher(ScryptCipherProvider.java:133)
	at org.apache.nifi.security.util.crypto.ScryptCipherProvider.getCipher(ScryptCipherProvider.java:161)
	at org.apache.nifi.security.util.crypto.PBECipherProvider$getCipher$0.call(Unknown Source)
	at org.apache.nifi.security.util.crypto.ScryptCipherProviderGroovyTest$_testGetCipherForDecryptShouldRequireIV_closure7.doCall(ScryptCipherProviderGroovyTest.groovy:370)
	at org.apache.nifi.security.util.crypto.ScryptCipherProviderGroovyTest$_testGetCipherForDecryptShouldRequireIV_closure7.doCall(ScryptCipherProviderGroovyTest.groovy)
	at sun.reflect.NativeMethodAccessorImpl.invoke0(Native Method)
	at sun.reflect.NativeMethodAccessorImpl.invoke(NativeMethodAccessorImpl.java:62)
	at sun.reflect.DelegatingMethodAccessorImpl.invoke(DelegatingMethodAccessorImpl.java:43)
	at java.lang.reflect.Method.invoke(Method.java:498)
	at org.codehaus.groovy.reflection.CachedMethod.invoke(CachedMethod.java:101)
	at groovy.lang.MetaMethod.doMethodInvoke(MetaMethod.java:323)
	at org.codehaus.groovy.runtime.metaclass.ClosureMetaClass.invokeMethod(ClosureMetaClass.java:263)
	at groovy.lang.MetaClassImpl.invokeMethod(MetaClassImpl.java:1041)
	at groovy.lang.Closure.call(Closure.java:405)
	at groovy.lang.Closure.call(Closure.java:399)
	at groovy.test.GroovyAssert.shouldFail(GroovyAssert.java:118)
	at groovy.test.GroovyAssert$shouldFail.callStatic(Unknown Source)
	at org.apache.nifi.security.util.crypto.ScryptCipherProviderGroovyTest.testGetCipherForDecryptShouldRequireIV(ScryptCipherProviderGroovyTest.groovy:369)
	at sun.reflect.NativeMethodAccessorImpl.invoke0(Native Method)
	at sun.reflect.NativeMethodAccessorImpl.invoke(NativeMethodAccessorImpl.java:62)
	at sun.reflect.DelegatingMethodAccessorImpl.invoke(DelegatingMethodAccessorImpl.java:43)
	at java.lang.reflect.Method.invoke(Method.java:498)
	at org.junit.platform.commons.util.ReflectionUtils.invokeMethod(ReflectionUtils.java:688)
	at org.junit.jupiter.engine.execution.MethodInvocation.proceed(MethodInvocation.java:60)
	at org.junit.jupiter.engine.execution.InvocationInterceptorChain$ValidatingInvocation.proceed(InvocationInterceptorChain.java:131)
	at org.junit.jupiter.engine.extension.TimeoutExtension.intercept(TimeoutExtension.java:149)
	at org.junit.jupiter.engine.extension.TimeoutExtension.interceptTestableMethod(TimeoutExtension.java:140)
	at org.junit.jupiter.engine.extension.TimeoutExtension.interceptTestMethod(TimeoutExtension.java:84)
	at org.junit.jupiter.engine.execution.ExecutableInvoker$ReflectiveInterceptorCall.lambda$ofVoidMethod$0(ExecutableInvoker.java:115)
	at org.junit.jupiter.engine.execution.ExecutableInvoker.lambda$invoke$0(ExecutableInvoker.java:105)
	at org.junit.jupiter.engine.execution.InvocationInterceptorChain$InterceptedInvocation.proceed(InvocationInterceptorChain.java:106)
	at org.junit.jupiter.engine.execution.InvocationInterceptorChain.proceed(InvocationInterceptorChain.java:64)
	at org.junit.jupiter.engine.execution.InvocationInterceptorChain.chainAndInvoke(InvocationInterceptorChain.java:45)
	at org.junit.jupiter.engine.execution.InvocationInterceptorChain.invoke(InvocationInterceptorChain.java:37)
	at org.junit.jupiter.engine.execution.ExecutableInvoker.invoke(ExecutableInvoker.java:104)
	at org.junit.jupiter.engine.execution.ExecutableInvoker.invoke(ExecutableInvoker.java:98)
	at org.junit.jupiter.engine.descriptor.TestMethodTestDescriptor.lambda$invokeTestMethod$6(TestMethodTestDescriptor.java:210)
	at org.junit.platform.engine.support.hierarchical.ThrowableCollector.execute(ThrowableCollector.java:73)
	at org.junit.jupiter.engine.descriptor.TestMethodTestDescriptor.invokeTestMethod(TestMethodTestDescriptor.java:206)
	at org.junit.jupiter.engine.descriptor.TestMethodTestDescriptor.execute(TestMethodTestDescriptor.java:131)
	at org.junit.jupiter.engine.descriptor.TestMethodTestDescriptor.execute(TestMethodTestDescriptor.java:65)
	at org.junit.platform.engine.support.hierarchical.NodeTestTask.lambda$executeRecursively$5(NodeTestTask.java:139)
	at org.junit.platform.engine.support.hierarchical.ThrowableCollector.execute(ThrowableCollector.java:73)
	at org.junit.platform.engine.support.hierarchical.NodeTestTask.lambda$executeRecursively$7(NodeTestTask.java:129)
	at org.junit.platform.engine.support.hierarchical.Node.around(Node.java:137)
	at org.junit.platform.engine.support.hierarchical.NodeTestTask.lambda$executeRecursively$8(NodeTestTask.java:127)
	at org.junit.platform.engine.support.hierarchical.ThrowableCollector.execute(ThrowableCollector.java:73)
	at org.junit.platform.engine.support.hierarchical.NodeTestTask.executeRecursively(NodeTestTask.java:126)
	at org.junit.platform.engine.support.hierarchical.NodeTestTask.execute(NodeTestTask.java:84)
	at java.util.ArrayList.forEach(ArrayList.java:1259)
	at org.junit.platform.engine.support.hierarchical.SameThreadHierarchicalTestExecutorService.invokeAll(SameThreadHierarchicalTestExecutorService.java:38)
	at org.junit.platform.engine.support.hierarchical.NodeTestTask.lambda$executeRecursively$5(NodeTestTask.java:143)
	at org.junit.platform.engine.support.hierarchical.ThrowableCollector.execute(ThrowableCollector.java:73)
	at org.junit.platform.engine.support.hierarchical.NodeTestTask.lambda$executeRecursively$7(NodeTestTask.java:129)
	at org.junit.platform.engine.support.hierarchical.Node.around(Node.java:137)
	at org.junit.platform.engine.support.hierarchical.NodeTestTask.lambda$executeRecursively$8(NodeTestTask.java:127)
	at org.junit.platform.engine.support.hierarchical.ThrowableCollector.execute(ThrowableCollector.java:73)
	at org.junit.platform.engine.support.hierarchical.NodeTestTask.executeRecursively(NodeTestTask.java:126)
	at org.junit.platform.engine.support.hierarchical.NodeTestTask.execute(NodeTestTask.java:84)
	at java.util.ArrayList.forEach(ArrayList.java:1259)
	at org.junit.platform.engine.support.hierarchical.SameThreadHierarchicalTestExecutorService.invokeAll(SameThreadHierarchicalTestExecutorService.java:38)
	at org.junit.platform.engine.support.hierarchical.NodeTestTask.lambda$executeRecursively$5(NodeTestTask.java:143)
	at org.junit.platform.engine.support.hierarchical.ThrowableCollector.execute(ThrowableCollector.java:73)
	at org.junit.platform.engine.support.hierarchical.NodeTestTask.lambda$executeRecursively$7(NodeTestTask.java:129)
	at org.junit.platform.engine.support.hierarchical.Node.around(Node.java:137)
	at org.junit.platform.engine.support.hierarchical.NodeTestTask.lambda$executeRecursively$8(NodeTestTask.java:127)
	at org.junit.platform.engine.support.hierarchical.ThrowableCollector.execute(ThrowableCollector.java:73)
	at org.junit.platform.engine.support.hierarchical.NodeTestTask.executeRecursively(NodeTestTask.java:126)
	at org.junit.platform.engine.support.hierarchical.NodeTestTask.execute(NodeTestTask.java:84)
	at org.junit.platform.engine.support.hierarchical.SameThreadHierarchicalTestExecutorService.submit(SameThreadHierarchicalTestExecutorService.java:32)
	at org.junit.platform.engine.support.hierarchical.HierarchicalTestExecutor.execute(HierarchicalTestExecutor.java:57)
	at org.junit.platform.engine.support.hierarchical.HierarchicalTestEngine.execute(HierarchicalTestEngine.java:51)
	at org.junit.platform.launcher.core.EngineExecutionOrchestrator.execute(EngineExecutionOrchestrator.java:108)
	at org.junit.platform.launcher.core.EngineExecutionOrchestrator.execute(EngineExecutionOrchestrator.java:88)
	at org.junit.platform.launcher.core.EngineExecutionOrchestrator.lambda$execute$0(EngineExecutionOrchestrator.java:54)
	at org.junit.platform.launcher.core.EngineExecutionOrchestrator.withInterceptedStreams(EngineExecutionOrchestrator.java:67)
	at org.junit.platform.launcher.core.EngineExecutionOrchestrator.execute(EngineExecutionOrchestrator.java:52)
	at org.junit.platform.launcher.core.DefaultLauncher.execute(DefaultLauncher.java:96)
	at org.junit.platform.launcher.core.DefaultLauncher.execute(DefaultLauncher.java:75)
	at org.apache.maven.surefire.junitplatform.JUnitPlatformProvider.execute(JUnitPlatformProvider.java:188)
	at org.apache.maven.surefire.junitplatform.JUnitPlatformProvider.invokeAllTests(JUnitPlatformProvider.java:154)
	at org.apache.maven.surefire.junitplatform.JUnitPlatformProvider.invoke(JUnitPlatformProvider.java:128)
	at org.apache.maven.surefire.booter.ForkedBooter.runSuitesInProcess(ForkedBooter.java:428)
	at org.apache.maven.surefire.booter.ForkedBooter.execute(ForkedBooter.java:162)
	at org.apache.maven.surefire.booter.ForkedBooter.run(ForkedBooter.java:562)
	at org.apache.maven.surefire.booter.ForkedBooter.main(ForkedBooter.java:548)
[main] INFO org.apache.nifi.security.util.crypto.ScryptCipherProviderGroovyTest - [EXPECTED] java.lang.IllegalArgumentException: Cannot decrypt without a valid IV
[main] INFO org.apache.nifi.security.util.crypto.ScryptCipherProviderGroovyTest - Using algorithm: AES/CTR/NoPadding
[main] WARN org.apache.nifi.security.util.crypto.ScryptSecureHasher - The provided r size 1 * 128 B is below the recommended minimum 8.
[main] WARN org.apache.nifi.security.util.crypto.ScryptSecureHasher - The provided iteration count N 4 is below the recommended minimum 16384.
[main] WARN org.apache.nifi.security.util.crypto.AESKeyedCipherProvider - An empty IV was provided of length 16 for encryption
[main] WARN org.apache.nifi.security.util.crypto.AESKeyedCipherProvider - Generating new IV. The value can be obtained in the calling code by invoking 'cipher.getIV()';
[main] INFO org.apache.nifi.security.util.crypto.ScryptCipherProviderGroovyTest - IV: 00000000000000000000000000000000
[main] INFO org.apache.nifi.security.util.crypto.ScryptCipherProviderGroovyTest - Cipher text: 0237bba579baa99fdaaf4c55c2d383a88d44bdb165899eb19645dd47ebde9cd9 32
[main] WARN org.apache.nifi.security.util.crypto.ScryptSecureHasher - The provided r size 1 * 128 B is below the recommended minimum 8.
[main] WARN org.apache.nifi.security.util.crypto.ScryptSecureHasher - The provided iteration count N 4 is below the recommended minimum 16384.
[main] WARN org.apache.nifi.security.util.crypto.AESKeyedCipherProvider - An IV was provided of length 0 bytes for decryption but should be 16 bytes
[main] ERROR org.apache.nifi.security.util.crypto.ScryptCipherProvider - Encountered an error generating the Scrypt hash
java.lang.IllegalArgumentException: Cannot decrypt without a valid IV
	at org.apache.nifi.security.util.crypto.AESKeyedCipherProvider.getInitializedCipher(AESKeyedCipherProvider.java:128)
	at org.apache.nifi.security.util.crypto.AESKeyedCipherProvider.getCipher(AESKeyedCipherProvider.java:60)
	at org.apache.nifi.security.util.crypto.ScryptCipherProvider.getInitializedCipher(ScryptCipherProvider.java:209)
	at org.apache.nifi.security.util.crypto.ScryptCipherProvider.getCipher(ScryptCipherProvider.java:133)
	at org.apache.nifi.security.util.crypto.ScryptCipherProvider.getCipher(ScryptCipherProvider.java:161)
	at org.apache.nifi.security.util.crypto.PBECipherProvider$getCipher$0.call(Unknown Source)
	at org.apache.nifi.security.util.crypto.ScryptCipherProviderGroovyTest$_testGetCipherForDecryptShouldRequireIV_closure7.doCall(ScryptCipherProviderGroovyTest.groovy:370)
	at org.apache.nifi.security.util.crypto.ScryptCipherProviderGroovyTest$_testGetCipherForDecryptShouldRequireIV_closure7.doCall(ScryptCipherProviderGroovyTest.groovy)
	at sun.reflect.NativeMethodAccessorImpl.invoke0(Native Method)
	at sun.reflect.NativeMethodAccessorImpl.invoke(NativeMethodAccessorImpl.java:62)
	at sun.reflect.DelegatingMethodAccessorImpl.invoke(DelegatingMethodAccessorImpl.java:43)
	at java.lang.reflect.Method.invoke(Method.java:498)
	at org.codehaus.groovy.reflection.CachedMethod.invoke(CachedMethod.java:101)
	at groovy.lang.MetaMethod.doMethodInvoke(MetaMethod.java:323)
	at org.codehaus.groovy.runtime.metaclass.ClosureMetaClass.invokeMethod(ClosureMetaClass.java:263)
	at groovy.lang.MetaClassImpl.invokeMethod(MetaClassImpl.java:1041)
	at groovy.lang.Closure.call(Closure.java:405)
	at groovy.lang.Closure.call(Closure.java:399)
	at groovy.test.GroovyAssert.shouldFail(GroovyAssert.java:118)
	at groovy.test.GroovyAssert$shouldFail.callStatic(Unknown Source)
	at org.apache.nifi.security.util.crypto.ScryptCipherProviderGroovyTest.testGetCipherForDecryptShouldRequireIV(ScryptCipherProviderGroovyTest.groovy:369)
	at sun.reflect.NativeMethodAccessorImpl.invoke0(Native Method)
	at sun.reflect.NativeMethodAccessorImpl.invoke(NativeMethodAccessorImpl.java:62)
	at sun.reflect.DelegatingMethodAccessorImpl.invoke(DelegatingMethodAccessorImpl.java:43)
	at java.lang.reflect.Method.invoke(Method.java:498)
	at org.junit.platform.commons.util.ReflectionUtils.invokeMethod(ReflectionUtils.java:688)
	at org.junit.jupiter.engine.execution.MethodInvocation.proceed(MethodInvocation.java:60)
	at org.junit.jupiter.engine.execution.InvocationInterceptorChain$ValidatingInvocation.proceed(InvocationInterceptorChain.java:131)
	at org.junit.jupiter.engine.extension.TimeoutExtension.intercept(TimeoutExtension.java:149)
	at org.junit.jupiter.engine.extension.TimeoutExtension.interceptTestableMethod(TimeoutExtension.java:140)
	at org.junit.jupiter.engine.extension.TimeoutExtension.interceptTestMethod(TimeoutExtension.java:84)
	at org.junit.jupiter.engine.execution.ExecutableInvoker$ReflectiveInterceptorCall.lambda$ofVoidMethod$0(ExecutableInvoker.java:115)
	at org.junit.jupiter.engine.execution.ExecutableInvoker.lambda$invoke$0(ExecutableInvoker.java:105)
	at org.junit.jupiter.engine.execution.InvocationInterceptorChain$InterceptedInvocation.proceed(InvocationInterceptorChain.java:106)
	at org.junit.jupiter.engine.execution.InvocationInterceptorChain.proceed(InvocationInterceptorChain.java:64)
	at org.junit.jupiter.engine.execution.InvocationInterceptorChain.chainAndInvoke(InvocationInterceptorChain.java:45)
	at org.junit.jupiter.engine.execution.InvocationInterceptorChain.invoke(InvocationInterceptorChain.java:37)
	at org.junit.jupiter.engine.execution.ExecutableInvoker.invoke(ExecutableInvoker.java:104)
	at org.junit.jupiter.engine.execution.ExecutableInvoker.invoke(ExecutableInvoker.java:98)
	at org.junit.jupiter.engine.descriptor.TestMethodTestDescriptor.lambda$invokeTestMethod$6(TestMethodTestDescriptor.java:210)
	at org.junit.platform.engine.support.hierarchical.ThrowableCollector.execute(ThrowableCollector.java:73)
	at org.junit.jupiter.engine.descriptor.TestMethodTestDescriptor.invokeTestMethod(TestMethodTestDescriptor.java:206)
	at org.junit.jupiter.engine.descriptor.TestMethodTestDescriptor.execute(TestMethodTestDescriptor.java:131)
	at org.junit.jupiter.engine.descriptor.TestMethodTestDescriptor.execute(TestMethodTestDescriptor.java:65)
	at org.junit.platform.engine.support.hierarchical.NodeTestTask.lambda$executeRecursively$5(NodeTestTask.java:139)
	at org.junit.platform.engine.support.hierarchical.ThrowableCollector.execute(ThrowableCollector.java:73)
	at org.junit.platform.engine.support.hierarchical.NodeTestTask.lambda$executeRecursively$7(NodeTestTask.java:129)
	at org.junit.platform.engine.support.hierarchical.Node.around(Node.java:137)
	at org.junit.platform.engine.support.hierarchical.NodeTestTask.lambda$executeRecursively$8(NodeTestTask.java:127)
	at org.junit.platform.engine.support.hierarchical.ThrowableCollector.execute(ThrowableCollector.java:73)
	at org.junit.platform.engine.support.hierarchical.NodeTestTask.executeRecursively(NodeTestTask.java:126)
	at org.junit.platform.engine.support.hierarchical.NodeTestTask.execute(NodeTestTask.java:84)
	at java.util.ArrayList.forEach(ArrayList.java:1259)
	at org.junit.platform.engine.support.hierarchical.SameThreadHierarchicalTestExecutorService.invokeAll(SameThreadHierarchicalTestExecutorService.java:38)
	at org.junit.platform.engine.support.hierarchical.NodeTestTask.lambda$executeRecursively$5(NodeTestTask.java:143)
	at org.junit.platform.engine.support.hierarchical.ThrowableCollector.execute(ThrowableCollector.java:73)
	at org.junit.platform.engine.support.hierarchical.NodeTestTask.lambda$executeRecursively$7(NodeTestTask.java:129)
	at org.junit.platform.engine.support.hierarchical.Node.around(Node.java:137)
	at org.junit.platform.engine.support.hierarchical.NodeTestTask.lambda$executeRecursively$8(NodeTestTask.java:127)
	at org.junit.platform.engine.support.hierarchical.ThrowableCollector.execute(ThrowableCollector.java:73)
	at org.junit.platform.engine.support.hierarchical.NodeTestTask.executeRecursively(NodeTestTask.java:126)
	at org.junit.platform.engine.support.hierarchical.NodeTestTask.execute(NodeTestTask.java:84)
	at java.util.ArrayList.forEach(ArrayList.java:1259)
	at org.junit.platform.engine.support.hierarchical.SameThreadHierarchicalTestExecutorService.invokeAll(SameThreadHierarchicalTestExecutorService.java:38)
	at org.junit.platform.engine.support.hierarchical.NodeTestTask.lambda$executeRecursively$5(NodeTestTask.java:143)
	at org.junit.platform.engine.support.hierarchical.ThrowableCollector.execute(ThrowableCollector.java:73)
	at org.junit.platform.engine.support.hierarchical.NodeTestTask.lambda$executeRecursively$7(NodeTestTask.java:129)
	at org.junit.platform.engine.support.hierarchical.Node.around(Node.java:137)
	at org.junit.platform.engine.support.hierarchical.NodeTestTask.lambda$executeRecursively$8(NodeTestTask.java:127)
	at org.junit.platform.engine.support.hierarchical.ThrowableCollector.execute(ThrowableCollector.java:73)
	at org.junit.platform.engine.support.hierarchical.NodeTestTask.executeRecursively(NodeTestTask.java:126)
	at org.junit.platform.engine.support.hierarchical.NodeTestTask.execute(NodeTestTask.java:84)
	at org.junit.platform.engine.support.hierarchical.SameThreadHierarchicalTestExecutorService.submit(SameThreadHierarchicalTestExecutorService.java:32)
	at org.junit.platform.engine.support.hierarchical.HierarchicalTestExecutor.execute(HierarchicalTestExecutor.java:57)
	at org.junit.platform.engine.support.hierarchical.HierarchicalTestEngine.execute(HierarchicalTestEngine.java:51)
	at org.junit.platform.launcher.core.EngineExecutionOrchestrator.execute(EngineExecutionOrchestrator.java:108)
	at org.junit.platform.launcher.core.EngineExecutionOrchestrator.execute(EngineExecutionOrchestrator.java:88)
	at org.junit.platform.launcher.core.EngineExecutionOrchestrator.lambda$execute$0(EngineExecutionOrchestrator.java:54)
	at org.junit.platform.launcher.core.EngineExecutionOrchestrator.withInterceptedStreams(EngineExecutionOrchestrator.java:67)
	at org.junit.platform.launcher.core.EngineExecutionOrchestrator.execute(EngineExecutionOrchestrator.java:52)
	at org.junit.platform.launcher.core.DefaultLauncher.execute(DefaultLauncher.java:96)
	at org.junit.platform.launcher.core.DefaultLauncher.execute(DefaultLauncher.java:75)
	at org.apache.maven.surefire.junitplatform.JUnitPlatformProvider.execute(JUnitPlatformProvider.java:188)
	at org.apache.maven.surefire.junitplatform.JUnitPlatformProvider.invokeAllTests(JUnitPlatformProvider.java:154)
	at org.apache.maven.surefire.junitplatform.JUnitPlatformProvider.invoke(JUnitPlatformProvider.java:128)
	at org.apache.maven.surefire.booter.ForkedBooter.runSuitesInProcess(ForkedBooter.java:428)
	at org.apache.maven.surefire.booter.ForkedBooter.execute(ForkedBooter.java:162)
	at org.apache.maven.surefire.booter.ForkedBooter.run(ForkedBooter.java:562)
	at org.apache.maven.surefire.booter.ForkedBooter.main(ForkedBooter.java:548)
[main] INFO org.apache.nifi.security.util.crypto.ScryptCipherProviderGroovyTest - [EXPECTED] java.lang.IllegalArgumentException: Cannot decrypt without a valid IV
[main] INFO org.apache.nifi.security.util.crypto.ScryptCipherProviderGroovyTest - Using algorithm: AES/GCM/NoPadding
[main] WARN org.apache.nifi.security.util.crypto.ScryptSecureHasher - The provided r size 1 * 128 B is below the recommended minimum 8.
[main] WARN org.apache.nifi.security.util.crypto.ScryptSecureHasher - The provided iteration count N 4 is below the recommended minimum 16384.
[main] WARN org.apache.nifi.security.util.crypto.AESKeyedCipherProvider - An empty IV was provided of length 16 for encryption
[main] WARN org.apache.nifi.security.util.crypto.AESKeyedCipherProvider - Generating new IV. The value can be obtained in the calling code by invoking 'cipher.getIV()';
[main] INFO org.apache.nifi.security.util.crypto.ScryptCipherProviderGroovyTest - IV: 00000000000000000000000000000000
[main] INFO org.apache.nifi.security.util.crypto.ScryptCipherProviderGroovyTest - Cipher text: 36ee9403bf12a3cec561aa8ae645e37c5db79a232e150f2fc204d78a07da2dbe61e7c866f9f74191d91fd497e1547202 48
[main] WARN org.apache.nifi.security.util.crypto.ScryptSecureHasher - The provided r size 1 * 128 B is below the recommended minimum 8.
[main] WARN org.apache.nifi.security.util.crypto.ScryptSecureHasher - The provided iteration count N 4 is below the recommended minimum 16384.
[main] WARN org.apache.nifi.security.util.crypto.AESKeyedCipherProvider - An IV was provided of length 0 bytes for decryption but should be 16 bytes
[main] ERROR org.apache.nifi.security.util.crypto.ScryptCipherProvider - Encountered an error generating the Scrypt hash
java.lang.IllegalArgumentException: Cannot decrypt without a valid IV
	at org.apache.nifi.security.util.crypto.AESKeyedCipherProvider.getInitializedCipher(AESKeyedCipherProvider.java:128)
	at org.apache.nifi.security.util.crypto.AESKeyedCipherProvider.getCipher(AESKeyedCipherProvider.java:60)
	at org.apache.nifi.security.util.crypto.ScryptCipherProvider.getInitializedCipher(ScryptCipherProvider.java:209)
	at org.apache.nifi.security.util.crypto.ScryptCipherProvider.getCipher(ScryptCipherProvider.java:133)
	at org.apache.nifi.security.util.crypto.ScryptCipherProvider.getCipher(ScryptCipherProvider.java:161)
	at org.apache.nifi.security.util.crypto.PBECipherProvider$getCipher$0.call(Unknown Source)
	at org.apache.nifi.security.util.crypto.ScryptCipherProviderGroovyTest$_testGetCipherForDecryptShouldRequireIV_closure7.doCall(ScryptCipherProviderGroovyTest.groovy:370)
	at org.apache.nifi.security.util.crypto.ScryptCipherProviderGroovyTest$_testGetCipherForDecryptShouldRequireIV_closure7.doCall(ScryptCipherProviderGroovyTest.groovy)
	at sun.reflect.NativeMethodAccessorImpl.invoke0(Native Method)
	at sun.reflect.NativeMethodAccessorImpl.invoke(NativeMethodAccessorImpl.java:62)
	at sun.reflect.DelegatingMethodAccessorImpl.invoke(DelegatingMethodAccessorImpl.java:43)
	at java.lang.reflect.Method.invoke(Method.java:498)
	at org.codehaus.groovy.reflection.CachedMethod.invoke(CachedMethod.java:101)
	at groovy.lang.MetaMethod.doMethodInvoke(MetaMethod.java:323)
	at org.codehaus.groovy.runtime.metaclass.ClosureMetaClass.invokeMethod(ClosureMetaClass.java:263)
	at groovy.lang.MetaClassImpl.invokeMethod(MetaClassImpl.java:1041)
	at groovy.lang.Closure.call(Closure.java:405)
	at groovy.lang.Closure.call(Closure.java:399)
	at groovy.test.GroovyAssert.shouldFail(GroovyAssert.java:118)
	at groovy.test.GroovyAssert$shouldFail.callStatic(Unknown Source)
	at org.apache.nifi.security.util.crypto.ScryptCipherProviderGroovyTest.testGetCipherForDecryptShouldRequireIV(ScryptCipherProviderGroovyTest.groovy:369)
	at sun.reflect.NativeMethodAccessorImpl.invoke0(Native Method)
	at sun.reflect.NativeMethodAccessorImpl.invoke(NativeMethodAccessorImpl.java:62)
	at sun.reflect.DelegatingMethodAccessorImpl.invoke(DelegatingMethodAccessorImpl.java:43)
	at java.lang.reflect.Method.invoke(Method.java:498)
	at org.junit.platform.commons.util.ReflectionUtils.invokeMethod(ReflectionUtils.java:688)
	at org.junit.jupiter.engine.execution.MethodInvocation.proceed(MethodInvocation.java:60)
	at org.junit.jupiter.engine.execution.InvocationInterceptorChain$ValidatingInvocation.proceed(InvocationInterceptorChain.java:131)
	at org.junit.jupiter.engine.extension.TimeoutExtension.intercept(TimeoutExtension.java:149)
	at org.junit.jupiter.engine.extension.TimeoutExtension.interceptTestableMethod(TimeoutExtension.java:140)
	at org.junit.jupiter.engine.extension.TimeoutExtension.interceptTestMethod(TimeoutExtension.java:84)
	at org.junit.jupiter.engine.execution.ExecutableInvoker$ReflectiveInterceptorCall.lambda$ofVoidMethod$0(ExecutableInvoker.java:115)
	at org.junit.jupiter.engine.execution.ExecutableInvoker.lambda$invoke$0(ExecutableInvoker.java:105)
	at org.junit.jupiter.engine.execution.InvocationInterceptorChain$InterceptedInvocation.proceed(InvocationInterceptorChain.java:106)
	at org.junit.jupiter.engine.execution.InvocationInterceptorChain.proceed(InvocationInterceptorChain.java:64)
	at org.junit.jupiter.engine.execution.InvocationInterceptorChain.chainAndInvoke(InvocationInterceptorChain.java:45)
	at org.junit.jupiter.engine.execution.InvocationInterceptorChain.invoke(InvocationInterceptorChain.java:37)
	at org.junit.jupiter.engine.execution.ExecutableInvoker.invoke(ExecutableInvoker.java:104)
	at org.junit.jupiter.engine.execution.ExecutableInvoker.invoke(ExecutableInvoker.java:98)
	at org.junit.jupiter.engine.descriptor.TestMethodTestDescriptor.lambda$invokeTestMethod$6(TestMethodTestDescriptor.java:210)
	at org.junit.platform.engine.support.hierarchical.ThrowableCollector.execute(ThrowableCollector.java:73)
	at org.junit.jupiter.engine.descriptor.TestMethodTestDescriptor.invokeTestMethod(TestMethodTestDescriptor.java:206)
	at org.junit.jupiter.engine.descriptor.TestMethodTestDescriptor.execute(TestMethodTestDescriptor.java:131)
	at org.junit.jupiter.engine.descriptor.TestMethodTestDescriptor.execute(TestMethodTestDescriptor.java:65)
	at org.junit.platform.engine.support.hierarchical.NodeTestTask.lambda$executeRecursively$5(NodeTestTask.java:139)
	at org.junit.platform.engine.support.hierarchical.ThrowableCollector.execute(ThrowableCollector.java:73)
	at org.junit.platform.engine.support.hierarchical.NodeTestTask.lambda$executeRecursively$7(NodeTestTask.java:129)
	at org.junit.platform.engine.support.hierarchical.Node.around(Node.java:137)
	at org.junit.platform.engine.support.hierarchical.NodeTestTask.lambda$executeRecursively$8(NodeTestTask.java:127)
	at org.junit.platform.engine.support.hierarchical.ThrowableCollector.execute(ThrowableCollector.java:73)
	at org.junit.platform.engine.support.hierarchical.NodeTestTask.executeRecursively(NodeTestTask.java:126)
	at org.junit.platform.engine.support.hierarchical.NodeTestTask.execute(NodeTestTask.java:84)
	at java.util.ArrayList.forEach(ArrayList.java:1259)
	at org.junit.platform.engine.support.hierarchical.SameThreadHierarchicalTestExecutorService.invokeAll(SameThreadHierarchicalTestExecutorService.java:38)
	at org.junit.platform.engine.support.hierarchical.NodeTestTask.lambda$executeRecursively$5(NodeTestTask.java:143)
	at org.junit.platform.engine.support.hierarchical.ThrowableCollector.execute(ThrowableCollector.java:73)
	at org.junit.platform.engine.support.hierarchical.NodeTestTask.lambda$executeRecursively$7(NodeTestTask.java:129)
	at org.junit.platform.engine.support.hierarchical.Node.around(Node.java:137)
	at org.junit.platform.engine.support.hierarchical.NodeTestTask.lambda$executeRecursively$8(NodeTestTask.java:127)
	at org.junit.platform.engine.support.hierarchical.ThrowableCollector.execute(ThrowableCollector.java:73)
	at org.junit.platform.engine.support.hierarchical.NodeTestTask.executeRecursively(NodeTestTask.java:126)
	at org.junit.platform.engine.support.hierarchical.NodeTestTask.execute(NodeTestTask.java:84)
	at java.util.ArrayList.forEach(ArrayList.java:1259)
	at org.junit.platform.engine.support.hierarchical.SameThreadHierarchicalTestExecutorService.invokeAll(SameThreadHierarchicalTestExecutorService.java:38)
	at org.junit.platform.engine.support.hierarchical.NodeTestTask.lambda$executeRecursively$5(NodeTestTask.java:143)
	at org.junit.platform.engine.support.hierarchical.ThrowableCollector.execute(ThrowableCollector.java:73)
	at org.junit.platform.engine.support.hierarchical.NodeTestTask.lambda$executeRecursively$7(NodeTestTask.java:129)
	at org.junit.platform.engine.support.hierarchical.Node.around(Node.java:137)
	at org.junit.platform.engine.support.hierarchical.NodeTestTask.lambda$executeRecursively$8(NodeTestTask.java:127)
	at org.junit.platform.engine.support.hierarchical.ThrowableCollector.execute(ThrowableCollector.java:73)
	at org.junit.platform.engine.support.hierarchical.NodeTestTask.executeRecursively(NodeTestTask.java:126)
	at org.junit.platform.engine.support.hierarchical.NodeTestTask.execute(NodeTestTask.java:84)
	at org.junit.platform.engine.support.hierarchical.SameThreadHierarchicalTestExecutorService.submit(SameThreadHierarchicalTestExecutorService.java:32)
	at org.junit.platform.engine.support.hierarchical.HierarchicalTestExecutor.execute(HierarchicalTestExecutor.java:57)
	at org.junit.platform.engine.support.hierarchical.HierarchicalTestEngine.execute(HierarchicalTestEngine.java:51)
	at org.junit.platform.launcher.core.EngineExecutionOrchestrator.execute(EngineExecutionOrchestrator.java:108)
	at org.junit.platform.launcher.core.EngineExecutionOrchestrator.execute(EngineExecutionOrchestrator.java:88)
	at org.junit.platform.launcher.core.EngineExecutionOrchestrator.lambda$execute$0(EngineExecutionOrchestrator.java:54)
	at org.junit.platform.launcher.core.EngineExecutionOrchestrator.withInterceptedStreams(EngineExecutionOrchestrator.java:67)
	at org.junit.platform.launcher.core.EngineExecutionOrchestrator.execute(EngineExecutionOrchestrator.java:52)
	at org.junit.platform.launcher.core.DefaultLauncher.execute(DefaultLauncher.java:96)
	at org.junit.platform.launcher.core.DefaultLauncher.execute(DefaultLauncher.java:75)
	at org.apache.maven.surefire.junitplatform.JUnitPlatformProvider.execute(JUnitPlatformProvider.java:188)
	at org.apache.maven.surefire.junitplatform.JUnitPlatformProvider.invokeAllTests(JUnitPlatformProvider.java:154)
	at org.apache.maven.surefire.junitplatform.JUnitPlatformProvider.invoke(JUnitPlatformProvider.java:128)
	at org.apache.maven.surefire.booter.ForkedBooter.runSuitesInProcess(ForkedBooter.java:428)
	at org.apache.maven.surefire.booter.ForkedBooter.execute(ForkedBooter.java:162)
	at org.apache.maven.surefire.booter.ForkedBooter.run(ForkedBooter.java:562)
	at org.apache.maven.surefire.booter.ForkedBooter.main(ForkedBooter.java:548)
[main] INFO org.apache.nifi.security.util.crypto.ScryptCipherProviderGroovyTest - [EXPECTED] java.lang.IllegalArgumentException: Cannot decrypt without a valid IV
]]></system-err>
  </testcase>
  <testcase name="testShouldValidateScryptCipherProviderPBoundary" classname="org.apache.nifi.security.util.crypto.ScryptCipherProviderGroovyTest" time="0">
    <system-err><![CDATA[[main] WARN org.apache.nifi.security.util.crypto.ScryptCipherProvider - The provided iteration count 4 is below the recommended minimum 16384
[main] WARN org.apache.nifi.security.util.crypto.ScryptCipherProvider - The provided block size 1 is below the recommended minimum 8
[main] WARN org.apache.nifi.security.util.crypto.ScryptCipherProvider - The provided iteration count 64 is below the recommended minimum 16384
]]></system-err>
  </testcase>
  <testcase name="testGetCipherShouldNotAcceptInvalidKeyLengths" classname="org.apache.nifi.security.util.crypto.ScryptCipherProviderGroovyTest" time="0.003">
    <system-err><![CDATA[[main] WARN org.apache.nifi.security.util.crypto.ScryptCipherProvider - The provided iteration count 4 is below the recommended minimum 16384
[main] WARN org.apache.nifi.security.util.crypto.ScryptCipherProvider - The provided block size 1 is below the recommended minimum 8
[main] INFO org.apache.nifi.security.util.crypto.ScryptCipherProviderGroovyTest - Using algorithm: AES/CBC/PKCS7Padding with key length -1
[main] INFO org.apache.nifi.security.util.crypto.ScryptCipherProviderGroovyTest - [EXPECTED] java.lang.IllegalArgumentException: -1 is not a valid key length for AES
[main] INFO org.apache.nifi.security.util.crypto.ScryptCipherProviderGroovyTest - Using algorithm: AES/CBC/PKCS7Padding with key length 40
[main] INFO org.apache.nifi.security.util.crypto.ScryptCipherProviderGroovyTest - [EXPECTED] java.lang.IllegalArgumentException: 40 is not a valid key length for AES
[main] INFO org.apache.nifi.security.util.crypto.ScryptCipherProviderGroovyTest - Using algorithm: AES/CBC/PKCS7Padding with key length 64
[main] INFO org.apache.nifi.security.util.crypto.ScryptCipherProviderGroovyTest - [EXPECTED] java.lang.IllegalArgumentException: 64 is not a valid key length for AES
[main] INFO org.apache.nifi.security.util.crypto.ScryptCipherProviderGroovyTest - Using algorithm: AES/CBC/PKCS7Padding with key length 112
[main] INFO org.apache.nifi.security.util.crypto.ScryptCipherProviderGroovyTest - [EXPECTED] java.lang.IllegalArgumentException: 112 is not a valid key length for AES
[main] INFO org.apache.nifi.security.util.crypto.ScryptCipherProviderGroovyTest - Using algorithm: AES/CBC/PKCS7Padding with key length 512
[main] INFO org.apache.nifi.security.util.crypto.ScryptCipherProviderGroovyTest - [EXPECTED] java.lang.IllegalArgumentException: 512 is not a valid key length for AES
]]></system-err>
  </testcase>
  <testcase name="testScryptShouldSupportExternalCompatibility" classname="org.apache.nifi.security.util.crypto.ScryptCipherProviderGroovyTest" time="0.299">
    <system-err><![CDATA[[main] WARN org.apache.nifi.security.util.crypto.ScryptCipherProvider - The provided iteration count 4 is below the recommended minimum 16384
[main] WARN org.apache.nifi.security.util.crypto.ScryptCipherProvider - The provided block size 1 is below the recommended minimum 8
[main] INFO org.apache.nifi.security.util.crypto.ScryptCipherProviderGroovyTest - Expected salt: f5b8056ea6e66edb8d013ac432aba24a
[main] INFO org.apache.nifi.security.util.crypto.ScryptCipherProviderGroovyTest - [SANITY] Ruby cipher text: 604188bf8e9137bc1b24a0ab01973024bc5935e9ae5fedf617bdca028c63c261
[main] INFO org.apache.nifi.security.util.crypto.ScryptCipherProviderGroovyTest - [SANITY] Using key: a8efbc0a709d3f89b6bb35b05fc8edf5
[main] INFO org.apache.nifi.security.util.crypto.ScryptCipherProviderGroovyTest - [SANITY] Using IV:  76a00f00878b8c3db314ae67804c00a1
[main] INFO org.apache.nifi.security.util.crypto.ScryptCipherProviderGroovyTest - [SANITY] Created cipher text: 604188bf8e9137bc1b24a0ab01973024bc5935e9ae5fedf617bdca028c63c261
[main] INFO org.apache.nifi.security.util.crypto.ScryptCipherProviderGroovyTest - [SANITY] Decrypted generated cipher text successfully
[main] INFO org.apache.nifi.security.util.crypto.ScryptCipherProviderGroovyTest - [SANITY] Decrypted external cipher text successfully
[main] INFO org.apache.nifi.security.util.crypto.ScryptCipherProviderGroovyTest - Full Hash: 400$8$24$f5b8056ea6e66edb8d013ac432aba24a$a8efbc0a709d3f89b6bb35b05fc8edf5
[main] INFO org.apache.nifi.security.util.crypto.ScryptCipherProviderGroovyTest - N: Hex 400 -> 1024
[main] INFO org.apache.nifi.security.util.crypto.ScryptCipherProviderGroovyTest - r: Hex 8 -> 8
[main] INFO org.apache.nifi.security.util.crypto.ScryptCipherProviderGroovyTest - p: Hex 24 -> 36
[main] INFO org.apache.nifi.security.util.crypto.ScryptCipherProviderGroovyTest - Salt: f5b8056ea6e66edb8d013ac432aba24a
[main] INFO org.apache.nifi.security.util.crypto.ScryptCipherProviderGroovyTest - Hash: a8efbc0a709d3f89b6bb35b05fc8edf5
[main] INFO org.apache.nifi.security.util.crypto.ScryptCipherProviderGroovyTest - Formed Java-style salt: $s0$a0824$9bgFbqbmbtuNATrEMquiSg
[main] INFO org.apache.nifi.security.util.crypto.ScryptCipherProviderGroovyTest - Converted hash from hex a8efbc0a709d3f89b6bb35b05fc8edf5 to Base64 qO+8CnCdP4m2uzWwX8jt9Q
[main] INFO org.apache.nifi.security.util.crypto.ScryptCipherProviderGroovyTest - Using algorithm: AES/CBC/PKCS7Padding
[main] INFO org.apache.nifi.security.util.crypto.ScryptCipherProviderGroovyTest - External cipher text: 604188bf8e9137bc1b24a0ab01973024bc5935e9ae5fedf617bdca028c63c261 32
[main] WARN org.apache.nifi.security.util.crypto.ScryptSecureHasher - The provided iteration count N 1024 is below the recommended minimum 16384.
[main] INFO org.apache.nifi.security.util.crypto.ScryptCipherProviderGroovyTest - Recovered: This is a plaintext message.
]]></system-err>
  </testcase>
  <testcase name="testGetCipherShouldNotAcceptInvalidSalts" classname="org.apache.nifi.security.util.crypto.ScryptCipherProviderGroovyTest" time="0.002">
    <system-err><![CDATA[[main] WARN org.apache.nifi.security.util.crypto.ScryptCipherProvider - The provided iteration count 4 is below the recommended minimum 16384
[main] WARN org.apache.nifi.security.util.crypto.ScryptCipherProvider - The provided block size 1 is below the recommended minimum 8
[main] INFO org.apache.nifi.security.util.crypto.ScryptCipherProviderGroovyTest - Using algorithm: AES/CBC/PKCS7Padding
[main] INFO org.apache.nifi.security.util.crypto.ScryptCipherProviderGroovyTest - Checking salt bad_sal
[main] WARN org.apache.nifi.security.util.crypto.ScryptSecureHasher - The provided r size 1 * 128 B is below the recommended minimum 8.
[main] WARN org.apache.nifi.security.util.crypto.ScryptSecureHasher - The provided iteration count N 4 is below the recommended minimum 16384.
[main] WARN org.apache.nifi.security.util.crypto.AbstractSecureHasher - The provided dynamic salt length 7 is below the recommended minimum 16
[main] INFO org.apache.nifi.security.util.crypto.ScryptCipherProviderGroovyTest - [EXPECTED] java.lang.IllegalArgumentException: The raw salt must be greater than or equal to 8 bytes
[main] INFO org.apache.nifi.security.util.crypto.ScryptCipherProviderGroovyTest - Checking salt $3a$11$
[main] WARN org.apache.nifi.security.util.crypto.ScryptSecureHasher - The provided r size 1 * 128 B is below the recommended minimum 8.
[main] WARN org.apache.nifi.security.util.crypto.ScryptSecureHasher - The provided iteration count N 4 is below the recommended minimum 16384.
[main] WARN org.apache.nifi.security.util.crypto.AbstractSecureHasher - The provided dynamic salt length 7 is below the recommended minimum 16
[main] INFO org.apache.nifi.security.util.crypto.ScryptCipherProviderGroovyTest - [EXPECTED] java.lang.IllegalArgumentException: The raw salt must be greater than or equal to 8 bytes
[main] INFO org.apache.nifi.security.util.crypto.ScryptCipherProviderGroovyTest - Checking salt x
[main] WARN org.apache.nifi.security.util.crypto.ScryptSecureHasher - The provided r size 1 * 128 B is below the recommended minimum 8.
[main] WARN org.apache.nifi.security.util.crypto.ScryptSecureHasher - The provided iteration count N 4 is below the recommended minimum 16384.
[main] WARN org.apache.nifi.security.util.crypto.AbstractSecureHasher - The provided dynamic salt length 1 is below the recommended minimum 16
[main] INFO org.apache.nifi.security.util.crypto.ScryptCipherProviderGroovyTest - [EXPECTED] java.lang.IllegalArgumentException: The raw salt must be greater than or equal to 8 bytes
[main] INFO org.apache.nifi.security.util.crypto.ScryptCipherProviderGroovyTest - Checking salt $2a$10$
[main] WARN org.apache.nifi.security.util.crypto.ScryptSecureHasher - The provided r size 1 * 128 B is below the recommended minimum 8.
[main] WARN org.apache.nifi.security.util.crypto.ScryptSecureHasher - The provided iteration count N 4 is below the recommended minimum 16384.
[main] WARN org.apache.nifi.security.util.crypto.AbstractSecureHasher - The provided dynamic salt length 7 is below the recommended minimum 16
[main] INFO org.apache.nifi.security.util.crypto.ScryptCipherProviderGroovyTest - [EXPECTED] java.lang.IllegalArgumentException: The raw salt must be greater than or equal to 8 bytes
]]></system-err>
  </testcase>
  <testcase name="testGetCipherWithUnlimitedStrengthShouldBeInternallyConsistent" classname="org.apache.nifi.security.util.crypto.ScryptCipherProviderGroovyTest" time="0.002">
    <system-err><![CDATA[[main] WARN org.apache.nifi.security.util.crypto.ScryptCipherProvider - The provided iteration count 4 is below the recommended minimum 16384
[main] WARN org.apache.nifi.security.util.crypto.ScryptCipherProvider - The provided block size 1 is below the recommended minimum 8
[main] INFO org.apache.nifi.security.util.crypto.ScryptCipherProviderGroovyTest - Using algorithm: AES/CBC/NoPadding
[main] WARN org.apache.nifi.security.util.crypto.ScryptSecureHasher - The provided r size 1 * 128 B is below the recommended minimum 8.
[main] WARN org.apache.nifi.security.util.crypto.ScryptSecureHasher - The provided iteration count N 4 is below the recommended minimum 16384.
[main] WARN org.apache.nifi.security.util.crypto.AESKeyedCipherProvider - An IV was provided of length 0 bytes for encryption but should be 16 bytes
[main] WARN org.apache.nifi.security.util.crypto.AESKeyedCipherProvider - Generating new IV. The value can be obtained in the calling code by invoking 'cipher.getIV()';
[main] INFO org.apache.nifi.security.util.crypto.ScryptCipherProviderGroovyTest - IV: 0f6f0fd6c94a117dd2e9de08766d0c69
[main] INFO org.apache.nifi.security.util.crypto.ScryptCipherProviderGroovyTest - Cipher text: 5778bf7ee5b825825934036292a9977284682eed0cbb7f50484256d87b4a46a6 32
[main] WARN org.apache.nifi.security.util.crypto.ScryptSecureHasher - The provided r size 1 * 128 B is below the recommended minimum 8.
[main] WARN org.apache.nifi.security.util.crypto.ScryptSecureHasher - The provided iteration count N 4 is below the recommended minimum 16384.
[main] INFO org.apache.nifi.security.util.crypto.ScryptCipherProviderGroovyTest - Recovered: ExactBlockSizeRequiredForProcess
[main] INFO org.apache.nifi.security.util.crypto.ScryptCipherProviderGroovyTest - Using algorithm: AES/CBC/PKCS7Padding
[main] WARN org.apache.nifi.security.util.crypto.ScryptSecureHasher - The provided r size 1 * 128 B is below the recommended minimum 8.
[main] WARN org.apache.nifi.security.util.crypto.ScryptSecureHasher - The provided iteration count N 4 is below the recommended minimum 16384.
[main] WARN org.apache.nifi.security.util.crypto.AESKeyedCipherProvider - An IV was provided of length 0 bytes for encryption but should be 16 bytes
[main] WARN org.apache.nifi.security.util.crypto.AESKeyedCipherProvider - Generating new IV. The value can be obtained in the calling code by invoking 'cipher.getIV()';
[main] INFO org.apache.nifi.security.util.crypto.ScryptCipherProviderGroovyTest - IV: b9b803d1c102c5c58e1a7baaed4840d5
[main] INFO org.apache.nifi.security.util.crypto.ScryptCipherProviderGroovyTest - Cipher text: e1bc1416e56949d78aaf8e0631d668ca0d23debf68ead57b65847d4269f93ae289ff4bdf5b3d2ac73b2b7f191fe6f134 48
[main] WARN org.apache.nifi.security.util.crypto.ScryptSecureHasher - The provided r size 1 * 128 B is below the recommended minimum 8.
[main] WARN org.apache.nifi.security.util.crypto.ScryptSecureHasher - The provided iteration count N 4 is below the recommended minimum 16384.
[main] INFO org.apache.nifi.security.util.crypto.ScryptCipherProviderGroovyTest - Recovered: ExactBlockSizeRequiredForProcess
[main] INFO org.apache.nifi.security.util.crypto.ScryptCipherProviderGroovyTest - Using algorithm: AES/CTR/NoPadding
[main] WARN org.apache.nifi.security.util.crypto.ScryptSecureHasher - The provided r size 1 * 128 B is below the recommended minimum 8.
[main] WARN org.apache.nifi.security.util.crypto.ScryptSecureHasher - The provided iteration count N 4 is below the recommended minimum 16384.
[main] WARN org.apache.nifi.security.util.crypto.AESKeyedCipherProvider - An IV was provided of length 0 bytes for encryption but should be 16 bytes
[main] WARN org.apache.nifi.security.util.crypto.AESKeyedCipherProvider - Generating new IV. The value can be obtained in the calling code by invoking 'cipher.getIV()';
[main] INFO org.apache.nifi.security.util.crypto.ScryptCipherProviderGroovyTest - IV: f65bb067f211fc7eaa54dbdac65de390
[main] INFO org.apache.nifi.security.util.crypto.ScryptCipherProviderGroovyTest - Cipher text: 6d4bed279d71e3ad6f218302bff5bc4da0a66ecd58006466dbdb595af386c82d 32
[main] WARN org.apache.nifi.security.util.crypto.ScryptSecureHasher - The provided r size 1 * 128 B is below the recommended minimum 8.
[main] WARN org.apache.nifi.security.util.crypto.ScryptSecureHasher - The provided iteration count N 4 is below the recommended minimum 16384.
[main] INFO org.apache.nifi.security.util.crypto.ScryptCipherProviderGroovyTest - Recovered: ExactBlockSizeRequiredForProcess
[main] INFO org.apache.nifi.security.util.crypto.ScryptCipherProviderGroovyTest - Using algorithm: AES/GCM/NoPadding
[main] WARN org.apache.nifi.security.util.crypto.ScryptSecureHasher - The provided r size 1 * 128 B is below the recommended minimum 8.
[main] WARN org.apache.nifi.security.util.crypto.ScryptSecureHasher - The provided iteration count N 4 is below the recommended minimum 16384.
[main] WARN org.apache.nifi.security.util.crypto.AESKeyedCipherProvider - An IV was provided of length 0 bytes for encryption but should be 16 bytes
[main] WARN org.apache.nifi.security.util.crypto.AESKeyedCipherProvider - Generating new IV. The value can be obtained in the calling code by invoking 'cipher.getIV()';
[main] INFO org.apache.nifi.security.util.crypto.ScryptCipherProviderGroovyTest - IV: 5b01783b3a39865b177d1c4ecfc52cb6
[main] INFO org.apache.nifi.security.util.crypto.ScryptCipherProviderGroovyTest - Cipher text: 77b9ce4dc51d017c1b246e5fc471a1c2f8687385791dfb5151a8e7516d20b4e44a3545aa216bd9a6fc52f080371d6871 48
[main] WARN org.apache.nifi.security.util.crypto.ScryptSecureHasher - The provided r size 1 * 128 B is below the recommended minimum 8.
[main] WARN org.apache.nifi.security.util.crypto.ScryptSecureHasher - The provided iteration count N 4 is below the recommended minimum 16384.
[main] INFO org.apache.nifi.security.util.crypto.ScryptCipherProviderGroovyTest - Recovered: ExactBlockSizeRequiredForProcess
]]></system-err>
  </testcase>
  <testcase name="testScryptShouldNotAcceptInvalidPassword" classname="org.apache.nifi.security.util.crypto.ScryptCipherProviderGroovyTest" time="0.001">
    <system-err><![CDATA[[main] WARN org.apache.nifi.security.util.crypto.ScryptCipherProvider - The provided iteration count 4 is below the recommended minimum 16384
[main] WARN org.apache.nifi.security.util.crypto.ScryptCipherProvider - The provided block size 1 is below the recommended minimum 8
]]></system-err>
  </testcase>
  <testcase name="testShouldCatchInvalidP" classname="org.apache.nifi.security.util.crypto.ScryptCipherProviderGroovyTest" time="0">
    <system-err><![CDATA[[main] WARN org.apache.nifi.security.util.crypto.ScryptCipherProvider - The provided iteration count 4 is below the recommended minimum 16384
[main] WARN org.apache.nifi.security.util.crypto.ScryptCipherProvider - The provided block size 1 is below the recommended minimum 8
[main] WARN org.apache.nifi.security.util.crypto.ScryptCipherProvider - The provided iteration count 64 is below the recommended minimum 16384
[main] WARN org.apache.nifi.security.util.crypto.ScryptCipherProvider - The provided parallelization factor 0 is below the recommended minimum 1
[main] WARN org.apache.nifi.security.util.crypto.ScryptCipherProvider - Based on the provided block size 8, the provided parallelization factor 0 is out of bounds
[main] INFO org.apache.nifi.security.util.crypto.ScryptCipherProviderGroovyTest - [EXPECTED] java.lang.IllegalArgumentException: Invalid p value exceeds p boundary
]]></system-err>
  </testcase>
  <testcase name="testShouldCatchInvalidR" classname="org.apache.nifi.security.util.crypto.ScryptCipherProviderGroovyTest" time="0.001">
    <system-err><![CDATA[[main] WARN org.apache.nifi.security.util.crypto.ScryptCipherProvider - The provided iteration count 4 is below the recommended minimum 16384
[main] WARN org.apache.nifi.security.util.crypto.ScryptCipherProvider - The provided block size 1 is below the recommended minimum 8
[main] WARN org.apache.nifi.security.util.crypto.ScryptCipherProvider - The provided iteration count 64 is below the recommended minimum 16384
[main] WARN org.apache.nifi.security.util.crypto.ScryptCipherProvider - The provided block size 0 is below the recommended minimum 8
[main] WARN org.apache.nifi.security.util.crypto.ScryptCipherProvider - The provided parallelization factor 0 is below the recommended minimum 1
[main] WARN org.apache.nifi.security.util.crypto.ScryptCipherProvider - The provided block size 0 must be greater than 0
[main] INFO org.apache.nifi.security.util.crypto.ScryptCipherProviderGroovyTest - [EXPECTED] java.lang.IllegalArgumentException: Invalid r value; must be greater than 0
]]></system-err>
  </testcase>
  <testcase name="testShouldAcceptFormattedSaltWithPlus" classname="org.apache.nifi.security.util.crypto.ScryptCipherProviderGroovyTest" time="0.001">
    <system-err><![CDATA[[main] WARN org.apache.nifi.security.util.crypto.ScryptCipherProvider - The provided iteration count 4 is below the recommended minimum 16384
[main] WARN org.apache.nifi.security.util.crypto.ScryptCipherProvider - The provided block size 1 is below the recommended minimum 8
[main] INFO org.apache.nifi.security.util.crypto.ScryptCipherProviderGroovyTest - Is Scrypt salt: true
]]></system-err>
  </testcase>
  <testcase name="testGetCipherShouldBeInternallyConsistent" classname="org.apache.nifi.security.util.crypto.ScryptCipherProviderGroovyTest" time="0.003">
    <system-err><![CDATA[[main] WARN org.apache.nifi.security.util.crypto.ScryptCipherProvider - The provided iteration count 4 is below the recommended minimum 16384
[main] WARN org.apache.nifi.security.util.crypto.ScryptCipherProvider - The provided block size 1 is below the recommended minimum 8
[main] INFO org.apache.nifi.security.util.crypto.ScryptCipherProviderGroovyTest - Using algorithm: AES/CBC/NoPadding
[main] WARN org.apache.nifi.security.util.crypto.ScryptSecureHasher - The provided r size 1 * 128 B is below the recommended minimum 8.
[main] WARN org.apache.nifi.security.util.crypto.ScryptSecureHasher - The provided iteration count N 4 is below the recommended minimum 16384.
[main] WARN org.apache.nifi.security.util.crypto.AESKeyedCipherProvider - An IV was provided of length 0 bytes for encryption but should be 16 bytes
[main] WARN org.apache.nifi.security.util.crypto.AESKeyedCipherProvider - Generating new IV. The value can be obtained in the calling code by invoking 'cipher.getIV()';
[main] INFO org.apache.nifi.security.util.crypto.ScryptCipherProviderGroovyTest - IV: 155127b3f98358627ab2837b08a522a8
[main] INFO org.apache.nifi.security.util.crypto.ScryptCipherProviderGroovyTest - Cipher text: 7aa9c71fbbb6d1a064c10f1fe47db78289db2d5ac8faada729f8165096be1286 32
[main] WARN org.apache.nifi.security.util.crypto.ScryptSecureHasher - The provided r size 1 * 128 B is below the recommended minimum 8.
[main] WARN org.apache.nifi.security.util.crypto.ScryptSecureHasher - The provided iteration count N 4 is below the recommended minimum 16384.
[main] INFO org.apache.nifi.security.util.crypto.ScryptCipherProviderGroovyTest - Recovered: ExactBlockSizeRequiredForProcess
[main] INFO org.apache.nifi.security.util.crypto.ScryptCipherProviderGroovyTest - Using algorithm: AES/CBC/PKCS7Padding
[main] WARN org.apache.nifi.security.util.crypto.ScryptSecureHasher - The provided r size 1 * 128 B is below the recommended minimum 8.
[main] WARN org.apache.nifi.security.util.crypto.ScryptSecureHasher - The provided iteration count N 4 is below the recommended minimum 16384.
[main] WARN org.apache.nifi.security.util.crypto.AESKeyedCipherProvider - An IV was provided of length 0 bytes for encryption but should be 16 bytes
[main] WARN org.apache.nifi.security.util.crypto.AESKeyedCipherProvider - Generating new IV. The value can be obtained in the calling code by invoking 'cipher.getIV()';
[main] INFO org.apache.nifi.security.util.crypto.ScryptCipherProviderGroovyTest - IV: 80ebba64d6731bf5834acd245a15cafe
[main] INFO org.apache.nifi.security.util.crypto.ScryptCipherProviderGroovyTest - Cipher text: e35660c6f502de6e8b3c9ba005d463174455f96c4158dfc2544d3af37998bf078b1bddf6fce0732d582d4bf216613b3d 48
[main] WARN org.apache.nifi.security.util.crypto.ScryptSecureHasher - The provided r size 1 * 128 B is below the recommended minimum 8.
[main] WARN org.apache.nifi.security.util.crypto.ScryptSecureHasher - The provided iteration count N 4 is below the recommended minimum 16384.
[main] INFO org.apache.nifi.security.util.crypto.ScryptCipherProviderGroovyTest - Recovered: ExactBlockSizeRequiredForProcess
[main] INFO org.apache.nifi.security.util.crypto.ScryptCipherProviderGroovyTest - Using algorithm: AES/CTR/NoPadding
[main] WARN org.apache.nifi.security.util.crypto.ScryptSecureHasher - The provided r size 1 * 128 B is below the recommended minimum 8.
[main] WARN org.apache.nifi.security.util.crypto.ScryptSecureHasher - The provided iteration count N 4 is below the recommended minimum 16384.
[main] WARN org.apache.nifi.security.util.crypto.AESKeyedCipherProvider - An IV was provided of length 0 bytes for encryption but should be 16 bytes
[main] WARN org.apache.nifi.security.util.crypto.AESKeyedCipherProvider - Generating new IV. The value can be obtained in the calling code by invoking 'cipher.getIV()';
[main] INFO org.apache.nifi.security.util.crypto.ScryptCipherProviderGroovyTest - IV: 5524db2149cf44669024d80ffba67119
[main] INFO org.apache.nifi.security.util.crypto.ScryptCipherProviderGroovyTest - Cipher text: 8b2640444195814b074e82dfc29b43c4454309d590e2c4bc9efd0f07aa90ff0b 32
[main] WARN org.apache.nifi.security.util.crypto.ScryptSecureHasher - The provided r size 1 * 128 B is below the recommended minimum 8.
[main] WARN org.apache.nifi.security.util.crypto.ScryptSecureHasher - The provided iteration count N 4 is below the recommended minimum 16384.
[main] INFO org.apache.nifi.security.util.crypto.ScryptCipherProviderGroovyTest - Recovered: ExactBlockSizeRequiredForProcess
[main] INFO org.apache.nifi.security.util.crypto.ScryptCipherProviderGroovyTest - Using algorithm: AES/GCM/NoPadding
[main] WARN org.apache.nifi.security.util.crypto.ScryptSecureHasher - The provided r size 1 * 128 B is below the recommended minimum 8.
[main] WARN org.apache.nifi.security.util.crypto.ScryptSecureHasher - The provided iteration count N 4 is below the recommended minimum 16384.
[main] WARN org.apache.nifi.security.util.crypto.AESKeyedCipherProvider - An IV was provided of length 0 bytes for encryption but should be 16 bytes
[main] WARN org.apache.nifi.security.util.crypto.AESKeyedCipherProvider - Generating new IV. The value can be obtained in the calling code by invoking 'cipher.getIV()';
[main] INFO org.apache.nifi.security.util.crypto.ScryptCipherProviderGroovyTest - IV: b09a3b8d0cf6e81471b581cf8d65cc0f
[main] INFO org.apache.nifi.security.util.crypto.ScryptCipherProviderGroovyTest - Cipher text: 2c08e778f9a53062a968768854ca81d75b79b63d83b03fc551fe8b208a97d2b30c43dc58a7ea20901a2d405ed515e7f3 48
[main] WARN org.apache.nifi.security.util.crypto.ScryptSecureHasher - The provided r size 1 * 128 B is below the recommended minimum 8.
[main] WARN org.apache.nifi.security.util.crypto.ScryptSecureHasher - The provided iteration count N 4 is below the recommended minimum 16384.
[main] INFO org.apache.nifi.security.util.crypto.ScryptCipherProviderGroovyTest - Recovered: ExactBlockSizeRequiredForProcess
]]></system-err>
  </testcase>
  <testcase name="testShouldVerifyRValue" classname="org.apache.nifi.security.util.crypto.ScryptCipherProviderGroovyTest" time="0.001">
    <system-err><![CDATA[[main] WARN org.apache.nifi.security.util.crypto.ScryptCipherProvider - The provided iteration count 4 is below the recommended minimum 16384
[main] WARN org.apache.nifi.security.util.crypto.ScryptCipherProvider - The provided block size 1 is below the recommended minimum 8
]]></system-err>
  </testcase>
  <testcase name="testGetCipherShouldHandleUnformattedSalts" classname="org.apache.nifi.security.util.crypto.ScryptCipherProviderGroovyTest" time="0.002">
    <system-err><![CDATA[[main] WARN org.apache.nifi.security.util.crypto.ScryptCipherProvider - The provided iteration count 4 is below the recommended minimum 16384
[main] WARN org.apache.nifi.security.util.crypto.ScryptCipherProvider - The provided block size 1 is below the recommended minimum 8
[main] INFO org.apache.nifi.security.util.crypto.ScryptCipherProviderGroovyTest - Using algorithm: AES/CBC/PKCS7Padding
[main] INFO org.apache.nifi.security.util.crypto.ScryptCipherProviderGroovyTest - Checking salt $ab$00$acbdefghijklmnopqrstuv
[main] WARN org.apache.nifi.security.util.crypto.ScryptSecureHasher - The provided r size 1 * 128 B is below the recommended minimum 8.
[main] WARN org.apache.nifi.security.util.crypto.ScryptSecureHasher - The provided iteration count N 4 is below the recommended minimum 16384.
[main] WARN org.apache.nifi.security.util.crypto.AESKeyedCipherProvider - An IV was provided of length 0 bytes for encryption but should be 16 bytes
[main] WARN org.apache.nifi.security.util.crypto.AESKeyedCipherProvider - Generating new IV. The value can be obtained in the calling code by invoking 'cipher.getIV()';
[main] INFO org.apache.nifi.security.util.crypto.ScryptCipherProviderGroovyTest - Checking salt $4$1$1$0123456789abcdef
[main] WARN org.apache.nifi.security.util.crypto.ScryptSecureHasher - The provided r size 1 * 128 B is below the recommended minimum 8.
[main] WARN org.apache.nifi.security.util.crypto.ScryptSecureHasher - The provided iteration count N 4 is below the recommended minimum 16384.
[main] WARN org.apache.nifi.security.util.crypto.AESKeyedCipherProvider - An IV was provided of length 0 bytes for encryption but should be 16 bytes
[main] WARN org.apache.nifi.security.util.crypto.AESKeyedCipherProvider - Generating new IV. The value can be obtained in the calling code by invoking 'cipher.getIV()';
[main] INFO org.apache.nifi.security.util.crypto.ScryptCipherProviderGroovyTest - Checking salt $400$1$1$abcdefghijklmnopqrstuv
[main] WARN org.apache.nifi.security.util.crypto.ScryptSecureHasher - The provided r size 1 * 128 B is below the recommended minimum 8.
[main] WARN org.apache.nifi.security.util.crypto.ScryptSecureHasher - The provided iteration count N 4 is below the recommended minimum 16384.
[main] WARN org.apache.nifi.security.util.crypto.AESKeyedCipherProvider - An IV was provided of length 0 bytes for encryption but should be 16 bytes
[main] WARN org.apache.nifi.security.util.crypto.AESKeyedCipherProvider - Generating new IV. The value can be obtained in the calling code by invoking 'cipher.getIV()';
]]></system-err>
  </testcase>
  <testcase name="testGetCipherShouldAcceptValidKeyLengths" classname="org.apache.nifi.security.util.crypto.ScryptCipherProviderGroovyTest" time="0.004">
    <system-err><![CDATA[[main] WARN org.apache.nifi.security.util.crypto.ScryptCipherProvider - The provided iteration count 4 is below the recommended minimum 16384
[main] WARN org.apache.nifi.security.util.crypto.ScryptCipherProvider - The provided block size 1 is below the recommended minimum 8
[main] INFO org.apache.nifi.security.util.crypto.ScryptCipherProviderGroovyTest - Using algorithm: AES/CBC/PKCS7Padding with key length 128
[main] WARN org.apache.nifi.security.util.crypto.ScryptSecureHasher - The provided r size 1 * 128 B is below the recommended minimum 8.
[main] WARN org.apache.nifi.security.util.crypto.ScryptSecureHasher - The provided iteration count N 4 is below the recommended minimum 16384.
[main] INFO org.apache.nifi.security.util.crypto.ScryptCipherProviderGroovyTest - IV: 01010101010101010101010101010101
[main] INFO org.apache.nifi.security.util.crypto.ScryptCipherProviderGroovyTest - Cipher text: cdcc96c6e93298781195969afaa3591c4a17c7620f8dbbfaabcceae262105712615267b31b7de8e49d3e41400f461c6e 48
[main] WARN org.apache.nifi.security.util.crypto.ScryptSecureHasher - The provided r size 1 * 128 B is below the recommended minimum 8.
[main] WARN org.apache.nifi.security.util.crypto.ScryptSecureHasher - The provided iteration count N 4 is below the recommended minimum 16384.
[main] INFO org.apache.nifi.security.util.crypto.ScryptCipherProviderGroovyTest - Recovered: ExactBlockSizeRequiredForProcess
[main] INFO org.apache.nifi.security.util.crypto.ScryptCipherProviderGroovyTest - Using algorithm: AES/CBC/PKCS7Padding with key length 192
[main] WARN org.apache.nifi.security.util.crypto.ScryptSecureHasher - The provided r size 1 * 128 B is below the recommended minimum 8.
[main] WARN org.apache.nifi.security.util.crypto.ScryptSecureHasher - The provided iteration count N 4 is below the recommended minimum 16384.
[main] INFO org.apache.nifi.security.util.crypto.ScryptCipherProviderGroovyTest - IV: 01010101010101010101010101010101
[main] INFO org.apache.nifi.security.util.crypto.ScryptCipherProviderGroovyTest - Cipher text: 33dcc481c59424c752eebbe6dd46f52badbc52518030a7753a16feade710f60dcc1b964c7f2f6729d4abf66bf4ea1564 48
[main] WARN org.apache.nifi.security.util.crypto.ScryptSecureHasher - The provided r size 1 * 128 B is below the recommended minimum 8.
[main] WARN org.apache.nifi.security.util.crypto.ScryptSecureHasher - The provided iteration count N 4 is below the recommended minimum 16384.
[main] INFO org.apache.nifi.security.util.crypto.ScryptCipherProviderGroovyTest - Recovered: ExactBlockSizeRequiredForProcess
[main] INFO org.apache.nifi.security.util.crypto.ScryptCipherProviderGroovyTest - Using algorithm: AES/CBC/PKCS7Padding with key length 256
[main] WARN org.apache.nifi.security.util.crypto.ScryptSecureHasher - The provided r size 1 * 128 B is below the recommended minimum 8.
[main] WARN org.apache.nifi.security.util.crypto.ScryptSecureHasher - The provided iteration count N 4 is below the recommended minimum 16384.
[main] INFO org.apache.nifi.security.util.crypto.ScryptCipherProviderGroovyTest - IV: 01010101010101010101010101010101
[main] INFO org.apache.nifi.security.util.crypto.ScryptCipherProviderGroovyTest - Cipher text: 20aecc15774fe8bd91fc618480451c53b79a8dc9e6fc0e5121ba75bbc51cd1e3b46217b0d17d049186e6fe42896a175f 48
[main] WARN org.apache.nifi.security.util.crypto.ScryptSecureHasher - The provided r size 1 * 128 B is below the recommended minimum 8.
[main] WARN org.apache.nifi.security.util.crypto.ScryptSecureHasher - The provided iteration count N 4 is below the recommended minimum 16384.
[main] INFO org.apache.nifi.security.util.crypto.ScryptCipherProviderGroovyTest - Recovered: ExactBlockSizeRequiredForProcess
]]></system-err>
  </testcase>
  <testcase name="testGetCipherShouldHandleSaltWithoutParameters" classname="org.apache.nifi.security.util.crypto.ScryptCipherProviderGroovyTest" time="0.002">
    <system-err><![CDATA[[main] WARN org.apache.nifi.security.util.crypto.ScryptCipherProvider - The provided iteration count 4 is below the recommended minimum 16384
[main] WARN org.apache.nifi.security.util.crypto.ScryptCipherProvider - The provided block size 1 is below the recommended minimum 8
[main] INFO org.apache.nifi.security.util.crypto.ScryptCipherProvider - Treating as raw salt bytes
[main] INFO org.apache.nifi.security.util.crypto.ScryptCipherProviderGroovyTest - Expected salt: $s0$20101$iXk75GSNPjOWusKqRF+prw
[main] INFO org.apache.nifi.security.util.crypto.ScryptCipherProviderGroovyTest - Using algorithm: AES/CBC/PKCS7Padding
[main] WARN org.apache.nifi.security.util.crypto.ScryptSecureHasher - The provided r size 1 * 128 B is below the recommended minimum 8.
[main] WARN org.apache.nifi.security.util.crypto.ScryptSecureHasher - The provided iteration count N 4 is below the recommended minimum 16384.
[main] WARN org.apache.nifi.security.util.crypto.AESKeyedCipherProvider - An IV was provided of length 0 bytes for encryption but should be 16 bytes
[main] WARN org.apache.nifi.security.util.crypto.AESKeyedCipherProvider - Generating new IV. The value can be obtained in the calling code by invoking 'cipher.getIV()';
[main] INFO org.apache.nifi.security.util.crypto.ScryptCipherProviderGroovyTest - IV: 9a2a8c91eb6dc0710608131c209fd76c
[main] INFO org.apache.nifi.security.util.crypto.ScryptCipherProviderGroovyTest - Cipher text: 3dad0b74455e217928943dc39b541a069bb0f26fe1c58e0f829ac9b47c84f758d59f10aaa55ca26ad71d7d9fdc474f97 48
[main] INFO org.apache.nifi.security.util.crypto.ScryptCipherProviderGroovyTest - Manually derived key bytes: 07e17583b15f23bd775b8c23b7e8e469
[main] INFO org.apache.nifi.security.util.crypto.ScryptCipherProviderGroovyTest - Recovered: ExactBlockSizeRequiredForProcess
]]></system-err>
  </testcase>
  <testcase name="testShouldFailPBoundary" classname="org.apache.nifi.security.util.crypto.ScryptCipherProviderGroovyTest" time="0.003">
    <system-err><![CDATA[[main] WARN org.apache.nifi.security.util.crypto.ScryptCipherProvider - The provided iteration count 4 is below the recommended minimum 16384
[main] WARN org.apache.nifi.security.util.crypto.ScryptCipherProvider - The provided block size 1 is below the recommended minimum 8
[main] INFO org.apache.nifi.security.util.crypto.ScryptCipherProviderGroovyTest - For r 8, p is false
[main] INFO org.apache.nifi.security.util.crypto.ScryptCipherProviderGroovyTest - For r 128, p is false
[main] INFO org.apache.nifi.security.util.crypto.ScryptCipherProviderGroovyTest - For r 4096, p is false
]]></system-err>
  </testcase>
  <testcase name="testGetCipherShouldRejectEmptySalt" classname="org.apache.nifi.security.util.crypto.ScryptCipherProviderGroovyTest" time="0.001">
    <system-err><![CDATA[[main] WARN org.apache.nifi.security.util.crypto.ScryptCipherProvider - The provided iteration count 4 is below the recommended minimum 16384
[main] WARN org.apache.nifi.security.util.crypto.ScryptCipherProvider - The provided block size 1 is below the recommended minimum 8
[main] INFO org.apache.nifi.security.util.crypto.ScryptCipherProviderGroovyTest - Using algorithm: AES/CBC/PKCS7Padding
[main] INFO org.apache.nifi.security.util.crypto.ScryptCipherProviderGroovyTest - [EXPECTED] java.lang.IllegalArgumentException: The salt cannot be empty. To generate a salt, use ScryptCipherProvider#generateSalt()
]]></system-err>
  </testcase>
  <testcase name="testDefaultConstructorShouldProvideStrongParameters" classname="org.apache.nifi.security.util.crypto.ScryptCipherProviderGroovyTest" time="0">
    <skipped message="System property [nifi.test.unstable] does not exist ==&gt; This test can be run on a specific machine to evaluate if the default parameters are sufficient"/>
  </testcase>
  <testcase name="testGetCipherWithExternalIVShouldBeInternallyConsistent" classname="org.apache.nifi.security.util.crypto.ScryptCipherProviderGroovyTest" time="0.002">
    <system-err><![CDATA[[main] WARN org.apache.nifi.security.util.crypto.ScryptCipherProvider - The provided iteration count 4 is below the recommended minimum 16384
[main] WARN org.apache.nifi.security.util.crypto.ScryptCipherProvider - The provided block size 1 is below the recommended minimum 8
[main] INFO org.apache.nifi.security.util.crypto.ScryptCipherProviderGroovyTest - Using algorithm: AES/CBC/NoPadding
[main] WARN org.apache.nifi.security.util.crypto.ScryptSecureHasher - The provided r size 1 * 128 B is below the recommended minimum 8.
[main] WARN org.apache.nifi.security.util.crypto.ScryptSecureHasher - The provided iteration count N 4 is below the recommended minimum 16384.
[main] INFO org.apache.nifi.security.util.crypto.ScryptCipherProviderGroovyTest - IV: 01010101010101010101010101010101
[main] INFO org.apache.nifi.security.util.crypto.ScryptCipherProviderGroovyTest - Cipher text: 4e7b00d4f8343f79c1add19b3d695a85adc19627e90ab6aa480706fd4bb350f1 32
[main] WARN org.apache.nifi.security.util.crypto.ScryptSecureHasher - The provided r size 1 * 128 B is below the recommended minimum 8.
[main] WARN org.apache.nifi.security.util.crypto.ScryptSecureHasher - The provided iteration count N 4 is below the recommended minimum 16384.
[main] INFO org.apache.nifi.security.util.crypto.ScryptCipherProviderGroovyTest - Recovered: ExactBlockSizeRequiredForProcess
[main] INFO org.apache.nifi.security.util.crypto.ScryptCipherProviderGroovyTest - Using algorithm: AES/CBC/PKCS7Padding
[main] WARN org.apache.nifi.security.util.crypto.ScryptSecureHasher - The provided r size 1 * 128 B is below the recommended minimum 8.
[main] WARN org.apache.nifi.security.util.crypto.ScryptSecureHasher - The provided iteration count N 4 is below the recommended minimum 16384.
[main] INFO org.apache.nifi.security.util.crypto.ScryptCipherProviderGroovyTest - IV: 01010101010101010101010101010101
[main] INFO org.apache.nifi.security.util.crypto.ScryptCipherProviderGroovyTest - Cipher text: 4e7b00d4f8343f79c1add19b3d695a85adc19627e90ab6aa480706fd4bb350f1db3bd4604913106d079a7041a0514d67 48
[main] WARN org.apache.nifi.security.util.crypto.ScryptSecureHasher - The provided r size 1 * 128 B is below the recommended minimum 8.
[main] WARN org.apache.nifi.security.util.crypto.ScryptSecureHasher - The provided iteration count N 4 is below the recommended minimum 16384.
[main] INFO org.apache.nifi.security.util.crypto.ScryptCipherProviderGroovyTest - Recovered: ExactBlockSizeRequiredForProcess
[main] INFO org.apache.nifi.security.util.crypto.ScryptCipherProviderGroovyTest - Using algorithm: AES/CTR/NoPadding
[main] WARN org.apache.nifi.security.util.crypto.ScryptSecureHasher - The provided r size 1 * 128 B is below the recommended minimum 8.
[main] WARN org.apache.nifi.security.util.crypto.ScryptSecureHasher - The provided iteration count N 4 is below the recommended minimum 16384.
[main] INFO org.apache.nifi.security.util.crypto.ScryptCipherProviderGroovyTest - IV: 01010101010101010101010101010101
[main] INFO org.apache.nifi.security.util.crypto.ScryptCipherProviderGroovyTest - Cipher text: 46f708394978fafa7f4eb3150e717f33dc8494a21a69ded73669f5c330cb1b1f 32
[main] WARN org.apache.nifi.security.util.crypto.ScryptSecureHasher - The provided r size 1 * 128 B is below the recommended minimum 8.
[main] WARN org.apache.nifi.security.util.crypto.ScryptSecureHasher - The provided iteration count N 4 is below the recommended minimum 16384.
[main] INFO org.apache.nifi.security.util.crypto.ScryptCipherProviderGroovyTest - Recovered: ExactBlockSizeRequiredForProcess
[main] INFO org.apache.nifi.security.util.crypto.ScryptCipherProviderGroovyTest - Using algorithm: AES/GCM/NoPadding
[main] WARN org.apache.nifi.security.util.crypto.ScryptSecureHasher - The provided r size 1 * 128 B is below the recommended minimum 8.
[main] WARN org.apache.nifi.security.util.crypto.ScryptSecureHasher - The provided iteration count N 4 is below the recommended minimum 16384.
[main] INFO org.apache.nifi.security.util.crypto.ScryptCipherProviderGroovyTest - IV: 01010101010101010101010101010101
[main] INFO org.apache.nifi.security.util.crypto.ScryptCipherProviderGroovyTest - Cipher text: 04baa90b31441fe600c7fdafa02ce598d9e626476d2a02da44e6565b62b45e06a05eac5ebed40ed53ca81befed81e124 48
[main] WARN org.apache.nifi.security.util.crypto.ScryptSecureHasher - The provided r size 1 * 128 B is below the recommended minimum 8.
[main] WARN org.apache.nifi.security.util.crypto.ScryptSecureHasher - The provided iteration count N 4 is below the recommended minimum 16384.
[main] INFO org.apache.nifi.security.util.crypto.ScryptCipherProviderGroovyTest - Recovered: ExactBlockSizeRequiredForProcess
]]></system-err>
  </testcase>
  <testcase name="testShouldVerifyPBoundary" classname="org.apache.nifi.security.util.crypto.ScryptCipherProviderGroovyTest" time="0.001">
    <system-err><![CDATA[[main] WARN org.apache.nifi.security.util.crypto.ScryptCipherProvider - The provided iteration count 4 is below the recommended minimum 16384
[main] WARN org.apache.nifi.security.util.crypto.ScryptCipherProvider - The provided block size 1 is below the recommended minimum 8
]]></system-err>
  </testcase>
  <testcase name="testShouldParseSalt" classname="org.apache.nifi.security.util.crypto.ScryptCipherProviderGroovyTest" time="0.001">
    <system-err><![CDATA[[main] WARN org.apache.nifi.security.util.crypto.ScryptCipherProvider - The provided iteration count 4 is below the recommended minimum 16384
[main] WARN org.apache.nifi.security.util.crypto.ScryptCipherProvider - The provided block size 1 is below the recommended minimum 8
[main] INFO org.apache.nifi.security.util.crypto.ScryptCipherProviderGroovyTest - Using salt: $s0$a0824$9bgFbqbmbtuNATrEMquiSg
]]></system-err>
  </testcase>
  <testcase name="testGenerateSaltShouldUseProvidedParameters" classname="org.apache.nifi.security.util.crypto.ScryptCipherProviderGroovyTest" time="0.001">
    <system-err><![CDATA[[main] WARN org.apache.nifi.security.util.crypto.ScryptCipherProvider - The provided iteration count 4 is below the recommended minimum 16384
[main] WARN org.apache.nifi.security.util.crypto.ScryptCipherProvider - The provided block size 1 is below the recommended minimum 8
[main] WARN org.apache.nifi.security.util.crypto.ScryptCipherProvider - The provided iteration count 8 is below the recommended minimum 16384
[main] WARN org.apache.nifi.security.util.crypto.ScryptCipherProvider - The provided block size 2 is below the recommended minimum 8
[main] INFO org.apache.nifi.security.util.crypto.ScryptCipherProviderGroovyTest - Salt: $s0$30202$RQ0mbmC8fHFVjmHJ9j1KTg
]]></system-err>
  </testcase>
  <testcase name="testShouldFailRValue" classname="org.apache.nifi.security.util.crypto.ScryptCipherProviderGroovyTest" time="0">
    <system-err><![CDATA[[main] WARN org.apache.nifi.security.util.crypto.ScryptCipherProvider - The provided iteration count 4 is below the recommended minimum 16384
[main] WARN org.apache.nifi.security.util.crypto.ScryptCipherProvider - The provided block size 1 is below the recommended minimum 8
]]></system-err>
  </testcase>
</testsuite>