<?xml version="1.0" encoding="UTF-8"?>
<testsuite xmlns:xsi="http://www.w3.org/2001/XMLSchema-instance" xsi:noNamespaceSchemaLocation="https://maven.apache.org/surefire/maven-surefire-plugin/xsd/surefire-test-report-3.0.xsd" version="3.0" name="org.apache.nifi.minifi.bootstrap.configuration.ingestors.PullHttpChangeIngestorSSLTest" time="1.548" tests="7" errors="0" skipped="0" failures="0">
  <properties>
    <property name="sun.desktop" value="gnome"/>
    <property name="awt.toolkit" value="sun.awt.X11.XToolkit"/>
    <property name="file.encoding.pkg" value="sun.io"/>
    <property name="java.specification.version" value="1.8"/>
    <property name="sun.cpu.isalist" value=""/>
    <property name="sun.jnu.encoding" value="UTF-8"/>
    <property name="java.class.path" value="/home/alex/Repositories/nifi/minifi/minifi-bootstrap/target/test-classes:/home/alex/Repositories/nifi/minifi/minifi-bootstrap/target/classes:/home/alex/.m2/repository/org/slf4j/slf4j-api/1.7.32/slf4j-api-1.7.32.jar:/home/alex/.m2/repository/ch/qos/logback/logback-classic/1.2.6/logback-classic-1.2.6.jar:/home/alex/.m2/repository/ch/qos/logback/logback-core/1.2.6/logback-core-1.2.6.jar:/home/alex/Repositories/nifi/nifi-api/target/classes:/home/alex/Repositories/nifi/nifi-commons/nifi-bootstrap-utils/target/classes:/home/alex/.m2/repository/net/java/dev/jna/jna-platform/4.4.0/jna-platform-4.4.0.jar:/home/alex/.m2/repository/net/java/dev/jna/jna/4.4.0/jna-4.4.0.jar:/home/alex/Repositories/nifi/nifi-nar-bundles/nifi-extension-utils/nifi-processor-utils/target/classes:/home/alex/Repositories/nifi/nifi-commons/nifi-security-socket-ssl/target/classes:/home/alex/.m2/repository/org/apache/commons/commons-lang3/3.9/commons-lang3-3.9.jar:/home/alex/.m2/repository/com/fasterxml/jackson/core/jackson-databind/2.12.3/jackson-databind-2.12.3.jar:/home/alex/.m2/repository/com/fasterxml/jackson/core/jackson-annotations/2.12.3/jackson-annotations-2.12.3.jar:/home/alex/.m2/repository/com/fasterxml/jackson/core/jackson-core/2.12.3/jackson-core-2.12.3.jar:/home/alex/Repositories/nifi/nifi-nar-bundles/nifi-standard-services/nifi-record-serialization-service-api/target/classes:/home/alex/Repositories/nifi/nifi-commons/nifi-record/target/classes:/home/alex/Repositories/nifi/nifi-nar-bundles/nifi-extension-utils/nifi-event-transport/target/classes:/home/alex/.m2/repository/io/netty/netty-handler/4.1.69.Final/netty-handler-4.1.69.Final.jar:/home/alex/.m2/repository/io/netty/netty-common/4.1.69.Final/netty-common-4.1.69.Final.jar:/home/alex/.m2/repository/io/netty/netty-resolver/4.1.69.Final/netty-resolver-4.1.69.Final.jar:/home/alex/.m2/repository/io/netty/netty-buffer/4.1.69.Final/netty-buffer-4.1.69.Final.jar:/home/alex/.m2/repository/io/netty/netty-transport/4.1.69.Final/netty-transport-4.1.69.Final.jar:/home/alex/.m2/repository/io/netty/netty-codec/4.1.69.Final/netty-codec-4.1.69.Final.jar:/home/alex/Repositories/nifi/nifi-commons/nifi-expression-language/target/classes:/home/alex/.m2/repository/org/antlr/antlr-runtime/3.5.2/antlr-runtime-3.5.2.jar:/home/alex/Repositories/nifi/nifi-commons/nifi-parameter/target/classes:/home/alex/Repositories/nifi/nifi-commons/nifi-uuid5/target/classes:/home/alex/.m2/repository/com/jayway/jsonpath/json-path/2.6.0/json-path-2.6.0.jar:/home/alex/.m2/repository/net/minidev/json-smart/2.4.7/json-smart-2.4.7.jar:/home/alex/.m2/repository/net/minidev/accessors-smart/2.4.7/accessors-smart-2.4.7.jar:/home/alex/.m2/repository/org/ow2/asm/asm/9.1/asm-9.1.jar:/home/alex/.m2/repository/org/apache/commons/commons-text/1.8/commons-text-1.8.jar:/home/alex/.m2/repository/commons-codec/commons-codec/1.10/commons-codec-1.10.jar:/home/alex/Repositories/nifi/minifi/minifi-commons/minifi-utils/target/classes:/home/alex/Repositories/nifi/nifi-commons/nifi-utils/target/classes:/home/alex/Repositories/nifi/nifi-commons/nifi-properties/target/classes:/home/alex/Repositories/nifi/nifi-commons/nifi-property-utils/target/classes:/home/alex/.m2/repository/org/yaml/snakeyaml/1.29/snakeyaml-1.29.jar:/home/alex/Repositories/nifi/minifi/minifi-commons/minifi-commons-schema/target/classes:/home/alex/.m2/repository/org/eclipse/jetty/jetty-server/9.4.44.v20210927/jetty-server-9.4.44.v20210927.jar:/home/alex/.m2/repository/javax/servlet/javax.servlet-api/3.1.0/javax.servlet-api-3.1.0.jar:/home/alex/.m2/repository/org/eclipse/jetty/jetty-http/9.4.44.v20210927/jetty-http-9.4.44.v20210927.jar:/home/alex/.m2/repository/org/eclipse/jetty/jetty-util/9.4.44.v20210927/jetty-util-9.4.44.v20210927.jar:/home/alex/.m2/repository/org/eclipse/jetty/jetty-io/9.4.44.v20210927/jetty-io-9.4.44.v20210927.jar:/home/alex/.m2/repository/org/eclipse/jetty/jetty-servlet/9.4.44.v20210927/jetty-servlet-9.4.44.v20210927.jar:/home/alex/.m2/repository/org/eclipse/jetty/jetty-security/9.4.44.v20210927/jetty-security-9.4.44.v20210927.jar:/home/alex/.m2/repository/org/eclipse/jetty/jetty-util-ajax/9.4.44.v20210927/jetty-util-ajax-9.4.44.v20210927.jar:/home/alex/.m2/repository/com/squareup/okhttp3/okhttp/3.12.3/okhttp-3.12.3.jar:/home/alex/.m2/repository/com/squareup/okio/okio/1.15.0/okio-1.15.0.jar:/home/alex/.m2/repository/commons-io/commons-io/2.10.0/commons-io-2.10.0.jar:/home/alex/.m2/repository/junit/junit/4.13.2/junit-4.13.2.jar:/home/alex/.m2/repository/org/hamcrest/hamcrest-core/1.3/hamcrest-core-1.3.jar:/home/alex/.m2/repository/org/mockito/mockito-all/1.10.19/mockito-all-1.10.19.jar:/home/alex/.m2/repository/org/slf4j/slf4j-simple/1.7.32/slf4j-simple-1.7.32.jar:/home/alex/.m2/repository/org/junit/jupiter/junit-jupiter-api/5.7.2/junit-jupiter-api-5.7.2.jar:/home/alex/.m2/repository/org/apiguardian/apiguardian-api/1.1.0/apiguardian-api-1.1.0.jar:/home/alex/.m2/repository/org/opentest4j/opentest4j/1.2.0/opentest4j-1.2.0.jar:/home/alex/.m2/repository/org/junit/platform/junit-platform-commons/1.7.2/junit-platform-commons-1.7.2.jar:/home/alex/.m2/repository/org/junit/jupiter/junit-jupiter-engine/5.7.2/junit-jupiter-engine-5.7.2.jar:/home/alex/.m2/repository/org/junit/platform/junit-platform-engine/1.7.2/junit-platform-engine-1.7.2.jar:/home/alex/.m2/repository/org/junit/vintage/junit-vintage-engine/5.7.2/junit-vintage-engine-5.7.2.jar:/home/alex/.m2/repository/org/junit/jupiter/junit-jupiter-params/5.7.2/junit-jupiter-params-5.7.2.jar:/home/alex/.m2/repository/org/mockito/mockito-core/3.11.2/mockito-core-3.11.2.jar:/home/alex/.m2/repository/net/bytebuddy/byte-buddy/1.11.3/byte-buddy-1.11.3.jar:/home/alex/.m2/repository/net/bytebuddy/byte-buddy-agent/1.11.3/byte-buddy-agent-1.11.3.jar:/home/alex/.m2/repository/org/objenesis/objenesis/3.2/objenesis-3.2.jar:/home/alex/.m2/repository/org/mockito/mockito-junit-jupiter/3.11.2/mockito-junit-jupiter-3.11.2.jar:/home/alex/.m2/repository/org/codehaus/groovy/groovy-test/2.5.14/groovy-test-2.5.14.jar:/home/alex/.m2/repository/org/codehaus/groovy/groovy/2.5.14/groovy-2.5.14.jar:"/>
    <property name="java.vm.vendor" value="Private Build"/>
    <property name="sun.arch.data.model" value="64"/>
    <property name="java.vendor.url" value="http://java.oracle.com/"/>
    <property name="user.timezone" value="Europe/Lisbon"/>
    <property name="java.vm.specification.version" value="1.8"/>
    <property name="os.name" value="Linux"/>
    <property name="user.country" value="US"/>
    <property name="sun.java.launcher" value="SUN_STANDARD"/>
    <property name="sun.boot.library.path" value="/usr/lib/jvm/java-8-openjdk-amd64/jre/lib/amd64"/>
    <property name="sun.java.command" value="/home/alex/Repositories/nifi/minifi/minifi-bootstrap/target/surefire/surefirebooter1416354377247692628.jar /home/alex/Repositories/nifi/minifi/minifi-bootstrap/target/surefire 2024-05-02T03-47-00_422-jvmRun1 surefire7622173962521758475tmp surefire_1824329086298026534356tmp"/>
    <property name="surefire.test.class.path" value="/home/alex/Repositories/nifi/minifi/minifi-bootstrap/target/test-classes:/home/alex/Repositories/nifi/minifi/minifi-bootstrap/target/classes:/home/alex/.m2/repository/org/slf4j/slf4j-api/1.7.32/slf4j-api-1.7.32.jar:/home/alex/.m2/repository/ch/qos/logback/logback-classic/1.2.6/logback-classic-1.2.6.jar:/home/alex/.m2/repository/ch/qos/logback/logback-core/1.2.6/logback-core-1.2.6.jar:/home/alex/Repositories/nifi/nifi-api/target/classes:/home/alex/Repositories/nifi/nifi-commons/nifi-bootstrap-utils/target/classes:/home/alex/.m2/repository/net/java/dev/jna/jna-platform/4.4.0/jna-platform-4.4.0.jar:/home/alex/.m2/repository/net/java/dev/jna/jna/4.4.0/jna-4.4.0.jar:/home/alex/Repositories/nifi/nifi-nar-bundles/nifi-extension-utils/nifi-processor-utils/target/classes:/home/alex/Repositories/nifi/nifi-commons/nifi-security-socket-ssl/target/classes:/home/alex/.m2/repository/org/apache/commons/commons-lang3/3.9/commons-lang3-3.9.jar:/home/alex/.m2/repository/com/fasterxml/jackson/core/jackson-databind/2.12.3/jackson-databind-2.12.3.jar:/home/alex/.m2/repository/com/fasterxml/jackson/core/jackson-annotations/2.12.3/jackson-annotations-2.12.3.jar:/home/alex/.m2/repository/com/fasterxml/jackson/core/jackson-core/2.12.3/jackson-core-2.12.3.jar:/home/alex/Repositories/nifi/nifi-nar-bundles/nifi-standard-services/nifi-record-serialization-service-api/target/classes:/home/alex/Repositories/nifi/nifi-commons/nifi-record/target/classes:/home/alex/Repositories/nifi/nifi-nar-bundles/nifi-extension-utils/nifi-event-transport/target/classes:/home/alex/.m2/repository/io/netty/netty-handler/4.1.69.Final/netty-handler-4.1.69.Final.jar:/home/alex/.m2/repository/io/netty/netty-common/4.1.69.Final/netty-common-4.1.69.Final.jar:/home/alex/.m2/repository/io/netty/netty-resolver/4.1.69.Final/netty-resolver-4.1.69.Final.jar:/home/alex/.m2/repository/io/netty/netty-buffer/4.1.69.Final/netty-buffer-4.1.69.Final.jar:/home/alex/.m2/repository/io/netty/netty-transport/4.1.69.Final/netty-transport-4.1.69.Final.jar:/home/alex/.m2/repository/io/netty/netty-codec/4.1.69.Final/netty-codec-4.1.69.Final.jar:/home/alex/Repositories/nifi/nifi-commons/nifi-expression-language/target/classes:/home/alex/.m2/repository/org/antlr/antlr-runtime/3.5.2/antlr-runtime-3.5.2.jar:/home/alex/Repositories/nifi/nifi-commons/nifi-parameter/target/classes:/home/alex/Repositories/nifi/nifi-commons/nifi-uuid5/target/classes:/home/alex/.m2/repository/com/jayway/jsonpath/json-path/2.6.0/json-path-2.6.0.jar:/home/alex/.m2/repository/net/minidev/json-smart/2.4.7/json-smart-2.4.7.jar:/home/alex/.m2/repository/net/minidev/accessors-smart/2.4.7/accessors-smart-2.4.7.jar:/home/alex/.m2/repository/org/ow2/asm/asm/9.1/asm-9.1.jar:/home/alex/.m2/repository/org/apache/commons/commons-text/1.8/commons-text-1.8.jar:/home/alex/.m2/repository/commons-codec/commons-codec/1.10/commons-codec-1.10.jar:/home/alex/Repositories/nifi/minifi/minifi-commons/minifi-utils/target/classes:/home/alex/Repositories/nifi/nifi-commons/nifi-utils/target/classes:/home/alex/Repositories/nifi/nifi-commons/nifi-properties/target/classes:/home/alex/Repositories/nifi/nifi-commons/nifi-property-utils/target/classes:/home/alex/.m2/repository/org/yaml/snakeyaml/1.29/snakeyaml-1.29.jar:/home/alex/Repositories/nifi/minifi/minifi-commons/minifi-commons-schema/target/classes:/home/alex/.m2/repository/org/eclipse/jetty/jetty-server/9.4.44.v20210927/jetty-server-9.4.44.v20210927.jar:/home/alex/.m2/repository/javax/servlet/javax.servlet-api/3.1.0/javax.servlet-api-3.1.0.jar:/home/alex/.m2/repository/org/eclipse/jetty/jetty-http/9.4.44.v20210927/jetty-http-9.4.44.v20210927.jar:/home/alex/.m2/repository/org/eclipse/jetty/jetty-util/9.4.44.v20210927/jetty-util-9.4.44.v20210927.jar:/home/alex/.m2/repository/org/eclipse/jetty/jetty-io/9.4.44.v20210927/jetty-io-9.4.44.v20210927.jar:/home/alex/.m2/repository/org/eclipse/jetty/jetty-servlet/9.4.44.v20210927/jetty-servlet-9.4.44.v20210927.jar:/home/alex/.m2/repository/org/eclipse/jetty/jetty-security/9.4.44.v20210927/jetty-security-9.4.44.v20210927.jar:/home/alex/.m2/repository/org/eclipse/jetty/jetty-util-ajax/9.4.44.v20210927/jetty-util-ajax-9.4.44.v20210927.jar:/home/alex/.m2/repository/com/squareup/okhttp3/okhttp/3.12.3/okhttp-3.12.3.jar:/home/alex/.m2/repository/com/squareup/okio/okio/1.15.0/okio-1.15.0.jar:/home/alex/.m2/repository/commons-io/commons-io/2.10.0/commons-io-2.10.0.jar:/home/alex/.m2/repository/junit/junit/4.13.2/junit-4.13.2.jar:/home/alex/.m2/repository/org/hamcrest/hamcrest-core/1.3/hamcrest-core-1.3.jar:/home/alex/.m2/repository/org/mockito/mockito-all/1.10.19/mockito-all-1.10.19.jar:/home/alex/.m2/repository/org/slf4j/slf4j-simple/1.7.32/slf4j-simple-1.7.32.jar:/home/alex/.m2/repository/org/junit/jupiter/junit-jupiter-api/5.7.2/junit-jupiter-api-5.7.2.jar:/home/alex/.m2/repository/org/apiguardian/apiguardian-api/1.1.0/apiguardian-api-1.1.0.jar:/home/alex/.m2/repository/org/opentest4j/opentest4j/1.2.0/opentest4j-1.2.0.jar:/home/alex/.m2/repository/org/junit/platform/junit-platform-commons/1.7.2/junit-platform-commons-1.7.2.jar:/home/alex/.m2/repository/org/junit/jupiter/junit-jupiter-engine/5.7.2/junit-jupiter-engine-5.7.2.jar:/home/alex/.m2/repository/org/junit/platform/junit-platform-engine/1.7.2/junit-platform-engine-1.7.2.jar:/home/alex/.m2/repository/org/junit/vintage/junit-vintage-engine/5.7.2/junit-vintage-engine-5.7.2.jar:/home/alex/.m2/repository/org/junit/jupiter/junit-jupiter-params/5.7.2/junit-jupiter-params-5.7.2.jar:/home/alex/.m2/repository/org/mockito/mockito-core/3.11.2/mockito-core-3.11.2.jar:/home/alex/.m2/repository/net/bytebuddy/byte-buddy/1.11.3/byte-buddy-1.11.3.jar:/home/alex/.m2/repository/net/bytebuddy/byte-buddy-agent/1.11.3/byte-buddy-agent-1.11.3.jar:/home/alex/.m2/repository/org/objenesis/objenesis/3.2/objenesis-3.2.jar:/home/alex/.m2/repository/org/mockito/mockito-junit-jupiter/3.11.2/mockito-junit-jupiter-3.11.2.jar:/home/alex/.m2/repository/org/codehaus/groovy/groovy-test/2.5.14/groovy-test-2.5.14.jar:/home/alex/.m2/repository/org/codehaus/groovy/groovy/2.5.14/groovy-2.5.14.jar:"/>
    <property name="sun.cpu.endian" value="little"/>
    <property name="user.home" value="/home/alex"/>
    <property name="user.language" value="en"/>
    <property name="java.specification.vendor" value="Oracle Corporation"/>
    <property name="java.home" value="/usr/lib/jvm/java-8-openjdk-amd64/jre"/>
    <property name="basedir" value="/home/alex/Repositories/nifi/minifi/minifi-bootstrap"/>
    <property name="file.separator" value="/"/>
    <property name="line.separator" value="&#10;"/>
    <property name="java.vm.specification.vendor" value="Oracle Corporation"/>
    <property name="java.specification.name" value="Java Platform API Specification"/>
    <property name="java.awt.graphicsenv" value="sun.awt.X11GraphicsEnvironment"/>
    <property name="java.awt.headless" value="true"/>
    <property name="surefire.real.class.path" value="/home/alex/Repositories/nifi/minifi/minifi-bootstrap/target/surefire/surefirebooter1416354377247692628.jar"/>
    <property name="sun.boot.class.path" value="/usr/lib/jvm/java-8-openjdk-amd64/jre/lib/resources.jar:/usr/lib/jvm/java-8-openjdk-amd64/jre/lib/rt.jar:/usr/lib/jvm/java-8-openjdk-amd64/jre/lib/sunrsasign.jar:/usr/lib/jvm/java-8-openjdk-amd64/jre/lib/jsse.jar:/usr/lib/jvm/java-8-openjdk-amd64/jre/lib/jce.jar:/usr/lib/jvm/java-8-openjdk-amd64/jre/lib/charsets.jar:/usr/lib/jvm/java-8-openjdk-amd64/jre/lib/jfr.jar:/usr/lib/jvm/java-8-openjdk-amd64/jre/classes"/>
    <property name="sun.management.compiler" value="HotSpot 64-Bit Tiered Compilers"/>
    <property name="java.runtime.version" value="1.8.0_402-8u402-ga-2ubuntu1~22.04-b06"/>
    <property name="java.net.preferIPv4Stack" value="true"/>
    <property name="user.name" value="alex"/>
    <property name="path.separator" value=":"/>
    <property name="os.version" value="6.5.0-28-generic"/>
    <property name="java.endorsed.dirs" value="/usr/lib/jvm/java-8-openjdk-amd64/jre/lib/endorsed"/>
    <property name="java.runtime.name" value="OpenJDK Runtime Environment"/>
    <property name="file.encoding" value="UTF-8"/>
    <property name="java.vm.name" value="OpenJDK 64-Bit Server VM"/>
    <property name="localRepository" value="/home/alex/.m2/repository"/>
    <property name="java.vendor.url.bug" value="http://bugreport.sun.com/bugreport/"/>
    <property name="jetty.git.hash" value="8da83308eeca865e495e53ef315a249d63ba9332"/>
    <property name="java.io.tmpdir" value="/tmp"/>
    <property name="java.version" value="1.8.0_402"/>
    <property name="user.dir" value="/home/alex/Repositories/nifi/minifi/minifi-bootstrap"/>
    <property name="os.arch" value="amd64"/>
    <property name="java.vm.specification.name" value="Java Virtual Machine Specification"/>
    <property name="java.awt.printerjob" value="sun.print.PSPrinterJob"/>
    <property name="sun.os.patch.level" value="unknown"/>
    <property name="java.library.path" value="/usr/java/packages/lib/amd64:/usr/lib/x86_64-linux-gnu/jni:/lib/x86_64-linux-gnu:/usr/lib/x86_64-linux-gnu:/usr/lib/jni:/lib:/usr/lib"/>
    <property name="java.vm.info" value="mixed mode"/>
    <property name="java.vendor" value="Private Build"/>
    <property name="java.vm.version" value="25.402-b06"/>
    <property name="java.specification.maintenance.version" value="5"/>
    <property name="java.ext.dirs" value="/usr/lib/jvm/java-8-openjdk-amd64/jre/lib/ext:/usr/java/packages/lib/ext"/>
    <property name="sun.io.unicode.encoding" value="UnicodeLittle"/>
    <property name="java.class.version" value="52.0"/>
  </properties>
  <testcase name="testNewUpdateWithPath" classname="org.apache.nifi.minifi.bootstrap.configuration.ingestors.PullHttpChangeIngestorSSLTest" time="0.099">
    <system-out><![CDATA[04:06:38.258 [main] DEBUG org.eclipse.jetty.util.component.ContainerLifeCycle - QueuedThreadPool[qtp399373008]@17cdf2d0{STOPPED,8<=0<=200,i=0,r=-1,q=0}[NO_TRY] added {org.eclipse.jetty.util.thread.ThreadPoolBudget@1755e85b,POJO}
04:06:38.258 [main] DEBUG org.eclipse.jetty.util.component.ContainerLifeCycle - Server@736d6a5c{STOPPED}[9.4.44.v20210927] added {QueuedThreadPool[qtp399373008]@17cdf2d0{STOPPED,8<=0<=200,i=0,r=-1,q=0}[NO_TRY],AUTO}
04:06:38.258 [main] DEBUG org.eclipse.jetty.util.component.ContainerLifeCycle - HandlerCollection@2371aaca{STOPPED} added {JettyHandler@5b529706{STOPPED},AUTO}
04:06:38.258 [main] DEBUG org.eclipse.jetty.util.component.ContainerLifeCycle - Server@736d6a5c{STOPPED}[9.4.44.v20210927] added {HandlerCollection@2371aaca{STOPPED},MANAGED}
04:06:38.261 [main] DEBUG org.eclipse.jetty.util.component.ContainerLifeCycle - HttpConnectionFactory@5553d0f5[HTTP/1.1] added {HttpConfiguration@1af687fe{32768/8192,8192/8192,https://:0,[]},POJO}
04:06:38.261 [main] DEBUG org.eclipse.jetty.util.component.ContainerLifeCycle - SslConnectionFactory@14dda234{SSL->HTTP/1.1} added {Server@5a411614[provider=null,keyStore=file:///home/alex/Repositories/nifi/minifi/minifi-bootstrap/src/test/resources/localhost-ks.jks,trustStore=file:///home/alex/Repositories/nifi/minifi/minifi-bootstrap/src/test/resources/localhost-ts.jks],AUTO}
04:06:38.261 [main] DEBUG org.eclipse.jetty.util.component.ContainerLifeCycle - ServerConnector@2374d36a{null, ()}{0.0.0.0:0} added {Server@736d6a5c{STOPPED}[9.4.44.v20210927],UNMANAGED}
04:06:38.262 [main] DEBUG org.eclipse.jetty.util.component.ContainerLifeCycle - ServerConnector@2374d36a{null, ()}{0.0.0.0:0} added {QueuedThreadPool[qtp399373008]@17cdf2d0{STOPPED,8<=0<=200,i=0,r=-1,q=0}[NO_TRY],AUTO}
04:06:38.262 [main] DEBUG org.eclipse.jetty.util.component.ContainerLifeCycle - ServerConnector@2374d36a{null, ()}{0.0.0.0:0} added {ScheduledExecutorScheduler@54d18072{STOPPED},AUTO}
04:06:38.262 [main] DEBUG org.eclipse.jetty.util.component.ContainerLifeCycle - ServerConnector@2374d36a{null, ()}{0.0.0.0:0} added {org.eclipse.jetty.io.ArrayByteBufferPool@1506f20f,POJO}
04:06:38.262 [main] DEBUG org.eclipse.jetty.util.component.ContainerLifeCycle - ServerConnector@2374d36a{null, (ssl)}{0.0.0.0:0} added {SslConnectionFactory@14dda234{SSL->HTTP/1.1},AUTO}
04:06:38.262 [main] DEBUG org.eclipse.jetty.server.AbstractConnector - ServerConnector@2374d36a{SSL, (ssl)}{0.0.0.0:0} added SslConnectionFactory@14dda234{SSL->HTTP/1.1}
04:06:38.262 [main] DEBUG org.eclipse.jetty.util.component.ContainerLifeCycle - ServerConnector@2374d36a{SSL, (ssl, http/1.1)}{0.0.0.0:0} added {HttpConnectionFactory@5553d0f5[HTTP/1.1],AUTO}
04:06:38.262 [main] DEBUG org.eclipse.jetty.server.AbstractConnector - ServerConnector@2374d36a{SSL, (ssl, http/1.1)}{0.0.0.0:0} added HttpConnectionFactory@5553d0f5[HTTP/1.1]
04:06:38.262 [main] DEBUG org.eclipse.jetty.util.component.ContainerLifeCycle - ServerConnector@2374d36a{SSL, (ssl, http/1.1)}{0.0.0.0:0} added {SelectorManager@ServerConnector@2374d36a{SSL, (ssl, http/1.1)}{0.0.0.0:0},MANAGED}
04:06:38.262 [main] DEBUG org.eclipse.jetty.util.component.ContainerLifeCycle - Server@736d6a5c{STOPPED}[9.4.44.v20210927] added {ServerConnector@2374d36a{SSL, (ssl, http/1.1)}{localhost:0},AUTO}
04:06:38.262 [main] DEBUG org.eclipse.jetty.util.component.AbstractLifeCycle - starting Server@736d6a5c{STOPPED}[9.4.44.v20210927]
04:06:38.262 [main] DEBUG org.eclipse.jetty.util.component.ContainerLifeCycle - Server@736d6a5c{STARTING}[9.4.44.v20210927] added {ErrorHandler@47a5b70d{STOPPED},AUTO}
04:06:38.262 [main] INFO org.eclipse.jetty.server.Server - jetty-9.4.44.v20210927; built: 2021-09-27T23:02:44.612Z; git: 8da83308eeca865e495e53ef315a249d63ba9332; jvm 1.8.0_402-8u402-ga-2ubuntu1~22.04-b06
04:06:38.262 [main] DEBUG org.eclipse.jetty.server.handler.AbstractHandler - starting Server@736d6a5c{STARTING}[9.4.44.v20210927]
04:06:38.262 [main] DEBUG org.eclipse.jetty.util.component.AbstractLifeCycle - starting QueuedThreadPool[qtp399373008]@17cdf2d0{STOPPED,8<=0<=200,i=0,r=-1,q=0}[NO_TRY]
04:06:38.262 [main] DEBUG org.eclipse.jetty.util.thread.ReservedThreadExecutor - ReservedThreadExecutor@424fd310{reserved=0/8,pending=0}
04:06:38.262 [main] DEBUG org.eclipse.jetty.util.component.ContainerLifeCycle - QueuedThreadPool[qtp399373008]@17cdf2d0{STARTING,8<=0<=200,i=0,r=-1,q=0}[ReservedThreadExecutor@424fd310{reserved=0/8,pending=0}] added {ReservedThreadExecutor@424fd310{reserved=0/8,pending=0},AUTO}
04:06:38.263 [main] DEBUG org.eclipse.jetty.util.component.AbstractLifeCycle - starting ReservedThreadExecutor@424fd310{reserved=0/8,pending=0}
04:06:38.263 [main] DEBUG org.eclipse.jetty.util.component.AbstractLifeCycle - STARTED @4904ms ReservedThreadExecutor@424fd310{reserved=0/8,pending=0}
04:06:38.263 [main] DEBUG org.eclipse.jetty.util.thread.QueuedThreadPool - Starting Thread[qtp399373008-55,5,main]
04:06:38.263 [main] DEBUG org.eclipse.jetty.util.thread.QueuedThreadPool - Starting Thread[qtp399373008-56,5,main]
04:06:38.263 [main] DEBUG org.eclipse.jetty.util.thread.QueuedThreadPool - Starting Thread[qtp399373008-57,5,main]
04:06:38.263 [qtp399373008-55] DEBUG org.eclipse.jetty.util.thread.QueuedThreadPool - Runner started for QueuedThreadPool[qtp399373008]@17cdf2d0{STARTING,8<=2<=200,i=2,r=-1,q=0}[ReservedThreadExecutor@424fd310{reserved=0/8,pending=0}]
04:06:38.263 [main] DEBUG org.eclipse.jetty.util.thread.QueuedThreadPool - Starting Thread[qtp399373008-58,5,main]
04:06:38.263 [qtp399373008-56] DEBUG org.eclipse.jetty.util.thread.QueuedThreadPool - Runner started for QueuedThreadPool[qtp399373008]@17cdf2d0{STARTING,8<=4<=200,i=4,r=-1,q=0}[ReservedThreadExecutor@424fd310{reserved=0/8,pending=0}]
04:06:38.263 [qtp399373008-57] DEBUG org.eclipse.jetty.util.thread.QueuedThreadPool - Runner started for QueuedThreadPool[qtp399373008]@17cdf2d0{STARTING,8<=4<=200,i=4,r=-1,q=0}[ReservedThreadExecutor@424fd310{reserved=0/8,pending=0}]
04:06:38.263 [main] DEBUG org.eclipse.jetty.util.thread.QueuedThreadPool - Starting Thread[qtp399373008-59,5,main]
04:06:38.263 [qtp399373008-58] DEBUG org.eclipse.jetty.util.thread.QueuedThreadPool - Runner started for QueuedThreadPool[qtp399373008]@17cdf2d0{STARTING,8<=5<=200,i=5,r=-1,q=0}[ReservedThreadExecutor@424fd310{reserved=0/8,pending=0}]
04:06:38.264 [main] DEBUG org.eclipse.jetty.util.thread.QueuedThreadPool - Starting Thread[qtp399373008-60,5,main]
04:06:38.264 [qtp399373008-59] DEBUG org.eclipse.jetty.util.thread.QueuedThreadPool - Runner started for QueuedThreadPool[qtp399373008]@17cdf2d0{STARTING,8<=6<=200,i=6,r=-1,q=0}[ReservedThreadExecutor@424fd310{reserved=0/8,pending=0}]
04:06:38.264 [main] DEBUG org.eclipse.jetty.util.thread.QueuedThreadPool - Starting Thread[qtp399373008-61,5,main]
04:06:38.264 [qtp399373008-60] DEBUG org.eclipse.jetty.util.thread.QueuedThreadPool - Runner started for QueuedThreadPool[qtp399373008]@17cdf2d0{STARTING,8<=7<=200,i=7,r=-1,q=0}[ReservedThreadExecutor@424fd310{reserved=0/8,pending=0}]
04:06:38.264 [main] DEBUG org.eclipse.jetty.util.thread.QueuedThreadPool - Starting Thread[qtp399373008-62,5,main]
04:06:38.264 [qtp399373008-61] DEBUG org.eclipse.jetty.util.thread.QueuedThreadPool - Runner started for QueuedThreadPool[qtp399373008]@17cdf2d0{STARTING,8<=8<=200,i=8,r=-1,q=0}[ReservedThreadExecutor@424fd310{reserved=0/8,pending=0}]
04:06:38.264 [main] DEBUG org.eclipse.jetty.util.component.AbstractLifeCycle - STARTED @4906ms QueuedThreadPool[qtp399373008]@17cdf2d0{STARTED,8<=8<=200,i=8,r=-1,q=0}[ReservedThreadExecutor@424fd310{reserved=0/8,pending=0}]
04:06:38.264 [main] DEBUG org.eclipse.jetty.util.component.AbstractLifeCycle - starting HandlerCollection@2371aaca{STOPPED}
04:06:38.264 [qtp399373008-62] DEBUG org.eclipse.jetty.util.thread.QueuedThreadPool - Runner started for QueuedThreadPool[qtp399373008]@17cdf2d0{STARTED,8<=8<=200,i=8,r=-1,q=0}[ReservedThreadExecutor@424fd310{reserved=0/8,pending=0}]
04:06:38.264 [main] DEBUG org.eclipse.jetty.server.handler.AbstractHandler - starting HandlerCollection@2371aaca{STARTING}
04:06:38.264 [main] DEBUG org.eclipse.jetty.util.component.AbstractLifeCycle - starting JettyHandler@5b529706{STOPPED}
04:06:38.264 [main] DEBUG org.eclipse.jetty.server.handler.AbstractHandler - starting JettyHandler@5b529706{STARTING}
04:06:38.264 [main] DEBUG org.eclipse.jetty.util.component.AbstractLifeCycle - STARTED @4906ms JettyHandler@5b529706{STARTED}
04:06:38.264 [main] DEBUG org.eclipse.jetty.util.component.AbstractLifeCycle - STARTED @4906ms HandlerCollection@2371aaca{STARTED}
04:06:38.264 [main] DEBUG org.eclipse.jetty.util.component.AbstractLifeCycle - starting ErrorHandler@47a5b70d{STOPPED}
04:06:38.264 [main] DEBUG org.eclipse.jetty.server.handler.AbstractHandler - starting ErrorHandler@47a5b70d{STARTING}
04:06:38.264 [main] DEBUG org.eclipse.jetty.util.component.AbstractLifeCycle - STARTED @4906ms ErrorHandler@47a5b70d{STARTED}
04:06:38.264 [main] DEBUG org.eclipse.jetty.util.component.AbstractLifeCycle - starting ServerConnector@2374d36a{SSL, (ssl, http/1.1)}{localhost:0}
04:06:38.265 [main] DEBUG org.eclipse.jetty.util.component.ContainerLifeCycle - ServerConnector@2374d36a{SSL, (ssl, http/1.1)}{localhost:35537} added {sun.nio.ch.ServerSocketChannelImpl[/127.0.0.1:35537],POJO}
04:06:38.265 [main] DEBUG org.eclipse.jetty.util.component.AbstractLifeCycle - starting ScheduledExecutorScheduler@54d18072{STOPPED}
04:06:38.265 [main] DEBUG org.eclipse.jetty.util.component.AbstractLifeCycle - STARTED @4906ms ScheduledExecutorScheduler@54d18072{STARTED}
04:06:38.265 [main] DEBUG org.eclipse.jetty.util.component.AbstractLifeCycle - starting SslConnectionFactory@14dda234{SSL->HTTP/1.1}
04:06:38.265 [main] DEBUG org.eclipse.jetty.util.component.AbstractLifeCycle - starting Server@5a411614[provider=null,keyStore=file:///home/alex/Repositories/nifi/minifi/minifi-bootstrap/src/test/resources/localhost-ks.jks,trustStore=file:///home/alex/Repositories/nifi/minifi/minifi-bootstrap/src/test/resources/localhost-ts.jks]
04:06:38.268 [main] DEBUG org.eclipse.jetty.util.ssl.SslContextFactory - Skipping [
[
  Version: V3
  Subject: CN=localhost, OU=Apache NiFi, O=Apache, L=Santa Monica, ST=CA, C=US
  Signature Algorithm: SHA256withRSA, OID = 1.2.840.113549.1.1.11

  Key:  Sun RSA public key, 2048 bits
  params: null
  modulus: 30814356967964143889979985530055364514699394643854733747998343669441470253519148017443938086010371890735549349346219651337818702185332874291515054870079563226954918193849616960862684868242286307978102369612841123949572244550174312189783512432514374223942259755501453758648376374577329063158223919569981746956302768359932779930568567551025861141698242321770321797245641831546024352966190839853333380405862111836548816513307103278129669977363291361980989435025931448076674220589578916708474451915467598527744638059964817414583177679616410437042552549854073395960578135618251112100328624274333297476918645698689757444387
  public exponent: 65537
  Validity: [From: Wed Sep 11 16:38:57 WEST 2019,
               To: Thu Sep 10 16:38:57 WEST 2020]
  Issuer: CN=localhost, OU=Apache NiFi, O=Apache, L=Santa Monica, ST=CA, C=US
  SerialNumber: [    5d791511]

Certificate Extensions: 2
[1]: ObjectId: 2.5.29.15 Criticality=false
KeyUsage [
  DigitalSignature
  Non_repudiation
  Key_Encipherment
  Data_Encipherment
  Key_Agreement
  Key_CertSign
]

[2]: ObjectId: 2.5.29.17 Criticality=false
SubjectAlternativeName [
  DNSName: localhost
]

]
  Algorithm: [SHA256withRSA]
  Signature:
0000: BD 60 51 3B 2B 7F 6A 1F   07 27 5B 95 90 71 12 AA  .`Q;+.j..'[..q..
0010: E2 51 88 19 F1 3D BF D9   70 36 DE BE 2E D0 E6 CB  .Q...=..p6......
0020: F9 37 23 D4 B2 67 1D FA   F6 06 D0 05 A4 C4 D8 BF  .7#..g..........
0030: 25 30 00 BC 98 A7 DC 41   D4 42 76 94 DB AD 9B DD  %0.....A.Bv.....
0040: E8 4A DA 97 40 4D 22 7F   8A B2 D2 F8 08 28 76 9F  .J..@M"......(v.
0050: AF 21 73 EC 37 D2 F2 3B   96 20 AE 8B E0 F8 F7 E9  .!s.7..;. ......
0060: E8 22 85 21 82 19 0F D1   C5 8A BE 7C CC FE D7 6F  .".!...........o
0070: A9 4E 62 69 45 A5 2D 50   33 31 06 6A 0F 61 1E F7  .NbiE.-P31.j.a..
0080: 8D 9F 60 68 D7 61 D6 32   25 64 43 76 B1 1B 7A 21  ..`h.a.2%dCv..z!
0090: 59 6F A3 FA BC D5 A9 28   6C A8 EF 30 F2 67 5E 1D  Yo.....(l..0.g^.
00A0: B9 AD A0 03 53 6E 83 6D   C4 CE CE 0C 66 10 73 39  ....Sn.m....f.s9
00B0: CE 73 1D BD 4D 8C 13 18   84 E7 E5 41 97 68 C1 53  .s..M......A.h.S
00C0: 81 CD B5 40 25 73 EC 05   E4 23 01 BA 4D 20 78 6B  ...@%s...#..M xk
00D0: 84 14 EB FF F2 82 AD 99   1F B9 34 99 3B BD 1D 3E  ..........4.;..>
00E0: 1B 14 48 1E E6 ED F9 7B   82 EE 15 33 57 CE B3 44  ..H........3W..D
00F0: 86 C7 F4 99 89 34 CE F3   88 BB AC F6 35 F2 80 59  .....4......5..Y

]
04:06:38.268 [main] DEBUG org.eclipse.jetty.util.ssl.X509 - Certificate CN alias=mykey CN=localhost in X509@48a12036(mykey,h=[],a=[],w=[])
04:06:38.268 [main] INFO org.eclipse.jetty.util.ssl.SslContextFactory - x509=X509@48a12036(mykey,h=[localhost],a=[],w=[]) for Server@5a411614[provider=null,keyStore=file:///home/alex/Repositories/nifi/minifi/minifi-bootstrap/src/test/resources/localhost-ks.jks,trustStore=file:///home/alex/Repositories/nifi/minifi/minifi-bootstrap/src/test/resources/localhost-ts.jks]
04:06:38.269 [main] DEBUG org.eclipse.jetty.util.ssl.SslContextFactory - managers=[sun.security.ssl.SunX509KeyManagerImpl@70efb718] for Server@5a411614[provider=null,keyStore=file:///home/alex/Repositories/nifi/minifi/minifi-bootstrap/src/test/resources/localhost-ks.jks,trustStore=file:///home/alex/Repositories/nifi/minifi/minifi-bootstrap/src/test/resources/localhost-ts.jks]
04:06:38.270 [main] DEBUG org.eclipse.jetty.util.ssl.SslContextFactory - Selected Protocols [TLSv1.3, TLSv1.2] of [TLSv1.3, TLSv1.2, TLSv1.1, TLSv1, SSLv3, SSLv2Hello]
04:06:38.270 [main] DEBUG org.eclipse.jetty.util.ssl.SslContextFactory - Selected Ciphers   [TLS_AES_256_GCM_SHA384, TLS_AES_128_GCM_SHA256, TLS_ECDHE_ECDSA_WITH_AES_256_GCM_SHA384, TLS_ECDHE_ECDSA_WITH_AES_128_GCM_SHA256, TLS_ECDHE_RSA_WITH_AES_256_GCM_SHA384, TLS_ECDHE_RSA_WITH_AES_128_GCM_SHA256, TLS_DHE_RSA_WITH_AES_256_GCM_SHA384, TLS_DHE_DSS_WITH_AES_256_GCM_SHA384, TLS_DHE_RSA_WITH_AES_128_GCM_SHA256, TLS_DHE_DSS_WITH_AES_128_GCM_SHA256, TLS_ECDHE_ECDSA_WITH_AES_256_CBC_SHA384, TLS_ECDHE_RSA_WITH_AES_256_CBC_SHA384, TLS_ECDHE_ECDSA_WITH_AES_128_CBC_SHA256, TLS_ECDHE_RSA_WITH_AES_128_CBC_SHA256, TLS_DHE_RSA_WITH_AES_256_CBC_SHA256, TLS_DHE_DSS_WITH_AES_256_CBC_SHA256, TLS_DHE_RSA_WITH_AES_128_CBC_SHA256, TLS_DHE_DSS_WITH_AES_128_CBC_SHA256, TLS_ECDH_ECDSA_WITH_AES_256_GCM_SHA384, TLS_ECDH_RSA_WITH_AES_256_GCM_SHA384, TLS_ECDH_ECDSA_WITH_AES_128_GCM_SHA256, TLS_ECDH_RSA_WITH_AES_128_GCM_SHA256, TLS_ECDH_ECDSA_WITH_AES_256_CBC_SHA384, TLS_ECDH_RSA_WITH_AES_256_CBC_SHA384, TLS_ECDH_ECDSA_WITH_AES_128_CBC_SHA256, TLS_ECDH_RSA_WITH_AES_128_CBC_SHA256, TLS_EMPTY_RENEGOTIATION_INFO_SCSV] of [TLS_AES_256_GCM_SHA384, TLS_AES_128_GCM_SHA256, TLS_ECDHE_ECDSA_WITH_AES_256_GCM_SHA384, TLS_ECDHE_ECDSA_WITH_AES_128_GCM_SHA256, TLS_ECDHE_RSA_WITH_AES_256_GCM_SHA384, TLS_ECDHE_RSA_WITH_AES_128_GCM_SHA256, TLS_DHE_RSA_WITH_AES_256_GCM_SHA384, TLS_DHE_DSS_WITH_AES_256_GCM_SHA384, TLS_DHE_RSA_WITH_AES_128_GCM_SHA256, TLS_DHE_DSS_WITH_AES_128_GCM_SHA256, TLS_ECDHE_ECDSA_WITH_AES_256_CBC_SHA384, TLS_ECDHE_RSA_WITH_AES_256_CBC_SHA384, TLS_ECDHE_ECDSA_WITH_AES_128_CBC_SHA256, TLS_ECDHE_RSA_WITH_AES_128_CBC_SHA256, TLS_DHE_RSA_WITH_AES_256_CBC_SHA256, TLS_DHE_DSS_WITH_AES_256_CBC_SHA256, TLS_DHE_RSA_WITH_AES_128_CBC_SHA256, TLS_DHE_DSS_WITH_AES_128_CBC_SHA256, TLS_ECDH_ECDSA_WITH_AES_256_GCM_SHA384, TLS_ECDH_RSA_WITH_AES_256_GCM_SHA384, TLS_ECDH_ECDSA_WITH_AES_128_GCM_SHA256, TLS_ECDH_RSA_WITH_AES_128_GCM_SHA256, TLS_ECDH_ECDSA_WITH_AES_256_CBC_SHA384, TLS_ECDH_RSA_WITH_AES_256_CBC_SHA384, TLS_ECDH_ECDSA_WITH_AES_128_CBC_SHA256, TLS_ECDH_RSA_WITH_AES_128_CBC_SHA256, TLS_ECDHE_ECDSA_WITH_AES_256_CBC_SHA, TLS_ECDHE_RSA_WITH_AES_256_CBC_SHA, TLS_ECDHE_ECDSA_WITH_AES_128_CBC_SHA, TLS_ECDHE_RSA_WITH_AES_128_CBC_SHA, TLS_DHE_RSA_WITH_AES_256_CBC_SHA, TLS_DHE_DSS_WITH_AES_256_CBC_SHA, TLS_DHE_RSA_WITH_AES_128_CBC_SHA, TLS_DHE_DSS_WITH_AES_128_CBC_SHA, TLS_ECDH_ECDSA_WITH_AES_256_CBC_SHA, TLS_ECDH_RSA_WITH_AES_256_CBC_SHA, TLS_ECDH_ECDSA_WITH_AES_128_CBC_SHA, TLS_ECDH_RSA_WITH_AES_128_CBC_SHA, TLS_RSA_WITH_AES_256_GCM_SHA384, TLS_RSA_WITH_AES_128_GCM_SHA256, TLS_RSA_WITH_AES_256_CBC_SHA256, TLS_RSA_WITH_AES_128_CBC_SHA256, TLS_RSA_WITH_AES_256_CBC_SHA, TLS_RSA_WITH_AES_128_CBC_SHA, TLS_EMPTY_RENEGOTIATION_INFO_SCSV]
04:06:38.271 [main] DEBUG org.eclipse.jetty.util.ssl.SslContextFactory - Customize sun.security.ssl.SSLEngineImpl@b70da4c
04:06:38.271 [main] DEBUG org.eclipse.jetty.util.component.AbstractLifeCycle - STARTED @4913ms Server@5a411614[provider=null,keyStore=file:///home/alex/Repositories/nifi/minifi/minifi-bootstrap/src/test/resources/localhost-ks.jks,trustStore=file:///home/alex/Repositories/nifi/minifi/minifi-bootstrap/src/test/resources/localhost-ts.jks]
04:06:38.272 [main] DEBUG org.eclipse.jetty.util.ssl.SslContextFactory - Customize sun.security.ssl.SSLEngineImpl@4a11eb84
04:06:38.272 [main] DEBUG org.eclipse.jetty.util.component.AbstractLifeCycle - STARTED @4913ms SslConnectionFactory@14dda234{SSL->HTTP/1.1}
04:06:38.272 [main] DEBUG org.eclipse.jetty.util.component.AbstractLifeCycle - starting HttpConnectionFactory@5553d0f5[HTTP/1.1]
04:06:38.272 [main] DEBUG org.eclipse.jetty.util.component.AbstractLifeCycle - STARTED @4913ms HttpConnectionFactory@5553d0f5[HTTP/1.1]
04:06:38.272 [main] DEBUG org.eclipse.jetty.util.component.AbstractLifeCycle - starting SelectorManager@ServerConnector@2374d36a{SSL, (ssl, http/1.1)}{localhost:35537}
04:06:38.272 [main] DEBUG org.eclipse.jetty.util.component.ContainerLifeCycle - EatWhatYouKill@4e858e0a/SelectorProducer@435fb7b5/IDLE/p=false/QueuedThreadPool[qtp399373008]@17cdf2d0{STARTED,8<=8<=200,i=8,r=-1,q=0}[ReservedThreadExecutor@424fd310{reserved=0/8,pending=0}][pc=0,pic=0,pec=0,epc=0]@2024-05-02T04:06:38.272+01:00 added {SelectorProducer@435fb7b5,POJO}
04:06:38.272 [main] DEBUG org.eclipse.jetty.util.component.ContainerLifeCycle - EatWhatYouKill@4e858e0a/SelectorProducer@435fb7b5/IDLE/p=false/QueuedThreadPool[qtp399373008]@17cdf2d0{STARTED,8<=8<=200,i=8,r=-1,q=0}[ReservedThreadExecutor@424fd310{reserved=0/8,pending=0}][pc=0,pic=0,pec=0,epc=0]@2024-05-02T04:06:38.272+01:00 added {QueuedThreadPool[qtp399373008]@17cdf2d0{STARTED,8<=8<=200,i=8,r=-1,q=0}[ReservedThreadExecutor@424fd310{reserved=0/8,pending=0}],UNMANAGED}
04:06:38.273 [main] DEBUG org.eclipse.jetty.util.thread.strategy.EatWhatYouKill - EatWhatYouKill@4e858e0a/SelectorProducer@435fb7b5/IDLE/p=false/QueuedThreadPool[qtp399373008]@17cdf2d0{STARTED,8<=8<=200,i=8,r=-1,q=0}[ReservedThreadExecutor@424fd310{reserved=0/8,pending=0}][pc=0,pic=0,pec=0,epc=0]@2024-05-02T04:06:38.272+01:00 created
04:06:38.273 [main] DEBUG org.eclipse.jetty.util.component.ContainerLifeCycle - ManagedSelector@4e70a728{STOPPED} id=0 keys=-1 selected=-1 updates=0 added {EatWhatYouKill@4e858e0a/SelectorProducer@435fb7b5/IDLE/p=false/QueuedThreadPool[qtp399373008]@17cdf2d0{STARTED,8<=8<=200,i=8,r=-1,q=0}[ReservedThreadExecutor@424fd310{reserved=0/8,pending=0}][pc=0,pic=0,pec=0,epc=0]@2024-05-02T04:06:38.273+01:00,MANAGED}
04:06:38.273 [main] DEBUG org.eclipse.jetty.util.component.ContainerLifeCycle - SelectorManager@ServerConnector@2374d36a{SSL, (ssl, http/1.1)}{localhost:35537} added {ManagedSelector@4e70a728{STOPPED} id=0 keys=-1 selected=-1 updates=0,AUTO}
04:06:38.273 [main] DEBUG org.eclipse.jetty.util.component.ContainerLifeCycle - EatWhatYouKill@b7838a9/SelectorProducer@696f0212/IDLE/p=false/QueuedThreadPool[qtp399373008]@17cdf2d0{STARTED,8<=8<=200,i=8,r=-1,q=0}[ReservedThreadExecutor@424fd310{reserved=0/8,pending=0}][pc=0,pic=0,pec=0,epc=0]@2024-05-02T04:06:38.273+01:00 added {SelectorProducer@696f0212,POJO}
04:06:38.273 [main] DEBUG org.eclipse.jetty.util.component.ContainerLifeCycle - EatWhatYouKill@b7838a9/SelectorProducer@696f0212/IDLE/p=false/QueuedThreadPool[qtp399373008]@17cdf2d0{STARTED,8<=8<=200,i=8,r=-1,q=0}[ReservedThreadExecutor@424fd310{reserved=0/8,pending=0}][pc=0,pic=0,pec=0,epc=0]@2024-05-02T04:06:38.273+01:00 added {QueuedThreadPool[qtp399373008]@17cdf2d0{STARTED,8<=8<=200,i=8,r=-1,q=0}[ReservedThreadExecutor@424fd310{reserved=0/8,pending=0}],UNMANAGED}
04:06:38.273 [main] DEBUG org.eclipse.jetty.util.thread.strategy.EatWhatYouKill - EatWhatYouKill@b7838a9/SelectorProducer@696f0212/IDLE/p=false/QueuedThreadPool[qtp399373008]@17cdf2d0{STARTED,8<=8<=200,i=8,r=-1,q=0}[ReservedThreadExecutor@424fd310{reserved=0/8,pending=0}][pc=0,pic=0,pec=0,epc=0]@2024-05-02T04:06:38.273+01:00 created
04:06:38.273 [main] DEBUG org.eclipse.jetty.util.component.ContainerLifeCycle - ManagedSelector@5733f295{STOPPED} id=1 keys=-1 selected=-1 updates=0 added {EatWhatYouKill@b7838a9/SelectorProducer@696f0212/IDLE/p=false/QueuedThreadPool[qtp399373008]@17cdf2d0{STARTED,8<=8<=200,i=8,r=-1,q=0}[ReservedThreadExecutor@424fd310{reserved=0/8,pending=0}][pc=0,pic=0,pec=0,epc=0]@2024-05-02T04:06:38.273+01:00,MANAGED}
04:06:38.274 [main] DEBUG org.eclipse.jetty.util.component.ContainerLifeCycle - SelectorManager@ServerConnector@2374d36a{SSL, (ssl, http/1.1)}{localhost:35537} added {ManagedSelector@5733f295{STOPPED} id=1 keys=-1 selected=-1 updates=0,AUTO}
04:06:38.274 [main] DEBUG org.eclipse.jetty.util.component.ContainerLifeCycle - EatWhatYouKill@1c3146bc/SelectorProducer@56c698e3/IDLE/p=false/QueuedThreadPool[qtp399373008]@17cdf2d0{STARTED,8<=8<=200,i=8,r=-1,q=0}[ReservedThreadExecutor@424fd310{reserved=0/8,pending=0}][pc=0,pic=0,pec=0,epc=0]@2024-05-02T04:06:38.274+01:00 added {SelectorProducer@56c698e3,POJO}
04:06:38.274 [main] DEBUG org.eclipse.jetty.util.component.ContainerLifeCycle - EatWhatYouKill@1c3146bc/SelectorProducer@56c698e3/IDLE/p=false/QueuedThreadPool[qtp399373008]@17cdf2d0{STARTED,8<=8<=200,i=8,r=-1,q=0}[ReservedThreadExecutor@424fd310{reserved=0/8,pending=0}][pc=0,pic=0,pec=0,epc=0]@2024-05-02T04:06:38.274+01:00 added {QueuedThreadPool[qtp399373008]@17cdf2d0{STARTED,8<=8<=200,i=8,r=-1,q=0}[ReservedThreadExecutor@424fd310{reserved=0/8,pending=0}],UNMANAGED}
04:06:38.274 [main] DEBUG org.eclipse.jetty.util.thread.strategy.EatWhatYouKill - EatWhatYouKill@1c3146bc/SelectorProducer@56c698e3/IDLE/p=false/QueuedThreadPool[qtp399373008]@17cdf2d0{STARTED,8<=8<=200,i=8,r=-1,q=0}[ReservedThreadExecutor@424fd310{reserved=0/8,pending=0}][pc=0,pic=0,pec=0,epc=0]@2024-05-02T04:06:38.274+01:00 created
04:06:38.274 [main] DEBUG org.eclipse.jetty.util.component.ContainerLifeCycle - ManagedSelector@47a86fbb{STOPPED} id=2 keys=-1 selected=-1 updates=0 added {EatWhatYouKill@1c3146bc/SelectorProducer@56c698e3/IDLE/p=false/QueuedThreadPool[qtp399373008]@17cdf2d0{STARTED,8<=8<=200,i=8,r=-1,q=0}[ReservedThreadExecutor@424fd310{reserved=0/8,pending=0}][pc=0,pic=0,pec=0,epc=0]@2024-05-02T04:06:38.274+01:00,MANAGED}
04:06:38.274 [main] DEBUG org.eclipse.jetty.util.component.ContainerLifeCycle - SelectorManager@ServerConnector@2374d36a{SSL, (ssl, http/1.1)}{localhost:35537} added {ManagedSelector@47a86fbb{STOPPED} id=2 keys=-1 selected=-1 updates=0,AUTO}
04:06:38.275 [main] DEBUG org.eclipse.jetty.util.component.ContainerLifeCycle - EatWhatYouKill@f478a81/SelectorProducer@19553973/IDLE/p=false/QueuedThreadPool[qtp399373008]@17cdf2d0{STARTED,8<=8<=200,i=8,r=-1,q=0}[ReservedThreadExecutor@424fd310{reserved=0/8,pending=0}][pc=0,pic=0,pec=0,epc=0]@2024-05-02T04:06:38.275+01:00 added {SelectorProducer@19553973,POJO}
04:06:38.275 [main] DEBUG org.eclipse.jetty.util.component.ContainerLifeCycle - EatWhatYouKill@f478a81/SelectorProducer@19553973/IDLE/p=false/QueuedThreadPool[qtp399373008]@17cdf2d0{STARTED,8<=8<=200,i=8,r=-1,q=0}[ReservedThreadExecutor@424fd310{reserved=0/8,pending=0}][pc=0,pic=0,pec=0,epc=0]@2024-05-02T04:06:38.275+01:00 added {QueuedThreadPool[qtp399373008]@17cdf2d0{STARTED,8<=8<=200,i=8,r=-1,q=0}[ReservedThreadExecutor@424fd310{reserved=0/8,pending=0}],UNMANAGED}
04:06:38.275 [main] DEBUG org.eclipse.jetty.util.thread.strategy.EatWhatYouKill - EatWhatYouKill@f478a81/SelectorProducer@19553973/IDLE/p=false/QueuedThreadPool[qtp399373008]@17cdf2d0{STARTED,8<=8<=200,i=8,r=-1,q=0}[ReservedThreadExecutor@424fd310{reserved=0/8,pending=0}][pc=0,pic=0,pec=0,epc=0]@2024-05-02T04:06:38.275+01:00 created
04:06:38.275 [main] DEBUG org.eclipse.jetty.util.component.ContainerLifeCycle - ManagedSelector@7bb6ab3a{STOPPED} id=3 keys=-1 selected=-1 updates=0 added {EatWhatYouKill@f478a81/SelectorProducer@19553973/IDLE/p=false/QueuedThreadPool[qtp399373008]@17cdf2d0{STARTED,8<=8<=200,i=8,r=-1,q=0}[ReservedThreadExecutor@424fd310{reserved=0/8,pending=0}][pc=0,pic=0,pec=0,epc=0]@2024-05-02T04:06:38.275+01:00,MANAGED}
04:06:38.275 [main] DEBUG org.eclipse.jetty.util.component.ContainerLifeCycle - SelectorManager@ServerConnector@2374d36a{SSL, (ssl, http/1.1)}{localhost:35537} added {ManagedSelector@7bb6ab3a{STOPPED} id=3 keys=-1 selected=-1 updates=0,AUTO}
04:06:38.275 [main] DEBUG org.eclipse.jetty.util.component.AbstractLifeCycle - starting ManagedSelector@4e70a728{STOPPED} id=0 keys=-1 selected=-1 updates=0
04:06:38.275 [main] DEBUG org.eclipse.jetty.util.component.AbstractLifeCycle - starting EatWhatYouKill@4e858e0a/SelectorProducer@435fb7b5/IDLE/p=false/QueuedThreadPool[qtp399373008]@17cdf2d0{STARTED,8<=8<=200,i=8,r=-1,q=0}[ReservedThreadExecutor@424fd310{reserved=0/8,pending=0}][pc=0,pic=0,pec=0,epc=0]@2024-05-02T04:06:38.275+01:00
04:06:38.276 [main] DEBUG org.eclipse.jetty.util.component.AbstractLifeCycle - STARTED @4917ms EatWhatYouKill@4e858e0a/SelectorProducer@435fb7b5/IDLE/p=false/QueuedThreadPool[qtp399373008]@17cdf2d0{STARTED,8<=8<=200,i=8,r=-1,q=0}[ReservedThreadExecutor@424fd310{reserved=0/8,pending=0}][pc=0,pic=0,pec=0,epc=0]@2024-05-02T04:06:38.275+01:00
04:06:38.276 [qtp399373008-55] DEBUG org.eclipse.jetty.util.thread.QueuedThreadPool - run org.eclipse.jetty.io.ManagedSelector$$Lambda$253/838473569@48d743ae in QueuedThreadPool[qtp399373008]@17cdf2d0{STARTED,8<=8<=200,i=7,r=-1,q=0}[ReservedThreadExecutor@424fd310{reserved=0/8,pending=0}]
04:06:38.276 [qtp399373008-55] DEBUG org.eclipse.jetty.util.thread.strategy.EatWhatYouKill - EatWhatYouKill@4e858e0a/SelectorProducer@435fb7b5/IDLE/p=false/QueuedThreadPool[qtp399373008]@17cdf2d0{STARTED,8<=8<=200,i=7,r=-1,q=0}[ReservedThreadExecutor@424fd310{reserved=0/8,pending=0}][pc=0,pic=0,pec=0,epc=0]@2024-05-02T04:06:38.276+01:00 tryProduce false
04:06:38.276 [qtp399373008-55] DEBUG org.eclipse.jetty.io.ManagedSelector - updateable 0
04:06:38.276 [qtp399373008-55] DEBUG org.eclipse.jetty.io.ManagedSelector - updates 0
04:06:38.276 [qtp399373008-55] DEBUG org.eclipse.jetty.io.ManagedSelector - Selector sun.nio.ch.EPollSelectorImpl@4610b4c4 waiting with 0 keys
04:06:38.276 [main] DEBUG org.eclipse.jetty.util.thread.QueuedThreadPool - queue org.eclipse.jetty.io.ManagedSelector$$Lambda$253/838473569@48d743ae startThread=0
04:06:38.276 [main] DEBUG org.eclipse.jetty.io.ManagedSelector - Queued change lazy=false org.eclipse.jetty.io.ManagedSelector$Start@7fe7c640 on ManagedSelector@4e70a728{STARTING} id=0 keys=0 selected=0 updates=0
04:06:38.276 [main] DEBUG org.eclipse.jetty.io.ManagedSelector - Wakeup on submit ManagedSelector@4e70a728{STARTING} id=0 keys=0 selected=0 updates=1
04:06:38.276 [qtp399373008-55] DEBUG org.eclipse.jetty.io.ManagedSelector - Selector sun.nio.ch.EPollSelectorImpl@4610b4c4 woken with none selected
04:06:38.276 [qtp399373008-55] DEBUG org.eclipse.jetty.io.ManagedSelector - Selector sun.nio.ch.EPollSelectorImpl@4610b4c4 woken up from select, 0/0/0 selected
04:06:38.276 [qtp399373008-55] DEBUG org.eclipse.jetty.io.ManagedSelector - Selector sun.nio.ch.EPollSelectorImpl@4610b4c4 processing 0 keys, 1 updates
04:06:38.276 [qtp399373008-55] DEBUG org.eclipse.jetty.io.ManagedSelector - updateable 1
04:06:38.277 [qtp399373008-55] DEBUG org.eclipse.jetty.io.ManagedSelector - update org.eclipse.jetty.io.ManagedSelector$Start@7fe7c640
04:06:38.277 [qtp399373008-55] DEBUG org.eclipse.jetty.io.ManagedSelector - updates 0
04:06:38.277 [qtp399373008-55] DEBUG org.eclipse.jetty.io.ManagedSelector - Selector sun.nio.ch.EPollSelectorImpl@4610b4c4 waiting with 0 keys
04:06:38.277 [main] DEBUG org.eclipse.jetty.util.component.AbstractLifeCycle - STARTED @4918ms ManagedSelector@4e70a728{STARTED} id=0 keys=0 selected=0 updates=0
04:06:38.277 [main] DEBUG org.eclipse.jetty.util.component.AbstractLifeCycle - starting ManagedSelector@5733f295{STOPPED} id=1 keys=-1 selected=-1 updates=0
04:06:38.277 [main] DEBUG org.eclipse.jetty.util.component.AbstractLifeCycle - starting EatWhatYouKill@b7838a9/SelectorProducer@696f0212/IDLE/p=false/QueuedThreadPool[qtp399373008]@17cdf2d0{STARTED,8<=8<=200,i=7,r=-1,q=0}[ReservedThreadExecutor@424fd310{reserved=0/8,pending=0}][pc=0,pic=0,pec=0,epc=0]@2024-05-02T04:06:38.277+01:00
04:06:38.277 [main] DEBUG org.eclipse.jetty.util.component.AbstractLifeCycle - STARTED @4919ms EatWhatYouKill@b7838a9/SelectorProducer@696f0212/IDLE/p=false/QueuedThreadPool[qtp399373008]@17cdf2d0{STARTED,8<=8<=200,i=7,r=-1,q=0}[ReservedThreadExecutor@424fd310{reserved=0/8,pending=0}][pc=0,pic=0,pec=0,epc=0]@2024-05-02T04:06:38.277+01:00
04:06:38.277 [qtp399373008-56] DEBUG org.eclipse.jetty.util.thread.QueuedThreadPool - run org.eclipse.jetty.io.ManagedSelector$$Lambda$253/838473569@6898a7f5 in QueuedThreadPool[qtp399373008]@17cdf2d0{STARTED,8<=8<=200,i=6,r=-1,q=0}[ReservedThreadExecutor@424fd310{reserved=0/8,pending=0}]
04:06:38.277 [qtp399373008-56] DEBUG org.eclipse.jetty.util.thread.strategy.EatWhatYouKill - EatWhatYouKill@b7838a9/SelectorProducer@696f0212/IDLE/p=false/QueuedThreadPool[qtp399373008]@17cdf2d0{STARTED,8<=8<=200,i=6,r=-1,q=0}[ReservedThreadExecutor@424fd310{reserved=0/8,pending=0}][pc=0,pic=0,pec=0,epc=0]@2024-05-02T04:06:38.277+01:00 tryProduce false
04:06:38.277 [qtp399373008-56] DEBUG org.eclipse.jetty.io.ManagedSelector - updateable 0
04:06:38.278 [qtp399373008-56] DEBUG org.eclipse.jetty.io.ManagedSelector - updates 0
04:06:38.278 [qtp399373008-56] DEBUG org.eclipse.jetty.io.ManagedSelector - Selector sun.nio.ch.EPollSelectorImpl@665f4496 waiting with 0 keys
04:06:38.278 [main] DEBUG org.eclipse.jetty.util.thread.QueuedThreadPool - queue org.eclipse.jetty.io.ManagedSelector$$Lambda$253/838473569@6898a7f5 startThread=0
04:06:38.278 [main] DEBUG org.eclipse.jetty.io.ManagedSelector - Queued change lazy=false org.eclipse.jetty.io.ManagedSelector$Start@4c4748bf on ManagedSelector@5733f295{STARTING} id=1 keys=0 selected=0 updates=0
04:06:38.278 [main] DEBUG org.eclipse.jetty.io.ManagedSelector - Wakeup on submit ManagedSelector@5733f295{STARTING} id=1 keys=0 selected=0 updates=1
04:06:38.278 [qtp399373008-56] DEBUG org.eclipse.jetty.io.ManagedSelector - Selector sun.nio.ch.EPollSelectorImpl@665f4496 woken with none selected
04:06:38.278 [qtp399373008-56] DEBUG org.eclipse.jetty.io.ManagedSelector - Selector sun.nio.ch.EPollSelectorImpl@665f4496 woken up from select, 0/0/0 selected
04:06:38.278 [qtp399373008-56] DEBUG org.eclipse.jetty.io.ManagedSelector - Selector sun.nio.ch.EPollSelectorImpl@665f4496 processing 0 keys, 1 updates
04:06:38.278 [qtp399373008-56] DEBUG org.eclipse.jetty.io.ManagedSelector - updateable 1
04:06:38.278 [qtp399373008-56] DEBUG org.eclipse.jetty.io.ManagedSelector - update org.eclipse.jetty.io.ManagedSelector$Start@4c4748bf
04:06:38.278 [qtp399373008-56] DEBUG org.eclipse.jetty.io.ManagedSelector - updates 0
04:06:38.278 [qtp399373008-56] DEBUG org.eclipse.jetty.io.ManagedSelector - Selector sun.nio.ch.EPollSelectorImpl@665f4496 waiting with 0 keys
04:06:38.278 [main] DEBUG org.eclipse.jetty.util.component.AbstractLifeCycle - STARTED @4920ms ManagedSelector@5733f295{STARTED} id=1 keys=0 selected=0 updates=0
04:06:38.278 [main] DEBUG org.eclipse.jetty.util.component.AbstractLifeCycle - starting ManagedSelector@47a86fbb{STOPPED} id=2 keys=-1 selected=-1 updates=0
04:06:38.278 [main] DEBUG org.eclipse.jetty.util.component.AbstractLifeCycle - starting EatWhatYouKill@1c3146bc/SelectorProducer@56c698e3/IDLE/p=false/QueuedThreadPool[qtp399373008]@17cdf2d0{STARTED,8<=8<=200,i=6,r=-1,q=0}[ReservedThreadExecutor@424fd310{reserved=0/8,pending=0}][pc=0,pic=0,pec=0,epc=0]@2024-05-02T04:06:38.278+01:00
04:06:38.278 [main] DEBUG org.eclipse.jetty.util.component.AbstractLifeCycle - STARTED @4920ms EatWhatYouKill@1c3146bc/SelectorProducer@56c698e3/IDLE/p=false/QueuedThreadPool[qtp399373008]@17cdf2d0{STARTED,8<=8<=200,i=6,r=-1,q=0}[ReservedThreadExecutor@424fd310{reserved=0/8,pending=0}][pc=0,pic=0,pec=0,epc=0]@2024-05-02T04:06:38.278+01:00
04:06:38.279 [main] DEBUG org.eclipse.jetty.util.thread.QueuedThreadPool - queue org.eclipse.jetty.io.ManagedSelector$$Lambda$253/838473569@7ce97ee5 startThread=0
04:06:38.279 [qtp399373008-57] DEBUG org.eclipse.jetty.util.thread.QueuedThreadPool - run org.eclipse.jetty.io.ManagedSelector$$Lambda$253/838473569@7ce97ee5 in QueuedThreadPool[qtp399373008]@17cdf2d0{STARTED,8<=8<=200,i=5,r=-1,q=0}[ReservedThreadExecutor@424fd310{reserved=0/8,pending=0}]
04:06:38.279 [main] DEBUG org.eclipse.jetty.io.ManagedSelector - Queued change lazy=false org.eclipse.jetty.io.ManagedSelector$Start@32c8e539 on ManagedSelector@47a86fbb{STARTING} id=2 keys=0 selected=0 updates=0
04:06:38.279 [qtp399373008-57] DEBUG org.eclipse.jetty.util.thread.strategy.EatWhatYouKill - EatWhatYouKill@1c3146bc/SelectorProducer@56c698e3/IDLE/p=false/QueuedThreadPool[qtp399373008]@17cdf2d0{STARTED,8<=8<=200,i=5,r=-1,q=0}[ReservedThreadExecutor@424fd310{reserved=0/8,pending=0}][pc=0,pic=0,pec=0,epc=0]@2024-05-02T04:06:38.279+01:00 tryProduce false
04:06:38.279 [qtp399373008-57] DEBUG org.eclipse.jetty.io.ManagedSelector - updateable 1
04:06:38.279 [qtp399373008-57] DEBUG org.eclipse.jetty.io.ManagedSelector - update org.eclipse.jetty.io.ManagedSelector$Start@32c8e539
04:06:38.279 [qtp399373008-57] DEBUG org.eclipse.jetty.io.ManagedSelector - updates 0
04:06:38.279 [qtp399373008-57] DEBUG org.eclipse.jetty.io.ManagedSelector - Selector sun.nio.ch.EPollSelectorImpl@3702dbe9 waiting with 0 keys
04:06:38.279 [main] DEBUG org.eclipse.jetty.util.component.AbstractLifeCycle - STARTED @4921ms ManagedSelector@47a86fbb{STARTED} id=2 keys=0 selected=0 updates=0
04:06:38.279 [main] DEBUG org.eclipse.jetty.util.component.AbstractLifeCycle - starting ManagedSelector@7bb6ab3a{STOPPED} id=3 keys=-1 selected=-1 updates=0
04:06:38.279 [main] DEBUG org.eclipse.jetty.util.component.AbstractLifeCycle - starting EatWhatYouKill@f478a81/SelectorProducer@19553973/IDLE/p=false/QueuedThreadPool[qtp399373008]@17cdf2d0{STARTED,8<=8<=200,i=5,r=-1,q=0}[ReservedThreadExecutor@424fd310{reserved=0/8,pending=0}][pc=0,pic=0,pec=0,epc=0]@2024-05-02T04:06:38.279+01:00
04:06:38.279 [main] DEBUG org.eclipse.jetty.util.component.AbstractLifeCycle - STARTED @4921ms EatWhatYouKill@f478a81/SelectorProducer@19553973/IDLE/p=false/QueuedThreadPool[qtp399373008]@17cdf2d0{STARTED,8<=8<=200,i=5,r=-1,q=0}[ReservedThreadExecutor@424fd310{reserved=0/8,pending=0}][pc=0,pic=0,pec=0,epc=0]@2024-05-02T04:06:38.279+01:00
04:06:38.279 [qtp399373008-58] DEBUG org.eclipse.jetty.util.thread.QueuedThreadPool - run org.eclipse.jetty.io.ManagedSelector$$Lambda$253/838473569@342f02f2 in QueuedThreadPool[qtp399373008]@17cdf2d0{STARTED,8<=8<=200,i=4,r=-1,q=0}[ReservedThreadExecutor@424fd310{reserved=0/8,pending=0}]
04:06:38.280 [qtp399373008-58] DEBUG org.eclipse.jetty.util.thread.strategy.EatWhatYouKill - EatWhatYouKill@f478a81/SelectorProducer@19553973/IDLE/p=false/QueuedThreadPool[qtp399373008]@17cdf2d0{STARTED,8<=8<=200,i=4,r=-1,q=0}[ReservedThreadExecutor@424fd310{reserved=0/8,pending=0}][pc=0,pic=0,pec=0,epc=0]@2024-05-02T04:06:38.28+01:00 tryProduce false
04:06:38.280 [qtp399373008-58] DEBUG org.eclipse.jetty.io.ManagedSelector - updateable 0
04:06:38.280 [qtp399373008-58] DEBUG org.eclipse.jetty.io.ManagedSelector - updates 0
04:06:38.280 [qtp399373008-58] DEBUG org.eclipse.jetty.io.ManagedSelector - Selector sun.nio.ch.EPollSelectorImpl@3ae8fa07 waiting with 0 keys
04:06:38.280 [main] DEBUG org.eclipse.jetty.util.thread.QueuedThreadPool - queue org.eclipse.jetty.io.ManagedSelector$$Lambda$253/838473569@342f02f2 startThread=0
04:06:38.280 [main] DEBUG org.eclipse.jetty.io.ManagedSelector - Queued change lazy=false org.eclipse.jetty.io.ManagedSelector$Start@73dce0e6 on ManagedSelector@7bb6ab3a{STARTING} id=3 keys=0 selected=0 updates=0
04:06:38.280 [main] DEBUG org.eclipse.jetty.io.ManagedSelector - Wakeup on submit ManagedSelector@7bb6ab3a{STARTING} id=3 keys=0 selected=0 updates=1
04:06:38.280 [qtp399373008-58] DEBUG org.eclipse.jetty.io.ManagedSelector - Selector sun.nio.ch.EPollSelectorImpl@3ae8fa07 woken with none selected
04:06:38.280 [qtp399373008-58] DEBUG org.eclipse.jetty.io.ManagedSelector - Selector sun.nio.ch.EPollSelectorImpl@3ae8fa07 woken up from select, 0/0/0 selected
04:06:38.280 [qtp399373008-58] DEBUG org.eclipse.jetty.io.ManagedSelector - Selector sun.nio.ch.EPollSelectorImpl@3ae8fa07 processing 0 keys, 1 updates
04:06:38.280 [qtp399373008-58] DEBUG org.eclipse.jetty.io.ManagedSelector - updateable 1
04:06:38.280 [qtp399373008-58] DEBUG org.eclipse.jetty.io.ManagedSelector - update org.eclipse.jetty.io.ManagedSelector$Start@73dce0e6
04:06:38.280 [qtp399373008-58] DEBUG org.eclipse.jetty.io.ManagedSelector - updates 0
04:06:38.280 [qtp399373008-58] DEBUG org.eclipse.jetty.io.ManagedSelector - Selector sun.nio.ch.EPollSelectorImpl@3ae8fa07 waiting with 0 keys
04:06:38.280 [main] DEBUG org.eclipse.jetty.util.component.AbstractLifeCycle - STARTED @4922ms ManagedSelector@7bb6ab3a{STARTED} id=3 keys=0 selected=0 updates=0
04:06:38.280 [main] DEBUG org.eclipse.jetty.util.component.AbstractLifeCycle - STARTED @4922ms SelectorManager@ServerConnector@2374d36a{SSL, (ssl, http/1.1)}{localhost:35537}
04:06:38.281 [main] DEBUG org.eclipse.jetty.util.component.ContainerLifeCycle - ServerConnector@2374d36a{SSL, (ssl, http/1.1)}{localhost:35537} added {acceptor-0@5a85c92,POJO}
04:06:38.281 [main] DEBUG org.eclipse.jetty.util.thread.QueuedThreadPool - queue acceptor-0@5a85c92 startThread=0
04:06:38.281 [qtp399373008-59] DEBUG org.eclipse.jetty.util.thread.QueuedThreadPool - run acceptor-0@5a85c92 in QueuedThreadPool[qtp399373008]@17cdf2d0{STARTED,8<=8<=200,i=3,r=-1,q=0}[ReservedThreadExecutor@424fd310{reserved=0/8,pending=0}]
04:06:38.281 [main] INFO org.eclipse.jetty.server.AbstractConnector - Started ServerConnector@2374d36a{SSL, (ssl, http/1.1)}{localhost:35537}
04:06:38.281 [main] DEBUG org.eclipse.jetty.util.component.AbstractLifeCycle - STARTED @4922ms ServerConnector@2374d36a{SSL, (ssl, http/1.1)}{localhost:35537}
04:06:38.281 [main] INFO org.eclipse.jetty.server.Server - Started @4923ms
04:06:38.281 [main] DEBUG org.eclipse.jetty.util.component.AbstractLifeCycle - STARTED @4923ms Server@736d6a5c{STARTED}[9.4.44.v20210927]
04:06:39.284 [main] DEBUG org.apache.nifi.minifi.bootstrap.configuration.ingestors.PullHttpChangeIngestor - Attempting to pull new config
04:06:39.285 [qtp399373008-59-acceptor-0@5a85c92-ServerConnector@2374d36a{SSL, (ssl, http/1.1)}{localhost:35537}] DEBUG org.eclipse.jetty.io.ManagedSelector - Queued change lazy=false Accept@25f05ce6[java.nio.channels.SocketChannel[connected local=/127.0.0.1:35537 remote=/127.0.0.1:60844]] on ManagedSelector@5733f295{STARTED} id=1 keys=0 selected=0 updates=0
04:06:39.285 [qtp399373008-59-acceptor-0@5a85c92-ServerConnector@2374d36a{SSL, (ssl, http/1.1)}{localhost:35537}] DEBUG org.eclipse.jetty.io.ManagedSelector - Wakeup on submit ManagedSelector@5733f295{STARTED} id=1 keys=0 selected=0 updates=1
04:06:39.285 [qtp399373008-56] DEBUG org.eclipse.jetty.io.ManagedSelector - Selector sun.nio.ch.EPollSelectorImpl@665f4496 woken with none selected
04:06:39.285 [qtp399373008-56] DEBUG org.eclipse.jetty.io.ManagedSelector - Selector sun.nio.ch.EPollSelectorImpl@665f4496 woken up from select, 0/0/0 selected
04:06:39.285 [qtp399373008-56] DEBUG org.eclipse.jetty.io.ManagedSelector - Selector sun.nio.ch.EPollSelectorImpl@665f4496 processing 0 keys, 1 updates
04:06:39.285 [qtp399373008-56] DEBUG org.eclipse.jetty.io.ManagedSelector - updateable 1
04:06:39.285 [qtp399373008-56] DEBUG org.eclipse.jetty.io.ManagedSelector - update Accept@25f05ce6[java.nio.channels.SocketChannel[connected local=/127.0.0.1:35537 remote=/127.0.0.1:60844]]
04:06:39.285 [qtp399373008-56] DEBUG org.eclipse.jetty.util.thread.QueuedThreadPool - queue Accept@25f05ce6[java.nio.channels.SocketChannel[connected local=/127.0.0.1:35537 remote=/127.0.0.1:60844]] startThread=0
04:06:39.285 [qtp399373008-56] DEBUG org.eclipse.jetty.io.ManagedSelector - updates 0
04:06:39.285 [qtp399373008-60] DEBUG org.eclipse.jetty.util.thread.QueuedThreadPool - run Accept@25f05ce6[java.nio.channels.SocketChannel[connected local=/127.0.0.1:35537 remote=/127.0.0.1:60844]] in QueuedThreadPool[qtp399373008]@17cdf2d0{STARTED,8<=8<=200,i=2,r=-1,q=0}[ReservedThreadExecutor@424fd310{reserved=0/8,pending=0}]
04:06:39.285 [qtp399373008-56] DEBUG org.eclipse.jetty.io.ManagedSelector - Selector sun.nio.ch.EPollSelectorImpl@665f4496 waiting with 1 keys
04:06:39.285 [qtp399373008-60] DEBUG org.eclipse.jetty.io.IdleTimeout - SocketChannelEndPoint@2af73879{l=/127.0.0.1:35537,r=/127.0.0.1:60844,OPEN,fill=-,flush=-,to=0/30000}{io=0/0,kio=0,kro=0}-><null> idle timeout check, elapsed: 0 ms, remaining: 30000 ms
04:06:39.286 [qtp399373008-60] DEBUG org.eclipse.jetty.util.ssl.SslContextFactory - Customize sun.security.ssl.SSLEngineImpl@200f5309
04:06:39.286 [qtp399373008-60] DEBUG org.eclipse.jetty.server.HttpChannel - new HttpChannelOverHttp@650dc96c{s=HttpChannelState@76aa1144{s=IDLE rs=BLOCKING os=OPEN is=IDLE awp=false se=false i=true al=0},r=0,c=false/false,a=IDLE,uri=null,age=0} -> DecryptedEndPoint@54a24ebd{l=/127.0.0.1:35537,r=/127.0.0.1:60844,OPEN,fill=-,flush=-,to=0/30000},null,HttpChannelState@76aa1144{s=IDLE rs=BLOCKING os=OPEN is=IDLE awp=false se=false i=true al=0}
04:06:39.286 [qtp399373008-60] DEBUG org.eclipse.jetty.server.HttpConnection - New HTTP Connection HttpConnection@eefc83b::DecryptedEndPoint@54a24ebd{l=/127.0.0.1:35537,r=/127.0.0.1:60844,OPEN,fill=-,flush=-,to=0/30000}
04:06:39.286 [qtp399373008-60] DEBUG org.eclipse.jetty.io.ManagedSelector - Queued change lazy=true org.eclipse.jetty.io.ManagedSelector$$Lambda$258/2107212988@5223623 on ManagedSelector@5733f295{STARTED} id=1 keys=1 selected=0 updates=0
04:06:39.286 [qtp399373008-60] DEBUG org.eclipse.jetty.io.AbstractEndPoint - onOpen SocketChannelEndPoint@2af73879{l=/127.0.0.1:35537,r=/127.0.0.1:60844,OPEN,fill=-,flush=-,to=0/30000}{io=0/0,kio=0,kro=0}->SslConnection@232427f2{NOT_HANDSHAKING,eio=-1/-1,di=-1,fill=IDLE,flush=IDLE}~>DecryptedEndPoint@54a24ebd{l=/127.0.0.1:35537,r=/127.0.0.1:60844,OPEN,fill=-,flush=-,to=0/30000}=>HttpConnection@eefc83b[p=HttpParser{s=START,0 of -1},g=HttpGenerator@65b5528d{s=START}]=>HttpChannelOverHttp@650dc96c{s=HttpChannelState@76aa1144{s=IDLE rs=BLOCKING os=OPEN is=IDLE awp=false se=false i=true al=0},r=0,c=false/false,a=IDLE,uri=null,age=0}
04:06:39.286 [qtp399373008-60] DEBUG org.eclipse.jetty.io.AbstractConnection - onOpen SslConnection@232427f2::SocketChannelEndPoint@2af73879{l=/127.0.0.1:35537,r=/127.0.0.1:60844,OPEN,fill=-,flush=-,to=0/30000}{io=0/0,kio=0,kro=0}->SslConnection@232427f2{NOT_HANDSHAKING,eio=-1/-1,di=-1,fill=IDLE,flush=IDLE}~>DecryptedEndPoint@54a24ebd{l=/127.0.0.1:35537,r=/127.0.0.1:60844,OPEN,fill=-,flush=-,to=0/30000}=>HttpConnection@eefc83b[p=HttpParser{s=START,0 of -1},g=HttpGenerator@65b5528d{s=START}]=>HttpChannelOverHttp@650dc96c{s=HttpChannelState@76aa1144{s=IDLE rs=BLOCKING os=OPEN is=IDLE awp=false se=false i=true al=0},r=0,c=false/false,a=IDLE,uri=null,age=0}
04:06:39.286 [qtp399373008-60] DEBUG org.eclipse.jetty.io.AbstractConnection - onOpen HttpConnection@eefc83b::DecryptedEndPoint@54a24ebd{l=/127.0.0.1:35537,r=/127.0.0.1:60844,OPEN,fill=-,flush=-,to=0/30000}
04:06:39.286 [qtp399373008-60] DEBUG org.eclipse.jetty.io.AbstractConnection - fillInterested HttpConnection@eefc83b::DecryptedEndPoint@54a24ebd{l=/127.0.0.1:35537,r=/127.0.0.1:60844,OPEN,fill=-,flush=-,to=0/30000}
04:06:39.286 [qtp399373008-60] DEBUG org.eclipse.jetty.io.FillInterest - interested FillInterest@15ebe010{AC.ReadCB@eefc83b{HttpConnection@eefc83b::DecryptedEndPoint@54a24ebd{l=/127.0.0.1:35537,r=/127.0.0.1:60844,OPEN,fill=FI,flush=-,to=0/30000}}}
04:06:39.286 [qtp399373008-60] DEBUG org.eclipse.jetty.io.ssl.SslConnection - >needFillInterest s=IDLE/IDLE uf=false ei=null di=null SslConnection@232427f2::SocketChannelEndPoint@2af73879{l=/127.0.0.1:35537,r=/127.0.0.1:60844,OPEN,fill=-,flush=-,to=0/30000}{io=0/0,kio=0,kro=0}->SslConnection@232427f2{NOT_HANDSHAKING,eio=-1/-1,di=-1,fill=IDLE,flush=IDLE}~>DecryptedEndPoint@54a24ebd{l=/127.0.0.1:35537,r=/127.0.0.1:60844,OPEN,fill=FI,flush=-,to=0/30000}=>HttpConnection@eefc83b[p=HttpParser{s=START,0 of -1},g=HttpGenerator@65b5528d{s=START}]=>HttpChannelOverHttp@650dc96c{s=HttpChannelState@76aa1144{s=IDLE rs=BLOCKING os=OPEN is=IDLE awp=false se=false i=true al=0},r=0,c=false/false,a=IDLE,uri=null,age=0}
04:06:39.286 [qtp399373008-60] DEBUG org.eclipse.jetty.io.ssl.SslConnection - <needFillInterest s=IDLE/INTERESTED f=false i=true w=null
04:06:39.287 [qtp399373008-60] DEBUG org.eclipse.jetty.io.ssl.SslConnection - ensureFillInterested SslConnection@232427f2::SocketChannelEndPoint@2af73879{l=/127.0.0.1:35537,r=/127.0.0.1:60844,OPEN,fill=-,flush=-,to=1/30000}{io=0/0,kio=0,kro=0}->SslConnection@232427f2{NOT_HANDSHAKING,eio=-1/-1,di=-1,fill=INTERESTED,flush=IDLE}~>DecryptedEndPoint@54a24ebd{l=/127.0.0.1:35537,r=/127.0.0.1:60844,OPEN,fill=FI,flush=-,to=0/30000}=>HttpConnection@eefc83b[p=HttpParser{s=START,0 of -1},g=HttpGenerator@65b5528d{s=START}]=>HttpChannelOverHttp@650dc96c{s=HttpChannelState@76aa1144{s=IDLE rs=BLOCKING os=OPEN is=IDLE awp=false se=false i=true al=0},r=0,c=false/false,a=IDLE,uri=null,age=0}
04:06:39.287 [qtp399373008-60] DEBUG org.eclipse.jetty.io.FillInterest - interested FillInterest@16c4fa0{SSLC.NBReadCB@232427f2{SslConnection@232427f2::SocketChannelEndPoint@2af73879{l=/127.0.0.1:35537,r=/127.0.0.1:60844,OPEN,fill=FI,flush=-,to=0/30000}{io=0/0,kio=0,kro=0}->SslConnection@232427f2{NOT_HANDSHAKING,eio=-1/-1,di=-1,fill=INTERESTED,flush=IDLE}~>DecryptedEndPoint@54a24ebd{l=/127.0.0.1:35537,r=/127.0.0.1:60844,OPEN,fill=FI,flush=-,to=0/30000}=>HttpConnection@eefc83b[p=HttpParser{s=START,0 of -1},g=HttpGenerator@65b5528d{s=START}]=>HttpChannelOverHttp@650dc96c{s=HttpChannelState@76aa1144{s=IDLE rs=BLOCKING os=OPEN is=IDLE awp=false se=false i=true al=0},r=0,c=false/false,a=IDLE,uri=null,age=0}}}
04:06:39.287 [qtp399373008-60] DEBUG org.eclipse.jetty.io.ChannelEndPoint - changeInterests p=false 0->1 for SocketChannelEndPoint@2af73879{l=/127.0.0.1:35537,r=/127.0.0.1:60844,OPEN,fill=FI,flush=-,to=0/30000}{io=0/1,kio=0,kro=0}->SslConnection@232427f2{NOT_HANDSHAKING,eio=-1/-1,di=-1,fill=INTERESTED,flush=IDLE}~>DecryptedEndPoint@54a24ebd{l=/127.0.0.1:35537,r=/127.0.0.1:60844,OPEN,fill=FI,flush=-,to=0/30000}=>HttpConnection@eefc83b[p=HttpParser{s=START,0 of -1},g=HttpGenerator@65b5528d{s=START}]=>HttpChannelOverHttp@650dc96c{s=HttpChannelState@76aa1144{s=IDLE rs=BLOCKING os=OPEN is=IDLE awp=false se=false i=true al=0},r=0,c=false/false,a=IDLE,uri=null,age=0}
04:06:39.287 [qtp399373008-60] DEBUG org.eclipse.jetty.io.ManagedSelector - Queued change lazy=false org.eclipse.jetty.io.ChannelEndPoint$$Lambda$255/2121444922@375f3c8 on ManagedSelector@5733f295{STARTED} id=1 keys=1 selected=0 updates=1
04:06:39.287 [qtp399373008-60] DEBUG org.eclipse.jetty.io.ManagedSelector - Wakeup on submit ManagedSelector@5733f295{STARTED} id=1 keys=1 selected=0 updates=2
04:06:39.287 [qtp399373008-56] DEBUG org.eclipse.jetty.io.ManagedSelector - Selector sun.nio.ch.EPollSelectorImpl@665f4496 woken with none selected
04:06:39.287 [qtp399373008-56] DEBUG org.eclipse.jetty.io.ManagedSelector - Selector sun.nio.ch.EPollSelectorImpl@665f4496 woken up from select, 0/0/1 selected
04:06:39.287 [qtp399373008-56] DEBUG org.eclipse.jetty.io.ManagedSelector - Selector sun.nio.ch.EPollSelectorImpl@665f4496 processing 0 keys, 2 updates
04:06:39.287 [qtp399373008-60] DEBUG org.eclipse.jetty.io.ManagedSelector - Created SocketChannelEndPoint@2af73879{l=/127.0.0.1:35537,r=/127.0.0.1:60844,OPEN,fill=FI,flush=-,to=0/30000}{io=0/1,kio=0,kro=0}->SslConnection@232427f2{NOT_HANDSHAKING,eio=-1/-1,di=-1,fill=INTERESTED,flush=IDLE}~>DecryptedEndPoint@54a24ebd{l=/127.0.0.1:35537,r=/127.0.0.1:60844,OPEN,fill=FI,flush=-,to=0/30000}=>HttpConnection@eefc83b[p=HttpParser{s=START,0 of -1},g=HttpGenerator@65b5528d{s=START}]=>HttpChannelOverHttp@650dc96c{s=HttpChannelState@76aa1144{s=IDLE rs=BLOCKING os=OPEN is=IDLE awp=false se=false i=true al=0},r=0,c=false/false,a=IDLE,uri=null,age=0}
04:06:39.287 [qtp399373008-56] DEBUG org.eclipse.jetty.io.ManagedSelector - updateable 2
04:06:39.287 [qtp399373008-56] DEBUG org.eclipse.jetty.io.ManagedSelector - update org.eclipse.jetty.io.ManagedSelector$$Lambda$258/2107212988@5223623
04:06:39.287 [qtp399373008-60] DEBUG org.eclipse.jetty.util.thread.QueuedThreadPool - ran Accept@25f05ce6[java.nio.channels.SocketChannel[connected local=/127.0.0.1:35537 remote=/127.0.0.1:60844]] in QueuedThreadPool[qtp399373008]@17cdf2d0{STARTED,8<=8<=200,i=2,r=-1,q=0}[ReservedThreadExecutor@424fd310{reserved=0/8,pending=0}]
04:06:39.287 [qtp399373008-56] DEBUG org.eclipse.jetty.io.ManagedSelector - update org.eclipse.jetty.io.ChannelEndPoint$$Lambda$255/2121444922@375f3c8
04:06:39.287 [qtp399373008-56] DEBUG org.eclipse.jetty.io.ChannelEndPoint - Key interests updated 0 -> 1 on SocketChannelEndPoint@2af73879{l=/127.0.0.1:35537,r=/127.0.0.1:60844,OPEN,fill=FI,flush=-,to=0/30000}{io=1/1,kio=1,kro=0}->SslConnection@232427f2{NOT_HANDSHAKING,eio=-1/-1,di=-1,fill=INTERESTED,flush=IDLE}~>DecryptedEndPoint@54a24ebd{l=/127.0.0.1:35537,r=/127.0.0.1:60844,OPEN,fill=FI,flush=-,to=1/30000}=>HttpConnection@eefc83b[p=HttpParser{s=START,0 of -1},g=HttpGenerator@65b5528d{s=START}]=>HttpChannelOverHttp@650dc96c{s=HttpChannelState@76aa1144{s=IDLE rs=BLOCKING os=OPEN is=IDLE awp=false se=false i=true al=0},r=0,c=false/false,a=IDLE,uri=null,age=0}
04:06:39.287 [qtp399373008-56] DEBUG org.eclipse.jetty.io.ManagedSelector - updates 0
04:06:39.288 [qtp399373008-56] DEBUG org.eclipse.jetty.io.ManagedSelector - Selector sun.nio.ch.EPollSelectorImpl@665f4496 waiting with 1 keys
04:06:39.288 [qtp399373008-56] DEBUG org.eclipse.jetty.io.ManagedSelector - Selector sun.nio.ch.EPollSelectorImpl@665f4496 woken up from select, 1/1/1 selected
04:06:39.288 [qtp399373008-56] DEBUG org.eclipse.jetty.io.ManagedSelector - Selector sun.nio.ch.EPollSelectorImpl@665f4496 processing 1 keys, 0 updates
04:06:39.288 [qtp399373008-56] DEBUG org.eclipse.jetty.io.ManagedSelector - selected 1 sun.nio.ch.SelectionKeyImpl@6260cc85 SocketChannelEndPoint@2af73879{l=/127.0.0.1:35537,r=/127.0.0.1:60844,OPEN,fill=FI,flush=-,to=1/30000}{io=1/1,kio=1,kro=1}->SslConnection@232427f2{NOT_HANDSHAKING,eio=-1/-1,di=-1,fill=INTERESTED,flush=IDLE}~>DecryptedEndPoint@54a24ebd{l=/127.0.0.1:35537,r=/127.0.0.1:60844,OPEN,fill=FI,flush=-,to=1/30000}=>HttpConnection@eefc83b[p=HttpParser{s=START,0 of -1},g=HttpGenerator@65b5528d{s=START}]=>HttpChannelOverHttp@650dc96c{s=HttpChannelState@76aa1144{s=IDLE rs=BLOCKING os=OPEN is=IDLE awp=false se=false i=true al=0},r=0,c=false/false,a=IDLE,uri=null,age=0} 
04:06:39.288 [qtp399373008-56] DEBUG org.eclipse.jetty.io.ChannelEndPoint - onSelected 1->0 r=true w=false for SocketChannelEndPoint@2af73879{l=/127.0.0.1:35537,r=/127.0.0.1:60844,OPEN,fill=FI,flush=-,to=1/30000}{io=1/0,kio=1,kro=1}->SslConnection@232427f2{NOT_HANDSHAKING,eio=-1/-1,di=-1,fill=INTERESTED,flush=IDLE}~>DecryptedEndPoint@54a24ebd{l=/127.0.0.1:35537,r=/127.0.0.1:60844,OPEN,fill=FI,flush=-,to=1/30000}=>HttpConnection@eefc83b[p=HttpParser{s=START,0 of -1},g=HttpGenerator@65b5528d{s=START}]=>HttpChannelOverHttp@650dc96c{s=HttpChannelState@76aa1144{s=IDLE rs=BLOCKING os=OPEN is=IDLE awp=false se=false i=true al=0},r=0,c=false/false,a=IDLE,uri=null,age=0}
04:06:39.288 [qtp399373008-56] DEBUG org.eclipse.jetty.io.ChannelEndPoint - task CEP:SocketChannelEndPoint@2af73879{l=/127.0.0.1:35537,r=/127.0.0.1:60844,OPEN,fill=FI,flush=-,to=1/30000}{io=1/0,kio=1,kro=1}->SslConnection@232427f2{NOT_HANDSHAKING,eio=-1/-1,di=-1,fill=INTERESTED,flush=IDLE}~>DecryptedEndPoint@54a24ebd{l=/127.0.0.1:35537,r=/127.0.0.1:60844,OPEN,fill=FI,flush=-,to=1/30000}=>HttpConnection@eefc83b[p=HttpParser{s=START,0 of -1},g=HttpGenerator@65b5528d{s=START}]=>HttpChannelOverHttp@650dc96c{s=HttpChannelState@76aa1144{s=IDLE rs=BLOCKING os=OPEN is=IDLE awp=false se=false i=true al=0},r=0,c=false/false,a=IDLE,uri=null,age=0}:runFillable:BLOCKING
04:06:39.288 [qtp399373008-56] DEBUG org.eclipse.jetty.util.thread.ReservedThreadExecutor - ReservedThreadExecutor@424fd310{reserved=0/8,pending=0} tryExecute EatWhatYouKill@b7838a9/SelectorProducer@696f0212/PRODUCING/p=false/QueuedThreadPool[qtp399373008]@17cdf2d0{STARTED,8<=8<=200,i=3,r=-1,q=0}[ReservedThreadExecutor@424fd310{reserved=0/8,pending=0}][pc=0,pic=0,pec=0,epc=0]@2024-05-02T04:06:39.288+01:00
04:06:39.288 [qtp399373008-56] DEBUG org.eclipse.jetty.util.thread.ReservedThreadExecutor - ReservedThreadExecutor@424fd310{reserved=0/8,pending=1} startReservedThread p=1
04:06:39.288 [qtp399373008-56] DEBUG org.eclipse.jetty.util.thread.QueuedThreadPool - queue ReservedThread@27624ead{PENDING,thread=null} startThread=0
04:06:39.288 [qtp399373008-61] DEBUG org.eclipse.jetty.util.thread.QueuedThreadPool - run ReservedThread@27624ead{PENDING,thread=null} in QueuedThreadPool[qtp399373008]@17cdf2d0{STARTED,8<=8<=200,i=2,r=-1,q=0}[ReservedThreadExecutor@424fd310{reserved=0/8,pending=1}]
04:06:39.288 [qtp399373008-61] DEBUG org.eclipse.jetty.util.thread.ReservedThreadExecutor - ReservedThread@27624ead{PENDING,thread=Thread[qtp399373008-61,5,main]} was=PENDING next=RESERVED size=0+1 capacity=8
04:06:39.288 [qtp399373008-61] DEBUG org.eclipse.jetty.util.thread.ReservedThreadExecutor - ReservedThread@27624ead{RESERVED,thread=Thread[qtp399373008-61,5,main]} waiting ReservedThreadExecutor@424fd310{reserved=1/8,pending=0}
04:06:39.289 [qtp399373008-56] DEBUG org.eclipse.jetty.util.thread.strategy.EatWhatYouKill - EatWhatYouKill@b7838a9/SelectorProducer@696f0212/PRODUCING/p=false/QueuedThreadPool[qtp399373008]@17cdf2d0{STARTED,8<=8<=200,i=2,r=-1,q=0}[ReservedThreadExecutor@424fd310{reserved=0/8,pending=1}][pc=0,pic=0,pec=0,epc=0]@2024-05-02T04:06:39.288+01:00 m=PRODUCE_EXECUTE_CONSUME t=CEP:SocketChannelEndPoint@2af73879{l=/127.0.0.1:35537,r=/127.0.0.1:60844,OPEN,fill=FI,flush=-,to=1/30000}{io=1/0,kio=1,kro=1}->SslConnection@232427f2{NOT_HANDSHAKING,eio=-1/-1,di=-1,fill=INTERESTED,flush=IDLE}~>DecryptedEndPoint@54a24ebd{l=/127.0.0.1:35537,r=/127.0.0.1:60844,OPEN,fill=FI,flush=-,to=2/30000}=>HttpConnection@eefc83b[p=HttpParser{s=START,0 of -1},g=HttpGenerator@65b5528d{s=START}]=>HttpChannelOverHttp@650dc96c{s=HttpChannelState@76aa1144{s=IDLE rs=BLOCKING os=OPEN is=IDLE awp=false se=false i=true al=0},r=0,c=false/false,a=IDLE,uri=null,age=0}:runFillable:BLOCKING/BLOCKING
04:06:39.289 [qtp399373008-56] DEBUG org.eclipse.jetty.util.thread.QueuedThreadPool - queue CEP:SocketChannelEndPoint@2af73879{l=/127.0.0.1:35537,r=/127.0.0.1:60844,OPEN,fill=FI,flush=-,to=2/30000}{io=1/0,kio=1,kro=1}->SslConnection@232427f2{NOT_HANDSHAKING,eio=-1/-1,di=-1,fill=INTERESTED,flush=IDLE}~>DecryptedEndPoint@54a24ebd{l=/127.0.0.1:35537,r=/127.0.0.1:60844,OPEN,fill=FI,flush=-,to=2/30000}=>HttpConnection@eefc83b[p=HttpParser{s=START,0 of -1},g=HttpGenerator@65b5528d{s=START}]=>HttpChannelOverHttp@650dc96c{s=HttpChannelState@76aa1144{s=IDLE rs=BLOCKING os=OPEN is=IDLE awp=false se=false i=true al=0},r=0,c=false/false,a=IDLE,uri=null,age=0}:runFillable:BLOCKING startThread=0
04:06:39.289 [qtp399373008-56] DEBUG org.eclipse.jetty.io.ManagedSelector - updateable 0
04:06:39.289 [qtp399373008-62] DEBUG org.eclipse.jetty.util.thread.QueuedThreadPool - run CEP:SocketChannelEndPoint@2af73879{l=/127.0.0.1:35537,r=/127.0.0.1:60844,OPEN,fill=FI,flush=-,to=2/30000}{io=1/0,kio=1,kro=1}->SslConnection@232427f2{NOT_HANDSHAKING,eio=-1/-1,di=-1,fill=INTERESTED,flush=IDLE}~>DecryptedEndPoint@54a24ebd{l=/127.0.0.1:35537,r=/127.0.0.1:60844,OPEN,fill=FI,flush=-,to=2/30000}=>HttpConnection@eefc83b[p=HttpParser{s=START,0 of -1},g=HttpGenerator@65b5528d{s=START}]=>HttpChannelOverHttp@650dc96c{s=HttpChannelState@76aa1144{s=IDLE rs=BLOCKING os=OPEN is=IDLE awp=false se=false i=true al=0},r=0,c=false/false,a=IDLE,uri=null,age=0}:runFillable:BLOCKING in QueuedThreadPool[qtp399373008]@17cdf2d0{STARTED,8<=8<=200,i=1,r=-1,q=0}[ReservedThreadExecutor@424fd310{reserved=1/8,pending=0}]
04:06:39.289 [qtp399373008-56] DEBUG org.eclipse.jetty.io.ManagedSelector - updates 0
04:06:39.289 [qtp399373008-62] DEBUG org.eclipse.jetty.io.FillInterest - fillable FillInterest@16c4fa0{SSLC.NBReadCB@232427f2{SslConnection@232427f2::SocketChannelEndPoint@2af73879{l=/127.0.0.1:35537,r=/127.0.0.1:60844,OPEN,fill=FI,flush=-,to=2/30000}{io=0/0,kio=0,kro=1}->SslConnection@232427f2{NOT_HANDSHAKING,eio=-1/-1,di=-1,fill=INTERESTED,flush=IDLE}~>DecryptedEndPoint@54a24ebd{l=/127.0.0.1:35537,r=/127.0.0.1:60844,OPEN,fill=FI,flush=-,to=2/30000}=>HttpConnection@eefc83b[p=HttpParser{s=START,0 of -1},g=HttpGenerator@65b5528d{s=START}]=>HttpChannelOverHttp@650dc96c{s=HttpChannelState@76aa1144{s=IDLE rs=BLOCKING os=OPEN is=IDLE awp=false se=false i=true al=0},r=0,c=false/false,a=IDLE,uri=null,age=0}}}
04:06:39.289 [qtp399373008-56] DEBUG org.eclipse.jetty.io.ChannelEndPoint - Key interests updated 1 -> 0 on SocketChannelEndPoint@2af73879{l=/127.0.0.1:35537,r=/127.0.0.1:60844,OPEN,fill=FI,flush=-,to=2/30000}{io=0/0,kio=0,kro=1}->SslConnection@232427f2{NOT_HANDSHAKING,eio=-1/-1,di=-1,fill=INTERESTED,flush=IDLE}~>DecryptedEndPoint@54a24ebd{l=/127.0.0.1:35537,r=/127.0.0.1:60844,OPEN,fill=FI,flush=-,to=2/30000}=>HttpConnection@eefc83b[p=HttpParser{s=START,0 of -1},g=HttpGenerator@65b5528d{s=START}]=>HttpChannelOverHttp@650dc96c{s=HttpChannelState@76aa1144{s=IDLE rs=BLOCKING os=OPEN is=IDLE awp=false se=false i=true al=0},r=0,c=false/false,a=IDLE,uri=null,age=0}
04:06:39.289 [qtp399373008-56] DEBUG org.eclipse.jetty.io.ManagedSelector - Selector sun.nio.ch.EPollSelectorImpl@665f4496 waiting with 1 keys
04:06:39.289 [qtp399373008-62] DEBUG org.eclipse.jetty.io.ssl.SslConnection - >c.onFillable SslConnection@232427f2::SocketChannelEndPoint@2af73879{l=/127.0.0.1:35537,r=/127.0.0.1:60844,OPEN,fill=-,flush=-,to=2/30000}{io=0/0,kio=0,kro=1}->SslConnection@232427f2{NOT_HANDSHAKING,eio=-1/-1,di=-1,fill=INTERESTED,flush=IDLE}~>DecryptedEndPoint@54a24ebd{l=/127.0.0.1:35537,r=/127.0.0.1:60844,OPEN,fill=FI,flush=-,to=2/30000}=>HttpConnection@eefc83b[p=HttpParser{s=START,0 of -1},g=HttpGenerator@65b5528d{s=START}]=>HttpChannelOverHttp@650dc96c{s=HttpChannelState@76aa1144{s=IDLE rs=BLOCKING os=OPEN is=IDLE awp=false se=false i=true al=0},r=0,c=false/false,a=IDLE,uri=null,age=0}
04:06:39.289 [qtp399373008-62] DEBUG org.eclipse.jetty.io.ssl.SslConnection - onFillable SslConnection@232427f2::SocketChannelEndPoint@2af73879{l=/127.0.0.1:35537,r=/127.0.0.1:60844,OPEN,fill=-,flush=-,to=2/30000}{io=0/0,kio=0,kro=1}->SslConnection@232427f2{NOT_HANDSHAKING,eio=-1/-1,di=-1,fill=INTERESTED,flush=IDLE}~>DecryptedEndPoint@54a24ebd{l=/127.0.0.1:35537,r=/127.0.0.1:60844,OPEN,fill=FI,flush=-,to=2/30000}=>HttpConnection@eefc83b[p=HttpParser{s=START,0 of -1},g=HttpGenerator@65b5528d{s=START}]=>HttpChannelOverHttp@650dc96c{s=HttpChannelState@76aa1144{s=IDLE rs=BLOCKING os=OPEN is=IDLE awp=false se=false i=true al=0},r=0,c=false/false,a=IDLE,uri=null,age=0}
04:06:39.289 [qtp399373008-62] DEBUG org.eclipse.jetty.io.FillInterest - fillable FillInterest@15ebe010{AC.ReadCB@eefc83b{HttpConnection@eefc83b::DecryptedEndPoint@54a24ebd{l=/127.0.0.1:35537,r=/127.0.0.1:60844,OPEN,fill=FI,flush=-,to=3/30000}}}
04:06:39.289 [qtp399373008-62] DEBUG org.eclipse.jetty.server.HttpConnection - HttpConnection@eefc83b::DecryptedEndPoint@54a24ebd{l=/127.0.0.1:35537,r=/127.0.0.1:60844,OPEN,fill=-,flush=-,to=3/30000} onFillable enter HttpChannelState@76aa1144{s=IDLE rs=BLOCKING os=OPEN is=IDLE awp=false se=false i=true al=0} null
04:06:39.290 [qtp399373008-62] DEBUG org.eclipse.jetty.io.ssl.SslConnection - >fill SslConnection@232427f2::SocketChannelEndPoint@2af73879{l=/127.0.0.1:35537,r=/127.0.0.1:60844,OPEN,fill=-,flush=-,to=2/30000}{io=0/0,kio=0,kro=1}->SslConnection@232427f2{NOT_HANDSHAKING,eio=-1/-1,di=-1,fill=IDLE,flush=IDLE}~>DecryptedEndPoint@54a24ebd{l=/127.0.0.1:35537,r=/127.0.0.1:60844,OPEN,fill=-,flush=-,to=3/30000}=>HttpConnection@eefc83b[p=HttpParser{s=START,0 of -1},g=HttpGenerator@65b5528d{s=START}]=>HttpChannelOverHttp@650dc96c{s=HttpChannelState@76aa1144{s=IDLE rs=BLOCKING os=OPEN is=IDLE awp=false se=false i=true al=0},r=0,c=false/false,a=IDLE,uri=null,age=0}
04:06:39.290 [qtp399373008-62] DEBUG org.eclipse.jetty.io.ssl.SslConnection - fill NOT_HANDSHAKING
04:06:39.290 [qtp399373008-62] DEBUG org.eclipse.jetty.io.ChannelEndPoint - filled 339 HeapByteBuffer@3dc4242d[p=0,l=339,c=17408,r=339]={<<<\x16\x03\x03\x01N\x01\x00\x01J\x03\x03J\xCe~\x00.\x1c\x15\xFef\x16hb\x8eb...\xE9\xAe\xA4?\xEd\x0f\xD7\xAd\xB0\\\xF6G\xD6\x9c\nFEC\xFf\x01\x00\x01\x00>>>\x00\x00\x00\x00\x00\x00\x00\x00\x00...\x00\x00\x00\x00\x00\x00\x00}
04:06:39.290 [qtp399373008-62] DEBUG org.eclipse.jetty.io.ssl.SslConnection - net filled=339
04:06:39.290 [qtp399373008-62] DEBUG org.eclipse.jetty.io.ssl.SslConnection - fill starting handshake SslConnection@232427f2::SocketChannelEndPoint@2af73879{l=/127.0.0.1:35537,r=/127.0.0.1:60844,OPEN,fill=-,flush=-,to=0/30000}{io=0/0,kio=0,kro=1}->SslConnection@232427f2{NOT_HANDSHAKING,eio=339/-1,di=-1,fill=IDLE,flush=IDLE}~>DecryptedEndPoint@54a24ebd{l=/127.0.0.1:35537,r=/127.0.0.1:60844,OPEN,fill=-,flush=-,to=3/30000}=>HttpConnection@eefc83b[p=HttpParser{s=START,0 of -1},g=HttpGenerator@65b5528d{s=START}]=>HttpChannelOverHttp@650dc96c{s=HttpChannelState@76aa1144{s=IDLE rs=BLOCKING os=OPEN is=IDLE awp=false se=false i=true al=0},r=0,c=false/false,a=IDLE,uri=null,age=0}
04:06:39.291 [qtp399373008-62] DEBUG org.eclipse.jetty.io.ssl.SslConnection - unwrap net_filled=339 Status = OK HandshakeStatus = NEED_TASK bytesConsumed = 339 bytesProduced = 0 encryptedBuffer=[p=339,l=339,c=17408,r=0] unwrapBuffer=HeapByteBuffer@3303dde5[p=0,l=0,c=17408,r=0]={<<<>>>\x00\x00\x00\x00\x00\x00\x00\x00\x00...\x00\x00\x00\x00\x00\x00\x00} appBuffer=HeapByteBuffer@3303dde5[p=0,l=0,c=17408,r=0]={<<<>>>\x00\x00\x00\x00\x00\x00\x00\x00\x00...\x00\x00\x00\x00\x00\x00\x00}
04:06:39.291 [qtp399373008-62] DEBUG org.eclipse.jetty.io.ssl.SslConnection - fill NEED_TASK
04:06:39.317 [qtp399373008-62] DEBUG org.eclipse.jetty.io.ssl.SslConnection - fill NEED_WRAP
04:06:39.317 [qtp399373008-62] DEBUG org.eclipse.jetty.io.ssl.SslConnection - >flush SslConnection@232427f2::SocketChannelEndPoint@2af73879{l=/127.0.0.1:35537,r=/127.0.0.1:60844,OPEN,fill=-,flush=-,to=27/30000}{io=0/0,kio=0,kro=1}->SslConnection@232427f2{NEED_WRAP,eio=0/-1,di=-1,fill=IDLE,flush=IDLE}~>DecryptedEndPoint@54a24ebd{l=/127.0.0.1:35537,r=/127.0.0.1:60844,OPEN,fill=-,flush=-,to=30/30000}=>HttpConnection@eefc83b[p=HttpParser{s=START,0 of -1},g=HttpGenerator@65b5528d{s=START}]=>HttpChannelOverHttp@650dc96c{s=HttpChannelState@76aa1144{s=IDLE rs=BLOCKING os=OPEN is=IDLE awp=false se=false i=true al=0},r=0,c=false/false,a=IDLE,uri=null,age=0}
04:06:39.317 [qtp399373008-62] DEBUG org.eclipse.jetty.io.ssl.SslConnection - flush b[0]=HeapByteBuffer@38928dbe[p=0,l=0,c=0,r=0]={<<<>>>}
04:06:39.317 [qtp399373008-62] DEBUG org.eclipse.jetty.io.ssl.SslConnection - flush NEED_WRAP
04:06:39.317 [qtp399373008-62] DEBUG org.eclipse.jetty.io.ssl.SslConnection - wrap Status = OK HandshakeStatus = NEED_WRAP bytesConsumed = 0 bytesProduced = 160 [p=0,l=160,c=17408,r=160] ioDone=false/false
04:06:39.318 [qtp399373008-62] DEBUG org.eclipse.jetty.io.ChannelEndPoint - flushed 160 SocketChannelEndPoint@2af73879{l=/127.0.0.1:35537,r=/127.0.0.1:60844,OPEN,fill=-,flush=-,to=27/30000}{io=0/0,kio=0,kro=1}->SslConnection@232427f2{NEED_WRAP,eio=0/0,di=-1,fill=IDLE,flush=IDLE}~>DecryptedEndPoint@54a24ebd{l=/127.0.0.1:35537,r=/127.0.0.1:60844,OPEN,fill=-,flush=-,to=31/30000}=>HttpConnection@eefc83b[p=HttpParser{s=START,0 of -1},g=HttpGenerator@65b5528d{s=START}]=>HttpChannelOverHttp@650dc96c{s=HttpChannelState@76aa1144{s=IDLE rs=BLOCKING os=OPEN is=IDLE awp=false se=false i=true al=0},r=0,c=false/false,a=IDLE,uri=null,age=0}
04:06:39.318 [qtp399373008-62] DEBUG org.eclipse.jetty.io.ssl.SslConnection - net flushed=true, ac=true
04:06:39.318 [qtp399373008-62] DEBUG org.eclipse.jetty.io.ssl.SslConnection - flush NEED_WRAP
04:06:39.318 [qtp399373008-62] DEBUG org.eclipse.jetty.io.ssl.SslConnection - wrap Status = OK HandshakeStatus = NEED_WRAP bytesConsumed = 0 bytesProduced = 6 [p=0,l=6,c=17408,r=6] ioDone=false/false
04:06:39.318 [qtp399373008-62] DEBUG org.eclipse.jetty.io.ChannelEndPoint - flushed 6 SocketChannelEndPoint@2af73879{l=/127.0.0.1:35537,r=/127.0.0.1:60844,OPEN,fill=-,flush=-,to=0/30000}{io=0/0,kio=0,kro=1}->SslConnection@232427f2{NEED_WRAP,eio=0/0,di=-1,fill=IDLE,flush=IDLE}~>DecryptedEndPoint@54a24ebd{l=/127.0.0.1:35537,r=/127.0.0.1:60844,OPEN,fill=-,flush=-,to=31/30000}=>HttpConnection@eefc83b[p=HttpParser{s=START,0 of -1},g=HttpGenerator@65b5528d{s=START}]=>HttpChannelOverHttp@650dc96c{s=HttpChannelState@76aa1144{s=IDLE rs=BLOCKING os=OPEN is=IDLE awp=false se=false i=true al=0},r=0,c=false/false,a=IDLE,uri=null,age=0}
04:06:39.318 [qtp399373008-62] DEBUG org.eclipse.jetty.io.ssl.SslConnection - net flushed=true, ac=true
04:06:39.318 [qtp399373008-62] DEBUG org.eclipse.jetty.io.ssl.SslConnection - flush NEED_WRAP
04:06:39.319 [qtp399373008-62] DEBUG org.eclipse.jetty.io.ssl.SslConnection - wrap Status = OK HandshakeStatus = NEED_UNWRAP bytesConsumed = 0 bytesProduced = 1597 [p=0,l=1597,c=17408,r=1597] ioDone=false/false
04:06:39.319 [qtp399373008-62] DEBUG org.eclipse.jetty.io.ChannelEndPoint - flushed 1597 SocketChannelEndPoint@2af73879{l=/127.0.0.1:35537,r=/127.0.0.1:60844,OPEN,fill=-,flush=-,to=0/30000}{io=0/0,kio=0,kro=1}->SslConnection@232427f2{NEED_UNWRAP,eio=0/0,di=-1,fill=IDLE,flush=IDLE}~>DecryptedEndPoint@54a24ebd{l=/127.0.0.1:35537,r=/127.0.0.1:60844,OPEN,fill=-,flush=-,to=32/30000}=>HttpConnection@eefc83b[p=HttpParser{s=START,0 of -1},g=HttpGenerator@65b5528d{s=START}]=>HttpChannelOverHttp@650dc96c{s=HttpChannelState@76aa1144{s=IDLE rs=BLOCKING os=OPEN is=IDLE awp=false se=false i=true al=0},r=0,c=false/false,a=IDLE,uri=null,age=0}
04:06:39.319 [qtp399373008-62] DEBUG org.eclipse.jetty.io.ssl.SslConnection - net flushed=true, ac=true
04:06:39.319 [qtp399373008-62] DEBUG org.eclipse.jetty.io.ssl.SslConnection - <flush true SslConnection@232427f2::SocketChannelEndPoint@2af73879{l=/127.0.0.1:35537,r=/127.0.0.1:60844,OPEN,fill=-,flush=-,to=0/30000}{io=0/0,kio=0,kro=1}->SslConnection@232427f2{NEED_UNWRAP,eio=0/-1,di=-1,fill=IDLE,flush=IDLE}~>DecryptedEndPoint@54a24ebd{l=/127.0.0.1:35537,r=/127.0.0.1:60844,OPEN,fill=-,flush=-,to=32/30000}=>HttpConnection@eefc83b[p=HttpParser{s=START,0 of -1},g=HttpGenerator@65b5528d{s=START}]=>HttpChannelOverHttp@650dc96c{s=HttpChannelState@76aa1144{s=IDLE rs=BLOCKING os=OPEN is=IDLE awp=false se=false i=true al=0},r=0,c=false/false,a=IDLE,uri=null,age=0}
04:06:39.319 [qtp399373008-62] DEBUG org.eclipse.jetty.io.ssl.SslConnection - fill NEED_UNWRAP
04:06:39.319 [qtp399373008-62] DEBUG org.eclipse.jetty.io.ChannelEndPoint - filled 0 HeapByteBuffer@3dc4242d[p=0,l=0,c=17408,r=0]={<<<>>>\x16\x03\x03\x01N\x01\x00\x01J...\x00\x00\x00\x00\x00\x00\x00}
04:06:39.319 [qtp399373008-62] DEBUG org.eclipse.jetty.io.ssl.SslConnection - net filled=0
04:06:39.319 [qtp399373008-62] DEBUG org.eclipse.jetty.io.ssl.SslConnection - unwrap net_filled=0 Status = BUFFER_UNDERFLOW HandshakeStatus = NEED_UNWRAP bytesConsumed = 0 bytesProduced = 0 encryptedBuffer=[p=0,l=0,c=17408,r=0] unwrapBuffer=HeapByteBuffer@3303dde5[p=0,l=0,c=17408,r=0]={<<<>>>\x00\x00\x00\x00\x00\x00\x00\x00\x00...\x00\x00\x00\x00\x00\x00\x00} appBuffer=HeapByteBuffer@3303dde5[p=0,l=0,c=17408,r=0]={<<<>>>\x00\x00\x00\x00\x00\x00\x00\x00\x00...\x00\x00\x00\x00\x00\x00\x00}
04:06:39.319 [qtp399373008-62] DEBUG org.eclipse.jetty.io.ssl.SslConnection - <fill f=0 uf=true SslConnection@232427f2::SocketChannelEndPoint@2af73879{l=/127.0.0.1:35537,r=/127.0.0.1:60844,OPEN,fill=-,flush=-,to=0/30000}{io=0/0,kio=0,kro=1}->SslConnection@232427f2{NEED_UNWRAP,eio=-1/-1,di=-1,fill=IDLE,flush=IDLE}~>DecryptedEndPoint@54a24ebd{l=/127.0.0.1:35537,r=/127.0.0.1:60844,OPEN,fill=-,flush=-,to=33/30000}=>HttpConnection@eefc83b[p=HttpParser{s=START,0 of -1},g=HttpGenerator@65b5528d{s=START}]=>HttpChannelOverHttp@650dc96c{s=HttpChannelState@76aa1144{s=IDLE rs=BLOCKING os=OPEN is=IDLE awp=false se=false i=true al=0},r=0,c=false/false,a=IDLE,uri=null,age=0}
04:06:39.320 [qtp399373008-62] DEBUG org.eclipse.jetty.io.ssl.SslConnection - >fill SslConnection@232427f2::SocketChannelEndPoint@2af73879{l=/127.0.0.1:35537,r=/127.0.0.1:60844,OPEN,fill=-,flush=-,to=0/30000}{io=0/0,kio=0,kro=1}->SslConnection@232427f2{NEED_UNWRAP,eio=-1/-1,di=-1,fill=IDLE,flush=IDLE}~>DecryptedEndPoint@54a24ebd{l=/127.0.0.1:35537,r=/127.0.0.1:60844,OPEN,fill=-,flush=-,to=33/30000}=>HttpConnection@eefc83b[p=HttpParser{s=START,0 of -1},g=HttpGenerator@65b5528d{s=START}]=>HttpChannelOverHttp@650dc96c{s=HttpChannelState@76aa1144{s=IDLE rs=BLOCKING os=OPEN is=IDLE awp=false se=false i=true al=0},r=0,c=false/false,a=IDLE,uri=null,age=0}
04:06:39.320 [qtp399373008-62] DEBUG org.eclipse.jetty.io.ssl.SslConnection - fill NEED_UNWRAP
04:06:39.320 [qtp399373008-62] DEBUG org.eclipse.jetty.io.ChannelEndPoint - filled 0 HeapByteBuffer@373c4f5d[p=0,l=0,c=17408,r=0]={<<<>>>\x17\x03\x03\x068\xFc\xF8\xE3\xA8...\x00\x00\x00\x00\x00\x00\x00}
04:06:39.320 [qtp399373008-62] DEBUG org.eclipse.jetty.io.ssl.SslConnection - net filled=0
04:06:39.320 [qtp399373008-62] DEBUG org.eclipse.jetty.io.ssl.SslConnection - unwrap net_filled=0 Status = BUFFER_UNDERFLOW HandshakeStatus = NEED_UNWRAP bytesConsumed = 0 bytesProduced = 0 encryptedBuffer=[p=0,l=0,c=17408,r=0] unwrapBuffer=HeapByteBuffer@3303dde5[p=0,l=0,c=17408,r=0]={<<<>>>\x00\x00\x00\x00\x00\x00\x00\x00\x00...\x00\x00\x00\x00\x00\x00\x00} appBuffer=HeapByteBuffer@3303dde5[p=0,l=0,c=17408,r=0]={<<<>>>\x00\x00\x00\x00\x00\x00\x00\x00\x00...\x00\x00\x00\x00\x00\x00\x00}
04:06:39.320 [qtp399373008-62] DEBUG org.eclipse.jetty.io.ssl.SslConnection - <fill f=0 uf=true SslConnection@232427f2::SocketChannelEndPoint@2af73879{l=/127.0.0.1:35537,r=/127.0.0.1:60844,OPEN,fill=-,flush=-,to=1/30000}{io=0/0,kio=0,kro=1}->SslConnection@232427f2{NEED_UNWRAP,eio=-1/-1,di=-1,fill=IDLE,flush=IDLE}~>DecryptedEndPoint@54a24ebd{l=/127.0.0.1:35537,r=/127.0.0.1:60844,OPEN,fill=-,flush=-,to=33/30000}=>HttpConnection@eefc83b[p=HttpParser{s=START,0 of -1},g=HttpGenerator@65b5528d{s=START}]=>HttpChannelOverHttp@650dc96c{s=HttpChannelState@76aa1144{s=IDLE rs=BLOCKING os=OPEN is=IDLE awp=false se=false i=true al=0},r=0,c=false/false,a=IDLE,uri=null,age=0}
04:06:39.320 [qtp399373008-62] DEBUG org.eclipse.jetty.server.HttpConnection - HttpConnection@eefc83b::DecryptedEndPoint@54a24ebd{l=/127.0.0.1:35537,r=/127.0.0.1:60844,OPEN,fill=-,flush=-,to=33/30000} filled 0 HeapByteBuffer@3303dde5[p=0,l=0,c=17408,r=0]={<<<>>>\x00\x00\x00\x00\x00\x00\x00\x00\x00...\x00\x00\x00\x00\x00\x00\x00}
04:06:39.320 [qtp399373008-62] DEBUG org.eclipse.jetty.server.HttpConnection - HttpConnection@eefc83b::DecryptedEndPoint@54a24ebd{l=/127.0.0.1:35537,r=/127.0.0.1:60844,OPEN,fill=-,flush=-,to=33/30000} parse HeapByteBuffer@3303dde5[p=0,l=0,c=17408,r=0]={<<<>>>\x00\x00\x00\x00\x00\x00\x00\x00\x00...\x00\x00\x00\x00\x00\x00\x00} {}
04:06:39.320 [qtp399373008-62] DEBUG org.eclipse.jetty.http.HttpParser - parseNext s=START HeapByteBuffer@3303dde5[p=0,l=0,c=17408,r=0]={<<<>>>\x00\x00\x00\x00\x00\x00\x00\x00\x00...\x00\x00\x00\x00\x00\x00\x00}
04:06:39.320 [qtp399373008-62] DEBUG org.eclipse.jetty.server.HttpConnection - HttpConnection@eefc83b::DecryptedEndPoint@54a24ebd{l=/127.0.0.1:35537,r=/127.0.0.1:60844,OPEN,fill=-,flush=-,to=33/30000} parsed false HttpParser{s=START,0 of -1}
04:06:39.320 [qtp399373008-62] DEBUG org.eclipse.jetty.server.HttpConnection - releaseRequestBuffer HttpConnection@eefc83b::DecryptedEndPoint@54a24ebd{l=/127.0.0.1:35537,r=/127.0.0.1:60844,OPEN,fill=-,flush=-,to=34/30000}
04:06:39.320 [qtp399373008-62] DEBUG org.eclipse.jetty.io.AbstractConnection - fillInterested HttpConnection@eefc83b::DecryptedEndPoint@54a24ebd{l=/127.0.0.1:35537,r=/127.0.0.1:60844,OPEN,fill=-,flush=-,to=34/30000}
04:06:39.320 [qtp399373008-62] DEBUG org.eclipse.jetty.io.FillInterest - interested FillInterest@15ebe010{AC.ReadCB@eefc83b{HttpConnection@eefc83b::DecryptedEndPoint@54a24ebd{l=/127.0.0.1:35537,r=/127.0.0.1:60844,OPEN,fill=FI,flush=-,to=0/30000}}}
04:06:39.321 [qtp399373008-62] DEBUG org.eclipse.jetty.io.ssl.SslConnection - >needFillInterest s=IDLE/IDLE uf=true ei=null di=null SslConnection@232427f2::SocketChannelEndPoint@2af73879{l=/127.0.0.1:35537,r=/127.0.0.1:60844,OPEN,fill=-,flush=-,to=1/30000}{io=0/0,kio=0,kro=1}->SslConnection@232427f2{NEED_UNWRAP,eio=-1/-1,di=-1,fill=IDLE,flush=IDLE}~>DecryptedEndPoint@54a24ebd{l=/127.0.0.1:35537,r=/127.0.0.1:60844,OPEN,fill=FI,flush=-,to=0/30000}=>HttpConnection@eefc83b[p=HttpParser{s=START,0 of -1},g=HttpGenerator@65b5528d{s=START}]=>HttpChannelOverHttp@650dc96c{s=HttpChannelState@76aa1144{s=IDLE rs=BLOCKING os=OPEN is=IDLE awp=false se=false i=true al=0},r=0,c=false/false,a=IDLE,uri=null,age=0}
04:06:39.321 [qtp399373008-62] DEBUG org.eclipse.jetty.io.ssl.SslConnection - <needFillInterest s=IDLE/INTERESTED f=false i=true w=null
04:06:39.321 [qtp399373008-62] DEBUG org.eclipse.jetty.io.ssl.SslConnection - ensureFillInterested SslConnection@232427f2::SocketChannelEndPoint@2af73879{l=/127.0.0.1:35537,r=/127.0.0.1:60844,OPEN,fill=-,flush=-,to=1/30000}{io=0/0,kio=0,kro=1}->SslConnection@232427f2{NEED_UNWRAP,eio=-1/-1,di=-1,fill=INTERESTED,flush=IDLE}~>DecryptedEndPoint@54a24ebd{l=/127.0.0.1:35537,r=/127.0.0.1:60844,OPEN,fill=FI,flush=-,to=0/30000}=>HttpConnection@eefc83b[p=HttpParser{s=START,0 of -1},g=HttpGenerator@65b5528d{s=START}]=>HttpChannelOverHttp@650dc96c{s=HttpChannelState@76aa1144{s=IDLE rs=BLOCKING os=OPEN is=IDLE awp=false se=false i=true al=0},r=0,c=false/false,a=IDLE,uri=null,age=0}
04:06:39.321 [qtp399373008-62] DEBUG org.eclipse.jetty.io.FillInterest - interested FillInterest@16c4fa0{SSLC.NBReadCB@232427f2{SslConnection@232427f2::SocketChannelEndPoint@2af73879{l=/127.0.0.1:35537,r=/127.0.0.1:60844,OPEN,fill=FI,flush=-,to=0/30000}{io=0/0,kio=0,kro=1}->SslConnection@232427f2{NEED_UNWRAP,eio=-1/-1,di=-1,fill=INTERESTED,flush=IDLE}~>DecryptedEndPoint@54a24ebd{l=/127.0.0.1:35537,r=/127.0.0.1:60844,OPEN,fill=FI,flush=-,to=0/30000}=>HttpConnection@eefc83b[p=HttpParser{s=START,0 of -1},g=HttpGenerator@65b5528d{s=START}]=>HttpChannelOverHttp@650dc96c{s=HttpChannelState@76aa1144{s=IDLE rs=BLOCKING os=OPEN is=IDLE awp=false se=false i=true al=0},r=0,c=false/false,a=IDLE,uri=null,age=0}}}
04:06:39.321 [qtp399373008-62] DEBUG org.eclipse.jetty.io.ChannelEndPoint - changeInterests p=false 0->1 for SocketChannelEndPoint@2af73879{l=/127.0.0.1:35537,r=/127.0.0.1:60844,OPEN,fill=FI,flush=-,to=0/30000}{io=0/1,kio=0,kro=1}->SslConnection@232427f2{NEED_UNWRAP,eio=-1/-1,di=-1,fill=INTERESTED,flush=IDLE}~>DecryptedEndPoint@54a24ebd{l=/127.0.0.1:35537,r=/127.0.0.1:60844,OPEN,fill=FI,flush=-,to=0/30000}=>HttpConnection@eefc83b[p=HttpParser{s=START,0 of -1},g=HttpGenerator@65b5528d{s=START}]=>HttpChannelOverHttp@650dc96c{s=HttpChannelState@76aa1144{s=IDLE rs=BLOCKING os=OPEN is=IDLE awp=false se=false i=true al=0},r=0,c=false/false,a=IDLE,uri=null,age=0}
04:06:39.321 [qtp399373008-62] DEBUG org.eclipse.jetty.io.ManagedSelector - Queued change lazy=false org.eclipse.jetty.io.ChannelEndPoint$$Lambda$255/2121444922@375f3c8 on ManagedSelector@5733f295{STARTED} id=1 keys=1 selected=0 updates=0
04:06:39.321 [qtp399373008-62] DEBUG org.eclipse.jetty.io.ManagedSelector - Wakeup on submit ManagedSelector@5733f295{STARTED} id=1 keys=1 selected=0 updates=1
04:06:39.321 [qtp399373008-56] DEBUG org.eclipse.jetty.io.ManagedSelector - Selector sun.nio.ch.EPollSelectorImpl@665f4496 woken with none selected
04:06:39.321 [qtp399373008-62] DEBUG org.eclipse.jetty.server.HttpConnection - HttpConnection@eefc83b::DecryptedEndPoint@54a24ebd{l=/127.0.0.1:35537,r=/127.0.0.1:60844,OPEN,fill=FI,flush=-,to=0/30000} onFillable exit HttpChannelState@76aa1144{s=IDLE rs=BLOCKING os=OPEN is=IDLE awp=false se=false i=true al=0} null
04:06:39.321 [qtp399373008-56] DEBUG org.eclipse.jetty.io.ManagedSelector - Selector sun.nio.ch.EPollSelectorImpl@665f4496 woken up from select, 0/0/1 selected
04:06:39.321 [qtp399373008-56] DEBUG org.eclipse.jetty.io.ManagedSelector - Selector sun.nio.ch.EPollSelectorImpl@665f4496 processing 0 keys, 1 updates
04:06:39.321 [qtp399373008-56] DEBUG org.eclipse.jetty.io.ManagedSelector - updateable 1
04:06:39.322 [qtp399373008-56] DEBUG org.eclipse.jetty.io.ManagedSelector - update org.eclipse.jetty.io.ChannelEndPoint$$Lambda$255/2121444922@375f3c8
04:06:39.322 [qtp399373008-62] DEBUG org.eclipse.jetty.io.ssl.SslConnection - <c.onFillable SslConnection@232427f2::SocketChannelEndPoint@2af73879{l=/127.0.0.1:35537,r=/127.0.0.1:60844,OPEN,fill=FI,flush=-,to=0/30000}{io=0/1,kio=0,kro=1}->SslConnection@232427f2{NEED_UNWRAP,eio=-1/-1,di=-1,fill=INTERESTED,flush=IDLE}~>DecryptedEndPoint@54a24ebd{l=/127.0.0.1:35537,r=/127.0.0.1:60844,OPEN,fill=FI,flush=-,to=1/30000}=>HttpConnection@eefc83b[p=HttpParser{s=START,0 of -1},g=HttpGenerator@65b5528d{s=START}]=>HttpChannelOverHttp@650dc96c{s=HttpChannelState@76aa1144{s=IDLE rs=BLOCKING os=OPEN is=IDLE awp=false se=false i=true al=0},r=0,c=false/false,a=IDLE,uri=null,age=0}
04:06:39.323 [qtp399373008-56] DEBUG org.eclipse.jetty.io.ChannelEndPoint - Key interests updated 0 -> 1 on SocketChannelEndPoint@2af73879{l=/127.0.0.1:35537,r=/127.0.0.1:60844,OPEN,fill=FI,flush=-,to=0/30000}{io=1/1,kio=1,kro=1}->SslConnection@232427f2{NEED_UNWRAP,eio=-1/-1,di=-1,fill=INTERESTED,flush=IDLE}~>DecryptedEndPoint@54a24ebd{l=/127.0.0.1:35537,r=/127.0.0.1:60844,OPEN,fill=FI,flush=-,to=2/30000}=>HttpConnection@eefc83b[p=HttpParser{s=START,0 of -1},g=HttpGenerator@65b5528d{s=START}]=>HttpChannelOverHttp@650dc96c{s=HttpChannelState@76aa1144{s=IDLE rs=BLOCKING os=OPEN is=IDLE awp=false se=false i=true al=0},r=0,c=false/false,a=IDLE,uri=null,age=0}
04:06:39.323 [qtp399373008-62] DEBUG org.eclipse.jetty.util.thread.QueuedThreadPool - ran CEP:SocketChannelEndPoint@2af73879{l=/127.0.0.1:35537,r=/127.0.0.1:60844,OPEN,fill=FI,flush=-,to=0/30000}{io=1/1,kio=1,kro=1}->SslConnection@232427f2{NEED_UNWRAP,eio=-1/-1,di=-1,fill=INTERESTED,flush=IDLE}~>DecryptedEndPoint@54a24ebd{l=/127.0.0.1:35537,r=/127.0.0.1:60844,OPEN,fill=FI,flush=-,to=2/30000}=>HttpConnection@eefc83b[p=HttpParser{s=START,0 of -1},g=HttpGenerator@65b5528d{s=START}]=>HttpChannelOverHttp@650dc96c{s=HttpChannelState@76aa1144{s=IDLE rs=BLOCKING os=OPEN is=IDLE awp=false se=false i=true al=0},r=0,c=false/false,a=IDLE,uri=null,age=0}:runFillable:BLOCKING in QueuedThreadPool[qtp399373008]@17cdf2d0{STARTED,8<=8<=200,i=1,r=-1,q=0}[ReservedThreadExecutor@424fd310{reserved=1/8,pending=0}]
04:06:39.323 [qtp399373008-56] DEBUG org.eclipse.jetty.io.ManagedSelector - updates 0
04:06:39.323 [qtp399373008-56] DEBUG org.eclipse.jetty.io.ManagedSelector - Selector sun.nio.ch.EPollSelectorImpl@665f4496 waiting with 1 keys
04:06:39.323 [qtp399373008-56] DEBUG org.eclipse.jetty.io.ManagedSelector - Selector sun.nio.ch.EPollSelectorImpl@665f4496 woken up from select, 1/1/1 selected
04:06:39.323 [qtp399373008-56] DEBUG org.eclipse.jetty.io.ManagedSelector - Selector sun.nio.ch.EPollSelectorImpl@665f4496 processing 1 keys, 0 updates
04:06:39.323 [qtp399373008-56] DEBUG org.eclipse.jetty.io.ManagedSelector - selected 1 sun.nio.ch.SelectionKeyImpl@6260cc85 SocketChannelEndPoint@2af73879{l=/127.0.0.1:35537,r=/127.0.0.1:60844,OPEN,fill=FI,flush=-,to=2/30000}{io=1/1,kio=1,kro=1}->SslConnection@232427f2{NEED_UNWRAP,eio=-1/-1,di=-1,fill=INTERESTED,flush=IDLE}~>DecryptedEndPoint@54a24ebd{l=/127.0.0.1:35537,r=/127.0.0.1:60844,OPEN,fill=FI,flush=-,to=2/30000}=>HttpConnection@eefc83b[p=HttpParser{s=START,0 of -1},g=HttpGenerator@65b5528d{s=START}]=>HttpChannelOverHttp@650dc96c{s=HttpChannelState@76aa1144{s=IDLE rs=BLOCKING os=OPEN is=IDLE awp=false se=false i=true al=0},r=0,c=false/false,a=IDLE,uri=null,age=0} 
04:06:39.323 [qtp399373008-56] DEBUG org.eclipse.jetty.io.ChannelEndPoint - onSelected 1->0 r=true w=false for SocketChannelEndPoint@2af73879{l=/127.0.0.1:35537,r=/127.0.0.1:60844,OPEN,fill=FI,flush=-,to=2/30000}{io=1/0,kio=1,kro=1}->SslConnection@232427f2{NEED_UNWRAP,eio=-1/-1,di=-1,fill=INTERESTED,flush=IDLE}~>DecryptedEndPoint@54a24ebd{l=/127.0.0.1:35537,r=/127.0.0.1:60844,OPEN,fill=FI,flush=-,to=2/30000}=>HttpConnection@eefc83b[p=HttpParser{s=START,0 of -1},g=HttpGenerator@65b5528d{s=START}]=>HttpChannelOverHttp@650dc96c{s=HttpChannelState@76aa1144{s=IDLE rs=BLOCKING os=OPEN is=IDLE awp=false se=false i=true al=0},r=0,c=false/false,a=IDLE,uri=null,age=0}
04:06:39.323 [qtp399373008-56] DEBUG org.eclipse.jetty.io.ChannelEndPoint - task CEP:SocketChannelEndPoint@2af73879{l=/127.0.0.1:35537,r=/127.0.0.1:60844,OPEN,fill=FI,flush=-,to=2/30000}{io=1/0,kio=1,kro=1}->SslConnection@232427f2{NEED_UNWRAP,eio=-1/-1,di=-1,fill=INTERESTED,flush=IDLE}~>DecryptedEndPoint@54a24ebd{l=/127.0.0.1:35537,r=/127.0.0.1:60844,OPEN,fill=FI,flush=-,to=2/30000}=>HttpConnection@eefc83b[p=HttpParser{s=START,0 of -1},g=HttpGenerator@65b5528d{s=START}]=>HttpChannelOverHttp@650dc96c{s=HttpChannelState@76aa1144{s=IDLE rs=BLOCKING os=OPEN is=IDLE awp=false se=false i=true al=0},r=0,c=false/false,a=IDLE,uri=null,age=0}:runFillable:BLOCKING
04:06:39.324 [qtp399373008-56] DEBUG org.eclipse.jetty.util.thread.ReservedThreadExecutor - ReservedThreadExecutor@424fd310{reserved=1/8,pending=0} tryExecute EatWhatYouKill@b7838a9/SelectorProducer@696f0212/PRODUCING/p=false/QueuedThreadPool[qtp399373008]@17cdf2d0{STARTED,8<=8<=200,i=2,r=-1,q=0}[ReservedThreadExecutor@424fd310{reserved=1/8,pending=0}][pc=0,pic=0,pec=1,epc=0]@2024-05-02T04:06:39.323+01:00
04:06:39.324 [qtp399373008-56] DEBUG org.eclipse.jetty.util.thread.ReservedThreadExecutor - ReservedThreadExecutor@424fd310{reserved=0/8,pending=1} startReservedThread p=1
04:06:39.324 [qtp399373008-56] DEBUG org.eclipse.jetty.util.thread.QueuedThreadPool - queue ReservedThread@ae8e2bb{PENDING,thread=null} startThread=0
04:06:39.324 [qtp399373008-60] DEBUG org.eclipse.jetty.util.thread.QueuedThreadPool - run ReservedThread@ae8e2bb{PENDING,thread=null} in QueuedThreadPool[qtp399373008]@17cdf2d0{STARTED,8<=8<=200,i=1,r=-1,q=0}[ReservedThreadExecutor@424fd310{reserved=0/8,pending=1}]
04:06:39.324 [qtp399373008-60] DEBUG org.eclipse.jetty.util.thread.ReservedThreadExecutor - ReservedThread@ae8e2bb{PENDING,thread=Thread[qtp399373008-60,5,main]} was=PENDING next=RESERVED size=0+1 capacity=8
04:06:39.324 [qtp399373008-60] DEBUG org.eclipse.jetty.util.thread.ReservedThreadExecutor - ReservedThread@ae8e2bb{RESERVED,thread=Thread[qtp399373008-60,5,main]} waiting ReservedThreadExecutor@424fd310{reserved=1/8,pending=0}
04:06:39.324 [qtp399373008-56] DEBUG org.eclipse.jetty.util.thread.strategy.EatWhatYouKill - EatWhatYouKill@b7838a9/SelectorProducer@696f0212/IDLE/p=true/QueuedThreadPool[qtp399373008]@17cdf2d0{STARTED,8<=8<=200,i=1,r=-1,q=0}[ReservedThreadExecutor@424fd310{reserved=0/8,pending=1}][pc=0,pic=0,pec=1,epc=0]@2024-05-02T04:06:39.324+01:00 m=EXECUTE_PRODUCE_CONSUME t=CEP:SocketChannelEndPoint@2af73879{l=/127.0.0.1:35537,r=/127.0.0.1:60844,OPEN,fill=FI,flush=-,to=3/30000}{io=1/0,kio=1,kro=1}->SslConnection@232427f2{NEED_UNWRAP,eio=-1/-1,di=-1,fill=INTERESTED,flush=IDLE}~>DecryptedEndPoint@54a24ebd{l=/127.0.0.1:35537,r=/127.0.0.1:60844,OPEN,fill=FI,flush=-,to=3/30000}=>HttpConnection@eefc83b[p=HttpParser{s=START,0 of -1},g=HttpGenerator@65b5528d{s=START}]=>HttpChannelOverHttp@650dc96c{s=HttpChannelState@76aa1144{s=IDLE rs=BLOCKING os=OPEN is=IDLE awp=false se=false i=true al=0},r=0,c=false/false,a=IDLE,uri=null,age=0}:runFillable:BLOCKING/BLOCKING
04:06:39.324 [qtp399373008-61] DEBUG org.eclipse.jetty.util.thread.ReservedThreadExecutor - ReservedThread@27624ead{RESERVED,thread=Thread[qtp399373008-61,5,main]} task=EatWhatYouKill@b7838a9/SelectorProducer@696f0212/IDLE/p=true/QueuedThreadPool[qtp399373008]@17cdf2d0{STARTED,8<=8<=200,i=1,r=-1,q=0}[ReservedThreadExecutor@424fd310{reserved=1/8,pending=0}][pc=0,pic=0,pec=1,epc=0]@2024-05-02T04:06:39.324+01:00 ReservedThreadExecutor@424fd310{reserved=1/8,pending=0}
04:06:39.324 [qtp399373008-61] DEBUG org.eclipse.jetty.util.thread.strategy.EatWhatYouKill - EatWhatYouKill@b7838a9/SelectorProducer@696f0212/IDLE/p=true/QueuedThreadPool[qtp399373008]@17cdf2d0{STARTED,8<=8<=200,i=1,r=-1,q=0}[ReservedThreadExecutor@424fd310{reserved=1/8,pending=0}][pc=0,pic=0,pec=1,epc=1]@2024-05-02T04:06:39.324+01:00 tryProduce true
04:06:39.324 [qtp399373008-61] DEBUG org.eclipse.jetty.io.ManagedSelector - updateable 0
04:06:39.324 [qtp399373008-56] DEBUG org.eclipse.jetty.io.FillInterest - fillable FillInterest@16c4fa0{SSLC.NBReadCB@232427f2{SslConnection@232427f2::SocketChannelEndPoint@2af73879{l=/127.0.0.1:35537,r=/127.0.0.1:60844,OPEN,fill=FI,flush=-,to=3/30000}{io=1/0,kio=1,kro=1}->SslConnection@232427f2{NEED_UNWRAP,eio=-1/-1,di=-1,fill=INTERESTED,flush=IDLE}~>DecryptedEndPoint@54a24ebd{l=/127.0.0.1:35537,r=/127.0.0.1:60844,OPEN,fill=FI,flush=-,to=3/30000}=>HttpConnection@eefc83b[p=HttpParser{s=START,0 of -1},g=HttpGenerator@65b5528d{s=START}]=>HttpChannelOverHttp@650dc96c{s=HttpChannelState@76aa1144{s=IDLE rs=BLOCKING os=OPEN is=IDLE awp=false se=false i=true al=0},r=0,c=false/false,a=IDLE,uri=null,age=0}}}
04:06:39.324 [qtp399373008-61] DEBUG org.eclipse.jetty.io.ManagedSelector - updates 0
04:06:39.325 [qtp399373008-56] DEBUG org.eclipse.jetty.io.ssl.SslConnection - >c.onFillable SslConnection@232427f2::SocketChannelEndPoint@2af73879{l=/127.0.0.1:35537,r=/127.0.0.1:60844,OPEN,fill=-,flush=-,to=3/30000}{io=1/0,kio=1,kro=1}->SslConnection@232427f2{NEED_UNWRAP,eio=-1/-1,di=-1,fill=INTERESTED,flush=IDLE}~>DecryptedEndPoint@54a24ebd{l=/127.0.0.1:35537,r=/127.0.0.1:60844,OPEN,fill=FI,flush=-,to=4/30000}=>HttpConnection@eefc83b[p=HttpParser{s=START,0 of -1},g=HttpGenerator@65b5528d{s=START}]=>HttpChannelOverHttp@650dc96c{s=HttpChannelState@76aa1144{s=IDLE rs=BLOCKING os=OPEN is=IDLE awp=false se=false i=true al=0},r=0,c=false/false,a=IDLE,uri=null,age=0}
04:06:39.325 [qtp399373008-61] DEBUG org.eclipse.jetty.io.ChannelEndPoint - Key interests updated 1 -> 0 on SocketChannelEndPoint@2af73879{l=/127.0.0.1:35537,r=/127.0.0.1:60844,OPEN,fill=-,flush=-,to=3/30000}{io=0/0,kio=0,kro=1}->SslConnection@232427f2{NEED_UNWRAP,eio=-1/-1,di=-1,fill=INTERESTED,flush=IDLE}~>DecryptedEndPoint@54a24ebd{l=/127.0.0.1:35537,r=/127.0.0.1:60844,OPEN,fill=FI,flush=-,to=4/30000}=>HttpConnection@eefc83b[p=HttpParser{s=START,0 of -1},g=HttpGenerator@65b5528d{s=START}]=>HttpChannelOverHttp@650dc96c{s=HttpChannelState@76aa1144{s=IDLE rs=BLOCKING os=OPEN is=IDLE awp=false se=false i=true al=0},r=0,c=false/false,a=IDLE,uri=null,age=0}
04:06:39.325 [qtp399373008-61] DEBUG org.eclipse.jetty.io.ManagedSelector - Selector sun.nio.ch.EPollSelectorImpl@665f4496 waiting with 1 keys
04:06:39.326 [qtp399373008-56] DEBUG org.eclipse.jetty.io.ssl.SslConnection - onFillable SslConnection@232427f2::SocketChannelEndPoint@2af73879{l=/127.0.0.1:35537,r=/127.0.0.1:60844,OPEN,fill=-,flush=-,to=4/30000}{io=0/0,kio=0,kro=1}->SslConnection@232427f2{NEED_UNWRAP,eio=-1/-1,di=-1,fill=INTERESTED,flush=IDLE}~>DecryptedEndPoint@54a24ebd{l=/127.0.0.1:35537,r=/127.0.0.1:60844,OPEN,fill=FI,flush=-,to=4/30000}=>HttpConnection@eefc83b[p=HttpParser{s=START,0 of -1},g=HttpGenerator@65b5528d{s=START}]=>HttpChannelOverHttp@650dc96c{s=HttpChannelState@76aa1144{s=IDLE rs=BLOCKING os=OPEN is=IDLE awp=false se=false i=true al=0},r=0,c=false/false,a=IDLE,uri=null,age=0}
04:06:39.326 [qtp399373008-56] DEBUG org.eclipse.jetty.io.FillInterest - fillable FillInterest@15ebe010{AC.ReadCB@eefc83b{HttpConnection@eefc83b::DecryptedEndPoint@54a24ebd{l=/127.0.0.1:35537,r=/127.0.0.1:60844,OPEN,fill=FI,flush=-,to=5/30000}}}
04:06:39.326 [qtp399373008-56] DEBUG org.eclipse.jetty.server.HttpConnection - HttpConnection@eefc83b::DecryptedEndPoint@54a24ebd{l=/127.0.0.1:35537,r=/127.0.0.1:60844,OPEN,fill=-,flush=-,to=5/30000} onFillable enter HttpChannelState@76aa1144{s=IDLE rs=BLOCKING os=OPEN is=IDLE awp=false se=false i=true al=0} null
04:06:39.326 [qtp399373008-56] DEBUG org.eclipse.jetty.io.ssl.SslConnection - >fill SslConnection@232427f2::SocketChannelEndPoint@2af73879{l=/127.0.0.1:35537,r=/127.0.0.1:60844,OPEN,fill=-,flush=-,to=4/30000}{io=0/0,kio=0,kro=1}->SslConnection@232427f2{NEED_UNWRAP,eio=-1/-1,di=-1,fill=IDLE,flush=IDLE}~>DecryptedEndPoint@54a24ebd{l=/127.0.0.1:35537,r=/127.0.0.1:60844,OPEN,fill=-,flush=-,to=5/30000}=>HttpConnection@eefc83b[p=HttpParser{s=START,0 of -1},g=HttpGenerator@65b5528d{s=START}]=>HttpChannelOverHttp@650dc96c{s=HttpChannelState@76aa1144{s=IDLE rs=BLOCKING os=OPEN is=IDLE awp=false se=false i=true al=0},r=0,c=false/false,a=IDLE,uri=null,age=0}
04:06:39.326 [qtp399373008-56] DEBUG org.eclipse.jetty.io.ssl.SslConnection - fill NEED_UNWRAP
04:06:39.326 [qtp399373008-56] DEBUG org.eclipse.jetty.io.ChannelEndPoint - filled 6 HeapByteBuffer@373c4f5d[p=0,l=6,c=17408,r=6]={<<<\x14\x03\x03\x00\x01\x01>>>\xF8\xE3\xA812\x95P\x06]...\x00\x00\x00\x00\x00\x00\x00}
04:06:39.326 [qtp399373008-56] DEBUG org.eclipse.jetty.io.ssl.SslConnection - net filled=6
04:06:39.327 [qtp399373008-56] DEBUG org.eclipse.jetty.io.ssl.SslConnection - unwrap net_filled=6 Status = OK HandshakeStatus = NEED_UNWRAP bytesConsumed = 6 bytesProduced = 0 encryptedBuffer=[p=6,l=6,c=17408,r=0] unwrapBuffer=HeapByteBuffer@3dc4242d[p=0,l=0,c=17408,r=0]={<<<>>>\x16\x03\x03\x01N\x01\x00\x01J...\x00\x00\x00\x00\x00\x00\x00} appBuffer=HeapByteBuffer@3dc4242d[p=0,l=0,c=17408,r=0]={<<<>>>\x16\x03\x03\x01N\x01\x00\x01J...\x00\x00\x00\x00\x00\x00\x00}
04:06:39.327 [qtp399373008-56] DEBUG org.eclipse.jetty.io.ssl.SslConnection - fill NEED_UNWRAP
04:06:39.327 [qtp399373008-56] DEBUG org.eclipse.jetty.io.ChannelEndPoint - filled 0 HeapByteBuffer@373c4f5d[p=0,l=0,c=17408,r=0]={<<<>>>\x14\x03\x03\x00\x01\x01\xF8\xE3\xA8...\x00\x00\x00\x00\x00\x00\x00}
04:06:39.327 [qtp399373008-56] DEBUG org.eclipse.jetty.io.ssl.SslConnection - net filled=0
04:06:39.327 [qtp399373008-56] DEBUG org.eclipse.jetty.io.ssl.SslConnection - unwrap net_filled=0 Status = BUFFER_UNDERFLOW HandshakeStatus = NEED_UNWRAP bytesConsumed = 0 bytesProduced = 0 encryptedBuffer=[p=0,l=0,c=17408,r=0] unwrapBuffer=HeapByteBuffer@3dc4242d[p=0,l=0,c=17408,r=0]={<<<>>>\x16\x03\x03\x01N\x01\x00\x01J...\x00\x00\x00\x00\x00\x00\x00} appBuffer=HeapByteBuffer@3dc4242d[p=0,l=0,c=17408,r=0]={<<<>>>\x16\x03\x03\x01N\x01\x00\x01J...\x00\x00\x00\x00\x00\x00\x00}
04:06:39.327 [qtp399373008-56] DEBUG org.eclipse.jetty.io.ssl.SslConnection - <fill f=0 uf=true SslConnection@232427f2::SocketChannelEndPoint@2af73879{l=/127.0.0.1:35537,r=/127.0.0.1:60844,OPEN,fill=-,flush=-,to=0/30000}{io=0/0,kio=0,kro=1}->SslConnection@232427f2{NEED_UNWRAP,eio=-1/-1,di=-1,fill=IDLE,flush=IDLE}~>DecryptedEndPoint@54a24ebd{l=/127.0.0.1:35537,r=/127.0.0.1:60844,OPEN,fill=-,flush=-,to=6/30000}=>HttpConnection@eefc83b[p=HttpParser{s=START,0 of -1},g=HttpGenerator@65b5528d{s=START}]=>HttpChannelOverHttp@650dc96c{s=HttpChannelState@76aa1144{s=IDLE rs=BLOCKING os=OPEN is=IDLE awp=false se=false i=true al=0},r=0,c=false/false,a=IDLE,uri=null,age=0}
04:06:39.327 [qtp399373008-56] DEBUG org.eclipse.jetty.io.ssl.SslConnection - >fill SslConnection@232427f2::SocketChannelEndPoint@2af73879{l=/127.0.0.1:35537,r=/127.0.0.1:60844,OPEN,fill=-,flush=-,to=0/30000}{io=0/0,kio=0,kro=1}->SslConnection@232427f2{NEED_UNWRAP,eio=-1/-1,di=-1,fill=IDLE,flush=IDLE}~>DecryptedEndPoint@54a24ebd{l=/127.0.0.1:35537,r=/127.0.0.1:60844,OPEN,fill=-,flush=-,to=6/30000}=>HttpConnection@eefc83b[p=HttpParser{s=START,0 of -1},g=HttpGenerator@65b5528d{s=START}]=>HttpChannelOverHttp@650dc96c{s=HttpChannelState@76aa1144{s=IDLE rs=BLOCKING os=OPEN is=IDLE awp=false se=false i=true al=0},r=0,c=false/false,a=IDLE,uri=null,age=0}
04:06:39.327 [qtp399373008-56] DEBUG org.eclipse.jetty.io.ssl.SslConnection - fill NEED_UNWRAP
04:06:39.327 [qtp399373008-56] DEBUG org.eclipse.jetty.io.ChannelEndPoint - filled 0 HeapByteBuffer@3303dde5[p=0,l=0,c=17408,r=0]={<<<>>>\x00\x00\x00\x00\x00\x00\x00\x00\x00...\x00\x00\x00\x00\x00\x00\x00}
04:06:39.327 [qtp399373008-56] DEBUG org.eclipse.jetty.io.ssl.SslConnection - net filled=0
04:06:39.327 [qtp399373008-56] DEBUG org.eclipse.jetty.io.ssl.SslConnection - unwrap net_filled=0 Status = BUFFER_UNDERFLOW HandshakeStatus = NEED_UNWRAP bytesConsumed = 0 bytesProduced = 0 encryptedBuffer=[p=0,l=0,c=17408,r=0] unwrapBuffer=HeapByteBuffer@3dc4242d[p=0,l=0,c=17408,r=0]={<<<>>>\x16\x03\x03\x01N\x01\x00\x01J...\x00\x00\x00\x00\x00\x00\x00} appBuffer=HeapByteBuffer@3dc4242d[p=0,l=0,c=17408,r=0]={<<<>>>\x16\x03\x03\x01N\x01\x00\x01J...\x00\x00\x00\x00\x00\x00\x00}
04:06:39.327 [qtp399373008-56] DEBUG org.eclipse.jetty.io.ssl.SslConnection - <fill f=0 uf=true SslConnection@232427f2::SocketChannelEndPoint@2af73879{l=/127.0.0.1:35537,r=/127.0.0.1:60844,OPEN,fill=-,flush=-,to=0/30000}{io=0/0,kio=0,kro=1}->SslConnection@232427f2{NEED_UNWRAP,eio=-1/-1,di=-1,fill=IDLE,flush=IDLE}~>DecryptedEndPoint@54a24ebd{l=/127.0.0.1:35537,r=/127.0.0.1:60844,OPEN,fill=-,flush=-,to=6/30000}=>HttpConnection@eefc83b[p=HttpParser{s=START,0 of -1},g=HttpGenerator@65b5528d{s=START}]=>HttpChannelOverHttp@650dc96c{s=HttpChannelState@76aa1144{s=IDLE rs=BLOCKING os=OPEN is=IDLE awp=false se=false i=true al=0},r=0,c=false/false,a=IDLE,uri=null,age=0}
04:06:39.327 [qtp399373008-56] DEBUG org.eclipse.jetty.server.HttpConnection - HttpConnection@eefc83b::DecryptedEndPoint@54a24ebd{l=/127.0.0.1:35537,r=/127.0.0.1:60844,OPEN,fill=-,flush=-,to=7/30000} filled 0 HeapByteBuffer@3dc4242d[p=0,l=0,c=17408,r=0]={<<<>>>\x16\x03\x03\x01N\x01\x00\x01J...\x00\x00\x00\x00\x00\x00\x00}
04:06:39.328 [qtp399373008-56] DEBUG org.eclipse.jetty.server.HttpConnection - HttpConnection@eefc83b::DecryptedEndPoint@54a24ebd{l=/127.0.0.1:35537,r=/127.0.0.1:60844,OPEN,fill=-,flush=-,to=7/30000} parse HeapByteBuffer@3dc4242d[p=0,l=0,c=17408,r=0]={<<<>>>\x16\x03\x03\x01N\x01\x00\x01J...\x00\x00\x00\x00\x00\x00\x00} {}
04:06:39.328 [qtp399373008-56] DEBUG org.eclipse.jetty.http.HttpParser - parseNext s=START HeapByteBuffer@3dc4242d[p=0,l=0,c=17408,r=0]={<<<>>>\x16\x03\x03\x01N\x01\x00\x01J...\x00\x00\x00\x00\x00\x00\x00}
04:06:39.328 [qtp399373008-56] DEBUG org.eclipse.jetty.server.HttpConnection - HttpConnection@eefc83b::DecryptedEndPoint@54a24ebd{l=/127.0.0.1:35537,r=/127.0.0.1:60844,OPEN,fill=-,flush=-,to=7/30000} parsed false HttpParser{s=START,0 of -1}
04:06:39.328 [qtp399373008-56] DEBUG org.eclipse.jetty.server.HttpConnection - releaseRequestBuffer HttpConnection@eefc83b::DecryptedEndPoint@54a24ebd{l=/127.0.0.1:35537,r=/127.0.0.1:60844,OPEN,fill=-,flush=-,to=7/30000}
04:06:39.328 [qtp399373008-56] DEBUG org.eclipse.jetty.io.AbstractConnection - fillInterested HttpConnection@eefc83b::DecryptedEndPoint@54a24ebd{l=/127.0.0.1:35537,r=/127.0.0.1:60844,OPEN,fill=-,flush=-,to=7/30000}
04:06:39.328 [qtp399373008-56] DEBUG org.eclipse.jetty.io.FillInterest - interested FillInterest@15ebe010{AC.ReadCB@eefc83b{HttpConnection@eefc83b::DecryptedEndPoint@54a24ebd{l=/127.0.0.1:35537,r=/127.0.0.1:60844,OPEN,fill=FI,flush=-,to=0/30000}}}
04:06:39.328 [qtp399373008-56] DEBUG org.eclipse.jetty.io.ssl.SslConnection - >needFillInterest s=IDLE/IDLE uf=true ei=null di=null SslConnection@232427f2::SocketChannelEndPoint@2af73879{l=/127.0.0.1:35537,r=/127.0.0.1:60844,OPEN,fill=-,flush=-,to=1/30000}{io=0/0,kio=0,kro=1}->SslConnection@232427f2{NEED_UNWRAP,eio=-1/-1,di=-1,fill=IDLE,flush=IDLE}~>DecryptedEndPoint@54a24ebd{l=/127.0.0.1:35537,r=/127.0.0.1:60844,OPEN,fill=FI,flush=-,to=0/30000}=>HttpConnection@eefc83b[p=HttpParser{s=START,0 of -1},g=HttpGenerator@65b5528d{s=START}]=>HttpChannelOverHttp@650dc96c{s=HttpChannelState@76aa1144{s=IDLE rs=BLOCKING os=OPEN is=IDLE awp=false se=false i=true al=0},r=0,c=false/false,a=IDLE,uri=null,age=0}
04:06:39.328 [qtp399373008-56] DEBUG org.eclipse.jetty.io.ssl.SslConnection - <needFillInterest s=IDLE/INTERESTED f=false i=true w=null
04:06:39.328 [qtp399373008-56] DEBUG org.eclipse.jetty.io.ssl.SslConnection - ensureFillInterested SslConnection@232427f2::SocketChannelEndPoint@2af73879{l=/127.0.0.1:35537,r=/127.0.0.1:60844,OPEN,fill=-,flush=-,to=1/30000}{io=0/0,kio=0,kro=1}->SslConnection@232427f2{NEED_UNWRAP,eio=-1/-1,di=-1,fill=INTERESTED,flush=IDLE}~>DecryptedEndPoint@54a24ebd{l=/127.0.0.1:35537,r=/127.0.0.1:60844,OPEN,fill=FI,flush=-,to=0/30000}=>HttpConnection@eefc83b[p=HttpParser{s=START,0 of -1},g=HttpGenerator@65b5528d{s=START}]=>HttpChannelOverHttp@650dc96c{s=HttpChannelState@76aa1144{s=IDLE rs=BLOCKING os=OPEN is=IDLE awp=false se=false i=true al=0},r=0,c=false/false,a=IDLE,uri=null,age=0}
04:06:39.328 [qtp399373008-56] DEBUG org.eclipse.jetty.io.FillInterest - interested FillInterest@16c4fa0{SSLC.NBReadCB@232427f2{SslConnection@232427f2::SocketChannelEndPoint@2af73879{l=/127.0.0.1:35537,r=/127.0.0.1:60844,OPEN,fill=FI,flush=-,to=0/30000}{io=0/0,kio=0,kro=1}->SslConnection@232427f2{NEED_UNWRAP,eio=-1/-1,di=-1,fill=INTERESTED,flush=IDLE}~>DecryptedEndPoint@54a24ebd{l=/127.0.0.1:35537,r=/127.0.0.1:60844,OPEN,fill=FI,flush=-,to=0/30000}=>HttpConnection@eefc83b[p=HttpParser{s=START,0 of -1},g=HttpGenerator@65b5528d{s=START}]=>HttpChannelOverHttp@650dc96c{s=HttpChannelState@76aa1144{s=IDLE rs=BLOCKING os=OPEN is=IDLE awp=false se=false i=true al=0},r=0,c=false/false,a=IDLE,uri=null,age=0}}}
04:06:39.329 [qtp399373008-56] DEBUG org.eclipse.jetty.io.ChannelEndPoint - changeInterests p=false 0->1 for SocketChannelEndPoint@2af73879{l=/127.0.0.1:35537,r=/127.0.0.1:60844,OPEN,fill=FI,flush=-,to=0/30000}{io=0/1,kio=0,kro=1}->SslConnection@232427f2{NEED_UNWRAP,eio=-1/-1,di=-1,fill=INTERESTED,flush=IDLE}~>DecryptedEndPoint@54a24ebd{l=/127.0.0.1:35537,r=/127.0.0.1:60844,OPEN,fill=FI,flush=-,to=0/30000}=>HttpConnection@eefc83b[p=HttpParser{s=START,0 of -1},g=HttpGenerator@65b5528d{s=START}]=>HttpChannelOverHttp@650dc96c{s=HttpChannelState@76aa1144{s=IDLE rs=BLOCKING os=OPEN is=IDLE awp=false se=false i=true al=0},r=0,c=false/false,a=IDLE,uri=null,age=0}
04:06:39.329 [qtp399373008-56] DEBUG org.eclipse.jetty.io.ManagedSelector - Queued change lazy=false org.eclipse.jetty.io.ChannelEndPoint$$Lambda$255/2121444922@375f3c8 on ManagedSelector@5733f295{STARTED} id=1 keys=1 selected=0 updates=0
04:06:39.329 [qtp399373008-56] DEBUG org.eclipse.jetty.io.ManagedSelector - Wakeup on submit ManagedSelector@5733f295{STARTED} id=1 keys=1 selected=0 updates=1
04:06:39.329 [qtp399373008-61] DEBUG org.eclipse.jetty.io.ManagedSelector - Selector sun.nio.ch.EPollSelectorImpl@665f4496 woken with none selected
04:06:39.329 [qtp399373008-56] DEBUG org.eclipse.jetty.server.HttpConnection - HttpConnection@eefc83b::DecryptedEndPoint@54a24ebd{l=/127.0.0.1:35537,r=/127.0.0.1:60844,OPEN,fill=FI,flush=-,to=0/30000} onFillable exit HttpChannelState@76aa1144{s=IDLE rs=BLOCKING os=OPEN is=IDLE awp=false se=false i=true al=0} null
04:06:39.329 [qtp399373008-61] DEBUG org.eclipse.jetty.io.ManagedSelector - Selector sun.nio.ch.EPollSelectorImpl@665f4496 woken up from select, 0/0/1 selected
04:06:39.329 [qtp399373008-61] DEBUG org.eclipse.jetty.io.ManagedSelector - Selector sun.nio.ch.EPollSelectorImpl@665f4496 processing 0 keys, 1 updates
04:06:39.329 [qtp399373008-61] DEBUG org.eclipse.jetty.io.ManagedSelector - updateable 1
04:06:39.329 [qtp399373008-61] DEBUG org.eclipse.jetty.io.ManagedSelector - update org.eclipse.jetty.io.ChannelEndPoint$$Lambda$255/2121444922@375f3c8
04:06:39.329 [qtp399373008-56] DEBUG org.eclipse.jetty.io.ssl.SslConnection - <c.onFillable SslConnection@232427f2::SocketChannelEndPoint@2af73879{l=/127.0.0.1:35537,r=/127.0.0.1:60844,OPEN,fill=FI,flush=-,to=0/30000}{io=0/1,kio=0,kro=1}->SslConnection@232427f2{NEED_UNWRAP,eio=-1/-1,di=-1,fill=INTERESTED,flush=IDLE}~>DecryptedEndPoint@54a24ebd{l=/127.0.0.1:35537,r=/127.0.0.1:60844,OPEN,fill=FI,flush=-,to=1/30000}=>HttpConnection@eefc83b[p=HttpParser{s=START,0 of -1},g=HttpGenerator@65b5528d{s=START}]=>HttpChannelOverHttp@650dc96c{s=HttpChannelState@76aa1144{s=IDLE rs=BLOCKING os=OPEN is=IDLE awp=false se=false i=true al=0},r=0,c=false/false,a=IDLE,uri=null,age=0}
04:06:39.329 [qtp399373008-56] DEBUG org.eclipse.jetty.util.thread.QueuedThreadPool - ran org.eclipse.jetty.io.ManagedSelector$$Lambda$253/838473569@6898a7f5 in QueuedThreadPool[qtp399373008]@17cdf2d0{STARTED,8<=8<=200,i=1,r=-1,q=0}[ReservedThreadExecutor@424fd310{reserved=1/8,pending=0}]
04:06:39.329 [qtp399373008-61] DEBUG org.eclipse.jetty.io.ChannelEndPoint - Key interests updated 0 -> 1 on SocketChannelEndPoint@2af73879{l=/127.0.0.1:35537,r=/127.0.0.1:60844,OPEN,fill=FI,flush=-,to=0/30000}{io=1/1,kio=1,kro=1}->SslConnection@232427f2{NEED_UNWRAP,eio=-1/-1,di=-1,fill=INTERESTED,flush=IDLE}~>DecryptedEndPoint@54a24ebd{l=/127.0.0.1:35537,r=/127.0.0.1:60844,OPEN,fill=FI,flush=-,to=1/30000}=>HttpConnection@eefc83b[p=HttpParser{s=START,0 of -1},g=HttpGenerator@65b5528d{s=START}]=>HttpChannelOverHttp@650dc96c{s=HttpChannelState@76aa1144{s=IDLE rs=BLOCKING os=OPEN is=IDLE awp=false se=false i=true al=0},r=0,c=false/false,a=IDLE,uri=null,age=0}
04:06:39.329 [qtp399373008-61] DEBUG org.eclipse.jetty.io.ManagedSelector - updates 0
04:06:39.329 [qtp399373008-61] DEBUG org.eclipse.jetty.io.ManagedSelector - Selector sun.nio.ch.EPollSelectorImpl@665f4496 waiting with 1 keys
04:06:39.365 [qtp399373008-61] DEBUG org.eclipse.jetty.io.ManagedSelector - Selector sun.nio.ch.EPollSelectorImpl@665f4496 woken up from select, 1/1/1 selected
04:06:39.365 [qtp399373008-61] DEBUG org.eclipse.jetty.io.ManagedSelector - Selector sun.nio.ch.EPollSelectorImpl@665f4496 processing 1 keys, 0 updates
04:06:39.365 [qtp399373008-61] DEBUG org.eclipse.jetty.io.ManagedSelector - selected 1 sun.nio.ch.SelectionKeyImpl@6260cc85 SocketChannelEndPoint@2af73879{l=/127.0.0.1:35537,r=/127.0.0.1:60844,OPEN,fill=FI,flush=-,to=36/30000}{io=1/1,kio=1,kro=1}->SslConnection@232427f2{NEED_UNWRAP,eio=-1/-1,di=-1,fill=INTERESTED,flush=IDLE}~>DecryptedEndPoint@54a24ebd{l=/127.0.0.1:35537,r=/127.0.0.1:60844,OPEN,fill=FI,flush=-,to=37/30000}=>HttpConnection@eefc83b[p=HttpParser{s=START,0 of -1},g=HttpGenerator@65b5528d{s=START}]=>HttpChannelOverHttp@650dc96c{s=HttpChannelState@76aa1144{s=IDLE rs=BLOCKING os=OPEN is=IDLE awp=false se=false i=true al=0},r=0,c=false/false,a=IDLE,uri=null,age=0} 
04:06:39.365 [qtp399373008-61] DEBUG org.eclipse.jetty.io.ChannelEndPoint - onSelected 1->0 r=true w=false for SocketChannelEndPoint@2af73879{l=/127.0.0.1:35537,r=/127.0.0.1:60844,OPEN,fill=FI,flush=-,to=36/30000}{io=1/0,kio=1,kro=1}->SslConnection@232427f2{NEED_UNWRAP,eio=-1/-1,di=-1,fill=INTERESTED,flush=IDLE}~>DecryptedEndPoint@54a24ebd{l=/127.0.0.1:35537,r=/127.0.0.1:60844,OPEN,fill=FI,flush=-,to=37/30000}=>HttpConnection@eefc83b[p=HttpParser{s=START,0 of -1},g=HttpGenerator@65b5528d{s=START}]=>HttpChannelOverHttp@650dc96c{s=HttpChannelState@76aa1144{s=IDLE rs=BLOCKING os=OPEN is=IDLE awp=false se=false i=true al=0},r=0,c=false/false,a=IDLE,uri=null,age=0}
04:06:39.365 [qtp399373008-61] DEBUG org.eclipse.jetty.io.ChannelEndPoint - task CEP:SocketChannelEndPoint@2af73879{l=/127.0.0.1:35537,r=/127.0.0.1:60844,OPEN,fill=FI,flush=-,to=36/30000}{io=1/0,kio=1,kro=1}->SslConnection@232427f2{NEED_UNWRAP,eio=-1/-1,di=-1,fill=INTERESTED,flush=IDLE}~>DecryptedEndPoint@54a24ebd{l=/127.0.0.1:35537,r=/127.0.0.1:60844,OPEN,fill=FI,flush=-,to=37/30000}=>HttpConnection@eefc83b[p=HttpParser{s=START,0 of -1},g=HttpGenerator@65b5528d{s=START}]=>HttpChannelOverHttp@650dc96c{s=HttpChannelState@76aa1144{s=IDLE rs=BLOCKING os=OPEN is=IDLE awp=false se=false i=true al=0},r=0,c=false/false,a=IDLE,uri=null,age=0}:runFillable:BLOCKING
04:06:39.365 [qtp399373008-61] DEBUG org.eclipse.jetty.util.thread.ReservedThreadExecutor - ReservedThreadExecutor@424fd310{reserved=1/8,pending=0} tryExecute EatWhatYouKill@b7838a9/SelectorProducer@696f0212/PRODUCING/p=false/QueuedThreadPool[qtp399373008]@17cdf2d0{STARTED,8<=8<=200,i=2,r=-1,q=0}[ReservedThreadExecutor@424fd310{reserved=1/8,pending=0}][pc=0,pic=0,pec=1,epc=1]@2024-05-02T04:06:39.365+01:00
04:06:39.366 [qtp399373008-61] DEBUG org.eclipse.jetty.util.thread.ReservedThreadExecutor - ReservedThreadExecutor@424fd310{reserved=0/8,pending=1} startReservedThread p=1
04:06:39.366 [qtp399373008-61] DEBUG org.eclipse.jetty.util.thread.QueuedThreadPool - queue ReservedThread@44631275{PENDING,thread=null} startThread=0
04:06:39.366 [qtp399373008-62] DEBUG org.eclipse.jetty.util.thread.QueuedThreadPool - run ReservedThread@44631275{PENDING,thread=null} in QueuedThreadPool[qtp399373008]@17cdf2d0{STARTED,8<=8<=200,i=1,r=-1,q=0}[ReservedThreadExecutor@424fd310{reserved=0/8,pending=1}]
04:06:39.366 [qtp399373008-62] DEBUG org.eclipse.jetty.util.thread.ReservedThreadExecutor - ReservedThread@44631275{PENDING,thread=Thread[qtp399373008-62,5,main]} was=PENDING next=RESERVED size=0+1 capacity=8
04:06:39.366 [qtp399373008-62] DEBUG org.eclipse.jetty.util.thread.ReservedThreadExecutor - ReservedThread@44631275{RESERVED,thread=Thread[qtp399373008-62,5,main]} waiting ReservedThreadExecutor@424fd310{reserved=1/8,pending=0}
04:06:39.366 [qtp399373008-60] DEBUG org.eclipse.jetty.util.thread.ReservedThreadExecutor - ReservedThread@ae8e2bb{RESERVED,thread=Thread[qtp399373008-60,5,main]} task=EatWhatYouKill@b7838a9/SelectorProducer@696f0212/IDLE/p=true/QueuedThreadPool[qtp399373008]@17cdf2d0{STARTED,8<=8<=200,i=1,r=-1,q=0}[ReservedThreadExecutor@424fd310{reserved=1/8,pending=0}][pc=0,pic=0,pec=1,epc=1]@2024-05-02T04:06:39.366+01:00 ReservedThreadExecutor@424fd310{reserved=1/8,pending=0}
04:06:39.366 [qtp399373008-61] DEBUG org.eclipse.jetty.util.thread.strategy.EatWhatYouKill - EatWhatYouKill@b7838a9/SelectorProducer@696f0212/IDLE/p=true/QueuedThreadPool[qtp399373008]@17cdf2d0{STARTED,8<=8<=200,i=1,r=-1,q=0}[ReservedThreadExecutor@424fd310{reserved=0/8,pending=1}][pc=0,pic=0,pec=1,epc=1]@2024-05-02T04:06:39.366+01:00 m=EXECUTE_PRODUCE_CONSUME t=CEP:SocketChannelEndPoint@2af73879{l=/127.0.0.1:35537,r=/127.0.0.1:60844,OPEN,fill=FI,flush=-,to=37/30000}{io=1/0,kio=1,kro=1}->SslConnection@232427f2{NEED_UNWRAP,eio=-1/-1,di=-1,fill=INTERESTED,flush=IDLE}~>DecryptedEndPoint@54a24ebd{l=/127.0.0.1:35537,r=/127.0.0.1:60844,OPEN,fill=FI,flush=-,to=37/30000}=>HttpConnection@eefc83b[p=HttpParser{s=START,0 of -1},g=HttpGenerator@65b5528d{s=START}]=>HttpChannelOverHttp@650dc96c{s=HttpChannelState@76aa1144{s=IDLE rs=BLOCKING os=OPEN is=IDLE awp=false se=false i=true al=0},r=0,c=false/false,a=IDLE,uri=null,age=0}:runFillable:BLOCKING/BLOCKING
04:06:39.366 [qtp399373008-60] DEBUG org.eclipse.jetty.util.thread.strategy.EatWhatYouKill - EatWhatYouKill@b7838a9/SelectorProducer@696f0212/IDLE/p=true/QueuedThreadPool[qtp399373008]@17cdf2d0{STARTED,8<=8<=200,i=1,r=-1,q=0}[ReservedThreadExecutor@424fd310{reserved=1/8,pending=0}][pc=0,pic=0,pec=1,epc=1]@2024-05-02T04:06:39.366+01:00 tryProduce true
04:06:39.366 [qtp399373008-60] DEBUG org.eclipse.jetty.io.ManagedSelector - updateable 0
04:06:39.366 [qtp399373008-60] DEBUG org.eclipse.jetty.io.ManagedSelector - updates 0
04:06:39.366 [qtp399373008-61] DEBUG org.eclipse.jetty.io.FillInterest - fillable FillInterest@16c4fa0{SSLC.NBReadCB@232427f2{SslConnection@232427f2::SocketChannelEndPoint@2af73879{l=/127.0.0.1:35537,r=/127.0.0.1:60844,OPEN,fill=FI,flush=-,to=37/30000}{io=1/0,kio=1,kro=1}->SslConnection@232427f2{NEED_UNWRAP,eio=-1/-1,di=-1,fill=INTERESTED,flush=IDLE}~>DecryptedEndPoint@54a24ebd{l=/127.0.0.1:35537,r=/127.0.0.1:60844,OPEN,fill=FI,flush=-,to=38/30000}=>HttpConnection@eefc83b[p=HttpParser{s=START,0 of -1},g=HttpGenerator@65b5528d{s=START}]=>HttpChannelOverHttp@650dc96c{s=HttpChannelState@76aa1144{s=IDLE rs=BLOCKING os=OPEN is=IDLE awp=false se=false i=true al=0},r=0,c=false/false,a=IDLE,uri=null,age=0}}}
04:06:39.366 [qtp399373008-60] DEBUG org.eclipse.jetty.io.ChannelEndPoint - Key interests updated 1 -> 0 on SocketChannelEndPoint@2af73879{l=/127.0.0.1:35537,r=/127.0.0.1:60844,OPEN,fill=FI,flush=-,to=37/30000}{io=0/0,kio=0,kro=1}->SslConnection@232427f2{NEED_UNWRAP,eio=-1/-1,di=-1,fill=INTERESTED,flush=IDLE}~>DecryptedEndPoint@54a24ebd{l=/127.0.0.1:35537,r=/127.0.0.1:60844,OPEN,fill=FI,flush=-,to=38/30000}=>HttpConnection@eefc83b[p=HttpParser{s=START,0 of -1},g=HttpGenerator@65b5528d{s=START}]=>HttpChannelOverHttp@650dc96c{s=HttpChannelState@76aa1144{s=IDLE rs=BLOCKING os=OPEN is=IDLE awp=false se=false i=true al=0},r=0,c=false/false,a=IDLE,uri=null,age=0}
04:06:39.366 [qtp399373008-61] DEBUG org.eclipse.jetty.io.ssl.SslConnection - >c.onFillable SslConnection@232427f2::SocketChannelEndPoint@2af73879{l=/127.0.0.1:35537,r=/127.0.0.1:60844,OPEN,fill=-,flush=-,to=37/30000}{io=0/0,kio=0,kro=1}->SslConnection@232427f2{NEED_UNWRAP,eio=-1/-1,di=-1,fill=INTERESTED,flush=IDLE}~>DecryptedEndPoint@54a24ebd{l=/127.0.0.1:35537,r=/127.0.0.1:60844,OPEN,fill=FI,flush=-,to=38/30000}=>HttpConnection@eefc83b[p=HttpParser{s=START,0 of -1},g=HttpGenerator@65b5528d{s=START}]=>HttpChannelOverHttp@650dc96c{s=HttpChannelState@76aa1144{s=IDLE rs=BLOCKING os=OPEN is=IDLE awp=false se=false i=true al=0},r=0,c=false/false,a=IDLE,uri=null,age=0}
04:06:39.366 [qtp399373008-60] DEBUG org.eclipse.jetty.io.ManagedSelector - Selector sun.nio.ch.EPollSelectorImpl@665f4496 waiting with 1 keys
04:06:39.366 [qtp399373008-61] DEBUG org.eclipse.jetty.io.ssl.SslConnection - onFillable SslConnection@232427f2::SocketChannelEndPoint@2af73879{l=/127.0.0.1:35537,r=/127.0.0.1:60844,OPEN,fill=-,flush=-,to=37/30000}{io=0/0,kio=0,kro=1}->SslConnection@232427f2{NEED_UNWRAP,eio=-1/-1,di=-1,fill=INTERESTED,flush=IDLE}~>DecryptedEndPoint@54a24ebd{l=/127.0.0.1:35537,r=/127.0.0.1:60844,OPEN,fill=FI,flush=-,to=38/30000}=>HttpConnection@eefc83b[p=HttpParser{s=START,0 of -1},g=HttpGenerator@65b5528d{s=START}]=>HttpChannelOverHttp@650dc96c{s=HttpChannelState@76aa1144{s=IDLE rs=BLOCKING os=OPEN is=IDLE awp=false se=false i=true al=0},r=0,c=false/false,a=IDLE,uri=null,age=0}
04:06:39.366 [qtp399373008-61] DEBUG org.eclipse.jetty.io.FillInterest - fillable FillInterest@15ebe010{AC.ReadCB@eefc83b{HttpConnection@eefc83b::DecryptedEndPoint@54a24ebd{l=/127.0.0.1:35537,r=/127.0.0.1:60844,OPEN,fill=FI,flush=-,to=38/30000}}}
04:06:39.366 [qtp399373008-61] DEBUG org.eclipse.jetty.server.HttpConnection - HttpConnection@eefc83b::DecryptedEndPoint@54a24ebd{l=/127.0.0.1:35537,r=/127.0.0.1:60844,OPEN,fill=-,flush=-,to=38/30000} onFillable enter HttpChannelState@76aa1144{s=IDLE rs=BLOCKING os=OPEN is=IDLE awp=false se=false i=true al=0} null
04:06:39.366 [qtp399373008-61] DEBUG org.eclipse.jetty.io.ssl.SslConnection - >fill SslConnection@232427f2::SocketChannelEndPoint@2af73879{l=/127.0.0.1:35537,r=/127.0.0.1:60844,OPEN,fill=-,flush=-,to=38/30000}{io=0/0,kio=0,kro=1}->SslConnection@232427f2{NEED_UNWRAP,eio=-1/-1,di=-1,fill=IDLE,flush=IDLE}~>DecryptedEndPoint@54a24ebd{l=/127.0.0.1:35537,r=/127.0.0.1:60844,OPEN,fill=-,flush=-,to=38/30000}=>HttpConnection@eefc83b[p=HttpParser{s=START,0 of -1},g=HttpGenerator@65b5528d{s=START}]=>HttpChannelOverHttp@650dc96c{s=HttpChannelState@76aa1144{s=IDLE rs=BLOCKING os=OPEN is=IDLE awp=false se=false i=true al=0},r=0,c=false/false,a=IDLE,uri=null,age=0}
04:06:39.367 [qtp399373008-61] DEBUG org.eclipse.jetty.io.ssl.SslConnection - fill NEED_UNWRAP
04:06:39.367 [qtp399373008-61] DEBUG org.eclipse.jetty.io.ChannelEndPoint - filled 1501 HeapByteBuffer@3303dde5[p=0,l=1501,c=17408,r=1501]={<<<\x17\x03\x03\x03\xAdE\xFf\x0f\xDc\x0f\xF2\xC2\xCf\x15\xCe\xBf\xA3\xAb\xF3(c\xE9\x07I\x80....p\xA1_\xEc\xF0\x99\x04\xAa\xB2\xA1\x1d,7\x91N)\xAa\xD3\x80\x13B^>>>\x00\x00\x00\x00\x00\x00\x00\x00\x00...\x00\x00\x00\x00\x00\x00\x00}
04:06:39.367 [qtp399373008-61] DEBUG org.eclipse.jetty.io.ssl.SslConnection - net filled=1501
04:06:39.367 [qtp399373008-61] DEBUG org.eclipse.jetty.io.ssl.SslConnection - unwrap net_filled=1501 Status = OK HandshakeStatus = NEED_TASK bytesConsumed = 946 bytesProduced = 0 encryptedBuffer=[p=946,l=1501,c=17408,r=555] unwrapBuffer=HeapByteBuffer@373c4f5d[p=0,l=0,c=17408,r=0]={<<<>>>\x14\x03\x03\x00\x01\x01\xF8\xE3\xA8...\x00\x00\x00\x00\x00\x00\x00} appBuffer=HeapByteBuffer@373c4f5d[p=0,l=0,c=17408,r=0]={<<<>>>\x14\x03\x03\x00\x01\x01\xF8\xE3\xA8...\x00\x00\x00\x00\x00\x00\x00}
04:06:39.367 [qtp399373008-61] DEBUG org.eclipse.jetty.io.ssl.SslConnection - fill NEED_TASK
04:06:39.368 [qtp399373008-61] DEBUG org.eclipse.jetty.io.ssl.SslConnection - fill NEED_UNWRAP
04:06:39.368 [qtp399373008-61] DEBUG org.eclipse.jetty.io.ChannelEndPoint - filled 0 HeapByteBuffer@3303dde5[p=946,l=1501,c=17408,r=555]={\x17\x03\x03\x03\xAd\x0b\x00\x03\x88...e\x83\x82\x97_\xEb\xE0<<<\x17\x03\x03\x01)\x0e7\xCf{\xE1\xAc\xF42\xF3\xFd\x81\xD21\x92]o\x97\xDeu\xE9....p\xA1_\xEc\xF0\x99\x04\xAa\xB2\xA1\x1d,7\x91N)\xAa\xD3\x80\x13B^>>>\x00\x00\x00\x00\x00\x00\x00\x00\x00...\x00\x00\x00\x00\x00\x00\x00}
04:06:39.368 [qtp399373008-61] DEBUG org.eclipse.jetty.io.ssl.SslConnection - net filled=0
04:06:39.368 [qtp399373008-61] DEBUG org.eclipse.jetty.io.ssl.SslConnection - unwrap net_filled=0 Status = OK HandshakeStatus = NEED_TASK bytesConsumed = 302 bytesProduced = 0 encryptedBuffer=[p=1248,l=1501,c=17408,r=253] unwrapBuffer=HeapByteBuffer@373c4f5d[p=0,l=0,c=17408,r=0]={<<<>>>\x14\x03\x03\x00\x01\x01\xF8\xE3\xA8...\x00\x00\x00\x00\x00\x00\x00} appBuffer=HeapByteBuffer@373c4f5d[p=0,l=0,c=17408,r=0]={<<<>>>\x14\x03\x03\x00\x01\x01\xF8\xE3\xA8...\x00\x00\x00\x00\x00\x00\x00}
04:06:39.368 [qtp399373008-61] DEBUG org.eclipse.jetty.io.ssl.SslConnection - fill NEED_TASK
04:06:39.368 [qtp399373008-61] DEBUG org.eclipse.jetty.io.ssl.SslConnection - fill NEED_UNWRAP
04:06:39.368 [qtp399373008-61] DEBUG org.eclipse.jetty.io.ChannelEndPoint - filled 0 HeapByteBuffer@3303dde5[p=1248,l=1501,c=17408,r=253]={\x17\x03\x03\x03\xAd\x0b\x00\x03\x88...\xF8\x83\x04\xAaqIH<<<\x17\x03\x03\x00U.\x8f\xB18\x04s\xFf\xE8E\x1b^\x83\x11k\x97\x0f\xB7J\xB5/....p\xA1_\xEc\xF0\x99\x04\xAa\xB2\xA1\x1d,7\x91N)\xAa\xD3\x80\x13B^>>>\x00\x00\x00\x00\x00\x00\x00\x00\x00...\x00\x00\x00\x00\x00\x00\x00}
04:06:39.368 [qtp399373008-61] DEBUG org.eclipse.jetty.io.ssl.SslConnection - net filled=0
04:06:39.369 [qtp399373008-61] DEBUG org.eclipse.jetty.io.ssl.SslConnection - unwrap net_filled=0 Status = OK HandshakeStatus = NEED_WRAP bytesConsumed = 90 bytesProduced = 0 encryptedBuffer=[p=1338,l=1501,c=17408,r=163] unwrapBuffer=HeapByteBuffer@373c4f5d[p=0,l=0,c=17408,r=0]={<<<>>>\x14\x03\x03\x00\x01\x01\xF8\xE3\xA8...\x00\x00\x00\x00\x00\x00\x00} appBuffer=HeapByteBuffer@373c4f5d[p=0,l=0,c=17408,r=0]={<<<>>>\x14\x03\x03\x00\x01\x01\xF8\xE3\xA8...\x00\x00\x00\x00\x00\x00\x00}
04:06:39.369 [qtp399373008-61] DEBUG org.eclipse.jetty.io.ssl.SslConnection - fill NEED_WRAP
04:06:39.370 [qtp399373008-61] DEBUG org.eclipse.jetty.io.ssl.SslConnection - >flush SslConnection@232427f2::SocketChannelEndPoint@2af73879{l=/127.0.0.1:35537,r=/127.0.0.1:60844,OPEN,fill=-,flush=-,to=2/30000}{io=0/0,kio=0,kro=1}->SslConnection@232427f2{NEED_WRAP,eio=163/-1,di=-1,fill=IDLE,flush=IDLE}~>DecryptedEndPoint@54a24ebd{l=/127.0.0.1:35537,r=/127.0.0.1:60844,OPEN,fill=-,flush=-,to=41/30000}=>HttpConnection@eefc83b[p=HttpParser{s=START,0 of -1},g=HttpGenerator@65b5528d{s=START}]=>HttpChannelOverHttp@650dc96c{s=HttpChannelState@76aa1144{s=IDLE rs=BLOCKING os=OPEN is=IDLE awp=false se=false i=true al=0},r=0,c=false/false,a=IDLE,uri=null,age=0}
04:06:39.370 [qtp399373008-61] DEBUG org.eclipse.jetty.io.ssl.SslConnection - flush b[0]=HeapByteBuffer@38928dbe[p=0,l=0,c=0,r=0]={<<<>>>}
04:06:39.370 [qtp399373008-61] DEBUG org.eclipse.jetty.io.ssl.SslConnection - flush NEED_WRAP
04:06:39.370 [qtp399373008-61] DEBUG org.eclipse.jetty.io.ssl.SslConnection - wrap Status = OK HandshakeStatus = FINISHED bytesConsumed = 0 bytesProduced = 88 [p=0,l=88,c=17408,r=88] ioDone=false/false
04:06:39.370 [qtp399373008-61] DEBUG org.eclipse.jetty.io.ChannelEndPoint - flushed 88 SocketChannelEndPoint@2af73879{l=/127.0.0.1:35537,r=/127.0.0.1:60844,OPEN,fill=-,flush=-,to=3/30000}{io=0/0,kio=0,kro=1}->SslConnection@232427f2{NOT_HANDSHAKING,eio=163/0,di=-1,fill=IDLE,flush=IDLE}~>DecryptedEndPoint@54a24ebd{l=/127.0.0.1:35537,r=/127.0.0.1:60844,OPEN,fill=-,flush=-,to=42/30000}=>HttpConnection@eefc83b[p=HttpParser{s=START,0 of -1},g=HttpGenerator@65b5528d{s=START}]=>HttpChannelOverHttp@650dc96c{s=HttpChannelState@76aa1144{s=IDLE rs=BLOCKING os=OPEN is=IDLE awp=false se=false i=true al=0},r=0,c=false/false,a=IDLE,uri=null,age=0}
04:06:39.370 [qtp399373008-61] DEBUG org.eclipse.jetty.io.ssl.SslConnection - net flushed=true, ac=true
04:06:39.371 [qtp399373008-61] DEBUG org.eclipse.jetty.io.ssl.SslConnection - handshake succeeded SslConnection@232427f2::SocketChannelEndPoint@2af73879{l=/127.0.0.1:35537,r=/127.0.0.1:60844,OPEN,fill=-,flush=-,to=0/30000}{io=0/0,kio=0,kro=1}->SslConnection@232427f2{NOT_HANDSHAKING,eio=163/0,di=-1,fill=IDLE,flush=IDLE}~>DecryptedEndPoint@54a24ebd{l=/127.0.0.1:35537,r=/127.0.0.1:60844,OPEN,fill=-,flush=-,to=42/30000}=>HttpConnection@eefc83b[p=HttpParser{s=START,0 of -1},g=HttpGenerator@65b5528d{s=START}]=>HttpChannelOverHttp@650dc96c{s=HttpChannelState@76aa1144{s=IDLE rs=BLOCKING os=OPEN is=IDLE awp=false se=false i=true al=0},r=0,c=false/false,a=IDLE,uri=null,age=0} resumed server TLSv1.3/TLS_AES_256_GCM_SHA384
04:06:39.371 [qtp399373008-61] DEBUG org.eclipse.jetty.io.ssl.SslConnection - <flush true SslConnection@232427f2::SocketChannelEndPoint@2af73879{l=/127.0.0.1:35537,r=/127.0.0.1:60844,OPEN,fill=-,flush=-,to=0/30000}{io=0/0,kio=0,kro=1}->SslConnection@232427f2{NOT_HANDSHAKING,eio=163/-1,di=-1,fill=IDLE,flush=IDLE}~>DecryptedEndPoint@54a24ebd{l=/127.0.0.1:35537,r=/127.0.0.1:60844,OPEN,fill=-,flush=-,to=43/30000}=>HttpConnection@eefc83b[p=HttpParser{s=START,0 of -1},g=HttpGenerator@65b5528d{s=START}]=>HttpChannelOverHttp@650dc96c{s=HttpChannelState@76aa1144{s=IDLE rs=BLOCKING os=OPEN is=IDLE awp=false se=false i=true al=0},r=0,c=false/false,a=IDLE,uri=null,age=0}
04:06:39.371 [qtp399373008-61] DEBUG org.eclipse.jetty.io.ssl.SslConnection - fill NOT_HANDSHAKING
04:06:39.371 [qtp399373008-61] DEBUG org.eclipse.jetty.io.ChannelEndPoint - filled 0 HeapByteBuffer@3303dde5[p=1338,l=1501,c=17408,r=163]={\x17\x03\x03\x03\xAd\x0b\x00\x03\x88...\xB9\xC5%\x10\xA9\x9b\xE6<<<\x17\x03\x03\x00\x9e$\xEe\xA3\x18\xA3\x0e[\xFe\xC1\xB8\xB2\xAd\x03\x99\x8e\x8a\x1b79\xF6....p\xA1_\xEc\xF0\x99\x04\xAa\xB2\xA1\x1d,7\x91N)\xAa\xD3\x80\x13B^>>>\x00\x00\x00\x00\x00\x00\x00\x00\x00...\x00\x00\x00\x00\x00\x00\x00}
04:06:39.371 [qtp399373008-61] DEBUG org.eclipse.jetty.io.ssl.SslConnection - net filled=0
04:06:39.372 [qtp399373008-61] DEBUG org.eclipse.jetty.io.ssl.SslConnection - unwrap net_filled=0 Status = OK HandshakeStatus = NOT_HANDSHAKING bytesConsumed = 163 bytesProduced = 125 encryptedBuffer=[p=1501,l=1501,c=17408,r=0] unwrapBuffer=HeapByteBuffer@373c4f5d[p=0,l=125,c=17408,r=125]={<<<GET /config.yml HTTP/1.1\r...gent: okhttp/3.12.3\r\n\r\n>>>\xF1v<\x89 \x8c9/\xDd...\x00\x00\x00\x00\x00\x00\x00} appBuffer=HeapByteBuffer@373c4f5d[p=0,l=125,c=17408,r=125]={<<<GET /config.yml HTTP/1.1\r...gent: okhttp/3.12.3\r\n\r\n>>>\xF1v<\x89 \x8c9/\xDd...\x00\x00\x00\x00\x00\x00\x00}
04:06:39.372 [qtp399373008-61] DEBUG org.eclipse.jetty.io.ssl.SslConnection - <fill f=125 uf=false SslConnection@232427f2::SocketChannelEndPoint@2af73879{l=/127.0.0.1:35537,r=/127.0.0.1:60844,OPEN,fill=-,flush=-,to=1/30000}{io=0/0,kio=0,kro=1}->SslConnection@232427f2{NOT_HANDSHAKING,eio=-1/-1,di=-1,fill=IDLE,flush=IDLE}~>DecryptedEndPoint@54a24ebd{l=/127.0.0.1:35537,r=/127.0.0.1:60844,OPEN,fill=-,flush=-,to=43/30000}=>HttpConnection@eefc83b[p=HttpParser{s=START,0 of -1},g=HttpGenerator@65b5528d{s=START}]=>HttpChannelOverHttp@650dc96c{s=HttpChannelState@76aa1144{s=IDLE rs=BLOCKING os=OPEN is=IDLE awp=false se=false i=true al=0},r=0,c=false/false,a=IDLE,uri=null,age=0}
04:06:39.372 [qtp399373008-61] DEBUG org.eclipse.jetty.server.HttpConnection - HttpConnection@eefc83b::DecryptedEndPoint@54a24ebd{l=/127.0.0.1:35537,r=/127.0.0.1:60844,OPEN,fill=-,flush=-,to=44/30000} filled 125 HeapByteBuffer@373c4f5d[p=0,l=125,c=17408,r=125]={<<<GET /config.yml HTTP/1.1\r...gent: okhttp/3.12.3\r\n\r\n>>>\xF1v<\x89 \x8c9/\xDd...\x00\x00\x00\x00\x00\x00\x00}
04:06:39.372 [qtp399373008-61] DEBUG org.eclipse.jetty.server.HttpConnection - HttpConnection@eefc83b::DecryptedEndPoint@54a24ebd{l=/127.0.0.1:35537,r=/127.0.0.1:60844,OPEN,fill=-,flush=-,to=44/30000} parse HeapByteBuffer@373c4f5d[p=0,l=125,c=17408,r=125]={<<<GET /config.yml HTTP/1.1\r...gent: okhttp/3.12.3\r\n\r\n>>>\xF1v<\x89 \x8c9/\xDd...\x00\x00\x00\x00\x00\x00\x00} {}
04:06:39.372 [qtp399373008-61] DEBUG org.eclipse.jetty.http.HttpParser - parseNext s=START HeapByteBuffer@373c4f5d[p=0,l=125,c=17408,r=125]={<<<GET /config.yml HTTP/1.1\r...gent: okhttp/3.12.3\r\n\r\n>>>\xF1v<\x89 \x8c9/\xDd...\x00\x00\x00\x00\x00\x00\x00}
04:06:39.372 [qtp399373008-61] DEBUG org.eclipse.jetty.http.HttpParser - START --> SPACE1
04:06:39.372 [qtp399373008-61] DEBUG org.eclipse.jetty.http.HttpParser - SPACE1 --> URI
04:06:39.372 [qtp399373008-61] DEBUG org.eclipse.jetty.http.HttpParser - URI --> SPACE2
04:06:39.372 [qtp399373008-61] DEBUG org.eclipse.jetty.http.HttpParser - SPACE2 --> REQUEST_VERSION
04:06:39.372 [qtp399373008-61] DEBUG org.eclipse.jetty.http.HttpParser - REQUEST_VERSION --> HEADER
04:06:39.372 [qtp399373008-61] DEBUG org.eclipse.jetty.http.HttpParser - HEADER:Host --> VALUE
04:06:39.372 [qtp399373008-61] DEBUG org.eclipse.jetty.http.HttpParser - HEADER:Host --> IN_VALUE
04:06:39.372 [qtp399373008-61] DEBUG org.eclipse.jetty.http.HttpParser - HEADER:Host --> FIELD
04:06:39.372 [qtp399373008-61] DEBUG org.eclipse.jetty.http.HttpParser - HEADER:Connection: keep-alive --> IN_VALUE
04:06:39.372 [qtp399373008-61] DEBUG org.eclipse.jetty.http.HttpParser - HEADER:Connection: keep-alive --> FIELD
04:06:39.372 [qtp399373008-61] DEBUG org.eclipse.jetty.http.HttpParser - HEADER:Accept-Encoding: gzip --> IN_VALUE
04:06:39.372 [qtp399373008-61] DEBUG org.eclipse.jetty.http.HttpParser - HEADER:Accept-Encoding: gzip --> FIELD
04:06:39.376 [qtp399373008-61] DEBUG org.eclipse.jetty.http.HttpParser - HEADER:User-Agent --> VALUE
04:06:39.376 [qtp399373008-61] DEBUG org.eclipse.jetty.http.HttpParser - HEADER:User-Agent --> IN_VALUE
04:06:39.376 [qtp399373008-61] DEBUG org.eclipse.jetty.http.HttpParser - HEADER:User-Agent --> FIELD
04:06:39.376 [qtp399373008-61] DEBUG org.eclipse.jetty.http.HttpParser - HEADER --> CONTENT
04:06:39.377 [qtp399373008-61] DEBUG org.eclipse.jetty.server.HttpChannel - REQUEST for //localhost:35537/config.yml on HttpChannelOverHttp@650dc96c{s=HttpChannelState@76aa1144{s=IDLE rs=BLOCKING os=OPEN is=IDLE awp=false se=false i=true al=0},r=1,c=false/false,a=IDLE,uri=//localhost:35537/config.yml,age=1}
GET //localhost:35537/config.yml HTTP/1.1
Host: localhost:35537
Connection: keep-alive
Accept-Encoding: gzip
User-Agent: okhttp/3.12.3


04:06:39.377 [qtp399373008-61] DEBUG org.eclipse.jetty.server.HttpConnection - HttpConnection@eefc83b::DecryptedEndPoint@54a24ebd{l=/127.0.0.1:35537,r=/127.0.0.1:60844,OPEN,fill=-,flush=-,to=48/30000} parsed true HttpParser{s=CONTENT,0 of -1}
04:06:39.377 [qtp399373008-61] DEBUG org.eclipse.jetty.server.HttpConnection - releaseRequestBuffer HttpConnection@eefc83b::DecryptedEndPoint@54a24ebd{l=/127.0.0.1:35537,r=/127.0.0.1:60844,OPEN,fill=-,flush=-,to=49/30000}
04:06:39.377 [qtp399373008-61] DEBUG org.eclipse.jetty.server.HttpChannel - handle //localhost:35537/config.yml HttpChannelOverHttp@650dc96c{s=HttpChannelState@76aa1144{s=IDLE rs=BLOCKING os=OPEN is=IDLE awp=false se=false i=true al=0},r=1,c=false/false,a=IDLE,uri=//localhost:35537/config.yml,age=1} 
04:06:39.377 [qtp399373008-61] DEBUG org.eclipse.jetty.server.HttpChannelState - handling HttpChannelState@76aa1144{s=IDLE rs=BLOCKING os=OPEN is=IDLE awp=false se=false i=true al=0}
04:06:39.377 [qtp399373008-61] DEBUG org.eclipse.jetty.server.HttpChannel - action DISPATCH HttpChannelOverHttp@650dc96c{s=HttpChannelState@76aa1144{s=HANDLING rs=BLOCKING os=OPEN is=IDLE awp=false se=false i=true al=0},r=1,c=false/false,a=HANDLING,uri=//localhost:35537/config.yml,age=1}
04:06:39.377 [qtp399373008-61] DEBUG org.eclipse.jetty.server.SecureRequestCustomizer - Host localhost with SNI null
04:06:39.378 [qtp399373008-61] DEBUG org.eclipse.jetty.server.Server - REQUEST GET /config.yml on HttpChannelOverHttp@650dc96c{s=HttpChannelState@76aa1144{s=HANDLING rs=BLOCKING os=OPEN is=IDLE awp=false se=false i=true al=0},r=1,c=false/false,a=HANDLING,uri=https://localhost:35537/config.yml,age=2}
04:06:39.378 [qtp399373008-61] DEBUG org.eclipse.jetty.server.HttpOutput - write(array HeapByteBuffer@3ad813cd[p=0,l=4,c=512,r=4]={<<<path>>>\x00\x00\x00\x00\x00\x00\x00\x00\x00...\x00\x00\x00\x00\x00\x00\x00})
04:06:39.378 [qtp399373008-61] DEBUG org.eclipse.jetty.server.HttpOutput - write(array) s=CLOSING,api=BLOCKED,sc=false,e=null last=true agg=false flush=true async=false, len=4 null
04:06:39.378 [qtp399373008-61] DEBUG org.eclipse.jetty.server.HttpChannel - sendResponse info=null content=HeapByteBuffer@2f1e06c2[p=0,l=4,c=512,r=4]={<<<path>>>\x00\x00\x00\x00\x00\x00\x00\x00\x00...\x00\x00\x00\x00\x00\x00\x00} complete=true committing=true callback=Blocker@6bb601fd{null}
04:06:39.379 [qtp399373008-61] DEBUG org.eclipse.jetty.server.HttpChannel - COMMIT for /config.yml on HttpChannelOverHttp@650dc96c{s=HttpChannelState@76aa1144{s=HANDLING rs=BLOCKING os=COMMITTED is=IDLE awp=false se=false i=true al=0},r=1,c=false/false,a=HANDLING,uri=https://localhost:35537/config.yml,age=3}
200 null HTTP/1.1
Date: Thu, 02 May 2024 03:06:39 GMT
ETag: testEtag
Content-Type: text/plain;charset=utf-8
Content-Length: 4


04:06:39.379 [qtp399373008-61] DEBUG org.eclipse.jetty.server.HttpConnection - generate: NEED_HEADER for SendCallback@11d1c440[PROCESSING][i=HTTP/1.1{s=200,h=4,cl=4},cb=org.eclipse.jetty.server.HttpChannel$SendCallback@6bedebcc] (null,[p=0,l=4,c=512,r=4],true)@START
04:06:39.379 [qtp399373008-61] DEBUG org.eclipse.jetty.http.HttpGenerator - generateHeaders HTTP/1.1{s=200,h=4,cl=4} last=true content=HeapByteBuffer@2f1e06c2[p=0,l=4,c=512,r=4]={<<<path>>>\x00\x00\x00\x00\x00\x00\x00\x00\x00...\x00\x00\x00\x00\x00\x00\x00}
04:06:39.379 [qtp399373008-61] DEBUG org.eclipse.jetty.http.HttpGenerator - Date: Thu, 02 May 2024 03:06:39 GMT
ETag: testEtag
Content-Type: text/plain;charset=utf-8
Content-Length: 4


04:06:39.379 [qtp399373008-61] DEBUG org.eclipse.jetty.http.HttpGenerator - CONTENT_LENGTH
04:06:39.379 [qtp399373008-61] DEBUG org.eclipse.jetty.server.HttpConnection - generate: FLUSH for SendCallback@11d1c440[PROCESSING][i=HTTP/1.1{s=200,h=4,cl=4},cb=org.eclipse.jetty.server.HttpChannel$SendCallback@6bedebcc] ([p=0,l=164,c=8192,r=164],[p=0,l=4,c=512,r=4],true)@COMPLETING
04:06:39.379 [qtp399373008-61] DEBUG org.eclipse.jetty.io.WriteFlusher - write: WriteFlusher@6ff89ef2{IDLE}->null [HeapByteBuffer@341ac865[p=0,l=164,c=8192,r=164]={<<<HTTP/1.1 200 OK\r\nDate: Th...y(9.4.44.v20210927)\r\n\r\n>>>\x00\x00\x00\x00\x00\x00\x00\x00\x00...\x00\x00\x00\x00\x00\x00\x00},HeapByteBuffer@2f1e06c2[p=0,l=4,c=512,r=4]={<<<path>>>\x00\x00\x00\x00\x00\x00\x00\x00\x00...\x00\x00\x00\x00\x00\x00\x00}]
04:06:39.379 [qtp399373008-61] DEBUG org.eclipse.jetty.io.WriteFlusher - update WriteFlusher@6ff89ef2{WRITING}->null:IDLE-->WRITING
04:06:39.379 [qtp399373008-61] DEBUG org.eclipse.jetty.io.ssl.SslConnection - >flush SslConnection@232427f2::SocketChannelEndPoint@2af73879{l=/127.0.0.1:35537,r=/127.0.0.1:60844,OPEN,fill=-,flush=-,to=8/30000}{io=0/0,kio=0,kro=1}->SslConnection@232427f2{NOT_HANDSHAKING,eio=-1/-1,di=-1,fill=IDLE,flush=IDLE}~>DecryptedEndPoint@54a24ebd{l=/127.0.0.1:35537,r=/127.0.0.1:60844,OPEN,fill=-,flush=W,to=51/30000}=>HttpConnection@eefc83b[p=HttpParser{s=CONTENT,0 of -1},g=HttpGenerator@65b5528d{s=COMPLETING}]=>HttpChannelOverHttp@650dc96c{s=HttpChannelState@76aa1144{s=HANDLING rs=BLOCKING os=COMMITTED is=IDLE awp=false se=false i=true al=0},r=1,c=false/false,a=HANDLING,uri=https://localhost:35537/config.yml,age=3}
04:06:39.379 [qtp399373008-61] DEBUG org.eclipse.jetty.io.ssl.SslConnection - flush b[0]=HeapByteBuffer@341ac865[p=0,l=164,c=8192,r=164]={<<<HTTP/1.1 200 OK\r\nDate: Th...y(9.4.44.v20210927)\r\n\r\n>>>\x00\x00\x00\x00\x00\x00\x00\x00\x00...\x00\x00\x00\x00\x00\x00\x00}
04:06:39.379 [qtp399373008-61] DEBUG org.eclipse.jetty.io.ssl.SslConnection - flush b[1]=HeapByteBuffer@2f1e06c2[p=0,l=4,c=512,r=4]={<<<path>>>\x00\x00\x00\x00\x00\x00\x00\x00\x00...\x00\x00\x00\x00\x00\x00\x00}
04:06:39.379 [qtp399373008-61] DEBUG org.eclipse.jetty.io.ssl.SslConnection - flush NOT_HANDSHAKING
04:06:39.379 [qtp399373008-61] DEBUG org.eclipse.jetty.io.ssl.SslConnection - wrap Status = OK HandshakeStatus = NOT_HANDSHAKING bytesConsumed = 168 bytesProduced = 206 [p=0,l=206,c=17408,r=206] ioDone=false/false
04:06:39.379 [qtp399373008-61] DEBUG org.eclipse.jetty.io.ChannelEndPoint - flushed 206 SocketChannelEndPoint@2af73879{l=/127.0.0.1:35537,r=/127.0.0.1:60844,OPEN,fill=-,flush=-,to=8/30000}{io=0/0,kio=0,kro=1}->SslConnection@232427f2{NOT_HANDSHAKING,eio=-1/0,di=-1,fill=IDLE,flush=IDLE}~>DecryptedEndPoint@54a24ebd{l=/127.0.0.1:35537,r=/127.0.0.1:60844,OPEN,fill=-,flush=W,to=51/30000}=>HttpConnection@eefc83b[p=HttpParser{s=CONTENT,0 of -1},g=HttpGenerator@65b5528d{s=COMPLETING}]=>HttpChannelOverHttp@650dc96c{s=HttpChannelState@76aa1144{s=HANDLING rs=BLOCKING os=COMMITTED is=IDLE awp=false se=false i=true al=0},r=1,c=false/false,a=HANDLING,uri=https://localhost:35537/config.yml,age=3}
04:06:39.379 [qtp399373008-61] DEBUG org.eclipse.jetty.io.ssl.SslConnection - net flushed=true, ac=true
04:06:39.379 [qtp399373008-61] DEBUG org.eclipse.jetty.io.ssl.SslConnection - <flush true SslConnection@232427f2::SocketChannelEndPoint@2af73879{l=/127.0.0.1:35537,r=/127.0.0.1:60844,OPEN,fill=-,flush=-,to=0/30000}{io=0/0,kio=0,kro=1}->SslConnection@232427f2{NOT_HANDSHAKING,eio=-1/-1,di=-1,fill=IDLE,flush=IDLE}~>DecryptedEndPoint@54a24ebd{l=/127.0.0.1:35537,r=/127.0.0.1:60844,OPEN,fill=-,flush=W,to=51/30000}=>HttpConnection@eefc83b[p=HttpParser{s=CONTENT,0 of -1},g=HttpGenerator@65b5528d{s=COMPLETING}]=>HttpChannelOverHttp@650dc96c{s=HttpChannelState@76aa1144{s=HANDLING rs=BLOCKING os=COMMITTED is=IDLE awp=false se=false i=true al=0},r=1,c=false/false,a=HANDLING,uri=https://localhost:35537/config.yml,age=3}
04:06:39.379 [qtp399373008-61] DEBUG org.eclipse.jetty.io.WriteFlusher - Flushed=true written=168 remaining=0 WriteFlusher@6ff89ef2{WRITING}->null
04:06:39.380 [qtp399373008-61] DEBUG org.eclipse.jetty.io.WriteFlusher - update WriteFlusher@6ff89ef2{IDLE}->null:WRITING-->IDLE
04:06:39.380 [qtp399373008-61] DEBUG org.eclipse.jetty.server.HttpConnection - generate: DONE for SendCallback@11d1c440[PROCESSING][i=HTTP/1.1{s=200,h=4,cl=4},cb=org.eclipse.jetty.server.HttpChannel$SendCallback@6bedebcc] ([p=164,l=164,c=8192,r=0],[p=4,l=4,c=512,r=0],true)@END
04:06:39.380 [qtp399373008-61] DEBUG org.eclipse.jetty.server.HttpOutput - onWriteComplete(true,null) s=CLOSING,api=BLOCKED,sc=false,e=null->s=CLOSED,api=BLOCKING,sc=false,e=null c=null cb=null w=false
04:06:39.380 [qtp399373008-61] DEBUG org.eclipse.jetty.server.HttpOutput - close() s=CLOSED,api=BLOCKING,sc=false,e=null c=null b=null
04:06:39.380 [qtp399373008-61] DEBUG org.eclipse.jetty.server.Server - handled=true async=false committed=true on HttpChannelOverHttp@650dc96c{s=HttpChannelState@76aa1144{s=HANDLING rs=BLOCKING os=COMPLETED is=IDLE awp=false se=false i=true al=0},r=1,c=false/true,a=HANDLING,uri=https://localhost:35537/config.yml,age=4}
04:06:39.380 [qtp399373008-61] DEBUG org.eclipse.jetty.server.HttpChannelState - unhandle HttpChannelState@76aa1144{s=HANDLING rs=BLOCKING os=COMPLETED is=IDLE awp=false se=false i=true al=0}
04:06:39.380 [qtp399373008-61] DEBUG org.eclipse.jetty.server.HttpChannelState - nextAction(false) COMPLETE HttpChannelState@76aa1144{s=HANDLING rs=COMPLETING os=COMPLETED is=IDLE awp=false se=false i=false al=0}
04:06:39.380 [qtp399373008-61] DEBUG org.eclipse.jetty.server.HttpChannel - action COMPLETE HttpChannelOverHttp@650dc96c{s=HttpChannelState@76aa1144{s=HANDLING rs=COMPLETING os=COMPLETED is=IDLE awp=false se=false i=false al=0},r=1,c=false/true,a=HANDLING,uri=https://localhost:35537/config.yml,age=4}
04:06:39.380 [qtp399373008-61] DEBUG org.eclipse.jetty.server.HttpOutput - complete(org.eclipse.jetty.util.Callback$3@7014a489) s=CLOSED,api=BLOCKING,sc=false,e=null s=true e=null, c=null
04:06:39.380 [qtp399373008-61] DEBUG org.eclipse.jetty.server.HttpChannelState - completed HttpChannelState@76aa1144{s=HANDLING rs=COMPLETING os=COMPLETED is=IDLE awp=false se=false i=false al=0}
04:06:39.380 [qtp399373008-61] DEBUG org.eclipse.jetty.server.HttpChannelState - unhandle HttpChannelState@76aa1144{s=HANDLING rs=COMPLETED os=COMPLETED is=IDLE awp=false se=false i=false al=0}
04:06:39.380 [qtp399373008-61] DEBUG org.eclipse.jetty.server.HttpChannelState - nextAction(false) TERMINATED HttpChannelState@76aa1144{s=IDLE rs=COMPLETED os=COMPLETED is=IDLE awp=false se=false i=false al=0}
04:06:39.380 [main] DEBUG org.apache.nifi.minifi.bootstrap.configuration.ingestors.PullHttpChangeIngestor - Response received: Response{protocol=http/1.1, code=200, message=OK, url=https://localhost:35537/config.yml}
04:06:39.380 [qtp399373008-61] DEBUG org.eclipse.jetty.server.HttpChannel - action TERMINATED HttpChannelOverHttp@650dc96c{s=HttpChannelState@76aa1144{s=IDLE rs=COMPLETED os=COMPLETED is=IDLE awp=false se=false i=false al=0},r=1,c=true/true,a=IDLE,uri=https://localhost:35537/config.yml,age=4}
04:06:39.380 [qtp399373008-61] DEBUG org.eclipse.jetty.server.HttpChannel - onCompleted for /config.yml written=4
04:06:39.380 [main] DEBUG org.apache.nifi.minifi.bootstrap.configuration.ingestors.PullHttpChangeIngestor - New change received, notifying listener
04:06:39.380 [main] DEBUG org.apache.nifi.minifi.bootstrap.configuration.ingestors.PullHttpChangeIngestor - Listeners notified
04:06:39.380 [qtp399373008-61] DEBUG org.eclipse.jetty.io.ssl.SslConnection - >fill SslConnection@232427f2::SocketChannelEndPoint@2af73879{l=/127.0.0.1:35537,r=/127.0.0.1:60844,OPEN,fill=-,flush=-,to=0/30000}{io=0/0,kio=0,kro=1}->SslConnection@232427f2{NOT_HANDSHAKING,eio=-1/-1,di=-1,fill=IDLE,flush=IDLE}~>DecryptedEndPoint@54a24ebd{l=/127.0.0.1:35537,r=/127.0.0.1:60844,OPEN,fill=-,flush=-,to=52/30000}=>HttpConnection@eefc83b[p=HttpParser{s=CONTENT,0 of -1},g=HttpGenerator@65b5528d{s=END}]=>HttpChannelOverHttp@650dc96c{s=HttpChannelState@76aa1144{s=IDLE rs=COMPLETED os=COMPLETED is=IDLE awp=false se=false i=false al=0},r=1,c=true/true,a=IDLE,uri=https://localhost:35537/config.yml,age=4}
04:06:39.380 [qtp399373008-61] DEBUG org.eclipse.jetty.io.ssl.SslConnection - fill NOT_HANDSHAKING
04:06:39.380 [qtp399373008-61] DEBUG org.eclipse.jetty.io.ChannelEndPoint - filled 0 HeapByteBuffer@373c4f5d[p=0,l=0,c=17408,r=0]={<<<>>>GET /conf...\x00\x00\x00\x00\x00\x00\x00}
04:06:39.380 [qtp399373008-61] DEBUG org.eclipse.jetty.io.ssl.SslConnection - net filled=0
04:06:39.380 [qtp399373008-61] DEBUG org.eclipse.jetty.io.ssl.SslConnection - unwrap net_filled=0 Status = BUFFER_UNDERFLOW HandshakeStatus = NOT_HANDSHAKING bytesConsumed = 0 bytesProduced = 0 encryptedBuffer=[p=0,l=0,c=17408,r=0] unwrapBuffer=HeapByteBuffer@3303dde5[p=0,l=0,c=17408,r=0]={<<<>>>\x17\x03\x03\x03\xAd\x0b\x00\x03\x88...\x00\x00\x00\x00\x00\x00\x00} appBuffer=HeapByteBuffer@3303dde5[p=0,l=0,c=17408,r=0]={<<<>>>\x17\x03\x03\x03\xAd\x0b\x00\x03\x88...\x00\x00\x00\x00\x00\x00\x00}
04:06:39.380 [qtp399373008-61] DEBUG org.eclipse.jetty.io.ssl.SslConnection - <fill f=0 uf=true SslConnection@232427f2::SocketChannelEndPoint@2af73879{l=/127.0.0.1:35537,r=/127.0.0.1:60844,OPEN,fill=-,flush=-,to=0/30000}{io=0/0,kio=0,kro=1}->SslConnection@232427f2{NOT_HANDSHAKING,eio=-1/-1,di=-1,fill=IDLE,flush=IDLE}~>DecryptedEndPoint@54a24ebd{l=/127.0.0.1:35537,r=/127.0.0.1:60844,OPEN,fill=-,flush=-,to=52/30000}=>HttpConnection@eefc83b[p=HttpParser{s=CONTENT,0 of -1},g=HttpGenerator@65b5528d{s=END}]=>HttpChannelOverHttp@650dc96c{s=HttpChannelState@76aa1144{s=IDLE rs=COMPLETED os=COMPLETED is=IDLE awp=false se=false i=false al=0},r=1,c=true/true,a=IDLE,uri=https://localhost:35537/config.yml,age=4}
]]></system-out>
  </testcase>
  <testcase name="testUseEtag" classname="org.apache.nifi.minifi.bootstrap.configuration.ingestors.PullHttpChangeIngestorSSLTest" time="0.075">
    <system-out><![CDATA[04:06:39.380 [qtp399373008-61] DEBUG org.eclipse.jetty.io.ssl.SslConnection - >fill SslConnection@232427f2::SocketChannelEndPoint@2af73879{l=/127.0.0.1:35537,r=/127.0.0.1:60844,OPEN,fill=-,flush=-,to=1/30000}{io=0/0,kio=0,kro=1}->SslConnection@232427f2{NOT_HANDSHAKING,eio=-1/-1,di=-1,fill=IDLE,flush=IDLE}~>DecryptedEndPoint@54a24ebd{l=/127.0.0.1:35537,r=/127.0.0.1:60844,OPEN,fill=-,flush=-,to=52/30000}=>HttpConnection@eefc83b[p=HttpParser{s=CONTENT,0 of -1},g=HttpGenerator@65b5528d{s=END}]=>HttpChannelOverHttp@650dc96c{s=HttpChannelState@76aa1144{s=IDLE rs=COMPLETED os=COMPLETED is=IDLE awp=false se=false i=false al=0},r=1,c=true/true,a=IDLE,uri=https://localhost:35537/config.yml,age=4}
04:06:39.380 [qtp399373008-61] DEBUG org.eclipse.jetty.io.ssl.SslConnection - fill NOT_HANDSHAKING
04:06:39.381 [qtp399373008-61] DEBUG org.eclipse.jetty.io.ChannelEndPoint - filled 0 HeapByteBuffer@3dc4242d[p=0,l=0,c=17408,r=0]={<<<>>>\x17\x03\x03\x00\xC9\nG#\xA5...\x00\x00\x00\x00\x00\x00\x00}
04:06:39.381 [qtp399373008-61] DEBUG org.eclipse.jetty.io.ssl.SslConnection - net filled=0
04:06:39.381 [qtp399373008-61] DEBUG org.eclipse.jetty.io.ssl.SslConnection - unwrap net_filled=0 Status = BUFFER_UNDERFLOW HandshakeStatus = NOT_HANDSHAKING bytesConsumed = 0 bytesProduced = 0 encryptedBuffer=[p=0,l=0,c=17408,r=0] unwrapBuffer=HeapByteBuffer@3303dde5[p=0,l=0,c=17408,r=0]={<<<>>>\x17\x03\x03\x03\xAd\x0b\x00\x03\x88...\x00\x00\x00\x00\x00\x00\x00} appBuffer=HeapByteBuffer@3303dde5[p=0,l=0,c=17408,r=0]={<<<>>>\x17\x03\x03\x03\xAd\x0b\x00\x03\x88...\x00\x00\x00\x00\x00\x00\x00}
04:06:39.381 [qtp399373008-61] DEBUG org.eclipse.jetty.io.ssl.SslConnection - <fill f=0 uf=true SslConnection@232427f2::SocketChannelEndPoint@2af73879{l=/127.0.0.1:35537,r=/127.0.0.1:60844,OPEN,fill=-,flush=-,to=1/30000}{io=0/0,kio=0,kro=1}->SslConnection@232427f2{NOT_HANDSHAKING,eio=-1/-1,di=-1,fill=IDLE,flush=IDLE}~>DecryptedEndPoint@54a24ebd{l=/127.0.0.1:35537,r=/127.0.0.1:60844,OPEN,fill=-,flush=-,to=52/30000}=>HttpConnection@eefc83b[p=HttpParser{s=CONTENT,0 of -1},g=HttpGenerator@65b5528d{s=END}]=>HttpChannelOverHttp@650dc96c{s=HttpChannelState@76aa1144{s=IDLE rs=COMPLETED os=COMPLETED is=IDLE awp=false se=false i=false al=0},r=1,c=true/true,a=IDLE,uri=https://localhost:35537/config.yml,age=5}
04:06:39.381 [qtp399373008-61] DEBUG org.eclipse.jetty.server.HttpConnection - HttpConnection@eefc83b::DecryptedEndPoint@54a24ebd{l=/127.0.0.1:35537,r=/127.0.0.1:60844,OPEN,fill=-,flush=-,to=53/30000} filled 0 HeapByteBuffer@3303dde5[p=0,l=0,c=17408,r=0]={<<<>>>\x17\x03\x03\x03\xAd\x0b\x00\x03\x88...\x00\x00\x00\x00\x00\x00\x00}
04:06:39.381 [qtp399373008-61] DEBUG org.eclipse.jetty.server.HttpConnection - HttpConnection@eefc83b::DecryptedEndPoint@54a24ebd{l=/127.0.0.1:35537,r=/127.0.0.1:60844,OPEN,fill=-,flush=-,to=53/30000} parse HeapByteBuffer@3303dde5[p=0,l=0,c=17408,r=0]={<<<>>>\x17\x03\x03\x03\xAd\x0b\x00\x03\x88...\x00\x00\x00\x00\x00\x00\x00} {}
04:06:39.381 [qtp399373008-61] DEBUG org.eclipse.jetty.http.HttpParser - parseNext s=CONTENT HeapByteBuffer@3303dde5[p=0,l=0,c=17408,r=0]={<<<>>>\x17\x03\x03\x03\xAd\x0b\x00\x03\x88...\x00\x00\x00\x00\x00\x00\x00}
04:06:39.381 [qtp399373008-61] DEBUG org.eclipse.jetty.http.HttpParser - CONTENT --> CONTENT_END
04:06:39.381 [qtp399373008-61] DEBUG org.eclipse.jetty.server.HttpChannel - onContentComplete HttpChannelOverHttp@650dc96c{s=HttpChannelState@76aa1144{s=IDLE rs=COMPLETED os=COMPLETED is=IDLE awp=false se=false i=false al=0},r=1,c=true/true,a=IDLE,uri=https://localhost:35537/config.yml,age=5}
04:06:39.381 [qtp399373008-61] DEBUG org.eclipse.jetty.http.HttpParser - CONTENT_END --> END
04:06:39.381 [qtp399373008-61] DEBUG org.eclipse.jetty.server.HttpChannel - onRequestComplete HttpChannelOverHttp@650dc96c{s=HttpChannelState@76aa1144{s=IDLE rs=COMPLETED os=COMPLETED is=IDLE awp=false se=false i=false al=0},r=1,c=true/true,a=IDLE,uri=https://localhost:35537/config.yml,age=5}
04:06:39.381 [qtp399373008-61] DEBUG org.eclipse.jetty.server.HttpInput - HttpInputOverHTTP@742392cc[c=0,q=0,[0]=null,s=STREAM] addContent EOF
04:06:39.381 [qtp399373008-61] DEBUG org.eclipse.jetty.server.HttpConnection - HttpConnection@eefc83b::DecryptedEndPoint@54a24ebd{l=/127.0.0.1:35537,r=/127.0.0.1:60844,OPEN,fill=-,flush=-,to=53/30000} parsed false HttpParser{s=END,0 of -1}
04:06:39.381 [qtp399373008-61] DEBUG org.eclipse.jetty.server.HttpConnection - releaseRequestBuffer HttpConnection@eefc83b::DecryptedEndPoint@54a24ebd{l=/127.0.0.1:35537,r=/127.0.0.1:60844,OPEN,fill=-,flush=-,to=53/30000}
04:06:39.381 [qtp399373008-61] DEBUG org.eclipse.jetty.server.HttpChannelState - recycle HttpChannelState@76aa1144{s=IDLE rs=COMPLETED os=COMPLETED is=IDLE awp=false se=false i=false al=0}
04:06:39.381 [qtp399373008-61] DEBUG org.eclipse.jetty.http.HttpParser - reset HttpParser{s=END,0 of -1}
04:06:39.381 [qtp399373008-61] DEBUG org.eclipse.jetty.http.HttpParser - END --> START
04:06:39.381 [qtp399373008-61] DEBUG org.eclipse.jetty.server.HttpChannel - !handle TERMINATED HttpChannelOverHttp@650dc96c{s=HttpChannelState@76aa1144{s=IDLE rs=BLOCKING os=OPEN is=IDLE awp=false se=false i=true al=0},r=1,c=false/false,a=IDLE,uri=null,age=0}
04:06:39.381 [qtp399373008-61] DEBUG org.eclipse.jetty.io.ssl.SslConnection - >fill SslConnection@232427f2::SocketChannelEndPoint@2af73879{l=/127.0.0.1:35537,r=/127.0.0.1:60844,OPEN,fill=-,flush=-,to=1/30000}{io=0/0,kio=0,kro=1}->SslConnection@232427f2{NOT_HANDSHAKING,eio=-1/-1,di=-1,fill=IDLE,flush=IDLE}~>DecryptedEndPoint@54a24ebd{l=/127.0.0.1:35537,r=/127.0.0.1:60844,OPEN,fill=-,flush=-,to=53/30000}=>HttpConnection@eefc83b[p=HttpParser{s=START,0 of -1},g=HttpGenerator@65b5528d{s=START}]=>HttpChannelOverHttp@650dc96c{s=HttpChannelState@76aa1144{s=IDLE rs=BLOCKING os=OPEN is=IDLE awp=false se=false i=true al=0},r=1,c=false/false,a=IDLE,uri=null,age=0}
04:06:39.381 [qtp399373008-61] DEBUG org.eclipse.jetty.io.ssl.SslConnection - fill NOT_HANDSHAKING
04:06:39.381 [qtp399373008-61] DEBUG org.eclipse.jetty.io.ChannelEndPoint - filled 0 HeapByteBuffer@3dc4242d[p=0,l=0,c=17408,r=0]={<<<>>>\x17\x03\x03\x00\xC9\nG#\xA5...\x00\x00\x00\x00\x00\x00\x00}
04:06:39.381 [qtp399373008-61] DEBUG org.eclipse.jetty.io.ssl.SslConnection - net filled=0
04:06:39.381 [qtp399373008-61] DEBUG org.eclipse.jetty.io.ssl.SslConnection - unwrap net_filled=0 Status = BUFFER_UNDERFLOW HandshakeStatus = NOT_HANDSHAKING bytesConsumed = 0 bytesProduced = 0 encryptedBuffer=[p=0,l=0,c=17408,r=0] unwrapBuffer=HeapByteBuffer@373c4f5d[p=0,l=0,c=17408,r=0]={<<<>>>GET /conf...\x00\x00\x00\x00\x00\x00\x00} appBuffer=HeapByteBuffer@373c4f5d[p=0,l=0,c=17408,r=0]={<<<>>>GET /conf...\x00\x00\x00\x00\x00\x00\x00}
04:06:39.382 [qtp399373008-61] DEBUG org.eclipse.jetty.io.ssl.SslConnection - <fill f=0 uf=true SslConnection@232427f2::SocketChannelEndPoint@2af73879{l=/127.0.0.1:35537,r=/127.0.0.1:60844,OPEN,fill=-,flush=-,to=2/30000}{io=0/0,kio=0,kro=1}->SslConnection@232427f2{NOT_HANDSHAKING,eio=-1/-1,di=-1,fill=IDLE,flush=IDLE}~>DecryptedEndPoint@54a24ebd{l=/127.0.0.1:35537,r=/127.0.0.1:60844,OPEN,fill=-,flush=-,to=53/30000}=>HttpConnection@eefc83b[p=HttpParser{s=START,0 of -1},g=HttpGenerator@65b5528d{s=START}]=>HttpChannelOverHttp@650dc96c{s=HttpChannelState@76aa1144{s=IDLE rs=BLOCKING os=OPEN is=IDLE awp=false se=false i=true al=0},r=1,c=false/false,a=IDLE,uri=null,age=0}
04:06:39.382 [qtp399373008-61] DEBUG org.eclipse.jetty.io.ssl.SslConnection - >fill SslConnection@232427f2::SocketChannelEndPoint@2af73879{l=/127.0.0.1:35537,r=/127.0.0.1:60844,OPEN,fill=-,flush=-,to=2/30000}{io=0/0,kio=0,kro=1}->SslConnection@232427f2{NOT_HANDSHAKING,eio=-1/-1,di=-1,fill=IDLE,flush=IDLE}~>DecryptedEndPoint@54a24ebd{l=/127.0.0.1:35537,r=/127.0.0.1:60844,OPEN,fill=-,flush=-,to=53/30000}=>HttpConnection@eefc83b[p=HttpParser{s=START,0 of -1},g=HttpGenerator@65b5528d{s=START}]=>HttpChannelOverHttp@650dc96c{s=HttpChannelState@76aa1144{s=IDLE rs=BLOCKING os=OPEN is=IDLE awp=false se=false i=true al=0},r=1,c=false/false,a=IDLE,uri=null,age=0}
04:06:39.382 [qtp399373008-61] DEBUG org.eclipse.jetty.io.ssl.SslConnection - fill NOT_HANDSHAKING
04:06:39.382 [qtp399373008-61] DEBUG org.eclipse.jetty.io.ChannelEndPoint - filled 0 HeapByteBuffer@3303dde5[p=0,l=0,c=17408,r=0]={<<<>>>\x17\x03\x03\x03\xAd\x0b\x00\x03\x88...\x00\x00\x00\x00\x00\x00\x00}
04:06:39.382 [qtp399373008-61] DEBUG org.eclipse.jetty.io.ssl.SslConnection - net filled=0
04:06:39.382 [qtp399373008-61] DEBUG org.eclipse.jetty.io.ssl.SslConnection - unwrap net_filled=0 Status = BUFFER_UNDERFLOW HandshakeStatus = NOT_HANDSHAKING bytesConsumed = 0 bytesProduced = 0 encryptedBuffer=[p=0,l=0,c=17408,r=0] unwrapBuffer=HeapByteBuffer@373c4f5d[p=0,l=0,c=17408,r=0]={<<<>>>GET /conf...\x00\x00\x00\x00\x00\x00\x00} appBuffer=HeapByteBuffer@373c4f5d[p=0,l=0,c=17408,r=0]={<<<>>>GET /conf...\x00\x00\x00\x00\x00\x00\x00}
04:06:39.382 [qtp399373008-61] DEBUG org.eclipse.jetty.io.ssl.SslConnection - <fill f=0 uf=true SslConnection@232427f2::SocketChannelEndPoint@2af73879{l=/127.0.0.1:35537,r=/127.0.0.1:60844,OPEN,fill=-,flush=-,to=2/30000}{io=0/0,kio=0,kro=1}->SslConnection@232427f2{NOT_HANDSHAKING,eio=-1/-1,di=-1,fill=IDLE,flush=IDLE}~>DecryptedEndPoint@54a24ebd{l=/127.0.0.1:35537,r=/127.0.0.1:60844,OPEN,fill=-,flush=-,to=54/30000}=>HttpConnection@eefc83b[p=HttpParser{s=START,0 of -1},g=HttpGenerator@65b5528d{s=START}]=>HttpChannelOverHttp@650dc96c{s=HttpChannelState@76aa1144{s=IDLE rs=BLOCKING os=OPEN is=IDLE awp=false se=false i=true al=0},r=1,c=false/false,a=IDLE,uri=null,age=0}
04:06:39.382 [qtp399373008-61] DEBUG org.eclipse.jetty.server.HttpConnection - HttpConnection@eefc83b::DecryptedEndPoint@54a24ebd{l=/127.0.0.1:35537,r=/127.0.0.1:60844,OPEN,fill=-,flush=-,to=54/30000} filled 0 HeapByteBuffer@373c4f5d[p=0,l=0,c=17408,r=0]={<<<>>>GET /conf...\x00\x00\x00\x00\x00\x00\x00}
04:06:39.382 [qtp399373008-61] DEBUG org.eclipse.jetty.server.HttpConnection - HttpConnection@eefc83b::DecryptedEndPoint@54a24ebd{l=/127.0.0.1:35537,r=/127.0.0.1:60844,OPEN,fill=-,flush=-,to=54/30000} parse HeapByteBuffer@373c4f5d[p=0,l=0,c=17408,r=0]={<<<>>>GET /conf...\x00\x00\x00\x00\x00\x00\x00} {}
04:06:39.382 [qtp399373008-61] DEBUG org.eclipse.jetty.http.HttpParser - parseNext s=START HeapByteBuffer@373c4f5d[p=0,l=0,c=17408,r=0]={<<<>>>GET /conf...\x00\x00\x00\x00\x00\x00\x00}
04:06:39.382 [qtp399373008-61] DEBUG org.eclipse.jetty.server.HttpConnection - HttpConnection@eefc83b::DecryptedEndPoint@54a24ebd{l=/127.0.0.1:35537,r=/127.0.0.1:60844,OPEN,fill=-,flush=-,to=54/30000} parsed false HttpParser{s=START,0 of -1}
04:06:39.382 [qtp399373008-61] DEBUG org.eclipse.jetty.server.HttpConnection - releaseRequestBuffer HttpConnection@eefc83b::DecryptedEndPoint@54a24ebd{l=/127.0.0.1:35537,r=/127.0.0.1:60844,OPEN,fill=-,flush=-,to=54/30000}
04:06:39.382 [qtp399373008-61] DEBUG org.eclipse.jetty.io.AbstractConnection - fillInterested HttpConnection@eefc83b::DecryptedEndPoint@54a24ebd{l=/127.0.0.1:35537,r=/127.0.0.1:60844,OPEN,fill=-,flush=-,to=54/30000}
04:06:39.382 [qtp399373008-61] DEBUG org.eclipse.jetty.io.FillInterest - interested FillInterest@15ebe010{AC.ReadCB@eefc83b{HttpConnection@eefc83b::DecryptedEndPoint@54a24ebd{l=/127.0.0.1:35537,r=/127.0.0.1:60844,OPEN,fill=FI,flush=-,to=0/30000}}}
04:06:39.382 [qtp399373008-61] DEBUG org.eclipse.jetty.io.ssl.SslConnection - >needFillInterest s=IDLE/IDLE uf=true ei=null di=null SslConnection@232427f2::SocketChannelEndPoint@2af73879{l=/127.0.0.1:35537,r=/127.0.0.1:60844,OPEN,fill=-,flush=-,to=2/30000}{io=0/0,kio=0,kro=1}->SslConnection@232427f2{NOT_HANDSHAKING,eio=-1/-1,di=-1,fill=IDLE,flush=IDLE}~>DecryptedEndPoint@54a24ebd{l=/127.0.0.1:35537,r=/127.0.0.1:60844,OPEN,fill=FI,flush=-,to=0/30000}=>HttpConnection@eefc83b[p=HttpParser{s=START,0 of -1},g=HttpGenerator@65b5528d{s=START}]=>HttpChannelOverHttp@650dc96c{s=HttpChannelState@76aa1144{s=IDLE rs=BLOCKING os=OPEN is=IDLE awp=false se=false i=true al=0},r=1,c=false/false,a=IDLE,uri=null,age=0}
04:06:39.382 [qtp399373008-61] DEBUG org.eclipse.jetty.io.ssl.SslConnection - <needFillInterest s=IDLE/INTERESTED f=false i=true w=null
04:06:39.382 [qtp399373008-61] DEBUG org.eclipse.jetty.io.ssl.SslConnection - ensureFillInterested SslConnection@232427f2::SocketChannelEndPoint@2af73879{l=/127.0.0.1:35537,r=/127.0.0.1:60844,OPEN,fill=-,flush=-,to=2/30000}{io=0/0,kio=0,kro=1}->SslConnection@232427f2{NOT_HANDSHAKING,eio=-1/-1,di=-1,fill=INTERESTED,flush=IDLE}~>DecryptedEndPoint@54a24ebd{l=/127.0.0.1:35537,r=/127.0.0.1:60844,OPEN,fill=FI,flush=-,to=0/30000}=>HttpConnection@eefc83b[p=HttpParser{s=START,0 of -1},g=HttpGenerator@65b5528d{s=START}]=>HttpChannelOverHttp@650dc96c{s=HttpChannelState@76aa1144{s=IDLE rs=BLOCKING os=OPEN is=IDLE awp=false se=false i=true al=0},r=1,c=false/false,a=IDLE,uri=null,age=0}
04:06:39.382 [qtp399373008-61] DEBUG org.eclipse.jetty.io.FillInterest - interested FillInterest@16c4fa0{SSLC.NBReadCB@232427f2{SslConnection@232427f2::SocketChannelEndPoint@2af73879{l=/127.0.0.1:35537,r=/127.0.0.1:60844,OPEN,fill=FI,flush=-,to=0/30000}{io=0/0,kio=0,kro=1}->SslConnection@232427f2{NOT_HANDSHAKING,eio=-1/-1,di=-1,fill=INTERESTED,flush=IDLE}~>DecryptedEndPoint@54a24ebd{l=/127.0.0.1:35537,r=/127.0.0.1:60844,OPEN,fill=FI,flush=-,to=0/30000}=>HttpConnection@eefc83b[p=HttpParser{s=START,0 of -1},g=HttpGenerator@65b5528d{s=START}]=>HttpChannelOverHttp@650dc96c{s=HttpChannelState@76aa1144{s=IDLE rs=BLOCKING os=OPEN is=IDLE awp=false se=false i=true al=0},r=1,c=false/false,a=IDLE,uri=null,age=0}}}
04:06:39.382 [main] DEBUG org.apache.nifi.minifi.bootstrap.configuration.ingestors.PullHttpChangeIngestor - Attempting to pull new config
04:06:39.383 [qtp399373008-61] DEBUG org.eclipse.jetty.io.ChannelEndPoint - changeInterests p=false 0->1 for SocketChannelEndPoint@2af73879{l=/127.0.0.1:35537,r=/127.0.0.1:60844,OPEN,fill=FI,flush=-,to=0/30000}{io=0/1,kio=0,kro=1}->SslConnection@232427f2{NOT_HANDSHAKING,eio=-1/-1,di=-1,fill=INTERESTED,flush=IDLE}~>DecryptedEndPoint@54a24ebd{l=/127.0.0.1:35537,r=/127.0.0.1:60844,OPEN,fill=FI,flush=-,to=0/30000}=>HttpConnection@eefc83b[p=HttpParser{s=START,0 of -1},g=HttpGenerator@65b5528d{s=START}]=>HttpChannelOverHttp@650dc96c{s=HttpChannelState@76aa1144{s=IDLE rs=BLOCKING os=OPEN is=IDLE awp=false se=false i=true al=0},r=1,c=false/false,a=IDLE,uri=null,age=0}
04:06:39.383 [qtp399373008-61] DEBUG org.eclipse.jetty.io.ManagedSelector - Queued change lazy=false org.eclipse.jetty.io.ChannelEndPoint$$Lambda$255/2121444922@375f3c8 on ManagedSelector@5733f295{STARTED} id=1 keys=1 selected=0 updates=0
04:06:39.383 [qtp399373008-61] DEBUG org.eclipse.jetty.io.ManagedSelector - Wakeup on submit ManagedSelector@5733f295{STARTED} id=1 keys=1 selected=0 updates=1
04:06:39.383 [qtp399373008-61] DEBUG org.eclipse.jetty.server.HttpConnection - HttpConnection@eefc83b::DecryptedEndPoint@54a24ebd{l=/127.0.0.1:35537,r=/127.0.0.1:60844,OPEN,fill=FI,flush=-,to=0/30000} onFillable exit HttpChannelState@76aa1144{s=IDLE rs=BLOCKING os=OPEN is=IDLE awp=false se=false i=true al=0} null
04:06:39.383 [qtp399373008-60] DEBUG org.eclipse.jetty.io.ManagedSelector - Selector sun.nio.ch.EPollSelectorImpl@665f4496 woken with none selected
04:06:39.383 [qtp399373008-60] DEBUG org.eclipse.jetty.io.ManagedSelector - Selector sun.nio.ch.EPollSelectorImpl@665f4496 woken up from select, 0/0/1 selected
04:06:39.383 [qtp399373008-60] DEBUG org.eclipse.jetty.io.ManagedSelector - Selector sun.nio.ch.EPollSelectorImpl@665f4496 processing 0 keys, 1 updates
04:06:39.383 [qtp399373008-60] DEBUG org.eclipse.jetty.io.ManagedSelector - updateable 1
04:06:39.383 [qtp399373008-60] DEBUG org.eclipse.jetty.io.ManagedSelector - update org.eclipse.jetty.io.ChannelEndPoint$$Lambda$255/2121444922@375f3c8
04:06:39.383 [qtp399373008-61] DEBUG org.eclipse.jetty.io.ssl.SslConnection - <c.onFillable SslConnection@232427f2::SocketChannelEndPoint@2af73879{l=/127.0.0.1:35537,r=/127.0.0.1:60844,OPEN,fill=FI,flush=-,to=0/30000}{io=0/1,kio=0,kro=1}->SslConnection@232427f2{NOT_HANDSHAKING,eio=-1/-1,di=-1,fill=INTERESTED,flush=IDLE}~>DecryptedEndPoint@54a24ebd{l=/127.0.0.1:35537,r=/127.0.0.1:60844,OPEN,fill=FI,flush=-,to=0/30000}=>HttpConnection@eefc83b[p=HttpParser{s=START,0 of -1},g=HttpGenerator@65b5528d{s=START}]=>HttpChannelOverHttp@650dc96c{s=HttpChannelState@76aa1144{s=IDLE rs=BLOCKING os=OPEN is=IDLE awp=false se=false i=true al=0},r=1,c=false/false,a=IDLE,uri=null,age=0}
04:06:39.383 [qtp399373008-61] DEBUG org.eclipse.jetty.util.thread.ReservedThreadExecutor - ReservedThread@27624ead{RUNNING,thread=Thread[qtp399373008-61,5,main]} was=RUNNING next=RESERVED size=0+2 capacity=8
04:06:39.383 [qtp399373008-61] DEBUG org.eclipse.jetty.util.thread.ReservedThreadExecutor - ReservedThread@27624ead{RESERVED,thread=Thread[qtp399373008-61,5,main]} waiting ReservedThreadExecutor@424fd310{reserved=2/8,pending=0}
04:06:39.383 [qtp399373008-60] DEBUG org.eclipse.jetty.io.ChannelEndPoint - Key interests updated 0 -> 1 on SocketChannelEndPoint@2af73879{l=/127.0.0.1:35537,r=/127.0.0.1:60844,OPEN,fill=FI,flush=-,to=0/30000}{io=1/1,kio=1,kro=1}->SslConnection@232427f2{NOT_HANDSHAKING,eio=-1/-1,di=-1,fill=INTERESTED,flush=IDLE}~>DecryptedEndPoint@54a24ebd{l=/127.0.0.1:35537,r=/127.0.0.1:60844,OPEN,fill=FI,flush=-,to=0/30000}=>HttpConnection@eefc83b[p=HttpParser{s=START,0 of -1},g=HttpGenerator@65b5528d{s=START}]=>HttpChannelOverHttp@650dc96c{s=HttpChannelState@76aa1144{s=IDLE rs=BLOCKING os=OPEN is=IDLE awp=false se=false i=true al=0},r=1,c=false/false,a=IDLE,uri=null,age=0}
04:06:39.383 [qtp399373008-60] DEBUG org.eclipse.jetty.io.ManagedSelector - updates 0
04:06:39.383 [qtp399373008-60] DEBUG org.eclipse.jetty.io.ManagedSelector - Selector sun.nio.ch.EPollSelectorImpl@665f4496 waiting with 1 keys
04:06:39.383 [qtp399373008-59-acceptor-0@5a85c92-ServerConnector@2374d36a{SSL, (ssl, http/1.1)}{localhost:35537}] DEBUG org.eclipse.jetty.io.ManagedSelector - Queued change lazy=false Accept@2b37a628[java.nio.channels.SocketChannel[connected local=/127.0.0.1:35537 remote=/127.0.0.1:60848]] on ManagedSelector@47a86fbb{STARTED} id=2 keys=0 selected=0 updates=0
04:06:39.383 [qtp399373008-59-acceptor-0@5a85c92-ServerConnector@2374d36a{SSL, (ssl, http/1.1)}{localhost:35537}] DEBUG org.eclipse.jetty.io.ManagedSelector - Wakeup on submit ManagedSelector@47a86fbb{STARTED} id=2 keys=0 selected=0 updates=1
04:06:39.383 [qtp399373008-57] DEBUG org.eclipse.jetty.io.ManagedSelector - Selector sun.nio.ch.EPollSelectorImpl@3702dbe9 woken with none selected
04:06:39.383 [qtp399373008-57] DEBUG org.eclipse.jetty.io.ManagedSelector - Selector sun.nio.ch.EPollSelectorImpl@3702dbe9 woken up from select, 0/0/0 selected
04:06:39.383 [qtp399373008-57] DEBUG org.eclipse.jetty.io.ManagedSelector - Selector sun.nio.ch.EPollSelectorImpl@3702dbe9 processing 0 keys, 1 updates
04:06:39.383 [qtp399373008-57] DEBUG org.eclipse.jetty.io.ManagedSelector - updateable 1
04:06:39.383 [qtp399373008-57] DEBUG org.eclipse.jetty.io.ManagedSelector - update Accept@2b37a628[java.nio.channels.SocketChannel[connected local=/127.0.0.1:35537 remote=/127.0.0.1:60848]]
04:06:39.384 [qtp399373008-57] DEBUG org.eclipse.jetty.util.thread.QueuedThreadPool - queue Accept@2b37a628[java.nio.channels.SocketChannel[connected local=/127.0.0.1:35537 remote=/127.0.0.1:60848]] startThread=0
04:06:39.384 [qtp399373008-56] DEBUG org.eclipse.jetty.util.thread.QueuedThreadPool - run Accept@2b37a628[java.nio.channels.SocketChannel[connected local=/127.0.0.1:35537 remote=/127.0.0.1:60848]] in QueuedThreadPool[qtp399373008]@17cdf2d0{STARTED,8<=8<=200,i=0,r=-1,q=0}[ReservedThreadExecutor@424fd310{reserved=2/8,pending=0}]
04:06:39.384 [qtp399373008-57] DEBUG org.eclipse.jetty.io.ManagedSelector - updates 0
04:06:39.384 [qtp399373008-57] DEBUG org.eclipse.jetty.io.ManagedSelector - Selector sun.nio.ch.EPollSelectorImpl@3702dbe9 waiting with 1 keys
04:06:39.384 [qtp399373008-56] DEBUG org.eclipse.jetty.io.IdleTimeout - SocketChannelEndPoint@160f6c84{l=/127.0.0.1:35537,r=/127.0.0.1:60848,OPEN,fill=-,flush=-,to=0/30000}{io=0/0,kio=0,kro=0}-><null> idle timeout check, elapsed: 0 ms, remaining: 30000 ms
04:06:39.384 [qtp399373008-56] DEBUG org.eclipse.jetty.util.ssl.SslContextFactory - Customize sun.security.ssl.SSLEngineImpl@726f9e24
04:06:39.384 [qtp399373008-56] DEBUG org.eclipse.jetty.server.HttpChannel - new HttpChannelOverHttp@474db1e2{s=HttpChannelState@afd6e8a{s=IDLE rs=BLOCKING os=OPEN is=IDLE awp=false se=false i=true al=0},r=0,c=false/false,a=IDLE,uri=null,age=0} -> DecryptedEndPoint@677b581d{l=/127.0.0.1:35537,r=/127.0.0.1:60848,OPEN,fill=-,flush=-,to=0/30000},null,HttpChannelState@afd6e8a{s=IDLE rs=BLOCKING os=OPEN is=IDLE awp=false se=false i=true al=0}
04:06:39.384 [qtp399373008-56] DEBUG org.eclipse.jetty.server.HttpConnection - New HTTP Connection HttpConnection@696b7468::DecryptedEndPoint@677b581d{l=/127.0.0.1:35537,r=/127.0.0.1:60848,OPEN,fill=-,flush=-,to=0/30000}
04:06:39.384 [qtp399373008-56] DEBUG org.eclipse.jetty.io.ManagedSelector - Queued change lazy=true org.eclipse.jetty.io.ManagedSelector$$Lambda$258/2107212988@43030a06 on ManagedSelector@47a86fbb{STARTED} id=2 keys=1 selected=0 updates=0
04:06:39.384 [qtp399373008-56] DEBUG org.eclipse.jetty.io.AbstractEndPoint - onOpen SocketChannelEndPoint@160f6c84{l=/127.0.0.1:35537,r=/127.0.0.1:60848,OPEN,fill=-,flush=-,to=0/30000}{io=0/0,kio=0,kro=0}->SslConnection@22ebb5d2{NOT_HANDSHAKING,eio=-1/-1,di=-1,fill=IDLE,flush=IDLE}~>DecryptedEndPoint@677b581d{l=/127.0.0.1:35537,r=/127.0.0.1:60848,OPEN,fill=-,flush=-,to=0/30000}=>HttpConnection@696b7468[p=HttpParser{s=START,0 of -1},g=HttpGenerator@1fedba22{s=START}]=>HttpChannelOverHttp@474db1e2{s=HttpChannelState@afd6e8a{s=IDLE rs=BLOCKING os=OPEN is=IDLE awp=false se=false i=true al=0},r=0,c=false/false,a=IDLE,uri=null,age=0}
04:06:39.384 [qtp399373008-56] DEBUG org.eclipse.jetty.io.AbstractConnection - onOpen SslConnection@22ebb5d2::SocketChannelEndPoint@160f6c84{l=/127.0.0.1:35537,r=/127.0.0.1:60848,OPEN,fill=-,flush=-,to=0/30000}{io=0/0,kio=0,kro=0}->SslConnection@22ebb5d2{NOT_HANDSHAKING,eio=-1/-1,di=-1,fill=IDLE,flush=IDLE}~>DecryptedEndPoint@677b581d{l=/127.0.0.1:35537,r=/127.0.0.1:60848,OPEN,fill=-,flush=-,to=0/30000}=>HttpConnection@696b7468[p=HttpParser{s=START,0 of -1},g=HttpGenerator@1fedba22{s=START}]=>HttpChannelOverHttp@474db1e2{s=HttpChannelState@afd6e8a{s=IDLE rs=BLOCKING os=OPEN is=IDLE awp=false se=false i=true al=0},r=0,c=false/false,a=IDLE,uri=null,age=0}
04:06:39.384 [qtp399373008-56] DEBUG org.eclipse.jetty.io.AbstractConnection - onOpen HttpConnection@696b7468::DecryptedEndPoint@677b581d{l=/127.0.0.1:35537,r=/127.0.0.1:60848,OPEN,fill=-,flush=-,to=0/30000}
04:06:39.384 [qtp399373008-56] DEBUG org.eclipse.jetty.io.AbstractConnection - fillInterested HttpConnection@696b7468::DecryptedEndPoint@677b581d{l=/127.0.0.1:35537,r=/127.0.0.1:60848,OPEN,fill=-,flush=-,to=0/30000}
04:06:39.384 [qtp399373008-56] DEBUG org.eclipse.jetty.io.FillInterest - interested FillInterest@2d975583{AC.ReadCB@696b7468{HttpConnection@696b7468::DecryptedEndPoint@677b581d{l=/127.0.0.1:35537,r=/127.0.0.1:60848,OPEN,fill=FI,flush=-,to=0/30000}}}
04:06:39.384 [qtp399373008-56] DEBUG org.eclipse.jetty.io.ssl.SslConnection - >needFillInterest s=IDLE/IDLE uf=false ei=null di=null SslConnection@22ebb5d2::SocketChannelEndPoint@160f6c84{l=/127.0.0.1:35537,r=/127.0.0.1:60848,OPEN,fill=-,flush=-,to=0/30000}{io=0/0,kio=0,kro=0}->SslConnection@22ebb5d2{NOT_HANDSHAKING,eio=-1/-1,di=-1,fill=IDLE,flush=IDLE}~>DecryptedEndPoint@677b581d{l=/127.0.0.1:35537,r=/127.0.0.1:60848,OPEN,fill=FI,flush=-,to=0/30000}=>HttpConnection@696b7468[p=HttpParser{s=START,0 of -1},g=HttpGenerator@1fedba22{s=START}]=>HttpChannelOverHttp@474db1e2{s=HttpChannelState@afd6e8a{s=IDLE rs=BLOCKING os=OPEN is=IDLE awp=false se=false i=true al=0},r=0,c=false/false,a=IDLE,uri=null,age=0}
04:06:39.385 [qtp399373008-56] DEBUG org.eclipse.jetty.io.ssl.SslConnection - <needFillInterest s=IDLE/INTERESTED f=false i=true w=null
04:06:39.385 [qtp399373008-56] DEBUG org.eclipse.jetty.io.ssl.SslConnection - ensureFillInterested SslConnection@22ebb5d2::SocketChannelEndPoint@160f6c84{l=/127.0.0.1:35537,r=/127.0.0.1:60848,OPEN,fill=-,flush=-,to=0/30000}{io=0/0,kio=0,kro=0}->SslConnection@22ebb5d2{NOT_HANDSHAKING,eio=-1/-1,di=-1,fill=INTERESTED,flush=IDLE}~>DecryptedEndPoint@677b581d{l=/127.0.0.1:35537,r=/127.0.0.1:60848,OPEN,fill=FI,flush=-,to=0/30000}=>HttpConnection@696b7468[p=HttpParser{s=START,0 of -1},g=HttpGenerator@1fedba22{s=START}]=>HttpChannelOverHttp@474db1e2{s=HttpChannelState@afd6e8a{s=IDLE rs=BLOCKING os=OPEN is=IDLE awp=false se=false i=true al=0},r=0,c=false/false,a=IDLE,uri=null,age=0}
04:06:39.385 [qtp399373008-56] DEBUG org.eclipse.jetty.io.FillInterest - interested FillInterest@769f390d{SSLC.NBReadCB@22ebb5d2{SslConnection@22ebb5d2::SocketChannelEndPoint@160f6c84{l=/127.0.0.1:35537,r=/127.0.0.1:60848,OPEN,fill=FI,flush=-,to=0/30000}{io=0/0,kio=0,kro=0}->SslConnection@22ebb5d2{NOT_HANDSHAKING,eio=-1/-1,di=-1,fill=INTERESTED,flush=IDLE}~>DecryptedEndPoint@677b581d{l=/127.0.0.1:35537,r=/127.0.0.1:60848,OPEN,fill=FI,flush=-,to=0/30000}=>HttpConnection@696b7468[p=HttpParser{s=START,0 of -1},g=HttpGenerator@1fedba22{s=START}]=>HttpChannelOverHttp@474db1e2{s=HttpChannelState@afd6e8a{s=IDLE rs=BLOCKING os=OPEN is=IDLE awp=false se=false i=true al=0},r=0,c=false/false,a=IDLE,uri=null,age=0}}}
04:06:39.385 [qtp399373008-56] DEBUG org.eclipse.jetty.io.ChannelEndPoint - changeInterests p=false 0->1 for SocketChannelEndPoint@160f6c84{l=/127.0.0.1:35537,r=/127.0.0.1:60848,OPEN,fill=FI,flush=-,to=0/30000}{io=0/1,kio=0,kro=0}->SslConnection@22ebb5d2{NOT_HANDSHAKING,eio=-1/-1,di=-1,fill=INTERESTED,flush=IDLE}~>DecryptedEndPoint@677b581d{l=/127.0.0.1:35537,r=/127.0.0.1:60848,OPEN,fill=FI,flush=-,to=0/30000}=>HttpConnection@696b7468[p=HttpParser{s=START,0 of -1},g=HttpGenerator@1fedba22{s=START}]=>HttpChannelOverHttp@474db1e2{s=HttpChannelState@afd6e8a{s=IDLE rs=BLOCKING os=OPEN is=IDLE awp=false se=false i=true al=0},r=0,c=false/false,a=IDLE,uri=null,age=0}
04:06:39.385 [qtp399373008-56] DEBUG org.eclipse.jetty.io.ManagedSelector - Queued change lazy=false org.eclipse.jetty.io.ChannelEndPoint$$Lambda$255/2121444922@9a55729 on ManagedSelector@47a86fbb{STARTED} id=2 keys=1 selected=0 updates=1
04:06:39.385 [qtp399373008-56] DEBUG org.eclipse.jetty.io.ManagedSelector - Wakeup on submit ManagedSelector@47a86fbb{STARTED} id=2 keys=1 selected=0 updates=2
04:06:39.385 [qtp399373008-56] DEBUG org.eclipse.jetty.io.ManagedSelector - Created SocketChannelEndPoint@160f6c84{l=/127.0.0.1:35537,r=/127.0.0.1:60848,OPEN,fill=FI,flush=-,to=0/30000}{io=0/1,kio=0,kro=0}->SslConnection@22ebb5d2{NOT_HANDSHAKING,eio=-1/-1,di=-1,fill=INTERESTED,flush=IDLE}~>DecryptedEndPoint@677b581d{l=/127.0.0.1:35537,r=/127.0.0.1:60848,OPEN,fill=FI,flush=-,to=0/30000}=>HttpConnection@696b7468[p=HttpParser{s=START,0 of -1},g=HttpGenerator@1fedba22{s=START}]=>HttpChannelOverHttp@474db1e2{s=HttpChannelState@afd6e8a{s=IDLE rs=BLOCKING os=OPEN is=IDLE awp=false se=false i=true al=0},r=0,c=false/false,a=IDLE,uri=null,age=0}
04:06:39.385 [qtp399373008-56] DEBUG org.eclipse.jetty.util.thread.QueuedThreadPool - ran Accept@2b37a628[java.nio.channels.SocketChannel[connected local=/127.0.0.1:35537 remote=/127.0.0.1:60848]] in QueuedThreadPool[qtp399373008]@17cdf2d0{STARTED,8<=8<=200,i=0,r=-1,q=0}[ReservedThreadExecutor@424fd310{reserved=2/8,pending=0}]
04:06:39.385 [qtp399373008-57] DEBUG org.eclipse.jetty.io.ManagedSelector - Selector sun.nio.ch.EPollSelectorImpl@3702dbe9 woken with none selected
04:06:39.385 [qtp399373008-57] DEBUG org.eclipse.jetty.io.ManagedSelector - Selector sun.nio.ch.EPollSelectorImpl@3702dbe9 woken up from select, 0/0/1 selected
04:06:39.385 [qtp399373008-57] DEBUG org.eclipse.jetty.io.ManagedSelector - Selector sun.nio.ch.EPollSelectorImpl@3702dbe9 processing 0 keys, 2 updates
04:06:39.385 [qtp399373008-57] DEBUG org.eclipse.jetty.io.ManagedSelector - updateable 2
04:06:39.385 [qtp399373008-57] DEBUG org.eclipse.jetty.io.ManagedSelector - update org.eclipse.jetty.io.ManagedSelector$$Lambda$258/2107212988@43030a06
04:06:39.385 [qtp399373008-57] DEBUG org.eclipse.jetty.io.ManagedSelector - update org.eclipse.jetty.io.ChannelEndPoint$$Lambda$255/2121444922@9a55729
04:06:39.385 [qtp399373008-57] DEBUG org.eclipse.jetty.io.ChannelEndPoint - Key interests updated 0 -> 1 on SocketChannelEndPoint@160f6c84{l=/127.0.0.1:35537,r=/127.0.0.1:60848,OPEN,fill=FI,flush=-,to=0/30000}{io=1/1,kio=1,kro=0}->SslConnection@22ebb5d2{NOT_HANDSHAKING,eio=-1/-1,di=-1,fill=INTERESTED,flush=IDLE}~>DecryptedEndPoint@677b581d{l=/127.0.0.1:35537,r=/127.0.0.1:60848,OPEN,fill=FI,flush=-,to=0/30000}=>HttpConnection@696b7468[p=HttpParser{s=START,0 of -1},g=HttpGenerator@1fedba22{s=START}]=>HttpChannelOverHttp@474db1e2{s=HttpChannelState@afd6e8a{s=IDLE rs=BLOCKING os=OPEN is=IDLE awp=false se=false i=true al=0},r=0,c=false/false,a=IDLE,uri=null,age=0}
04:06:39.385 [qtp399373008-57] DEBUG org.eclipse.jetty.io.ManagedSelector - updates 0
04:06:39.385 [qtp399373008-57] DEBUG org.eclipse.jetty.io.ManagedSelector - Selector sun.nio.ch.EPollSelectorImpl@3702dbe9 waiting with 1 keys
04:06:39.386 [qtp399373008-57] DEBUG org.eclipse.jetty.io.ManagedSelector - Selector sun.nio.ch.EPollSelectorImpl@3702dbe9 woken up from select, 1/1/1 selected
04:06:39.386 [qtp399373008-57] DEBUG org.eclipse.jetty.io.ManagedSelector - Selector sun.nio.ch.EPollSelectorImpl@3702dbe9 processing 1 keys, 0 updates
04:06:39.386 [qtp399373008-57] DEBUG org.eclipse.jetty.io.ManagedSelector - selected 1 sun.nio.ch.SelectionKeyImpl@39c53379 SocketChannelEndPoint@160f6c84{l=/127.0.0.1:35537,r=/127.0.0.1:60848,OPEN,fill=FI,flush=-,to=1/30000}{io=1/1,kio=1,kro=1}->SslConnection@22ebb5d2{NOT_HANDSHAKING,eio=-1/-1,di=-1,fill=INTERESTED,flush=IDLE}~>DecryptedEndPoint@677b581d{l=/127.0.0.1:35537,r=/127.0.0.1:60848,OPEN,fill=FI,flush=-,to=1/30000}=>HttpConnection@696b7468[p=HttpParser{s=START,0 of -1},g=HttpGenerator@1fedba22{s=START}]=>HttpChannelOverHttp@474db1e2{s=HttpChannelState@afd6e8a{s=IDLE rs=BLOCKING os=OPEN is=IDLE awp=false se=false i=true al=0},r=0,c=false/false,a=IDLE,uri=null,age=0} 
04:06:39.386 [qtp399373008-57] DEBUG org.eclipse.jetty.io.ChannelEndPoint - onSelected 1->0 r=true w=false for SocketChannelEndPoint@160f6c84{l=/127.0.0.1:35537,r=/127.0.0.1:60848,OPEN,fill=FI,flush=-,to=1/30000}{io=1/0,kio=1,kro=1}->SslConnection@22ebb5d2{NOT_HANDSHAKING,eio=-1/-1,di=-1,fill=INTERESTED,flush=IDLE}~>DecryptedEndPoint@677b581d{l=/127.0.0.1:35537,r=/127.0.0.1:60848,OPEN,fill=FI,flush=-,to=1/30000}=>HttpConnection@696b7468[p=HttpParser{s=START,0 of -1},g=HttpGenerator@1fedba22{s=START}]=>HttpChannelOverHttp@474db1e2{s=HttpChannelState@afd6e8a{s=IDLE rs=BLOCKING os=OPEN is=IDLE awp=false se=false i=true al=0},r=0,c=false/false,a=IDLE,uri=null,age=0}
04:06:39.386 [qtp399373008-57] DEBUG org.eclipse.jetty.io.ChannelEndPoint - task CEP:SocketChannelEndPoint@160f6c84{l=/127.0.0.1:35537,r=/127.0.0.1:60848,OPEN,fill=FI,flush=-,to=1/30000}{io=1/0,kio=1,kro=1}->SslConnection@22ebb5d2{NOT_HANDSHAKING,eio=-1/-1,di=-1,fill=INTERESTED,flush=IDLE}~>DecryptedEndPoint@677b581d{l=/127.0.0.1:35537,r=/127.0.0.1:60848,OPEN,fill=FI,flush=-,to=2/30000}=>HttpConnection@696b7468[p=HttpParser{s=START,0 of -1},g=HttpGenerator@1fedba22{s=START}]=>HttpChannelOverHttp@474db1e2{s=HttpChannelState@afd6e8a{s=IDLE rs=BLOCKING os=OPEN is=IDLE awp=false se=false i=true al=0},r=0,c=false/false,a=IDLE,uri=null,age=0}:runFillable:BLOCKING
04:06:39.387 [qtp399373008-57] DEBUG org.eclipse.jetty.util.thread.ReservedThreadExecutor - ReservedThreadExecutor@424fd310{reserved=2/8,pending=0} tryExecute EatWhatYouKill@1c3146bc/SelectorProducer@56c698e3/PRODUCING/p=false/QueuedThreadPool[qtp399373008]@17cdf2d0{STARTED,8<=8<=200,i=1,r=-1,q=0}[ReservedThreadExecutor@424fd310{reserved=2/8,pending=0}][pc=0,pic=0,pec=0,epc=0]@2024-05-02T04:06:39.387+01:00
04:06:39.387 [qtp399373008-57] DEBUG org.eclipse.jetty.util.thread.strategy.EatWhatYouKill - EatWhatYouKill@1c3146bc/SelectorProducer@56c698e3/IDLE/p=true/QueuedThreadPool[qtp399373008]@17cdf2d0{STARTED,8<=8<=200,i=1,r=-1,q=0}[ReservedThreadExecutor@424fd310{reserved=1/8,pending=0}][pc=0,pic=0,pec=0,epc=0]@2024-05-02T04:06:39.387+01:00 m=EXECUTE_PRODUCE_CONSUME t=CEP:SocketChannelEndPoint@160f6c84{l=/127.0.0.1:35537,r=/127.0.0.1:60848,OPEN,fill=FI,flush=-,to=2/30000}{io=1/0,kio=1,kro=1}->SslConnection@22ebb5d2{NOT_HANDSHAKING,eio=-1/-1,di=-1,fill=INTERESTED,flush=IDLE}~>DecryptedEndPoint@677b581d{l=/127.0.0.1:35537,r=/127.0.0.1:60848,OPEN,fill=FI,flush=-,to=2/30000}=>HttpConnection@696b7468[p=HttpParser{s=START,0 of -1},g=HttpGenerator@1fedba22{s=START}]=>HttpChannelOverHttp@474db1e2{s=HttpChannelState@afd6e8a{s=IDLE rs=BLOCKING os=OPEN is=IDLE awp=false se=false i=true al=0},r=0,c=false/false,a=IDLE,uri=null,age=0}:runFillable:BLOCKING/BLOCKING
04:06:39.387 [qtp399373008-57] DEBUG org.eclipse.jetty.io.FillInterest - fillable FillInterest@769f390d{SSLC.NBReadCB@22ebb5d2{SslConnection@22ebb5d2::SocketChannelEndPoint@160f6c84{l=/127.0.0.1:35537,r=/127.0.0.1:60848,OPEN,fill=FI,flush=-,to=2/30000}{io=1/0,kio=1,kro=1}->SslConnection@22ebb5d2{NOT_HANDSHAKING,eio=-1/-1,di=-1,fill=INTERESTED,flush=IDLE}~>DecryptedEndPoint@677b581d{l=/127.0.0.1:35537,r=/127.0.0.1:60848,OPEN,fill=FI,flush=-,to=2/30000}=>HttpConnection@696b7468[p=HttpParser{s=START,0 of -1},g=HttpGenerator@1fedba22{s=START}]=>HttpChannelOverHttp@474db1e2{s=HttpChannelState@afd6e8a{s=IDLE rs=BLOCKING os=OPEN is=IDLE awp=false se=false i=true al=0},r=0,c=false/false,a=IDLE,uri=null,age=0}}}
04:06:39.387 [qtp399373008-57] DEBUG org.eclipse.jetty.io.ssl.SslConnection - >c.onFillable SslConnection@22ebb5d2::SocketChannelEndPoint@160f6c84{l=/127.0.0.1:35537,r=/127.0.0.1:60848,OPEN,fill=-,flush=-,to=2/30000}{io=1/0,kio=1,kro=1}->SslConnection@22ebb5d2{NOT_HANDSHAKING,eio=-1/-1,di=-1,fill=INTERESTED,flush=IDLE}~>DecryptedEndPoint@677b581d{l=/127.0.0.1:35537,r=/127.0.0.1:60848,OPEN,fill=FI,flush=-,to=2/30000}=>HttpConnection@696b7468[p=HttpParser{s=START,0 of -1},g=HttpGenerator@1fedba22{s=START}]=>HttpChannelOverHttp@474db1e2{s=HttpChannelState@afd6e8a{s=IDLE rs=BLOCKING os=OPEN is=IDLE awp=false se=false i=true al=0},r=0,c=false/false,a=IDLE,uri=null,age=0}
04:06:39.387 [qtp399373008-57] DEBUG org.eclipse.jetty.io.ssl.SslConnection - onFillable SslConnection@22ebb5d2::SocketChannelEndPoint@160f6c84{l=/127.0.0.1:35537,r=/127.0.0.1:60848,OPEN,fill=-,flush=-,to=2/30000}{io=1/0,kio=1,kro=1}->SslConnection@22ebb5d2{NOT_HANDSHAKING,eio=-1/-1,di=-1,fill=INTERESTED,flush=IDLE}~>DecryptedEndPoint@677b581d{l=/127.0.0.1:35537,r=/127.0.0.1:60848,OPEN,fill=FI,flush=-,to=2/30000}=>HttpConnection@696b7468[p=HttpParser{s=START,0 of -1},g=HttpGenerator@1fedba22{s=START}]=>HttpChannelOverHttp@474db1e2{s=HttpChannelState@afd6e8a{s=IDLE rs=BLOCKING os=OPEN is=IDLE awp=false se=false i=true al=0},r=0,c=false/false,a=IDLE,uri=null,age=0}
04:06:39.387 [qtp399373008-57] DEBUG org.eclipse.jetty.io.FillInterest - fillable FillInterest@2d975583{AC.ReadCB@696b7468{HttpConnection@696b7468::DecryptedEndPoint@677b581d{l=/127.0.0.1:35537,r=/127.0.0.1:60848,OPEN,fill=FI,flush=-,to=2/30000}}}
04:06:39.387 [qtp399373008-57] DEBUG org.eclipse.jetty.server.HttpConnection - HttpConnection@696b7468::DecryptedEndPoint@677b581d{l=/127.0.0.1:35537,r=/127.0.0.1:60848,OPEN,fill=-,flush=-,to=2/30000} onFillable enter HttpChannelState@afd6e8a{s=IDLE rs=BLOCKING os=OPEN is=IDLE awp=false se=false i=true al=0} null
04:06:39.387 [qtp399373008-57] DEBUG org.eclipse.jetty.io.ssl.SslConnection - >fill SslConnection@22ebb5d2::SocketChannelEndPoint@160f6c84{l=/127.0.0.1:35537,r=/127.0.0.1:60848,OPEN,fill=-,flush=-,to=2/30000}{io=1/0,kio=1,kro=1}->SslConnection@22ebb5d2{NOT_HANDSHAKING,eio=-1/-1,di=-1,fill=IDLE,flush=IDLE}~>DecryptedEndPoint@677b581d{l=/127.0.0.1:35537,r=/127.0.0.1:60848,OPEN,fill=-,flush=-,to=2/30000}=>HttpConnection@696b7468[p=HttpParser{s=START,0 of -1},g=HttpGenerator@1fedba22{s=START}]=>HttpChannelOverHttp@474db1e2{s=HttpChannelState@afd6e8a{s=IDLE rs=BLOCKING os=OPEN is=IDLE awp=false se=false i=true al=0},r=0,c=false/false,a=IDLE,uri=null,age=0}
04:06:39.387 [qtp399373008-57] DEBUG org.eclipse.jetty.io.ssl.SslConnection - fill NOT_HANDSHAKING
04:06:39.388 [qtp399373008-57] DEBUG org.eclipse.jetty.io.ChannelEndPoint - filled 339 HeapByteBuffer@3303dde5[p=0,l=339,c=17408,r=339]={<<<\x16\x03\x03\x01N\x01\x00\x01J\x03\x03$w\xBe6\xA7\x9e\xD3\xF08\xB9W\x08v\xC9...\xF8\xE1\x14\x85\x85\xFc\x87=[\xE9\xB2\xE9\xE0*\x8d-\xC0B\xFf\x01\x00\x01\x00>>>\xF9\xFb}{\xC0\xFag\xC6G...\x00\x00\x00\x00\x00\x00\x00}
04:06:39.388 [qtp399373008-57] DEBUG org.eclipse.jetty.io.ssl.SslConnection - net filled=339
04:06:39.388 [qtp399373008-57] DEBUG org.eclipse.jetty.io.ssl.SslConnection - fill starting handshake SslConnection@22ebb5d2::SocketChannelEndPoint@160f6c84{l=/127.0.0.1:35537,r=/127.0.0.1:60848,OPEN,fill=-,flush=-,to=0/30000}{io=1/0,kio=1,kro=1}->SslConnection@22ebb5d2{NOT_HANDSHAKING,eio=339/-1,di=-1,fill=IDLE,flush=IDLE}~>DecryptedEndPoint@677b581d{l=/127.0.0.1:35537,r=/127.0.0.1:60848,OPEN,fill=-,flush=-,to=3/30000}=>HttpConnection@696b7468[p=HttpParser{s=START,0 of -1},g=HttpGenerator@1fedba22{s=START}]=>HttpChannelOverHttp@474db1e2{s=HttpChannelState@afd6e8a{s=IDLE rs=BLOCKING os=OPEN is=IDLE awp=false se=false i=true al=0},r=0,c=false/false,a=IDLE,uri=null,age=0}
04:06:39.388 [qtp399373008-57] DEBUG org.eclipse.jetty.io.ssl.SslConnection - unwrap net_filled=339 Status = OK HandshakeStatus = NEED_TASK bytesConsumed = 339 bytesProduced = 0 encryptedBuffer=[p=339,l=339,c=17408,r=0] unwrapBuffer=HeapByteBuffer@3dc4242d[p=0,l=0,c=17408,r=0]={<<<>>>\x17\x03\x03\x00\xC9\nG#\xA5...\x00\x00\x00\x00\x00\x00\x00} appBuffer=HeapByteBuffer@3dc4242d[p=0,l=0,c=17408,r=0]={<<<>>>\x17\x03\x03\x00\xC9\nG#\xA5...\x00\x00\x00\x00\x00\x00\x00}
04:06:39.388 [qtp399373008-57] DEBUG org.eclipse.jetty.io.ssl.SslConnection - fill NEED_TASK
04:06:39.388 [qtp399373008-61] DEBUG org.eclipse.jetty.util.thread.ReservedThreadExecutor - ReservedThread@27624ead{RESERVED,thread=Thread[qtp399373008-61,5,main]} task=EatWhatYouKill@1c3146bc/SelectorProducer@56c698e3/IDLE/p=true/QueuedThreadPool[qtp399373008]@17cdf2d0{STARTED,8<=8<=200,i=1,r=-1,q=0}[ReservedThreadExecutor@424fd310{reserved=1/8,pending=0}][pc=0,pic=0,pec=0,epc=1]@2024-05-02T04:06:39.388+01:00 ReservedThreadExecutor@424fd310{reserved=1/8,pending=0}
04:06:39.388 [qtp399373008-61] DEBUG org.eclipse.jetty.util.thread.strategy.EatWhatYouKill - EatWhatYouKill@1c3146bc/SelectorProducer@56c698e3/IDLE/p=true/QueuedThreadPool[qtp399373008]@17cdf2d0{STARTED,8<=8<=200,i=1,r=-1,q=0}[ReservedThreadExecutor@424fd310{reserved=1/8,pending=0}][pc=0,pic=0,pec=0,epc=1]@2024-05-02T04:06:39.388+01:00 tryProduce true
04:06:39.388 [qtp399373008-61] DEBUG org.eclipse.jetty.io.ManagedSelector - updateable 0
04:06:39.388 [qtp399373008-61] DEBUG org.eclipse.jetty.io.ManagedSelector - updates 0
04:06:39.397 [qtp399373008-57] DEBUG org.eclipse.jetty.io.ssl.SslConnection - fill NEED_WRAP
04:06:39.397 [qtp399373008-61] DEBUG org.eclipse.jetty.io.ChannelEndPoint - Key interests updated 1 -> 0 on SocketChannelEndPoint@160f6c84{l=/127.0.0.1:35537,r=/127.0.0.1:60848,OPEN,fill=-,flush=-,to=1/30000}{io=0/0,kio=0,kro=1}->SslConnection@22ebb5d2{NEED_WRAP,eio=0/-1,di=-1,fill=IDLE,flush=IDLE}~>DecryptedEndPoint@677b581d{l=/127.0.0.1:35537,r=/127.0.0.1:60848,OPEN,fill=-,flush=-,to=12/30000}=>HttpConnection@696b7468[p=HttpParser{s=START,0 of -1},g=HttpGenerator@1fedba22{s=START}]=>HttpChannelOverHttp@474db1e2{s=HttpChannelState@afd6e8a{s=IDLE rs=BLOCKING os=OPEN is=IDLE awp=false se=false i=true al=0},r=0,c=false/false,a=IDLE,uri=null,age=0}
04:06:39.397 [qtp399373008-61] DEBUG org.eclipse.jetty.io.ManagedSelector - Selector sun.nio.ch.EPollSelectorImpl@3702dbe9 waiting with 1 keys
04:06:39.398 [qtp399373008-57] DEBUG org.eclipse.jetty.io.ssl.SslConnection - >flush SslConnection@22ebb5d2::SocketChannelEndPoint@160f6c84{l=/127.0.0.1:35537,r=/127.0.0.1:60848,OPEN,fill=-,flush=-,to=9/30000}{io=0/0,kio=0,kro=1}->SslConnection@22ebb5d2{NEED_WRAP,eio=0/-1,di=-1,fill=IDLE,flush=IDLE}~>DecryptedEndPoint@677b581d{l=/127.0.0.1:35537,r=/127.0.0.1:60848,OPEN,fill=-,flush=-,to=13/30000}=>HttpConnection@696b7468[p=HttpParser{s=START,0 of -1},g=HttpGenerator@1fedba22{s=START}]=>HttpChannelOverHttp@474db1e2{s=HttpChannelState@afd6e8a{s=IDLE rs=BLOCKING os=OPEN is=IDLE awp=false se=false i=true al=0},r=0,c=false/false,a=IDLE,uri=null,age=0}
04:06:39.398 [qtp399373008-57] DEBUG org.eclipse.jetty.io.ssl.SslConnection - flush b[0]=HeapByteBuffer@38928dbe[p=0,l=0,c=0,r=0]={<<<>>>}
04:06:39.398 [qtp399373008-57] DEBUG org.eclipse.jetty.io.ssl.SslConnection - flush NEED_WRAP
04:06:39.398 [qtp399373008-57] DEBUG org.eclipse.jetty.io.ssl.SslConnection - wrap Status = OK HandshakeStatus = NEED_WRAP bytesConsumed = 0 bytesProduced = 160 [p=0,l=160,c=17408,r=160] ioDone=false/false
04:06:39.398 [qtp399373008-57] DEBUG org.eclipse.jetty.io.ChannelEndPoint - flushed 160 SocketChannelEndPoint@160f6c84{l=/127.0.0.1:35537,r=/127.0.0.1:60848,OPEN,fill=-,flush=-,to=10/30000}{io=0/0,kio=0,kro=1}->SslConnection@22ebb5d2{NEED_WRAP,eio=0/0,di=-1,fill=IDLE,flush=IDLE}~>DecryptedEndPoint@677b581d{l=/127.0.0.1:35537,r=/127.0.0.1:60848,OPEN,fill=-,flush=-,to=13/30000}=>HttpConnection@696b7468[p=HttpParser{s=START,0 of -1},g=HttpGenerator@1fedba22{s=START}]=>HttpChannelOverHttp@474db1e2{s=HttpChannelState@afd6e8a{s=IDLE rs=BLOCKING os=OPEN is=IDLE awp=false se=false i=true al=0},r=0,c=false/false,a=IDLE,uri=null,age=0}
04:06:39.398 [qtp399373008-57] DEBUG org.eclipse.jetty.io.ssl.SslConnection - net flushed=true, ac=true
04:06:39.398 [qtp399373008-57] DEBUG org.eclipse.jetty.io.ssl.SslConnection - flush NEED_WRAP
04:06:39.398 [qtp399373008-57] DEBUG org.eclipse.jetty.io.ssl.SslConnection - wrap Status = OK HandshakeStatus = NEED_WRAP bytesConsumed = 0 bytesProduced = 6 [p=0,l=6,c=17408,r=6] ioDone=false/false
04:06:39.399 [qtp399373008-57] DEBUG org.eclipse.jetty.io.ChannelEndPoint - flushed 6 SocketChannelEndPoint@160f6c84{l=/127.0.0.1:35537,r=/127.0.0.1:60848,OPEN,fill=-,flush=-,to=0/30000}{io=0/0,kio=0,kro=1}->SslConnection@22ebb5d2{NEED_WRAP,eio=0/0,di=-1,fill=IDLE,flush=IDLE}~>DecryptedEndPoint@677b581d{l=/127.0.0.1:35537,r=/127.0.0.1:60848,OPEN,fill=-,flush=-,to=14/30000}=>HttpConnection@696b7468[p=HttpParser{s=START,0 of -1},g=HttpGenerator@1fedba22{s=START}]=>HttpChannelOverHttp@474db1e2{s=HttpChannelState@afd6e8a{s=IDLE rs=BLOCKING os=OPEN is=IDLE awp=false se=false i=true al=0},r=0,c=false/false,a=IDLE,uri=null,age=0}
04:06:39.399 [qtp399373008-57] DEBUG org.eclipse.jetty.io.ssl.SslConnection - net flushed=true, ac=true
04:06:39.399 [qtp399373008-57] DEBUG org.eclipse.jetty.io.ssl.SslConnection - flush NEED_WRAP
04:06:39.399 [qtp399373008-57] DEBUG org.eclipse.jetty.io.ssl.SslConnection - wrap Status = OK HandshakeStatus = NEED_UNWRAP bytesConsumed = 0 bytesProduced = 1597 [p=0,l=1597,c=17408,r=1597] ioDone=false/false
04:06:39.400 [qtp399373008-57] DEBUG org.eclipse.jetty.io.ChannelEndPoint - flushed 1597 SocketChannelEndPoint@160f6c84{l=/127.0.0.1:35537,r=/127.0.0.1:60848,OPEN,fill=-,flush=-,to=0/30000}{io=0/0,kio=0,kro=1}->SslConnection@22ebb5d2{NEED_UNWRAP,eio=0/0,di=-1,fill=IDLE,flush=IDLE}~>DecryptedEndPoint@677b581d{l=/127.0.0.1:35537,r=/127.0.0.1:60848,OPEN,fill=-,flush=-,to=15/30000}=>HttpConnection@696b7468[p=HttpParser{s=START,0 of -1},g=HttpGenerator@1fedba22{s=START}]=>HttpChannelOverHttp@474db1e2{s=HttpChannelState@afd6e8a{s=IDLE rs=BLOCKING os=OPEN is=IDLE awp=false se=false i=true al=0},r=0,c=false/false,a=IDLE,uri=null,age=0}
04:06:39.400 [qtp399373008-57] DEBUG org.eclipse.jetty.io.ssl.SslConnection - net flushed=true, ac=true
04:06:39.400 [qtp399373008-57] DEBUG org.eclipse.jetty.io.ssl.SslConnection - <flush true SslConnection@22ebb5d2::SocketChannelEndPoint@160f6c84{l=/127.0.0.1:35537,r=/127.0.0.1:60848,OPEN,fill=-,flush=-,to=0/30000}{io=0/0,kio=0,kro=1}->SslConnection@22ebb5d2{NEED_UNWRAP,eio=0/-1,di=-1,fill=IDLE,flush=IDLE}~>DecryptedEndPoint@677b581d{l=/127.0.0.1:35537,r=/127.0.0.1:60848,OPEN,fill=-,flush=-,to=15/30000}=>HttpConnection@696b7468[p=HttpParser{s=START,0 of -1},g=HttpGenerator@1fedba22{s=START}]=>HttpChannelOverHttp@474db1e2{s=HttpChannelState@afd6e8a{s=IDLE rs=BLOCKING os=OPEN is=IDLE awp=false se=false i=true al=0},r=0,c=false/false,a=IDLE,uri=null,age=0}
04:06:39.400 [qtp399373008-57] DEBUG org.eclipse.jetty.io.ssl.SslConnection - fill NEED_UNWRAP
04:06:39.400 [qtp399373008-57] DEBUG org.eclipse.jetty.io.ChannelEndPoint - filled 0 HeapByteBuffer@3303dde5[p=0,l=0,c=17408,r=0]={<<<>>>\x16\x03\x03\x01N\x01\x00\x01J...\x00\x00\x00\x00\x00\x00\x00}
04:06:39.400 [qtp399373008-57] DEBUG org.eclipse.jetty.io.ssl.SslConnection - net filled=0
04:06:39.400 [qtp399373008-57] DEBUG org.eclipse.jetty.io.ssl.SslConnection - unwrap net_filled=0 Status = BUFFER_UNDERFLOW HandshakeStatus = NEED_UNWRAP bytesConsumed = 0 bytesProduced = 0 encryptedBuffer=[p=0,l=0,c=17408,r=0] unwrapBuffer=HeapByteBuffer@3dc4242d[p=0,l=0,c=17408,r=0]={<<<>>>\x17\x03\x03\x00\xC9\nG#\xA5...\x00\x00\x00\x00\x00\x00\x00} appBuffer=HeapByteBuffer@3dc4242d[p=0,l=0,c=17408,r=0]={<<<>>>\x17\x03\x03\x00\xC9\nG#\xA5...\x00\x00\x00\x00\x00\x00\x00}
04:06:39.400 [qtp399373008-57] DEBUG org.eclipse.jetty.io.ssl.SslConnection - <fill f=0 uf=true SslConnection@22ebb5d2::SocketChannelEndPoint@160f6c84{l=/127.0.0.1:35537,r=/127.0.0.1:60848,OPEN,fill=-,flush=-,to=0/30000}{io=0/0,kio=0,kro=1}->SslConnection@22ebb5d2{NEED_UNWRAP,eio=-1/-1,di=-1,fill=IDLE,flush=IDLE}~>DecryptedEndPoint@677b581d{l=/127.0.0.1:35537,r=/127.0.0.1:60848,OPEN,fill=-,flush=-,to=15/30000}=>HttpConnection@696b7468[p=HttpParser{s=START,0 of -1},g=HttpGenerator@1fedba22{s=START}]=>HttpChannelOverHttp@474db1e2{s=HttpChannelState@afd6e8a{s=IDLE rs=BLOCKING os=OPEN is=IDLE awp=false se=false i=true al=0},r=0,c=false/false,a=IDLE,uri=null,age=0}
04:06:39.400 [qtp399373008-57] DEBUG org.eclipse.jetty.io.ssl.SslConnection - >fill SslConnection@22ebb5d2::SocketChannelEndPoint@160f6c84{l=/127.0.0.1:35537,r=/127.0.0.1:60848,OPEN,fill=-,flush=-,to=0/30000}{io=0/0,kio=0,kro=1}->SslConnection@22ebb5d2{NEED_UNWRAP,eio=-1/-1,di=-1,fill=IDLE,flush=IDLE}~>DecryptedEndPoint@677b581d{l=/127.0.0.1:35537,r=/127.0.0.1:60848,OPEN,fill=-,flush=-,to=15/30000}=>HttpConnection@696b7468[p=HttpParser{s=START,0 of -1},g=HttpGenerator@1fedba22{s=START}]=>HttpChannelOverHttp@474db1e2{s=HttpChannelState@afd6e8a{s=IDLE rs=BLOCKING os=OPEN is=IDLE awp=false se=false i=true al=0},r=0,c=false/false,a=IDLE,uri=null,age=0}
04:06:39.400 [qtp399373008-57] DEBUG org.eclipse.jetty.io.ssl.SslConnection - fill NEED_UNWRAP
04:06:39.400 [qtp399373008-57] DEBUG org.eclipse.jetty.io.ChannelEndPoint - filled 0 HeapByteBuffer@373c4f5d[p=0,l=0,c=17408,r=0]={<<<>>>\x17\x03\x03\x0685p\x86\xCe...\x00\x00\x00\x00\x00\x00\x00}
04:06:39.400 [qtp399373008-57] DEBUG org.eclipse.jetty.io.ssl.SslConnection - net filled=0
04:06:39.400 [qtp399373008-57] DEBUG org.eclipse.jetty.io.ssl.SslConnection - unwrap net_filled=0 Status = BUFFER_UNDERFLOW HandshakeStatus = NEED_UNWRAP bytesConsumed = 0 bytesProduced = 0 encryptedBuffer=[p=0,l=0,c=17408,r=0] unwrapBuffer=HeapByteBuffer@3dc4242d[p=0,l=0,c=17408,r=0]={<<<>>>\x17\x03\x03\x00\xC9\nG#\xA5...\x00\x00\x00\x00\x00\x00\x00} appBuffer=HeapByteBuffer@3dc4242d[p=0,l=0,c=17408,r=0]={<<<>>>\x17\x03\x03\x00\xC9\nG#\xA5...\x00\x00\x00\x00\x00\x00\x00}
04:06:39.400 [qtp399373008-57] DEBUG org.eclipse.jetty.io.ssl.SslConnection - <fill f=0 uf=true SslConnection@22ebb5d2::SocketChannelEndPoint@160f6c84{l=/127.0.0.1:35537,r=/127.0.0.1:60848,OPEN,fill=-,flush=-,to=0/30000}{io=0/0,kio=0,kro=1}->SslConnection@22ebb5d2{NEED_UNWRAP,eio=-1/-1,di=-1,fill=IDLE,flush=IDLE}~>DecryptedEndPoint@677b581d{l=/127.0.0.1:35537,r=/127.0.0.1:60848,OPEN,fill=-,flush=-,to=15/30000}=>HttpConnection@696b7468[p=HttpParser{s=START,0 of -1},g=HttpGenerator@1fedba22{s=START}]=>HttpChannelOverHttp@474db1e2{s=HttpChannelState@afd6e8a{s=IDLE rs=BLOCKING os=OPEN is=IDLE awp=false se=false i=true al=0},r=0,c=false/false,a=IDLE,uri=null,age=0}
04:06:39.400 [qtp399373008-57] DEBUG org.eclipse.jetty.server.HttpConnection - HttpConnection@696b7468::DecryptedEndPoint@677b581d{l=/127.0.0.1:35537,r=/127.0.0.1:60848,OPEN,fill=-,flush=-,to=16/30000} filled 0 HeapByteBuffer@3dc4242d[p=0,l=0,c=17408,r=0]={<<<>>>\x17\x03\x03\x00\xC9\nG#\xA5...\x00\x00\x00\x00\x00\x00\x00}
04:06:39.400 [qtp399373008-57] DEBUG org.eclipse.jetty.server.HttpConnection - HttpConnection@696b7468::DecryptedEndPoint@677b581d{l=/127.0.0.1:35537,r=/127.0.0.1:60848,OPEN,fill=-,flush=-,to=16/30000} parse HeapByteBuffer@3dc4242d[p=0,l=0,c=17408,r=0]={<<<>>>\x17\x03\x03\x00\xC9\nG#\xA5...\x00\x00\x00\x00\x00\x00\x00} {}
04:06:39.400 [qtp399373008-57] DEBUG org.eclipse.jetty.http.HttpParser - parseNext s=START HeapByteBuffer@3dc4242d[p=0,l=0,c=17408,r=0]={<<<>>>\x17\x03\x03\x00\xC9\nG#\xA5...\x00\x00\x00\x00\x00\x00\x00}
04:06:39.401 [qtp399373008-57] DEBUG org.eclipse.jetty.server.HttpConnection - HttpConnection@696b7468::DecryptedEndPoint@677b581d{l=/127.0.0.1:35537,r=/127.0.0.1:60848,OPEN,fill=-,flush=-,to=16/30000} parsed false HttpParser{s=START,0 of -1}
04:06:39.401 [qtp399373008-57] DEBUG org.eclipse.jetty.server.HttpConnection - releaseRequestBuffer HttpConnection@696b7468::DecryptedEndPoint@677b581d{l=/127.0.0.1:35537,r=/127.0.0.1:60848,OPEN,fill=-,flush=-,to=16/30000}
04:06:39.401 [qtp399373008-57] DEBUG org.eclipse.jetty.io.AbstractConnection - fillInterested HttpConnection@696b7468::DecryptedEndPoint@677b581d{l=/127.0.0.1:35537,r=/127.0.0.1:60848,OPEN,fill=-,flush=-,to=16/30000}
04:06:39.401 [qtp399373008-57] DEBUG org.eclipse.jetty.io.FillInterest - interested FillInterest@2d975583{AC.ReadCB@696b7468{HttpConnection@696b7468::DecryptedEndPoint@677b581d{l=/127.0.0.1:35537,r=/127.0.0.1:60848,OPEN,fill=FI,flush=-,to=0/30000}}}
04:06:39.401 [qtp399373008-57] DEBUG org.eclipse.jetty.io.ssl.SslConnection - >needFillInterest s=IDLE/IDLE uf=true ei=null di=null SslConnection@22ebb5d2::SocketChannelEndPoint@160f6c84{l=/127.0.0.1:35537,r=/127.0.0.1:60848,OPEN,fill=-,flush=-,to=1/30000}{io=0/0,kio=0,kro=1}->SslConnection@22ebb5d2{NEED_UNWRAP,eio=-1/-1,di=-1,fill=IDLE,flush=IDLE}~>DecryptedEndPoint@677b581d{l=/127.0.0.1:35537,r=/127.0.0.1:60848,OPEN,fill=FI,flush=-,to=0/30000}=>HttpConnection@696b7468[p=HttpParser{s=START,0 of -1},g=HttpGenerator@1fedba22{s=START}]=>HttpChannelOverHttp@474db1e2{s=HttpChannelState@afd6e8a{s=IDLE rs=BLOCKING os=OPEN is=IDLE awp=false se=false i=true al=0},r=0,c=false/false,a=IDLE,uri=null,age=0}
04:06:39.401 [qtp399373008-57] DEBUG org.eclipse.jetty.io.ssl.SslConnection - <needFillInterest s=IDLE/INTERESTED f=false i=true w=null
04:06:39.401 [qtp399373008-57] DEBUG org.eclipse.jetty.io.ssl.SslConnection - ensureFillInterested SslConnection@22ebb5d2::SocketChannelEndPoint@160f6c84{l=/127.0.0.1:35537,r=/127.0.0.1:60848,OPEN,fill=-,flush=-,to=1/30000}{io=0/0,kio=0,kro=1}->SslConnection@22ebb5d2{NEED_UNWRAP,eio=-1/-1,di=-1,fill=INTERESTED,flush=IDLE}~>DecryptedEndPoint@677b581d{l=/127.0.0.1:35537,r=/127.0.0.1:60848,OPEN,fill=FI,flush=-,to=0/30000}=>HttpConnection@696b7468[p=HttpParser{s=START,0 of -1},g=HttpGenerator@1fedba22{s=START}]=>HttpChannelOverHttp@474db1e2{s=HttpChannelState@afd6e8a{s=IDLE rs=BLOCKING os=OPEN is=IDLE awp=false se=false i=true al=0},r=0,c=false/false,a=IDLE,uri=null,age=0}
04:06:39.401 [qtp399373008-57] DEBUG org.eclipse.jetty.io.FillInterest - interested FillInterest@769f390d{SSLC.NBReadCB@22ebb5d2{SslConnection@22ebb5d2::SocketChannelEndPoint@160f6c84{l=/127.0.0.1:35537,r=/127.0.0.1:60848,OPEN,fill=FI,flush=-,to=0/30000}{io=0/0,kio=0,kro=1}->SslConnection@22ebb5d2{NEED_UNWRAP,eio=-1/-1,di=-1,fill=INTERESTED,flush=IDLE}~>DecryptedEndPoint@677b581d{l=/127.0.0.1:35537,r=/127.0.0.1:60848,OPEN,fill=FI,flush=-,to=0/30000}=>HttpConnection@696b7468[p=HttpParser{s=START,0 of -1},g=HttpGenerator@1fedba22{s=START}]=>HttpChannelOverHttp@474db1e2{s=HttpChannelState@afd6e8a{s=IDLE rs=BLOCKING os=OPEN is=IDLE awp=false se=false i=true al=0},r=0,c=false/false,a=IDLE,uri=null,age=0}}}
04:06:39.401 [qtp399373008-57] DEBUG org.eclipse.jetty.io.ChannelEndPoint - changeInterests p=false 0->1 for SocketChannelEndPoint@160f6c84{l=/127.0.0.1:35537,r=/127.0.0.1:60848,OPEN,fill=FI,flush=-,to=0/30000}{io=0/1,kio=0,kro=1}->SslConnection@22ebb5d2{NEED_UNWRAP,eio=-1/-1,di=-1,fill=INTERESTED,flush=IDLE}~>DecryptedEndPoint@677b581d{l=/127.0.0.1:35537,r=/127.0.0.1:60848,OPEN,fill=FI,flush=-,to=0/30000}=>HttpConnection@696b7468[p=HttpParser{s=START,0 of -1},g=HttpGenerator@1fedba22{s=START}]=>HttpChannelOverHttp@474db1e2{s=HttpChannelState@afd6e8a{s=IDLE rs=BLOCKING os=OPEN is=IDLE awp=false se=false i=true al=0},r=0,c=false/false,a=IDLE,uri=null,age=0}
04:06:39.401 [qtp399373008-57] DEBUG org.eclipse.jetty.io.ManagedSelector - Queued change lazy=false org.eclipse.jetty.io.ChannelEndPoint$$Lambda$255/2121444922@9a55729 on ManagedSelector@47a86fbb{STARTED} id=2 keys=1 selected=0 updates=0
04:06:39.401 [qtp399373008-57] DEBUG org.eclipse.jetty.io.ManagedSelector - Wakeup on submit ManagedSelector@47a86fbb{STARTED} id=2 keys=1 selected=0 updates=1
04:06:39.401 [qtp399373008-61] DEBUG org.eclipse.jetty.io.ManagedSelector - Selector sun.nio.ch.EPollSelectorImpl@3702dbe9 woken with none selected
04:06:39.401 [qtp399373008-57] DEBUG org.eclipse.jetty.server.HttpConnection - HttpConnection@696b7468::DecryptedEndPoint@677b581d{l=/127.0.0.1:35537,r=/127.0.0.1:60848,OPEN,fill=FI,flush=-,to=0/30000} onFillable exit HttpChannelState@afd6e8a{s=IDLE rs=BLOCKING os=OPEN is=IDLE awp=false se=false i=true al=0} null
04:06:39.401 [qtp399373008-61] DEBUG org.eclipse.jetty.io.ManagedSelector - Selector sun.nio.ch.EPollSelectorImpl@3702dbe9 woken up from select, 0/0/1 selected
04:06:39.401 [qtp399373008-61] DEBUG org.eclipse.jetty.io.ManagedSelector - Selector sun.nio.ch.EPollSelectorImpl@3702dbe9 processing 0 keys, 1 updates
04:06:39.401 [qtp399373008-61] DEBUG org.eclipse.jetty.io.ManagedSelector - updateable 1
04:06:39.401 [qtp399373008-61] DEBUG org.eclipse.jetty.io.ManagedSelector - update org.eclipse.jetty.io.ChannelEndPoint$$Lambda$255/2121444922@9a55729
04:06:39.401 [qtp399373008-57] DEBUG org.eclipse.jetty.io.ssl.SslConnection - <c.onFillable SslConnection@22ebb5d2::SocketChannelEndPoint@160f6c84{l=/127.0.0.1:35537,r=/127.0.0.1:60848,OPEN,fill=FI,flush=-,to=0/30000}{io=0/1,kio=0,kro=1}->SslConnection@22ebb5d2{NEED_UNWRAP,eio=-1/-1,di=-1,fill=INTERESTED,flush=IDLE}~>DecryptedEndPoint@677b581d{l=/127.0.0.1:35537,r=/127.0.0.1:60848,OPEN,fill=FI,flush=-,to=0/30000}=>HttpConnection@696b7468[p=HttpParser{s=START,0 of -1},g=HttpGenerator@1fedba22{s=START}]=>HttpChannelOverHttp@474db1e2{s=HttpChannelState@afd6e8a{s=IDLE rs=BLOCKING os=OPEN is=IDLE awp=false se=false i=true al=0},r=0,c=false/false,a=IDLE,uri=null,age=0}
04:06:39.402 [qtp399373008-57] DEBUG org.eclipse.jetty.util.thread.QueuedThreadPool - ran org.eclipse.jetty.io.ManagedSelector$$Lambda$253/838473569@7ce97ee5 in QueuedThreadPool[qtp399373008]@17cdf2d0{STARTED,8<=8<=200,i=1,r=-1,q=0}[ReservedThreadExecutor@424fd310{reserved=1/8,pending=0}]
04:06:39.402 [qtp399373008-61] DEBUG org.eclipse.jetty.io.ChannelEndPoint - Key interests updated 0 -> 1 on SocketChannelEndPoint@160f6c84{l=/127.0.0.1:35537,r=/127.0.0.1:60848,OPEN,fill=FI,flush=-,to=0/30000}{io=1/1,kio=1,kro=1}->SslConnection@22ebb5d2{NEED_UNWRAP,eio=-1/-1,di=-1,fill=INTERESTED,flush=IDLE}~>DecryptedEndPoint@677b581d{l=/127.0.0.1:35537,r=/127.0.0.1:60848,OPEN,fill=FI,flush=-,to=0/30000}=>HttpConnection@696b7468[p=HttpParser{s=START,0 of -1},g=HttpGenerator@1fedba22{s=START}]=>HttpChannelOverHttp@474db1e2{s=HttpChannelState@afd6e8a{s=IDLE rs=BLOCKING os=OPEN is=IDLE awp=false se=false i=true al=0},r=0,c=false/false,a=IDLE,uri=null,age=0}
04:06:39.402 [qtp399373008-61] DEBUG org.eclipse.jetty.io.ManagedSelector - updates 0
04:06:39.402 [qtp399373008-61] DEBUG org.eclipse.jetty.io.ManagedSelector - Selector sun.nio.ch.EPollSelectorImpl@3702dbe9 waiting with 1 keys
04:06:39.403 [qtp399373008-61] DEBUG org.eclipse.jetty.io.ManagedSelector - Selector sun.nio.ch.EPollSelectorImpl@3702dbe9 woken up from select, 1/1/1 selected
04:06:39.403 [qtp399373008-61] DEBUG org.eclipse.jetty.io.ManagedSelector - Selector sun.nio.ch.EPollSelectorImpl@3702dbe9 processing 1 keys, 0 updates
04:06:39.403 [qtp399373008-61] DEBUG org.eclipse.jetty.io.ManagedSelector - selected 1 sun.nio.ch.SelectionKeyImpl@39c53379 SocketChannelEndPoint@160f6c84{l=/127.0.0.1:35537,r=/127.0.0.1:60848,OPEN,fill=FI,flush=-,to=1/30000}{io=1/1,kio=1,kro=1}->SslConnection@22ebb5d2{NEED_UNWRAP,eio=-1/-1,di=-1,fill=INTERESTED,flush=IDLE}~>DecryptedEndPoint@677b581d{l=/127.0.0.1:35537,r=/127.0.0.1:60848,OPEN,fill=FI,flush=-,to=2/30000}=>HttpConnection@696b7468[p=HttpParser{s=START,0 of -1},g=HttpGenerator@1fedba22{s=START}]=>HttpChannelOverHttp@474db1e2{s=HttpChannelState@afd6e8a{s=IDLE rs=BLOCKING os=OPEN is=IDLE awp=false se=false i=true al=0},r=0,c=false/false,a=IDLE,uri=null,age=0} 
04:06:39.403 [qtp399373008-61] DEBUG org.eclipse.jetty.io.ChannelEndPoint - onSelected 1->0 r=true w=false for SocketChannelEndPoint@160f6c84{l=/127.0.0.1:35537,r=/127.0.0.1:60848,OPEN,fill=FI,flush=-,to=1/30000}{io=1/0,kio=1,kro=1}->SslConnection@22ebb5d2{NEED_UNWRAP,eio=-1/-1,di=-1,fill=INTERESTED,flush=IDLE}~>DecryptedEndPoint@677b581d{l=/127.0.0.1:35537,r=/127.0.0.1:60848,OPEN,fill=FI,flush=-,to=2/30000}=>HttpConnection@696b7468[p=HttpParser{s=START,0 of -1},g=HttpGenerator@1fedba22{s=START}]=>HttpChannelOverHttp@474db1e2{s=HttpChannelState@afd6e8a{s=IDLE rs=BLOCKING os=OPEN is=IDLE awp=false se=false i=true al=0},r=0,c=false/false,a=IDLE,uri=null,age=0}
04:06:39.403 [qtp399373008-61] DEBUG org.eclipse.jetty.io.ChannelEndPoint - task CEP:SocketChannelEndPoint@160f6c84{l=/127.0.0.1:35537,r=/127.0.0.1:60848,OPEN,fill=FI,flush=-,to=2/30000}{io=1/0,kio=1,kro=1}->SslConnection@22ebb5d2{NEED_UNWRAP,eio=-1/-1,di=-1,fill=INTERESTED,flush=IDLE}~>DecryptedEndPoint@677b581d{l=/127.0.0.1:35537,r=/127.0.0.1:60848,OPEN,fill=FI,flush=-,to=2/30000}=>HttpConnection@696b7468[p=HttpParser{s=START,0 of -1},g=HttpGenerator@1fedba22{s=START}]=>HttpChannelOverHttp@474db1e2{s=HttpChannelState@afd6e8a{s=IDLE rs=BLOCKING os=OPEN is=IDLE awp=false se=false i=true al=0},r=0,c=false/false,a=IDLE,uri=null,age=0}:runFillable:BLOCKING
04:06:39.403 [qtp399373008-61] DEBUG org.eclipse.jetty.util.thread.ReservedThreadExecutor - ReservedThreadExecutor@424fd310{reserved=1/8,pending=0} tryExecute EatWhatYouKill@1c3146bc/SelectorProducer@56c698e3/PRODUCING/p=false/QueuedThreadPool[qtp399373008]@17cdf2d0{STARTED,8<=8<=200,i=2,r=-1,q=0}[ReservedThreadExecutor@424fd310{reserved=1/8,pending=0}][pc=0,pic=0,pec=0,epc=1]@2024-05-02T04:06:39.403+01:00
04:06:39.403 [qtp399373008-61] DEBUG org.eclipse.jetty.util.thread.ReservedThreadExecutor - ReservedThreadExecutor@424fd310{reserved=0/8,pending=1} startReservedThread p=1
04:06:39.403 [qtp399373008-61] DEBUG org.eclipse.jetty.util.thread.QueuedThreadPool - queue ReservedThread@169835cd{PENDING,thread=null} startThread=0
04:06:39.403 [qtp399373008-56] DEBUG org.eclipse.jetty.util.thread.QueuedThreadPool - run ReservedThread@169835cd{PENDING,thread=null} in QueuedThreadPool[qtp399373008]@17cdf2d0{STARTED,8<=8<=200,i=1,r=-1,q=0}[ReservedThreadExecutor@424fd310{reserved=0/8,pending=1}]
04:06:39.403 [qtp399373008-56] DEBUG org.eclipse.jetty.util.thread.ReservedThreadExecutor - ReservedThread@169835cd{PENDING,thread=Thread[qtp399373008-56,5,main]} was=PENDING next=RESERVED size=0+1 capacity=8
04:06:39.403 [qtp399373008-56] DEBUG org.eclipse.jetty.util.thread.ReservedThreadExecutor - ReservedThread@169835cd{RESERVED,thread=Thread[qtp399373008-56,5,main]} waiting ReservedThreadExecutor@424fd310{reserved=1/8,pending=0}
04:06:39.403 [qtp399373008-62] DEBUG org.eclipse.jetty.util.thread.ReservedThreadExecutor - ReservedThread@44631275{RESERVED,thread=Thread[qtp399373008-62,5,main]} task=EatWhatYouKill@1c3146bc/SelectorProducer@56c698e3/IDLE/p=true/QueuedThreadPool[qtp399373008]@17cdf2d0{STARTED,8<=8<=200,i=1,r=-1,q=0}[ReservedThreadExecutor@424fd310{reserved=0/8,pending=1}][pc=0,pic=0,pec=0,epc=1]@2024-05-02T04:06:39.403+01:00 ReservedThreadExecutor@424fd310{reserved=1/8,pending=0}
04:06:39.404 [qtp399373008-62] DEBUG org.eclipse.jetty.util.thread.strategy.EatWhatYouKill - EatWhatYouKill@1c3146bc/SelectorProducer@56c698e3/IDLE/p=true/QueuedThreadPool[qtp399373008]@17cdf2d0{STARTED,8<=8<=200,i=1,r=-1,q=0}[ReservedThreadExecutor@424fd310{reserved=1/8,pending=0}][pc=0,pic=0,pec=0,epc=1]@2024-05-02T04:06:39.403+01:00 tryProduce true
04:06:39.404 [qtp399373008-61] DEBUG org.eclipse.jetty.util.thread.strategy.EatWhatYouKill - EatWhatYouKill@1c3146bc/SelectorProducer@56c698e3/IDLE/p=true/QueuedThreadPool[qtp399373008]@17cdf2d0{STARTED,8<=8<=200,i=1,r=-1,q=0}[ReservedThreadExecutor@424fd310{reserved=1/8,pending=0}][pc=0,pic=0,pec=0,epc=1]@2024-05-02T04:06:39.403+01:00 m=EXECUTE_PRODUCE_CONSUME t=CEP:SocketChannelEndPoint@160f6c84{l=/127.0.0.1:35537,r=/127.0.0.1:60848,OPEN,fill=FI,flush=-,to=2/30000}{io=1/0,kio=1,kro=1}->SslConnection@22ebb5d2{NEED_UNWRAP,eio=-1/-1,di=-1,fill=INTERESTED,flush=IDLE}~>DecryptedEndPoint@677b581d{l=/127.0.0.1:35537,r=/127.0.0.1:60848,OPEN,fill=FI,flush=-,to=2/30000}=>HttpConnection@696b7468[p=HttpParser{s=START,0 of -1},g=HttpGenerator@1fedba22{s=START}]=>HttpChannelOverHttp@474db1e2{s=HttpChannelState@afd6e8a{s=IDLE rs=BLOCKING os=OPEN is=IDLE awp=false se=false i=true al=0},r=0,c=false/false,a=IDLE,uri=null,age=0}:runFillable:BLOCKING/BLOCKING
04:06:39.404 [qtp399373008-62] DEBUG org.eclipse.jetty.io.ManagedSelector - updateable 0
04:06:39.404 [qtp399373008-62] DEBUG org.eclipse.jetty.io.ManagedSelector - updates 0
04:06:39.404 [qtp399373008-62] DEBUG org.eclipse.jetty.io.ChannelEndPoint - Key interests updated 1 -> 0 on SocketChannelEndPoint@160f6c84{l=/127.0.0.1:35537,r=/127.0.0.1:60848,OPEN,fill=FI,flush=-,to=2/30000}{io=0/0,kio=0,kro=1}->SslConnection@22ebb5d2{NEED_UNWRAP,eio=-1/-1,di=-1,fill=INTERESTED,flush=IDLE}~>DecryptedEndPoint@677b581d{l=/127.0.0.1:35537,r=/127.0.0.1:60848,OPEN,fill=FI,flush=-,to=3/30000}=>HttpConnection@696b7468[p=HttpParser{s=START,0 of -1},g=HttpGenerator@1fedba22{s=START}]=>HttpChannelOverHttp@474db1e2{s=HttpChannelState@afd6e8a{s=IDLE rs=BLOCKING os=OPEN is=IDLE awp=false se=false i=true al=0},r=0,c=false/false,a=IDLE,uri=null,age=0}
04:06:39.404 [qtp399373008-62] DEBUG org.eclipse.jetty.io.ManagedSelector - Selector sun.nio.ch.EPollSelectorImpl@3702dbe9 waiting with 1 keys
04:06:39.404 [qtp399373008-61] DEBUG org.eclipse.jetty.io.FillInterest - fillable FillInterest@769f390d{SSLC.NBReadCB@22ebb5d2{SslConnection@22ebb5d2::SocketChannelEndPoint@160f6c84{l=/127.0.0.1:35537,r=/127.0.0.1:60848,OPEN,fill=FI,flush=-,to=2/30000}{io=0/0,kio=1,kro=1}->SslConnection@22ebb5d2{NEED_UNWRAP,eio=-1/-1,di=-1,fill=INTERESTED,flush=IDLE}~>DecryptedEndPoint@677b581d{l=/127.0.0.1:35537,r=/127.0.0.1:60848,OPEN,fill=FI,flush=-,to=2/30000}=>HttpConnection@696b7468[p=HttpParser{s=START,0 of -1},g=HttpGenerator@1fedba22{s=START}]=>HttpChannelOverHttp@474db1e2{s=HttpChannelState@afd6e8a{s=IDLE rs=BLOCKING os=OPEN is=IDLE awp=false se=false i=true al=0},r=0,c=false/false,a=IDLE,uri=null,age=0}}}
04:06:39.404 [qtp399373008-61] DEBUG org.eclipse.jetty.io.ssl.SslConnection - >c.onFillable SslConnection@22ebb5d2::SocketChannelEndPoint@160f6c84{l=/127.0.0.1:35537,r=/127.0.0.1:60848,OPEN,fill=-,flush=-,to=3/30000}{io=0/0,kio=0,kro=1}->SslConnection@22ebb5d2{NEED_UNWRAP,eio=-1/-1,di=-1,fill=INTERESTED,flush=IDLE}~>DecryptedEndPoint@677b581d{l=/127.0.0.1:35537,r=/127.0.0.1:60848,OPEN,fill=FI,flush=-,to=3/30000}=>HttpConnection@696b7468[p=HttpParser{s=START,0 of -1},g=HttpGenerator@1fedba22{s=START}]=>HttpChannelOverHttp@474db1e2{s=HttpChannelState@afd6e8a{s=IDLE rs=BLOCKING os=OPEN is=IDLE awp=false se=false i=true al=0},r=0,c=false/false,a=IDLE,uri=null,age=0}
04:06:39.404 [qtp399373008-61] DEBUG org.eclipse.jetty.io.ssl.SslConnection - onFillable SslConnection@22ebb5d2::SocketChannelEndPoint@160f6c84{l=/127.0.0.1:35537,r=/127.0.0.1:60848,OPEN,fill=-,flush=-,to=3/30000}{io=0/0,kio=0,kro=1}->SslConnection@22ebb5d2{NEED_UNWRAP,eio=-1/-1,di=-1,fill=INTERESTED,flush=IDLE}~>DecryptedEndPoint@677b581d{l=/127.0.0.1:35537,r=/127.0.0.1:60848,OPEN,fill=FI,flush=-,to=3/30000}=>HttpConnection@696b7468[p=HttpParser{s=START,0 of -1},g=HttpGenerator@1fedba22{s=START}]=>HttpChannelOverHttp@474db1e2{s=HttpChannelState@afd6e8a{s=IDLE rs=BLOCKING os=OPEN is=IDLE awp=false se=false i=true al=0},r=0,c=false/false,a=IDLE,uri=null,age=0}
04:06:39.404 [qtp399373008-61] DEBUG org.eclipse.jetty.io.FillInterest - fillable FillInterest@2d975583{AC.ReadCB@696b7468{HttpConnection@696b7468::DecryptedEndPoint@677b581d{l=/127.0.0.1:35537,r=/127.0.0.1:60848,OPEN,fill=FI,flush=-,to=3/30000}}}
04:06:39.404 [qtp399373008-61] DEBUG org.eclipse.jetty.server.HttpConnection - HttpConnection@696b7468::DecryptedEndPoint@677b581d{l=/127.0.0.1:35537,r=/127.0.0.1:60848,OPEN,fill=-,flush=-,to=3/30000} onFillable enter HttpChannelState@afd6e8a{s=IDLE rs=BLOCKING os=OPEN is=IDLE awp=false se=false i=true al=0} null
04:06:39.404 [qtp399373008-61] DEBUG org.eclipse.jetty.io.ssl.SslConnection - >fill SslConnection@22ebb5d2::SocketChannelEndPoint@160f6c84{l=/127.0.0.1:35537,r=/127.0.0.1:60848,OPEN,fill=-,flush=-,to=3/30000}{io=0/0,kio=0,kro=1}->SslConnection@22ebb5d2{NEED_UNWRAP,eio=-1/-1,di=-1,fill=IDLE,flush=IDLE}~>DecryptedEndPoint@677b581d{l=/127.0.0.1:35537,r=/127.0.0.1:60848,OPEN,fill=-,flush=-,to=3/30000}=>HttpConnection@696b7468[p=HttpParser{s=START,0 of -1},g=HttpGenerator@1fedba22{s=START}]=>HttpChannelOverHttp@474db1e2{s=HttpChannelState@afd6e8a{s=IDLE rs=BLOCKING os=OPEN is=IDLE awp=false se=false i=true al=0},r=0,c=false/false,a=IDLE,uri=null,age=0}
04:06:39.404 [qtp399373008-61] DEBUG org.eclipse.jetty.io.ssl.SslConnection - fill NEED_UNWRAP
04:06:39.405 [qtp399373008-61] DEBUG org.eclipse.jetty.io.ChannelEndPoint - filled 6 HeapByteBuffer@373c4f5d[p=0,l=6,c=17408,r=6]={<<<\x14\x03\x03\x00\x01\x01>>>p\x86\xCe\xCb@\xEfD\xA3\xA8...\x00\x00\x00\x00\x00\x00\x00}
04:06:39.405 [qtp399373008-61] DEBUG org.eclipse.jetty.io.ssl.SslConnection - net filled=6
04:06:39.405 [qtp399373008-61] DEBUG org.eclipse.jetty.io.ssl.SslConnection - unwrap net_filled=6 Status = OK HandshakeStatus = NEED_UNWRAP bytesConsumed = 6 bytesProduced = 0 encryptedBuffer=[p=6,l=6,c=17408,r=0] unwrapBuffer=HeapByteBuffer@3303dde5[p=0,l=0,c=17408,r=0]={<<<>>>\x16\x03\x03\x01N\x01\x00\x01J...\x00\x00\x00\x00\x00\x00\x00} appBuffer=HeapByteBuffer@3303dde5[p=0,l=0,c=17408,r=0]={<<<>>>\x16\x03\x03\x01N\x01\x00\x01J...\x00\x00\x00\x00\x00\x00\x00}
04:06:39.405 [qtp399373008-61] DEBUG org.eclipse.jetty.io.ssl.SslConnection - fill NEED_UNWRAP
04:06:39.405 [qtp399373008-61] DEBUG org.eclipse.jetty.io.ChannelEndPoint - filled 0 HeapByteBuffer@373c4f5d[p=0,l=0,c=17408,r=0]={<<<>>>\x14\x03\x03\x00\x01\x01p\x86\xCe...\x00\x00\x00\x00\x00\x00\x00}
04:06:39.405 [qtp399373008-61] DEBUG org.eclipse.jetty.io.ssl.SslConnection - net filled=0
04:06:39.405 [qtp399373008-61] DEBUG org.eclipse.jetty.io.ssl.SslConnection - unwrap net_filled=0 Status = BUFFER_UNDERFLOW HandshakeStatus = NEED_UNWRAP bytesConsumed = 0 bytesProduced = 0 encryptedBuffer=[p=0,l=0,c=17408,r=0] unwrapBuffer=HeapByteBuffer@3303dde5[p=0,l=0,c=17408,r=0]={<<<>>>\x16\x03\x03\x01N\x01\x00\x01J...\x00\x00\x00\x00\x00\x00\x00} appBuffer=HeapByteBuffer@3303dde5[p=0,l=0,c=17408,r=0]={<<<>>>\x16\x03\x03\x01N\x01\x00\x01J...\x00\x00\x00\x00\x00\x00\x00}
04:06:39.405 [qtp399373008-61] DEBUG org.eclipse.jetty.io.ssl.SslConnection - <fill f=0 uf=true SslConnection@22ebb5d2::SocketChannelEndPoint@160f6c84{l=/127.0.0.1:35537,r=/127.0.0.1:60848,OPEN,fill=-,flush=-,to=0/30000}{io=0/0,kio=0,kro=1}->SslConnection@22ebb5d2{NEED_UNWRAP,eio=-1/-1,di=-1,fill=IDLE,flush=IDLE}~>DecryptedEndPoint@677b581d{l=/127.0.0.1:35537,r=/127.0.0.1:60848,OPEN,fill=-,flush=-,to=4/30000}=>HttpConnection@696b7468[p=HttpParser{s=START,0 of -1},g=HttpGenerator@1fedba22{s=START}]=>HttpChannelOverHttp@474db1e2{s=HttpChannelState@afd6e8a{s=IDLE rs=BLOCKING os=OPEN is=IDLE awp=false se=false i=true al=0},r=0,c=false/false,a=IDLE,uri=null,age=0}
04:06:39.405 [qtp399373008-61] DEBUG org.eclipse.jetty.io.ssl.SslConnection - >fill SslConnection@22ebb5d2::SocketChannelEndPoint@160f6c84{l=/127.0.0.1:35537,r=/127.0.0.1:60848,OPEN,fill=-,flush=-,to=0/30000}{io=0/0,kio=0,kro=1}->SslConnection@22ebb5d2{NEED_UNWRAP,eio=-1/-1,di=-1,fill=IDLE,flush=IDLE}~>DecryptedEndPoint@677b581d{l=/127.0.0.1:35537,r=/127.0.0.1:60848,OPEN,fill=-,flush=-,to=4/30000}=>HttpConnection@696b7468[p=HttpParser{s=START,0 of -1},g=HttpGenerator@1fedba22{s=START}]=>HttpChannelOverHttp@474db1e2{s=HttpChannelState@afd6e8a{s=IDLE rs=BLOCKING os=OPEN is=IDLE awp=false se=false i=true al=0},r=0,c=false/false,a=IDLE,uri=null,age=0}
04:06:39.405 [qtp399373008-61] DEBUG org.eclipse.jetty.io.ssl.SslConnection - fill NEED_UNWRAP
04:06:39.405 [qtp399373008-61] DEBUG org.eclipse.jetty.io.ChannelEndPoint - filled 0 HeapByteBuffer@3dc4242d[p=0,l=0,c=17408,r=0]={<<<>>>\x17\x03\x03\x00\xC9\nG#\xA5...\x00\x00\x00\x00\x00\x00\x00}
04:06:39.405 [qtp399373008-61] DEBUG org.eclipse.jetty.io.ssl.SslConnection - net filled=0
04:06:39.405 [qtp399373008-61] DEBUG org.eclipse.jetty.io.ssl.SslConnection - unwrap net_filled=0 Status = BUFFER_UNDERFLOW HandshakeStatus = NEED_UNWRAP bytesConsumed = 0 bytesProduced = 0 encryptedBuffer=[p=0,l=0,c=17408,r=0] unwrapBuffer=HeapByteBuffer@3303dde5[p=0,l=0,c=17408,r=0]={<<<>>>\x16\x03\x03\x01N\x01\x00\x01J...\x00\x00\x00\x00\x00\x00\x00} appBuffer=HeapByteBuffer@3303dde5[p=0,l=0,c=17408,r=0]={<<<>>>\x16\x03\x03\x01N\x01\x00\x01J...\x00\x00\x00\x00\x00\x00\x00}
04:06:39.405 [qtp399373008-61] DEBUG org.eclipse.jetty.io.ssl.SslConnection - <fill f=0 uf=true SslConnection@22ebb5d2::SocketChannelEndPoint@160f6c84{l=/127.0.0.1:35537,r=/127.0.0.1:60848,OPEN,fill=-,flush=-,to=0/30000}{io=0/0,kio=0,kro=1}->SslConnection@22ebb5d2{NEED_UNWRAP,eio=-1/-1,di=-1,fill=IDLE,flush=IDLE}~>DecryptedEndPoint@677b581d{l=/127.0.0.1:35537,r=/127.0.0.1:60848,OPEN,fill=-,flush=-,to=4/30000}=>HttpConnection@696b7468[p=HttpParser{s=START,0 of -1},g=HttpGenerator@1fedba22{s=START}]=>HttpChannelOverHttp@474db1e2{s=HttpChannelState@afd6e8a{s=IDLE rs=BLOCKING os=OPEN is=IDLE awp=false se=false i=true al=0},r=0,c=false/false,a=IDLE,uri=null,age=0}
04:06:39.405 [qtp399373008-61] DEBUG org.eclipse.jetty.server.HttpConnection - HttpConnection@696b7468::DecryptedEndPoint@677b581d{l=/127.0.0.1:35537,r=/127.0.0.1:60848,OPEN,fill=-,flush=-,to=4/30000} filled 0 HeapByteBuffer@3303dde5[p=0,l=0,c=17408,r=0]={<<<>>>\x16\x03\x03\x01N\x01\x00\x01J...\x00\x00\x00\x00\x00\x00\x00}
04:06:39.405 [qtp399373008-61] DEBUG org.eclipse.jetty.server.HttpConnection - HttpConnection@696b7468::DecryptedEndPoint@677b581d{l=/127.0.0.1:35537,r=/127.0.0.1:60848,OPEN,fill=-,flush=-,to=4/30000} parse HeapByteBuffer@3303dde5[p=0,l=0,c=17408,r=0]={<<<>>>\x16\x03\x03\x01N\x01\x00\x01J...\x00\x00\x00\x00\x00\x00\x00} {}
04:06:39.405 [qtp399373008-61] DEBUG org.eclipse.jetty.http.HttpParser - parseNext s=START HeapByteBuffer@3303dde5[p=0,l=0,c=17408,r=0]={<<<>>>\x16\x03\x03\x01N\x01\x00\x01J...\x00\x00\x00\x00\x00\x00\x00}
04:06:39.405 [qtp399373008-61] DEBUG org.eclipse.jetty.server.HttpConnection - HttpConnection@696b7468::DecryptedEndPoint@677b581d{l=/127.0.0.1:35537,r=/127.0.0.1:60848,OPEN,fill=-,flush=-,to=4/30000} parsed false HttpParser{s=START,0 of -1}
04:06:39.405 [qtp399373008-61] DEBUG org.eclipse.jetty.server.HttpConnection - releaseRequestBuffer HttpConnection@696b7468::DecryptedEndPoint@677b581d{l=/127.0.0.1:35537,r=/127.0.0.1:60848,OPEN,fill=-,flush=-,to=4/30000}
04:06:39.405 [qtp399373008-61] DEBUG org.eclipse.jetty.io.AbstractConnection - fillInterested HttpConnection@696b7468::DecryptedEndPoint@677b581d{l=/127.0.0.1:35537,r=/127.0.0.1:60848,OPEN,fill=-,flush=-,to=4/30000}
04:06:39.405 [qtp399373008-61] DEBUG org.eclipse.jetty.io.FillInterest - interested FillInterest@2d975583{AC.ReadCB@696b7468{HttpConnection@696b7468::DecryptedEndPoint@677b581d{l=/127.0.0.1:35537,r=/127.0.0.1:60848,OPEN,fill=FI,flush=-,to=0/30000}}}
04:06:39.405 [qtp399373008-61] DEBUG org.eclipse.jetty.io.ssl.SslConnection - >needFillInterest s=IDLE/IDLE uf=true ei=null di=null SslConnection@22ebb5d2::SocketChannelEndPoint@160f6c84{l=/127.0.0.1:35537,r=/127.0.0.1:60848,OPEN,fill=-,flush=-,to=0/30000}{io=0/0,kio=0,kro=1}->SslConnection@22ebb5d2{NEED_UNWRAP,eio=-1/-1,di=-1,fill=IDLE,flush=IDLE}~>DecryptedEndPoint@677b581d{l=/127.0.0.1:35537,r=/127.0.0.1:60848,OPEN,fill=FI,flush=-,to=0/30000}=>HttpConnection@696b7468[p=HttpParser{s=START,0 of -1},g=HttpGenerator@1fedba22{s=START}]=>HttpChannelOverHttp@474db1e2{s=HttpChannelState@afd6e8a{s=IDLE rs=BLOCKING os=OPEN is=IDLE awp=false se=false i=true al=0},r=0,c=false/false,a=IDLE,uri=null,age=0}
04:06:39.405 [qtp399373008-61] DEBUG org.eclipse.jetty.io.ssl.SslConnection - <needFillInterest s=IDLE/INTERESTED f=false i=true w=null
04:06:39.405 [qtp399373008-61] DEBUG org.eclipse.jetty.io.ssl.SslConnection - ensureFillInterested SslConnection@22ebb5d2::SocketChannelEndPoint@160f6c84{l=/127.0.0.1:35537,r=/127.0.0.1:60848,OPEN,fill=-,flush=-,to=0/30000}{io=0/0,kio=0,kro=1}->SslConnection@22ebb5d2{NEED_UNWRAP,eio=-1/-1,di=-1,fill=INTERESTED,flush=IDLE}~>DecryptedEndPoint@677b581d{l=/127.0.0.1:35537,r=/127.0.0.1:60848,OPEN,fill=FI,flush=-,to=0/30000}=>HttpConnection@696b7468[p=HttpParser{s=START,0 of -1},g=HttpGenerator@1fedba22{s=START}]=>HttpChannelOverHttp@474db1e2{s=HttpChannelState@afd6e8a{s=IDLE rs=BLOCKING os=OPEN is=IDLE awp=false se=false i=true al=0},r=0,c=false/false,a=IDLE,uri=null,age=0}
04:06:39.406 [qtp399373008-61] DEBUG org.eclipse.jetty.io.FillInterest - interested FillInterest@769f390d{SSLC.NBReadCB@22ebb5d2{SslConnection@22ebb5d2::SocketChannelEndPoint@160f6c84{l=/127.0.0.1:35537,r=/127.0.0.1:60848,OPEN,fill=FI,flush=-,to=0/30000}{io=0/0,kio=0,kro=1}->SslConnection@22ebb5d2{NEED_UNWRAP,eio=-1/-1,di=-1,fill=INTERESTED,flush=IDLE}~>DecryptedEndPoint@677b581d{l=/127.0.0.1:35537,r=/127.0.0.1:60848,OPEN,fill=FI,flush=-,to=0/30000}=>HttpConnection@696b7468[p=HttpParser{s=START,0 of -1},g=HttpGenerator@1fedba22{s=START}]=>HttpChannelOverHttp@474db1e2{s=HttpChannelState@afd6e8a{s=IDLE rs=BLOCKING os=OPEN is=IDLE awp=false se=false i=true al=0},r=0,c=false/false,a=IDLE,uri=null,age=0}}}
04:06:39.406 [qtp399373008-61] DEBUG org.eclipse.jetty.io.ChannelEndPoint - changeInterests p=false 0->1 for SocketChannelEndPoint@160f6c84{l=/127.0.0.1:35537,r=/127.0.0.1:60848,OPEN,fill=FI,flush=-,to=0/30000}{io=0/1,kio=0,kro=1}->SslConnection@22ebb5d2{NEED_UNWRAP,eio=-1/-1,di=-1,fill=INTERESTED,flush=IDLE}~>DecryptedEndPoint@677b581d{l=/127.0.0.1:35537,r=/127.0.0.1:60848,OPEN,fill=FI,flush=-,to=0/30000}=>HttpConnection@696b7468[p=HttpParser{s=START,0 of -1},g=HttpGenerator@1fedba22{s=START}]=>HttpChannelOverHttp@474db1e2{s=HttpChannelState@afd6e8a{s=IDLE rs=BLOCKING os=OPEN is=IDLE awp=false se=false i=true al=0},r=0,c=false/false,a=IDLE,uri=null,age=0}
04:06:39.406 [qtp399373008-61] DEBUG org.eclipse.jetty.io.ManagedSelector - Queued change lazy=false org.eclipse.jetty.io.ChannelEndPoint$$Lambda$255/2121444922@9a55729 on ManagedSelector@47a86fbb{STARTED} id=2 keys=1 selected=0 updates=0
04:06:39.406 [qtp399373008-61] DEBUG org.eclipse.jetty.io.ManagedSelector - Wakeup on submit ManagedSelector@47a86fbb{STARTED} id=2 keys=1 selected=0 updates=1
04:06:39.406 [qtp399373008-62] DEBUG org.eclipse.jetty.io.ManagedSelector - Selector sun.nio.ch.EPollSelectorImpl@3702dbe9 woken with none selected
04:06:39.406 [qtp399373008-62] DEBUG org.eclipse.jetty.io.ManagedSelector - Selector sun.nio.ch.EPollSelectorImpl@3702dbe9 woken up from select, 0/0/1 selected
04:06:39.406 [qtp399373008-62] DEBUG org.eclipse.jetty.io.ManagedSelector - Selector sun.nio.ch.EPollSelectorImpl@3702dbe9 processing 0 keys, 1 updates
04:06:39.406 [qtp399373008-62] DEBUG org.eclipse.jetty.io.ManagedSelector - updateable 1
04:06:39.406 [qtp399373008-62] DEBUG org.eclipse.jetty.io.ManagedSelector - update org.eclipse.jetty.io.ChannelEndPoint$$Lambda$255/2121444922@9a55729
04:06:39.406 [qtp399373008-62] DEBUG org.eclipse.jetty.io.ChannelEndPoint - Key interests updated 0 -> 1 on SocketChannelEndPoint@160f6c84{l=/127.0.0.1:35537,r=/127.0.0.1:60848,OPEN,fill=FI,flush=-,to=0/30000}{io=1/1,kio=1,kro=1}->SslConnection@22ebb5d2{NEED_UNWRAP,eio=-1/-1,di=-1,fill=INTERESTED,flush=IDLE}~>DecryptedEndPoint@677b581d{l=/127.0.0.1:35537,r=/127.0.0.1:60848,OPEN,fill=FI,flush=-,to=0/30000}=>HttpConnection@696b7468[p=HttpParser{s=START,0 of -1},g=HttpGenerator@1fedba22{s=START}]=>HttpChannelOverHttp@474db1e2{s=HttpChannelState@afd6e8a{s=IDLE rs=BLOCKING os=OPEN is=IDLE awp=false se=false i=true al=0},r=0,c=false/false,a=IDLE,uri=null,age=0}
04:06:39.406 [qtp399373008-62] DEBUG org.eclipse.jetty.io.ManagedSelector - updates 0
04:06:39.406 [qtp399373008-62] DEBUG org.eclipse.jetty.io.ManagedSelector - Selector sun.nio.ch.EPollSelectorImpl@3702dbe9 waiting with 1 keys
04:06:39.406 [qtp399373008-61] DEBUG org.eclipse.jetty.server.HttpConnection - HttpConnection@696b7468::DecryptedEndPoint@677b581d{l=/127.0.0.1:35537,r=/127.0.0.1:60848,OPEN,fill=FI,flush=-,to=0/30000} onFillable exit HttpChannelState@afd6e8a{s=IDLE rs=BLOCKING os=OPEN is=IDLE awp=false se=false i=true al=0} null
04:06:39.406 [qtp399373008-61] DEBUG org.eclipse.jetty.io.ssl.SslConnection - <c.onFillable SslConnection@22ebb5d2::SocketChannelEndPoint@160f6c84{l=/127.0.0.1:35537,r=/127.0.0.1:60848,OPEN,fill=FI,flush=-,to=0/30000}{io=1/1,kio=1,kro=1}->SslConnection@22ebb5d2{NEED_UNWRAP,eio=-1/-1,di=-1,fill=INTERESTED,flush=IDLE}~>DecryptedEndPoint@677b581d{l=/127.0.0.1:35537,r=/127.0.0.1:60848,OPEN,fill=FI,flush=-,to=0/30000}=>HttpConnection@696b7468[p=HttpParser{s=START,0 of -1},g=HttpGenerator@1fedba22{s=START}]=>HttpChannelOverHttp@474db1e2{s=HttpChannelState@afd6e8a{s=IDLE rs=BLOCKING os=OPEN is=IDLE awp=false se=false i=true al=0},r=0,c=false/false,a=IDLE,uri=null,age=0}
04:06:39.406 [qtp399373008-61] DEBUG org.eclipse.jetty.util.thread.ReservedThreadExecutor - ReservedThread@27624ead{RUNNING,thread=Thread[qtp399373008-61,5,main]} was=RUNNING next=RESERVED size=0+2 capacity=8
04:06:39.406 [qtp399373008-61] DEBUG org.eclipse.jetty.util.thread.ReservedThreadExecutor - ReservedThread@27624ead{RESERVED,thread=Thread[qtp399373008-61,5,main]} waiting ReservedThreadExecutor@424fd310{reserved=2/8,pending=0}
04:06:39.445 [qtp399373008-62] DEBUG org.eclipse.jetty.io.ManagedSelector - Selector sun.nio.ch.EPollSelectorImpl@3702dbe9 woken up from select, 1/1/1 selected
04:06:39.445 [qtp399373008-62] DEBUG org.eclipse.jetty.io.ManagedSelector - Selector sun.nio.ch.EPollSelectorImpl@3702dbe9 processing 1 keys, 0 updates
04:06:39.445 [qtp399373008-62] DEBUG org.eclipse.jetty.io.ManagedSelector - selected 1 sun.nio.ch.SelectionKeyImpl@39c53379 SocketChannelEndPoint@160f6c84{l=/127.0.0.1:35537,r=/127.0.0.1:60848,OPEN,fill=FI,flush=-,to=39/30000}{io=1/1,kio=1,kro=1}->SslConnection@22ebb5d2{NEED_UNWRAP,eio=-1/-1,di=-1,fill=INTERESTED,flush=IDLE}~>DecryptedEndPoint@677b581d{l=/127.0.0.1:35537,r=/127.0.0.1:60848,OPEN,fill=FI,flush=-,to=39/30000}=>HttpConnection@696b7468[p=HttpParser{s=START,0 of -1},g=HttpGenerator@1fedba22{s=START}]=>HttpChannelOverHttp@474db1e2{s=HttpChannelState@afd6e8a{s=IDLE rs=BLOCKING os=OPEN is=IDLE awp=false se=false i=true al=0},r=0,c=false/false,a=IDLE,uri=null,age=0} 
04:06:39.445 [qtp399373008-62] DEBUG org.eclipse.jetty.io.ChannelEndPoint - onSelected 1->0 r=true w=false for SocketChannelEndPoint@160f6c84{l=/127.0.0.1:35537,r=/127.0.0.1:60848,OPEN,fill=FI,flush=-,to=39/30000}{io=1/0,kio=1,kro=1}->SslConnection@22ebb5d2{NEED_UNWRAP,eio=-1/-1,di=-1,fill=INTERESTED,flush=IDLE}~>DecryptedEndPoint@677b581d{l=/127.0.0.1:35537,r=/127.0.0.1:60848,OPEN,fill=FI,flush=-,to=39/30000}=>HttpConnection@696b7468[p=HttpParser{s=START,0 of -1},g=HttpGenerator@1fedba22{s=START}]=>HttpChannelOverHttp@474db1e2{s=HttpChannelState@afd6e8a{s=IDLE rs=BLOCKING os=OPEN is=IDLE awp=false se=false i=true al=0},r=0,c=false/false,a=IDLE,uri=null,age=0}
04:06:39.445 [qtp399373008-62] DEBUG org.eclipse.jetty.io.ChannelEndPoint - task CEP:SocketChannelEndPoint@160f6c84{l=/127.0.0.1:35537,r=/127.0.0.1:60848,OPEN,fill=FI,flush=-,to=39/30000}{io=1/0,kio=1,kro=1}->SslConnection@22ebb5d2{NEED_UNWRAP,eio=-1/-1,di=-1,fill=INTERESTED,flush=IDLE}~>DecryptedEndPoint@677b581d{l=/127.0.0.1:35537,r=/127.0.0.1:60848,OPEN,fill=FI,flush=-,to=39/30000}=>HttpConnection@696b7468[p=HttpParser{s=START,0 of -1},g=HttpGenerator@1fedba22{s=START}]=>HttpChannelOverHttp@474db1e2{s=HttpChannelState@afd6e8a{s=IDLE rs=BLOCKING os=OPEN is=IDLE awp=false se=false i=true al=0},r=0,c=false/false,a=IDLE,uri=null,age=0}:runFillable:BLOCKING
04:06:39.445 [qtp399373008-62] DEBUG org.eclipse.jetty.util.thread.ReservedThreadExecutor - ReservedThreadExecutor@424fd310{reserved=2/8,pending=0} tryExecute EatWhatYouKill@1c3146bc/SelectorProducer@56c698e3/PRODUCING/p=false/QueuedThreadPool[qtp399373008]@17cdf2d0{STARTED,8<=8<=200,i=1,r=-1,q=0}[ReservedThreadExecutor@424fd310{reserved=2/8,pending=0}][pc=0,pic=0,pec=0,epc=2]@2024-05-02T04:06:39.445+01:00
04:06:39.445 [qtp399373008-62] DEBUG org.eclipse.jetty.util.thread.strategy.EatWhatYouKill - EatWhatYouKill@1c3146bc/SelectorProducer@56c698e3/IDLE/p=true/QueuedThreadPool[qtp399373008]@17cdf2d0{STARTED,8<=8<=200,i=1,r=-1,q=0}[ReservedThreadExecutor@424fd310{reserved=1/8,pending=0}][pc=0,pic=0,pec=0,epc=2]@2024-05-02T04:06:39.445+01:00 m=EXECUTE_PRODUCE_CONSUME t=CEP:SocketChannelEndPoint@160f6c84{l=/127.0.0.1:35537,r=/127.0.0.1:60848,OPEN,fill=FI,flush=-,to=39/30000}{io=1/0,kio=1,kro=1}->SslConnection@22ebb5d2{NEED_UNWRAP,eio=-1/-1,di=-1,fill=INTERESTED,flush=IDLE}~>DecryptedEndPoint@677b581d{l=/127.0.0.1:35537,r=/127.0.0.1:60848,OPEN,fill=FI,flush=-,to=40/30000}=>HttpConnection@696b7468[p=HttpParser{s=START,0 of -1},g=HttpGenerator@1fedba22{s=START}]=>HttpChannelOverHttp@474db1e2{s=HttpChannelState@afd6e8a{s=IDLE rs=BLOCKING os=OPEN is=IDLE awp=false se=false i=true al=0},r=0,c=false/false,a=IDLE,uri=null,age=0}:runFillable:BLOCKING/BLOCKING
04:06:39.445 [qtp399373008-61] DEBUG org.eclipse.jetty.util.thread.ReservedThreadExecutor - ReservedThread@27624ead{RESERVED,thread=Thread[qtp399373008-61,5,main]} task=EatWhatYouKill@1c3146bc/SelectorProducer@56c698e3/IDLE/p=true/QueuedThreadPool[qtp399373008]@17cdf2d0{STARTED,8<=8<=200,i=1,r=-1,q=0}[ReservedThreadExecutor@424fd310{reserved=1/8,pending=0}][pc=0,pic=0,pec=0,epc=2]@2024-05-02T04:06:39.445+01:00 ReservedThreadExecutor@424fd310{reserved=1/8,pending=0}
04:06:39.445 [qtp399373008-62] DEBUG org.eclipse.jetty.io.FillInterest - fillable FillInterest@769f390d{SSLC.NBReadCB@22ebb5d2{SslConnection@22ebb5d2::SocketChannelEndPoint@160f6c84{l=/127.0.0.1:35537,r=/127.0.0.1:60848,OPEN,fill=FI,flush=-,to=39/30000}{io=1/0,kio=1,kro=1}->SslConnection@22ebb5d2{NEED_UNWRAP,eio=-1/-1,di=-1,fill=INTERESTED,flush=IDLE}~>DecryptedEndPoint@677b581d{l=/127.0.0.1:35537,r=/127.0.0.1:60848,OPEN,fill=FI,flush=-,to=40/30000}=>HttpConnection@696b7468[p=HttpParser{s=START,0 of -1},g=HttpGenerator@1fedba22{s=START}]=>HttpChannelOverHttp@474db1e2{s=HttpChannelState@afd6e8a{s=IDLE rs=BLOCKING os=OPEN is=IDLE awp=false se=false i=true al=0},r=0,c=false/false,a=IDLE,uri=null,age=0}}}
04:06:39.446 [qtp399373008-61] DEBUG org.eclipse.jetty.util.thread.strategy.EatWhatYouKill - EatWhatYouKill@1c3146bc/SelectorProducer@56c698e3/IDLE/p=true/QueuedThreadPool[qtp399373008]@17cdf2d0{STARTED,8<=8<=200,i=1,r=-1,q=0}[ReservedThreadExecutor@424fd310{reserved=1/8,pending=0}][pc=0,pic=0,pec=0,epc=3]@2024-05-02T04:06:39.446+01:00 tryProduce true
04:06:39.446 [qtp399373008-62] DEBUG org.eclipse.jetty.io.ssl.SslConnection - >c.onFillable SslConnection@22ebb5d2::SocketChannelEndPoint@160f6c84{l=/127.0.0.1:35537,r=/127.0.0.1:60848,OPEN,fill=-,flush=-,to=40/30000}{io=1/0,kio=1,kro=1}->SslConnection@22ebb5d2{NEED_UNWRAP,eio=-1/-1,di=-1,fill=INTERESTED,flush=IDLE}~>DecryptedEndPoint@677b581d{l=/127.0.0.1:35537,r=/127.0.0.1:60848,OPEN,fill=FI,flush=-,to=40/30000}=>HttpConnection@696b7468[p=HttpParser{s=START,0 of -1},g=HttpGenerator@1fedba22{s=START}]=>HttpChannelOverHttp@474db1e2{s=HttpChannelState@afd6e8a{s=IDLE rs=BLOCKING os=OPEN is=IDLE awp=false se=false i=true al=0},r=0,c=false/false,a=IDLE,uri=null,age=0}
04:06:39.446 [qtp399373008-61] DEBUG org.eclipse.jetty.io.ManagedSelector - updateable 0
04:06:39.446 [qtp399373008-61] DEBUG org.eclipse.jetty.io.ManagedSelector - updates 0
04:06:39.446 [qtp399373008-62] DEBUG org.eclipse.jetty.io.ssl.SslConnection - onFillable SslConnection@22ebb5d2::SocketChannelEndPoint@160f6c84{l=/127.0.0.1:35537,r=/127.0.0.1:60848,OPEN,fill=-,flush=-,to=40/30000}{io=1/0,kio=1,kro=1}->SslConnection@22ebb5d2{NEED_UNWRAP,eio=-1/-1,di=-1,fill=INTERESTED,flush=IDLE}~>DecryptedEndPoint@677b581d{l=/127.0.0.1:35537,r=/127.0.0.1:60848,OPEN,fill=FI,flush=-,to=40/30000}=>HttpConnection@696b7468[p=HttpParser{s=START,0 of -1},g=HttpGenerator@1fedba22{s=START}]=>HttpChannelOverHttp@474db1e2{s=HttpChannelState@afd6e8a{s=IDLE rs=BLOCKING os=OPEN is=IDLE awp=false se=false i=true al=0},r=0,c=false/false,a=IDLE,uri=null,age=0}
04:06:39.446 [qtp399373008-61] DEBUG org.eclipse.jetty.io.ChannelEndPoint - Key interests updated 1 -> 0 on SocketChannelEndPoint@160f6c84{l=/127.0.0.1:35537,r=/127.0.0.1:60848,OPEN,fill=-,flush=-,to=40/30000}{io=0/0,kio=0,kro=1}->SslConnection@22ebb5d2{NEED_UNWRAP,eio=-1/-1,di=-1,fill=INTERESTED,flush=IDLE}~>DecryptedEndPoint@677b581d{l=/127.0.0.1:35537,r=/127.0.0.1:60848,OPEN,fill=FI,flush=-,to=40/30000}=>HttpConnection@696b7468[p=HttpParser{s=START,0 of -1},g=HttpGenerator@1fedba22{s=START}]=>HttpChannelOverHttp@474db1e2{s=HttpChannelState@afd6e8a{s=IDLE rs=BLOCKING os=OPEN is=IDLE awp=false se=false i=true al=0},r=0,c=false/false,a=IDLE,uri=null,age=0}
04:06:39.446 [qtp399373008-62] DEBUG org.eclipse.jetty.io.FillInterest - fillable FillInterest@2d975583{AC.ReadCB@696b7468{HttpConnection@696b7468::DecryptedEndPoint@677b581d{l=/127.0.0.1:35537,r=/127.0.0.1:60848,OPEN,fill=FI,flush=-,to=40/30000}}}
04:06:39.446 [qtp399373008-61] DEBUG org.eclipse.jetty.io.ManagedSelector - Selector sun.nio.ch.EPollSelectorImpl@3702dbe9 waiting with 1 keys
04:06:39.446 [qtp399373008-62] DEBUG org.eclipse.jetty.server.HttpConnection - HttpConnection@696b7468::DecryptedEndPoint@677b581d{l=/127.0.0.1:35537,r=/127.0.0.1:60848,OPEN,fill=-,flush=-,to=40/30000} onFillable enter HttpChannelState@afd6e8a{s=IDLE rs=BLOCKING os=OPEN is=IDLE awp=false se=false i=true al=0} null
04:06:39.446 [qtp399373008-62] DEBUG org.eclipse.jetty.io.ssl.SslConnection - >fill SslConnection@22ebb5d2::SocketChannelEndPoint@160f6c84{l=/127.0.0.1:35537,r=/127.0.0.1:60848,OPEN,fill=-,flush=-,to=40/30000}{io=0/0,kio=0,kro=1}->SslConnection@22ebb5d2{NEED_UNWRAP,eio=-1/-1,di=-1,fill=IDLE,flush=IDLE}~>DecryptedEndPoint@677b581d{l=/127.0.0.1:35537,r=/127.0.0.1:60848,OPEN,fill=-,flush=-,to=40/30000}=>HttpConnection@696b7468[p=HttpParser{s=START,0 of -1},g=HttpGenerator@1fedba22{s=START}]=>HttpChannelOverHttp@474db1e2{s=HttpChannelState@afd6e8a{s=IDLE rs=BLOCKING os=OPEN is=IDLE awp=false se=false i=true al=0},r=0,c=false/false,a=IDLE,uri=null,age=0}
04:06:39.446 [qtp399373008-62] DEBUG org.eclipse.jetty.io.ssl.SslConnection - fill NEED_UNWRAP
04:06:39.446 [qtp399373008-62] DEBUG org.eclipse.jetty.io.ChannelEndPoint - filled 1508 HeapByteBuffer@3dc4242d[p=0,l=1508,c=17408,r=1508]={<<<\x17\x03\x03\x03\xAd\x86\x9b\xF4t/\xC8\x84\x84\x15\xBd&TBzO\x13\xA6+\x92\xB0...\x82L\t\\\xCf\xCdm\xC9QI\x1e\xC8\x9c\xC8\x15\xBc\x08\xF8\x83h\xD7\x1d\xD1>>>\x00\x00\x00\x00\x00\x00\x00\x00\x00...\x00\x00\x00\x00\x00\x00\x00}
04:06:39.446 [qtp399373008-62] DEBUG org.eclipse.jetty.io.ssl.SslConnection - net filled=1508
04:06:39.446 [qtp399373008-62] DEBUG org.eclipse.jetty.io.ssl.SslConnection - unwrap net_filled=1508 Status = OK HandshakeStatus = NEED_TASK bytesConsumed = 946 bytesProduced = 0 encryptedBuffer=[p=946,l=1508,c=17408,r=562] unwrapBuffer=HeapByteBuffer@373c4f5d[p=0,l=0,c=17408,r=0]={<<<>>>\x14\x03\x03\x00\x01\x01p\x86\xCe...\x00\x00\x00\x00\x00\x00\x00} appBuffer=HeapByteBuffer@373c4f5d[p=0,l=0,c=17408,r=0]={<<<>>>\x14\x03\x03\x00\x01\x01p\x86\xCe...\x00\x00\x00\x00\x00\x00\x00}
04:06:39.446 [qtp399373008-62] DEBUG org.eclipse.jetty.io.ssl.SslConnection - fill NEED_TASK
04:06:39.447 [qtp399373008-62] DEBUG org.eclipse.jetty.io.ssl.SslConnection - fill NEED_UNWRAP
04:06:39.447 [qtp399373008-62] DEBUG org.eclipse.jetty.io.ChannelEndPoint - filled 0 HeapByteBuffer@3dc4242d[p=946,l=1508,c=17408,r=562]={\x17\x03\x03\x03\xAd\x0b\x00\x03\x88...\xB8\xD4_\xFf\xE8R\xB7<<<\x17\x03\x03\x01)(\xA4\r\x9ezH\x1f\xF3e\xF0]\x8e\xDa\xD0\xF2d\x04\x11\xD9\x1f...\x82L\t\\\xCf\xCdm\xC9QI\x1e\xC8\x9c\xC8\x15\xBc\x08\xF8\x83h\xD7\x1d\xD1>>>\x00\x00\x00\x00\x00\x00\x00\x00\x00...\x00\x00\x00\x00\x00\x00\x00}
04:06:39.447 [qtp399373008-62] DEBUG org.eclipse.jetty.io.ssl.SslConnection - net filled=0
04:06:39.447 [qtp399373008-62] DEBUG org.eclipse.jetty.io.ssl.SslConnection - unwrap net_filled=0 Status = OK HandshakeStatus = NEED_TASK bytesConsumed = 302 bytesProduced = 0 encryptedBuffer=[p=1248,l=1508,c=17408,r=260] unwrapBuffer=HeapByteBuffer@373c4f5d[p=0,l=0,c=17408,r=0]={<<<>>>\x14\x03\x03\x00\x01\x01p\x86\xCe...\x00\x00\x00\x00\x00\x00\x00} appBuffer=HeapByteBuffer@373c4f5d[p=0,l=0,c=17408,r=0]={<<<>>>\x14\x03\x03\x00\x01\x01p\x86\xCe...\x00\x00\x00\x00\x00\x00\x00}
04:06:39.447 [qtp399373008-62] DEBUG org.eclipse.jetty.io.ssl.SslConnection - fill NEED_TASK
04:06:39.448 [qtp399373008-62] DEBUG org.eclipse.jetty.io.ssl.SslConnection - fill NEED_UNWRAP
04:06:39.448 [qtp399373008-62] DEBUG org.eclipse.jetty.io.ChannelEndPoint - filled 0 HeapByteBuffer@3dc4242d[p=1248,l=1508,c=17408,r=260]={\x17\x03\x03\x03\xAd\x0b\x00\x03\x88...e\xAf\x8c4\xD5\x05\xB7<<<\x17\x03\x03\x00Ud\x08p\x86\xF6\x87\x9b2\x9cC\x02\x80\xDew\x87\x861\xB2\x88s...\x82L\t\\\xCf\xCdm\xC9QI\x1e\xC8\x9c\xC8\x15\xBc\x08\xF8\x83h\xD7\x1d\xD1>>>\x00\x00\x00\x00\x00\x00\x00\x00\x00...\x00\x00\x00\x00\x00\x00\x00}
04:06:39.448 [qtp399373008-62] DEBUG org.eclipse.jetty.io.ssl.SslConnection - net filled=0
04:06:39.449 [qtp399373008-62] DEBUG org.eclipse.jetty.io.ssl.SslConnection - unwrap net_filled=0 Status = OK HandshakeStatus = NEED_WRAP bytesConsumed = 90 bytesProduced = 0 encryptedBuffer=[p=1338,l=1508,c=17408,r=170] unwrapBuffer=HeapByteBuffer@373c4f5d[p=0,l=0,c=17408,r=0]={<<<>>>\x14\x03\x03\x00\x01\x01p\x86\xCe...\x00\x00\x00\x00\x00\x00\x00} appBuffer=HeapByteBuffer@373c4f5d[p=0,l=0,c=17408,r=0]={<<<>>>\x14\x03\x03\x00\x01\x01p\x86\xCe...\x00\x00\x00\x00\x00\x00\x00}
04:06:39.449 [qtp399373008-62] DEBUG org.eclipse.jetty.io.ssl.SslConnection - fill NEED_WRAP
04:06:39.449 [qtp399373008-62] DEBUG org.eclipse.jetty.io.ssl.SslConnection - >flush SslConnection@22ebb5d2::SocketChannelEndPoint@160f6c84{l=/127.0.0.1:35537,r=/127.0.0.1:60848,OPEN,fill=-,flush=-,to=2/30000}{io=0/0,kio=0,kro=1}->SslConnection@22ebb5d2{NEED_WRAP,eio=170/-1,di=-1,fill=IDLE,flush=IDLE}~>DecryptedEndPoint@677b581d{l=/127.0.0.1:35537,r=/127.0.0.1:60848,OPEN,fill=-,flush=-,to=43/30000}=>HttpConnection@696b7468[p=HttpParser{s=START,0 of -1},g=HttpGenerator@1fedba22{s=START}]=>HttpChannelOverHttp@474db1e2{s=HttpChannelState@afd6e8a{s=IDLE rs=BLOCKING os=OPEN is=IDLE awp=false se=false i=true al=0},r=0,c=false/false,a=IDLE,uri=null,age=0}
04:06:39.449 [qtp399373008-62] DEBUG org.eclipse.jetty.io.ssl.SslConnection - flush b[0]=HeapByteBuffer@38928dbe[p=0,l=0,c=0,r=0]={<<<>>>}
04:06:39.449 [qtp399373008-62] DEBUG org.eclipse.jetty.io.ssl.SslConnection - flush NEED_WRAP
04:06:39.449 [qtp399373008-62] DEBUG org.eclipse.jetty.io.ssl.SslConnection - wrap Status = OK HandshakeStatus = FINISHED bytesConsumed = 0 bytesProduced = 88 [p=0,l=88,c=17408,r=88] ioDone=false/false
04:06:39.449 [qtp399373008-62] DEBUG org.eclipse.jetty.io.ChannelEndPoint - flushed 88 SocketChannelEndPoint@160f6c84{l=/127.0.0.1:35537,r=/127.0.0.1:60848,OPEN,fill=-,flush=-,to=3/30000}{io=0/0,kio=0,kro=1}->SslConnection@22ebb5d2{NOT_HANDSHAKING,eio=170/0,di=-1,fill=IDLE,flush=IDLE}~>DecryptedEndPoint@677b581d{l=/127.0.0.1:35537,r=/127.0.0.1:60848,OPEN,fill=-,flush=-,to=43/30000}=>HttpConnection@696b7468[p=HttpParser{s=START,0 of -1},g=HttpGenerator@1fedba22{s=START}]=>HttpChannelOverHttp@474db1e2{s=HttpChannelState@afd6e8a{s=IDLE rs=BLOCKING os=OPEN is=IDLE awp=false se=false i=true al=0},r=0,c=false/false,a=IDLE,uri=null,age=0}
04:06:39.449 [qtp399373008-62] DEBUG org.eclipse.jetty.io.ssl.SslConnection - net flushed=true, ac=true
04:06:39.449 [qtp399373008-62] DEBUG org.eclipse.jetty.io.ssl.SslConnection - handshake succeeded SslConnection@22ebb5d2::SocketChannelEndPoint@160f6c84{l=/127.0.0.1:35537,r=/127.0.0.1:60848,OPEN,fill=-,flush=-,to=0/30000}{io=0/0,kio=0,kro=1}->SslConnection@22ebb5d2{NOT_HANDSHAKING,eio=170/0,di=-1,fill=IDLE,flush=IDLE}~>DecryptedEndPoint@677b581d{l=/127.0.0.1:35537,r=/127.0.0.1:60848,OPEN,fill=-,flush=-,to=44/30000}=>HttpConnection@696b7468[p=HttpParser{s=START,0 of -1},g=HttpGenerator@1fedba22{s=START}]=>HttpChannelOverHttp@474db1e2{s=HttpChannelState@afd6e8a{s=IDLE rs=BLOCKING os=OPEN is=IDLE awp=false se=false i=true al=0},r=0,c=false/false,a=IDLE,uri=null,age=0} resumed server TLSv1.3/TLS_AES_256_GCM_SHA384
04:06:39.449 [qtp399373008-62] DEBUG org.eclipse.jetty.io.ssl.SslConnection - <flush true SslConnection@22ebb5d2::SocketChannelEndPoint@160f6c84{l=/127.0.0.1:35537,r=/127.0.0.1:60848,OPEN,fill=-,flush=-,to=0/30000}{io=0/0,kio=0,kro=1}->SslConnection@22ebb5d2{NOT_HANDSHAKING,eio=170/-1,di=-1,fill=IDLE,flush=IDLE}~>DecryptedEndPoint@677b581d{l=/127.0.0.1:35537,r=/127.0.0.1:60848,OPEN,fill=-,flush=-,to=44/30000}=>HttpConnection@696b7468[p=HttpParser{s=START,0 of -1},g=HttpGenerator@1fedba22{s=START}]=>HttpChannelOverHttp@474db1e2{s=HttpChannelState@afd6e8a{s=IDLE rs=BLOCKING os=OPEN is=IDLE awp=false se=false i=true al=0},r=0,c=false/false,a=IDLE,uri=null,age=0}
04:06:39.449 [qtp399373008-62] DEBUG org.eclipse.jetty.io.ssl.SslConnection - fill NOT_HANDSHAKING
04:06:39.450 [qtp399373008-62] DEBUG org.eclipse.jetty.io.ChannelEndPoint - filled 0 HeapByteBuffer@3dc4242d[p=1338,l=1508,c=17408,r=170]={\x17\x03\x03\x03\xAd\x0b\x00\x03\x88...U\x87\xA4\xC5H\xDb\xD5<<<\x17\x03\x03\x00\xA5KR\xE5\x9d_N\x96\xB5\xA8D\xD8u\xAaO\x87\n\xBf{\xBb\x04...\x82L\t\\\xCf\xCdm\xC9QI\x1e\xC8\x9c\xC8\x15\xBc\x08\xF8\x83h\xD7\x1d\xD1>>>\x00\x00\x00\x00\x00\x00\x00\x00\x00...\x00\x00\x00\x00\x00\x00\x00}
04:06:39.450 [qtp399373008-62] DEBUG org.eclipse.jetty.io.ssl.SslConnection - net filled=0
04:06:39.450 [qtp399373008-62] DEBUG org.eclipse.jetty.io.ssl.SslConnection - unwrap net_filled=0 Status = OK HandshakeStatus = NOT_HANDSHAKING bytesConsumed = 170 bytesProduced = 132 encryptedBuffer=[p=1508,l=1508,c=17408,r=0] unwrapBuffer=HeapByteBuffer@373c4f5d[p=0,l=132,c=17408,r=132]={<<<GET / HTTP/1.1\r\nIf-None-M...gent: okhttp/3.12.3\r\n\r\n>>>p\xC5z#\xB3\x89_\xF2a...\x00\x00\x00\x00\x00\x00\x00} appBuffer=HeapByteBuffer@373c4f5d[p=0,l=132,c=17408,r=132]={<<<GET / HTTP/1.1\r\nIf-None-M...gent: okhttp/3.12.3\r\n\r\n>>>p\xC5z#\xB3\x89_\xF2a...\x00\x00\x00\x00\x00\x00\x00}
04:06:39.450 [qtp399373008-62] DEBUG org.eclipse.jetty.io.ssl.SslConnection - <fill f=132 uf=false SslConnection@22ebb5d2::SocketChannelEndPoint@160f6c84{l=/127.0.0.1:35537,r=/127.0.0.1:60848,OPEN,fill=-,flush=-,to=0/30000}{io=0/0,kio=0,kro=1}->SslConnection@22ebb5d2{NOT_HANDSHAKING,eio=-1/-1,di=-1,fill=IDLE,flush=IDLE}~>DecryptedEndPoint@677b581d{l=/127.0.0.1:35537,r=/127.0.0.1:60848,OPEN,fill=-,flush=-,to=44/30000}=>HttpConnection@696b7468[p=HttpParser{s=START,0 of -1},g=HttpGenerator@1fedba22{s=START}]=>HttpChannelOverHttp@474db1e2{s=HttpChannelState@afd6e8a{s=IDLE rs=BLOCKING os=OPEN is=IDLE awp=false se=false i=true al=0},r=0,c=false/false,a=IDLE,uri=null,age=0}
04:06:39.450 [qtp399373008-62] DEBUG org.eclipse.jetty.server.HttpConnection - HttpConnection@696b7468::DecryptedEndPoint@677b581d{l=/127.0.0.1:35537,r=/127.0.0.1:60848,OPEN,fill=-,flush=-,to=44/30000} filled 132 HeapByteBuffer@373c4f5d[p=0,l=132,c=17408,r=132]={<<<GET / HTTP/1.1\r\nIf-None-M...gent: okhttp/3.12.3\r\n\r\n>>>p\xC5z#\xB3\x89_\xF2a...\x00\x00\x00\x00\x00\x00\x00}
04:06:39.450 [qtp399373008-62] DEBUG org.eclipse.jetty.server.HttpConnection - HttpConnection@696b7468::DecryptedEndPoint@677b581d{l=/127.0.0.1:35537,r=/127.0.0.1:60848,OPEN,fill=-,flush=-,to=44/30000} parse HeapByteBuffer@373c4f5d[p=0,l=132,c=17408,r=132]={<<<GET / HTTP/1.1\r\nIf-None-M...gent: okhttp/3.12.3\r\n\r\n>>>p\xC5z#\xB3\x89_\xF2a...\x00\x00\x00\x00\x00\x00\x00} {}
04:06:39.450 [qtp399373008-62] DEBUG org.eclipse.jetty.http.HttpParser - parseNext s=START HeapByteBuffer@373c4f5d[p=0,l=132,c=17408,r=132]={<<<GET / HTTP/1.1\r\nIf-None-M...gent: okhttp/3.12.3\r\n\r\n>>>p\xC5z#\xB3\x89_\xF2a...\x00\x00\x00\x00\x00\x00\x00}
04:06:39.450 [qtp399373008-62] DEBUG org.eclipse.jetty.http.HttpParser - START --> SPACE1
04:06:39.450 [qtp399373008-62] DEBUG org.eclipse.jetty.http.HttpParser - SPACE1 --> URI
04:06:39.450 [qtp399373008-62] DEBUG org.eclipse.jetty.http.HttpParser - URI --> SPACE2
04:06:39.450 [qtp399373008-62] DEBUG org.eclipse.jetty.http.HttpParser - SPACE2 --> REQUEST_VERSION
04:06:39.450 [qtp399373008-62] DEBUG org.eclipse.jetty.http.HttpParser - REQUEST_VERSION --> HEADER
04:06:39.450 [qtp399373008-62] DEBUG org.eclipse.jetty.http.HttpParser - HEADER:If-None-Match --> VALUE
04:06:39.450 [qtp399373008-62] DEBUG org.eclipse.jetty.http.HttpParser - HEADER:If-None-Match --> FIELD
04:06:39.450 [qtp399373008-62] DEBUG org.eclipse.jetty.http.HttpParser - HEADER:Host --> VALUE
04:06:39.450 [qtp399373008-62] DEBUG org.eclipse.jetty.http.HttpParser - HEADER:Host --> IN_VALUE
04:06:39.450 [qtp399373008-62] DEBUG org.eclipse.jetty.http.HttpParser - HEADER:Host --> FIELD
04:06:39.450 [qtp399373008-62] DEBUG org.eclipse.jetty.http.HttpParser - HEADER:Connection: keep-alive --> IN_VALUE
04:06:39.450 [qtp399373008-62] DEBUG org.eclipse.jetty.http.HttpParser - HEADER:Connection: keep-alive --> FIELD
04:06:39.450 [qtp399373008-62] DEBUG org.eclipse.jetty.http.HttpParser - HEADER:Accept-Encoding: gzip --> IN_VALUE
04:06:39.450 [qtp399373008-62] DEBUG org.eclipse.jetty.http.HttpParser - HEADER:Accept-Encoding: gzip --> FIELD
04:06:39.450 [qtp399373008-62] DEBUG org.eclipse.jetty.http.HttpParser - HEADER:User-Agent --> VALUE
04:06:39.450 [qtp399373008-62] DEBUG org.eclipse.jetty.http.HttpParser - HEADER:User-Agent --> IN_VALUE
04:06:39.450 [qtp399373008-62] DEBUG org.eclipse.jetty.http.HttpParser - HEADER:User-Agent --> FIELD
04:06:39.450 [qtp399373008-62] DEBUG org.eclipse.jetty.http.HttpParser - HEADER --> CONTENT
04:06:39.450 [qtp399373008-62] DEBUG org.eclipse.jetty.server.HttpChannel - REQUEST for //localhost:35537/ on HttpChannelOverHttp@474db1e2{s=HttpChannelState@afd6e8a{s=IDLE rs=BLOCKING os=OPEN is=IDLE awp=false se=false i=true al=0},r=1,c=false/false,a=IDLE,uri=//localhost:35537/,age=0}
GET //localhost:35537/ HTTP/1.1
If-None-Match: 
Host: localhost:35537
Connection: keep-alive
Accept-Encoding: gzip
User-Agent: okhttp/3.12.3


04:06:39.450 [qtp399373008-62] DEBUG org.eclipse.jetty.server.HttpConnection - HttpConnection@696b7468::DecryptedEndPoint@677b581d{l=/127.0.0.1:35537,r=/127.0.0.1:60848,OPEN,fill=-,flush=-,to=44/30000} parsed true HttpParser{s=CONTENT,0 of -1}
04:06:39.450 [qtp399373008-62] DEBUG org.eclipse.jetty.server.HttpConnection - releaseRequestBuffer HttpConnection@696b7468::DecryptedEndPoint@677b581d{l=/127.0.0.1:35537,r=/127.0.0.1:60848,OPEN,fill=-,flush=-,to=45/30000}
04:06:39.450 [qtp399373008-62] DEBUG org.eclipse.jetty.server.HttpChannel - handle //localhost:35537/ HttpChannelOverHttp@474db1e2{s=HttpChannelState@afd6e8a{s=IDLE rs=BLOCKING os=OPEN is=IDLE awp=false se=false i=true al=0},r=1,c=false/false,a=IDLE,uri=//localhost:35537/,age=0} 
04:06:39.450 [qtp399373008-62] DEBUG org.eclipse.jetty.server.HttpChannelState - handling HttpChannelState@afd6e8a{s=IDLE rs=BLOCKING os=OPEN is=IDLE awp=false se=false i=true al=0}
04:06:39.450 [qtp399373008-62] DEBUG org.eclipse.jetty.server.HttpChannel - action DISPATCH HttpChannelOverHttp@474db1e2{s=HttpChannelState@afd6e8a{s=HANDLING rs=BLOCKING os=OPEN is=IDLE awp=false se=false i=true al=0},r=1,c=false/false,a=HANDLING,uri=//localhost:35537/,age=0}
04:06:39.450 [qtp399373008-62] DEBUG org.eclipse.jetty.server.SecureRequestCustomizer - Host localhost with SNI null
04:06:39.451 [qtp399373008-62] DEBUG org.eclipse.jetty.server.Server - REQUEST GET / on HttpChannelOverHttp@474db1e2{s=HttpChannelState@afd6e8a{s=HANDLING rs=BLOCKING os=OPEN is=IDLE awp=false se=false i=true al=0},r=1,c=false/false,a=HANDLING,uri=https://localhost:35537/,age=1}
04:06:39.451 [qtp399373008-62] DEBUG org.eclipse.jetty.server.HttpOutput - write(array HeapByteBuffer@723ed7de[p=0,l=4,c=512,r=4]={<<<test>>>\x00\x00\x00\x00\x00\x00\x00\x00\x00...\x00\x00\x00\x00\x00\x00\x00})
04:06:39.451 [qtp399373008-62] DEBUG org.eclipse.jetty.server.HttpOutput - write(array) s=CLOSING,api=BLOCKED,sc=false,e=null last=true agg=false flush=true async=false, len=4 null
04:06:39.451 [qtp399373008-62] DEBUG org.eclipse.jetty.server.HttpChannel - sendResponse info=null content=HeapByteBuffer@6ec760f8[p=0,l=4,c=512,r=4]={<<<test>>>\x00\x00\x00\x00\x00\x00\x00\x00\x00...\x00\x00\x00\x00\x00\x00\x00} complete=true committing=true callback=Blocker@43866430{null}
04:06:39.451 [qtp399373008-62] DEBUG org.eclipse.jetty.server.HttpChannel - COMMIT for / on HttpChannelOverHttp@474db1e2{s=HttpChannelState@afd6e8a{s=HANDLING rs=BLOCKING os=COMMITTED is=IDLE awp=false se=false i=true al=0},r=1,c=false/false,a=HANDLING,uri=https://localhost:35537/,age=1}
200 null HTTP/1.1
Date: Thu, 02 May 2024 03:06:39 GMT
ETag: testEtag
Content-Type: text/plain;charset=utf-8
Content-Length: 4


04:06:39.451 [qtp399373008-62] DEBUG org.eclipse.jetty.server.HttpConnection - generate: NEED_HEADER for SendCallback@16958dba[PROCESSING][i=HTTP/1.1{s=200,h=4,cl=4},cb=org.eclipse.jetty.server.HttpChannel$SendCallback@12112891] (null,[p=0,l=4,c=512,r=4],true)@START
04:06:39.451 [qtp399373008-62] DEBUG org.eclipse.jetty.http.HttpGenerator - generateHeaders HTTP/1.1{s=200,h=4,cl=4} last=true content=HeapByteBuffer@6ec760f8[p=0,l=4,c=512,r=4]={<<<test>>>\x00\x00\x00\x00\x00\x00\x00\x00\x00...\x00\x00\x00\x00\x00\x00\x00}
04:06:39.451 [qtp399373008-62] DEBUG org.eclipse.jetty.http.HttpGenerator - Date: Thu, 02 May 2024 03:06:39 GMT
ETag: testEtag
Content-Type: text/plain;charset=utf-8
Content-Length: 4


04:06:39.451 [qtp399373008-62] DEBUG org.eclipse.jetty.http.HttpGenerator - CONTENT_LENGTH
04:06:39.451 [qtp399373008-62] DEBUG org.eclipse.jetty.server.HttpConnection - generate: FLUSH for SendCallback@16958dba[PROCESSING][i=HTTP/1.1{s=200,h=4,cl=4},cb=org.eclipse.jetty.server.HttpChannel$SendCallback@12112891] ([p=0,l=164,c=8192,r=164],[p=0,l=4,c=512,r=4],true)@COMPLETING
04:06:39.451 [qtp399373008-62] DEBUG org.eclipse.jetty.io.WriteFlusher - write: WriteFlusher@47044a8b{IDLE}->null [HeapByteBuffer@341ac865[p=0,l=164,c=8192,r=164]={<<<HTTP/1.1 200 OK\r\nDate: Th...y(9.4.44.v20210927)\r\n\r\n>>>\x00\x00\x00\x00\x00\x00\x00\x00\x00...\x00\x00\x00\x00\x00\x00\x00},HeapByteBuffer@6ec760f8[p=0,l=4,c=512,r=4]={<<<test>>>\x00\x00\x00\x00\x00\x00\x00\x00\x00...\x00\x00\x00\x00\x00\x00\x00}]
04:06:39.451 [qtp399373008-62] DEBUG org.eclipse.jetty.io.WriteFlusher - update WriteFlusher@47044a8b{WRITING}->null:IDLE-->WRITING
04:06:39.451 [qtp399373008-62] DEBUG org.eclipse.jetty.io.ssl.SslConnection - >flush SslConnection@22ebb5d2::SocketChannelEndPoint@160f6c84{l=/127.0.0.1:35537,r=/127.0.0.1:60848,OPEN,fill=-,flush=-,to=1/30000}{io=0/0,kio=0,kro=1}->SslConnection@22ebb5d2{NOT_HANDSHAKING,eio=-1/-1,di=-1,fill=IDLE,flush=IDLE}~>DecryptedEndPoint@677b581d{l=/127.0.0.1:35537,r=/127.0.0.1:60848,OPEN,fill=-,flush=W,to=45/30000}=>HttpConnection@696b7468[p=HttpParser{s=CONTENT,0 of -1},g=HttpGenerator@1fedba22{s=COMPLETING}]=>HttpChannelOverHttp@474db1e2{s=HttpChannelState@afd6e8a{s=HANDLING rs=BLOCKING os=COMMITTED is=IDLE awp=false se=false i=true al=0},r=1,c=false/false,a=HANDLING,uri=https://localhost:35537/,age=1}
04:06:39.451 [qtp399373008-62] DEBUG org.eclipse.jetty.io.ssl.SslConnection - flush b[0]=HeapByteBuffer@341ac865[p=0,l=164,c=8192,r=164]={<<<HTTP/1.1 200 OK\r\nDate: Th...y(9.4.44.v20210927)\r\n\r\n>>>\x00\x00\x00\x00\x00\x00\x00\x00\x00...\x00\x00\x00\x00\x00\x00\x00}
04:06:39.451 [qtp399373008-62] DEBUG org.eclipse.jetty.io.ssl.SslConnection - flush b[1]=HeapByteBuffer@6ec760f8[p=0,l=4,c=512,r=4]={<<<test>>>\x00\x00\x00\x00\x00\x00\x00\x00\x00...\x00\x00\x00\x00\x00\x00\x00}
04:06:39.451 [qtp399373008-62] DEBUG org.eclipse.jetty.io.ssl.SslConnection - flush NOT_HANDSHAKING
04:06:39.451 [qtp399373008-62] DEBUG org.eclipse.jetty.io.ssl.SslConnection - wrap Status = OK HandshakeStatus = NOT_HANDSHAKING bytesConsumed = 168 bytesProduced = 206 [p=0,l=206,c=17408,r=206] ioDone=false/false
04:06:39.451 [qtp399373008-62] DEBUG org.eclipse.jetty.io.ChannelEndPoint - flushed 206 SocketChannelEndPoint@160f6c84{l=/127.0.0.1:35537,r=/127.0.0.1:60848,OPEN,fill=-,flush=-,to=1/30000}{io=0/0,kio=0,kro=1}->SslConnection@22ebb5d2{NOT_HANDSHAKING,eio=-1/0,di=-1,fill=IDLE,flush=IDLE}~>DecryptedEndPoint@677b581d{l=/127.0.0.1:35537,r=/127.0.0.1:60848,OPEN,fill=-,flush=W,to=45/30000}=>HttpConnection@696b7468[p=HttpParser{s=CONTENT,0 of -1},g=HttpGenerator@1fedba22{s=COMPLETING}]=>HttpChannelOverHttp@474db1e2{s=HttpChannelState@afd6e8a{s=HANDLING rs=BLOCKING os=COMMITTED is=IDLE awp=false se=false i=true al=0},r=1,c=false/false,a=HANDLING,uri=https://localhost:35537/,age=1}
04:06:39.451 [qtp399373008-62] DEBUG org.eclipse.jetty.io.ssl.SslConnection - net flushed=true, ac=true
04:06:39.451 [qtp399373008-62] DEBUG org.eclipse.jetty.io.ssl.SslConnection - <flush true SslConnection@22ebb5d2::SocketChannelEndPoint@160f6c84{l=/127.0.0.1:35537,r=/127.0.0.1:60848,OPEN,fill=-,flush=-,to=0/30000}{io=0/0,kio=0,kro=1}->SslConnection@22ebb5d2{NOT_HANDSHAKING,eio=-1/-1,di=-1,fill=IDLE,flush=IDLE}~>DecryptedEndPoint@677b581d{l=/127.0.0.1:35537,r=/127.0.0.1:60848,OPEN,fill=-,flush=W,to=45/30000}=>HttpConnection@696b7468[p=HttpParser{s=CONTENT,0 of -1},g=HttpGenerator@1fedba22{s=COMPLETING}]=>HttpChannelOverHttp@474db1e2{s=HttpChannelState@afd6e8a{s=HANDLING rs=BLOCKING os=COMMITTED is=IDLE awp=false se=false i=true al=0},r=1,c=false/false,a=HANDLING,uri=https://localhost:35537/,age=1}
04:06:39.451 [qtp399373008-62] DEBUG org.eclipse.jetty.io.WriteFlusher - Flushed=true written=168 remaining=0 WriteFlusher@47044a8b{WRITING}->null
04:06:39.451 [qtp399373008-62] DEBUG org.eclipse.jetty.io.WriteFlusher - update WriteFlusher@47044a8b{IDLE}->null:WRITING-->IDLE
04:06:39.451 [qtp399373008-62] DEBUG org.eclipse.jetty.server.HttpConnection - generate: DONE for SendCallback@16958dba[PROCESSING][i=HTTP/1.1{s=200,h=4,cl=4},cb=org.eclipse.jetty.server.HttpChannel$SendCallback@12112891] ([p=164,l=164,c=8192,r=0],[p=4,l=4,c=512,r=0],true)@END
04:06:39.451 [qtp399373008-62] DEBUG org.eclipse.jetty.server.HttpOutput - onWriteComplete(true,null) s=CLOSING,api=BLOCKED,sc=false,e=null->s=CLOSED,api=BLOCKING,sc=false,e=null c=null cb=null w=false
04:06:39.451 [qtp399373008-62] DEBUG org.eclipse.jetty.server.HttpOutput - close() s=CLOSED,api=BLOCKING,sc=false,e=null c=null b=null
04:06:39.451 [qtp399373008-62] DEBUG org.eclipse.jetty.server.Server - handled=true async=false committed=true on HttpChannelOverHttp@474db1e2{s=HttpChannelState@afd6e8a{s=HANDLING rs=BLOCKING os=COMPLETED is=IDLE awp=false se=false i=true al=0},r=1,c=false/true,a=HANDLING,uri=https://localhost:35537/,age=1}
04:06:39.451 [qtp399373008-62] DEBUG org.eclipse.jetty.server.HttpChannelState - unhandle HttpChannelState@afd6e8a{s=HANDLING rs=BLOCKING os=COMPLETED is=IDLE awp=false se=false i=true al=0}
04:06:39.451 [qtp399373008-62] DEBUG org.eclipse.jetty.server.HttpChannelState - nextAction(false) COMPLETE HttpChannelState@afd6e8a{s=HANDLING rs=COMPLETING os=COMPLETED is=IDLE awp=false se=false i=false al=0}
04:06:39.451 [main] DEBUG org.apache.nifi.minifi.bootstrap.configuration.ingestors.PullHttpChangeIngestor - Response received: Response{protocol=http/1.1, code=200, message=OK, url=https://localhost:35537/}
04:06:39.451 [qtp399373008-62] DEBUG org.eclipse.jetty.server.HttpChannel - action COMPLETE HttpChannelOverHttp@474db1e2{s=HttpChannelState@afd6e8a{s=HANDLING rs=COMPLETING os=COMPLETED is=IDLE awp=false se=false i=false al=0},r=1,c=false/true,a=HANDLING,uri=https://localhost:35537/,age=1}
04:06:39.451 [qtp399373008-62] DEBUG org.eclipse.jetty.server.HttpOutput - complete(org.eclipse.jetty.util.Callback$3@37d311bf) s=CLOSED,api=BLOCKING,sc=false,e=null s=true e=null, c=null
04:06:39.451 [qtp399373008-62] DEBUG org.eclipse.jetty.server.HttpChannelState - completed HttpChannelState@afd6e8a{s=HANDLING rs=COMPLETING os=COMPLETED is=IDLE awp=false se=false i=false al=0}
04:06:39.451 [qtp399373008-62] DEBUG org.eclipse.jetty.server.HttpChannelState - unhandle HttpChannelState@afd6e8a{s=HANDLING rs=COMPLETED os=COMPLETED is=IDLE awp=false se=false i=false al=0}
04:06:39.451 [qtp399373008-62] DEBUG org.eclipse.jetty.server.HttpChannelState - nextAction(false) TERMINATED HttpChannelState@afd6e8a{s=IDLE rs=COMPLETED os=COMPLETED is=IDLE awp=false se=false i=false al=0}
04:06:39.452 [qtp399373008-62] DEBUG org.eclipse.jetty.server.HttpChannel - action TERMINATED HttpChannelOverHttp@474db1e2{s=HttpChannelState@afd6e8a{s=IDLE rs=COMPLETED os=COMPLETED is=IDLE awp=false se=false i=false al=0},r=1,c=true/true,a=IDLE,uri=https://localhost:35537/,age=1}
04:06:39.452 [qtp399373008-62] DEBUG org.eclipse.jetty.server.HttpChannel - onCompleted for / written=4
04:06:39.452 [main] DEBUG org.apache.nifi.minifi.bootstrap.configuration.ingestors.PullHttpChangeIngestor - New change received, notifying listener
04:06:39.452 [qtp399373008-62] DEBUG org.eclipse.jetty.io.ssl.SslConnection - >fill SslConnection@22ebb5d2::SocketChannelEndPoint@160f6c84{l=/127.0.0.1:35537,r=/127.0.0.1:60848,OPEN,fill=-,flush=-,to=0/30000}{io=0/0,kio=0,kro=1}->SslConnection@22ebb5d2{NOT_HANDSHAKING,eio=-1/-1,di=-1,fill=IDLE,flush=IDLE}~>DecryptedEndPoint@677b581d{l=/127.0.0.1:35537,r=/127.0.0.1:60848,OPEN,fill=-,flush=-,to=46/30000}=>HttpConnection@696b7468[p=HttpParser{s=CONTENT,0 of -1},g=HttpGenerator@1fedba22{s=END}]=>HttpChannelOverHttp@474db1e2{s=HttpChannelState@afd6e8a{s=IDLE rs=COMPLETED os=COMPLETED is=IDLE awp=false se=false i=false al=0},r=1,c=true/true,a=IDLE,uri=https://localhost:35537/,age=2}
04:06:39.452 [qtp399373008-62] DEBUG org.eclipse.jetty.io.ssl.SslConnection - fill NOT_HANDSHAKING
04:06:39.452 [main] DEBUG org.apache.nifi.minifi.bootstrap.configuration.ingestors.PullHttpChangeIngestor - Listeners notified
04:06:39.452 [qtp399373008-62] DEBUG org.eclipse.jetty.io.ChannelEndPoint - filled 0 HeapByteBuffer@373c4f5d[p=0,l=0,c=17408,r=0]={<<<>>>GET / HTT...\x00\x00\x00\x00\x00\x00\x00}
04:06:39.452 [qtp399373008-62] DEBUG org.eclipse.jetty.io.ssl.SslConnection - net filled=0
04:06:39.452 [qtp399373008-62] DEBUG org.eclipse.jetty.io.ssl.SslConnection - unwrap net_filled=0 Status = BUFFER_UNDERFLOW HandshakeStatus = NOT_HANDSHAKING bytesConsumed = 0 bytesProduced = 0 encryptedBuffer=[p=0,l=0,c=17408,r=0] unwrapBuffer=HeapByteBuffer@3dc4242d[p=0,l=0,c=17408,r=0]={<<<>>>\x17\x03\x03\x03\xAd\x0b\x00\x03\x88...\x00\x00\x00\x00\x00\x00\x00} appBuffer=HeapByteBuffer@3dc4242d[p=0,l=0,c=17408,r=0]={<<<>>>\x17\x03\x03\x03\xAd\x0b\x00\x03\x88...\x00\x00\x00\x00\x00\x00\x00}
04:06:39.452 [main] DEBUG org.apache.nifi.minifi.bootstrap.configuration.ingestors.PullHttpChangeIngestor - Attempting to pull new config
04:06:39.452 [qtp399373008-62] DEBUG org.eclipse.jetty.io.ssl.SslConnection - <fill f=0 uf=true SslConnection@22ebb5d2::SocketChannelEndPoint@160f6c84{l=/127.0.0.1:35537,r=/127.0.0.1:60848,OPEN,fill=-,flush=-,to=0/30000}{io=0/0,kio=0,kro=1}->SslConnection@22ebb5d2{NOT_HANDSHAKING,eio=-1/-1,di=-1,fill=IDLE,flush=IDLE}~>DecryptedEndPoint@677b581d{l=/127.0.0.1:35537,r=/127.0.0.1:60848,OPEN,fill=-,flush=-,to=46/30000}=>HttpConnection@696b7468[p=HttpParser{s=CONTENT,0 of -1},g=HttpGenerator@1fedba22{s=END}]=>HttpChannelOverHttp@474db1e2{s=HttpChannelState@afd6e8a{s=IDLE rs=COMPLETED os=COMPLETED is=IDLE awp=false se=false i=false al=0},r=1,c=true/true,a=IDLE,uri=https://localhost:35537/,age=2}
04:06:39.452 [qtp399373008-62] DEBUG org.eclipse.jetty.io.ssl.SslConnection - >fill SslConnection@22ebb5d2::SocketChannelEndPoint@160f6c84{l=/127.0.0.1:35537,r=/127.0.0.1:60848,OPEN,fill=-,flush=-,to=0/30000}{io=0/0,kio=0,kro=1}->SslConnection@22ebb5d2{NOT_HANDSHAKING,eio=-1/-1,di=-1,fill=IDLE,flush=IDLE}~>DecryptedEndPoint@677b581d{l=/127.0.0.1:35537,r=/127.0.0.1:60848,OPEN,fill=-,flush=-,to=46/30000}=>HttpConnection@696b7468[p=HttpParser{s=CONTENT,0 of -1},g=HttpGenerator@1fedba22{s=END}]=>HttpChannelOverHttp@474db1e2{s=HttpChannelState@afd6e8a{s=IDLE rs=COMPLETED os=COMPLETED is=IDLE awp=false se=false i=false al=0},r=1,c=true/true,a=IDLE,uri=https://localhost:35537/,age=2}
04:06:39.452 [qtp399373008-62] DEBUG org.eclipse.jetty.io.ssl.SslConnection - fill NOT_HANDSHAKING
04:06:39.452 [qtp399373008-62] DEBUG org.eclipse.jetty.io.ChannelEndPoint - filled 0 HeapByteBuffer@3303dde5[p=0,l=0,c=17408,r=0]={<<<>>>\x17\x03\x03\x00\xC9\xAe\x13\x15Y...\x00\x00\x00\x00\x00\x00\x00}
04:06:39.452 [qtp399373008-62] DEBUG org.eclipse.jetty.io.ssl.SslConnection - net filled=0
04:06:39.452 [qtp399373008-62] DEBUG org.eclipse.jetty.io.ssl.SslConnection - unwrap net_filled=0 Status = BUFFER_UNDERFLOW HandshakeStatus = NOT_HANDSHAKING bytesConsumed = 0 bytesProduced = 0 encryptedBuffer=[p=0,l=0,c=17408,r=0] unwrapBuffer=HeapByteBuffer@3dc4242d[p=0,l=0,c=17408,r=0]={<<<>>>\x17\x03\x03\x03\xAd\x0b\x00\x03\x88...\x00\x00\x00\x00\x00\x00\x00} appBuffer=HeapByteBuffer@3dc4242d[p=0,l=0,c=17408,r=0]={<<<>>>\x17\x03\x03\x03\xAd\x0b\x00\x03\x88...\x00\x00\x00\x00\x00\x00\x00}
04:06:39.452 [qtp399373008-62] DEBUG org.eclipse.jetty.io.ssl.SslConnection - <fill f=0 uf=true SslConnection@22ebb5d2::SocketChannelEndPoint@160f6c84{l=/127.0.0.1:35537,r=/127.0.0.1:60848,OPEN,fill=-,flush=-,to=0/30000}{io=0/0,kio=0,kro=1}->SslConnection@22ebb5d2{NOT_HANDSHAKING,eio=-1/-1,di=-1,fill=IDLE,flush=IDLE}~>DecryptedEndPoint@677b581d{l=/127.0.0.1:35537,r=/127.0.0.1:60848,OPEN,fill=-,flush=-,to=46/30000}=>HttpConnection@696b7468[p=HttpParser{s=CONTENT,0 of -1},g=HttpGenerator@1fedba22{s=END}]=>HttpChannelOverHttp@474db1e2{s=HttpChannelState@afd6e8a{s=IDLE rs=COMPLETED os=COMPLETED is=IDLE awp=false se=false i=false al=0},r=1,c=true/true,a=IDLE,uri=https://localhost:35537/,age=2}
04:06:39.452 [qtp399373008-62] DEBUG org.eclipse.jetty.server.HttpConnection - HttpConnection@696b7468::DecryptedEndPoint@677b581d{l=/127.0.0.1:35537,r=/127.0.0.1:60848,OPEN,fill=-,flush=-,to=46/30000} filled 0 HeapByteBuffer@3dc4242d[p=0,l=0,c=17408,r=0]={<<<>>>\x17\x03\x03\x03\xAd\x0b\x00\x03\x88...\x00\x00\x00\x00\x00\x00\x00}
04:06:39.452 [qtp399373008-62] DEBUG org.eclipse.jetty.server.HttpConnection - HttpConnection@696b7468::DecryptedEndPoint@677b581d{l=/127.0.0.1:35537,r=/127.0.0.1:60848,OPEN,fill=-,flush=-,to=46/30000} parse HeapByteBuffer@3dc4242d[p=0,l=0,c=17408,r=0]={<<<>>>\x17\x03\x03\x03\xAd\x0b\x00\x03\x88...\x00\x00\x00\x00\x00\x00\x00} {}
04:06:39.452 [qtp399373008-62] DEBUG org.eclipse.jetty.http.HttpParser - parseNext s=CONTENT HeapByteBuffer@3dc4242d[p=0,l=0,c=17408,r=0]={<<<>>>\x17\x03\x03\x03\xAd\x0b\x00\x03\x88...\x00\x00\x00\x00\x00\x00\x00}
04:06:39.452 [qtp399373008-62] DEBUG org.eclipse.jetty.http.HttpParser - CONTENT --> CONTENT_END
04:06:39.452 [qtp399373008-62] DEBUG org.eclipse.jetty.server.HttpChannel - onContentComplete HttpChannelOverHttp@474db1e2{s=HttpChannelState@afd6e8a{s=IDLE rs=COMPLETED os=COMPLETED is=IDLE awp=false se=false i=false al=0},r=1,c=true/true,a=IDLE,uri=https://localhost:35537/,age=2}
04:06:39.452 [qtp399373008-62] DEBUG org.eclipse.jetty.http.HttpParser - CONTENT_END --> END
04:06:39.452 [qtp399373008-62] DEBUG org.eclipse.jetty.server.HttpChannel - onRequestComplete HttpChannelOverHttp@474db1e2{s=HttpChannelState@afd6e8a{s=IDLE rs=COMPLETED os=COMPLETED is=IDLE awp=false se=false i=false al=0},r=1,c=true/true,a=IDLE,uri=https://localhost:35537/,age=2}
04:06:39.452 [qtp399373008-62] DEBUG org.eclipse.jetty.server.HttpInput - HttpInputOverHTTP@d91a2a2[c=0,q=0,[0]=null,s=STREAM] addContent EOF
04:06:39.452 [qtp399373008-62] DEBUG org.eclipse.jetty.server.HttpConnection - HttpConnection@696b7468::DecryptedEndPoint@677b581d{l=/127.0.0.1:35537,r=/127.0.0.1:60848,OPEN,fill=-,flush=-,to=46/30000} parsed false HttpParser{s=END,0 of -1}
04:06:39.452 [qtp399373008-62] DEBUG org.eclipse.jetty.server.HttpConnection - releaseRequestBuffer HttpConnection@696b7468::DecryptedEndPoint@677b581d{l=/127.0.0.1:35537,r=/127.0.0.1:60848,OPEN,fill=-,flush=-,to=46/30000}
04:06:39.452 [qtp399373008-62] DEBUG org.eclipse.jetty.server.HttpChannelState - recycle HttpChannelState@afd6e8a{s=IDLE rs=COMPLETED os=COMPLETED is=IDLE awp=false se=false i=false al=0}
04:06:39.452 [qtp399373008-62] DEBUG org.eclipse.jetty.http.HttpParser - reset HttpParser{s=END,0 of -1}
04:06:39.452 [qtp399373008-62] DEBUG org.eclipse.jetty.http.HttpParser - END --> START
04:06:39.452 [qtp399373008-62] DEBUG org.eclipse.jetty.server.HttpChannel - !handle TERMINATED HttpChannelOverHttp@474db1e2{s=HttpChannelState@afd6e8a{s=IDLE rs=BLOCKING os=OPEN is=IDLE awp=false se=false i=true al=0},r=1,c=false/false,a=IDLE,uri=null,age=0}
04:06:39.452 [qtp399373008-62] DEBUG org.eclipse.jetty.io.ssl.SslConnection - >fill SslConnection@22ebb5d2::SocketChannelEndPoint@160f6c84{l=/127.0.0.1:35537,r=/127.0.0.1:60848,OPEN,fill=-,flush=-,to=1/30000}{io=0/0,kio=0,kro=1}->SslConnection@22ebb5d2{NOT_HANDSHAKING,eio=-1/-1,di=-1,fill=IDLE,flush=IDLE}~>DecryptedEndPoint@677b581d{l=/127.0.0.1:35537,r=/127.0.0.1:60848,OPEN,fill=-,flush=-,to=46/30000}=>HttpConnection@696b7468[p=HttpParser{s=START,0 of -1},g=HttpGenerator@1fedba22{s=START}]=>HttpChannelOverHttp@474db1e2{s=HttpChannelState@afd6e8a{s=IDLE rs=BLOCKING os=OPEN is=IDLE awp=false se=false i=true al=0},r=1,c=false/false,a=IDLE,uri=null,age=0}
04:06:39.452 [qtp399373008-62] DEBUG org.eclipse.jetty.io.ssl.SslConnection - fill NOT_HANDSHAKING
04:06:39.452 [qtp399373008-62] DEBUG org.eclipse.jetty.io.ChannelEndPoint - filled 0 HeapByteBuffer@3303dde5[p=0,l=0,c=17408,r=0]={<<<>>>\x17\x03\x03\x00\xC9\xAe\x13\x15Y...\x00\x00\x00\x00\x00\x00\x00}
04:06:39.452 [qtp399373008-62] DEBUG org.eclipse.jetty.io.ssl.SslConnection - net filled=0
04:06:39.452 [qtp399373008-62] DEBUG org.eclipse.jetty.io.ssl.SslConnection - unwrap net_filled=0 Status = BUFFER_UNDERFLOW HandshakeStatus = NOT_HANDSHAKING bytesConsumed = 0 bytesProduced = 0 encryptedBuffer=[p=0,l=0,c=17408,r=0] unwrapBuffer=HeapByteBuffer@373c4f5d[p=0,l=0,c=17408,r=0]={<<<>>>GET / HTT...\x00\x00\x00\x00\x00\x00\x00} appBuffer=HeapByteBuffer@373c4f5d[p=0,l=0,c=17408,r=0]={<<<>>>GET / HTT...\x00\x00\x00\x00\x00\x00\x00}
04:06:39.452 [qtp399373008-62] DEBUG org.eclipse.jetty.io.ssl.SslConnection - <fill f=0 uf=true SslConnection@22ebb5d2::SocketChannelEndPoint@160f6c84{l=/127.0.0.1:35537,r=/127.0.0.1:60848,OPEN,fill=-,flush=-,to=1/30000}{io=0/0,kio=0,kro=1}->SslConnection@22ebb5d2{NOT_HANDSHAKING,eio=-1/-1,di=-1,fill=IDLE,flush=IDLE}~>DecryptedEndPoint@677b581d{l=/127.0.0.1:35537,r=/127.0.0.1:60848,OPEN,fill=-,flush=-,to=47/30000}=>HttpConnection@696b7468[p=HttpParser{s=START,0 of -1},g=HttpGenerator@1fedba22{s=START}]=>HttpChannelOverHttp@474db1e2{s=HttpChannelState@afd6e8a{s=IDLE rs=BLOCKING os=OPEN is=IDLE awp=false se=false i=true al=0},r=1,c=false/false,a=IDLE,uri=null,age=0}
04:06:39.452 [qtp399373008-62] DEBUG org.eclipse.jetty.io.ssl.SslConnection - >fill SslConnection@22ebb5d2::SocketChannelEndPoint@160f6c84{l=/127.0.0.1:35537,r=/127.0.0.1:60848,OPEN,fill=-,flush=-,to=1/30000}{io=0/0,kio=0,kro=1}->SslConnection@22ebb5d2{NOT_HANDSHAKING,eio=-1/-1,di=-1,fill=IDLE,flush=IDLE}~>DecryptedEndPoint@677b581d{l=/127.0.0.1:35537,r=/127.0.0.1:60848,OPEN,fill=-,flush=-,to=47/30000}=>HttpConnection@696b7468[p=HttpParser{s=START,0 of -1},g=HttpGenerator@1fedba22{s=START}]=>HttpChannelOverHttp@474db1e2{s=HttpChannelState@afd6e8a{s=IDLE rs=BLOCKING os=OPEN is=IDLE awp=false se=false i=true al=0},r=1,c=false/false,a=IDLE,uri=null,age=0}
04:06:39.452 [qtp399373008-62] DEBUG org.eclipse.jetty.io.ssl.SslConnection - fill NOT_HANDSHAKING
04:06:39.452 [qtp399373008-62] DEBUG org.eclipse.jetty.io.ChannelEndPoint - filled 180 HeapByteBuffer@3dc4242d[p=0,l=180,c=17408,r=180]={<<<\x17\x03\x03\x00\xAfm\xC6\x02a\xA8\xB4e:\x85\x03\x08c\xD4/\xAd\xAf*\xDb \x97...\xAd\xAb\x9c3\x8a\xDa\xB5\xD1>\x8d\xDb\xA8\x07\xE0\xE8\xAb\xCc\xEam>\xC6\xB8@>>>009101538...\x00\x00\x00\x00\x00\x00\x00}
04:06:39.453 [qtp399373008-62] DEBUG org.eclipse.jetty.io.ssl.SslConnection - net filled=180
04:06:39.453 [qtp399373008-62] DEBUG org.eclipse.jetty.io.ssl.SslConnection - unwrap net_filled=180 Status = OK HandshakeStatus = NOT_HANDSHAKING bytesConsumed = 180 bytesProduced = 142 encryptedBuffer=[p=180,l=180,c=17408,r=0] unwrapBuffer=HeapByteBuffer@373c4f5d[p=0,l=142,c=17408,r=142]={<<<GET / HTTP/1.1\r\nIf-None-M...gent: okhttp/3.12.3\r\n\r\n>>>\x80\xCf\x86n\xC5\xE7\xB5n\xCb...\x00\x00\x00\x00\x00\x00\x00} appBuffer=HeapByteBuffer@373c4f5d[p=0,l=142,c=17408,r=142]={<<<GET / HTTP/1.1\r\nIf-None-M...gent: okhttp/3.12.3\r\n\r\n>>>\x80\xCf\x86n\xC5\xE7\xB5n\xCb...\x00\x00\x00\x00\x00\x00\x00}
04:06:39.453 [qtp399373008-62] DEBUG org.eclipse.jetty.io.ssl.SslConnection - <fill f=142 uf=false SslConnection@22ebb5d2::SocketChannelEndPoint@160f6c84{l=/127.0.0.1:35537,r=/127.0.0.1:60848,OPEN,fill=-,flush=-,to=0/30000}{io=0/0,kio=0,kro=1}->SslConnection@22ebb5d2{NOT_HANDSHAKING,eio=-1/-1,di=-1,fill=IDLE,flush=IDLE}~>DecryptedEndPoint@677b581d{l=/127.0.0.1:35537,r=/127.0.0.1:60848,OPEN,fill=-,flush=-,to=47/30000}=>HttpConnection@696b7468[p=HttpParser{s=START,0 of -1},g=HttpGenerator@1fedba22{s=START}]=>HttpChannelOverHttp@474db1e2{s=HttpChannelState@afd6e8a{s=IDLE rs=BLOCKING os=OPEN is=IDLE awp=false se=false i=true al=0},r=1,c=false/false,a=IDLE,uri=null,age=0}
04:06:39.453 [qtp399373008-62] DEBUG org.eclipse.jetty.server.HttpConnection - HttpConnection@696b7468::DecryptedEndPoint@677b581d{l=/127.0.0.1:35537,r=/127.0.0.1:60848,OPEN,fill=-,flush=-,to=47/30000} filled 142 HeapByteBuffer@373c4f5d[p=0,l=142,c=17408,r=142]={<<<GET / HTTP/1.1\r\nIf-None-M...gent: okhttp/3.12.3\r\n\r\n>>>\x80\xCf\x86n\xC5\xE7\xB5n\xCb...\x00\x00\x00\x00\x00\x00\x00}
04:06:39.453 [qtp399373008-62] DEBUG org.eclipse.jetty.server.HttpConnection - HttpConnection@696b7468::DecryptedEndPoint@677b581d{l=/127.0.0.1:35537,r=/127.0.0.1:60848,OPEN,fill=-,flush=-,to=47/30000} parse HeapByteBuffer@373c4f5d[p=0,l=142,c=17408,r=142]={<<<GET / HTTP/1.1\r\nIf-None-M...gent: okhttp/3.12.3\r\n\r\n>>>\x80\xCf\x86n\xC5\xE7\xB5n\xCb...\x00\x00\x00\x00\x00\x00\x00} {}
04:06:39.453 [qtp399373008-62] DEBUG org.eclipse.jetty.http.HttpParser - parseNext s=START HeapByteBuffer@373c4f5d[p=0,l=142,c=17408,r=142]={<<<GET / HTTP/1.1\r\nIf-None-M...gent: okhttp/3.12.3\r\n\r\n>>>\x80\xCf\x86n\xC5\xE7\xB5n\xCb...\x00\x00\x00\x00\x00\x00\x00}
04:06:39.453 [qtp399373008-62] DEBUG org.eclipse.jetty.http.HttpParser - START --> SPACE1
04:06:39.453 [qtp399373008-62] DEBUG org.eclipse.jetty.http.HttpParser - SPACE1 --> URI
04:06:39.453 [qtp399373008-62] DEBUG org.eclipse.jetty.http.HttpParser - URI --> SPACE2
04:06:39.453 [qtp399373008-62] DEBUG org.eclipse.jetty.http.HttpParser - SPACE2 --> REQUEST_VERSION
04:06:39.453 [qtp399373008-62] DEBUG org.eclipse.jetty.http.HttpParser - REQUEST_VERSION --> HEADER
04:06:39.453 [qtp399373008-62] DEBUG org.eclipse.jetty.http.HttpParser - HEADER:If-None-Match --> VALUE
04:06:39.453 [qtp399373008-62] DEBUG org.eclipse.jetty.http.HttpParser - HEADER:If-None-Match --> IN_VALUE
04:06:39.453 [qtp399373008-62] DEBUG org.eclipse.jetty.http.HttpParser - HEADER:If-None-Match --> FIELD
04:06:39.453 [qtp399373008-62] DEBUG org.eclipse.jetty.http.HttpParser - HEADER:Host: localhost:35537 --> IN_VALUE
04:06:39.453 [qtp399373008-62] DEBUG org.eclipse.jetty.http.HttpParser - HEADER:Host: localhost:35537 --> FIELD
04:06:39.453 [qtp399373008-62] DEBUG org.eclipse.jetty.http.HttpParser - HEADER:Connection: keep-alive --> IN_VALUE
04:06:39.453 [qtp399373008-62] DEBUG org.eclipse.jetty.http.HttpParser - HEADER:Connection: keep-alive --> FIELD
04:06:39.453 [qtp399373008-62] DEBUG org.eclipse.jetty.http.HttpParser - HEADER:Accept-Encoding: gzip --> IN_VALUE
04:06:39.453 [qtp399373008-62] DEBUG org.eclipse.jetty.http.HttpParser - HEADER:Accept-Encoding: gzip --> FIELD
04:06:39.453 [qtp399373008-62] DEBUG org.eclipse.jetty.http.HttpParser - HEADER:User-Agent: okhttp/3.12.3 --> IN_VALUE
04:06:39.453 [qtp399373008-62] DEBUG org.eclipse.jetty.http.HttpParser - HEADER:User-Agent: okhttp/3.12.3 --> FIELD
04:06:39.453 [qtp399373008-62] DEBUG org.eclipse.jetty.http.HttpParser - HEADER --> CONTENT
04:06:39.453 [qtp399373008-62] DEBUG org.eclipse.jetty.server.HttpChannel - REQUEST for //localhost:35537/ on HttpChannelOverHttp@474db1e2{s=HttpChannelState@afd6e8a{s=IDLE rs=BLOCKING os=OPEN is=IDLE awp=false se=false i=true al=0},r=2,c=false/false,a=IDLE,uri=//localhost:35537/,age=0}
GET //localhost:35537/ HTTP/1.1
If-None-Match: "testEtag"
Host: localhost:35537
Connection: keep-alive
Accept-Encoding: gzip
User-Agent: okhttp/3.12.3


04:06:39.453 [qtp399373008-62] DEBUG org.eclipse.jetty.server.HttpConnection - HttpConnection@696b7468::DecryptedEndPoint@677b581d{l=/127.0.0.1:35537,r=/127.0.0.1:60848,OPEN,fill=-,flush=-,to=47/30000} parsed true HttpParser{s=CONTENT,0 of -1}
04:06:39.453 [qtp399373008-62] DEBUG org.eclipse.jetty.server.HttpConnection - releaseRequestBuffer HttpConnection@696b7468::DecryptedEndPoint@677b581d{l=/127.0.0.1:35537,r=/127.0.0.1:60848,OPEN,fill=-,flush=-,to=47/30000}
04:06:39.453 [qtp399373008-62] DEBUG org.eclipse.jetty.server.HttpChannel - handle //localhost:35537/ HttpChannelOverHttp@474db1e2{s=HttpChannelState@afd6e8a{s=IDLE rs=BLOCKING os=OPEN is=IDLE awp=false se=false i=true al=0},r=2,c=false/false,a=IDLE,uri=//localhost:35537/,age=0} 
04:06:39.453 [qtp399373008-62] DEBUG org.eclipse.jetty.server.HttpChannelState - handling HttpChannelState@afd6e8a{s=IDLE rs=BLOCKING os=OPEN is=IDLE awp=false se=false i=true al=0}
04:06:39.453 [qtp399373008-62] DEBUG org.eclipse.jetty.server.HttpChannel - action DISPATCH HttpChannelOverHttp@474db1e2{s=HttpChannelState@afd6e8a{s=HANDLING rs=BLOCKING os=OPEN is=IDLE awp=false se=false i=true al=0},r=2,c=false/false,a=HANDLING,uri=//localhost:35537/,age=0}
04:06:39.453 [qtp399373008-62] DEBUG org.eclipse.jetty.server.SecureRequestCustomizer - Host localhost with SNI null
04:06:39.453 [qtp399373008-62] DEBUG org.eclipse.jetty.server.Server - REQUEST GET / on HttpChannelOverHttp@474db1e2{s=HttpChannelState@afd6e8a{s=HANDLING rs=BLOCKING os=OPEN is=IDLE awp=false se=false i=true al=0},r=2,c=false/false,a=HANDLING,uri=https://localhost:35537/,age=0}
04:06:39.453 [qtp399373008-62] DEBUG org.eclipse.jetty.server.Server - handled=true async=false committed=false on HttpChannelOverHttp@474db1e2{s=HttpChannelState@afd6e8a{s=HANDLING rs=BLOCKING os=OPEN is=IDLE awp=false se=false i=true al=0},r=2,c=false/false,a=HANDLING,uri=https://localhost:35537/,age=0}
04:06:39.453 [qtp399373008-62] DEBUG org.eclipse.jetty.server.HttpChannelState - unhandle HttpChannelState@afd6e8a{s=HANDLING rs=BLOCKING os=OPEN is=IDLE awp=false se=false i=true al=0}
04:06:39.453 [qtp399373008-62] DEBUG org.eclipse.jetty.server.HttpChannelState - nextAction(false) COMPLETE HttpChannelState@afd6e8a{s=HANDLING rs=COMPLETING os=OPEN is=IDLE awp=false se=false i=false al=0}
04:06:39.453 [qtp399373008-62] DEBUG org.eclipse.jetty.server.HttpChannel - action COMPLETE HttpChannelOverHttp@474db1e2{s=HttpChannelState@afd6e8a{s=HANDLING rs=COMPLETING os=OPEN is=IDLE awp=false se=false i=false al=0},r=2,c=false/false,a=HANDLING,uri=https://localhost:35537/,age=0}
04:06:39.453 [qtp399373008-62] DEBUG org.eclipse.jetty.io.ssl.SslConnection - >fill SslConnection@22ebb5d2::SocketChannelEndPoint@160f6c84{l=/127.0.0.1:35537,r=/127.0.0.1:60848,OPEN,fill=-,flush=-,to=0/30000}{io=0/0,kio=0,kro=1}->SslConnection@22ebb5d2{NOT_HANDSHAKING,eio=-1/-1,di=-1,fill=IDLE,flush=IDLE}~>DecryptedEndPoint@677b581d{l=/127.0.0.1:35537,r=/127.0.0.1:60848,OPEN,fill=-,flush=-,to=47/30000}=>HttpConnection@696b7468[p=HttpParser{s=CONTENT,0 of -1},g=HttpGenerator@1fedba22{s=START}]=>HttpChannelOverHttp@474db1e2{s=HttpChannelState@afd6e8a{s=HANDLING rs=COMPLETING os=OPEN is=IDLE awp=false se=false i=false al=0},r=2,c=false/false,a=HANDLING,uri=https://localhost:35537/,age=0}
04:06:39.453 [qtp399373008-62] DEBUG org.eclipse.jetty.io.ssl.SslConnection - fill NOT_HANDSHAKING
04:06:39.453 [qtp399373008-62] DEBUG org.eclipse.jetty.io.ChannelEndPoint - filled 0 HeapByteBuffer@3dc4242d[p=0,l=0,c=17408,r=0]={<<<>>>\x17\x03\x03\x00\xAfGET ...\x00\x00\x00\x00\x00\x00\x00}
04:06:39.453 [qtp399373008-62] DEBUG org.eclipse.jetty.io.ssl.SslConnection - net filled=0
04:06:39.453 [qtp399373008-62] DEBUG org.eclipse.jetty.io.ssl.SslConnection - unwrap net_filled=0 Status = BUFFER_UNDERFLOW HandshakeStatus = NOT_HANDSHAKING bytesConsumed = 0 bytesProduced = 0 encryptedBuffer=[p=0,l=0,c=17408,r=0] unwrapBuffer=HeapByteBuffer@3303dde5[p=0,l=0,c=17408,r=0]={<<<>>>\x17\x03\x03\x00\xC9\xAe\x13\x15Y...\x00\x00\x00\x00\x00\x00\x00} appBuffer=HeapByteBuffer@3303dde5[p=0,l=0,c=17408,r=0]={<<<>>>\x17\x03\x03\x00\xC9\xAe\x13\x15Y...\x00\x00\x00\x00\x00\x00\x00}
04:06:39.453 [qtp399373008-62] DEBUG org.eclipse.jetty.io.ssl.SslConnection - <fill f=0 uf=true SslConnection@22ebb5d2::SocketChannelEndPoint@160f6c84{l=/127.0.0.1:35537,r=/127.0.0.1:60848,OPEN,fill=-,flush=-,to=0/30000}{io=0/0,kio=0,kro=1}->SslConnection@22ebb5d2{NOT_HANDSHAKING,eio=-1/-1,di=-1,fill=IDLE,flush=IDLE}~>DecryptedEndPoint@677b581d{l=/127.0.0.1:35537,r=/127.0.0.1:60848,OPEN,fill=-,flush=-,to=48/30000}=>HttpConnection@696b7468[p=HttpParser{s=CONTENT,0 of -1},g=HttpGenerator@1fedba22{s=START}]=>HttpChannelOverHttp@474db1e2{s=HttpChannelState@afd6e8a{s=HANDLING rs=COMPLETING os=OPEN is=IDLE awp=false se=false i=false al=0},r=2,c=false/false,a=HANDLING,uri=https://localhost:35537/,age=0}
04:06:39.454 [qtp399373008-62] DEBUG org.eclipse.jetty.io.ssl.SslConnection - >fill SslConnection@22ebb5d2::SocketChannelEndPoint@160f6c84{l=/127.0.0.1:35537,r=/127.0.0.1:60848,OPEN,fill=-,flush=-,to=1/30000}{io=0/0,kio=0,kro=1}->SslConnection@22ebb5d2{NOT_HANDSHAKING,eio=-1/-1,di=-1,fill=IDLE,flush=IDLE}~>DecryptedEndPoint@677b581d{l=/127.0.0.1:35537,r=/127.0.0.1:60848,OPEN,fill=-,flush=-,to=48/30000}=>HttpConnection@696b7468[p=HttpParser{s=CONTENT,0 of -1},g=HttpGenerator@1fedba22{s=START}]=>HttpChannelOverHttp@474db1e2{s=HttpChannelState@afd6e8a{s=HANDLING rs=COMPLETING os=OPEN is=IDLE awp=false se=false i=false al=0},r=2,c=false/false,a=HANDLING,uri=https://localhost:35537/,age=1}
04:06:39.454 [qtp399373008-62] DEBUG org.eclipse.jetty.io.ssl.SslConnection - fill NOT_HANDSHAKING
04:06:39.454 [qtp399373008-62] DEBUG org.eclipse.jetty.io.ChannelEndPoint - filled 0 HeapByteBuffer@373c4f5d[p=0,l=0,c=17408,r=0]={<<<>>>GET / HTT...\x00\x00\x00\x00\x00\x00\x00}
04:06:39.454 [qtp399373008-62] DEBUG org.eclipse.jetty.io.ssl.SslConnection - net filled=0
04:06:39.454 [qtp399373008-62] DEBUG org.eclipse.jetty.io.ssl.SslConnection - unwrap net_filled=0 Status = BUFFER_UNDERFLOW HandshakeStatus = NOT_HANDSHAKING bytesConsumed = 0 bytesProduced = 0 encryptedBuffer=[p=0,l=0,c=17408,r=0] unwrapBuffer=HeapByteBuffer@3303dde5[p=0,l=0,c=17408,r=0]={<<<>>>\x17\x03\x03\x00\xC9\xAe\x13\x15Y...\x00\x00\x00\x00\x00\x00\x00} appBuffer=HeapByteBuffer@3303dde5[p=0,l=0,c=17408,r=0]={<<<>>>\x17\x03\x03\x00\xC9\xAe\x13\x15Y...\x00\x00\x00\x00\x00\x00\x00}
04:06:39.454 [qtp399373008-62] DEBUG org.eclipse.jetty.io.ssl.SslConnection - <fill f=0 uf=true SslConnection@22ebb5d2::SocketChannelEndPoint@160f6c84{l=/127.0.0.1:35537,r=/127.0.0.1:60848,OPEN,fill=-,flush=-,to=1/30000}{io=0/0,kio=0,kro=1}->SslConnection@22ebb5d2{NOT_HANDSHAKING,eio=-1/-1,di=-1,fill=IDLE,flush=IDLE}~>DecryptedEndPoint@677b581d{l=/127.0.0.1:35537,r=/127.0.0.1:60848,OPEN,fill=-,flush=-,to=48/30000}=>HttpConnection@696b7468[p=HttpParser{s=CONTENT,0 of -1},g=HttpGenerator@1fedba22{s=START}]=>HttpChannelOverHttp@474db1e2{s=HttpChannelState@afd6e8a{s=HANDLING rs=COMPLETING os=OPEN is=IDLE awp=false se=false i=false al=0},r=2,c=false/false,a=HANDLING,uri=https://localhost:35537/,age=1}
04:06:39.454 [qtp399373008-62] DEBUG org.eclipse.jetty.server.HttpConnection - HttpConnection@696b7468::DecryptedEndPoint@677b581d{l=/127.0.0.1:35537,r=/127.0.0.1:60848,OPEN,fill=-,flush=-,to=48/30000} filled 0 HeapByteBuffer@3303dde5[p=0,l=0,c=17408,r=0]={<<<>>>\x17\x03\x03\x00\xC9\xAe\x13\x15Y...\x00\x00\x00\x00\x00\x00\x00}
04:06:39.454 [qtp399373008-62] DEBUG org.eclipse.jetty.server.HttpConnection - HttpConnection@696b7468::DecryptedEndPoint@677b581d{l=/127.0.0.1:35537,r=/127.0.0.1:60848,OPEN,fill=-,flush=-,to=48/30000} parse HeapByteBuffer@3303dde5[p=0,l=0,c=17408,r=0]={<<<>>>\x17\x03\x03\x00\xC9\xAe\x13\x15Y...\x00\x00\x00\x00\x00\x00\x00} {}
04:06:39.454 [qtp399373008-62] DEBUG org.eclipse.jetty.http.HttpParser - parseNext s=CONTENT HeapByteBuffer@3303dde5[p=0,l=0,c=17408,r=0]={<<<>>>\x17\x03\x03\x00\xC9\xAe\x13\x15Y...\x00\x00\x00\x00\x00\x00\x00}
04:06:39.454 [qtp399373008-62] DEBUG org.eclipse.jetty.http.HttpParser - CONTENT --> CONTENT_END
04:06:39.454 [qtp399373008-62] DEBUG org.eclipse.jetty.server.HttpChannel - onContentComplete HttpChannelOverHttp@474db1e2{s=HttpChannelState@afd6e8a{s=HANDLING rs=COMPLETING os=OPEN is=IDLE awp=false se=false i=false al=0},r=2,c=false/false,a=HANDLING,uri=https://localhost:35537/,age=1}
04:06:39.454 [qtp399373008-62] DEBUG org.eclipse.jetty.http.HttpParser - CONTENT_END --> END
04:06:39.454 [qtp399373008-62] DEBUG org.eclipse.jetty.server.HttpChannel - onRequestComplete HttpChannelOverHttp@474db1e2{s=HttpChannelState@afd6e8a{s=HANDLING rs=COMPLETING os=OPEN is=IDLE awp=false se=false i=false al=0},r=2,c=false/false,a=HANDLING,uri=https://localhost:35537/,age=1}
04:06:39.454 [qtp399373008-62] DEBUG org.eclipse.jetty.server.HttpInput - HttpInputOverHTTP@d91a2a2[c=0,q=0,[0]=null,s=STREAM] addContent EOF
04:06:39.454 [qtp399373008-62] DEBUG org.eclipse.jetty.server.HttpConnection - HttpConnection@696b7468::DecryptedEndPoint@677b581d{l=/127.0.0.1:35537,r=/127.0.0.1:60848,OPEN,fill=-,flush=-,to=48/30000} parsed false HttpParser{s=END,0 of -1}
04:06:39.454 [qtp399373008-62] DEBUG org.eclipse.jetty.server.HttpConnection - releaseRequestBuffer HttpConnection@696b7468::DecryptedEndPoint@677b581d{l=/127.0.0.1:35537,r=/127.0.0.1:60848,OPEN,fill=-,flush=-,to=48/30000}
04:06:39.454 [qtp399373008-62] DEBUG org.eclipse.jetty.server.HttpOutput - complete(org.eclipse.jetty.util.Callback$3@165f5621) s=CLOSING,api=BLOCKED,sc=false,e=null s=false e=null, c=HeapByteBuffer@38928dbe[p=0,l=0,c=0,r=0]={<<<>>>}
04:06:39.454 [qtp399373008-62] DEBUG org.eclipse.jetty.server.HttpChannel - sendResponse info=null content=HeapByteBuffer@38928dbe[p=0,l=0,c=0,r=0]={<<<>>>} complete=true committing=true callback=org.eclipse.jetty.server.HttpOutput$WriteCompleteCB@73ea0673
04:06:39.454 [qtp399373008-62] DEBUG org.eclipse.jetty.server.HttpChannel - COMMIT for / on HttpChannelOverHttp@474db1e2{s=HttpChannelState@afd6e8a{s=HANDLING rs=COMPLETING os=COMMITTED is=IDLE awp=false se=false i=false al=0},r=2,c=false/false,a=HANDLING,uri=https://localhost:35537/,age=1}
304 null HTTP/1.1
Date: Thu, 02 May 2024 03:06:39 GMT
ETag: testEtag


04:06:39.454 [qtp399373008-62] DEBUG org.eclipse.jetty.server.HttpConnection - generate: NEED_HEADER for SendCallback@16958dba[PROCESSING][i=HTTP/1.1{s=304,h=2,cl=-1},cb=org.eclipse.jetty.server.HttpChannel$SendCallback@5c9bbf58] (null,[p=0,l=0,c=0,r=0],true)@START
04:06:39.454 [qtp399373008-62] DEBUG org.eclipse.jetty.http.HttpGenerator - generateHeaders HTTP/1.1{s=304,h=2,cl=-1} last=true content=HeapByteBuffer@38928dbe[p=0,l=0,c=0,r=0]={<<<>>>}
04:06:39.454 [qtp399373008-62] DEBUG org.eclipse.jetty.http.HttpGenerator - Date: Thu, 02 May 2024 03:06:39 GMT
ETag: testEtag


04:06:39.454 [qtp399373008-62] DEBUG org.eclipse.jetty.http.HttpGenerator - NO_CONTENT
04:06:39.454 [qtp399373008-62] DEBUG org.eclipse.jetty.server.HttpConnection - generate: FLUSH for SendCallback@16958dba[PROCESSING][i=HTTP/1.1{s=304,h=2,cl=-1},cb=org.eclipse.jetty.server.HttpChannel$SendCallback@5c9bbf58] ([p=0,l=115,c=8192,r=115],[p=0,l=0,c=0,r=0],true)@COMPLETING
04:06:39.455 [qtp399373008-62] DEBUG org.eclipse.jetty.io.WriteFlusher - write: WriteFlusher@47044a8b{IDLE}->null [HeapByteBuffer@341ac865[p=0,l=115,c=8192,r=115]={<<<HTTP/1.1 304 Not Modified...y(9.4.44.v20210927)\r\n\r\n>>>nt-Length...\x00\x00\x00\x00\x00\x00\x00}]
04:06:39.455 [qtp399373008-62] DEBUG org.eclipse.jetty.io.WriteFlusher - update WriteFlusher@47044a8b{WRITING}->null:IDLE-->WRITING
04:06:39.455 [qtp399373008-62] DEBUG org.eclipse.jetty.io.ssl.SslConnection - >flush SslConnection@22ebb5d2::SocketChannelEndPoint@160f6c84{l=/127.0.0.1:35537,r=/127.0.0.1:60848,OPEN,fill=-,flush=-,to=2/30000}{io=0/0,kio=0,kro=1}->SslConnection@22ebb5d2{NOT_HANDSHAKING,eio=-1/-1,di=-1,fill=IDLE,flush=IDLE}~>DecryptedEndPoint@677b581d{l=/127.0.0.1:35537,r=/127.0.0.1:60848,OPEN,fill=-,flush=W,to=49/30000}=>HttpConnection@696b7468[p=HttpParser{s=END,0 of -1},g=HttpGenerator@1fedba22{s=COMPLETING}]=>HttpChannelOverHttp@474db1e2{s=HttpChannelState@afd6e8a{s=HANDLING rs=COMPLETING os=COMMITTED is=IDLE awp=false se=false i=false al=0},r=2,c=false/false,a=HANDLING,uri=https://localhost:35537/,age=2}
04:06:39.455 [qtp399373008-62] DEBUG org.eclipse.jetty.io.ssl.SslConnection - flush b[0]=HeapByteBuffer@341ac865[p=0,l=115,c=8192,r=115]={<<<HTTP/1.1 304 Not Modified...y(9.4.44.v20210927)\r\n\r\n>>>nt-Length...\x00\x00\x00\x00\x00\x00\x00}
04:06:39.455 [qtp399373008-62] DEBUG org.eclipse.jetty.io.ssl.SslConnection - flush NOT_HANDSHAKING
04:06:39.455 [qtp399373008-62] DEBUG org.eclipse.jetty.io.ssl.SslConnection - wrap Status = OK HandshakeStatus = NOT_HANDSHAKING bytesConsumed = 115 bytesProduced = 153 [p=0,l=153,c=17408,r=153] ioDone=false/false
04:06:39.455 [qtp399373008-62] DEBUG org.eclipse.jetty.io.ChannelEndPoint - flushed 153 SocketChannelEndPoint@160f6c84{l=/127.0.0.1:35537,r=/127.0.0.1:60848,OPEN,fill=-,flush=-,to=2/30000}{io=0/0,kio=0,kro=1}->SslConnection@22ebb5d2{NOT_HANDSHAKING,eio=-1/0,di=-1,fill=IDLE,flush=IDLE}~>DecryptedEndPoint@677b581d{l=/127.0.0.1:35537,r=/127.0.0.1:60848,OPEN,fill=-,flush=W,to=49/30000}=>HttpConnection@696b7468[p=HttpParser{s=END,0 of -1},g=HttpGenerator@1fedba22{s=COMPLETING}]=>HttpChannelOverHttp@474db1e2{s=HttpChannelState@afd6e8a{s=HANDLING rs=COMPLETING os=COMMITTED is=IDLE awp=false se=false i=false al=0},r=2,c=false/false,a=HANDLING,uri=https://localhost:35537/,age=2}
04:06:39.455 [qtp399373008-62] DEBUG org.eclipse.jetty.io.ssl.SslConnection - net flushed=true, ac=true
04:06:39.455 [qtp399373008-62] DEBUG org.eclipse.jetty.io.ssl.SslConnection - <flush true SslConnection@22ebb5d2::SocketChannelEndPoint@160f6c84{l=/127.0.0.1:35537,r=/127.0.0.1:60848,OPEN,fill=-,flush=-,to=0/30000}{io=0/0,kio=0,kro=1}->SslConnection@22ebb5d2{NOT_HANDSHAKING,eio=-1/-1,di=-1,fill=IDLE,flush=IDLE}~>DecryptedEndPoint@677b581d{l=/127.0.0.1:35537,r=/127.0.0.1:60848,OPEN,fill=-,flush=W,to=49/30000}=>HttpConnection@696b7468[p=HttpParser{s=END,0 of -1},g=HttpGenerator@1fedba22{s=COMPLETING}]=>HttpChannelOverHttp@474db1e2{s=HttpChannelState@afd6e8a{s=HANDLING rs=COMPLETING os=COMMITTED is=IDLE awp=false se=false i=false al=0},r=2,c=false/false,a=HANDLING,uri=https://localhost:35537/,age=2}
04:06:39.455 [qtp399373008-62] DEBUG org.eclipse.jetty.io.WriteFlusher - Flushed=true written=115 remaining=0 WriteFlusher@47044a8b{WRITING}->null
04:06:39.455 [qtp399373008-62] DEBUG org.eclipse.jetty.io.WriteFlusher - update WriteFlusher@47044a8b{IDLE}->null:WRITING-->IDLE
04:06:39.455 [qtp399373008-62] DEBUG org.eclipse.jetty.server.HttpConnection - generate: DONE for SendCallback@16958dba[PROCESSING][i=HTTP/1.1{s=304,h=2,cl=-1},cb=org.eclipse.jetty.server.HttpChannel$SendCallback@5c9bbf58] ([p=115,l=115,c=8192,r=0],[p=0,l=0,c=0,r=0],true)@END
04:06:39.455 [qtp399373008-62] DEBUG org.eclipse.jetty.server.HttpOutput - onWriteComplete(true,null) s=CLOSING,api=BLOCKED,sc=false,e=null->s=CLOSED,api=BLOCKING,sc=false,e=null c=null cb=org.eclipse.jetty.util.Callback$3@165f5621 w=false
04:06:39.455 [qtp399373008-62] DEBUG org.eclipse.jetty.server.HttpChannelState - completed HttpChannelState@afd6e8a{s=HANDLING rs=COMPLETING os=COMPLETED is=IDLE awp=false se=false i=false al=0}
04:06:39.455 [qtp399373008-62] DEBUG org.eclipse.jetty.server.HttpChannelState - unhandle HttpChannelState@afd6e8a{s=HANDLING rs=COMPLETED os=COMPLETED is=IDLE awp=false se=false i=false al=0}
04:06:39.455 [qtp399373008-62] DEBUG org.eclipse.jetty.server.HttpChannelState - nextAction(false) TERMINATED HttpChannelState@afd6e8a{s=IDLE rs=COMPLETED os=COMPLETED is=IDLE awp=false se=false i=false al=0}
04:06:39.455 [qtp399373008-62] DEBUG org.eclipse.jetty.server.HttpChannel - action TERMINATED HttpChannelOverHttp@474db1e2{s=HttpChannelState@afd6e8a{s=IDLE rs=COMPLETED os=COMPLETED is=IDLE awp=false se=false i=false al=0},r=2,c=true/true,a=IDLE,uri=https://localhost:35537/,age=2}
04:06:39.455 [qtp399373008-62] DEBUG org.eclipse.jetty.server.HttpChannel - onCompleted for / written=0
04:06:39.455 [qtp399373008-62] DEBUG org.eclipse.jetty.server.HttpChannelState - recycle HttpChannelState@afd6e8a{s=IDLE rs=COMPLETED os=COMPLETED is=IDLE awp=false se=false i=false al=0}
04:06:39.455 [qtp399373008-62] DEBUG org.eclipse.jetty.http.HttpParser - reset HttpParser{s=END,0 of -1}
04:06:39.455 [qtp399373008-62] DEBUG org.eclipse.jetty.http.HttpParser - END --> START
04:06:39.456 [qtp399373008-62] DEBUG org.eclipse.jetty.server.HttpChannel - !handle TERMINATED HttpChannelOverHttp@474db1e2{s=HttpChannelState@afd6e8a{s=IDLE rs=BLOCKING os=OPEN is=IDLE awp=false se=false i=true al=0},r=2,c=false/false,a=IDLE,uri=null,age=0}
04:06:39.456 [main] DEBUG org.apache.nifi.minifi.bootstrap.configuration.ingestors.PullHttpChangeIngestor - Response received: Response{protocol=http/1.1, code=304, message=Not Modified, url=https://localhost:35537/}
04:06:39.456 [qtp399373008-62] DEBUG org.eclipse.jetty.io.ssl.SslConnection - >fill SslConnection@22ebb5d2::SocketChannelEndPoint@160f6c84{l=/127.0.0.1:35537,r=/127.0.0.1:60848,OPEN,fill=-,flush=-,to=0/30000}{io=0/0,kio=0,kro=1}->SslConnection@22ebb5d2{NOT_HANDSHAKING,eio=-1/-1,di=-1,fill=IDLE,flush=IDLE}~>DecryptedEndPoint@677b581d{l=/127.0.0.1:35537,r=/127.0.0.1:60848,OPEN,fill=-,flush=-,to=50/30000}=>HttpConnection@696b7468[p=HttpParser{s=START,0 of -1},g=HttpGenerator@1fedba22{s=START}]=>HttpChannelOverHttp@474db1e2{s=HttpChannelState@afd6e8a{s=IDLE rs=BLOCKING os=OPEN is=IDLE awp=false se=false i=true al=0},r=2,c=false/false,a=IDLE,uri=null,age=0}
04:06:39.456 [qtp399373008-62] DEBUG org.eclipse.jetty.io.ssl.SslConnection - fill NOT_HANDSHAKING
04:06:39.456 [qtp399373008-62] DEBUG org.eclipse.jetty.io.ChannelEndPoint - filled 0 HeapByteBuffer@3303dde5[p=0,l=0,c=17408,r=0]={<<<>>>\x17\x03\x03\x00\xC9\xAe\x13\x15Y...\x00\x00\x00\x00\x00\x00\x00}
04:06:39.456 [qtp399373008-62] DEBUG org.eclipse.jetty.io.ssl.SslConnection - net filled=0
]]></system-out>
  </testcase>
  <testcase name="testNewUpdate" classname="org.apache.nifi.minifi.bootstrap.configuration.ingestors.PullHttpChangeIngestorSSLTest" time="0.066">
    <system-out><![CDATA[04:06:39.456 [qtp399373008-62] DEBUG org.eclipse.jetty.io.ssl.SslConnection - unwrap net_filled=0 Status = BUFFER_UNDERFLOW HandshakeStatus = NOT_HANDSHAKING bytesConsumed = 0 bytesProduced = 0 encryptedBuffer=[p=0,l=0,c=17408,r=0] unwrapBuffer=HeapByteBuffer@373c4f5d[p=0,l=0,c=17408,r=0]={<<<>>>GET / HTT...\x00\x00\x00\x00\x00\x00\x00} appBuffer=HeapByteBuffer@373c4f5d[p=0,l=0,c=17408,r=0]={<<<>>>GET / HTT...\x00\x00\x00\x00\x00\x00\x00}
04:06:39.456 [qtp399373008-62] DEBUG org.eclipse.jetty.io.ssl.SslConnection - <fill f=0 uf=true SslConnection@22ebb5d2::SocketChannelEndPoint@160f6c84{l=/127.0.0.1:35537,r=/127.0.0.1:60848,OPEN,fill=-,flush=-,to=0/30000}{io=0/0,kio=0,kro=1}->SslConnection@22ebb5d2{NOT_HANDSHAKING,eio=-1/-1,di=-1,fill=IDLE,flush=IDLE}~>DecryptedEndPoint@677b581d{l=/127.0.0.1:35537,r=/127.0.0.1:60848,OPEN,fill=-,flush=-,to=50/30000}=>HttpConnection@696b7468[p=HttpParser{s=START,0 of -1},g=HttpGenerator@1fedba22{s=START}]=>HttpChannelOverHttp@474db1e2{s=HttpChannelState@afd6e8a{s=IDLE rs=BLOCKING os=OPEN is=IDLE awp=false se=false i=true al=0},r=2,c=false/false,a=IDLE,uri=null,age=0}
04:06:39.456 [qtp399373008-62] DEBUG org.eclipse.jetty.io.ssl.SslConnection - >fill SslConnection@22ebb5d2::SocketChannelEndPoint@160f6c84{l=/127.0.0.1:35537,r=/127.0.0.1:60848,OPEN,fill=-,flush=-,to=1/30000}{io=0/0,kio=0,kro=1}->SslConnection@22ebb5d2{NOT_HANDSHAKING,eio=-1/-1,di=-1,fill=IDLE,flush=IDLE}~>DecryptedEndPoint@677b581d{l=/127.0.0.1:35537,r=/127.0.0.1:60848,OPEN,fill=-,flush=-,to=50/30000}=>HttpConnection@696b7468[p=HttpParser{s=START,0 of -1},g=HttpGenerator@1fedba22{s=START}]=>HttpChannelOverHttp@474db1e2{s=HttpChannelState@afd6e8a{s=IDLE rs=BLOCKING os=OPEN is=IDLE awp=false se=false i=true al=0},r=2,c=false/false,a=IDLE,uri=null,age=0}
04:06:39.456 [qtp399373008-62] DEBUG org.eclipse.jetty.io.ssl.SslConnection - fill NOT_HANDSHAKING
04:06:39.456 [qtp399373008-62] DEBUG org.eclipse.jetty.io.ChannelEndPoint - filled 0 HeapByteBuffer@3dc4242d[p=0,l=0,c=17408,r=0]={<<<>>>\x17\x03\x03\x00\x94\xC5%\xD3p...\x00\x00\x00\x00\x00\x00\x00}
04:06:39.456 [qtp399373008-62] DEBUG org.eclipse.jetty.io.ssl.SslConnection - net filled=0
04:06:39.456 [qtp399373008-62] DEBUG org.eclipse.jetty.io.ssl.SslConnection - unwrap net_filled=0 Status = BUFFER_UNDERFLOW HandshakeStatus = NOT_HANDSHAKING bytesConsumed = 0 bytesProduced = 0 encryptedBuffer=[p=0,l=0,c=17408,r=0] unwrapBuffer=HeapByteBuffer@373c4f5d[p=0,l=0,c=17408,r=0]={<<<>>>GET / HTT...\x00\x00\x00\x00\x00\x00\x00} appBuffer=HeapByteBuffer@373c4f5d[p=0,l=0,c=17408,r=0]={<<<>>>GET / HTT...\x00\x00\x00\x00\x00\x00\x00}
04:06:39.456 [qtp399373008-62] DEBUG org.eclipse.jetty.io.ssl.SslConnection - <fill f=0 uf=true SslConnection@22ebb5d2::SocketChannelEndPoint@160f6c84{l=/127.0.0.1:35537,r=/127.0.0.1:60848,OPEN,fill=-,flush=-,to=1/30000}{io=0/0,kio=0,kro=1}->SslConnection@22ebb5d2{NOT_HANDSHAKING,eio=-1/-1,di=-1,fill=IDLE,flush=IDLE}~>DecryptedEndPoint@677b581d{l=/127.0.0.1:35537,r=/127.0.0.1:60848,OPEN,fill=-,flush=-,to=51/30000}=>HttpConnection@696b7468[p=HttpParser{s=START,0 of -1},g=HttpGenerator@1fedba22{s=START}]=>HttpChannelOverHttp@474db1e2{s=HttpChannelState@afd6e8a{s=IDLE rs=BLOCKING os=OPEN is=IDLE awp=false se=false i=true al=0},r=2,c=false/false,a=IDLE,uri=null,age=0}
04:06:39.456 [qtp399373008-62] DEBUG org.eclipse.jetty.server.HttpConnection - HttpConnection@696b7468::DecryptedEndPoint@677b581d{l=/127.0.0.1:35537,r=/127.0.0.1:60848,OPEN,fill=-,flush=-,to=51/30000} filled 0 HeapByteBuffer@373c4f5d[p=0,l=0,c=17408,r=0]={<<<>>>GET / HTT...\x00\x00\x00\x00\x00\x00\x00}
04:06:39.456 [qtp399373008-62] DEBUG org.eclipse.jetty.server.HttpConnection - HttpConnection@696b7468::DecryptedEndPoint@677b581d{l=/127.0.0.1:35537,r=/127.0.0.1:60848,OPEN,fill=-,flush=-,to=51/30000} parse HeapByteBuffer@373c4f5d[p=0,l=0,c=17408,r=0]={<<<>>>GET / HTT...\x00\x00\x00\x00\x00\x00\x00} {}
04:06:39.457 [qtp399373008-62] DEBUG org.eclipse.jetty.http.HttpParser - parseNext s=START HeapByteBuffer@373c4f5d[p=0,l=0,c=17408,r=0]={<<<>>>GET / HTT...\x00\x00\x00\x00\x00\x00\x00}
04:06:39.457 [qtp399373008-62] DEBUG org.eclipse.jetty.server.HttpConnection - HttpConnection@696b7468::DecryptedEndPoint@677b581d{l=/127.0.0.1:35537,r=/127.0.0.1:60848,OPEN,fill=-,flush=-,to=51/30000} parsed false HttpParser{s=START,0 of -1}
04:06:39.457 [qtp399373008-62] DEBUG org.eclipse.jetty.server.HttpConnection - releaseRequestBuffer HttpConnection@696b7468::DecryptedEndPoint@677b581d{l=/127.0.0.1:35537,r=/127.0.0.1:60848,OPEN,fill=-,flush=-,to=51/30000}
04:06:39.457 [qtp399373008-62] DEBUG org.eclipse.jetty.io.AbstractConnection - fillInterested HttpConnection@696b7468::DecryptedEndPoint@677b581d{l=/127.0.0.1:35537,r=/127.0.0.1:60848,OPEN,fill=-,flush=-,to=51/30000}
04:06:39.457 [qtp399373008-62] DEBUG org.eclipse.jetty.io.FillInterest - interested FillInterest@2d975583{AC.ReadCB@696b7468{HttpConnection@696b7468::DecryptedEndPoint@677b581d{l=/127.0.0.1:35537,r=/127.0.0.1:60848,OPEN,fill=FI,flush=-,to=0/30000}}}
04:06:39.457 [qtp399373008-62] DEBUG org.eclipse.jetty.io.ssl.SslConnection - >needFillInterest s=IDLE/IDLE uf=true ei=null di=null SslConnection@22ebb5d2::SocketChannelEndPoint@160f6c84{l=/127.0.0.1:35537,r=/127.0.0.1:60848,OPEN,fill=-,flush=-,to=1/30000}{io=0/0,kio=0,kro=1}->SslConnection@22ebb5d2{NOT_HANDSHAKING,eio=-1/-1,di=-1,fill=IDLE,flush=IDLE}~>DecryptedEndPoint@677b581d{l=/127.0.0.1:35537,r=/127.0.0.1:60848,OPEN,fill=FI,flush=-,to=0/30000}=>HttpConnection@696b7468[p=HttpParser{s=START,0 of -1},g=HttpGenerator@1fedba22{s=START}]=>HttpChannelOverHttp@474db1e2{s=HttpChannelState@afd6e8a{s=IDLE rs=BLOCKING os=OPEN is=IDLE awp=false se=false i=true al=0},r=2,c=false/false,a=IDLE,uri=null,age=0}
04:06:39.457 [qtp399373008-62] DEBUG org.eclipse.jetty.io.ssl.SslConnection - <needFillInterest s=IDLE/INTERESTED f=false i=true w=null
04:06:39.457 [qtp399373008-62] DEBUG org.eclipse.jetty.io.ssl.SslConnection - ensureFillInterested SslConnection@22ebb5d2::SocketChannelEndPoint@160f6c84{l=/127.0.0.1:35537,r=/127.0.0.1:60848,OPEN,fill=-,flush=-,to=1/30000}{io=0/0,kio=0,kro=1}->SslConnection@22ebb5d2{NOT_HANDSHAKING,eio=-1/-1,di=-1,fill=INTERESTED,flush=IDLE}~>DecryptedEndPoint@677b581d{l=/127.0.0.1:35537,r=/127.0.0.1:60848,OPEN,fill=FI,flush=-,to=0/30000}=>HttpConnection@696b7468[p=HttpParser{s=START,0 of -1},g=HttpGenerator@1fedba22{s=START}]=>HttpChannelOverHttp@474db1e2{s=HttpChannelState@afd6e8a{s=IDLE rs=BLOCKING os=OPEN is=IDLE awp=false se=false i=true al=0},r=2,c=false/false,a=IDLE,uri=null,age=0}
04:06:39.457 [qtp399373008-62] DEBUG org.eclipse.jetty.io.FillInterest - interested FillInterest@769f390d{SSLC.NBReadCB@22ebb5d2{SslConnection@22ebb5d2::SocketChannelEndPoint@160f6c84{l=/127.0.0.1:35537,r=/127.0.0.1:60848,OPEN,fill=FI,flush=-,to=0/30000}{io=0/0,kio=0,kro=1}->SslConnection@22ebb5d2{NOT_HANDSHAKING,eio=-1/-1,di=-1,fill=INTERESTED,flush=IDLE}~>DecryptedEndPoint@677b581d{l=/127.0.0.1:35537,r=/127.0.0.1:60848,OPEN,fill=FI,flush=-,to=0/30000}=>HttpConnection@696b7468[p=HttpParser{s=START,0 of -1},g=HttpGenerator@1fedba22{s=START}]=>HttpChannelOverHttp@474db1e2{s=HttpChannelState@afd6e8a{s=IDLE rs=BLOCKING os=OPEN is=IDLE awp=false se=false i=true al=0},r=2,c=false/false,a=IDLE,uri=null,age=0}}}
04:06:39.457 [qtp399373008-62] DEBUG org.eclipse.jetty.io.ChannelEndPoint - changeInterests p=false 0->1 for SocketChannelEndPoint@160f6c84{l=/127.0.0.1:35537,r=/127.0.0.1:60848,OPEN,fill=FI,flush=-,to=0/30000}{io=0/1,kio=0,kro=1}->SslConnection@22ebb5d2{NOT_HANDSHAKING,eio=-1/-1,di=-1,fill=INTERESTED,flush=IDLE}~>DecryptedEndPoint@677b581d{l=/127.0.0.1:35537,r=/127.0.0.1:60848,OPEN,fill=FI,flush=-,to=0/30000}=>HttpConnection@696b7468[p=HttpParser{s=START,0 of -1},g=HttpGenerator@1fedba22{s=START}]=>HttpChannelOverHttp@474db1e2{s=HttpChannelState@afd6e8a{s=IDLE rs=BLOCKING os=OPEN is=IDLE awp=false se=false i=true al=0},r=2,c=false/false,a=IDLE,uri=null,age=0}
04:06:39.457 [qtp399373008-62] DEBUG org.eclipse.jetty.io.ManagedSelector - Queued change lazy=false org.eclipse.jetty.io.ChannelEndPoint$$Lambda$255/2121444922@9a55729 on ManagedSelector@47a86fbb{STARTED} id=2 keys=1 selected=0 updates=0
04:06:39.457 [qtp399373008-62] DEBUG org.eclipse.jetty.io.ManagedSelector - Wakeup on submit ManagedSelector@47a86fbb{STARTED} id=2 keys=1 selected=0 updates=1
04:06:39.457 [qtp399373008-61] DEBUG org.eclipse.jetty.io.ManagedSelector - Selector sun.nio.ch.EPollSelectorImpl@3702dbe9 woken with none selected
04:06:39.457 [qtp399373008-62] DEBUG org.eclipse.jetty.server.HttpConnection - HttpConnection@696b7468::DecryptedEndPoint@677b581d{l=/127.0.0.1:35537,r=/127.0.0.1:60848,OPEN,fill=FI,flush=-,to=0/30000} onFillable exit HttpChannelState@afd6e8a{s=IDLE rs=BLOCKING os=OPEN is=IDLE awp=false se=false i=true al=0} null
04:06:39.457 [qtp399373008-61] DEBUG org.eclipse.jetty.io.ManagedSelector - Selector sun.nio.ch.EPollSelectorImpl@3702dbe9 woken up from select, 0/0/1 selected
04:06:39.457 [qtp399373008-61] DEBUG org.eclipse.jetty.io.ManagedSelector - Selector sun.nio.ch.EPollSelectorImpl@3702dbe9 processing 0 keys, 1 updates
04:06:39.457 [qtp399373008-61] DEBUG org.eclipse.jetty.io.ManagedSelector - updateable 1
04:06:39.457 [qtp399373008-61] DEBUG org.eclipse.jetty.io.ManagedSelector - update org.eclipse.jetty.io.ChannelEndPoint$$Lambda$255/2121444922@9a55729
04:06:39.457 [qtp399373008-62] DEBUG org.eclipse.jetty.io.ssl.SslConnection - <c.onFillable SslConnection@22ebb5d2::SocketChannelEndPoint@160f6c84{l=/127.0.0.1:35537,r=/127.0.0.1:60848,OPEN,fill=FI,flush=-,to=0/30000}{io=0/1,kio=0,kro=1}->SslConnection@22ebb5d2{NOT_HANDSHAKING,eio=-1/-1,di=-1,fill=INTERESTED,flush=IDLE}~>DecryptedEndPoint@677b581d{l=/127.0.0.1:35537,r=/127.0.0.1:60848,OPEN,fill=FI,flush=-,to=0/30000}=>HttpConnection@696b7468[p=HttpParser{s=START,0 of -1},g=HttpGenerator@1fedba22{s=START}]=>HttpChannelOverHttp@474db1e2{s=HttpChannelState@afd6e8a{s=IDLE rs=BLOCKING os=OPEN is=IDLE awp=false se=false i=true al=0},r=2,c=false/false,a=IDLE,uri=null,age=0}
04:06:39.457 [qtp399373008-62] DEBUG org.eclipse.jetty.util.thread.ReservedThreadExecutor - ReservedThread@44631275{RUNNING,thread=Thread[qtp399373008-62,5,main]} was=RUNNING next=RESERVED size=0+2 capacity=8
04:06:39.457 [qtp399373008-61] DEBUG org.eclipse.jetty.io.ChannelEndPoint - Key interests updated 0 -> 1 on SocketChannelEndPoint@160f6c84{l=/127.0.0.1:35537,r=/127.0.0.1:60848,OPEN,fill=FI,flush=-,to=0/30000}{io=1/1,kio=1,kro=1}->SslConnection@22ebb5d2{NOT_HANDSHAKING,eio=-1/-1,di=-1,fill=INTERESTED,flush=IDLE}~>DecryptedEndPoint@677b581d{l=/127.0.0.1:35537,r=/127.0.0.1:60848,OPEN,fill=FI,flush=-,to=0/30000}=>HttpConnection@696b7468[p=HttpParser{s=START,0 of -1},g=HttpGenerator@1fedba22{s=START}]=>HttpChannelOverHttp@474db1e2{s=HttpChannelState@afd6e8a{s=IDLE rs=BLOCKING os=OPEN is=IDLE awp=false se=false i=true al=0},r=2,c=false/false,a=IDLE,uri=null,age=0}
04:06:39.457 [qtp399373008-62] DEBUG org.eclipse.jetty.util.thread.ReservedThreadExecutor - ReservedThread@44631275{RESERVED,thread=Thread[qtp399373008-62,5,main]} waiting ReservedThreadExecutor@424fd310{reserved=2/8,pending=0}
04:06:39.457 [qtp399373008-61] DEBUG org.eclipse.jetty.io.ManagedSelector - updates 0
04:06:39.457 [qtp399373008-61] DEBUG org.eclipse.jetty.io.ManagedSelector - Selector sun.nio.ch.EPollSelectorImpl@3702dbe9 waiting with 1 keys
04:06:39.459 [main] DEBUG org.apache.nifi.minifi.bootstrap.configuration.ingestors.PullHttpChangeIngestor - Attempting to pull new config
04:06:39.459 [qtp399373008-59-acceptor-0@5a85c92-ServerConnector@2374d36a{SSL, (ssl, http/1.1)}{localhost:35537}] DEBUG org.eclipse.jetty.io.ManagedSelector - Queued change lazy=false Accept@2f083796[java.nio.channels.SocketChannel[connected local=/127.0.0.1:35537 remote=/127.0.0.1:60862]] on ManagedSelector@7bb6ab3a{STARTED} id=3 keys=0 selected=0 updates=0
04:06:39.459 [qtp399373008-59-acceptor-0@5a85c92-ServerConnector@2374d36a{SSL, (ssl, http/1.1)}{localhost:35537}] DEBUG org.eclipse.jetty.io.ManagedSelector - Wakeup on submit ManagedSelector@7bb6ab3a{STARTED} id=3 keys=0 selected=0 updates=1
04:06:39.459 [qtp399373008-58] DEBUG org.eclipse.jetty.io.ManagedSelector - Selector sun.nio.ch.EPollSelectorImpl@3ae8fa07 woken with none selected
04:06:39.459 [qtp399373008-58] DEBUG org.eclipse.jetty.io.ManagedSelector - Selector sun.nio.ch.EPollSelectorImpl@3ae8fa07 woken up from select, 0/0/0 selected
04:06:39.459 [qtp399373008-58] DEBUG org.eclipse.jetty.io.ManagedSelector - Selector sun.nio.ch.EPollSelectorImpl@3ae8fa07 processing 0 keys, 1 updates
04:06:39.459 [qtp399373008-58] DEBUG org.eclipse.jetty.io.ManagedSelector - updateable 1
04:06:39.460 [qtp399373008-58] DEBUG org.eclipse.jetty.io.ManagedSelector - update Accept@2f083796[java.nio.channels.SocketChannel[connected local=/127.0.0.1:35537 remote=/127.0.0.1:60862]]
04:06:39.460 [qtp399373008-58] DEBUG org.eclipse.jetty.util.thread.QueuedThreadPool - queue Accept@2f083796[java.nio.channels.SocketChannel[connected local=/127.0.0.1:35537 remote=/127.0.0.1:60862]] startThread=0
04:06:39.460 [qtp399373008-58] DEBUG org.eclipse.jetty.io.ManagedSelector - updates 0
04:06:39.460 [qtp399373008-58] DEBUG org.eclipse.jetty.io.ManagedSelector - Selector sun.nio.ch.EPollSelectorImpl@3ae8fa07 waiting with 1 keys
04:06:39.460 [qtp399373008-57] DEBUG org.eclipse.jetty.util.thread.QueuedThreadPool - run Accept@2f083796[java.nio.channels.SocketChannel[connected local=/127.0.0.1:35537 remote=/127.0.0.1:60862]] in QueuedThreadPool[qtp399373008]@17cdf2d0{STARTED,8<=8<=200,i=0,r=-1,q=0}[ReservedThreadExecutor@424fd310{reserved=2/8,pending=0}]
04:06:39.460 [qtp399373008-57] DEBUG org.eclipse.jetty.io.IdleTimeout - SocketChannelEndPoint@78f83942{l=/127.0.0.1:35537,r=/127.0.0.1:60862,OPEN,fill=-,flush=-,to=0/30000}{io=0/0,kio=0,kro=0}-><null> idle timeout check, elapsed: 0 ms, remaining: 30000 ms
04:06:39.460 [qtp399373008-57] DEBUG org.eclipse.jetty.util.ssl.SslContextFactory - Customize sun.security.ssl.SSLEngineImpl@59847827
04:06:39.460 [qtp399373008-57] DEBUG org.eclipse.jetty.server.HttpChannel - new HttpChannelOverHttp@49cac695{s=HttpChannelState@215cd94d{s=IDLE rs=BLOCKING os=OPEN is=IDLE awp=false se=false i=true al=0},r=0,c=false/false,a=IDLE,uri=null,age=0} -> DecryptedEndPoint@18d7c60d{l=/127.0.0.1:35537,r=/127.0.0.1:60862,OPEN,fill=-,flush=-,to=0/30000},null,HttpChannelState@215cd94d{s=IDLE rs=BLOCKING os=OPEN is=IDLE awp=false se=false i=true al=0}
04:06:39.460 [qtp399373008-57] DEBUG org.eclipse.jetty.server.HttpConnection - New HTTP Connection HttpConnection@6268d070::DecryptedEndPoint@18d7c60d{l=/127.0.0.1:35537,r=/127.0.0.1:60862,OPEN,fill=-,flush=-,to=0/30000}
04:06:39.460 [qtp399373008-57] DEBUG org.eclipse.jetty.io.ManagedSelector - Queued change lazy=true org.eclipse.jetty.io.ManagedSelector$$Lambda$258/2107212988@7d094cc6 on ManagedSelector@7bb6ab3a{STARTED} id=3 keys=1 selected=0 updates=0
04:06:39.460 [qtp399373008-57] DEBUG org.eclipse.jetty.io.AbstractEndPoint - onOpen SocketChannelEndPoint@78f83942{l=/127.0.0.1:35537,r=/127.0.0.1:60862,OPEN,fill=-,flush=-,to=0/30000}{io=0/0,kio=0,kro=0}->SslConnection@3a58749b{NOT_HANDSHAKING,eio=-1/-1,di=-1,fill=IDLE,flush=IDLE}~>DecryptedEndPoint@18d7c60d{l=/127.0.0.1:35537,r=/127.0.0.1:60862,OPEN,fill=-,flush=-,to=0/30000}=>HttpConnection@6268d070[p=HttpParser{s=START,0 of -1},g=HttpGenerator@1c993a73{s=START}]=>HttpChannelOverHttp@49cac695{s=HttpChannelState@215cd94d{s=IDLE rs=BLOCKING os=OPEN is=IDLE awp=false se=false i=true al=0},r=0,c=false/false,a=IDLE,uri=null,age=0}
04:06:39.460 [qtp399373008-57] DEBUG org.eclipse.jetty.io.AbstractConnection - onOpen SslConnection@3a58749b::SocketChannelEndPoint@78f83942{l=/127.0.0.1:35537,r=/127.0.0.1:60862,OPEN,fill=-,flush=-,to=0/30000}{io=0/0,kio=0,kro=0}->SslConnection@3a58749b{NOT_HANDSHAKING,eio=-1/-1,di=-1,fill=IDLE,flush=IDLE}~>DecryptedEndPoint@18d7c60d{l=/127.0.0.1:35537,r=/127.0.0.1:60862,OPEN,fill=-,flush=-,to=0/30000}=>HttpConnection@6268d070[p=HttpParser{s=START,0 of -1},g=HttpGenerator@1c993a73{s=START}]=>HttpChannelOverHttp@49cac695{s=HttpChannelState@215cd94d{s=IDLE rs=BLOCKING os=OPEN is=IDLE awp=false se=false i=true al=0},r=0,c=false/false,a=IDLE,uri=null,age=0}
04:06:39.460 [qtp399373008-57] DEBUG org.eclipse.jetty.io.AbstractConnection - onOpen HttpConnection@6268d070::DecryptedEndPoint@18d7c60d{l=/127.0.0.1:35537,r=/127.0.0.1:60862,OPEN,fill=-,flush=-,to=0/30000}
04:06:39.460 [qtp399373008-57] DEBUG org.eclipse.jetty.io.AbstractConnection - fillInterested HttpConnection@6268d070::DecryptedEndPoint@18d7c60d{l=/127.0.0.1:35537,r=/127.0.0.1:60862,OPEN,fill=-,flush=-,to=0/30000}
04:06:39.461 [qtp399373008-57] DEBUG org.eclipse.jetty.io.FillInterest - interested FillInterest@385682c0{AC.ReadCB@6268d070{HttpConnection@6268d070::DecryptedEndPoint@18d7c60d{l=/127.0.0.1:35537,r=/127.0.0.1:60862,OPEN,fill=FI,flush=-,to=0/30000}}}
04:06:39.461 [qtp399373008-57] DEBUG org.eclipse.jetty.io.ssl.SslConnection - >needFillInterest s=IDLE/IDLE uf=false ei=null di=null SslConnection@3a58749b::SocketChannelEndPoint@78f83942{l=/127.0.0.1:35537,r=/127.0.0.1:60862,OPEN,fill=-,flush=-,to=0/30000}{io=0/0,kio=0,kro=0}->SslConnection@3a58749b{NOT_HANDSHAKING,eio=-1/-1,di=-1,fill=IDLE,flush=IDLE}~>DecryptedEndPoint@18d7c60d{l=/127.0.0.1:35537,r=/127.0.0.1:60862,OPEN,fill=FI,flush=-,to=0/30000}=>HttpConnection@6268d070[p=HttpParser{s=START,0 of -1},g=HttpGenerator@1c993a73{s=START}]=>HttpChannelOverHttp@49cac695{s=HttpChannelState@215cd94d{s=IDLE rs=BLOCKING os=OPEN is=IDLE awp=false se=false i=true al=0},r=0,c=false/false,a=IDLE,uri=null,age=0}
04:06:39.461 [qtp399373008-57] DEBUG org.eclipse.jetty.io.ssl.SslConnection - <needFillInterest s=IDLE/INTERESTED f=false i=true w=null
04:06:39.461 [qtp399373008-57] DEBUG org.eclipse.jetty.io.ssl.SslConnection - ensureFillInterested SslConnection@3a58749b::SocketChannelEndPoint@78f83942{l=/127.0.0.1:35537,r=/127.0.0.1:60862,OPEN,fill=-,flush=-,to=0/30000}{io=0/0,kio=0,kro=0}->SslConnection@3a58749b{NOT_HANDSHAKING,eio=-1/-1,di=-1,fill=INTERESTED,flush=IDLE}~>DecryptedEndPoint@18d7c60d{l=/127.0.0.1:35537,r=/127.0.0.1:60862,OPEN,fill=FI,flush=-,to=0/30000}=>HttpConnection@6268d070[p=HttpParser{s=START,0 of -1},g=HttpGenerator@1c993a73{s=START}]=>HttpChannelOverHttp@49cac695{s=HttpChannelState@215cd94d{s=IDLE rs=BLOCKING os=OPEN is=IDLE awp=false se=false i=true al=0},r=0,c=false/false,a=IDLE,uri=null,age=0}
04:06:39.461 [qtp399373008-57] DEBUG org.eclipse.jetty.io.FillInterest - interested FillInterest@f8e9670{SSLC.NBReadCB@3a58749b{SslConnection@3a58749b::SocketChannelEndPoint@78f83942{l=/127.0.0.1:35537,r=/127.0.0.1:60862,OPEN,fill=FI,flush=-,to=0/30000}{io=0/0,kio=0,kro=0}->SslConnection@3a58749b{NOT_HANDSHAKING,eio=-1/-1,di=-1,fill=INTERESTED,flush=IDLE}~>DecryptedEndPoint@18d7c60d{l=/127.0.0.1:35537,r=/127.0.0.1:60862,OPEN,fill=FI,flush=-,to=0/30000}=>HttpConnection@6268d070[p=HttpParser{s=START,0 of -1},g=HttpGenerator@1c993a73{s=START}]=>HttpChannelOverHttp@49cac695{s=HttpChannelState@215cd94d{s=IDLE rs=BLOCKING os=OPEN is=IDLE awp=false se=false i=true al=0},r=0,c=false/false,a=IDLE,uri=null,age=0}}}
04:06:39.461 [qtp399373008-57] DEBUG org.eclipse.jetty.io.ChannelEndPoint - changeInterests p=false 0->1 for SocketChannelEndPoint@78f83942{l=/127.0.0.1:35537,r=/127.0.0.1:60862,OPEN,fill=FI,flush=-,to=0/30000}{io=0/1,kio=0,kro=0}->SslConnection@3a58749b{NOT_HANDSHAKING,eio=-1/-1,di=-1,fill=INTERESTED,flush=IDLE}~>DecryptedEndPoint@18d7c60d{l=/127.0.0.1:35537,r=/127.0.0.1:60862,OPEN,fill=FI,flush=-,to=0/30000}=>HttpConnection@6268d070[p=HttpParser{s=START,0 of -1},g=HttpGenerator@1c993a73{s=START}]=>HttpChannelOverHttp@49cac695{s=HttpChannelState@215cd94d{s=IDLE rs=BLOCKING os=OPEN is=IDLE awp=false se=false i=true al=0},r=0,c=false/false,a=IDLE,uri=null,age=0}
04:06:39.461 [qtp399373008-57] DEBUG org.eclipse.jetty.io.ManagedSelector - Queued change lazy=false org.eclipse.jetty.io.ChannelEndPoint$$Lambda$255/2121444922@768bd7b6 on ManagedSelector@7bb6ab3a{STARTED} id=3 keys=1 selected=0 updates=1
04:06:39.461 [qtp399373008-57] DEBUG org.eclipse.jetty.io.ManagedSelector - Wakeup on submit ManagedSelector@7bb6ab3a{STARTED} id=3 keys=1 selected=0 updates=2
04:06:39.461 [qtp399373008-58] DEBUG org.eclipse.jetty.io.ManagedSelector - Selector sun.nio.ch.EPollSelectorImpl@3ae8fa07 woken with none selected
04:06:39.461 [qtp399373008-58] DEBUG org.eclipse.jetty.io.ManagedSelector - Selector sun.nio.ch.EPollSelectorImpl@3ae8fa07 woken up from select, 0/0/1 selected
04:06:39.461 [qtp399373008-58] DEBUG org.eclipse.jetty.io.ManagedSelector - Selector sun.nio.ch.EPollSelectorImpl@3ae8fa07 processing 0 keys, 2 updates
04:06:39.461 [qtp399373008-57] DEBUG org.eclipse.jetty.io.ManagedSelector - Created SocketChannelEndPoint@78f83942{l=/127.0.0.1:35537,r=/127.0.0.1:60862,OPEN,fill=FI,flush=-,to=0/30000}{io=0/1,kio=0,kro=0}->SslConnection@3a58749b{NOT_HANDSHAKING,eio=-1/-1,di=-1,fill=INTERESTED,flush=IDLE}~>DecryptedEndPoint@18d7c60d{l=/127.0.0.1:35537,r=/127.0.0.1:60862,OPEN,fill=FI,flush=-,to=0/30000}=>HttpConnection@6268d070[p=HttpParser{s=START,0 of -1},g=HttpGenerator@1c993a73{s=START}]=>HttpChannelOverHttp@49cac695{s=HttpChannelState@215cd94d{s=IDLE rs=BLOCKING os=OPEN is=IDLE awp=false se=false i=true al=0},r=0,c=false/false,a=IDLE,uri=null,age=0}
04:06:39.461 [qtp399373008-58] DEBUG org.eclipse.jetty.io.ManagedSelector - updateable 2
04:06:39.461 [qtp399373008-58] DEBUG org.eclipse.jetty.io.ManagedSelector - update org.eclipse.jetty.io.ManagedSelector$$Lambda$258/2107212988@7d094cc6
04:06:39.461 [qtp399373008-58] DEBUG org.eclipse.jetty.io.ManagedSelector - update org.eclipse.jetty.io.ChannelEndPoint$$Lambda$255/2121444922@768bd7b6
04:06:39.461 [qtp399373008-57] DEBUG org.eclipse.jetty.util.thread.QueuedThreadPool - ran Accept@2f083796[java.nio.channels.SocketChannel[connected local=/127.0.0.1:35537 remote=/127.0.0.1:60862]] in QueuedThreadPool[qtp399373008]@17cdf2d0{STARTED,8<=8<=200,i=0,r=-1,q=0}[ReservedThreadExecutor@424fd310{reserved=2/8,pending=0}]
04:06:39.461 [qtp399373008-58] DEBUG org.eclipse.jetty.io.ChannelEndPoint - Key interests updated 0 -> 1 on SocketChannelEndPoint@78f83942{l=/127.0.0.1:35537,r=/127.0.0.1:60862,OPEN,fill=FI,flush=-,to=0/30000}{io=1/1,kio=1,kro=0}->SslConnection@3a58749b{NOT_HANDSHAKING,eio=-1/-1,di=-1,fill=INTERESTED,flush=IDLE}~>DecryptedEndPoint@18d7c60d{l=/127.0.0.1:35537,r=/127.0.0.1:60862,OPEN,fill=FI,flush=-,to=0/30000}=>HttpConnection@6268d070[p=HttpParser{s=START,0 of -1},g=HttpGenerator@1c993a73{s=START}]=>HttpChannelOverHttp@49cac695{s=HttpChannelState@215cd94d{s=IDLE rs=BLOCKING os=OPEN is=IDLE awp=false se=false i=true al=0},r=0,c=false/false,a=IDLE,uri=null,age=0}
04:06:39.461 [qtp399373008-58] DEBUG org.eclipse.jetty.io.ManagedSelector - updates 0
04:06:39.461 [qtp399373008-58] DEBUG org.eclipse.jetty.io.ManagedSelector - Selector sun.nio.ch.EPollSelectorImpl@3ae8fa07 waiting with 1 keys
04:06:39.462 [qtp399373008-58] DEBUG org.eclipse.jetty.io.ManagedSelector - Selector sun.nio.ch.EPollSelectorImpl@3ae8fa07 woken up from select, 1/1/1 selected
04:06:39.462 [qtp399373008-58] DEBUG org.eclipse.jetty.io.ManagedSelector - Selector sun.nio.ch.EPollSelectorImpl@3ae8fa07 processing 1 keys, 0 updates
04:06:39.462 [qtp399373008-58] DEBUG org.eclipse.jetty.io.ManagedSelector - selected 1 sun.nio.ch.SelectionKeyImpl@3ed76982 SocketChannelEndPoint@78f83942{l=/127.0.0.1:35537,r=/127.0.0.1:60862,OPEN,fill=FI,flush=-,to=1/30000}{io=1/1,kio=1,kro=1}->SslConnection@3a58749b{NOT_HANDSHAKING,eio=-1/-1,di=-1,fill=INTERESTED,flush=IDLE}~>DecryptedEndPoint@18d7c60d{l=/127.0.0.1:35537,r=/127.0.0.1:60862,OPEN,fill=FI,flush=-,to=1/30000}=>HttpConnection@6268d070[p=HttpParser{s=START,0 of -1},g=HttpGenerator@1c993a73{s=START}]=>HttpChannelOverHttp@49cac695{s=HttpChannelState@215cd94d{s=IDLE rs=BLOCKING os=OPEN is=IDLE awp=false se=false i=true al=0},r=0,c=false/false,a=IDLE,uri=null,age=0} 
04:06:39.462 [qtp399373008-58] DEBUG org.eclipse.jetty.io.ChannelEndPoint - onSelected 1->0 r=true w=false for SocketChannelEndPoint@78f83942{l=/127.0.0.1:35537,r=/127.0.0.1:60862,OPEN,fill=FI,flush=-,to=1/30000}{io=1/0,kio=1,kro=1}->SslConnection@3a58749b{NOT_HANDSHAKING,eio=-1/-1,di=-1,fill=INTERESTED,flush=IDLE}~>DecryptedEndPoint@18d7c60d{l=/127.0.0.1:35537,r=/127.0.0.1:60862,OPEN,fill=FI,flush=-,to=1/30000}=>HttpConnection@6268d070[p=HttpParser{s=START,0 of -1},g=HttpGenerator@1c993a73{s=START}]=>HttpChannelOverHttp@49cac695{s=HttpChannelState@215cd94d{s=IDLE rs=BLOCKING os=OPEN is=IDLE awp=false se=false i=true al=0},r=0,c=false/false,a=IDLE,uri=null,age=0}
04:06:39.462 [qtp399373008-58] DEBUG org.eclipse.jetty.io.ChannelEndPoint - task CEP:SocketChannelEndPoint@78f83942{l=/127.0.0.1:35537,r=/127.0.0.1:60862,OPEN,fill=FI,flush=-,to=1/30000}{io=1/0,kio=1,kro=1}->SslConnection@3a58749b{NOT_HANDSHAKING,eio=-1/-1,di=-1,fill=INTERESTED,flush=IDLE}~>DecryptedEndPoint@18d7c60d{l=/127.0.0.1:35537,r=/127.0.0.1:60862,OPEN,fill=FI,flush=-,to=1/30000}=>HttpConnection@6268d070[p=HttpParser{s=START,0 of -1},g=HttpGenerator@1c993a73{s=START}]=>HttpChannelOverHttp@49cac695{s=HttpChannelState@215cd94d{s=IDLE rs=BLOCKING os=OPEN is=IDLE awp=false se=false i=true al=0},r=0,c=false/false,a=IDLE,uri=null,age=0}:runFillable:BLOCKING
04:06:39.462 [qtp399373008-58] DEBUG org.eclipse.jetty.util.thread.ReservedThreadExecutor - ReservedThreadExecutor@424fd310{reserved=2/8,pending=0} tryExecute EatWhatYouKill@f478a81/SelectorProducer@19553973/PRODUCING/p=false/QueuedThreadPool[qtp399373008]@17cdf2d0{STARTED,8<=8<=200,i=1,r=-1,q=0}[ReservedThreadExecutor@424fd310{reserved=2/8,pending=0}][pc=0,pic=0,pec=0,epc=0]@2024-05-02T04:06:39.462+01:00
04:06:39.462 [qtp399373008-58] DEBUG org.eclipse.jetty.util.thread.strategy.EatWhatYouKill - EatWhatYouKill@f478a81/SelectorProducer@19553973/IDLE/p=true/QueuedThreadPool[qtp399373008]@17cdf2d0{STARTED,8<=8<=200,i=1,r=-1,q=0}[ReservedThreadExecutor@424fd310{reserved=1/8,pending=0}][pc=0,pic=0,pec=0,epc=0]@2024-05-02T04:06:39.462+01:00 m=EXECUTE_PRODUCE_CONSUME t=CEP:SocketChannelEndPoint@78f83942{l=/127.0.0.1:35537,r=/127.0.0.1:60862,OPEN,fill=FI,flush=-,to=1/30000}{io=1/0,kio=1,kro=1}->SslConnection@3a58749b{NOT_HANDSHAKING,eio=-1/-1,di=-1,fill=INTERESTED,flush=IDLE}~>DecryptedEndPoint@18d7c60d{l=/127.0.0.1:35537,r=/127.0.0.1:60862,OPEN,fill=FI,flush=-,to=1/30000}=>HttpConnection@6268d070[p=HttpParser{s=START,0 of -1},g=HttpGenerator@1c993a73{s=START}]=>HttpChannelOverHttp@49cac695{s=HttpChannelState@215cd94d{s=IDLE rs=BLOCKING os=OPEN is=IDLE awp=false se=false i=true al=0},r=0,c=false/false,a=IDLE,uri=null,age=0}:runFillable:BLOCKING/BLOCKING
04:06:39.462 [qtp399373008-62] DEBUG org.eclipse.jetty.util.thread.ReservedThreadExecutor - ReservedThread@44631275{RESERVED,thread=Thread[qtp399373008-62,5,main]} task=EatWhatYouKill@f478a81/SelectorProducer@19553973/IDLE/p=true/QueuedThreadPool[qtp399373008]@17cdf2d0{STARTED,8<=8<=200,i=1,r=-1,q=0}[ReservedThreadExecutor@424fd310{reserved=1/8,pending=0}][pc=0,pic=0,pec=0,epc=0]@2024-05-02T04:06:39.462+01:00 ReservedThreadExecutor@424fd310{reserved=1/8,pending=0}
04:06:39.462 [qtp399373008-58] DEBUG org.eclipse.jetty.io.FillInterest - fillable FillInterest@f8e9670{SSLC.NBReadCB@3a58749b{SslConnection@3a58749b::SocketChannelEndPoint@78f83942{l=/127.0.0.1:35537,r=/127.0.0.1:60862,OPEN,fill=FI,flush=-,to=1/30000}{io=1/0,kio=1,kro=1}->SslConnection@3a58749b{NOT_HANDSHAKING,eio=-1/-1,di=-1,fill=INTERESTED,flush=IDLE}~>DecryptedEndPoint@18d7c60d{l=/127.0.0.1:35537,r=/127.0.0.1:60862,OPEN,fill=FI,flush=-,to=1/30000}=>HttpConnection@6268d070[p=HttpParser{s=START,0 of -1},g=HttpGenerator@1c993a73{s=START}]=>HttpChannelOverHttp@49cac695{s=HttpChannelState@215cd94d{s=IDLE rs=BLOCKING os=OPEN is=IDLE awp=false se=false i=true al=0},r=0,c=false/false,a=IDLE,uri=null,age=0}}}
04:06:39.462 [qtp399373008-62] DEBUG org.eclipse.jetty.util.thread.strategy.EatWhatYouKill - EatWhatYouKill@f478a81/SelectorProducer@19553973/IDLE/p=true/QueuedThreadPool[qtp399373008]@17cdf2d0{STARTED,8<=8<=200,i=1,r=-1,q=0}[ReservedThreadExecutor@424fd310{reserved=1/8,pending=0}][pc=0,pic=0,pec=0,epc=1]@2024-05-02T04:06:39.462+01:00 tryProduce true
04:06:39.462 [qtp399373008-62] DEBUG org.eclipse.jetty.io.ManagedSelector - updateable 0
04:06:39.462 [qtp399373008-62] DEBUG org.eclipse.jetty.io.ManagedSelector - updates 0
04:06:39.463 [qtp399373008-58] DEBUG org.eclipse.jetty.io.ssl.SslConnection - >c.onFillable SslConnection@3a58749b::SocketChannelEndPoint@78f83942{l=/127.0.0.1:35537,r=/127.0.0.1:60862,OPEN,fill=-,flush=-,to=1/30000}{io=1/0,kio=1,kro=1}->SslConnection@3a58749b{NOT_HANDSHAKING,eio=-1/-1,di=-1,fill=INTERESTED,flush=IDLE}~>DecryptedEndPoint@18d7c60d{l=/127.0.0.1:35537,r=/127.0.0.1:60862,OPEN,fill=FI,flush=-,to=1/30000}=>HttpConnection@6268d070[p=HttpParser{s=START,0 of -1},g=HttpGenerator@1c993a73{s=START}]=>HttpChannelOverHttp@49cac695{s=HttpChannelState@215cd94d{s=IDLE rs=BLOCKING os=OPEN is=IDLE awp=false se=false i=true al=0},r=0,c=false/false,a=IDLE,uri=null,age=0}
04:06:39.463 [qtp399373008-58] DEBUG org.eclipse.jetty.io.ssl.SslConnection - onFillable SslConnection@3a58749b::SocketChannelEndPoint@78f83942{l=/127.0.0.1:35537,r=/127.0.0.1:60862,OPEN,fill=-,flush=-,to=1/30000}{io=0/0,kio=0,kro=1}->SslConnection@3a58749b{NOT_HANDSHAKING,eio=-1/-1,di=-1,fill=INTERESTED,flush=IDLE}~>DecryptedEndPoint@18d7c60d{l=/127.0.0.1:35537,r=/127.0.0.1:60862,OPEN,fill=FI,flush=-,to=2/30000}=>HttpConnection@6268d070[p=HttpParser{s=START,0 of -1},g=HttpGenerator@1c993a73{s=START}]=>HttpChannelOverHttp@49cac695{s=HttpChannelState@215cd94d{s=IDLE rs=BLOCKING os=OPEN is=IDLE awp=false se=false i=true al=0},r=0,c=false/false,a=IDLE,uri=null,age=0}
04:06:39.463 [qtp399373008-62] DEBUG org.eclipse.jetty.io.ChannelEndPoint - Key interests updated 1 -> 0 on SocketChannelEndPoint@78f83942{l=/127.0.0.1:35537,r=/127.0.0.1:60862,OPEN,fill=-,flush=-,to=1/30000}{io=0/0,kio=0,kro=1}->SslConnection@3a58749b{NOT_HANDSHAKING,eio=-1/-1,di=-1,fill=INTERESTED,flush=IDLE}~>DecryptedEndPoint@18d7c60d{l=/127.0.0.1:35537,r=/127.0.0.1:60862,OPEN,fill=FI,flush=-,to=2/30000}=>HttpConnection@6268d070[p=HttpParser{s=START,0 of -1},g=HttpGenerator@1c993a73{s=START}]=>HttpChannelOverHttp@49cac695{s=HttpChannelState@215cd94d{s=IDLE rs=BLOCKING os=OPEN is=IDLE awp=false se=false i=true al=0},r=0,c=false/false,a=IDLE,uri=null,age=0}
04:06:39.463 [qtp399373008-58] DEBUG org.eclipse.jetty.io.FillInterest - fillable FillInterest@385682c0{AC.ReadCB@6268d070{HttpConnection@6268d070::DecryptedEndPoint@18d7c60d{l=/127.0.0.1:35537,r=/127.0.0.1:60862,OPEN,fill=FI,flush=-,to=2/30000}}}
04:06:39.463 [qtp399373008-62] DEBUG org.eclipse.jetty.io.ManagedSelector - Selector sun.nio.ch.EPollSelectorImpl@3ae8fa07 waiting with 1 keys
04:06:39.463 [qtp399373008-58] DEBUG org.eclipse.jetty.server.HttpConnection - HttpConnection@6268d070::DecryptedEndPoint@18d7c60d{l=/127.0.0.1:35537,r=/127.0.0.1:60862,OPEN,fill=-,flush=-,to=2/30000} onFillable enter HttpChannelState@215cd94d{s=IDLE rs=BLOCKING os=OPEN is=IDLE awp=false se=false i=true al=0} null
04:06:39.463 [qtp399373008-58] DEBUG org.eclipse.jetty.io.ssl.SslConnection - >fill SslConnection@3a58749b::SocketChannelEndPoint@78f83942{l=/127.0.0.1:35537,r=/127.0.0.1:60862,OPEN,fill=-,flush=-,to=2/30000}{io=0/0,kio=0,kro=1}->SslConnection@3a58749b{NOT_HANDSHAKING,eio=-1/-1,di=-1,fill=IDLE,flush=IDLE}~>DecryptedEndPoint@18d7c60d{l=/127.0.0.1:35537,r=/127.0.0.1:60862,OPEN,fill=-,flush=-,to=2/30000}=>HttpConnection@6268d070[p=HttpParser{s=START,0 of -1},g=HttpGenerator@1c993a73{s=START}]=>HttpChannelOverHttp@49cac695{s=HttpChannelState@215cd94d{s=IDLE rs=BLOCKING os=OPEN is=IDLE awp=false se=false i=true al=0},r=0,c=false/false,a=IDLE,uri=null,age=0}
04:06:39.463 [qtp399373008-58] DEBUG org.eclipse.jetty.io.ssl.SslConnection - fill NOT_HANDSHAKING
04:06:39.464 [qtp399373008-58] DEBUG org.eclipse.jetty.io.ChannelEndPoint - filled 339 HeapByteBuffer@3dc4242d[p=0,l=339,c=17408,r=339]={<<<\x16\x03\x03\x01N\x01\x00\x01J\x03\x03\xC4j\xB1\x0b^\n\x94\xD4{\xD2\xF6BG\xC0...-f\x89\x1fB.\x82\xA6\x1e\x7f\x8f\xAf\x90\x80\x80gY\xF4\xFf\x01\x00\x01\x00>>>\xF9\xFb}{\xC0\xFag\xC6G...\x00\x00\x00\x00\x00\x00\x00}
04:06:39.464 [qtp399373008-58] DEBUG org.eclipse.jetty.io.ssl.SslConnection - net filled=339
04:06:39.464 [qtp399373008-58] DEBUG org.eclipse.jetty.io.ssl.SslConnection - fill starting handshake SslConnection@3a58749b::SocketChannelEndPoint@78f83942{l=/127.0.0.1:35537,r=/127.0.0.1:60862,OPEN,fill=-,flush=-,to=0/30000}{io=0/0,kio=0,kro=1}->SslConnection@3a58749b{NOT_HANDSHAKING,eio=339/-1,di=-1,fill=IDLE,flush=IDLE}~>DecryptedEndPoint@18d7c60d{l=/127.0.0.1:35537,r=/127.0.0.1:60862,OPEN,fill=-,flush=-,to=3/30000}=>HttpConnection@6268d070[p=HttpParser{s=START,0 of -1},g=HttpGenerator@1c993a73{s=START}]=>HttpChannelOverHttp@49cac695{s=HttpChannelState@215cd94d{s=IDLE rs=BLOCKING os=OPEN is=IDLE awp=false se=false i=true al=0},r=0,c=false/false,a=IDLE,uri=null,age=0}
04:06:39.464 [qtp399373008-58] DEBUG org.eclipse.jetty.io.ssl.SslConnection - unwrap net_filled=339 Status = OK HandshakeStatus = NEED_TASK bytesConsumed = 339 bytesProduced = 0 encryptedBuffer=[p=339,l=339,c=17408,r=0] unwrapBuffer=HeapByteBuffer@3303dde5[p=0,l=0,c=17408,r=0]={<<<>>>\x17\x03\x03\x00\xC9\xAe\x13\x15Y...\x00\x00\x00\x00\x00\x00\x00} appBuffer=HeapByteBuffer@3303dde5[p=0,l=0,c=17408,r=0]={<<<>>>\x17\x03\x03\x00\xC9\xAe\x13\x15Y...\x00\x00\x00\x00\x00\x00\x00}
04:06:39.464 [qtp399373008-58] DEBUG org.eclipse.jetty.io.ssl.SslConnection - fill NEED_TASK
04:06:39.473 [qtp399373008-58] DEBUG org.eclipse.jetty.io.ssl.SslConnection - fill NEED_WRAP
04:06:39.473 [qtp399373008-58] DEBUG org.eclipse.jetty.io.ssl.SslConnection - >flush SslConnection@3a58749b::SocketChannelEndPoint@78f83942{l=/127.0.0.1:35537,r=/127.0.0.1:60862,OPEN,fill=-,flush=-,to=9/30000}{io=0/0,kio=0,kro=1}->SslConnection@3a58749b{NEED_WRAP,eio=0/-1,di=-1,fill=IDLE,flush=IDLE}~>DecryptedEndPoint@18d7c60d{l=/127.0.0.1:35537,r=/127.0.0.1:60862,OPEN,fill=-,flush=-,to=12/30000}=>HttpConnection@6268d070[p=HttpParser{s=START,0 of -1},g=HttpGenerator@1c993a73{s=START}]=>HttpChannelOverHttp@49cac695{s=HttpChannelState@215cd94d{s=IDLE rs=BLOCKING os=OPEN is=IDLE awp=false se=false i=true al=0},r=0,c=false/false,a=IDLE,uri=null,age=0}
04:06:39.473 [qtp399373008-58] DEBUG org.eclipse.jetty.io.ssl.SslConnection - flush b[0]=HeapByteBuffer@38928dbe[p=0,l=0,c=0,r=0]={<<<>>>}
04:06:39.473 [qtp399373008-58] DEBUG org.eclipse.jetty.io.ssl.SslConnection - flush NEED_WRAP
04:06:39.473 [qtp399373008-58] DEBUG org.eclipse.jetty.io.ssl.SslConnection - wrap Status = OK HandshakeStatus = NEED_WRAP bytesConsumed = 0 bytesProduced = 160 [p=0,l=160,c=17408,r=160] ioDone=false/false
04:06:39.473 [qtp399373008-58] DEBUG org.eclipse.jetty.io.ChannelEndPoint - flushed 160 SocketChannelEndPoint@78f83942{l=/127.0.0.1:35537,r=/127.0.0.1:60862,OPEN,fill=-,flush=-,to=9/30000}{io=0/0,kio=0,kro=1}->SslConnection@3a58749b{NEED_WRAP,eio=0/0,di=-1,fill=IDLE,flush=IDLE}~>DecryptedEndPoint@18d7c60d{l=/127.0.0.1:35537,r=/127.0.0.1:60862,OPEN,fill=-,flush=-,to=12/30000}=>HttpConnection@6268d070[p=HttpParser{s=START,0 of -1},g=HttpGenerator@1c993a73{s=START}]=>HttpChannelOverHttp@49cac695{s=HttpChannelState@215cd94d{s=IDLE rs=BLOCKING os=OPEN is=IDLE awp=false se=false i=true al=0},r=0,c=false/false,a=IDLE,uri=null,age=0}
04:06:39.473 [qtp399373008-58] DEBUG org.eclipse.jetty.io.ssl.SslConnection - net flushed=true, ac=true
04:06:39.473 [qtp399373008-58] DEBUG org.eclipse.jetty.io.ssl.SslConnection - flush NEED_WRAP
04:06:39.473 [qtp399373008-58] DEBUG org.eclipse.jetty.io.ssl.SslConnection - wrap Status = OK HandshakeStatus = NEED_WRAP bytesConsumed = 0 bytesProduced = 6 [p=0,l=6,c=17408,r=6] ioDone=false/false
04:06:39.474 [qtp399373008-58] DEBUG org.eclipse.jetty.io.ChannelEndPoint - flushed 6 SocketChannelEndPoint@78f83942{l=/127.0.0.1:35537,r=/127.0.0.1:60862,OPEN,fill=-,flush=-,to=0/30000}{io=0/0,kio=0,kro=1}->SslConnection@3a58749b{NEED_WRAP,eio=0/0,di=-1,fill=IDLE,flush=IDLE}~>DecryptedEndPoint@18d7c60d{l=/127.0.0.1:35537,r=/127.0.0.1:60862,OPEN,fill=-,flush=-,to=12/30000}=>HttpConnection@6268d070[p=HttpParser{s=START,0 of -1},g=HttpGenerator@1c993a73{s=START}]=>HttpChannelOverHttp@49cac695{s=HttpChannelState@215cd94d{s=IDLE rs=BLOCKING os=OPEN is=IDLE awp=false se=false i=true al=0},r=0,c=false/false,a=IDLE,uri=null,age=0}
04:06:39.474 [qtp399373008-58] DEBUG org.eclipse.jetty.io.ssl.SslConnection - net flushed=true, ac=true
04:06:39.474 [qtp399373008-58] DEBUG org.eclipse.jetty.io.ssl.SslConnection - flush NEED_WRAP
04:06:39.474 [qtp399373008-58] DEBUG org.eclipse.jetty.io.ssl.SslConnection - wrap Status = OK HandshakeStatus = NEED_UNWRAP bytesConsumed = 0 bytesProduced = 1597 [p=0,l=1597,c=17408,r=1597] ioDone=false/false
04:06:39.474 [qtp399373008-58] DEBUG org.eclipse.jetty.io.ChannelEndPoint - flushed 1597 SocketChannelEndPoint@78f83942{l=/127.0.0.1:35537,r=/127.0.0.1:60862,OPEN,fill=-,flush=-,to=0/30000}{io=0/0,kio=0,kro=1}->SslConnection@3a58749b{NEED_UNWRAP,eio=0/0,di=-1,fill=IDLE,flush=IDLE}~>DecryptedEndPoint@18d7c60d{l=/127.0.0.1:35537,r=/127.0.0.1:60862,OPEN,fill=-,flush=-,to=13/30000}=>HttpConnection@6268d070[p=HttpParser{s=START,0 of -1},g=HttpGenerator@1c993a73{s=START}]=>HttpChannelOverHttp@49cac695{s=HttpChannelState@215cd94d{s=IDLE rs=BLOCKING os=OPEN is=IDLE awp=false se=false i=true al=0},r=0,c=false/false,a=IDLE,uri=null,age=0}
04:06:39.474 [qtp399373008-58] DEBUG org.eclipse.jetty.io.ssl.SslConnection - net flushed=true, ac=true
04:06:39.474 [qtp399373008-58] DEBUG org.eclipse.jetty.io.ssl.SslConnection - <flush true SslConnection@3a58749b::SocketChannelEndPoint@78f83942{l=/127.0.0.1:35537,r=/127.0.0.1:60862,OPEN,fill=-,flush=-,to=0/30000}{io=0/0,kio=0,kro=1}->SslConnection@3a58749b{NEED_UNWRAP,eio=0/-1,di=-1,fill=IDLE,flush=IDLE}~>DecryptedEndPoint@18d7c60d{l=/127.0.0.1:35537,r=/127.0.0.1:60862,OPEN,fill=-,flush=-,to=13/30000}=>HttpConnection@6268d070[p=HttpParser{s=START,0 of -1},g=HttpGenerator@1c993a73{s=START}]=>HttpChannelOverHttp@49cac695{s=HttpChannelState@215cd94d{s=IDLE rs=BLOCKING os=OPEN is=IDLE awp=false se=false i=true al=0},r=0,c=false/false,a=IDLE,uri=null,age=0}
04:06:39.474 [qtp399373008-58] DEBUG org.eclipse.jetty.io.ssl.SslConnection - fill NEED_UNWRAP
04:06:39.474 [qtp399373008-58] DEBUG org.eclipse.jetty.io.ChannelEndPoint - filled 0 HeapByteBuffer@3dc4242d[p=0,l=0,c=17408,r=0]={<<<>>>\x16\x03\x03\x01N\x01\x00\x01J...\x00\x00\x00\x00\x00\x00\x00}
04:06:39.474 [qtp399373008-58] DEBUG org.eclipse.jetty.io.ssl.SslConnection - net filled=0
04:06:39.474 [qtp399373008-58] DEBUG org.eclipse.jetty.io.ssl.SslConnection - unwrap net_filled=0 Status = BUFFER_UNDERFLOW HandshakeStatus = NEED_UNWRAP bytesConsumed = 0 bytesProduced = 0 encryptedBuffer=[p=0,l=0,c=17408,r=0] unwrapBuffer=HeapByteBuffer@3303dde5[p=0,l=0,c=17408,r=0]={<<<>>>\x17\x03\x03\x00\xC9\xAe\x13\x15Y...\x00\x00\x00\x00\x00\x00\x00} appBuffer=HeapByteBuffer@3303dde5[p=0,l=0,c=17408,r=0]={<<<>>>\x17\x03\x03\x00\xC9\xAe\x13\x15Y...\x00\x00\x00\x00\x00\x00\x00}
04:06:39.474 [qtp399373008-58] DEBUG org.eclipse.jetty.io.ssl.SslConnection - <fill f=0 uf=true SslConnection@3a58749b::SocketChannelEndPoint@78f83942{l=/127.0.0.1:35537,r=/127.0.0.1:60862,OPEN,fill=-,flush=-,to=0/30000}{io=0/0,kio=0,kro=1}->SslConnection@3a58749b{NEED_UNWRAP,eio=-1/-1,di=-1,fill=IDLE,flush=IDLE}~>DecryptedEndPoint@18d7c60d{l=/127.0.0.1:35537,r=/127.0.0.1:60862,OPEN,fill=-,flush=-,to=13/30000}=>HttpConnection@6268d070[p=HttpParser{s=START,0 of -1},g=HttpGenerator@1c993a73{s=START}]=>HttpChannelOverHttp@49cac695{s=HttpChannelState@215cd94d{s=IDLE rs=BLOCKING os=OPEN is=IDLE awp=false se=false i=true al=0},r=0,c=false/false,a=IDLE,uri=null,age=0}
04:06:39.474 [qtp399373008-58] DEBUG org.eclipse.jetty.io.ssl.SslConnection - >fill SslConnection@3a58749b::SocketChannelEndPoint@78f83942{l=/127.0.0.1:35537,r=/127.0.0.1:60862,OPEN,fill=-,flush=-,to=0/30000}{io=0/0,kio=0,kro=1}->SslConnection@3a58749b{NEED_UNWRAP,eio=-1/-1,di=-1,fill=IDLE,flush=IDLE}~>DecryptedEndPoint@18d7c60d{l=/127.0.0.1:35537,r=/127.0.0.1:60862,OPEN,fill=-,flush=-,to=13/30000}=>HttpConnection@6268d070[p=HttpParser{s=START,0 of -1},g=HttpGenerator@1c993a73{s=START}]=>HttpChannelOverHttp@49cac695{s=HttpChannelState@215cd94d{s=IDLE rs=BLOCKING os=OPEN is=IDLE awp=false se=false i=true al=0},r=0,c=false/false,a=IDLE,uri=null,age=0}
04:06:39.474 [qtp399373008-58] DEBUG org.eclipse.jetty.io.ssl.SslConnection - fill NEED_UNWRAP
04:06:39.474 [qtp399373008-58] DEBUG org.eclipse.jetty.io.ChannelEndPoint - filled 0 HeapByteBuffer@373c4f5d[p=0,l=0,c=17408,r=0]={<<<>>>\x17\x03\x03\x068\xF6\xF2\x8f\xC7...\x00\x00\x00\x00\x00\x00\x00}
04:06:39.474 [qtp399373008-58] DEBUG org.eclipse.jetty.io.ssl.SslConnection - net filled=0
04:06:39.474 [qtp399373008-58] DEBUG org.eclipse.jetty.io.ssl.SslConnection - unwrap net_filled=0 Status = BUFFER_UNDERFLOW HandshakeStatus = NEED_UNWRAP bytesConsumed = 0 bytesProduced = 0 encryptedBuffer=[p=0,l=0,c=17408,r=0] unwrapBuffer=HeapByteBuffer@3303dde5[p=0,l=0,c=17408,r=0]={<<<>>>\x17\x03\x03\x00\xC9\xAe\x13\x15Y...\x00\x00\x00\x00\x00\x00\x00} appBuffer=HeapByteBuffer@3303dde5[p=0,l=0,c=17408,r=0]={<<<>>>\x17\x03\x03\x00\xC9\xAe\x13\x15Y...\x00\x00\x00\x00\x00\x00\x00}
04:06:39.475 [qtp399373008-58] DEBUG org.eclipse.jetty.io.ssl.SslConnection - <fill f=0 uf=true SslConnection@3a58749b::SocketChannelEndPoint@78f83942{l=/127.0.0.1:35537,r=/127.0.0.1:60862,OPEN,fill=-,flush=-,to=0/30000}{io=0/0,kio=0,kro=1}->SslConnection@3a58749b{NEED_UNWRAP,eio=-1/-1,di=-1,fill=IDLE,flush=IDLE}~>DecryptedEndPoint@18d7c60d{l=/127.0.0.1:35537,r=/127.0.0.1:60862,OPEN,fill=-,flush=-,to=14/30000}=>HttpConnection@6268d070[p=HttpParser{s=START,0 of -1},g=HttpGenerator@1c993a73{s=START}]=>HttpChannelOverHttp@49cac695{s=HttpChannelState@215cd94d{s=IDLE rs=BLOCKING os=OPEN is=IDLE awp=false se=false i=true al=0},r=0,c=false/false,a=IDLE,uri=null,age=0}
04:06:39.475 [qtp399373008-58] DEBUG org.eclipse.jetty.server.HttpConnection - HttpConnection@6268d070::DecryptedEndPoint@18d7c60d{l=/127.0.0.1:35537,r=/127.0.0.1:60862,OPEN,fill=-,flush=-,to=14/30000} filled 0 HeapByteBuffer@3303dde5[p=0,l=0,c=17408,r=0]={<<<>>>\x17\x03\x03\x00\xC9\xAe\x13\x15Y...\x00\x00\x00\x00\x00\x00\x00}
04:06:39.475 [qtp399373008-58] DEBUG org.eclipse.jetty.server.HttpConnection - HttpConnection@6268d070::DecryptedEndPoint@18d7c60d{l=/127.0.0.1:35537,r=/127.0.0.1:60862,OPEN,fill=-,flush=-,to=14/30000} parse HeapByteBuffer@3303dde5[p=0,l=0,c=17408,r=0]={<<<>>>\x17\x03\x03\x00\xC9\xAe\x13\x15Y...\x00\x00\x00\x00\x00\x00\x00} {}
04:06:39.475 [qtp399373008-58] DEBUG org.eclipse.jetty.http.HttpParser - parseNext s=START HeapByteBuffer@3303dde5[p=0,l=0,c=17408,r=0]={<<<>>>\x17\x03\x03\x00\xC9\xAe\x13\x15Y...\x00\x00\x00\x00\x00\x00\x00}
04:06:39.475 [qtp399373008-58] DEBUG org.eclipse.jetty.server.HttpConnection - HttpConnection@6268d070::DecryptedEndPoint@18d7c60d{l=/127.0.0.1:35537,r=/127.0.0.1:60862,OPEN,fill=-,flush=-,to=14/30000} parsed false HttpParser{s=START,0 of -1}
04:06:39.475 [qtp399373008-58] DEBUG org.eclipse.jetty.server.HttpConnection - releaseRequestBuffer HttpConnection@6268d070::DecryptedEndPoint@18d7c60d{l=/127.0.0.1:35537,r=/127.0.0.1:60862,OPEN,fill=-,flush=-,to=14/30000}
04:06:39.475 [qtp399373008-58] DEBUG org.eclipse.jetty.io.AbstractConnection - fillInterested HttpConnection@6268d070::DecryptedEndPoint@18d7c60d{l=/127.0.0.1:35537,r=/127.0.0.1:60862,OPEN,fill=-,flush=-,to=14/30000}
04:06:39.475 [qtp399373008-58] DEBUG org.eclipse.jetty.io.FillInterest - interested FillInterest@385682c0{AC.ReadCB@6268d070{HttpConnection@6268d070::DecryptedEndPoint@18d7c60d{l=/127.0.0.1:35537,r=/127.0.0.1:60862,OPEN,fill=FI,flush=-,to=0/30000}}}
04:06:39.475 [qtp399373008-58] DEBUG org.eclipse.jetty.io.ssl.SslConnection - >needFillInterest s=IDLE/IDLE uf=true ei=null di=null SslConnection@3a58749b::SocketChannelEndPoint@78f83942{l=/127.0.0.1:35537,r=/127.0.0.1:60862,OPEN,fill=-,flush=-,to=0/30000}{io=0/0,kio=0,kro=1}->SslConnection@3a58749b{NEED_UNWRAP,eio=-1/-1,di=-1,fill=IDLE,flush=IDLE}~>DecryptedEndPoint@18d7c60d{l=/127.0.0.1:35537,r=/127.0.0.1:60862,OPEN,fill=FI,flush=-,to=0/30000}=>HttpConnection@6268d070[p=HttpParser{s=START,0 of -1},g=HttpGenerator@1c993a73{s=START}]=>HttpChannelOverHttp@49cac695{s=HttpChannelState@215cd94d{s=IDLE rs=BLOCKING os=OPEN is=IDLE awp=false se=false i=true al=0},r=0,c=false/false,a=IDLE,uri=null,age=0}
04:06:39.475 [qtp399373008-58] DEBUG org.eclipse.jetty.io.ssl.SslConnection - <needFillInterest s=IDLE/INTERESTED f=false i=true w=null
04:06:39.475 [qtp399373008-58] DEBUG org.eclipse.jetty.io.ssl.SslConnection - ensureFillInterested SslConnection@3a58749b::SocketChannelEndPoint@78f83942{l=/127.0.0.1:35537,r=/127.0.0.1:60862,OPEN,fill=-,flush=-,to=0/30000}{io=0/0,kio=0,kro=1}->SslConnection@3a58749b{NEED_UNWRAP,eio=-1/-1,di=-1,fill=INTERESTED,flush=IDLE}~>DecryptedEndPoint@18d7c60d{l=/127.0.0.1:35537,r=/127.0.0.1:60862,OPEN,fill=FI,flush=-,to=0/30000}=>HttpConnection@6268d070[p=HttpParser{s=START,0 of -1},g=HttpGenerator@1c993a73{s=START}]=>HttpChannelOverHttp@49cac695{s=HttpChannelState@215cd94d{s=IDLE rs=BLOCKING os=OPEN is=IDLE awp=false se=false i=true al=0},r=0,c=false/false,a=IDLE,uri=null,age=0}
04:06:39.475 [qtp399373008-58] DEBUG org.eclipse.jetty.io.FillInterest - interested FillInterest@f8e9670{SSLC.NBReadCB@3a58749b{SslConnection@3a58749b::SocketChannelEndPoint@78f83942{l=/127.0.0.1:35537,r=/127.0.0.1:60862,OPEN,fill=FI,flush=-,to=0/30000}{io=0/0,kio=0,kro=1}->SslConnection@3a58749b{NEED_UNWRAP,eio=-1/-1,di=-1,fill=INTERESTED,flush=IDLE}~>DecryptedEndPoint@18d7c60d{l=/127.0.0.1:35537,r=/127.0.0.1:60862,OPEN,fill=FI,flush=-,to=0/30000}=>HttpConnection@6268d070[p=HttpParser{s=START,0 of -1},g=HttpGenerator@1c993a73{s=START}]=>HttpChannelOverHttp@49cac695{s=HttpChannelState@215cd94d{s=IDLE rs=BLOCKING os=OPEN is=IDLE awp=false se=false i=true al=0},r=0,c=false/false,a=IDLE,uri=null,age=0}}}
04:06:39.475 [qtp399373008-58] DEBUG org.eclipse.jetty.io.ChannelEndPoint - changeInterests p=false 0->1 for SocketChannelEndPoint@78f83942{l=/127.0.0.1:35537,r=/127.0.0.1:60862,OPEN,fill=FI,flush=-,to=0/30000}{io=0/1,kio=0,kro=1}->SslConnection@3a58749b{NEED_UNWRAP,eio=-1/-1,di=-1,fill=INTERESTED,flush=IDLE}~>DecryptedEndPoint@18d7c60d{l=/127.0.0.1:35537,r=/127.0.0.1:60862,OPEN,fill=FI,flush=-,to=0/30000}=>HttpConnection@6268d070[p=HttpParser{s=START,0 of -1},g=HttpGenerator@1c993a73{s=START}]=>HttpChannelOverHttp@49cac695{s=HttpChannelState@215cd94d{s=IDLE rs=BLOCKING os=OPEN is=IDLE awp=false se=false i=true al=0},r=0,c=false/false,a=IDLE,uri=null,age=0}
04:06:39.475 [qtp399373008-58] DEBUG org.eclipse.jetty.io.ManagedSelector - Queued change lazy=false org.eclipse.jetty.io.ChannelEndPoint$$Lambda$255/2121444922@768bd7b6 on ManagedSelector@7bb6ab3a{STARTED} id=3 keys=1 selected=0 updates=0
04:06:39.475 [qtp399373008-58] DEBUG org.eclipse.jetty.io.ManagedSelector - Wakeup on submit ManagedSelector@7bb6ab3a{STARTED} id=3 keys=1 selected=0 updates=1
04:06:39.475 [qtp399373008-58] DEBUG org.eclipse.jetty.server.HttpConnection - HttpConnection@6268d070::DecryptedEndPoint@18d7c60d{l=/127.0.0.1:35537,r=/127.0.0.1:60862,OPEN,fill=FI,flush=-,to=0/30000} onFillable exit HttpChannelState@215cd94d{s=IDLE rs=BLOCKING os=OPEN is=IDLE awp=false se=false i=true al=0} null
04:06:39.475 [qtp399373008-58] DEBUG org.eclipse.jetty.io.ssl.SslConnection - <c.onFillable SslConnection@3a58749b::SocketChannelEndPoint@78f83942{l=/127.0.0.1:35537,r=/127.0.0.1:60862,OPEN,fill=FI,flush=-,to=0/30000}{io=0/1,kio=0,kro=1}->SslConnection@3a58749b{NEED_UNWRAP,eio=-1/-1,di=-1,fill=INTERESTED,flush=IDLE}~>DecryptedEndPoint@18d7c60d{l=/127.0.0.1:35537,r=/127.0.0.1:60862,OPEN,fill=FI,flush=-,to=0/30000}=>HttpConnection@6268d070[p=HttpParser{s=START,0 of -1},g=HttpGenerator@1c993a73{s=START}]=>HttpChannelOverHttp@49cac695{s=HttpChannelState@215cd94d{s=IDLE rs=BLOCKING os=OPEN is=IDLE awp=false se=false i=true al=0},r=0,c=false/false,a=IDLE,uri=null,age=0}
04:06:39.475 [qtp399373008-58] DEBUG org.eclipse.jetty.util.thread.QueuedThreadPool - ran org.eclipse.jetty.io.ManagedSelector$$Lambda$253/838473569@342f02f2 in QueuedThreadPool[qtp399373008]@17cdf2d0{STARTED,8<=8<=200,i=1,r=-1,q=0}[ReservedThreadExecutor@424fd310{reserved=1/8,pending=0}]
04:06:39.475 [qtp399373008-62] DEBUG org.eclipse.jetty.io.ManagedSelector - Selector sun.nio.ch.EPollSelectorImpl@3ae8fa07 woken with none selected
04:06:39.475 [qtp399373008-62] DEBUG org.eclipse.jetty.io.ManagedSelector - Selector sun.nio.ch.EPollSelectorImpl@3ae8fa07 woken up from select, 0/0/1 selected
04:06:39.476 [qtp399373008-62] DEBUG org.eclipse.jetty.io.ManagedSelector - Selector sun.nio.ch.EPollSelectorImpl@3ae8fa07 processing 0 keys, 1 updates
04:06:39.476 [qtp399373008-62] DEBUG org.eclipse.jetty.io.ManagedSelector - updateable 1
04:06:39.476 [qtp399373008-62] DEBUG org.eclipse.jetty.io.ManagedSelector - update org.eclipse.jetty.io.ChannelEndPoint$$Lambda$255/2121444922@768bd7b6
04:06:39.476 [qtp399373008-62] DEBUG org.eclipse.jetty.io.ChannelEndPoint - Key interests updated 0 -> 1 on SocketChannelEndPoint@78f83942{l=/127.0.0.1:35537,r=/127.0.0.1:60862,OPEN,fill=FI,flush=-,to=1/30000}{io=1/1,kio=1,kro=1}->SslConnection@3a58749b{NEED_UNWRAP,eio=-1/-1,di=-1,fill=INTERESTED,flush=IDLE}~>DecryptedEndPoint@18d7c60d{l=/127.0.0.1:35537,r=/127.0.0.1:60862,OPEN,fill=FI,flush=-,to=1/30000}=>HttpConnection@6268d070[p=HttpParser{s=START,0 of -1},g=HttpGenerator@1c993a73{s=START}]=>HttpChannelOverHttp@49cac695{s=HttpChannelState@215cd94d{s=IDLE rs=BLOCKING os=OPEN is=IDLE awp=false se=false i=true al=0},r=0,c=false/false,a=IDLE,uri=null,age=0}
04:06:39.476 [qtp399373008-62] DEBUG org.eclipse.jetty.io.ManagedSelector - updates 0
04:06:39.476 [qtp399373008-62] DEBUG org.eclipse.jetty.io.ManagedSelector - Selector sun.nio.ch.EPollSelectorImpl@3ae8fa07 waiting with 1 keys
04:06:39.476 [qtp399373008-62] DEBUG org.eclipse.jetty.io.ManagedSelector - Selector sun.nio.ch.EPollSelectorImpl@3ae8fa07 woken up from select, 1/1/1 selected
04:06:39.477 [qtp399373008-62] DEBUG org.eclipse.jetty.io.ManagedSelector - Selector sun.nio.ch.EPollSelectorImpl@3ae8fa07 processing 1 keys, 0 updates
04:06:39.477 [qtp399373008-62] DEBUG org.eclipse.jetty.io.ManagedSelector - selected 1 sun.nio.ch.SelectionKeyImpl@3ed76982 SocketChannelEndPoint@78f83942{l=/127.0.0.1:35537,r=/127.0.0.1:60862,OPEN,fill=FI,flush=-,to=1/30000}{io=1/1,kio=1,kro=1}->SslConnection@3a58749b{NEED_UNWRAP,eio=-1/-1,di=-1,fill=INTERESTED,flush=IDLE}~>DecryptedEndPoint@18d7c60d{l=/127.0.0.1:35537,r=/127.0.0.1:60862,OPEN,fill=FI,flush=-,to=1/30000}=>HttpConnection@6268d070[p=HttpParser{s=START,0 of -1},g=HttpGenerator@1c993a73{s=START}]=>HttpChannelOverHttp@49cac695{s=HttpChannelState@215cd94d{s=IDLE rs=BLOCKING os=OPEN is=IDLE awp=false se=false i=true al=0},r=0,c=false/false,a=IDLE,uri=null,age=0} 
04:06:39.477 [qtp399373008-62] DEBUG org.eclipse.jetty.io.ChannelEndPoint - onSelected 1->0 r=true w=false for SocketChannelEndPoint@78f83942{l=/127.0.0.1:35537,r=/127.0.0.1:60862,OPEN,fill=FI,flush=-,to=1/30000}{io=1/0,kio=1,kro=1}->SslConnection@3a58749b{NEED_UNWRAP,eio=-1/-1,di=-1,fill=INTERESTED,flush=IDLE}~>DecryptedEndPoint@18d7c60d{l=/127.0.0.1:35537,r=/127.0.0.1:60862,OPEN,fill=FI,flush=-,to=1/30000}=>HttpConnection@6268d070[p=HttpParser{s=START,0 of -1},g=HttpGenerator@1c993a73{s=START}]=>HttpChannelOverHttp@49cac695{s=HttpChannelState@215cd94d{s=IDLE rs=BLOCKING os=OPEN is=IDLE awp=false se=false i=true al=0},r=0,c=false/false,a=IDLE,uri=null,age=0}
04:06:39.477 [qtp399373008-62] DEBUG org.eclipse.jetty.io.ChannelEndPoint - task CEP:SocketChannelEndPoint@78f83942{l=/127.0.0.1:35537,r=/127.0.0.1:60862,OPEN,fill=FI,flush=-,to=1/30000}{io=1/0,kio=1,kro=1}->SslConnection@3a58749b{NEED_UNWRAP,eio=-1/-1,di=-1,fill=INTERESTED,flush=IDLE}~>DecryptedEndPoint@18d7c60d{l=/127.0.0.1:35537,r=/127.0.0.1:60862,OPEN,fill=FI,flush=-,to=2/30000}=>HttpConnection@6268d070[p=HttpParser{s=START,0 of -1},g=HttpGenerator@1c993a73{s=START}]=>HttpChannelOverHttp@49cac695{s=HttpChannelState@215cd94d{s=IDLE rs=BLOCKING os=OPEN is=IDLE awp=false se=false i=true al=0},r=0,c=false/false,a=IDLE,uri=null,age=0}:runFillable:BLOCKING
04:06:39.477 [qtp399373008-62] DEBUG org.eclipse.jetty.util.thread.ReservedThreadExecutor - ReservedThreadExecutor@424fd310{reserved=1/8,pending=0} tryExecute EatWhatYouKill@f478a81/SelectorProducer@19553973/PRODUCING/p=false/QueuedThreadPool[qtp399373008]@17cdf2d0{STARTED,8<=8<=200,i=2,r=-1,q=0}[ReservedThreadExecutor@424fd310{reserved=1/8,pending=0}][pc=0,pic=0,pec=0,epc=1]@2024-05-02T04:06:39.477+01:00
04:06:39.477 [qtp399373008-62] DEBUG org.eclipse.jetty.util.thread.ReservedThreadExecutor - ReservedThreadExecutor@424fd310{reserved=0/8,pending=1} startReservedThread p=1
04:06:39.477 [qtp399373008-57] DEBUG org.eclipse.jetty.util.thread.QueuedThreadPool - run ReservedThread@5c9f82db{PENDING,thread=null} in QueuedThreadPool[qtp399373008]@17cdf2d0{STARTED,8<=8<=200,i=1,r=-1,q=0}[ReservedThreadExecutor@424fd310{reserved=0/8,pending=1}]
04:06:39.477 [qtp399373008-57] DEBUG org.eclipse.jetty.util.thread.ReservedThreadExecutor - ReservedThread@5c9f82db{PENDING,thread=Thread[qtp399373008-57,5,main]} was=PENDING next=RESERVED size=0+1 capacity=8
04:06:39.477 [qtp399373008-57] DEBUG org.eclipse.jetty.util.thread.ReservedThreadExecutor - ReservedThread@5c9f82db{RESERVED,thread=Thread[qtp399373008-57,5,main]} waiting ReservedThreadExecutor@424fd310{reserved=1/8,pending=0}
04:06:39.477 [qtp399373008-62] DEBUG org.eclipse.jetty.util.thread.QueuedThreadPool - queue ReservedThread@5c9f82db{RESERVED,thread=Thread[qtp399373008-57,5,main]} startThread=0
04:06:39.477 [qtp399373008-56] DEBUG org.eclipse.jetty.util.thread.ReservedThreadExecutor - ReservedThread@169835cd{RESERVED,thread=Thread[qtp399373008-56,5,main]} task=EatWhatYouKill@f478a81/SelectorProducer@19553973/IDLE/p=true/QueuedThreadPool[qtp399373008]@17cdf2d0{STARTED,8<=8<=200,i=1,r=-1,q=0}[ReservedThreadExecutor@424fd310{reserved=1/8,pending=0}][pc=0,pic=0,pec=0,epc=1]@2024-05-02T04:06:39.477+01:00 ReservedThreadExecutor@424fd310{reserved=1/8,pending=0}
04:06:39.478 [qtp399373008-56] DEBUG org.eclipse.jetty.util.thread.strategy.EatWhatYouKill - EatWhatYouKill@f478a81/SelectorProducer@19553973/IDLE/p=true/QueuedThreadPool[qtp399373008]@17cdf2d0{STARTED,8<=8<=200,i=1,r=-1,q=0}[ReservedThreadExecutor@424fd310{reserved=1/8,pending=0}][pc=0,pic=0,pec=0,epc=1]@2024-05-02T04:06:39.478+01:00 tryProduce true
04:06:39.478 [qtp399373008-56] DEBUG org.eclipse.jetty.io.ManagedSelector - updateable 0
04:06:39.478 [qtp399373008-56] DEBUG org.eclipse.jetty.io.ManagedSelector - updates 0
04:06:39.478 [qtp399373008-56] DEBUG org.eclipse.jetty.io.ChannelEndPoint - Key interests updated 1 -> 0 on SocketChannelEndPoint@78f83942{l=/127.0.0.1:35537,r=/127.0.0.1:60862,OPEN,fill=FI,flush=-,to=2/30000}{io=0/0,kio=0,kro=1}->SslConnection@3a58749b{NEED_UNWRAP,eio=-1/-1,di=-1,fill=INTERESTED,flush=IDLE}~>DecryptedEndPoint@18d7c60d{l=/127.0.0.1:35537,r=/127.0.0.1:60862,OPEN,fill=FI,flush=-,to=2/30000}=>HttpConnection@6268d070[p=HttpParser{s=START,0 of -1},g=HttpGenerator@1c993a73{s=START}]=>HttpChannelOverHttp@49cac695{s=HttpChannelState@215cd94d{s=IDLE rs=BLOCKING os=OPEN is=IDLE awp=false se=false i=true al=0},r=0,c=false/false,a=IDLE,uri=null,age=0}
04:06:39.478 [qtp399373008-56] DEBUG org.eclipse.jetty.io.ManagedSelector - Selector sun.nio.ch.EPollSelectorImpl@3ae8fa07 waiting with 1 keys
04:06:39.478 [qtp399373008-62] DEBUG org.eclipse.jetty.util.thread.strategy.EatWhatYouKill - EatWhatYouKill@f478a81/SelectorProducer@19553973/PRODUCING/p=false/QueuedThreadPool[qtp399373008]@17cdf2d0{STARTED,8<=8<=200,i=1,r=-1,q=0}[ReservedThreadExecutor@424fd310{reserved=1/8,pending=0}][pc=0,pic=0,pec=0,epc=1]@2024-05-02T04:06:39.478+01:00 m=EXECUTE_PRODUCE_CONSUME t=CEP:SocketChannelEndPoint@78f83942{l=/127.0.0.1:35537,r=/127.0.0.1:60862,OPEN,fill=FI,flush=-,to=2/30000}{io=0/0,kio=0,kro=1}->SslConnection@3a58749b{NEED_UNWRAP,eio=-1/-1,di=-1,fill=INTERESTED,flush=IDLE}~>DecryptedEndPoint@18d7c60d{l=/127.0.0.1:35537,r=/127.0.0.1:60862,OPEN,fill=FI,flush=-,to=3/30000}=>HttpConnection@6268d070[p=HttpParser{s=START,0 of -1},g=HttpGenerator@1c993a73{s=START}]=>HttpChannelOverHttp@49cac695{s=HttpChannelState@215cd94d{s=IDLE rs=BLOCKING os=OPEN is=IDLE awp=false se=false i=true al=0},r=0,c=false/false,a=IDLE,uri=null,age=0}:runFillable:BLOCKING/BLOCKING
04:06:39.478 [qtp399373008-62] DEBUG org.eclipse.jetty.io.FillInterest - fillable FillInterest@f8e9670{SSLC.NBReadCB@3a58749b{SslConnection@3a58749b::SocketChannelEndPoint@78f83942{l=/127.0.0.1:35537,r=/127.0.0.1:60862,OPEN,fill=FI,flush=-,to=3/30000}{io=0/0,kio=0,kro=1}->SslConnection@3a58749b{NEED_UNWRAP,eio=-1/-1,di=-1,fill=INTERESTED,flush=IDLE}~>DecryptedEndPoint@18d7c60d{l=/127.0.0.1:35537,r=/127.0.0.1:60862,OPEN,fill=FI,flush=-,to=3/30000}=>HttpConnection@6268d070[p=HttpParser{s=START,0 of -1},g=HttpGenerator@1c993a73{s=START}]=>HttpChannelOverHttp@49cac695{s=HttpChannelState@215cd94d{s=IDLE rs=BLOCKING os=OPEN is=IDLE awp=false se=false i=true al=0},r=0,c=false/false,a=IDLE,uri=null,age=0}}}
04:06:39.478 [qtp399373008-62] DEBUG org.eclipse.jetty.io.ssl.SslConnection - >c.onFillable SslConnection@3a58749b::SocketChannelEndPoint@78f83942{l=/127.0.0.1:35537,r=/127.0.0.1:60862,OPEN,fill=-,flush=-,to=3/30000}{io=0/0,kio=0,kro=1}->SslConnection@3a58749b{NEED_UNWRAP,eio=-1/-1,di=-1,fill=INTERESTED,flush=IDLE}~>DecryptedEndPoint@18d7c60d{l=/127.0.0.1:35537,r=/127.0.0.1:60862,OPEN,fill=FI,flush=-,to=3/30000}=>HttpConnection@6268d070[p=HttpParser{s=START,0 of -1},g=HttpGenerator@1c993a73{s=START}]=>HttpChannelOverHttp@49cac695{s=HttpChannelState@215cd94d{s=IDLE rs=BLOCKING os=OPEN is=IDLE awp=false se=false i=true al=0},r=0,c=false/false,a=IDLE,uri=null,age=0}
04:06:39.478 [qtp399373008-62] DEBUG org.eclipse.jetty.io.ssl.SslConnection - onFillable SslConnection@3a58749b::SocketChannelEndPoint@78f83942{l=/127.0.0.1:35537,r=/127.0.0.1:60862,OPEN,fill=-,flush=-,to=3/30000}{io=0/0,kio=0,kro=1}->SslConnection@3a58749b{NEED_UNWRAP,eio=-1/-1,di=-1,fill=INTERESTED,flush=IDLE}~>DecryptedEndPoint@18d7c60d{l=/127.0.0.1:35537,r=/127.0.0.1:60862,OPEN,fill=FI,flush=-,to=3/30000}=>HttpConnection@6268d070[p=HttpParser{s=START,0 of -1},g=HttpGenerator@1c993a73{s=START}]=>HttpChannelOverHttp@49cac695{s=HttpChannelState@215cd94d{s=IDLE rs=BLOCKING os=OPEN is=IDLE awp=false se=false i=true al=0},r=0,c=false/false,a=IDLE,uri=null,age=0}
04:06:39.478 [qtp399373008-62] DEBUG org.eclipse.jetty.io.FillInterest - fillable FillInterest@385682c0{AC.ReadCB@6268d070{HttpConnection@6268d070::DecryptedEndPoint@18d7c60d{l=/127.0.0.1:35537,r=/127.0.0.1:60862,OPEN,fill=FI,flush=-,to=3/30000}}}
04:06:39.478 [qtp399373008-62] DEBUG org.eclipse.jetty.server.HttpConnection - HttpConnection@6268d070::DecryptedEndPoint@18d7c60d{l=/127.0.0.1:35537,r=/127.0.0.1:60862,OPEN,fill=-,flush=-,to=3/30000} onFillable enter HttpChannelState@215cd94d{s=IDLE rs=BLOCKING os=OPEN is=IDLE awp=false se=false i=true al=0} null
04:06:39.478 [qtp399373008-62] DEBUG org.eclipse.jetty.io.ssl.SslConnection - >fill SslConnection@3a58749b::SocketChannelEndPoint@78f83942{l=/127.0.0.1:35537,r=/127.0.0.1:60862,OPEN,fill=-,flush=-,to=3/30000}{io=0/0,kio=0,kro=1}->SslConnection@3a58749b{NEED_UNWRAP,eio=-1/-1,di=-1,fill=IDLE,flush=IDLE}~>DecryptedEndPoint@18d7c60d{l=/127.0.0.1:35537,r=/127.0.0.1:60862,OPEN,fill=-,flush=-,to=3/30000}=>HttpConnection@6268d070[p=HttpParser{s=START,0 of -1},g=HttpGenerator@1c993a73{s=START}]=>HttpChannelOverHttp@49cac695{s=HttpChannelState@215cd94d{s=IDLE rs=BLOCKING os=OPEN is=IDLE awp=false se=false i=true al=0},r=0,c=false/false,a=IDLE,uri=null,age=0}
04:06:39.478 [qtp399373008-62] DEBUG org.eclipse.jetty.io.ssl.SslConnection - fill NEED_UNWRAP
04:06:39.479 [qtp399373008-62] DEBUG org.eclipse.jetty.io.ChannelEndPoint - filled 6 HeapByteBuffer@373c4f5d[p=0,l=6,c=17408,r=6]={<<<\x14\x03\x03\x00\x01\x01>>>\xF2\x8f\xC7M\x8e\xFa\xDf\xF6$...\x00\x00\x00\x00\x00\x00\x00}
04:06:39.479 [qtp399373008-62] DEBUG org.eclipse.jetty.io.ssl.SslConnection - net filled=6
04:06:39.479 [qtp399373008-62] DEBUG org.eclipse.jetty.io.ssl.SslConnection - unwrap net_filled=6 Status = OK HandshakeStatus = NEED_UNWRAP bytesConsumed = 6 bytesProduced = 0 encryptedBuffer=[p=6,l=6,c=17408,r=0] unwrapBuffer=HeapByteBuffer@3dc4242d[p=0,l=0,c=17408,r=0]={<<<>>>\x16\x03\x03\x01N\x01\x00\x01J...\x00\x00\x00\x00\x00\x00\x00} appBuffer=HeapByteBuffer@3dc4242d[p=0,l=0,c=17408,r=0]={<<<>>>\x16\x03\x03\x01N\x01\x00\x01J...\x00\x00\x00\x00\x00\x00\x00}
04:06:39.479 [qtp399373008-62] DEBUG org.eclipse.jetty.io.ssl.SslConnection - fill NEED_UNWRAP
04:06:39.479 [qtp399373008-62] DEBUG org.eclipse.jetty.io.ChannelEndPoint - filled 0 HeapByteBuffer@373c4f5d[p=0,l=0,c=17408,r=0]={<<<>>>\x14\x03\x03\x00\x01\x01\xF2\x8f\xC7...\x00\x00\x00\x00\x00\x00\x00}
04:06:39.479 [qtp399373008-62] DEBUG org.eclipse.jetty.io.ssl.SslConnection - net filled=0
04:06:39.479 [qtp399373008-62] DEBUG org.eclipse.jetty.io.ssl.SslConnection - unwrap net_filled=0 Status = BUFFER_UNDERFLOW HandshakeStatus = NEED_UNWRAP bytesConsumed = 0 bytesProduced = 0 encryptedBuffer=[p=0,l=0,c=17408,r=0] unwrapBuffer=HeapByteBuffer@3dc4242d[p=0,l=0,c=17408,r=0]={<<<>>>\x16\x03\x03\x01N\x01\x00\x01J...\x00\x00\x00\x00\x00\x00\x00} appBuffer=HeapByteBuffer@3dc4242d[p=0,l=0,c=17408,r=0]={<<<>>>\x16\x03\x03\x01N\x01\x00\x01J...\x00\x00\x00\x00\x00\x00\x00}
04:06:39.479 [qtp399373008-62] DEBUG org.eclipse.jetty.io.ssl.SslConnection - <fill f=0 uf=true SslConnection@3a58749b::SocketChannelEndPoint@78f83942{l=/127.0.0.1:35537,r=/127.0.0.1:60862,OPEN,fill=-,flush=-,to=0/30000}{io=0/0,kio=0,kro=1}->SslConnection@3a58749b{NEED_UNWRAP,eio=-1/-1,di=-1,fill=IDLE,flush=IDLE}~>DecryptedEndPoint@18d7c60d{l=/127.0.0.1:35537,r=/127.0.0.1:60862,OPEN,fill=-,flush=-,to=4/30000}=>HttpConnection@6268d070[p=HttpParser{s=START,0 of -1},g=HttpGenerator@1c993a73{s=START}]=>HttpChannelOverHttp@49cac695{s=HttpChannelState@215cd94d{s=IDLE rs=BLOCKING os=OPEN is=IDLE awp=false se=false i=true al=0},r=0,c=false/false,a=IDLE,uri=null,age=0}
04:06:39.479 [qtp399373008-62] DEBUG org.eclipse.jetty.io.ssl.SslConnection - >fill SslConnection@3a58749b::SocketChannelEndPoint@78f83942{l=/127.0.0.1:35537,r=/127.0.0.1:60862,OPEN,fill=-,flush=-,to=0/30000}{io=0/0,kio=0,kro=1}->SslConnection@3a58749b{NEED_UNWRAP,eio=-1/-1,di=-1,fill=IDLE,flush=IDLE}~>DecryptedEndPoint@18d7c60d{l=/127.0.0.1:35537,r=/127.0.0.1:60862,OPEN,fill=-,flush=-,to=4/30000}=>HttpConnection@6268d070[p=HttpParser{s=START,0 of -1},g=HttpGenerator@1c993a73{s=START}]=>HttpChannelOverHttp@49cac695{s=HttpChannelState@215cd94d{s=IDLE rs=BLOCKING os=OPEN is=IDLE awp=false se=false i=true al=0},r=0,c=false/false,a=IDLE,uri=null,age=0}
04:06:39.479 [qtp399373008-62] DEBUG org.eclipse.jetty.io.ssl.SslConnection - fill NEED_UNWRAP
04:06:39.479 [qtp399373008-62] DEBUG org.eclipse.jetty.io.ChannelEndPoint - filled 0 HeapByteBuffer@3303dde5[p=0,l=0,c=17408,r=0]={<<<>>>\x17\x03\x03\x00\xC9\xAe\x13\x15Y...\x00\x00\x00\x00\x00\x00\x00}
04:06:39.479 [qtp399373008-62] DEBUG org.eclipse.jetty.io.ssl.SslConnection - net filled=0
04:06:39.479 [qtp399373008-62] DEBUG org.eclipse.jetty.io.ssl.SslConnection - unwrap net_filled=0 Status = BUFFER_UNDERFLOW HandshakeStatus = NEED_UNWRAP bytesConsumed = 0 bytesProduced = 0 encryptedBuffer=[p=0,l=0,c=17408,r=0] unwrapBuffer=HeapByteBuffer@3dc4242d[p=0,l=0,c=17408,r=0]={<<<>>>\x16\x03\x03\x01N\x01\x00\x01J...\x00\x00\x00\x00\x00\x00\x00} appBuffer=HeapByteBuffer@3dc4242d[p=0,l=0,c=17408,r=0]={<<<>>>\x16\x03\x03\x01N\x01\x00\x01J...\x00\x00\x00\x00\x00\x00\x00}
04:06:39.479 [qtp399373008-62] DEBUG org.eclipse.jetty.io.ssl.SslConnection - <fill f=0 uf=true SslConnection@3a58749b::SocketChannelEndPoint@78f83942{l=/127.0.0.1:35537,r=/127.0.0.1:60862,OPEN,fill=-,flush=-,to=0/30000}{io=0/0,kio=0,kro=1}->SslConnection@3a58749b{NEED_UNWRAP,eio=-1/-1,di=-1,fill=IDLE,flush=IDLE}~>DecryptedEndPoint@18d7c60d{l=/127.0.0.1:35537,r=/127.0.0.1:60862,OPEN,fill=-,flush=-,to=4/30000}=>HttpConnection@6268d070[p=HttpParser{s=START,0 of -1},g=HttpGenerator@1c993a73{s=START}]=>HttpChannelOverHttp@49cac695{s=HttpChannelState@215cd94d{s=IDLE rs=BLOCKING os=OPEN is=IDLE awp=false se=false i=true al=0},r=0,c=false/false,a=IDLE,uri=null,age=0}
04:06:39.480 [qtp399373008-62] DEBUG org.eclipse.jetty.server.HttpConnection - HttpConnection@6268d070::DecryptedEndPoint@18d7c60d{l=/127.0.0.1:35537,r=/127.0.0.1:60862,OPEN,fill=-,flush=-,to=4/30000} filled 0 HeapByteBuffer@3dc4242d[p=0,l=0,c=17408,r=0]={<<<>>>\x16\x03\x03\x01N\x01\x00\x01J...\x00\x00\x00\x00\x00\x00\x00}
04:06:39.480 [qtp399373008-62] DEBUG org.eclipse.jetty.server.HttpConnection - HttpConnection@6268d070::DecryptedEndPoint@18d7c60d{l=/127.0.0.1:35537,r=/127.0.0.1:60862,OPEN,fill=-,flush=-,to=4/30000} parse HeapByteBuffer@3dc4242d[p=0,l=0,c=17408,r=0]={<<<>>>\x16\x03\x03\x01N\x01\x00\x01J...\x00\x00\x00\x00\x00\x00\x00} {}
04:06:39.480 [qtp399373008-62] DEBUG org.eclipse.jetty.http.HttpParser - parseNext s=START HeapByteBuffer@3dc4242d[p=0,l=0,c=17408,r=0]={<<<>>>\x16\x03\x03\x01N\x01\x00\x01J...\x00\x00\x00\x00\x00\x00\x00}
04:06:39.480 [qtp399373008-62] DEBUG org.eclipse.jetty.server.HttpConnection - HttpConnection@6268d070::DecryptedEndPoint@18d7c60d{l=/127.0.0.1:35537,r=/127.0.0.1:60862,OPEN,fill=-,flush=-,to=4/30000} parsed false HttpParser{s=START,0 of -1}
04:06:39.480 [qtp399373008-62] DEBUG org.eclipse.jetty.server.HttpConnection - releaseRequestBuffer HttpConnection@6268d070::DecryptedEndPoint@18d7c60d{l=/127.0.0.1:35537,r=/127.0.0.1:60862,OPEN,fill=-,flush=-,to=4/30000}
04:06:39.480 [qtp399373008-62] DEBUG org.eclipse.jetty.io.AbstractConnection - fillInterested HttpConnection@6268d070::DecryptedEndPoint@18d7c60d{l=/127.0.0.1:35537,r=/127.0.0.1:60862,OPEN,fill=-,flush=-,to=4/30000}
04:06:39.480 [qtp399373008-62] DEBUG org.eclipse.jetty.io.FillInterest - interested FillInterest@385682c0{AC.ReadCB@6268d070{HttpConnection@6268d070::DecryptedEndPoint@18d7c60d{l=/127.0.0.1:35537,r=/127.0.0.1:60862,OPEN,fill=FI,flush=-,to=0/30000}}}
04:06:39.480 [qtp399373008-62] DEBUG org.eclipse.jetty.io.ssl.SslConnection - >needFillInterest s=IDLE/IDLE uf=true ei=null di=null SslConnection@3a58749b::SocketChannelEndPoint@78f83942{l=/127.0.0.1:35537,r=/127.0.0.1:60862,OPEN,fill=-,flush=-,to=0/30000}{io=0/0,kio=0,kro=1}->SslConnection@3a58749b{NEED_UNWRAP,eio=-1/-1,di=-1,fill=IDLE,flush=IDLE}~>DecryptedEndPoint@18d7c60d{l=/127.0.0.1:35537,r=/127.0.0.1:60862,OPEN,fill=FI,flush=-,to=0/30000}=>HttpConnection@6268d070[p=HttpParser{s=START,0 of -1},g=HttpGenerator@1c993a73{s=START}]=>HttpChannelOverHttp@49cac695{s=HttpChannelState@215cd94d{s=IDLE rs=BLOCKING os=OPEN is=IDLE awp=false se=false i=true al=0},r=0,c=false/false,a=IDLE,uri=null,age=0}
04:06:39.480 [qtp399373008-62] DEBUG org.eclipse.jetty.io.ssl.SslConnection - <needFillInterest s=IDLE/INTERESTED f=false i=true w=null
04:06:39.480 [qtp399373008-62] DEBUG org.eclipse.jetty.io.ssl.SslConnection - ensureFillInterested SslConnection@3a58749b::SocketChannelEndPoint@78f83942{l=/127.0.0.1:35537,r=/127.0.0.1:60862,OPEN,fill=-,flush=-,to=0/30000}{io=0/0,kio=0,kro=1}->SslConnection@3a58749b{NEED_UNWRAP,eio=-1/-1,di=-1,fill=INTERESTED,flush=IDLE}~>DecryptedEndPoint@18d7c60d{l=/127.0.0.1:35537,r=/127.0.0.1:60862,OPEN,fill=FI,flush=-,to=0/30000}=>HttpConnection@6268d070[p=HttpParser{s=START,0 of -1},g=HttpGenerator@1c993a73{s=START}]=>HttpChannelOverHttp@49cac695{s=HttpChannelState@215cd94d{s=IDLE rs=BLOCKING os=OPEN is=IDLE awp=false se=false i=true al=0},r=0,c=false/false,a=IDLE,uri=null,age=0}
04:06:39.480 [qtp399373008-62] DEBUG org.eclipse.jetty.io.FillInterest - interested FillInterest@f8e9670{SSLC.NBReadCB@3a58749b{SslConnection@3a58749b::SocketChannelEndPoint@78f83942{l=/127.0.0.1:35537,r=/127.0.0.1:60862,OPEN,fill=FI,flush=-,to=0/30000}{io=0/0,kio=0,kro=1}->SslConnection@3a58749b{NEED_UNWRAP,eio=-1/-1,di=-1,fill=INTERESTED,flush=IDLE}~>DecryptedEndPoint@18d7c60d{l=/127.0.0.1:35537,r=/127.0.0.1:60862,OPEN,fill=FI,flush=-,to=0/30000}=>HttpConnection@6268d070[p=HttpParser{s=START,0 of -1},g=HttpGenerator@1c993a73{s=START}]=>HttpChannelOverHttp@49cac695{s=HttpChannelState@215cd94d{s=IDLE rs=BLOCKING os=OPEN is=IDLE awp=false se=false i=true al=0},r=0,c=false/false,a=IDLE,uri=null,age=0}}}
04:06:39.480 [qtp399373008-62] DEBUG org.eclipse.jetty.io.ChannelEndPoint - changeInterests p=false 0->1 for SocketChannelEndPoint@78f83942{l=/127.0.0.1:35537,r=/127.0.0.1:60862,OPEN,fill=FI,flush=-,to=0/30000}{io=0/1,kio=0,kro=1}->SslConnection@3a58749b{NEED_UNWRAP,eio=-1/-1,di=-1,fill=INTERESTED,flush=IDLE}~>DecryptedEndPoint@18d7c60d{l=/127.0.0.1:35537,r=/127.0.0.1:60862,OPEN,fill=FI,flush=-,to=0/30000}=>HttpConnection@6268d070[p=HttpParser{s=START,0 of -1},g=HttpGenerator@1c993a73{s=START}]=>HttpChannelOverHttp@49cac695{s=HttpChannelState@215cd94d{s=IDLE rs=BLOCKING os=OPEN is=IDLE awp=false se=false i=true al=0},r=0,c=false/false,a=IDLE,uri=null,age=0}
04:06:39.480 [qtp399373008-62] DEBUG org.eclipse.jetty.io.ManagedSelector - Queued change lazy=false org.eclipse.jetty.io.ChannelEndPoint$$Lambda$255/2121444922@768bd7b6 on ManagedSelector@7bb6ab3a{STARTED} id=3 keys=1 selected=0 updates=0
04:06:39.480 [qtp399373008-62] DEBUG org.eclipse.jetty.io.ManagedSelector - Wakeup on submit ManagedSelector@7bb6ab3a{STARTED} id=3 keys=1 selected=0 updates=1
04:06:39.480 [qtp399373008-56] DEBUG org.eclipse.jetty.io.ManagedSelector - Selector sun.nio.ch.EPollSelectorImpl@3ae8fa07 woken with none selected
04:06:39.480 [qtp399373008-56] DEBUG org.eclipse.jetty.io.ManagedSelector - Selector sun.nio.ch.EPollSelectorImpl@3ae8fa07 woken up from select, 0/0/1 selected
04:06:39.480 [qtp399373008-56] DEBUG org.eclipse.jetty.io.ManagedSelector - Selector sun.nio.ch.EPollSelectorImpl@3ae8fa07 processing 0 keys, 1 updates
04:06:39.480 [qtp399373008-56] DEBUG org.eclipse.jetty.io.ManagedSelector - updateable 1
04:06:39.480 [qtp399373008-56] DEBUG org.eclipse.jetty.io.ManagedSelector - update org.eclipse.jetty.io.ChannelEndPoint$$Lambda$255/2121444922@768bd7b6
04:06:39.480 [qtp399373008-56] DEBUG org.eclipse.jetty.io.ChannelEndPoint - Key interests updated 0 -> 1 on SocketChannelEndPoint@78f83942{l=/127.0.0.1:35537,r=/127.0.0.1:60862,OPEN,fill=FI,flush=-,to=0/30000}{io=1/1,kio=1,kro=1}->SslConnection@3a58749b{NEED_UNWRAP,eio=-1/-1,di=-1,fill=INTERESTED,flush=IDLE}~>DecryptedEndPoint@18d7c60d{l=/127.0.0.1:35537,r=/127.0.0.1:60862,OPEN,fill=FI,flush=-,to=0/30000}=>HttpConnection@6268d070[p=HttpParser{s=START,0 of -1},g=HttpGenerator@1c993a73{s=START}]=>HttpChannelOverHttp@49cac695{s=HttpChannelState@215cd94d{s=IDLE rs=BLOCKING os=OPEN is=IDLE awp=false se=false i=true al=0},r=0,c=false/false,a=IDLE,uri=null,age=0}
04:06:39.480 [qtp399373008-56] DEBUG org.eclipse.jetty.io.ManagedSelector - updates 0
04:06:39.480 [qtp399373008-56] DEBUG org.eclipse.jetty.io.ManagedSelector - Selector sun.nio.ch.EPollSelectorImpl@3ae8fa07 waiting with 1 keys
04:06:39.481 [qtp399373008-62] DEBUG org.eclipse.jetty.server.HttpConnection - HttpConnection@6268d070::DecryptedEndPoint@18d7c60d{l=/127.0.0.1:35537,r=/127.0.0.1:60862,OPEN,fill=FI,flush=-,to=0/30000} onFillable exit HttpChannelState@215cd94d{s=IDLE rs=BLOCKING os=OPEN is=IDLE awp=false se=false i=true al=0} null
04:06:39.481 [qtp399373008-62] DEBUG org.eclipse.jetty.io.ssl.SslConnection - <c.onFillable SslConnection@3a58749b::SocketChannelEndPoint@78f83942{l=/127.0.0.1:35537,r=/127.0.0.1:60862,OPEN,fill=FI,flush=-,to=0/30000}{io=1/1,kio=1,kro=1}->SslConnection@3a58749b{NEED_UNWRAP,eio=-1/-1,di=-1,fill=INTERESTED,flush=IDLE}~>DecryptedEndPoint@18d7c60d{l=/127.0.0.1:35537,r=/127.0.0.1:60862,OPEN,fill=FI,flush=-,to=0/30000}=>HttpConnection@6268d070[p=HttpParser{s=START,0 of -1},g=HttpGenerator@1c993a73{s=START}]=>HttpChannelOverHttp@49cac695{s=HttpChannelState@215cd94d{s=IDLE rs=BLOCKING os=OPEN is=IDLE awp=false se=false i=true al=0},r=0,c=false/false,a=IDLE,uri=null,age=0}
04:06:39.481 [qtp399373008-62] DEBUG org.eclipse.jetty.util.thread.ReservedThreadExecutor - ReservedThread@44631275{RUNNING,thread=Thread[qtp399373008-62,5,main]} was=RUNNING next=RESERVED size=0+2 capacity=8
04:06:39.481 [qtp399373008-62] DEBUG org.eclipse.jetty.util.thread.ReservedThreadExecutor - ReservedThread@44631275{RESERVED,thread=Thread[qtp399373008-62,5,main]} waiting ReservedThreadExecutor@424fd310{reserved=2/8,pending=0}
04:06:39.517 [qtp399373008-56] DEBUG org.eclipse.jetty.io.ManagedSelector - Selector sun.nio.ch.EPollSelectorImpl@3ae8fa07 woken up from select, 1/1/1 selected
04:06:39.517 [qtp399373008-56] DEBUG org.eclipse.jetty.io.ManagedSelector - Selector sun.nio.ch.EPollSelectorImpl@3ae8fa07 processing 1 keys, 0 updates
04:06:39.517 [qtp399373008-56] DEBUG org.eclipse.jetty.io.ManagedSelector - selected 1 sun.nio.ch.SelectionKeyImpl@3ed76982 SocketChannelEndPoint@78f83942{l=/127.0.0.1:35537,r=/127.0.0.1:60862,OPEN,fill=FI,flush=-,to=36/30000}{io=1/1,kio=1,kro=1}->SslConnection@3a58749b{NEED_UNWRAP,eio=-1/-1,di=-1,fill=INTERESTED,flush=IDLE}~>DecryptedEndPoint@18d7c60d{l=/127.0.0.1:35537,r=/127.0.0.1:60862,OPEN,fill=FI,flush=-,to=37/30000}=>HttpConnection@6268d070[p=HttpParser{s=START,0 of -1},g=HttpGenerator@1c993a73{s=START}]=>HttpChannelOverHttp@49cac695{s=HttpChannelState@215cd94d{s=IDLE rs=BLOCKING os=OPEN is=IDLE awp=false se=false i=true al=0},r=0,c=false/false,a=IDLE,uri=null,age=0} 
04:06:39.517 [qtp399373008-56] DEBUG org.eclipse.jetty.io.ChannelEndPoint - onSelected 1->0 r=true w=false for SocketChannelEndPoint@78f83942{l=/127.0.0.1:35537,r=/127.0.0.1:60862,OPEN,fill=FI,flush=-,to=36/30000}{io=1/0,kio=1,kro=1}->SslConnection@3a58749b{NEED_UNWRAP,eio=-1/-1,di=-1,fill=INTERESTED,flush=IDLE}~>DecryptedEndPoint@18d7c60d{l=/127.0.0.1:35537,r=/127.0.0.1:60862,OPEN,fill=FI,flush=-,to=37/30000}=>HttpConnection@6268d070[p=HttpParser{s=START,0 of -1},g=HttpGenerator@1c993a73{s=START}]=>HttpChannelOverHttp@49cac695{s=HttpChannelState@215cd94d{s=IDLE rs=BLOCKING os=OPEN is=IDLE awp=false se=false i=true al=0},r=0,c=false/false,a=IDLE,uri=null,age=0}
04:06:39.517 [qtp399373008-56] DEBUG org.eclipse.jetty.io.ChannelEndPoint - task CEP:SocketChannelEndPoint@78f83942{l=/127.0.0.1:35537,r=/127.0.0.1:60862,OPEN,fill=FI,flush=-,to=37/30000}{io=1/0,kio=1,kro=1}->SslConnection@3a58749b{NEED_UNWRAP,eio=-1/-1,di=-1,fill=INTERESTED,flush=IDLE}~>DecryptedEndPoint@18d7c60d{l=/127.0.0.1:35537,r=/127.0.0.1:60862,OPEN,fill=FI,flush=-,to=37/30000}=>HttpConnection@6268d070[p=HttpParser{s=START,0 of -1},g=HttpGenerator@1c993a73{s=START}]=>HttpChannelOverHttp@49cac695{s=HttpChannelState@215cd94d{s=IDLE rs=BLOCKING os=OPEN is=IDLE awp=false se=false i=true al=0},r=0,c=false/false,a=IDLE,uri=null,age=0}:runFillable:BLOCKING
04:06:39.517 [qtp399373008-56] DEBUG org.eclipse.jetty.util.thread.ReservedThreadExecutor - ReservedThreadExecutor@424fd310{reserved=2/8,pending=0} tryExecute EatWhatYouKill@f478a81/SelectorProducer@19553973/PRODUCING/p=false/QueuedThreadPool[qtp399373008]@17cdf2d0{STARTED,8<=8<=200,i=1,r=-1,q=0}[ReservedThreadExecutor@424fd310{reserved=2/8,pending=0}][pc=0,pic=0,pec=0,epc=2]@2024-05-02T04:06:39.517+01:00
04:06:39.517 [qtp399373008-62] DEBUG org.eclipse.jetty.util.thread.ReservedThreadExecutor - ReservedThread@44631275{RESERVED,thread=Thread[qtp399373008-62,5,main]} task=EatWhatYouKill@f478a81/SelectorProducer@19553973/IDLE/p=true/QueuedThreadPool[qtp399373008]@17cdf2d0{STARTED,8<=8<=200,i=1,r=-1,q=0}[ReservedThreadExecutor@424fd310{reserved=1/8,pending=0}][pc=0,pic=0,pec=0,epc=2]@2024-05-02T04:06:39.517+01:00 ReservedThreadExecutor@424fd310{reserved=1/8,pending=0}
04:06:39.517 [qtp399373008-56] DEBUG org.eclipse.jetty.util.thread.strategy.EatWhatYouKill - EatWhatYouKill@f478a81/SelectorProducer@19553973/IDLE/p=true/QueuedThreadPool[qtp399373008]@17cdf2d0{STARTED,8<=8<=200,i=1,r=-1,q=0}[ReservedThreadExecutor@424fd310{reserved=1/8,pending=0}][pc=0,pic=0,pec=0,epc=2]@2024-05-02T04:06:39.517+01:00 m=EXECUTE_PRODUCE_CONSUME t=CEP:SocketChannelEndPoint@78f83942{l=/127.0.0.1:35537,r=/127.0.0.1:60862,OPEN,fill=FI,flush=-,to=37/30000}{io=1/0,kio=1,kro=1}->SslConnection@3a58749b{NEED_UNWRAP,eio=-1/-1,di=-1,fill=INTERESTED,flush=IDLE}~>DecryptedEndPoint@18d7c60d{l=/127.0.0.1:35537,r=/127.0.0.1:60862,OPEN,fill=FI,flush=-,to=37/30000}=>HttpConnection@6268d070[p=HttpParser{s=START,0 of -1},g=HttpGenerator@1c993a73{s=START}]=>HttpChannelOverHttp@49cac695{s=HttpChannelState@215cd94d{s=IDLE rs=BLOCKING os=OPEN is=IDLE awp=false se=false i=true al=0},r=0,c=false/false,a=IDLE,uri=null,age=0}:runFillable:BLOCKING/BLOCKING
04:06:39.517 [qtp399373008-62] DEBUG org.eclipse.jetty.util.thread.strategy.EatWhatYouKill - EatWhatYouKill@f478a81/SelectorProducer@19553973/IDLE/p=true/QueuedThreadPool[qtp399373008]@17cdf2d0{STARTED,8<=8<=200,i=1,r=-1,q=0}[ReservedThreadExecutor@424fd310{reserved=1/8,pending=0}][pc=0,pic=0,pec=0,epc=2]@2024-05-02T04:06:39.517+01:00 tryProduce true
04:06:39.517 [qtp399373008-62] DEBUG org.eclipse.jetty.io.ManagedSelector - updateable 0
04:06:39.517 [qtp399373008-62] DEBUG org.eclipse.jetty.io.ManagedSelector - updates 0
04:06:39.517 [qtp399373008-56] DEBUG org.eclipse.jetty.io.FillInterest - fillable FillInterest@f8e9670{SSLC.NBReadCB@3a58749b{SslConnection@3a58749b::SocketChannelEndPoint@78f83942{l=/127.0.0.1:35537,r=/127.0.0.1:60862,OPEN,fill=FI,flush=-,to=37/30000}{io=1/0,kio=1,kro=1}->SslConnection@3a58749b{NEED_UNWRAP,eio=-1/-1,di=-1,fill=INTERESTED,flush=IDLE}~>DecryptedEndPoint@18d7c60d{l=/127.0.0.1:35537,r=/127.0.0.1:60862,OPEN,fill=FI,flush=-,to=37/30000}=>HttpConnection@6268d070[p=HttpParser{s=START,0 of -1},g=HttpGenerator@1c993a73{s=START}]=>HttpChannelOverHttp@49cac695{s=HttpChannelState@215cd94d{s=IDLE rs=BLOCKING os=OPEN is=IDLE awp=false se=false i=true al=0},r=0,c=false/false,a=IDLE,uri=null,age=0}}}
04:06:39.517 [qtp399373008-62] DEBUG org.eclipse.jetty.io.ChannelEndPoint - Key interests updated 1 -> 0 on SocketChannelEndPoint@78f83942{l=/127.0.0.1:35537,r=/127.0.0.1:60862,OPEN,fill=FI,flush=-,to=37/30000}{io=0/0,kio=0,kro=1}->SslConnection@3a58749b{NEED_UNWRAP,eio=-1/-1,di=-1,fill=INTERESTED,flush=IDLE}~>DecryptedEndPoint@18d7c60d{l=/127.0.0.1:35537,r=/127.0.0.1:60862,OPEN,fill=FI,flush=-,to=37/30000}=>HttpConnection@6268d070[p=HttpParser{s=START,0 of -1},g=HttpGenerator@1c993a73{s=START}]=>HttpChannelOverHttp@49cac695{s=HttpChannelState@215cd94d{s=IDLE rs=BLOCKING os=OPEN is=IDLE awp=false se=false i=true al=0},r=0,c=false/false,a=IDLE,uri=null,age=0}
04:06:39.517 [qtp399373008-56] DEBUG org.eclipse.jetty.io.ssl.SslConnection - >c.onFillable SslConnection@3a58749b::SocketChannelEndPoint@78f83942{l=/127.0.0.1:35537,r=/127.0.0.1:60862,OPEN,fill=-,flush=-,to=37/30000}{io=0/0,kio=0,kro=1}->SslConnection@3a58749b{NEED_UNWRAP,eio=-1/-1,di=-1,fill=INTERESTED,flush=IDLE}~>DecryptedEndPoint@18d7c60d{l=/127.0.0.1:35537,r=/127.0.0.1:60862,OPEN,fill=FI,flush=-,to=37/30000}=>HttpConnection@6268d070[p=HttpParser{s=START,0 of -1},g=HttpGenerator@1c993a73{s=START}]=>HttpChannelOverHttp@49cac695{s=HttpChannelState@215cd94d{s=IDLE rs=BLOCKING os=OPEN is=IDLE awp=false se=false i=true al=0},r=0,c=false/false,a=IDLE,uri=null,age=0}
04:06:39.517 [qtp399373008-62] DEBUG org.eclipse.jetty.io.ManagedSelector - Selector sun.nio.ch.EPollSelectorImpl@3ae8fa07 waiting with 1 keys
04:06:39.518 [qtp399373008-56] DEBUG org.eclipse.jetty.io.ssl.SslConnection - onFillable SslConnection@3a58749b::SocketChannelEndPoint@78f83942{l=/127.0.0.1:35537,r=/127.0.0.1:60862,OPEN,fill=-,flush=-,to=37/30000}{io=0/0,kio=0,kro=1}->SslConnection@3a58749b{NEED_UNWRAP,eio=-1/-1,di=-1,fill=INTERESTED,flush=IDLE}~>DecryptedEndPoint@18d7c60d{l=/127.0.0.1:35537,r=/127.0.0.1:60862,OPEN,fill=FI,flush=-,to=37/30000}=>HttpConnection@6268d070[p=HttpParser{s=START,0 of -1},g=HttpGenerator@1c993a73{s=START}]=>HttpChannelOverHttp@49cac695{s=HttpChannelState@215cd94d{s=IDLE rs=BLOCKING os=OPEN is=IDLE awp=false se=false i=true al=0},r=0,c=false/false,a=IDLE,uri=null,age=0}
04:06:39.518 [qtp399373008-56] DEBUG org.eclipse.jetty.io.FillInterest - fillable FillInterest@385682c0{AC.ReadCB@6268d070{HttpConnection@6268d070::DecryptedEndPoint@18d7c60d{l=/127.0.0.1:35537,r=/127.0.0.1:60862,OPEN,fill=FI,flush=-,to=37/30000}}}
04:06:39.518 [qtp399373008-56] DEBUG org.eclipse.jetty.server.HttpConnection - HttpConnection@6268d070::DecryptedEndPoint@18d7c60d{l=/127.0.0.1:35537,r=/127.0.0.1:60862,OPEN,fill=-,flush=-,to=37/30000} onFillable enter HttpChannelState@215cd94d{s=IDLE rs=BLOCKING os=OPEN is=IDLE awp=false se=false i=true al=0} null
04:06:39.518 [qtp399373008-56] DEBUG org.eclipse.jetty.io.ssl.SslConnection - >fill SslConnection@3a58749b::SocketChannelEndPoint@78f83942{l=/127.0.0.1:35537,r=/127.0.0.1:60862,OPEN,fill=-,flush=-,to=37/30000}{io=0/0,kio=0,kro=1}->SslConnection@3a58749b{NEED_UNWRAP,eio=-1/-1,di=-1,fill=IDLE,flush=IDLE}~>DecryptedEndPoint@18d7c60d{l=/127.0.0.1:35537,r=/127.0.0.1:60862,OPEN,fill=-,flush=-,to=37/30000}=>HttpConnection@6268d070[p=HttpParser{s=START,0 of -1},g=HttpGenerator@1c993a73{s=START}]=>HttpChannelOverHttp@49cac695{s=HttpChannelState@215cd94d{s=IDLE rs=BLOCKING os=OPEN is=IDLE awp=false se=false i=true al=0},r=0,c=false/false,a=IDLE,uri=null,age=0}
04:06:39.518 [qtp399373008-56] DEBUG org.eclipse.jetty.io.ssl.SslConnection - fill NEED_UNWRAP
04:06:39.518 [qtp399373008-56] DEBUG org.eclipse.jetty.io.ChannelEndPoint - filled 1491 HeapByteBuffer@3303dde5[p=0,l=1491,c=17408,r=1491]={<<<\x17\x03\x03\x03\xAd\xF7\x1b.\xC1;\x80\x83?\xEc8\x0b\xD0ds`\xE9H\x85\nk...`\xFe\xC6!\xCd\xE8\xC7H\x13\xEa\xD0Gh\x90\xA3\xC5x\xBb,3*\x87\xAf>>>7\x91N)\xAa\xD3\x80\x13B...\x00\x00\x00\x00\x00\x00\x00}
04:06:39.518 [qtp399373008-56] DEBUG org.eclipse.jetty.io.ssl.SslConnection - net filled=1491
04:06:39.518 [qtp399373008-56] DEBUG org.eclipse.jetty.io.ssl.SslConnection - unwrap net_filled=1491 Status = OK HandshakeStatus = NEED_TASK bytesConsumed = 946 bytesProduced = 0 encryptedBuffer=[p=946,l=1491,c=17408,r=545] unwrapBuffer=HeapByteBuffer@373c4f5d[p=0,l=0,c=17408,r=0]={<<<>>>\x14\x03\x03\x00\x01\x01\xF2\x8f\xC7...\x00\x00\x00\x00\x00\x00\x00} appBuffer=HeapByteBuffer@373c4f5d[p=0,l=0,c=17408,r=0]={<<<>>>\x14\x03\x03\x00\x01\x01\xF2\x8f\xC7...\x00\x00\x00\x00\x00\x00\x00}
04:06:39.518 [qtp399373008-56] DEBUG org.eclipse.jetty.io.ssl.SslConnection - fill NEED_TASK
04:06:39.518 [qtp399373008-56] DEBUG org.eclipse.jetty.io.ssl.SslConnection - fill NEED_UNWRAP
04:06:39.518 [qtp399373008-56] DEBUG org.eclipse.jetty.io.ChannelEndPoint - filled 0 HeapByteBuffer@3303dde5[p=946,l=1491,c=17408,r=545]={\x17\x03\x03\x03\xAd\x0b\x00\x03\x88...\x8d\xB7p\xD0\x81a9<<<\x17\x03\x03\x01)\xC3"\x08\x95\xBf\xE0\xC3\xFd\x13\x02\x1e1i\x05\r\x953\xD8\x1e[...`\xFe\xC6!\xCd\xE8\xC7H\x13\xEa\xD0Gh\x90\xA3\xC5x\xBb,3*\x87\xAf>>>7\x91N)\xAa\xD3\x80\x13B...\x00\x00\x00\x00\x00\x00\x00}
04:06:39.518 [qtp399373008-56] DEBUG org.eclipse.jetty.io.ssl.SslConnection - net filled=0
04:06:39.518 [qtp399373008-56] DEBUG org.eclipse.jetty.io.ssl.SslConnection - unwrap net_filled=0 Status = OK HandshakeStatus = NEED_TASK bytesConsumed = 302 bytesProduced = 0 encryptedBuffer=[p=1248,l=1491,c=17408,r=243] unwrapBuffer=HeapByteBuffer@373c4f5d[p=0,l=0,c=17408,r=0]={<<<>>>\x14\x03\x03\x00\x01\x01\xF2\x8f\xC7...\x00\x00\x00\x00\x00\x00\x00} appBuffer=HeapByteBuffer@373c4f5d[p=0,l=0,c=17408,r=0]={<<<>>>\x14\x03\x03\x00\x01\x01\xF2\x8f\xC7...\x00\x00\x00\x00\x00\x00\x00}
04:06:39.518 [qtp399373008-56] DEBUG org.eclipse.jetty.io.ssl.SslConnection - fill NEED_TASK
04:06:39.519 [qtp399373008-56] DEBUG org.eclipse.jetty.io.ssl.SslConnection - fill NEED_UNWRAP
04:06:39.519 [qtp399373008-56] DEBUG org.eclipse.jetty.io.ChannelEndPoint - filled 0 HeapByteBuffer@3303dde5[p=1248,l=1491,c=17408,r=243]={\x17\x03\x03\x03\xAd\x0b\x00\x03\x88...\x16V\x10\xE2\xC6\xE5w<<<\x17\x03\x03\x00U\x0c\xD3\x82\xA8~\x9c\x0e\xEf\x9d\xB8\x97\t\xD5\xC4\x8d"H\xA6\xE2\xA6...`\xFe\xC6!\xCd\xE8\xC7H\x13\xEa\xD0Gh\x90\xA3\xC5x\xBb,3*\x87\xAf>>>7\x91N)\xAa\xD3\x80\x13B...\x00\x00\x00\x00\x00\x00\x00}
04:06:39.519 [qtp399373008-56] DEBUG org.eclipse.jetty.io.ssl.SslConnection - net filled=0
04:06:39.519 [qtp399373008-56] DEBUG org.eclipse.jetty.io.ssl.SslConnection - unwrap net_filled=0 Status = OK HandshakeStatus = NEED_WRAP bytesConsumed = 90 bytesProduced = 0 encryptedBuffer=[p=1338,l=1491,c=17408,r=153] unwrapBuffer=HeapByteBuffer@373c4f5d[p=0,l=0,c=17408,r=0]={<<<>>>\x14\x03\x03\x00\x01\x01\xF2\x8f\xC7...\x00\x00\x00\x00\x00\x00\x00} appBuffer=HeapByteBuffer@373c4f5d[p=0,l=0,c=17408,r=0]={<<<>>>\x14\x03\x03\x00\x01\x01\xF2\x8f\xC7...\x00\x00\x00\x00\x00\x00\x00}
04:06:39.519 [qtp399373008-56] DEBUG org.eclipse.jetty.io.ssl.SslConnection - fill NEED_WRAP
04:06:39.519 [qtp399373008-56] DEBUG org.eclipse.jetty.io.ssl.SslConnection - >flush SslConnection@3a58749b::SocketChannelEndPoint@78f83942{l=/127.0.0.1:35537,r=/127.0.0.1:60862,OPEN,fill=-,flush=-,to=1/30000}{io=0/0,kio=0,kro=1}->SslConnection@3a58749b{NEED_WRAP,eio=153/-1,di=-1,fill=IDLE,flush=IDLE}~>DecryptedEndPoint@18d7c60d{l=/127.0.0.1:35537,r=/127.0.0.1:60862,OPEN,fill=-,flush=-,to=39/30000}=>HttpConnection@6268d070[p=HttpParser{s=START,0 of -1},g=HttpGenerator@1c993a73{s=START}]=>HttpChannelOverHttp@49cac695{s=HttpChannelState@215cd94d{s=IDLE rs=BLOCKING os=OPEN is=IDLE awp=false se=false i=true al=0},r=0,c=false/false,a=IDLE,uri=null,age=0}
04:06:39.519 [qtp399373008-56] DEBUG org.eclipse.jetty.io.ssl.SslConnection - flush b[0]=HeapByteBuffer@38928dbe[p=0,l=0,c=0,r=0]={<<<>>>}
04:06:39.519 [qtp399373008-56] DEBUG org.eclipse.jetty.io.ssl.SslConnection - flush NEED_WRAP
04:06:39.520 [qtp399373008-56] DEBUG org.eclipse.jetty.io.ssl.SslConnection - wrap Status = OK HandshakeStatus = FINISHED bytesConsumed = 0 bytesProduced = 88 [p=0,l=88,c=17408,r=88] ioDone=false/false
04:06:39.520 [qtp399373008-56] DEBUG org.eclipse.jetty.io.ChannelEndPoint - flushed 88 SocketChannelEndPoint@78f83942{l=/127.0.0.1:35537,r=/127.0.0.1:60862,OPEN,fill=-,flush=-,to=2/30000}{io=0/0,kio=0,kro=1}->SslConnection@3a58749b{NOT_HANDSHAKING,eio=153/0,di=-1,fill=IDLE,flush=IDLE}~>DecryptedEndPoint@18d7c60d{l=/127.0.0.1:35537,r=/127.0.0.1:60862,OPEN,fill=-,flush=-,to=40/30000}=>HttpConnection@6268d070[p=HttpParser{s=START,0 of -1},g=HttpGenerator@1c993a73{s=START}]=>HttpChannelOverHttp@49cac695{s=HttpChannelState@215cd94d{s=IDLE rs=BLOCKING os=OPEN is=IDLE awp=false se=false i=true al=0},r=0,c=false/false,a=IDLE,uri=null,age=0}
04:06:39.520 [qtp399373008-56] DEBUG org.eclipse.jetty.io.ssl.SslConnection - net flushed=true, ac=true
04:06:39.520 [qtp399373008-56] DEBUG org.eclipse.jetty.io.ssl.SslConnection - handshake succeeded SslConnection@3a58749b::SocketChannelEndPoint@78f83942{l=/127.0.0.1:35537,r=/127.0.0.1:60862,OPEN,fill=-,flush=-,to=0/30000}{io=0/0,kio=0,kro=1}->SslConnection@3a58749b{NOT_HANDSHAKING,eio=153/0,di=-1,fill=IDLE,flush=IDLE}~>DecryptedEndPoint@18d7c60d{l=/127.0.0.1:35537,r=/127.0.0.1:60862,OPEN,fill=-,flush=-,to=40/30000}=>HttpConnection@6268d070[p=HttpParser{s=START,0 of -1},g=HttpGenerator@1c993a73{s=START}]=>HttpChannelOverHttp@49cac695{s=HttpChannelState@215cd94d{s=IDLE rs=BLOCKING os=OPEN is=IDLE awp=false se=false i=true al=0},r=0,c=false/false,a=IDLE,uri=null,age=0} resumed server TLSv1.3/TLS_AES_256_GCM_SHA384
04:06:39.520 [qtp399373008-56] DEBUG org.eclipse.jetty.io.ssl.SslConnection - <flush true SslConnection@3a58749b::SocketChannelEndPoint@78f83942{l=/127.0.0.1:35537,r=/127.0.0.1:60862,OPEN,fill=-,flush=-,to=0/30000}{io=0/0,kio=0,kro=1}->SslConnection@3a58749b{NOT_HANDSHAKING,eio=153/-1,di=-1,fill=IDLE,flush=IDLE}~>DecryptedEndPoint@18d7c60d{l=/127.0.0.1:35537,r=/127.0.0.1:60862,OPEN,fill=-,flush=-,to=40/30000}=>HttpConnection@6268d070[p=HttpParser{s=START,0 of -1},g=HttpGenerator@1c993a73{s=START}]=>HttpChannelOverHttp@49cac695{s=HttpChannelState@215cd94d{s=IDLE rs=BLOCKING os=OPEN is=IDLE awp=false se=false i=true al=0},r=0,c=false/false,a=IDLE,uri=null,age=0}
04:06:39.520 [qtp399373008-56] DEBUG org.eclipse.jetty.io.ssl.SslConnection - fill NOT_HANDSHAKING
04:06:39.520 [qtp399373008-56] DEBUG org.eclipse.jetty.io.ChannelEndPoint - filled 0 HeapByteBuffer@3303dde5[p=1338,l=1491,c=17408,r=153]={\x17\x03\x03\x03\xAd\x0b\x00\x03\x88...\x12dZ\xFc\x92\x90\x8d<<<\x17\x03\x03\x00\x94:2(\xD1|\x8a\xF6:e\x82\xD2]\xB8\xA3\xF9\x9fQ\xC2^m...`\xFe\xC6!\xCd\xE8\xC7H\x13\xEa\xD0Gh\x90\xA3\xC5x\xBb,3*\x87\xAf>>>7\x91N)\xAa\xD3\x80\x13B...\x00\x00\x00\x00\x00\x00\x00}
04:06:39.520 [qtp399373008-56] DEBUG org.eclipse.jetty.io.ssl.SslConnection - net filled=0
04:06:39.520 [qtp399373008-56] DEBUG org.eclipse.jetty.io.ssl.SslConnection - unwrap net_filled=0 Status = OK HandshakeStatus = NOT_HANDSHAKING bytesConsumed = 153 bytesProduced = 115 encryptedBuffer=[p=1491,l=1491,c=17408,r=0] unwrapBuffer=HeapByteBuffer@373c4f5d[p=0,l=115,c=17408,r=115]={<<<GET / HTTP/1.1\r\nHost: loc...gent: okhttp/3.12.3\r\n\r\n>>>\\\x95B\xBcj\xDf\x803\xF7...\x00\x00\x00\x00\x00\x00\x00} appBuffer=HeapByteBuffer@373c4f5d[p=0,l=115,c=17408,r=115]={<<<GET / HTTP/1.1\r\nHost: loc...gent: okhttp/3.12.3\r\n\r\n>>>\\\x95B\xBcj\xDf\x803\xF7...\x00\x00\x00\x00\x00\x00\x00}
04:06:39.520 [qtp399373008-56] DEBUG org.eclipse.jetty.io.ssl.SslConnection - <fill f=115 uf=false SslConnection@3a58749b::SocketChannelEndPoint@78f83942{l=/127.0.0.1:35537,r=/127.0.0.1:60862,OPEN,fill=-,flush=-,to=0/30000}{io=0/0,kio=0,kro=1}->SslConnection@3a58749b{NOT_HANDSHAKING,eio=-1/-1,di=-1,fill=IDLE,flush=IDLE}~>DecryptedEndPoint@18d7c60d{l=/127.0.0.1:35537,r=/127.0.0.1:60862,OPEN,fill=-,flush=-,to=40/30000}=>HttpConnection@6268d070[p=HttpParser{s=START,0 of -1},g=HttpGenerator@1c993a73{s=START}]=>HttpChannelOverHttp@49cac695{s=HttpChannelState@215cd94d{s=IDLE rs=BLOCKING os=OPEN is=IDLE awp=false se=false i=true al=0},r=0,c=false/false,a=IDLE,uri=null,age=0}
04:06:39.520 [qtp399373008-56] DEBUG org.eclipse.jetty.server.HttpConnection - HttpConnection@6268d070::DecryptedEndPoint@18d7c60d{l=/127.0.0.1:35537,r=/127.0.0.1:60862,OPEN,fill=-,flush=-,to=40/30000} filled 115 HeapByteBuffer@373c4f5d[p=0,l=115,c=17408,r=115]={<<<GET / HTTP/1.1\r\nHost: loc...gent: okhttp/3.12.3\r\n\r\n>>>\\\x95B\xBcj\xDf\x803\xF7...\x00\x00\x00\x00\x00\x00\x00}
04:06:39.520 [qtp399373008-56] DEBUG org.eclipse.jetty.server.HttpConnection - HttpConnection@6268d070::DecryptedEndPoint@18d7c60d{l=/127.0.0.1:35537,r=/127.0.0.1:60862,OPEN,fill=-,flush=-,to=40/30000} parse HeapByteBuffer@373c4f5d[p=0,l=115,c=17408,r=115]={<<<GET / HTTP/1.1\r\nHost: loc...gent: okhttp/3.12.3\r\n\r\n>>>\\\x95B\xBcj\xDf\x803\xF7...\x00\x00\x00\x00\x00\x00\x00} {}
04:06:39.520 [qtp399373008-56] DEBUG org.eclipse.jetty.http.HttpParser - parseNext s=START HeapByteBuffer@373c4f5d[p=0,l=115,c=17408,r=115]={<<<GET / HTTP/1.1\r\nHost: loc...gent: okhttp/3.12.3\r\n\r\n>>>\\\x95B\xBcj\xDf\x803\xF7...\x00\x00\x00\x00\x00\x00\x00}
04:06:39.520 [qtp399373008-56] DEBUG org.eclipse.jetty.http.HttpParser - START --> SPACE1
04:06:39.520 [qtp399373008-56] DEBUG org.eclipse.jetty.http.HttpParser - SPACE1 --> URI
04:06:39.520 [qtp399373008-56] DEBUG org.eclipse.jetty.http.HttpParser - URI --> SPACE2
04:06:39.520 [qtp399373008-56] DEBUG org.eclipse.jetty.http.HttpParser - SPACE2 --> REQUEST_VERSION
04:06:39.520 [qtp399373008-56] DEBUG org.eclipse.jetty.http.HttpParser - REQUEST_VERSION --> HEADER
04:06:39.520 [qtp399373008-56] DEBUG org.eclipse.jetty.http.HttpParser - HEADER:Host --> VALUE
04:06:39.520 [qtp399373008-56] DEBUG org.eclipse.jetty.http.HttpParser - HEADER:Host --> IN_VALUE
04:06:39.520 [qtp399373008-56] DEBUG org.eclipse.jetty.http.HttpParser - HEADER:Host --> FIELD
04:06:39.520 [qtp399373008-56] DEBUG org.eclipse.jetty.http.HttpParser - HEADER:Connection: keep-alive --> IN_VALUE
04:06:39.520 [qtp399373008-56] DEBUG org.eclipse.jetty.http.HttpParser - HEADER:Connection: keep-alive --> FIELD
04:06:39.520 [qtp399373008-56] DEBUG org.eclipse.jetty.http.HttpParser - HEADER:Accept-Encoding: gzip --> IN_VALUE
04:06:39.521 [qtp399373008-56] DEBUG org.eclipse.jetty.http.HttpParser - HEADER:Accept-Encoding: gzip --> FIELD
04:06:39.521 [qtp399373008-56] DEBUG org.eclipse.jetty.http.HttpParser - HEADER:User-Agent --> VALUE
04:06:39.521 [qtp399373008-56] DEBUG org.eclipse.jetty.http.HttpParser - HEADER:User-Agent --> IN_VALUE
04:06:39.521 [qtp399373008-56] DEBUG org.eclipse.jetty.http.HttpParser - HEADER:User-Agent --> FIELD
04:06:39.521 [qtp399373008-56] DEBUG org.eclipse.jetty.http.HttpParser - HEADER --> CONTENT
04:06:39.521 [qtp399373008-56] DEBUG org.eclipse.jetty.server.HttpChannel - REQUEST for //localhost:35537/ on HttpChannelOverHttp@49cac695{s=HttpChannelState@215cd94d{s=IDLE rs=BLOCKING os=OPEN is=IDLE awp=false se=false i=true al=0},r=1,c=false/false,a=IDLE,uri=//localhost:35537/,age=0}
GET //localhost:35537/ HTTP/1.1
Host: localhost:35537
Connection: keep-alive
Accept-Encoding: gzip
User-Agent: okhttp/3.12.3


04:06:39.521 [qtp399373008-56] DEBUG org.eclipse.jetty.server.HttpConnection - HttpConnection@6268d070::DecryptedEndPoint@18d7c60d{l=/127.0.0.1:35537,r=/127.0.0.1:60862,OPEN,fill=-,flush=-,to=41/30000} parsed true HttpParser{s=CONTENT,0 of -1}
04:06:39.521 [qtp399373008-56] DEBUG org.eclipse.jetty.server.HttpConnection - releaseRequestBuffer HttpConnection@6268d070::DecryptedEndPoint@18d7c60d{l=/127.0.0.1:35537,r=/127.0.0.1:60862,OPEN,fill=-,flush=-,to=41/30000}
04:06:39.521 [qtp399373008-56] DEBUG org.eclipse.jetty.server.HttpChannel - handle //localhost:35537/ HttpChannelOverHttp@49cac695{s=HttpChannelState@215cd94d{s=IDLE rs=BLOCKING os=OPEN is=IDLE awp=false se=false i=true al=0},r=1,c=false/false,a=IDLE,uri=//localhost:35537/,age=0} 
04:06:39.521 [qtp399373008-56] DEBUG org.eclipse.jetty.server.HttpChannelState - handling HttpChannelState@215cd94d{s=IDLE rs=BLOCKING os=OPEN is=IDLE awp=false se=false i=true al=0}
04:06:39.521 [qtp399373008-56] DEBUG org.eclipse.jetty.server.HttpChannel - action DISPATCH HttpChannelOverHttp@49cac695{s=HttpChannelState@215cd94d{s=HANDLING rs=BLOCKING os=OPEN is=IDLE awp=false se=false i=true al=0},r=1,c=false/false,a=HANDLING,uri=//localhost:35537/,age=0}
04:06:39.521 [qtp399373008-56] DEBUG org.eclipse.jetty.server.SecureRequestCustomizer - Host localhost with SNI null
04:06:39.521 [qtp399373008-56] DEBUG org.eclipse.jetty.server.Server - REQUEST GET / on HttpChannelOverHttp@49cac695{s=HttpChannelState@215cd94d{s=HANDLING rs=BLOCKING os=OPEN is=IDLE awp=false se=false i=true al=0},r=1,c=false/false,a=HANDLING,uri=https://localhost:35537/,age=0}
04:06:39.521 [qtp399373008-56] DEBUG org.eclipse.jetty.server.HttpOutput - write(array HeapByteBuffer@7b6bc095[p=0,l=4,c=512,r=4]={<<<test>>>\x00\x00\x00\x00\x00\x00\x00\x00\x00...\x00\x00\x00\x00\x00\x00\x00})
04:06:39.521 [qtp399373008-56] DEBUG org.eclipse.jetty.server.HttpOutput - write(array) s=CLOSING,api=BLOCKED,sc=false,e=null last=true agg=false flush=true async=false, len=4 null
04:06:39.521 [qtp399373008-56] DEBUG org.eclipse.jetty.server.HttpChannel - sendResponse info=null content=HeapByteBuffer@6cc7a936[p=0,l=4,c=512,r=4]={<<<test>>>\x00\x00\x00\x00\x00\x00\x00\x00\x00...\x00\x00\x00\x00\x00\x00\x00} complete=true committing=true callback=Blocker@631fa2f2{null}
04:06:39.521 [qtp399373008-56] DEBUG org.eclipse.jetty.server.HttpChannel - COMMIT for / on HttpChannelOverHttp@49cac695{s=HttpChannelState@215cd94d{s=HANDLING rs=BLOCKING os=COMMITTED is=IDLE awp=false se=false i=true al=0},r=1,c=false/false,a=HANDLING,uri=https://localhost:35537/,age=0}
200 null HTTP/1.1
Date: Thu, 02 May 2024 03:06:39 GMT
ETag: testEtag
Content-Type: text/plain;charset=utf-8
Content-Length: 4


04:06:39.521 [qtp399373008-56] DEBUG org.eclipse.jetty.server.HttpConnection - generate: NEED_HEADER for SendCallback@4020bda7[PROCESSING][i=HTTP/1.1{s=200,h=4,cl=4},cb=org.eclipse.jetty.server.HttpChannel$SendCallback@65eaa25e] (null,[p=0,l=4,c=512,r=4],true)@START
04:06:39.521 [qtp399373008-56] DEBUG org.eclipse.jetty.http.HttpGenerator - generateHeaders HTTP/1.1{s=200,h=4,cl=4} last=true content=HeapByteBuffer@6cc7a936[p=0,l=4,c=512,r=4]={<<<test>>>\x00\x00\x00\x00\x00\x00\x00\x00\x00...\x00\x00\x00\x00\x00\x00\x00}
04:06:39.521 [qtp399373008-56] DEBUG org.eclipse.jetty.http.HttpGenerator - Date: Thu, 02 May 2024 03:06:39 GMT
ETag: testEtag
Content-Type: text/plain;charset=utf-8
Content-Length: 4


04:06:39.521 [qtp399373008-56] DEBUG org.eclipse.jetty.http.HttpGenerator - CONTENT_LENGTH
04:06:39.521 [qtp399373008-56] DEBUG org.eclipse.jetty.server.HttpConnection - generate: FLUSH for SendCallback@4020bda7[PROCESSING][i=HTTP/1.1{s=200,h=4,cl=4},cb=org.eclipse.jetty.server.HttpChannel$SendCallback@65eaa25e] ([p=0,l=164,c=8192,r=164],[p=0,l=4,c=512,r=4],true)@COMPLETING
04:06:39.521 [qtp399373008-56] DEBUG org.eclipse.jetty.io.WriteFlusher - write: WriteFlusher@343539cc{IDLE}->null [HeapByteBuffer@341ac865[p=0,l=164,c=8192,r=164]={<<<HTTP/1.1 200 OK\r\nDate: Th...y(9.4.44.v20210927)\r\n\r\n>>>\x00\x00\x00\x00\x00\x00\x00\x00\x00...\x00\x00\x00\x00\x00\x00\x00},HeapByteBuffer@6cc7a936[p=0,l=4,c=512,r=4]={<<<test>>>\x00\x00\x00\x00\x00\x00\x00\x00\x00...\x00\x00\x00\x00\x00\x00\x00}]
04:06:39.521 [qtp399373008-56] DEBUG org.eclipse.jetty.io.WriteFlusher - update WriteFlusher@343539cc{WRITING}->null:IDLE-->WRITING
04:06:39.522 [qtp399373008-56] DEBUG org.eclipse.jetty.io.ssl.SslConnection - >flush SslConnection@3a58749b::SocketChannelEndPoint@78f83942{l=/127.0.0.1:35537,r=/127.0.0.1:60862,OPEN,fill=-,flush=-,to=1/30000}{io=0/0,kio=0,kro=1}->SslConnection@3a58749b{NOT_HANDSHAKING,eio=-1/-1,di=-1,fill=IDLE,flush=IDLE}~>DecryptedEndPoint@18d7c60d{l=/127.0.0.1:35537,r=/127.0.0.1:60862,OPEN,fill=-,flush=W,to=41/30000}=>HttpConnection@6268d070[p=HttpParser{s=CONTENT,0 of -1},g=HttpGenerator@1c993a73{s=COMPLETING}]=>HttpChannelOverHttp@49cac695{s=HttpChannelState@215cd94d{s=HANDLING rs=BLOCKING os=COMMITTED is=IDLE awp=false se=false i=true al=0},r=1,c=false/false,a=HANDLING,uri=https://localhost:35537/,age=1}
04:06:39.522 [qtp399373008-56] DEBUG org.eclipse.jetty.io.ssl.SslConnection - flush b[0]=HeapByteBuffer@341ac865[p=0,l=164,c=8192,r=164]={<<<HTTP/1.1 200 OK\r\nDate: Th...y(9.4.44.v20210927)\r\n\r\n>>>\x00\x00\x00\x00\x00\x00\x00\x00\x00...\x00\x00\x00\x00\x00\x00\x00}
04:06:39.522 [qtp399373008-56] DEBUG org.eclipse.jetty.io.ssl.SslConnection - flush b[1]=HeapByteBuffer@6cc7a936[p=0,l=4,c=512,r=4]={<<<test>>>\x00\x00\x00\x00\x00\x00\x00\x00\x00...\x00\x00\x00\x00\x00\x00\x00}
04:06:39.522 [qtp399373008-56] DEBUG org.eclipse.jetty.io.ssl.SslConnection - flush NOT_HANDSHAKING
04:06:39.522 [qtp399373008-56] DEBUG org.eclipse.jetty.io.ssl.SslConnection - wrap Status = OK HandshakeStatus = NOT_HANDSHAKING bytesConsumed = 168 bytesProduced = 206 [p=0,l=206,c=17408,r=206] ioDone=false/false
04:06:39.522 [qtp399373008-56] DEBUG org.eclipse.jetty.io.ChannelEndPoint - flushed 206 SocketChannelEndPoint@78f83942{l=/127.0.0.1:35537,r=/127.0.0.1:60862,OPEN,fill=-,flush=-,to=2/30000}{io=0/0,kio=0,kro=1}->SslConnection@3a58749b{NOT_HANDSHAKING,eio=-1/0,di=-1,fill=IDLE,flush=IDLE}~>DecryptedEndPoint@18d7c60d{l=/127.0.0.1:35537,r=/127.0.0.1:60862,OPEN,fill=-,flush=W,to=42/30000}=>HttpConnection@6268d070[p=HttpParser{s=CONTENT,0 of -1},g=HttpGenerator@1c993a73{s=COMPLETING}]=>HttpChannelOverHttp@49cac695{s=HttpChannelState@215cd94d{s=HANDLING rs=BLOCKING os=COMMITTED is=IDLE awp=false se=false i=true al=0},r=1,c=false/false,a=HANDLING,uri=https://localhost:35537/,age=1}
04:06:39.522 [qtp399373008-56] DEBUG org.eclipse.jetty.io.ssl.SslConnection - net flushed=true, ac=true
04:06:39.522 [qtp399373008-56] DEBUG org.eclipse.jetty.io.ssl.SslConnection - <flush true SslConnection@3a58749b::SocketChannelEndPoint@78f83942{l=/127.0.0.1:35537,r=/127.0.0.1:60862,OPEN,fill=-,flush=-,to=0/30000}{io=0/0,kio=0,kro=1}->SslConnection@3a58749b{NOT_HANDSHAKING,eio=-1/-1,di=-1,fill=IDLE,flush=IDLE}~>DecryptedEndPoint@18d7c60d{l=/127.0.0.1:35537,r=/127.0.0.1:60862,OPEN,fill=-,flush=W,to=42/30000}=>HttpConnection@6268d070[p=HttpParser{s=CONTENT,0 of -1},g=HttpGenerator@1c993a73{s=COMPLETING}]=>HttpChannelOverHttp@49cac695{s=HttpChannelState@215cd94d{s=HANDLING rs=BLOCKING os=COMMITTED is=IDLE awp=false se=false i=true al=0},r=1,c=false/false,a=HANDLING,uri=https://localhost:35537/,age=1}
04:06:39.522 [qtp399373008-56] DEBUG org.eclipse.jetty.io.WriteFlusher - Flushed=true written=168 remaining=0 WriteFlusher@343539cc{WRITING}->null
04:06:39.522 [qtp399373008-56] DEBUG org.eclipse.jetty.io.WriteFlusher - update WriteFlusher@343539cc{IDLE}->null:WRITING-->IDLE
04:06:39.522 [main] DEBUG org.apache.nifi.minifi.bootstrap.configuration.ingestors.PullHttpChangeIngestor - Response received: Response{protocol=http/1.1, code=200, message=OK, url=https://localhost:35537/}
04:06:39.522 [qtp399373008-56] DEBUG org.eclipse.jetty.server.HttpConnection - generate: DONE for SendCallback@4020bda7[PROCESSING][i=HTTP/1.1{s=200,h=4,cl=4},cb=org.eclipse.jetty.server.HttpChannel$SendCallback@65eaa25e] ([p=164,l=164,c=8192,r=0],[p=4,l=4,c=512,r=0],true)@END
04:06:39.522 [qtp399373008-56] DEBUG org.eclipse.jetty.server.HttpOutput - onWriteComplete(true,null) s=CLOSING,api=BLOCKED,sc=false,e=null->s=CLOSED,api=BLOCKING,sc=false,e=null c=null cb=null w=false
04:06:39.522 [qtp399373008-56] DEBUG org.eclipse.jetty.server.HttpOutput - close() s=CLOSED,api=BLOCKING,sc=false,e=null c=null b=null
04:06:39.522 [qtp399373008-56] DEBUG org.eclipse.jetty.server.Server - handled=true async=false committed=true on HttpChannelOverHttp@49cac695{s=HttpChannelState@215cd94d{s=HANDLING rs=BLOCKING os=COMPLETED is=IDLE awp=false se=false i=true al=0},r=1,c=false/true,a=HANDLING,uri=https://localhost:35537/,age=1}
04:06:39.522 [qtp399373008-56] DEBUG org.eclipse.jetty.server.HttpChannelState - unhandle HttpChannelState@215cd94d{s=HANDLING rs=BLOCKING os=COMPLETED is=IDLE awp=false se=false i=true al=0}
04:06:39.522 [main] DEBUG org.apache.nifi.minifi.bootstrap.configuration.ingestors.PullHttpChangeIngestor - New change received, notifying listener
04:06:39.522 [qtp399373008-56] DEBUG org.eclipse.jetty.server.HttpChannelState - nextAction(false) COMPLETE HttpChannelState@215cd94d{s=HANDLING rs=COMPLETING os=COMPLETED is=IDLE awp=false se=false i=false al=0}
04:06:39.522 [qtp399373008-56] DEBUG org.eclipse.jetty.server.HttpChannel - action COMPLETE HttpChannelOverHttp@49cac695{s=HttpChannelState@215cd94d{s=HANDLING rs=COMPLETING os=COMPLETED is=IDLE awp=false se=false i=false al=0},r=1,c=false/true,a=HANDLING,uri=https://localhost:35537/,age=1}
04:06:39.522 [main] DEBUG org.apache.nifi.minifi.bootstrap.configuration.ingestors.PullHttpChangeIngestor - Listeners notified
04:06:39.522 [qtp399373008-56] DEBUG org.eclipse.jetty.server.HttpOutput - complete(org.eclipse.jetty.util.Callback$3@2a23058a) s=CLOSED,api=BLOCKING,sc=false,e=null s=true e=null, c=null
04:06:39.522 [qtp399373008-56] DEBUG org.eclipse.jetty.server.HttpChannelState - completed HttpChannelState@215cd94d{s=HANDLING rs=COMPLETING os=COMPLETED is=IDLE awp=false se=false i=false al=0}
04:06:39.522 [qtp399373008-56] DEBUG org.eclipse.jetty.server.HttpChannelState - unhandle HttpChannelState@215cd94d{s=HANDLING rs=COMPLETED os=COMPLETED is=IDLE awp=false se=false i=false al=0}
04:06:39.522 [qtp399373008-56] DEBUG org.eclipse.jetty.server.HttpChannelState - nextAction(false) TERMINATED HttpChannelState@215cd94d{s=IDLE rs=COMPLETED os=COMPLETED is=IDLE awp=false se=false i=false al=0}
04:06:39.522 [qtp399373008-56] DEBUG org.eclipse.jetty.server.HttpChannel - action TERMINATED HttpChannelOverHttp@49cac695{s=HttpChannelState@215cd94d{s=IDLE rs=COMPLETED os=COMPLETED is=IDLE awp=false se=false i=false al=0},r=1,c=true/true,a=IDLE,uri=https://localhost:35537/,age=1}
04:06:39.522 [qtp399373008-56] DEBUG org.eclipse.jetty.server.HttpChannel - onCompleted for / written=4
]]></system-out>
  </testcase>
  <testcase name="testUseEtagWithPath" classname="org.apache.nifi.minifi.bootstrap.configuration.ingestors.PullHttpChangeIngestorSSLTest" time="0.071">
    <system-out><![CDATA[04:06:39.523 [qtp399373008-56] DEBUG org.eclipse.jetty.io.ssl.SslConnection - >fill SslConnection@3a58749b::SocketChannelEndPoint@78f83942{l=/127.0.0.1:35537,r=/127.0.0.1:60862,OPEN,fill=-,flush=-,to=0/30000}{io=0/0,kio=0,kro=1}->SslConnection@3a58749b{NOT_HANDSHAKING,eio=-1/-1,di=-1,fill=IDLE,flush=IDLE}~>DecryptedEndPoint@18d7c60d{l=/127.0.0.1:35537,r=/127.0.0.1:60862,OPEN,fill=-,flush=-,to=42/30000}=>HttpConnection@6268d070[p=HttpParser{s=CONTENT,0 of -1},g=HttpGenerator@1c993a73{s=END}]=>HttpChannelOverHttp@49cac695{s=HttpChannelState@215cd94d{s=IDLE rs=COMPLETED os=COMPLETED is=IDLE awp=false se=false i=false al=0},r=1,c=true/true,a=IDLE,uri=https://localhost:35537/,age=2}
04:06:39.523 [qtp399373008-56] DEBUG org.eclipse.jetty.io.ssl.SslConnection - fill NOT_HANDSHAKING
04:06:39.523 [qtp399373008-56] DEBUG org.eclipse.jetty.io.ChannelEndPoint - filled 0 HeapByteBuffer@373c4f5d[p=0,l=0,c=17408,r=0]={<<<>>>GET / HTT...\x00\x00\x00\x00\x00\x00\x00}
04:06:39.523 [qtp399373008-56] DEBUG org.eclipse.jetty.io.ssl.SslConnection - net filled=0
04:06:39.523 [qtp399373008-56] DEBUG org.eclipse.jetty.io.ssl.SslConnection - unwrap net_filled=0 Status = BUFFER_UNDERFLOW HandshakeStatus = NOT_HANDSHAKING bytesConsumed = 0 bytesProduced = 0 encryptedBuffer=[p=0,l=0,c=17408,r=0] unwrapBuffer=HeapByteBuffer@3303dde5[p=0,l=0,c=17408,r=0]={<<<>>>\x17\x03\x03\x03\xAd\x0b\x00\x03\x88...\x00\x00\x00\x00\x00\x00\x00} appBuffer=HeapByteBuffer@3303dde5[p=0,l=0,c=17408,r=0]={<<<>>>\x17\x03\x03\x03\xAd\x0b\x00\x03\x88...\x00\x00\x00\x00\x00\x00\x00}
04:06:39.523 [qtp399373008-56] DEBUG org.eclipse.jetty.io.ssl.SslConnection - <fill f=0 uf=true SslConnection@3a58749b::SocketChannelEndPoint@78f83942{l=/127.0.0.1:35537,r=/127.0.0.1:60862,OPEN,fill=-,flush=-,to=0/30000}{io=0/0,kio=0,kro=1}->SslConnection@3a58749b{NOT_HANDSHAKING,eio=-1/-1,di=-1,fill=IDLE,flush=IDLE}~>DecryptedEndPoint@18d7c60d{l=/127.0.0.1:35537,r=/127.0.0.1:60862,OPEN,fill=-,flush=-,to=43/30000}=>HttpConnection@6268d070[p=HttpParser{s=CONTENT,0 of -1},g=HttpGenerator@1c993a73{s=END}]=>HttpChannelOverHttp@49cac695{s=HttpChannelState@215cd94d{s=IDLE rs=COMPLETED os=COMPLETED is=IDLE awp=false se=false i=false al=0},r=1,c=true/true,a=IDLE,uri=https://localhost:35537/,age=2}
04:06:39.523 [qtp399373008-56] DEBUG org.eclipse.jetty.io.ssl.SslConnection - >fill SslConnection@3a58749b::SocketChannelEndPoint@78f83942{l=/127.0.0.1:35537,r=/127.0.0.1:60862,OPEN,fill=-,flush=-,to=1/30000}{io=0/0,kio=0,kro=1}->SslConnection@3a58749b{NOT_HANDSHAKING,eio=-1/-1,di=-1,fill=IDLE,flush=IDLE}~>DecryptedEndPoint@18d7c60d{l=/127.0.0.1:35537,r=/127.0.0.1:60862,OPEN,fill=-,flush=-,to=43/30000}=>HttpConnection@6268d070[p=HttpParser{s=CONTENT,0 of -1},g=HttpGenerator@1c993a73{s=END}]=>HttpChannelOverHttp@49cac695{s=HttpChannelState@215cd94d{s=IDLE rs=COMPLETED os=COMPLETED is=IDLE awp=false se=false i=false al=0},r=1,c=true/true,a=IDLE,uri=https://localhost:35537/,age=2}
04:06:39.523 [qtp399373008-56] DEBUG org.eclipse.jetty.io.ssl.SslConnection - fill NOT_HANDSHAKING
04:06:39.523 [qtp399373008-56] DEBUG org.eclipse.jetty.io.ChannelEndPoint - filled 0 HeapByteBuffer@3dc4242d[p=0,l=0,c=17408,r=0]={<<<>>>\x17\x03\x03\x00\xC9fh\xF8\xEb...\x00\x00\x00\x00\x00\x00\x00}
04:06:39.523 [qtp399373008-56] DEBUG org.eclipse.jetty.io.ssl.SslConnection - net filled=0
04:06:39.523 [qtp399373008-56] DEBUG org.eclipse.jetty.io.ssl.SslConnection - unwrap net_filled=0 Status = BUFFER_UNDERFLOW HandshakeStatus = NOT_HANDSHAKING bytesConsumed = 0 bytesProduced = 0 encryptedBuffer=[p=0,l=0,c=17408,r=0] unwrapBuffer=HeapByteBuffer@3303dde5[p=0,l=0,c=17408,r=0]={<<<>>>\x17\x03\x03\x03\xAd\x0b\x00\x03\x88...\x00\x00\x00\x00\x00\x00\x00} appBuffer=HeapByteBuffer@3303dde5[p=0,l=0,c=17408,r=0]={<<<>>>\x17\x03\x03\x03\xAd\x0b\x00\x03\x88...\x00\x00\x00\x00\x00\x00\x00}
04:06:39.523 [qtp399373008-56] DEBUG org.eclipse.jetty.io.ssl.SslConnection - <fill f=0 uf=true SslConnection@3a58749b::SocketChannelEndPoint@78f83942{l=/127.0.0.1:35537,r=/127.0.0.1:60862,OPEN,fill=-,flush=-,to=1/30000}{io=0/0,kio=0,kro=1}->SslConnection@3a58749b{NOT_HANDSHAKING,eio=-1/-1,di=-1,fill=IDLE,flush=IDLE}~>DecryptedEndPoint@18d7c60d{l=/127.0.0.1:35537,r=/127.0.0.1:60862,OPEN,fill=-,flush=-,to=43/30000}=>HttpConnection@6268d070[p=HttpParser{s=CONTENT,0 of -1},g=HttpGenerator@1c993a73{s=END}]=>HttpChannelOverHttp@49cac695{s=HttpChannelState@215cd94d{s=IDLE rs=COMPLETED os=COMPLETED is=IDLE awp=false se=false i=false al=0},r=1,c=true/true,a=IDLE,uri=https://localhost:35537/,age=2}
04:06:39.523 [qtp399373008-56] DEBUG org.eclipse.jetty.server.HttpConnection - HttpConnection@6268d070::DecryptedEndPoint@18d7c60d{l=/127.0.0.1:35537,r=/127.0.0.1:60862,OPEN,fill=-,flush=-,to=43/30000} filled 0 HeapByteBuffer@3303dde5[p=0,l=0,c=17408,r=0]={<<<>>>\x17\x03\x03\x03\xAd\x0b\x00\x03\x88...\x00\x00\x00\x00\x00\x00\x00}
04:06:39.523 [qtp399373008-56] DEBUG org.eclipse.jetty.server.HttpConnection - HttpConnection@6268d070::DecryptedEndPoint@18d7c60d{l=/127.0.0.1:35537,r=/127.0.0.1:60862,OPEN,fill=-,flush=-,to=43/30000} parse HeapByteBuffer@3303dde5[p=0,l=0,c=17408,r=0]={<<<>>>\x17\x03\x03\x03\xAd\x0b\x00\x03\x88...\x00\x00\x00\x00\x00\x00\x00} {}
04:06:39.523 [qtp399373008-56] DEBUG org.eclipse.jetty.http.HttpParser - parseNext s=CONTENT HeapByteBuffer@3303dde5[p=0,l=0,c=17408,r=0]={<<<>>>\x17\x03\x03\x03\xAd\x0b\x00\x03\x88...\x00\x00\x00\x00\x00\x00\x00}
04:06:39.523 [qtp399373008-56] DEBUG org.eclipse.jetty.http.HttpParser - CONTENT --> CONTENT_END
04:06:39.523 [qtp399373008-56] DEBUG org.eclipse.jetty.server.HttpChannel - onContentComplete HttpChannelOverHttp@49cac695{s=HttpChannelState@215cd94d{s=IDLE rs=COMPLETED os=COMPLETED is=IDLE awp=false se=false i=false al=0},r=1,c=true/true,a=IDLE,uri=https://localhost:35537/,age=2}
04:06:39.523 [qtp399373008-56] DEBUG org.eclipse.jetty.http.HttpParser - CONTENT_END --> END
04:06:39.523 [qtp399373008-56] DEBUG org.eclipse.jetty.server.HttpChannel - onRequestComplete HttpChannelOverHttp@49cac695{s=HttpChannelState@215cd94d{s=IDLE rs=COMPLETED os=COMPLETED is=IDLE awp=false se=false i=false al=0},r=1,c=true/true,a=IDLE,uri=https://localhost:35537/,age=2}
04:06:39.523 [qtp399373008-56] DEBUG org.eclipse.jetty.server.HttpInput - HttpInputOverHTTP@6f2b48ec[c=0,q=0,[0]=null,s=STREAM] addContent EOF
04:06:39.524 [qtp399373008-56] DEBUG org.eclipse.jetty.server.HttpConnection - HttpConnection@6268d070::DecryptedEndPoint@18d7c60d{l=/127.0.0.1:35537,r=/127.0.0.1:60862,OPEN,fill=-,flush=-,to=43/30000} parsed false HttpParser{s=END,0 of -1}
04:06:39.524 [qtp399373008-56] DEBUG org.eclipse.jetty.server.HttpConnection - releaseRequestBuffer HttpConnection@6268d070::DecryptedEndPoint@18d7c60d{l=/127.0.0.1:35537,r=/127.0.0.1:60862,OPEN,fill=-,flush=-,to=44/30000}
04:06:39.524 [qtp399373008-56] DEBUG org.eclipse.jetty.server.HttpChannelState - recycle HttpChannelState@215cd94d{s=IDLE rs=COMPLETED os=COMPLETED is=IDLE awp=false se=false i=false al=0}
04:06:39.524 [qtp399373008-56] DEBUG org.eclipse.jetty.http.HttpParser - reset HttpParser{s=END,0 of -1}
04:06:39.524 [qtp399373008-56] DEBUG org.eclipse.jetty.http.HttpParser - END --> START
04:06:39.524 [qtp399373008-56] DEBUG org.eclipse.jetty.server.HttpChannel - !handle TERMINATED HttpChannelOverHttp@49cac695{s=HttpChannelState@215cd94d{s=IDLE rs=BLOCKING os=OPEN is=IDLE awp=false se=false i=true al=0},r=1,c=false/false,a=IDLE,uri=null,age=0}
04:06:39.524 [qtp399373008-56] DEBUG org.eclipse.jetty.io.ssl.SslConnection - >fill SslConnection@3a58749b::SocketChannelEndPoint@78f83942{l=/127.0.0.1:35537,r=/127.0.0.1:60862,OPEN,fill=-,flush=-,to=2/30000}{io=0/0,kio=0,kro=1}->SslConnection@3a58749b{NOT_HANDSHAKING,eio=-1/-1,di=-1,fill=IDLE,flush=IDLE}~>DecryptedEndPoint@18d7c60d{l=/127.0.0.1:35537,r=/127.0.0.1:60862,OPEN,fill=-,flush=-,to=44/30000}=>HttpConnection@6268d070[p=HttpParser{s=START,0 of -1},g=HttpGenerator@1c993a73{s=START}]=>HttpChannelOverHttp@49cac695{s=HttpChannelState@215cd94d{s=IDLE rs=BLOCKING os=OPEN is=IDLE awp=false se=false i=true al=0},r=1,c=false/false,a=IDLE,uri=null,age=0}
04:06:39.524 [qtp399373008-56] DEBUG org.eclipse.jetty.io.ssl.SslConnection - fill NOT_HANDSHAKING
04:06:39.524 [qtp399373008-56] DEBUG org.eclipse.jetty.io.ChannelEndPoint - filled 0 HeapByteBuffer@3dc4242d[p=0,l=0,c=17408,r=0]={<<<>>>\x17\x03\x03\x00\xC9fh\xF8\xEb...\x00\x00\x00\x00\x00\x00\x00}
04:06:39.524 [qtp399373008-56] DEBUG org.eclipse.jetty.io.ssl.SslConnection - net filled=0
04:06:39.524 [qtp399373008-56] DEBUG org.eclipse.jetty.io.ssl.SslConnection - unwrap net_filled=0 Status = BUFFER_UNDERFLOW HandshakeStatus = NOT_HANDSHAKING bytesConsumed = 0 bytesProduced = 0 encryptedBuffer=[p=0,l=0,c=17408,r=0] unwrapBuffer=HeapByteBuffer@373c4f5d[p=0,l=0,c=17408,r=0]={<<<>>>GET / HTT...\x00\x00\x00\x00\x00\x00\x00} appBuffer=HeapByteBuffer@373c4f5d[p=0,l=0,c=17408,r=0]={<<<>>>GET / HTT...\x00\x00\x00\x00\x00\x00\x00}
04:06:39.525 [qtp399373008-56] DEBUG org.eclipse.jetty.io.ssl.SslConnection - <fill f=0 uf=true SslConnection@3a58749b::SocketChannelEndPoint@78f83942{l=/127.0.0.1:35537,r=/127.0.0.1:60862,OPEN,fill=-,flush=-,to=2/30000}{io=0/0,kio=0,kro=1}->SslConnection@3a58749b{NOT_HANDSHAKING,eio=-1/-1,di=-1,fill=IDLE,flush=IDLE}~>DecryptedEndPoint@18d7c60d{l=/127.0.0.1:35537,r=/127.0.0.1:60862,OPEN,fill=-,flush=-,to=44/30000}=>HttpConnection@6268d070[p=HttpParser{s=START,0 of -1},g=HttpGenerator@1c993a73{s=START}]=>HttpChannelOverHttp@49cac695{s=HttpChannelState@215cd94d{s=IDLE rs=BLOCKING os=OPEN is=IDLE awp=false se=false i=true al=0},r=1,c=false/false,a=IDLE,uri=null,age=0}
04:06:39.525 [qtp399373008-56] DEBUG org.eclipse.jetty.io.ssl.SslConnection - >fill SslConnection@3a58749b::SocketChannelEndPoint@78f83942{l=/127.0.0.1:35537,r=/127.0.0.1:60862,OPEN,fill=-,flush=-,to=2/30000}{io=0/0,kio=0,kro=1}->SslConnection@3a58749b{NOT_HANDSHAKING,eio=-1/-1,di=-1,fill=IDLE,flush=IDLE}~>DecryptedEndPoint@18d7c60d{l=/127.0.0.1:35537,r=/127.0.0.1:60862,OPEN,fill=-,flush=-,to=44/30000}=>HttpConnection@6268d070[p=HttpParser{s=START,0 of -1},g=HttpGenerator@1c993a73{s=START}]=>HttpChannelOverHttp@49cac695{s=HttpChannelState@215cd94d{s=IDLE rs=BLOCKING os=OPEN is=IDLE awp=false se=false i=true al=0},r=1,c=false/false,a=IDLE,uri=null,age=0}
04:06:39.525 [qtp399373008-56] DEBUG org.eclipse.jetty.io.ssl.SslConnection - fill NOT_HANDSHAKING
04:06:39.525 [qtp399373008-56] DEBUG org.eclipse.jetty.io.ChannelEndPoint - filled 0 HeapByteBuffer@3303dde5[p=0,l=0,c=17408,r=0]={<<<>>>\x17\x03\x03\x03\xAd\x0b\x00\x03\x88...\x00\x00\x00\x00\x00\x00\x00}
04:06:39.525 [qtp399373008-56] DEBUG org.eclipse.jetty.io.ssl.SslConnection - net filled=0
04:06:39.525 [qtp399373008-56] DEBUG org.eclipse.jetty.io.ssl.SslConnection - unwrap net_filled=0 Status = BUFFER_UNDERFLOW HandshakeStatus = NOT_HANDSHAKING bytesConsumed = 0 bytesProduced = 0 encryptedBuffer=[p=0,l=0,c=17408,r=0] unwrapBuffer=HeapByteBuffer@373c4f5d[p=0,l=0,c=17408,r=0]={<<<>>>GET / HTT...\x00\x00\x00\x00\x00\x00\x00} appBuffer=HeapByteBuffer@373c4f5d[p=0,l=0,c=17408,r=0]={<<<>>>GET / HTT...\x00\x00\x00\x00\x00\x00\x00}
04:06:39.525 [qtp399373008-56] DEBUG org.eclipse.jetty.io.ssl.SslConnection - <fill f=0 uf=true SslConnection@3a58749b::SocketChannelEndPoint@78f83942{l=/127.0.0.1:35537,r=/127.0.0.1:60862,OPEN,fill=-,flush=-,to=2/30000}{io=0/0,kio=0,kro=1}->SslConnection@3a58749b{NOT_HANDSHAKING,eio=-1/-1,di=-1,fill=IDLE,flush=IDLE}~>DecryptedEndPoint@18d7c60d{l=/127.0.0.1:35537,r=/127.0.0.1:60862,OPEN,fill=-,flush=-,to=45/30000}=>HttpConnection@6268d070[p=HttpParser{s=START,0 of -1},g=HttpGenerator@1c993a73{s=START}]=>HttpChannelOverHttp@49cac695{s=HttpChannelState@215cd94d{s=IDLE rs=BLOCKING os=OPEN is=IDLE awp=false se=false i=true al=0},r=1,c=false/false,a=IDLE,uri=null,age=0}
04:06:39.525 [qtp399373008-56] DEBUG org.eclipse.jetty.server.HttpConnection - HttpConnection@6268d070::DecryptedEndPoint@18d7c60d{l=/127.0.0.1:35537,r=/127.0.0.1:60862,OPEN,fill=-,flush=-,to=45/30000} filled 0 HeapByteBuffer@373c4f5d[p=0,l=0,c=17408,r=0]={<<<>>>GET / HTT...\x00\x00\x00\x00\x00\x00\x00}
04:06:39.525 [qtp399373008-56] DEBUG org.eclipse.jetty.server.HttpConnection - HttpConnection@6268d070::DecryptedEndPoint@18d7c60d{l=/127.0.0.1:35537,r=/127.0.0.1:60862,OPEN,fill=-,flush=-,to=45/30000} parse HeapByteBuffer@373c4f5d[p=0,l=0,c=17408,r=0]={<<<>>>GET / HTT...\x00\x00\x00\x00\x00\x00\x00} {}
04:06:39.525 [qtp399373008-56] DEBUG org.eclipse.jetty.http.HttpParser - parseNext s=START HeapByteBuffer@373c4f5d[p=0,l=0,c=17408,r=0]={<<<>>>GET / HTT...\x00\x00\x00\x00\x00\x00\x00}
04:06:39.525 [qtp399373008-56] DEBUG org.eclipse.jetty.server.HttpConnection - HttpConnection@6268d070::DecryptedEndPoint@18d7c60d{l=/127.0.0.1:35537,r=/127.0.0.1:60862,OPEN,fill=-,flush=-,to=45/30000} parsed false HttpParser{s=START,0 of -1}
04:06:39.525 [qtp399373008-56] DEBUG org.eclipse.jetty.server.HttpConnection - releaseRequestBuffer HttpConnection@6268d070::DecryptedEndPoint@18d7c60d{l=/127.0.0.1:35537,r=/127.0.0.1:60862,OPEN,fill=-,flush=-,to=45/30000}
04:06:39.525 [qtp399373008-56] DEBUG org.eclipse.jetty.io.AbstractConnection - fillInterested HttpConnection@6268d070::DecryptedEndPoint@18d7c60d{l=/127.0.0.1:35537,r=/127.0.0.1:60862,OPEN,fill=-,flush=-,to=45/30000}
04:06:39.525 [qtp399373008-56] DEBUG org.eclipse.jetty.io.FillInterest - interested FillInterest@385682c0{AC.ReadCB@6268d070{HttpConnection@6268d070::DecryptedEndPoint@18d7c60d{l=/127.0.0.1:35537,r=/127.0.0.1:60862,OPEN,fill=FI,flush=-,to=0/30000}}}
04:06:39.525 [qtp399373008-56] DEBUG org.eclipse.jetty.io.ssl.SslConnection - >needFillInterest s=IDLE/IDLE uf=true ei=null di=null SslConnection@3a58749b::SocketChannelEndPoint@78f83942{l=/127.0.0.1:35537,r=/127.0.0.1:60862,OPEN,fill=-,flush=-,to=2/30000}{io=0/0,kio=0,kro=1}->SslConnection@3a58749b{NOT_HANDSHAKING,eio=-1/-1,di=-1,fill=IDLE,flush=IDLE}~>DecryptedEndPoint@18d7c60d{l=/127.0.0.1:35537,r=/127.0.0.1:60862,OPEN,fill=FI,flush=-,to=0/30000}=>HttpConnection@6268d070[p=HttpParser{s=START,0 of -1},g=HttpGenerator@1c993a73{s=START}]=>HttpChannelOverHttp@49cac695{s=HttpChannelState@215cd94d{s=IDLE rs=BLOCKING os=OPEN is=IDLE awp=false se=false i=true al=0},r=1,c=false/false,a=IDLE,uri=null,age=0}
04:06:39.525 [qtp399373008-56] DEBUG org.eclipse.jetty.io.ssl.SslConnection - <needFillInterest s=IDLE/INTERESTED f=false i=true w=null
04:06:39.525 [qtp399373008-56] DEBUG org.eclipse.jetty.io.ssl.SslConnection - ensureFillInterested SslConnection@3a58749b::SocketChannelEndPoint@78f83942{l=/127.0.0.1:35537,r=/127.0.0.1:60862,OPEN,fill=-,flush=-,to=2/30000}{io=0/0,kio=0,kro=1}->SslConnection@3a58749b{NOT_HANDSHAKING,eio=-1/-1,di=-1,fill=INTERESTED,flush=IDLE}~>DecryptedEndPoint@18d7c60d{l=/127.0.0.1:35537,r=/127.0.0.1:60862,OPEN,fill=FI,flush=-,to=0/30000}=>HttpConnection@6268d070[p=HttpParser{s=START,0 of -1},g=HttpGenerator@1c993a73{s=START}]=>HttpChannelOverHttp@49cac695{s=HttpChannelState@215cd94d{s=IDLE rs=BLOCKING os=OPEN is=IDLE awp=false se=false i=true al=0},r=1,c=false/false,a=IDLE,uri=null,age=0}
04:06:39.525 [qtp399373008-56] DEBUG org.eclipse.jetty.io.FillInterest - interested FillInterest@f8e9670{SSLC.NBReadCB@3a58749b{SslConnection@3a58749b::SocketChannelEndPoint@78f83942{l=/127.0.0.1:35537,r=/127.0.0.1:60862,OPEN,fill=FI,flush=-,to=0/30000}{io=0/0,kio=0,kro=1}->SslConnection@3a58749b{NOT_HANDSHAKING,eio=-1/-1,di=-1,fill=INTERESTED,flush=IDLE}~>DecryptedEndPoint@18d7c60d{l=/127.0.0.1:35537,r=/127.0.0.1:60862,OPEN,fill=FI,flush=-,to=0/30000}=>HttpConnection@6268d070[p=HttpParser{s=START,0 of -1},g=HttpGenerator@1c993a73{s=START}]=>HttpChannelOverHttp@49cac695{s=HttpChannelState@215cd94d{s=IDLE rs=BLOCKING os=OPEN is=IDLE awp=false se=false i=true al=0},r=1,c=false/false,a=IDLE,uri=null,age=0}}}
04:06:39.525 [qtp399373008-56] DEBUG org.eclipse.jetty.io.ChannelEndPoint - changeInterests p=false 0->1 for SocketChannelEndPoint@78f83942{l=/127.0.0.1:35537,r=/127.0.0.1:60862,OPEN,fill=FI,flush=-,to=0/30000}{io=0/1,kio=0,kro=1}->SslConnection@3a58749b{NOT_HANDSHAKING,eio=-1/-1,di=-1,fill=INTERESTED,flush=IDLE}~>DecryptedEndPoint@18d7c60d{l=/127.0.0.1:35537,r=/127.0.0.1:60862,OPEN,fill=FI,flush=-,to=0/30000}=>HttpConnection@6268d070[p=HttpParser{s=START,0 of -1},g=HttpGenerator@1c993a73{s=START}]=>HttpChannelOverHttp@49cac695{s=HttpChannelState@215cd94d{s=IDLE rs=BLOCKING os=OPEN is=IDLE awp=false se=false i=true al=0},r=1,c=false/false,a=IDLE,uri=null,age=0}
04:06:39.525 [qtp399373008-56] DEBUG org.eclipse.jetty.io.ManagedSelector - Queued change lazy=false org.eclipse.jetty.io.ChannelEndPoint$$Lambda$255/2121444922@768bd7b6 on ManagedSelector@7bb6ab3a{STARTED} id=3 keys=1 selected=0 updates=0
04:06:39.525 [qtp399373008-56] DEBUG org.eclipse.jetty.io.ManagedSelector - Wakeup on submit ManagedSelector@7bb6ab3a{STARTED} id=3 keys=1 selected=0 updates=1
04:06:39.525 [qtp399373008-56] DEBUG org.eclipse.jetty.server.HttpConnection - HttpConnection@6268d070::DecryptedEndPoint@18d7c60d{l=/127.0.0.1:35537,r=/127.0.0.1:60862,OPEN,fill=FI,flush=-,to=0/30000} onFillable exit HttpChannelState@215cd94d{s=IDLE rs=BLOCKING os=OPEN is=IDLE awp=false se=false i=true al=0} null
04:06:39.525 [qtp399373008-62] DEBUG org.eclipse.jetty.io.ManagedSelector - Selector sun.nio.ch.EPollSelectorImpl@3ae8fa07 woken with none selected
04:06:39.525 [qtp399373008-62] DEBUG org.eclipse.jetty.io.ManagedSelector - Selector sun.nio.ch.EPollSelectorImpl@3ae8fa07 woken up from select, 0/0/1 selected
04:06:39.525 [qtp399373008-62] DEBUG org.eclipse.jetty.io.ManagedSelector - Selector sun.nio.ch.EPollSelectorImpl@3ae8fa07 processing 0 keys, 1 updates
04:06:39.525 [qtp399373008-62] DEBUG org.eclipse.jetty.io.ManagedSelector - updateable 1
04:06:39.525 [qtp399373008-62] DEBUG org.eclipse.jetty.io.ManagedSelector - update org.eclipse.jetty.io.ChannelEndPoint$$Lambda$255/2121444922@768bd7b6
04:06:39.525 [qtp399373008-56] DEBUG org.eclipse.jetty.io.ssl.SslConnection - <c.onFillable SslConnection@3a58749b::SocketChannelEndPoint@78f83942{l=/127.0.0.1:35537,r=/127.0.0.1:60862,OPEN,fill=FI,flush=-,to=0/30000}{io=0/1,kio=0,kro=1}->SslConnection@3a58749b{NOT_HANDSHAKING,eio=-1/-1,di=-1,fill=INTERESTED,flush=IDLE}~>DecryptedEndPoint@18d7c60d{l=/127.0.0.1:35537,r=/127.0.0.1:60862,OPEN,fill=FI,flush=-,to=0/30000}=>HttpConnection@6268d070[p=HttpParser{s=START,0 of -1},g=HttpGenerator@1c993a73{s=START}]=>HttpChannelOverHttp@49cac695{s=HttpChannelState@215cd94d{s=IDLE rs=BLOCKING os=OPEN is=IDLE awp=false se=false i=true al=0},r=1,c=false/false,a=IDLE,uri=null,age=0}
04:06:39.525 [qtp399373008-56] DEBUG org.eclipse.jetty.util.thread.ReservedThreadExecutor - ReservedThread@169835cd{RUNNING,thread=Thread[qtp399373008-56,5,main]} was=RUNNING next=RESERVED size=0+2 capacity=8
04:06:39.525 [qtp399373008-56] DEBUG org.eclipse.jetty.util.thread.ReservedThreadExecutor - ReservedThread@169835cd{RESERVED,thread=Thread[qtp399373008-56,5,main]} waiting ReservedThreadExecutor@424fd310{reserved=2/8,pending=0}
04:06:39.525 [qtp399373008-62] DEBUG org.eclipse.jetty.io.ChannelEndPoint - Key interests updated 0 -> 1 on SocketChannelEndPoint@78f83942{l=/127.0.0.1:35537,r=/127.0.0.1:60862,OPEN,fill=FI,flush=-,to=0/30000}{io=1/1,kio=1,kro=1}->SslConnection@3a58749b{NOT_HANDSHAKING,eio=-1/-1,di=-1,fill=INTERESTED,flush=IDLE}~>DecryptedEndPoint@18d7c60d{l=/127.0.0.1:35537,r=/127.0.0.1:60862,OPEN,fill=FI,flush=-,to=0/30000}=>HttpConnection@6268d070[p=HttpParser{s=START,0 of -1},g=HttpGenerator@1c993a73{s=START}]=>HttpChannelOverHttp@49cac695{s=HttpChannelState@215cd94d{s=IDLE rs=BLOCKING os=OPEN is=IDLE awp=false se=false i=true al=0},r=1,c=false/false,a=IDLE,uri=null,age=0}
04:06:39.525 [qtp399373008-62] DEBUG org.eclipse.jetty.io.ManagedSelector - updates 0
04:06:39.525 [qtp399373008-62] DEBUG org.eclipse.jetty.io.ManagedSelector - Selector sun.nio.ch.EPollSelectorImpl@3ae8fa07 waiting with 1 keys
04:06:39.525 [main] DEBUG org.apache.nifi.minifi.bootstrap.configuration.ingestors.PullHttpChangeIngestor - Attempting to pull new config
04:06:39.526 [qtp399373008-59-acceptor-0@5a85c92-ServerConnector@2374d36a{SSL, (ssl, http/1.1)}{localhost:35537}] DEBUG org.eclipse.jetty.io.ManagedSelector - Queued change lazy=false Accept@6a0aac13[java.nio.channels.SocketChannel[connected local=/127.0.0.1:35537 remote=/127.0.0.1:60868]] on ManagedSelector@4e70a728{STARTED} id=0 keys=0 selected=0 updates=0
04:06:39.526 [qtp399373008-59-acceptor-0@5a85c92-ServerConnector@2374d36a{SSL, (ssl, http/1.1)}{localhost:35537}] DEBUG org.eclipse.jetty.io.ManagedSelector - Wakeup on submit ManagedSelector@4e70a728{STARTED} id=0 keys=0 selected=0 updates=1
04:06:39.526 [qtp399373008-55] DEBUG org.eclipse.jetty.io.ManagedSelector - Selector sun.nio.ch.EPollSelectorImpl@4610b4c4 woken with none selected
04:06:39.526 [qtp399373008-55] DEBUG org.eclipse.jetty.io.ManagedSelector - Selector sun.nio.ch.EPollSelectorImpl@4610b4c4 woken up from select, 0/0/0 selected
04:06:39.526 [qtp399373008-55] DEBUG org.eclipse.jetty.io.ManagedSelector - Selector sun.nio.ch.EPollSelectorImpl@4610b4c4 processing 0 keys, 1 updates
04:06:39.526 [qtp399373008-55] DEBUG org.eclipse.jetty.io.ManagedSelector - updateable 1
04:06:39.529 [qtp399373008-55] DEBUG org.eclipse.jetty.io.ManagedSelector - update Accept@6a0aac13[java.nio.channels.SocketChannel[connected local=/127.0.0.1:35537 remote=/127.0.0.1:60868]]
04:06:39.529 [qtp399373008-55] DEBUG org.eclipse.jetty.util.thread.QueuedThreadPool - queue Accept@6a0aac13[java.nio.channels.SocketChannel[connected local=/127.0.0.1:35537 remote=/127.0.0.1:60868]] startThread=0
04:06:39.529 [qtp399373008-55] DEBUG org.eclipse.jetty.io.ManagedSelector - updates 0
04:06:39.529 [qtp399373008-55] DEBUG org.eclipse.jetty.io.ManagedSelector - Selector sun.nio.ch.EPollSelectorImpl@4610b4c4 waiting with 1 keys
04:06:39.529 [qtp399373008-58] DEBUG org.eclipse.jetty.util.thread.QueuedThreadPool - run Accept@6a0aac13[java.nio.channels.SocketChannel[connected local=/127.0.0.1:35537 remote=/127.0.0.1:60868]] in QueuedThreadPool[qtp399373008]@17cdf2d0{STARTED,8<=8<=200,i=0,r=-1,q=0}[ReservedThreadExecutor@424fd310{reserved=2/8,pending=0}]
04:06:39.529 [qtp399373008-58] DEBUG org.eclipse.jetty.io.IdleTimeout - SocketChannelEndPoint@7bd5f03c{l=/127.0.0.1:35537,r=/127.0.0.1:60868,OPEN,fill=-,flush=-,to=0/30000}{io=0/0,kio=0,kro=0}-><null> idle timeout check, elapsed: 0 ms, remaining: 30000 ms
04:06:39.529 [qtp399373008-58] DEBUG org.eclipse.jetty.util.ssl.SslContextFactory - Customize sun.security.ssl.SSLEngineImpl@37a14526
04:06:39.530 [qtp399373008-58] DEBUG org.eclipse.jetty.server.HttpChannel - new HttpChannelOverHttp@4a64a917{s=HttpChannelState@4ffa42a0{s=IDLE rs=BLOCKING os=OPEN is=IDLE awp=false se=false i=true al=0},r=0,c=false/false,a=IDLE,uri=null,age=0} -> DecryptedEndPoint@1bfa0f73{l=/127.0.0.1:35537,r=/127.0.0.1:60868,OPEN,fill=-,flush=-,to=0/30000},null,HttpChannelState@4ffa42a0{s=IDLE rs=BLOCKING os=OPEN is=IDLE awp=false se=false i=true al=0}
04:06:39.530 [qtp399373008-58] DEBUG org.eclipse.jetty.server.HttpConnection - New HTTP Connection HttpConnection@26cff15f::DecryptedEndPoint@1bfa0f73{l=/127.0.0.1:35537,r=/127.0.0.1:60868,OPEN,fill=-,flush=-,to=0/30000}
04:06:39.530 [qtp399373008-58] DEBUG org.eclipse.jetty.io.ManagedSelector - Queued change lazy=true org.eclipse.jetty.io.ManagedSelector$$Lambda$258/2107212988@498cd880 on ManagedSelector@4e70a728{STARTED} id=0 keys=1 selected=0 updates=0
04:06:39.530 [qtp399373008-58] DEBUG org.eclipse.jetty.io.AbstractEndPoint - onOpen SocketChannelEndPoint@7bd5f03c{l=/127.0.0.1:35537,r=/127.0.0.1:60868,OPEN,fill=-,flush=-,to=0/30000}{io=0/0,kio=0,kro=0}->SslConnection@54fe6c53{NOT_HANDSHAKING,eio=-1/-1,di=-1,fill=IDLE,flush=IDLE}~>DecryptedEndPoint@1bfa0f73{l=/127.0.0.1:35537,r=/127.0.0.1:60868,OPEN,fill=-,flush=-,to=0/30000}=>HttpConnection@26cff15f[p=HttpParser{s=START,0 of -1},g=HttpGenerator@1fb47028{s=START}]=>HttpChannelOverHttp@4a64a917{s=HttpChannelState@4ffa42a0{s=IDLE rs=BLOCKING os=OPEN is=IDLE awp=false se=false i=true al=0},r=0,c=false/false,a=IDLE,uri=null,age=0}
04:06:39.530 [qtp399373008-58] DEBUG org.eclipse.jetty.io.AbstractConnection - onOpen SslConnection@54fe6c53::SocketChannelEndPoint@7bd5f03c{l=/127.0.0.1:35537,r=/127.0.0.1:60868,OPEN,fill=-,flush=-,to=0/30000}{io=0/0,kio=0,kro=0}->SslConnection@54fe6c53{NOT_HANDSHAKING,eio=-1/-1,di=-1,fill=IDLE,flush=IDLE}~>DecryptedEndPoint@1bfa0f73{l=/127.0.0.1:35537,r=/127.0.0.1:60868,OPEN,fill=-,flush=-,to=0/30000}=>HttpConnection@26cff15f[p=HttpParser{s=START,0 of -1},g=HttpGenerator@1fb47028{s=START}]=>HttpChannelOverHttp@4a64a917{s=HttpChannelState@4ffa42a0{s=IDLE rs=BLOCKING os=OPEN is=IDLE awp=false se=false i=true al=0},r=0,c=false/false,a=IDLE,uri=null,age=0}
04:06:39.530 [qtp399373008-58] DEBUG org.eclipse.jetty.io.AbstractConnection - onOpen HttpConnection@26cff15f::DecryptedEndPoint@1bfa0f73{l=/127.0.0.1:35537,r=/127.0.0.1:60868,OPEN,fill=-,flush=-,to=0/30000}
04:06:39.530 [qtp399373008-58] DEBUG org.eclipse.jetty.io.AbstractConnection - fillInterested HttpConnection@26cff15f::DecryptedEndPoint@1bfa0f73{l=/127.0.0.1:35537,r=/127.0.0.1:60868,OPEN,fill=-,flush=-,to=0/30000}
04:06:39.530 [qtp399373008-58] DEBUG org.eclipse.jetty.io.FillInterest - interested FillInterest@46282f88{AC.ReadCB@26cff15f{HttpConnection@26cff15f::DecryptedEndPoint@1bfa0f73{l=/127.0.0.1:35537,r=/127.0.0.1:60868,OPEN,fill=FI,flush=-,to=0/30000}}}
04:06:39.530 [qtp399373008-58] DEBUG org.eclipse.jetty.io.ssl.SslConnection - >needFillInterest s=IDLE/IDLE uf=false ei=null di=null SslConnection@54fe6c53::SocketChannelEndPoint@7bd5f03c{l=/127.0.0.1:35537,r=/127.0.0.1:60868,OPEN,fill=-,flush=-,to=0/30000}{io=0/0,kio=0,kro=0}->SslConnection@54fe6c53{NOT_HANDSHAKING,eio=-1/-1,di=-1,fill=IDLE,flush=IDLE}~>DecryptedEndPoint@1bfa0f73{l=/127.0.0.1:35537,r=/127.0.0.1:60868,OPEN,fill=FI,flush=-,to=0/30000}=>HttpConnection@26cff15f[p=HttpParser{s=START,0 of -1},g=HttpGenerator@1fb47028{s=START}]=>HttpChannelOverHttp@4a64a917{s=HttpChannelState@4ffa42a0{s=IDLE rs=BLOCKING os=OPEN is=IDLE awp=false se=false i=true al=0},r=0,c=false/false,a=IDLE,uri=null,age=0}
04:06:39.530 [qtp399373008-58] DEBUG org.eclipse.jetty.io.ssl.SslConnection - <needFillInterest s=IDLE/INTERESTED f=false i=true w=null
04:06:39.530 [qtp399373008-58] DEBUG org.eclipse.jetty.io.ssl.SslConnection - ensureFillInterested SslConnection@54fe6c53::SocketChannelEndPoint@7bd5f03c{l=/127.0.0.1:35537,r=/127.0.0.1:60868,OPEN,fill=-,flush=-,to=0/30000}{io=0/0,kio=0,kro=0}->SslConnection@54fe6c53{NOT_HANDSHAKING,eio=-1/-1,di=-1,fill=INTERESTED,flush=IDLE}~>DecryptedEndPoint@1bfa0f73{l=/127.0.0.1:35537,r=/127.0.0.1:60868,OPEN,fill=FI,flush=-,to=0/30000}=>HttpConnection@26cff15f[p=HttpParser{s=START,0 of -1},g=HttpGenerator@1fb47028{s=START}]=>HttpChannelOverHttp@4a64a917{s=HttpChannelState@4ffa42a0{s=IDLE rs=BLOCKING os=OPEN is=IDLE awp=false se=false i=true al=0},r=0,c=false/false,a=IDLE,uri=null,age=0}
04:06:39.530 [qtp399373008-58] DEBUG org.eclipse.jetty.io.FillInterest - interested FillInterest@69cfb715{SSLC.NBReadCB@54fe6c53{SslConnection@54fe6c53::SocketChannelEndPoint@7bd5f03c{l=/127.0.0.1:35537,r=/127.0.0.1:60868,OPEN,fill=FI,flush=-,to=0/30000}{io=0/0,kio=0,kro=0}->SslConnection@54fe6c53{NOT_HANDSHAKING,eio=-1/-1,di=-1,fill=INTERESTED,flush=IDLE}~>DecryptedEndPoint@1bfa0f73{l=/127.0.0.1:35537,r=/127.0.0.1:60868,OPEN,fill=FI,flush=-,to=0/30000}=>HttpConnection@26cff15f[p=HttpParser{s=START,0 of -1},g=HttpGenerator@1fb47028{s=START}]=>HttpChannelOverHttp@4a64a917{s=HttpChannelState@4ffa42a0{s=IDLE rs=BLOCKING os=OPEN is=IDLE awp=false se=false i=true al=0},r=0,c=false/false,a=IDLE,uri=null,age=0}}}
04:06:39.530 [qtp399373008-58] DEBUG org.eclipse.jetty.io.ChannelEndPoint - changeInterests p=false 0->1 for SocketChannelEndPoint@7bd5f03c{l=/127.0.0.1:35537,r=/127.0.0.1:60868,OPEN,fill=FI,flush=-,to=0/30000}{io=0/1,kio=0,kro=0}->SslConnection@54fe6c53{NOT_HANDSHAKING,eio=-1/-1,di=-1,fill=INTERESTED,flush=IDLE}~>DecryptedEndPoint@1bfa0f73{l=/127.0.0.1:35537,r=/127.0.0.1:60868,OPEN,fill=FI,flush=-,to=0/30000}=>HttpConnection@26cff15f[p=HttpParser{s=START,0 of -1},g=HttpGenerator@1fb47028{s=START}]=>HttpChannelOverHttp@4a64a917{s=HttpChannelState@4ffa42a0{s=IDLE rs=BLOCKING os=OPEN is=IDLE awp=false se=false i=true al=0},r=0,c=false/false,a=IDLE,uri=null,age=0}
04:06:39.530 [qtp399373008-58] DEBUG org.eclipse.jetty.io.ManagedSelector - Queued change lazy=false org.eclipse.jetty.io.ChannelEndPoint$$Lambda$255/2121444922@4ef4c28b on ManagedSelector@4e70a728{STARTED} id=0 keys=1 selected=0 updates=1
04:06:39.530 [qtp399373008-58] DEBUG org.eclipse.jetty.io.ManagedSelector - Wakeup on submit ManagedSelector@4e70a728{STARTED} id=0 keys=1 selected=0 updates=2
04:06:39.530 [qtp399373008-55] DEBUG org.eclipse.jetty.io.ManagedSelector - Selector sun.nio.ch.EPollSelectorImpl@4610b4c4 woken with none selected
04:06:39.530 [qtp399373008-55] DEBUG org.eclipse.jetty.io.ManagedSelector - Selector sun.nio.ch.EPollSelectorImpl@4610b4c4 woken up from select, 0/0/1 selected
04:06:39.530 [qtp399373008-55] DEBUG org.eclipse.jetty.io.ManagedSelector - Selector sun.nio.ch.EPollSelectorImpl@4610b4c4 processing 0 keys, 2 updates
04:06:39.530 [qtp399373008-58] DEBUG org.eclipse.jetty.io.ManagedSelector - Created SocketChannelEndPoint@7bd5f03c{l=/127.0.0.1:35537,r=/127.0.0.1:60868,OPEN,fill=FI,flush=-,to=0/30000}{io=0/1,kio=0,kro=0}->SslConnection@54fe6c53{NOT_HANDSHAKING,eio=-1/-1,di=-1,fill=INTERESTED,flush=IDLE}~>DecryptedEndPoint@1bfa0f73{l=/127.0.0.1:35537,r=/127.0.0.1:60868,OPEN,fill=FI,flush=-,to=0/30000}=>HttpConnection@26cff15f[p=HttpParser{s=START,0 of -1},g=HttpGenerator@1fb47028{s=START}]=>HttpChannelOverHttp@4a64a917{s=HttpChannelState@4ffa42a0{s=IDLE rs=BLOCKING os=OPEN is=IDLE awp=false se=false i=true al=0},r=0,c=false/false,a=IDLE,uri=null,age=0}
04:06:39.530 [qtp399373008-55] DEBUG org.eclipse.jetty.io.ManagedSelector - updateable 2
04:06:39.530 [qtp399373008-55] DEBUG org.eclipse.jetty.io.ManagedSelector - update org.eclipse.jetty.io.ManagedSelector$$Lambda$258/2107212988@498cd880
04:06:39.530 [qtp399373008-55] DEBUG org.eclipse.jetty.io.ManagedSelector - update org.eclipse.jetty.io.ChannelEndPoint$$Lambda$255/2121444922@4ef4c28b
04:06:39.530 [qtp399373008-58] DEBUG org.eclipse.jetty.util.thread.QueuedThreadPool - ran Accept@6a0aac13[java.nio.channels.SocketChannel[connected local=/127.0.0.1:35537 remote=/127.0.0.1:60868]] in QueuedThreadPool[qtp399373008]@17cdf2d0{STARTED,8<=8<=200,i=0,r=-1,q=0}[ReservedThreadExecutor@424fd310{reserved=2/8,pending=0}]
04:06:39.530 [qtp399373008-55] DEBUG org.eclipse.jetty.io.ChannelEndPoint - Key interests updated 0 -> 1 on SocketChannelEndPoint@7bd5f03c{l=/127.0.0.1:35537,r=/127.0.0.1:60868,OPEN,fill=FI,flush=-,to=0/30000}{io=1/1,kio=1,kro=0}->SslConnection@54fe6c53{NOT_HANDSHAKING,eio=-1/-1,di=-1,fill=INTERESTED,flush=IDLE}~>DecryptedEndPoint@1bfa0f73{l=/127.0.0.1:35537,r=/127.0.0.1:60868,OPEN,fill=FI,flush=-,to=0/30000}=>HttpConnection@26cff15f[p=HttpParser{s=START,0 of -1},g=HttpGenerator@1fb47028{s=START}]=>HttpChannelOverHttp@4a64a917{s=HttpChannelState@4ffa42a0{s=IDLE rs=BLOCKING os=OPEN is=IDLE awp=false se=false i=true al=0},r=0,c=false/false,a=IDLE,uri=null,age=0}
04:06:39.530 [qtp399373008-55] DEBUG org.eclipse.jetty.io.ManagedSelector - updates 0
04:06:39.530 [qtp399373008-55] DEBUG org.eclipse.jetty.io.ManagedSelector - Selector sun.nio.ch.EPollSelectorImpl@4610b4c4 waiting with 1 keys
04:06:39.531 [qtp399373008-55] DEBUG org.eclipse.jetty.io.ManagedSelector - Selector sun.nio.ch.EPollSelectorImpl@4610b4c4 woken up from select, 1/1/1 selected
04:06:39.531 [qtp399373008-55] DEBUG org.eclipse.jetty.io.ManagedSelector - Selector sun.nio.ch.EPollSelectorImpl@4610b4c4 processing 1 keys, 0 updates
04:06:39.531 [qtp399373008-55] DEBUG org.eclipse.jetty.io.ManagedSelector - selected 1 sun.nio.ch.SelectionKeyImpl@422f28de SocketChannelEndPoint@7bd5f03c{l=/127.0.0.1:35537,r=/127.0.0.1:60868,OPEN,fill=FI,flush=-,to=0/30000}{io=1/1,kio=1,kro=1}->SslConnection@54fe6c53{NOT_HANDSHAKING,eio=-1/-1,di=-1,fill=INTERESTED,flush=IDLE}~>DecryptedEndPoint@1bfa0f73{l=/127.0.0.1:35537,r=/127.0.0.1:60868,OPEN,fill=FI,flush=-,to=0/30000}=>HttpConnection@26cff15f[p=HttpParser{s=START,0 of -1},g=HttpGenerator@1fb47028{s=START}]=>HttpChannelOverHttp@4a64a917{s=HttpChannelState@4ffa42a0{s=IDLE rs=BLOCKING os=OPEN is=IDLE awp=false se=false i=true al=0},r=0,c=false/false,a=IDLE,uri=null,age=0} 
04:06:39.531 [qtp399373008-55] DEBUG org.eclipse.jetty.io.ChannelEndPoint - onSelected 1->0 r=true w=false for SocketChannelEndPoint@7bd5f03c{l=/127.0.0.1:35537,r=/127.0.0.1:60868,OPEN,fill=FI,flush=-,to=0/30000}{io=1/0,kio=1,kro=1}->SslConnection@54fe6c53{NOT_HANDSHAKING,eio=-1/-1,di=-1,fill=INTERESTED,flush=IDLE}~>DecryptedEndPoint@1bfa0f73{l=/127.0.0.1:35537,r=/127.0.0.1:60868,OPEN,fill=FI,flush=-,to=1/30000}=>HttpConnection@26cff15f[p=HttpParser{s=START,0 of -1},g=HttpGenerator@1fb47028{s=START}]=>HttpChannelOverHttp@4a64a917{s=HttpChannelState@4ffa42a0{s=IDLE rs=BLOCKING os=OPEN is=IDLE awp=false se=false i=true al=0},r=0,c=false/false,a=IDLE,uri=null,age=0}
04:06:39.531 [qtp399373008-55] DEBUG org.eclipse.jetty.io.ChannelEndPoint - task CEP:SocketChannelEndPoint@7bd5f03c{l=/127.0.0.1:35537,r=/127.0.0.1:60868,OPEN,fill=FI,flush=-,to=0/30000}{io=1/0,kio=1,kro=1}->SslConnection@54fe6c53{NOT_HANDSHAKING,eio=-1/-1,di=-1,fill=INTERESTED,flush=IDLE}~>DecryptedEndPoint@1bfa0f73{l=/127.0.0.1:35537,r=/127.0.0.1:60868,OPEN,fill=FI,flush=-,to=1/30000}=>HttpConnection@26cff15f[p=HttpParser{s=START,0 of -1},g=HttpGenerator@1fb47028{s=START}]=>HttpChannelOverHttp@4a64a917{s=HttpChannelState@4ffa42a0{s=IDLE rs=BLOCKING os=OPEN is=IDLE awp=false se=false i=true al=0},r=0,c=false/false,a=IDLE,uri=null,age=0}:runFillable:BLOCKING
04:06:39.531 [qtp399373008-55] DEBUG org.eclipse.jetty.util.thread.ReservedThreadExecutor - ReservedThreadExecutor@424fd310{reserved=2/8,pending=0} tryExecute EatWhatYouKill@4e858e0a/SelectorProducer@435fb7b5/PRODUCING/p=false/QueuedThreadPool[qtp399373008]@17cdf2d0{STARTED,8<=8<=200,i=1,r=-1,q=0}[ReservedThreadExecutor@424fd310{reserved=2/8,pending=0}][pc=0,pic=0,pec=0,epc=0]@2024-05-02T04:06:39.531+01:00
04:06:39.531 [qtp399373008-56] DEBUG org.eclipse.jetty.util.thread.ReservedThreadExecutor - ReservedThread@169835cd{RESERVED,thread=Thread[qtp399373008-56,5,main]} task=EatWhatYouKill@4e858e0a/SelectorProducer@435fb7b5/IDLE/p=true/QueuedThreadPool[qtp399373008]@17cdf2d0{STARTED,8<=8<=200,i=1,r=-1,q=0}[ReservedThreadExecutor@424fd310{reserved=1/8,pending=0}][pc=0,pic=0,pec=0,epc=0]@2024-05-02T04:06:39.531+01:00 ReservedThreadExecutor@424fd310{reserved=1/8,pending=0}
04:06:39.531 [qtp399373008-55] DEBUG org.eclipse.jetty.util.thread.strategy.EatWhatYouKill - EatWhatYouKill@4e858e0a/SelectorProducer@435fb7b5/IDLE/p=true/QueuedThreadPool[qtp399373008]@17cdf2d0{STARTED,8<=8<=200,i=1,r=-1,q=0}[ReservedThreadExecutor@424fd310{reserved=1/8,pending=0}][pc=0,pic=0,pec=0,epc=0]@2024-05-02T04:06:39.531+01:00 m=EXECUTE_PRODUCE_CONSUME t=CEP:SocketChannelEndPoint@7bd5f03c{l=/127.0.0.1:35537,r=/127.0.0.1:60868,OPEN,fill=FI,flush=-,to=1/30000}{io=1/0,kio=1,kro=1}->SslConnection@54fe6c53{NOT_HANDSHAKING,eio=-1/-1,di=-1,fill=INTERESTED,flush=IDLE}~>DecryptedEndPoint@1bfa0f73{l=/127.0.0.1:35537,r=/127.0.0.1:60868,OPEN,fill=FI,flush=-,to=1/30000}=>HttpConnection@26cff15f[p=HttpParser{s=START,0 of -1},g=HttpGenerator@1fb47028{s=START}]=>HttpChannelOverHttp@4a64a917{s=HttpChannelState@4ffa42a0{s=IDLE rs=BLOCKING os=OPEN is=IDLE awp=false se=false i=true al=0},r=0,c=false/false,a=IDLE,uri=null,age=0}:runFillable:BLOCKING/BLOCKING
04:06:39.531 [qtp399373008-56] DEBUG org.eclipse.jetty.util.thread.strategy.EatWhatYouKill - EatWhatYouKill@4e858e0a/SelectorProducer@435fb7b5/IDLE/p=true/QueuedThreadPool[qtp399373008]@17cdf2d0{STARTED,8<=8<=200,i=1,r=-1,q=0}[ReservedThreadExecutor@424fd310{reserved=1/8,pending=0}][pc=0,pic=0,pec=0,epc=0]@2024-05-02T04:06:39.531+01:00 tryProduce true
04:06:39.531 [qtp399373008-56] DEBUG org.eclipse.jetty.io.ManagedSelector - updateable 0
04:06:39.531 [qtp399373008-56] DEBUG org.eclipse.jetty.io.ManagedSelector - updates 0
04:06:39.531 [qtp399373008-55] DEBUG org.eclipse.jetty.io.FillInterest - fillable FillInterest@69cfb715{SSLC.NBReadCB@54fe6c53{SslConnection@54fe6c53::SocketChannelEndPoint@7bd5f03c{l=/127.0.0.1:35537,r=/127.0.0.1:60868,OPEN,fill=FI,flush=-,to=1/30000}{io=1/0,kio=1,kro=1}->SslConnection@54fe6c53{NOT_HANDSHAKING,eio=-1/-1,di=-1,fill=INTERESTED,flush=IDLE}~>DecryptedEndPoint@1bfa0f73{l=/127.0.0.1:35537,r=/127.0.0.1:60868,OPEN,fill=FI,flush=-,to=1/30000}=>HttpConnection@26cff15f[p=HttpParser{s=START,0 of -1},g=HttpGenerator@1fb47028{s=START}]=>HttpChannelOverHttp@4a64a917{s=HttpChannelState@4ffa42a0{s=IDLE rs=BLOCKING os=OPEN is=IDLE awp=false se=false i=true al=0},r=0,c=false/false,a=IDLE,uri=null,age=0}}}
04:06:39.532 [qtp399373008-56] DEBUG org.eclipse.jetty.io.ChannelEndPoint - Key interests updated 1 -> 0 on SocketChannelEndPoint@7bd5f03c{l=/127.0.0.1:35537,r=/127.0.0.1:60868,OPEN,fill=-,flush=-,to=1/30000}{io=0/0,kio=0,kro=1}->SslConnection@54fe6c53{NOT_HANDSHAKING,eio=-1/-1,di=-1,fill=INTERESTED,flush=IDLE}~>DecryptedEndPoint@1bfa0f73{l=/127.0.0.1:35537,r=/127.0.0.1:60868,OPEN,fill=FI,flush=-,to=1/30000}=>HttpConnection@26cff15f[p=HttpParser{s=START,0 of -1},g=HttpGenerator@1fb47028{s=START}]=>HttpChannelOverHttp@4a64a917{s=HttpChannelState@4ffa42a0{s=IDLE rs=BLOCKING os=OPEN is=IDLE awp=false se=false i=true al=0},r=0,c=false/false,a=IDLE,uri=null,age=0}
04:06:39.532 [qtp399373008-55] DEBUG org.eclipse.jetty.io.ssl.SslConnection - >c.onFillable SslConnection@54fe6c53::SocketChannelEndPoint@7bd5f03c{l=/127.0.0.1:35537,r=/127.0.0.1:60868,OPEN,fill=-,flush=-,to=1/30000}{io=0/0,kio=0,kro=1}->SslConnection@54fe6c53{NOT_HANDSHAKING,eio=-1/-1,di=-1,fill=INTERESTED,flush=IDLE}~>DecryptedEndPoint@1bfa0f73{l=/127.0.0.1:35537,r=/127.0.0.1:60868,OPEN,fill=FI,flush=-,to=1/30000}=>HttpConnection@26cff15f[p=HttpParser{s=START,0 of -1},g=HttpGenerator@1fb47028{s=START}]=>HttpChannelOverHttp@4a64a917{s=HttpChannelState@4ffa42a0{s=IDLE rs=BLOCKING os=OPEN is=IDLE awp=false se=false i=true al=0},r=0,c=false/false,a=IDLE,uri=null,age=0}
04:06:39.532 [qtp399373008-56] DEBUG org.eclipse.jetty.io.ManagedSelector - Selector sun.nio.ch.EPollSelectorImpl@4610b4c4 waiting with 1 keys
04:06:39.532 [qtp399373008-55] DEBUG org.eclipse.jetty.io.ssl.SslConnection - onFillable SslConnection@54fe6c53::SocketChannelEndPoint@7bd5f03c{l=/127.0.0.1:35537,r=/127.0.0.1:60868,OPEN,fill=-,flush=-,to=1/30000}{io=0/0,kio=0,kro=1}->SslConnection@54fe6c53{NOT_HANDSHAKING,eio=-1/-1,di=-1,fill=INTERESTED,flush=IDLE}~>DecryptedEndPoint@1bfa0f73{l=/127.0.0.1:35537,r=/127.0.0.1:60868,OPEN,fill=FI,flush=-,to=1/30000}=>HttpConnection@26cff15f[p=HttpParser{s=START,0 of -1},g=HttpGenerator@1fb47028{s=START}]=>HttpChannelOverHttp@4a64a917{s=HttpChannelState@4ffa42a0{s=IDLE rs=BLOCKING os=OPEN is=IDLE awp=false se=false i=true al=0},r=0,c=false/false,a=IDLE,uri=null,age=0}
04:06:39.532 [qtp399373008-55] DEBUG org.eclipse.jetty.io.FillInterest - fillable FillInterest@46282f88{AC.ReadCB@26cff15f{HttpConnection@26cff15f::DecryptedEndPoint@1bfa0f73{l=/127.0.0.1:35537,r=/127.0.0.1:60868,OPEN,fill=FI,flush=-,to=2/30000}}}
04:06:39.532 [qtp399373008-55] DEBUG org.eclipse.jetty.server.HttpConnection - HttpConnection@26cff15f::DecryptedEndPoint@1bfa0f73{l=/127.0.0.1:35537,r=/127.0.0.1:60868,OPEN,fill=-,flush=-,to=2/30000} onFillable enter HttpChannelState@4ffa42a0{s=IDLE rs=BLOCKING os=OPEN is=IDLE awp=false se=false i=true al=0} null
04:06:39.532 [qtp399373008-55] DEBUG org.eclipse.jetty.io.ssl.SslConnection - >fill SslConnection@54fe6c53::SocketChannelEndPoint@7bd5f03c{l=/127.0.0.1:35537,r=/127.0.0.1:60868,OPEN,fill=-,flush=-,to=2/30000}{io=0/0,kio=0,kro=1}->SslConnection@54fe6c53{NOT_HANDSHAKING,eio=-1/-1,di=-1,fill=IDLE,flush=IDLE}~>DecryptedEndPoint@1bfa0f73{l=/127.0.0.1:35537,r=/127.0.0.1:60868,OPEN,fill=-,flush=-,to=2/30000}=>HttpConnection@26cff15f[p=HttpParser{s=START,0 of -1},g=HttpGenerator@1fb47028{s=START}]=>HttpChannelOverHttp@4a64a917{s=HttpChannelState@4ffa42a0{s=IDLE rs=BLOCKING os=OPEN is=IDLE awp=false se=false i=true al=0},r=0,c=false/false,a=IDLE,uri=null,age=0}
04:06:39.532 [qtp399373008-55] DEBUG org.eclipse.jetty.io.ssl.SslConnection - fill NOT_HANDSHAKING
04:06:39.532 [qtp399373008-55] DEBUG org.eclipse.jetty.io.ChannelEndPoint - filled 339 HeapByteBuffer@3303dde5[p=0,l=339,c=17408,r=339]={<<<\x16\x03\x03\x01N\x01\x00\x01J\x03\x03\x9f\x81\xE4m>\xD1\x8d\x8c\x04!\xE6\xD1\x86{...C\x15\x1d!\xC5-\xFe\xFd\xB7\xE1\xDb\x96z3\xAc\xDf" \xFf\x01\x00\x01\x00>>>\xF9\xFb}{\xC0\xFag\xC6G...\x00\x00\x00\x00\x00\x00\x00}
04:06:39.533 [qtp399373008-55] DEBUG org.eclipse.jetty.io.ssl.SslConnection - net filled=339
04:06:39.533 [qtp399373008-55] DEBUG org.eclipse.jetty.io.ssl.SslConnection - fill starting handshake SslConnection@54fe6c53::SocketChannelEndPoint@7bd5f03c{l=/127.0.0.1:35537,r=/127.0.0.1:60868,OPEN,fill=-,flush=-,to=0/30000}{io=0/0,kio=0,kro=1}->SslConnection@54fe6c53{NOT_HANDSHAKING,eio=339/-1,di=-1,fill=IDLE,flush=IDLE}~>DecryptedEndPoint@1bfa0f73{l=/127.0.0.1:35537,r=/127.0.0.1:60868,OPEN,fill=-,flush=-,to=2/30000}=>HttpConnection@26cff15f[p=HttpParser{s=START,0 of -1},g=HttpGenerator@1fb47028{s=START}]=>HttpChannelOverHttp@4a64a917{s=HttpChannelState@4ffa42a0{s=IDLE rs=BLOCKING os=OPEN is=IDLE awp=false se=false i=true al=0},r=0,c=false/false,a=IDLE,uri=null,age=0}
04:06:39.533 [qtp399373008-55] DEBUG org.eclipse.jetty.io.ssl.SslConnection - unwrap net_filled=339 Status = OK HandshakeStatus = NEED_TASK bytesConsumed = 339 bytesProduced = 0 encryptedBuffer=[p=339,l=339,c=17408,r=0] unwrapBuffer=HeapByteBuffer@3dc4242d[p=0,l=0,c=17408,r=0]={<<<>>>\x17\x03\x03\x00\xC9fh\xF8\xEb...\x00\x00\x00\x00\x00\x00\x00} appBuffer=HeapByteBuffer@3dc4242d[p=0,l=0,c=17408,r=0]={<<<>>>\x17\x03\x03\x00\xC9fh\xF8\xEb...\x00\x00\x00\x00\x00\x00\x00}
04:06:39.533 [qtp399373008-55] DEBUG org.eclipse.jetty.io.ssl.SslConnection - fill NEED_TASK
04:06:39.539 [qtp399373008-55] DEBUG org.eclipse.jetty.io.ssl.SslConnection - fill NEED_WRAP
04:06:39.539 [qtp399373008-55] DEBUG org.eclipse.jetty.io.ssl.SslConnection - >flush SslConnection@54fe6c53::SocketChannelEndPoint@7bd5f03c{l=/127.0.0.1:35537,r=/127.0.0.1:60868,OPEN,fill=-,flush=-,to=6/30000}{io=0/0,kio=0,kro=1}->SslConnection@54fe6c53{NEED_WRAP,eio=0/-1,di=-1,fill=IDLE,flush=IDLE}~>DecryptedEndPoint@1bfa0f73{l=/127.0.0.1:35537,r=/127.0.0.1:60868,OPEN,fill=-,flush=-,to=9/30000}=>HttpConnection@26cff15f[p=HttpParser{s=START,0 of -1},g=HttpGenerator@1fb47028{s=START}]=>HttpChannelOverHttp@4a64a917{s=HttpChannelState@4ffa42a0{s=IDLE rs=BLOCKING os=OPEN is=IDLE awp=false se=false i=true al=0},r=0,c=false/false,a=IDLE,uri=null,age=0}
04:06:39.539 [qtp399373008-55] DEBUG org.eclipse.jetty.io.ssl.SslConnection - flush b[0]=HeapByteBuffer@38928dbe[p=0,l=0,c=0,r=0]={<<<>>>}
04:06:39.539 [qtp399373008-55] DEBUG org.eclipse.jetty.io.ssl.SslConnection - flush NEED_WRAP
04:06:39.539 [qtp399373008-55] DEBUG org.eclipse.jetty.io.ssl.SslConnection - wrap Status = OK HandshakeStatus = NEED_WRAP bytesConsumed = 0 bytesProduced = 160 [p=0,l=160,c=17408,r=160] ioDone=false/false
04:06:39.540 [qtp399373008-55] DEBUG org.eclipse.jetty.io.ChannelEndPoint - flushed 160 SocketChannelEndPoint@7bd5f03c{l=/127.0.0.1:35537,r=/127.0.0.1:60868,OPEN,fill=-,flush=-,to=7/30000}{io=0/0,kio=0,kro=1}->SslConnection@54fe6c53{NEED_WRAP,eio=0/0,di=-1,fill=IDLE,flush=IDLE}~>DecryptedEndPoint@1bfa0f73{l=/127.0.0.1:35537,r=/127.0.0.1:60868,OPEN,fill=-,flush=-,to=9/30000}=>HttpConnection@26cff15f[p=HttpParser{s=START,0 of -1},g=HttpGenerator@1fb47028{s=START}]=>HttpChannelOverHttp@4a64a917{s=HttpChannelState@4ffa42a0{s=IDLE rs=BLOCKING os=OPEN is=IDLE awp=false se=false i=true al=0},r=0,c=false/false,a=IDLE,uri=null,age=0}
04:06:39.540 [qtp399373008-55] DEBUG org.eclipse.jetty.io.ssl.SslConnection - net flushed=true, ac=true
04:06:39.540 [qtp399373008-55] DEBUG org.eclipse.jetty.io.ssl.SslConnection - flush NEED_WRAP
04:06:39.540 [qtp399373008-55] DEBUG org.eclipse.jetty.io.ssl.SslConnection - wrap Status = OK HandshakeStatus = NEED_WRAP bytesConsumed = 0 bytesProduced = 6 [p=0,l=6,c=17408,r=6] ioDone=false/false
04:06:39.540 [qtp399373008-55] DEBUG org.eclipse.jetty.io.ChannelEndPoint - flushed 6 SocketChannelEndPoint@7bd5f03c{l=/127.0.0.1:35537,r=/127.0.0.1:60868,OPEN,fill=-,flush=-,to=0/30000}{io=0/0,kio=0,kro=1}->SslConnection@54fe6c53{NEED_WRAP,eio=0/0,di=-1,fill=IDLE,flush=IDLE}~>DecryptedEndPoint@1bfa0f73{l=/127.0.0.1:35537,r=/127.0.0.1:60868,OPEN,fill=-,flush=-,to=9/30000}=>HttpConnection@26cff15f[p=HttpParser{s=START,0 of -1},g=HttpGenerator@1fb47028{s=START}]=>HttpChannelOverHttp@4a64a917{s=HttpChannelState@4ffa42a0{s=IDLE rs=BLOCKING os=OPEN is=IDLE awp=false se=false i=true al=0},r=0,c=false/false,a=IDLE,uri=null,age=0}
04:06:39.540 [qtp399373008-55] DEBUG org.eclipse.jetty.io.ssl.SslConnection - net flushed=true, ac=true
04:06:39.540 [qtp399373008-55] DEBUG org.eclipse.jetty.io.ssl.SslConnection - flush NEED_WRAP
04:06:39.540 [qtp399373008-55] DEBUG org.eclipse.jetty.io.ssl.SslConnection - wrap Status = OK HandshakeStatus = NEED_UNWRAP bytesConsumed = 0 bytesProduced = 1597 [p=0,l=1597,c=17408,r=1597] ioDone=false/false
04:06:39.540 [qtp399373008-55] DEBUG org.eclipse.jetty.io.ChannelEndPoint - flushed 1597 SocketChannelEndPoint@7bd5f03c{l=/127.0.0.1:35537,r=/127.0.0.1:60868,OPEN,fill=-,flush=-,to=0/30000}{io=0/0,kio=0,kro=1}->SslConnection@54fe6c53{NEED_UNWRAP,eio=0/0,di=-1,fill=IDLE,flush=IDLE}~>DecryptedEndPoint@1bfa0f73{l=/127.0.0.1:35537,r=/127.0.0.1:60868,OPEN,fill=-,flush=-,to=10/30000}=>HttpConnection@26cff15f[p=HttpParser{s=START,0 of -1},g=HttpGenerator@1fb47028{s=START}]=>HttpChannelOverHttp@4a64a917{s=HttpChannelState@4ffa42a0{s=IDLE rs=BLOCKING os=OPEN is=IDLE awp=false se=false i=true al=0},r=0,c=false/false,a=IDLE,uri=null,age=0}
04:06:39.540 [qtp399373008-55] DEBUG org.eclipse.jetty.io.ssl.SslConnection - net flushed=true, ac=true
04:06:39.540 [qtp399373008-55] DEBUG org.eclipse.jetty.io.ssl.SslConnection - <flush true SslConnection@54fe6c53::SocketChannelEndPoint@7bd5f03c{l=/127.0.0.1:35537,r=/127.0.0.1:60868,OPEN,fill=-,flush=-,to=0/30000}{io=0/0,kio=0,kro=1}->SslConnection@54fe6c53{NEED_UNWRAP,eio=0/-1,di=-1,fill=IDLE,flush=IDLE}~>DecryptedEndPoint@1bfa0f73{l=/127.0.0.1:35537,r=/127.0.0.1:60868,OPEN,fill=-,flush=-,to=10/30000}=>HttpConnection@26cff15f[p=HttpParser{s=START,0 of -1},g=HttpGenerator@1fb47028{s=START}]=>HttpChannelOverHttp@4a64a917{s=HttpChannelState@4ffa42a0{s=IDLE rs=BLOCKING os=OPEN is=IDLE awp=false se=false i=true al=0},r=0,c=false/false,a=IDLE,uri=null,age=0}
04:06:39.540 [qtp399373008-55] DEBUG org.eclipse.jetty.io.ssl.SslConnection - fill NEED_UNWRAP
04:06:39.540 [qtp399373008-55] DEBUG org.eclipse.jetty.io.ChannelEndPoint - filled 0 HeapByteBuffer@3303dde5[p=0,l=0,c=17408,r=0]={<<<>>>\x16\x03\x03\x01N\x01\x00\x01J...\x00\x00\x00\x00\x00\x00\x00}
04:06:39.540 [qtp399373008-55] DEBUG org.eclipse.jetty.io.ssl.SslConnection - net filled=0
04:06:39.540 [qtp399373008-55] DEBUG org.eclipse.jetty.io.ssl.SslConnection - unwrap net_filled=0 Status = BUFFER_UNDERFLOW HandshakeStatus = NEED_UNWRAP bytesConsumed = 0 bytesProduced = 0 encryptedBuffer=[p=0,l=0,c=17408,r=0] unwrapBuffer=HeapByteBuffer@3dc4242d[p=0,l=0,c=17408,r=0]={<<<>>>\x17\x03\x03\x00\xC9fh\xF8\xEb...\x00\x00\x00\x00\x00\x00\x00} appBuffer=HeapByteBuffer@3dc4242d[p=0,l=0,c=17408,r=0]={<<<>>>\x17\x03\x03\x00\xC9fh\xF8\xEb...\x00\x00\x00\x00\x00\x00\x00}
04:06:39.540 [qtp399373008-55] DEBUG org.eclipse.jetty.io.ssl.SslConnection - <fill f=0 uf=true SslConnection@54fe6c53::SocketChannelEndPoint@7bd5f03c{l=/127.0.0.1:35537,r=/127.0.0.1:60868,OPEN,fill=-,flush=-,to=0/30000}{io=0/0,kio=0,kro=1}->SslConnection@54fe6c53{NEED_UNWRAP,eio=-1/-1,di=-1,fill=IDLE,flush=IDLE}~>DecryptedEndPoint@1bfa0f73{l=/127.0.0.1:35537,r=/127.0.0.1:60868,OPEN,fill=-,flush=-,to=10/30000}=>HttpConnection@26cff15f[p=HttpParser{s=START,0 of -1},g=HttpGenerator@1fb47028{s=START}]=>HttpChannelOverHttp@4a64a917{s=HttpChannelState@4ffa42a0{s=IDLE rs=BLOCKING os=OPEN is=IDLE awp=false se=false i=true al=0},r=0,c=false/false,a=IDLE,uri=null,age=0}
04:06:39.540 [qtp399373008-55] DEBUG org.eclipse.jetty.io.ssl.SslConnection - >fill SslConnection@54fe6c53::SocketChannelEndPoint@7bd5f03c{l=/127.0.0.1:35537,r=/127.0.0.1:60868,OPEN,fill=-,flush=-,to=0/30000}{io=0/0,kio=0,kro=1}->SslConnection@54fe6c53{NEED_UNWRAP,eio=-1/-1,di=-1,fill=IDLE,flush=IDLE}~>DecryptedEndPoint@1bfa0f73{l=/127.0.0.1:35537,r=/127.0.0.1:60868,OPEN,fill=-,flush=-,to=10/30000}=>HttpConnection@26cff15f[p=HttpParser{s=START,0 of -1},g=HttpGenerator@1fb47028{s=START}]=>HttpChannelOverHttp@4a64a917{s=HttpChannelState@4ffa42a0{s=IDLE rs=BLOCKING os=OPEN is=IDLE awp=false se=false i=true al=0},r=0,c=false/false,a=IDLE,uri=null,age=0}
04:06:39.540 [qtp399373008-55] DEBUG org.eclipse.jetty.io.ssl.SslConnection - fill NEED_UNWRAP
04:06:39.540 [qtp399373008-55] DEBUG org.eclipse.jetty.io.ChannelEndPoint - filled 0 HeapByteBuffer@373c4f5d[p=0,l=0,c=17408,r=0]={<<<>>>\x17\x03\x03\x068r\x1c\xD6\x14...\x00\x00\x00\x00\x00\x00\x00}
04:06:39.540 [qtp399373008-55] DEBUG org.eclipse.jetty.io.ssl.SslConnection - net filled=0
04:06:39.540 [qtp399373008-55] DEBUG org.eclipse.jetty.io.ssl.SslConnection - unwrap net_filled=0 Status = BUFFER_UNDERFLOW HandshakeStatus = NEED_UNWRAP bytesConsumed = 0 bytesProduced = 0 encryptedBuffer=[p=0,l=0,c=17408,r=0] unwrapBuffer=HeapByteBuffer@3dc4242d[p=0,l=0,c=17408,r=0]={<<<>>>\x17\x03\x03\x00\xC9fh\xF8\xEb...\x00\x00\x00\x00\x00\x00\x00} appBuffer=HeapByteBuffer@3dc4242d[p=0,l=0,c=17408,r=0]={<<<>>>\x17\x03\x03\x00\xC9fh\xF8\xEb...\x00\x00\x00\x00\x00\x00\x00}
04:06:39.541 [qtp399373008-55] DEBUG org.eclipse.jetty.io.ssl.SslConnection - <fill f=0 uf=true SslConnection@54fe6c53::SocketChannelEndPoint@7bd5f03c{l=/127.0.0.1:35537,r=/127.0.0.1:60868,OPEN,fill=-,flush=-,to=0/30000}{io=0/0,kio=0,kro=1}->SslConnection@54fe6c53{NEED_UNWRAP,eio=-1/-1,di=-1,fill=IDLE,flush=IDLE}~>DecryptedEndPoint@1bfa0f73{l=/127.0.0.1:35537,r=/127.0.0.1:60868,OPEN,fill=-,flush=-,to=10/30000}=>HttpConnection@26cff15f[p=HttpParser{s=START,0 of -1},g=HttpGenerator@1fb47028{s=START}]=>HttpChannelOverHttp@4a64a917{s=HttpChannelState@4ffa42a0{s=IDLE rs=BLOCKING os=OPEN is=IDLE awp=false se=false i=true al=0},r=0,c=false/false,a=IDLE,uri=null,age=0}
04:06:39.541 [qtp399373008-55] DEBUG org.eclipse.jetty.server.HttpConnection - HttpConnection@26cff15f::DecryptedEndPoint@1bfa0f73{l=/127.0.0.1:35537,r=/127.0.0.1:60868,OPEN,fill=-,flush=-,to=10/30000} filled 0 HeapByteBuffer@3dc4242d[p=0,l=0,c=17408,r=0]={<<<>>>\x17\x03\x03\x00\xC9fh\xF8\xEb...\x00\x00\x00\x00\x00\x00\x00}
04:06:39.541 [qtp399373008-55] DEBUG org.eclipse.jetty.server.HttpConnection - HttpConnection@26cff15f::DecryptedEndPoint@1bfa0f73{l=/127.0.0.1:35537,r=/127.0.0.1:60868,OPEN,fill=-,flush=-,to=10/30000} parse HeapByteBuffer@3dc4242d[p=0,l=0,c=17408,r=0]={<<<>>>\x17\x03\x03\x00\xC9fh\xF8\xEb...\x00\x00\x00\x00\x00\x00\x00} {}
04:06:39.541 [qtp399373008-55] DEBUG org.eclipse.jetty.http.HttpParser - parseNext s=START HeapByteBuffer@3dc4242d[p=0,l=0,c=17408,r=0]={<<<>>>\x17\x03\x03\x00\xC9fh\xF8\xEb...\x00\x00\x00\x00\x00\x00\x00}
04:06:39.541 [qtp399373008-55] DEBUG org.eclipse.jetty.server.HttpConnection - HttpConnection@26cff15f::DecryptedEndPoint@1bfa0f73{l=/127.0.0.1:35537,r=/127.0.0.1:60868,OPEN,fill=-,flush=-,to=10/30000} parsed false HttpParser{s=START,0 of -1}
04:06:39.541 [qtp399373008-55] DEBUG org.eclipse.jetty.server.HttpConnection - releaseRequestBuffer HttpConnection@26cff15f::DecryptedEndPoint@1bfa0f73{l=/127.0.0.1:35537,r=/127.0.0.1:60868,OPEN,fill=-,flush=-,to=10/30000}
04:06:39.541 [qtp399373008-55] DEBUG org.eclipse.jetty.io.AbstractConnection - fillInterested HttpConnection@26cff15f::DecryptedEndPoint@1bfa0f73{l=/127.0.0.1:35537,r=/127.0.0.1:60868,OPEN,fill=-,flush=-,to=10/30000}
04:06:39.541 [qtp399373008-55] DEBUG org.eclipse.jetty.io.FillInterest - interested FillInterest@46282f88{AC.ReadCB@26cff15f{HttpConnection@26cff15f::DecryptedEndPoint@1bfa0f73{l=/127.0.0.1:35537,r=/127.0.0.1:60868,OPEN,fill=FI,flush=-,to=0/30000}}}
04:06:39.541 [qtp399373008-55] DEBUG org.eclipse.jetty.io.ssl.SslConnection - >needFillInterest s=IDLE/IDLE uf=true ei=null di=null SslConnection@54fe6c53::SocketChannelEndPoint@7bd5f03c{l=/127.0.0.1:35537,r=/127.0.0.1:60868,OPEN,fill=-,flush=-,to=0/30000}{io=0/0,kio=0,kro=1}->SslConnection@54fe6c53{NEED_UNWRAP,eio=-1/-1,di=-1,fill=IDLE,flush=IDLE}~>DecryptedEndPoint@1bfa0f73{l=/127.0.0.1:35537,r=/127.0.0.1:60868,OPEN,fill=FI,flush=-,to=0/30000}=>HttpConnection@26cff15f[p=HttpParser{s=START,0 of -1},g=HttpGenerator@1fb47028{s=START}]=>HttpChannelOverHttp@4a64a917{s=HttpChannelState@4ffa42a0{s=IDLE rs=BLOCKING os=OPEN is=IDLE awp=false se=false i=true al=0},r=0,c=false/false,a=IDLE,uri=null,age=0}
04:06:39.541 [qtp399373008-55] DEBUG org.eclipse.jetty.io.ssl.SslConnection - <needFillInterest s=IDLE/INTERESTED f=false i=true w=null
04:06:39.541 [qtp399373008-55] DEBUG org.eclipse.jetty.io.ssl.SslConnection - ensureFillInterested SslConnection@54fe6c53::SocketChannelEndPoint@7bd5f03c{l=/127.0.0.1:35537,r=/127.0.0.1:60868,OPEN,fill=-,flush=-,to=0/30000}{io=0/0,kio=0,kro=1}->SslConnection@54fe6c53{NEED_UNWRAP,eio=-1/-1,di=-1,fill=INTERESTED,flush=IDLE}~>DecryptedEndPoint@1bfa0f73{l=/127.0.0.1:35537,r=/127.0.0.1:60868,OPEN,fill=FI,flush=-,to=0/30000}=>HttpConnection@26cff15f[p=HttpParser{s=START,0 of -1},g=HttpGenerator@1fb47028{s=START}]=>HttpChannelOverHttp@4a64a917{s=HttpChannelState@4ffa42a0{s=IDLE rs=BLOCKING os=OPEN is=IDLE awp=false se=false i=true al=0},r=0,c=false/false,a=IDLE,uri=null,age=0}
04:06:39.541 [qtp399373008-55] DEBUG org.eclipse.jetty.io.FillInterest - interested FillInterest@69cfb715{SSLC.NBReadCB@54fe6c53{SslConnection@54fe6c53::SocketChannelEndPoint@7bd5f03c{l=/127.0.0.1:35537,r=/127.0.0.1:60868,OPEN,fill=FI,flush=-,to=0/30000}{io=0/0,kio=0,kro=1}->SslConnection@54fe6c53{NEED_UNWRAP,eio=-1/-1,di=-1,fill=INTERESTED,flush=IDLE}~>DecryptedEndPoint@1bfa0f73{l=/127.0.0.1:35537,r=/127.0.0.1:60868,OPEN,fill=FI,flush=-,to=0/30000}=>HttpConnection@26cff15f[p=HttpParser{s=START,0 of -1},g=HttpGenerator@1fb47028{s=START}]=>HttpChannelOverHttp@4a64a917{s=HttpChannelState@4ffa42a0{s=IDLE rs=BLOCKING os=OPEN is=IDLE awp=false se=false i=true al=0},r=0,c=false/false,a=IDLE,uri=null,age=0}}}
04:06:39.541 [qtp399373008-55] DEBUG org.eclipse.jetty.io.ChannelEndPoint - changeInterests p=false 0->1 for SocketChannelEndPoint@7bd5f03c{l=/127.0.0.1:35537,r=/127.0.0.1:60868,OPEN,fill=FI,flush=-,to=0/30000}{io=0/1,kio=0,kro=1}->SslConnection@54fe6c53{NEED_UNWRAP,eio=-1/-1,di=-1,fill=INTERESTED,flush=IDLE}~>DecryptedEndPoint@1bfa0f73{l=/127.0.0.1:35537,r=/127.0.0.1:60868,OPEN,fill=FI,flush=-,to=0/30000}=>HttpConnection@26cff15f[p=HttpParser{s=START,0 of -1},g=HttpGenerator@1fb47028{s=START}]=>HttpChannelOverHttp@4a64a917{s=HttpChannelState@4ffa42a0{s=IDLE rs=BLOCKING os=OPEN is=IDLE awp=false se=false i=true al=0},r=0,c=false/false,a=IDLE,uri=null,age=0}
04:06:39.541 [qtp399373008-55] DEBUG org.eclipse.jetty.io.ManagedSelector - Queued change lazy=false org.eclipse.jetty.io.ChannelEndPoint$$Lambda$255/2121444922@4ef4c28b on ManagedSelector@4e70a728{STARTED} id=0 keys=1 selected=0 updates=0
04:06:39.541 [qtp399373008-55] DEBUG org.eclipse.jetty.io.ManagedSelector - Wakeup on submit ManagedSelector@4e70a728{STARTED} id=0 keys=1 selected=0 updates=1
04:06:39.541 [qtp399373008-56] DEBUG org.eclipse.jetty.io.ManagedSelector - Selector sun.nio.ch.EPollSelectorImpl@4610b4c4 woken with none selected
04:06:39.541 [qtp399373008-55] DEBUG org.eclipse.jetty.server.HttpConnection - HttpConnection@26cff15f::DecryptedEndPoint@1bfa0f73{l=/127.0.0.1:35537,r=/127.0.0.1:60868,OPEN,fill=FI,flush=-,to=0/30000} onFillable exit HttpChannelState@4ffa42a0{s=IDLE rs=BLOCKING os=OPEN is=IDLE awp=false se=false i=true al=0} null
04:06:39.541 [qtp399373008-56] DEBUG org.eclipse.jetty.io.ManagedSelector - Selector sun.nio.ch.EPollSelectorImpl@4610b4c4 woken up from select, 0/0/1 selected
04:06:39.541 [qtp399373008-56] DEBUG org.eclipse.jetty.io.ManagedSelector - Selector sun.nio.ch.EPollSelectorImpl@4610b4c4 processing 0 keys, 1 updates
04:06:39.541 [qtp399373008-56] DEBUG org.eclipse.jetty.io.ManagedSelector - updateable 1
04:06:39.541 [qtp399373008-56] DEBUG org.eclipse.jetty.io.ManagedSelector - update org.eclipse.jetty.io.ChannelEndPoint$$Lambda$255/2121444922@4ef4c28b
04:06:39.541 [qtp399373008-55] DEBUG org.eclipse.jetty.io.ssl.SslConnection - <c.onFillable SslConnection@54fe6c53::SocketChannelEndPoint@7bd5f03c{l=/127.0.0.1:35537,r=/127.0.0.1:60868,OPEN,fill=FI,flush=-,to=0/30000}{io=0/1,kio=0,kro=1}->SslConnection@54fe6c53{NEED_UNWRAP,eio=-1/-1,di=-1,fill=INTERESTED,flush=IDLE}~>DecryptedEndPoint@1bfa0f73{l=/127.0.0.1:35537,r=/127.0.0.1:60868,OPEN,fill=FI,flush=-,to=0/30000}=>HttpConnection@26cff15f[p=HttpParser{s=START,0 of -1},g=HttpGenerator@1fb47028{s=START}]=>HttpChannelOverHttp@4a64a917{s=HttpChannelState@4ffa42a0{s=IDLE rs=BLOCKING os=OPEN is=IDLE awp=false se=false i=true al=0},r=0,c=false/false,a=IDLE,uri=null,age=0}
04:06:39.542 [qtp399373008-56] DEBUG org.eclipse.jetty.io.ChannelEndPoint - Key interests updated 0 -> 1 on SocketChannelEndPoint@7bd5f03c{l=/127.0.0.1:35537,r=/127.0.0.1:60868,OPEN,fill=FI,flush=-,to=0/30000}{io=1/1,kio=1,kro=1}->SslConnection@54fe6c53{NEED_UNWRAP,eio=-1/-1,di=-1,fill=INTERESTED,flush=IDLE}~>DecryptedEndPoint@1bfa0f73{l=/127.0.0.1:35537,r=/127.0.0.1:60868,OPEN,fill=FI,flush=-,to=0/30000}=>HttpConnection@26cff15f[p=HttpParser{s=START,0 of -1},g=HttpGenerator@1fb47028{s=START}]=>HttpChannelOverHttp@4a64a917{s=HttpChannelState@4ffa42a0{s=IDLE rs=BLOCKING os=OPEN is=IDLE awp=false se=false i=true al=0},r=0,c=false/false,a=IDLE,uri=null,age=0}
04:06:39.542 [qtp399373008-56] DEBUG org.eclipse.jetty.io.ManagedSelector - updates 0
04:06:39.542 [qtp399373008-56] DEBUG org.eclipse.jetty.io.ManagedSelector - Selector sun.nio.ch.EPollSelectorImpl@4610b4c4 waiting with 1 keys
04:06:39.542 [qtp399373008-55] DEBUG org.eclipse.jetty.util.thread.QueuedThreadPool - ran org.eclipse.jetty.io.ManagedSelector$$Lambda$253/838473569@48d743ae in QueuedThreadPool[qtp399373008]@17cdf2d0{STARTED,8<=8<=200,i=1,r=-1,q=0}[ReservedThreadExecutor@424fd310{reserved=1/8,pending=0}]
04:06:39.543 [qtp399373008-56] DEBUG org.eclipse.jetty.io.ManagedSelector - Selector sun.nio.ch.EPollSelectorImpl@4610b4c4 woken up from select, 1/1/1 selected
04:06:39.543 [qtp399373008-56] DEBUG org.eclipse.jetty.io.ManagedSelector - Selector sun.nio.ch.EPollSelectorImpl@4610b4c4 processing 1 keys, 0 updates
04:06:39.543 [qtp399373008-56] DEBUG org.eclipse.jetty.io.ManagedSelector - selected 1 sun.nio.ch.SelectionKeyImpl@422f28de SocketChannelEndPoint@7bd5f03c{l=/127.0.0.1:35537,r=/127.0.0.1:60868,OPEN,fill=FI,flush=-,to=2/30000}{io=1/1,kio=1,kro=1}->SslConnection@54fe6c53{NEED_UNWRAP,eio=-1/-1,di=-1,fill=INTERESTED,flush=IDLE}~>DecryptedEndPoint@1bfa0f73{l=/127.0.0.1:35537,r=/127.0.0.1:60868,OPEN,fill=FI,flush=-,to=2/30000}=>HttpConnection@26cff15f[p=HttpParser{s=START,0 of -1},g=HttpGenerator@1fb47028{s=START}]=>HttpChannelOverHttp@4a64a917{s=HttpChannelState@4ffa42a0{s=IDLE rs=BLOCKING os=OPEN is=IDLE awp=false se=false i=true al=0},r=0,c=false/false,a=IDLE,uri=null,age=0} 
04:06:39.543 [qtp399373008-56] DEBUG org.eclipse.jetty.io.ChannelEndPoint - onSelected 1->0 r=true w=false for SocketChannelEndPoint@7bd5f03c{l=/127.0.0.1:35537,r=/127.0.0.1:60868,OPEN,fill=FI,flush=-,to=2/30000}{io=1/0,kio=1,kro=1}->SslConnection@54fe6c53{NEED_UNWRAP,eio=-1/-1,di=-1,fill=INTERESTED,flush=IDLE}~>DecryptedEndPoint@1bfa0f73{l=/127.0.0.1:35537,r=/127.0.0.1:60868,OPEN,fill=FI,flush=-,to=2/30000}=>HttpConnection@26cff15f[p=HttpParser{s=START,0 of -1},g=HttpGenerator@1fb47028{s=START}]=>HttpChannelOverHttp@4a64a917{s=HttpChannelState@4ffa42a0{s=IDLE rs=BLOCKING os=OPEN is=IDLE awp=false se=false i=true al=0},r=0,c=false/false,a=IDLE,uri=null,age=0}
04:06:39.543 [qtp399373008-56] DEBUG org.eclipse.jetty.io.ChannelEndPoint - task CEP:SocketChannelEndPoint@7bd5f03c{l=/127.0.0.1:35537,r=/127.0.0.1:60868,OPEN,fill=FI,flush=-,to=2/30000}{io=1/0,kio=1,kro=1}->SslConnection@54fe6c53{NEED_UNWRAP,eio=-1/-1,di=-1,fill=INTERESTED,flush=IDLE}~>DecryptedEndPoint@1bfa0f73{l=/127.0.0.1:35537,r=/127.0.0.1:60868,OPEN,fill=FI,flush=-,to=2/30000}=>HttpConnection@26cff15f[p=HttpParser{s=START,0 of -1},g=HttpGenerator@1fb47028{s=START}]=>HttpChannelOverHttp@4a64a917{s=HttpChannelState@4ffa42a0{s=IDLE rs=BLOCKING os=OPEN is=IDLE awp=false se=false i=true al=0},r=0,c=false/false,a=IDLE,uri=null,age=0}:runFillable:BLOCKING
04:06:39.543 [qtp399373008-56] DEBUG org.eclipse.jetty.util.thread.ReservedThreadExecutor - ReservedThreadExecutor@424fd310{reserved=1/8,pending=0} tryExecute EatWhatYouKill@4e858e0a/SelectorProducer@435fb7b5/PRODUCING/p=false/QueuedThreadPool[qtp399373008]@17cdf2d0{STARTED,8<=8<=200,i=2,r=-1,q=0}[ReservedThreadExecutor@424fd310{reserved=1/8,pending=0}][pc=0,pic=0,pec=0,epc=1]@2024-05-02T04:06:39.543+01:00
04:06:39.543 [qtp399373008-56] DEBUG org.eclipse.jetty.util.thread.ReservedThreadExecutor - ReservedThreadExecutor@424fd310{reserved=0/8,pending=1} startReservedThread p=1
04:06:39.544 [qtp399373008-56] DEBUG org.eclipse.jetty.util.thread.QueuedThreadPool - queue ReservedThread@5fe3ff05{PENDING,thread=null} startThread=0
04:06:39.544 [qtp399373008-58] DEBUG org.eclipse.jetty.util.thread.QueuedThreadPool - run ReservedThread@5fe3ff05{PENDING,thread=null} in QueuedThreadPool[qtp399373008]@17cdf2d0{STARTED,8<=8<=200,i=1,r=-1,q=0}[ReservedThreadExecutor@424fd310{reserved=0/8,pending=1}]
04:06:39.544 [qtp399373008-58] DEBUG org.eclipse.jetty.util.thread.ReservedThreadExecutor - ReservedThread@5fe3ff05{PENDING,thread=Thread[qtp399373008-58,5,main]} was=PENDING next=RESERVED size=0+1 capacity=8
04:06:39.544 [qtp399373008-58] DEBUG org.eclipse.jetty.util.thread.ReservedThreadExecutor - ReservedThread@5fe3ff05{RESERVED,thread=Thread[qtp399373008-58,5,main]} waiting ReservedThreadExecutor@424fd310{reserved=1/8,pending=0}
04:06:39.544 [qtp399373008-57] DEBUG org.eclipse.jetty.util.thread.ReservedThreadExecutor - ReservedThread@5c9f82db{RESERVED,thread=Thread[qtp399373008-57,5,main]} task=EatWhatYouKill@4e858e0a/SelectorProducer@435fb7b5/IDLE/p=true/QueuedThreadPool[qtp399373008]@17cdf2d0{STARTED,8<=8<=200,i=1,r=-1,q=0}[ReservedThreadExecutor@424fd310{reserved=0/8,pending=1}][pc=0,pic=0,pec=0,epc=1]@2024-05-02T04:06:39.544+01:00 ReservedThreadExecutor@424fd310{reserved=1/8,pending=0}
04:06:39.544 [qtp399373008-57] DEBUG org.eclipse.jetty.util.thread.strategy.EatWhatYouKill - EatWhatYouKill@4e858e0a/SelectorProducer@435fb7b5/IDLE/p=true/QueuedThreadPool[qtp399373008]@17cdf2d0{STARTED,8<=8<=200,i=1,r=-1,q=0}[ReservedThreadExecutor@424fd310{reserved=1/8,pending=0}][pc=0,pic=0,pec=0,epc=1]@2024-05-02T04:06:39.544+01:00 tryProduce true
04:06:39.544 [qtp399373008-56] DEBUG org.eclipse.jetty.util.thread.strategy.EatWhatYouKill - EatWhatYouKill@4e858e0a/SelectorProducer@435fb7b5/IDLE/p=true/QueuedThreadPool[qtp399373008]@17cdf2d0{STARTED,8<=8<=200,i=1,r=-1,q=0}[ReservedThreadExecutor@424fd310{reserved=1/8,pending=0}][pc=0,pic=0,pec=0,epc=1]@2024-05-02T04:06:39.544+01:00 m=EXECUTE_PRODUCE_CONSUME t=CEP:SocketChannelEndPoint@7bd5f03c{l=/127.0.0.1:35537,r=/127.0.0.1:60868,OPEN,fill=FI,flush=-,to=2/30000}{io=1/0,kio=1,kro=1}->SslConnection@54fe6c53{NEED_UNWRAP,eio=-1/-1,di=-1,fill=INTERESTED,flush=IDLE}~>DecryptedEndPoint@1bfa0f73{l=/127.0.0.1:35537,r=/127.0.0.1:60868,OPEN,fill=FI,flush=-,to=2/30000}=>HttpConnection@26cff15f[p=HttpParser{s=START,0 of -1},g=HttpGenerator@1fb47028{s=START}]=>HttpChannelOverHttp@4a64a917{s=HttpChannelState@4ffa42a0{s=IDLE rs=BLOCKING os=OPEN is=IDLE awp=false se=false i=true al=0},r=0,c=false/false,a=IDLE,uri=null,age=0}:runFillable:BLOCKING/BLOCKING
04:06:39.544 [qtp399373008-57] DEBUG org.eclipse.jetty.io.ManagedSelector - updateable 0
04:06:39.544 [qtp399373008-57] DEBUG org.eclipse.jetty.io.ManagedSelector - updates 0
04:06:39.544 [qtp399373008-56] DEBUG org.eclipse.jetty.io.FillInterest - fillable FillInterest@69cfb715{SSLC.NBReadCB@54fe6c53{SslConnection@54fe6c53::SocketChannelEndPoint@7bd5f03c{l=/127.0.0.1:35537,r=/127.0.0.1:60868,OPEN,fill=FI,flush=-,to=2/30000}{io=0/0,kio=1,kro=1}->SslConnection@54fe6c53{NEED_UNWRAP,eio=-1/-1,di=-1,fill=INTERESTED,flush=IDLE}~>DecryptedEndPoint@1bfa0f73{l=/127.0.0.1:35537,r=/127.0.0.1:60868,OPEN,fill=FI,flush=-,to=3/30000}=>HttpConnection@26cff15f[p=HttpParser{s=START,0 of -1},g=HttpGenerator@1fb47028{s=START}]=>HttpChannelOverHttp@4a64a917{s=HttpChannelState@4ffa42a0{s=IDLE rs=BLOCKING os=OPEN is=IDLE awp=false se=false i=true al=0},r=0,c=false/false,a=IDLE,uri=null,age=0}}}
04:06:39.544 [qtp399373008-57] DEBUG org.eclipse.jetty.io.ChannelEndPoint - Key interests updated 1 -> 0 on SocketChannelEndPoint@7bd5f03c{l=/127.0.0.1:35537,r=/127.0.0.1:60868,OPEN,fill=FI,flush=-,to=2/30000}{io=0/0,kio=0,kro=1}->SslConnection@54fe6c53{NEED_UNWRAP,eio=-1/-1,di=-1,fill=INTERESTED,flush=IDLE}~>DecryptedEndPoint@1bfa0f73{l=/127.0.0.1:35537,r=/127.0.0.1:60868,OPEN,fill=FI,flush=-,to=3/30000}=>HttpConnection@26cff15f[p=HttpParser{s=START,0 of -1},g=HttpGenerator@1fb47028{s=START}]=>HttpChannelOverHttp@4a64a917{s=HttpChannelState@4ffa42a0{s=IDLE rs=BLOCKING os=OPEN is=IDLE awp=false se=false i=true al=0},r=0,c=false/false,a=IDLE,uri=null,age=0}
04:06:39.544 [qtp399373008-57] DEBUG org.eclipse.jetty.io.ManagedSelector - Selector sun.nio.ch.EPollSelectorImpl@4610b4c4 waiting with 1 keys
04:06:39.544 [qtp399373008-56] DEBUG org.eclipse.jetty.io.ssl.SslConnection - >c.onFillable SslConnection@54fe6c53::SocketChannelEndPoint@7bd5f03c{l=/127.0.0.1:35537,r=/127.0.0.1:60868,OPEN,fill=-,flush=-,to=3/30000}{io=0/0,kio=0,kro=1}->SslConnection@54fe6c53{NEED_UNWRAP,eio=-1/-1,di=-1,fill=INTERESTED,flush=IDLE}~>DecryptedEndPoint@1bfa0f73{l=/127.0.0.1:35537,r=/127.0.0.1:60868,OPEN,fill=FI,flush=-,to=3/30000}=>HttpConnection@26cff15f[p=HttpParser{s=START,0 of -1},g=HttpGenerator@1fb47028{s=START}]=>HttpChannelOverHttp@4a64a917{s=HttpChannelState@4ffa42a0{s=IDLE rs=BLOCKING os=OPEN is=IDLE awp=false se=false i=true al=0},r=0,c=false/false,a=IDLE,uri=null,age=0}
04:06:39.544 [qtp399373008-56] DEBUG org.eclipse.jetty.io.ssl.SslConnection - onFillable SslConnection@54fe6c53::SocketChannelEndPoint@7bd5f03c{l=/127.0.0.1:35537,r=/127.0.0.1:60868,OPEN,fill=-,flush=-,to=3/30000}{io=0/0,kio=0,kro=1}->SslConnection@54fe6c53{NEED_UNWRAP,eio=-1/-1,di=-1,fill=INTERESTED,flush=IDLE}~>DecryptedEndPoint@1bfa0f73{l=/127.0.0.1:35537,r=/127.0.0.1:60868,OPEN,fill=FI,flush=-,to=3/30000}=>HttpConnection@26cff15f[p=HttpParser{s=START,0 of -1},g=HttpGenerator@1fb47028{s=START}]=>HttpChannelOverHttp@4a64a917{s=HttpChannelState@4ffa42a0{s=IDLE rs=BLOCKING os=OPEN is=IDLE awp=false se=false i=true al=0},r=0,c=false/false,a=IDLE,uri=null,age=0}
04:06:39.544 [qtp399373008-56] DEBUG org.eclipse.jetty.io.FillInterest - fillable FillInterest@46282f88{AC.ReadCB@26cff15f{HttpConnection@26cff15f::DecryptedEndPoint@1bfa0f73{l=/127.0.0.1:35537,r=/127.0.0.1:60868,OPEN,fill=FI,flush=-,to=3/30000}}}
04:06:39.544 [qtp399373008-56] DEBUG org.eclipse.jetty.server.HttpConnection - HttpConnection@26cff15f::DecryptedEndPoint@1bfa0f73{l=/127.0.0.1:35537,r=/127.0.0.1:60868,OPEN,fill=-,flush=-,to=3/30000} onFillable enter HttpChannelState@4ffa42a0{s=IDLE rs=BLOCKING os=OPEN is=IDLE awp=false se=false i=true al=0} null
04:06:39.544 [qtp399373008-56] DEBUG org.eclipse.jetty.io.ssl.SslConnection - >fill SslConnection@54fe6c53::SocketChannelEndPoint@7bd5f03c{l=/127.0.0.1:35537,r=/127.0.0.1:60868,OPEN,fill=-,flush=-,to=3/30000}{io=0/0,kio=0,kro=1}->SslConnection@54fe6c53{NEED_UNWRAP,eio=-1/-1,di=-1,fill=IDLE,flush=IDLE}~>DecryptedEndPoint@1bfa0f73{l=/127.0.0.1:35537,r=/127.0.0.1:60868,OPEN,fill=-,flush=-,to=3/30000}=>HttpConnection@26cff15f[p=HttpParser{s=START,0 of -1},g=HttpGenerator@1fb47028{s=START}]=>HttpChannelOverHttp@4a64a917{s=HttpChannelState@4ffa42a0{s=IDLE rs=BLOCKING os=OPEN is=IDLE awp=false se=false i=true al=0},r=0,c=false/false,a=IDLE,uri=null,age=0}
04:06:39.544 [qtp399373008-56] DEBUG org.eclipse.jetty.io.ssl.SslConnection - fill NEED_UNWRAP
04:06:39.545 [qtp399373008-56] DEBUG org.eclipse.jetty.io.ChannelEndPoint - filled 6 HeapByteBuffer@373c4f5d[p=0,l=6,c=17408,r=6]={<<<\x14\x03\x03\x00\x01\x01>>>\x1c\xD6\x14\xEdz\xD7\xF4\xE9\x1b...\x00\x00\x00\x00\x00\x00\x00}
04:06:39.545 [qtp399373008-56] DEBUG org.eclipse.jetty.io.ssl.SslConnection - net filled=6
04:06:39.545 [qtp399373008-56] DEBUG org.eclipse.jetty.io.ssl.SslConnection - unwrap net_filled=6 Status = OK HandshakeStatus = NEED_UNWRAP bytesConsumed = 6 bytesProduced = 0 encryptedBuffer=[p=6,l=6,c=17408,r=0] unwrapBuffer=HeapByteBuffer@3303dde5[p=0,l=0,c=17408,r=0]={<<<>>>\x16\x03\x03\x01N\x01\x00\x01J...\x00\x00\x00\x00\x00\x00\x00} appBuffer=HeapByteBuffer@3303dde5[p=0,l=0,c=17408,r=0]={<<<>>>\x16\x03\x03\x01N\x01\x00\x01J...\x00\x00\x00\x00\x00\x00\x00}
04:06:39.545 [qtp399373008-56] DEBUG org.eclipse.jetty.io.ssl.SslConnection - fill NEED_UNWRAP
04:06:39.545 [qtp399373008-56] DEBUG org.eclipse.jetty.io.ChannelEndPoint - filled 0 HeapByteBuffer@373c4f5d[p=0,l=0,c=17408,r=0]={<<<>>>\x14\x03\x03\x00\x01\x01\x1c\xD6\x14...\x00\x00\x00\x00\x00\x00\x00}
04:06:39.545 [qtp399373008-56] DEBUG org.eclipse.jetty.io.ssl.SslConnection - net filled=0
04:06:39.545 [qtp399373008-56] DEBUG org.eclipse.jetty.io.ssl.SslConnection - unwrap net_filled=0 Status = BUFFER_UNDERFLOW HandshakeStatus = NEED_UNWRAP bytesConsumed = 0 bytesProduced = 0 encryptedBuffer=[p=0,l=0,c=17408,r=0] unwrapBuffer=HeapByteBuffer@3303dde5[p=0,l=0,c=17408,r=0]={<<<>>>\x16\x03\x03\x01N\x01\x00\x01J...\x00\x00\x00\x00\x00\x00\x00} appBuffer=HeapByteBuffer@3303dde5[p=0,l=0,c=17408,r=0]={<<<>>>\x16\x03\x03\x01N\x01\x00\x01J...\x00\x00\x00\x00\x00\x00\x00}
04:06:39.545 [qtp399373008-56] DEBUG org.eclipse.jetty.io.ssl.SslConnection - <fill f=0 uf=true SslConnection@54fe6c53::SocketChannelEndPoint@7bd5f03c{l=/127.0.0.1:35537,r=/127.0.0.1:60868,OPEN,fill=-,flush=-,to=0/30000}{io=0/0,kio=0,kro=1}->SslConnection@54fe6c53{NEED_UNWRAP,eio=-1/-1,di=-1,fill=IDLE,flush=IDLE}~>DecryptedEndPoint@1bfa0f73{l=/127.0.0.1:35537,r=/127.0.0.1:60868,OPEN,fill=-,flush=-,to=4/30000}=>HttpConnection@26cff15f[p=HttpParser{s=START,0 of -1},g=HttpGenerator@1fb47028{s=START}]=>HttpChannelOverHttp@4a64a917{s=HttpChannelState@4ffa42a0{s=IDLE rs=BLOCKING os=OPEN is=IDLE awp=false se=false i=true al=0},r=0,c=false/false,a=IDLE,uri=null,age=0}
04:06:39.545 [qtp399373008-56] DEBUG org.eclipse.jetty.io.ssl.SslConnection - >fill SslConnection@54fe6c53::SocketChannelEndPoint@7bd5f03c{l=/127.0.0.1:35537,r=/127.0.0.1:60868,OPEN,fill=-,flush=-,to=0/30000}{io=0/0,kio=0,kro=1}->SslConnection@54fe6c53{NEED_UNWRAP,eio=-1/-1,di=-1,fill=IDLE,flush=IDLE}~>DecryptedEndPoint@1bfa0f73{l=/127.0.0.1:35537,r=/127.0.0.1:60868,OPEN,fill=-,flush=-,to=4/30000}=>HttpConnection@26cff15f[p=HttpParser{s=START,0 of -1},g=HttpGenerator@1fb47028{s=START}]=>HttpChannelOverHttp@4a64a917{s=HttpChannelState@4ffa42a0{s=IDLE rs=BLOCKING os=OPEN is=IDLE awp=false se=false i=true al=0},r=0,c=false/false,a=IDLE,uri=null,age=0}
04:06:39.545 [qtp399373008-56] DEBUG org.eclipse.jetty.io.ssl.SslConnection - fill NEED_UNWRAP
04:06:39.545 [qtp399373008-56] DEBUG org.eclipse.jetty.io.ChannelEndPoint - filled 0 HeapByteBuffer@3dc4242d[p=0,l=0,c=17408,r=0]={<<<>>>\x17\x03\x03\x00\xC9fh\xF8\xEb...\x00\x00\x00\x00\x00\x00\x00}
04:06:39.545 [qtp399373008-56] DEBUG org.eclipse.jetty.io.ssl.SslConnection - net filled=0
04:06:39.545 [qtp399373008-56] DEBUG org.eclipse.jetty.io.ssl.SslConnection - unwrap net_filled=0 Status = BUFFER_UNDERFLOW HandshakeStatus = NEED_UNWRAP bytesConsumed = 0 bytesProduced = 0 encryptedBuffer=[p=0,l=0,c=17408,r=0] unwrapBuffer=HeapByteBuffer@3303dde5[p=0,l=0,c=17408,r=0]={<<<>>>\x16\x03\x03\x01N\x01\x00\x01J...\x00\x00\x00\x00\x00\x00\x00} appBuffer=HeapByteBuffer@3303dde5[p=0,l=0,c=17408,r=0]={<<<>>>\x16\x03\x03\x01N\x01\x00\x01J...\x00\x00\x00\x00\x00\x00\x00}
04:06:39.545 [qtp399373008-56] DEBUG org.eclipse.jetty.io.ssl.SslConnection - <fill f=0 uf=true SslConnection@54fe6c53::SocketChannelEndPoint@7bd5f03c{l=/127.0.0.1:35537,r=/127.0.0.1:60868,OPEN,fill=-,flush=-,to=0/30000}{io=0/0,kio=0,kro=1}->SslConnection@54fe6c53{NEED_UNWRAP,eio=-1/-1,di=-1,fill=IDLE,flush=IDLE}~>DecryptedEndPoint@1bfa0f73{l=/127.0.0.1:35537,r=/127.0.0.1:60868,OPEN,fill=-,flush=-,to=4/30000}=>HttpConnection@26cff15f[p=HttpParser{s=START,0 of -1},g=HttpGenerator@1fb47028{s=START}]=>HttpChannelOverHttp@4a64a917{s=HttpChannelState@4ffa42a0{s=IDLE rs=BLOCKING os=OPEN is=IDLE awp=false se=false i=true al=0},r=0,c=false/false,a=IDLE,uri=null,age=0}
04:06:39.545 [qtp399373008-56] DEBUG org.eclipse.jetty.server.HttpConnection - HttpConnection@26cff15f::DecryptedEndPoint@1bfa0f73{l=/127.0.0.1:35537,r=/127.0.0.1:60868,OPEN,fill=-,flush=-,to=4/30000} filled 0 HeapByteBuffer@3303dde5[p=0,l=0,c=17408,r=0]={<<<>>>\x16\x03\x03\x01N\x01\x00\x01J...\x00\x00\x00\x00\x00\x00\x00}
04:06:39.545 [qtp399373008-56] DEBUG org.eclipse.jetty.server.HttpConnection - HttpConnection@26cff15f::DecryptedEndPoint@1bfa0f73{l=/127.0.0.1:35537,r=/127.0.0.1:60868,OPEN,fill=-,flush=-,to=4/30000} parse HeapByteBuffer@3303dde5[p=0,l=0,c=17408,r=0]={<<<>>>\x16\x03\x03\x01N\x01\x00\x01J...\x00\x00\x00\x00\x00\x00\x00} {}
04:06:39.545 [qtp399373008-56] DEBUG org.eclipse.jetty.http.HttpParser - parseNext s=START HeapByteBuffer@3303dde5[p=0,l=0,c=17408,r=0]={<<<>>>\x16\x03\x03\x01N\x01\x00\x01J...\x00\x00\x00\x00\x00\x00\x00}
04:06:39.545 [qtp399373008-56] DEBUG org.eclipse.jetty.server.HttpConnection - HttpConnection@26cff15f::DecryptedEndPoint@1bfa0f73{l=/127.0.0.1:35537,r=/127.0.0.1:60868,OPEN,fill=-,flush=-,to=4/30000} parsed false HttpParser{s=START,0 of -1}
04:06:39.545 [qtp399373008-56] DEBUG org.eclipse.jetty.server.HttpConnection - releaseRequestBuffer HttpConnection@26cff15f::DecryptedEndPoint@1bfa0f73{l=/127.0.0.1:35537,r=/127.0.0.1:60868,OPEN,fill=-,flush=-,to=4/30000}
04:06:39.545 [qtp399373008-56] DEBUG org.eclipse.jetty.io.AbstractConnection - fillInterested HttpConnection@26cff15f::DecryptedEndPoint@1bfa0f73{l=/127.0.0.1:35537,r=/127.0.0.1:60868,OPEN,fill=-,flush=-,to=4/30000}
04:06:39.545 [qtp399373008-56] DEBUG org.eclipse.jetty.io.FillInterest - interested FillInterest@46282f88{AC.ReadCB@26cff15f{HttpConnection@26cff15f::DecryptedEndPoint@1bfa0f73{l=/127.0.0.1:35537,r=/127.0.0.1:60868,OPEN,fill=FI,flush=-,to=0/30000}}}
04:06:39.545 [qtp399373008-56] DEBUG org.eclipse.jetty.io.ssl.SslConnection - >needFillInterest s=IDLE/IDLE uf=true ei=null di=null SslConnection@54fe6c53::SocketChannelEndPoint@7bd5f03c{l=/127.0.0.1:35537,r=/127.0.0.1:60868,OPEN,fill=-,flush=-,to=0/30000}{io=0/0,kio=0,kro=1}->SslConnection@54fe6c53{NEED_UNWRAP,eio=-1/-1,di=-1,fill=IDLE,flush=IDLE}~>DecryptedEndPoint@1bfa0f73{l=/127.0.0.1:35537,r=/127.0.0.1:60868,OPEN,fill=FI,flush=-,to=0/30000}=>HttpConnection@26cff15f[p=HttpParser{s=START,0 of -1},g=HttpGenerator@1fb47028{s=START}]=>HttpChannelOverHttp@4a64a917{s=HttpChannelState@4ffa42a0{s=IDLE rs=BLOCKING os=OPEN is=IDLE awp=false se=false i=true al=0},r=0,c=false/false,a=IDLE,uri=null,age=0}
04:06:39.545 [qtp399373008-56] DEBUG org.eclipse.jetty.io.ssl.SslConnection - <needFillInterest s=IDLE/INTERESTED f=false i=true w=null
04:06:39.545 [qtp399373008-56] DEBUG org.eclipse.jetty.io.ssl.SslConnection - ensureFillInterested SslConnection@54fe6c53::SocketChannelEndPoint@7bd5f03c{l=/127.0.0.1:35537,r=/127.0.0.1:60868,OPEN,fill=-,flush=-,to=0/30000}{io=0/0,kio=0,kro=1}->SslConnection@54fe6c53{NEED_UNWRAP,eio=-1/-1,di=-1,fill=INTERESTED,flush=IDLE}~>DecryptedEndPoint@1bfa0f73{l=/127.0.0.1:35537,r=/127.0.0.1:60868,OPEN,fill=FI,flush=-,to=0/30000}=>HttpConnection@26cff15f[p=HttpParser{s=START,0 of -1},g=HttpGenerator@1fb47028{s=START}]=>HttpChannelOverHttp@4a64a917{s=HttpChannelState@4ffa42a0{s=IDLE rs=BLOCKING os=OPEN is=IDLE awp=false se=false i=true al=0},r=0,c=false/false,a=IDLE,uri=null,age=0}
04:06:39.545 [qtp399373008-56] DEBUG org.eclipse.jetty.io.FillInterest - interested FillInterest@69cfb715{SSLC.NBReadCB@54fe6c53{SslConnection@54fe6c53::SocketChannelEndPoint@7bd5f03c{l=/127.0.0.1:35537,r=/127.0.0.1:60868,OPEN,fill=FI,flush=-,to=0/30000}{io=0/0,kio=0,kro=1}->SslConnection@54fe6c53{NEED_UNWRAP,eio=-1/-1,di=-1,fill=INTERESTED,flush=IDLE}~>DecryptedEndPoint@1bfa0f73{l=/127.0.0.1:35537,r=/127.0.0.1:60868,OPEN,fill=FI,flush=-,to=0/30000}=>HttpConnection@26cff15f[p=HttpParser{s=START,0 of -1},g=HttpGenerator@1fb47028{s=START}]=>HttpChannelOverHttp@4a64a917{s=HttpChannelState@4ffa42a0{s=IDLE rs=BLOCKING os=OPEN is=IDLE awp=false se=false i=true al=0},r=0,c=false/false,a=IDLE,uri=null,age=0}}}
04:06:39.545 [qtp399373008-56] DEBUG org.eclipse.jetty.io.ChannelEndPoint - changeInterests p=false 0->1 for SocketChannelEndPoint@7bd5f03c{l=/127.0.0.1:35537,r=/127.0.0.1:60868,OPEN,fill=FI,flush=-,to=0/30000}{io=0/1,kio=0,kro=1}->SslConnection@54fe6c53{NEED_UNWRAP,eio=-1/-1,di=-1,fill=INTERESTED,flush=IDLE}~>DecryptedEndPoint@1bfa0f73{l=/127.0.0.1:35537,r=/127.0.0.1:60868,OPEN,fill=FI,flush=-,to=0/30000}=>HttpConnection@26cff15f[p=HttpParser{s=START,0 of -1},g=HttpGenerator@1fb47028{s=START}]=>HttpChannelOverHttp@4a64a917{s=HttpChannelState@4ffa42a0{s=IDLE rs=BLOCKING os=OPEN is=IDLE awp=false se=false i=true al=0},r=0,c=false/false,a=IDLE,uri=null,age=0}
04:06:39.545 [qtp399373008-56] DEBUG org.eclipse.jetty.io.ManagedSelector - Queued change lazy=false org.eclipse.jetty.io.ChannelEndPoint$$Lambda$255/2121444922@4ef4c28b on ManagedSelector@4e70a728{STARTED} id=0 keys=1 selected=0 updates=0
04:06:39.545 [qtp399373008-56] DEBUG org.eclipse.jetty.io.ManagedSelector - Wakeup on submit ManagedSelector@4e70a728{STARTED} id=0 keys=1 selected=0 updates=1
04:06:39.545 [qtp399373008-56] DEBUG org.eclipse.jetty.server.HttpConnection - HttpConnection@26cff15f::DecryptedEndPoint@1bfa0f73{l=/127.0.0.1:35537,r=/127.0.0.1:60868,OPEN,fill=FI,flush=-,to=0/30000} onFillable exit HttpChannelState@4ffa42a0{s=IDLE rs=BLOCKING os=OPEN is=IDLE awp=false se=false i=true al=0} null
04:06:39.545 [qtp399373008-57] DEBUG org.eclipse.jetty.io.ManagedSelector - Selector sun.nio.ch.EPollSelectorImpl@4610b4c4 woken with none selected
04:06:39.545 [qtp399373008-57] DEBUG org.eclipse.jetty.io.ManagedSelector - Selector sun.nio.ch.EPollSelectorImpl@4610b4c4 woken up from select, 0/0/1 selected
04:06:39.545 [qtp399373008-57] DEBUG org.eclipse.jetty.io.ManagedSelector - Selector sun.nio.ch.EPollSelectorImpl@4610b4c4 processing 0 keys, 1 updates
04:06:39.545 [qtp399373008-56] DEBUG org.eclipse.jetty.io.ssl.SslConnection - <c.onFillable SslConnection@54fe6c53::SocketChannelEndPoint@7bd5f03c{l=/127.0.0.1:35537,r=/127.0.0.1:60868,OPEN,fill=FI,flush=-,to=0/30000}{io=0/1,kio=0,kro=1}->SslConnection@54fe6c53{NEED_UNWRAP,eio=-1/-1,di=-1,fill=INTERESTED,flush=IDLE}~>DecryptedEndPoint@1bfa0f73{l=/127.0.0.1:35537,r=/127.0.0.1:60868,OPEN,fill=FI,flush=-,to=0/30000}=>HttpConnection@26cff15f[p=HttpParser{s=START,0 of -1},g=HttpGenerator@1fb47028{s=START}]=>HttpChannelOverHttp@4a64a917{s=HttpChannelState@4ffa42a0{s=IDLE rs=BLOCKING os=OPEN is=IDLE awp=false se=false i=true al=0},r=0,c=false/false,a=IDLE,uri=null,age=0}
04:06:39.546 [qtp399373008-57] DEBUG org.eclipse.jetty.io.ManagedSelector - updateable 1
04:06:39.546 [qtp399373008-56] DEBUG org.eclipse.jetty.util.thread.ReservedThreadExecutor - ReservedThread@169835cd{RUNNING,thread=Thread[qtp399373008-56,5,main]} was=RUNNING next=RESERVED size=0+2 capacity=8
04:06:39.546 [qtp399373008-57] DEBUG org.eclipse.jetty.io.ManagedSelector - update org.eclipse.jetty.io.ChannelEndPoint$$Lambda$255/2121444922@4ef4c28b
04:06:39.546 [qtp399373008-56] DEBUG org.eclipse.jetty.util.thread.ReservedThreadExecutor - ReservedThread@169835cd{RESERVED,thread=Thread[qtp399373008-56,5,main]} waiting ReservedThreadExecutor@424fd310{reserved=2/8,pending=0}
04:06:39.546 [qtp399373008-57] DEBUG org.eclipse.jetty.io.ChannelEndPoint - Key interests updated 0 -> 1 on SocketChannelEndPoint@7bd5f03c{l=/127.0.0.1:35537,r=/127.0.0.1:60868,OPEN,fill=FI,flush=-,to=0/30000}{io=1/1,kio=1,kro=1}->SslConnection@54fe6c53{NEED_UNWRAP,eio=-1/-1,di=-1,fill=INTERESTED,flush=IDLE}~>DecryptedEndPoint@1bfa0f73{l=/127.0.0.1:35537,r=/127.0.0.1:60868,OPEN,fill=FI,flush=-,to=0/30000}=>HttpConnection@26cff15f[p=HttpParser{s=START,0 of -1},g=HttpGenerator@1fb47028{s=START}]=>HttpChannelOverHttp@4a64a917{s=HttpChannelState@4ffa42a0{s=IDLE rs=BLOCKING os=OPEN is=IDLE awp=false se=false i=true al=0},r=0,c=false/false,a=IDLE,uri=null,age=0}
04:06:39.546 [qtp399373008-57] DEBUG org.eclipse.jetty.io.ManagedSelector - updates 0
04:06:39.546 [qtp399373008-57] DEBUG org.eclipse.jetty.io.ManagedSelector - Selector sun.nio.ch.EPollSelectorImpl@4610b4c4 waiting with 1 keys
04:06:39.585 [qtp399373008-57] DEBUG org.eclipse.jetty.io.ManagedSelector - Selector sun.nio.ch.EPollSelectorImpl@4610b4c4 woken up from select, 1/1/1 selected
04:06:39.585 [qtp399373008-57] DEBUG org.eclipse.jetty.io.ManagedSelector - Selector sun.nio.ch.EPollSelectorImpl@4610b4c4 processing 1 keys, 0 updates
04:06:39.585 [qtp399373008-57] DEBUG org.eclipse.jetty.io.ManagedSelector - selected 1 sun.nio.ch.SelectionKeyImpl@422f28de SocketChannelEndPoint@7bd5f03c{l=/127.0.0.1:35537,r=/127.0.0.1:60868,OPEN,fill=FI,flush=-,to=39/30000}{io=1/1,kio=1,kro=1}->SslConnection@54fe6c53{NEED_UNWRAP,eio=-1/-1,di=-1,fill=INTERESTED,flush=IDLE}~>DecryptedEndPoint@1bfa0f73{l=/127.0.0.1:35537,r=/127.0.0.1:60868,OPEN,fill=FI,flush=-,to=39/30000}=>HttpConnection@26cff15f[p=HttpParser{s=START,0 of -1},g=HttpGenerator@1fb47028{s=START}]=>HttpChannelOverHttp@4a64a917{s=HttpChannelState@4ffa42a0{s=IDLE rs=BLOCKING os=OPEN is=IDLE awp=false se=false i=true al=0},r=0,c=false/false,a=IDLE,uri=null,age=0} 
04:06:39.585 [qtp399373008-57] DEBUG org.eclipse.jetty.io.ChannelEndPoint - onSelected 1->0 r=true w=false for SocketChannelEndPoint@7bd5f03c{l=/127.0.0.1:35537,r=/127.0.0.1:60868,OPEN,fill=FI,flush=-,to=39/30000}{io=1/0,kio=1,kro=1}->SslConnection@54fe6c53{NEED_UNWRAP,eio=-1/-1,di=-1,fill=INTERESTED,flush=IDLE}~>DecryptedEndPoint@1bfa0f73{l=/127.0.0.1:35537,r=/127.0.0.1:60868,OPEN,fill=FI,flush=-,to=39/30000}=>HttpConnection@26cff15f[p=HttpParser{s=START,0 of -1},g=HttpGenerator@1fb47028{s=START}]=>HttpChannelOverHttp@4a64a917{s=HttpChannelState@4ffa42a0{s=IDLE rs=BLOCKING os=OPEN is=IDLE awp=false se=false i=true al=0},r=0,c=false/false,a=IDLE,uri=null,age=0}
04:06:39.585 [qtp399373008-57] DEBUG org.eclipse.jetty.io.ChannelEndPoint - task CEP:SocketChannelEndPoint@7bd5f03c{l=/127.0.0.1:35537,r=/127.0.0.1:60868,OPEN,fill=FI,flush=-,to=39/30000}{io=1/0,kio=1,kro=1}->SslConnection@54fe6c53{NEED_UNWRAP,eio=-1/-1,di=-1,fill=INTERESTED,flush=IDLE}~>DecryptedEndPoint@1bfa0f73{l=/127.0.0.1:35537,r=/127.0.0.1:60868,OPEN,fill=FI,flush=-,to=39/30000}=>HttpConnection@26cff15f[p=HttpParser{s=START,0 of -1},g=HttpGenerator@1fb47028{s=START}]=>HttpChannelOverHttp@4a64a917{s=HttpChannelState@4ffa42a0{s=IDLE rs=BLOCKING os=OPEN is=IDLE awp=false se=false i=true al=0},r=0,c=false/false,a=IDLE,uri=null,age=0}:runFillable:BLOCKING
04:06:39.585 [qtp399373008-57] DEBUG org.eclipse.jetty.util.thread.ReservedThreadExecutor - ReservedThreadExecutor@424fd310{reserved=2/8,pending=0} tryExecute EatWhatYouKill@4e858e0a/SelectorProducer@435fb7b5/PRODUCING/p=false/QueuedThreadPool[qtp399373008]@17cdf2d0{STARTED,8<=8<=200,i=1,r=-1,q=0}[ReservedThreadExecutor@424fd310{reserved=2/8,pending=0}][pc=0,pic=0,pec=0,epc=2]@2024-05-02T04:06:39.585+01:00
04:06:39.585 [qtp399373008-57] DEBUG org.eclipse.jetty.util.thread.strategy.EatWhatYouKill - EatWhatYouKill@4e858e0a/SelectorProducer@435fb7b5/IDLE/p=true/QueuedThreadPool[qtp399373008]@17cdf2d0{STARTED,8<=8<=200,i=1,r=-1,q=0}[ReservedThreadExecutor@424fd310{reserved=1/8,pending=0}][pc=0,pic=0,pec=0,epc=2]@2024-05-02T04:06:39.585+01:00 m=EXECUTE_PRODUCE_CONSUME t=CEP:SocketChannelEndPoint@7bd5f03c{l=/127.0.0.1:35537,r=/127.0.0.1:60868,OPEN,fill=FI,flush=-,to=39/30000}{io=1/0,kio=1,kro=1}->SslConnection@54fe6c53{NEED_UNWRAP,eio=-1/-1,di=-1,fill=INTERESTED,flush=IDLE}~>DecryptedEndPoint@1bfa0f73{l=/127.0.0.1:35537,r=/127.0.0.1:60868,OPEN,fill=FI,flush=-,to=40/30000}=>HttpConnection@26cff15f[p=HttpParser{s=START,0 of -1},g=HttpGenerator@1fb47028{s=START}]=>HttpChannelOverHttp@4a64a917{s=HttpChannelState@4ffa42a0{s=IDLE rs=BLOCKING os=OPEN is=IDLE awp=false se=false i=true al=0},r=0,c=false/false,a=IDLE,uri=null,age=0}:runFillable:BLOCKING/BLOCKING
04:06:39.585 [qtp399373008-56] DEBUG org.eclipse.jetty.util.thread.ReservedThreadExecutor - ReservedThread@169835cd{RESERVED,thread=Thread[qtp399373008-56,5,main]} task=EatWhatYouKill@4e858e0a/SelectorProducer@435fb7b5/IDLE/p=true/QueuedThreadPool[qtp399373008]@17cdf2d0{STARTED,8<=8<=200,i=1,r=-1,q=0}[ReservedThreadExecutor@424fd310{reserved=1/8,pending=0}][pc=0,pic=0,pec=0,epc=2]@2024-05-02T04:06:39.585+01:00 ReservedThreadExecutor@424fd310{reserved=1/8,pending=0}
04:06:39.585 [qtp399373008-57] DEBUG org.eclipse.jetty.io.FillInterest - fillable FillInterest@69cfb715{SSLC.NBReadCB@54fe6c53{SslConnection@54fe6c53::SocketChannelEndPoint@7bd5f03c{l=/127.0.0.1:35537,r=/127.0.0.1:60868,OPEN,fill=FI,flush=-,to=40/30000}{io=1/0,kio=1,kro=1}->SslConnection@54fe6c53{NEED_UNWRAP,eio=-1/-1,di=-1,fill=INTERESTED,flush=IDLE}~>DecryptedEndPoint@1bfa0f73{l=/127.0.0.1:35537,r=/127.0.0.1:60868,OPEN,fill=FI,flush=-,to=40/30000}=>HttpConnection@26cff15f[p=HttpParser{s=START,0 of -1},g=HttpGenerator@1fb47028{s=START}]=>HttpChannelOverHttp@4a64a917{s=HttpChannelState@4ffa42a0{s=IDLE rs=BLOCKING os=OPEN is=IDLE awp=false se=false i=true al=0},r=0,c=false/false,a=IDLE,uri=null,age=0}}}
04:06:39.585 [qtp399373008-56] DEBUG org.eclipse.jetty.util.thread.strategy.EatWhatYouKill - EatWhatYouKill@4e858e0a/SelectorProducer@435fb7b5/IDLE/p=true/QueuedThreadPool[qtp399373008]@17cdf2d0{STARTED,8<=8<=200,i=1,r=-1,q=0}[ReservedThreadExecutor@424fd310{reserved=1/8,pending=0}][pc=0,pic=0,pec=0,epc=3]@2024-05-02T04:06:39.585+01:00 tryProduce true
04:06:39.585 [qtp399373008-56] DEBUG org.eclipse.jetty.io.ManagedSelector - updateable 0
04:06:39.585 [qtp399373008-56] DEBUG org.eclipse.jetty.io.ManagedSelector - updates 0
04:06:39.585 [qtp399373008-57] DEBUG org.eclipse.jetty.io.ssl.SslConnection - >c.onFillable SslConnection@54fe6c53::SocketChannelEndPoint@7bd5f03c{l=/127.0.0.1:35537,r=/127.0.0.1:60868,OPEN,fill=-,flush=-,to=40/30000}{io=1/0,kio=1,kro=1}->SslConnection@54fe6c53{NEED_UNWRAP,eio=-1/-1,di=-1,fill=INTERESTED,flush=IDLE}~>DecryptedEndPoint@1bfa0f73{l=/127.0.0.1:35537,r=/127.0.0.1:60868,OPEN,fill=FI,flush=-,to=40/30000}=>HttpConnection@26cff15f[p=HttpParser{s=START,0 of -1},g=HttpGenerator@1fb47028{s=START}]=>HttpChannelOverHttp@4a64a917{s=HttpChannelState@4ffa42a0{s=IDLE rs=BLOCKING os=OPEN is=IDLE awp=false se=false i=true al=0},r=0,c=false/false,a=IDLE,uri=null,age=0}
04:06:39.586 [qtp399373008-57] DEBUG org.eclipse.jetty.io.ssl.SslConnection - onFillable SslConnection@54fe6c53::SocketChannelEndPoint@7bd5f03c{l=/127.0.0.1:35537,r=/127.0.0.1:60868,OPEN,fill=-,flush=-,to=40/30000}{io=0/0,kio=0,kro=1}->SslConnection@54fe6c53{NEED_UNWRAP,eio=-1/-1,di=-1,fill=INTERESTED,flush=IDLE}~>DecryptedEndPoint@1bfa0f73{l=/127.0.0.1:35537,r=/127.0.0.1:60868,OPEN,fill=FI,flush=-,to=40/30000}=>HttpConnection@26cff15f[p=HttpParser{s=START,0 of -1},g=HttpGenerator@1fb47028{s=START}]=>HttpChannelOverHttp@4a64a917{s=HttpChannelState@4ffa42a0{s=IDLE rs=BLOCKING os=OPEN is=IDLE awp=false se=false i=true al=0},r=0,c=false/false,a=IDLE,uri=null,age=0}
04:06:39.586 [qtp399373008-56] DEBUG org.eclipse.jetty.io.ChannelEndPoint - Key interests updated 1 -> 0 on SocketChannelEndPoint@7bd5f03c{l=/127.0.0.1:35537,r=/127.0.0.1:60868,OPEN,fill=-,flush=-,to=40/30000}{io=0/0,kio=0,kro=1}->SslConnection@54fe6c53{NEED_UNWRAP,eio=-1/-1,di=-1,fill=INTERESTED,flush=IDLE}~>DecryptedEndPoint@1bfa0f73{l=/127.0.0.1:35537,r=/127.0.0.1:60868,OPEN,fill=FI,flush=-,to=40/30000}=>HttpConnection@26cff15f[p=HttpParser{s=START,0 of -1},g=HttpGenerator@1fb47028{s=START}]=>HttpChannelOverHttp@4a64a917{s=HttpChannelState@4ffa42a0{s=IDLE rs=BLOCKING os=OPEN is=IDLE awp=false se=false i=true al=0},r=0,c=false/false,a=IDLE,uri=null,age=0}
04:06:39.586 [qtp399373008-57] DEBUG org.eclipse.jetty.io.FillInterest - fillable FillInterest@46282f88{AC.ReadCB@26cff15f{HttpConnection@26cff15f::DecryptedEndPoint@1bfa0f73{l=/127.0.0.1:35537,r=/127.0.0.1:60868,OPEN,fill=FI,flush=-,to=40/30000}}}
04:06:39.586 [qtp399373008-56] DEBUG org.eclipse.jetty.io.ManagedSelector - Selector sun.nio.ch.EPollSelectorImpl@4610b4c4 waiting with 1 keys
04:06:39.586 [qtp399373008-57] DEBUG org.eclipse.jetty.server.HttpConnection - HttpConnection@26cff15f::DecryptedEndPoint@1bfa0f73{l=/127.0.0.1:35537,r=/127.0.0.1:60868,OPEN,fill=-,flush=-,to=40/30000} onFillable enter HttpChannelState@4ffa42a0{s=IDLE rs=BLOCKING os=OPEN is=IDLE awp=false se=false i=true al=0} null
04:06:39.586 [qtp399373008-57] DEBUG org.eclipse.jetty.io.ssl.SslConnection - >fill SslConnection@54fe6c53::SocketChannelEndPoint@7bd5f03c{l=/127.0.0.1:35537,r=/127.0.0.1:60868,OPEN,fill=-,flush=-,to=40/30000}{io=0/0,kio=0,kro=1}->SslConnection@54fe6c53{NEED_UNWRAP,eio=-1/-1,di=-1,fill=IDLE,flush=IDLE}~>DecryptedEndPoint@1bfa0f73{l=/127.0.0.1:35537,r=/127.0.0.1:60868,OPEN,fill=-,flush=-,to=40/30000}=>HttpConnection@26cff15f[p=HttpParser{s=START,0 of -1},g=HttpGenerator@1fb47028{s=START}]=>HttpChannelOverHttp@4a64a917{s=HttpChannelState@4ffa42a0{s=IDLE rs=BLOCKING os=OPEN is=IDLE awp=false se=false i=true al=0},r=0,c=false/false,a=IDLE,uri=null,age=0}
04:06:39.586 [qtp399373008-57] DEBUG org.eclipse.jetty.io.ssl.SslConnection - fill NEED_UNWRAP
04:06:39.586 [qtp399373008-57] DEBUG org.eclipse.jetty.io.ChannelEndPoint - filled 1518 HeapByteBuffer@3dc4242d[p=0,l=1518,c=17408,r=1518]={<<<\x17\x03\x03\x03\xAd\xDa\xC8\xC4\xBc\xA5!\xFe{\xD1\xA1O\x15[)D)\xEb&\x82\x07...y1\x90&)\xF5xI\xEcCD4\x94o\xF2{h\x88\xD0\xA6T\x01\x19>>>\x00\x00\x00\x00\x00\x00\x00\x00\x00...\x00\x00\x00\x00\x00\x00\x00}
04:06:39.586 [qtp399373008-57] DEBUG org.eclipse.jetty.io.ssl.SslConnection - net filled=1518
04:06:39.586 [qtp399373008-57] DEBUG org.eclipse.jetty.io.ssl.SslConnection - unwrap net_filled=1518 Status = OK HandshakeStatus = NEED_TASK bytesConsumed = 946 bytesProduced = 0 encryptedBuffer=[p=946,l=1518,c=17408,r=572] unwrapBuffer=HeapByteBuffer@373c4f5d[p=0,l=0,c=17408,r=0]={<<<>>>\x14\x03\x03\x00\x01\x01\x1c\xD6\x14...\x00\x00\x00\x00\x00\x00\x00} appBuffer=HeapByteBuffer@373c4f5d[p=0,l=0,c=17408,r=0]={<<<>>>\x14\x03\x03\x00\x01\x01\x1c\xD6\x14...\x00\x00\x00\x00\x00\x00\x00}
04:06:39.586 [qtp399373008-57] DEBUG org.eclipse.jetty.io.ssl.SslConnection - fill NEED_TASK
04:06:39.586 [qtp399373008-57] DEBUG org.eclipse.jetty.io.ssl.SslConnection - fill NEED_UNWRAP
04:06:39.586 [qtp399373008-57] DEBUG org.eclipse.jetty.io.ChannelEndPoint - filled 0 HeapByteBuffer@3dc4242d[p=946,l=1518,c=17408,r=572]={\x17\x03\x03\x03\xAd\x0b\x00\x03\x88...\xD0\xCd"\xC61\xB7\xF4<<<\x17\x03\x03\x01)L\xFasS}\t\xDb\x93\x8f\xAf^\xDb(\xA8\x00\xFa\xA4ve\x96...y1\x90&)\xF5xI\xEcCD4\x94o\xF2{h\x88\xD0\xA6T\x01\x19>>>\x00\x00\x00\x00\x00\x00\x00\x00\x00...\x00\x00\x00\x00\x00\x00\x00}
04:06:39.586 [qtp399373008-57] DEBUG org.eclipse.jetty.io.ssl.SslConnection - net filled=0
04:06:39.587 [qtp399373008-57] DEBUG org.eclipse.jetty.io.ssl.SslConnection - unwrap net_filled=0 Status = OK HandshakeStatus = NEED_TASK bytesConsumed = 302 bytesProduced = 0 encryptedBuffer=[p=1248,l=1518,c=17408,r=270] unwrapBuffer=HeapByteBuffer@373c4f5d[p=0,l=0,c=17408,r=0]={<<<>>>\x14\x03\x03\x00\x01\x01\x1c\xD6\x14...\x00\x00\x00\x00\x00\x00\x00} appBuffer=HeapByteBuffer@373c4f5d[p=0,l=0,c=17408,r=0]={<<<>>>\x14\x03\x03\x00\x01\x01\x1c\xD6\x14...\x00\x00\x00\x00\x00\x00\x00}
04:06:39.587 [qtp399373008-57] DEBUG org.eclipse.jetty.io.ssl.SslConnection - fill NEED_TASK
04:06:39.587 [qtp399373008-57] DEBUG org.eclipse.jetty.io.ssl.SslConnection - fill NEED_UNWRAP
04:06:39.587 [qtp399373008-57] DEBUG org.eclipse.jetty.io.ChannelEndPoint - filled 0 HeapByteBuffer@3dc4242d[p=1248,l=1518,c=17408,r=270]={\x17\x03\x03\x03\xAd\x0b\x00\x03\x88...\x93\xB5\xBe!\xBa\xE9\xD8<<<\x17\x03\x03\x00U-j\x02+g\xBdL\xD1 A\x90\x14\x8b\x7f\xF6\\\x18\x97\x0b\xEe...y1\x90&)\xF5xI\xEcCD4\x94o\xF2{h\x88\xD0\xA6T\x01\x19>>>\x00\x00\x00\x00\x00\x00\x00\x00\x00...\x00\x00\x00\x00\x00\x00\x00}
04:06:39.587 [qtp399373008-57] DEBUG org.eclipse.jetty.io.ssl.SslConnection - net filled=0
04:06:39.588 [qtp399373008-57] DEBUG org.eclipse.jetty.io.ssl.SslConnection - unwrap net_filled=0 Status = OK HandshakeStatus = NEED_WRAP bytesConsumed = 90 bytesProduced = 0 encryptedBuffer=[p=1338,l=1518,c=17408,r=180] unwrapBuffer=HeapByteBuffer@373c4f5d[p=0,l=0,c=17408,r=0]={<<<>>>\x14\x03\x03\x00\x01\x01\x1c\xD6\x14...\x00\x00\x00\x00\x00\x00\x00} appBuffer=HeapByteBuffer@373c4f5d[p=0,l=0,c=17408,r=0]={<<<>>>\x14\x03\x03\x00\x01\x01\x1c\xD6\x14...\x00\x00\x00\x00\x00\x00\x00}
04:06:39.588 [qtp399373008-57] DEBUG org.eclipse.jetty.io.ssl.SslConnection - fill NEED_WRAP
04:06:39.588 [qtp399373008-57] DEBUG org.eclipse.jetty.io.ssl.SslConnection - >flush SslConnection@54fe6c53::SocketChannelEndPoint@7bd5f03c{l=/127.0.0.1:35537,r=/127.0.0.1:60868,OPEN,fill=-,flush=-,to=2/30000}{io=0/0,kio=0,kro=1}->SslConnection@54fe6c53{NEED_WRAP,eio=180/-1,di=-1,fill=IDLE,flush=IDLE}~>DecryptedEndPoint@1bfa0f73{l=/127.0.0.1:35537,r=/127.0.0.1:60868,OPEN,fill=-,flush=-,to=42/30000}=>HttpConnection@26cff15f[p=HttpParser{s=START,0 of -1},g=HttpGenerator@1fb47028{s=START}]=>HttpChannelOverHttp@4a64a917{s=HttpChannelState@4ffa42a0{s=IDLE rs=BLOCKING os=OPEN is=IDLE awp=false se=false i=true al=0},r=0,c=false/false,a=IDLE,uri=null,age=0}
04:06:39.588 [qtp399373008-57] DEBUG org.eclipse.jetty.io.ssl.SslConnection - flush b[0]=HeapByteBuffer@38928dbe[p=0,l=0,c=0,r=0]={<<<>>>}
04:06:39.588 [qtp399373008-57] DEBUG org.eclipse.jetty.io.ssl.SslConnection - flush NEED_WRAP
04:06:39.588 [qtp399373008-57] DEBUG org.eclipse.jetty.io.ssl.SslConnection - wrap Status = OK HandshakeStatus = FINISHED bytesConsumed = 0 bytesProduced = 88 [p=0,l=88,c=17408,r=88] ioDone=false/false
04:06:39.588 [qtp399373008-57] DEBUG org.eclipse.jetty.io.ChannelEndPoint - flushed 88 SocketChannelEndPoint@7bd5f03c{l=/127.0.0.1:35537,r=/127.0.0.1:60868,OPEN,fill=-,flush=-,to=2/30000}{io=0/0,kio=0,kro=1}->SslConnection@54fe6c53{NOT_HANDSHAKING,eio=180/0,di=-1,fill=IDLE,flush=IDLE}~>DecryptedEndPoint@1bfa0f73{l=/127.0.0.1:35537,r=/127.0.0.1:60868,OPEN,fill=-,flush=-,to=43/30000}=>HttpConnection@26cff15f[p=HttpParser{s=START,0 of -1},g=HttpGenerator@1fb47028{s=START}]=>HttpChannelOverHttp@4a64a917{s=HttpChannelState@4ffa42a0{s=IDLE rs=BLOCKING os=OPEN is=IDLE awp=false se=false i=true al=0},r=0,c=false/false,a=IDLE,uri=null,age=0}
04:06:39.588 [qtp399373008-57] DEBUG org.eclipse.jetty.io.ssl.SslConnection - net flushed=true, ac=true
04:06:39.588 [qtp399373008-57] DEBUG org.eclipse.jetty.io.ssl.SslConnection - handshake succeeded SslConnection@54fe6c53::SocketChannelEndPoint@7bd5f03c{l=/127.0.0.1:35537,r=/127.0.0.1:60868,OPEN,fill=-,flush=-,to=0/30000}{io=0/0,kio=0,kro=1}->SslConnection@54fe6c53{NOT_HANDSHAKING,eio=180/0,di=-1,fill=IDLE,flush=IDLE}~>DecryptedEndPoint@1bfa0f73{l=/127.0.0.1:35537,r=/127.0.0.1:60868,OPEN,fill=-,flush=-,to=43/30000}=>HttpConnection@26cff15f[p=HttpParser{s=START,0 of -1},g=HttpGenerator@1fb47028{s=START}]=>HttpChannelOverHttp@4a64a917{s=HttpChannelState@4ffa42a0{s=IDLE rs=BLOCKING os=OPEN is=IDLE awp=false se=false i=true al=0},r=0,c=false/false,a=IDLE,uri=null,age=0} resumed server TLSv1.3/TLS_AES_256_GCM_SHA384
04:06:39.589 [qtp399373008-57] DEBUG org.eclipse.jetty.io.ssl.SslConnection - <flush true SslConnection@54fe6c53::SocketChannelEndPoint@7bd5f03c{l=/127.0.0.1:35537,r=/127.0.0.1:60868,OPEN,fill=-,flush=-,to=0/30000}{io=0/0,kio=0,kro=1}->SslConnection@54fe6c53{NOT_HANDSHAKING,eio=180/-1,di=-1,fill=IDLE,flush=IDLE}~>DecryptedEndPoint@1bfa0f73{l=/127.0.0.1:35537,r=/127.0.0.1:60868,OPEN,fill=-,flush=-,to=43/30000}=>HttpConnection@26cff15f[p=HttpParser{s=START,0 of -1},g=HttpGenerator@1fb47028{s=START}]=>HttpChannelOverHttp@4a64a917{s=HttpChannelState@4ffa42a0{s=IDLE rs=BLOCKING os=OPEN is=IDLE awp=false se=false i=true al=0},r=0,c=false/false,a=IDLE,uri=null,age=0}
04:06:39.589 [qtp399373008-57] DEBUG org.eclipse.jetty.io.ssl.SslConnection - fill NOT_HANDSHAKING
04:06:39.589 [qtp399373008-57] DEBUG org.eclipse.jetty.io.ChannelEndPoint - filled 0 HeapByteBuffer@3dc4242d[p=1338,l=1518,c=17408,r=180]={\x17\x03\x03\x03\xAd\x0b\x00\x03\x88...\x853*\x02\x19\x98\x9a<<<\x17\x03\x03\x00\xAf\xDf\x97'\xB5\x1e\xFa}\xCa\x02}\x02\xD1\xD4M\xDa\xEa\x11]D\x88...y1\x90&)\xF5xI\xEcCD4\x94o\xF2{h\x88\xD0\xA6T\x01\x19>>>\x00\x00\x00\x00\x00\x00\x00\x00\x00...\x00\x00\x00\x00\x00\x00\x00}
04:06:39.589 [qtp399373008-57] DEBUG org.eclipse.jetty.io.ssl.SslConnection - net filled=0
04:06:39.589 [qtp399373008-57] DEBUG org.eclipse.jetty.io.ssl.SslConnection - unwrap net_filled=0 Status = OK HandshakeStatus = NOT_HANDSHAKING bytesConsumed = 180 bytesProduced = 142 encryptedBuffer=[p=1518,l=1518,c=17408,r=0] unwrapBuffer=HeapByteBuffer@373c4f5d[p=0,l=142,c=17408,r=142]={<<<GET /config.yml HTTP/1.1\r...gent: okhttp/3.12.3\r\n\r\n>>>\xF9\x9c\xA3\xD5\xA8\xA2i]S...\x00\x00\x00\x00\x00\x00\x00} appBuffer=HeapByteBuffer@373c4f5d[p=0,l=142,c=17408,r=142]={<<<GET /config.yml HTTP/1.1\r...gent: okhttp/3.12.3\r\n\r\n>>>\xF9\x9c\xA3\xD5\xA8\xA2i]S...\x00\x00\x00\x00\x00\x00\x00}
04:06:39.589 [qtp399373008-57] DEBUG org.eclipse.jetty.io.ssl.SslConnection - <fill f=142 uf=false SslConnection@54fe6c53::SocketChannelEndPoint@7bd5f03c{l=/127.0.0.1:35537,r=/127.0.0.1:60868,OPEN,fill=-,flush=-,to=0/30000}{io=0/0,kio=0,kro=1}->SslConnection@54fe6c53{NOT_HANDSHAKING,eio=-1/-1,di=-1,fill=IDLE,flush=IDLE}~>DecryptedEndPoint@1bfa0f73{l=/127.0.0.1:35537,r=/127.0.0.1:60868,OPEN,fill=-,flush=-,to=43/30000}=>HttpConnection@26cff15f[p=HttpParser{s=START,0 of -1},g=HttpGenerator@1fb47028{s=START}]=>HttpChannelOverHttp@4a64a917{s=HttpChannelState@4ffa42a0{s=IDLE rs=BLOCKING os=OPEN is=IDLE awp=false se=false i=true al=0},r=0,c=false/false,a=IDLE,uri=null,age=0}
04:06:39.589 [qtp399373008-57] DEBUG org.eclipse.jetty.server.HttpConnection - HttpConnection@26cff15f::DecryptedEndPoint@1bfa0f73{l=/127.0.0.1:35537,r=/127.0.0.1:60868,OPEN,fill=-,flush=-,to=43/30000} filled 142 HeapByteBuffer@373c4f5d[p=0,l=142,c=17408,r=142]={<<<GET /config.yml HTTP/1.1\r...gent: okhttp/3.12.3\r\n\r\n>>>\xF9\x9c\xA3\xD5\xA8\xA2i]S...\x00\x00\x00\x00\x00\x00\x00}
04:06:39.589 [qtp399373008-57] DEBUG org.eclipse.jetty.server.HttpConnection - HttpConnection@26cff15f::DecryptedEndPoint@1bfa0f73{l=/127.0.0.1:35537,r=/127.0.0.1:60868,OPEN,fill=-,flush=-,to=43/30000} parse HeapByteBuffer@373c4f5d[p=0,l=142,c=17408,r=142]={<<<GET /config.yml HTTP/1.1\r...gent: okhttp/3.12.3\r\n\r\n>>>\xF9\x9c\xA3\xD5\xA8\xA2i]S...\x00\x00\x00\x00\x00\x00\x00} {}
04:06:39.589 [qtp399373008-57] DEBUG org.eclipse.jetty.http.HttpParser - parseNext s=START HeapByteBuffer@373c4f5d[p=0,l=142,c=17408,r=142]={<<<GET /config.yml HTTP/1.1\r...gent: okhttp/3.12.3\r\n\r\n>>>\xF9\x9c\xA3\xD5\xA8\xA2i]S...\x00\x00\x00\x00\x00\x00\x00}
04:06:39.589 [qtp399373008-57] DEBUG org.eclipse.jetty.http.HttpParser - START --> SPACE1
04:06:39.589 [qtp399373008-57] DEBUG org.eclipse.jetty.http.HttpParser - SPACE1 --> URI
04:06:39.589 [qtp399373008-57] DEBUG org.eclipse.jetty.http.HttpParser - URI --> SPACE2
04:06:39.589 [qtp399373008-57] DEBUG org.eclipse.jetty.http.HttpParser - SPACE2 --> REQUEST_VERSION
04:06:39.589 [qtp399373008-57] DEBUG org.eclipse.jetty.http.HttpParser - REQUEST_VERSION --> HEADER
04:06:39.589 [qtp399373008-57] DEBUG org.eclipse.jetty.http.HttpParser - HEADER:If-None-Match --> VALUE
04:06:39.589 [qtp399373008-57] DEBUG org.eclipse.jetty.http.HttpParser - HEADER:If-None-Match --> FIELD
04:06:39.589 [qtp399373008-57] DEBUG org.eclipse.jetty.http.HttpParser - HEADER:Host --> VALUE
04:06:39.589 [qtp399373008-57] DEBUG org.eclipse.jetty.http.HttpParser - HEADER:Host --> IN_VALUE
04:06:39.589 [qtp399373008-57] DEBUG org.eclipse.jetty.http.HttpParser - HEADER:Host --> FIELD
04:06:39.589 [qtp399373008-57] DEBUG org.eclipse.jetty.http.HttpParser - HEADER:Connection: keep-alive --> IN_VALUE
04:06:39.589 [qtp399373008-57] DEBUG org.eclipse.jetty.http.HttpParser - HEADER:Connection: keep-alive --> FIELD
04:06:39.589 [qtp399373008-57] DEBUG org.eclipse.jetty.http.HttpParser - HEADER:Accept-Encoding: gzip --> IN_VALUE
04:06:39.589 [qtp399373008-57] DEBUG org.eclipse.jetty.http.HttpParser - HEADER:Accept-Encoding: gzip --> FIELD
04:06:39.589 [qtp399373008-57] DEBUG org.eclipse.jetty.http.HttpParser - HEADER:User-Agent --> VALUE
04:06:39.589 [qtp399373008-57] DEBUG org.eclipse.jetty.http.HttpParser - HEADER:User-Agent --> IN_VALUE
04:06:39.589 [qtp399373008-57] DEBUG org.eclipse.jetty.http.HttpParser - HEADER:User-Agent --> FIELD
04:06:39.589 [qtp399373008-57] DEBUG org.eclipse.jetty.http.HttpParser - HEADER --> CONTENT
04:06:39.589 [qtp399373008-57] DEBUG org.eclipse.jetty.server.HttpChannel - REQUEST for //localhost:35537/config.yml on HttpChannelOverHttp@4a64a917{s=HttpChannelState@4ffa42a0{s=IDLE rs=BLOCKING os=OPEN is=IDLE awp=false se=false i=true al=0},r=1,c=false/false,a=IDLE,uri=//localhost:35537/config.yml,age=0}
GET //localhost:35537/config.yml HTTP/1.1
If-None-Match: 
Host: localhost:35537
Connection: keep-alive
Accept-Encoding: gzip
User-Agent: okhttp/3.12.3


04:06:39.589 [qtp399373008-57] DEBUG org.eclipse.jetty.server.HttpConnection - HttpConnection@26cff15f::DecryptedEndPoint@1bfa0f73{l=/127.0.0.1:35537,r=/127.0.0.1:60868,OPEN,fill=-,flush=-,to=44/30000} parsed true HttpParser{s=CONTENT,0 of -1}
04:06:39.589 [qtp399373008-57] DEBUG org.eclipse.jetty.server.HttpConnection - releaseRequestBuffer HttpConnection@26cff15f::DecryptedEndPoint@1bfa0f73{l=/127.0.0.1:35537,r=/127.0.0.1:60868,OPEN,fill=-,flush=-,to=44/30000}
04:06:39.589 [qtp399373008-57] DEBUG org.eclipse.jetty.server.HttpChannel - handle //localhost:35537/config.yml HttpChannelOverHttp@4a64a917{s=HttpChannelState@4ffa42a0{s=IDLE rs=BLOCKING os=OPEN is=IDLE awp=false se=false i=true al=0},r=1,c=false/false,a=IDLE,uri=//localhost:35537/config.yml,age=0} 
04:06:39.589 [qtp399373008-57] DEBUG org.eclipse.jetty.server.HttpChannelState - handling HttpChannelState@4ffa42a0{s=IDLE rs=BLOCKING os=OPEN is=IDLE awp=false se=false i=true al=0}
04:06:39.589 [qtp399373008-57] DEBUG org.eclipse.jetty.server.HttpChannel - action DISPATCH HttpChannelOverHttp@4a64a917{s=HttpChannelState@4ffa42a0{s=HANDLING rs=BLOCKING os=OPEN is=IDLE awp=false se=false i=true al=0},r=1,c=false/false,a=HANDLING,uri=//localhost:35537/config.yml,age=0}
04:06:39.589 [qtp399373008-57] DEBUG org.eclipse.jetty.server.SecureRequestCustomizer - Host localhost with SNI null
04:06:39.589 [qtp399373008-57] DEBUG org.eclipse.jetty.server.Server - REQUEST GET /config.yml on HttpChannelOverHttp@4a64a917{s=HttpChannelState@4ffa42a0{s=HANDLING rs=BLOCKING os=OPEN is=IDLE awp=false se=false i=true al=0},r=1,c=false/false,a=HANDLING,uri=https://localhost:35537/config.yml,age=0}
04:06:39.590 [qtp399373008-57] DEBUG org.eclipse.jetty.server.HttpOutput - write(array HeapByteBuffer@231431b6[p=0,l=4,c=512,r=4]={<<<path>>>\x00\x00\x00\x00\x00\x00\x00\x00\x00...\x00\x00\x00\x00\x00\x00\x00})
04:06:39.590 [qtp399373008-57] DEBUG org.eclipse.jetty.server.HttpOutput - write(array) s=CLOSING,api=BLOCKED,sc=false,e=null last=true agg=false flush=true async=false, len=4 null
04:06:39.590 [qtp399373008-57] DEBUG org.eclipse.jetty.server.HttpChannel - sendResponse info=null content=HeapByteBuffer@2fd8e796[p=0,l=4,c=512,r=4]={<<<path>>>\x00\x00\x00\x00\x00\x00\x00\x00\x00...\x00\x00\x00\x00\x00\x00\x00} complete=true committing=true callback=Blocker@541ec90b{null}
04:06:39.590 [qtp399373008-57] DEBUG org.eclipse.jetty.server.HttpChannel - COMMIT for /config.yml on HttpChannelOverHttp@4a64a917{s=HttpChannelState@4ffa42a0{s=HANDLING rs=BLOCKING os=COMMITTED is=IDLE awp=false se=false i=true al=0},r=1,c=false/false,a=HANDLING,uri=https://localhost:35537/config.yml,age=1}
200 null HTTP/1.1
Date: Thu, 02 May 2024 03:06:39 GMT
ETag: testEtag
Content-Type: text/plain;charset=utf-8
Content-Length: 4


04:06:39.590 [qtp399373008-57] DEBUG org.eclipse.jetty.server.HttpConnection - generate: NEED_HEADER for SendCallback@7c008259[PROCESSING][i=HTTP/1.1{s=200,h=4,cl=4},cb=org.eclipse.jetty.server.HttpChannel$SendCallback@7e9b85ee] (null,[p=0,l=4,c=512,r=4],true)@START
04:06:39.590 [qtp399373008-57] DEBUG org.eclipse.jetty.http.HttpGenerator - generateHeaders HTTP/1.1{s=200,h=4,cl=4} last=true content=HeapByteBuffer@2fd8e796[p=0,l=4,c=512,r=4]={<<<path>>>\x00\x00\x00\x00\x00\x00\x00\x00\x00...\x00\x00\x00\x00\x00\x00\x00}
04:06:39.590 [qtp399373008-57] DEBUG org.eclipse.jetty.http.HttpGenerator - Date: Thu, 02 May 2024 03:06:39 GMT
ETag: testEtag
Content-Type: text/plain;charset=utf-8
Content-Length: 4


04:06:39.590 [qtp399373008-57] DEBUG org.eclipse.jetty.http.HttpGenerator - CONTENT_LENGTH
04:06:39.590 [qtp399373008-57] DEBUG org.eclipse.jetty.server.HttpConnection - generate: FLUSH for SendCallback@7c008259[PROCESSING][i=HTTP/1.1{s=200,h=4,cl=4},cb=org.eclipse.jetty.server.HttpChannel$SendCallback@7e9b85ee] ([p=0,l=164,c=8192,r=164],[p=0,l=4,c=512,r=4],true)@COMPLETING
04:06:39.590 [qtp399373008-57] DEBUG org.eclipse.jetty.io.WriteFlusher - write: WriteFlusher@169729fc{IDLE}->null [HeapByteBuffer@341ac865[p=0,l=164,c=8192,r=164]={<<<HTTP/1.1 200 OK\r\nDate: Th...y(9.4.44.v20210927)\r\n\r\n>>>\x00\x00\x00\x00\x00\x00\x00\x00\x00...\x00\x00\x00\x00\x00\x00\x00},HeapByteBuffer@2fd8e796[p=0,l=4,c=512,r=4]={<<<path>>>\x00\x00\x00\x00\x00\x00\x00\x00\x00...\x00\x00\x00\x00\x00\x00\x00}]
04:06:39.590 [qtp399373008-57] DEBUG org.eclipse.jetty.io.WriteFlusher - update WriteFlusher@169729fc{WRITING}->null:IDLE-->WRITING
04:06:39.590 [qtp399373008-57] DEBUG org.eclipse.jetty.io.ssl.SslConnection - >flush SslConnection@54fe6c53::SocketChannelEndPoint@7bd5f03c{l=/127.0.0.1:35537,r=/127.0.0.1:60868,OPEN,fill=-,flush=-,to=1/30000}{io=0/0,kio=0,kro=1}->SslConnection@54fe6c53{NOT_HANDSHAKING,eio=-1/-1,di=-1,fill=IDLE,flush=IDLE}~>DecryptedEndPoint@1bfa0f73{l=/127.0.0.1:35537,r=/127.0.0.1:60868,OPEN,fill=-,flush=W,to=44/30000}=>HttpConnection@26cff15f[p=HttpParser{s=CONTENT,0 of -1},g=HttpGenerator@1fb47028{s=COMPLETING}]=>HttpChannelOverHttp@4a64a917{s=HttpChannelState@4ffa42a0{s=HANDLING rs=BLOCKING os=COMMITTED is=IDLE awp=false se=false i=true al=0},r=1,c=false/false,a=HANDLING,uri=https://localhost:35537/config.yml,age=1}
04:06:39.590 [qtp399373008-57] DEBUG org.eclipse.jetty.io.ssl.SslConnection - flush b[0]=HeapByteBuffer@341ac865[p=0,l=164,c=8192,r=164]={<<<HTTP/1.1 200 OK\r\nDate: Th...y(9.4.44.v20210927)\r\n\r\n>>>\x00\x00\x00\x00\x00\x00\x00\x00\x00...\x00\x00\x00\x00\x00\x00\x00}
04:06:39.590 [qtp399373008-57] DEBUG org.eclipse.jetty.io.ssl.SslConnection - flush b[1]=HeapByteBuffer@2fd8e796[p=0,l=4,c=512,r=4]={<<<path>>>\x00\x00\x00\x00\x00\x00\x00\x00\x00...\x00\x00\x00\x00\x00\x00\x00}
04:06:39.590 [qtp399373008-57] DEBUG org.eclipse.jetty.io.ssl.SslConnection - flush NOT_HANDSHAKING
04:06:39.590 [qtp399373008-57] DEBUG org.eclipse.jetty.io.ssl.SslConnection - wrap Status = OK HandshakeStatus = NOT_HANDSHAKING bytesConsumed = 168 bytesProduced = 206 [p=0,l=206,c=17408,r=206] ioDone=false/false
04:06:39.590 [qtp399373008-57] DEBUG org.eclipse.jetty.io.ChannelEndPoint - flushed 206 SocketChannelEndPoint@7bd5f03c{l=/127.0.0.1:35537,r=/127.0.0.1:60868,OPEN,fill=-,flush=-,to=1/30000}{io=0/0,kio=0,kro=1}->SslConnection@54fe6c53{NOT_HANDSHAKING,eio=-1/0,di=-1,fill=IDLE,flush=IDLE}~>DecryptedEndPoint@1bfa0f73{l=/127.0.0.1:35537,r=/127.0.0.1:60868,OPEN,fill=-,flush=W,to=44/30000}=>HttpConnection@26cff15f[p=HttpParser{s=CONTENT,0 of -1},g=HttpGenerator@1fb47028{s=COMPLETING}]=>HttpChannelOverHttp@4a64a917{s=HttpChannelState@4ffa42a0{s=HANDLING rs=BLOCKING os=COMMITTED is=IDLE awp=false se=false i=true al=0},r=1,c=false/false,a=HANDLING,uri=https://localhost:35537/config.yml,age=1}
04:06:39.590 [qtp399373008-57] DEBUG org.eclipse.jetty.io.ssl.SslConnection - net flushed=true, ac=true
04:06:39.590 [qtp399373008-57] DEBUG org.eclipse.jetty.io.ssl.SslConnection - <flush true SslConnection@54fe6c53::SocketChannelEndPoint@7bd5f03c{l=/127.0.0.1:35537,r=/127.0.0.1:60868,OPEN,fill=-,flush=-,to=0/30000}{io=0/0,kio=0,kro=1}->SslConnection@54fe6c53{NOT_HANDSHAKING,eio=-1/-1,di=-1,fill=IDLE,flush=IDLE}~>DecryptedEndPoint@1bfa0f73{l=/127.0.0.1:35537,r=/127.0.0.1:60868,OPEN,fill=-,flush=W,to=45/30000}=>HttpConnection@26cff15f[p=HttpParser{s=CONTENT,0 of -1},g=HttpGenerator@1fb47028{s=COMPLETING}]=>HttpChannelOverHttp@4a64a917{s=HttpChannelState@4ffa42a0{s=HANDLING rs=BLOCKING os=COMMITTED is=IDLE awp=false se=false i=true al=0},r=1,c=false/false,a=HANDLING,uri=https://localhost:35537/config.yml,age=1}
04:06:39.590 [qtp399373008-57] DEBUG org.eclipse.jetty.io.WriteFlusher - Flushed=true written=168 remaining=0 WriteFlusher@169729fc{WRITING}->null
04:06:39.590 [qtp399373008-57] DEBUG org.eclipse.jetty.io.WriteFlusher - update WriteFlusher@169729fc{IDLE}->null:WRITING-->IDLE
04:06:39.590 [main] DEBUG org.apache.nifi.minifi.bootstrap.configuration.ingestors.PullHttpChangeIngestor - Response received: Response{protocol=http/1.1, code=200, message=OK, url=https://localhost:35537/config.yml}
04:06:39.590 [qtp399373008-57] DEBUG org.eclipse.jetty.server.HttpConnection - generate: DONE for SendCallback@7c008259[PROCESSING][i=HTTP/1.1{s=200,h=4,cl=4},cb=org.eclipse.jetty.server.HttpChannel$SendCallback@7e9b85ee] ([p=164,l=164,c=8192,r=0],[p=4,l=4,c=512,r=0],true)@END
04:06:39.590 [qtp399373008-57] DEBUG org.eclipse.jetty.server.HttpOutput - onWriteComplete(true,null) s=CLOSING,api=BLOCKED,sc=false,e=null->s=CLOSED,api=BLOCKING,sc=false,e=null c=null cb=null w=false
04:06:39.590 [qtp399373008-57] DEBUG org.eclipse.jetty.server.HttpOutput - close() s=CLOSED,api=BLOCKING,sc=false,e=null c=null b=null
04:06:39.590 [qtp399373008-57] DEBUG org.eclipse.jetty.server.Server - handled=true async=false committed=true on HttpChannelOverHttp@4a64a917{s=HttpChannelState@4ffa42a0{s=HANDLING rs=BLOCKING os=COMPLETED is=IDLE awp=false se=false i=true al=0},r=1,c=false/true,a=HANDLING,uri=https://localhost:35537/config.yml,age=1}
04:06:39.590 [main] DEBUG org.apache.nifi.minifi.bootstrap.configuration.ingestors.PullHttpChangeIngestor - New change received, notifying listener
04:06:39.590 [qtp399373008-57] DEBUG org.eclipse.jetty.server.HttpChannelState - unhandle HttpChannelState@4ffa42a0{s=HANDLING rs=BLOCKING os=COMPLETED is=IDLE awp=false se=false i=true al=0}
04:06:39.590 [qtp399373008-57] DEBUG org.eclipse.jetty.server.HttpChannelState - nextAction(false) COMPLETE HttpChannelState@4ffa42a0{s=HANDLING rs=COMPLETING os=COMPLETED is=IDLE awp=false se=false i=false al=0}
04:06:39.590 [main] DEBUG org.apache.nifi.minifi.bootstrap.configuration.ingestors.PullHttpChangeIngestor - Listeners notified
04:06:39.590 [qtp399373008-57] DEBUG org.eclipse.jetty.server.HttpChannel - action COMPLETE HttpChannelOverHttp@4a64a917{s=HttpChannelState@4ffa42a0{s=HANDLING rs=COMPLETING os=COMPLETED is=IDLE awp=false se=false i=false al=0},r=1,c=false/true,a=HANDLING,uri=https://localhost:35537/config.yml,age=1}
04:06:39.590 [qtp399373008-57] DEBUG org.eclipse.jetty.server.HttpOutput - complete(org.eclipse.jetty.util.Callback$3@34e3ecb4) s=CLOSED,api=BLOCKING,sc=false,e=null s=true e=null, c=null
04:06:39.590 [qtp399373008-57] DEBUG org.eclipse.jetty.server.HttpChannelState - completed HttpChannelState@4ffa42a0{s=HANDLING rs=COMPLETING os=COMPLETED is=IDLE awp=false se=false i=false al=0}
04:06:39.591 [qtp399373008-57] DEBUG org.eclipse.jetty.server.HttpChannelState - unhandle HttpChannelState@4ffa42a0{s=HANDLING rs=COMPLETED os=COMPLETED is=IDLE awp=false se=false i=false al=0}
04:06:39.591 [main] DEBUG org.apache.nifi.minifi.bootstrap.configuration.ingestors.PullHttpChangeIngestor - Attempting to pull new config
04:06:39.591 [qtp399373008-57] DEBUG org.eclipse.jetty.server.HttpChannelState - nextAction(false) TERMINATED HttpChannelState@4ffa42a0{s=IDLE rs=COMPLETED os=COMPLETED is=IDLE awp=false se=false i=false al=0}
04:06:39.591 [qtp399373008-57] DEBUG org.eclipse.jetty.server.HttpChannel - action TERMINATED HttpChannelOverHttp@4a64a917{s=HttpChannelState@4ffa42a0{s=IDLE rs=COMPLETED os=COMPLETED is=IDLE awp=false se=false i=false al=0},r=1,c=true/true,a=IDLE,uri=https://localhost:35537/config.yml,age=2}
04:06:39.591 [qtp399373008-57] DEBUG org.eclipse.jetty.server.HttpChannel - onCompleted for /config.yml written=4
04:06:39.591 [qtp399373008-57] DEBUG org.eclipse.jetty.io.ssl.SslConnection - >fill SslConnection@54fe6c53::SocketChannelEndPoint@7bd5f03c{l=/127.0.0.1:35537,r=/127.0.0.1:60868,OPEN,fill=-,flush=-,to=0/30000}{io=0/0,kio=0,kro=1}->SslConnection@54fe6c53{NOT_HANDSHAKING,eio=-1/-1,di=-1,fill=IDLE,flush=IDLE}~>DecryptedEndPoint@1bfa0f73{l=/127.0.0.1:35537,r=/127.0.0.1:60868,OPEN,fill=-,flush=-,to=45/30000}=>HttpConnection@26cff15f[p=HttpParser{s=CONTENT,0 of -1},g=HttpGenerator@1fb47028{s=END}]=>HttpChannelOverHttp@4a64a917{s=HttpChannelState@4ffa42a0{s=IDLE rs=COMPLETED os=COMPLETED is=IDLE awp=false se=false i=false al=0},r=1,c=true/true,a=IDLE,uri=https://localhost:35537/config.yml,age=2}
04:06:39.591 [qtp399373008-57] DEBUG org.eclipse.jetty.io.ssl.SslConnection - fill NOT_HANDSHAKING
04:06:39.591 [qtp399373008-57] DEBUG org.eclipse.jetty.io.ChannelEndPoint - filled 0 HeapByteBuffer@373c4f5d[p=0,l=0,c=17408,r=0]={<<<>>>GET /conf...\x00\x00\x00\x00\x00\x00\x00}
04:06:39.591 [qtp399373008-57] DEBUG org.eclipse.jetty.io.ssl.SslConnection - net filled=0
04:06:39.591 [qtp399373008-57] DEBUG org.eclipse.jetty.io.ssl.SslConnection - unwrap net_filled=0 Status = BUFFER_UNDERFLOW HandshakeStatus = NOT_HANDSHAKING bytesConsumed = 0 bytesProduced = 0 encryptedBuffer=[p=0,l=0,c=17408,r=0] unwrapBuffer=HeapByteBuffer@3dc4242d[p=0,l=0,c=17408,r=0]={<<<>>>\x17\x03\x03\x03\xAd\x0b\x00\x03\x88...\x00\x00\x00\x00\x00\x00\x00} appBuffer=HeapByteBuffer@3dc4242d[p=0,l=0,c=17408,r=0]={<<<>>>\x17\x03\x03\x03\xAd\x0b\x00\x03\x88...\x00\x00\x00\x00\x00\x00\x00}
04:06:39.591 [qtp399373008-57] DEBUG org.eclipse.jetty.io.ssl.SslConnection - <fill f=0 uf=true SslConnection@54fe6c53::SocketChannelEndPoint@7bd5f03c{l=/127.0.0.1:35537,r=/127.0.0.1:60868,OPEN,fill=-,flush=-,to=0/30000}{io=0/0,kio=0,kro=1}->SslConnection@54fe6c53{NOT_HANDSHAKING,eio=-1/-1,di=-1,fill=IDLE,flush=IDLE}~>DecryptedEndPoint@1bfa0f73{l=/127.0.0.1:35537,r=/127.0.0.1:60868,OPEN,fill=-,flush=-,to=45/30000}=>HttpConnection@26cff15f[p=HttpParser{s=CONTENT,0 of -1},g=HttpGenerator@1fb47028{s=END}]=>HttpChannelOverHttp@4a64a917{s=HttpChannelState@4ffa42a0{s=IDLE rs=COMPLETED os=COMPLETED is=IDLE awp=false se=false i=false al=0},r=1,c=true/true,a=IDLE,uri=https://localhost:35537/config.yml,age=2}
04:06:39.591 [qtp399373008-57] DEBUG org.eclipse.jetty.io.ssl.SslConnection - >fill SslConnection@54fe6c53::SocketChannelEndPoint@7bd5f03c{l=/127.0.0.1:35537,r=/127.0.0.1:60868,OPEN,fill=-,flush=-,to=0/30000}{io=0/0,kio=0,kro=1}->SslConnection@54fe6c53{NOT_HANDSHAKING,eio=-1/-1,di=-1,fill=IDLE,flush=IDLE}~>DecryptedEndPoint@1bfa0f73{l=/127.0.0.1:35537,r=/127.0.0.1:60868,OPEN,fill=-,flush=-,to=45/30000}=>HttpConnection@26cff15f[p=HttpParser{s=CONTENT,0 of -1},g=HttpGenerator@1fb47028{s=END}]=>HttpChannelOverHttp@4a64a917{s=HttpChannelState@4ffa42a0{s=IDLE rs=COMPLETED os=COMPLETED is=IDLE awp=false se=false i=false al=0},r=1,c=true/true,a=IDLE,uri=https://localhost:35537/config.yml,age=2}
04:06:39.591 [qtp399373008-57] DEBUG org.eclipse.jetty.io.ssl.SslConnection - fill NOT_HANDSHAKING
04:06:39.591 [qtp399373008-57] DEBUG org.eclipse.jetty.io.ChannelEndPoint - filled 190 HeapByteBuffer@3303dde5[p=0,l=190,c=17408,r=190]={<<<\x17\x03\x03\x00\xB9\x89'`\xEf\xE6\xAa\xA4`w\xBf\x07\xC4\x0e4\r7\xB7\x9c6\xE2...\x1b\xA79\xDc+X\x92\x93\xE6sU\x0e\x14\xBb\xC5\x07\xEe\xF5\x955\xD1\xE8\xCc>>>w_M\xDaK\xA2\xFc\x0f\xAa...\x00\x00\x00\x00\x00\x00\x00}
04:06:39.591 [qtp399373008-57] DEBUG org.eclipse.jetty.io.ssl.SslConnection - net filled=190
04:06:39.591 [qtp399373008-57] DEBUG org.eclipse.jetty.io.ssl.SslConnection - unwrap net_filled=190 Status = OK HandshakeStatus = NOT_HANDSHAKING bytesConsumed = 190 bytesProduced = 152 encryptedBuffer=[p=190,l=190,c=17408,r=0] unwrapBuffer=HeapByteBuffer@3dc4242d[p=0,l=152,c=17408,r=152]={<<<GET /config.yml HTTP/1.1\r...gent: okhttp/3.12.3\r\n\r\n>>>ocalhost0...\x00\x00\x00\x00\x00\x00\x00} appBuffer=HeapByteBuffer@3dc4242d[p=0,l=152,c=17408,r=152]={<<<GET /config.yml HTTP/1.1\r...gent: okhttp/3.12.3\r\n\r\n>>>ocalhost0...\x00\x00\x00\x00\x00\x00\x00}
04:06:39.591 [qtp399373008-57] DEBUG org.eclipse.jetty.io.ssl.SslConnection - <fill f=152 uf=false SslConnection@54fe6c53::SocketChannelEndPoint@7bd5f03c{l=/127.0.0.1:35537,r=/127.0.0.1:60868,OPEN,fill=-,flush=-,to=0/30000}{io=0/0,kio=0,kro=1}->SslConnection@54fe6c53{NOT_HANDSHAKING,eio=-1/-1,di=-1,fill=IDLE,flush=IDLE}~>DecryptedEndPoint@1bfa0f73{l=/127.0.0.1:35537,r=/127.0.0.1:60868,OPEN,fill=-,flush=-,to=45/30000}=>HttpConnection@26cff15f[p=HttpParser{s=CONTENT,0 of -1},g=HttpGenerator@1fb47028{s=END}]=>HttpChannelOverHttp@4a64a917{s=HttpChannelState@4ffa42a0{s=IDLE rs=COMPLETED os=COMPLETED is=IDLE awp=false se=false i=false al=0},r=1,c=true/true,a=IDLE,uri=https://localhost:35537/config.yml,age=2}
04:06:39.591 [qtp399373008-57] DEBUG org.eclipse.jetty.server.HttpConnection - HttpConnection@26cff15f::DecryptedEndPoint@1bfa0f73{l=/127.0.0.1:35537,r=/127.0.0.1:60868,OPEN,fill=-,flush=-,to=46/30000} filled 152 HeapByteBuffer@3dc4242d[p=0,l=152,c=17408,r=152]={<<<GET /config.yml HTTP/1.1\r...gent: okhttp/3.12.3\r\n\r\n>>>ocalhost0...\x00\x00\x00\x00\x00\x00\x00}
04:06:39.591 [qtp399373008-57] DEBUG org.eclipse.jetty.server.HttpConnection - HttpConnection@26cff15f::DecryptedEndPoint@1bfa0f73{l=/127.0.0.1:35537,r=/127.0.0.1:60868,OPEN,fill=-,flush=-,to=46/30000} parse HeapByteBuffer@3dc4242d[p=0,l=152,c=17408,r=152]={<<<GET /config.yml HTTP/1.1\r...gent: okhttp/3.12.3\r\n\r\n>>>ocalhost0...\x00\x00\x00\x00\x00\x00\x00} {}
04:06:39.591 [qtp399373008-57] DEBUG org.eclipse.jetty.http.HttpParser - parseNext s=CONTENT HeapByteBuffer@3dc4242d[p=0,l=152,c=17408,r=152]={<<<GET /config.yml HTTP/1.1\r...gent: okhttp/3.12.3\r\n\r\n>>>ocalhost0...\x00\x00\x00\x00\x00\x00\x00}
04:06:39.591 [qtp399373008-57] DEBUG org.eclipse.jetty.http.HttpParser - CONTENT --> CONTENT_END
04:06:39.591 [qtp399373008-57] DEBUG org.eclipse.jetty.server.HttpChannel - onContentComplete HttpChannelOverHttp@4a64a917{s=HttpChannelState@4ffa42a0{s=IDLE rs=COMPLETED os=COMPLETED is=IDLE awp=false se=false i=false al=0},r=1,c=true/true,a=IDLE,uri=https://localhost:35537/config.yml,age=2}
04:06:39.591 [qtp399373008-57] DEBUG org.eclipse.jetty.http.HttpParser - CONTENT_END --> END
04:06:39.591 [qtp399373008-57] DEBUG org.eclipse.jetty.server.HttpChannel - onRequestComplete HttpChannelOverHttp@4a64a917{s=HttpChannelState@4ffa42a0{s=IDLE rs=COMPLETED os=COMPLETED is=IDLE awp=false se=false i=false al=0},r=1,c=true/true,a=IDLE,uri=https://localhost:35537/config.yml,age=2}
04:06:39.591 [qtp399373008-57] DEBUG org.eclipse.jetty.server.HttpInput - HttpInputOverHTTP@4c09b23b[c=0,q=0,[0]=null,s=STREAM] addContent EOF
04:06:39.591 [qtp399373008-57] DEBUG org.eclipse.jetty.server.HttpConnection - HttpConnection@26cff15f::DecryptedEndPoint@1bfa0f73{l=/127.0.0.1:35537,r=/127.0.0.1:60868,OPEN,fill=-,flush=-,to=46/30000} parsed false HttpParser{s=END,0 of -1}
04:06:39.591 [qtp399373008-57] DEBUG org.eclipse.jetty.server.HttpChannelState - recycle HttpChannelState@4ffa42a0{s=IDLE rs=COMPLETED os=COMPLETED is=IDLE awp=false se=false i=false al=0}
04:06:39.591 [qtp399373008-57] DEBUG org.eclipse.jetty.http.HttpParser - reset HttpParser{s=END,0 of -1}
04:06:39.591 [qtp399373008-57] DEBUG org.eclipse.jetty.http.HttpParser - END --> START
04:06:39.591 [qtp399373008-57] DEBUG org.eclipse.jetty.server.HttpChannel - !handle TERMINATED HttpChannelOverHttp@4a64a917{s=HttpChannelState@4ffa42a0{s=IDLE rs=BLOCKING os=OPEN is=IDLE awp=false se=false i=true al=0},r=1,c=false/false,a=IDLE,uri=null,age=0}
04:06:39.591 [qtp399373008-57] DEBUG org.eclipse.jetty.server.HttpConnection - HttpConnection@26cff15f::DecryptedEndPoint@1bfa0f73{l=/127.0.0.1:35537,r=/127.0.0.1:60868,OPEN,fill=-,flush=-,to=46/30000} parse HeapByteBuffer@3dc4242d[p=0,l=152,c=17408,r=152]={<<<GET /config.yml HTTP/1.1\r...gent: okhttp/3.12.3\r\n\r\n>>>ocalhost0...\x00\x00\x00\x00\x00\x00\x00} {}
04:06:39.591 [qtp399373008-57] DEBUG org.eclipse.jetty.http.HttpParser - parseNext s=START HeapByteBuffer@3dc4242d[p=0,l=152,c=17408,r=152]={<<<GET /config.yml HTTP/1.1\r...gent: okhttp/3.12.3\r\n\r\n>>>ocalhost0...\x00\x00\x00\x00\x00\x00\x00}
04:06:39.591 [qtp399373008-57] DEBUG org.eclipse.jetty.http.HttpParser - START --> SPACE1
04:06:39.592 [qtp399373008-57] DEBUG org.eclipse.jetty.http.HttpParser - SPACE1 --> URI
04:06:39.592 [qtp399373008-57] DEBUG org.eclipse.jetty.http.HttpParser - URI --> SPACE2
04:06:39.592 [qtp399373008-57] DEBUG org.eclipse.jetty.http.HttpParser - SPACE2 --> REQUEST_VERSION
04:06:39.592 [qtp399373008-57] DEBUG org.eclipse.jetty.http.HttpParser - REQUEST_VERSION --> HEADER
04:06:39.592 [qtp399373008-57] DEBUG org.eclipse.jetty.http.HttpParser - HEADER:If-None-Match --> VALUE
04:06:39.592 [qtp399373008-57] DEBUG org.eclipse.jetty.http.HttpParser - HEADER:If-None-Match --> IN_VALUE
04:06:39.592 [qtp399373008-57] DEBUG org.eclipse.jetty.http.HttpParser - HEADER:If-None-Match --> FIELD
04:06:39.592 [qtp399373008-57] DEBUG org.eclipse.jetty.http.HttpParser - HEADER:Host: localhost:35537 --> IN_VALUE
04:06:39.592 [qtp399373008-57] DEBUG org.eclipse.jetty.http.HttpParser - HEADER:Host: localhost:35537 --> FIELD
04:06:39.592 [qtp399373008-57] DEBUG org.eclipse.jetty.http.HttpParser - HEADER:Connection: keep-alive --> IN_VALUE
04:06:39.592 [qtp399373008-57] DEBUG org.eclipse.jetty.http.HttpParser - HEADER:Connection: keep-alive --> FIELD
04:06:39.592 [qtp399373008-57] DEBUG org.eclipse.jetty.http.HttpParser - HEADER:Accept-Encoding: gzip --> IN_VALUE
04:06:39.592 [qtp399373008-57] DEBUG org.eclipse.jetty.http.HttpParser - HEADER:Accept-Encoding: gzip --> FIELD
04:06:39.592 [qtp399373008-57] DEBUG org.eclipse.jetty.http.HttpParser - HEADER:User-Agent: okhttp/3.12.3 --> IN_VALUE
04:06:39.592 [qtp399373008-57] DEBUG org.eclipse.jetty.http.HttpParser - HEADER:User-Agent: okhttp/3.12.3 --> FIELD
04:06:39.592 [qtp399373008-57] DEBUG org.eclipse.jetty.http.HttpParser - HEADER --> CONTENT
04:06:39.592 [qtp399373008-57] DEBUG org.eclipse.jetty.server.HttpChannel - REQUEST for //localhost:35537/config.yml on HttpChannelOverHttp@4a64a917{s=HttpChannelState@4ffa42a0{s=IDLE rs=BLOCKING os=OPEN is=IDLE awp=false se=false i=true al=0},r=2,c=false/false,a=IDLE,uri=//localhost:35537/config.yml,age=0}
GET //localhost:35537/config.yml HTTP/1.1
If-None-Match: "testEtag"
Host: localhost:35537
Connection: keep-alive
Accept-Encoding: gzip
User-Agent: okhttp/3.12.3


04:06:39.592 [qtp399373008-57] DEBUG org.eclipse.jetty.server.HttpConnection - HttpConnection@26cff15f::DecryptedEndPoint@1bfa0f73{l=/127.0.0.1:35537,r=/127.0.0.1:60868,OPEN,fill=-,flush=-,to=46/30000} parsed true HttpParser{s=CONTENT,0 of -1}
04:06:39.592 [qtp399373008-57] DEBUG org.eclipse.jetty.server.HttpConnection - releaseRequestBuffer HttpConnection@26cff15f::DecryptedEndPoint@1bfa0f73{l=/127.0.0.1:35537,r=/127.0.0.1:60868,OPEN,fill=-,flush=-,to=46/30000}
04:06:39.592 [qtp399373008-57] DEBUG org.eclipse.jetty.server.HttpChannel - handle //localhost:35537/config.yml HttpChannelOverHttp@4a64a917{s=HttpChannelState@4ffa42a0{s=IDLE rs=BLOCKING os=OPEN is=IDLE awp=false se=false i=true al=0},r=2,c=false/false,a=IDLE,uri=//localhost:35537/config.yml,age=0} 
04:06:39.592 [qtp399373008-57] DEBUG org.eclipse.jetty.server.HttpChannelState - handling HttpChannelState@4ffa42a0{s=IDLE rs=BLOCKING os=OPEN is=IDLE awp=false se=false i=true al=0}
04:06:39.592 [qtp399373008-57] DEBUG org.eclipse.jetty.server.HttpChannel - action DISPATCH HttpChannelOverHttp@4a64a917{s=HttpChannelState@4ffa42a0{s=HANDLING rs=BLOCKING os=OPEN is=IDLE awp=false se=false i=true al=0},r=2,c=false/false,a=HANDLING,uri=//localhost:35537/config.yml,age=0}
04:06:39.592 [qtp399373008-57] DEBUG org.eclipse.jetty.server.SecureRequestCustomizer - Host localhost with SNI null
04:06:39.592 [qtp399373008-57] DEBUG org.eclipse.jetty.server.Server - REQUEST GET /config.yml on HttpChannelOverHttp@4a64a917{s=HttpChannelState@4ffa42a0{s=HANDLING rs=BLOCKING os=OPEN is=IDLE awp=false se=false i=true al=0},r=2,c=false/false,a=HANDLING,uri=https://localhost:35537/config.yml,age=0}
04:06:39.592 [qtp399373008-57] DEBUG org.eclipse.jetty.server.Server - handled=true async=false committed=false on HttpChannelOverHttp@4a64a917{s=HttpChannelState@4ffa42a0{s=HANDLING rs=BLOCKING os=OPEN is=IDLE awp=false se=false i=true al=0},r=2,c=false/false,a=HANDLING,uri=https://localhost:35537/config.yml,age=0}
04:06:39.592 [qtp399373008-57] DEBUG org.eclipse.jetty.server.HttpChannelState - unhandle HttpChannelState@4ffa42a0{s=HANDLING rs=BLOCKING os=OPEN is=IDLE awp=false se=false i=true al=0}
04:06:39.592 [qtp399373008-57] DEBUG org.eclipse.jetty.server.HttpChannelState - nextAction(false) COMPLETE HttpChannelState@4ffa42a0{s=HANDLING rs=COMPLETING os=OPEN is=IDLE awp=false se=false i=false al=0}
04:06:39.592 [qtp399373008-57] DEBUG org.eclipse.jetty.server.HttpChannel - action COMPLETE HttpChannelOverHttp@4a64a917{s=HttpChannelState@4ffa42a0{s=HANDLING rs=COMPLETING os=OPEN is=IDLE awp=false se=false i=false al=0},r=2,c=false/false,a=HANDLING,uri=https://localhost:35537/config.yml,age=0}
04:06:39.592 [qtp399373008-57] DEBUG org.eclipse.jetty.io.ssl.SslConnection - >fill SslConnection@54fe6c53::SocketChannelEndPoint@7bd5f03c{l=/127.0.0.1:35537,r=/127.0.0.1:60868,OPEN,fill=-,flush=-,to=1/30000}{io=0/0,kio=0,kro=1}->SslConnection@54fe6c53{NOT_HANDSHAKING,eio=-1/-1,di=-1,fill=IDLE,flush=IDLE}~>DecryptedEndPoint@1bfa0f73{l=/127.0.0.1:35537,r=/127.0.0.1:60868,OPEN,fill=-,flush=-,to=46/30000}=>HttpConnection@26cff15f[p=HttpParser{s=CONTENT,0 of -1},g=HttpGenerator@1fb47028{s=START}]=>HttpChannelOverHttp@4a64a917{s=HttpChannelState@4ffa42a0{s=HANDLING rs=COMPLETING os=OPEN is=IDLE awp=false se=false i=false al=0},r=2,c=false/false,a=HANDLING,uri=https://localhost:35537/config.yml,age=0}
04:06:39.592 [qtp399373008-57] DEBUG org.eclipse.jetty.io.ssl.SslConnection - fill NOT_HANDSHAKING
04:06:39.592 [qtp399373008-57] DEBUG org.eclipse.jetty.io.ChannelEndPoint - filled 0 HeapByteBuffer@3303dde5[p=0,l=0,c=17408,r=0]={<<<>>>\x17\x03\x03\x00\xB9GET ...\x00\x00\x00\x00\x00\x00\x00}
04:06:39.592 [qtp399373008-57] DEBUG org.eclipse.jetty.io.ssl.SslConnection - net filled=0
04:06:39.592 [qtp399373008-57] DEBUG org.eclipse.jetty.io.ssl.SslConnection - unwrap net_filled=0 Status = BUFFER_UNDERFLOW HandshakeStatus = NOT_HANDSHAKING bytesConsumed = 0 bytesProduced = 0 encryptedBuffer=[p=0,l=0,c=17408,r=0] unwrapBuffer=HeapByteBuffer@373c4f5d[p=0,l=0,c=17408,r=0]={<<<>>>GET /conf...\x00\x00\x00\x00\x00\x00\x00} appBuffer=HeapByteBuffer@373c4f5d[p=0,l=0,c=17408,r=0]={<<<>>>GET /conf...\x00\x00\x00\x00\x00\x00\x00}
04:06:39.592 [qtp399373008-57] DEBUG org.eclipse.jetty.io.ssl.SslConnection - <fill f=0 uf=true SslConnection@54fe6c53::SocketChannelEndPoint@7bd5f03c{l=/127.0.0.1:35537,r=/127.0.0.1:60868,OPEN,fill=-,flush=-,to=1/30000}{io=0/0,kio=0,kro=1}->SslConnection@54fe6c53{NOT_HANDSHAKING,eio=-1/-1,di=-1,fill=IDLE,flush=IDLE}~>DecryptedEndPoint@1bfa0f73{l=/127.0.0.1:35537,r=/127.0.0.1:60868,OPEN,fill=-,flush=-,to=47/30000}=>HttpConnection@26cff15f[p=HttpParser{s=CONTENT,0 of -1},g=HttpGenerator@1fb47028{s=START}]=>HttpChannelOverHttp@4a64a917{s=HttpChannelState@4ffa42a0{s=HANDLING rs=COMPLETING os=OPEN is=IDLE awp=false se=false i=false al=0},r=2,c=false/false,a=HANDLING,uri=https://localhost:35537/config.yml,age=0}
04:06:39.592 [qtp399373008-57] DEBUG org.eclipse.jetty.io.ssl.SslConnection - >fill SslConnection@54fe6c53::SocketChannelEndPoint@7bd5f03c{l=/127.0.0.1:35537,r=/127.0.0.1:60868,OPEN,fill=-,flush=-,to=1/30000}{io=0/0,kio=0,kro=1}->SslConnection@54fe6c53{NOT_HANDSHAKING,eio=-1/-1,di=-1,fill=IDLE,flush=IDLE}~>DecryptedEndPoint@1bfa0f73{l=/127.0.0.1:35537,r=/127.0.0.1:60868,OPEN,fill=-,flush=-,to=47/30000}=>HttpConnection@26cff15f[p=HttpParser{s=CONTENT,0 of -1},g=HttpGenerator@1fb47028{s=START}]=>HttpChannelOverHttp@4a64a917{s=HttpChannelState@4ffa42a0{s=HANDLING rs=COMPLETING os=OPEN is=IDLE awp=false se=false i=false al=0},r=2,c=false/false,a=HANDLING,uri=https://localhost:35537/config.yml,age=0}
04:06:39.592 [qtp399373008-57] DEBUG org.eclipse.jetty.io.ssl.SslConnection - fill NOT_HANDSHAKING
04:06:39.592 [qtp399373008-57] DEBUG org.eclipse.jetty.io.ChannelEndPoint - filled 0 HeapByteBuffer@3dc4242d[p=0,l=0,c=17408,r=0]={<<<>>>GET /conf...\x00\x00\x00\x00\x00\x00\x00}
04:06:39.592 [qtp399373008-57] DEBUG org.eclipse.jetty.io.ssl.SslConnection - net filled=0
04:06:39.592 [qtp399373008-57] DEBUG org.eclipse.jetty.io.ssl.SslConnection - unwrap net_filled=0 Status = BUFFER_UNDERFLOW HandshakeStatus = NOT_HANDSHAKING bytesConsumed = 0 bytesProduced = 0 encryptedBuffer=[p=0,l=0,c=17408,r=0] unwrapBuffer=HeapByteBuffer@373c4f5d[p=0,l=0,c=17408,r=0]={<<<>>>GET /conf...\x00\x00\x00\x00\x00\x00\x00} appBuffer=HeapByteBuffer@373c4f5d[p=0,l=0,c=17408,r=0]={<<<>>>GET /conf...\x00\x00\x00\x00\x00\x00\x00}
04:06:39.593 [qtp399373008-57] DEBUG org.eclipse.jetty.io.ssl.SslConnection - <fill f=0 uf=true SslConnection@54fe6c53::SocketChannelEndPoint@7bd5f03c{l=/127.0.0.1:35537,r=/127.0.0.1:60868,OPEN,fill=-,flush=-,to=1/30000}{io=0/0,kio=0,kro=1}->SslConnection@54fe6c53{NOT_HANDSHAKING,eio=-1/-1,di=-1,fill=IDLE,flush=IDLE}~>DecryptedEndPoint@1bfa0f73{l=/127.0.0.1:35537,r=/127.0.0.1:60868,OPEN,fill=-,flush=-,to=47/30000}=>HttpConnection@26cff15f[p=HttpParser{s=CONTENT,0 of -1},g=HttpGenerator@1fb47028{s=START}]=>HttpChannelOverHttp@4a64a917{s=HttpChannelState@4ffa42a0{s=HANDLING rs=COMPLETING os=OPEN is=IDLE awp=false se=false i=false al=0},r=2,c=false/false,a=HANDLING,uri=https://localhost:35537/config.yml,age=1}
04:06:39.593 [qtp399373008-57] DEBUG org.eclipse.jetty.server.HttpConnection - HttpConnection@26cff15f::DecryptedEndPoint@1bfa0f73{l=/127.0.0.1:35537,r=/127.0.0.1:60868,OPEN,fill=-,flush=-,to=47/30000} filled 0 HeapByteBuffer@373c4f5d[p=0,l=0,c=17408,r=0]={<<<>>>GET /conf...\x00\x00\x00\x00\x00\x00\x00}
04:06:39.593 [qtp399373008-57] DEBUG org.eclipse.jetty.server.HttpConnection - HttpConnection@26cff15f::DecryptedEndPoint@1bfa0f73{l=/127.0.0.1:35537,r=/127.0.0.1:60868,OPEN,fill=-,flush=-,to=47/30000} parse HeapByteBuffer@373c4f5d[p=0,l=0,c=17408,r=0]={<<<>>>GET /conf...\x00\x00\x00\x00\x00\x00\x00} {}
04:06:39.593 [qtp399373008-57] DEBUG org.eclipse.jetty.http.HttpParser - parseNext s=CONTENT HeapByteBuffer@373c4f5d[p=0,l=0,c=17408,r=0]={<<<>>>GET /conf...\x00\x00\x00\x00\x00\x00\x00}
04:06:39.593 [qtp399373008-57] DEBUG org.eclipse.jetty.http.HttpParser - CONTENT --> CONTENT_END
04:06:39.593 [qtp399373008-57] DEBUG org.eclipse.jetty.server.HttpChannel - onContentComplete HttpChannelOverHttp@4a64a917{s=HttpChannelState@4ffa42a0{s=HANDLING rs=COMPLETING os=OPEN is=IDLE awp=false se=false i=false al=0},r=2,c=false/false,a=HANDLING,uri=https://localhost:35537/config.yml,age=1}
04:06:39.593 [qtp399373008-57] DEBUG org.eclipse.jetty.http.HttpParser - CONTENT_END --> END
04:06:39.593 [qtp399373008-57] DEBUG org.eclipse.jetty.server.HttpChannel - onRequestComplete HttpChannelOverHttp@4a64a917{s=HttpChannelState@4ffa42a0{s=HANDLING rs=COMPLETING os=OPEN is=IDLE awp=false se=false i=false al=0},r=2,c=false/false,a=HANDLING,uri=https://localhost:35537/config.yml,age=1}
04:06:39.593 [qtp399373008-57] DEBUG org.eclipse.jetty.server.HttpInput - HttpInputOverHTTP@4c09b23b[c=0,q=0,[0]=null,s=STREAM] addContent EOF
04:06:39.593 [qtp399373008-57] DEBUG org.eclipse.jetty.server.HttpConnection - HttpConnection@26cff15f::DecryptedEndPoint@1bfa0f73{l=/127.0.0.1:35537,r=/127.0.0.1:60868,OPEN,fill=-,flush=-,to=47/30000} parsed false HttpParser{s=END,0 of -1}
04:06:39.593 [qtp399373008-57] DEBUG org.eclipse.jetty.server.HttpConnection - releaseRequestBuffer HttpConnection@26cff15f::DecryptedEndPoint@1bfa0f73{l=/127.0.0.1:35537,r=/127.0.0.1:60868,OPEN,fill=-,flush=-,to=47/30000}
04:06:39.593 [qtp399373008-57] DEBUG org.eclipse.jetty.server.HttpOutput - complete(org.eclipse.jetty.util.Callback$3@6e9feaa1) s=CLOSING,api=BLOCKED,sc=false,e=null s=false e=null, c=HeapByteBuffer@38928dbe[p=0,l=0,c=0,r=0]={<<<>>>}
04:06:39.593 [qtp399373008-57] DEBUG org.eclipse.jetty.server.HttpChannel - sendResponse info=null content=HeapByteBuffer@38928dbe[p=0,l=0,c=0,r=0]={<<<>>>} complete=true committing=true callback=org.eclipse.jetty.server.HttpOutput$WriteCompleteCB@41e8e647
04:06:39.593 [qtp399373008-57] DEBUG org.eclipse.jetty.server.HttpChannel - COMMIT for /config.yml on HttpChannelOverHttp@4a64a917{s=HttpChannelState@4ffa42a0{s=HANDLING rs=COMPLETING os=COMMITTED is=IDLE awp=false se=false i=false al=0},r=2,c=false/false,a=HANDLING,uri=https://localhost:35537/config.yml,age=1}
304 null HTTP/1.1
Date: Thu, 02 May 2024 03:06:39 GMT
ETag: testEtag


04:06:39.593 [qtp399373008-57] DEBUG org.eclipse.jetty.server.HttpConnection - generate: NEED_HEADER for SendCallback@7c008259[PROCESSING][i=HTTP/1.1{s=304,h=2,cl=-1},cb=org.eclipse.jetty.server.HttpChannel$SendCallback@6a452482] (null,[p=0,l=0,c=0,r=0],true)@START
04:06:39.593 [qtp399373008-57] DEBUG org.eclipse.jetty.http.HttpGenerator - generateHeaders HTTP/1.1{s=304,h=2,cl=-1} last=true content=HeapByteBuffer@38928dbe[p=0,l=0,c=0,r=0]={<<<>>>}
04:06:39.593 [qtp399373008-57] DEBUG org.eclipse.jetty.http.HttpGenerator - Date: Thu, 02 May 2024 03:06:39 GMT
ETag: testEtag


04:06:39.593 [qtp399373008-57] DEBUG org.eclipse.jetty.http.HttpGenerator - NO_CONTENT
04:06:39.593 [qtp399373008-57] DEBUG org.eclipse.jetty.server.HttpConnection - generate: FLUSH for SendCallback@7c008259[PROCESSING][i=HTTP/1.1{s=304,h=2,cl=-1},cb=org.eclipse.jetty.server.HttpChannel$SendCallback@6a452482] ([p=0,l=115,c=8192,r=115],[p=0,l=0,c=0,r=0],true)@COMPLETING
04:06:39.593 [qtp399373008-57] DEBUG org.eclipse.jetty.io.WriteFlusher - write: WriteFlusher@169729fc{IDLE}->null [HeapByteBuffer@341ac865[p=0,l=115,c=8192,r=115]={<<<HTTP/1.1 304 Not Modified...y(9.4.44.v20210927)\r\n\r\n>>>nt-Length...\x00\x00\x00\x00\x00\x00\x00}]
04:06:39.593 [qtp399373008-57] DEBUG org.eclipse.jetty.io.WriteFlusher - update WriteFlusher@169729fc{WRITING}->null:IDLE-->WRITING
04:06:39.593 [qtp399373008-57] DEBUG org.eclipse.jetty.io.ssl.SslConnection - >flush SslConnection@54fe6c53::SocketChannelEndPoint@7bd5f03c{l=/127.0.0.1:35537,r=/127.0.0.1:60868,OPEN,fill=-,flush=-,to=2/30000}{io=0/0,kio=0,kro=1}->SslConnection@54fe6c53{NOT_HANDSHAKING,eio=-1/-1,di=-1,fill=IDLE,flush=IDLE}~>DecryptedEndPoint@1bfa0f73{l=/127.0.0.1:35537,r=/127.0.0.1:60868,OPEN,fill=-,flush=W,to=47/30000}=>HttpConnection@26cff15f[p=HttpParser{s=END,0 of -1},g=HttpGenerator@1fb47028{s=COMPLETING}]=>HttpChannelOverHttp@4a64a917{s=HttpChannelState@4ffa42a0{s=HANDLING rs=COMPLETING os=COMMITTED is=IDLE awp=false se=false i=false al=0},r=2,c=false/false,a=HANDLING,uri=https://localhost:35537/config.yml,age=1}
04:06:39.593 [qtp399373008-57] DEBUG org.eclipse.jetty.io.ssl.SslConnection - flush b[0]=HeapByteBuffer@341ac865[p=0,l=115,c=8192,r=115]={<<<HTTP/1.1 304 Not Modified...y(9.4.44.v20210927)\r\n\r\n>>>nt-Length...\x00\x00\x00\x00\x00\x00\x00}
04:06:39.593 [qtp399373008-57] DEBUG org.eclipse.jetty.io.ssl.SslConnection - flush NOT_HANDSHAKING
04:06:39.593 [qtp399373008-57] DEBUG org.eclipse.jetty.io.ssl.SslConnection - wrap Status = OK HandshakeStatus = NOT_HANDSHAKING bytesConsumed = 115 bytesProduced = 153 [p=0,l=153,c=17408,r=153] ioDone=false/false
04:06:39.594 [qtp399373008-57] DEBUG org.eclipse.jetty.io.ChannelEndPoint - flushed 153 SocketChannelEndPoint@7bd5f03c{l=/127.0.0.1:35537,r=/127.0.0.1:60868,OPEN,fill=-,flush=-,to=2/30000}{io=0/0,kio=0,kro=1}->SslConnection@54fe6c53{NOT_HANDSHAKING,eio=-1/0,di=-1,fill=IDLE,flush=IDLE}~>DecryptedEndPoint@1bfa0f73{l=/127.0.0.1:35537,r=/127.0.0.1:60868,OPEN,fill=-,flush=W,to=48/30000}=>HttpConnection@26cff15f[p=HttpParser{s=END,0 of -1},g=HttpGenerator@1fb47028{s=COMPLETING}]=>HttpChannelOverHttp@4a64a917{s=HttpChannelState@4ffa42a0{s=HANDLING rs=COMPLETING os=COMMITTED is=IDLE awp=false se=false i=false al=0},r=2,c=false/false,a=HANDLING,uri=https://localhost:35537/config.yml,age=2}
04:06:39.594 [qtp399373008-57] DEBUG org.eclipse.jetty.io.ssl.SslConnection - net flushed=true, ac=true
04:06:39.594 [qtp399373008-57] DEBUG org.eclipse.jetty.io.ssl.SslConnection - <flush true SslConnection@54fe6c53::SocketChannelEndPoint@7bd5f03c{l=/127.0.0.1:35537,r=/127.0.0.1:60868,OPEN,fill=-,flush=-,to=0/30000}{io=0/0,kio=0,kro=1}->SslConnection@54fe6c53{NOT_HANDSHAKING,eio=-1/-1,di=-1,fill=IDLE,flush=IDLE}~>DecryptedEndPoint@1bfa0f73{l=/127.0.0.1:35537,r=/127.0.0.1:60868,OPEN,fill=-,flush=W,to=48/30000}=>HttpConnection@26cff15f[p=HttpParser{s=END,0 of -1},g=HttpGenerator@1fb47028{s=COMPLETING}]=>HttpChannelOverHttp@4a64a917{s=HttpChannelState@4ffa42a0{s=HANDLING rs=COMPLETING os=COMMITTED is=IDLE awp=false se=false i=false al=0},r=2,c=false/false,a=HANDLING,uri=https://localhost:35537/config.yml,age=2}
04:06:39.594 [qtp399373008-57] DEBUG org.eclipse.jetty.io.WriteFlusher - Flushed=true written=115 remaining=0 WriteFlusher@169729fc{WRITING}->null
04:06:39.594 [qtp399373008-57] DEBUG org.eclipse.jetty.io.WriteFlusher - update WriteFlusher@169729fc{IDLE}->null:WRITING-->IDLE
04:06:39.594 [main] DEBUG org.apache.nifi.minifi.bootstrap.configuration.ingestors.PullHttpChangeIngestor - Response received: Response{protocol=http/1.1, code=304, message=Not Modified, url=https://localhost:35537/config.yml}
04:06:39.594 [qtp399373008-57] DEBUG org.eclipse.jetty.server.HttpConnection - generate: DONE for SendCallback@7c008259[PROCESSING][i=HTTP/1.1{s=304,h=2,cl=-1},cb=org.eclipse.jetty.server.HttpChannel$SendCallback@6a452482] ([p=115,l=115,c=8192,r=0],[p=0,l=0,c=0,r=0],true)@END
04:06:39.594 [qtp399373008-57] DEBUG org.eclipse.jetty.server.HttpOutput - onWriteComplete(true,null) s=CLOSING,api=BLOCKED,sc=false,e=null->s=CLOSED,api=BLOCKING,sc=false,e=null c=null cb=org.eclipse.jetty.util.Callback$3@6e9feaa1 w=false
04:06:39.594 [qtp399373008-57] DEBUG org.eclipse.jetty.server.HttpChannelState - completed HttpChannelState@4ffa42a0{s=HANDLING rs=COMPLETING os=COMPLETED is=IDLE awp=false se=false i=false al=0}
04:06:39.594 [qtp399373008-57] DEBUG org.eclipse.jetty.server.HttpChannelState - unhandle HttpChannelState@4ffa42a0{s=HANDLING rs=COMPLETED os=COMPLETED is=IDLE awp=false se=false i=false al=0}
04:06:39.594 [qtp399373008-57] DEBUG org.eclipse.jetty.server.HttpChannelState - nextAction(false) TERMINATED HttpChannelState@4ffa42a0{s=IDLE rs=COMPLETED os=COMPLETED is=IDLE awp=false se=false i=false al=0}
04:06:39.594 [qtp399373008-57] DEBUG org.eclipse.jetty.server.HttpChannel - action TERMINATED HttpChannelOverHttp@4a64a917{s=HttpChannelState@4ffa42a0{s=IDLE rs=COMPLETED os=COMPLETED is=IDLE awp=false se=false i=false al=0},r=2,c=true/true,a=IDLE,uri=https://localhost:35537/config.yml,age=2}
04:06:39.594 [qtp399373008-57] DEBUG org.eclipse.jetty.server.HttpChannel - onCompleted for /config.yml written=0
04:06:39.594 [qtp399373008-57] DEBUG org.eclipse.jetty.server.HttpChannelState - recycle HttpChannelState@4ffa42a0{s=IDLE rs=COMPLETED os=COMPLETED is=IDLE awp=false se=false i=false al=0}
04:06:39.594 [qtp399373008-57] DEBUG org.eclipse.jetty.http.HttpParser - reset HttpParser{s=END,0 of -1}
04:06:39.594 [qtp399373008-57] DEBUG org.eclipse.jetty.http.HttpParser - END --> START
04:06:39.594 [qtp399373008-57] DEBUG org.eclipse.jetty.server.HttpChannel - !handle TERMINATED HttpChannelOverHttp@4a64a917{s=HttpChannelState@4ffa42a0{s=IDLE rs=BLOCKING os=OPEN is=IDLE awp=false se=false i=true al=0},r=2,c=false/false,a=IDLE,uri=null,age=0}
]]></system-out>
  </testcase>
  <testcase name="testSecurityOverride" classname="org.apache.nifi.minifi.bootstrap.configuration.ingestors.PullHttpChangeIngestorSSLTest" time="0.068">
    <system-out><![CDATA[04:06:39.594 [qtp399373008-57] DEBUG org.eclipse.jetty.io.ssl.SslConnection - >fill SslConnection@54fe6c53::SocketChannelEndPoint@7bd5f03c{l=/127.0.0.1:35537,r=/127.0.0.1:60868,OPEN,fill=-,flush=-,to=0/30000}{io=0/0,kio=0,kro=1}->SslConnection@54fe6c53{NOT_HANDSHAKING,eio=-1/-1,di=-1,fill=IDLE,flush=IDLE}~>DecryptedEndPoint@1bfa0f73{l=/127.0.0.1:35537,r=/127.0.0.1:60868,OPEN,fill=-,flush=-,to=48/30000}=>HttpConnection@26cff15f[p=HttpParser{s=START,0 of -1},g=HttpGenerator@1fb47028{s=START}]=>HttpChannelOverHttp@4a64a917{s=HttpChannelState@4ffa42a0{s=IDLE rs=BLOCKING os=OPEN is=IDLE awp=false se=false i=true al=0},r=2,c=false/false,a=IDLE,uri=null,age=0}
04:06:39.594 [qtp399373008-57] DEBUG org.eclipse.jetty.io.ssl.SslConnection - fill NOT_HANDSHAKING
04:06:39.594 [qtp399373008-57] DEBUG org.eclipse.jetty.io.ChannelEndPoint - filled 0 HeapByteBuffer@373c4f5d[p=0,l=0,c=17408,r=0]={<<<>>>GET /conf...\x00\x00\x00\x00\x00\x00\x00}
04:06:39.594 [qtp399373008-57] DEBUG org.eclipse.jetty.io.ssl.SslConnection - net filled=0
04:06:39.594 [qtp399373008-57] DEBUG org.eclipse.jetty.io.ssl.SslConnection - unwrap net_filled=0 Status = BUFFER_UNDERFLOW HandshakeStatus = NOT_HANDSHAKING bytesConsumed = 0 bytesProduced = 0 encryptedBuffer=[p=0,l=0,c=17408,r=0] unwrapBuffer=HeapByteBuffer@3dc4242d[p=0,l=0,c=17408,r=0]={<<<>>>GET /conf...\x00\x00\x00\x00\x00\x00\x00} appBuffer=HeapByteBuffer@3dc4242d[p=0,l=0,c=17408,r=0]={<<<>>>GET /conf...\x00\x00\x00\x00\x00\x00\x00}
04:06:39.594 [qtp399373008-57] DEBUG org.eclipse.jetty.io.ssl.SslConnection - <fill f=0 uf=true SslConnection@54fe6c53::SocketChannelEndPoint@7bd5f03c{l=/127.0.0.1:35537,r=/127.0.0.1:60868,OPEN,fill=-,flush=-,to=0/30000}{io=0/0,kio=0,kro=1}->SslConnection@54fe6c53{NOT_HANDSHAKING,eio=-1/-1,di=-1,fill=IDLE,flush=IDLE}~>DecryptedEndPoint@1bfa0f73{l=/127.0.0.1:35537,r=/127.0.0.1:60868,OPEN,fill=-,flush=-,to=49/30000}=>HttpConnection@26cff15f[p=HttpParser{s=START,0 of -1},g=HttpGenerator@1fb47028{s=START}]=>HttpChannelOverHttp@4a64a917{s=HttpChannelState@4ffa42a0{s=IDLE rs=BLOCKING os=OPEN is=IDLE awp=false se=false i=true al=0},r=2,c=false/false,a=IDLE,uri=null,age=0}
04:06:39.594 [qtp399373008-57] DEBUG org.eclipse.jetty.io.ssl.SslConnection - >fill SslConnection@54fe6c53::SocketChannelEndPoint@7bd5f03c{l=/127.0.0.1:35537,r=/127.0.0.1:60868,OPEN,fill=-,flush=-,to=0/30000}{io=0/0,kio=0,kro=1}->SslConnection@54fe6c53{NOT_HANDSHAKING,eio=-1/-1,di=-1,fill=IDLE,flush=IDLE}~>DecryptedEndPoint@1bfa0f73{l=/127.0.0.1:35537,r=/127.0.0.1:60868,OPEN,fill=-,flush=-,to=49/30000}=>HttpConnection@26cff15f[p=HttpParser{s=START,0 of -1},g=HttpGenerator@1fb47028{s=START}]=>HttpChannelOverHttp@4a64a917{s=HttpChannelState@4ffa42a0{s=IDLE rs=BLOCKING os=OPEN is=IDLE awp=false se=false i=true al=0},r=2,c=false/false,a=IDLE,uri=null,age=0}
04:06:39.594 [qtp399373008-57] DEBUG org.eclipse.jetty.io.ssl.SslConnection - fill NOT_HANDSHAKING
04:06:39.594 [qtp399373008-57] DEBUG org.eclipse.jetty.io.ChannelEndPoint - filled 0 HeapByteBuffer@3303dde5[p=0,l=0,c=17408,r=0]={<<<>>>\x17\x03\x03\x00\x94S\x95\x1c\xEe...\x00\x00\x00\x00\x00\x00\x00}
04:06:39.594 [qtp399373008-57] DEBUG org.eclipse.jetty.io.ssl.SslConnection - net filled=0
04:06:39.594 [qtp399373008-57] DEBUG org.eclipse.jetty.io.ssl.SslConnection - unwrap net_filled=0 Status = BUFFER_UNDERFLOW HandshakeStatus = NOT_HANDSHAKING bytesConsumed = 0 bytesProduced = 0 encryptedBuffer=[p=0,l=0,c=17408,r=0] unwrapBuffer=HeapByteBuffer@3dc4242d[p=0,l=0,c=17408,r=0]={<<<>>>GET /conf...\x00\x00\x00\x00\x00\x00\x00} appBuffer=HeapByteBuffer@3dc4242d[p=0,l=0,c=17408,r=0]={<<<>>>GET /conf...\x00\x00\x00\x00\x00\x00\x00}
04:06:39.594 [qtp399373008-57] DEBUG org.eclipse.jetty.io.ssl.SslConnection - <fill f=0 uf=true SslConnection@54fe6c53::SocketChannelEndPoint@7bd5f03c{l=/127.0.0.1:35537,r=/127.0.0.1:60868,OPEN,fill=-,flush=-,to=0/30000}{io=0/0,kio=0,kro=1}->SslConnection@54fe6c53{NOT_HANDSHAKING,eio=-1/-1,di=-1,fill=IDLE,flush=IDLE}~>DecryptedEndPoint@1bfa0f73{l=/127.0.0.1:35537,r=/127.0.0.1:60868,OPEN,fill=-,flush=-,to=49/30000}=>HttpConnection@26cff15f[p=HttpParser{s=START,0 of -1},g=HttpGenerator@1fb47028{s=START}]=>HttpChannelOverHttp@4a64a917{s=HttpChannelState@4ffa42a0{s=IDLE rs=BLOCKING os=OPEN is=IDLE awp=false se=false i=true al=0},r=2,c=false/false,a=IDLE,uri=null,age=0}
04:06:39.594 [qtp399373008-57] DEBUG org.eclipse.jetty.server.HttpConnection - HttpConnection@26cff15f::DecryptedEndPoint@1bfa0f73{l=/127.0.0.1:35537,r=/127.0.0.1:60868,OPEN,fill=-,flush=-,to=49/30000} filled 0 HeapByteBuffer@3dc4242d[p=0,l=0,c=17408,r=0]={<<<>>>GET /conf...\x00\x00\x00\x00\x00\x00\x00}
04:06:39.595 [qtp399373008-57] DEBUG org.eclipse.jetty.server.HttpConnection - HttpConnection@26cff15f::DecryptedEndPoint@1bfa0f73{l=/127.0.0.1:35537,r=/127.0.0.1:60868,OPEN,fill=-,flush=-,to=49/30000} parse HeapByteBuffer@3dc4242d[p=0,l=0,c=17408,r=0]={<<<>>>GET /conf...\x00\x00\x00\x00\x00\x00\x00} {}
04:06:39.595 [qtp399373008-57] DEBUG org.eclipse.jetty.http.HttpParser - parseNext s=START HeapByteBuffer@3dc4242d[p=0,l=0,c=17408,r=0]={<<<>>>GET /conf...\x00\x00\x00\x00\x00\x00\x00}
04:06:39.595 [qtp399373008-57] DEBUG org.eclipse.jetty.server.HttpConnection - HttpConnection@26cff15f::DecryptedEndPoint@1bfa0f73{l=/127.0.0.1:35537,r=/127.0.0.1:60868,OPEN,fill=-,flush=-,to=49/30000} parsed false HttpParser{s=START,0 of -1}
04:06:39.595 [qtp399373008-57] DEBUG org.eclipse.jetty.server.HttpConnection - releaseRequestBuffer HttpConnection@26cff15f::DecryptedEndPoint@1bfa0f73{l=/127.0.0.1:35537,r=/127.0.0.1:60868,OPEN,fill=-,flush=-,to=49/30000}
04:06:39.595 [qtp399373008-57] DEBUG org.eclipse.jetty.io.AbstractConnection - fillInterested HttpConnection@26cff15f::DecryptedEndPoint@1bfa0f73{l=/127.0.0.1:35537,r=/127.0.0.1:60868,OPEN,fill=-,flush=-,to=49/30000}
04:06:39.595 [qtp399373008-57] DEBUG org.eclipse.jetty.io.FillInterest - interested FillInterest@46282f88{AC.ReadCB@26cff15f{HttpConnection@26cff15f::DecryptedEndPoint@1bfa0f73{l=/127.0.0.1:35537,r=/127.0.0.1:60868,OPEN,fill=FI,flush=-,to=0/30000}}}
04:06:39.595 [qtp399373008-57] DEBUG org.eclipse.jetty.io.ssl.SslConnection - >needFillInterest s=IDLE/IDLE uf=true ei=null di=null SslConnection@54fe6c53::SocketChannelEndPoint@7bd5f03c{l=/127.0.0.1:35537,r=/127.0.0.1:60868,OPEN,fill=-,flush=-,to=1/30000}{io=0/0,kio=0,kro=1}->SslConnection@54fe6c53{NOT_HANDSHAKING,eio=-1/-1,di=-1,fill=IDLE,flush=IDLE}~>DecryptedEndPoint@1bfa0f73{l=/127.0.0.1:35537,r=/127.0.0.1:60868,OPEN,fill=FI,flush=-,to=0/30000}=>HttpConnection@26cff15f[p=HttpParser{s=START,0 of -1},g=HttpGenerator@1fb47028{s=START}]=>HttpChannelOverHttp@4a64a917{s=HttpChannelState@4ffa42a0{s=IDLE rs=BLOCKING os=OPEN is=IDLE awp=false se=false i=true al=0},r=2,c=false/false,a=IDLE,uri=null,age=0}
04:06:39.595 [qtp399373008-57] DEBUG org.eclipse.jetty.io.ssl.SslConnection - <needFillInterest s=IDLE/INTERESTED f=false i=true w=null
04:06:39.595 [qtp399373008-57] DEBUG org.eclipse.jetty.io.ssl.SslConnection - ensureFillInterested SslConnection@54fe6c53::SocketChannelEndPoint@7bd5f03c{l=/127.0.0.1:35537,r=/127.0.0.1:60868,OPEN,fill=-,flush=-,to=1/30000}{io=0/0,kio=0,kro=1}->SslConnection@54fe6c53{NOT_HANDSHAKING,eio=-1/-1,di=-1,fill=INTERESTED,flush=IDLE}~>DecryptedEndPoint@1bfa0f73{l=/127.0.0.1:35537,r=/127.0.0.1:60868,OPEN,fill=FI,flush=-,to=0/30000}=>HttpConnection@26cff15f[p=HttpParser{s=START,0 of -1},g=HttpGenerator@1fb47028{s=START}]=>HttpChannelOverHttp@4a64a917{s=HttpChannelState@4ffa42a0{s=IDLE rs=BLOCKING os=OPEN is=IDLE awp=false se=false i=true al=0},r=2,c=false/false,a=IDLE,uri=null,age=0}
04:06:39.595 [qtp399373008-57] DEBUG org.eclipse.jetty.io.FillInterest - interested FillInterest@69cfb715{SSLC.NBReadCB@54fe6c53{SslConnection@54fe6c53::SocketChannelEndPoint@7bd5f03c{l=/127.0.0.1:35537,r=/127.0.0.1:60868,OPEN,fill=FI,flush=-,to=0/30000}{io=0/0,kio=0,kro=1}->SslConnection@54fe6c53{NOT_HANDSHAKING,eio=-1/-1,di=-1,fill=INTERESTED,flush=IDLE}~>DecryptedEndPoint@1bfa0f73{l=/127.0.0.1:35537,r=/127.0.0.1:60868,OPEN,fill=FI,flush=-,to=0/30000}=>HttpConnection@26cff15f[p=HttpParser{s=START,0 of -1},g=HttpGenerator@1fb47028{s=START}]=>HttpChannelOverHttp@4a64a917{s=HttpChannelState@4ffa42a0{s=IDLE rs=BLOCKING os=OPEN is=IDLE awp=false se=false i=true al=0},r=2,c=false/false,a=IDLE,uri=null,age=0}}}
04:06:39.595 [qtp399373008-57] DEBUG org.eclipse.jetty.io.ChannelEndPoint - changeInterests p=false 0->1 for SocketChannelEndPoint@7bd5f03c{l=/127.0.0.1:35537,r=/127.0.0.1:60868,OPEN,fill=FI,flush=-,to=0/30000}{io=0/1,kio=0,kro=1}->SslConnection@54fe6c53{NOT_HANDSHAKING,eio=-1/-1,di=-1,fill=INTERESTED,flush=IDLE}~>DecryptedEndPoint@1bfa0f73{l=/127.0.0.1:35537,r=/127.0.0.1:60868,OPEN,fill=FI,flush=-,to=0/30000}=>HttpConnection@26cff15f[p=HttpParser{s=START,0 of -1},g=HttpGenerator@1fb47028{s=START}]=>HttpChannelOverHttp@4a64a917{s=HttpChannelState@4ffa42a0{s=IDLE rs=BLOCKING os=OPEN is=IDLE awp=false se=false i=true al=0},r=2,c=false/false,a=IDLE,uri=null,age=0}
04:06:39.595 [qtp399373008-57] DEBUG org.eclipse.jetty.io.ManagedSelector - Queued change lazy=false org.eclipse.jetty.io.ChannelEndPoint$$Lambda$255/2121444922@4ef4c28b on ManagedSelector@4e70a728{STARTED} id=0 keys=1 selected=0 updates=0
04:06:39.595 [qtp399373008-57] DEBUG org.eclipse.jetty.io.ManagedSelector - Wakeup on submit ManagedSelector@4e70a728{STARTED} id=0 keys=1 selected=0 updates=1
04:06:39.595 [qtp399373008-57] DEBUG org.eclipse.jetty.server.HttpConnection - HttpConnection@26cff15f::DecryptedEndPoint@1bfa0f73{l=/127.0.0.1:35537,r=/127.0.0.1:60868,OPEN,fill=FI,flush=-,to=0/30000} onFillable exit HttpChannelState@4ffa42a0{s=IDLE rs=BLOCKING os=OPEN is=IDLE awp=false se=false i=true al=0} null
04:06:39.595 [qtp399373008-56] DEBUG org.eclipse.jetty.io.ManagedSelector - Selector sun.nio.ch.EPollSelectorImpl@4610b4c4 woken with none selected
04:06:39.595 [qtp399373008-56] DEBUG org.eclipse.jetty.io.ManagedSelector - Selector sun.nio.ch.EPollSelectorImpl@4610b4c4 woken up from select, 0/0/1 selected
04:06:39.595 [qtp399373008-56] DEBUG org.eclipse.jetty.io.ManagedSelector - Selector sun.nio.ch.EPollSelectorImpl@4610b4c4 processing 0 keys, 1 updates
04:06:39.595 [qtp399373008-56] DEBUG org.eclipse.jetty.io.ManagedSelector - updateable 1
04:06:39.595 [qtp399373008-56] DEBUG org.eclipse.jetty.io.ManagedSelector - update org.eclipse.jetty.io.ChannelEndPoint$$Lambda$255/2121444922@4ef4c28b
04:06:39.595 [qtp399373008-57] DEBUG org.eclipse.jetty.io.ssl.SslConnection - <c.onFillable SslConnection@54fe6c53::SocketChannelEndPoint@7bd5f03c{l=/127.0.0.1:35537,r=/127.0.0.1:60868,OPEN,fill=FI,flush=-,to=0/30000}{io=0/1,kio=0,kro=1}->SslConnection@54fe6c53{NOT_HANDSHAKING,eio=-1/-1,di=-1,fill=INTERESTED,flush=IDLE}~>DecryptedEndPoint@1bfa0f73{l=/127.0.0.1:35537,r=/127.0.0.1:60868,OPEN,fill=FI,flush=-,to=0/30000}=>HttpConnection@26cff15f[p=HttpParser{s=START,0 of -1},g=HttpGenerator@1fb47028{s=START}]=>HttpChannelOverHttp@4a64a917{s=HttpChannelState@4ffa42a0{s=IDLE rs=BLOCKING os=OPEN is=IDLE awp=false se=false i=true al=0},r=2,c=false/false,a=IDLE,uri=null,age=0}
04:06:39.595 [qtp399373008-57] DEBUG org.eclipse.jetty.util.thread.ReservedThreadExecutor - ReservedThread@5c9f82db{RUNNING,thread=Thread[qtp399373008-57,5,main]} was=RUNNING next=RESERVED size=0+2 capacity=8
04:06:39.595 [qtp399373008-57] DEBUG org.eclipse.jetty.util.thread.ReservedThreadExecutor - ReservedThread@5c9f82db{RESERVED,thread=Thread[qtp399373008-57,5,main]} waiting ReservedThreadExecutor@424fd310{reserved=2/8,pending=0}
04:06:39.595 [qtp399373008-56] DEBUG org.eclipse.jetty.io.ChannelEndPoint - Key interests updated 0 -> 1 on SocketChannelEndPoint@7bd5f03c{l=/127.0.0.1:35537,r=/127.0.0.1:60868,OPEN,fill=FI,flush=-,to=0/30000}{io=1/1,kio=1,kro=1}->SslConnection@54fe6c53{NOT_HANDSHAKING,eio=-1/-1,di=-1,fill=INTERESTED,flush=IDLE}~>DecryptedEndPoint@1bfa0f73{l=/127.0.0.1:35537,r=/127.0.0.1:60868,OPEN,fill=FI,flush=-,to=0/30000}=>HttpConnection@26cff15f[p=HttpParser{s=START,0 of -1},g=HttpGenerator@1fb47028{s=START}]=>HttpChannelOverHttp@4a64a917{s=HttpChannelState@4ffa42a0{s=IDLE rs=BLOCKING os=OPEN is=IDLE awp=false se=false i=true al=0},r=2,c=false/false,a=IDLE,uri=null,age=0}
04:06:39.595 [qtp399373008-56] DEBUG org.eclipse.jetty.io.ManagedSelector - updates 0
04:06:39.595 [qtp399373008-56] DEBUG org.eclipse.jetty.io.ManagedSelector - Selector sun.nio.ch.EPollSelectorImpl@4610b4c4 waiting with 1 keys
04:06:39.597 [main] DEBUG org.apache.nifi.minifi.bootstrap.configuration.ingestors.PullHttpChangeIngestor - Attempting to pull new config
04:06:39.597 [qtp399373008-59-acceptor-0@5a85c92-ServerConnector@2374d36a{SSL, (ssl, http/1.1)}{localhost:35537}] DEBUG org.eclipse.jetty.io.ManagedSelector - Queued change lazy=false Accept@4dbacad8[java.nio.channels.SocketChannel[connected local=/127.0.0.1:35537 remote=/127.0.0.1:60874]] on ManagedSelector@5733f295{STARTED} id=1 keys=1 selected=0 updates=0
04:06:39.597 [qtp399373008-59-acceptor-0@5a85c92-ServerConnector@2374d36a{SSL, (ssl, http/1.1)}{localhost:35537}] DEBUG org.eclipse.jetty.io.ManagedSelector - Wakeup on submit ManagedSelector@5733f295{STARTED} id=1 keys=1 selected=0 updates=1
04:06:39.597 [qtp399373008-60] DEBUG org.eclipse.jetty.io.ManagedSelector - Selector sun.nio.ch.EPollSelectorImpl@665f4496 woken with none selected
04:06:39.597 [qtp399373008-60] DEBUG org.eclipse.jetty.io.ManagedSelector - Selector sun.nio.ch.EPollSelectorImpl@665f4496 woken up from select, 0/0/1 selected
04:06:39.597 [qtp399373008-60] DEBUG org.eclipse.jetty.io.ManagedSelector - Selector sun.nio.ch.EPollSelectorImpl@665f4496 processing 0 keys, 1 updates
04:06:39.597 [qtp399373008-60] DEBUG org.eclipse.jetty.io.ManagedSelector - updateable 1
04:06:39.597 [qtp399373008-60] DEBUG org.eclipse.jetty.io.ManagedSelector - update Accept@4dbacad8[java.nio.channels.SocketChannel[connected local=/127.0.0.1:35537 remote=/127.0.0.1:60874]]
04:06:39.597 [qtp399373008-60] DEBUG org.eclipse.jetty.util.thread.QueuedThreadPool - queue Accept@4dbacad8[java.nio.channels.SocketChannel[connected local=/127.0.0.1:35537 remote=/127.0.0.1:60874]] startThread=0
04:06:39.597 [qtp399373008-60] DEBUG org.eclipse.jetty.io.ManagedSelector - updates 0
04:06:39.597 [qtp399373008-60] DEBUG org.eclipse.jetty.io.ManagedSelector - Selector sun.nio.ch.EPollSelectorImpl@665f4496 waiting with 2 keys
04:06:39.597 [qtp399373008-55] DEBUG org.eclipse.jetty.util.thread.QueuedThreadPool - run Accept@4dbacad8[java.nio.channels.SocketChannel[connected local=/127.0.0.1:35537 remote=/127.0.0.1:60874]] in QueuedThreadPool[qtp399373008]@17cdf2d0{STARTED,8<=8<=200,i=0,r=-1,q=0}[ReservedThreadExecutor@424fd310{reserved=2/8,pending=0}]
04:06:39.598 [qtp399373008-55] DEBUG org.eclipse.jetty.io.IdleTimeout - SocketChannelEndPoint@72dbeff{l=/127.0.0.1:35537,r=/127.0.0.1:60874,OPEN,fill=-,flush=-,to=0/30000}{io=0/0,kio=0,kro=0}-><null> idle timeout check, elapsed: 0 ms, remaining: 30000 ms
04:06:39.598 [qtp399373008-55] DEBUG org.eclipse.jetty.util.ssl.SslContextFactory - Customize sun.security.ssl.SSLEngineImpl@75155787
04:06:39.598 [qtp399373008-55] DEBUG org.eclipse.jetty.server.HttpChannel - new HttpChannelOverHttp@36e07b75{s=HttpChannelState@d32ccaf{s=IDLE rs=BLOCKING os=OPEN is=IDLE awp=false se=false i=true al=0},r=0,c=false/false,a=IDLE,uri=null,age=0} -> DecryptedEndPoint@670241b0{l=/127.0.0.1:35537,r=/127.0.0.1:60874,OPEN,fill=-,flush=-,to=0/30000},null,HttpChannelState@d32ccaf{s=IDLE rs=BLOCKING os=OPEN is=IDLE awp=false se=false i=true al=0}
04:06:39.598 [qtp399373008-55] DEBUG org.eclipse.jetty.server.HttpConnection - New HTTP Connection HttpConnection@38748bb8::DecryptedEndPoint@670241b0{l=/127.0.0.1:35537,r=/127.0.0.1:60874,OPEN,fill=-,flush=-,to=0/30000}
04:06:39.598 [qtp399373008-55] DEBUG org.eclipse.jetty.io.ManagedSelector - Queued change lazy=true org.eclipse.jetty.io.ManagedSelector$$Lambda$258/2107212988@d7a7410 on ManagedSelector@5733f295{STARTED} id=1 keys=2 selected=0 updates=0
04:06:39.598 [qtp399373008-55] DEBUG org.eclipse.jetty.io.AbstractEndPoint - onOpen SocketChannelEndPoint@72dbeff{l=/127.0.0.1:35537,r=/127.0.0.1:60874,OPEN,fill=-,flush=-,to=0/30000}{io=0/0,kio=0,kro=0}->SslConnection@163686a4{NOT_HANDSHAKING,eio=-1/-1,di=-1,fill=IDLE,flush=IDLE}~>DecryptedEndPoint@670241b0{l=/127.0.0.1:35537,r=/127.0.0.1:60874,OPEN,fill=-,flush=-,to=0/30000}=>HttpConnection@38748bb8[p=HttpParser{s=START,0 of -1},g=HttpGenerator@634c5a13{s=START}]=>HttpChannelOverHttp@36e07b75{s=HttpChannelState@d32ccaf{s=IDLE rs=BLOCKING os=OPEN is=IDLE awp=false se=false i=true al=0},r=0,c=false/false,a=IDLE,uri=null,age=0}
04:06:39.598 [qtp399373008-55] DEBUG org.eclipse.jetty.io.AbstractConnection - onOpen SslConnection@163686a4::SocketChannelEndPoint@72dbeff{l=/127.0.0.1:35537,r=/127.0.0.1:60874,OPEN,fill=-,flush=-,to=0/30000}{io=0/0,kio=0,kro=0}->SslConnection@163686a4{NOT_HANDSHAKING,eio=-1/-1,di=-1,fill=IDLE,flush=IDLE}~>DecryptedEndPoint@670241b0{l=/127.0.0.1:35537,r=/127.0.0.1:60874,OPEN,fill=-,flush=-,to=0/30000}=>HttpConnection@38748bb8[p=HttpParser{s=START,0 of -1},g=HttpGenerator@634c5a13{s=START}]=>HttpChannelOverHttp@36e07b75{s=HttpChannelState@d32ccaf{s=IDLE rs=BLOCKING os=OPEN is=IDLE awp=false se=false i=true al=0},r=0,c=false/false,a=IDLE,uri=null,age=0}
04:06:39.598 [qtp399373008-55] DEBUG org.eclipse.jetty.io.AbstractConnection - onOpen HttpConnection@38748bb8::DecryptedEndPoint@670241b0{l=/127.0.0.1:35537,r=/127.0.0.1:60874,OPEN,fill=-,flush=-,to=0/30000}
04:06:39.598 [qtp399373008-55] DEBUG org.eclipse.jetty.io.AbstractConnection - fillInterested HttpConnection@38748bb8::DecryptedEndPoint@670241b0{l=/127.0.0.1:35537,r=/127.0.0.1:60874,OPEN,fill=-,flush=-,to=0/30000}
04:06:39.598 [qtp399373008-55] DEBUG org.eclipse.jetty.io.FillInterest - interested FillInterest@7f792489{AC.ReadCB@38748bb8{HttpConnection@38748bb8::DecryptedEndPoint@670241b0{l=/127.0.0.1:35537,r=/127.0.0.1:60874,OPEN,fill=FI,flush=-,to=0/30000}}}
04:06:39.598 [qtp399373008-55] DEBUG org.eclipse.jetty.io.ssl.SslConnection - >needFillInterest s=IDLE/IDLE uf=false ei=null di=null SslConnection@163686a4::SocketChannelEndPoint@72dbeff{l=/127.0.0.1:35537,r=/127.0.0.1:60874,OPEN,fill=-,flush=-,to=0/30000}{io=0/0,kio=0,kro=0}->SslConnection@163686a4{NOT_HANDSHAKING,eio=-1/-1,di=-1,fill=IDLE,flush=IDLE}~>DecryptedEndPoint@670241b0{l=/127.0.0.1:35537,r=/127.0.0.1:60874,OPEN,fill=FI,flush=-,to=0/30000}=>HttpConnection@38748bb8[p=HttpParser{s=START,0 of -1},g=HttpGenerator@634c5a13{s=START}]=>HttpChannelOverHttp@36e07b75{s=HttpChannelState@d32ccaf{s=IDLE rs=BLOCKING os=OPEN is=IDLE awp=false se=false i=true al=0},r=0,c=false/false,a=IDLE,uri=null,age=0}
04:06:39.598 [qtp399373008-55] DEBUG org.eclipse.jetty.io.ssl.SslConnection - <needFillInterest s=IDLE/INTERESTED f=false i=true w=null
04:06:39.598 [qtp399373008-55] DEBUG org.eclipse.jetty.io.ssl.SslConnection - ensureFillInterested SslConnection@163686a4::SocketChannelEndPoint@72dbeff{l=/127.0.0.1:35537,r=/127.0.0.1:60874,OPEN,fill=-,flush=-,to=0/30000}{io=0/0,kio=0,kro=0}->SslConnection@163686a4{NOT_HANDSHAKING,eio=-1/-1,di=-1,fill=INTERESTED,flush=IDLE}~>DecryptedEndPoint@670241b0{l=/127.0.0.1:35537,r=/127.0.0.1:60874,OPEN,fill=FI,flush=-,to=0/30000}=>HttpConnection@38748bb8[p=HttpParser{s=START,0 of -1},g=HttpGenerator@634c5a13{s=START}]=>HttpChannelOverHttp@36e07b75{s=HttpChannelState@d32ccaf{s=IDLE rs=BLOCKING os=OPEN is=IDLE awp=false se=false i=true al=0},r=0,c=false/false,a=IDLE,uri=null,age=0}
04:06:39.598 [qtp399373008-55] DEBUG org.eclipse.jetty.io.FillInterest - interested FillInterest@21fd1582{SSLC.NBReadCB@163686a4{SslConnection@163686a4::SocketChannelEndPoint@72dbeff{l=/127.0.0.1:35537,r=/127.0.0.1:60874,OPEN,fill=FI,flush=-,to=0/30000}{io=0/0,kio=0,kro=0}->SslConnection@163686a4{NOT_HANDSHAKING,eio=-1/-1,di=-1,fill=INTERESTED,flush=IDLE}~>DecryptedEndPoint@670241b0{l=/127.0.0.1:35537,r=/127.0.0.1:60874,OPEN,fill=FI,flush=-,to=0/30000}=>HttpConnection@38748bb8[p=HttpParser{s=START,0 of -1},g=HttpGenerator@634c5a13{s=START}]=>HttpChannelOverHttp@36e07b75{s=HttpChannelState@d32ccaf{s=IDLE rs=BLOCKING os=OPEN is=IDLE awp=false se=false i=true al=0},r=0,c=false/false,a=IDLE,uri=null,age=0}}}
04:06:39.599 [qtp399373008-55] DEBUG org.eclipse.jetty.io.ChannelEndPoint - changeInterests p=false 0->1 for SocketChannelEndPoint@72dbeff{l=/127.0.0.1:35537,r=/127.0.0.1:60874,OPEN,fill=FI,flush=-,to=0/30000}{io=0/1,kio=0,kro=0}->SslConnection@163686a4{NOT_HANDSHAKING,eio=-1/-1,di=-1,fill=INTERESTED,flush=IDLE}~>DecryptedEndPoint@670241b0{l=/127.0.0.1:35537,r=/127.0.0.1:60874,OPEN,fill=FI,flush=-,to=0/30000}=>HttpConnection@38748bb8[p=HttpParser{s=START,0 of -1},g=HttpGenerator@634c5a13{s=START}]=>HttpChannelOverHttp@36e07b75{s=HttpChannelState@d32ccaf{s=IDLE rs=BLOCKING os=OPEN is=IDLE awp=false se=false i=true al=0},r=0,c=false/false,a=IDLE,uri=null,age=0}
04:06:39.599 [qtp399373008-55] DEBUG org.eclipse.jetty.io.ManagedSelector - Queued change lazy=false org.eclipse.jetty.io.ChannelEndPoint$$Lambda$255/2121444922@3dca4bf on ManagedSelector@5733f295{STARTED} id=1 keys=2 selected=0 updates=1
04:06:39.599 [qtp399373008-55] DEBUG org.eclipse.jetty.io.ManagedSelector - Wakeup on submit ManagedSelector@5733f295{STARTED} id=1 keys=2 selected=0 updates=2
04:06:39.599 [qtp399373008-60] DEBUG org.eclipse.jetty.io.ManagedSelector - Selector sun.nio.ch.EPollSelectorImpl@665f4496 woken with none selected
04:06:39.599 [qtp399373008-60] DEBUG org.eclipse.jetty.io.ManagedSelector - Selector sun.nio.ch.EPollSelectorImpl@665f4496 woken up from select, 0/0/2 selected
04:06:39.599 [qtp399373008-60] DEBUG org.eclipse.jetty.io.ManagedSelector - Selector sun.nio.ch.EPollSelectorImpl@665f4496 processing 0 keys, 2 updates
04:06:39.599 [qtp399373008-60] DEBUG org.eclipse.jetty.io.ManagedSelector - updateable 2
04:06:39.599 [qtp399373008-55] DEBUG org.eclipse.jetty.io.ManagedSelector - Created SocketChannelEndPoint@72dbeff{l=/127.0.0.1:35537,r=/127.0.0.1:60874,OPEN,fill=FI,flush=-,to=0/30000}{io=0/1,kio=0,kro=0}->SslConnection@163686a4{NOT_HANDSHAKING,eio=-1/-1,di=-1,fill=INTERESTED,flush=IDLE}~>DecryptedEndPoint@670241b0{l=/127.0.0.1:35537,r=/127.0.0.1:60874,OPEN,fill=FI,flush=-,to=0/30000}=>HttpConnection@38748bb8[p=HttpParser{s=START,0 of -1},g=HttpGenerator@634c5a13{s=START}]=>HttpChannelOverHttp@36e07b75{s=HttpChannelState@d32ccaf{s=IDLE rs=BLOCKING os=OPEN is=IDLE awp=false se=false i=true al=0},r=0,c=false/false,a=IDLE,uri=null,age=0}
04:06:39.599 [qtp399373008-60] DEBUG org.eclipse.jetty.io.ManagedSelector - update org.eclipse.jetty.io.ManagedSelector$$Lambda$258/2107212988@d7a7410
04:06:39.599 [qtp399373008-60] DEBUG org.eclipse.jetty.io.ManagedSelector - update org.eclipse.jetty.io.ChannelEndPoint$$Lambda$255/2121444922@3dca4bf
04:06:39.599 [qtp399373008-55] DEBUG org.eclipse.jetty.util.thread.QueuedThreadPool - ran Accept@4dbacad8[java.nio.channels.SocketChannel[connected local=/127.0.0.1:35537 remote=/127.0.0.1:60874]] in QueuedThreadPool[qtp399373008]@17cdf2d0{STARTED,8<=8<=200,i=0,r=-1,q=0}[ReservedThreadExecutor@424fd310{reserved=2/8,pending=0}]
04:06:39.599 [qtp399373008-60] DEBUG org.eclipse.jetty.io.ChannelEndPoint - Key interests updated 0 -> 1 on SocketChannelEndPoint@72dbeff{l=/127.0.0.1:35537,r=/127.0.0.1:60874,OPEN,fill=FI,flush=-,to=0/30000}{io=1/1,kio=1,kro=0}->SslConnection@163686a4{NOT_HANDSHAKING,eio=-1/-1,di=-1,fill=INTERESTED,flush=IDLE}~>DecryptedEndPoint@670241b0{l=/127.0.0.1:35537,r=/127.0.0.1:60874,OPEN,fill=FI,flush=-,to=0/30000}=>HttpConnection@38748bb8[p=HttpParser{s=START,0 of -1},g=HttpGenerator@634c5a13{s=START}]=>HttpChannelOverHttp@36e07b75{s=HttpChannelState@d32ccaf{s=IDLE rs=BLOCKING os=OPEN is=IDLE awp=false se=false i=true al=0},r=0,c=false/false,a=IDLE,uri=null,age=0}
04:06:39.599 [qtp399373008-60] DEBUG org.eclipse.jetty.io.ManagedSelector - updates 0
04:06:39.599 [qtp399373008-60] DEBUG org.eclipse.jetty.io.ManagedSelector - Selector sun.nio.ch.EPollSelectorImpl@665f4496 waiting with 2 keys
04:06:39.599 [qtp399373008-60] DEBUG org.eclipse.jetty.io.ManagedSelector - Selector sun.nio.ch.EPollSelectorImpl@665f4496 woken up from select, 1/1/2 selected
04:06:39.599 [qtp399373008-60] DEBUG org.eclipse.jetty.io.ManagedSelector - Selector sun.nio.ch.EPollSelectorImpl@665f4496 processing 1 keys, 0 updates
04:06:39.599 [qtp399373008-60] DEBUG org.eclipse.jetty.io.ManagedSelector - selected 1 sun.nio.ch.SelectionKeyImpl@4c9bf811 SocketChannelEndPoint@72dbeff{l=/127.0.0.1:35537,r=/127.0.0.1:60874,OPEN,fill=FI,flush=-,to=0/30000}{io=1/1,kio=1,kro=1}->SslConnection@163686a4{NOT_HANDSHAKING,eio=-1/-1,di=-1,fill=INTERESTED,flush=IDLE}~>DecryptedEndPoint@670241b0{l=/127.0.0.1:35537,r=/127.0.0.1:60874,OPEN,fill=FI,flush=-,to=0/30000}=>HttpConnection@38748bb8[p=HttpParser{s=START,0 of -1},g=HttpGenerator@634c5a13{s=START}]=>HttpChannelOverHttp@36e07b75{s=HttpChannelState@d32ccaf{s=IDLE rs=BLOCKING os=OPEN is=IDLE awp=false se=false i=true al=0},r=0,c=false/false,a=IDLE,uri=null,age=0} 
04:06:39.599 [qtp399373008-60] DEBUG org.eclipse.jetty.io.ChannelEndPoint - onSelected 1->0 r=true w=false for SocketChannelEndPoint@72dbeff{l=/127.0.0.1:35537,r=/127.0.0.1:60874,OPEN,fill=FI,flush=-,to=0/30000}{io=1/0,kio=1,kro=1}->SslConnection@163686a4{NOT_HANDSHAKING,eio=-1/-1,di=-1,fill=INTERESTED,flush=IDLE}~>DecryptedEndPoint@670241b0{l=/127.0.0.1:35537,r=/127.0.0.1:60874,OPEN,fill=FI,flush=-,to=0/30000}=>HttpConnection@38748bb8[p=HttpParser{s=START,0 of -1},g=HttpGenerator@634c5a13{s=START}]=>HttpChannelOverHttp@36e07b75{s=HttpChannelState@d32ccaf{s=IDLE rs=BLOCKING os=OPEN is=IDLE awp=false se=false i=true al=0},r=0,c=false/false,a=IDLE,uri=null,age=0}
04:06:39.599 [qtp399373008-60] DEBUG org.eclipse.jetty.io.ChannelEndPoint - task CEP:SocketChannelEndPoint@72dbeff{l=/127.0.0.1:35537,r=/127.0.0.1:60874,OPEN,fill=FI,flush=-,to=0/30000}{io=1/0,kio=1,kro=1}->SslConnection@163686a4{NOT_HANDSHAKING,eio=-1/-1,di=-1,fill=INTERESTED,flush=IDLE}~>DecryptedEndPoint@670241b0{l=/127.0.0.1:35537,r=/127.0.0.1:60874,OPEN,fill=FI,flush=-,to=0/30000}=>HttpConnection@38748bb8[p=HttpParser{s=START,0 of -1},g=HttpGenerator@634c5a13{s=START}]=>HttpChannelOverHttp@36e07b75{s=HttpChannelState@d32ccaf{s=IDLE rs=BLOCKING os=OPEN is=IDLE awp=false se=false i=true al=0},r=0,c=false/false,a=IDLE,uri=null,age=0}:runFillable:BLOCKING
04:06:39.599 [qtp399373008-60] DEBUG org.eclipse.jetty.util.thread.ReservedThreadExecutor - ReservedThreadExecutor@424fd310{reserved=2/8,pending=0} tryExecute EatWhatYouKill@b7838a9/SelectorProducer@696f0212/PRODUCING/p=false/QueuedThreadPool[qtp399373008]@17cdf2d0{STARTED,8<=8<=200,i=1,r=-1,q=0}[ReservedThreadExecutor@424fd310{reserved=2/8,pending=0}][pc=0,pic=0,pec=1,epc=2]@2024-05-02T04:06:39.599+01:00
04:06:39.599 [qtp399373008-60] DEBUG org.eclipse.jetty.util.thread.strategy.EatWhatYouKill - EatWhatYouKill@b7838a9/SelectorProducer@696f0212/IDLE/p=true/QueuedThreadPool[qtp399373008]@17cdf2d0{STARTED,8<=8<=200,i=1,r=-1,q=0}[ReservedThreadExecutor@424fd310{reserved=1/8,pending=0}][pc=0,pic=0,pec=1,epc=2]@2024-05-02T04:06:39.599+01:00 m=EXECUTE_PRODUCE_CONSUME t=CEP:SocketChannelEndPoint@72dbeff{l=/127.0.0.1:35537,r=/127.0.0.1:60874,OPEN,fill=FI,flush=-,to=1/30000}{io=1/0,kio=1,kro=1}->SslConnection@163686a4{NOT_HANDSHAKING,eio=-1/-1,di=-1,fill=INTERESTED,flush=IDLE}~>DecryptedEndPoint@670241b0{l=/127.0.0.1:35537,r=/127.0.0.1:60874,OPEN,fill=FI,flush=-,to=1/30000}=>HttpConnection@38748bb8[p=HttpParser{s=START,0 of -1},g=HttpGenerator@634c5a13{s=START}]=>HttpChannelOverHttp@36e07b75{s=HttpChannelState@d32ccaf{s=IDLE rs=BLOCKING os=OPEN is=IDLE awp=false se=false i=true al=0},r=0,c=false/false,a=IDLE,uri=null,age=0}:runFillable:BLOCKING/BLOCKING
04:06:39.599 [qtp399373008-57] DEBUG org.eclipse.jetty.util.thread.ReservedThreadExecutor - ReservedThread@5c9f82db{RESERVED,thread=Thread[qtp399373008-57,5,main]} task=EatWhatYouKill@b7838a9/SelectorProducer@696f0212/IDLE/p=true/QueuedThreadPool[qtp399373008]@17cdf2d0{STARTED,8<=8<=200,i=1,r=-1,q=0}[ReservedThreadExecutor@424fd310{reserved=1/8,pending=0}][pc=0,pic=0,pec=1,epc=2]@2024-05-02T04:06:39.599+01:00 ReservedThreadExecutor@424fd310{reserved=1/8,pending=0}
04:06:39.600 [qtp399373008-57] DEBUG org.eclipse.jetty.util.thread.strategy.EatWhatYouKill - EatWhatYouKill@b7838a9/SelectorProducer@696f0212/IDLE/p=true/QueuedThreadPool[qtp399373008]@17cdf2d0{STARTED,8<=8<=200,i=1,r=-1,q=0}[ReservedThreadExecutor@424fd310{reserved=1/8,pending=0}][pc=0,pic=0,pec=1,epc=3]@2024-05-02T04:06:39.6+01:00 tryProduce true
04:06:39.600 [qtp399373008-60] DEBUG org.eclipse.jetty.io.FillInterest - fillable FillInterest@21fd1582{SSLC.NBReadCB@163686a4{SslConnection@163686a4::SocketChannelEndPoint@72dbeff{l=/127.0.0.1:35537,r=/127.0.0.1:60874,OPEN,fill=FI,flush=-,to=1/30000}{io=1/0,kio=1,kro=1}->SslConnection@163686a4{NOT_HANDSHAKING,eio=-1/-1,di=-1,fill=INTERESTED,flush=IDLE}~>DecryptedEndPoint@670241b0{l=/127.0.0.1:35537,r=/127.0.0.1:60874,OPEN,fill=FI,flush=-,to=1/30000}=>HttpConnection@38748bb8[p=HttpParser{s=START,0 of -1},g=HttpGenerator@634c5a13{s=START}]=>HttpChannelOverHttp@36e07b75{s=HttpChannelState@d32ccaf{s=IDLE rs=BLOCKING os=OPEN is=IDLE awp=false se=false i=true al=0},r=0,c=false/false,a=IDLE,uri=null,age=0}}}
04:06:39.600 [qtp399373008-57] DEBUG org.eclipse.jetty.io.ManagedSelector - updateable 0
04:06:39.600 [qtp399373008-57] DEBUG org.eclipse.jetty.io.ManagedSelector - updates 0
04:06:39.600 [qtp399373008-60] DEBUG org.eclipse.jetty.io.ssl.SslConnection - >c.onFillable SslConnection@163686a4::SocketChannelEndPoint@72dbeff{l=/127.0.0.1:35537,r=/127.0.0.1:60874,OPEN,fill=-,flush=-,to=1/30000}{io=0/0,kio=0,kro=1}->SslConnection@163686a4{NOT_HANDSHAKING,eio=-1/-1,di=-1,fill=INTERESTED,flush=IDLE}~>DecryptedEndPoint@670241b0{l=/127.0.0.1:35537,r=/127.0.0.1:60874,OPEN,fill=FI,flush=-,to=1/30000}=>HttpConnection@38748bb8[p=HttpParser{s=START,0 of -1},g=HttpGenerator@634c5a13{s=START}]=>HttpChannelOverHttp@36e07b75{s=HttpChannelState@d32ccaf{s=IDLE rs=BLOCKING os=OPEN is=IDLE awp=false se=false i=true al=0},r=0,c=false/false,a=IDLE,uri=null,age=0}
04:06:39.600 [qtp399373008-57] DEBUG org.eclipse.jetty.io.ChannelEndPoint - Key interests updated 1 -> 0 on SocketChannelEndPoint@72dbeff{l=/127.0.0.1:35537,r=/127.0.0.1:60874,OPEN,fill=-,flush=-,to=1/30000}{io=0/0,kio=0,kro=1}->SslConnection@163686a4{NOT_HANDSHAKING,eio=-1/-1,di=-1,fill=INTERESTED,flush=IDLE}~>DecryptedEndPoint@670241b0{l=/127.0.0.1:35537,r=/127.0.0.1:60874,OPEN,fill=FI,flush=-,to=1/30000}=>HttpConnection@38748bb8[p=HttpParser{s=START,0 of -1},g=HttpGenerator@634c5a13{s=START}]=>HttpChannelOverHttp@36e07b75{s=HttpChannelState@d32ccaf{s=IDLE rs=BLOCKING os=OPEN is=IDLE awp=false se=false i=true al=0},r=0,c=false/false,a=IDLE,uri=null,age=0}
04:06:39.600 [qtp399373008-57] DEBUG org.eclipse.jetty.io.ManagedSelector - Selector sun.nio.ch.EPollSelectorImpl@665f4496 waiting with 2 keys
04:06:39.600 [qtp399373008-60] DEBUG org.eclipse.jetty.io.ssl.SslConnection - onFillable SslConnection@163686a4::SocketChannelEndPoint@72dbeff{l=/127.0.0.1:35537,r=/127.0.0.1:60874,OPEN,fill=-,flush=-,to=1/30000}{io=0/0,kio=0,kro=1}->SslConnection@163686a4{NOT_HANDSHAKING,eio=-1/-1,di=-1,fill=INTERESTED,flush=IDLE}~>DecryptedEndPoint@670241b0{l=/127.0.0.1:35537,r=/127.0.0.1:60874,OPEN,fill=FI,flush=-,to=1/30000}=>HttpConnection@38748bb8[p=HttpParser{s=START,0 of -1},g=HttpGenerator@634c5a13{s=START}]=>HttpChannelOverHttp@36e07b75{s=HttpChannelState@d32ccaf{s=IDLE rs=BLOCKING os=OPEN is=IDLE awp=false se=false i=true al=0},r=0,c=false/false,a=IDLE,uri=null,age=0}
04:06:39.600 [qtp399373008-60] DEBUG org.eclipse.jetty.io.FillInterest - fillable FillInterest@7f792489{AC.ReadCB@38748bb8{HttpConnection@38748bb8::DecryptedEndPoint@670241b0{l=/127.0.0.1:35537,r=/127.0.0.1:60874,OPEN,fill=FI,flush=-,to=1/30000}}}
04:06:39.600 [qtp399373008-60] DEBUG org.eclipse.jetty.server.HttpConnection - HttpConnection@38748bb8::DecryptedEndPoint@670241b0{l=/127.0.0.1:35537,r=/127.0.0.1:60874,OPEN,fill=-,flush=-,to=1/30000} onFillable enter HttpChannelState@d32ccaf{s=IDLE rs=BLOCKING os=OPEN is=IDLE awp=false se=false i=true al=0} null
04:06:39.600 [qtp399373008-60] DEBUG org.eclipse.jetty.io.ssl.SslConnection - >fill SslConnection@163686a4::SocketChannelEndPoint@72dbeff{l=/127.0.0.1:35537,r=/127.0.0.1:60874,OPEN,fill=-,flush=-,to=1/30000}{io=0/0,kio=0,kro=1}->SslConnection@163686a4{NOT_HANDSHAKING,eio=-1/-1,di=-1,fill=IDLE,flush=IDLE}~>DecryptedEndPoint@670241b0{l=/127.0.0.1:35537,r=/127.0.0.1:60874,OPEN,fill=-,flush=-,to=1/30000}=>HttpConnection@38748bb8[p=HttpParser{s=START,0 of -1},g=HttpGenerator@634c5a13{s=START}]=>HttpChannelOverHttp@36e07b75{s=HttpChannelState@d32ccaf{s=IDLE rs=BLOCKING os=OPEN is=IDLE awp=false se=false i=true al=0},r=0,c=false/false,a=IDLE,uri=null,age=0}
04:06:39.600 [qtp399373008-60] DEBUG org.eclipse.jetty.io.ssl.SslConnection - fill NOT_HANDSHAKING
04:06:39.600 [qtp399373008-60] DEBUG org.eclipse.jetty.io.ChannelEndPoint - filled 339 HeapByteBuffer@3303dde5[p=0,l=339,c=17408,r=339]={<<<\x16\x03\x03\x01N\x01\x00\x01J\x03\x03\xA6\xA7\xC7'\xAet\xC8\xD6\x02\\\x05\xE7\x8e\xE2...8tA3\xC0\x1cT\xFa}V\xB1A5^\xD3^\x0b\xB3\xFf\x01\x00\x01\x00>>>\xF9\xFb}{\xC0\xFag\xC6G...\x00\x00\x00\x00\x00\x00\x00}
04:06:39.600 [qtp399373008-60] DEBUG org.eclipse.jetty.io.ssl.SslConnection - net filled=339
04:06:39.600 [qtp399373008-60] DEBUG org.eclipse.jetty.io.ssl.SslConnection - fill starting handshake SslConnection@163686a4::SocketChannelEndPoint@72dbeff{l=/127.0.0.1:35537,r=/127.0.0.1:60874,OPEN,fill=-,flush=-,to=0/30000}{io=0/0,kio=0,kro=1}->SslConnection@163686a4{NOT_HANDSHAKING,eio=339/-1,di=-1,fill=IDLE,flush=IDLE}~>DecryptedEndPoint@670241b0{l=/127.0.0.1:35537,r=/127.0.0.1:60874,OPEN,fill=-,flush=-,to=2/30000}=>HttpConnection@38748bb8[p=HttpParser{s=START,0 of -1},g=HttpGenerator@634c5a13{s=START}]=>HttpChannelOverHttp@36e07b75{s=HttpChannelState@d32ccaf{s=IDLE rs=BLOCKING os=OPEN is=IDLE awp=false se=false i=true al=0},r=0,c=false/false,a=IDLE,uri=null,age=0}
04:06:39.601 [qtp399373008-60] DEBUG org.eclipse.jetty.io.ssl.SslConnection - unwrap net_filled=339 Status = OK HandshakeStatus = NEED_TASK bytesConsumed = 339 bytesProduced = 0 encryptedBuffer=[p=339,l=339,c=17408,r=0] unwrapBuffer=HeapByteBuffer@373c4f5d[p=0,l=0,c=17408,r=0]={<<<>>>GET /conf...\x00\x00\x00\x00\x00\x00\x00} appBuffer=HeapByteBuffer@373c4f5d[p=0,l=0,c=17408,r=0]={<<<>>>GET /conf...\x00\x00\x00\x00\x00\x00\x00}
04:06:39.601 [qtp399373008-60] DEBUG org.eclipse.jetty.io.ssl.SslConnection - fill NEED_TASK
04:06:39.609 [qtp399373008-60] DEBUG org.eclipse.jetty.io.ssl.SslConnection - fill NEED_WRAP
04:06:39.609 [qtp399373008-60] DEBUG org.eclipse.jetty.io.ssl.SslConnection - >flush SslConnection@163686a4::SocketChannelEndPoint@72dbeff{l=/127.0.0.1:35537,r=/127.0.0.1:60874,OPEN,fill=-,flush=-,to=8/30000}{io=0/0,kio=0,kro=1}->SslConnection@163686a4{NEED_WRAP,eio=0/-1,di=-1,fill=IDLE,flush=IDLE}~>DecryptedEndPoint@670241b0{l=/127.0.0.1:35537,r=/127.0.0.1:60874,OPEN,fill=-,flush=-,to=10/30000}=>HttpConnection@38748bb8[p=HttpParser{s=START,0 of -1},g=HttpGenerator@634c5a13{s=START}]=>HttpChannelOverHttp@36e07b75{s=HttpChannelState@d32ccaf{s=IDLE rs=BLOCKING os=OPEN is=IDLE awp=false se=false i=true al=0},r=0,c=false/false,a=IDLE,uri=null,age=0}
04:06:39.609 [qtp399373008-60] DEBUG org.eclipse.jetty.io.ssl.SslConnection - flush b[0]=HeapByteBuffer@38928dbe[p=0,l=0,c=0,r=0]={<<<>>>}
04:06:39.609 [qtp399373008-60] DEBUG org.eclipse.jetty.io.ssl.SslConnection - flush NEED_WRAP
04:06:39.609 [qtp399373008-60] DEBUG org.eclipse.jetty.io.ssl.SslConnection - wrap Status = OK HandshakeStatus = NEED_WRAP bytesConsumed = 0 bytesProduced = 160 [p=0,l=160,c=17408,r=160] ioDone=false/false
04:06:39.609 [qtp399373008-60] DEBUG org.eclipse.jetty.io.ChannelEndPoint - flushed 160 SocketChannelEndPoint@72dbeff{l=/127.0.0.1:35537,r=/127.0.0.1:60874,OPEN,fill=-,flush=-,to=9/30000}{io=0/0,kio=0,kro=1}->SslConnection@163686a4{NEED_WRAP,eio=0/0,di=-1,fill=IDLE,flush=IDLE}~>DecryptedEndPoint@670241b0{l=/127.0.0.1:35537,r=/127.0.0.1:60874,OPEN,fill=-,flush=-,to=11/30000}=>HttpConnection@38748bb8[p=HttpParser{s=START,0 of -1},g=HttpGenerator@634c5a13{s=START}]=>HttpChannelOverHttp@36e07b75{s=HttpChannelState@d32ccaf{s=IDLE rs=BLOCKING os=OPEN is=IDLE awp=false se=false i=true al=0},r=0,c=false/false,a=IDLE,uri=null,age=0}
04:06:39.609 [qtp399373008-60] DEBUG org.eclipse.jetty.io.ssl.SslConnection - net flushed=true, ac=true
04:06:39.609 [qtp399373008-60] DEBUG org.eclipse.jetty.io.ssl.SslConnection - flush NEED_WRAP
04:06:39.609 [qtp399373008-60] DEBUG org.eclipse.jetty.io.ssl.SslConnection - wrap Status = OK HandshakeStatus = NEED_WRAP bytesConsumed = 0 bytesProduced = 6 [p=0,l=6,c=17408,r=6] ioDone=false/false
04:06:39.609 [qtp399373008-60] DEBUG org.eclipse.jetty.io.ChannelEndPoint - flushed 6 SocketChannelEndPoint@72dbeff{l=/127.0.0.1:35537,r=/127.0.0.1:60874,OPEN,fill=-,flush=-,to=0/30000}{io=0/0,kio=0,kro=1}->SslConnection@163686a4{NEED_WRAP,eio=0/0,di=-1,fill=IDLE,flush=IDLE}~>DecryptedEndPoint@670241b0{l=/127.0.0.1:35537,r=/127.0.0.1:60874,OPEN,fill=-,flush=-,to=11/30000}=>HttpConnection@38748bb8[p=HttpParser{s=START,0 of -1},g=HttpGenerator@634c5a13{s=START}]=>HttpChannelOverHttp@36e07b75{s=HttpChannelState@d32ccaf{s=IDLE rs=BLOCKING os=OPEN is=IDLE awp=false se=false i=true al=0},r=0,c=false/false,a=IDLE,uri=null,age=0}
04:06:39.609 [qtp399373008-60] DEBUG org.eclipse.jetty.io.ssl.SslConnection - net flushed=true, ac=true
04:06:39.609 [qtp399373008-60] DEBUG org.eclipse.jetty.io.ssl.SslConnection - flush NEED_WRAP
04:06:39.610 [qtp399373008-60] DEBUG org.eclipse.jetty.io.ssl.SslConnection - wrap Status = OK HandshakeStatus = NEED_UNWRAP bytesConsumed = 0 bytesProduced = 1597 [p=0,l=1597,c=17408,r=1597] ioDone=false/false
04:06:39.610 [qtp399373008-60] DEBUG org.eclipse.jetty.io.ChannelEndPoint - flushed 1597 SocketChannelEndPoint@72dbeff{l=/127.0.0.1:35537,r=/127.0.0.1:60874,OPEN,fill=-,flush=-,to=0/30000}{io=0/0,kio=0,kro=1}->SslConnection@163686a4{NEED_UNWRAP,eio=0/0,di=-1,fill=IDLE,flush=IDLE}~>DecryptedEndPoint@670241b0{l=/127.0.0.1:35537,r=/127.0.0.1:60874,OPEN,fill=-,flush=-,to=11/30000}=>HttpConnection@38748bb8[p=HttpParser{s=START,0 of -1},g=HttpGenerator@634c5a13{s=START}]=>HttpChannelOverHttp@36e07b75{s=HttpChannelState@d32ccaf{s=IDLE rs=BLOCKING os=OPEN is=IDLE awp=false se=false i=true al=0},r=0,c=false/false,a=IDLE,uri=null,age=0}
04:06:39.610 [qtp399373008-60] DEBUG org.eclipse.jetty.io.ssl.SslConnection - net flushed=true, ac=true
04:06:39.610 [qtp399373008-60] DEBUG org.eclipse.jetty.io.ssl.SslConnection - <flush true SslConnection@163686a4::SocketChannelEndPoint@72dbeff{l=/127.0.0.1:35537,r=/127.0.0.1:60874,OPEN,fill=-,flush=-,to=0/30000}{io=0/0,kio=0,kro=1}->SslConnection@163686a4{NEED_UNWRAP,eio=0/-1,di=-1,fill=IDLE,flush=IDLE}~>DecryptedEndPoint@670241b0{l=/127.0.0.1:35537,r=/127.0.0.1:60874,OPEN,fill=-,flush=-,to=11/30000}=>HttpConnection@38748bb8[p=HttpParser{s=START,0 of -1},g=HttpGenerator@634c5a13{s=START}]=>HttpChannelOverHttp@36e07b75{s=HttpChannelState@d32ccaf{s=IDLE rs=BLOCKING os=OPEN is=IDLE awp=false se=false i=true al=0},r=0,c=false/false,a=IDLE,uri=null,age=0}
04:06:39.610 [qtp399373008-60] DEBUG org.eclipse.jetty.io.ssl.SslConnection - fill NEED_UNWRAP
04:06:39.610 [qtp399373008-60] DEBUG org.eclipse.jetty.io.ChannelEndPoint - filled 0 HeapByteBuffer@3303dde5[p=0,l=0,c=17408,r=0]={<<<>>>\x16\x03\x03\x01N\x01\x00\x01J...\x00\x00\x00\x00\x00\x00\x00}
04:06:39.610 [qtp399373008-60] DEBUG org.eclipse.jetty.io.ssl.SslConnection - net filled=0
04:06:39.610 [qtp399373008-60] DEBUG org.eclipse.jetty.io.ssl.SslConnection - unwrap net_filled=0 Status = BUFFER_UNDERFLOW HandshakeStatus = NEED_UNWRAP bytesConsumed = 0 bytesProduced = 0 encryptedBuffer=[p=0,l=0,c=17408,r=0] unwrapBuffer=HeapByteBuffer@373c4f5d[p=0,l=0,c=17408,r=0]={<<<>>>GET /conf...\x00\x00\x00\x00\x00\x00\x00} appBuffer=HeapByteBuffer@373c4f5d[p=0,l=0,c=17408,r=0]={<<<>>>GET /conf...\x00\x00\x00\x00\x00\x00\x00}
04:06:39.610 [qtp399373008-60] DEBUG org.eclipse.jetty.io.ssl.SslConnection - <fill f=0 uf=true SslConnection@163686a4::SocketChannelEndPoint@72dbeff{l=/127.0.0.1:35537,r=/127.0.0.1:60874,OPEN,fill=-,flush=-,to=0/30000}{io=0/0,kio=0,kro=1}->SslConnection@163686a4{NEED_UNWRAP,eio=-1/-1,di=-1,fill=IDLE,flush=IDLE}~>DecryptedEndPoint@670241b0{l=/127.0.0.1:35537,r=/127.0.0.1:60874,OPEN,fill=-,flush=-,to=11/30000}=>HttpConnection@38748bb8[p=HttpParser{s=START,0 of -1},g=HttpGenerator@634c5a13{s=START}]=>HttpChannelOverHttp@36e07b75{s=HttpChannelState@d32ccaf{s=IDLE rs=BLOCKING os=OPEN is=IDLE awp=false se=false i=true al=0},r=0,c=false/false,a=IDLE,uri=null,age=0}
04:06:39.610 [qtp399373008-60] DEBUG org.eclipse.jetty.io.ssl.SslConnection - >fill SslConnection@163686a4::SocketChannelEndPoint@72dbeff{l=/127.0.0.1:35537,r=/127.0.0.1:60874,OPEN,fill=-,flush=-,to=0/30000}{io=0/0,kio=0,kro=1}->SslConnection@163686a4{NEED_UNWRAP,eio=-1/-1,di=-1,fill=IDLE,flush=IDLE}~>DecryptedEndPoint@670241b0{l=/127.0.0.1:35537,r=/127.0.0.1:60874,OPEN,fill=-,flush=-,to=11/30000}=>HttpConnection@38748bb8[p=HttpParser{s=START,0 of -1},g=HttpGenerator@634c5a13{s=START}]=>HttpChannelOverHttp@36e07b75{s=HttpChannelState@d32ccaf{s=IDLE rs=BLOCKING os=OPEN is=IDLE awp=false se=false i=true al=0},r=0,c=false/false,a=IDLE,uri=null,age=0}
04:06:39.610 [qtp399373008-60] DEBUG org.eclipse.jetty.io.ssl.SslConnection - fill NEED_UNWRAP
04:06:39.610 [qtp399373008-60] DEBUG org.eclipse.jetty.io.ChannelEndPoint - filled 0 HeapByteBuffer@3dc4242d[p=0,l=0,c=17408,r=0]={<<<>>>\x17\x03\x03\x068<\x96\xF9\xB2...\x00\x00\x00\x00\x00\x00\x00}
04:06:39.610 [qtp399373008-60] DEBUG org.eclipse.jetty.io.ssl.SslConnection - net filled=0
04:06:39.610 [qtp399373008-60] DEBUG org.eclipse.jetty.io.ssl.SslConnection - unwrap net_filled=0 Status = BUFFER_UNDERFLOW HandshakeStatus = NEED_UNWRAP bytesConsumed = 0 bytesProduced = 0 encryptedBuffer=[p=0,l=0,c=17408,r=0] unwrapBuffer=HeapByteBuffer@373c4f5d[p=0,l=0,c=17408,r=0]={<<<>>>GET /conf...\x00\x00\x00\x00\x00\x00\x00} appBuffer=HeapByteBuffer@373c4f5d[p=0,l=0,c=17408,r=0]={<<<>>>GET /conf...\x00\x00\x00\x00\x00\x00\x00}
04:06:39.610 [qtp399373008-60] DEBUG org.eclipse.jetty.io.ssl.SslConnection - <fill f=0 uf=true SslConnection@163686a4::SocketChannelEndPoint@72dbeff{l=/127.0.0.1:35537,r=/127.0.0.1:60874,OPEN,fill=-,flush=-,to=0/30000}{io=0/0,kio=0,kro=1}->SslConnection@163686a4{NEED_UNWRAP,eio=-1/-1,di=-1,fill=IDLE,flush=IDLE}~>DecryptedEndPoint@670241b0{l=/127.0.0.1:35537,r=/127.0.0.1:60874,OPEN,fill=-,flush=-,to=12/30000}=>HttpConnection@38748bb8[p=HttpParser{s=START,0 of -1},g=HttpGenerator@634c5a13{s=START}]=>HttpChannelOverHttp@36e07b75{s=HttpChannelState@d32ccaf{s=IDLE rs=BLOCKING os=OPEN is=IDLE awp=false se=false i=true al=0},r=0,c=false/false,a=IDLE,uri=null,age=0}
04:06:39.610 [qtp399373008-60] DEBUG org.eclipse.jetty.server.HttpConnection - HttpConnection@38748bb8::DecryptedEndPoint@670241b0{l=/127.0.0.1:35537,r=/127.0.0.1:60874,OPEN,fill=-,flush=-,to=12/30000} filled 0 HeapByteBuffer@373c4f5d[p=0,l=0,c=17408,r=0]={<<<>>>GET /conf...\x00\x00\x00\x00\x00\x00\x00}
04:06:39.610 [qtp399373008-60] DEBUG org.eclipse.jetty.server.HttpConnection - HttpConnection@38748bb8::DecryptedEndPoint@670241b0{l=/127.0.0.1:35537,r=/127.0.0.1:60874,OPEN,fill=-,flush=-,to=12/30000} parse HeapByteBuffer@373c4f5d[p=0,l=0,c=17408,r=0]={<<<>>>GET /conf...\x00\x00\x00\x00\x00\x00\x00} {}
04:06:39.610 [qtp399373008-60] DEBUG org.eclipse.jetty.http.HttpParser - parseNext s=START HeapByteBuffer@373c4f5d[p=0,l=0,c=17408,r=0]={<<<>>>GET /conf...\x00\x00\x00\x00\x00\x00\x00}
04:06:39.610 [qtp399373008-60] DEBUG org.eclipse.jetty.server.HttpConnection - HttpConnection@38748bb8::DecryptedEndPoint@670241b0{l=/127.0.0.1:35537,r=/127.0.0.1:60874,OPEN,fill=-,flush=-,to=12/30000} parsed false HttpParser{s=START,0 of -1}
04:06:39.610 [qtp399373008-60] DEBUG org.eclipse.jetty.server.HttpConnection - releaseRequestBuffer HttpConnection@38748bb8::DecryptedEndPoint@670241b0{l=/127.0.0.1:35537,r=/127.0.0.1:60874,OPEN,fill=-,flush=-,to=12/30000}
04:06:39.610 [qtp399373008-60] DEBUG org.eclipse.jetty.io.AbstractConnection - fillInterested HttpConnection@38748bb8::DecryptedEndPoint@670241b0{l=/127.0.0.1:35537,r=/127.0.0.1:60874,OPEN,fill=-,flush=-,to=12/30000}
04:06:39.611 [qtp399373008-60] DEBUG org.eclipse.jetty.io.FillInterest - interested FillInterest@7f792489{AC.ReadCB@38748bb8{HttpConnection@38748bb8::DecryptedEndPoint@670241b0{l=/127.0.0.1:35537,r=/127.0.0.1:60874,OPEN,fill=FI,flush=-,to=0/30000}}}
04:06:39.611 [qtp399373008-60] DEBUG org.eclipse.jetty.io.ssl.SslConnection - >needFillInterest s=IDLE/IDLE uf=true ei=null di=null SslConnection@163686a4::SocketChannelEndPoint@72dbeff{l=/127.0.0.1:35537,r=/127.0.0.1:60874,OPEN,fill=-,flush=-,to=0/30000}{io=0/0,kio=0,kro=1}->SslConnection@163686a4{NEED_UNWRAP,eio=-1/-1,di=-1,fill=IDLE,flush=IDLE}~>DecryptedEndPoint@670241b0{l=/127.0.0.1:35537,r=/127.0.0.1:60874,OPEN,fill=FI,flush=-,to=0/30000}=>HttpConnection@38748bb8[p=HttpParser{s=START,0 of -1},g=HttpGenerator@634c5a13{s=START}]=>HttpChannelOverHttp@36e07b75{s=HttpChannelState@d32ccaf{s=IDLE rs=BLOCKING os=OPEN is=IDLE awp=false se=false i=true al=0},r=0,c=false/false,a=IDLE,uri=null,age=0}
04:06:39.611 [qtp399373008-60] DEBUG org.eclipse.jetty.io.ssl.SslConnection - <needFillInterest s=IDLE/INTERESTED f=false i=true w=null
04:06:39.611 [qtp399373008-60] DEBUG org.eclipse.jetty.io.ssl.SslConnection - ensureFillInterested SslConnection@163686a4::SocketChannelEndPoint@72dbeff{l=/127.0.0.1:35537,r=/127.0.0.1:60874,OPEN,fill=-,flush=-,to=0/30000}{io=0/0,kio=0,kro=1}->SslConnection@163686a4{NEED_UNWRAP,eio=-1/-1,di=-1,fill=INTERESTED,flush=IDLE}~>DecryptedEndPoint@670241b0{l=/127.0.0.1:35537,r=/127.0.0.1:60874,OPEN,fill=FI,flush=-,to=0/30000}=>HttpConnection@38748bb8[p=HttpParser{s=START,0 of -1},g=HttpGenerator@634c5a13{s=START}]=>HttpChannelOverHttp@36e07b75{s=HttpChannelState@d32ccaf{s=IDLE rs=BLOCKING os=OPEN is=IDLE awp=false se=false i=true al=0},r=0,c=false/false,a=IDLE,uri=null,age=0}
04:06:39.611 [qtp399373008-60] DEBUG org.eclipse.jetty.io.FillInterest - interested FillInterest@21fd1582{SSLC.NBReadCB@163686a4{SslConnection@163686a4::SocketChannelEndPoint@72dbeff{l=/127.0.0.1:35537,r=/127.0.0.1:60874,OPEN,fill=FI,flush=-,to=0/30000}{io=0/0,kio=0,kro=1}->SslConnection@163686a4{NEED_UNWRAP,eio=-1/-1,di=-1,fill=INTERESTED,flush=IDLE}~>DecryptedEndPoint@670241b0{l=/127.0.0.1:35537,r=/127.0.0.1:60874,OPEN,fill=FI,flush=-,to=0/30000}=>HttpConnection@38748bb8[p=HttpParser{s=START,0 of -1},g=HttpGenerator@634c5a13{s=START}]=>HttpChannelOverHttp@36e07b75{s=HttpChannelState@d32ccaf{s=IDLE rs=BLOCKING os=OPEN is=IDLE awp=false se=false i=true al=0},r=0,c=false/false,a=IDLE,uri=null,age=0}}}
04:06:39.611 [qtp399373008-60] DEBUG org.eclipse.jetty.io.ChannelEndPoint - changeInterests p=false 0->1 for SocketChannelEndPoint@72dbeff{l=/127.0.0.1:35537,r=/127.0.0.1:60874,OPEN,fill=FI,flush=-,to=0/30000}{io=0/1,kio=0,kro=1}->SslConnection@163686a4{NEED_UNWRAP,eio=-1/-1,di=-1,fill=INTERESTED,flush=IDLE}~>DecryptedEndPoint@670241b0{l=/127.0.0.1:35537,r=/127.0.0.1:60874,OPEN,fill=FI,flush=-,to=0/30000}=>HttpConnection@38748bb8[p=HttpParser{s=START,0 of -1},g=HttpGenerator@634c5a13{s=START}]=>HttpChannelOverHttp@36e07b75{s=HttpChannelState@d32ccaf{s=IDLE rs=BLOCKING os=OPEN is=IDLE awp=false se=false i=true al=0},r=0,c=false/false,a=IDLE,uri=null,age=0}
04:06:39.611 [qtp399373008-60] DEBUG org.eclipse.jetty.io.ManagedSelector - Queued change lazy=false org.eclipse.jetty.io.ChannelEndPoint$$Lambda$255/2121444922@3dca4bf on ManagedSelector@5733f295{STARTED} id=1 keys=2 selected=0 updates=0
04:06:39.611 [qtp399373008-60] DEBUG org.eclipse.jetty.io.ManagedSelector - Wakeup on submit ManagedSelector@5733f295{STARTED} id=1 keys=2 selected=0 updates=1
04:06:39.611 [qtp399373008-60] DEBUG org.eclipse.jetty.server.HttpConnection - HttpConnection@38748bb8::DecryptedEndPoint@670241b0{l=/127.0.0.1:35537,r=/127.0.0.1:60874,OPEN,fill=FI,flush=-,to=0/30000} onFillable exit HttpChannelState@d32ccaf{s=IDLE rs=BLOCKING os=OPEN is=IDLE awp=false se=false i=true al=0} null
04:06:39.611 [qtp399373008-60] DEBUG org.eclipse.jetty.io.ssl.SslConnection - <c.onFillable SslConnection@163686a4::SocketChannelEndPoint@72dbeff{l=/127.0.0.1:35537,r=/127.0.0.1:60874,OPEN,fill=FI,flush=-,to=0/30000}{io=0/1,kio=0,kro=1}->SslConnection@163686a4{NEED_UNWRAP,eio=-1/-1,di=-1,fill=INTERESTED,flush=IDLE}~>DecryptedEndPoint@670241b0{l=/127.0.0.1:35537,r=/127.0.0.1:60874,OPEN,fill=FI,flush=-,to=0/30000}=>HttpConnection@38748bb8[p=HttpParser{s=START,0 of -1},g=HttpGenerator@634c5a13{s=START}]=>HttpChannelOverHttp@36e07b75{s=HttpChannelState@d32ccaf{s=IDLE rs=BLOCKING os=OPEN is=IDLE awp=false se=false i=true al=0},r=0,c=false/false,a=IDLE,uri=null,age=0}
04:06:39.611 [qtp399373008-60] DEBUG org.eclipse.jetty.util.thread.ReservedThreadExecutor - ReservedThread@ae8e2bb{RUNNING,thread=Thread[qtp399373008-60,5,main]} was=RUNNING next=RESERVED size=0+2 capacity=8
04:06:39.611 [qtp399373008-60] DEBUG org.eclipse.jetty.util.thread.ReservedThreadExecutor - ReservedThread@ae8e2bb{RESERVED,thread=Thread[qtp399373008-60,5,main]} waiting ReservedThreadExecutor@424fd310{reserved=2/8,pending=0}
04:06:39.613 [qtp399373008-57] DEBUG org.eclipse.jetty.io.ManagedSelector - Selector sun.nio.ch.EPollSelectorImpl@665f4496 woken with none selected
04:06:39.613 [qtp399373008-57] DEBUG org.eclipse.jetty.io.ManagedSelector - Selector sun.nio.ch.EPollSelectorImpl@665f4496 woken up from select, 0/0/2 selected
04:06:39.613 [qtp399373008-57] DEBUG org.eclipse.jetty.io.ManagedSelector - Selector sun.nio.ch.EPollSelectorImpl@665f4496 processing 0 keys, 1 updates
04:06:39.613 [qtp399373008-57] DEBUG org.eclipse.jetty.io.ManagedSelector - updateable 1
04:06:39.613 [qtp399373008-57] DEBUG org.eclipse.jetty.io.ManagedSelector - update org.eclipse.jetty.io.ChannelEndPoint$$Lambda$255/2121444922@3dca4bf
04:06:39.613 [qtp399373008-57] DEBUG org.eclipse.jetty.io.ChannelEndPoint - Key interests updated 0 -> 1 on SocketChannelEndPoint@72dbeff{l=/127.0.0.1:35537,r=/127.0.0.1:60874,OPEN,fill=FI,flush=-,to=2/30000}{io=1/1,kio=1,kro=1}->SslConnection@163686a4{NEED_UNWRAP,eio=-1/-1,di=-1,fill=INTERESTED,flush=IDLE}~>DecryptedEndPoint@670241b0{l=/127.0.0.1:35537,r=/127.0.0.1:60874,OPEN,fill=FI,flush=-,to=2/30000}=>HttpConnection@38748bb8[p=HttpParser{s=START,0 of -1},g=HttpGenerator@634c5a13{s=START}]=>HttpChannelOverHttp@36e07b75{s=HttpChannelState@d32ccaf{s=IDLE rs=BLOCKING os=OPEN is=IDLE awp=false se=false i=true al=0},r=0,c=false/false,a=IDLE,uri=null,age=0}
04:06:39.613 [qtp399373008-57] DEBUG org.eclipse.jetty.io.ManagedSelector - updates 0
04:06:39.613 [qtp399373008-57] DEBUG org.eclipse.jetty.io.ManagedSelector - Selector sun.nio.ch.EPollSelectorImpl@665f4496 waiting with 2 keys
04:06:39.613 [qtp399373008-57] DEBUG org.eclipse.jetty.io.ManagedSelector - Selector sun.nio.ch.EPollSelectorImpl@665f4496 woken up from select, 1/1/2 selected
04:06:39.613 [qtp399373008-57] DEBUG org.eclipse.jetty.io.ManagedSelector - Selector sun.nio.ch.EPollSelectorImpl@665f4496 processing 1 keys, 0 updates
04:06:39.613 [qtp399373008-57] DEBUG org.eclipse.jetty.io.ManagedSelector - selected 1 sun.nio.ch.SelectionKeyImpl@4c9bf811 SocketChannelEndPoint@72dbeff{l=/127.0.0.1:35537,r=/127.0.0.1:60874,OPEN,fill=FI,flush=-,to=2/30000}{io=1/1,kio=1,kro=1}->SslConnection@163686a4{NEED_UNWRAP,eio=-1/-1,di=-1,fill=INTERESTED,flush=IDLE}~>DecryptedEndPoint@670241b0{l=/127.0.0.1:35537,r=/127.0.0.1:60874,OPEN,fill=FI,flush=-,to=2/30000}=>HttpConnection@38748bb8[p=HttpParser{s=START,0 of -1},g=HttpGenerator@634c5a13{s=START}]=>HttpChannelOverHttp@36e07b75{s=HttpChannelState@d32ccaf{s=IDLE rs=BLOCKING os=OPEN is=IDLE awp=false se=false i=true al=0},r=0,c=false/false,a=IDLE,uri=null,age=0} 
04:06:39.613 [qtp399373008-57] DEBUG org.eclipse.jetty.io.ChannelEndPoint - onSelected 1->0 r=true w=false for SocketChannelEndPoint@72dbeff{l=/127.0.0.1:35537,r=/127.0.0.1:60874,OPEN,fill=FI,flush=-,to=2/30000}{io=1/0,kio=1,kro=1}->SslConnection@163686a4{NEED_UNWRAP,eio=-1/-1,di=-1,fill=INTERESTED,flush=IDLE}~>DecryptedEndPoint@670241b0{l=/127.0.0.1:35537,r=/127.0.0.1:60874,OPEN,fill=FI,flush=-,to=2/30000}=>HttpConnection@38748bb8[p=HttpParser{s=START,0 of -1},g=HttpGenerator@634c5a13{s=START}]=>HttpChannelOverHttp@36e07b75{s=HttpChannelState@d32ccaf{s=IDLE rs=BLOCKING os=OPEN is=IDLE awp=false se=false i=true al=0},r=0,c=false/false,a=IDLE,uri=null,age=0}
04:06:39.614 [qtp399373008-57] DEBUG org.eclipse.jetty.io.ChannelEndPoint - task CEP:SocketChannelEndPoint@72dbeff{l=/127.0.0.1:35537,r=/127.0.0.1:60874,OPEN,fill=FI,flush=-,to=2/30000}{io=1/0,kio=1,kro=1}->SslConnection@163686a4{NEED_UNWRAP,eio=-1/-1,di=-1,fill=INTERESTED,flush=IDLE}~>DecryptedEndPoint@670241b0{l=/127.0.0.1:35537,r=/127.0.0.1:60874,OPEN,fill=FI,flush=-,to=3/30000}=>HttpConnection@38748bb8[p=HttpParser{s=START,0 of -1},g=HttpGenerator@634c5a13{s=START}]=>HttpChannelOverHttp@36e07b75{s=HttpChannelState@d32ccaf{s=IDLE rs=BLOCKING os=OPEN is=IDLE awp=false se=false i=true al=0},r=0,c=false/false,a=IDLE,uri=null,age=0}:runFillable:BLOCKING
04:06:39.614 [qtp399373008-57] DEBUG org.eclipse.jetty.util.thread.ReservedThreadExecutor - ReservedThreadExecutor@424fd310{reserved=2/8,pending=0} tryExecute EatWhatYouKill@b7838a9/SelectorProducer@696f0212/PRODUCING/p=false/QueuedThreadPool[qtp399373008]@17cdf2d0{STARTED,8<=8<=200,i=1,r=-1,q=0}[ReservedThreadExecutor@424fd310{reserved=2/8,pending=0}][pc=0,pic=0,pec=1,epc=3]@2024-05-02T04:06:39.614+01:00
04:06:39.614 [qtp399373008-57] DEBUG org.eclipse.jetty.util.thread.strategy.EatWhatYouKill - EatWhatYouKill@b7838a9/SelectorProducer@696f0212/IDLE/p=true/QueuedThreadPool[qtp399373008]@17cdf2d0{STARTED,8<=8<=200,i=1,r=-1,q=0}[ReservedThreadExecutor@424fd310{reserved=1/8,pending=0}][pc=0,pic=0,pec=1,epc=3]@2024-05-02T04:06:39.614+01:00 m=EXECUTE_PRODUCE_CONSUME t=CEP:SocketChannelEndPoint@72dbeff{l=/127.0.0.1:35537,r=/127.0.0.1:60874,OPEN,fill=FI,flush=-,to=2/30000}{io=1/0,kio=1,kro=1}->SslConnection@163686a4{NEED_UNWRAP,eio=-1/-1,di=-1,fill=INTERESTED,flush=IDLE}~>DecryptedEndPoint@670241b0{l=/127.0.0.1:35537,r=/127.0.0.1:60874,OPEN,fill=FI,flush=-,to=3/30000}=>HttpConnection@38748bb8[p=HttpParser{s=START,0 of -1},g=HttpGenerator@634c5a13{s=START}]=>HttpChannelOverHttp@36e07b75{s=HttpChannelState@d32ccaf{s=IDLE rs=BLOCKING os=OPEN is=IDLE awp=false se=false i=true al=0},r=0,c=false/false,a=IDLE,uri=null,age=0}:runFillable:BLOCKING/BLOCKING
04:06:39.614 [qtp399373008-60] DEBUG org.eclipse.jetty.util.thread.ReservedThreadExecutor - ReservedThread@ae8e2bb{RESERVED,thread=Thread[qtp399373008-60,5,main]} task=EatWhatYouKill@b7838a9/SelectorProducer@696f0212/IDLE/p=true/QueuedThreadPool[qtp399373008]@17cdf2d0{STARTED,8<=8<=200,i=1,r=-1,q=0}[ReservedThreadExecutor@424fd310{reserved=1/8,pending=0}][pc=0,pic=0,pec=1,epc=3]@2024-05-02T04:06:39.614+01:00 ReservedThreadExecutor@424fd310{reserved=1/8,pending=0}
04:06:39.614 [qtp399373008-60] DEBUG org.eclipse.jetty.util.thread.strategy.EatWhatYouKill - EatWhatYouKill@b7838a9/SelectorProducer@696f0212/IDLE/p=true/QueuedThreadPool[qtp399373008]@17cdf2d0{STARTED,8<=8<=200,i=1,r=-1,q=0}[ReservedThreadExecutor@424fd310{reserved=1/8,pending=0}][pc=0,pic=0,pec=1,epc=4]@2024-05-02T04:06:39.614+01:00 tryProduce true
04:06:39.614 [qtp399373008-57] DEBUG org.eclipse.jetty.io.FillInterest - fillable FillInterest@21fd1582{SSLC.NBReadCB@163686a4{SslConnection@163686a4::SocketChannelEndPoint@72dbeff{l=/127.0.0.1:35537,r=/127.0.0.1:60874,OPEN,fill=FI,flush=-,to=3/30000}{io=1/0,kio=1,kro=1}->SslConnection@163686a4{NEED_UNWRAP,eio=-1/-1,di=-1,fill=INTERESTED,flush=IDLE}~>DecryptedEndPoint@670241b0{l=/127.0.0.1:35537,r=/127.0.0.1:60874,OPEN,fill=FI,flush=-,to=3/30000}=>HttpConnection@38748bb8[p=HttpParser{s=START,0 of -1},g=HttpGenerator@634c5a13{s=START}]=>HttpChannelOverHttp@36e07b75{s=HttpChannelState@d32ccaf{s=IDLE rs=BLOCKING os=OPEN is=IDLE awp=false se=false i=true al=0},r=0,c=false/false,a=IDLE,uri=null,age=0}}}
04:06:39.614 [qtp399373008-60] DEBUG org.eclipse.jetty.io.ManagedSelector - updateable 0
04:06:39.614 [qtp399373008-60] DEBUG org.eclipse.jetty.io.ManagedSelector - updates 0
04:06:39.614 [qtp399373008-57] DEBUG org.eclipse.jetty.io.ssl.SslConnection - >c.onFillable SslConnection@163686a4::SocketChannelEndPoint@72dbeff{l=/127.0.0.1:35537,r=/127.0.0.1:60874,OPEN,fill=-,flush=-,to=3/30000}{io=1/0,kio=1,kro=1}->SslConnection@163686a4{NEED_UNWRAP,eio=-1/-1,di=-1,fill=INTERESTED,flush=IDLE}~>DecryptedEndPoint@670241b0{l=/127.0.0.1:35537,r=/127.0.0.1:60874,OPEN,fill=FI,flush=-,to=3/30000}=>HttpConnection@38748bb8[p=HttpParser{s=START,0 of -1},g=HttpGenerator@634c5a13{s=START}]=>HttpChannelOverHttp@36e07b75{s=HttpChannelState@d32ccaf{s=IDLE rs=BLOCKING os=OPEN is=IDLE awp=false se=false i=true al=0},r=0,c=false/false,a=IDLE,uri=null,age=0}
04:06:39.614 [qtp399373008-60] DEBUG org.eclipse.jetty.io.ChannelEndPoint - Key interests updated 1 -> 0 on SocketChannelEndPoint@72dbeff{l=/127.0.0.1:35537,r=/127.0.0.1:60874,OPEN,fill=-,flush=-,to=3/30000}{io=0/0,kio=0,kro=1}->SslConnection@163686a4{NEED_UNWRAP,eio=-1/-1,di=-1,fill=INTERESTED,flush=IDLE}~>DecryptedEndPoint@670241b0{l=/127.0.0.1:35537,r=/127.0.0.1:60874,OPEN,fill=FI,flush=-,to=3/30000}=>HttpConnection@38748bb8[p=HttpParser{s=START,0 of -1},g=HttpGenerator@634c5a13{s=START}]=>HttpChannelOverHttp@36e07b75{s=HttpChannelState@d32ccaf{s=IDLE rs=BLOCKING os=OPEN is=IDLE awp=false se=false i=true al=0},r=0,c=false/false,a=IDLE,uri=null,age=0}
04:06:39.614 [qtp399373008-60] DEBUG org.eclipse.jetty.io.ManagedSelector - Selector sun.nio.ch.EPollSelectorImpl@665f4496 waiting with 2 keys
04:06:39.614 [qtp399373008-57] DEBUG org.eclipse.jetty.io.ssl.SslConnection - onFillable SslConnection@163686a4::SocketChannelEndPoint@72dbeff{l=/127.0.0.1:35537,r=/127.0.0.1:60874,OPEN,fill=-,flush=-,to=3/30000}{io=0/0,kio=0,kro=1}->SslConnection@163686a4{NEED_UNWRAP,eio=-1/-1,di=-1,fill=INTERESTED,flush=IDLE}~>DecryptedEndPoint@670241b0{l=/127.0.0.1:35537,r=/127.0.0.1:60874,OPEN,fill=FI,flush=-,to=3/30000}=>HttpConnection@38748bb8[p=HttpParser{s=START,0 of -1},g=HttpGenerator@634c5a13{s=START}]=>HttpChannelOverHttp@36e07b75{s=HttpChannelState@d32ccaf{s=IDLE rs=BLOCKING os=OPEN is=IDLE awp=false se=false i=true al=0},r=0,c=false/false,a=IDLE,uri=null,age=0}
04:06:39.614 [qtp399373008-57] DEBUG org.eclipse.jetty.io.FillInterest - fillable FillInterest@7f792489{AC.ReadCB@38748bb8{HttpConnection@38748bb8::DecryptedEndPoint@670241b0{l=/127.0.0.1:35537,r=/127.0.0.1:60874,OPEN,fill=FI,flush=-,to=3/30000}}}
04:06:39.614 [qtp399373008-57] DEBUG org.eclipse.jetty.server.HttpConnection - HttpConnection@38748bb8::DecryptedEndPoint@670241b0{l=/127.0.0.1:35537,r=/127.0.0.1:60874,OPEN,fill=-,flush=-,to=3/30000} onFillable enter HttpChannelState@d32ccaf{s=IDLE rs=BLOCKING os=OPEN is=IDLE awp=false se=false i=true al=0} null
04:06:39.614 [qtp399373008-57] DEBUG org.eclipse.jetty.io.ssl.SslConnection - >fill SslConnection@163686a4::SocketChannelEndPoint@72dbeff{l=/127.0.0.1:35537,r=/127.0.0.1:60874,OPEN,fill=-,flush=-,to=3/30000}{io=0/0,kio=0,kro=1}->SslConnection@163686a4{NEED_UNWRAP,eio=-1/-1,di=-1,fill=IDLE,flush=IDLE}~>DecryptedEndPoint@670241b0{l=/127.0.0.1:35537,r=/127.0.0.1:60874,OPEN,fill=-,flush=-,to=3/30000}=>HttpConnection@38748bb8[p=HttpParser{s=START,0 of -1},g=HttpGenerator@634c5a13{s=START}]=>HttpChannelOverHttp@36e07b75{s=HttpChannelState@d32ccaf{s=IDLE rs=BLOCKING os=OPEN is=IDLE awp=false se=false i=true al=0},r=0,c=false/false,a=IDLE,uri=null,age=0}
04:06:39.614 [qtp399373008-57] DEBUG org.eclipse.jetty.io.ssl.SslConnection - fill NEED_UNWRAP
04:06:39.616 [qtp399373008-57] DEBUG org.eclipse.jetty.io.ChannelEndPoint - filled 6 HeapByteBuffer@3dc4242d[p=0,l=6,c=17408,r=6]={<<<\x14\x03\x03\x00\x01\x01>>>\x96\xF9\xB2\x12\xFd9\x16^\xA8...\x00\x00\x00\x00\x00\x00\x00}
04:06:39.616 [qtp399373008-57] DEBUG org.eclipse.jetty.io.ssl.SslConnection - net filled=6
04:06:39.616 [qtp399373008-57] DEBUG org.eclipse.jetty.io.ssl.SslConnection - unwrap net_filled=6 Status = OK HandshakeStatus = NEED_UNWRAP bytesConsumed = 6 bytesProduced = 0 encryptedBuffer=[p=6,l=6,c=17408,r=0] unwrapBuffer=HeapByteBuffer@3303dde5[p=0,l=0,c=17408,r=0]={<<<>>>\x16\x03\x03\x01N\x01\x00\x01J...\x00\x00\x00\x00\x00\x00\x00} appBuffer=HeapByteBuffer@3303dde5[p=0,l=0,c=17408,r=0]={<<<>>>\x16\x03\x03\x01N\x01\x00\x01J...\x00\x00\x00\x00\x00\x00\x00}
04:06:39.616 [qtp399373008-57] DEBUG org.eclipse.jetty.io.ssl.SslConnection - fill NEED_UNWRAP
04:06:39.616 [qtp399373008-57] DEBUG org.eclipse.jetty.io.ChannelEndPoint - filled 0 HeapByteBuffer@3dc4242d[p=0,l=0,c=17408,r=0]={<<<>>>\x14\x03\x03\x00\x01\x01\x96\xF9\xB2...\x00\x00\x00\x00\x00\x00\x00}
04:06:39.616 [qtp399373008-57] DEBUG org.eclipse.jetty.io.ssl.SslConnection - net filled=0
04:06:39.616 [qtp399373008-57] DEBUG org.eclipse.jetty.io.ssl.SslConnection - unwrap net_filled=0 Status = BUFFER_UNDERFLOW HandshakeStatus = NEED_UNWRAP bytesConsumed = 0 bytesProduced = 0 encryptedBuffer=[p=0,l=0,c=17408,r=0] unwrapBuffer=HeapByteBuffer@3303dde5[p=0,l=0,c=17408,r=0]={<<<>>>\x16\x03\x03\x01N\x01\x00\x01J...\x00\x00\x00\x00\x00\x00\x00} appBuffer=HeapByteBuffer@3303dde5[p=0,l=0,c=17408,r=0]={<<<>>>\x16\x03\x03\x01N\x01\x00\x01J...\x00\x00\x00\x00\x00\x00\x00}
04:06:39.616 [qtp399373008-57] DEBUG org.eclipse.jetty.io.ssl.SslConnection - <fill f=0 uf=true SslConnection@163686a4::SocketChannelEndPoint@72dbeff{l=/127.0.0.1:35537,r=/127.0.0.1:60874,OPEN,fill=-,flush=-,to=0/30000}{io=0/0,kio=0,kro=1}->SslConnection@163686a4{NEED_UNWRAP,eio=-1/-1,di=-1,fill=IDLE,flush=IDLE}~>DecryptedEndPoint@670241b0{l=/127.0.0.1:35537,r=/127.0.0.1:60874,OPEN,fill=-,flush=-,to=5/30000}=>HttpConnection@38748bb8[p=HttpParser{s=START,0 of -1},g=HttpGenerator@634c5a13{s=START}]=>HttpChannelOverHttp@36e07b75{s=HttpChannelState@d32ccaf{s=IDLE rs=BLOCKING os=OPEN is=IDLE awp=false se=false i=true al=0},r=0,c=false/false,a=IDLE,uri=null,age=0}
04:06:39.616 [qtp399373008-57] DEBUG org.eclipse.jetty.io.ssl.SslConnection - >fill SslConnection@163686a4::SocketChannelEndPoint@72dbeff{l=/127.0.0.1:35537,r=/127.0.0.1:60874,OPEN,fill=-,flush=-,to=0/30000}{io=0/0,kio=0,kro=1}->SslConnection@163686a4{NEED_UNWRAP,eio=-1/-1,di=-1,fill=IDLE,flush=IDLE}~>DecryptedEndPoint@670241b0{l=/127.0.0.1:35537,r=/127.0.0.1:60874,OPEN,fill=-,flush=-,to=5/30000}=>HttpConnection@38748bb8[p=HttpParser{s=START,0 of -1},g=HttpGenerator@634c5a13{s=START}]=>HttpChannelOverHttp@36e07b75{s=HttpChannelState@d32ccaf{s=IDLE rs=BLOCKING os=OPEN is=IDLE awp=false se=false i=true al=0},r=0,c=false/false,a=IDLE,uri=null,age=0}
04:06:39.616 [qtp399373008-57] DEBUG org.eclipse.jetty.io.ssl.SslConnection - fill NEED_UNWRAP
04:06:39.616 [qtp399373008-57] DEBUG org.eclipse.jetty.io.ChannelEndPoint - filled 0 HeapByteBuffer@373c4f5d[p=0,l=0,c=17408,r=0]={<<<>>>GET /conf...\x00\x00\x00\x00\x00\x00\x00}
04:06:39.616 [qtp399373008-57] DEBUG org.eclipse.jetty.io.ssl.SslConnection - net filled=0
04:06:39.616 [qtp399373008-57] DEBUG org.eclipse.jetty.io.ssl.SslConnection - unwrap net_filled=0 Status = BUFFER_UNDERFLOW HandshakeStatus = NEED_UNWRAP bytesConsumed = 0 bytesProduced = 0 encryptedBuffer=[p=0,l=0,c=17408,r=0] unwrapBuffer=HeapByteBuffer@3303dde5[p=0,l=0,c=17408,r=0]={<<<>>>\x16\x03\x03\x01N\x01\x00\x01J...\x00\x00\x00\x00\x00\x00\x00} appBuffer=HeapByteBuffer@3303dde5[p=0,l=0,c=17408,r=0]={<<<>>>\x16\x03\x03\x01N\x01\x00\x01J...\x00\x00\x00\x00\x00\x00\x00}
04:06:39.616 [qtp399373008-57] DEBUG org.eclipse.jetty.io.ssl.SslConnection - <fill f=0 uf=true SslConnection@163686a4::SocketChannelEndPoint@72dbeff{l=/127.0.0.1:35537,r=/127.0.0.1:60874,OPEN,fill=-,flush=-,to=0/30000}{io=0/0,kio=0,kro=1}->SslConnection@163686a4{NEED_UNWRAP,eio=-1/-1,di=-1,fill=IDLE,flush=IDLE}~>DecryptedEndPoint@670241b0{l=/127.0.0.1:35537,r=/127.0.0.1:60874,OPEN,fill=-,flush=-,to=5/30000}=>HttpConnection@38748bb8[p=HttpParser{s=START,0 of -1},g=HttpGenerator@634c5a13{s=START}]=>HttpChannelOverHttp@36e07b75{s=HttpChannelState@d32ccaf{s=IDLE rs=BLOCKING os=OPEN is=IDLE awp=false se=false i=true al=0},r=0,c=false/false,a=IDLE,uri=null,age=0}
04:06:39.616 [qtp399373008-57] DEBUG org.eclipse.jetty.server.HttpConnection - HttpConnection@38748bb8::DecryptedEndPoint@670241b0{l=/127.0.0.1:35537,r=/127.0.0.1:60874,OPEN,fill=-,flush=-,to=5/30000} filled 0 HeapByteBuffer@3303dde5[p=0,l=0,c=17408,r=0]={<<<>>>\x16\x03\x03\x01N\x01\x00\x01J...\x00\x00\x00\x00\x00\x00\x00}
04:06:39.616 [qtp399373008-57] DEBUG org.eclipse.jetty.server.HttpConnection - HttpConnection@38748bb8::DecryptedEndPoint@670241b0{l=/127.0.0.1:35537,r=/127.0.0.1:60874,OPEN,fill=-,flush=-,to=5/30000} parse HeapByteBuffer@3303dde5[p=0,l=0,c=17408,r=0]={<<<>>>\x16\x03\x03\x01N\x01\x00\x01J...\x00\x00\x00\x00\x00\x00\x00} {}
04:06:39.616 [qtp399373008-57] DEBUG org.eclipse.jetty.http.HttpParser - parseNext s=START HeapByteBuffer@3303dde5[p=0,l=0,c=17408,r=0]={<<<>>>\x16\x03\x03\x01N\x01\x00\x01J...\x00\x00\x00\x00\x00\x00\x00}
04:06:39.616 [qtp399373008-57] DEBUG org.eclipse.jetty.server.HttpConnection - HttpConnection@38748bb8::DecryptedEndPoint@670241b0{l=/127.0.0.1:35537,r=/127.0.0.1:60874,OPEN,fill=-,flush=-,to=5/30000} parsed false HttpParser{s=START,0 of -1}
04:06:39.616 [qtp399373008-57] DEBUG org.eclipse.jetty.server.HttpConnection - releaseRequestBuffer HttpConnection@38748bb8::DecryptedEndPoint@670241b0{l=/127.0.0.1:35537,r=/127.0.0.1:60874,OPEN,fill=-,flush=-,to=5/30000}
04:06:39.616 [qtp399373008-57] DEBUG org.eclipse.jetty.io.AbstractConnection - fillInterested HttpConnection@38748bb8::DecryptedEndPoint@670241b0{l=/127.0.0.1:35537,r=/127.0.0.1:60874,OPEN,fill=-,flush=-,to=5/30000}
04:06:39.616 [qtp399373008-57] DEBUG org.eclipse.jetty.io.FillInterest - interested FillInterest@7f792489{AC.ReadCB@38748bb8{HttpConnection@38748bb8::DecryptedEndPoint@670241b0{l=/127.0.0.1:35537,r=/127.0.0.1:60874,OPEN,fill=FI,flush=-,to=0/30000}}}
04:06:39.617 [qtp399373008-57] DEBUG org.eclipse.jetty.io.ssl.SslConnection - >needFillInterest s=IDLE/IDLE uf=true ei=null di=null SslConnection@163686a4::SocketChannelEndPoint@72dbeff{l=/127.0.0.1:35537,r=/127.0.0.1:60874,OPEN,fill=-,flush=-,to=0/30000}{io=0/0,kio=0,kro=1}->SslConnection@163686a4{NEED_UNWRAP,eio=-1/-1,di=-1,fill=IDLE,flush=IDLE}~>DecryptedEndPoint@670241b0{l=/127.0.0.1:35537,r=/127.0.0.1:60874,OPEN,fill=FI,flush=-,to=0/30000}=>HttpConnection@38748bb8[p=HttpParser{s=START,0 of -1},g=HttpGenerator@634c5a13{s=START}]=>HttpChannelOverHttp@36e07b75{s=HttpChannelState@d32ccaf{s=IDLE rs=BLOCKING os=OPEN is=IDLE awp=false se=false i=true al=0},r=0,c=false/false,a=IDLE,uri=null,age=0}
04:06:39.617 [qtp399373008-57] DEBUG org.eclipse.jetty.io.ssl.SslConnection - <needFillInterest s=IDLE/INTERESTED f=false i=true w=null
04:06:39.617 [qtp399373008-57] DEBUG org.eclipse.jetty.io.ssl.SslConnection - ensureFillInterested SslConnection@163686a4::SocketChannelEndPoint@72dbeff{l=/127.0.0.1:35537,r=/127.0.0.1:60874,OPEN,fill=-,flush=-,to=1/30000}{io=0/0,kio=0,kro=1}->SslConnection@163686a4{NEED_UNWRAP,eio=-1/-1,di=-1,fill=INTERESTED,flush=IDLE}~>DecryptedEndPoint@670241b0{l=/127.0.0.1:35537,r=/127.0.0.1:60874,OPEN,fill=FI,flush=-,to=0/30000}=>HttpConnection@38748bb8[p=HttpParser{s=START,0 of -1},g=HttpGenerator@634c5a13{s=START}]=>HttpChannelOverHttp@36e07b75{s=HttpChannelState@d32ccaf{s=IDLE rs=BLOCKING os=OPEN is=IDLE awp=false se=false i=true al=0},r=0,c=false/false,a=IDLE,uri=null,age=0}
04:06:39.617 [qtp399373008-57] DEBUG org.eclipse.jetty.io.FillInterest - interested FillInterest@21fd1582{SSLC.NBReadCB@163686a4{SslConnection@163686a4::SocketChannelEndPoint@72dbeff{l=/127.0.0.1:35537,r=/127.0.0.1:60874,OPEN,fill=FI,flush=-,to=0/30000}{io=0/0,kio=0,kro=1}->SslConnection@163686a4{NEED_UNWRAP,eio=-1/-1,di=-1,fill=INTERESTED,flush=IDLE}~>DecryptedEndPoint@670241b0{l=/127.0.0.1:35537,r=/127.0.0.1:60874,OPEN,fill=FI,flush=-,to=0/30000}=>HttpConnection@38748bb8[p=HttpParser{s=START,0 of -1},g=HttpGenerator@634c5a13{s=START}]=>HttpChannelOverHttp@36e07b75{s=HttpChannelState@d32ccaf{s=IDLE rs=BLOCKING os=OPEN is=IDLE awp=false se=false i=true al=0},r=0,c=false/false,a=IDLE,uri=null,age=0}}}
04:06:39.617 [qtp399373008-57] DEBUG org.eclipse.jetty.io.ChannelEndPoint - changeInterests p=false 0->1 for SocketChannelEndPoint@72dbeff{l=/127.0.0.1:35537,r=/127.0.0.1:60874,OPEN,fill=FI,flush=-,to=0/30000}{io=0/1,kio=0,kro=1}->SslConnection@163686a4{NEED_UNWRAP,eio=-1/-1,di=-1,fill=INTERESTED,flush=IDLE}~>DecryptedEndPoint@670241b0{l=/127.0.0.1:35537,r=/127.0.0.1:60874,OPEN,fill=FI,flush=-,to=0/30000}=>HttpConnection@38748bb8[p=HttpParser{s=START,0 of -1},g=HttpGenerator@634c5a13{s=START}]=>HttpChannelOverHttp@36e07b75{s=HttpChannelState@d32ccaf{s=IDLE rs=BLOCKING os=OPEN is=IDLE awp=false se=false i=true al=0},r=0,c=false/false,a=IDLE,uri=null,age=0}
04:06:39.617 [qtp399373008-57] DEBUG org.eclipse.jetty.io.ManagedSelector - Queued change lazy=false org.eclipse.jetty.io.ChannelEndPoint$$Lambda$255/2121444922@3dca4bf on ManagedSelector@5733f295{STARTED} id=1 keys=2 selected=0 updates=0
04:06:39.617 [qtp399373008-57] DEBUG org.eclipse.jetty.io.ManagedSelector - Wakeup on submit ManagedSelector@5733f295{STARTED} id=1 keys=2 selected=0 updates=1
04:06:39.617 [qtp399373008-60] DEBUG org.eclipse.jetty.io.ManagedSelector - Selector sun.nio.ch.EPollSelectorImpl@665f4496 woken with none selected
04:06:39.617 [qtp399373008-60] DEBUG org.eclipse.jetty.io.ManagedSelector - Selector sun.nio.ch.EPollSelectorImpl@665f4496 woken up from select, 0/0/2 selected
04:06:39.617 [qtp399373008-60] DEBUG org.eclipse.jetty.io.ManagedSelector - Selector sun.nio.ch.EPollSelectorImpl@665f4496 processing 0 keys, 1 updates
04:06:39.617 [qtp399373008-57] DEBUG org.eclipse.jetty.server.HttpConnection - HttpConnection@38748bb8::DecryptedEndPoint@670241b0{l=/127.0.0.1:35537,r=/127.0.0.1:60874,OPEN,fill=FI,flush=-,to=0/30000} onFillable exit HttpChannelState@d32ccaf{s=IDLE rs=BLOCKING os=OPEN is=IDLE awp=false se=false i=true al=0} null
04:06:39.617 [qtp399373008-60] DEBUG org.eclipse.jetty.io.ManagedSelector - updateable 1
04:06:39.617 [qtp399373008-60] DEBUG org.eclipse.jetty.io.ManagedSelector - update org.eclipse.jetty.io.ChannelEndPoint$$Lambda$255/2121444922@3dca4bf
04:06:39.617 [qtp399373008-57] DEBUG org.eclipse.jetty.io.ssl.SslConnection - <c.onFillable SslConnection@163686a4::SocketChannelEndPoint@72dbeff{l=/127.0.0.1:35537,r=/127.0.0.1:60874,OPEN,fill=FI,flush=-,to=0/30000}{io=0/1,kio=0,kro=1}->SslConnection@163686a4{NEED_UNWRAP,eio=-1/-1,di=-1,fill=INTERESTED,flush=IDLE}~>DecryptedEndPoint@670241b0{l=/127.0.0.1:35537,r=/127.0.0.1:60874,OPEN,fill=FI,flush=-,to=0/30000}=>HttpConnection@38748bb8[p=HttpParser{s=START,0 of -1},g=HttpGenerator@634c5a13{s=START}]=>HttpChannelOverHttp@36e07b75{s=HttpChannelState@d32ccaf{s=IDLE rs=BLOCKING os=OPEN is=IDLE awp=false se=false i=true al=0},r=0,c=false/false,a=IDLE,uri=null,age=0}
04:06:39.617 [qtp399373008-60] DEBUG org.eclipse.jetty.io.ChannelEndPoint - Key interests updated 0 -> 1 on SocketChannelEndPoint@72dbeff{l=/127.0.0.1:35537,r=/127.0.0.1:60874,OPEN,fill=FI,flush=-,to=0/30000}{io=1/1,kio=1,kro=1}->SslConnection@163686a4{NEED_UNWRAP,eio=-1/-1,di=-1,fill=INTERESTED,flush=IDLE}~>DecryptedEndPoint@670241b0{l=/127.0.0.1:35537,r=/127.0.0.1:60874,OPEN,fill=FI,flush=-,to=0/30000}=>HttpConnection@38748bb8[p=HttpParser{s=START,0 of -1},g=HttpGenerator@634c5a13{s=START}]=>HttpChannelOverHttp@36e07b75{s=HttpChannelState@d32ccaf{s=IDLE rs=BLOCKING os=OPEN is=IDLE awp=false se=false i=true al=0},r=0,c=false/false,a=IDLE,uri=null,age=0}
04:06:39.617 [qtp399373008-57] DEBUG org.eclipse.jetty.util.thread.ReservedThreadExecutor - ReservedThread@5c9f82db{RUNNING,thread=Thread[qtp399373008-57,5,main]} was=RUNNING next=RESERVED size=0+2 capacity=8
04:06:39.617 [qtp399373008-60] DEBUG org.eclipse.jetty.io.ManagedSelector - updates 0
04:06:39.617 [qtp399373008-60] DEBUG org.eclipse.jetty.io.ManagedSelector - Selector sun.nio.ch.EPollSelectorImpl@665f4496 waiting with 2 keys
04:06:39.617 [qtp399373008-57] DEBUG org.eclipse.jetty.util.thread.ReservedThreadExecutor - ReservedThread@5c9f82db{RESERVED,thread=Thread[qtp399373008-57,5,main]} waiting ReservedThreadExecutor@424fd310{reserved=2/8,pending=0}
04:06:39.653 [qtp399373008-60] DEBUG org.eclipse.jetty.io.ManagedSelector - Selector sun.nio.ch.EPollSelectorImpl@665f4496 woken up from select, 1/1/2 selected
04:06:39.653 [qtp399373008-60] DEBUG org.eclipse.jetty.io.ManagedSelector - Selector sun.nio.ch.EPollSelectorImpl@665f4496 processing 1 keys, 0 updates
04:06:39.653 [qtp399373008-60] DEBUG org.eclipse.jetty.io.ManagedSelector - selected 1 sun.nio.ch.SelectionKeyImpl@4c9bf811 SocketChannelEndPoint@72dbeff{l=/127.0.0.1:35537,r=/127.0.0.1:60874,OPEN,fill=FI,flush=-,to=36/30000}{io=1/1,kio=1,kro=1}->SslConnection@163686a4{NEED_UNWRAP,eio=-1/-1,di=-1,fill=INTERESTED,flush=IDLE}~>DecryptedEndPoint@670241b0{l=/127.0.0.1:35537,r=/127.0.0.1:60874,OPEN,fill=FI,flush=-,to=36/30000}=>HttpConnection@38748bb8[p=HttpParser{s=START,0 of -1},g=HttpGenerator@634c5a13{s=START}]=>HttpChannelOverHttp@36e07b75{s=HttpChannelState@d32ccaf{s=IDLE rs=BLOCKING os=OPEN is=IDLE awp=false se=false i=true al=0},r=0,c=false/false,a=IDLE,uri=null,age=0} 
04:06:39.653 [qtp399373008-60] DEBUG org.eclipse.jetty.io.ChannelEndPoint - onSelected 1->0 r=true w=false for SocketChannelEndPoint@72dbeff{l=/127.0.0.1:35537,r=/127.0.0.1:60874,OPEN,fill=FI,flush=-,to=36/30000}{io=1/0,kio=1,kro=1}->SslConnection@163686a4{NEED_UNWRAP,eio=-1/-1,di=-1,fill=INTERESTED,flush=IDLE}~>DecryptedEndPoint@670241b0{l=/127.0.0.1:35537,r=/127.0.0.1:60874,OPEN,fill=FI,flush=-,to=36/30000}=>HttpConnection@38748bb8[p=HttpParser{s=START,0 of -1},g=HttpGenerator@634c5a13{s=START}]=>HttpChannelOverHttp@36e07b75{s=HttpChannelState@d32ccaf{s=IDLE rs=BLOCKING os=OPEN is=IDLE awp=false se=false i=true al=0},r=0,c=false/false,a=IDLE,uri=null,age=0}
04:06:39.653 [qtp399373008-60] DEBUG org.eclipse.jetty.io.ChannelEndPoint - task CEP:SocketChannelEndPoint@72dbeff{l=/127.0.0.1:35537,r=/127.0.0.1:60874,OPEN,fill=FI,flush=-,to=36/30000}{io=1/0,kio=1,kro=1}->SslConnection@163686a4{NEED_UNWRAP,eio=-1/-1,di=-1,fill=INTERESTED,flush=IDLE}~>DecryptedEndPoint@670241b0{l=/127.0.0.1:35537,r=/127.0.0.1:60874,OPEN,fill=FI,flush=-,to=36/30000}=>HttpConnection@38748bb8[p=HttpParser{s=START,0 of -1},g=HttpGenerator@634c5a13{s=START}]=>HttpChannelOverHttp@36e07b75{s=HttpChannelState@d32ccaf{s=IDLE rs=BLOCKING os=OPEN is=IDLE awp=false se=false i=true al=0},r=0,c=false/false,a=IDLE,uri=null,age=0}:runFillable:BLOCKING
04:06:39.653 [qtp399373008-60] DEBUG org.eclipse.jetty.util.thread.ReservedThreadExecutor - ReservedThreadExecutor@424fd310{reserved=2/8,pending=0} tryExecute EatWhatYouKill@b7838a9/SelectorProducer@696f0212/PRODUCING/p=false/QueuedThreadPool[qtp399373008]@17cdf2d0{STARTED,8<=8<=200,i=1,r=-1,q=0}[ReservedThreadExecutor@424fd310{reserved=2/8,pending=0}][pc=0,pic=0,pec=1,epc=4]@2024-05-02T04:06:39.653+01:00
04:06:39.653 [qtp399373008-60] DEBUG org.eclipse.jetty.util.thread.strategy.EatWhatYouKill - EatWhatYouKill@b7838a9/SelectorProducer@696f0212/IDLE/p=true/QueuedThreadPool[qtp399373008]@17cdf2d0{STARTED,8<=8<=200,i=1,r=-1,q=0}[ReservedThreadExecutor@424fd310{reserved=1/8,pending=0}][pc=0,pic=0,pec=1,epc=4]@2024-05-02T04:06:39.653+01:00 m=EXECUTE_PRODUCE_CONSUME t=CEP:SocketChannelEndPoint@72dbeff{l=/127.0.0.1:35537,r=/127.0.0.1:60874,OPEN,fill=FI,flush=-,to=36/30000}{io=1/0,kio=1,kro=1}->SslConnection@163686a4{NEED_UNWRAP,eio=-1/-1,di=-1,fill=INTERESTED,flush=IDLE}~>DecryptedEndPoint@670241b0{l=/127.0.0.1:35537,r=/127.0.0.1:60874,OPEN,fill=FI,flush=-,to=36/30000}=>HttpConnection@38748bb8[p=HttpParser{s=START,0 of -1},g=HttpGenerator@634c5a13{s=START}]=>HttpChannelOverHttp@36e07b75{s=HttpChannelState@d32ccaf{s=IDLE rs=BLOCKING os=OPEN is=IDLE awp=false se=false i=true al=0},r=0,c=false/false,a=IDLE,uri=null,age=0}:runFillable:BLOCKING/BLOCKING
04:06:39.653 [qtp399373008-57] DEBUG org.eclipse.jetty.util.thread.ReservedThreadExecutor - ReservedThread@5c9f82db{RESERVED,thread=Thread[qtp399373008-57,5,main]} task=EatWhatYouKill@b7838a9/SelectorProducer@696f0212/IDLE/p=true/QueuedThreadPool[qtp399373008]@17cdf2d0{STARTED,8<=8<=200,i=1,r=-1,q=0}[ReservedThreadExecutor@424fd310{reserved=1/8,pending=0}][pc=0,pic=0,pec=1,epc=4]@2024-05-02T04:06:39.653+01:00 ReservedThreadExecutor@424fd310{reserved=1/8,pending=0}
04:06:39.654 [qtp399373008-60] DEBUG org.eclipse.jetty.io.FillInterest - fillable FillInterest@21fd1582{SSLC.NBReadCB@163686a4{SslConnection@163686a4::SocketChannelEndPoint@72dbeff{l=/127.0.0.1:35537,r=/127.0.0.1:60874,OPEN,fill=FI,flush=-,to=36/30000}{io=1/0,kio=1,kro=1}->SslConnection@163686a4{NEED_UNWRAP,eio=-1/-1,di=-1,fill=INTERESTED,flush=IDLE}~>DecryptedEndPoint@670241b0{l=/127.0.0.1:35537,r=/127.0.0.1:60874,OPEN,fill=FI,flush=-,to=37/30000}=>HttpConnection@38748bb8[p=HttpParser{s=START,0 of -1},g=HttpGenerator@634c5a13{s=START}]=>HttpChannelOverHttp@36e07b75{s=HttpChannelState@d32ccaf{s=IDLE rs=BLOCKING os=OPEN is=IDLE awp=false se=false i=true al=0},r=0,c=false/false,a=IDLE,uri=null,age=0}}}
04:06:39.654 [qtp399373008-57] DEBUG org.eclipse.jetty.util.thread.strategy.EatWhatYouKill - EatWhatYouKill@b7838a9/SelectorProducer@696f0212/IDLE/p=true/QueuedThreadPool[qtp399373008]@17cdf2d0{STARTED,8<=8<=200,i=1,r=-1,q=0}[ReservedThreadExecutor@424fd310{reserved=1/8,pending=0}][pc=0,pic=0,pec=1,epc=5]@2024-05-02T04:06:39.654+01:00 tryProduce true
04:06:39.654 [qtp399373008-57] DEBUG org.eclipse.jetty.io.ManagedSelector - updateable 0
04:06:39.654 [qtp399373008-57] DEBUG org.eclipse.jetty.io.ManagedSelector - updates 0
04:06:39.654 [qtp399373008-60] DEBUG org.eclipse.jetty.io.ssl.SslConnection - >c.onFillable SslConnection@163686a4::SocketChannelEndPoint@72dbeff{l=/127.0.0.1:35537,r=/127.0.0.1:60874,OPEN,fill=-,flush=-,to=36/30000}{io=1/0,kio=1,kro=1}->SslConnection@163686a4{NEED_UNWRAP,eio=-1/-1,di=-1,fill=INTERESTED,flush=IDLE}~>DecryptedEndPoint@670241b0{l=/127.0.0.1:35537,r=/127.0.0.1:60874,OPEN,fill=FI,flush=-,to=37/30000}=>HttpConnection@38748bb8[p=HttpParser{s=START,0 of -1},g=HttpGenerator@634c5a13{s=START}]=>HttpChannelOverHttp@36e07b75{s=HttpChannelState@d32ccaf{s=IDLE rs=BLOCKING os=OPEN is=IDLE awp=false se=false i=true al=0},r=0,c=false/false,a=IDLE,uri=null,age=0}
04:06:39.654 [qtp399373008-57] DEBUG org.eclipse.jetty.io.ChannelEndPoint - Key interests updated 1 -> 0 on SocketChannelEndPoint@72dbeff{l=/127.0.0.1:35537,r=/127.0.0.1:60874,OPEN,fill=-,flush=-,to=36/30000}{io=0/0,kio=0,kro=1}->SslConnection@163686a4{NEED_UNWRAP,eio=-1/-1,di=-1,fill=INTERESTED,flush=IDLE}~>DecryptedEndPoint@670241b0{l=/127.0.0.1:35537,r=/127.0.0.1:60874,OPEN,fill=FI,flush=-,to=37/30000}=>HttpConnection@38748bb8[p=HttpParser{s=START,0 of -1},g=HttpGenerator@634c5a13{s=START}]=>HttpChannelOverHttp@36e07b75{s=HttpChannelState@d32ccaf{s=IDLE rs=BLOCKING os=OPEN is=IDLE awp=false se=false i=true al=0},r=0,c=false/false,a=IDLE,uri=null,age=0}
04:06:39.654 [qtp399373008-57] DEBUG org.eclipse.jetty.io.ManagedSelector - Selector sun.nio.ch.EPollSelectorImpl@665f4496 waiting with 2 keys
04:06:39.654 [qtp399373008-60] DEBUG org.eclipse.jetty.io.ssl.SslConnection - onFillable SslConnection@163686a4::SocketChannelEndPoint@72dbeff{l=/127.0.0.1:35537,r=/127.0.0.1:60874,OPEN,fill=-,flush=-,to=36/30000}{io=0/0,kio=0,kro=1}->SslConnection@163686a4{NEED_UNWRAP,eio=-1/-1,di=-1,fill=INTERESTED,flush=IDLE}~>DecryptedEndPoint@670241b0{l=/127.0.0.1:35537,r=/127.0.0.1:60874,OPEN,fill=FI,flush=-,to=37/30000}=>HttpConnection@38748bb8[p=HttpParser{s=START,0 of -1},g=HttpGenerator@634c5a13{s=START}]=>HttpChannelOverHttp@36e07b75{s=HttpChannelState@d32ccaf{s=IDLE rs=BLOCKING os=OPEN is=IDLE awp=false se=false i=true al=0},r=0,c=false/false,a=IDLE,uri=null,age=0}
04:06:39.654 [qtp399373008-60] DEBUG org.eclipse.jetty.io.FillInterest - fillable FillInterest@7f792489{AC.ReadCB@38748bb8{HttpConnection@38748bb8::DecryptedEndPoint@670241b0{l=/127.0.0.1:35537,r=/127.0.0.1:60874,OPEN,fill=FI,flush=-,to=37/30000}}}
04:06:39.654 [qtp399373008-60] DEBUG org.eclipse.jetty.server.HttpConnection - HttpConnection@38748bb8::DecryptedEndPoint@670241b0{l=/127.0.0.1:35537,r=/127.0.0.1:60874,OPEN,fill=-,flush=-,to=37/30000} onFillable enter HttpChannelState@d32ccaf{s=IDLE rs=BLOCKING os=OPEN is=IDLE awp=false se=false i=true al=0} null
04:06:39.654 [qtp399373008-60] DEBUG org.eclipse.jetty.io.ssl.SslConnection - >fill SslConnection@163686a4::SocketChannelEndPoint@72dbeff{l=/127.0.0.1:35537,r=/127.0.0.1:60874,OPEN,fill=-,flush=-,to=37/30000}{io=0/0,kio=0,kro=1}->SslConnection@163686a4{NEED_UNWRAP,eio=-1/-1,di=-1,fill=IDLE,flush=IDLE}~>DecryptedEndPoint@670241b0{l=/127.0.0.1:35537,r=/127.0.0.1:60874,OPEN,fill=-,flush=-,to=37/30000}=>HttpConnection@38748bb8[p=HttpParser{s=START,0 of -1},g=HttpGenerator@634c5a13{s=START}]=>HttpChannelOverHttp@36e07b75{s=HttpChannelState@d32ccaf{s=IDLE rs=BLOCKING os=OPEN is=IDLE awp=false se=false i=true al=0},r=0,c=false/false,a=IDLE,uri=null,age=0}
04:06:39.654 [qtp399373008-60] DEBUG org.eclipse.jetty.io.ssl.SslConnection - fill NEED_UNWRAP
04:06:39.654 [qtp399373008-60] DEBUG org.eclipse.jetty.io.ChannelEndPoint - filled 1509 HeapByteBuffer@373c4f5d[p=0,l=1509,c=17408,r=1509]={<<<\x17\x03\x03\x03\xAdi\xFf\xCaS\x9e?\x1de\xBeH\xFeg\xD1@2\xE19\xCfJ\xC0...c'\\\x8a]\xDf\xB7\x8f2V\xC0\x16x\x818\x7fj\xF2$s\xBd\xC5K>>>\x80\x1f\xAb\xC9\xCb\xB3\x7f\x8e\x9e...\x00\x00\x00\x00\x00\x00\x00}
04:06:39.654 [qtp399373008-60] DEBUG org.eclipse.jetty.io.ssl.SslConnection - net filled=1509
04:06:39.654 [qtp399373008-60] DEBUG org.eclipse.jetty.io.ssl.SslConnection - unwrap net_filled=1509 Status = OK HandshakeStatus = NEED_TASK bytesConsumed = 946 bytesProduced = 0 encryptedBuffer=[p=946,l=1509,c=17408,r=563] unwrapBuffer=HeapByteBuffer@3dc4242d[p=0,l=0,c=17408,r=0]={<<<>>>\x14\x03\x03\x00\x01\x01\x96\xF9\xB2...\x00\x00\x00\x00\x00\x00\x00} appBuffer=HeapByteBuffer@3dc4242d[p=0,l=0,c=17408,r=0]={<<<>>>\x14\x03\x03\x00\x01\x01\x96\xF9\xB2...\x00\x00\x00\x00\x00\x00\x00}
04:06:39.654 [qtp399373008-60] DEBUG org.eclipse.jetty.io.ssl.SslConnection - fill NEED_TASK
04:06:39.654 [qtp399373008-60] DEBUG org.eclipse.jetty.io.ssl.SslConnection - fill NEED_UNWRAP
04:06:39.654 [qtp399373008-60] DEBUG org.eclipse.jetty.io.ChannelEndPoint - filled 0 HeapByteBuffer@373c4f5d[p=946,l=1509,c=17408,r=563]={\x17\x03\x03\x03\xAd\x0b\x00\x03\x88...\xB6@.\xF8\x1bS\x80<<<\x17\x03\x03\x01)\xFe\xD4\x9e\x91w0\xC0q^\x80\xA3.\xB9\x9c\x9bO\x03\x91me...c'\\\x8a]\xDf\xB7\x8f2V\xC0\x16x\x818\x7fj\xF2$s\xBd\xC5K>>>\x80\x1f\xAb\xC9\xCb\xB3\x7f\x8e\x9e...\x00\x00\x00\x00\x00\x00\x00}
04:06:39.654 [qtp399373008-60] DEBUG org.eclipse.jetty.io.ssl.SslConnection - net filled=0
04:06:39.654 [qtp399373008-60] DEBUG org.eclipse.jetty.io.ssl.SslConnection - unwrap net_filled=0 Status = OK HandshakeStatus = NEED_TASK bytesConsumed = 302 bytesProduced = 0 encryptedBuffer=[p=1248,l=1509,c=17408,r=261] unwrapBuffer=HeapByteBuffer@3dc4242d[p=0,l=0,c=17408,r=0]={<<<>>>\x14\x03\x03\x00\x01\x01\x96\xF9\xB2...\x00\x00\x00\x00\x00\x00\x00} appBuffer=HeapByteBuffer@3dc4242d[p=0,l=0,c=17408,r=0]={<<<>>>\x14\x03\x03\x00\x01\x01\x96\xF9\xB2...\x00\x00\x00\x00\x00\x00\x00}
04:06:39.654 [qtp399373008-60] DEBUG org.eclipse.jetty.io.ssl.SslConnection - fill NEED_TASK
04:06:39.655 [qtp399373008-60] DEBUG org.eclipse.jetty.io.ssl.SslConnection - fill NEED_UNWRAP
04:06:39.655 [qtp399373008-60] DEBUG org.eclipse.jetty.io.ChannelEndPoint - filled 0 HeapByteBuffer@373c4f5d[p=1248,l=1509,c=17408,r=261]={\x17\x03\x03\x03\xAd\x0b\x00\x03\x88...*6F.\xAe\xBa\xB9<<<\x17\x03\x03\x00UQa\x87R\x9b\xB8\xC1\xDfk\x98\xB08\xA6 \xCd\xF0Hr+\xF5...c'\\\x8a]\xDf\xB7\x8f2V\xC0\x16x\x818\x7fj\xF2$s\xBd\xC5K>>>\x80\x1f\xAb\xC9\xCb\xB3\x7f\x8e\x9e...\x00\x00\x00\x00\x00\x00\x00}
04:06:39.655 [qtp399373008-60] DEBUG org.eclipse.jetty.io.ssl.SslConnection - net filled=0
04:06:39.655 [qtp399373008-60] DEBUG org.eclipse.jetty.io.ssl.SslConnection - unwrap net_filled=0 Status = OK HandshakeStatus = NEED_WRAP bytesConsumed = 90 bytesProduced = 0 encryptedBuffer=[p=1338,l=1509,c=17408,r=171] unwrapBuffer=HeapByteBuffer@3dc4242d[p=0,l=0,c=17408,r=0]={<<<>>>\x14\x03\x03\x00\x01\x01\x96\xF9\xB2...\x00\x00\x00\x00\x00\x00\x00} appBuffer=HeapByteBuffer@3dc4242d[p=0,l=0,c=17408,r=0]={<<<>>>\x14\x03\x03\x00\x01\x01\x96\xF9\xB2...\x00\x00\x00\x00\x00\x00\x00}
04:06:39.655 [qtp399373008-60] DEBUG org.eclipse.jetty.io.ssl.SslConnection - fill NEED_WRAP
04:06:39.656 [qtp399373008-60] DEBUG org.eclipse.jetty.io.ssl.SslConnection - >flush SslConnection@163686a4::SocketChannelEndPoint@72dbeff{l=/127.0.0.1:35537,r=/127.0.0.1:60874,OPEN,fill=-,flush=-,to=1/30000}{io=0/0,kio=0,kro=1}->SslConnection@163686a4{NEED_WRAP,eio=171/-1,di=-1,fill=IDLE,flush=IDLE}~>DecryptedEndPoint@670241b0{l=/127.0.0.1:35537,r=/127.0.0.1:60874,OPEN,fill=-,flush=-,to=39/30000}=>HttpConnection@38748bb8[p=HttpParser{s=START,0 of -1},g=HttpGenerator@634c5a13{s=START}]=>HttpChannelOverHttp@36e07b75{s=HttpChannelState@d32ccaf{s=IDLE rs=BLOCKING os=OPEN is=IDLE awp=false se=false i=true al=0},r=0,c=false/false,a=IDLE,uri=null,age=0}
04:06:39.656 [qtp399373008-60] DEBUG org.eclipse.jetty.io.ssl.SslConnection - flush b[0]=HeapByteBuffer@38928dbe[p=0,l=0,c=0,r=0]={<<<>>>}
04:06:39.656 [qtp399373008-60] DEBUG org.eclipse.jetty.io.ssl.SslConnection - flush NEED_WRAP
04:06:39.656 [qtp399373008-60] DEBUG org.eclipse.jetty.io.ssl.SslConnection - wrap Status = OK HandshakeStatus = FINISHED bytesConsumed = 0 bytesProduced = 88 [p=0,l=88,c=17408,r=88] ioDone=false/false
04:06:39.656 [qtp399373008-60] DEBUG org.eclipse.jetty.io.ChannelEndPoint - flushed 88 SocketChannelEndPoint@72dbeff{l=/127.0.0.1:35537,r=/127.0.0.1:60874,OPEN,fill=-,flush=-,to=1/30000}{io=0/0,kio=0,kro=1}->SslConnection@163686a4{NOT_HANDSHAKING,eio=171/0,di=-1,fill=IDLE,flush=IDLE}~>DecryptedEndPoint@670241b0{l=/127.0.0.1:35537,r=/127.0.0.1:60874,OPEN,fill=-,flush=-,to=39/30000}=>HttpConnection@38748bb8[p=HttpParser{s=START,0 of -1},g=HttpGenerator@634c5a13{s=START}]=>HttpChannelOverHttp@36e07b75{s=HttpChannelState@d32ccaf{s=IDLE rs=BLOCKING os=OPEN is=IDLE awp=false se=false i=true al=0},r=0,c=false/false,a=IDLE,uri=null,age=0}
04:06:39.656 [qtp399373008-60] DEBUG org.eclipse.jetty.io.ssl.SslConnection - net flushed=true, ac=true
04:06:39.656 [qtp399373008-60] DEBUG org.eclipse.jetty.io.ssl.SslConnection - handshake succeeded SslConnection@163686a4::SocketChannelEndPoint@72dbeff{l=/127.0.0.1:35537,r=/127.0.0.1:60874,OPEN,fill=-,flush=-,to=0/30000}{io=0/0,kio=0,kro=1}->SslConnection@163686a4{NOT_HANDSHAKING,eio=171/0,di=-1,fill=IDLE,flush=IDLE}~>DecryptedEndPoint@670241b0{l=/127.0.0.1:35537,r=/127.0.0.1:60874,OPEN,fill=-,flush=-,to=39/30000}=>HttpConnection@38748bb8[p=HttpParser{s=START,0 of -1},g=HttpGenerator@634c5a13{s=START}]=>HttpChannelOverHttp@36e07b75{s=HttpChannelState@d32ccaf{s=IDLE rs=BLOCKING os=OPEN is=IDLE awp=false se=false i=true al=0},r=0,c=false/false,a=IDLE,uri=null,age=0} resumed server TLSv1.3/TLS_AES_256_GCM_SHA384
04:06:39.656 [qtp399373008-60] DEBUG org.eclipse.jetty.io.ssl.SslConnection - <flush true SslConnection@163686a4::SocketChannelEndPoint@72dbeff{l=/127.0.0.1:35537,r=/127.0.0.1:60874,OPEN,fill=-,flush=-,to=0/30000}{io=0/0,kio=0,kro=1}->SslConnection@163686a4{NOT_HANDSHAKING,eio=171/-1,di=-1,fill=IDLE,flush=IDLE}~>DecryptedEndPoint@670241b0{l=/127.0.0.1:35537,r=/127.0.0.1:60874,OPEN,fill=-,flush=-,to=39/30000}=>HttpConnection@38748bb8[p=HttpParser{s=START,0 of -1},g=HttpGenerator@634c5a13{s=START}]=>HttpChannelOverHttp@36e07b75{s=HttpChannelState@d32ccaf{s=IDLE rs=BLOCKING os=OPEN is=IDLE awp=false se=false i=true al=0},r=0,c=false/false,a=IDLE,uri=null,age=0}
04:06:39.656 [qtp399373008-60] DEBUG org.eclipse.jetty.io.ssl.SslConnection - fill NOT_HANDSHAKING
04:06:39.656 [qtp399373008-60] DEBUG org.eclipse.jetty.io.ChannelEndPoint - filled 0 HeapByteBuffer@373c4f5d[p=1338,l=1509,c=17408,r=171]={\x17\x03\x03\x03\xAd\x0b\x00\x03\x88...\xC3\x89l\xE8f\xB8N<<<\x17\x03\x03\x00\xA6\xB1\xC8\xEf\xD2\x17\x0e\x96\x07vS2\x8bO\xDa\xE9\xD0h\x8c\xB9\x1a...c'\\\x8a]\xDf\xB7\x8f2V\xC0\x16x\x818\x7fj\xF2$s\xBd\xC5K>>>\x80\x1f\xAb\xC9\xCb\xB3\x7f\x8e\x9e...\x00\x00\x00\x00\x00\x00\x00}
04:06:39.656 [qtp399373008-60] DEBUG org.eclipse.jetty.io.ssl.SslConnection - net filled=0
04:06:39.656 [qtp399373008-60] DEBUG org.eclipse.jetty.io.ssl.SslConnection - unwrap net_filled=0 Status = OK HandshakeStatus = NOT_HANDSHAKING bytesConsumed = 171 bytesProduced = 133 encryptedBuffer=[p=1509,l=1509,c=17408,r=0] unwrapBuffer=HeapByteBuffer@3dc4242d[p=0,l=133,c=17408,r=133]={<<<GET /config-minimal.yml H...gent: okhttp/3.12.3\r\n\r\n>>>\xA3\xEd\xA6n\x1b\xD7\xE5\x8ey...\x00\x00\x00\x00\x00\x00\x00} appBuffer=HeapByteBuffer@3dc4242d[p=0,l=133,c=17408,r=133]={<<<GET /config-minimal.yml H...gent: okhttp/3.12.3\r\n\r\n>>>\xA3\xEd\xA6n\x1b\xD7\xE5\x8ey...\x00\x00\x00\x00\x00\x00\x00}
04:06:39.656 [qtp399373008-60] DEBUG org.eclipse.jetty.io.ssl.SslConnection - <fill f=133 uf=false SslConnection@163686a4::SocketChannelEndPoint@72dbeff{l=/127.0.0.1:35537,r=/127.0.0.1:60874,OPEN,fill=-,flush=-,to=0/30000}{io=0/0,kio=0,kro=1}->SslConnection@163686a4{NOT_HANDSHAKING,eio=-1/-1,di=-1,fill=IDLE,flush=IDLE}~>DecryptedEndPoint@670241b0{l=/127.0.0.1:35537,r=/127.0.0.1:60874,OPEN,fill=-,flush=-,to=39/30000}=>HttpConnection@38748bb8[p=HttpParser{s=START,0 of -1},g=HttpGenerator@634c5a13{s=START}]=>HttpChannelOverHttp@36e07b75{s=HttpChannelState@d32ccaf{s=IDLE rs=BLOCKING os=OPEN is=IDLE awp=false se=false i=true al=0},r=0,c=false/false,a=IDLE,uri=null,age=0}
04:06:39.656 [qtp399373008-60] DEBUG org.eclipse.jetty.server.HttpConnection - HttpConnection@38748bb8::DecryptedEndPoint@670241b0{l=/127.0.0.1:35537,r=/127.0.0.1:60874,OPEN,fill=-,flush=-,to=39/30000} filled 133 HeapByteBuffer@3dc4242d[p=0,l=133,c=17408,r=133]={<<<GET /config-minimal.yml H...gent: okhttp/3.12.3\r\n\r\n>>>\xA3\xEd\xA6n\x1b\xD7\xE5\x8ey...\x00\x00\x00\x00\x00\x00\x00}
04:06:39.656 [qtp399373008-60] DEBUG org.eclipse.jetty.server.HttpConnection - HttpConnection@38748bb8::DecryptedEndPoint@670241b0{l=/127.0.0.1:35537,r=/127.0.0.1:60874,OPEN,fill=-,flush=-,to=39/30000} parse HeapByteBuffer@3dc4242d[p=0,l=133,c=17408,r=133]={<<<GET /config-minimal.yml H...gent: okhttp/3.12.3\r\n\r\n>>>\xA3\xEd\xA6n\x1b\xD7\xE5\x8ey...\x00\x00\x00\x00\x00\x00\x00} {}
04:06:39.656 [qtp399373008-60] DEBUG org.eclipse.jetty.http.HttpParser - parseNext s=START HeapByteBuffer@3dc4242d[p=0,l=133,c=17408,r=133]={<<<GET /config-minimal.yml H...gent: okhttp/3.12.3\r\n\r\n>>>\xA3\xEd\xA6n\x1b\xD7\xE5\x8ey...\x00\x00\x00\x00\x00\x00\x00}
04:06:39.656 [qtp399373008-60] DEBUG org.eclipse.jetty.http.HttpParser - START --> SPACE1
04:06:39.657 [qtp399373008-60] DEBUG org.eclipse.jetty.http.HttpParser - SPACE1 --> URI
04:06:39.657 [qtp399373008-60] DEBUG org.eclipse.jetty.http.HttpParser - URI --> SPACE2
04:06:39.657 [qtp399373008-60] DEBUG org.eclipse.jetty.http.HttpParser - SPACE2 --> REQUEST_VERSION
04:06:39.657 [qtp399373008-60] DEBUG org.eclipse.jetty.http.HttpParser - REQUEST_VERSION --> HEADER
04:06:39.657 [qtp399373008-60] DEBUG org.eclipse.jetty.http.HttpParser - HEADER:Host --> VALUE
04:06:39.657 [qtp399373008-60] DEBUG org.eclipse.jetty.http.HttpParser - HEADER:Host --> IN_VALUE
04:06:39.657 [qtp399373008-60] DEBUG org.eclipse.jetty.http.HttpParser - HEADER:Host --> FIELD
04:06:39.657 [qtp399373008-60] DEBUG org.eclipse.jetty.http.HttpParser - HEADER:Connection: keep-alive --> IN_VALUE
04:06:39.657 [qtp399373008-60] DEBUG org.eclipse.jetty.http.HttpParser - HEADER:Connection: keep-alive --> FIELD
04:06:39.657 [qtp399373008-60] DEBUG org.eclipse.jetty.http.HttpParser - HEADER:Accept-Encoding: gzip --> IN_VALUE
04:06:39.657 [qtp399373008-60] DEBUG org.eclipse.jetty.http.HttpParser - HEADER:Accept-Encoding: gzip --> FIELD
04:06:39.657 [qtp399373008-60] DEBUG org.eclipse.jetty.http.HttpParser - HEADER:User-Agent --> VALUE
04:06:39.657 [qtp399373008-60] DEBUG org.eclipse.jetty.http.HttpParser - HEADER:User-Agent --> IN_VALUE
04:06:39.657 [qtp399373008-60] DEBUG org.eclipse.jetty.http.HttpParser - HEADER:User-Agent --> FIELD
04:06:39.657 [qtp399373008-60] DEBUG org.eclipse.jetty.http.HttpParser - HEADER --> CONTENT
04:06:39.657 [qtp399373008-60] DEBUG org.eclipse.jetty.server.HttpChannel - REQUEST for //localhost:35537/config-minimal.yml on HttpChannelOverHttp@36e07b75{s=HttpChannelState@d32ccaf{s=IDLE rs=BLOCKING os=OPEN is=IDLE awp=false se=false i=true al=0},r=1,c=false/false,a=IDLE,uri=//localhost:35537/config-minimal.yml,age=0}
GET //localhost:35537/config-minimal.yml HTTP/1.1
Host: localhost:35537
Connection: keep-alive
Accept-Encoding: gzip
User-Agent: okhttp/3.12.3


04:06:39.657 [qtp399373008-60] DEBUG org.eclipse.jetty.server.HttpConnection - HttpConnection@38748bb8::DecryptedEndPoint@670241b0{l=/127.0.0.1:35537,r=/127.0.0.1:60874,OPEN,fill=-,flush=-,to=40/30000} parsed true HttpParser{s=CONTENT,0 of -1}
04:06:39.657 [qtp399373008-60] DEBUG org.eclipse.jetty.server.HttpConnection - releaseRequestBuffer HttpConnection@38748bb8::DecryptedEndPoint@670241b0{l=/127.0.0.1:35537,r=/127.0.0.1:60874,OPEN,fill=-,flush=-,to=40/30000}
04:06:39.657 [qtp399373008-60] DEBUG org.eclipse.jetty.server.HttpChannel - handle //localhost:35537/config-minimal.yml HttpChannelOverHttp@36e07b75{s=HttpChannelState@d32ccaf{s=IDLE rs=BLOCKING os=OPEN is=IDLE awp=false se=false i=true al=0},r=1,c=false/false,a=IDLE,uri=//localhost:35537/config-minimal.yml,age=0} 
04:06:39.657 [qtp399373008-60] DEBUG org.eclipse.jetty.server.HttpChannelState - handling HttpChannelState@d32ccaf{s=IDLE rs=BLOCKING os=OPEN is=IDLE awp=false se=false i=true al=0}
04:06:39.657 [qtp399373008-60] DEBUG org.eclipse.jetty.server.HttpChannel - action DISPATCH HttpChannelOverHttp@36e07b75{s=HttpChannelState@d32ccaf{s=HANDLING rs=BLOCKING os=OPEN is=IDLE awp=false se=false i=true al=0},r=1,c=false/false,a=HANDLING,uri=//localhost:35537/config-minimal.yml,age=0}
04:06:39.657 [qtp399373008-60] DEBUG org.eclipse.jetty.server.SecureRequestCustomizer - Host localhost with SNI null
04:06:39.657 [qtp399373008-60] DEBUG org.eclipse.jetty.server.Server - REQUEST GET /config-minimal.yml on HttpChannelOverHttp@36e07b75{s=HttpChannelState@d32ccaf{s=HANDLING rs=BLOCKING os=OPEN is=IDLE awp=false se=false i=true al=0},r=1,c=false/false,a=HANDLING,uri=https://localhost:35537/config-minimal.yml,age=0}
04:06:39.657 [qtp399373008-60] DEBUG org.eclipse.jetty.server.HttpOutput - write(array HeapByteBuffer@6ba7af2[p=0,l=1469,c=262144,r=1469]={<<<# Licensed to the Apache ...tination name: PutFile\n>>>\x00\x00\x00\x00\x00\x00\x00\x00\x00...\x00\x00\x00\x00\x00\x00\x00})
04:06:39.657 [qtp399373008-60] DEBUG org.eclipse.jetty.server.HttpOutput - write(array) s=CLOSING,api=BLOCKED,sc=false,e=null last=true agg=false flush=true async=false, len=1469 null
04:06:39.657 [qtp399373008-60] DEBUG org.eclipse.jetty.server.HttpChannel - sendResponse info=null content=HeapByteBuffer@654834ca[p=0,l=1469,c=262144,r=1469]={<<<# Licensed to the Apache ...tination name: PutFile\n>>>\x00\x00\x00\x00\x00\x00\x00\x00\x00...\x00\x00\x00\x00\x00\x00\x00} complete=true committing=true callback=Blocker@498f6018{null}
04:06:39.657 [qtp399373008-60] DEBUG org.eclipse.jetty.server.HttpChannel - COMMIT for /config-minimal.yml on HttpChannelOverHttp@36e07b75{s=HttpChannelState@d32ccaf{s=HANDLING rs=BLOCKING os=COMMITTED is=IDLE awp=false se=false i=true al=0},r=1,c=false/false,a=HANDLING,uri=https://localhost:35537/config-minimal.yml,age=0}
200 null HTTP/1.1
Date: Thu, 02 May 2024 03:06:39 GMT
ETag: testEtag
Content-Type: text/plain;charset=utf-8
Content-Length: 1469


04:06:39.657 [qtp399373008-60] DEBUG org.eclipse.jetty.server.HttpConnection - generate: NEED_HEADER for SendCallback@5a474248[PROCESSING][i=HTTP/1.1{s=200,h=4,cl=1469},cb=org.eclipse.jetty.server.HttpChannel$SendCallback@f7fde18] (null,[p=0,l=1469,c=262144,r=1469],true)@START
04:06:39.657 [qtp399373008-60] DEBUG org.eclipse.jetty.http.HttpGenerator - generateHeaders HTTP/1.1{s=200,h=4,cl=1469} last=true content=HeapByteBuffer@654834ca[p=0,l=1469,c=262144,r=1469]={<<<# Licensed to the Apache ...tination name: PutFile\n>>>\x00\x00\x00\x00\x00\x00\x00\x00\x00...\x00\x00\x00\x00\x00\x00\x00}
04:06:39.657 [qtp399373008-60] DEBUG org.eclipse.jetty.http.HttpGenerator - Date: Thu, 02 May 2024 03:06:39 GMT
ETag: testEtag
Content-Type: text/plain;charset=utf-8
Content-Length: 1469


04:06:39.657 [qtp399373008-60] DEBUG org.eclipse.jetty.http.HttpGenerator - CONTENT_LENGTH
04:06:39.657 [qtp399373008-60] DEBUG org.eclipse.jetty.server.HttpConnection - generate: FLUSH for SendCallback@5a474248[PROCESSING][i=HTTP/1.1{s=200,h=4,cl=1469},cb=org.eclipse.jetty.server.HttpChannel$SendCallback@f7fde18] ([p=0,l=167,c=8192,r=167],[p=0,l=1469,c=262144,r=1469],true)@COMPLETING
04:06:39.658 [qtp399373008-60] DEBUG org.eclipse.jetty.io.WriteFlusher - write: WriteFlusher@2bb54559{IDLE}->null [HeapByteBuffer@341ac865[p=0,l=167,c=8192,r=167]={<<<HTTP/1.1 200 OK\r\nDate: Th...y(9.4.44.v20210927)\r\n\r\n>>>\x00\x00\x00\x00\x00\x00\x00\x00\x00...\x00\x00\x00\x00\x00\x00\x00},HeapByteBuffer@654834ca[p=0,l=1469,c=262144,r=1469]={<<<# Licensed to the Apache ...tination name: PutFile\n>>>\x00\x00\x00\x00\x00\x00\x00\x00\x00...\x00\x00\x00\x00\x00\x00\x00}]
04:06:39.658 [qtp399373008-60] DEBUG org.eclipse.jetty.io.WriteFlusher - update WriteFlusher@2bb54559{WRITING}->null:IDLE-->WRITING
04:06:39.658 [qtp399373008-60] DEBUG org.eclipse.jetty.io.ssl.SslConnection - >flush SslConnection@163686a4::SocketChannelEndPoint@72dbeff{l=/127.0.0.1:35537,r=/127.0.0.1:60874,OPEN,fill=-,flush=-,to=1/30000}{io=0/0,kio=0,kro=1}->SslConnection@163686a4{NOT_HANDSHAKING,eio=-1/-1,di=-1,fill=IDLE,flush=IDLE}~>DecryptedEndPoint@670241b0{l=/127.0.0.1:35537,r=/127.0.0.1:60874,OPEN,fill=-,flush=W,to=41/30000}=>HttpConnection@38748bb8[p=HttpParser{s=CONTENT,0 of -1},g=HttpGenerator@634c5a13{s=COMPLETING}]=>HttpChannelOverHttp@36e07b75{s=HttpChannelState@d32ccaf{s=HANDLING rs=BLOCKING os=COMMITTED is=IDLE awp=false se=false i=true al=0},r=1,c=false/false,a=HANDLING,uri=https://localhost:35537/config-minimal.yml,age=1}
04:06:39.658 [qtp399373008-60] DEBUG org.eclipse.jetty.io.ssl.SslConnection - flush b[0]=HeapByteBuffer@341ac865[p=0,l=167,c=8192,r=167]={<<<HTTP/1.1 200 OK\r\nDate: Th...y(9.4.44.v20210927)\r\n\r\n>>>\x00\x00\x00\x00\x00\x00\x00\x00\x00...\x00\x00\x00\x00\x00\x00\x00}
04:06:39.658 [qtp399373008-60] DEBUG org.eclipse.jetty.io.ssl.SslConnection - flush b[1]=HeapByteBuffer@654834ca[p=0,l=1469,c=262144,r=1469]={<<<# Licensed to the Apache ...tination name: PutFile\n>>>\x00\x00\x00\x00\x00\x00\x00\x00\x00...\x00\x00\x00\x00\x00\x00\x00}
04:06:39.658 [qtp399373008-60] DEBUG org.eclipse.jetty.io.ssl.SslConnection - flush NOT_HANDSHAKING
04:06:39.658 [qtp399373008-60] DEBUG org.eclipse.jetty.io.ssl.SslConnection - wrap Status = OK HandshakeStatus = NOT_HANDSHAKING bytesConsumed = 1636 bytesProduced = 1674 [p=0,l=1674,c=17408,r=1674] ioDone=false/false
04:06:39.658 [qtp399373008-60] DEBUG org.eclipse.jetty.io.ChannelEndPoint - flushed 1674 SocketChannelEndPoint@72dbeff{l=/127.0.0.1:35537,r=/127.0.0.1:60874,OPEN,fill=-,flush=-,to=2/30000}{io=0/0,kio=0,kro=1}->SslConnection@163686a4{NOT_HANDSHAKING,eio=-1/0,di=-1,fill=IDLE,flush=IDLE}~>DecryptedEndPoint@670241b0{l=/127.0.0.1:35537,r=/127.0.0.1:60874,OPEN,fill=-,flush=W,to=41/30000}=>HttpConnection@38748bb8[p=HttpParser{s=CONTENT,0 of -1},g=HttpGenerator@634c5a13{s=COMPLETING}]=>HttpChannelOverHttp@36e07b75{s=HttpChannelState@d32ccaf{s=HANDLING rs=BLOCKING os=COMMITTED is=IDLE awp=false se=false i=true al=0},r=1,c=false/false,a=HANDLING,uri=https://localhost:35537/config-minimal.yml,age=1}
04:06:39.658 [qtp399373008-60] DEBUG org.eclipse.jetty.io.ssl.SslConnection - net flushed=true, ac=true
04:06:39.658 [qtp399373008-60] DEBUG org.eclipse.jetty.io.ssl.SslConnection - <flush true SslConnection@163686a4::SocketChannelEndPoint@72dbeff{l=/127.0.0.1:35537,r=/127.0.0.1:60874,OPEN,fill=-,flush=-,to=0/30000}{io=0/0,kio=0,kro=1}->SslConnection@163686a4{NOT_HANDSHAKING,eio=-1/-1,di=-1,fill=IDLE,flush=IDLE}~>DecryptedEndPoint@670241b0{l=/127.0.0.1:35537,r=/127.0.0.1:60874,OPEN,fill=-,flush=W,to=41/30000}=>HttpConnection@38748bb8[p=HttpParser{s=CONTENT,0 of -1},g=HttpGenerator@634c5a13{s=COMPLETING}]=>HttpChannelOverHttp@36e07b75{s=HttpChannelState@d32ccaf{s=HANDLING rs=BLOCKING os=COMMITTED is=IDLE awp=false se=false i=true al=0},r=1,c=false/false,a=HANDLING,uri=https://localhost:35537/config-minimal.yml,age=1}
04:06:39.658 [qtp399373008-60] DEBUG org.eclipse.jetty.io.WriteFlusher - Flushed=true written=1636 remaining=0 WriteFlusher@2bb54559{WRITING}->null
04:06:39.658 [qtp399373008-60] DEBUG org.eclipse.jetty.io.WriteFlusher - update WriteFlusher@2bb54559{IDLE}->null:WRITING-->IDLE
04:06:39.658 [qtp399373008-60] DEBUG org.eclipse.jetty.server.HttpConnection - generate: DONE for SendCallback@5a474248[PROCESSING][i=HTTP/1.1{s=200,h=4,cl=1469},cb=org.eclipse.jetty.server.HttpChannel$SendCallback@f7fde18] ([p=167,l=167,c=8192,r=0],[p=1469,l=1469,c=262144,r=0],true)@END
04:06:39.658 [qtp399373008-60] DEBUG org.eclipse.jetty.server.HttpOutput - onWriteComplete(true,null) s=CLOSING,api=BLOCKED,sc=false,e=null->s=CLOSED,api=BLOCKING,sc=false,e=null c=null cb=null w=false
04:06:39.658 [main] DEBUG org.apache.nifi.minifi.bootstrap.configuration.ingestors.PullHttpChangeIngestor - Response received: Response{protocol=http/1.1, code=200, message=OK, url=https://localhost:35537/config-minimal.yml}
04:06:39.658 [main] DEBUG org.apache.nifi.minifi.bootstrap.configuration.ingestors.PullHttpChangeIngestor - New change received, notifying listener
04:06:39.658 [main] DEBUG org.apache.nifi.minifi.bootstrap.configuration.ingestors.PullHttpChangeIngestor - Listeners notified
04:06:39.659 [qtp399373008-60] DEBUG org.eclipse.jetty.server.HttpOutput - close() s=CLOSED,api=BLOCKING,sc=false,e=null c=null b=null
04:06:39.659 [qtp399373008-60] DEBUG org.eclipse.jetty.server.Server - handled=true async=false committed=true on HttpChannelOverHttp@36e07b75{s=HttpChannelState@d32ccaf{s=HANDLING rs=BLOCKING os=COMPLETED is=IDLE awp=false se=false i=true al=0},r=1,c=false/true,a=HANDLING,uri=https://localhost:35537/config-minimal.yml,age=2}
04:06:39.659 [qtp399373008-60] DEBUG org.eclipse.jetty.server.HttpChannelState - unhandle HttpChannelState@d32ccaf{s=HANDLING rs=BLOCKING os=COMPLETED is=IDLE awp=false se=false i=true al=0}
04:06:39.659 [qtp399373008-60] DEBUG org.eclipse.jetty.server.HttpChannelState - nextAction(false) COMPLETE HttpChannelState@d32ccaf{s=HANDLING rs=COMPLETING os=COMPLETED is=IDLE awp=false se=false i=false al=0}
04:06:39.659 [qtp399373008-60] DEBUG org.eclipse.jetty.server.HttpChannel - action COMPLETE HttpChannelOverHttp@36e07b75{s=HttpChannelState@d32ccaf{s=HANDLING rs=COMPLETING os=COMPLETED is=IDLE awp=false se=false i=false al=0},r=1,c=false/true,a=HANDLING,uri=https://localhost:35537/config-minimal.yml,age=2}
04:06:39.659 [qtp399373008-60] DEBUG org.eclipse.jetty.server.HttpOutput - complete(org.eclipse.jetty.util.Callback$3@19087f97) s=CLOSED,api=BLOCKING,sc=false,e=null s=true e=null, c=null
04:06:39.659 [qtp399373008-60] DEBUG org.eclipse.jetty.server.HttpChannelState - completed HttpChannelState@d32ccaf{s=HANDLING rs=COMPLETING os=COMPLETED is=IDLE awp=false se=false i=false al=0}
04:06:39.659 [qtp399373008-60] DEBUG org.eclipse.jetty.server.HttpChannelState - unhandle HttpChannelState@d32ccaf{s=HANDLING rs=COMPLETED os=COMPLETED is=IDLE awp=false se=false i=false al=0}
04:06:39.659 [qtp399373008-60] DEBUG org.eclipse.jetty.server.HttpChannelState - nextAction(false) TERMINATED HttpChannelState@d32ccaf{s=IDLE rs=COMPLETED os=COMPLETED is=IDLE awp=false se=false i=false al=0}
04:06:39.659 [qtp399373008-60] DEBUG org.eclipse.jetty.server.HttpChannel - action TERMINATED HttpChannelOverHttp@36e07b75{s=HttpChannelState@d32ccaf{s=IDLE rs=COMPLETED os=COMPLETED is=IDLE awp=false se=false i=false al=0},r=1,c=true/true,a=IDLE,uri=https://localhost:35537/config-minimal.yml,age=2}
04:06:39.659 [qtp399373008-60] DEBUG org.eclipse.jetty.server.HttpChannel - onCompleted for /config-minimal.yml written=1469
04:06:39.659 [qtp399373008-60] DEBUG org.eclipse.jetty.io.ssl.SslConnection - >fill SslConnection@163686a4::SocketChannelEndPoint@72dbeff{l=/127.0.0.1:35537,r=/127.0.0.1:60874,OPEN,fill=-,flush=-,to=0/30000}{io=0/0,kio=0,kro=1}->SslConnection@163686a4{NOT_HANDSHAKING,eio=-1/-1,di=-1,fill=IDLE,flush=IDLE}~>DecryptedEndPoint@670241b0{l=/127.0.0.1:35537,r=/127.0.0.1:60874,OPEN,fill=-,flush=-,to=42/30000}=>HttpConnection@38748bb8[p=HttpParser{s=CONTENT,0 of -1},g=HttpGenerator@634c5a13{s=END}]=>HttpChannelOverHttp@36e07b75{s=HttpChannelState@d32ccaf{s=IDLE rs=COMPLETED os=COMPLETED is=IDLE awp=false se=false i=false al=0},r=1,c=true/true,a=IDLE,uri=https://localhost:35537/config-minimal.yml,age=2}
04:06:39.659 [qtp399373008-60] DEBUG org.eclipse.jetty.io.ssl.SslConnection - fill NOT_HANDSHAKING
04:06:39.659 [qtp399373008-60] DEBUG org.eclipse.jetty.io.ChannelEndPoint - filled 0 HeapByteBuffer@3dc4242d[p=0,l=0,c=17408,r=0]={<<<>>>GET /conf...\x00\x00\x00\x00\x00\x00\x00}
04:06:39.659 [qtp399373008-60] DEBUG org.eclipse.jetty.io.ssl.SslConnection - net filled=0
04:06:39.659 [qtp399373008-60] DEBUG org.eclipse.jetty.io.ssl.SslConnection - unwrap net_filled=0 Status = BUFFER_UNDERFLOW HandshakeStatus = NOT_HANDSHAKING bytesConsumed = 0 bytesProduced = 0 encryptedBuffer=[p=0,l=0,c=17408,r=0] unwrapBuffer=HeapByteBuffer@373c4f5d[p=0,l=0,c=17408,r=0]={<<<>>>\x17\x03\x03\x03\xAd\x0b\x00\x03\x88...\x00\x00\x00\x00\x00\x00\x00} appBuffer=HeapByteBuffer@373c4f5d[p=0,l=0,c=17408,r=0]={<<<>>>\x17\x03\x03\x03\xAd\x0b\x00\x03\x88...\x00\x00\x00\x00\x00\x00\x00}
04:06:39.659 [qtp399373008-60] DEBUG org.eclipse.jetty.io.ssl.SslConnection - <fill f=0 uf=true SslConnection@163686a4::SocketChannelEndPoint@72dbeff{l=/127.0.0.1:35537,r=/127.0.0.1:60874,OPEN,fill=-,flush=-,to=1/30000}{io=0/0,kio=0,kro=1}->SslConnection@163686a4{NOT_HANDSHAKING,eio=-1/-1,di=-1,fill=IDLE,flush=IDLE}~>DecryptedEndPoint@670241b0{l=/127.0.0.1:35537,r=/127.0.0.1:60874,OPEN,fill=-,flush=-,to=42/30000}=>HttpConnection@38748bb8[p=HttpParser{s=CONTENT,0 of -1},g=HttpGenerator@634c5a13{s=END}]=>HttpChannelOverHttp@36e07b75{s=HttpChannelState@d32ccaf{s=IDLE rs=COMPLETED os=COMPLETED is=IDLE awp=false se=false i=false al=0},r=1,c=true/true,a=IDLE,uri=https://localhost:35537/config-minimal.yml,age=2}
04:06:39.659 [qtp399373008-60] DEBUG org.eclipse.jetty.io.ssl.SslConnection - >fill SslConnection@163686a4::SocketChannelEndPoint@72dbeff{l=/127.0.0.1:35537,r=/127.0.0.1:60874,OPEN,fill=-,flush=-,to=1/30000}{io=0/0,kio=0,kro=1}->SslConnection@163686a4{NOT_HANDSHAKING,eio=-1/-1,di=-1,fill=IDLE,flush=IDLE}~>DecryptedEndPoint@670241b0{l=/127.0.0.1:35537,r=/127.0.0.1:60874,OPEN,fill=-,flush=-,to=42/30000}=>HttpConnection@38748bb8[p=HttpParser{s=CONTENT,0 of -1},g=HttpGenerator@634c5a13{s=END}]=>HttpChannelOverHttp@36e07b75{s=HttpChannelState@d32ccaf{s=IDLE rs=COMPLETED os=COMPLETED is=IDLE awp=false se=false i=false al=0},r=1,c=true/true,a=IDLE,uri=https://localhost:35537/config-minimal.yml,age=2}
04:06:39.659 [qtp399373008-60] DEBUG org.eclipse.jetty.io.ssl.SslConnection - fill NOT_HANDSHAKING
04:06:39.659 [qtp399373008-60] DEBUG org.eclipse.jetty.io.ChannelEndPoint - filled 0 HeapByteBuffer@3303dde5[p=0,l=0,c=17408,r=0]={<<<>>>\x17\x03\x03\x06\x85e\xF6J\xBd...\x00\x00\x00\x00\x00\x00\x00}
04:06:39.659 [qtp399373008-60] DEBUG org.eclipse.jetty.io.ssl.SslConnection - net filled=0
04:06:39.659 [qtp399373008-60] DEBUG org.eclipse.jetty.io.ssl.SslConnection - unwrap net_filled=0 Status = BUFFER_UNDERFLOW HandshakeStatus = NOT_HANDSHAKING bytesConsumed = 0 bytesProduced = 0 encryptedBuffer=[p=0,l=0,c=17408,r=0] unwrapBuffer=HeapByteBuffer@373c4f5d[p=0,l=0,c=17408,r=0]={<<<>>>\x17\x03\x03\x03\xAd\x0b\x00\x03\x88...\x00\x00\x00\x00\x00\x00\x00} appBuffer=HeapByteBuffer@373c4f5d[p=0,l=0,c=17408,r=0]={<<<>>>\x17\x03\x03\x03\xAd\x0b\x00\x03\x88...\x00\x00\x00\x00\x00\x00\x00}
04:06:39.659 [qtp399373008-60] DEBUG org.eclipse.jetty.io.ssl.SslConnection - <fill f=0 uf=true SslConnection@163686a4::SocketChannelEndPoint@72dbeff{l=/127.0.0.1:35537,r=/127.0.0.1:60874,OPEN,fill=-,flush=-,to=1/30000}{io=0/0,kio=0,kro=1}->SslConnection@163686a4{NOT_HANDSHAKING,eio=-1/-1,di=-1,fill=IDLE,flush=IDLE}~>DecryptedEndPoint@670241b0{l=/127.0.0.1:35537,r=/127.0.0.1:60874,OPEN,fill=-,flush=-,to=42/30000}=>HttpConnection@38748bb8[p=HttpParser{s=CONTENT,0 of -1},g=HttpGenerator@634c5a13{s=END}]=>HttpChannelOverHttp@36e07b75{s=HttpChannelState@d32ccaf{s=IDLE rs=COMPLETED os=COMPLETED is=IDLE awp=false se=false i=false al=0},r=1,c=true/true,a=IDLE,uri=https://localhost:35537/config-minimal.yml,age=2}
04:06:39.659 [qtp399373008-60] DEBUG org.eclipse.jetty.server.HttpConnection - HttpConnection@38748bb8::DecryptedEndPoint@670241b0{l=/127.0.0.1:35537,r=/127.0.0.1:60874,OPEN,fill=-,flush=-,to=43/30000} filled 0 HeapByteBuffer@373c4f5d[p=0,l=0,c=17408,r=0]={<<<>>>\x17\x03\x03\x03\xAd\x0b\x00\x03\x88...\x00\x00\x00\x00\x00\x00\x00}
04:06:39.660 [qtp399373008-60] DEBUG org.eclipse.jetty.server.HttpConnection - HttpConnection@38748bb8::DecryptedEndPoint@670241b0{l=/127.0.0.1:35537,r=/127.0.0.1:60874,OPEN,fill=-,flush=-,to=43/30000} parse HeapByteBuffer@373c4f5d[p=0,l=0,c=17408,r=0]={<<<>>>\x17\x03\x03\x03\xAd\x0b\x00\x03\x88...\x00\x00\x00\x00\x00\x00\x00} {}
04:06:39.660 [qtp399373008-60] DEBUG org.eclipse.jetty.http.HttpParser - parseNext s=CONTENT HeapByteBuffer@373c4f5d[p=0,l=0,c=17408,r=0]={<<<>>>\x17\x03\x03\x03\xAd\x0b\x00\x03\x88...\x00\x00\x00\x00\x00\x00\x00}
04:06:39.660 [qtp399373008-60] DEBUG org.eclipse.jetty.http.HttpParser - CONTENT --> CONTENT_END
04:06:39.660 [qtp399373008-60] DEBUG org.eclipse.jetty.server.HttpChannel - onContentComplete HttpChannelOverHttp@36e07b75{s=HttpChannelState@d32ccaf{s=IDLE rs=COMPLETED os=COMPLETED is=IDLE awp=false se=false i=false al=0},r=1,c=true/true,a=IDLE,uri=https://localhost:35537/config-minimal.yml,age=3}
04:06:39.660 [qtp399373008-60] DEBUG org.eclipse.jetty.http.HttpParser - CONTENT_END --> END
04:06:39.660 [qtp399373008-60] DEBUG org.eclipse.jetty.server.HttpChannel - onRequestComplete HttpChannelOverHttp@36e07b75{s=HttpChannelState@d32ccaf{s=IDLE rs=COMPLETED os=COMPLETED is=IDLE awp=false se=false i=false al=0},r=1,c=true/true,a=IDLE,uri=https://localhost:35537/config-minimal.yml,age=3}
04:06:39.660 [qtp399373008-60] DEBUG org.eclipse.jetty.server.HttpInput - HttpInputOverHTTP@79bd3bfc[c=0,q=0,[0]=null,s=STREAM] addContent EOF
04:06:39.660 [qtp399373008-60] DEBUG org.eclipse.jetty.server.HttpConnection - HttpConnection@38748bb8::DecryptedEndPoint@670241b0{l=/127.0.0.1:35537,r=/127.0.0.1:60874,OPEN,fill=-,flush=-,to=43/30000} parsed false HttpParser{s=END,0 of -1}
04:06:39.660 [qtp399373008-60] DEBUG org.eclipse.jetty.server.HttpConnection - releaseRequestBuffer HttpConnection@38748bb8::DecryptedEndPoint@670241b0{l=/127.0.0.1:35537,r=/127.0.0.1:60874,OPEN,fill=-,flush=-,to=43/30000}
04:06:39.660 [qtp399373008-60] DEBUG org.eclipse.jetty.server.HttpChannelState - recycle HttpChannelState@d32ccaf{s=IDLE rs=COMPLETED os=COMPLETED is=IDLE awp=false se=false i=false al=0}
04:06:39.660 [qtp399373008-60] DEBUG org.eclipse.jetty.http.HttpParser - reset HttpParser{s=END,0 of -1}
04:06:39.660 [qtp399373008-60] DEBUG org.eclipse.jetty.http.HttpParser - END --> START
04:06:39.660 [qtp399373008-60] DEBUG org.eclipse.jetty.server.HttpChannel - !handle TERMINATED HttpChannelOverHttp@36e07b75{s=HttpChannelState@d32ccaf{s=IDLE rs=BLOCKING os=OPEN is=IDLE awp=false se=false i=true al=0},r=1,c=false/false,a=IDLE,uri=null,age=0}
04:06:39.660 [qtp399373008-60] DEBUG org.eclipse.jetty.io.ssl.SslConnection - >fill SslConnection@163686a4::SocketChannelEndPoint@72dbeff{l=/127.0.0.1:35537,r=/127.0.0.1:60874,OPEN,fill=-,flush=-,to=1/30000}{io=0/0,kio=0,kro=1}->SslConnection@163686a4{NOT_HANDSHAKING,eio=-1/-1,di=-1,fill=IDLE,flush=IDLE}~>DecryptedEndPoint@670241b0{l=/127.0.0.1:35537,r=/127.0.0.1:60874,OPEN,fill=-,flush=-,to=43/30000}=>HttpConnection@38748bb8[p=HttpParser{s=START,0 of -1},g=HttpGenerator@634c5a13{s=START}]=>HttpChannelOverHttp@36e07b75{s=HttpChannelState@d32ccaf{s=IDLE rs=BLOCKING os=OPEN is=IDLE awp=false se=false i=true al=0},r=1,c=false/false,a=IDLE,uri=null,age=0}
04:06:39.660 [qtp399373008-60] DEBUG org.eclipse.jetty.io.ssl.SslConnection - fill NOT_HANDSHAKING
04:06:39.660 [qtp399373008-60] DEBUG org.eclipse.jetty.io.ChannelEndPoint - filled 0 HeapByteBuffer@3303dde5[p=0,l=0,c=17408,r=0]={<<<>>>\x17\x03\x03\x06\x85e\xF6J\xBd...\x00\x00\x00\x00\x00\x00\x00}
04:06:39.660 [qtp399373008-60] DEBUG org.eclipse.jetty.io.ssl.SslConnection - net filled=0
04:06:39.660 [qtp399373008-60] DEBUG org.eclipse.jetty.io.ssl.SslConnection - unwrap net_filled=0 Status = BUFFER_UNDERFLOW HandshakeStatus = NOT_HANDSHAKING bytesConsumed = 0 bytesProduced = 0 encryptedBuffer=[p=0,l=0,c=17408,r=0] unwrapBuffer=HeapByteBuffer@3dc4242d[p=0,l=0,c=17408,r=0]={<<<>>>GET /conf...\x00\x00\x00\x00\x00\x00\x00} appBuffer=HeapByteBuffer@3dc4242d[p=0,l=0,c=17408,r=0]={<<<>>>GET /conf...\x00\x00\x00\x00\x00\x00\x00}
04:06:39.660 [qtp399373008-60] DEBUG org.eclipse.jetty.io.ssl.SslConnection - <fill f=0 uf=true SslConnection@163686a4::SocketChannelEndPoint@72dbeff{l=/127.0.0.1:35537,r=/127.0.0.1:60874,OPEN,fill=-,flush=-,to=1/30000}{io=0/0,kio=0,kro=1}->SslConnection@163686a4{NOT_HANDSHAKING,eio=-1/-1,di=-1,fill=IDLE,flush=IDLE}~>DecryptedEndPoint@670241b0{l=/127.0.0.1:35537,r=/127.0.0.1:60874,OPEN,fill=-,flush=-,to=43/30000}=>HttpConnection@38748bb8[p=HttpParser{s=START,0 of -1},g=HttpGenerator@634c5a13{s=START}]=>HttpChannelOverHttp@36e07b75{s=HttpChannelState@d32ccaf{s=IDLE rs=BLOCKING os=OPEN is=IDLE awp=false se=false i=true al=0},r=1,c=false/false,a=IDLE,uri=null,age=0}
04:06:39.660 [qtp399373008-60] DEBUG org.eclipse.jetty.io.ssl.SslConnection - >fill SslConnection@163686a4::SocketChannelEndPoint@72dbeff{l=/127.0.0.1:35537,r=/127.0.0.1:60874,OPEN,fill=-,flush=-,to=2/30000}{io=0/0,kio=0,kro=1}->SslConnection@163686a4{NOT_HANDSHAKING,eio=-1/-1,di=-1,fill=IDLE,flush=IDLE}~>DecryptedEndPoint@670241b0{l=/127.0.0.1:35537,r=/127.0.0.1:60874,OPEN,fill=-,flush=-,to=43/30000}=>HttpConnection@38748bb8[p=HttpParser{s=START,0 of -1},g=HttpGenerator@634c5a13{s=START}]=>HttpChannelOverHttp@36e07b75{s=HttpChannelState@d32ccaf{s=IDLE rs=BLOCKING os=OPEN is=IDLE awp=false se=false i=true al=0},r=1,c=false/false,a=IDLE,uri=null,age=0}
04:06:39.660 [qtp399373008-60] DEBUG org.eclipse.jetty.io.ssl.SslConnection - fill NOT_HANDSHAKING
04:06:39.660 [qtp399373008-60] DEBUG org.eclipse.jetty.io.ChannelEndPoint - filled 0 HeapByteBuffer@373c4f5d[p=0,l=0,c=17408,r=0]={<<<>>>\x17\x03\x03\x03\xAd\x0b\x00\x03\x88...\x00\x00\x00\x00\x00\x00\x00}
04:06:39.660 [qtp399373008-60] DEBUG org.eclipse.jetty.io.ssl.SslConnection - net filled=0
04:06:39.660 [qtp399373008-60] DEBUG org.eclipse.jetty.io.ssl.SslConnection - unwrap net_filled=0 Status = BUFFER_UNDERFLOW HandshakeStatus = NOT_HANDSHAKING bytesConsumed = 0 bytesProduced = 0 encryptedBuffer=[p=0,l=0,c=17408,r=0] unwrapBuffer=HeapByteBuffer@3dc4242d[p=0,l=0,c=17408,r=0]={<<<>>>GET /conf...\x00\x00\x00\x00\x00\x00\x00} appBuffer=HeapByteBuffer@3dc4242d[p=0,l=0,c=17408,r=0]={<<<>>>GET /conf...\x00\x00\x00\x00\x00\x00\x00}
04:06:39.660 [qtp399373008-60] DEBUG org.eclipse.jetty.io.ssl.SslConnection - <fill f=0 uf=true SslConnection@163686a4::SocketChannelEndPoint@72dbeff{l=/127.0.0.1:35537,r=/127.0.0.1:60874,OPEN,fill=-,flush=-,to=2/30000}{io=0/0,kio=0,kro=1}->SslConnection@163686a4{NOT_HANDSHAKING,eio=-1/-1,di=-1,fill=IDLE,flush=IDLE}~>DecryptedEndPoint@670241b0{l=/127.0.0.1:35537,r=/127.0.0.1:60874,OPEN,fill=-,flush=-,to=43/30000}=>HttpConnection@38748bb8[p=HttpParser{s=START,0 of -1},g=HttpGenerator@634c5a13{s=START}]=>HttpChannelOverHttp@36e07b75{s=HttpChannelState@d32ccaf{s=IDLE rs=BLOCKING os=OPEN is=IDLE awp=false se=false i=true al=0},r=1,c=false/false,a=IDLE,uri=null,age=0}
04:06:39.660 [qtp399373008-60] DEBUG org.eclipse.jetty.server.HttpConnection - HttpConnection@38748bb8::DecryptedEndPoint@670241b0{l=/127.0.0.1:35537,r=/127.0.0.1:60874,OPEN,fill=-,flush=-,to=43/30000} filled 0 HeapByteBuffer@3dc4242d[p=0,l=0,c=17408,r=0]={<<<>>>GET /conf...\x00\x00\x00\x00\x00\x00\x00}
04:06:39.660 [qtp399373008-60] DEBUG org.eclipse.jetty.server.HttpConnection - HttpConnection@38748bb8::DecryptedEndPoint@670241b0{l=/127.0.0.1:35537,r=/127.0.0.1:60874,OPEN,fill=-,flush=-,to=43/30000} parse HeapByteBuffer@3dc4242d[p=0,l=0,c=17408,r=0]={<<<>>>GET /conf...\x00\x00\x00\x00\x00\x00\x00} {}
04:06:39.660 [qtp399373008-60] DEBUG org.eclipse.jetty.http.HttpParser - parseNext s=START HeapByteBuffer@3dc4242d[p=0,l=0,c=17408,r=0]={<<<>>>GET /conf...\x00\x00\x00\x00\x00\x00\x00}
04:06:39.660 [qtp399373008-60] DEBUG org.eclipse.jetty.server.HttpConnection - HttpConnection@38748bb8::DecryptedEndPoint@670241b0{l=/127.0.0.1:35537,r=/127.0.0.1:60874,OPEN,fill=-,flush=-,to=43/30000} parsed false HttpParser{s=START,0 of -1}
04:06:39.660 [qtp399373008-60] DEBUG org.eclipse.jetty.server.HttpConnection - releaseRequestBuffer HttpConnection@38748bb8::DecryptedEndPoint@670241b0{l=/127.0.0.1:35537,r=/127.0.0.1:60874,OPEN,fill=-,flush=-,to=43/30000}
04:06:39.660 [qtp399373008-60] DEBUG org.eclipse.jetty.io.AbstractConnection - fillInterested HttpConnection@38748bb8::DecryptedEndPoint@670241b0{l=/127.0.0.1:35537,r=/127.0.0.1:60874,OPEN,fill=-,flush=-,to=43/30000}
04:06:39.660 [qtp399373008-60] DEBUG org.eclipse.jetty.io.FillInterest - interested FillInterest@7f792489{AC.ReadCB@38748bb8{HttpConnection@38748bb8::DecryptedEndPoint@670241b0{l=/127.0.0.1:35537,r=/127.0.0.1:60874,OPEN,fill=FI,flush=-,to=0/30000}}}
04:06:39.661 [qtp399373008-60] DEBUG org.eclipse.jetty.io.ssl.SslConnection - >needFillInterest s=IDLE/IDLE uf=true ei=null di=null SslConnection@163686a4::SocketChannelEndPoint@72dbeff{l=/127.0.0.1:35537,r=/127.0.0.1:60874,OPEN,fill=-,flush=-,to=2/30000}{io=0/0,kio=0,kro=1}->SslConnection@163686a4{NOT_HANDSHAKING,eio=-1/-1,di=-1,fill=IDLE,flush=IDLE}~>DecryptedEndPoint@670241b0{l=/127.0.0.1:35537,r=/127.0.0.1:60874,OPEN,fill=FI,flush=-,to=0/30000}=>HttpConnection@38748bb8[p=HttpParser{s=START,0 of -1},g=HttpGenerator@634c5a13{s=START}]=>HttpChannelOverHttp@36e07b75{s=HttpChannelState@d32ccaf{s=IDLE rs=BLOCKING os=OPEN is=IDLE awp=false se=false i=true al=0},r=1,c=false/false,a=IDLE,uri=null,age=0}
04:06:39.661 [qtp399373008-60] DEBUG org.eclipse.jetty.io.ssl.SslConnection - <needFillInterest s=IDLE/INTERESTED f=false i=true w=null
04:06:39.661 [qtp399373008-60] DEBUG org.eclipse.jetty.io.ssl.SslConnection - ensureFillInterested SslConnection@163686a4::SocketChannelEndPoint@72dbeff{l=/127.0.0.1:35537,r=/127.0.0.1:60874,OPEN,fill=-,flush=-,to=2/30000}{io=0/0,kio=0,kro=1}->SslConnection@163686a4{NOT_HANDSHAKING,eio=-1/-1,di=-1,fill=INTERESTED,flush=IDLE}~>DecryptedEndPoint@670241b0{l=/127.0.0.1:35537,r=/127.0.0.1:60874,OPEN,fill=FI,flush=-,to=0/30000}=>HttpConnection@38748bb8[p=HttpParser{s=START,0 of -1},g=HttpGenerator@634c5a13{s=START}]=>HttpChannelOverHttp@36e07b75{s=HttpChannelState@d32ccaf{s=IDLE rs=BLOCKING os=OPEN is=IDLE awp=false se=false i=true al=0},r=1,c=false/false,a=IDLE,uri=null,age=0}
04:06:39.661 [qtp399373008-60] DEBUG org.eclipse.jetty.io.FillInterest - interested FillInterest@21fd1582{SSLC.NBReadCB@163686a4{SslConnection@163686a4::SocketChannelEndPoint@72dbeff{l=/127.0.0.1:35537,r=/127.0.0.1:60874,OPEN,fill=FI,flush=-,to=0/30000}{io=0/0,kio=0,kro=1}->SslConnection@163686a4{NOT_HANDSHAKING,eio=-1/-1,di=-1,fill=INTERESTED,flush=IDLE}~>DecryptedEndPoint@670241b0{l=/127.0.0.1:35537,r=/127.0.0.1:60874,OPEN,fill=FI,flush=-,to=0/30000}=>HttpConnection@38748bb8[p=HttpParser{s=START,0 of -1},g=HttpGenerator@634c5a13{s=START}]=>HttpChannelOverHttp@36e07b75{s=HttpChannelState@d32ccaf{s=IDLE rs=BLOCKING os=OPEN is=IDLE awp=false se=false i=true al=0},r=1,c=false/false,a=IDLE,uri=null,age=0}}}
04:06:39.661 [qtp399373008-60] DEBUG org.eclipse.jetty.io.ChannelEndPoint - changeInterests p=false 0->1 for SocketChannelEndPoint@72dbeff{l=/127.0.0.1:35537,r=/127.0.0.1:60874,OPEN,fill=FI,flush=-,to=0/30000}{io=0/1,kio=0,kro=1}->SslConnection@163686a4{NOT_HANDSHAKING,eio=-1/-1,di=-1,fill=INTERESTED,flush=IDLE}~>DecryptedEndPoint@670241b0{l=/127.0.0.1:35537,r=/127.0.0.1:60874,OPEN,fill=FI,flush=-,to=0/30000}=>HttpConnection@38748bb8[p=HttpParser{s=START,0 of -1},g=HttpGenerator@634c5a13{s=START}]=>HttpChannelOverHttp@36e07b75{s=HttpChannelState@d32ccaf{s=IDLE rs=BLOCKING os=OPEN is=IDLE awp=false se=false i=true al=0},r=1,c=false/false,a=IDLE,uri=null,age=0}
04:06:39.661 [qtp399373008-60] DEBUG org.eclipse.jetty.io.ManagedSelector - Queued change lazy=false org.eclipse.jetty.io.ChannelEndPoint$$Lambda$255/2121444922@3dca4bf on ManagedSelector@5733f295{STARTED} id=1 keys=2 selected=0 updates=0
04:06:39.661 [qtp399373008-60] DEBUG org.eclipse.jetty.io.ManagedSelector - Wakeup on submit ManagedSelector@5733f295{STARTED} id=1 keys=2 selected=0 updates=1
04:06:39.661 [qtp399373008-57] DEBUG org.eclipse.jetty.io.ManagedSelector - Selector sun.nio.ch.EPollSelectorImpl@665f4496 woken with none selected
04:06:39.661 [qtp399373008-60] DEBUG org.eclipse.jetty.server.HttpConnection - HttpConnection@38748bb8::DecryptedEndPoint@670241b0{l=/127.0.0.1:35537,r=/127.0.0.1:60874,OPEN,fill=FI,flush=-,to=0/30000} onFillable exit HttpChannelState@d32ccaf{s=IDLE rs=BLOCKING os=OPEN is=IDLE awp=false se=false i=true al=0} null
04:06:39.661 [qtp399373008-57] DEBUG org.eclipse.jetty.io.ManagedSelector - Selector sun.nio.ch.EPollSelectorImpl@665f4496 woken up from select, 0/0/2 selected
04:06:39.661 [qtp399373008-57] DEBUG org.eclipse.jetty.io.ManagedSelector - Selector sun.nio.ch.EPollSelectorImpl@665f4496 processing 0 keys, 1 updates
04:06:39.661 [qtp399373008-57] DEBUG org.eclipse.jetty.io.ManagedSelector - updateable 1
04:06:39.661 [qtp399373008-57] DEBUG org.eclipse.jetty.io.ManagedSelector - update org.eclipse.jetty.io.ChannelEndPoint$$Lambda$255/2121444922@3dca4bf
04:06:39.661 [qtp399373008-60] DEBUG org.eclipse.jetty.io.ssl.SslConnection - <c.onFillable SslConnection@163686a4::SocketChannelEndPoint@72dbeff{l=/127.0.0.1:35537,r=/127.0.0.1:60874,OPEN,fill=FI,flush=-,to=0/30000}{io=0/1,kio=0,kro=1}->SslConnection@163686a4{NOT_HANDSHAKING,eio=-1/-1,di=-1,fill=INTERESTED,flush=IDLE}~>DecryptedEndPoint@670241b0{l=/127.0.0.1:35537,r=/127.0.0.1:60874,OPEN,fill=FI,flush=-,to=0/30000}=>HttpConnection@38748bb8[p=HttpParser{s=START,0 of -1},g=HttpGenerator@634c5a13{s=START}]=>HttpChannelOverHttp@36e07b75{s=HttpChannelState@d32ccaf{s=IDLE rs=BLOCKING os=OPEN is=IDLE awp=false se=false i=true al=0},r=1,c=false/false,a=IDLE,uri=null,age=0}
04:06:39.661 [qtp399373008-60] DEBUG org.eclipse.jetty.util.thread.ReservedThreadExecutor - ReservedThread@ae8e2bb{RUNNING,thread=Thread[qtp399373008-60,5,main]} was=RUNNING next=RESERVED size=0+2 capacity=8
04:06:39.661 [qtp399373008-57] DEBUG org.eclipse.jetty.io.ChannelEndPoint - Key interests updated 0 -> 1 on SocketChannelEndPoint@72dbeff{l=/127.0.0.1:35537,r=/127.0.0.1:60874,OPEN,fill=FI,flush=-,to=0/30000}{io=1/1,kio=1,kro=1}->SslConnection@163686a4{NOT_HANDSHAKING,eio=-1/-1,di=-1,fill=INTERESTED,flush=IDLE}~>DecryptedEndPoint@670241b0{l=/127.0.0.1:35537,r=/127.0.0.1:60874,OPEN,fill=FI,flush=-,to=0/30000}=>HttpConnection@38748bb8[p=HttpParser{s=START,0 of -1},g=HttpGenerator@634c5a13{s=START}]=>HttpChannelOverHttp@36e07b75{s=HttpChannelState@d32ccaf{s=IDLE rs=BLOCKING os=OPEN is=IDLE awp=false se=false i=true al=0},r=1,c=false/false,a=IDLE,uri=null,age=0}
04:06:39.661 [qtp399373008-60] DEBUG org.eclipse.jetty.util.thread.ReservedThreadExecutor - ReservedThread@ae8e2bb{RESERVED,thread=Thread[qtp399373008-60,5,main]} waiting ReservedThreadExecutor@424fd310{reserved=2/8,pending=0}
04:06:39.661 [qtp399373008-57] DEBUG org.eclipse.jetty.io.ManagedSelector - updates 0
04:06:39.661 [qtp399373008-57] DEBUG org.eclipse.jetty.io.ManagedSelector - Selector sun.nio.ch.EPollSelectorImpl@665f4496 waiting with 2 keys
]]></system-out>
  </testcase>
  <testcase name="testNoUpdate" classname="org.apache.nifi.minifi.bootstrap.configuration.ingestors.PullHttpChangeIngestorSSLTest" time="0.063">
    <system-out><![CDATA[04:06:39.663 [main] DEBUG org.apache.nifi.minifi.bootstrap.configuration.ingestors.PullHttpChangeIngestor - Attempting to pull new config
04:06:39.664 [qtp399373008-59-acceptor-0@5a85c92-ServerConnector@2374d36a{SSL, (ssl, http/1.1)}{localhost:35537}] DEBUG org.eclipse.jetty.io.ManagedSelector - Queued change lazy=false Accept@5baa23a1[java.nio.channels.SocketChannel[connected local=/127.0.0.1:35537 remote=/127.0.0.1:60890]] on ManagedSelector@47a86fbb{STARTED} id=2 keys=1 selected=0 updates=0
04:06:39.664 [qtp399373008-59-acceptor-0@5a85c92-ServerConnector@2374d36a{SSL, (ssl, http/1.1)}{localhost:35537}] DEBUG org.eclipse.jetty.io.ManagedSelector - Wakeup on submit ManagedSelector@47a86fbb{STARTED} id=2 keys=1 selected=0 updates=1
04:06:39.664 [qtp399373008-61] DEBUG org.eclipse.jetty.io.ManagedSelector - Selector sun.nio.ch.EPollSelectorImpl@3702dbe9 woken with none selected
04:06:39.664 [qtp399373008-61] DEBUG org.eclipse.jetty.io.ManagedSelector - Selector sun.nio.ch.EPollSelectorImpl@3702dbe9 woken up from select, 0/0/1 selected
04:06:39.664 [qtp399373008-61] DEBUG org.eclipse.jetty.io.ManagedSelector - Selector sun.nio.ch.EPollSelectorImpl@3702dbe9 processing 0 keys, 1 updates
04:06:39.664 [qtp399373008-61] DEBUG org.eclipse.jetty.io.ManagedSelector - updateable 1
04:06:39.664 [qtp399373008-61] DEBUG org.eclipse.jetty.io.ManagedSelector - update Accept@5baa23a1[java.nio.channels.SocketChannel[connected local=/127.0.0.1:35537 remote=/127.0.0.1:60890]]
04:06:39.664 [qtp399373008-61] DEBUG org.eclipse.jetty.util.thread.QueuedThreadPool - queue Accept@5baa23a1[java.nio.channels.SocketChannel[connected local=/127.0.0.1:35537 remote=/127.0.0.1:60890]] startThread=0
04:06:39.664 [qtp399373008-61] DEBUG org.eclipse.jetty.io.ManagedSelector - updates 0
04:06:39.664 [qtp399373008-61] DEBUG org.eclipse.jetty.io.ManagedSelector - Selector sun.nio.ch.EPollSelectorImpl@3702dbe9 waiting with 2 keys
04:06:39.664 [qtp399373008-55] DEBUG org.eclipse.jetty.util.thread.QueuedThreadPool - run Accept@5baa23a1[java.nio.channels.SocketChannel[connected local=/127.0.0.1:35537 remote=/127.0.0.1:60890]] in QueuedThreadPool[qtp399373008]@17cdf2d0{STARTED,8<=8<=200,i=0,r=-1,q=0}[ReservedThreadExecutor@424fd310{reserved=2/8,pending=0}]
04:06:39.664 [qtp399373008-55] DEBUG org.eclipse.jetty.io.IdleTimeout - SocketChannelEndPoint@2c1ea15{l=/127.0.0.1:35537,r=/127.0.0.1:60890,OPEN,fill=-,flush=-,to=0/30000}{io=0/0,kio=0,kro=0}-><null> idle timeout check, elapsed: 0 ms, remaining: 30000 ms
04:06:39.664 [qtp399373008-55] DEBUG org.eclipse.jetty.util.ssl.SslContextFactory - Customize sun.security.ssl.SSLEngineImpl@34aadba8
04:06:39.665 [qtp399373008-55] DEBUG org.eclipse.jetty.server.HttpChannel - new HttpChannelOverHttp@7db289ba{s=HttpChannelState@1b2d23ef{s=IDLE rs=BLOCKING os=OPEN is=IDLE awp=false se=false i=true al=0},r=0,c=false/false,a=IDLE,uri=null,age=0} -> DecryptedEndPoint@16b1f3dd{l=/127.0.0.1:35537,r=/127.0.0.1:60890,OPEN,fill=-,flush=-,to=0/30000},null,HttpChannelState@1b2d23ef{s=IDLE rs=BLOCKING os=OPEN is=IDLE awp=false se=false i=true al=0}
04:06:39.665 [qtp399373008-55] DEBUG org.eclipse.jetty.server.HttpConnection - New HTTP Connection HttpConnection@74a41d38::DecryptedEndPoint@16b1f3dd{l=/127.0.0.1:35537,r=/127.0.0.1:60890,OPEN,fill=-,flush=-,to=0/30000}
04:06:39.665 [qtp399373008-55] DEBUG org.eclipse.jetty.io.ManagedSelector - Queued change lazy=true org.eclipse.jetty.io.ManagedSelector$$Lambda$258/2107212988@1db2b54f on ManagedSelector@47a86fbb{STARTED} id=2 keys=2 selected=0 updates=0
04:06:39.665 [qtp399373008-55] DEBUG org.eclipse.jetty.io.AbstractEndPoint - onOpen SocketChannelEndPoint@2c1ea15{l=/127.0.0.1:35537,r=/127.0.0.1:60890,OPEN,fill=-,flush=-,to=0/30000}{io=0/0,kio=0,kro=0}->SslConnection@6ff2cf4d{NOT_HANDSHAKING,eio=-1/-1,di=-1,fill=IDLE,flush=IDLE}~>DecryptedEndPoint@16b1f3dd{l=/127.0.0.1:35537,r=/127.0.0.1:60890,OPEN,fill=-,flush=-,to=0/30000}=>HttpConnection@74a41d38[p=HttpParser{s=START,0 of -1},g=HttpGenerator@7644e675{s=START}]=>HttpChannelOverHttp@7db289ba{s=HttpChannelState@1b2d23ef{s=IDLE rs=BLOCKING os=OPEN is=IDLE awp=false se=false i=true al=0},r=0,c=false/false,a=IDLE,uri=null,age=0}
04:06:39.665 [qtp399373008-55] DEBUG org.eclipse.jetty.io.AbstractConnection - onOpen SslConnection@6ff2cf4d::SocketChannelEndPoint@2c1ea15{l=/127.0.0.1:35537,r=/127.0.0.1:60890,OPEN,fill=-,flush=-,to=0/30000}{io=0/0,kio=0,kro=0}->SslConnection@6ff2cf4d{NOT_HANDSHAKING,eio=-1/-1,di=-1,fill=IDLE,flush=IDLE}~>DecryptedEndPoint@16b1f3dd{l=/127.0.0.1:35537,r=/127.0.0.1:60890,OPEN,fill=-,flush=-,to=0/30000}=>HttpConnection@74a41d38[p=HttpParser{s=START,0 of -1},g=HttpGenerator@7644e675{s=START}]=>HttpChannelOverHttp@7db289ba{s=HttpChannelState@1b2d23ef{s=IDLE rs=BLOCKING os=OPEN is=IDLE awp=false se=false i=true al=0},r=0,c=false/false,a=IDLE,uri=null,age=0}
04:06:39.665 [qtp399373008-55] DEBUG org.eclipse.jetty.io.AbstractConnection - onOpen HttpConnection@74a41d38::DecryptedEndPoint@16b1f3dd{l=/127.0.0.1:35537,r=/127.0.0.1:60890,OPEN,fill=-,flush=-,to=0/30000}
04:06:39.665 [qtp399373008-55] DEBUG org.eclipse.jetty.io.AbstractConnection - fillInterested HttpConnection@74a41d38::DecryptedEndPoint@16b1f3dd{l=/127.0.0.1:35537,r=/127.0.0.1:60890,OPEN,fill=-,flush=-,to=0/30000}
04:06:39.665 [qtp399373008-55] DEBUG org.eclipse.jetty.io.FillInterest - interested FillInterest@225d7858{AC.ReadCB@74a41d38{HttpConnection@74a41d38::DecryptedEndPoint@16b1f3dd{l=/127.0.0.1:35537,r=/127.0.0.1:60890,OPEN,fill=FI,flush=-,to=0/30000}}}
04:06:39.665 [qtp399373008-55] DEBUG org.eclipse.jetty.io.ssl.SslConnection - >needFillInterest s=IDLE/IDLE uf=false ei=null di=null SslConnection@6ff2cf4d::SocketChannelEndPoint@2c1ea15{l=/127.0.0.1:35537,r=/127.0.0.1:60890,OPEN,fill=-,flush=-,to=0/30000}{io=0/0,kio=0,kro=0}->SslConnection@6ff2cf4d{NOT_HANDSHAKING,eio=-1/-1,di=-1,fill=IDLE,flush=IDLE}~>DecryptedEndPoint@16b1f3dd{l=/127.0.0.1:35537,r=/127.0.0.1:60890,OPEN,fill=FI,flush=-,to=0/30000}=>HttpConnection@74a41d38[p=HttpParser{s=START,0 of -1},g=HttpGenerator@7644e675{s=START}]=>HttpChannelOverHttp@7db289ba{s=HttpChannelState@1b2d23ef{s=IDLE rs=BLOCKING os=OPEN is=IDLE awp=false se=false i=true al=0},r=0,c=false/false,a=IDLE,uri=null,age=0}
04:06:39.665 [qtp399373008-55] DEBUG org.eclipse.jetty.io.ssl.SslConnection - <needFillInterest s=IDLE/INTERESTED f=false i=true w=null
04:06:39.665 [qtp399373008-55] DEBUG org.eclipse.jetty.io.ssl.SslConnection - ensureFillInterested SslConnection@6ff2cf4d::SocketChannelEndPoint@2c1ea15{l=/127.0.0.1:35537,r=/127.0.0.1:60890,OPEN,fill=-,flush=-,to=0/30000}{io=0/0,kio=0,kro=0}->SslConnection@6ff2cf4d{NOT_HANDSHAKING,eio=-1/-1,di=-1,fill=INTERESTED,flush=IDLE}~>DecryptedEndPoint@16b1f3dd{l=/127.0.0.1:35537,r=/127.0.0.1:60890,OPEN,fill=FI,flush=-,to=0/30000}=>HttpConnection@74a41d38[p=HttpParser{s=START,0 of -1},g=HttpGenerator@7644e675{s=START}]=>HttpChannelOverHttp@7db289ba{s=HttpChannelState@1b2d23ef{s=IDLE rs=BLOCKING os=OPEN is=IDLE awp=false se=false i=true al=0},r=0,c=false/false,a=IDLE,uri=null,age=0}
04:06:39.665 [qtp399373008-55] DEBUG org.eclipse.jetty.io.FillInterest - interested FillInterest@2a4da991{SSLC.NBReadCB@6ff2cf4d{SslConnection@6ff2cf4d::SocketChannelEndPoint@2c1ea15{l=/127.0.0.1:35537,r=/127.0.0.1:60890,OPEN,fill=FI,flush=-,to=0/30000}{io=0/0,kio=0,kro=0}->SslConnection@6ff2cf4d{NOT_HANDSHAKING,eio=-1/-1,di=-1,fill=INTERESTED,flush=IDLE}~>DecryptedEndPoint@16b1f3dd{l=/127.0.0.1:35537,r=/127.0.0.1:60890,OPEN,fill=FI,flush=-,to=0/30000}=>HttpConnection@74a41d38[p=HttpParser{s=START,0 of -1},g=HttpGenerator@7644e675{s=START}]=>HttpChannelOverHttp@7db289ba{s=HttpChannelState@1b2d23ef{s=IDLE rs=BLOCKING os=OPEN is=IDLE awp=false se=false i=true al=0},r=0,c=false/false,a=IDLE,uri=null,age=0}}}
04:06:39.665 [qtp399373008-55] DEBUG org.eclipse.jetty.io.ChannelEndPoint - changeInterests p=false 0->1 for SocketChannelEndPoint@2c1ea15{l=/127.0.0.1:35537,r=/127.0.0.1:60890,OPEN,fill=FI,flush=-,to=0/30000}{io=0/1,kio=0,kro=0}->SslConnection@6ff2cf4d{NOT_HANDSHAKING,eio=-1/-1,di=-1,fill=INTERESTED,flush=IDLE}~>DecryptedEndPoint@16b1f3dd{l=/127.0.0.1:35537,r=/127.0.0.1:60890,OPEN,fill=FI,flush=-,to=0/30000}=>HttpConnection@74a41d38[p=HttpParser{s=START,0 of -1},g=HttpGenerator@7644e675{s=START}]=>HttpChannelOverHttp@7db289ba{s=HttpChannelState@1b2d23ef{s=IDLE rs=BLOCKING os=OPEN is=IDLE awp=false se=false i=true al=0},r=0,c=false/false,a=IDLE,uri=null,age=0}
04:06:39.665 [qtp399373008-55] DEBUG org.eclipse.jetty.io.ManagedSelector - Queued change lazy=false org.eclipse.jetty.io.ChannelEndPoint$$Lambda$255/2121444922@53bc8332 on ManagedSelector@47a86fbb{STARTED} id=2 keys=2 selected=0 updates=1
04:06:39.665 [qtp399373008-55] DEBUG org.eclipse.jetty.io.ManagedSelector - Wakeup on submit ManagedSelector@47a86fbb{STARTED} id=2 keys=2 selected=0 updates=2
04:06:39.665 [qtp399373008-61] DEBUG org.eclipse.jetty.io.ManagedSelector - Selector sun.nio.ch.EPollSelectorImpl@3702dbe9 woken with none selected
04:06:39.665 [qtp399373008-61] DEBUG org.eclipse.jetty.io.ManagedSelector - Selector sun.nio.ch.EPollSelectorImpl@3702dbe9 woken up from select, 0/0/2 selected
04:06:39.665 [qtp399373008-55] DEBUG org.eclipse.jetty.io.ManagedSelector - Created SocketChannelEndPoint@2c1ea15{l=/127.0.0.1:35537,r=/127.0.0.1:60890,OPEN,fill=FI,flush=-,to=0/30000}{io=0/1,kio=0,kro=0}->SslConnection@6ff2cf4d{NOT_HANDSHAKING,eio=-1/-1,di=-1,fill=INTERESTED,flush=IDLE}~>DecryptedEndPoint@16b1f3dd{l=/127.0.0.1:35537,r=/127.0.0.1:60890,OPEN,fill=FI,flush=-,to=0/30000}=>HttpConnection@74a41d38[p=HttpParser{s=START,0 of -1},g=HttpGenerator@7644e675{s=START}]=>HttpChannelOverHttp@7db289ba{s=HttpChannelState@1b2d23ef{s=IDLE rs=BLOCKING os=OPEN is=IDLE awp=false se=false i=true al=0},r=0,c=false/false,a=IDLE,uri=null,age=0}
04:06:39.665 [qtp399373008-61] DEBUG org.eclipse.jetty.io.ManagedSelector - Selector sun.nio.ch.EPollSelectorImpl@3702dbe9 processing 0 keys, 2 updates
04:06:39.665 [qtp399373008-61] DEBUG org.eclipse.jetty.io.ManagedSelector - updateable 2
04:06:39.665 [qtp399373008-61] DEBUG org.eclipse.jetty.io.ManagedSelector - update org.eclipse.jetty.io.ManagedSelector$$Lambda$258/2107212988@1db2b54f
04:06:39.665 [qtp399373008-55] DEBUG org.eclipse.jetty.util.thread.QueuedThreadPool - ran Accept@5baa23a1[java.nio.channels.SocketChannel[connected local=/127.0.0.1:35537 remote=/127.0.0.1:60890]] in QueuedThreadPool[qtp399373008]@17cdf2d0{STARTED,8<=8<=200,i=0,r=-1,q=0}[ReservedThreadExecutor@424fd310{reserved=2/8,pending=0}]
04:06:39.665 [qtp399373008-61] DEBUG org.eclipse.jetty.io.ManagedSelector - update org.eclipse.jetty.io.ChannelEndPoint$$Lambda$255/2121444922@53bc8332
04:06:39.665 [qtp399373008-61] DEBUG org.eclipse.jetty.io.ChannelEndPoint - Key interests updated 0 -> 1 on SocketChannelEndPoint@2c1ea15{l=/127.0.0.1:35537,r=/127.0.0.1:60890,OPEN,fill=FI,flush=-,to=0/30000}{io=1/1,kio=1,kro=0}->SslConnection@6ff2cf4d{NOT_HANDSHAKING,eio=-1/-1,di=-1,fill=INTERESTED,flush=IDLE}~>DecryptedEndPoint@16b1f3dd{l=/127.0.0.1:35537,r=/127.0.0.1:60890,OPEN,fill=FI,flush=-,to=0/30000}=>HttpConnection@74a41d38[p=HttpParser{s=START,0 of -1},g=HttpGenerator@7644e675{s=START}]=>HttpChannelOverHttp@7db289ba{s=HttpChannelState@1b2d23ef{s=IDLE rs=BLOCKING os=OPEN is=IDLE awp=false se=false i=true al=0},r=0,c=false/false,a=IDLE,uri=null,age=0}
04:06:39.665 [qtp399373008-61] DEBUG org.eclipse.jetty.io.ManagedSelector - updates 0
04:06:39.665 [qtp399373008-61] DEBUG org.eclipse.jetty.io.ManagedSelector - Selector sun.nio.ch.EPollSelectorImpl@3702dbe9 waiting with 2 keys
04:06:39.666 [qtp399373008-61] DEBUG org.eclipse.jetty.io.ManagedSelector - Selector sun.nio.ch.EPollSelectorImpl@3702dbe9 woken up from select, 1/1/2 selected
04:06:39.666 [qtp399373008-61] DEBUG org.eclipse.jetty.io.ManagedSelector - Selector sun.nio.ch.EPollSelectorImpl@3702dbe9 processing 1 keys, 0 updates
04:06:39.666 [qtp399373008-61] DEBUG org.eclipse.jetty.io.ManagedSelector - selected 1 sun.nio.ch.SelectionKeyImpl@3d3c36e2 SocketChannelEndPoint@2c1ea15{l=/127.0.0.1:35537,r=/127.0.0.1:60890,OPEN,fill=FI,flush=-,to=0/30000}{io=1/1,kio=1,kro=1}->SslConnection@6ff2cf4d{NOT_HANDSHAKING,eio=-1/-1,di=-1,fill=INTERESTED,flush=IDLE}~>DecryptedEndPoint@16b1f3dd{l=/127.0.0.1:35537,r=/127.0.0.1:60890,OPEN,fill=FI,flush=-,to=0/30000}=>HttpConnection@74a41d38[p=HttpParser{s=START,0 of -1},g=HttpGenerator@7644e675{s=START}]=>HttpChannelOverHttp@7db289ba{s=HttpChannelState@1b2d23ef{s=IDLE rs=BLOCKING os=OPEN is=IDLE awp=false se=false i=true al=0},r=0,c=false/false,a=IDLE,uri=null,age=0} 
04:06:39.666 [qtp399373008-61] DEBUG org.eclipse.jetty.io.ChannelEndPoint - onSelected 1->0 r=true w=false for SocketChannelEndPoint@2c1ea15{l=/127.0.0.1:35537,r=/127.0.0.1:60890,OPEN,fill=FI,flush=-,to=0/30000}{io=1/0,kio=1,kro=1}->SslConnection@6ff2cf4d{NOT_HANDSHAKING,eio=-1/-1,di=-1,fill=INTERESTED,flush=IDLE}~>DecryptedEndPoint@16b1f3dd{l=/127.0.0.1:35537,r=/127.0.0.1:60890,OPEN,fill=FI,flush=-,to=1/30000}=>HttpConnection@74a41d38[p=HttpParser{s=START,0 of -1},g=HttpGenerator@7644e675{s=START}]=>HttpChannelOverHttp@7db289ba{s=HttpChannelState@1b2d23ef{s=IDLE rs=BLOCKING os=OPEN is=IDLE awp=false se=false i=true al=0},r=0,c=false/false,a=IDLE,uri=null,age=0}
04:06:39.666 [qtp399373008-61] DEBUG org.eclipse.jetty.io.ChannelEndPoint - task CEP:SocketChannelEndPoint@2c1ea15{l=/127.0.0.1:35537,r=/127.0.0.1:60890,OPEN,fill=FI,flush=-,to=0/30000}{io=1/0,kio=1,kro=1}->SslConnection@6ff2cf4d{NOT_HANDSHAKING,eio=-1/-1,di=-1,fill=INTERESTED,flush=IDLE}~>DecryptedEndPoint@16b1f3dd{l=/127.0.0.1:35537,r=/127.0.0.1:60890,OPEN,fill=FI,flush=-,to=1/30000}=>HttpConnection@74a41d38[p=HttpParser{s=START,0 of -1},g=HttpGenerator@7644e675{s=START}]=>HttpChannelOverHttp@7db289ba{s=HttpChannelState@1b2d23ef{s=IDLE rs=BLOCKING os=OPEN is=IDLE awp=false se=false i=true al=0},r=0,c=false/false,a=IDLE,uri=null,age=0}:runFillable:BLOCKING
04:06:39.666 [qtp399373008-61] DEBUG org.eclipse.jetty.util.thread.ReservedThreadExecutor - ReservedThreadExecutor@424fd310{reserved=2/8,pending=0} tryExecute EatWhatYouKill@1c3146bc/SelectorProducer@56c698e3/PRODUCING/p=false/QueuedThreadPool[qtp399373008]@17cdf2d0{STARTED,8<=8<=200,i=1,r=-1,q=0}[ReservedThreadExecutor@424fd310{reserved=2/8,pending=0}][pc=0,pic=0,pec=0,epc=3]@2024-05-02T04:06:39.666+01:00
04:06:39.666 [qtp399373008-60] DEBUG org.eclipse.jetty.util.thread.ReservedThreadExecutor - ReservedThread@ae8e2bb{RESERVED,thread=Thread[qtp399373008-60,5,main]} task=EatWhatYouKill@1c3146bc/SelectorProducer@56c698e3/IDLE/p=true/QueuedThreadPool[qtp399373008]@17cdf2d0{STARTED,8<=8<=200,i=1,r=-1,q=0}[ReservedThreadExecutor@424fd310{reserved=1/8,pending=0}][pc=0,pic=0,pec=0,epc=3]@2024-05-02T04:06:39.666+01:00 ReservedThreadExecutor@424fd310{reserved=1/8,pending=0}
04:06:39.666 [qtp399373008-61] DEBUG org.eclipse.jetty.util.thread.strategy.EatWhatYouKill - EatWhatYouKill@1c3146bc/SelectorProducer@56c698e3/IDLE/p=true/QueuedThreadPool[qtp399373008]@17cdf2d0{STARTED,8<=8<=200,i=1,r=-1,q=0}[ReservedThreadExecutor@424fd310{reserved=1/8,pending=0}][pc=0,pic=0,pec=0,epc=3]@2024-05-02T04:06:39.666+01:00 m=EXECUTE_PRODUCE_CONSUME t=CEP:SocketChannelEndPoint@2c1ea15{l=/127.0.0.1:35537,r=/127.0.0.1:60890,OPEN,fill=FI,flush=-,to=1/30000}{io=1/0,kio=1,kro=1}->SslConnection@6ff2cf4d{NOT_HANDSHAKING,eio=-1/-1,di=-1,fill=INTERESTED,flush=IDLE}~>DecryptedEndPoint@16b1f3dd{l=/127.0.0.1:35537,r=/127.0.0.1:60890,OPEN,fill=FI,flush=-,to=1/30000}=>HttpConnection@74a41d38[p=HttpParser{s=START,0 of -1},g=HttpGenerator@7644e675{s=START}]=>HttpChannelOverHttp@7db289ba{s=HttpChannelState@1b2d23ef{s=IDLE rs=BLOCKING os=OPEN is=IDLE awp=false se=false i=true al=0},r=0,c=false/false,a=IDLE,uri=null,age=0}:runFillable:BLOCKING/BLOCKING
04:06:39.666 [qtp399373008-60] DEBUG org.eclipse.jetty.util.thread.strategy.EatWhatYouKill - EatWhatYouKill@1c3146bc/SelectorProducer@56c698e3/IDLE/p=true/QueuedThreadPool[qtp399373008]@17cdf2d0{STARTED,8<=8<=200,i=1,r=-1,q=0}[ReservedThreadExecutor@424fd310{reserved=1/8,pending=0}][pc=0,pic=0,pec=0,epc=3]@2024-05-02T04:06:39.666+01:00 tryProduce true
04:06:39.666 [qtp399373008-60] DEBUG org.eclipse.jetty.io.ManagedSelector - updateable 0
04:06:39.666 [qtp399373008-60] DEBUG org.eclipse.jetty.io.ManagedSelector - updates 0
04:06:39.666 [qtp399373008-61] DEBUG org.eclipse.jetty.io.FillInterest - fillable FillInterest@2a4da991{SSLC.NBReadCB@6ff2cf4d{SslConnection@6ff2cf4d::SocketChannelEndPoint@2c1ea15{l=/127.0.0.1:35537,r=/127.0.0.1:60890,OPEN,fill=FI,flush=-,to=1/30000}{io=1/0,kio=1,kro=1}->SslConnection@6ff2cf4d{NOT_HANDSHAKING,eio=-1/-1,di=-1,fill=INTERESTED,flush=IDLE}~>DecryptedEndPoint@16b1f3dd{l=/127.0.0.1:35537,r=/127.0.0.1:60890,OPEN,fill=FI,flush=-,to=1/30000}=>HttpConnection@74a41d38[p=HttpParser{s=START,0 of -1},g=HttpGenerator@7644e675{s=START}]=>HttpChannelOverHttp@7db289ba{s=HttpChannelState@1b2d23ef{s=IDLE rs=BLOCKING os=OPEN is=IDLE awp=false se=false i=true al=0},r=0,c=false/false,a=IDLE,uri=null,age=0}}}
04:06:39.667 [qtp399373008-60] DEBUG org.eclipse.jetty.io.ChannelEndPoint - Key interests updated 1 -> 0 on SocketChannelEndPoint@2c1ea15{l=/127.0.0.1:35537,r=/127.0.0.1:60890,OPEN,fill=FI,flush=-,to=1/30000}{io=0/0,kio=0,kro=1}->SslConnection@6ff2cf4d{NOT_HANDSHAKING,eio=-1/-1,di=-1,fill=INTERESTED,flush=IDLE}~>DecryptedEndPoint@16b1f3dd{l=/127.0.0.1:35537,r=/127.0.0.1:60890,OPEN,fill=FI,flush=-,to=1/30000}=>HttpConnection@74a41d38[p=HttpParser{s=START,0 of -1},g=HttpGenerator@7644e675{s=START}]=>HttpChannelOverHttp@7db289ba{s=HttpChannelState@1b2d23ef{s=IDLE rs=BLOCKING os=OPEN is=IDLE awp=false se=false i=true al=0},r=0,c=false/false,a=IDLE,uri=null,age=0}
04:06:39.667 [qtp399373008-61] DEBUG org.eclipse.jetty.io.ssl.SslConnection - >c.onFillable SslConnection@6ff2cf4d::SocketChannelEndPoint@2c1ea15{l=/127.0.0.1:35537,r=/127.0.0.1:60890,OPEN,fill=-,flush=-,to=1/30000}{io=0/0,kio=0,kro=1}->SslConnection@6ff2cf4d{NOT_HANDSHAKING,eio=-1/-1,di=-1,fill=INTERESTED,flush=IDLE}~>DecryptedEndPoint@16b1f3dd{l=/127.0.0.1:35537,r=/127.0.0.1:60890,OPEN,fill=FI,flush=-,to=1/30000}=>HttpConnection@74a41d38[p=HttpParser{s=START,0 of -1},g=HttpGenerator@7644e675{s=START}]=>HttpChannelOverHttp@7db289ba{s=HttpChannelState@1b2d23ef{s=IDLE rs=BLOCKING os=OPEN is=IDLE awp=false se=false i=true al=0},r=0,c=false/false,a=IDLE,uri=null,age=0}
04:06:39.667 [qtp399373008-60] DEBUG org.eclipse.jetty.io.ManagedSelector - Selector sun.nio.ch.EPollSelectorImpl@3702dbe9 waiting with 2 keys
04:06:39.667 [qtp399373008-61] DEBUG org.eclipse.jetty.io.ssl.SslConnection - onFillable SslConnection@6ff2cf4d::SocketChannelEndPoint@2c1ea15{l=/127.0.0.1:35537,r=/127.0.0.1:60890,OPEN,fill=-,flush=-,to=1/30000}{io=0/0,kio=0,kro=1}->SslConnection@6ff2cf4d{NOT_HANDSHAKING,eio=-1/-1,di=-1,fill=INTERESTED,flush=IDLE}~>DecryptedEndPoint@16b1f3dd{l=/127.0.0.1:35537,r=/127.0.0.1:60890,OPEN,fill=FI,flush=-,to=1/30000}=>HttpConnection@74a41d38[p=HttpParser{s=START,0 of -1},g=HttpGenerator@7644e675{s=START}]=>HttpChannelOverHttp@7db289ba{s=HttpChannelState@1b2d23ef{s=IDLE rs=BLOCKING os=OPEN is=IDLE awp=false se=false i=true al=0},r=0,c=false/false,a=IDLE,uri=null,age=0}
04:06:39.667 [qtp399373008-61] DEBUG org.eclipse.jetty.io.FillInterest - fillable FillInterest@225d7858{AC.ReadCB@74a41d38{HttpConnection@74a41d38::DecryptedEndPoint@16b1f3dd{l=/127.0.0.1:35537,r=/127.0.0.1:60890,OPEN,fill=FI,flush=-,to=1/30000}}}
04:06:39.667 [qtp399373008-61] DEBUG org.eclipse.jetty.server.HttpConnection - HttpConnection@74a41d38::DecryptedEndPoint@16b1f3dd{l=/127.0.0.1:35537,r=/127.0.0.1:60890,OPEN,fill=-,flush=-,to=1/30000} onFillable enter HttpChannelState@1b2d23ef{s=IDLE rs=BLOCKING os=OPEN is=IDLE awp=false se=false i=true al=0} null
04:06:39.667 [qtp399373008-61] DEBUG org.eclipse.jetty.io.ssl.SslConnection - >fill SslConnection@6ff2cf4d::SocketChannelEndPoint@2c1ea15{l=/127.0.0.1:35537,r=/127.0.0.1:60890,OPEN,fill=-,flush=-,to=1/30000}{io=0/0,kio=0,kro=1}->SslConnection@6ff2cf4d{NOT_HANDSHAKING,eio=-1/-1,di=-1,fill=IDLE,flush=IDLE}~>DecryptedEndPoint@16b1f3dd{l=/127.0.0.1:35537,r=/127.0.0.1:60890,OPEN,fill=-,flush=-,to=1/30000}=>HttpConnection@74a41d38[p=HttpParser{s=START,0 of -1},g=HttpGenerator@7644e675{s=START}]=>HttpChannelOverHttp@7db289ba{s=HttpChannelState@1b2d23ef{s=IDLE rs=BLOCKING os=OPEN is=IDLE awp=false se=false i=true al=0},r=0,c=false/false,a=IDLE,uri=null,age=0}
04:06:39.667 [qtp399373008-61] DEBUG org.eclipse.jetty.io.ssl.SslConnection - fill NOT_HANDSHAKING
04:06:39.667 [qtp399373008-61] DEBUG org.eclipse.jetty.io.ChannelEndPoint - filled 339 HeapByteBuffer@373c4f5d[p=0,l=339,c=17408,r=339]={<<<\x16\x03\x03\x01N\x01\x00\x01J\x03\x03\x08\xB13Jz\x08\xAb\x1b\x92\x1a\xDd\xB6VN...\x1d\xC8\x94\xFdz\xD7\xC9\xBb\x9e\xF982\xF5]\xB4\xE8)\x87\xFf\x01\x00\x01\x00>>>\xF9\xFb}{\xC0\xFag\xC6G...\x00\x00\x00\x00\x00\x00\x00}
04:06:39.667 [qtp399373008-61] DEBUG org.eclipse.jetty.io.ssl.SslConnection - net filled=339
04:06:39.667 [qtp399373008-61] DEBUG org.eclipse.jetty.io.ssl.SslConnection - fill starting handshake SslConnection@6ff2cf4d::SocketChannelEndPoint@2c1ea15{l=/127.0.0.1:35537,r=/127.0.0.1:60890,OPEN,fill=-,flush=-,to=0/30000}{io=0/0,kio=0,kro=1}->SslConnection@6ff2cf4d{NOT_HANDSHAKING,eio=339/-1,di=-1,fill=IDLE,flush=IDLE}~>DecryptedEndPoint@16b1f3dd{l=/127.0.0.1:35537,r=/127.0.0.1:60890,OPEN,fill=-,flush=-,to=2/30000}=>HttpConnection@74a41d38[p=HttpParser{s=START,0 of -1},g=HttpGenerator@7644e675{s=START}]=>HttpChannelOverHttp@7db289ba{s=HttpChannelState@1b2d23ef{s=IDLE rs=BLOCKING os=OPEN is=IDLE awp=false se=false i=true al=0},r=0,c=false/false,a=IDLE,uri=null,age=0}
04:06:39.668 [qtp399373008-61] DEBUG org.eclipse.jetty.io.ssl.SslConnection - unwrap net_filled=339 Status = OK HandshakeStatus = NEED_TASK bytesConsumed = 339 bytesProduced = 0 encryptedBuffer=[p=339,l=339,c=17408,r=0] unwrapBuffer=HeapByteBuffer@3303dde5[p=0,l=0,c=17408,r=0]={<<<>>>\x17\x03\x03\x06\x85e\xF6J\xBd...\x00\x00\x00\x00\x00\x00\x00} appBuffer=HeapByteBuffer@3303dde5[p=0,l=0,c=17408,r=0]={<<<>>>\x17\x03\x03\x06\x85e\xF6J\xBd...\x00\x00\x00\x00\x00\x00\x00}
04:06:39.668 [qtp399373008-61] DEBUG org.eclipse.jetty.io.ssl.SslConnection - fill NEED_TASK
04:06:39.675 [qtp399373008-61] DEBUG org.eclipse.jetty.io.ssl.SslConnection - fill NEED_WRAP
04:06:39.676 [qtp399373008-61] DEBUG org.eclipse.jetty.io.ssl.SslConnection - >flush SslConnection@6ff2cf4d::SocketChannelEndPoint@2c1ea15{l=/127.0.0.1:35537,r=/127.0.0.1:60890,OPEN,fill=-,flush=-,to=8/30000}{io=0/0,kio=0,kro=1}->SslConnection@6ff2cf4d{NEED_WRAP,eio=0/-1,di=-1,fill=IDLE,flush=IDLE}~>DecryptedEndPoint@16b1f3dd{l=/127.0.0.1:35537,r=/127.0.0.1:60890,OPEN,fill=-,flush=-,to=10/30000}=>HttpConnection@74a41d38[p=HttpParser{s=START,0 of -1},g=HttpGenerator@7644e675{s=START}]=>HttpChannelOverHttp@7db289ba{s=HttpChannelState@1b2d23ef{s=IDLE rs=BLOCKING os=OPEN is=IDLE awp=false se=false i=true al=0},r=0,c=false/false,a=IDLE,uri=null,age=0}
04:06:39.676 [qtp399373008-61] DEBUG org.eclipse.jetty.io.ssl.SslConnection - flush b[0]=HeapByteBuffer@38928dbe[p=0,l=0,c=0,r=0]={<<<>>>}
04:06:39.676 [qtp399373008-61] DEBUG org.eclipse.jetty.io.ssl.SslConnection - flush NEED_WRAP
04:06:39.676 [qtp399373008-61] DEBUG org.eclipse.jetty.io.ssl.SslConnection - wrap Status = OK HandshakeStatus = NEED_WRAP bytesConsumed = 0 bytesProduced = 160 [p=0,l=160,c=17408,r=160] ioDone=false/false
04:06:39.676 [qtp399373008-61] DEBUG org.eclipse.jetty.io.ChannelEndPoint - flushed 160 SocketChannelEndPoint@2c1ea15{l=/127.0.0.1:35537,r=/127.0.0.1:60890,OPEN,fill=-,flush=-,to=8/30000}{io=0/0,kio=0,kro=1}->SslConnection@6ff2cf4d{NEED_WRAP,eio=0/0,di=-1,fill=IDLE,flush=IDLE}~>DecryptedEndPoint@16b1f3dd{l=/127.0.0.1:35537,r=/127.0.0.1:60890,OPEN,fill=-,flush=-,to=11/30000}=>HttpConnection@74a41d38[p=HttpParser{s=START,0 of -1},g=HttpGenerator@7644e675{s=START}]=>HttpChannelOverHttp@7db289ba{s=HttpChannelState@1b2d23ef{s=IDLE rs=BLOCKING os=OPEN is=IDLE awp=false se=false i=true al=0},r=0,c=false/false,a=IDLE,uri=null,age=0}
04:06:39.676 [qtp399373008-61] DEBUG org.eclipse.jetty.io.ssl.SslConnection - net flushed=true, ac=true
04:06:39.676 [qtp399373008-61] DEBUG org.eclipse.jetty.io.ssl.SslConnection - flush NEED_WRAP
04:06:39.676 [qtp399373008-61] DEBUG org.eclipse.jetty.io.ssl.SslConnection - wrap Status = OK HandshakeStatus = NEED_WRAP bytesConsumed = 0 bytesProduced = 6 [p=0,l=6,c=17408,r=6] ioDone=false/false
04:06:39.676 [qtp399373008-61] DEBUG org.eclipse.jetty.io.ChannelEndPoint - flushed 6 SocketChannelEndPoint@2c1ea15{l=/127.0.0.1:35537,r=/127.0.0.1:60890,OPEN,fill=-,flush=-,to=0/30000}{io=0/0,kio=0,kro=1}->SslConnection@6ff2cf4d{NEED_WRAP,eio=0/0,di=-1,fill=IDLE,flush=IDLE}~>DecryptedEndPoint@16b1f3dd{l=/127.0.0.1:35537,r=/127.0.0.1:60890,OPEN,fill=-,flush=-,to=11/30000}=>HttpConnection@74a41d38[p=HttpParser{s=START,0 of -1},g=HttpGenerator@7644e675{s=START}]=>HttpChannelOverHttp@7db289ba{s=HttpChannelState@1b2d23ef{s=IDLE rs=BLOCKING os=OPEN is=IDLE awp=false se=false i=true al=0},r=0,c=false/false,a=IDLE,uri=null,age=0}
04:06:39.676 [qtp399373008-61] DEBUG org.eclipse.jetty.io.ssl.SslConnection - net flushed=true, ac=true
04:06:39.676 [qtp399373008-61] DEBUG org.eclipse.jetty.io.ssl.SslConnection - flush NEED_WRAP
04:06:39.676 [qtp399373008-61] DEBUG org.eclipse.jetty.io.ssl.SslConnection - wrap Status = OK HandshakeStatus = NEED_UNWRAP bytesConsumed = 0 bytesProduced = 1597 [p=0,l=1597,c=17408,r=1597] ioDone=false/false
04:06:39.676 [qtp399373008-61] DEBUG org.eclipse.jetty.io.ChannelEndPoint - flushed 1597 SocketChannelEndPoint@2c1ea15{l=/127.0.0.1:35537,r=/127.0.0.1:60890,OPEN,fill=-,flush=-,to=0/30000}{io=0/0,kio=0,kro=1}->SslConnection@6ff2cf4d{NEED_UNWRAP,eio=0/0,di=-1,fill=IDLE,flush=IDLE}~>DecryptedEndPoint@16b1f3dd{l=/127.0.0.1:35537,r=/127.0.0.1:60890,OPEN,fill=-,flush=-,to=11/30000}=>HttpConnection@74a41d38[p=HttpParser{s=START,0 of -1},g=HttpGenerator@7644e675{s=START}]=>HttpChannelOverHttp@7db289ba{s=HttpChannelState@1b2d23ef{s=IDLE rs=BLOCKING os=OPEN is=IDLE awp=false se=false i=true al=0},r=0,c=false/false,a=IDLE,uri=null,age=0}
04:06:39.677 [qtp399373008-61] DEBUG org.eclipse.jetty.io.ssl.SslConnection - net flushed=true, ac=true
04:06:39.677 [qtp399373008-61] DEBUG org.eclipse.jetty.io.ssl.SslConnection - <flush true SslConnection@6ff2cf4d::SocketChannelEndPoint@2c1ea15{l=/127.0.0.1:35537,r=/127.0.0.1:60890,OPEN,fill=-,flush=-,to=0/30000}{io=0/0,kio=0,kro=1}->SslConnection@6ff2cf4d{NEED_UNWRAP,eio=0/-1,di=-1,fill=IDLE,flush=IDLE}~>DecryptedEndPoint@16b1f3dd{l=/127.0.0.1:35537,r=/127.0.0.1:60890,OPEN,fill=-,flush=-,to=11/30000}=>HttpConnection@74a41d38[p=HttpParser{s=START,0 of -1},g=HttpGenerator@7644e675{s=START}]=>HttpChannelOverHttp@7db289ba{s=HttpChannelState@1b2d23ef{s=IDLE rs=BLOCKING os=OPEN is=IDLE awp=false se=false i=true al=0},r=0,c=false/false,a=IDLE,uri=null,age=0}
04:06:39.677 [qtp399373008-61] DEBUG org.eclipse.jetty.io.ssl.SslConnection - fill NEED_UNWRAP
04:06:39.677 [qtp399373008-61] DEBUG org.eclipse.jetty.io.ChannelEndPoint - filled 0 HeapByteBuffer@373c4f5d[p=0,l=0,c=17408,r=0]={<<<>>>\x16\x03\x03\x01N\x01\x00\x01J...\x00\x00\x00\x00\x00\x00\x00}
04:06:39.677 [qtp399373008-61] DEBUG org.eclipse.jetty.io.ssl.SslConnection - net filled=0
04:06:39.677 [qtp399373008-61] DEBUG org.eclipse.jetty.io.ssl.SslConnection - unwrap net_filled=0 Status = BUFFER_UNDERFLOW HandshakeStatus = NEED_UNWRAP bytesConsumed = 0 bytesProduced = 0 encryptedBuffer=[p=0,l=0,c=17408,r=0] unwrapBuffer=HeapByteBuffer@3303dde5[p=0,l=0,c=17408,r=0]={<<<>>>\x17\x03\x03\x06\x85e\xF6J\xBd...\x00\x00\x00\x00\x00\x00\x00} appBuffer=HeapByteBuffer@3303dde5[p=0,l=0,c=17408,r=0]={<<<>>>\x17\x03\x03\x06\x85e\xF6J\xBd...\x00\x00\x00\x00\x00\x00\x00}
04:06:39.677 [qtp399373008-61] DEBUG org.eclipse.jetty.io.ssl.SslConnection - <fill f=0 uf=true SslConnection@6ff2cf4d::SocketChannelEndPoint@2c1ea15{l=/127.0.0.1:35537,r=/127.0.0.1:60890,OPEN,fill=-,flush=-,to=0/30000}{io=0/0,kio=0,kro=1}->SslConnection@6ff2cf4d{NEED_UNWRAP,eio=-1/-1,di=-1,fill=IDLE,flush=IDLE}~>DecryptedEndPoint@16b1f3dd{l=/127.0.0.1:35537,r=/127.0.0.1:60890,OPEN,fill=-,flush=-,to=12/30000}=>HttpConnection@74a41d38[p=HttpParser{s=START,0 of -1},g=HttpGenerator@7644e675{s=START}]=>HttpChannelOverHttp@7db289ba{s=HttpChannelState@1b2d23ef{s=IDLE rs=BLOCKING os=OPEN is=IDLE awp=false se=false i=true al=0},r=0,c=false/false,a=IDLE,uri=null,age=0}
04:06:39.677 [qtp399373008-61] DEBUG org.eclipse.jetty.io.ssl.SslConnection - >fill SslConnection@6ff2cf4d::SocketChannelEndPoint@2c1ea15{l=/127.0.0.1:35537,r=/127.0.0.1:60890,OPEN,fill=-,flush=-,to=0/30000}{io=0/0,kio=0,kro=1}->SslConnection@6ff2cf4d{NEED_UNWRAP,eio=-1/-1,di=-1,fill=IDLE,flush=IDLE}~>DecryptedEndPoint@16b1f3dd{l=/127.0.0.1:35537,r=/127.0.0.1:60890,OPEN,fill=-,flush=-,to=12/30000}=>HttpConnection@74a41d38[p=HttpParser{s=START,0 of -1},g=HttpGenerator@7644e675{s=START}]=>HttpChannelOverHttp@7db289ba{s=HttpChannelState@1b2d23ef{s=IDLE rs=BLOCKING os=OPEN is=IDLE awp=false se=false i=true al=0},r=0,c=false/false,a=IDLE,uri=null,age=0}
04:06:39.677 [qtp399373008-61] DEBUG org.eclipse.jetty.io.ssl.SslConnection - fill NEED_UNWRAP
04:06:39.677 [qtp399373008-61] DEBUG org.eclipse.jetty.io.ChannelEndPoint - filled 0 HeapByteBuffer@3dc4242d[p=0,l=0,c=17408,r=0]={<<<>>>\x17\x03\x03\x068\x96`\x1d\xE3...\x00\x00\x00\x00\x00\x00\x00}
04:06:39.677 [qtp399373008-61] DEBUG org.eclipse.jetty.io.ssl.SslConnection - net filled=0
04:06:39.677 [qtp399373008-61] DEBUG org.eclipse.jetty.io.ssl.SslConnection - unwrap net_filled=0 Status = BUFFER_UNDERFLOW HandshakeStatus = NEED_UNWRAP bytesConsumed = 0 bytesProduced = 0 encryptedBuffer=[p=0,l=0,c=17408,r=0] unwrapBuffer=HeapByteBuffer@3303dde5[p=0,l=0,c=17408,r=0]={<<<>>>\x17\x03\x03\x06\x85e\xF6J\xBd...\x00\x00\x00\x00\x00\x00\x00} appBuffer=HeapByteBuffer@3303dde5[p=0,l=0,c=17408,r=0]={<<<>>>\x17\x03\x03\x06\x85e\xF6J\xBd...\x00\x00\x00\x00\x00\x00\x00}
04:06:39.677 [qtp399373008-61] DEBUG org.eclipse.jetty.io.ssl.SslConnection - <fill f=0 uf=true SslConnection@6ff2cf4d::SocketChannelEndPoint@2c1ea15{l=/127.0.0.1:35537,r=/127.0.0.1:60890,OPEN,fill=-,flush=-,to=0/30000}{io=0/0,kio=0,kro=1}->SslConnection@6ff2cf4d{NEED_UNWRAP,eio=-1/-1,di=-1,fill=IDLE,flush=IDLE}~>DecryptedEndPoint@16b1f3dd{l=/127.0.0.1:35537,r=/127.0.0.1:60890,OPEN,fill=-,flush=-,to=12/30000}=>HttpConnection@74a41d38[p=HttpParser{s=START,0 of -1},g=HttpGenerator@7644e675{s=START}]=>HttpChannelOverHttp@7db289ba{s=HttpChannelState@1b2d23ef{s=IDLE rs=BLOCKING os=OPEN is=IDLE awp=false se=false i=true al=0},r=0,c=false/false,a=IDLE,uri=null,age=0}
04:06:39.678 [qtp399373008-61] DEBUG org.eclipse.jetty.server.HttpConnection - HttpConnection@74a41d38::DecryptedEndPoint@16b1f3dd{l=/127.0.0.1:35537,r=/127.0.0.1:60890,OPEN,fill=-,flush=-,to=12/30000} filled 0 HeapByteBuffer@3303dde5[p=0,l=0,c=17408,r=0]={<<<>>>\x17\x03\x03\x06\x85e\xF6J\xBd...\x00\x00\x00\x00\x00\x00\x00}
04:06:39.678 [qtp399373008-61] DEBUG org.eclipse.jetty.server.HttpConnection - HttpConnection@74a41d38::DecryptedEndPoint@16b1f3dd{l=/127.0.0.1:35537,r=/127.0.0.1:60890,OPEN,fill=-,flush=-,to=12/30000} parse HeapByteBuffer@3303dde5[p=0,l=0,c=17408,r=0]={<<<>>>\x17\x03\x03\x06\x85e\xF6J\xBd...\x00\x00\x00\x00\x00\x00\x00} {}
04:06:39.678 [qtp399373008-61] DEBUG org.eclipse.jetty.http.HttpParser - parseNext s=START HeapByteBuffer@3303dde5[p=0,l=0,c=17408,r=0]={<<<>>>\x17\x03\x03\x06\x85e\xF6J\xBd...\x00\x00\x00\x00\x00\x00\x00}
04:06:39.678 [qtp399373008-61] DEBUG org.eclipse.jetty.server.HttpConnection - HttpConnection@74a41d38::DecryptedEndPoint@16b1f3dd{l=/127.0.0.1:35537,r=/127.0.0.1:60890,OPEN,fill=-,flush=-,to=12/30000} parsed false HttpParser{s=START,0 of -1}
04:06:39.678 [qtp399373008-61] DEBUG org.eclipse.jetty.server.HttpConnection - releaseRequestBuffer HttpConnection@74a41d38::DecryptedEndPoint@16b1f3dd{l=/127.0.0.1:35537,r=/127.0.0.1:60890,OPEN,fill=-,flush=-,to=12/30000}
04:06:39.678 [qtp399373008-61] DEBUG org.eclipse.jetty.io.AbstractConnection - fillInterested HttpConnection@74a41d38::DecryptedEndPoint@16b1f3dd{l=/127.0.0.1:35537,r=/127.0.0.1:60890,OPEN,fill=-,flush=-,to=12/30000}
04:06:39.678 [qtp399373008-61] DEBUG org.eclipse.jetty.io.FillInterest - interested FillInterest@225d7858{AC.ReadCB@74a41d38{HttpConnection@74a41d38::DecryptedEndPoint@16b1f3dd{l=/127.0.0.1:35537,r=/127.0.0.1:60890,OPEN,fill=FI,flush=-,to=0/30000}}}
04:06:39.678 [qtp399373008-61] DEBUG org.eclipse.jetty.io.ssl.SslConnection - >needFillInterest s=IDLE/IDLE uf=true ei=null di=null SslConnection@6ff2cf4d::SocketChannelEndPoint@2c1ea15{l=/127.0.0.1:35537,r=/127.0.0.1:60890,OPEN,fill=-,flush=-,to=1/30000}{io=0/0,kio=0,kro=1}->SslConnection@6ff2cf4d{NEED_UNWRAP,eio=-1/-1,di=-1,fill=IDLE,flush=IDLE}~>DecryptedEndPoint@16b1f3dd{l=/127.0.0.1:35537,r=/127.0.0.1:60890,OPEN,fill=FI,flush=-,to=0/30000}=>HttpConnection@74a41d38[p=HttpParser{s=START,0 of -1},g=HttpGenerator@7644e675{s=START}]=>HttpChannelOverHttp@7db289ba{s=HttpChannelState@1b2d23ef{s=IDLE rs=BLOCKING os=OPEN is=IDLE awp=false se=false i=true al=0},r=0,c=false/false,a=IDLE,uri=null,age=0}
04:06:39.678 [qtp399373008-61] DEBUG org.eclipse.jetty.io.ssl.SslConnection - <needFillInterest s=IDLE/INTERESTED f=false i=true w=null
04:06:39.678 [qtp399373008-61] DEBUG org.eclipse.jetty.io.ssl.SslConnection - ensureFillInterested SslConnection@6ff2cf4d::SocketChannelEndPoint@2c1ea15{l=/127.0.0.1:35537,r=/127.0.0.1:60890,OPEN,fill=-,flush=-,to=1/30000}{io=0/0,kio=0,kro=1}->SslConnection@6ff2cf4d{NEED_UNWRAP,eio=-1/-1,di=-1,fill=INTERESTED,flush=IDLE}~>DecryptedEndPoint@16b1f3dd{l=/127.0.0.1:35537,r=/127.0.0.1:60890,OPEN,fill=FI,flush=-,to=0/30000}=>HttpConnection@74a41d38[p=HttpParser{s=START,0 of -1},g=HttpGenerator@7644e675{s=START}]=>HttpChannelOverHttp@7db289ba{s=HttpChannelState@1b2d23ef{s=IDLE rs=BLOCKING os=OPEN is=IDLE awp=false se=false i=true al=0},r=0,c=false/false,a=IDLE,uri=null,age=0}
04:06:39.678 [qtp399373008-61] DEBUG org.eclipse.jetty.io.FillInterest - interested FillInterest@2a4da991{SSLC.NBReadCB@6ff2cf4d{SslConnection@6ff2cf4d::SocketChannelEndPoint@2c1ea15{l=/127.0.0.1:35537,r=/127.0.0.1:60890,OPEN,fill=FI,flush=-,to=0/30000}{io=0/0,kio=0,kro=1}->SslConnection@6ff2cf4d{NEED_UNWRAP,eio=-1/-1,di=-1,fill=INTERESTED,flush=IDLE}~>DecryptedEndPoint@16b1f3dd{l=/127.0.0.1:35537,r=/127.0.0.1:60890,OPEN,fill=FI,flush=-,to=0/30000}=>HttpConnection@74a41d38[p=HttpParser{s=START,0 of -1},g=HttpGenerator@7644e675{s=START}]=>HttpChannelOverHttp@7db289ba{s=HttpChannelState@1b2d23ef{s=IDLE rs=BLOCKING os=OPEN is=IDLE awp=false se=false i=true al=0},r=0,c=false/false,a=IDLE,uri=null,age=0}}}
04:06:39.678 [qtp399373008-61] DEBUG org.eclipse.jetty.io.ChannelEndPoint - changeInterests p=false 0->1 for SocketChannelEndPoint@2c1ea15{l=/127.0.0.1:35537,r=/127.0.0.1:60890,OPEN,fill=FI,flush=-,to=0/30000}{io=0/1,kio=0,kro=1}->SslConnection@6ff2cf4d{NEED_UNWRAP,eio=-1/-1,di=-1,fill=INTERESTED,flush=IDLE}~>DecryptedEndPoint@16b1f3dd{l=/127.0.0.1:35537,r=/127.0.0.1:60890,OPEN,fill=FI,flush=-,to=0/30000}=>HttpConnection@74a41d38[p=HttpParser{s=START,0 of -1},g=HttpGenerator@7644e675{s=START}]=>HttpChannelOverHttp@7db289ba{s=HttpChannelState@1b2d23ef{s=IDLE rs=BLOCKING os=OPEN is=IDLE awp=false se=false i=true al=0},r=0,c=false/false,a=IDLE,uri=null,age=0}
04:06:39.678 [qtp399373008-61] DEBUG org.eclipse.jetty.io.ManagedSelector - Queued change lazy=false org.eclipse.jetty.io.ChannelEndPoint$$Lambda$255/2121444922@53bc8332 on ManagedSelector@47a86fbb{STARTED} id=2 keys=2 selected=0 updates=0
04:06:39.678 [qtp399373008-61] DEBUG org.eclipse.jetty.io.ManagedSelector - Wakeup on submit ManagedSelector@47a86fbb{STARTED} id=2 keys=2 selected=0 updates=1
04:06:39.678 [qtp399373008-61] DEBUG org.eclipse.jetty.server.HttpConnection - HttpConnection@74a41d38::DecryptedEndPoint@16b1f3dd{l=/127.0.0.1:35537,r=/127.0.0.1:60890,OPEN,fill=FI,flush=-,to=0/30000} onFillable exit HttpChannelState@1b2d23ef{s=IDLE rs=BLOCKING os=OPEN is=IDLE awp=false se=false i=true al=0} null
04:06:39.678 [qtp399373008-60] DEBUG org.eclipse.jetty.io.ManagedSelector - Selector sun.nio.ch.EPollSelectorImpl@3702dbe9 woken with none selected
04:06:39.678 [qtp399373008-60] DEBUG org.eclipse.jetty.io.ManagedSelector - Selector sun.nio.ch.EPollSelectorImpl@3702dbe9 woken up from select, 0/0/2 selected
04:06:39.678 [qtp399373008-60] DEBUG org.eclipse.jetty.io.ManagedSelector - Selector sun.nio.ch.EPollSelectorImpl@3702dbe9 processing 0 keys, 1 updates
04:06:39.678 [qtp399373008-60] DEBUG org.eclipse.jetty.io.ManagedSelector - updateable 1
04:06:39.678 [qtp399373008-61] DEBUG org.eclipse.jetty.io.ssl.SslConnection - <c.onFillable SslConnection@6ff2cf4d::SocketChannelEndPoint@2c1ea15{l=/127.0.0.1:35537,r=/127.0.0.1:60890,OPEN,fill=FI,flush=-,to=0/30000}{io=0/1,kio=0,kro=1}->SslConnection@6ff2cf4d{NEED_UNWRAP,eio=-1/-1,di=-1,fill=INTERESTED,flush=IDLE}~>DecryptedEndPoint@16b1f3dd{l=/127.0.0.1:35537,r=/127.0.0.1:60890,OPEN,fill=FI,flush=-,to=0/30000}=>HttpConnection@74a41d38[p=HttpParser{s=START,0 of -1},g=HttpGenerator@7644e675{s=START}]=>HttpChannelOverHttp@7db289ba{s=HttpChannelState@1b2d23ef{s=IDLE rs=BLOCKING os=OPEN is=IDLE awp=false se=false i=true al=0},r=0,c=false/false,a=IDLE,uri=null,age=0}
04:06:39.678 [qtp399373008-60] DEBUG org.eclipse.jetty.io.ManagedSelector - update org.eclipse.jetty.io.ChannelEndPoint$$Lambda$255/2121444922@53bc8332
04:06:39.678 [qtp399373008-61] DEBUG org.eclipse.jetty.util.thread.ReservedThreadExecutor - ReservedThread@27624ead{RUNNING,thread=Thread[qtp399373008-61,5,main]} was=RUNNING next=RESERVED size=0+2 capacity=8
04:06:39.678 [qtp399373008-61] DEBUG org.eclipse.jetty.util.thread.ReservedThreadExecutor - ReservedThread@27624ead{RESERVED,thread=Thread[qtp399373008-61,5,main]} waiting ReservedThreadExecutor@424fd310{reserved=2/8,pending=0}
04:06:39.678 [qtp399373008-60] DEBUG org.eclipse.jetty.io.ChannelEndPoint - Key interests updated 0 -> 1 on SocketChannelEndPoint@2c1ea15{l=/127.0.0.1:35537,r=/127.0.0.1:60890,OPEN,fill=FI,flush=-,to=0/30000}{io=1/1,kio=1,kro=1}->SslConnection@6ff2cf4d{NEED_UNWRAP,eio=-1/-1,di=-1,fill=INTERESTED,flush=IDLE}~>DecryptedEndPoint@16b1f3dd{l=/127.0.0.1:35537,r=/127.0.0.1:60890,OPEN,fill=FI,flush=-,to=0/30000}=>HttpConnection@74a41d38[p=HttpParser{s=START,0 of -1},g=HttpGenerator@7644e675{s=START}]=>HttpChannelOverHttp@7db289ba{s=HttpChannelState@1b2d23ef{s=IDLE rs=BLOCKING os=OPEN is=IDLE awp=false se=false i=true al=0},r=0,c=false/false,a=IDLE,uri=null,age=0}
04:06:39.678 [qtp399373008-60] DEBUG org.eclipse.jetty.io.ManagedSelector - updates 0
04:06:39.678 [qtp399373008-60] DEBUG org.eclipse.jetty.io.ManagedSelector - Selector sun.nio.ch.EPollSelectorImpl@3702dbe9 waiting with 2 keys
04:06:39.679 [qtp399373008-60] DEBUG org.eclipse.jetty.io.ManagedSelector - Selector sun.nio.ch.EPollSelectorImpl@3702dbe9 woken up from select, 1/1/2 selected
04:06:39.679 [qtp399373008-60] DEBUG org.eclipse.jetty.io.ManagedSelector - Selector sun.nio.ch.EPollSelectorImpl@3702dbe9 processing 1 keys, 0 updates
04:06:39.680 [qtp399373008-60] DEBUG org.eclipse.jetty.io.ManagedSelector - selected 1 sun.nio.ch.SelectionKeyImpl@3d3c36e2 SocketChannelEndPoint@2c1ea15{l=/127.0.0.1:35537,r=/127.0.0.1:60890,OPEN,fill=FI,flush=-,to=1/30000}{io=1/1,kio=1,kro=1}->SslConnection@6ff2cf4d{NEED_UNWRAP,eio=-1/-1,di=-1,fill=INTERESTED,flush=IDLE}~>DecryptedEndPoint@16b1f3dd{l=/127.0.0.1:35537,r=/127.0.0.1:60890,OPEN,fill=FI,flush=-,to=1/30000}=>HttpConnection@74a41d38[p=HttpParser{s=START,0 of -1},g=HttpGenerator@7644e675{s=START}]=>HttpChannelOverHttp@7db289ba{s=HttpChannelState@1b2d23ef{s=IDLE rs=BLOCKING os=OPEN is=IDLE awp=false se=false i=true al=0},r=0,c=false/false,a=IDLE,uri=null,age=0} 
04:06:39.680 [qtp399373008-60] DEBUG org.eclipse.jetty.io.ChannelEndPoint - onSelected 1->0 r=true w=false for SocketChannelEndPoint@2c1ea15{l=/127.0.0.1:35537,r=/127.0.0.1:60890,OPEN,fill=FI,flush=-,to=1/30000}{io=1/0,kio=1,kro=1}->SslConnection@6ff2cf4d{NEED_UNWRAP,eio=-1/-1,di=-1,fill=INTERESTED,flush=IDLE}~>DecryptedEndPoint@16b1f3dd{l=/127.0.0.1:35537,r=/127.0.0.1:60890,OPEN,fill=FI,flush=-,to=1/30000}=>HttpConnection@74a41d38[p=HttpParser{s=START,0 of -1},g=HttpGenerator@7644e675{s=START}]=>HttpChannelOverHttp@7db289ba{s=HttpChannelState@1b2d23ef{s=IDLE rs=BLOCKING os=OPEN is=IDLE awp=false se=false i=true al=0},r=0,c=false/false,a=IDLE,uri=null,age=0}
04:06:39.680 [qtp399373008-60] DEBUG org.eclipse.jetty.io.ChannelEndPoint - task CEP:SocketChannelEndPoint@2c1ea15{l=/127.0.0.1:35537,r=/127.0.0.1:60890,OPEN,fill=FI,flush=-,to=1/30000}{io=1/0,kio=1,kro=1}->SslConnection@6ff2cf4d{NEED_UNWRAP,eio=-1/-1,di=-1,fill=INTERESTED,flush=IDLE}~>DecryptedEndPoint@16b1f3dd{l=/127.0.0.1:35537,r=/127.0.0.1:60890,OPEN,fill=FI,flush=-,to=2/30000}=>HttpConnection@74a41d38[p=HttpParser{s=START,0 of -1},g=HttpGenerator@7644e675{s=START}]=>HttpChannelOverHttp@7db289ba{s=HttpChannelState@1b2d23ef{s=IDLE rs=BLOCKING os=OPEN is=IDLE awp=false se=false i=true al=0},r=0,c=false/false,a=IDLE,uri=null,age=0}:runFillable:BLOCKING
04:06:39.680 [qtp399373008-60] DEBUG org.eclipse.jetty.util.thread.ReservedThreadExecutor - ReservedThreadExecutor@424fd310{reserved=2/8,pending=0} tryExecute EatWhatYouKill@1c3146bc/SelectorProducer@56c698e3/PRODUCING/p=false/QueuedThreadPool[qtp399373008]@17cdf2d0{STARTED,8<=8<=200,i=1,r=-1,q=0}[ReservedThreadExecutor@424fd310{reserved=2/8,pending=0}][pc=0,pic=0,pec=0,epc=4]@2024-05-02T04:06:39.68+01:00
04:06:39.680 [qtp399373008-60] DEBUG org.eclipse.jetty.util.thread.strategy.EatWhatYouKill - EatWhatYouKill@1c3146bc/SelectorProducer@56c698e3/IDLE/p=true/QueuedThreadPool[qtp399373008]@17cdf2d0{STARTED,8<=8<=200,i=1,r=-1,q=0}[ReservedThreadExecutor@424fd310{reserved=1/8,pending=0}][pc=0,pic=0,pec=0,epc=4]@2024-05-02T04:06:39.68+01:00 m=EXECUTE_PRODUCE_CONSUME t=CEP:SocketChannelEndPoint@2c1ea15{l=/127.0.0.1:35537,r=/127.0.0.1:60890,OPEN,fill=FI,flush=-,to=2/30000}{io=1/0,kio=1,kro=1}->SslConnection@6ff2cf4d{NEED_UNWRAP,eio=-1/-1,di=-1,fill=INTERESTED,flush=IDLE}~>DecryptedEndPoint@16b1f3dd{l=/127.0.0.1:35537,r=/127.0.0.1:60890,OPEN,fill=FI,flush=-,to=2/30000}=>HttpConnection@74a41d38[p=HttpParser{s=START,0 of -1},g=HttpGenerator@7644e675{s=START}]=>HttpChannelOverHttp@7db289ba{s=HttpChannelState@1b2d23ef{s=IDLE rs=BLOCKING os=OPEN is=IDLE awp=false se=false i=true al=0},r=0,c=false/false,a=IDLE,uri=null,age=0}:runFillable:BLOCKING/BLOCKING
04:06:39.680 [qtp399373008-61] DEBUG org.eclipse.jetty.util.thread.ReservedThreadExecutor - ReservedThread@27624ead{RESERVED,thread=Thread[qtp399373008-61,5,main]} task=EatWhatYouKill@1c3146bc/SelectorProducer@56c698e3/IDLE/p=true/QueuedThreadPool[qtp399373008]@17cdf2d0{STARTED,8<=8<=200,i=1,r=-1,q=0}[ReservedThreadExecutor@424fd310{reserved=1/8,pending=0}][pc=0,pic=0,pec=0,epc=4]@2024-05-02T04:06:39.68+01:00 ReservedThreadExecutor@424fd310{reserved=1/8,pending=0}
04:06:39.680 [qtp399373008-60] DEBUG org.eclipse.jetty.io.FillInterest - fillable FillInterest@2a4da991{SSLC.NBReadCB@6ff2cf4d{SslConnection@6ff2cf4d::SocketChannelEndPoint@2c1ea15{l=/127.0.0.1:35537,r=/127.0.0.1:60890,OPEN,fill=FI,flush=-,to=2/30000}{io=1/0,kio=1,kro=1}->SslConnection@6ff2cf4d{NEED_UNWRAP,eio=-1/-1,di=-1,fill=INTERESTED,flush=IDLE}~>DecryptedEndPoint@16b1f3dd{l=/127.0.0.1:35537,r=/127.0.0.1:60890,OPEN,fill=FI,flush=-,to=2/30000}=>HttpConnection@74a41d38[p=HttpParser{s=START,0 of -1},g=HttpGenerator@7644e675{s=START}]=>HttpChannelOverHttp@7db289ba{s=HttpChannelState@1b2d23ef{s=IDLE rs=BLOCKING os=OPEN is=IDLE awp=false se=false i=true al=0},r=0,c=false/false,a=IDLE,uri=null,age=0}}}
04:06:39.680 [qtp399373008-61] DEBUG org.eclipse.jetty.util.thread.strategy.EatWhatYouKill - EatWhatYouKill@1c3146bc/SelectorProducer@56c698e3/IDLE/p=true/QueuedThreadPool[qtp399373008]@17cdf2d0{STARTED,8<=8<=200,i=1,r=-1,q=0}[ReservedThreadExecutor@424fd310{reserved=1/8,pending=0}][pc=0,pic=0,pec=0,epc=5]@2024-05-02T04:06:39.68+01:00 tryProduce true
04:06:39.680 [qtp399373008-60] DEBUG org.eclipse.jetty.io.ssl.SslConnection - >c.onFillable SslConnection@6ff2cf4d::SocketChannelEndPoint@2c1ea15{l=/127.0.0.1:35537,r=/127.0.0.1:60890,OPEN,fill=-,flush=-,to=2/30000}{io=1/0,kio=1,kro=1}->SslConnection@6ff2cf4d{NEED_UNWRAP,eio=-1/-1,di=-1,fill=INTERESTED,flush=IDLE}~>DecryptedEndPoint@16b1f3dd{l=/127.0.0.1:35537,r=/127.0.0.1:60890,OPEN,fill=FI,flush=-,to=2/30000}=>HttpConnection@74a41d38[p=HttpParser{s=START,0 of -1},g=HttpGenerator@7644e675{s=START}]=>HttpChannelOverHttp@7db289ba{s=HttpChannelState@1b2d23ef{s=IDLE rs=BLOCKING os=OPEN is=IDLE awp=false se=false i=true al=0},r=0,c=false/false,a=IDLE,uri=null,age=0}
04:06:39.680 [qtp399373008-61] DEBUG org.eclipse.jetty.io.ManagedSelector - updateable 0
04:06:39.680 [qtp399373008-61] DEBUG org.eclipse.jetty.io.ManagedSelector - updates 0
04:06:39.680 [qtp399373008-60] DEBUG org.eclipse.jetty.io.ssl.SslConnection - onFillable SslConnection@6ff2cf4d::SocketChannelEndPoint@2c1ea15{l=/127.0.0.1:35537,r=/127.0.0.1:60890,OPEN,fill=-,flush=-,to=2/30000}{io=1/0,kio=1,kro=1}->SslConnection@6ff2cf4d{NEED_UNWRAP,eio=-1/-1,di=-1,fill=INTERESTED,flush=IDLE}~>DecryptedEndPoint@16b1f3dd{l=/127.0.0.1:35537,r=/127.0.0.1:60890,OPEN,fill=FI,flush=-,to=2/30000}=>HttpConnection@74a41d38[p=HttpParser{s=START,0 of -1},g=HttpGenerator@7644e675{s=START}]=>HttpChannelOverHttp@7db289ba{s=HttpChannelState@1b2d23ef{s=IDLE rs=BLOCKING os=OPEN is=IDLE awp=false se=false i=true al=0},r=0,c=false/false,a=IDLE,uri=null,age=0}
04:06:39.680 [qtp399373008-60] DEBUG org.eclipse.jetty.io.FillInterest - fillable FillInterest@225d7858{AC.ReadCB@74a41d38{HttpConnection@74a41d38::DecryptedEndPoint@16b1f3dd{l=/127.0.0.1:35537,r=/127.0.0.1:60890,OPEN,fill=FI,flush=-,to=2/30000}}}
04:06:39.680 [qtp399373008-61] DEBUG org.eclipse.jetty.io.ChannelEndPoint - Key interests updated 1 -> 0 on SocketChannelEndPoint@2c1ea15{l=/127.0.0.1:35537,r=/127.0.0.1:60890,OPEN,fill=-,flush=-,to=2/30000}{io=0/0,kio=0,kro=1}->SslConnection@6ff2cf4d{NEED_UNWRAP,eio=-1/-1,di=-1,fill=INTERESTED,flush=IDLE}~>DecryptedEndPoint@16b1f3dd{l=/127.0.0.1:35537,r=/127.0.0.1:60890,OPEN,fill=FI,flush=-,to=2/30000}=>HttpConnection@74a41d38[p=HttpParser{s=START,0 of -1},g=HttpGenerator@7644e675{s=START}]=>HttpChannelOverHttp@7db289ba{s=HttpChannelState@1b2d23ef{s=IDLE rs=BLOCKING os=OPEN is=IDLE awp=false se=false i=true al=0},r=0,c=false/false,a=IDLE,uri=null,age=0}
04:06:39.680 [qtp399373008-61] DEBUG org.eclipse.jetty.io.ManagedSelector - Selector sun.nio.ch.EPollSelectorImpl@3702dbe9 waiting with 2 keys
04:06:39.680 [qtp399373008-60] DEBUG org.eclipse.jetty.server.HttpConnection - HttpConnection@74a41d38::DecryptedEndPoint@16b1f3dd{l=/127.0.0.1:35537,r=/127.0.0.1:60890,OPEN,fill=-,flush=-,to=2/30000} onFillable enter HttpChannelState@1b2d23ef{s=IDLE rs=BLOCKING os=OPEN is=IDLE awp=false se=false i=true al=0} null
04:06:39.681 [qtp399373008-60] DEBUG org.eclipse.jetty.io.ssl.SslConnection - >fill SslConnection@6ff2cf4d::SocketChannelEndPoint@2c1ea15{l=/127.0.0.1:35537,r=/127.0.0.1:60890,OPEN,fill=-,flush=-,to=2/30000}{io=0/0,kio=0,kro=1}->SslConnection@6ff2cf4d{NEED_UNWRAP,eio=-1/-1,di=-1,fill=IDLE,flush=IDLE}~>DecryptedEndPoint@16b1f3dd{l=/127.0.0.1:35537,r=/127.0.0.1:60890,OPEN,fill=-,flush=-,to=2/30000}=>HttpConnection@74a41d38[p=HttpParser{s=START,0 of -1},g=HttpGenerator@7644e675{s=START}]=>HttpChannelOverHttp@7db289ba{s=HttpChannelState@1b2d23ef{s=IDLE rs=BLOCKING os=OPEN is=IDLE awp=false se=false i=true al=0},r=0,c=false/false,a=IDLE,uri=null,age=0}
04:06:39.681 [qtp399373008-60] DEBUG org.eclipse.jetty.io.ssl.SslConnection - fill NEED_UNWRAP
04:06:39.681 [qtp399373008-60] DEBUG org.eclipse.jetty.io.ChannelEndPoint - filled 6 HeapByteBuffer@3dc4242d[p=0,l=6,c=17408,r=6]={<<<\x14\x03\x03\x00\x01\x01>>>`\x1d\xE3i?\xC7 \xAfM...\x00\x00\x00\x00\x00\x00\x00}
04:06:39.681 [qtp399373008-60] DEBUG org.eclipse.jetty.io.ssl.SslConnection - net filled=6
04:06:39.681 [qtp399373008-60] DEBUG org.eclipse.jetty.io.ssl.SslConnection - unwrap net_filled=6 Status = OK HandshakeStatus = NEED_UNWRAP bytesConsumed = 6 bytesProduced = 0 encryptedBuffer=[p=6,l=6,c=17408,r=0] unwrapBuffer=HeapByteBuffer@373c4f5d[p=0,l=0,c=17408,r=0]={<<<>>>\x16\x03\x03\x01N\x01\x00\x01J...\x00\x00\x00\x00\x00\x00\x00} appBuffer=HeapByteBuffer@373c4f5d[p=0,l=0,c=17408,r=0]={<<<>>>\x16\x03\x03\x01N\x01\x00\x01J...\x00\x00\x00\x00\x00\x00\x00}
04:06:39.681 [qtp399373008-60] DEBUG org.eclipse.jetty.io.ssl.SslConnection - fill NEED_UNWRAP
04:06:39.681 [qtp399373008-60] DEBUG org.eclipse.jetty.io.ChannelEndPoint - filled 0 HeapByteBuffer@3dc4242d[p=0,l=0,c=17408,r=0]={<<<>>>\x14\x03\x03\x00\x01\x01`\x1d\xE3...\x00\x00\x00\x00\x00\x00\x00}
04:06:39.681 [qtp399373008-60] DEBUG org.eclipse.jetty.io.ssl.SslConnection - net filled=0
04:06:39.681 [qtp399373008-60] DEBUG org.eclipse.jetty.io.ssl.SslConnection - unwrap net_filled=0 Status = BUFFER_UNDERFLOW HandshakeStatus = NEED_UNWRAP bytesConsumed = 0 bytesProduced = 0 encryptedBuffer=[p=0,l=0,c=17408,r=0] unwrapBuffer=HeapByteBuffer@373c4f5d[p=0,l=0,c=17408,r=0]={<<<>>>\x16\x03\x03\x01N\x01\x00\x01J...\x00\x00\x00\x00\x00\x00\x00} appBuffer=HeapByteBuffer@373c4f5d[p=0,l=0,c=17408,r=0]={<<<>>>\x16\x03\x03\x01N\x01\x00\x01J...\x00\x00\x00\x00\x00\x00\x00}
04:06:39.681 [qtp399373008-60] DEBUG org.eclipse.jetty.io.ssl.SslConnection - <fill f=0 uf=true SslConnection@6ff2cf4d::SocketChannelEndPoint@2c1ea15{l=/127.0.0.1:35537,r=/127.0.0.1:60890,OPEN,fill=-,flush=-,to=0/30000}{io=0/0,kio=0,kro=1}->SslConnection@6ff2cf4d{NEED_UNWRAP,eio=-1/-1,di=-1,fill=IDLE,flush=IDLE}~>DecryptedEndPoint@16b1f3dd{l=/127.0.0.1:35537,r=/127.0.0.1:60890,OPEN,fill=-,flush=-,to=3/30000}=>HttpConnection@74a41d38[p=HttpParser{s=START,0 of -1},g=HttpGenerator@7644e675{s=START}]=>HttpChannelOverHttp@7db289ba{s=HttpChannelState@1b2d23ef{s=IDLE rs=BLOCKING os=OPEN is=IDLE awp=false se=false i=true al=0},r=0,c=false/false,a=IDLE,uri=null,age=0}
04:06:39.681 [qtp399373008-60] DEBUG org.eclipse.jetty.io.ssl.SslConnection - >fill SslConnection@6ff2cf4d::SocketChannelEndPoint@2c1ea15{l=/127.0.0.1:35537,r=/127.0.0.1:60890,OPEN,fill=-,flush=-,to=0/30000}{io=0/0,kio=0,kro=1}->SslConnection@6ff2cf4d{NEED_UNWRAP,eio=-1/-1,di=-1,fill=IDLE,flush=IDLE}~>DecryptedEndPoint@16b1f3dd{l=/127.0.0.1:35537,r=/127.0.0.1:60890,OPEN,fill=-,flush=-,to=3/30000}=>HttpConnection@74a41d38[p=HttpParser{s=START,0 of -1},g=HttpGenerator@7644e675{s=START}]=>HttpChannelOverHttp@7db289ba{s=HttpChannelState@1b2d23ef{s=IDLE rs=BLOCKING os=OPEN is=IDLE awp=false se=false i=true al=0},r=0,c=false/false,a=IDLE,uri=null,age=0}
04:06:39.681 [qtp399373008-60] DEBUG org.eclipse.jetty.io.ssl.SslConnection - fill NEED_UNWRAP
04:06:39.681 [qtp399373008-60] DEBUG org.eclipse.jetty.io.ChannelEndPoint - filled 0 HeapByteBuffer@3303dde5[p=0,l=0,c=17408,r=0]={<<<>>>\x17\x03\x03\x06\x85e\xF6J\xBd...\x00\x00\x00\x00\x00\x00\x00}
04:06:39.681 [qtp399373008-60] DEBUG org.eclipse.jetty.io.ssl.SslConnection - net filled=0
04:06:39.681 [qtp399373008-60] DEBUG org.eclipse.jetty.io.ssl.SslConnection - unwrap net_filled=0 Status = BUFFER_UNDERFLOW HandshakeStatus = NEED_UNWRAP bytesConsumed = 0 bytesProduced = 0 encryptedBuffer=[p=0,l=0,c=17408,r=0] unwrapBuffer=HeapByteBuffer@373c4f5d[p=0,l=0,c=17408,r=0]={<<<>>>\x16\x03\x03\x01N\x01\x00\x01J...\x00\x00\x00\x00\x00\x00\x00} appBuffer=HeapByteBuffer@373c4f5d[p=0,l=0,c=17408,r=0]={<<<>>>\x16\x03\x03\x01N\x01\x00\x01J...\x00\x00\x00\x00\x00\x00\x00}
04:06:39.682 [qtp399373008-60] DEBUG org.eclipse.jetty.io.ssl.SslConnection - <fill f=0 uf=true SslConnection@6ff2cf4d::SocketChannelEndPoint@2c1ea15{l=/127.0.0.1:35537,r=/127.0.0.1:60890,OPEN,fill=-,flush=-,to=0/30000}{io=0/0,kio=0,kro=1}->SslConnection@6ff2cf4d{NEED_UNWRAP,eio=-1/-1,di=-1,fill=IDLE,flush=IDLE}~>DecryptedEndPoint@16b1f3dd{l=/127.0.0.1:35537,r=/127.0.0.1:60890,OPEN,fill=-,flush=-,to=3/30000}=>HttpConnection@74a41d38[p=HttpParser{s=START,0 of -1},g=HttpGenerator@7644e675{s=START}]=>HttpChannelOverHttp@7db289ba{s=HttpChannelState@1b2d23ef{s=IDLE rs=BLOCKING os=OPEN is=IDLE awp=false se=false i=true al=0},r=0,c=false/false,a=IDLE,uri=null,age=0}
04:06:39.682 [qtp399373008-60] DEBUG org.eclipse.jetty.server.HttpConnection - HttpConnection@74a41d38::DecryptedEndPoint@16b1f3dd{l=/127.0.0.1:35537,r=/127.0.0.1:60890,OPEN,fill=-,flush=-,to=3/30000} filled 0 HeapByteBuffer@373c4f5d[p=0,l=0,c=17408,r=0]={<<<>>>\x16\x03\x03\x01N\x01\x00\x01J...\x00\x00\x00\x00\x00\x00\x00}
04:06:39.682 [qtp399373008-60] DEBUG org.eclipse.jetty.server.HttpConnection - HttpConnection@74a41d38::DecryptedEndPoint@16b1f3dd{l=/127.0.0.1:35537,r=/127.0.0.1:60890,OPEN,fill=-,flush=-,to=3/30000} parse HeapByteBuffer@373c4f5d[p=0,l=0,c=17408,r=0]={<<<>>>\x16\x03\x03\x01N\x01\x00\x01J...\x00\x00\x00\x00\x00\x00\x00} {}
04:06:39.682 [qtp399373008-60] DEBUG org.eclipse.jetty.http.HttpParser - parseNext s=START HeapByteBuffer@373c4f5d[p=0,l=0,c=17408,r=0]={<<<>>>\x16\x03\x03\x01N\x01\x00\x01J...\x00\x00\x00\x00\x00\x00\x00}
04:06:39.682 [qtp399373008-60] DEBUG org.eclipse.jetty.server.HttpConnection - HttpConnection@74a41d38::DecryptedEndPoint@16b1f3dd{l=/127.0.0.1:35537,r=/127.0.0.1:60890,OPEN,fill=-,flush=-,to=3/30000} parsed false HttpParser{s=START,0 of -1}
04:06:39.682 [qtp399373008-60] DEBUG org.eclipse.jetty.server.HttpConnection - releaseRequestBuffer HttpConnection@74a41d38::DecryptedEndPoint@16b1f3dd{l=/127.0.0.1:35537,r=/127.0.0.1:60890,OPEN,fill=-,flush=-,to=4/30000}
04:06:39.682 [qtp399373008-60] DEBUG org.eclipse.jetty.io.AbstractConnection - fillInterested HttpConnection@74a41d38::DecryptedEndPoint@16b1f3dd{l=/127.0.0.1:35537,r=/127.0.0.1:60890,OPEN,fill=-,flush=-,to=4/30000}
04:06:39.682 [qtp399373008-60] DEBUG org.eclipse.jetty.io.FillInterest - interested FillInterest@225d7858{AC.ReadCB@74a41d38{HttpConnection@74a41d38::DecryptedEndPoint@16b1f3dd{l=/127.0.0.1:35537,r=/127.0.0.1:60890,OPEN,fill=FI,flush=-,to=0/30000}}}
04:06:39.682 [qtp399373008-60] DEBUG org.eclipse.jetty.io.ssl.SslConnection - >needFillInterest s=IDLE/IDLE uf=true ei=null di=null SslConnection@6ff2cf4d::SocketChannelEndPoint@2c1ea15{l=/127.0.0.1:35537,r=/127.0.0.1:60890,OPEN,fill=-,flush=-,to=0/30000}{io=0/0,kio=0,kro=1}->SslConnection@6ff2cf4d{NEED_UNWRAP,eio=-1/-1,di=-1,fill=IDLE,flush=IDLE}~>DecryptedEndPoint@16b1f3dd{l=/127.0.0.1:35537,r=/127.0.0.1:60890,OPEN,fill=FI,flush=-,to=0/30000}=>HttpConnection@74a41d38[p=HttpParser{s=START,0 of -1},g=HttpGenerator@7644e675{s=START}]=>HttpChannelOverHttp@7db289ba{s=HttpChannelState@1b2d23ef{s=IDLE rs=BLOCKING os=OPEN is=IDLE awp=false se=false i=true al=0},r=0,c=false/false,a=IDLE,uri=null,age=0}
04:06:39.682 [qtp399373008-60] DEBUG org.eclipse.jetty.io.ssl.SslConnection - <needFillInterest s=IDLE/INTERESTED f=false i=true w=null
04:06:39.682 [qtp399373008-60] DEBUG org.eclipse.jetty.io.ssl.SslConnection - ensureFillInterested SslConnection@6ff2cf4d::SocketChannelEndPoint@2c1ea15{l=/127.0.0.1:35537,r=/127.0.0.1:60890,OPEN,fill=-,flush=-,to=0/30000}{io=0/0,kio=0,kro=1}->SslConnection@6ff2cf4d{NEED_UNWRAP,eio=-1/-1,di=-1,fill=INTERESTED,flush=IDLE}~>DecryptedEndPoint@16b1f3dd{l=/127.0.0.1:35537,r=/127.0.0.1:60890,OPEN,fill=FI,flush=-,to=0/30000}=>HttpConnection@74a41d38[p=HttpParser{s=START,0 of -1},g=HttpGenerator@7644e675{s=START}]=>HttpChannelOverHttp@7db289ba{s=HttpChannelState@1b2d23ef{s=IDLE rs=BLOCKING os=OPEN is=IDLE awp=false se=false i=true al=0},r=0,c=false/false,a=IDLE,uri=null,age=0}
04:06:39.682 [qtp399373008-60] DEBUG org.eclipse.jetty.io.FillInterest - interested FillInterest@2a4da991{SSLC.NBReadCB@6ff2cf4d{SslConnection@6ff2cf4d::SocketChannelEndPoint@2c1ea15{l=/127.0.0.1:35537,r=/127.0.0.1:60890,OPEN,fill=FI,flush=-,to=0/30000}{io=0/0,kio=0,kro=1}->SslConnection@6ff2cf4d{NEED_UNWRAP,eio=-1/-1,di=-1,fill=INTERESTED,flush=IDLE}~>DecryptedEndPoint@16b1f3dd{l=/127.0.0.1:35537,r=/127.0.0.1:60890,OPEN,fill=FI,flush=-,to=0/30000}=>HttpConnection@74a41d38[p=HttpParser{s=START,0 of -1},g=HttpGenerator@7644e675{s=START}]=>HttpChannelOverHttp@7db289ba{s=HttpChannelState@1b2d23ef{s=IDLE rs=BLOCKING os=OPEN is=IDLE awp=false se=false i=true al=0},r=0,c=false/false,a=IDLE,uri=null,age=0}}}
04:06:39.682 [qtp399373008-60] DEBUG org.eclipse.jetty.io.ChannelEndPoint - changeInterests p=false 0->1 for SocketChannelEndPoint@2c1ea15{l=/127.0.0.1:35537,r=/127.0.0.1:60890,OPEN,fill=FI,flush=-,to=0/30000}{io=0/1,kio=0,kro=1}->SslConnection@6ff2cf4d{NEED_UNWRAP,eio=-1/-1,di=-1,fill=INTERESTED,flush=IDLE}~>DecryptedEndPoint@16b1f3dd{l=/127.0.0.1:35537,r=/127.0.0.1:60890,OPEN,fill=FI,flush=-,to=0/30000}=>HttpConnection@74a41d38[p=HttpParser{s=START,0 of -1},g=HttpGenerator@7644e675{s=START}]=>HttpChannelOverHttp@7db289ba{s=HttpChannelState@1b2d23ef{s=IDLE rs=BLOCKING os=OPEN is=IDLE awp=false se=false i=true al=0},r=0,c=false/false,a=IDLE,uri=null,age=0}
04:06:39.682 [qtp399373008-60] DEBUG org.eclipse.jetty.io.ManagedSelector - Queued change lazy=false org.eclipse.jetty.io.ChannelEndPoint$$Lambda$255/2121444922@53bc8332 on ManagedSelector@47a86fbb{STARTED} id=2 keys=2 selected=0 updates=0
04:06:39.682 [qtp399373008-60] DEBUG org.eclipse.jetty.io.ManagedSelector - Wakeup on submit ManagedSelector@47a86fbb{STARTED} id=2 keys=2 selected=0 updates=1
04:06:39.682 [qtp399373008-60] DEBUG org.eclipse.jetty.server.HttpConnection - HttpConnection@74a41d38::DecryptedEndPoint@16b1f3dd{l=/127.0.0.1:35537,r=/127.0.0.1:60890,OPEN,fill=FI,flush=-,to=0/30000} onFillable exit HttpChannelState@1b2d23ef{s=IDLE rs=BLOCKING os=OPEN is=IDLE awp=false se=false i=true al=0} null
04:06:39.682 [qtp399373008-61] DEBUG org.eclipse.jetty.io.ManagedSelector - Selector sun.nio.ch.EPollSelectorImpl@3702dbe9 woken with none selected
04:06:39.682 [qtp399373008-61] DEBUG org.eclipse.jetty.io.ManagedSelector - Selector sun.nio.ch.EPollSelectorImpl@3702dbe9 woken up from select, 0/0/2 selected
04:06:39.682 [qtp399373008-61] DEBUG org.eclipse.jetty.io.ManagedSelector - Selector sun.nio.ch.EPollSelectorImpl@3702dbe9 processing 0 keys, 1 updates
04:06:39.682 [qtp399373008-61] DEBUG org.eclipse.jetty.io.ManagedSelector - updateable 1
04:06:39.682 [qtp399373008-61] DEBUG org.eclipse.jetty.io.ManagedSelector - update org.eclipse.jetty.io.ChannelEndPoint$$Lambda$255/2121444922@53bc8332
04:06:39.682 [qtp399373008-60] DEBUG org.eclipse.jetty.io.ssl.SslConnection - <c.onFillable SslConnection@6ff2cf4d::SocketChannelEndPoint@2c1ea15{l=/127.0.0.1:35537,r=/127.0.0.1:60890,OPEN,fill=FI,flush=-,to=0/30000}{io=0/1,kio=0,kro=1}->SslConnection@6ff2cf4d{NEED_UNWRAP,eio=-1/-1,di=-1,fill=INTERESTED,flush=IDLE}~>DecryptedEndPoint@16b1f3dd{l=/127.0.0.1:35537,r=/127.0.0.1:60890,OPEN,fill=FI,flush=-,to=0/30000}=>HttpConnection@74a41d38[p=HttpParser{s=START,0 of -1},g=HttpGenerator@7644e675{s=START}]=>HttpChannelOverHttp@7db289ba{s=HttpChannelState@1b2d23ef{s=IDLE rs=BLOCKING os=OPEN is=IDLE awp=false se=false i=true al=0},r=0,c=false/false,a=IDLE,uri=null,age=0}
04:06:39.682 [qtp399373008-60] DEBUG org.eclipse.jetty.util.thread.ReservedThreadExecutor - ReservedThread@ae8e2bb{RUNNING,thread=Thread[qtp399373008-60,5,main]} was=RUNNING next=RESERVED size=0+2 capacity=8
04:06:39.682 [qtp399373008-60] DEBUG org.eclipse.jetty.util.thread.ReservedThreadExecutor - ReservedThread@ae8e2bb{RESERVED,thread=Thread[qtp399373008-60,5,main]} waiting ReservedThreadExecutor@424fd310{reserved=2/8,pending=0}
04:06:39.682 [qtp399373008-61] DEBUG org.eclipse.jetty.io.ChannelEndPoint - Key interests updated 0 -> 1 on SocketChannelEndPoint@2c1ea15{l=/127.0.0.1:35537,r=/127.0.0.1:60890,OPEN,fill=FI,flush=-,to=0/30000}{io=1/1,kio=1,kro=1}->SslConnection@6ff2cf4d{NEED_UNWRAP,eio=-1/-1,di=-1,fill=INTERESTED,flush=IDLE}~>DecryptedEndPoint@16b1f3dd{l=/127.0.0.1:35537,r=/127.0.0.1:60890,OPEN,fill=FI,flush=-,to=0/30000}=>HttpConnection@74a41d38[p=HttpParser{s=START,0 of -1},g=HttpGenerator@7644e675{s=START}]=>HttpChannelOverHttp@7db289ba{s=HttpChannelState@1b2d23ef{s=IDLE rs=BLOCKING os=OPEN is=IDLE awp=false se=false i=true al=0},r=0,c=false/false,a=IDLE,uri=null,age=0}
04:06:39.682 [qtp399373008-61] DEBUG org.eclipse.jetty.io.ManagedSelector - updates 0
04:06:39.682 [qtp399373008-61] DEBUG org.eclipse.jetty.io.ManagedSelector - Selector sun.nio.ch.EPollSelectorImpl@3702dbe9 waiting with 2 keys
04:06:39.721 [qtp399373008-61] DEBUG org.eclipse.jetty.io.ManagedSelector - Selector sun.nio.ch.EPollSelectorImpl@3702dbe9 woken up from select, 1/1/2 selected
04:06:39.721 [qtp399373008-61] DEBUG org.eclipse.jetty.io.ManagedSelector - Selector sun.nio.ch.EPollSelectorImpl@3702dbe9 processing 1 keys, 0 updates
04:06:39.721 [qtp399373008-61] DEBUG org.eclipse.jetty.io.ManagedSelector - selected 1 sun.nio.ch.SelectionKeyImpl@3d3c36e2 SocketChannelEndPoint@2c1ea15{l=/127.0.0.1:35537,r=/127.0.0.1:60890,OPEN,fill=FI,flush=-,to=38/30000}{io=1/1,kio=1,kro=1}->SslConnection@6ff2cf4d{NEED_UNWRAP,eio=-1/-1,di=-1,fill=INTERESTED,flush=IDLE}~>DecryptedEndPoint@16b1f3dd{l=/127.0.0.1:35537,r=/127.0.0.1:60890,OPEN,fill=FI,flush=-,to=39/30000}=>HttpConnection@74a41d38[p=HttpParser{s=START,0 of -1},g=HttpGenerator@7644e675{s=START}]=>HttpChannelOverHttp@7db289ba{s=HttpChannelState@1b2d23ef{s=IDLE rs=BLOCKING os=OPEN is=IDLE awp=false se=false i=true al=0},r=0,c=false/false,a=IDLE,uri=null,age=0} 
04:06:39.721 [qtp399373008-61] DEBUG org.eclipse.jetty.io.ChannelEndPoint - onSelected 1->0 r=true w=false for SocketChannelEndPoint@2c1ea15{l=/127.0.0.1:35537,r=/127.0.0.1:60890,OPEN,fill=FI,flush=-,to=38/30000}{io=1/0,kio=1,kro=1}->SslConnection@6ff2cf4d{NEED_UNWRAP,eio=-1/-1,di=-1,fill=INTERESTED,flush=IDLE}~>DecryptedEndPoint@16b1f3dd{l=/127.0.0.1:35537,r=/127.0.0.1:60890,OPEN,fill=FI,flush=-,to=39/30000}=>HttpConnection@74a41d38[p=HttpParser{s=START,0 of -1},g=HttpGenerator@7644e675{s=START}]=>HttpChannelOverHttp@7db289ba{s=HttpChannelState@1b2d23ef{s=IDLE rs=BLOCKING os=OPEN is=IDLE awp=false se=false i=true al=0},r=0,c=false/false,a=IDLE,uri=null,age=0}
04:06:39.721 [qtp399373008-61] DEBUG org.eclipse.jetty.io.ChannelEndPoint - task CEP:SocketChannelEndPoint@2c1ea15{l=/127.0.0.1:35537,r=/127.0.0.1:60890,OPEN,fill=FI,flush=-,to=38/30000}{io=1/0,kio=1,kro=1}->SslConnection@6ff2cf4d{NEED_UNWRAP,eio=-1/-1,di=-1,fill=INTERESTED,flush=IDLE}~>DecryptedEndPoint@16b1f3dd{l=/127.0.0.1:35537,r=/127.0.0.1:60890,OPEN,fill=FI,flush=-,to=39/30000}=>HttpConnection@74a41d38[p=HttpParser{s=START,0 of -1},g=HttpGenerator@7644e675{s=START}]=>HttpChannelOverHttp@7db289ba{s=HttpChannelState@1b2d23ef{s=IDLE rs=BLOCKING os=OPEN is=IDLE awp=false se=false i=true al=0},r=0,c=false/false,a=IDLE,uri=null,age=0}:runFillable:BLOCKING
04:06:39.721 [qtp399373008-61] DEBUG org.eclipse.jetty.util.thread.ReservedThreadExecutor - ReservedThreadExecutor@424fd310{reserved=2/8,pending=0} tryExecute EatWhatYouKill@1c3146bc/SelectorProducer@56c698e3/PRODUCING/p=false/QueuedThreadPool[qtp399373008]@17cdf2d0{STARTED,8<=8<=200,i=1,r=-1,q=0}[ReservedThreadExecutor@424fd310{reserved=2/8,pending=0}][pc=0,pic=0,pec=0,epc=5]@2024-05-02T04:06:39.721+01:00
04:06:39.721 [qtp399373008-61] DEBUG org.eclipse.jetty.util.thread.strategy.EatWhatYouKill - EatWhatYouKill@1c3146bc/SelectorProducer@56c698e3/IDLE/p=true/QueuedThreadPool[qtp399373008]@17cdf2d0{STARTED,8<=8<=200,i=1,r=-1,q=0}[ReservedThreadExecutor@424fd310{reserved=1/8,pending=0}][pc=0,pic=0,pec=0,epc=5]@2024-05-02T04:06:39.721+01:00 m=EXECUTE_PRODUCE_CONSUME t=CEP:SocketChannelEndPoint@2c1ea15{l=/127.0.0.1:35537,r=/127.0.0.1:60890,OPEN,fill=FI,flush=-,to=39/30000}{io=1/0,kio=1,kro=1}->SslConnection@6ff2cf4d{NEED_UNWRAP,eio=-1/-1,di=-1,fill=INTERESTED,flush=IDLE}~>DecryptedEndPoint@16b1f3dd{l=/127.0.0.1:35537,r=/127.0.0.1:60890,OPEN,fill=FI,flush=-,to=39/30000}=>HttpConnection@74a41d38[p=HttpParser{s=START,0 of -1},g=HttpGenerator@7644e675{s=START}]=>HttpChannelOverHttp@7db289ba{s=HttpChannelState@1b2d23ef{s=IDLE rs=BLOCKING os=OPEN is=IDLE awp=false se=false i=true al=0},r=0,c=false/false,a=IDLE,uri=null,age=0}:runFillable:BLOCKING/BLOCKING
04:06:39.721 [qtp399373008-60] DEBUG org.eclipse.jetty.util.thread.ReservedThreadExecutor - ReservedThread@ae8e2bb{RESERVED,thread=Thread[qtp399373008-60,5,main]} task=EatWhatYouKill@1c3146bc/SelectorProducer@56c698e3/IDLE/p=true/QueuedThreadPool[qtp399373008]@17cdf2d0{STARTED,8<=8<=200,i=1,r=-1,q=0}[ReservedThreadExecutor@424fd310{reserved=1/8,pending=0}][pc=0,pic=0,pec=0,epc=5]@2024-05-02T04:06:39.721+01:00 ReservedThreadExecutor@424fd310{reserved=1/8,pending=0}
04:06:39.721 [qtp399373008-61] DEBUG org.eclipse.jetty.io.FillInterest - fillable FillInterest@2a4da991{SSLC.NBReadCB@6ff2cf4d{SslConnection@6ff2cf4d::SocketChannelEndPoint@2c1ea15{l=/127.0.0.1:35537,r=/127.0.0.1:60890,OPEN,fill=FI,flush=-,to=39/30000}{io=1/0,kio=1,kro=1}->SslConnection@6ff2cf4d{NEED_UNWRAP,eio=-1/-1,di=-1,fill=INTERESTED,flush=IDLE}~>DecryptedEndPoint@16b1f3dd{l=/127.0.0.1:35537,r=/127.0.0.1:60890,OPEN,fill=FI,flush=-,to=39/30000}=>HttpConnection@74a41d38[p=HttpParser{s=START,0 of -1},g=HttpGenerator@7644e675{s=START}]=>HttpChannelOverHttp@7db289ba{s=HttpChannelState@1b2d23ef{s=IDLE rs=BLOCKING os=OPEN is=IDLE awp=false se=false i=true al=0},r=0,c=false/false,a=IDLE,uri=null,age=0}}}
04:06:39.721 [qtp399373008-60] DEBUG org.eclipse.jetty.util.thread.strategy.EatWhatYouKill - EatWhatYouKill@1c3146bc/SelectorProducer@56c698e3/IDLE/p=true/QueuedThreadPool[qtp399373008]@17cdf2d0{STARTED,8<=8<=200,i=1,r=-1,q=0}[ReservedThreadExecutor@424fd310{reserved=1/8,pending=0}][pc=0,pic=0,pec=0,epc=6]@2024-05-02T04:06:39.721+01:00 tryProduce true
04:06:39.721 [qtp399373008-60] DEBUG org.eclipse.jetty.io.ManagedSelector - updateable 0
04:06:39.721 [qtp399373008-61] DEBUG org.eclipse.jetty.io.ssl.SslConnection - >c.onFillable SslConnection@6ff2cf4d::SocketChannelEndPoint@2c1ea15{l=/127.0.0.1:35537,r=/127.0.0.1:60890,OPEN,fill=-,flush=-,to=39/30000}{io=1/0,kio=1,kro=1}->SslConnection@6ff2cf4d{NEED_UNWRAP,eio=-1/-1,di=-1,fill=INTERESTED,flush=IDLE}~>DecryptedEndPoint@16b1f3dd{l=/127.0.0.1:35537,r=/127.0.0.1:60890,OPEN,fill=FI,flush=-,to=39/30000}=>HttpConnection@74a41d38[p=HttpParser{s=START,0 of -1},g=HttpGenerator@7644e675{s=START}]=>HttpChannelOverHttp@7db289ba{s=HttpChannelState@1b2d23ef{s=IDLE rs=BLOCKING os=OPEN is=IDLE awp=false se=false i=true al=0},r=0,c=false/false,a=IDLE,uri=null,age=0}
04:06:39.721 [qtp399373008-60] DEBUG org.eclipse.jetty.io.ManagedSelector - updates 0
04:06:39.722 [qtp399373008-61] DEBUG org.eclipse.jetty.io.ssl.SslConnection - onFillable SslConnection@6ff2cf4d::SocketChannelEndPoint@2c1ea15{l=/127.0.0.1:35537,r=/127.0.0.1:60890,OPEN,fill=-,flush=-,to=39/30000}{io=1/0,kio=1,kro=1}->SslConnection@6ff2cf4d{NEED_UNWRAP,eio=-1/-1,di=-1,fill=INTERESTED,flush=IDLE}~>DecryptedEndPoint@16b1f3dd{l=/127.0.0.1:35537,r=/127.0.0.1:60890,OPEN,fill=FI,flush=-,to=39/30000}=>HttpConnection@74a41d38[p=HttpParser{s=START,0 of -1},g=HttpGenerator@7644e675{s=START}]=>HttpChannelOverHttp@7db289ba{s=HttpChannelState@1b2d23ef{s=IDLE rs=BLOCKING os=OPEN is=IDLE awp=false se=false i=true al=0},r=0,c=false/false,a=IDLE,uri=null,age=0}
04:06:39.722 [qtp399373008-61] DEBUG org.eclipse.jetty.io.FillInterest - fillable FillInterest@225d7858{AC.ReadCB@74a41d38{HttpConnection@74a41d38::DecryptedEndPoint@16b1f3dd{l=/127.0.0.1:35537,r=/127.0.0.1:60890,OPEN,fill=FI,flush=-,to=39/30000}}}
04:06:39.722 [qtp399373008-60] DEBUG org.eclipse.jetty.io.ChannelEndPoint - Key interests updated 1 -> 0 on SocketChannelEndPoint@2c1ea15{l=/127.0.0.1:35537,r=/127.0.0.1:60890,OPEN,fill=-,flush=-,to=39/30000}{io=0/0,kio=0,kro=1}->SslConnection@6ff2cf4d{NEED_UNWRAP,eio=-1/-1,di=-1,fill=INTERESTED,flush=IDLE}~>DecryptedEndPoint@16b1f3dd{l=/127.0.0.1:35537,r=/127.0.0.1:60890,OPEN,fill=FI,flush=-,to=39/30000}=>HttpConnection@74a41d38[p=HttpParser{s=START,0 of -1},g=HttpGenerator@7644e675{s=START}]=>HttpChannelOverHttp@7db289ba{s=HttpChannelState@1b2d23ef{s=IDLE rs=BLOCKING os=OPEN is=IDLE awp=false se=false i=true al=0},r=0,c=false/false,a=IDLE,uri=null,age=0}
04:06:39.722 [qtp399373008-61] DEBUG org.eclipse.jetty.server.HttpConnection - HttpConnection@74a41d38::DecryptedEndPoint@16b1f3dd{l=/127.0.0.1:35537,r=/127.0.0.1:60890,OPEN,fill=-,flush=-,to=39/30000} onFillable enter HttpChannelState@1b2d23ef{s=IDLE rs=BLOCKING os=OPEN is=IDLE awp=false se=false i=true al=0} null
04:06:39.722 [qtp399373008-60] DEBUG org.eclipse.jetty.io.ManagedSelector - Selector sun.nio.ch.EPollSelectorImpl@3702dbe9 waiting with 2 keys
04:06:39.722 [qtp399373008-61] DEBUG org.eclipse.jetty.io.ssl.SslConnection - >fill SslConnection@6ff2cf4d::SocketChannelEndPoint@2c1ea15{l=/127.0.0.1:35537,r=/127.0.0.1:60890,OPEN,fill=-,flush=-,to=39/30000}{io=0/0,kio=0,kro=1}->SslConnection@6ff2cf4d{NEED_UNWRAP,eio=-1/-1,di=-1,fill=IDLE,flush=IDLE}~>DecryptedEndPoint@16b1f3dd{l=/127.0.0.1:35537,r=/127.0.0.1:60890,OPEN,fill=-,flush=-,to=39/30000}=>HttpConnection@74a41d38[p=HttpParser{s=START,0 of -1},g=HttpGenerator@7644e675{s=START}]=>HttpChannelOverHttp@7db289ba{s=HttpChannelState@1b2d23ef{s=IDLE rs=BLOCKING os=OPEN is=IDLE awp=false se=false i=true al=0},r=0,c=false/false,a=IDLE,uri=null,age=0}
04:06:39.722 [qtp399373008-61] DEBUG org.eclipse.jetty.io.ssl.SslConnection - fill NEED_UNWRAP
04:06:39.722 [qtp399373008-61] DEBUG org.eclipse.jetty.io.ChannelEndPoint - filled 1491 HeapByteBuffer@3303dde5[p=0,l=1491,c=17408,r=1491]={<<<\x17\x03\x03\x03\xAd\xF1\x04\x12&\xD2G\x91\xE2-\x7f\x94\xB2\xC6ro7>{\xE7j...^\x19\x00)\xCe\x1fFfg\xB9 \n\xEf\xEd\n2]\xE1\x81B\xF0\x93\xC9>>>\xEf\\!\x8a\xA8\xA5Z\xC1\xD2...\x00\x00\x00\x00\x00\x00\x00}
04:06:39.722 [qtp399373008-61] DEBUG org.eclipse.jetty.io.ssl.SslConnection - net filled=1491
04:06:39.722 [qtp399373008-61] DEBUG org.eclipse.jetty.io.ssl.SslConnection - unwrap net_filled=1491 Status = OK HandshakeStatus = NEED_TASK bytesConsumed = 946 bytesProduced = 0 encryptedBuffer=[p=946,l=1491,c=17408,r=545] unwrapBuffer=HeapByteBuffer@3dc4242d[p=0,l=0,c=17408,r=0]={<<<>>>\x14\x03\x03\x00\x01\x01`\x1d\xE3...\x00\x00\x00\x00\x00\x00\x00} appBuffer=HeapByteBuffer@3dc4242d[p=0,l=0,c=17408,r=0]={<<<>>>\x14\x03\x03\x00\x01\x01`\x1d\xE3...\x00\x00\x00\x00\x00\x00\x00}
04:06:39.722 [qtp399373008-61] DEBUG org.eclipse.jetty.io.ssl.SslConnection - fill NEED_TASK
04:06:39.722 [qtp399373008-61] DEBUG org.eclipse.jetty.io.ssl.SslConnection - fill NEED_UNWRAP
04:06:39.722 [qtp399373008-61] DEBUG org.eclipse.jetty.io.ChannelEndPoint - filled 0 HeapByteBuffer@3303dde5[p=946,l=1491,c=17408,r=545]={\x17\x03\x03\x03\xAd\x0b\x00\x03\x88...|K\xD4\xA8\xA0\xE02<<<\x17\x03\x03\x01)\xD7\xBfI#tm\xAf\x81\x9d\x08\xF6S:\xDd#\x88\xFf\xC0\x1b\xBa...^\x19\x00)\xCe\x1fFfg\xB9 \n\xEf\xEd\n2]\xE1\x81B\xF0\x93\xC9>>>\xEf\\!\x8a\xA8\xA5Z\xC1\xD2...\x00\x00\x00\x00\x00\x00\x00}
04:06:39.722 [qtp399373008-61] DEBUG org.eclipse.jetty.io.ssl.SslConnection - net filled=0
04:06:39.722 [qtp399373008-61] DEBUG org.eclipse.jetty.io.ssl.SslConnection - unwrap net_filled=0 Status = OK HandshakeStatus = NEED_TASK bytesConsumed = 302 bytesProduced = 0 encryptedBuffer=[p=1248,l=1491,c=17408,r=243] unwrapBuffer=HeapByteBuffer@3dc4242d[p=0,l=0,c=17408,r=0]={<<<>>>\x14\x03\x03\x00\x01\x01`\x1d\xE3...\x00\x00\x00\x00\x00\x00\x00} appBuffer=HeapByteBuffer@3dc4242d[p=0,l=0,c=17408,r=0]={<<<>>>\x14\x03\x03\x00\x01\x01`\x1d\xE3...\x00\x00\x00\x00\x00\x00\x00}
04:06:39.722 [qtp399373008-61] DEBUG org.eclipse.jetty.io.ssl.SslConnection - fill NEED_TASK
04:06:39.722 [qtp399373008-61] DEBUG org.eclipse.jetty.io.ssl.SslConnection - fill NEED_UNWRAP
04:06:39.722 [qtp399373008-61] DEBUG org.eclipse.jetty.io.ChannelEndPoint - filled 0 HeapByteBuffer@3303dde5[p=1248,l=1491,c=17408,r=243]={\x17\x03\x03\x03\xAd\x0b\x00\x03\x88...|\x99\xCb\xD9jW\x98<<<\x17\x03\x03\x00U\x85\xD0\xB3\xEf\xE4!\xBc\xF1\xDe2\xF1\xEc6{G\xB9.;\x8bF...^\x19\x00)\xCe\x1fFfg\xB9 \n\xEf\xEd\n2]\xE1\x81B\xF0\x93\xC9>>>\xEf\\!\x8a\xA8\xA5Z\xC1\xD2...\x00\x00\x00\x00\x00\x00\x00}
04:06:39.722 [qtp399373008-61] DEBUG org.eclipse.jetty.io.ssl.SslConnection - net filled=0
04:06:39.723 [qtp399373008-61] DEBUG org.eclipse.jetty.io.ssl.SslConnection - unwrap net_filled=0 Status = OK HandshakeStatus = NEED_WRAP bytesConsumed = 90 bytesProduced = 0 encryptedBuffer=[p=1338,l=1491,c=17408,r=153] unwrapBuffer=HeapByteBuffer@3dc4242d[p=0,l=0,c=17408,r=0]={<<<>>>\x14\x03\x03\x00\x01\x01`\x1d\xE3...\x00\x00\x00\x00\x00\x00\x00} appBuffer=HeapByteBuffer@3dc4242d[p=0,l=0,c=17408,r=0]={<<<>>>\x14\x03\x03\x00\x01\x01`\x1d\xE3...\x00\x00\x00\x00\x00\x00\x00}
04:06:39.723 [qtp399373008-61] DEBUG org.eclipse.jetty.io.ssl.SslConnection - fill NEED_WRAP
04:06:39.723 [qtp399373008-61] DEBUG org.eclipse.jetty.io.ssl.SslConnection - >flush SslConnection@6ff2cf4d::SocketChannelEndPoint@2c1ea15{l=/127.0.0.1:35537,r=/127.0.0.1:60890,OPEN,fill=-,flush=-,to=1/30000}{io=0/0,kio=0,kro=1}->SslConnection@6ff2cf4d{NEED_WRAP,eio=153/-1,di=-1,fill=IDLE,flush=IDLE}~>DecryptedEndPoint@16b1f3dd{l=/127.0.0.1:35537,r=/127.0.0.1:60890,OPEN,fill=-,flush=-,to=41/30000}=>HttpConnection@74a41d38[p=HttpParser{s=START,0 of -1},g=HttpGenerator@7644e675{s=START}]=>HttpChannelOverHttp@7db289ba{s=HttpChannelState@1b2d23ef{s=IDLE rs=BLOCKING os=OPEN is=IDLE awp=false se=false i=true al=0},r=0,c=false/false,a=IDLE,uri=null,age=0}
04:06:39.723 [qtp399373008-61] DEBUG org.eclipse.jetty.io.ssl.SslConnection - flush b[0]=HeapByteBuffer@38928dbe[p=0,l=0,c=0,r=0]={<<<>>>}
04:06:39.723 [qtp399373008-61] DEBUG org.eclipse.jetty.io.ssl.SslConnection - flush NEED_WRAP
04:06:39.723 [qtp399373008-61] DEBUG org.eclipse.jetty.io.ssl.SslConnection - wrap Status = OK HandshakeStatus = FINISHED bytesConsumed = 0 bytesProduced = 88 [p=0,l=88,c=17408,r=88] ioDone=false/false
04:06:39.723 [qtp399373008-61] DEBUG org.eclipse.jetty.io.ChannelEndPoint - flushed 88 SocketChannelEndPoint@2c1ea15{l=/127.0.0.1:35537,r=/127.0.0.1:60890,OPEN,fill=-,flush=-,to=1/30000}{io=0/0,kio=0,kro=1}->SslConnection@6ff2cf4d{NOT_HANDSHAKING,eio=153/0,di=-1,fill=IDLE,flush=IDLE}~>DecryptedEndPoint@16b1f3dd{l=/127.0.0.1:35537,r=/127.0.0.1:60890,OPEN,fill=-,flush=-,to=41/30000}=>HttpConnection@74a41d38[p=HttpParser{s=START,0 of -1},g=HttpGenerator@7644e675{s=START}]=>HttpChannelOverHttp@7db289ba{s=HttpChannelState@1b2d23ef{s=IDLE rs=BLOCKING os=OPEN is=IDLE awp=false se=false i=true al=0},r=0,c=false/false,a=IDLE,uri=null,age=0}
04:06:39.723 [qtp399373008-61] DEBUG org.eclipse.jetty.io.ssl.SslConnection - net flushed=true, ac=true
04:06:39.723 [qtp399373008-61] DEBUG org.eclipse.jetty.io.ssl.SslConnection - handshake succeeded SslConnection@6ff2cf4d::SocketChannelEndPoint@2c1ea15{l=/127.0.0.1:35537,r=/127.0.0.1:60890,OPEN,fill=-,flush=-,to=0/30000}{io=0/0,kio=0,kro=1}->SslConnection@6ff2cf4d{NOT_HANDSHAKING,eio=153/0,di=-1,fill=IDLE,flush=IDLE}~>DecryptedEndPoint@16b1f3dd{l=/127.0.0.1:35537,r=/127.0.0.1:60890,OPEN,fill=-,flush=-,to=41/30000}=>HttpConnection@74a41d38[p=HttpParser{s=START,0 of -1},g=HttpGenerator@7644e675{s=START}]=>HttpChannelOverHttp@7db289ba{s=HttpChannelState@1b2d23ef{s=IDLE rs=BLOCKING os=OPEN is=IDLE awp=false se=false i=true al=0},r=0,c=false/false,a=IDLE,uri=null,age=0} resumed server TLSv1.3/TLS_AES_256_GCM_SHA384
04:06:39.723 [qtp399373008-61] DEBUG org.eclipse.jetty.io.ssl.SslConnection - <flush true SslConnection@6ff2cf4d::SocketChannelEndPoint@2c1ea15{l=/127.0.0.1:35537,r=/127.0.0.1:60890,OPEN,fill=-,flush=-,to=0/30000}{io=0/0,kio=0,kro=1}->SslConnection@6ff2cf4d{NOT_HANDSHAKING,eio=153/-1,di=-1,fill=IDLE,flush=IDLE}~>DecryptedEndPoint@16b1f3dd{l=/127.0.0.1:35537,r=/127.0.0.1:60890,OPEN,fill=-,flush=-,to=41/30000}=>HttpConnection@74a41d38[p=HttpParser{s=START,0 of -1},g=HttpGenerator@7644e675{s=START}]=>HttpChannelOverHttp@7db289ba{s=HttpChannelState@1b2d23ef{s=IDLE rs=BLOCKING os=OPEN is=IDLE awp=false se=false i=true al=0},r=0,c=false/false,a=IDLE,uri=null,age=0}
04:06:39.723 [qtp399373008-61] DEBUG org.eclipse.jetty.io.ssl.SslConnection - fill NOT_HANDSHAKING
04:06:39.723 [qtp399373008-61] DEBUG org.eclipse.jetty.io.ChannelEndPoint - filled 0 HeapByteBuffer@3303dde5[p=1338,l=1491,c=17408,r=153]={\x17\x03\x03\x03\xAd\x0b\x00\x03\x88...\xB4\xAe\xC3zy\xF1\r<<<\x17\x03\x03\x00\x94\xCb\xA7\\\xD9t\n\xE4\xD0\xFb\x0f\x90\x03D\x8aR\xCdY\x7f\xF4\xFf...^\x19\x00)\xCe\x1fFfg\xB9 \n\xEf\xEd\n2]\xE1\x81B\xF0\x93\xC9>>>\xEf\\!\x8a\xA8\xA5Z\xC1\xD2...\x00\x00\x00\x00\x00\x00\x00}
04:06:39.723 [qtp399373008-61] DEBUG org.eclipse.jetty.io.ssl.SslConnection - net filled=0
04:06:39.723 [qtp399373008-61] DEBUG org.eclipse.jetty.io.ssl.SslConnection - unwrap net_filled=0 Status = OK HandshakeStatus = NOT_HANDSHAKING bytesConsumed = 153 bytesProduced = 115 encryptedBuffer=[p=1491,l=1491,c=17408,r=0] unwrapBuffer=HeapByteBuffer@3dc4242d[p=0,l=115,c=17408,r=115]={<<<GET / HTTP/1.1\r\nHost: loc...gent: okhttp/3.12.3\r\n\r\n>>>\xFd\x1e\x82S\x84\x83\xC7\\$...\x00\x00\x00\x00\x00\x00\x00} appBuffer=HeapByteBuffer@3dc4242d[p=0,l=115,c=17408,r=115]={<<<GET / HTTP/1.1\r\nHost: loc...gent: okhttp/3.12.3\r\n\r\n>>>\xFd\x1e\x82S\x84\x83\xC7\\$...\x00\x00\x00\x00\x00\x00\x00}
04:06:39.723 [qtp399373008-61] DEBUG org.eclipse.jetty.io.ssl.SslConnection - <fill f=115 uf=false SslConnection@6ff2cf4d::SocketChannelEndPoint@2c1ea15{l=/127.0.0.1:35537,r=/127.0.0.1:60890,OPEN,fill=-,flush=-,to=0/30000}{io=0/0,kio=0,kro=1}->SslConnection@6ff2cf4d{NOT_HANDSHAKING,eio=-1/-1,di=-1,fill=IDLE,flush=IDLE}~>DecryptedEndPoint@16b1f3dd{l=/127.0.0.1:35537,r=/127.0.0.1:60890,OPEN,fill=-,flush=-,to=41/30000}=>HttpConnection@74a41d38[p=HttpParser{s=START,0 of -1},g=HttpGenerator@7644e675{s=START}]=>HttpChannelOverHttp@7db289ba{s=HttpChannelState@1b2d23ef{s=IDLE rs=BLOCKING os=OPEN is=IDLE awp=false se=false i=true al=0},r=0,c=false/false,a=IDLE,uri=null,age=0}
04:06:39.724 [qtp399373008-61] DEBUG org.eclipse.jetty.server.HttpConnection - HttpConnection@74a41d38::DecryptedEndPoint@16b1f3dd{l=/127.0.0.1:35537,r=/127.0.0.1:60890,OPEN,fill=-,flush=-,to=41/30000} filled 115 HeapByteBuffer@3dc4242d[p=0,l=115,c=17408,r=115]={<<<GET / HTTP/1.1\r\nHost: loc...gent: okhttp/3.12.3\r\n\r\n>>>\xFd\x1e\x82S\x84\x83\xC7\\$...\x00\x00\x00\x00\x00\x00\x00}
04:06:39.724 [qtp399373008-61] DEBUG org.eclipse.jetty.server.HttpConnection - HttpConnection@74a41d38::DecryptedEndPoint@16b1f3dd{l=/127.0.0.1:35537,r=/127.0.0.1:60890,OPEN,fill=-,flush=-,to=41/30000} parse HeapByteBuffer@3dc4242d[p=0,l=115,c=17408,r=115]={<<<GET / HTTP/1.1\r\nHost: loc...gent: okhttp/3.12.3\r\n\r\n>>>\xFd\x1e\x82S\x84\x83\xC7\\$...\x00\x00\x00\x00\x00\x00\x00} {}
04:06:39.724 [qtp399373008-61] DEBUG org.eclipse.jetty.http.HttpParser - parseNext s=START HeapByteBuffer@3dc4242d[p=0,l=115,c=17408,r=115]={<<<GET / HTTP/1.1\r\nHost: loc...gent: okhttp/3.12.3\r\n\r\n>>>\xFd\x1e\x82S\x84\x83\xC7\\$...\x00\x00\x00\x00\x00\x00\x00}
04:06:39.724 [qtp399373008-61] DEBUG org.eclipse.jetty.http.HttpParser - START --> SPACE1
04:06:39.724 [qtp399373008-61] DEBUG org.eclipse.jetty.http.HttpParser - SPACE1 --> URI
04:06:39.724 [qtp399373008-61] DEBUG org.eclipse.jetty.http.HttpParser - URI --> SPACE2
04:06:39.724 [qtp399373008-61] DEBUG org.eclipse.jetty.http.HttpParser - SPACE2 --> REQUEST_VERSION
04:06:39.724 [qtp399373008-61] DEBUG org.eclipse.jetty.http.HttpParser - REQUEST_VERSION --> HEADER
04:06:39.724 [qtp399373008-61] DEBUG org.eclipse.jetty.http.HttpParser - HEADER:Host --> VALUE
04:06:39.724 [qtp399373008-61] DEBUG org.eclipse.jetty.http.HttpParser - HEADER:Host --> IN_VALUE
04:06:39.724 [qtp399373008-61] DEBUG org.eclipse.jetty.http.HttpParser - HEADER:Host --> FIELD
04:06:39.724 [qtp399373008-61] DEBUG org.eclipse.jetty.http.HttpParser - HEADER:Connection: keep-alive --> IN_VALUE
04:06:39.724 [qtp399373008-61] DEBUG org.eclipse.jetty.http.HttpParser - HEADER:Connection: keep-alive --> FIELD
04:06:39.724 [qtp399373008-61] DEBUG org.eclipse.jetty.http.HttpParser - HEADER:Accept-Encoding: gzip --> IN_VALUE
04:06:39.724 [qtp399373008-61] DEBUG org.eclipse.jetty.http.HttpParser - HEADER:Accept-Encoding: gzip --> FIELD
04:06:39.724 [qtp399373008-61] DEBUG org.eclipse.jetty.http.HttpParser - HEADER:User-Agent --> VALUE
04:06:39.724 [qtp399373008-61] DEBUG org.eclipse.jetty.http.HttpParser - HEADER:User-Agent --> IN_VALUE
04:06:39.724 [qtp399373008-61] DEBUG org.eclipse.jetty.http.HttpParser - HEADER:User-Agent --> FIELD
04:06:39.724 [qtp399373008-61] DEBUG org.eclipse.jetty.http.HttpParser - HEADER --> CONTENT
04:06:39.724 [qtp399373008-61] DEBUG org.eclipse.jetty.server.HttpChannel - REQUEST for //localhost:35537/ on HttpChannelOverHttp@7db289ba{s=HttpChannelState@1b2d23ef{s=IDLE rs=BLOCKING os=OPEN is=IDLE awp=false se=false i=true al=0},r=1,c=false/false,a=IDLE,uri=//localhost:35537/,age=0}
GET //localhost:35537/ HTTP/1.1
Host: localhost:35537
Connection: keep-alive
Accept-Encoding: gzip
User-Agent: okhttp/3.12.3


04:06:39.724 [qtp399373008-61] DEBUG org.eclipse.jetty.server.HttpConnection - HttpConnection@74a41d38::DecryptedEndPoint@16b1f3dd{l=/127.0.0.1:35537,r=/127.0.0.1:60890,OPEN,fill=-,flush=-,to=42/30000} parsed true HttpParser{s=CONTENT,0 of -1}
04:06:39.724 [qtp399373008-61] DEBUG org.eclipse.jetty.server.HttpConnection - releaseRequestBuffer HttpConnection@74a41d38::DecryptedEndPoint@16b1f3dd{l=/127.0.0.1:35537,r=/127.0.0.1:60890,OPEN,fill=-,flush=-,to=42/30000}
04:06:39.724 [qtp399373008-61] DEBUG org.eclipse.jetty.server.HttpChannel - handle //localhost:35537/ HttpChannelOverHttp@7db289ba{s=HttpChannelState@1b2d23ef{s=IDLE rs=BLOCKING os=OPEN is=IDLE awp=false se=false i=true al=0},r=1,c=false/false,a=IDLE,uri=//localhost:35537/,age=0} 
04:06:39.724 [qtp399373008-61] DEBUG org.eclipse.jetty.server.HttpChannelState - handling HttpChannelState@1b2d23ef{s=IDLE rs=BLOCKING os=OPEN is=IDLE awp=false se=false i=true al=0}
04:06:39.724 [qtp399373008-61] DEBUG org.eclipse.jetty.server.HttpChannel - action DISPATCH HttpChannelOverHttp@7db289ba{s=HttpChannelState@1b2d23ef{s=HANDLING rs=BLOCKING os=OPEN is=IDLE awp=false se=false i=true al=0},r=1,c=false/false,a=HANDLING,uri=//localhost:35537/,age=0}
04:06:39.724 [qtp399373008-61] DEBUG org.eclipse.jetty.server.SecureRequestCustomizer - Host localhost with SNI null
04:06:39.724 [qtp399373008-61] DEBUG org.eclipse.jetty.server.Server - REQUEST GET / on HttpChannelOverHttp@7db289ba{s=HttpChannelState@1b2d23ef{s=HANDLING rs=BLOCKING os=OPEN is=IDLE awp=false se=false i=true al=0},r=1,c=false/false,a=HANDLING,uri=https://localhost:35537/,age=0}
04:06:39.724 [qtp399373008-61] DEBUG org.eclipse.jetty.server.HttpOutput - write(array HeapByteBuffer@68d9fd20[p=0,l=4,c=512,r=4]={<<<test>>>\x00\x00\x00\x00\x00\x00\x00\x00\x00...\x00\x00\x00\x00\x00\x00\x00})
04:06:39.724 [qtp399373008-61] DEBUG org.eclipse.jetty.server.HttpOutput - write(array) s=CLOSING,api=BLOCKED,sc=false,e=null last=true agg=false flush=true async=false, len=4 null
04:06:39.724 [qtp399373008-61] DEBUG org.eclipse.jetty.server.HttpChannel - sendResponse info=null content=HeapByteBuffer@84b705[p=0,l=4,c=512,r=4]={<<<test>>>\x00\x00\x00\x00\x00\x00\x00\x00\x00...\x00\x00\x00\x00\x00\x00\x00} complete=true committing=true callback=Blocker@5765cc85{null}
04:06:39.724 [qtp399373008-61] DEBUG org.eclipse.jetty.server.HttpChannel - COMMIT for / on HttpChannelOverHttp@7db289ba{s=HttpChannelState@1b2d23ef{s=HANDLING rs=BLOCKING os=COMMITTED is=IDLE awp=false se=false i=true al=0},r=1,c=false/false,a=HANDLING,uri=https://localhost:35537/,age=0}
200 null HTTP/1.1
Date: Thu, 02 May 2024 03:06:39 GMT
ETag: testEtag
Content-Type: text/plain;charset=utf-8
Content-Length: 4


04:06:39.724 [qtp399373008-61] DEBUG org.eclipse.jetty.server.HttpConnection - generate: NEED_HEADER for SendCallback@bb26bad[PROCESSING][i=HTTP/1.1{s=200,h=4,cl=4},cb=org.eclipse.jetty.server.HttpChannel$SendCallback@2c25a706] (null,[p=0,l=4,c=512,r=4],true)@START
04:06:39.724 [qtp399373008-61] DEBUG org.eclipse.jetty.http.HttpGenerator - generateHeaders HTTP/1.1{s=200,h=4,cl=4} last=true content=HeapByteBuffer@84b705[p=0,l=4,c=512,r=4]={<<<test>>>\x00\x00\x00\x00\x00\x00\x00\x00\x00...\x00\x00\x00\x00\x00\x00\x00}
04:06:39.724 [qtp399373008-61] DEBUG org.eclipse.jetty.http.HttpGenerator - Date: Thu, 02 May 2024 03:06:39 GMT
ETag: testEtag
Content-Type: text/plain;charset=utf-8
Content-Length: 4


04:06:39.724 [qtp399373008-61] DEBUG org.eclipse.jetty.http.HttpGenerator - CONTENT_LENGTH
04:06:39.724 [qtp399373008-61] DEBUG org.eclipse.jetty.server.HttpConnection - generate: FLUSH for SendCallback@bb26bad[PROCESSING][i=HTTP/1.1{s=200,h=4,cl=4},cb=org.eclipse.jetty.server.HttpChannel$SendCallback@2c25a706] ([p=0,l=164,c=8192,r=164],[p=0,l=4,c=512,r=4],true)@COMPLETING
04:06:39.724 [qtp399373008-61] DEBUG org.eclipse.jetty.io.WriteFlusher - write: WriteFlusher@9bc1118{IDLE}->null [HeapByteBuffer@341ac865[p=0,l=164,c=8192,r=164]={<<<HTTP/1.1 200 OK\r\nDate: Th...y(9.4.44.v20210927)\r\n\r\n>>>\n\r\n\x00\x00\x00\x00\x00\x00...\x00\x00\x00\x00\x00\x00\x00},HeapByteBuffer@84b705[p=0,l=4,c=512,r=4]={<<<test>>>\x00\x00\x00\x00\x00\x00\x00\x00\x00...\x00\x00\x00\x00\x00\x00\x00}]
04:06:39.724 [qtp399373008-61] DEBUG org.eclipse.jetty.io.WriteFlusher - update WriteFlusher@9bc1118{WRITING}->null:IDLE-->WRITING
04:06:39.724 [qtp399373008-61] DEBUG org.eclipse.jetty.io.ssl.SslConnection - >flush SslConnection@6ff2cf4d::SocketChannelEndPoint@2c1ea15{l=/127.0.0.1:35537,r=/127.0.0.1:60890,OPEN,fill=-,flush=-,to=1/30000}{io=0/0,kio=0,kro=1}->SslConnection@6ff2cf4d{NOT_HANDSHAKING,eio=-1/-1,di=-1,fill=IDLE,flush=IDLE}~>DecryptedEndPoint@16b1f3dd{l=/127.0.0.1:35537,r=/127.0.0.1:60890,OPEN,fill=-,flush=W,to=42/30000}=>HttpConnection@74a41d38[p=HttpParser{s=CONTENT,0 of -1},g=HttpGenerator@7644e675{s=COMPLETING}]=>HttpChannelOverHttp@7db289ba{s=HttpChannelState@1b2d23ef{s=HANDLING rs=BLOCKING os=COMMITTED is=IDLE awp=false se=false i=true al=0},r=1,c=false/false,a=HANDLING,uri=https://localhost:35537/,age=0}
04:06:39.724 [qtp399373008-61] DEBUG org.eclipse.jetty.io.ssl.SslConnection - flush b[0]=HeapByteBuffer@341ac865[p=0,l=164,c=8192,r=164]={<<<HTTP/1.1 200 OK\r\nDate: Th...y(9.4.44.v20210927)\r\n\r\n>>>\n\r\n\x00\x00\x00\x00\x00\x00...\x00\x00\x00\x00\x00\x00\x00}
04:06:39.724 [qtp399373008-61] DEBUG org.eclipse.jetty.io.ssl.SslConnection - flush b[1]=HeapByteBuffer@84b705[p=0,l=4,c=512,r=4]={<<<test>>>\x00\x00\x00\x00\x00\x00\x00\x00\x00...\x00\x00\x00\x00\x00\x00\x00}
04:06:39.724 [qtp399373008-61] DEBUG org.eclipse.jetty.io.ssl.SslConnection - flush NOT_HANDSHAKING
04:06:39.724 [qtp399373008-61] DEBUG org.eclipse.jetty.io.ssl.SslConnection - wrap Status = OK HandshakeStatus = NOT_HANDSHAKING bytesConsumed = 168 bytesProduced = 206 [p=0,l=206,c=17408,r=206] ioDone=false/false
04:06:39.725 [qtp399373008-61] DEBUG org.eclipse.jetty.io.ChannelEndPoint - flushed 206 SocketChannelEndPoint@2c1ea15{l=/127.0.0.1:35537,r=/127.0.0.1:60890,OPEN,fill=-,flush=-,to=1/30000}{io=0/0,kio=0,kro=1}->SslConnection@6ff2cf4d{NOT_HANDSHAKING,eio=-1/0,di=-1,fill=IDLE,flush=IDLE}~>DecryptedEndPoint@16b1f3dd{l=/127.0.0.1:35537,r=/127.0.0.1:60890,OPEN,fill=-,flush=W,to=42/30000}=>HttpConnection@74a41d38[p=HttpParser{s=CONTENT,0 of -1},g=HttpGenerator@7644e675{s=COMPLETING}]=>HttpChannelOverHttp@7db289ba{s=HttpChannelState@1b2d23ef{s=HANDLING rs=BLOCKING os=COMMITTED is=IDLE awp=false se=false i=true al=0},r=1,c=false/false,a=HANDLING,uri=https://localhost:35537/,age=1}
04:06:39.725 [qtp399373008-61] DEBUG org.eclipse.jetty.io.ssl.SslConnection - net flushed=true, ac=true
04:06:39.725 [qtp399373008-61] DEBUG org.eclipse.jetty.io.ssl.SslConnection - <flush true SslConnection@6ff2cf4d::SocketChannelEndPoint@2c1ea15{l=/127.0.0.1:35537,r=/127.0.0.1:60890,OPEN,fill=-,flush=-,to=0/30000}{io=0/0,kio=0,kro=1}->SslConnection@6ff2cf4d{NOT_HANDSHAKING,eio=-1/-1,di=-1,fill=IDLE,flush=IDLE}~>DecryptedEndPoint@16b1f3dd{l=/127.0.0.1:35537,r=/127.0.0.1:60890,OPEN,fill=-,flush=W,to=43/30000}=>HttpConnection@74a41d38[p=HttpParser{s=CONTENT,0 of -1},g=HttpGenerator@7644e675{s=COMPLETING}]=>HttpChannelOverHttp@7db289ba{s=HttpChannelState@1b2d23ef{s=HANDLING rs=BLOCKING os=COMMITTED is=IDLE awp=false se=false i=true al=0},r=1,c=false/false,a=HANDLING,uri=https://localhost:35537/,age=1}
04:06:39.725 [main] DEBUG org.apache.nifi.minifi.bootstrap.configuration.ingestors.PullHttpChangeIngestor - Response received: Response{protocol=http/1.1, code=200, message=OK, url=https://localhost:35537/}
04:06:39.725 [qtp399373008-61] DEBUG org.eclipse.jetty.io.WriteFlusher - Flushed=true written=168 remaining=0 WriteFlusher@9bc1118{WRITING}->null
04:06:39.725 [qtp399373008-61] DEBUG org.eclipse.jetty.io.WriteFlusher - update WriteFlusher@9bc1118{IDLE}->null:WRITING-->IDLE
04:06:39.725 [qtp399373008-61] DEBUG org.eclipse.jetty.server.HttpConnection - generate: DONE for SendCallback@bb26bad[PROCESSING][i=HTTP/1.1{s=200,h=4,cl=4},cb=org.eclipse.jetty.server.HttpChannel$SendCallback@2c25a706] ([p=164,l=164,c=8192,r=0],[p=4,l=4,c=512,r=0],true)@END
04:06:39.725 [qtp399373008-61] DEBUG org.eclipse.jetty.server.HttpOutput - onWriteComplete(true,null) s=CLOSING,api=BLOCKED,sc=false,e=null->s=CLOSED,api=BLOCKING,sc=false,e=null c=null cb=null w=false
04:06:39.725 [qtp399373008-61] DEBUG org.eclipse.jetty.server.HttpOutput - close() s=CLOSED,api=BLOCKING,sc=false,e=null c=null b=null
04:06:39.725 [main] DEBUG org.apache.nifi.minifi.bootstrap.configuration.ingestors.PullHttpChangeIngestor - Pulled config same as currently running.
04:06:39.725 [qtp399373008-61] DEBUG org.eclipse.jetty.server.Server - handled=true async=false committed=true on HttpChannelOverHttp@7db289ba{s=HttpChannelState@1b2d23ef{s=HANDLING rs=BLOCKING os=COMPLETED is=IDLE awp=false se=false i=true al=0},r=1,c=false/true,a=HANDLING,uri=https://localhost:35537/,age=1}
04:06:39.725 [qtp399373008-61] DEBUG org.eclipse.jetty.server.HttpChannelState - unhandle HttpChannelState@1b2d23ef{s=HANDLING rs=BLOCKING os=COMPLETED is=IDLE awp=false se=false i=true al=0}
04:06:39.725 [qtp399373008-61] DEBUG org.eclipse.jetty.server.HttpChannelState - nextAction(false) COMPLETE HttpChannelState@1b2d23ef{s=HANDLING rs=COMPLETING os=COMPLETED is=IDLE awp=false se=false i=false al=0}
04:06:39.725 [qtp399373008-61] DEBUG org.eclipse.jetty.server.HttpChannel - action COMPLETE HttpChannelOverHttp@7db289ba{s=HttpChannelState@1b2d23ef{s=HANDLING rs=COMPLETING os=COMPLETED is=IDLE awp=false se=false i=false al=0},r=1,c=false/true,a=HANDLING,uri=https://localhost:35537/,age=1}
04:06:39.725 [qtp399373008-61] DEBUG org.eclipse.jetty.server.HttpOutput - complete(org.eclipse.jetty.util.Callback$3@70c4f54e) s=CLOSED,api=BLOCKING,sc=false,e=null s=true e=null, c=null
04:06:39.725 [qtp399373008-61] DEBUG org.eclipse.jetty.server.HttpChannelState - completed HttpChannelState@1b2d23ef{s=HANDLING rs=COMPLETING os=COMPLETED is=IDLE awp=false se=false i=false al=0}
04:06:39.725 [qtp399373008-61] DEBUG org.eclipse.jetty.server.HttpChannelState - unhandle HttpChannelState@1b2d23ef{s=HANDLING rs=COMPLETED os=COMPLETED is=IDLE awp=false se=false i=false al=0}
04:06:39.725 [qtp399373008-61] DEBUG org.eclipse.jetty.server.HttpChannelState - nextAction(false) TERMINATED HttpChannelState@1b2d23ef{s=IDLE rs=COMPLETED os=COMPLETED is=IDLE awp=false se=false i=false al=0}
04:06:39.725 [qtp399373008-61] DEBUG org.eclipse.jetty.server.HttpChannel - action TERMINATED HttpChannelOverHttp@7db289ba{s=HttpChannelState@1b2d23ef{s=IDLE rs=COMPLETED os=COMPLETED is=IDLE awp=false se=false i=false al=0},r=1,c=true/true,a=IDLE,uri=https://localhost:35537/,age=1}
04:06:39.725 [qtp399373008-61] DEBUG org.eclipse.jetty.server.HttpChannel - onCompleted for / written=4
]]></system-out>
  </testcase>
  <testcase name="testNoUpdateWithPath" classname="org.apache.nifi.minifi.bootstrap.configuration.ingestors.PullHttpChangeIngestorSSLTest" time="0.065">
    <system-out><![CDATA[04:06:39.725 [qtp399373008-61] DEBUG org.eclipse.jetty.io.ssl.SslConnection - >fill SslConnection@6ff2cf4d::SocketChannelEndPoint@2c1ea15{l=/127.0.0.1:35537,r=/127.0.0.1:60890,OPEN,fill=-,flush=-,to=0/30000}{io=0/0,kio=0,kro=1}->SslConnection@6ff2cf4d{NOT_HANDSHAKING,eio=-1/-1,di=-1,fill=IDLE,flush=IDLE}~>DecryptedEndPoint@16b1f3dd{l=/127.0.0.1:35537,r=/127.0.0.1:60890,OPEN,fill=-,flush=-,to=43/30000}=>HttpConnection@74a41d38[p=HttpParser{s=CONTENT,0 of -1},g=HttpGenerator@7644e675{s=END}]=>HttpChannelOverHttp@7db289ba{s=HttpChannelState@1b2d23ef{s=IDLE rs=COMPLETED os=COMPLETED is=IDLE awp=false se=false i=false al=0},r=1,c=true/true,a=IDLE,uri=https://localhost:35537/,age=1}
04:06:39.725 [qtp399373008-61] DEBUG org.eclipse.jetty.io.ssl.SslConnection - fill NOT_HANDSHAKING
04:06:39.725 [qtp399373008-61] DEBUG org.eclipse.jetty.io.ChannelEndPoint - filled 0 HeapByteBuffer@3dc4242d[p=0,l=0,c=17408,r=0]={<<<>>>GET / HTT...\x00\x00\x00\x00\x00\x00\x00}
04:06:39.725 [qtp399373008-61] DEBUG org.eclipse.jetty.io.ssl.SslConnection - net filled=0
04:06:39.725 [qtp399373008-61] DEBUG org.eclipse.jetty.io.ssl.SslConnection - unwrap net_filled=0 Status = BUFFER_UNDERFLOW HandshakeStatus = NOT_HANDSHAKING bytesConsumed = 0 bytesProduced = 0 encryptedBuffer=[p=0,l=0,c=17408,r=0] unwrapBuffer=HeapByteBuffer@3303dde5[p=0,l=0,c=17408,r=0]={<<<>>>\x17\x03\x03\x03\xAd\x0b\x00\x03\x88...\x00\x00\x00\x00\x00\x00\x00} appBuffer=HeapByteBuffer@3303dde5[p=0,l=0,c=17408,r=0]={<<<>>>\x17\x03\x03\x03\xAd\x0b\x00\x03\x88...\x00\x00\x00\x00\x00\x00\x00}
04:06:39.725 [qtp399373008-61] DEBUG org.eclipse.jetty.io.ssl.SslConnection - <fill f=0 uf=true SslConnection@6ff2cf4d::SocketChannelEndPoint@2c1ea15{l=/127.0.0.1:35537,r=/127.0.0.1:60890,OPEN,fill=-,flush=-,to=0/30000}{io=0/0,kio=0,kro=1}->SslConnection@6ff2cf4d{NOT_HANDSHAKING,eio=-1/-1,di=-1,fill=IDLE,flush=IDLE}~>DecryptedEndPoint@16b1f3dd{l=/127.0.0.1:35537,r=/127.0.0.1:60890,OPEN,fill=-,flush=-,to=43/30000}=>HttpConnection@74a41d38[p=HttpParser{s=CONTENT,0 of -1},g=HttpGenerator@7644e675{s=END}]=>HttpChannelOverHttp@7db289ba{s=HttpChannelState@1b2d23ef{s=IDLE rs=COMPLETED os=COMPLETED is=IDLE awp=false se=false i=false al=0},r=1,c=true/true,a=IDLE,uri=https://localhost:35537/,age=1}
04:06:39.726 [qtp399373008-61] DEBUG org.eclipse.jetty.io.ssl.SslConnection - >fill SslConnection@6ff2cf4d::SocketChannelEndPoint@2c1ea15{l=/127.0.0.1:35537,r=/127.0.0.1:60890,OPEN,fill=-,flush=-,to=0/30000}{io=0/0,kio=0,kro=1}->SslConnection@6ff2cf4d{NOT_HANDSHAKING,eio=-1/-1,di=-1,fill=IDLE,flush=IDLE}~>DecryptedEndPoint@16b1f3dd{l=/127.0.0.1:35537,r=/127.0.0.1:60890,OPEN,fill=-,flush=-,to=43/30000}=>HttpConnection@74a41d38[p=HttpParser{s=CONTENT,0 of -1},g=HttpGenerator@7644e675{s=END}]=>HttpChannelOverHttp@7db289ba{s=HttpChannelState@1b2d23ef{s=IDLE rs=COMPLETED os=COMPLETED is=IDLE awp=false se=false i=false al=0},r=1,c=true/true,a=IDLE,uri=https://localhost:35537/,age=1}
04:06:39.726 [qtp399373008-61] DEBUG org.eclipse.jetty.io.ssl.SslConnection - fill NOT_HANDSHAKING
04:06:39.726 [qtp399373008-61] DEBUG org.eclipse.jetty.io.ChannelEndPoint - filled 0 HeapByteBuffer@373c4f5d[p=0,l=0,c=17408,r=0]={<<<>>>\x17\x03\x03\x00\xC9\xCen\xC5\xFf...\x00\x00\x00\x00\x00\x00\x00}
04:06:39.726 [qtp399373008-61] DEBUG org.eclipse.jetty.io.ssl.SslConnection - net filled=0
04:06:39.726 [qtp399373008-61] DEBUG org.eclipse.jetty.io.ssl.SslConnection - unwrap net_filled=0 Status = BUFFER_UNDERFLOW HandshakeStatus = NOT_HANDSHAKING bytesConsumed = 0 bytesProduced = 0 encryptedBuffer=[p=0,l=0,c=17408,r=0] unwrapBuffer=HeapByteBuffer@3303dde5[p=0,l=0,c=17408,r=0]={<<<>>>\x17\x03\x03\x03\xAd\x0b\x00\x03\x88...\x00\x00\x00\x00\x00\x00\x00} appBuffer=HeapByteBuffer@3303dde5[p=0,l=0,c=17408,r=0]={<<<>>>\x17\x03\x03\x03\xAd\x0b\x00\x03\x88...\x00\x00\x00\x00\x00\x00\x00}
04:06:39.726 [qtp399373008-61] DEBUG org.eclipse.jetty.io.ssl.SslConnection - <fill f=0 uf=true SslConnection@6ff2cf4d::SocketChannelEndPoint@2c1ea15{l=/127.0.0.1:35537,r=/127.0.0.1:60890,OPEN,fill=-,flush=-,to=0/30000}{io=0/0,kio=0,kro=1}->SslConnection@6ff2cf4d{NOT_HANDSHAKING,eio=-1/-1,di=-1,fill=IDLE,flush=IDLE}~>DecryptedEndPoint@16b1f3dd{l=/127.0.0.1:35537,r=/127.0.0.1:60890,OPEN,fill=-,flush=-,to=43/30000}=>HttpConnection@74a41d38[p=HttpParser{s=CONTENT,0 of -1},g=HttpGenerator@7644e675{s=END}]=>HttpChannelOverHttp@7db289ba{s=HttpChannelState@1b2d23ef{s=IDLE rs=COMPLETED os=COMPLETED is=IDLE awp=false se=false i=false al=0},r=1,c=true/true,a=IDLE,uri=https://localhost:35537/,age=2}
04:06:39.726 [qtp399373008-61] DEBUG org.eclipse.jetty.server.HttpConnection - HttpConnection@74a41d38::DecryptedEndPoint@16b1f3dd{l=/127.0.0.1:35537,r=/127.0.0.1:60890,OPEN,fill=-,flush=-,to=43/30000} filled 0 HeapByteBuffer@3303dde5[p=0,l=0,c=17408,r=0]={<<<>>>\x17\x03\x03\x03\xAd\x0b\x00\x03\x88...\x00\x00\x00\x00\x00\x00\x00}
04:06:39.726 [qtp399373008-61] DEBUG org.eclipse.jetty.server.HttpConnection - HttpConnection@74a41d38::DecryptedEndPoint@16b1f3dd{l=/127.0.0.1:35537,r=/127.0.0.1:60890,OPEN,fill=-,flush=-,to=43/30000} parse HeapByteBuffer@3303dde5[p=0,l=0,c=17408,r=0]={<<<>>>\x17\x03\x03\x03\xAd\x0b\x00\x03\x88...\x00\x00\x00\x00\x00\x00\x00} {}
04:06:39.726 [qtp399373008-61] DEBUG org.eclipse.jetty.http.HttpParser - parseNext s=CONTENT HeapByteBuffer@3303dde5[p=0,l=0,c=17408,r=0]={<<<>>>\x17\x03\x03\x03\xAd\x0b\x00\x03\x88...\x00\x00\x00\x00\x00\x00\x00}
04:06:39.726 [qtp399373008-61] DEBUG org.eclipse.jetty.http.HttpParser - CONTENT --> CONTENT_END
04:06:39.726 [qtp399373008-61] DEBUG org.eclipse.jetty.server.HttpChannel - onContentComplete HttpChannelOverHttp@7db289ba{s=HttpChannelState@1b2d23ef{s=IDLE rs=COMPLETED os=COMPLETED is=IDLE awp=false se=false i=false al=0},r=1,c=true/true,a=IDLE,uri=https://localhost:35537/,age=2}
04:06:39.726 [qtp399373008-61] DEBUG org.eclipse.jetty.http.HttpParser - CONTENT_END --> END
04:06:39.726 [qtp399373008-61] DEBUG org.eclipse.jetty.server.HttpChannel - onRequestComplete HttpChannelOverHttp@7db289ba{s=HttpChannelState@1b2d23ef{s=IDLE rs=COMPLETED os=COMPLETED is=IDLE awp=false se=false i=false al=0},r=1,c=true/true,a=IDLE,uri=https://localhost:35537/,age=2}
04:06:39.726 [qtp399373008-61] DEBUG org.eclipse.jetty.server.HttpInput - HttpInputOverHTTP@68b317f8[c=0,q=0,[0]=null,s=STREAM] addContent EOF
04:06:39.726 [qtp399373008-61] DEBUG org.eclipse.jetty.server.HttpConnection - HttpConnection@74a41d38::DecryptedEndPoint@16b1f3dd{l=/127.0.0.1:35537,r=/127.0.0.1:60890,OPEN,fill=-,flush=-,to=44/30000} parsed false HttpParser{s=END,0 of -1}
04:06:39.726 [qtp399373008-61] DEBUG org.eclipse.jetty.server.HttpConnection - releaseRequestBuffer HttpConnection@74a41d38::DecryptedEndPoint@16b1f3dd{l=/127.0.0.1:35537,r=/127.0.0.1:60890,OPEN,fill=-,flush=-,to=44/30000}
04:06:39.726 [qtp399373008-61] DEBUG org.eclipse.jetty.server.HttpChannelState - recycle HttpChannelState@1b2d23ef{s=IDLE rs=COMPLETED os=COMPLETED is=IDLE awp=false se=false i=false al=0}
04:06:39.726 [qtp399373008-61] DEBUG org.eclipse.jetty.http.HttpParser - reset HttpParser{s=END,0 of -1}
04:06:39.726 [qtp399373008-61] DEBUG org.eclipse.jetty.http.HttpParser - END --> START
04:06:39.726 [qtp399373008-61] DEBUG org.eclipse.jetty.server.HttpChannel - !handle TERMINATED HttpChannelOverHttp@7db289ba{s=HttpChannelState@1b2d23ef{s=IDLE rs=BLOCKING os=OPEN is=IDLE awp=false se=false i=true al=0},r=1,c=false/false,a=IDLE,uri=null,age=0}
04:06:39.726 [qtp399373008-61] DEBUG org.eclipse.jetty.io.ssl.SslConnection - >fill SslConnection@6ff2cf4d::SocketChannelEndPoint@2c1ea15{l=/127.0.0.1:35537,r=/127.0.0.1:60890,OPEN,fill=-,flush=-,to=1/30000}{io=0/0,kio=0,kro=1}->SslConnection@6ff2cf4d{NOT_HANDSHAKING,eio=-1/-1,di=-1,fill=IDLE,flush=IDLE}~>DecryptedEndPoint@16b1f3dd{l=/127.0.0.1:35537,r=/127.0.0.1:60890,OPEN,fill=-,flush=-,to=44/30000}=>HttpConnection@74a41d38[p=HttpParser{s=START,0 of -1},g=HttpGenerator@7644e675{s=START}]=>HttpChannelOverHttp@7db289ba{s=HttpChannelState@1b2d23ef{s=IDLE rs=BLOCKING os=OPEN is=IDLE awp=false se=false i=true al=0},r=1,c=false/false,a=IDLE,uri=null,age=0}
04:06:39.726 [qtp399373008-61] DEBUG org.eclipse.jetty.io.ssl.SslConnection - fill NOT_HANDSHAKING
04:06:39.726 [qtp399373008-61] DEBUG org.eclipse.jetty.io.ChannelEndPoint - filled 0 HeapByteBuffer@373c4f5d[p=0,l=0,c=17408,r=0]={<<<>>>\x17\x03\x03\x00\xC9\xCen\xC5\xFf...\x00\x00\x00\x00\x00\x00\x00}
04:06:39.726 [qtp399373008-61] DEBUG org.eclipse.jetty.io.ssl.SslConnection - net filled=0
04:06:39.726 [qtp399373008-61] DEBUG org.eclipse.jetty.io.ssl.SslConnection - unwrap net_filled=0 Status = BUFFER_UNDERFLOW HandshakeStatus = NOT_HANDSHAKING bytesConsumed = 0 bytesProduced = 0 encryptedBuffer=[p=0,l=0,c=17408,r=0] unwrapBuffer=HeapByteBuffer@3dc4242d[p=0,l=0,c=17408,r=0]={<<<>>>GET / HTT...\x00\x00\x00\x00\x00\x00\x00} appBuffer=HeapByteBuffer@3dc4242d[p=0,l=0,c=17408,r=0]={<<<>>>GET / HTT...\x00\x00\x00\x00\x00\x00\x00}
04:06:39.726 [qtp399373008-61] DEBUG org.eclipse.jetty.io.ssl.SslConnection - <fill f=0 uf=true SslConnection@6ff2cf4d::SocketChannelEndPoint@2c1ea15{l=/127.0.0.1:35537,r=/127.0.0.1:60890,OPEN,fill=-,flush=-,to=1/30000}{io=0/0,kio=0,kro=1}->SslConnection@6ff2cf4d{NOT_HANDSHAKING,eio=-1/-1,di=-1,fill=IDLE,flush=IDLE}~>DecryptedEndPoint@16b1f3dd{l=/127.0.0.1:35537,r=/127.0.0.1:60890,OPEN,fill=-,flush=-,to=44/30000}=>HttpConnection@74a41d38[p=HttpParser{s=START,0 of -1},g=HttpGenerator@7644e675{s=START}]=>HttpChannelOverHttp@7db289ba{s=HttpChannelState@1b2d23ef{s=IDLE rs=BLOCKING os=OPEN is=IDLE awp=false se=false i=true al=0},r=1,c=false/false,a=IDLE,uri=null,age=0}
04:06:39.726 [qtp399373008-61] DEBUG org.eclipse.jetty.io.ssl.SslConnection - >fill SslConnection@6ff2cf4d::SocketChannelEndPoint@2c1ea15{l=/127.0.0.1:35537,r=/127.0.0.1:60890,OPEN,fill=-,flush=-,to=1/30000}{io=0/0,kio=0,kro=1}->SslConnection@6ff2cf4d{NOT_HANDSHAKING,eio=-1/-1,di=-1,fill=IDLE,flush=IDLE}~>DecryptedEndPoint@16b1f3dd{l=/127.0.0.1:35537,r=/127.0.0.1:60890,OPEN,fill=-,flush=-,to=44/30000}=>HttpConnection@74a41d38[p=HttpParser{s=START,0 of -1},g=HttpGenerator@7644e675{s=START}]=>HttpChannelOverHttp@7db289ba{s=HttpChannelState@1b2d23ef{s=IDLE rs=BLOCKING os=OPEN is=IDLE awp=false se=false i=true al=0},r=1,c=false/false,a=IDLE,uri=null,age=0}
04:06:39.726 [qtp399373008-61] DEBUG org.eclipse.jetty.io.ssl.SslConnection - fill NOT_HANDSHAKING
04:06:39.726 [qtp399373008-61] DEBUG org.eclipse.jetty.io.ChannelEndPoint - filled 0 HeapByteBuffer@3303dde5[p=0,l=0,c=17408,r=0]={<<<>>>\x17\x03\x03\x03\xAd\x0b\x00\x03\x88...\x00\x00\x00\x00\x00\x00\x00}
04:06:39.726 [qtp399373008-61] DEBUG org.eclipse.jetty.io.ssl.SslConnection - net filled=0
04:06:39.726 [qtp399373008-61] DEBUG org.eclipse.jetty.io.ssl.SslConnection - unwrap net_filled=0 Status = BUFFER_UNDERFLOW HandshakeStatus = NOT_HANDSHAKING bytesConsumed = 0 bytesProduced = 0 encryptedBuffer=[p=0,l=0,c=17408,r=0] unwrapBuffer=HeapByteBuffer@3dc4242d[p=0,l=0,c=17408,r=0]={<<<>>>GET / HTT...\x00\x00\x00\x00\x00\x00\x00} appBuffer=HeapByteBuffer@3dc4242d[p=0,l=0,c=17408,r=0]={<<<>>>GET / HTT...\x00\x00\x00\x00\x00\x00\x00}
04:06:39.726 [qtp399373008-61] DEBUG org.eclipse.jetty.io.ssl.SslConnection - <fill f=0 uf=true SslConnection@6ff2cf4d::SocketChannelEndPoint@2c1ea15{l=/127.0.0.1:35537,r=/127.0.0.1:60890,OPEN,fill=-,flush=-,to=1/30000}{io=0/0,kio=0,kro=1}->SslConnection@6ff2cf4d{NOT_HANDSHAKING,eio=-1/-1,di=-1,fill=IDLE,flush=IDLE}~>DecryptedEndPoint@16b1f3dd{l=/127.0.0.1:35537,r=/127.0.0.1:60890,OPEN,fill=-,flush=-,to=44/30000}=>HttpConnection@74a41d38[p=HttpParser{s=START,0 of -1},g=HttpGenerator@7644e675{s=START}]=>HttpChannelOverHttp@7db289ba{s=HttpChannelState@1b2d23ef{s=IDLE rs=BLOCKING os=OPEN is=IDLE awp=false se=false i=true al=0},r=1,c=false/false,a=IDLE,uri=null,age=0}
04:06:39.726 [qtp399373008-61] DEBUG org.eclipse.jetty.server.HttpConnection - HttpConnection@74a41d38::DecryptedEndPoint@16b1f3dd{l=/127.0.0.1:35537,r=/127.0.0.1:60890,OPEN,fill=-,flush=-,to=44/30000} filled 0 HeapByteBuffer@3dc4242d[p=0,l=0,c=17408,r=0]={<<<>>>GET / HTT...\x00\x00\x00\x00\x00\x00\x00}
04:06:39.726 [qtp399373008-61] DEBUG org.eclipse.jetty.server.HttpConnection - HttpConnection@74a41d38::DecryptedEndPoint@16b1f3dd{l=/127.0.0.1:35537,r=/127.0.0.1:60890,OPEN,fill=-,flush=-,to=44/30000} parse HeapByteBuffer@3dc4242d[p=0,l=0,c=17408,r=0]={<<<>>>GET / HTT...\x00\x00\x00\x00\x00\x00\x00} {}
04:06:39.726 [qtp399373008-61] DEBUG org.eclipse.jetty.http.HttpParser - parseNext s=START HeapByteBuffer@3dc4242d[p=0,l=0,c=17408,r=0]={<<<>>>GET / HTT...\x00\x00\x00\x00\x00\x00\x00}
04:06:39.726 [qtp399373008-61] DEBUG org.eclipse.jetty.server.HttpConnection - HttpConnection@74a41d38::DecryptedEndPoint@16b1f3dd{l=/127.0.0.1:35537,r=/127.0.0.1:60890,OPEN,fill=-,flush=-,to=44/30000} parsed false HttpParser{s=START,0 of -1}
04:06:39.727 [qtp399373008-61] DEBUG org.eclipse.jetty.server.HttpConnection - releaseRequestBuffer HttpConnection@74a41d38::DecryptedEndPoint@16b1f3dd{l=/127.0.0.1:35537,r=/127.0.0.1:60890,OPEN,fill=-,flush=-,to=44/30000}
04:06:39.727 [qtp399373008-61] DEBUG org.eclipse.jetty.io.AbstractConnection - fillInterested HttpConnection@74a41d38::DecryptedEndPoint@16b1f3dd{l=/127.0.0.1:35537,r=/127.0.0.1:60890,OPEN,fill=-,flush=-,to=44/30000}
04:06:39.727 [qtp399373008-61] DEBUG org.eclipse.jetty.io.FillInterest - interested FillInterest@225d7858{AC.ReadCB@74a41d38{HttpConnection@74a41d38::DecryptedEndPoint@16b1f3dd{l=/127.0.0.1:35537,r=/127.0.0.1:60890,OPEN,fill=FI,flush=-,to=0/30000}}}
04:06:39.727 [qtp399373008-61] DEBUG org.eclipse.jetty.io.ssl.SslConnection - >needFillInterest s=IDLE/IDLE uf=true ei=null di=null SslConnection@6ff2cf4d::SocketChannelEndPoint@2c1ea15{l=/127.0.0.1:35537,r=/127.0.0.1:60890,OPEN,fill=-,flush=-,to=1/30000}{io=0/0,kio=0,kro=1}->SslConnection@6ff2cf4d{NOT_HANDSHAKING,eio=-1/-1,di=-1,fill=IDLE,flush=IDLE}~>DecryptedEndPoint@16b1f3dd{l=/127.0.0.1:35537,r=/127.0.0.1:60890,OPEN,fill=FI,flush=-,to=0/30000}=>HttpConnection@74a41d38[p=HttpParser{s=START,0 of -1},g=HttpGenerator@7644e675{s=START}]=>HttpChannelOverHttp@7db289ba{s=HttpChannelState@1b2d23ef{s=IDLE rs=BLOCKING os=OPEN is=IDLE awp=false se=false i=true al=0},r=1,c=false/false,a=IDLE,uri=null,age=0}
04:06:39.727 [qtp399373008-61] DEBUG org.eclipse.jetty.io.ssl.SslConnection - <needFillInterest s=IDLE/INTERESTED f=false i=true w=null
04:06:39.727 [qtp399373008-61] DEBUG org.eclipse.jetty.io.ssl.SslConnection - ensureFillInterested SslConnection@6ff2cf4d::SocketChannelEndPoint@2c1ea15{l=/127.0.0.1:35537,r=/127.0.0.1:60890,OPEN,fill=-,flush=-,to=2/30000}{io=0/0,kio=0,kro=1}->SslConnection@6ff2cf4d{NOT_HANDSHAKING,eio=-1/-1,di=-1,fill=INTERESTED,flush=IDLE}~>DecryptedEndPoint@16b1f3dd{l=/127.0.0.1:35537,r=/127.0.0.1:60890,OPEN,fill=FI,flush=-,to=0/30000}=>HttpConnection@74a41d38[p=HttpParser{s=START,0 of -1},g=HttpGenerator@7644e675{s=START}]=>HttpChannelOverHttp@7db289ba{s=HttpChannelState@1b2d23ef{s=IDLE rs=BLOCKING os=OPEN is=IDLE awp=false se=false i=true al=0},r=1,c=false/false,a=IDLE,uri=null,age=0}
04:06:39.727 [qtp399373008-61] DEBUG org.eclipse.jetty.io.FillInterest - interested FillInterest@2a4da991{SSLC.NBReadCB@6ff2cf4d{SslConnection@6ff2cf4d::SocketChannelEndPoint@2c1ea15{l=/127.0.0.1:35537,r=/127.0.0.1:60890,OPEN,fill=FI,flush=-,to=0/30000}{io=0/0,kio=0,kro=1}->SslConnection@6ff2cf4d{NOT_HANDSHAKING,eio=-1/-1,di=-1,fill=INTERESTED,flush=IDLE}~>DecryptedEndPoint@16b1f3dd{l=/127.0.0.1:35537,r=/127.0.0.1:60890,OPEN,fill=FI,flush=-,to=0/30000}=>HttpConnection@74a41d38[p=HttpParser{s=START,0 of -1},g=HttpGenerator@7644e675{s=START}]=>HttpChannelOverHttp@7db289ba{s=HttpChannelState@1b2d23ef{s=IDLE rs=BLOCKING os=OPEN is=IDLE awp=false se=false i=true al=0},r=1,c=false/false,a=IDLE,uri=null,age=0}}}
04:06:39.727 [qtp399373008-61] DEBUG org.eclipse.jetty.io.ChannelEndPoint - changeInterests p=false 0->1 for SocketChannelEndPoint@2c1ea15{l=/127.0.0.1:35537,r=/127.0.0.1:60890,OPEN,fill=FI,flush=-,to=0/30000}{io=0/1,kio=0,kro=1}->SslConnection@6ff2cf4d{NOT_HANDSHAKING,eio=-1/-1,di=-1,fill=INTERESTED,flush=IDLE}~>DecryptedEndPoint@16b1f3dd{l=/127.0.0.1:35537,r=/127.0.0.1:60890,OPEN,fill=FI,flush=-,to=0/30000}=>HttpConnection@74a41d38[p=HttpParser{s=START,0 of -1},g=HttpGenerator@7644e675{s=START}]=>HttpChannelOverHttp@7db289ba{s=HttpChannelState@1b2d23ef{s=IDLE rs=BLOCKING os=OPEN is=IDLE awp=false se=false i=true al=0},r=1,c=false/false,a=IDLE,uri=null,age=0}
04:06:39.727 [qtp399373008-61] DEBUG org.eclipse.jetty.io.ManagedSelector - Queued change lazy=false org.eclipse.jetty.io.ChannelEndPoint$$Lambda$255/2121444922@53bc8332 on ManagedSelector@47a86fbb{STARTED} id=2 keys=2 selected=0 updates=0
04:06:39.727 [qtp399373008-61] DEBUG org.eclipse.jetty.io.ManagedSelector - Wakeup on submit ManagedSelector@47a86fbb{STARTED} id=2 keys=2 selected=0 updates=1
04:06:39.727 [main] DEBUG org.apache.nifi.minifi.bootstrap.configuration.ingestors.PullHttpChangeIngestor - Attempting to pull new config
04:06:39.727 [qtp399373008-61] DEBUG org.eclipse.jetty.server.HttpConnection - HttpConnection@74a41d38::DecryptedEndPoint@16b1f3dd{l=/127.0.0.1:35537,r=/127.0.0.1:60890,OPEN,fill=FI,flush=-,to=0/30000} onFillable exit HttpChannelState@1b2d23ef{s=IDLE rs=BLOCKING os=OPEN is=IDLE awp=false se=false i=true al=0} null
04:06:39.727 [qtp399373008-60] DEBUG org.eclipse.jetty.io.ManagedSelector - Selector sun.nio.ch.EPollSelectorImpl@3702dbe9 woken with none selected
04:06:39.727 [qtp399373008-60] DEBUG org.eclipse.jetty.io.ManagedSelector - Selector sun.nio.ch.EPollSelectorImpl@3702dbe9 woken up from select, 0/0/2 selected
04:06:39.727 [qtp399373008-60] DEBUG org.eclipse.jetty.io.ManagedSelector - Selector sun.nio.ch.EPollSelectorImpl@3702dbe9 processing 0 keys, 1 updates
04:06:39.727 [qtp399373008-60] DEBUG org.eclipse.jetty.io.ManagedSelector - updateable 1
04:06:39.727 [qtp399373008-60] DEBUG org.eclipse.jetty.io.ManagedSelector - update org.eclipse.jetty.io.ChannelEndPoint$$Lambda$255/2121444922@53bc8332
04:06:39.727 [qtp399373008-61] DEBUG org.eclipse.jetty.io.ssl.SslConnection - <c.onFillable SslConnection@6ff2cf4d::SocketChannelEndPoint@2c1ea15{l=/127.0.0.1:35537,r=/127.0.0.1:60890,OPEN,fill=FI,flush=-,to=0/30000}{io=0/1,kio=0,kro=1}->SslConnection@6ff2cf4d{NOT_HANDSHAKING,eio=-1/-1,di=-1,fill=INTERESTED,flush=IDLE}~>DecryptedEndPoint@16b1f3dd{l=/127.0.0.1:35537,r=/127.0.0.1:60890,OPEN,fill=FI,flush=-,to=0/30000}=>HttpConnection@74a41d38[p=HttpParser{s=START,0 of -1},g=HttpGenerator@7644e675{s=START}]=>HttpChannelOverHttp@7db289ba{s=HttpChannelState@1b2d23ef{s=IDLE rs=BLOCKING os=OPEN is=IDLE awp=false se=false i=true al=0},r=1,c=false/false,a=IDLE,uri=null,age=0}
04:06:39.727 [qtp399373008-61] DEBUG org.eclipse.jetty.util.thread.ReservedThreadExecutor - ReservedThread@27624ead{RUNNING,thread=Thread[qtp399373008-61,5,main]} was=RUNNING next=RESERVED size=0+2 capacity=8
04:06:39.727 [qtp399373008-61] DEBUG org.eclipse.jetty.util.thread.ReservedThreadExecutor - ReservedThread@27624ead{RESERVED,thread=Thread[qtp399373008-61,5,main]} waiting ReservedThreadExecutor@424fd310{reserved=2/8,pending=0}
04:06:39.727 [qtp399373008-60] DEBUG org.eclipse.jetty.io.ChannelEndPoint - Key interests updated 0 -> 1 on SocketChannelEndPoint@2c1ea15{l=/127.0.0.1:35537,r=/127.0.0.1:60890,OPEN,fill=FI,flush=-,to=0/30000}{io=1/1,kio=1,kro=1}->SslConnection@6ff2cf4d{NOT_HANDSHAKING,eio=-1/-1,di=-1,fill=INTERESTED,flush=IDLE}~>DecryptedEndPoint@16b1f3dd{l=/127.0.0.1:35537,r=/127.0.0.1:60890,OPEN,fill=FI,flush=-,to=0/30000}=>HttpConnection@74a41d38[p=HttpParser{s=START,0 of -1},g=HttpGenerator@7644e675{s=START}]=>HttpChannelOverHttp@7db289ba{s=HttpChannelState@1b2d23ef{s=IDLE rs=BLOCKING os=OPEN is=IDLE awp=false se=false i=true al=0},r=1,c=false/false,a=IDLE,uri=null,age=0}
04:06:39.727 [qtp399373008-60] DEBUG org.eclipse.jetty.io.ManagedSelector - updates 0
04:06:39.727 [qtp399373008-60] DEBUG org.eclipse.jetty.io.ManagedSelector - Selector sun.nio.ch.EPollSelectorImpl@3702dbe9 waiting with 2 keys
04:06:39.728 [qtp399373008-59-acceptor-0@5a85c92-ServerConnector@2374d36a{SSL, (ssl, http/1.1)}{localhost:35537}] DEBUG org.eclipse.jetty.io.ManagedSelector - Queued change lazy=false Accept@35f01bc5[java.nio.channels.SocketChannel[connected local=/127.0.0.1:35537 remote=/127.0.0.1:60896]] on ManagedSelector@7bb6ab3a{STARTED} id=3 keys=1 selected=0 updates=0
04:06:39.728 [qtp399373008-59-acceptor-0@5a85c92-ServerConnector@2374d36a{SSL, (ssl, http/1.1)}{localhost:35537}] DEBUG org.eclipse.jetty.io.ManagedSelector - Wakeup on submit ManagedSelector@7bb6ab3a{STARTED} id=3 keys=1 selected=0 updates=1
04:06:39.728 [qtp399373008-62] DEBUG org.eclipse.jetty.io.ManagedSelector - Selector sun.nio.ch.EPollSelectorImpl@3ae8fa07 woken with none selected
04:06:39.728 [qtp399373008-62] DEBUG org.eclipse.jetty.io.ManagedSelector - Selector sun.nio.ch.EPollSelectorImpl@3ae8fa07 woken up from select, 0/0/1 selected
04:06:39.728 [qtp399373008-62] DEBUG org.eclipse.jetty.io.ManagedSelector - Selector sun.nio.ch.EPollSelectorImpl@3ae8fa07 processing 0 keys, 1 updates
04:06:39.728 [qtp399373008-62] DEBUG org.eclipse.jetty.io.ManagedSelector - updateable 1
04:06:39.728 [qtp399373008-62] DEBUG org.eclipse.jetty.io.ManagedSelector - update Accept@35f01bc5[java.nio.channels.SocketChannel[connected local=/127.0.0.1:35537 remote=/127.0.0.1:60896]]
04:06:39.728 [qtp399373008-62] DEBUG org.eclipse.jetty.util.thread.QueuedThreadPool - queue Accept@35f01bc5[java.nio.channels.SocketChannel[connected local=/127.0.0.1:35537 remote=/127.0.0.1:60896]] startThread=0
04:06:39.728 [qtp399373008-62] DEBUG org.eclipse.jetty.io.ManagedSelector - updates 0
04:06:39.728 [qtp399373008-62] DEBUG org.eclipse.jetty.io.ManagedSelector - Selector sun.nio.ch.EPollSelectorImpl@3ae8fa07 waiting with 2 keys
04:06:39.728 [qtp399373008-55] DEBUG org.eclipse.jetty.util.thread.QueuedThreadPool - run Accept@35f01bc5[java.nio.channels.SocketChannel[connected local=/127.0.0.1:35537 remote=/127.0.0.1:60896]] in QueuedThreadPool[qtp399373008]@17cdf2d0{STARTED,8<=8<=200,i=0,r=-1,q=0}[ReservedThreadExecutor@424fd310{reserved=2/8,pending=0}]
04:06:39.728 [qtp399373008-55] DEBUG org.eclipse.jetty.io.IdleTimeout - SocketChannelEndPoint@29ab07e{l=/127.0.0.1:35537,r=/127.0.0.1:60896,OPEN,fill=-,flush=-,to=0/30000}{io=0/0,kio=0,kro=0}-><null> idle timeout check, elapsed: 0 ms, remaining: 30000 ms
04:06:39.728 [qtp399373008-55] DEBUG org.eclipse.jetty.util.ssl.SslContextFactory - Customize sun.security.ssl.SSLEngineImpl@4bcc97cd
04:06:39.729 [qtp399373008-55] DEBUG org.eclipse.jetty.server.HttpChannel - new HttpChannelOverHttp@c8aae04{s=HttpChannelState@3b9809b4{s=IDLE rs=BLOCKING os=OPEN is=IDLE awp=false se=false i=true al=0},r=0,c=false/false,a=IDLE,uri=null,age=0} -> DecryptedEndPoint@6c5657f9{l=/127.0.0.1:35537,r=/127.0.0.1:60896,OPEN,fill=-,flush=-,to=0/30000},null,HttpChannelState@3b9809b4{s=IDLE rs=BLOCKING os=OPEN is=IDLE awp=false se=false i=true al=0}
04:06:39.729 [qtp399373008-55] DEBUG org.eclipse.jetty.server.HttpConnection - New HTTP Connection HttpConnection@438bc741::DecryptedEndPoint@6c5657f9{l=/127.0.0.1:35537,r=/127.0.0.1:60896,OPEN,fill=-,flush=-,to=0/30000}
04:06:39.729 [qtp399373008-55] DEBUG org.eclipse.jetty.io.ManagedSelector - Queued change lazy=true org.eclipse.jetty.io.ManagedSelector$$Lambda$258/2107212988@1aa8bbba on ManagedSelector@7bb6ab3a{STARTED} id=3 keys=2 selected=0 updates=0
04:06:39.729 [qtp399373008-55] DEBUG org.eclipse.jetty.io.AbstractEndPoint - onOpen SocketChannelEndPoint@29ab07e{l=/127.0.0.1:35537,r=/127.0.0.1:60896,OPEN,fill=-,flush=-,to=0/30000}{io=0/0,kio=0,kro=0}->SslConnection@6186d4f2{NOT_HANDSHAKING,eio=-1/-1,di=-1,fill=IDLE,flush=IDLE}~>DecryptedEndPoint@6c5657f9{l=/127.0.0.1:35537,r=/127.0.0.1:60896,OPEN,fill=-,flush=-,to=0/30000}=>HttpConnection@438bc741[p=HttpParser{s=START,0 of -1},g=HttpGenerator@3f31aea4{s=START}]=>HttpChannelOverHttp@c8aae04{s=HttpChannelState@3b9809b4{s=IDLE rs=BLOCKING os=OPEN is=IDLE awp=false se=false i=true al=0},r=0,c=false/false,a=IDLE,uri=null,age=0}
04:06:39.729 [qtp399373008-55] DEBUG org.eclipse.jetty.io.AbstractConnection - onOpen SslConnection@6186d4f2::SocketChannelEndPoint@29ab07e{l=/127.0.0.1:35537,r=/127.0.0.1:60896,OPEN,fill=-,flush=-,to=0/30000}{io=0/0,kio=0,kro=0}->SslConnection@6186d4f2{NOT_HANDSHAKING,eio=-1/-1,di=-1,fill=IDLE,flush=IDLE}~>DecryptedEndPoint@6c5657f9{l=/127.0.0.1:35537,r=/127.0.0.1:60896,OPEN,fill=-,flush=-,to=0/30000}=>HttpConnection@438bc741[p=HttpParser{s=START,0 of -1},g=HttpGenerator@3f31aea4{s=START}]=>HttpChannelOverHttp@c8aae04{s=HttpChannelState@3b9809b4{s=IDLE rs=BLOCKING os=OPEN is=IDLE awp=false se=false i=true al=0},r=0,c=false/false,a=IDLE,uri=null,age=0}
04:06:39.729 [qtp399373008-55] DEBUG org.eclipse.jetty.io.AbstractConnection - onOpen HttpConnection@438bc741::DecryptedEndPoint@6c5657f9{l=/127.0.0.1:35537,r=/127.0.0.1:60896,OPEN,fill=-,flush=-,to=0/30000}
04:06:39.729 [qtp399373008-55] DEBUG org.eclipse.jetty.io.AbstractConnection - fillInterested HttpConnection@438bc741::DecryptedEndPoint@6c5657f9{l=/127.0.0.1:35537,r=/127.0.0.1:60896,OPEN,fill=-,flush=-,to=0/30000}
04:06:39.729 [qtp399373008-55] DEBUG org.eclipse.jetty.io.FillInterest - interested FillInterest@229dd7cc{AC.ReadCB@438bc741{HttpConnection@438bc741::DecryptedEndPoint@6c5657f9{l=/127.0.0.1:35537,r=/127.0.0.1:60896,OPEN,fill=FI,flush=-,to=0/30000}}}
04:06:39.729 [qtp399373008-55] DEBUG org.eclipse.jetty.io.ssl.SslConnection - >needFillInterest s=IDLE/IDLE uf=false ei=null di=null SslConnection@6186d4f2::SocketChannelEndPoint@29ab07e{l=/127.0.0.1:35537,r=/127.0.0.1:60896,OPEN,fill=-,flush=-,to=0/30000}{io=0/0,kio=0,kro=0}->SslConnection@6186d4f2{NOT_HANDSHAKING,eio=-1/-1,di=-1,fill=IDLE,flush=IDLE}~>DecryptedEndPoint@6c5657f9{l=/127.0.0.1:35537,r=/127.0.0.1:60896,OPEN,fill=FI,flush=-,to=0/30000}=>HttpConnection@438bc741[p=HttpParser{s=START,0 of -1},g=HttpGenerator@3f31aea4{s=START}]=>HttpChannelOverHttp@c8aae04{s=HttpChannelState@3b9809b4{s=IDLE rs=BLOCKING os=OPEN is=IDLE awp=false se=false i=true al=0},r=0,c=false/false,a=IDLE,uri=null,age=0}
04:06:39.729 [qtp399373008-55] DEBUG org.eclipse.jetty.io.ssl.SslConnection - <needFillInterest s=IDLE/INTERESTED f=false i=true w=null
04:06:39.729 [qtp399373008-55] DEBUG org.eclipse.jetty.io.ssl.SslConnection - ensureFillInterested SslConnection@6186d4f2::SocketChannelEndPoint@29ab07e{l=/127.0.0.1:35537,r=/127.0.0.1:60896,OPEN,fill=-,flush=-,to=0/30000}{io=0/0,kio=0,kro=0}->SslConnection@6186d4f2{NOT_HANDSHAKING,eio=-1/-1,di=-1,fill=INTERESTED,flush=IDLE}~>DecryptedEndPoint@6c5657f9{l=/127.0.0.1:35537,r=/127.0.0.1:60896,OPEN,fill=FI,flush=-,to=0/30000}=>HttpConnection@438bc741[p=HttpParser{s=START,0 of -1},g=HttpGenerator@3f31aea4{s=START}]=>HttpChannelOverHttp@c8aae04{s=HttpChannelState@3b9809b4{s=IDLE rs=BLOCKING os=OPEN is=IDLE awp=false se=false i=true al=0},r=0,c=false/false,a=IDLE,uri=null,age=0}
04:06:39.729 [qtp399373008-55] DEBUG org.eclipse.jetty.io.FillInterest - interested FillInterest@7d37cd4e{SSLC.NBReadCB@6186d4f2{SslConnection@6186d4f2::SocketChannelEndPoint@29ab07e{l=/127.0.0.1:35537,r=/127.0.0.1:60896,OPEN,fill=FI,flush=-,to=0/30000}{io=0/0,kio=0,kro=0}->SslConnection@6186d4f2{NOT_HANDSHAKING,eio=-1/-1,di=-1,fill=INTERESTED,flush=IDLE}~>DecryptedEndPoint@6c5657f9{l=/127.0.0.1:35537,r=/127.0.0.1:60896,OPEN,fill=FI,flush=-,to=0/30000}=>HttpConnection@438bc741[p=HttpParser{s=START,0 of -1},g=HttpGenerator@3f31aea4{s=START}]=>HttpChannelOverHttp@c8aae04{s=HttpChannelState@3b9809b4{s=IDLE rs=BLOCKING os=OPEN is=IDLE awp=false se=false i=true al=0},r=0,c=false/false,a=IDLE,uri=null,age=0}}}
04:06:39.729 [qtp399373008-55] DEBUG org.eclipse.jetty.io.ChannelEndPoint - changeInterests p=false 0->1 for SocketChannelEndPoint@29ab07e{l=/127.0.0.1:35537,r=/127.0.0.1:60896,OPEN,fill=FI,flush=-,to=0/30000}{io=0/1,kio=0,kro=0}->SslConnection@6186d4f2{NOT_HANDSHAKING,eio=-1/-1,di=-1,fill=INTERESTED,flush=IDLE}~>DecryptedEndPoint@6c5657f9{l=/127.0.0.1:35537,r=/127.0.0.1:60896,OPEN,fill=FI,flush=-,to=0/30000}=>HttpConnection@438bc741[p=HttpParser{s=START,0 of -1},g=HttpGenerator@3f31aea4{s=START}]=>HttpChannelOverHttp@c8aae04{s=HttpChannelState@3b9809b4{s=IDLE rs=BLOCKING os=OPEN is=IDLE awp=false se=false i=true al=0},r=0,c=false/false,a=IDLE,uri=null,age=0}
04:06:39.729 [qtp399373008-55] DEBUG org.eclipse.jetty.io.ManagedSelector - Queued change lazy=false org.eclipse.jetty.io.ChannelEndPoint$$Lambda$255/2121444922@2a41b75e on ManagedSelector@7bb6ab3a{STARTED} id=3 keys=2 selected=0 updates=1
04:06:39.729 [qtp399373008-55] DEBUG org.eclipse.jetty.io.ManagedSelector - Wakeup on submit ManagedSelector@7bb6ab3a{STARTED} id=3 keys=2 selected=0 updates=2
04:06:39.729 [qtp399373008-62] DEBUG org.eclipse.jetty.io.ManagedSelector - Selector sun.nio.ch.EPollSelectorImpl@3ae8fa07 woken with none selected
04:06:39.729 [qtp399373008-62] DEBUG org.eclipse.jetty.io.ManagedSelector - Selector sun.nio.ch.EPollSelectorImpl@3ae8fa07 woken up from select, 0/0/2 selected
04:06:39.729 [qtp399373008-62] DEBUG org.eclipse.jetty.io.ManagedSelector - Selector sun.nio.ch.EPollSelectorImpl@3ae8fa07 processing 0 keys, 2 updates
04:06:39.729 [qtp399373008-62] DEBUG org.eclipse.jetty.io.ManagedSelector - updateable 2
04:06:39.729 [qtp399373008-62] DEBUG org.eclipse.jetty.io.ManagedSelector - update org.eclipse.jetty.io.ManagedSelector$$Lambda$258/2107212988@1aa8bbba
04:06:39.729 [qtp399373008-62] DEBUG org.eclipse.jetty.io.ManagedSelector - update org.eclipse.jetty.io.ChannelEndPoint$$Lambda$255/2121444922@2a41b75e
04:06:39.729 [qtp399373008-55] DEBUG org.eclipse.jetty.io.ManagedSelector - Created SocketChannelEndPoint@29ab07e{l=/127.0.0.1:35537,r=/127.0.0.1:60896,OPEN,fill=FI,flush=-,to=0/30000}{io=0/1,kio=0,kro=0}->SslConnection@6186d4f2{NOT_HANDSHAKING,eio=-1/-1,di=-1,fill=INTERESTED,flush=IDLE}~>DecryptedEndPoint@6c5657f9{l=/127.0.0.1:35537,r=/127.0.0.1:60896,OPEN,fill=FI,flush=-,to=0/30000}=>HttpConnection@438bc741[p=HttpParser{s=START,0 of -1},g=HttpGenerator@3f31aea4{s=START}]=>HttpChannelOverHttp@c8aae04{s=HttpChannelState@3b9809b4{s=IDLE rs=BLOCKING os=OPEN is=IDLE awp=false se=false i=true al=0},r=0,c=false/false,a=IDLE,uri=null,age=0}
04:06:39.729 [qtp399373008-55] DEBUG org.eclipse.jetty.util.thread.QueuedThreadPool - ran Accept@35f01bc5[java.nio.channels.SocketChannel[connected local=/127.0.0.1:35537 remote=/127.0.0.1:60896]] in QueuedThreadPool[qtp399373008]@17cdf2d0{STARTED,8<=8<=200,i=0,r=-1,q=0}[ReservedThreadExecutor@424fd310{reserved=2/8,pending=0}]
04:06:39.730 [qtp399373008-62] DEBUG org.eclipse.jetty.io.ChannelEndPoint - Key interests updated 0 -> 1 on SocketChannelEndPoint@29ab07e{l=/127.0.0.1:35537,r=/127.0.0.1:60896,OPEN,fill=FI,flush=-,to=0/30000}{io=1/1,kio=1,kro=0}->SslConnection@6186d4f2{NOT_HANDSHAKING,eio=-1/-1,di=-1,fill=INTERESTED,flush=IDLE}~>DecryptedEndPoint@6c5657f9{l=/127.0.0.1:35537,r=/127.0.0.1:60896,OPEN,fill=FI,flush=-,to=0/30000}=>HttpConnection@438bc741[p=HttpParser{s=START,0 of -1},g=HttpGenerator@3f31aea4{s=START}]=>HttpChannelOverHttp@c8aae04{s=HttpChannelState@3b9809b4{s=IDLE rs=BLOCKING os=OPEN is=IDLE awp=false se=false i=true al=0},r=0,c=false/false,a=IDLE,uri=null,age=0}
04:06:39.730 [qtp399373008-62] DEBUG org.eclipse.jetty.io.ManagedSelector - updates 0
04:06:39.730 [qtp399373008-62] DEBUG org.eclipse.jetty.io.ManagedSelector - Selector sun.nio.ch.EPollSelectorImpl@3ae8fa07 waiting with 2 keys
04:06:39.730 [qtp399373008-62] DEBUG org.eclipse.jetty.io.ManagedSelector - Selector sun.nio.ch.EPollSelectorImpl@3ae8fa07 woken up from select, 1/1/2 selected
04:06:39.730 [qtp399373008-62] DEBUG org.eclipse.jetty.io.ManagedSelector - Selector sun.nio.ch.EPollSelectorImpl@3ae8fa07 processing 1 keys, 0 updates
04:06:39.730 [qtp399373008-62] DEBUG org.eclipse.jetty.io.ManagedSelector - selected 1 sun.nio.ch.SelectionKeyImpl@301d2937 SocketChannelEndPoint@29ab07e{l=/127.0.0.1:35537,r=/127.0.0.1:60896,OPEN,fill=FI,flush=-,to=0/30000}{io=1/1,kio=1,kro=1}->SslConnection@6186d4f2{NOT_HANDSHAKING,eio=-1/-1,di=-1,fill=INTERESTED,flush=IDLE}~>DecryptedEndPoint@6c5657f9{l=/127.0.0.1:35537,r=/127.0.0.1:60896,OPEN,fill=FI,flush=-,to=0/30000}=>HttpConnection@438bc741[p=HttpParser{s=START,0 of -1},g=HttpGenerator@3f31aea4{s=START}]=>HttpChannelOverHttp@c8aae04{s=HttpChannelState@3b9809b4{s=IDLE rs=BLOCKING os=OPEN is=IDLE awp=false se=false i=true al=0},r=0,c=false/false,a=IDLE,uri=null,age=0} 
04:06:39.730 [qtp399373008-62] DEBUG org.eclipse.jetty.io.ChannelEndPoint - onSelected 1->0 r=true w=false for SocketChannelEndPoint@29ab07e{l=/127.0.0.1:35537,r=/127.0.0.1:60896,OPEN,fill=FI,flush=-,to=0/30000}{io=1/0,kio=1,kro=1}->SslConnection@6186d4f2{NOT_HANDSHAKING,eio=-1/-1,di=-1,fill=INTERESTED,flush=IDLE}~>DecryptedEndPoint@6c5657f9{l=/127.0.0.1:35537,r=/127.0.0.1:60896,OPEN,fill=FI,flush=-,to=1/30000}=>HttpConnection@438bc741[p=HttpParser{s=START,0 of -1},g=HttpGenerator@3f31aea4{s=START}]=>HttpChannelOverHttp@c8aae04{s=HttpChannelState@3b9809b4{s=IDLE rs=BLOCKING os=OPEN is=IDLE awp=false se=false i=true al=0},r=0,c=false/false,a=IDLE,uri=null,age=0}
04:06:39.730 [qtp399373008-62] DEBUG org.eclipse.jetty.io.ChannelEndPoint - task CEP:SocketChannelEndPoint@29ab07e{l=/127.0.0.1:35537,r=/127.0.0.1:60896,OPEN,fill=FI,flush=-,to=0/30000}{io=1/0,kio=1,kro=1}->SslConnection@6186d4f2{NOT_HANDSHAKING,eio=-1/-1,di=-1,fill=INTERESTED,flush=IDLE}~>DecryptedEndPoint@6c5657f9{l=/127.0.0.1:35537,r=/127.0.0.1:60896,OPEN,fill=FI,flush=-,to=1/30000}=>HttpConnection@438bc741[p=HttpParser{s=START,0 of -1},g=HttpGenerator@3f31aea4{s=START}]=>HttpChannelOverHttp@c8aae04{s=HttpChannelState@3b9809b4{s=IDLE rs=BLOCKING os=OPEN is=IDLE awp=false se=false i=true al=0},r=0,c=false/false,a=IDLE,uri=null,age=0}:runFillable:BLOCKING
04:06:39.730 [qtp399373008-62] DEBUG org.eclipse.jetty.util.thread.ReservedThreadExecutor - ReservedThreadExecutor@424fd310{reserved=2/8,pending=0} tryExecute EatWhatYouKill@f478a81/SelectorProducer@19553973/PRODUCING/p=false/QueuedThreadPool[qtp399373008]@17cdf2d0{STARTED,8<=8<=200,i=1,r=-1,q=0}[ReservedThreadExecutor@424fd310{reserved=2/8,pending=0}][pc=0,pic=0,pec=0,epc=3]@2024-05-02T04:06:39.73+01:00
04:06:39.730 [qtp399373008-62] DEBUG org.eclipse.jetty.util.thread.strategy.EatWhatYouKill - EatWhatYouKill@f478a81/SelectorProducer@19553973/IDLE/p=true/QueuedThreadPool[qtp399373008]@17cdf2d0{STARTED,8<=8<=200,i=1,r=-1,q=0}[ReservedThreadExecutor@424fd310{reserved=1/8,pending=0}][pc=0,pic=0,pec=0,epc=3]@2024-05-02T04:06:39.73+01:00 m=EXECUTE_PRODUCE_CONSUME t=CEP:SocketChannelEndPoint@29ab07e{l=/127.0.0.1:35537,r=/127.0.0.1:60896,OPEN,fill=FI,flush=-,to=1/30000}{io=1/0,kio=1,kro=1}->SslConnection@6186d4f2{NOT_HANDSHAKING,eio=-1/-1,di=-1,fill=INTERESTED,flush=IDLE}~>DecryptedEndPoint@6c5657f9{l=/127.0.0.1:35537,r=/127.0.0.1:60896,OPEN,fill=FI,flush=-,to=1/30000}=>HttpConnection@438bc741[p=HttpParser{s=START,0 of -1},g=HttpGenerator@3f31aea4{s=START}]=>HttpChannelOverHttp@c8aae04{s=HttpChannelState@3b9809b4{s=IDLE rs=BLOCKING os=OPEN is=IDLE awp=false se=false i=true al=0},r=0,c=false/false,a=IDLE,uri=null,age=0}:runFillable:BLOCKING/BLOCKING
04:06:39.730 [qtp399373008-61] DEBUG org.eclipse.jetty.util.thread.ReservedThreadExecutor - ReservedThread@27624ead{RESERVED,thread=Thread[qtp399373008-61,5,main]} task=EatWhatYouKill@f478a81/SelectorProducer@19553973/IDLE/p=true/QueuedThreadPool[qtp399373008]@17cdf2d0{STARTED,8<=8<=200,i=1,r=-1,q=0}[ReservedThreadExecutor@424fd310{reserved=1/8,pending=0}][pc=0,pic=0,pec=0,epc=3]@2024-05-02T04:06:39.73+01:00 ReservedThreadExecutor@424fd310{reserved=1/8,pending=0}
04:06:39.730 [qtp399373008-62] DEBUG org.eclipse.jetty.io.FillInterest - fillable FillInterest@7d37cd4e{SSLC.NBReadCB@6186d4f2{SslConnection@6186d4f2::SocketChannelEndPoint@29ab07e{l=/127.0.0.1:35537,r=/127.0.0.1:60896,OPEN,fill=FI,flush=-,to=1/30000}{io=1/0,kio=1,kro=1}->SslConnection@6186d4f2{NOT_HANDSHAKING,eio=-1/-1,di=-1,fill=INTERESTED,flush=IDLE}~>DecryptedEndPoint@6c5657f9{l=/127.0.0.1:35537,r=/127.0.0.1:60896,OPEN,fill=FI,flush=-,to=1/30000}=>HttpConnection@438bc741[p=HttpParser{s=START,0 of -1},g=HttpGenerator@3f31aea4{s=START}]=>HttpChannelOverHttp@c8aae04{s=HttpChannelState@3b9809b4{s=IDLE rs=BLOCKING os=OPEN is=IDLE awp=false se=false i=true al=0},r=0,c=false/false,a=IDLE,uri=null,age=0}}}
04:06:39.730 [qtp399373008-61] DEBUG org.eclipse.jetty.util.thread.strategy.EatWhatYouKill - EatWhatYouKill@f478a81/SelectorProducer@19553973/IDLE/p=true/QueuedThreadPool[qtp399373008]@17cdf2d0{STARTED,8<=8<=200,i=1,r=-1,q=0}[ReservedThreadExecutor@424fd310{reserved=1/8,pending=0}][pc=0,pic=0,pec=0,epc=4]@2024-05-02T04:06:39.73+01:00 tryProduce true
04:06:39.730 [qtp399373008-62] DEBUG org.eclipse.jetty.io.ssl.SslConnection - >c.onFillable SslConnection@6186d4f2::SocketChannelEndPoint@29ab07e{l=/127.0.0.1:35537,r=/127.0.0.1:60896,OPEN,fill=-,flush=-,to=1/30000}{io=1/0,kio=1,kro=1}->SslConnection@6186d4f2{NOT_HANDSHAKING,eio=-1/-1,di=-1,fill=INTERESTED,flush=IDLE}~>DecryptedEndPoint@6c5657f9{l=/127.0.0.1:35537,r=/127.0.0.1:60896,OPEN,fill=FI,flush=-,to=1/30000}=>HttpConnection@438bc741[p=HttpParser{s=START,0 of -1},g=HttpGenerator@3f31aea4{s=START}]=>HttpChannelOverHttp@c8aae04{s=HttpChannelState@3b9809b4{s=IDLE rs=BLOCKING os=OPEN is=IDLE awp=false se=false i=true al=0},r=0,c=false/false,a=IDLE,uri=null,age=0}
04:06:39.730 [qtp399373008-61] DEBUG org.eclipse.jetty.io.ManagedSelector - updateable 0
04:06:39.731 [qtp399373008-61] DEBUG org.eclipse.jetty.io.ManagedSelector - updates 0
04:06:39.731 [qtp399373008-62] DEBUG org.eclipse.jetty.io.ssl.SslConnection - onFillable SslConnection@6186d4f2::SocketChannelEndPoint@29ab07e{l=/127.0.0.1:35537,r=/127.0.0.1:60896,OPEN,fill=-,flush=-,to=1/30000}{io=1/0,kio=1,kro=1}->SslConnection@6186d4f2{NOT_HANDSHAKING,eio=-1/-1,di=-1,fill=INTERESTED,flush=IDLE}~>DecryptedEndPoint@6c5657f9{l=/127.0.0.1:35537,r=/127.0.0.1:60896,OPEN,fill=FI,flush=-,to=1/30000}=>HttpConnection@438bc741[p=HttpParser{s=START,0 of -1},g=HttpGenerator@3f31aea4{s=START}]=>HttpChannelOverHttp@c8aae04{s=HttpChannelState@3b9809b4{s=IDLE rs=BLOCKING os=OPEN is=IDLE awp=false se=false i=true al=0},r=0,c=false/false,a=IDLE,uri=null,age=0}
04:06:39.731 [qtp399373008-62] DEBUG org.eclipse.jetty.io.FillInterest - fillable FillInterest@229dd7cc{AC.ReadCB@438bc741{HttpConnection@438bc741::DecryptedEndPoint@6c5657f9{l=/127.0.0.1:35537,r=/127.0.0.1:60896,OPEN,fill=FI,flush=-,to=1/30000}}}
04:06:39.731 [qtp399373008-61] DEBUG org.eclipse.jetty.io.ChannelEndPoint - Key interests updated 1 -> 0 on SocketChannelEndPoint@29ab07e{l=/127.0.0.1:35537,r=/127.0.0.1:60896,OPEN,fill=-,flush=-,to=1/30000}{io=0/0,kio=0,kro=1}->SslConnection@6186d4f2{NOT_HANDSHAKING,eio=-1/-1,di=-1,fill=INTERESTED,flush=IDLE}~>DecryptedEndPoint@6c5657f9{l=/127.0.0.1:35537,r=/127.0.0.1:60896,OPEN,fill=FI,flush=-,to=1/30000}=>HttpConnection@438bc741[p=HttpParser{s=START,0 of -1},g=HttpGenerator@3f31aea4{s=START}]=>HttpChannelOverHttp@c8aae04{s=HttpChannelState@3b9809b4{s=IDLE rs=BLOCKING os=OPEN is=IDLE awp=false se=false i=true al=0},r=0,c=false/false,a=IDLE,uri=null,age=0}
04:06:39.731 [qtp399373008-62] DEBUG org.eclipse.jetty.server.HttpConnection - HttpConnection@438bc741::DecryptedEndPoint@6c5657f9{l=/127.0.0.1:35537,r=/127.0.0.1:60896,OPEN,fill=-,flush=-,to=1/30000} onFillable enter HttpChannelState@3b9809b4{s=IDLE rs=BLOCKING os=OPEN is=IDLE awp=false se=false i=true al=0} null
04:06:39.731 [qtp399373008-61] DEBUG org.eclipse.jetty.io.ManagedSelector - Selector sun.nio.ch.EPollSelectorImpl@3ae8fa07 waiting with 2 keys
04:06:39.731 [qtp399373008-62] DEBUG org.eclipse.jetty.io.ssl.SslConnection - >fill SslConnection@6186d4f2::SocketChannelEndPoint@29ab07e{l=/127.0.0.1:35537,r=/127.0.0.1:60896,OPEN,fill=-,flush=-,to=1/30000}{io=0/0,kio=0,kro=1}->SslConnection@6186d4f2{NOT_HANDSHAKING,eio=-1/-1,di=-1,fill=IDLE,flush=IDLE}~>DecryptedEndPoint@6c5657f9{l=/127.0.0.1:35537,r=/127.0.0.1:60896,OPEN,fill=-,flush=-,to=1/30000}=>HttpConnection@438bc741[p=HttpParser{s=START,0 of -1},g=HttpGenerator@3f31aea4{s=START}]=>HttpChannelOverHttp@c8aae04{s=HttpChannelState@3b9809b4{s=IDLE rs=BLOCKING os=OPEN is=IDLE awp=false se=false i=true al=0},r=0,c=false/false,a=IDLE,uri=null,age=0}
04:06:39.731 [qtp399373008-62] DEBUG org.eclipse.jetty.io.ssl.SslConnection - fill NOT_HANDSHAKING
04:06:39.731 [qtp399373008-62] DEBUG org.eclipse.jetty.io.ChannelEndPoint - filled 339 HeapByteBuffer@3303dde5[p=0,l=339,c=17408,r=339]={<<<\x16\x03\x03\x01N\x01\x00\x01J\x03\x03\x10\xCdN?\xA6\x93\x08g\x8d\x86\x87\x98f\xE8...\xE44\x1f'\x062\xE35\x11q\x8d\x0e\x06\x15\x0f\x98\xA3\xD4\xFf\x01\x00\x01\x00>>>\xF9\xFb}{\xC0\xFag\xC6G...\x00\x00\x00\x00\x00\x00\x00}
04:06:39.731 [qtp399373008-62] DEBUG org.eclipse.jetty.io.ssl.SslConnection - net filled=339
04:06:39.731 [qtp399373008-62] DEBUG org.eclipse.jetty.io.ssl.SslConnection - fill starting handshake SslConnection@6186d4f2::SocketChannelEndPoint@29ab07e{l=/127.0.0.1:35537,r=/127.0.0.1:60896,OPEN,fill=-,flush=-,to=0/30000}{io=0/0,kio=0,kro=1}->SslConnection@6186d4f2{NOT_HANDSHAKING,eio=339/-1,di=-1,fill=IDLE,flush=IDLE}~>DecryptedEndPoint@6c5657f9{l=/127.0.0.1:35537,r=/127.0.0.1:60896,OPEN,fill=-,flush=-,to=2/30000}=>HttpConnection@438bc741[p=HttpParser{s=START,0 of -1},g=HttpGenerator@3f31aea4{s=START}]=>HttpChannelOverHttp@c8aae04{s=HttpChannelState@3b9809b4{s=IDLE rs=BLOCKING os=OPEN is=IDLE awp=false se=false i=true al=0},r=0,c=false/false,a=IDLE,uri=null,age=0}
04:06:39.731 [qtp399373008-62] DEBUG org.eclipse.jetty.io.ssl.SslConnection - unwrap net_filled=339 Status = OK HandshakeStatus = NEED_TASK bytesConsumed = 339 bytesProduced = 0 encryptedBuffer=[p=339,l=339,c=17408,r=0] unwrapBuffer=HeapByteBuffer@373c4f5d[p=0,l=0,c=17408,r=0]={<<<>>>\x17\x03\x03\x00\xC9\xCen\xC5\xFf...\x00\x00\x00\x00\x00\x00\x00} appBuffer=HeapByteBuffer@373c4f5d[p=0,l=0,c=17408,r=0]={<<<>>>\x17\x03\x03\x00\xC9\xCen\xC5\xFf...\x00\x00\x00\x00\x00\x00\x00}
04:06:39.731 [qtp399373008-62] DEBUG org.eclipse.jetty.io.ssl.SslConnection - fill NEED_TASK
04:06:39.738 [qtp399373008-62] DEBUG org.eclipse.jetty.io.ssl.SslConnection - fill NEED_WRAP
04:06:39.738 [qtp399373008-62] DEBUG org.eclipse.jetty.io.ssl.SslConnection - >flush SslConnection@6186d4f2::SocketChannelEndPoint@29ab07e{l=/127.0.0.1:35537,r=/127.0.0.1:60896,OPEN,fill=-,flush=-,to=7/30000}{io=0/0,kio=0,kro=1}->SslConnection@6186d4f2{NEED_WRAP,eio=0/-1,di=-1,fill=IDLE,flush=IDLE}~>DecryptedEndPoint@6c5657f9{l=/127.0.0.1:35537,r=/127.0.0.1:60896,OPEN,fill=-,flush=-,to=9/30000}=>HttpConnection@438bc741[p=HttpParser{s=START,0 of -1},g=HttpGenerator@3f31aea4{s=START}]=>HttpChannelOverHttp@c8aae04{s=HttpChannelState@3b9809b4{s=IDLE rs=BLOCKING os=OPEN is=IDLE awp=false se=false i=true al=0},r=0,c=false/false,a=IDLE,uri=null,age=0}
04:06:39.738 [qtp399373008-62] DEBUG org.eclipse.jetty.io.ssl.SslConnection - flush b[0]=HeapByteBuffer@38928dbe[p=0,l=0,c=0,r=0]={<<<>>>}
04:06:39.738 [qtp399373008-62] DEBUG org.eclipse.jetty.io.ssl.SslConnection - flush NEED_WRAP
04:06:39.738 [qtp399373008-62] DEBUG org.eclipse.jetty.io.ssl.SslConnection - wrap Status = OK HandshakeStatus = NEED_WRAP bytesConsumed = 0 bytesProduced = 160 [p=0,l=160,c=17408,r=160] ioDone=false/false
04:06:39.739 [qtp399373008-62] DEBUG org.eclipse.jetty.io.ChannelEndPoint - flushed 160 SocketChannelEndPoint@29ab07e{l=/127.0.0.1:35537,r=/127.0.0.1:60896,OPEN,fill=-,flush=-,to=7/30000}{io=0/0,kio=0,kro=1}->SslConnection@6186d4f2{NEED_WRAP,eio=0/0,di=-1,fill=IDLE,flush=IDLE}~>DecryptedEndPoint@6c5657f9{l=/127.0.0.1:35537,r=/127.0.0.1:60896,OPEN,fill=-,flush=-,to=9/30000}=>HttpConnection@438bc741[p=HttpParser{s=START,0 of -1},g=HttpGenerator@3f31aea4{s=START}]=>HttpChannelOverHttp@c8aae04{s=HttpChannelState@3b9809b4{s=IDLE rs=BLOCKING os=OPEN is=IDLE awp=false se=false i=true al=0},r=0,c=false/false,a=IDLE,uri=null,age=0}
04:06:39.739 [qtp399373008-62] DEBUG org.eclipse.jetty.io.ssl.SslConnection - net flushed=true, ac=true
04:06:39.739 [qtp399373008-62] DEBUG org.eclipse.jetty.io.ssl.SslConnection - flush NEED_WRAP
04:06:39.739 [qtp399373008-62] DEBUG org.eclipse.jetty.io.ssl.SslConnection - wrap Status = OK HandshakeStatus = NEED_WRAP bytesConsumed = 0 bytesProduced = 6 [p=0,l=6,c=17408,r=6] ioDone=false/false
04:06:39.739 [qtp399373008-62] DEBUG org.eclipse.jetty.io.ChannelEndPoint - flushed 6 SocketChannelEndPoint@29ab07e{l=/127.0.0.1:35537,r=/127.0.0.1:60896,OPEN,fill=-,flush=-,to=0/30000}{io=0/0,kio=0,kro=1}->SslConnection@6186d4f2{NEED_WRAP,eio=0/0,di=-1,fill=IDLE,flush=IDLE}~>DecryptedEndPoint@6c5657f9{l=/127.0.0.1:35537,r=/127.0.0.1:60896,OPEN,fill=-,flush=-,to=9/30000}=>HttpConnection@438bc741[p=HttpParser{s=START,0 of -1},g=HttpGenerator@3f31aea4{s=START}]=>HttpChannelOverHttp@c8aae04{s=HttpChannelState@3b9809b4{s=IDLE rs=BLOCKING os=OPEN is=IDLE awp=false se=false i=true al=0},r=0,c=false/false,a=IDLE,uri=null,age=0}
04:06:39.739 [qtp399373008-62] DEBUG org.eclipse.jetty.io.ssl.SslConnection - net flushed=true, ac=true
04:06:39.739 [qtp399373008-62] DEBUG org.eclipse.jetty.io.ssl.SslConnection - flush NEED_WRAP
04:06:39.739 [qtp399373008-62] DEBUG org.eclipse.jetty.io.ssl.SslConnection - wrap Status = OK HandshakeStatus = NEED_UNWRAP bytesConsumed = 0 bytesProduced = 1597 [p=0,l=1597,c=17408,r=1597] ioDone=false/false
04:06:39.739 [qtp399373008-62] DEBUG org.eclipse.jetty.io.ChannelEndPoint - flushed 1597 SocketChannelEndPoint@29ab07e{l=/127.0.0.1:35537,r=/127.0.0.1:60896,OPEN,fill=-,flush=-,to=0/30000}{io=0/0,kio=0,kro=1}->SslConnection@6186d4f2{NEED_UNWRAP,eio=0/0,di=-1,fill=IDLE,flush=IDLE}~>DecryptedEndPoint@6c5657f9{l=/127.0.0.1:35537,r=/127.0.0.1:60896,OPEN,fill=-,flush=-,to=10/30000}=>HttpConnection@438bc741[p=HttpParser{s=START,0 of -1},g=HttpGenerator@3f31aea4{s=START}]=>HttpChannelOverHttp@c8aae04{s=HttpChannelState@3b9809b4{s=IDLE rs=BLOCKING os=OPEN is=IDLE awp=false se=false i=true al=0},r=0,c=false/false,a=IDLE,uri=null,age=0}
04:06:39.739 [qtp399373008-62] DEBUG org.eclipse.jetty.io.ssl.SslConnection - net flushed=true, ac=true
04:06:39.739 [qtp399373008-62] DEBUG org.eclipse.jetty.io.ssl.SslConnection - <flush true SslConnection@6186d4f2::SocketChannelEndPoint@29ab07e{l=/127.0.0.1:35537,r=/127.0.0.1:60896,OPEN,fill=-,flush=-,to=0/30000}{io=0/0,kio=0,kro=1}->SslConnection@6186d4f2{NEED_UNWRAP,eio=0/-1,di=-1,fill=IDLE,flush=IDLE}~>DecryptedEndPoint@6c5657f9{l=/127.0.0.1:35537,r=/127.0.0.1:60896,OPEN,fill=-,flush=-,to=10/30000}=>HttpConnection@438bc741[p=HttpParser{s=START,0 of -1},g=HttpGenerator@3f31aea4{s=START}]=>HttpChannelOverHttp@c8aae04{s=HttpChannelState@3b9809b4{s=IDLE rs=BLOCKING os=OPEN is=IDLE awp=false se=false i=true al=0},r=0,c=false/false,a=IDLE,uri=null,age=0}
04:06:39.739 [qtp399373008-62] DEBUG org.eclipse.jetty.io.ssl.SslConnection - fill NEED_UNWRAP
04:06:39.739 [qtp399373008-62] DEBUG org.eclipse.jetty.io.ChannelEndPoint - filled 0 HeapByteBuffer@3303dde5[p=0,l=0,c=17408,r=0]={<<<>>>\x16\x03\x03\x01N\x01\x00\x01J...\x00\x00\x00\x00\x00\x00\x00}
04:06:39.739 [qtp399373008-62] DEBUG org.eclipse.jetty.io.ssl.SslConnection - net filled=0
04:06:39.739 [qtp399373008-62] DEBUG org.eclipse.jetty.io.ssl.SslConnection - unwrap net_filled=0 Status = BUFFER_UNDERFLOW HandshakeStatus = NEED_UNWRAP bytesConsumed = 0 bytesProduced = 0 encryptedBuffer=[p=0,l=0,c=17408,r=0] unwrapBuffer=HeapByteBuffer@373c4f5d[p=0,l=0,c=17408,r=0]={<<<>>>\x17\x03\x03\x00\xC9\xCen\xC5\xFf...\x00\x00\x00\x00\x00\x00\x00} appBuffer=HeapByteBuffer@373c4f5d[p=0,l=0,c=17408,r=0]={<<<>>>\x17\x03\x03\x00\xC9\xCen\xC5\xFf...\x00\x00\x00\x00\x00\x00\x00}
04:06:39.739 [qtp399373008-62] DEBUG org.eclipse.jetty.io.ssl.SslConnection - <fill f=0 uf=true SslConnection@6186d4f2::SocketChannelEndPoint@29ab07e{l=/127.0.0.1:35537,r=/127.0.0.1:60896,OPEN,fill=-,flush=-,to=0/30000}{io=0/0,kio=0,kro=1}->SslConnection@6186d4f2{NEED_UNWRAP,eio=-1/-1,di=-1,fill=IDLE,flush=IDLE}~>DecryptedEndPoint@6c5657f9{l=/127.0.0.1:35537,r=/127.0.0.1:60896,OPEN,fill=-,flush=-,to=10/30000}=>HttpConnection@438bc741[p=HttpParser{s=START,0 of -1},g=HttpGenerator@3f31aea4{s=START}]=>HttpChannelOverHttp@c8aae04{s=HttpChannelState@3b9809b4{s=IDLE rs=BLOCKING os=OPEN is=IDLE awp=false se=false i=true al=0},r=0,c=false/false,a=IDLE,uri=null,age=0}
04:06:39.740 [qtp399373008-62] DEBUG org.eclipse.jetty.io.ssl.SslConnection - >fill SslConnection@6186d4f2::SocketChannelEndPoint@29ab07e{l=/127.0.0.1:35537,r=/127.0.0.1:60896,OPEN,fill=-,flush=-,to=0/30000}{io=0/0,kio=0,kro=1}->SslConnection@6186d4f2{NEED_UNWRAP,eio=-1/-1,di=-1,fill=IDLE,flush=IDLE}~>DecryptedEndPoint@6c5657f9{l=/127.0.0.1:35537,r=/127.0.0.1:60896,OPEN,fill=-,flush=-,to=10/30000}=>HttpConnection@438bc741[p=HttpParser{s=START,0 of -1},g=HttpGenerator@3f31aea4{s=START}]=>HttpChannelOverHttp@c8aae04{s=HttpChannelState@3b9809b4{s=IDLE rs=BLOCKING os=OPEN is=IDLE awp=false se=false i=true al=0},r=0,c=false/false,a=IDLE,uri=null,age=0}
04:06:39.740 [qtp399373008-62] DEBUG org.eclipse.jetty.io.ssl.SslConnection - fill NEED_UNWRAP
04:06:39.740 [qtp399373008-62] DEBUG org.eclipse.jetty.io.ChannelEndPoint - filled 0 HeapByteBuffer@3dc4242d[p=0,l=0,c=17408,r=0]={<<<>>>\x17\x03\x03\x068\xC4\xFb\xDde...\x00\x00\x00\x00\x00\x00\x00}
04:06:39.740 [qtp399373008-62] DEBUG org.eclipse.jetty.io.ssl.SslConnection - net filled=0
04:06:39.740 [qtp399373008-62] DEBUG org.eclipse.jetty.io.ssl.SslConnection - unwrap net_filled=0 Status = BUFFER_UNDERFLOW HandshakeStatus = NEED_UNWRAP bytesConsumed = 0 bytesProduced = 0 encryptedBuffer=[p=0,l=0,c=17408,r=0] unwrapBuffer=HeapByteBuffer@373c4f5d[p=0,l=0,c=17408,r=0]={<<<>>>\x17\x03\x03\x00\xC9\xCen\xC5\xFf...\x00\x00\x00\x00\x00\x00\x00} appBuffer=HeapByteBuffer@373c4f5d[p=0,l=0,c=17408,r=0]={<<<>>>\x17\x03\x03\x00\xC9\xCen\xC5\xFf...\x00\x00\x00\x00\x00\x00\x00}
04:06:39.740 [qtp399373008-62] DEBUG org.eclipse.jetty.io.ssl.SslConnection - <fill f=0 uf=true SslConnection@6186d4f2::SocketChannelEndPoint@29ab07e{l=/127.0.0.1:35537,r=/127.0.0.1:60896,OPEN,fill=-,flush=-,to=0/30000}{io=0/0,kio=0,kro=1}->SslConnection@6186d4f2{NEED_UNWRAP,eio=-1/-1,di=-1,fill=IDLE,flush=IDLE}~>DecryptedEndPoint@6c5657f9{l=/127.0.0.1:35537,r=/127.0.0.1:60896,OPEN,fill=-,flush=-,to=10/30000}=>HttpConnection@438bc741[p=HttpParser{s=START,0 of -1},g=HttpGenerator@3f31aea4{s=START}]=>HttpChannelOverHttp@c8aae04{s=HttpChannelState@3b9809b4{s=IDLE rs=BLOCKING os=OPEN is=IDLE awp=false se=false i=true al=0},r=0,c=false/false,a=IDLE,uri=null,age=0}
04:06:39.740 [qtp399373008-62] DEBUG org.eclipse.jetty.server.HttpConnection - HttpConnection@438bc741::DecryptedEndPoint@6c5657f9{l=/127.0.0.1:35537,r=/127.0.0.1:60896,OPEN,fill=-,flush=-,to=10/30000} filled 0 HeapByteBuffer@373c4f5d[p=0,l=0,c=17408,r=0]={<<<>>>\x17\x03\x03\x00\xC9\xCen\xC5\xFf...\x00\x00\x00\x00\x00\x00\x00}
04:06:39.740 [qtp399373008-62] DEBUG org.eclipse.jetty.server.HttpConnection - HttpConnection@438bc741::DecryptedEndPoint@6c5657f9{l=/127.0.0.1:35537,r=/127.0.0.1:60896,OPEN,fill=-,flush=-,to=10/30000} parse HeapByteBuffer@373c4f5d[p=0,l=0,c=17408,r=0]={<<<>>>\x17\x03\x03\x00\xC9\xCen\xC5\xFf...\x00\x00\x00\x00\x00\x00\x00} {}
04:06:39.740 [qtp399373008-62] DEBUG org.eclipse.jetty.http.HttpParser - parseNext s=START HeapByteBuffer@373c4f5d[p=0,l=0,c=17408,r=0]={<<<>>>\x17\x03\x03\x00\xC9\xCen\xC5\xFf...\x00\x00\x00\x00\x00\x00\x00}
04:06:39.740 [qtp399373008-62] DEBUG org.eclipse.jetty.server.HttpConnection - HttpConnection@438bc741::DecryptedEndPoint@6c5657f9{l=/127.0.0.1:35537,r=/127.0.0.1:60896,OPEN,fill=-,flush=-,to=10/30000} parsed false HttpParser{s=START,0 of -1}
04:06:39.740 [qtp399373008-62] DEBUG org.eclipse.jetty.server.HttpConnection - releaseRequestBuffer HttpConnection@438bc741::DecryptedEndPoint@6c5657f9{l=/127.0.0.1:35537,r=/127.0.0.1:60896,OPEN,fill=-,flush=-,to=10/30000}
04:06:39.740 [qtp399373008-62] DEBUG org.eclipse.jetty.io.AbstractConnection - fillInterested HttpConnection@438bc741::DecryptedEndPoint@6c5657f9{l=/127.0.0.1:35537,r=/127.0.0.1:60896,OPEN,fill=-,flush=-,to=11/30000}
04:06:39.740 [qtp399373008-62] DEBUG org.eclipse.jetty.io.FillInterest - interested FillInterest@229dd7cc{AC.ReadCB@438bc741{HttpConnection@438bc741::DecryptedEndPoint@6c5657f9{l=/127.0.0.1:35537,r=/127.0.0.1:60896,OPEN,fill=FI,flush=-,to=0/30000}}}
04:06:39.740 [qtp399373008-62] DEBUG org.eclipse.jetty.io.ssl.SslConnection - >needFillInterest s=IDLE/IDLE uf=true ei=null di=null SslConnection@6186d4f2::SocketChannelEndPoint@29ab07e{l=/127.0.0.1:35537,r=/127.0.0.1:60896,OPEN,fill=-,flush=-,to=0/30000}{io=0/0,kio=0,kro=1}->SslConnection@6186d4f2{NEED_UNWRAP,eio=-1/-1,di=-1,fill=IDLE,flush=IDLE}~>DecryptedEndPoint@6c5657f9{l=/127.0.0.1:35537,r=/127.0.0.1:60896,OPEN,fill=FI,flush=-,to=0/30000}=>HttpConnection@438bc741[p=HttpParser{s=START,0 of -1},g=HttpGenerator@3f31aea4{s=START}]=>HttpChannelOverHttp@c8aae04{s=HttpChannelState@3b9809b4{s=IDLE rs=BLOCKING os=OPEN is=IDLE awp=false se=false i=true al=0},r=0,c=false/false,a=IDLE,uri=null,age=0}
04:06:39.740 [qtp399373008-62] DEBUG org.eclipse.jetty.io.ssl.SslConnection - <needFillInterest s=IDLE/INTERESTED f=false i=true w=null
04:06:39.740 [qtp399373008-62] DEBUG org.eclipse.jetty.io.ssl.SslConnection - ensureFillInterested SslConnection@6186d4f2::SocketChannelEndPoint@29ab07e{l=/127.0.0.1:35537,r=/127.0.0.1:60896,OPEN,fill=-,flush=-,to=0/30000}{io=0/0,kio=0,kro=1}->SslConnection@6186d4f2{NEED_UNWRAP,eio=-1/-1,di=-1,fill=INTERESTED,flush=IDLE}~>DecryptedEndPoint@6c5657f9{l=/127.0.0.1:35537,r=/127.0.0.1:60896,OPEN,fill=FI,flush=-,to=0/30000}=>HttpConnection@438bc741[p=HttpParser{s=START,0 of -1},g=HttpGenerator@3f31aea4{s=START}]=>HttpChannelOverHttp@c8aae04{s=HttpChannelState@3b9809b4{s=IDLE rs=BLOCKING os=OPEN is=IDLE awp=false se=false i=true al=0},r=0,c=false/false,a=IDLE,uri=null,age=0}
04:06:39.740 [qtp399373008-62] DEBUG org.eclipse.jetty.io.FillInterest - interested FillInterest@7d37cd4e{SSLC.NBReadCB@6186d4f2{SslConnection@6186d4f2::SocketChannelEndPoint@29ab07e{l=/127.0.0.1:35537,r=/127.0.0.1:60896,OPEN,fill=FI,flush=-,to=0/30000}{io=0/0,kio=0,kro=1}->SslConnection@6186d4f2{NEED_UNWRAP,eio=-1/-1,di=-1,fill=INTERESTED,flush=IDLE}~>DecryptedEndPoint@6c5657f9{l=/127.0.0.1:35537,r=/127.0.0.1:60896,OPEN,fill=FI,flush=-,to=0/30000}=>HttpConnection@438bc741[p=HttpParser{s=START,0 of -1},g=HttpGenerator@3f31aea4{s=START}]=>HttpChannelOverHttp@c8aae04{s=HttpChannelState@3b9809b4{s=IDLE rs=BLOCKING os=OPEN is=IDLE awp=false se=false i=true al=0},r=0,c=false/false,a=IDLE,uri=null,age=0}}}
04:06:39.740 [qtp399373008-62] DEBUG org.eclipse.jetty.io.ChannelEndPoint - changeInterests p=false 0->1 for SocketChannelEndPoint@29ab07e{l=/127.0.0.1:35537,r=/127.0.0.1:60896,OPEN,fill=FI,flush=-,to=0/30000}{io=0/1,kio=0,kro=1}->SslConnection@6186d4f2{NEED_UNWRAP,eio=-1/-1,di=-1,fill=INTERESTED,flush=IDLE}~>DecryptedEndPoint@6c5657f9{l=/127.0.0.1:35537,r=/127.0.0.1:60896,OPEN,fill=FI,flush=-,to=0/30000}=>HttpConnection@438bc741[p=HttpParser{s=START,0 of -1},g=HttpGenerator@3f31aea4{s=START}]=>HttpChannelOverHttp@c8aae04{s=HttpChannelState@3b9809b4{s=IDLE rs=BLOCKING os=OPEN is=IDLE awp=false se=false i=true al=0},r=0,c=false/false,a=IDLE,uri=null,age=0}
04:06:39.740 [qtp399373008-62] DEBUG org.eclipse.jetty.io.ManagedSelector - Queued change lazy=false org.eclipse.jetty.io.ChannelEndPoint$$Lambda$255/2121444922@2a41b75e on ManagedSelector@7bb6ab3a{STARTED} id=3 keys=2 selected=0 updates=0
04:06:39.740 [qtp399373008-62] DEBUG org.eclipse.jetty.io.ManagedSelector - Wakeup on submit ManagedSelector@7bb6ab3a{STARTED} id=3 keys=2 selected=0 updates=1
04:06:39.740 [qtp399373008-62] DEBUG org.eclipse.jetty.server.HttpConnection - HttpConnection@438bc741::DecryptedEndPoint@6c5657f9{l=/127.0.0.1:35537,r=/127.0.0.1:60896,OPEN,fill=FI,flush=-,to=0/30000} onFillable exit HttpChannelState@3b9809b4{s=IDLE rs=BLOCKING os=OPEN is=IDLE awp=false se=false i=true al=0} null
04:06:39.740 [qtp399373008-61] DEBUG org.eclipse.jetty.io.ManagedSelector - Selector sun.nio.ch.EPollSelectorImpl@3ae8fa07 woken with none selected
04:06:39.740 [qtp399373008-61] DEBUG org.eclipse.jetty.io.ManagedSelector - Selector sun.nio.ch.EPollSelectorImpl@3ae8fa07 woken up from select, 0/0/2 selected
04:06:39.740 [qtp399373008-61] DEBUG org.eclipse.jetty.io.ManagedSelector - Selector sun.nio.ch.EPollSelectorImpl@3ae8fa07 processing 0 keys, 1 updates
04:06:39.740 [qtp399373008-61] DEBUG org.eclipse.jetty.io.ManagedSelector - updateable 1
04:06:39.740 [qtp399373008-61] DEBUG org.eclipse.jetty.io.ManagedSelector - update org.eclipse.jetty.io.ChannelEndPoint$$Lambda$255/2121444922@2a41b75e
04:06:39.740 [qtp399373008-62] DEBUG org.eclipse.jetty.io.ssl.SslConnection - <c.onFillable SslConnection@6186d4f2::SocketChannelEndPoint@29ab07e{l=/127.0.0.1:35537,r=/127.0.0.1:60896,OPEN,fill=FI,flush=-,to=0/30000}{io=0/1,kio=0,kro=1}->SslConnection@6186d4f2{NEED_UNWRAP,eio=-1/-1,di=-1,fill=INTERESTED,flush=IDLE}~>DecryptedEndPoint@6c5657f9{l=/127.0.0.1:35537,r=/127.0.0.1:60896,OPEN,fill=FI,flush=-,to=0/30000}=>HttpConnection@438bc741[p=HttpParser{s=START,0 of -1},g=HttpGenerator@3f31aea4{s=START}]=>HttpChannelOverHttp@c8aae04{s=HttpChannelState@3b9809b4{s=IDLE rs=BLOCKING os=OPEN is=IDLE awp=false se=false i=true al=0},r=0,c=false/false,a=IDLE,uri=null,age=0}
04:06:39.741 [qtp399373008-62] DEBUG org.eclipse.jetty.util.thread.ReservedThreadExecutor - ReservedThread@44631275{RUNNING,thread=Thread[qtp399373008-62,5,main]} was=RUNNING next=RESERVED size=0+2 capacity=8
04:06:39.741 [qtp399373008-62] DEBUG org.eclipse.jetty.util.thread.ReservedThreadExecutor - ReservedThread@44631275{RESERVED,thread=Thread[qtp399373008-62,5,main]} waiting ReservedThreadExecutor@424fd310{reserved=2/8,pending=0}
04:06:39.741 [qtp399373008-61] DEBUG org.eclipse.jetty.io.ChannelEndPoint - Key interests updated 0 -> 1 on SocketChannelEndPoint@29ab07e{l=/127.0.0.1:35537,r=/127.0.0.1:60896,OPEN,fill=FI,flush=-,to=0/30000}{io=1/1,kio=1,kro=1}->SslConnection@6186d4f2{NEED_UNWRAP,eio=-1/-1,di=-1,fill=INTERESTED,flush=IDLE}~>DecryptedEndPoint@6c5657f9{l=/127.0.0.1:35537,r=/127.0.0.1:60896,OPEN,fill=FI,flush=-,to=0/30000}=>HttpConnection@438bc741[p=HttpParser{s=START,0 of -1},g=HttpGenerator@3f31aea4{s=START}]=>HttpChannelOverHttp@c8aae04{s=HttpChannelState@3b9809b4{s=IDLE rs=BLOCKING os=OPEN is=IDLE awp=false se=false i=true al=0},r=0,c=false/false,a=IDLE,uri=null,age=0}
04:06:39.741 [qtp399373008-61] DEBUG org.eclipse.jetty.io.ManagedSelector - updates 0
04:06:39.741 [qtp399373008-61] DEBUG org.eclipse.jetty.io.ManagedSelector - Selector sun.nio.ch.EPollSelectorImpl@3ae8fa07 waiting with 2 keys
04:06:39.742 [qtp399373008-61] DEBUG org.eclipse.jetty.io.ManagedSelector - Selector sun.nio.ch.EPollSelectorImpl@3ae8fa07 woken up from select, 1/1/2 selected
04:06:39.742 [qtp399373008-61] DEBUG org.eclipse.jetty.io.ManagedSelector - Selector sun.nio.ch.EPollSelectorImpl@3ae8fa07 processing 1 keys, 0 updates
04:06:39.742 [qtp399373008-61] DEBUG org.eclipse.jetty.io.ManagedSelector - selected 1 sun.nio.ch.SelectionKeyImpl@301d2937 SocketChannelEndPoint@29ab07e{l=/127.0.0.1:35537,r=/127.0.0.1:60896,OPEN,fill=FI,flush=-,to=1/30000}{io=1/1,kio=1,kro=1}->SslConnection@6186d4f2{NEED_UNWRAP,eio=-1/-1,di=-1,fill=INTERESTED,flush=IDLE}~>DecryptedEndPoint@6c5657f9{l=/127.0.0.1:35537,r=/127.0.0.1:60896,OPEN,fill=FI,flush=-,to=1/30000}=>HttpConnection@438bc741[p=HttpParser{s=START,0 of -1},g=HttpGenerator@3f31aea4{s=START}]=>HttpChannelOverHttp@c8aae04{s=HttpChannelState@3b9809b4{s=IDLE rs=BLOCKING os=OPEN is=IDLE awp=false se=false i=true al=0},r=0,c=false/false,a=IDLE,uri=null,age=0} 
04:06:39.742 [qtp399373008-61] DEBUG org.eclipse.jetty.io.ChannelEndPoint - onSelected 1->0 r=true w=false for SocketChannelEndPoint@29ab07e{l=/127.0.0.1:35537,r=/127.0.0.1:60896,OPEN,fill=FI,flush=-,to=1/30000}{io=1/0,kio=1,kro=1}->SslConnection@6186d4f2{NEED_UNWRAP,eio=-1/-1,di=-1,fill=INTERESTED,flush=IDLE}~>DecryptedEndPoint@6c5657f9{l=/127.0.0.1:35537,r=/127.0.0.1:60896,OPEN,fill=FI,flush=-,to=1/30000}=>HttpConnection@438bc741[p=HttpParser{s=START,0 of -1},g=HttpGenerator@3f31aea4{s=START}]=>HttpChannelOverHttp@c8aae04{s=HttpChannelState@3b9809b4{s=IDLE rs=BLOCKING os=OPEN is=IDLE awp=false se=false i=true al=0},r=0,c=false/false,a=IDLE,uri=null,age=0}
04:06:39.742 [qtp399373008-61] DEBUG org.eclipse.jetty.io.ChannelEndPoint - task CEP:SocketChannelEndPoint@29ab07e{l=/127.0.0.1:35537,r=/127.0.0.1:60896,OPEN,fill=FI,flush=-,to=1/30000}{io=1/0,kio=1,kro=1}->SslConnection@6186d4f2{NEED_UNWRAP,eio=-1/-1,di=-1,fill=INTERESTED,flush=IDLE}~>DecryptedEndPoint@6c5657f9{l=/127.0.0.1:35537,r=/127.0.0.1:60896,OPEN,fill=FI,flush=-,to=1/30000}=>HttpConnection@438bc741[p=HttpParser{s=START,0 of -1},g=HttpGenerator@3f31aea4{s=START}]=>HttpChannelOverHttp@c8aae04{s=HttpChannelState@3b9809b4{s=IDLE rs=BLOCKING os=OPEN is=IDLE awp=false se=false i=true al=0},r=0,c=false/false,a=IDLE,uri=null,age=0}:runFillable:BLOCKING
04:06:39.742 [qtp399373008-61] DEBUG org.eclipse.jetty.util.thread.ReservedThreadExecutor - ReservedThreadExecutor@424fd310{reserved=2/8,pending=0} tryExecute EatWhatYouKill@f478a81/SelectorProducer@19553973/PRODUCING/p=false/QueuedThreadPool[qtp399373008]@17cdf2d0{STARTED,8<=8<=200,i=1,r=-1,q=0}[ReservedThreadExecutor@424fd310{reserved=2/8,pending=0}][pc=0,pic=0,pec=0,epc=4]@2024-05-02T04:06:39.742+01:00
04:06:39.742 [qtp399373008-62] DEBUG org.eclipse.jetty.util.thread.ReservedThreadExecutor - ReservedThread@44631275{RESERVED,thread=Thread[qtp399373008-62,5,main]} task=EatWhatYouKill@f478a81/SelectorProducer@19553973/IDLE/p=true/QueuedThreadPool[qtp399373008]@17cdf2d0{STARTED,8<=8<=200,i=1,r=-1,q=0}[ReservedThreadExecutor@424fd310{reserved=1/8,pending=0}][pc=0,pic=0,pec=0,epc=4]@2024-05-02T04:06:39.742+01:00 ReservedThreadExecutor@424fd310{reserved=1/8,pending=0}
04:06:39.742 [qtp399373008-61] DEBUG org.eclipse.jetty.util.thread.strategy.EatWhatYouKill - EatWhatYouKill@f478a81/SelectorProducer@19553973/IDLE/p=true/QueuedThreadPool[qtp399373008]@17cdf2d0{STARTED,8<=8<=200,i=1,r=-1,q=0}[ReservedThreadExecutor@424fd310{reserved=1/8,pending=0}][pc=0,pic=0,pec=0,epc=4]@2024-05-02T04:06:39.742+01:00 m=EXECUTE_PRODUCE_CONSUME t=CEP:SocketChannelEndPoint@29ab07e{l=/127.0.0.1:35537,r=/127.0.0.1:60896,OPEN,fill=FI,flush=-,to=2/30000}{io=1/0,kio=1,kro=1}->SslConnection@6186d4f2{NEED_UNWRAP,eio=-1/-1,di=-1,fill=INTERESTED,flush=IDLE}~>DecryptedEndPoint@6c5657f9{l=/127.0.0.1:35537,r=/127.0.0.1:60896,OPEN,fill=FI,flush=-,to=2/30000}=>HttpConnection@438bc741[p=HttpParser{s=START,0 of -1},g=HttpGenerator@3f31aea4{s=START}]=>HttpChannelOverHttp@c8aae04{s=HttpChannelState@3b9809b4{s=IDLE rs=BLOCKING os=OPEN is=IDLE awp=false se=false i=true al=0},r=0,c=false/false,a=IDLE,uri=null,age=0}:runFillable:BLOCKING/BLOCKING
04:06:39.742 [qtp399373008-62] DEBUG org.eclipse.jetty.util.thread.strategy.EatWhatYouKill - EatWhatYouKill@f478a81/SelectorProducer@19553973/IDLE/p=true/QueuedThreadPool[qtp399373008]@17cdf2d0{STARTED,8<=8<=200,i=1,r=-1,q=0}[ReservedThreadExecutor@424fd310{reserved=1/8,pending=0}][pc=0,pic=0,pec=0,epc=5]@2024-05-02T04:06:39.742+01:00 tryProduce true
04:06:39.742 [qtp399373008-62] DEBUG org.eclipse.jetty.io.ManagedSelector - updateable 0
04:06:39.742 [qtp399373008-62] DEBUG org.eclipse.jetty.io.ManagedSelector - updates 0
04:06:39.742 [qtp399373008-61] DEBUG org.eclipse.jetty.io.FillInterest - fillable FillInterest@7d37cd4e{SSLC.NBReadCB@6186d4f2{SslConnection@6186d4f2::SocketChannelEndPoint@29ab07e{l=/127.0.0.1:35537,r=/127.0.0.1:60896,OPEN,fill=FI,flush=-,to=2/30000}{io=1/0,kio=1,kro=1}->SslConnection@6186d4f2{NEED_UNWRAP,eio=-1/-1,di=-1,fill=INTERESTED,flush=IDLE}~>DecryptedEndPoint@6c5657f9{l=/127.0.0.1:35537,r=/127.0.0.1:60896,OPEN,fill=FI,flush=-,to=2/30000}=>HttpConnection@438bc741[p=HttpParser{s=START,0 of -1},g=HttpGenerator@3f31aea4{s=START}]=>HttpChannelOverHttp@c8aae04{s=HttpChannelState@3b9809b4{s=IDLE rs=BLOCKING os=OPEN is=IDLE awp=false se=false i=true al=0},r=0,c=false/false,a=IDLE,uri=null,age=0}}}
04:06:39.742 [qtp399373008-61] DEBUG org.eclipse.jetty.io.ssl.SslConnection - >c.onFillable SslConnection@6186d4f2::SocketChannelEndPoint@29ab07e{l=/127.0.0.1:35537,r=/127.0.0.1:60896,OPEN,fill=-,flush=-,to=2/30000}{io=0/0,kio=0,kro=1}->SslConnection@6186d4f2{NEED_UNWRAP,eio=-1/-1,di=-1,fill=INTERESTED,flush=IDLE}~>DecryptedEndPoint@6c5657f9{l=/127.0.0.1:35537,r=/127.0.0.1:60896,OPEN,fill=FI,flush=-,to=2/30000}=>HttpConnection@438bc741[p=HttpParser{s=START,0 of -1},g=HttpGenerator@3f31aea4{s=START}]=>HttpChannelOverHttp@c8aae04{s=HttpChannelState@3b9809b4{s=IDLE rs=BLOCKING os=OPEN is=IDLE awp=false se=false i=true al=0},r=0,c=false/false,a=IDLE,uri=null,age=0}
04:06:39.743 [qtp399373008-62] DEBUG org.eclipse.jetty.io.ChannelEndPoint - Key interests updated 1 -> 0 on SocketChannelEndPoint@29ab07e{l=/127.0.0.1:35537,r=/127.0.0.1:60896,OPEN,fill=FI,flush=-,to=2/30000}{io=0/0,kio=0,kro=1}->SslConnection@6186d4f2{NEED_UNWRAP,eio=-1/-1,di=-1,fill=INTERESTED,flush=IDLE}~>DecryptedEndPoint@6c5657f9{l=/127.0.0.1:35537,r=/127.0.0.1:60896,OPEN,fill=FI,flush=-,to=2/30000}=>HttpConnection@438bc741[p=HttpParser{s=START,0 of -1},g=HttpGenerator@3f31aea4{s=START}]=>HttpChannelOverHttp@c8aae04{s=HttpChannelState@3b9809b4{s=IDLE rs=BLOCKING os=OPEN is=IDLE awp=false se=false i=true al=0},r=0,c=false/false,a=IDLE,uri=null,age=0}
04:06:39.743 [qtp399373008-62] DEBUG org.eclipse.jetty.io.ManagedSelector - Selector sun.nio.ch.EPollSelectorImpl@3ae8fa07 waiting with 2 keys
04:06:39.743 [qtp399373008-61] DEBUG org.eclipse.jetty.io.ssl.SslConnection - onFillable SslConnection@6186d4f2::SocketChannelEndPoint@29ab07e{l=/127.0.0.1:35537,r=/127.0.0.1:60896,OPEN,fill=-,flush=-,to=2/30000}{io=0/0,kio=0,kro=1}->SslConnection@6186d4f2{NEED_UNWRAP,eio=-1/-1,di=-1,fill=INTERESTED,flush=IDLE}~>DecryptedEndPoint@6c5657f9{l=/127.0.0.1:35537,r=/127.0.0.1:60896,OPEN,fill=FI,flush=-,to=2/30000}=>HttpConnection@438bc741[p=HttpParser{s=START,0 of -1},g=HttpGenerator@3f31aea4{s=START}]=>HttpChannelOverHttp@c8aae04{s=HttpChannelState@3b9809b4{s=IDLE rs=BLOCKING os=OPEN is=IDLE awp=false se=false i=true al=0},r=0,c=false/false,a=IDLE,uri=null,age=0}
04:06:39.743 [qtp399373008-61] DEBUG org.eclipse.jetty.io.FillInterest - fillable FillInterest@229dd7cc{AC.ReadCB@438bc741{HttpConnection@438bc741::DecryptedEndPoint@6c5657f9{l=/127.0.0.1:35537,r=/127.0.0.1:60896,OPEN,fill=FI,flush=-,to=2/30000}}}
04:06:39.743 [qtp399373008-61] DEBUG org.eclipse.jetty.server.HttpConnection - HttpConnection@438bc741::DecryptedEndPoint@6c5657f9{l=/127.0.0.1:35537,r=/127.0.0.1:60896,OPEN,fill=-,flush=-,to=2/30000} onFillable enter HttpChannelState@3b9809b4{s=IDLE rs=BLOCKING os=OPEN is=IDLE awp=false se=false i=true al=0} null
04:06:39.743 [qtp399373008-61] DEBUG org.eclipse.jetty.io.ssl.SslConnection - >fill SslConnection@6186d4f2::SocketChannelEndPoint@29ab07e{l=/127.0.0.1:35537,r=/127.0.0.1:60896,OPEN,fill=-,flush=-,to=2/30000}{io=0/0,kio=0,kro=1}->SslConnection@6186d4f2{NEED_UNWRAP,eio=-1/-1,di=-1,fill=IDLE,flush=IDLE}~>DecryptedEndPoint@6c5657f9{l=/127.0.0.1:35537,r=/127.0.0.1:60896,OPEN,fill=-,flush=-,to=2/30000}=>HttpConnection@438bc741[p=HttpParser{s=START,0 of -1},g=HttpGenerator@3f31aea4{s=START}]=>HttpChannelOverHttp@c8aae04{s=HttpChannelState@3b9809b4{s=IDLE rs=BLOCKING os=OPEN is=IDLE awp=false se=false i=true al=0},r=0,c=false/false,a=IDLE,uri=null,age=0}
04:06:39.743 [qtp399373008-61] DEBUG org.eclipse.jetty.io.ssl.SslConnection - fill NEED_UNWRAP
04:06:39.743 [qtp399373008-61] DEBUG org.eclipse.jetty.io.ChannelEndPoint - filled 6 HeapByteBuffer@3dc4242d[p=0,l=6,c=17408,r=6]={<<<\x14\x03\x03\x00\x01\x01>>>\xFb\xDde\xEe\xB7\x88\xDc\xBa\xEe...\x00\x00\x00\x00\x00\x00\x00}
04:06:39.743 [qtp399373008-61] DEBUG org.eclipse.jetty.io.ssl.SslConnection - net filled=6
04:06:39.743 [qtp399373008-61] DEBUG org.eclipse.jetty.io.ssl.SslConnection - unwrap net_filled=6 Status = OK HandshakeStatus = NEED_UNWRAP bytesConsumed = 6 bytesProduced = 0 encryptedBuffer=[p=6,l=6,c=17408,r=0] unwrapBuffer=HeapByteBuffer@3303dde5[p=0,l=0,c=17408,r=0]={<<<>>>\x16\x03\x03\x01N\x01\x00\x01J...\x00\x00\x00\x00\x00\x00\x00} appBuffer=HeapByteBuffer@3303dde5[p=0,l=0,c=17408,r=0]={<<<>>>\x16\x03\x03\x01N\x01\x00\x01J...\x00\x00\x00\x00\x00\x00\x00}
04:06:39.743 [qtp399373008-61] DEBUG org.eclipse.jetty.io.ssl.SslConnection - fill NEED_UNWRAP
04:06:39.743 [qtp399373008-61] DEBUG org.eclipse.jetty.io.ChannelEndPoint - filled 0 HeapByteBuffer@3dc4242d[p=0,l=0,c=17408,r=0]={<<<>>>\x14\x03\x03\x00\x01\x01\xFb\xDde...\x00\x00\x00\x00\x00\x00\x00}
04:06:39.743 [qtp399373008-61] DEBUG org.eclipse.jetty.io.ssl.SslConnection - net filled=0
04:06:39.743 [qtp399373008-61] DEBUG org.eclipse.jetty.io.ssl.SslConnection - unwrap net_filled=0 Status = BUFFER_UNDERFLOW HandshakeStatus = NEED_UNWRAP bytesConsumed = 0 bytesProduced = 0 encryptedBuffer=[p=0,l=0,c=17408,r=0] unwrapBuffer=HeapByteBuffer@3303dde5[p=0,l=0,c=17408,r=0]={<<<>>>\x16\x03\x03\x01N\x01\x00\x01J...\x00\x00\x00\x00\x00\x00\x00} appBuffer=HeapByteBuffer@3303dde5[p=0,l=0,c=17408,r=0]={<<<>>>\x16\x03\x03\x01N\x01\x00\x01J...\x00\x00\x00\x00\x00\x00\x00}
04:06:39.743 [qtp399373008-61] DEBUG org.eclipse.jetty.io.ssl.SslConnection - <fill f=0 uf=true SslConnection@6186d4f2::SocketChannelEndPoint@29ab07e{l=/127.0.0.1:35537,r=/127.0.0.1:60896,OPEN,fill=-,flush=-,to=0/30000}{io=0/0,kio=0,kro=1}->SslConnection@6186d4f2{NEED_UNWRAP,eio=-1/-1,di=-1,fill=IDLE,flush=IDLE}~>DecryptedEndPoint@6c5657f9{l=/127.0.0.1:35537,r=/127.0.0.1:60896,OPEN,fill=-,flush=-,to=3/30000}=>HttpConnection@438bc741[p=HttpParser{s=START,0 of -1},g=HttpGenerator@3f31aea4{s=START}]=>HttpChannelOverHttp@c8aae04{s=HttpChannelState@3b9809b4{s=IDLE rs=BLOCKING os=OPEN is=IDLE awp=false se=false i=true al=0},r=0,c=false/false,a=IDLE,uri=null,age=0}
04:06:39.744 [qtp399373008-61] DEBUG org.eclipse.jetty.io.ssl.SslConnection - >fill SslConnection@6186d4f2::SocketChannelEndPoint@29ab07e{l=/127.0.0.1:35537,r=/127.0.0.1:60896,OPEN,fill=-,flush=-,to=0/30000}{io=0/0,kio=0,kro=1}->SslConnection@6186d4f2{NEED_UNWRAP,eio=-1/-1,di=-1,fill=IDLE,flush=IDLE}~>DecryptedEndPoint@6c5657f9{l=/127.0.0.1:35537,r=/127.0.0.1:60896,OPEN,fill=-,flush=-,to=3/30000}=>HttpConnection@438bc741[p=HttpParser{s=START,0 of -1},g=HttpGenerator@3f31aea4{s=START}]=>HttpChannelOverHttp@c8aae04{s=HttpChannelState@3b9809b4{s=IDLE rs=BLOCKING os=OPEN is=IDLE awp=false se=false i=true al=0},r=0,c=false/false,a=IDLE,uri=null,age=0}
04:06:39.744 [qtp399373008-61] DEBUG org.eclipse.jetty.io.ssl.SslConnection - fill NEED_UNWRAP
04:06:39.744 [qtp399373008-61] DEBUG org.eclipse.jetty.io.ChannelEndPoint - filled 0 HeapByteBuffer@373c4f5d[p=0,l=0,c=17408,r=0]={<<<>>>\x17\x03\x03\x00\xC9\xCen\xC5\xFf...\x00\x00\x00\x00\x00\x00\x00}
04:06:39.744 [qtp399373008-61] DEBUG org.eclipse.jetty.io.ssl.SslConnection - net filled=0
04:06:39.744 [qtp399373008-61] DEBUG org.eclipse.jetty.io.ssl.SslConnection - unwrap net_filled=0 Status = BUFFER_UNDERFLOW HandshakeStatus = NEED_UNWRAP bytesConsumed = 0 bytesProduced = 0 encryptedBuffer=[p=0,l=0,c=17408,r=0] unwrapBuffer=HeapByteBuffer@3303dde5[p=0,l=0,c=17408,r=0]={<<<>>>\x16\x03\x03\x01N\x01\x00\x01J...\x00\x00\x00\x00\x00\x00\x00} appBuffer=HeapByteBuffer@3303dde5[p=0,l=0,c=17408,r=0]={<<<>>>\x16\x03\x03\x01N\x01\x00\x01J...\x00\x00\x00\x00\x00\x00\x00}
04:06:39.744 [qtp399373008-61] DEBUG org.eclipse.jetty.io.ssl.SslConnection - <fill f=0 uf=true SslConnection@6186d4f2::SocketChannelEndPoint@29ab07e{l=/127.0.0.1:35537,r=/127.0.0.1:60896,OPEN,fill=-,flush=-,to=0/30000}{io=0/0,kio=0,kro=1}->SslConnection@6186d4f2{NEED_UNWRAP,eio=-1/-1,di=-1,fill=IDLE,flush=IDLE}~>DecryptedEndPoint@6c5657f9{l=/127.0.0.1:35537,r=/127.0.0.1:60896,OPEN,fill=-,flush=-,to=3/30000}=>HttpConnection@438bc741[p=HttpParser{s=START,0 of -1},g=HttpGenerator@3f31aea4{s=START}]=>HttpChannelOverHttp@c8aae04{s=HttpChannelState@3b9809b4{s=IDLE rs=BLOCKING os=OPEN is=IDLE awp=false se=false i=true al=0},r=0,c=false/false,a=IDLE,uri=null,age=0}
04:06:39.744 [qtp399373008-61] DEBUG org.eclipse.jetty.server.HttpConnection - HttpConnection@438bc741::DecryptedEndPoint@6c5657f9{l=/127.0.0.1:35537,r=/127.0.0.1:60896,OPEN,fill=-,flush=-,to=3/30000} filled 0 HeapByteBuffer@3303dde5[p=0,l=0,c=17408,r=0]={<<<>>>\x16\x03\x03\x01N\x01\x00\x01J...\x00\x00\x00\x00\x00\x00\x00}
04:06:39.744 [qtp399373008-61] DEBUG org.eclipse.jetty.server.HttpConnection - HttpConnection@438bc741::DecryptedEndPoint@6c5657f9{l=/127.0.0.1:35537,r=/127.0.0.1:60896,OPEN,fill=-,flush=-,to=3/30000} parse HeapByteBuffer@3303dde5[p=0,l=0,c=17408,r=0]={<<<>>>\x16\x03\x03\x01N\x01\x00\x01J...\x00\x00\x00\x00\x00\x00\x00} {}
04:06:39.744 [qtp399373008-61] DEBUG org.eclipse.jetty.http.HttpParser - parseNext s=START HeapByteBuffer@3303dde5[p=0,l=0,c=17408,r=0]={<<<>>>\x16\x03\x03\x01N\x01\x00\x01J...\x00\x00\x00\x00\x00\x00\x00}
04:06:39.744 [qtp399373008-61] DEBUG org.eclipse.jetty.server.HttpConnection - HttpConnection@438bc741::DecryptedEndPoint@6c5657f9{l=/127.0.0.1:35537,r=/127.0.0.1:60896,OPEN,fill=-,flush=-,to=4/30000} parsed false HttpParser{s=START,0 of -1}
04:06:39.744 [qtp399373008-61] DEBUG org.eclipse.jetty.server.HttpConnection - releaseRequestBuffer HttpConnection@438bc741::DecryptedEndPoint@6c5657f9{l=/127.0.0.1:35537,r=/127.0.0.1:60896,OPEN,fill=-,flush=-,to=4/30000}
04:06:39.744 [qtp399373008-61] DEBUG org.eclipse.jetty.io.AbstractConnection - fillInterested HttpConnection@438bc741::DecryptedEndPoint@6c5657f9{l=/127.0.0.1:35537,r=/127.0.0.1:60896,OPEN,fill=-,flush=-,to=4/30000}
04:06:39.744 [qtp399373008-61] DEBUG org.eclipse.jetty.io.FillInterest - interested FillInterest@229dd7cc{AC.ReadCB@438bc741{HttpConnection@438bc741::DecryptedEndPoint@6c5657f9{l=/127.0.0.1:35537,r=/127.0.0.1:60896,OPEN,fill=FI,flush=-,to=0/30000}}}
04:06:39.744 [qtp399373008-61] DEBUG org.eclipse.jetty.io.ssl.SslConnection - >needFillInterest s=IDLE/IDLE uf=true ei=null di=null SslConnection@6186d4f2::SocketChannelEndPoint@29ab07e{l=/127.0.0.1:35537,r=/127.0.0.1:60896,OPEN,fill=-,flush=-,to=0/30000}{io=0/0,kio=0,kro=1}->SslConnection@6186d4f2{NEED_UNWRAP,eio=-1/-1,di=-1,fill=IDLE,flush=IDLE}~>DecryptedEndPoint@6c5657f9{l=/127.0.0.1:35537,r=/127.0.0.1:60896,OPEN,fill=FI,flush=-,to=0/30000}=>HttpConnection@438bc741[p=HttpParser{s=START,0 of -1},g=HttpGenerator@3f31aea4{s=START}]=>HttpChannelOverHttp@c8aae04{s=HttpChannelState@3b9809b4{s=IDLE rs=BLOCKING os=OPEN is=IDLE awp=false se=false i=true al=0},r=0,c=false/false,a=IDLE,uri=null,age=0}
04:06:39.744 [qtp399373008-61] DEBUG org.eclipse.jetty.io.ssl.SslConnection - <needFillInterest s=IDLE/INTERESTED f=false i=true w=null
04:06:39.744 [qtp399373008-61] DEBUG org.eclipse.jetty.io.ssl.SslConnection - ensureFillInterested SslConnection@6186d4f2::SocketChannelEndPoint@29ab07e{l=/127.0.0.1:35537,r=/127.0.0.1:60896,OPEN,fill=-,flush=-,to=1/30000}{io=0/0,kio=0,kro=1}->SslConnection@6186d4f2{NEED_UNWRAP,eio=-1/-1,di=-1,fill=INTERESTED,flush=IDLE}~>DecryptedEndPoint@6c5657f9{l=/127.0.0.1:35537,r=/127.0.0.1:60896,OPEN,fill=FI,flush=-,to=0/30000}=>HttpConnection@438bc741[p=HttpParser{s=START,0 of -1},g=HttpGenerator@3f31aea4{s=START}]=>HttpChannelOverHttp@c8aae04{s=HttpChannelState@3b9809b4{s=IDLE rs=BLOCKING os=OPEN is=IDLE awp=false se=false i=true al=0},r=0,c=false/false,a=IDLE,uri=null,age=0}
04:06:39.744 [qtp399373008-61] DEBUG org.eclipse.jetty.io.FillInterest - interested FillInterest@7d37cd4e{SSLC.NBReadCB@6186d4f2{SslConnection@6186d4f2::SocketChannelEndPoint@29ab07e{l=/127.0.0.1:35537,r=/127.0.0.1:60896,OPEN,fill=FI,flush=-,to=0/30000}{io=0/0,kio=0,kro=1}->SslConnection@6186d4f2{NEED_UNWRAP,eio=-1/-1,di=-1,fill=INTERESTED,flush=IDLE}~>DecryptedEndPoint@6c5657f9{l=/127.0.0.1:35537,r=/127.0.0.1:60896,OPEN,fill=FI,flush=-,to=0/30000}=>HttpConnection@438bc741[p=HttpParser{s=START,0 of -1},g=HttpGenerator@3f31aea4{s=START}]=>HttpChannelOverHttp@c8aae04{s=HttpChannelState@3b9809b4{s=IDLE rs=BLOCKING os=OPEN is=IDLE awp=false se=false i=true al=0},r=0,c=false/false,a=IDLE,uri=null,age=0}}}
04:06:39.744 [qtp399373008-61] DEBUG org.eclipse.jetty.io.ChannelEndPoint - changeInterests p=false 0->1 for SocketChannelEndPoint@29ab07e{l=/127.0.0.1:35537,r=/127.0.0.1:60896,OPEN,fill=FI,flush=-,to=0/30000}{io=0/1,kio=0,kro=1}->SslConnection@6186d4f2{NEED_UNWRAP,eio=-1/-1,di=-1,fill=INTERESTED,flush=IDLE}~>DecryptedEndPoint@6c5657f9{l=/127.0.0.1:35537,r=/127.0.0.1:60896,OPEN,fill=FI,flush=-,to=0/30000}=>HttpConnection@438bc741[p=HttpParser{s=START,0 of -1},g=HttpGenerator@3f31aea4{s=START}]=>HttpChannelOverHttp@c8aae04{s=HttpChannelState@3b9809b4{s=IDLE rs=BLOCKING os=OPEN is=IDLE awp=false se=false i=true al=0},r=0,c=false/false,a=IDLE,uri=null,age=0}
04:06:39.744 [qtp399373008-61] DEBUG org.eclipse.jetty.io.ManagedSelector - Queued change lazy=false org.eclipse.jetty.io.ChannelEndPoint$$Lambda$255/2121444922@2a41b75e on ManagedSelector@7bb6ab3a{STARTED} id=3 keys=2 selected=0 updates=0
04:06:39.744 [qtp399373008-61] DEBUG org.eclipse.jetty.io.ManagedSelector - Wakeup on submit ManagedSelector@7bb6ab3a{STARTED} id=3 keys=2 selected=0 updates=1
04:06:39.745 [qtp399373008-61] DEBUG org.eclipse.jetty.server.HttpConnection - HttpConnection@438bc741::DecryptedEndPoint@6c5657f9{l=/127.0.0.1:35537,r=/127.0.0.1:60896,OPEN,fill=FI,flush=-,to=0/30000} onFillable exit HttpChannelState@3b9809b4{s=IDLE rs=BLOCKING os=OPEN is=IDLE awp=false se=false i=true al=0} null
04:06:39.745 [qtp399373008-62] DEBUG org.eclipse.jetty.io.ManagedSelector - Selector sun.nio.ch.EPollSelectorImpl@3ae8fa07 woken with none selected
04:06:39.745 [qtp399373008-62] DEBUG org.eclipse.jetty.io.ManagedSelector - Selector sun.nio.ch.EPollSelectorImpl@3ae8fa07 woken up from select, 0/0/2 selected
04:06:39.745 [qtp399373008-62] DEBUG org.eclipse.jetty.io.ManagedSelector - Selector sun.nio.ch.EPollSelectorImpl@3ae8fa07 processing 0 keys, 1 updates
04:06:39.745 [qtp399373008-62] DEBUG org.eclipse.jetty.io.ManagedSelector - updateable 1
04:06:39.745 [qtp399373008-62] DEBUG org.eclipse.jetty.io.ManagedSelector - update org.eclipse.jetty.io.ChannelEndPoint$$Lambda$255/2121444922@2a41b75e
04:06:39.745 [qtp399373008-61] DEBUG org.eclipse.jetty.io.ssl.SslConnection - <c.onFillable SslConnection@6186d4f2::SocketChannelEndPoint@29ab07e{l=/127.0.0.1:35537,r=/127.0.0.1:60896,OPEN,fill=FI,flush=-,to=0/30000}{io=0/1,kio=0,kro=1}->SslConnection@6186d4f2{NEED_UNWRAP,eio=-1/-1,di=-1,fill=INTERESTED,flush=IDLE}~>DecryptedEndPoint@6c5657f9{l=/127.0.0.1:35537,r=/127.0.0.1:60896,OPEN,fill=FI,flush=-,to=0/30000}=>HttpConnection@438bc741[p=HttpParser{s=START,0 of -1},g=HttpGenerator@3f31aea4{s=START}]=>HttpChannelOverHttp@c8aae04{s=HttpChannelState@3b9809b4{s=IDLE rs=BLOCKING os=OPEN is=IDLE awp=false se=false i=true al=0},r=0,c=false/false,a=IDLE,uri=null,age=0}
04:06:39.745 [qtp399373008-61] DEBUG org.eclipse.jetty.util.thread.ReservedThreadExecutor - ReservedThread@27624ead{RUNNING,thread=Thread[qtp399373008-61,5,main]} was=RUNNING next=RESERVED size=0+2 capacity=8
04:06:39.745 [qtp399373008-62] DEBUG org.eclipse.jetty.io.ChannelEndPoint - Key interests updated 0 -> 1 on SocketChannelEndPoint@29ab07e{l=/127.0.0.1:35537,r=/127.0.0.1:60896,OPEN,fill=FI,flush=-,to=0/30000}{io=1/1,kio=1,kro=1}->SslConnection@6186d4f2{NEED_UNWRAP,eio=-1/-1,di=-1,fill=INTERESTED,flush=IDLE}~>DecryptedEndPoint@6c5657f9{l=/127.0.0.1:35537,r=/127.0.0.1:60896,OPEN,fill=FI,flush=-,to=0/30000}=>HttpConnection@438bc741[p=HttpParser{s=START,0 of -1},g=HttpGenerator@3f31aea4{s=START}]=>HttpChannelOverHttp@c8aae04{s=HttpChannelState@3b9809b4{s=IDLE rs=BLOCKING os=OPEN is=IDLE awp=false se=false i=true al=0},r=0,c=false/false,a=IDLE,uri=null,age=0}
04:06:39.745 [qtp399373008-62] DEBUG org.eclipse.jetty.io.ManagedSelector - updates 0
04:06:39.745 [qtp399373008-61] DEBUG org.eclipse.jetty.util.thread.ReservedThreadExecutor - ReservedThread@27624ead{RESERVED,thread=Thread[qtp399373008-61,5,main]} waiting ReservedThreadExecutor@424fd310{reserved=2/8,pending=0}
04:06:39.745 [qtp399373008-62] DEBUG org.eclipse.jetty.io.ManagedSelector - Selector sun.nio.ch.EPollSelectorImpl@3ae8fa07 waiting with 2 keys
04:06:39.785 [qtp399373008-62] DEBUG org.eclipse.jetty.io.ManagedSelector - Selector sun.nio.ch.EPollSelectorImpl@3ae8fa07 woken up from select, 1/1/2 selected
04:06:39.785 [qtp399373008-62] DEBUG org.eclipse.jetty.io.ManagedSelector - Selector sun.nio.ch.EPollSelectorImpl@3ae8fa07 processing 1 keys, 0 updates
04:06:39.785 [qtp399373008-62] DEBUG org.eclipse.jetty.io.ManagedSelector - selected 1 sun.nio.ch.SelectionKeyImpl@301d2937 SocketChannelEndPoint@29ab07e{l=/127.0.0.1:35537,r=/127.0.0.1:60896,OPEN,fill=FI,flush=-,to=40/30000}{io=1/1,kio=1,kro=1}->SslConnection@6186d4f2{NEED_UNWRAP,eio=-1/-1,di=-1,fill=INTERESTED,flush=IDLE}~>DecryptedEndPoint@6c5657f9{l=/127.0.0.1:35537,r=/127.0.0.1:60896,OPEN,fill=FI,flush=-,to=40/30000}=>HttpConnection@438bc741[p=HttpParser{s=START,0 of -1},g=HttpGenerator@3f31aea4{s=START}]=>HttpChannelOverHttp@c8aae04{s=HttpChannelState@3b9809b4{s=IDLE rs=BLOCKING os=OPEN is=IDLE awp=false se=false i=true al=0},r=0,c=false/false,a=IDLE,uri=null,age=0} 
04:06:39.785 [qtp399373008-62] DEBUG org.eclipse.jetty.io.ChannelEndPoint - onSelected 1->0 r=true w=false for SocketChannelEndPoint@29ab07e{l=/127.0.0.1:35537,r=/127.0.0.1:60896,OPEN,fill=FI,flush=-,to=40/30000}{io=1/0,kio=1,kro=1}->SslConnection@6186d4f2{NEED_UNWRAP,eio=-1/-1,di=-1,fill=INTERESTED,flush=IDLE}~>DecryptedEndPoint@6c5657f9{l=/127.0.0.1:35537,r=/127.0.0.1:60896,OPEN,fill=FI,flush=-,to=40/30000}=>HttpConnection@438bc741[p=HttpParser{s=START,0 of -1},g=HttpGenerator@3f31aea4{s=START}]=>HttpChannelOverHttp@c8aae04{s=HttpChannelState@3b9809b4{s=IDLE rs=BLOCKING os=OPEN is=IDLE awp=false se=false i=true al=0},r=0,c=false/false,a=IDLE,uri=null,age=0}
04:06:39.785 [qtp399373008-62] DEBUG org.eclipse.jetty.io.ChannelEndPoint - task CEP:SocketChannelEndPoint@29ab07e{l=/127.0.0.1:35537,r=/127.0.0.1:60896,OPEN,fill=FI,flush=-,to=40/30000}{io=1/0,kio=1,kro=1}->SslConnection@6186d4f2{NEED_UNWRAP,eio=-1/-1,di=-1,fill=INTERESTED,flush=IDLE}~>DecryptedEndPoint@6c5657f9{l=/127.0.0.1:35537,r=/127.0.0.1:60896,OPEN,fill=FI,flush=-,to=41/30000}=>HttpConnection@438bc741[p=HttpParser{s=START,0 of -1},g=HttpGenerator@3f31aea4{s=START}]=>HttpChannelOverHttp@c8aae04{s=HttpChannelState@3b9809b4{s=IDLE rs=BLOCKING os=OPEN is=IDLE awp=false se=false i=true al=0},r=0,c=false/false,a=IDLE,uri=null,age=0}:runFillable:BLOCKING
04:06:39.785 [qtp399373008-62] DEBUG org.eclipse.jetty.util.thread.ReservedThreadExecutor - ReservedThreadExecutor@424fd310{reserved=2/8,pending=0} tryExecute EatWhatYouKill@f478a81/SelectorProducer@19553973/PRODUCING/p=false/QueuedThreadPool[qtp399373008]@17cdf2d0{STARTED,8<=8<=200,i=1,r=-1,q=0}[ReservedThreadExecutor@424fd310{reserved=2/8,pending=0}][pc=0,pic=0,pec=0,epc=5]@2024-05-02T04:06:39.785+01:00
04:06:39.785 [qtp399373008-62] DEBUG org.eclipse.jetty.util.thread.strategy.EatWhatYouKill - EatWhatYouKill@f478a81/SelectorProducer@19553973/IDLE/p=true/QueuedThreadPool[qtp399373008]@17cdf2d0{STARTED,8<=8<=200,i=1,r=-1,q=0}[ReservedThreadExecutor@424fd310{reserved=1/8,pending=0}][pc=0,pic=0,pec=0,epc=5]@2024-05-02T04:06:39.785+01:00 m=EXECUTE_PRODUCE_CONSUME t=CEP:SocketChannelEndPoint@29ab07e{l=/127.0.0.1:35537,r=/127.0.0.1:60896,OPEN,fill=FI,flush=-,to=41/30000}{io=1/0,kio=1,kro=1}->SslConnection@6186d4f2{NEED_UNWRAP,eio=-1/-1,di=-1,fill=INTERESTED,flush=IDLE}~>DecryptedEndPoint@6c5657f9{l=/127.0.0.1:35537,r=/127.0.0.1:60896,OPEN,fill=FI,flush=-,to=41/30000}=>HttpConnection@438bc741[p=HttpParser{s=START,0 of -1},g=HttpGenerator@3f31aea4{s=START}]=>HttpChannelOverHttp@c8aae04{s=HttpChannelState@3b9809b4{s=IDLE rs=BLOCKING os=OPEN is=IDLE awp=false se=false i=true al=0},r=0,c=false/false,a=IDLE,uri=null,age=0}:runFillable:BLOCKING/BLOCKING
04:06:39.785 [qtp399373008-61] DEBUG org.eclipse.jetty.util.thread.ReservedThreadExecutor - ReservedThread@27624ead{RESERVED,thread=Thread[qtp399373008-61,5,main]} task=EatWhatYouKill@f478a81/SelectorProducer@19553973/IDLE/p=true/QueuedThreadPool[qtp399373008]@17cdf2d0{STARTED,8<=8<=200,i=1,r=-1,q=0}[ReservedThreadExecutor@424fd310{reserved=1/8,pending=0}][pc=0,pic=0,pec=0,epc=5]@2024-05-02T04:06:39.785+01:00 ReservedThreadExecutor@424fd310{reserved=1/8,pending=0}
04:06:39.785 [qtp399373008-62] DEBUG org.eclipse.jetty.io.FillInterest - fillable FillInterest@7d37cd4e{SSLC.NBReadCB@6186d4f2{SslConnection@6186d4f2::SocketChannelEndPoint@29ab07e{l=/127.0.0.1:35537,r=/127.0.0.1:60896,OPEN,fill=FI,flush=-,to=41/30000}{io=1/0,kio=1,kro=1}->SslConnection@6186d4f2{NEED_UNWRAP,eio=-1/-1,di=-1,fill=INTERESTED,flush=IDLE}~>DecryptedEndPoint@6c5657f9{l=/127.0.0.1:35537,r=/127.0.0.1:60896,OPEN,fill=FI,flush=-,to=41/30000}=>HttpConnection@438bc741[p=HttpParser{s=START,0 of -1},g=HttpGenerator@3f31aea4{s=START}]=>HttpChannelOverHttp@c8aae04{s=HttpChannelState@3b9809b4{s=IDLE rs=BLOCKING os=OPEN is=IDLE awp=false se=false i=true al=0},r=0,c=false/false,a=IDLE,uri=null,age=0}}}
04:06:39.785 [qtp399373008-62] DEBUG org.eclipse.jetty.io.ssl.SslConnection - >c.onFillable SslConnection@6186d4f2::SocketChannelEndPoint@29ab07e{l=/127.0.0.1:35537,r=/127.0.0.1:60896,OPEN,fill=-,flush=-,to=41/30000}{io=1/0,kio=1,kro=1}->SslConnection@6186d4f2{NEED_UNWRAP,eio=-1/-1,di=-1,fill=INTERESTED,flush=IDLE}~>DecryptedEndPoint@6c5657f9{l=/127.0.0.1:35537,r=/127.0.0.1:60896,OPEN,fill=FI,flush=-,to=41/30000}=>HttpConnection@438bc741[p=HttpParser{s=START,0 of -1},g=HttpGenerator@3f31aea4{s=START}]=>HttpChannelOverHttp@c8aae04{s=HttpChannelState@3b9809b4{s=IDLE rs=BLOCKING os=OPEN is=IDLE awp=false se=false i=true al=0},r=0,c=false/false,a=IDLE,uri=null,age=0}
04:06:39.785 [qtp399373008-61] DEBUG org.eclipse.jetty.util.thread.strategy.EatWhatYouKill - EatWhatYouKill@f478a81/SelectorProducer@19553973/IDLE/p=true/QueuedThreadPool[qtp399373008]@17cdf2d0{STARTED,8<=8<=200,i=1,r=-1,q=0}[ReservedThreadExecutor@424fd310{reserved=1/8,pending=0}][pc=0,pic=0,pec=0,epc=6]@2024-05-02T04:06:39.785+01:00 tryProduce true
04:06:39.785 [qtp399373008-61] DEBUG org.eclipse.jetty.io.ManagedSelector - updateable 0
04:06:39.785 [qtp399373008-61] DEBUG org.eclipse.jetty.io.ManagedSelector - updates 0
04:06:39.785 [qtp399373008-62] DEBUG org.eclipse.jetty.io.ssl.SslConnection - onFillable SslConnection@6186d4f2::SocketChannelEndPoint@29ab07e{l=/127.0.0.1:35537,r=/127.0.0.1:60896,OPEN,fill=-,flush=-,to=41/30000}{io=1/0,kio=1,kro=1}->SslConnection@6186d4f2{NEED_UNWRAP,eio=-1/-1,di=-1,fill=INTERESTED,flush=IDLE}~>DecryptedEndPoint@6c5657f9{l=/127.0.0.1:35537,r=/127.0.0.1:60896,OPEN,fill=FI,flush=-,to=41/30000}=>HttpConnection@438bc741[p=HttpParser{s=START,0 of -1},g=HttpGenerator@3f31aea4{s=START}]=>HttpChannelOverHttp@c8aae04{s=HttpChannelState@3b9809b4{s=IDLE rs=BLOCKING os=OPEN is=IDLE awp=false se=false i=true al=0},r=0,c=false/false,a=IDLE,uri=null,age=0}
04:06:39.785 [qtp399373008-62] DEBUG org.eclipse.jetty.io.FillInterest - fillable FillInterest@229dd7cc{AC.ReadCB@438bc741{HttpConnection@438bc741::DecryptedEndPoint@6c5657f9{l=/127.0.0.1:35537,r=/127.0.0.1:60896,OPEN,fill=FI,flush=-,to=41/30000}}}
04:06:39.786 [qtp399373008-62] DEBUG org.eclipse.jetty.server.HttpConnection - HttpConnection@438bc741::DecryptedEndPoint@6c5657f9{l=/127.0.0.1:35537,r=/127.0.0.1:60896,OPEN,fill=-,flush=-,to=41/30000} onFillable enter HttpChannelState@3b9809b4{s=IDLE rs=BLOCKING os=OPEN is=IDLE awp=false se=false i=true al=0} null
04:06:39.786 [qtp399373008-61] DEBUG org.eclipse.jetty.io.ChannelEndPoint - Key interests updated 1 -> 0 on SocketChannelEndPoint@29ab07e{l=/127.0.0.1:35537,r=/127.0.0.1:60896,OPEN,fill=-,flush=-,to=41/30000}{io=0/0,kio=0,kro=1}->SslConnection@6186d4f2{NEED_UNWRAP,eio=-1/-1,di=-1,fill=IDLE,flush=IDLE}~>DecryptedEndPoint@6c5657f9{l=/127.0.0.1:35537,r=/127.0.0.1:60896,OPEN,fill=FI,flush=-,to=41/30000}=>HttpConnection@438bc741[p=HttpParser{s=START,0 of -1},g=HttpGenerator@3f31aea4{s=START}]=>HttpChannelOverHttp@c8aae04{s=HttpChannelState@3b9809b4{s=IDLE rs=BLOCKING os=OPEN is=IDLE awp=false se=false i=true al=0},r=0,c=false/false,a=IDLE,uri=null,age=0}
04:06:39.786 [qtp399373008-61] DEBUG org.eclipse.jetty.io.ManagedSelector - Selector sun.nio.ch.EPollSelectorImpl@3ae8fa07 waiting with 2 keys
04:06:39.786 [qtp399373008-62] DEBUG org.eclipse.jetty.io.ssl.SslConnection - >fill SslConnection@6186d4f2::SocketChannelEndPoint@29ab07e{l=/127.0.0.1:35537,r=/127.0.0.1:60896,OPEN,fill=-,flush=-,to=41/30000}{io=0/0,kio=0,kro=1}->SslConnection@6186d4f2{NEED_UNWRAP,eio=-1/-1,di=-1,fill=IDLE,flush=IDLE}~>DecryptedEndPoint@6c5657f9{l=/127.0.0.1:35537,r=/127.0.0.1:60896,OPEN,fill=-,flush=-,to=41/30000}=>HttpConnection@438bc741[p=HttpParser{s=START,0 of -1},g=HttpGenerator@3f31aea4{s=START}]=>HttpChannelOverHttp@c8aae04{s=HttpChannelState@3b9809b4{s=IDLE rs=BLOCKING os=OPEN is=IDLE awp=false se=false i=true al=0},r=0,c=false/false,a=IDLE,uri=null,age=0}
04:06:39.786 [qtp399373008-62] DEBUG org.eclipse.jetty.io.ssl.SslConnection - fill NEED_UNWRAP
04:06:39.786 [qtp399373008-62] DEBUG org.eclipse.jetty.io.ChannelEndPoint - filled 1501 HeapByteBuffer@373c4f5d[p=0,l=1501,c=17408,r=1501]={<<<\x17\x03\x03\x03\xAd+\x1a\xAe\xB7\x18\x91\xD7\x96\x82\x02L\x90\x99\xFcJ\x86<\\\x0fK...\x1d\x05\x837\x87\xCf\x93E\x03\xEf!qS\x05\xC2h\x1f2R+\x9c\xB0?>>>\x7fj\xF2$s\xBd\xC5K\x80...\x00\x00\x00\x00\x00\x00\x00}
04:06:39.786 [qtp399373008-62] DEBUG org.eclipse.jetty.io.ssl.SslConnection - net filled=1501
04:06:39.786 [qtp399373008-62] DEBUG org.eclipse.jetty.io.ssl.SslConnection - unwrap net_filled=1501 Status = OK HandshakeStatus = NEED_TASK bytesConsumed = 946 bytesProduced = 0 encryptedBuffer=[p=946,l=1501,c=17408,r=555] unwrapBuffer=HeapByteBuffer@3dc4242d[p=0,l=0,c=17408,r=0]={<<<>>>\x14\x03\x03\x00\x01\x01\xFb\xDde...\x00\x00\x00\x00\x00\x00\x00} appBuffer=HeapByteBuffer@3dc4242d[p=0,l=0,c=17408,r=0]={<<<>>>\x14\x03\x03\x00\x01\x01\xFb\xDde...\x00\x00\x00\x00\x00\x00\x00}
04:06:39.786 [qtp399373008-62] DEBUG org.eclipse.jetty.io.ssl.SslConnection - fill NEED_TASK
04:06:39.786 [qtp399373008-62] DEBUG org.eclipse.jetty.io.ssl.SslConnection - fill NEED_UNWRAP
04:06:39.786 [qtp399373008-62] DEBUG org.eclipse.jetty.io.ChannelEndPoint - filled 0 HeapByteBuffer@373c4f5d[p=946,l=1501,c=17408,r=555]={\x17\x03\x03\x03\xAd\x0b\x00\x03\x88...z\xEf\xC85\xD3\xB5\x81<<<\x17\x03\x03\x01)\x19\x12\x8a\x16A\xAd\xBa+\xBf\xEer\xD2\x8d{&\x1c\xF1r\xB43...\x1d\x05\x837\x87\xCf\x93E\x03\xEf!qS\x05\xC2h\x1f2R+\x9c\xB0?>>>\x7fj\xF2$s\xBd\xC5K\x80...\x00\x00\x00\x00\x00\x00\x00}
04:06:39.786 [qtp399373008-62] DEBUG org.eclipse.jetty.io.ssl.SslConnection - net filled=0
04:06:39.786 [qtp399373008-62] DEBUG org.eclipse.jetty.io.ssl.SslConnection - unwrap net_filled=0 Status = OK HandshakeStatus = NEED_TASK bytesConsumed = 302 bytesProduced = 0 encryptedBuffer=[p=1248,l=1501,c=17408,r=253] unwrapBuffer=HeapByteBuffer@3dc4242d[p=0,l=0,c=17408,r=0]={<<<>>>\x14\x03\x03\x00\x01\x01\xFb\xDde...\x00\x00\x00\x00\x00\x00\x00} appBuffer=HeapByteBuffer@3dc4242d[p=0,l=0,c=17408,r=0]={<<<>>>\x14\x03\x03\x00\x01\x01\xFb\xDde...\x00\x00\x00\x00\x00\x00\x00}
04:06:39.786 [qtp399373008-62] DEBUG org.eclipse.jetty.io.ssl.SslConnection - fill NEED_TASK
04:06:39.787 [qtp399373008-62] DEBUG org.eclipse.jetty.io.ssl.SslConnection - fill NEED_UNWRAP
04:06:39.787 [qtp399373008-62] DEBUG org.eclipse.jetty.io.ChannelEndPoint - filled 0 HeapByteBuffer@373c4f5d[p=1248,l=1501,c=17408,r=253]={\x17\x03\x03\x03\xAd\x0b\x00\x03\x88...\x13\x8d\xDf\xF8Y\xF4|<<<\x17\x03\x03\x00U:\xFf=\r\x1d\x85\x9c\xC9\xEa\x96\x1b\xBcq\xF0\xDdYM\t\xF4\xB6...\x1d\x05\x837\x87\xCf\x93E\x03\xEf!qS\x05\xC2h\x1f2R+\x9c\xB0?>>>\x7fj\xF2$s\xBd\xC5K\x80...\x00\x00\x00\x00\x00\x00\x00}
04:06:39.787 [qtp399373008-62] DEBUG org.eclipse.jetty.io.ssl.SslConnection - net filled=0
04:06:39.787 [qtp399373008-62] DEBUG org.eclipse.jetty.io.ssl.SslConnection - unwrap net_filled=0 Status = OK HandshakeStatus = NEED_WRAP bytesConsumed = 90 bytesProduced = 0 encryptedBuffer=[p=1338,l=1501,c=17408,r=163] unwrapBuffer=HeapByteBuffer@3dc4242d[p=0,l=0,c=17408,r=0]={<<<>>>\x14\x03\x03\x00\x01\x01\xFb\xDde...\x00\x00\x00\x00\x00\x00\x00} appBuffer=HeapByteBuffer@3dc4242d[p=0,l=0,c=17408,r=0]={<<<>>>\x14\x03\x03\x00\x01\x01\xFb\xDde...\x00\x00\x00\x00\x00\x00\x00}
04:06:39.788 [qtp399373008-62] DEBUG org.eclipse.jetty.io.ssl.SslConnection - fill NEED_WRAP
04:06:39.788 [qtp399373008-62] DEBUG org.eclipse.jetty.io.ssl.SslConnection - >flush SslConnection@6186d4f2::SocketChannelEndPoint@29ab07e{l=/127.0.0.1:35537,r=/127.0.0.1:60896,OPEN,fill=-,flush=-,to=1/30000}{io=0/0,kio=0,kro=1}->SslConnection@6186d4f2{NEED_WRAP,eio=163/-1,di=-1,fill=IDLE,flush=IDLE}~>DecryptedEndPoint@6c5657f9{l=/127.0.0.1:35537,r=/127.0.0.1:60896,OPEN,fill=-,flush=-,to=43/30000}=>HttpConnection@438bc741[p=HttpParser{s=START,0 of -1},g=HttpGenerator@3f31aea4{s=START}]=>HttpChannelOverHttp@c8aae04{s=HttpChannelState@3b9809b4{s=IDLE rs=BLOCKING os=OPEN is=IDLE awp=false se=false i=true al=0},r=0,c=false/false,a=IDLE,uri=null,age=0}
04:06:39.788 [qtp399373008-62] DEBUG org.eclipse.jetty.io.ssl.SslConnection - flush b[0]=HeapByteBuffer@38928dbe[p=0,l=0,c=0,r=0]={<<<>>>}
04:06:39.788 [qtp399373008-62] DEBUG org.eclipse.jetty.io.ssl.SslConnection - flush NEED_WRAP
04:06:39.788 [qtp399373008-62] DEBUG org.eclipse.jetty.io.ssl.SslConnection - wrap Status = OK HandshakeStatus = FINISHED bytesConsumed = 0 bytesProduced = 88 [p=0,l=88,c=17408,r=88] ioDone=false/false
04:06:39.788 [qtp399373008-62] DEBUG org.eclipse.jetty.io.ChannelEndPoint - flushed 88 SocketChannelEndPoint@29ab07e{l=/127.0.0.1:35537,r=/127.0.0.1:60896,OPEN,fill=-,flush=-,to=2/30000}{io=0/0,kio=0,kro=1}->SslConnection@6186d4f2{NOT_HANDSHAKING,eio=163/0,di=-1,fill=IDLE,flush=IDLE}~>DecryptedEndPoint@6c5657f9{l=/127.0.0.1:35537,r=/127.0.0.1:60896,OPEN,fill=-,flush=-,to=43/30000}=>HttpConnection@438bc741[p=HttpParser{s=START,0 of -1},g=HttpGenerator@3f31aea4{s=START}]=>HttpChannelOverHttp@c8aae04{s=HttpChannelState@3b9809b4{s=IDLE rs=BLOCKING os=OPEN is=IDLE awp=false se=false i=true al=0},r=0,c=false/false,a=IDLE,uri=null,age=0}
04:06:39.788 [qtp399373008-62] DEBUG org.eclipse.jetty.io.ssl.SslConnection - net flushed=true, ac=true
04:06:39.788 [qtp399373008-62] DEBUG org.eclipse.jetty.io.ssl.SslConnection - handshake succeeded SslConnection@6186d4f2::SocketChannelEndPoint@29ab07e{l=/127.0.0.1:35537,r=/127.0.0.1:60896,OPEN,fill=-,flush=-,to=0/30000}{io=0/0,kio=0,kro=1}->SslConnection@6186d4f2{NOT_HANDSHAKING,eio=163/0,di=-1,fill=IDLE,flush=IDLE}~>DecryptedEndPoint@6c5657f9{l=/127.0.0.1:35537,r=/127.0.0.1:60896,OPEN,fill=-,flush=-,to=43/30000}=>HttpConnection@438bc741[p=HttpParser{s=START,0 of -1},g=HttpGenerator@3f31aea4{s=START}]=>HttpChannelOverHttp@c8aae04{s=HttpChannelState@3b9809b4{s=IDLE rs=BLOCKING os=OPEN is=IDLE awp=false se=false i=true al=0},r=0,c=false/false,a=IDLE,uri=null,age=0} resumed server TLSv1.3/TLS_AES_256_GCM_SHA384
04:06:39.788 [qtp399373008-62] DEBUG org.eclipse.jetty.io.ssl.SslConnection - <flush true SslConnection@6186d4f2::SocketChannelEndPoint@29ab07e{l=/127.0.0.1:35537,r=/127.0.0.1:60896,OPEN,fill=-,flush=-,to=0/30000}{io=0/0,kio=0,kro=1}->SslConnection@6186d4f2{NOT_HANDSHAKING,eio=163/-1,di=-1,fill=IDLE,flush=IDLE}~>DecryptedEndPoint@6c5657f9{l=/127.0.0.1:35537,r=/127.0.0.1:60896,OPEN,fill=-,flush=-,to=43/30000}=>HttpConnection@438bc741[p=HttpParser{s=START,0 of -1},g=HttpGenerator@3f31aea4{s=START}]=>HttpChannelOverHttp@c8aae04{s=HttpChannelState@3b9809b4{s=IDLE rs=BLOCKING os=OPEN is=IDLE awp=false se=false i=true al=0},r=0,c=false/false,a=IDLE,uri=null,age=0}
04:06:39.788 [qtp399373008-62] DEBUG org.eclipse.jetty.io.ssl.SslConnection - fill NOT_HANDSHAKING
04:06:39.788 [qtp399373008-62] DEBUG org.eclipse.jetty.io.ChannelEndPoint - filled 0 HeapByteBuffer@373c4f5d[p=1338,l=1501,c=17408,r=163]={\x17\x03\x03\x03\xAd\x0b\x00\x03\x88...M\x15\x82\xD5\xAc\xDa\r<<<\x17\x03\x03\x00\x9e\x11<\xCf:aU&1\xE7\xD8>\x0b\x93\xA1\xD1\xFbd\xF19\xAc...\x1d\x05\x837\x87\xCf\x93E\x03\xEf!qS\x05\xC2h\x1f2R+\x9c\xB0?>>>\x7fj\xF2$s\xBd\xC5K\x80...\x00\x00\x00\x00\x00\x00\x00}
04:06:39.788 [qtp399373008-62] DEBUG org.eclipse.jetty.io.ssl.SslConnection - net filled=0
04:06:39.788 [qtp399373008-62] DEBUG org.eclipse.jetty.io.ssl.SslConnection - unwrap net_filled=0 Status = OK HandshakeStatus = NOT_HANDSHAKING bytesConsumed = 163 bytesProduced = 125 encryptedBuffer=[p=1501,l=1501,c=17408,r=0] unwrapBuffer=HeapByteBuffer@3dc4242d[p=0,l=125,c=17408,r=125]={<<<GET /config.yml HTTP/1.1\r...gent: okhttp/3.12.3\r\n\r\n>>>\xC3\x8f]\x95\n\xF3\xB6r\xD9...\x00\x00\x00\x00\x00\x00\x00} appBuffer=HeapByteBuffer@3dc4242d[p=0,l=125,c=17408,r=125]={<<<GET /config.yml HTTP/1.1\r...gent: okhttp/3.12.3\r\n\r\n>>>\xC3\x8f]\x95\n\xF3\xB6r\xD9...\x00\x00\x00\x00\x00\x00\x00}
04:06:39.788 [qtp399373008-62] DEBUG org.eclipse.jetty.io.ssl.SslConnection - <fill f=125 uf=false SslConnection@6186d4f2::SocketChannelEndPoint@29ab07e{l=/127.0.0.1:35537,r=/127.0.0.1:60896,OPEN,fill=-,flush=-,to=0/30000}{io=0/0,kio=0,kro=1}->SslConnection@6186d4f2{NOT_HANDSHAKING,eio=-1/-1,di=-1,fill=IDLE,flush=IDLE}~>DecryptedEndPoint@6c5657f9{l=/127.0.0.1:35537,r=/127.0.0.1:60896,OPEN,fill=-,flush=-,to=44/30000}=>HttpConnection@438bc741[p=HttpParser{s=START,0 of -1},g=HttpGenerator@3f31aea4{s=START}]=>HttpChannelOverHttp@c8aae04{s=HttpChannelState@3b9809b4{s=IDLE rs=BLOCKING os=OPEN is=IDLE awp=false se=false i=true al=0},r=0,c=false/false,a=IDLE,uri=null,age=0}
04:06:39.788 [qtp399373008-62] DEBUG org.eclipse.jetty.server.HttpConnection - HttpConnection@438bc741::DecryptedEndPoint@6c5657f9{l=/127.0.0.1:35537,r=/127.0.0.1:60896,OPEN,fill=-,flush=-,to=44/30000} filled 125 HeapByteBuffer@3dc4242d[p=0,l=125,c=17408,r=125]={<<<GET /config.yml HTTP/1.1\r...gent: okhttp/3.12.3\r\n\r\n>>>\xC3\x8f]\x95\n\xF3\xB6r\xD9...\x00\x00\x00\x00\x00\x00\x00}
04:06:39.788 [qtp399373008-62] DEBUG org.eclipse.jetty.server.HttpConnection - HttpConnection@438bc741::DecryptedEndPoint@6c5657f9{l=/127.0.0.1:35537,r=/127.0.0.1:60896,OPEN,fill=-,flush=-,to=44/30000} parse HeapByteBuffer@3dc4242d[p=0,l=125,c=17408,r=125]={<<<GET /config.yml HTTP/1.1\r...gent: okhttp/3.12.3\r\n\r\n>>>\xC3\x8f]\x95\n\xF3\xB6r\xD9...\x00\x00\x00\x00\x00\x00\x00} {}
04:06:39.788 [qtp399373008-62] DEBUG org.eclipse.jetty.http.HttpParser - parseNext s=START HeapByteBuffer@3dc4242d[p=0,l=125,c=17408,r=125]={<<<GET /config.yml HTTP/1.1\r...gent: okhttp/3.12.3\r\n\r\n>>>\xC3\x8f]\x95\n\xF3\xB6r\xD9...\x00\x00\x00\x00\x00\x00\x00}
04:06:39.788 [qtp399373008-62] DEBUG org.eclipse.jetty.http.HttpParser - START --> SPACE1
04:06:39.788 [qtp399373008-62] DEBUG org.eclipse.jetty.http.HttpParser - SPACE1 --> URI
04:06:39.788 [qtp399373008-62] DEBUG org.eclipse.jetty.http.HttpParser - URI --> SPACE2
04:06:39.788 [qtp399373008-62] DEBUG org.eclipse.jetty.http.HttpParser - SPACE2 --> REQUEST_VERSION
04:06:39.788 [qtp399373008-62] DEBUG org.eclipse.jetty.http.HttpParser - REQUEST_VERSION --> HEADER
04:06:39.788 [qtp399373008-62] DEBUG org.eclipse.jetty.http.HttpParser - HEADER:Host --> VALUE
04:06:39.788 [qtp399373008-62] DEBUG org.eclipse.jetty.http.HttpParser - HEADER:Host --> IN_VALUE
04:06:39.788 [qtp399373008-62] DEBUG org.eclipse.jetty.http.HttpParser - HEADER:Host --> FIELD
04:06:39.788 [qtp399373008-62] DEBUG org.eclipse.jetty.http.HttpParser - HEADER:Connection: keep-alive --> IN_VALUE
04:06:39.788 [qtp399373008-62] DEBUG org.eclipse.jetty.http.HttpParser - HEADER:Connection: keep-alive --> FIELD
04:06:39.788 [qtp399373008-62] DEBUG org.eclipse.jetty.http.HttpParser - HEADER:Accept-Encoding: gzip --> IN_VALUE
04:06:39.788 [qtp399373008-62] DEBUG org.eclipse.jetty.http.HttpParser - HEADER:Accept-Encoding: gzip --> FIELD
04:06:39.788 [qtp399373008-62] DEBUG org.eclipse.jetty.http.HttpParser - HEADER:User-Agent --> VALUE
04:06:39.788 [qtp399373008-62] DEBUG org.eclipse.jetty.http.HttpParser - HEADER:User-Agent --> IN_VALUE
04:06:39.788 [qtp399373008-62] DEBUG org.eclipse.jetty.http.HttpParser - HEADER:User-Agent --> FIELD
04:06:39.788 [qtp399373008-62] DEBUG org.eclipse.jetty.http.HttpParser - HEADER --> CONTENT
04:06:39.789 [qtp399373008-62] DEBUG org.eclipse.jetty.server.HttpChannel - REQUEST for //localhost:35537/config.yml on HttpChannelOverHttp@c8aae04{s=HttpChannelState@3b9809b4{s=IDLE rs=BLOCKING os=OPEN is=IDLE awp=false se=false i=true al=0},r=1,c=false/false,a=IDLE,uri=//localhost:35537/config.yml,age=1}
GET //localhost:35537/config.yml HTTP/1.1
Host: localhost:35537
Connection: keep-alive
Accept-Encoding: gzip
User-Agent: okhttp/3.12.3


04:06:39.789 [qtp399373008-62] DEBUG org.eclipse.jetty.server.HttpConnection - HttpConnection@438bc741::DecryptedEndPoint@6c5657f9{l=/127.0.0.1:35537,r=/127.0.0.1:60896,OPEN,fill=-,flush=-,to=44/30000} parsed true HttpParser{s=CONTENT,0 of -1}
04:06:39.789 [qtp399373008-62] DEBUG org.eclipse.jetty.server.HttpConnection - releaseRequestBuffer HttpConnection@438bc741::DecryptedEndPoint@6c5657f9{l=/127.0.0.1:35537,r=/127.0.0.1:60896,OPEN,fill=-,flush=-,to=44/30000}
04:06:39.789 [qtp399373008-62] DEBUG org.eclipse.jetty.server.HttpChannel - handle //localhost:35537/config.yml HttpChannelOverHttp@c8aae04{s=HttpChannelState@3b9809b4{s=IDLE rs=BLOCKING os=OPEN is=IDLE awp=false se=false i=true al=0},r=1,c=false/false,a=IDLE,uri=//localhost:35537/config.yml,age=1} 
04:06:39.789 [qtp399373008-62] DEBUG org.eclipse.jetty.server.HttpChannelState - handling HttpChannelState@3b9809b4{s=IDLE rs=BLOCKING os=OPEN is=IDLE awp=false se=false i=true al=0}
04:06:39.789 [qtp399373008-62] DEBUG org.eclipse.jetty.server.HttpChannel - action DISPATCH HttpChannelOverHttp@c8aae04{s=HttpChannelState@3b9809b4{s=HANDLING rs=BLOCKING os=OPEN is=IDLE awp=false se=false i=true al=0},r=1,c=false/false,a=HANDLING,uri=//localhost:35537/config.yml,age=1}
04:06:39.789 [qtp399373008-62] DEBUG org.eclipse.jetty.server.SecureRequestCustomizer - Host localhost with SNI null
04:06:39.789 [qtp399373008-62] DEBUG org.eclipse.jetty.server.Server - REQUEST GET /config.yml on HttpChannelOverHttp@c8aae04{s=HttpChannelState@3b9809b4{s=HANDLING rs=BLOCKING os=OPEN is=IDLE awp=false se=false i=true al=0},r=1,c=false/false,a=HANDLING,uri=https://localhost:35537/config.yml,age=1}
04:06:39.789 [qtp399373008-62] DEBUG org.eclipse.jetty.server.HttpOutput - write(array HeapByteBuffer@13e778d9[p=0,l=4,c=512,r=4]={<<<path>>>\x00\x00\x00\x00\x00\x00\x00\x00\x00...\x00\x00\x00\x00\x00\x00\x00})
04:06:39.789 [qtp399373008-62] DEBUG org.eclipse.jetty.server.HttpOutput - write(array) s=CLOSING,api=BLOCKED,sc=false,e=null last=true agg=false flush=true async=false, len=4 null
04:06:39.789 [qtp399373008-62] DEBUG org.eclipse.jetty.server.HttpChannel - sendResponse info=null content=HeapByteBuffer@12077482[p=0,l=4,c=512,r=4]={<<<path>>>\x00\x00\x00\x00\x00\x00\x00\x00\x00...\x00\x00\x00\x00\x00\x00\x00} complete=true committing=true callback=Blocker@32aea543{null}
04:06:39.789 [qtp399373008-62] DEBUG org.eclipse.jetty.server.HttpChannel - COMMIT for /config.yml on HttpChannelOverHttp@c8aae04{s=HttpChannelState@3b9809b4{s=HANDLING rs=BLOCKING os=COMMITTED is=IDLE awp=false se=false i=true al=0},r=1,c=false/false,a=HANDLING,uri=https://localhost:35537/config.yml,age=1}
200 null HTTP/1.1
Date: Thu, 02 May 2024 03:06:39 GMT
ETag: testEtag
Content-Type: text/plain;charset=utf-8
Content-Length: 4


04:06:39.789 [qtp399373008-62] DEBUG org.eclipse.jetty.server.HttpConnection - generate: NEED_HEADER for SendCallback@6ba366b0[PROCESSING][i=HTTP/1.1{s=200,h=4,cl=4},cb=org.eclipse.jetty.server.HttpChannel$SendCallback@432afaad] (null,[p=0,l=4,c=512,r=4],true)@START
04:06:39.789 [qtp399373008-62] DEBUG org.eclipse.jetty.http.HttpGenerator - generateHeaders HTTP/1.1{s=200,h=4,cl=4} last=true content=HeapByteBuffer@12077482[p=0,l=4,c=512,r=4]={<<<path>>>\x00\x00\x00\x00\x00\x00\x00\x00\x00...\x00\x00\x00\x00\x00\x00\x00}
04:06:39.789 [qtp399373008-62] DEBUG org.eclipse.jetty.http.HttpGenerator - Date: Thu, 02 May 2024 03:06:39 GMT
ETag: testEtag
Content-Type: text/plain;charset=utf-8
Content-Length: 4


04:06:39.789 [qtp399373008-62] DEBUG org.eclipse.jetty.http.HttpGenerator - CONTENT_LENGTH
04:06:39.789 [qtp399373008-62] DEBUG org.eclipse.jetty.server.HttpConnection - generate: FLUSH for SendCallback@6ba366b0[PROCESSING][i=HTTP/1.1{s=200,h=4,cl=4},cb=org.eclipse.jetty.server.HttpChannel$SendCallback@432afaad] ([p=0,l=164,c=8192,r=164],[p=0,l=4,c=512,r=4],true)@COMPLETING
04:06:39.789 [qtp399373008-62] DEBUG org.eclipse.jetty.io.WriteFlusher - write: WriteFlusher@6aa0252e{IDLE}->null [HeapByteBuffer@341ac865[p=0,l=164,c=8192,r=164]={<<<HTTP/1.1 200 OK\r\nDate: Th...y(9.4.44.v20210927)\r\n\r\n>>>\n\r\n\x00\x00\x00\x00\x00\x00...\x00\x00\x00\x00\x00\x00\x00},HeapByteBuffer@12077482[p=0,l=4,c=512,r=4]={<<<path>>>\x00\x00\x00\x00\x00\x00\x00\x00\x00...\x00\x00\x00\x00\x00\x00\x00}]
04:06:39.789 [qtp399373008-62] DEBUG org.eclipse.jetty.io.WriteFlusher - update WriteFlusher@6aa0252e{WRITING}->null:IDLE-->WRITING
04:06:39.789 [qtp399373008-62] DEBUG org.eclipse.jetty.io.ssl.SslConnection - >flush SslConnection@6186d4f2::SocketChannelEndPoint@29ab07e{l=/127.0.0.1:35537,r=/127.0.0.1:60896,OPEN,fill=-,flush=-,to=1/30000}{io=0/0,kio=0,kro=1}->SslConnection@6186d4f2{NOT_HANDSHAKING,eio=-1/-1,di=-1,fill=IDLE,flush=IDLE}~>DecryptedEndPoint@6c5657f9{l=/127.0.0.1:35537,r=/127.0.0.1:60896,OPEN,fill=-,flush=W,to=45/30000}=>HttpConnection@438bc741[p=HttpParser{s=CONTENT,0 of -1},g=HttpGenerator@3f31aea4{s=COMPLETING}]=>HttpChannelOverHttp@c8aae04{s=HttpChannelState@3b9809b4{s=HANDLING rs=BLOCKING os=COMMITTED is=IDLE awp=false se=false i=true al=0},r=1,c=false/false,a=HANDLING,uri=https://localhost:35537/config.yml,age=1}
04:06:39.789 [qtp399373008-62] DEBUG org.eclipse.jetty.io.ssl.SslConnection - flush b[0]=HeapByteBuffer@341ac865[p=0,l=164,c=8192,r=164]={<<<HTTP/1.1 200 OK\r\nDate: Th...y(9.4.44.v20210927)\r\n\r\n>>>\n\r\n\x00\x00\x00\x00\x00\x00...\x00\x00\x00\x00\x00\x00\x00}
04:06:39.789 [qtp399373008-62] DEBUG org.eclipse.jetty.io.ssl.SslConnection - flush b[1]=HeapByteBuffer@12077482[p=0,l=4,c=512,r=4]={<<<path>>>\x00\x00\x00\x00\x00\x00\x00\x00\x00...\x00\x00\x00\x00\x00\x00\x00}
04:06:39.789 [qtp399373008-62] DEBUG org.eclipse.jetty.io.ssl.SslConnection - flush NOT_HANDSHAKING
04:06:39.789 [qtp399373008-62] DEBUG org.eclipse.jetty.io.ssl.SslConnection - wrap Status = OK HandshakeStatus = NOT_HANDSHAKING bytesConsumed = 168 bytesProduced = 206 [p=0,l=206,c=17408,r=206] ioDone=false/false
04:06:39.789 [qtp399373008-62] DEBUG org.eclipse.jetty.io.ChannelEndPoint - flushed 206 SocketChannelEndPoint@29ab07e{l=/127.0.0.1:35537,r=/127.0.0.1:60896,OPEN,fill=-,flush=-,to=1/30000}{io=0/0,kio=0,kro=1}->SslConnection@6186d4f2{NOT_HANDSHAKING,eio=-1/0,di=-1,fill=IDLE,flush=IDLE}~>DecryptedEndPoint@6c5657f9{l=/127.0.0.1:35537,r=/127.0.0.1:60896,OPEN,fill=-,flush=W,to=45/30000}=>HttpConnection@438bc741[p=HttpParser{s=CONTENT,0 of -1},g=HttpGenerator@3f31aea4{s=COMPLETING}]=>HttpChannelOverHttp@c8aae04{s=HttpChannelState@3b9809b4{s=HANDLING rs=BLOCKING os=COMMITTED is=IDLE awp=false se=false i=true al=0},r=1,c=false/false,a=HANDLING,uri=https://localhost:35537/config.yml,age=1}
04:06:39.789 [qtp399373008-62] DEBUG org.eclipse.jetty.io.ssl.SslConnection - net flushed=true, ac=true
04:06:39.789 [qtp399373008-62] DEBUG org.eclipse.jetty.io.ssl.SslConnection - <flush true SslConnection@6186d4f2::SocketChannelEndPoint@29ab07e{l=/127.0.0.1:35537,r=/127.0.0.1:60896,OPEN,fill=-,flush=-,to=0/30000}{io=0/0,kio=0,kro=1}->SslConnection@6186d4f2{NOT_HANDSHAKING,eio=-1/-1,di=-1,fill=IDLE,flush=IDLE}~>DecryptedEndPoint@6c5657f9{l=/127.0.0.1:35537,r=/127.0.0.1:60896,OPEN,fill=-,flush=W,to=45/30000}=>HttpConnection@438bc741[p=HttpParser{s=CONTENT,0 of -1},g=HttpGenerator@3f31aea4{s=COMPLETING}]=>HttpChannelOverHttp@c8aae04{s=HttpChannelState@3b9809b4{s=HANDLING rs=BLOCKING os=COMMITTED is=IDLE awp=false se=false i=true al=0},r=1,c=false/false,a=HANDLING,uri=https://localhost:35537/config.yml,age=1}
04:06:39.789 [qtp399373008-62] DEBUG org.eclipse.jetty.io.WriteFlusher - Flushed=true written=168 remaining=0 WriteFlusher@6aa0252e{WRITING}->null
04:06:39.789 [qtp399373008-62] DEBUG org.eclipse.jetty.io.WriteFlusher - update WriteFlusher@6aa0252e{IDLE}->null:WRITING-->IDLE
04:06:39.789 [qtp399373008-62] DEBUG org.eclipse.jetty.server.HttpConnection - generate: DONE for SendCallback@6ba366b0[PROCESSING][i=HTTP/1.1{s=200,h=4,cl=4},cb=org.eclipse.jetty.server.HttpChannel$SendCallback@432afaad] ([p=164,l=164,c=8192,r=0],[p=4,l=4,c=512,r=0],true)@END
04:06:39.789 [qtp399373008-62] DEBUG org.eclipse.jetty.server.HttpOutput - onWriteComplete(true,null) s=CLOSING,api=BLOCKED,sc=false,e=null->s=CLOSED,api=BLOCKING,sc=false,e=null c=null cb=null w=false
04:06:39.790 [qtp399373008-62] DEBUG org.eclipse.jetty.server.HttpOutput - close() s=CLOSED,api=BLOCKING,sc=false,e=null c=null b=null
04:06:39.790 [main] DEBUG org.apache.nifi.minifi.bootstrap.configuration.ingestors.PullHttpChangeIngestor - Response received: Response{protocol=http/1.1, code=200, message=OK, url=https://localhost:35537/config.yml}
04:06:39.790 [qtp399373008-62] DEBUG org.eclipse.jetty.server.Server - handled=true async=false committed=true on HttpChannelOverHttp@c8aae04{s=HttpChannelState@3b9809b4{s=HANDLING rs=BLOCKING os=COMPLETED is=IDLE awp=false se=false i=true al=0},r=1,c=false/true,a=HANDLING,uri=https://localhost:35537/config.yml,age=2}
04:06:39.790 [qtp399373008-62] DEBUG org.eclipse.jetty.server.HttpChannelState - unhandle HttpChannelState@3b9809b4{s=HANDLING rs=BLOCKING os=COMPLETED is=IDLE awp=false se=false i=true al=0}
04:06:39.790 [qtp399373008-62] DEBUG org.eclipse.jetty.server.HttpChannelState - nextAction(false) COMPLETE HttpChannelState@3b9809b4{s=HANDLING rs=COMPLETING os=COMPLETED is=IDLE awp=false se=false i=false al=0}
04:06:39.790 [qtp399373008-62] DEBUG org.eclipse.jetty.server.HttpChannel - action COMPLETE HttpChannelOverHttp@c8aae04{s=HttpChannelState@3b9809b4{s=HANDLING rs=COMPLETING os=COMPLETED is=IDLE awp=false se=false i=false al=0},r=1,c=false/true,a=HANDLING,uri=https://localhost:35537/config.yml,age=2}
04:06:39.790 [qtp399373008-62] DEBUG org.eclipse.jetty.server.HttpOutput - complete(org.eclipse.jetty.util.Callback$3@2d630184) s=CLOSED,api=BLOCKING,sc=false,e=null s=true e=null, c=null
04:06:39.790 [qtp399373008-62] DEBUG org.eclipse.jetty.server.HttpChannelState - completed HttpChannelState@3b9809b4{s=HANDLING rs=COMPLETING os=COMPLETED is=IDLE awp=false se=false i=false al=0}
04:06:39.790 [qtp399373008-62] DEBUG org.eclipse.jetty.server.HttpChannelState - unhandle HttpChannelState@3b9809b4{s=HANDLING rs=COMPLETED os=COMPLETED is=IDLE awp=false se=false i=false al=0}
04:06:39.790 [main] DEBUG org.apache.nifi.minifi.bootstrap.configuration.ingestors.PullHttpChangeIngestor - Pulled config same as currently running.
04:06:39.790 [qtp399373008-62] DEBUG org.eclipse.jetty.server.HttpChannelState - nextAction(false) TERMINATED HttpChannelState@3b9809b4{s=IDLE rs=COMPLETED os=COMPLETED is=IDLE awp=false se=false i=false al=0}
04:06:39.790 [qtp399373008-62] DEBUG org.eclipse.jetty.server.HttpChannel - action TERMINATED HttpChannelOverHttp@c8aae04{s=HttpChannelState@3b9809b4{s=IDLE rs=COMPLETED os=COMPLETED is=IDLE awp=false se=false i=false al=0},r=1,c=true/true,a=IDLE,uri=https://localhost:35537/config.yml,age=2}
04:06:39.790 [qtp399373008-62] DEBUG org.eclipse.jetty.server.HttpChannel - onCompleted for /config.yml written=4
04:06:39.790 [qtp399373008-62] DEBUG org.eclipse.jetty.io.ssl.SslConnection - >fill SslConnection@6186d4f2::SocketChannelEndPoint@29ab07e{l=/127.0.0.1:35537,r=/127.0.0.1:60896,OPEN,fill=-,flush=-,to=0/30000}{io=0/0,kio=0,kro=1}->SslConnection@6186d4f2{NOT_HANDSHAKING,eio=-1/-1,di=-1,fill=IDLE,flush=IDLE}~>DecryptedEndPoint@6c5657f9{l=/127.0.0.1:35537,r=/127.0.0.1:60896,OPEN,fill=-,flush=-,to=45/30000}=>HttpConnection@438bc741[p=HttpParser{s=CONTENT,0 of -1},g=HttpGenerator@3f31aea4{s=END}]=>HttpChannelOverHttp@c8aae04{s=HttpChannelState@3b9809b4{s=IDLE rs=COMPLETED os=COMPLETED is=IDLE awp=false se=false i=false al=0},r=1,c=true/true,a=IDLE,uri=https://localhost:35537/config.yml,age=2}
04:06:39.790 [qtp399373008-62] DEBUG org.eclipse.jetty.io.ssl.SslConnection - fill NOT_HANDSHAKING
04:06:39.790 [qtp399373008-62] DEBUG org.eclipse.jetty.io.ChannelEndPoint - filled 0 HeapByteBuffer@3dc4242d[p=0,l=0,c=17408,r=0]={<<<>>>GET /conf...\x00\x00\x00\x00\x00\x00\x00}
04:06:39.790 [qtp399373008-62] DEBUG org.eclipse.jetty.io.ssl.SslConnection - net filled=0
04:06:39.790 [qtp399373008-62] DEBUG org.eclipse.jetty.io.ssl.SslConnection - unwrap net_filled=0 Status = BUFFER_UNDERFLOW HandshakeStatus = NOT_HANDSHAKING bytesConsumed = 0 bytesProduced = 0 encryptedBuffer=[p=0,l=0,c=17408,r=0] unwrapBuffer=HeapByteBuffer@373c4f5d[p=0,l=0,c=17408,r=0]={<<<>>>\x17\x03\x03\x03\xAd\x0b\x00\x03\x88...\x00\x00\x00\x00\x00\x00\x00} appBuffer=HeapByteBuffer@373c4f5d[p=0,l=0,c=17408,r=0]={<<<>>>\x17\x03\x03\x03\xAd\x0b\x00\x03\x88...\x00\x00\x00\x00\x00\x00\x00}
]]></system-out>
  </testcase>
</testsuite>