<?xml version="1.0" encoding="UTF-8"?>
<testsuite xmlns:xsi="http://www.w3.org/2001/XMLSchema-instance" xsi:noNamespaceSchemaLocation="https://maven.apache.org/surefire/maven-surefire-plugin/xsd/surefire-test-report-3.0.xsd" version="3.0" name="org.apache.nifi.processors.standard.CryptographicHashAttributeTest" time="0.171" tests="6" errors="0" skipped="0" failures="0">
  <properties>
    <property name="sun.desktop" value="gnome"/>
    <property name="awt.toolkit" value="sun.awt.X11.XToolkit"/>
    <property name="file.encoding.pkg" value="sun.io"/>
    <property name="java.specification.version" value="1.8"/>
    <property name="sun.cpu.isalist" value=""/>
    <property name="sun.jnu.encoding" value="UTF-8"/>
    <property name="java.class.path" value="/home/alex/Repositories/nifi/nifi-nar-bundles/nifi-standard-bundle/nifi-standard-processors/target/test-classes:/home/alex/Repositories/nifi/nifi-nar-bundles/nifi-standard-bundle/nifi-standard-processors/target/classes:/home/alex/.m2/repository/org/apache/ftpserver/ftpserver-core/1.1.1/ftpserver-core-1.1.1.jar:/home/alex/.m2/repository/org/apache/ftpserver/ftplet-api/1.1.1/ftplet-api-1.1.1.jar:/home/alex/.m2/repository/org/slf4j/slf4j-api/1.7.32/slf4j-api-1.7.32.jar:/home/alex/.m2/repository/org/apache/mina/mina-core/2.0.16/mina-core-2.0.16.jar:/home/alex/Repositories/nifi/nifi-api/target/classes:/home/alex/Repositories/nifi/nifi-commons/nifi-expression-language/target/classes:/home/alex/.m2/repository/org/antlr/antlr-runtime/3.5.2/antlr-runtime-3.5.2.jar:/home/alex/Repositories/nifi/nifi-commons/nifi-parameter/target/classes:/home/alex/Repositories/nifi/nifi-commons/nifi-uuid5/target/classes:/home/alex/.m2/repository/org/apache/commons/commons-text/1.8/commons-text-1.8.jar:/home/alex/Repositories/nifi/nifi-nar-bundles/nifi-extension-utils/nifi-processor-utils/target/classes:/home/alex/Repositories/nifi/nifi-commons/nifi-security-socket-ssl/target/classes:/home/alex/Repositories/nifi/nifi-nar-bundles/nifi-extension-utils/nifi-event-transport/target/classes:/home/alex/.m2/repository/io/netty/netty-handler/4.1.69.Final/netty-handler-4.1.69.Final.jar:/home/alex/.m2/repository/io/netty/netty-common/4.1.69.Final/netty-common-4.1.69.Final.jar:/home/alex/.m2/repository/io/netty/netty-resolver/4.1.69.Final/netty-resolver-4.1.69.Final.jar:/home/alex/.m2/repository/io/netty/netty-transport/4.1.69.Final/netty-transport-4.1.69.Final.jar:/home/alex/.m2/repository/io/netty/netty-codec/4.1.69.Final/netty-codec-4.1.69.Final.jar:/home/alex/Repositories/nifi/nifi-nar-bundles/nifi-extension-utils/nifi-syslog-utils/target/classes:/home/alex/.m2/repository/com/github/palindromicity/simple-syslog-5424/0.0.16/simple-syslog-5424-0.0.16.jar:/home/alex/.m2/repository/org/antlr/antlr4-runtime/4.7.2/antlr4-runtime-4.7.2.jar:/home/alex/Repositories/nifi/nifi-commons/nifi-utils/target/classes:/home/alex/Repositories/nifi/nifi-commons/nifi-record-path/target/classes:/home/alex/Repositories/nifi/nifi-commons/nifi-properties/target/classes:/home/alex/Repositories/nifi/nifi-commons/nifi-property-utils/target/classes:/home/alex/.m2/repository/com/github/ben-manes/caffeine/caffeine/2.8.1/caffeine-2.8.1.jar:/home/alex/Repositories/nifi/nifi-nar-bundles/nifi-standard-services/nifi-ssl-context-service-api/target/classes:/home/alex/Repositories/nifi/nifi-commons/nifi-security-utils-api/target/classes:/home/alex/Repositories/nifi/nifi-nar-bundles/nifi-standard-services/nifi-lookup-service-api/target/classes:/home/alex/Repositories/nifi/nifi-commons/nifi-flowfile-packager/target/classes:/home/alex/Repositories/nifi/nifi-nar-bundles/nifi-standard-services/nifi-distributed-cache-client-service-api/target/classes:/home/alex/Repositories/nifi/nifi-nar-bundles/nifi-standard-services/nifi-http-context-map-api/target/classes:/home/alex/Repositories/nifi/nifi-nar-bundles/nifi-standard-services/nifi-record-serialization-service-api/target/classes:/home/alex/Repositories/nifi/nifi-nar-bundles/nifi-standard-services/nifi-proxy-configuration-api/target/classes:/home/alex/Repositories/nifi/nifi-commons/nifi-record/target/classes:/home/alex/Repositories/nifi/nifi-nar-bundles/nifi-standard-services/nifi-record-sink-api/target/classes:/home/alex/.m2/repository/commons-io/commons-io/2.10.0/commons-io-2.10.0.jar:/home/alex/.m2/repository/javax/ws/rs/javax.ws.rs-api/2.1/javax.ws.rs-api-2.1.jar:/home/alex/.m2/repository/commons-net/commons-net/3.6/commons-net-3.6.jar:/home/alex/.m2/repository/org/apache/commons/commons-compress/1.21/commons-compress-1.21.jar:/home/alex/.m2/repository/org/apache/commons/commons-lang3/3.9/commons-lang3-3.9.jar:/home/alex/.m2/repository/org/bouncycastle/bcprov-jdk15on/1.69/bcprov-jdk15on-1.69.jar:/home/alex/.m2/repository/org/bouncycastle/bcpg-jdk15on/1.69/bcpg-jdk15on-1.69.jar:/home/alex/.m2/repository/org/bouncycastle/bcpkix-jdk15on/1.69/bcpkix-jdk15on-1.69.jar:/home/alex/.m2/repository/org/bouncycastle/bcutil-jdk15on/1.69/bcutil-jdk15on-1.69.jar:/home/alex/.m2/repository/commons-codec/commons-codec/1.14/commons-codec-1.14.jar:/home/alex/Repositories/nifi/nifi-commons/nifi-security-utils/target/classes:/home/alex/Repositories/nifi/nifi-commons/nifi-security-kms/target/classes:/home/alex/.m2/repository/org/apache/commons/commons-configuration2/2.7/commons-configuration2-2.7.jar:/home/alex/.m2/repository/com/hierynomus/sshj/0.32.0/sshj-0.32.0.jar:/home/alex/.m2/repository/com/jcraft/jzlib/1.1.3/jzlib-1.1.3.jar:/home/alex/.m2/repository/com/hierynomus/asn-one/0.6.0/asn-one-0.6.0.jar:/home/alex/.m2/repository/net/i2p/crypto/eddsa/0.3.0/eddsa-0.3.0.jar:/home/alex/.m2/repository/org/eclipse/jetty/jetty-server/9.4.44.v20210927/jetty-server-9.4.44.v20210927.jar:/home/alex/.m2/repository/javax/servlet/javax.servlet-api/3.1.0/javax.servlet-api-3.1.0.jar:/home/alex/.m2/repository/org/eclipse/jetty/jetty-http/9.4.44.v20210927/jetty-http-9.4.44.v20210927.jar:/home/alex/.m2/repository/org/eclipse/jetty/jetty-util/9.4.44.v20210927/jetty-util-9.4.44.v20210927.jar:/home/alex/.m2/repository/org/eclipse/jetty/jetty-io/9.4.44.v20210927/jetty-io-9.4.44.v20210927.jar:/home/alex/.m2/repository/org/eclipse/jetty/jetty-servlet/9.4.44.v20210927/jetty-servlet-9.4.44.v20210927.jar:/home/alex/.m2/repository/org/eclipse/jetty/jetty-security/9.4.44.v20210927/jetty-security-9.4.44.v20210927.jar:/home/alex/.m2/repository/org/eclipse/jetty/jetty-util-ajax/9.4.44.v20210927/jetty-util-ajax-9.4.44.v20210927.jar:/home/alex/.m2/repository/org/apache/httpcomponents/httpclient/4.5.5/httpclient-4.5.5.jar:/home/alex/.m2/repository/commons-logging/commons-logging/1.2/commons-logging-1.2.jar:/home/alex/.m2/repository/org/apache/httpcomponents/httpcore/4.4.9/httpcore-4.4.9.jar:/home/alex/.m2/repository/jakarta/activation/jakarta.activation-api/2.0.1/jakarta.activation-api-2.0.1.jar:/home/alex/.m2/repository/com/sun/activation/jakarta.activation/2.0.1/jakarta.activation-2.0.1.jar:/home/alex/.m2/repository/jakarta/mail/jakarta.mail-api/2.0.1/jakarta.mail-api-2.0.1.jar:/home/alex/.m2/repository/com/sun/mail/jakarta.mail/2.0.1/jakarta.mail-2.0.1.jar:/home/alex/.m2/repository/com/github/jponge/lzma-java/1.3/lzma-java-1.3.jar:/home/alex/.m2/repository/org/tukaani/xz/1.8/xz-1.8.jar:/home/alex/.m2/repository/net/sf/saxon/Saxon-HE/10.6/Saxon-HE-10.6.jar:/home/alex/Repositories/nifi/nifi-commons/nifi-socket-utils/target/classes:/home/alex/Repositories/nifi/nifi-commons/nifi-logging-utils/target/classes:/home/alex/Repositories/nifi/nifi-nar-bundles/nifi-standard-services/nifi-load-distribution-service-api/target/classes:/home/alex/.m2/repository/javax/jms/javax.jms-api/2.0.1/javax.jms-api-2.0.1.jar:/home/alex/.m2/repository/org/apache/activemq/activemq-client/5.15.15/activemq-client-5.15.15.jar:/home/alex/.m2/repository/org/apache/geronimo/specs/geronimo-jms_1.1_spec/1.1.1/geronimo-jms_1.1_spec-1.1.1.jar:/home/alex/.m2/repository/org/fusesource/hawtbuf/hawtbuf/1.11/hawtbuf-1.11.jar:/home/alex/.m2/repository/org/apache/geronimo/specs/geronimo-j2ee-management_1.1_spec/1.0.1/geronimo-j2ee-management_1.1_spec-1.0.1.jar:/home/alex/.m2/repository/com/jayway/jsonpath/json-path/2.6.0/json-path-2.6.0.jar:/home/alex/.m2/repository/net/minidev/json-smart/2.4.7/json-smart-2.4.7.jar:/home/alex/.m2/repository/net/minidev/accessors-smart/2.4.7/accessors-smart-2.4.7.jar:/home/alex/.m2/repository/org/ow2/asm/asm/9.1/asm-9.1.jar:/home/alex/.m2/repository/org/apache/tika/tika-core/1.26/tika-core-1.26.jar:/home/alex/.m2/repository/com/fasterxml/jackson/core/jackson-databind/2.12.3/jackson-databind-2.12.3.jar:/home/alex/.m2/repository/com/fasterxml/jackson/core/jackson-annotations/2.12.3/jackson-annotations-2.12.3.jar:/home/alex/.m2/repository/com/fasterxml/jackson/core/jackson-core/2.12.3/jackson-core-2.12.3.jar:/home/alex/Repositories/nifi/nifi-nar-bundles/nifi-extension-utils/nifi-record-utils/nifi-avro-record-utils/target/classes:/home/alex/Repositories/nifi/nifi-nar-bundles/nifi-extension-utils/nifi-record-utils/nifi-standard-record-utils/target/classes:/home/alex/.m2/repository/org/apache/avro/avro/1.8.1/avro-1.8.1.jar:/home/alex/.m2/repository/org/codehaus/jackson/jackson-core-asl/1.9.13/jackson-core-asl-1.9.13.jar:/home/alex/.m2/repository/org/codehaus/jackson/jackson-mapper-asl/1.9.13/jackson-mapper-asl-1.9.13.jar:/home/alex/.m2/repository/com/thoughtworks/paranamer/paranamer/2.7/paranamer-2.7.jar:/home/alex/Repositories/nifi/nifi-nar-bundles/nifi-standard-services/nifi-dbcp-service-api/target/classes:/home/alex/.m2/repository/com/squareup/okhttp3/okhttp/4.9.2/okhttp-4.9.2.jar:/home/alex/.m2/repository/com/squareup/okio/okio/2.8.0/okio-2.8.0.jar:/home/alex/.m2/repository/org/jetbrains/kotlin/kotlin-stdlib-common/1.4.0/kotlin-stdlib-common-1.4.0.jar:/home/alex/.m2/repository/org/jetbrains/kotlin/kotlin-stdlib/1.4.10/kotlin-stdlib-1.4.10.jar:/home/alex/.m2/repository/org/jetbrains/annotations/13.0/annotations-13.0.jar:/home/alex/.m2/repository/io/github/rburgst/okhttp-digest/2.5/okhttp-digest-2.5.jar:/home/alex/.m2/repository/at/favre/lib/bcrypt/0.9.0/bcrypt-0.9.0.jar:/home/alex/.m2/repository/at/favre/lib/bytes/1.3.0/bytes-1.3.0.jar:/home/alex/.m2/repository/com/google/guava/guava/28.0-jre/guava-28.0-jre.jar:/home/alex/.m2/repository/com/google/guava/failureaccess/1.0.1/failureaccess-1.0.1.jar:/home/alex/.m2/repository/com/google/guava/listenablefuture/9999.0-empty-to-avoid-conflict-with-guava/listenablefuture-9999.0-empty-to-avoid-conflict-with-guava.jar:/home/alex/.m2/repository/com/google/code/findbugs/jsr305/3.0.2/jsr305-3.0.2.jar:/home/alex/.m2/repository/org/checkerframework/checker-qual/2.8.1/checker-qual-2.8.1.jar:/home/alex/.m2/repository/com/google/errorprone/error_prone_annotations/2.3.2/error_prone_annotations-2.3.2.jar:/home/alex/.m2/repository/com/google/j2objc/j2objc-annotations/1.3/j2objc-annotations-1.3.jar:/home/alex/.m2/repository/org/codehaus/mojo/animal-sniffer-annotations/1.17/animal-sniffer-annotations-1.17.jar:/home/alex/Repositories/nifi/nifi-mock/target/classes:/home/alex/Repositories/nifi/nifi-framework-api/target/classes:/home/alex/Repositories/nifi/nifi-nar-bundles/nifi-framework-bundle/nifi-framework/nifi-framework-core-api/target/classes:/home/alex/Repositories/nifi/nifi-nar-bundles/nifi-framework-bundle/nifi-framework/nifi-framework-nar-utils/target/classes:/home/alex/Repositories/nifi/nifi-nar-bundles/nifi-framework-bundle/nifi-framework/nifi-client-dto/target/classes:/home/alex/.m2/repository/io/swagger/swagger-annotations/1.6.0/swagger-annotations-1.6.0.jar:/home/alex/Repositories/nifi/nifi-commons/nifi-site-to-site-client/target/classes:/home/alex/.m2/repository/org/apache/httpcomponents/httpasyncclient/4.1.4/httpasyncclient-4.1.4.jar:/home/alex/.m2/repository/org/apache/httpcomponents/httpcore-nio/4.4.10/httpcore-nio-4.4.10.jar:/home/alex/Repositories/nifi/nifi-nar-bundles/nifi-framework-bundle/nifi-framework/nifi-framework-authorization/target/classes:/home/alex/Repositories/nifi/nifi-registry/nifi-registry-core/nifi-registry-data-model/target/classes:/home/alex/Repositories/nifi/nifi-registry/nifi-registry-core/nifi-registry-revision/nifi-registry-revision-entity-model/target/classes:/home/alex/Repositories/nifi/nifi-registry/nifi-registry-core/nifi-registry-client/target/classes:/home/alex/Repositories/nifi/nifi-registry/nifi-registry-core/nifi-registry-security-utils/target/classes:/home/alex/.m2/repository/org/glassfish/jersey/core/jersey-client/2.33/jersey-client-2.33.jar:/home/alex/.m2/repository/jakarta/ws/rs/jakarta.ws.rs-api/2.1.6/jakarta.ws.rs-api-2.1.6.jar:/home/alex/.m2/repository/org/glassfish/hk2/external/jakarta.inject/2.6.1/jakarta.inject-2.6.1.jar:/home/alex/.m2/repository/org/glassfish/jersey/media/jersey-media-json-jackson/2.33/jersey-media-json-jackson-2.33.jar:/home/alex/.m2/repository/org/glassfish/jersey/ext/jersey-entity-filtering/2.33/jersey-entity-filtering-2.33.jar:/home/alex/.m2/repository/org/glassfish/jersey/inject/jersey-hk2/2.33/jersey-hk2-2.33.jar:/home/alex/.m2/repository/org/glassfish/hk2/hk2-locator/2.6.1/hk2-locator-2.6.1.jar:/home/alex/.m2/repository/org/glassfish/hk2/external/aopalliance-repackaged/2.6.1/aopalliance-repackaged-2.6.1.jar:/home/alex/.m2/repository/org/glassfish/hk2/hk2-api/2.6.1/hk2-api-2.6.1.jar:/home/alex/.m2/repository/org/glassfish/hk2/hk2-utils/2.6.1/hk2-utils-2.6.1.jar:/home/alex/.m2/repository/org/javassist/javassist/3.25.0-GA/javassist-3.25.0-GA.jar:/home/alex/.m2/repository/org/glassfish/jersey/core/jersey-common/2.33/jersey-common-2.33.jar:/home/alex/.m2/repository/jakarta/annotation/jakarta.annotation-api/1.3.5/jakarta.annotation-api-1.3.5.jar:/home/alex/.m2/repository/org/glassfish/hk2/osgi-resource-locator/1.0.3/osgi-resource-locator-1.0.3.jar:/home/alex/.m2/repository/org/glassfish/jersey/media/jersey-media-multipart/2.33/jersey-media-multipart-2.33.jar:/home/alex/.m2/repository/org/jvnet/mimepull/mimepull/1.9.13/mimepull-1.9.13.jar:/home/alex/Repositories/nifi/nifi-commons/nifi-data-provenance-utils/target/classes:/home/alex/Repositories/nifi/nifi-nar-bundles/nifi-standard-services/nifi-distributed-cache-services-bundle/nifi-distributed-cache-client-service/target/classes:/home/alex/Repositories/nifi/nifi-nar-bundles/nifi-standard-services/nifi-distributed-cache-services-bundle/nifi-distributed-cache-protocol/target/classes:/home/alex/.m2/repository/io/netty/netty-buffer/4.1.69.Final/netty-buffer-4.1.69.Final.jar:/home/alex/.m2/repository/com/google/http-client/google-http-client/1.28.0/google-http-client-1.28.0.jar:/home/alex/.m2/repository/io/opencensus/opencensus-api/0.18.0/opencensus-api-0.18.0.jar:/home/alex/.m2/repository/io/grpc/grpc-context/1.14.0/grpc-context-1.14.0.jar:/home/alex/.m2/repository/io/opencensus/opencensus-contrib-http-util/0.18.0/opencensus-contrib-http-util-0.18.0.jar:/home/alex/.m2/repository/org/apache/activemq/activemq-broker/5.15.14/activemq-broker-5.15.14.jar:/home/alex/.m2/repository/org/apache/activemq/activemq-openwire-legacy/5.15.14/activemq-openwire-legacy-5.15.14.jar:/home/alex/Repositories/nifi/nifi-nar-bundles/nifi-standard-services/nifi-ssl-context-bundle/nifi-ssl-context-service/target/classes:/home/alex/Repositories/nifi/nifi-nar-bundles/nifi-framework-bundle/nifi-framework/nifi-standard-prioritizers/target/classes:/home/alex/Repositories/nifi/nifi-nar-bundles/nifi-extension-utils/nifi-record-utils/nifi-mock-record-utils/target/classes:/home/alex/Repositories/nifi/nifi-nar-bundles/nifi-standard-services/nifi-record-serialization-services-bundle/nifi-record-serialization-services/target/classes:/home/alex/.m2/repository/org/apache/commons/commons-csv/1.8/commons-csv-1.8.jar:/home/alex/.m2/repository/com/fasterxml/jackson/dataformat/jackson-dataformat-csv/2.12.3/jackson-dataformat-csv-2.12.3.jar:/home/alex/.m2/repository/net/java/dev/stax-utils/stax-utils/20070216/stax-utils-20070216.jar:/home/alex/Repositories/nifi/nifi-nar-bundles/nifi-standard-services/nifi-lookup-services-bundle/nifi-lookup-services/target/classes:/home/alex/.m2/repository/commons-beanutils/commons-beanutils/1.9.4/commons-beanutils-1.9.4.jar:/home/alex/.m2/repository/commons-collections/commons-collections/3.2.2/commons-collections-3.2.2.jar:/home/alex/.m2/repository/com/maxmind/geoip2/geoip2/2.12.0/geoip2-2.12.0.jar:/home/alex/.m2/repository/com/maxmind/db/maxmind-db/1.2.2/maxmind-db-1.2.2.jar:/home/alex/.m2/repository/org/apache/derby/derby/10.14.2.0/derby-10.14.2.0.jar:/home/alex/.m2/repository/org/xerial/snappy/snappy-java/1.1.7.3/snappy-java-1.1.7.3.jar:/home/alex/.m2/repository/net/lingala/zip4j/zip4j/2.8.0/zip4j-2.8.0.jar:/home/alex/.m2/repository/com/h2database/h2/1.4.187/h2-1.4.187.jar:/home/alex/.m2/repository/org/mockftpserver/MockFtpServer/2.7.1/MockFtpServer-2.7.1.jar:/home/alex/.m2/repository/org/apache/sshd/sshd-core/1.7.0/sshd-core-1.7.0.jar:/home/alex/.m2/repository/com/bazaarvoice/jolt/jolt-core/0.1.1/jolt-core-0.1.1.jar:/home/alex/.m2/repository/javax/inject/javax.inject/1/javax.inject-1.jar:/home/alex/.m2/repository/com/bazaarvoice/jolt/json-utils/0.1.1/json-utils-0.1.1.jar:/home/alex/Repositories/nifi/nifi-nar-bundles/nifi-standard-bundle/nifi-standard-utils/target/classes:/home/alex/.m2/repository/net/sf/supercsv/super-csv/2.4.0/super-csv-2.4.0.jar:/home/alex/.m2/repository/com/fluenda/parcefone/2.1.0/parcefone-2.1.0.jar:/home/alex/.m2/repository/javax/validation/validation-api/1.1.0.Final/validation-api-1.1.0.Final.jar:/home/alex/.m2/repository/javax/el/javax.el-api/3.0.0/javax.el-api-3.0.0.jar:/home/alex/.m2/repository/com/github/wnameless/json/json-flattener/0.12.0/json-flattener-0.12.0.jar:/home/alex/.m2/repository/com/github/wnameless/json/json-base/2.0.0/json-base-2.0.0.jar:/home/alex/.m2/repository/org/apache/bval/bval-jsr/1.1.2/bval-jsr-1.1.2.jar:/home/alex/.m2/repository/org/apache/bval/bval-core/1.1.2/bval-core-1.1.2.jar:/home/alex/.m2/repository/io/krakens/java-grok/0.1.9/java-grok-0.1.9.jar:/home/alex/.m2/repository/org/apache/calcite/calcite-core/1.27.0/calcite-core-1.27.0.jar:/home/alex/.m2/repository/org/apache/calcite/calcite-linq4j/1.27.0/calcite-linq4j-1.27.0.jar:/home/alex/.m2/repository/com/esri/geometry/esri-geometry-api/2.2.0/esri-geometry-api-2.2.0.jar:/home/alex/.m2/repository/org/apache/calcite/avatica/avatica-core/1.18.0/avatica-core-1.18.0.jar:/home/alex/.m2/repository/org/apache/calcite/avatica/avatica-metrics/1.18.0/avatica-metrics-1.18.0.jar:/home/alex/.m2/repository/com/google/protobuf/protobuf-java/3.6.1/protobuf-java-3.6.1.jar:/home/alex/.m2/repository/org/apiguardian/apiguardian-api/1.1.0/apiguardian-api-1.1.0.jar:/home/alex/.m2/repository/com/fasterxml/jackson/dataformat/jackson-dataformat-yaml/2.10.0/jackson-dataformat-yaml-2.10.0.jar:/home/alex/.m2/repository/org/yaml/snakeyaml/1.29/snakeyaml-1.29.jar:/home/alex/.m2/repository/com/google/uzaygezen/uzaygezen-core/0.2/uzaygezen-core-0.2.jar:/home/alex/.m2/repository/com/yahoo/datasketches/sketches-core/0.9.0/sketches-core-0.9.0.jar:/home/alex/.m2/repository/com/yahoo/datasketches/memory/0.9.0/memory-0.9.0.jar:/home/alex/.m2/repository/net/hydromatic/aggdesigner-algorithm/6.0/aggdesigner-algorithm-6.0.jar:/home/alex/.m2/repository/commons-lang/commons-lang/2.4/commons-lang-2.4.jar:/home/alex/.m2/repository/org/apache/commons/commons-dbcp2/2.6.0/commons-dbcp2-2.6.0.jar:/home/alex/.m2/repository/org/apache/commons/commons-pool2/2.6.1/commons-pool2-2.6.1.jar:/home/alex/.m2/repository/org/codehaus/janino/commons-compiler/3.0.11/commons-compiler-3.0.11.jar:/home/alex/.m2/repository/org/codehaus/janino/janino/3.0.11/janino-3.0.11.jar:/home/alex/Repositories/nifi/nifi-nar-bundles/nifi-standard-services/nifi-schema-registry-service-api/target/classes:/home/alex/Repositories/nifi/nifi-nar-bundles/nifi-extension-utils/nifi-database-utils/target/classes:/home/alex/Repositories/nifi/nifi-nar-bundles/nifi-standard-bundle/nifi-standard-web-test-utils/target/classes:/home/alex/.m2/repository/com/github/stefanbirkner/fake-sftp-server-rule/2.0.1/fake-sftp-server-rule-2.0.1.jar:/home/alex/.m2/repository/com/github/marschall/memoryfilesystem/2.8.0/memoryfilesystem-2.8.0.jar:/home/alex/.m2/repository/junit/junit/4.13.2/junit-4.13.2.jar:/home/alex/.m2/repository/org/hamcrest/hamcrest-core/1.3/hamcrest-core-1.3.jar:/home/alex/Repositories/nifi/nifi-nar-bundles/nifi-extension-utils/nifi-database-test-utils/target/classes:/home/alex/.m2/repository/org/codehaus/groovy/groovy-json/2.5.14/groovy-json-2.5.14.jar:/home/alex/.m2/repository/org/codehaus/groovy/groovy/2.5.14/groovy-2.5.14.jar:/home/alex/.m2/repository/org/codehaus/groovy/groovy-servlet/2.5.14/groovy-servlet-2.5.14.jar:/home/alex/.m2/repository/org/codehaus/groovy/groovy-templates/2.5.14/groovy-templates-2.5.14.jar:/home/alex/.m2/repository/org/codehaus/groovy/groovy-xml/2.5.14/groovy-xml-2.5.14.jar:/home/alex/.m2/repository/org/hamcrest/hamcrest-all/1.3/hamcrest-all-1.3.jar:/home/alex/.m2/repository/com/squareup/okhttp3/mockwebserver/4.9.2/mockwebserver-4.9.2.jar:/home/alex/.m2/repository/org/jetbrains/kotlin/kotlin-stdlib-jdk8/1.4.10/kotlin-stdlib-jdk8-1.4.10.jar:/home/alex/.m2/repository/org/jetbrains/kotlin/kotlin-stdlib-jdk7/1.4.10/kotlin-stdlib-jdk7-1.4.10.jar:/home/alex/.m2/repository/org/mockito/mockito-inline/3.12.4/mockito-inline-3.12.4.jar:/home/alex/.m2/repository/org/junit/jupiter/junit-jupiter-api/5.7.2/junit-jupiter-api-5.7.2.jar:/home/alex/.m2/repository/org/opentest4j/opentest4j/1.2.0/opentest4j-1.2.0.jar:/home/alex/.m2/repository/org/junit/platform/junit-platform-commons/1.7.2/junit-platform-commons-1.7.2.jar:/home/alex/.m2/repository/org/junit/jupiter/junit-jupiter-engine/5.7.2/junit-jupiter-engine-5.7.2.jar:/home/alex/.m2/repository/org/junit/platform/junit-platform-engine/1.7.2/junit-platform-engine-1.7.2.jar:/home/alex/.m2/repository/org/junit/vintage/junit-vintage-engine/5.7.2/junit-vintage-engine-5.7.2.jar:/home/alex/.m2/repository/org/junit/jupiter/junit-jupiter-params/5.7.2/junit-jupiter-params-5.7.2.jar:/home/alex/.m2/repository/org/mockito/mockito-core/3.11.2/mockito-core-3.11.2.jar:/home/alex/.m2/repository/net/bytebuddy/byte-buddy/1.11.3/byte-buddy-1.11.3.jar:/home/alex/.m2/repository/net/bytebuddy/byte-buddy-agent/1.11.3/byte-buddy-agent-1.11.3.jar:/home/alex/.m2/repository/org/objenesis/objenesis/3.2/objenesis-3.2.jar:/home/alex/.m2/repository/org/mockito/mockito-junit-jupiter/3.11.2/mockito-junit-jupiter-3.11.2.jar:/home/alex/.m2/repository/org/slf4j/slf4j-simple/1.7.32/slf4j-simple-1.7.32.jar:/home/alex/.m2/repository/org/codehaus/groovy/groovy-test/2.5.14/groovy-test-2.5.14.jar:"/>
    <property name="java.vm.vendor" value="Private Build"/>
    <property name="sun.arch.data.model" value="64"/>
    <property name="java.vendor.url" value="http://java.oracle.com/"/>
    <property name="user.timezone" value="Europe/Lisbon"/>
    <property name="java.vm.specification.version" value="1.8"/>
    <property name="os.name" value="Linux"/>
    <property name="user.country" value="US"/>
    <property name="sun.java.launcher" value="SUN_STANDARD"/>
    <property name="sun.boot.library.path" value="/usr/lib/jvm/java-8-openjdk-amd64/jre/lib/amd64"/>
    <property name="sun.java.command" value="/home/alex/Repositories/nifi/nifi-nar-bundles/nifi-standard-bundle/nifi-standard-processors/target/surefire/surefirebooter1968848106063708435.jar /home/alex/Repositories/nifi/nifi-nar-bundles/nifi-standard-bundle/nifi-standard-processors/target/surefire 2024-05-02T03-47-00_422-jvmRun1 surefire4606620135220886943tmp surefire_695667074623402873479tmp"/>
    <property name="org.slf4j.simpleLogger.log.nifi.io.nio" value="debug"/>
    <property name="surefire.test.class.path" value="/home/alex/Repositories/nifi/nifi-nar-bundles/nifi-standard-bundle/nifi-standard-processors/target/test-classes:/home/alex/Repositories/nifi/nifi-nar-bundles/nifi-standard-bundle/nifi-standard-processors/target/classes:/home/alex/.m2/repository/org/apache/ftpserver/ftpserver-core/1.1.1/ftpserver-core-1.1.1.jar:/home/alex/.m2/repository/org/apache/ftpserver/ftplet-api/1.1.1/ftplet-api-1.1.1.jar:/home/alex/.m2/repository/org/slf4j/slf4j-api/1.7.32/slf4j-api-1.7.32.jar:/home/alex/.m2/repository/org/apache/mina/mina-core/2.0.16/mina-core-2.0.16.jar:/home/alex/Repositories/nifi/nifi-api/target/classes:/home/alex/Repositories/nifi/nifi-commons/nifi-expression-language/target/classes:/home/alex/.m2/repository/org/antlr/antlr-runtime/3.5.2/antlr-runtime-3.5.2.jar:/home/alex/Repositories/nifi/nifi-commons/nifi-parameter/target/classes:/home/alex/Repositories/nifi/nifi-commons/nifi-uuid5/target/classes:/home/alex/.m2/repository/org/apache/commons/commons-text/1.8/commons-text-1.8.jar:/home/alex/Repositories/nifi/nifi-nar-bundles/nifi-extension-utils/nifi-processor-utils/target/classes:/home/alex/Repositories/nifi/nifi-commons/nifi-security-socket-ssl/target/classes:/home/alex/Repositories/nifi/nifi-nar-bundles/nifi-extension-utils/nifi-event-transport/target/classes:/home/alex/.m2/repository/io/netty/netty-handler/4.1.69.Final/netty-handler-4.1.69.Final.jar:/home/alex/.m2/repository/io/netty/netty-common/4.1.69.Final/netty-common-4.1.69.Final.jar:/home/alex/.m2/repository/io/netty/netty-resolver/4.1.69.Final/netty-resolver-4.1.69.Final.jar:/home/alex/.m2/repository/io/netty/netty-transport/4.1.69.Final/netty-transport-4.1.69.Final.jar:/home/alex/.m2/repository/io/netty/netty-codec/4.1.69.Final/netty-codec-4.1.69.Final.jar:/home/alex/Repositories/nifi/nifi-nar-bundles/nifi-extension-utils/nifi-syslog-utils/target/classes:/home/alex/.m2/repository/com/github/palindromicity/simple-syslog-5424/0.0.16/simple-syslog-5424-0.0.16.jar:/home/alex/.m2/repository/org/antlr/antlr4-runtime/4.7.2/antlr4-runtime-4.7.2.jar:/home/alex/Repositories/nifi/nifi-commons/nifi-utils/target/classes:/home/alex/Repositories/nifi/nifi-commons/nifi-record-path/target/classes:/home/alex/Repositories/nifi/nifi-commons/nifi-properties/target/classes:/home/alex/Repositories/nifi/nifi-commons/nifi-property-utils/target/classes:/home/alex/.m2/repository/com/github/ben-manes/caffeine/caffeine/2.8.1/caffeine-2.8.1.jar:/home/alex/Repositories/nifi/nifi-nar-bundles/nifi-standard-services/nifi-ssl-context-service-api/target/classes:/home/alex/Repositories/nifi/nifi-commons/nifi-security-utils-api/target/classes:/home/alex/Repositories/nifi/nifi-nar-bundles/nifi-standard-services/nifi-lookup-service-api/target/classes:/home/alex/Repositories/nifi/nifi-commons/nifi-flowfile-packager/target/classes:/home/alex/Repositories/nifi/nifi-nar-bundles/nifi-standard-services/nifi-distributed-cache-client-service-api/target/classes:/home/alex/Repositories/nifi/nifi-nar-bundles/nifi-standard-services/nifi-http-context-map-api/target/classes:/home/alex/Repositories/nifi/nifi-nar-bundles/nifi-standard-services/nifi-record-serialization-service-api/target/classes:/home/alex/Repositories/nifi/nifi-nar-bundles/nifi-standard-services/nifi-proxy-configuration-api/target/classes:/home/alex/Repositories/nifi/nifi-commons/nifi-record/target/classes:/home/alex/Repositories/nifi/nifi-nar-bundles/nifi-standard-services/nifi-record-sink-api/target/classes:/home/alex/.m2/repository/commons-io/commons-io/2.10.0/commons-io-2.10.0.jar:/home/alex/.m2/repository/javax/ws/rs/javax.ws.rs-api/2.1/javax.ws.rs-api-2.1.jar:/home/alex/.m2/repository/commons-net/commons-net/3.6/commons-net-3.6.jar:/home/alex/.m2/repository/org/apache/commons/commons-compress/1.21/commons-compress-1.21.jar:/home/alex/.m2/repository/org/apache/commons/commons-lang3/3.9/commons-lang3-3.9.jar:/home/alex/.m2/repository/org/bouncycastle/bcprov-jdk15on/1.69/bcprov-jdk15on-1.69.jar:/home/alex/.m2/repository/org/bouncycastle/bcpg-jdk15on/1.69/bcpg-jdk15on-1.69.jar:/home/alex/.m2/repository/org/bouncycastle/bcpkix-jdk15on/1.69/bcpkix-jdk15on-1.69.jar:/home/alex/.m2/repository/org/bouncycastle/bcutil-jdk15on/1.69/bcutil-jdk15on-1.69.jar:/home/alex/.m2/repository/commons-codec/commons-codec/1.14/commons-codec-1.14.jar:/home/alex/Repositories/nifi/nifi-commons/nifi-security-utils/target/classes:/home/alex/Repositories/nifi/nifi-commons/nifi-security-kms/target/classes:/home/alex/.m2/repository/org/apache/commons/commons-configuration2/2.7/commons-configuration2-2.7.jar:/home/alex/.m2/repository/com/hierynomus/sshj/0.32.0/sshj-0.32.0.jar:/home/alex/.m2/repository/com/jcraft/jzlib/1.1.3/jzlib-1.1.3.jar:/home/alex/.m2/repository/com/hierynomus/asn-one/0.6.0/asn-one-0.6.0.jar:/home/alex/.m2/repository/net/i2p/crypto/eddsa/0.3.0/eddsa-0.3.0.jar:/home/alex/.m2/repository/org/eclipse/jetty/jetty-server/9.4.44.v20210927/jetty-server-9.4.44.v20210927.jar:/home/alex/.m2/repository/javax/servlet/javax.servlet-api/3.1.0/javax.servlet-api-3.1.0.jar:/home/alex/.m2/repository/org/eclipse/jetty/jetty-http/9.4.44.v20210927/jetty-http-9.4.44.v20210927.jar:/home/alex/.m2/repository/org/eclipse/jetty/jetty-util/9.4.44.v20210927/jetty-util-9.4.44.v20210927.jar:/home/alex/.m2/repository/org/eclipse/jetty/jetty-io/9.4.44.v20210927/jetty-io-9.4.44.v20210927.jar:/home/alex/.m2/repository/org/eclipse/jetty/jetty-servlet/9.4.44.v20210927/jetty-servlet-9.4.44.v20210927.jar:/home/alex/.m2/repository/org/eclipse/jetty/jetty-security/9.4.44.v20210927/jetty-security-9.4.44.v20210927.jar:/home/alex/.m2/repository/org/eclipse/jetty/jetty-util-ajax/9.4.44.v20210927/jetty-util-ajax-9.4.44.v20210927.jar:/home/alex/.m2/repository/org/apache/httpcomponents/httpclient/4.5.5/httpclient-4.5.5.jar:/home/alex/.m2/repository/commons-logging/commons-logging/1.2/commons-logging-1.2.jar:/home/alex/.m2/repository/org/apache/httpcomponents/httpcore/4.4.9/httpcore-4.4.9.jar:/home/alex/.m2/repository/jakarta/activation/jakarta.activation-api/2.0.1/jakarta.activation-api-2.0.1.jar:/home/alex/.m2/repository/com/sun/activation/jakarta.activation/2.0.1/jakarta.activation-2.0.1.jar:/home/alex/.m2/repository/jakarta/mail/jakarta.mail-api/2.0.1/jakarta.mail-api-2.0.1.jar:/home/alex/.m2/repository/com/sun/mail/jakarta.mail/2.0.1/jakarta.mail-2.0.1.jar:/home/alex/.m2/repository/com/github/jponge/lzma-java/1.3/lzma-java-1.3.jar:/home/alex/.m2/repository/org/tukaani/xz/1.8/xz-1.8.jar:/home/alex/.m2/repository/net/sf/saxon/Saxon-HE/10.6/Saxon-HE-10.6.jar:/home/alex/Repositories/nifi/nifi-commons/nifi-socket-utils/target/classes:/home/alex/Repositories/nifi/nifi-commons/nifi-logging-utils/target/classes:/home/alex/Repositories/nifi/nifi-nar-bundles/nifi-standard-services/nifi-load-distribution-service-api/target/classes:/home/alex/.m2/repository/javax/jms/javax.jms-api/2.0.1/javax.jms-api-2.0.1.jar:/home/alex/.m2/repository/org/apache/activemq/activemq-client/5.15.15/activemq-client-5.15.15.jar:/home/alex/.m2/repository/org/apache/geronimo/specs/geronimo-jms_1.1_spec/1.1.1/geronimo-jms_1.1_spec-1.1.1.jar:/home/alex/.m2/repository/org/fusesource/hawtbuf/hawtbuf/1.11/hawtbuf-1.11.jar:/home/alex/.m2/repository/org/apache/geronimo/specs/geronimo-j2ee-management_1.1_spec/1.0.1/geronimo-j2ee-management_1.1_spec-1.0.1.jar:/home/alex/.m2/repository/com/jayway/jsonpath/json-path/2.6.0/json-path-2.6.0.jar:/home/alex/.m2/repository/net/minidev/json-smart/2.4.7/json-smart-2.4.7.jar:/home/alex/.m2/repository/net/minidev/accessors-smart/2.4.7/accessors-smart-2.4.7.jar:/home/alex/.m2/repository/org/ow2/asm/asm/9.1/asm-9.1.jar:/home/alex/.m2/repository/org/apache/tika/tika-core/1.26/tika-core-1.26.jar:/home/alex/.m2/repository/com/fasterxml/jackson/core/jackson-databind/2.12.3/jackson-databind-2.12.3.jar:/home/alex/.m2/repository/com/fasterxml/jackson/core/jackson-annotations/2.12.3/jackson-annotations-2.12.3.jar:/home/alex/.m2/repository/com/fasterxml/jackson/core/jackson-core/2.12.3/jackson-core-2.12.3.jar:/home/alex/Repositories/nifi/nifi-nar-bundles/nifi-extension-utils/nifi-record-utils/nifi-avro-record-utils/target/classes:/home/alex/Repositories/nifi/nifi-nar-bundles/nifi-extension-utils/nifi-record-utils/nifi-standard-record-utils/target/classes:/home/alex/.m2/repository/org/apache/avro/avro/1.8.1/avro-1.8.1.jar:/home/alex/.m2/repository/org/codehaus/jackson/jackson-core-asl/1.9.13/jackson-core-asl-1.9.13.jar:/home/alex/.m2/repository/org/codehaus/jackson/jackson-mapper-asl/1.9.13/jackson-mapper-asl-1.9.13.jar:/home/alex/.m2/repository/com/thoughtworks/paranamer/paranamer/2.7/paranamer-2.7.jar:/home/alex/Repositories/nifi/nifi-nar-bundles/nifi-standard-services/nifi-dbcp-service-api/target/classes:/home/alex/.m2/repository/com/squareup/okhttp3/okhttp/4.9.2/okhttp-4.9.2.jar:/home/alex/.m2/repository/com/squareup/okio/okio/2.8.0/okio-2.8.0.jar:/home/alex/.m2/repository/org/jetbrains/kotlin/kotlin-stdlib-common/1.4.0/kotlin-stdlib-common-1.4.0.jar:/home/alex/.m2/repository/org/jetbrains/kotlin/kotlin-stdlib/1.4.10/kotlin-stdlib-1.4.10.jar:/home/alex/.m2/repository/org/jetbrains/annotations/13.0/annotations-13.0.jar:/home/alex/.m2/repository/io/github/rburgst/okhttp-digest/2.5/okhttp-digest-2.5.jar:/home/alex/.m2/repository/at/favre/lib/bcrypt/0.9.0/bcrypt-0.9.0.jar:/home/alex/.m2/repository/at/favre/lib/bytes/1.3.0/bytes-1.3.0.jar:/home/alex/.m2/repository/com/google/guava/guava/28.0-jre/guava-28.0-jre.jar:/home/alex/.m2/repository/com/google/guava/failureaccess/1.0.1/failureaccess-1.0.1.jar:/home/alex/.m2/repository/com/google/guava/listenablefuture/9999.0-empty-to-avoid-conflict-with-guava/listenablefuture-9999.0-empty-to-avoid-conflict-with-guava.jar:/home/alex/.m2/repository/com/google/code/findbugs/jsr305/3.0.2/jsr305-3.0.2.jar:/home/alex/.m2/repository/org/checkerframework/checker-qual/2.8.1/checker-qual-2.8.1.jar:/home/alex/.m2/repository/com/google/errorprone/error_prone_annotations/2.3.2/error_prone_annotations-2.3.2.jar:/home/alex/.m2/repository/com/google/j2objc/j2objc-annotations/1.3/j2objc-annotations-1.3.jar:/home/alex/.m2/repository/org/codehaus/mojo/animal-sniffer-annotations/1.17/animal-sniffer-annotations-1.17.jar:/home/alex/Repositories/nifi/nifi-mock/target/classes:/home/alex/Repositories/nifi/nifi-framework-api/target/classes:/home/alex/Repositories/nifi/nifi-nar-bundles/nifi-framework-bundle/nifi-framework/nifi-framework-core-api/target/classes:/home/alex/Repositories/nifi/nifi-nar-bundles/nifi-framework-bundle/nifi-framework/nifi-framework-nar-utils/target/classes:/home/alex/Repositories/nifi/nifi-nar-bundles/nifi-framework-bundle/nifi-framework/nifi-client-dto/target/classes:/home/alex/.m2/repository/io/swagger/swagger-annotations/1.6.0/swagger-annotations-1.6.0.jar:/home/alex/Repositories/nifi/nifi-commons/nifi-site-to-site-client/target/classes:/home/alex/.m2/repository/org/apache/httpcomponents/httpasyncclient/4.1.4/httpasyncclient-4.1.4.jar:/home/alex/.m2/repository/org/apache/httpcomponents/httpcore-nio/4.4.10/httpcore-nio-4.4.10.jar:/home/alex/Repositories/nifi/nifi-nar-bundles/nifi-framework-bundle/nifi-framework/nifi-framework-authorization/target/classes:/home/alex/Repositories/nifi/nifi-registry/nifi-registry-core/nifi-registry-data-model/target/classes:/home/alex/Repositories/nifi/nifi-registry/nifi-registry-core/nifi-registry-revision/nifi-registry-revision-entity-model/target/classes:/home/alex/Repositories/nifi/nifi-registry/nifi-registry-core/nifi-registry-client/target/classes:/home/alex/Repositories/nifi/nifi-registry/nifi-registry-core/nifi-registry-security-utils/target/classes:/home/alex/.m2/repository/org/glassfish/jersey/core/jersey-client/2.33/jersey-client-2.33.jar:/home/alex/.m2/repository/jakarta/ws/rs/jakarta.ws.rs-api/2.1.6/jakarta.ws.rs-api-2.1.6.jar:/home/alex/.m2/repository/org/glassfish/hk2/external/jakarta.inject/2.6.1/jakarta.inject-2.6.1.jar:/home/alex/.m2/repository/org/glassfish/jersey/media/jersey-media-json-jackson/2.33/jersey-media-json-jackson-2.33.jar:/home/alex/.m2/repository/org/glassfish/jersey/ext/jersey-entity-filtering/2.33/jersey-entity-filtering-2.33.jar:/home/alex/.m2/repository/org/glassfish/jersey/inject/jersey-hk2/2.33/jersey-hk2-2.33.jar:/home/alex/.m2/repository/org/glassfish/hk2/hk2-locator/2.6.1/hk2-locator-2.6.1.jar:/home/alex/.m2/repository/org/glassfish/hk2/external/aopalliance-repackaged/2.6.1/aopalliance-repackaged-2.6.1.jar:/home/alex/.m2/repository/org/glassfish/hk2/hk2-api/2.6.1/hk2-api-2.6.1.jar:/home/alex/.m2/repository/org/glassfish/hk2/hk2-utils/2.6.1/hk2-utils-2.6.1.jar:/home/alex/.m2/repository/org/javassist/javassist/3.25.0-GA/javassist-3.25.0-GA.jar:/home/alex/.m2/repository/org/glassfish/jersey/core/jersey-common/2.33/jersey-common-2.33.jar:/home/alex/.m2/repository/jakarta/annotation/jakarta.annotation-api/1.3.5/jakarta.annotation-api-1.3.5.jar:/home/alex/.m2/repository/org/glassfish/hk2/osgi-resource-locator/1.0.3/osgi-resource-locator-1.0.3.jar:/home/alex/.m2/repository/org/glassfish/jersey/media/jersey-media-multipart/2.33/jersey-media-multipart-2.33.jar:/home/alex/.m2/repository/org/jvnet/mimepull/mimepull/1.9.13/mimepull-1.9.13.jar:/home/alex/Repositories/nifi/nifi-commons/nifi-data-provenance-utils/target/classes:/home/alex/Repositories/nifi/nifi-nar-bundles/nifi-standard-services/nifi-distributed-cache-services-bundle/nifi-distributed-cache-client-service/target/classes:/home/alex/Repositories/nifi/nifi-nar-bundles/nifi-standard-services/nifi-distributed-cache-services-bundle/nifi-distributed-cache-protocol/target/classes:/home/alex/.m2/repository/io/netty/netty-buffer/4.1.69.Final/netty-buffer-4.1.69.Final.jar:/home/alex/.m2/repository/com/google/http-client/google-http-client/1.28.0/google-http-client-1.28.0.jar:/home/alex/.m2/repository/io/opencensus/opencensus-api/0.18.0/opencensus-api-0.18.0.jar:/home/alex/.m2/repository/io/grpc/grpc-context/1.14.0/grpc-context-1.14.0.jar:/home/alex/.m2/repository/io/opencensus/opencensus-contrib-http-util/0.18.0/opencensus-contrib-http-util-0.18.0.jar:/home/alex/.m2/repository/org/apache/activemq/activemq-broker/5.15.14/activemq-broker-5.15.14.jar:/home/alex/.m2/repository/org/apache/activemq/activemq-openwire-legacy/5.15.14/activemq-openwire-legacy-5.15.14.jar:/home/alex/Repositories/nifi/nifi-nar-bundles/nifi-standard-services/nifi-ssl-context-bundle/nifi-ssl-context-service/target/classes:/home/alex/Repositories/nifi/nifi-nar-bundles/nifi-framework-bundle/nifi-framework/nifi-standard-prioritizers/target/classes:/home/alex/Repositories/nifi/nifi-nar-bundles/nifi-extension-utils/nifi-record-utils/nifi-mock-record-utils/target/classes:/home/alex/Repositories/nifi/nifi-nar-bundles/nifi-standard-services/nifi-record-serialization-services-bundle/nifi-record-serialization-services/target/classes:/home/alex/.m2/repository/org/apache/commons/commons-csv/1.8/commons-csv-1.8.jar:/home/alex/.m2/repository/com/fasterxml/jackson/dataformat/jackson-dataformat-csv/2.12.3/jackson-dataformat-csv-2.12.3.jar:/home/alex/.m2/repository/net/java/dev/stax-utils/stax-utils/20070216/stax-utils-20070216.jar:/home/alex/Repositories/nifi/nifi-nar-bundles/nifi-standard-services/nifi-lookup-services-bundle/nifi-lookup-services/target/classes:/home/alex/.m2/repository/commons-beanutils/commons-beanutils/1.9.4/commons-beanutils-1.9.4.jar:/home/alex/.m2/repository/commons-collections/commons-collections/3.2.2/commons-collections-3.2.2.jar:/home/alex/.m2/repository/com/maxmind/geoip2/geoip2/2.12.0/geoip2-2.12.0.jar:/home/alex/.m2/repository/com/maxmind/db/maxmind-db/1.2.2/maxmind-db-1.2.2.jar:/home/alex/.m2/repository/org/apache/derby/derby/10.14.2.0/derby-10.14.2.0.jar:/home/alex/.m2/repository/org/xerial/snappy/snappy-java/1.1.7.3/snappy-java-1.1.7.3.jar:/home/alex/.m2/repository/net/lingala/zip4j/zip4j/2.8.0/zip4j-2.8.0.jar:/home/alex/.m2/repository/com/h2database/h2/1.4.187/h2-1.4.187.jar:/home/alex/.m2/repository/org/mockftpserver/MockFtpServer/2.7.1/MockFtpServer-2.7.1.jar:/home/alex/.m2/repository/org/apache/sshd/sshd-core/1.7.0/sshd-core-1.7.0.jar:/home/alex/.m2/repository/com/bazaarvoice/jolt/jolt-core/0.1.1/jolt-core-0.1.1.jar:/home/alex/.m2/repository/javax/inject/javax.inject/1/javax.inject-1.jar:/home/alex/.m2/repository/com/bazaarvoice/jolt/json-utils/0.1.1/json-utils-0.1.1.jar:/home/alex/Repositories/nifi/nifi-nar-bundles/nifi-standard-bundle/nifi-standard-utils/target/classes:/home/alex/.m2/repository/net/sf/supercsv/super-csv/2.4.0/super-csv-2.4.0.jar:/home/alex/.m2/repository/com/fluenda/parcefone/2.1.0/parcefone-2.1.0.jar:/home/alex/.m2/repository/javax/validation/validation-api/1.1.0.Final/validation-api-1.1.0.Final.jar:/home/alex/.m2/repository/javax/el/javax.el-api/3.0.0/javax.el-api-3.0.0.jar:/home/alex/.m2/repository/com/github/wnameless/json/json-flattener/0.12.0/json-flattener-0.12.0.jar:/home/alex/.m2/repository/com/github/wnameless/json/json-base/2.0.0/json-base-2.0.0.jar:/home/alex/.m2/repository/org/apache/bval/bval-jsr/1.1.2/bval-jsr-1.1.2.jar:/home/alex/.m2/repository/org/apache/bval/bval-core/1.1.2/bval-core-1.1.2.jar:/home/alex/.m2/repository/io/krakens/java-grok/0.1.9/java-grok-0.1.9.jar:/home/alex/.m2/repository/org/apache/calcite/calcite-core/1.27.0/calcite-core-1.27.0.jar:/home/alex/.m2/repository/org/apache/calcite/calcite-linq4j/1.27.0/calcite-linq4j-1.27.0.jar:/home/alex/.m2/repository/com/esri/geometry/esri-geometry-api/2.2.0/esri-geometry-api-2.2.0.jar:/home/alex/.m2/repository/org/apache/calcite/avatica/avatica-core/1.18.0/avatica-core-1.18.0.jar:/home/alex/.m2/repository/org/apache/calcite/avatica/avatica-metrics/1.18.0/avatica-metrics-1.18.0.jar:/home/alex/.m2/repository/com/google/protobuf/protobuf-java/3.6.1/protobuf-java-3.6.1.jar:/home/alex/.m2/repository/org/apiguardian/apiguardian-api/1.1.0/apiguardian-api-1.1.0.jar:/home/alex/.m2/repository/com/fasterxml/jackson/dataformat/jackson-dataformat-yaml/2.10.0/jackson-dataformat-yaml-2.10.0.jar:/home/alex/.m2/repository/org/yaml/snakeyaml/1.29/snakeyaml-1.29.jar:/home/alex/.m2/repository/com/google/uzaygezen/uzaygezen-core/0.2/uzaygezen-core-0.2.jar:/home/alex/.m2/repository/com/yahoo/datasketches/sketches-core/0.9.0/sketches-core-0.9.0.jar:/home/alex/.m2/repository/com/yahoo/datasketches/memory/0.9.0/memory-0.9.0.jar:/home/alex/.m2/repository/net/hydromatic/aggdesigner-algorithm/6.0/aggdesigner-algorithm-6.0.jar:/home/alex/.m2/repository/commons-lang/commons-lang/2.4/commons-lang-2.4.jar:/home/alex/.m2/repository/org/apache/commons/commons-dbcp2/2.6.0/commons-dbcp2-2.6.0.jar:/home/alex/.m2/repository/org/apache/commons/commons-pool2/2.6.1/commons-pool2-2.6.1.jar:/home/alex/.m2/repository/org/codehaus/janino/commons-compiler/3.0.11/commons-compiler-3.0.11.jar:/home/alex/.m2/repository/org/codehaus/janino/janino/3.0.11/janino-3.0.11.jar:/home/alex/Repositories/nifi/nifi-nar-bundles/nifi-standard-services/nifi-schema-registry-service-api/target/classes:/home/alex/Repositories/nifi/nifi-nar-bundles/nifi-extension-utils/nifi-database-utils/target/classes:/home/alex/Repositories/nifi/nifi-nar-bundles/nifi-standard-bundle/nifi-standard-web-test-utils/target/classes:/home/alex/.m2/repository/com/github/stefanbirkner/fake-sftp-server-rule/2.0.1/fake-sftp-server-rule-2.0.1.jar:/home/alex/.m2/repository/com/github/marschall/memoryfilesystem/2.8.0/memoryfilesystem-2.8.0.jar:/home/alex/.m2/repository/junit/junit/4.13.2/junit-4.13.2.jar:/home/alex/.m2/repository/org/hamcrest/hamcrest-core/1.3/hamcrest-core-1.3.jar:/home/alex/Repositories/nifi/nifi-nar-bundles/nifi-extension-utils/nifi-database-test-utils/target/classes:/home/alex/.m2/repository/org/codehaus/groovy/groovy-json/2.5.14/groovy-json-2.5.14.jar:/home/alex/.m2/repository/org/codehaus/groovy/groovy/2.5.14/groovy-2.5.14.jar:/home/alex/.m2/repository/org/codehaus/groovy/groovy-servlet/2.5.14/groovy-servlet-2.5.14.jar:/home/alex/.m2/repository/org/codehaus/groovy/groovy-templates/2.5.14/groovy-templates-2.5.14.jar:/home/alex/.m2/repository/org/codehaus/groovy/groovy-xml/2.5.14/groovy-xml-2.5.14.jar:/home/alex/.m2/repository/org/hamcrest/hamcrest-all/1.3/hamcrest-all-1.3.jar:/home/alex/.m2/repository/com/squareup/okhttp3/mockwebserver/4.9.2/mockwebserver-4.9.2.jar:/home/alex/.m2/repository/org/jetbrains/kotlin/kotlin-stdlib-jdk8/1.4.10/kotlin-stdlib-jdk8-1.4.10.jar:/home/alex/.m2/repository/org/jetbrains/kotlin/kotlin-stdlib-jdk7/1.4.10/kotlin-stdlib-jdk7-1.4.10.jar:/home/alex/.m2/repository/org/mockito/mockito-inline/3.12.4/mockito-inline-3.12.4.jar:/home/alex/.m2/repository/org/junit/jupiter/junit-jupiter-api/5.7.2/junit-jupiter-api-5.7.2.jar:/home/alex/.m2/repository/org/opentest4j/opentest4j/1.2.0/opentest4j-1.2.0.jar:/home/alex/.m2/repository/org/junit/platform/junit-platform-commons/1.7.2/junit-platform-commons-1.7.2.jar:/home/alex/.m2/repository/org/junit/jupiter/junit-jupiter-engine/5.7.2/junit-jupiter-engine-5.7.2.jar:/home/alex/.m2/repository/org/junit/platform/junit-platform-engine/1.7.2/junit-platform-engine-1.7.2.jar:/home/alex/.m2/repository/org/junit/vintage/junit-vintage-engine/5.7.2/junit-vintage-engine-5.7.2.jar:/home/alex/.m2/repository/org/junit/jupiter/junit-jupiter-params/5.7.2/junit-jupiter-params-5.7.2.jar:/home/alex/.m2/repository/org/mockito/mockito-core/3.11.2/mockito-core-3.11.2.jar:/home/alex/.m2/repository/net/bytebuddy/byte-buddy/1.11.3/byte-buddy-1.11.3.jar:/home/alex/.m2/repository/net/bytebuddy/byte-buddy-agent/1.11.3/byte-buddy-agent-1.11.3.jar:/home/alex/.m2/repository/org/objenesis/objenesis/3.2/objenesis-3.2.jar:/home/alex/.m2/repository/org/mockito/mockito-junit-jupiter/3.11.2/mockito-junit-jupiter-3.11.2.jar:/home/alex/.m2/repository/org/slf4j/slf4j-simple/1.7.32/slf4j-simple-1.7.32.jar:/home/alex/.m2/repository/org/codehaus/groovy/groovy-test/2.5.14/groovy-test-2.5.14.jar:"/>
    <property name="sun.cpu.endian" value="little"/>
    <property name="user.home" value="/home/alex"/>
    <property name="user.language" value="en"/>
    <property name="java.specification.vendor" value="Oracle Corporation"/>
    <property name="java.home" value="/usr/lib/jvm/java-8-openjdk-amd64/jre"/>
    <property name="basedir" value="/home/alex/Repositories/nifi/nifi-nar-bundles/nifi-standard-bundle/nifi-standard-processors"/>
    <property name="file.separator" value="/"/>
    <property name="line.separator" value="&#10;"/>
    <property name="java.vm.specification.vendor" value="Oracle Corporation"/>
    <property name="java.specification.name" value="Java Platform API Specification"/>
    <property name="derby.stream.error.file" value="target/derby.log"/>
    <property name="java.awt.graphicsenv" value="sun.awt.X11GraphicsEnvironment"/>
    <property name="org.slf4j.simpleLogger.log.org.apache.nifi.processors.standard.SQLTransform" value="debug"/>
    <property name="java.awt.headless" value="true"/>
    <property name="org.slf4j.simpleLogger.showDateTime" value="true"/>
    <property name="surefire.real.class.path" value="/home/alex/Repositories/nifi/nifi-nar-bundles/nifi-standard-bundle/nifi-standard-processors/target/surefire/surefirebooter1968848106063708435.jar"/>
    <property name="sun.boot.class.path" value="/usr/lib/jvm/java-8-openjdk-amd64/jre/lib/resources.jar:/usr/lib/jvm/java-8-openjdk-amd64/jre/lib/rt.jar:/usr/lib/jvm/java-8-openjdk-amd64/jre/lib/sunrsasign.jar:/usr/lib/jvm/java-8-openjdk-amd64/jre/lib/jsse.jar:/usr/lib/jvm/java-8-openjdk-amd64/jre/lib/jce.jar:/usr/lib/jvm/java-8-openjdk-amd64/jre/lib/charsets.jar:/usr/lib/jvm/java-8-openjdk-amd64/jre/lib/jfr.jar:/usr/lib/jvm/java-8-openjdk-amd64/jre/classes"/>
    <property name="sun.management.compiler" value="HotSpot 64-Bit Tiered Compilers"/>
    <property name="java.runtime.version" value="1.8.0_402-8u402-ga-2ubuntu1~22.04-b06"/>
    <property name="java.net.preferIPv4Stack" value="true"/>
    <property name="user.name" value="alex"/>
    <property name="path.separator" value=":"/>
    <property name="os.version" value="6.5.0-28-generic"/>
    <property name="java.endorsed.dirs" value="/usr/lib/jvm/java-8-openjdk-amd64/jre/lib/endorsed"/>
    <property name="java.runtime.name" value="OpenJDK Runtime Environment"/>
    <property name="file.encoding" value="UTF-8"/>
    <property name="sun.nio.ch.bugLevel" value=""/>
    <property name="java.vm.name" value="OpenJDK 64-Bit Server VM"/>
    <property name="localRepository" value="/home/alex/.m2/repository"/>
    <property name="java.vendor.url.bug" value="http://bugreport.sun.com/bugreport/"/>
    <property name="java.io.tmpdir" value="/tmp"/>
    <property name="java.version" value="1.8.0_402"/>
    <property name="user.dir" value="/home/alex/Repositories/nifi/nifi-nar-bundles/nifi-standard-bundle/nifi-standard-processors"/>
    <property name="os.arch" value="amd64"/>
    <property name="java.vm.specification.name" value="Java Virtual Machine Specification"/>
    <property name="java.awt.printerjob" value="sun.print.PSPrinterJob"/>
    <property name="sun.os.patch.level" value="unknown"/>
    <property name="org.slf4j.simpleLogger.defaultLogLevel" value="info"/>
    <property name="java.library.path" value="/usr/java/packages/lib/amd64:/usr/lib/x86_64-linux-gnu/jni:/lib/x86_64-linux-gnu:/usr/lib/x86_64-linux-gnu:/usr/lib/jni:/lib:/usr/lib"/>
    <property name="java.vm.info" value="mixed mode"/>
    <property name="java.vendor" value="Private Build"/>
    <property name="java.vm.version" value="25.402-b06"/>
    <property name="java.specification.maintenance.version" value="5"/>
    <property name="java.ext.dirs" value="/usr/lib/jvm/java-8-openjdk-amd64/jre/lib/ext:/usr/java/packages/lib/ext"/>
    <property name="sun.io.unicode.encoding" value="UnicodeLittle"/>
    <property name="java.class.version" value="52.0"/>
  </properties>
  <testcase name="testShouldCalculateHashOfPresentAttribute" classname="org.apache.nifi.processors.standard.CryptographicHashAttributeTest" time="0.063">
    <system-err><![CDATA[[main] INFO org.apache.nifi.processors.standard.CryptographicHashAttributeTest - [EXPECTED]         MD2(alopresto) = 326d36aff5e2473c23ab54b6a193d737
[main] INFO org.apache.nifi.processors.standard.CryptographicHashAttributeTest - [EXPECTED]         MD2(2024-05-02 03:55:21.199 +0100) = e96b2a2c1de03c9efa977bd682b3bd79
[main] INFO org.apache.nifi.processors.standard.CryptographicHashAttributeTest - Setting hash algorithm to MD2
[main] INFO org.apache.nifi.processors.standard.CryptographicHashAttributeTest - flowfile.username_MD2 = 326d36aff5e2473c23ab54b6a193d737
[main] INFO org.apache.nifi.processors.standard.CryptographicHashAttributeTest - flowfile.date_MD2 = e96b2a2c1de03c9efa977bd682b3bd79
[main] INFO org.apache.nifi.processors.standard.CryptographicHashAttributeTest - [EXPECTED]         MD5(alopresto) = 543d5b89b8d21eefd90e36e6dceaf715
[main] INFO org.apache.nifi.processors.standard.CryptographicHashAttributeTest - [EXPECTED]         MD5(2024-05-02 03:55:21.199 +0100) = 7ac1d0682f017ee55790f3b65761e9cc
[main] INFO org.apache.nifi.processors.standard.CryptographicHashAttributeTest - Setting hash algorithm to MD5
[main] INFO org.apache.nifi.processors.standard.CryptographicHashAttributeTest - flowfile.username_MD5 = 543d5b89b8d21eefd90e36e6dceaf715
[main] INFO org.apache.nifi.processors.standard.CryptographicHashAttributeTest - flowfile.date_MD5 = 7ac1d0682f017ee55790f3b65761e9cc
[main] INFO org.apache.nifi.processors.standard.CryptographicHashAttributeTest - [EXPECTED]       SHA-1(alopresto) = feb3cf00ee9bc01575e9428a4270e7b599f5a4bd
[main] INFO org.apache.nifi.processors.standard.CryptographicHashAttributeTest - [EXPECTED]       SHA-1(2024-05-02 03:55:21.199 +0100) = 8947573ebdf7991f0df2a615571550caf3a6054e
[main] INFO org.apache.nifi.processors.standard.CryptographicHashAttributeTest - Setting hash algorithm to SHA-1
[main] INFO org.apache.nifi.processors.standard.CryptographicHashAttributeTest - flowfile.username_SHA-1 = feb3cf00ee9bc01575e9428a4270e7b599f5a4bd
[main] INFO org.apache.nifi.processors.standard.CryptographicHashAttributeTest - flowfile.date_SHA-1 = 8947573ebdf7991f0df2a615571550caf3a6054e
[main] INFO org.apache.nifi.processors.standard.CryptographicHashAttributeTest - [EXPECTED]     SHA-224(alopresto) = 1350407880aca59020712c9828884ad48befea1ad614780a1162c8bf
[main] INFO org.apache.nifi.processors.standard.CryptographicHashAttributeTest - [EXPECTED]     SHA-224(2024-05-02 03:55:21.199 +0100) = 301d07686c655c570804427f577be1a996c75d227f86db29d4ae34c6
[main] INFO org.apache.nifi.processors.standard.CryptographicHashAttributeTest - Setting hash algorithm to SHA-224
[main] INFO org.apache.nifi.processors.standard.CryptographicHashAttributeTest - flowfile.username_SHA-224 = 1350407880aca59020712c9828884ad48befea1ad614780a1162c8bf
[main] INFO org.apache.nifi.processors.standard.CryptographicHashAttributeTest - flowfile.date_SHA-224 = 301d07686c655c570804427f577be1a996c75d227f86db29d4ae34c6
[main] INFO org.apache.nifi.processors.standard.CryptographicHashAttributeTest - [EXPECTED]     SHA-256(alopresto) = 600973dc8f2b7bb2a20651ebefe4bf91c5295afef19f4d5b9994d581f5a68a23
[main] INFO org.apache.nifi.processors.standard.CryptographicHashAttributeTest - [EXPECTED]     SHA-256(2024-05-02 03:55:21.199 +0100) = 97dfb036a6cf6a5c6af893c0adb27ee61f30f3e12452c00a5d47dad444ebcd63
[main] INFO org.apache.nifi.processors.standard.CryptographicHashAttributeTest - Setting hash algorithm to SHA-256
[main] INFO org.apache.nifi.processors.standard.CryptographicHashAttributeTest - flowfile.username_SHA-256 = 600973dc8f2b7bb2a20651ebefe4bf91c5295afef19f4d5b9994d581f5a68a23
[main] INFO org.apache.nifi.processors.standard.CryptographicHashAttributeTest - flowfile.date_SHA-256 = 97dfb036a6cf6a5c6af893c0adb27ee61f30f3e12452c00a5d47dad444ebcd63
[main] INFO org.apache.nifi.processors.standard.CryptographicHashAttributeTest - [EXPECTED]     SHA-384(alopresto) = c5281f88fd5cff56fe512abc56930eae958b61049bffa296bafadac7696e2fd2fec8b5bcc9b69153ba0388b77b2f5b89
[main] INFO org.apache.nifi.processors.standard.CryptographicHashAttributeTest - [EXPECTED]     SHA-384(2024-05-02 03:55:21.199 +0100) = e277d3d9f05fe0978bd190b9e729959863ce42b7a8199a0105fb9f1c5754a32c56fb9483734e66e76a5680241fa553e4
[main] INFO org.apache.nifi.processors.standard.CryptographicHashAttributeTest - Setting hash algorithm to SHA-384
[main] INFO org.apache.nifi.processors.standard.CryptographicHashAttributeTest - flowfile.username_SHA-384 = c5281f88fd5cff56fe512abc56930eae958b61049bffa296bafadac7696e2fd2fec8b5bcc9b69153ba0388b77b2f5b89
[main] INFO org.apache.nifi.processors.standard.CryptographicHashAttributeTest - flowfile.date_SHA-384 = e277d3d9f05fe0978bd190b9e729959863ce42b7a8199a0105fb9f1c5754a32c56fb9483734e66e76a5680241fa553e4
[main] INFO org.apache.nifi.processors.standard.CryptographicHashAttributeTest - [EXPECTED]     SHA-512(alopresto) = 739b4f6722fb5de20125751c7a1a358b2a7eb8f07e530e4bf18561fbff93234908aa9d2577770c876bca9ede5ba784d5ce6081dbbdfe5ddd446678f223b8d632
[main] INFO org.apache.nifi.processors.standard.CryptographicHashAttributeTest - [EXPECTED]     SHA-512(2024-05-02 03:55:21.199 +0100) = e9144cf7c23998e68c65ed600a41c4cc93edc771babe034ba3a4fc303c80e7e5c66c604a042adf5177a63da6b5d095678291da92dcca56c3facfe9d08cfb7103
[main] INFO org.apache.nifi.processors.standard.CryptographicHashAttributeTest - Setting hash algorithm to SHA-512
[main] INFO org.apache.nifi.processors.standard.CryptographicHashAttributeTest - flowfile.username_SHA-512 = 739b4f6722fb5de20125751c7a1a358b2a7eb8f07e530e4bf18561fbff93234908aa9d2577770c876bca9ede5ba784d5ce6081dbbdfe5ddd446678f223b8d632
[main] INFO org.apache.nifi.processors.standard.CryptographicHashAttributeTest - flowfile.date_SHA-512 = e9144cf7c23998e68c65ed600a41c4cc93edc771babe034ba3a4fc303c80e7e5c66c604a042adf5177a63da6b5d095678291da92dcca56c3facfe9d08cfb7103
[main] INFO org.apache.nifi.processors.standard.CryptographicHashAttributeTest - [EXPECTED] SHA-512/224(alopresto) = 38a9636224af851358954799f78ec8757568f16856e07a33dd0cdacc
[main] INFO org.apache.nifi.processors.standard.CryptographicHashAttributeTest - [EXPECTED] SHA-512/224(2024-05-02 03:55:21.199 +0100) = c2bd114587a345ae02a5c9167e4cc7943324539eb0654fc60c282c09
[main] INFO org.apache.nifi.processors.standard.CryptographicHashAttributeTest - Setting hash algorithm to SHA-512/224
[main] INFO org.apache.nifi.processors.standard.CryptographicHashAttributeTest - flowfile.username_SHA-512/224 = 38a9636224af851358954799f78ec8757568f16856e07a33dd0cdacc
[main] INFO org.apache.nifi.processors.standard.CryptographicHashAttributeTest - flowfile.date_SHA-512/224 = c2bd114587a345ae02a5c9167e4cc7943324539eb0654fc60c282c09
[main] INFO org.apache.nifi.processors.standard.CryptographicHashAttributeTest - [EXPECTED] SHA-512/256(alopresto) = 370885c776287a2597419043f99d35d3e1062a19ca1a69be850769105120875c
[main] INFO org.apache.nifi.processors.standard.CryptographicHashAttributeTest - [EXPECTED] SHA-512/256(2024-05-02 03:55:21.199 +0100) = 87667356aff06dc5ec3a9da8f92cac3fbc862d46e24dbcf6d34b7aa86463edb4
[main] INFO org.apache.nifi.processors.standard.CryptographicHashAttributeTest - Setting hash algorithm to SHA-512/256
[main] INFO org.apache.nifi.processors.standard.CryptographicHashAttributeTest - flowfile.username_SHA-512/256 = 370885c776287a2597419043f99d35d3e1062a19ca1a69be850769105120875c
[main] INFO org.apache.nifi.processors.standard.CryptographicHashAttributeTest - flowfile.date_SHA-512/256 = 87667356aff06dc5ec3a9da8f92cac3fbc862d46e24dbcf6d34b7aa86463edb4
[main] INFO org.apache.nifi.processors.standard.CryptographicHashAttributeTest - [EXPECTED]    SHA3-224(alopresto) = 7ea11353d972cece9ec5767a36fe240b159c6fbfba64e33ec73ec13e
[main] INFO org.apache.nifi.processors.standard.CryptographicHashAttributeTest - [EXPECTED]    SHA3-224(2024-05-02 03:55:21.199 +0100) = f44530748306d50e51ee91395064b64ac2c1c840e9bfe3a91c0e601d
[main] INFO org.apache.nifi.processors.standard.CryptographicHashAttributeTest - Setting hash algorithm to SHA3-224
[main] INFO org.apache.nifi.processors.standard.CryptographicHashAttributeTest - flowfile.username_SHA3-224 = 7ea11353d972cece9ec5767a36fe240b159c6fbfba64e33ec73ec13e
[main] INFO org.apache.nifi.processors.standard.CryptographicHashAttributeTest - flowfile.date_SHA3-224 = f44530748306d50e51ee91395064b64ac2c1c840e9bfe3a91c0e601d
[main] INFO org.apache.nifi.processors.standard.CryptographicHashAttributeTest - [EXPECTED]    SHA3-256(alopresto) = 4eb6a96c91941d27f478d732312f81d535959fec854b37c1750abdbe8fb063e8
[main] INFO org.apache.nifi.processors.standard.CryptographicHashAttributeTest - [EXPECTED]    SHA3-256(2024-05-02 03:55:21.199 +0100) = 6cbe89281ea11acf12f921004a3753b306efbf24bffdb1a28f4745e9ad1986b2
[main] INFO org.apache.nifi.processors.standard.CryptographicHashAttributeTest - Setting hash algorithm to SHA3-256
[main] INFO org.apache.nifi.processors.standard.CryptographicHashAttributeTest - flowfile.username_SHA3-256 = 4eb6a96c91941d27f478d732312f81d535959fec854b37c1750abdbe8fb063e8
[main] INFO org.apache.nifi.processors.standard.CryptographicHashAttributeTest - flowfile.date_SHA3-256 = 6cbe89281ea11acf12f921004a3753b306efbf24bffdb1a28f4745e9ad1986b2
[main] INFO org.apache.nifi.processors.standard.CryptographicHashAttributeTest - [EXPECTED]    SHA3-384(alopresto) = ac2980977cd8cfc6c6b89a955fc827cc72ed959de855772ae63c442c20861261654e19de8ae7b1223da66a9cf3ea81a1
[main] INFO org.apache.nifi.processors.standard.CryptographicHashAttributeTest - [EXPECTED]    SHA3-384(2024-05-02 03:55:21.199 +0100) = 5b738af010d9610722ede4078d7ca0f1910adffec580acff0f84223d06f9ab88a31dd69f6bb67ddecc884ce4f099612a
[main] INFO org.apache.nifi.processors.standard.CryptographicHashAttributeTest - Setting hash algorithm to SHA3-384
[main] INFO org.apache.nifi.processors.standard.CryptographicHashAttributeTest - flowfile.username_SHA3-384 = ac2980977cd8cfc6c6b89a955fc827cc72ed959de855772ae63c442c20861261654e19de8ae7b1223da66a9cf3ea81a1
[main] INFO org.apache.nifi.processors.standard.CryptographicHashAttributeTest - flowfile.date_SHA3-384 = 5b738af010d9610722ede4078d7ca0f1910adffec580acff0f84223d06f9ab88a31dd69f6bb67ddecc884ce4f099612a
[main] INFO org.apache.nifi.processors.standard.CryptographicHashAttributeTest - [EXPECTED]    SHA3-512(alopresto) = 3f5fce02238d646c5b1f85732dd13b2fe23160bc0a1386c14f38d52a2c7b4c143aba6556f988e9e811d5138254e3d37c1d425c84b4bcf484d27e8c8634e3c030
[main] INFO org.apache.nifi.processors.standard.CryptographicHashAttributeTest - [EXPECTED]    SHA3-512(2024-05-02 03:55:21.199 +0100) = 0806fe90ae8bbe9d638a761904dadef785b7d8bb0b806f5f309ac4fbc0f949ee6173eac276cb344b064babdc8b94958f29c63cbcf64c8ffdf0fb7d2b24e3dc88
[main] INFO org.apache.nifi.processors.standard.CryptographicHashAttributeTest - Setting hash algorithm to SHA3-512
[main] INFO org.apache.nifi.processors.standard.CryptographicHashAttributeTest - flowfile.username_SHA3-512 = 3f5fce02238d646c5b1f85732dd13b2fe23160bc0a1386c14f38d52a2c7b4c143aba6556f988e9e811d5138254e3d37c1d425c84b4bcf484d27e8c8634e3c030
[main] INFO org.apache.nifi.processors.standard.CryptographicHashAttributeTest - flowfile.date_SHA3-512 = 0806fe90ae8bbe9d638a761904dadef785b7d8bb0b806f5f309ac4fbc0f949ee6173eac276cb344b064babdc8b94958f29c63cbcf64c8ffdf0fb7d2b24e3dc88
[main] INFO org.apache.nifi.processors.standard.CryptographicHashAttributeTest - [EXPECTED]  BLAKE2-160(alopresto) = 3183dbb75b206fb429365b5eba35eff3b4ad26e7
[main] INFO org.apache.nifi.processors.standard.CryptographicHashAttributeTest - [EXPECTED]  BLAKE2-160(2024-05-02 03:55:21.199 +0100) = 9c3642df59f9d155b3fdb9f94f5de99e5d86d591
[main] INFO org.apache.nifi.processors.standard.CryptographicHashAttributeTest - Setting hash algorithm to BLAKE2-160
[main] INFO org.apache.nifi.processors.standard.CryptographicHashAttributeTest - flowfile.username_BLAKE2-160 = 3183dbb75b206fb429365b5eba35eff3b4ad26e7
[main] INFO org.apache.nifi.processors.standard.CryptographicHashAttributeTest - flowfile.date_BLAKE2-160 = 9c3642df59f9d155b3fdb9f94f5de99e5d86d591
[main] INFO org.apache.nifi.processors.standard.CryptographicHashAttributeTest - [EXPECTED]  BLAKE2-256(alopresto) = c3240ba7756c0b1edb30147b26cc44c26793936b98a2f39a71f0071cc1e4a244
[main] INFO org.apache.nifi.processors.standard.CryptographicHashAttributeTest - [EXPECTED]  BLAKE2-256(2024-05-02 03:55:21.199 +0100) = 0b19b22814e79d298944b52bc1518391d5e1f3661764356c65d02642b6de2584
[main] INFO org.apache.nifi.processors.standard.CryptographicHashAttributeTest - Setting hash algorithm to BLAKE2-256
[main] INFO org.apache.nifi.processors.standard.CryptographicHashAttributeTest - flowfile.username_BLAKE2-256 = c3240ba7756c0b1edb30147b26cc44c26793936b98a2f39a71f0071cc1e4a244
[main] INFO org.apache.nifi.processors.standard.CryptographicHashAttributeTest - flowfile.date_BLAKE2-256 = 0b19b22814e79d298944b52bc1518391d5e1f3661764356c65d02642b6de2584
[main] INFO org.apache.nifi.processors.standard.CryptographicHashAttributeTest - [EXPECTED]  BLAKE2-384(alopresto) = f8e38969c7348870e5e7af09beac6931982fae61db1560b4de0b25004e75da48a9d004a8f848f4145bc0fd65778a286e
[main] INFO org.apache.nifi.processors.standard.CryptographicHashAttributeTest - [EXPECTED]  BLAKE2-384(2024-05-02 03:55:21.199 +0100) = 6af59854857a8462e50b6cc0bca675c932339d1813b77baf245c225111415ef2c9d9b72a6a8840dad03ad39680f5da7b
[main] INFO org.apache.nifi.processors.standard.CryptographicHashAttributeTest - Setting hash algorithm to BLAKE2-384
[main] INFO org.apache.nifi.processors.standard.CryptographicHashAttributeTest - flowfile.username_BLAKE2-384 = f8e38969c7348870e5e7af09beac6931982fae61db1560b4de0b25004e75da48a9d004a8f848f4145bc0fd65778a286e
[main] INFO org.apache.nifi.processors.standard.CryptographicHashAttributeTest - flowfile.date_BLAKE2-384 = 6af59854857a8462e50b6cc0bca675c932339d1813b77baf245c225111415ef2c9d9b72a6a8840dad03ad39680f5da7b
[main] INFO org.apache.nifi.processors.standard.CryptographicHashAttributeTest - [EXPECTED]  BLAKE2-512(alopresto) = 581f0339613fb4acf3de694dff4d7066fdaff163ab7af97812cabfd5e2dad0cd618d85099ff691aaa969ca22d244e4cdce43704a506383c7d78eea7754c32bdc
[main] INFO org.apache.nifi.processors.standard.CryptographicHashAttributeTest - [EXPECTED]  BLAKE2-512(2024-05-02 03:55:21.199 +0100) = cebb4e9c3fc8419379660532f018def8f946930a069af41878572cf28c58a7d9c0a33a3974105b7d832c10d8a017628cb8189f60e0996d4065ae48a4b2a732f4
[main] INFO org.apache.nifi.processors.standard.CryptographicHashAttributeTest - Setting hash algorithm to BLAKE2-512
[main] INFO org.apache.nifi.processors.standard.CryptographicHashAttributeTest - flowfile.username_BLAKE2-512 = 581f0339613fb4acf3de694dff4d7066fdaff163ab7af97812cabfd5e2dad0cd618d85099ff691aaa969ca22d244e4cdce43704a506383c7d78eea7754c32bdc
[main] INFO org.apache.nifi.processors.standard.CryptographicHashAttributeTest - flowfile.date_BLAKE2-512 = cebb4e9c3fc8419379660532f018def8f946930a069af41878572cf28c58a7d9c0a33a3974105b7d832c10d8a017628cb8189f60e0996d4065ae48a4b2a732f4
]]></system-err>
  </testcase>
  <testcase name="testShouldCalculateHashWithVariousCharacterEncodings" classname="org.apache.nifi.processors.standard.CryptographicHashAttributeTest" time="0.031">
    <system-err><![CDATA[[main] INFO org.apache.nifi.processors.standard.CryptographicHashAttributeTest - [EXPECTED] MD5(    utf_8(apachenifi)) = a968b5ec1d52449963dcc517789baaaf
[main] INFO org.apache.nifi.processors.standard.CryptographicHashAttributeTest - [EXPECTED] MD5(   utf_16(apachenifi)) = b8413d18f7e64042bb0322a1cd61eba2
[main] INFO org.apache.nifi.processors.standard.CryptographicHashAttributeTest - [EXPECTED] MD5( utf_16be(apachenifi)) = b8413d18f7e64042bb0322a1cd61eba2
[main] INFO org.apache.nifi.processors.standard.CryptographicHashAttributeTest - [EXPECTED] MD5( utf_16le(apachenifi)) = 91c3b67f9f8ae77156f21f271cc09121
[main] INFO org.apache.nifi.processors.standard.CryptographicHashAttributeTest - [EXPECTED] MD5(apachenifi, UTF-8) = a968b5ec1d52449963dcc517789baaaf
[main] INFO org.apache.nifi.processors.standard.CryptographicHashAttributeTest - Setting hash algorithm to MD5
[main] INFO org.apache.nifi.processors.standard.CryptographicHashAttributeTest - Setting character set to UTF-8
[main] INFO org.apache.nifi.processors.standard.CryptographicHashAttributeTest - flowfile.test_attribute_MD5 = a968b5ec1d52449963dcc517789baaaf
[main] WARN org.apache.nifi.security.util.crypto.HashService - The charset provided was UTF-16, but Java will insert a Big Endian BOM in the decoded message before hashing, so switching to UTF-16BE
[main] INFO org.apache.nifi.processors.standard.CryptographicHashAttributeTest - [EXPECTED] MD5(apachenifi, UTF-16) = b8413d18f7e64042bb0322a1cd61eba2
[main] INFO org.apache.nifi.processors.standard.CryptographicHashAttributeTest - Setting hash algorithm to MD5
[main] INFO org.apache.nifi.processors.standard.CryptographicHashAttributeTest - Setting character set to UTF-16
[pool-1325-thread-1] WARN org.apache.nifi.security.util.crypto.HashService - The charset provided was UTF-16, but Java will insert a Big Endian BOM in the decoded message before hashing, so switching to UTF-16BE
[main] INFO org.apache.nifi.processors.standard.CryptographicHashAttributeTest - flowfile.test_attribute_MD5 = b8413d18f7e64042bb0322a1cd61eba2
[main] INFO org.apache.nifi.processors.standard.CryptographicHashAttributeTest - [EXPECTED] MD5(apachenifi, UTF-16LE) = 91c3b67f9f8ae77156f21f271cc09121
[main] INFO org.apache.nifi.processors.standard.CryptographicHashAttributeTest - Setting hash algorithm to MD5
[main] INFO org.apache.nifi.processors.standard.CryptographicHashAttributeTest - Setting character set to UTF-16LE
[main] INFO org.apache.nifi.processors.standard.CryptographicHashAttributeTest - flowfile.test_attribute_MD5 = 91c3b67f9f8ae77156f21f271cc09121
[main] INFO org.apache.nifi.processors.standard.CryptographicHashAttributeTest - [EXPECTED] MD5(apachenifi, UTF-16BE) = b8413d18f7e64042bb0322a1cd61eba2
[main] INFO org.apache.nifi.processors.standard.CryptographicHashAttributeTest - Setting hash algorithm to MD5
[main] INFO org.apache.nifi.processors.standard.CryptographicHashAttributeTest - Setting character set to UTF-16BE
[main] INFO org.apache.nifi.processors.standard.CryptographicHashAttributeTest - flowfile.test_attribute_MD5 = b8413d18f7e64042bb0322a1cd61eba2
]]></system-err>
  </testcase>
  <testcase name="testShouldRouteToFailureOnEmptyAttributes" classname="org.apache.nifi.processors.standard.CryptographicHashAttributeTest" time="0.012">
    <system-err><![CDATA[[main] INFO org.apache.nifi.processors.standard.CryptographicHashAttributeTest - Setting hash algorithm to MD2
[pool-1328-thread-1] INFO org.apache.nifi.processors.standard.CryptographicHashAttribute - CryptographicHashAttribute[id=a0e4e6c6-dc7e-46ba-8703-1f344134daad] Routing FlowFile[0,98941194804773.mockFlowFile,0B] to 'failure' because of missing all attributes: 
[main] INFO org.apache.nifi.processors.standard.CryptographicHashAttributeTest - Failed flowfile has attributes [date:null, path:target, filename:98941194804773.mockFlowFile, uuid:0999f95e-d2a9-46c8-a7ff-0089c4e0dd27, username:]
[main] INFO org.apache.nifi.processors.standard.CryptographicHashAttributeTest - Setting hash algorithm to MD5
[pool-1329-thread-1] INFO org.apache.nifi.processors.standard.CryptographicHashAttribute - CryptographicHashAttribute[id=a0e4e6c6-dc7e-46ba-8703-1f344134daad] Routing FlowFile[1,98941196893806.mockFlowFile,0B] to 'failure' because of missing all attributes: 
[main] INFO org.apache.nifi.processors.standard.CryptographicHashAttributeTest - Failed flowfile has attributes [date:null, path:target, filename:98941196893806.mockFlowFile, uuid:4d163176-1405-452d-a989-ea54d0f6b155, username:]
[main] INFO org.apache.nifi.processors.standard.CryptographicHashAttributeTest - Setting hash algorithm to SHA-1
[pool-1330-thread-1] INFO org.apache.nifi.processors.standard.CryptographicHashAttribute - CryptographicHashAttribute[id=a0e4e6c6-dc7e-46ba-8703-1f344134daad] Routing FlowFile[2,98941197515994.mockFlowFile,0B] to 'failure' because of missing all attributes: 
[main] INFO org.apache.nifi.processors.standard.CryptographicHashAttributeTest - Failed flowfile has attributes [date:null, path:target, filename:98941197515994.mockFlowFile, uuid:257b6396-1d60-4bf9-8629-2d080aa850cb, username:]
[main] INFO org.apache.nifi.processors.standard.CryptographicHashAttributeTest - Setting hash algorithm to SHA-224
[pool-1331-thread-1] INFO org.apache.nifi.processors.standard.CryptographicHashAttribute - CryptographicHashAttribute[id=a0e4e6c6-dc7e-46ba-8703-1f344134daad] Routing FlowFile[3,98941197892763.mockFlowFile,0B] to 'failure' because of missing all attributes: 
[main] INFO org.apache.nifi.processors.standard.CryptographicHashAttributeTest - Failed flowfile has attributes [date:null, path:target, filename:98941197892763.mockFlowFile, uuid:61748da0-e698-461f-b19e-009f18006d5c, username:]
[main] INFO org.apache.nifi.processors.standard.CryptographicHashAttributeTest - Setting hash algorithm to SHA-256
[pool-1332-thread-1] INFO org.apache.nifi.processors.standard.CryptographicHashAttribute - CryptographicHashAttribute[id=a0e4e6c6-dc7e-46ba-8703-1f344134daad] Routing FlowFile[4,98941198245478.mockFlowFile,0B] to 'failure' because of missing all attributes: 
[main] INFO org.apache.nifi.processors.standard.CryptographicHashAttributeTest - Failed flowfile has attributes [date:null, path:target, filename:98941198245478.mockFlowFile, uuid:6d994d6f-07f4-490d-ba7d-f7112c092bd6, username:]
[main] INFO org.apache.nifi.processors.standard.CryptographicHashAttributeTest - Setting hash algorithm to SHA-384
[pool-1333-thread-1] INFO org.apache.nifi.processors.standard.CryptographicHashAttribute - CryptographicHashAttribute[id=a0e4e6c6-dc7e-46ba-8703-1f344134daad] Routing FlowFile[5,98941198589955.mockFlowFile,0B] to 'failure' because of missing all attributes: 
[main] INFO org.apache.nifi.processors.standard.CryptographicHashAttributeTest - Failed flowfile has attributes [date:null, path:target, filename:98941198589955.mockFlowFile, uuid:3e49ef11-1662-4a2b-989a-ec0b5b35538c, username:]
[main] INFO org.apache.nifi.processors.standard.CryptographicHashAttributeTest - Setting hash algorithm to SHA-512
[pool-1334-thread-1] INFO org.apache.nifi.processors.standard.CryptographicHashAttribute - CryptographicHashAttribute[id=a0e4e6c6-dc7e-46ba-8703-1f344134daad] Routing FlowFile[6,98941199159354.mockFlowFile,0B] to 'failure' because of missing all attributes: 
[main] INFO org.apache.nifi.processors.standard.CryptographicHashAttributeTest - Failed flowfile has attributes [date:null, path:target, filename:98941199159354.mockFlowFile, uuid:1bc4092f-4806-4f7a-8aef-425bc9c4b15f, username:]
[main] INFO org.apache.nifi.processors.standard.CryptographicHashAttributeTest - Setting hash algorithm to SHA-512/224
[pool-1335-thread-1] INFO org.apache.nifi.processors.standard.CryptographicHashAttribute - CryptographicHashAttribute[id=a0e4e6c6-dc7e-46ba-8703-1f344134daad] Routing FlowFile[7,98941199726254.mockFlowFile,0B] to 'failure' because of missing all attributes: 
[main] INFO org.apache.nifi.processors.standard.CryptographicHashAttributeTest - Failed flowfile has attributes [date:null, path:target, filename:98941199726254.mockFlowFile, uuid:0ff80225-aea8-49bb-8aeb-26661b85d194, username:]
[main] INFO org.apache.nifi.processors.standard.CryptographicHashAttributeTest - Setting hash algorithm to SHA-512/256
[pool-1336-thread-1] INFO org.apache.nifi.processors.standard.CryptographicHashAttribute - CryptographicHashAttribute[id=a0e4e6c6-dc7e-46ba-8703-1f344134daad] Routing FlowFile[8,98941200553135.mockFlowFile,0B] to 'failure' because of missing all attributes: 
[main] INFO org.apache.nifi.processors.standard.CryptographicHashAttributeTest - Failed flowfile has attributes [date:null, path:target, filename:98941200553135.mockFlowFile, uuid:f77bf40c-9b2b-4257-a62c-2206d53d3627, username:]
[main] INFO org.apache.nifi.processors.standard.CryptographicHashAttributeTest - Setting hash algorithm to SHA3-224
[pool-1337-thread-1] INFO org.apache.nifi.processors.standard.CryptographicHashAttribute - CryptographicHashAttribute[id=a0e4e6c6-dc7e-46ba-8703-1f344134daad] Routing FlowFile[9,98941201022775.mockFlowFile,0B] to 'failure' because of missing all attributes: 
[main] INFO org.apache.nifi.processors.standard.CryptographicHashAttributeTest - Failed flowfile has attributes [date:null, path:target, filename:98941201022775.mockFlowFile, uuid:108ee99f-bffe-4c83-a636-23249642cd1b, username:]
[main] INFO org.apache.nifi.processors.standard.CryptographicHashAttributeTest - Setting hash algorithm to SHA3-256
[pool-1338-thread-1] INFO org.apache.nifi.processors.standard.CryptographicHashAttribute - CryptographicHashAttribute[id=a0e4e6c6-dc7e-46ba-8703-1f344134daad] Routing FlowFile[10,98941201436770.mockFlowFile,0B] to 'failure' because of missing all attributes: 
[main] INFO org.apache.nifi.processors.standard.CryptographicHashAttributeTest - Failed flowfile has attributes [date:null, path:target, filename:98941201436770.mockFlowFile, uuid:b30f6cd7-10c4-4a49-a445-79be685e2d46, username:]
[main] INFO org.apache.nifi.processors.standard.CryptographicHashAttributeTest - Setting hash algorithm to SHA3-384
[pool-1339-thread-1] INFO org.apache.nifi.processors.standard.CryptographicHashAttribute - CryptographicHashAttribute[id=a0e4e6c6-dc7e-46ba-8703-1f344134daad] Routing FlowFile[11,98941201782882.mockFlowFile,0B] to 'failure' because of missing all attributes: 
[main] INFO org.apache.nifi.processors.standard.CryptographicHashAttributeTest - Failed flowfile has attributes [date:null, path:target, filename:98941201782882.mockFlowFile, uuid:adb8b235-55eb-43dd-a60d-0266a2f476ea, username:]
[main] INFO org.apache.nifi.processors.standard.CryptographicHashAttributeTest - Setting hash algorithm to SHA3-512
[pool-1340-thread-1] INFO org.apache.nifi.processors.standard.CryptographicHashAttribute - CryptographicHashAttribute[id=a0e4e6c6-dc7e-46ba-8703-1f344134daad] Routing FlowFile[12,98941202133066.mockFlowFile,0B] to 'failure' because of missing all attributes: 
[main] INFO org.apache.nifi.processors.standard.CryptographicHashAttributeTest - Failed flowfile has attributes [date:null, path:target, filename:98941202133066.mockFlowFile, uuid:1c57ea58-3cbd-4378-8275-d00f85580d28, username:]
[main] INFO org.apache.nifi.processors.standard.CryptographicHashAttributeTest - Setting hash algorithm to BLAKE2-160
[pool-1341-thread-1] INFO org.apache.nifi.processors.standard.CryptographicHashAttribute - CryptographicHashAttribute[id=a0e4e6c6-dc7e-46ba-8703-1f344134daad] Routing FlowFile[13,98941202506203.mockFlowFile,0B] to 'failure' because of missing all attributes: 
[main] INFO org.apache.nifi.processors.standard.CryptographicHashAttributeTest - Failed flowfile has attributes [date:null, path:target, filename:98941202506203.mockFlowFile, uuid:8d947bcf-3361-4f72-8f69-f632ccf13be8, username:]
[main] INFO org.apache.nifi.processors.standard.CryptographicHashAttributeTest - Setting hash algorithm to BLAKE2-256
[pool-1342-thread-1] INFO org.apache.nifi.processors.standard.CryptographicHashAttribute - CryptographicHashAttribute[id=a0e4e6c6-dc7e-46ba-8703-1f344134daad] Routing FlowFile[14,98941202887338.mockFlowFile,0B] to 'failure' because of missing all attributes: 
[main] INFO org.apache.nifi.processors.standard.CryptographicHashAttributeTest - Failed flowfile has attributes [date:null, path:target, filename:98941202887338.mockFlowFile, uuid:5e61e8d7-c964-40c7-bb0a-6f403998dc51, username:]
[main] INFO org.apache.nifi.processors.standard.CryptographicHashAttributeTest - Setting hash algorithm to BLAKE2-384
[pool-1343-thread-1] INFO org.apache.nifi.processors.standard.CryptographicHashAttribute - CryptographicHashAttribute[id=a0e4e6c6-dc7e-46ba-8703-1f344134daad] Routing FlowFile[15,98941203619102.mockFlowFile,0B] to 'failure' because of missing all attributes: 
[main] INFO org.apache.nifi.processors.standard.CryptographicHashAttributeTest - Failed flowfile has attributes [date:null, path:target, filename:98941203619102.mockFlowFile, uuid:df8dffb2-ad83-490b-95e7-1794d70a9628, username:]
[main] INFO org.apache.nifi.processors.standard.CryptographicHashAttributeTest - Setting hash algorithm to BLAKE2-512
[pool-1344-thread-1] INFO org.apache.nifi.processors.standard.CryptographicHashAttribute - CryptographicHashAttribute[id=a0e4e6c6-dc7e-46ba-8703-1f344134daad] Routing FlowFile[16,98941204248907.mockFlowFile,0B] to 'failure' because of missing all attributes: 
[main] INFO org.apache.nifi.processors.standard.CryptographicHashAttributeTest - Failed flowfile has attributes [date:null, path:target, filename:98941204248907.mockFlowFile, uuid:6a0db057-6dad-4e1f-b106-d31c364f505b, username:]
]]></system-err>
  </testcase>
  <testcase name="testShouldCalculateHashOfMissingAttribute" classname="org.apache.nifi.processors.standard.CryptographicHashAttributeTest" time="0.017">
    <system-err><![CDATA[[main] INFO org.apache.nifi.processors.standard.CryptographicHashAttributeTest - [EXPECTED]         MD2() = 8350e5a3e24c153df2275c9f80692773
[main] INFO org.apache.nifi.processors.standard.CryptographicHashAttributeTest - [EXPECTED]         MD2(null) = null
[main] INFO org.apache.nifi.processors.standard.CryptographicHashAttributeTest - Setting hash algorithm to MD2
[main] INFO org.apache.nifi.processors.standard.CryptographicHashAttributeTest - flowfile.username_MD2 = 8350e5a3e24c153df2275c9f80692773
[main] INFO org.apache.nifi.processors.standard.CryptographicHashAttributeTest - flowfile.date_MD2 = null
[main] INFO org.apache.nifi.processors.standard.CryptographicHashAttributeTest - [EXPECTED]         MD5() = d41d8cd98f00b204e9800998ecf8427e
[main] INFO org.apache.nifi.processors.standard.CryptographicHashAttributeTest - [EXPECTED]         MD5(null) = null
[main] INFO org.apache.nifi.processors.standard.CryptographicHashAttributeTest - Setting hash algorithm to MD5
[main] INFO org.apache.nifi.processors.standard.CryptographicHashAttributeTest - flowfile.username_MD5 = d41d8cd98f00b204e9800998ecf8427e
[main] INFO org.apache.nifi.processors.standard.CryptographicHashAttributeTest - flowfile.date_MD5 = null
[main] INFO org.apache.nifi.processors.standard.CryptographicHashAttributeTest - [EXPECTED]       SHA-1() = da39a3ee5e6b4b0d3255bfef95601890afd80709
[main] INFO org.apache.nifi.processors.standard.CryptographicHashAttributeTest - [EXPECTED]       SHA-1(null) = null
[main] INFO org.apache.nifi.processors.standard.CryptographicHashAttributeTest - Setting hash algorithm to SHA-1
[main] INFO org.apache.nifi.processors.standard.CryptographicHashAttributeTest - flowfile.username_SHA-1 = da39a3ee5e6b4b0d3255bfef95601890afd80709
[main] INFO org.apache.nifi.processors.standard.CryptographicHashAttributeTest - flowfile.date_SHA-1 = null
[main] INFO org.apache.nifi.processors.standard.CryptographicHashAttributeTest - [EXPECTED]     SHA-224() = d14a028c2a3a2bc9476102bb288234c415a2b01f828ea62ac5b3e42f
[main] INFO org.apache.nifi.processors.standard.CryptographicHashAttributeTest - [EXPECTED]     SHA-224(null) = null
[main] INFO org.apache.nifi.processors.standard.CryptographicHashAttributeTest - Setting hash algorithm to SHA-224
[main] INFO org.apache.nifi.processors.standard.CryptographicHashAttributeTest - flowfile.username_SHA-224 = d14a028c2a3a2bc9476102bb288234c415a2b01f828ea62ac5b3e42f
[main] INFO org.apache.nifi.processors.standard.CryptographicHashAttributeTest - flowfile.date_SHA-224 = null
[main] INFO org.apache.nifi.processors.standard.CryptographicHashAttributeTest - [EXPECTED]     SHA-256() = e3b0c44298fc1c149afbf4c8996fb92427ae41e4649b934ca495991b7852b855
[main] INFO org.apache.nifi.processors.standard.CryptographicHashAttributeTest - [EXPECTED]     SHA-256(null) = null
[main] INFO org.apache.nifi.processors.standard.CryptographicHashAttributeTest - Setting hash algorithm to SHA-256
[main] INFO org.apache.nifi.processors.standard.CryptographicHashAttributeTest - flowfile.username_SHA-256 = e3b0c44298fc1c149afbf4c8996fb92427ae41e4649b934ca495991b7852b855
[main] INFO org.apache.nifi.processors.standard.CryptographicHashAttributeTest - flowfile.date_SHA-256 = null
[main] INFO org.apache.nifi.processors.standard.CryptographicHashAttributeTest - [EXPECTED]     SHA-384() = 38b060a751ac96384cd9327eb1b1e36a21fdb71114be07434c0cc7bf63f6e1da274edebfe76f65fbd51ad2f14898b95b
[main] INFO org.apache.nifi.processors.standard.CryptographicHashAttributeTest - [EXPECTED]     SHA-384(null) = null
[main] INFO org.apache.nifi.processors.standard.CryptographicHashAttributeTest - Setting hash algorithm to SHA-384
[main] INFO org.apache.nifi.processors.standard.CryptographicHashAttributeTest - flowfile.username_SHA-384 = 38b060a751ac96384cd9327eb1b1e36a21fdb71114be07434c0cc7bf63f6e1da274edebfe76f65fbd51ad2f14898b95b
[main] INFO org.apache.nifi.processors.standard.CryptographicHashAttributeTest - flowfile.date_SHA-384 = null
[main] INFO org.apache.nifi.processors.standard.CryptographicHashAttributeTest - [EXPECTED]     SHA-512() = cf83e1357eefb8bdf1542850d66d8007d620e4050b5715dc83f4a921d36ce9ce47d0d13c5d85f2b0ff8318d2877eec2f63b931bd47417a81a538327af927da3e
[main] INFO org.apache.nifi.processors.standard.CryptographicHashAttributeTest - [EXPECTED]     SHA-512(null) = null
[main] INFO org.apache.nifi.processors.standard.CryptographicHashAttributeTest - Setting hash algorithm to SHA-512
[main] INFO org.apache.nifi.processors.standard.CryptographicHashAttributeTest - flowfile.username_SHA-512 = cf83e1357eefb8bdf1542850d66d8007d620e4050b5715dc83f4a921d36ce9ce47d0d13c5d85f2b0ff8318d2877eec2f63b931bd47417a81a538327af927da3e
[main] INFO org.apache.nifi.processors.standard.CryptographicHashAttributeTest - flowfile.date_SHA-512 = null
[main] INFO org.apache.nifi.processors.standard.CryptographicHashAttributeTest - [EXPECTED] SHA-512/224() = 6ed0dd02806fa89e25de060c19d3ac86cabb87d6a0ddd05c333b84f4
[main] INFO org.apache.nifi.processors.standard.CryptographicHashAttributeTest - [EXPECTED] SHA-512/224(null) = null
[main] INFO org.apache.nifi.processors.standard.CryptographicHashAttributeTest - Setting hash algorithm to SHA-512/224
[main] INFO org.apache.nifi.processors.standard.CryptographicHashAttributeTest - flowfile.username_SHA-512/224 = 6ed0dd02806fa89e25de060c19d3ac86cabb87d6a0ddd05c333b84f4
[main] INFO org.apache.nifi.processors.standard.CryptographicHashAttributeTest - flowfile.date_SHA-512/224 = null
[main] INFO org.apache.nifi.processors.standard.CryptographicHashAttributeTest - [EXPECTED] SHA-512/256() = c672b8d1ef56ed28ab87c3622c5114069bdd3ad7b8f9737498d0c01ecef0967a
[main] INFO org.apache.nifi.processors.standard.CryptographicHashAttributeTest - [EXPECTED] SHA-512/256(null) = null
[main] INFO org.apache.nifi.processors.standard.CryptographicHashAttributeTest - Setting hash algorithm to SHA-512/256
[main] INFO org.apache.nifi.processors.standard.CryptographicHashAttributeTest - flowfile.username_SHA-512/256 = c672b8d1ef56ed28ab87c3622c5114069bdd3ad7b8f9737498d0c01ecef0967a
[main] INFO org.apache.nifi.processors.standard.CryptographicHashAttributeTest - flowfile.date_SHA-512/256 = null
[main] INFO org.apache.nifi.processors.standard.CryptographicHashAttributeTest - [EXPECTED]    SHA3-224() = 6b4e03423667dbb73b6e15454f0eb1abd4597f9a1b078e3f5b5a6bc7
[main] INFO org.apache.nifi.processors.standard.CryptographicHashAttributeTest - [EXPECTED]    SHA3-224(null) = null
[main] INFO org.apache.nifi.processors.standard.CryptographicHashAttributeTest - Setting hash algorithm to SHA3-224
[main] INFO org.apache.nifi.processors.standard.CryptographicHashAttributeTest - flowfile.username_SHA3-224 = 6b4e03423667dbb73b6e15454f0eb1abd4597f9a1b078e3f5b5a6bc7
[main] INFO org.apache.nifi.processors.standard.CryptographicHashAttributeTest - flowfile.date_SHA3-224 = null
[main] INFO org.apache.nifi.processors.standard.CryptographicHashAttributeTest - [EXPECTED]    SHA3-256() = a7ffc6f8bf1ed76651c14756a061d662f580ff4de43b49fa82d80a4b80f8434a
[main] INFO org.apache.nifi.processors.standard.CryptographicHashAttributeTest - [EXPECTED]    SHA3-256(null) = null
[main] INFO org.apache.nifi.processors.standard.CryptographicHashAttributeTest - Setting hash algorithm to SHA3-256
[main] INFO org.apache.nifi.processors.standard.CryptographicHashAttributeTest - flowfile.username_SHA3-256 = a7ffc6f8bf1ed76651c14756a061d662f580ff4de43b49fa82d80a4b80f8434a
[main] INFO org.apache.nifi.processors.standard.CryptographicHashAttributeTest - flowfile.date_SHA3-256 = null
[main] INFO org.apache.nifi.processors.standard.CryptographicHashAttributeTest - [EXPECTED]    SHA3-384() = 0c63a75b845e4f7d01107d852e4c2485c51a50aaaa94fc61995e71bbee983a2ac3713831264adb47fb6bd1e058d5f004
[main] INFO org.apache.nifi.processors.standard.CryptographicHashAttributeTest - [EXPECTED]    SHA3-384(null) = null
[main] INFO org.apache.nifi.processors.standard.CryptographicHashAttributeTest - Setting hash algorithm to SHA3-384
[main] INFO org.apache.nifi.processors.standard.CryptographicHashAttributeTest - flowfile.username_SHA3-384 = 0c63a75b845e4f7d01107d852e4c2485c51a50aaaa94fc61995e71bbee983a2ac3713831264adb47fb6bd1e058d5f004
[main] INFO org.apache.nifi.processors.standard.CryptographicHashAttributeTest - flowfile.date_SHA3-384 = null
[main] INFO org.apache.nifi.processors.standard.CryptographicHashAttributeTest - [EXPECTED]    SHA3-512() = a69f73cca23a9ac5c8b567dc185a756e97c982164fe25859e0d1dcc1475c80a615b2123af1f5f94c11e3e9402c3ac558f500199d95b6d3e301758586281dcd26
[main] INFO org.apache.nifi.processors.standard.CryptographicHashAttributeTest - [EXPECTED]    SHA3-512(null) = null
[main] INFO org.apache.nifi.processors.standard.CryptographicHashAttributeTest - Setting hash algorithm to SHA3-512
[main] INFO org.apache.nifi.processors.standard.CryptographicHashAttributeTest - flowfile.username_SHA3-512 = a69f73cca23a9ac5c8b567dc185a756e97c982164fe25859e0d1dcc1475c80a615b2123af1f5f94c11e3e9402c3ac558f500199d95b6d3e301758586281dcd26
[main] INFO org.apache.nifi.processors.standard.CryptographicHashAttributeTest - flowfile.date_SHA3-512 = null
[main] INFO org.apache.nifi.processors.standard.CryptographicHashAttributeTest - [EXPECTED]  BLAKE2-160() = 3345524abf6bbe1809449224b5972c41790b6cf2
[main] INFO org.apache.nifi.processors.standard.CryptographicHashAttributeTest - [EXPECTED]  BLAKE2-160(null) = null
[main] INFO org.apache.nifi.processors.standard.CryptographicHashAttributeTest - Setting hash algorithm to BLAKE2-160
[main] INFO org.apache.nifi.processors.standard.CryptographicHashAttributeTest - flowfile.username_BLAKE2-160 = 3345524abf6bbe1809449224b5972c41790b6cf2
[main] INFO org.apache.nifi.processors.standard.CryptographicHashAttributeTest - flowfile.date_BLAKE2-160 = null
[main] INFO org.apache.nifi.processors.standard.CryptographicHashAttributeTest - [EXPECTED]  BLAKE2-256() = 0e5751c026e543b2e8ab2eb06099daa1d1e5df47778f7787faab45cdf12fe3a8
[main] INFO org.apache.nifi.processors.standard.CryptographicHashAttributeTest - [EXPECTED]  BLAKE2-256(null) = null
[main] INFO org.apache.nifi.processors.standard.CryptographicHashAttributeTest - Setting hash algorithm to BLAKE2-256
[main] INFO org.apache.nifi.processors.standard.CryptographicHashAttributeTest - flowfile.username_BLAKE2-256 = 0e5751c026e543b2e8ab2eb06099daa1d1e5df47778f7787faab45cdf12fe3a8
[main] INFO org.apache.nifi.processors.standard.CryptographicHashAttributeTest - flowfile.date_BLAKE2-256 = null
[main] INFO org.apache.nifi.processors.standard.CryptographicHashAttributeTest - [EXPECTED]  BLAKE2-384() = b32811423377f52d7862286ee1a72ee540524380fda1724a6f25d7978c6fd3244a6caf0498812673c5e05ef583825100
[main] INFO org.apache.nifi.processors.standard.CryptographicHashAttributeTest - [EXPECTED]  BLAKE2-384(null) = null
[main] INFO org.apache.nifi.processors.standard.CryptographicHashAttributeTest - Setting hash algorithm to BLAKE2-384
[main] INFO org.apache.nifi.processors.standard.CryptographicHashAttributeTest - flowfile.username_BLAKE2-384 = b32811423377f52d7862286ee1a72ee540524380fda1724a6f25d7978c6fd3244a6caf0498812673c5e05ef583825100
[main] INFO org.apache.nifi.processors.standard.CryptographicHashAttributeTest - flowfile.date_BLAKE2-384 = null
[main] INFO org.apache.nifi.processors.standard.CryptographicHashAttributeTest - [EXPECTED]  BLAKE2-512() = 786a02f742015903c6c6fd852552d272912f4740e15847618a86e217f71f5419d25e1031afee585313896444934eb04b903a685b1448b755d56f701afe9be2ce
[main] INFO org.apache.nifi.processors.standard.CryptographicHashAttributeTest - [EXPECTED]  BLAKE2-512(null) = null
[main] INFO org.apache.nifi.processors.standard.CryptographicHashAttributeTest - Setting hash algorithm to BLAKE2-512
[main] INFO org.apache.nifi.processors.standard.CryptographicHashAttributeTest - flowfile.username_BLAKE2-512 = 786a02f742015903c6c6fd852552d272912f4740e15847618a86e217f71f5419d25e1031afee585313896444934eb04b903a685b1448b755d56f701afe9be2ce
[main] INFO org.apache.nifi.processors.standard.CryptographicHashAttributeTest - flowfile.date_BLAKE2-512 = null
]]></system-err>
  </testcase>
  <testcase name="testShouldRouteToSuccessOnAllowPartial" classname="org.apache.nifi.processors.standard.CryptographicHashAttributeTest" time="0.023">
    <system-err><![CDATA[[main] INFO org.apache.nifi.processors.standard.CryptographicHashAttributeTest - [EXPECTED]         MD2() = 8350e5a3e24c153df2275c9f80692773
[main] INFO org.apache.nifi.processors.standard.CryptographicHashAttributeTest - [EXPECTED]         MD2(null) = null
[main] INFO org.apache.nifi.processors.standard.CryptographicHashAttributeTest - Setting hash algorithm to MD2
[main] INFO org.apache.nifi.processors.standard.CryptographicHashAttributeTest - Successful flowfile has attributes [path:target, filename:98941228572474.mockFlowFile, username_MD2:8350e5a3e24c153df2275c9f80692773, uuid:0b0be3ee-a3a7-4be3-8f24-b8622e74409b, username:]
[main] INFO org.apache.nifi.processors.standard.CryptographicHashAttributeTest - [EXPECTED]         MD5() = d41d8cd98f00b204e9800998ecf8427e
[main] INFO org.apache.nifi.processors.standard.CryptographicHashAttributeTest - [EXPECTED]         MD5(null) = null
[main] INFO org.apache.nifi.processors.standard.CryptographicHashAttributeTest - Setting hash algorithm to MD5
[main] INFO org.apache.nifi.processors.standard.CryptographicHashAttributeTest - Successful flowfile has attributes [path:target, filename:98941230758579.mockFlowFile, username_MD5:d41d8cd98f00b204e9800998ecf8427e, uuid:3ee659d3-79b8-43e3-a8aa-684068ccfd57, username:]
[main] INFO org.apache.nifi.processors.standard.CryptographicHashAttributeTest - [EXPECTED]       SHA-1() = da39a3ee5e6b4b0d3255bfef95601890afd80709
[main] INFO org.apache.nifi.processors.standard.CryptographicHashAttributeTest - [EXPECTED]       SHA-1(null) = null
[main] INFO org.apache.nifi.processors.standard.CryptographicHashAttributeTest - Setting hash algorithm to SHA-1
[main] INFO org.apache.nifi.processors.standard.CryptographicHashAttributeTest - Successful flowfile has attributes [path:target, filename:98941231876441.mockFlowFile, uuid:9df90fee-0c77-44d0-b7d7-3e82701f4e05, username:, username_SHA-1:da39a3ee5e6b4b0d3255bfef95601890afd80709]
[main] INFO org.apache.nifi.processors.standard.CryptographicHashAttributeTest - [EXPECTED]     SHA-224() = d14a028c2a3a2bc9476102bb288234c415a2b01f828ea62ac5b3e42f
[main] INFO org.apache.nifi.processors.standard.CryptographicHashAttributeTest - [EXPECTED]     SHA-224(null) = null
[main] INFO org.apache.nifi.processors.standard.CryptographicHashAttributeTest - Setting hash algorithm to SHA-224
[main] INFO org.apache.nifi.processors.standard.CryptographicHashAttributeTest - Successful flowfile has attributes [path:target, filename:98941232593521.mockFlowFile, username_SHA-224:d14a028c2a3a2bc9476102bb288234c415a2b01f828ea62ac5b3e42f, uuid:9fd5cf20-4710-427b-89c2-24f4d7f9b0f9, username:]
[main] INFO org.apache.nifi.processors.standard.CryptographicHashAttributeTest - [EXPECTED]     SHA-256() = e3b0c44298fc1c149afbf4c8996fb92427ae41e4649b934ca495991b7852b855
[main] INFO org.apache.nifi.processors.standard.CryptographicHashAttributeTest - [EXPECTED]     SHA-256(null) = null
[main] INFO org.apache.nifi.processors.standard.CryptographicHashAttributeTest - Setting hash algorithm to SHA-256
[main] INFO org.apache.nifi.processors.standard.CryptographicHashAttributeTest - Successful flowfile has attributes [path:target, filename:98941233169626.mockFlowFile, username_SHA-256:e3b0c44298fc1c149afbf4c8996fb92427ae41e4649b934ca495991b7852b855, uuid:447401ff-0d5b-4a91-8b93-2fbb9df1d21d, username:]
[main] INFO org.apache.nifi.processors.standard.CryptographicHashAttributeTest - [EXPECTED]     SHA-384() = 38b060a751ac96384cd9327eb1b1e36a21fdb71114be07434c0cc7bf63f6e1da274edebfe76f65fbd51ad2f14898b95b
[main] INFO org.apache.nifi.processors.standard.CryptographicHashAttributeTest - [EXPECTED]     SHA-384(null) = null
[main] INFO org.apache.nifi.processors.standard.CryptographicHashAttributeTest - Setting hash algorithm to SHA-384
[main] INFO org.apache.nifi.processors.standard.CryptographicHashAttributeTest - Successful flowfile has attributes [path:target, filename:98941233744018.mockFlowFile, username_SHA-384:38b060a751ac96384cd9327eb1b1e36a21fdb71114be07434c0cc7bf63f6e1da274edebfe76f65fbd51ad2f14898b95b, uuid:241e615c-1a0a-474f-96bb-b24d4aa7e2b0, username:]
[main] INFO org.apache.nifi.processors.standard.CryptographicHashAttributeTest - [EXPECTED]     SHA-512() = cf83e1357eefb8bdf1542850d66d8007d620e4050b5715dc83f4a921d36ce9ce47d0d13c5d85f2b0ff8318d2877eec2f63b931bd47417a81a538327af927da3e
[main] INFO org.apache.nifi.processors.standard.CryptographicHashAttributeTest - [EXPECTED]     SHA-512(null) = null
[main] INFO org.apache.nifi.processors.standard.CryptographicHashAttributeTest - Setting hash algorithm to SHA-512
[main] INFO org.apache.nifi.processors.standard.CryptographicHashAttributeTest - Successful flowfile has attributes [path:target, filename:98941234475277.mockFlowFile, uuid:db4e96d2-5bff-48c6-9e13-9fb7dc47c015, username_SHA-512:cf83e1357eefb8bdf1542850d66d8007d620e4050b5715dc83f4a921d36ce9ce47d0d13c5d85f2b0ff8318d2877eec2f63b931bd47417a81a538327af927da3e, username:]
[main] INFO org.apache.nifi.processors.standard.CryptographicHashAttributeTest - [EXPECTED] SHA-512/224() = 6ed0dd02806fa89e25de060c19d3ac86cabb87d6a0ddd05c333b84f4
[main] INFO org.apache.nifi.processors.standard.CryptographicHashAttributeTest - [EXPECTED] SHA-512/224(null) = null
[main] INFO org.apache.nifi.processors.standard.CryptographicHashAttributeTest - Setting hash algorithm to SHA-512/224
[main] INFO org.apache.nifi.processors.standard.CryptographicHashAttributeTest - Successful flowfile has attributes [path:target, filename:98941235119664.mockFlowFile, username_SHA-512/224:6ed0dd02806fa89e25de060c19d3ac86cabb87d6a0ddd05c333b84f4, uuid:3b1f231e-64f3-4be5-ab8e-9c344742f8ab, username:]
[main] INFO org.apache.nifi.processors.standard.CryptographicHashAttributeTest - [EXPECTED] SHA-512/256() = c672b8d1ef56ed28ab87c3622c5114069bdd3ad7b8f9737498d0c01ecef0967a
[main] INFO org.apache.nifi.processors.standard.CryptographicHashAttributeTest - [EXPECTED] SHA-512/256(null) = null
[main] INFO org.apache.nifi.processors.standard.CryptographicHashAttributeTest - Setting hash algorithm to SHA-512/256
[main] INFO org.apache.nifi.processors.standard.CryptographicHashAttributeTest - Successful flowfile has attributes [path:target, username_SHA-512/256:c672b8d1ef56ed28ab87c3622c5114069bdd3ad7b8f9737498d0c01ecef0967a, filename:98941235835638.mockFlowFile, uuid:2a314ebf-5dc6-43e3-ae21-b01476b4a3e7, username:]
[main] INFO org.apache.nifi.processors.standard.CryptographicHashAttributeTest - [EXPECTED]    SHA3-224() = 6b4e03423667dbb73b6e15454f0eb1abd4597f9a1b078e3f5b5a6bc7
[main] INFO org.apache.nifi.processors.standard.CryptographicHashAttributeTest - [EXPECTED]    SHA3-224(null) = null
[main] INFO org.apache.nifi.processors.standard.CryptographicHashAttributeTest - Setting hash algorithm to SHA3-224
[main] INFO org.apache.nifi.processors.standard.CryptographicHashAttributeTest - Successful flowfile has attributes [path:target, filename:98941236567718.mockFlowFile, uuid:f84f666d-aab6-43d8-8a7c-2e4b6d38082c, username_SHA3-224:6b4e03423667dbb73b6e15454f0eb1abd4597f9a1b078e3f5b5a6bc7, username:]
[main] INFO org.apache.nifi.processors.standard.CryptographicHashAttributeTest - [EXPECTED]    SHA3-256() = a7ffc6f8bf1ed76651c14756a061d662f580ff4de43b49fa82d80a4b80f8434a
[main] INFO org.apache.nifi.processors.standard.CryptographicHashAttributeTest - [EXPECTED]    SHA3-256(null) = null
[main] INFO org.apache.nifi.processors.standard.CryptographicHashAttributeTest - Setting hash algorithm to SHA3-256
[main] INFO org.apache.nifi.processors.standard.CryptographicHashAttributeTest - Successful flowfile has attributes [path:target, filename:98941237472345.mockFlowFile, username_SHA3-256:a7ffc6f8bf1ed76651c14756a061d662f580ff4de43b49fa82d80a4b80f8434a, uuid:54889924-5477-4b9f-9036-9f3bb55e0d50, username:]
[main] INFO org.apache.nifi.processors.standard.CryptographicHashAttributeTest - [EXPECTED]    SHA3-384() = 0c63a75b845e4f7d01107d852e4c2485c51a50aaaa94fc61995e71bbee983a2ac3713831264adb47fb6bd1e058d5f004
[main] INFO org.apache.nifi.processors.standard.CryptographicHashAttributeTest - [EXPECTED]    SHA3-384(null) = null
[main] INFO org.apache.nifi.processors.standard.CryptographicHashAttributeTest - Setting hash algorithm to SHA3-384
[main] INFO org.apache.nifi.processors.standard.CryptographicHashAttributeTest - Successful flowfile has attributes [path:target, filename:98941238362253.mockFlowFile, username_SHA3-384:0c63a75b845e4f7d01107d852e4c2485c51a50aaaa94fc61995e71bbee983a2ac3713831264adb47fb6bd1e058d5f004, uuid:965df829-8469-4b4a-bd51-ef4c35a7574d, username:]
[main] INFO org.apache.nifi.processors.standard.CryptographicHashAttributeTest - [EXPECTED]    SHA3-512() = a69f73cca23a9ac5c8b567dc185a756e97c982164fe25859e0d1dcc1475c80a615b2123af1f5f94c11e3e9402c3ac558f500199d95b6d3e301758586281dcd26
[main] INFO org.apache.nifi.processors.standard.CryptographicHashAttributeTest - [EXPECTED]    SHA3-512(null) = null
[main] INFO org.apache.nifi.processors.standard.CryptographicHashAttributeTest - Setting hash algorithm to SHA3-512
[main] INFO org.apache.nifi.processors.standard.CryptographicHashAttributeTest - Successful flowfile has attributes [path:target, filename:98941239396765.mockFlowFile, username_SHA3-512:a69f73cca23a9ac5c8b567dc185a756e97c982164fe25859e0d1dcc1475c80a615b2123af1f5f94c11e3e9402c3ac558f500199d95b6d3e301758586281dcd26, uuid:384427b2-5223-41dc-8274-e3fa08ac30db, username:]
[main] INFO org.apache.nifi.processors.standard.CryptographicHashAttributeTest - [EXPECTED]  BLAKE2-160() = 3345524abf6bbe1809449224b5972c41790b6cf2
[main] INFO org.apache.nifi.processors.standard.CryptographicHashAttributeTest - [EXPECTED]  BLAKE2-160(null) = null
[main] INFO org.apache.nifi.processors.standard.CryptographicHashAttributeTest - Setting hash algorithm to BLAKE2-160
[main] INFO org.apache.nifi.processors.standard.CryptographicHashAttributeTest - Successful flowfile has attributes [path:target, filename:98941240206157.mockFlowFile, username_BLAKE2-160:3345524abf6bbe1809449224b5972c41790b6cf2, uuid:f7237024-da92-4489-b0d9-538d6c298d11, username:]
[main] INFO org.apache.nifi.processors.standard.CryptographicHashAttributeTest - [EXPECTED]  BLAKE2-256() = 0e5751c026e543b2e8ab2eb06099daa1d1e5df47778f7787faab45cdf12fe3a8
[main] INFO org.apache.nifi.processors.standard.CryptographicHashAttributeTest - [EXPECTED]  BLAKE2-256(null) = null
[main] INFO org.apache.nifi.processors.standard.CryptographicHashAttributeTest - Setting hash algorithm to BLAKE2-256
[main] INFO org.apache.nifi.processors.standard.CryptographicHashAttributeTest - Successful flowfile has attributes [path:target, filename:98941240912528.mockFlowFile, username_BLAKE2-256:0e5751c026e543b2e8ab2eb06099daa1d1e5df47778f7787faab45cdf12fe3a8, uuid:8230d637-2d7b-4f1f-bc60-d53a294b27af, username:]
[main] INFO org.apache.nifi.processors.standard.CryptographicHashAttributeTest - [EXPECTED]  BLAKE2-384() = b32811423377f52d7862286ee1a72ee540524380fda1724a6f25d7978c6fd3244a6caf0498812673c5e05ef583825100
[main] INFO org.apache.nifi.processors.standard.CryptographicHashAttributeTest - [EXPECTED]  BLAKE2-384(null) = null
[main] INFO org.apache.nifi.processors.standard.CryptographicHashAttributeTest - Setting hash algorithm to BLAKE2-384
[main] INFO org.apache.nifi.processors.standard.CryptographicHashAttributeTest - Successful flowfile has attributes [path:target, filename:98941242376974.mockFlowFile, username_BLAKE2-384:b32811423377f52d7862286ee1a72ee540524380fda1724a6f25d7978c6fd3244a6caf0498812673c5e05ef583825100, uuid:70e1534f-bfec-49fa-9a02-fe356ffc5eb5, username:]
[main] INFO org.apache.nifi.processors.standard.CryptographicHashAttributeTest - [EXPECTED]  BLAKE2-512() = 786a02f742015903c6c6fd852552d272912f4740e15847618a86e217f71f5419d25e1031afee585313896444934eb04b903a685b1448b755d56f701afe9be2ce
[main] INFO org.apache.nifi.processors.standard.CryptographicHashAttributeTest - [EXPECTED]  BLAKE2-512(null) = null
[main] INFO org.apache.nifi.processors.standard.CryptographicHashAttributeTest - Setting hash algorithm to BLAKE2-512
[main] INFO org.apache.nifi.processors.standard.CryptographicHashAttributeTest - Successful flowfile has attributes [path:target, filename:98941243768797.mockFlowFile, username_BLAKE2-512:786a02f742015903c6c6fd852552d272912f4740e15847618a86e217f71f5419d25e1031afee585313896444934eb04b903a685b1448b755d56f701afe9be2ce, uuid:dd1dc552-4131-435f-80d7-0de6a174d2dd, username:]
]]></system-err>
  </testcase>
  <testcase name="testShouldRouteToFailureOnProhibitedMissingAttribute" classname="org.apache.nifi.processors.standard.CryptographicHashAttributeTest" time="0.018">
    <system-err><![CDATA[[main] INFO org.apache.nifi.processors.standard.CryptographicHashAttributeTest - [EXPECTED]         MD2() = 8350e5a3e24c153df2275c9f80692773
[main] INFO org.apache.nifi.processors.standard.CryptographicHashAttributeTest - [EXPECTED]         MD2(null) = null
[main] INFO org.apache.nifi.processors.standard.CryptographicHashAttributeTest - Setting hash algorithm to MD2
[pool-1379-thread-1] INFO org.apache.nifi.processors.standard.CryptographicHashAttribute - CryptographicHashAttribute[id=3c8e8282-41b6-4262-9a1e-f5d06d819492] Routing FlowFile[0,98941248844006.mockFlowFile,0B] to 'failure' because of missing attributes: date 
[main] INFO org.apache.nifi.processors.standard.CryptographicHashAttributeTest - Failed flowfile has attributes [date:null, path:target, filename:98941248844006.mockFlowFile, uuid:9b740896-b627-4a29-95ef-cf843dd6a155, username:]
[main] INFO org.apache.nifi.processors.standard.CryptographicHashAttributeTest - [EXPECTED]         MD5() = d41d8cd98f00b204e9800998ecf8427e
[main] INFO org.apache.nifi.processors.standard.CryptographicHashAttributeTest - [EXPECTED]         MD5(null) = null
[main] INFO org.apache.nifi.processors.standard.CryptographicHashAttributeTest - Setting hash algorithm to MD5
[pool-1380-thread-1] INFO org.apache.nifi.processors.standard.CryptographicHashAttribute - CryptographicHashAttribute[id=3c8e8282-41b6-4262-9a1e-f5d06d819492] Routing FlowFile[1,98941250981369.mockFlowFile,0B] to 'failure' because of missing attributes: date 
[main] INFO org.apache.nifi.processors.standard.CryptographicHashAttributeTest - Failed flowfile has attributes [date:null, path:target, filename:98941250981369.mockFlowFile, uuid:eea6929a-00e2-4548-88d1-02187a13ba36, username:]
[main] INFO org.apache.nifi.processors.standard.CryptographicHashAttributeTest - [EXPECTED]       SHA-1() = da39a3ee5e6b4b0d3255bfef95601890afd80709
[main] INFO org.apache.nifi.processors.standard.CryptographicHashAttributeTest - [EXPECTED]       SHA-1(null) = null
[main] INFO org.apache.nifi.processors.standard.CryptographicHashAttributeTest - Setting hash algorithm to SHA-1
[pool-1381-thread-1] INFO org.apache.nifi.processors.standard.CryptographicHashAttribute - CryptographicHashAttribute[id=3c8e8282-41b6-4262-9a1e-f5d06d819492] Routing FlowFile[2,98941251683778.mockFlowFile,0B] to 'failure' because of missing attributes: date 
[main] INFO org.apache.nifi.processors.standard.CryptographicHashAttributeTest - Failed flowfile has attributes [date:null, path:target, filename:98941251683778.mockFlowFile, uuid:2fdee7c5-8796-4893-9afe-0d2f2697b238, username:]
[main] INFO org.apache.nifi.processors.standard.CryptographicHashAttributeTest - [EXPECTED]     SHA-224() = d14a028c2a3a2bc9476102bb288234c415a2b01f828ea62ac5b3e42f
[main] INFO org.apache.nifi.processors.standard.CryptographicHashAttributeTest - [EXPECTED]     SHA-224(null) = null
[main] INFO org.apache.nifi.processors.standard.CryptographicHashAttributeTest - Setting hash algorithm to SHA-224
[pool-1382-thread-1] INFO org.apache.nifi.processors.standard.CryptographicHashAttribute - CryptographicHashAttribute[id=3c8e8282-41b6-4262-9a1e-f5d06d819492] Routing FlowFile[3,98941252407794.mockFlowFile,0B] to 'failure' because of missing attributes: date 
[main] INFO org.apache.nifi.processors.standard.CryptographicHashAttributeTest - Failed flowfile has attributes [date:null, path:target, filename:98941252407794.mockFlowFile, uuid:2b98975f-384c-4442-b1ed-cd83d4cdf41d, username:]
[main] INFO org.apache.nifi.processors.standard.CryptographicHashAttributeTest - [EXPECTED]     SHA-256() = e3b0c44298fc1c149afbf4c8996fb92427ae41e4649b934ca495991b7852b855
[main] INFO org.apache.nifi.processors.standard.CryptographicHashAttributeTest - [EXPECTED]     SHA-256(null) = null
[main] INFO org.apache.nifi.processors.standard.CryptographicHashAttributeTest - Setting hash algorithm to SHA-256
[pool-1383-thread-1] INFO org.apache.nifi.processors.standard.CryptographicHashAttribute - CryptographicHashAttribute[id=3c8e8282-41b6-4262-9a1e-f5d06d819492] Routing FlowFile[4,98941253253452.mockFlowFile,0B] to 'failure' because of missing attributes: date 
[main] INFO org.apache.nifi.processors.standard.CryptographicHashAttributeTest - Failed flowfile has attributes [date:null, path:target, filename:98941253253452.mockFlowFile, uuid:8fad8236-8cbe-415f-a1ab-956c53a86247, username:]
[main] INFO org.apache.nifi.processors.standard.CryptographicHashAttributeTest - [EXPECTED]     SHA-384() = 38b060a751ac96384cd9327eb1b1e36a21fdb71114be07434c0cc7bf63f6e1da274edebfe76f65fbd51ad2f14898b95b
[main] INFO org.apache.nifi.processors.standard.CryptographicHashAttributeTest - [EXPECTED]     SHA-384(null) = null
[main] INFO org.apache.nifi.processors.standard.CryptographicHashAttributeTest - Setting hash algorithm to SHA-384
[pool-1384-thread-1] INFO org.apache.nifi.processors.standard.CryptographicHashAttribute - CryptographicHashAttribute[id=3c8e8282-41b6-4262-9a1e-f5d06d819492] Routing FlowFile[5,98941254051327.mockFlowFile,0B] to 'failure' because of missing attributes: date 
[main] INFO org.apache.nifi.processors.standard.CryptographicHashAttributeTest - Failed flowfile has attributes [date:null, path:target, filename:98941254051327.mockFlowFile, uuid:e8f75902-02e9-4c44-b01c-e3ead860e3f8, username:]
[main] INFO org.apache.nifi.processors.standard.CryptographicHashAttributeTest - [EXPECTED]     SHA-512() = cf83e1357eefb8bdf1542850d66d8007d620e4050b5715dc83f4a921d36ce9ce47d0d13c5d85f2b0ff8318d2877eec2f63b931bd47417a81a538327af927da3e
[main] INFO org.apache.nifi.processors.standard.CryptographicHashAttributeTest - [EXPECTED]     SHA-512(null) = null
[main] INFO org.apache.nifi.processors.standard.CryptographicHashAttributeTest - Setting hash algorithm to SHA-512
[pool-1385-thread-1] INFO org.apache.nifi.processors.standard.CryptographicHashAttribute - CryptographicHashAttribute[id=3c8e8282-41b6-4262-9a1e-f5d06d819492] Routing FlowFile[6,98941254858890.mockFlowFile,0B] to 'failure' because of missing attributes: date 
[main] INFO org.apache.nifi.processors.standard.CryptographicHashAttributeTest - Failed flowfile has attributes [date:null, path:target, filename:98941254858890.mockFlowFile, uuid:8a0c0df7-2eb6-4152-b5d3-efa8136334dd, username:]
[main] INFO org.apache.nifi.processors.standard.CryptographicHashAttributeTest - [EXPECTED] SHA-512/224() = 6ed0dd02806fa89e25de060c19d3ac86cabb87d6a0ddd05c333b84f4
[main] INFO org.apache.nifi.processors.standard.CryptographicHashAttributeTest - [EXPECTED] SHA-512/224(null) = null
[main] INFO org.apache.nifi.processors.standard.CryptographicHashAttributeTest - Setting hash algorithm to SHA-512/224
[pool-1386-thread-1] INFO org.apache.nifi.processors.standard.CryptographicHashAttribute - CryptographicHashAttribute[id=3c8e8282-41b6-4262-9a1e-f5d06d819492] Routing FlowFile[7,98941255913294.mockFlowFile,0B] to 'failure' because of missing attributes: date 
[main] INFO org.apache.nifi.processors.standard.CryptographicHashAttributeTest - Failed flowfile has attributes [date:null, path:target, filename:98941255913294.mockFlowFile, uuid:2582c24f-699b-4a39-a840-e811fa74c0ab, username:]
[main] INFO org.apache.nifi.processors.standard.CryptographicHashAttributeTest - [EXPECTED] SHA-512/256() = c672b8d1ef56ed28ab87c3622c5114069bdd3ad7b8f9737498d0c01ecef0967a
[main] INFO org.apache.nifi.processors.standard.CryptographicHashAttributeTest - [EXPECTED] SHA-512/256(null) = null
[main] INFO org.apache.nifi.processors.standard.CryptographicHashAttributeTest - Setting hash algorithm to SHA-512/256
[pool-1387-thread-1] INFO org.apache.nifi.processors.standard.CryptographicHashAttribute - CryptographicHashAttribute[id=3c8e8282-41b6-4262-9a1e-f5d06d819492] Routing FlowFile[8,98941257084027.mockFlowFile,0B] to 'failure' because of missing attributes: date 
[main] INFO org.apache.nifi.processors.standard.CryptographicHashAttributeTest - Failed flowfile has attributes [date:null, path:target, filename:98941257084027.mockFlowFile, uuid:981ae468-9bf9-4ab4-9696-98c672c0f179, username:]
[main] INFO org.apache.nifi.processors.standard.CryptographicHashAttributeTest - [EXPECTED]    SHA3-224() = 6b4e03423667dbb73b6e15454f0eb1abd4597f9a1b078e3f5b5a6bc7
[main] INFO org.apache.nifi.processors.standard.CryptographicHashAttributeTest - [EXPECTED]    SHA3-224(null) = null
[main] INFO org.apache.nifi.processors.standard.CryptographicHashAttributeTest - Setting hash algorithm to SHA3-224
[pool-1388-thread-1] INFO org.apache.nifi.processors.standard.CryptographicHashAttribute - CryptographicHashAttribute[id=3c8e8282-41b6-4262-9a1e-f5d06d819492] Routing FlowFile[9,98941257938032.mockFlowFile,0B] to 'failure' because of missing attributes: date 
[main] INFO org.apache.nifi.processors.standard.CryptographicHashAttributeTest - Failed flowfile has attributes [date:null, path:target, filename:98941257938032.mockFlowFile, uuid:236849cf-c6a2-4ba5-96cc-73980836904f, username:]
[main] INFO org.apache.nifi.processors.standard.CryptographicHashAttributeTest - [EXPECTED]    SHA3-256() = a7ffc6f8bf1ed76651c14756a061d662f580ff4de43b49fa82d80a4b80f8434a
[main] INFO org.apache.nifi.processors.standard.CryptographicHashAttributeTest - [EXPECTED]    SHA3-256(null) = null
[main] INFO org.apache.nifi.processors.standard.CryptographicHashAttributeTest - Setting hash algorithm to SHA3-256
[pool-1389-thread-1] INFO org.apache.nifi.processors.standard.CryptographicHashAttribute - CryptographicHashAttribute[id=3c8e8282-41b6-4262-9a1e-f5d06d819492] Routing FlowFile[10,98941258841708.mockFlowFile,0B] to 'failure' because of missing attributes: date 
[main] INFO org.apache.nifi.processors.standard.CryptographicHashAttributeTest - Failed flowfile has attributes [date:null, path:target, filename:98941258841708.mockFlowFile, uuid:1cbd2770-6e98-41cf-9e4b-7bd9e7b27361, username:]
[main] INFO org.apache.nifi.processors.standard.CryptographicHashAttributeTest - [EXPECTED]    SHA3-384() = 0c63a75b845e4f7d01107d852e4c2485c51a50aaaa94fc61995e71bbee983a2ac3713831264adb47fb6bd1e058d5f004
[main] INFO org.apache.nifi.processors.standard.CryptographicHashAttributeTest - [EXPECTED]    SHA3-384(null) = null
[main] INFO org.apache.nifi.processors.standard.CryptographicHashAttributeTest - Setting hash algorithm to SHA3-384
[pool-1390-thread-1] INFO org.apache.nifi.processors.standard.CryptographicHashAttribute - CryptographicHashAttribute[id=3c8e8282-41b6-4262-9a1e-f5d06d819492] Routing FlowFile[11,98941259544160.mockFlowFile,0B] to 'failure' because of missing attributes: date 
[main] INFO org.apache.nifi.processors.standard.CryptographicHashAttributeTest - Failed flowfile has attributes [date:null, path:target, filename:98941259544160.mockFlowFile, uuid:77aaee3b-0819-4d95-b57a-fe9a13927d88, username:]
[main] INFO org.apache.nifi.processors.standard.CryptographicHashAttributeTest - [EXPECTED]    SHA3-512() = a69f73cca23a9ac5c8b567dc185a756e97c982164fe25859e0d1dcc1475c80a615b2123af1f5f94c11e3e9402c3ac558f500199d95b6d3e301758586281dcd26
[main] INFO org.apache.nifi.processors.standard.CryptographicHashAttributeTest - [EXPECTED]    SHA3-512(null) = null
[main] INFO org.apache.nifi.processors.standard.CryptographicHashAttributeTest - Setting hash algorithm to SHA3-512
[pool-1391-thread-1] INFO org.apache.nifi.processors.standard.CryptographicHashAttribute - CryptographicHashAttribute[id=3c8e8282-41b6-4262-9a1e-f5d06d819492] Routing FlowFile[12,98941260177189.mockFlowFile,0B] to 'failure' because of missing attributes: date 
[main] INFO org.apache.nifi.processors.standard.CryptographicHashAttributeTest - Failed flowfile has attributes [date:null, path:target, filename:98941260177189.mockFlowFile, uuid:aa18ec41-6307-4b17-afc5-dbe99abff3c5, username:]
[main] INFO org.apache.nifi.processors.standard.CryptographicHashAttributeTest - [EXPECTED]  BLAKE2-160() = 3345524abf6bbe1809449224b5972c41790b6cf2
[main] INFO org.apache.nifi.processors.standard.CryptographicHashAttributeTest - [EXPECTED]  BLAKE2-160(null) = null
[main] INFO org.apache.nifi.processors.standard.CryptographicHashAttributeTest - Setting hash algorithm to BLAKE2-160
[pool-1392-thread-1] INFO org.apache.nifi.processors.standard.CryptographicHashAttribute - CryptographicHashAttribute[id=3c8e8282-41b6-4262-9a1e-f5d06d819492] Routing FlowFile[13,98941260761281.mockFlowFile,0B] to 'failure' because of missing attributes: date 
[main] INFO org.apache.nifi.processors.standard.CryptographicHashAttributeTest - Failed flowfile has attributes [date:null, path:target, filename:98941260761281.mockFlowFile, uuid:9d2d6785-0c67-4885-80a7-01672d31018b, username:]
[main] INFO org.apache.nifi.processors.standard.CryptographicHashAttributeTest - [EXPECTED]  BLAKE2-256() = 0e5751c026e543b2e8ab2eb06099daa1d1e5df47778f7787faab45cdf12fe3a8
[main] INFO org.apache.nifi.processors.standard.CryptographicHashAttributeTest - [EXPECTED]  BLAKE2-256(null) = null
[main] INFO org.apache.nifi.processors.standard.CryptographicHashAttributeTest - Setting hash algorithm to BLAKE2-256
[pool-1393-thread-1] INFO org.apache.nifi.processors.standard.CryptographicHashAttribute - CryptographicHashAttribute[id=3c8e8282-41b6-4262-9a1e-f5d06d819492] Routing FlowFile[14,98941261248255.mockFlowFile,0B] to 'failure' because of missing attributes: date 
[main] INFO org.apache.nifi.processors.standard.CryptographicHashAttributeTest - Failed flowfile has attributes [date:null, path:target, filename:98941261248255.mockFlowFile, uuid:1b792fdf-6213-4ef1-81f5-d3a263c0681f, username:]
[main] INFO org.apache.nifi.processors.standard.CryptographicHashAttributeTest - [EXPECTED]  BLAKE2-384() = b32811423377f52d7862286ee1a72ee540524380fda1724a6f25d7978c6fd3244a6caf0498812673c5e05ef583825100
[main] INFO org.apache.nifi.processors.standard.CryptographicHashAttributeTest - [EXPECTED]  BLAKE2-384(null) = null
[main] INFO org.apache.nifi.processors.standard.CryptographicHashAttributeTest - Setting hash algorithm to BLAKE2-384
[pool-1394-thread-1] INFO org.apache.nifi.processors.standard.CryptographicHashAttribute - CryptographicHashAttribute[id=3c8e8282-41b6-4262-9a1e-f5d06d819492] Routing FlowFile[15,98941261968058.mockFlowFile,0B] to 'failure' because of missing attributes: date 
[main] INFO org.apache.nifi.processors.standard.CryptographicHashAttributeTest - Failed flowfile has attributes [date:null, path:target, filename:98941261968058.mockFlowFile, uuid:e946a1b6-e31b-4ff6-bc75-8c59c667eb68, username:]
[main] INFO org.apache.nifi.processors.standard.CryptographicHashAttributeTest - [EXPECTED]  BLAKE2-512() = 786a02f742015903c6c6fd852552d272912f4740e15847618a86e217f71f5419d25e1031afee585313896444934eb04b903a685b1448b755d56f701afe9be2ce
[main] INFO org.apache.nifi.processors.standard.CryptographicHashAttributeTest - [EXPECTED]  BLAKE2-512(null) = null
[main] INFO org.apache.nifi.processors.standard.CryptographicHashAttributeTest - Setting hash algorithm to BLAKE2-512
[pool-1395-thread-1] INFO org.apache.nifi.processors.standard.CryptographicHashAttribute - CryptographicHashAttribute[id=3c8e8282-41b6-4262-9a1e-f5d06d819492] Routing FlowFile[16,98941262496735.mockFlowFile,0B] to 'failure' because of missing attributes: date 
[main] INFO org.apache.nifi.processors.standard.CryptographicHashAttributeTest - Failed flowfile has attributes [date:null, path:target, filename:98941262496735.mockFlowFile, uuid:1a168384-9526-4a6e-8c54-9a630f63bdde, username:]
]]></system-err>
  </testcase>
</testsuite>