<?xml version="1.0" encoding="UTF-8"?>
<testsuite xmlns:xsi="http://www.w3.org/2001/XMLSchema-instance" xsi:noNamespaceSchemaLocation="https://maven.apache.org/surefire/maven-surefire-plugin/xsd/surefire-test-report-3.0.xsd" version="3.0" name="org.apache.nifi.processors.standard.TestExecuteSQLRecord" time="9.449" tests="18" errors="0" skipped="0" failures="0">
  <properties>
    <property name="sun.desktop" value="gnome"/>
    <property name="awt.toolkit" value="sun.awt.X11.XToolkit"/>
    <property name="file.encoding.pkg" value="sun.io"/>
    <property name="java.specification.version" value="1.8"/>
    <property name="sun.cpu.isalist" value=""/>
    <property name="sun.jnu.encoding" value="UTF-8"/>
    <property name="java.class.path" value="/home/alex/Repositories/nifi/nifi-nar-bundles/nifi-standard-bundle/nifi-standard-processors/target/test-classes:/home/alex/Repositories/nifi/nifi-nar-bundles/nifi-standard-bundle/nifi-standard-processors/target/classes:/home/alex/.m2/repository/org/apache/ftpserver/ftpserver-core/1.1.1/ftpserver-core-1.1.1.jar:/home/alex/.m2/repository/org/apache/ftpserver/ftplet-api/1.1.1/ftplet-api-1.1.1.jar:/home/alex/.m2/repository/org/slf4j/slf4j-api/1.7.32/slf4j-api-1.7.32.jar:/home/alex/.m2/repository/org/apache/mina/mina-core/2.0.16/mina-core-2.0.16.jar:/home/alex/Repositories/nifi/nifi-api/target/classes:/home/alex/Repositories/nifi/nifi-commons/nifi-expression-language/target/classes:/home/alex/.m2/repository/org/antlr/antlr-runtime/3.5.2/antlr-runtime-3.5.2.jar:/home/alex/Repositories/nifi/nifi-commons/nifi-parameter/target/classes:/home/alex/Repositories/nifi/nifi-commons/nifi-uuid5/target/classes:/home/alex/.m2/repository/org/apache/commons/commons-text/1.8/commons-text-1.8.jar:/home/alex/Repositories/nifi/nifi-nar-bundles/nifi-extension-utils/nifi-processor-utils/target/classes:/home/alex/Repositories/nifi/nifi-commons/nifi-security-socket-ssl/target/classes:/home/alex/Repositories/nifi/nifi-nar-bundles/nifi-extension-utils/nifi-event-transport/target/classes:/home/alex/.m2/repository/io/netty/netty-handler/4.1.69.Final/netty-handler-4.1.69.Final.jar:/home/alex/.m2/repository/io/netty/netty-common/4.1.69.Final/netty-common-4.1.69.Final.jar:/home/alex/.m2/repository/io/netty/netty-resolver/4.1.69.Final/netty-resolver-4.1.69.Final.jar:/home/alex/.m2/repository/io/netty/netty-transport/4.1.69.Final/netty-transport-4.1.69.Final.jar:/home/alex/.m2/repository/io/netty/netty-codec/4.1.69.Final/netty-codec-4.1.69.Final.jar:/home/alex/Repositories/nifi/nifi-nar-bundles/nifi-extension-utils/nifi-syslog-utils/target/classes:/home/alex/.m2/repository/com/github/palindromicity/simple-syslog-5424/0.0.16/simple-syslog-5424-0.0.16.jar:/home/alex/.m2/repository/org/antlr/antlr4-runtime/4.7.2/antlr4-runtime-4.7.2.jar:/home/alex/Repositories/nifi/nifi-commons/nifi-utils/target/classes:/home/alex/Repositories/nifi/nifi-commons/nifi-record-path/target/classes:/home/alex/Repositories/nifi/nifi-commons/nifi-properties/target/classes:/home/alex/Repositories/nifi/nifi-commons/nifi-property-utils/target/classes:/home/alex/.m2/repository/com/github/ben-manes/caffeine/caffeine/2.8.1/caffeine-2.8.1.jar:/home/alex/Repositories/nifi/nifi-nar-bundles/nifi-standard-services/nifi-ssl-context-service-api/target/classes:/home/alex/Repositories/nifi/nifi-commons/nifi-security-utils-api/target/classes:/home/alex/Repositories/nifi/nifi-nar-bundles/nifi-standard-services/nifi-lookup-service-api/target/classes:/home/alex/Repositories/nifi/nifi-commons/nifi-flowfile-packager/target/classes:/home/alex/Repositories/nifi/nifi-nar-bundles/nifi-standard-services/nifi-distributed-cache-client-service-api/target/classes:/home/alex/Repositories/nifi/nifi-nar-bundles/nifi-standard-services/nifi-http-context-map-api/target/classes:/home/alex/Repositories/nifi/nifi-nar-bundles/nifi-standard-services/nifi-record-serialization-service-api/target/classes:/home/alex/Repositories/nifi/nifi-nar-bundles/nifi-standard-services/nifi-proxy-configuration-api/target/classes:/home/alex/Repositories/nifi/nifi-commons/nifi-record/target/classes:/home/alex/Repositories/nifi/nifi-nar-bundles/nifi-standard-services/nifi-record-sink-api/target/classes:/home/alex/.m2/repository/commons-io/commons-io/2.10.0/commons-io-2.10.0.jar:/home/alex/.m2/repository/javax/ws/rs/javax.ws.rs-api/2.1/javax.ws.rs-api-2.1.jar:/home/alex/.m2/repository/commons-net/commons-net/3.6/commons-net-3.6.jar:/home/alex/.m2/repository/org/apache/commons/commons-compress/1.21/commons-compress-1.21.jar:/home/alex/.m2/repository/org/apache/commons/commons-lang3/3.9/commons-lang3-3.9.jar:/home/alex/.m2/repository/org/bouncycastle/bcprov-jdk15on/1.69/bcprov-jdk15on-1.69.jar:/home/alex/.m2/repository/org/bouncycastle/bcpg-jdk15on/1.69/bcpg-jdk15on-1.69.jar:/home/alex/.m2/repository/org/bouncycastle/bcpkix-jdk15on/1.69/bcpkix-jdk15on-1.69.jar:/home/alex/.m2/repository/org/bouncycastle/bcutil-jdk15on/1.69/bcutil-jdk15on-1.69.jar:/home/alex/.m2/repository/commons-codec/commons-codec/1.14/commons-codec-1.14.jar:/home/alex/Repositories/nifi/nifi-commons/nifi-security-utils/target/classes:/home/alex/Repositories/nifi/nifi-commons/nifi-security-kms/target/classes:/home/alex/.m2/repository/org/apache/commons/commons-configuration2/2.7/commons-configuration2-2.7.jar:/home/alex/.m2/repository/com/hierynomus/sshj/0.32.0/sshj-0.32.0.jar:/home/alex/.m2/repository/com/jcraft/jzlib/1.1.3/jzlib-1.1.3.jar:/home/alex/.m2/repository/com/hierynomus/asn-one/0.6.0/asn-one-0.6.0.jar:/home/alex/.m2/repository/net/i2p/crypto/eddsa/0.3.0/eddsa-0.3.0.jar:/home/alex/.m2/repository/org/eclipse/jetty/jetty-server/9.4.44.v20210927/jetty-server-9.4.44.v20210927.jar:/home/alex/.m2/repository/javax/servlet/javax.servlet-api/3.1.0/javax.servlet-api-3.1.0.jar:/home/alex/.m2/repository/org/eclipse/jetty/jetty-http/9.4.44.v20210927/jetty-http-9.4.44.v20210927.jar:/home/alex/.m2/repository/org/eclipse/jetty/jetty-util/9.4.44.v20210927/jetty-util-9.4.44.v20210927.jar:/home/alex/.m2/repository/org/eclipse/jetty/jetty-io/9.4.44.v20210927/jetty-io-9.4.44.v20210927.jar:/home/alex/.m2/repository/org/eclipse/jetty/jetty-servlet/9.4.44.v20210927/jetty-servlet-9.4.44.v20210927.jar:/home/alex/.m2/repository/org/eclipse/jetty/jetty-security/9.4.44.v20210927/jetty-security-9.4.44.v20210927.jar:/home/alex/.m2/repository/org/eclipse/jetty/jetty-util-ajax/9.4.44.v20210927/jetty-util-ajax-9.4.44.v20210927.jar:/home/alex/.m2/repository/org/apache/httpcomponents/httpclient/4.5.5/httpclient-4.5.5.jar:/home/alex/.m2/repository/commons-logging/commons-logging/1.2/commons-logging-1.2.jar:/home/alex/.m2/repository/org/apache/httpcomponents/httpcore/4.4.9/httpcore-4.4.9.jar:/home/alex/.m2/repository/jakarta/activation/jakarta.activation-api/2.0.1/jakarta.activation-api-2.0.1.jar:/home/alex/.m2/repository/com/sun/activation/jakarta.activation/2.0.1/jakarta.activation-2.0.1.jar:/home/alex/.m2/repository/jakarta/mail/jakarta.mail-api/2.0.1/jakarta.mail-api-2.0.1.jar:/home/alex/.m2/repository/com/sun/mail/jakarta.mail/2.0.1/jakarta.mail-2.0.1.jar:/home/alex/.m2/repository/com/github/jponge/lzma-java/1.3/lzma-java-1.3.jar:/home/alex/.m2/repository/org/tukaani/xz/1.8/xz-1.8.jar:/home/alex/.m2/repository/net/sf/saxon/Saxon-HE/10.6/Saxon-HE-10.6.jar:/home/alex/Repositories/nifi/nifi-commons/nifi-socket-utils/target/classes:/home/alex/Repositories/nifi/nifi-commons/nifi-logging-utils/target/classes:/home/alex/Repositories/nifi/nifi-nar-bundles/nifi-standard-services/nifi-load-distribution-service-api/target/classes:/home/alex/.m2/repository/javax/jms/javax.jms-api/2.0.1/javax.jms-api-2.0.1.jar:/home/alex/.m2/repository/org/apache/activemq/activemq-client/5.15.15/activemq-client-5.15.15.jar:/home/alex/.m2/repository/org/apache/geronimo/specs/geronimo-jms_1.1_spec/1.1.1/geronimo-jms_1.1_spec-1.1.1.jar:/home/alex/.m2/repository/org/fusesource/hawtbuf/hawtbuf/1.11/hawtbuf-1.11.jar:/home/alex/.m2/repository/org/apache/geronimo/specs/geronimo-j2ee-management_1.1_spec/1.0.1/geronimo-j2ee-management_1.1_spec-1.0.1.jar:/home/alex/.m2/repository/com/jayway/jsonpath/json-path/2.6.0/json-path-2.6.0.jar:/home/alex/.m2/repository/net/minidev/json-smart/2.4.7/json-smart-2.4.7.jar:/home/alex/.m2/repository/net/minidev/accessors-smart/2.4.7/accessors-smart-2.4.7.jar:/home/alex/.m2/repository/org/ow2/asm/asm/9.1/asm-9.1.jar:/home/alex/.m2/repository/org/apache/tika/tika-core/1.26/tika-core-1.26.jar:/home/alex/.m2/repository/com/fasterxml/jackson/core/jackson-databind/2.12.3/jackson-databind-2.12.3.jar:/home/alex/.m2/repository/com/fasterxml/jackson/core/jackson-annotations/2.12.3/jackson-annotations-2.12.3.jar:/home/alex/.m2/repository/com/fasterxml/jackson/core/jackson-core/2.12.3/jackson-core-2.12.3.jar:/home/alex/Repositories/nifi/nifi-nar-bundles/nifi-extension-utils/nifi-record-utils/nifi-avro-record-utils/target/classes:/home/alex/Repositories/nifi/nifi-nar-bundles/nifi-extension-utils/nifi-record-utils/nifi-standard-record-utils/target/classes:/home/alex/.m2/repository/org/apache/avro/avro/1.8.1/avro-1.8.1.jar:/home/alex/.m2/repository/org/codehaus/jackson/jackson-core-asl/1.9.13/jackson-core-asl-1.9.13.jar:/home/alex/.m2/repository/org/codehaus/jackson/jackson-mapper-asl/1.9.13/jackson-mapper-asl-1.9.13.jar:/home/alex/.m2/repository/com/thoughtworks/paranamer/paranamer/2.7/paranamer-2.7.jar:/home/alex/Repositories/nifi/nifi-nar-bundles/nifi-standard-services/nifi-dbcp-service-api/target/classes:/home/alex/.m2/repository/com/squareup/okhttp3/okhttp/4.9.2/okhttp-4.9.2.jar:/home/alex/.m2/repository/com/squareup/okio/okio/2.8.0/okio-2.8.0.jar:/home/alex/.m2/repository/org/jetbrains/kotlin/kotlin-stdlib-common/1.4.0/kotlin-stdlib-common-1.4.0.jar:/home/alex/.m2/repository/org/jetbrains/kotlin/kotlin-stdlib/1.4.10/kotlin-stdlib-1.4.10.jar:/home/alex/.m2/repository/org/jetbrains/annotations/13.0/annotations-13.0.jar:/home/alex/.m2/repository/io/github/rburgst/okhttp-digest/2.5/okhttp-digest-2.5.jar:/home/alex/.m2/repository/at/favre/lib/bcrypt/0.9.0/bcrypt-0.9.0.jar:/home/alex/.m2/repository/at/favre/lib/bytes/1.3.0/bytes-1.3.0.jar:/home/alex/.m2/repository/com/google/guava/guava/28.0-jre/guava-28.0-jre.jar:/home/alex/.m2/repository/com/google/guava/failureaccess/1.0.1/failureaccess-1.0.1.jar:/home/alex/.m2/repository/com/google/guava/listenablefuture/9999.0-empty-to-avoid-conflict-with-guava/listenablefuture-9999.0-empty-to-avoid-conflict-with-guava.jar:/home/alex/.m2/repository/com/google/code/findbugs/jsr305/3.0.2/jsr305-3.0.2.jar:/home/alex/.m2/repository/org/checkerframework/checker-qual/2.8.1/checker-qual-2.8.1.jar:/home/alex/.m2/repository/com/google/errorprone/error_prone_annotations/2.3.2/error_prone_annotations-2.3.2.jar:/home/alex/.m2/repository/com/google/j2objc/j2objc-annotations/1.3/j2objc-annotations-1.3.jar:/home/alex/.m2/repository/org/codehaus/mojo/animal-sniffer-annotations/1.17/animal-sniffer-annotations-1.17.jar:/home/alex/Repositories/nifi/nifi-mock/target/classes:/home/alex/Repositories/nifi/nifi-framework-api/target/classes:/home/alex/Repositories/nifi/nifi-nar-bundles/nifi-framework-bundle/nifi-framework/nifi-framework-core-api/target/classes:/home/alex/Repositories/nifi/nifi-nar-bundles/nifi-framework-bundle/nifi-framework/nifi-framework-nar-utils/target/classes:/home/alex/Repositories/nifi/nifi-nar-bundles/nifi-framework-bundle/nifi-framework/nifi-client-dto/target/classes:/home/alex/.m2/repository/io/swagger/swagger-annotations/1.6.0/swagger-annotations-1.6.0.jar:/home/alex/Repositories/nifi/nifi-commons/nifi-site-to-site-client/target/classes:/home/alex/.m2/repository/org/apache/httpcomponents/httpasyncclient/4.1.4/httpasyncclient-4.1.4.jar:/home/alex/.m2/repository/org/apache/httpcomponents/httpcore-nio/4.4.10/httpcore-nio-4.4.10.jar:/home/alex/Repositories/nifi/nifi-nar-bundles/nifi-framework-bundle/nifi-framework/nifi-framework-authorization/target/classes:/home/alex/Repositories/nifi/nifi-registry/nifi-registry-core/nifi-registry-data-model/target/classes:/home/alex/Repositories/nifi/nifi-registry/nifi-registry-core/nifi-registry-revision/nifi-registry-revision-entity-model/target/classes:/home/alex/Repositories/nifi/nifi-registry/nifi-registry-core/nifi-registry-client/target/classes:/home/alex/Repositories/nifi/nifi-registry/nifi-registry-core/nifi-registry-security-utils/target/classes:/home/alex/.m2/repository/org/glassfish/jersey/core/jersey-client/2.33/jersey-client-2.33.jar:/home/alex/.m2/repository/jakarta/ws/rs/jakarta.ws.rs-api/2.1.6/jakarta.ws.rs-api-2.1.6.jar:/home/alex/.m2/repository/org/glassfish/hk2/external/jakarta.inject/2.6.1/jakarta.inject-2.6.1.jar:/home/alex/.m2/repository/org/glassfish/jersey/media/jersey-media-json-jackson/2.33/jersey-media-json-jackson-2.33.jar:/home/alex/.m2/repository/org/glassfish/jersey/ext/jersey-entity-filtering/2.33/jersey-entity-filtering-2.33.jar:/home/alex/.m2/repository/org/glassfish/jersey/inject/jersey-hk2/2.33/jersey-hk2-2.33.jar:/home/alex/.m2/repository/org/glassfish/hk2/hk2-locator/2.6.1/hk2-locator-2.6.1.jar:/home/alex/.m2/repository/org/glassfish/hk2/external/aopalliance-repackaged/2.6.1/aopalliance-repackaged-2.6.1.jar:/home/alex/.m2/repository/org/glassfish/hk2/hk2-api/2.6.1/hk2-api-2.6.1.jar:/home/alex/.m2/repository/org/glassfish/hk2/hk2-utils/2.6.1/hk2-utils-2.6.1.jar:/home/alex/.m2/repository/org/javassist/javassist/3.25.0-GA/javassist-3.25.0-GA.jar:/home/alex/.m2/repository/org/glassfish/jersey/core/jersey-common/2.33/jersey-common-2.33.jar:/home/alex/.m2/repository/jakarta/annotation/jakarta.annotation-api/1.3.5/jakarta.annotation-api-1.3.5.jar:/home/alex/.m2/repository/org/glassfish/hk2/osgi-resource-locator/1.0.3/osgi-resource-locator-1.0.3.jar:/home/alex/.m2/repository/org/glassfish/jersey/media/jersey-media-multipart/2.33/jersey-media-multipart-2.33.jar:/home/alex/.m2/repository/org/jvnet/mimepull/mimepull/1.9.13/mimepull-1.9.13.jar:/home/alex/Repositories/nifi/nifi-commons/nifi-data-provenance-utils/target/classes:/home/alex/Repositories/nifi/nifi-nar-bundles/nifi-standard-services/nifi-distributed-cache-services-bundle/nifi-distributed-cache-client-service/target/classes:/home/alex/Repositories/nifi/nifi-nar-bundles/nifi-standard-services/nifi-distributed-cache-services-bundle/nifi-distributed-cache-protocol/target/classes:/home/alex/.m2/repository/io/netty/netty-buffer/4.1.69.Final/netty-buffer-4.1.69.Final.jar:/home/alex/.m2/repository/com/google/http-client/google-http-client/1.28.0/google-http-client-1.28.0.jar:/home/alex/.m2/repository/io/opencensus/opencensus-api/0.18.0/opencensus-api-0.18.0.jar:/home/alex/.m2/repository/io/grpc/grpc-context/1.14.0/grpc-context-1.14.0.jar:/home/alex/.m2/repository/io/opencensus/opencensus-contrib-http-util/0.18.0/opencensus-contrib-http-util-0.18.0.jar:/home/alex/.m2/repository/org/apache/activemq/activemq-broker/5.15.14/activemq-broker-5.15.14.jar:/home/alex/.m2/repository/org/apache/activemq/activemq-openwire-legacy/5.15.14/activemq-openwire-legacy-5.15.14.jar:/home/alex/Repositories/nifi/nifi-nar-bundles/nifi-standard-services/nifi-ssl-context-bundle/nifi-ssl-context-service/target/classes:/home/alex/Repositories/nifi/nifi-nar-bundles/nifi-framework-bundle/nifi-framework/nifi-standard-prioritizers/target/classes:/home/alex/Repositories/nifi/nifi-nar-bundles/nifi-extension-utils/nifi-record-utils/nifi-mock-record-utils/target/classes:/home/alex/Repositories/nifi/nifi-nar-bundles/nifi-standard-services/nifi-record-serialization-services-bundle/nifi-record-serialization-services/target/classes:/home/alex/.m2/repository/org/apache/commons/commons-csv/1.8/commons-csv-1.8.jar:/home/alex/.m2/repository/com/fasterxml/jackson/dataformat/jackson-dataformat-csv/2.12.3/jackson-dataformat-csv-2.12.3.jar:/home/alex/.m2/repository/net/java/dev/stax-utils/stax-utils/20070216/stax-utils-20070216.jar:/home/alex/Repositories/nifi/nifi-nar-bundles/nifi-standard-services/nifi-lookup-services-bundle/nifi-lookup-services/target/classes:/home/alex/.m2/repository/commons-beanutils/commons-beanutils/1.9.4/commons-beanutils-1.9.4.jar:/home/alex/.m2/repository/commons-collections/commons-collections/3.2.2/commons-collections-3.2.2.jar:/home/alex/.m2/repository/com/maxmind/geoip2/geoip2/2.12.0/geoip2-2.12.0.jar:/home/alex/.m2/repository/com/maxmind/db/maxmind-db/1.2.2/maxmind-db-1.2.2.jar:/home/alex/.m2/repository/org/apache/derby/derby/10.14.2.0/derby-10.14.2.0.jar:/home/alex/.m2/repository/org/xerial/snappy/snappy-java/1.1.7.3/snappy-java-1.1.7.3.jar:/home/alex/.m2/repository/net/lingala/zip4j/zip4j/2.8.0/zip4j-2.8.0.jar:/home/alex/.m2/repository/com/h2database/h2/1.4.187/h2-1.4.187.jar:/home/alex/.m2/repository/org/mockftpserver/MockFtpServer/2.7.1/MockFtpServer-2.7.1.jar:/home/alex/.m2/repository/org/apache/sshd/sshd-core/1.7.0/sshd-core-1.7.0.jar:/home/alex/.m2/repository/com/bazaarvoice/jolt/jolt-core/0.1.1/jolt-core-0.1.1.jar:/home/alex/.m2/repository/javax/inject/javax.inject/1/javax.inject-1.jar:/home/alex/.m2/repository/com/bazaarvoice/jolt/json-utils/0.1.1/json-utils-0.1.1.jar:/home/alex/Repositories/nifi/nifi-nar-bundles/nifi-standard-bundle/nifi-standard-utils/target/classes:/home/alex/.m2/repository/net/sf/supercsv/super-csv/2.4.0/super-csv-2.4.0.jar:/home/alex/.m2/repository/com/fluenda/parcefone/2.1.0/parcefone-2.1.0.jar:/home/alex/.m2/repository/javax/validation/validation-api/1.1.0.Final/validation-api-1.1.0.Final.jar:/home/alex/.m2/repository/javax/el/javax.el-api/3.0.0/javax.el-api-3.0.0.jar:/home/alex/.m2/repository/com/github/wnameless/json/json-flattener/0.12.0/json-flattener-0.12.0.jar:/home/alex/.m2/repository/com/github/wnameless/json/json-base/2.0.0/json-base-2.0.0.jar:/home/alex/.m2/repository/org/apache/bval/bval-jsr/1.1.2/bval-jsr-1.1.2.jar:/home/alex/.m2/repository/org/apache/bval/bval-core/1.1.2/bval-core-1.1.2.jar:/home/alex/.m2/repository/io/krakens/java-grok/0.1.9/java-grok-0.1.9.jar:/home/alex/.m2/repository/org/apache/calcite/calcite-core/1.27.0/calcite-core-1.27.0.jar:/home/alex/.m2/repository/org/apache/calcite/calcite-linq4j/1.27.0/calcite-linq4j-1.27.0.jar:/home/alex/.m2/repository/com/esri/geometry/esri-geometry-api/2.2.0/esri-geometry-api-2.2.0.jar:/home/alex/.m2/repository/org/apache/calcite/avatica/avatica-core/1.18.0/avatica-core-1.18.0.jar:/home/alex/.m2/repository/org/apache/calcite/avatica/avatica-metrics/1.18.0/avatica-metrics-1.18.0.jar:/home/alex/.m2/repository/com/google/protobuf/protobuf-java/3.6.1/protobuf-java-3.6.1.jar:/home/alex/.m2/repository/org/apiguardian/apiguardian-api/1.1.0/apiguardian-api-1.1.0.jar:/home/alex/.m2/repository/com/fasterxml/jackson/dataformat/jackson-dataformat-yaml/2.10.0/jackson-dataformat-yaml-2.10.0.jar:/home/alex/.m2/repository/org/yaml/snakeyaml/1.29/snakeyaml-1.29.jar:/home/alex/.m2/repository/com/google/uzaygezen/uzaygezen-core/0.2/uzaygezen-core-0.2.jar:/home/alex/.m2/repository/com/yahoo/datasketches/sketches-core/0.9.0/sketches-core-0.9.0.jar:/home/alex/.m2/repository/com/yahoo/datasketches/memory/0.9.0/memory-0.9.0.jar:/home/alex/.m2/repository/net/hydromatic/aggdesigner-algorithm/6.0/aggdesigner-algorithm-6.0.jar:/home/alex/.m2/repository/commons-lang/commons-lang/2.4/commons-lang-2.4.jar:/home/alex/.m2/repository/org/apache/commons/commons-dbcp2/2.6.0/commons-dbcp2-2.6.0.jar:/home/alex/.m2/repository/org/apache/commons/commons-pool2/2.6.1/commons-pool2-2.6.1.jar:/home/alex/.m2/repository/org/codehaus/janino/commons-compiler/3.0.11/commons-compiler-3.0.11.jar:/home/alex/.m2/repository/org/codehaus/janino/janino/3.0.11/janino-3.0.11.jar:/home/alex/Repositories/nifi/nifi-nar-bundles/nifi-standard-services/nifi-schema-registry-service-api/target/classes:/home/alex/Repositories/nifi/nifi-nar-bundles/nifi-extension-utils/nifi-database-utils/target/classes:/home/alex/Repositories/nifi/nifi-nar-bundles/nifi-standard-bundle/nifi-standard-web-test-utils/target/classes:/home/alex/.m2/repository/com/github/stefanbirkner/fake-sftp-server-rule/2.0.1/fake-sftp-server-rule-2.0.1.jar:/home/alex/.m2/repository/com/github/marschall/memoryfilesystem/2.8.0/memoryfilesystem-2.8.0.jar:/home/alex/.m2/repository/junit/junit/4.13.2/junit-4.13.2.jar:/home/alex/.m2/repository/org/hamcrest/hamcrest-core/1.3/hamcrest-core-1.3.jar:/home/alex/Repositories/nifi/nifi-nar-bundles/nifi-extension-utils/nifi-database-test-utils/target/classes:/home/alex/.m2/repository/org/codehaus/groovy/groovy-json/2.5.14/groovy-json-2.5.14.jar:/home/alex/.m2/repository/org/codehaus/groovy/groovy/2.5.14/groovy-2.5.14.jar:/home/alex/.m2/repository/org/codehaus/groovy/groovy-servlet/2.5.14/groovy-servlet-2.5.14.jar:/home/alex/.m2/repository/org/codehaus/groovy/groovy-templates/2.5.14/groovy-templates-2.5.14.jar:/home/alex/.m2/repository/org/codehaus/groovy/groovy-xml/2.5.14/groovy-xml-2.5.14.jar:/home/alex/.m2/repository/org/hamcrest/hamcrest-all/1.3/hamcrest-all-1.3.jar:/home/alex/.m2/repository/com/squareup/okhttp3/mockwebserver/4.9.2/mockwebserver-4.9.2.jar:/home/alex/.m2/repository/org/jetbrains/kotlin/kotlin-stdlib-jdk8/1.4.10/kotlin-stdlib-jdk8-1.4.10.jar:/home/alex/.m2/repository/org/jetbrains/kotlin/kotlin-stdlib-jdk7/1.4.10/kotlin-stdlib-jdk7-1.4.10.jar:/home/alex/.m2/repository/org/mockito/mockito-inline/3.12.4/mockito-inline-3.12.4.jar:/home/alex/.m2/repository/org/junit/jupiter/junit-jupiter-api/5.7.2/junit-jupiter-api-5.7.2.jar:/home/alex/.m2/repository/org/opentest4j/opentest4j/1.2.0/opentest4j-1.2.0.jar:/home/alex/.m2/repository/org/junit/platform/junit-platform-commons/1.7.2/junit-platform-commons-1.7.2.jar:/home/alex/.m2/repository/org/junit/jupiter/junit-jupiter-engine/5.7.2/junit-jupiter-engine-5.7.2.jar:/home/alex/.m2/repository/org/junit/platform/junit-platform-engine/1.7.2/junit-platform-engine-1.7.2.jar:/home/alex/.m2/repository/org/junit/vintage/junit-vintage-engine/5.7.2/junit-vintage-engine-5.7.2.jar:/home/alex/.m2/repository/org/junit/jupiter/junit-jupiter-params/5.7.2/junit-jupiter-params-5.7.2.jar:/home/alex/.m2/repository/org/mockito/mockito-core/3.11.2/mockito-core-3.11.2.jar:/home/alex/.m2/repository/net/bytebuddy/byte-buddy/1.11.3/byte-buddy-1.11.3.jar:/home/alex/.m2/repository/net/bytebuddy/byte-buddy-agent/1.11.3/byte-buddy-agent-1.11.3.jar:/home/alex/.m2/repository/org/objenesis/objenesis/3.2/objenesis-3.2.jar:/home/alex/.m2/repository/org/mockito/mockito-junit-jupiter/3.11.2/mockito-junit-jupiter-3.11.2.jar:/home/alex/.m2/repository/org/slf4j/slf4j-simple/1.7.32/slf4j-simple-1.7.32.jar:/home/alex/.m2/repository/org/codehaus/groovy/groovy-test/2.5.14/groovy-test-2.5.14.jar:"/>
    <property name="org.slf4j.simpleLogger.log.nifi.processors.standard.TestExecuteSQLRecord" value="debug"/>
    <property name="java.vm.vendor" value="Private Build"/>
    <property name="sun.arch.data.model" value="64"/>
    <property name="java.vendor.url" value="http://java.oracle.com/"/>
    <property name="user.timezone" value="Europe/Lisbon"/>
    <property name="java.vm.specification.version" value="1.8"/>
    <property name="os.name" value="Linux"/>
    <property name="user.country" value="US"/>
    <property name="sun.java.launcher" value="SUN_STANDARD"/>
    <property name="sun.boot.library.path" value="/usr/lib/jvm/java-8-openjdk-amd64/jre/lib/amd64"/>
    <property name="sun.java.command" value="/home/alex/Repositories/nifi/nifi-nar-bundles/nifi-standard-bundle/nifi-standard-processors/target/surefire/surefirebooter1968848106063708435.jar /home/alex/Repositories/nifi/nifi-nar-bundles/nifi-standard-bundle/nifi-standard-processors/target/surefire 2024-05-02T03-47-00_422-jvmRun1 surefire4606620135220886943tmp surefire_695667074623402873479tmp"/>
    <property name="org.slf4j.simpleLogger.log.nifi.io.nio" value="debug"/>
    <property name="surefire.test.class.path" value="/home/alex/Repositories/nifi/nifi-nar-bundles/nifi-standard-bundle/nifi-standard-processors/target/test-classes:/home/alex/Repositories/nifi/nifi-nar-bundles/nifi-standard-bundle/nifi-standard-processors/target/classes:/home/alex/.m2/repository/org/apache/ftpserver/ftpserver-core/1.1.1/ftpserver-core-1.1.1.jar:/home/alex/.m2/repository/org/apache/ftpserver/ftplet-api/1.1.1/ftplet-api-1.1.1.jar:/home/alex/.m2/repository/org/slf4j/slf4j-api/1.7.32/slf4j-api-1.7.32.jar:/home/alex/.m2/repository/org/apache/mina/mina-core/2.0.16/mina-core-2.0.16.jar:/home/alex/Repositories/nifi/nifi-api/target/classes:/home/alex/Repositories/nifi/nifi-commons/nifi-expression-language/target/classes:/home/alex/.m2/repository/org/antlr/antlr-runtime/3.5.2/antlr-runtime-3.5.2.jar:/home/alex/Repositories/nifi/nifi-commons/nifi-parameter/target/classes:/home/alex/Repositories/nifi/nifi-commons/nifi-uuid5/target/classes:/home/alex/.m2/repository/org/apache/commons/commons-text/1.8/commons-text-1.8.jar:/home/alex/Repositories/nifi/nifi-nar-bundles/nifi-extension-utils/nifi-processor-utils/target/classes:/home/alex/Repositories/nifi/nifi-commons/nifi-security-socket-ssl/target/classes:/home/alex/Repositories/nifi/nifi-nar-bundles/nifi-extension-utils/nifi-event-transport/target/classes:/home/alex/.m2/repository/io/netty/netty-handler/4.1.69.Final/netty-handler-4.1.69.Final.jar:/home/alex/.m2/repository/io/netty/netty-common/4.1.69.Final/netty-common-4.1.69.Final.jar:/home/alex/.m2/repository/io/netty/netty-resolver/4.1.69.Final/netty-resolver-4.1.69.Final.jar:/home/alex/.m2/repository/io/netty/netty-transport/4.1.69.Final/netty-transport-4.1.69.Final.jar:/home/alex/.m2/repository/io/netty/netty-codec/4.1.69.Final/netty-codec-4.1.69.Final.jar:/home/alex/Repositories/nifi/nifi-nar-bundles/nifi-extension-utils/nifi-syslog-utils/target/classes:/home/alex/.m2/repository/com/github/palindromicity/simple-syslog-5424/0.0.16/simple-syslog-5424-0.0.16.jar:/home/alex/.m2/repository/org/antlr/antlr4-runtime/4.7.2/antlr4-runtime-4.7.2.jar:/home/alex/Repositories/nifi/nifi-commons/nifi-utils/target/classes:/home/alex/Repositories/nifi/nifi-commons/nifi-record-path/target/classes:/home/alex/Repositories/nifi/nifi-commons/nifi-properties/target/classes:/home/alex/Repositories/nifi/nifi-commons/nifi-property-utils/target/classes:/home/alex/.m2/repository/com/github/ben-manes/caffeine/caffeine/2.8.1/caffeine-2.8.1.jar:/home/alex/Repositories/nifi/nifi-nar-bundles/nifi-standard-services/nifi-ssl-context-service-api/target/classes:/home/alex/Repositories/nifi/nifi-commons/nifi-security-utils-api/target/classes:/home/alex/Repositories/nifi/nifi-nar-bundles/nifi-standard-services/nifi-lookup-service-api/target/classes:/home/alex/Repositories/nifi/nifi-commons/nifi-flowfile-packager/target/classes:/home/alex/Repositories/nifi/nifi-nar-bundles/nifi-standard-services/nifi-distributed-cache-client-service-api/target/classes:/home/alex/Repositories/nifi/nifi-nar-bundles/nifi-standard-services/nifi-http-context-map-api/target/classes:/home/alex/Repositories/nifi/nifi-nar-bundles/nifi-standard-services/nifi-record-serialization-service-api/target/classes:/home/alex/Repositories/nifi/nifi-nar-bundles/nifi-standard-services/nifi-proxy-configuration-api/target/classes:/home/alex/Repositories/nifi/nifi-commons/nifi-record/target/classes:/home/alex/Repositories/nifi/nifi-nar-bundles/nifi-standard-services/nifi-record-sink-api/target/classes:/home/alex/.m2/repository/commons-io/commons-io/2.10.0/commons-io-2.10.0.jar:/home/alex/.m2/repository/javax/ws/rs/javax.ws.rs-api/2.1/javax.ws.rs-api-2.1.jar:/home/alex/.m2/repository/commons-net/commons-net/3.6/commons-net-3.6.jar:/home/alex/.m2/repository/org/apache/commons/commons-compress/1.21/commons-compress-1.21.jar:/home/alex/.m2/repository/org/apache/commons/commons-lang3/3.9/commons-lang3-3.9.jar:/home/alex/.m2/repository/org/bouncycastle/bcprov-jdk15on/1.69/bcprov-jdk15on-1.69.jar:/home/alex/.m2/repository/org/bouncycastle/bcpg-jdk15on/1.69/bcpg-jdk15on-1.69.jar:/home/alex/.m2/repository/org/bouncycastle/bcpkix-jdk15on/1.69/bcpkix-jdk15on-1.69.jar:/home/alex/.m2/repository/org/bouncycastle/bcutil-jdk15on/1.69/bcutil-jdk15on-1.69.jar:/home/alex/.m2/repository/commons-codec/commons-codec/1.14/commons-codec-1.14.jar:/home/alex/Repositories/nifi/nifi-commons/nifi-security-utils/target/classes:/home/alex/Repositories/nifi/nifi-commons/nifi-security-kms/target/classes:/home/alex/.m2/repository/org/apache/commons/commons-configuration2/2.7/commons-configuration2-2.7.jar:/home/alex/.m2/repository/com/hierynomus/sshj/0.32.0/sshj-0.32.0.jar:/home/alex/.m2/repository/com/jcraft/jzlib/1.1.3/jzlib-1.1.3.jar:/home/alex/.m2/repository/com/hierynomus/asn-one/0.6.0/asn-one-0.6.0.jar:/home/alex/.m2/repository/net/i2p/crypto/eddsa/0.3.0/eddsa-0.3.0.jar:/home/alex/.m2/repository/org/eclipse/jetty/jetty-server/9.4.44.v20210927/jetty-server-9.4.44.v20210927.jar:/home/alex/.m2/repository/javax/servlet/javax.servlet-api/3.1.0/javax.servlet-api-3.1.0.jar:/home/alex/.m2/repository/org/eclipse/jetty/jetty-http/9.4.44.v20210927/jetty-http-9.4.44.v20210927.jar:/home/alex/.m2/repository/org/eclipse/jetty/jetty-util/9.4.44.v20210927/jetty-util-9.4.44.v20210927.jar:/home/alex/.m2/repository/org/eclipse/jetty/jetty-io/9.4.44.v20210927/jetty-io-9.4.44.v20210927.jar:/home/alex/.m2/repository/org/eclipse/jetty/jetty-servlet/9.4.44.v20210927/jetty-servlet-9.4.44.v20210927.jar:/home/alex/.m2/repository/org/eclipse/jetty/jetty-security/9.4.44.v20210927/jetty-security-9.4.44.v20210927.jar:/home/alex/.m2/repository/org/eclipse/jetty/jetty-util-ajax/9.4.44.v20210927/jetty-util-ajax-9.4.44.v20210927.jar:/home/alex/.m2/repository/org/apache/httpcomponents/httpclient/4.5.5/httpclient-4.5.5.jar:/home/alex/.m2/repository/commons-logging/commons-logging/1.2/commons-logging-1.2.jar:/home/alex/.m2/repository/org/apache/httpcomponents/httpcore/4.4.9/httpcore-4.4.9.jar:/home/alex/.m2/repository/jakarta/activation/jakarta.activation-api/2.0.1/jakarta.activation-api-2.0.1.jar:/home/alex/.m2/repository/com/sun/activation/jakarta.activation/2.0.1/jakarta.activation-2.0.1.jar:/home/alex/.m2/repository/jakarta/mail/jakarta.mail-api/2.0.1/jakarta.mail-api-2.0.1.jar:/home/alex/.m2/repository/com/sun/mail/jakarta.mail/2.0.1/jakarta.mail-2.0.1.jar:/home/alex/.m2/repository/com/github/jponge/lzma-java/1.3/lzma-java-1.3.jar:/home/alex/.m2/repository/org/tukaani/xz/1.8/xz-1.8.jar:/home/alex/.m2/repository/net/sf/saxon/Saxon-HE/10.6/Saxon-HE-10.6.jar:/home/alex/Repositories/nifi/nifi-commons/nifi-socket-utils/target/classes:/home/alex/Repositories/nifi/nifi-commons/nifi-logging-utils/target/classes:/home/alex/Repositories/nifi/nifi-nar-bundles/nifi-standard-services/nifi-load-distribution-service-api/target/classes:/home/alex/.m2/repository/javax/jms/javax.jms-api/2.0.1/javax.jms-api-2.0.1.jar:/home/alex/.m2/repository/org/apache/activemq/activemq-client/5.15.15/activemq-client-5.15.15.jar:/home/alex/.m2/repository/org/apache/geronimo/specs/geronimo-jms_1.1_spec/1.1.1/geronimo-jms_1.1_spec-1.1.1.jar:/home/alex/.m2/repository/org/fusesource/hawtbuf/hawtbuf/1.11/hawtbuf-1.11.jar:/home/alex/.m2/repository/org/apache/geronimo/specs/geronimo-j2ee-management_1.1_spec/1.0.1/geronimo-j2ee-management_1.1_spec-1.0.1.jar:/home/alex/.m2/repository/com/jayway/jsonpath/json-path/2.6.0/json-path-2.6.0.jar:/home/alex/.m2/repository/net/minidev/json-smart/2.4.7/json-smart-2.4.7.jar:/home/alex/.m2/repository/net/minidev/accessors-smart/2.4.7/accessors-smart-2.4.7.jar:/home/alex/.m2/repository/org/ow2/asm/asm/9.1/asm-9.1.jar:/home/alex/.m2/repository/org/apache/tika/tika-core/1.26/tika-core-1.26.jar:/home/alex/.m2/repository/com/fasterxml/jackson/core/jackson-databind/2.12.3/jackson-databind-2.12.3.jar:/home/alex/.m2/repository/com/fasterxml/jackson/core/jackson-annotations/2.12.3/jackson-annotations-2.12.3.jar:/home/alex/.m2/repository/com/fasterxml/jackson/core/jackson-core/2.12.3/jackson-core-2.12.3.jar:/home/alex/Repositories/nifi/nifi-nar-bundles/nifi-extension-utils/nifi-record-utils/nifi-avro-record-utils/target/classes:/home/alex/Repositories/nifi/nifi-nar-bundles/nifi-extension-utils/nifi-record-utils/nifi-standard-record-utils/target/classes:/home/alex/.m2/repository/org/apache/avro/avro/1.8.1/avro-1.8.1.jar:/home/alex/.m2/repository/org/codehaus/jackson/jackson-core-asl/1.9.13/jackson-core-asl-1.9.13.jar:/home/alex/.m2/repository/org/codehaus/jackson/jackson-mapper-asl/1.9.13/jackson-mapper-asl-1.9.13.jar:/home/alex/.m2/repository/com/thoughtworks/paranamer/paranamer/2.7/paranamer-2.7.jar:/home/alex/Repositories/nifi/nifi-nar-bundles/nifi-standard-services/nifi-dbcp-service-api/target/classes:/home/alex/.m2/repository/com/squareup/okhttp3/okhttp/4.9.2/okhttp-4.9.2.jar:/home/alex/.m2/repository/com/squareup/okio/okio/2.8.0/okio-2.8.0.jar:/home/alex/.m2/repository/org/jetbrains/kotlin/kotlin-stdlib-common/1.4.0/kotlin-stdlib-common-1.4.0.jar:/home/alex/.m2/repository/org/jetbrains/kotlin/kotlin-stdlib/1.4.10/kotlin-stdlib-1.4.10.jar:/home/alex/.m2/repository/org/jetbrains/annotations/13.0/annotations-13.0.jar:/home/alex/.m2/repository/io/github/rburgst/okhttp-digest/2.5/okhttp-digest-2.5.jar:/home/alex/.m2/repository/at/favre/lib/bcrypt/0.9.0/bcrypt-0.9.0.jar:/home/alex/.m2/repository/at/favre/lib/bytes/1.3.0/bytes-1.3.0.jar:/home/alex/.m2/repository/com/google/guava/guava/28.0-jre/guava-28.0-jre.jar:/home/alex/.m2/repository/com/google/guava/failureaccess/1.0.1/failureaccess-1.0.1.jar:/home/alex/.m2/repository/com/google/guava/listenablefuture/9999.0-empty-to-avoid-conflict-with-guava/listenablefuture-9999.0-empty-to-avoid-conflict-with-guava.jar:/home/alex/.m2/repository/com/google/code/findbugs/jsr305/3.0.2/jsr305-3.0.2.jar:/home/alex/.m2/repository/org/checkerframework/checker-qual/2.8.1/checker-qual-2.8.1.jar:/home/alex/.m2/repository/com/google/errorprone/error_prone_annotations/2.3.2/error_prone_annotations-2.3.2.jar:/home/alex/.m2/repository/com/google/j2objc/j2objc-annotations/1.3/j2objc-annotations-1.3.jar:/home/alex/.m2/repository/org/codehaus/mojo/animal-sniffer-annotations/1.17/animal-sniffer-annotations-1.17.jar:/home/alex/Repositories/nifi/nifi-mock/target/classes:/home/alex/Repositories/nifi/nifi-framework-api/target/classes:/home/alex/Repositories/nifi/nifi-nar-bundles/nifi-framework-bundle/nifi-framework/nifi-framework-core-api/target/classes:/home/alex/Repositories/nifi/nifi-nar-bundles/nifi-framework-bundle/nifi-framework/nifi-framework-nar-utils/target/classes:/home/alex/Repositories/nifi/nifi-nar-bundles/nifi-framework-bundle/nifi-framework/nifi-client-dto/target/classes:/home/alex/.m2/repository/io/swagger/swagger-annotations/1.6.0/swagger-annotations-1.6.0.jar:/home/alex/Repositories/nifi/nifi-commons/nifi-site-to-site-client/target/classes:/home/alex/.m2/repository/org/apache/httpcomponents/httpasyncclient/4.1.4/httpasyncclient-4.1.4.jar:/home/alex/.m2/repository/org/apache/httpcomponents/httpcore-nio/4.4.10/httpcore-nio-4.4.10.jar:/home/alex/Repositories/nifi/nifi-nar-bundles/nifi-framework-bundle/nifi-framework/nifi-framework-authorization/target/classes:/home/alex/Repositories/nifi/nifi-registry/nifi-registry-core/nifi-registry-data-model/target/classes:/home/alex/Repositories/nifi/nifi-registry/nifi-registry-core/nifi-registry-revision/nifi-registry-revision-entity-model/target/classes:/home/alex/Repositories/nifi/nifi-registry/nifi-registry-core/nifi-registry-client/target/classes:/home/alex/Repositories/nifi/nifi-registry/nifi-registry-core/nifi-registry-security-utils/target/classes:/home/alex/.m2/repository/org/glassfish/jersey/core/jersey-client/2.33/jersey-client-2.33.jar:/home/alex/.m2/repository/jakarta/ws/rs/jakarta.ws.rs-api/2.1.6/jakarta.ws.rs-api-2.1.6.jar:/home/alex/.m2/repository/org/glassfish/hk2/external/jakarta.inject/2.6.1/jakarta.inject-2.6.1.jar:/home/alex/.m2/repository/org/glassfish/jersey/media/jersey-media-json-jackson/2.33/jersey-media-json-jackson-2.33.jar:/home/alex/.m2/repository/org/glassfish/jersey/ext/jersey-entity-filtering/2.33/jersey-entity-filtering-2.33.jar:/home/alex/.m2/repository/org/glassfish/jersey/inject/jersey-hk2/2.33/jersey-hk2-2.33.jar:/home/alex/.m2/repository/org/glassfish/hk2/hk2-locator/2.6.1/hk2-locator-2.6.1.jar:/home/alex/.m2/repository/org/glassfish/hk2/external/aopalliance-repackaged/2.6.1/aopalliance-repackaged-2.6.1.jar:/home/alex/.m2/repository/org/glassfish/hk2/hk2-api/2.6.1/hk2-api-2.6.1.jar:/home/alex/.m2/repository/org/glassfish/hk2/hk2-utils/2.6.1/hk2-utils-2.6.1.jar:/home/alex/.m2/repository/org/javassist/javassist/3.25.0-GA/javassist-3.25.0-GA.jar:/home/alex/.m2/repository/org/glassfish/jersey/core/jersey-common/2.33/jersey-common-2.33.jar:/home/alex/.m2/repository/jakarta/annotation/jakarta.annotation-api/1.3.5/jakarta.annotation-api-1.3.5.jar:/home/alex/.m2/repository/org/glassfish/hk2/osgi-resource-locator/1.0.3/osgi-resource-locator-1.0.3.jar:/home/alex/.m2/repository/org/glassfish/jersey/media/jersey-media-multipart/2.33/jersey-media-multipart-2.33.jar:/home/alex/.m2/repository/org/jvnet/mimepull/mimepull/1.9.13/mimepull-1.9.13.jar:/home/alex/Repositories/nifi/nifi-commons/nifi-data-provenance-utils/target/classes:/home/alex/Repositories/nifi/nifi-nar-bundles/nifi-standard-services/nifi-distributed-cache-services-bundle/nifi-distributed-cache-client-service/target/classes:/home/alex/Repositories/nifi/nifi-nar-bundles/nifi-standard-services/nifi-distributed-cache-services-bundle/nifi-distributed-cache-protocol/target/classes:/home/alex/.m2/repository/io/netty/netty-buffer/4.1.69.Final/netty-buffer-4.1.69.Final.jar:/home/alex/.m2/repository/com/google/http-client/google-http-client/1.28.0/google-http-client-1.28.0.jar:/home/alex/.m2/repository/io/opencensus/opencensus-api/0.18.0/opencensus-api-0.18.0.jar:/home/alex/.m2/repository/io/grpc/grpc-context/1.14.0/grpc-context-1.14.0.jar:/home/alex/.m2/repository/io/opencensus/opencensus-contrib-http-util/0.18.0/opencensus-contrib-http-util-0.18.0.jar:/home/alex/.m2/repository/org/apache/activemq/activemq-broker/5.15.14/activemq-broker-5.15.14.jar:/home/alex/.m2/repository/org/apache/activemq/activemq-openwire-legacy/5.15.14/activemq-openwire-legacy-5.15.14.jar:/home/alex/Repositories/nifi/nifi-nar-bundles/nifi-standard-services/nifi-ssl-context-bundle/nifi-ssl-context-service/target/classes:/home/alex/Repositories/nifi/nifi-nar-bundles/nifi-framework-bundle/nifi-framework/nifi-standard-prioritizers/target/classes:/home/alex/Repositories/nifi/nifi-nar-bundles/nifi-extension-utils/nifi-record-utils/nifi-mock-record-utils/target/classes:/home/alex/Repositories/nifi/nifi-nar-bundles/nifi-standard-services/nifi-record-serialization-services-bundle/nifi-record-serialization-services/target/classes:/home/alex/.m2/repository/org/apache/commons/commons-csv/1.8/commons-csv-1.8.jar:/home/alex/.m2/repository/com/fasterxml/jackson/dataformat/jackson-dataformat-csv/2.12.3/jackson-dataformat-csv-2.12.3.jar:/home/alex/.m2/repository/net/java/dev/stax-utils/stax-utils/20070216/stax-utils-20070216.jar:/home/alex/Repositories/nifi/nifi-nar-bundles/nifi-standard-services/nifi-lookup-services-bundle/nifi-lookup-services/target/classes:/home/alex/.m2/repository/commons-beanutils/commons-beanutils/1.9.4/commons-beanutils-1.9.4.jar:/home/alex/.m2/repository/commons-collections/commons-collections/3.2.2/commons-collections-3.2.2.jar:/home/alex/.m2/repository/com/maxmind/geoip2/geoip2/2.12.0/geoip2-2.12.0.jar:/home/alex/.m2/repository/com/maxmind/db/maxmind-db/1.2.2/maxmind-db-1.2.2.jar:/home/alex/.m2/repository/org/apache/derby/derby/10.14.2.0/derby-10.14.2.0.jar:/home/alex/.m2/repository/org/xerial/snappy/snappy-java/1.1.7.3/snappy-java-1.1.7.3.jar:/home/alex/.m2/repository/net/lingala/zip4j/zip4j/2.8.0/zip4j-2.8.0.jar:/home/alex/.m2/repository/com/h2database/h2/1.4.187/h2-1.4.187.jar:/home/alex/.m2/repository/org/mockftpserver/MockFtpServer/2.7.1/MockFtpServer-2.7.1.jar:/home/alex/.m2/repository/org/apache/sshd/sshd-core/1.7.0/sshd-core-1.7.0.jar:/home/alex/.m2/repository/com/bazaarvoice/jolt/jolt-core/0.1.1/jolt-core-0.1.1.jar:/home/alex/.m2/repository/javax/inject/javax.inject/1/javax.inject-1.jar:/home/alex/.m2/repository/com/bazaarvoice/jolt/json-utils/0.1.1/json-utils-0.1.1.jar:/home/alex/Repositories/nifi/nifi-nar-bundles/nifi-standard-bundle/nifi-standard-utils/target/classes:/home/alex/.m2/repository/net/sf/supercsv/super-csv/2.4.0/super-csv-2.4.0.jar:/home/alex/.m2/repository/com/fluenda/parcefone/2.1.0/parcefone-2.1.0.jar:/home/alex/.m2/repository/javax/validation/validation-api/1.1.0.Final/validation-api-1.1.0.Final.jar:/home/alex/.m2/repository/javax/el/javax.el-api/3.0.0/javax.el-api-3.0.0.jar:/home/alex/.m2/repository/com/github/wnameless/json/json-flattener/0.12.0/json-flattener-0.12.0.jar:/home/alex/.m2/repository/com/github/wnameless/json/json-base/2.0.0/json-base-2.0.0.jar:/home/alex/.m2/repository/org/apache/bval/bval-jsr/1.1.2/bval-jsr-1.1.2.jar:/home/alex/.m2/repository/org/apache/bval/bval-core/1.1.2/bval-core-1.1.2.jar:/home/alex/.m2/repository/io/krakens/java-grok/0.1.9/java-grok-0.1.9.jar:/home/alex/.m2/repository/org/apache/calcite/calcite-core/1.27.0/calcite-core-1.27.0.jar:/home/alex/.m2/repository/org/apache/calcite/calcite-linq4j/1.27.0/calcite-linq4j-1.27.0.jar:/home/alex/.m2/repository/com/esri/geometry/esri-geometry-api/2.2.0/esri-geometry-api-2.2.0.jar:/home/alex/.m2/repository/org/apache/calcite/avatica/avatica-core/1.18.0/avatica-core-1.18.0.jar:/home/alex/.m2/repository/org/apache/calcite/avatica/avatica-metrics/1.18.0/avatica-metrics-1.18.0.jar:/home/alex/.m2/repository/com/google/protobuf/protobuf-java/3.6.1/protobuf-java-3.6.1.jar:/home/alex/.m2/repository/org/apiguardian/apiguardian-api/1.1.0/apiguardian-api-1.1.0.jar:/home/alex/.m2/repository/com/fasterxml/jackson/dataformat/jackson-dataformat-yaml/2.10.0/jackson-dataformat-yaml-2.10.0.jar:/home/alex/.m2/repository/org/yaml/snakeyaml/1.29/snakeyaml-1.29.jar:/home/alex/.m2/repository/com/google/uzaygezen/uzaygezen-core/0.2/uzaygezen-core-0.2.jar:/home/alex/.m2/repository/com/yahoo/datasketches/sketches-core/0.9.0/sketches-core-0.9.0.jar:/home/alex/.m2/repository/com/yahoo/datasketches/memory/0.9.0/memory-0.9.0.jar:/home/alex/.m2/repository/net/hydromatic/aggdesigner-algorithm/6.0/aggdesigner-algorithm-6.0.jar:/home/alex/.m2/repository/commons-lang/commons-lang/2.4/commons-lang-2.4.jar:/home/alex/.m2/repository/org/apache/commons/commons-dbcp2/2.6.0/commons-dbcp2-2.6.0.jar:/home/alex/.m2/repository/org/apache/commons/commons-pool2/2.6.1/commons-pool2-2.6.1.jar:/home/alex/.m2/repository/org/codehaus/janino/commons-compiler/3.0.11/commons-compiler-3.0.11.jar:/home/alex/.m2/repository/org/codehaus/janino/janino/3.0.11/janino-3.0.11.jar:/home/alex/Repositories/nifi/nifi-nar-bundles/nifi-standard-services/nifi-schema-registry-service-api/target/classes:/home/alex/Repositories/nifi/nifi-nar-bundles/nifi-extension-utils/nifi-database-utils/target/classes:/home/alex/Repositories/nifi/nifi-nar-bundles/nifi-standard-bundle/nifi-standard-web-test-utils/target/classes:/home/alex/.m2/repository/com/github/stefanbirkner/fake-sftp-server-rule/2.0.1/fake-sftp-server-rule-2.0.1.jar:/home/alex/.m2/repository/com/github/marschall/memoryfilesystem/2.8.0/memoryfilesystem-2.8.0.jar:/home/alex/.m2/repository/junit/junit/4.13.2/junit-4.13.2.jar:/home/alex/.m2/repository/org/hamcrest/hamcrest-core/1.3/hamcrest-core-1.3.jar:/home/alex/Repositories/nifi/nifi-nar-bundles/nifi-extension-utils/nifi-database-test-utils/target/classes:/home/alex/.m2/repository/org/codehaus/groovy/groovy-json/2.5.14/groovy-json-2.5.14.jar:/home/alex/.m2/repository/org/codehaus/groovy/groovy/2.5.14/groovy-2.5.14.jar:/home/alex/.m2/repository/org/codehaus/groovy/groovy-servlet/2.5.14/groovy-servlet-2.5.14.jar:/home/alex/.m2/repository/org/codehaus/groovy/groovy-templates/2.5.14/groovy-templates-2.5.14.jar:/home/alex/.m2/repository/org/codehaus/groovy/groovy-xml/2.5.14/groovy-xml-2.5.14.jar:/home/alex/.m2/repository/org/hamcrest/hamcrest-all/1.3/hamcrest-all-1.3.jar:/home/alex/.m2/repository/com/squareup/okhttp3/mockwebserver/4.9.2/mockwebserver-4.9.2.jar:/home/alex/.m2/repository/org/jetbrains/kotlin/kotlin-stdlib-jdk8/1.4.10/kotlin-stdlib-jdk8-1.4.10.jar:/home/alex/.m2/repository/org/jetbrains/kotlin/kotlin-stdlib-jdk7/1.4.10/kotlin-stdlib-jdk7-1.4.10.jar:/home/alex/.m2/repository/org/mockito/mockito-inline/3.12.4/mockito-inline-3.12.4.jar:/home/alex/.m2/repository/org/junit/jupiter/junit-jupiter-api/5.7.2/junit-jupiter-api-5.7.2.jar:/home/alex/.m2/repository/org/opentest4j/opentest4j/1.2.0/opentest4j-1.2.0.jar:/home/alex/.m2/repository/org/junit/platform/junit-platform-commons/1.7.2/junit-platform-commons-1.7.2.jar:/home/alex/.m2/repository/org/junit/jupiter/junit-jupiter-engine/5.7.2/junit-jupiter-engine-5.7.2.jar:/home/alex/.m2/repository/org/junit/platform/junit-platform-engine/1.7.2/junit-platform-engine-1.7.2.jar:/home/alex/.m2/repository/org/junit/vintage/junit-vintage-engine/5.7.2/junit-vintage-engine-5.7.2.jar:/home/alex/.m2/repository/org/junit/jupiter/junit-jupiter-params/5.7.2/junit-jupiter-params-5.7.2.jar:/home/alex/.m2/repository/org/mockito/mockito-core/3.11.2/mockito-core-3.11.2.jar:/home/alex/.m2/repository/net/bytebuddy/byte-buddy/1.11.3/byte-buddy-1.11.3.jar:/home/alex/.m2/repository/net/bytebuddy/byte-buddy-agent/1.11.3/byte-buddy-agent-1.11.3.jar:/home/alex/.m2/repository/org/objenesis/objenesis/3.2/objenesis-3.2.jar:/home/alex/.m2/repository/org/mockito/mockito-junit-jupiter/3.11.2/mockito-junit-jupiter-3.11.2.jar:/home/alex/.m2/repository/org/slf4j/slf4j-simple/1.7.32/slf4j-simple-1.7.32.jar:/home/alex/.m2/repository/org/codehaus/groovy/groovy-test/2.5.14/groovy-test-2.5.14.jar:"/>
    <property name="sun.cpu.endian" value="little"/>
    <property name="user.home" value="/home/alex"/>
    <property name="user.language" value="en"/>
    <property name="java.specification.vendor" value="Oracle Corporation"/>
    <property name="java.home" value="/usr/lib/jvm/java-8-openjdk-amd64/jre"/>
    <property name="basedir" value="/home/alex/Repositories/nifi/nifi-nar-bundles/nifi-standard-bundle/nifi-standard-processors"/>
    <property name="file.separator" value="/"/>
    <property name="line.separator" value="&#10;"/>
    <property name="java.vm.specification.vendor" value="Oracle Corporation"/>
    <property name="java.specification.name" value="Java Platform API Specification"/>
    <property name="derby.stream.error.file" value="target/derby.log"/>
    <property name="java.awt.graphicsenv" value="sun.awt.X11GraphicsEnvironment"/>
    <property name="org.slf4j.simpleLogger.log.org.apache.nifi.processors.standard.SQLTransform" value="debug"/>
    <property name="java.awt.headless" value="true"/>
    <property name="org.slf4j.simpleLogger.log.nifi.processors.standard.ExecuteSQLRecord" value="debug"/>
    <property name="org.slf4j.simpleLogger.showDateTime" value="true"/>
    <property name="surefire.real.class.path" value="/home/alex/Repositories/nifi/nifi-nar-bundles/nifi-standard-bundle/nifi-standard-processors/target/surefire/surefirebooter1968848106063708435.jar"/>
    <property name="sun.boot.class.path" value="/usr/lib/jvm/java-8-openjdk-amd64/jre/lib/resources.jar:/usr/lib/jvm/java-8-openjdk-amd64/jre/lib/rt.jar:/usr/lib/jvm/java-8-openjdk-amd64/jre/lib/sunrsasign.jar:/usr/lib/jvm/java-8-openjdk-amd64/jre/lib/jsse.jar:/usr/lib/jvm/java-8-openjdk-amd64/jre/lib/jce.jar:/usr/lib/jvm/java-8-openjdk-amd64/jre/lib/charsets.jar:/usr/lib/jvm/java-8-openjdk-amd64/jre/lib/jfr.jar:/usr/lib/jvm/java-8-openjdk-amd64/jre/classes"/>
    <property name="sun.management.compiler" value="HotSpot 64-Bit Tiered Compilers"/>
    <property name="java.runtime.version" value="1.8.0_402-8u402-ga-2ubuntu1~22.04-b06"/>
    <property name="java.net.preferIPv4Stack" value="true"/>
    <property name="user.name" value="alex"/>
    <property name="path.separator" value=":"/>
    <property name="os.version" value="6.5.0-28-generic"/>
    <property name="java.endorsed.dirs" value="/usr/lib/jvm/java-8-openjdk-amd64/jre/lib/endorsed"/>
    <property name="java.runtime.name" value="OpenJDK Runtime Environment"/>
    <property name="file.encoding" value="UTF-8"/>
    <property name="sun.nio.ch.bugLevel" value=""/>
    <property name="java.vm.name" value="OpenJDK 64-Bit Server VM"/>
    <property name="localRepository" value="/home/alex/.m2/repository"/>
    <property name="java.vendor.url.bug" value="http://bugreport.sun.com/bugreport/"/>
    <property name="java.io.tmpdir" value="/tmp"/>
    <property name="java.version" value="1.8.0_402"/>
    <property name="user.dir" value="/home/alex/Repositories/nifi/nifi-nar-bundles/nifi-standard-bundle/nifi-standard-processors"/>
    <property name="os.arch" value="amd64"/>
    <property name="java.vm.specification.name" value="Java Virtual Machine Specification"/>
    <property name="java.awt.printerjob" value="sun.print.PSPrinterJob"/>
    <property name="sun.os.patch.level" value="unknown"/>
    <property name="org.slf4j.simpleLogger.defaultLogLevel" value="info"/>
    <property name="java.library.path" value="/usr/java/packages/lib/amd64:/usr/lib/x86_64-linux-gnu/jni:/lib/x86_64-linux-gnu:/usr/lib/x86_64-linux-gnu:/usr/lib/jni:/lib:/usr/lib"/>
    <property name="java.vm.info" value="mixed mode"/>
    <property name="java.vendor" value="Private Build"/>
    <property name="java.vm.version" value="25.402-b06"/>
    <property name="java.specification.maintenance.version" value="5"/>
    <property name="java.ext.dirs" value="/usr/lib/jvm/java-8-openjdk-amd64/jre/lib/ext:/usr/java/packages/lib/ext"/>
    <property name="sun.io.unicode.encoding" value="UnicodeLittle"/>
    <property name="java.class.version" value="52.0"/>
  </properties>
  <testcase name="testWithOutputBatching" classname="org.apache.nifi.processors.standard.TestExecuteSQLRecord" time="3.173">
    <system-err><![CDATA[[pool-1541-thread-1] INFO org.apache.nifi.processors.standard.ExecuteSQLRecord - ExecuteSQLRecord[id=9ab40e5f-9c66-4909-bd71-65dcdb064635] FlowFile[0,98947320996565.mockFlowFile,60B] contains 5 records; transferring to 'success'
[pool-1541-thread-1] INFO org.apache.nifi.processors.standard.ExecuteSQLRecord - ExecuteSQLRecord[id=9ab40e5f-9c66-4909-bd71-65dcdb064635] FlowFile[1,98947323283659.mockFlowFile,60B] contains 5 records; transferring to 'success'
[pool-1541-thread-1] INFO org.apache.nifi.processors.standard.ExecuteSQLRecord - ExecuteSQLRecord[id=9ab40e5f-9c66-4909-bd71-65dcdb064635] FlowFile[2,98947323521840.mockFlowFile,65B] contains 5 records; transferring to 'success'
[pool-1541-thread-1] INFO org.apache.nifi.processors.standard.ExecuteSQLRecord - ExecuteSQLRecord[id=9ab40e5f-9c66-4909-bd71-65dcdb064635] FlowFile[3,98947323675915.mockFlowFile,65B] contains 5 records; transferring to 'success'
[pool-1541-thread-1] INFO org.apache.nifi.processors.standard.ExecuteSQLRecord - ExecuteSQLRecord[id=9ab40e5f-9c66-4909-bd71-65dcdb064635] FlowFile[4,98947323848503.mockFlowFile,65B] contains 5 records; transferring to 'success'
[pool-1541-thread-1] INFO org.apache.nifi.processors.standard.ExecuteSQLRecord - ExecuteSQLRecord[id=9ab40e5f-9c66-4909-bd71-65dcdb064635] FlowFile[5,98947324127924.mockFlowFile,65B] contains 5 records; transferring to 'success'
[pool-1541-thread-1] INFO org.apache.nifi.processors.standard.ExecuteSQLRecord - ExecuteSQLRecord[id=9ab40e5f-9c66-4909-bd71-65dcdb064635] FlowFile[6,98947324292525.mockFlowFile,65B] contains 5 records; transferring to 'success'
[pool-1541-thread-1] INFO org.apache.nifi.processors.standard.ExecuteSQLRecord - ExecuteSQLRecord[id=9ab40e5f-9c66-4909-bd71-65dcdb064635] FlowFile[7,98947324456795.mockFlowFile,65B] contains 5 records; transferring to 'success'
[pool-1541-thread-1] INFO org.apache.nifi.processors.standard.ExecuteSQLRecord - ExecuteSQLRecord[id=9ab40e5f-9c66-4909-bd71-65dcdb064635] FlowFile[8,98947324597007.mockFlowFile,65B] contains 5 records; transferring to 'success'
[pool-1541-thread-1] INFO org.apache.nifi.processors.standard.ExecuteSQLRecord - ExecuteSQLRecord[id=9ab40e5f-9c66-4909-bd71-65dcdb064635] FlowFile[9,98947324730730.mockFlowFile,65B] contains 5 records; transferring to 'success'
[pool-1541-thread-1] INFO org.apache.nifi.processors.standard.ExecuteSQLRecord - ExecuteSQLRecord[id=9ab40e5f-9c66-4909-bd71-65dcdb064635] FlowFile[10,98947324935013.mockFlowFile,65B] contains 5 records; transferring to 'success'
[pool-1541-thread-1] INFO org.apache.nifi.processors.standard.ExecuteSQLRecord - ExecuteSQLRecord[id=9ab40e5f-9c66-4909-bd71-65dcdb064635] FlowFile[11,98947325131359.mockFlowFile,65B] contains 5 records; transferring to 'success'
[pool-1541-thread-1] INFO org.apache.nifi.processors.standard.ExecuteSQLRecord - ExecuteSQLRecord[id=9ab40e5f-9c66-4909-bd71-65dcdb064635] FlowFile[12,98947325330811.mockFlowFile,65B] contains 5 records; transferring to 'success'
[pool-1541-thread-1] INFO org.apache.nifi.processors.standard.ExecuteSQLRecord - ExecuteSQLRecord[id=9ab40e5f-9c66-4909-bd71-65dcdb064635] FlowFile[13,98947325485388.mockFlowFile,65B] contains 5 records; transferring to 'success'
[pool-1541-thread-1] INFO org.apache.nifi.processors.standard.ExecuteSQLRecord - ExecuteSQLRecord[id=9ab40e5f-9c66-4909-bd71-65dcdb064635] FlowFile[14,98947325648251.mockFlowFile,65B] contains 5 records; transferring to 'success'
[pool-1541-thread-1] INFO org.apache.nifi.processors.standard.ExecuteSQLRecord - ExecuteSQLRecord[id=9ab40e5f-9c66-4909-bd71-65dcdb064635] FlowFile[15,98947325799212.mockFlowFile,65B] contains 5 records; transferring to 'success'
[pool-1541-thread-1] INFO org.apache.nifi.processors.standard.ExecuteSQLRecord - ExecuteSQLRecord[id=9ab40e5f-9c66-4909-bd71-65dcdb064635] FlowFile[16,98947325973387.mockFlowFile,65B] contains 5 records; transferring to 'success'
[pool-1541-thread-1] INFO org.apache.nifi.processors.standard.ExecuteSQLRecord - ExecuteSQLRecord[id=9ab40e5f-9c66-4909-bd71-65dcdb064635] FlowFile[17,98947326123740.mockFlowFile,65B] contains 5 records; transferring to 'success'
[pool-1541-thread-1] INFO org.apache.nifi.processors.standard.ExecuteSQLRecord - ExecuteSQLRecord[id=9ab40e5f-9c66-4909-bd71-65dcdb064635] FlowFile[18,98947326267770.mockFlowFile,65B] contains 5 records; transferring to 'success'
[pool-1541-thread-1] INFO org.apache.nifi.processors.standard.ExecuteSQLRecord - ExecuteSQLRecord[id=9ab40e5f-9c66-4909-bd71-65dcdb064635] FlowFile[19,98947326411961.mockFlowFile,65B] contains 5 records; transferring to 'success'
[pool-1541-thread-1] INFO org.apache.nifi.processors.standard.ExecuteSQLRecord - ExecuteSQLRecord[id=9ab40e5f-9c66-4909-bd71-65dcdb064635] FlowFile[20,98947326579794.mockFlowFile,70B] contains 5 records; transferring to 'success'
[pool-1541-thread-1] INFO org.apache.nifi.processors.standard.ExecuteSQLRecord - ExecuteSQLRecord[id=9ab40e5f-9c66-4909-bd71-65dcdb064635] FlowFile[21,98947326741961.mockFlowFile,70B] contains 5 records; transferring to 'success'
[pool-1541-thread-1] INFO org.apache.nifi.processors.standard.ExecuteSQLRecord - ExecuteSQLRecord[id=9ab40e5f-9c66-4909-bd71-65dcdb064635] FlowFile[22,98947326889911.mockFlowFile,70B] contains 5 records; transferring to 'success'
[pool-1541-thread-1] INFO org.apache.nifi.processors.standard.ExecuteSQLRecord - ExecuteSQLRecord[id=9ab40e5f-9c66-4909-bd71-65dcdb064635] FlowFile[23,98947327061509.mockFlowFile,70B] contains 5 records; transferring to 'success'
[pool-1541-thread-1] INFO org.apache.nifi.processors.standard.ExecuteSQLRecord - ExecuteSQLRecord[id=9ab40e5f-9c66-4909-bd71-65dcdb064635] FlowFile[24,98947327202009.mockFlowFile,70B] contains 5 records; transferring to 'success'
[pool-1541-thread-1] INFO org.apache.nifi.processors.standard.ExecuteSQLRecord - ExecuteSQLRecord[id=9ab40e5f-9c66-4909-bd71-65dcdb064635] FlowFile[25,98947327357365.mockFlowFile,70B] contains 5 records; transferring to 'success'
[pool-1541-thread-1] INFO org.apache.nifi.processors.standard.ExecuteSQLRecord - ExecuteSQLRecord[id=9ab40e5f-9c66-4909-bd71-65dcdb064635] FlowFile[26,98947327571143.mockFlowFile,70B] contains 5 records; transferring to 'success'
[pool-1541-thread-1] INFO org.apache.nifi.processors.standard.ExecuteSQLRecord - ExecuteSQLRecord[id=9ab40e5f-9c66-4909-bd71-65dcdb064635] FlowFile[27,98947327715564.mockFlowFile,70B] contains 5 records; transferring to 'success'
[pool-1541-thread-1] INFO org.apache.nifi.processors.standard.ExecuteSQLRecord - ExecuteSQLRecord[id=9ab40e5f-9c66-4909-bd71-65dcdb064635] FlowFile[28,98947327853792.mockFlowFile,70B] contains 5 records; transferring to 'success'
[pool-1541-thread-1] INFO org.apache.nifi.processors.standard.ExecuteSQLRecord - ExecuteSQLRecord[id=9ab40e5f-9c66-4909-bd71-65dcdb064635] FlowFile[29,98947328023475.mockFlowFile,70B] contains 5 records; transferring to 'success'
[pool-1541-thread-1] INFO org.apache.nifi.processors.standard.ExecuteSQLRecord - ExecuteSQLRecord[id=9ab40e5f-9c66-4909-bd71-65dcdb064635] FlowFile[30,98947328174146.mockFlowFile,70B] contains 5 records; transferring to 'success'
[pool-1541-thread-1] INFO org.apache.nifi.processors.standard.ExecuteSQLRecord - ExecuteSQLRecord[id=9ab40e5f-9c66-4909-bd71-65dcdb064635] FlowFile[31,98947328310614.mockFlowFile,70B] contains 5 records; transferring to 'success'
[pool-1541-thread-1] INFO org.apache.nifi.processors.standard.ExecuteSQLRecord - ExecuteSQLRecord[id=9ab40e5f-9c66-4909-bd71-65dcdb064635] FlowFile[32,98947328471552.mockFlowFile,70B] contains 5 records; transferring to 'success'
[pool-1541-thread-1] INFO org.apache.nifi.processors.standard.ExecuteSQLRecord - ExecuteSQLRecord[id=9ab40e5f-9c66-4909-bd71-65dcdb064635] FlowFile[33,98947328609741.mockFlowFile,70B] contains 5 records; transferring to 'success'
[pool-1541-thread-1] INFO org.apache.nifi.processors.standard.ExecuteSQLRecord - ExecuteSQLRecord[id=9ab40e5f-9c66-4909-bd71-65dcdb064635] FlowFile[34,98947328787747.mockFlowFile,70B] contains 5 records; transferring to 'success'
[pool-1541-thread-1] INFO org.apache.nifi.processors.standard.ExecuteSQLRecord - ExecuteSQLRecord[id=9ab40e5f-9c66-4909-bd71-65dcdb064635] FlowFile[35,98947328968551.mockFlowFile,70B] contains 5 records; transferring to 'success'
[pool-1541-thread-1] INFO org.apache.nifi.processors.standard.ExecuteSQLRecord - ExecuteSQLRecord[id=9ab40e5f-9c66-4909-bd71-65dcdb064635] FlowFile[36,98947329119061.mockFlowFile,70B] contains 5 records; transferring to 'success'
[pool-1541-thread-1] INFO org.apache.nifi.processors.standard.ExecuteSQLRecord - ExecuteSQLRecord[id=9ab40e5f-9c66-4909-bd71-65dcdb064635] FlowFile[37,98947329240735.mockFlowFile,70B] contains 5 records; transferring to 'success'
[pool-1541-thread-1] INFO org.apache.nifi.processors.standard.ExecuteSQLRecord - ExecuteSQLRecord[id=9ab40e5f-9c66-4909-bd71-65dcdb064635] FlowFile[38,98947329368045.mockFlowFile,70B] contains 5 records; transferring to 'success'
[pool-1541-thread-1] INFO org.apache.nifi.processors.standard.ExecuteSQLRecord - ExecuteSQLRecord[id=9ab40e5f-9c66-4909-bd71-65dcdb064635] FlowFile[39,98947329507802.mockFlowFile,70B] contains 5 records; transferring to 'success'
[pool-1541-thread-1] INFO org.apache.nifi.processors.standard.ExecuteSQLRecord - ExecuteSQLRecord[id=9ab40e5f-9c66-4909-bd71-65dcdb064635] FlowFile[40,98947329639083.mockFlowFile,70B] contains 5 records; transferring to 'success'
[pool-1541-thread-1] INFO org.apache.nifi.processors.standard.ExecuteSQLRecord - ExecuteSQLRecord[id=9ab40e5f-9c66-4909-bd71-65dcdb064635] FlowFile[41,98947329821432.mockFlowFile,70B] contains 5 records; transferring to 'success'
[pool-1541-thread-1] INFO org.apache.nifi.processors.standard.ExecuteSQLRecord - ExecuteSQLRecord[id=9ab40e5f-9c66-4909-bd71-65dcdb064635] FlowFile[42,98947329965149.mockFlowFile,70B] contains 5 records; transferring to 'success'
[pool-1541-thread-1] INFO org.apache.nifi.processors.standard.ExecuteSQLRecord - ExecuteSQLRecord[id=9ab40e5f-9c66-4909-bd71-65dcdb064635] FlowFile[43,98947330081944.mockFlowFile,70B] contains 5 records; transferring to 'success'
[pool-1541-thread-1] INFO org.apache.nifi.processors.standard.ExecuteSQLRecord - ExecuteSQLRecord[id=9ab40e5f-9c66-4909-bd71-65dcdb064635] FlowFile[44,98947330196228.mockFlowFile,70B] contains 5 records; transferring to 'success'
[pool-1541-thread-1] INFO org.apache.nifi.processors.standard.ExecuteSQLRecord - ExecuteSQLRecord[id=9ab40e5f-9c66-4909-bd71-65dcdb064635] FlowFile[45,98947330367481.mockFlowFile,70B] contains 5 records; transferring to 'success'
[pool-1541-thread-1] INFO org.apache.nifi.processors.standard.ExecuteSQLRecord - ExecuteSQLRecord[id=9ab40e5f-9c66-4909-bd71-65dcdb064635] FlowFile[46,98947330485854.mockFlowFile,70B] contains 5 records; transferring to 'success'
[pool-1541-thread-1] INFO org.apache.nifi.processors.standard.ExecuteSQLRecord - ExecuteSQLRecord[id=9ab40e5f-9c66-4909-bd71-65dcdb064635] FlowFile[47,98947330606531.mockFlowFile,70B] contains 5 records; transferring to 'success'
[pool-1541-thread-1] INFO org.apache.nifi.processors.standard.ExecuteSQLRecord - ExecuteSQLRecord[id=9ab40e5f-9c66-4909-bd71-65dcdb064635] FlowFile[48,98947330758458.mockFlowFile,70B] contains 5 records; transferring to 'success'
[pool-1541-thread-1] INFO org.apache.nifi.processors.standard.ExecuteSQLRecord - ExecuteSQLRecord[id=9ab40e5f-9c66-4909-bd71-65dcdb064635] FlowFile[49,98947330877874.mockFlowFile,70B] contains 5 records; transferring to 'success'
[pool-1541-thread-1] INFO org.apache.nifi.processors.standard.ExecuteSQLRecord - ExecuteSQLRecord[id=9ab40e5f-9c66-4909-bd71-65dcdb064635] FlowFile[50,98947331038668.mockFlowFile,70B] contains 5 records; transferring to 'success'
[pool-1541-thread-1] INFO org.apache.nifi.processors.standard.ExecuteSQLRecord - ExecuteSQLRecord[id=9ab40e5f-9c66-4909-bd71-65dcdb064635] FlowFile[51,98947331180213.mockFlowFile,70B] contains 5 records; transferring to 'success'
[pool-1541-thread-1] INFO org.apache.nifi.processors.standard.ExecuteSQLRecord - ExecuteSQLRecord[id=9ab40e5f-9c66-4909-bd71-65dcdb064635] FlowFile[52,98947331307329.mockFlowFile,70B] contains 5 records; transferring to 'success'
[pool-1541-thread-1] INFO org.apache.nifi.processors.standard.ExecuteSQLRecord - ExecuteSQLRecord[id=9ab40e5f-9c66-4909-bd71-65dcdb064635] FlowFile[53,98947331420432.mockFlowFile,70B] contains 5 records; transferring to 'success'
[pool-1541-thread-1] INFO org.apache.nifi.processors.standard.ExecuteSQLRecord - ExecuteSQLRecord[id=9ab40e5f-9c66-4909-bd71-65dcdb064635] FlowFile[54,98947331529945.mockFlowFile,70B] contains 5 records; transferring to 'success'
[pool-1541-thread-1] INFO org.apache.nifi.processors.standard.ExecuteSQLRecord - ExecuteSQLRecord[id=9ab40e5f-9c66-4909-bd71-65dcdb064635] FlowFile[55,98947331660009.mockFlowFile,70B] contains 5 records; transferring to 'success'
[pool-1541-thread-1] INFO org.apache.nifi.processors.standard.ExecuteSQLRecord - ExecuteSQLRecord[id=9ab40e5f-9c66-4909-bd71-65dcdb064635] FlowFile[56,98947331770228.mockFlowFile,70B] contains 5 records; transferring to 'success'
[pool-1541-thread-1] INFO org.apache.nifi.processors.standard.ExecuteSQLRecord - ExecuteSQLRecord[id=9ab40e5f-9c66-4909-bd71-65dcdb064635] FlowFile[57,98947331895677.mockFlowFile,70B] contains 5 records; transferring to 'success'
[pool-1541-thread-1] INFO org.apache.nifi.processors.standard.ExecuteSQLRecord - ExecuteSQLRecord[id=9ab40e5f-9c66-4909-bd71-65dcdb064635] FlowFile[58,98947332042568.mockFlowFile,70B] contains 5 records; transferring to 'success'
[pool-1541-thread-1] INFO org.apache.nifi.processors.standard.ExecuteSQLRecord - ExecuteSQLRecord[id=9ab40e5f-9c66-4909-bd71-65dcdb064635] FlowFile[59,98947332242069.mockFlowFile,70B] contains 5 records; transferring to 'success'
[pool-1541-thread-1] INFO org.apache.nifi.processors.standard.ExecuteSQLRecord - ExecuteSQLRecord[id=9ab40e5f-9c66-4909-bd71-65dcdb064635] FlowFile[60,98947332377497.mockFlowFile,70B] contains 5 records; transferring to 'success'
[pool-1541-thread-1] INFO org.apache.nifi.processors.standard.ExecuteSQLRecord - ExecuteSQLRecord[id=9ab40e5f-9c66-4909-bd71-65dcdb064635] FlowFile[61,98947332613737.mockFlowFile,70B] contains 5 records; transferring to 'success'
[pool-1541-thread-1] INFO org.apache.nifi.processors.standard.ExecuteSQLRecord - ExecuteSQLRecord[id=9ab40e5f-9c66-4909-bd71-65dcdb064635] FlowFile[62,98947332798670.mockFlowFile,70B] contains 5 records; transferring to 'success'
[pool-1541-thread-1] INFO org.apache.nifi.processors.standard.ExecuteSQLRecord - ExecuteSQLRecord[id=9ab40e5f-9c66-4909-bd71-65dcdb064635] FlowFile[63,98947332916114.mockFlowFile,70B] contains 5 records; transferring to 'success'
[pool-1541-thread-1] INFO org.apache.nifi.processors.standard.ExecuteSQLRecord - ExecuteSQLRecord[id=9ab40e5f-9c66-4909-bd71-65dcdb064635] FlowFile[64,98947333053365.mockFlowFile,70B] contains 5 records; transferring to 'success'
[pool-1541-thread-1] INFO org.apache.nifi.processors.standard.ExecuteSQLRecord - ExecuteSQLRecord[id=9ab40e5f-9c66-4909-bd71-65dcdb064635] FlowFile[65,98947333175748.mockFlowFile,70B] contains 5 records; transferring to 'success'
[pool-1541-thread-1] INFO org.apache.nifi.processors.standard.ExecuteSQLRecord - ExecuteSQLRecord[id=9ab40e5f-9c66-4909-bd71-65dcdb064635] FlowFile[66,98947333341206.mockFlowFile,70B] contains 5 records; transferring to 'success'
[pool-1541-thread-1] INFO org.apache.nifi.processors.standard.ExecuteSQLRecord - ExecuteSQLRecord[id=9ab40e5f-9c66-4909-bd71-65dcdb064635] FlowFile[67,98947333438555.mockFlowFile,70B] contains 5 records; transferring to 'success'
[pool-1541-thread-1] INFO org.apache.nifi.processors.standard.ExecuteSQLRecord - ExecuteSQLRecord[id=9ab40e5f-9c66-4909-bd71-65dcdb064635] FlowFile[68,98947333555743.mockFlowFile,70B] contains 5 records; transferring to 'success'
[pool-1541-thread-1] INFO org.apache.nifi.processors.standard.ExecuteSQLRecord - ExecuteSQLRecord[id=9ab40e5f-9c66-4909-bd71-65dcdb064635] FlowFile[69,98947333649558.mockFlowFile,70B] contains 5 records; transferring to 'success'
[pool-1541-thread-1] INFO org.apache.nifi.processors.standard.ExecuteSQLRecord - ExecuteSQLRecord[id=9ab40e5f-9c66-4909-bd71-65dcdb064635] FlowFile[70,98947333755597.mockFlowFile,70B] contains 5 records; transferring to 'success'
[pool-1541-thread-1] INFO org.apache.nifi.processors.standard.ExecuteSQLRecord - ExecuteSQLRecord[id=9ab40e5f-9c66-4909-bd71-65dcdb064635] FlowFile[71,98947333878370.mockFlowFile,70B] contains 5 records; transferring to 'success'
[pool-1541-thread-1] INFO org.apache.nifi.processors.standard.ExecuteSQLRecord - ExecuteSQLRecord[id=9ab40e5f-9c66-4909-bd71-65dcdb064635] FlowFile[72,98947334014569.mockFlowFile,70B] contains 5 records; transferring to 'success'
[pool-1541-thread-1] INFO org.apache.nifi.processors.standard.ExecuteSQLRecord - ExecuteSQLRecord[id=9ab40e5f-9c66-4909-bd71-65dcdb064635] FlowFile[73,98947334125052.mockFlowFile,70B] contains 5 records; transferring to 'success'
[pool-1541-thread-1] INFO org.apache.nifi.processors.standard.ExecuteSQLRecord - ExecuteSQLRecord[id=9ab40e5f-9c66-4909-bd71-65dcdb064635] FlowFile[74,98947334240916.mockFlowFile,70B] contains 5 records; transferring to 'success'
[pool-1541-thread-1] INFO org.apache.nifi.processors.standard.ExecuteSQLRecord - ExecuteSQLRecord[id=9ab40e5f-9c66-4909-bd71-65dcdb064635] FlowFile[75,98947334357549.mockFlowFile,70B] contains 5 records; transferring to 'success'
[pool-1541-thread-1] INFO org.apache.nifi.processors.standard.ExecuteSQLRecord - ExecuteSQLRecord[id=9ab40e5f-9c66-4909-bd71-65dcdb064635] FlowFile[76,98947334461606.mockFlowFile,70B] contains 5 records; transferring to 'success'
[pool-1541-thread-1] INFO org.apache.nifi.processors.standard.ExecuteSQLRecord - ExecuteSQLRecord[id=9ab40e5f-9c66-4909-bd71-65dcdb064635] FlowFile[77,98947334577445.mockFlowFile,70B] contains 5 records; transferring to 'success'
[pool-1541-thread-1] INFO org.apache.nifi.processors.standard.ExecuteSQLRecord - ExecuteSQLRecord[id=9ab40e5f-9c66-4909-bd71-65dcdb064635] FlowFile[78,98947334695373.mockFlowFile,70B] contains 5 records; transferring to 'success'
[pool-1541-thread-1] INFO org.apache.nifi.processors.standard.ExecuteSQLRecord - ExecuteSQLRecord[id=9ab40e5f-9c66-4909-bd71-65dcdb064635] FlowFile[79,98947334785234.mockFlowFile,70B] contains 5 records; transferring to 'success'
[pool-1541-thread-1] INFO org.apache.nifi.processors.standard.ExecuteSQLRecord - ExecuteSQLRecord[id=9ab40e5f-9c66-4909-bd71-65dcdb064635] FlowFile[80,98947334908650.mockFlowFile,70B] contains 5 records; transferring to 'success'
[pool-1541-thread-1] INFO org.apache.nifi.processors.standard.ExecuteSQLRecord - ExecuteSQLRecord[id=9ab40e5f-9c66-4909-bd71-65dcdb064635] FlowFile[81,98947335009602.mockFlowFile,70B] contains 5 records; transferring to 'success'
[pool-1541-thread-1] INFO org.apache.nifi.processors.standard.ExecuteSQLRecord - ExecuteSQLRecord[id=9ab40e5f-9c66-4909-bd71-65dcdb064635] FlowFile[82,98947335097703.mockFlowFile,70B] contains 5 records; transferring to 'success'
[pool-1541-thread-1] INFO org.apache.nifi.processors.standard.ExecuteSQLRecord - ExecuteSQLRecord[id=9ab40e5f-9c66-4909-bd71-65dcdb064635] FlowFile[83,98947335182503.mockFlowFile,70B] contains 5 records; transferring to 'success'
[pool-1541-thread-1] INFO org.apache.nifi.processors.standard.ExecuteSQLRecord - ExecuteSQLRecord[id=9ab40e5f-9c66-4909-bd71-65dcdb064635] FlowFile[84,98947335281735.mockFlowFile,70B] contains 5 records; transferring to 'success'
[pool-1541-thread-1] INFO org.apache.nifi.processors.standard.ExecuteSQLRecord - ExecuteSQLRecord[id=9ab40e5f-9c66-4909-bd71-65dcdb064635] FlowFile[85,98947335380070.mockFlowFile,70B] contains 5 records; transferring to 'success'
[pool-1541-thread-1] INFO org.apache.nifi.processors.standard.ExecuteSQLRecord - ExecuteSQLRecord[id=9ab40e5f-9c66-4909-bd71-65dcdb064635] FlowFile[86,98947335475123.mockFlowFile,70B] contains 5 records; transferring to 'success'
[pool-1541-thread-1] INFO org.apache.nifi.processors.standard.ExecuteSQLRecord - ExecuteSQLRecord[id=9ab40e5f-9c66-4909-bd71-65dcdb064635] FlowFile[87,98947335585778.mockFlowFile,70B] contains 5 records; transferring to 'success'
[pool-1541-thread-1] INFO org.apache.nifi.processors.standard.ExecuteSQLRecord - ExecuteSQLRecord[id=9ab40e5f-9c66-4909-bd71-65dcdb064635] FlowFile[88,98947335690059.mockFlowFile,70B] contains 5 records; transferring to 'success'
[pool-1541-thread-1] INFO org.apache.nifi.processors.standard.ExecuteSQLRecord - ExecuteSQLRecord[id=9ab40e5f-9c66-4909-bd71-65dcdb064635] FlowFile[89,98947335794962.mockFlowFile,70B] contains 5 records; transferring to 'success'
[pool-1541-thread-1] INFO org.apache.nifi.processors.standard.ExecuteSQLRecord - ExecuteSQLRecord[id=9ab40e5f-9c66-4909-bd71-65dcdb064635] FlowFile[90,98947335969302.mockFlowFile,70B] contains 5 records; transferring to 'success'
[pool-1541-thread-1] INFO org.apache.nifi.processors.standard.ExecuteSQLRecord - ExecuteSQLRecord[id=9ab40e5f-9c66-4909-bd71-65dcdb064635] FlowFile[91,98947336104112.mockFlowFile,70B] contains 5 records; transferring to 'success'
[pool-1541-thread-1] INFO org.apache.nifi.processors.standard.ExecuteSQLRecord - ExecuteSQLRecord[id=9ab40e5f-9c66-4909-bd71-65dcdb064635] FlowFile[92,98947336204757.mockFlowFile,70B] contains 5 records; transferring to 'success'
[pool-1541-thread-1] INFO org.apache.nifi.processors.standard.ExecuteSQLRecord - ExecuteSQLRecord[id=9ab40e5f-9c66-4909-bd71-65dcdb064635] FlowFile[93,98947336317575.mockFlowFile,70B] contains 5 records; transferring to 'success'
[pool-1541-thread-1] INFO org.apache.nifi.processors.standard.ExecuteSQLRecord - ExecuteSQLRecord[id=9ab40e5f-9c66-4909-bd71-65dcdb064635] FlowFile[94,98947336409530.mockFlowFile,70B] contains 5 records; transferring to 'success'
[pool-1541-thread-1] INFO org.apache.nifi.processors.standard.ExecuteSQLRecord - ExecuteSQLRecord[id=9ab40e5f-9c66-4909-bd71-65dcdb064635] FlowFile[95,98947336611958.mockFlowFile,70B] contains 5 records; transferring to 'success'
[pool-1541-thread-1] INFO org.apache.nifi.processors.standard.ExecuteSQLRecord - ExecuteSQLRecord[id=9ab40e5f-9c66-4909-bd71-65dcdb064635] FlowFile[96,98947336748045.mockFlowFile,70B] contains 5 records; transferring to 'success'
[pool-1541-thread-1] INFO org.apache.nifi.processors.standard.ExecuteSQLRecord - ExecuteSQLRecord[id=9ab40e5f-9c66-4909-bd71-65dcdb064635] FlowFile[97,98947336855709.mockFlowFile,70B] contains 5 records; transferring to 'success'
[pool-1541-thread-1] INFO org.apache.nifi.processors.standard.ExecuteSQLRecord - ExecuteSQLRecord[id=9ab40e5f-9c66-4909-bd71-65dcdb064635] FlowFile[98,98947336990682.mockFlowFile,70B] contains 5 records; transferring to 'success'
[pool-1541-thread-1] INFO org.apache.nifi.processors.standard.ExecuteSQLRecord - ExecuteSQLRecord[id=9ab40e5f-9c66-4909-bd71-65dcdb064635] FlowFile[99,98947337332902.mockFlowFile,70B] contains 5 records; transferring to 'success'
[pool-1541-thread-1] INFO org.apache.nifi.processors.standard.ExecuteSQLRecord - ExecuteSQLRecord[id=9ab40e5f-9c66-4909-bd71-65dcdb064635] FlowFile[100,98947337520640.mockFlowFile,70B] contains 5 records; transferring to 'success'
[pool-1541-thread-1] INFO org.apache.nifi.processors.standard.ExecuteSQLRecord - ExecuteSQLRecord[id=9ab40e5f-9c66-4909-bd71-65dcdb064635] FlowFile[101,98947337634825.mockFlowFile,70B] contains 5 records; transferring to 'success'
[pool-1541-thread-1] INFO org.apache.nifi.processors.standard.ExecuteSQLRecord - ExecuteSQLRecord[id=9ab40e5f-9c66-4909-bd71-65dcdb064635] FlowFile[102,98947337744802.mockFlowFile,70B] contains 5 records; transferring to 'success'
[pool-1541-thread-1] INFO org.apache.nifi.processors.standard.ExecuteSQLRecord - ExecuteSQLRecord[id=9ab40e5f-9c66-4909-bd71-65dcdb064635] FlowFile[103,98947337868746.mockFlowFile,70B] contains 5 records; transferring to 'success'
[pool-1541-thread-1] INFO org.apache.nifi.processors.standard.ExecuteSQLRecord - ExecuteSQLRecord[id=9ab40e5f-9c66-4909-bd71-65dcdb064635] FlowFile[104,98947337980978.mockFlowFile,70B] contains 5 records; transferring to 'success'
[pool-1541-thread-1] INFO org.apache.nifi.processors.standard.ExecuteSQLRecord - ExecuteSQLRecord[id=9ab40e5f-9c66-4909-bd71-65dcdb064635] FlowFile[105,98947338083416.mockFlowFile,70B] contains 5 records; transferring to 'success'
[pool-1541-thread-1] INFO org.apache.nifi.processors.standard.ExecuteSQLRecord - ExecuteSQLRecord[id=9ab40e5f-9c66-4909-bd71-65dcdb064635] FlowFile[106,98947338171478.mockFlowFile,70B] contains 5 records; transferring to 'success'
[pool-1541-thread-1] INFO org.apache.nifi.processors.standard.ExecuteSQLRecord - ExecuteSQLRecord[id=9ab40e5f-9c66-4909-bd71-65dcdb064635] FlowFile[107,98947338318553.mockFlowFile,70B] contains 5 records; transferring to 'success'
[pool-1541-thread-1] INFO org.apache.nifi.processors.standard.ExecuteSQLRecord - ExecuteSQLRecord[id=9ab40e5f-9c66-4909-bd71-65dcdb064635] FlowFile[108,98947338426208.mockFlowFile,70B] contains 5 records; transferring to 'success'
[pool-1541-thread-1] INFO org.apache.nifi.processors.standard.ExecuteSQLRecord - ExecuteSQLRecord[id=9ab40e5f-9c66-4909-bd71-65dcdb064635] FlowFile[109,98947338550477.mockFlowFile,70B] contains 5 records; transferring to 'success'
[pool-1541-thread-1] INFO org.apache.nifi.processors.standard.ExecuteSQLRecord - ExecuteSQLRecord[id=9ab40e5f-9c66-4909-bd71-65dcdb064635] FlowFile[110,98947338673462.mockFlowFile,70B] contains 5 records; transferring to 'success'
[pool-1541-thread-1] INFO org.apache.nifi.processors.standard.ExecuteSQLRecord - ExecuteSQLRecord[id=9ab40e5f-9c66-4909-bd71-65dcdb064635] FlowFile[111,98947338784124.mockFlowFile,70B] contains 5 records; transferring to 'success'
[pool-1541-thread-1] INFO org.apache.nifi.processors.standard.ExecuteSQLRecord - ExecuteSQLRecord[id=9ab40e5f-9c66-4909-bd71-65dcdb064635] FlowFile[112,98947338916228.mockFlowFile,70B] contains 5 records; transferring to 'success'
[pool-1541-thread-1] INFO org.apache.nifi.processors.standard.ExecuteSQLRecord - ExecuteSQLRecord[id=9ab40e5f-9c66-4909-bd71-65dcdb064635] FlowFile[113,98947339062749.mockFlowFile,70B] contains 5 records; transferring to 'success'
[pool-1541-thread-1] INFO org.apache.nifi.processors.standard.ExecuteSQLRecord - ExecuteSQLRecord[id=9ab40e5f-9c66-4909-bd71-65dcdb064635] FlowFile[114,98947339170855.mockFlowFile,70B] contains 5 records; transferring to 'success'
[pool-1541-thread-1] INFO org.apache.nifi.processors.standard.ExecuteSQLRecord - ExecuteSQLRecord[id=9ab40e5f-9c66-4909-bd71-65dcdb064635] FlowFile[115,98947339293687.mockFlowFile,70B] contains 5 records; transferring to 'success'
[pool-1541-thread-1] INFO org.apache.nifi.processors.standard.ExecuteSQLRecord - ExecuteSQLRecord[id=9ab40e5f-9c66-4909-bd71-65dcdb064635] FlowFile[116,98947339421170.mockFlowFile,70B] contains 5 records; transferring to 'success'
[pool-1541-thread-1] INFO org.apache.nifi.processors.standard.ExecuteSQLRecord - ExecuteSQLRecord[id=9ab40e5f-9c66-4909-bd71-65dcdb064635] FlowFile[117,98947339531171.mockFlowFile,70B] contains 5 records; transferring to 'success'
[pool-1541-thread-1] INFO org.apache.nifi.processors.standard.ExecuteSQLRecord - ExecuteSQLRecord[id=9ab40e5f-9c66-4909-bd71-65dcdb064635] FlowFile[118,98947339638097.mockFlowFile,70B] contains 5 records; transferring to 'success'
[pool-1541-thread-1] INFO org.apache.nifi.processors.standard.ExecuteSQLRecord - ExecuteSQLRecord[id=9ab40e5f-9c66-4909-bd71-65dcdb064635] FlowFile[119,98947339805623.mockFlowFile,70B] contains 5 records; transferring to 'success'
[pool-1541-thread-1] INFO org.apache.nifi.processors.standard.ExecuteSQLRecord - ExecuteSQLRecord[id=9ab40e5f-9c66-4909-bd71-65dcdb064635] FlowFile[120,98947340053444.mockFlowFile,70B] contains 5 records; transferring to 'success'
[pool-1541-thread-1] INFO org.apache.nifi.processors.standard.ExecuteSQLRecord - ExecuteSQLRecord[id=9ab40e5f-9c66-4909-bd71-65dcdb064635] FlowFile[121,98947340170952.mockFlowFile,70B] contains 5 records; transferring to 'success'
[pool-1541-thread-1] INFO org.apache.nifi.processors.standard.ExecuteSQLRecord - ExecuteSQLRecord[id=9ab40e5f-9c66-4909-bd71-65dcdb064635] FlowFile[122,98947340298186.mockFlowFile,70B] contains 5 records; transferring to 'success'
[pool-1541-thread-1] INFO org.apache.nifi.processors.standard.ExecuteSQLRecord - ExecuteSQLRecord[id=9ab40e5f-9c66-4909-bd71-65dcdb064635] FlowFile[123,98947340411367.mockFlowFile,70B] contains 5 records; transferring to 'success'
[pool-1541-thread-1] INFO org.apache.nifi.processors.standard.ExecuteSQLRecord - ExecuteSQLRecord[id=9ab40e5f-9c66-4909-bd71-65dcdb064635] FlowFile[124,98947340512213.mockFlowFile,70B] contains 5 records; transferring to 'success'
[pool-1541-thread-1] INFO org.apache.nifi.processors.standard.ExecuteSQLRecord - ExecuteSQLRecord[id=9ab40e5f-9c66-4909-bd71-65dcdb064635] FlowFile[125,98947340642020.mockFlowFile,70B] contains 5 records; transferring to 'success'
[pool-1541-thread-1] INFO org.apache.nifi.processors.standard.ExecuteSQLRecord - ExecuteSQLRecord[id=9ab40e5f-9c66-4909-bd71-65dcdb064635] FlowFile[126,98947340755478.mockFlowFile,70B] contains 5 records; transferring to 'success'
[pool-1541-thread-1] INFO org.apache.nifi.processors.standard.ExecuteSQLRecord - ExecuteSQLRecord[id=9ab40e5f-9c66-4909-bd71-65dcdb064635] FlowFile[127,98947340858942.mockFlowFile,70B] contains 5 records; transferring to 'success'
[pool-1541-thread-1] INFO org.apache.nifi.processors.standard.ExecuteSQLRecord - ExecuteSQLRecord[id=9ab40e5f-9c66-4909-bd71-65dcdb064635] FlowFile[128,98947340991775.mockFlowFile,70B] contains 5 records; transferring to 'success'
[pool-1541-thread-1] INFO org.apache.nifi.processors.standard.ExecuteSQLRecord - ExecuteSQLRecord[id=9ab40e5f-9c66-4909-bd71-65dcdb064635] FlowFile[129,98947341104892.mockFlowFile,70B] contains 5 records; transferring to 'success'
[pool-1541-thread-1] INFO org.apache.nifi.processors.standard.ExecuteSQLRecord - ExecuteSQLRecord[id=9ab40e5f-9c66-4909-bd71-65dcdb064635] FlowFile[130,98947341230935.mockFlowFile,70B] contains 5 records; transferring to 'success'
[pool-1541-thread-1] INFO org.apache.nifi.processors.standard.ExecuteSQLRecord - ExecuteSQLRecord[id=9ab40e5f-9c66-4909-bd71-65dcdb064635] FlowFile[131,98947341337730.mockFlowFile,70B] contains 5 records; transferring to 'success'
[pool-1541-thread-1] INFO org.apache.nifi.processors.standard.ExecuteSQLRecord - ExecuteSQLRecord[id=9ab40e5f-9c66-4909-bd71-65dcdb064635] FlowFile[132,98947341455388.mockFlowFile,70B] contains 5 records; transferring to 'success'
[pool-1541-thread-1] INFO org.apache.nifi.processors.standard.ExecuteSQLRecord - ExecuteSQLRecord[id=9ab40e5f-9c66-4909-bd71-65dcdb064635] FlowFile[133,98947341561951.mockFlowFile,70B] contains 5 records; transferring to 'success'
[pool-1541-thread-1] INFO org.apache.nifi.processors.standard.ExecuteSQLRecord - ExecuteSQLRecord[id=9ab40e5f-9c66-4909-bd71-65dcdb064635] FlowFile[134,98947341661934.mockFlowFile,70B] contains 5 records; transferring to 'success'
[pool-1541-thread-1] INFO org.apache.nifi.processors.standard.ExecuteSQLRecord - ExecuteSQLRecord[id=9ab40e5f-9c66-4909-bd71-65dcdb064635] FlowFile[135,98947341795932.mockFlowFile,70B] contains 5 records; transferring to 'success'
[pool-1541-thread-1] INFO org.apache.nifi.processors.standard.ExecuteSQLRecord - ExecuteSQLRecord[id=9ab40e5f-9c66-4909-bd71-65dcdb064635] FlowFile[136,98947341908373.mockFlowFile,70B] contains 5 records; transferring to 'success'
[pool-1541-thread-1] INFO org.apache.nifi.processors.standard.ExecuteSQLRecord - ExecuteSQLRecord[id=9ab40e5f-9c66-4909-bd71-65dcdb064635] FlowFile[137,98947342010461.mockFlowFile,70B] contains 5 records; transferring to 'success'
[pool-1541-thread-1] INFO org.apache.nifi.processors.standard.ExecuteSQLRecord - ExecuteSQLRecord[id=9ab40e5f-9c66-4909-bd71-65dcdb064635] FlowFile[138,98947342128630.mockFlowFile,70B] contains 5 records; transferring to 'success'
[pool-1541-thread-1] INFO org.apache.nifi.processors.standard.ExecuteSQLRecord - ExecuteSQLRecord[id=9ab40e5f-9c66-4909-bd71-65dcdb064635] FlowFile[139,98947342225669.mockFlowFile,70B] contains 5 records; transferring to 'success'
[pool-1541-thread-1] INFO org.apache.nifi.processors.standard.ExecuteSQLRecord - ExecuteSQLRecord[id=9ab40e5f-9c66-4909-bd71-65dcdb064635] FlowFile[140,98947342340637.mockFlowFile,70B] contains 5 records; transferring to 'success'
[pool-1541-thread-1] INFO org.apache.nifi.processors.standard.ExecuteSQLRecord - ExecuteSQLRecord[id=9ab40e5f-9c66-4909-bd71-65dcdb064635] FlowFile[141,98947342459061.mockFlowFile,70B] contains 5 records; transferring to 'success'
[pool-1541-thread-1] INFO org.apache.nifi.processors.standard.ExecuteSQLRecord - ExecuteSQLRecord[id=9ab40e5f-9c66-4909-bd71-65dcdb064635] FlowFile[142,98947342564162.mockFlowFile,70B] contains 5 records; transferring to 'success'
[pool-1541-thread-1] INFO org.apache.nifi.processors.standard.ExecuteSQLRecord - ExecuteSQLRecord[id=9ab40e5f-9c66-4909-bd71-65dcdb064635] FlowFile[143,98947342663331.mockFlowFile,70B] contains 5 records; transferring to 'success'
[pool-1541-thread-1] INFO org.apache.nifi.processors.standard.ExecuteSQLRecord - ExecuteSQLRecord[id=9ab40e5f-9c66-4909-bd71-65dcdb064635] FlowFile[144,98947342789279.mockFlowFile,70B] contains 5 records; transferring to 'success'
[pool-1541-thread-1] INFO org.apache.nifi.processors.standard.ExecuteSQLRecord - ExecuteSQLRecord[id=9ab40e5f-9c66-4909-bd71-65dcdb064635] FlowFile[145,98947342898600.mockFlowFile,70B] contains 5 records; transferring to 'success'
[pool-1541-thread-1] INFO org.apache.nifi.processors.standard.ExecuteSQLRecord - ExecuteSQLRecord[id=9ab40e5f-9c66-4909-bd71-65dcdb064635] FlowFile[146,98947343068104.mockFlowFile,70B] contains 5 records; transferring to 'success'
[pool-1541-thread-1] INFO org.apache.nifi.processors.standard.ExecuteSQLRecord - ExecuteSQLRecord[id=9ab40e5f-9c66-4909-bd71-65dcdb064635] FlowFile[147,98947343162141.mockFlowFile,70B] contains 5 records; transferring to 'success'
[pool-1541-thread-1] INFO org.apache.nifi.processors.standard.ExecuteSQLRecord - ExecuteSQLRecord[id=9ab40e5f-9c66-4909-bd71-65dcdb064635] FlowFile[148,98947343268821.mockFlowFile,70B] contains 5 records; transferring to 'success'
[pool-1541-thread-1] INFO org.apache.nifi.processors.standard.ExecuteSQLRecord - ExecuteSQLRecord[id=9ab40e5f-9c66-4909-bd71-65dcdb064635] FlowFile[149,98947343362144.mockFlowFile,70B] contains 5 records; transferring to 'success'
[pool-1541-thread-1] INFO org.apache.nifi.processors.standard.ExecuteSQLRecord - ExecuteSQLRecord[id=9ab40e5f-9c66-4909-bd71-65dcdb064635] FlowFile[150,98947343479111.mockFlowFile,70B] contains 5 records; transferring to 'success'
[pool-1541-thread-1] INFO org.apache.nifi.processors.standard.ExecuteSQLRecord - ExecuteSQLRecord[id=9ab40e5f-9c66-4909-bd71-65dcdb064635] FlowFile[151,98947343586498.mockFlowFile,70B] contains 5 records; transferring to 'success'
[pool-1541-thread-1] INFO org.apache.nifi.processors.standard.ExecuteSQLRecord - ExecuteSQLRecord[id=9ab40e5f-9c66-4909-bd71-65dcdb064635] FlowFile[152,98947343678915.mockFlowFile,70B] contains 5 records; transferring to 'success'
[pool-1541-thread-1] INFO org.apache.nifi.processors.standard.ExecuteSQLRecord - ExecuteSQLRecord[id=9ab40e5f-9c66-4909-bd71-65dcdb064635] FlowFile[153,98947343768193.mockFlowFile,70B] contains 5 records; transferring to 'success'
[pool-1541-thread-1] INFO org.apache.nifi.processors.standard.ExecuteSQLRecord - ExecuteSQLRecord[id=9ab40e5f-9c66-4909-bd71-65dcdb064635] FlowFile[154,98947343867099.mockFlowFile,70B] contains 5 records; transferring to 'success'
[pool-1541-thread-1] INFO org.apache.nifi.processors.standard.ExecuteSQLRecord - ExecuteSQLRecord[id=9ab40e5f-9c66-4909-bd71-65dcdb064635] FlowFile[155,98947343967329.mockFlowFile,70B] contains 5 records; transferring to 'success'
[pool-1541-thread-1] INFO org.apache.nifi.processors.standard.ExecuteSQLRecord - ExecuteSQLRecord[id=9ab40e5f-9c66-4909-bd71-65dcdb064635] FlowFile[156,98947344074661.mockFlowFile,70B] contains 5 records; transferring to 'success'
[pool-1541-thread-1] INFO org.apache.nifi.processors.standard.ExecuteSQLRecord - ExecuteSQLRecord[id=9ab40e5f-9c66-4909-bd71-65dcdb064635] FlowFile[157,98947344187339.mockFlowFile,70B] contains 5 records; transferring to 'success'
[pool-1541-thread-1] INFO org.apache.nifi.processors.standard.ExecuteSQLRecord - ExecuteSQLRecord[id=9ab40e5f-9c66-4909-bd71-65dcdb064635] FlowFile[158,98947344282221.mockFlowFile,70B] contains 5 records; transferring to 'success'
[pool-1541-thread-1] INFO org.apache.nifi.processors.standard.ExecuteSQLRecord - ExecuteSQLRecord[id=9ab40e5f-9c66-4909-bd71-65dcdb064635] FlowFile[159,98947344374247.mockFlowFile,70B] contains 5 records; transferring to 'success'
[pool-1541-thread-1] INFO org.apache.nifi.processors.standard.ExecuteSQLRecord - ExecuteSQLRecord[id=9ab40e5f-9c66-4909-bd71-65dcdb064635] FlowFile[160,98947344496663.mockFlowFile,70B] contains 5 records; transferring to 'success'
[pool-1541-thread-1] INFO org.apache.nifi.processors.standard.ExecuteSQLRecord - ExecuteSQLRecord[id=9ab40e5f-9c66-4909-bd71-65dcdb064635] FlowFile[161,98947344587541.mockFlowFile,70B] contains 5 records; transferring to 'success'
[pool-1541-thread-1] INFO org.apache.nifi.processors.standard.ExecuteSQLRecord - ExecuteSQLRecord[id=9ab40e5f-9c66-4909-bd71-65dcdb064635] FlowFile[162,98947344680409.mockFlowFile,70B] contains 5 records; transferring to 'success'
[pool-1541-thread-1] INFO org.apache.nifi.processors.standard.ExecuteSQLRecord - ExecuteSQLRecord[id=9ab40e5f-9c66-4909-bd71-65dcdb064635] FlowFile[163,98947344768112.mockFlowFile,70B] contains 5 records; transferring to 'success'
[pool-1541-thread-1] INFO org.apache.nifi.processors.standard.ExecuteSQLRecord - ExecuteSQLRecord[id=9ab40e5f-9c66-4909-bd71-65dcdb064635] FlowFile[164,98947344877435.mockFlowFile,70B] contains 5 records; transferring to 'success'
[pool-1541-thread-1] INFO org.apache.nifi.processors.standard.ExecuteSQLRecord - ExecuteSQLRecord[id=9ab40e5f-9c66-4909-bd71-65dcdb064635] FlowFile[165,98947344978297.mockFlowFile,70B] contains 5 records; transferring to 'success'
[pool-1541-thread-1] INFO org.apache.nifi.processors.standard.ExecuteSQLRecord - ExecuteSQLRecord[id=9ab40e5f-9c66-4909-bd71-65dcdb064635] FlowFile[166,98947345069997.mockFlowFile,70B] contains 5 records; transferring to 'success'
[pool-1541-thread-1] INFO org.apache.nifi.processors.standard.ExecuteSQLRecord - ExecuteSQLRecord[id=9ab40e5f-9c66-4909-bd71-65dcdb064635] FlowFile[167,98947345180275.mockFlowFile,70B] contains 5 records; transferring to 'success'
[pool-1541-thread-1] INFO org.apache.nifi.processors.standard.ExecuteSQLRecord - ExecuteSQLRecord[id=9ab40e5f-9c66-4909-bd71-65dcdb064635] FlowFile[168,98947345319339.mockFlowFile,70B] contains 5 records; transferring to 'success'
[pool-1541-thread-1] INFO org.apache.nifi.processors.standard.ExecuteSQLRecord - ExecuteSQLRecord[id=9ab40e5f-9c66-4909-bd71-65dcdb064635] FlowFile[169,98947345418225.mockFlowFile,70B] contains 5 records; transferring to 'success'
[pool-1541-thread-1] INFO org.apache.nifi.processors.standard.ExecuteSQLRecord - ExecuteSQLRecord[id=9ab40e5f-9c66-4909-bd71-65dcdb064635] FlowFile[170,98947345571620.mockFlowFile,70B] contains 5 records; transferring to 'success'
[pool-1541-thread-1] INFO org.apache.nifi.processors.standard.ExecuteSQLRecord - ExecuteSQLRecord[id=9ab40e5f-9c66-4909-bd71-65dcdb064635] FlowFile[171,98947345668970.mockFlowFile,70B] contains 5 records; transferring to 'success'
[pool-1541-thread-1] INFO org.apache.nifi.processors.standard.ExecuteSQLRecord - ExecuteSQLRecord[id=9ab40e5f-9c66-4909-bd71-65dcdb064635] FlowFile[172,98947345763145.mockFlowFile,70B] contains 5 records; transferring to 'success'
[pool-1541-thread-1] INFO org.apache.nifi.processors.standard.ExecuteSQLRecord - ExecuteSQLRecord[id=9ab40e5f-9c66-4909-bd71-65dcdb064635] FlowFile[173,98947345882590.mockFlowFile,70B] contains 5 records; transferring to 'success'
[pool-1541-thread-1] INFO org.apache.nifi.processors.standard.ExecuteSQLRecord - ExecuteSQLRecord[id=9ab40e5f-9c66-4909-bd71-65dcdb064635] FlowFile[174,98947345975270.mockFlowFile,70B] contains 5 records; transferring to 'success'
[pool-1541-thread-1] INFO org.apache.nifi.processors.standard.ExecuteSQLRecord - ExecuteSQLRecord[id=9ab40e5f-9c66-4909-bd71-65dcdb064635] FlowFile[175,98947346089961.mockFlowFile,70B] contains 5 records; transferring to 'success'
[pool-1541-thread-1] INFO org.apache.nifi.processors.standard.ExecuteSQLRecord - ExecuteSQLRecord[id=9ab40e5f-9c66-4909-bd71-65dcdb064635] FlowFile[176,98947346429615.mockFlowFile,70B] contains 5 records; transferring to 'success'
[pool-1541-thread-1] INFO org.apache.nifi.processors.standard.ExecuteSQLRecord - ExecuteSQLRecord[id=9ab40e5f-9c66-4909-bd71-65dcdb064635] FlowFile[177,98947346583218.mockFlowFile,70B] contains 5 records; transferring to 'success'
[pool-1541-thread-1] INFO org.apache.nifi.processors.standard.ExecuteSQLRecord - ExecuteSQLRecord[id=9ab40e5f-9c66-4909-bd71-65dcdb064635] FlowFile[178,98947346698048.mockFlowFile,70B] contains 5 records; transferring to 'success'
[pool-1541-thread-1] INFO org.apache.nifi.processors.standard.ExecuteSQLRecord - ExecuteSQLRecord[id=9ab40e5f-9c66-4909-bd71-65dcdb064635] FlowFile[179,98947346821929.mockFlowFile,70B] contains 5 records; transferring to 'success'
[pool-1541-thread-1] INFO org.apache.nifi.processors.standard.ExecuteSQLRecord - ExecuteSQLRecord[id=9ab40e5f-9c66-4909-bd71-65dcdb064635] FlowFile[180,98947346975570.mockFlowFile,70B] contains 5 records; transferring to 'success'
[pool-1541-thread-1] INFO org.apache.nifi.processors.standard.ExecuteSQLRecord - ExecuteSQLRecord[id=9ab40e5f-9c66-4909-bd71-65dcdb064635] FlowFile[181,98947347074815.mockFlowFile,70B] contains 5 records; transferring to 'success'
[pool-1541-thread-1] INFO org.apache.nifi.processors.standard.ExecuteSQLRecord - ExecuteSQLRecord[id=9ab40e5f-9c66-4909-bd71-65dcdb064635] FlowFile[182,98947347168222.mockFlowFile,70B] contains 5 records; transferring to 'success'
[pool-1541-thread-1] INFO org.apache.nifi.processors.standard.ExecuteSQLRecord - ExecuteSQLRecord[id=9ab40e5f-9c66-4909-bd71-65dcdb064635] FlowFile[183,98947347278229.mockFlowFile,70B] contains 5 records; transferring to 'success'
[pool-1541-thread-1] INFO org.apache.nifi.processors.standard.ExecuteSQLRecord - ExecuteSQLRecord[id=9ab40e5f-9c66-4909-bd71-65dcdb064635] FlowFile[184,98947347369757.mockFlowFile,70B] contains 5 records; transferring to 'success'
[pool-1541-thread-1] INFO org.apache.nifi.processors.standard.ExecuteSQLRecord - ExecuteSQLRecord[id=9ab40e5f-9c66-4909-bd71-65dcdb064635] FlowFile[185,98947347474246.mockFlowFile,70B] contains 5 records; transferring to 'success'
[pool-1541-thread-1] INFO org.apache.nifi.processors.standard.ExecuteSQLRecord - ExecuteSQLRecord[id=9ab40e5f-9c66-4909-bd71-65dcdb064635] FlowFile[186,98947347823063.mockFlowFile,70B] contains 5 records; transferring to 'success'
[pool-1541-thread-1] INFO org.apache.nifi.processors.standard.ExecuteSQLRecord - ExecuteSQLRecord[id=9ab40e5f-9c66-4909-bd71-65dcdb064635] FlowFile[187,98947347932803.mockFlowFile,70B] contains 5 records; transferring to 'success'
[pool-1541-thread-1] INFO org.apache.nifi.processors.standard.ExecuteSQLRecord - ExecuteSQLRecord[id=9ab40e5f-9c66-4909-bd71-65dcdb064635] FlowFile[188,98947348039326.mockFlowFile,70B] contains 5 records; transferring to 'success'
[pool-1541-thread-1] INFO org.apache.nifi.processors.standard.ExecuteSQLRecord - ExecuteSQLRecord[id=9ab40e5f-9c66-4909-bd71-65dcdb064635] FlowFile[189,98947348144984.mockFlowFile,70B] contains 5 records; transferring to 'success'
[pool-1541-thread-1] INFO org.apache.nifi.processors.standard.ExecuteSQLRecord - ExecuteSQLRecord[id=9ab40e5f-9c66-4909-bd71-65dcdb064635] FlowFile[190,98947348246258.mockFlowFile,70B] contains 5 records; transferring to 'success'
[pool-1541-thread-1] INFO org.apache.nifi.processors.standard.ExecuteSQLRecord - ExecuteSQLRecord[id=9ab40e5f-9c66-4909-bd71-65dcdb064635] FlowFile[191,98947348337791.mockFlowFile,70B] contains 5 records; transferring to 'success'
[pool-1541-thread-1] INFO org.apache.nifi.processors.standard.ExecuteSQLRecord - ExecuteSQLRecord[id=9ab40e5f-9c66-4909-bd71-65dcdb064635] FlowFile[192,98947348474350.mockFlowFile,70B] contains 5 records; transferring to 'success'
[pool-1541-thread-1] INFO org.apache.nifi.processors.standard.ExecuteSQLRecord - ExecuteSQLRecord[id=9ab40e5f-9c66-4909-bd71-65dcdb064635] FlowFile[193,98947348598029.mockFlowFile,70B] contains 5 records; transferring to 'success'
[pool-1541-thread-1] INFO org.apache.nifi.processors.standard.ExecuteSQLRecord - ExecuteSQLRecord[id=9ab40e5f-9c66-4909-bd71-65dcdb064635] FlowFile[194,98947348735217.mockFlowFile,70B] contains 5 records; transferring to 'success'
[pool-1541-thread-1] INFO org.apache.nifi.processors.standard.ExecuteSQLRecord - ExecuteSQLRecord[id=9ab40e5f-9c66-4909-bd71-65dcdb064635] FlowFile[195,98947348839803.mockFlowFile,70B] contains 5 records; transferring to 'success'
[pool-1541-thread-1] INFO org.apache.nifi.processors.standard.ExecuteSQLRecord - ExecuteSQLRecord[id=9ab40e5f-9c66-4909-bd71-65dcdb064635] FlowFile[196,98947348947001.mockFlowFile,70B] contains 5 records; transferring to 'success'
[pool-1541-thread-1] INFO org.apache.nifi.processors.standard.ExecuteSQLRecord - ExecuteSQLRecord[id=9ab40e5f-9c66-4909-bd71-65dcdb064635] FlowFile[197,98947349041419.mockFlowFile,70B] contains 5 records; transferring to 'success'
[pool-1541-thread-1] INFO org.apache.nifi.processors.standard.ExecuteSQLRecord - ExecuteSQLRecord[id=9ab40e5f-9c66-4909-bd71-65dcdb064635] FlowFile[198,98947349132473.mockFlowFile,70B] contains 5 records; transferring to 'success'
[pool-1541-thread-1] INFO org.apache.nifi.processors.standard.ExecuteSQLRecord - ExecuteSQLRecord[id=9ab40e5f-9c66-4909-bd71-65dcdb064635] FlowFile[199,98947349287720.mockFlowFile,70B] contains 5 records; transferring to 'success'
]]></system-err>
  </testcase>
  <testcase name="testPostQuery" classname="org.apache.nifi.processors.standard.TestExecuteSQLRecord" time="0.093">
    <system-err><![CDATA[[pool-1542-thread-1] INFO org.apache.nifi.processors.standard.ExecuteSQLRecord - ExecuteSQLRecord[id=6e53c70a-0ced-4090-b370-c444931882af] FlowFile[1,98947374403727.mockFlowFile,12B] contains 1 records; transferring to 'success'
]]></system-err>
  </testcase>
  <testcase name="testNoIncomingConnection" classname="org.apache.nifi.processors.standard.TestExecuteSQLRecord" time="0.877">
    <system-out><![CDATA[ H
HCGAHAHFE IA
BD IB
]]></system-out>
    <system-err><![CDATA[[main] INFO org.apache.nifi.processors.standard.TestExecuteSQLRecord - test data loaded
[pool-1543-thread-1] INFO org.apache.nifi.processors.standard.ExecuteSQLRecord - ExecuteSQLRecord[id=48c270fc-8602-415e-9658-7c78dad1e142] FlowFile[0,98948150178361.mockFlowFile,1650894B] contains 20000 records; transferring to 'success'
]]></system-err>
  </testcase>
  <testcase name="testPostQueryFail" classname="org.apache.nifi.processors.standard.TestExecuteSQLRecord" time="0.028">
    <system-err><![CDATA[[pool-1544-thread-1] INFO org.apache.nifi.processors.standard.ExecuteSQLRecord - ExecuteSQLRecord[id=59d30439-ac84-46b8-a66b-7cd5fb1437bd] FlowFile[1,98948342117633.mockFlowFile,0B] contains 0 records; transferring to 'success'
[pool-1544-thread-1] ERROR org.apache.nifi.processors.standard.ExecuteSQLRecord - ExecuteSQLRecord[id=59d30439-ac84-46b8-a66b-7cd5fb1437bd] Unable to execute SQL select query CALL SYSCS_UTIL.SYSCS_SET_RUNTIMESTATISTICS() for FlowFile[0,98948342117633.mockFlowFile,4B] due to java.sql.SQLSyntaxErrorException: 'SYSCS_UTIL.SYSCS_SET_RUNTIMESTATISTICS' is not recognized as a function or procedure.; routing to failure: java.sql.SQLSyntaxErrorException: 'SYSCS_UTIL.SYSCS_SET_RUNTIMESTATISTICS' is not recognized as a function or procedure.
java.sql.SQLSyntaxErrorException: 'SYSCS_UTIL.SYSCS_SET_RUNTIMESTATISTICS' is not recognized as a function or procedure.
	at org.apache.derby.impl.jdbc.SQLExceptionFactory.getSQLException(Unknown Source)
	at org.apache.derby.impl.jdbc.Util.generateCsSQLException(Unknown Source)
	at org.apache.derby.impl.jdbc.TransactionResourceImpl.wrapInSQLException(Unknown Source)
	at org.apache.derby.impl.jdbc.TransactionResourceImpl.handleException(Unknown Source)
	at org.apache.derby.impl.jdbc.EmbedConnection.handleException(Unknown Source)
	at org.apache.derby.impl.jdbc.ConnectionChild.handleException(Unknown Source)
	at org.apache.derby.impl.jdbc.EmbedStatement.execute(Unknown Source)
	at org.apache.derby.impl.jdbc.EmbedStatement.execute(Unknown Source)
	at org.apache.nifi.processors.standard.AbstractExecuteSQL.executeConfigStatements(AbstractExecuteSQL.java:464)
	at org.apache.nifi.processors.standard.AbstractExecuteSQL.onTrigger(AbstractExecuteSQL.java:397)
	at org.apache.nifi.processor.AbstractProcessor.onTrigger(AbstractProcessor.java:27)
	at org.apache.nifi.util.StandardProcessorTestRunner$RunProcessor.call(StandardProcessorTestRunner.java:284)
	at org.apache.nifi.util.StandardProcessorTestRunner$RunProcessor.call(StandardProcessorTestRunner.java:278)
	at java.util.concurrent.FutureTask.run(FutureTask.java:266)
	at java.util.concurrent.ScheduledThreadPoolExecutor$ScheduledFutureTask.access$201(ScheduledThreadPoolExecutor.java:180)
	at java.util.concurrent.ScheduledThreadPoolExecutor$ScheduledFutureTask.run(ScheduledThreadPoolExecutor.java:293)
	at java.util.concurrent.ThreadPoolExecutor.runWorker(ThreadPoolExecutor.java:1149)
	at java.util.concurrent.ThreadPoolExecutor$Worker.run(ThreadPoolExecutor.java:624)
	at java.lang.Thread.run(Thread.java:750)
Caused by: ERROR 42Y03: 'SYSCS_UTIL.SYSCS_SET_RUNTIMESTATISTICS' is not recognized as a function or procedure.
	at org.apache.derby.iapi.error.StandardException.newException(Unknown Source)
	at org.apache.derby.iapi.error.StandardException.newException(Unknown Source)
	at org.apache.derby.impl.sql.compile.StaticMethodCallNode.bindExpressionMinion(Unknown Source)
	at org.apache.derby.impl.sql.compile.StaticMethodCallNode.bindExpression(Unknown Source)
	at org.apache.derby.impl.sql.compile.JavaToSQLValueNode.bindExpression(Unknown Source)
	at org.apache.derby.impl.sql.compile.CallStatementNode.bindStatement(Unknown Source)
	at org.apache.derby.impl.sql.GenericStatement.prepMinion(Unknown Source)
	at org.apache.derby.impl.sql.GenericStatement.prepare(Unknown Source)
	at org.apache.derby.impl.sql.conn.GenericLanguageConnectionContext.prepareInternalStatement(Unknown Source)
	... 13 more
]]></system-err>
  </testcase>
  <testcase name="testWriteLOBsToAvro" classname="org.apache.nifi.processors.standard.TestExecuteSQLRecord" time="0.439">
    <system-err><![CDATA[[pool-1545-thread-1] INFO org.apache.nifi.processors.standard.ExecuteSQLRecord - ExecuteSQLRecord[id=0c61d81f-6095-4fb1-8a58-8790221a8c5d] FlowFile[0,98948691560728.mockFlowFile,417B] contains 1 records; transferring to 'success'
]]></system-err>
  </testcase>
  <testcase name="testWithSqlException" classname="org.apache.nifi.processors.standard.TestExecuteSQLRecord" time="0.012">
    <system-err><![CDATA[[pool-1546-thread-1] ERROR org.apache.nifi.processors.standard.ExecuteSQLRecord - ExecuteSQLRecord[id=c0980394-87f2-42fc-8aed-27931cbcd2c8] Unable to execute SQL select query SELECT val1 FROM TEST_NO_ROWS due to java.sql.SQLSyntaxErrorException: Column 'VAL1' is either not in any table in the FROM list or appears within a join specification and is outside the scope of the join specification or appears in a HAVING clause and is not in the GROUP BY list. If this is a CREATE or ALTER TABLE  statement then 'VAL1' is not a column in the target table.. No FlowFile to route to failure: java.sql.SQLSyntaxErrorException: Column 'VAL1' is either not in any table in the FROM list or appears within a join specification and is outside the scope of the join specification or appears in a HAVING clause and is not in the GROUP BY list. If this is a CREATE or ALTER TABLE  statement then 'VAL1' is not a column in the target table.
java.sql.SQLSyntaxErrorException: Column 'VAL1' is either not in any table in the FROM list or appears within a join specification and is outside the scope of the join specification or appears in a HAVING clause and is not in the GROUP BY list. If this is a CREATE or ALTER TABLE  statement then 'VAL1' is not a column in the target table.
	at org.apache.derby.impl.jdbc.SQLExceptionFactory.getSQLException(Unknown Source)
	at org.apache.derby.impl.jdbc.Util.generateCsSQLException(Unknown Source)
	at org.apache.derby.impl.jdbc.TransactionResourceImpl.wrapInSQLException(Unknown Source)
	at org.apache.derby.impl.jdbc.TransactionResourceImpl.handleException(Unknown Source)
	at org.apache.derby.impl.jdbc.EmbedConnection.handleException(Unknown Source)
	at org.apache.derby.impl.jdbc.ConnectionChild.handleException(Unknown Source)
	at org.apache.derby.impl.jdbc.EmbedPreparedStatement.<init>(Unknown Source)
	at org.apache.derby.impl.jdbc.EmbedPreparedStatement42.<init>(Unknown Source)
	at org.apache.derby.jdbc.Driver42.newEmbedPreparedStatement(Unknown Source)
	at org.apache.derby.impl.jdbc.EmbedConnection.prepareStatement(Unknown Source)
	at org.apache.derby.impl.jdbc.EmbedConnection.prepareStatement(Unknown Source)
	at org.apache.nifi.processors.standard.AbstractExecuteSQL.onTrigger(AbstractExecuteSQL.java:240)
	at org.apache.nifi.processor.AbstractProcessor.onTrigger(AbstractProcessor.java:27)
	at org.apache.nifi.util.StandardProcessorTestRunner$RunProcessor.call(StandardProcessorTestRunner.java:284)
	at org.apache.nifi.util.StandardProcessorTestRunner$RunProcessor.call(StandardProcessorTestRunner.java:278)
	at java.util.concurrent.FutureTask.run(FutureTask.java:266)
	at java.util.concurrent.ScheduledThreadPoolExecutor$ScheduledFutureTask.access$201(ScheduledThreadPoolExecutor.java:180)
	at java.util.concurrent.ScheduledThreadPoolExecutor$ScheduledFutureTask.run(ScheduledThreadPoolExecutor.java:293)
	at java.util.concurrent.ThreadPoolExecutor.runWorker(ThreadPoolExecutor.java:1149)
	at java.util.concurrent.ThreadPoolExecutor$Worker.run(ThreadPoolExecutor.java:624)
	at java.lang.Thread.run(Thread.java:750)
Caused by: ERROR 42X04: Column 'VAL1' is either not in any table in the FROM list or appears within a join specification and is outside the scope of the join specification or appears in a HAVING clause and is not in the GROUP BY list. If this is a CREATE or ALTER TABLE  statement then 'VAL1' is not a column in the target table.
	at org.apache.derby.iapi.error.StandardException.newException(Unknown Source)
	at org.apache.derby.iapi.error.StandardException.newException(Unknown Source)
	at org.apache.derby.impl.sql.compile.ColumnReference.bindExpression(Unknown Source)
	at org.apache.derby.impl.sql.compile.ColumnReference.bindExpression(Unknown Source)
	at org.apache.derby.impl.sql.compile.ResultColumn.bindExpression(Unknown Source)
	at org.apache.derby.impl.sql.compile.ResultColumnList.bindExpressions(Unknown Source)
	at org.apache.derby.impl.sql.compile.SelectNode.bindExpressions(Unknown Source)
	at org.apache.derby.impl.sql.compile.DMLStatementNode.bindExpressions(Unknown Source)
	at org.apache.derby.impl.sql.compile.DMLStatementNode.bind(Unknown Source)
	at org.apache.derby.impl.sql.compile.CursorNode.bindStatement(Unknown Source)
	at org.apache.derby.impl.sql.GenericStatement.prepMinion(Unknown Source)
	at org.apache.derby.impl.sql.GenericStatement.prepare(Unknown Source)
	at org.apache.derby.impl.sql.conn.GenericLanguageConnectionContext.prepareInternalStatement(Unknown Source)
	... 15 more
]]></system-err>
  </testcase>
  <testcase name="testPreQuery" classname="org.apache.nifi.processors.standard.TestExecuteSQLRecord" time="0.032">
    <system-err><![CDATA[[pool-1547-thread-1] INFO org.apache.nifi.processors.standard.ExecuteSQLRecord - ExecuteSQLRecord[id=9f2e24d5-bfc7-4f95-b55c-7f3cdc293194] FlowFile[1,98948823454647.mockFlowFile,12B] contains 1 records; transferring to 'success'
]]></system-err>
  </testcase>
  <testcase name="testInsertStatementCreatesFlowFile" classname="org.apache.nifi.processors.standard.TestExecuteSQLRecord" time="0.023"/>
  <testcase name="testNoRowsStatementCreatesEmptyFlowFile" classname="org.apache.nifi.processors.standard.TestExecuteSQLRecord" time="0.02">
    <system-err><![CDATA[[pool-1549-thread-1] INFO org.apache.nifi.processors.standard.ExecuteSQLRecord - ExecuteSQLRecord[id=55ec6106-0e25-4b7e-9db0-5359f35688dd] FlowFile[1,98948875007371.mockFlowFile,0B] contains 0 records; transferring to 'success'
]]></system-err>
  </testcase>
  <testcase name="testMaxRowsPerFlowFile" classname="org.apache.nifi.processors.standard.TestExecuteSQLRecord" time="1.748">
    <system-err><![CDATA[[pool-1550-thread-1] INFO org.apache.nifi.processors.standard.ExecuteSQLRecord - ExecuteSQLRecord[id=1651102c-1634-4547-944f-01b7ad9e652f] FlowFile[0,98950608439004.mockFlowFile,60B] contains 5 records; transferring to 'success'
[pool-1550-thread-1] INFO org.apache.nifi.processors.standard.ExecuteSQLRecord - ExecuteSQLRecord[id=1651102c-1634-4547-944f-01b7ad9e652f] FlowFile[1,98950608722508.mockFlowFile,60B] contains 5 records; transferring to 'success'
[pool-1550-thread-1] INFO org.apache.nifi.processors.standard.ExecuteSQLRecord - ExecuteSQLRecord[id=1651102c-1634-4547-944f-01b7ad9e652f] FlowFile[2,98950608768552.mockFlowFile,65B] contains 5 records; transferring to 'success'
[pool-1550-thread-1] INFO org.apache.nifi.processors.standard.ExecuteSQLRecord - ExecuteSQLRecord[id=1651102c-1634-4547-944f-01b7ad9e652f] FlowFile[3,98950608808069.mockFlowFile,65B] contains 5 records; transferring to 'success'
[pool-1550-thread-1] INFO org.apache.nifi.processors.standard.ExecuteSQLRecord - ExecuteSQLRecord[id=1651102c-1634-4547-944f-01b7ad9e652f] FlowFile[4,98950608851137.mockFlowFile,65B] contains 5 records; transferring to 'success'
[pool-1550-thread-1] INFO org.apache.nifi.processors.standard.ExecuteSQLRecord - ExecuteSQLRecord[id=1651102c-1634-4547-944f-01b7ad9e652f] FlowFile[5,98950608907005.mockFlowFile,65B] contains 5 records; transferring to 'success'
[pool-1550-thread-1] INFO org.apache.nifi.processors.standard.ExecuteSQLRecord - ExecuteSQLRecord[id=1651102c-1634-4547-944f-01b7ad9e652f] FlowFile[6,98950608974466.mockFlowFile,65B] contains 5 records; transferring to 'success'
[pool-1550-thread-1] INFO org.apache.nifi.processors.standard.ExecuteSQLRecord - ExecuteSQLRecord[id=1651102c-1634-4547-944f-01b7ad9e652f] FlowFile[7,98950609020970.mockFlowFile,65B] contains 5 records; transferring to 'success'
[pool-1550-thread-1] INFO org.apache.nifi.processors.standard.ExecuteSQLRecord - ExecuteSQLRecord[id=1651102c-1634-4547-944f-01b7ad9e652f] FlowFile[8,98950609058926.mockFlowFile,65B] contains 5 records; transferring to 'success'
[pool-1550-thread-1] INFO org.apache.nifi.processors.standard.ExecuteSQLRecord - ExecuteSQLRecord[id=1651102c-1634-4547-944f-01b7ad9e652f] FlowFile[9,98950609138210.mockFlowFile,65B] contains 5 records; transferring to 'success'
[pool-1550-thread-1] INFO org.apache.nifi.processors.standard.ExecuteSQLRecord - ExecuteSQLRecord[id=1651102c-1634-4547-944f-01b7ad9e652f] FlowFile[10,98950609279298.mockFlowFile,65B] contains 5 records; transferring to 'success'
[pool-1550-thread-1] INFO org.apache.nifi.processors.standard.ExecuteSQLRecord - ExecuteSQLRecord[id=1651102c-1634-4547-944f-01b7ad9e652f] FlowFile[11,98950609350347.mockFlowFile,65B] contains 5 records; transferring to 'success'
[pool-1550-thread-1] INFO org.apache.nifi.processors.standard.ExecuteSQLRecord - ExecuteSQLRecord[id=1651102c-1634-4547-944f-01b7ad9e652f] FlowFile[12,98950609458007.mockFlowFile,65B] contains 5 records; transferring to 'success'
[pool-1550-thread-1] INFO org.apache.nifi.processors.standard.ExecuteSQLRecord - ExecuteSQLRecord[id=1651102c-1634-4547-944f-01b7ad9e652f] FlowFile[13,98950609534893.mockFlowFile,65B] contains 5 records; transferring to 'success'
[pool-1550-thread-1] INFO org.apache.nifi.processors.standard.ExecuteSQLRecord - ExecuteSQLRecord[id=1651102c-1634-4547-944f-01b7ad9e652f] FlowFile[14,98950609628133.mockFlowFile,65B] contains 5 records; transferring to 'success'
[pool-1550-thread-1] INFO org.apache.nifi.processors.standard.ExecuteSQLRecord - ExecuteSQLRecord[id=1651102c-1634-4547-944f-01b7ad9e652f] FlowFile[15,98950609711559.mockFlowFile,65B] contains 5 records; transferring to 'success'
[pool-1550-thread-1] INFO org.apache.nifi.processors.standard.ExecuteSQLRecord - ExecuteSQLRecord[id=1651102c-1634-4547-944f-01b7ad9e652f] FlowFile[16,98950609802264.mockFlowFile,65B] contains 5 records; transferring to 'success'
[pool-1550-thread-1] INFO org.apache.nifi.processors.standard.ExecuteSQLRecord - ExecuteSQLRecord[id=1651102c-1634-4547-944f-01b7ad9e652f] FlowFile[17,98950609872145.mockFlowFile,65B] contains 5 records; transferring to 'success'
[pool-1550-thread-1] INFO org.apache.nifi.processors.standard.ExecuteSQLRecord - ExecuteSQLRecord[id=1651102c-1634-4547-944f-01b7ad9e652f] FlowFile[18,98950609942262.mockFlowFile,65B] contains 5 records; transferring to 'success'
[pool-1550-thread-1] INFO org.apache.nifi.processors.standard.ExecuteSQLRecord - ExecuteSQLRecord[id=1651102c-1634-4547-944f-01b7ad9e652f] FlowFile[19,98950610010059.mockFlowFile,65B] contains 5 records; transferring to 'success'
[pool-1550-thread-1] INFO org.apache.nifi.processors.standard.ExecuteSQLRecord - ExecuteSQLRecord[id=1651102c-1634-4547-944f-01b7ad9e652f] FlowFile[20,98950610116833.mockFlowFile,70B] contains 5 records; transferring to 'success'
[pool-1550-thread-1] INFO org.apache.nifi.processors.standard.ExecuteSQLRecord - ExecuteSQLRecord[id=1651102c-1634-4547-944f-01b7ad9e652f] FlowFile[21,98950610208947.mockFlowFile,70B] contains 5 records; transferring to 'success'
[pool-1550-thread-1] INFO org.apache.nifi.processors.standard.ExecuteSQLRecord - ExecuteSQLRecord[id=1651102c-1634-4547-944f-01b7ad9e652f] FlowFile[22,98950610355980.mockFlowFile,70B] contains 5 records; transferring to 'success'
[pool-1550-thread-1] INFO org.apache.nifi.processors.standard.ExecuteSQLRecord - ExecuteSQLRecord[id=1651102c-1634-4547-944f-01b7ad9e652f] FlowFile[23,98950610476321.mockFlowFile,70B] contains 5 records; transferring to 'success'
[pool-1550-thread-1] INFO org.apache.nifi.processors.standard.ExecuteSQLRecord - ExecuteSQLRecord[id=1651102c-1634-4547-944f-01b7ad9e652f] FlowFile[24,98950610551545.mockFlowFile,70B] contains 5 records; transferring to 'success'
[pool-1550-thread-1] INFO org.apache.nifi.processors.standard.ExecuteSQLRecord - ExecuteSQLRecord[id=1651102c-1634-4547-944f-01b7ad9e652f] FlowFile[25,98950610626011.mockFlowFile,70B] contains 5 records; transferring to 'success'
[pool-1550-thread-1] INFO org.apache.nifi.processors.standard.ExecuteSQLRecord - ExecuteSQLRecord[id=1651102c-1634-4547-944f-01b7ad9e652f] FlowFile[26,98950610712567.mockFlowFile,70B] contains 5 records; transferring to 'success'
[pool-1550-thread-1] INFO org.apache.nifi.processors.standard.ExecuteSQLRecord - ExecuteSQLRecord[id=1651102c-1634-4547-944f-01b7ad9e652f] FlowFile[27,98950610783302.mockFlowFile,70B] contains 5 records; transferring to 'success'
[pool-1550-thread-1] INFO org.apache.nifi.processors.standard.ExecuteSQLRecord - ExecuteSQLRecord[id=1651102c-1634-4547-944f-01b7ad9e652f] FlowFile[28,98950610855306.mockFlowFile,70B] contains 5 records; transferring to 'success'
[pool-1550-thread-1] INFO org.apache.nifi.processors.standard.ExecuteSQLRecord - ExecuteSQLRecord[id=1651102c-1634-4547-944f-01b7ad9e652f] FlowFile[29,98950610979743.mockFlowFile,70B] contains 5 records; transferring to 'success'
[pool-1550-thread-1] INFO org.apache.nifi.processors.standard.ExecuteSQLRecord - ExecuteSQLRecord[id=1651102c-1634-4547-944f-01b7ad9e652f] FlowFile[30,98950611057178.mockFlowFile,70B] contains 5 records; transferring to 'success'
[pool-1550-thread-1] INFO org.apache.nifi.processors.standard.ExecuteSQLRecord - ExecuteSQLRecord[id=1651102c-1634-4547-944f-01b7ad9e652f] FlowFile[31,98950611133112.mockFlowFile,70B] contains 5 records; transferring to 'success'
[pool-1550-thread-1] INFO org.apache.nifi.processors.standard.ExecuteSQLRecord - ExecuteSQLRecord[id=1651102c-1634-4547-944f-01b7ad9e652f] FlowFile[32,98950611224801.mockFlowFile,70B] contains 5 records; transferring to 'success'
[pool-1550-thread-1] INFO org.apache.nifi.processors.standard.ExecuteSQLRecord - ExecuteSQLRecord[id=1651102c-1634-4547-944f-01b7ad9e652f] FlowFile[33,98950611296475.mockFlowFile,70B] contains 5 records; transferring to 'success'
[pool-1550-thread-1] INFO org.apache.nifi.processors.standard.ExecuteSQLRecord - ExecuteSQLRecord[id=1651102c-1634-4547-944f-01b7ad9e652f] FlowFile[34,98950611365571.mockFlowFile,70B] contains 5 records; transferring to 'success'
[pool-1550-thread-1] INFO org.apache.nifi.processors.standard.ExecuteSQLRecord - ExecuteSQLRecord[id=1651102c-1634-4547-944f-01b7ad9e652f] FlowFile[35,98950611440402.mockFlowFile,70B] contains 5 records; transferring to 'success'
[pool-1550-thread-1] INFO org.apache.nifi.processors.standard.ExecuteSQLRecord - ExecuteSQLRecord[id=1651102c-1634-4547-944f-01b7ad9e652f] FlowFile[36,98950611521569.mockFlowFile,70B] contains 5 records; transferring to 'success'
[pool-1550-thread-1] INFO org.apache.nifi.processors.standard.ExecuteSQLRecord - ExecuteSQLRecord[id=1651102c-1634-4547-944f-01b7ad9e652f] FlowFile[37,98950611591816.mockFlowFile,70B] contains 5 records; transferring to 'success'
[pool-1550-thread-1] INFO org.apache.nifi.processors.standard.ExecuteSQLRecord - ExecuteSQLRecord[id=1651102c-1634-4547-944f-01b7ad9e652f] FlowFile[38,98950611660884.mockFlowFile,70B] contains 5 records; transferring to 'success'
[pool-1550-thread-1] INFO org.apache.nifi.processors.standard.ExecuteSQLRecord - ExecuteSQLRecord[id=1651102c-1634-4547-944f-01b7ad9e652f] FlowFile[39,98950611744732.mockFlowFile,70B] contains 5 records; transferring to 'success'
[pool-1550-thread-1] INFO org.apache.nifi.processors.standard.ExecuteSQLRecord - ExecuteSQLRecord[id=1651102c-1634-4547-944f-01b7ad9e652f] FlowFile[40,98950611816580.mockFlowFile,70B] contains 5 records; transferring to 'success'
[pool-1550-thread-1] INFO org.apache.nifi.processors.standard.ExecuteSQLRecord - ExecuteSQLRecord[id=1651102c-1634-4547-944f-01b7ad9e652f] FlowFile[41,98950611887956.mockFlowFile,70B] contains 5 records; transferring to 'success'
[pool-1550-thread-1] INFO org.apache.nifi.processors.standard.ExecuteSQLRecord - ExecuteSQLRecord[id=1651102c-1634-4547-944f-01b7ad9e652f] FlowFile[42,98950611969359.mockFlowFile,70B] contains 5 records; transferring to 'success'
[pool-1550-thread-1] INFO org.apache.nifi.processors.standard.ExecuteSQLRecord - ExecuteSQLRecord[id=1651102c-1634-4547-944f-01b7ad9e652f] FlowFile[43,98950612055083.mockFlowFile,70B] contains 5 records; transferring to 'success'
[pool-1550-thread-1] INFO org.apache.nifi.processors.standard.ExecuteSQLRecord - ExecuteSQLRecord[id=1651102c-1634-4547-944f-01b7ad9e652f] FlowFile[44,98950612127479.mockFlowFile,70B] contains 5 records; transferring to 'success'
[pool-1550-thread-1] INFO org.apache.nifi.processors.standard.ExecuteSQLRecord - ExecuteSQLRecord[id=1651102c-1634-4547-944f-01b7ad9e652f] FlowFile[45,98950612211654.mockFlowFile,70B] contains 5 records; transferring to 'success'
[pool-1550-thread-1] INFO org.apache.nifi.processors.standard.ExecuteSQLRecord - ExecuteSQLRecord[id=1651102c-1634-4547-944f-01b7ad9e652f] FlowFile[46,98950612282147.mockFlowFile,70B] contains 5 records; transferring to 'success'
[pool-1550-thread-1] INFO org.apache.nifi.processors.standard.ExecuteSQLRecord - ExecuteSQLRecord[id=1651102c-1634-4547-944f-01b7ad9e652f] FlowFile[47,98950612352148.mockFlowFile,70B] contains 5 records; transferring to 'success'
[pool-1550-thread-1] INFO org.apache.nifi.processors.standard.ExecuteSQLRecord - ExecuteSQLRecord[id=1651102c-1634-4547-944f-01b7ad9e652f] FlowFile[48,98950612445063.mockFlowFile,70B] contains 5 records; transferring to 'success'
[pool-1550-thread-1] INFO org.apache.nifi.processors.standard.ExecuteSQLRecord - ExecuteSQLRecord[id=1651102c-1634-4547-944f-01b7ad9e652f] FlowFile[49,98950612527596.mockFlowFile,70B] contains 5 records; transferring to 'success'
[pool-1550-thread-1] INFO org.apache.nifi.processors.standard.ExecuteSQLRecord - ExecuteSQLRecord[id=1651102c-1634-4547-944f-01b7ad9e652f] FlowFile[50,98950612600982.mockFlowFile,70B] contains 5 records; transferring to 'success'
[pool-1550-thread-1] INFO org.apache.nifi.processors.standard.ExecuteSQLRecord - ExecuteSQLRecord[id=1651102c-1634-4547-944f-01b7ad9e652f] FlowFile[51,98950612670417.mockFlowFile,70B] contains 5 records; transferring to 'success'
[pool-1550-thread-1] INFO org.apache.nifi.processors.standard.ExecuteSQLRecord - ExecuteSQLRecord[id=1651102c-1634-4547-944f-01b7ad9e652f] FlowFile[52,98950612750054.mockFlowFile,70B] contains 5 records; transferring to 'success'
[pool-1550-thread-1] INFO org.apache.nifi.processors.standard.ExecuteSQLRecord - ExecuteSQLRecord[id=1651102c-1634-4547-944f-01b7ad9e652f] FlowFile[53,98950612821003.mockFlowFile,70B] contains 5 records; transferring to 'success'
[pool-1550-thread-1] INFO org.apache.nifi.processors.standard.ExecuteSQLRecord - ExecuteSQLRecord[id=1651102c-1634-4547-944f-01b7ad9e652f] FlowFile[54,98950612894009.mockFlowFile,70B] contains 5 records; transferring to 'success'
[pool-1550-thread-1] INFO org.apache.nifi.processors.standard.ExecuteSQLRecord - ExecuteSQLRecord[id=1651102c-1634-4547-944f-01b7ad9e652f] FlowFile[55,98950612972601.mockFlowFile,70B] contains 5 records; transferring to 'success'
[pool-1550-thread-1] INFO org.apache.nifi.processors.standard.ExecuteSQLRecord - ExecuteSQLRecord[id=1651102c-1634-4547-944f-01b7ad9e652f] FlowFile[56,98950613039835.mockFlowFile,70B] contains 5 records; transferring to 'success'
[pool-1550-thread-1] INFO org.apache.nifi.processors.standard.ExecuteSQLRecord - ExecuteSQLRecord[id=1651102c-1634-4547-944f-01b7ad9e652f] FlowFile[57,98950613109776.mockFlowFile,70B] contains 5 records; transferring to 'success'
[pool-1550-thread-1] INFO org.apache.nifi.processors.standard.ExecuteSQLRecord - ExecuteSQLRecord[id=1651102c-1634-4547-944f-01b7ad9e652f] FlowFile[58,98950613188336.mockFlowFile,70B] contains 5 records; transferring to 'success'
[pool-1550-thread-1] INFO org.apache.nifi.processors.standard.ExecuteSQLRecord - ExecuteSQLRecord[id=1651102c-1634-4547-944f-01b7ad9e652f] FlowFile[59,98950613257789.mockFlowFile,70B] contains 5 records; transferring to 'success'
[pool-1550-thread-1] INFO org.apache.nifi.processors.standard.ExecuteSQLRecord - ExecuteSQLRecord[id=1651102c-1634-4547-944f-01b7ad9e652f] FlowFile[60,98950613328182.mockFlowFile,70B] contains 5 records; transferring to 'success'
[pool-1550-thread-1] INFO org.apache.nifi.processors.standard.ExecuteSQLRecord - ExecuteSQLRecord[id=1651102c-1634-4547-944f-01b7ad9e652f] FlowFile[61,98950613409604.mockFlowFile,70B] contains 5 records; transferring to 'success'
[pool-1550-thread-1] INFO org.apache.nifi.processors.standard.ExecuteSQLRecord - ExecuteSQLRecord[id=1651102c-1634-4547-944f-01b7ad9e652f] FlowFile[62,98950613491400.mockFlowFile,70B] contains 5 records; transferring to 'success'
[pool-1550-thread-1] INFO org.apache.nifi.processors.standard.ExecuteSQLRecord - ExecuteSQLRecord[id=1651102c-1634-4547-944f-01b7ad9e652f] FlowFile[63,98950613530826.mockFlowFile,70B] contains 5 records; transferring to 'success'
[pool-1550-thread-1] INFO org.apache.nifi.processors.standard.ExecuteSQLRecord - ExecuteSQLRecord[id=1651102c-1634-4547-944f-01b7ad9e652f] FlowFile[64,98950613582120.mockFlowFile,70B] contains 5 records; transferring to 'success'
[pool-1550-thread-1] INFO org.apache.nifi.processors.standard.ExecuteSQLRecord - ExecuteSQLRecord[id=1651102c-1634-4547-944f-01b7ad9e652f] FlowFile[65,98950613907212.mockFlowFile,70B] contains 5 records; transferring to 'success'
[pool-1550-thread-1] INFO org.apache.nifi.processors.standard.ExecuteSQLRecord - ExecuteSQLRecord[id=1651102c-1634-4547-944f-01b7ad9e652f] FlowFile[66,98950613984096.mockFlowFile,70B] contains 5 records; transferring to 'success'
[pool-1550-thread-1] INFO org.apache.nifi.processors.standard.ExecuteSQLRecord - ExecuteSQLRecord[id=1651102c-1634-4547-944f-01b7ad9e652f] FlowFile[67,98950614095665.mockFlowFile,70B] contains 5 records; transferring to 'success'
[pool-1550-thread-1] INFO org.apache.nifi.processors.standard.ExecuteSQLRecord - ExecuteSQLRecord[id=1651102c-1634-4547-944f-01b7ad9e652f] FlowFile[68,98950614187286.mockFlowFile,70B] contains 5 records; transferring to 'success'
[pool-1550-thread-1] INFO org.apache.nifi.processors.standard.ExecuteSQLRecord - ExecuteSQLRecord[id=1651102c-1634-4547-944f-01b7ad9e652f] FlowFile[69,98950614255730.mockFlowFile,70B] contains 5 records; transferring to 'success'
[pool-1550-thread-1] INFO org.apache.nifi.processors.standard.ExecuteSQLRecord - ExecuteSQLRecord[id=1651102c-1634-4547-944f-01b7ad9e652f] FlowFile[70,98950614324795.mockFlowFile,70B] contains 5 records; transferring to 'success'
[pool-1550-thread-1] INFO org.apache.nifi.processors.standard.ExecuteSQLRecord - ExecuteSQLRecord[id=1651102c-1634-4547-944f-01b7ad9e652f] FlowFile[71,98950614404267.mockFlowFile,70B] contains 5 records; transferring to 'success'
[pool-1550-thread-1] INFO org.apache.nifi.processors.standard.ExecuteSQLRecord - ExecuteSQLRecord[id=1651102c-1634-4547-944f-01b7ad9e652f] FlowFile[72,98950614482675.mockFlowFile,70B] contains 5 records; transferring to 'success'
[pool-1550-thread-1] INFO org.apache.nifi.processors.standard.ExecuteSQLRecord - ExecuteSQLRecord[id=1651102c-1634-4547-944f-01b7ad9e652f] FlowFile[73,98950614548418.mockFlowFile,70B] contains 5 records; transferring to 'success'
[pool-1550-thread-1] INFO org.apache.nifi.processors.standard.ExecuteSQLRecord - ExecuteSQLRecord[id=1651102c-1634-4547-944f-01b7ad9e652f] FlowFile[74,98950614625445.mockFlowFile,70B] contains 5 records; transferring to 'success'
[pool-1550-thread-1] INFO org.apache.nifi.processors.standard.ExecuteSQLRecord - ExecuteSQLRecord[id=1651102c-1634-4547-944f-01b7ad9e652f] FlowFile[75,98950614690294.mockFlowFile,70B] contains 5 records; transferring to 'success'
[pool-1550-thread-1] INFO org.apache.nifi.processors.standard.ExecuteSQLRecord - ExecuteSQLRecord[id=1651102c-1634-4547-944f-01b7ad9e652f] FlowFile[76,98950614755317.mockFlowFile,70B] contains 5 records; transferring to 'success'
[pool-1550-thread-1] INFO org.apache.nifi.processors.standard.ExecuteSQLRecord - ExecuteSQLRecord[id=1651102c-1634-4547-944f-01b7ad9e652f] FlowFile[77,98950614861619.mockFlowFile,70B] contains 5 records; transferring to 'success'
[pool-1550-thread-1] INFO org.apache.nifi.processors.standard.ExecuteSQLRecord - ExecuteSQLRecord[id=1651102c-1634-4547-944f-01b7ad9e652f] FlowFile[78,98950614915574.mockFlowFile,70B] contains 5 records; transferring to 'success'
[pool-1550-thread-1] INFO org.apache.nifi.processors.standard.ExecuteSQLRecord - ExecuteSQLRecord[id=1651102c-1634-4547-944f-01b7ad9e652f] FlowFile[79,98950615034310.mockFlowFile,70B] contains 5 records; transferring to 'success'
[pool-1550-thread-1] INFO org.apache.nifi.processors.standard.ExecuteSQLRecord - ExecuteSQLRecord[id=1651102c-1634-4547-944f-01b7ad9e652f] FlowFile[80,98950615127251.mockFlowFile,70B] contains 5 records; transferring to 'success'
[pool-1550-thread-1] INFO org.apache.nifi.processors.standard.ExecuteSQLRecord - ExecuteSQLRecord[id=1651102c-1634-4547-944f-01b7ad9e652f] FlowFile[81,98950615196008.mockFlowFile,70B] contains 5 records; transferring to 'success'
[pool-1550-thread-1] INFO org.apache.nifi.processors.standard.ExecuteSQLRecord - ExecuteSQLRecord[id=1651102c-1634-4547-944f-01b7ad9e652f] FlowFile[82,98950615268155.mockFlowFile,70B] contains 5 records; transferring to 'success'
[pool-1550-thread-1] INFO org.apache.nifi.processors.standard.ExecuteSQLRecord - ExecuteSQLRecord[id=1651102c-1634-4547-944f-01b7ad9e652f] FlowFile[83,98950615340553.mockFlowFile,70B] contains 5 records; transferring to 'success'
[pool-1550-thread-1] INFO org.apache.nifi.processors.standard.ExecuteSQLRecord - ExecuteSQLRecord[id=1651102c-1634-4547-944f-01b7ad9e652f] FlowFile[84,98950615415614.mockFlowFile,70B] contains 5 records; transferring to 'success'
[pool-1550-thread-1] INFO org.apache.nifi.processors.standard.ExecuteSQLRecord - ExecuteSQLRecord[id=1651102c-1634-4547-944f-01b7ad9e652f] FlowFile[85,98950615482004.mockFlowFile,70B] contains 5 records; transferring to 'success'
[pool-1550-thread-1] INFO org.apache.nifi.processors.standard.ExecuteSQLRecord - ExecuteSQLRecord[id=1651102c-1634-4547-944f-01b7ad9e652f] FlowFile[86,98950615551274.mockFlowFile,70B] contains 5 records; transferring to 'success'
[pool-1550-thread-1] INFO org.apache.nifi.processors.standard.ExecuteSQLRecord - ExecuteSQLRecord[id=1651102c-1634-4547-944f-01b7ad9e652f] FlowFile[87,98950615627848.mockFlowFile,70B] contains 5 records; transferring to 'success'
[pool-1550-thread-1] INFO org.apache.nifi.processors.standard.ExecuteSQLRecord - ExecuteSQLRecord[id=1651102c-1634-4547-944f-01b7ad9e652f] FlowFile[88,98950615702202.mockFlowFile,70B] contains 5 records; transferring to 'success'
[pool-1550-thread-1] INFO org.apache.nifi.processors.standard.ExecuteSQLRecord - ExecuteSQLRecord[id=1651102c-1634-4547-944f-01b7ad9e652f] FlowFile[89,98950615772111.mockFlowFile,70B] contains 5 records; transferring to 'success'
[pool-1550-thread-1] INFO org.apache.nifi.processors.standard.ExecuteSQLRecord - ExecuteSQLRecord[id=1651102c-1634-4547-944f-01b7ad9e652f] FlowFile[90,98950615844169.mockFlowFile,70B] contains 5 records; transferring to 'success'
[pool-1550-thread-1] INFO org.apache.nifi.processors.standard.ExecuteSQLRecord - ExecuteSQLRecord[id=1651102c-1634-4547-944f-01b7ad9e652f] FlowFile[91,98950615907614.mockFlowFile,70B] contains 5 records; transferring to 'success'
[pool-1550-thread-1] INFO org.apache.nifi.processors.standard.ExecuteSQLRecord - ExecuteSQLRecord[id=1651102c-1634-4547-944f-01b7ad9e652f] FlowFile[92,98950615975496.mockFlowFile,70B] contains 5 records; transferring to 'success'
[pool-1550-thread-1] INFO org.apache.nifi.processors.standard.ExecuteSQLRecord - ExecuteSQLRecord[id=1651102c-1634-4547-944f-01b7ad9e652f] FlowFile[93,98950616069453.mockFlowFile,70B] contains 5 records; transferring to 'success'
[pool-1550-thread-1] INFO org.apache.nifi.processors.standard.ExecuteSQLRecord - ExecuteSQLRecord[id=1651102c-1634-4547-944f-01b7ad9e652f] FlowFile[94,98950616135665.mockFlowFile,70B] contains 5 records; transferring to 'success'
[pool-1550-thread-1] INFO org.apache.nifi.processors.standard.ExecuteSQLRecord - ExecuteSQLRecord[id=1651102c-1634-4547-944f-01b7ad9e652f] FlowFile[95,98950616201012.mockFlowFile,70B] contains 5 records; transferring to 'success'
[pool-1550-thread-1] INFO org.apache.nifi.processors.standard.ExecuteSQLRecord - ExecuteSQLRecord[id=1651102c-1634-4547-944f-01b7ad9e652f] FlowFile[96,98950616325496.mockFlowFile,70B] contains 5 records; transferring to 'success'
[pool-1550-thread-1] INFO org.apache.nifi.processors.standard.ExecuteSQLRecord - ExecuteSQLRecord[id=1651102c-1634-4547-944f-01b7ad9e652f] FlowFile[97,98950616418028.mockFlowFile,70B] contains 5 records; transferring to 'success'
[pool-1550-thread-1] INFO org.apache.nifi.processors.standard.ExecuteSQLRecord - ExecuteSQLRecord[id=1651102c-1634-4547-944f-01b7ad9e652f] FlowFile[98,98950616496344.mockFlowFile,70B] contains 5 records; transferring to 'success'
[pool-1550-thread-1] INFO org.apache.nifi.processors.standard.ExecuteSQLRecord - ExecuteSQLRecord[id=1651102c-1634-4547-944f-01b7ad9e652f] FlowFile[99,98950616563212.mockFlowFile,70B] contains 5 records; transferring to 'success'
[pool-1550-thread-1] INFO org.apache.nifi.processors.standard.ExecuteSQLRecord - ExecuteSQLRecord[id=1651102c-1634-4547-944f-01b7ad9e652f] FlowFile[100,98950616639756.mockFlowFile,70B] contains 5 records; transferring to 'success'
[pool-1550-thread-1] INFO org.apache.nifi.processors.standard.ExecuteSQLRecord - ExecuteSQLRecord[id=1651102c-1634-4547-944f-01b7ad9e652f] FlowFile[101,98950616708599.mockFlowFile,70B] contains 5 records; transferring to 'success'
[pool-1550-thread-1] INFO org.apache.nifi.processors.standard.ExecuteSQLRecord - ExecuteSQLRecord[id=1651102c-1634-4547-944f-01b7ad9e652f] FlowFile[102,98950616772582.mockFlowFile,70B] contains 5 records; transferring to 'success'
[pool-1550-thread-1] INFO org.apache.nifi.processors.standard.ExecuteSQLRecord - ExecuteSQLRecord[id=1651102c-1634-4547-944f-01b7ad9e652f] FlowFile[103,98950616847300.mockFlowFile,70B] contains 5 records; transferring to 'success'
[pool-1550-thread-1] INFO org.apache.nifi.processors.standard.ExecuteSQLRecord - ExecuteSQLRecord[id=1651102c-1634-4547-944f-01b7ad9e652f] FlowFile[104,98950616908387.mockFlowFile,70B] contains 5 records; transferring to 'success'
[pool-1550-thread-1] INFO org.apache.nifi.processors.standard.ExecuteSQLRecord - ExecuteSQLRecord[id=1651102c-1634-4547-944f-01b7ad9e652f] FlowFile[105,98950616966765.mockFlowFile,70B] contains 5 records; transferring to 'success'
[pool-1550-thread-1] INFO org.apache.nifi.processors.standard.ExecuteSQLRecord - ExecuteSQLRecord[id=1651102c-1634-4547-944f-01b7ad9e652f] FlowFile[106,98950617033572.mockFlowFile,70B] contains 5 records; transferring to 'success'
[pool-1550-thread-1] INFO org.apache.nifi.processors.standard.ExecuteSQLRecord - ExecuteSQLRecord[id=1651102c-1634-4547-944f-01b7ad9e652f] FlowFile[107,98950617089855.mockFlowFile,70B] contains 5 records; transferring to 'success'
[pool-1550-thread-1] INFO org.apache.nifi.processors.standard.ExecuteSQLRecord - ExecuteSQLRecord[id=1651102c-1634-4547-944f-01b7ad9e652f] FlowFile[108,98950617143449.mockFlowFile,70B] contains 5 records; transferring to 'success'
[pool-1550-thread-1] INFO org.apache.nifi.processors.standard.ExecuteSQLRecord - ExecuteSQLRecord[id=1651102c-1634-4547-944f-01b7ad9e652f] FlowFile[109,98950617205176.mockFlowFile,70B] contains 5 records; transferring to 'success'
[pool-1550-thread-1] INFO org.apache.nifi.processors.standard.ExecuteSQLRecord - ExecuteSQLRecord[id=1651102c-1634-4547-944f-01b7ad9e652f] FlowFile[110,98950617262202.mockFlowFile,70B] contains 5 records; transferring to 'success'
[pool-1550-thread-1] INFO org.apache.nifi.processors.standard.ExecuteSQLRecord - ExecuteSQLRecord[id=1651102c-1634-4547-944f-01b7ad9e652f] FlowFile[111,98950617325741.mockFlowFile,70B] contains 5 records; transferring to 'success'
[pool-1550-thread-1] INFO org.apache.nifi.processors.standard.ExecuteSQLRecord - ExecuteSQLRecord[id=1651102c-1634-4547-944f-01b7ad9e652f] FlowFile[112,98950617408087.mockFlowFile,70B] contains 5 records; transferring to 'success'
[pool-1550-thread-1] INFO org.apache.nifi.processors.standard.ExecuteSQLRecord - ExecuteSQLRecord[id=1651102c-1634-4547-944f-01b7ad9e652f] FlowFile[113,98950617474344.mockFlowFile,70B] contains 5 records; transferring to 'success'
[pool-1550-thread-1] INFO org.apache.nifi.processors.standard.ExecuteSQLRecord - ExecuteSQLRecord[id=1651102c-1634-4547-944f-01b7ad9e652f] FlowFile[114,98950617538478.mockFlowFile,70B] contains 5 records; transferring to 'success'
[pool-1550-thread-1] INFO org.apache.nifi.processors.standard.ExecuteSQLRecord - ExecuteSQLRecord[id=1651102c-1634-4547-944f-01b7ad9e652f] FlowFile[115,98950617639914.mockFlowFile,70B] contains 5 records; transferring to 'success'
[pool-1550-thread-1] INFO org.apache.nifi.processors.standard.ExecuteSQLRecord - ExecuteSQLRecord[id=1651102c-1634-4547-944f-01b7ad9e652f] FlowFile[116,98950617721778.mockFlowFile,70B] contains 5 records; transferring to 'success'
[pool-1550-thread-1] INFO org.apache.nifi.processors.standard.ExecuteSQLRecord - ExecuteSQLRecord[id=1651102c-1634-4547-944f-01b7ad9e652f] FlowFile[117,98950617784804.mockFlowFile,70B] contains 5 records; transferring to 'success'
[pool-1550-thread-1] INFO org.apache.nifi.processors.standard.ExecuteSQLRecord - ExecuteSQLRecord[id=1651102c-1634-4547-944f-01b7ad9e652f] FlowFile[118,98950617848037.mockFlowFile,70B] contains 5 records; transferring to 'success'
[pool-1550-thread-1] INFO org.apache.nifi.processors.standard.ExecuteSQLRecord - ExecuteSQLRecord[id=1651102c-1634-4547-944f-01b7ad9e652f] FlowFile[119,98950617928015.mockFlowFile,70B] contains 5 records; transferring to 'success'
[pool-1550-thread-1] INFO org.apache.nifi.processors.standard.ExecuteSQLRecord - ExecuteSQLRecord[id=1651102c-1634-4547-944f-01b7ad9e652f] FlowFile[120,98950617991039.mockFlowFile,70B] contains 5 records; transferring to 'success'
[pool-1550-thread-1] INFO org.apache.nifi.processors.standard.ExecuteSQLRecord - ExecuteSQLRecord[id=1651102c-1634-4547-944f-01b7ad9e652f] FlowFile[121,98950618053430.mockFlowFile,70B] contains 5 records; transferring to 'success'
[pool-1550-thread-1] INFO org.apache.nifi.processors.standard.ExecuteSQLRecord - ExecuteSQLRecord[id=1651102c-1634-4547-944f-01b7ad9e652f] FlowFile[122,98950618125078.mockFlowFile,70B] contains 5 records; transferring to 'success'
[pool-1550-thread-1] INFO org.apache.nifi.processors.standard.ExecuteSQLRecord - ExecuteSQLRecord[id=1651102c-1634-4547-944f-01b7ad9e652f] FlowFile[123,98950618185877.mockFlowFile,70B] contains 5 records; transferring to 'success'
[pool-1550-thread-1] INFO org.apache.nifi.processors.standard.ExecuteSQLRecord - ExecuteSQLRecord[id=1651102c-1634-4547-944f-01b7ad9e652f] FlowFile[124,98950618279903.mockFlowFile,70B] contains 5 records; transferring to 'success'
[pool-1550-thread-1] INFO org.apache.nifi.processors.standard.ExecuteSQLRecord - ExecuteSQLRecord[id=1651102c-1634-4547-944f-01b7ad9e652f] FlowFile[125,98950618356973.mockFlowFile,70B] contains 5 records; transferring to 'success'
[pool-1550-thread-1] INFO org.apache.nifi.processors.standard.ExecuteSQLRecord - ExecuteSQLRecord[id=1651102c-1634-4547-944f-01b7ad9e652f] FlowFile[126,98950618568230.mockFlowFile,70B] contains 5 records; transferring to 'success'
[pool-1550-thread-1] INFO org.apache.nifi.processors.standard.ExecuteSQLRecord - ExecuteSQLRecord[id=1651102c-1634-4547-944f-01b7ad9e652f] FlowFile[127,98950618638010.mockFlowFile,70B] contains 5 records; transferring to 'success'
[pool-1550-thread-1] INFO org.apache.nifi.processors.standard.ExecuteSQLRecord - ExecuteSQLRecord[id=1651102c-1634-4547-944f-01b7ad9e652f] FlowFile[128,98950618724354.mockFlowFile,70B] contains 5 records; transferring to 'success'
[pool-1550-thread-1] INFO org.apache.nifi.processors.standard.ExecuteSQLRecord - ExecuteSQLRecord[id=1651102c-1634-4547-944f-01b7ad9e652f] FlowFile[129,98950618786809.mockFlowFile,70B] contains 5 records; transferring to 'success'
[pool-1550-thread-1] INFO org.apache.nifi.processors.standard.ExecuteSQLRecord - ExecuteSQLRecord[id=1651102c-1634-4547-944f-01b7ad9e652f] FlowFile[130,98950618853543.mockFlowFile,70B] contains 5 records; transferring to 'success'
[pool-1550-thread-1] INFO org.apache.nifi.processors.standard.ExecuteSQLRecord - ExecuteSQLRecord[id=1651102c-1634-4547-944f-01b7ad9e652f] FlowFile[131,98950618916435.mockFlowFile,70B] contains 5 records; transferring to 'success'
[pool-1550-thread-1] INFO org.apache.nifi.processors.standard.ExecuteSQLRecord - ExecuteSQLRecord[id=1651102c-1634-4547-944f-01b7ad9e652f] FlowFile[132,98950618989446.mockFlowFile,70B] contains 5 records; transferring to 'success'
[pool-1550-thread-1] INFO org.apache.nifi.processors.standard.ExecuteSQLRecord - ExecuteSQLRecord[id=1651102c-1634-4547-944f-01b7ad9e652f] FlowFile[133,98950619068932.mockFlowFile,70B] contains 5 records; transferring to 'success'
[pool-1550-thread-1] INFO org.apache.nifi.processors.standard.ExecuteSQLRecord - ExecuteSQLRecord[id=1651102c-1634-4547-944f-01b7ad9e652f] FlowFile[134,98950619143832.mockFlowFile,70B] contains 5 records; transferring to 'success'
[pool-1550-thread-1] INFO org.apache.nifi.processors.standard.ExecuteSQLRecord - ExecuteSQLRecord[id=1651102c-1634-4547-944f-01b7ad9e652f] FlowFile[135,98950619215336.mockFlowFile,70B] contains 5 records; transferring to 'success'
[pool-1550-thread-1] INFO org.apache.nifi.processors.standard.ExecuteSQLRecord - ExecuteSQLRecord[id=1651102c-1634-4547-944f-01b7ad9e652f] FlowFile[136,98950619271198.mockFlowFile,70B] contains 5 records; transferring to 'success'
[pool-1550-thread-1] INFO org.apache.nifi.processors.standard.ExecuteSQLRecord - ExecuteSQLRecord[id=1651102c-1634-4547-944f-01b7ad9e652f] FlowFile[137,98950619324443.mockFlowFile,70B] contains 5 records; transferring to 'success'
[pool-1550-thread-1] INFO org.apache.nifi.processors.standard.ExecuteSQLRecord - ExecuteSQLRecord[id=1651102c-1634-4547-944f-01b7ad9e652f] FlowFile[138,98950619392960.mockFlowFile,70B] contains 5 records; transferring to 'success'
[pool-1550-thread-1] INFO org.apache.nifi.processors.standard.ExecuteSQLRecord - ExecuteSQLRecord[id=1651102c-1634-4547-944f-01b7ad9e652f] FlowFile[139,98950619451209.mockFlowFile,70B] contains 5 records; transferring to 'success'
[pool-1550-thread-1] INFO org.apache.nifi.processors.standard.ExecuteSQLRecord - ExecuteSQLRecord[id=1651102c-1634-4547-944f-01b7ad9e652f] FlowFile[140,98950619506097.mockFlowFile,70B] contains 5 records; transferring to 'success'
[pool-1550-thread-1] INFO org.apache.nifi.processors.standard.ExecuteSQLRecord - ExecuteSQLRecord[id=1651102c-1634-4547-944f-01b7ad9e652f] FlowFile[141,98950619566482.mockFlowFile,70B] contains 5 records; transferring to 'success'
[pool-1550-thread-1] INFO org.apache.nifi.processors.standard.ExecuteSQLRecord - ExecuteSQLRecord[id=1651102c-1634-4547-944f-01b7ad9e652f] FlowFile[142,98950619651599.mockFlowFile,70B] contains 5 records; transferring to 'success'
[pool-1550-thread-1] INFO org.apache.nifi.processors.standard.ExecuteSQLRecord - ExecuteSQLRecord[id=1651102c-1634-4547-944f-01b7ad9e652f] FlowFile[143,98950619707668.mockFlowFile,70B] contains 5 records; transferring to 'success'
[pool-1550-thread-1] INFO org.apache.nifi.processors.standard.ExecuteSQLRecord - ExecuteSQLRecord[id=1651102c-1634-4547-944f-01b7ad9e652f] FlowFile[144,98950619781730.mockFlowFile,70B] contains 5 records; transferring to 'success'
[pool-1550-thread-1] INFO org.apache.nifi.processors.standard.ExecuteSQLRecord - ExecuteSQLRecord[id=1651102c-1634-4547-944f-01b7ad9e652f] FlowFile[145,98950619872245.mockFlowFile,70B] contains 5 records; transferring to 'success'
[pool-1550-thread-1] INFO org.apache.nifi.processors.standard.ExecuteSQLRecord - ExecuteSQLRecord[id=1651102c-1634-4547-944f-01b7ad9e652f] FlowFile[146,98950619938667.mockFlowFile,70B] contains 5 records; transferring to 'success'
[pool-1550-thread-1] INFO org.apache.nifi.processors.standard.ExecuteSQLRecord - ExecuteSQLRecord[id=1651102c-1634-4547-944f-01b7ad9e652f] FlowFile[147,98950619998175.mockFlowFile,70B] contains 5 records; transferring to 'success'
[pool-1550-thread-1] INFO org.apache.nifi.processors.standard.ExecuteSQLRecord - ExecuteSQLRecord[id=1651102c-1634-4547-944f-01b7ad9e652f] FlowFile[148,98950620111533.mockFlowFile,70B] contains 5 records; transferring to 'success'
[pool-1550-thread-1] INFO org.apache.nifi.processors.standard.ExecuteSQLRecord - ExecuteSQLRecord[id=1651102c-1634-4547-944f-01b7ad9e652f] FlowFile[149,98950620167834.mockFlowFile,70B] contains 5 records; transferring to 'success'
[pool-1550-thread-1] INFO org.apache.nifi.processors.standard.ExecuteSQLRecord - ExecuteSQLRecord[id=1651102c-1634-4547-944f-01b7ad9e652f] FlowFile[150,98950620225414.mockFlowFile,70B] contains 5 records; transferring to 'success'
[pool-1550-thread-1] INFO org.apache.nifi.processors.standard.ExecuteSQLRecord - ExecuteSQLRecord[id=1651102c-1634-4547-944f-01b7ad9e652f] FlowFile[151,98950620289802.mockFlowFile,70B] contains 5 records; transferring to 'success'
[pool-1550-thread-1] INFO org.apache.nifi.processors.standard.ExecuteSQLRecord - ExecuteSQLRecord[id=1651102c-1634-4547-944f-01b7ad9e652f] FlowFile[152,98950620347125.mockFlowFile,70B] contains 5 records; transferring to 'success'
[pool-1550-thread-1] INFO org.apache.nifi.processors.standard.ExecuteSQLRecord - ExecuteSQLRecord[id=1651102c-1634-4547-944f-01b7ad9e652f] FlowFile[153,98950620399697.mockFlowFile,70B] contains 5 records; transferring to 'success'
[pool-1550-thread-1] INFO org.apache.nifi.processors.standard.ExecuteSQLRecord - ExecuteSQLRecord[id=1651102c-1634-4547-944f-01b7ad9e652f] FlowFile[154,98950620461292.mockFlowFile,70B] contains 5 records; transferring to 'success'
[pool-1550-thread-1] INFO org.apache.nifi.processors.standard.ExecuteSQLRecord - ExecuteSQLRecord[id=1651102c-1634-4547-944f-01b7ad9e652f] FlowFile[155,98950620519562.mockFlowFile,70B] contains 5 records; transferring to 'success'
[pool-1550-thread-1] INFO org.apache.nifi.processors.standard.ExecuteSQLRecord - ExecuteSQLRecord[id=1651102c-1634-4547-944f-01b7ad9e652f] FlowFile[156,98950620579079.mockFlowFile,70B] contains 5 records; transferring to 'success'
[pool-1550-thread-1] INFO org.apache.nifi.processors.standard.ExecuteSQLRecord - ExecuteSQLRecord[id=1651102c-1634-4547-944f-01b7ad9e652f] FlowFile[157,98950620643837.mockFlowFile,70B] contains 5 records; transferring to 'success'
[pool-1550-thread-1] INFO org.apache.nifi.processors.standard.ExecuteSQLRecord - ExecuteSQLRecord[id=1651102c-1634-4547-944f-01b7ad9e652f] FlowFile[158,98950620752377.mockFlowFile,70B] contains 5 records; transferring to 'success'
[pool-1550-thread-1] INFO org.apache.nifi.processors.standard.ExecuteSQLRecord - ExecuteSQLRecord[id=1651102c-1634-4547-944f-01b7ad9e652f] FlowFile[159,98950620813522.mockFlowFile,70B] contains 5 records; transferring to 'success'
[pool-1550-thread-1] INFO org.apache.nifi.processors.standard.ExecuteSQLRecord - ExecuteSQLRecord[id=1651102c-1634-4547-944f-01b7ad9e652f] FlowFile[160,98950620892399.mockFlowFile,70B] contains 5 records; transferring to 'success'
[pool-1550-thread-1] INFO org.apache.nifi.processors.standard.ExecuteSQLRecord - ExecuteSQLRecord[id=1651102c-1634-4547-944f-01b7ad9e652f] FlowFile[161,98950620949889.mockFlowFile,70B] contains 5 records; transferring to 'success'
[pool-1550-thread-1] INFO org.apache.nifi.processors.standard.ExecuteSQLRecord - ExecuteSQLRecord[id=1651102c-1634-4547-944f-01b7ad9e652f] FlowFile[162,98950621001717.mockFlowFile,70B] contains 5 records; transferring to 'success'
[pool-1550-thread-1] INFO org.apache.nifi.processors.standard.ExecuteSQLRecord - ExecuteSQLRecord[id=1651102c-1634-4547-944f-01b7ad9e652f] FlowFile[163,98950621056260.mockFlowFile,70B] contains 5 records; transferring to 'success'
[pool-1550-thread-1] INFO org.apache.nifi.processors.standard.ExecuteSQLRecord - ExecuteSQLRecord[id=1651102c-1634-4547-944f-01b7ad9e652f] FlowFile[164,98950621118262.mockFlowFile,70B] contains 5 records; transferring to 'success'
[pool-1550-thread-1] INFO org.apache.nifi.processors.standard.ExecuteSQLRecord - ExecuteSQLRecord[id=1651102c-1634-4547-944f-01b7ad9e652f] FlowFile[165,98950621171398.mockFlowFile,70B] contains 5 records; transferring to 'success'
[pool-1550-thread-1] INFO org.apache.nifi.processors.standard.ExecuteSQLRecord - ExecuteSQLRecord[id=1651102c-1634-4547-944f-01b7ad9e652f] FlowFile[166,98950621227417.mockFlowFile,70B] contains 5 records; transferring to 'success'
[pool-1550-thread-1] INFO org.apache.nifi.processors.standard.ExecuteSQLRecord - ExecuteSQLRecord[id=1651102c-1634-4547-944f-01b7ad9e652f] FlowFile[167,98950621289298.mockFlowFile,70B] contains 5 records; transferring to 'success'
[pool-1550-thread-1] INFO org.apache.nifi.processors.standard.ExecuteSQLRecord - ExecuteSQLRecord[id=1651102c-1634-4547-944f-01b7ad9e652f] FlowFile[168,98950621340886.mockFlowFile,70B] contains 5 records; transferring to 'success'
[pool-1550-thread-1] INFO org.apache.nifi.processors.standard.ExecuteSQLRecord - ExecuteSQLRecord[id=1651102c-1634-4547-944f-01b7ad9e652f] FlowFile[169,98950621394577.mockFlowFile,70B] contains 5 records; transferring to 'success'
[pool-1550-thread-1] INFO org.apache.nifi.processors.standard.ExecuteSQLRecord - ExecuteSQLRecord[id=1651102c-1634-4547-944f-01b7ad9e652f] FlowFile[170,98950621458765.mockFlowFile,70B] contains 5 records; transferring to 'success'
[pool-1550-thread-1] INFO org.apache.nifi.processors.standard.ExecuteSQLRecord - ExecuteSQLRecord[id=1651102c-1634-4547-944f-01b7ad9e652f] FlowFile[171,98950621515297.mockFlowFile,70B] contains 5 records; transferring to 'success'
[pool-1550-thread-1] INFO org.apache.nifi.processors.standard.ExecuteSQLRecord - ExecuteSQLRecord[id=1651102c-1634-4547-944f-01b7ad9e652f] FlowFile[172,98950621571692.mockFlowFile,70B] contains 5 records; transferring to 'success'
[pool-1550-thread-1] INFO org.apache.nifi.processors.standard.ExecuteSQLRecord - ExecuteSQLRecord[id=1651102c-1634-4547-944f-01b7ad9e652f] FlowFile[173,98950621727244.mockFlowFile,70B] contains 5 records; transferring to 'success'
[pool-1550-thread-1] INFO org.apache.nifi.processors.standard.ExecuteSQLRecord - ExecuteSQLRecord[id=1651102c-1634-4547-944f-01b7ad9e652f] FlowFile[174,98950621785649.mockFlowFile,70B] contains 5 records; transferring to 'success'
[pool-1550-thread-1] INFO org.apache.nifi.processors.standard.ExecuteSQLRecord - ExecuteSQLRecord[id=1651102c-1634-4547-944f-01b7ad9e652f] FlowFile[175,98950621891139.mockFlowFile,70B] contains 5 records; transferring to 'success'
[pool-1550-thread-1] INFO org.apache.nifi.processors.standard.ExecuteSQLRecord - ExecuteSQLRecord[id=1651102c-1634-4547-944f-01b7ad9e652f] FlowFile[176,98950622095927.mockFlowFile,70B] contains 5 records; transferring to 'success'
[pool-1550-thread-1] INFO org.apache.nifi.processors.standard.ExecuteSQLRecord - ExecuteSQLRecord[id=1651102c-1634-4547-944f-01b7ad9e652f] FlowFile[177,98950622187875.mockFlowFile,70B] contains 5 records; transferring to 'success'
[pool-1550-thread-1] INFO org.apache.nifi.processors.standard.ExecuteSQLRecord - ExecuteSQLRecord[id=1651102c-1634-4547-944f-01b7ad9e652f] FlowFile[178,98950622250813.mockFlowFile,70B] contains 5 records; transferring to 'success'
[pool-1550-thread-1] INFO org.apache.nifi.processors.standard.ExecuteSQLRecord - ExecuteSQLRecord[id=1651102c-1634-4547-944f-01b7ad9e652f] FlowFile[179,98950622309166.mockFlowFile,70B] contains 5 records; transferring to 'success'
[pool-1550-thread-1] INFO org.apache.nifi.processors.standard.ExecuteSQLRecord - ExecuteSQLRecord[id=1651102c-1634-4547-944f-01b7ad9e652f] FlowFile[180,98950622377257.mockFlowFile,70B] contains 5 records; transferring to 'success'
[pool-1550-thread-1] INFO org.apache.nifi.processors.standard.ExecuteSQLRecord - ExecuteSQLRecord[id=1651102c-1634-4547-944f-01b7ad9e652f] FlowFile[181,98950622448302.mockFlowFile,70B] contains 5 records; transferring to 'success'
[pool-1550-thread-1] INFO org.apache.nifi.processors.standard.ExecuteSQLRecord - ExecuteSQLRecord[id=1651102c-1634-4547-944f-01b7ad9e652f] FlowFile[182,98950622518282.mockFlowFile,70B] contains 5 records; transferring to 'success'
[pool-1550-thread-1] INFO org.apache.nifi.processors.standard.ExecuteSQLRecord - ExecuteSQLRecord[id=1651102c-1634-4547-944f-01b7ad9e652f] FlowFile[183,98950622586137.mockFlowFile,70B] contains 5 records; transferring to 'success'
[pool-1550-thread-1] INFO org.apache.nifi.processors.standard.ExecuteSQLRecord - ExecuteSQLRecord[id=1651102c-1634-4547-944f-01b7ad9e652f] FlowFile[184,98950622639491.mockFlowFile,70B] contains 5 records; transferring to 'success'
[pool-1550-thread-1] INFO org.apache.nifi.processors.standard.ExecuteSQLRecord - ExecuteSQLRecord[id=1651102c-1634-4547-944f-01b7ad9e652f] FlowFile[185,98950622696307.mockFlowFile,70B] contains 5 records; transferring to 'success'
[pool-1550-thread-1] INFO org.apache.nifi.processors.standard.ExecuteSQLRecord - ExecuteSQLRecord[id=1651102c-1634-4547-944f-01b7ad9e652f] FlowFile[186,98950622761777.mockFlowFile,70B] contains 5 records; transferring to 'success'
[pool-1550-thread-1] INFO org.apache.nifi.processors.standard.ExecuteSQLRecord - ExecuteSQLRecord[id=1651102c-1634-4547-944f-01b7ad9e652f] FlowFile[187,98950622822166.mockFlowFile,70B] contains 5 records; transferring to 'success'
[pool-1550-thread-1] INFO org.apache.nifi.processors.standard.ExecuteSQLRecord - ExecuteSQLRecord[id=1651102c-1634-4547-944f-01b7ad9e652f] FlowFile[188,98950622878133.mockFlowFile,70B] contains 5 records; transferring to 'success'
[pool-1550-thread-1] INFO org.apache.nifi.processors.standard.ExecuteSQLRecord - ExecuteSQLRecord[id=1651102c-1634-4547-944f-01b7ad9e652f] FlowFile[189,98950622941232.mockFlowFile,70B] contains 5 records; transferring to 'success'
[pool-1550-thread-1] INFO org.apache.nifi.processors.standard.ExecuteSQLRecord - ExecuteSQLRecord[id=1651102c-1634-4547-944f-01b7ad9e652f] FlowFile[190,98950622994759.mockFlowFile,70B] contains 5 records; transferring to 'success'
[pool-1550-thread-1] INFO org.apache.nifi.processors.standard.ExecuteSQLRecord - ExecuteSQLRecord[id=1651102c-1634-4547-944f-01b7ad9e652f] FlowFile[191,98950623048461.mockFlowFile,70B] contains 5 records; transferring to 'success'
[pool-1550-thread-1] INFO org.apache.nifi.processors.standard.ExecuteSQLRecord - ExecuteSQLRecord[id=1651102c-1634-4547-944f-01b7ad9e652f] FlowFile[192,98950623135215.mockFlowFile,70B] contains 5 records; transferring to 'success'
[pool-1550-thread-1] INFO org.apache.nifi.processors.standard.ExecuteSQLRecord - ExecuteSQLRecord[id=1651102c-1634-4547-944f-01b7ad9e652f] FlowFile[193,98950623241527.mockFlowFile,70B] contains 5 records; transferring to 'success'
[pool-1550-thread-1] INFO org.apache.nifi.processors.standard.ExecuteSQLRecord - ExecuteSQLRecord[id=1651102c-1634-4547-944f-01b7ad9e652f] FlowFile[194,98950623304033.mockFlowFile,70B] contains 5 records; transferring to 'success'
[pool-1550-thread-1] INFO org.apache.nifi.processors.standard.ExecuteSQLRecord - ExecuteSQLRecord[id=1651102c-1634-4547-944f-01b7ad9e652f] FlowFile[195,98950623359655.mockFlowFile,70B] contains 5 records; transferring to 'success'
[pool-1550-thread-1] INFO org.apache.nifi.processors.standard.ExecuteSQLRecord - ExecuteSQLRecord[id=1651102c-1634-4547-944f-01b7ad9e652f] FlowFile[196,98950623427591.mockFlowFile,70B] contains 5 records; transferring to 'success'
[pool-1550-thread-1] INFO org.apache.nifi.processors.standard.ExecuteSQLRecord - ExecuteSQLRecord[id=1651102c-1634-4547-944f-01b7ad9e652f] FlowFile[197,98950623485925.mockFlowFile,70B] contains 5 records; transferring to 'success'
[pool-1550-thread-1] INFO org.apache.nifi.processors.standard.ExecuteSQLRecord - ExecuteSQLRecord[id=1651102c-1634-4547-944f-01b7ad9e652f] FlowFile[198,98950623548080.mockFlowFile,70B] contains 5 records; transferring to 'success'
[pool-1550-thread-1] INFO org.apache.nifi.processors.standard.ExecuteSQLRecord - ExecuteSQLRecord[id=1651102c-1634-4547-944f-01b7ad9e652f] FlowFile[199,98950623611770.mockFlowFile,70B] contains 5 records; transferring to 'success'
]]></system-err>
  </testcase>
  <testcase name="testSelectQueryInFlowFile" classname="org.apache.nifi.processors.standard.TestExecuteSQLRecord" time="0.94">
    <system-out><![CDATA[JCFF G
I 
 CC
]]></system-out>
    <system-err><![CDATA[[main] INFO org.apache.nifi.processors.standard.TestExecuteSQLRecord - test data loaded
[pool-1551-thread-1] INFO org.apache.nifi.processors.standard.ExecuteSQLRecord - ExecuteSQLRecord[id=06ac848d-d4f2-413d-b3a6-924f87020e53] FlowFile[1,98951395120664.mockFlowFile,1658494B] contains 20000 records; transferring to 'success'
]]></system-err>
  </testcase>
  <testcase name="testWithOutputBatchingAndIncomingFlowFile" classname="org.apache.nifi.processors.standard.TestExecuteSQLRecord" time="1.813">
    <system-err><![CDATA[[pool-1552-thread-1] INFO org.apache.nifi.processors.standard.ExecuteSQLRecord - ExecuteSQLRecord[id=8321d206-b02a-45ed-9599-c0e6d94a3115] FlowFile[1,98953368639657.mockFlowFile,60B] contains 5 records; transferring to 'success'
[pool-1552-thread-1] INFO org.apache.nifi.processors.standard.ExecuteSQLRecord - ExecuteSQLRecord[id=8321d206-b02a-45ed-9599-c0e6d94a3115] FlowFile[2,98953368639657.mockFlowFile,60B] contains 5 records; transferring to 'success'
[pool-1552-thread-1] INFO org.apache.nifi.processors.standard.ExecuteSQLRecord - ExecuteSQLRecord[id=8321d206-b02a-45ed-9599-c0e6d94a3115] FlowFile[3,98953368639657.mockFlowFile,65B] contains 5 records; transferring to 'success'
[pool-1552-thread-1] INFO org.apache.nifi.processors.standard.ExecuteSQLRecord - ExecuteSQLRecord[id=8321d206-b02a-45ed-9599-c0e6d94a3115] FlowFile[4,98953368639657.mockFlowFile,65B] contains 5 records; transferring to 'success'
[pool-1552-thread-1] INFO org.apache.nifi.processors.standard.ExecuteSQLRecord - ExecuteSQLRecord[id=8321d206-b02a-45ed-9599-c0e6d94a3115] FlowFile[5,98953368639657.mockFlowFile,65B] contains 5 records; transferring to 'success'
[pool-1552-thread-1] INFO org.apache.nifi.processors.standard.ExecuteSQLRecord - ExecuteSQLRecord[id=8321d206-b02a-45ed-9599-c0e6d94a3115] FlowFile[6,98953368639657.mockFlowFile,65B] contains 5 records; transferring to 'success'
[pool-1552-thread-1] INFO org.apache.nifi.processors.standard.ExecuteSQLRecord - ExecuteSQLRecord[id=8321d206-b02a-45ed-9599-c0e6d94a3115] FlowFile[7,98953368639657.mockFlowFile,65B] contains 5 records; transferring to 'success'
[pool-1552-thread-1] INFO org.apache.nifi.processors.standard.ExecuteSQLRecord - ExecuteSQLRecord[id=8321d206-b02a-45ed-9599-c0e6d94a3115] FlowFile[8,98953368639657.mockFlowFile,65B] contains 5 records; transferring to 'success'
[pool-1552-thread-1] INFO org.apache.nifi.processors.standard.ExecuteSQLRecord - ExecuteSQLRecord[id=8321d206-b02a-45ed-9599-c0e6d94a3115] FlowFile[9,98953368639657.mockFlowFile,65B] contains 5 records; transferring to 'success'
[pool-1552-thread-1] INFO org.apache.nifi.processors.standard.ExecuteSQLRecord - ExecuteSQLRecord[id=8321d206-b02a-45ed-9599-c0e6d94a3115] FlowFile[10,98953368639657.mockFlowFile,65B] contains 5 records; transferring to 'success'
[pool-1552-thread-1] INFO org.apache.nifi.processors.standard.ExecuteSQLRecord - ExecuteSQLRecord[id=8321d206-b02a-45ed-9599-c0e6d94a3115] FlowFile[11,98953368639657.mockFlowFile,65B] contains 5 records; transferring to 'success'
[pool-1552-thread-1] INFO org.apache.nifi.processors.standard.ExecuteSQLRecord - ExecuteSQLRecord[id=8321d206-b02a-45ed-9599-c0e6d94a3115] FlowFile[12,98953368639657.mockFlowFile,65B] contains 5 records; transferring to 'success'
[pool-1552-thread-1] INFO org.apache.nifi.processors.standard.ExecuteSQLRecord - ExecuteSQLRecord[id=8321d206-b02a-45ed-9599-c0e6d94a3115] FlowFile[13,98953368639657.mockFlowFile,65B] contains 5 records; transferring to 'success'
[pool-1552-thread-1] INFO org.apache.nifi.processors.standard.ExecuteSQLRecord - ExecuteSQLRecord[id=8321d206-b02a-45ed-9599-c0e6d94a3115] FlowFile[14,98953368639657.mockFlowFile,65B] contains 5 records; transferring to 'success'
[pool-1552-thread-1] INFO org.apache.nifi.processors.standard.ExecuteSQLRecord - ExecuteSQLRecord[id=8321d206-b02a-45ed-9599-c0e6d94a3115] FlowFile[15,98953368639657.mockFlowFile,65B] contains 5 records; transferring to 'success'
[pool-1552-thread-1] INFO org.apache.nifi.processors.standard.ExecuteSQLRecord - ExecuteSQLRecord[id=8321d206-b02a-45ed-9599-c0e6d94a3115] FlowFile[16,98953368639657.mockFlowFile,65B] contains 5 records; transferring to 'success'
[pool-1552-thread-1] INFO org.apache.nifi.processors.standard.ExecuteSQLRecord - ExecuteSQLRecord[id=8321d206-b02a-45ed-9599-c0e6d94a3115] FlowFile[17,98953368639657.mockFlowFile,65B] contains 5 records; transferring to 'success'
[pool-1552-thread-1] INFO org.apache.nifi.processors.standard.ExecuteSQLRecord - ExecuteSQLRecord[id=8321d206-b02a-45ed-9599-c0e6d94a3115] FlowFile[18,98953368639657.mockFlowFile,65B] contains 5 records; transferring to 'success'
[pool-1552-thread-1] INFO org.apache.nifi.processors.standard.ExecuteSQLRecord - ExecuteSQLRecord[id=8321d206-b02a-45ed-9599-c0e6d94a3115] FlowFile[19,98953368639657.mockFlowFile,65B] contains 5 records; transferring to 'success'
[pool-1552-thread-1] INFO org.apache.nifi.processors.standard.ExecuteSQLRecord - ExecuteSQLRecord[id=8321d206-b02a-45ed-9599-c0e6d94a3115] FlowFile[20,98953368639657.mockFlowFile,65B] contains 5 records; transferring to 'success'
[pool-1552-thread-1] INFO org.apache.nifi.processors.standard.ExecuteSQLRecord - ExecuteSQLRecord[id=8321d206-b02a-45ed-9599-c0e6d94a3115] FlowFile[21,98953368639657.mockFlowFile,70B] contains 5 records; transferring to 'success'
[pool-1552-thread-1] INFO org.apache.nifi.processors.standard.ExecuteSQLRecord - ExecuteSQLRecord[id=8321d206-b02a-45ed-9599-c0e6d94a3115] FlowFile[22,98953368639657.mockFlowFile,70B] contains 5 records; transferring to 'success'
[pool-1552-thread-1] INFO org.apache.nifi.processors.standard.ExecuteSQLRecord - ExecuteSQLRecord[id=8321d206-b02a-45ed-9599-c0e6d94a3115] FlowFile[23,98953368639657.mockFlowFile,70B] contains 5 records; transferring to 'success'
[pool-1552-thread-1] INFO org.apache.nifi.processors.standard.ExecuteSQLRecord - ExecuteSQLRecord[id=8321d206-b02a-45ed-9599-c0e6d94a3115] FlowFile[24,98953368639657.mockFlowFile,70B] contains 5 records; transferring to 'success'
[pool-1552-thread-1] INFO org.apache.nifi.processors.standard.ExecuteSQLRecord - ExecuteSQLRecord[id=8321d206-b02a-45ed-9599-c0e6d94a3115] FlowFile[25,98953368639657.mockFlowFile,70B] contains 5 records; transferring to 'success'
[pool-1552-thread-1] INFO org.apache.nifi.processors.standard.ExecuteSQLRecord - ExecuteSQLRecord[id=8321d206-b02a-45ed-9599-c0e6d94a3115] FlowFile[26,98953368639657.mockFlowFile,70B] contains 5 records; transferring to 'success'
[pool-1552-thread-1] INFO org.apache.nifi.processors.standard.ExecuteSQLRecord - ExecuteSQLRecord[id=8321d206-b02a-45ed-9599-c0e6d94a3115] FlowFile[27,98953368639657.mockFlowFile,70B] contains 5 records; transferring to 'success'
[pool-1552-thread-1] INFO org.apache.nifi.processors.standard.ExecuteSQLRecord - ExecuteSQLRecord[id=8321d206-b02a-45ed-9599-c0e6d94a3115] FlowFile[28,98953368639657.mockFlowFile,70B] contains 5 records; transferring to 'success'
[pool-1552-thread-1] INFO org.apache.nifi.processors.standard.ExecuteSQLRecord - ExecuteSQLRecord[id=8321d206-b02a-45ed-9599-c0e6d94a3115] FlowFile[29,98953368639657.mockFlowFile,70B] contains 5 records; transferring to 'success'
[pool-1552-thread-1] INFO org.apache.nifi.processors.standard.ExecuteSQLRecord - ExecuteSQLRecord[id=8321d206-b02a-45ed-9599-c0e6d94a3115] FlowFile[30,98953368639657.mockFlowFile,70B] contains 5 records; transferring to 'success'
[pool-1552-thread-1] INFO org.apache.nifi.processors.standard.ExecuteSQLRecord - ExecuteSQLRecord[id=8321d206-b02a-45ed-9599-c0e6d94a3115] FlowFile[31,98953368639657.mockFlowFile,70B] contains 5 records; transferring to 'success'
[pool-1552-thread-1] INFO org.apache.nifi.processors.standard.ExecuteSQLRecord - ExecuteSQLRecord[id=8321d206-b02a-45ed-9599-c0e6d94a3115] FlowFile[32,98953368639657.mockFlowFile,70B] contains 5 records; transferring to 'success'
[pool-1552-thread-1] INFO org.apache.nifi.processors.standard.ExecuteSQLRecord - ExecuteSQLRecord[id=8321d206-b02a-45ed-9599-c0e6d94a3115] FlowFile[33,98953368639657.mockFlowFile,70B] contains 5 records; transferring to 'success'
[pool-1552-thread-1] INFO org.apache.nifi.processors.standard.ExecuteSQLRecord - ExecuteSQLRecord[id=8321d206-b02a-45ed-9599-c0e6d94a3115] FlowFile[34,98953368639657.mockFlowFile,70B] contains 5 records; transferring to 'success'
[pool-1552-thread-1] INFO org.apache.nifi.processors.standard.ExecuteSQLRecord - ExecuteSQLRecord[id=8321d206-b02a-45ed-9599-c0e6d94a3115] FlowFile[35,98953368639657.mockFlowFile,70B] contains 5 records; transferring to 'success'
[pool-1552-thread-1] INFO org.apache.nifi.processors.standard.ExecuteSQLRecord - ExecuteSQLRecord[id=8321d206-b02a-45ed-9599-c0e6d94a3115] FlowFile[36,98953368639657.mockFlowFile,70B] contains 5 records; transferring to 'success'
[pool-1552-thread-1] INFO org.apache.nifi.processors.standard.ExecuteSQLRecord - ExecuteSQLRecord[id=8321d206-b02a-45ed-9599-c0e6d94a3115] FlowFile[37,98953368639657.mockFlowFile,70B] contains 5 records; transferring to 'success'
[pool-1552-thread-1] INFO org.apache.nifi.processors.standard.ExecuteSQLRecord - ExecuteSQLRecord[id=8321d206-b02a-45ed-9599-c0e6d94a3115] FlowFile[38,98953368639657.mockFlowFile,70B] contains 5 records; transferring to 'success'
[pool-1552-thread-1] INFO org.apache.nifi.processors.standard.ExecuteSQLRecord - ExecuteSQLRecord[id=8321d206-b02a-45ed-9599-c0e6d94a3115] FlowFile[39,98953368639657.mockFlowFile,70B] contains 5 records; transferring to 'success'
[pool-1552-thread-1] INFO org.apache.nifi.processors.standard.ExecuteSQLRecord - ExecuteSQLRecord[id=8321d206-b02a-45ed-9599-c0e6d94a3115] FlowFile[40,98953368639657.mockFlowFile,70B] contains 5 records; transferring to 'success'
[pool-1552-thread-1] INFO org.apache.nifi.processors.standard.ExecuteSQLRecord - ExecuteSQLRecord[id=8321d206-b02a-45ed-9599-c0e6d94a3115] FlowFile[41,98953368639657.mockFlowFile,70B] contains 5 records; transferring to 'success'
[pool-1552-thread-1] INFO org.apache.nifi.processors.standard.ExecuteSQLRecord - ExecuteSQLRecord[id=8321d206-b02a-45ed-9599-c0e6d94a3115] FlowFile[42,98953368639657.mockFlowFile,70B] contains 5 records; transferring to 'success'
[pool-1552-thread-1] INFO org.apache.nifi.processors.standard.ExecuteSQLRecord - ExecuteSQLRecord[id=8321d206-b02a-45ed-9599-c0e6d94a3115] FlowFile[43,98953368639657.mockFlowFile,70B] contains 5 records; transferring to 'success'
[pool-1552-thread-1] INFO org.apache.nifi.processors.standard.ExecuteSQLRecord - ExecuteSQLRecord[id=8321d206-b02a-45ed-9599-c0e6d94a3115] FlowFile[44,98953368639657.mockFlowFile,70B] contains 5 records; transferring to 'success'
[pool-1552-thread-1] INFO org.apache.nifi.processors.standard.ExecuteSQLRecord - ExecuteSQLRecord[id=8321d206-b02a-45ed-9599-c0e6d94a3115] FlowFile[45,98953368639657.mockFlowFile,70B] contains 5 records; transferring to 'success'
[pool-1552-thread-1] INFO org.apache.nifi.processors.standard.ExecuteSQLRecord - ExecuteSQLRecord[id=8321d206-b02a-45ed-9599-c0e6d94a3115] FlowFile[46,98953368639657.mockFlowFile,70B] contains 5 records; transferring to 'success'
[pool-1552-thread-1] INFO org.apache.nifi.processors.standard.ExecuteSQLRecord - ExecuteSQLRecord[id=8321d206-b02a-45ed-9599-c0e6d94a3115] FlowFile[47,98953368639657.mockFlowFile,70B] contains 5 records; transferring to 'success'
[pool-1552-thread-1] INFO org.apache.nifi.processors.standard.ExecuteSQLRecord - ExecuteSQLRecord[id=8321d206-b02a-45ed-9599-c0e6d94a3115] FlowFile[48,98953368639657.mockFlowFile,70B] contains 5 records; transferring to 'success'
[pool-1552-thread-1] INFO org.apache.nifi.processors.standard.ExecuteSQLRecord - ExecuteSQLRecord[id=8321d206-b02a-45ed-9599-c0e6d94a3115] FlowFile[49,98953368639657.mockFlowFile,70B] contains 5 records; transferring to 'success'
[pool-1552-thread-1] INFO org.apache.nifi.processors.standard.ExecuteSQLRecord - ExecuteSQLRecord[id=8321d206-b02a-45ed-9599-c0e6d94a3115] FlowFile[50,98953368639657.mockFlowFile,70B] contains 5 records; transferring to 'success'
[pool-1552-thread-1] INFO org.apache.nifi.processors.standard.ExecuteSQLRecord - ExecuteSQLRecord[id=8321d206-b02a-45ed-9599-c0e6d94a3115] FlowFile[51,98953368639657.mockFlowFile,70B] contains 5 records; transferring to 'success'
[pool-1552-thread-1] INFO org.apache.nifi.processors.standard.ExecuteSQLRecord - ExecuteSQLRecord[id=8321d206-b02a-45ed-9599-c0e6d94a3115] FlowFile[52,98953368639657.mockFlowFile,70B] contains 5 records; transferring to 'success'
[pool-1552-thread-1] INFO org.apache.nifi.processors.standard.ExecuteSQLRecord - ExecuteSQLRecord[id=8321d206-b02a-45ed-9599-c0e6d94a3115] FlowFile[53,98953368639657.mockFlowFile,70B] contains 5 records; transferring to 'success'
[pool-1552-thread-1] INFO org.apache.nifi.processors.standard.ExecuteSQLRecord - ExecuteSQLRecord[id=8321d206-b02a-45ed-9599-c0e6d94a3115] FlowFile[54,98953368639657.mockFlowFile,70B] contains 5 records; transferring to 'success'
[pool-1552-thread-1] INFO org.apache.nifi.processors.standard.ExecuteSQLRecord - ExecuteSQLRecord[id=8321d206-b02a-45ed-9599-c0e6d94a3115] FlowFile[55,98953368639657.mockFlowFile,70B] contains 5 records; transferring to 'success'
[pool-1552-thread-1] INFO org.apache.nifi.processors.standard.ExecuteSQLRecord - ExecuteSQLRecord[id=8321d206-b02a-45ed-9599-c0e6d94a3115] FlowFile[56,98953368639657.mockFlowFile,70B] contains 5 records; transferring to 'success'
[pool-1552-thread-1] INFO org.apache.nifi.processors.standard.ExecuteSQLRecord - ExecuteSQLRecord[id=8321d206-b02a-45ed-9599-c0e6d94a3115] FlowFile[57,98953368639657.mockFlowFile,70B] contains 5 records; transferring to 'success'
[pool-1552-thread-1] INFO org.apache.nifi.processors.standard.ExecuteSQLRecord - ExecuteSQLRecord[id=8321d206-b02a-45ed-9599-c0e6d94a3115] FlowFile[58,98953368639657.mockFlowFile,70B] contains 5 records; transferring to 'success'
[pool-1552-thread-1] INFO org.apache.nifi.processors.standard.ExecuteSQLRecord - ExecuteSQLRecord[id=8321d206-b02a-45ed-9599-c0e6d94a3115] FlowFile[59,98953368639657.mockFlowFile,70B] contains 5 records; transferring to 'success'
[pool-1552-thread-1] INFO org.apache.nifi.processors.standard.ExecuteSQLRecord - ExecuteSQLRecord[id=8321d206-b02a-45ed-9599-c0e6d94a3115] FlowFile[60,98953368639657.mockFlowFile,70B] contains 5 records; transferring to 'success'
[pool-1552-thread-1] INFO org.apache.nifi.processors.standard.ExecuteSQLRecord - ExecuteSQLRecord[id=8321d206-b02a-45ed-9599-c0e6d94a3115] FlowFile[61,98953368639657.mockFlowFile,70B] contains 5 records; transferring to 'success'
[pool-1552-thread-1] INFO org.apache.nifi.processors.standard.ExecuteSQLRecord - ExecuteSQLRecord[id=8321d206-b02a-45ed-9599-c0e6d94a3115] FlowFile[62,98953368639657.mockFlowFile,70B] contains 5 records; transferring to 'success'
[pool-1552-thread-1] INFO org.apache.nifi.processors.standard.ExecuteSQLRecord - ExecuteSQLRecord[id=8321d206-b02a-45ed-9599-c0e6d94a3115] FlowFile[63,98953368639657.mockFlowFile,70B] contains 5 records; transferring to 'success'
[pool-1552-thread-1] INFO org.apache.nifi.processors.standard.ExecuteSQLRecord - ExecuteSQLRecord[id=8321d206-b02a-45ed-9599-c0e6d94a3115] FlowFile[64,98953368639657.mockFlowFile,70B] contains 5 records; transferring to 'success'
[pool-1552-thread-1] INFO org.apache.nifi.processors.standard.ExecuteSQLRecord - ExecuteSQLRecord[id=8321d206-b02a-45ed-9599-c0e6d94a3115] FlowFile[65,98953368639657.mockFlowFile,70B] contains 5 records; transferring to 'success'
[pool-1552-thread-1] INFO org.apache.nifi.processors.standard.ExecuteSQLRecord - ExecuteSQLRecord[id=8321d206-b02a-45ed-9599-c0e6d94a3115] FlowFile[66,98953368639657.mockFlowFile,70B] contains 5 records; transferring to 'success'
[pool-1552-thread-1] INFO org.apache.nifi.processors.standard.ExecuteSQLRecord - ExecuteSQLRecord[id=8321d206-b02a-45ed-9599-c0e6d94a3115] FlowFile[67,98953368639657.mockFlowFile,70B] contains 5 records; transferring to 'success'
[pool-1552-thread-1] INFO org.apache.nifi.processors.standard.ExecuteSQLRecord - ExecuteSQLRecord[id=8321d206-b02a-45ed-9599-c0e6d94a3115] FlowFile[68,98953368639657.mockFlowFile,70B] contains 5 records; transferring to 'success'
[pool-1552-thread-1] INFO org.apache.nifi.processors.standard.ExecuteSQLRecord - ExecuteSQLRecord[id=8321d206-b02a-45ed-9599-c0e6d94a3115] FlowFile[69,98953368639657.mockFlowFile,70B] contains 5 records; transferring to 'success'
[pool-1552-thread-1] INFO org.apache.nifi.processors.standard.ExecuteSQLRecord - ExecuteSQLRecord[id=8321d206-b02a-45ed-9599-c0e6d94a3115] FlowFile[70,98953368639657.mockFlowFile,70B] contains 5 records; transferring to 'success'
[pool-1552-thread-1] INFO org.apache.nifi.processors.standard.ExecuteSQLRecord - ExecuteSQLRecord[id=8321d206-b02a-45ed-9599-c0e6d94a3115] FlowFile[71,98953368639657.mockFlowFile,70B] contains 5 records; transferring to 'success'
[pool-1552-thread-1] INFO org.apache.nifi.processors.standard.ExecuteSQLRecord - ExecuteSQLRecord[id=8321d206-b02a-45ed-9599-c0e6d94a3115] FlowFile[72,98953368639657.mockFlowFile,70B] contains 5 records; transferring to 'success'
[pool-1552-thread-1] INFO org.apache.nifi.processors.standard.ExecuteSQLRecord - ExecuteSQLRecord[id=8321d206-b02a-45ed-9599-c0e6d94a3115] FlowFile[73,98953368639657.mockFlowFile,70B] contains 5 records; transferring to 'success'
[pool-1552-thread-1] INFO org.apache.nifi.processors.standard.ExecuteSQLRecord - ExecuteSQLRecord[id=8321d206-b02a-45ed-9599-c0e6d94a3115] FlowFile[74,98953368639657.mockFlowFile,70B] contains 5 records; transferring to 'success'
[pool-1552-thread-1] INFO org.apache.nifi.processors.standard.ExecuteSQLRecord - ExecuteSQLRecord[id=8321d206-b02a-45ed-9599-c0e6d94a3115] FlowFile[75,98953368639657.mockFlowFile,70B] contains 5 records; transferring to 'success'
[pool-1552-thread-1] INFO org.apache.nifi.processors.standard.ExecuteSQLRecord - ExecuteSQLRecord[id=8321d206-b02a-45ed-9599-c0e6d94a3115] FlowFile[76,98953368639657.mockFlowFile,70B] contains 5 records; transferring to 'success'
[pool-1552-thread-1] INFO org.apache.nifi.processors.standard.ExecuteSQLRecord - ExecuteSQLRecord[id=8321d206-b02a-45ed-9599-c0e6d94a3115] FlowFile[77,98953368639657.mockFlowFile,70B] contains 5 records; transferring to 'success'
[pool-1552-thread-1] INFO org.apache.nifi.processors.standard.ExecuteSQLRecord - ExecuteSQLRecord[id=8321d206-b02a-45ed-9599-c0e6d94a3115] FlowFile[78,98953368639657.mockFlowFile,70B] contains 5 records; transferring to 'success'
[pool-1552-thread-1] INFO org.apache.nifi.processors.standard.ExecuteSQLRecord - ExecuteSQLRecord[id=8321d206-b02a-45ed-9599-c0e6d94a3115] FlowFile[79,98953368639657.mockFlowFile,70B] contains 5 records; transferring to 'success'
[pool-1552-thread-1] INFO org.apache.nifi.processors.standard.ExecuteSQLRecord - ExecuteSQLRecord[id=8321d206-b02a-45ed-9599-c0e6d94a3115] FlowFile[80,98953368639657.mockFlowFile,70B] contains 5 records; transferring to 'success'
[pool-1552-thread-1] INFO org.apache.nifi.processors.standard.ExecuteSQLRecord - ExecuteSQLRecord[id=8321d206-b02a-45ed-9599-c0e6d94a3115] FlowFile[81,98953368639657.mockFlowFile,70B] contains 5 records; transferring to 'success'
[pool-1552-thread-1] INFO org.apache.nifi.processors.standard.ExecuteSQLRecord - ExecuteSQLRecord[id=8321d206-b02a-45ed-9599-c0e6d94a3115] FlowFile[82,98953368639657.mockFlowFile,70B] contains 5 records; transferring to 'success'
[pool-1552-thread-1] INFO org.apache.nifi.processors.standard.ExecuteSQLRecord - ExecuteSQLRecord[id=8321d206-b02a-45ed-9599-c0e6d94a3115] FlowFile[83,98953368639657.mockFlowFile,70B] contains 5 records; transferring to 'success'
[pool-1552-thread-1] INFO org.apache.nifi.processors.standard.ExecuteSQLRecord - ExecuteSQLRecord[id=8321d206-b02a-45ed-9599-c0e6d94a3115] FlowFile[84,98953368639657.mockFlowFile,70B] contains 5 records; transferring to 'success'
[pool-1552-thread-1] INFO org.apache.nifi.processors.standard.ExecuteSQLRecord - ExecuteSQLRecord[id=8321d206-b02a-45ed-9599-c0e6d94a3115] FlowFile[85,98953368639657.mockFlowFile,70B] contains 5 records; transferring to 'success'
[pool-1552-thread-1] INFO org.apache.nifi.processors.standard.ExecuteSQLRecord - ExecuteSQLRecord[id=8321d206-b02a-45ed-9599-c0e6d94a3115] FlowFile[86,98953368639657.mockFlowFile,70B] contains 5 records; transferring to 'success'
[pool-1552-thread-1] INFO org.apache.nifi.processors.standard.ExecuteSQLRecord - ExecuteSQLRecord[id=8321d206-b02a-45ed-9599-c0e6d94a3115] FlowFile[87,98953368639657.mockFlowFile,70B] contains 5 records; transferring to 'success'
[pool-1552-thread-1] INFO org.apache.nifi.processors.standard.ExecuteSQLRecord - ExecuteSQLRecord[id=8321d206-b02a-45ed-9599-c0e6d94a3115] FlowFile[88,98953368639657.mockFlowFile,70B] contains 5 records; transferring to 'success'
[pool-1552-thread-1] INFO org.apache.nifi.processors.standard.ExecuteSQLRecord - ExecuteSQLRecord[id=8321d206-b02a-45ed-9599-c0e6d94a3115] FlowFile[89,98953368639657.mockFlowFile,70B] contains 5 records; transferring to 'success'
[pool-1552-thread-1] INFO org.apache.nifi.processors.standard.ExecuteSQLRecord - ExecuteSQLRecord[id=8321d206-b02a-45ed-9599-c0e6d94a3115] FlowFile[90,98953368639657.mockFlowFile,70B] contains 5 records; transferring to 'success'
[pool-1552-thread-1] INFO org.apache.nifi.processors.standard.ExecuteSQLRecord - ExecuteSQLRecord[id=8321d206-b02a-45ed-9599-c0e6d94a3115] FlowFile[91,98953368639657.mockFlowFile,70B] contains 5 records; transferring to 'success'
[pool-1552-thread-1] INFO org.apache.nifi.processors.standard.ExecuteSQLRecord - ExecuteSQLRecord[id=8321d206-b02a-45ed-9599-c0e6d94a3115] FlowFile[92,98953368639657.mockFlowFile,70B] contains 5 records; transferring to 'success'
[pool-1552-thread-1] INFO org.apache.nifi.processors.standard.ExecuteSQLRecord - ExecuteSQLRecord[id=8321d206-b02a-45ed-9599-c0e6d94a3115] FlowFile[93,98953368639657.mockFlowFile,70B] contains 5 records; transferring to 'success'
[pool-1552-thread-1] INFO org.apache.nifi.processors.standard.ExecuteSQLRecord - ExecuteSQLRecord[id=8321d206-b02a-45ed-9599-c0e6d94a3115] FlowFile[94,98953368639657.mockFlowFile,70B] contains 5 records; transferring to 'success'
[pool-1552-thread-1] INFO org.apache.nifi.processors.standard.ExecuteSQLRecord - ExecuteSQLRecord[id=8321d206-b02a-45ed-9599-c0e6d94a3115] FlowFile[95,98953368639657.mockFlowFile,70B] contains 5 records; transferring to 'success'
[pool-1552-thread-1] INFO org.apache.nifi.processors.standard.ExecuteSQLRecord - ExecuteSQLRecord[id=8321d206-b02a-45ed-9599-c0e6d94a3115] FlowFile[96,98953368639657.mockFlowFile,70B] contains 5 records; transferring to 'success'
[pool-1552-thread-1] INFO org.apache.nifi.processors.standard.ExecuteSQLRecord - ExecuteSQLRecord[id=8321d206-b02a-45ed-9599-c0e6d94a3115] FlowFile[97,98953368639657.mockFlowFile,70B] contains 5 records; transferring to 'success'
[pool-1552-thread-1] INFO org.apache.nifi.processors.standard.ExecuteSQLRecord - ExecuteSQLRecord[id=8321d206-b02a-45ed-9599-c0e6d94a3115] FlowFile[98,98953368639657.mockFlowFile,70B] contains 5 records; transferring to 'success'
[pool-1552-thread-1] INFO org.apache.nifi.processors.standard.ExecuteSQLRecord - ExecuteSQLRecord[id=8321d206-b02a-45ed-9599-c0e6d94a3115] FlowFile[99,98953368639657.mockFlowFile,70B] contains 5 records; transferring to 'success'
[pool-1552-thread-1] INFO org.apache.nifi.processors.standard.ExecuteSQLRecord - ExecuteSQLRecord[id=8321d206-b02a-45ed-9599-c0e6d94a3115] FlowFile[100,98953368639657.mockFlowFile,70B] contains 5 records; transferring to 'success'
[pool-1552-thread-1] INFO org.apache.nifi.processors.standard.ExecuteSQLRecord - ExecuteSQLRecord[id=8321d206-b02a-45ed-9599-c0e6d94a3115] FlowFile[101,98953368639657.mockFlowFile,70B] contains 5 records; transferring to 'success'
[pool-1552-thread-1] INFO org.apache.nifi.processors.standard.ExecuteSQLRecord - ExecuteSQLRecord[id=8321d206-b02a-45ed-9599-c0e6d94a3115] FlowFile[102,98953368639657.mockFlowFile,70B] contains 5 records; transferring to 'success'
[pool-1552-thread-1] INFO org.apache.nifi.processors.standard.ExecuteSQLRecord - ExecuteSQLRecord[id=8321d206-b02a-45ed-9599-c0e6d94a3115] FlowFile[103,98953368639657.mockFlowFile,70B] contains 5 records; transferring to 'success'
[pool-1552-thread-1] INFO org.apache.nifi.processors.standard.ExecuteSQLRecord - ExecuteSQLRecord[id=8321d206-b02a-45ed-9599-c0e6d94a3115] FlowFile[104,98953368639657.mockFlowFile,70B] contains 5 records; transferring to 'success'
[pool-1552-thread-1] INFO org.apache.nifi.processors.standard.ExecuteSQLRecord - ExecuteSQLRecord[id=8321d206-b02a-45ed-9599-c0e6d94a3115] FlowFile[105,98953368639657.mockFlowFile,70B] contains 5 records; transferring to 'success'
[pool-1552-thread-1] INFO org.apache.nifi.processors.standard.ExecuteSQLRecord - ExecuteSQLRecord[id=8321d206-b02a-45ed-9599-c0e6d94a3115] FlowFile[106,98953368639657.mockFlowFile,70B] contains 5 records; transferring to 'success'
[pool-1552-thread-1] INFO org.apache.nifi.processors.standard.ExecuteSQLRecord - ExecuteSQLRecord[id=8321d206-b02a-45ed-9599-c0e6d94a3115] FlowFile[107,98953368639657.mockFlowFile,70B] contains 5 records; transferring to 'success'
[pool-1552-thread-1] INFO org.apache.nifi.processors.standard.ExecuteSQLRecord - ExecuteSQLRecord[id=8321d206-b02a-45ed-9599-c0e6d94a3115] FlowFile[108,98953368639657.mockFlowFile,70B] contains 5 records; transferring to 'success'
[pool-1552-thread-1] INFO org.apache.nifi.processors.standard.ExecuteSQLRecord - ExecuteSQLRecord[id=8321d206-b02a-45ed-9599-c0e6d94a3115] FlowFile[109,98953368639657.mockFlowFile,70B] contains 5 records; transferring to 'success'
[pool-1552-thread-1] INFO org.apache.nifi.processors.standard.ExecuteSQLRecord - ExecuteSQLRecord[id=8321d206-b02a-45ed-9599-c0e6d94a3115] FlowFile[110,98953368639657.mockFlowFile,70B] contains 5 records; transferring to 'success'
[pool-1552-thread-1] INFO org.apache.nifi.processors.standard.ExecuteSQLRecord - ExecuteSQLRecord[id=8321d206-b02a-45ed-9599-c0e6d94a3115] FlowFile[111,98953368639657.mockFlowFile,70B] contains 5 records; transferring to 'success'
[pool-1552-thread-1] INFO org.apache.nifi.processors.standard.ExecuteSQLRecord - ExecuteSQLRecord[id=8321d206-b02a-45ed-9599-c0e6d94a3115] FlowFile[112,98953368639657.mockFlowFile,70B] contains 5 records; transferring to 'success'
[pool-1552-thread-1] INFO org.apache.nifi.processors.standard.ExecuteSQLRecord - ExecuteSQLRecord[id=8321d206-b02a-45ed-9599-c0e6d94a3115] FlowFile[113,98953368639657.mockFlowFile,70B] contains 5 records; transferring to 'success'
[pool-1552-thread-1] INFO org.apache.nifi.processors.standard.ExecuteSQLRecord - ExecuteSQLRecord[id=8321d206-b02a-45ed-9599-c0e6d94a3115] FlowFile[114,98953368639657.mockFlowFile,70B] contains 5 records; transferring to 'success'
[pool-1552-thread-1] INFO org.apache.nifi.processors.standard.ExecuteSQLRecord - ExecuteSQLRecord[id=8321d206-b02a-45ed-9599-c0e6d94a3115] FlowFile[115,98953368639657.mockFlowFile,70B] contains 5 records; transferring to 'success'
[pool-1552-thread-1] INFO org.apache.nifi.processors.standard.ExecuteSQLRecord - ExecuteSQLRecord[id=8321d206-b02a-45ed-9599-c0e6d94a3115] FlowFile[116,98953368639657.mockFlowFile,70B] contains 5 records; transferring to 'success'
[pool-1552-thread-1] INFO org.apache.nifi.processors.standard.ExecuteSQLRecord - ExecuteSQLRecord[id=8321d206-b02a-45ed-9599-c0e6d94a3115] FlowFile[117,98953368639657.mockFlowFile,70B] contains 5 records; transferring to 'success'
[pool-1552-thread-1] INFO org.apache.nifi.processors.standard.ExecuteSQLRecord - ExecuteSQLRecord[id=8321d206-b02a-45ed-9599-c0e6d94a3115] FlowFile[118,98953368639657.mockFlowFile,70B] contains 5 records; transferring to 'success'
[pool-1552-thread-1] INFO org.apache.nifi.processors.standard.ExecuteSQLRecord - ExecuteSQLRecord[id=8321d206-b02a-45ed-9599-c0e6d94a3115] FlowFile[119,98953368639657.mockFlowFile,70B] contains 5 records; transferring to 'success'
[pool-1552-thread-1] INFO org.apache.nifi.processors.standard.ExecuteSQLRecord - ExecuteSQLRecord[id=8321d206-b02a-45ed-9599-c0e6d94a3115] FlowFile[120,98953368639657.mockFlowFile,70B] contains 5 records; transferring to 'success'
[pool-1552-thread-1] INFO org.apache.nifi.processors.standard.ExecuteSQLRecord - ExecuteSQLRecord[id=8321d206-b02a-45ed-9599-c0e6d94a3115] FlowFile[121,98953368639657.mockFlowFile,70B] contains 5 records; transferring to 'success'
[pool-1552-thread-1] INFO org.apache.nifi.processors.standard.ExecuteSQLRecord - ExecuteSQLRecord[id=8321d206-b02a-45ed-9599-c0e6d94a3115] FlowFile[122,98953368639657.mockFlowFile,70B] contains 5 records; transferring to 'success'
[pool-1552-thread-1] INFO org.apache.nifi.processors.standard.ExecuteSQLRecord - ExecuteSQLRecord[id=8321d206-b02a-45ed-9599-c0e6d94a3115] FlowFile[123,98953368639657.mockFlowFile,70B] contains 5 records; transferring to 'success'
[pool-1552-thread-1] INFO org.apache.nifi.processors.standard.ExecuteSQLRecord - ExecuteSQLRecord[id=8321d206-b02a-45ed-9599-c0e6d94a3115] FlowFile[124,98953368639657.mockFlowFile,70B] contains 5 records; transferring to 'success'
[pool-1552-thread-1] INFO org.apache.nifi.processors.standard.ExecuteSQLRecord - ExecuteSQLRecord[id=8321d206-b02a-45ed-9599-c0e6d94a3115] FlowFile[125,98953368639657.mockFlowFile,70B] contains 5 records; transferring to 'success'
[pool-1552-thread-1] INFO org.apache.nifi.processors.standard.ExecuteSQLRecord - ExecuteSQLRecord[id=8321d206-b02a-45ed-9599-c0e6d94a3115] FlowFile[126,98953368639657.mockFlowFile,70B] contains 5 records; transferring to 'success'
[pool-1552-thread-1] INFO org.apache.nifi.processors.standard.ExecuteSQLRecord - ExecuteSQLRecord[id=8321d206-b02a-45ed-9599-c0e6d94a3115] FlowFile[127,98953368639657.mockFlowFile,70B] contains 5 records; transferring to 'success'
[pool-1552-thread-1] INFO org.apache.nifi.processors.standard.ExecuteSQLRecord - ExecuteSQLRecord[id=8321d206-b02a-45ed-9599-c0e6d94a3115] FlowFile[128,98953368639657.mockFlowFile,70B] contains 5 records; transferring to 'success'
[pool-1552-thread-1] INFO org.apache.nifi.processors.standard.ExecuteSQLRecord - ExecuteSQLRecord[id=8321d206-b02a-45ed-9599-c0e6d94a3115] FlowFile[129,98953368639657.mockFlowFile,70B] contains 5 records; transferring to 'success'
[pool-1552-thread-1] INFO org.apache.nifi.processors.standard.ExecuteSQLRecord - ExecuteSQLRecord[id=8321d206-b02a-45ed-9599-c0e6d94a3115] FlowFile[130,98953368639657.mockFlowFile,70B] contains 5 records; transferring to 'success'
[pool-1552-thread-1] INFO org.apache.nifi.processors.standard.ExecuteSQLRecord - ExecuteSQLRecord[id=8321d206-b02a-45ed-9599-c0e6d94a3115] FlowFile[131,98953368639657.mockFlowFile,70B] contains 5 records; transferring to 'success'
[pool-1552-thread-1] INFO org.apache.nifi.processors.standard.ExecuteSQLRecord - ExecuteSQLRecord[id=8321d206-b02a-45ed-9599-c0e6d94a3115] FlowFile[132,98953368639657.mockFlowFile,70B] contains 5 records; transferring to 'success'
[pool-1552-thread-1] INFO org.apache.nifi.processors.standard.ExecuteSQLRecord - ExecuteSQLRecord[id=8321d206-b02a-45ed-9599-c0e6d94a3115] FlowFile[133,98953368639657.mockFlowFile,70B] contains 5 records; transferring to 'success'
[pool-1552-thread-1] INFO org.apache.nifi.processors.standard.ExecuteSQLRecord - ExecuteSQLRecord[id=8321d206-b02a-45ed-9599-c0e6d94a3115] FlowFile[134,98953368639657.mockFlowFile,70B] contains 5 records; transferring to 'success'
[pool-1552-thread-1] INFO org.apache.nifi.processors.standard.ExecuteSQLRecord - ExecuteSQLRecord[id=8321d206-b02a-45ed-9599-c0e6d94a3115] FlowFile[135,98953368639657.mockFlowFile,70B] contains 5 records; transferring to 'success'
[pool-1552-thread-1] INFO org.apache.nifi.processors.standard.ExecuteSQLRecord - ExecuteSQLRecord[id=8321d206-b02a-45ed-9599-c0e6d94a3115] FlowFile[136,98953368639657.mockFlowFile,70B] contains 5 records; transferring to 'success'
[pool-1552-thread-1] INFO org.apache.nifi.processors.standard.ExecuteSQLRecord - ExecuteSQLRecord[id=8321d206-b02a-45ed-9599-c0e6d94a3115] FlowFile[137,98953368639657.mockFlowFile,70B] contains 5 records; transferring to 'success'
[pool-1552-thread-1] INFO org.apache.nifi.processors.standard.ExecuteSQLRecord - ExecuteSQLRecord[id=8321d206-b02a-45ed-9599-c0e6d94a3115] FlowFile[138,98953368639657.mockFlowFile,70B] contains 5 records; transferring to 'success'
[pool-1552-thread-1] INFO org.apache.nifi.processors.standard.ExecuteSQLRecord - ExecuteSQLRecord[id=8321d206-b02a-45ed-9599-c0e6d94a3115] FlowFile[139,98953368639657.mockFlowFile,70B] contains 5 records; transferring to 'success'
[pool-1552-thread-1] INFO org.apache.nifi.processors.standard.ExecuteSQLRecord - ExecuteSQLRecord[id=8321d206-b02a-45ed-9599-c0e6d94a3115] FlowFile[140,98953368639657.mockFlowFile,70B] contains 5 records; transferring to 'success'
[pool-1552-thread-1] INFO org.apache.nifi.processors.standard.ExecuteSQLRecord - ExecuteSQLRecord[id=8321d206-b02a-45ed-9599-c0e6d94a3115] FlowFile[141,98953368639657.mockFlowFile,70B] contains 5 records; transferring to 'success'
[pool-1552-thread-1] INFO org.apache.nifi.processors.standard.ExecuteSQLRecord - ExecuteSQLRecord[id=8321d206-b02a-45ed-9599-c0e6d94a3115] FlowFile[142,98953368639657.mockFlowFile,70B] contains 5 records; transferring to 'success'
[pool-1552-thread-1] INFO org.apache.nifi.processors.standard.ExecuteSQLRecord - ExecuteSQLRecord[id=8321d206-b02a-45ed-9599-c0e6d94a3115] FlowFile[143,98953368639657.mockFlowFile,70B] contains 5 records; transferring to 'success'
[pool-1552-thread-1] INFO org.apache.nifi.processors.standard.ExecuteSQLRecord - ExecuteSQLRecord[id=8321d206-b02a-45ed-9599-c0e6d94a3115] FlowFile[144,98953368639657.mockFlowFile,70B] contains 5 records; transferring to 'success'
[pool-1552-thread-1] INFO org.apache.nifi.processors.standard.ExecuteSQLRecord - ExecuteSQLRecord[id=8321d206-b02a-45ed-9599-c0e6d94a3115] FlowFile[145,98953368639657.mockFlowFile,70B] contains 5 records; transferring to 'success'
[pool-1552-thread-1] INFO org.apache.nifi.processors.standard.ExecuteSQLRecord - ExecuteSQLRecord[id=8321d206-b02a-45ed-9599-c0e6d94a3115] FlowFile[146,98953368639657.mockFlowFile,70B] contains 5 records; transferring to 'success'
[pool-1552-thread-1] INFO org.apache.nifi.processors.standard.ExecuteSQLRecord - ExecuteSQLRecord[id=8321d206-b02a-45ed-9599-c0e6d94a3115] FlowFile[147,98953368639657.mockFlowFile,70B] contains 5 records; transferring to 'success'
[pool-1552-thread-1] INFO org.apache.nifi.processors.standard.ExecuteSQLRecord - ExecuteSQLRecord[id=8321d206-b02a-45ed-9599-c0e6d94a3115] FlowFile[148,98953368639657.mockFlowFile,70B] contains 5 records; transferring to 'success'
[pool-1552-thread-1] INFO org.apache.nifi.processors.standard.ExecuteSQLRecord - ExecuteSQLRecord[id=8321d206-b02a-45ed-9599-c0e6d94a3115] FlowFile[149,98953368639657.mockFlowFile,70B] contains 5 records; transferring to 'success'
[pool-1552-thread-1] INFO org.apache.nifi.processors.standard.ExecuteSQLRecord - ExecuteSQLRecord[id=8321d206-b02a-45ed-9599-c0e6d94a3115] FlowFile[150,98953368639657.mockFlowFile,70B] contains 5 records; transferring to 'success'
[pool-1552-thread-1] INFO org.apache.nifi.processors.standard.ExecuteSQLRecord - ExecuteSQLRecord[id=8321d206-b02a-45ed-9599-c0e6d94a3115] FlowFile[151,98953368639657.mockFlowFile,70B] contains 5 records; transferring to 'success'
[pool-1552-thread-1] INFO org.apache.nifi.processors.standard.ExecuteSQLRecord - ExecuteSQLRecord[id=8321d206-b02a-45ed-9599-c0e6d94a3115] FlowFile[152,98953368639657.mockFlowFile,70B] contains 5 records; transferring to 'success'
[pool-1552-thread-1] INFO org.apache.nifi.processors.standard.ExecuteSQLRecord - ExecuteSQLRecord[id=8321d206-b02a-45ed-9599-c0e6d94a3115] FlowFile[153,98953368639657.mockFlowFile,70B] contains 5 records; transferring to 'success'
[pool-1552-thread-1] INFO org.apache.nifi.processors.standard.ExecuteSQLRecord - ExecuteSQLRecord[id=8321d206-b02a-45ed-9599-c0e6d94a3115] FlowFile[154,98953368639657.mockFlowFile,70B] contains 5 records; transferring to 'success'
[pool-1552-thread-1] INFO org.apache.nifi.processors.standard.ExecuteSQLRecord - ExecuteSQLRecord[id=8321d206-b02a-45ed-9599-c0e6d94a3115] FlowFile[155,98953368639657.mockFlowFile,70B] contains 5 records; transferring to 'success'
[pool-1552-thread-1] INFO org.apache.nifi.processors.standard.ExecuteSQLRecord - ExecuteSQLRecord[id=8321d206-b02a-45ed-9599-c0e6d94a3115] FlowFile[156,98953368639657.mockFlowFile,70B] contains 5 records; transferring to 'success'
[pool-1552-thread-1] INFO org.apache.nifi.processors.standard.ExecuteSQLRecord - ExecuteSQLRecord[id=8321d206-b02a-45ed-9599-c0e6d94a3115] FlowFile[157,98953368639657.mockFlowFile,70B] contains 5 records; transferring to 'success'
[pool-1552-thread-1] INFO org.apache.nifi.processors.standard.ExecuteSQLRecord - ExecuteSQLRecord[id=8321d206-b02a-45ed-9599-c0e6d94a3115] FlowFile[158,98953368639657.mockFlowFile,70B] contains 5 records; transferring to 'success'
[pool-1552-thread-1] INFO org.apache.nifi.processors.standard.ExecuteSQLRecord - ExecuteSQLRecord[id=8321d206-b02a-45ed-9599-c0e6d94a3115] FlowFile[159,98953368639657.mockFlowFile,70B] contains 5 records; transferring to 'success'
[pool-1552-thread-1] INFO org.apache.nifi.processors.standard.ExecuteSQLRecord - ExecuteSQLRecord[id=8321d206-b02a-45ed-9599-c0e6d94a3115] FlowFile[160,98953368639657.mockFlowFile,70B] contains 5 records; transferring to 'success'
[pool-1552-thread-1] INFO org.apache.nifi.processors.standard.ExecuteSQLRecord - ExecuteSQLRecord[id=8321d206-b02a-45ed-9599-c0e6d94a3115] FlowFile[161,98953368639657.mockFlowFile,70B] contains 5 records; transferring to 'success'
[pool-1552-thread-1] INFO org.apache.nifi.processors.standard.ExecuteSQLRecord - ExecuteSQLRecord[id=8321d206-b02a-45ed-9599-c0e6d94a3115] FlowFile[162,98953368639657.mockFlowFile,70B] contains 5 records; transferring to 'success'
[pool-1552-thread-1] INFO org.apache.nifi.processors.standard.ExecuteSQLRecord - ExecuteSQLRecord[id=8321d206-b02a-45ed-9599-c0e6d94a3115] FlowFile[163,98953368639657.mockFlowFile,70B] contains 5 records; transferring to 'success'
[pool-1552-thread-1] INFO org.apache.nifi.processors.standard.ExecuteSQLRecord - ExecuteSQLRecord[id=8321d206-b02a-45ed-9599-c0e6d94a3115] FlowFile[164,98953368639657.mockFlowFile,70B] contains 5 records; transferring to 'success'
[pool-1552-thread-1] INFO org.apache.nifi.processors.standard.ExecuteSQLRecord - ExecuteSQLRecord[id=8321d206-b02a-45ed-9599-c0e6d94a3115] FlowFile[165,98953368639657.mockFlowFile,70B] contains 5 records; transferring to 'success'
[pool-1552-thread-1] INFO org.apache.nifi.processors.standard.ExecuteSQLRecord - ExecuteSQLRecord[id=8321d206-b02a-45ed-9599-c0e6d94a3115] FlowFile[166,98953368639657.mockFlowFile,70B] contains 5 records; transferring to 'success'
[pool-1552-thread-1] INFO org.apache.nifi.processors.standard.ExecuteSQLRecord - ExecuteSQLRecord[id=8321d206-b02a-45ed-9599-c0e6d94a3115] FlowFile[167,98953368639657.mockFlowFile,70B] contains 5 records; transferring to 'success'
[pool-1552-thread-1] INFO org.apache.nifi.processors.standard.ExecuteSQLRecord - ExecuteSQLRecord[id=8321d206-b02a-45ed-9599-c0e6d94a3115] FlowFile[168,98953368639657.mockFlowFile,70B] contains 5 records; transferring to 'success'
[pool-1552-thread-1] INFO org.apache.nifi.processors.standard.ExecuteSQLRecord - ExecuteSQLRecord[id=8321d206-b02a-45ed-9599-c0e6d94a3115] FlowFile[169,98953368639657.mockFlowFile,70B] contains 5 records; transferring to 'success'
[pool-1552-thread-1] INFO org.apache.nifi.processors.standard.ExecuteSQLRecord - ExecuteSQLRecord[id=8321d206-b02a-45ed-9599-c0e6d94a3115] FlowFile[170,98953368639657.mockFlowFile,70B] contains 5 records; transferring to 'success'
[pool-1552-thread-1] INFO org.apache.nifi.processors.standard.ExecuteSQLRecord - ExecuteSQLRecord[id=8321d206-b02a-45ed-9599-c0e6d94a3115] FlowFile[171,98953368639657.mockFlowFile,70B] contains 5 records; transferring to 'success'
[pool-1552-thread-1] INFO org.apache.nifi.processors.standard.ExecuteSQLRecord - ExecuteSQLRecord[id=8321d206-b02a-45ed-9599-c0e6d94a3115] FlowFile[172,98953368639657.mockFlowFile,70B] contains 5 records; transferring to 'success'
[pool-1552-thread-1] INFO org.apache.nifi.processors.standard.ExecuteSQLRecord - ExecuteSQLRecord[id=8321d206-b02a-45ed-9599-c0e6d94a3115] FlowFile[173,98953368639657.mockFlowFile,70B] contains 5 records; transferring to 'success'
[pool-1552-thread-1] INFO org.apache.nifi.processors.standard.ExecuteSQLRecord - ExecuteSQLRecord[id=8321d206-b02a-45ed-9599-c0e6d94a3115] FlowFile[174,98953368639657.mockFlowFile,70B] contains 5 records; transferring to 'success'
[pool-1552-thread-1] INFO org.apache.nifi.processors.standard.ExecuteSQLRecord - ExecuteSQLRecord[id=8321d206-b02a-45ed-9599-c0e6d94a3115] FlowFile[175,98953368639657.mockFlowFile,70B] contains 5 records; transferring to 'success'
[pool-1552-thread-1] INFO org.apache.nifi.processors.standard.ExecuteSQLRecord - ExecuteSQLRecord[id=8321d206-b02a-45ed-9599-c0e6d94a3115] FlowFile[176,98953368639657.mockFlowFile,70B] contains 5 records; transferring to 'success'
[pool-1552-thread-1] INFO org.apache.nifi.processors.standard.ExecuteSQLRecord - ExecuteSQLRecord[id=8321d206-b02a-45ed-9599-c0e6d94a3115] FlowFile[177,98953368639657.mockFlowFile,70B] contains 5 records; transferring to 'success'
[pool-1552-thread-1] INFO org.apache.nifi.processors.standard.ExecuteSQLRecord - ExecuteSQLRecord[id=8321d206-b02a-45ed-9599-c0e6d94a3115] FlowFile[178,98953368639657.mockFlowFile,70B] contains 5 records; transferring to 'success'
[pool-1552-thread-1] INFO org.apache.nifi.processors.standard.ExecuteSQLRecord - ExecuteSQLRecord[id=8321d206-b02a-45ed-9599-c0e6d94a3115] FlowFile[179,98953368639657.mockFlowFile,70B] contains 5 records; transferring to 'success'
[pool-1552-thread-1] INFO org.apache.nifi.processors.standard.ExecuteSQLRecord - ExecuteSQLRecord[id=8321d206-b02a-45ed-9599-c0e6d94a3115] FlowFile[180,98953368639657.mockFlowFile,70B] contains 5 records; transferring to 'success'
[pool-1552-thread-1] INFO org.apache.nifi.processors.standard.ExecuteSQLRecord - ExecuteSQLRecord[id=8321d206-b02a-45ed-9599-c0e6d94a3115] FlowFile[181,98953368639657.mockFlowFile,70B] contains 5 records; transferring to 'success'
[pool-1552-thread-1] INFO org.apache.nifi.processors.standard.ExecuteSQLRecord - ExecuteSQLRecord[id=8321d206-b02a-45ed-9599-c0e6d94a3115] FlowFile[182,98953368639657.mockFlowFile,70B] contains 5 records; transferring to 'success'
[pool-1552-thread-1] INFO org.apache.nifi.processors.standard.ExecuteSQLRecord - ExecuteSQLRecord[id=8321d206-b02a-45ed-9599-c0e6d94a3115] FlowFile[183,98953368639657.mockFlowFile,70B] contains 5 records; transferring to 'success'
[pool-1552-thread-1] INFO org.apache.nifi.processors.standard.ExecuteSQLRecord - ExecuteSQLRecord[id=8321d206-b02a-45ed-9599-c0e6d94a3115] FlowFile[184,98953368639657.mockFlowFile,70B] contains 5 records; transferring to 'success'
[pool-1552-thread-1] INFO org.apache.nifi.processors.standard.ExecuteSQLRecord - ExecuteSQLRecord[id=8321d206-b02a-45ed-9599-c0e6d94a3115] FlowFile[185,98953368639657.mockFlowFile,70B] contains 5 records; transferring to 'success'
[pool-1552-thread-1] INFO org.apache.nifi.processors.standard.ExecuteSQLRecord - ExecuteSQLRecord[id=8321d206-b02a-45ed-9599-c0e6d94a3115] FlowFile[186,98953368639657.mockFlowFile,70B] contains 5 records; transferring to 'success'
[pool-1552-thread-1] INFO org.apache.nifi.processors.standard.ExecuteSQLRecord - ExecuteSQLRecord[id=8321d206-b02a-45ed-9599-c0e6d94a3115] FlowFile[187,98953368639657.mockFlowFile,70B] contains 5 records; transferring to 'success'
[pool-1552-thread-1] INFO org.apache.nifi.processors.standard.ExecuteSQLRecord - ExecuteSQLRecord[id=8321d206-b02a-45ed-9599-c0e6d94a3115] FlowFile[188,98953368639657.mockFlowFile,70B] contains 5 records; transferring to 'success'
[pool-1552-thread-1] INFO org.apache.nifi.processors.standard.ExecuteSQLRecord - ExecuteSQLRecord[id=8321d206-b02a-45ed-9599-c0e6d94a3115] FlowFile[189,98953368639657.mockFlowFile,70B] contains 5 records; transferring to 'success'
[pool-1552-thread-1] INFO org.apache.nifi.processors.standard.ExecuteSQLRecord - ExecuteSQLRecord[id=8321d206-b02a-45ed-9599-c0e6d94a3115] FlowFile[190,98953368639657.mockFlowFile,70B] contains 5 records; transferring to 'success'
[pool-1552-thread-1] INFO org.apache.nifi.processors.standard.ExecuteSQLRecord - ExecuteSQLRecord[id=8321d206-b02a-45ed-9599-c0e6d94a3115] FlowFile[191,98953368639657.mockFlowFile,70B] contains 5 records; transferring to 'success'
[pool-1552-thread-1] INFO org.apache.nifi.processors.standard.ExecuteSQLRecord - ExecuteSQLRecord[id=8321d206-b02a-45ed-9599-c0e6d94a3115] FlowFile[192,98953368639657.mockFlowFile,70B] contains 5 records; transferring to 'success'
[pool-1552-thread-1] INFO org.apache.nifi.processors.standard.ExecuteSQLRecord - ExecuteSQLRecord[id=8321d206-b02a-45ed-9599-c0e6d94a3115] FlowFile[193,98953368639657.mockFlowFile,70B] contains 5 records; transferring to 'success'
[pool-1552-thread-1] INFO org.apache.nifi.processors.standard.ExecuteSQLRecord - ExecuteSQLRecord[id=8321d206-b02a-45ed-9599-c0e6d94a3115] FlowFile[194,98953368639657.mockFlowFile,70B] contains 5 records; transferring to 'success'
[pool-1552-thread-1] INFO org.apache.nifi.processors.standard.ExecuteSQLRecord - ExecuteSQLRecord[id=8321d206-b02a-45ed-9599-c0e6d94a3115] FlowFile[195,98953368639657.mockFlowFile,70B] contains 5 records; transferring to 'success'
[pool-1552-thread-1] INFO org.apache.nifi.processors.standard.ExecuteSQLRecord - ExecuteSQLRecord[id=8321d206-b02a-45ed-9599-c0e6d94a3115] FlowFile[196,98953368639657.mockFlowFile,70B] contains 5 records; transferring to 'success'
[pool-1552-thread-1] INFO org.apache.nifi.processors.standard.ExecuteSQLRecord - ExecuteSQLRecord[id=8321d206-b02a-45ed-9599-c0e6d94a3115] FlowFile[197,98953368639657.mockFlowFile,70B] contains 5 records; transferring to 'success'
[pool-1552-thread-1] INFO org.apache.nifi.processors.standard.ExecuteSQLRecord - ExecuteSQLRecord[id=8321d206-b02a-45ed-9599-c0e6d94a3115] FlowFile[198,98953368639657.mockFlowFile,70B] contains 5 records; transferring to 'success'
[pool-1552-thread-1] INFO org.apache.nifi.processors.standard.ExecuteSQLRecord - ExecuteSQLRecord[id=8321d206-b02a-45ed-9599-c0e6d94a3115] FlowFile[199,98953368639657.mockFlowFile,70B] contains 5 records; transferring to 'success'
[pool-1552-thread-1] INFO org.apache.nifi.processors.standard.ExecuteSQLRecord - ExecuteSQLRecord[id=8321d206-b02a-45ed-9599-c0e6d94a3115] FlowFile[200,98953368639657.mockFlowFile,70B] contains 5 records; transferring to 'success'
]]></system-err>
  </testcase>
  <testcase name="testWithSqlExceptionErrorProcessingResultSet" classname="org.apache.nifi.processors.standard.TestExecuteSQLRecord" time="0.15">
    <system-err><![CDATA[[pool-1553-thread-1] ERROR org.apache.nifi.processors.standard.ExecuteSQLRecord - ExecuteSQLRecord[id=b86104fc-f96d-4b52-bf75-4930de4d5616] Unable to execute SQL select query SELECT 1 for FlowFile[0,98953521849309.mockFlowFile,8B] due to org.apache.nifi.processor.exception.ProcessException: java.sql.SQLException: test execute statement failed; routing to failure: org.apache.nifi.processor.exception.ProcessException: java.sql.SQLException: test execute statement failed
org.apache.nifi.processor.exception.ProcessException: java.sql.SQLException: test execute statement failed
	at org.apache.nifi.processors.standard.sql.RecordSqlWriter.writeResultSet(RecordSqlWriter.java:79)
	at org.apache.nifi.processors.standard.AbstractExecuteSQL.lambda$onTrigger$1(AbstractExecuteSQL.java:302)
	at org.apache.nifi.util.MockProcessSession.write(MockProcessSession.java:907)
	at org.apache.nifi.util.MockProcessSession.write(MockProcessSession.java:67)
	at org.apache.nifi.processors.standard.AbstractExecuteSQL.onTrigger(AbstractExecuteSQL.java:300)
	at org.apache.nifi.processor.AbstractProcessor.onTrigger(AbstractProcessor.java:27)
	at org.apache.nifi.util.StandardProcessorTestRunner$RunProcessor.call(StandardProcessorTestRunner.java:284)
	at org.apache.nifi.util.StandardProcessorTestRunner$RunProcessor.call(StandardProcessorTestRunner.java:278)
	at java.util.concurrent.FutureTask.run(FutureTask.java:266)
	at java.util.concurrent.ScheduledThreadPoolExecutor$ScheduledFutureTask.access$201(ScheduledThreadPoolExecutor.java:180)
	at java.util.concurrent.ScheduledThreadPoolExecutor$ScheduledFutureTask.run(ScheduledThreadPoolExecutor.java:293)
	at java.util.concurrent.ThreadPoolExecutor.runWorker(ThreadPoolExecutor.java:1149)
	at java.util.concurrent.ThreadPoolExecutor$Worker.run(ThreadPoolExecutor.java:624)
	at java.lang.Thread.run(Thread.java:750)
Caused by: java.sql.SQLException: test execute statement failed
	at org.apache.nifi.util.db.JdbcCommon.createSchema(JdbcCommon.java:497)
	at org.apache.nifi.processors.standard.sql.RecordSqlWriter.writeResultSet(RecordSqlWriter.java:71)
	... 13 more
]]></system-err>
  </testcase>
  <testcase name="testIncomingConnectionWithNoFlowFileAndNoQuery" classname="org.apache.nifi.processors.standard.TestExecuteSQLRecord" time="0.001"/>
  <testcase name="testPreQueryFail" classname="org.apache.nifi.processors.standard.TestExecuteSQLRecord" time="0.036">
    <system-err><![CDATA[[pool-1555-thread-1] ERROR org.apache.nifi.processors.standard.ExecuteSQLRecord - ExecuteSQLRecord[id=378f3c45-0c4f-4f0c-9be8-fd32a87c7912] Unable to execute SQL select query CALL SYSCS_UTIL.SYSCS_SET_RUNTIMESTATISTICS() for FlowFile[0,98953559707733.mockFlowFile,4B] due to java.sql.SQLSyntaxErrorException: 'SYSCS_UTIL.SYSCS_SET_RUNTIMESTATISTICS' is not recognized as a function or procedure.; routing to failure: java.sql.SQLSyntaxErrorException: 'SYSCS_UTIL.SYSCS_SET_RUNTIMESTATISTICS' is not recognized as a function or procedure.
java.sql.SQLSyntaxErrorException: 'SYSCS_UTIL.SYSCS_SET_RUNTIMESTATISTICS' is not recognized as a function or procedure.
	at org.apache.derby.impl.jdbc.SQLExceptionFactory.getSQLException(Unknown Source)
	at org.apache.derby.impl.jdbc.Util.generateCsSQLException(Unknown Source)
	at org.apache.derby.impl.jdbc.TransactionResourceImpl.wrapInSQLException(Unknown Source)
	at org.apache.derby.impl.jdbc.TransactionResourceImpl.handleException(Unknown Source)
	at org.apache.derby.impl.jdbc.EmbedConnection.handleException(Unknown Source)
	at org.apache.derby.impl.jdbc.ConnectionChild.handleException(Unknown Source)
	at org.apache.derby.impl.jdbc.EmbedStatement.execute(Unknown Source)
	at org.apache.derby.impl.jdbc.EmbedStatement.execute(Unknown Source)
	at org.apache.nifi.processors.standard.AbstractExecuteSQL.executeConfigStatements(AbstractExecuteSQL.java:464)
	at org.apache.nifi.processors.standard.AbstractExecuteSQL.onTrigger(AbstractExecuteSQL.java:252)
	at org.apache.nifi.processor.AbstractProcessor.onTrigger(AbstractProcessor.java:27)
	at org.apache.nifi.util.StandardProcessorTestRunner$RunProcessor.call(StandardProcessorTestRunner.java:284)
	at org.apache.nifi.util.StandardProcessorTestRunner$RunProcessor.call(StandardProcessorTestRunner.java:278)
	at java.util.concurrent.FutureTask.run(FutureTask.java:266)
	at java.util.concurrent.ScheduledThreadPoolExecutor$ScheduledFutureTask.access$201(ScheduledThreadPoolExecutor.java:180)
	at java.util.concurrent.ScheduledThreadPoolExecutor$ScheduledFutureTask.run(ScheduledThreadPoolExecutor.java:293)
	at java.util.concurrent.ThreadPoolExecutor.runWorker(ThreadPoolExecutor.java:1149)
	at java.util.concurrent.ThreadPoolExecutor$Worker.run(ThreadPoolExecutor.java:624)
	at java.lang.Thread.run(Thread.java:750)
Caused by: ERROR 42Y03: 'SYSCS_UTIL.SYSCS_SET_RUNTIMESTATISTICS' is not recognized as a function or procedure.
	at org.apache.derby.iapi.error.StandardException.newException(Unknown Source)
	at org.apache.derby.iapi.error.StandardException.newException(Unknown Source)
	at org.apache.derby.impl.sql.compile.StaticMethodCallNode.bindExpressionMinion(Unknown Source)
	at org.apache.derby.impl.sql.compile.StaticMethodCallNode.bindExpression(Unknown Source)
	at org.apache.derby.impl.sql.compile.JavaToSQLValueNode.bindExpression(Unknown Source)
	at org.apache.derby.impl.sql.compile.CallStatementNode.bindStatement(Unknown Source)
	at org.apache.derby.impl.sql.GenericStatement.prepMinion(Unknown Source)
	at org.apache.derby.impl.sql.GenericStatement.prepare(Unknown Source)
	at org.apache.derby.impl.sql.conn.GenericLanguageConnectionContext.prepareInternalStatement(Unknown Source)
	... 13 more
]]></system-err>
  </testcase>
  <testcase name="testIncomingConnectionWithNoFlowFile" classname="org.apache.nifi.processors.standard.TestExecuteSQLRecord" time="0.001"/>
  <testcase name="testWithOutputBatchingLastBatchFails" classname="org.apache.nifi.processors.standard.TestExecuteSQLRecord" time="0.057">
    <system-err><![CDATA[[pool-1557-thread-1] INFO org.apache.nifi.processors.standard.ExecuteSQLRecord - ExecuteSQLRecord[id=17723346-5e95-412d-981c-bb3756512c10] FlowFile[1,98953616388679.mockFlowFile,40B] contains 5 records; transferring to 'success'
[pool-1557-thread-1] INFO org.apache.nifi.processors.standard.ExecuteSQLRecord - ExecuteSQLRecord[id=17723346-5e95-412d-981c-bb3756512c10] FlowFile[2,98953616388679.mockFlowFile,40B] contains 5 records; transferring to 'success'
[pool-1557-thread-1] ERROR org.apache.nifi.processors.standard.ExecuteSQLRecord - ExecuteSQLRecord[id=17723346-5e95-412d-981c-bb3756512c10] Unable to execute SQL select query SELECT ID, CAST(VAL1 AS INTEGER) AS TN FROM TEST_NULL_INT for FlowFile[0,98953616388679.mockFlowFile,57B] due to org.apache.nifi.processor.exception.ProcessException: java.io.IOException: java.io.IOException: Could not obtain next record from ResultSet; routing to failure: org.apache.nifi.processor.exception.ProcessException: java.io.IOException: java.io.IOException: Could not obtain next record from ResultSet
org.apache.nifi.processor.exception.ProcessException: java.io.IOException: java.io.IOException: Could not obtain next record from ResultSet
	at org.apache.nifi.processors.standard.AbstractExecuteSQL.lambda$onTrigger$1(AbstractExecuteSQL.java:304)
	at org.apache.nifi.util.MockProcessSession.write(MockProcessSession.java:907)
	at org.apache.nifi.util.MockProcessSession.write(MockProcessSession.java:67)
	at org.apache.nifi.processors.standard.AbstractExecuteSQL.onTrigger(AbstractExecuteSQL.java:300)
	at org.apache.nifi.processor.AbstractProcessor.onTrigger(AbstractProcessor.java:27)
	at org.apache.nifi.util.StandardProcessorTestRunner$RunProcessor.call(StandardProcessorTestRunner.java:284)
	at org.apache.nifi.util.StandardProcessorTestRunner$RunProcessor.call(StandardProcessorTestRunner.java:278)
	at java.util.concurrent.FutureTask.run(FutureTask.java:266)
	at java.util.concurrent.ScheduledThreadPoolExecutor$ScheduledFutureTask.access$201(ScheduledThreadPoolExecutor.java:180)
	at java.util.concurrent.ScheduledThreadPoolExecutor$ScheduledFutureTask.run(ScheduledThreadPoolExecutor.java:293)
	at java.util.concurrent.ThreadPoolExecutor.runWorker(ThreadPoolExecutor.java:1149)
	at java.util.concurrent.ThreadPoolExecutor$Worker.run(ThreadPoolExecutor.java:624)
	at java.lang.Thread.run(Thread.java:750)
Caused by: java.io.IOException: java.io.IOException: Could not obtain next record from ResultSet
	at org.apache.nifi.processors.standard.sql.RecordSqlWriter.writeResultSet(RecordSqlWriter.java:88)
	at org.apache.nifi.processors.standard.AbstractExecuteSQL.lambda$onTrigger$1(AbstractExecuteSQL.java:302)
	... 12 more
Caused by: java.io.IOException: Could not obtain next record from ResultSet
	at org.apache.nifi.processors.standard.sql.RecordSqlWriter$ResultSetRecordSetWithCallback.next(RecordSqlWriter.java:158)
	at org.apache.nifi.serialization.record.RecordSet$1.next(RecordSet.java:62)
	at org.apache.nifi.serialization.record.MockRecordWriter$1.write(MockRecordWriter.java:95)
	at org.apache.nifi.processors.standard.sql.RecordSqlWriter.writeResultSet(RecordSqlWriter.java:82)
	... 13 more
Caused by: java.sql.SQLDataException: Invalid character string format for type INTEGER.
	at org.apache.derby.impl.jdbc.SQLExceptionFactory.getSQLException(Unknown Source)
	at org.apache.derby.impl.jdbc.Util.generateCsSQLException(Unknown Source)
	at org.apache.derby.impl.jdbc.TransactionResourceImpl.wrapInSQLException(Unknown Source)
	at org.apache.derby.impl.jdbc.TransactionResourceImpl.handleException(Unknown Source)
	at org.apache.derby.impl.jdbc.EmbedConnection.handleException(Unknown Source)
	at org.apache.derby.impl.jdbc.ConnectionChild.handleException(Unknown Source)
	at org.apache.derby.impl.jdbc.EmbedResultSet.closeOnTransactionError(Unknown Source)
	at org.apache.derby.impl.jdbc.EmbedResultSet.movePosition(Unknown Source)
	at org.apache.derby.impl.jdbc.EmbedResultSet.next(Unknown Source)
	at org.apache.nifi.processors.standard.sql.RecordSqlWriter$ResultSetRecordSetWithCallback.next(RecordSqlWriter.java:152)
	... 16 more
Caused by: ERROR 22018: Invalid character string format for type INTEGER.
	at org.apache.derby.iapi.error.StandardException.newException(Unknown Source)
	at org.apache.derby.iapi.error.StandardException.newException(Unknown Source)
	at org.apache.derby.iapi.types.DataType.invalidFormat(Unknown Source)
	at org.apache.derby.iapi.types.DataType.setValue(Unknown Source)
	at org.apache.derby.exe.ac5760a98cx018fx3739x607ex00000cdeb2c00.e0(Unknown Source)
	at org.apache.derby.impl.services.reflect.DirectCall.invoke(Unknown Source)
	at org.apache.derby.impl.sql.execute.ProjectRestrictResultSet.doProjection(Unknown Source)
	at org.apache.derby.impl.sql.execute.ProjectRestrictResultSet.getNextRowCore(Unknown Source)
	at org.apache.derby.impl.sql.execute.BasicNoPutResultSetImpl.getNextRow(Unknown Source)
	... 19 more
]]></system-err>
  </testcase>
  <testcase name="testNoIncomingConnectionAndNoQuery" classname="org.apache.nifi.processors.standard.TestExecuteSQLRecord" time="0.001"/>
</testsuite>