<?xml version="1.0" encoding="UTF-8"?>
<testsuite xmlns:xsi="http://www.w3.org/2001/XMLSchema-instance" xsi:noNamespaceSchemaLocation="https://maven.apache.org/surefire/maven-surefire-plugin/xsd/surefire-test-report-3.0.xsd" version="3.0" name="org.apache.nifi.processors.standard.TestListenHTTP" time="4.266" tests="27" errors="0" skipped="1" failures="0">
  <properties>
    <property name="sun.desktop" value="gnome"/>
    <property name="awt.toolkit" value="sun.awt.X11.XToolkit"/>
    <property name="file.encoding.pkg" value="sun.io"/>
    <property name="java.specification.version" value="1.8"/>
    <property name="sun.cpu.isalist" value=""/>
    <property name="sun.jnu.encoding" value="UTF-8"/>
    <property name="java.class.path" value="/home/alex/Repositories/nifi/nifi-nar-bundles/nifi-standard-bundle/nifi-standard-processors/target/test-classes:/home/alex/Repositories/nifi/nifi-nar-bundles/nifi-standard-bundle/nifi-standard-processors/target/classes:/home/alex/.m2/repository/org/apache/ftpserver/ftpserver-core/1.1.1/ftpserver-core-1.1.1.jar:/home/alex/.m2/repository/org/apache/ftpserver/ftplet-api/1.1.1/ftplet-api-1.1.1.jar:/home/alex/.m2/repository/org/slf4j/slf4j-api/1.7.32/slf4j-api-1.7.32.jar:/home/alex/.m2/repository/org/apache/mina/mina-core/2.0.16/mina-core-2.0.16.jar:/home/alex/Repositories/nifi/nifi-api/target/classes:/home/alex/Repositories/nifi/nifi-commons/nifi-expression-language/target/classes:/home/alex/.m2/repository/org/antlr/antlr-runtime/3.5.2/antlr-runtime-3.5.2.jar:/home/alex/Repositories/nifi/nifi-commons/nifi-parameter/target/classes:/home/alex/Repositories/nifi/nifi-commons/nifi-uuid5/target/classes:/home/alex/.m2/repository/org/apache/commons/commons-text/1.8/commons-text-1.8.jar:/home/alex/Repositories/nifi/nifi-nar-bundles/nifi-extension-utils/nifi-processor-utils/target/classes:/home/alex/Repositories/nifi/nifi-commons/nifi-security-socket-ssl/target/classes:/home/alex/Repositories/nifi/nifi-nar-bundles/nifi-extension-utils/nifi-event-transport/target/classes:/home/alex/.m2/repository/io/netty/netty-handler/4.1.69.Final/netty-handler-4.1.69.Final.jar:/home/alex/.m2/repository/io/netty/netty-common/4.1.69.Final/netty-common-4.1.69.Final.jar:/home/alex/.m2/repository/io/netty/netty-resolver/4.1.69.Final/netty-resolver-4.1.69.Final.jar:/home/alex/.m2/repository/io/netty/netty-transport/4.1.69.Final/netty-transport-4.1.69.Final.jar:/home/alex/.m2/repository/io/netty/netty-codec/4.1.69.Final/netty-codec-4.1.69.Final.jar:/home/alex/Repositories/nifi/nifi-nar-bundles/nifi-extension-utils/nifi-syslog-utils/target/classes:/home/alex/.m2/repository/com/github/palindromicity/simple-syslog-5424/0.0.16/simple-syslog-5424-0.0.16.jar:/home/alex/.m2/repository/org/antlr/antlr4-runtime/4.7.2/antlr4-runtime-4.7.2.jar:/home/alex/Repositories/nifi/nifi-commons/nifi-utils/target/classes:/home/alex/Repositories/nifi/nifi-commons/nifi-record-path/target/classes:/home/alex/Repositories/nifi/nifi-commons/nifi-properties/target/classes:/home/alex/Repositories/nifi/nifi-commons/nifi-property-utils/target/classes:/home/alex/.m2/repository/com/github/ben-manes/caffeine/caffeine/2.8.1/caffeine-2.8.1.jar:/home/alex/Repositories/nifi/nifi-nar-bundles/nifi-standard-services/nifi-ssl-context-service-api/target/classes:/home/alex/Repositories/nifi/nifi-commons/nifi-security-utils-api/target/classes:/home/alex/Repositories/nifi/nifi-nar-bundles/nifi-standard-services/nifi-lookup-service-api/target/classes:/home/alex/Repositories/nifi/nifi-commons/nifi-flowfile-packager/target/classes:/home/alex/Repositories/nifi/nifi-nar-bundles/nifi-standard-services/nifi-distributed-cache-client-service-api/target/classes:/home/alex/Repositories/nifi/nifi-nar-bundles/nifi-standard-services/nifi-http-context-map-api/target/classes:/home/alex/Repositories/nifi/nifi-nar-bundles/nifi-standard-services/nifi-record-serialization-service-api/target/classes:/home/alex/Repositories/nifi/nifi-nar-bundles/nifi-standard-services/nifi-proxy-configuration-api/target/classes:/home/alex/Repositories/nifi/nifi-commons/nifi-record/target/classes:/home/alex/Repositories/nifi/nifi-nar-bundles/nifi-standard-services/nifi-record-sink-api/target/classes:/home/alex/.m2/repository/commons-io/commons-io/2.10.0/commons-io-2.10.0.jar:/home/alex/.m2/repository/javax/ws/rs/javax.ws.rs-api/2.1/javax.ws.rs-api-2.1.jar:/home/alex/.m2/repository/commons-net/commons-net/3.6/commons-net-3.6.jar:/home/alex/.m2/repository/org/apache/commons/commons-compress/1.21/commons-compress-1.21.jar:/home/alex/.m2/repository/org/apache/commons/commons-lang3/3.9/commons-lang3-3.9.jar:/home/alex/.m2/repository/org/bouncycastle/bcprov-jdk15on/1.69/bcprov-jdk15on-1.69.jar:/home/alex/.m2/repository/org/bouncycastle/bcpg-jdk15on/1.69/bcpg-jdk15on-1.69.jar:/home/alex/.m2/repository/org/bouncycastle/bcpkix-jdk15on/1.69/bcpkix-jdk15on-1.69.jar:/home/alex/.m2/repository/org/bouncycastle/bcutil-jdk15on/1.69/bcutil-jdk15on-1.69.jar:/home/alex/.m2/repository/commons-codec/commons-codec/1.14/commons-codec-1.14.jar:/home/alex/Repositories/nifi/nifi-commons/nifi-security-utils/target/classes:/home/alex/Repositories/nifi/nifi-commons/nifi-security-kms/target/classes:/home/alex/.m2/repository/org/apache/commons/commons-configuration2/2.7/commons-configuration2-2.7.jar:/home/alex/.m2/repository/com/hierynomus/sshj/0.32.0/sshj-0.32.0.jar:/home/alex/.m2/repository/com/jcraft/jzlib/1.1.3/jzlib-1.1.3.jar:/home/alex/.m2/repository/com/hierynomus/asn-one/0.6.0/asn-one-0.6.0.jar:/home/alex/.m2/repository/net/i2p/crypto/eddsa/0.3.0/eddsa-0.3.0.jar:/home/alex/.m2/repository/org/eclipse/jetty/jetty-server/9.4.44.v20210927/jetty-server-9.4.44.v20210927.jar:/home/alex/.m2/repository/javax/servlet/javax.servlet-api/3.1.0/javax.servlet-api-3.1.0.jar:/home/alex/.m2/repository/org/eclipse/jetty/jetty-http/9.4.44.v20210927/jetty-http-9.4.44.v20210927.jar:/home/alex/.m2/repository/org/eclipse/jetty/jetty-util/9.4.44.v20210927/jetty-util-9.4.44.v20210927.jar:/home/alex/.m2/repository/org/eclipse/jetty/jetty-io/9.4.44.v20210927/jetty-io-9.4.44.v20210927.jar:/home/alex/.m2/repository/org/eclipse/jetty/jetty-servlet/9.4.44.v20210927/jetty-servlet-9.4.44.v20210927.jar:/home/alex/.m2/repository/org/eclipse/jetty/jetty-security/9.4.44.v20210927/jetty-security-9.4.44.v20210927.jar:/home/alex/.m2/repository/org/eclipse/jetty/jetty-util-ajax/9.4.44.v20210927/jetty-util-ajax-9.4.44.v20210927.jar:/home/alex/.m2/repository/org/apache/httpcomponents/httpclient/4.5.5/httpclient-4.5.5.jar:/home/alex/.m2/repository/commons-logging/commons-logging/1.2/commons-logging-1.2.jar:/home/alex/.m2/repository/org/apache/httpcomponents/httpcore/4.4.9/httpcore-4.4.9.jar:/home/alex/.m2/repository/jakarta/activation/jakarta.activation-api/2.0.1/jakarta.activation-api-2.0.1.jar:/home/alex/.m2/repository/com/sun/activation/jakarta.activation/2.0.1/jakarta.activation-2.0.1.jar:/home/alex/.m2/repository/jakarta/mail/jakarta.mail-api/2.0.1/jakarta.mail-api-2.0.1.jar:/home/alex/.m2/repository/com/sun/mail/jakarta.mail/2.0.1/jakarta.mail-2.0.1.jar:/home/alex/.m2/repository/com/github/jponge/lzma-java/1.3/lzma-java-1.3.jar:/home/alex/.m2/repository/org/tukaani/xz/1.8/xz-1.8.jar:/home/alex/.m2/repository/net/sf/saxon/Saxon-HE/10.6/Saxon-HE-10.6.jar:/home/alex/Repositories/nifi/nifi-commons/nifi-socket-utils/target/classes:/home/alex/Repositories/nifi/nifi-commons/nifi-logging-utils/target/classes:/home/alex/Repositories/nifi/nifi-nar-bundles/nifi-standard-services/nifi-load-distribution-service-api/target/classes:/home/alex/.m2/repository/javax/jms/javax.jms-api/2.0.1/javax.jms-api-2.0.1.jar:/home/alex/.m2/repository/org/apache/activemq/activemq-client/5.15.15/activemq-client-5.15.15.jar:/home/alex/.m2/repository/org/apache/geronimo/specs/geronimo-jms_1.1_spec/1.1.1/geronimo-jms_1.1_spec-1.1.1.jar:/home/alex/.m2/repository/org/fusesource/hawtbuf/hawtbuf/1.11/hawtbuf-1.11.jar:/home/alex/.m2/repository/org/apache/geronimo/specs/geronimo-j2ee-management_1.1_spec/1.0.1/geronimo-j2ee-management_1.1_spec-1.0.1.jar:/home/alex/.m2/repository/com/jayway/jsonpath/json-path/2.6.0/json-path-2.6.0.jar:/home/alex/.m2/repository/net/minidev/json-smart/2.4.7/json-smart-2.4.7.jar:/home/alex/.m2/repository/net/minidev/accessors-smart/2.4.7/accessors-smart-2.4.7.jar:/home/alex/.m2/repository/org/ow2/asm/asm/9.1/asm-9.1.jar:/home/alex/.m2/repository/org/apache/tika/tika-core/1.26/tika-core-1.26.jar:/home/alex/.m2/repository/com/fasterxml/jackson/core/jackson-databind/2.12.3/jackson-databind-2.12.3.jar:/home/alex/.m2/repository/com/fasterxml/jackson/core/jackson-annotations/2.12.3/jackson-annotations-2.12.3.jar:/home/alex/.m2/repository/com/fasterxml/jackson/core/jackson-core/2.12.3/jackson-core-2.12.3.jar:/home/alex/Repositories/nifi/nifi-nar-bundles/nifi-extension-utils/nifi-record-utils/nifi-avro-record-utils/target/classes:/home/alex/Repositories/nifi/nifi-nar-bundles/nifi-extension-utils/nifi-record-utils/nifi-standard-record-utils/target/classes:/home/alex/.m2/repository/org/apache/avro/avro/1.8.1/avro-1.8.1.jar:/home/alex/.m2/repository/org/codehaus/jackson/jackson-core-asl/1.9.13/jackson-core-asl-1.9.13.jar:/home/alex/.m2/repository/org/codehaus/jackson/jackson-mapper-asl/1.9.13/jackson-mapper-asl-1.9.13.jar:/home/alex/.m2/repository/com/thoughtworks/paranamer/paranamer/2.7/paranamer-2.7.jar:/home/alex/Repositories/nifi/nifi-nar-bundles/nifi-standard-services/nifi-dbcp-service-api/target/classes:/home/alex/.m2/repository/com/squareup/okhttp3/okhttp/4.9.2/okhttp-4.9.2.jar:/home/alex/.m2/repository/com/squareup/okio/okio/2.8.0/okio-2.8.0.jar:/home/alex/.m2/repository/org/jetbrains/kotlin/kotlin-stdlib-common/1.4.0/kotlin-stdlib-common-1.4.0.jar:/home/alex/.m2/repository/org/jetbrains/kotlin/kotlin-stdlib/1.4.10/kotlin-stdlib-1.4.10.jar:/home/alex/.m2/repository/org/jetbrains/annotations/13.0/annotations-13.0.jar:/home/alex/.m2/repository/io/github/rburgst/okhttp-digest/2.5/okhttp-digest-2.5.jar:/home/alex/.m2/repository/at/favre/lib/bcrypt/0.9.0/bcrypt-0.9.0.jar:/home/alex/.m2/repository/at/favre/lib/bytes/1.3.0/bytes-1.3.0.jar:/home/alex/.m2/repository/com/google/guava/guava/28.0-jre/guava-28.0-jre.jar:/home/alex/.m2/repository/com/google/guava/failureaccess/1.0.1/failureaccess-1.0.1.jar:/home/alex/.m2/repository/com/google/guava/listenablefuture/9999.0-empty-to-avoid-conflict-with-guava/listenablefuture-9999.0-empty-to-avoid-conflict-with-guava.jar:/home/alex/.m2/repository/com/google/code/findbugs/jsr305/3.0.2/jsr305-3.0.2.jar:/home/alex/.m2/repository/org/checkerframework/checker-qual/2.8.1/checker-qual-2.8.1.jar:/home/alex/.m2/repository/com/google/errorprone/error_prone_annotations/2.3.2/error_prone_annotations-2.3.2.jar:/home/alex/.m2/repository/com/google/j2objc/j2objc-annotations/1.3/j2objc-annotations-1.3.jar:/home/alex/.m2/repository/org/codehaus/mojo/animal-sniffer-annotations/1.17/animal-sniffer-annotations-1.17.jar:/home/alex/Repositories/nifi/nifi-mock/target/classes:/home/alex/Repositories/nifi/nifi-framework-api/target/classes:/home/alex/Repositories/nifi/nifi-nar-bundles/nifi-framework-bundle/nifi-framework/nifi-framework-core-api/target/classes:/home/alex/Repositories/nifi/nifi-nar-bundles/nifi-framework-bundle/nifi-framework/nifi-framework-nar-utils/target/classes:/home/alex/Repositories/nifi/nifi-nar-bundles/nifi-framework-bundle/nifi-framework/nifi-client-dto/target/classes:/home/alex/.m2/repository/io/swagger/swagger-annotations/1.6.0/swagger-annotations-1.6.0.jar:/home/alex/Repositories/nifi/nifi-commons/nifi-site-to-site-client/target/classes:/home/alex/.m2/repository/org/apache/httpcomponents/httpasyncclient/4.1.4/httpasyncclient-4.1.4.jar:/home/alex/.m2/repository/org/apache/httpcomponents/httpcore-nio/4.4.10/httpcore-nio-4.4.10.jar:/home/alex/Repositories/nifi/nifi-nar-bundles/nifi-framework-bundle/nifi-framework/nifi-framework-authorization/target/classes:/home/alex/Repositories/nifi/nifi-registry/nifi-registry-core/nifi-registry-data-model/target/classes:/home/alex/Repositories/nifi/nifi-registry/nifi-registry-core/nifi-registry-revision/nifi-registry-revision-entity-model/target/classes:/home/alex/Repositories/nifi/nifi-registry/nifi-registry-core/nifi-registry-client/target/classes:/home/alex/Repositories/nifi/nifi-registry/nifi-registry-core/nifi-registry-security-utils/target/classes:/home/alex/.m2/repository/org/glassfish/jersey/core/jersey-client/2.33/jersey-client-2.33.jar:/home/alex/.m2/repository/jakarta/ws/rs/jakarta.ws.rs-api/2.1.6/jakarta.ws.rs-api-2.1.6.jar:/home/alex/.m2/repository/org/glassfish/hk2/external/jakarta.inject/2.6.1/jakarta.inject-2.6.1.jar:/home/alex/.m2/repository/org/glassfish/jersey/media/jersey-media-json-jackson/2.33/jersey-media-json-jackson-2.33.jar:/home/alex/.m2/repository/org/glassfish/jersey/ext/jersey-entity-filtering/2.33/jersey-entity-filtering-2.33.jar:/home/alex/.m2/repository/org/glassfish/jersey/inject/jersey-hk2/2.33/jersey-hk2-2.33.jar:/home/alex/.m2/repository/org/glassfish/hk2/hk2-locator/2.6.1/hk2-locator-2.6.1.jar:/home/alex/.m2/repository/org/glassfish/hk2/external/aopalliance-repackaged/2.6.1/aopalliance-repackaged-2.6.1.jar:/home/alex/.m2/repository/org/glassfish/hk2/hk2-api/2.6.1/hk2-api-2.6.1.jar:/home/alex/.m2/repository/org/glassfish/hk2/hk2-utils/2.6.1/hk2-utils-2.6.1.jar:/home/alex/.m2/repository/org/javassist/javassist/3.25.0-GA/javassist-3.25.0-GA.jar:/home/alex/.m2/repository/org/glassfish/jersey/core/jersey-common/2.33/jersey-common-2.33.jar:/home/alex/.m2/repository/jakarta/annotation/jakarta.annotation-api/1.3.5/jakarta.annotation-api-1.3.5.jar:/home/alex/.m2/repository/org/glassfish/hk2/osgi-resource-locator/1.0.3/osgi-resource-locator-1.0.3.jar:/home/alex/.m2/repository/org/glassfish/jersey/media/jersey-media-multipart/2.33/jersey-media-multipart-2.33.jar:/home/alex/.m2/repository/org/jvnet/mimepull/mimepull/1.9.13/mimepull-1.9.13.jar:/home/alex/Repositories/nifi/nifi-commons/nifi-data-provenance-utils/target/classes:/home/alex/Repositories/nifi/nifi-nar-bundles/nifi-standard-services/nifi-distributed-cache-services-bundle/nifi-distributed-cache-client-service/target/classes:/home/alex/Repositories/nifi/nifi-nar-bundles/nifi-standard-services/nifi-distributed-cache-services-bundle/nifi-distributed-cache-protocol/target/classes:/home/alex/.m2/repository/io/netty/netty-buffer/4.1.69.Final/netty-buffer-4.1.69.Final.jar:/home/alex/.m2/repository/com/google/http-client/google-http-client/1.28.0/google-http-client-1.28.0.jar:/home/alex/.m2/repository/io/opencensus/opencensus-api/0.18.0/opencensus-api-0.18.0.jar:/home/alex/.m2/repository/io/grpc/grpc-context/1.14.0/grpc-context-1.14.0.jar:/home/alex/.m2/repository/io/opencensus/opencensus-contrib-http-util/0.18.0/opencensus-contrib-http-util-0.18.0.jar:/home/alex/.m2/repository/org/apache/activemq/activemq-broker/5.15.14/activemq-broker-5.15.14.jar:/home/alex/.m2/repository/org/apache/activemq/activemq-openwire-legacy/5.15.14/activemq-openwire-legacy-5.15.14.jar:/home/alex/Repositories/nifi/nifi-nar-bundles/nifi-standard-services/nifi-ssl-context-bundle/nifi-ssl-context-service/target/classes:/home/alex/Repositories/nifi/nifi-nar-bundles/nifi-framework-bundle/nifi-framework/nifi-standard-prioritizers/target/classes:/home/alex/Repositories/nifi/nifi-nar-bundles/nifi-extension-utils/nifi-record-utils/nifi-mock-record-utils/target/classes:/home/alex/Repositories/nifi/nifi-nar-bundles/nifi-standard-services/nifi-record-serialization-services-bundle/nifi-record-serialization-services/target/classes:/home/alex/.m2/repository/org/apache/commons/commons-csv/1.8/commons-csv-1.8.jar:/home/alex/.m2/repository/com/fasterxml/jackson/dataformat/jackson-dataformat-csv/2.12.3/jackson-dataformat-csv-2.12.3.jar:/home/alex/.m2/repository/net/java/dev/stax-utils/stax-utils/20070216/stax-utils-20070216.jar:/home/alex/Repositories/nifi/nifi-nar-bundles/nifi-standard-services/nifi-lookup-services-bundle/nifi-lookup-services/target/classes:/home/alex/.m2/repository/commons-beanutils/commons-beanutils/1.9.4/commons-beanutils-1.9.4.jar:/home/alex/.m2/repository/commons-collections/commons-collections/3.2.2/commons-collections-3.2.2.jar:/home/alex/.m2/repository/com/maxmind/geoip2/geoip2/2.12.0/geoip2-2.12.0.jar:/home/alex/.m2/repository/com/maxmind/db/maxmind-db/1.2.2/maxmind-db-1.2.2.jar:/home/alex/.m2/repository/org/apache/derby/derby/10.14.2.0/derby-10.14.2.0.jar:/home/alex/.m2/repository/org/xerial/snappy/snappy-java/1.1.7.3/snappy-java-1.1.7.3.jar:/home/alex/.m2/repository/net/lingala/zip4j/zip4j/2.8.0/zip4j-2.8.0.jar:/home/alex/.m2/repository/com/h2database/h2/1.4.187/h2-1.4.187.jar:/home/alex/.m2/repository/org/mockftpserver/MockFtpServer/2.7.1/MockFtpServer-2.7.1.jar:/home/alex/.m2/repository/org/apache/sshd/sshd-core/1.7.0/sshd-core-1.7.0.jar:/home/alex/.m2/repository/com/bazaarvoice/jolt/jolt-core/0.1.1/jolt-core-0.1.1.jar:/home/alex/.m2/repository/javax/inject/javax.inject/1/javax.inject-1.jar:/home/alex/.m2/repository/com/bazaarvoice/jolt/json-utils/0.1.1/json-utils-0.1.1.jar:/home/alex/Repositories/nifi/nifi-nar-bundles/nifi-standard-bundle/nifi-standard-utils/target/classes:/home/alex/.m2/repository/net/sf/supercsv/super-csv/2.4.0/super-csv-2.4.0.jar:/home/alex/.m2/repository/com/fluenda/parcefone/2.1.0/parcefone-2.1.0.jar:/home/alex/.m2/repository/javax/validation/validation-api/1.1.0.Final/validation-api-1.1.0.Final.jar:/home/alex/.m2/repository/javax/el/javax.el-api/3.0.0/javax.el-api-3.0.0.jar:/home/alex/.m2/repository/com/github/wnameless/json/json-flattener/0.12.0/json-flattener-0.12.0.jar:/home/alex/.m2/repository/com/github/wnameless/json/json-base/2.0.0/json-base-2.0.0.jar:/home/alex/.m2/repository/org/apache/bval/bval-jsr/1.1.2/bval-jsr-1.1.2.jar:/home/alex/.m2/repository/org/apache/bval/bval-core/1.1.2/bval-core-1.1.2.jar:/home/alex/.m2/repository/io/krakens/java-grok/0.1.9/java-grok-0.1.9.jar:/home/alex/.m2/repository/org/apache/calcite/calcite-core/1.27.0/calcite-core-1.27.0.jar:/home/alex/.m2/repository/org/apache/calcite/calcite-linq4j/1.27.0/calcite-linq4j-1.27.0.jar:/home/alex/.m2/repository/com/esri/geometry/esri-geometry-api/2.2.0/esri-geometry-api-2.2.0.jar:/home/alex/.m2/repository/org/apache/calcite/avatica/avatica-core/1.18.0/avatica-core-1.18.0.jar:/home/alex/.m2/repository/org/apache/calcite/avatica/avatica-metrics/1.18.0/avatica-metrics-1.18.0.jar:/home/alex/.m2/repository/com/google/protobuf/protobuf-java/3.6.1/protobuf-java-3.6.1.jar:/home/alex/.m2/repository/org/apiguardian/apiguardian-api/1.1.0/apiguardian-api-1.1.0.jar:/home/alex/.m2/repository/com/fasterxml/jackson/dataformat/jackson-dataformat-yaml/2.10.0/jackson-dataformat-yaml-2.10.0.jar:/home/alex/.m2/repository/org/yaml/snakeyaml/1.29/snakeyaml-1.29.jar:/home/alex/.m2/repository/com/google/uzaygezen/uzaygezen-core/0.2/uzaygezen-core-0.2.jar:/home/alex/.m2/repository/com/yahoo/datasketches/sketches-core/0.9.0/sketches-core-0.9.0.jar:/home/alex/.m2/repository/com/yahoo/datasketches/memory/0.9.0/memory-0.9.0.jar:/home/alex/.m2/repository/net/hydromatic/aggdesigner-algorithm/6.0/aggdesigner-algorithm-6.0.jar:/home/alex/.m2/repository/commons-lang/commons-lang/2.4/commons-lang-2.4.jar:/home/alex/.m2/repository/org/apache/commons/commons-dbcp2/2.6.0/commons-dbcp2-2.6.0.jar:/home/alex/.m2/repository/org/apache/commons/commons-pool2/2.6.1/commons-pool2-2.6.1.jar:/home/alex/.m2/repository/org/codehaus/janino/commons-compiler/3.0.11/commons-compiler-3.0.11.jar:/home/alex/.m2/repository/org/codehaus/janino/janino/3.0.11/janino-3.0.11.jar:/home/alex/Repositories/nifi/nifi-nar-bundles/nifi-standard-services/nifi-schema-registry-service-api/target/classes:/home/alex/Repositories/nifi/nifi-nar-bundles/nifi-extension-utils/nifi-database-utils/target/classes:/home/alex/Repositories/nifi/nifi-nar-bundles/nifi-standard-bundle/nifi-standard-web-test-utils/target/classes:/home/alex/.m2/repository/com/github/stefanbirkner/fake-sftp-server-rule/2.0.1/fake-sftp-server-rule-2.0.1.jar:/home/alex/.m2/repository/com/github/marschall/memoryfilesystem/2.8.0/memoryfilesystem-2.8.0.jar:/home/alex/.m2/repository/junit/junit/4.13.2/junit-4.13.2.jar:/home/alex/.m2/repository/org/hamcrest/hamcrest-core/1.3/hamcrest-core-1.3.jar:/home/alex/Repositories/nifi/nifi-nar-bundles/nifi-extension-utils/nifi-database-test-utils/target/classes:/home/alex/.m2/repository/org/codehaus/groovy/groovy-json/2.5.14/groovy-json-2.5.14.jar:/home/alex/.m2/repository/org/codehaus/groovy/groovy/2.5.14/groovy-2.5.14.jar:/home/alex/.m2/repository/org/codehaus/groovy/groovy-servlet/2.5.14/groovy-servlet-2.5.14.jar:/home/alex/.m2/repository/org/codehaus/groovy/groovy-templates/2.5.14/groovy-templates-2.5.14.jar:/home/alex/.m2/repository/org/codehaus/groovy/groovy-xml/2.5.14/groovy-xml-2.5.14.jar:/home/alex/.m2/repository/org/hamcrest/hamcrest-all/1.3/hamcrest-all-1.3.jar:/home/alex/.m2/repository/com/squareup/okhttp3/mockwebserver/4.9.2/mockwebserver-4.9.2.jar:/home/alex/.m2/repository/org/jetbrains/kotlin/kotlin-stdlib-jdk8/1.4.10/kotlin-stdlib-jdk8-1.4.10.jar:/home/alex/.m2/repository/org/jetbrains/kotlin/kotlin-stdlib-jdk7/1.4.10/kotlin-stdlib-jdk7-1.4.10.jar:/home/alex/.m2/repository/org/mockito/mockito-inline/3.12.4/mockito-inline-3.12.4.jar:/home/alex/.m2/repository/org/junit/jupiter/junit-jupiter-api/5.7.2/junit-jupiter-api-5.7.2.jar:/home/alex/.m2/repository/org/opentest4j/opentest4j/1.2.0/opentest4j-1.2.0.jar:/home/alex/.m2/repository/org/junit/platform/junit-platform-commons/1.7.2/junit-platform-commons-1.7.2.jar:/home/alex/.m2/repository/org/junit/jupiter/junit-jupiter-engine/5.7.2/junit-jupiter-engine-5.7.2.jar:/home/alex/.m2/repository/org/junit/platform/junit-platform-engine/1.7.2/junit-platform-engine-1.7.2.jar:/home/alex/.m2/repository/org/junit/vintage/junit-vintage-engine/5.7.2/junit-vintage-engine-5.7.2.jar:/home/alex/.m2/repository/org/junit/jupiter/junit-jupiter-params/5.7.2/junit-jupiter-params-5.7.2.jar:/home/alex/.m2/repository/org/mockito/mockito-core/3.11.2/mockito-core-3.11.2.jar:/home/alex/.m2/repository/net/bytebuddy/byte-buddy/1.11.3/byte-buddy-1.11.3.jar:/home/alex/.m2/repository/net/bytebuddy/byte-buddy-agent/1.11.3/byte-buddy-agent-1.11.3.jar:/home/alex/.m2/repository/org/objenesis/objenesis/3.2/objenesis-3.2.jar:/home/alex/.m2/repository/org/mockito/mockito-junit-jupiter/3.11.2/mockito-junit-jupiter-3.11.2.jar:/home/alex/.m2/repository/org/slf4j/slf4j-simple/1.7.32/slf4j-simple-1.7.32.jar:/home/alex/.m2/repository/org/codehaus/groovy/groovy-test/2.5.14/groovy-test-2.5.14.jar:"/>
    <property name="org.slf4j.simpleLogger.log.nifi.processors.standard.TestExecuteSQLRecord" value="debug"/>
    <property name="java.vm.vendor" value="Private Build"/>
    <property name="sun.arch.data.model" value="64"/>
    <property name="java.vendor.url" value="http://java.oracle.com/"/>
    <property name="user.timezone" value="Europe/Lisbon"/>
    <property name="java.vm.specification.version" value="1.8"/>
    <property name="os.name" value="Linux"/>
    <property name="user.country" value="US"/>
    <property name="sun.java.launcher" value="SUN_STANDARD"/>
    <property name="sun.boot.library.path" value="/usr/lib/jvm/java-8-openjdk-amd64/jre/lib/amd64"/>
    <property name="sun.java.command" value="/home/alex/Repositories/nifi/nifi-nar-bundles/nifi-standard-bundle/nifi-standard-processors/target/surefire/surefirebooter1968848106063708435.jar /home/alex/Repositories/nifi/nifi-nar-bundles/nifi-standard-bundle/nifi-standard-processors/target/surefire 2024-05-02T03-47-00_422-jvmRun1 surefire4606620135220886943tmp surefire_695667074623402873479tmp"/>
    <property name="org.slf4j.simpleLogger.log.nifi.io.nio" value="debug"/>
    <property name="surefire.test.class.path" value="/home/alex/Repositories/nifi/nifi-nar-bundles/nifi-standard-bundle/nifi-standard-processors/target/test-classes:/home/alex/Repositories/nifi/nifi-nar-bundles/nifi-standard-bundle/nifi-standard-processors/target/classes:/home/alex/.m2/repository/org/apache/ftpserver/ftpserver-core/1.1.1/ftpserver-core-1.1.1.jar:/home/alex/.m2/repository/org/apache/ftpserver/ftplet-api/1.1.1/ftplet-api-1.1.1.jar:/home/alex/.m2/repository/org/slf4j/slf4j-api/1.7.32/slf4j-api-1.7.32.jar:/home/alex/.m2/repository/org/apache/mina/mina-core/2.0.16/mina-core-2.0.16.jar:/home/alex/Repositories/nifi/nifi-api/target/classes:/home/alex/Repositories/nifi/nifi-commons/nifi-expression-language/target/classes:/home/alex/.m2/repository/org/antlr/antlr-runtime/3.5.2/antlr-runtime-3.5.2.jar:/home/alex/Repositories/nifi/nifi-commons/nifi-parameter/target/classes:/home/alex/Repositories/nifi/nifi-commons/nifi-uuid5/target/classes:/home/alex/.m2/repository/org/apache/commons/commons-text/1.8/commons-text-1.8.jar:/home/alex/Repositories/nifi/nifi-nar-bundles/nifi-extension-utils/nifi-processor-utils/target/classes:/home/alex/Repositories/nifi/nifi-commons/nifi-security-socket-ssl/target/classes:/home/alex/Repositories/nifi/nifi-nar-bundles/nifi-extension-utils/nifi-event-transport/target/classes:/home/alex/.m2/repository/io/netty/netty-handler/4.1.69.Final/netty-handler-4.1.69.Final.jar:/home/alex/.m2/repository/io/netty/netty-common/4.1.69.Final/netty-common-4.1.69.Final.jar:/home/alex/.m2/repository/io/netty/netty-resolver/4.1.69.Final/netty-resolver-4.1.69.Final.jar:/home/alex/.m2/repository/io/netty/netty-transport/4.1.69.Final/netty-transport-4.1.69.Final.jar:/home/alex/.m2/repository/io/netty/netty-codec/4.1.69.Final/netty-codec-4.1.69.Final.jar:/home/alex/Repositories/nifi/nifi-nar-bundles/nifi-extension-utils/nifi-syslog-utils/target/classes:/home/alex/.m2/repository/com/github/palindromicity/simple-syslog-5424/0.0.16/simple-syslog-5424-0.0.16.jar:/home/alex/.m2/repository/org/antlr/antlr4-runtime/4.7.2/antlr4-runtime-4.7.2.jar:/home/alex/Repositories/nifi/nifi-commons/nifi-utils/target/classes:/home/alex/Repositories/nifi/nifi-commons/nifi-record-path/target/classes:/home/alex/Repositories/nifi/nifi-commons/nifi-properties/target/classes:/home/alex/Repositories/nifi/nifi-commons/nifi-property-utils/target/classes:/home/alex/.m2/repository/com/github/ben-manes/caffeine/caffeine/2.8.1/caffeine-2.8.1.jar:/home/alex/Repositories/nifi/nifi-nar-bundles/nifi-standard-services/nifi-ssl-context-service-api/target/classes:/home/alex/Repositories/nifi/nifi-commons/nifi-security-utils-api/target/classes:/home/alex/Repositories/nifi/nifi-nar-bundles/nifi-standard-services/nifi-lookup-service-api/target/classes:/home/alex/Repositories/nifi/nifi-commons/nifi-flowfile-packager/target/classes:/home/alex/Repositories/nifi/nifi-nar-bundles/nifi-standard-services/nifi-distributed-cache-client-service-api/target/classes:/home/alex/Repositories/nifi/nifi-nar-bundles/nifi-standard-services/nifi-http-context-map-api/target/classes:/home/alex/Repositories/nifi/nifi-nar-bundles/nifi-standard-services/nifi-record-serialization-service-api/target/classes:/home/alex/Repositories/nifi/nifi-nar-bundles/nifi-standard-services/nifi-proxy-configuration-api/target/classes:/home/alex/Repositories/nifi/nifi-commons/nifi-record/target/classes:/home/alex/Repositories/nifi/nifi-nar-bundles/nifi-standard-services/nifi-record-sink-api/target/classes:/home/alex/.m2/repository/commons-io/commons-io/2.10.0/commons-io-2.10.0.jar:/home/alex/.m2/repository/javax/ws/rs/javax.ws.rs-api/2.1/javax.ws.rs-api-2.1.jar:/home/alex/.m2/repository/commons-net/commons-net/3.6/commons-net-3.6.jar:/home/alex/.m2/repository/org/apache/commons/commons-compress/1.21/commons-compress-1.21.jar:/home/alex/.m2/repository/org/apache/commons/commons-lang3/3.9/commons-lang3-3.9.jar:/home/alex/.m2/repository/org/bouncycastle/bcprov-jdk15on/1.69/bcprov-jdk15on-1.69.jar:/home/alex/.m2/repository/org/bouncycastle/bcpg-jdk15on/1.69/bcpg-jdk15on-1.69.jar:/home/alex/.m2/repository/org/bouncycastle/bcpkix-jdk15on/1.69/bcpkix-jdk15on-1.69.jar:/home/alex/.m2/repository/org/bouncycastle/bcutil-jdk15on/1.69/bcutil-jdk15on-1.69.jar:/home/alex/.m2/repository/commons-codec/commons-codec/1.14/commons-codec-1.14.jar:/home/alex/Repositories/nifi/nifi-commons/nifi-security-utils/target/classes:/home/alex/Repositories/nifi/nifi-commons/nifi-security-kms/target/classes:/home/alex/.m2/repository/org/apache/commons/commons-configuration2/2.7/commons-configuration2-2.7.jar:/home/alex/.m2/repository/com/hierynomus/sshj/0.32.0/sshj-0.32.0.jar:/home/alex/.m2/repository/com/jcraft/jzlib/1.1.3/jzlib-1.1.3.jar:/home/alex/.m2/repository/com/hierynomus/asn-one/0.6.0/asn-one-0.6.0.jar:/home/alex/.m2/repository/net/i2p/crypto/eddsa/0.3.0/eddsa-0.3.0.jar:/home/alex/.m2/repository/org/eclipse/jetty/jetty-server/9.4.44.v20210927/jetty-server-9.4.44.v20210927.jar:/home/alex/.m2/repository/javax/servlet/javax.servlet-api/3.1.0/javax.servlet-api-3.1.0.jar:/home/alex/.m2/repository/org/eclipse/jetty/jetty-http/9.4.44.v20210927/jetty-http-9.4.44.v20210927.jar:/home/alex/.m2/repository/org/eclipse/jetty/jetty-util/9.4.44.v20210927/jetty-util-9.4.44.v20210927.jar:/home/alex/.m2/repository/org/eclipse/jetty/jetty-io/9.4.44.v20210927/jetty-io-9.4.44.v20210927.jar:/home/alex/.m2/repository/org/eclipse/jetty/jetty-servlet/9.4.44.v20210927/jetty-servlet-9.4.44.v20210927.jar:/home/alex/.m2/repository/org/eclipse/jetty/jetty-security/9.4.44.v20210927/jetty-security-9.4.44.v20210927.jar:/home/alex/.m2/repository/org/eclipse/jetty/jetty-util-ajax/9.4.44.v20210927/jetty-util-ajax-9.4.44.v20210927.jar:/home/alex/.m2/repository/org/apache/httpcomponents/httpclient/4.5.5/httpclient-4.5.5.jar:/home/alex/.m2/repository/commons-logging/commons-logging/1.2/commons-logging-1.2.jar:/home/alex/.m2/repository/org/apache/httpcomponents/httpcore/4.4.9/httpcore-4.4.9.jar:/home/alex/.m2/repository/jakarta/activation/jakarta.activation-api/2.0.1/jakarta.activation-api-2.0.1.jar:/home/alex/.m2/repository/com/sun/activation/jakarta.activation/2.0.1/jakarta.activation-2.0.1.jar:/home/alex/.m2/repository/jakarta/mail/jakarta.mail-api/2.0.1/jakarta.mail-api-2.0.1.jar:/home/alex/.m2/repository/com/sun/mail/jakarta.mail/2.0.1/jakarta.mail-2.0.1.jar:/home/alex/.m2/repository/com/github/jponge/lzma-java/1.3/lzma-java-1.3.jar:/home/alex/.m2/repository/org/tukaani/xz/1.8/xz-1.8.jar:/home/alex/.m2/repository/net/sf/saxon/Saxon-HE/10.6/Saxon-HE-10.6.jar:/home/alex/Repositories/nifi/nifi-commons/nifi-socket-utils/target/classes:/home/alex/Repositories/nifi/nifi-commons/nifi-logging-utils/target/classes:/home/alex/Repositories/nifi/nifi-nar-bundles/nifi-standard-services/nifi-load-distribution-service-api/target/classes:/home/alex/.m2/repository/javax/jms/javax.jms-api/2.0.1/javax.jms-api-2.0.1.jar:/home/alex/.m2/repository/org/apache/activemq/activemq-client/5.15.15/activemq-client-5.15.15.jar:/home/alex/.m2/repository/org/apache/geronimo/specs/geronimo-jms_1.1_spec/1.1.1/geronimo-jms_1.1_spec-1.1.1.jar:/home/alex/.m2/repository/org/fusesource/hawtbuf/hawtbuf/1.11/hawtbuf-1.11.jar:/home/alex/.m2/repository/org/apache/geronimo/specs/geronimo-j2ee-management_1.1_spec/1.0.1/geronimo-j2ee-management_1.1_spec-1.0.1.jar:/home/alex/.m2/repository/com/jayway/jsonpath/json-path/2.6.0/json-path-2.6.0.jar:/home/alex/.m2/repository/net/minidev/json-smart/2.4.7/json-smart-2.4.7.jar:/home/alex/.m2/repository/net/minidev/accessors-smart/2.4.7/accessors-smart-2.4.7.jar:/home/alex/.m2/repository/org/ow2/asm/asm/9.1/asm-9.1.jar:/home/alex/.m2/repository/org/apache/tika/tika-core/1.26/tika-core-1.26.jar:/home/alex/.m2/repository/com/fasterxml/jackson/core/jackson-databind/2.12.3/jackson-databind-2.12.3.jar:/home/alex/.m2/repository/com/fasterxml/jackson/core/jackson-annotations/2.12.3/jackson-annotations-2.12.3.jar:/home/alex/.m2/repository/com/fasterxml/jackson/core/jackson-core/2.12.3/jackson-core-2.12.3.jar:/home/alex/Repositories/nifi/nifi-nar-bundles/nifi-extension-utils/nifi-record-utils/nifi-avro-record-utils/target/classes:/home/alex/Repositories/nifi/nifi-nar-bundles/nifi-extension-utils/nifi-record-utils/nifi-standard-record-utils/target/classes:/home/alex/.m2/repository/org/apache/avro/avro/1.8.1/avro-1.8.1.jar:/home/alex/.m2/repository/org/codehaus/jackson/jackson-core-asl/1.9.13/jackson-core-asl-1.9.13.jar:/home/alex/.m2/repository/org/codehaus/jackson/jackson-mapper-asl/1.9.13/jackson-mapper-asl-1.9.13.jar:/home/alex/.m2/repository/com/thoughtworks/paranamer/paranamer/2.7/paranamer-2.7.jar:/home/alex/Repositories/nifi/nifi-nar-bundles/nifi-standard-services/nifi-dbcp-service-api/target/classes:/home/alex/.m2/repository/com/squareup/okhttp3/okhttp/4.9.2/okhttp-4.9.2.jar:/home/alex/.m2/repository/com/squareup/okio/okio/2.8.0/okio-2.8.0.jar:/home/alex/.m2/repository/org/jetbrains/kotlin/kotlin-stdlib-common/1.4.0/kotlin-stdlib-common-1.4.0.jar:/home/alex/.m2/repository/org/jetbrains/kotlin/kotlin-stdlib/1.4.10/kotlin-stdlib-1.4.10.jar:/home/alex/.m2/repository/org/jetbrains/annotations/13.0/annotations-13.0.jar:/home/alex/.m2/repository/io/github/rburgst/okhttp-digest/2.5/okhttp-digest-2.5.jar:/home/alex/.m2/repository/at/favre/lib/bcrypt/0.9.0/bcrypt-0.9.0.jar:/home/alex/.m2/repository/at/favre/lib/bytes/1.3.0/bytes-1.3.0.jar:/home/alex/.m2/repository/com/google/guava/guava/28.0-jre/guava-28.0-jre.jar:/home/alex/.m2/repository/com/google/guava/failureaccess/1.0.1/failureaccess-1.0.1.jar:/home/alex/.m2/repository/com/google/guava/listenablefuture/9999.0-empty-to-avoid-conflict-with-guava/listenablefuture-9999.0-empty-to-avoid-conflict-with-guava.jar:/home/alex/.m2/repository/com/google/code/findbugs/jsr305/3.0.2/jsr305-3.0.2.jar:/home/alex/.m2/repository/org/checkerframework/checker-qual/2.8.1/checker-qual-2.8.1.jar:/home/alex/.m2/repository/com/google/errorprone/error_prone_annotations/2.3.2/error_prone_annotations-2.3.2.jar:/home/alex/.m2/repository/com/google/j2objc/j2objc-annotations/1.3/j2objc-annotations-1.3.jar:/home/alex/.m2/repository/org/codehaus/mojo/animal-sniffer-annotations/1.17/animal-sniffer-annotations-1.17.jar:/home/alex/Repositories/nifi/nifi-mock/target/classes:/home/alex/Repositories/nifi/nifi-framework-api/target/classes:/home/alex/Repositories/nifi/nifi-nar-bundles/nifi-framework-bundle/nifi-framework/nifi-framework-core-api/target/classes:/home/alex/Repositories/nifi/nifi-nar-bundles/nifi-framework-bundle/nifi-framework/nifi-framework-nar-utils/target/classes:/home/alex/Repositories/nifi/nifi-nar-bundles/nifi-framework-bundle/nifi-framework/nifi-client-dto/target/classes:/home/alex/.m2/repository/io/swagger/swagger-annotations/1.6.0/swagger-annotations-1.6.0.jar:/home/alex/Repositories/nifi/nifi-commons/nifi-site-to-site-client/target/classes:/home/alex/.m2/repository/org/apache/httpcomponents/httpasyncclient/4.1.4/httpasyncclient-4.1.4.jar:/home/alex/.m2/repository/org/apache/httpcomponents/httpcore-nio/4.4.10/httpcore-nio-4.4.10.jar:/home/alex/Repositories/nifi/nifi-nar-bundles/nifi-framework-bundle/nifi-framework/nifi-framework-authorization/target/classes:/home/alex/Repositories/nifi/nifi-registry/nifi-registry-core/nifi-registry-data-model/target/classes:/home/alex/Repositories/nifi/nifi-registry/nifi-registry-core/nifi-registry-revision/nifi-registry-revision-entity-model/target/classes:/home/alex/Repositories/nifi/nifi-registry/nifi-registry-core/nifi-registry-client/target/classes:/home/alex/Repositories/nifi/nifi-registry/nifi-registry-core/nifi-registry-security-utils/target/classes:/home/alex/.m2/repository/org/glassfish/jersey/core/jersey-client/2.33/jersey-client-2.33.jar:/home/alex/.m2/repository/jakarta/ws/rs/jakarta.ws.rs-api/2.1.6/jakarta.ws.rs-api-2.1.6.jar:/home/alex/.m2/repository/org/glassfish/hk2/external/jakarta.inject/2.6.1/jakarta.inject-2.6.1.jar:/home/alex/.m2/repository/org/glassfish/jersey/media/jersey-media-json-jackson/2.33/jersey-media-json-jackson-2.33.jar:/home/alex/.m2/repository/org/glassfish/jersey/ext/jersey-entity-filtering/2.33/jersey-entity-filtering-2.33.jar:/home/alex/.m2/repository/org/glassfish/jersey/inject/jersey-hk2/2.33/jersey-hk2-2.33.jar:/home/alex/.m2/repository/org/glassfish/hk2/hk2-locator/2.6.1/hk2-locator-2.6.1.jar:/home/alex/.m2/repository/org/glassfish/hk2/external/aopalliance-repackaged/2.6.1/aopalliance-repackaged-2.6.1.jar:/home/alex/.m2/repository/org/glassfish/hk2/hk2-api/2.6.1/hk2-api-2.6.1.jar:/home/alex/.m2/repository/org/glassfish/hk2/hk2-utils/2.6.1/hk2-utils-2.6.1.jar:/home/alex/.m2/repository/org/javassist/javassist/3.25.0-GA/javassist-3.25.0-GA.jar:/home/alex/.m2/repository/org/glassfish/jersey/core/jersey-common/2.33/jersey-common-2.33.jar:/home/alex/.m2/repository/jakarta/annotation/jakarta.annotation-api/1.3.5/jakarta.annotation-api-1.3.5.jar:/home/alex/.m2/repository/org/glassfish/hk2/osgi-resource-locator/1.0.3/osgi-resource-locator-1.0.3.jar:/home/alex/.m2/repository/org/glassfish/jersey/media/jersey-media-multipart/2.33/jersey-media-multipart-2.33.jar:/home/alex/.m2/repository/org/jvnet/mimepull/mimepull/1.9.13/mimepull-1.9.13.jar:/home/alex/Repositories/nifi/nifi-commons/nifi-data-provenance-utils/target/classes:/home/alex/Repositories/nifi/nifi-nar-bundles/nifi-standard-services/nifi-distributed-cache-services-bundle/nifi-distributed-cache-client-service/target/classes:/home/alex/Repositories/nifi/nifi-nar-bundles/nifi-standard-services/nifi-distributed-cache-services-bundle/nifi-distributed-cache-protocol/target/classes:/home/alex/.m2/repository/io/netty/netty-buffer/4.1.69.Final/netty-buffer-4.1.69.Final.jar:/home/alex/.m2/repository/com/google/http-client/google-http-client/1.28.0/google-http-client-1.28.0.jar:/home/alex/.m2/repository/io/opencensus/opencensus-api/0.18.0/opencensus-api-0.18.0.jar:/home/alex/.m2/repository/io/grpc/grpc-context/1.14.0/grpc-context-1.14.0.jar:/home/alex/.m2/repository/io/opencensus/opencensus-contrib-http-util/0.18.0/opencensus-contrib-http-util-0.18.0.jar:/home/alex/.m2/repository/org/apache/activemq/activemq-broker/5.15.14/activemq-broker-5.15.14.jar:/home/alex/.m2/repository/org/apache/activemq/activemq-openwire-legacy/5.15.14/activemq-openwire-legacy-5.15.14.jar:/home/alex/Repositories/nifi/nifi-nar-bundles/nifi-standard-services/nifi-ssl-context-bundle/nifi-ssl-context-service/target/classes:/home/alex/Repositories/nifi/nifi-nar-bundles/nifi-framework-bundle/nifi-framework/nifi-standard-prioritizers/target/classes:/home/alex/Repositories/nifi/nifi-nar-bundles/nifi-extension-utils/nifi-record-utils/nifi-mock-record-utils/target/classes:/home/alex/Repositories/nifi/nifi-nar-bundles/nifi-standard-services/nifi-record-serialization-services-bundle/nifi-record-serialization-services/target/classes:/home/alex/.m2/repository/org/apache/commons/commons-csv/1.8/commons-csv-1.8.jar:/home/alex/.m2/repository/com/fasterxml/jackson/dataformat/jackson-dataformat-csv/2.12.3/jackson-dataformat-csv-2.12.3.jar:/home/alex/.m2/repository/net/java/dev/stax-utils/stax-utils/20070216/stax-utils-20070216.jar:/home/alex/Repositories/nifi/nifi-nar-bundles/nifi-standard-services/nifi-lookup-services-bundle/nifi-lookup-services/target/classes:/home/alex/.m2/repository/commons-beanutils/commons-beanutils/1.9.4/commons-beanutils-1.9.4.jar:/home/alex/.m2/repository/commons-collections/commons-collections/3.2.2/commons-collections-3.2.2.jar:/home/alex/.m2/repository/com/maxmind/geoip2/geoip2/2.12.0/geoip2-2.12.0.jar:/home/alex/.m2/repository/com/maxmind/db/maxmind-db/1.2.2/maxmind-db-1.2.2.jar:/home/alex/.m2/repository/org/apache/derby/derby/10.14.2.0/derby-10.14.2.0.jar:/home/alex/.m2/repository/org/xerial/snappy/snappy-java/1.1.7.3/snappy-java-1.1.7.3.jar:/home/alex/.m2/repository/net/lingala/zip4j/zip4j/2.8.0/zip4j-2.8.0.jar:/home/alex/.m2/repository/com/h2database/h2/1.4.187/h2-1.4.187.jar:/home/alex/.m2/repository/org/mockftpserver/MockFtpServer/2.7.1/MockFtpServer-2.7.1.jar:/home/alex/.m2/repository/org/apache/sshd/sshd-core/1.7.0/sshd-core-1.7.0.jar:/home/alex/.m2/repository/com/bazaarvoice/jolt/jolt-core/0.1.1/jolt-core-0.1.1.jar:/home/alex/.m2/repository/javax/inject/javax.inject/1/javax.inject-1.jar:/home/alex/.m2/repository/com/bazaarvoice/jolt/json-utils/0.1.1/json-utils-0.1.1.jar:/home/alex/Repositories/nifi/nifi-nar-bundles/nifi-standard-bundle/nifi-standard-utils/target/classes:/home/alex/.m2/repository/net/sf/supercsv/super-csv/2.4.0/super-csv-2.4.0.jar:/home/alex/.m2/repository/com/fluenda/parcefone/2.1.0/parcefone-2.1.0.jar:/home/alex/.m2/repository/javax/validation/validation-api/1.1.0.Final/validation-api-1.1.0.Final.jar:/home/alex/.m2/repository/javax/el/javax.el-api/3.0.0/javax.el-api-3.0.0.jar:/home/alex/.m2/repository/com/github/wnameless/json/json-flattener/0.12.0/json-flattener-0.12.0.jar:/home/alex/.m2/repository/com/github/wnameless/json/json-base/2.0.0/json-base-2.0.0.jar:/home/alex/.m2/repository/org/apache/bval/bval-jsr/1.1.2/bval-jsr-1.1.2.jar:/home/alex/.m2/repository/org/apache/bval/bval-core/1.1.2/bval-core-1.1.2.jar:/home/alex/.m2/repository/io/krakens/java-grok/0.1.9/java-grok-0.1.9.jar:/home/alex/.m2/repository/org/apache/calcite/calcite-core/1.27.0/calcite-core-1.27.0.jar:/home/alex/.m2/repository/org/apache/calcite/calcite-linq4j/1.27.0/calcite-linq4j-1.27.0.jar:/home/alex/.m2/repository/com/esri/geometry/esri-geometry-api/2.2.0/esri-geometry-api-2.2.0.jar:/home/alex/.m2/repository/org/apache/calcite/avatica/avatica-core/1.18.0/avatica-core-1.18.0.jar:/home/alex/.m2/repository/org/apache/calcite/avatica/avatica-metrics/1.18.0/avatica-metrics-1.18.0.jar:/home/alex/.m2/repository/com/google/protobuf/protobuf-java/3.6.1/protobuf-java-3.6.1.jar:/home/alex/.m2/repository/org/apiguardian/apiguardian-api/1.1.0/apiguardian-api-1.1.0.jar:/home/alex/.m2/repository/com/fasterxml/jackson/dataformat/jackson-dataformat-yaml/2.10.0/jackson-dataformat-yaml-2.10.0.jar:/home/alex/.m2/repository/org/yaml/snakeyaml/1.29/snakeyaml-1.29.jar:/home/alex/.m2/repository/com/google/uzaygezen/uzaygezen-core/0.2/uzaygezen-core-0.2.jar:/home/alex/.m2/repository/com/yahoo/datasketches/sketches-core/0.9.0/sketches-core-0.9.0.jar:/home/alex/.m2/repository/com/yahoo/datasketches/memory/0.9.0/memory-0.9.0.jar:/home/alex/.m2/repository/net/hydromatic/aggdesigner-algorithm/6.0/aggdesigner-algorithm-6.0.jar:/home/alex/.m2/repository/commons-lang/commons-lang/2.4/commons-lang-2.4.jar:/home/alex/.m2/repository/org/apache/commons/commons-dbcp2/2.6.0/commons-dbcp2-2.6.0.jar:/home/alex/.m2/repository/org/apache/commons/commons-pool2/2.6.1/commons-pool2-2.6.1.jar:/home/alex/.m2/repository/org/codehaus/janino/commons-compiler/3.0.11/commons-compiler-3.0.11.jar:/home/alex/.m2/repository/org/codehaus/janino/janino/3.0.11/janino-3.0.11.jar:/home/alex/Repositories/nifi/nifi-nar-bundles/nifi-standard-services/nifi-schema-registry-service-api/target/classes:/home/alex/Repositories/nifi/nifi-nar-bundles/nifi-extension-utils/nifi-database-utils/target/classes:/home/alex/Repositories/nifi/nifi-nar-bundles/nifi-standard-bundle/nifi-standard-web-test-utils/target/classes:/home/alex/.m2/repository/com/github/stefanbirkner/fake-sftp-server-rule/2.0.1/fake-sftp-server-rule-2.0.1.jar:/home/alex/.m2/repository/com/github/marschall/memoryfilesystem/2.8.0/memoryfilesystem-2.8.0.jar:/home/alex/.m2/repository/junit/junit/4.13.2/junit-4.13.2.jar:/home/alex/.m2/repository/org/hamcrest/hamcrest-core/1.3/hamcrest-core-1.3.jar:/home/alex/Repositories/nifi/nifi-nar-bundles/nifi-extension-utils/nifi-database-test-utils/target/classes:/home/alex/.m2/repository/org/codehaus/groovy/groovy-json/2.5.14/groovy-json-2.5.14.jar:/home/alex/.m2/repository/org/codehaus/groovy/groovy/2.5.14/groovy-2.5.14.jar:/home/alex/.m2/repository/org/codehaus/groovy/groovy-servlet/2.5.14/groovy-servlet-2.5.14.jar:/home/alex/.m2/repository/org/codehaus/groovy/groovy-templates/2.5.14/groovy-templates-2.5.14.jar:/home/alex/.m2/repository/org/codehaus/groovy/groovy-xml/2.5.14/groovy-xml-2.5.14.jar:/home/alex/.m2/repository/org/hamcrest/hamcrest-all/1.3/hamcrest-all-1.3.jar:/home/alex/.m2/repository/com/squareup/okhttp3/mockwebserver/4.9.2/mockwebserver-4.9.2.jar:/home/alex/.m2/repository/org/jetbrains/kotlin/kotlin-stdlib-jdk8/1.4.10/kotlin-stdlib-jdk8-1.4.10.jar:/home/alex/.m2/repository/org/jetbrains/kotlin/kotlin-stdlib-jdk7/1.4.10/kotlin-stdlib-jdk7-1.4.10.jar:/home/alex/.m2/repository/org/mockito/mockito-inline/3.12.4/mockito-inline-3.12.4.jar:/home/alex/.m2/repository/org/junit/jupiter/junit-jupiter-api/5.7.2/junit-jupiter-api-5.7.2.jar:/home/alex/.m2/repository/org/opentest4j/opentest4j/1.2.0/opentest4j-1.2.0.jar:/home/alex/.m2/repository/org/junit/platform/junit-platform-commons/1.7.2/junit-platform-commons-1.7.2.jar:/home/alex/.m2/repository/org/junit/jupiter/junit-jupiter-engine/5.7.2/junit-jupiter-engine-5.7.2.jar:/home/alex/.m2/repository/org/junit/platform/junit-platform-engine/1.7.2/junit-platform-engine-1.7.2.jar:/home/alex/.m2/repository/org/junit/vintage/junit-vintage-engine/5.7.2/junit-vintage-engine-5.7.2.jar:/home/alex/.m2/repository/org/junit/jupiter/junit-jupiter-params/5.7.2/junit-jupiter-params-5.7.2.jar:/home/alex/.m2/repository/org/mockito/mockito-core/3.11.2/mockito-core-3.11.2.jar:/home/alex/.m2/repository/net/bytebuddy/byte-buddy/1.11.3/byte-buddy-1.11.3.jar:/home/alex/.m2/repository/net/bytebuddy/byte-buddy-agent/1.11.3/byte-buddy-agent-1.11.3.jar:/home/alex/.m2/repository/org/objenesis/objenesis/3.2/objenesis-3.2.jar:/home/alex/.m2/repository/org/mockito/mockito-junit-jupiter/3.11.2/mockito-junit-jupiter-3.11.2.jar:/home/alex/.m2/repository/org/slf4j/slf4j-simple/1.7.32/slf4j-simple-1.7.32.jar:/home/alex/.m2/repository/org/codehaus/groovy/groovy-test/2.5.14/groovy-test-2.5.14.jar:"/>
    <property name="sun.cpu.endian" value="little"/>
    <property name="user.home" value="/home/alex"/>
    <property name="user.language" value="en"/>
    <property name="java.specification.vendor" value="Oracle Corporation"/>
    <property name="java.home" value="/usr/lib/jvm/java-8-openjdk-amd64/jre"/>
    <property name="basedir" value="/home/alex/Repositories/nifi/nifi-nar-bundles/nifi-standard-bundle/nifi-standard-processors"/>
    <property name="file.separator" value="/"/>
    <property name="line.separator" value="&#10;"/>
    <property name="java.vm.specification.vendor" value="Oracle Corporation"/>
    <property name="java.specification.name" value="Java Platform API Specification"/>
    <property name="derby.stream.error.file" value="target/derby.log"/>
    <property name="org.slf4j.simpleLogger.log.org.apache.nifi" value="TRACE"/>
    <property name="javax.xml.xpath.XPathFactory:http://saxon.sf.net/jaxp/xpath/om" value="net.sf.saxon.xpath.XPathFactoryImpl"/>
    <property name="java.awt.graphicsenv" value="sun.awt.X11GraphicsEnvironment"/>
    <property name="org.slf4j.simpleLogger.log.org.apache.nifi.processors.standard.SQLTransform" value="debug"/>
    <property name="java.awt.headless" value="true"/>
    <property name="org.slf4j.simpleLogger.log.nifi.processors.standard.ExecuteSQLRecord" value="debug"/>
    <property name="org.slf4j.simpleLogger.showDateTime" value="true"/>
    <property name="surefire.real.class.path" value="/home/alex/Repositories/nifi/nifi-nar-bundles/nifi-standard-bundle/nifi-standard-processors/target/surefire/surefirebooter1968848106063708435.jar"/>
    <property name="sun.boot.class.path" value="/usr/lib/jvm/java-8-openjdk-amd64/jre/lib/resources.jar:/usr/lib/jvm/java-8-openjdk-amd64/jre/lib/rt.jar:/usr/lib/jvm/java-8-openjdk-amd64/jre/lib/sunrsasign.jar:/usr/lib/jvm/java-8-openjdk-amd64/jre/lib/jsse.jar:/usr/lib/jvm/java-8-openjdk-amd64/jre/lib/jce.jar:/usr/lib/jvm/java-8-openjdk-amd64/jre/lib/charsets.jar:/usr/lib/jvm/java-8-openjdk-amd64/jre/lib/jfr.jar:/usr/lib/jvm/java-8-openjdk-amd64/jre/classes"/>
    <property name="sun.management.compiler" value="HotSpot 64-Bit Tiered Compilers"/>
    <property name="org.slf4j.simpleLogger.log.nifi.processors.standard.TestExecuteSQL" value="debug"/>
    <property name="java.runtime.version" value="1.8.0_402-8u402-ga-2ubuntu1~22.04-b06"/>
    <property name="java.net.preferIPv4Stack" value="true"/>
    <property name="user.name" value="alex"/>
    <property name="path.separator" value=":"/>
    <property name="os.version" value="6.5.0-28-generic"/>
    <property name="java.endorsed.dirs" value="/usr/lib/jvm/java-8-openjdk-amd64/jre/lib/endorsed"/>
    <property name="java.runtime.name" value="OpenJDK Runtime Environment"/>
    <property name="org.slf4j.simpleLogger.log.nifi.processors.standard.DistributeLoad" value="debug"/>
    <property name="file.encoding" value="UTF-8"/>
    <property name="org.slf4j.simpleLogger.log.org.apache.nifi.processors.standard" value="DEBUG"/>
    <property name="org.slf4j.simpleLogger.log.nifi.processors.standard.ExecuteSQL" value="debug"/>
    <property name="sun.nio.ch.bugLevel" value=""/>
    <property name="java.vm.name" value="OpenJDK 64-Bit Server VM"/>
    <property name="localRepository" value="/home/alex/.m2/repository"/>
    <property name="java.vendor.url.bug" value="http://bugreport.sun.com/bugreport/"/>
    <property name="jetty.git.hash" value="8da83308eeca865e495e53ef315a249d63ba9332"/>
    <property name="java.io.tmpdir" value="/tmp"/>
    <property name="java.version" value="1.8.0_402"/>
    <property name="user.dir" value="/home/alex/Repositories/nifi/nifi-nar-bundles/nifi-standard-bundle/nifi-standard-processors"/>
    <property name="org.slf4j.simpleLogger.log.nifi.processors.standard.TestDetectDuplicate" value="debug"/>
    <property name="os.arch" value="amd64"/>
    <property name="java.vm.specification.name" value="Java Virtual Machine Specification"/>
    <property name="java.awt.printerjob" value="sun.print.PSPrinterJob"/>
    <property name="sun.os.patch.level" value="unknown"/>
    <property name="org.slf4j.simpleLogger.defaultLogLevel" value="info"/>
    <property name="java.library.path" value="/usr/java/packages/lib/amd64:/usr/lib/x86_64-linux-gnu/jni:/lib/x86_64-linux-gnu:/usr/lib/x86_64-linux-gnu:/usr/lib/jni:/lib:/usr/lib"/>
    <property name="java.vm.info" value="mixed mode"/>
    <property name="java.vendor" value="Private Build"/>
    <property name="java.vm.version" value="25.402-b06"/>
    <property name="org.slf4j.simpleLogger.log.nifi.processors.standard.DetectDuplicate" value="debug"/>
    <property name="java.specification.maintenance.version" value="5"/>
    <property name="java.ext.dirs" value="/usr/lib/jvm/java-8-openjdk-amd64/jre/lib/ext:/usr/java/packages/lib/ext"/>
    <property name="sun.io.unicode.encoding" value="UnicodeLittle"/>
    <property name="java.class.version" value="52.0"/>
  </properties>
  <testcase name="testMultipartFormDataRequest" classname="org.apache.nifi.processors.standard.TestListenHTTP" time="0.329">
    <system-err><![CDATA[[main] INFO org.eclipse.jetty.util.log - Logging initialized @133635ms to org.eclipse.jetty.util.log.Slf4jLog
[main] INFO org.eclipse.jetty.server.Server - jetty-9.4.44.v20210927; built: 2021-09-27T23:02:44.612Z; git: 8da83308eeca865e495e53ef315a249d63ba9332; jvm 1.8.0_402-8u402-ga-2ubuntu1~22.04-b06
[main] INFO org.eclipse.jetty.server.session - DefaultSessionIdManager workerName=node0
[main] INFO org.eclipse.jetty.server.session - No SessionScavenger set, using defaults
[main] INFO org.eclipse.jetty.server.session - node0 Scavenging every 600000ms
[main] INFO org.eclipse.jetty.server.handler.ContextHandler - Started o.e.j.s.ServletContextHandler@605867ea{/,null,AVAILABLE}
[main] INFO org.eclipse.jetty.server.AbstractConnector - Started ServerConnector@57980e00{HTTP/1.1, (http/1.1)}{0.0.0.0:39041}
[main] INFO org.eclipse.jetty.server.Server - Started @133798ms
[main] DEBUG org.apache.nifi.processors.standard.ListenHTTP - ListenHTTP[id=59de5583-c532-4653-9ff5-2256c8ddcfaa] Server Socket Connected after 0 ms
[ListenHTTP (59de5583-c532-4653-9ff5-2256c8ddcfaa) Web Server-2956] DEBUG org.apache.nifi.processors.standard.ListenHTTP - ListenHTTP[id=59de5583-c532-4653-9ff5-2256c8ddcfaa] Received request from 127.0.0.1, createHold=false, content-type=multipart/form-data; boundary=4ec8374e-a083-42c6-909d-161d98ff239e, gzip=false
[ListenHTTP (59de5583-c532-4653-9ff5-2256c8ddcfaa) Web Server-2956] INFO org.apache.nifi.processors.standard.ListenHTTP - ListenHTTP[id=59de5583-c532-4653-9ff5-2256c8ddcfaa] Received from Remote Host: [127.0.0.1] Port [39172] SubjectDN [none] IssuerDN [none]; transferring to 'success'
[main] INFO org.eclipse.jetty.server.AbstractConnector - Stopped ServerConnector@57980e00{HTTP/1.1, (http/1.1)}{0.0.0.0:39041}
[main] INFO org.eclipse.jetty.server.session - node0 Stopped scavenging
[main] INFO org.eclipse.jetty.server.handler.ContextHandler - Stopped o.e.j.s.ServletContextHandler@605867ea{/,null,STOPPED}
]]></system-err>
  </testcase>
  <testcase name="testSecureTwoWaySslPOSTRequestsReceivedWithoutEL" classname="org.apache.nifi.processors.standard.TestListenHTTP" time="0.255">
    <system-err><![CDATA[[main] INFO org.eclipse.jetty.server.Server - jetty-9.4.44.v20210927; built: 2021-09-27T23:02:44.612Z; git: 8da83308eeca865e495e53ef315a249d63ba9332; jvm 1.8.0_402-8u402-ga-2ubuntu1~22.04-b06
[main] INFO org.eclipse.jetty.server.session - DefaultSessionIdManager workerName=node0
[main] INFO org.eclipse.jetty.server.session - No SessionScavenger set, using defaults
[main] INFO org.eclipse.jetty.server.session - node0 Scavenging every 600000ms
[main] INFO org.eclipse.jetty.server.handler.ContextHandler - Started o.e.j.s.ServletContextHandler@76bcf830{/,null,AVAILABLE}
[main] INFO org.eclipse.jetty.server.AbstractConnector - Started ServerConnector@5ccf89b7{SSL, (ssl, http/1.1)}{0.0.0.0:37631}
[main] INFO org.eclipse.jetty.server.Server - Started @133965ms
[main] DEBUG org.apache.nifi.processors.standard.ListenHTTP - ListenHTTP[id=92cb0559-a0ad-4547-8236-13a86990d9c7] Server Socket Connected after 0 ms
[ListenHTTP (92cb0559-a0ad-4547-8236-13a86990d9c7) Web Server-2972] DEBUG org.apache.nifi.processors.standard.ListenHTTP - ListenHTTP[id=92cb0559-a0ad-4547-8236-13a86990d9c7] Received request from 127.0.0.1, createHold=false, content-type=application/octet-stream, gzip=false
[ListenHTTP (92cb0559-a0ad-4547-8236-13a86990d9c7) Web Server-2972] INFO org.apache.nifi.processors.standard.ListenHTTP - ListenHTTP[id=92cb0559-a0ad-4547-8236-13a86990d9c7] Received from Remote Host: [127.0.0.1] Port [36106] SubjectDN [CN=localhost] IssuerDN [CN=localhost]; transferring to 'success'
[ListenHTTP (92cb0559-a0ad-4547-8236-13a86990d9c7) Web Server-2976] DEBUG org.apache.nifi.processors.standard.ListenHTTP - ListenHTTP[id=92cb0559-a0ad-4547-8236-13a86990d9c7] Received request from 127.0.0.1, createHold=false, content-type=application/octet-stream, gzip=false
[ListenHTTP (92cb0559-a0ad-4547-8236-13a86990d9c7) Web Server-2976] INFO org.apache.nifi.processors.standard.ListenHTTP - ListenHTTP[id=92cb0559-a0ad-4547-8236-13a86990d9c7] Received from Remote Host: [127.0.0.1] Port [36122] SubjectDN [CN=localhost] IssuerDN [CN=localhost]; transferring to 'success'
[ListenHTTP (92cb0559-a0ad-4547-8236-13a86990d9c7) Web Server-2975] DEBUG org.apache.nifi.processors.standard.ListenHTTP - ListenHTTP[id=92cb0559-a0ad-4547-8236-13a86990d9c7] Received request from 127.0.0.1, createHold=false, content-type=application/octet-stream, gzip=false
[ListenHTTP (92cb0559-a0ad-4547-8236-13a86990d9c7) Web Server-2975] INFO org.apache.nifi.processors.standard.ListenHTTP - ListenHTTP[id=92cb0559-a0ad-4547-8236-13a86990d9c7] Received from Remote Host: [127.0.0.1] Port [36126] SubjectDN [CN=localhost] IssuerDN [CN=localhost]; transferring to 'success'
[ListenHTTP (92cb0559-a0ad-4547-8236-13a86990d9c7) Web Server-2970] DEBUG org.apache.nifi.processors.standard.ListenHTTP - ListenHTTP[id=92cb0559-a0ad-4547-8236-13a86990d9c7] Received request from 127.0.0.1, createHold=false, content-type=application/octet-stream, gzip=false
[ListenHTTP (92cb0559-a0ad-4547-8236-13a86990d9c7) Web Server-2970] INFO org.apache.nifi.processors.standard.ListenHTTP - ListenHTTP[id=92cb0559-a0ad-4547-8236-13a86990d9c7] Received from Remote Host: [127.0.0.1] Port [36128] SubjectDN [CN=localhost] IssuerDN [CN=localhost]; transferring to 'success'
[main] INFO org.eclipse.jetty.server.AbstractConnector - Stopped ServerConnector@5ccf89b7{SSL, (ssl, http/1.1)}{0.0.0.0:37631}
[main] INFO org.eclipse.jetty.server.session - node0 Stopped scavenging
[main] INFO org.eclipse.jetty.server.handler.ContextHandler - Stopped o.e.j.s.ServletContextHandler@76bcf830{/,null,STOPPED}
]]></system-err>
  </testcase>
  <testcase name="testMaxThreadPoolSizeOkLowerBound" classname="org.apache.nifi.processors.standard.TestListenHTTP" time="0"/>
  <testcase name="testSecureServerRejectsUnsupportedTlsProtocolVersion" classname="org.apache.nifi.processors.standard.TestListenHTTP" time="0">
    <skipped type="org.junit.AssumptionViolatedException"><![CDATA[org.junit.AssumptionViolatedException: TLS Protocol required [TLSv1.3] found [TLSv1.2]
	at org.apache.nifi.processors.standard.TestListenHTTP.testSecureServerRejectsUnsupportedTlsProtocolVersion(TestListenHTTP.java:389)
]]></skipped>
  </testcase>
  <testcase name="testPOSTRequestsReceivedWithRecordReader" classname="org.apache.nifi.processors.standard.TestListenHTTP" time="0.011">
    <system-err><![CDATA[[main] INFO org.eclipse.jetty.server.Server - jetty-9.4.44.v20210927; built: 2021-09-27T23:02:44.612Z; git: 8da83308eeca865e495e53ef315a249d63ba9332; jvm 1.8.0_402-8u402-ga-2ubuntu1~22.04-b06
[main] INFO org.eclipse.jetty.server.session - DefaultSessionIdManager workerName=node0
[main] INFO org.eclipse.jetty.server.session - No SessionScavenger set, using defaults
[main] INFO org.eclipse.jetty.server.session - node0 Scavenging every 660000ms
[main] INFO org.eclipse.jetty.server.handler.ContextHandler - Started o.e.j.s.ServletContextHandler@6e87721e{/,null,AVAILABLE}
[main] INFO org.eclipse.jetty.server.AbstractConnector - Started ServerConnector@3f2eef23{HTTP/1.1, (http/1.1)}{0.0.0.0:45705}
[main] INFO org.eclipse.jetty.server.Server - Started @134203ms
[main] DEBUG org.apache.nifi.processors.standard.ListenHTTP - ListenHTTP[id=3f6541b0-59b0-4fde-8fb2-902d6db1893a] Server Socket Connected after 0 ms
[ListenHTTP (3f6541b0-59b0-4fde-8fb2-902d6db1893a) Web Server-2980] DEBUG org.apache.nifi.processors.standard.ListenHTTP - ListenHTTP[id=3f6541b0-59b0-4fde-8fb2-902d6db1893a] Received request from 127.0.0.1, createHold=false, content-type=application/octet-stream, gzip=false
[ListenHTTP (3f6541b0-59b0-4fde-8fb2-902d6db1893a) Web Server-2980] INFO org.apache.nifi.processors.standard.ListenHTTP - ListenHTTP[id=3f6541b0-59b0-4fde-8fb2-902d6db1893a] Received from Remote Host: [127.0.0.1] Port [60936] SubjectDN [none] IssuerDN [none]; transferring to 'success'
[main] INFO org.eclipse.jetty.server.AbstractConnector - Stopped ServerConnector@3f2eef23{HTTP/1.1, (http/1.1)}{0.0.0.0:45705}
[main] INFO org.eclipse.jetty.server.session - node0 Stopped scavenging
[main] INFO org.eclipse.jetty.server.handler.ContextHandler - Stopped o.e.j.s.ServletContextHandler@6e87721e{/,null,STOPPED}
]]></system-err>
  </testcase>
  <testcase name="testSecurePOSTRequestsReturnCodeReceivedWithoutEL" classname="org.apache.nifi.processors.standard.TestListenHTTP" time="0.223">
    <system-err><![CDATA[[main] INFO org.eclipse.jetty.server.Server - jetty-9.4.44.v20210927; built: 2021-09-27T23:02:44.612Z; git: 8da83308eeca865e495e53ef315a249d63ba9332; jvm 1.8.0_402-8u402-ga-2ubuntu1~22.04-b06
[main] INFO org.eclipse.jetty.server.session - DefaultSessionIdManager workerName=node0
[main] INFO org.eclipse.jetty.server.session - No SessionScavenger set, using defaults
[main] INFO org.eclipse.jetty.server.session - node0 Scavenging every 600000ms
[main] INFO org.eclipse.jetty.server.handler.ContextHandler - Started o.e.j.s.ServletContextHandler@55a0de38{/,null,AVAILABLE}
[main] INFO org.eclipse.jetty.server.AbstractConnector - Started ServerConnector@548e1652{SSL, (ssl, http/1.1)}{0.0.0.0:43171}
[main] INFO org.eclipse.jetty.server.Server - Started @134216ms
[main] DEBUG org.apache.nifi.processors.standard.ListenHTTP - ListenHTTP[id=87538d8b-6ed7-4340-a009-22232d99ee7a] Server Socket Connected after 0 ms
[ListenHTTP (87538d8b-6ed7-4340-a009-22232d99ee7a) Web Server-2994] DEBUG org.apache.nifi.processors.standard.ListenHTTP - ListenHTTP[id=87538d8b-6ed7-4340-a009-22232d99ee7a] Received request from 127.0.0.1, createHold=false, content-type=application/octet-stream, gzip=false
[ListenHTTP (87538d8b-6ed7-4340-a009-22232d99ee7a) Web Server-2994] INFO org.apache.nifi.processors.standard.ListenHTTP - ListenHTTP[id=87538d8b-6ed7-4340-a009-22232d99ee7a] Received from Remote Host: [127.0.0.1] Port [43524] SubjectDN [none] IssuerDN [none]; transferring to 'success'
[ListenHTTP (87538d8b-6ed7-4340-a009-22232d99ee7a) Web Server-2995] DEBUG org.apache.nifi.processors.standard.ListenHTTP - ListenHTTP[id=87538d8b-6ed7-4340-a009-22232d99ee7a] Received request from 127.0.0.1, createHold=false, content-type=application/octet-stream, gzip=false
[ListenHTTP (87538d8b-6ed7-4340-a009-22232d99ee7a) Web Server-2995] INFO org.apache.nifi.processors.standard.ListenHTTP - ListenHTTP[id=87538d8b-6ed7-4340-a009-22232d99ee7a] Received from Remote Host: [127.0.0.1] Port [43534] SubjectDN [none] IssuerDN [none]; transferring to 'success'
[ListenHTTP (87538d8b-6ed7-4340-a009-22232d99ee7a) Web Server-2995] DEBUG org.apache.nifi.processors.standard.ListenHTTP - ListenHTTP[id=87538d8b-6ed7-4340-a009-22232d99ee7a] Received request from 127.0.0.1, createHold=false, content-type=application/octet-stream, gzip=false
[ListenHTTP (87538d8b-6ed7-4340-a009-22232d99ee7a) Web Server-2995] INFO org.apache.nifi.processors.standard.ListenHTTP - ListenHTTP[id=87538d8b-6ed7-4340-a009-22232d99ee7a] Received from Remote Host: [127.0.0.1] Port [43548] SubjectDN [none] IssuerDN [none]; transferring to 'success'
[ListenHTTP (87538d8b-6ed7-4340-a009-22232d99ee7a) Web Server-2991] DEBUG org.apache.nifi.processors.standard.ListenHTTP - ListenHTTP[id=87538d8b-6ed7-4340-a009-22232d99ee7a] Received request from 127.0.0.1, createHold=false, content-type=application/octet-stream, gzip=false
[ListenHTTP (87538d8b-6ed7-4340-a009-22232d99ee7a) Web Server-2991] INFO org.apache.nifi.processors.standard.ListenHTTP - ListenHTTP[id=87538d8b-6ed7-4340-a009-22232d99ee7a] Received from Remote Host: [127.0.0.1] Port [43556] SubjectDN [none] IssuerDN [none]; transferring to 'success'
[main] INFO org.eclipse.jetty.server.AbstractConnector - Stopped ServerConnector@548e1652{SSL, (ssl, http/1.1)}{0.0.0.0:43171}
[main] INFO org.eclipse.jetty.server.session - node0 Stopped scavenging
[main] INFO org.eclipse.jetty.server.handler.ContextHandler - Stopped o.e.j.s.ServletContextHandler@55a0de38{/,null,STOPPED}
]]></system-err>
  </testcase>
  <testcase name="testReturn400WhenInvalidPOSTRequestSentWithRecordReader" classname="org.apache.nifi.processors.standard.TestListenHTTP" time="0.017">
    <system-err><![CDATA[[main] INFO org.eclipse.jetty.server.Server - jetty-9.4.44.v20210927; built: 2021-09-27T23:02:44.612Z; git: 8da83308eeca865e495e53ef315a249d63ba9332; jvm 1.8.0_402-8u402-ga-2ubuntu1~22.04-b06
[main] INFO org.eclipse.jetty.server.session - DefaultSessionIdManager workerName=node0
[main] INFO org.eclipse.jetty.server.session - No SessionScavenger set, using defaults
[main] INFO org.eclipse.jetty.server.session - node0 Scavenging every 600000ms
[main] INFO org.eclipse.jetty.server.handler.ContextHandler - Started o.e.j.s.ServletContextHandler@6cce30d6{/,null,AVAILABLE}
[main] INFO org.eclipse.jetty.server.AbstractConnector - Started ServerConnector@ebb5609{HTTP/1.1, (http/1.1)}{0.0.0.0:40639}
[main] INFO org.eclipse.jetty.server.Server - Started @134437ms
[main] DEBUG org.apache.nifi.processors.standard.ListenHTTP - ListenHTTP[id=96049049-292f-46a6-be74-28dc0fb7413d] Server Socket Connected after 0 ms
[ListenHTTP (96049049-292f-46a6-be74-28dc0fb7413d) Web Server-3001] DEBUG org.apache.nifi.processors.standard.ListenHTTP - ListenHTTP[id=96049049-292f-46a6-be74-28dc0fb7413d] Received request from 127.0.0.1, createHold=false, content-type=application/octet-stream, gzip=false
[ListenHTTP (96049049-292f-46a6-be74-28dc0fb7413d) Web Server-3001] ERROR org.apache.nifi.processors.standard.ListenHTTP - ListenHTTP[id=96049049-292f-46a6-be74-28dc0fb7413d] Unable to receive file from Remote Host: [127.0.0.1] SubjectDN [none] IssuerDN [none] due to org.apache.nifi.processors.standard.exception.ListenHttpException: Could not process record.: org.apache.nifi.processors.standard.exception.ListenHttpException: Could not process record.
org.apache.nifi.processors.standard.exception.ListenHttpException: Could not process record.
	at org.apache.nifi.processors.standard.servlets.ListenHTTPServlet.processRecord(ListenHTTPServlet.java:448)
	at org.apache.nifi.processors.standard.servlets.ListenHTTPServlet.handleRequest(ListenHTTPServlet.java:323)
	at org.apache.nifi.processors.standard.servlets.ListenHTTPServlet.doPost(ListenHTTPServlet.java:247)
	at javax.servlet.http.HttpServlet.service(HttpServlet.java:707)
	at javax.servlet.http.HttpServlet.service(HttpServlet.java:790)
	at org.eclipse.jetty.servlet.ServletHolder.handle(ServletHolder.java:799)
	at org.eclipse.jetty.servlet.ServletHandler.doHandle(ServletHandler.java:550)
	at org.eclipse.jetty.server.handler.ScopedHandler.nextHandle(ScopedHandler.java:233)
	at org.eclipse.jetty.server.session.SessionHandler.doHandle(SessionHandler.java:1624)
	at org.eclipse.jetty.server.handler.ScopedHandler.nextHandle(ScopedHandler.java:233)
	at org.eclipse.jetty.server.handler.ContextHandler.doHandle(ContextHandler.java:1434)
	at org.eclipse.jetty.server.handler.ScopedHandler.nextScope(ScopedHandler.java:188)
	at org.eclipse.jetty.servlet.ServletHandler.doScope(ServletHandler.java:501)
	at org.eclipse.jetty.server.session.SessionHandler.doScope(SessionHandler.java:1594)
	at org.eclipse.jetty.server.handler.ScopedHandler.nextScope(ScopedHandler.java:186)
	at org.eclipse.jetty.server.handler.ContextHandler.doScope(ContextHandler.java:1349)
	at org.eclipse.jetty.server.handler.ScopedHandler.handle(ScopedHandler.java:141)
	at org.eclipse.jetty.server.handler.HandlerWrapper.handle(HandlerWrapper.java:127)
	at org.eclipse.jetty.server.Server.handle(Server.java:516)
	at org.eclipse.jetty.server.HttpChannel.lambda$handle$1(HttpChannel.java:400)
	at org.eclipse.jetty.server.HttpChannel.dispatch(HttpChannel.java:645)
	at org.eclipse.jetty.server.HttpChannel.handle(HttpChannel.java:392)
	at org.eclipse.jetty.server.HttpConnection.onFillable(HttpConnection.java:277)
	at org.eclipse.jetty.io.AbstractConnection$ReadCallback.succeeded(AbstractConnection.java:311)
	at org.eclipse.jetty.io.FillInterest.fillable(FillInterest.java:105)
	at org.eclipse.jetty.io.ChannelEndPoint$1.run(ChannelEndPoint.java:104)
	at org.eclipse.jetty.util.thread.strategy.EatWhatYouKill.runTask(EatWhatYouKill.java:338)
	at org.eclipse.jetty.util.thread.strategy.EatWhatYouKill.doProduce(EatWhatYouKill.java:315)
	at org.eclipse.jetty.util.thread.strategy.EatWhatYouKill.tryProduce(EatWhatYouKill.java:173)
	at org.eclipse.jetty.util.thread.strategy.EatWhatYouKill.produce(EatWhatYouKill.java:137)
	at org.eclipse.jetty.util.thread.QueuedThreadPool.runJob(QueuedThreadPool.java:883)
	at org.eclipse.jetty.util.thread.QueuedThreadPool$Runner.run(QueuedThreadPool.java:1034)
	at java.lang.Thread.run(Thread.java:750)
Caused by: java.io.IOException: org.apache.nifi.serialization.MalformedRecordException: Intentional Unit Test Exception because 2 records have been read
	at org.apache.nifi.serialization.RecordReader$1.next(RecordReader.java:98)
	at org.apache.nifi.serialization.record.MockRecordWriter$1.write(MockRecordWriter.java:95)
	at org.apache.nifi.processors.standard.servlets.ListenHTTPServlet.processRecord(ListenHTTPServlet.java:445)
	... 32 more
Caused by: org.apache.nifi.serialization.MalformedRecordException: Intentional Unit Test Exception because 2 records have been read
	at org.apache.nifi.serialization.record.MockRecordParser$1.nextRecord(MockRecordParser.java:90)
	at org.apache.nifi.serialization.RecordReader.nextRecord(RecordReader.java:50)
	at org.apache.nifi.serialization.RecordReader$1.next(RecordReader.java:96)
	... 34 more
[main] INFO org.eclipse.jetty.server.AbstractConnector - Stopped ServerConnector@ebb5609{HTTP/1.1, (http/1.1)}{0.0.0.0:40639}
[main] INFO org.eclipse.jetty.server.session - node0 Stopped scavenging
[main] INFO org.eclipse.jetty.server.handler.ContextHandler - Stopped o.e.j.s.ServletContextHandler@6cce30d6{/,null,STOPPED}
]]></system-err>
  </testcase>
  <testcase name="testPOSTRequestsReceivedReturnCodeWithoutEL" classname="org.apache.nifi.processors.standard.TestListenHTTP" time="0.023">
    <system-err><![CDATA[[main] INFO org.eclipse.jetty.server.Server - jetty-9.4.44.v20210927; built: 2021-09-27T23:02:44.612Z; git: 8da83308eeca865e495e53ef315a249d63ba9332; jvm 1.8.0_402-8u402-ga-2ubuntu1~22.04-b06
[main] INFO org.eclipse.jetty.server.session - DefaultSessionIdManager workerName=node0
[main] INFO org.eclipse.jetty.server.session - No SessionScavenger set, using defaults
[main] INFO org.eclipse.jetty.server.session - node0 Scavenging every 660000ms
[main] INFO org.eclipse.jetty.server.handler.ContextHandler - Started o.e.j.s.ServletContextHandler@1a515cdf{/,null,AVAILABLE}
[main] INFO org.eclipse.jetty.server.AbstractConnector - Started ServerConnector@2188f27c{HTTP/1.1, (http/1.1)}{0.0.0.0:38341}
[main] INFO org.eclipse.jetty.server.Server - Started @134454ms
[main] DEBUG org.apache.nifi.processors.standard.ListenHTTP - ListenHTTP[id=51f82fb1-c2a7-4f9b-8e30-c28458253c89] Server Socket Connected after 0 ms
[ListenHTTP (51f82fb1-c2a7-4f9b-8e30-c28458253c89) Web Server-3011] DEBUG org.apache.nifi.processors.standard.ListenHTTP - ListenHTTP[id=51f82fb1-c2a7-4f9b-8e30-c28458253c89] Received request from 127.0.0.1, createHold=false, content-type=application/octet-stream, gzip=false
[ListenHTTP (51f82fb1-c2a7-4f9b-8e30-c28458253c89) Web Server-3011] INFO org.apache.nifi.processors.standard.ListenHTTP - ListenHTTP[id=51f82fb1-c2a7-4f9b-8e30-c28458253c89] Received from Remote Host: [127.0.0.1] Port [47530] SubjectDN [none] IssuerDN [none]; transferring to 'success'
[ListenHTTP (51f82fb1-c2a7-4f9b-8e30-c28458253c89) Web Server-3012] DEBUG org.apache.nifi.processors.standard.ListenHTTP - ListenHTTP[id=51f82fb1-c2a7-4f9b-8e30-c28458253c89] Received request from 127.0.0.1, createHold=false, content-type=application/octet-stream, gzip=false
[ListenHTTP (51f82fb1-c2a7-4f9b-8e30-c28458253c89) Web Server-3012] INFO org.apache.nifi.processors.standard.ListenHTTP - ListenHTTP[id=51f82fb1-c2a7-4f9b-8e30-c28458253c89] Received from Remote Host: [127.0.0.1] Port [47542] SubjectDN [none] IssuerDN [none]; transferring to 'success'
[ListenHTTP (51f82fb1-c2a7-4f9b-8e30-c28458253c89) Web Server-3009] DEBUG org.apache.nifi.processors.standard.ListenHTTP - ListenHTTP[id=51f82fb1-c2a7-4f9b-8e30-c28458253c89] Received request from 127.0.0.1, createHold=false, content-type=application/octet-stream, gzip=false
[ListenHTTP (51f82fb1-c2a7-4f9b-8e30-c28458253c89) Web Server-3009] INFO org.apache.nifi.processors.standard.ListenHTTP - ListenHTTP[id=51f82fb1-c2a7-4f9b-8e30-c28458253c89] Received from Remote Host: [127.0.0.1] Port [47554] SubjectDN [none] IssuerDN [none]; transferring to 'success'
[ListenHTTP (51f82fb1-c2a7-4f9b-8e30-c28458253c89) Web Server-3010] DEBUG org.apache.nifi.processors.standard.ListenHTTP - ListenHTTP[id=51f82fb1-c2a7-4f9b-8e30-c28458253c89] Received request from 127.0.0.1, createHold=false, content-type=application/octet-stream, gzip=false
[ListenHTTP (51f82fb1-c2a7-4f9b-8e30-c28458253c89) Web Server-3010] INFO org.apache.nifi.processors.standard.ListenHTTP - ListenHTTP[id=51f82fb1-c2a7-4f9b-8e30-c28458253c89] Received from Remote Host: [127.0.0.1] Port [47560] SubjectDN [none] IssuerDN [none]; transferring to 'success'
[main] INFO org.eclipse.jetty.server.AbstractConnector - Stopped ServerConnector@2188f27c{HTTP/1.1, (http/1.1)}{0.0.0.0:38341}
[main] INFO org.eclipse.jetty.server.session - node0 Stopped scavenging
[main] INFO org.eclipse.jetty.server.handler.ContextHandler - Stopped o.e.j.s.ServletContextHandler@1a515cdf{/,null,STOPPED}
]]></system-err>
  </testcase>
  <testcase name="testSecurePOSTRequestsReceivedWithoutEL" classname="org.apache.nifi.processors.standard.TestListenHTTP" time="0.217">
    <system-err><![CDATA[[main] INFO org.eclipse.jetty.server.Server - jetty-9.4.44.v20210927; built: 2021-09-27T23:02:44.612Z; git: 8da83308eeca865e495e53ef315a249d63ba9332; jvm 1.8.0_402-8u402-ga-2ubuntu1~22.04-b06
[main] INFO org.eclipse.jetty.server.session - DefaultSessionIdManager workerName=node0
[main] INFO org.eclipse.jetty.server.session - No SessionScavenger set, using defaults
[main] INFO org.eclipse.jetty.server.session - node0 Scavenging every 660000ms
[main] INFO org.eclipse.jetty.server.handler.ContextHandler - Started o.e.j.s.ServletContextHandler@1a872d40{/,null,AVAILABLE}
[main] INFO org.eclipse.jetty.server.AbstractConnector - Started ServerConnector@2b0ec3da{SSL, (ssl, http/1.1)}{0.0.0.0:40141}
[main] INFO org.eclipse.jetty.server.Server - Started @134478ms
[main] DEBUG org.apache.nifi.processors.standard.ListenHTTP - ListenHTTP[id=c0f01708-7a66-42d1-9489-18f15dd15f77] Server Socket Connected after 0 ms
[ListenHTTP (c0f01708-7a66-42d1-9489-18f15dd15f77) Web Server-3025] DEBUG org.apache.nifi.processors.standard.ListenHTTP - ListenHTTP[id=c0f01708-7a66-42d1-9489-18f15dd15f77] Received request from 127.0.0.1, createHold=false, content-type=application/octet-stream, gzip=false
[ListenHTTP (c0f01708-7a66-42d1-9489-18f15dd15f77) Web Server-3025] INFO org.apache.nifi.processors.standard.ListenHTTP - ListenHTTP[id=c0f01708-7a66-42d1-9489-18f15dd15f77] Received from Remote Host: [127.0.0.1] Port [51472] SubjectDN [none] IssuerDN [none]; transferring to 'success'
[ListenHTTP (c0f01708-7a66-42d1-9489-18f15dd15f77) Web Server-3026] DEBUG org.apache.nifi.processors.standard.ListenHTTP - ListenHTTP[id=c0f01708-7a66-42d1-9489-18f15dd15f77] Received request from 127.0.0.1, createHold=false, content-type=application/octet-stream, gzip=false
[ListenHTTP (c0f01708-7a66-42d1-9489-18f15dd15f77) Web Server-3026] INFO org.apache.nifi.processors.standard.ListenHTTP - ListenHTTP[id=c0f01708-7a66-42d1-9489-18f15dd15f77] Received from Remote Host: [127.0.0.1] Port [51484] SubjectDN [none] IssuerDN [none]; transferring to 'success'
[ListenHTTP (c0f01708-7a66-42d1-9489-18f15dd15f77) Web Server-3021] DEBUG org.apache.nifi.processors.standard.ListenHTTP - ListenHTTP[id=c0f01708-7a66-42d1-9489-18f15dd15f77] Received request from 127.0.0.1, createHold=false, content-type=application/octet-stream, gzip=false
[ListenHTTP (c0f01708-7a66-42d1-9489-18f15dd15f77) Web Server-3021] INFO org.apache.nifi.processors.standard.ListenHTTP - ListenHTTP[id=c0f01708-7a66-42d1-9489-18f15dd15f77] Received from Remote Host: [127.0.0.1] Port [51492] SubjectDN [none] IssuerDN [none]; transferring to 'success'
[ListenHTTP (c0f01708-7a66-42d1-9489-18f15dd15f77) Web Server-3022] DEBUG org.apache.nifi.processors.standard.ListenHTTP - ListenHTTP[id=c0f01708-7a66-42d1-9489-18f15dd15f77] Received request from 127.0.0.1, createHold=false, content-type=application/octet-stream, gzip=false
[ListenHTTP (c0f01708-7a66-42d1-9489-18f15dd15f77) Web Server-3022] INFO org.apache.nifi.processors.standard.ListenHTTP - ListenHTTP[id=c0f01708-7a66-42d1-9489-18f15dd15f77] Received from Remote Host: [127.0.0.1] Port [51500] SubjectDN [none] IssuerDN [none]; transferring to 'success'
[main] INFO org.eclipse.jetty.server.AbstractConnector - Stopped ServerConnector@2b0ec3da{SSL, (ssl, http/1.1)}{0.0.0.0:40141}
[main] INFO org.eclipse.jetty.server.session - node0 Stopped scavenging
[main] INFO org.eclipse.jetty.server.handler.ContextHandler - Stopped o.e.j.s.ServletContextHandler@1a872d40{/,null,STOPPED}
]]></system-err>
  </testcase>
  <testcase name="testPOSTRequestsReturnCodeReceivedWithEL" classname="org.apache.nifi.processors.standard.TestListenHTTP" time="0.024">
    <system-err><![CDATA[[main] INFO org.eclipse.jetty.server.Server - jetty-9.4.44.v20210927; built: 2021-09-27T23:02:44.612Z; git: 8da83308eeca865e495e53ef315a249d63ba9332; jvm 1.8.0_402-8u402-ga-2ubuntu1~22.04-b06
[main] INFO org.eclipse.jetty.server.session - DefaultSessionIdManager workerName=node0
[main] INFO org.eclipse.jetty.server.session - No SessionScavenger set, using defaults
[main] INFO org.eclipse.jetty.server.session - node0 Scavenging every 600000ms
[main] INFO org.eclipse.jetty.server.handler.ContextHandler - Started o.e.j.s.ServletContextHandler@43040c9b{/,null,AVAILABLE}
[main] INFO org.eclipse.jetty.server.AbstractConnector - Started ServerConnector@17456680{HTTP/1.1, (http/1.1)}{0.0.0.0:33117}
[main] INFO org.eclipse.jetty.server.Server - Started @134694ms
[main] DEBUG org.apache.nifi.processors.standard.ListenHTTP - ListenHTTP[id=211f43c8-b8a8-4aa3-803c-0553ac81fa54] Server Socket Connected after 0 ms
[ListenHTTP (211f43c8-b8a8-4aa3-803c-0553ac81fa54) Web Server-3034] DEBUG org.apache.nifi.processors.standard.ListenHTTP - ListenHTTP[id=211f43c8-b8a8-4aa3-803c-0553ac81fa54] Received request from 127.0.0.1, createHold=false, content-type=application/octet-stream, gzip=false
[ListenHTTP (211f43c8-b8a8-4aa3-803c-0553ac81fa54) Web Server-3034] INFO org.apache.nifi.processors.standard.ListenHTTP - ListenHTTP[id=211f43c8-b8a8-4aa3-803c-0553ac81fa54] Received from Remote Host: [127.0.0.1] Port [57864] SubjectDN [none] IssuerDN [none]; transferring to 'success'
[ListenHTTP (211f43c8-b8a8-4aa3-803c-0553ac81fa54) Web Server-3032] DEBUG org.apache.nifi.processors.standard.ListenHTTP - ListenHTTP[id=211f43c8-b8a8-4aa3-803c-0553ac81fa54] Received request from 127.0.0.1, createHold=false, content-type=application/octet-stream, gzip=false
[ListenHTTP (211f43c8-b8a8-4aa3-803c-0553ac81fa54) Web Server-3032] INFO org.apache.nifi.processors.standard.ListenHTTP - ListenHTTP[id=211f43c8-b8a8-4aa3-803c-0553ac81fa54] Received from Remote Host: [127.0.0.1] Port [57876] SubjectDN [none] IssuerDN [none]; transferring to 'success'
[ListenHTTP (211f43c8-b8a8-4aa3-803c-0553ac81fa54) Web Server-3030] DEBUG org.apache.nifi.processors.standard.ListenHTTP - ListenHTTP[id=211f43c8-b8a8-4aa3-803c-0553ac81fa54] Received request from 127.0.0.1, createHold=false, content-type=application/octet-stream, gzip=false
[ListenHTTP (211f43c8-b8a8-4aa3-803c-0553ac81fa54) Web Server-3030] INFO org.apache.nifi.processors.standard.ListenHTTP - ListenHTTP[id=211f43c8-b8a8-4aa3-803c-0553ac81fa54] Received from Remote Host: [127.0.0.1] Port [57878] SubjectDN [none] IssuerDN [none]; transferring to 'success'
[ListenHTTP (211f43c8-b8a8-4aa3-803c-0553ac81fa54) Web Server-3031] DEBUG org.apache.nifi.processors.standard.ListenHTTP - ListenHTTP[id=211f43c8-b8a8-4aa3-803c-0553ac81fa54] Received request from 127.0.0.1, createHold=false, content-type=application/octet-stream, gzip=false
[ListenHTTP (211f43c8-b8a8-4aa3-803c-0553ac81fa54) Web Server-3031] INFO org.apache.nifi.processors.standard.ListenHTTP - ListenHTTP[id=211f43c8-b8a8-4aa3-803c-0553ac81fa54] Received from Remote Host: [127.0.0.1] Port [57890] SubjectDN [none] IssuerDN [none]; transferring to 'success'
[main] INFO org.eclipse.jetty.server.AbstractConnector - Stopped ServerConnector@17456680{HTTP/1.1, (http/1.1)}{0.0.0.0:33117}
[main] INFO org.eclipse.jetty.server.session - node0 Stopped scavenging
[main] INFO org.eclipse.jetty.server.handler.ContextHandler - Stopped o.e.j.s.ServletContextHandler@43040c9b{/,null,STOPPED}
]]></system-err>
  </testcase>
  <testcase name="testPOSTRequestsReceivedWithEL" classname="org.apache.nifi.processors.standard.TestListenHTTP" time="0.021">
    <system-err><![CDATA[[main] INFO org.eclipse.jetty.server.Server - jetty-9.4.44.v20210927; built: 2021-09-27T23:02:44.612Z; git: 8da83308eeca865e495e53ef315a249d63ba9332; jvm 1.8.0_402-8u402-ga-2ubuntu1~22.04-b06
[main] INFO org.eclipse.jetty.server.session - DefaultSessionIdManager workerName=node0
[main] INFO org.eclipse.jetty.server.session - No SessionScavenger set, using defaults
[main] INFO org.eclipse.jetty.server.session - node0 Scavenging every 600000ms
[main] INFO org.eclipse.jetty.server.handler.ContextHandler - Started o.e.j.s.ServletContextHandler@75aa326b{/,null,AVAILABLE}
[main] INFO org.eclipse.jetty.server.AbstractConnector - Started ServerConnector@51e56d13{HTTP/1.1, (http/1.1)}{0.0.0.0:37755}
[main] INFO org.eclipse.jetty.server.Server - Started @134717ms
[main] DEBUG org.apache.nifi.processors.standard.ListenHTTP - ListenHTTP[id=66ef6116-1b2d-4fd4-a872-58f8c852dad8] Server Socket Connected after 0 ms
[ListenHTTP (66ef6116-1b2d-4fd4-a872-58f8c852dad8) Web Server-3042] DEBUG org.apache.nifi.processors.standard.ListenHTTP - ListenHTTP[id=66ef6116-1b2d-4fd4-a872-58f8c852dad8] Received request from 127.0.0.1, createHold=false, content-type=application/octet-stream, gzip=false
[ListenHTTP (66ef6116-1b2d-4fd4-a872-58f8c852dad8) Web Server-3042] INFO org.apache.nifi.processors.standard.ListenHTTP - ListenHTTP[id=66ef6116-1b2d-4fd4-a872-58f8c852dad8] Received from Remote Host: [127.0.0.1] Port [46096] SubjectDN [none] IssuerDN [none]; transferring to 'success'
[ListenHTTP (66ef6116-1b2d-4fd4-a872-58f8c852dad8) Web Server-3043] DEBUG org.apache.nifi.processors.standard.ListenHTTP - ListenHTTP[id=66ef6116-1b2d-4fd4-a872-58f8c852dad8] Received request from 127.0.0.1, createHold=false, content-type=application/octet-stream, gzip=false
[ListenHTTP (66ef6116-1b2d-4fd4-a872-58f8c852dad8) Web Server-3043] INFO org.apache.nifi.processors.standard.ListenHTTP - ListenHTTP[id=66ef6116-1b2d-4fd4-a872-58f8c852dad8] Received from Remote Host: [127.0.0.1] Port [46098] SubjectDN [none] IssuerDN [none]; transferring to 'success'
[ListenHTTP (66ef6116-1b2d-4fd4-a872-58f8c852dad8) Web Server-3040] DEBUG org.apache.nifi.processors.standard.ListenHTTP - ListenHTTP[id=66ef6116-1b2d-4fd4-a872-58f8c852dad8] Received request from 127.0.0.1, createHold=false, content-type=application/octet-stream, gzip=false
[ListenHTTP (66ef6116-1b2d-4fd4-a872-58f8c852dad8) Web Server-3040] INFO org.apache.nifi.processors.standard.ListenHTTP - ListenHTTP[id=66ef6116-1b2d-4fd4-a872-58f8c852dad8] Received from Remote Host: [127.0.0.1] Port [46104] SubjectDN [none] IssuerDN [none]; transferring to 'success'
[ListenHTTP (66ef6116-1b2d-4fd4-a872-58f8c852dad8) Web Server-3041] DEBUG org.apache.nifi.processors.standard.ListenHTTP - ListenHTTP[id=66ef6116-1b2d-4fd4-a872-58f8c852dad8] Received request from 127.0.0.1, createHold=false, content-type=application/octet-stream, gzip=false
[ListenHTTP (66ef6116-1b2d-4fd4-a872-58f8c852dad8) Web Server-3041] INFO org.apache.nifi.processors.standard.ListenHTTP - ListenHTTP[id=66ef6116-1b2d-4fd4-a872-58f8c852dad8] Received from Remote Host: [127.0.0.1] Port [46114] SubjectDN [none] IssuerDN [none]; transferring to 'success'
[main] INFO org.eclipse.jetty.server.AbstractConnector - Stopped ServerConnector@51e56d13{HTTP/1.1, (http/1.1)}{0.0.0.0:37755}
[main] INFO org.eclipse.jetty.server.session - node0 Stopped scavenging
[main] INFO org.eclipse.jetty.server.handler.ContextHandler - Stopped o.e.j.s.ServletContextHandler@75aa326b{/,null,STOPPED}
]]></system-err>
  </testcase>
  <testcase name="testSecureTwoWaySslPOSTRequestsReceivedWithUnauthorizedIssuerDn" classname="org.apache.nifi.processors.standard.TestListenHTTP" time="0.21">
    <system-err><![CDATA[[main] INFO org.eclipse.jetty.server.Server - jetty-9.4.44.v20210927; built: 2021-09-27T23:02:44.612Z; git: 8da83308eeca865e495e53ef315a249d63ba9332; jvm 1.8.0_402-8u402-ga-2ubuntu1~22.04-b06
[main] INFO org.eclipse.jetty.server.session - DefaultSessionIdManager workerName=node0
[main] INFO org.eclipse.jetty.server.session - No SessionScavenger set, using defaults
[main] INFO org.eclipse.jetty.server.session - node0 Scavenging every 600000ms
[main] INFO org.eclipse.jetty.server.handler.ContextHandler - Started o.e.j.s.ServletContextHandler@5ab845b5{/,null,AVAILABLE}
[main] INFO org.eclipse.jetty.server.AbstractConnector - Started ServerConnector@27e535d{SSL, (ssl, http/1.1)}{0.0.0.0:42573}
[main] INFO org.eclipse.jetty.server.Server - Started @134740ms
[main] DEBUG org.apache.nifi.processors.standard.ListenHTTP - ListenHTTP[id=ef84812c-3005-494e-9848-7a592c21d878] Server Socket Connected after 0 ms
[ListenHTTP (ef84812c-3005-494e-9848-7a592c21d878) Web Server-3056] WARN org.apache.nifi.processors.standard.ListenHTTP - ListenHTTP[id=ef84812c-3005-494e-9848-7a592c21d878] Access Forbidden [Issuer not authorized] Host [127.0.0.1] Subject [CN=localhost] Issuer [CN=localhost]
[ListenHTTP (ef84812c-3005-494e-9848-7a592c21d878) Web Server-3057] WARN org.apache.nifi.processors.standard.ListenHTTP - ListenHTTP[id=ef84812c-3005-494e-9848-7a592c21d878] Access Forbidden [Issuer not authorized] Host [127.0.0.1] Subject [CN=localhost] Issuer [CN=localhost]
[ListenHTTP (ef84812c-3005-494e-9848-7a592c21d878) Web Server-3052] WARN org.apache.nifi.processors.standard.ListenHTTP - ListenHTTP[id=ef84812c-3005-494e-9848-7a592c21d878] Access Forbidden [Issuer not authorized] Host [127.0.0.1] Subject [CN=localhost] Issuer [CN=localhost]
[ListenHTTP (ef84812c-3005-494e-9848-7a592c21d878) Web Server-3053] WARN org.apache.nifi.processors.standard.ListenHTTP - ListenHTTP[id=ef84812c-3005-494e-9848-7a592c21d878] Access Forbidden [Issuer not authorized] Host [127.0.0.1] Subject [CN=localhost] Issuer [CN=localhost]
[main] INFO org.eclipse.jetty.server.AbstractConnector - Stopped ServerConnector@27e535d{SSL, (ssl, http/1.1)}{0.0.0.0:42573}
[main] INFO org.eclipse.jetty.server.session - node0 Stopped scavenging
[main] INFO org.eclipse.jetty.server.handler.ContextHandler - Stopped o.e.j.s.ServletContextHandler@5ab845b5{/,null,STOPPED}
]]></system-err>
  </testcase>
  <testcase name="testMaxThreadPoolSizeOkUpperBound" classname="org.apache.nifi.processors.standard.TestListenHTTP" time="0.001"/>
  <testcase name="testMaxThreadPoolSizeSpecifiedInThePropertyIsSetInTheServerInstance" classname="org.apache.nifi.processors.standard.TestListenHTTP" time="0.004">
    <system-err><![CDATA[[main] INFO org.eclipse.jetty.server.Server - jetty-9.4.44.v20210927; built: 2021-09-27T23:02:44.612Z; git: 8da83308eeca865e495e53ef315a249d63ba9332; jvm 1.8.0_402-8u402-ga-2ubuntu1~22.04-b06
[main] INFO org.eclipse.jetty.server.session - DefaultSessionIdManager workerName=node0
[main] INFO org.eclipse.jetty.server.session - No SessionScavenger set, using defaults
[main] INFO org.eclipse.jetty.server.session - node0 Scavenging every 600000ms
[main] INFO org.eclipse.jetty.server.handler.ContextHandler - Started o.e.j.s.ServletContextHandler@63f929eb{/,null,AVAILABLE}
[main] INFO org.eclipse.jetty.server.AbstractConnector - Started ServerConnector@350c0f1d{HTTP/1.1, (http/1.1)}{0.0.0.0:37779}
[main] INFO org.eclipse.jetty.server.Server - Started @134948ms
[main] DEBUG org.apache.nifi.processors.standard.ListenHTTP - ListenHTTP[id=0e783ff6-1c89-4c95-b834-79ee5ff18e0c] Server Socket Connected after 0 ms
[main] INFO org.eclipse.jetty.server.AbstractConnector - Stopped ServerConnector@350c0f1d{HTTP/1.1, (http/1.1)}{0.0.0.0:37779}
[main] INFO org.eclipse.jetty.server.session - node0 Stopped scavenging
[main] INFO org.eclipse.jetty.server.handler.ContextHandler - Stopped o.e.j.s.ServletContextHandler@63f929eb{/,null,STOPPED}
]]></system-err>
  </testcase>
  <testcase name="testSecureServerSupportsCurrentTlsProtocolVersion" classname="org.apache.nifi.processors.standard.TestListenHTTP" time="0.062">
    <system-err><![CDATA[[main] INFO org.eclipse.jetty.server.Server - jetty-9.4.44.v20210927; built: 2021-09-27T23:02:44.612Z; git: 8da83308eeca865e495e53ef315a249d63ba9332; jvm 1.8.0_402-8u402-ga-2ubuntu1~22.04-b06
[main] INFO org.eclipse.jetty.server.session - DefaultSessionIdManager workerName=node0
[main] INFO org.eclipse.jetty.server.session - No SessionScavenger set, using defaults
[main] INFO org.eclipse.jetty.server.session - node0 Scavenging every 600000ms
[main] INFO org.eclipse.jetty.server.handler.ContextHandler - Started o.e.j.s.ServletContextHandler@41fbfc01{/,null,AVAILABLE}
[main] INFO org.eclipse.jetty.server.AbstractConnector - Started ServerConnector@2061acef{SSL, (ssl, http/1.1)}{0.0.0.0:37873}
[main] INFO org.eclipse.jetty.server.Server - Started @134954ms
[main] DEBUG org.apache.nifi.processors.standard.ListenHTTP - ListenHTTP[id=4ff0e2e1-3e4f-4494-968d-f0441d06c6dd] Server Socket Connected after 0 ms
[main] INFO org.eclipse.jetty.server.AbstractConnector - Stopped ServerConnector@2061acef{SSL, (ssl, http/1.1)}{0.0.0.0:37873}
[main] INFO org.eclipse.jetty.server.session - node0 Stopped scavenging
[main] INFO org.eclipse.jetty.server.handler.ContextHandler - Stopped o.e.j.s.ServletContextHandler@41fbfc01{/,null,STOPPED}
]]></system-err>
  </testcase>
  <testcase name="testMaxThreadPoolSizeTooLow" classname="org.apache.nifi.processors.standard.TestListenHTTP" time="0.001"/>
  <testcase name="testSecureServerTrustStoreConfiguredClientAuthenticationRequired" classname="org.apache.nifi.processors.standard.TestListenHTTP" time="0.02">
    <system-err><![CDATA[[main] INFO org.eclipse.jetty.server.Server - jetty-9.4.44.v20210927; built: 2021-09-27T23:02:44.612Z; git: 8da83308eeca865e495e53ef315a249d63ba9332; jvm 1.8.0_402-8u402-ga-2ubuntu1~22.04-b06
[main] INFO org.eclipse.jetty.server.session - DefaultSessionIdManager workerName=node0
[main] INFO org.eclipse.jetty.server.session - No SessionScavenger set, using defaults
[main] INFO org.eclipse.jetty.server.session - node0 Scavenging every 600000ms
[main] INFO org.eclipse.jetty.server.handler.ContextHandler - Started o.e.j.s.ServletContextHandler@57a6dc08{/,null,AVAILABLE}
[main] INFO org.eclipse.jetty.server.AbstractConnector - Started ServerConnector@75c1c6c2{SSL, (ssl, http/1.1)}{0.0.0.0:37997}
[main] INFO org.eclipse.jetty.server.Server - Started @135017ms
[main] DEBUG org.apache.nifi.processors.standard.ListenHTTP - ListenHTTP[id=0dab4ed1-1b3f-4eee-b91e-98c1eec76fca] Server Socket Connected after 0 ms
[main] INFO org.eclipse.jetty.server.AbstractConnector - Stopped ServerConnector@75c1c6c2{SSL, (ssl, http/1.1)}{0.0.0.0:37997}
[main] INFO org.eclipse.jetty.server.session - node0 Stopped scavenging
[main] INFO org.eclipse.jetty.server.handler.ContextHandler - Stopped o.e.j.s.ServletContextHandler@57a6dc08{/,null,STOPPED}
]]></system-err>
  </testcase>
  <testcase name="testSecureTwoWaySslPOSTRequestsReceivedWithEL" classname="org.apache.nifi.processors.standard.TestListenHTTP" time="0.208">
    <system-err><![CDATA[[main] INFO org.eclipse.jetty.server.Server - jetty-9.4.44.v20210927; built: 2021-09-27T23:02:44.612Z; git: 8da83308eeca865e495e53ef315a249d63ba9332; jvm 1.8.0_402-8u402-ga-2ubuntu1~22.04-b06
[main] INFO org.eclipse.jetty.server.session - DefaultSessionIdManager workerName=node0
[main] INFO org.eclipse.jetty.server.session - No SessionScavenger set, using defaults
[main] INFO org.eclipse.jetty.server.session - node0 Scavenging every 600000ms
[main] INFO org.eclipse.jetty.server.handler.ContextHandler - Started o.e.j.s.ServletContextHandler@65f0ff34{/,null,AVAILABLE}
[main] INFO org.eclipse.jetty.server.AbstractConnector - Started ServerConnector@383ed22e{SSL, (ssl, http/1.1)}{0.0.0.0:36137}
[main] INFO org.eclipse.jetty.server.Server - Started @135037ms
[main] DEBUG org.apache.nifi.processors.standard.ListenHTTP - ListenHTTP[id=c739d397-af72-47eb-896a-fd83e8838743] Server Socket Connected after 0 ms
[ListenHTTP (c739d397-af72-47eb-896a-fd83e8838743) Web Server-3098] DEBUG org.apache.nifi.processors.standard.ListenHTTP - ListenHTTP[id=c739d397-af72-47eb-896a-fd83e8838743] Received request from 127.0.0.1, createHold=false, content-type=application/octet-stream, gzip=false
[ListenHTTP (c739d397-af72-47eb-896a-fd83e8838743) Web Server-3098] INFO org.apache.nifi.processors.standard.ListenHTTP - ListenHTTP[id=c739d397-af72-47eb-896a-fd83e8838743] Received from Remote Host: [127.0.0.1] Port [41038] SubjectDN [CN=localhost] IssuerDN [CN=localhost]; transferring to 'success'
[ListenHTTP (c739d397-af72-47eb-896a-fd83e8838743) Web Server-3096] DEBUG org.apache.nifi.processors.standard.ListenHTTP - ListenHTTP[id=c739d397-af72-47eb-896a-fd83e8838743] Received request from 127.0.0.1, createHold=false, content-type=application/octet-stream, gzip=false
[ListenHTTP (c739d397-af72-47eb-896a-fd83e8838743) Web Server-3096] INFO org.apache.nifi.processors.standard.ListenHTTP - ListenHTTP[id=c739d397-af72-47eb-896a-fd83e8838743] Received from Remote Host: [127.0.0.1] Port [41044] SubjectDN [CN=localhost] IssuerDN [CN=localhost]; transferring to 'success'
[ListenHTTP (c739d397-af72-47eb-896a-fd83e8838743) Web Server-3093] DEBUG org.apache.nifi.processors.standard.ListenHTTP - ListenHTTP[id=c739d397-af72-47eb-896a-fd83e8838743] Received request from 127.0.0.1, createHold=false, content-type=application/octet-stream, gzip=false
[ListenHTTP (c739d397-af72-47eb-896a-fd83e8838743) Web Server-3093] INFO org.apache.nifi.processors.standard.ListenHTTP - ListenHTTP[id=c739d397-af72-47eb-896a-fd83e8838743] Received from Remote Host: [127.0.0.1] Port [41060] SubjectDN [CN=localhost] IssuerDN [CN=localhost]; transferring to 'success'
[ListenHTTP (c739d397-af72-47eb-896a-fd83e8838743) Web Server-3094] DEBUG org.apache.nifi.processors.standard.ListenHTTP - ListenHTTP[id=c739d397-af72-47eb-896a-fd83e8838743] Received request from 127.0.0.1, createHold=false, content-type=application/octet-stream, gzip=false
[ListenHTTP (c739d397-af72-47eb-896a-fd83e8838743) Web Server-3094] INFO org.apache.nifi.processors.standard.ListenHTTP - ListenHTTP[id=c739d397-af72-47eb-896a-fd83e8838743] Received from Remote Host: [127.0.0.1] Port [41066] SubjectDN [CN=localhost] IssuerDN [CN=localhost]; transferring to 'success'
[main] INFO org.eclipse.jetty.server.AbstractConnector - Stopped ServerConnector@383ed22e{SSL, (ssl, http/1.1)}{0.0.0.0:36137}
[main] INFO org.eclipse.jetty.server.session - node0 Stopped scavenging
[main] INFO org.eclipse.jetty.server.handler.ContextHandler - Stopped o.e.j.s.ServletContextHandler@65f0ff34{/,null,STOPPED}
]]></system-err>
  </testcase>
  <testcase name="testSecureTwoWaySslPOSTRequestsReceivedWithUnauthorizedSubjectDn" classname="org.apache.nifi.processors.standard.TestListenHTTP" time="0.208">
    <system-err><![CDATA[[main] INFO org.eclipse.jetty.server.Server - jetty-9.4.44.v20210927; built: 2021-09-27T23:02:44.612Z; git: 8da83308eeca865e495e53ef315a249d63ba9332; jvm 1.8.0_402-8u402-ga-2ubuntu1~22.04-b06
[main] INFO org.eclipse.jetty.server.session - DefaultSessionIdManager workerName=node0
[main] INFO org.eclipse.jetty.server.session - No SessionScavenger set, using defaults
[main] INFO org.eclipse.jetty.server.session - node0 Scavenging every 660000ms
[main] INFO org.eclipse.jetty.server.handler.ContextHandler - Started o.e.j.s.ServletContextHandler@348f675d{/,null,AVAILABLE}
[main] INFO org.eclipse.jetty.server.AbstractConnector - Started ServerConnector@a32cea8{SSL, (ssl, http/1.1)}{0.0.0.0:40189}
[main] INFO org.eclipse.jetty.server.Server - Started @135246ms
[main] DEBUG org.apache.nifi.processors.standard.ListenHTTP - ListenHTTP[id=ba5d420a-05ba-45b4-ab34-d5d17121434d] Server Socket Connected after 0 ms
[ListenHTTP (ba5d420a-05ba-45b4-ab34-d5d17121434d) Web Server-3109] WARN org.apache.nifi.processors.standard.ListenHTTP - ListenHTTP[id=ba5d420a-05ba-45b4-ab34-d5d17121434d] Access Forbidden [Subject not authorized] Host [127.0.0.1] Subject [CN=localhost] Issuer [CN=localhost]
[ListenHTTP (ba5d420a-05ba-45b4-ab34-d5d17121434d) Web Server-3107] WARN org.apache.nifi.processors.standard.ListenHTTP - ListenHTTP[id=ba5d420a-05ba-45b4-ab34-d5d17121434d] Access Forbidden [Subject not authorized] Host [127.0.0.1] Subject [CN=localhost] Issuer [CN=localhost]
[ListenHTTP (ba5d420a-05ba-45b4-ab34-d5d17121434d) Web Server-3104] WARN org.apache.nifi.processors.standard.ListenHTTP - ListenHTTP[id=ba5d420a-05ba-45b4-ab34-d5d17121434d] Access Forbidden [Subject not authorized] Host [127.0.0.1] Subject [CN=localhost] Issuer [CN=localhost]
[ListenHTTP (ba5d420a-05ba-45b4-ab34-d5d17121434d) Web Server-3105] WARN org.apache.nifi.processors.standard.ListenHTTP - ListenHTTP[id=ba5d420a-05ba-45b4-ab34-d5d17121434d] Access Forbidden [Subject not authorized] Host [127.0.0.1] Subject [CN=localhost] Issuer [CN=localhost]
[main] INFO org.eclipse.jetty.server.AbstractConnector - Stopped ServerConnector@a32cea8{SSL, (ssl, http/1.1)}{0.0.0.0:40189}
[main] INFO org.eclipse.jetty.server.session - node0 Stopped scavenging
[main] INFO org.eclipse.jetty.server.handler.ContextHandler - Stopped o.e.j.s.ServletContextHandler@348f675d{/,null,STOPPED}
]]></system-err>
  </testcase>
  <testcase name="testSecurePOSTRequestsReceivedWithEL" classname="org.apache.nifi.processors.standard.TestListenHTTP" time="0.208">
    <system-err><![CDATA[[main] INFO org.eclipse.jetty.server.Server - jetty-9.4.44.v20210927; built: 2021-09-27T23:02:44.612Z; git: 8da83308eeca865e495e53ef315a249d63ba9332; jvm 1.8.0_402-8u402-ga-2ubuntu1~22.04-b06
[main] INFO org.eclipse.jetty.server.session - DefaultSessionIdManager workerName=node0
[main] INFO org.eclipse.jetty.server.session - No SessionScavenger set, using defaults
[main] INFO org.eclipse.jetty.server.session - node0 Scavenging every 660000ms
[main] INFO org.eclipse.jetty.server.handler.ContextHandler - Started o.e.j.s.ServletContextHandler@52063461{/,null,AVAILABLE}
[main] INFO org.eclipse.jetty.server.AbstractConnector - Started ServerConnector@6fe7a70a{SSL, (ssl, http/1.1)}{0.0.0.0:35033}
[main] INFO org.eclipse.jetty.server.Server - Started @135453ms
[main] DEBUG org.apache.nifi.processors.standard.ListenHTTP - ListenHTTP[id=05daaa23-41b6-4bac-b467-34ce186f69d2] Server Socket Connected after 0 ms
[ListenHTTP (05daaa23-41b6-4bac-b467-34ce186f69d2) Web Server-3118] DEBUG org.apache.nifi.processors.standard.ListenHTTP - ListenHTTP[id=05daaa23-41b6-4bac-b467-34ce186f69d2] Received request from 127.0.0.1, createHold=false, content-type=application/octet-stream, gzip=false
[ListenHTTP (05daaa23-41b6-4bac-b467-34ce186f69d2) Web Server-3118] INFO org.apache.nifi.processors.standard.ListenHTTP - ListenHTTP[id=05daaa23-41b6-4bac-b467-34ce186f69d2] Received from Remote Host: [127.0.0.1] Port [59414] SubjectDN [none] IssuerDN [none]; transferring to 'success'
[ListenHTTP (05daaa23-41b6-4bac-b467-34ce186f69d2) Web Server-3119] DEBUG org.apache.nifi.processors.standard.ListenHTTP - ListenHTTP[id=05daaa23-41b6-4bac-b467-34ce186f69d2] Received request from 127.0.0.1, createHold=false, content-type=application/octet-stream, gzip=false
[ListenHTTP (05daaa23-41b6-4bac-b467-34ce186f69d2) Web Server-3119] INFO org.apache.nifi.processors.standard.ListenHTTP - ListenHTTP[id=05daaa23-41b6-4bac-b467-34ce186f69d2] Received from Remote Host: [127.0.0.1] Port [59416] SubjectDN [none] IssuerDN [none]; transferring to 'success'
[ListenHTTP (05daaa23-41b6-4bac-b467-34ce186f69d2) Web Server-3114] DEBUG org.apache.nifi.processors.standard.ListenHTTP - ListenHTTP[id=05daaa23-41b6-4bac-b467-34ce186f69d2] Received request from 127.0.0.1, createHold=false, content-type=application/octet-stream, gzip=false
[ListenHTTP (05daaa23-41b6-4bac-b467-34ce186f69d2) Web Server-3114] INFO org.apache.nifi.processors.standard.ListenHTTP - ListenHTTP[id=05daaa23-41b6-4bac-b467-34ce186f69d2] Received from Remote Host: [127.0.0.1] Port [59426] SubjectDN [none] IssuerDN [none]; transferring to 'success'
[ListenHTTP (05daaa23-41b6-4bac-b467-34ce186f69d2) Web Server-3115] DEBUG org.apache.nifi.processors.standard.ListenHTTP - ListenHTTP[id=05daaa23-41b6-4bac-b467-34ce186f69d2] Received request from 127.0.0.1, createHold=false, content-type=application/octet-stream, gzip=false
[ListenHTTP (05daaa23-41b6-4bac-b467-34ce186f69d2) Web Server-3115] INFO org.apache.nifi.processors.standard.ListenHTTP - ListenHTTP[id=05daaa23-41b6-4bac-b467-34ce186f69d2] Received from Remote Host: [127.0.0.1] Port [59434] SubjectDN [none] IssuerDN [none]; transferring to 'success'
[main] INFO org.eclipse.jetty.server.AbstractConnector - Stopped ServerConnector@6fe7a70a{SSL, (ssl, http/1.1)}{0.0.0.0:35033}
[main] INFO org.eclipse.jetty.server.session - node0 Stopped scavenging
[main] INFO org.eclipse.jetty.server.handler.ContextHandler - Stopped o.e.j.s.ServletContextHandler@52063461{/,null,STOPPED}
]]></system-err>
  </testcase>
  <testcase name="testSecureTwoWaySslPOSTRequestsReceivedWithAuthorizedIssuerDn" classname="org.apache.nifi.processors.standard.TestListenHTTP" time="0.195">
    <system-err><![CDATA[[main] INFO org.eclipse.jetty.server.Server - jetty-9.4.44.v20210927; built: 2021-09-27T23:02:44.612Z; git: 8da83308eeca865e495e53ef315a249d63ba9332; jvm 1.8.0_402-8u402-ga-2ubuntu1~22.04-b06
[main] INFO org.eclipse.jetty.server.session - DefaultSessionIdManager workerName=node0
[main] INFO org.eclipse.jetty.server.session - No SessionScavenger set, using defaults
[main] INFO org.eclipse.jetty.server.session - node0 Scavenging every 600000ms
[main] INFO org.eclipse.jetty.server.handler.ContextHandler - Started o.e.j.s.ServletContextHandler@363cf654{/,null,AVAILABLE}
[main] INFO org.eclipse.jetty.server.AbstractConnector - Started ServerConnector@3fb164fb{SSL, (ssl, http/1.1)}{0.0.0.0:33049}
[main] INFO org.eclipse.jetty.server.Server - Started @135660ms
[main] DEBUG org.apache.nifi.processors.standard.ListenHTTP - ListenHTTP[id=0bdc8616-5222-4ea2-97e9-c0077c11f294] Server Socket Connected after 0 ms
[ListenHTTP (0bdc8616-5222-4ea2-97e9-c0077c11f294) Web Server-3129] DEBUG org.apache.nifi.processors.standard.ListenHTTP - ListenHTTP[id=0bdc8616-5222-4ea2-97e9-c0077c11f294] Received request from 127.0.0.1, createHold=false, content-type=application/octet-stream, gzip=false
[ListenHTTP (0bdc8616-5222-4ea2-97e9-c0077c11f294) Web Server-3129] INFO org.apache.nifi.processors.standard.ListenHTTP - ListenHTTP[id=0bdc8616-5222-4ea2-97e9-c0077c11f294] Received from Remote Host: [127.0.0.1] Port [35546] SubjectDN [CN=localhost] IssuerDN [CN=localhost]; transferring to 'success'
[ListenHTTP (0bdc8616-5222-4ea2-97e9-c0077c11f294) Web Server-3128] DEBUG org.apache.nifi.processors.standard.ListenHTTP - ListenHTTP[id=0bdc8616-5222-4ea2-97e9-c0077c11f294] Received request from 127.0.0.1, createHold=false, content-type=application/octet-stream, gzip=false
[ListenHTTP (0bdc8616-5222-4ea2-97e9-c0077c11f294) Web Server-3128] INFO org.apache.nifi.processors.standard.ListenHTTP - ListenHTTP[id=0bdc8616-5222-4ea2-97e9-c0077c11f294] Received from Remote Host: [127.0.0.1] Port [35560] SubjectDN [CN=localhost] IssuerDN [CN=localhost]; transferring to 'success'
[ListenHTTP (0bdc8616-5222-4ea2-97e9-c0077c11f294) Web Server-3125] DEBUG org.apache.nifi.processors.standard.ListenHTTP - ListenHTTP[id=0bdc8616-5222-4ea2-97e9-c0077c11f294] Received request from 127.0.0.1, createHold=false, content-type=application/octet-stream, gzip=false
[ListenHTTP (0bdc8616-5222-4ea2-97e9-c0077c11f294) Web Server-3125] INFO org.apache.nifi.processors.standard.ListenHTTP - ListenHTTP[id=0bdc8616-5222-4ea2-97e9-c0077c11f294] Received from Remote Host: [127.0.0.1] Port [35562] SubjectDN [CN=localhost] IssuerDN [CN=localhost]; transferring to 'success'
[ListenHTTP (0bdc8616-5222-4ea2-97e9-c0077c11f294) Web Server-3126] DEBUG org.apache.nifi.processors.standard.ListenHTTP - ListenHTTP[id=0bdc8616-5222-4ea2-97e9-c0077c11f294] Received request from 127.0.0.1, createHold=false, content-type=application/octet-stream, gzip=false
[ListenHTTP (0bdc8616-5222-4ea2-97e9-c0077c11f294) Web Server-3126] INFO org.apache.nifi.processors.standard.ListenHTTP - ListenHTTP[id=0bdc8616-5222-4ea2-97e9-c0077c11f294] Received from Remote Host: [127.0.0.1] Port [35566] SubjectDN [CN=localhost] IssuerDN [CN=localhost]; transferring to 'success'
[main] INFO org.eclipse.jetty.server.AbstractConnector - Stopped ServerConnector@3fb164fb{SSL, (ssl, http/1.1)}{0.0.0.0:33049}
[main] INFO org.eclipse.jetty.server.session - node0 Stopped scavenging
[main] INFO org.eclipse.jetty.server.handler.ContextHandler - Stopped o.e.j.s.ServletContextHandler@363cf654{/,null,STOPPED}
]]></system-err>
  </testcase>
  <testcase name="testPOSTRequestsReceivedWithoutEL" classname="org.apache.nifi.processors.standard.TestListenHTTP" time="0.011">
    <system-err><![CDATA[[main] INFO org.eclipse.jetty.server.Server - jetty-9.4.44.v20210927; built: 2021-09-27T23:02:44.612Z; git: 8da83308eeca865e495e53ef315a249d63ba9332; jvm 1.8.0_402-8u402-ga-2ubuntu1~22.04-b06
[main] INFO org.eclipse.jetty.server.session - DefaultSessionIdManager workerName=node0
[main] INFO org.eclipse.jetty.server.session - No SessionScavenger set, using defaults
[main] INFO org.eclipse.jetty.server.session - node0 Scavenging every 600000ms
[main] INFO org.eclipse.jetty.server.handler.ContextHandler - Started o.e.j.s.ServletContextHandler@5a0302af{/,null,AVAILABLE}
[main] INFO org.eclipse.jetty.server.AbstractConnector - Started ServerConnector@2022872f{HTTP/1.1, (http/1.1)}{0.0.0.0:42507}
[main] INFO org.eclipse.jetty.server.Server - Started @135854ms
[main] DEBUG org.apache.nifi.processors.standard.ListenHTTP - ListenHTTP[id=206790be-1cc4-49ec-9b53-26bc86086585] Server Socket Connected after 0 ms
[ListenHTTP (206790be-1cc4-49ec-9b53-26bc86086585) Web Server-3136] DEBUG org.apache.nifi.processors.standard.ListenHTTP - ListenHTTP[id=206790be-1cc4-49ec-9b53-26bc86086585] Received request from 127.0.0.1, createHold=false, content-type=application/octet-stream, gzip=false
[ListenHTTP (206790be-1cc4-49ec-9b53-26bc86086585) Web Server-3136] INFO org.apache.nifi.processors.standard.ListenHTTP - ListenHTTP[id=206790be-1cc4-49ec-9b53-26bc86086585] Received from Remote Host: [127.0.0.1] Port [54424] SubjectDN [none] IssuerDN [none]; transferring to 'success'
[ListenHTTP (206790be-1cc4-49ec-9b53-26bc86086585) Web Server-3137] DEBUG org.apache.nifi.processors.standard.ListenHTTP - ListenHTTP[id=206790be-1cc4-49ec-9b53-26bc86086585] Received request from 127.0.0.1, createHold=false, content-type=application/octet-stream, gzip=false
[ListenHTTP (206790be-1cc4-49ec-9b53-26bc86086585) Web Server-3137] INFO org.apache.nifi.processors.standard.ListenHTTP - ListenHTTP[id=206790be-1cc4-49ec-9b53-26bc86086585] Received from Remote Host: [127.0.0.1] Port [54428] SubjectDN [none] IssuerDN [none]; transferring to 'success'
[ListenHTTP (206790be-1cc4-49ec-9b53-26bc86086585) Web Server-3134] DEBUG org.apache.nifi.processors.standard.ListenHTTP - ListenHTTP[id=206790be-1cc4-49ec-9b53-26bc86086585] Received request from 127.0.0.1, createHold=false, content-type=application/octet-stream, gzip=false
[ListenHTTP (206790be-1cc4-49ec-9b53-26bc86086585) Web Server-3134] INFO org.apache.nifi.processors.standard.ListenHTTP - ListenHTTP[id=206790be-1cc4-49ec-9b53-26bc86086585] Received from Remote Host: [127.0.0.1] Port [54442] SubjectDN [none] IssuerDN [none]; transferring to 'success'
[ListenHTTP (206790be-1cc4-49ec-9b53-26bc86086585) Web Server-3135] DEBUG org.apache.nifi.processors.standard.ListenHTTP - ListenHTTP[id=206790be-1cc4-49ec-9b53-26bc86086585] Received request from 127.0.0.1, createHold=false, content-type=application/octet-stream, gzip=false
[ListenHTTP (206790be-1cc4-49ec-9b53-26bc86086585) Web Server-3135] INFO org.apache.nifi.processors.standard.ListenHTTP - ListenHTTP[id=206790be-1cc4-49ec-9b53-26bc86086585] Received from Remote Host: [127.0.0.1] Port [54448] SubjectDN [none] IssuerDN [none]; transferring to 'success'
[main] INFO org.eclipse.jetty.server.AbstractConnector - Stopped ServerConnector@2022872f{HTTP/1.1, (http/1.1)}{0.0.0.0:42507}
[main] INFO org.eclipse.jetty.server.session - node0 Stopped scavenging
[main] INFO org.eclipse.jetty.server.handler.ContextHandler - Stopped o.e.j.s.ServletContextHandler@5a0302af{/,null,STOPPED}
]]></system-err>
  </testcase>
  <testcase name="testSecurePOSTRequestsReturnCodeReceivedWithEL" classname="org.apache.nifi.processors.standard.TestListenHTTP" time="0.197">
    <system-err><![CDATA[[main] INFO org.eclipse.jetty.server.Server - jetty-9.4.44.v20210927; built: 2021-09-27T23:02:44.612Z; git: 8da83308eeca865e495e53ef315a249d63ba9332; jvm 1.8.0_402-8u402-ga-2ubuntu1~22.04-b06
[main] INFO org.eclipse.jetty.server.session - DefaultSessionIdManager workerName=node0
[main] INFO org.eclipse.jetty.server.session - No SessionScavenger set, using defaults
[main] INFO org.eclipse.jetty.server.session - node0 Scavenging every 660000ms
[main] INFO org.eclipse.jetty.server.handler.ContextHandler - Started o.e.j.s.ServletContextHandler@3e92db27{/,null,AVAILABLE}
[main] INFO org.eclipse.jetty.server.AbstractConnector - Started ServerConnector@2dc3f2b6{SSL, (ssl, http/1.1)}{0.0.0.0:41449}
[main] INFO org.eclipse.jetty.server.Server - Started @135867ms
[main] DEBUG org.apache.nifi.processors.standard.ListenHTTP - ListenHTTP[id=b10b2f06-62bc-4b5b-a555-9b19d48f4576] Server Socket Connected after 0 ms
[ListenHTTP (b10b2f06-62bc-4b5b-a555-9b19d48f4576) Web Server-3150] DEBUG org.apache.nifi.processors.standard.ListenHTTP - ListenHTTP[id=b10b2f06-62bc-4b5b-a555-9b19d48f4576] Received request from 127.0.0.1, createHold=false, content-type=application/octet-stream, gzip=false
[ListenHTTP (b10b2f06-62bc-4b5b-a555-9b19d48f4576) Web Server-3150] INFO org.apache.nifi.processors.standard.ListenHTTP - ListenHTTP[id=b10b2f06-62bc-4b5b-a555-9b19d48f4576] Received from Remote Host: [127.0.0.1] Port [49728] SubjectDN [none] IssuerDN [none]; transferring to 'success'
[ListenHTTP (b10b2f06-62bc-4b5b-a555-9b19d48f4576) Web Server-3149] DEBUG org.apache.nifi.processors.standard.ListenHTTP - ListenHTTP[id=b10b2f06-62bc-4b5b-a555-9b19d48f4576] Received request from 127.0.0.1, createHold=false, content-type=application/octet-stream, gzip=false
[ListenHTTP (b10b2f06-62bc-4b5b-a555-9b19d48f4576) Web Server-3149] INFO org.apache.nifi.processors.standard.ListenHTTP - ListenHTTP[id=b10b2f06-62bc-4b5b-a555-9b19d48f4576] Received from Remote Host: [127.0.0.1] Port [49732] SubjectDN [none] IssuerDN [none]; transferring to 'success'
[ListenHTTP (b10b2f06-62bc-4b5b-a555-9b19d48f4576) Web Server-3146] DEBUG org.apache.nifi.processors.standard.ListenHTTP - ListenHTTP[id=b10b2f06-62bc-4b5b-a555-9b19d48f4576] Received request from 127.0.0.1, createHold=false, content-type=application/octet-stream, gzip=false
[ListenHTTP (b10b2f06-62bc-4b5b-a555-9b19d48f4576) Web Server-3146] INFO org.apache.nifi.processors.standard.ListenHTTP - ListenHTTP[id=b10b2f06-62bc-4b5b-a555-9b19d48f4576] Received from Remote Host: [127.0.0.1] Port [49748] SubjectDN [none] IssuerDN [none]; transferring to 'success'
[ListenHTTP (b10b2f06-62bc-4b5b-a555-9b19d48f4576) Web Server-3147] DEBUG org.apache.nifi.processors.standard.ListenHTTP - ListenHTTP[id=b10b2f06-62bc-4b5b-a555-9b19d48f4576] Received request from 127.0.0.1, createHold=false, content-type=application/octet-stream, gzip=false
[ListenHTTP (b10b2f06-62bc-4b5b-a555-9b19d48f4576) Web Server-3147] INFO org.apache.nifi.processors.standard.ListenHTTP - ListenHTTP[id=b10b2f06-62bc-4b5b-a555-9b19d48f4576] Received from Remote Host: [127.0.0.1] Port [49756] SubjectDN [none] IssuerDN [none]; transferring to 'success'
[main] INFO org.eclipse.jetty.server.AbstractConnector - Stopped ServerConnector@2dc3f2b6{SSL, (ssl, http/1.1)}{0.0.0.0:41449}
[main] INFO org.eclipse.jetty.server.session - node0 Stopped scavenging
[main] INFO org.eclipse.jetty.server.handler.ContextHandler - Stopped o.e.j.s.ServletContextHandler@3e92db27{/,null,STOPPED}
]]></system-err>
  </testcase>
  <testcase name="testMaxThreadPoolSizeTooHigh" classname="org.apache.nifi.processors.standard.TestListenHTTP" time="0.001"/>
  <testcase name="testSecureServerTrustStoreNotConfiguredClientAuthenticationNotRequired" classname="org.apache.nifi.processors.standard.TestListenHTTP" time="0.056">
    <system-err><![CDATA[[main] INFO org.eclipse.jetty.server.Server - jetty-9.4.44.v20210927; built: 2021-09-27T23:02:44.612Z; git: 8da83308eeca865e495e53ef315a249d63ba9332; jvm 1.8.0_402-8u402-ga-2ubuntu1~22.04-b06
[main] INFO org.eclipse.jetty.server.session - DefaultSessionIdManager workerName=node0
[main] INFO org.eclipse.jetty.server.session - No SessionScavenger set, using defaults
[main] INFO org.eclipse.jetty.server.session - node0 Scavenging every 600000ms
[main] INFO org.eclipse.jetty.server.handler.ContextHandler - Started o.e.j.s.ServletContextHandler@38c6cf1c{/,null,AVAILABLE}
[main] INFO org.eclipse.jetty.server.AbstractConnector - Started ServerConnector@26d0a901{SSL, (ssl, http/1.1)}{0.0.0.0:43133}
[main] INFO org.eclipse.jetty.server.Server - Started @136065ms
[main] DEBUG org.apache.nifi.processors.standard.ListenHTTP - ListenHTTP[id=083bee60-d005-4eb8-a77c-40b162095ff4] Server Socket Connected after 0 ms
[ListenHTTP (083bee60-d005-4eb8-a77c-40b162095ff4) Web Server-3160] DEBUG org.apache.nifi.processors.standard.ListenHTTP - ListenHTTP[id=083bee60-d005-4eb8-a77c-40b162095ff4] Received request from 127.0.0.1, createHold=false, content-type=application/octet-stream, gzip=false
[ListenHTTP (083bee60-d005-4eb8-a77c-40b162095ff4) Web Server-3160] INFO org.apache.nifi.processors.standard.ListenHTTP - ListenHTTP[id=083bee60-d005-4eb8-a77c-40b162095ff4] Received from Remote Host: [127.0.0.1] Port [60082] SubjectDN [none] IssuerDN [none]; transferring to 'success'
[main] INFO org.eclipse.jetty.server.AbstractConnector - Stopped ServerConnector@26d0a901{SSL, (ssl, http/1.1)}{0.0.0.0:43133}
[main] INFO org.eclipse.jetty.server.session - node0 Stopped scavenging
[main] INFO org.eclipse.jetty.server.handler.ContextHandler - Stopped o.e.j.s.ServletContextHandler@38c6cf1c{/,null,STOPPED}
]]></system-err>
  </testcase>
  <testcase name="testSecureTwoWaySslPOSTRequestsReturnCodeReceivedWithoutEL" classname="org.apache.nifi.processors.standard.TestListenHTTP" time="0.199">
    <system-err><![CDATA[[main] INFO org.eclipse.jetty.server.Server - jetty-9.4.44.v20210927; built: 2021-09-27T23:02:44.612Z; git: 8da83308eeca865e495e53ef315a249d63ba9332; jvm 1.8.0_402-8u402-ga-2ubuntu1~22.04-b06
[main] INFO org.eclipse.jetty.server.session - DefaultSessionIdManager workerName=node0
[main] INFO org.eclipse.jetty.server.session - No SessionScavenger set, using defaults
[main] INFO org.eclipse.jetty.server.session - node0 Scavenging every 600000ms
[main] INFO org.eclipse.jetty.server.handler.ContextHandler - Started o.e.j.s.ServletContextHandler@7b1be50a{/,null,AVAILABLE}
[main] INFO org.eclipse.jetty.server.AbstractConnector - Started ServerConnector@3d3f6fb{SSL, (ssl, http/1.1)}{0.0.0.0:39959}
[main] INFO org.eclipse.jetty.server.Server - Started @136121ms
[main] DEBUG org.apache.nifi.processors.standard.ListenHTTP - ListenHTTP[id=5031dea2-0899-42bd-b7bd-be10a1cb8fc5] Server Socket Connected after 0 ms
[ListenHTTP (5031dea2-0899-42bd-b7bd-be10a1cb8fc5) Web Server-3171] DEBUG org.apache.nifi.processors.standard.ListenHTTP - ListenHTTP[id=5031dea2-0899-42bd-b7bd-be10a1cb8fc5] Received request from 127.0.0.1, createHold=false, content-type=application/octet-stream, gzip=false
[ListenHTTP (5031dea2-0899-42bd-b7bd-be10a1cb8fc5) Web Server-3171] INFO org.apache.nifi.processors.standard.ListenHTTP - ListenHTTP[id=5031dea2-0899-42bd-b7bd-be10a1cb8fc5] Received from Remote Host: [127.0.0.1] Port [41244] SubjectDN [CN=localhost] IssuerDN [CN=localhost]; transferring to 'success'
[ListenHTTP (5031dea2-0899-42bd-b7bd-be10a1cb8fc5) Web Server-3169] DEBUG org.apache.nifi.processors.standard.ListenHTTP - ListenHTTP[id=5031dea2-0899-42bd-b7bd-be10a1cb8fc5] Received request from 127.0.0.1, createHold=false, content-type=application/octet-stream, gzip=false
[ListenHTTP (5031dea2-0899-42bd-b7bd-be10a1cb8fc5) Web Server-3169] INFO org.apache.nifi.processors.standard.ListenHTTP - ListenHTTP[id=5031dea2-0899-42bd-b7bd-be10a1cb8fc5] Received from Remote Host: [127.0.0.1] Port [41252] SubjectDN [CN=localhost] IssuerDN [CN=localhost]; transferring to 'success'
[ListenHTTP (5031dea2-0899-42bd-b7bd-be10a1cb8fc5) Web Server-3166] DEBUG org.apache.nifi.processors.standard.ListenHTTP - ListenHTTP[id=5031dea2-0899-42bd-b7bd-be10a1cb8fc5] Received request from 127.0.0.1, createHold=false, content-type=application/octet-stream, gzip=false
[ListenHTTP (5031dea2-0899-42bd-b7bd-be10a1cb8fc5) Web Server-3166] INFO org.apache.nifi.processors.standard.ListenHTTP - ListenHTTP[id=5031dea2-0899-42bd-b7bd-be10a1cb8fc5] Received from Remote Host: [127.0.0.1] Port [41256] SubjectDN [CN=localhost] IssuerDN [CN=localhost]; transferring to 'success'
[ListenHTTP (5031dea2-0899-42bd-b7bd-be10a1cb8fc5) Web Server-3167] DEBUG org.apache.nifi.processors.standard.ListenHTTP - ListenHTTP[id=5031dea2-0899-42bd-b7bd-be10a1cb8fc5] Received request from 127.0.0.1, createHold=false, content-type=application/octet-stream, gzip=false
[ListenHTTP (5031dea2-0899-42bd-b7bd-be10a1cb8fc5) Web Server-3167] INFO org.apache.nifi.processors.standard.ListenHTTP - ListenHTTP[id=5031dea2-0899-42bd-b7bd-be10a1cb8fc5] Received from Remote Host: [127.0.0.1] Port [41266] SubjectDN [CN=localhost] IssuerDN [CN=localhost]; transferring to 'success'
[main] INFO org.eclipse.jetty.server.AbstractConnector - Stopped ServerConnector@3d3f6fb{SSL, (ssl, http/1.1)}{0.0.0.0:39959}
[main] INFO org.eclipse.jetty.server.session - node0 Stopped scavenging
[main] INFO org.eclipse.jetty.server.handler.ContextHandler - Stopped o.e.j.s.ServletContextHandler@7b1be50a{/,null,STOPPED}
]]></system-err>
  </testcase>
  <testcase name="testSecureTwoWaySslPOSTRequestsReturnCodeReceivedWithEL" classname="org.apache.nifi.processors.standard.TestListenHTTP" time="0.192">
    <system-err><![CDATA[[main] INFO org.eclipse.jetty.server.Server - jetty-9.4.44.v20210927; built: 2021-09-27T23:02:44.612Z; git: 8da83308eeca865e495e53ef315a249d63ba9332; jvm 1.8.0_402-8u402-ga-2ubuntu1~22.04-b06
[main] INFO org.eclipse.jetty.server.session - DefaultSessionIdManager workerName=node0
[main] INFO org.eclipse.jetty.server.session - No SessionScavenger set, using defaults
[main] INFO org.eclipse.jetty.server.session - node0 Scavenging every 660000ms
[main] INFO org.eclipse.jetty.server.handler.ContextHandler - Started o.e.j.s.ServletContextHandler@7ef975f6{/,null,AVAILABLE}
[main] INFO org.eclipse.jetty.server.AbstractConnector - Started ServerConnector@18cd6289{SSL, (ssl, http/1.1)}{0.0.0.0:44567}
[main] INFO org.eclipse.jetty.server.Server - Started @136320ms
[main] DEBUG org.apache.nifi.processors.standard.ListenHTTP - ListenHTTP[id=3a8a4ef5-73c9-455e-af3c-0ad14534bd74] Server Socket Connected after 0 ms
[ListenHTTP (3a8a4ef5-73c9-455e-af3c-0ad14534bd74) Web Server-3180] DEBUG org.apache.nifi.processors.standard.ListenHTTP - ListenHTTP[id=3a8a4ef5-73c9-455e-af3c-0ad14534bd74] Received request from 127.0.0.1, createHold=false, content-type=application/octet-stream, gzip=false
[ListenHTTP (3a8a4ef5-73c9-455e-af3c-0ad14534bd74) Web Server-3180] INFO org.apache.nifi.processors.standard.ListenHTTP - ListenHTTP[id=3a8a4ef5-73c9-455e-af3c-0ad14534bd74] Received from Remote Host: [127.0.0.1] Port [52640] SubjectDN [CN=localhost] IssuerDN [CN=localhost]; transferring to 'success'
[ListenHTTP (3a8a4ef5-73c9-455e-af3c-0ad14534bd74) Web Server-3179] DEBUG org.apache.nifi.processors.standard.ListenHTTP - ListenHTTP[id=3a8a4ef5-73c9-455e-af3c-0ad14534bd74] Received request from 127.0.0.1, createHold=false, content-type=application/octet-stream, gzip=false
[ListenHTTP (3a8a4ef5-73c9-455e-af3c-0ad14534bd74) Web Server-3179] INFO org.apache.nifi.processors.standard.ListenHTTP - ListenHTTP[id=3a8a4ef5-73c9-455e-af3c-0ad14534bd74] Received from Remote Host: [127.0.0.1] Port [52648] SubjectDN [CN=localhost] IssuerDN [CN=localhost]; transferring to 'success'
[ListenHTTP (3a8a4ef5-73c9-455e-af3c-0ad14534bd74) Web Server-3176] DEBUG org.apache.nifi.processors.standard.ListenHTTP - ListenHTTP[id=3a8a4ef5-73c9-455e-af3c-0ad14534bd74] Received request from 127.0.0.1, createHold=false, content-type=application/octet-stream, gzip=false
[ListenHTTP (3a8a4ef5-73c9-455e-af3c-0ad14534bd74) Web Server-3176] INFO org.apache.nifi.processors.standard.ListenHTTP - ListenHTTP[id=3a8a4ef5-73c9-455e-af3c-0ad14534bd74] Received from Remote Host: [127.0.0.1] Port [52656] SubjectDN [CN=localhost] IssuerDN [CN=localhost]; transferring to 'success'
[ListenHTTP (3a8a4ef5-73c9-455e-af3c-0ad14534bd74) Web Server-3177] DEBUG org.apache.nifi.processors.standard.ListenHTTP - ListenHTTP[id=3a8a4ef5-73c9-455e-af3c-0ad14534bd74] Received request from 127.0.0.1, createHold=false, content-type=application/octet-stream, gzip=false
[ListenHTTP (3a8a4ef5-73c9-455e-af3c-0ad14534bd74) Web Server-3177] INFO org.apache.nifi.processors.standard.ListenHTTP - ListenHTTP[id=3a8a4ef5-73c9-455e-af3c-0ad14534bd74] Received from Remote Host: [127.0.0.1] Port [52672] SubjectDN [CN=localhost] IssuerDN [CN=localhost]; transferring to 'success'
[main] INFO org.eclipse.jetty.server.AbstractConnector - Stopped ServerConnector@18cd6289{SSL, (ssl, http/1.1)}{0.0.0.0:44567}
[main] INFO org.eclipse.jetty.server.session - node0 Stopped scavenging
[main] INFO org.eclipse.jetty.server.handler.ContextHandler - Stopped o.e.j.s.ServletContextHandler@7ef975f6{/,null,STOPPED}
]]></system-err>
  </testcase>
</testsuite>