<?xml version="1.0" encoding="UTF-8"?>
<testsuite xmlns:xsi="http://www.w3.org/2001/XMLSchema-instance" xsi:noNamespaceSchemaLocation="https://maven.apache.org/surefire/maven-surefire-plugin/xsd/surefire-test-report-3.0.xsd" version="3.0" name="org.apache.nifi.processors.mqtt.TestConsumeMQTT" time="2.193" tests="15" errors="0" skipped="0" failures="0">
  <properties>
    <property name="sun.desktop" value="gnome"/>
    <property name="awt.toolkit" value="sun.awt.X11.XToolkit"/>
    <property name="file.encoding.pkg" value="sun.io"/>
    <property name="java.specification.version" value="1.8"/>
    <property name="sun.cpu.isalist" value=""/>
    <property name="sun.jnu.encoding" value="UTF-8"/>
    <property name="java.class.path" value="/home/alex/Repositories/nifi/nifi-nar-bundles/nifi-mqtt-bundle/nifi-mqtt-processors/target/test-classes:/home/alex/Repositories/nifi/nifi-nar-bundles/nifi-mqtt-bundle/nifi-mqtt-processors/target/classes:/home/alex/Repositories/nifi/nifi-api/target/classes:/home/alex/Repositories/nifi/nifi-nar-bundles/nifi-extension-utils/nifi-processor-utils/target/classes:/home/alex/Repositories/nifi/nifi-commons/nifi-utils/target/classes:/home/alex/Repositories/nifi/nifi-commons/nifi-security-socket-ssl/target/classes:/home/alex/.m2/repository/commons-io/commons-io/2.10.0/commons-io-2.10.0.jar:/home/alex/.m2/repository/org/apache/commons/commons-lang3/3.11/commons-lang3-3.11.jar:/home/alex/.m2/repository/com/fasterxml/jackson/core/jackson-databind/2.12.3/jackson-databind-2.12.3.jar:/home/alex/.m2/repository/com/fasterxml/jackson/core/jackson-annotations/2.12.3/jackson-annotations-2.12.3.jar:/home/alex/.m2/repository/com/fasterxml/jackson/core/jackson-core/2.12.3/jackson-core-2.12.3.jar:/home/alex/Repositories/nifi/nifi-nar-bundles/nifi-standard-services/nifi-record-serialization-service-api/target/classes:/home/alex/Repositories/nifi/nifi-commons/nifi-record/target/classes:/home/alex/Repositories/nifi/nifi-nar-bundles/nifi-extension-utils/nifi-event-transport/target/classes:/home/alex/Repositories/nifi/nifi-nar-bundles/nifi-standard-services/nifi-ssl-context-service-api/target/classes:/home/alex/Repositories/nifi/nifi-commons/nifi-security-utils-api/target/classes:/home/alex/.m2/repository/org/eclipse/paho/org.eclipse.paho.client.mqttv3/1.2.2/org.eclipse.paho.client.mqttv3-1.2.2.jar:/home/alex/.m2/repository/io/moquette/moquette-broker/0.8.1/moquette-broker-0.8.1.jar:/home/alex/.m2/repository/io/moquette/moquette-parser-commons/0.8.1/moquette-parser-commons-0.8.1.jar:/home/alex/.m2/repository/io/moquette/moquette-netty-parser/0.8.1/moquette-netty-parser-0.8.1.jar:/home/alex/.m2/repository/org/slf4j/slf4j-api/1.7.32/slf4j-api-1.7.32.jar:/home/alex/.m2/repository/io/netty/netty-common/4.0.33.Final/netty-common-4.0.33.Final.jar:/home/alex/.m2/repository/io/netty/netty-buffer/4.0.33.Final/netty-buffer-4.0.33.Final.jar:/home/alex/.m2/repository/io/netty/netty-transport/4.0.33.Final/netty-transport-4.0.33.Final.jar:/home/alex/.m2/repository/io/netty/netty-handler/4.0.33.Final/netty-handler-4.0.33.Final.jar:/home/alex/.m2/repository/io/netty/netty-codec/4.0.33.Final/netty-codec-4.0.33.Final.jar:/home/alex/.m2/repository/io/netty/netty-codec-http/4.0.33.Final/netty-codec-http-4.0.33.Final.jar:/home/alex/.m2/repository/commons-codec/commons-codec/1.10/commons-codec-1.10.jar:/home/alex/.m2/repository/org/mapdb/mapdb/1.0.8/mapdb-1.0.8.jar:/home/alex/.m2/repository/org/hdrhistogram/HdrHistogram/2.1.4/HdrHistogram-2.1.4.jar:/home/alex/Repositories/nifi/nifi-mock/target/classes:/home/alex/Repositories/nifi/nifi-framework-api/target/classes:/home/alex/Repositories/nifi/nifi-commons/nifi-parameter/target/classes:/home/alex/Repositories/nifi/nifi-nar-bundles/nifi-framework-bundle/nifi-framework/nifi-framework-core-api/target/classes:/home/alex/Repositories/nifi/nifi-nar-bundles/nifi-framework-bundle/nifi-framework/nifi-framework-nar-utils/target/classes:/home/alex/Repositories/nifi/nifi-nar-bundles/nifi-framework-bundle/nifi-framework/nifi-client-dto/target/classes:/home/alex/.m2/repository/io/swagger/swagger-annotations/1.6.0/swagger-annotations-1.6.0.jar:/home/alex/Repositories/nifi/nifi-commons/nifi-site-to-site-client/target/classes:/home/alex/Repositories/nifi/nifi-commons/nifi-security-utils/target/classes:/home/alex/Repositories/nifi/nifi-commons/nifi-security-kms/target/classes:/home/alex/.m2/repository/org/bouncycastle/bcprov-jdk15on/1.69/bcprov-jdk15on-1.69.jar:/home/alex/.m2/repository/org/bouncycastle/bcpkix-jdk15on/1.69/bcpkix-jdk15on-1.69.jar:/home/alex/.m2/repository/org/bouncycastle/bcutil-jdk15on/1.69/bcutil-jdk15on-1.69.jar:/home/alex/Repositories/nifi/nifi-commons/nifi-properties/target/classes:/home/alex/Repositories/nifi/nifi-commons/nifi-property-utils/target/classes:/home/alex/.m2/repository/at/favre/lib/bcrypt/0.9.0/bcrypt-0.9.0.jar:/home/alex/.m2/repository/at/favre/lib/bytes/1.3.0/bytes-1.3.0.jar:/home/alex/.m2/repository/org/apache/commons/commons-configuration2/2.7/commons-configuration2-2.7.jar:/home/alex/.m2/repository/org/apache/httpcomponents/httpclient/4.5.5/httpclient-4.5.5.jar:/home/alex/.m2/repository/org/apache/httpcomponents/httpcore/4.4.9/httpcore-4.4.9.jar:/home/alex/.m2/repository/org/apache/httpcomponents/httpasyncclient/4.1.4/httpasyncclient-4.1.4.jar:/home/alex/.m2/repository/org/apache/httpcomponents/httpcore-nio/4.4.10/httpcore-nio-4.4.10.jar:/home/alex/Repositories/nifi/nifi-nar-bundles/nifi-framework-bundle/nifi-framework/nifi-framework-authorization/target/classes:/home/alex/Repositories/nifi/nifi-registry/nifi-registry-core/nifi-registry-data-model/target/classes:/home/alex/.m2/repository/javax/validation/validation-api/2.0.1.Final/validation-api-2.0.1.Final.jar:/home/alex/.m2/repository/javax/ws/rs/javax.ws.rs-api/2.1/javax.ws.rs-api-2.1.jar:/home/alex/Repositories/nifi/nifi-registry/nifi-registry-core/nifi-registry-revision/nifi-registry-revision-entity-model/target/classes:/home/alex/Repositories/nifi/nifi-registry/nifi-registry-core/nifi-registry-client/target/classes:/home/alex/Repositories/nifi/nifi-registry/nifi-registry-core/nifi-registry-security-utils/target/classes:/home/alex/.m2/repository/org/glassfish/jersey/core/jersey-client/2.33/jersey-client-2.33.jar:/home/alex/.m2/repository/jakarta/ws/rs/jakarta.ws.rs-api/2.1.6/jakarta.ws.rs-api-2.1.6.jar:/home/alex/.m2/repository/org/glassfish/hk2/external/jakarta.inject/2.6.1/jakarta.inject-2.6.1.jar:/home/alex/.m2/repository/org/glassfish/jersey/media/jersey-media-json-jackson/2.33/jersey-media-json-jackson-2.33.jar:/home/alex/.m2/repository/org/glassfish/jersey/ext/jersey-entity-filtering/2.33/jersey-entity-filtering-2.33.jar:/home/alex/.m2/repository/com/fasterxml/jackson/module/jackson-module-jaxb-annotations/2.11.3/jackson-module-jaxb-annotations-2.11.3.jar:/home/alex/.m2/repository/jakarta/xml/bind/jakarta.xml.bind-api/2.3.2/jakarta.xml.bind-api-2.3.2.jar:/home/alex/.m2/repository/jakarta/activation/jakarta.activation-api/1.2.1/jakarta.activation-api-1.2.1.jar:/home/alex/.m2/repository/org/glassfish/jersey/inject/jersey-hk2/2.33/jersey-hk2-2.33.jar:/home/alex/.m2/repository/org/glassfish/hk2/hk2-locator/2.6.1/hk2-locator-2.6.1.jar:/home/alex/.m2/repository/org/glassfish/hk2/external/aopalliance-repackaged/2.6.1/aopalliance-repackaged-2.6.1.jar:/home/alex/.m2/repository/org/glassfish/hk2/hk2-api/2.6.1/hk2-api-2.6.1.jar:/home/alex/.m2/repository/org/glassfish/hk2/hk2-utils/2.6.1/hk2-utils-2.6.1.jar:/home/alex/.m2/repository/org/javassist/javassist/3.25.0-GA/javassist-3.25.0-GA.jar:/home/alex/.m2/repository/org/glassfish/jersey/core/jersey-common/2.33/jersey-common-2.33.jar:/home/alex/.m2/repository/jakarta/annotation/jakarta.annotation-api/1.3.5/jakarta.annotation-api-1.3.5.jar:/home/alex/.m2/repository/org/glassfish/hk2/osgi-resource-locator/1.0.3/osgi-resource-locator-1.0.3.jar:/home/alex/.m2/repository/org/glassfish/jersey/media/jersey-media-multipart/2.33/jersey-media-multipart-2.33.jar:/home/alex/.m2/repository/org/jvnet/mimepull/mimepull/1.9.13/mimepull-1.9.13.jar:/home/alex/Repositories/nifi/nifi-commons/nifi-expression-language/target/classes:/home/alex/.m2/repository/org/antlr/antlr-runtime/3.5.2/antlr-runtime-3.5.2.jar:/home/alex/Repositories/nifi/nifi-commons/nifi-uuid5/target/classes:/home/alex/Repositories/nifi/nifi-commons/nifi-data-provenance-utils/target/classes:/home/alex/Repositories/nifi/nifi-nar-bundles/nifi-standard-services/nifi-record-serialization-services-bundle/nifi-record-serialization-services/target/classes:/home/alex/Repositories/nifi/nifi-nar-bundles/nifi-extension-utils/nifi-syslog-utils/target/classes:/home/alex/.m2/repository/com/github/palindromicity/simple-syslog-5424/0.0.16/simple-syslog-5424-0.0.16.jar:/home/alex/.m2/repository/org/antlr/antlr4-runtime/4.7.2/antlr4-runtime-4.7.2.jar:/home/alex/.m2/repository/com/jayway/jsonpath/json-path/2.6.0/json-path-2.6.0.jar:/home/alex/.m2/repository/net/minidev/json-smart/2.4.7/json-smart-2.4.7.jar:/home/alex/.m2/repository/net/minidev/accessors-smart/2.4.7/accessors-smart-2.4.7.jar:/home/alex/.m2/repository/org/ow2/asm/asm/9.1/asm-9.1.jar:/home/alex/.m2/repository/org/apache/commons/commons-csv/1.8/commons-csv-1.8.jar:/home/alex/.m2/repository/com/fasterxml/jackson/dataformat/jackson-dataformat-csv/2.12.3/jackson-dataformat-csv-2.12.3.jar:/home/alex/.m2/repository/io/krakens/java-grok/0.1.9/java-grok-0.1.9.jar:/home/alex/.m2/repository/org/apache/avro/avro/1.8.1/avro-1.8.1.jar:/home/alex/.m2/repository/org/codehaus/jackson/jackson-core-asl/1.9.13/jackson-core-asl-1.9.13.jar:/home/alex/.m2/repository/org/codehaus/jackson/jackson-mapper-asl/1.9.13/jackson-mapper-asl-1.9.13.jar:/home/alex/.m2/repository/com/thoughtworks/paranamer/paranamer/2.7/paranamer-2.7.jar:/home/alex/.m2/repository/org/xerial/snappy/snappy-java/1.1.1.3/snappy-java-1.1.1.3.jar:/home/alex/.m2/repository/org/apache/commons/commons-compress/1.8.1/commons-compress-1.8.1.jar:/home/alex/.m2/repository/org/tukaani/xz/1.5/xz-1.5.jar:/home/alex/.m2/repository/net/java/dev/stax-utils/stax-utils/20070216/stax-utils-20070216.jar:/home/alex/.m2/repository/org/apache/commons/commons-text/1.8/commons-text-1.8.jar:/home/alex/.m2/repository/com/github/ben-manes/caffeine/caffeine/2.8.1/caffeine-2.8.1.jar:/home/alex/.m2/repository/org/checkerframework/checker-qual/3.1.0/checker-qual-3.1.0.jar:/home/alex/.m2/repository/com/google/errorprone/error_prone_annotations/2.3.4/error_prone_annotations-2.3.4.jar:/home/alex/.m2/repository/com/google/guava/guava/27.0.1-jre/guava-27.0.1-jre.jar:/home/alex/.m2/repository/com/google/guava/failureaccess/1.0.1/failureaccess-1.0.1.jar:/home/alex/.m2/repository/com/google/guava/listenablefuture/9999.0-empty-to-avoid-conflict-with-guava/listenablefuture-9999.0-empty-to-avoid-conflict-with-guava.jar:/home/alex/.m2/repository/com/google/code/findbugs/jsr305/3.0.2/jsr305-3.0.2.jar:/home/alex/.m2/repository/com/google/j2objc/j2objc-annotations/1.1/j2objc-annotations-1.1.jar:/home/alex/.m2/repository/org/codehaus/mojo/animal-sniffer-annotations/1.17/animal-sniffer-annotations-1.17.jar:/home/alex/Repositories/nifi/nifi-nar-bundles/nifi-extension-utils/nifi-record-utils/nifi-avro-record-utils/target/classes:/home/alex/Repositories/nifi/nifi-nar-bundles/nifi-extension-utils/nifi-record-utils/nifi-standard-record-utils/target/classes:/home/alex/Repositories/nifi/nifi-nar-bundles/nifi-standard-services/nifi-schema-registry-service-api/target/classes:/home/alex/.m2/repository/org/junit/jupiter/junit-jupiter-api/5.7.2/junit-jupiter-api-5.7.2.jar:/home/alex/.m2/repository/org/apiguardian/apiguardian-api/1.1.0/apiguardian-api-1.1.0.jar:/home/alex/.m2/repository/org/opentest4j/opentest4j/1.2.0/opentest4j-1.2.0.jar:/home/alex/.m2/repository/org/junit/platform/junit-platform-commons/1.7.2/junit-platform-commons-1.7.2.jar:/home/alex/.m2/repository/org/junit/jupiter/junit-jupiter-engine/5.7.2/junit-jupiter-engine-5.7.2.jar:/home/alex/.m2/repository/org/junit/platform/junit-platform-engine/1.7.2/junit-platform-engine-1.7.2.jar:/home/alex/.m2/repository/org/junit/vintage/junit-vintage-engine/5.7.2/junit-vintage-engine-5.7.2.jar:/home/alex/.m2/repository/junit/junit/4.13.2/junit-4.13.2.jar:/home/alex/.m2/repository/org/hamcrest/hamcrest-core/1.3/hamcrest-core-1.3.jar:/home/alex/.m2/repository/org/junit/jupiter/junit-jupiter-params/5.7.2/junit-jupiter-params-5.7.2.jar:/home/alex/.m2/repository/org/mockito/mockito-core/3.11.2/mockito-core-3.11.2.jar:/home/alex/.m2/repository/net/bytebuddy/byte-buddy/1.11.3/byte-buddy-1.11.3.jar:/home/alex/.m2/repository/net/bytebuddy/byte-buddy-agent/1.11.3/byte-buddy-agent-1.11.3.jar:/home/alex/.m2/repository/org/objenesis/objenesis/3.2/objenesis-3.2.jar:/home/alex/.m2/repository/org/mockito/mockito-junit-jupiter/3.11.2/mockito-junit-jupiter-3.11.2.jar:/home/alex/.m2/repository/org/slf4j/slf4j-simple/1.7.32/slf4j-simple-1.7.32.jar:/home/alex/.m2/repository/org/codehaus/groovy/groovy-test/2.5.14/groovy-test-2.5.14.jar:/home/alex/.m2/repository/org/codehaus/groovy/groovy/2.5.14/groovy-2.5.14.jar:"/>
    <property name="java.vm.vendor" value="Private Build"/>
    <property name="sun.arch.data.model" value="64"/>
    <property name="java.vendor.url" value="http://java.oracle.com/"/>
    <property name="user.timezone" value="Europe/Lisbon"/>
    <property name="java.vm.specification.version" value="1.8"/>
    <property name="os.name" value="Linux"/>
    <property name="user.country" value="US"/>
    <property name="sun.java.launcher" value="SUN_STANDARD"/>
    <property name="sun.boot.library.path" value="/usr/lib/jvm/java-8-openjdk-amd64/jre/lib/amd64"/>
    <property name="sun.java.command" value="/home/alex/Repositories/nifi/nifi-nar-bundles/nifi-mqtt-bundle/nifi-mqtt-processors/target/surefire/surefirebooter5161391093488411172.jar /home/alex/Repositories/nifi/nifi-nar-bundles/nifi-mqtt-bundle/nifi-mqtt-processors/target/surefire 2024-05-02T03-47-00_422-jvmRun1 surefire2308176875393737444tmp surefire_1318364079112925561478tmp"/>
    <property name="surefire.test.class.path" value="/home/alex/Repositories/nifi/nifi-nar-bundles/nifi-mqtt-bundle/nifi-mqtt-processors/target/test-classes:/home/alex/Repositories/nifi/nifi-nar-bundles/nifi-mqtt-bundle/nifi-mqtt-processors/target/classes:/home/alex/Repositories/nifi/nifi-api/target/classes:/home/alex/Repositories/nifi/nifi-nar-bundles/nifi-extension-utils/nifi-processor-utils/target/classes:/home/alex/Repositories/nifi/nifi-commons/nifi-utils/target/classes:/home/alex/Repositories/nifi/nifi-commons/nifi-security-socket-ssl/target/classes:/home/alex/.m2/repository/commons-io/commons-io/2.10.0/commons-io-2.10.0.jar:/home/alex/.m2/repository/org/apache/commons/commons-lang3/3.11/commons-lang3-3.11.jar:/home/alex/.m2/repository/com/fasterxml/jackson/core/jackson-databind/2.12.3/jackson-databind-2.12.3.jar:/home/alex/.m2/repository/com/fasterxml/jackson/core/jackson-annotations/2.12.3/jackson-annotations-2.12.3.jar:/home/alex/.m2/repository/com/fasterxml/jackson/core/jackson-core/2.12.3/jackson-core-2.12.3.jar:/home/alex/Repositories/nifi/nifi-nar-bundles/nifi-standard-services/nifi-record-serialization-service-api/target/classes:/home/alex/Repositories/nifi/nifi-commons/nifi-record/target/classes:/home/alex/Repositories/nifi/nifi-nar-bundles/nifi-extension-utils/nifi-event-transport/target/classes:/home/alex/Repositories/nifi/nifi-nar-bundles/nifi-standard-services/nifi-ssl-context-service-api/target/classes:/home/alex/Repositories/nifi/nifi-commons/nifi-security-utils-api/target/classes:/home/alex/.m2/repository/org/eclipse/paho/org.eclipse.paho.client.mqttv3/1.2.2/org.eclipse.paho.client.mqttv3-1.2.2.jar:/home/alex/.m2/repository/io/moquette/moquette-broker/0.8.1/moquette-broker-0.8.1.jar:/home/alex/.m2/repository/io/moquette/moquette-parser-commons/0.8.1/moquette-parser-commons-0.8.1.jar:/home/alex/.m2/repository/io/moquette/moquette-netty-parser/0.8.1/moquette-netty-parser-0.8.1.jar:/home/alex/.m2/repository/org/slf4j/slf4j-api/1.7.32/slf4j-api-1.7.32.jar:/home/alex/.m2/repository/io/netty/netty-common/4.0.33.Final/netty-common-4.0.33.Final.jar:/home/alex/.m2/repository/io/netty/netty-buffer/4.0.33.Final/netty-buffer-4.0.33.Final.jar:/home/alex/.m2/repository/io/netty/netty-transport/4.0.33.Final/netty-transport-4.0.33.Final.jar:/home/alex/.m2/repository/io/netty/netty-handler/4.0.33.Final/netty-handler-4.0.33.Final.jar:/home/alex/.m2/repository/io/netty/netty-codec/4.0.33.Final/netty-codec-4.0.33.Final.jar:/home/alex/.m2/repository/io/netty/netty-codec-http/4.0.33.Final/netty-codec-http-4.0.33.Final.jar:/home/alex/.m2/repository/commons-codec/commons-codec/1.10/commons-codec-1.10.jar:/home/alex/.m2/repository/org/mapdb/mapdb/1.0.8/mapdb-1.0.8.jar:/home/alex/.m2/repository/org/hdrhistogram/HdrHistogram/2.1.4/HdrHistogram-2.1.4.jar:/home/alex/Repositories/nifi/nifi-mock/target/classes:/home/alex/Repositories/nifi/nifi-framework-api/target/classes:/home/alex/Repositories/nifi/nifi-commons/nifi-parameter/target/classes:/home/alex/Repositories/nifi/nifi-nar-bundles/nifi-framework-bundle/nifi-framework/nifi-framework-core-api/target/classes:/home/alex/Repositories/nifi/nifi-nar-bundles/nifi-framework-bundle/nifi-framework/nifi-framework-nar-utils/target/classes:/home/alex/Repositories/nifi/nifi-nar-bundles/nifi-framework-bundle/nifi-framework/nifi-client-dto/target/classes:/home/alex/.m2/repository/io/swagger/swagger-annotations/1.6.0/swagger-annotations-1.6.0.jar:/home/alex/Repositories/nifi/nifi-commons/nifi-site-to-site-client/target/classes:/home/alex/Repositories/nifi/nifi-commons/nifi-security-utils/target/classes:/home/alex/Repositories/nifi/nifi-commons/nifi-security-kms/target/classes:/home/alex/.m2/repository/org/bouncycastle/bcprov-jdk15on/1.69/bcprov-jdk15on-1.69.jar:/home/alex/.m2/repository/org/bouncycastle/bcpkix-jdk15on/1.69/bcpkix-jdk15on-1.69.jar:/home/alex/.m2/repository/org/bouncycastle/bcutil-jdk15on/1.69/bcutil-jdk15on-1.69.jar:/home/alex/Repositories/nifi/nifi-commons/nifi-properties/target/classes:/home/alex/Repositories/nifi/nifi-commons/nifi-property-utils/target/classes:/home/alex/.m2/repository/at/favre/lib/bcrypt/0.9.0/bcrypt-0.9.0.jar:/home/alex/.m2/repository/at/favre/lib/bytes/1.3.0/bytes-1.3.0.jar:/home/alex/.m2/repository/org/apache/commons/commons-configuration2/2.7/commons-configuration2-2.7.jar:/home/alex/.m2/repository/org/apache/httpcomponents/httpclient/4.5.5/httpclient-4.5.5.jar:/home/alex/.m2/repository/org/apache/httpcomponents/httpcore/4.4.9/httpcore-4.4.9.jar:/home/alex/.m2/repository/org/apache/httpcomponents/httpasyncclient/4.1.4/httpasyncclient-4.1.4.jar:/home/alex/.m2/repository/org/apache/httpcomponents/httpcore-nio/4.4.10/httpcore-nio-4.4.10.jar:/home/alex/Repositories/nifi/nifi-nar-bundles/nifi-framework-bundle/nifi-framework/nifi-framework-authorization/target/classes:/home/alex/Repositories/nifi/nifi-registry/nifi-registry-core/nifi-registry-data-model/target/classes:/home/alex/.m2/repository/javax/validation/validation-api/2.0.1.Final/validation-api-2.0.1.Final.jar:/home/alex/.m2/repository/javax/ws/rs/javax.ws.rs-api/2.1/javax.ws.rs-api-2.1.jar:/home/alex/Repositories/nifi/nifi-registry/nifi-registry-core/nifi-registry-revision/nifi-registry-revision-entity-model/target/classes:/home/alex/Repositories/nifi/nifi-registry/nifi-registry-core/nifi-registry-client/target/classes:/home/alex/Repositories/nifi/nifi-registry/nifi-registry-core/nifi-registry-security-utils/target/classes:/home/alex/.m2/repository/org/glassfish/jersey/core/jersey-client/2.33/jersey-client-2.33.jar:/home/alex/.m2/repository/jakarta/ws/rs/jakarta.ws.rs-api/2.1.6/jakarta.ws.rs-api-2.1.6.jar:/home/alex/.m2/repository/org/glassfish/hk2/external/jakarta.inject/2.6.1/jakarta.inject-2.6.1.jar:/home/alex/.m2/repository/org/glassfish/jersey/media/jersey-media-json-jackson/2.33/jersey-media-json-jackson-2.33.jar:/home/alex/.m2/repository/org/glassfish/jersey/ext/jersey-entity-filtering/2.33/jersey-entity-filtering-2.33.jar:/home/alex/.m2/repository/com/fasterxml/jackson/module/jackson-module-jaxb-annotations/2.11.3/jackson-module-jaxb-annotations-2.11.3.jar:/home/alex/.m2/repository/jakarta/xml/bind/jakarta.xml.bind-api/2.3.2/jakarta.xml.bind-api-2.3.2.jar:/home/alex/.m2/repository/jakarta/activation/jakarta.activation-api/1.2.1/jakarta.activation-api-1.2.1.jar:/home/alex/.m2/repository/org/glassfish/jersey/inject/jersey-hk2/2.33/jersey-hk2-2.33.jar:/home/alex/.m2/repository/org/glassfish/hk2/hk2-locator/2.6.1/hk2-locator-2.6.1.jar:/home/alex/.m2/repository/org/glassfish/hk2/external/aopalliance-repackaged/2.6.1/aopalliance-repackaged-2.6.1.jar:/home/alex/.m2/repository/org/glassfish/hk2/hk2-api/2.6.1/hk2-api-2.6.1.jar:/home/alex/.m2/repository/org/glassfish/hk2/hk2-utils/2.6.1/hk2-utils-2.6.1.jar:/home/alex/.m2/repository/org/javassist/javassist/3.25.0-GA/javassist-3.25.0-GA.jar:/home/alex/.m2/repository/org/glassfish/jersey/core/jersey-common/2.33/jersey-common-2.33.jar:/home/alex/.m2/repository/jakarta/annotation/jakarta.annotation-api/1.3.5/jakarta.annotation-api-1.3.5.jar:/home/alex/.m2/repository/org/glassfish/hk2/osgi-resource-locator/1.0.3/osgi-resource-locator-1.0.3.jar:/home/alex/.m2/repository/org/glassfish/jersey/media/jersey-media-multipart/2.33/jersey-media-multipart-2.33.jar:/home/alex/.m2/repository/org/jvnet/mimepull/mimepull/1.9.13/mimepull-1.9.13.jar:/home/alex/Repositories/nifi/nifi-commons/nifi-expression-language/target/classes:/home/alex/.m2/repository/org/antlr/antlr-runtime/3.5.2/antlr-runtime-3.5.2.jar:/home/alex/Repositories/nifi/nifi-commons/nifi-uuid5/target/classes:/home/alex/Repositories/nifi/nifi-commons/nifi-data-provenance-utils/target/classes:/home/alex/Repositories/nifi/nifi-nar-bundles/nifi-standard-services/nifi-record-serialization-services-bundle/nifi-record-serialization-services/target/classes:/home/alex/Repositories/nifi/nifi-nar-bundles/nifi-extension-utils/nifi-syslog-utils/target/classes:/home/alex/.m2/repository/com/github/palindromicity/simple-syslog-5424/0.0.16/simple-syslog-5424-0.0.16.jar:/home/alex/.m2/repository/org/antlr/antlr4-runtime/4.7.2/antlr4-runtime-4.7.2.jar:/home/alex/.m2/repository/com/jayway/jsonpath/json-path/2.6.0/json-path-2.6.0.jar:/home/alex/.m2/repository/net/minidev/json-smart/2.4.7/json-smart-2.4.7.jar:/home/alex/.m2/repository/net/minidev/accessors-smart/2.4.7/accessors-smart-2.4.7.jar:/home/alex/.m2/repository/org/ow2/asm/asm/9.1/asm-9.1.jar:/home/alex/.m2/repository/org/apache/commons/commons-csv/1.8/commons-csv-1.8.jar:/home/alex/.m2/repository/com/fasterxml/jackson/dataformat/jackson-dataformat-csv/2.12.3/jackson-dataformat-csv-2.12.3.jar:/home/alex/.m2/repository/io/krakens/java-grok/0.1.9/java-grok-0.1.9.jar:/home/alex/.m2/repository/org/apache/avro/avro/1.8.1/avro-1.8.1.jar:/home/alex/.m2/repository/org/codehaus/jackson/jackson-core-asl/1.9.13/jackson-core-asl-1.9.13.jar:/home/alex/.m2/repository/org/codehaus/jackson/jackson-mapper-asl/1.9.13/jackson-mapper-asl-1.9.13.jar:/home/alex/.m2/repository/com/thoughtworks/paranamer/paranamer/2.7/paranamer-2.7.jar:/home/alex/.m2/repository/org/xerial/snappy/snappy-java/1.1.1.3/snappy-java-1.1.1.3.jar:/home/alex/.m2/repository/org/apache/commons/commons-compress/1.8.1/commons-compress-1.8.1.jar:/home/alex/.m2/repository/org/tukaani/xz/1.5/xz-1.5.jar:/home/alex/.m2/repository/net/java/dev/stax-utils/stax-utils/20070216/stax-utils-20070216.jar:/home/alex/.m2/repository/org/apache/commons/commons-text/1.8/commons-text-1.8.jar:/home/alex/.m2/repository/com/github/ben-manes/caffeine/caffeine/2.8.1/caffeine-2.8.1.jar:/home/alex/.m2/repository/org/checkerframework/checker-qual/3.1.0/checker-qual-3.1.0.jar:/home/alex/.m2/repository/com/google/errorprone/error_prone_annotations/2.3.4/error_prone_annotations-2.3.4.jar:/home/alex/.m2/repository/com/google/guava/guava/27.0.1-jre/guava-27.0.1-jre.jar:/home/alex/.m2/repository/com/google/guava/failureaccess/1.0.1/failureaccess-1.0.1.jar:/home/alex/.m2/repository/com/google/guava/listenablefuture/9999.0-empty-to-avoid-conflict-with-guava/listenablefuture-9999.0-empty-to-avoid-conflict-with-guava.jar:/home/alex/.m2/repository/com/google/code/findbugs/jsr305/3.0.2/jsr305-3.0.2.jar:/home/alex/.m2/repository/com/google/j2objc/j2objc-annotations/1.1/j2objc-annotations-1.1.jar:/home/alex/.m2/repository/org/codehaus/mojo/animal-sniffer-annotations/1.17/animal-sniffer-annotations-1.17.jar:/home/alex/Repositories/nifi/nifi-nar-bundles/nifi-extension-utils/nifi-record-utils/nifi-avro-record-utils/target/classes:/home/alex/Repositories/nifi/nifi-nar-bundles/nifi-extension-utils/nifi-record-utils/nifi-standard-record-utils/target/classes:/home/alex/Repositories/nifi/nifi-nar-bundles/nifi-standard-services/nifi-schema-registry-service-api/target/classes:/home/alex/.m2/repository/org/junit/jupiter/junit-jupiter-api/5.7.2/junit-jupiter-api-5.7.2.jar:/home/alex/.m2/repository/org/apiguardian/apiguardian-api/1.1.0/apiguardian-api-1.1.0.jar:/home/alex/.m2/repository/org/opentest4j/opentest4j/1.2.0/opentest4j-1.2.0.jar:/home/alex/.m2/repository/org/junit/platform/junit-platform-commons/1.7.2/junit-platform-commons-1.7.2.jar:/home/alex/.m2/repository/org/junit/jupiter/junit-jupiter-engine/5.7.2/junit-jupiter-engine-5.7.2.jar:/home/alex/.m2/repository/org/junit/platform/junit-platform-engine/1.7.2/junit-platform-engine-1.7.2.jar:/home/alex/.m2/repository/org/junit/vintage/junit-vintage-engine/5.7.2/junit-vintage-engine-5.7.2.jar:/home/alex/.m2/repository/junit/junit/4.13.2/junit-4.13.2.jar:/home/alex/.m2/repository/org/hamcrest/hamcrest-core/1.3/hamcrest-core-1.3.jar:/home/alex/.m2/repository/org/junit/jupiter/junit-jupiter-params/5.7.2/junit-jupiter-params-5.7.2.jar:/home/alex/.m2/repository/org/mockito/mockito-core/3.11.2/mockito-core-3.11.2.jar:/home/alex/.m2/repository/net/bytebuddy/byte-buddy/1.11.3/byte-buddy-1.11.3.jar:/home/alex/.m2/repository/net/bytebuddy/byte-buddy-agent/1.11.3/byte-buddy-agent-1.11.3.jar:/home/alex/.m2/repository/org/objenesis/objenesis/3.2/objenesis-3.2.jar:/home/alex/.m2/repository/org/mockito/mockito-junit-jupiter/3.11.2/mockito-junit-jupiter-3.11.2.jar:/home/alex/.m2/repository/org/slf4j/slf4j-simple/1.7.32/slf4j-simple-1.7.32.jar:/home/alex/.m2/repository/org/codehaus/groovy/groovy-test/2.5.14/groovy-test-2.5.14.jar:/home/alex/.m2/repository/org/codehaus/groovy/groovy/2.5.14/groovy-2.5.14.jar:"/>
    <property name="sun.cpu.endian" value="little"/>
    <property name="user.home" value="/home/alex"/>
    <property name="user.language" value="en"/>
    <property name="java.specification.vendor" value="Oracle Corporation"/>
    <property name="java.home" value="/usr/lib/jvm/java-8-openjdk-amd64/jre"/>
    <property name="basedir" value="/home/alex/Repositories/nifi/nifi-nar-bundles/nifi-mqtt-bundle/nifi-mqtt-processors"/>
    <property name="file.separator" value="/"/>
    <property name="line.separator" value="&#10;"/>
    <property name="java.vm.specification.vendor" value="Oracle Corporation"/>
    <property name="java.specification.name" value="Java Platform API Specification"/>
    <property name="java.awt.graphicsenv" value="sun.awt.X11GraphicsEnvironment"/>
    <property name="java.awt.headless" value="true"/>
    <property name="surefire.real.class.path" value="/home/alex/Repositories/nifi/nifi-nar-bundles/nifi-mqtt-bundle/nifi-mqtt-processors/target/surefire/surefirebooter5161391093488411172.jar"/>
    <property name="sun.boot.class.path" value="/usr/lib/jvm/java-8-openjdk-amd64/jre/lib/resources.jar:/usr/lib/jvm/java-8-openjdk-amd64/jre/lib/rt.jar:/usr/lib/jvm/java-8-openjdk-amd64/jre/lib/sunrsasign.jar:/usr/lib/jvm/java-8-openjdk-amd64/jre/lib/jsse.jar:/usr/lib/jvm/java-8-openjdk-amd64/jre/lib/jce.jar:/usr/lib/jvm/java-8-openjdk-amd64/jre/lib/charsets.jar:/usr/lib/jvm/java-8-openjdk-amd64/jre/lib/jfr.jar:/usr/lib/jvm/java-8-openjdk-amd64/jre/classes"/>
    <property name="sun.management.compiler" value="HotSpot 64-Bit Tiered Compilers"/>
    <property name="java.runtime.version" value="1.8.0_402-8u402-ga-2ubuntu1~22.04-b06"/>
    <property name="java.net.preferIPv4Stack" value="true"/>
    <property name="user.name" value="alex"/>
    <property name="path.separator" value=":"/>
    <property name="os.version" value="6.5.0-28-generic"/>
    <property name="java.endorsed.dirs" value="/usr/lib/jvm/java-8-openjdk-amd64/jre/lib/endorsed"/>
    <property name="java.runtime.name" value="OpenJDK Runtime Environment"/>
    <property name="file.encoding" value="UTF-8"/>
    <property name="java.vm.name" value="OpenJDK 64-Bit Server VM"/>
    <property name="localRepository" value="/home/alex/.m2/repository"/>
    <property name="java.vendor.url.bug" value="http://bugreport.sun.com/bugreport/"/>
    <property name="java.io.tmpdir" value="/tmp"/>
    <property name="java.version" value="1.8.0_402"/>
    <property name="user.dir" value="/home/alex/Repositories/nifi/nifi-nar-bundles/nifi-mqtt-bundle/nifi-mqtt-processors"/>
    <property name="os.arch" value="amd64"/>
    <property name="java.vm.specification.name" value="Java Virtual Machine Specification"/>
    <property name="java.awt.printerjob" value="sun.print.PSPrinterJob"/>
    <property name="sun.os.patch.level" value="unknown"/>
    <property name="java.library.path" value="/usr/java/packages/lib/amd64:/usr/lib/x86_64-linux-gnu/jni:/lib/x86_64-linux-gnu:/usr/lib/x86_64-linux-gnu:/usr/lib/jni:/lib:/usr/lib"/>
    <property name="java.vm.info" value="mixed mode"/>
    <property name="java.vendor" value="Private Build"/>
    <property name="java.vm.version" value="25.402-b06"/>
    <property name="java.specification.maintenance.version" value="5"/>
    <property name="java.ext.dirs" value="/usr/lib/jvm/java-8-openjdk-amd64/jre/lib/ext:/usr/java/packages/lib/ext"/>
    <property name="sun.io.unicode.encoding" value="UnicodeLittle"/>
    <property name="java.class.version" value="52.0"/>
  </properties>
  <testcase name="testMessageNotConsumedOnCommitFail" classname="org.apache.nifi.processors.mqtt.TestConsumeMQTT" time="0.56">
    <system-err><![CDATA[[main] INFO org.apache.nifi.processors.mqtt.TestConsumeMQTT$UnitTestableConsumeMqtt - UnitTestableConsumeMqtt[id=faa86cfe-c53c-4628-b5bd-8892ab3a292b] Disconnecting client
[main] INFO org.apache.nifi.processors.mqtt.TestConsumeMQTT$UnitTestableConsumeMqtt - UnitTestableConsumeMqtt[id=faa86cfe-c53c-4628-b5bd-8892ab3a292b] Closing client
]]></system-err>
  </testcase>
  <testcase name="testSslContextService" classname="org.apache.nifi.processors.mqtt.TestConsumeMQTT" time="0.459"/>
  <testcase name="testClientIDConfiguration" classname="org.apache.nifi.processors.mqtt.TestConsumeMQTT" time="0.007"/>
  <testcase name="testQoS0" classname="org.apache.nifi.processors.mqtt.TestConsumeMQTT" time="0.006">
    <system-err><![CDATA[[main] INFO org.apache.nifi.processors.mqtt.TestConsumeMQTT$UnitTestableConsumeMqtt - UnitTestableConsumeMqtt[id=dd14bc0b-510e-4ad8-ae28-3a1ee672a6b0] Disconnecting client
[main] INFO org.apache.nifi.processors.mqtt.TestConsumeMQTT$UnitTestableConsumeMqtt - UnitTestableConsumeMqtt[id=dd14bc0b-510e-4ad8-ae28-3a1ee672a6b0] Closing client
]]></system-err>
  </testcase>
  <testcase name="testQoS1" classname="org.apache.nifi.processors.mqtt.TestConsumeMQTT" time="0.003">
    <system-err><![CDATA[[main] INFO org.apache.nifi.processors.mqtt.TestConsumeMQTT$UnitTestableConsumeMqtt - UnitTestableConsumeMqtt[id=9cdd43d5-fc77-4edb-b10a-f9c2f124ce0d] Disconnecting client
[main] INFO org.apache.nifi.processors.mqtt.TestConsumeMQTT$UnitTestableConsumeMqtt - UnitTestableConsumeMqtt[id=9cdd43d5-fc77-4edb-b10a-f9c2f124ce0d] Closing client
]]></system-err>
  </testcase>
  <testcase name="testQoS2" classname="org.apache.nifi.processors.mqtt.TestConsumeMQTT" time="0.002">
    <system-err><![CDATA[[main] INFO org.apache.nifi.processors.mqtt.TestConsumeMQTT$UnitTestableConsumeMqtt - UnitTestableConsumeMqtt[id=dccba8c6-23cb-4faa-b679-54f90674ab8f] Disconnecting client
[main] INFO org.apache.nifi.processors.mqtt.TestConsumeMQTT$UnitTestableConsumeMqtt - UnitTestableConsumeMqtt[id=dccba8c6-23cb-4faa-b679-54f90674ab8f] Closing client
]]></system-err>
  </testcase>
  <testcase name="testLastWillConfig" classname="org.apache.nifi.processors.mqtt.TestConsumeMQTT" time="0.003"/>
  <testcase name="testResizeBuffer" classname="org.apache.nifi.processors.mqtt.TestConsumeMQTT" time="0.004">
    <system-err><![CDATA[[main] INFO org.apache.nifi.processors.mqtt.TestConsumeMQTT$UnitTestableConsumeMqtt - UnitTestableConsumeMqtt[id=8a8ff52d-167a-4ee2-bc8c-05209828f86b] Disconnecting client
[main] INFO org.apache.nifi.processors.mqtt.TestConsumeMQTT$UnitTestableConsumeMqtt - UnitTestableConsumeMqtt[id=8a8ff52d-167a-4ee2-bc8c-05209828f86b] Closing client
[main] WARN org.apache.nifi.processors.mqtt.TestConsumeMQTT$UnitTestableConsumeMqtt - UnitTestableConsumeMqtt[id=8a8ff52d-167a-4ee2-bc8c-05209828f86b] New receive buffer size (1) is smaller than the number of messages pending (2), ignoring resize request. Processor will be invalid.
[main] INFO org.apache.nifi.processors.mqtt.TestConsumeMQTT$UnitTestableConsumeMqtt - UnitTestableConsumeMqtt[id=8a8ff52d-167a-4ee2-bc8c-05209828f86b] Disconnecting client
[main] INFO org.apache.nifi.processors.mqtt.TestConsumeMQTT$UnitTestableConsumeMqtt - UnitTestableConsumeMqtt[id=8a8ff52d-167a-4ee2-bc8c-05209828f86b] Closing client
]]></system-err>
  </testcase>
  <testcase name="testConsumeRecordsWithAddedFields" classname="org.apache.nifi.processors.mqtt.TestConsumeMQTT" time="0.186">
    <system-err><![CDATA[[pool-12-thread-1] ERROR org.apache.nifi.processors.mqtt.TestConsumeMQTT$UnitTestableConsumeMqtt - [UnitTestableConsumeMqtt[id=9cdfdbb7-4206-4994-978c-c8835145f70d]] Failed to parse the message from the internal queue, sending to the parse failure relationship
org.codehaus.jackson.JsonParseException: Unexpected character ('T' (code 84)): expected a valid value (number, String, array, object, 'true', 'false' or 'null')
 at [Source: org.apache.nifi.stream.io.NonCloseableInputStream@150bac16; line: 1, column: 2]
	at org.codehaus.jackson.JsonParser._constructError(JsonParser.java:1433)
	at org.codehaus.jackson.impl.JsonParserMinimalBase._reportError(JsonParserMinimalBase.java:521)
	at org.codehaus.jackson.impl.JsonParserMinimalBase._reportUnexpectedChar(JsonParserMinimalBase.java:442)
	at org.codehaus.jackson.impl.Utf8StreamParser._handleUnexpectedValue(Utf8StreamParser.java:2090)
	at org.codehaus.jackson.impl.Utf8StreamParser._nextTokenNotInObject(Utf8StreamParser.java:606)
	at org.codehaus.jackson.impl.Utf8StreamParser.nextToken(Utf8StreamParser.java:492)
	at org.apache.nifi.json.JsonRecordSource.next(JsonRecordSource.java:45)
	at org.apache.nifi.json.JsonRecordSource.next(JsonRecordSource.java:29)
	at org.apache.nifi.schema.inference.HierarchicalSchemaInference.inferSchema(HierarchicalSchemaInference.java:40)
	at org.apache.nifi.schema.inference.InferSchemaAccessStrategy.getSchema(InferSchemaAccessStrategy.java:49)
	at org.apache.nifi.serialization.SchemaRegistryService.getSchema(SchemaRegistryService.java:126)
	at org.apache.nifi.json.JsonTreeReader.createRecordReader(JsonTreeReader.java:115)
	at org.apache.nifi.processors.mqtt.ConsumeMQTT.transferQueueRecord(ConsumeMQTT.java:525)
	at org.apache.nifi.processors.mqtt.ConsumeMQTT.onTrigger(ConsumeMQTT.java:392)
	at org.apache.nifi.processors.mqtt.common.AbstractMQTTProcessor.onTrigger(AbstractMQTTProcessor.java:384)
	at org.apache.nifi.util.StandardProcessorTestRunner$RunProcessor.call(StandardProcessorTestRunner.java:284)
	at org.apache.nifi.util.StandardProcessorTestRunner$RunProcessor.call(StandardProcessorTestRunner.java:278)
	at java.util.concurrent.FutureTask.run(FutureTask.java:266)
	at java.util.concurrent.ScheduledThreadPoolExecutor$ScheduledFutureTask.access$201(ScheduledThreadPoolExecutor.java:180)
	at java.util.concurrent.ScheduledThreadPoolExecutor$ScheduledFutureTask.run(ScheduledThreadPoolExecutor.java:293)
	at java.util.concurrent.ThreadPoolExecutor.runWorker(ThreadPoolExecutor.java:1149)
	at java.util.concurrent.ThreadPoolExecutor$Worker.run(ThreadPoolExecutor.java:624)
	at java.lang.Thread.run(Thread.java:750)
[pool-12-thread-1] INFO org.apache.nifi.processors.mqtt.TestConsumeMQTT$UnitTestableConsumeMqtt - UnitTestableConsumeMqtt[id=9cdfdbb7-4206-4994-978c-c8835145f70d] Successfully processed 2 records for FlowFile[0,99452399043100.mockFlowFile,0B]
[main] INFO org.apache.nifi.processors.mqtt.TestConsumeMQTT$UnitTestableConsumeMqtt - UnitTestableConsumeMqtt[id=9cdfdbb7-4206-4994-978c-c8835145f70d] Disconnecting client
[main] INFO org.apache.nifi.processors.mqtt.TestConsumeMQTT$UnitTestableConsumeMqtt - UnitTestableConsumeMqtt[id=9cdfdbb7-4206-4994-978c-c8835145f70d] Closing client
]]></system-err>
  </testcase>
  <testcase name="testConsumeDemarcator" classname="org.apache.nifi.processors.mqtt.TestConsumeMQTT" time="0.003">
    <system-err><![CDATA[[main] INFO org.apache.nifi.processors.mqtt.TestConsumeMQTT$UnitTestableConsumeMqtt - UnitTestableConsumeMqtt[id=b75173c7-d729-4350-a44f-a47c94ebf05c] Disconnecting client
[main] INFO org.apache.nifi.processors.mqtt.TestConsumeMQTT$UnitTestableConsumeMqtt - UnitTestableConsumeMqtt[id=b75173c7-d729-4350-a44f-a47c94ebf05c] Closing client
]]></system-err>
  </testcase>
  <testcase name="testConsumeRecordsWithoutAddedFields" classname="org.apache.nifi.processors.mqtt.TestConsumeMQTT" time="0.005">
    <system-err><![CDATA[[pool-14-thread-1] ERROR org.apache.nifi.processors.mqtt.TestConsumeMQTT$UnitTestableConsumeMqtt - [UnitTestableConsumeMqtt[id=989c34b6-6eb4-43e5-8028-f2fd1532fc8e]] Failed to parse the message from the internal queue, sending to the parse failure relationship
org.codehaus.jackson.JsonParseException: Unexpected character ('T' (code 84)): expected a valid value (number, String, array, object, 'true', 'false' or 'null')
 at [Source: org.apache.nifi.stream.io.NonCloseableInputStream@6c0809ed; line: 1, column: 2]
	at org.codehaus.jackson.JsonParser._constructError(JsonParser.java:1433)
	at org.codehaus.jackson.impl.JsonParserMinimalBase._reportError(JsonParserMinimalBase.java:521)
	at org.codehaus.jackson.impl.JsonParserMinimalBase._reportUnexpectedChar(JsonParserMinimalBase.java:442)
	at org.codehaus.jackson.impl.Utf8StreamParser._handleUnexpectedValue(Utf8StreamParser.java:2090)
	at org.codehaus.jackson.impl.Utf8StreamParser._nextTokenNotInObject(Utf8StreamParser.java:606)
	at org.codehaus.jackson.impl.Utf8StreamParser.nextToken(Utf8StreamParser.java:492)
	at org.apache.nifi.json.JsonRecordSource.next(JsonRecordSource.java:45)
	at org.apache.nifi.json.JsonRecordSource.next(JsonRecordSource.java:29)
	at org.apache.nifi.schema.inference.HierarchicalSchemaInference.inferSchema(HierarchicalSchemaInference.java:40)
	at org.apache.nifi.schema.inference.InferSchemaAccessStrategy.getSchema(InferSchemaAccessStrategy.java:49)
	at org.apache.nifi.serialization.SchemaRegistryService.getSchema(SchemaRegistryService.java:126)
	at org.apache.nifi.json.JsonTreeReader.createRecordReader(JsonTreeReader.java:115)
	at org.apache.nifi.processors.mqtt.ConsumeMQTT.transferQueueRecord(ConsumeMQTT.java:525)
	at org.apache.nifi.processors.mqtt.ConsumeMQTT.onTrigger(ConsumeMQTT.java:392)
	at org.apache.nifi.processors.mqtt.common.AbstractMQTTProcessor.onTrigger(AbstractMQTTProcessor.java:384)
	at org.apache.nifi.util.StandardProcessorTestRunner$RunProcessor.call(StandardProcessorTestRunner.java:284)
	at org.apache.nifi.util.StandardProcessorTestRunner$RunProcessor.call(StandardProcessorTestRunner.java:278)
	at java.util.concurrent.FutureTask.run(FutureTask.java:266)
	at java.util.concurrent.ScheduledThreadPoolExecutor$ScheduledFutureTask.access$201(ScheduledThreadPoolExecutor.java:180)
	at java.util.concurrent.ScheduledThreadPoolExecutor$ScheduledFutureTask.run(ScheduledThreadPoolExecutor.java:293)
	at java.util.concurrent.ThreadPoolExecutor.runWorker(ThreadPoolExecutor.java:1149)
	at java.util.concurrent.ThreadPoolExecutor$Worker.run(ThreadPoolExecutor.java:624)
	at java.lang.Thread.run(Thread.java:750)
[pool-14-thread-1] INFO org.apache.nifi.processors.mqtt.TestConsumeMQTT$UnitTestableConsumeMqtt - UnitTestableConsumeMqtt[id=989c34b6-6eb4-43e5-8028-f2fd1532fc8e] Successfully processed 2 records for FlowFile[0,99452563900873.mockFlowFile,0B]
[main] INFO org.apache.nifi.processors.mqtt.TestConsumeMQTT$UnitTestableConsumeMqtt - UnitTestableConsumeMqtt[id=989c34b6-6eb4-43e5-8028-f2fd1532fc8e] Disconnecting client
[main] INFO org.apache.nifi.processors.mqtt.TestConsumeMQTT$UnitTestableConsumeMqtt - UnitTestableConsumeMqtt[id=989c34b6-6eb4-43e5-8028-f2fd1532fc8e] Closing client
]]></system-err>
  </testcase>
  <testcase name="testConsumeRecordsOnlyBadData" classname="org.apache.nifi.processors.mqtt.TestConsumeMQTT" time="0.007">
    <system-err><![CDATA[[pool-15-thread-1] ERROR org.apache.nifi.processors.mqtt.TestConsumeMQTT$UnitTestableConsumeMqtt - [UnitTestableConsumeMqtt[id=aff12296-81d8-4b9c-b2ed-f8655dc200de]] Failed to parse the message from the internal queue, sending to the parse failure relationship
org.codehaus.jackson.JsonParseException: Unexpected character ('T' (code 84)): expected a valid value (number, String, array, object, 'true', 'false' or 'null')
 at [Source: org.apache.nifi.stream.io.NonCloseableInputStream@5b658312; line: 1, column: 2]
	at org.codehaus.jackson.JsonParser._constructError(JsonParser.java:1433)
	at org.codehaus.jackson.impl.JsonParserMinimalBase._reportError(JsonParserMinimalBase.java:521)
	at org.codehaus.jackson.impl.JsonParserMinimalBase._reportUnexpectedChar(JsonParserMinimalBase.java:442)
	at org.codehaus.jackson.impl.Utf8StreamParser._handleUnexpectedValue(Utf8StreamParser.java:2090)
	at org.codehaus.jackson.impl.Utf8StreamParser._nextTokenNotInObject(Utf8StreamParser.java:606)
	at org.codehaus.jackson.impl.Utf8StreamParser.nextToken(Utf8StreamParser.java:492)
	at org.apache.nifi.json.JsonRecordSource.next(JsonRecordSource.java:45)
	at org.apache.nifi.json.JsonRecordSource.next(JsonRecordSource.java:29)
	at org.apache.nifi.schema.inference.HierarchicalSchemaInference.inferSchema(HierarchicalSchemaInference.java:40)
	at org.apache.nifi.schema.inference.InferSchemaAccessStrategy.getSchema(InferSchemaAccessStrategy.java:49)
	at org.apache.nifi.serialization.SchemaRegistryService.getSchema(SchemaRegistryService.java:126)
	at org.apache.nifi.json.JsonTreeReader.createRecordReader(JsonTreeReader.java:115)
	at org.apache.nifi.processors.mqtt.ConsumeMQTT.transferQueueRecord(ConsumeMQTT.java:525)
	at org.apache.nifi.processors.mqtt.ConsumeMQTT.onTrigger(ConsumeMQTT.java:392)
	at org.apache.nifi.processors.mqtt.common.AbstractMQTTProcessor.onTrigger(AbstractMQTTProcessor.java:384)
	at org.apache.nifi.util.StandardProcessorTestRunner$RunProcessor.call(StandardProcessorTestRunner.java:284)
	at org.apache.nifi.util.StandardProcessorTestRunner$RunProcessor.call(StandardProcessorTestRunner.java:278)
	at java.util.concurrent.FutureTask.run(FutureTask.java:266)
	at java.util.concurrent.ScheduledThreadPoolExecutor$ScheduledFutureTask.access$201(ScheduledThreadPoolExecutor.java:180)
	at java.util.concurrent.ScheduledThreadPoolExecutor$ScheduledFutureTask.run(ScheduledThreadPoolExecutor.java:293)
	at java.util.concurrent.ThreadPoolExecutor.runWorker(ThreadPoolExecutor.java:1149)
	at java.util.concurrent.ThreadPoolExecutor$Worker.run(ThreadPoolExecutor.java:624)
	at java.lang.Thread.run(Thread.java:750)
[main] INFO org.apache.nifi.processors.mqtt.TestConsumeMQTT$UnitTestableConsumeMqtt - UnitTestableConsumeMqtt[id=aff12296-81d8-4b9c-b2ed-f8655dc200de] Disconnecting client
[main] INFO org.apache.nifi.processors.mqtt.TestConsumeMQTT$UnitTestableConsumeMqtt - UnitTestableConsumeMqtt[id=aff12296-81d8-4b9c-b2ed-f8655dc200de] Closing client
]]></system-err>
  </testcase>
  <testcase name="testQoS2NotCleanSession" classname="org.apache.nifi.processors.mqtt.TestConsumeMQTT" time="0.003">
    <system-err><![CDATA[[main] INFO org.apache.nifi.processors.mqtt.TestConsumeMQTT$UnitTestableConsumeMqtt - UnitTestableConsumeMqtt[id=c5ed3e4d-8767-4dbd-94b9-67148acbc1bf] Disconnecting client
[main] INFO org.apache.nifi.processors.mqtt.TestConsumeMQTT$UnitTestableConsumeMqtt - UnitTestableConsumeMqtt[id=c5ed3e4d-8767-4dbd-94b9-67148acbc1bf] Closing client
[main] INFO org.apache.nifi.processors.mqtt.TestConsumeMQTT$UnitTestableConsumeMqtt - UnitTestableConsumeMqtt[id=c5ed3e4d-8767-4dbd-94b9-67148acbc1bf] Disconnecting client
[main] INFO org.apache.nifi.processors.mqtt.TestConsumeMQTT$UnitTestableConsumeMqtt - UnitTestableConsumeMqtt[id=c5ed3e4d-8767-4dbd-94b9-67148acbc1bf] Closing client
]]></system-err>
  </testcase>
  <testcase name="testQoS1NotCleanSession" classname="org.apache.nifi.processors.mqtt.TestConsumeMQTT" time="0.003">
    <system-err><![CDATA[[main] INFO org.apache.nifi.processors.mqtt.TestConsumeMQTT$UnitTestableConsumeMqtt - UnitTestableConsumeMqtt[id=ccb5beff-5180-43a4-80b5-f61e17b33f42] Disconnecting client
[main] INFO org.apache.nifi.processors.mqtt.TestConsumeMQTT$UnitTestableConsumeMqtt - UnitTestableConsumeMqtt[id=ccb5beff-5180-43a4-80b5-f61e17b33f42] Closing client
[main] INFO org.apache.nifi.processors.mqtt.TestConsumeMQTT$UnitTestableConsumeMqtt - UnitTestableConsumeMqtt[id=ccb5beff-5180-43a4-80b5-f61e17b33f42] Disconnecting client
[main] INFO org.apache.nifi.processors.mqtt.TestConsumeMQTT$UnitTestableConsumeMqtt - UnitTestableConsumeMqtt[id=ccb5beff-5180-43a4-80b5-f61e17b33f42] Closing client
]]></system-err>
  </testcase>
  <testcase name="testOnStoppedFinish" classname="org.apache.nifi.processors.mqtt.TestConsumeMQTT" time="0.002">
    <system-err><![CDATA[[main] INFO org.apache.nifi.processors.mqtt.TestConsumeMQTT$UnitTestableConsumeMqtt - UnitTestableConsumeMqtt[id=d8362fd1-d29d-4cfc-878b-1700111d6d3d] Disconnecting client
[main] INFO org.apache.nifi.processors.mqtt.TestConsumeMQTT$UnitTestableConsumeMqtt - UnitTestableConsumeMqtt[id=d8362fd1-d29d-4cfc-878b-1700111d6d3d] Closing client
[main] INFO org.apache.nifi.processors.mqtt.TestConsumeMQTT$UnitTestableConsumeMqtt - UnitTestableConsumeMqtt[id=d8362fd1-d29d-4cfc-878b-1700111d6d3d] Finishing processing leftover messages
]]></system-err>
  </testcase>
</testsuite>