<?xml version="1.0" encoding="UTF-8"?>
<testsuite xmlns:xsi="http://www.w3.org/2001/XMLSchema-instance" xsi:noNamespaceSchemaLocation="https://maven.apache.org/surefire/maven-surefire-plugin/xsd/surefire-test-report-3.0.xsd" version="3.0" name="org.apache.nifi.registry.revision.jdbc.TestJdbcRevisionManager" time="2.041" tests="13" errors="0" skipped="0" failures="0">
  <properties>
    <property name="sun.desktop" value="gnome"/>
    <property name="awt.toolkit" value="sun.awt.X11.XToolkit"/>
    <property name="file.encoding.pkg" value="sun.io"/>
    <property name="java.specification.version" value="1.8"/>
    <property name="sun.cpu.isalist" value=""/>
    <property name="sun.jnu.encoding" value="UTF-8"/>
    <property name="java.class.path" value="/home/alex/Repositories/nifi/nifi-registry/nifi-registry-core/nifi-registry-revision/nifi-registry-revision-spring-jdbc/target/test-classes:/home/alex/Repositories/nifi/nifi-registry/nifi-registry-core/nifi-registry-revision/nifi-registry-revision-spring-jdbc/target/classes:/home/alex/Repositories/nifi/nifi-registry/nifi-registry-core/nifi-registry-revision/nifi-registry-revision-common/target/classes:/home/alex/Repositories/nifi/nifi-registry/nifi-registry-core/nifi-registry-revision/nifi-registry-revision-api/target/classes:/home/alex/.m2/repository/org/springframework/spring-jdbc/5.3.11/spring-jdbc-5.3.11.jar:/home/alex/.m2/repository/org/springframework/spring-beans/5.3.11/spring-beans-5.3.11.jar:/home/alex/.m2/repository/org/springframework/spring-core/5.3.11/spring-core-5.3.11.jar:/home/alex/.m2/repository/org/springframework/spring-jcl/5.3.11/spring-jcl-5.3.11.jar:/home/alex/.m2/repository/org/springframework/spring-tx/5.3.11/spring-tx-5.3.11.jar:/home/alex/.m2/repository/org/mockito/mockito-core/2.28.2/mockito-core-2.28.2.jar:/home/alex/.m2/repository/net/bytebuddy/byte-buddy/1.9.10/byte-buddy-1.9.10.jar:/home/alex/.m2/repository/net/bytebuddy/byte-buddy-agent/1.9.10/byte-buddy-agent-1.9.10.jar:/home/alex/.m2/repository/org/objenesis/objenesis/2.6/objenesis-2.6.jar:/home/alex/Repositories/nifi/nifi-registry/nifi-registry-core/nifi-registry-test/target/classes:/home/alex/.m2/repository/org/springframework/boot/spring-boot-starter-test/2.5.5/spring-boot-starter-test-2.5.5.jar:/home/alex/.m2/repository/org/springframework/boot/spring-boot-starter/2.5.5/spring-boot-starter-2.5.5.jar:/home/alex/.m2/repository/org/springframework/boot/spring-boot/2.5.5/spring-boot-2.5.5.jar:/home/alex/.m2/repository/org/springframework/spring-context/5.3.10/spring-context-5.3.10.jar:/home/alex/.m2/repository/org/springframework/spring-aop/5.3.10/spring-aop-5.3.10.jar:/home/alex/.m2/repository/org/springframework/spring-expression/5.3.10/spring-expression-5.3.10.jar:/home/alex/.m2/repository/org/springframework/boot/spring-boot-autoconfigure/2.5.5/spring-boot-autoconfigure-2.5.5.jar:/home/alex/.m2/repository/org/springframework/boot/spring-boot-starter-logging/2.5.5/spring-boot-starter-logging-2.5.5.jar:/home/alex/.m2/repository/ch/qos/logback/logback-classic/1.2.6/logback-classic-1.2.6.jar:/home/alex/.m2/repository/ch/qos/logback/logback-core/1.2.6/logback-core-1.2.6.jar:/home/alex/.m2/repository/org/apache/logging/log4j/log4j-to-slf4j/2.14.1/log4j-to-slf4j-2.14.1.jar:/home/alex/.m2/repository/org/apache/logging/log4j/log4j-api/2.14.1/log4j-api-2.14.1.jar:/home/alex/.m2/repository/org/slf4j/jul-to-slf4j/1.7.32/jul-to-slf4j-1.7.32.jar:/home/alex/.m2/repository/jakarta/annotation/jakarta.annotation-api/1.3.5/jakarta.annotation-api-1.3.5.jar:/home/alex/.m2/repository/org/yaml/snakeyaml/1.28/snakeyaml-1.28.jar:/home/alex/.m2/repository/org/springframework/boot/spring-boot-test/2.5.5/spring-boot-test-2.5.5.jar:/home/alex/.m2/repository/org/springframework/boot/spring-boot-test-autoconfigure/2.5.5/spring-boot-test-autoconfigure-2.5.5.jar:/home/alex/.m2/repository/com/jayway/jsonpath/json-path/2.5.0/json-path-2.5.0.jar:/home/alex/.m2/repository/net/minidev/json-smart/2.3/json-smart-2.3.jar:/home/alex/.m2/repository/net/minidev/accessors-smart/1.2/accessors-smart-1.2.jar:/home/alex/.m2/repository/org/ow2/asm/asm/5.0.4/asm-5.0.4.jar:/home/alex/.m2/repository/jakarta/xml/bind/jakarta.xml.bind-api/2.3.2/jakarta.xml.bind-api-2.3.2.jar:/home/alex/.m2/repository/jakarta/activation/jakarta.activation-api/1.2.1/jakarta.activation-api-1.2.1.jar:/home/alex/.m2/repository/org/assertj/assertj-core/3.19.0/assertj-core-3.19.0.jar:/home/alex/.m2/repository/org/hamcrest/hamcrest/2.2/hamcrest-2.2.jar:/home/alex/.m2/repository/org/junit/jupiter/junit-jupiter/5.7.2/junit-jupiter-5.7.2.jar:/home/alex/.m2/repository/org/skyscreamer/jsonassert/1.5.0/jsonassert-1.5.0.jar:/home/alex/.m2/repository/com/vaadin/external/google/android-json/0.0.20131108.vaadin1/android-json-0.0.20131108.vaadin1.jar:/home/alex/.m2/repository/org/springframework/spring-test/5.3.10/spring-test-5.3.10.jar:/home/alex/.m2/repository/org/xmlunit/xmlunit-core/2.8.2/xmlunit-core-2.8.2.jar:/home/alex/.m2/repository/org/testcontainers/testcontainers/1.11.3/testcontainers-1.11.3.jar:/home/alex/.m2/repository/org/jetbrains/annotations/17.0.0/annotations-17.0.0.jar:/home/alex/.m2/repository/javax/annotation/javax.annotation-api/1.3.2/javax.annotation-api-1.3.2.jar:/home/alex/.m2/repository/org/apache/commons/commons-compress/1.18/commons-compress-1.18.jar:/home/alex/.m2/repository/javax/xml/bind/jaxb-api/2.3.1/jaxb-api-2.3.1.jar:/home/alex/.m2/repository/javax/activation/javax.activation-api/1.2.0/javax.activation-api-1.2.0.jar:/home/alex/.m2/repository/org/rnorth/duct-tape/duct-tape/1.0.7/duct-tape-1.0.7.jar:/home/alex/.m2/repository/org/rnorth/visible-assertions/visible-assertions/2.1.2/visible-assertions-2.1.2.jar:/home/alex/.m2/repository/net/java/dev/jna/jna/5.2.0/jna-5.2.0.jar:/home/alex/.m2/repository/org/rnorth/tcp-unix-socket-proxy/1.0.2/tcp-unix-socket-proxy-1.0.2.jar:/home/alex/.m2/repository/com/kohlschutter/junixsocket/junixsocket-native-common/2.0.4/junixsocket-native-common-2.0.4.jar:/home/alex/.m2/repository/org/scijava/native-lib-loader/2.0.2/native-lib-loader-2.0.2.jar:/home/alex/.m2/repository/com/kohlschutter/junixsocket/junixsocket-common/2.0.4/junixsocket-common-2.0.4.jar:/home/alex/.m2/repository/net/java/dev/jna/jna-platform/5.2.0/jna-platform-5.2.0.jar:/home/alex/.m2/repository/org/testcontainers/mysql/1.16.0/mysql-1.16.0.jar:/home/alex/.m2/repository/org/testcontainers/jdbc/1.16.0/jdbc-1.16.0.jar:/home/alex/.m2/repository/org/testcontainers/database-commons/1.16.0/database-commons-1.16.0.jar:/home/alex/.m2/repository/org/testcontainers/mariadb/1.16.0/mariadb-1.16.0.jar:/home/alex/.m2/repository/org/testcontainers/postgresql/1.16.0/postgresql-1.16.0.jar:/home/alex/.m2/repository/mysql/mysql-connector-java/8.0.15/mysql-connector-java-8.0.15.jar:/home/alex/.m2/repository/com/google/protobuf/protobuf-java/3.6.1/protobuf-java-3.6.1.jar:/home/alex/.m2/repository/org/mariadb/jdbc/mariadb-java-client/2.4.1/mariadb-java-client-2.4.1.jar:/home/alex/.m2/repository/org/postgresql/postgresql/42.2.19/postgresql-42.2.19.jar:/home/alex/.m2/repository/org/checkerframework/checker-qual/3.5.0/checker-qual-3.5.0.jar:/home/alex/.m2/repository/junit/junit/4.13.2/junit-4.13.2.jar:/home/alex/.m2/repository/org/hamcrest/hamcrest-core/1.3/hamcrest-core-1.3.jar:/home/alex/.m2/repository/com/h2database/h2/1.4.199/h2-1.4.199.jar:/home/alex/.m2/repository/org/flywaydb/flyway-core/6.5.7/flyway-core-6.5.7.jar:/home/alex/.m2/repository/org/slf4j/slf4j-api/1.7.32/slf4j-api-1.7.32.jar:/home/alex/.m2/repository/org/junit/jupiter/junit-jupiter-api/5.7.2/junit-jupiter-api-5.7.2.jar:/home/alex/.m2/repository/org/apiguardian/apiguardian-api/1.1.0/apiguardian-api-1.1.0.jar:/home/alex/.m2/repository/org/opentest4j/opentest4j/1.2.0/opentest4j-1.2.0.jar:/home/alex/.m2/repository/org/junit/platform/junit-platform-commons/1.7.2/junit-platform-commons-1.7.2.jar:/home/alex/.m2/repository/org/junit/jupiter/junit-jupiter-engine/5.7.2/junit-jupiter-engine-5.7.2.jar:/home/alex/.m2/repository/org/junit/platform/junit-platform-engine/1.7.2/junit-platform-engine-1.7.2.jar:/home/alex/.m2/repository/org/junit/vintage/junit-vintage-engine/5.7.2/junit-vintage-engine-5.7.2.jar:/home/alex/.m2/repository/org/junit/jupiter/junit-jupiter-params/5.7.2/junit-jupiter-params-5.7.2.jar:/home/alex/.m2/repository/org/mockito/mockito-junit-jupiter/3.11.2/mockito-junit-jupiter-3.11.2.jar:/home/alex/.m2/repository/org/slf4j/slf4j-simple/1.7.32/slf4j-simple-1.7.32.jar:/home/alex/.m2/repository/org/codehaus/groovy/groovy-test/2.5.14/groovy-test-2.5.14.jar:/home/alex/.m2/repository/org/codehaus/groovy/groovy/2.5.14/groovy-2.5.14.jar:"/>
    <property name="java.vm.vendor" value="Private Build"/>
    <property name="sun.arch.data.model" value="64"/>
    <property name="java.vendor.url" value="http://java.oracle.com/"/>
    <property name="user.timezone" value=""/>
    <property name="user.country.format" value="PT"/>
    <property name="java.vm.specification.version" value="1.8"/>
    <property name="os.name" value="Linux"/>
    <property name="user.country" value="US"/>
    <property name="sun.java.launcher" value="SUN_STANDARD"/>
    <property name="sun.boot.library.path" value="/usr/lib/jvm/java-8-openjdk-amd64/jre/lib/amd64"/>
    <property name="sun.java.command" value="/home/alex/Repositories/nifi/nifi-registry/nifi-registry-core/nifi-registry-revision/nifi-registry-revision-spring-jdbc/target/surefire/surefirebooter8149006713190297261.jar /home/alex/Repositories/nifi/nifi-registry/nifi-registry-core/nifi-registry-revision/nifi-registry-revision-spring-jdbc/target/surefire 2024-05-02T03-48-26_140-jvmRun1 surefire2745683849028555934tmp surefire_78155993446292584091tmp"/>
    <property name="surefire.test.class.path" value="/home/alex/Repositories/nifi/nifi-registry/nifi-registry-core/nifi-registry-revision/nifi-registry-revision-spring-jdbc/target/test-classes:/home/alex/Repositories/nifi/nifi-registry/nifi-registry-core/nifi-registry-revision/nifi-registry-revision-spring-jdbc/target/classes:/home/alex/Repositories/nifi/nifi-registry/nifi-registry-core/nifi-registry-revision/nifi-registry-revision-common/target/classes:/home/alex/Repositories/nifi/nifi-registry/nifi-registry-core/nifi-registry-revision/nifi-registry-revision-api/target/classes:/home/alex/.m2/repository/org/springframework/spring-jdbc/5.3.11/spring-jdbc-5.3.11.jar:/home/alex/.m2/repository/org/springframework/spring-beans/5.3.11/spring-beans-5.3.11.jar:/home/alex/.m2/repository/org/springframework/spring-core/5.3.11/spring-core-5.3.11.jar:/home/alex/.m2/repository/org/springframework/spring-jcl/5.3.11/spring-jcl-5.3.11.jar:/home/alex/.m2/repository/org/springframework/spring-tx/5.3.11/spring-tx-5.3.11.jar:/home/alex/.m2/repository/org/mockito/mockito-core/2.28.2/mockito-core-2.28.2.jar:/home/alex/.m2/repository/net/bytebuddy/byte-buddy/1.9.10/byte-buddy-1.9.10.jar:/home/alex/.m2/repository/net/bytebuddy/byte-buddy-agent/1.9.10/byte-buddy-agent-1.9.10.jar:/home/alex/.m2/repository/org/objenesis/objenesis/2.6/objenesis-2.6.jar:/home/alex/Repositories/nifi/nifi-registry/nifi-registry-core/nifi-registry-test/target/classes:/home/alex/.m2/repository/org/springframework/boot/spring-boot-starter-test/2.5.5/spring-boot-starter-test-2.5.5.jar:/home/alex/.m2/repository/org/springframework/boot/spring-boot-starter/2.5.5/spring-boot-starter-2.5.5.jar:/home/alex/.m2/repository/org/springframework/boot/spring-boot/2.5.5/spring-boot-2.5.5.jar:/home/alex/.m2/repository/org/springframework/spring-context/5.3.10/spring-context-5.3.10.jar:/home/alex/.m2/repository/org/springframework/spring-aop/5.3.10/spring-aop-5.3.10.jar:/home/alex/.m2/repository/org/springframework/spring-expression/5.3.10/spring-expression-5.3.10.jar:/home/alex/.m2/repository/org/springframework/boot/spring-boot-autoconfigure/2.5.5/spring-boot-autoconfigure-2.5.5.jar:/home/alex/.m2/repository/org/springframework/boot/spring-boot-starter-logging/2.5.5/spring-boot-starter-logging-2.5.5.jar:/home/alex/.m2/repository/ch/qos/logback/logback-classic/1.2.6/logback-classic-1.2.6.jar:/home/alex/.m2/repository/ch/qos/logback/logback-core/1.2.6/logback-core-1.2.6.jar:/home/alex/.m2/repository/org/apache/logging/log4j/log4j-to-slf4j/2.14.1/log4j-to-slf4j-2.14.1.jar:/home/alex/.m2/repository/org/apache/logging/log4j/log4j-api/2.14.1/log4j-api-2.14.1.jar:/home/alex/.m2/repository/org/slf4j/jul-to-slf4j/1.7.32/jul-to-slf4j-1.7.32.jar:/home/alex/.m2/repository/jakarta/annotation/jakarta.annotation-api/1.3.5/jakarta.annotation-api-1.3.5.jar:/home/alex/.m2/repository/org/yaml/snakeyaml/1.28/snakeyaml-1.28.jar:/home/alex/.m2/repository/org/springframework/boot/spring-boot-test/2.5.5/spring-boot-test-2.5.5.jar:/home/alex/.m2/repository/org/springframework/boot/spring-boot-test-autoconfigure/2.5.5/spring-boot-test-autoconfigure-2.5.5.jar:/home/alex/.m2/repository/com/jayway/jsonpath/json-path/2.5.0/json-path-2.5.0.jar:/home/alex/.m2/repository/net/minidev/json-smart/2.3/json-smart-2.3.jar:/home/alex/.m2/repository/net/minidev/accessors-smart/1.2/accessors-smart-1.2.jar:/home/alex/.m2/repository/org/ow2/asm/asm/5.0.4/asm-5.0.4.jar:/home/alex/.m2/repository/jakarta/xml/bind/jakarta.xml.bind-api/2.3.2/jakarta.xml.bind-api-2.3.2.jar:/home/alex/.m2/repository/jakarta/activation/jakarta.activation-api/1.2.1/jakarta.activation-api-1.2.1.jar:/home/alex/.m2/repository/org/assertj/assertj-core/3.19.0/assertj-core-3.19.0.jar:/home/alex/.m2/repository/org/hamcrest/hamcrest/2.2/hamcrest-2.2.jar:/home/alex/.m2/repository/org/junit/jupiter/junit-jupiter/5.7.2/junit-jupiter-5.7.2.jar:/home/alex/.m2/repository/org/skyscreamer/jsonassert/1.5.0/jsonassert-1.5.0.jar:/home/alex/.m2/repository/com/vaadin/external/google/android-json/0.0.20131108.vaadin1/android-json-0.0.20131108.vaadin1.jar:/home/alex/.m2/repository/org/springframework/spring-test/5.3.10/spring-test-5.3.10.jar:/home/alex/.m2/repository/org/xmlunit/xmlunit-core/2.8.2/xmlunit-core-2.8.2.jar:/home/alex/.m2/repository/org/testcontainers/testcontainers/1.11.3/testcontainers-1.11.3.jar:/home/alex/.m2/repository/org/jetbrains/annotations/17.0.0/annotations-17.0.0.jar:/home/alex/.m2/repository/javax/annotation/javax.annotation-api/1.3.2/javax.annotation-api-1.3.2.jar:/home/alex/.m2/repository/org/apache/commons/commons-compress/1.18/commons-compress-1.18.jar:/home/alex/.m2/repository/javax/xml/bind/jaxb-api/2.3.1/jaxb-api-2.3.1.jar:/home/alex/.m2/repository/javax/activation/javax.activation-api/1.2.0/javax.activation-api-1.2.0.jar:/home/alex/.m2/repository/org/rnorth/duct-tape/duct-tape/1.0.7/duct-tape-1.0.7.jar:/home/alex/.m2/repository/org/rnorth/visible-assertions/visible-assertions/2.1.2/visible-assertions-2.1.2.jar:/home/alex/.m2/repository/net/java/dev/jna/jna/5.2.0/jna-5.2.0.jar:/home/alex/.m2/repository/org/rnorth/tcp-unix-socket-proxy/1.0.2/tcp-unix-socket-proxy-1.0.2.jar:/home/alex/.m2/repository/com/kohlschutter/junixsocket/junixsocket-native-common/2.0.4/junixsocket-native-common-2.0.4.jar:/home/alex/.m2/repository/org/scijava/native-lib-loader/2.0.2/native-lib-loader-2.0.2.jar:/home/alex/.m2/repository/com/kohlschutter/junixsocket/junixsocket-common/2.0.4/junixsocket-common-2.0.4.jar:/home/alex/.m2/repository/net/java/dev/jna/jna-platform/5.2.0/jna-platform-5.2.0.jar:/home/alex/.m2/repository/org/testcontainers/mysql/1.16.0/mysql-1.16.0.jar:/home/alex/.m2/repository/org/testcontainers/jdbc/1.16.0/jdbc-1.16.0.jar:/home/alex/.m2/repository/org/testcontainers/database-commons/1.16.0/database-commons-1.16.0.jar:/home/alex/.m2/repository/org/testcontainers/mariadb/1.16.0/mariadb-1.16.0.jar:/home/alex/.m2/repository/org/testcontainers/postgresql/1.16.0/postgresql-1.16.0.jar:/home/alex/.m2/repository/mysql/mysql-connector-java/8.0.15/mysql-connector-java-8.0.15.jar:/home/alex/.m2/repository/com/google/protobuf/protobuf-java/3.6.1/protobuf-java-3.6.1.jar:/home/alex/.m2/repository/org/mariadb/jdbc/mariadb-java-client/2.4.1/mariadb-java-client-2.4.1.jar:/home/alex/.m2/repository/org/postgresql/postgresql/42.2.19/postgresql-42.2.19.jar:/home/alex/.m2/repository/org/checkerframework/checker-qual/3.5.0/checker-qual-3.5.0.jar:/home/alex/.m2/repository/junit/junit/4.13.2/junit-4.13.2.jar:/home/alex/.m2/repository/org/hamcrest/hamcrest-core/1.3/hamcrest-core-1.3.jar:/home/alex/.m2/repository/com/h2database/h2/1.4.199/h2-1.4.199.jar:/home/alex/.m2/repository/org/flywaydb/flyway-core/6.5.7/flyway-core-6.5.7.jar:/home/alex/.m2/repository/org/slf4j/slf4j-api/1.7.32/slf4j-api-1.7.32.jar:/home/alex/.m2/repository/org/junit/jupiter/junit-jupiter-api/5.7.2/junit-jupiter-api-5.7.2.jar:/home/alex/.m2/repository/org/apiguardian/apiguardian-api/1.1.0/apiguardian-api-1.1.0.jar:/home/alex/.m2/repository/org/opentest4j/opentest4j/1.2.0/opentest4j-1.2.0.jar:/home/alex/.m2/repository/org/junit/platform/junit-platform-commons/1.7.2/junit-platform-commons-1.7.2.jar:/home/alex/.m2/repository/org/junit/jupiter/junit-jupiter-engine/5.7.2/junit-jupiter-engine-5.7.2.jar:/home/alex/.m2/repository/org/junit/platform/junit-platform-engine/1.7.2/junit-platform-engine-1.7.2.jar:/home/alex/.m2/repository/org/junit/vintage/junit-vintage-engine/5.7.2/junit-vintage-engine-5.7.2.jar:/home/alex/.m2/repository/org/junit/jupiter/junit-jupiter-params/5.7.2/junit-jupiter-params-5.7.2.jar:/home/alex/.m2/repository/org/mockito/mockito-junit-jupiter/3.11.2/mockito-junit-jupiter-3.11.2.jar:/home/alex/.m2/repository/org/slf4j/slf4j-simple/1.7.32/slf4j-simple-1.7.32.jar:/home/alex/.m2/repository/org/codehaus/groovy/groovy-test/2.5.14/groovy-test-2.5.14.jar:/home/alex/.m2/repository/org/codehaus/groovy/groovy/2.5.14/groovy-2.5.14.jar:"/>
    <property name="sun.cpu.endian" value="little"/>
    <property name="user.home" value="/home/alex"/>
    <property name="user.language" value="en"/>
    <property name="java.specification.vendor" value="Oracle Corporation"/>
    <property name="java.home" value="/usr/lib/jvm/java-8-openjdk-amd64/jre"/>
    <property name="basedir" value="/home/alex/Repositories/nifi/nifi-registry/nifi-registry-core/nifi-registry-revision/nifi-registry-revision-spring-jdbc"/>
    <property name="file.separator" value="/"/>
    <property name="line.separator" value="&#10;"/>
    <property name="java.vm.specification.vendor" value="Oracle Corporation"/>
    <property name="java.specification.name" value="Java Platform API Specification"/>
    <property name="java.awt.graphicsenv" value="sun.awt.X11GraphicsEnvironment"/>
    <property name="java.awt.headless" value="true"/>
    <property name="surefire.real.class.path" value="/home/alex/Repositories/nifi/nifi-registry/nifi-registry-core/nifi-registry-revision/nifi-registry-revision-spring-jdbc/target/surefire/surefirebooter8149006713190297261.jar"/>
    <property name="sun.boot.class.path" value="/usr/lib/jvm/java-8-openjdk-amd64/jre/lib/resources.jar:/usr/lib/jvm/java-8-openjdk-amd64/jre/lib/rt.jar:/usr/lib/jvm/java-8-openjdk-amd64/jre/lib/sunrsasign.jar:/usr/lib/jvm/java-8-openjdk-amd64/jre/lib/jsse.jar:/usr/lib/jvm/java-8-openjdk-amd64/jre/lib/jce.jar:/usr/lib/jvm/java-8-openjdk-amd64/jre/lib/charsets.jar:/usr/lib/jvm/java-8-openjdk-amd64/jre/lib/jfr.jar:/usr/lib/jvm/java-8-openjdk-amd64/jre/classes"/>
    <property name="sun.management.compiler" value="HotSpot 64-Bit Tiered Compilers"/>
    <property name="java.runtime.version" value="1.8.0_402-8u402-ga-2ubuntu1~22.04-b06"/>
    <property name="java.net.preferIPv4Stack" value="true"/>
    <property name="user.name" value="alex"/>
    <property name="path.separator" value=":"/>
    <property name="os.version" value="6.5.0-28-generic"/>
    <property name="java.endorsed.dirs" value="/usr/lib/jvm/java-8-openjdk-amd64/jre/lib/endorsed"/>
    <property name="java.runtime.name" value="OpenJDK Runtime Environment"/>
    <property name="file.encoding" value="UTF-8"/>
    <property name="java.vm.name" value="OpenJDK 64-Bit Server VM"/>
    <property name="localRepository" value="/home/alex/.m2/repository"/>
    <property name="java.vendor.url.bug" value="http://bugreport.sun.com/bugreport/"/>
    <property name="java.io.tmpdir" value="/tmp"/>
    <property name="java.version" value="1.8.0_402"/>
    <property name="user.dir" value="/home/alex/Repositories/nifi/nifi-registry/nifi-registry-core/nifi-registry-revision/nifi-registry-revision-spring-jdbc"/>
    <property name="os.arch" value="amd64"/>
    <property name="java.vm.specification.name" value="Java Virtual Machine Specification"/>
    <property name="java.awt.printerjob" value="sun.print.PSPrinterJob"/>
    <property name="user.language.format" value="pt"/>
    <property name="sun.os.patch.level" value="unknown"/>
    <property name="java.library.path" value="/usr/java/packages/lib/amd64:/usr/lib/x86_64-linux-gnu/jni:/lib/x86_64-linux-gnu:/usr/lib/x86_64-linux-gnu:/usr/lib/jni:/lib:/usr/lib"/>
    <property name="java.vm.info" value="mixed mode"/>
    <property name="java.vendor" value="Private Build"/>
    <property name="java.vm.version" value="25.402-b06"/>
    <property name="java.specification.maintenance.version" value="5"/>
    <property name="java.ext.dirs" value="/usr/lib/jvm/java-8-openjdk-amd64/jre/lib/ext:/usr/java/packages/lib/ext"/>
    <property name="sun.io.unicode.encoding" value="UnicodeLittle"/>
    <property name="java.class.version" value="52.0"/>
  </properties>
  <testcase name="testUpdateRevisionWithStaleVersionNoClientId" classname="org.apache.nifi.registry.revision.jdbc.TestJdbcRevisionManager" time="0.028">
    <system-out><![CDATA[04:07:44.128 [main] DEBUG org.springframework.test.context.junit4.SpringJUnit4ClassRunner - SpringJUnit4ClassRunner constructor called with [class org.apache.nifi.registry.revision.jdbc.TestJdbcRevisionManager]
04:07:44.135 [main] DEBUG org.springframework.test.context.BootstrapUtils - Instantiating CacheAwareContextLoaderDelegate from class [org.springframework.test.context.cache.DefaultCacheAwareContextLoaderDelegate]
04:07:44.143 [main] DEBUG org.springframework.test.context.BootstrapUtils - Instantiating BootstrapContext using constructor [public org.springframework.test.context.support.DefaultBootstrapContext(java.lang.Class,org.springframework.test.context.CacheAwareContextLoaderDelegate)]
04:07:44.184 [main] DEBUG org.springframework.test.context.BootstrapUtils - Instantiating TestContextBootstrapper for test class [org.apache.nifi.registry.revision.jdbc.TestJdbcRevisionManager] from class [org.springframework.boot.test.context.SpringBootTestContextBootstrapper]
04:07:44.195 [main] INFO org.springframework.boot.test.context.SpringBootTestContextBootstrapper - Neither @ContextConfiguration nor @ContextHierarchy found for test class [org.apache.nifi.registry.revision.jdbc.TestJdbcRevisionManager], using SpringBootContextLoader
04:07:44.198 [main] DEBUG org.springframework.test.context.support.AbstractContextLoader - Did not detect default resource location for test class [org.apache.nifi.registry.revision.jdbc.TestJdbcRevisionManager]: class path resource [org/apache/nifi/registry/revision/jdbc/TestJdbcRevisionManager-context.xml] does not exist
04:07:44.198 [main] DEBUG org.springframework.test.context.support.AbstractContextLoader - Did not detect default resource location for test class [org.apache.nifi.registry.revision.jdbc.TestJdbcRevisionManager]: class path resource [org/apache/nifi/registry/revision/jdbc/TestJdbcRevisionManagerContext.groovy] does not exist
04:07:44.199 [main] INFO org.springframework.test.context.support.AbstractContextLoader - Could not detect default resource locations for test class [org.apache.nifi.registry.revision.jdbc.TestJdbcRevisionManager]: no resource found for suffixes {-context.xml, Context.groovy}.
04:07:44.250 [main] DEBUG org.springframework.test.context.support.ActiveProfilesUtils - Could not find an 'annotation declaring class' for annotation type [org.springframework.test.context.ActiveProfiles] and class [org.apache.nifi.registry.revision.jdbc.TestJdbcRevisionManager]
04:07:44.391 [main] INFO org.springframework.boot.test.context.SpringBootTestContextBootstrapper - Using TestExecutionListeners: [org.springframework.test.context.support.DependencyInjectionTestExecutionListener@8297b3a, org.springframework.test.context.transaction.TransactionalTestExecutionListener@2362f559]
04:07:44.392 [main] DEBUG org.springframework.test.annotation.ProfileValueUtils - Retrieved @ProfileValueSourceConfiguration [null] for test class [org.apache.nifi.registry.revision.jdbc.TestJdbcRevisionManager]
04:07:44.393 [main] DEBUG org.springframework.test.annotation.ProfileValueUtils - Retrieved ProfileValueSource type [class org.springframework.test.annotation.SystemProfileValueSource] for class [org.apache.nifi.registry.revision.jdbc.TestJdbcRevisionManager]
04:07:44.394 [main] DEBUG org.springframework.test.annotation.ProfileValueUtils - Retrieved @ProfileValueSourceConfiguration [null] for test class [org.apache.nifi.registry.revision.jdbc.TestJdbcRevisionManager]
04:07:44.395 [main] DEBUG org.springframework.test.annotation.ProfileValueUtils - Retrieved ProfileValueSource type [class org.springframework.test.annotation.SystemProfileValueSource] for class [org.apache.nifi.registry.revision.jdbc.TestJdbcRevisionManager]
04:07:44.395 [main] DEBUG org.springframework.test.annotation.ProfileValueUtils - Retrieved @ProfileValueSourceConfiguration [null] for test class [org.apache.nifi.registry.revision.jdbc.TestJdbcRevisionManager]
04:07:44.395 [main] DEBUG org.springframework.test.annotation.ProfileValueUtils - Retrieved ProfileValueSource type [class org.springframework.test.annotation.SystemProfileValueSource] for class [org.apache.nifi.registry.revision.jdbc.TestJdbcRevisionManager]
04:07:44.396 [main] DEBUG org.springframework.test.annotation.ProfileValueUtils - Retrieved @ProfileValueSourceConfiguration [null] for test class [org.apache.nifi.registry.revision.jdbc.TestJdbcRevisionManager]
04:07:44.396 [main] DEBUG org.springframework.test.annotation.ProfileValueUtils - Retrieved ProfileValueSource type [class org.springframework.test.annotation.SystemProfileValueSource] for class [org.apache.nifi.registry.revision.jdbc.TestJdbcRevisionManager]
04:07:44.396 [main] DEBUG org.springframework.test.annotation.ProfileValueUtils - Retrieved @ProfileValueSourceConfiguration [null] for test class [org.apache.nifi.registry.revision.jdbc.TestJdbcRevisionManager]
04:07:44.397 [main] DEBUG org.springframework.test.annotation.ProfileValueUtils - Retrieved ProfileValueSource type [class org.springframework.test.annotation.SystemProfileValueSource] for class [org.apache.nifi.registry.revision.jdbc.TestJdbcRevisionManager]
04:07:44.399 [main] DEBUG org.springframework.test.annotation.ProfileValueUtils - Retrieved @ProfileValueSourceConfiguration [null] for test class [org.apache.nifi.registry.revision.jdbc.TestJdbcRevisionManager]
04:07:44.399 [main] DEBUG org.springframework.test.annotation.ProfileValueUtils - Retrieved ProfileValueSource type [class org.springframework.test.annotation.SystemProfileValueSource] for class [org.apache.nifi.registry.revision.jdbc.TestJdbcRevisionManager]
04:07:44.401 [main] DEBUG org.springframework.test.context.support.DependencyInjectionTestExecutionListener - Performing dependency injection for test context [[DefaultTestContext@3c3d9b6b testClass = TestJdbcRevisionManager, testInstance = org.apache.nifi.registry.revision.jdbc.TestJdbcRevisionManager@79d8407f, testMethod = [null], testException = [null], mergedContextConfiguration = [MergedContextConfiguration@5fbe4146 testClass = TestJdbcRevisionManager, locations = '{}', classes = '{class org.apache.nifi.registry.TestApplication}', contextInitializerClasses = '[]', activeProfiles = '{}', propertySourceLocations = '{}', propertySourceProperties = '{org.springframework.boot.test.context.SpringBootTestContextBootstrapper=true}', contextCustomizers = set[org.springframework.boot.test.context.filter.ExcludeFilterContextCustomizer@62e136d3, org.springframework.boot.test.json.DuplicateJsonObjectContextCustomizerFactory$DuplicateJsonObjectContextCustomizer@4206a205, org.springframework.boot.test.mock.mockito.MockitoContextCustomizer@0, org.springframework.boot.test.web.client.TestRestTemplateContextCustomizer@4de5031f, org.springframework.boot.test.autoconfigure.actuate.metrics.MetricsExportContextCustomizerFactory$DisableMetricExportContextCustomizer@568bf312, org.springframework.boot.test.autoconfigure.properties.PropertyMappingContextCustomizer@0, org.springframework.boot.test.autoconfigure.web.servlet.WebDriverContextCustomizerFactory$Customizer@240237d2, org.springframework.boot.test.context.SpringBootTestArgs@1, org.springframework.boot.test.context.SpringBootTestWebEnvironment@5123a213], contextLoader = 'org.springframework.boot.test.context.SpringBootContextLoader', parent = [null]], attributes = map[[empty]]]].
04:07:44.422 [main] DEBUG org.springframework.test.context.support.TestPropertySourceUtils - Adding inlined properties to environment: {spring.jmx.enabled=false, org.springframework.boot.test.context.SpringBootTestContextBootstrapper=true}

  .   ____          _            __ _ _
 /\\ / ___'_ __ _ _(_)_ __  __ _ \ \ \ \
( ( )\___ | '_ | '_| | '_ \/ _` | \ \ \ \
 \\/  ___)| |_)| | | | | || (_| |  ) ) ) )
  '  |____| .__|_| |_|_| |_\__, | / / / /
 =========|_|==============|___/=/_/_/_/
 :: Spring Boot ::                (v2.5.5)

2024-05-02 04:07:44.672  INFO 3878505 --- [           main] o.a.n.r.r.jdbc.TestJdbcRevisionManager   : Starting TestJdbcRevisionManager using Java 1.8.0_402 on Lenovo-Bot with PID 3878505 (started by alex in /home/alex/Repositories/nifi/nifi-registry/nifi-registry-core/nifi-registry-revision/nifi-registry-revision-spring-jdbc)
2024-05-02 04:07:44.675  INFO 3878505 --- [           main] o.a.n.r.r.jdbc.TestJdbcRevisionManager   : No active profile set, falling back to default profiles: default
2024-05-02 04:07:45.420  INFO 3878505 --- [           main] o.s.j.d.e.EmbeddedDatabaseFactory        : Starting embedded database: url='jdbc:h2:mem:b584dc04-1d9d-4191-a88e-b6fd34ee3a4a;DB_CLOSE_DELAY=-1;DB_CLOSE_ON_EXIT=false', username='sa'
2024-05-02 04:07:45.656  INFO 3878505 --- [           main] o.f.c.internal.license.VersionPrinter    : Flyway Community Edition 6.5.7 by Redgate
2024-05-02 04:07:45.660  WARN 3878505 --- [           main] o.f.c.i.s.classpath.ClassPathScanner     : Unable to resolve location classpath:db/migration. Note this warning will become an error in Flyway 7.
2024-05-02 04:07:45.680  INFO 3878505 --- [           main] o.f.c.internal.database.DatabaseFactory  : Database: jdbc:h2:mem:b584dc04-1d9d-4191-a88e-b6fd34ee3a4a (H2 1.4)
2024-05-02 04:07:45.745  INFO 3878505 --- [           main] o.f.core.internal.command.DbValidate     : Successfully validated 0 migrations (execution time 00:00.015s)
2024-05-02 04:07:45.745  WARN 3878505 --- [           main] o.f.core.internal.command.DbValidate     : No migrations found. Are your locations set up correctly?
2024-05-02 04:07:45.756  INFO 3878505 --- [           main] o.f.c.i.s.JdbcTableSchemaHistory         : Creating Schema History table "PUBLIC"."flyway_schema_history" ...
2024-05-02 04:07:45.798  INFO 3878505 --- [           main] o.f.core.internal.command.DbMigrate      : Current version of schema "PUBLIC": << Empty Schema >>
2024-05-02 04:07:45.801  INFO 3878505 --- [           main] o.f.core.internal.command.DbMigrate      : Schema "PUBLIC" is up to date. No migration necessary.
2024-05-02 04:07:45.914  INFO 3878505 --- [           main] o.a.n.r.r.jdbc.TestJdbcRevisionManager   : Started TestJdbcRevisionManager in 1.491 seconds (JVM running for 2.204)
2024-05-02 04:07:45.931  INFO 3878505 --- [           main] o.s.t.c.transaction.TransactionContext   : Began transaction (1) for test context [DefaultTestContext@3c3d9b6b testClass = TestJdbcRevisionManager, testInstance = org.apache.nifi.registry.revision.jdbc.TestJdbcRevisionManager@79d8407f, testMethod = testUpdateRevisionWithStaleVersionNoClientId@TestJdbcRevisionManager, testException = [null], mergedContextConfiguration = [MergedContextConfiguration@5fbe4146 testClass = TestJdbcRevisionManager, locations = '{}', classes = '{class org.apache.nifi.registry.TestApplication}', contextInitializerClasses = '[]', activeProfiles = '{}', propertySourceLocations = '{}', propertySourceProperties = '{org.springframework.boot.test.context.SpringBootTestContextBootstrapper=true}', contextCustomizers = set[org.springframework.boot.test.context.filter.ExcludeFilterContextCustomizer@62e136d3, org.springframework.boot.test.json.DuplicateJsonObjectContextCustomizerFactory$DuplicateJsonObjectContextCustomizer@4206a205, org.springframework.boot.test.mock.mockito.MockitoContextCustomizer@0, org.springframework.boot.test.web.client.TestRestTemplateContextCustomizer@4de5031f, org.springframework.boot.test.autoconfigure.actuate.metrics.MetricsExportContextCustomizerFactory$DisableMetricExportContextCustomizer@568bf312, org.springframework.boot.test.autoconfigure.properties.PropertyMappingContextCustomizer@0, org.springframework.boot.test.autoconfigure.web.servlet.WebDriverContextCustomizerFactory$Customizer@240237d2, org.springframework.boot.test.context.SpringBootTestArgs@1, org.springframework.boot.test.context.SpringBootTestWebEnvironment@5123a213], contextLoader = 'org.springframework.boot.test.context.SpringBootContextLoader', parent = [null]], attributes = map[[empty]]]; transaction manager [org.springframework.jdbc.support.JdbcTransactionManager@15ac59c2]; rollback [true]
2024-05-02 04:07:45.933  INFO 3878505 --- [           main] o.a.n.r.r.jdbc.TestJdbcRevisionManager   : #### DataSource class is org.springframework.jdbc.datasource.embedded.EmbeddedDatabaseFactory.EmbeddedDataSourceProxy
2024-05-02 04:07:45.950  INFO 3878505 --- [           main] o.s.t.c.transaction.TransactionContext   : Rolled back transaction for test: [DefaultTestContext@3c3d9b6b testClass = TestJdbcRevisionManager, testInstance = org.apache.nifi.registry.revision.jdbc.TestJdbcRevisionManager@79d8407f, testMethod = testUpdateRevisionWithStaleVersionNoClientId@TestJdbcRevisionManager, testException = [null], mergedContextConfiguration = [MergedContextConfiguration@5fbe4146 testClass = TestJdbcRevisionManager, locations = '{}', classes = '{class org.apache.nifi.registry.TestApplication}', contextInitializerClasses = '[]', activeProfiles = '{}', propertySourceLocations = '{}', propertySourceProperties = '{org.springframework.boot.test.context.SpringBootTestContextBootstrapper=true}', contextCustomizers = set[org.springframework.boot.test.context.filter.ExcludeFilterContextCustomizer@62e136d3, org.springframework.boot.test.json.DuplicateJsonObjectContextCustomizerFactory$DuplicateJsonObjectContextCustomizer@4206a205, org.springframework.boot.test.mock.mockito.MockitoContextCustomizer@0, org.springframework.boot.test.web.client.TestRestTemplateContextCustomizer@4de5031f, org.springframework.boot.test.autoconfigure.actuate.metrics.MetricsExportContextCustomizerFactory$DisableMetricExportContextCustomizer@568bf312, org.springframework.boot.test.autoconfigure.properties.PropertyMappingContextCustomizer@0, org.springframework.boot.test.autoconfigure.web.servlet.WebDriverContextCustomizerFactory$Customizer@240237d2, org.springframework.boot.test.context.SpringBootTestArgs@1, org.springframework.boot.test.context.SpringBootTestWebEnvironment@5123a213], contextLoader = 'org.springframework.boot.test.context.SpringBootContextLoader', parent = [null]], attributes = map[[empty]]]
]]></system-out>
    <system-err><![CDATA[SLF4J: Class path contains multiple SLF4J bindings.
SLF4J: Found binding in [jar:file:/home/alex/.m2/repository/ch/qos/logback/logback-classic/1.2.6/logback-classic-1.2.6.jar!/org/slf4j/impl/StaticLoggerBinder.class]
SLF4J: Found binding in [jar:file:/home/alex/.m2/repository/org/slf4j/slf4j-simple/1.7.32/slf4j-simple-1.7.32.jar!/org/slf4j/impl/StaticLoggerBinder.class]
SLF4J: See http://www.slf4j.org/codes.html#multiple_bindings for an explanation.
SLF4J: Actual binding is of type [ch.qos.logback.classic.util.ContextSelectorStaticBinder]
]]></system-err>
  </testcase>
  <testcase name="testUpdateRevisionWithCurrentVersionAndNewClientId" classname="org.apache.nifi.registry.revision.jdbc.TestJdbcRevisionManager" time="0.007">
    <system-out><![CDATA[2024-05-02 04:07:45.954  INFO 3878505 --- [           main] o.s.t.c.transaction.TransactionContext   : Began transaction (1) for test context [DefaultTestContext@3c3d9b6b testClass = TestJdbcRevisionManager, testInstance = org.apache.nifi.registry.revision.jdbc.TestJdbcRevisionManager@b965857, testMethod = testUpdateRevisionWithCurrentVersionAndNewClientId@TestJdbcRevisionManager, testException = [null], mergedContextConfiguration = [MergedContextConfiguration@5fbe4146 testClass = TestJdbcRevisionManager, locations = '{}', classes = '{class org.apache.nifi.registry.TestApplication}', contextInitializerClasses = '[]', activeProfiles = '{}', propertySourceLocations = '{}', propertySourceProperties = '{org.springframework.boot.test.context.SpringBootTestContextBootstrapper=true}', contextCustomizers = set[org.springframework.boot.test.context.filter.ExcludeFilterContextCustomizer@62e136d3, org.springframework.boot.test.json.DuplicateJsonObjectContextCustomizerFactory$DuplicateJsonObjectContextCustomizer@4206a205, org.springframework.boot.test.mock.mockito.MockitoContextCustomizer@0, org.springframework.boot.test.web.client.TestRestTemplateContextCustomizer@4de5031f, org.springframework.boot.test.autoconfigure.actuate.metrics.MetricsExportContextCustomizerFactory$DisableMetricExportContextCustomizer@568bf312, org.springframework.boot.test.autoconfigure.properties.PropertyMappingContextCustomizer@0, org.springframework.boot.test.autoconfigure.web.servlet.WebDriverContextCustomizerFactory$Customizer@240237d2, org.springframework.boot.test.context.SpringBootTestArgs@1, org.springframework.boot.test.context.SpringBootTestWebEnvironment@5123a213], contextLoader = 'org.springframework.boot.test.context.SpringBootContextLoader', parent = [null]], attributes = map[[empty]]]; transaction manager [org.springframework.jdbc.support.JdbcTransactionManager@15ac59c2]; rollback [true]
2024-05-02 04:07:45.955  INFO 3878505 --- [           main] o.a.n.r.r.jdbc.TestJdbcRevisionManager   : #### DataSource class is org.springframework.jdbc.datasource.embedded.EmbeddedDatabaseFactory.EmbeddedDataSourceProxy
2024-05-02 04:07:45.959  INFO 3878505 --- [           main] o.s.t.c.transaction.TransactionContext   : Rolled back transaction for test: [DefaultTestContext@3c3d9b6b testClass = TestJdbcRevisionManager, testInstance = org.apache.nifi.registry.revision.jdbc.TestJdbcRevisionManager@b965857, testMethod = testUpdateRevisionWithCurrentVersionAndNewClientId@TestJdbcRevisionManager, testException = [null], mergedContextConfiguration = [MergedContextConfiguration@5fbe4146 testClass = TestJdbcRevisionManager, locations = '{}', classes = '{class org.apache.nifi.registry.TestApplication}', contextInitializerClasses = '[]', activeProfiles = '{}', propertySourceLocations = '{}', propertySourceProperties = '{org.springframework.boot.test.context.SpringBootTestContextBootstrapper=true}', contextCustomizers = set[org.springframework.boot.test.context.filter.ExcludeFilterContextCustomizer@62e136d3, org.springframework.boot.test.json.DuplicateJsonObjectContextCustomizerFactory$DuplicateJsonObjectContextCustomizer@4206a205, org.springframework.boot.test.mock.mockito.MockitoContextCustomizer@0, org.springframework.boot.test.web.client.TestRestTemplateContextCustomizer@4de5031f, org.springframework.boot.test.autoconfigure.actuate.metrics.MetricsExportContextCustomizerFactory$DisableMetricExportContextCustomizer@568bf312, org.springframework.boot.test.autoconfigure.properties.PropertyMappingContextCustomizer@0, org.springframework.boot.test.autoconfigure.web.servlet.WebDriverContextCustomizerFactory$Customizer@240237d2, org.springframework.boot.test.context.SpringBootTestArgs@1, org.springframework.boot.test.context.SpringBootTestWebEnvironment@5123a213], contextLoader = 'org.springframework.boot.test.context.SpringBootContextLoader', parent = [null]], attributes = map[[empty]]]
]]></system-out>
  </testcase>
  <testcase name="testUpdateRevisionWithCurrentVersionNoClientId" classname="org.apache.nifi.registry.revision.jdbc.TestJdbcRevisionManager" time="0.006">
    <system-out><![CDATA[2024-05-02 04:07:45.962  INFO 3878505 --- [           main] o.s.t.c.transaction.TransactionContext   : Began transaction (1) for test context [DefaultTestContext@3c3d9b6b testClass = TestJdbcRevisionManager, testInstance = org.apache.nifi.registry.revision.jdbc.TestJdbcRevisionManager@11e33bac, testMethod = testUpdateRevisionWithCurrentVersionNoClientId@TestJdbcRevisionManager, testException = [null], mergedContextConfiguration = [MergedContextConfiguration@5fbe4146 testClass = TestJdbcRevisionManager, locations = '{}', classes = '{class org.apache.nifi.registry.TestApplication}', contextInitializerClasses = '[]', activeProfiles = '{}', propertySourceLocations = '{}', propertySourceProperties = '{org.springframework.boot.test.context.SpringBootTestContextBootstrapper=true}', contextCustomizers = set[org.springframework.boot.test.context.filter.ExcludeFilterContextCustomizer@62e136d3, org.springframework.boot.test.json.DuplicateJsonObjectContextCustomizerFactory$DuplicateJsonObjectContextCustomizer@4206a205, org.springframework.boot.test.mock.mockito.MockitoContextCustomizer@0, org.springframework.boot.test.web.client.TestRestTemplateContextCustomizer@4de5031f, org.springframework.boot.test.autoconfigure.actuate.metrics.MetricsExportContextCustomizerFactory$DisableMetricExportContextCustomizer@568bf312, org.springframework.boot.test.autoconfigure.properties.PropertyMappingContextCustomizer@0, org.springframework.boot.test.autoconfigure.web.servlet.WebDriverContextCustomizerFactory$Customizer@240237d2, org.springframework.boot.test.context.SpringBootTestArgs@1, org.springframework.boot.test.context.SpringBootTestWebEnvironment@5123a213], contextLoader = 'org.springframework.boot.test.context.SpringBootContextLoader', parent = [null]], attributes = map[[empty]]]; transaction manager [org.springframework.jdbc.support.JdbcTransactionManager@15ac59c2]; rollback [true]
2024-05-02 04:07:45.962  INFO 3878505 --- [           main] o.a.n.r.r.jdbc.TestJdbcRevisionManager   : #### DataSource class is org.springframework.jdbc.datasource.embedded.EmbeddedDatabaseFactory.EmbeddedDataSourceProxy
2024-05-02 04:07:45.965  INFO 3878505 --- [           main] o.s.t.c.transaction.TransactionContext   : Rolled back transaction for test: [DefaultTestContext@3c3d9b6b testClass = TestJdbcRevisionManager, testInstance = org.apache.nifi.registry.revision.jdbc.TestJdbcRevisionManager@11e33bac, testMethod = testUpdateRevisionWithCurrentVersionNoClientId@TestJdbcRevisionManager, testException = [null], mergedContextConfiguration = [MergedContextConfiguration@5fbe4146 testClass = TestJdbcRevisionManager, locations = '{}', classes = '{class org.apache.nifi.registry.TestApplication}', contextInitializerClasses = '[]', activeProfiles = '{}', propertySourceLocations = '{}', propertySourceProperties = '{org.springframework.boot.test.context.SpringBootTestContextBootstrapper=true}', contextCustomizers = set[org.springframework.boot.test.context.filter.ExcludeFilterContextCustomizer@62e136d3, org.springframework.boot.test.json.DuplicateJsonObjectContextCustomizerFactory$DuplicateJsonObjectContextCustomizer@4206a205, org.springframework.boot.test.mock.mockito.MockitoContextCustomizer@0, org.springframework.boot.test.web.client.TestRestTemplateContextCustomizer@4de5031f, org.springframework.boot.test.autoconfigure.actuate.metrics.MetricsExportContextCustomizerFactory$DisableMetricExportContextCustomizer@568bf312, org.springframework.boot.test.autoconfigure.properties.PropertyMappingContextCustomizer@0, org.springframework.boot.test.autoconfigure.web.servlet.WebDriverContextCustomizerFactory$Customizer@240237d2, org.springframework.boot.test.context.SpringBootTestArgs@1, org.springframework.boot.test.context.SpringBootTestWebEnvironment@5123a213], contextLoader = 'org.springframework.boot.test.context.SpringBootContextLoader', parent = [null]], attributes = map[[empty]]]
]]></system-out>
  </testcase>
  <testcase name="testGetRevisionMap" classname="org.apache.nifi.registry.revision.jdbc.TestJdbcRevisionManager" time="0.006">
    <system-out><![CDATA[2024-05-02 04:07:45.968  INFO 3878505 --- [           main] o.s.t.c.transaction.TransactionContext   : Began transaction (1) for test context [DefaultTestContext@3c3d9b6b testClass = TestJdbcRevisionManager, testInstance = org.apache.nifi.registry.revision.jdbc.TestJdbcRevisionManager@7495699f, testMethod = testGetRevisionMap@TestJdbcRevisionManager, testException = [null], mergedContextConfiguration = [MergedContextConfiguration@5fbe4146 testClass = TestJdbcRevisionManager, locations = '{}', classes = '{class org.apache.nifi.registry.TestApplication}', contextInitializerClasses = '[]', activeProfiles = '{}', propertySourceLocations = '{}', propertySourceProperties = '{org.springframework.boot.test.context.SpringBootTestContextBootstrapper=true}', contextCustomizers = set[org.springframework.boot.test.context.filter.ExcludeFilterContextCustomizer@62e136d3, org.springframework.boot.test.json.DuplicateJsonObjectContextCustomizerFactory$DuplicateJsonObjectContextCustomizer@4206a205, org.springframework.boot.test.mock.mockito.MockitoContextCustomizer@0, org.springframework.boot.test.web.client.TestRestTemplateContextCustomizer@4de5031f, org.springframework.boot.test.autoconfigure.actuate.metrics.MetricsExportContextCustomizerFactory$DisableMetricExportContextCustomizer@568bf312, org.springframework.boot.test.autoconfigure.properties.PropertyMappingContextCustomizer@0, org.springframework.boot.test.autoconfigure.web.servlet.WebDriverContextCustomizerFactory$Customizer@240237d2, org.springframework.boot.test.context.SpringBootTestArgs@1, org.springframework.boot.test.context.SpringBootTestWebEnvironment@5123a213], contextLoader = 'org.springframework.boot.test.context.SpringBootContextLoader', parent = [null]], attributes = map[[empty]]]; transaction manager [org.springframework.jdbc.support.JdbcTransactionManager@15ac59c2]; rollback [true]
2024-05-02 04:07:45.968  INFO 3878505 --- [           main] o.a.n.r.r.jdbc.TestJdbcRevisionManager   : #### DataSource class is org.springframework.jdbc.datasource.embedded.EmbeddedDatabaseFactory.EmbeddedDataSourceProxy
2024-05-02 04:07:45.972  INFO 3878505 --- [           main] o.s.t.c.transaction.TransactionContext   : Rolled back transaction for test: [DefaultTestContext@3c3d9b6b testClass = TestJdbcRevisionManager, testInstance = org.apache.nifi.registry.revision.jdbc.TestJdbcRevisionManager@7495699f, testMethod = testGetRevisionMap@TestJdbcRevisionManager, testException = [null], mergedContextConfiguration = [MergedContextConfiguration@5fbe4146 testClass = TestJdbcRevisionManager, locations = '{}', classes = '{class org.apache.nifi.registry.TestApplication}', contextInitializerClasses = '[]', activeProfiles = '{}', propertySourceLocations = '{}', propertySourceProperties = '{org.springframework.boot.test.context.SpringBootTestContextBootstrapper=true}', contextCustomizers = set[org.springframework.boot.test.context.filter.ExcludeFilterContextCustomizer@62e136d3, org.springframework.boot.test.json.DuplicateJsonObjectContextCustomizerFactory$DuplicateJsonObjectContextCustomizer@4206a205, org.springframework.boot.test.mock.mockito.MockitoContextCustomizer@0, org.springframework.boot.test.web.client.TestRestTemplateContextCustomizer@4de5031f, org.springframework.boot.test.autoconfigure.actuate.metrics.MetricsExportContextCustomizerFactory$DisableMetricExportContextCustomizer@568bf312, org.springframework.boot.test.autoconfigure.properties.PropertyMappingContextCustomizer@0, org.springframework.boot.test.autoconfigure.web.servlet.WebDriverContextCustomizerFactory$Customizer@240237d2, org.springframework.boot.test.context.SpringBootTestArgs@1, org.springframework.boot.test.context.SpringBootTestWebEnvironment@5123a213], contextLoader = 'org.springframework.boot.test.context.SpringBootContextLoader', parent = [null]], attributes = map[[empty]]]
]]></system-out>
  </testcase>
  <testcase name="testDeleteRevisionWithCurrentVersionAndNoClientId" classname="org.apache.nifi.registry.revision.jdbc.TestJdbcRevisionManager" time="0.005">
    <system-out><![CDATA[2024-05-02 04:07:45.975  INFO 3878505 --- [           main] o.s.t.c.transaction.TransactionContext   : Began transaction (1) for test context [DefaultTestContext@3c3d9b6b testClass = TestJdbcRevisionManager, testInstance = org.apache.nifi.registry.revision.jdbc.TestJdbcRevisionManager@1fcf9739, testMethod = testDeleteRevisionWithCurrentVersionAndNoClientId@TestJdbcRevisionManager, testException = [null], mergedContextConfiguration = [MergedContextConfiguration@5fbe4146 testClass = TestJdbcRevisionManager, locations = '{}', classes = '{class org.apache.nifi.registry.TestApplication}', contextInitializerClasses = '[]', activeProfiles = '{}', propertySourceLocations = '{}', propertySourceProperties = '{org.springframework.boot.test.context.SpringBootTestContextBootstrapper=true}', contextCustomizers = set[org.springframework.boot.test.context.filter.ExcludeFilterContextCustomizer@62e136d3, org.springframework.boot.test.json.DuplicateJsonObjectContextCustomizerFactory$DuplicateJsonObjectContextCustomizer@4206a205, org.springframework.boot.test.mock.mockito.MockitoContextCustomizer@0, org.springframework.boot.test.web.client.TestRestTemplateContextCustomizer@4de5031f, org.springframework.boot.test.autoconfigure.actuate.metrics.MetricsExportContextCustomizerFactory$DisableMetricExportContextCustomizer@568bf312, org.springframework.boot.test.autoconfigure.properties.PropertyMappingContextCustomizer@0, org.springframework.boot.test.autoconfigure.web.servlet.WebDriverContextCustomizerFactory$Customizer@240237d2, org.springframework.boot.test.context.SpringBootTestArgs@1, org.springframework.boot.test.context.SpringBootTestWebEnvironment@5123a213], contextLoader = 'org.springframework.boot.test.context.SpringBootContextLoader', parent = [null]], attributes = map[[empty]]]; transaction manager [org.springframework.jdbc.support.JdbcTransactionManager@15ac59c2]; rollback [true]
2024-05-02 04:07:45.975  INFO 3878505 --- [           main] o.a.n.r.r.jdbc.TestJdbcRevisionManager   : #### DataSource class is org.springframework.jdbc.datasource.embedded.EmbeddedDatabaseFactory.EmbeddedDataSourceProxy
2024-05-02 04:07:45.978  INFO 3878505 --- [           main] o.s.t.c.transaction.TransactionContext   : Rolled back transaction for test: [DefaultTestContext@3c3d9b6b testClass = TestJdbcRevisionManager, testInstance = org.apache.nifi.registry.revision.jdbc.TestJdbcRevisionManager@1fcf9739, testMethod = testDeleteRevisionWithCurrentVersionAndNoClientId@TestJdbcRevisionManager, testException = [null], mergedContextConfiguration = [MergedContextConfiguration@5fbe4146 testClass = TestJdbcRevisionManager, locations = '{}', classes = '{class org.apache.nifi.registry.TestApplication}', contextInitializerClasses = '[]', activeProfiles = '{}', propertySourceLocations = '{}', propertySourceProperties = '{org.springframework.boot.test.context.SpringBootTestContextBootstrapper=true}', contextCustomizers = set[org.springframework.boot.test.context.filter.ExcludeFilterContextCustomizer@62e136d3, org.springframework.boot.test.json.DuplicateJsonObjectContextCustomizerFactory$DuplicateJsonObjectContextCustomizer@4206a205, org.springframework.boot.test.mock.mockito.MockitoContextCustomizer@0, org.springframework.boot.test.web.client.TestRestTemplateContextCustomizer@4de5031f, org.springframework.boot.test.autoconfigure.actuate.metrics.MetricsExportContextCustomizerFactory$DisableMetricExportContextCustomizer@568bf312, org.springframework.boot.test.autoconfigure.properties.PropertyMappingContextCustomizer@0, org.springframework.boot.test.autoconfigure.web.servlet.WebDriverContextCustomizerFactory$Customizer@240237d2, org.springframework.boot.test.context.SpringBootTestArgs@1, org.springframework.boot.test.context.SpringBootTestWebEnvironment@5123a213], contextLoader = 'org.springframework.boot.test.context.SpringBootContextLoader', parent = [null]], attributes = map[[empty]]]
]]></system-out>
  </testcase>
  <testcase name="testDeleteRevisionWithStaleVersionAndSameClientId" classname="org.apache.nifi.registry.revision.jdbc.TestJdbcRevisionManager" time="0.005">
    <system-out><![CDATA[2024-05-02 04:07:45.981  INFO 3878505 --- [           main] o.s.t.c.transaction.TransactionContext   : Began transaction (1) for test context [DefaultTestContext@3c3d9b6b testClass = TestJdbcRevisionManager, testInstance = org.apache.nifi.registry.revision.jdbc.TestJdbcRevisionManager@2fc2a205, testMethod = testDeleteRevisionWithStaleVersionAndSameClientId@TestJdbcRevisionManager, testException = [null], mergedContextConfiguration = [MergedContextConfiguration@5fbe4146 testClass = TestJdbcRevisionManager, locations = '{}', classes = '{class org.apache.nifi.registry.TestApplication}', contextInitializerClasses = '[]', activeProfiles = '{}', propertySourceLocations = '{}', propertySourceProperties = '{org.springframework.boot.test.context.SpringBootTestContextBootstrapper=true}', contextCustomizers = set[org.springframework.boot.test.context.filter.ExcludeFilterContextCustomizer@62e136d3, org.springframework.boot.test.json.DuplicateJsonObjectContextCustomizerFactory$DuplicateJsonObjectContextCustomizer@4206a205, org.springframework.boot.test.mock.mockito.MockitoContextCustomizer@0, org.springframework.boot.test.web.client.TestRestTemplateContextCustomizer@4de5031f, org.springframework.boot.test.autoconfigure.actuate.metrics.MetricsExportContextCustomizerFactory$DisableMetricExportContextCustomizer@568bf312, org.springframework.boot.test.autoconfigure.properties.PropertyMappingContextCustomizer@0, org.springframework.boot.test.autoconfigure.web.servlet.WebDriverContextCustomizerFactory$Customizer@240237d2, org.springframework.boot.test.context.SpringBootTestArgs@1, org.springframework.boot.test.context.SpringBootTestWebEnvironment@5123a213], contextLoader = 'org.springframework.boot.test.context.SpringBootContextLoader', parent = [null]], attributes = map[[empty]]]; transaction manager [org.springframework.jdbc.support.JdbcTransactionManager@15ac59c2]; rollback [true]
2024-05-02 04:07:45.981  INFO 3878505 --- [           main] o.a.n.r.r.jdbc.TestJdbcRevisionManager   : #### DataSource class is org.springframework.jdbc.datasource.embedded.EmbeddedDatabaseFactory.EmbeddedDataSourceProxy
2024-05-02 04:07:45.984  INFO 3878505 --- [           main] o.s.t.c.transaction.TransactionContext   : Rolled back transaction for test: [DefaultTestContext@3c3d9b6b testClass = TestJdbcRevisionManager, testInstance = org.apache.nifi.registry.revision.jdbc.TestJdbcRevisionManager@2fc2a205, testMethod = testDeleteRevisionWithStaleVersionAndSameClientId@TestJdbcRevisionManager, testException = [null], mergedContextConfiguration = [MergedContextConfiguration@5fbe4146 testClass = TestJdbcRevisionManager, locations = '{}', classes = '{class org.apache.nifi.registry.TestApplication}', contextInitializerClasses = '[]', activeProfiles = '{}', propertySourceLocations = '{}', propertySourceProperties = '{org.springframework.boot.test.context.SpringBootTestContextBootstrapper=true}', contextCustomizers = set[org.springframework.boot.test.context.filter.ExcludeFilterContextCustomizer@62e136d3, org.springframework.boot.test.json.DuplicateJsonObjectContextCustomizerFactory$DuplicateJsonObjectContextCustomizer@4206a205, org.springframework.boot.test.mock.mockito.MockitoContextCustomizer@0, org.springframework.boot.test.web.client.TestRestTemplateContextCustomizer@4de5031f, org.springframework.boot.test.autoconfigure.actuate.metrics.MetricsExportContextCustomizerFactory$DisableMetricExportContextCustomizer@568bf312, org.springframework.boot.test.autoconfigure.properties.PropertyMappingContextCustomizer@0, org.springframework.boot.test.autoconfigure.web.servlet.WebDriverContextCustomizerFactory$Customizer@240237d2, org.springframework.boot.test.context.SpringBootTestArgs@1, org.springframework.boot.test.context.SpringBootTestWebEnvironment@5123a213], contextLoader = 'org.springframework.boot.test.context.SpringBootContextLoader', parent = [null]], attributes = map[[empty]]]
]]></system-out>
  </testcase>
  <testcase name="testGetRevisionWhenDoesNotExist" classname="org.apache.nifi.registry.revision.jdbc.TestJdbcRevisionManager" time="0.005">
    <system-out><![CDATA[2024-05-02 04:07:45.986  INFO 3878505 --- [           main] o.s.t.c.transaction.TransactionContext   : Began transaction (1) for test context [DefaultTestContext@3c3d9b6b testClass = TestJdbcRevisionManager, testInstance = org.apache.nifi.registry.revision.jdbc.TestJdbcRevisionManager@62ce72ff, testMethod = testGetRevisionWhenDoesNotExist@TestJdbcRevisionManager, testException = [null], mergedContextConfiguration = [MergedContextConfiguration@5fbe4146 testClass = TestJdbcRevisionManager, locations = '{}', classes = '{class org.apache.nifi.registry.TestApplication}', contextInitializerClasses = '[]', activeProfiles = '{}', propertySourceLocations = '{}', propertySourceProperties = '{org.springframework.boot.test.context.SpringBootTestContextBootstrapper=true}', contextCustomizers = set[org.springframework.boot.test.context.filter.ExcludeFilterContextCustomizer@62e136d3, org.springframework.boot.test.json.DuplicateJsonObjectContextCustomizerFactory$DuplicateJsonObjectContextCustomizer@4206a205, org.springframework.boot.test.mock.mockito.MockitoContextCustomizer@0, org.springframework.boot.test.web.client.TestRestTemplateContextCustomizer@4de5031f, org.springframework.boot.test.autoconfigure.actuate.metrics.MetricsExportContextCustomizerFactory$DisableMetricExportContextCustomizer@568bf312, org.springframework.boot.test.autoconfigure.properties.PropertyMappingContextCustomizer@0, org.springframework.boot.test.autoconfigure.web.servlet.WebDriverContextCustomizerFactory$Customizer@240237d2, org.springframework.boot.test.context.SpringBootTestArgs@1, org.springframework.boot.test.context.SpringBootTestWebEnvironment@5123a213], contextLoader = 'org.springframework.boot.test.context.SpringBootContextLoader', parent = [null]], attributes = map[[empty]]]; transaction manager [org.springframework.jdbc.support.JdbcTransactionManager@15ac59c2]; rollback [true]
2024-05-02 04:07:45.986  INFO 3878505 --- [           main] o.a.n.r.r.jdbc.TestJdbcRevisionManager   : #### DataSource class is org.springframework.jdbc.datasource.embedded.EmbeddedDatabaseFactory.EmbeddedDataSourceProxy
2024-05-02 04:07:45.989  INFO 3878505 --- [           main] o.s.t.c.transaction.TransactionContext   : Rolled back transaction for test: [DefaultTestContext@3c3d9b6b testClass = TestJdbcRevisionManager, testInstance = org.apache.nifi.registry.revision.jdbc.TestJdbcRevisionManager@62ce72ff, testMethod = testGetRevisionWhenDoesNotExist@TestJdbcRevisionManager, testException = [null], mergedContextConfiguration = [MergedContextConfiguration@5fbe4146 testClass = TestJdbcRevisionManager, locations = '{}', classes = '{class org.apache.nifi.registry.TestApplication}', contextInitializerClasses = '[]', activeProfiles = '{}', propertySourceLocations = '{}', propertySourceProperties = '{org.springframework.boot.test.context.SpringBootTestContextBootstrapper=true}', contextCustomizers = set[org.springframework.boot.test.context.filter.ExcludeFilterContextCustomizer@62e136d3, org.springframework.boot.test.json.DuplicateJsonObjectContextCustomizerFactory$DuplicateJsonObjectContextCustomizer@4206a205, org.springframework.boot.test.mock.mockito.MockitoContextCustomizer@0, org.springframework.boot.test.web.client.TestRestTemplateContextCustomizer@4de5031f, org.springframework.boot.test.autoconfigure.actuate.metrics.MetricsExportContextCustomizerFactory$DisableMetricExportContextCustomizer@568bf312, org.springframework.boot.test.autoconfigure.properties.PropertyMappingContextCustomizer@0, org.springframework.boot.test.autoconfigure.web.servlet.WebDriverContextCustomizerFactory$Customizer@240237d2, org.springframework.boot.test.context.SpringBootTestArgs@1, org.springframework.boot.test.context.SpringBootTestWebEnvironment@5123a213], contextLoader = 'org.springframework.boot.test.context.SpringBootContextLoader', parent = [null]], attributes = map[[empty]]]
]]></system-out>
  </testcase>
  <testcase name="testDeleteRevisionWithStaleVersionAndNoClientId" classname="org.apache.nifi.registry.revision.jdbc.TestJdbcRevisionManager" time="0.005">
    <system-out><![CDATA[2024-05-02 04:07:45.991  INFO 3878505 --- [           main] o.s.t.c.transaction.TransactionContext   : Began transaction (1) for test context [DefaultTestContext@3c3d9b6b testClass = TestJdbcRevisionManager, testInstance = org.apache.nifi.registry.revision.jdbc.TestJdbcRevisionManager@56ac5c80, testMethod = testDeleteRevisionWithStaleVersionAndNoClientId@TestJdbcRevisionManager, testException = [null], mergedContextConfiguration = [MergedContextConfiguration@5fbe4146 testClass = TestJdbcRevisionManager, locations = '{}', classes = '{class org.apache.nifi.registry.TestApplication}', contextInitializerClasses = '[]', activeProfiles = '{}', propertySourceLocations = '{}', propertySourceProperties = '{org.springframework.boot.test.context.SpringBootTestContextBootstrapper=true}', contextCustomizers = set[org.springframework.boot.test.context.filter.ExcludeFilterContextCustomizer@62e136d3, org.springframework.boot.test.json.DuplicateJsonObjectContextCustomizerFactory$DuplicateJsonObjectContextCustomizer@4206a205, org.springframework.boot.test.mock.mockito.MockitoContextCustomizer@0, org.springframework.boot.test.web.client.TestRestTemplateContextCustomizer@4de5031f, org.springframework.boot.test.autoconfigure.actuate.metrics.MetricsExportContextCustomizerFactory$DisableMetricExportContextCustomizer@568bf312, org.springframework.boot.test.autoconfigure.properties.PropertyMappingContextCustomizer@0, org.springframework.boot.test.autoconfigure.web.servlet.WebDriverContextCustomizerFactory$Customizer@240237d2, org.springframework.boot.test.context.SpringBootTestArgs@1, org.springframework.boot.test.context.SpringBootTestWebEnvironment@5123a213], contextLoader = 'org.springframework.boot.test.context.SpringBootContextLoader', parent = [null]], attributes = map[[empty]]]; transaction manager [org.springframework.jdbc.support.JdbcTransactionManager@15ac59c2]; rollback [true]
2024-05-02 04:07:45.992  INFO 3878505 --- [           main] o.a.n.r.r.jdbc.TestJdbcRevisionManager   : #### DataSource class is org.springframework.jdbc.datasource.embedded.EmbeddedDatabaseFactory.EmbeddedDataSourceProxy
2024-05-02 04:07:45.994  INFO 3878505 --- [           main] o.s.t.c.transaction.TransactionContext   : Rolled back transaction for test: [DefaultTestContext@3c3d9b6b testClass = TestJdbcRevisionManager, testInstance = org.apache.nifi.registry.revision.jdbc.TestJdbcRevisionManager@56ac5c80, testMethod = testDeleteRevisionWithStaleVersionAndNoClientId@TestJdbcRevisionManager, testException = [null], mergedContextConfiguration = [MergedContextConfiguration@5fbe4146 testClass = TestJdbcRevisionManager, locations = '{}', classes = '{class org.apache.nifi.registry.TestApplication}', contextInitializerClasses = '[]', activeProfiles = '{}', propertySourceLocations = '{}', propertySourceProperties = '{org.springframework.boot.test.context.SpringBootTestContextBootstrapper=true}', contextCustomizers = set[org.springframework.boot.test.context.filter.ExcludeFilterContextCustomizer@62e136d3, org.springframework.boot.test.json.DuplicateJsonObjectContextCustomizerFactory$DuplicateJsonObjectContextCustomizer@4206a205, org.springframework.boot.test.mock.mockito.MockitoContextCustomizer@0, org.springframework.boot.test.web.client.TestRestTemplateContextCustomizer@4de5031f, org.springframework.boot.test.autoconfigure.actuate.metrics.MetricsExportContextCustomizerFactory$DisableMetricExportContextCustomizer@568bf312, org.springframework.boot.test.autoconfigure.properties.PropertyMappingContextCustomizer@0, org.springframework.boot.test.autoconfigure.web.servlet.WebDriverContextCustomizerFactory$Customizer@240237d2, org.springframework.boot.test.context.SpringBootTestArgs@1, org.springframework.boot.test.context.SpringBootTestWebEnvironment@5123a213], contextLoader = 'org.springframework.boot.test.context.SpringBootContextLoader', parent = [null]], attributes = map[[empty]]]
]]></system-out>
  </testcase>
  <testcase name="testUpdateRevisionWhenDoesNotExist" classname="org.apache.nifi.registry.revision.jdbc.TestJdbcRevisionManager" time="0.005">
    <system-out><![CDATA[2024-05-02 04:07:45.996  INFO 3878505 --- [           main] o.s.t.c.transaction.TransactionContext   : Began transaction (1) for test context [DefaultTestContext@3c3d9b6b testClass = TestJdbcRevisionManager, testInstance = org.apache.nifi.registry.revision.jdbc.TestJdbcRevisionManager@3ece1e79, testMethod = testUpdateRevisionWhenDoesNotExist@TestJdbcRevisionManager, testException = [null], mergedContextConfiguration = [MergedContextConfiguration@5fbe4146 testClass = TestJdbcRevisionManager, locations = '{}', classes = '{class org.apache.nifi.registry.TestApplication}', contextInitializerClasses = '[]', activeProfiles = '{}', propertySourceLocations = '{}', propertySourceProperties = '{org.springframework.boot.test.context.SpringBootTestContextBootstrapper=true}', contextCustomizers = set[org.springframework.boot.test.context.filter.ExcludeFilterContextCustomizer@62e136d3, org.springframework.boot.test.json.DuplicateJsonObjectContextCustomizerFactory$DuplicateJsonObjectContextCustomizer@4206a205, org.springframework.boot.test.mock.mockito.MockitoContextCustomizer@0, org.springframework.boot.test.web.client.TestRestTemplateContextCustomizer@4de5031f, org.springframework.boot.test.autoconfigure.actuate.metrics.MetricsExportContextCustomizerFactory$DisableMetricExportContextCustomizer@568bf312, org.springframework.boot.test.autoconfigure.properties.PropertyMappingContextCustomizer@0, org.springframework.boot.test.autoconfigure.web.servlet.WebDriverContextCustomizerFactory$Customizer@240237d2, org.springframework.boot.test.context.SpringBootTestArgs@1, org.springframework.boot.test.context.SpringBootTestWebEnvironment@5123a213], contextLoader = 'org.springframework.boot.test.context.SpringBootContextLoader', parent = [null]], attributes = map[[empty]]]; transaction manager [org.springframework.jdbc.support.JdbcTransactionManager@15ac59c2]; rollback [true]
2024-05-02 04:07:45.996  INFO 3878505 --- [           main] o.a.n.r.r.jdbc.TestJdbcRevisionManager   : #### DataSource class is org.springframework.jdbc.datasource.embedded.EmbeddedDatabaseFactory.EmbeddedDataSourceProxy
2024-05-02 04:07:45.999  INFO 3878505 --- [           main] o.s.t.c.transaction.TransactionContext   : Rolled back transaction for test: [DefaultTestContext@3c3d9b6b testClass = TestJdbcRevisionManager, testInstance = org.apache.nifi.registry.revision.jdbc.TestJdbcRevisionManager@3ece1e79, testMethod = testUpdateRevisionWhenDoesNotExist@TestJdbcRevisionManager, testException = [null], mergedContextConfiguration = [MergedContextConfiguration@5fbe4146 testClass = TestJdbcRevisionManager, locations = '{}', classes = '{class org.apache.nifi.registry.TestApplication}', contextInitializerClasses = '[]', activeProfiles = '{}', propertySourceLocations = '{}', propertySourceProperties = '{org.springframework.boot.test.context.SpringBootTestContextBootstrapper=true}', contextCustomizers = set[org.springframework.boot.test.context.filter.ExcludeFilterContextCustomizer@62e136d3, org.springframework.boot.test.json.DuplicateJsonObjectContextCustomizerFactory$DuplicateJsonObjectContextCustomizer@4206a205, org.springframework.boot.test.mock.mockito.MockitoContextCustomizer@0, org.springframework.boot.test.web.client.TestRestTemplateContextCustomizer@4de5031f, org.springframework.boot.test.autoconfigure.actuate.metrics.MetricsExportContextCustomizerFactory$DisableMetricExportContextCustomizer@568bf312, org.springframework.boot.test.autoconfigure.properties.PropertyMappingContextCustomizer@0, org.springframework.boot.test.autoconfigure.web.servlet.WebDriverContextCustomizerFactory$Customizer@240237d2, org.springframework.boot.test.context.SpringBootTestArgs@1, org.springframework.boot.test.context.SpringBootTestWebEnvironment@5123a213], contextLoader = 'org.springframework.boot.test.context.SpringBootContextLoader', parent = [null]], attributes = map[[empty]]]
]]></system-out>
  </testcase>
  <testcase name="testDeleteRevisionWithCurrentVersionAndNewClientId" classname="org.apache.nifi.registry.revision.jdbc.TestJdbcRevisionManager" time="0.011">
    <system-out><![CDATA[2024-05-02 04:07:46.001  INFO 3878505 --- [           main] o.s.t.c.transaction.TransactionContext   : Began transaction (1) for test context [DefaultTestContext@3c3d9b6b testClass = TestJdbcRevisionManager, testInstance = org.apache.nifi.registry.revision.jdbc.TestJdbcRevisionManager@4f4c789f, testMethod = testDeleteRevisionWithCurrentVersionAndNewClientId@TestJdbcRevisionManager, testException = [null], mergedContextConfiguration = [MergedContextConfiguration@5fbe4146 testClass = TestJdbcRevisionManager, locations = '{}', classes = '{class org.apache.nifi.registry.TestApplication}', contextInitializerClasses = '[]', activeProfiles = '{}', propertySourceLocations = '{}', propertySourceProperties = '{org.springframework.boot.test.context.SpringBootTestContextBootstrapper=true}', contextCustomizers = set[org.springframework.boot.test.context.filter.ExcludeFilterContextCustomizer@62e136d3, org.springframework.boot.test.json.DuplicateJsonObjectContextCustomizerFactory$DuplicateJsonObjectContextCustomizer@4206a205, org.springframework.boot.test.mock.mockito.MockitoContextCustomizer@0, org.springframework.boot.test.web.client.TestRestTemplateContextCustomizer@4de5031f, org.springframework.boot.test.autoconfigure.actuate.metrics.MetricsExportContextCustomizerFactory$DisableMetricExportContextCustomizer@568bf312, org.springframework.boot.test.autoconfigure.properties.PropertyMappingContextCustomizer@0, org.springframework.boot.test.autoconfigure.web.servlet.WebDriverContextCustomizerFactory$Customizer@240237d2, org.springframework.boot.test.context.SpringBootTestArgs@1, org.springframework.boot.test.context.SpringBootTestWebEnvironment@5123a213], contextLoader = 'org.springframework.boot.test.context.SpringBootContextLoader', parent = [null]], attributes = map[[empty]]]; transaction manager [org.springframework.jdbc.support.JdbcTransactionManager@15ac59c2]; rollback [true]
2024-05-02 04:07:46.002  INFO 3878505 --- [           main] o.a.n.r.r.jdbc.TestJdbcRevisionManager   : #### DataSource class is org.springframework.jdbc.datasource.embedded.EmbeddedDatabaseFactory.EmbeddedDataSourceProxy
2024-05-02 04:07:46.004  INFO 3878505 --- [           main] o.s.t.c.transaction.TransactionContext   : Rolled back transaction for test: [DefaultTestContext@3c3d9b6b testClass = TestJdbcRevisionManager, testInstance = org.apache.nifi.registry.revision.jdbc.TestJdbcRevisionManager@4f4c789f, testMethod = testDeleteRevisionWithCurrentVersionAndNewClientId@TestJdbcRevisionManager, testException = [null], mergedContextConfiguration = [MergedContextConfiguration@5fbe4146 testClass = TestJdbcRevisionManager, locations = '{}', classes = '{class org.apache.nifi.registry.TestApplication}', contextInitializerClasses = '[]', activeProfiles = '{}', propertySourceLocations = '{}', propertySourceProperties = '{org.springframework.boot.test.context.SpringBootTestContextBootstrapper=true}', contextCustomizers = set[org.springframework.boot.test.context.filter.ExcludeFilterContextCustomizer@62e136d3, org.springframework.boot.test.json.DuplicateJsonObjectContextCustomizerFactory$DuplicateJsonObjectContextCustomizer@4206a205, org.springframework.boot.test.mock.mockito.MockitoContextCustomizer@0, org.springframework.boot.test.web.client.TestRestTemplateContextCustomizer@4de5031f, org.springframework.boot.test.autoconfigure.actuate.metrics.MetricsExportContextCustomizerFactory$DisableMetricExportContextCustomizer@568bf312, org.springframework.boot.test.autoconfigure.properties.PropertyMappingContextCustomizer@0, org.springframework.boot.test.autoconfigure.web.servlet.WebDriverContextCustomizerFactory$Customizer@240237d2, org.springframework.boot.test.context.SpringBootTestArgs@1, org.springframework.boot.test.context.SpringBootTestWebEnvironment@5123a213], contextLoader = 'org.springframework.boot.test.context.SpringBootContextLoader', parent = [null]], attributes = map[[empty]]]
]]></system-out>
  </testcase>
  <testcase name="testUpdateRevisionWithStaleVersionAndSameClientId" classname="org.apache.nifi.registry.revision.jdbc.TestJdbcRevisionManager" time="0">
    <system-out><![CDATA[2024-05-02 04:07:46.007  INFO 3878505 --- [           main] o.s.t.c.transaction.TransactionContext   : Began transaction (1) for test context [DefaultTestContext@3c3d9b6b testClass = TestJdbcRevisionManager, testInstance = org.apache.nifi.registry.revision.jdbc.TestJdbcRevisionManager@21f8e55f, testMethod = testUpdateRevisionWithStaleVersionAndSameClientId@TestJdbcRevisionManager, testException = [null], mergedContextConfiguration = [MergedContextConfiguration@5fbe4146 testClass = TestJdbcRevisionManager, locations = '{}', classes = '{class org.apache.nifi.registry.TestApplication}', contextInitializerClasses = '[]', activeProfiles = '{}', propertySourceLocations = '{}', propertySourceProperties = '{org.springframework.boot.test.context.SpringBootTestContextBootstrapper=true}', contextCustomizers = set[org.springframework.boot.test.context.filter.ExcludeFilterContextCustomizer@62e136d3, org.springframework.boot.test.json.DuplicateJsonObjectContextCustomizerFactory$DuplicateJsonObjectContextCustomizer@4206a205, org.springframework.boot.test.mock.mockito.MockitoContextCustomizer@0, org.springframework.boot.test.web.client.TestRestTemplateContextCustomizer@4de5031f, org.springframework.boot.test.autoconfigure.actuate.metrics.MetricsExportContextCustomizerFactory$DisableMetricExportContextCustomizer@568bf312, org.springframework.boot.test.autoconfigure.properties.PropertyMappingContextCustomizer@0, org.springframework.boot.test.autoconfigure.web.servlet.WebDriverContextCustomizerFactory$Customizer@240237d2, org.springframework.boot.test.context.SpringBootTestArgs@1, org.springframework.boot.test.context.SpringBootTestWebEnvironment@5123a213], contextLoader = 'org.springframework.boot.test.context.SpringBootContextLoader', parent = [null]], attributes = map[[empty]]]; transaction manager [org.springframework.jdbc.support.JdbcTransactionManager@15ac59c2]; rollback [true]
2024-05-02 04:07:46.007  INFO 3878505 --- [           main] o.a.n.r.r.jdbc.TestJdbcRevisionManager   : #### DataSource class is org.springframework.jdbc.datasource.embedded.EmbeddedDatabaseFactory.EmbeddedDataSourceProxy
2024-05-02 04:07:46.010  INFO 3878505 --- [           main] o.s.t.c.transaction.TransactionContext   : Rolled back transaction for test: [DefaultTestContext@3c3d9b6b testClass = TestJdbcRevisionManager, testInstance = org.apache.nifi.registry.revision.jdbc.TestJdbcRevisionManager@21f8e55f, testMethod = testUpdateRevisionWithStaleVersionAndSameClientId@TestJdbcRevisionManager, testException = [null], mergedContextConfiguration = [MergedContextConfiguration@5fbe4146 testClass = TestJdbcRevisionManager, locations = '{}', classes = '{class org.apache.nifi.registry.TestApplication}', contextInitializerClasses = '[]', activeProfiles = '{}', propertySourceLocations = '{}', propertySourceProperties = '{org.springframework.boot.test.context.SpringBootTestContextBootstrapper=true}', contextCustomizers = set[org.springframework.boot.test.context.filter.ExcludeFilterContextCustomizer@62e136d3, org.springframework.boot.test.json.DuplicateJsonObjectContextCustomizerFactory$DuplicateJsonObjectContextCustomizer@4206a205, org.springframework.boot.test.mock.mockito.MockitoContextCustomizer@0, org.springframework.boot.test.web.client.TestRestTemplateContextCustomizer@4de5031f, org.springframework.boot.test.autoconfigure.actuate.metrics.MetricsExportContextCustomizerFactory$DisableMetricExportContextCustomizer@568bf312, org.springframework.boot.test.autoconfigure.properties.PropertyMappingContextCustomizer@0, org.springframework.boot.test.autoconfigure.web.servlet.WebDriverContextCustomizerFactory$Customizer@240237d2, org.springframework.boot.test.context.SpringBootTestArgs@1, org.springframework.boot.test.context.SpringBootTestWebEnvironment@5123a213], contextLoader = 'org.springframework.boot.test.context.SpringBootContextLoader', parent = [null]], attributes = map[[empty]]]
]]></system-out>
  </testcase>
  <testcase name="testGetRevisionWhenExists" classname="org.apache.nifi.registry.revision.jdbc.TestJdbcRevisionManager" time="0.005">
    <system-out><![CDATA[2024-05-02 04:07:46.013  INFO 3878505 --- [           main] o.s.t.c.transaction.TransactionContext   : Began transaction (1) for test context [DefaultTestContext@3c3d9b6b testClass = TestJdbcRevisionManager, testInstance = org.apache.nifi.registry.revision.jdbc.TestJdbcRevisionManager@e3994ef, testMethod = testGetRevisionWhenExists@TestJdbcRevisionManager, testException = [null], mergedContextConfiguration = [MergedContextConfiguration@5fbe4146 testClass = TestJdbcRevisionManager, locations = '{}', classes = '{class org.apache.nifi.registry.TestApplication}', contextInitializerClasses = '[]', activeProfiles = '{}', propertySourceLocations = '{}', propertySourceProperties = '{org.springframework.boot.test.context.SpringBootTestContextBootstrapper=true}', contextCustomizers = set[org.springframework.boot.test.context.filter.ExcludeFilterContextCustomizer@62e136d3, org.springframework.boot.test.json.DuplicateJsonObjectContextCustomizerFactory$DuplicateJsonObjectContextCustomizer@4206a205, org.springframework.boot.test.mock.mockito.MockitoContextCustomizer@0, org.springframework.boot.test.web.client.TestRestTemplateContextCustomizer@4de5031f, org.springframework.boot.test.autoconfigure.actuate.metrics.MetricsExportContextCustomizerFactory$DisableMetricExportContextCustomizer@568bf312, org.springframework.boot.test.autoconfigure.properties.PropertyMappingContextCustomizer@0, org.springframework.boot.test.autoconfigure.web.servlet.WebDriverContextCustomizerFactory$Customizer@240237d2, org.springframework.boot.test.context.SpringBootTestArgs@1, org.springframework.boot.test.context.SpringBootTestWebEnvironment@5123a213], contextLoader = 'org.springframework.boot.test.context.SpringBootContextLoader', parent = [null]], attributes = map[[empty]]]; transaction manager [org.springframework.jdbc.support.JdbcTransactionManager@15ac59c2]; rollback [true]
2024-05-02 04:07:46.013  INFO 3878505 --- [           main] o.a.n.r.r.jdbc.TestJdbcRevisionManager   : #### DataSource class is org.springframework.jdbc.datasource.embedded.EmbeddedDatabaseFactory.EmbeddedDataSourceProxy
2024-05-02 04:07:46.015  INFO 3878505 --- [           main] o.s.t.c.transaction.TransactionContext   : Rolled back transaction for test: [DefaultTestContext@3c3d9b6b testClass = TestJdbcRevisionManager, testInstance = org.apache.nifi.registry.revision.jdbc.TestJdbcRevisionManager@e3994ef, testMethod = testGetRevisionWhenExists@TestJdbcRevisionManager, testException = [null], mergedContextConfiguration = [MergedContextConfiguration@5fbe4146 testClass = TestJdbcRevisionManager, locations = '{}', classes = '{class org.apache.nifi.registry.TestApplication}', contextInitializerClasses = '[]', activeProfiles = '{}', propertySourceLocations = '{}', propertySourceProperties = '{org.springframework.boot.test.context.SpringBootTestContextBootstrapper=true}', contextCustomizers = set[org.springframework.boot.test.context.filter.ExcludeFilterContextCustomizer@62e136d3, org.springframework.boot.test.json.DuplicateJsonObjectContextCustomizerFactory$DuplicateJsonObjectContextCustomizer@4206a205, org.springframework.boot.test.mock.mockito.MockitoContextCustomizer@0, org.springframework.boot.test.web.client.TestRestTemplateContextCustomizer@4de5031f, org.springframework.boot.test.autoconfigure.actuate.metrics.MetricsExportContextCustomizerFactory$DisableMetricExportContextCustomizer@568bf312, org.springframework.boot.test.autoconfigure.properties.PropertyMappingContextCustomizer@0, org.springframework.boot.test.autoconfigure.web.servlet.WebDriverContextCustomizerFactory$Customizer@240237d2, org.springframework.boot.test.context.SpringBootTestArgs@1, org.springframework.boot.test.context.SpringBootTestWebEnvironment@5123a213], contextLoader = 'org.springframework.boot.test.context.SpringBootContextLoader', parent = [null]], attributes = map[[empty]]]
]]></system-out>
  </testcase>
  <testcase name="testGetAllAndReset" classname="org.apache.nifi.registry.revision.jdbc.TestJdbcRevisionManager" time="0.007">
    <system-out><![CDATA[2024-05-02 04:07:46.018  INFO 3878505 --- [           main] o.s.t.c.transaction.TransactionContext   : Began transaction (1) for test context [DefaultTestContext@3c3d9b6b testClass = TestJdbcRevisionManager, testInstance = org.apache.nifi.registry.revision.jdbc.TestJdbcRevisionManager@309028af, testMethod = testGetAllAndReset@TestJdbcRevisionManager, testException = [null], mergedContextConfiguration = [MergedContextConfiguration@5fbe4146 testClass = TestJdbcRevisionManager, locations = '{}', classes = '{class org.apache.nifi.registry.TestApplication}', contextInitializerClasses = '[]', activeProfiles = '{}', propertySourceLocations = '{}', propertySourceProperties = '{org.springframework.boot.test.context.SpringBootTestContextBootstrapper=true}', contextCustomizers = set[org.springframework.boot.test.context.filter.ExcludeFilterContextCustomizer@62e136d3, org.springframework.boot.test.json.DuplicateJsonObjectContextCustomizerFactory$DuplicateJsonObjectContextCustomizer@4206a205, org.springframework.boot.test.mock.mockito.MockitoContextCustomizer@0, org.springframework.boot.test.web.client.TestRestTemplateContextCustomizer@4de5031f, org.springframework.boot.test.autoconfigure.actuate.metrics.MetricsExportContextCustomizerFactory$DisableMetricExportContextCustomizer@568bf312, org.springframework.boot.test.autoconfigure.properties.PropertyMappingContextCustomizer@0, org.springframework.boot.test.autoconfigure.web.servlet.WebDriverContextCustomizerFactory$Customizer@240237d2, org.springframework.boot.test.context.SpringBootTestArgs@1, org.springframework.boot.test.context.SpringBootTestWebEnvironment@5123a213], contextLoader = 'org.springframework.boot.test.context.SpringBootContextLoader', parent = [null]], attributes = map[[empty]]]; transaction manager [org.springframework.jdbc.support.JdbcTransactionManager@15ac59c2]; rollback [true]
2024-05-02 04:07:46.018  INFO 3878505 --- [           main] o.a.n.r.r.jdbc.TestJdbcRevisionManager   : #### DataSource class is org.springframework.jdbc.datasource.embedded.EmbeddedDatabaseFactory.EmbeddedDataSourceProxy
2024-05-02 04:07:46.022  INFO 3878505 --- [           main] o.s.t.c.transaction.TransactionContext   : Rolled back transaction for test: [DefaultTestContext@3c3d9b6b testClass = TestJdbcRevisionManager, testInstance = org.apache.nifi.registry.revision.jdbc.TestJdbcRevisionManager@309028af, testMethod = testGetAllAndReset@TestJdbcRevisionManager, testException = [null], mergedContextConfiguration = [MergedContextConfiguration@5fbe4146 testClass = TestJdbcRevisionManager, locations = '{}', classes = '{class org.apache.nifi.registry.TestApplication}', contextInitializerClasses = '[]', activeProfiles = '{}', propertySourceLocations = '{}', propertySourceProperties = '{org.springframework.boot.test.context.SpringBootTestContextBootstrapper=true}', contextCustomizers = set[org.springframework.boot.test.context.filter.ExcludeFilterContextCustomizer@62e136d3, org.springframework.boot.test.json.DuplicateJsonObjectContextCustomizerFactory$DuplicateJsonObjectContextCustomizer@4206a205, org.springframework.boot.test.mock.mockito.MockitoContextCustomizer@0, org.springframework.boot.test.web.client.TestRestTemplateContextCustomizer@4de5031f, org.springframework.boot.test.autoconfigure.actuate.metrics.MetricsExportContextCustomizerFactory$DisableMetricExportContextCustomizer@568bf312, org.springframework.boot.test.autoconfigure.properties.PropertyMappingContextCustomizer@0, org.springframework.boot.test.autoconfigure.web.servlet.WebDriverContextCustomizerFactory$Customizer@240237d2, org.springframework.boot.test.context.SpringBootTestArgs@1, org.springframework.boot.test.context.SpringBootTestWebEnvironment@5123a213], contextLoader = 'org.springframework.boot.test.context.SpringBootContextLoader', parent = [null]], attributes = map[[empty]]]
]]></system-out>
  </testcase>
</testsuite>