<?xml version="1.0" encoding="UTF-8"?>
<testsuite xmlns:xsi="http://www.w3.org/2001/XMLSchema-instance" xsi:noNamespaceSchemaLocation="https://maven.apache.org/surefire/maven-surefire-plugin/xsd/surefire-test-report-3.0.xsd" version="3.0" name="org.apache.nifi.security.util.crypto.PasswordBasedEncryptorGroovyTest" time="4.564" tests="9" errors="0" skipped="0" failures="0">
  <properties>
    <property name="sun.desktop" value="gnome"/>
    <property name="awt.toolkit" value="sun.awt.X11.XToolkit"/>
    <property name="file.encoding.pkg" value="sun.io"/>
    <property name="java.specification.version" value="1.8"/>
    <property name="sun.cpu.isalist" value=""/>
    <property name="sun.jnu.encoding" value="UTF-8"/>
    <property name="java.class.path" value="/home/alex/Repositories/nifi/nifi-nar-bundles/nifi-standard-bundle/nifi-standard-processors/target/test-classes:/home/alex/Repositories/nifi/nifi-nar-bundles/nifi-standard-bundle/nifi-standard-processors/target/classes:/home/alex/.m2/repository/org/apache/ftpserver/ftpserver-core/1.1.1/ftpserver-core-1.1.1.jar:/home/alex/.m2/repository/org/apache/ftpserver/ftplet-api/1.1.1/ftplet-api-1.1.1.jar:/home/alex/.m2/repository/org/slf4j/slf4j-api/1.7.32/slf4j-api-1.7.32.jar:/home/alex/.m2/repository/org/apache/mina/mina-core/2.0.16/mina-core-2.0.16.jar:/home/alex/Repositories/nifi/nifi-api/target/classes:/home/alex/Repositories/nifi/nifi-commons/nifi-expression-language/target/classes:/home/alex/.m2/repository/org/antlr/antlr-runtime/3.5.2/antlr-runtime-3.5.2.jar:/home/alex/Repositories/nifi/nifi-commons/nifi-parameter/target/classes:/home/alex/Repositories/nifi/nifi-commons/nifi-uuid5/target/classes:/home/alex/.m2/repository/org/apache/commons/commons-text/1.8/commons-text-1.8.jar:/home/alex/Repositories/nifi/nifi-nar-bundles/nifi-extension-utils/nifi-processor-utils/target/classes:/home/alex/Repositories/nifi/nifi-commons/nifi-security-socket-ssl/target/classes:/home/alex/Repositories/nifi/nifi-nar-bundles/nifi-extension-utils/nifi-event-transport/target/classes:/home/alex/.m2/repository/io/netty/netty-handler/4.1.69.Final/netty-handler-4.1.69.Final.jar:/home/alex/.m2/repository/io/netty/netty-common/4.1.69.Final/netty-common-4.1.69.Final.jar:/home/alex/.m2/repository/io/netty/netty-resolver/4.1.69.Final/netty-resolver-4.1.69.Final.jar:/home/alex/.m2/repository/io/netty/netty-transport/4.1.69.Final/netty-transport-4.1.69.Final.jar:/home/alex/.m2/repository/io/netty/netty-codec/4.1.69.Final/netty-codec-4.1.69.Final.jar:/home/alex/Repositories/nifi/nifi-nar-bundles/nifi-extension-utils/nifi-syslog-utils/target/classes:/home/alex/.m2/repository/com/github/palindromicity/simple-syslog-5424/0.0.16/simple-syslog-5424-0.0.16.jar:/home/alex/.m2/repository/org/antlr/antlr4-runtime/4.7.2/antlr4-runtime-4.7.2.jar:/home/alex/Repositories/nifi/nifi-commons/nifi-utils/target/classes:/home/alex/Repositories/nifi/nifi-commons/nifi-record-path/target/classes:/home/alex/Repositories/nifi/nifi-commons/nifi-properties/target/classes:/home/alex/Repositories/nifi/nifi-commons/nifi-property-utils/target/classes:/home/alex/.m2/repository/com/github/ben-manes/caffeine/caffeine/2.8.1/caffeine-2.8.1.jar:/home/alex/Repositories/nifi/nifi-nar-bundles/nifi-standard-services/nifi-ssl-context-service-api/target/classes:/home/alex/Repositories/nifi/nifi-commons/nifi-security-utils-api/target/classes:/home/alex/Repositories/nifi/nifi-nar-bundles/nifi-standard-services/nifi-lookup-service-api/target/classes:/home/alex/Repositories/nifi/nifi-commons/nifi-flowfile-packager/target/classes:/home/alex/Repositories/nifi/nifi-nar-bundles/nifi-standard-services/nifi-distributed-cache-client-service-api/target/classes:/home/alex/Repositories/nifi/nifi-nar-bundles/nifi-standard-services/nifi-http-context-map-api/target/classes:/home/alex/Repositories/nifi/nifi-nar-bundles/nifi-standard-services/nifi-record-serialization-service-api/target/classes:/home/alex/Repositories/nifi/nifi-nar-bundles/nifi-standard-services/nifi-proxy-configuration-api/target/classes:/home/alex/Repositories/nifi/nifi-commons/nifi-record/target/classes:/home/alex/Repositories/nifi/nifi-nar-bundles/nifi-standard-services/nifi-record-sink-api/target/classes:/home/alex/.m2/repository/commons-io/commons-io/2.10.0/commons-io-2.10.0.jar:/home/alex/.m2/repository/javax/ws/rs/javax.ws.rs-api/2.1/javax.ws.rs-api-2.1.jar:/home/alex/.m2/repository/commons-net/commons-net/3.6/commons-net-3.6.jar:/home/alex/.m2/repository/org/apache/commons/commons-compress/1.21/commons-compress-1.21.jar:/home/alex/.m2/repository/org/apache/commons/commons-lang3/3.9/commons-lang3-3.9.jar:/home/alex/.m2/repository/org/bouncycastle/bcprov-jdk15on/1.69/bcprov-jdk15on-1.69.jar:/home/alex/.m2/repository/org/bouncycastle/bcpg-jdk15on/1.69/bcpg-jdk15on-1.69.jar:/home/alex/.m2/repository/org/bouncycastle/bcpkix-jdk15on/1.69/bcpkix-jdk15on-1.69.jar:/home/alex/.m2/repository/org/bouncycastle/bcutil-jdk15on/1.69/bcutil-jdk15on-1.69.jar:/home/alex/.m2/repository/commons-codec/commons-codec/1.14/commons-codec-1.14.jar:/home/alex/Repositories/nifi/nifi-commons/nifi-security-utils/target/classes:/home/alex/Repositories/nifi/nifi-commons/nifi-security-kms/target/classes:/home/alex/.m2/repository/org/apache/commons/commons-configuration2/2.7/commons-configuration2-2.7.jar:/home/alex/.m2/repository/com/hierynomus/sshj/0.32.0/sshj-0.32.0.jar:/home/alex/.m2/repository/com/jcraft/jzlib/1.1.3/jzlib-1.1.3.jar:/home/alex/.m2/repository/com/hierynomus/asn-one/0.6.0/asn-one-0.6.0.jar:/home/alex/.m2/repository/net/i2p/crypto/eddsa/0.3.0/eddsa-0.3.0.jar:/home/alex/.m2/repository/org/eclipse/jetty/jetty-server/9.4.44.v20210927/jetty-server-9.4.44.v20210927.jar:/home/alex/.m2/repository/javax/servlet/javax.servlet-api/3.1.0/javax.servlet-api-3.1.0.jar:/home/alex/.m2/repository/org/eclipse/jetty/jetty-http/9.4.44.v20210927/jetty-http-9.4.44.v20210927.jar:/home/alex/.m2/repository/org/eclipse/jetty/jetty-util/9.4.44.v20210927/jetty-util-9.4.44.v20210927.jar:/home/alex/.m2/repository/org/eclipse/jetty/jetty-io/9.4.44.v20210927/jetty-io-9.4.44.v20210927.jar:/home/alex/.m2/repository/org/eclipse/jetty/jetty-servlet/9.4.44.v20210927/jetty-servlet-9.4.44.v20210927.jar:/home/alex/.m2/repository/org/eclipse/jetty/jetty-security/9.4.44.v20210927/jetty-security-9.4.44.v20210927.jar:/home/alex/.m2/repository/org/eclipse/jetty/jetty-util-ajax/9.4.44.v20210927/jetty-util-ajax-9.4.44.v20210927.jar:/home/alex/.m2/repository/org/apache/httpcomponents/httpclient/4.5.5/httpclient-4.5.5.jar:/home/alex/.m2/repository/commons-logging/commons-logging/1.2/commons-logging-1.2.jar:/home/alex/.m2/repository/org/apache/httpcomponents/httpcore/4.4.9/httpcore-4.4.9.jar:/home/alex/.m2/repository/jakarta/activation/jakarta.activation-api/2.0.1/jakarta.activation-api-2.0.1.jar:/home/alex/.m2/repository/com/sun/activation/jakarta.activation/2.0.1/jakarta.activation-2.0.1.jar:/home/alex/.m2/repository/jakarta/mail/jakarta.mail-api/2.0.1/jakarta.mail-api-2.0.1.jar:/home/alex/.m2/repository/com/sun/mail/jakarta.mail/2.0.1/jakarta.mail-2.0.1.jar:/home/alex/.m2/repository/com/github/jponge/lzma-java/1.3/lzma-java-1.3.jar:/home/alex/.m2/repository/org/tukaani/xz/1.8/xz-1.8.jar:/home/alex/.m2/repository/net/sf/saxon/Saxon-HE/10.6/Saxon-HE-10.6.jar:/home/alex/Repositories/nifi/nifi-commons/nifi-socket-utils/target/classes:/home/alex/Repositories/nifi/nifi-commons/nifi-logging-utils/target/classes:/home/alex/Repositories/nifi/nifi-nar-bundles/nifi-standard-services/nifi-load-distribution-service-api/target/classes:/home/alex/.m2/repository/javax/jms/javax.jms-api/2.0.1/javax.jms-api-2.0.1.jar:/home/alex/.m2/repository/org/apache/activemq/activemq-client/5.15.15/activemq-client-5.15.15.jar:/home/alex/.m2/repository/org/apache/geronimo/specs/geronimo-jms_1.1_spec/1.1.1/geronimo-jms_1.1_spec-1.1.1.jar:/home/alex/.m2/repository/org/fusesource/hawtbuf/hawtbuf/1.11/hawtbuf-1.11.jar:/home/alex/.m2/repository/org/apache/geronimo/specs/geronimo-j2ee-management_1.1_spec/1.0.1/geronimo-j2ee-management_1.1_spec-1.0.1.jar:/home/alex/.m2/repository/com/jayway/jsonpath/json-path/2.6.0/json-path-2.6.0.jar:/home/alex/.m2/repository/net/minidev/json-smart/2.4.7/json-smart-2.4.7.jar:/home/alex/.m2/repository/net/minidev/accessors-smart/2.4.7/accessors-smart-2.4.7.jar:/home/alex/.m2/repository/org/ow2/asm/asm/9.1/asm-9.1.jar:/home/alex/.m2/repository/org/apache/tika/tika-core/1.26/tika-core-1.26.jar:/home/alex/.m2/repository/com/fasterxml/jackson/core/jackson-databind/2.12.3/jackson-databind-2.12.3.jar:/home/alex/.m2/repository/com/fasterxml/jackson/core/jackson-annotations/2.12.3/jackson-annotations-2.12.3.jar:/home/alex/.m2/repository/com/fasterxml/jackson/core/jackson-core/2.12.3/jackson-core-2.12.3.jar:/home/alex/Repositories/nifi/nifi-nar-bundles/nifi-extension-utils/nifi-record-utils/nifi-avro-record-utils/target/classes:/home/alex/Repositories/nifi/nifi-nar-bundles/nifi-extension-utils/nifi-record-utils/nifi-standard-record-utils/target/classes:/home/alex/.m2/repository/org/apache/avro/avro/1.8.1/avro-1.8.1.jar:/home/alex/.m2/repository/org/codehaus/jackson/jackson-core-asl/1.9.13/jackson-core-asl-1.9.13.jar:/home/alex/.m2/repository/org/codehaus/jackson/jackson-mapper-asl/1.9.13/jackson-mapper-asl-1.9.13.jar:/home/alex/.m2/repository/com/thoughtworks/paranamer/paranamer/2.7/paranamer-2.7.jar:/home/alex/Repositories/nifi/nifi-nar-bundles/nifi-standard-services/nifi-dbcp-service-api/target/classes:/home/alex/.m2/repository/com/squareup/okhttp3/okhttp/4.9.2/okhttp-4.9.2.jar:/home/alex/.m2/repository/com/squareup/okio/okio/2.8.0/okio-2.8.0.jar:/home/alex/.m2/repository/org/jetbrains/kotlin/kotlin-stdlib-common/1.4.0/kotlin-stdlib-common-1.4.0.jar:/home/alex/.m2/repository/org/jetbrains/kotlin/kotlin-stdlib/1.4.10/kotlin-stdlib-1.4.10.jar:/home/alex/.m2/repository/org/jetbrains/annotations/13.0/annotations-13.0.jar:/home/alex/.m2/repository/io/github/rburgst/okhttp-digest/2.5/okhttp-digest-2.5.jar:/home/alex/.m2/repository/at/favre/lib/bcrypt/0.9.0/bcrypt-0.9.0.jar:/home/alex/.m2/repository/at/favre/lib/bytes/1.3.0/bytes-1.3.0.jar:/home/alex/.m2/repository/com/google/guava/guava/28.0-jre/guava-28.0-jre.jar:/home/alex/.m2/repository/com/google/guava/failureaccess/1.0.1/failureaccess-1.0.1.jar:/home/alex/.m2/repository/com/google/guava/listenablefuture/9999.0-empty-to-avoid-conflict-with-guava/listenablefuture-9999.0-empty-to-avoid-conflict-with-guava.jar:/home/alex/.m2/repository/com/google/code/findbugs/jsr305/3.0.2/jsr305-3.0.2.jar:/home/alex/.m2/repository/org/checkerframework/checker-qual/2.8.1/checker-qual-2.8.1.jar:/home/alex/.m2/repository/com/google/errorprone/error_prone_annotations/2.3.2/error_prone_annotations-2.3.2.jar:/home/alex/.m2/repository/com/google/j2objc/j2objc-annotations/1.3/j2objc-annotations-1.3.jar:/home/alex/.m2/repository/org/codehaus/mojo/animal-sniffer-annotations/1.17/animal-sniffer-annotations-1.17.jar:/home/alex/Repositories/nifi/nifi-mock/target/classes:/home/alex/Repositories/nifi/nifi-framework-api/target/classes:/home/alex/Repositories/nifi/nifi-nar-bundles/nifi-framework-bundle/nifi-framework/nifi-framework-core-api/target/classes:/home/alex/Repositories/nifi/nifi-nar-bundles/nifi-framework-bundle/nifi-framework/nifi-framework-nar-utils/target/classes:/home/alex/Repositories/nifi/nifi-nar-bundles/nifi-framework-bundle/nifi-framework/nifi-client-dto/target/classes:/home/alex/.m2/repository/io/swagger/swagger-annotations/1.6.0/swagger-annotations-1.6.0.jar:/home/alex/Repositories/nifi/nifi-commons/nifi-site-to-site-client/target/classes:/home/alex/.m2/repository/org/apache/httpcomponents/httpasyncclient/4.1.4/httpasyncclient-4.1.4.jar:/home/alex/.m2/repository/org/apache/httpcomponents/httpcore-nio/4.4.10/httpcore-nio-4.4.10.jar:/home/alex/Repositories/nifi/nifi-nar-bundles/nifi-framework-bundle/nifi-framework/nifi-framework-authorization/target/classes:/home/alex/Repositories/nifi/nifi-registry/nifi-registry-core/nifi-registry-data-model/target/classes:/home/alex/Repositories/nifi/nifi-registry/nifi-registry-core/nifi-registry-revision/nifi-registry-revision-entity-model/target/classes:/home/alex/Repositories/nifi/nifi-registry/nifi-registry-core/nifi-registry-client/target/classes:/home/alex/Repositories/nifi/nifi-registry/nifi-registry-core/nifi-registry-security-utils/target/classes:/home/alex/.m2/repository/org/glassfish/jersey/core/jersey-client/2.33/jersey-client-2.33.jar:/home/alex/.m2/repository/jakarta/ws/rs/jakarta.ws.rs-api/2.1.6/jakarta.ws.rs-api-2.1.6.jar:/home/alex/.m2/repository/org/glassfish/hk2/external/jakarta.inject/2.6.1/jakarta.inject-2.6.1.jar:/home/alex/.m2/repository/org/glassfish/jersey/media/jersey-media-json-jackson/2.33/jersey-media-json-jackson-2.33.jar:/home/alex/.m2/repository/org/glassfish/jersey/ext/jersey-entity-filtering/2.33/jersey-entity-filtering-2.33.jar:/home/alex/.m2/repository/org/glassfish/jersey/inject/jersey-hk2/2.33/jersey-hk2-2.33.jar:/home/alex/.m2/repository/org/glassfish/hk2/hk2-locator/2.6.1/hk2-locator-2.6.1.jar:/home/alex/.m2/repository/org/glassfish/hk2/external/aopalliance-repackaged/2.6.1/aopalliance-repackaged-2.6.1.jar:/home/alex/.m2/repository/org/glassfish/hk2/hk2-api/2.6.1/hk2-api-2.6.1.jar:/home/alex/.m2/repository/org/glassfish/hk2/hk2-utils/2.6.1/hk2-utils-2.6.1.jar:/home/alex/.m2/repository/org/javassist/javassist/3.25.0-GA/javassist-3.25.0-GA.jar:/home/alex/.m2/repository/org/glassfish/jersey/core/jersey-common/2.33/jersey-common-2.33.jar:/home/alex/.m2/repository/jakarta/annotation/jakarta.annotation-api/1.3.5/jakarta.annotation-api-1.3.5.jar:/home/alex/.m2/repository/org/glassfish/hk2/osgi-resource-locator/1.0.3/osgi-resource-locator-1.0.3.jar:/home/alex/.m2/repository/org/glassfish/jersey/media/jersey-media-multipart/2.33/jersey-media-multipart-2.33.jar:/home/alex/.m2/repository/org/jvnet/mimepull/mimepull/1.9.13/mimepull-1.9.13.jar:/home/alex/Repositories/nifi/nifi-commons/nifi-data-provenance-utils/target/classes:/home/alex/Repositories/nifi/nifi-nar-bundles/nifi-standard-services/nifi-distributed-cache-services-bundle/nifi-distributed-cache-client-service/target/classes:/home/alex/Repositories/nifi/nifi-nar-bundles/nifi-standard-services/nifi-distributed-cache-services-bundle/nifi-distributed-cache-protocol/target/classes:/home/alex/.m2/repository/io/netty/netty-buffer/4.1.69.Final/netty-buffer-4.1.69.Final.jar:/home/alex/.m2/repository/com/google/http-client/google-http-client/1.28.0/google-http-client-1.28.0.jar:/home/alex/.m2/repository/io/opencensus/opencensus-api/0.18.0/opencensus-api-0.18.0.jar:/home/alex/.m2/repository/io/grpc/grpc-context/1.14.0/grpc-context-1.14.0.jar:/home/alex/.m2/repository/io/opencensus/opencensus-contrib-http-util/0.18.0/opencensus-contrib-http-util-0.18.0.jar:/home/alex/.m2/repository/org/apache/activemq/activemq-broker/5.15.14/activemq-broker-5.15.14.jar:/home/alex/.m2/repository/org/apache/activemq/activemq-openwire-legacy/5.15.14/activemq-openwire-legacy-5.15.14.jar:/home/alex/Repositories/nifi/nifi-nar-bundles/nifi-standard-services/nifi-ssl-context-bundle/nifi-ssl-context-service/target/classes:/home/alex/Repositories/nifi/nifi-nar-bundles/nifi-framework-bundle/nifi-framework/nifi-standard-prioritizers/target/classes:/home/alex/Repositories/nifi/nifi-nar-bundles/nifi-extension-utils/nifi-record-utils/nifi-mock-record-utils/target/classes:/home/alex/Repositories/nifi/nifi-nar-bundles/nifi-standard-services/nifi-record-serialization-services-bundle/nifi-record-serialization-services/target/classes:/home/alex/.m2/repository/org/apache/commons/commons-csv/1.8/commons-csv-1.8.jar:/home/alex/.m2/repository/com/fasterxml/jackson/dataformat/jackson-dataformat-csv/2.12.3/jackson-dataformat-csv-2.12.3.jar:/home/alex/.m2/repository/net/java/dev/stax-utils/stax-utils/20070216/stax-utils-20070216.jar:/home/alex/Repositories/nifi/nifi-nar-bundles/nifi-standard-services/nifi-lookup-services-bundle/nifi-lookup-services/target/classes:/home/alex/.m2/repository/commons-beanutils/commons-beanutils/1.9.4/commons-beanutils-1.9.4.jar:/home/alex/.m2/repository/commons-collections/commons-collections/3.2.2/commons-collections-3.2.2.jar:/home/alex/.m2/repository/com/maxmind/geoip2/geoip2/2.12.0/geoip2-2.12.0.jar:/home/alex/.m2/repository/com/maxmind/db/maxmind-db/1.2.2/maxmind-db-1.2.2.jar:/home/alex/.m2/repository/org/apache/derby/derby/10.14.2.0/derby-10.14.2.0.jar:/home/alex/.m2/repository/org/xerial/snappy/snappy-java/1.1.7.3/snappy-java-1.1.7.3.jar:/home/alex/.m2/repository/net/lingala/zip4j/zip4j/2.8.0/zip4j-2.8.0.jar:/home/alex/.m2/repository/com/h2database/h2/1.4.187/h2-1.4.187.jar:/home/alex/.m2/repository/org/mockftpserver/MockFtpServer/2.7.1/MockFtpServer-2.7.1.jar:/home/alex/.m2/repository/org/apache/sshd/sshd-core/1.7.0/sshd-core-1.7.0.jar:/home/alex/.m2/repository/com/bazaarvoice/jolt/jolt-core/0.1.1/jolt-core-0.1.1.jar:/home/alex/.m2/repository/javax/inject/javax.inject/1/javax.inject-1.jar:/home/alex/.m2/repository/com/bazaarvoice/jolt/json-utils/0.1.1/json-utils-0.1.1.jar:/home/alex/Repositories/nifi/nifi-nar-bundles/nifi-standard-bundle/nifi-standard-utils/target/classes:/home/alex/.m2/repository/net/sf/supercsv/super-csv/2.4.0/super-csv-2.4.0.jar:/home/alex/.m2/repository/com/fluenda/parcefone/2.1.0/parcefone-2.1.0.jar:/home/alex/.m2/repository/javax/validation/validation-api/1.1.0.Final/validation-api-1.1.0.Final.jar:/home/alex/.m2/repository/javax/el/javax.el-api/3.0.0/javax.el-api-3.0.0.jar:/home/alex/.m2/repository/com/github/wnameless/json/json-flattener/0.12.0/json-flattener-0.12.0.jar:/home/alex/.m2/repository/com/github/wnameless/json/json-base/2.0.0/json-base-2.0.0.jar:/home/alex/.m2/repository/org/apache/bval/bval-jsr/1.1.2/bval-jsr-1.1.2.jar:/home/alex/.m2/repository/org/apache/bval/bval-core/1.1.2/bval-core-1.1.2.jar:/home/alex/.m2/repository/io/krakens/java-grok/0.1.9/java-grok-0.1.9.jar:/home/alex/.m2/repository/org/apache/calcite/calcite-core/1.27.0/calcite-core-1.27.0.jar:/home/alex/.m2/repository/org/apache/calcite/calcite-linq4j/1.27.0/calcite-linq4j-1.27.0.jar:/home/alex/.m2/repository/com/esri/geometry/esri-geometry-api/2.2.0/esri-geometry-api-2.2.0.jar:/home/alex/.m2/repository/org/apache/calcite/avatica/avatica-core/1.18.0/avatica-core-1.18.0.jar:/home/alex/.m2/repository/org/apache/calcite/avatica/avatica-metrics/1.18.0/avatica-metrics-1.18.0.jar:/home/alex/.m2/repository/com/google/protobuf/protobuf-java/3.6.1/protobuf-java-3.6.1.jar:/home/alex/.m2/repository/org/apiguardian/apiguardian-api/1.1.0/apiguardian-api-1.1.0.jar:/home/alex/.m2/repository/com/fasterxml/jackson/dataformat/jackson-dataformat-yaml/2.10.0/jackson-dataformat-yaml-2.10.0.jar:/home/alex/.m2/repository/org/yaml/snakeyaml/1.29/snakeyaml-1.29.jar:/home/alex/.m2/repository/com/google/uzaygezen/uzaygezen-core/0.2/uzaygezen-core-0.2.jar:/home/alex/.m2/repository/com/yahoo/datasketches/sketches-core/0.9.0/sketches-core-0.9.0.jar:/home/alex/.m2/repository/com/yahoo/datasketches/memory/0.9.0/memory-0.9.0.jar:/home/alex/.m2/repository/net/hydromatic/aggdesigner-algorithm/6.0/aggdesigner-algorithm-6.0.jar:/home/alex/.m2/repository/commons-lang/commons-lang/2.4/commons-lang-2.4.jar:/home/alex/.m2/repository/org/apache/commons/commons-dbcp2/2.6.0/commons-dbcp2-2.6.0.jar:/home/alex/.m2/repository/org/apache/commons/commons-pool2/2.6.1/commons-pool2-2.6.1.jar:/home/alex/.m2/repository/org/codehaus/janino/commons-compiler/3.0.11/commons-compiler-3.0.11.jar:/home/alex/.m2/repository/org/codehaus/janino/janino/3.0.11/janino-3.0.11.jar:/home/alex/Repositories/nifi/nifi-nar-bundles/nifi-standard-services/nifi-schema-registry-service-api/target/classes:/home/alex/Repositories/nifi/nifi-nar-bundles/nifi-extension-utils/nifi-database-utils/target/classes:/home/alex/Repositories/nifi/nifi-nar-bundles/nifi-standard-bundle/nifi-standard-web-test-utils/target/classes:/home/alex/.m2/repository/com/github/stefanbirkner/fake-sftp-server-rule/2.0.1/fake-sftp-server-rule-2.0.1.jar:/home/alex/.m2/repository/com/github/marschall/memoryfilesystem/2.8.0/memoryfilesystem-2.8.0.jar:/home/alex/.m2/repository/junit/junit/4.13.2/junit-4.13.2.jar:/home/alex/.m2/repository/org/hamcrest/hamcrest-core/1.3/hamcrest-core-1.3.jar:/home/alex/Repositories/nifi/nifi-nar-bundles/nifi-extension-utils/nifi-database-test-utils/target/classes:/home/alex/.m2/repository/org/codehaus/groovy/groovy-json/2.5.14/groovy-json-2.5.14.jar:/home/alex/.m2/repository/org/codehaus/groovy/groovy/2.5.14/groovy-2.5.14.jar:/home/alex/.m2/repository/org/codehaus/groovy/groovy-servlet/2.5.14/groovy-servlet-2.5.14.jar:/home/alex/.m2/repository/org/codehaus/groovy/groovy-templates/2.5.14/groovy-templates-2.5.14.jar:/home/alex/.m2/repository/org/codehaus/groovy/groovy-xml/2.5.14/groovy-xml-2.5.14.jar:/home/alex/.m2/repository/org/hamcrest/hamcrest-all/1.3/hamcrest-all-1.3.jar:/home/alex/.m2/repository/com/squareup/okhttp3/mockwebserver/4.9.2/mockwebserver-4.9.2.jar:/home/alex/.m2/repository/org/jetbrains/kotlin/kotlin-stdlib-jdk8/1.4.10/kotlin-stdlib-jdk8-1.4.10.jar:/home/alex/.m2/repository/org/jetbrains/kotlin/kotlin-stdlib-jdk7/1.4.10/kotlin-stdlib-jdk7-1.4.10.jar:/home/alex/.m2/repository/org/mockito/mockito-inline/3.12.4/mockito-inline-3.12.4.jar:/home/alex/.m2/repository/org/junit/jupiter/junit-jupiter-api/5.7.2/junit-jupiter-api-5.7.2.jar:/home/alex/.m2/repository/org/opentest4j/opentest4j/1.2.0/opentest4j-1.2.0.jar:/home/alex/.m2/repository/org/junit/platform/junit-platform-commons/1.7.2/junit-platform-commons-1.7.2.jar:/home/alex/.m2/repository/org/junit/jupiter/junit-jupiter-engine/5.7.2/junit-jupiter-engine-5.7.2.jar:/home/alex/.m2/repository/org/junit/platform/junit-platform-engine/1.7.2/junit-platform-engine-1.7.2.jar:/home/alex/.m2/repository/org/junit/vintage/junit-vintage-engine/5.7.2/junit-vintage-engine-5.7.2.jar:/home/alex/.m2/repository/org/junit/jupiter/junit-jupiter-params/5.7.2/junit-jupiter-params-5.7.2.jar:/home/alex/.m2/repository/org/mockito/mockito-core/3.11.2/mockito-core-3.11.2.jar:/home/alex/.m2/repository/net/bytebuddy/byte-buddy/1.11.3/byte-buddy-1.11.3.jar:/home/alex/.m2/repository/net/bytebuddy/byte-buddy-agent/1.11.3/byte-buddy-agent-1.11.3.jar:/home/alex/.m2/repository/org/objenesis/objenesis/3.2/objenesis-3.2.jar:/home/alex/.m2/repository/org/mockito/mockito-junit-jupiter/3.11.2/mockito-junit-jupiter-3.11.2.jar:/home/alex/.m2/repository/org/slf4j/slf4j-simple/1.7.32/slf4j-simple-1.7.32.jar:/home/alex/.m2/repository/org/codehaus/groovy/groovy-test/2.5.14/groovy-test-2.5.14.jar:"/>
    <property name="org.slf4j.simpleLogger.log.nifi.processors.standard.TestExecuteSQLRecord" value="debug"/>
    <property name="java.vm.vendor" value="Private Build"/>
    <property name="sun.arch.data.model" value="64"/>
    <property name="java.vendor.url" value="http://java.oracle.com/"/>
    <property name="user.timezone" value="Europe/Lisbon"/>
    <property name="java.vm.specification.version" value="1.8"/>
    <property name="os.name" value="Linux"/>
    <property name="user.country" value="US"/>
    <property name="sun.java.launcher" value="SUN_STANDARD"/>
    <property name="sun.boot.library.path" value="/usr/lib/jvm/java-8-openjdk-amd64/jre/lib/amd64"/>
    <property name="sun.java.command" value="/home/alex/Repositories/nifi/nifi-nar-bundles/nifi-standard-bundle/nifi-standard-processors/target/surefire/surefirebooter1968848106063708435.jar /home/alex/Repositories/nifi/nifi-nar-bundles/nifi-standard-bundle/nifi-standard-processors/target/surefire 2024-05-02T03-47-00_422-jvmRun1 surefire4606620135220886943tmp surefire_695667074623402873479tmp"/>
    <property name="org.slf4j.simpleLogger.log.nifi.io.nio" value="debug"/>
    <property name="surefire.test.class.path" value="/home/alex/Repositories/nifi/nifi-nar-bundles/nifi-standard-bundle/nifi-standard-processors/target/test-classes:/home/alex/Repositories/nifi/nifi-nar-bundles/nifi-standard-bundle/nifi-standard-processors/target/classes:/home/alex/.m2/repository/org/apache/ftpserver/ftpserver-core/1.1.1/ftpserver-core-1.1.1.jar:/home/alex/.m2/repository/org/apache/ftpserver/ftplet-api/1.1.1/ftplet-api-1.1.1.jar:/home/alex/.m2/repository/org/slf4j/slf4j-api/1.7.32/slf4j-api-1.7.32.jar:/home/alex/.m2/repository/org/apache/mina/mina-core/2.0.16/mina-core-2.0.16.jar:/home/alex/Repositories/nifi/nifi-api/target/classes:/home/alex/Repositories/nifi/nifi-commons/nifi-expression-language/target/classes:/home/alex/.m2/repository/org/antlr/antlr-runtime/3.5.2/antlr-runtime-3.5.2.jar:/home/alex/Repositories/nifi/nifi-commons/nifi-parameter/target/classes:/home/alex/Repositories/nifi/nifi-commons/nifi-uuid5/target/classes:/home/alex/.m2/repository/org/apache/commons/commons-text/1.8/commons-text-1.8.jar:/home/alex/Repositories/nifi/nifi-nar-bundles/nifi-extension-utils/nifi-processor-utils/target/classes:/home/alex/Repositories/nifi/nifi-commons/nifi-security-socket-ssl/target/classes:/home/alex/Repositories/nifi/nifi-nar-bundles/nifi-extension-utils/nifi-event-transport/target/classes:/home/alex/.m2/repository/io/netty/netty-handler/4.1.69.Final/netty-handler-4.1.69.Final.jar:/home/alex/.m2/repository/io/netty/netty-common/4.1.69.Final/netty-common-4.1.69.Final.jar:/home/alex/.m2/repository/io/netty/netty-resolver/4.1.69.Final/netty-resolver-4.1.69.Final.jar:/home/alex/.m2/repository/io/netty/netty-transport/4.1.69.Final/netty-transport-4.1.69.Final.jar:/home/alex/.m2/repository/io/netty/netty-codec/4.1.69.Final/netty-codec-4.1.69.Final.jar:/home/alex/Repositories/nifi/nifi-nar-bundles/nifi-extension-utils/nifi-syslog-utils/target/classes:/home/alex/.m2/repository/com/github/palindromicity/simple-syslog-5424/0.0.16/simple-syslog-5424-0.0.16.jar:/home/alex/.m2/repository/org/antlr/antlr4-runtime/4.7.2/antlr4-runtime-4.7.2.jar:/home/alex/Repositories/nifi/nifi-commons/nifi-utils/target/classes:/home/alex/Repositories/nifi/nifi-commons/nifi-record-path/target/classes:/home/alex/Repositories/nifi/nifi-commons/nifi-properties/target/classes:/home/alex/Repositories/nifi/nifi-commons/nifi-property-utils/target/classes:/home/alex/.m2/repository/com/github/ben-manes/caffeine/caffeine/2.8.1/caffeine-2.8.1.jar:/home/alex/Repositories/nifi/nifi-nar-bundles/nifi-standard-services/nifi-ssl-context-service-api/target/classes:/home/alex/Repositories/nifi/nifi-commons/nifi-security-utils-api/target/classes:/home/alex/Repositories/nifi/nifi-nar-bundles/nifi-standard-services/nifi-lookup-service-api/target/classes:/home/alex/Repositories/nifi/nifi-commons/nifi-flowfile-packager/target/classes:/home/alex/Repositories/nifi/nifi-nar-bundles/nifi-standard-services/nifi-distributed-cache-client-service-api/target/classes:/home/alex/Repositories/nifi/nifi-nar-bundles/nifi-standard-services/nifi-http-context-map-api/target/classes:/home/alex/Repositories/nifi/nifi-nar-bundles/nifi-standard-services/nifi-record-serialization-service-api/target/classes:/home/alex/Repositories/nifi/nifi-nar-bundles/nifi-standard-services/nifi-proxy-configuration-api/target/classes:/home/alex/Repositories/nifi/nifi-commons/nifi-record/target/classes:/home/alex/Repositories/nifi/nifi-nar-bundles/nifi-standard-services/nifi-record-sink-api/target/classes:/home/alex/.m2/repository/commons-io/commons-io/2.10.0/commons-io-2.10.0.jar:/home/alex/.m2/repository/javax/ws/rs/javax.ws.rs-api/2.1/javax.ws.rs-api-2.1.jar:/home/alex/.m2/repository/commons-net/commons-net/3.6/commons-net-3.6.jar:/home/alex/.m2/repository/org/apache/commons/commons-compress/1.21/commons-compress-1.21.jar:/home/alex/.m2/repository/org/apache/commons/commons-lang3/3.9/commons-lang3-3.9.jar:/home/alex/.m2/repository/org/bouncycastle/bcprov-jdk15on/1.69/bcprov-jdk15on-1.69.jar:/home/alex/.m2/repository/org/bouncycastle/bcpg-jdk15on/1.69/bcpg-jdk15on-1.69.jar:/home/alex/.m2/repository/org/bouncycastle/bcpkix-jdk15on/1.69/bcpkix-jdk15on-1.69.jar:/home/alex/.m2/repository/org/bouncycastle/bcutil-jdk15on/1.69/bcutil-jdk15on-1.69.jar:/home/alex/.m2/repository/commons-codec/commons-codec/1.14/commons-codec-1.14.jar:/home/alex/Repositories/nifi/nifi-commons/nifi-security-utils/target/classes:/home/alex/Repositories/nifi/nifi-commons/nifi-security-kms/target/classes:/home/alex/.m2/repository/org/apache/commons/commons-configuration2/2.7/commons-configuration2-2.7.jar:/home/alex/.m2/repository/com/hierynomus/sshj/0.32.0/sshj-0.32.0.jar:/home/alex/.m2/repository/com/jcraft/jzlib/1.1.3/jzlib-1.1.3.jar:/home/alex/.m2/repository/com/hierynomus/asn-one/0.6.0/asn-one-0.6.0.jar:/home/alex/.m2/repository/net/i2p/crypto/eddsa/0.3.0/eddsa-0.3.0.jar:/home/alex/.m2/repository/org/eclipse/jetty/jetty-server/9.4.44.v20210927/jetty-server-9.4.44.v20210927.jar:/home/alex/.m2/repository/javax/servlet/javax.servlet-api/3.1.0/javax.servlet-api-3.1.0.jar:/home/alex/.m2/repository/org/eclipse/jetty/jetty-http/9.4.44.v20210927/jetty-http-9.4.44.v20210927.jar:/home/alex/.m2/repository/org/eclipse/jetty/jetty-util/9.4.44.v20210927/jetty-util-9.4.44.v20210927.jar:/home/alex/.m2/repository/org/eclipse/jetty/jetty-io/9.4.44.v20210927/jetty-io-9.4.44.v20210927.jar:/home/alex/.m2/repository/org/eclipse/jetty/jetty-servlet/9.4.44.v20210927/jetty-servlet-9.4.44.v20210927.jar:/home/alex/.m2/repository/org/eclipse/jetty/jetty-security/9.4.44.v20210927/jetty-security-9.4.44.v20210927.jar:/home/alex/.m2/repository/org/eclipse/jetty/jetty-util-ajax/9.4.44.v20210927/jetty-util-ajax-9.4.44.v20210927.jar:/home/alex/.m2/repository/org/apache/httpcomponents/httpclient/4.5.5/httpclient-4.5.5.jar:/home/alex/.m2/repository/commons-logging/commons-logging/1.2/commons-logging-1.2.jar:/home/alex/.m2/repository/org/apache/httpcomponents/httpcore/4.4.9/httpcore-4.4.9.jar:/home/alex/.m2/repository/jakarta/activation/jakarta.activation-api/2.0.1/jakarta.activation-api-2.0.1.jar:/home/alex/.m2/repository/com/sun/activation/jakarta.activation/2.0.1/jakarta.activation-2.0.1.jar:/home/alex/.m2/repository/jakarta/mail/jakarta.mail-api/2.0.1/jakarta.mail-api-2.0.1.jar:/home/alex/.m2/repository/com/sun/mail/jakarta.mail/2.0.1/jakarta.mail-2.0.1.jar:/home/alex/.m2/repository/com/github/jponge/lzma-java/1.3/lzma-java-1.3.jar:/home/alex/.m2/repository/org/tukaani/xz/1.8/xz-1.8.jar:/home/alex/.m2/repository/net/sf/saxon/Saxon-HE/10.6/Saxon-HE-10.6.jar:/home/alex/Repositories/nifi/nifi-commons/nifi-socket-utils/target/classes:/home/alex/Repositories/nifi/nifi-commons/nifi-logging-utils/target/classes:/home/alex/Repositories/nifi/nifi-nar-bundles/nifi-standard-services/nifi-load-distribution-service-api/target/classes:/home/alex/.m2/repository/javax/jms/javax.jms-api/2.0.1/javax.jms-api-2.0.1.jar:/home/alex/.m2/repository/org/apache/activemq/activemq-client/5.15.15/activemq-client-5.15.15.jar:/home/alex/.m2/repository/org/apache/geronimo/specs/geronimo-jms_1.1_spec/1.1.1/geronimo-jms_1.1_spec-1.1.1.jar:/home/alex/.m2/repository/org/fusesource/hawtbuf/hawtbuf/1.11/hawtbuf-1.11.jar:/home/alex/.m2/repository/org/apache/geronimo/specs/geronimo-j2ee-management_1.1_spec/1.0.1/geronimo-j2ee-management_1.1_spec-1.0.1.jar:/home/alex/.m2/repository/com/jayway/jsonpath/json-path/2.6.0/json-path-2.6.0.jar:/home/alex/.m2/repository/net/minidev/json-smart/2.4.7/json-smart-2.4.7.jar:/home/alex/.m2/repository/net/minidev/accessors-smart/2.4.7/accessors-smart-2.4.7.jar:/home/alex/.m2/repository/org/ow2/asm/asm/9.1/asm-9.1.jar:/home/alex/.m2/repository/org/apache/tika/tika-core/1.26/tika-core-1.26.jar:/home/alex/.m2/repository/com/fasterxml/jackson/core/jackson-databind/2.12.3/jackson-databind-2.12.3.jar:/home/alex/.m2/repository/com/fasterxml/jackson/core/jackson-annotations/2.12.3/jackson-annotations-2.12.3.jar:/home/alex/.m2/repository/com/fasterxml/jackson/core/jackson-core/2.12.3/jackson-core-2.12.3.jar:/home/alex/Repositories/nifi/nifi-nar-bundles/nifi-extension-utils/nifi-record-utils/nifi-avro-record-utils/target/classes:/home/alex/Repositories/nifi/nifi-nar-bundles/nifi-extension-utils/nifi-record-utils/nifi-standard-record-utils/target/classes:/home/alex/.m2/repository/org/apache/avro/avro/1.8.1/avro-1.8.1.jar:/home/alex/.m2/repository/org/codehaus/jackson/jackson-core-asl/1.9.13/jackson-core-asl-1.9.13.jar:/home/alex/.m2/repository/org/codehaus/jackson/jackson-mapper-asl/1.9.13/jackson-mapper-asl-1.9.13.jar:/home/alex/.m2/repository/com/thoughtworks/paranamer/paranamer/2.7/paranamer-2.7.jar:/home/alex/Repositories/nifi/nifi-nar-bundles/nifi-standard-services/nifi-dbcp-service-api/target/classes:/home/alex/.m2/repository/com/squareup/okhttp3/okhttp/4.9.2/okhttp-4.9.2.jar:/home/alex/.m2/repository/com/squareup/okio/okio/2.8.0/okio-2.8.0.jar:/home/alex/.m2/repository/org/jetbrains/kotlin/kotlin-stdlib-common/1.4.0/kotlin-stdlib-common-1.4.0.jar:/home/alex/.m2/repository/org/jetbrains/kotlin/kotlin-stdlib/1.4.10/kotlin-stdlib-1.4.10.jar:/home/alex/.m2/repository/org/jetbrains/annotations/13.0/annotations-13.0.jar:/home/alex/.m2/repository/io/github/rburgst/okhttp-digest/2.5/okhttp-digest-2.5.jar:/home/alex/.m2/repository/at/favre/lib/bcrypt/0.9.0/bcrypt-0.9.0.jar:/home/alex/.m2/repository/at/favre/lib/bytes/1.3.0/bytes-1.3.0.jar:/home/alex/.m2/repository/com/google/guava/guava/28.0-jre/guava-28.0-jre.jar:/home/alex/.m2/repository/com/google/guava/failureaccess/1.0.1/failureaccess-1.0.1.jar:/home/alex/.m2/repository/com/google/guava/listenablefuture/9999.0-empty-to-avoid-conflict-with-guava/listenablefuture-9999.0-empty-to-avoid-conflict-with-guava.jar:/home/alex/.m2/repository/com/google/code/findbugs/jsr305/3.0.2/jsr305-3.0.2.jar:/home/alex/.m2/repository/org/checkerframework/checker-qual/2.8.1/checker-qual-2.8.1.jar:/home/alex/.m2/repository/com/google/errorprone/error_prone_annotations/2.3.2/error_prone_annotations-2.3.2.jar:/home/alex/.m2/repository/com/google/j2objc/j2objc-annotations/1.3/j2objc-annotations-1.3.jar:/home/alex/.m2/repository/org/codehaus/mojo/animal-sniffer-annotations/1.17/animal-sniffer-annotations-1.17.jar:/home/alex/Repositories/nifi/nifi-mock/target/classes:/home/alex/Repositories/nifi/nifi-framework-api/target/classes:/home/alex/Repositories/nifi/nifi-nar-bundles/nifi-framework-bundle/nifi-framework/nifi-framework-core-api/target/classes:/home/alex/Repositories/nifi/nifi-nar-bundles/nifi-framework-bundle/nifi-framework/nifi-framework-nar-utils/target/classes:/home/alex/Repositories/nifi/nifi-nar-bundles/nifi-framework-bundle/nifi-framework/nifi-client-dto/target/classes:/home/alex/.m2/repository/io/swagger/swagger-annotations/1.6.0/swagger-annotations-1.6.0.jar:/home/alex/Repositories/nifi/nifi-commons/nifi-site-to-site-client/target/classes:/home/alex/.m2/repository/org/apache/httpcomponents/httpasyncclient/4.1.4/httpasyncclient-4.1.4.jar:/home/alex/.m2/repository/org/apache/httpcomponents/httpcore-nio/4.4.10/httpcore-nio-4.4.10.jar:/home/alex/Repositories/nifi/nifi-nar-bundles/nifi-framework-bundle/nifi-framework/nifi-framework-authorization/target/classes:/home/alex/Repositories/nifi/nifi-registry/nifi-registry-core/nifi-registry-data-model/target/classes:/home/alex/Repositories/nifi/nifi-registry/nifi-registry-core/nifi-registry-revision/nifi-registry-revision-entity-model/target/classes:/home/alex/Repositories/nifi/nifi-registry/nifi-registry-core/nifi-registry-client/target/classes:/home/alex/Repositories/nifi/nifi-registry/nifi-registry-core/nifi-registry-security-utils/target/classes:/home/alex/.m2/repository/org/glassfish/jersey/core/jersey-client/2.33/jersey-client-2.33.jar:/home/alex/.m2/repository/jakarta/ws/rs/jakarta.ws.rs-api/2.1.6/jakarta.ws.rs-api-2.1.6.jar:/home/alex/.m2/repository/org/glassfish/hk2/external/jakarta.inject/2.6.1/jakarta.inject-2.6.1.jar:/home/alex/.m2/repository/org/glassfish/jersey/media/jersey-media-json-jackson/2.33/jersey-media-json-jackson-2.33.jar:/home/alex/.m2/repository/org/glassfish/jersey/ext/jersey-entity-filtering/2.33/jersey-entity-filtering-2.33.jar:/home/alex/.m2/repository/org/glassfish/jersey/inject/jersey-hk2/2.33/jersey-hk2-2.33.jar:/home/alex/.m2/repository/org/glassfish/hk2/hk2-locator/2.6.1/hk2-locator-2.6.1.jar:/home/alex/.m2/repository/org/glassfish/hk2/external/aopalliance-repackaged/2.6.1/aopalliance-repackaged-2.6.1.jar:/home/alex/.m2/repository/org/glassfish/hk2/hk2-api/2.6.1/hk2-api-2.6.1.jar:/home/alex/.m2/repository/org/glassfish/hk2/hk2-utils/2.6.1/hk2-utils-2.6.1.jar:/home/alex/.m2/repository/org/javassist/javassist/3.25.0-GA/javassist-3.25.0-GA.jar:/home/alex/.m2/repository/org/glassfish/jersey/core/jersey-common/2.33/jersey-common-2.33.jar:/home/alex/.m2/repository/jakarta/annotation/jakarta.annotation-api/1.3.5/jakarta.annotation-api-1.3.5.jar:/home/alex/.m2/repository/org/glassfish/hk2/osgi-resource-locator/1.0.3/osgi-resource-locator-1.0.3.jar:/home/alex/.m2/repository/org/glassfish/jersey/media/jersey-media-multipart/2.33/jersey-media-multipart-2.33.jar:/home/alex/.m2/repository/org/jvnet/mimepull/mimepull/1.9.13/mimepull-1.9.13.jar:/home/alex/Repositories/nifi/nifi-commons/nifi-data-provenance-utils/target/classes:/home/alex/Repositories/nifi/nifi-nar-bundles/nifi-standard-services/nifi-distributed-cache-services-bundle/nifi-distributed-cache-client-service/target/classes:/home/alex/Repositories/nifi/nifi-nar-bundles/nifi-standard-services/nifi-distributed-cache-services-bundle/nifi-distributed-cache-protocol/target/classes:/home/alex/.m2/repository/io/netty/netty-buffer/4.1.69.Final/netty-buffer-4.1.69.Final.jar:/home/alex/.m2/repository/com/google/http-client/google-http-client/1.28.0/google-http-client-1.28.0.jar:/home/alex/.m2/repository/io/opencensus/opencensus-api/0.18.0/opencensus-api-0.18.0.jar:/home/alex/.m2/repository/io/grpc/grpc-context/1.14.0/grpc-context-1.14.0.jar:/home/alex/.m2/repository/io/opencensus/opencensus-contrib-http-util/0.18.0/opencensus-contrib-http-util-0.18.0.jar:/home/alex/.m2/repository/org/apache/activemq/activemq-broker/5.15.14/activemq-broker-5.15.14.jar:/home/alex/.m2/repository/org/apache/activemq/activemq-openwire-legacy/5.15.14/activemq-openwire-legacy-5.15.14.jar:/home/alex/Repositories/nifi/nifi-nar-bundles/nifi-standard-services/nifi-ssl-context-bundle/nifi-ssl-context-service/target/classes:/home/alex/Repositories/nifi/nifi-nar-bundles/nifi-framework-bundle/nifi-framework/nifi-standard-prioritizers/target/classes:/home/alex/Repositories/nifi/nifi-nar-bundles/nifi-extension-utils/nifi-record-utils/nifi-mock-record-utils/target/classes:/home/alex/Repositories/nifi/nifi-nar-bundles/nifi-standard-services/nifi-record-serialization-services-bundle/nifi-record-serialization-services/target/classes:/home/alex/.m2/repository/org/apache/commons/commons-csv/1.8/commons-csv-1.8.jar:/home/alex/.m2/repository/com/fasterxml/jackson/dataformat/jackson-dataformat-csv/2.12.3/jackson-dataformat-csv-2.12.3.jar:/home/alex/.m2/repository/net/java/dev/stax-utils/stax-utils/20070216/stax-utils-20070216.jar:/home/alex/Repositories/nifi/nifi-nar-bundles/nifi-standard-services/nifi-lookup-services-bundle/nifi-lookup-services/target/classes:/home/alex/.m2/repository/commons-beanutils/commons-beanutils/1.9.4/commons-beanutils-1.9.4.jar:/home/alex/.m2/repository/commons-collections/commons-collections/3.2.2/commons-collections-3.2.2.jar:/home/alex/.m2/repository/com/maxmind/geoip2/geoip2/2.12.0/geoip2-2.12.0.jar:/home/alex/.m2/repository/com/maxmind/db/maxmind-db/1.2.2/maxmind-db-1.2.2.jar:/home/alex/.m2/repository/org/apache/derby/derby/10.14.2.0/derby-10.14.2.0.jar:/home/alex/.m2/repository/org/xerial/snappy/snappy-java/1.1.7.3/snappy-java-1.1.7.3.jar:/home/alex/.m2/repository/net/lingala/zip4j/zip4j/2.8.0/zip4j-2.8.0.jar:/home/alex/.m2/repository/com/h2database/h2/1.4.187/h2-1.4.187.jar:/home/alex/.m2/repository/org/mockftpserver/MockFtpServer/2.7.1/MockFtpServer-2.7.1.jar:/home/alex/.m2/repository/org/apache/sshd/sshd-core/1.7.0/sshd-core-1.7.0.jar:/home/alex/.m2/repository/com/bazaarvoice/jolt/jolt-core/0.1.1/jolt-core-0.1.1.jar:/home/alex/.m2/repository/javax/inject/javax.inject/1/javax.inject-1.jar:/home/alex/.m2/repository/com/bazaarvoice/jolt/json-utils/0.1.1/json-utils-0.1.1.jar:/home/alex/Repositories/nifi/nifi-nar-bundles/nifi-standard-bundle/nifi-standard-utils/target/classes:/home/alex/.m2/repository/net/sf/supercsv/super-csv/2.4.0/super-csv-2.4.0.jar:/home/alex/.m2/repository/com/fluenda/parcefone/2.1.0/parcefone-2.1.0.jar:/home/alex/.m2/repository/javax/validation/validation-api/1.1.0.Final/validation-api-1.1.0.Final.jar:/home/alex/.m2/repository/javax/el/javax.el-api/3.0.0/javax.el-api-3.0.0.jar:/home/alex/.m2/repository/com/github/wnameless/json/json-flattener/0.12.0/json-flattener-0.12.0.jar:/home/alex/.m2/repository/com/github/wnameless/json/json-base/2.0.0/json-base-2.0.0.jar:/home/alex/.m2/repository/org/apache/bval/bval-jsr/1.1.2/bval-jsr-1.1.2.jar:/home/alex/.m2/repository/org/apache/bval/bval-core/1.1.2/bval-core-1.1.2.jar:/home/alex/.m2/repository/io/krakens/java-grok/0.1.9/java-grok-0.1.9.jar:/home/alex/.m2/repository/org/apache/calcite/calcite-core/1.27.0/calcite-core-1.27.0.jar:/home/alex/.m2/repository/org/apache/calcite/calcite-linq4j/1.27.0/calcite-linq4j-1.27.0.jar:/home/alex/.m2/repository/com/esri/geometry/esri-geometry-api/2.2.0/esri-geometry-api-2.2.0.jar:/home/alex/.m2/repository/org/apache/calcite/avatica/avatica-core/1.18.0/avatica-core-1.18.0.jar:/home/alex/.m2/repository/org/apache/calcite/avatica/avatica-metrics/1.18.0/avatica-metrics-1.18.0.jar:/home/alex/.m2/repository/com/google/protobuf/protobuf-java/3.6.1/protobuf-java-3.6.1.jar:/home/alex/.m2/repository/org/apiguardian/apiguardian-api/1.1.0/apiguardian-api-1.1.0.jar:/home/alex/.m2/repository/com/fasterxml/jackson/dataformat/jackson-dataformat-yaml/2.10.0/jackson-dataformat-yaml-2.10.0.jar:/home/alex/.m2/repository/org/yaml/snakeyaml/1.29/snakeyaml-1.29.jar:/home/alex/.m2/repository/com/google/uzaygezen/uzaygezen-core/0.2/uzaygezen-core-0.2.jar:/home/alex/.m2/repository/com/yahoo/datasketches/sketches-core/0.9.0/sketches-core-0.9.0.jar:/home/alex/.m2/repository/com/yahoo/datasketches/memory/0.9.0/memory-0.9.0.jar:/home/alex/.m2/repository/net/hydromatic/aggdesigner-algorithm/6.0/aggdesigner-algorithm-6.0.jar:/home/alex/.m2/repository/commons-lang/commons-lang/2.4/commons-lang-2.4.jar:/home/alex/.m2/repository/org/apache/commons/commons-dbcp2/2.6.0/commons-dbcp2-2.6.0.jar:/home/alex/.m2/repository/org/apache/commons/commons-pool2/2.6.1/commons-pool2-2.6.1.jar:/home/alex/.m2/repository/org/codehaus/janino/commons-compiler/3.0.11/commons-compiler-3.0.11.jar:/home/alex/.m2/repository/org/codehaus/janino/janino/3.0.11/janino-3.0.11.jar:/home/alex/Repositories/nifi/nifi-nar-bundles/nifi-standard-services/nifi-schema-registry-service-api/target/classes:/home/alex/Repositories/nifi/nifi-nar-bundles/nifi-extension-utils/nifi-database-utils/target/classes:/home/alex/Repositories/nifi/nifi-nar-bundles/nifi-standard-bundle/nifi-standard-web-test-utils/target/classes:/home/alex/.m2/repository/com/github/stefanbirkner/fake-sftp-server-rule/2.0.1/fake-sftp-server-rule-2.0.1.jar:/home/alex/.m2/repository/com/github/marschall/memoryfilesystem/2.8.0/memoryfilesystem-2.8.0.jar:/home/alex/.m2/repository/junit/junit/4.13.2/junit-4.13.2.jar:/home/alex/.m2/repository/org/hamcrest/hamcrest-core/1.3/hamcrest-core-1.3.jar:/home/alex/Repositories/nifi/nifi-nar-bundles/nifi-extension-utils/nifi-database-test-utils/target/classes:/home/alex/.m2/repository/org/codehaus/groovy/groovy-json/2.5.14/groovy-json-2.5.14.jar:/home/alex/.m2/repository/org/codehaus/groovy/groovy/2.5.14/groovy-2.5.14.jar:/home/alex/.m2/repository/org/codehaus/groovy/groovy-servlet/2.5.14/groovy-servlet-2.5.14.jar:/home/alex/.m2/repository/org/codehaus/groovy/groovy-templates/2.5.14/groovy-templates-2.5.14.jar:/home/alex/.m2/repository/org/codehaus/groovy/groovy-xml/2.5.14/groovy-xml-2.5.14.jar:/home/alex/.m2/repository/org/hamcrest/hamcrest-all/1.3/hamcrest-all-1.3.jar:/home/alex/.m2/repository/com/squareup/okhttp3/mockwebserver/4.9.2/mockwebserver-4.9.2.jar:/home/alex/.m2/repository/org/jetbrains/kotlin/kotlin-stdlib-jdk8/1.4.10/kotlin-stdlib-jdk8-1.4.10.jar:/home/alex/.m2/repository/org/jetbrains/kotlin/kotlin-stdlib-jdk7/1.4.10/kotlin-stdlib-jdk7-1.4.10.jar:/home/alex/.m2/repository/org/mockito/mockito-inline/3.12.4/mockito-inline-3.12.4.jar:/home/alex/.m2/repository/org/junit/jupiter/junit-jupiter-api/5.7.2/junit-jupiter-api-5.7.2.jar:/home/alex/.m2/repository/org/opentest4j/opentest4j/1.2.0/opentest4j-1.2.0.jar:/home/alex/.m2/repository/org/junit/platform/junit-platform-commons/1.7.2/junit-platform-commons-1.7.2.jar:/home/alex/.m2/repository/org/junit/jupiter/junit-jupiter-engine/5.7.2/junit-jupiter-engine-5.7.2.jar:/home/alex/.m2/repository/org/junit/platform/junit-platform-engine/1.7.2/junit-platform-engine-1.7.2.jar:/home/alex/.m2/repository/org/junit/vintage/junit-vintage-engine/5.7.2/junit-vintage-engine-5.7.2.jar:/home/alex/.m2/repository/org/junit/jupiter/junit-jupiter-params/5.7.2/junit-jupiter-params-5.7.2.jar:/home/alex/.m2/repository/org/mockito/mockito-core/3.11.2/mockito-core-3.11.2.jar:/home/alex/.m2/repository/net/bytebuddy/byte-buddy/1.11.3/byte-buddy-1.11.3.jar:/home/alex/.m2/repository/net/bytebuddy/byte-buddy-agent/1.11.3/byte-buddy-agent-1.11.3.jar:/home/alex/.m2/repository/org/objenesis/objenesis/3.2/objenesis-3.2.jar:/home/alex/.m2/repository/org/mockito/mockito-junit-jupiter/3.11.2/mockito-junit-jupiter-3.11.2.jar:/home/alex/.m2/repository/org/slf4j/slf4j-simple/1.7.32/slf4j-simple-1.7.32.jar:/home/alex/.m2/repository/org/codehaus/groovy/groovy-test/2.5.14/groovy-test-2.5.14.jar:"/>
    <property name="sun.cpu.endian" value="little"/>
    <property name="user.home" value="/home/alex"/>
    <property name="user.language" value="en"/>
    <property name="java.specification.vendor" value="Oracle Corporation"/>
    <property name="java.home" value="/usr/lib/jvm/java-8-openjdk-amd64/jre"/>
    <property name="org.slf4j.simpleLogger.log.nifi.processors.standard.ExecuteStreamCommand" value="debug"/>
    <property name="basedir" value="/home/alex/Repositories/nifi/nifi-nar-bundles/nifi-standard-bundle/nifi-standard-processors"/>
    <property name="file.separator" value="/"/>
    <property name="line.separator" value="&#10;"/>
    <property name="java.vm.specification.vendor" value="Oracle Corporation"/>
    <property name="java.specification.name" value="Java Platform API Specification"/>
    <property name="derby.stream.error.file" value="target/derby.log"/>
    <property name="org.slf4j.simpleLogger.log.org.apache.nifi" value="TRACE"/>
    <property name="javax.xml.xpath.XPathFactory:http://saxon.sf.net/jaxp/xpath/om" value="net.sf.saxon.xpath.XPathFactoryImpl"/>
    <property name="java.awt.graphicsenv" value="sun.awt.X11GraphicsEnvironment"/>
    <property name="org.slf4j.simpleLogger.log.org.apache.nifi.processors.standard.SQLTransform" value="debug"/>
    <property name="java.awt.headless" value="true"/>
    <property name="org.slf4j.simpleLogger.log.nifi.processors.standard.ExecuteSQLRecord" value="debug"/>
    <property name="org.slf4j.simpleLogger.showDateTime" value="true"/>
    <property name="surefire.real.class.path" value="/home/alex/Repositories/nifi/nifi-nar-bundles/nifi-standard-bundle/nifi-standard-processors/target/surefire/surefirebooter1968848106063708435.jar"/>
    <property name="sun.boot.class.path" value="/usr/lib/jvm/java-8-openjdk-amd64/jre/lib/resources.jar:/usr/lib/jvm/java-8-openjdk-amd64/jre/lib/rt.jar:/usr/lib/jvm/java-8-openjdk-amd64/jre/lib/sunrsasign.jar:/usr/lib/jvm/java-8-openjdk-amd64/jre/lib/jsse.jar:/usr/lib/jvm/java-8-openjdk-amd64/jre/lib/jce.jar:/usr/lib/jvm/java-8-openjdk-amd64/jre/lib/charsets.jar:/usr/lib/jvm/java-8-openjdk-amd64/jre/lib/jfr.jar:/usr/lib/jvm/java-8-openjdk-amd64/jre/classes"/>
    <property name="org.slf4j.simpleLogger.log.nifi.processors.standard.TestExecuteStreamCommand" value="debug"/>
    <property name="sun.management.compiler" value="HotSpot 64-Bit Tiered Compilers"/>
    <property name="org.slf4j.simpleLogger.log.nifi.processors.standard.TestExecuteSQL" value="debug"/>
    <property name="java.runtime.version" value="1.8.0_402-8u402-ga-2ubuntu1~22.04-b06"/>
    <property name="java.net.preferIPv4Stack" value="true"/>
    <property name="user.name" value="alex"/>
    <property name="path.separator" value=":"/>
    <property name="os.version" value="6.5.0-28-generic"/>
    <property name="java.endorsed.dirs" value="/usr/lib/jvm/java-8-openjdk-amd64/jre/lib/endorsed"/>
    <property name="java.runtime.name" value="OpenJDK Runtime Environment"/>
    <property name="org.slf4j.simpleLogger.log.nifi.processors.standard.DistributeLoad" value="debug"/>
    <property name="file.encoding" value="UTF-8"/>
    <property name="org.slf4j.simpleLogger.log.org.apache.nifi.processors.standard" value="TRACE"/>
    <property name="org.slf4j.simpleLogger.log.nifi.processors.standard.ExecuteSQL" value="debug"/>
    <property name="sun.nio.ch.bugLevel" value=""/>
    <property name="java.vm.name" value="OpenJDK 64-Bit Server VM"/>
    <property name="localRepository" value="/home/alex/.m2/repository"/>
    <property name="java.vendor.url.bug" value="http://bugreport.sun.com/bugreport/"/>
    <property name="jetty.git.hash" value="8da83308eeca865e495e53ef315a249d63ba9332"/>
    <property name="java.io.tmpdir" value="/tmp"/>
    <property name="java.version" value="1.8.0_402"/>
    <property name="user.dir" value="/home/alex/Repositories/nifi/nifi-nar-bundles/nifi-standard-bundle/nifi-standard-processors"/>
    <property name="org.slf4j.simpleLogger.log.nifi.processors.standard.TestDetectDuplicate" value="debug"/>
    <property name="os.arch" value="amd64"/>
    <property name="java.vm.specification.name" value="Java Virtual Machine Specification"/>
    <property name="java.awt.printerjob" value="sun.print.PSPrinterJob"/>
    <property name="sun.os.patch.level" value="unknown"/>
    <property name="org.slf4j.simpleLogger.defaultLogLevel" value="info"/>
    <property name="java.library.path" value="/usr/java/packages/lib/amd64:/usr/lib/x86_64-linux-gnu/jni:/lib/x86_64-linux-gnu:/usr/lib/x86_64-linux-gnu:/usr/lib/jni:/lib:/usr/lib"/>
    <property name="java.vm.info" value="mixed mode"/>
    <property name="java.vendor" value="Private Build"/>
    <property name="java.vm.version" value="25.402-b06"/>
    <property name="org.slf4j.simpleLogger.log.nifi.processors.standard.DetectDuplicate" value="debug"/>
    <property name="java.specification.maintenance.version" value="5"/>
    <property name="java.ext.dirs" value="/usr/lib/jvm/java-8-openjdk-amd64/jre/lib/ext:/usr/java/packages/lib/ext"/>
    <property name="sun.io.unicode.encoding" value="UnicodeLittle"/>
    <property name="java.class.version" value="52.0"/>
  </properties>
  <testcase name="testShouldDecryptNiFiLegacySaltedCipherTextWithVariableSaltLength" classname="org.apache.nifi.security.util.crypto.PasswordBasedEncryptorGroovyTest" time="0.083">
    <system-err><![CDATA[[main] INFO org.apache.nifi.security.util.crypto.PasswordBasedEncryptorGroovyTest - Plaintext: This is a plaintext message.
[main] INFO org.apache.nifi.security.util.crypto.PasswordBasedEncryptorGroovyTest - Password: short
[main] INFO org.apache.nifi.security.util.crypto.PasswordBasedEncryptorGroovyTest - Grouped algorithms by block size: [16:[PBEWITHMD5AND128BITAES-CBC-OPENSSL, PBEWITHMD5AND192BITAES-CBC-OPENSSL, PBEWITHMD5AND256BITAES-CBC-OPENSSL, PBEWITHSHAAND128BITAES-CBC-BC, PBEWITHSHAAND192BITAES-CBC-BC, PBEWITHSHAAND256BITAES-CBC-BC, PBEWITHSHA256AND128BITAES-CBC-BC, PBEWITHSHA256AND192BITAES-CBC-BC, PBEWITHSHA256AND256BITAES-CBC-BC, PBEWITHSHAANDTWOFISH-CBC], 8:[PBEWITHMD5ANDDES, PBEWITHMD5ANDRC2, PBEWITHSHA1ANDRC2, PBEWITHSHA1ANDDES, PBEWITHSHAAND40BITRC2-CBC, PBEWITHSHAAND128BITRC2-CBC, PBEWITHSHAAND2-KEYTRIPLEDES-CBC, PBEWITHSHAAND3-KEYTRIPLEDES-CBC], 0:[PBEWITHSHAAND40BITRC4, PBEWITHSHAAND128BITRC4]]
[main] INFO org.apache.nifi.security.util.crypto.PasswordBasedEncryptorGroovyTest - Testing PBEWITHMD5AND128BITAES-CBC-OPENSSL with expected salt size 16
[main] INFO org.apache.nifi.security.util.crypto.PasswordBasedEncryptorGroovyTest - Generated legacy salt aaaaaaaaaaaaaaaaaaaaaaaaaaaaaaaa (16)
[main] INFO org.apache.nifi.security.util.crypto.PasswordBasedEncryptorGroovyTest - Cipher bytes: 2aa22cbb29a0c5049bc293d7b95c1ccdf0d3aa87f321d639628e930594126fb5
[main] INFO org.apache.nifi.security.util.crypto.PasswordBasedEncryptorGroovyTest - Complete cipher stream: aaaaaaaaaaaaaaaaaaaaaaaaaaaaaaaa2aa22cbb29a0c5049bc293d7b95c1ccdf0d3aa87f321d639628e930594126fb5
[main] INFO org.apache.nifi.security.util.crypto.PasswordBasedEncryptorGroovyTest - Decrypted: 54686973206973206120706c61696e74657874206d6573736167652e
[main] INFO org.apache.nifi.security.util.crypto.PasswordBasedEncryptorGroovyTest - Recovered: This is a plaintext message.
[main] INFO org.apache.nifi.security.util.crypto.PasswordBasedEncryptorGroovyTest - Testing PBEWITHMD5AND192BITAES-CBC-OPENSSL with expected salt size 16
[main] INFO org.apache.nifi.security.util.crypto.PasswordBasedEncryptorGroovyTest - Generated legacy salt aaaaaaaaaaaaaaaaaaaaaaaaaaaaaaaa (16)
[main] INFO org.apache.nifi.security.util.crypto.PasswordBasedEncryptorGroovyTest - Cipher bytes: 0e44369a5e9696679f4b9c933b0de51951fd857dbb41288f85d571a3c1d560dc
[main] INFO org.apache.nifi.security.util.crypto.PasswordBasedEncryptorGroovyTest - Complete cipher stream: aaaaaaaaaaaaaaaaaaaaaaaaaaaaaaaa0e44369a5e9696679f4b9c933b0de51951fd857dbb41288f85d571a3c1d560dc
[main] INFO org.apache.nifi.security.util.crypto.PasswordBasedEncryptorGroovyTest - Decrypted: 54686973206973206120706c61696e74657874206d6573736167652e
[main] INFO org.apache.nifi.security.util.crypto.PasswordBasedEncryptorGroovyTest - Recovered: This is a plaintext message.
[main] INFO org.apache.nifi.security.util.crypto.PasswordBasedEncryptorGroovyTest - Testing PBEWITHMD5AND256BITAES-CBC-OPENSSL with expected salt size 16
[main] INFO org.apache.nifi.security.util.crypto.PasswordBasedEncryptorGroovyTest - Generated legacy salt aaaaaaaaaaaaaaaaaaaaaaaaaaaaaaaa (16)
[main] INFO org.apache.nifi.security.util.crypto.PasswordBasedEncryptorGroovyTest - Cipher bytes: ee0bd96c08175fa463edb807d9f759481f84ae4e7236eac2e634b38ff9baae00
[main] INFO org.apache.nifi.security.util.crypto.PasswordBasedEncryptorGroovyTest - Complete cipher stream: aaaaaaaaaaaaaaaaaaaaaaaaaaaaaaaaee0bd96c08175fa463edb807d9f759481f84ae4e7236eac2e634b38ff9baae00
[main] INFO org.apache.nifi.security.util.crypto.PasswordBasedEncryptorGroovyTest - Decrypted: 54686973206973206120706c61696e74657874206d6573736167652e
[main] INFO org.apache.nifi.security.util.crypto.PasswordBasedEncryptorGroovyTest - Recovered: This is a plaintext message.
[main] INFO org.apache.nifi.security.util.crypto.PasswordBasedEncryptorGroovyTest - Testing PBEWITHSHAAND128BITAES-CBC-BC with expected salt size 16
[main] INFO org.apache.nifi.security.util.crypto.PasswordBasedEncryptorGroovyTest - Generated legacy salt aaaaaaaaaaaaaaaaaaaaaaaaaaaaaaaa (16)
[main] INFO org.apache.nifi.security.util.crypto.PasswordBasedEncryptorGroovyTest - Cipher bytes: 1c9234bd14899bd8cbe4c57022c6821cd2cf1b5266d02839e63a174b63a713ef
[main] INFO org.apache.nifi.security.util.crypto.PasswordBasedEncryptorGroovyTest - Complete cipher stream: aaaaaaaaaaaaaaaaaaaaaaaaaaaaaaaa1c9234bd14899bd8cbe4c57022c6821cd2cf1b5266d02839e63a174b63a713ef
[main] INFO org.apache.nifi.security.util.crypto.PasswordBasedEncryptorGroovyTest - Decrypted: 54686973206973206120706c61696e74657874206d6573736167652e
[main] INFO org.apache.nifi.security.util.crypto.PasswordBasedEncryptorGroovyTest - Recovered: This is a plaintext message.
[main] INFO org.apache.nifi.security.util.crypto.PasswordBasedEncryptorGroovyTest - Testing PBEWITHSHAAND192BITAES-CBC-BC with expected salt size 16
[main] INFO org.apache.nifi.security.util.crypto.PasswordBasedEncryptorGroovyTest - Generated legacy salt aaaaaaaaaaaaaaaaaaaaaaaaaaaaaaaa (16)
[main] INFO org.apache.nifi.security.util.crypto.PasswordBasedEncryptorGroovyTest - Cipher bytes: 5b42b427ee54f9c0933fa7544d12fe17f6665a06a80e2ef222c58ae7f785002b
[main] INFO org.apache.nifi.security.util.crypto.PasswordBasedEncryptorGroovyTest - Complete cipher stream: aaaaaaaaaaaaaaaaaaaaaaaaaaaaaaaa5b42b427ee54f9c0933fa7544d12fe17f6665a06a80e2ef222c58ae7f785002b
[main] INFO org.apache.nifi.security.util.crypto.PasswordBasedEncryptorGroovyTest - Decrypted: 54686973206973206120706c61696e74657874206d6573736167652e
[main] INFO org.apache.nifi.security.util.crypto.PasswordBasedEncryptorGroovyTest - Recovered: This is a plaintext message.
[main] INFO org.apache.nifi.security.util.crypto.PasswordBasedEncryptorGroovyTest - Testing PBEWITHSHAAND256BITAES-CBC-BC with expected salt size 16
[main] INFO org.apache.nifi.security.util.crypto.PasswordBasedEncryptorGroovyTest - Generated legacy salt aaaaaaaaaaaaaaaaaaaaaaaaaaaaaaaa (16)
[main] INFO org.apache.nifi.security.util.crypto.PasswordBasedEncryptorGroovyTest - Cipher bytes: 8f2cb7642afdf577f037c28af7cf5560baeb32390e884cc792ab693bb497e7ba
[main] INFO org.apache.nifi.security.util.crypto.PasswordBasedEncryptorGroovyTest - Complete cipher stream: aaaaaaaaaaaaaaaaaaaaaaaaaaaaaaaa8f2cb7642afdf577f037c28af7cf5560baeb32390e884cc792ab693bb497e7ba
[main] INFO org.apache.nifi.security.util.crypto.PasswordBasedEncryptorGroovyTest - Decrypted: 54686973206973206120706c61696e74657874206d6573736167652e
[main] INFO org.apache.nifi.security.util.crypto.PasswordBasedEncryptorGroovyTest - Recovered: This is a plaintext message.
[main] INFO org.apache.nifi.security.util.crypto.PasswordBasedEncryptorGroovyTest - Testing PBEWITHSHA256AND128BITAES-CBC-BC with expected salt size 16
[main] INFO org.apache.nifi.security.util.crypto.PasswordBasedEncryptorGroovyTest - Generated legacy salt aaaaaaaaaaaaaaaaaaaaaaaaaaaaaaaa (16)
[main] INFO org.apache.nifi.security.util.crypto.PasswordBasedEncryptorGroovyTest - Cipher bytes: 9db8069b6c6e6d876af183c0c83c87fd0499de119811f02e6c848cb5ed1c9d75
[main] INFO org.apache.nifi.security.util.crypto.PasswordBasedEncryptorGroovyTest - Complete cipher stream: aaaaaaaaaaaaaaaaaaaaaaaaaaaaaaaa9db8069b6c6e6d876af183c0c83c87fd0499de119811f02e6c848cb5ed1c9d75
[main] INFO org.apache.nifi.security.util.crypto.PasswordBasedEncryptorGroovyTest - Decrypted: 54686973206973206120706c61696e74657874206d6573736167652e
[main] INFO org.apache.nifi.security.util.crypto.PasswordBasedEncryptorGroovyTest - Recovered: This is a plaintext message.
[main] INFO org.apache.nifi.security.util.crypto.PasswordBasedEncryptorGroovyTest - Testing PBEWITHSHA256AND192BITAES-CBC-BC with expected salt size 16
[main] INFO org.apache.nifi.security.util.crypto.PasswordBasedEncryptorGroovyTest - Generated legacy salt aaaaaaaaaaaaaaaaaaaaaaaaaaaaaaaa (16)
[main] INFO org.apache.nifi.security.util.crypto.PasswordBasedEncryptorGroovyTest - Cipher bytes: 2631d13fb824b5da2f92b1bf09149a04dc6999a9b7beb5b9237b50c3c671247c
[main] INFO org.apache.nifi.security.util.crypto.PasswordBasedEncryptorGroovyTest - Complete cipher stream: aaaaaaaaaaaaaaaaaaaaaaaaaaaaaaaa2631d13fb824b5da2f92b1bf09149a04dc6999a9b7beb5b9237b50c3c671247c
[main] INFO org.apache.nifi.security.util.crypto.PasswordBasedEncryptorGroovyTest - Decrypted: 54686973206973206120706c61696e74657874206d6573736167652e
[main] INFO org.apache.nifi.security.util.crypto.PasswordBasedEncryptorGroovyTest - Recovered: This is a plaintext message.
[main] INFO org.apache.nifi.security.util.crypto.PasswordBasedEncryptorGroovyTest - Testing PBEWITHSHA256AND256BITAES-CBC-BC with expected salt size 16
[main] INFO org.apache.nifi.security.util.crypto.PasswordBasedEncryptorGroovyTest - Generated legacy salt aaaaaaaaaaaaaaaaaaaaaaaaaaaaaaaa (16)
[main] INFO org.apache.nifi.security.util.crypto.PasswordBasedEncryptorGroovyTest - Cipher bytes: a5d1e3d1f79c4349095bbbdd8a33803b5b33574ce383745c7427df4b050a0acd
[main] INFO org.apache.nifi.security.util.crypto.PasswordBasedEncryptorGroovyTest - Complete cipher stream: aaaaaaaaaaaaaaaaaaaaaaaaaaaaaaaaa5d1e3d1f79c4349095bbbdd8a33803b5b33574ce383745c7427df4b050a0acd
[main] INFO org.apache.nifi.security.util.crypto.PasswordBasedEncryptorGroovyTest - Decrypted: 54686973206973206120706c61696e74657874206d6573736167652e
[main] INFO org.apache.nifi.security.util.crypto.PasswordBasedEncryptorGroovyTest - Recovered: This is a plaintext message.
[main] INFO org.apache.nifi.security.util.crypto.PasswordBasedEncryptorGroovyTest - Testing PBEWITHSHAANDTWOFISH-CBC with expected salt size 16
[main] INFO org.apache.nifi.security.util.crypto.PasswordBasedEncryptorGroovyTest - Generated legacy salt aaaaaaaaaaaaaaaaaaaaaaaaaaaaaaaa (16)
[main] INFO org.apache.nifi.security.util.crypto.PasswordBasedEncryptorGroovyTest - Cipher bytes: aa9a82c609c1d86d3eb32f25804d5ba215fe544899de8693cf9bf17d816b661b
[main] INFO org.apache.nifi.security.util.crypto.PasswordBasedEncryptorGroovyTest - Complete cipher stream: aaaaaaaaaaaaaaaaaaaaaaaaaaaaaaaaaa9a82c609c1d86d3eb32f25804d5ba215fe544899de8693cf9bf17d816b661b
[main] INFO org.apache.nifi.security.util.crypto.PasswordBasedEncryptorGroovyTest - Decrypted: 54686973206973206120706c61696e74657874206d6573736167652e
[main] INFO org.apache.nifi.security.util.crypto.PasswordBasedEncryptorGroovyTest - Recovered: This is a plaintext message.
[main] INFO org.apache.nifi.security.util.crypto.PasswordBasedEncryptorGroovyTest - Testing PBEWITHMD5ANDDES with expected salt size 8
[main] INFO org.apache.nifi.security.util.crypto.PasswordBasedEncryptorGroovyTest - Generated legacy salt aaaaaaaaaaaaaaaa (8)
[main] INFO org.apache.nifi.security.util.crypto.PasswordBasedEncryptorGroovyTest - Cipher bytes: a2fa0b557bfde3043408502a9f9af11d3104aec8c8fa65c22f89cb124b34a1f2
[main] INFO org.apache.nifi.security.util.crypto.PasswordBasedEncryptorGroovyTest - Complete cipher stream: aaaaaaaaaaaaaaaaa2fa0b557bfde3043408502a9f9af11d3104aec8c8fa65c22f89cb124b34a1f2
[main] INFO org.apache.nifi.security.util.crypto.PasswordBasedEncryptorGroovyTest - Decrypted: 54686973206973206120706c61696e74657874206d6573736167652e
[main] INFO org.apache.nifi.security.util.crypto.PasswordBasedEncryptorGroovyTest - Recovered: This is a plaintext message.
[main] INFO org.apache.nifi.security.util.crypto.PasswordBasedEncryptorGroovyTest - Testing PBEWITHMD5ANDRC2 with expected salt size 8
[main] INFO org.apache.nifi.security.util.crypto.PasswordBasedEncryptorGroovyTest - Generated legacy salt aaaaaaaaaaaaaaaa (8)
[main] INFO org.apache.nifi.security.util.crypto.PasswordBasedEncryptorGroovyTest - Cipher bytes: 84515a858f99a8e64496737f1888333d2f310602b6e0e8d8aa1ede5bbd22967d
[main] INFO org.apache.nifi.security.util.crypto.PasswordBasedEncryptorGroovyTest - Complete cipher stream: aaaaaaaaaaaaaaaa84515a858f99a8e64496737f1888333d2f310602b6e0e8d8aa1ede5bbd22967d
[main] INFO org.apache.nifi.security.util.crypto.PasswordBasedEncryptorGroovyTest - Decrypted: 54686973206973206120706c61696e74657874206d6573736167652e
[main] INFO org.apache.nifi.security.util.crypto.PasswordBasedEncryptorGroovyTest - Recovered: This is a plaintext message.
[main] INFO org.apache.nifi.security.util.crypto.PasswordBasedEncryptorGroovyTest - Testing PBEWITHSHA1ANDRC2 with expected salt size 8
[main] INFO org.apache.nifi.security.util.crypto.PasswordBasedEncryptorGroovyTest - Generated legacy salt aaaaaaaaaaaaaaaa (8)
[main] INFO org.apache.nifi.security.util.crypto.PasswordBasedEncryptorGroovyTest - Cipher bytes: 45a936e64e5f637dc5a75e6799daf62eb60943acce274f51ef727bce3966c53b
[main] INFO org.apache.nifi.security.util.crypto.PasswordBasedEncryptorGroovyTest - Complete cipher stream: aaaaaaaaaaaaaaaa45a936e64e5f637dc5a75e6799daf62eb60943acce274f51ef727bce3966c53b
[main] INFO org.apache.nifi.security.util.crypto.PasswordBasedEncryptorGroovyTest - Decrypted: 54686973206973206120706c61696e74657874206d6573736167652e
[main] INFO org.apache.nifi.security.util.crypto.PasswordBasedEncryptorGroovyTest - Recovered: This is a plaintext message.
[main] INFO org.apache.nifi.security.util.crypto.PasswordBasedEncryptorGroovyTest - Testing PBEWITHSHA1ANDDES with expected salt size 8
[main] INFO org.apache.nifi.security.util.crypto.PasswordBasedEncryptorGroovyTest - Generated legacy salt aaaaaaaaaaaaaaaa (8)
[main] INFO org.apache.nifi.security.util.crypto.PasswordBasedEncryptorGroovyTest - Cipher bytes: e7dd098e335bfd9209054f55ef8809ff98b64a104be9ff56af1db3600bafd543
[main] INFO org.apache.nifi.security.util.crypto.PasswordBasedEncryptorGroovyTest - Complete cipher stream: aaaaaaaaaaaaaaaae7dd098e335bfd9209054f55ef8809ff98b64a104be9ff56af1db3600bafd543
[main] INFO org.apache.nifi.security.util.crypto.PasswordBasedEncryptorGroovyTest - Decrypted: 54686973206973206120706c61696e74657874206d6573736167652e
[main] INFO org.apache.nifi.security.util.crypto.PasswordBasedEncryptorGroovyTest - Recovered: This is a plaintext message.
[main] INFO org.apache.nifi.security.util.crypto.PasswordBasedEncryptorGroovyTest - Testing PBEWITHSHAAND40BITRC2-CBC with expected salt size 8
[main] INFO org.apache.nifi.security.util.crypto.PasswordBasedEncryptorGroovyTest - Generated legacy salt aaaaaaaaaaaaaaaa (8)
[main] INFO org.apache.nifi.security.util.crypto.PasswordBasedEncryptorGroovyTest - Cipher bytes: bfeadb2bb03e2e1961f5d01cfc812ca66a3adcb14e6b40a8aff3d059ae8cd235
[main] INFO org.apache.nifi.security.util.crypto.PasswordBasedEncryptorGroovyTest - Complete cipher stream: aaaaaaaaaaaaaaaabfeadb2bb03e2e1961f5d01cfc812ca66a3adcb14e6b40a8aff3d059ae8cd235
[main] INFO org.apache.nifi.security.util.crypto.PasswordBasedEncryptorGroovyTest - Decrypted: 54686973206973206120706c61696e74657874206d6573736167652e
[main] INFO org.apache.nifi.security.util.crypto.PasswordBasedEncryptorGroovyTest - Recovered: This is a plaintext message.
[main] INFO org.apache.nifi.security.util.crypto.PasswordBasedEncryptorGroovyTest - Testing PBEWITHSHAAND128BITRC2-CBC with expected salt size 8
[main] INFO org.apache.nifi.security.util.crypto.PasswordBasedEncryptorGroovyTest - Generated legacy salt aaaaaaaaaaaaaaaa (8)
[main] INFO org.apache.nifi.security.util.crypto.PasswordBasedEncryptorGroovyTest - Cipher bytes: 067061440d920200a7981c50e717ef436f445cd7b79a6e33bed12b3a419e556b
[main] INFO org.apache.nifi.security.util.crypto.PasswordBasedEncryptorGroovyTest - Complete cipher stream: aaaaaaaaaaaaaaaa067061440d920200a7981c50e717ef436f445cd7b79a6e33bed12b3a419e556b
[main] INFO org.apache.nifi.security.util.crypto.PasswordBasedEncryptorGroovyTest - Decrypted: 54686973206973206120706c61696e74657874206d6573736167652e
[main] INFO org.apache.nifi.security.util.crypto.PasswordBasedEncryptorGroovyTest - Recovered: This is a plaintext message.
[main] INFO org.apache.nifi.security.util.crypto.PasswordBasedEncryptorGroovyTest - Testing PBEWITHSHAAND2-KEYTRIPLEDES-CBC with expected salt size 8
[main] INFO org.apache.nifi.security.util.crypto.PasswordBasedEncryptorGroovyTest - Generated legacy salt aaaaaaaaaaaaaaaa (8)
[main] INFO org.apache.nifi.security.util.crypto.PasswordBasedEncryptorGroovyTest - Cipher bytes: 2f6a7400eb14da01da22a16a90ffbd8814fb266aaef6150a171cecb3890c4c8b
[main] INFO org.apache.nifi.security.util.crypto.PasswordBasedEncryptorGroovyTest - Complete cipher stream: aaaaaaaaaaaaaaaa2f6a7400eb14da01da22a16a90ffbd8814fb266aaef6150a171cecb3890c4c8b
[main] INFO org.apache.nifi.security.util.crypto.PasswordBasedEncryptorGroovyTest - Decrypted: 54686973206973206120706c61696e74657874206d6573736167652e
[main] INFO org.apache.nifi.security.util.crypto.PasswordBasedEncryptorGroovyTest - Recovered: This is a plaintext message.
[main] INFO org.apache.nifi.security.util.crypto.PasswordBasedEncryptorGroovyTest - Testing PBEWITHSHAAND3-KEYTRIPLEDES-CBC with expected salt size 8
[main] INFO org.apache.nifi.security.util.crypto.PasswordBasedEncryptorGroovyTest - Generated legacy salt aaaaaaaaaaaaaaaa (8)
[main] INFO org.apache.nifi.security.util.crypto.PasswordBasedEncryptorGroovyTest - Cipher bytes: 2c99500833becb928e67ddc10d5c098f3e784c73c89f246e849473e280ce3eed
[main] INFO org.apache.nifi.security.util.crypto.PasswordBasedEncryptorGroovyTest - Complete cipher stream: aaaaaaaaaaaaaaaa2c99500833becb928e67ddc10d5c098f3e784c73c89f246e849473e280ce3eed
[main] INFO org.apache.nifi.security.util.crypto.PasswordBasedEncryptorGroovyTest - Decrypted: 54686973206973206120706c61696e74657874206d6573736167652e
[main] INFO org.apache.nifi.security.util.crypto.PasswordBasedEncryptorGroovyTest - Recovered: This is a plaintext message.
[main] INFO org.apache.nifi.security.util.crypto.PasswordBasedEncryptorGroovyTest - Testing PBEWITHSHAAND40BITRC4 with expected salt size 8
[main] INFO org.apache.nifi.security.util.crypto.PasswordBasedEncryptorGroovyTest - Generated legacy salt aaaaaaaaaaaaaaaa (8)
[main] INFO org.apache.nifi.security.util.crypto.PasswordBasedEncryptorGroovyTest - Cipher bytes: f38bf6065539f447a53617e44f8d4d240d18ae10c0ad1416d9ec74a7
[main] INFO org.apache.nifi.security.util.crypto.PasswordBasedEncryptorGroovyTest - Complete cipher stream: aaaaaaaaaaaaaaaaf38bf6065539f447a53617e44f8d4d240d18ae10c0ad1416d9ec74a7
[main] INFO org.apache.nifi.security.util.crypto.PasswordBasedEncryptorGroovyTest - Decrypted: 54686973206973206120706c61696e74657874206d6573736167652e
[main] INFO org.apache.nifi.security.util.crypto.PasswordBasedEncryptorGroovyTest - Recovered: This is a plaintext message.
[main] INFO org.apache.nifi.security.util.crypto.PasswordBasedEncryptorGroovyTest - Testing PBEWITHSHAAND128BITRC4 with expected salt size 8
[main] INFO org.apache.nifi.security.util.crypto.PasswordBasedEncryptorGroovyTest - Generated legacy salt aaaaaaaaaaaaaaaa (8)
[main] INFO org.apache.nifi.security.util.crypto.PasswordBasedEncryptorGroovyTest - Cipher bytes: cb74aea624fa11a4c65987f22e3a3b3f77820df62449b748bc697c99
[main] INFO org.apache.nifi.security.util.crypto.PasswordBasedEncryptorGroovyTest - Complete cipher stream: aaaaaaaaaaaaaaaacb74aea624fa11a4c65987f22e3a3b3f77820df62449b748bc697c99
[main] INFO org.apache.nifi.security.util.crypto.PasswordBasedEncryptorGroovyTest - Decrypted: 54686973206973206120706c61696e74657874206d6573736167652e
[main] INFO org.apache.nifi.security.util.crypto.PasswordBasedEncryptorGroovyTest - Recovered: This is a plaintext message.
]]></system-err>
  </testcase>
  <testcase name="testBcryptDecryptShouldSupportLegacyKeyDerivationProcess" classname="org.apache.nifi.security.util.crypto.PasswordBasedEncryptorGroovyTest" time="1.237">
    <system-err><![CDATA[[main] INFO org.apache.nifi.security.util.crypto.PasswordBasedEncryptorGroovyTest - Plaintext: This is a plaintext message. 
[main] INFO org.apache.nifi.security.util.crypto.PasswordBasedEncryptorGroovyTest - [TEST] Using fixed Bcrypt salt: $2a$12$jPG0Jn9.BK8MwA6JMtQXru
[main] DEBUG org.apache.nifi.security.util.crypto.BcryptSecureHasher - Creating Bcrypt hash with salt [9512362e9fc00ccf8ec82f0b3af499b7] (16 bytes)
[main] DEBUG org.apache.nifi.security.util.crypto.BcryptSecureHasher - Generated Bcrypt hash in 310 ms
[main] INFO org.apache.nifi.security.util.crypto.PasswordBasedEncryptorGroovyTest - [TEST] Raw hash output (60): 243261243132246a5047304a6e392e424b384d7741364a4d74515872755246527948414e2e57512e36722e31356d6376496c39397473476a4e796865
[main] INFO org.apache.nifi.security.util.crypto.PasswordBasedEncryptorGroovyTest - [TEST] Key digest (64): e4159e88fe8efcd04fa5812d0ed690f437f11c4c240d77ac06705a8bf99391bfb29f26721b37a6f799d5924b12b8175dedaf0cc60da8dea2910159ed9070f10f
[main] INFO org.apache.nifi.security.util.crypto.PasswordBasedEncryptorGroovyTest - [TEST] Derived key (16): e4159e88fe8efcd04fa5812d0ed690f4
[main] DEBUG org.apache.nifi.security.util.crypto.BcryptSecureHasher - Creating Bcrypt hash with salt [584aa78f80cf8cf13c2f6e8502e70d8f] (16 bytes)
[main] DEBUG org.apache.nifi.security.util.crypto.BcryptSecureHasher - Generated Bcrypt hash in 294 ms
[main] WARN org.apache.nifi.security.util.crypto.KeyDerivationBcryptSecureHasher - Using Legacy Key Derivation on bcrypt hash including cost and salt
[main] WARN org.apache.nifi.security.util.crypto.AESKeyedCipherProvider - An empty IV was provided of length 16 for encryption
[main] WARN org.apache.nifi.security.util.crypto.AESKeyedCipherProvider - Generating new IV. The value can be obtained in the calling code by invoking 'cipher.getIV()';
[main] INFO org.apache.nifi.security.util.crypto.PasswordBasedEncryptorGroovyTest - Cipher text (91): 2432612431322455436f6c6832424e684e43364a3034442e73614c68754e69466953414c544b75ddca2970736361661b7df92d48064e69466949565e6931486b688a03a8e2f7e3529c88360d7e70d61e538abe2b17134e180da877
[main] DEBUG org.apache.nifi.security.util.crypto.BcryptSecureHasher - Creating Bcrypt hash with salt [584aa78f80cf8cf13c2f6e8502e70d8f] (16 bytes)
[main] DEBUG org.apache.nifi.security.util.crypto.BcryptSecureHasher - Generated Bcrypt hash in 283 ms
[main] WARN org.apache.nifi.security.util.crypto.PasswordBasedEncryptor - Error decrypting content using Bcrypt-derived key; attempting legacy key derivation for backward compatibility
[main] DEBUG org.apache.nifi.security.util.crypto.BcryptSecureHasher - Creating Bcrypt hash with salt [584aa78f80cf8cf13c2f6e8502e70d8f] (16 bytes)
[main] DEBUG org.apache.nifi.security.util.crypto.BcryptSecureHasher - Generated Bcrypt hash in 282 ms
[main] WARN org.apache.nifi.security.util.crypto.KeyDerivationBcryptSecureHasher - Using Legacy Key Derivation on bcrypt hash including cost and salt
[main] INFO org.apache.nifi.security.util.crypto.PasswordBasedEncryptorGroovyTest - Plaintext (29): This is a plaintext message. 
]]></system-err>
  </testcase>
  <testcase name="testScryptSaltShouldBe16Bytes" classname="org.apache.nifi.security.util.crypto.PasswordBasedEncryptorGroovyTest" time="0.14">
    <system-err><![CDATA[[main] INFO org.apache.nifi.security.util.crypto.PasswordBasedEncryptorGroovyTest - Plaintext: This is a plaintext message. 
[main] DEBUG org.apache.nifi.security.util.crypto.ScryptSecureHasher - Calculated maximum p value as (2^32 - 1) * 32 [137438953440] / (128 * r) [1024] = 134217727
[main] DEBUG org.apache.nifi.security.util.crypto.ScryptSecureHasher - Creating 16 byte Scrypt hash with salt [edcb9001cf3b951e4e8b1e06be55aa88]
[main] DEBUG org.apache.nifi.security.util.crypto.ScryptSecureHasher - Generated Scrypt hash in 130 ms
[main] WARN org.apache.nifi.security.util.crypto.AESKeyedCipherProvider - An IV was provided of length 0 bytes for encryption but should be 16 bytes
[main] WARN org.apache.nifi.security.util.crypto.AESKeyedCipherProvider - Generating new IV. The value can be obtained in the calling code by invoking 'cipher.getIV()';
[main] INFO org.apache.nifi.security.util.crypto.PasswordBasedEncryptorGroovyTest - Cipher text (94): 2473302465303830312437637551416338376c52354f69783447766c577169414e69466953414c54e313f5bf2494fe7fb575abaaf5e92da04e6946694956e3033e3234978ae72cdaa9e2bda32352cdbe44d760947500bc47af5620a8ce09
[main] INFO org.apache.nifi.security.util.crypto.PasswordBasedEncryptorGroovyTest - IV delimiter starts at 56
[main] INFO org.apache.nifi.processors.standard.TestEncryptContentGroovy - Salt delimiter starts at 32
[main] INFO org.apache.nifi.processors.standard.TestEncryptContentGroovy - Extracted full salt (32): $s0$e0801$7cuQAc87lR5Oix4GvlWqiA
[main] INFO org.apache.nifi.processors.standard.TestEncryptContentGroovy - Full salt (32): 2473302465303830312437637551416338376c52354f69783447766c57716941
[main] INFO org.apache.nifi.processors.standard.TestEncryptContentGroovy - Raw salt (16): edcb9001cf3b951e4e8b1e06be55aa88
[main] INFO org.apache.nifi.processors.standard.TestEncryptContentGroovy - Extracted expected raw salt (hex): edcb9001cf3b951e4e8b1e06be55aa88
[main] INFO org.apache.nifi.security.util.crypto.PasswordBasedEncryptorGroovyTest - Extracted expected raw salt (hex): edcb9001cf3b951e4e8b1e06be55aa88
[main] INFO org.apache.nifi.processors.standard.TestEncryptContentGroovy - Attribute: encryptcontent.action            : encrypted
[main] INFO org.apache.nifi.processors.standard.TestEncryptContentGroovy - Attribute: encryptcontent.algorithm         : AES_CBC
[main] INFO org.apache.nifi.processors.standard.TestEncryptContentGroovy - Attribute: encryptcontent.cipher_text_length: 94
[main] INFO org.apache.nifi.processors.standard.TestEncryptContentGroovy - Attribute: encryptcontent.iv                : e313f5bf2494fe7fb575abaaf5e92da0
[main] INFO org.apache.nifi.processors.standard.TestEncryptContentGroovy - Attribute: encryptcontent.iv_length         : 16
[main] INFO org.apache.nifi.processors.standard.TestEncryptContentGroovy - Attribute: encryptcontent.kdf               : SCRYPT
[main] INFO org.apache.nifi.processors.standard.TestEncryptContentGroovy - Attribute: encryptcontent.kdf_salt          : $s0$e0801$7cuQAc87lR5Oix4GvlWqiA
[main] INFO org.apache.nifi.processors.standard.TestEncryptContentGroovy - Attribute: encryptcontent.kdf_salt_length   : 32
[main] INFO org.apache.nifi.processors.standard.TestEncryptContentGroovy - Attribute: encryptcontent.plaintext_length  : 29
[main] INFO org.apache.nifi.processors.standard.TestEncryptContentGroovy - Attribute: encryptcontent.salt              : edcb9001cf3b951e4e8b1e06be55aa88
[main] INFO org.apache.nifi.processors.standard.TestEncryptContentGroovy - Attribute: encryptcontent.salt_length       : 16
[main] INFO org.apache.nifi.processors.standard.TestEncryptContentGroovy - Attribute: encryptcontent.timestamp         : 2024-05-02 03:57:27.734 +0100
[main] INFO org.apache.nifi.processors.standard.TestEncryptContentGroovy - Provided timestamp 2024-05-02 03:57:27.739 +0100 -> (ms): 1714618647739
[main] INFO org.apache.nifi.processors.standard.TestEncryptContentGroovy - Parsed timestamp   2024-05-02 03:57:27.734 +0100 -> (ms): 1714618647734
]]></system-err>
  </testcase>
  <testcase name="testShouldDecryptLegacyOpenSSLUnsaltedCipherText" classname="org.apache.nifi.security.util.crypto.PasswordBasedEncryptorGroovyTest" time="0.001">
    <system-err><![CDATA[[main] INFO org.apache.nifi.security.util.crypto.PasswordBasedEncryptorGroovyTest - Plaintext: This is a plaintext message.
[main] INFO org.apache.nifi.security.util.crypto.PasswordBasedEncryptorGroovyTest - Cipher bytes: c6a76d56753fc46f66347c06de9927833596de0b7fe8e41968ec6dd7b42e00a6
[main] INFO org.apache.nifi.security.util.crypto.PasswordBasedEncryptorGroovyTest - Recovered: This is a plaintext message.
]]></system-err>
  </testcase>
  <testcase name="testBcryptKDFShouldNotAddOutputBytes" classname="org.apache.nifi.security.util.crypto.PasswordBasedEncryptorGroovyTest" time="0.571">
    <system-err><![CDATA[[main] INFO org.apache.nifi.security.util.crypto.PasswordBasedEncryptorGroovyTest - Plaintext: This is a plaintext message.This is a plaintext message.This is a plaintext message.This is a plaintext message.
[main] INFO org.apache.nifi.security.util.crypto.PasswordBasedEncryptorGroovyTest - Expected total cipher byte count: 187
[main] INFO org.apache.nifi.security.util.crypto.PasswordBasedEncryptorGroovyTest - Using Bcrypt and AES_CBC
[main] DEBUG org.apache.nifi.security.util.crypto.BcryptSecureHasher - Creating Bcrypt hash with salt [aec02ceda63fd428f58051ceb9334943] (16 bytes)
[main] DEBUG org.apache.nifi.security.util.crypto.BcryptSecureHasher - Generated Bcrypt hash in 283 ms
[main] WARN org.apache.nifi.security.util.crypto.AESKeyedCipherProvider - An IV was provided of length 0 bytes for encryption but should be 16 bytes
[main] WARN org.apache.nifi.security.util.crypto.AESKeyedCipherProvider - Generating new IV. The value can be obtained in the calling code by invoking 'cipher.getIV()';
[main] INFO org.apache.nifi.security.util.crypto.PasswordBasedEncryptorGroovyTest - Encrypted (187): 2432612431322470712e71355957397a41687a6544464d73524c484f754e69466953414c5413fdf33d1f582aa9b49a75b9a93f81854e69466949564f6e0808d419b9ca3671269a31c0c1c8bb560dd48bb1eb02e44c42fa6494c51d82e646addf4bbe83530cf770253604e09654b416fb2e96ae162a7d548a62544791f1f510fb189767c0e08f92cbd3e6763c666b535062b2310ab042b9b65925e445103d2895ff6725279dd8f9a5d87eaf02f273b5868ed6fcf8275795590a0992
[main] DEBUG org.apache.nifi.security.util.crypto.BcryptSecureHasher - Creating Bcrypt hash with salt [aec02ceda63fd428f58051ceb9334943] (16 bytes)
[main] DEBUG org.apache.nifi.security.util.crypto.BcryptSecureHasher - Generated Bcrypt hash in 283 ms
[main] INFO org.apache.nifi.security.util.crypto.PasswordBasedEncryptorGroovyTest - Recovered (112): 54686973206973206120706c61696e74657874206d6573736167652e54686973206973206120706c61696e74657874206d6573736167652e54686973206973206120706c61696e74657874206d6573736167652e54686973206973206120706c61696e74657874206d6573736167652e
[main] INFO org.apache.nifi.security.util.crypto.PasswordBasedEncryptorGroovyTest - Recovered: This is a plaintext message.This is a plaintext message.This is a plaintext message.This is a plaintext message.


]]></system-err>
  </testcase>
  <testcase name="testShouldWriteEncryptionMetadataAttributesForKDFs" classname="org.apache.nifi.security.util.crypto.PasswordBasedEncryptorGroovyTest" time="1.053">
    <system-err><![CDATA[[main] INFO org.apache.nifi.security.util.crypto.PasswordBasedEncryptorGroovyTest - Plaintext: This is a plaintext message. 
[main] DEBUG org.apache.nifi.security.util.crypto.BcryptSecureHasher - Creating Bcrypt hash with salt [8362245a64ca065a473f0ccdcc97d4a8] (16 bytes)
[main] DEBUG org.apache.nifi.security.util.crypto.BcryptSecureHasher - Generated Bcrypt hash in 284 ms
[main] WARN org.apache.nifi.security.util.crypto.AESKeyedCipherProvider - An IV was provided of length 0 bytes for encryption but should be 16 bytes
[main] WARN org.apache.nifi.security.util.crypto.AESKeyedCipherProvider - Generating new IV. The value can be obtained in the calling code by invoking 'cipher.getIV()';
[main] INFO org.apache.nifi.security.util.crypto.PasswordBasedEncryptorGroovyTest - Cipher text (91): 2432612431322465304769556b52492f6a6e464e75784c784864536f2e4e69466953414c549b67e0da1f5eb987b9da018f720d23974e69466949561cd076e52a102199584a7daff4f98404c841260febfe3045d871e07b0240872c
[main] INFO org.apache.nifi.security.util.crypto.PasswordBasedEncryptorGroovyTest - IV delimiter starts at 53
[main] INFO org.apache.nifi.processors.standard.TestEncryptContentGroovy - Salt delimiter starts at 29
[main] INFO org.apache.nifi.processors.standard.TestEncryptContentGroovy - Extracted full salt (29): $2a$12$e0GiUkRI/jnFNuxLxHdSo.
[main] INFO org.apache.nifi.processors.standard.TestEncryptContentGroovy - Full salt (29): 2432612431322465304769556b52492f6a6e464e75784c784864536f2e
[main] INFO org.apache.nifi.processors.standard.TestEncryptContentGroovy - Raw salt (16): 8362245a64ca065a473f0ccdcc97d4a8
[main] INFO org.apache.nifi.processors.standard.TestEncryptContentGroovy - Extracted expected raw salt (hex): 8362245a64ca065a473f0ccdcc97d4a8
[main] INFO org.apache.nifi.security.util.crypto.PasswordBasedEncryptorGroovyTest - Extracted expected raw salt (hex): 8362245a64ca065a473f0ccdcc97d4a8
[main] INFO org.apache.nifi.processors.standard.TestEncryptContentGroovy - Attribute: encryptcontent.action            : encrypted
[main] INFO org.apache.nifi.processors.standard.TestEncryptContentGroovy - Attribute: encryptcontent.algorithm         : AES_CBC
[main] INFO org.apache.nifi.processors.standard.TestEncryptContentGroovy - Attribute: encryptcontent.cipher_text_length: 91
[main] INFO org.apache.nifi.processors.standard.TestEncryptContentGroovy - Attribute: encryptcontent.iv                : 9b67e0da1f5eb987b9da018f720d2397
[main] INFO org.apache.nifi.processors.standard.TestEncryptContentGroovy - Attribute: encryptcontent.iv_length         : 16
[main] INFO org.apache.nifi.processors.standard.TestEncryptContentGroovy - Attribute: encryptcontent.kdf               : BCRYPT
[main] INFO org.apache.nifi.processors.standard.TestEncryptContentGroovy - Attribute: encryptcontent.kdf_salt          : $2a$12$e0GiUkRI/jnFNuxLxHdSo.
[main] INFO org.apache.nifi.processors.standard.TestEncryptContentGroovy - Attribute: encryptcontent.kdf_salt_length   : 29
[main] INFO org.apache.nifi.processors.standard.TestEncryptContentGroovy - Attribute: encryptcontent.plaintext_length  : 29
[main] INFO org.apache.nifi.processors.standard.TestEncryptContentGroovy - Attribute: encryptcontent.salt              : 8362245a64ca065a473f0ccdcc97d4a8
[main] INFO org.apache.nifi.processors.standard.TestEncryptContentGroovy - Attribute: encryptcontent.salt_length       : 16
[main] INFO org.apache.nifi.processors.standard.TestEncryptContentGroovy - Attribute: encryptcontent.timestamp         : 2024-05-02 03:57:28.601 +0100
[main] INFO org.apache.nifi.processors.standard.TestEncryptContentGroovy - Provided timestamp 2024-05-02 03:57:28.602 +0100 -> (ms): 1714618648602
[main] INFO org.apache.nifi.processors.standard.TestEncryptContentGroovy - Parsed timestamp   2024-05-02 03:57:28.601 +0100 -> (ms): 1714618648601
[main] DEBUG org.apache.nifi.security.util.crypto.ScryptSecureHasher - Calculated maximum p value as (2^32 - 1) * 32 [137438953440] / (128 * r) [1024] = 134217727
[main] DEBUG org.apache.nifi.security.util.crypto.ScryptSecureHasher - Creating 16 byte Scrypt hash with salt [f61b9b201dfa6a8dfdda82c58076d067]
[main] DEBUG org.apache.nifi.security.util.crypto.ScryptSecureHasher - Generated Scrypt hash in 121 ms
[main] WARN org.apache.nifi.security.util.crypto.AESKeyedCipherProvider - An IV was provided of length 0 bytes for encryption but should be 16 bytes
[main] WARN org.apache.nifi.security.util.crypto.AESKeyedCipherProvider - Generating new IV. The value can be obtained in the calling code by invoking 'cipher.getIV()';
[main] INFO org.apache.nifi.security.util.crypto.PasswordBasedEncryptorGroovyTest - Cipher text (94): 247330246530383031243968756249423336616f3339326f4c46674862515a774e69466953414c54318de4f3c83df9e1861df54b0aa670504e69466949562e57ea9dfadc305d3c0f8f207ccf576549611fd67ac53852d0b002e5ad379015
[main] INFO org.apache.nifi.security.util.crypto.PasswordBasedEncryptorGroovyTest - IV delimiter starts at 56
[main] INFO org.apache.nifi.processors.standard.TestEncryptContentGroovy - Salt delimiter starts at 32
[main] INFO org.apache.nifi.processors.standard.TestEncryptContentGroovy - Extracted full salt (32): $s0$e0801$9hubIB36ao392oLFgHbQZw
[main] INFO org.apache.nifi.processors.standard.TestEncryptContentGroovy - Full salt (32): 247330246530383031243968756249423336616f3339326f4c46674862515a77
[main] INFO org.apache.nifi.processors.standard.TestEncryptContentGroovy - Raw salt (16): f61b9b201dfa6a8dfdda82c58076d067
[main] INFO org.apache.nifi.processors.standard.TestEncryptContentGroovy - Extracted expected raw salt (hex): f61b9b201dfa6a8dfdda82c58076d067
[main] INFO org.apache.nifi.security.util.crypto.PasswordBasedEncryptorGroovyTest - Extracted expected raw salt (hex): f61b9b201dfa6a8dfdda82c58076d067
[main] INFO org.apache.nifi.processors.standard.TestEncryptContentGroovy - Attribute: encryptcontent.action            : encrypted
[main] INFO org.apache.nifi.processors.standard.TestEncryptContentGroovy - Attribute: encryptcontent.algorithm         : AES_CBC
[main] INFO org.apache.nifi.processors.standard.TestEncryptContentGroovy - Attribute: encryptcontent.cipher_text_length: 94
[main] INFO org.apache.nifi.processors.standard.TestEncryptContentGroovy - Attribute: encryptcontent.iv                : 318de4f3c83df9e1861df54b0aa67050
[main] INFO org.apache.nifi.processors.standard.TestEncryptContentGroovy - Attribute: encryptcontent.iv_length         : 16
[main] INFO org.apache.nifi.processors.standard.TestEncryptContentGroovy - Attribute: encryptcontent.kdf               : SCRYPT
[main] INFO org.apache.nifi.processors.standard.TestEncryptContentGroovy - Attribute: encryptcontent.kdf_salt          : $s0$e0801$9hubIB36ao392oLFgHbQZw
[main] INFO org.apache.nifi.processors.standard.TestEncryptContentGroovy - Attribute: encryptcontent.kdf_salt_length   : 32
[main] INFO org.apache.nifi.processors.standard.TestEncryptContentGroovy - Attribute: encryptcontent.plaintext_length  : 29
[main] INFO org.apache.nifi.processors.standard.TestEncryptContentGroovy - Attribute: encryptcontent.salt              : f61b9b201dfa6a8dfdda82c58076d067
[main] INFO org.apache.nifi.processors.standard.TestEncryptContentGroovy - Attribute: encryptcontent.salt_length       : 16
[main] INFO org.apache.nifi.processors.standard.TestEncryptContentGroovy - Attribute: encryptcontent.timestamp         : 2024-05-02 03:57:28.724 +0100
[main] INFO org.apache.nifi.processors.standard.TestEncryptContentGroovy - Provided timestamp 2024-05-02 03:57:28.725 +0100 -> (ms): 1714618648725
[main] INFO org.apache.nifi.processors.standard.TestEncryptContentGroovy - Parsed timestamp   2024-05-02 03:57:28.724 +0100 -> (ms): 1714618648724
[main] DEBUG org.apache.nifi.security.util.crypto.PBKDF2CipherProvider - Resolved PRF SHA-512 to sha512
[main] DEBUG org.apache.nifi.security.util.crypto.PBKDF2SecureHasher - Validating PBKDF2 secure hasher with prf SHA-512, iteration count 160000, salt length 16 bytes, output length 16 bytes
[main] DEBUG org.apache.nifi.security.util.crypto.PBKDF2SecureHasher - Resolved PRF SHA-512 to sha512
[main] DEBUG org.apache.nifi.security.util.crypto.PBKDF2SecureHasher - The PRF is SHA-512, with a digest size (hLen) of 64 bytes
[main] DEBUG org.apache.nifi.security.util.crypto.PBKDF2SecureHasher - The max dkLength is 2147483647 bytes for hLen 64 bytes.
[main] DEBUG org.apache.nifi.security.util.crypto.PBKDF2SecureHasher - Resolved PRF SHA-512 to sha512
[main] DEBUG org.apache.nifi.security.util.crypto.PBKDF2SecureHasher - Creating PBKDF2 hash with salt [6a316be05c6b4df4f11a338e3f7e0046] (16 bytes)
[main] DEBUG org.apache.nifi.security.util.crypto.PBKDF2SecureHasher - Generated PBKDF2 hash in 280 ms
[main] WARN org.apache.nifi.security.util.crypto.AESKeyedCipherProvider - An IV was provided of length 0 bytes for encryption but should be 16 bytes
[main] WARN org.apache.nifi.security.util.crypto.AESKeyedCipherProvider - Generating new IV. The value can be obtained in the calling code by invoking 'cipher.getIV()';
[main] INFO org.apache.nifi.security.util.crypto.PasswordBasedEncryptorGroovyTest - Cipher text (78): 6a316be05c6b4df4f11a338e3f7e00464e69466953414c54741db90a628fef91a6beb9f72bf6b38a4e6946694956dd02f48d055745b510ef10adce9eb5bb7fc6ed5c1733c782cb8dc9763d5bb3b7
[main] INFO org.apache.nifi.security.util.crypto.PasswordBasedEncryptorGroovyTest - IV delimiter starts at 40
[main] INFO org.apache.nifi.processors.standard.TestEncryptContentGroovy - Salt delimiter starts at 16
[main] INFO org.apache.nifi.processors.standard.TestEncryptContentGroovy - Extracted full salt (16): j1k�\kM��&amp#26;3�?~&amp#0;F
[main] INFO org.apache.nifi.processors.standard.TestEncryptContentGroovy - Full salt (16): 6a316be05c6b4df4f11a338e3f7e0046
[main] INFO org.apache.nifi.processors.standard.TestEncryptContentGroovy - Raw salt (16): 6a316be05c6b4df4f11a338e3f7e0046
[main] INFO org.apache.nifi.processors.standard.TestEncryptContentGroovy - Extracted expected raw salt (hex): 6a316be05c6b4df4f11a338e3f7e0046
[main] INFO org.apache.nifi.security.util.crypto.PasswordBasedEncryptorGroovyTest - Extracted expected raw salt (hex): 6a316be05c6b4df4f11a338e3f7e0046
[main] INFO org.apache.nifi.processors.standard.TestEncryptContentGroovy - Attribute: encryptcontent.action            : encrypted
[main] INFO org.apache.nifi.processors.standard.TestEncryptContentGroovy - Attribute: encryptcontent.algorithm         : AES_CBC
[main] INFO org.apache.nifi.processors.standard.TestEncryptContentGroovy - Attribute: encryptcontent.cipher_text_length: 78
[main] INFO org.apache.nifi.processors.standard.TestEncryptContentGroovy - Attribute: encryptcontent.iv                : 741db90a628fef91a6beb9f72bf6b38a
[main] INFO org.apache.nifi.processors.standard.TestEncryptContentGroovy - Attribute: encryptcontent.iv_length         : 16
[main] INFO org.apache.nifi.processors.standard.TestEncryptContentGroovy - Attribute: encryptcontent.kdf               : PBKDF2
[main] INFO org.apache.nifi.processors.standard.TestEncryptContentGroovy - Attribute: encryptcontent.pbkdf2_iterations : 160000
[main] INFO org.apache.nifi.processors.standard.TestEncryptContentGroovy - Attribute: encryptcontent.plaintext_length  : 29
[main] INFO org.apache.nifi.processors.standard.TestEncryptContentGroovy - Attribute: encryptcontent.salt              : 6a316be05c6b4df4f11a338e3f7e0046
[main] INFO org.apache.nifi.processors.standard.TestEncryptContentGroovy - Attribute: encryptcontent.salt_length       : 16
[main] INFO org.apache.nifi.processors.standard.TestEncryptContentGroovy - Attribute: encryptcontent.timestamp         : 2024-05-02 03:57:29.009 +0100
[main] INFO org.apache.nifi.processors.standard.TestEncryptContentGroovy - Provided timestamp 2024-05-02 03:57:29.009 +0100 -> (ms): 1714618649009
[main] INFO org.apache.nifi.processors.standard.TestEncryptContentGroovy - Parsed timestamp   2024-05-02 03:57:29.009 +0100 -> (ms): 1714618649009
[main] WARN org.apache.nifi.security.util.crypto.AESKeyedCipherProvider - An IV was provided of length 0 bytes for encryption but should be 16 bytes
[main] WARN org.apache.nifi.security.util.crypto.AESKeyedCipherProvider - Generating new IV. The value can be obtained in the calling code by invoking 'cipher.getIV()';
[main] INFO org.apache.nifi.security.util.crypto.PasswordBasedEncryptorGroovyTest - Cipher text (115): 246172676f6e32696424763d3139246d3d36353533362c743d352c703d38247645535933615559364e2b574d6e7047476b4b2b32674e69466953414c5438ad808c2722f445ff31069e306512534e6946694956d80817e727ce87e3e05839b03371034804c5e63c7d0c34abbf5448dca132a41a
[main] INFO org.apache.nifi.security.util.crypto.PasswordBasedEncryptorGroovyTest - IV delimiter starts at 77
[main] INFO org.apache.nifi.processors.standard.TestEncryptContentGroovy - Salt delimiter starts at 53
[main] INFO org.apache.nifi.processors.standard.TestEncryptContentGroovy - Extracted full salt (53): $argon2id$v=19$m=65536,t=5,p=8$vESY3aUY6N+WMnpGGkK+2g
[main] INFO org.apache.nifi.processors.standard.TestEncryptContentGroovy - Full salt (53): 246172676f6e32696424763d3139246d3d36353533362c743d352c703d38247645535933615559364e2b574d6e7047476b4b2b3267
[main] INFO org.apache.nifi.processors.standard.TestEncryptContentGroovy - Raw salt (16): bc4498dda518e8df96327a461a42beda
[main] INFO org.apache.nifi.processors.standard.TestEncryptContentGroovy - Extracted expected raw salt (hex): bc4498dda518e8df96327a461a42beda
[main] INFO org.apache.nifi.security.util.crypto.PasswordBasedEncryptorGroovyTest - Extracted expected raw salt (hex): bc4498dda518e8df96327a461a42beda
[main] INFO org.apache.nifi.processors.standard.TestEncryptContentGroovy - Attribute: encryptcontent.action            : encrypted
[main] INFO org.apache.nifi.processors.standard.TestEncryptContentGroovy - Attribute: encryptcontent.algorithm         : AES_CBC
[main] INFO org.apache.nifi.processors.standard.TestEncryptContentGroovy - Attribute: encryptcontent.cipher_text_length: 115
[main] INFO org.apache.nifi.processors.standard.TestEncryptContentGroovy - Attribute: encryptcontent.iv                : 38ad808c2722f445ff31069e30651253
[main] INFO org.apache.nifi.processors.standard.TestEncryptContentGroovy - Attribute: encryptcontent.iv_length         : 16
[main] INFO org.apache.nifi.processors.standard.TestEncryptContentGroovy - Attribute: encryptcontent.kdf               : ARGON2
[main] INFO org.apache.nifi.processors.standard.TestEncryptContentGroovy - Attribute: encryptcontent.kdf_salt          : $argon2id$v=19$m=65536,t=5,p=8$vESY3aUY6N+WMnpGGkK+2g
[main] INFO org.apache.nifi.processors.standard.TestEncryptContentGroovy - Attribute: encryptcontent.kdf_salt_length   : 53
[main] INFO org.apache.nifi.processors.standard.TestEncryptContentGroovy - Attribute: encryptcontent.plaintext_length  : 29
[main] INFO org.apache.nifi.processors.standard.TestEncryptContentGroovy - Attribute: encryptcontent.salt              : bc4498dda518e8df96327a461a42beda
[main] INFO org.apache.nifi.processors.standard.TestEncryptContentGroovy - Attribute: encryptcontent.salt_length       : 16
[main] INFO org.apache.nifi.processors.standard.TestEncryptContentGroovy - Attribute: encryptcontent.timestamp         : 2024-05-02 03:57:29.363 +0100
[main] INFO org.apache.nifi.processors.standard.TestEncryptContentGroovy - Provided timestamp 2024-05-02 03:57:29.364 +0100 -> (ms): 1714618649364
[main] INFO org.apache.nifi.processors.standard.TestEncryptContentGroovy - Parsed timestamp   2024-05-02 03:57:29.363 +0100 -> (ms): 1714618649363
]]></system-err>
  </testcase>
  <testcase name="testPBKDF2ShouldWriteIterationsAsAttribute" classname="org.apache.nifi.security.util.crypto.PasswordBasedEncryptorGroovyTest" time="0.224">
    <system-err><![CDATA[[main] INFO org.apache.nifi.security.util.crypto.PasswordBasedEncryptorGroovyTest - Plaintext: This is a plaintext message. 
[main] DEBUG org.apache.nifi.security.util.crypto.PBKDF2CipherProvider - Resolved PRF SHA-512 to sha512
[main] DEBUG org.apache.nifi.security.util.crypto.PBKDF2CipherProvider - Resolved PRF SHA-512 to sha512
[main] DEBUG org.apache.nifi.security.util.crypto.PBKDF2SecureHasher - Validating PBKDF2 secure hasher with prf SHA-512, iteration count 160000, salt length 16 bytes, output length 16 bytes
[main] DEBUG org.apache.nifi.security.util.crypto.PBKDF2SecureHasher - Resolved PRF SHA-512 to sha512
[main] DEBUG org.apache.nifi.security.util.crypto.PBKDF2SecureHasher - The PRF is SHA-512, with a digest size (hLen) of 64 bytes
[main] DEBUG org.apache.nifi.security.util.crypto.PBKDF2SecureHasher - The max dkLength is 2147483647 bytes for hLen 64 bytes.
[main] DEBUG org.apache.nifi.security.util.crypto.PBKDF2SecureHasher - Resolved PRF SHA-512 to sha512
[main] DEBUG org.apache.nifi.security.util.crypto.PBKDF2SecureHasher - Creating PBKDF2 hash with salt [174c4fa5f8cff912f46299e96b0541bb] (16 bytes)
[main] DEBUG org.apache.nifi.security.util.crypto.PBKDF2SecureHasher - Generated PBKDF2 hash in 219 ms
[main] WARN org.apache.nifi.security.util.crypto.AESKeyedCipherProvider - An IV was provided of length 0 bytes for encryption but should be 16 bytes
[main] WARN org.apache.nifi.security.util.crypto.AESKeyedCipherProvider - Generating new IV. The value can be obtained in the calling code by invoking 'cipher.getIV()';
[main] INFO org.apache.nifi.security.util.crypto.PasswordBasedEncryptorGroovyTest - Cipher text (78): 174c4fa5f8cff912f46299e96b0541bb4e69466953414c542171d462194420b6e4e3366423ce25554e6946694956df170380cd1cd4f2b7eb79ac3069ec51a610dbec7382f8510d22d1770e9454ef
[main] INFO org.apache.nifi.processors.standard.TestEncryptContentGroovy - Attribute: encryptcontent.action            : encrypted
[main] INFO org.apache.nifi.processors.standard.TestEncryptContentGroovy - Attribute: encryptcontent.algorithm         : AES_CBC
[main] INFO org.apache.nifi.processors.standard.TestEncryptContentGroovy - Attribute: encryptcontent.cipher_text_length: 78
[main] INFO org.apache.nifi.processors.standard.TestEncryptContentGroovy - Attribute: encryptcontent.iv                : 2171d462194420b6e4e3366423ce2555
[main] INFO org.apache.nifi.processors.standard.TestEncryptContentGroovy - Attribute: encryptcontent.iv_length         : 16
[main] INFO org.apache.nifi.processors.standard.TestEncryptContentGroovy - Attribute: encryptcontent.kdf               : PBKDF2
[main] INFO org.apache.nifi.processors.standard.TestEncryptContentGroovy - Attribute: encryptcontent.pbkdf2_iterations : 160000
[main] INFO org.apache.nifi.processors.standard.TestEncryptContentGroovy - Attribute: encryptcontent.plaintext_length  : 29
[main] INFO org.apache.nifi.processors.standard.TestEncryptContentGroovy - Attribute: encryptcontent.salt              : 174c4fa5f8cff912f46299e96b0541bb
[main] INFO org.apache.nifi.processors.standard.TestEncryptContentGroovy - Attribute: encryptcontent.salt_length       : 16
[main] INFO org.apache.nifi.processors.standard.TestEncryptContentGroovy - Attribute: encryptcontent.timestamp         : 2024-05-02 03:57:29.588 +0100
]]></system-err>
  </testcase>
  <testcase name="testShouldDecryptLegacyOpenSSLSaltedCipherText" classname="org.apache.nifi.security.util.crypto.PasswordBasedEncryptorGroovyTest" time="0.001">
    <system-err><![CDATA[[main] INFO org.apache.nifi.security.util.crypto.PasswordBasedEncryptorGroovyTest - Plaintext: This is a plaintext message.
[main] INFO org.apache.nifi.security.util.crypto.PasswordBasedEncryptorGroovyTest - Cipher bytes: 53616c7465645f5f21438236c07935d1ee12efde908d967d0433e2fc242fcd73e24241af40c095833c5d7481d4c14cf8
[main] INFO org.apache.nifi.security.util.crypto.PasswordBasedEncryptorGroovyTest - Recovered: This is a plaintext message.
]]></system-err>
  </testcase>
  <testcase name="testShouldEncryptAndDecrypt" classname="org.apache.nifi.security.util.crypto.PasswordBasedEncryptorGroovyTest" time="1.249">
    <system-err><![CDATA[[main] INFO org.apache.nifi.security.util.crypto.PasswordBasedEncryptorGroovyTest - Plaintext: This is a plaintext message.
[main] INFO org.apache.nifi.security.util.crypto.PasswordBasedEncryptorGroovyTest - Using OpenSSL EVP_BytesToKey and MD5_128AES
[main] INFO org.apache.nifi.security.util.crypto.PasswordBasedEncryptorGroovyTest - Encrypted: 53616c7465645f5fd5932deb1426bd797781d8654691d7444c9f1c47c09ada4aa6f269a24732fd41f47f5355838f13f0
[main] INFO org.apache.nifi.security.util.crypto.PasswordBasedEncryptorGroovyTest - Recovered: This is a plaintext message.


[main] INFO org.apache.nifi.security.util.crypto.PasswordBasedEncryptorGroovyTest - Using NiFi Legacy KDF and MD5_128AES
[main] INFO org.apache.nifi.security.util.crypto.PasswordBasedEncryptorGroovyTest - Encrypted: 7826c6f02d7fbcd4250087d3d12d8da41cdb4b52d2d0a5c413c7c8e57d9a9beeb9b17872cc6e8f9b00980c8e1607605f
[main] INFO org.apache.nifi.security.util.crypto.PasswordBasedEncryptorGroovyTest - Recovered: This is a plaintext message.


[main] INFO org.apache.nifi.security.util.crypto.PasswordBasedEncryptorGroovyTest - Using Bcrypt and AES_CBC
[main] DEBUG org.apache.nifi.security.util.crypto.BcryptSecureHasher - Creating Bcrypt hash with salt [e042b8c5e3a12c089dede2b4311dd9dd] (16 bytes)
[main] DEBUG org.apache.nifi.security.util.crypto.BcryptSecureHasher - Generated Bcrypt hash in 284 ms
[main] WARN org.apache.nifi.security.util.crypto.AESKeyedCipherProvider - An IV was provided of length 0 bytes for encryption but should be 16 bytes
[main] WARN org.apache.nifi.security.util.crypto.AESKeyedCipherProvider - Generating new IV. The value can be obtained in the calling code by invoking 'cipher.getIV()';
[main] INFO org.apache.nifi.security.util.crypto.PasswordBasedEncryptorGroovyTest - Encrypted: 243261243132243243493276634d664a2e6762356349794b503158314f4e69466953414c54aebcb9a2a83f610880a643b267665ce04e694669495699728fc32519422025feb4b777d9d26985e88ca246dce938e7128bf8c7fca6f8
[main] DEBUG org.apache.nifi.security.util.crypto.BcryptSecureHasher - Creating Bcrypt hash with salt [e042b8c5e3a12c089dede2b4311dd9dd] (16 bytes)
[main] DEBUG org.apache.nifi.security.util.crypto.BcryptSecureHasher - Generated Bcrypt hash in 285 ms
[main] INFO org.apache.nifi.security.util.crypto.PasswordBasedEncryptorGroovyTest - Recovered: This is a plaintext message.


[main] INFO org.apache.nifi.security.util.crypto.PasswordBasedEncryptorGroovyTest - Using Scrypt and AES_CBC
[main] DEBUG org.apache.nifi.security.util.crypto.ScryptSecureHasher - Calculated maximum p value as (2^32 - 1) * 32 [137438953440] / (128 * r) [1024] = 134217727
[main] DEBUG org.apache.nifi.security.util.crypto.ScryptSecureHasher - Creating 16 byte Scrypt hash with salt [6e73aeb4b790016f56fe51ba1d6c7e25]
[main] DEBUG org.apache.nifi.security.util.crypto.ScryptSecureHasher - Generated Scrypt hash in 124 ms
[main] WARN org.apache.nifi.security.util.crypto.AESKeyedCipherProvider - An IV was provided of length 0 bytes for encryption but should be 16 bytes
[main] WARN org.apache.nifi.security.util.crypto.AESKeyedCipherProvider - Generating new IV. The value can be obtained in the calling code by invoking 'cipher.getIV()';
[main] INFO org.apache.nifi.security.util.crypto.PasswordBasedEncryptorGroovyTest - Encrypted: 24733024653038303124626e4f75744c6551415739572f6c47364857782b4a514e69466953414c5487ca55e2843f546aa3cedab1e0113db64e694669495629a90d0f2e45f3741201c9f740ac87cd8ce94df3bbee34e3082cdfd855118858
[main] DEBUG org.apache.nifi.security.util.crypto.ScryptSecureHasher - Calculated maximum p value as (2^32 - 1) * 32 [137438953440] / (128 * r) [1024] = 134217727
[main] DEBUG org.apache.nifi.security.util.crypto.ScryptSecureHasher - Creating 16 byte Scrypt hash with salt [6e73aeb4b790016f56fe51ba1d6c7e25]
[main] DEBUG org.apache.nifi.security.util.crypto.ScryptSecureHasher - Generated Scrypt hash in 117 ms
[main] INFO org.apache.nifi.security.util.crypto.PasswordBasedEncryptorGroovyTest - Recovered: This is a plaintext message.


[main] INFO org.apache.nifi.security.util.crypto.PasswordBasedEncryptorGroovyTest - Using PBKDF2 and AES_CBC
[main] DEBUG org.apache.nifi.security.util.crypto.PBKDF2CipherProvider - Resolved PRF SHA-512 to sha512
[main] DEBUG org.apache.nifi.security.util.crypto.PBKDF2SecureHasher - Validating PBKDF2 secure hasher with prf SHA-512, iteration count 160000, salt length 16 bytes, output length 16 bytes
[main] DEBUG org.apache.nifi.security.util.crypto.PBKDF2SecureHasher - Resolved PRF SHA-512 to sha512
[main] DEBUG org.apache.nifi.security.util.crypto.PBKDF2SecureHasher - The PRF is SHA-512, with a digest size (hLen) of 64 bytes
[main] DEBUG org.apache.nifi.security.util.crypto.PBKDF2SecureHasher - The max dkLength is 2147483647 bytes for hLen 64 bytes.
[main] DEBUG org.apache.nifi.security.util.crypto.PBKDF2SecureHasher - Resolved PRF SHA-512 to sha512
[main] DEBUG org.apache.nifi.security.util.crypto.PBKDF2SecureHasher - Creating PBKDF2 hash with salt [656084ee59e69231a58f1db6c8702f76] (16 bytes)
[main] DEBUG org.apache.nifi.security.util.crypto.PBKDF2SecureHasher - Generated PBKDF2 hash in 215 ms
[main] WARN org.apache.nifi.security.util.crypto.AESKeyedCipherProvider - An IV was provided of length 0 bytes for encryption but should be 16 bytes
[main] WARN org.apache.nifi.security.util.crypto.AESKeyedCipherProvider - Generating new IV. The value can be obtained in the calling code by invoking 'cipher.getIV()';
[main] INFO org.apache.nifi.security.util.crypto.PasswordBasedEncryptorGroovyTest - Encrypted: 656084ee59e69231a58f1db6c8702f764e69466953414c54d29b8400f0c07580bf3096baaa4e356e4e6946694956b4d2a7c3caa70a322f4fd27773218923648e3aca36f8b674d955ee3bfd3ee455
[main] DEBUG org.apache.nifi.security.util.crypto.PBKDF2CipherProvider - Resolved PRF SHA-512 to sha512
[main] DEBUG org.apache.nifi.security.util.crypto.PBKDF2SecureHasher - Validating PBKDF2 secure hasher with prf SHA-512, iteration count 160000, salt length 16 bytes, output length 16 bytes
[main] DEBUG org.apache.nifi.security.util.crypto.PBKDF2SecureHasher - Resolved PRF SHA-512 to sha512
[main] DEBUG org.apache.nifi.security.util.crypto.PBKDF2SecureHasher - The PRF is SHA-512, with a digest size (hLen) of 64 bytes
[main] DEBUG org.apache.nifi.security.util.crypto.PBKDF2SecureHasher - The max dkLength is 2147483647 bytes for hLen 64 bytes.
[main] DEBUG org.apache.nifi.security.util.crypto.PBKDF2SecureHasher - Resolved PRF SHA-512 to sha512
[main] DEBUG org.apache.nifi.security.util.crypto.PBKDF2SecureHasher - Creating PBKDF2 hash with salt [656084ee59e69231a58f1db6c8702f76] (16 bytes)
[main] DEBUG org.apache.nifi.security.util.crypto.PBKDF2SecureHasher - Generated PBKDF2 hash in 215 ms
[main] INFO org.apache.nifi.security.util.crypto.PasswordBasedEncryptorGroovyTest - Recovered: This is a plaintext message.


]]></system-err>
  </testcase>
</testsuite>