<?xml version="1.0" encoding="UTF-8"?>
<testsuite xmlns:xsi="http://www.w3.org/2001/XMLSchema-instance" xsi:noNamespaceSchemaLocation="https://maven.apache.org/surefire/maven-surefire-plugin/xsd/surefire-test-report-3.0.xsd" version="3.0" name="org.apache.nifi.minifi.bootstrap.configuration.ingestors.PullHttpChangeIngestorTest" time="1.651" tests="7" errors="0" skipped="0" failures="0">
  <properties>
    <property name="sun.desktop" value="gnome"/>
    <property name="awt.toolkit" value="sun.awt.X11.XToolkit"/>
    <property name="file.encoding.pkg" value="sun.io"/>
    <property name="java.specification.version" value="1.8"/>
    <property name="sun.cpu.isalist" value=""/>
    <property name="sun.jnu.encoding" value="UTF-8"/>
    <property name="java.class.path" value="/home/alex/Repositories/nifi/minifi/minifi-bootstrap/target/test-classes:/home/alex/Repositories/nifi/minifi/minifi-bootstrap/target/classes:/home/alex/.m2/repository/org/slf4j/slf4j-api/1.7.32/slf4j-api-1.7.32.jar:/home/alex/.m2/repository/ch/qos/logback/logback-classic/1.2.6/logback-classic-1.2.6.jar:/home/alex/.m2/repository/ch/qos/logback/logback-core/1.2.6/logback-core-1.2.6.jar:/home/alex/Repositories/nifi/nifi-api/target/classes:/home/alex/Repositories/nifi/nifi-commons/nifi-bootstrap-utils/target/classes:/home/alex/.m2/repository/net/java/dev/jna/jna-platform/4.4.0/jna-platform-4.4.0.jar:/home/alex/.m2/repository/net/java/dev/jna/jna/4.4.0/jna-4.4.0.jar:/home/alex/Repositories/nifi/nifi-nar-bundles/nifi-extension-utils/nifi-processor-utils/target/classes:/home/alex/Repositories/nifi/nifi-commons/nifi-security-socket-ssl/target/classes:/home/alex/.m2/repository/org/apache/commons/commons-lang3/3.9/commons-lang3-3.9.jar:/home/alex/.m2/repository/com/fasterxml/jackson/core/jackson-databind/2.12.3/jackson-databind-2.12.3.jar:/home/alex/.m2/repository/com/fasterxml/jackson/core/jackson-annotations/2.12.3/jackson-annotations-2.12.3.jar:/home/alex/.m2/repository/com/fasterxml/jackson/core/jackson-core/2.12.3/jackson-core-2.12.3.jar:/home/alex/Repositories/nifi/nifi-nar-bundles/nifi-standard-services/nifi-record-serialization-service-api/target/classes:/home/alex/Repositories/nifi/nifi-commons/nifi-record/target/classes:/home/alex/Repositories/nifi/nifi-nar-bundles/nifi-extension-utils/nifi-event-transport/target/classes:/home/alex/.m2/repository/io/netty/netty-handler/4.1.69.Final/netty-handler-4.1.69.Final.jar:/home/alex/.m2/repository/io/netty/netty-common/4.1.69.Final/netty-common-4.1.69.Final.jar:/home/alex/.m2/repository/io/netty/netty-resolver/4.1.69.Final/netty-resolver-4.1.69.Final.jar:/home/alex/.m2/repository/io/netty/netty-buffer/4.1.69.Final/netty-buffer-4.1.69.Final.jar:/home/alex/.m2/repository/io/netty/netty-transport/4.1.69.Final/netty-transport-4.1.69.Final.jar:/home/alex/.m2/repository/io/netty/netty-codec/4.1.69.Final/netty-codec-4.1.69.Final.jar:/home/alex/Repositories/nifi/nifi-commons/nifi-expression-language/target/classes:/home/alex/.m2/repository/org/antlr/antlr-runtime/3.5.2/antlr-runtime-3.5.2.jar:/home/alex/Repositories/nifi/nifi-commons/nifi-parameter/target/classes:/home/alex/Repositories/nifi/nifi-commons/nifi-uuid5/target/classes:/home/alex/.m2/repository/com/jayway/jsonpath/json-path/2.6.0/json-path-2.6.0.jar:/home/alex/.m2/repository/net/minidev/json-smart/2.4.7/json-smart-2.4.7.jar:/home/alex/.m2/repository/net/minidev/accessors-smart/2.4.7/accessors-smart-2.4.7.jar:/home/alex/.m2/repository/org/ow2/asm/asm/9.1/asm-9.1.jar:/home/alex/.m2/repository/org/apache/commons/commons-text/1.8/commons-text-1.8.jar:/home/alex/.m2/repository/commons-codec/commons-codec/1.10/commons-codec-1.10.jar:/home/alex/Repositories/nifi/minifi/minifi-commons/minifi-utils/target/classes:/home/alex/Repositories/nifi/nifi-commons/nifi-utils/target/classes:/home/alex/Repositories/nifi/nifi-commons/nifi-properties/target/classes:/home/alex/Repositories/nifi/nifi-commons/nifi-property-utils/target/classes:/home/alex/.m2/repository/org/yaml/snakeyaml/1.29/snakeyaml-1.29.jar:/home/alex/Repositories/nifi/minifi/minifi-commons/minifi-commons-schema/target/classes:/home/alex/.m2/repository/org/eclipse/jetty/jetty-server/9.4.44.v20210927/jetty-server-9.4.44.v20210927.jar:/home/alex/.m2/repository/javax/servlet/javax.servlet-api/3.1.0/javax.servlet-api-3.1.0.jar:/home/alex/.m2/repository/org/eclipse/jetty/jetty-http/9.4.44.v20210927/jetty-http-9.4.44.v20210927.jar:/home/alex/.m2/repository/org/eclipse/jetty/jetty-util/9.4.44.v20210927/jetty-util-9.4.44.v20210927.jar:/home/alex/.m2/repository/org/eclipse/jetty/jetty-io/9.4.44.v20210927/jetty-io-9.4.44.v20210927.jar:/home/alex/.m2/repository/org/eclipse/jetty/jetty-servlet/9.4.44.v20210927/jetty-servlet-9.4.44.v20210927.jar:/home/alex/.m2/repository/org/eclipse/jetty/jetty-security/9.4.44.v20210927/jetty-security-9.4.44.v20210927.jar:/home/alex/.m2/repository/org/eclipse/jetty/jetty-util-ajax/9.4.44.v20210927/jetty-util-ajax-9.4.44.v20210927.jar:/home/alex/.m2/repository/com/squareup/okhttp3/okhttp/3.12.3/okhttp-3.12.3.jar:/home/alex/.m2/repository/com/squareup/okio/okio/1.15.0/okio-1.15.0.jar:/home/alex/.m2/repository/commons-io/commons-io/2.10.0/commons-io-2.10.0.jar:/home/alex/.m2/repository/junit/junit/4.13.2/junit-4.13.2.jar:/home/alex/.m2/repository/org/hamcrest/hamcrest-core/1.3/hamcrest-core-1.3.jar:/home/alex/.m2/repository/org/mockito/mockito-all/1.10.19/mockito-all-1.10.19.jar:/home/alex/.m2/repository/org/slf4j/slf4j-simple/1.7.32/slf4j-simple-1.7.32.jar:/home/alex/.m2/repository/org/junit/jupiter/junit-jupiter-api/5.7.2/junit-jupiter-api-5.7.2.jar:/home/alex/.m2/repository/org/apiguardian/apiguardian-api/1.1.0/apiguardian-api-1.1.0.jar:/home/alex/.m2/repository/org/opentest4j/opentest4j/1.2.0/opentest4j-1.2.0.jar:/home/alex/.m2/repository/org/junit/platform/junit-platform-commons/1.7.2/junit-platform-commons-1.7.2.jar:/home/alex/.m2/repository/org/junit/jupiter/junit-jupiter-engine/5.7.2/junit-jupiter-engine-5.7.2.jar:/home/alex/.m2/repository/org/junit/platform/junit-platform-engine/1.7.2/junit-platform-engine-1.7.2.jar:/home/alex/.m2/repository/org/junit/vintage/junit-vintage-engine/5.7.2/junit-vintage-engine-5.7.2.jar:/home/alex/.m2/repository/org/junit/jupiter/junit-jupiter-params/5.7.2/junit-jupiter-params-5.7.2.jar:/home/alex/.m2/repository/org/mockito/mockito-core/3.11.2/mockito-core-3.11.2.jar:/home/alex/.m2/repository/net/bytebuddy/byte-buddy/1.11.3/byte-buddy-1.11.3.jar:/home/alex/.m2/repository/net/bytebuddy/byte-buddy-agent/1.11.3/byte-buddy-agent-1.11.3.jar:/home/alex/.m2/repository/org/objenesis/objenesis/3.2/objenesis-3.2.jar:/home/alex/.m2/repository/org/mockito/mockito-junit-jupiter/3.11.2/mockito-junit-jupiter-3.11.2.jar:/home/alex/.m2/repository/org/codehaus/groovy/groovy-test/2.5.14/groovy-test-2.5.14.jar:/home/alex/.m2/repository/org/codehaus/groovy/groovy/2.5.14/groovy-2.5.14.jar:"/>
    <property name="java.vm.vendor" value="Private Build"/>
    <property name="sun.arch.data.model" value="64"/>
    <property name="java.vendor.url" value="http://java.oracle.com/"/>
    <property name="user.timezone" value="Europe/Lisbon"/>
    <property name="java.vm.specification.version" value="1.8"/>
    <property name="os.name" value="Linux"/>
    <property name="user.country" value="US"/>
    <property name="sun.java.launcher" value="SUN_STANDARD"/>
    <property name="sun.boot.library.path" value="/usr/lib/jvm/java-8-openjdk-amd64/jre/lib/amd64"/>
    <property name="sun.java.command" value="/home/alex/Repositories/nifi/minifi/minifi-bootstrap/target/surefire/surefirebooter1416354377247692628.jar /home/alex/Repositories/nifi/minifi/minifi-bootstrap/target/surefire 2024-05-02T03-47-00_422-jvmRun1 surefire7622173962521758475tmp surefire_1824329086298026534356tmp"/>
    <property name="surefire.test.class.path" value="/home/alex/Repositories/nifi/minifi/minifi-bootstrap/target/test-classes:/home/alex/Repositories/nifi/minifi/minifi-bootstrap/target/classes:/home/alex/.m2/repository/org/slf4j/slf4j-api/1.7.32/slf4j-api-1.7.32.jar:/home/alex/.m2/repository/ch/qos/logback/logback-classic/1.2.6/logback-classic-1.2.6.jar:/home/alex/.m2/repository/ch/qos/logback/logback-core/1.2.6/logback-core-1.2.6.jar:/home/alex/Repositories/nifi/nifi-api/target/classes:/home/alex/Repositories/nifi/nifi-commons/nifi-bootstrap-utils/target/classes:/home/alex/.m2/repository/net/java/dev/jna/jna-platform/4.4.0/jna-platform-4.4.0.jar:/home/alex/.m2/repository/net/java/dev/jna/jna/4.4.0/jna-4.4.0.jar:/home/alex/Repositories/nifi/nifi-nar-bundles/nifi-extension-utils/nifi-processor-utils/target/classes:/home/alex/Repositories/nifi/nifi-commons/nifi-security-socket-ssl/target/classes:/home/alex/.m2/repository/org/apache/commons/commons-lang3/3.9/commons-lang3-3.9.jar:/home/alex/.m2/repository/com/fasterxml/jackson/core/jackson-databind/2.12.3/jackson-databind-2.12.3.jar:/home/alex/.m2/repository/com/fasterxml/jackson/core/jackson-annotations/2.12.3/jackson-annotations-2.12.3.jar:/home/alex/.m2/repository/com/fasterxml/jackson/core/jackson-core/2.12.3/jackson-core-2.12.3.jar:/home/alex/Repositories/nifi/nifi-nar-bundles/nifi-standard-services/nifi-record-serialization-service-api/target/classes:/home/alex/Repositories/nifi/nifi-commons/nifi-record/target/classes:/home/alex/Repositories/nifi/nifi-nar-bundles/nifi-extension-utils/nifi-event-transport/target/classes:/home/alex/.m2/repository/io/netty/netty-handler/4.1.69.Final/netty-handler-4.1.69.Final.jar:/home/alex/.m2/repository/io/netty/netty-common/4.1.69.Final/netty-common-4.1.69.Final.jar:/home/alex/.m2/repository/io/netty/netty-resolver/4.1.69.Final/netty-resolver-4.1.69.Final.jar:/home/alex/.m2/repository/io/netty/netty-buffer/4.1.69.Final/netty-buffer-4.1.69.Final.jar:/home/alex/.m2/repository/io/netty/netty-transport/4.1.69.Final/netty-transport-4.1.69.Final.jar:/home/alex/.m2/repository/io/netty/netty-codec/4.1.69.Final/netty-codec-4.1.69.Final.jar:/home/alex/Repositories/nifi/nifi-commons/nifi-expression-language/target/classes:/home/alex/.m2/repository/org/antlr/antlr-runtime/3.5.2/antlr-runtime-3.5.2.jar:/home/alex/Repositories/nifi/nifi-commons/nifi-parameter/target/classes:/home/alex/Repositories/nifi/nifi-commons/nifi-uuid5/target/classes:/home/alex/.m2/repository/com/jayway/jsonpath/json-path/2.6.0/json-path-2.6.0.jar:/home/alex/.m2/repository/net/minidev/json-smart/2.4.7/json-smart-2.4.7.jar:/home/alex/.m2/repository/net/minidev/accessors-smart/2.4.7/accessors-smart-2.4.7.jar:/home/alex/.m2/repository/org/ow2/asm/asm/9.1/asm-9.1.jar:/home/alex/.m2/repository/org/apache/commons/commons-text/1.8/commons-text-1.8.jar:/home/alex/.m2/repository/commons-codec/commons-codec/1.10/commons-codec-1.10.jar:/home/alex/Repositories/nifi/minifi/minifi-commons/minifi-utils/target/classes:/home/alex/Repositories/nifi/nifi-commons/nifi-utils/target/classes:/home/alex/Repositories/nifi/nifi-commons/nifi-properties/target/classes:/home/alex/Repositories/nifi/nifi-commons/nifi-property-utils/target/classes:/home/alex/.m2/repository/org/yaml/snakeyaml/1.29/snakeyaml-1.29.jar:/home/alex/Repositories/nifi/minifi/minifi-commons/minifi-commons-schema/target/classes:/home/alex/.m2/repository/org/eclipse/jetty/jetty-server/9.4.44.v20210927/jetty-server-9.4.44.v20210927.jar:/home/alex/.m2/repository/javax/servlet/javax.servlet-api/3.1.0/javax.servlet-api-3.1.0.jar:/home/alex/.m2/repository/org/eclipse/jetty/jetty-http/9.4.44.v20210927/jetty-http-9.4.44.v20210927.jar:/home/alex/.m2/repository/org/eclipse/jetty/jetty-util/9.4.44.v20210927/jetty-util-9.4.44.v20210927.jar:/home/alex/.m2/repository/org/eclipse/jetty/jetty-io/9.4.44.v20210927/jetty-io-9.4.44.v20210927.jar:/home/alex/.m2/repository/org/eclipse/jetty/jetty-servlet/9.4.44.v20210927/jetty-servlet-9.4.44.v20210927.jar:/home/alex/.m2/repository/org/eclipse/jetty/jetty-security/9.4.44.v20210927/jetty-security-9.4.44.v20210927.jar:/home/alex/.m2/repository/org/eclipse/jetty/jetty-util-ajax/9.4.44.v20210927/jetty-util-ajax-9.4.44.v20210927.jar:/home/alex/.m2/repository/com/squareup/okhttp3/okhttp/3.12.3/okhttp-3.12.3.jar:/home/alex/.m2/repository/com/squareup/okio/okio/1.15.0/okio-1.15.0.jar:/home/alex/.m2/repository/commons-io/commons-io/2.10.0/commons-io-2.10.0.jar:/home/alex/.m2/repository/junit/junit/4.13.2/junit-4.13.2.jar:/home/alex/.m2/repository/org/hamcrest/hamcrest-core/1.3/hamcrest-core-1.3.jar:/home/alex/.m2/repository/org/mockito/mockito-all/1.10.19/mockito-all-1.10.19.jar:/home/alex/.m2/repository/org/slf4j/slf4j-simple/1.7.32/slf4j-simple-1.7.32.jar:/home/alex/.m2/repository/org/junit/jupiter/junit-jupiter-api/5.7.2/junit-jupiter-api-5.7.2.jar:/home/alex/.m2/repository/org/apiguardian/apiguardian-api/1.1.0/apiguardian-api-1.1.0.jar:/home/alex/.m2/repository/org/opentest4j/opentest4j/1.2.0/opentest4j-1.2.0.jar:/home/alex/.m2/repository/org/junit/platform/junit-platform-commons/1.7.2/junit-platform-commons-1.7.2.jar:/home/alex/.m2/repository/org/junit/jupiter/junit-jupiter-engine/5.7.2/junit-jupiter-engine-5.7.2.jar:/home/alex/.m2/repository/org/junit/platform/junit-platform-engine/1.7.2/junit-platform-engine-1.7.2.jar:/home/alex/.m2/repository/org/junit/vintage/junit-vintage-engine/5.7.2/junit-vintage-engine-5.7.2.jar:/home/alex/.m2/repository/org/junit/jupiter/junit-jupiter-params/5.7.2/junit-jupiter-params-5.7.2.jar:/home/alex/.m2/repository/org/mockito/mockito-core/3.11.2/mockito-core-3.11.2.jar:/home/alex/.m2/repository/net/bytebuddy/byte-buddy/1.11.3/byte-buddy-1.11.3.jar:/home/alex/.m2/repository/net/bytebuddy/byte-buddy-agent/1.11.3/byte-buddy-agent-1.11.3.jar:/home/alex/.m2/repository/org/objenesis/objenesis/3.2/objenesis-3.2.jar:/home/alex/.m2/repository/org/mockito/mockito-junit-jupiter/3.11.2/mockito-junit-jupiter-3.11.2.jar:/home/alex/.m2/repository/org/codehaus/groovy/groovy-test/2.5.14/groovy-test-2.5.14.jar:/home/alex/.m2/repository/org/codehaus/groovy/groovy/2.5.14/groovy-2.5.14.jar:"/>
    <property name="sun.cpu.endian" value="little"/>
    <property name="user.home" value="/home/alex"/>
    <property name="user.language" value="en"/>
    <property name="java.specification.vendor" value="Oracle Corporation"/>
    <property name="java.home" value="/usr/lib/jvm/java-8-openjdk-amd64/jre"/>
    <property name="basedir" value="/home/alex/Repositories/nifi/minifi/minifi-bootstrap"/>
    <property name="file.separator" value="/"/>
    <property name="line.separator" value="&#10;"/>
    <property name="java.vm.specification.vendor" value="Oracle Corporation"/>
    <property name="java.specification.name" value="Java Platform API Specification"/>
    <property name="java.awt.graphicsenv" value="sun.awt.X11GraphicsEnvironment"/>
    <property name="java.awt.headless" value="true"/>
    <property name="surefire.real.class.path" value="/home/alex/Repositories/nifi/minifi/minifi-bootstrap/target/surefire/surefirebooter1416354377247692628.jar"/>
    <property name="sun.boot.class.path" value="/usr/lib/jvm/java-8-openjdk-amd64/jre/lib/resources.jar:/usr/lib/jvm/java-8-openjdk-amd64/jre/lib/rt.jar:/usr/lib/jvm/java-8-openjdk-amd64/jre/lib/sunrsasign.jar:/usr/lib/jvm/java-8-openjdk-amd64/jre/lib/jsse.jar:/usr/lib/jvm/java-8-openjdk-amd64/jre/lib/jce.jar:/usr/lib/jvm/java-8-openjdk-amd64/jre/lib/charsets.jar:/usr/lib/jvm/java-8-openjdk-amd64/jre/lib/jfr.jar:/usr/lib/jvm/java-8-openjdk-amd64/jre/classes"/>
    <property name="sun.management.compiler" value="HotSpot 64-Bit Tiered Compilers"/>
    <property name="java.runtime.version" value="1.8.0_402-8u402-ga-2ubuntu1~22.04-b06"/>
    <property name="java.net.preferIPv4Stack" value="true"/>
    <property name="user.name" value="alex"/>
    <property name="path.separator" value=":"/>
    <property name="os.version" value="6.5.0-28-generic"/>
    <property name="java.endorsed.dirs" value="/usr/lib/jvm/java-8-openjdk-amd64/jre/lib/endorsed"/>
    <property name="java.runtime.name" value="OpenJDK Runtime Environment"/>
    <property name="file.encoding" value="UTF-8"/>
    <property name="java.vm.name" value="OpenJDK 64-Bit Server VM"/>
    <property name="localRepository" value="/home/alex/.m2/repository"/>
    <property name="java.vendor.url.bug" value="http://bugreport.sun.com/bugreport/"/>
    <property name="jetty.git.hash" value="8da83308eeca865e495e53ef315a249d63ba9332"/>
    <property name="java.io.tmpdir" value="/tmp"/>
    <property name="java.version" value="1.8.0_402"/>
    <property name="user.dir" value="/home/alex/Repositories/nifi/minifi/minifi-bootstrap"/>
    <property name="os.arch" value="amd64"/>
    <property name="java.vm.specification.name" value="Java Virtual Machine Specification"/>
    <property name="java.awt.printerjob" value="sun.print.PSPrinterJob"/>
    <property name="sun.os.patch.level" value="unknown"/>
    <property name="java.library.path" value="/usr/java/packages/lib/amd64:/usr/lib/x86_64-linux-gnu/jni:/lib/x86_64-linux-gnu:/usr/lib/x86_64-linux-gnu:/usr/lib/jni:/lib:/usr/lib"/>
    <property name="java.vm.info" value="mixed mode"/>
    <property name="java.vendor" value="Private Build"/>
    <property name="java.vm.version" value="25.402-b06"/>
    <property name="java.specification.maintenance.version" value="5"/>
    <property name="java.ext.dirs" value="/usr/lib/jvm/java-8-openjdk-amd64/jre/lib/ext:/usr/java/packages/lib/ext"/>
    <property name="sun.io.unicode.encoding" value="UnicodeLittle"/>
    <property name="java.class.version" value="52.0"/>
  </properties>
  <testcase name="testNewUpdateWithPath" classname="org.apache.nifi.minifi.bootstrap.configuration.ingestors.PullHttpChangeIngestorTest" time="0.258">
    <system-out><![CDATA[04:06:34.259 [main] DEBUG org.eclipse.jetty.util.log - Logging to Logger[org.eclipse.jetty.util.log] via org.eclipse.jetty.util.log.Slf4jLog
04:06:34.260 [main] INFO org.eclipse.jetty.util.log - Logging initialized @901ms to org.eclipse.jetty.util.log.Slf4jLog
04:06:34.266 [main] DEBUG org.eclipse.jetty.util.component.ContainerLifeCycle - QueuedThreadPool[qtp961160488]@394a2528{STOPPED,8<=0<=200,i=0,r=-1,q=0}[NO_TRY] added {org.eclipse.jetty.util.thread.ThreadPoolBudget@2a266d09,POJO}
04:06:34.280 [main] DEBUG org.eclipse.jetty.util.component.ContainerLifeCycle - Server@53aad5d5{STOPPED}[9.4.44.v20210927] added {QueuedThreadPool[qtp961160488]@394a2528{STOPPED,8<=0<=200,i=0,r=-1,q=0}[NO_TRY],AUTO}
04:06:34.283 [main] DEBUG org.eclipse.jetty.util.component.ContainerLifeCycle - HandlerCollection@2892dae4{STOPPED} added {JettyHandler@355ce81c{STOPPED},AUTO}
04:06:34.283 [main] DEBUG org.eclipse.jetty.util.component.ContainerLifeCycle - Server@53aad5d5{STOPPED}[9.4.44.v20210927] added {HandlerCollection@2892dae4{STOPPED},MANAGED}
04:06:34.300 [main] DEBUG org.eclipse.jetty.util.component.ContainerLifeCycle - HttpConnectionFactory@22e357dc[HTTP/1.1] added {HttpConfiguration@49912c99{32768/8192,8192/8192,https://:0,[]},POJO}
04:06:34.307 [main] DEBUG org.eclipse.jetty.util.component.ContainerLifeCycle - ServerConnector@446293d{null, ()}{0.0.0.0:0} added {Server@53aad5d5{STOPPED}[9.4.44.v20210927],UNMANAGED}
04:06:34.308 [main] DEBUG org.eclipse.jetty.util.component.ContainerLifeCycle - ServerConnector@446293d{null, ()}{0.0.0.0:0} added {QueuedThreadPool[qtp961160488]@394a2528{STOPPED,8<=0<=200,i=0,r=-1,q=0}[NO_TRY],AUTO}
04:06:34.308 [main] DEBUG org.eclipse.jetty.util.component.ContainerLifeCycle - ServerConnector@446293d{null, ()}{0.0.0.0:0} added {ScheduledExecutorScheduler@3059cbc{STOPPED},AUTO}
04:06:34.308 [main] DEBUG org.eclipse.jetty.util.component.ContainerLifeCycle - ServerConnector@446293d{null, ()}{0.0.0.0:0} added {org.eclipse.jetty.io.ArrayByteBufferPool@7ea9e1e2,POJO}
04:06:34.308 [main] DEBUG org.eclipse.jetty.util.component.ContainerLifeCycle - ServerConnector@446293d{null, (http/1.1)}{0.0.0.0:0} added {HttpConnectionFactory@22e357dc[HTTP/1.1],AUTO}
04:06:34.309 [main] DEBUG org.eclipse.jetty.server.AbstractConnector - ServerConnector@446293d{HTTP/1.1, (http/1.1)}{0.0.0.0:0} added HttpConnectionFactory@22e357dc[HTTP/1.1]
04:06:34.312 [main] DEBUG org.eclipse.jetty.util.component.ContainerLifeCycle - ServerConnector@446293d{HTTP/1.1, (http/1.1)}{0.0.0.0:0} added {SelectorManager@ServerConnector@446293d{HTTP/1.1, (http/1.1)}{0.0.0.0:0},MANAGED}
04:06:34.312 [main] DEBUG org.eclipse.jetty.util.component.ContainerLifeCycle - Server@53aad5d5{STOPPED}[9.4.44.v20210927] added {ServerConnector@446293d{HTTP/1.1, (http/1.1)}{localhost:0},AUTO}
04:06:34.312 [main] DEBUG org.eclipse.jetty.util.component.AbstractLifeCycle - starting Server@53aad5d5{STOPPED}[9.4.44.v20210927]
04:06:34.314 [main] DEBUG org.eclipse.jetty.util.component.ContainerLifeCycle - Server@53aad5d5{STARTING}[9.4.44.v20210927] added {ErrorHandler@4d5b6aac{STOPPED},AUTO}
04:06:34.315 [main] INFO org.eclipse.jetty.server.Server - jetty-9.4.44.v20210927; built: 2021-09-27T23:02:44.612Z; git: 8da83308eeca865e495e53ef315a249d63ba9332; jvm 1.8.0_402-8u402-ga-2ubuntu1~22.04-b06
04:06:34.325 [main] DEBUG org.eclipse.jetty.server.handler.AbstractHandler - starting Server@53aad5d5{STARTING}[9.4.44.v20210927]
04:06:34.325 [main] DEBUG org.eclipse.jetty.util.component.AbstractLifeCycle - starting QueuedThreadPool[qtp961160488]@394a2528{STOPPED,8<=0<=200,i=0,r=-1,q=0}[NO_TRY]
04:06:34.326 [main] DEBUG org.eclipse.jetty.util.thread.ReservedThreadExecutor - ReservedThreadExecutor@383bfa16{reserved=0/8,pending=0}
04:06:34.326 [main] DEBUG org.eclipse.jetty.util.component.ContainerLifeCycle - QueuedThreadPool[qtp961160488]@394a2528{STARTING,8<=0<=200,i=0,r=-1,q=0}[ReservedThreadExecutor@383bfa16{reserved=0/8,pending=0}] added {ReservedThreadExecutor@383bfa16{reserved=0/8,pending=0},AUTO}
04:06:34.326 [main] DEBUG org.eclipse.jetty.util.component.AbstractLifeCycle - starting ReservedThreadExecutor@383bfa16{reserved=0/8,pending=0}
04:06:34.329 [main] DEBUG org.eclipse.jetty.util.component.AbstractLifeCycle - STARTED @970ms ReservedThreadExecutor@383bfa16{reserved=0/8,pending=0}
04:06:34.330 [main] DEBUG org.eclipse.jetty.util.thread.QueuedThreadPool - Starting Thread[qtp961160488-15,5,main]
04:06:34.330 [main] DEBUG org.eclipse.jetty.util.thread.QueuedThreadPool - Starting Thread[qtp961160488-16,5,main]
04:06:34.330 [main] DEBUG org.eclipse.jetty.util.thread.QueuedThreadPool - Starting Thread[qtp961160488-17,5,main]
04:06:34.330 [qtp961160488-15] DEBUG org.eclipse.jetty.util.thread.QueuedThreadPool - Runner started for QueuedThreadPool[qtp961160488]@394a2528{STARTING,8<=2<=200,i=2,r=-1,q=0}[ReservedThreadExecutor@383bfa16{reserved=0/8,pending=0}]
04:06:34.330 [qtp961160488-16] DEBUG org.eclipse.jetty.util.thread.QueuedThreadPool - Runner started for QueuedThreadPool[qtp961160488]@394a2528{STARTING,8<=3<=200,i=3,r=-1,q=0}[ReservedThreadExecutor@383bfa16{reserved=0/8,pending=0}]
04:06:34.330 [main] DEBUG org.eclipse.jetty.util.thread.QueuedThreadPool - Starting Thread[qtp961160488-18,5,main]
04:06:34.331 [qtp961160488-17] DEBUG org.eclipse.jetty.util.thread.QueuedThreadPool - Runner started for QueuedThreadPool[qtp961160488]@394a2528{STARTING,8<=4<=200,i=4,r=-1,q=0}[ReservedThreadExecutor@383bfa16{reserved=0/8,pending=0}]
04:06:34.331 [main] DEBUG org.eclipse.jetty.util.thread.QueuedThreadPool - Starting Thread[qtp961160488-19,5,main]
04:06:34.331 [main] DEBUG org.eclipse.jetty.util.thread.QueuedThreadPool - Starting Thread[qtp961160488-20,5,main]
04:06:34.331 [qtp961160488-18] DEBUG org.eclipse.jetty.util.thread.QueuedThreadPool - Runner started for QueuedThreadPool[qtp961160488]@394a2528{STARTING,8<=5<=200,i=5,r=-1,q=0}[ReservedThreadExecutor@383bfa16{reserved=0/8,pending=0}]
04:06:34.331 [main] DEBUG org.eclipse.jetty.util.thread.QueuedThreadPool - Starting Thread[qtp961160488-21,5,main]
04:06:34.331 [qtp961160488-19] DEBUG org.eclipse.jetty.util.thread.QueuedThreadPool - Runner started for QueuedThreadPool[qtp961160488]@394a2528{STARTING,8<=6<=200,i=6,r=-1,q=0}[ReservedThreadExecutor@383bfa16{reserved=0/8,pending=0}]
04:06:34.338 [main] DEBUG org.eclipse.jetty.util.thread.QueuedThreadPool - Starting Thread[qtp961160488-22,5,main]
04:06:34.338 [qtp961160488-21] DEBUG org.eclipse.jetty.util.thread.QueuedThreadPool - Runner started for QueuedThreadPool[qtp961160488]@394a2528{STARTING,8<=8<=200,i=8,r=-1,q=0}[ReservedThreadExecutor@383bfa16{reserved=0/8,pending=0}]
04:06:34.338 [qtp961160488-20] DEBUG org.eclipse.jetty.util.thread.QueuedThreadPool - Runner started for QueuedThreadPool[qtp961160488]@394a2528{STARTING,8<=8<=200,i=8,r=-1,q=0}[ReservedThreadExecutor@383bfa16{reserved=0/8,pending=0}]
04:06:34.338 [main] DEBUG org.eclipse.jetty.util.component.AbstractLifeCycle - STARTED @980ms QueuedThreadPool[qtp961160488]@394a2528{STARTED,8<=8<=200,i=8,r=-1,q=0}[ReservedThreadExecutor@383bfa16{reserved=0/8,pending=0}]
04:06:34.338 [main] DEBUG org.eclipse.jetty.util.component.AbstractLifeCycle - starting HandlerCollection@2892dae4{STOPPED}
04:06:34.338 [main] DEBUG org.eclipse.jetty.server.handler.AbstractHandler - starting HandlerCollection@2892dae4{STARTING}
04:06:34.339 [main] DEBUG org.eclipse.jetty.util.component.AbstractLifeCycle - starting JettyHandler@355ce81c{STOPPED}
04:06:34.339 [main] DEBUG org.eclipse.jetty.server.handler.AbstractHandler - starting JettyHandler@355ce81c{STARTING}
04:06:34.339 [main] DEBUG org.eclipse.jetty.util.component.AbstractLifeCycle - STARTED @980ms JettyHandler@355ce81c{STARTED}
04:06:34.339 [main] DEBUG org.eclipse.jetty.util.component.AbstractLifeCycle - STARTED @980ms HandlerCollection@2892dae4{STARTED}
04:06:34.339 [main] DEBUG org.eclipse.jetty.util.component.AbstractLifeCycle - starting ErrorHandler@4d5b6aac{STOPPED}
04:06:34.339 [main] DEBUG org.eclipse.jetty.server.handler.AbstractHandler - starting ErrorHandler@4d5b6aac{STARTING}
04:06:34.339 [main] DEBUG org.eclipse.jetty.util.component.AbstractLifeCycle - STARTED @981ms ErrorHandler@4d5b6aac{STARTED}
04:06:34.339 [qtp961160488-22] DEBUG org.eclipse.jetty.util.thread.QueuedThreadPool - Runner started for QueuedThreadPool[qtp961160488]@394a2528{STARTED,8<=8<=200,i=8,r=-1,q=0}[ReservedThreadExecutor@383bfa16{reserved=0/8,pending=0}]
04:06:34.339 [main] DEBUG org.eclipse.jetty.util.component.AbstractLifeCycle - starting ServerConnector@446293d{HTTP/1.1, (http/1.1)}{localhost:0}
04:06:34.343 [main] DEBUG org.eclipse.jetty.util.component.ContainerLifeCycle - ServerConnector@446293d{HTTP/1.1, (http/1.1)}{localhost:36153} added {sun.nio.ch.ServerSocketChannelImpl[/127.0.0.1:36153],POJO}
04:06:34.344 [main] DEBUG org.eclipse.jetty.util.component.AbstractLifeCycle - starting ScheduledExecutorScheduler@3059cbc{STOPPED}
04:06:34.344 [main] DEBUG org.eclipse.jetty.util.component.AbstractLifeCycle - STARTED @986ms ScheduledExecutorScheduler@3059cbc{STARTED}
04:06:34.344 [main] DEBUG org.eclipse.jetty.util.component.AbstractLifeCycle - starting HttpConnectionFactory@22e357dc[HTTP/1.1]
04:06:34.344 [main] DEBUG org.eclipse.jetty.util.component.AbstractLifeCycle - STARTED @986ms HttpConnectionFactory@22e357dc[HTTP/1.1]
04:06:34.344 [main] DEBUG org.eclipse.jetty.util.component.AbstractLifeCycle - starting SelectorManager@ServerConnector@446293d{HTTP/1.1, (http/1.1)}{localhost:36153}
04:06:34.360 [main] DEBUG org.eclipse.jetty.util.component.ContainerLifeCycle - EatWhatYouKill@25fb8912/SelectorProducer@d5b810e/IDLE/p=false/QueuedThreadPool[qtp961160488]@394a2528{STARTED,8<=8<=200,i=8,r=-1,q=0}[ReservedThreadExecutor@383bfa16{reserved=0/8,pending=0}][pc=0,pic=0,pec=0,epc=0]@2024-05-02T04:06:34.357+01:00 added {SelectorProducer@d5b810e,POJO}
04:06:34.361 [main] DEBUG org.eclipse.jetty.util.component.ContainerLifeCycle - EatWhatYouKill@25fb8912/SelectorProducer@d5b810e/IDLE/p=false/QueuedThreadPool[qtp961160488]@394a2528{STARTED,8<=8<=200,i=8,r=-1,q=0}[ReservedThreadExecutor@383bfa16{reserved=0/8,pending=0}][pc=0,pic=0,pec=0,epc=0]@2024-05-02T04:06:34.361+01:00 added {QueuedThreadPool[qtp961160488]@394a2528{STARTED,8<=8<=200,i=8,r=-1,q=0}[ReservedThreadExecutor@383bfa16{reserved=0/8,pending=0}],UNMANAGED}
04:06:34.361 [main] DEBUG org.eclipse.jetty.util.thread.strategy.EatWhatYouKill - EatWhatYouKill@25fb8912/SelectorProducer@d5b810e/IDLE/p=false/QueuedThreadPool[qtp961160488]@394a2528{STARTED,8<=8<=200,i=8,r=-1,q=0}[ReservedThreadExecutor@383bfa16{reserved=0/8,pending=0}][pc=0,pic=0,pec=0,epc=0]@2024-05-02T04:06:34.361+01:00 created
04:06:34.362 [main] DEBUG org.eclipse.jetty.util.component.ContainerLifeCycle - ManagedSelector@194bcebf{STOPPED} id=0 keys=-1 selected=-1 updates=0 added {EatWhatYouKill@25fb8912/SelectorProducer@d5b810e/IDLE/p=false/QueuedThreadPool[qtp961160488]@394a2528{STARTED,8<=8<=200,i=8,r=-1,q=0}[ReservedThreadExecutor@383bfa16{reserved=0/8,pending=0}][pc=0,pic=0,pec=0,epc=0]@2024-05-02T04:06:34.362+01:00,MANAGED}
04:06:34.362 [main] DEBUG org.eclipse.jetty.util.component.ContainerLifeCycle - SelectorManager@ServerConnector@446293d{HTTP/1.1, (http/1.1)}{localhost:36153} added {ManagedSelector@194bcebf{STOPPED} id=0 keys=-1 selected=-1 updates=0,AUTO}
04:06:34.363 [main] DEBUG org.eclipse.jetty.util.component.ContainerLifeCycle - EatWhatYouKill@17497425/SelectorProducer@f0da945/IDLE/p=false/QueuedThreadPool[qtp961160488]@394a2528{STARTED,8<=8<=200,i=8,r=-1,q=0}[ReservedThreadExecutor@383bfa16{reserved=0/8,pending=0}][pc=0,pic=0,pec=0,epc=0]@2024-05-02T04:06:34.363+01:00 added {SelectorProducer@f0da945,POJO}
04:06:34.363 [main] DEBUG org.eclipse.jetty.util.component.ContainerLifeCycle - EatWhatYouKill@17497425/SelectorProducer@f0da945/IDLE/p=false/QueuedThreadPool[qtp961160488]@394a2528{STARTED,8<=8<=200,i=8,r=-1,q=0}[ReservedThreadExecutor@383bfa16{reserved=0/8,pending=0}][pc=0,pic=0,pec=0,epc=0]@2024-05-02T04:06:34.363+01:00 added {QueuedThreadPool[qtp961160488]@394a2528{STARTED,8<=8<=200,i=8,r=-1,q=0}[ReservedThreadExecutor@383bfa16{reserved=0/8,pending=0}],UNMANAGED}
04:06:34.364 [main] DEBUG org.eclipse.jetty.util.thread.strategy.EatWhatYouKill - EatWhatYouKill@17497425/SelectorProducer@f0da945/IDLE/p=false/QueuedThreadPool[qtp961160488]@394a2528{STARTED,8<=8<=200,i=8,r=-1,q=0}[ReservedThreadExecutor@383bfa16{reserved=0/8,pending=0}][pc=0,pic=0,pec=0,epc=0]@2024-05-02T04:06:34.364+01:00 created
04:06:34.364 [main] DEBUG org.eclipse.jetty.util.component.ContainerLifeCycle - ManagedSelector@4803b726{STOPPED} id=1 keys=-1 selected=-1 updates=0 added {EatWhatYouKill@17497425/SelectorProducer@f0da945/IDLE/p=false/QueuedThreadPool[qtp961160488]@394a2528{STARTED,8<=8<=200,i=8,r=-1,q=0}[ReservedThreadExecutor@383bfa16{reserved=0/8,pending=0}][pc=0,pic=0,pec=0,epc=0]@2024-05-02T04:06:34.364+01:00,MANAGED}
04:06:34.364 [main] DEBUG org.eclipse.jetty.util.component.ContainerLifeCycle - SelectorManager@ServerConnector@446293d{HTTP/1.1, (http/1.1)}{localhost:36153} added {ManagedSelector@4803b726{STOPPED} id=1 keys=-1 selected=-1 updates=0,AUTO}
04:06:34.365 [main] DEBUG org.eclipse.jetty.util.component.ContainerLifeCycle - EatWhatYouKill@ffaa6af/SelectorProducer@53ce1329/IDLE/p=false/QueuedThreadPool[qtp961160488]@394a2528{STARTED,8<=8<=200,i=8,r=-1,q=0}[ReservedThreadExecutor@383bfa16{reserved=0/8,pending=0}][pc=0,pic=0,pec=0,epc=0]@2024-05-02T04:06:34.365+01:00 added {SelectorProducer@53ce1329,POJO}
04:06:34.365 [main] DEBUG org.eclipse.jetty.util.component.ContainerLifeCycle - EatWhatYouKill@ffaa6af/SelectorProducer@53ce1329/IDLE/p=false/QueuedThreadPool[qtp961160488]@394a2528{STARTED,8<=8<=200,i=8,r=-1,q=0}[ReservedThreadExecutor@383bfa16{reserved=0/8,pending=0}][pc=0,pic=0,pec=0,epc=0]@2024-05-02T04:06:34.365+01:00 added {QueuedThreadPool[qtp961160488]@394a2528{STARTED,8<=8<=200,i=8,r=-1,q=0}[ReservedThreadExecutor@383bfa16{reserved=0/8,pending=0}],UNMANAGED}
04:06:34.365 [main] DEBUG org.eclipse.jetty.util.thread.strategy.EatWhatYouKill - EatWhatYouKill@ffaa6af/SelectorProducer@53ce1329/IDLE/p=false/QueuedThreadPool[qtp961160488]@394a2528{STARTED,8<=8<=200,i=8,r=-1,q=0}[ReservedThreadExecutor@383bfa16{reserved=0/8,pending=0}][pc=0,pic=0,pec=0,epc=0]@2024-05-02T04:06:34.365+01:00 created
04:06:34.366 [main] DEBUG org.eclipse.jetty.util.component.ContainerLifeCycle - ManagedSelector@316bcf94{STOPPED} id=2 keys=-1 selected=-1 updates=0 added {EatWhatYouKill@ffaa6af/SelectorProducer@53ce1329/IDLE/p=false/QueuedThreadPool[qtp961160488]@394a2528{STARTED,8<=8<=200,i=8,r=-1,q=0}[ReservedThreadExecutor@383bfa16{reserved=0/8,pending=0}][pc=0,pic=0,pec=0,epc=0]@2024-05-02T04:06:34.366+01:00,MANAGED}
04:06:34.366 [main] DEBUG org.eclipse.jetty.util.component.ContainerLifeCycle - SelectorManager@ServerConnector@446293d{HTTP/1.1, (http/1.1)}{localhost:36153} added {ManagedSelector@316bcf94{STOPPED} id=2 keys=-1 selected=-1 updates=0,AUTO}
04:06:34.366 [main] DEBUG org.eclipse.jetty.util.component.ContainerLifeCycle - EatWhatYouKill@6404f418/SelectorProducer@3e11f9e9/IDLE/p=false/QueuedThreadPool[qtp961160488]@394a2528{STARTED,8<=8<=200,i=8,r=-1,q=0}[ReservedThreadExecutor@383bfa16{reserved=0/8,pending=0}][pc=0,pic=0,pec=0,epc=0]@2024-05-02T04:06:34.366+01:00 added {SelectorProducer@3e11f9e9,POJO}
04:06:34.367 [main] DEBUG org.eclipse.jetty.util.component.ContainerLifeCycle - EatWhatYouKill@6404f418/SelectorProducer@3e11f9e9/IDLE/p=false/QueuedThreadPool[qtp961160488]@394a2528{STARTED,8<=8<=200,i=8,r=-1,q=0}[ReservedThreadExecutor@383bfa16{reserved=0/8,pending=0}][pc=0,pic=0,pec=0,epc=0]@2024-05-02T04:06:34.367+01:00 added {QueuedThreadPool[qtp961160488]@394a2528{STARTED,8<=8<=200,i=8,r=-1,q=0}[ReservedThreadExecutor@383bfa16{reserved=0/8,pending=0}],UNMANAGED}
04:06:34.367 [main] DEBUG org.eclipse.jetty.util.thread.strategy.EatWhatYouKill - EatWhatYouKill@6404f418/SelectorProducer@3e11f9e9/IDLE/p=false/QueuedThreadPool[qtp961160488]@394a2528{STARTED,8<=8<=200,i=8,r=-1,q=0}[ReservedThreadExecutor@383bfa16{reserved=0/8,pending=0}][pc=0,pic=0,pec=0,epc=0]@2024-05-02T04:06:34.367+01:00 created
04:06:34.367 [main] DEBUG org.eclipse.jetty.util.component.ContainerLifeCycle - ManagedSelector@1de5f259{STOPPED} id=3 keys=-1 selected=-1 updates=0 added {EatWhatYouKill@6404f418/SelectorProducer@3e11f9e9/IDLE/p=false/QueuedThreadPool[qtp961160488]@394a2528{STARTED,8<=8<=200,i=8,r=-1,q=0}[ReservedThreadExecutor@383bfa16{reserved=0/8,pending=0}][pc=0,pic=0,pec=0,epc=0]@2024-05-02T04:06:34.367+01:00,MANAGED}
04:06:34.368 [main] DEBUG org.eclipse.jetty.util.component.ContainerLifeCycle - SelectorManager@ServerConnector@446293d{HTTP/1.1, (http/1.1)}{localhost:36153} added {ManagedSelector@1de5f259{STOPPED} id=3 keys=-1 selected=-1 updates=0,AUTO}
04:06:34.368 [main] DEBUG org.eclipse.jetty.util.component.AbstractLifeCycle - starting ManagedSelector@194bcebf{STOPPED} id=0 keys=-1 selected=-1 updates=0
04:06:34.368 [main] DEBUG org.eclipse.jetty.util.component.AbstractLifeCycle - starting EatWhatYouKill@25fb8912/SelectorProducer@d5b810e/IDLE/p=false/QueuedThreadPool[qtp961160488]@394a2528{STARTED,8<=8<=200,i=8,r=-1,q=0}[ReservedThreadExecutor@383bfa16{reserved=0/8,pending=0}][pc=0,pic=0,pec=0,epc=0]@2024-05-02T04:06:34.368+01:00
04:06:34.368 [main] DEBUG org.eclipse.jetty.util.component.AbstractLifeCycle - STARTED @1010ms EatWhatYouKill@25fb8912/SelectorProducer@d5b810e/IDLE/p=false/QueuedThreadPool[qtp961160488]@394a2528{STARTED,8<=8<=200,i=8,r=-1,q=0}[ReservedThreadExecutor@383bfa16{reserved=0/8,pending=0}][pc=0,pic=0,pec=0,epc=0]@2024-05-02T04:06:34.368+01:00
04:06:34.370 [main] DEBUG org.eclipse.jetty.util.thread.QueuedThreadPool - queue org.eclipse.jetty.io.ManagedSelector$$Lambda$253/838473569@957e06 startThread=0
04:06:34.370 [qtp961160488-15] DEBUG org.eclipse.jetty.util.thread.QueuedThreadPool - run org.eclipse.jetty.io.ManagedSelector$$Lambda$253/838473569@957e06 in QueuedThreadPool[qtp961160488]@394a2528{STARTED,8<=8<=200,i=7,r=-1,q=0}[ReservedThreadExecutor@383bfa16{reserved=0/8,pending=0}]
04:06:34.370 [main] DEBUG org.eclipse.jetty.io.ManagedSelector - Queued change lazy=false org.eclipse.jetty.io.ManagedSelector$Start@32502377 on ManagedSelector@194bcebf{STARTING} id=0 keys=0 selected=0 updates=0
04:06:34.370 [qtp961160488-15] DEBUG org.eclipse.jetty.util.thread.strategy.EatWhatYouKill - EatWhatYouKill@25fb8912/SelectorProducer@d5b810e/IDLE/p=false/QueuedThreadPool[qtp961160488]@394a2528{STARTED,8<=8<=200,i=7,r=-1,q=0}[ReservedThreadExecutor@383bfa16{reserved=0/8,pending=0}][pc=0,pic=0,pec=0,epc=0]@2024-05-02T04:06:34.37+01:00 tryProduce false
04:06:34.372 [qtp961160488-15] DEBUG org.eclipse.jetty.io.ManagedSelector - updateable 1
04:06:34.372 [qtp961160488-15] DEBUG org.eclipse.jetty.io.ManagedSelector - update org.eclipse.jetty.io.ManagedSelector$Start@32502377
04:06:34.372 [qtp961160488-15] DEBUG org.eclipse.jetty.io.ManagedSelector - updates 0
04:06:34.372 [qtp961160488-15] DEBUG org.eclipse.jetty.io.ManagedSelector - Selector sun.nio.ch.EPollSelectorImpl@7e96075f waiting with 0 keys
04:06:34.372 [main] DEBUG org.eclipse.jetty.util.component.AbstractLifeCycle - STARTED @1014ms ManagedSelector@194bcebf{STARTED} id=0 keys=0 selected=0 updates=0
04:06:34.373 [main] DEBUG org.eclipse.jetty.util.component.AbstractLifeCycle - starting ManagedSelector@4803b726{STOPPED} id=1 keys=-1 selected=-1 updates=0
04:06:34.373 [main] DEBUG org.eclipse.jetty.util.component.AbstractLifeCycle - starting EatWhatYouKill@17497425/SelectorProducer@f0da945/IDLE/p=false/QueuedThreadPool[qtp961160488]@394a2528{STARTED,8<=8<=200,i=7,r=-1,q=0}[ReservedThreadExecutor@383bfa16{reserved=0/8,pending=0}][pc=0,pic=0,pec=0,epc=0]@2024-05-02T04:06:34.373+01:00
04:06:34.373 [main] DEBUG org.eclipse.jetty.util.component.AbstractLifeCycle - STARTED @1015ms EatWhatYouKill@17497425/SelectorProducer@f0da945/IDLE/p=false/QueuedThreadPool[qtp961160488]@394a2528{STARTED,8<=8<=200,i=7,r=-1,q=0}[ReservedThreadExecutor@383bfa16{reserved=0/8,pending=0}][pc=0,pic=0,pec=0,epc=0]@2024-05-02T04:06:34.373+01:00
04:06:34.373 [main] DEBUG org.eclipse.jetty.util.thread.QueuedThreadPool - queue org.eclipse.jetty.io.ManagedSelector$$Lambda$253/838473569@2c1b194a startThread=0
04:06:34.373 [main] DEBUG org.eclipse.jetty.io.ManagedSelector - Queued change lazy=false org.eclipse.jetty.io.ManagedSelector$Start@4dbb42b7 on ManagedSelector@4803b726{STARTING} id=1 keys=0 selected=0 updates=0
04:06:34.373 [qtp961160488-16] DEBUG org.eclipse.jetty.util.thread.QueuedThreadPool - run org.eclipse.jetty.io.ManagedSelector$$Lambda$253/838473569@2c1b194a in QueuedThreadPool[qtp961160488]@394a2528{STARTED,8<=8<=200,i=6,r=-1,q=0}[ReservedThreadExecutor@383bfa16{reserved=0/8,pending=0}]
04:06:34.374 [qtp961160488-16] DEBUG org.eclipse.jetty.util.thread.strategy.EatWhatYouKill - EatWhatYouKill@17497425/SelectorProducer@f0da945/IDLE/p=false/QueuedThreadPool[qtp961160488]@394a2528{STARTED,8<=8<=200,i=6,r=-1,q=0}[ReservedThreadExecutor@383bfa16{reserved=0/8,pending=0}][pc=0,pic=0,pec=0,epc=0]@2024-05-02T04:06:34.374+01:00 tryProduce false
04:06:34.374 [qtp961160488-16] DEBUG org.eclipse.jetty.io.ManagedSelector - updateable 1
04:06:34.374 [qtp961160488-16] DEBUG org.eclipse.jetty.io.ManagedSelector - update org.eclipse.jetty.io.ManagedSelector$Start@4dbb42b7
04:06:34.374 [qtp961160488-16] DEBUG org.eclipse.jetty.io.ManagedSelector - updates 0
04:06:34.374 [qtp961160488-16] DEBUG org.eclipse.jetty.io.ManagedSelector - Selector sun.nio.ch.EPollSelectorImpl@736a5ca1 waiting with 0 keys
04:06:34.374 [main] DEBUG org.eclipse.jetty.util.component.AbstractLifeCycle - STARTED @1016ms ManagedSelector@4803b726{STARTED} id=1 keys=0 selected=0 updates=0
04:06:34.374 [main] DEBUG org.eclipse.jetty.util.component.AbstractLifeCycle - starting ManagedSelector@316bcf94{STOPPED} id=2 keys=-1 selected=-1 updates=0
04:06:34.374 [main] DEBUG org.eclipse.jetty.util.component.AbstractLifeCycle - starting EatWhatYouKill@ffaa6af/SelectorProducer@53ce1329/IDLE/p=false/QueuedThreadPool[qtp961160488]@394a2528{STARTED,8<=8<=200,i=6,r=-1,q=0}[ReservedThreadExecutor@383bfa16{reserved=0/8,pending=0}][pc=0,pic=0,pec=0,epc=0]@2024-05-02T04:06:34.374+01:00
04:06:34.375 [main] DEBUG org.eclipse.jetty.util.component.AbstractLifeCycle - STARTED @1016ms EatWhatYouKill@ffaa6af/SelectorProducer@53ce1329/IDLE/p=false/QueuedThreadPool[qtp961160488]@394a2528{STARTED,8<=8<=200,i=6,r=-1,q=0}[ReservedThreadExecutor@383bfa16{reserved=0/8,pending=0}][pc=0,pic=0,pec=0,epc=0]@2024-05-02T04:06:34.375+01:00
04:06:34.375 [main] DEBUG org.eclipse.jetty.util.thread.QueuedThreadPool - queue org.eclipse.jetty.io.ManagedSelector$$Lambda$253/838473569@66f57048 startThread=0
04:06:34.375 [main] DEBUG org.eclipse.jetty.io.ManagedSelector - Queued change lazy=false org.eclipse.jetty.io.ManagedSelector$Start@550dbc7a on ManagedSelector@316bcf94{STARTING} id=2 keys=0 selected=0 updates=0
04:06:34.375 [qtp961160488-17] DEBUG org.eclipse.jetty.util.thread.QueuedThreadPool - run org.eclipse.jetty.io.ManagedSelector$$Lambda$253/838473569@66f57048 in QueuedThreadPool[qtp961160488]@394a2528{STARTED,8<=8<=200,i=5,r=-1,q=0}[ReservedThreadExecutor@383bfa16{reserved=0/8,pending=0}]
04:06:34.375 [qtp961160488-17] DEBUG org.eclipse.jetty.util.thread.strategy.EatWhatYouKill - EatWhatYouKill@ffaa6af/SelectorProducer@53ce1329/IDLE/p=false/QueuedThreadPool[qtp961160488]@394a2528{STARTED,8<=8<=200,i=5,r=-1,q=0}[ReservedThreadExecutor@383bfa16{reserved=0/8,pending=0}][pc=0,pic=0,pec=0,epc=0]@2024-05-02T04:06:34.375+01:00 tryProduce false
04:06:34.375 [qtp961160488-17] DEBUG org.eclipse.jetty.io.ManagedSelector - updateable 1
04:06:34.375 [qtp961160488-17] DEBUG org.eclipse.jetty.io.ManagedSelector - update org.eclipse.jetty.io.ManagedSelector$Start@550dbc7a
04:06:34.375 [qtp961160488-17] DEBUG org.eclipse.jetty.io.ManagedSelector - updates 0
04:06:34.375 [qtp961160488-17] DEBUG org.eclipse.jetty.io.ManagedSelector - Selector sun.nio.ch.EPollSelectorImpl@13094ca6 waiting with 0 keys
04:06:34.376 [main] DEBUG org.eclipse.jetty.util.component.AbstractLifeCycle - STARTED @1017ms ManagedSelector@316bcf94{STARTED} id=2 keys=0 selected=0 updates=0
04:06:34.376 [main] DEBUG org.eclipse.jetty.util.component.AbstractLifeCycle - starting ManagedSelector@1de5f259{STOPPED} id=3 keys=-1 selected=-1 updates=0
04:06:34.376 [main] DEBUG org.eclipse.jetty.util.component.AbstractLifeCycle - starting EatWhatYouKill@6404f418/SelectorProducer@3e11f9e9/IDLE/p=false/QueuedThreadPool[qtp961160488]@394a2528{STARTED,8<=8<=200,i=5,r=-1,q=0}[ReservedThreadExecutor@383bfa16{reserved=0/8,pending=0}][pc=0,pic=0,pec=0,epc=0]@2024-05-02T04:06:34.376+01:00
04:06:34.376 [main] DEBUG org.eclipse.jetty.util.component.AbstractLifeCycle - STARTED @1018ms EatWhatYouKill@6404f418/SelectorProducer@3e11f9e9/IDLE/p=false/QueuedThreadPool[qtp961160488]@394a2528{STARTED,8<=8<=200,i=5,r=-1,q=0}[ReservedThreadExecutor@383bfa16{reserved=0/8,pending=0}][pc=0,pic=0,pec=0,epc=0]@2024-05-02T04:06:34.376+01:00
04:06:34.376 [main] DEBUG org.eclipse.jetty.util.thread.QueuedThreadPool - queue org.eclipse.jetty.io.ManagedSelector$$Lambda$253/838473569@21282ed8 startThread=0
04:06:34.376 [qtp961160488-18] DEBUG org.eclipse.jetty.util.thread.QueuedThreadPool - run org.eclipse.jetty.io.ManagedSelector$$Lambda$253/838473569@21282ed8 in QueuedThreadPool[qtp961160488]@394a2528{STARTED,8<=8<=200,i=4,r=-1,q=0}[ReservedThreadExecutor@383bfa16{reserved=0/8,pending=0}]
04:06:34.376 [main] DEBUG org.eclipse.jetty.io.ManagedSelector - Queued change lazy=false org.eclipse.jetty.io.ManagedSelector$Start@36916eb0 on ManagedSelector@1de5f259{STARTING} id=3 keys=0 selected=0 updates=0
04:06:34.377 [qtp961160488-18] DEBUG org.eclipse.jetty.util.thread.strategy.EatWhatYouKill - EatWhatYouKill@6404f418/SelectorProducer@3e11f9e9/IDLE/p=false/QueuedThreadPool[qtp961160488]@394a2528{STARTED,8<=8<=200,i=4,r=-1,q=0}[ReservedThreadExecutor@383bfa16{reserved=0/8,pending=0}][pc=0,pic=0,pec=0,epc=0]@2024-05-02T04:06:34.377+01:00 tryProduce false
04:06:34.377 [qtp961160488-18] DEBUG org.eclipse.jetty.io.ManagedSelector - updateable 1
04:06:34.377 [qtp961160488-18] DEBUG org.eclipse.jetty.io.ManagedSelector - update org.eclipse.jetty.io.ManagedSelector$Start@36916eb0
04:06:34.377 [qtp961160488-18] DEBUG org.eclipse.jetty.io.ManagedSelector - updates 0
04:06:34.377 [qtp961160488-18] DEBUG org.eclipse.jetty.io.ManagedSelector - Selector sun.nio.ch.EPollSelectorImpl@4e695d32 waiting with 0 keys
04:06:34.377 [main] DEBUG org.eclipse.jetty.util.component.AbstractLifeCycle - STARTED @1019ms ManagedSelector@1de5f259{STARTED} id=3 keys=0 selected=0 updates=0
04:06:34.377 [main] DEBUG org.eclipse.jetty.util.component.AbstractLifeCycle - STARTED @1019ms SelectorManager@ServerConnector@446293d{HTTP/1.1, (http/1.1)}{localhost:36153}
04:06:34.378 [main] DEBUG org.eclipse.jetty.util.component.ContainerLifeCycle - ServerConnector@446293d{HTTP/1.1, (http/1.1)}{localhost:36153} added {acceptor-0@1e1a0406,POJO}
04:06:34.379 [main] DEBUG org.eclipse.jetty.util.thread.QueuedThreadPool - queue acceptor-0@1e1a0406 startThread=0
04:06:34.379 [qtp961160488-19] DEBUG org.eclipse.jetty.util.thread.QueuedThreadPool - run acceptor-0@1e1a0406 in QueuedThreadPool[qtp961160488]@394a2528{STARTED,8<=8<=200,i=3,r=-1,q=0}[ReservedThreadExecutor@383bfa16{reserved=0/8,pending=0}]
04:06:34.379 [main] INFO org.eclipse.jetty.server.AbstractConnector - Started ServerConnector@446293d{HTTP/1.1, (http/1.1)}{localhost:36153}
04:06:34.379 [main] DEBUG org.eclipse.jetty.util.component.AbstractLifeCycle - STARTED @1020ms ServerConnector@446293d{HTTP/1.1, (http/1.1)}{localhost:36153}
04:06:34.379 [main] INFO org.eclipse.jetty.server.Server - Started @1020ms
04:06:34.379 [main] DEBUG org.eclipse.jetty.util.component.AbstractLifeCycle - STARTED @1021ms Server@53aad5d5{STARTED}[9.4.44.v20210927]
04:06:35.529 [main] DEBUG org.apache.nifi.minifi.bootstrap.configuration.ingestors.PullHttpChangeIngestor - Attempting to pull new config
04:06:35.544 [qtp961160488-19-acceptor-0@1e1a0406-ServerConnector@446293d{HTTP/1.1, (http/1.1)}{localhost:36153}] DEBUG org.eclipse.jetty.io.ManagedSelector - Queued change lazy=false Accept@44573ebf[java.nio.channels.SocketChannel[connected local=/127.0.0.1:36153 remote=/127.0.0.1:37660]] on ManagedSelector@4803b726{STARTED} id=1 keys=0 selected=0 updates=0
04:06:35.544 [qtp961160488-19-acceptor-0@1e1a0406-ServerConnector@446293d{HTTP/1.1, (http/1.1)}{localhost:36153}] DEBUG org.eclipse.jetty.io.ManagedSelector - Wakeup on submit ManagedSelector@4803b726{STARTED} id=1 keys=0 selected=0 updates=1
04:06:35.545 [qtp961160488-16] DEBUG org.eclipse.jetty.io.ManagedSelector - Selector sun.nio.ch.EPollSelectorImpl@736a5ca1 woken with none selected
04:06:35.545 [qtp961160488-16] DEBUG org.eclipse.jetty.io.ManagedSelector - Selector sun.nio.ch.EPollSelectorImpl@736a5ca1 woken up from select, 0/0/0 selected
04:06:35.545 [qtp961160488-16] DEBUG org.eclipse.jetty.io.ManagedSelector - Selector sun.nio.ch.EPollSelectorImpl@736a5ca1 processing 0 keys, 1 updates
04:06:35.545 [qtp961160488-16] DEBUG org.eclipse.jetty.io.ManagedSelector - updateable 1
04:06:35.545 [qtp961160488-16] DEBUG org.eclipse.jetty.io.ManagedSelector - update Accept@44573ebf[java.nio.channels.SocketChannel[connected local=/127.0.0.1:36153 remote=/127.0.0.1:37660]]
04:06:35.545 [qtp961160488-16] DEBUG org.eclipse.jetty.util.thread.QueuedThreadPool - queue Accept@44573ebf[java.nio.channels.SocketChannel[connected local=/127.0.0.1:36153 remote=/127.0.0.1:37660]] startThread=0
04:06:35.545 [qtp961160488-16] DEBUG org.eclipse.jetty.io.ManagedSelector - updates 0
04:06:35.545 [qtp961160488-21] DEBUG org.eclipse.jetty.util.thread.QueuedThreadPool - run Accept@44573ebf[java.nio.channels.SocketChannel[connected local=/127.0.0.1:36153 remote=/127.0.0.1:37660]] in QueuedThreadPool[qtp961160488]@394a2528{STARTED,8<=8<=200,i=2,r=-1,q=0}[ReservedThreadExecutor@383bfa16{reserved=0/8,pending=0}]
04:06:35.546 [qtp961160488-16] DEBUG org.eclipse.jetty.io.ManagedSelector - Selector sun.nio.ch.EPollSelectorImpl@736a5ca1 waiting with 1 keys
04:06:35.554 [qtp961160488-21] DEBUG org.eclipse.jetty.io.IdleTimeout - SocketChannelEndPoint@5d7ead9d{l=/127.0.0.1:36153,r=/127.0.0.1:37660,OPEN,fill=-,flush=-,to=5/3000}{io=0/0,kio=0,kro=0}-><null> idle timeout check, elapsed: 5 ms, remaining: 2995 ms
04:06:35.559 [qtp961160488-21] DEBUG org.eclipse.jetty.http.PreEncodedHttpField - HttpField encoders loaded: [org.eclipse.jetty.http.Http1FieldPreEncoder@326375f7]
04:06:35.585 [qtp961160488-21] DEBUG org.eclipse.jetty.server.HttpChannel - new HttpChannelOverHttp@3732710a{s=HttpChannelState@56278750{s=IDLE rs=BLOCKING os=OPEN is=IDLE awp=false se=false i=true al=0},r=0,c=false/false,a=IDLE,uri=null,age=0} -> SocketChannelEndPoint@5d7ead9d{l=/127.0.0.1:36153,r=/127.0.0.1:37660,OPEN,fill=-,flush=-,to=36/3000}{io=0/0,kio=0,kro=0}-><null>,null,HttpChannelState@56278750{s=IDLE rs=BLOCKING os=OPEN is=IDLE awp=false se=false i=true al=0}
04:06:35.592 [qtp961160488-21] DEBUG org.eclipse.jetty.server.HttpConnection - New HTTP Connection HttpConnection@639c9dcd::SocketChannelEndPoint@5d7ead9d{l=/127.0.0.1:36153,r=/127.0.0.1:37660,OPEN,fill=-,flush=-,to=42/3000}{io=0/0,kio=0,kro=0}-><null>
04:06:35.592 [qtp961160488-21] DEBUG org.eclipse.jetty.io.ManagedSelector - Queued change lazy=true org.eclipse.jetty.io.ManagedSelector$$Lambda$258/2107212988@39064b5e on ManagedSelector@4803b726{STARTED} id=1 keys=1 selected=0 updates=0
04:06:35.593 [qtp961160488-21] DEBUG org.eclipse.jetty.io.AbstractEndPoint - onOpen SocketChannelEndPoint@5d7ead9d{l=/127.0.0.1:36153,r=/127.0.0.1:37660,OPEN,fill=-,flush=-,to=43/3000}{io=0/0,kio=0,kro=0}->HttpConnection@639c9dcd[p=HttpParser{s=START,0 of -1},g=HttpGenerator@28093854{s=START}]=>HttpChannelOverHttp@3732710a{s=HttpChannelState@56278750{s=IDLE rs=BLOCKING os=OPEN is=IDLE awp=false se=false i=true al=0},r=0,c=false/false,a=IDLE,uri=null,age=0}
04:06:35.593 [qtp961160488-21] DEBUG org.eclipse.jetty.io.AbstractConnection - onOpen HttpConnection@639c9dcd::SocketChannelEndPoint@5d7ead9d{l=/127.0.0.1:36153,r=/127.0.0.1:37660,OPEN,fill=-,flush=-,to=43/3000}{io=0/0,kio=0,kro=0}->HttpConnection@639c9dcd[p=HttpParser{s=START,0 of -1},g=HttpGenerator@28093854{s=START}]=>HttpChannelOverHttp@3732710a{s=HttpChannelState@56278750{s=IDLE rs=BLOCKING os=OPEN is=IDLE awp=false se=false i=true al=0},r=0,c=false/false,a=IDLE,uri=null,age=0}
04:06:35.593 [qtp961160488-21] DEBUG org.eclipse.jetty.io.AbstractConnection - fillInterested HttpConnection@639c9dcd::SocketChannelEndPoint@5d7ead9d{l=/127.0.0.1:36153,r=/127.0.0.1:37660,OPEN,fill=-,flush=-,to=44/3000}{io=0/0,kio=0,kro=0}->HttpConnection@639c9dcd[p=HttpParser{s=START,0 of -1},g=HttpGenerator@28093854{s=START}]=>HttpChannelOverHttp@3732710a{s=HttpChannelState@56278750{s=IDLE rs=BLOCKING os=OPEN is=IDLE awp=false se=false i=true al=0},r=0,c=false/false,a=IDLE,uri=null,age=0}
04:06:35.594 [qtp961160488-21] DEBUG org.eclipse.jetty.io.FillInterest - interested FillInterest@5d9ca43c{AC.ReadCB@639c9dcd{HttpConnection@639c9dcd::SocketChannelEndPoint@5d7ead9d{l=/127.0.0.1:36153,r=/127.0.0.1:37660,OPEN,fill=FI,flush=-,to=0/3000}{io=0/0,kio=0,kro=0}->HttpConnection@639c9dcd[p=HttpParser{s=START,0 of -1},g=HttpGenerator@28093854{s=START}]=>HttpChannelOverHttp@3732710a{s=HttpChannelState@56278750{s=IDLE rs=BLOCKING os=OPEN is=IDLE awp=false se=false i=true al=0},r=0,c=false/false,a=IDLE,uri=null,age=0}}}
04:06:35.594 [qtp961160488-21] DEBUG org.eclipse.jetty.io.ChannelEndPoint - changeInterests p=false 0->1 for SocketChannelEndPoint@5d7ead9d{l=/127.0.0.1:36153,r=/127.0.0.1:37660,OPEN,fill=FI,flush=-,to=0/3000}{io=0/1,kio=0,kro=0}->HttpConnection@639c9dcd[p=HttpParser{s=START,0 of -1},g=HttpGenerator@28093854{s=START}]=>HttpChannelOverHttp@3732710a{s=HttpChannelState@56278750{s=IDLE rs=BLOCKING os=OPEN is=IDLE awp=false se=false i=true al=0},r=0,c=false/false,a=IDLE,uri=null,age=0}
04:06:35.594 [qtp961160488-21] DEBUG org.eclipse.jetty.io.ManagedSelector - Queued change lazy=false org.eclipse.jetty.io.ChannelEndPoint$$Lambda$255/2121444922@6c117757 on ManagedSelector@4803b726{STARTED} id=1 keys=1 selected=0 updates=1
04:06:35.594 [qtp961160488-21] DEBUG org.eclipse.jetty.io.ManagedSelector - Wakeup on submit ManagedSelector@4803b726{STARTED} id=1 keys=1 selected=0 updates=2
04:06:35.594 [qtp961160488-16] DEBUG org.eclipse.jetty.io.ManagedSelector - Selector sun.nio.ch.EPollSelectorImpl@736a5ca1 woken with none selected
04:06:35.594 [qtp961160488-16] DEBUG org.eclipse.jetty.io.ManagedSelector - Selector sun.nio.ch.EPollSelectorImpl@736a5ca1 woken up from select, 0/0/1 selected
04:06:35.594 [qtp961160488-16] DEBUG org.eclipse.jetty.io.ManagedSelector - Selector sun.nio.ch.EPollSelectorImpl@736a5ca1 processing 0 keys, 2 updates
04:06:35.594 [qtp961160488-21] DEBUG org.eclipse.jetty.io.ManagedSelector - Created SocketChannelEndPoint@5d7ead9d{l=/127.0.0.1:36153,r=/127.0.0.1:37660,OPEN,fill=FI,flush=-,to=0/3000}{io=0/1,kio=0,kro=0}->HttpConnection@639c9dcd[p=HttpParser{s=START,0 of -1},g=HttpGenerator@28093854{s=START}]=>HttpChannelOverHttp@3732710a{s=HttpChannelState@56278750{s=IDLE rs=BLOCKING os=OPEN is=IDLE awp=false se=false i=true al=0},r=0,c=false/false,a=IDLE,uri=null,age=0}
04:06:35.594 [qtp961160488-16] DEBUG org.eclipse.jetty.io.ManagedSelector - updateable 2
04:06:35.594 [qtp961160488-16] DEBUG org.eclipse.jetty.io.ManagedSelector - update org.eclipse.jetty.io.ManagedSelector$$Lambda$258/2107212988@39064b5e
04:06:35.594 [qtp961160488-21] DEBUG org.eclipse.jetty.util.thread.QueuedThreadPool - ran Accept@44573ebf[java.nio.channels.SocketChannel[connected local=/127.0.0.1:36153 remote=/127.0.0.1:37660]] in QueuedThreadPool[qtp961160488]@394a2528{STARTED,8<=8<=200,i=2,r=-1,q=0}[ReservedThreadExecutor@383bfa16{reserved=0/8,pending=0}]
04:06:35.594 [qtp961160488-16] DEBUG org.eclipse.jetty.io.ManagedSelector - update org.eclipse.jetty.io.ChannelEndPoint$$Lambda$255/2121444922@6c117757
04:06:35.595 [qtp961160488-16] DEBUG org.eclipse.jetty.io.ChannelEndPoint - Key interests updated 0 -> 1 on SocketChannelEndPoint@5d7ead9d{l=/127.0.0.1:36153,r=/127.0.0.1:37660,OPEN,fill=FI,flush=-,to=1/3000}{io=1/1,kio=1,kro=0}->HttpConnection@639c9dcd[p=HttpParser{s=START,0 of -1},g=HttpGenerator@28093854{s=START}]=>HttpChannelOverHttp@3732710a{s=HttpChannelState@56278750{s=IDLE rs=BLOCKING os=OPEN is=IDLE awp=false se=false i=true al=0},r=0,c=false/false,a=IDLE,uri=null,age=0}
04:06:35.595 [qtp961160488-16] DEBUG org.eclipse.jetty.io.ManagedSelector - updates 0
04:06:35.595 [qtp961160488-16] DEBUG org.eclipse.jetty.io.ManagedSelector - Selector sun.nio.ch.EPollSelectorImpl@736a5ca1 waiting with 1 keys
04:06:35.595 [qtp961160488-16] DEBUG org.eclipse.jetty.io.ManagedSelector - Selector sun.nio.ch.EPollSelectorImpl@736a5ca1 woken up from select, 1/1/1 selected
04:06:35.595 [qtp961160488-16] DEBUG org.eclipse.jetty.io.ManagedSelector - Selector sun.nio.ch.EPollSelectorImpl@736a5ca1 processing 1 keys, 0 updates
04:06:35.595 [qtp961160488-16] DEBUG org.eclipse.jetty.io.ManagedSelector - selected 1 sun.nio.ch.SelectionKeyImpl@799237d1 SocketChannelEndPoint@5d7ead9d{l=/127.0.0.1:36153,r=/127.0.0.1:37660,OPEN,fill=FI,flush=-,to=1/3000}{io=1/1,kio=1,kro=1}->HttpConnection@639c9dcd[p=HttpParser{s=START,0 of -1},g=HttpGenerator@28093854{s=START}]=>HttpChannelOverHttp@3732710a{s=HttpChannelState@56278750{s=IDLE rs=BLOCKING os=OPEN is=IDLE awp=false se=false i=true al=0},r=0,c=false/false,a=IDLE,uri=null,age=0} 
04:06:35.595 [qtp961160488-16] DEBUG org.eclipse.jetty.io.ChannelEndPoint - onSelected 1->0 r=true w=false for SocketChannelEndPoint@5d7ead9d{l=/127.0.0.1:36153,r=/127.0.0.1:37660,OPEN,fill=FI,flush=-,to=1/3000}{io=1/0,kio=1,kro=1}->HttpConnection@639c9dcd[p=HttpParser{s=START,0 of -1},g=HttpGenerator@28093854{s=START}]=>HttpChannelOverHttp@3732710a{s=HttpChannelState@56278750{s=IDLE rs=BLOCKING os=OPEN is=IDLE awp=false se=false i=true al=0},r=0,c=false/false,a=IDLE,uri=null,age=0}
04:06:35.595 [qtp961160488-16] DEBUG org.eclipse.jetty.io.ChannelEndPoint - task CEP:SocketChannelEndPoint@5d7ead9d{l=/127.0.0.1:36153,r=/127.0.0.1:37660,OPEN,fill=FI,flush=-,to=1/3000}{io=1/0,kio=1,kro=1}->HttpConnection@639c9dcd[p=HttpParser{s=START,0 of -1},g=HttpGenerator@28093854{s=START}]=>HttpChannelOverHttp@3732710a{s=HttpChannelState@56278750{s=IDLE rs=BLOCKING os=OPEN is=IDLE awp=false se=false i=true al=0},r=0,c=false/false,a=IDLE,uri=null,age=0}:runFillable:BLOCKING
04:06:35.596 [qtp961160488-16] DEBUG org.eclipse.jetty.util.thread.ReservedThreadExecutor - ReservedThreadExecutor@383bfa16{reserved=0/8,pending=0} tryExecute EatWhatYouKill@17497425/SelectorProducer@f0da945/PRODUCING/p=false/QueuedThreadPool[qtp961160488]@394a2528{STARTED,8<=8<=200,i=3,r=-1,q=0}[ReservedThreadExecutor@383bfa16{reserved=0/8,pending=0}][pc=0,pic=0,pec=0,epc=0]@2024-05-02T04:06:35.596+01:00
04:06:35.596 [qtp961160488-16] DEBUG org.eclipse.jetty.util.thread.ReservedThreadExecutor - ReservedThreadExecutor@383bfa16{reserved=0/8,pending=1} startReservedThread p=1
04:06:35.597 [qtp961160488-16] DEBUG org.eclipse.jetty.util.thread.QueuedThreadPool - queue ReservedThread@5cbf59c8{PENDING,thread=null} startThread=0
04:06:35.597 [qtp961160488-20] DEBUG org.eclipse.jetty.util.thread.QueuedThreadPool - run ReservedThread@5cbf59c8{PENDING,thread=null} in QueuedThreadPool[qtp961160488]@394a2528{STARTED,8<=8<=200,i=2,r=-1,q=0}[ReservedThreadExecutor@383bfa16{reserved=0/8,pending=1}]
04:06:35.597 [qtp961160488-20] DEBUG org.eclipse.jetty.util.thread.ReservedThreadExecutor - ReservedThread@5cbf59c8{PENDING,thread=Thread[qtp961160488-20,5,main]} was=PENDING next=RESERVED size=0+1 capacity=8
04:06:35.597 [qtp961160488-20] DEBUG org.eclipse.jetty.util.thread.ReservedThreadExecutor - ReservedThread@5cbf59c8{RESERVED,thread=Thread[qtp961160488-20,5,main]} waiting ReservedThreadExecutor@383bfa16{reserved=1/8,pending=0}
04:06:35.597 [qtp961160488-16] DEBUG org.eclipse.jetty.util.thread.strategy.EatWhatYouKill - EatWhatYouKill@17497425/SelectorProducer@f0da945/PRODUCING/p=false/QueuedThreadPool[qtp961160488]@394a2528{STARTED,8<=8<=200,i=2,r=-1,q=0}[ReservedThreadExecutor@383bfa16{reserved=0/8,pending=1}][pc=0,pic=0,pec=0,epc=0]@2024-05-02T04:06:35.597+01:00 m=PRODUCE_EXECUTE_CONSUME t=CEP:SocketChannelEndPoint@5d7ead9d{l=/127.0.0.1:36153,r=/127.0.0.1:37660,OPEN,fill=FI,flush=-,to=3/3000}{io=1/0,kio=1,kro=1}->HttpConnection@639c9dcd[p=HttpParser{s=START,0 of -1},g=HttpGenerator@28093854{s=START}]=>HttpChannelOverHttp@3732710a{s=HttpChannelState@56278750{s=IDLE rs=BLOCKING os=OPEN is=IDLE awp=false se=false i=true al=0},r=0,c=false/false,a=IDLE,uri=null,age=0}:runFillable:BLOCKING/BLOCKING
04:06:35.598 [qtp961160488-16] DEBUG org.eclipse.jetty.util.thread.QueuedThreadPool - queue CEP:SocketChannelEndPoint@5d7ead9d{l=/127.0.0.1:36153,r=/127.0.0.1:37660,OPEN,fill=FI,flush=-,to=4/3000}{io=1/0,kio=1,kro=1}->HttpConnection@639c9dcd[p=HttpParser{s=START,0 of -1},g=HttpGenerator@28093854{s=START}]=>HttpChannelOverHttp@3732710a{s=HttpChannelState@56278750{s=IDLE rs=BLOCKING os=OPEN is=IDLE awp=false se=false i=true al=0},r=0,c=false/false,a=IDLE,uri=null,age=0}:runFillable:BLOCKING startThread=0
04:06:35.598 [qtp961160488-22] DEBUG org.eclipse.jetty.util.thread.QueuedThreadPool - run CEP:SocketChannelEndPoint@5d7ead9d{l=/127.0.0.1:36153,r=/127.0.0.1:37660,OPEN,fill=FI,flush=-,to=4/3000}{io=1/0,kio=1,kro=1}->HttpConnection@639c9dcd[p=HttpParser{s=START,0 of -1},g=HttpGenerator@28093854{s=START}]=>HttpChannelOverHttp@3732710a{s=HttpChannelState@56278750{s=IDLE rs=BLOCKING os=OPEN is=IDLE awp=false se=false i=true al=0},r=0,c=false/false,a=IDLE,uri=null,age=0}:runFillable:BLOCKING in QueuedThreadPool[qtp961160488]@394a2528{STARTED,8<=8<=200,i=1,r=-1,q=0}[ReservedThreadExecutor@383bfa16{reserved=1/8,pending=0}]
04:06:35.598 [qtp961160488-16] DEBUG org.eclipse.jetty.io.ManagedSelector - updateable 0
04:06:35.598 [qtp961160488-16] DEBUG org.eclipse.jetty.io.ManagedSelector - updates 0
04:06:35.598 [qtp961160488-22] DEBUG org.eclipse.jetty.io.FillInterest - fillable FillInterest@5d9ca43c{AC.ReadCB@639c9dcd{HttpConnection@639c9dcd::SocketChannelEndPoint@5d7ead9d{l=/127.0.0.1:36153,r=/127.0.0.1:37660,OPEN,fill=FI,flush=-,to=4/3000}{io=1/0,kio=1,kro=1}->HttpConnection@639c9dcd[p=HttpParser{s=START,0 of -1},g=HttpGenerator@28093854{s=START}]=>HttpChannelOverHttp@3732710a{s=HttpChannelState@56278750{s=IDLE rs=BLOCKING os=OPEN is=IDLE awp=false se=false i=true al=0},r=0,c=false/false,a=IDLE,uri=null,age=0}}}
04:06:35.598 [qtp961160488-16] DEBUG org.eclipse.jetty.io.ChannelEndPoint - Key interests updated 1 -> 0 on SocketChannelEndPoint@5d7ead9d{l=/127.0.0.1:36153,r=/127.0.0.1:37660,OPEN,fill=FI,flush=-,to=4/3000}{io=0/0,kio=0,kro=1}->HttpConnection@639c9dcd[p=HttpParser{s=START,0 of -1},g=HttpGenerator@28093854{s=START}]=>HttpChannelOverHttp@3732710a{s=HttpChannelState@56278750{s=IDLE rs=BLOCKING os=OPEN is=IDLE awp=false se=false i=true al=0},r=0,c=false/false,a=IDLE,uri=null,age=0}
04:06:35.598 [qtp961160488-16] DEBUG org.eclipse.jetty.io.ManagedSelector - Selector sun.nio.ch.EPollSelectorImpl@736a5ca1 waiting with 1 keys
04:06:35.598 [qtp961160488-22] DEBUG org.eclipse.jetty.server.HttpConnection - HttpConnection@639c9dcd::SocketChannelEndPoint@5d7ead9d{l=/127.0.0.1:36153,r=/127.0.0.1:37660,OPEN,fill=-,flush=-,to=4/3000}{io=0/0,kio=0,kro=1}->HttpConnection@639c9dcd[p=HttpParser{s=START,0 of -1},g=HttpGenerator@28093854{s=START}]=>HttpChannelOverHttp@3732710a{s=HttpChannelState@56278750{s=IDLE rs=BLOCKING os=OPEN is=IDLE awp=false se=false i=true al=0},r=0,c=false/false,a=IDLE,uri=null,age=0} onFillable enter HttpChannelState@56278750{s=IDLE rs=BLOCKING os=OPEN is=IDLE awp=false se=false i=true al=0} null
04:06:35.602 [qtp961160488-22] DEBUG org.eclipse.jetty.util.TypeUtil - This JVM Runtime does not support Modules, disabling Jetty internal support
04:06:35.602 [qtp961160488-22] DEBUG org.eclipse.jetty.io.ChannelEndPoint - filled 125 HeapByteBuffer@3e2e5006[p=0,l=125,c=8192,r=125]={<<<GET /config.yml HTTP/1.1\r...gent: okhttp/3.12.3\r\n\r\n>>>\x00\x00\x00\x00\x00\x00\x00\x00\x00...\x00\x00\x00\x00\x00\x00\x00}
04:06:35.603 [qtp961160488-22] DEBUG org.eclipse.jetty.server.HttpConnection - HttpConnection@639c9dcd::SocketChannelEndPoint@5d7ead9d{l=/127.0.0.1:36153,r=/127.0.0.1:37660,OPEN,fill=-,flush=-,to=3/3000}{io=0/0,kio=0,kro=1}->HttpConnection@639c9dcd[p=HttpParser{s=START,0 of -1},g=HttpGenerator@28093854{s=START}]=>HttpChannelOverHttp@3732710a{s=HttpChannelState@56278750{s=IDLE rs=BLOCKING os=OPEN is=IDLE awp=false se=false i=true al=0},r=0,c=false/false,a=IDLE,uri=null,age=0} filled 125 HeapByteBuffer@3e2e5006[p=0,l=125,c=8192,r=125]={<<<GET /config.yml HTTP/1.1\r...gent: okhttp/3.12.3\r\n\r\n>>>\x00\x00\x00\x00\x00\x00\x00\x00\x00...\x00\x00\x00\x00\x00\x00\x00}
04:06:35.603 [qtp961160488-22] DEBUG org.eclipse.jetty.server.HttpConnection - HttpConnection@639c9dcd::SocketChannelEndPoint@5d7ead9d{l=/127.0.0.1:36153,r=/127.0.0.1:37660,OPEN,fill=-,flush=-,to=3/3000}{io=0/0,kio=0,kro=1}->HttpConnection@639c9dcd[p=HttpParser{s=START,0 of -1},g=HttpGenerator@28093854{s=START}]=>HttpChannelOverHttp@3732710a{s=HttpChannelState@56278750{s=IDLE rs=BLOCKING os=OPEN is=IDLE awp=false se=false i=true al=0},r=0,c=false/false,a=IDLE,uri=null,age=0} parse HeapByteBuffer@3e2e5006[p=0,l=125,c=8192,r=125]={<<<GET /config.yml HTTP/1.1\r...gent: okhttp/3.12.3\r\n\r\n>>>\x00\x00\x00\x00\x00\x00\x00\x00\x00...\x00\x00\x00\x00\x00\x00\x00} {}
04:06:35.603 [qtp961160488-22] DEBUG org.eclipse.jetty.http.HttpParser - parseNext s=START HeapByteBuffer@3e2e5006[p=0,l=125,c=8192,r=125]={<<<GET /config.yml HTTP/1.1\r...gent: okhttp/3.12.3\r\n\r\n>>>\x00\x00\x00\x00\x00\x00\x00\x00\x00...\x00\x00\x00\x00\x00\x00\x00}
04:06:35.603 [qtp961160488-22] DEBUG org.eclipse.jetty.http.HttpParser - START --> SPACE1
04:06:35.605 [qtp961160488-22] DEBUG org.eclipse.jetty.http.HttpParser - SPACE1 --> URI
04:06:35.605 [qtp961160488-22] DEBUG org.eclipse.jetty.http.HttpParser - URI --> SPACE2
04:06:35.605 [qtp961160488-22] DEBUG org.eclipse.jetty.http.HttpParser - SPACE2 --> REQUEST_VERSION
04:06:35.605 [qtp961160488-22] DEBUG org.eclipse.jetty.http.HttpParser - REQUEST_VERSION --> HEADER
04:06:35.606 [qtp961160488-22] DEBUG org.eclipse.jetty.http.HttpParser - HEADER:Host --> VALUE
04:06:35.606 [qtp961160488-22] DEBUG org.eclipse.jetty.http.HttpParser - HEADER:Host --> IN_VALUE
04:06:35.606 [qtp961160488-22] DEBUG org.eclipse.jetty.http.HttpParser - HEADER:Host --> FIELD
04:06:35.607 [qtp961160488-22] DEBUG org.eclipse.jetty.http.HttpParser - HEADER:Connection: keep-alive --> IN_VALUE
04:06:35.607 [qtp961160488-22] DEBUG org.eclipse.jetty.http.HttpParser - HEADER:Connection: keep-alive --> FIELD
04:06:35.607 [qtp961160488-22] DEBUG org.eclipse.jetty.http.HttpParser - HEADER:Accept-Encoding: gzip --> IN_VALUE
04:06:35.607 [qtp961160488-22] DEBUG org.eclipse.jetty.http.HttpParser - HEADER:Accept-Encoding: gzip --> FIELD
04:06:35.607 [qtp961160488-22] DEBUG org.eclipse.jetty.http.HttpParser - HEADER:User-Agent --> VALUE
04:06:35.607 [qtp961160488-22] DEBUG org.eclipse.jetty.http.HttpParser - HEADER:User-Agent --> IN_VALUE
04:06:35.607 [qtp961160488-22] DEBUG org.eclipse.jetty.http.HttpParser - HEADER:User-Agent --> FIELD
04:06:35.607 [qtp961160488-22] DEBUG org.eclipse.jetty.http.HttpParser - HEADER --> CONTENT
04:06:35.609 [qtp961160488-22] DEBUG org.eclipse.jetty.server.HttpChannel - REQUEST for //localhost:36153/config.yml on HttpChannelOverHttp@3732710a{s=HttpChannelState@56278750{s=IDLE rs=BLOCKING os=OPEN is=IDLE awp=false se=false i=true al=0},r=1,c=false/false,a=IDLE,uri=//localhost:36153/config.yml,age=1}
GET //localhost:36153/config.yml HTTP/1.1
Host: localhost:36153
Connection: keep-alive
Accept-Encoding: gzip
User-Agent: okhttp/3.12.3


04:06:35.609 [qtp961160488-22] DEBUG org.eclipse.jetty.server.HttpConnection - HttpConnection@639c9dcd::SocketChannelEndPoint@5d7ead9d{l=/127.0.0.1:36153,r=/127.0.0.1:37660,OPEN,fill=-,flush=-,to=9/3000}{io=0/0,kio=0,kro=1}->HttpConnection@639c9dcd[p=HttpParser{s=CONTENT,0 of -1},g=HttpGenerator@28093854{s=START}]=>HttpChannelOverHttp@3732710a{s=HttpChannelState@56278750{s=IDLE rs=BLOCKING os=OPEN is=IDLE awp=false se=false i=true al=0},r=1,c=false/false,a=IDLE,uri=//localhost:36153/config.yml,age=2} parsed true HttpParser{s=CONTENT,0 of -1}
04:06:35.609 [qtp961160488-22] DEBUG org.eclipse.jetty.server.HttpConnection - releaseRequestBuffer HttpConnection@639c9dcd::SocketChannelEndPoint@5d7ead9d{l=/127.0.0.1:36153,r=/127.0.0.1:37660,OPEN,fill=-,flush=-,to=9/3000}{io=0/0,kio=0,kro=1}->HttpConnection@639c9dcd[p=HttpParser{s=CONTENT,0 of -1},g=HttpGenerator@28093854{s=START}]=>HttpChannelOverHttp@3732710a{s=HttpChannelState@56278750{s=IDLE rs=BLOCKING os=OPEN is=IDLE awp=false se=false i=true al=0},r=1,c=false/false,a=IDLE,uri=//localhost:36153/config.yml,age=2}
04:06:35.610 [qtp961160488-22] DEBUG org.eclipse.jetty.server.HttpChannel - handle //localhost:36153/config.yml HttpChannelOverHttp@3732710a{s=HttpChannelState@56278750{s=IDLE rs=BLOCKING os=OPEN is=IDLE awp=false se=false i=true al=0},r=1,c=false/false,a=IDLE,uri=//localhost:36153/config.yml,age=3} 
04:06:35.610 [qtp961160488-22] DEBUG org.eclipse.jetty.server.HttpChannelState - handling HttpChannelState@56278750{s=IDLE rs=BLOCKING os=OPEN is=IDLE awp=false se=false i=true al=0}
04:06:35.611 [qtp961160488-22] DEBUG org.eclipse.jetty.server.HttpChannel - action DISPATCH HttpChannelOverHttp@3732710a{s=HttpChannelState@56278750{s=HANDLING rs=BLOCKING os=OPEN is=IDLE awp=false se=false i=true al=0},r=1,c=false/false,a=HANDLING,uri=//localhost:36153/config.yml,age=4}
04:06:35.612 [qtp961160488-22] DEBUG org.eclipse.jetty.server.Server - REQUEST GET /config.yml on HttpChannelOverHttp@3732710a{s=HttpChannelState@56278750{s=HANDLING rs=BLOCKING os=OPEN is=IDLE awp=false se=false i=true al=0},r=1,c=false/false,a=HANDLING,uri=//localhost:36153/config.yml,age=5}
04:06:35.620 [qtp961160488-22] DEBUG org.eclipse.jetty.server.HttpOutput - write(array HeapByteBuffer@6e77c49c[p=0,l=4,c=512,r=4]={<<<path>>>\x00\x00\x00\x00\x00\x00\x00\x00\x00...\x00\x00\x00\x00\x00\x00\x00})
04:06:35.620 [qtp961160488-22] DEBUG org.eclipse.jetty.server.HttpOutput - write(array) s=CLOSING,api=BLOCKED,sc=false,e=null last=true agg=false flush=true async=false, len=4 null
04:06:35.620 [qtp961160488-22] DEBUG org.eclipse.jetty.server.HttpChannel - sendResponse info=null content=HeapByteBuffer@2bf3030d[p=0,l=4,c=512,r=4]={<<<path>>>\x00\x00\x00\x00\x00\x00\x00\x00\x00...\x00\x00\x00\x00\x00\x00\x00} complete=true committing=true callback=Blocker@7bf071cb{null}
04:06:35.621 [qtp961160488-22] DEBUG org.eclipse.jetty.server.HttpChannel - COMMIT for /config.yml on HttpChannelOverHttp@3732710a{s=HttpChannelState@56278750{s=HANDLING rs=BLOCKING os=COMMITTED is=IDLE awp=false se=false i=true al=0},r=1,c=false/false,a=HANDLING,uri=//localhost:36153/config.yml,age=14}
200 null HTTP/1.1
Date: Thu, 02 May 2024 03:06:35 GMT
ETag: testEtag
Content-Type: text/plain;charset=utf-8
Content-Length: 4


04:06:35.623 [qtp961160488-22] DEBUG org.eclipse.jetty.server.HttpConnection - generate: NEED_HEADER for SendCallback@3cdf5b69[PROCESSING][i=HTTP/1.1{s=200,h=4,cl=4},cb=org.eclipse.jetty.server.HttpChannel$SendCallback@3f155824] (null,[p=0,l=4,c=512,r=4],true)@START
04:06:35.624 [qtp961160488-22] DEBUG org.eclipse.jetty.http.HttpGenerator - generateHeaders HTTP/1.1{s=200,h=4,cl=4} last=true content=HeapByteBuffer@2bf3030d[p=0,l=4,c=512,r=4]={<<<path>>>\x00\x00\x00\x00\x00\x00\x00\x00\x00...\x00\x00\x00\x00\x00\x00\x00}
04:06:35.624 [qtp961160488-22] DEBUG org.eclipse.jetty.http.HttpGenerator - Date: Thu, 02 May 2024 03:06:35 GMT
ETag: testEtag
Content-Type: text/plain;charset=utf-8
Content-Length: 4


04:06:35.624 [qtp961160488-22] DEBUG org.eclipse.jetty.http.HttpGenerator - CONTENT_LENGTH
04:06:35.624 [qtp961160488-22] DEBUG org.eclipse.jetty.server.HttpConnection - generate: FLUSH for SendCallback@3cdf5b69[PROCESSING][i=HTTP/1.1{s=200,h=4,cl=4},cb=org.eclipse.jetty.server.HttpChannel$SendCallback@3f155824] ([p=0,l=164,c=8192,r=164],[p=0,l=4,c=512,r=4],true)@COMPLETING
04:06:35.624 [qtp961160488-22] DEBUG org.eclipse.jetty.io.WriteFlusher - write: WriteFlusher@2c809912{IDLE}->null [HeapByteBuffer@3e2e5006[p=0,l=164,c=8192,r=164]={<<<HTTP/1.1 200 OK\r\nDate: Th...y(9.4.44.v20210927)\r\n\r\n>>>\x00\x00\x00\x00\x00\x00\x00\x00\x00...\x00\x00\x00\x00\x00\x00\x00},HeapByteBuffer@2bf3030d[p=0,l=4,c=512,r=4]={<<<path>>>\x00\x00\x00\x00\x00\x00\x00\x00\x00...\x00\x00\x00\x00\x00\x00\x00}]
04:06:35.624 [qtp961160488-22] DEBUG org.eclipse.jetty.io.WriteFlusher - update WriteFlusher@2c809912{WRITING}->null:IDLE-->WRITING
04:06:35.625 [qtp961160488-22] DEBUG org.eclipse.jetty.io.ChannelEndPoint - flushed 168 SocketChannelEndPoint@5d7ead9d{l=/127.0.0.1:36153,r=/127.0.0.1:37660,OPEN,fill=-,flush=W,to=25/3000}{io=0/0,kio=0,kro=1}->HttpConnection@639c9dcd[p=HttpParser{s=CONTENT,0 of -1},g=HttpGenerator@28093854{s=COMPLETING}]=>HttpChannelOverHttp@3732710a{s=HttpChannelState@56278750{s=HANDLING rs=BLOCKING os=COMMITTED is=IDLE awp=false se=false i=true al=0},r=1,c=false/false,a=HANDLING,uri=//localhost:36153/config.yml,age=18}
04:06:35.625 [qtp961160488-22] DEBUG org.eclipse.jetty.io.WriteFlusher - Flushed=true written=168 remaining=0 WriteFlusher@2c809912{WRITING}->null
04:06:35.625 [qtp961160488-22] DEBUG org.eclipse.jetty.io.WriteFlusher - update WriteFlusher@2c809912{IDLE}->null:WRITING-->IDLE
04:06:35.625 [qtp961160488-22] DEBUG org.eclipse.jetty.server.HttpConnection - generate: DONE for SendCallback@3cdf5b69[PROCESSING][i=HTTP/1.1{s=200,h=4,cl=4},cb=org.eclipse.jetty.server.HttpChannel$SendCallback@3f155824] ([p=164,l=164,c=8192,r=0],[p=4,l=4,c=512,r=0],true)@END
04:06:35.625 [qtp961160488-22] DEBUG org.eclipse.jetty.server.HttpOutput - onWriteComplete(true,null) s=CLOSING,api=BLOCKED,sc=false,e=null->s=CLOSED,api=BLOCKING,sc=false,e=null c=null cb=null w=false
04:06:35.625 [qtp961160488-22] DEBUG org.eclipse.jetty.server.HttpOutput - close() s=CLOSED,api=BLOCKING,sc=false,e=null c=null b=null
04:06:35.625 [qtp961160488-22] DEBUG org.eclipse.jetty.server.Server - handled=true async=false committed=true on HttpChannelOverHttp@3732710a{s=HttpChannelState@56278750{s=HANDLING rs=BLOCKING os=COMPLETED is=IDLE awp=false se=false i=true al=0},r=1,c=false/true,a=HANDLING,uri=//localhost:36153/config.yml,age=18}
04:06:35.626 [qtp961160488-22] DEBUG org.eclipse.jetty.server.HttpChannelState - unhandle HttpChannelState@56278750{s=HANDLING rs=BLOCKING os=COMPLETED is=IDLE awp=false se=false i=true al=0}
04:06:35.626 [qtp961160488-22] DEBUG org.eclipse.jetty.server.HttpChannelState - nextAction(false) COMPLETE HttpChannelState@56278750{s=HANDLING rs=COMPLETING os=COMPLETED is=IDLE awp=false se=false i=false al=0}
04:06:35.626 [qtp961160488-22] DEBUG org.eclipse.jetty.server.HttpChannel - action COMPLETE HttpChannelOverHttp@3732710a{s=HttpChannelState@56278750{s=HANDLING rs=COMPLETING os=COMPLETED is=IDLE awp=false se=false i=false al=0},r=1,c=false/true,a=HANDLING,uri=//localhost:36153/config.yml,age=19}
04:06:35.627 [qtp961160488-22] DEBUG org.eclipse.jetty.server.HttpOutput - complete(org.eclipse.jetty.util.Callback$3@701cd6d9) s=CLOSED,api=BLOCKING,sc=false,e=null s=true e=null, c=null
04:06:35.627 [qtp961160488-22] DEBUG org.eclipse.jetty.server.HttpChannelState - completed HttpChannelState@56278750{s=HANDLING rs=COMPLETING os=COMPLETED is=IDLE awp=false se=false i=false al=0}
04:06:35.627 [qtp961160488-22] DEBUG org.eclipse.jetty.server.HttpChannelState - unhandle HttpChannelState@56278750{s=HANDLING rs=COMPLETED os=COMPLETED is=IDLE awp=false se=false i=false al=0}
04:06:35.627 [qtp961160488-22] DEBUG org.eclipse.jetty.server.HttpChannelState - nextAction(false) TERMINATED HttpChannelState@56278750{s=IDLE rs=COMPLETED os=COMPLETED is=IDLE awp=false se=false i=false al=0}
04:06:35.627 [qtp961160488-22] DEBUG org.eclipse.jetty.server.HttpChannel - action TERMINATED HttpChannelOverHttp@3732710a{s=HttpChannelState@56278750{s=IDLE rs=COMPLETED os=COMPLETED is=IDLE awp=false se=false i=false al=0},r=1,c=true/true,a=IDLE,uri=//localhost:36153/config.yml,age=20}
04:06:35.627 [qtp961160488-22] DEBUG org.eclipse.jetty.server.HttpChannel - onCompleted for /config.yml written=4
04:06:35.628 [qtp961160488-22] DEBUG org.eclipse.jetty.io.ChannelEndPoint - filled 0 HeapByteBuffer@3e2e5006[p=0,l=0,c=8192,r=0]={<<<>>>HTTP/1.1 ...\x00\x00\x00\x00\x00\x00\x00}
04:06:35.628 [qtp961160488-22] DEBUG org.eclipse.jetty.io.ChannelEndPoint - filled 0 HeapByteBuffer@3e2e5006[p=0,l=0,c=8192,r=0]={<<<>>>HTTP/1.1 ...\x00\x00\x00\x00\x00\x00\x00}
04:06:35.628 [qtp961160488-22] DEBUG org.eclipse.jetty.server.HttpConnection - HttpConnection@639c9dcd::SocketChannelEndPoint@5d7ead9d{l=/127.0.0.1:36153,r=/127.0.0.1:37660,OPEN,fill=-,flush=-,to=2/3000}{io=0/0,kio=0,kro=1}->HttpConnection@639c9dcd[p=HttpParser{s=CONTENT,0 of -1},g=HttpGenerator@28093854{s=END}]=>HttpChannelOverHttp@3732710a{s=HttpChannelState@56278750{s=IDLE rs=COMPLETED os=COMPLETED is=IDLE awp=false se=false i=false al=0},r=1,c=true/true,a=IDLE,uri=//localhost:36153/config.yml,age=21} filled 0 HeapByteBuffer@3e2e5006[p=0,l=0,c=8192,r=0]={<<<>>>HTTP/1.1 ...\x00\x00\x00\x00\x00\x00\x00}
04:06:35.628 [qtp961160488-22] DEBUG org.eclipse.jetty.server.HttpConnection - HttpConnection@639c9dcd::SocketChannelEndPoint@5d7ead9d{l=/127.0.0.1:36153,r=/127.0.0.1:37660,OPEN,fill=-,flush=-,to=3/3000}{io=0/0,kio=0,kro=1}->HttpConnection@639c9dcd[p=HttpParser{s=CONTENT,0 of -1},g=HttpGenerator@28093854{s=END}]=>HttpChannelOverHttp@3732710a{s=HttpChannelState@56278750{s=IDLE rs=COMPLETED os=COMPLETED is=IDLE awp=false se=false i=false al=0},r=1,c=true/true,a=IDLE,uri=//localhost:36153/config.yml,age=21} parse HeapByteBuffer@3e2e5006[p=0,l=0,c=8192,r=0]={<<<>>>HTTP/1.1 ...\x00\x00\x00\x00\x00\x00\x00} {}
04:06:35.628 [qtp961160488-22] DEBUG org.eclipse.jetty.http.HttpParser - parseNext s=CONTENT HeapByteBuffer@3e2e5006[p=0,l=0,c=8192,r=0]={<<<>>>HTTP/1.1 ...\x00\x00\x00\x00\x00\x00\x00}
04:06:35.628 [qtp961160488-22] DEBUG org.eclipse.jetty.http.HttpParser - CONTENT --> CONTENT_END
04:06:35.628 [qtp961160488-22] DEBUG org.eclipse.jetty.server.HttpChannel - onContentComplete HttpChannelOverHttp@3732710a{s=HttpChannelState@56278750{s=IDLE rs=COMPLETED os=COMPLETED is=IDLE awp=false se=false i=false al=0},r=1,c=true/true,a=IDLE,uri=//localhost:36153/config.yml,age=21}
04:06:35.628 [qtp961160488-22] DEBUG org.eclipse.jetty.http.HttpParser - CONTENT_END --> END
04:06:35.629 [qtp961160488-22] DEBUG org.eclipse.jetty.server.HttpChannel - onRequestComplete HttpChannelOverHttp@3732710a{s=HttpChannelState@56278750{s=IDLE rs=COMPLETED os=COMPLETED is=IDLE awp=false se=false i=false al=0},r=1,c=true/true,a=IDLE,uri=//localhost:36153/config.yml,age=22}
04:06:35.629 [qtp961160488-22] DEBUG org.eclipse.jetty.server.HttpInput - HttpInputOverHTTP@61977d51[c=0,q=0,[0]=null,s=STREAM] addContent EOF
04:06:35.629 [qtp961160488-22] DEBUG org.eclipse.jetty.server.HttpConnection - HttpConnection@639c9dcd::SocketChannelEndPoint@5d7ead9d{l=/127.0.0.1:36153,r=/127.0.0.1:37660,OPEN,fill=-,flush=-,to=4/3000}{io=0/0,kio=0,kro=1}->HttpConnection@639c9dcd[p=HttpParser{s=END,0 of -1},g=HttpGenerator@28093854{s=END}]=>HttpChannelOverHttp@3732710a{s=HttpChannelState@56278750{s=IDLE rs=COMPLETED os=COMPLETED is=IDLE awp=false se=false i=false al=0},r=1,c=true/true,a=IDLE,uri=//localhost:36153/config.yml,age=22} parsed false HttpParser{s=END,0 of -1}
04:06:35.629 [main] DEBUG org.apache.nifi.minifi.bootstrap.configuration.ingestors.PullHttpChangeIngestor - Response received: Response{protocol=http/1.1, code=200, message=OK, url=http://localhost:36153/config.yml}
04:06:35.629 [qtp961160488-22] DEBUG org.eclipse.jetty.server.HttpConnection - releaseRequestBuffer HttpConnection@639c9dcd::SocketChannelEndPoint@5d7ead9d{l=/127.0.0.1:36153,r=/127.0.0.1:37660,OPEN,fill=-,flush=-,to=4/3000}{io=0/0,kio=0,kro=1}->HttpConnection@639c9dcd[p=HttpParser{s=END,0 of -1},g=HttpGenerator@28093854{s=END}]=>HttpChannelOverHttp@3732710a{s=HttpChannelState@56278750{s=IDLE rs=COMPLETED os=COMPLETED is=IDLE awp=false se=false i=false al=0},r=1,c=true/true,a=IDLE,uri=//localhost:36153/config.yml,age=22}
04:06:35.629 [qtp961160488-22] DEBUG org.eclipse.jetty.server.HttpChannelState - recycle HttpChannelState@56278750{s=IDLE rs=COMPLETED os=COMPLETED is=IDLE awp=false se=false i=false al=0}
04:06:35.630 [main] DEBUG org.apache.nifi.minifi.bootstrap.configuration.ingestors.PullHttpChangeIngestor - New change received, notifying listener
04:06:35.630 [main] DEBUG org.apache.nifi.minifi.bootstrap.configuration.ingestors.PullHttpChangeIngestor - Listeners notified
04:06:35.633 [qtp961160488-22] DEBUG org.eclipse.jetty.http.HttpParser - reset HttpParser{s=END,0 of -1}
04:06:35.633 [qtp961160488-22] DEBUG org.eclipse.jetty.http.HttpParser - END --> START
04:06:35.633 [qtp961160488-22] DEBUG org.eclipse.jetty.server.HttpChannel - !handle TERMINATED HttpChannelOverHttp@3732710a{s=HttpChannelState@56278750{s=IDLE rs=BLOCKING os=OPEN is=IDLE awp=false se=false i=true al=0},r=1,c=false/false,a=IDLE,uri=null,age=0}
04:06:35.633 [qtp961160488-22] DEBUG org.eclipse.jetty.io.ChannelEndPoint - filled 0 HeapByteBuffer@3e2e5006[p=0,l=0,c=8192,r=0]={<<<>>>HTTP/1.1 ...\x00\x00\x00\x00\x00\x00\x00}
04:06:35.633 [qtp961160488-22] DEBUG org.eclipse.jetty.io.ChannelEndPoint - filled 0 HeapByteBuffer@3e2e5006[p=0,l=0,c=8192,r=0]={<<<>>>HTTP/1.1 ...\x00\x00\x00\x00\x00\x00\x00}
04:06:35.633 [qtp961160488-22] DEBUG org.eclipse.jetty.server.HttpConnection - HttpConnection@639c9dcd::SocketChannelEndPoint@5d7ead9d{l=/127.0.0.1:36153,r=/127.0.0.1:37660,OPEN,fill=-,flush=-,to=8/3000}{io=0/0,kio=0,kro=1}->HttpConnection@639c9dcd[p=HttpParser{s=START,0 of -1},g=HttpGenerator@28093854{s=START}]=>HttpChannelOverHttp@3732710a{s=HttpChannelState@56278750{s=IDLE rs=BLOCKING os=OPEN is=IDLE awp=false se=false i=true al=0},r=1,c=false/false,a=IDLE,uri=null,age=0} filled 0 HeapByteBuffer@3e2e5006[p=0,l=0,c=8192,r=0]={<<<>>>HTTP/1.1 ...\x00\x00\x00\x00\x00\x00\x00}
04:06:35.634 [qtp961160488-22] DEBUG org.eclipse.jetty.server.HttpConnection - HttpConnection@639c9dcd::SocketChannelEndPoint@5d7ead9d{l=/127.0.0.1:36153,r=/127.0.0.1:37660,OPEN,fill=-,flush=-,to=8/3000}{io=0/0,kio=0,kro=1}->HttpConnection@639c9dcd[p=HttpParser{s=START,0 of -1},g=HttpGenerator@28093854{s=START}]=>HttpChannelOverHttp@3732710a{s=HttpChannelState@56278750{s=IDLE rs=BLOCKING os=OPEN is=IDLE awp=false se=false i=true al=0},r=1,c=false/false,a=IDLE,uri=null,age=0} parse HeapByteBuffer@3e2e5006[p=0,l=0,c=8192,r=0]={<<<>>>HTTP/1.1 ...\x00\x00\x00\x00\x00\x00\x00} {}
04:06:35.634 [qtp961160488-22] DEBUG org.eclipse.jetty.http.HttpParser - parseNext s=START HeapByteBuffer@3e2e5006[p=0,l=0,c=8192,r=0]={<<<>>>HTTP/1.1 ...\x00\x00\x00\x00\x00\x00\x00}
04:06:35.634 [qtp961160488-22] DEBUG org.eclipse.jetty.server.HttpConnection - HttpConnection@639c9dcd::SocketChannelEndPoint@5d7ead9d{l=/127.0.0.1:36153,r=/127.0.0.1:37660,OPEN,fill=-,flush=-,to=9/3000}{io=0/0,kio=0,kro=1}->HttpConnection@639c9dcd[p=HttpParser{s=START,0 of -1},g=HttpGenerator@28093854{s=START}]=>HttpChannelOverHttp@3732710a{s=HttpChannelState@56278750{s=IDLE rs=BLOCKING os=OPEN is=IDLE awp=false se=false i=true al=0},r=1,c=false/false,a=IDLE,uri=null,age=0} parsed false HttpParser{s=START,0 of -1}
04:06:35.634 [qtp961160488-22] DEBUG org.eclipse.jetty.server.HttpConnection - releaseRequestBuffer HttpConnection@639c9dcd::SocketChannelEndPoint@5d7ead9d{l=/127.0.0.1:36153,r=/127.0.0.1:37660,OPEN,fill=-,flush=-,to=9/3000}{io=0/0,kio=0,kro=1}->HttpConnection@639c9dcd[p=HttpParser{s=START,0 of -1},g=HttpGenerator@28093854{s=START}]=>HttpChannelOverHttp@3732710a{s=HttpChannelState@56278750{s=IDLE rs=BLOCKING os=OPEN is=IDLE awp=false se=false i=true al=0},r=1,c=false/false,a=IDLE,uri=null,age=0}
04:06:35.634 [qtp961160488-22] DEBUG org.eclipse.jetty.io.AbstractConnection - fillInterested HttpConnection@639c9dcd::SocketChannelEndPoint@5d7ead9d{l=/127.0.0.1:36153,r=/127.0.0.1:37660,OPEN,fill=-,flush=-,to=9/3000}{io=0/0,kio=0,kro=1}->HttpConnection@639c9dcd[p=HttpParser{s=START,0 of -1},g=HttpGenerator@28093854{s=START}]=>HttpChannelOverHttp@3732710a{s=HttpChannelState@56278750{s=IDLE rs=BLOCKING os=OPEN is=IDLE awp=false se=false i=true al=0},r=1,c=false/false,a=IDLE,uri=null,age=0}
04:06:35.635 [qtp961160488-22] DEBUG org.eclipse.jetty.io.FillInterest - interested FillInterest@5d9ca43c{AC.ReadCB@639c9dcd{HttpConnection@639c9dcd::SocketChannelEndPoint@5d7ead9d{l=/127.0.0.1:36153,r=/127.0.0.1:37660,OPEN,fill=FI,flush=-,to=0/3000}{io=0/0,kio=0,kro=1}->HttpConnection@639c9dcd[p=HttpParser{s=START,0 of -1},g=HttpGenerator@28093854{s=START}]=>HttpChannelOverHttp@3732710a{s=HttpChannelState@56278750{s=IDLE rs=BLOCKING os=OPEN is=IDLE awp=false se=false i=true al=0},r=1,c=false/false,a=IDLE,uri=null,age=0}}}
04:06:35.635 [qtp961160488-22] DEBUG org.eclipse.jetty.io.ChannelEndPoint - changeInterests p=false 0->1 for SocketChannelEndPoint@5d7ead9d{l=/127.0.0.1:36153,r=/127.0.0.1:37660,OPEN,fill=FI,flush=-,to=0/3000}{io=0/1,kio=0,kro=1}->HttpConnection@639c9dcd[p=HttpParser{s=START,0 of -1},g=HttpGenerator@28093854{s=START}]=>HttpChannelOverHttp@3732710a{s=HttpChannelState@56278750{s=IDLE rs=BLOCKING os=OPEN is=IDLE awp=false se=false i=true al=0},r=1,c=false/false,a=IDLE,uri=null,age=0}
04:06:35.635 [qtp961160488-22] DEBUG org.eclipse.jetty.io.ManagedSelector - Queued change lazy=false org.eclipse.jetty.io.ChannelEndPoint$$Lambda$255/2121444922@6c117757 on ManagedSelector@4803b726{STARTED} id=1 keys=1 selected=0 updates=0
04:06:35.635 [qtp961160488-22] DEBUG org.eclipse.jetty.io.ManagedSelector - Wakeup on submit ManagedSelector@4803b726{STARTED} id=1 keys=1 selected=0 updates=1
04:06:35.635 [qtp961160488-16] DEBUG org.eclipse.jetty.io.ManagedSelector - Selector sun.nio.ch.EPollSelectorImpl@736a5ca1 woken with none selected
04:06:35.635 [qtp961160488-16] DEBUG org.eclipse.jetty.io.ManagedSelector - Selector sun.nio.ch.EPollSelectorImpl@736a5ca1 woken up from select, 0/0/1 selected
04:06:35.635 [qtp961160488-16] DEBUG org.eclipse.jetty.io.ManagedSelector - Selector sun.nio.ch.EPollSelectorImpl@736a5ca1 processing 0 keys, 1 updates
04:06:35.635 [qtp961160488-16] DEBUG org.eclipse.jetty.io.ManagedSelector - updateable 1
04:06:35.635 [qtp961160488-16] DEBUG org.eclipse.jetty.io.ManagedSelector - update org.eclipse.jetty.io.ChannelEndPoint$$Lambda$255/2121444922@6c117757
04:06:35.636 [qtp961160488-22] DEBUG org.eclipse.jetty.server.HttpConnection - HttpConnection@639c9dcd::SocketChannelEndPoint@5d7ead9d{l=/127.0.0.1:36153,r=/127.0.0.1:37660,OPEN,fill=FI,flush=-,to=0/3000}{io=0/1,kio=0,kro=1}->HttpConnection@639c9dcd[p=HttpParser{s=START,0 of -1},g=HttpGenerator@28093854{s=START}]=>HttpChannelOverHttp@3732710a{s=HttpChannelState@56278750{s=IDLE rs=BLOCKING os=OPEN is=IDLE awp=false se=false i=true al=0},r=1,c=false/false,a=IDLE,uri=null,age=0} onFillable exit HttpChannelState@56278750{s=IDLE rs=BLOCKING os=OPEN is=IDLE awp=false se=false i=true al=0} null
04:06:35.636 [qtp961160488-16] DEBUG org.eclipse.jetty.io.ChannelEndPoint - Key interests updated 0 -> 1 on SocketChannelEndPoint@5d7ead9d{l=/127.0.0.1:36153,r=/127.0.0.1:37660,OPEN,fill=FI,flush=-,to=0/3000}{io=1/1,kio=1,kro=1}->HttpConnection@639c9dcd[p=HttpParser{s=START,0 of -1},g=HttpGenerator@28093854{s=START}]=>HttpChannelOverHttp@3732710a{s=HttpChannelState@56278750{s=IDLE rs=BLOCKING os=OPEN is=IDLE awp=false se=false i=true al=0},r=1,c=false/false,a=IDLE,uri=null,age=0}
04:06:35.636 [qtp961160488-16] DEBUG org.eclipse.jetty.io.ManagedSelector - updates 0
04:06:35.636 [qtp961160488-16] DEBUG org.eclipse.jetty.io.ManagedSelector - Selector sun.nio.ch.EPollSelectorImpl@736a5ca1 waiting with 1 keys
04:06:35.636 [qtp961160488-22] DEBUG org.eclipse.jetty.util.thread.QueuedThreadPool - ran CEP:SocketChannelEndPoint@5d7ead9d{l=/127.0.0.1:36153,r=/127.0.0.1:37660,OPEN,fill=FI,flush=-,to=1/3000}{io=1/1,kio=1,kro=1}->HttpConnection@639c9dcd[p=HttpParser{s=START,0 of -1},g=HttpGenerator@28093854{s=START}]=>HttpChannelOverHttp@3732710a{s=HttpChannelState@56278750{s=IDLE rs=BLOCKING os=OPEN is=IDLE awp=false se=false i=true al=0},r=1,c=false/false,a=IDLE,uri=null,age=0}:runFillable:BLOCKING in QueuedThreadPool[qtp961160488]@394a2528{STARTED,8<=8<=200,i=1,r=-1,q=0}[ReservedThreadExecutor@383bfa16{reserved=1/8,pending=0}]
]]></system-out>
  </testcase>
  <testcase name="testUseEtag" classname="org.apache.nifi.minifi.bootstrap.configuration.ingestors.PullHttpChangeIngestorTest" time="0.017">
    <system-out><![CDATA[04:06:35.639 [main] DEBUG org.apache.nifi.minifi.bootstrap.configuration.ingestors.PullHttpChangeIngestor - Attempting to pull new config
04:06:35.639 [qtp961160488-19-acceptor-0@1e1a0406-ServerConnector@446293d{HTTP/1.1, (http/1.1)}{localhost:36153}] DEBUG org.eclipse.jetty.io.ManagedSelector - Queued change lazy=false Accept@4a90c845[java.nio.channels.SocketChannel[connected local=/127.0.0.1:36153 remote=/127.0.0.1:37670]] on ManagedSelector@316bcf94{STARTED} id=2 keys=0 selected=0 updates=0
04:06:35.639 [qtp961160488-19-acceptor-0@1e1a0406-ServerConnector@446293d{HTTP/1.1, (http/1.1)}{localhost:36153}] DEBUG org.eclipse.jetty.io.ManagedSelector - Wakeup on submit ManagedSelector@316bcf94{STARTED} id=2 keys=0 selected=0 updates=1
04:06:35.640 [qtp961160488-17] DEBUG org.eclipse.jetty.io.ManagedSelector - Selector sun.nio.ch.EPollSelectorImpl@13094ca6 woken with none selected
04:06:35.640 [qtp961160488-17] DEBUG org.eclipse.jetty.io.ManagedSelector - Selector sun.nio.ch.EPollSelectorImpl@13094ca6 woken up from select, 0/0/0 selected
04:06:35.640 [qtp961160488-17] DEBUG org.eclipse.jetty.io.ManagedSelector - Selector sun.nio.ch.EPollSelectorImpl@13094ca6 processing 0 keys, 1 updates
04:06:35.640 [qtp961160488-17] DEBUG org.eclipse.jetty.io.ManagedSelector - updateable 1
04:06:35.640 [qtp961160488-17] DEBUG org.eclipse.jetty.io.ManagedSelector - update Accept@4a90c845[java.nio.channels.SocketChannel[connected local=/127.0.0.1:36153 remote=/127.0.0.1:37670]]
04:06:35.640 [qtp961160488-17] DEBUG org.eclipse.jetty.util.thread.QueuedThreadPool - queue Accept@4a90c845[java.nio.channels.SocketChannel[connected local=/127.0.0.1:36153 remote=/127.0.0.1:37670]] startThread=0
04:06:35.640 [qtp961160488-17] DEBUG org.eclipse.jetty.io.ManagedSelector - updates 0
04:06:35.640 [qtp961160488-21] DEBUG org.eclipse.jetty.util.thread.QueuedThreadPool - run Accept@4a90c845[java.nio.channels.SocketChannel[connected local=/127.0.0.1:36153 remote=/127.0.0.1:37670]] in QueuedThreadPool[qtp961160488]@394a2528{STARTED,8<=8<=200,i=1,r=-1,q=0}[ReservedThreadExecutor@383bfa16{reserved=1/8,pending=0}]
04:06:35.640 [qtp961160488-17] DEBUG org.eclipse.jetty.io.ManagedSelector - Selector sun.nio.ch.EPollSelectorImpl@13094ca6 waiting with 1 keys
04:06:35.640 [qtp961160488-21] DEBUG org.eclipse.jetty.io.IdleTimeout - SocketChannelEndPoint@67c69d30{l=/127.0.0.1:36153,r=/127.0.0.1:37670,OPEN,fill=-,flush=-,to=0/3000}{io=0/0,kio=0,kro=0}-><null> idle timeout check, elapsed: 0 ms, remaining: 3000 ms
04:06:35.640 [qtp961160488-21] DEBUG org.eclipse.jetty.server.HttpChannel - new HttpChannelOverHttp@6ecd204{s=HttpChannelState@3ee92ba1{s=IDLE rs=BLOCKING os=OPEN is=IDLE awp=false se=false i=true al=0},r=0,c=false/false,a=IDLE,uri=null,age=0} -> SocketChannelEndPoint@67c69d30{l=/127.0.0.1:36153,r=/127.0.0.1:37670,OPEN,fill=-,flush=-,to=0/3000}{io=0/0,kio=0,kro=0}-><null>,null,HttpChannelState@3ee92ba1{s=IDLE rs=BLOCKING os=OPEN is=IDLE awp=false se=false i=true al=0}
04:06:35.640 [qtp961160488-21] DEBUG org.eclipse.jetty.server.HttpConnection - New HTTP Connection HttpConnection@59a558e4::SocketChannelEndPoint@67c69d30{l=/127.0.0.1:36153,r=/127.0.0.1:37670,OPEN,fill=-,flush=-,to=0/3000}{io=0/0,kio=0,kro=0}-><null>
04:06:35.640 [qtp961160488-21] DEBUG org.eclipse.jetty.io.ManagedSelector - Queued change lazy=true org.eclipse.jetty.io.ManagedSelector$$Lambda$258/2107212988@a5961fd on ManagedSelector@316bcf94{STARTED} id=2 keys=1 selected=0 updates=0
04:06:35.640 [qtp961160488-21] DEBUG org.eclipse.jetty.io.AbstractEndPoint - onOpen SocketChannelEndPoint@67c69d30{l=/127.0.0.1:36153,r=/127.0.0.1:37670,OPEN,fill=-,flush=-,to=0/3000}{io=0/0,kio=0,kro=0}->HttpConnection@59a558e4[p=HttpParser{s=START,0 of -1},g=HttpGenerator@6a45fe40{s=START}]=>HttpChannelOverHttp@6ecd204{s=HttpChannelState@3ee92ba1{s=IDLE rs=BLOCKING os=OPEN is=IDLE awp=false se=false i=true al=0},r=0,c=false/false,a=IDLE,uri=null,age=0}
04:06:35.640 [qtp961160488-21] DEBUG org.eclipse.jetty.io.AbstractConnection - onOpen HttpConnection@59a558e4::SocketChannelEndPoint@67c69d30{l=/127.0.0.1:36153,r=/127.0.0.1:37670,OPEN,fill=-,flush=-,to=0/3000}{io=0/0,kio=0,kro=0}->HttpConnection@59a558e4[p=HttpParser{s=START,0 of -1},g=HttpGenerator@6a45fe40{s=START}]=>HttpChannelOverHttp@6ecd204{s=HttpChannelState@3ee92ba1{s=IDLE rs=BLOCKING os=OPEN is=IDLE awp=false se=false i=true al=0},r=0,c=false/false,a=IDLE,uri=null,age=0}
04:06:35.641 [qtp961160488-21] DEBUG org.eclipse.jetty.io.AbstractConnection - fillInterested HttpConnection@59a558e4::SocketChannelEndPoint@67c69d30{l=/127.0.0.1:36153,r=/127.0.0.1:37670,OPEN,fill=-,flush=-,to=0/3000}{io=0/0,kio=0,kro=0}->HttpConnection@59a558e4[p=HttpParser{s=START,0 of -1},g=HttpGenerator@6a45fe40{s=START}]=>HttpChannelOverHttp@6ecd204{s=HttpChannelState@3ee92ba1{s=IDLE rs=BLOCKING os=OPEN is=IDLE awp=false se=false i=true al=0},r=0,c=false/false,a=IDLE,uri=null,age=0}
04:06:35.641 [qtp961160488-21] DEBUG org.eclipse.jetty.io.FillInterest - interested FillInterest@1d06748a{AC.ReadCB@59a558e4{HttpConnection@59a558e4::SocketChannelEndPoint@67c69d30{l=/127.0.0.1:36153,r=/127.0.0.1:37670,OPEN,fill=FI,flush=-,to=0/3000}{io=0/0,kio=0,kro=0}->HttpConnection@59a558e4[p=HttpParser{s=START,0 of -1},g=HttpGenerator@6a45fe40{s=START}]=>HttpChannelOverHttp@6ecd204{s=HttpChannelState@3ee92ba1{s=IDLE rs=BLOCKING os=OPEN is=IDLE awp=false se=false i=true al=0},r=0,c=false/false,a=IDLE,uri=null,age=0}}}
04:06:35.641 [qtp961160488-21] DEBUG org.eclipse.jetty.io.ChannelEndPoint - changeInterests p=false 0->1 for SocketChannelEndPoint@67c69d30{l=/127.0.0.1:36153,r=/127.0.0.1:37670,OPEN,fill=FI,flush=-,to=0/3000}{io=0/1,kio=0,kro=0}->HttpConnection@59a558e4[p=HttpParser{s=START,0 of -1},g=HttpGenerator@6a45fe40{s=START}]=>HttpChannelOverHttp@6ecd204{s=HttpChannelState@3ee92ba1{s=IDLE rs=BLOCKING os=OPEN is=IDLE awp=false se=false i=true al=0},r=0,c=false/false,a=IDLE,uri=null,age=0}
04:06:35.641 [qtp961160488-21] DEBUG org.eclipse.jetty.io.ManagedSelector - Queued change lazy=false org.eclipse.jetty.io.ChannelEndPoint$$Lambda$255/2121444922@6e176db6 on ManagedSelector@316bcf94{STARTED} id=2 keys=1 selected=0 updates=1
04:06:35.641 [qtp961160488-21] DEBUG org.eclipse.jetty.io.ManagedSelector - Wakeup on submit ManagedSelector@316bcf94{STARTED} id=2 keys=1 selected=0 updates=2
04:06:35.641 [qtp961160488-17] DEBUG org.eclipse.jetty.io.ManagedSelector - Selector sun.nio.ch.EPollSelectorImpl@13094ca6 woken with none selected
04:06:35.641 [qtp961160488-17] DEBUG org.eclipse.jetty.io.ManagedSelector - Selector sun.nio.ch.EPollSelectorImpl@13094ca6 woken up from select, 0/0/1 selected
04:06:35.641 [qtp961160488-17] DEBUG org.eclipse.jetty.io.ManagedSelector - Selector sun.nio.ch.EPollSelectorImpl@13094ca6 processing 0 keys, 2 updates
04:06:35.641 [qtp961160488-21] DEBUG org.eclipse.jetty.io.ManagedSelector - Created SocketChannelEndPoint@67c69d30{l=/127.0.0.1:36153,r=/127.0.0.1:37670,OPEN,fill=FI,flush=-,to=0/3000}{io=0/1,kio=0,kro=0}->HttpConnection@59a558e4[p=HttpParser{s=START,0 of -1},g=HttpGenerator@6a45fe40{s=START}]=>HttpChannelOverHttp@6ecd204{s=HttpChannelState@3ee92ba1{s=IDLE rs=BLOCKING os=OPEN is=IDLE awp=false se=false i=true al=0},r=0,c=false/false,a=IDLE,uri=null,age=0}
04:06:35.641 [qtp961160488-17] DEBUG org.eclipse.jetty.io.ManagedSelector - updateable 2
04:06:35.641 [qtp961160488-17] DEBUG org.eclipse.jetty.io.ManagedSelector - update org.eclipse.jetty.io.ManagedSelector$$Lambda$258/2107212988@a5961fd
04:06:35.641 [qtp961160488-17] DEBUG org.eclipse.jetty.io.ManagedSelector - update org.eclipse.jetty.io.ChannelEndPoint$$Lambda$255/2121444922@6e176db6
04:06:35.641 [qtp961160488-21] DEBUG org.eclipse.jetty.util.thread.QueuedThreadPool - ran Accept@4a90c845[java.nio.channels.SocketChannel[connected local=/127.0.0.1:36153 remote=/127.0.0.1:37670]] in QueuedThreadPool[qtp961160488]@394a2528{STARTED,8<=8<=200,i=1,r=-1,q=0}[ReservedThreadExecutor@383bfa16{reserved=1/8,pending=0}]
04:06:35.641 [qtp961160488-17] DEBUG org.eclipse.jetty.io.ChannelEndPoint - Key interests updated 0 -> 1 on SocketChannelEndPoint@67c69d30{l=/127.0.0.1:36153,r=/127.0.0.1:37670,OPEN,fill=FI,flush=-,to=0/3000}{io=1/1,kio=1,kro=0}->HttpConnection@59a558e4[p=HttpParser{s=START,0 of -1},g=HttpGenerator@6a45fe40{s=START}]=>HttpChannelOverHttp@6ecd204{s=HttpChannelState@3ee92ba1{s=IDLE rs=BLOCKING os=OPEN is=IDLE awp=false se=false i=true al=0},r=0,c=false/false,a=IDLE,uri=null,age=0}
04:06:35.641 [qtp961160488-17] DEBUG org.eclipse.jetty.io.ManagedSelector - updates 0
04:06:35.641 [qtp961160488-17] DEBUG org.eclipse.jetty.io.ManagedSelector - Selector sun.nio.ch.EPollSelectorImpl@13094ca6 waiting with 1 keys
04:06:35.641 [qtp961160488-17] DEBUG org.eclipse.jetty.io.ManagedSelector - Selector sun.nio.ch.EPollSelectorImpl@13094ca6 woken up from select, 1/1/1 selected
04:06:35.642 [qtp961160488-17] DEBUG org.eclipse.jetty.io.ManagedSelector - Selector sun.nio.ch.EPollSelectorImpl@13094ca6 processing 1 keys, 0 updates
04:06:35.642 [qtp961160488-17] DEBUG org.eclipse.jetty.io.ManagedSelector - selected 1 sun.nio.ch.SelectionKeyImpl@1dcea0b7 SocketChannelEndPoint@67c69d30{l=/127.0.0.1:36153,r=/127.0.0.1:37670,OPEN,fill=FI,flush=-,to=0/3000}{io=1/1,kio=1,kro=1}->HttpConnection@59a558e4[p=HttpParser{s=START,0 of -1},g=HttpGenerator@6a45fe40{s=START}]=>HttpChannelOverHttp@6ecd204{s=HttpChannelState@3ee92ba1{s=IDLE rs=BLOCKING os=OPEN is=IDLE awp=false se=false i=true al=0},r=0,c=false/false,a=IDLE,uri=null,age=0} 
04:06:35.642 [qtp961160488-17] DEBUG org.eclipse.jetty.io.ChannelEndPoint - onSelected 1->0 r=true w=false for SocketChannelEndPoint@67c69d30{l=/127.0.0.1:36153,r=/127.0.0.1:37670,OPEN,fill=FI,flush=-,to=0/3000}{io=1/0,kio=1,kro=1}->HttpConnection@59a558e4[p=HttpParser{s=START,0 of -1},g=HttpGenerator@6a45fe40{s=START}]=>HttpChannelOverHttp@6ecd204{s=HttpChannelState@3ee92ba1{s=IDLE rs=BLOCKING os=OPEN is=IDLE awp=false se=false i=true al=0},r=0,c=false/false,a=IDLE,uri=null,age=0}
04:06:35.642 [qtp961160488-17] DEBUG org.eclipse.jetty.io.ChannelEndPoint - task CEP:SocketChannelEndPoint@67c69d30{l=/127.0.0.1:36153,r=/127.0.0.1:37670,OPEN,fill=FI,flush=-,to=1/3000}{io=1/0,kio=1,kro=1}->HttpConnection@59a558e4[p=HttpParser{s=START,0 of -1},g=HttpGenerator@6a45fe40{s=START}]=>HttpChannelOverHttp@6ecd204{s=HttpChannelState@3ee92ba1{s=IDLE rs=BLOCKING os=OPEN is=IDLE awp=false se=false i=true al=0},r=0,c=false/false,a=IDLE,uri=null,age=0}:runFillable:BLOCKING
04:06:35.642 [qtp961160488-17] DEBUG org.eclipse.jetty.util.thread.ReservedThreadExecutor - ReservedThreadExecutor@383bfa16{reserved=1/8,pending=0} tryExecute EatWhatYouKill@ffaa6af/SelectorProducer@53ce1329/PRODUCING/p=false/QueuedThreadPool[qtp961160488]@394a2528{STARTED,8<=8<=200,i=2,r=-1,q=0}[ReservedThreadExecutor@383bfa16{reserved=1/8,pending=0}][pc=0,pic=0,pec=0,epc=0]@2024-05-02T04:06:35.642+01:00
04:06:35.642 [qtp961160488-17] DEBUG org.eclipse.jetty.util.thread.ReservedThreadExecutor - ReservedThreadExecutor@383bfa16{reserved=0/8,pending=1} startReservedThread p=1
04:06:35.642 [qtp961160488-17] DEBUG org.eclipse.jetty.util.thread.QueuedThreadPool - queue ReservedThread@19f127d6{PENDING,thread=null} startThread=0
04:06:35.642 [qtp961160488-22] DEBUG org.eclipse.jetty.util.thread.QueuedThreadPool - run ReservedThread@19f127d6{PENDING,thread=null} in QueuedThreadPool[qtp961160488]@394a2528{STARTED,8<=8<=200,i=1,r=-1,q=0}[ReservedThreadExecutor@383bfa16{reserved=0/8,pending=1}]
04:06:35.642 [qtp961160488-22] DEBUG org.eclipse.jetty.util.thread.ReservedThreadExecutor - ReservedThread@19f127d6{PENDING,thread=Thread[qtp961160488-22,5,main]} was=PENDING next=RESERVED size=0+1 capacity=8
04:06:35.642 [qtp961160488-22] DEBUG org.eclipse.jetty.util.thread.ReservedThreadExecutor - ReservedThread@19f127d6{RESERVED,thread=Thread[qtp961160488-22,5,main]} waiting ReservedThreadExecutor@383bfa16{reserved=1/8,pending=0}
04:06:35.642 [qtp961160488-20] DEBUG org.eclipse.jetty.util.thread.ReservedThreadExecutor - ReservedThread@5cbf59c8{RESERVED,thread=Thread[qtp961160488-20,5,main]} task=EatWhatYouKill@ffaa6af/SelectorProducer@53ce1329/IDLE/p=true/QueuedThreadPool[qtp961160488]@394a2528{STARTED,8<=8<=200,i=1,r=-1,q=0}[ReservedThreadExecutor@383bfa16{reserved=0/8,pending=1}][pc=0,pic=0,pec=0,epc=0]@2024-05-02T04:06:35.642+01:00 ReservedThreadExecutor@383bfa16{reserved=1/8,pending=0}
04:06:35.643 [qtp961160488-17] DEBUG org.eclipse.jetty.util.thread.strategy.EatWhatYouKill - EatWhatYouKill@ffaa6af/SelectorProducer@53ce1329/IDLE/p=true/QueuedThreadPool[qtp961160488]@394a2528{STARTED,8<=8<=200,i=1,r=-1,q=0}[ReservedThreadExecutor@383bfa16{reserved=1/8,pending=0}][pc=0,pic=0,pec=0,epc=0]@2024-05-02T04:06:35.642+01:00 m=EXECUTE_PRODUCE_CONSUME t=CEP:SocketChannelEndPoint@67c69d30{l=/127.0.0.1:36153,r=/127.0.0.1:37670,OPEN,fill=FI,flush=-,to=1/3000}{io=1/0,kio=1,kro=1}->HttpConnection@59a558e4[p=HttpParser{s=START,0 of -1},g=HttpGenerator@6a45fe40{s=START}]=>HttpChannelOverHttp@6ecd204{s=HttpChannelState@3ee92ba1{s=IDLE rs=BLOCKING os=OPEN is=IDLE awp=false se=false i=true al=0},r=0,c=false/false,a=IDLE,uri=null,age=0}:runFillable:BLOCKING/BLOCKING
04:06:35.643 [qtp961160488-20] DEBUG org.eclipse.jetty.util.thread.strategy.EatWhatYouKill - EatWhatYouKill@ffaa6af/SelectorProducer@53ce1329/IDLE/p=true/QueuedThreadPool[qtp961160488]@394a2528{STARTED,8<=8<=200,i=1,r=-1,q=0}[ReservedThreadExecutor@383bfa16{reserved=1/8,pending=0}][pc=0,pic=0,pec=0,epc=0]@2024-05-02T04:06:35.643+01:00 tryProduce true
04:06:35.643 [qtp961160488-20] DEBUG org.eclipse.jetty.io.ManagedSelector - updateable 0
04:06:35.643 [qtp961160488-20] DEBUG org.eclipse.jetty.io.ManagedSelector - updates 0
04:06:35.643 [qtp961160488-17] DEBUG org.eclipse.jetty.io.FillInterest - fillable FillInterest@1d06748a{AC.ReadCB@59a558e4{HttpConnection@59a558e4::SocketChannelEndPoint@67c69d30{l=/127.0.0.1:36153,r=/127.0.0.1:37670,OPEN,fill=FI,flush=-,to=2/3000}{io=1/0,kio=1,kro=1}->HttpConnection@59a558e4[p=HttpParser{s=START,0 of -1},g=HttpGenerator@6a45fe40{s=START}]=>HttpChannelOverHttp@6ecd204{s=HttpChannelState@3ee92ba1{s=IDLE rs=BLOCKING os=OPEN is=IDLE awp=false se=false i=true al=0},r=0,c=false/false,a=IDLE,uri=null,age=0}}}
04:06:35.643 [qtp961160488-17] DEBUG org.eclipse.jetty.server.HttpConnection - HttpConnection@59a558e4::SocketChannelEndPoint@67c69d30{l=/127.0.0.1:36153,r=/127.0.0.1:37670,OPEN,fill=-,flush=-,to=2/3000}{io=0/0,kio=0,kro=1}->HttpConnection@59a558e4[p=HttpParser{s=START,0 of -1},g=HttpGenerator@6a45fe40{s=START}]=>HttpChannelOverHttp@6ecd204{s=HttpChannelState@3ee92ba1{s=IDLE rs=BLOCKING os=OPEN is=IDLE awp=false se=false i=true al=0},r=0,c=false/false,a=IDLE,uri=null,age=0} onFillable enter HttpChannelState@3ee92ba1{s=IDLE rs=BLOCKING os=OPEN is=IDLE awp=false se=false i=true al=0} null
04:06:35.643 [qtp961160488-20] DEBUG org.eclipse.jetty.io.ChannelEndPoint - Key interests updated 1 -> 0 on SocketChannelEndPoint@67c69d30{l=/127.0.0.1:36153,r=/127.0.0.1:37670,OPEN,fill=FI,flush=-,to=2/3000}{io=0/0,kio=0,kro=1}->HttpConnection@59a558e4[p=HttpParser{s=START,0 of -1},g=HttpGenerator@6a45fe40{s=START}]=>HttpChannelOverHttp@6ecd204{s=HttpChannelState@3ee92ba1{s=IDLE rs=BLOCKING os=OPEN is=IDLE awp=false se=false i=true al=0},r=0,c=false/false,a=IDLE,uri=null,age=0}
04:06:35.643 [qtp961160488-20] DEBUG org.eclipse.jetty.io.ManagedSelector - Selector sun.nio.ch.EPollSelectorImpl@13094ca6 waiting with 1 keys
04:06:35.643 [qtp961160488-17] DEBUG org.eclipse.jetty.io.ChannelEndPoint - filled 132 HeapByteBuffer@3e2e5006[p=0,l=132,c=8192,r=132]={<<<GET / HTTP/1.1\r\nIf-None-M...gent: okhttp/3.12.3\r\n\r\n>>>ver: Jett...\x00\x00\x00\x00\x00\x00\x00}
04:06:35.643 [qtp961160488-17] DEBUG org.eclipse.jetty.server.HttpConnection - HttpConnection@59a558e4::SocketChannelEndPoint@67c69d30{l=/127.0.0.1:36153,r=/127.0.0.1:37670,OPEN,fill=-,flush=-,to=0/3000}{io=0/0,kio=0,kro=1}->HttpConnection@59a558e4[p=HttpParser{s=START,0 of -1},g=HttpGenerator@6a45fe40{s=START}]=>HttpChannelOverHttp@6ecd204{s=HttpChannelState@3ee92ba1{s=IDLE rs=BLOCKING os=OPEN is=IDLE awp=false se=false i=true al=0},r=0,c=false/false,a=IDLE,uri=null,age=0} filled 132 HeapByteBuffer@3e2e5006[p=0,l=132,c=8192,r=132]={<<<GET / HTTP/1.1\r\nIf-None-M...gent: okhttp/3.12.3\r\n\r\n>>>ver: Jett...\x00\x00\x00\x00\x00\x00\x00}
04:06:35.643 [qtp961160488-17] DEBUG org.eclipse.jetty.server.HttpConnection - HttpConnection@59a558e4::SocketChannelEndPoint@67c69d30{l=/127.0.0.1:36153,r=/127.0.0.1:37670,OPEN,fill=-,flush=-,to=0/3000}{io=0/0,kio=0,kro=1}->HttpConnection@59a558e4[p=HttpParser{s=START,0 of -1},g=HttpGenerator@6a45fe40{s=START}]=>HttpChannelOverHttp@6ecd204{s=HttpChannelState@3ee92ba1{s=IDLE rs=BLOCKING os=OPEN is=IDLE awp=false se=false i=true al=0},r=0,c=false/false,a=IDLE,uri=null,age=0} parse HeapByteBuffer@3e2e5006[p=0,l=132,c=8192,r=132]={<<<GET / HTTP/1.1\r\nIf-None-M...gent: okhttp/3.12.3\r\n\r\n>>>ver: Jett...\x00\x00\x00\x00\x00\x00\x00} {}
04:06:35.644 [qtp961160488-17] DEBUG org.eclipse.jetty.http.HttpParser - parseNext s=START HeapByteBuffer@3e2e5006[p=0,l=132,c=8192,r=132]={<<<GET / HTTP/1.1\r\nIf-None-M...gent: okhttp/3.12.3\r\n\r\n>>>ver: Jett...\x00\x00\x00\x00\x00\x00\x00}
04:06:35.644 [qtp961160488-17] DEBUG org.eclipse.jetty.http.HttpParser - START --> SPACE1
04:06:35.644 [qtp961160488-17] DEBUG org.eclipse.jetty.http.HttpParser - SPACE1 --> URI
04:06:35.644 [qtp961160488-17] DEBUG org.eclipse.jetty.http.HttpParser - URI --> SPACE2
04:06:35.644 [qtp961160488-17] DEBUG org.eclipse.jetty.http.HttpParser - SPACE2 --> REQUEST_VERSION
04:06:35.644 [qtp961160488-17] DEBUG org.eclipse.jetty.http.HttpParser - REQUEST_VERSION --> HEADER
04:06:35.644 [qtp961160488-17] DEBUG org.eclipse.jetty.http.HttpParser - HEADER:If-None-Match --> VALUE
04:06:35.644 [qtp961160488-17] DEBUG org.eclipse.jetty.http.HttpParser - HEADER:If-None-Match --> FIELD
04:06:35.644 [qtp961160488-17] DEBUG org.eclipse.jetty.http.HttpParser - HEADER:Host --> VALUE
04:06:35.644 [qtp961160488-17] DEBUG org.eclipse.jetty.http.HttpParser - HEADER:Host --> IN_VALUE
04:06:35.644 [qtp961160488-17] DEBUG org.eclipse.jetty.http.HttpParser - HEADER:Host --> FIELD
04:06:35.644 [qtp961160488-17] DEBUG org.eclipse.jetty.http.HttpParser - HEADER:Connection: keep-alive --> IN_VALUE
04:06:35.644 [qtp961160488-17] DEBUG org.eclipse.jetty.http.HttpParser - HEADER:Connection: keep-alive --> FIELD
04:06:35.644 [qtp961160488-17] DEBUG org.eclipse.jetty.http.HttpParser - HEADER:Accept-Encoding: gzip --> IN_VALUE
04:06:35.644 [qtp961160488-17] DEBUG org.eclipse.jetty.http.HttpParser - HEADER:Accept-Encoding: gzip --> FIELD
04:06:35.644 [qtp961160488-17] DEBUG org.eclipse.jetty.http.HttpParser - HEADER:User-Agent --> VALUE
04:06:35.644 [qtp961160488-17] DEBUG org.eclipse.jetty.http.HttpParser - HEADER:User-Agent --> IN_VALUE
04:06:35.644 [qtp961160488-17] DEBUG org.eclipse.jetty.http.HttpParser - HEADER:User-Agent --> FIELD
04:06:35.644 [qtp961160488-17] DEBUG org.eclipse.jetty.http.HttpParser - HEADER --> CONTENT
04:06:35.644 [qtp961160488-17] DEBUG org.eclipse.jetty.server.HttpChannel - REQUEST for //localhost:36153/ on HttpChannelOverHttp@6ecd204{s=HttpChannelState@3ee92ba1{s=IDLE rs=BLOCKING os=OPEN is=IDLE awp=false se=false i=true al=0},r=1,c=false/false,a=IDLE,uri=//localhost:36153/,age=0}
GET //localhost:36153/ HTTP/1.1
If-None-Match: 
Host: localhost:36153
Connection: keep-alive
Accept-Encoding: gzip
User-Agent: okhttp/3.12.3


04:06:35.645 [qtp961160488-17] DEBUG org.eclipse.jetty.server.HttpConnection - HttpConnection@59a558e4::SocketChannelEndPoint@67c69d30{l=/127.0.0.1:36153,r=/127.0.0.1:37670,OPEN,fill=-,flush=-,to=1/3000}{io=0/0,kio=0,kro=1}->HttpConnection@59a558e4[p=HttpParser{s=CONTENT,0 of -1},g=HttpGenerator@6a45fe40{s=START}]=>HttpChannelOverHttp@6ecd204{s=HttpChannelState@3ee92ba1{s=IDLE rs=BLOCKING os=OPEN is=IDLE awp=false se=false i=true al=0},r=1,c=false/false,a=IDLE,uri=//localhost:36153/,age=1} parsed true HttpParser{s=CONTENT,0 of -1}
04:06:35.645 [qtp961160488-17] DEBUG org.eclipse.jetty.server.HttpConnection - releaseRequestBuffer HttpConnection@59a558e4::SocketChannelEndPoint@67c69d30{l=/127.0.0.1:36153,r=/127.0.0.1:37670,OPEN,fill=-,flush=-,to=1/3000}{io=0/0,kio=0,kro=1}->HttpConnection@59a558e4[p=HttpParser{s=CONTENT,0 of -1},g=HttpGenerator@6a45fe40{s=START}]=>HttpChannelOverHttp@6ecd204{s=HttpChannelState@3ee92ba1{s=IDLE rs=BLOCKING os=OPEN is=IDLE awp=false se=false i=true al=0},r=1,c=false/false,a=IDLE,uri=//localhost:36153/,age=1}
04:06:35.645 [qtp961160488-17] DEBUG org.eclipse.jetty.server.HttpChannel - handle //localhost:36153/ HttpChannelOverHttp@6ecd204{s=HttpChannelState@3ee92ba1{s=IDLE rs=BLOCKING os=OPEN is=IDLE awp=false se=false i=true al=0},r=1,c=false/false,a=IDLE,uri=//localhost:36153/,age=1} 
04:06:35.645 [qtp961160488-17] DEBUG org.eclipse.jetty.server.HttpChannelState - handling HttpChannelState@3ee92ba1{s=IDLE rs=BLOCKING os=OPEN is=IDLE awp=false se=false i=true al=0}
04:06:35.645 [qtp961160488-17] DEBUG org.eclipse.jetty.server.HttpChannel - action DISPATCH HttpChannelOverHttp@6ecd204{s=HttpChannelState@3ee92ba1{s=HANDLING rs=BLOCKING os=OPEN is=IDLE awp=false se=false i=true al=0},r=1,c=false/false,a=HANDLING,uri=//localhost:36153/,age=1}
04:06:35.645 [qtp961160488-17] DEBUG org.eclipse.jetty.server.Server - REQUEST GET / on HttpChannelOverHttp@6ecd204{s=HttpChannelState@3ee92ba1{s=HANDLING rs=BLOCKING os=OPEN is=IDLE awp=false se=false i=true al=0},r=1,c=false/false,a=HANDLING,uri=//localhost:36153/,age=1}
04:06:35.645 [qtp961160488-17] DEBUG org.eclipse.jetty.server.HttpOutput - write(array HeapByteBuffer@5cf3aa8c[p=0,l=4,c=512,r=4]={<<<test>>>\x00\x00\x00\x00\x00\x00\x00\x00\x00...\x00\x00\x00\x00\x00\x00\x00})
04:06:35.645 [qtp961160488-17] DEBUG org.eclipse.jetty.server.HttpOutput - write(array) s=CLOSING,api=BLOCKED,sc=false,e=null last=true agg=false flush=true async=false, len=4 null
04:06:35.645 [qtp961160488-17] DEBUG org.eclipse.jetty.server.HttpChannel - sendResponse info=null content=HeapByteBuffer@546b1c8[p=0,l=4,c=512,r=4]={<<<test>>>\x00\x00\x00\x00\x00\x00\x00\x00\x00...\x00\x00\x00\x00\x00\x00\x00} complete=true committing=true callback=Blocker@6de572cf{null}
04:06:35.645 [qtp961160488-17] DEBUG org.eclipse.jetty.server.HttpChannel - COMMIT for / on HttpChannelOverHttp@6ecd204{s=HttpChannelState@3ee92ba1{s=HANDLING rs=BLOCKING os=COMMITTED is=IDLE awp=false se=false i=true al=0},r=1,c=false/false,a=HANDLING,uri=//localhost:36153/,age=1}
200 null HTTP/1.1
Date: Thu, 02 May 2024 03:06:35 GMT
ETag: testEtag
Content-Type: text/plain;charset=utf-8
Content-Length: 4


04:06:35.645 [qtp961160488-17] DEBUG org.eclipse.jetty.server.HttpConnection - generate: NEED_HEADER for SendCallback@7dba3732[PROCESSING][i=HTTP/1.1{s=200,h=4,cl=4},cb=org.eclipse.jetty.server.HttpChannel$SendCallback@3cdc55c3] (null,[p=0,l=4,c=512,r=4],true)@START
04:06:35.646 [qtp961160488-17] DEBUG org.eclipse.jetty.http.HttpGenerator - generateHeaders HTTP/1.1{s=200,h=4,cl=4} last=true content=HeapByteBuffer@546b1c8[p=0,l=4,c=512,r=4]={<<<test>>>\x00\x00\x00\x00\x00\x00\x00\x00\x00...\x00\x00\x00\x00\x00\x00\x00}
04:06:35.646 [qtp961160488-17] DEBUG org.eclipse.jetty.http.HttpGenerator - Date: Thu, 02 May 2024 03:06:35 GMT
ETag: testEtag
Content-Type: text/plain;charset=utf-8
Content-Length: 4


04:06:35.646 [qtp961160488-17] DEBUG org.eclipse.jetty.http.HttpGenerator - CONTENT_LENGTH
04:06:35.646 [qtp961160488-17] DEBUG org.eclipse.jetty.server.HttpConnection - generate: FLUSH for SendCallback@7dba3732[PROCESSING][i=HTTP/1.1{s=200,h=4,cl=4},cb=org.eclipse.jetty.server.HttpChannel$SendCallback@3cdc55c3] ([p=0,l=164,c=8192,r=164],[p=0,l=4,c=512,r=4],true)@COMPLETING
04:06:35.646 [qtp961160488-17] DEBUG org.eclipse.jetty.io.WriteFlusher - write: WriteFlusher@ca47b61{IDLE}->null [HeapByteBuffer@3e2e5006[p=0,l=164,c=8192,r=164]={<<<HTTP/1.1 200 OK\r\nDate: Th...y(9.4.44.v20210927)\r\n\r\n>>>\x00\x00\x00\x00\x00\x00\x00\x00\x00...\x00\x00\x00\x00\x00\x00\x00},HeapByteBuffer@546b1c8[p=0,l=4,c=512,r=4]={<<<test>>>\x00\x00\x00\x00\x00\x00\x00\x00\x00...\x00\x00\x00\x00\x00\x00\x00}]
04:06:35.646 [qtp961160488-17] DEBUG org.eclipse.jetty.io.WriteFlusher - update WriteFlusher@ca47b61{WRITING}->null:IDLE-->WRITING
04:06:35.646 [qtp961160488-17] DEBUG org.eclipse.jetty.io.ChannelEndPoint - flushed 168 SocketChannelEndPoint@67c69d30{l=/127.0.0.1:36153,r=/127.0.0.1:37670,OPEN,fill=-,flush=W,to=2/3000}{io=0/0,kio=0,kro=1}->HttpConnection@59a558e4[p=HttpParser{s=CONTENT,0 of -1},g=HttpGenerator@6a45fe40{s=COMPLETING}]=>HttpChannelOverHttp@6ecd204{s=HttpChannelState@3ee92ba1{s=HANDLING rs=BLOCKING os=COMMITTED is=IDLE awp=false se=false i=true al=0},r=1,c=false/false,a=HANDLING,uri=//localhost:36153/,age=2}
04:06:35.646 [main] DEBUG org.apache.nifi.minifi.bootstrap.configuration.ingestors.PullHttpChangeIngestor - Response received: Response{protocol=http/1.1, code=200, message=OK, url=http://localhost:36153/}
04:06:35.646 [qtp961160488-17] DEBUG org.eclipse.jetty.io.WriteFlusher - Flushed=true written=168 remaining=0 WriteFlusher@ca47b61{WRITING}->null
04:06:35.646 [qtp961160488-17] DEBUG org.eclipse.jetty.io.WriteFlusher - update WriteFlusher@ca47b61{IDLE}->null:WRITING-->IDLE
04:06:35.646 [qtp961160488-17] DEBUG org.eclipse.jetty.server.HttpConnection - generate: DONE for SendCallback@7dba3732[PROCESSING][i=HTTP/1.1{s=200,h=4,cl=4},cb=org.eclipse.jetty.server.HttpChannel$SendCallback@3cdc55c3] ([p=164,l=164,c=8192,r=0],[p=4,l=4,c=512,r=0],true)@END
04:06:35.646 [main] DEBUG org.apache.nifi.minifi.bootstrap.configuration.ingestors.PullHttpChangeIngestor - New change received, notifying listener
04:06:35.646 [qtp961160488-17] DEBUG org.eclipse.jetty.server.HttpOutput - onWriteComplete(true,null) s=CLOSING,api=BLOCKED,sc=false,e=null->s=CLOSED,api=BLOCKING,sc=false,e=null c=null cb=null w=false
04:06:35.646 [main] DEBUG org.apache.nifi.minifi.bootstrap.configuration.ingestors.PullHttpChangeIngestor - Listeners notified
04:06:35.646 [qtp961160488-17] DEBUG org.eclipse.jetty.server.HttpOutput - close() s=CLOSED,api=BLOCKING,sc=false,e=null c=null b=null
04:06:35.646 [qtp961160488-17] DEBUG org.eclipse.jetty.server.Server - handled=true async=false committed=true on HttpChannelOverHttp@6ecd204{s=HttpChannelState@3ee92ba1{s=HANDLING rs=BLOCKING os=COMPLETED is=IDLE awp=false se=false i=true al=0},r=1,c=false/true,a=HANDLING,uri=//localhost:36153/,age=2}
04:06:35.646 [qtp961160488-17] DEBUG org.eclipse.jetty.server.HttpChannelState - unhandle HttpChannelState@3ee92ba1{s=HANDLING rs=BLOCKING os=COMPLETED is=IDLE awp=false se=false i=true al=0}
04:06:35.647 [qtp961160488-17] DEBUG org.eclipse.jetty.server.HttpChannelState - nextAction(false) COMPLETE HttpChannelState@3ee92ba1{s=HANDLING rs=COMPLETING os=COMPLETED is=IDLE awp=false se=false i=false al=0}
04:06:35.647 [main] DEBUG org.apache.nifi.minifi.bootstrap.configuration.ingestors.PullHttpChangeIngestor - Attempting to pull new config
04:06:35.647 [qtp961160488-17] DEBUG org.eclipse.jetty.server.HttpChannel - action COMPLETE HttpChannelOverHttp@6ecd204{s=HttpChannelState@3ee92ba1{s=HANDLING rs=COMPLETING os=COMPLETED is=IDLE awp=false se=false i=false al=0},r=1,c=false/true,a=HANDLING,uri=//localhost:36153/,age=3}
04:06:35.647 [qtp961160488-17] DEBUG org.eclipse.jetty.server.HttpOutput - complete(org.eclipse.jetty.util.Callback$3@4a110330) s=CLOSED,api=BLOCKING,sc=false,e=null s=true e=null, c=null
04:06:35.647 [qtp961160488-17] DEBUG org.eclipse.jetty.server.HttpChannelState - completed HttpChannelState@3ee92ba1{s=HANDLING rs=COMPLETING os=COMPLETED is=IDLE awp=false se=false i=false al=0}
04:06:35.647 [qtp961160488-17] DEBUG org.eclipse.jetty.server.HttpChannelState - unhandle HttpChannelState@3ee92ba1{s=HANDLING rs=COMPLETED os=COMPLETED is=IDLE awp=false se=false i=false al=0}
04:06:35.647 [qtp961160488-17] DEBUG org.eclipse.jetty.server.HttpChannelState - nextAction(false) TERMINATED HttpChannelState@3ee92ba1{s=IDLE rs=COMPLETED os=COMPLETED is=IDLE awp=false se=false i=false al=0}
04:06:35.647 [qtp961160488-17] DEBUG org.eclipse.jetty.server.HttpChannel - action TERMINATED HttpChannelOverHttp@6ecd204{s=HttpChannelState@3ee92ba1{s=IDLE rs=COMPLETED os=COMPLETED is=IDLE awp=false se=false i=false al=0},r=1,c=true/true,a=IDLE,uri=//localhost:36153/,age=3}
04:06:35.648 [qtp961160488-17] DEBUG org.eclipse.jetty.server.HttpChannel - onCompleted for / written=4
04:06:35.648 [qtp961160488-17] DEBUG org.eclipse.jetty.io.ChannelEndPoint - filled 142 HeapByteBuffer@3e2e5006[p=0,l=142,c=8192,r=142]={<<<GET / HTTP/1.1\r\nIf-None-M...gent: okhttp/3.12.3\r\n\r\n>>>(9.4.44.v...\x00\x00\x00\x00\x00\x00\x00}
04:06:35.648 [qtp961160488-17] DEBUG org.eclipse.jetty.server.HttpConnection - HttpConnection@59a558e4::SocketChannelEndPoint@67c69d30{l=/127.0.0.1:36153,r=/127.0.0.1:37670,OPEN,fill=-,flush=-,to=0/3000}{io=0/0,kio=0,kro=1}->HttpConnection@59a558e4[p=HttpParser{s=CONTENT,0 of -1},g=HttpGenerator@6a45fe40{s=END}]=>HttpChannelOverHttp@6ecd204{s=HttpChannelState@3ee92ba1{s=IDLE rs=COMPLETED os=COMPLETED is=IDLE awp=false se=false i=false al=0},r=1,c=true/true,a=IDLE,uri=//localhost:36153/,age=4} filled 142 HeapByteBuffer@3e2e5006[p=0,l=142,c=8192,r=142]={<<<GET / HTTP/1.1\r\nIf-None-M...gent: okhttp/3.12.3\r\n\r\n>>>(9.4.44.v...\x00\x00\x00\x00\x00\x00\x00}
04:06:35.648 [qtp961160488-17] DEBUG org.eclipse.jetty.server.HttpConnection - HttpConnection@59a558e4::SocketChannelEndPoint@67c69d30{l=/127.0.0.1:36153,r=/127.0.0.1:37670,OPEN,fill=-,flush=-,to=0/3000}{io=0/0,kio=0,kro=1}->HttpConnection@59a558e4[p=HttpParser{s=CONTENT,0 of -1},g=HttpGenerator@6a45fe40{s=END}]=>HttpChannelOverHttp@6ecd204{s=HttpChannelState@3ee92ba1{s=IDLE rs=COMPLETED os=COMPLETED is=IDLE awp=false se=false i=false al=0},r=1,c=true/true,a=IDLE,uri=//localhost:36153/,age=4} parse HeapByteBuffer@3e2e5006[p=0,l=142,c=8192,r=142]={<<<GET / HTTP/1.1\r\nIf-None-M...gent: okhttp/3.12.3\r\n\r\n>>>(9.4.44.v...\x00\x00\x00\x00\x00\x00\x00} {}
04:06:35.648 [qtp961160488-17] DEBUG org.eclipse.jetty.http.HttpParser - parseNext s=CONTENT HeapByteBuffer@3e2e5006[p=0,l=142,c=8192,r=142]={<<<GET / HTTP/1.1\r\nIf-None-M...gent: okhttp/3.12.3\r\n\r\n>>>(9.4.44.v...\x00\x00\x00\x00\x00\x00\x00}
04:06:35.648 [qtp961160488-17] DEBUG org.eclipse.jetty.http.HttpParser - CONTENT --> CONTENT_END
04:06:35.648 [qtp961160488-17] DEBUG org.eclipse.jetty.server.HttpChannel - onContentComplete HttpChannelOverHttp@6ecd204{s=HttpChannelState@3ee92ba1{s=IDLE rs=COMPLETED os=COMPLETED is=IDLE awp=false se=false i=false al=0},r=1,c=true/true,a=IDLE,uri=//localhost:36153/,age=4}
04:06:35.648 [qtp961160488-17] DEBUG org.eclipse.jetty.http.HttpParser - CONTENT_END --> END
04:06:35.648 [qtp961160488-17] DEBUG org.eclipse.jetty.server.HttpChannel - onRequestComplete HttpChannelOverHttp@6ecd204{s=HttpChannelState@3ee92ba1{s=IDLE rs=COMPLETED os=COMPLETED is=IDLE awp=false se=false i=false al=0},r=1,c=true/true,a=IDLE,uri=//localhost:36153/,age=4}
04:06:35.648 [qtp961160488-17] DEBUG org.eclipse.jetty.server.HttpInput - HttpInputOverHTTP@66bebee7[c=0,q=0,[0]=null,s=STREAM] addContent EOF
04:06:35.649 [qtp961160488-17] DEBUG org.eclipse.jetty.server.HttpConnection - HttpConnection@59a558e4::SocketChannelEndPoint@67c69d30{l=/127.0.0.1:36153,r=/127.0.0.1:37670,OPEN,fill=-,flush=-,to=0/3000}{io=0/0,kio=0,kro=1}->HttpConnection@59a558e4[p=HttpParser{s=END,0 of -1},g=HttpGenerator@6a45fe40{s=END}]=>HttpChannelOverHttp@6ecd204{s=HttpChannelState@3ee92ba1{s=IDLE rs=COMPLETED os=COMPLETED is=IDLE awp=false se=false i=false al=0},r=1,c=true/true,a=IDLE,uri=//localhost:36153/,age=4} parsed false HttpParser{s=END,0 of -1}
04:06:35.649 [qtp961160488-17] DEBUG org.eclipse.jetty.server.HttpChannelState - recycle HttpChannelState@3ee92ba1{s=IDLE rs=COMPLETED os=COMPLETED is=IDLE awp=false se=false i=false al=0}
04:06:35.649 [qtp961160488-17] DEBUG org.eclipse.jetty.http.HttpParser - reset HttpParser{s=END,0 of -1}
04:06:35.649 [qtp961160488-17] DEBUG org.eclipse.jetty.http.HttpParser - END --> START
04:06:35.649 [qtp961160488-17] DEBUG org.eclipse.jetty.server.HttpChannel - !handle TERMINATED HttpChannelOverHttp@6ecd204{s=HttpChannelState@3ee92ba1{s=IDLE rs=BLOCKING os=OPEN is=IDLE awp=false se=false i=true al=0},r=1,c=false/false,a=IDLE,uri=null,age=0}
04:06:35.649 [qtp961160488-17] DEBUG org.eclipse.jetty.server.HttpConnection - HttpConnection@59a558e4::SocketChannelEndPoint@67c69d30{l=/127.0.0.1:36153,r=/127.0.0.1:37670,OPEN,fill=-,flush=-,to=0/3000}{io=0/0,kio=0,kro=1}->HttpConnection@59a558e4[p=HttpParser{s=START,0 of -1},g=HttpGenerator@6a45fe40{s=START}]=>HttpChannelOverHttp@6ecd204{s=HttpChannelState@3ee92ba1{s=IDLE rs=BLOCKING os=OPEN is=IDLE awp=false se=false i=true al=0},r=1,c=false/false,a=IDLE,uri=null,age=0} parse HeapByteBuffer@3e2e5006[p=0,l=142,c=8192,r=142]={<<<GET / HTTP/1.1\r\nIf-None-M...gent: okhttp/3.12.3\r\n\r\n>>>(9.4.44.v...\x00\x00\x00\x00\x00\x00\x00} {}
04:06:35.649 [qtp961160488-17] DEBUG org.eclipse.jetty.http.HttpParser - parseNext s=START HeapByteBuffer@3e2e5006[p=0,l=142,c=8192,r=142]={<<<GET / HTTP/1.1\r\nIf-None-M...gent: okhttp/3.12.3\r\n\r\n>>>(9.4.44.v...\x00\x00\x00\x00\x00\x00\x00}
04:06:35.649 [qtp961160488-17] DEBUG org.eclipse.jetty.http.HttpParser - START --> SPACE1
04:06:35.649 [qtp961160488-17] DEBUG org.eclipse.jetty.http.HttpParser - SPACE1 --> URI
04:06:35.649 [qtp961160488-17] DEBUG org.eclipse.jetty.http.HttpParser - URI --> SPACE2
04:06:35.649 [qtp961160488-17] DEBUG org.eclipse.jetty.http.HttpParser - SPACE2 --> REQUEST_VERSION
04:06:35.649 [qtp961160488-17] DEBUG org.eclipse.jetty.http.HttpParser - REQUEST_VERSION --> HEADER
04:06:35.649 [qtp961160488-17] DEBUG org.eclipse.jetty.http.HttpParser - HEADER:If-None-Match --> VALUE
04:06:35.649 [qtp961160488-17] DEBUG org.eclipse.jetty.http.HttpParser - HEADER:If-None-Match --> IN_VALUE
04:06:35.649 [qtp961160488-17] DEBUG org.eclipse.jetty.http.HttpParser - HEADER:If-None-Match --> FIELD
04:06:35.649 [qtp961160488-17] DEBUG org.eclipse.jetty.http.HttpParser - HEADER:Host: localhost:36153 --> IN_VALUE
04:06:35.649 [qtp961160488-17] DEBUG org.eclipse.jetty.http.HttpParser - HEADER:Host: localhost:36153 --> FIELD
04:06:35.649 [qtp961160488-17] DEBUG org.eclipse.jetty.http.HttpParser - HEADER:Connection: keep-alive --> IN_VALUE
04:06:35.649 [qtp961160488-17] DEBUG org.eclipse.jetty.http.HttpParser - HEADER:Connection: keep-alive --> FIELD
04:06:35.649 [qtp961160488-17] DEBUG org.eclipse.jetty.http.HttpParser - HEADER:Accept-Encoding: gzip --> IN_VALUE
04:06:35.649 [qtp961160488-17] DEBUG org.eclipse.jetty.http.HttpParser - HEADER:Accept-Encoding: gzip --> FIELD
04:06:35.649 [qtp961160488-17] DEBUG org.eclipse.jetty.http.HttpParser - HEADER:User-Agent: okhttp/3.12.3 --> IN_VALUE
04:06:35.649 [qtp961160488-17] DEBUG org.eclipse.jetty.http.HttpParser - HEADER:User-Agent: okhttp/3.12.3 --> FIELD
04:06:35.649 [qtp961160488-17] DEBUG org.eclipse.jetty.http.HttpParser - HEADER --> CONTENT
04:06:35.649 [qtp961160488-17] DEBUG org.eclipse.jetty.server.HttpChannel - REQUEST for //localhost:36153/ on HttpChannelOverHttp@6ecd204{s=HttpChannelState@3ee92ba1{s=IDLE rs=BLOCKING os=OPEN is=IDLE awp=false se=false i=true al=0},r=2,c=false/false,a=IDLE,uri=//localhost:36153/,age=0}
GET //localhost:36153/ HTTP/1.1
If-None-Match: "testEtag"
Host: localhost:36153
Connection: keep-alive
Accept-Encoding: gzip
User-Agent: okhttp/3.12.3


04:06:35.649 [qtp961160488-17] DEBUG org.eclipse.jetty.server.HttpConnection - HttpConnection@59a558e4::SocketChannelEndPoint@67c69d30{l=/127.0.0.1:36153,r=/127.0.0.1:37670,OPEN,fill=-,flush=-,to=1/3000}{io=0/0,kio=0,kro=1}->HttpConnection@59a558e4[p=HttpParser{s=CONTENT,0 of -1},g=HttpGenerator@6a45fe40{s=START}]=>HttpChannelOverHttp@6ecd204{s=HttpChannelState@3ee92ba1{s=IDLE rs=BLOCKING os=OPEN is=IDLE awp=false se=false i=true al=0},r=2,c=false/false,a=IDLE,uri=//localhost:36153/,age=0} parsed true HttpParser{s=CONTENT,0 of -1}
04:06:35.650 [qtp961160488-17] DEBUG org.eclipse.jetty.server.HttpConnection - releaseRequestBuffer HttpConnection@59a558e4::SocketChannelEndPoint@67c69d30{l=/127.0.0.1:36153,r=/127.0.0.1:37670,OPEN,fill=-,flush=-,to=1/3000}{io=0/0,kio=0,kro=1}->HttpConnection@59a558e4[p=HttpParser{s=CONTENT,0 of -1},g=HttpGenerator@6a45fe40{s=START}]=>HttpChannelOverHttp@6ecd204{s=HttpChannelState@3ee92ba1{s=IDLE rs=BLOCKING os=OPEN is=IDLE awp=false se=false i=true al=0},r=2,c=false/false,a=IDLE,uri=//localhost:36153/,age=0}
04:06:35.650 [qtp961160488-17] DEBUG org.eclipse.jetty.server.HttpChannel - handle //localhost:36153/ HttpChannelOverHttp@6ecd204{s=HttpChannelState@3ee92ba1{s=IDLE rs=BLOCKING os=OPEN is=IDLE awp=false se=false i=true al=0},r=2,c=false/false,a=IDLE,uri=//localhost:36153/,age=1} 
04:06:35.650 [qtp961160488-17] DEBUG org.eclipse.jetty.server.HttpChannelState - handling HttpChannelState@3ee92ba1{s=IDLE rs=BLOCKING os=OPEN is=IDLE awp=false se=false i=true al=0}
04:06:35.650 [qtp961160488-17] DEBUG org.eclipse.jetty.server.HttpChannel - action DISPATCH HttpChannelOverHttp@6ecd204{s=HttpChannelState@3ee92ba1{s=HANDLING rs=BLOCKING os=OPEN is=IDLE awp=false se=false i=true al=0},r=2,c=false/false,a=HANDLING,uri=//localhost:36153/,age=1}
04:06:35.650 [qtp961160488-17] DEBUG org.eclipse.jetty.server.Server - REQUEST GET / on HttpChannelOverHttp@6ecd204{s=HttpChannelState@3ee92ba1{s=HANDLING rs=BLOCKING os=OPEN is=IDLE awp=false se=false i=true al=0},r=2,c=false/false,a=HANDLING,uri=//localhost:36153/,age=1}
04:06:35.650 [qtp961160488-17] DEBUG org.eclipse.jetty.server.Server - handled=true async=false committed=false on HttpChannelOverHttp@6ecd204{s=HttpChannelState@3ee92ba1{s=HANDLING rs=BLOCKING os=OPEN is=IDLE awp=false se=false i=true al=0},r=2,c=false/false,a=HANDLING,uri=//localhost:36153/,age=1}
04:06:35.650 [qtp961160488-17] DEBUG org.eclipse.jetty.server.HttpChannelState - unhandle HttpChannelState@3ee92ba1{s=HANDLING rs=BLOCKING os=OPEN is=IDLE awp=false se=false i=true al=0}
04:06:35.650 [qtp961160488-17] DEBUG org.eclipse.jetty.server.HttpChannelState - nextAction(false) COMPLETE HttpChannelState@3ee92ba1{s=HANDLING rs=COMPLETING os=OPEN is=IDLE awp=false se=false i=false al=0}
04:06:35.650 [qtp961160488-17] DEBUG org.eclipse.jetty.server.HttpChannel - action COMPLETE HttpChannelOverHttp@6ecd204{s=HttpChannelState@3ee92ba1{s=HANDLING rs=COMPLETING os=OPEN is=IDLE awp=false se=false i=false al=0},r=2,c=false/false,a=HANDLING,uri=//localhost:36153/,age=1}
04:06:35.650 [qtp961160488-17] DEBUG org.eclipse.jetty.io.ChannelEndPoint - filled 0 HeapByteBuffer@3e2e5006[p=0,l=0,c=8192,r=0]={<<<>>>GET / HTT...\x00\x00\x00\x00\x00\x00\x00}
04:06:35.650 [qtp961160488-17] DEBUG org.eclipse.jetty.io.ChannelEndPoint - filled 0 HeapByteBuffer@3e2e5006[p=0,l=0,c=8192,r=0]={<<<>>>GET / HTT...\x00\x00\x00\x00\x00\x00\x00}
04:06:35.650 [qtp961160488-17] DEBUG org.eclipse.jetty.server.HttpConnection - HttpConnection@59a558e4::SocketChannelEndPoint@67c69d30{l=/127.0.0.1:36153,r=/127.0.0.1:37670,OPEN,fill=-,flush=-,to=2/3000}{io=0/0,kio=0,kro=1}->HttpConnection@59a558e4[p=HttpParser{s=CONTENT,0 of -1},g=HttpGenerator@6a45fe40{s=START}]=>HttpChannelOverHttp@6ecd204{s=HttpChannelState@3ee92ba1{s=HANDLING rs=COMPLETING os=OPEN is=IDLE awp=false se=false i=false al=0},r=2,c=false/false,a=HANDLING,uri=//localhost:36153/,age=1} filled 0 HeapByteBuffer@3e2e5006[p=0,l=0,c=8192,r=0]={<<<>>>GET / HTT...\x00\x00\x00\x00\x00\x00\x00}
04:06:35.650 [qtp961160488-17] DEBUG org.eclipse.jetty.server.HttpConnection - HttpConnection@59a558e4::SocketChannelEndPoint@67c69d30{l=/127.0.0.1:36153,r=/127.0.0.1:37670,OPEN,fill=-,flush=-,to=2/3000}{io=0/0,kio=0,kro=1}->HttpConnection@59a558e4[p=HttpParser{s=CONTENT,0 of -1},g=HttpGenerator@6a45fe40{s=START}]=>HttpChannelOverHttp@6ecd204{s=HttpChannelState@3ee92ba1{s=HANDLING rs=COMPLETING os=OPEN is=IDLE awp=false se=false i=false al=0},r=2,c=false/false,a=HANDLING,uri=//localhost:36153/,age=1} parse HeapByteBuffer@3e2e5006[p=0,l=0,c=8192,r=0]={<<<>>>GET / HTT...\x00\x00\x00\x00\x00\x00\x00} {}
04:06:35.650 [qtp961160488-17] DEBUG org.eclipse.jetty.http.HttpParser - parseNext s=CONTENT HeapByteBuffer@3e2e5006[p=0,l=0,c=8192,r=0]={<<<>>>GET / HTT...\x00\x00\x00\x00\x00\x00\x00}
04:06:35.650 [qtp961160488-17] DEBUG org.eclipse.jetty.http.HttpParser - CONTENT --> CONTENT_END
04:06:35.650 [qtp961160488-17] DEBUG org.eclipse.jetty.server.HttpChannel - onContentComplete HttpChannelOverHttp@6ecd204{s=HttpChannelState@3ee92ba1{s=HANDLING rs=COMPLETING os=OPEN is=IDLE awp=false se=false i=false al=0},r=2,c=false/false,a=HANDLING,uri=//localhost:36153/,age=1}
04:06:35.650 [qtp961160488-17] DEBUG org.eclipse.jetty.http.HttpParser - CONTENT_END --> END
04:06:35.650 [qtp961160488-17] DEBUG org.eclipse.jetty.server.HttpChannel - onRequestComplete HttpChannelOverHttp@6ecd204{s=HttpChannelState@3ee92ba1{s=HANDLING rs=COMPLETING os=OPEN is=IDLE awp=false se=false i=false al=0},r=2,c=false/false,a=HANDLING,uri=//localhost:36153/,age=1}
04:06:35.650 [qtp961160488-17] DEBUG org.eclipse.jetty.server.HttpInput - HttpInputOverHTTP@66bebee7[c=0,q=0,[0]=null,s=STREAM] addContent EOF
04:06:35.651 [qtp961160488-17] DEBUG org.eclipse.jetty.server.HttpConnection - HttpConnection@59a558e4::SocketChannelEndPoint@67c69d30{l=/127.0.0.1:36153,r=/127.0.0.1:37670,OPEN,fill=-,flush=-,to=2/3000}{io=0/0,kio=0,kro=1}->HttpConnection@59a558e4[p=HttpParser{s=END,0 of -1},g=HttpGenerator@6a45fe40{s=START}]=>HttpChannelOverHttp@6ecd204{s=HttpChannelState@3ee92ba1{s=HANDLING rs=COMPLETING os=OPEN is=IDLE awp=false se=false i=false al=0},r=2,c=false/false,a=HANDLING,uri=//localhost:36153/,age=2} parsed false HttpParser{s=END,0 of -1}
04:06:35.651 [qtp961160488-17] DEBUG org.eclipse.jetty.server.HttpConnection - releaseRequestBuffer HttpConnection@59a558e4::SocketChannelEndPoint@67c69d30{l=/127.0.0.1:36153,r=/127.0.0.1:37670,OPEN,fill=-,flush=-,to=2/3000}{io=0/0,kio=0,kro=1}->HttpConnection@59a558e4[p=HttpParser{s=END,0 of -1},g=HttpGenerator@6a45fe40{s=START}]=>HttpChannelOverHttp@6ecd204{s=HttpChannelState@3ee92ba1{s=HANDLING rs=COMPLETING os=OPEN is=IDLE awp=false se=false i=false al=0},r=2,c=false/false,a=HANDLING,uri=//localhost:36153/,age=2}
04:06:35.651 [qtp961160488-17] DEBUG org.eclipse.jetty.server.HttpOutput - complete(org.eclipse.jetty.util.Callback$3@17c286be) s=CLOSING,api=BLOCKED,sc=false,e=null s=false e=null, c=HeapByteBuffer@38928dbe[p=0,l=0,c=0,r=0]={<<<>>>}
04:06:35.652 [qtp961160488-17] DEBUG org.eclipse.jetty.server.HttpChannel - sendResponse info=null content=HeapByteBuffer@38928dbe[p=0,l=0,c=0,r=0]={<<<>>>} complete=true committing=true callback=org.eclipse.jetty.server.HttpOutput$WriteCompleteCB@6a01502c
04:06:35.652 [qtp961160488-17] DEBUG org.eclipse.jetty.server.HttpChannel - COMMIT for / on HttpChannelOverHttp@6ecd204{s=HttpChannelState@3ee92ba1{s=HANDLING rs=COMPLETING os=COMMITTED is=IDLE awp=false se=false i=false al=0},r=2,c=false/false,a=HANDLING,uri=//localhost:36153/,age=3}
304 null HTTP/1.1
Date: Thu, 02 May 2024 03:06:35 GMT
ETag: testEtag


04:06:35.652 [qtp961160488-17] DEBUG org.eclipse.jetty.server.HttpConnection - generate: NEED_HEADER for SendCallback@7dba3732[PROCESSING][i=HTTP/1.1{s=304,h=2,cl=-1},cb=org.eclipse.jetty.server.HttpChannel$SendCallback@69f5dca4] (null,[p=0,l=0,c=0,r=0],true)@START
04:06:35.652 [qtp961160488-17] DEBUG org.eclipse.jetty.http.HttpGenerator - generateHeaders HTTP/1.1{s=304,h=2,cl=-1} last=true content=HeapByteBuffer@38928dbe[p=0,l=0,c=0,r=0]={<<<>>>}
04:06:35.652 [qtp961160488-17] DEBUG org.eclipse.jetty.http.HttpGenerator - Date: Thu, 02 May 2024 03:06:35 GMT
ETag: testEtag


04:06:35.652 [qtp961160488-17] DEBUG org.eclipse.jetty.http.HttpGenerator - NO_CONTENT
04:06:35.652 [qtp961160488-17] DEBUG org.eclipse.jetty.server.HttpConnection - generate: FLUSH for SendCallback@7dba3732[PROCESSING][i=HTTP/1.1{s=304,h=2,cl=-1},cb=org.eclipse.jetty.server.HttpChannel$SendCallback@69f5dca4] ([p=0,l=115,c=8192,r=115],[p=0,l=0,c=0,r=0],true)@COMPLETING
04:06:35.652 [qtp961160488-17] DEBUG org.eclipse.jetty.io.WriteFlusher - write: WriteFlusher@ca47b61{IDLE}->null [HeapByteBuffer@3e2e5006[p=0,l=115,c=8192,r=115]={<<<HTTP/1.1 304 Not Modified...y(9.4.44.v20210927)\r\n\r\n>>>er-Agent:...\x00\x00\x00\x00\x00\x00\x00}]
04:06:35.652 [qtp961160488-17] DEBUG org.eclipse.jetty.io.WriteFlusher - update WriteFlusher@ca47b61{WRITING}->null:IDLE-->WRITING
04:06:35.652 [qtp961160488-17] DEBUG org.eclipse.jetty.io.ChannelEndPoint - flushed 115 SocketChannelEndPoint@67c69d30{l=/127.0.0.1:36153,r=/127.0.0.1:37670,OPEN,fill=-,flush=W,to=4/3000}{io=0/0,kio=0,kro=1}->HttpConnection@59a558e4[p=HttpParser{s=END,0 of -1},g=HttpGenerator@6a45fe40{s=COMPLETING}]=>HttpChannelOverHttp@6ecd204{s=HttpChannelState@3ee92ba1{s=HANDLING rs=COMPLETING os=COMMITTED is=IDLE awp=false se=false i=false al=0},r=2,c=false/false,a=HANDLING,uri=//localhost:36153/,age=3}
04:06:35.652 [qtp961160488-17] DEBUG org.eclipse.jetty.io.WriteFlusher - Flushed=true written=115 remaining=0 WriteFlusher@ca47b61{WRITING}->null
04:06:35.652 [qtp961160488-17] DEBUG org.eclipse.jetty.io.WriteFlusher - update WriteFlusher@ca47b61{IDLE}->null:WRITING-->IDLE
04:06:35.653 [qtp961160488-17] DEBUG org.eclipse.jetty.server.HttpConnection - generate: DONE for SendCallback@7dba3732[PROCESSING][i=HTTP/1.1{s=304,h=2,cl=-1},cb=org.eclipse.jetty.server.HttpChannel$SendCallback@69f5dca4] ([p=115,l=115,c=8192,r=0],[p=0,l=0,c=0,r=0],true)@END
04:06:35.653 [qtp961160488-17] DEBUG org.eclipse.jetty.server.HttpOutput - onWriteComplete(true,null) s=CLOSING,api=BLOCKED,sc=false,e=null->s=CLOSED,api=BLOCKING,sc=false,e=null c=null cb=org.eclipse.jetty.util.Callback$3@17c286be w=false
04:06:35.653 [qtp961160488-17] DEBUG org.eclipse.jetty.server.HttpChannelState - completed HttpChannelState@3ee92ba1{s=HANDLING rs=COMPLETING os=COMPLETED is=IDLE awp=false se=false i=false al=0}
04:06:35.653 [qtp961160488-17] DEBUG org.eclipse.jetty.server.HttpChannelState - unhandle HttpChannelState@3ee92ba1{s=HANDLING rs=COMPLETED os=COMPLETED is=IDLE awp=false se=false i=false al=0}
04:06:35.653 [qtp961160488-17] DEBUG org.eclipse.jetty.server.HttpChannelState - nextAction(false) TERMINATED HttpChannelState@3ee92ba1{s=IDLE rs=COMPLETED os=COMPLETED is=IDLE awp=false se=false i=false al=0}
04:06:35.653 [qtp961160488-17] DEBUG org.eclipse.jetty.server.HttpChannel - action TERMINATED HttpChannelOverHttp@6ecd204{s=HttpChannelState@3ee92ba1{s=IDLE rs=COMPLETED os=COMPLETED is=IDLE awp=false se=false i=false al=0},r=2,c=true/true,a=IDLE,uri=//localhost:36153/,age=4}
04:06:35.653 [qtp961160488-17] DEBUG org.eclipse.jetty.server.HttpChannel - onCompleted for / written=0
04:06:35.653 [qtp961160488-17] DEBUG org.eclipse.jetty.server.HttpChannelState - recycle HttpChannelState@3ee92ba1{s=IDLE rs=COMPLETED os=COMPLETED is=IDLE awp=false se=false i=false al=0}
04:06:35.653 [qtp961160488-17] DEBUG org.eclipse.jetty.http.HttpParser - reset HttpParser{s=END,0 of -1}
04:06:35.653 [qtp961160488-17] DEBUG org.eclipse.jetty.http.HttpParser - END --> START
04:06:35.653 [qtp961160488-17] DEBUG org.eclipse.jetty.server.HttpChannel - !handle TERMINATED HttpChannelOverHttp@6ecd204{s=HttpChannelState@3ee92ba1{s=IDLE rs=BLOCKING os=OPEN is=IDLE awp=false se=false i=true al=0},r=2,c=false/false,a=IDLE,uri=null,age=0}
04:06:35.653 [qtp961160488-17] DEBUG org.eclipse.jetty.io.ChannelEndPoint - filled 0 HeapByteBuffer@3e2e5006[p=0,l=0,c=8192,r=0]={<<<>>>HTTP/1.1 ...\x00\x00\x00\x00\x00\x00\x00}
04:06:35.653 [qtp961160488-17] DEBUG org.eclipse.jetty.io.ChannelEndPoint - filled 0 HeapByteBuffer@3e2e5006[p=0,l=0,c=8192,r=0]={<<<>>>HTTP/1.1 ...\x00\x00\x00\x00\x00\x00\x00}
04:06:35.653 [main] DEBUG org.apache.nifi.minifi.bootstrap.configuration.ingestors.PullHttpChangeIngestor - Response received: Response{protocol=http/1.1, code=304, message=Not Modified, url=http://localhost:36153/}
04:06:35.653 [qtp961160488-17] DEBUG org.eclipse.jetty.server.HttpConnection - HttpConnection@59a558e4::SocketChannelEndPoint@67c69d30{l=/127.0.0.1:36153,r=/127.0.0.1:37670,OPEN,fill=-,flush=-,to=0/3000}{io=0/0,kio=0,kro=1}->HttpConnection@59a558e4[p=HttpParser{s=START,0 of -1},g=HttpGenerator@6a45fe40{s=START}]=>HttpChannelOverHttp@6ecd204{s=HttpChannelState@3ee92ba1{s=IDLE rs=BLOCKING os=OPEN is=IDLE awp=false se=false i=true al=0},r=2,c=false/false,a=IDLE,uri=null,age=0} filled 0 HeapByteBuffer@3e2e5006[p=0,l=0,c=8192,r=0]={<<<>>>HTTP/1.1 ...\x00\x00\x00\x00\x00\x00\x00}
04:06:35.654 [qtp961160488-17] DEBUG org.eclipse.jetty.server.HttpConnection - HttpConnection@59a558e4::SocketChannelEndPoint@67c69d30{l=/127.0.0.1:36153,r=/127.0.0.1:37670,OPEN,fill=-,flush=-,to=1/3000}{io=0/0,kio=0,kro=1}->HttpConnection@59a558e4[p=HttpParser{s=START,0 of -1},g=HttpGenerator@6a45fe40{s=START}]=>HttpChannelOverHttp@6ecd204{s=HttpChannelState@3ee92ba1{s=IDLE rs=BLOCKING os=OPEN is=IDLE awp=false se=false i=true al=0},r=2,c=false/false,a=IDLE,uri=null,age=0} parse HeapByteBuffer@3e2e5006[p=0,l=0,c=8192,r=0]={<<<>>>HTTP/1.1 ...\x00\x00\x00\x00\x00\x00\x00} {}
]]></system-out>
  </testcase>
  <testcase name="testNewUpdate" classname="org.apache.nifi.minifi.bootstrap.configuration.ingestors.PullHttpChangeIngestorTest" time="0.008">
    <system-out><![CDATA[04:06:35.654 [qtp961160488-17] DEBUG org.eclipse.jetty.http.HttpParser - parseNext s=START HeapByteBuffer@3e2e5006[p=0,l=0,c=8192,r=0]={<<<>>>HTTP/1.1 ...\x00\x00\x00\x00\x00\x00\x00}
04:06:35.654 [qtp961160488-17] DEBUG org.eclipse.jetty.server.HttpConnection - HttpConnection@59a558e4::SocketChannelEndPoint@67c69d30{l=/127.0.0.1:36153,r=/127.0.0.1:37670,OPEN,fill=-,flush=-,to=1/3000}{io=0/0,kio=0,kro=1}->HttpConnection@59a558e4[p=HttpParser{s=START,0 of -1},g=HttpGenerator@6a45fe40{s=START}]=>HttpChannelOverHttp@6ecd204{s=HttpChannelState@3ee92ba1{s=IDLE rs=BLOCKING os=OPEN is=IDLE awp=false se=false i=true al=0},r=2,c=false/false,a=IDLE,uri=null,age=0} parsed false HttpParser{s=START,0 of -1}
04:06:35.655 [qtp961160488-17] DEBUG org.eclipse.jetty.server.HttpConnection - releaseRequestBuffer HttpConnection@59a558e4::SocketChannelEndPoint@67c69d30{l=/127.0.0.1:36153,r=/127.0.0.1:37670,OPEN,fill=-,flush=-,to=2/3000}{io=0/0,kio=0,kro=1}->HttpConnection@59a558e4[p=HttpParser{s=START,0 of -1},g=HttpGenerator@6a45fe40{s=START}]=>HttpChannelOverHttp@6ecd204{s=HttpChannelState@3ee92ba1{s=IDLE rs=BLOCKING os=OPEN is=IDLE awp=false se=false i=true al=0},r=2,c=false/false,a=IDLE,uri=null,age=0}
04:06:35.655 [qtp961160488-17] DEBUG org.eclipse.jetty.io.AbstractConnection - fillInterested HttpConnection@59a558e4::SocketChannelEndPoint@67c69d30{l=/127.0.0.1:36153,r=/127.0.0.1:37670,OPEN,fill=-,flush=-,to=2/3000}{io=0/0,kio=0,kro=1}->HttpConnection@59a558e4[p=HttpParser{s=START,0 of -1},g=HttpGenerator@6a45fe40{s=START}]=>HttpChannelOverHttp@6ecd204{s=HttpChannelState@3ee92ba1{s=IDLE rs=BLOCKING os=OPEN is=IDLE awp=false se=false i=true al=0},r=2,c=false/false,a=IDLE,uri=null,age=0}
04:06:35.655 [main] DEBUG org.apache.nifi.minifi.bootstrap.configuration.ingestors.PullHttpChangeIngestor - Attempting to pull new config
04:06:35.655 [qtp961160488-17] DEBUG org.eclipse.jetty.io.FillInterest - interested FillInterest@1d06748a{AC.ReadCB@59a558e4{HttpConnection@59a558e4::SocketChannelEndPoint@67c69d30{l=/127.0.0.1:36153,r=/127.0.0.1:37670,OPEN,fill=FI,flush=-,to=0/3000}{io=0/0,kio=0,kro=1}->HttpConnection@59a558e4[p=HttpParser{s=START,0 of -1},g=HttpGenerator@6a45fe40{s=START}]=>HttpChannelOverHttp@6ecd204{s=HttpChannelState@3ee92ba1{s=IDLE rs=BLOCKING os=OPEN is=IDLE awp=false se=false i=true al=0},r=2,c=false/false,a=IDLE,uri=null,age=0}}}
04:06:35.655 [qtp961160488-17] DEBUG org.eclipse.jetty.io.ChannelEndPoint - changeInterests p=false 0->1 for SocketChannelEndPoint@67c69d30{l=/127.0.0.1:36153,r=/127.0.0.1:37670,OPEN,fill=FI,flush=-,to=0/3000}{io=0/1,kio=0,kro=1}->HttpConnection@59a558e4[p=HttpParser{s=START,0 of -1},g=HttpGenerator@6a45fe40{s=START}]=>HttpChannelOverHttp@6ecd204{s=HttpChannelState@3ee92ba1{s=IDLE rs=BLOCKING os=OPEN is=IDLE awp=false se=false i=true al=0},r=2,c=false/false,a=IDLE,uri=null,age=0}
04:06:35.655 [qtp961160488-17] DEBUG org.eclipse.jetty.io.ManagedSelector - Queued change lazy=false org.eclipse.jetty.io.ChannelEndPoint$$Lambda$255/2121444922@6e176db6 on ManagedSelector@316bcf94{STARTED} id=2 keys=1 selected=0 updates=0
04:06:35.655 [qtp961160488-17] DEBUG org.eclipse.jetty.io.ManagedSelector - Wakeup on submit ManagedSelector@316bcf94{STARTED} id=2 keys=1 selected=0 updates=1
04:06:35.656 [qtp961160488-20] DEBUG org.eclipse.jetty.io.ManagedSelector - Selector sun.nio.ch.EPollSelectorImpl@13094ca6 woken with none selected
04:06:35.656 [qtp961160488-20] DEBUG org.eclipse.jetty.io.ManagedSelector - Selector sun.nio.ch.EPollSelectorImpl@13094ca6 woken up from select, 0/0/1 selected
04:06:35.656 [qtp961160488-20] DEBUG org.eclipse.jetty.io.ManagedSelector - Selector sun.nio.ch.EPollSelectorImpl@13094ca6 processing 0 keys, 1 updates
04:06:35.656 [qtp961160488-17] DEBUG org.eclipse.jetty.server.HttpConnection - HttpConnection@59a558e4::SocketChannelEndPoint@67c69d30{l=/127.0.0.1:36153,r=/127.0.0.1:37670,OPEN,fill=FI,flush=-,to=0/3000}{io=0/1,kio=0,kro=1}->HttpConnection@59a558e4[p=HttpParser{s=START,0 of -1},g=HttpGenerator@6a45fe40{s=START}]=>HttpChannelOverHttp@6ecd204{s=HttpChannelState@3ee92ba1{s=IDLE rs=BLOCKING os=OPEN is=IDLE awp=false se=false i=true al=0},r=2,c=false/false,a=IDLE,uri=null,age=0} onFillable exit HttpChannelState@3ee92ba1{s=IDLE rs=BLOCKING os=OPEN is=IDLE awp=false se=false i=true al=0} null
04:06:35.656 [qtp961160488-20] DEBUG org.eclipse.jetty.io.ManagedSelector - updateable 1
04:06:35.656 [qtp961160488-20] DEBUG org.eclipse.jetty.io.ManagedSelector - update org.eclipse.jetty.io.ChannelEndPoint$$Lambda$255/2121444922@6e176db6
04:06:35.656 [qtp961160488-19-acceptor-0@1e1a0406-ServerConnector@446293d{HTTP/1.1, (http/1.1)}{localhost:36153}] DEBUG org.eclipse.jetty.io.ManagedSelector - Queued change lazy=false Accept@4eaf55cf[java.nio.channels.SocketChannel[connected local=/127.0.0.1:36153 remote=/127.0.0.1:37680]] on ManagedSelector@1de5f259{STARTED} id=3 keys=0 selected=0 updates=0
04:06:35.656 [qtp961160488-17] DEBUG org.eclipse.jetty.util.thread.QueuedThreadPool - ran org.eclipse.jetty.io.ManagedSelector$$Lambda$253/838473569@66f57048 in QueuedThreadPool[qtp961160488]@394a2528{STARTED,8<=8<=200,i=1,r=-1,q=0}[ReservedThreadExecutor@383bfa16{reserved=1/8,pending=0}]
04:06:35.656 [qtp961160488-19-acceptor-0@1e1a0406-ServerConnector@446293d{HTTP/1.1, (http/1.1)}{localhost:36153}] DEBUG org.eclipse.jetty.io.ManagedSelector - Wakeup on submit ManagedSelector@1de5f259{STARTED} id=3 keys=0 selected=0 updates=1
04:06:35.656 [qtp961160488-18] DEBUG org.eclipse.jetty.io.ManagedSelector - Selector sun.nio.ch.EPollSelectorImpl@4e695d32 woken with none selected
04:06:35.656 [qtp961160488-20] DEBUG org.eclipse.jetty.io.ChannelEndPoint - Key interests updated 0 -> 1 on SocketChannelEndPoint@67c69d30{l=/127.0.0.1:36153,r=/127.0.0.1:37670,OPEN,fill=FI,flush=-,to=0/3000}{io=1/1,kio=1,kro=1}->HttpConnection@59a558e4[p=HttpParser{s=START,0 of -1},g=HttpGenerator@6a45fe40{s=START}]=>HttpChannelOverHttp@6ecd204{s=HttpChannelState@3ee92ba1{s=IDLE rs=BLOCKING os=OPEN is=IDLE awp=false se=false i=true al=0},r=2,c=false/false,a=IDLE,uri=null,age=0}
04:06:35.656 [qtp961160488-18] DEBUG org.eclipse.jetty.io.ManagedSelector - Selector sun.nio.ch.EPollSelectorImpl@4e695d32 woken up from select, 0/0/0 selected
04:06:35.656 [qtp961160488-20] DEBUG org.eclipse.jetty.io.ManagedSelector - updates 0
04:06:35.656 [qtp961160488-18] DEBUG org.eclipse.jetty.io.ManagedSelector - Selector sun.nio.ch.EPollSelectorImpl@4e695d32 processing 0 keys, 1 updates
04:06:35.656 [qtp961160488-18] DEBUG org.eclipse.jetty.io.ManagedSelector - updateable 1
04:06:35.656 [qtp961160488-20] DEBUG org.eclipse.jetty.io.ManagedSelector - Selector sun.nio.ch.EPollSelectorImpl@13094ca6 waiting with 1 keys
04:06:35.656 [qtp961160488-18] DEBUG org.eclipse.jetty.io.ManagedSelector - update Accept@4eaf55cf[java.nio.channels.SocketChannel[connected local=/127.0.0.1:36153 remote=/127.0.0.1:37680]]
04:06:35.656 [qtp961160488-18] DEBUG org.eclipse.jetty.util.thread.QueuedThreadPool - queue Accept@4eaf55cf[java.nio.channels.SocketChannel[connected local=/127.0.0.1:36153 remote=/127.0.0.1:37680]] startThread=0
04:06:35.656 [qtp961160488-18] DEBUG org.eclipse.jetty.io.ManagedSelector - updates 0
04:06:35.656 [qtp961160488-21] DEBUG org.eclipse.jetty.util.thread.QueuedThreadPool - run Accept@4eaf55cf[java.nio.channels.SocketChannel[connected local=/127.0.0.1:36153 remote=/127.0.0.1:37680]] in QueuedThreadPool[qtp961160488]@394a2528{STARTED,8<=8<=200,i=1,r=-1,q=0}[ReservedThreadExecutor@383bfa16{reserved=1/8,pending=0}]
04:06:35.656 [qtp961160488-18] DEBUG org.eclipse.jetty.io.ManagedSelector - Selector sun.nio.ch.EPollSelectorImpl@4e695d32 waiting with 1 keys
04:06:35.656 [qtp961160488-21] DEBUG org.eclipse.jetty.io.IdleTimeout - SocketChannelEndPoint@2f00bf00{l=/127.0.0.1:36153,r=/127.0.0.1:37680,OPEN,fill=-,flush=-,to=0/3000}{io=0/0,kio=0,kro=0}-><null> idle timeout check, elapsed: 0 ms, remaining: 3000 ms
04:06:35.657 [qtp961160488-21] DEBUG org.eclipse.jetty.server.HttpChannel - new HttpChannelOverHttp@6a72f35e{s=HttpChannelState@44fe68be{s=IDLE rs=BLOCKING os=OPEN is=IDLE awp=false se=false i=true al=0},r=0,c=false/false,a=IDLE,uri=null,age=0} -> SocketChannelEndPoint@2f00bf00{l=/127.0.0.1:36153,r=/127.0.0.1:37680,OPEN,fill=-,flush=-,to=0/3000}{io=0/0,kio=0,kro=0}-><null>,null,HttpChannelState@44fe68be{s=IDLE rs=BLOCKING os=OPEN is=IDLE awp=false se=false i=true al=0}
04:06:35.657 [qtp961160488-21] DEBUG org.eclipse.jetty.server.HttpConnection - New HTTP Connection HttpConnection@1151d74a::SocketChannelEndPoint@2f00bf00{l=/127.0.0.1:36153,r=/127.0.0.1:37680,OPEN,fill=-,flush=-,to=0/3000}{io=0/0,kio=0,kro=0}-><null>
04:06:35.657 [qtp961160488-21] DEBUG org.eclipse.jetty.io.ManagedSelector - Queued change lazy=true org.eclipse.jetty.io.ManagedSelector$$Lambda$258/2107212988@3b8392df on ManagedSelector@1de5f259{STARTED} id=3 keys=1 selected=0 updates=0
04:06:35.657 [qtp961160488-21] DEBUG org.eclipse.jetty.io.AbstractEndPoint - onOpen SocketChannelEndPoint@2f00bf00{l=/127.0.0.1:36153,r=/127.0.0.1:37680,OPEN,fill=-,flush=-,to=0/3000}{io=0/0,kio=0,kro=0}->HttpConnection@1151d74a[p=HttpParser{s=START,0 of -1},g=HttpGenerator@46167ef2{s=START}]=>HttpChannelOverHttp@6a72f35e{s=HttpChannelState@44fe68be{s=IDLE rs=BLOCKING os=OPEN is=IDLE awp=false se=false i=true al=0},r=0,c=false/false,a=IDLE,uri=null,age=0}
04:06:35.657 [qtp961160488-21] DEBUG org.eclipse.jetty.io.AbstractConnection - onOpen HttpConnection@1151d74a::SocketChannelEndPoint@2f00bf00{l=/127.0.0.1:36153,r=/127.0.0.1:37680,OPEN,fill=-,flush=-,to=0/3000}{io=0/0,kio=0,kro=0}->HttpConnection@1151d74a[p=HttpParser{s=START,0 of -1},g=HttpGenerator@46167ef2{s=START}]=>HttpChannelOverHttp@6a72f35e{s=HttpChannelState@44fe68be{s=IDLE rs=BLOCKING os=OPEN is=IDLE awp=false se=false i=true al=0},r=0,c=false/false,a=IDLE,uri=null,age=0}
04:06:35.657 [qtp961160488-21] DEBUG org.eclipse.jetty.io.AbstractConnection - fillInterested HttpConnection@1151d74a::SocketChannelEndPoint@2f00bf00{l=/127.0.0.1:36153,r=/127.0.0.1:37680,OPEN,fill=-,flush=-,to=0/3000}{io=0/0,kio=0,kro=0}->HttpConnection@1151d74a[p=HttpParser{s=START,0 of -1},g=HttpGenerator@46167ef2{s=START}]=>HttpChannelOverHttp@6a72f35e{s=HttpChannelState@44fe68be{s=IDLE rs=BLOCKING os=OPEN is=IDLE awp=false se=false i=true al=0},r=0,c=false/false,a=IDLE,uri=null,age=0}
04:06:35.657 [qtp961160488-21] DEBUG org.eclipse.jetty.io.FillInterest - interested FillInterest@719a5516{AC.ReadCB@1151d74a{HttpConnection@1151d74a::SocketChannelEndPoint@2f00bf00{l=/127.0.0.1:36153,r=/127.0.0.1:37680,OPEN,fill=FI,flush=-,to=0/3000}{io=0/0,kio=0,kro=0}->HttpConnection@1151d74a[p=HttpParser{s=START,0 of -1},g=HttpGenerator@46167ef2{s=START}]=>HttpChannelOverHttp@6a72f35e{s=HttpChannelState@44fe68be{s=IDLE rs=BLOCKING os=OPEN is=IDLE awp=false se=false i=true al=0},r=0,c=false/false,a=IDLE,uri=null,age=0}}}
04:06:35.657 [qtp961160488-21] DEBUG org.eclipse.jetty.io.ChannelEndPoint - changeInterests p=false 0->1 for SocketChannelEndPoint@2f00bf00{l=/127.0.0.1:36153,r=/127.0.0.1:37680,OPEN,fill=FI,flush=-,to=0/3000}{io=0/1,kio=0,kro=0}->HttpConnection@1151d74a[p=HttpParser{s=START,0 of -1},g=HttpGenerator@46167ef2{s=START}]=>HttpChannelOverHttp@6a72f35e{s=HttpChannelState@44fe68be{s=IDLE rs=BLOCKING os=OPEN is=IDLE awp=false se=false i=true al=0},r=0,c=false/false,a=IDLE,uri=null,age=0}
04:06:35.657 [qtp961160488-21] DEBUG org.eclipse.jetty.io.ManagedSelector - Queued change lazy=false org.eclipse.jetty.io.ChannelEndPoint$$Lambda$255/2121444922@6eee37e8 on ManagedSelector@1de5f259{STARTED} id=3 keys=1 selected=0 updates=1
04:06:35.657 [qtp961160488-21] DEBUG org.eclipse.jetty.io.ManagedSelector - Wakeup on submit ManagedSelector@1de5f259{STARTED} id=3 keys=1 selected=0 updates=2
04:06:35.657 [qtp961160488-18] DEBUG org.eclipse.jetty.io.ManagedSelector - Selector sun.nio.ch.EPollSelectorImpl@4e695d32 woken with none selected
04:06:35.657 [qtp961160488-18] DEBUG org.eclipse.jetty.io.ManagedSelector - Selector sun.nio.ch.EPollSelectorImpl@4e695d32 woken up from select, 0/0/1 selected
04:06:35.657 [qtp961160488-18] DEBUG org.eclipse.jetty.io.ManagedSelector - Selector sun.nio.ch.EPollSelectorImpl@4e695d32 processing 0 keys, 2 updates
04:06:35.657 [qtp961160488-18] DEBUG org.eclipse.jetty.io.ManagedSelector - updateable 2
04:06:35.657 [qtp961160488-21] DEBUG org.eclipse.jetty.io.ManagedSelector - Created SocketChannelEndPoint@2f00bf00{l=/127.0.0.1:36153,r=/127.0.0.1:37680,OPEN,fill=FI,flush=-,to=0/3000}{io=0/1,kio=0,kro=0}->HttpConnection@1151d74a[p=HttpParser{s=START,0 of -1},g=HttpGenerator@46167ef2{s=START}]=>HttpChannelOverHttp@6a72f35e{s=HttpChannelState@44fe68be{s=IDLE rs=BLOCKING os=OPEN is=IDLE awp=false se=false i=true al=0},r=0,c=false/false,a=IDLE,uri=null,age=0}
04:06:35.657 [qtp961160488-18] DEBUG org.eclipse.jetty.io.ManagedSelector - update org.eclipse.jetty.io.ManagedSelector$$Lambda$258/2107212988@3b8392df
04:06:35.658 [qtp961160488-18] DEBUG org.eclipse.jetty.io.ManagedSelector - update org.eclipse.jetty.io.ChannelEndPoint$$Lambda$255/2121444922@6eee37e8
04:06:35.658 [qtp961160488-21] DEBUG org.eclipse.jetty.util.thread.QueuedThreadPool - ran Accept@4eaf55cf[java.nio.channels.SocketChannel[connected local=/127.0.0.1:36153 remote=/127.0.0.1:37680]] in QueuedThreadPool[qtp961160488]@394a2528{STARTED,8<=8<=200,i=1,r=-1,q=0}[ReservedThreadExecutor@383bfa16{reserved=1/8,pending=0}]
04:06:35.658 [qtp961160488-18] DEBUG org.eclipse.jetty.io.ChannelEndPoint - Key interests updated 0 -> 1 on SocketChannelEndPoint@2f00bf00{l=/127.0.0.1:36153,r=/127.0.0.1:37680,OPEN,fill=FI,flush=-,to=0/3000}{io=1/1,kio=1,kro=0}->HttpConnection@1151d74a[p=HttpParser{s=START,0 of -1},g=HttpGenerator@46167ef2{s=START}]=>HttpChannelOverHttp@6a72f35e{s=HttpChannelState@44fe68be{s=IDLE rs=BLOCKING os=OPEN is=IDLE awp=false se=false i=true al=0},r=0,c=false/false,a=IDLE,uri=null,age=0}
04:06:35.658 [qtp961160488-18] DEBUG org.eclipse.jetty.io.ManagedSelector - updates 0
04:06:35.658 [qtp961160488-18] DEBUG org.eclipse.jetty.io.ManagedSelector - Selector sun.nio.ch.EPollSelectorImpl@4e695d32 waiting with 1 keys
04:06:35.658 [qtp961160488-18] DEBUG org.eclipse.jetty.io.ManagedSelector - Selector sun.nio.ch.EPollSelectorImpl@4e695d32 woken up from select, 1/1/1 selected
04:06:35.658 [qtp961160488-18] DEBUG org.eclipse.jetty.io.ManagedSelector - Selector sun.nio.ch.EPollSelectorImpl@4e695d32 processing 1 keys, 0 updates
04:06:35.658 [qtp961160488-18] DEBUG org.eclipse.jetty.io.ManagedSelector - selected 1 sun.nio.ch.SelectionKeyImpl@40aeaa8f SocketChannelEndPoint@2f00bf00{l=/127.0.0.1:36153,r=/127.0.0.1:37680,OPEN,fill=FI,flush=-,to=0/3000}{io=1/1,kio=1,kro=1}->HttpConnection@1151d74a[p=HttpParser{s=START,0 of -1},g=HttpGenerator@46167ef2{s=START}]=>HttpChannelOverHttp@6a72f35e{s=HttpChannelState@44fe68be{s=IDLE rs=BLOCKING os=OPEN is=IDLE awp=false se=false i=true al=0},r=0,c=false/false,a=IDLE,uri=null,age=0} 
04:06:35.658 [qtp961160488-18] DEBUG org.eclipse.jetty.io.ChannelEndPoint - onSelected 1->0 r=true w=false for SocketChannelEndPoint@2f00bf00{l=/127.0.0.1:36153,r=/127.0.0.1:37680,OPEN,fill=FI,flush=-,to=0/3000}{io=1/0,kio=1,kro=1}->HttpConnection@1151d74a[p=HttpParser{s=START,0 of -1},g=HttpGenerator@46167ef2{s=START}]=>HttpChannelOverHttp@6a72f35e{s=HttpChannelState@44fe68be{s=IDLE rs=BLOCKING os=OPEN is=IDLE awp=false se=false i=true al=0},r=0,c=false/false,a=IDLE,uri=null,age=0}
04:06:35.658 [qtp961160488-18] DEBUG org.eclipse.jetty.io.ChannelEndPoint - task CEP:SocketChannelEndPoint@2f00bf00{l=/127.0.0.1:36153,r=/127.0.0.1:37680,OPEN,fill=FI,flush=-,to=0/3000}{io=1/0,kio=1,kro=1}->HttpConnection@1151d74a[p=HttpParser{s=START,0 of -1},g=HttpGenerator@46167ef2{s=START}]=>HttpChannelOverHttp@6a72f35e{s=HttpChannelState@44fe68be{s=IDLE rs=BLOCKING os=OPEN is=IDLE awp=false se=false i=true al=0},r=0,c=false/false,a=IDLE,uri=null,age=0}:runFillable:BLOCKING
04:06:35.658 [qtp961160488-18] DEBUG org.eclipse.jetty.util.thread.ReservedThreadExecutor - ReservedThreadExecutor@383bfa16{reserved=1/8,pending=0} tryExecute EatWhatYouKill@6404f418/SelectorProducer@3e11f9e9/PRODUCING/p=false/QueuedThreadPool[qtp961160488]@394a2528{STARTED,8<=8<=200,i=2,r=-1,q=0}[ReservedThreadExecutor@383bfa16{reserved=1/8,pending=0}][pc=0,pic=0,pec=0,epc=0]@2024-05-02T04:06:35.658+01:00
04:06:35.658 [qtp961160488-18] DEBUG org.eclipse.jetty.util.thread.ReservedThreadExecutor - ReservedThreadExecutor@383bfa16{reserved=0/8,pending=1} startReservedThread p=1
04:06:35.658 [qtp961160488-18] DEBUG org.eclipse.jetty.util.thread.QueuedThreadPool - queue ReservedThread@44913642{PENDING,thread=null} startThread=0
04:06:35.659 [qtp961160488-17] DEBUG org.eclipse.jetty.util.thread.QueuedThreadPool - run ReservedThread@44913642{PENDING,thread=null} in QueuedThreadPool[qtp961160488]@394a2528{STARTED,8<=8<=200,i=1,r=-1,q=0}[ReservedThreadExecutor@383bfa16{reserved=0/8,pending=1}]
04:06:35.659 [qtp961160488-22] DEBUG org.eclipse.jetty.util.thread.ReservedThreadExecutor - ReservedThread@19f127d6{RESERVED,thread=Thread[qtp961160488-22,5,main]} task=EatWhatYouKill@6404f418/SelectorProducer@3e11f9e9/IDLE/p=true/QueuedThreadPool[qtp961160488]@394a2528{STARTED,8<=8<=200,i=1,r=-1,q=0}[ReservedThreadExecutor@383bfa16{reserved=0/8,pending=1}][pc=0,pic=0,pec=0,epc=0]@2024-05-02T04:06:35.659+01:00 ReservedThreadExecutor@383bfa16{reserved=1/8,pending=0}
04:06:35.659 [qtp961160488-17] DEBUG org.eclipse.jetty.util.thread.ReservedThreadExecutor - ReservedThread@44913642{PENDING,thread=Thread[qtp961160488-17,5,main]} was=PENDING next=RESERVED size=0+1 capacity=8
04:06:35.659 [qtp961160488-17] DEBUG org.eclipse.jetty.util.thread.ReservedThreadExecutor - ReservedThread@44913642{RESERVED,thread=Thread[qtp961160488-17,5,main]} waiting ReservedThreadExecutor@383bfa16{reserved=1/8,pending=0}
04:06:35.659 [qtp961160488-18] DEBUG org.eclipse.jetty.util.thread.strategy.EatWhatYouKill - EatWhatYouKill@6404f418/SelectorProducer@3e11f9e9/IDLE/p=true/QueuedThreadPool[qtp961160488]@394a2528{STARTED,8<=8<=200,i=1,r=-1,q=0}[ReservedThreadExecutor@383bfa16{reserved=1/8,pending=0}][pc=0,pic=0,pec=0,epc=0]@2024-05-02T04:06:35.659+01:00 m=EXECUTE_PRODUCE_CONSUME t=CEP:SocketChannelEndPoint@2f00bf00{l=/127.0.0.1:36153,r=/127.0.0.1:37680,OPEN,fill=FI,flush=-,to=1/3000}{io=1/0,kio=1,kro=1}->HttpConnection@1151d74a[p=HttpParser{s=START,0 of -1},g=HttpGenerator@46167ef2{s=START}]=>HttpChannelOverHttp@6a72f35e{s=HttpChannelState@44fe68be{s=IDLE rs=BLOCKING os=OPEN is=IDLE awp=false se=false i=true al=0},r=0,c=false/false,a=IDLE,uri=null,age=0}:runFillable:BLOCKING/BLOCKING
04:06:35.659 [qtp961160488-22] DEBUG org.eclipse.jetty.util.thread.strategy.EatWhatYouKill - EatWhatYouKill@6404f418/SelectorProducer@3e11f9e9/IDLE/p=true/QueuedThreadPool[qtp961160488]@394a2528{STARTED,8<=8<=200,i=1,r=-1,q=0}[ReservedThreadExecutor@383bfa16{reserved=1/8,pending=0}][pc=0,pic=0,pec=0,epc=0]@2024-05-02T04:06:35.659+01:00 tryProduce true
04:06:35.659 [qtp961160488-22] DEBUG org.eclipse.jetty.io.ManagedSelector - updateable 0
04:06:35.659 [qtp961160488-22] DEBUG org.eclipse.jetty.io.ManagedSelector - updates 0
04:06:35.659 [qtp961160488-18] DEBUG org.eclipse.jetty.io.FillInterest - fillable FillInterest@719a5516{AC.ReadCB@1151d74a{HttpConnection@1151d74a::SocketChannelEndPoint@2f00bf00{l=/127.0.0.1:36153,r=/127.0.0.1:37680,OPEN,fill=FI,flush=-,to=1/3000}{io=1/0,kio=1,kro=1}->HttpConnection@1151d74a[p=HttpParser{s=START,0 of -1},g=HttpGenerator@46167ef2{s=START}]=>HttpChannelOverHttp@6a72f35e{s=HttpChannelState@44fe68be{s=IDLE rs=BLOCKING os=OPEN is=IDLE awp=false se=false i=true al=0},r=0,c=false/false,a=IDLE,uri=null,age=0}}}
04:06:35.659 [qtp961160488-22] DEBUG org.eclipse.jetty.io.ChannelEndPoint - Key interests updated 1 -> 0 on SocketChannelEndPoint@2f00bf00{l=/127.0.0.1:36153,r=/127.0.0.1:37680,OPEN,fill=FI,flush=-,to=1/3000}{io=0/0,kio=0,kro=1}->HttpConnection@1151d74a[p=HttpParser{s=START,0 of -1},g=HttpGenerator@46167ef2{s=START}]=>HttpChannelOverHttp@6a72f35e{s=HttpChannelState@44fe68be{s=IDLE rs=BLOCKING os=OPEN is=IDLE awp=false se=false i=true al=0},r=0,c=false/false,a=IDLE,uri=null,age=0}
04:06:35.659 [qtp961160488-22] DEBUG org.eclipse.jetty.io.ManagedSelector - Selector sun.nio.ch.EPollSelectorImpl@4e695d32 waiting with 1 keys
04:06:35.659 [qtp961160488-18] DEBUG org.eclipse.jetty.server.HttpConnection - HttpConnection@1151d74a::SocketChannelEndPoint@2f00bf00{l=/127.0.0.1:36153,r=/127.0.0.1:37680,OPEN,fill=-,flush=-,to=2/3000}{io=0/0,kio=0,kro=1}->HttpConnection@1151d74a[p=HttpParser{s=START,0 of -1},g=HttpGenerator@46167ef2{s=START}]=>HttpChannelOverHttp@6a72f35e{s=HttpChannelState@44fe68be{s=IDLE rs=BLOCKING os=OPEN is=IDLE awp=false se=false i=true al=0},r=0,c=false/false,a=IDLE,uri=null,age=0} onFillable enter HttpChannelState@44fe68be{s=IDLE rs=BLOCKING os=OPEN is=IDLE awp=false se=false i=true al=0} null
04:06:35.659 [qtp961160488-18] DEBUG org.eclipse.jetty.io.ChannelEndPoint - filled 115 HeapByteBuffer@3e2e5006[p=0,l=115,c=8192,r=115]={<<<GET / HTTP/1.1\r\nHost: loc...gent: okhttp/3.12.3\r\n\r\n>>>er-Agent:...\x00\x00\x00\x00\x00\x00\x00}
04:06:35.659 [qtp961160488-18] DEBUG org.eclipse.jetty.server.HttpConnection - HttpConnection@1151d74a::SocketChannelEndPoint@2f00bf00{l=/127.0.0.1:36153,r=/127.0.0.1:37680,OPEN,fill=-,flush=-,to=0/3000}{io=0/0,kio=0,kro=1}->HttpConnection@1151d74a[p=HttpParser{s=START,0 of -1},g=HttpGenerator@46167ef2{s=START}]=>HttpChannelOverHttp@6a72f35e{s=HttpChannelState@44fe68be{s=IDLE rs=BLOCKING os=OPEN is=IDLE awp=false se=false i=true al=0},r=0,c=false/false,a=IDLE,uri=null,age=0} filled 115 HeapByteBuffer@3e2e5006[p=0,l=115,c=8192,r=115]={<<<GET / HTTP/1.1\r\nHost: loc...gent: okhttp/3.12.3\r\n\r\n>>>er-Agent:...\x00\x00\x00\x00\x00\x00\x00}
04:06:35.660 [qtp961160488-18] DEBUG org.eclipse.jetty.server.HttpConnection - HttpConnection@1151d74a::SocketChannelEndPoint@2f00bf00{l=/127.0.0.1:36153,r=/127.0.0.1:37680,OPEN,fill=-,flush=-,to=0/3000}{io=0/0,kio=0,kro=1}->HttpConnection@1151d74a[p=HttpParser{s=START,0 of -1},g=HttpGenerator@46167ef2{s=START}]=>HttpChannelOverHttp@6a72f35e{s=HttpChannelState@44fe68be{s=IDLE rs=BLOCKING os=OPEN is=IDLE awp=false se=false i=true al=0},r=0,c=false/false,a=IDLE,uri=null,age=0} parse HeapByteBuffer@3e2e5006[p=0,l=115,c=8192,r=115]={<<<GET / HTTP/1.1\r\nHost: loc...gent: okhttp/3.12.3\r\n\r\n>>>er-Agent:...\x00\x00\x00\x00\x00\x00\x00} {}
04:06:35.660 [qtp961160488-18] DEBUG org.eclipse.jetty.http.HttpParser - parseNext s=START HeapByteBuffer@3e2e5006[p=0,l=115,c=8192,r=115]={<<<GET / HTTP/1.1\r\nHost: loc...gent: okhttp/3.12.3\r\n\r\n>>>er-Agent:...\x00\x00\x00\x00\x00\x00\x00}
04:06:35.660 [qtp961160488-18] DEBUG org.eclipse.jetty.http.HttpParser - START --> SPACE1
04:06:35.660 [qtp961160488-18] DEBUG org.eclipse.jetty.http.HttpParser - SPACE1 --> URI
04:06:35.660 [qtp961160488-18] DEBUG org.eclipse.jetty.http.HttpParser - URI --> SPACE2
04:06:35.660 [qtp961160488-18] DEBUG org.eclipse.jetty.http.HttpParser - SPACE2 --> REQUEST_VERSION
04:06:35.660 [qtp961160488-18] DEBUG org.eclipse.jetty.http.HttpParser - REQUEST_VERSION --> HEADER
04:06:35.660 [qtp961160488-18] DEBUG org.eclipse.jetty.http.HttpParser - HEADER:Host --> VALUE
04:06:35.660 [qtp961160488-18] DEBUG org.eclipse.jetty.http.HttpParser - HEADER:Host --> IN_VALUE
04:06:35.660 [qtp961160488-18] DEBUG org.eclipse.jetty.http.HttpParser - HEADER:Host --> FIELD
04:06:35.660 [qtp961160488-18] DEBUG org.eclipse.jetty.http.HttpParser - HEADER:Connection: keep-alive --> IN_VALUE
04:06:35.660 [qtp961160488-18] DEBUG org.eclipse.jetty.http.HttpParser - HEADER:Connection: keep-alive --> FIELD
04:06:35.660 [qtp961160488-18] DEBUG org.eclipse.jetty.http.HttpParser - HEADER:Accept-Encoding: gzip --> IN_VALUE
04:06:35.660 [qtp961160488-18] DEBUG org.eclipse.jetty.http.HttpParser - HEADER:Accept-Encoding: gzip --> FIELD
04:06:35.660 [qtp961160488-18] DEBUG org.eclipse.jetty.http.HttpParser - HEADER:User-Agent --> VALUE
04:06:35.660 [qtp961160488-18] DEBUG org.eclipse.jetty.http.HttpParser - HEADER:User-Agent --> IN_VALUE
04:06:35.660 [qtp961160488-18] DEBUG org.eclipse.jetty.http.HttpParser - HEADER:User-Agent --> FIELD
04:06:35.660 [qtp961160488-18] DEBUG org.eclipse.jetty.http.HttpParser - HEADER --> CONTENT
04:06:35.660 [qtp961160488-18] DEBUG org.eclipse.jetty.server.HttpChannel - REQUEST for //localhost:36153/ on HttpChannelOverHttp@6a72f35e{s=HttpChannelState@44fe68be{s=IDLE rs=BLOCKING os=OPEN is=IDLE awp=false se=false i=true al=0},r=1,c=false/false,a=IDLE,uri=//localhost:36153/,age=0}
GET //localhost:36153/ HTTP/1.1
Host: localhost:36153
Connection: keep-alive
Accept-Encoding: gzip
User-Agent: okhttp/3.12.3


04:06:35.660 [qtp961160488-18] DEBUG org.eclipse.jetty.server.HttpConnection - HttpConnection@1151d74a::SocketChannelEndPoint@2f00bf00{l=/127.0.0.1:36153,r=/127.0.0.1:37680,OPEN,fill=-,flush=-,to=0/3000}{io=0/0,kio=0,kro=1}->HttpConnection@1151d74a[p=HttpParser{s=CONTENT,0 of -1},g=HttpGenerator@46167ef2{s=START}]=>HttpChannelOverHttp@6a72f35e{s=HttpChannelState@44fe68be{s=IDLE rs=BLOCKING os=OPEN is=IDLE awp=false se=false i=true al=0},r=1,c=false/false,a=IDLE,uri=//localhost:36153/,age=0} parsed true HttpParser{s=CONTENT,0 of -1}
04:06:35.660 [qtp961160488-18] DEBUG org.eclipse.jetty.server.HttpConnection - releaseRequestBuffer HttpConnection@1151d74a::SocketChannelEndPoint@2f00bf00{l=/127.0.0.1:36153,r=/127.0.0.1:37680,OPEN,fill=-,flush=-,to=0/3000}{io=0/0,kio=0,kro=1}->HttpConnection@1151d74a[p=HttpParser{s=CONTENT,0 of -1},g=HttpGenerator@46167ef2{s=START}]=>HttpChannelOverHttp@6a72f35e{s=HttpChannelState@44fe68be{s=IDLE rs=BLOCKING os=OPEN is=IDLE awp=false se=false i=true al=0},r=1,c=false/false,a=IDLE,uri=//localhost:36153/,age=0}
04:06:35.660 [qtp961160488-18] DEBUG org.eclipse.jetty.server.HttpChannel - handle //localhost:36153/ HttpChannelOverHttp@6a72f35e{s=HttpChannelState@44fe68be{s=IDLE rs=BLOCKING os=OPEN is=IDLE awp=false se=false i=true al=0},r=1,c=false/false,a=IDLE,uri=//localhost:36153/,age=0} 
04:06:35.660 [qtp961160488-18] DEBUG org.eclipse.jetty.server.HttpChannelState - handling HttpChannelState@44fe68be{s=IDLE rs=BLOCKING os=OPEN is=IDLE awp=false se=false i=true al=0}
04:06:35.660 [qtp961160488-18] DEBUG org.eclipse.jetty.server.HttpChannel - action DISPATCH HttpChannelOverHttp@6a72f35e{s=HttpChannelState@44fe68be{s=HANDLING rs=BLOCKING os=OPEN is=IDLE awp=false se=false i=true al=0},r=1,c=false/false,a=HANDLING,uri=//localhost:36153/,age=0}
04:06:35.660 [qtp961160488-18] DEBUG org.eclipse.jetty.server.Server - REQUEST GET / on HttpChannelOverHttp@6a72f35e{s=HttpChannelState@44fe68be{s=HANDLING rs=BLOCKING os=OPEN is=IDLE awp=false se=false i=true al=0},r=1,c=false/false,a=HANDLING,uri=//localhost:36153/,age=0}
04:06:35.660 [qtp961160488-18] DEBUG org.eclipse.jetty.server.HttpOutput - write(array HeapByteBuffer@193a0b4[p=0,l=4,c=512,r=4]={<<<test>>>\x00\x00\x00\x00\x00\x00\x00\x00\x00...\x00\x00\x00\x00\x00\x00\x00})
04:06:35.660 [qtp961160488-18] DEBUG org.eclipse.jetty.server.HttpOutput - write(array) s=CLOSING,api=BLOCKED,sc=false,e=null last=true agg=false flush=true async=false, len=4 null
04:06:35.660 [qtp961160488-18] DEBUG org.eclipse.jetty.server.HttpChannel - sendResponse info=null content=HeapByteBuffer@517fd79[p=0,l=4,c=512,r=4]={<<<test>>>\x00\x00\x00\x00\x00\x00\x00\x00\x00...\x00\x00\x00\x00\x00\x00\x00} complete=true committing=true callback=Blocker@3058c586{null}
04:06:35.661 [qtp961160488-18] DEBUG org.eclipse.jetty.server.HttpChannel - COMMIT for / on HttpChannelOverHttp@6a72f35e{s=HttpChannelState@44fe68be{s=HANDLING rs=BLOCKING os=COMMITTED is=IDLE awp=false se=false i=true al=0},r=1,c=false/false,a=HANDLING,uri=//localhost:36153/,age=1}
200 null HTTP/1.1
Date: Thu, 02 May 2024 03:06:35 GMT
ETag: testEtag
Content-Type: text/plain;charset=utf-8
Content-Length: 4


04:06:35.661 [qtp961160488-18] DEBUG org.eclipse.jetty.server.HttpConnection - generate: NEED_HEADER for SendCallback@7d36c6e9[PROCESSING][i=HTTP/1.1{s=200,h=4,cl=4},cb=org.eclipse.jetty.server.HttpChannel$SendCallback@61bc5ffb] (null,[p=0,l=4,c=512,r=4],true)@START
04:06:35.661 [qtp961160488-18] DEBUG org.eclipse.jetty.http.HttpGenerator - generateHeaders HTTP/1.1{s=200,h=4,cl=4} last=true content=HeapByteBuffer@517fd79[p=0,l=4,c=512,r=4]={<<<test>>>\x00\x00\x00\x00\x00\x00\x00\x00\x00...\x00\x00\x00\x00\x00\x00\x00}
04:06:35.661 [qtp961160488-18] DEBUG org.eclipse.jetty.http.HttpGenerator - Date: Thu, 02 May 2024 03:06:35 GMT
ETag: testEtag
Content-Type: text/plain;charset=utf-8
Content-Length: 4


04:06:35.661 [qtp961160488-18] DEBUG org.eclipse.jetty.http.HttpGenerator - CONTENT_LENGTH
04:06:35.661 [qtp961160488-18] DEBUG org.eclipse.jetty.server.HttpConnection - generate: FLUSH for SendCallback@7d36c6e9[PROCESSING][i=HTTP/1.1{s=200,h=4,cl=4},cb=org.eclipse.jetty.server.HttpChannel$SendCallback@61bc5ffb] ([p=0,l=164,c=8192,r=164],[p=0,l=4,c=512,r=4],true)@COMPLETING
04:06:35.661 [qtp961160488-18] DEBUG org.eclipse.jetty.io.WriteFlusher - write: WriteFlusher@5b7a9a80{IDLE}->null [HeapByteBuffer@3e2e5006[p=0,l=164,c=8192,r=164]={<<<HTTP/1.1 200 OK\r\nDate: Th...y(9.4.44.v20210927)\r\n\r\n>>>\x00\x00\x00\x00\x00\x00\x00\x00\x00...\x00\x00\x00\x00\x00\x00\x00},HeapByteBuffer@517fd79[p=0,l=4,c=512,r=4]={<<<test>>>\x00\x00\x00\x00\x00\x00\x00\x00\x00...\x00\x00\x00\x00\x00\x00\x00}]
04:06:35.661 [qtp961160488-18] DEBUG org.eclipse.jetty.io.WriteFlusher - update WriteFlusher@5b7a9a80{WRITING}->null:IDLE-->WRITING
04:06:35.661 [main] DEBUG org.apache.nifi.minifi.bootstrap.configuration.ingestors.PullHttpChangeIngestor - Response received: Response{protocol=http/1.1, code=200, message=OK, url=http://localhost:36153/}
04:06:35.661 [qtp961160488-18] DEBUG org.eclipse.jetty.io.ChannelEndPoint - flushed 168 SocketChannelEndPoint@2f00bf00{l=/127.0.0.1:36153,r=/127.0.0.1:37680,OPEN,fill=-,flush=W,to=1/3000}{io=0/0,kio=0,kro=1}->HttpConnection@1151d74a[p=HttpParser{s=CONTENT,0 of -1},g=HttpGenerator@46167ef2{s=COMPLETING}]=>HttpChannelOverHttp@6a72f35e{s=HttpChannelState@44fe68be{s=HANDLING rs=BLOCKING os=COMMITTED is=IDLE awp=false se=false i=true al=0},r=1,c=false/false,a=HANDLING,uri=//localhost:36153/,age=1}
04:06:35.661 [qtp961160488-18] DEBUG org.eclipse.jetty.io.WriteFlusher - Flushed=true written=168 remaining=0 WriteFlusher@5b7a9a80{WRITING}->null
04:06:35.661 [qtp961160488-18] DEBUG org.eclipse.jetty.io.WriteFlusher - update WriteFlusher@5b7a9a80{IDLE}->null:WRITING-->IDLE
04:06:35.661 [main] DEBUG org.apache.nifi.minifi.bootstrap.configuration.ingestors.PullHttpChangeIngestor - New change received, notifying listener
04:06:35.661 [qtp961160488-18] DEBUG org.eclipse.jetty.server.HttpConnection - generate: DONE for SendCallback@7d36c6e9[PROCESSING][i=HTTP/1.1{s=200,h=4,cl=4},cb=org.eclipse.jetty.server.HttpChannel$SendCallback@61bc5ffb] ([p=164,l=164,c=8192,r=0],[p=4,l=4,c=512,r=0],true)@END
04:06:35.661 [qtp961160488-18] DEBUG org.eclipse.jetty.server.HttpOutput - onWriteComplete(true,null) s=CLOSING,api=BLOCKED,sc=false,e=null->s=CLOSED,api=BLOCKING,sc=false,e=null c=null cb=null w=false
04:06:35.661 [qtp961160488-18] DEBUG org.eclipse.jetty.server.HttpOutput - close() s=CLOSED,api=BLOCKING,sc=false,e=null c=null b=null
04:06:35.661 [main] DEBUG org.apache.nifi.minifi.bootstrap.configuration.ingestors.PullHttpChangeIngestor - Listeners notified
04:06:35.661 [qtp961160488-18] DEBUG org.eclipse.jetty.server.Server - handled=true async=false committed=true on HttpChannelOverHttp@6a72f35e{s=HttpChannelState@44fe68be{s=HANDLING rs=BLOCKING os=COMPLETED is=IDLE awp=false se=false i=true al=0},r=1,c=false/true,a=HANDLING,uri=//localhost:36153/,age=1}
04:06:35.662 [qtp961160488-18] DEBUG org.eclipse.jetty.server.HttpChannelState - unhandle HttpChannelState@44fe68be{s=HANDLING rs=BLOCKING os=COMPLETED is=IDLE awp=false se=false i=true al=0}
04:06:35.662 [qtp961160488-18] DEBUG org.eclipse.jetty.server.HttpChannelState - nextAction(false) COMPLETE HttpChannelState@44fe68be{s=HANDLING rs=COMPLETING os=COMPLETED is=IDLE awp=false se=false i=false al=0}
04:06:35.662 [qtp961160488-18] DEBUG org.eclipse.jetty.server.HttpChannel - action COMPLETE HttpChannelOverHttp@6a72f35e{s=HttpChannelState@44fe68be{s=HANDLING rs=COMPLETING os=COMPLETED is=IDLE awp=false se=false i=false al=0},r=1,c=false/true,a=HANDLING,uri=//localhost:36153/,age=2}
]]></system-out>
  </testcase>
  <testcase name="testUseEtagWithPath" classname="org.apache.nifi.minifi.bootstrap.configuration.ingestors.PullHttpChangeIngestorTest" time="0.023">
    <system-out><![CDATA[04:06:35.662 [qtp961160488-18] DEBUG org.eclipse.jetty.server.HttpOutput - complete(org.eclipse.jetty.util.Callback$3@2df8109c) s=CLOSED,api=BLOCKING,sc=false,e=null s=true e=null, c=null
04:06:35.663 [qtp961160488-18] DEBUG org.eclipse.jetty.server.HttpChannelState - completed HttpChannelState@44fe68be{s=HANDLING rs=COMPLETING os=COMPLETED is=IDLE awp=false se=false i=false al=0}
04:06:35.663 [qtp961160488-18] DEBUG org.eclipse.jetty.server.HttpChannelState - unhandle HttpChannelState@44fe68be{s=HANDLING rs=COMPLETED os=COMPLETED is=IDLE awp=false se=false i=false al=0}
04:06:35.663 [qtp961160488-18] DEBUG org.eclipse.jetty.server.HttpChannelState - nextAction(false) TERMINATED HttpChannelState@44fe68be{s=IDLE rs=COMPLETED os=COMPLETED is=IDLE awp=false se=false i=false al=0}
04:06:35.663 [qtp961160488-18] DEBUG org.eclipse.jetty.server.HttpChannel - action TERMINATED HttpChannelOverHttp@6a72f35e{s=HttpChannelState@44fe68be{s=IDLE rs=COMPLETED os=COMPLETED is=IDLE awp=false se=false i=false al=0},r=1,c=true/true,a=IDLE,uri=//localhost:36153/,age=3}
04:06:35.663 [qtp961160488-18] DEBUG org.eclipse.jetty.server.HttpChannel - onCompleted for / written=4
04:06:35.663 [main] DEBUG org.apache.nifi.minifi.bootstrap.configuration.ingestors.PullHttpChangeIngestor - Attempting to pull new config
04:06:35.664 [qtp961160488-18] DEBUG org.eclipse.jetty.io.ChannelEndPoint - filled 0 HeapByteBuffer@3e2e5006[p=0,l=0,c=8192,r=0]={<<<>>>HTTP/1.1 ...\x00\x00\x00\x00\x00\x00\x00}
04:06:35.664 [qtp961160488-18] DEBUG org.eclipse.jetty.io.ChannelEndPoint - filled 0 HeapByteBuffer@3e2e5006[p=0,l=0,c=8192,r=0]={<<<>>>HTTP/1.1 ...\x00\x00\x00\x00\x00\x00\x00}
04:06:35.664 [qtp961160488-18] DEBUG org.eclipse.jetty.server.HttpConnection - HttpConnection@1151d74a::SocketChannelEndPoint@2f00bf00{l=/127.0.0.1:36153,r=/127.0.0.1:37680,OPEN,fill=-,flush=-,to=2/3000}{io=0/0,kio=0,kro=1}->HttpConnection@1151d74a[p=HttpParser{s=CONTENT,0 of -1},g=HttpGenerator@46167ef2{s=END}]=>HttpChannelOverHttp@6a72f35e{s=HttpChannelState@44fe68be{s=IDLE rs=COMPLETED os=COMPLETED is=IDLE awp=false se=false i=false al=0},r=1,c=true/true,a=IDLE,uri=//localhost:36153/,age=4} filled 0 HeapByteBuffer@3e2e5006[p=0,l=0,c=8192,r=0]={<<<>>>HTTP/1.1 ...\x00\x00\x00\x00\x00\x00\x00}
04:06:35.664 [qtp961160488-18] DEBUG org.eclipse.jetty.server.HttpConnection - HttpConnection@1151d74a::SocketChannelEndPoint@2f00bf00{l=/127.0.0.1:36153,r=/127.0.0.1:37680,OPEN,fill=-,flush=-,to=2/3000}{io=0/0,kio=0,kro=1}->HttpConnection@1151d74a[p=HttpParser{s=CONTENT,0 of -1},g=HttpGenerator@46167ef2{s=END}]=>HttpChannelOverHttp@6a72f35e{s=HttpChannelState@44fe68be{s=IDLE rs=COMPLETED os=COMPLETED is=IDLE awp=false se=false i=false al=0},r=1,c=true/true,a=IDLE,uri=//localhost:36153/,age=4} parse HeapByteBuffer@3e2e5006[p=0,l=0,c=8192,r=0]={<<<>>>HTTP/1.1 ...\x00\x00\x00\x00\x00\x00\x00} {}
04:06:35.664 [qtp961160488-18] DEBUG org.eclipse.jetty.http.HttpParser - parseNext s=CONTENT HeapByteBuffer@3e2e5006[p=0,l=0,c=8192,r=0]={<<<>>>HTTP/1.1 ...\x00\x00\x00\x00\x00\x00\x00}
04:06:35.664 [qtp961160488-18] DEBUG org.eclipse.jetty.http.HttpParser - CONTENT --> CONTENT_END
04:06:35.664 [qtp961160488-18] DEBUG org.eclipse.jetty.server.HttpChannel - onContentComplete HttpChannelOverHttp@6a72f35e{s=HttpChannelState@44fe68be{s=IDLE rs=COMPLETED os=COMPLETED is=IDLE awp=false se=false i=false al=0},r=1,c=true/true,a=IDLE,uri=//localhost:36153/,age=4}
04:06:35.664 [qtp961160488-19-acceptor-0@1e1a0406-ServerConnector@446293d{HTTP/1.1, (http/1.1)}{localhost:36153}] DEBUG org.eclipse.jetty.io.ManagedSelector - Queued change lazy=false Accept@badc27e[java.nio.channels.SocketChannel[connected local=/127.0.0.1:36153 remote=/127.0.0.1:37684]] on ManagedSelector@194bcebf{STARTED} id=0 keys=0 selected=0 updates=0
04:06:35.664 [qtp961160488-18] DEBUG org.eclipse.jetty.http.HttpParser - CONTENT_END --> END
04:06:35.664 [qtp961160488-19-acceptor-0@1e1a0406-ServerConnector@446293d{HTTP/1.1, (http/1.1)}{localhost:36153}] DEBUG org.eclipse.jetty.io.ManagedSelector - Wakeup on submit ManagedSelector@194bcebf{STARTED} id=0 keys=0 selected=0 updates=1
04:06:35.664 [qtp961160488-18] DEBUG org.eclipse.jetty.server.HttpChannel - onRequestComplete HttpChannelOverHttp@6a72f35e{s=HttpChannelState@44fe68be{s=IDLE rs=COMPLETED os=COMPLETED is=IDLE awp=false se=false i=false al=0},r=1,c=true/true,a=IDLE,uri=//localhost:36153/,age=4}
04:06:35.664 [qtp961160488-18] DEBUG org.eclipse.jetty.server.HttpInput - HttpInputOverHTTP@66328a44[c=0,q=0,[0]=null,s=STREAM] addContent EOF
04:06:35.664 [qtp961160488-15] DEBUG org.eclipse.jetty.io.ManagedSelector - Selector sun.nio.ch.EPollSelectorImpl@7e96075f woken with none selected
04:06:35.664 [qtp961160488-15] DEBUG org.eclipse.jetty.io.ManagedSelector - Selector sun.nio.ch.EPollSelectorImpl@7e96075f woken up from select, 0/0/0 selected
04:06:35.664 [qtp961160488-15] DEBUG org.eclipse.jetty.io.ManagedSelector - Selector sun.nio.ch.EPollSelectorImpl@7e96075f processing 0 keys, 1 updates
04:06:35.664 [qtp961160488-15] DEBUG org.eclipse.jetty.io.ManagedSelector - updateable 1
04:06:35.664 [qtp961160488-18] DEBUG org.eclipse.jetty.server.HttpConnection - HttpConnection@1151d74a::SocketChannelEndPoint@2f00bf00{l=/127.0.0.1:36153,r=/127.0.0.1:37680,OPEN,fill=-,flush=-,to=3/3000}{io=0/0,kio=0,kro=1}->HttpConnection@1151d74a[p=HttpParser{s=END,0 of -1},g=HttpGenerator@46167ef2{s=END}]=>HttpChannelOverHttp@6a72f35e{s=HttpChannelState@44fe68be{s=IDLE rs=COMPLETED os=COMPLETED is=IDLE awp=false se=false i=false al=0},r=1,c=true/true,a=IDLE,uri=//localhost:36153/,age=4} parsed false HttpParser{s=END,0 of -1}
04:06:35.664 [qtp961160488-15] DEBUG org.eclipse.jetty.io.ManagedSelector - update Accept@badc27e[java.nio.channels.SocketChannel[connected local=/127.0.0.1:36153 remote=/127.0.0.1:37684]]
04:06:35.665 [qtp961160488-15] DEBUG org.eclipse.jetty.util.thread.QueuedThreadPool - queue Accept@badc27e[java.nio.channels.SocketChannel[connected local=/127.0.0.1:36153 remote=/127.0.0.1:37684]] startThread=0
04:06:35.665 [qtp961160488-18] DEBUG org.eclipse.jetty.server.HttpConnection - releaseRequestBuffer HttpConnection@1151d74a::SocketChannelEndPoint@2f00bf00{l=/127.0.0.1:36153,r=/127.0.0.1:37680,OPEN,fill=-,flush=-,to=3/3000}{io=0/0,kio=0,kro=1}->HttpConnection@1151d74a[p=HttpParser{s=END,0 of -1},g=HttpGenerator@46167ef2{s=END}]=>HttpChannelOverHttp@6a72f35e{s=HttpChannelState@44fe68be{s=IDLE rs=COMPLETED os=COMPLETED is=IDLE awp=false se=false i=false al=0},r=1,c=true/true,a=IDLE,uri=//localhost:36153/,age=5}
04:06:35.665 [qtp961160488-21] DEBUG org.eclipse.jetty.util.thread.QueuedThreadPool - run Accept@badc27e[java.nio.channels.SocketChannel[connected local=/127.0.0.1:36153 remote=/127.0.0.1:37684]] in QueuedThreadPool[qtp961160488]@394a2528{STARTED,8<=8<=200,i=0,r=-1,q=0}[ReservedThreadExecutor@383bfa16{reserved=1/8,pending=0}]
04:06:35.665 [qtp961160488-15] DEBUG org.eclipse.jetty.io.ManagedSelector - updates 0
04:06:35.665 [qtp961160488-18] DEBUG org.eclipse.jetty.server.HttpChannelState - recycle HttpChannelState@44fe68be{s=IDLE rs=COMPLETED os=COMPLETED is=IDLE awp=false se=false i=false al=0}
04:06:35.665 [qtp961160488-15] DEBUG org.eclipse.jetty.io.ManagedSelector - Selector sun.nio.ch.EPollSelectorImpl@7e96075f waiting with 1 keys
04:06:35.665 [qtp961160488-21] DEBUG org.eclipse.jetty.io.IdleTimeout - SocketChannelEndPoint@49dc5580{l=/127.0.0.1:36153,r=/127.0.0.1:37684,OPEN,fill=-,flush=-,to=0/3000}{io=0/0,kio=0,kro=0}-><null> idle timeout check, elapsed: 0 ms, remaining: 3000 ms
04:06:35.665 [qtp961160488-18] DEBUG org.eclipse.jetty.http.HttpParser - reset HttpParser{s=END,0 of -1}
04:06:35.665 [qtp961160488-18] DEBUG org.eclipse.jetty.http.HttpParser - END --> START
04:06:35.665 [qtp961160488-18] DEBUG org.eclipse.jetty.server.HttpChannel - !handle TERMINATED HttpChannelOverHttp@6a72f35e{s=HttpChannelState@44fe68be{s=IDLE rs=BLOCKING os=OPEN is=IDLE awp=false se=false i=true al=0},r=1,c=false/false,a=IDLE,uri=null,age=0}
04:06:35.665 [qtp961160488-18] DEBUG org.eclipse.jetty.io.ChannelEndPoint - filled 0 HeapByteBuffer@3e2e5006[p=0,l=0,c=8192,r=0]={<<<>>>HTTP/1.1 ...\x00\x00\x00\x00\x00\x00\x00}
04:06:35.665 [qtp961160488-18] DEBUG org.eclipse.jetty.io.ChannelEndPoint - filled 0 HeapByteBuffer@3e2e5006[p=0,l=0,c=8192,r=0]={<<<>>>HTTP/1.1 ...\x00\x00\x00\x00\x00\x00\x00}
04:06:35.665 [qtp961160488-21] DEBUG org.eclipse.jetty.server.HttpChannel - new HttpChannelOverHttp@3cc843a7{s=HttpChannelState@1f5993cd{s=IDLE rs=BLOCKING os=OPEN is=IDLE awp=false se=false i=true al=0},r=0,c=false/false,a=IDLE,uri=null,age=0} -> SocketChannelEndPoint@49dc5580{l=/127.0.0.1:36153,r=/127.0.0.1:37684,OPEN,fill=-,flush=-,to=0/3000}{io=0/0,kio=0,kro=0}-><null>,null,HttpChannelState@1f5993cd{s=IDLE rs=BLOCKING os=OPEN is=IDLE awp=false se=false i=true al=0}
04:06:35.665 [qtp961160488-18] DEBUG org.eclipse.jetty.server.HttpConnection - HttpConnection@1151d74a::SocketChannelEndPoint@2f00bf00{l=/127.0.0.1:36153,r=/127.0.0.1:37680,OPEN,fill=-,flush=-,to=3/3000}{io=0/0,kio=0,kro=1}->HttpConnection@1151d74a[p=HttpParser{s=START,0 of -1},g=HttpGenerator@46167ef2{s=START}]=>HttpChannelOverHttp@6a72f35e{s=HttpChannelState@44fe68be{s=IDLE rs=BLOCKING os=OPEN is=IDLE awp=false se=false i=true al=0},r=1,c=false/false,a=IDLE,uri=null,age=0} filled 0 HeapByteBuffer@3e2e5006[p=0,l=0,c=8192,r=0]={<<<>>>HTTP/1.1 ...\x00\x00\x00\x00\x00\x00\x00}
04:06:35.665 [qtp961160488-21] DEBUG org.eclipse.jetty.server.HttpConnection - New HTTP Connection HttpConnection@97a6b9::SocketChannelEndPoint@49dc5580{l=/127.0.0.1:36153,r=/127.0.0.1:37684,OPEN,fill=-,flush=-,to=0/3000}{io=0/0,kio=0,kro=0}-><null>
04:06:35.665 [qtp961160488-21] DEBUG org.eclipse.jetty.io.ManagedSelector - Queued change lazy=true org.eclipse.jetty.io.ManagedSelector$$Lambda$258/2107212988@2bcc837e on ManagedSelector@194bcebf{STARTED} id=0 keys=1 selected=0 updates=0
04:06:35.665 [qtp961160488-18] DEBUG org.eclipse.jetty.server.HttpConnection - HttpConnection@1151d74a::SocketChannelEndPoint@2f00bf00{l=/127.0.0.1:36153,r=/127.0.0.1:37680,OPEN,fill=-,flush=-,to=3/3000}{io=0/0,kio=0,kro=1}->HttpConnection@1151d74a[p=HttpParser{s=START,0 of -1},g=HttpGenerator@46167ef2{s=START}]=>HttpChannelOverHttp@6a72f35e{s=HttpChannelState@44fe68be{s=IDLE rs=BLOCKING os=OPEN is=IDLE awp=false se=false i=true al=0},r=1,c=false/false,a=IDLE,uri=null,age=0} parse HeapByteBuffer@3e2e5006[p=0,l=0,c=8192,r=0]={<<<>>>HTTP/1.1 ...\x00\x00\x00\x00\x00\x00\x00} {}
04:06:35.665 [qtp961160488-18] DEBUG org.eclipse.jetty.http.HttpParser - parseNext s=START HeapByteBuffer@3e2e5006[p=0,l=0,c=8192,r=0]={<<<>>>HTTP/1.1 ...\x00\x00\x00\x00\x00\x00\x00}
04:06:35.665 [qtp961160488-21] DEBUG org.eclipse.jetty.io.AbstractEndPoint - onOpen SocketChannelEndPoint@49dc5580{l=/127.0.0.1:36153,r=/127.0.0.1:37684,OPEN,fill=-,flush=-,to=0/3000}{io=0/0,kio=0,kro=0}->HttpConnection@97a6b9[p=HttpParser{s=START,0 of -1},g=HttpGenerator@556728db{s=START}]=>HttpChannelOverHttp@3cc843a7{s=HttpChannelState@1f5993cd{s=IDLE rs=BLOCKING os=OPEN is=IDLE awp=false se=false i=true al=0},r=0,c=false/false,a=IDLE,uri=null,age=0}
04:06:35.665 [qtp961160488-18] DEBUG org.eclipse.jetty.server.HttpConnection - HttpConnection@1151d74a::SocketChannelEndPoint@2f00bf00{l=/127.0.0.1:36153,r=/127.0.0.1:37680,OPEN,fill=-,flush=-,to=4/3000}{io=0/0,kio=0,kro=1}->HttpConnection@1151d74a[p=HttpParser{s=START,0 of -1},g=HttpGenerator@46167ef2{s=START}]=>HttpChannelOverHttp@6a72f35e{s=HttpChannelState@44fe68be{s=IDLE rs=BLOCKING os=OPEN is=IDLE awp=false se=false i=true al=0},r=1,c=false/false,a=IDLE,uri=null,age=0} parsed false HttpParser{s=START,0 of -1}
04:06:35.665 [qtp961160488-18] DEBUG org.eclipse.jetty.server.HttpConnection - releaseRequestBuffer HttpConnection@1151d74a::SocketChannelEndPoint@2f00bf00{l=/127.0.0.1:36153,r=/127.0.0.1:37680,OPEN,fill=-,flush=-,to=4/3000}{io=0/0,kio=0,kro=1}->HttpConnection@1151d74a[p=HttpParser{s=START,0 of -1},g=HttpGenerator@46167ef2{s=START}]=>HttpChannelOverHttp@6a72f35e{s=HttpChannelState@44fe68be{s=IDLE rs=BLOCKING os=OPEN is=IDLE awp=false se=false i=true al=0},r=1,c=false/false,a=IDLE,uri=null,age=0}
04:06:35.665 [qtp961160488-21] DEBUG org.eclipse.jetty.io.AbstractConnection - onOpen HttpConnection@97a6b9::SocketChannelEndPoint@49dc5580{l=/127.0.0.1:36153,r=/127.0.0.1:37684,OPEN,fill=-,flush=-,to=0/3000}{io=0/0,kio=0,kro=0}->HttpConnection@97a6b9[p=HttpParser{s=START,0 of -1},g=HttpGenerator@556728db{s=START}]=>HttpChannelOverHttp@3cc843a7{s=HttpChannelState@1f5993cd{s=IDLE rs=BLOCKING os=OPEN is=IDLE awp=false se=false i=true al=0},r=0,c=false/false,a=IDLE,uri=null,age=0}
04:06:35.666 [qtp961160488-18] DEBUG org.eclipse.jetty.io.AbstractConnection - fillInterested HttpConnection@1151d74a::SocketChannelEndPoint@2f00bf00{l=/127.0.0.1:36153,r=/127.0.0.1:37680,OPEN,fill=-,flush=-,to=4/3000}{io=0/0,kio=0,kro=1}->HttpConnection@1151d74a[p=HttpParser{s=START,0 of -1},g=HttpGenerator@46167ef2{s=START}]=>HttpChannelOverHttp@6a72f35e{s=HttpChannelState@44fe68be{s=IDLE rs=BLOCKING os=OPEN is=IDLE awp=false se=false i=true al=0},r=1,c=false/false,a=IDLE,uri=null,age=0}
04:06:35.666 [qtp961160488-21] DEBUG org.eclipse.jetty.io.AbstractConnection - fillInterested HttpConnection@97a6b9::SocketChannelEndPoint@49dc5580{l=/127.0.0.1:36153,r=/127.0.0.1:37684,OPEN,fill=-,flush=-,to=0/3000}{io=0/0,kio=0,kro=0}->HttpConnection@97a6b9[p=HttpParser{s=START,0 of -1},g=HttpGenerator@556728db{s=START}]=>HttpChannelOverHttp@3cc843a7{s=HttpChannelState@1f5993cd{s=IDLE rs=BLOCKING os=OPEN is=IDLE awp=false se=false i=true al=0},r=0,c=false/false,a=IDLE,uri=null,age=0}
04:06:35.666 [qtp961160488-18] DEBUG org.eclipse.jetty.io.FillInterest - interested FillInterest@719a5516{AC.ReadCB@1151d74a{HttpConnection@1151d74a::SocketChannelEndPoint@2f00bf00{l=/127.0.0.1:36153,r=/127.0.0.1:37680,OPEN,fill=FI,flush=-,to=0/3000}{io=0/0,kio=0,kro=1}->HttpConnection@1151d74a[p=HttpParser{s=START,0 of -1},g=HttpGenerator@46167ef2{s=START}]=>HttpChannelOverHttp@6a72f35e{s=HttpChannelState@44fe68be{s=IDLE rs=BLOCKING os=OPEN is=IDLE awp=false se=false i=true al=0},r=1,c=false/false,a=IDLE,uri=null,age=0}}}
04:06:35.666 [qtp961160488-21] DEBUG org.eclipse.jetty.io.FillInterest - interested FillInterest@6f31e41{AC.ReadCB@97a6b9{HttpConnection@97a6b9::SocketChannelEndPoint@49dc5580{l=/127.0.0.1:36153,r=/127.0.0.1:37684,OPEN,fill=FI,flush=-,to=0/3000}{io=0/0,kio=0,kro=0}->HttpConnection@97a6b9[p=HttpParser{s=START,0 of -1},g=HttpGenerator@556728db{s=START}]=>HttpChannelOverHttp@3cc843a7{s=HttpChannelState@1f5993cd{s=IDLE rs=BLOCKING os=OPEN is=IDLE awp=false se=false i=true al=0},r=0,c=false/false,a=IDLE,uri=null,age=0}}}
04:06:35.666 [qtp961160488-18] DEBUG org.eclipse.jetty.io.ChannelEndPoint - changeInterests p=false 0->1 for SocketChannelEndPoint@2f00bf00{l=/127.0.0.1:36153,r=/127.0.0.1:37680,OPEN,fill=FI,flush=-,to=0/3000}{io=0/1,kio=0,kro=1}->HttpConnection@1151d74a[p=HttpParser{s=START,0 of -1},g=HttpGenerator@46167ef2{s=START}]=>HttpChannelOverHttp@6a72f35e{s=HttpChannelState@44fe68be{s=IDLE rs=BLOCKING os=OPEN is=IDLE awp=false se=false i=true al=0},r=1,c=false/false,a=IDLE,uri=null,age=0}
04:06:35.666 [qtp961160488-21] DEBUG org.eclipse.jetty.io.ChannelEndPoint - changeInterests p=false 0->1 for SocketChannelEndPoint@49dc5580{l=/127.0.0.1:36153,r=/127.0.0.1:37684,OPEN,fill=FI,flush=-,to=0/3000}{io=0/1,kio=0,kro=0}->HttpConnection@97a6b9[p=HttpParser{s=START,0 of -1},g=HttpGenerator@556728db{s=START}]=>HttpChannelOverHttp@3cc843a7{s=HttpChannelState@1f5993cd{s=IDLE rs=BLOCKING os=OPEN is=IDLE awp=false se=false i=true al=0},r=0,c=false/false,a=IDLE,uri=null,age=0}
04:06:35.666 [qtp961160488-18] DEBUG org.eclipse.jetty.io.ManagedSelector - Queued change lazy=false org.eclipse.jetty.io.ChannelEndPoint$$Lambda$255/2121444922@6eee37e8 on ManagedSelector@1de5f259{STARTED} id=3 keys=1 selected=0 updates=0
04:06:35.666 [qtp961160488-21] DEBUG org.eclipse.jetty.io.ManagedSelector - Queued change lazy=false org.eclipse.jetty.io.ChannelEndPoint$$Lambda$255/2121444922@3becd248 on ManagedSelector@194bcebf{STARTED} id=0 keys=1 selected=0 updates=1
04:06:35.666 [qtp961160488-21] DEBUG org.eclipse.jetty.io.ManagedSelector - Wakeup on submit ManagedSelector@194bcebf{STARTED} id=0 keys=1 selected=0 updates=2
04:06:35.666 [qtp961160488-18] DEBUG org.eclipse.jetty.io.ManagedSelector - Wakeup on submit ManagedSelector@1de5f259{STARTED} id=3 keys=1 selected=0 updates=1
04:06:35.666 [qtp961160488-15] DEBUG org.eclipse.jetty.io.ManagedSelector - Selector sun.nio.ch.EPollSelectorImpl@7e96075f woken with none selected
04:06:35.666 [qtp961160488-15] DEBUG org.eclipse.jetty.io.ManagedSelector - Selector sun.nio.ch.EPollSelectorImpl@7e96075f woken up from select, 0/0/1 selected
04:06:35.666 [qtp961160488-21] DEBUG org.eclipse.jetty.io.ManagedSelector - Created SocketChannelEndPoint@49dc5580{l=/127.0.0.1:36153,r=/127.0.0.1:37684,OPEN,fill=FI,flush=-,to=0/3000}{io=0/1,kio=0,kro=0}->HttpConnection@97a6b9[p=HttpParser{s=START,0 of -1},g=HttpGenerator@556728db{s=START}]=>HttpChannelOverHttp@3cc843a7{s=HttpChannelState@1f5993cd{s=IDLE rs=BLOCKING os=OPEN is=IDLE awp=false se=false i=true al=0},r=0,c=false/false,a=IDLE,uri=null,age=0}
04:06:35.666 [qtp961160488-15] DEBUG org.eclipse.jetty.io.ManagedSelector - Selector sun.nio.ch.EPollSelectorImpl@7e96075f processing 0 keys, 2 updates
04:06:35.666 [qtp961160488-15] DEBUG org.eclipse.jetty.io.ManagedSelector - updateable 2
04:06:35.666 [qtp961160488-18] DEBUG org.eclipse.jetty.server.HttpConnection - HttpConnection@1151d74a::SocketChannelEndPoint@2f00bf00{l=/127.0.0.1:36153,r=/127.0.0.1:37680,OPEN,fill=FI,flush=-,to=0/3000}{io=0/1,kio=0,kro=1}->HttpConnection@1151d74a[p=HttpParser{s=START,0 of -1},g=HttpGenerator@46167ef2{s=START}]=>HttpChannelOverHttp@6a72f35e{s=HttpChannelState@44fe68be{s=IDLE rs=BLOCKING os=OPEN is=IDLE awp=false se=false i=true al=0},r=1,c=false/false,a=IDLE,uri=null,age=0} onFillable exit HttpChannelState@44fe68be{s=IDLE rs=BLOCKING os=OPEN is=IDLE awp=false se=false i=true al=0} null
04:06:35.666 [qtp961160488-15] DEBUG org.eclipse.jetty.io.ManagedSelector - update org.eclipse.jetty.io.ManagedSelector$$Lambda$258/2107212988@2bcc837e
04:06:35.666 [qtp961160488-21] DEBUG org.eclipse.jetty.util.thread.QueuedThreadPool - ran Accept@badc27e[java.nio.channels.SocketChannel[connected local=/127.0.0.1:36153 remote=/127.0.0.1:37684]] in QueuedThreadPool[qtp961160488]@394a2528{STARTED,8<=8<=200,i=0,r=-1,q=0}[ReservedThreadExecutor@383bfa16{reserved=1/8,pending=0}]
04:06:35.666 [qtp961160488-18] DEBUG org.eclipse.jetty.util.thread.QueuedThreadPool - ran org.eclipse.jetty.io.ManagedSelector$$Lambda$253/838473569@21282ed8 in QueuedThreadPool[qtp961160488]@394a2528{STARTED,8<=8<=200,i=0,r=-1,q=0}[ReservedThreadExecutor@383bfa16{reserved=1/8,pending=0}]
04:06:35.666 [qtp961160488-15] DEBUG org.eclipse.jetty.io.ManagedSelector - update org.eclipse.jetty.io.ChannelEndPoint$$Lambda$255/2121444922@3becd248
04:06:35.666 [qtp961160488-22] DEBUG org.eclipse.jetty.io.ManagedSelector - Selector sun.nio.ch.EPollSelectorImpl@4e695d32 woken with none selected
04:06:35.667 [qtp961160488-22] DEBUG org.eclipse.jetty.io.ManagedSelector - Selector sun.nio.ch.EPollSelectorImpl@4e695d32 woken up from select, 0/0/1 selected
04:06:35.667 [qtp961160488-22] DEBUG org.eclipse.jetty.io.ManagedSelector - Selector sun.nio.ch.EPollSelectorImpl@4e695d32 processing 0 keys, 1 updates
04:06:35.667 [qtp961160488-15] DEBUG org.eclipse.jetty.io.ChannelEndPoint - Key interests updated 0 -> 1 on SocketChannelEndPoint@49dc5580{l=/127.0.0.1:36153,r=/127.0.0.1:37684,OPEN,fill=FI,flush=-,to=0/3000}{io=1/1,kio=1,kro=0}->HttpConnection@97a6b9[p=HttpParser{s=START,0 of -1},g=HttpGenerator@556728db{s=START}]=>HttpChannelOverHttp@3cc843a7{s=HttpChannelState@1f5993cd{s=IDLE rs=BLOCKING os=OPEN is=IDLE awp=false se=false i=true al=0},r=0,c=false/false,a=IDLE,uri=null,age=0}
04:06:35.667 [qtp961160488-22] DEBUG org.eclipse.jetty.io.ManagedSelector - updateable 1
04:06:35.667 [qtp961160488-15] DEBUG org.eclipse.jetty.io.ManagedSelector - updates 0
04:06:35.667 [qtp961160488-22] DEBUG org.eclipse.jetty.io.ManagedSelector - update org.eclipse.jetty.io.ChannelEndPoint$$Lambda$255/2121444922@6eee37e8
04:06:35.667 [qtp961160488-15] DEBUG org.eclipse.jetty.io.ManagedSelector - Selector sun.nio.ch.EPollSelectorImpl@7e96075f waiting with 1 keys
04:06:35.667 [qtp961160488-15] DEBUG org.eclipse.jetty.io.ManagedSelector - Selector sun.nio.ch.EPollSelectorImpl@7e96075f woken up from select, 1/1/1 selected
04:06:35.667 [qtp961160488-22] DEBUG org.eclipse.jetty.io.ChannelEndPoint - Key interests updated 0 -> 1 on SocketChannelEndPoint@2f00bf00{l=/127.0.0.1:36153,r=/127.0.0.1:37680,OPEN,fill=FI,flush=-,to=1/3000}{io=1/1,kio=1,kro=1}->HttpConnection@1151d74a[p=HttpParser{s=START,0 of -1},g=HttpGenerator@46167ef2{s=START}]=>HttpChannelOverHttp@6a72f35e{s=HttpChannelState@44fe68be{s=IDLE rs=BLOCKING os=OPEN is=IDLE awp=false se=false i=true al=0},r=1,c=false/false,a=IDLE,uri=null,age=0}
04:06:35.667 [qtp961160488-15] DEBUG org.eclipse.jetty.io.ManagedSelector - Selector sun.nio.ch.EPollSelectorImpl@7e96075f processing 1 keys, 0 updates
04:06:35.667 [qtp961160488-22] DEBUG org.eclipse.jetty.io.ManagedSelector - updates 0
04:06:35.667 [qtp961160488-22] DEBUG org.eclipse.jetty.io.ManagedSelector - Selector sun.nio.ch.EPollSelectorImpl@4e695d32 waiting with 1 keys
04:06:35.667 [qtp961160488-15] DEBUG org.eclipse.jetty.io.ManagedSelector - selected 1 sun.nio.ch.SelectionKeyImpl@535c2dcd SocketChannelEndPoint@49dc5580{l=/127.0.0.1:36153,r=/127.0.0.1:37684,OPEN,fill=FI,flush=-,to=1/3000}{io=1/1,kio=1,kro=1}->HttpConnection@97a6b9[p=HttpParser{s=START,0 of -1},g=HttpGenerator@556728db{s=START}]=>HttpChannelOverHttp@3cc843a7{s=HttpChannelState@1f5993cd{s=IDLE rs=BLOCKING os=OPEN is=IDLE awp=false se=false i=true al=0},r=0,c=false/false,a=IDLE,uri=null,age=0} 
04:06:35.667 [qtp961160488-15] DEBUG org.eclipse.jetty.io.ChannelEndPoint - onSelected 1->0 r=true w=false for SocketChannelEndPoint@49dc5580{l=/127.0.0.1:36153,r=/127.0.0.1:37684,OPEN,fill=FI,flush=-,to=1/3000}{io=1/0,kio=1,kro=1}->HttpConnection@97a6b9[p=HttpParser{s=START,0 of -1},g=HttpGenerator@556728db{s=START}]=>HttpChannelOverHttp@3cc843a7{s=HttpChannelState@1f5993cd{s=IDLE rs=BLOCKING os=OPEN is=IDLE awp=false se=false i=true al=0},r=0,c=false/false,a=IDLE,uri=null,age=0}
04:06:35.667 [qtp961160488-15] DEBUG org.eclipse.jetty.io.ChannelEndPoint - task CEP:SocketChannelEndPoint@49dc5580{l=/127.0.0.1:36153,r=/127.0.0.1:37684,OPEN,fill=FI,flush=-,to=1/3000}{io=1/0,kio=1,kro=1}->HttpConnection@97a6b9[p=HttpParser{s=START,0 of -1},g=HttpGenerator@556728db{s=START}]=>HttpChannelOverHttp@3cc843a7{s=HttpChannelState@1f5993cd{s=IDLE rs=BLOCKING os=OPEN is=IDLE awp=false se=false i=true al=0},r=0,c=false/false,a=IDLE,uri=null,age=0}:runFillable:BLOCKING
04:06:35.667 [qtp961160488-15] DEBUG org.eclipse.jetty.util.thread.ReservedThreadExecutor - ReservedThreadExecutor@383bfa16{reserved=1/8,pending=0} tryExecute EatWhatYouKill@25fb8912/SelectorProducer@d5b810e/PRODUCING/p=false/QueuedThreadPool[qtp961160488]@394a2528{STARTED,8<=8<=200,i=2,r=-1,q=0}[ReservedThreadExecutor@383bfa16{reserved=1/8,pending=0}][pc=0,pic=0,pec=0,epc=0]@2024-05-02T04:06:35.667+01:00
04:06:35.668 [qtp961160488-15] DEBUG org.eclipse.jetty.util.thread.ReservedThreadExecutor - ReservedThreadExecutor@383bfa16{reserved=0/8,pending=1} startReservedThread p=1
04:06:35.668 [qtp961160488-15] DEBUG org.eclipse.jetty.util.thread.QueuedThreadPool - queue ReservedThread@7a02d6fd{PENDING,thread=null} startThread=0
04:06:35.668 [qtp961160488-21] DEBUG org.eclipse.jetty.util.thread.QueuedThreadPool - run ReservedThread@7a02d6fd{PENDING,thread=null} in QueuedThreadPool[qtp961160488]@394a2528{STARTED,8<=8<=200,i=1,r=-1,q=0}[ReservedThreadExecutor@383bfa16{reserved=0/8,pending=1}]
04:06:35.668 [qtp961160488-21] DEBUG org.eclipse.jetty.util.thread.ReservedThreadExecutor - ReservedThread@7a02d6fd{PENDING,thread=Thread[qtp961160488-21,5,main]} was=PENDING next=RESERVED size=0+1 capacity=8
04:06:35.668 [qtp961160488-21] DEBUG org.eclipse.jetty.util.thread.ReservedThreadExecutor - ReservedThread@7a02d6fd{RESERVED,thread=Thread[qtp961160488-21,5,main]} waiting ReservedThreadExecutor@383bfa16{reserved=1/8,pending=0}
04:06:35.668 [qtp961160488-17] DEBUG org.eclipse.jetty.util.thread.ReservedThreadExecutor - ReservedThread@44913642{RESERVED,thread=Thread[qtp961160488-17,5,main]} task=EatWhatYouKill@25fb8912/SelectorProducer@d5b810e/IDLE/p=true/QueuedThreadPool[qtp961160488]@394a2528{STARTED,8<=8<=200,i=1,r=-1,q=0}[ReservedThreadExecutor@383bfa16{reserved=1/8,pending=0}][pc=0,pic=0,pec=0,epc=0]@2024-05-02T04:06:35.668+01:00 ReservedThreadExecutor@383bfa16{reserved=1/8,pending=0}
04:06:35.668 [qtp961160488-15] DEBUG org.eclipse.jetty.util.thread.strategy.EatWhatYouKill - EatWhatYouKill@25fb8912/SelectorProducer@d5b810e/IDLE/p=true/QueuedThreadPool[qtp961160488]@394a2528{STARTED,8<=8<=200,i=1,r=-1,q=0}[ReservedThreadExecutor@383bfa16{reserved=0/8,pending=1}][pc=0,pic=0,pec=0,epc=0]@2024-05-02T04:06:35.668+01:00 m=EXECUTE_PRODUCE_CONSUME t=CEP:SocketChannelEndPoint@49dc5580{l=/127.0.0.1:36153,r=/127.0.0.1:37684,OPEN,fill=FI,flush=-,to=2/3000}{io=1/0,kio=1,kro=1}->HttpConnection@97a6b9[p=HttpParser{s=START,0 of -1},g=HttpGenerator@556728db{s=START}]=>HttpChannelOverHttp@3cc843a7{s=HttpChannelState@1f5993cd{s=IDLE rs=BLOCKING os=OPEN is=IDLE awp=false se=false i=true al=0},r=0,c=false/false,a=IDLE,uri=null,age=0}:runFillable:BLOCKING/BLOCKING
04:06:35.668 [qtp961160488-17] DEBUG org.eclipse.jetty.util.thread.strategy.EatWhatYouKill - EatWhatYouKill@25fb8912/SelectorProducer@d5b810e/IDLE/p=true/QueuedThreadPool[qtp961160488]@394a2528{STARTED,8<=8<=200,i=1,r=-1,q=0}[ReservedThreadExecutor@383bfa16{reserved=1/8,pending=0}][pc=0,pic=0,pec=0,epc=0]@2024-05-02T04:06:35.668+01:00 tryProduce true
04:06:35.668 [qtp961160488-17] DEBUG org.eclipse.jetty.io.ManagedSelector - updateable 0
04:06:35.668 [qtp961160488-17] DEBUG org.eclipse.jetty.io.ManagedSelector - updates 0
04:06:35.668 [qtp961160488-15] DEBUG org.eclipse.jetty.io.FillInterest - fillable FillInterest@6f31e41{AC.ReadCB@97a6b9{HttpConnection@97a6b9::SocketChannelEndPoint@49dc5580{l=/127.0.0.1:36153,r=/127.0.0.1:37684,OPEN,fill=FI,flush=-,to=2/3000}{io=1/0,kio=1,kro=1}->HttpConnection@97a6b9[p=HttpParser{s=START,0 of -1},g=HttpGenerator@556728db{s=START}]=>HttpChannelOverHttp@3cc843a7{s=HttpChannelState@1f5993cd{s=IDLE rs=BLOCKING os=OPEN is=IDLE awp=false se=false i=true al=0},r=0,c=false/false,a=IDLE,uri=null,age=0}}}
04:06:35.668 [qtp961160488-17] DEBUG org.eclipse.jetty.io.ChannelEndPoint - Key interests updated 1 -> 0 on SocketChannelEndPoint@49dc5580{l=/127.0.0.1:36153,r=/127.0.0.1:37684,OPEN,fill=FI,flush=-,to=2/3000}{io=0/0,kio=0,kro=1}->HttpConnection@97a6b9[p=HttpParser{s=START,0 of -1},g=HttpGenerator@556728db{s=START}]=>HttpChannelOverHttp@3cc843a7{s=HttpChannelState@1f5993cd{s=IDLE rs=BLOCKING os=OPEN is=IDLE awp=false se=false i=true al=0},r=0,c=false/false,a=IDLE,uri=null,age=0}
04:06:35.668 [qtp961160488-17] DEBUG org.eclipse.jetty.io.ManagedSelector - Selector sun.nio.ch.EPollSelectorImpl@7e96075f waiting with 1 keys
04:06:35.668 [qtp961160488-15] DEBUG org.eclipse.jetty.server.HttpConnection - HttpConnection@97a6b9::SocketChannelEndPoint@49dc5580{l=/127.0.0.1:36153,r=/127.0.0.1:37684,OPEN,fill=-,flush=-,to=2/3000}{io=0/0,kio=0,kro=1}->HttpConnection@97a6b9[p=HttpParser{s=START,0 of -1},g=HttpGenerator@556728db{s=START}]=>HttpChannelOverHttp@3cc843a7{s=HttpChannelState@1f5993cd{s=IDLE rs=BLOCKING os=OPEN is=IDLE awp=false se=false i=true al=0},r=0,c=false/false,a=IDLE,uri=null,age=0} onFillable enter HttpChannelState@1f5993cd{s=IDLE rs=BLOCKING os=OPEN is=IDLE awp=false se=false i=true al=0} null
04:06:35.668 [qtp961160488-15] DEBUG org.eclipse.jetty.io.ChannelEndPoint - filled 142 HeapByteBuffer@3e2e5006[p=0,l=142,c=8192,r=142]={<<<GET /config.yml HTTP/1.1\r...gent: okhttp/3.12.3\r\n\r\n>>>(9.4.44.v...\x00\x00\x00\x00\x00\x00\x00}
04:06:35.669 [qtp961160488-15] DEBUG org.eclipse.jetty.server.HttpConnection - HttpConnection@97a6b9::SocketChannelEndPoint@49dc5580{l=/127.0.0.1:36153,r=/127.0.0.1:37684,OPEN,fill=-,flush=-,to=0/3000}{io=0/0,kio=0,kro=1}->HttpConnection@97a6b9[p=HttpParser{s=START,0 of -1},g=HttpGenerator@556728db{s=START}]=>HttpChannelOverHttp@3cc843a7{s=HttpChannelState@1f5993cd{s=IDLE rs=BLOCKING os=OPEN is=IDLE awp=false se=false i=true al=0},r=0,c=false/false,a=IDLE,uri=null,age=0} filled 142 HeapByteBuffer@3e2e5006[p=0,l=142,c=8192,r=142]={<<<GET /config.yml HTTP/1.1\r...gent: okhttp/3.12.3\r\n\r\n>>>(9.4.44.v...\x00\x00\x00\x00\x00\x00\x00}
04:06:35.669 [qtp961160488-15] DEBUG org.eclipse.jetty.server.HttpConnection - HttpConnection@97a6b9::SocketChannelEndPoint@49dc5580{l=/127.0.0.1:36153,r=/127.0.0.1:37684,OPEN,fill=-,flush=-,to=0/3000}{io=0/0,kio=0,kro=1}->HttpConnection@97a6b9[p=HttpParser{s=START,0 of -1},g=HttpGenerator@556728db{s=START}]=>HttpChannelOverHttp@3cc843a7{s=HttpChannelState@1f5993cd{s=IDLE rs=BLOCKING os=OPEN is=IDLE awp=false se=false i=true al=0},r=0,c=false/false,a=IDLE,uri=null,age=0} parse HeapByteBuffer@3e2e5006[p=0,l=142,c=8192,r=142]={<<<GET /config.yml HTTP/1.1\r...gent: okhttp/3.12.3\r\n\r\n>>>(9.4.44.v...\x00\x00\x00\x00\x00\x00\x00} {}
04:06:35.669 [qtp961160488-15] DEBUG org.eclipse.jetty.http.HttpParser - parseNext s=START HeapByteBuffer@3e2e5006[p=0,l=142,c=8192,r=142]={<<<GET /config.yml HTTP/1.1\r...gent: okhttp/3.12.3\r\n\r\n>>>(9.4.44.v...\x00\x00\x00\x00\x00\x00\x00}
04:06:35.669 [qtp961160488-15] DEBUG org.eclipse.jetty.http.HttpParser - START --> SPACE1
04:06:35.669 [qtp961160488-15] DEBUG org.eclipse.jetty.http.HttpParser - SPACE1 --> URI
04:06:35.669 [qtp961160488-15] DEBUG org.eclipse.jetty.http.HttpParser - URI --> SPACE2
04:06:35.669 [qtp961160488-15] DEBUG org.eclipse.jetty.http.HttpParser - SPACE2 --> REQUEST_VERSION
04:06:35.669 [qtp961160488-15] DEBUG org.eclipse.jetty.http.HttpParser - REQUEST_VERSION --> HEADER
04:06:35.669 [qtp961160488-15] DEBUG org.eclipse.jetty.http.HttpParser - HEADER:If-None-Match --> VALUE
04:06:35.669 [qtp961160488-15] DEBUG org.eclipse.jetty.http.HttpParser - HEADER:If-None-Match --> FIELD
04:06:35.669 [qtp961160488-15] DEBUG org.eclipse.jetty.http.HttpParser - HEADER:Host --> VALUE
04:06:35.669 [qtp961160488-15] DEBUG org.eclipse.jetty.http.HttpParser - HEADER:Host --> IN_VALUE
04:06:35.669 [qtp961160488-15] DEBUG org.eclipse.jetty.http.HttpParser - HEADER:Host --> FIELD
04:06:35.669 [qtp961160488-15] DEBUG org.eclipse.jetty.http.HttpParser - HEADER:Connection: keep-alive --> IN_VALUE
04:06:35.669 [qtp961160488-15] DEBUG org.eclipse.jetty.http.HttpParser - HEADER:Connection: keep-alive --> FIELD
04:06:35.669 [qtp961160488-15] DEBUG org.eclipse.jetty.http.HttpParser - HEADER:Accept-Encoding: gzip --> IN_VALUE
04:06:35.669 [qtp961160488-15] DEBUG org.eclipse.jetty.http.HttpParser - HEADER:Accept-Encoding: gzip --> FIELD
04:06:35.669 [qtp961160488-15] DEBUG org.eclipse.jetty.http.HttpParser - HEADER:User-Agent --> VALUE
04:06:35.669 [qtp961160488-15] DEBUG org.eclipse.jetty.http.HttpParser - HEADER:User-Agent --> IN_VALUE
04:06:35.669 [qtp961160488-15] DEBUG org.eclipse.jetty.http.HttpParser - HEADER:User-Agent --> FIELD
04:06:35.669 [qtp961160488-15] DEBUG org.eclipse.jetty.http.HttpParser - HEADER --> CONTENT
04:06:35.669 [qtp961160488-15] DEBUG org.eclipse.jetty.server.HttpChannel - REQUEST for //localhost:36153/config.yml on HttpChannelOverHttp@3cc843a7{s=HttpChannelState@1f5993cd{s=IDLE rs=BLOCKING os=OPEN is=IDLE awp=false se=false i=true al=0},r=1,c=false/false,a=IDLE,uri=//localhost:36153/config.yml,age=0}
GET //localhost:36153/config.yml HTTP/1.1
If-None-Match: 
Host: localhost:36153
Connection: keep-alive
Accept-Encoding: gzip
User-Agent: okhttp/3.12.3


04:06:35.670 [qtp961160488-15] DEBUG org.eclipse.jetty.server.HttpConnection - HttpConnection@97a6b9::SocketChannelEndPoint@49dc5580{l=/127.0.0.1:36153,r=/127.0.0.1:37684,OPEN,fill=-,flush=-,to=1/3000}{io=0/0,kio=0,kro=1}->HttpConnection@97a6b9[p=HttpParser{s=CONTENT,0 of -1},g=HttpGenerator@556728db{s=START}]=>HttpChannelOverHttp@3cc843a7{s=HttpChannelState@1f5993cd{s=IDLE rs=BLOCKING os=OPEN is=IDLE awp=false se=false i=true al=0},r=1,c=false/false,a=IDLE,uri=//localhost:36153/config.yml,age=1} parsed true HttpParser{s=CONTENT,0 of -1}
04:06:35.670 [qtp961160488-15] DEBUG org.eclipse.jetty.server.HttpConnection - releaseRequestBuffer HttpConnection@97a6b9::SocketChannelEndPoint@49dc5580{l=/127.0.0.1:36153,r=/127.0.0.1:37684,OPEN,fill=-,flush=-,to=1/3000}{io=0/0,kio=0,kro=1}->HttpConnection@97a6b9[p=HttpParser{s=CONTENT,0 of -1},g=HttpGenerator@556728db{s=START}]=>HttpChannelOverHttp@3cc843a7{s=HttpChannelState@1f5993cd{s=IDLE rs=BLOCKING os=OPEN is=IDLE awp=false se=false i=true al=0},r=1,c=false/false,a=IDLE,uri=//localhost:36153/config.yml,age=1}
04:06:35.670 [qtp961160488-15] DEBUG org.eclipse.jetty.server.HttpChannel - handle //localhost:36153/config.yml HttpChannelOverHttp@3cc843a7{s=HttpChannelState@1f5993cd{s=IDLE rs=BLOCKING os=OPEN is=IDLE awp=false se=false i=true al=0},r=1,c=false/false,a=IDLE,uri=//localhost:36153/config.yml,age=1} 
04:06:35.670 [qtp961160488-15] DEBUG org.eclipse.jetty.server.HttpChannelState - handling HttpChannelState@1f5993cd{s=IDLE rs=BLOCKING os=OPEN is=IDLE awp=false se=false i=true al=0}
04:06:35.670 [qtp961160488-15] DEBUG org.eclipse.jetty.server.HttpChannel - action DISPATCH HttpChannelOverHttp@3cc843a7{s=HttpChannelState@1f5993cd{s=HANDLING rs=BLOCKING os=OPEN is=IDLE awp=false se=false i=true al=0},r=1,c=false/false,a=HANDLING,uri=//localhost:36153/config.yml,age=1}
04:06:35.670 [qtp961160488-15] DEBUG org.eclipse.jetty.server.Server - REQUEST GET /config.yml on HttpChannelOverHttp@3cc843a7{s=HttpChannelState@1f5993cd{s=HANDLING rs=BLOCKING os=OPEN is=IDLE awp=false se=false i=true al=0},r=1,c=false/false,a=HANDLING,uri=//localhost:36153/config.yml,age=1}
04:06:35.670 [qtp961160488-15] DEBUG org.eclipse.jetty.server.HttpOutput - write(array HeapByteBuffer@2bf02fdc[p=0,l=4,c=512,r=4]={<<<path>>>\x00\x00\x00\x00\x00\x00\x00\x00\x00...\x00\x00\x00\x00\x00\x00\x00})
04:06:35.670 [qtp961160488-15] DEBUG org.eclipse.jetty.server.HttpOutput - write(array) s=CLOSING,api=BLOCKED,sc=false,e=null last=true agg=false flush=true async=false, len=4 null
04:06:35.670 [qtp961160488-15] DEBUG org.eclipse.jetty.server.HttpChannel - sendResponse info=null content=HeapByteBuffer@65926902[p=0,l=4,c=512,r=4]={<<<path>>>\x00\x00\x00\x00\x00\x00\x00\x00\x00...\x00\x00\x00\x00\x00\x00\x00} complete=true committing=true callback=Blocker@57121238{null}
04:06:35.670 [qtp961160488-15] DEBUG org.eclipse.jetty.server.HttpChannel - COMMIT for /config.yml on HttpChannelOverHttp@3cc843a7{s=HttpChannelState@1f5993cd{s=HANDLING rs=BLOCKING os=COMMITTED is=IDLE awp=false se=false i=true al=0},r=1,c=false/false,a=HANDLING,uri=//localhost:36153/config.yml,age=1}
200 null HTTP/1.1
Date: Thu, 02 May 2024 03:06:35 GMT
ETag: testEtag
Content-Type: text/plain;charset=utf-8
Content-Length: 4


04:06:35.670 [qtp961160488-15] DEBUG org.eclipse.jetty.server.HttpConnection - generate: NEED_HEADER for SendCallback@3b4b8319[PROCESSING][i=HTTP/1.1{s=200,h=4,cl=4},cb=org.eclipse.jetty.server.HttpChannel$SendCallback@11efc563] (null,[p=0,l=4,c=512,r=4],true)@START
04:06:35.670 [qtp961160488-15] DEBUG org.eclipse.jetty.http.HttpGenerator - generateHeaders HTTP/1.1{s=200,h=4,cl=4} last=true content=HeapByteBuffer@65926902[p=0,l=4,c=512,r=4]={<<<path>>>\x00\x00\x00\x00\x00\x00\x00\x00\x00...\x00\x00\x00\x00\x00\x00\x00}
04:06:35.670 [qtp961160488-15] DEBUG org.eclipse.jetty.http.HttpGenerator - Date: Thu, 02 May 2024 03:06:35 GMT
ETag: testEtag
Content-Type: text/plain;charset=utf-8
Content-Length: 4


04:06:35.671 [qtp961160488-15] DEBUG org.eclipse.jetty.http.HttpGenerator - CONTENT_LENGTH
04:06:35.671 [qtp961160488-15] DEBUG org.eclipse.jetty.server.HttpConnection - generate: FLUSH for SendCallback@3b4b8319[PROCESSING][i=HTTP/1.1{s=200,h=4,cl=4},cb=org.eclipse.jetty.server.HttpChannel$SendCallback@11efc563] ([p=0,l=164,c=8192,r=164],[p=0,l=4,c=512,r=4],true)@COMPLETING
04:06:35.671 [qtp961160488-15] DEBUG org.eclipse.jetty.io.WriteFlusher - write: WriteFlusher@67c36425{IDLE}->null [HeapByteBuffer@3e2e5006[p=0,l=164,c=8192,r=164]={<<<HTTP/1.1 200 OK\r\nDate: Th...y(9.4.44.v20210927)\r\n\r\n>>>\x00\x00\x00\x00\x00\x00\x00\x00\x00...\x00\x00\x00\x00\x00\x00\x00},HeapByteBuffer@65926902[p=0,l=4,c=512,r=4]={<<<path>>>\x00\x00\x00\x00\x00\x00\x00\x00\x00...\x00\x00\x00\x00\x00\x00\x00}]
04:06:35.671 [qtp961160488-15] DEBUG org.eclipse.jetty.io.WriteFlusher - update WriteFlusher@67c36425{WRITING}->null:IDLE-->WRITING
04:06:35.671 [main] DEBUG org.apache.nifi.minifi.bootstrap.configuration.ingestors.PullHttpChangeIngestor - Response received: Response{protocol=http/1.1, code=200, message=OK, url=http://localhost:36153/config.yml}
04:06:35.671 [qtp961160488-15] DEBUG org.eclipse.jetty.io.ChannelEndPoint - flushed 168 SocketChannelEndPoint@49dc5580{l=/127.0.0.1:36153,r=/127.0.0.1:37684,OPEN,fill=-,flush=W,to=2/3000}{io=0/0,kio=0,kro=1}->HttpConnection@97a6b9[p=HttpParser{s=CONTENT,0 of -1},g=HttpGenerator@556728db{s=COMPLETING}]=>HttpChannelOverHttp@3cc843a7{s=HttpChannelState@1f5993cd{s=HANDLING rs=BLOCKING os=COMMITTED is=IDLE awp=false se=false i=true al=0},r=1,c=false/false,a=HANDLING,uri=//localhost:36153/config.yml,age=2}
04:06:35.671 [qtp961160488-15] DEBUG org.eclipse.jetty.io.WriteFlusher - Flushed=true written=168 remaining=0 WriteFlusher@67c36425{WRITING}->null
04:06:35.671 [qtp961160488-15] DEBUG org.eclipse.jetty.io.WriteFlusher - update WriteFlusher@67c36425{IDLE}->null:WRITING-->IDLE
04:06:35.671 [main] DEBUG org.apache.nifi.minifi.bootstrap.configuration.ingestors.PullHttpChangeIngestor - New change received, notifying listener
04:06:35.671 [qtp961160488-15] DEBUG org.eclipse.jetty.server.HttpConnection - generate: DONE for SendCallback@3b4b8319[PROCESSING][i=HTTP/1.1{s=200,h=4,cl=4},cb=org.eclipse.jetty.server.HttpChannel$SendCallback@11efc563] ([p=164,l=164,c=8192,r=0],[p=4,l=4,c=512,r=0],true)@END
04:06:35.671 [main] DEBUG org.apache.nifi.minifi.bootstrap.configuration.ingestors.PullHttpChangeIngestor - Listeners notified
04:06:35.671 [qtp961160488-15] DEBUG org.eclipse.jetty.server.HttpOutput - onWriteComplete(true,null) s=CLOSING,api=BLOCKED,sc=false,e=null->s=CLOSED,api=BLOCKING,sc=false,e=null c=null cb=null w=false
04:06:35.671 [main] DEBUG org.apache.nifi.minifi.bootstrap.configuration.ingestors.PullHttpChangeIngestor - Attempting to pull new config
04:06:35.671 [qtp961160488-15] DEBUG org.eclipse.jetty.server.HttpOutput - close() s=CLOSED,api=BLOCKING,sc=false,e=null c=null b=null
04:06:35.671 [qtp961160488-15] DEBUG org.eclipse.jetty.server.Server - handled=true async=false committed=true on HttpChannelOverHttp@3cc843a7{s=HttpChannelState@1f5993cd{s=HANDLING rs=BLOCKING os=COMPLETED is=IDLE awp=false se=false i=true al=0},r=1,c=false/true,a=HANDLING,uri=//localhost:36153/config.yml,age=2}
04:06:35.671 [qtp961160488-15] DEBUG org.eclipse.jetty.server.HttpChannelState - unhandle HttpChannelState@1f5993cd{s=HANDLING rs=BLOCKING os=COMPLETED is=IDLE awp=false se=false i=true al=0}
04:06:35.671 [qtp961160488-15] DEBUG org.eclipse.jetty.server.HttpChannelState - nextAction(false) COMPLETE HttpChannelState@1f5993cd{s=HANDLING rs=COMPLETING os=COMPLETED is=IDLE awp=false se=false i=false al=0}
04:06:35.672 [qtp961160488-15] DEBUG org.eclipse.jetty.server.HttpChannel - action COMPLETE HttpChannelOverHttp@3cc843a7{s=HttpChannelState@1f5993cd{s=HANDLING rs=COMPLETING os=COMPLETED is=IDLE awp=false se=false i=false al=0},r=1,c=false/true,a=HANDLING,uri=//localhost:36153/config.yml,age=3}
04:06:35.672 [qtp961160488-15] DEBUG org.eclipse.jetty.server.HttpOutput - complete(org.eclipse.jetty.util.Callback$3@20072937) s=CLOSED,api=BLOCKING,sc=false,e=null s=true e=null, c=null
04:06:35.672 [qtp961160488-15] DEBUG org.eclipse.jetty.server.HttpChannelState - completed HttpChannelState@1f5993cd{s=HANDLING rs=COMPLETING os=COMPLETED is=IDLE awp=false se=false i=false al=0}
04:06:35.672 [qtp961160488-15] DEBUG org.eclipse.jetty.server.HttpChannelState - unhandle HttpChannelState@1f5993cd{s=HANDLING rs=COMPLETED os=COMPLETED is=IDLE awp=false se=false i=false al=0}
04:06:35.672 [qtp961160488-15] DEBUG org.eclipse.jetty.server.HttpChannelState - nextAction(false) TERMINATED HttpChannelState@1f5993cd{s=IDLE rs=COMPLETED os=COMPLETED is=IDLE awp=false se=false i=false al=0}
04:06:35.672 [qtp961160488-15] DEBUG org.eclipse.jetty.server.HttpChannel - action TERMINATED HttpChannelOverHttp@3cc843a7{s=HttpChannelState@1f5993cd{s=IDLE rs=COMPLETED os=COMPLETED is=IDLE awp=false se=false i=false al=0},r=1,c=true/true,a=IDLE,uri=//localhost:36153/config.yml,age=3}
04:06:35.672 [qtp961160488-15] DEBUG org.eclipse.jetty.server.HttpChannel - onCompleted for /config.yml written=4
04:06:35.672 [qtp961160488-15] DEBUG org.eclipse.jetty.io.ChannelEndPoint - filled 152 HeapByteBuffer@3e2e5006[p=0,l=152,c=8192,r=152]={<<<GET /config.yml HTTP/1.1\r...gent: okhttp/3.12.3\r\n\r\n>>>0210927)\r...\x00\x00\x00\x00\x00\x00\x00}
04:06:35.672 [qtp961160488-15] DEBUG org.eclipse.jetty.server.HttpConnection - HttpConnection@97a6b9::SocketChannelEndPoint@49dc5580{l=/127.0.0.1:36153,r=/127.0.0.1:37684,OPEN,fill=-,flush=-,to=0/3000}{io=0/0,kio=0,kro=1}->HttpConnection@97a6b9[p=HttpParser{s=CONTENT,0 of -1},g=HttpGenerator@556728db{s=END}]=>HttpChannelOverHttp@3cc843a7{s=HttpChannelState@1f5993cd{s=IDLE rs=COMPLETED os=COMPLETED is=IDLE awp=false se=false i=false al=0},r=1,c=true/true,a=IDLE,uri=//localhost:36153/config.yml,age=3} filled 152 HeapByteBuffer@3e2e5006[p=0,l=152,c=8192,r=152]={<<<GET /config.yml HTTP/1.1\r...gent: okhttp/3.12.3\r\n\r\n>>>0210927)\r...\x00\x00\x00\x00\x00\x00\x00}
04:06:35.672 [qtp961160488-15] DEBUG org.eclipse.jetty.server.HttpConnection - HttpConnection@97a6b9::SocketChannelEndPoint@49dc5580{l=/127.0.0.1:36153,r=/127.0.0.1:37684,OPEN,fill=-,flush=-,to=0/3000}{io=0/0,kio=0,kro=1}->HttpConnection@97a6b9[p=HttpParser{s=CONTENT,0 of -1},g=HttpGenerator@556728db{s=END}]=>HttpChannelOverHttp@3cc843a7{s=HttpChannelState@1f5993cd{s=IDLE rs=COMPLETED os=COMPLETED is=IDLE awp=false se=false i=false al=0},r=1,c=true/true,a=IDLE,uri=//localhost:36153/config.yml,age=3} parse HeapByteBuffer@3e2e5006[p=0,l=152,c=8192,r=152]={<<<GET /config.yml HTTP/1.1\r...gent: okhttp/3.12.3\r\n\r\n>>>0210927)\r...\x00\x00\x00\x00\x00\x00\x00} {}
04:06:35.672 [qtp961160488-15] DEBUG org.eclipse.jetty.http.HttpParser - parseNext s=CONTENT HeapByteBuffer@3e2e5006[p=0,l=152,c=8192,r=152]={<<<GET /config.yml HTTP/1.1\r...gent: okhttp/3.12.3\r\n\r\n>>>0210927)\r...\x00\x00\x00\x00\x00\x00\x00}
04:06:35.673 [qtp961160488-15] DEBUG org.eclipse.jetty.http.HttpParser - CONTENT --> CONTENT_END
04:06:35.673 [qtp961160488-15] DEBUG org.eclipse.jetty.server.HttpChannel - onContentComplete HttpChannelOverHttp@3cc843a7{s=HttpChannelState@1f5993cd{s=IDLE rs=COMPLETED os=COMPLETED is=IDLE awp=false se=false i=false al=0},r=1,c=true/true,a=IDLE,uri=//localhost:36153/config.yml,age=4}
04:06:35.673 [qtp961160488-15] DEBUG org.eclipse.jetty.http.HttpParser - CONTENT_END --> END
04:06:35.673 [qtp961160488-15] DEBUG org.eclipse.jetty.server.HttpChannel - onRequestComplete HttpChannelOverHttp@3cc843a7{s=HttpChannelState@1f5993cd{s=IDLE rs=COMPLETED os=COMPLETED is=IDLE awp=false se=false i=false al=0},r=1,c=true/true,a=IDLE,uri=//localhost:36153/config.yml,age=4}
04:06:35.673 [qtp961160488-15] DEBUG org.eclipse.jetty.server.HttpInput - HttpInputOverHTTP@47332565[c=0,q=0,[0]=null,s=STREAM] addContent EOF
04:06:35.673 [qtp961160488-15] DEBUG org.eclipse.jetty.server.HttpConnection - HttpConnection@97a6b9::SocketChannelEndPoint@49dc5580{l=/127.0.0.1:36153,r=/127.0.0.1:37684,OPEN,fill=-,flush=-,to=0/3000}{io=0/0,kio=0,kro=1}->HttpConnection@97a6b9[p=HttpParser{s=END,0 of -1},g=HttpGenerator@556728db{s=END}]=>HttpChannelOverHttp@3cc843a7{s=HttpChannelState@1f5993cd{s=IDLE rs=COMPLETED os=COMPLETED is=IDLE awp=false se=false i=false al=0},r=1,c=true/true,a=IDLE,uri=//localhost:36153/config.yml,age=4} parsed false HttpParser{s=END,0 of -1}
04:06:35.673 [qtp961160488-15] DEBUG org.eclipse.jetty.server.HttpChannelState - recycle HttpChannelState@1f5993cd{s=IDLE rs=COMPLETED os=COMPLETED is=IDLE awp=false se=false i=false al=0}
04:06:35.673 [qtp961160488-15] DEBUG org.eclipse.jetty.http.HttpParser - reset HttpParser{s=END,0 of -1}
04:06:35.673 [qtp961160488-15] DEBUG org.eclipse.jetty.http.HttpParser - END --> START
04:06:35.673 [qtp961160488-15] DEBUG org.eclipse.jetty.server.HttpChannel - !handle TERMINATED HttpChannelOverHttp@3cc843a7{s=HttpChannelState@1f5993cd{s=IDLE rs=BLOCKING os=OPEN is=IDLE awp=false se=false i=true al=0},r=1,c=false/false,a=IDLE,uri=null,age=0}
04:06:35.673 [qtp961160488-15] DEBUG org.eclipse.jetty.server.HttpConnection - HttpConnection@97a6b9::SocketChannelEndPoint@49dc5580{l=/127.0.0.1:36153,r=/127.0.0.1:37684,OPEN,fill=-,flush=-,to=1/3000}{io=0/0,kio=0,kro=1}->HttpConnection@97a6b9[p=HttpParser{s=START,0 of -1},g=HttpGenerator@556728db{s=START}]=>HttpChannelOverHttp@3cc843a7{s=HttpChannelState@1f5993cd{s=IDLE rs=BLOCKING os=OPEN is=IDLE awp=false se=false i=true al=0},r=1,c=false/false,a=IDLE,uri=null,age=0} parse HeapByteBuffer@3e2e5006[p=0,l=152,c=8192,r=152]={<<<GET /config.yml HTTP/1.1\r...gent: okhttp/3.12.3\r\n\r\n>>>0210927)\r...\x00\x00\x00\x00\x00\x00\x00} {}
04:06:35.673 [qtp961160488-15] DEBUG org.eclipse.jetty.http.HttpParser - parseNext s=START HeapByteBuffer@3e2e5006[p=0,l=152,c=8192,r=152]={<<<GET /config.yml HTTP/1.1\r...gent: okhttp/3.12.3\r\n\r\n>>>0210927)\r...\x00\x00\x00\x00\x00\x00\x00}
04:06:35.673 [qtp961160488-15] DEBUG org.eclipse.jetty.http.HttpParser - START --> SPACE1
04:06:35.673 [qtp961160488-15] DEBUG org.eclipse.jetty.http.HttpParser - SPACE1 --> URI
04:06:35.673 [qtp961160488-15] DEBUG org.eclipse.jetty.http.HttpParser - URI --> SPACE2
04:06:35.673 [qtp961160488-15] DEBUG org.eclipse.jetty.http.HttpParser - SPACE2 --> REQUEST_VERSION
04:06:35.673 [qtp961160488-15] DEBUG org.eclipse.jetty.http.HttpParser - REQUEST_VERSION --> HEADER
04:06:35.673 [qtp961160488-15] DEBUG org.eclipse.jetty.http.HttpParser - HEADER:If-None-Match --> VALUE
04:06:35.673 [qtp961160488-15] DEBUG org.eclipse.jetty.http.HttpParser - HEADER:If-None-Match --> IN_VALUE
04:06:35.673 [qtp961160488-15] DEBUG org.eclipse.jetty.http.HttpParser - HEADER:If-None-Match --> FIELD
04:06:35.674 [qtp961160488-15] DEBUG org.eclipse.jetty.http.HttpParser - HEADER:Host: localhost:36153 --> IN_VALUE
04:06:35.674 [qtp961160488-15] DEBUG org.eclipse.jetty.http.HttpParser - HEADER:Host: localhost:36153 --> FIELD
04:06:35.674 [qtp961160488-15] DEBUG org.eclipse.jetty.http.HttpParser - HEADER:Connection: keep-alive --> IN_VALUE
04:06:35.674 [qtp961160488-15] DEBUG org.eclipse.jetty.http.HttpParser - HEADER:Connection: keep-alive --> FIELD
04:06:35.674 [qtp961160488-15] DEBUG org.eclipse.jetty.http.HttpParser - HEADER:Accept-Encoding: gzip --> IN_VALUE
04:06:35.674 [qtp961160488-15] DEBUG org.eclipse.jetty.http.HttpParser - HEADER:Accept-Encoding: gzip --> FIELD
04:06:35.674 [qtp961160488-15] DEBUG org.eclipse.jetty.http.HttpParser - HEADER:User-Agent: okhttp/3.12.3 --> IN_VALUE
04:06:35.674 [qtp961160488-15] DEBUG org.eclipse.jetty.http.HttpParser - HEADER:User-Agent: okhttp/3.12.3 --> FIELD
04:06:35.674 [qtp961160488-15] DEBUG org.eclipse.jetty.http.HttpParser - HEADER --> CONTENT
04:06:35.674 [qtp961160488-15] DEBUG org.eclipse.jetty.server.HttpChannel - REQUEST for //localhost:36153/config.yml on HttpChannelOverHttp@3cc843a7{s=HttpChannelState@1f5993cd{s=IDLE rs=BLOCKING os=OPEN is=IDLE awp=false se=false i=true al=0},r=2,c=false/false,a=IDLE,uri=//localhost:36153/config.yml,age=0}
GET //localhost:36153/config.yml HTTP/1.1
If-None-Match: "testEtag"
Host: localhost:36153
Connection: keep-alive
Accept-Encoding: gzip
User-Agent: okhttp/3.12.3


04:06:35.674 [qtp961160488-15] DEBUG org.eclipse.jetty.server.HttpConnection - HttpConnection@97a6b9::SocketChannelEndPoint@49dc5580{l=/127.0.0.1:36153,r=/127.0.0.1:37684,OPEN,fill=-,flush=-,to=1/3000}{io=0/0,kio=0,kro=1}->HttpConnection@97a6b9[p=HttpParser{s=CONTENT,0 of -1},g=HttpGenerator@556728db{s=START}]=>HttpChannelOverHttp@3cc843a7{s=HttpChannelState@1f5993cd{s=IDLE rs=BLOCKING os=OPEN is=IDLE awp=false se=false i=true al=0},r=2,c=false/false,a=IDLE,uri=//localhost:36153/config.yml,age=0} parsed true HttpParser{s=CONTENT,0 of -1}
04:06:35.674 [qtp961160488-15] DEBUG org.eclipse.jetty.server.HttpConnection - releaseRequestBuffer HttpConnection@97a6b9::SocketChannelEndPoint@49dc5580{l=/127.0.0.1:36153,r=/127.0.0.1:37684,OPEN,fill=-,flush=-,to=2/3000}{io=0/0,kio=0,kro=1}->HttpConnection@97a6b9[p=HttpParser{s=CONTENT,0 of -1},g=HttpGenerator@556728db{s=START}]=>HttpChannelOverHttp@3cc843a7{s=HttpChannelState@1f5993cd{s=IDLE rs=BLOCKING os=OPEN is=IDLE awp=false se=false i=true al=0},r=2,c=false/false,a=IDLE,uri=//localhost:36153/config.yml,age=0}
04:06:35.674 [qtp961160488-15] DEBUG org.eclipse.jetty.server.HttpChannel - handle //localhost:36153/config.yml HttpChannelOverHttp@3cc843a7{s=HttpChannelState@1f5993cd{s=IDLE rs=BLOCKING os=OPEN is=IDLE awp=false se=false i=true al=0},r=2,c=false/false,a=IDLE,uri=//localhost:36153/config.yml,age=0} 
04:06:35.674 [qtp961160488-15] DEBUG org.eclipse.jetty.server.HttpChannelState - handling HttpChannelState@1f5993cd{s=IDLE rs=BLOCKING os=OPEN is=IDLE awp=false se=false i=true al=0}
04:06:35.674 [qtp961160488-15] DEBUG org.eclipse.jetty.server.HttpChannel - action DISPATCH HttpChannelOverHttp@3cc843a7{s=HttpChannelState@1f5993cd{s=HANDLING rs=BLOCKING os=OPEN is=IDLE awp=false se=false i=true al=0},r=2,c=false/false,a=HANDLING,uri=//localhost:36153/config.yml,age=0}
04:06:35.674 [qtp961160488-15] DEBUG org.eclipse.jetty.server.Server - REQUEST GET /config.yml on HttpChannelOverHttp@3cc843a7{s=HttpChannelState@1f5993cd{s=HANDLING rs=BLOCKING os=OPEN is=IDLE awp=false se=false i=true al=0},r=2,c=false/false,a=HANDLING,uri=//localhost:36153/config.yml,age=0}
04:06:35.674 [qtp961160488-15] DEBUG org.eclipse.jetty.server.Server - handled=true async=false committed=false on HttpChannelOverHttp@3cc843a7{s=HttpChannelState@1f5993cd{s=HANDLING rs=BLOCKING os=OPEN is=IDLE awp=false se=false i=true al=0},r=2,c=false/false,a=HANDLING,uri=//localhost:36153/config.yml,age=0}
04:06:35.674 [qtp961160488-15] DEBUG org.eclipse.jetty.server.HttpChannelState - unhandle HttpChannelState@1f5993cd{s=HANDLING rs=BLOCKING os=OPEN is=IDLE awp=false se=false i=true al=0}
04:06:35.675 [qtp961160488-15] DEBUG org.eclipse.jetty.server.HttpChannelState - nextAction(false) COMPLETE HttpChannelState@1f5993cd{s=HANDLING rs=COMPLETING os=OPEN is=IDLE awp=false se=false i=false al=0}
04:06:35.675 [qtp961160488-15] DEBUG org.eclipse.jetty.server.HttpChannel - action COMPLETE HttpChannelOverHttp@3cc843a7{s=HttpChannelState@1f5993cd{s=HANDLING rs=COMPLETING os=OPEN is=IDLE awp=false se=false i=false al=0},r=2,c=false/false,a=HANDLING,uri=//localhost:36153/config.yml,age=1}
04:06:35.675 [qtp961160488-15] DEBUG org.eclipse.jetty.io.ChannelEndPoint - filled 0 HeapByteBuffer@3e2e5006[p=0,l=0,c=8192,r=0]={<<<>>>GET /conf...\x00\x00\x00\x00\x00\x00\x00}
04:06:35.675 [qtp961160488-15] DEBUG org.eclipse.jetty.io.ChannelEndPoint - filled 0 HeapByteBuffer@3e2e5006[p=0,l=0,c=8192,r=0]={<<<>>>GET /conf...\x00\x00\x00\x00\x00\x00\x00}
04:06:35.675 [qtp961160488-15] DEBUG org.eclipse.jetty.server.HttpConnection - HttpConnection@97a6b9::SocketChannelEndPoint@49dc5580{l=/127.0.0.1:36153,r=/127.0.0.1:37684,OPEN,fill=-,flush=-,to=2/3000}{io=0/0,kio=0,kro=1}->HttpConnection@97a6b9[p=HttpParser{s=CONTENT,0 of -1},g=HttpGenerator@556728db{s=START}]=>HttpChannelOverHttp@3cc843a7{s=HttpChannelState@1f5993cd{s=HANDLING rs=COMPLETING os=OPEN is=IDLE awp=false se=false i=false al=0},r=2,c=false/false,a=HANDLING,uri=//localhost:36153/config.yml,age=1} filled 0 HeapByteBuffer@3e2e5006[p=0,l=0,c=8192,r=0]={<<<>>>GET /conf...\x00\x00\x00\x00\x00\x00\x00}
04:06:35.675 [qtp961160488-15] DEBUG org.eclipse.jetty.server.HttpConnection - HttpConnection@97a6b9::SocketChannelEndPoint@49dc5580{l=/127.0.0.1:36153,r=/127.0.0.1:37684,OPEN,fill=-,flush=-,to=3/3000}{io=0/0,kio=0,kro=1}->HttpConnection@97a6b9[p=HttpParser{s=CONTENT,0 of -1},g=HttpGenerator@556728db{s=START}]=>HttpChannelOverHttp@3cc843a7{s=HttpChannelState@1f5993cd{s=HANDLING rs=COMPLETING os=OPEN is=IDLE awp=false se=false i=false al=0},r=2,c=false/false,a=HANDLING,uri=//localhost:36153/config.yml,age=1} parse HeapByteBuffer@3e2e5006[p=0,l=0,c=8192,r=0]={<<<>>>GET /conf...\x00\x00\x00\x00\x00\x00\x00} {}
04:06:35.675 [qtp961160488-15] DEBUG org.eclipse.jetty.http.HttpParser - parseNext s=CONTENT HeapByteBuffer@3e2e5006[p=0,l=0,c=8192,r=0]={<<<>>>GET /conf...\x00\x00\x00\x00\x00\x00\x00}
04:06:35.675 [qtp961160488-15] DEBUG org.eclipse.jetty.http.HttpParser - CONTENT --> CONTENT_END
04:06:35.675 [qtp961160488-15] DEBUG org.eclipse.jetty.server.HttpChannel - onContentComplete HttpChannelOverHttp@3cc843a7{s=HttpChannelState@1f5993cd{s=HANDLING rs=COMPLETING os=OPEN is=IDLE awp=false se=false i=false al=0},r=2,c=false/false,a=HANDLING,uri=//localhost:36153/config.yml,age=1}
04:06:35.675 [qtp961160488-15] DEBUG org.eclipse.jetty.http.HttpParser - CONTENT_END --> END
04:06:35.675 [qtp961160488-15] DEBUG org.eclipse.jetty.server.HttpChannel - onRequestComplete HttpChannelOverHttp@3cc843a7{s=HttpChannelState@1f5993cd{s=HANDLING rs=COMPLETING os=OPEN is=IDLE awp=false se=false i=false al=0},r=2,c=false/false,a=HANDLING,uri=//localhost:36153/config.yml,age=1}
04:06:35.675 [qtp961160488-15] DEBUG org.eclipse.jetty.server.HttpInput - HttpInputOverHTTP@47332565[c=0,q=0,[0]=null,s=STREAM] addContent EOF
04:06:35.675 [qtp961160488-15] DEBUG org.eclipse.jetty.server.HttpConnection - HttpConnection@97a6b9::SocketChannelEndPoint@49dc5580{l=/127.0.0.1:36153,r=/127.0.0.1:37684,OPEN,fill=-,flush=-,to=3/3000}{io=0/0,kio=0,kro=1}->HttpConnection@97a6b9[p=HttpParser{s=END,0 of -1},g=HttpGenerator@556728db{s=START}]=>HttpChannelOverHttp@3cc843a7{s=HttpChannelState@1f5993cd{s=HANDLING rs=COMPLETING os=OPEN is=IDLE awp=false se=false i=false al=0},r=2,c=false/false,a=HANDLING,uri=//localhost:36153/config.yml,age=1} parsed false HttpParser{s=END,0 of -1}
04:06:35.675 [qtp961160488-15] DEBUG org.eclipse.jetty.server.HttpConnection - releaseRequestBuffer HttpConnection@97a6b9::SocketChannelEndPoint@49dc5580{l=/127.0.0.1:36153,r=/127.0.0.1:37684,OPEN,fill=-,flush=-,to=3/3000}{io=0/0,kio=0,kro=1}->HttpConnection@97a6b9[p=HttpParser{s=END,0 of -1},g=HttpGenerator@556728db{s=START}]=>HttpChannelOverHttp@3cc843a7{s=HttpChannelState@1f5993cd{s=HANDLING rs=COMPLETING os=OPEN is=IDLE awp=false se=false i=false al=0},r=2,c=false/false,a=HANDLING,uri=//localhost:36153/config.yml,age=1}
04:06:35.676 [qtp961160488-15] DEBUG org.eclipse.jetty.server.HttpOutput - complete(org.eclipse.jetty.util.Callback$3@2898243d) s=CLOSING,api=BLOCKED,sc=false,e=null s=false e=null, c=HeapByteBuffer@38928dbe[p=0,l=0,c=0,r=0]={<<<>>>}
04:06:35.676 [qtp961160488-15] DEBUG org.eclipse.jetty.server.HttpChannel - sendResponse info=null content=HeapByteBuffer@38928dbe[p=0,l=0,c=0,r=0]={<<<>>>} complete=true committing=true callback=org.eclipse.jetty.server.HttpOutput$WriteCompleteCB@54869f47
04:06:35.676 [qtp961160488-15] DEBUG org.eclipse.jetty.server.HttpChannel - COMMIT for /config.yml on HttpChannelOverHttp@3cc843a7{s=HttpChannelState@1f5993cd{s=HANDLING rs=COMPLETING os=COMMITTED is=IDLE awp=false se=false i=false al=0},r=2,c=false/false,a=HANDLING,uri=//localhost:36153/config.yml,age=2}
304 null HTTP/1.1
Date: Thu, 02 May 2024 03:06:35 GMT
ETag: testEtag


04:06:35.676 [qtp961160488-15] DEBUG org.eclipse.jetty.server.HttpConnection - generate: NEED_HEADER for SendCallback@3b4b8319[PROCESSING][i=HTTP/1.1{s=304,h=2,cl=-1},cb=org.eclipse.jetty.server.HttpChannel$SendCallback@4d514a71] (null,[p=0,l=0,c=0,r=0],true)@START
04:06:35.676 [qtp961160488-15] DEBUG org.eclipse.jetty.http.HttpGenerator - generateHeaders HTTP/1.1{s=304,h=2,cl=-1} last=true content=HeapByteBuffer@38928dbe[p=0,l=0,c=0,r=0]={<<<>>>}
04:06:35.676 [qtp961160488-15] DEBUG org.eclipse.jetty.http.HttpGenerator - Date: Thu, 02 May 2024 03:06:35 GMT
ETag: testEtag


04:06:35.676 [qtp961160488-15] DEBUG org.eclipse.jetty.http.HttpGenerator - NO_CONTENT
04:06:35.676 [qtp961160488-15] DEBUG org.eclipse.jetty.server.HttpConnection - generate: FLUSH for SendCallback@3b4b8319[PROCESSING][i=HTTP/1.1{s=304,h=2,cl=-1},cb=org.eclipse.jetty.server.HttpChannel$SendCallback@4d514a71] ([p=0,l=115,c=8192,r=115],[p=0,l=0,c=0,r=0],true)@COMPLETING
04:06:35.676 [qtp961160488-15] DEBUG org.eclipse.jetty.io.WriteFlusher - write: WriteFlusher@67c36425{IDLE}->null [HeapByteBuffer@3e2e5006[p=0,l=115,c=8192,r=115]={<<<HTTP/1.1 304 Not Modified...y(9.4.44.v20210927)\r\n\r\n>>>: gzip\r\nU...\x00\x00\x00\x00\x00\x00\x00}]
04:06:35.676 [qtp961160488-15] DEBUG org.eclipse.jetty.io.WriteFlusher - update WriteFlusher@67c36425{WRITING}->null:IDLE-->WRITING
04:06:35.676 [qtp961160488-15] DEBUG org.eclipse.jetty.io.ChannelEndPoint - flushed 115 SocketChannelEndPoint@49dc5580{l=/127.0.0.1:36153,r=/127.0.0.1:37684,OPEN,fill=-,flush=W,to=4/3000}{io=0/0,kio=0,kro=1}->HttpConnection@97a6b9[p=HttpParser{s=END,0 of -1},g=HttpGenerator@556728db{s=COMPLETING}]=>HttpChannelOverHttp@3cc843a7{s=HttpChannelState@1f5993cd{s=HANDLING rs=COMPLETING os=COMMITTED is=IDLE awp=false se=false i=false al=0},r=2,c=false/false,a=HANDLING,uri=//localhost:36153/config.yml,age=2}
04:06:35.676 [main] DEBUG org.apache.nifi.minifi.bootstrap.configuration.ingestors.PullHttpChangeIngestor - Response received: Response{protocol=http/1.1, code=304, message=Not Modified, url=http://localhost:36153/config.yml}
04:06:35.676 [qtp961160488-15] DEBUG org.eclipse.jetty.io.WriteFlusher - Flushed=true written=115 remaining=0 WriteFlusher@67c36425{WRITING}->null
04:06:35.676 [qtp961160488-15] DEBUG org.eclipse.jetty.io.WriteFlusher - update WriteFlusher@67c36425{IDLE}->null:WRITING-->IDLE
]]></system-out>
  </testcase>
  <testcase name="testSecurityOverride" classname="org.apache.nifi.minifi.bootstrap.configuration.ingestors.PullHttpChangeIngestorTest" time="0.179">
    <system-out><![CDATA[04:06:35.676 [qtp961160488-15] DEBUG org.eclipse.jetty.server.HttpConnection - generate: DONE for SendCallback@3b4b8319[PROCESSING][i=HTTP/1.1{s=304,h=2,cl=-1},cb=org.eclipse.jetty.server.HttpChannel$SendCallback@4d514a71] ([p=115,l=115,c=8192,r=0],[p=0,l=0,c=0,r=0],true)@END
04:06:35.686 [main] DEBUG org.apache.nifi.minifi.bootstrap.configuration.ingestors.PullHttpChangeIngestor - Attempting to pull new config
04:06:35.686 [qtp961160488-15] DEBUG org.eclipse.jetty.server.HttpOutput - onWriteComplete(true,null) s=CLOSING,api=BLOCKED,sc=false,e=null->s=CLOSED,api=BLOCKING,sc=false,e=null c=null cb=org.eclipse.jetty.util.Callback$3@2898243d w=false
04:06:35.686 [qtp961160488-15] DEBUG org.eclipse.jetty.server.HttpChannelState - completed HttpChannelState@1f5993cd{s=HANDLING rs=COMPLETING os=COMPLETED is=IDLE awp=false se=false i=false al=0}
04:06:35.686 [qtp961160488-15] DEBUG org.eclipse.jetty.server.HttpChannelState - unhandle HttpChannelState@1f5993cd{s=HANDLING rs=COMPLETED os=COMPLETED is=IDLE awp=false se=false i=false al=0}
04:06:35.686 [qtp961160488-15] DEBUG org.eclipse.jetty.server.HttpChannelState - nextAction(false) TERMINATED HttpChannelState@1f5993cd{s=IDLE rs=COMPLETED os=COMPLETED is=IDLE awp=false se=false i=false al=0}
04:06:35.687 [qtp961160488-15] DEBUG org.eclipse.jetty.server.HttpChannel - action TERMINATED HttpChannelOverHttp@3cc843a7{s=HttpChannelState@1f5993cd{s=IDLE rs=COMPLETED os=COMPLETED is=IDLE awp=false se=false i=false al=0},r=2,c=true/true,a=IDLE,uri=//localhost:36153/config.yml,age=13}
04:06:35.687 [qtp961160488-15] DEBUG org.eclipse.jetty.server.HttpChannel - onCompleted for /config.yml written=0
04:06:35.687 [qtp961160488-15] DEBUG org.eclipse.jetty.server.HttpChannelState - recycle HttpChannelState@1f5993cd{s=IDLE rs=COMPLETED os=COMPLETED is=IDLE awp=false se=false i=false al=0}
04:06:35.687 [qtp961160488-15] DEBUG org.eclipse.jetty.http.HttpParser - reset HttpParser{s=END,0 of -1}
04:06:35.687 [qtp961160488-15] DEBUG org.eclipse.jetty.http.HttpParser - END --> START
04:06:35.687 [qtp961160488-19-acceptor-0@1e1a0406-ServerConnector@446293d{HTTP/1.1, (http/1.1)}{localhost:36153}] DEBUG org.eclipse.jetty.io.ManagedSelector - Queued change lazy=false Accept@76f2b772[java.nio.channels.SocketChannel[connected local=/127.0.0.1:36153 remote=/127.0.0.1:37688]] on ManagedSelector@4803b726{STARTED} id=1 keys=1 selected=0 updates=0
04:06:35.687 [qtp961160488-15] DEBUG org.eclipse.jetty.server.HttpChannel - !handle TERMINATED HttpChannelOverHttp@3cc843a7{s=HttpChannelState@1f5993cd{s=IDLE rs=BLOCKING os=OPEN is=IDLE awp=false se=false i=true al=0},r=2,c=false/false,a=IDLE,uri=null,age=0}
04:06:35.687 [qtp961160488-19-acceptor-0@1e1a0406-ServerConnector@446293d{HTTP/1.1, (http/1.1)}{localhost:36153}] DEBUG org.eclipse.jetty.io.ManagedSelector - Wakeup on submit ManagedSelector@4803b726{STARTED} id=1 keys=1 selected=0 updates=1
04:06:35.687 [qtp961160488-15] DEBUG org.eclipse.jetty.io.ChannelEndPoint - filled 0 HeapByteBuffer@3e2e5006[p=0,l=0,c=8192,r=0]={<<<>>>HTTP/1.1 ...\x00\x00\x00\x00\x00\x00\x00}
04:06:35.687 [qtp961160488-16] DEBUG org.eclipse.jetty.io.ManagedSelector - Selector sun.nio.ch.EPollSelectorImpl@736a5ca1 woken with none selected
04:06:35.687 [qtp961160488-15] DEBUG org.eclipse.jetty.io.ChannelEndPoint - filled 0 HeapByteBuffer@3e2e5006[p=0,l=0,c=8192,r=0]={<<<>>>HTTP/1.1 ...\x00\x00\x00\x00\x00\x00\x00}
04:06:35.687 [qtp961160488-16] DEBUG org.eclipse.jetty.io.ManagedSelector - Selector sun.nio.ch.EPollSelectorImpl@736a5ca1 woken up from select, 0/0/1 selected
04:06:35.687 [qtp961160488-16] DEBUG org.eclipse.jetty.io.ManagedSelector - Selector sun.nio.ch.EPollSelectorImpl@736a5ca1 processing 0 keys, 1 updates
04:06:35.687 [qtp961160488-16] DEBUG org.eclipse.jetty.io.ManagedSelector - updateable 1
04:06:35.687 [qtp961160488-16] DEBUG org.eclipse.jetty.io.ManagedSelector - update Accept@76f2b772[java.nio.channels.SocketChannel[connected local=/127.0.0.1:36153 remote=/127.0.0.1:37688]]
04:06:35.687 [qtp961160488-15] DEBUG org.eclipse.jetty.server.HttpConnection - HttpConnection@97a6b9::SocketChannelEndPoint@49dc5580{l=/127.0.0.1:36153,r=/127.0.0.1:37684,OPEN,fill=-,flush=-,to=10/3000}{io=0/0,kio=0,kro=1}->HttpConnection@97a6b9[p=HttpParser{s=START,0 of -1},g=HttpGenerator@556728db{s=START}]=>HttpChannelOverHttp@3cc843a7{s=HttpChannelState@1f5993cd{s=IDLE rs=BLOCKING os=OPEN is=IDLE awp=false se=false i=true al=0},r=2,c=false/false,a=IDLE,uri=null,age=0} filled 0 HeapByteBuffer@3e2e5006[p=0,l=0,c=8192,r=0]={<<<>>>HTTP/1.1 ...\x00\x00\x00\x00\x00\x00\x00}
04:06:35.687 [qtp961160488-16] DEBUG org.eclipse.jetty.util.thread.QueuedThreadPool - queue Accept@76f2b772[java.nio.channels.SocketChannel[connected local=/127.0.0.1:36153 remote=/127.0.0.1:37688]] startThread=0
04:06:35.687 [qtp961160488-16] DEBUG org.eclipse.jetty.io.ManagedSelector - updates 0
04:06:35.687 [qtp961160488-16] DEBUG org.eclipse.jetty.io.ManagedSelector - Selector sun.nio.ch.EPollSelectorImpl@736a5ca1 waiting with 2 keys
04:06:35.687 [qtp961160488-18] DEBUG org.eclipse.jetty.util.thread.QueuedThreadPool - run Accept@76f2b772[java.nio.channels.SocketChannel[connected local=/127.0.0.1:36153 remote=/127.0.0.1:37688]] in QueuedThreadPool[qtp961160488]@394a2528{STARTED,8<=8<=200,i=0,r=-1,q=0}[ReservedThreadExecutor@383bfa16{reserved=1/8,pending=0}]
04:06:35.687 [qtp961160488-15] DEBUG org.eclipse.jetty.server.HttpConnection - HttpConnection@97a6b9::SocketChannelEndPoint@49dc5580{l=/127.0.0.1:36153,r=/127.0.0.1:37684,OPEN,fill=-,flush=-,to=10/3000}{io=0/0,kio=0,kro=1}->HttpConnection@97a6b9[p=HttpParser{s=START,0 of -1},g=HttpGenerator@556728db{s=START}]=>HttpChannelOverHttp@3cc843a7{s=HttpChannelState@1f5993cd{s=IDLE rs=BLOCKING os=OPEN is=IDLE awp=false se=false i=true al=0},r=2,c=false/false,a=IDLE,uri=null,age=0} parse HeapByteBuffer@3e2e5006[p=0,l=0,c=8192,r=0]={<<<>>>HTTP/1.1 ...\x00\x00\x00\x00\x00\x00\x00} {}
04:06:35.687 [qtp961160488-18] DEBUG org.eclipse.jetty.io.IdleTimeout - SocketChannelEndPoint@65f242fe{l=/127.0.0.1:36153,r=/127.0.0.1:37688,OPEN,fill=-,flush=-,to=0/3000}{io=0/0,kio=0,kro=0}-><null> idle timeout check, elapsed: 0 ms, remaining: 3000 ms
04:06:35.687 [qtp961160488-15] DEBUG org.eclipse.jetty.http.HttpParser - parseNext s=START HeapByteBuffer@3e2e5006[p=0,l=0,c=8192,r=0]={<<<>>>HTTP/1.1 ...\x00\x00\x00\x00\x00\x00\x00}
04:06:35.687 [qtp961160488-18] DEBUG org.eclipse.jetty.server.HttpChannel - new HttpChannelOverHttp@6ad36a5a{s=HttpChannelState@7c2eb6c{s=IDLE rs=BLOCKING os=OPEN is=IDLE awp=false se=false i=true al=0},r=0,c=false/false,a=IDLE,uri=null,age=0} -> SocketChannelEndPoint@65f242fe{l=/127.0.0.1:36153,r=/127.0.0.1:37688,OPEN,fill=-,flush=-,to=0/3000}{io=0/0,kio=0,kro=0}-><null>,null,HttpChannelState@7c2eb6c{s=IDLE rs=BLOCKING os=OPEN is=IDLE awp=false se=false i=true al=0}
04:06:35.687 [qtp961160488-15] DEBUG org.eclipse.jetty.server.HttpConnection - HttpConnection@97a6b9::SocketChannelEndPoint@49dc5580{l=/127.0.0.1:36153,r=/127.0.0.1:37684,OPEN,fill=-,flush=-,to=11/3000}{io=0/0,kio=0,kro=1}->HttpConnection@97a6b9[p=HttpParser{s=START,0 of -1},g=HttpGenerator@556728db{s=START}]=>HttpChannelOverHttp@3cc843a7{s=HttpChannelState@1f5993cd{s=IDLE rs=BLOCKING os=OPEN is=IDLE awp=false se=false i=true al=0},r=2,c=false/false,a=IDLE,uri=null,age=0} parsed false HttpParser{s=START,0 of -1}
04:06:35.687 [qtp961160488-18] DEBUG org.eclipse.jetty.server.HttpConnection - New HTTP Connection HttpConnection@7550217a::SocketChannelEndPoint@65f242fe{l=/127.0.0.1:36153,r=/127.0.0.1:37688,OPEN,fill=-,flush=-,to=0/3000}{io=0/0,kio=0,kro=0}-><null>
04:06:35.687 [qtp961160488-18] DEBUG org.eclipse.jetty.io.ManagedSelector - Queued change lazy=true org.eclipse.jetty.io.ManagedSelector$$Lambda$258/2107212988@2c2689c on ManagedSelector@4803b726{STARTED} id=1 keys=2 selected=0 updates=0
04:06:35.688 [qtp961160488-18] DEBUG org.eclipse.jetty.io.AbstractEndPoint - onOpen SocketChannelEndPoint@65f242fe{l=/127.0.0.1:36153,r=/127.0.0.1:37688,OPEN,fill=-,flush=-,to=0/3000}{io=0/0,kio=0,kro=0}->HttpConnection@7550217a[p=HttpParser{s=START,0 of -1},g=HttpGenerator@73b24324{s=START}]=>HttpChannelOverHttp@6ad36a5a{s=HttpChannelState@7c2eb6c{s=IDLE rs=BLOCKING os=OPEN is=IDLE awp=false se=false i=true al=0},r=0,c=false/false,a=IDLE,uri=null,age=0}
04:06:35.688 [qtp961160488-15] DEBUG org.eclipse.jetty.server.HttpConnection - releaseRequestBuffer HttpConnection@97a6b9::SocketChannelEndPoint@49dc5580{l=/127.0.0.1:36153,r=/127.0.0.1:37684,OPEN,fill=-,flush=-,to=11/3000}{io=0/0,kio=0,kro=1}->HttpConnection@97a6b9[p=HttpParser{s=START,0 of -1},g=HttpGenerator@556728db{s=START}]=>HttpChannelOverHttp@3cc843a7{s=HttpChannelState@1f5993cd{s=IDLE rs=BLOCKING os=OPEN is=IDLE awp=false se=false i=true al=0},r=2,c=false/false,a=IDLE,uri=null,age=0}
04:06:35.688 [qtp961160488-18] DEBUG org.eclipse.jetty.io.AbstractConnection - onOpen HttpConnection@7550217a::SocketChannelEndPoint@65f242fe{l=/127.0.0.1:36153,r=/127.0.0.1:37688,OPEN,fill=-,flush=-,to=0/3000}{io=0/0,kio=0,kro=0}->HttpConnection@7550217a[p=HttpParser{s=START,0 of -1},g=HttpGenerator@73b24324{s=START}]=>HttpChannelOverHttp@6ad36a5a{s=HttpChannelState@7c2eb6c{s=IDLE rs=BLOCKING os=OPEN is=IDLE awp=false se=false i=true al=0},r=0,c=false/false,a=IDLE,uri=null,age=0}
04:06:35.688 [qtp961160488-18] DEBUG org.eclipse.jetty.io.AbstractConnection - fillInterested HttpConnection@7550217a::SocketChannelEndPoint@65f242fe{l=/127.0.0.1:36153,r=/127.0.0.1:37688,OPEN,fill=-,flush=-,to=0/3000}{io=0/0,kio=0,kro=0}->HttpConnection@7550217a[p=HttpParser{s=START,0 of -1},g=HttpGenerator@73b24324{s=START}]=>HttpChannelOverHttp@6ad36a5a{s=HttpChannelState@7c2eb6c{s=IDLE rs=BLOCKING os=OPEN is=IDLE awp=false se=false i=true al=0},r=0,c=false/false,a=IDLE,uri=null,age=0}
04:06:35.688 [qtp961160488-15] DEBUG org.eclipse.jetty.io.AbstractConnection - fillInterested HttpConnection@97a6b9::SocketChannelEndPoint@49dc5580{l=/127.0.0.1:36153,r=/127.0.0.1:37684,OPEN,fill=-,flush=-,to=11/3000}{io=0/0,kio=0,kro=1}->HttpConnection@97a6b9[p=HttpParser{s=START,0 of -1},g=HttpGenerator@556728db{s=START}]=>HttpChannelOverHttp@3cc843a7{s=HttpChannelState@1f5993cd{s=IDLE rs=BLOCKING os=OPEN is=IDLE awp=false se=false i=true al=0},r=2,c=false/false,a=IDLE,uri=null,age=0}
04:06:35.688 [qtp961160488-18] DEBUG org.eclipse.jetty.io.FillInterest - interested FillInterest@633b5fb5{AC.ReadCB@7550217a{HttpConnection@7550217a::SocketChannelEndPoint@65f242fe{l=/127.0.0.1:36153,r=/127.0.0.1:37688,OPEN,fill=FI,flush=-,to=0/3000}{io=0/0,kio=0,kro=0}->HttpConnection@7550217a[p=HttpParser{s=START,0 of -1},g=HttpGenerator@73b24324{s=START}]=>HttpChannelOverHttp@6ad36a5a{s=HttpChannelState@7c2eb6c{s=IDLE rs=BLOCKING os=OPEN is=IDLE awp=false se=false i=true al=0},r=0,c=false/false,a=IDLE,uri=null,age=0}}}
04:06:35.688 [qtp961160488-18] DEBUG org.eclipse.jetty.io.ChannelEndPoint - changeInterests p=false 0->1 for SocketChannelEndPoint@65f242fe{l=/127.0.0.1:36153,r=/127.0.0.1:37688,OPEN,fill=FI,flush=-,to=0/3000}{io=0/1,kio=0,kro=0}->HttpConnection@7550217a[p=HttpParser{s=START,0 of -1},g=HttpGenerator@73b24324{s=START}]=>HttpChannelOverHttp@6ad36a5a{s=HttpChannelState@7c2eb6c{s=IDLE rs=BLOCKING os=OPEN is=IDLE awp=false se=false i=true al=0},r=0,c=false/false,a=IDLE,uri=null,age=0}
04:06:35.688 [qtp961160488-15] DEBUG org.eclipse.jetty.io.FillInterest - interested FillInterest@6f31e41{AC.ReadCB@97a6b9{HttpConnection@97a6b9::SocketChannelEndPoint@49dc5580{l=/127.0.0.1:36153,r=/127.0.0.1:37684,OPEN,fill=FI,flush=-,to=0/3000}{io=0/0,kio=0,kro=1}->HttpConnection@97a6b9[p=HttpParser{s=START,0 of -1},g=HttpGenerator@556728db{s=START}]=>HttpChannelOverHttp@3cc843a7{s=HttpChannelState@1f5993cd{s=IDLE rs=BLOCKING os=OPEN is=IDLE awp=false se=false i=true al=0},r=2,c=false/false,a=IDLE,uri=null,age=0}}}
04:06:35.688 [qtp961160488-18] DEBUG org.eclipse.jetty.io.ManagedSelector - Queued change lazy=false org.eclipse.jetty.io.ChannelEndPoint$$Lambda$255/2121444922@1714f959 on ManagedSelector@4803b726{STARTED} id=1 keys=2 selected=0 updates=1
04:06:35.688 [qtp961160488-18] DEBUG org.eclipse.jetty.io.ManagedSelector - Wakeup on submit ManagedSelector@4803b726{STARTED} id=1 keys=2 selected=0 updates=2
04:06:35.688 [qtp961160488-16] DEBUG org.eclipse.jetty.io.ManagedSelector - Selector sun.nio.ch.EPollSelectorImpl@736a5ca1 woken with none selected
04:06:35.688 [qtp961160488-16] DEBUG org.eclipse.jetty.io.ManagedSelector - Selector sun.nio.ch.EPollSelectorImpl@736a5ca1 woken up from select, 0/0/2 selected
04:06:35.688 [qtp961160488-18] DEBUG org.eclipse.jetty.io.ManagedSelector - Created SocketChannelEndPoint@65f242fe{l=/127.0.0.1:36153,r=/127.0.0.1:37688,OPEN,fill=FI,flush=-,to=0/3000}{io=0/1,kio=0,kro=0}->HttpConnection@7550217a[p=HttpParser{s=START,0 of -1},g=HttpGenerator@73b24324{s=START}]=>HttpChannelOverHttp@6ad36a5a{s=HttpChannelState@7c2eb6c{s=IDLE rs=BLOCKING os=OPEN is=IDLE awp=false se=false i=true al=0},r=0,c=false/false,a=IDLE,uri=null,age=0}
04:06:35.688 [qtp961160488-16] DEBUG org.eclipse.jetty.io.ManagedSelector - Selector sun.nio.ch.EPollSelectorImpl@736a5ca1 processing 0 keys, 2 updates
04:06:35.688 [qtp961160488-16] DEBUG org.eclipse.jetty.io.ManagedSelector - updateable 2
04:06:35.688 [qtp961160488-16] DEBUG org.eclipse.jetty.io.ManagedSelector - update org.eclipse.jetty.io.ManagedSelector$$Lambda$258/2107212988@2c2689c
04:06:35.688 [qtp961160488-15] DEBUG org.eclipse.jetty.io.ChannelEndPoint - changeInterests p=false 0->1 for SocketChannelEndPoint@49dc5580{l=/127.0.0.1:36153,r=/127.0.0.1:37684,OPEN,fill=FI,flush=-,to=0/3000}{io=0/1,kio=0,kro=1}->HttpConnection@97a6b9[p=HttpParser{s=START,0 of -1},g=HttpGenerator@556728db{s=START}]=>HttpChannelOverHttp@3cc843a7{s=HttpChannelState@1f5993cd{s=IDLE rs=BLOCKING os=OPEN is=IDLE awp=false se=false i=true al=0},r=2,c=false/false,a=IDLE,uri=null,age=0}
04:06:35.688 [qtp961160488-18] DEBUG org.eclipse.jetty.util.thread.QueuedThreadPool - ran Accept@76f2b772[java.nio.channels.SocketChannel[connected local=/127.0.0.1:36153 remote=/127.0.0.1:37688]] in QueuedThreadPool[qtp961160488]@394a2528{STARTED,8<=8<=200,i=0,r=-1,q=0}[ReservedThreadExecutor@383bfa16{reserved=1/8,pending=0}]
04:06:35.688 [qtp961160488-16] DEBUG org.eclipse.jetty.io.ManagedSelector - update org.eclipse.jetty.io.ChannelEndPoint$$Lambda$255/2121444922@1714f959
04:06:35.688 [qtp961160488-15] DEBUG org.eclipse.jetty.io.ManagedSelector - Queued change lazy=false org.eclipse.jetty.io.ChannelEndPoint$$Lambda$255/2121444922@3becd248 on ManagedSelector@194bcebf{STARTED} id=0 keys=1 selected=0 updates=0
04:06:35.688 [qtp961160488-15] DEBUG org.eclipse.jetty.io.ManagedSelector - Wakeup on submit ManagedSelector@194bcebf{STARTED} id=0 keys=1 selected=0 updates=1
04:06:35.688 [qtp961160488-17] DEBUG org.eclipse.jetty.io.ManagedSelector - Selector sun.nio.ch.EPollSelectorImpl@7e96075f woken with none selected
04:06:35.688 [qtp961160488-17] DEBUG org.eclipse.jetty.io.ManagedSelector - Selector sun.nio.ch.EPollSelectorImpl@7e96075f woken up from select, 0/0/1 selected
04:06:35.688 [qtp961160488-17] DEBUG org.eclipse.jetty.io.ManagedSelector - Selector sun.nio.ch.EPollSelectorImpl@7e96075f processing 0 keys, 1 updates
04:06:35.688 [qtp961160488-17] DEBUG org.eclipse.jetty.io.ManagedSelector - updateable 1
04:06:35.688 [qtp961160488-17] DEBUG org.eclipse.jetty.io.ManagedSelector - update org.eclipse.jetty.io.ChannelEndPoint$$Lambda$255/2121444922@3becd248
04:06:35.688 [qtp961160488-16] DEBUG org.eclipse.jetty.io.ChannelEndPoint - Key interests updated 0 -> 1 on SocketChannelEndPoint@65f242fe{l=/127.0.0.1:36153,r=/127.0.0.1:37688,OPEN,fill=FI,flush=-,to=0/3000}{io=1/1,kio=1,kro=0}->HttpConnection@7550217a[p=HttpParser{s=START,0 of -1},g=HttpGenerator@73b24324{s=START}]=>HttpChannelOverHttp@6ad36a5a{s=HttpChannelState@7c2eb6c{s=IDLE rs=BLOCKING os=OPEN is=IDLE awp=false se=false i=true al=0},r=0,c=false/false,a=IDLE,uri=null,age=0}
04:06:35.688 [qtp961160488-16] DEBUG org.eclipse.jetty.io.ManagedSelector - updates 0
04:06:35.688 [qtp961160488-16] DEBUG org.eclipse.jetty.io.ManagedSelector - Selector sun.nio.ch.EPollSelectorImpl@736a5ca1 waiting with 2 keys
04:06:35.688 [qtp961160488-15] DEBUG org.eclipse.jetty.server.HttpConnection - HttpConnection@97a6b9::SocketChannelEndPoint@49dc5580{l=/127.0.0.1:36153,r=/127.0.0.1:37684,OPEN,fill=FI,flush=-,to=0/3000}{io=0/1,kio=0,kro=1}->HttpConnection@97a6b9[p=HttpParser{s=START,0 of -1},g=HttpGenerator@556728db{s=START}]=>HttpChannelOverHttp@3cc843a7{s=HttpChannelState@1f5993cd{s=IDLE rs=BLOCKING os=OPEN is=IDLE awp=false se=false i=true al=0},r=2,c=false/false,a=IDLE,uri=null,age=0} onFillable exit HttpChannelState@1f5993cd{s=IDLE rs=BLOCKING os=OPEN is=IDLE awp=false se=false i=true al=0} null
04:06:35.689 [qtp961160488-16] DEBUG org.eclipse.jetty.io.ManagedSelector - Selector sun.nio.ch.EPollSelectorImpl@736a5ca1 woken up from select, 1/1/2 selected
04:06:35.689 [qtp961160488-15] DEBUG org.eclipse.jetty.util.thread.QueuedThreadPool - ran org.eclipse.jetty.io.ManagedSelector$$Lambda$253/838473569@957e06 in QueuedThreadPool[qtp961160488]@394a2528{STARTED,8<=8<=200,i=1,r=-1,q=0}[ReservedThreadExecutor@383bfa16{reserved=1/8,pending=0}]
04:06:35.689 [qtp961160488-16] DEBUG org.eclipse.jetty.io.ManagedSelector - Selector sun.nio.ch.EPollSelectorImpl@736a5ca1 processing 1 keys, 0 updates
04:06:35.689 [qtp961160488-17] DEBUG org.eclipse.jetty.io.ChannelEndPoint - Key interests updated 0 -> 1 on SocketChannelEndPoint@49dc5580{l=/127.0.0.1:36153,r=/127.0.0.1:37684,OPEN,fill=FI,flush=-,to=0/3000}{io=1/1,kio=1,kro=1}->HttpConnection@97a6b9[p=HttpParser{s=START,0 of -1},g=HttpGenerator@556728db{s=START}]=>HttpChannelOverHttp@3cc843a7{s=HttpChannelState@1f5993cd{s=IDLE rs=BLOCKING os=OPEN is=IDLE awp=false se=false i=true al=0},r=2,c=false/false,a=IDLE,uri=null,age=0}
04:06:35.689 [qtp961160488-17] DEBUG org.eclipse.jetty.io.ManagedSelector - updates 0
04:06:35.689 [qtp961160488-17] DEBUG org.eclipse.jetty.io.ManagedSelector - Selector sun.nio.ch.EPollSelectorImpl@7e96075f waiting with 1 keys
04:06:35.689 [qtp961160488-16] DEBUG org.eclipse.jetty.io.ManagedSelector - selected 1 sun.nio.ch.SelectionKeyImpl@32b851d5 SocketChannelEndPoint@65f242fe{l=/127.0.0.1:36153,r=/127.0.0.1:37688,OPEN,fill=FI,flush=-,to=0/3000}{io=1/1,kio=1,kro=1}->HttpConnection@7550217a[p=HttpParser{s=START,0 of -1},g=HttpGenerator@73b24324{s=START}]=>HttpChannelOverHttp@6ad36a5a{s=HttpChannelState@7c2eb6c{s=IDLE rs=BLOCKING os=OPEN is=IDLE awp=false se=false i=true al=0},r=0,c=false/false,a=IDLE,uri=null,age=0} 
04:06:35.689 [qtp961160488-16] DEBUG org.eclipse.jetty.io.ChannelEndPoint - onSelected 1->0 r=true w=false for SocketChannelEndPoint@65f242fe{l=/127.0.0.1:36153,r=/127.0.0.1:37688,OPEN,fill=FI,flush=-,to=1/3000}{io=1/0,kio=1,kro=1}->HttpConnection@7550217a[p=HttpParser{s=START,0 of -1},g=HttpGenerator@73b24324{s=START}]=>HttpChannelOverHttp@6ad36a5a{s=HttpChannelState@7c2eb6c{s=IDLE rs=BLOCKING os=OPEN is=IDLE awp=false se=false i=true al=0},r=0,c=false/false,a=IDLE,uri=null,age=0}
04:06:35.689 [qtp961160488-16] DEBUG org.eclipse.jetty.io.ChannelEndPoint - task CEP:SocketChannelEndPoint@65f242fe{l=/127.0.0.1:36153,r=/127.0.0.1:37688,OPEN,fill=FI,flush=-,to=1/3000}{io=1/0,kio=1,kro=1}->HttpConnection@7550217a[p=HttpParser{s=START,0 of -1},g=HttpGenerator@73b24324{s=START}]=>HttpChannelOverHttp@6ad36a5a{s=HttpChannelState@7c2eb6c{s=IDLE rs=BLOCKING os=OPEN is=IDLE awp=false se=false i=true al=0},r=0,c=false/false,a=IDLE,uri=null,age=0}:runFillable:BLOCKING
04:06:35.689 [qtp961160488-16] DEBUG org.eclipse.jetty.util.thread.ReservedThreadExecutor - ReservedThreadExecutor@383bfa16{reserved=1/8,pending=0} tryExecute EatWhatYouKill@17497425/SelectorProducer@f0da945/PRODUCING/p=false/QueuedThreadPool[qtp961160488]@394a2528{STARTED,8<=8<=200,i=2,r=-1,q=0}[ReservedThreadExecutor@383bfa16{reserved=1/8,pending=0}][pc=0,pic=0,pec=1,epc=0]@2024-05-02T04:06:35.689+01:00
04:06:35.689 [qtp961160488-16] DEBUG org.eclipse.jetty.util.thread.ReservedThreadExecutor - ReservedThreadExecutor@383bfa16{reserved=0/8,pending=1} startReservedThread p=1
04:06:35.689 [qtp961160488-16] DEBUG org.eclipse.jetty.util.thread.QueuedThreadPool - queue ReservedThread@8099970{PENDING,thread=null} startThread=0
04:06:35.690 [qtp961160488-18] DEBUG org.eclipse.jetty.util.thread.QueuedThreadPool - run ReservedThread@8099970{PENDING,thread=null} in QueuedThreadPool[qtp961160488]@394a2528{STARTED,8<=8<=200,i=1,r=-1,q=0}[ReservedThreadExecutor@383bfa16{reserved=0/8,pending=1}]
04:06:35.690 [qtp961160488-18] DEBUG org.eclipse.jetty.util.thread.ReservedThreadExecutor - ReservedThread@8099970{PENDING,thread=Thread[qtp961160488-18,5,main]} was=PENDING next=RESERVED size=0+1 capacity=8
04:06:35.690 [qtp961160488-21] DEBUG org.eclipse.jetty.util.thread.ReservedThreadExecutor - ReservedThread@7a02d6fd{RESERVED,thread=Thread[qtp961160488-21,5,main]} task=EatWhatYouKill@17497425/SelectorProducer@f0da945/IDLE/p=true/QueuedThreadPool[qtp961160488]@394a2528{STARTED,8<=8<=200,i=1,r=-1,q=0}[ReservedThreadExecutor@383bfa16{reserved=0/8,pending=1}][pc=0,pic=0,pec=1,epc=0]@2024-05-02T04:06:35.69+01:00 ReservedThreadExecutor@383bfa16{reserved=1/8,pending=0}
04:06:35.690 [qtp961160488-18] DEBUG org.eclipse.jetty.util.thread.ReservedThreadExecutor - ReservedThread@8099970{RESERVED,thread=Thread[qtp961160488-18,5,main]} waiting ReservedThreadExecutor@383bfa16{reserved=1/8,pending=0}
04:06:35.690 [qtp961160488-21] DEBUG org.eclipse.jetty.util.thread.strategy.EatWhatYouKill - EatWhatYouKill@17497425/SelectorProducer@f0da945/IDLE/p=true/QueuedThreadPool[qtp961160488]@394a2528{STARTED,8<=8<=200,i=1,r=-1,q=0}[ReservedThreadExecutor@383bfa16{reserved=1/8,pending=0}][pc=0,pic=0,pec=1,epc=0]@2024-05-02T04:06:35.69+01:00 tryProduce true
04:06:35.690 [qtp961160488-16] DEBUG org.eclipse.jetty.util.thread.strategy.EatWhatYouKill - EatWhatYouKill@17497425/SelectorProducer@f0da945/IDLE/p=true/QueuedThreadPool[qtp961160488]@394a2528{STARTED,8<=8<=200,i=1,r=-1,q=0}[ReservedThreadExecutor@383bfa16{reserved=1/8,pending=0}][pc=0,pic=0,pec=1,epc=0]@2024-05-02T04:06:35.69+01:00 m=EXECUTE_PRODUCE_CONSUME t=CEP:SocketChannelEndPoint@65f242fe{l=/127.0.0.1:36153,r=/127.0.0.1:37688,OPEN,fill=FI,flush=-,to=2/3000}{io=1/0,kio=1,kro=1}->HttpConnection@7550217a[p=HttpParser{s=START,0 of -1},g=HttpGenerator@73b24324{s=START}]=>HttpChannelOverHttp@6ad36a5a{s=HttpChannelState@7c2eb6c{s=IDLE rs=BLOCKING os=OPEN is=IDLE awp=false se=false i=true al=0},r=0,c=false/false,a=IDLE,uri=null,age=0}:runFillable:BLOCKING/BLOCKING
04:06:35.690 [qtp961160488-21] DEBUG org.eclipse.jetty.io.ManagedSelector - updateable 0
04:06:35.690 [qtp961160488-21] DEBUG org.eclipse.jetty.io.ManagedSelector - updates 0
04:06:35.690 [qtp961160488-16] DEBUG org.eclipse.jetty.io.FillInterest - fillable FillInterest@633b5fb5{AC.ReadCB@7550217a{HttpConnection@7550217a::SocketChannelEndPoint@65f242fe{l=/127.0.0.1:36153,r=/127.0.0.1:37688,OPEN,fill=FI,flush=-,to=2/3000}{io=1/0,kio=1,kro=1}->HttpConnection@7550217a[p=HttpParser{s=START,0 of -1},g=HttpGenerator@73b24324{s=START}]=>HttpChannelOverHttp@6ad36a5a{s=HttpChannelState@7c2eb6c{s=IDLE rs=BLOCKING os=OPEN is=IDLE awp=false se=false i=true al=0},r=0,c=false/false,a=IDLE,uri=null,age=0}}}
04:06:35.690 [qtp961160488-21] DEBUG org.eclipse.jetty.io.ChannelEndPoint - Key interests updated 1 -> 0 on SocketChannelEndPoint@65f242fe{l=/127.0.0.1:36153,r=/127.0.0.1:37688,OPEN,fill=FI,flush=-,to=2/3000}{io=0/0,kio=0,kro=1}->HttpConnection@7550217a[p=HttpParser{s=START,0 of -1},g=HttpGenerator@73b24324{s=START}]=>HttpChannelOverHttp@6ad36a5a{s=HttpChannelState@7c2eb6c{s=IDLE rs=BLOCKING os=OPEN is=IDLE awp=false se=false i=true al=0},r=0,c=false/false,a=IDLE,uri=null,age=0}
04:06:35.690 [qtp961160488-21] DEBUG org.eclipse.jetty.io.ManagedSelector - Selector sun.nio.ch.EPollSelectorImpl@736a5ca1 waiting with 2 keys
04:06:35.690 [qtp961160488-16] DEBUG org.eclipse.jetty.server.HttpConnection - HttpConnection@7550217a::SocketChannelEndPoint@65f242fe{l=/127.0.0.1:36153,r=/127.0.0.1:37688,OPEN,fill=-,flush=-,to=2/3000}{io=0/0,kio=0,kro=1}->HttpConnection@7550217a[p=HttpParser{s=START,0 of -1},g=HttpGenerator@73b24324{s=START}]=>HttpChannelOverHttp@6ad36a5a{s=HttpChannelState@7c2eb6c{s=IDLE rs=BLOCKING os=OPEN is=IDLE awp=false se=false i=true al=0},r=0,c=false/false,a=IDLE,uri=null,age=0} onFillable enter HttpChannelState@7c2eb6c{s=IDLE rs=BLOCKING os=OPEN is=IDLE awp=false se=false i=true al=0} null
04:06:35.690 [qtp961160488-16] DEBUG org.eclipse.jetty.io.ChannelEndPoint - filled 133 HeapByteBuffer@3e2e5006[p=0,l=133,c=8192,r=133]={<<<GET /config-minimal.yml H...gent: okhttp/3.12.3\r\n\r\n>>>: okhttp/...\x00\x00\x00\x00\x00\x00\x00}
04:06:35.691 [qtp961160488-16] DEBUG org.eclipse.jetty.server.HttpConnection - HttpConnection@7550217a::SocketChannelEndPoint@65f242fe{l=/127.0.0.1:36153,r=/127.0.0.1:37688,OPEN,fill=-,flush=-,to=0/3000}{io=0/0,kio=0,kro=1}->HttpConnection@7550217a[p=HttpParser{s=START,0 of -1},g=HttpGenerator@73b24324{s=START}]=>HttpChannelOverHttp@6ad36a5a{s=HttpChannelState@7c2eb6c{s=IDLE rs=BLOCKING os=OPEN is=IDLE awp=false se=false i=true al=0},r=0,c=false/false,a=IDLE,uri=null,age=0} filled 133 HeapByteBuffer@3e2e5006[p=0,l=133,c=8192,r=133]={<<<GET /config-minimal.yml H...gent: okhttp/3.12.3\r\n\r\n>>>: okhttp/...\x00\x00\x00\x00\x00\x00\x00}
04:06:35.691 [qtp961160488-16] DEBUG org.eclipse.jetty.server.HttpConnection - HttpConnection@7550217a::SocketChannelEndPoint@65f242fe{l=/127.0.0.1:36153,r=/127.0.0.1:37688,OPEN,fill=-,flush=-,to=0/3000}{io=0/0,kio=0,kro=1}->HttpConnection@7550217a[p=HttpParser{s=START,0 of -1},g=HttpGenerator@73b24324{s=START}]=>HttpChannelOverHttp@6ad36a5a{s=HttpChannelState@7c2eb6c{s=IDLE rs=BLOCKING os=OPEN is=IDLE awp=false se=false i=true al=0},r=0,c=false/false,a=IDLE,uri=null,age=0} parse HeapByteBuffer@3e2e5006[p=0,l=133,c=8192,r=133]={<<<GET /config-minimal.yml H...gent: okhttp/3.12.3\r\n\r\n>>>: okhttp/...\x00\x00\x00\x00\x00\x00\x00} {}
04:06:35.691 [qtp961160488-16] DEBUG org.eclipse.jetty.http.HttpParser - parseNext s=START HeapByteBuffer@3e2e5006[p=0,l=133,c=8192,r=133]={<<<GET /config-minimal.yml H...gent: okhttp/3.12.3\r\n\r\n>>>: okhttp/...\x00\x00\x00\x00\x00\x00\x00}
04:06:35.691 [qtp961160488-16] DEBUG org.eclipse.jetty.http.HttpParser - START --> SPACE1
04:06:35.691 [qtp961160488-16] DEBUG org.eclipse.jetty.http.HttpParser - SPACE1 --> URI
04:06:35.691 [qtp961160488-16] DEBUG org.eclipse.jetty.http.HttpParser - URI --> SPACE2
04:06:35.691 [qtp961160488-16] DEBUG org.eclipse.jetty.http.HttpParser - SPACE2 --> REQUEST_VERSION
04:06:35.691 [qtp961160488-16] DEBUG org.eclipse.jetty.http.HttpParser - REQUEST_VERSION --> HEADER
04:06:35.691 [qtp961160488-16] DEBUG org.eclipse.jetty.http.HttpParser - HEADER:Host --> VALUE
04:06:35.691 [qtp961160488-16] DEBUG org.eclipse.jetty.http.HttpParser - HEADER:Host --> IN_VALUE
04:06:35.691 [qtp961160488-16] DEBUG org.eclipse.jetty.http.HttpParser - HEADER:Host --> FIELD
04:06:35.691 [qtp961160488-16] DEBUG org.eclipse.jetty.http.HttpParser - HEADER:Connection: keep-alive --> IN_VALUE
04:06:35.691 [qtp961160488-16] DEBUG org.eclipse.jetty.http.HttpParser - HEADER:Connection: keep-alive --> FIELD
04:06:35.691 [qtp961160488-16] DEBUG org.eclipse.jetty.http.HttpParser - HEADER:Accept-Encoding: gzip --> IN_VALUE
04:06:35.691 [qtp961160488-16] DEBUG org.eclipse.jetty.http.HttpParser - HEADER:Accept-Encoding: gzip --> FIELD
04:06:35.691 [qtp961160488-16] DEBUG org.eclipse.jetty.http.HttpParser - HEADER:User-Agent --> VALUE
04:06:35.691 [qtp961160488-16] DEBUG org.eclipse.jetty.http.HttpParser - HEADER:User-Agent --> IN_VALUE
04:06:35.691 [qtp961160488-16] DEBUG org.eclipse.jetty.http.HttpParser - HEADER:User-Agent --> FIELD
04:06:35.691 [qtp961160488-16] DEBUG org.eclipse.jetty.http.HttpParser - HEADER --> CONTENT
04:06:35.691 [qtp961160488-16] DEBUG org.eclipse.jetty.server.HttpChannel - REQUEST for //localhost:36153/config-minimal.yml on HttpChannelOverHttp@6ad36a5a{s=HttpChannelState@7c2eb6c{s=IDLE rs=BLOCKING os=OPEN is=IDLE awp=false se=false i=true al=0},r=1,c=false/false,a=IDLE,uri=//localhost:36153/config-minimal.yml,age=0}
GET //localhost:36153/config-minimal.yml HTTP/1.1
Host: localhost:36153
Connection: keep-alive
Accept-Encoding: gzip
User-Agent: okhttp/3.12.3


04:06:35.691 [qtp961160488-16] DEBUG org.eclipse.jetty.server.HttpConnection - HttpConnection@7550217a::SocketChannelEndPoint@65f242fe{l=/127.0.0.1:36153,r=/127.0.0.1:37688,OPEN,fill=-,flush=-,to=0/3000}{io=0/0,kio=0,kro=1}->HttpConnection@7550217a[p=HttpParser{s=CONTENT,0 of -1},g=HttpGenerator@73b24324{s=START}]=>HttpChannelOverHttp@6ad36a5a{s=HttpChannelState@7c2eb6c{s=IDLE rs=BLOCKING os=OPEN is=IDLE awp=false se=false i=true al=0},r=1,c=false/false,a=IDLE,uri=//localhost:36153/config-minimal.yml,age=0} parsed true HttpParser{s=CONTENT,0 of -1}
04:06:35.692 [qtp961160488-16] DEBUG org.eclipse.jetty.server.HttpConnection - releaseRequestBuffer HttpConnection@7550217a::SocketChannelEndPoint@65f242fe{l=/127.0.0.1:36153,r=/127.0.0.1:37688,OPEN,fill=-,flush=-,to=1/3000}{io=0/0,kio=0,kro=1}->HttpConnection@7550217a[p=HttpParser{s=CONTENT,0 of -1},g=HttpGenerator@73b24324{s=START}]=>HttpChannelOverHttp@6ad36a5a{s=HttpChannelState@7c2eb6c{s=IDLE rs=BLOCKING os=OPEN is=IDLE awp=false se=false i=true al=0},r=1,c=false/false,a=IDLE,uri=//localhost:36153/config-minimal.yml,age=1}
04:06:35.692 [qtp961160488-16] DEBUG org.eclipse.jetty.server.HttpChannel - handle //localhost:36153/config-minimal.yml HttpChannelOverHttp@6ad36a5a{s=HttpChannelState@7c2eb6c{s=IDLE rs=BLOCKING os=OPEN is=IDLE awp=false se=false i=true al=0},r=1,c=false/false,a=IDLE,uri=//localhost:36153/config-minimal.yml,age=1} 
04:06:35.692 [qtp961160488-16] DEBUG org.eclipse.jetty.server.HttpChannelState - handling HttpChannelState@7c2eb6c{s=IDLE rs=BLOCKING os=OPEN is=IDLE awp=false se=false i=true al=0}
04:06:35.692 [qtp961160488-16] DEBUG org.eclipse.jetty.server.HttpChannel - action DISPATCH HttpChannelOverHttp@6ad36a5a{s=HttpChannelState@7c2eb6c{s=HANDLING rs=BLOCKING os=OPEN is=IDLE awp=false se=false i=true al=0},r=1,c=false/false,a=HANDLING,uri=//localhost:36153/config-minimal.yml,age=1}
04:06:35.692 [qtp961160488-16] DEBUG org.eclipse.jetty.server.Server - REQUEST GET /config-minimal.yml on HttpChannelOverHttp@6ad36a5a{s=HttpChannelState@7c2eb6c{s=HANDLING rs=BLOCKING os=OPEN is=IDLE awp=false se=false i=true al=0},r=1,c=false/false,a=HANDLING,uri=//localhost:36153/config-minimal.yml,age=1}
04:06:35.695 [qtp961160488-16] DEBUG org.eclipse.jetty.server.HttpOutput - write(array HeapByteBuffer@58f161d6[p=0,l=1469,c=262144,r=1469]={<<<# Licensed to the Apache ...tination name: PutFile\n>>>\x00\x00\x00\x00\x00\x00\x00\x00\x00...\x00\x00\x00\x00\x00\x00\x00})
04:06:35.695 [qtp961160488-16] DEBUG org.eclipse.jetty.server.HttpOutput - write(array) s=CLOSING,api=BLOCKED,sc=false,e=null last=true agg=false flush=true async=false, len=1469 null
04:06:35.695 [qtp961160488-16] DEBUG org.eclipse.jetty.server.HttpChannel - sendResponse info=null content=HeapByteBuffer@2837b5e4[p=0,l=1469,c=262144,r=1469]={<<<# Licensed to the Apache ...tination name: PutFile\n>>>\x00\x00\x00\x00\x00\x00\x00\x00\x00...\x00\x00\x00\x00\x00\x00\x00} complete=true committing=true callback=Blocker@6cb16b8b{null}
04:06:35.695 [qtp961160488-16] DEBUG org.eclipse.jetty.server.HttpChannel - COMMIT for /config-minimal.yml on HttpChannelOverHttp@6ad36a5a{s=HttpChannelState@7c2eb6c{s=HANDLING rs=BLOCKING os=COMMITTED is=IDLE awp=false se=false i=true al=0},r=1,c=false/false,a=HANDLING,uri=//localhost:36153/config-minimal.yml,age=4}
200 null HTTP/1.1
Date: Thu, 02 May 2024 03:06:35 GMT
ETag: testEtag
Content-Type: text/plain;charset=utf-8
Content-Length: 1469


04:06:35.695 [qtp961160488-16] DEBUG org.eclipse.jetty.server.HttpConnection - generate: NEED_HEADER for SendCallback@22ef68c0[PROCESSING][i=HTTP/1.1{s=200,h=4,cl=1469},cb=org.eclipse.jetty.server.HttpChannel$SendCallback@7143429a] (null,[p=0,l=1469,c=262144,r=1469],true)@START
04:06:35.695 [qtp961160488-16] DEBUG org.eclipse.jetty.http.HttpGenerator - generateHeaders HTTP/1.1{s=200,h=4,cl=1469} last=true content=HeapByteBuffer@2837b5e4[p=0,l=1469,c=262144,r=1469]={<<<# Licensed to the Apache ...tination name: PutFile\n>>>\x00\x00\x00\x00\x00\x00\x00\x00\x00...\x00\x00\x00\x00\x00\x00\x00}
04:06:35.695 [qtp961160488-16] DEBUG org.eclipse.jetty.http.HttpGenerator - Date: Thu, 02 May 2024 03:06:35 GMT
ETag: testEtag
Content-Type: text/plain;charset=utf-8
Content-Length: 1469


04:06:35.695 [qtp961160488-16] DEBUG org.eclipse.jetty.http.HttpGenerator - CONTENT_LENGTH
04:06:35.695 [qtp961160488-16] DEBUG org.eclipse.jetty.server.HttpConnection - generate: FLUSH for SendCallback@22ef68c0[PROCESSING][i=HTTP/1.1{s=200,h=4,cl=1469},cb=org.eclipse.jetty.server.HttpChannel$SendCallback@7143429a] ([p=0,l=167,c=8192,r=167],[p=0,l=1469,c=262144,r=1469],true)@COMPLETING
04:06:35.696 [qtp961160488-16] DEBUG org.eclipse.jetty.io.WriteFlusher - write: WriteFlusher@644e41c3{IDLE}->null [HeapByteBuffer@3e2e5006[p=0,l=167,c=8192,r=167]={<<<HTTP/1.1 200 OK\r\nDate: Th...y(9.4.44.v20210927)\r\n\r\n>>>\x00\x00\x00\x00\x00\x00\x00\x00\x00...\x00\x00\x00\x00\x00\x00\x00},HeapByteBuffer@2837b5e4[p=0,l=1469,c=262144,r=1469]={<<<# Licensed to the Apache ...tination name: PutFile\n>>>\x00\x00\x00\x00\x00\x00\x00\x00\x00...\x00\x00\x00\x00\x00\x00\x00}]
04:06:35.696 [qtp961160488-16] DEBUG org.eclipse.jetty.io.WriteFlusher - update WriteFlusher@644e41c3{WRITING}->null:IDLE-->WRITING
04:06:35.696 [main] DEBUG org.apache.nifi.minifi.bootstrap.configuration.ingestors.PullHttpChangeIngestor - Response received: Response{protocol=http/1.1, code=200, message=OK, url=http://localhost:36153/config-minimal.yml}
04:06:35.696 [qtp961160488-16] DEBUG org.eclipse.jetty.io.ChannelEndPoint - flushed 1636 SocketChannelEndPoint@65f242fe{l=/127.0.0.1:36153,r=/127.0.0.1:37688,OPEN,fill=-,flush=W,to=5/3000}{io=0/0,kio=0,kro=1}->HttpConnection@7550217a[p=HttpParser{s=CONTENT,0 of -1},g=HttpGenerator@73b24324{s=COMPLETING}]=>HttpChannelOverHttp@6ad36a5a{s=HttpChannelState@7c2eb6c{s=HANDLING rs=BLOCKING os=COMMITTED is=IDLE awp=false se=false i=true al=0},r=1,c=false/false,a=HANDLING,uri=//localhost:36153/config-minimal.yml,age=5}
04:06:35.696 [main] DEBUG org.apache.nifi.minifi.bootstrap.configuration.ingestors.PullHttpChangeIngestor - Preserving previous security properties...
04:06:35.696 [qtp961160488-16] DEBUG org.eclipse.jetty.io.WriteFlusher - Flushed=true written=1636 remaining=0 WriteFlusher@644e41c3{WRITING}->null
04:06:35.696 [qtp961160488-16] DEBUG org.eclipse.jetty.io.WriteFlusher - update WriteFlusher@644e41c3{IDLE}->null:WRITING-->IDLE
04:06:35.696 [qtp961160488-16] DEBUG org.eclipse.jetty.server.HttpConnection - generate: DONE for SendCallback@22ef68c0[PROCESSING][i=HTTP/1.1{s=200,h=4,cl=1469},cb=org.eclipse.jetty.server.HttpChannel$SendCallback@7143429a] ([p=167,l=167,c=8192,r=0],[p=1469,l=1469,c=262144,r=0],true)@END
04:06:35.696 [qtp961160488-16] DEBUG org.eclipse.jetty.server.HttpOutput - onWriteComplete(true,null) s=CLOSING,api=BLOCKED,sc=false,e=null->s=CLOSED,api=BLOCKING,sc=false,e=null c=null cb=null w=false
04:06:35.697 [qtp961160488-16] DEBUG org.eclipse.jetty.server.HttpOutput - close() s=CLOSED,api=BLOCKING,sc=false,e=null c=null b=null
04:06:35.697 [qtp961160488-16] DEBUG org.eclipse.jetty.server.Server - handled=true async=false committed=true on HttpChannelOverHttp@6ad36a5a{s=HttpChannelState@7c2eb6c{s=HANDLING rs=BLOCKING os=COMPLETED is=IDLE awp=false se=false i=true al=0},r=1,c=false/true,a=HANDLING,uri=//localhost:36153/config-minimal.yml,age=6}
04:06:35.697 [qtp961160488-16] DEBUG org.eclipse.jetty.server.HttpChannelState - unhandle HttpChannelState@7c2eb6c{s=HANDLING rs=BLOCKING os=COMPLETED is=IDLE awp=false se=false i=true al=0}
04:06:35.697 [qtp961160488-16] DEBUG org.eclipse.jetty.server.HttpChannelState - nextAction(false) COMPLETE HttpChannelState@7c2eb6c{s=HANDLING rs=COMPLETING os=COMPLETED is=IDLE awp=false se=false i=false al=0}
04:06:35.697 [qtp961160488-16] DEBUG org.eclipse.jetty.server.HttpChannel - action COMPLETE HttpChannelOverHttp@6ad36a5a{s=HttpChannelState@7c2eb6c{s=HANDLING rs=COMPLETING os=COMPLETED is=IDLE awp=false se=false i=false al=0},r=1,c=false/true,a=HANDLING,uri=//localhost:36153/config-minimal.yml,age=6}
04:06:35.697 [qtp961160488-16] DEBUG org.eclipse.jetty.server.HttpOutput - complete(org.eclipse.jetty.util.Callback$3@34483f2) s=CLOSED,api=BLOCKING,sc=false,e=null s=true e=null, c=null
04:06:35.697 [qtp961160488-16] DEBUG org.eclipse.jetty.server.HttpChannelState - completed HttpChannelState@7c2eb6c{s=HANDLING rs=COMPLETING os=COMPLETED is=IDLE awp=false se=false i=false al=0}
04:06:35.697 [qtp961160488-16] DEBUG org.eclipse.jetty.server.HttpChannelState - unhandle HttpChannelState@7c2eb6c{s=HANDLING rs=COMPLETED os=COMPLETED is=IDLE awp=false se=false i=false al=0}
04:06:35.697 [qtp961160488-16] DEBUG org.eclipse.jetty.server.HttpChannelState - nextAction(false) TERMINATED HttpChannelState@7c2eb6c{s=IDLE rs=COMPLETED os=COMPLETED is=IDLE awp=false se=false i=false al=0}
04:06:35.697 [qtp961160488-16] DEBUG org.eclipse.jetty.server.HttpChannel - action TERMINATED HttpChannelOverHttp@6ad36a5a{s=HttpChannelState@7c2eb6c{s=IDLE rs=COMPLETED os=COMPLETED is=IDLE awp=false se=false i=false al=0},r=1,c=true/true,a=IDLE,uri=//localhost:36153/config-minimal.yml,age=6}
04:06:35.697 [qtp961160488-16] DEBUG org.eclipse.jetty.server.HttpChannel - onCompleted for /config-minimal.yml written=1469
04:06:35.697 [qtp961160488-16] DEBUG org.eclipse.jetty.io.ChannelEndPoint - filled 0 HeapByteBuffer@3e2e5006[p=0,l=0,c=8192,r=0]={<<<>>>HTTP/1.1 ...\x00\x00\x00\x00\x00\x00\x00}
04:06:35.698 [qtp961160488-16] DEBUG org.eclipse.jetty.io.ChannelEndPoint - filled 0 HeapByteBuffer@3e2e5006[p=0,l=0,c=8192,r=0]={<<<>>>HTTP/1.1 ...\x00\x00\x00\x00\x00\x00\x00}
04:06:35.698 [qtp961160488-16] DEBUG org.eclipse.jetty.server.HttpConnection - HttpConnection@7550217a::SocketChannelEndPoint@65f242fe{l=/127.0.0.1:36153,r=/127.0.0.1:37688,OPEN,fill=-,flush=-,to=1/3000}{io=0/0,kio=0,kro=1}->HttpConnection@7550217a[p=HttpParser{s=CONTENT,0 of -1},g=HttpGenerator@73b24324{s=END}]=>HttpChannelOverHttp@6ad36a5a{s=HttpChannelState@7c2eb6c{s=IDLE rs=COMPLETED os=COMPLETED is=IDLE awp=false se=false i=false al=0},r=1,c=true/true,a=IDLE,uri=//localhost:36153/config-minimal.yml,age=7} filled 0 HeapByteBuffer@3e2e5006[p=0,l=0,c=8192,r=0]={<<<>>>HTTP/1.1 ...\x00\x00\x00\x00\x00\x00\x00}
04:06:35.698 [qtp961160488-16] DEBUG org.eclipse.jetty.server.HttpConnection - HttpConnection@7550217a::SocketChannelEndPoint@65f242fe{l=/127.0.0.1:36153,r=/127.0.0.1:37688,OPEN,fill=-,flush=-,to=1/3000}{io=0/0,kio=0,kro=1}->HttpConnection@7550217a[p=HttpParser{s=CONTENT,0 of -1},g=HttpGenerator@73b24324{s=END}]=>HttpChannelOverHttp@6ad36a5a{s=HttpChannelState@7c2eb6c{s=IDLE rs=COMPLETED os=COMPLETED is=IDLE awp=false se=false i=false al=0},r=1,c=true/true,a=IDLE,uri=//localhost:36153/config-minimal.yml,age=7} parse HeapByteBuffer@3e2e5006[p=0,l=0,c=8192,r=0]={<<<>>>HTTP/1.1 ...\x00\x00\x00\x00\x00\x00\x00} {}
04:06:35.698 [qtp961160488-16] DEBUG org.eclipse.jetty.http.HttpParser - parseNext s=CONTENT HeapByteBuffer@3e2e5006[p=0,l=0,c=8192,r=0]={<<<>>>HTTP/1.1 ...\x00\x00\x00\x00\x00\x00\x00}
04:06:35.698 [qtp961160488-16] DEBUG org.eclipse.jetty.http.HttpParser - CONTENT --> CONTENT_END
04:06:35.698 [qtp961160488-16] DEBUG org.eclipse.jetty.server.HttpChannel - onContentComplete HttpChannelOverHttp@6ad36a5a{s=HttpChannelState@7c2eb6c{s=IDLE rs=COMPLETED os=COMPLETED is=IDLE awp=false se=false i=false al=0},r=1,c=true/true,a=IDLE,uri=//localhost:36153/config-minimal.yml,age=7}
04:06:35.698 [qtp961160488-16] DEBUG org.eclipse.jetty.http.HttpParser - CONTENT_END --> END
04:06:35.698 [qtp961160488-16] DEBUG org.eclipse.jetty.server.HttpChannel - onRequestComplete HttpChannelOverHttp@6ad36a5a{s=HttpChannelState@7c2eb6c{s=IDLE rs=COMPLETED os=COMPLETED is=IDLE awp=false se=false i=false al=0},r=1,c=true/true,a=IDLE,uri=//localhost:36153/config-minimal.yml,age=7}
04:06:35.698 [qtp961160488-16] DEBUG org.eclipse.jetty.server.HttpInput - HttpInputOverHTTP@5ab44232[c=0,q=0,[0]=null,s=STREAM] addContent EOF
04:06:35.698 [qtp961160488-16] DEBUG org.eclipse.jetty.server.HttpConnection - HttpConnection@7550217a::SocketChannelEndPoint@65f242fe{l=/127.0.0.1:36153,r=/127.0.0.1:37688,OPEN,fill=-,flush=-,to=2/3000}{io=0/0,kio=0,kro=1}->HttpConnection@7550217a[p=HttpParser{s=END,0 of -1},g=HttpGenerator@73b24324{s=END}]=>HttpChannelOverHttp@6ad36a5a{s=HttpChannelState@7c2eb6c{s=IDLE rs=COMPLETED os=COMPLETED is=IDLE awp=false se=false i=false al=0},r=1,c=true/true,a=IDLE,uri=//localhost:36153/config-minimal.yml,age=7} parsed false HttpParser{s=END,0 of -1}
04:06:35.698 [qtp961160488-16] DEBUG org.eclipse.jetty.server.HttpConnection - releaseRequestBuffer HttpConnection@7550217a::SocketChannelEndPoint@65f242fe{l=/127.0.0.1:36153,r=/127.0.0.1:37688,OPEN,fill=-,flush=-,to=2/3000}{io=0/0,kio=0,kro=1}->HttpConnection@7550217a[p=HttpParser{s=END,0 of -1},g=HttpGenerator@73b24324{s=END}]=>HttpChannelOverHttp@6ad36a5a{s=HttpChannelState@7c2eb6c{s=IDLE rs=COMPLETED os=COMPLETED is=IDLE awp=false se=false i=false al=0},r=1,c=true/true,a=IDLE,uri=//localhost:36153/config-minimal.yml,age=7}
04:06:35.698 [qtp961160488-16] DEBUG org.eclipse.jetty.server.HttpChannelState - recycle HttpChannelState@7c2eb6c{s=IDLE rs=COMPLETED os=COMPLETED is=IDLE awp=false se=false i=false al=0}
04:06:35.699 [qtp961160488-16] DEBUG org.eclipse.jetty.http.HttpParser - reset HttpParser{s=END,0 of -1}
04:06:35.699 [qtp961160488-16] DEBUG org.eclipse.jetty.http.HttpParser - END --> START
04:06:35.699 [qtp961160488-16] DEBUG org.eclipse.jetty.server.HttpChannel - !handle TERMINATED HttpChannelOverHttp@6ad36a5a{s=HttpChannelState@7c2eb6c{s=IDLE rs=BLOCKING os=OPEN is=IDLE awp=false se=false i=true al=0},r=1,c=false/false,a=IDLE,uri=null,age=0}
04:06:35.699 [qtp961160488-16] DEBUG org.eclipse.jetty.io.ChannelEndPoint - filled 0 HeapByteBuffer@3e2e5006[p=0,l=0,c=8192,r=0]={<<<>>>HTTP/1.1 ...\x00\x00\x00\x00\x00\x00\x00}
04:06:35.699 [qtp961160488-16] DEBUG org.eclipse.jetty.io.ChannelEndPoint - filled 0 HeapByteBuffer@3e2e5006[p=0,l=0,c=8192,r=0]={<<<>>>HTTP/1.1 ...\x00\x00\x00\x00\x00\x00\x00}
04:06:35.699 [qtp961160488-16] DEBUG org.eclipse.jetty.server.HttpConnection - HttpConnection@7550217a::SocketChannelEndPoint@65f242fe{l=/127.0.0.1:36153,r=/127.0.0.1:37688,OPEN,fill=-,flush=-,to=3/3000}{io=0/0,kio=0,kro=1}->HttpConnection@7550217a[p=HttpParser{s=START,0 of -1},g=HttpGenerator@73b24324{s=START}]=>HttpChannelOverHttp@6ad36a5a{s=HttpChannelState@7c2eb6c{s=IDLE rs=BLOCKING os=OPEN is=IDLE awp=false se=false i=true al=0},r=1,c=false/false,a=IDLE,uri=null,age=0} filled 0 HeapByteBuffer@3e2e5006[p=0,l=0,c=8192,r=0]={<<<>>>HTTP/1.1 ...\x00\x00\x00\x00\x00\x00\x00}
04:06:35.699 [qtp961160488-16] DEBUG org.eclipse.jetty.server.HttpConnection - HttpConnection@7550217a::SocketChannelEndPoint@65f242fe{l=/127.0.0.1:36153,r=/127.0.0.1:37688,OPEN,fill=-,flush=-,to=3/3000}{io=0/0,kio=0,kro=1}->HttpConnection@7550217a[p=HttpParser{s=START,0 of -1},g=HttpGenerator@73b24324{s=START}]=>HttpChannelOverHttp@6ad36a5a{s=HttpChannelState@7c2eb6c{s=IDLE rs=BLOCKING os=OPEN is=IDLE awp=false se=false i=true al=0},r=1,c=false/false,a=IDLE,uri=null,age=0} parse HeapByteBuffer@3e2e5006[p=0,l=0,c=8192,r=0]={<<<>>>HTTP/1.1 ...\x00\x00\x00\x00\x00\x00\x00} {}
04:06:35.699 [qtp961160488-16] DEBUG org.eclipse.jetty.http.HttpParser - parseNext s=START HeapByteBuffer@3e2e5006[p=0,l=0,c=8192,r=0]={<<<>>>HTTP/1.1 ...\x00\x00\x00\x00\x00\x00\x00}
04:06:35.699 [qtp961160488-16] DEBUG org.eclipse.jetty.server.HttpConnection - HttpConnection@7550217a::SocketChannelEndPoint@65f242fe{l=/127.0.0.1:36153,r=/127.0.0.1:37688,OPEN,fill=-,flush=-,to=3/3000}{io=0/0,kio=0,kro=1}->HttpConnection@7550217a[p=HttpParser{s=START,0 of -1},g=HttpGenerator@73b24324{s=START}]=>HttpChannelOverHttp@6ad36a5a{s=HttpChannelState@7c2eb6c{s=IDLE rs=BLOCKING os=OPEN is=IDLE awp=false se=false i=true al=0},r=1,c=false/false,a=IDLE,uri=null,age=0} parsed false HttpParser{s=START,0 of -1}
04:06:35.700 [qtp961160488-16] DEBUG org.eclipse.jetty.server.HttpConnection - releaseRequestBuffer HttpConnection@7550217a::SocketChannelEndPoint@65f242fe{l=/127.0.0.1:36153,r=/127.0.0.1:37688,OPEN,fill=-,flush=-,to=3/3000}{io=0/0,kio=0,kro=1}->HttpConnection@7550217a[p=HttpParser{s=START,0 of -1},g=HttpGenerator@73b24324{s=START}]=>HttpChannelOverHttp@6ad36a5a{s=HttpChannelState@7c2eb6c{s=IDLE rs=BLOCKING os=OPEN is=IDLE awp=false se=false i=true al=0},r=1,c=false/false,a=IDLE,uri=null,age=0}
04:06:35.700 [qtp961160488-16] DEBUG org.eclipse.jetty.io.AbstractConnection - fillInterested HttpConnection@7550217a::SocketChannelEndPoint@65f242fe{l=/127.0.0.1:36153,r=/127.0.0.1:37688,OPEN,fill=-,flush=-,to=3/3000}{io=0/0,kio=0,kro=1}->HttpConnection@7550217a[p=HttpParser{s=START,0 of -1},g=HttpGenerator@73b24324{s=START}]=>HttpChannelOverHttp@6ad36a5a{s=HttpChannelState@7c2eb6c{s=IDLE rs=BLOCKING os=OPEN is=IDLE awp=false se=false i=true al=0},r=1,c=false/false,a=IDLE,uri=null,age=0}
04:06:35.700 [qtp961160488-16] DEBUG org.eclipse.jetty.io.FillInterest - interested FillInterest@633b5fb5{AC.ReadCB@7550217a{HttpConnection@7550217a::SocketChannelEndPoint@65f242fe{l=/127.0.0.1:36153,r=/127.0.0.1:37688,OPEN,fill=FI,flush=-,to=0/3000}{io=0/0,kio=0,kro=1}->HttpConnection@7550217a[p=HttpParser{s=START,0 of -1},g=HttpGenerator@73b24324{s=START}]=>HttpChannelOverHttp@6ad36a5a{s=HttpChannelState@7c2eb6c{s=IDLE rs=BLOCKING os=OPEN is=IDLE awp=false se=false i=true al=0},r=1,c=false/false,a=IDLE,uri=null,age=0}}}
04:06:35.700 [qtp961160488-16] DEBUG org.eclipse.jetty.io.ChannelEndPoint - changeInterests p=false 0->1 for SocketChannelEndPoint@65f242fe{l=/127.0.0.1:36153,r=/127.0.0.1:37688,OPEN,fill=FI,flush=-,to=0/3000}{io=0/1,kio=0,kro=1}->HttpConnection@7550217a[p=HttpParser{s=START,0 of -1},g=HttpGenerator@73b24324{s=START}]=>HttpChannelOverHttp@6ad36a5a{s=HttpChannelState@7c2eb6c{s=IDLE rs=BLOCKING os=OPEN is=IDLE awp=false se=false i=true al=0},r=1,c=false/false,a=IDLE,uri=null,age=0}
04:06:35.700 [qtp961160488-16] DEBUG org.eclipse.jetty.io.ManagedSelector - Queued change lazy=false org.eclipse.jetty.io.ChannelEndPoint$$Lambda$255/2121444922@1714f959 on ManagedSelector@4803b726{STARTED} id=1 keys=2 selected=0 updates=0
04:06:35.700 [qtp961160488-16] DEBUG org.eclipse.jetty.io.ManagedSelector - Wakeup on submit ManagedSelector@4803b726{STARTED} id=1 keys=2 selected=0 updates=1
04:06:35.700 [qtp961160488-21] DEBUG org.eclipse.jetty.io.ManagedSelector - Selector sun.nio.ch.EPollSelectorImpl@736a5ca1 woken with none selected
04:06:35.700 [qtp961160488-21] DEBUG org.eclipse.jetty.io.ManagedSelector - Selector sun.nio.ch.EPollSelectorImpl@736a5ca1 woken up from select, 0/0/2 selected
04:06:35.700 [qtp961160488-21] DEBUG org.eclipse.jetty.io.ManagedSelector - Selector sun.nio.ch.EPollSelectorImpl@736a5ca1 processing 0 keys, 1 updates
04:06:35.700 [qtp961160488-21] DEBUG org.eclipse.jetty.io.ManagedSelector - updateable 1
04:06:35.700 [qtp961160488-16] DEBUG org.eclipse.jetty.server.HttpConnection - HttpConnection@7550217a::SocketChannelEndPoint@65f242fe{l=/127.0.0.1:36153,r=/127.0.0.1:37688,OPEN,fill=FI,flush=-,to=0/3000}{io=0/1,kio=0,kro=1}->HttpConnection@7550217a[p=HttpParser{s=START,0 of -1},g=HttpGenerator@73b24324{s=START}]=>HttpChannelOverHttp@6ad36a5a{s=HttpChannelState@7c2eb6c{s=IDLE rs=BLOCKING os=OPEN is=IDLE awp=false se=false i=true al=0},r=1,c=false/false,a=IDLE,uri=null,age=0} onFillable exit HttpChannelState@7c2eb6c{s=IDLE rs=BLOCKING os=OPEN is=IDLE awp=false se=false i=true al=0} null
04:06:35.700 [qtp961160488-21] DEBUG org.eclipse.jetty.io.ManagedSelector - update org.eclipse.jetty.io.ChannelEndPoint$$Lambda$255/2121444922@1714f959
04:06:35.700 [qtp961160488-16] DEBUG org.eclipse.jetty.util.thread.QueuedThreadPool - ran org.eclipse.jetty.io.ManagedSelector$$Lambda$253/838473569@2c1b194a in QueuedThreadPool[qtp961160488]@394a2528{STARTED,8<=8<=200,i=1,r=-1,q=0}[ReservedThreadExecutor@383bfa16{reserved=1/8,pending=0}]
04:06:35.700 [qtp961160488-21] DEBUG org.eclipse.jetty.io.ChannelEndPoint - Key interests updated 0 -> 1 on SocketChannelEndPoint@65f242fe{l=/127.0.0.1:36153,r=/127.0.0.1:37688,OPEN,fill=FI,flush=-,to=0/3000}{io=1/1,kio=1,kro=1}->HttpConnection@7550217a[p=HttpParser{s=START,0 of -1},g=HttpGenerator@73b24324{s=START}]=>HttpChannelOverHttp@6ad36a5a{s=HttpChannelState@7c2eb6c{s=IDLE rs=BLOCKING os=OPEN is=IDLE awp=false se=false i=true al=0},r=1,c=false/false,a=IDLE,uri=null,age=0}
04:06:35.700 [qtp961160488-21] DEBUG org.eclipse.jetty.io.ManagedSelector - updates 0
04:06:35.700 [qtp961160488-21] DEBUG org.eclipse.jetty.io.ManagedSelector - Selector sun.nio.ch.EPollSelectorImpl@736a5ca1 waiting with 2 keys
04:06:35.856 [main] DEBUG org.apache.nifi.minifi.bootstrap.configuration.ingestors.PullHttpChangeIngestor - New change received, notifying listener
04:06:35.856 [main] DEBUG org.apache.nifi.minifi.bootstrap.configuration.ingestors.PullHttpChangeIngestor - Listeners notified
]]></system-out>
  </testcase>
  <testcase name="testNoUpdate" classname="org.apache.nifi.minifi.bootstrap.configuration.ingestors.PullHttpChangeIngestorTest" time="0.007">
    <system-out><![CDATA[04:06:35.865 [main] DEBUG org.apache.nifi.minifi.bootstrap.configuration.ingestors.PullHttpChangeIngestor - Attempting to pull new config
04:06:35.866 [qtp961160488-19-acceptor-0@1e1a0406-ServerConnector@446293d{HTTP/1.1, (http/1.1)}{localhost:36153}] DEBUG org.eclipse.jetty.io.ManagedSelector - Queued change lazy=false Accept@3a6c8b09[java.nio.channels.SocketChannel[connected local=/127.0.0.1:36153 remote=/127.0.0.1:37704]] on ManagedSelector@316bcf94{STARTED} id=2 keys=1 selected=0 updates=0
04:06:35.866 [qtp961160488-19-acceptor-0@1e1a0406-ServerConnector@446293d{HTTP/1.1, (http/1.1)}{localhost:36153}] DEBUG org.eclipse.jetty.io.ManagedSelector - Wakeup on submit ManagedSelector@316bcf94{STARTED} id=2 keys=1 selected=0 updates=1
04:06:35.866 [qtp961160488-20] DEBUG org.eclipse.jetty.io.ManagedSelector - Selector sun.nio.ch.EPollSelectorImpl@13094ca6 woken with none selected
04:06:35.866 [qtp961160488-20] DEBUG org.eclipse.jetty.io.ManagedSelector - Selector sun.nio.ch.EPollSelectorImpl@13094ca6 woken up from select, 0/0/1 selected
04:06:35.866 [qtp961160488-20] DEBUG org.eclipse.jetty.io.ManagedSelector - Selector sun.nio.ch.EPollSelectorImpl@13094ca6 processing 0 keys, 1 updates
04:06:35.866 [qtp961160488-20] DEBUG org.eclipse.jetty.io.ManagedSelector - updateable 1
04:06:35.866 [qtp961160488-20] DEBUG org.eclipse.jetty.io.ManagedSelector - update Accept@3a6c8b09[java.nio.channels.SocketChannel[connected local=/127.0.0.1:36153 remote=/127.0.0.1:37704]]
04:06:35.866 [qtp961160488-20] DEBUG org.eclipse.jetty.util.thread.QueuedThreadPool - queue Accept@3a6c8b09[java.nio.channels.SocketChannel[connected local=/127.0.0.1:36153 remote=/127.0.0.1:37704]] startThread=0
04:06:35.866 [qtp961160488-20] DEBUG org.eclipse.jetty.io.ManagedSelector - updates 0
04:06:35.866 [qtp961160488-20] DEBUG org.eclipse.jetty.io.ManagedSelector - Selector sun.nio.ch.EPollSelectorImpl@13094ca6 waiting with 2 keys
04:06:35.866 [qtp961160488-15] DEBUG org.eclipse.jetty.util.thread.QueuedThreadPool - run Accept@3a6c8b09[java.nio.channels.SocketChannel[connected local=/127.0.0.1:36153 remote=/127.0.0.1:37704]] in QueuedThreadPool[qtp961160488]@394a2528{STARTED,8<=8<=200,i=1,r=-1,q=0}[ReservedThreadExecutor@383bfa16{reserved=1/8,pending=0}]
04:06:35.867 [qtp961160488-15] DEBUG org.eclipse.jetty.io.IdleTimeout - SocketChannelEndPoint@131746b3{l=/127.0.0.1:36153,r=/127.0.0.1:37704,OPEN,fill=-,flush=-,to=0/3000}{io=0/0,kio=0,kro=0}-><null> idle timeout check, elapsed: 0 ms, remaining: 3000 ms
04:06:35.867 [qtp961160488-15] DEBUG org.eclipse.jetty.server.HttpChannel - new HttpChannelOverHttp@7ac72120{s=HttpChannelState@1adbe598{s=IDLE rs=BLOCKING os=OPEN is=IDLE awp=false se=false i=true al=0},r=0,c=false/false,a=IDLE,uri=null,age=0} -> SocketChannelEndPoint@131746b3{l=/127.0.0.1:36153,r=/127.0.0.1:37704,OPEN,fill=-,flush=-,to=0/3000}{io=0/0,kio=0,kro=0}-><null>,null,HttpChannelState@1adbe598{s=IDLE rs=BLOCKING os=OPEN is=IDLE awp=false se=false i=true al=0}
04:06:35.867 [qtp961160488-15] DEBUG org.eclipse.jetty.server.HttpConnection - New HTTP Connection HttpConnection@5d9e3670::SocketChannelEndPoint@131746b3{l=/127.0.0.1:36153,r=/127.0.0.1:37704,OPEN,fill=-,flush=-,to=0/3000}{io=0/0,kio=0,kro=0}-><null>
04:06:35.867 [qtp961160488-15] DEBUG org.eclipse.jetty.io.ManagedSelector - Queued change lazy=true org.eclipse.jetty.io.ManagedSelector$$Lambda$258/2107212988@7495d1ae on ManagedSelector@316bcf94{STARTED} id=2 keys=2 selected=0 updates=0
04:06:35.867 [qtp961160488-15] DEBUG org.eclipse.jetty.io.AbstractEndPoint - onOpen SocketChannelEndPoint@131746b3{l=/127.0.0.1:36153,r=/127.0.0.1:37704,OPEN,fill=-,flush=-,to=0/3000}{io=0/0,kio=0,kro=0}->HttpConnection@5d9e3670[p=HttpParser{s=START,0 of -1},g=HttpGenerator@3798203d{s=START}]=>HttpChannelOverHttp@7ac72120{s=HttpChannelState@1adbe598{s=IDLE rs=BLOCKING os=OPEN is=IDLE awp=false se=false i=true al=0},r=0,c=false/false,a=IDLE,uri=null,age=0}
04:06:35.867 [qtp961160488-15] DEBUG org.eclipse.jetty.io.AbstractConnection - onOpen HttpConnection@5d9e3670::SocketChannelEndPoint@131746b3{l=/127.0.0.1:36153,r=/127.0.0.1:37704,OPEN,fill=-,flush=-,to=0/3000}{io=0/0,kio=0,kro=0}->HttpConnection@5d9e3670[p=HttpParser{s=START,0 of -1},g=HttpGenerator@3798203d{s=START}]=>HttpChannelOverHttp@7ac72120{s=HttpChannelState@1adbe598{s=IDLE rs=BLOCKING os=OPEN is=IDLE awp=false se=false i=true al=0},r=0,c=false/false,a=IDLE,uri=null,age=0}
04:06:35.867 [qtp961160488-15] DEBUG org.eclipse.jetty.io.AbstractConnection - fillInterested HttpConnection@5d9e3670::SocketChannelEndPoint@131746b3{l=/127.0.0.1:36153,r=/127.0.0.1:37704,OPEN,fill=-,flush=-,to=0/3000}{io=0/0,kio=0,kro=0}->HttpConnection@5d9e3670[p=HttpParser{s=START,0 of -1},g=HttpGenerator@3798203d{s=START}]=>HttpChannelOverHttp@7ac72120{s=HttpChannelState@1adbe598{s=IDLE rs=BLOCKING os=OPEN is=IDLE awp=false se=false i=true al=0},r=0,c=false/false,a=IDLE,uri=null,age=0}
04:06:35.867 [qtp961160488-15] DEBUG org.eclipse.jetty.io.FillInterest - interested FillInterest@722af473{AC.ReadCB@5d9e3670{HttpConnection@5d9e3670::SocketChannelEndPoint@131746b3{l=/127.0.0.1:36153,r=/127.0.0.1:37704,OPEN,fill=FI,flush=-,to=0/3000}{io=0/0,kio=0,kro=0}->HttpConnection@5d9e3670[p=HttpParser{s=START,0 of -1},g=HttpGenerator@3798203d{s=START}]=>HttpChannelOverHttp@7ac72120{s=HttpChannelState@1adbe598{s=IDLE rs=BLOCKING os=OPEN is=IDLE awp=false se=false i=true al=0},r=0,c=false/false,a=IDLE,uri=null,age=0}}}
04:06:35.867 [qtp961160488-15] DEBUG org.eclipse.jetty.io.ChannelEndPoint - changeInterests p=false 0->1 for SocketChannelEndPoint@131746b3{l=/127.0.0.1:36153,r=/127.0.0.1:37704,OPEN,fill=FI,flush=-,to=0/3000}{io=0/1,kio=0,kro=0}->HttpConnection@5d9e3670[p=HttpParser{s=START,0 of -1},g=HttpGenerator@3798203d{s=START}]=>HttpChannelOverHttp@7ac72120{s=HttpChannelState@1adbe598{s=IDLE rs=BLOCKING os=OPEN is=IDLE awp=false se=false i=true al=0},r=0,c=false/false,a=IDLE,uri=null,age=0}
04:06:35.867 [qtp961160488-15] DEBUG org.eclipse.jetty.io.ManagedSelector - Queued change lazy=false org.eclipse.jetty.io.ChannelEndPoint$$Lambda$255/2121444922@5e2b61f0 on ManagedSelector@316bcf94{STARTED} id=2 keys=2 selected=0 updates=1
04:06:35.867 [qtp961160488-15] DEBUG org.eclipse.jetty.io.ManagedSelector - Wakeup on submit ManagedSelector@316bcf94{STARTED} id=2 keys=2 selected=0 updates=2
04:06:35.868 [qtp961160488-20] DEBUG org.eclipse.jetty.io.ManagedSelector - Selector sun.nio.ch.EPollSelectorImpl@13094ca6 woken with none selected
04:06:35.868 [qtp961160488-15] DEBUG org.eclipse.jetty.io.ManagedSelector - Created SocketChannelEndPoint@131746b3{l=/127.0.0.1:36153,r=/127.0.0.1:37704,OPEN,fill=FI,flush=-,to=0/3000}{io=0/1,kio=0,kro=0}->HttpConnection@5d9e3670[p=HttpParser{s=START,0 of -1},g=HttpGenerator@3798203d{s=START}]=>HttpChannelOverHttp@7ac72120{s=HttpChannelState@1adbe598{s=IDLE rs=BLOCKING os=OPEN is=IDLE awp=false se=false i=true al=0},r=0,c=false/false,a=IDLE,uri=null,age=0}
04:06:35.868 [qtp961160488-20] DEBUG org.eclipse.jetty.io.ManagedSelector - Selector sun.nio.ch.EPollSelectorImpl@13094ca6 woken up from select, 0/0/2 selected
04:06:35.868 [qtp961160488-20] DEBUG org.eclipse.jetty.io.ManagedSelector - Selector sun.nio.ch.EPollSelectorImpl@13094ca6 processing 0 keys, 2 updates
04:06:35.868 [qtp961160488-20] DEBUG org.eclipse.jetty.io.ManagedSelector - updateable 2
04:06:35.868 [qtp961160488-20] DEBUG org.eclipse.jetty.io.ManagedSelector - update org.eclipse.jetty.io.ManagedSelector$$Lambda$258/2107212988@7495d1ae
04:06:35.868 [qtp961160488-20] DEBUG org.eclipse.jetty.io.ManagedSelector - update org.eclipse.jetty.io.ChannelEndPoint$$Lambda$255/2121444922@5e2b61f0
04:06:35.868 [qtp961160488-15] DEBUG org.eclipse.jetty.util.thread.QueuedThreadPool - ran Accept@3a6c8b09[java.nio.channels.SocketChannel[connected local=/127.0.0.1:36153 remote=/127.0.0.1:37704]] in QueuedThreadPool[qtp961160488]@394a2528{STARTED,8<=8<=200,i=1,r=-1,q=0}[ReservedThreadExecutor@383bfa16{reserved=1/8,pending=0}]
04:06:35.868 [qtp961160488-20] DEBUG org.eclipse.jetty.io.ChannelEndPoint - Key interests updated 0 -> 1 on SocketChannelEndPoint@131746b3{l=/127.0.0.1:36153,r=/127.0.0.1:37704,OPEN,fill=FI,flush=-,to=0/3000}{io=1/1,kio=1,kro=0}->HttpConnection@5d9e3670[p=HttpParser{s=START,0 of -1},g=HttpGenerator@3798203d{s=START}]=>HttpChannelOverHttp@7ac72120{s=HttpChannelState@1adbe598{s=IDLE rs=BLOCKING os=OPEN is=IDLE awp=false se=false i=true al=0},r=0,c=false/false,a=IDLE,uri=null,age=0}
04:06:35.868 [qtp961160488-20] DEBUG org.eclipse.jetty.io.ManagedSelector - updates 0
04:06:35.868 [qtp961160488-20] DEBUG org.eclipse.jetty.io.ManagedSelector - Selector sun.nio.ch.EPollSelectorImpl@13094ca6 waiting with 2 keys
04:06:35.868 [qtp961160488-20] DEBUG org.eclipse.jetty.io.ManagedSelector - Selector sun.nio.ch.EPollSelectorImpl@13094ca6 woken up from select, 1/1/2 selected
04:06:35.868 [qtp961160488-20] DEBUG org.eclipse.jetty.io.ManagedSelector - Selector sun.nio.ch.EPollSelectorImpl@13094ca6 processing 1 keys, 0 updates
04:06:35.868 [qtp961160488-20] DEBUG org.eclipse.jetty.io.ManagedSelector - selected 1 sun.nio.ch.SelectionKeyImpl@342456bf SocketChannelEndPoint@131746b3{l=/127.0.0.1:36153,r=/127.0.0.1:37704,OPEN,fill=FI,flush=-,to=0/3000}{io=1/1,kio=1,kro=1}->HttpConnection@5d9e3670[p=HttpParser{s=START,0 of -1},g=HttpGenerator@3798203d{s=START}]=>HttpChannelOverHttp@7ac72120{s=HttpChannelState@1adbe598{s=IDLE rs=BLOCKING os=OPEN is=IDLE awp=false se=false i=true al=0},r=0,c=false/false,a=IDLE,uri=null,age=0} 
04:06:35.868 [qtp961160488-20] DEBUG org.eclipse.jetty.io.ChannelEndPoint - onSelected 1->0 r=true w=false for SocketChannelEndPoint@131746b3{l=/127.0.0.1:36153,r=/127.0.0.1:37704,OPEN,fill=FI,flush=-,to=0/3000}{io=1/0,kio=1,kro=1}->HttpConnection@5d9e3670[p=HttpParser{s=START,0 of -1},g=HttpGenerator@3798203d{s=START}]=>HttpChannelOverHttp@7ac72120{s=HttpChannelState@1adbe598{s=IDLE rs=BLOCKING os=OPEN is=IDLE awp=false se=false i=true al=0},r=0,c=false/false,a=IDLE,uri=null,age=0}
04:06:35.868 [qtp961160488-20] DEBUG org.eclipse.jetty.io.ChannelEndPoint - task CEP:SocketChannelEndPoint@131746b3{l=/127.0.0.1:36153,r=/127.0.0.1:37704,OPEN,fill=FI,flush=-,to=0/3000}{io=1/0,kio=1,kro=1}->HttpConnection@5d9e3670[p=HttpParser{s=START,0 of -1},g=HttpGenerator@3798203d{s=START}]=>HttpChannelOverHttp@7ac72120{s=HttpChannelState@1adbe598{s=IDLE rs=BLOCKING os=OPEN is=IDLE awp=false se=false i=true al=0},r=0,c=false/false,a=IDLE,uri=null,age=0}:runFillable:BLOCKING
04:06:35.868 [qtp961160488-20] DEBUG org.eclipse.jetty.util.thread.ReservedThreadExecutor - ReservedThreadExecutor@383bfa16{reserved=1/8,pending=0} tryExecute EatWhatYouKill@ffaa6af/SelectorProducer@53ce1329/PRODUCING/p=false/QueuedThreadPool[qtp961160488]@394a2528{STARTED,8<=8<=200,i=2,r=-1,q=0}[ReservedThreadExecutor@383bfa16{reserved=1/8,pending=0}][pc=0,pic=0,pec=0,epc=1]@2024-05-02T04:06:35.868+01:00
04:06:35.868 [qtp961160488-20] DEBUG org.eclipse.jetty.util.thread.ReservedThreadExecutor - ReservedThreadExecutor@383bfa16{reserved=0/8,pending=1} startReservedThread p=1
04:06:35.868 [qtp961160488-20] DEBUG org.eclipse.jetty.util.thread.QueuedThreadPool - queue ReservedThread@301bd4e3{PENDING,thread=null} startThread=0
04:06:35.868 [qtp961160488-16] DEBUG org.eclipse.jetty.util.thread.QueuedThreadPool - run ReservedThread@301bd4e3{PENDING,thread=null} in QueuedThreadPool[qtp961160488]@394a2528{STARTED,8<=8<=200,i=1,r=-1,q=0}[ReservedThreadExecutor@383bfa16{reserved=0/8,pending=1}]
04:06:35.868 [qtp961160488-16] DEBUG org.eclipse.jetty.util.thread.ReservedThreadExecutor - ReservedThread@301bd4e3{PENDING,thread=Thread[qtp961160488-16,5,main]} was=PENDING next=RESERVED size=0+1 capacity=8
04:06:35.868 [qtp961160488-16] DEBUG org.eclipse.jetty.util.thread.ReservedThreadExecutor - ReservedThread@301bd4e3{RESERVED,thread=Thread[qtp961160488-16,5,main]} waiting ReservedThreadExecutor@383bfa16{reserved=1/8,pending=0}
04:06:35.868 [qtp961160488-18] DEBUG org.eclipse.jetty.util.thread.ReservedThreadExecutor - ReservedThread@8099970{RESERVED,thread=Thread[qtp961160488-18,5,main]} task=EatWhatYouKill@ffaa6af/SelectorProducer@53ce1329/IDLE/p=true/QueuedThreadPool[qtp961160488]@394a2528{STARTED,8<=8<=200,i=1,r=-1,q=0}[ReservedThreadExecutor@383bfa16{reserved=0/8,pending=1}][pc=0,pic=0,pec=0,epc=1]@2024-05-02T04:06:35.868+01:00 ReservedThreadExecutor@383bfa16{reserved=1/8,pending=0}
04:06:35.869 [qtp961160488-20] DEBUG org.eclipse.jetty.util.thread.strategy.EatWhatYouKill - EatWhatYouKill@ffaa6af/SelectorProducer@53ce1329/IDLE/p=true/QueuedThreadPool[qtp961160488]@394a2528{STARTED,8<=8<=200,i=1,r=-1,q=0}[ReservedThreadExecutor@383bfa16{reserved=1/8,pending=0}][pc=0,pic=0,pec=0,epc=1]@2024-05-02T04:06:35.868+01:00 m=EXECUTE_PRODUCE_CONSUME t=CEP:SocketChannelEndPoint@131746b3{l=/127.0.0.1:36153,r=/127.0.0.1:37704,OPEN,fill=FI,flush=-,to=1/3000}{io=1/0,kio=1,kro=1}->HttpConnection@5d9e3670[p=HttpParser{s=START,0 of -1},g=HttpGenerator@3798203d{s=START}]=>HttpChannelOverHttp@7ac72120{s=HttpChannelState@1adbe598{s=IDLE rs=BLOCKING os=OPEN is=IDLE awp=false se=false i=true al=0},r=0,c=false/false,a=IDLE,uri=null,age=0}:runFillable:BLOCKING/BLOCKING
04:06:35.869 [qtp961160488-18] DEBUG org.eclipse.jetty.util.thread.strategy.EatWhatYouKill - EatWhatYouKill@ffaa6af/SelectorProducer@53ce1329/IDLE/p=true/QueuedThreadPool[qtp961160488]@394a2528{STARTED,8<=8<=200,i=1,r=-1,q=0}[ReservedThreadExecutor@383bfa16{reserved=1/8,pending=0}][pc=0,pic=0,pec=0,epc=1]@2024-05-02T04:06:35.869+01:00 tryProduce true
04:06:35.869 [qtp961160488-18] DEBUG org.eclipse.jetty.io.ManagedSelector - updateable 0
04:06:35.869 [qtp961160488-18] DEBUG org.eclipse.jetty.io.ManagedSelector - updates 0
04:06:35.869 [qtp961160488-20] DEBUG org.eclipse.jetty.io.FillInterest - fillable FillInterest@722af473{AC.ReadCB@5d9e3670{HttpConnection@5d9e3670::SocketChannelEndPoint@131746b3{l=/127.0.0.1:36153,r=/127.0.0.1:37704,OPEN,fill=FI,flush=-,to=1/3000}{io=1/0,kio=1,kro=1}->HttpConnection@5d9e3670[p=HttpParser{s=START,0 of -1},g=HttpGenerator@3798203d{s=START}]=>HttpChannelOverHttp@7ac72120{s=HttpChannelState@1adbe598{s=IDLE rs=BLOCKING os=OPEN is=IDLE awp=false se=false i=true al=0},r=0,c=false/false,a=IDLE,uri=null,age=0}}}
04:06:35.869 [qtp961160488-20] DEBUG org.eclipse.jetty.server.HttpConnection - HttpConnection@5d9e3670::SocketChannelEndPoint@131746b3{l=/127.0.0.1:36153,r=/127.0.0.1:37704,OPEN,fill=-,flush=-,to=1/3000}{io=0/0,kio=0,kro=1}->HttpConnection@5d9e3670[p=HttpParser{s=START,0 of -1},g=HttpGenerator@3798203d{s=START}]=>HttpChannelOverHttp@7ac72120{s=HttpChannelState@1adbe598{s=IDLE rs=BLOCKING os=OPEN is=IDLE awp=false se=false i=true al=0},r=0,c=false/false,a=IDLE,uri=null,age=0} onFillable enter HttpChannelState@1adbe598{s=IDLE rs=BLOCKING os=OPEN is=IDLE awp=false se=false i=true al=0} null
04:06:35.869 [qtp961160488-18] DEBUG org.eclipse.jetty.io.ChannelEndPoint - Key interests updated 1 -> 0 on SocketChannelEndPoint@131746b3{l=/127.0.0.1:36153,r=/127.0.0.1:37704,OPEN,fill=FI,flush=-,to=1/3000}{io=0/0,kio=0,kro=1}->HttpConnection@5d9e3670[p=HttpParser{s=START,0 of -1},g=HttpGenerator@3798203d{s=START}]=>HttpChannelOverHttp@7ac72120{s=HttpChannelState@1adbe598{s=IDLE rs=BLOCKING os=OPEN is=IDLE awp=false se=false i=true al=0},r=0,c=false/false,a=IDLE,uri=null,age=0}
04:06:35.869 [qtp961160488-18] DEBUG org.eclipse.jetty.io.ManagedSelector - Selector sun.nio.ch.EPollSelectorImpl@13094ca6 waiting with 2 keys
04:06:35.869 [qtp961160488-20] DEBUG org.eclipse.jetty.io.ChannelEndPoint - filled 115 HeapByteBuffer@3e2e5006[p=0,l=115,c=8192,r=115]={<<<GET / HTTP/1.1\r\nHost: loc...gent: okhttp/3.12.3\r\n\r\n>>>nt-Length...\x00\x00\x00\x00\x00\x00\x00}
04:06:35.869 [qtp961160488-20] DEBUG org.eclipse.jetty.server.HttpConnection - HttpConnection@5d9e3670::SocketChannelEndPoint@131746b3{l=/127.0.0.1:36153,r=/127.0.0.1:37704,OPEN,fill=-,flush=-,to=0/3000}{io=0/0,kio=0,kro=1}->HttpConnection@5d9e3670[p=HttpParser{s=START,0 of -1},g=HttpGenerator@3798203d{s=START}]=>HttpChannelOverHttp@7ac72120{s=HttpChannelState@1adbe598{s=IDLE rs=BLOCKING os=OPEN is=IDLE awp=false se=false i=true al=0},r=0,c=false/false,a=IDLE,uri=null,age=0} filled 115 HeapByteBuffer@3e2e5006[p=0,l=115,c=8192,r=115]={<<<GET / HTTP/1.1\r\nHost: loc...gent: okhttp/3.12.3\r\n\r\n>>>nt-Length...\x00\x00\x00\x00\x00\x00\x00}
04:06:35.869 [qtp961160488-20] DEBUG org.eclipse.jetty.server.HttpConnection - HttpConnection@5d9e3670::SocketChannelEndPoint@131746b3{l=/127.0.0.1:36153,r=/127.0.0.1:37704,OPEN,fill=-,flush=-,to=0/3000}{io=0/0,kio=0,kro=1}->HttpConnection@5d9e3670[p=HttpParser{s=START,0 of -1},g=HttpGenerator@3798203d{s=START}]=>HttpChannelOverHttp@7ac72120{s=HttpChannelState@1adbe598{s=IDLE rs=BLOCKING os=OPEN is=IDLE awp=false se=false i=true al=0},r=0,c=false/false,a=IDLE,uri=null,age=0} parse HeapByteBuffer@3e2e5006[p=0,l=115,c=8192,r=115]={<<<GET / HTTP/1.1\r\nHost: loc...gent: okhttp/3.12.3\r\n\r\n>>>nt-Length...\x00\x00\x00\x00\x00\x00\x00} {}
04:06:35.869 [qtp961160488-20] DEBUG org.eclipse.jetty.http.HttpParser - parseNext s=START HeapByteBuffer@3e2e5006[p=0,l=115,c=8192,r=115]={<<<GET / HTTP/1.1\r\nHost: loc...gent: okhttp/3.12.3\r\n\r\n>>>nt-Length...\x00\x00\x00\x00\x00\x00\x00}
04:06:35.869 [qtp961160488-20] DEBUG org.eclipse.jetty.http.HttpParser - START --> SPACE1
04:06:35.869 [qtp961160488-20] DEBUG org.eclipse.jetty.http.HttpParser - SPACE1 --> URI
04:06:35.869 [qtp961160488-20] DEBUG org.eclipse.jetty.http.HttpParser - URI --> SPACE2
04:06:35.869 [qtp961160488-20] DEBUG org.eclipse.jetty.http.HttpParser - SPACE2 --> REQUEST_VERSION
04:06:35.869 [qtp961160488-20] DEBUG org.eclipse.jetty.http.HttpParser - REQUEST_VERSION --> HEADER
04:06:35.869 [qtp961160488-20] DEBUG org.eclipse.jetty.http.HttpParser - HEADER:Host --> VALUE
04:06:35.869 [qtp961160488-20] DEBUG org.eclipse.jetty.http.HttpParser - HEADER:Host --> IN_VALUE
04:06:35.869 [qtp961160488-20] DEBUG org.eclipse.jetty.http.HttpParser - HEADER:Host --> FIELD
04:06:35.869 [qtp961160488-20] DEBUG org.eclipse.jetty.http.HttpParser - HEADER:Connection: keep-alive --> IN_VALUE
04:06:35.869 [qtp961160488-20] DEBUG org.eclipse.jetty.http.HttpParser - HEADER:Connection: keep-alive --> FIELD
04:06:35.869 [qtp961160488-20] DEBUG org.eclipse.jetty.http.HttpParser - HEADER:Accept-Encoding: gzip --> IN_VALUE
04:06:35.869 [qtp961160488-20] DEBUG org.eclipse.jetty.http.HttpParser - HEADER:Accept-Encoding: gzip --> FIELD
04:06:35.869 [qtp961160488-20] DEBUG org.eclipse.jetty.http.HttpParser - HEADER:User-Agent --> VALUE
04:06:35.869 [qtp961160488-20] DEBUG org.eclipse.jetty.http.HttpParser - HEADER:User-Agent --> IN_VALUE
04:06:35.869 [qtp961160488-20] DEBUG org.eclipse.jetty.http.HttpParser - HEADER:User-Agent --> FIELD
04:06:35.869 [qtp961160488-20] DEBUG org.eclipse.jetty.http.HttpParser - HEADER --> CONTENT
04:06:35.869 [qtp961160488-20] DEBUG org.eclipse.jetty.server.HttpChannel - REQUEST for //localhost:36153/ on HttpChannelOverHttp@7ac72120{s=HttpChannelState@1adbe598{s=IDLE rs=BLOCKING os=OPEN is=IDLE awp=false se=false i=true al=0},r=1,c=false/false,a=IDLE,uri=//localhost:36153/,age=0}
GET //localhost:36153/ HTTP/1.1
Host: localhost:36153
Connection: keep-alive
Accept-Encoding: gzip
User-Agent: okhttp/3.12.3


04:06:35.870 [qtp961160488-20] DEBUG org.eclipse.jetty.server.HttpConnection - HttpConnection@5d9e3670::SocketChannelEndPoint@131746b3{l=/127.0.0.1:36153,r=/127.0.0.1:37704,OPEN,fill=-,flush=-,to=0/3000}{io=0/0,kio=0,kro=1}->HttpConnection@5d9e3670[p=HttpParser{s=CONTENT,0 of -1},g=HttpGenerator@3798203d{s=START}]=>HttpChannelOverHttp@7ac72120{s=HttpChannelState@1adbe598{s=IDLE rs=BLOCKING os=OPEN is=IDLE awp=false se=false i=true al=0},r=1,c=false/false,a=IDLE,uri=//localhost:36153/,age=1} parsed true HttpParser{s=CONTENT,0 of -1}
04:06:35.870 [qtp961160488-20] DEBUG org.eclipse.jetty.server.HttpConnection - releaseRequestBuffer HttpConnection@5d9e3670::SocketChannelEndPoint@131746b3{l=/127.0.0.1:36153,r=/127.0.0.1:37704,OPEN,fill=-,flush=-,to=0/3000}{io=0/0,kio=0,kro=1}->HttpConnection@5d9e3670[p=HttpParser{s=CONTENT,0 of -1},g=HttpGenerator@3798203d{s=START}]=>HttpChannelOverHttp@7ac72120{s=HttpChannelState@1adbe598{s=IDLE rs=BLOCKING os=OPEN is=IDLE awp=false se=false i=true al=0},r=1,c=false/false,a=IDLE,uri=//localhost:36153/,age=1}
04:06:35.870 [qtp961160488-20] DEBUG org.eclipse.jetty.server.HttpChannel - handle //localhost:36153/ HttpChannelOverHttp@7ac72120{s=HttpChannelState@1adbe598{s=IDLE rs=BLOCKING os=OPEN is=IDLE awp=false se=false i=true al=0},r=1,c=false/false,a=IDLE,uri=//localhost:36153/,age=1} 
04:06:35.870 [qtp961160488-20] DEBUG org.eclipse.jetty.server.HttpChannelState - handling HttpChannelState@1adbe598{s=IDLE rs=BLOCKING os=OPEN is=IDLE awp=false se=false i=true al=0}
04:06:35.870 [qtp961160488-20] DEBUG org.eclipse.jetty.server.HttpChannel - action DISPATCH HttpChannelOverHttp@7ac72120{s=HttpChannelState@1adbe598{s=HANDLING rs=BLOCKING os=OPEN is=IDLE awp=false se=false i=true al=0},r=1,c=false/false,a=HANDLING,uri=//localhost:36153/,age=1}
04:06:35.870 [qtp961160488-20] DEBUG org.eclipse.jetty.server.Server - REQUEST GET / on HttpChannelOverHttp@7ac72120{s=HttpChannelState@1adbe598{s=HANDLING rs=BLOCKING os=OPEN is=IDLE awp=false se=false i=true al=0},r=1,c=false/false,a=HANDLING,uri=//localhost:36153/,age=1}
04:06:35.870 [qtp961160488-20] DEBUG org.eclipse.jetty.server.HttpOutput - write(array HeapByteBuffer@75195c84[p=0,l=4,c=512,r=4]={<<<test>>>\x00\x00\x00\x00\x00\x00\x00\x00\x00...\x00\x00\x00\x00\x00\x00\x00})
04:06:35.870 [qtp961160488-20] DEBUG org.eclipse.jetty.server.HttpOutput - write(array) s=CLOSING,api=BLOCKED,sc=false,e=null last=true agg=false flush=true async=false, len=4 null
04:06:35.870 [qtp961160488-20] DEBUG org.eclipse.jetty.server.HttpChannel - sendResponse info=null content=HeapByteBuffer@52a16a93[p=0,l=4,c=512,r=4]={<<<test>>>\x00\x00\x00\x00\x00\x00\x00\x00\x00...\x00\x00\x00\x00\x00\x00\x00} complete=true committing=true callback=Blocker@44264fd6{null}
04:06:35.870 [qtp961160488-20] DEBUG org.eclipse.jetty.server.HttpChannel - COMMIT for / on HttpChannelOverHttp@7ac72120{s=HttpChannelState@1adbe598{s=HANDLING rs=BLOCKING os=COMMITTED is=IDLE awp=false se=false i=true al=0},r=1,c=false/false,a=HANDLING,uri=//localhost:36153/,age=1}
200 null HTTP/1.1
Date: Thu, 02 May 2024 03:06:35 GMT
ETag: testEtag
Content-Type: text/plain;charset=utf-8
Content-Length: 4


04:06:35.870 [qtp961160488-20] DEBUG org.eclipse.jetty.server.HttpConnection - generate: NEED_HEADER for SendCallback@2a74277d[PROCESSING][i=HTTP/1.1{s=200,h=4,cl=4},cb=org.eclipse.jetty.server.HttpChannel$SendCallback@1536a3cb] (null,[p=0,l=4,c=512,r=4],true)@START
04:06:35.870 [qtp961160488-20] DEBUG org.eclipse.jetty.http.HttpGenerator - generateHeaders HTTP/1.1{s=200,h=4,cl=4} last=true content=HeapByteBuffer@52a16a93[p=0,l=4,c=512,r=4]={<<<test>>>\x00\x00\x00\x00\x00\x00\x00\x00\x00...\x00\x00\x00\x00\x00\x00\x00}
04:06:35.870 [qtp961160488-20] DEBUG org.eclipse.jetty.http.HttpGenerator - Date: Thu, 02 May 2024 03:06:35 GMT
ETag: testEtag
Content-Type: text/plain;charset=utf-8
Content-Length: 4


04:06:35.870 [qtp961160488-20] DEBUG org.eclipse.jetty.http.HttpGenerator - CONTENT_LENGTH
04:06:35.870 [qtp961160488-20] DEBUG org.eclipse.jetty.server.HttpConnection - generate: FLUSH for SendCallback@2a74277d[PROCESSING][i=HTTP/1.1{s=200,h=4,cl=4},cb=org.eclipse.jetty.server.HttpChannel$SendCallback@1536a3cb] ([p=0,l=164,c=8192,r=164],[p=0,l=4,c=512,r=4],true)@COMPLETING
04:06:35.870 [qtp961160488-20] DEBUG org.eclipse.jetty.io.WriteFlusher - write: WriteFlusher@4c1ab60c{IDLE}->null [HeapByteBuffer@3e2e5006[p=0,l=164,c=8192,r=164]={<<<HTTP/1.1 200 OK\r\nDate: Th...y(9.4.44.v20210927)\r\n\r\n>>>\n\r\n\x00\x00\x00\x00\x00\x00...\x00\x00\x00\x00\x00\x00\x00},HeapByteBuffer@52a16a93[p=0,l=4,c=512,r=4]={<<<test>>>\x00\x00\x00\x00\x00\x00\x00\x00\x00...\x00\x00\x00\x00\x00\x00\x00}]
04:06:35.870 [qtp961160488-20] DEBUG org.eclipse.jetty.io.WriteFlusher - update WriteFlusher@4c1ab60c{WRITING}->null:IDLE-->WRITING
04:06:35.870 [qtp961160488-20] DEBUG org.eclipse.jetty.io.ChannelEndPoint - flushed 168 SocketChannelEndPoint@131746b3{l=/127.0.0.1:36153,r=/127.0.0.1:37704,OPEN,fill=-,flush=W,to=1/3000}{io=0/0,kio=0,kro=1}->HttpConnection@5d9e3670[p=HttpParser{s=CONTENT,0 of -1},g=HttpGenerator@3798203d{s=COMPLETING}]=>HttpChannelOverHttp@7ac72120{s=HttpChannelState@1adbe598{s=HANDLING rs=BLOCKING os=COMMITTED is=IDLE awp=false se=false i=true al=0},r=1,c=false/false,a=HANDLING,uri=//localhost:36153/,age=1}
04:06:35.870 [qtp961160488-20] DEBUG org.eclipse.jetty.io.WriteFlusher - Flushed=true written=168 remaining=0 WriteFlusher@4c1ab60c{WRITING}->null
04:06:35.870 [qtp961160488-20] DEBUG org.eclipse.jetty.io.WriteFlusher - update WriteFlusher@4c1ab60c{IDLE}->null:WRITING-->IDLE
04:06:35.870 [main] DEBUG org.apache.nifi.minifi.bootstrap.configuration.ingestors.PullHttpChangeIngestor - Response received: Response{protocol=http/1.1, code=200, message=OK, url=http://localhost:36153/}
04:06:35.870 [qtp961160488-20] DEBUG org.eclipse.jetty.server.HttpConnection - generate: DONE for SendCallback@2a74277d[PROCESSING][i=HTTP/1.1{s=200,h=4,cl=4},cb=org.eclipse.jetty.server.HttpChannel$SendCallback@1536a3cb] ([p=164,l=164,c=8192,r=0],[p=4,l=4,c=512,r=0],true)@END
04:06:35.871 [qtp961160488-20] DEBUG org.eclipse.jetty.server.HttpOutput - onWriteComplete(true,null) s=CLOSING,api=BLOCKED,sc=false,e=null->s=CLOSED,api=BLOCKING,sc=false,e=null c=null cb=null w=false
04:06:35.871 [qtp961160488-20] DEBUG org.eclipse.jetty.server.HttpOutput - close() s=CLOSED,api=BLOCKING,sc=false,e=null c=null b=null
04:06:35.871 [main] DEBUG org.apache.nifi.minifi.bootstrap.configuration.ingestors.PullHttpChangeIngestor - Pulled config same as currently running.
04:06:35.871 [qtp961160488-20] DEBUG org.eclipse.jetty.server.Server - handled=true async=false committed=true on HttpChannelOverHttp@7ac72120{s=HttpChannelState@1adbe598{s=HANDLING rs=BLOCKING os=COMPLETED is=IDLE awp=false se=false i=true al=0},r=1,c=false/true,a=HANDLING,uri=//localhost:36153/,age=2}
04:06:35.871 [qtp961160488-20] DEBUG org.eclipse.jetty.server.HttpChannelState - unhandle HttpChannelState@1adbe598{s=HANDLING rs=BLOCKING os=COMPLETED is=IDLE awp=false se=false i=true al=0}
04:06:35.871 [qtp961160488-20] DEBUG org.eclipse.jetty.server.HttpChannelState - nextAction(false) COMPLETE HttpChannelState@1adbe598{s=HANDLING rs=COMPLETING os=COMPLETED is=IDLE awp=false se=false i=false al=0}
04:06:35.871 [qtp961160488-20] DEBUG org.eclipse.jetty.server.HttpChannel - action COMPLETE HttpChannelOverHttp@7ac72120{s=HttpChannelState@1adbe598{s=HANDLING rs=COMPLETING os=COMPLETED is=IDLE awp=false se=false i=false al=0},r=1,c=false/true,a=HANDLING,uri=//localhost:36153/,age=2}
04:06:35.871 [qtp961160488-20] DEBUG org.eclipse.jetty.server.HttpOutput - complete(org.eclipse.jetty.util.Callback$3@3ab418a6) s=CLOSED,api=BLOCKING,sc=false,e=null s=true e=null, c=null
04:06:35.871 [qtp961160488-20] DEBUG org.eclipse.jetty.server.HttpChannelState - completed HttpChannelState@1adbe598{s=HANDLING rs=COMPLETING os=COMPLETED is=IDLE awp=false se=false i=false al=0}
04:06:35.871 [qtp961160488-20] DEBUG org.eclipse.jetty.server.HttpChannelState - unhandle HttpChannelState@1adbe598{s=HANDLING rs=COMPLETED os=COMPLETED is=IDLE awp=false se=false i=false al=0}
04:06:35.871 [qtp961160488-20] DEBUG org.eclipse.jetty.server.HttpChannelState - nextAction(false) TERMINATED HttpChannelState@1adbe598{s=IDLE rs=COMPLETED os=COMPLETED is=IDLE awp=false se=false i=false al=0}
04:06:35.871 [qtp961160488-20] DEBUG org.eclipse.jetty.server.HttpChannel - action TERMINATED HttpChannelOverHttp@7ac72120{s=HttpChannelState@1adbe598{s=IDLE rs=COMPLETED os=COMPLETED is=IDLE awp=false se=false i=false al=0},r=1,c=true/true,a=IDLE,uri=//localhost:36153/,age=2}
]]></system-out>
  </testcase>
  <testcase name="testNoUpdateWithPath" classname="org.apache.nifi.minifi.bootstrap.configuration.ingestors.PullHttpChangeIngestorTest" time="0.007">
    <system-out><![CDATA[04:06:35.871 [qtp961160488-20] DEBUG org.eclipse.jetty.server.HttpChannel - onCompleted for / written=4
04:06:35.871 [qtp961160488-20] DEBUG org.eclipse.jetty.io.ChannelEndPoint - filled 0 HeapByteBuffer@3e2e5006[p=0,l=0,c=8192,r=0]={<<<>>>HTTP/1.1 ...\x00\x00\x00\x00\x00\x00\x00}
04:06:35.871 [qtp961160488-20] DEBUG org.eclipse.jetty.io.ChannelEndPoint - filled 0 HeapByteBuffer@3e2e5006[p=0,l=0,c=8192,r=0]={<<<>>>HTTP/1.1 ...\x00\x00\x00\x00\x00\x00\x00}
04:06:35.871 [qtp961160488-20] DEBUG org.eclipse.jetty.server.HttpConnection - HttpConnection@5d9e3670::SocketChannelEndPoint@131746b3{l=/127.0.0.1:36153,r=/127.0.0.1:37704,OPEN,fill=-,flush=-,to=0/3000}{io=0/0,kio=0,kro=1}->HttpConnection@5d9e3670[p=HttpParser{s=CONTENT,0 of -1},g=HttpGenerator@3798203d{s=END}]=>HttpChannelOverHttp@7ac72120{s=HttpChannelState@1adbe598{s=IDLE rs=COMPLETED os=COMPLETED is=IDLE awp=false se=false i=false al=0},r=1,c=true/true,a=IDLE,uri=//localhost:36153/,age=2} filled 0 HeapByteBuffer@3e2e5006[p=0,l=0,c=8192,r=0]={<<<>>>HTTP/1.1 ...\x00\x00\x00\x00\x00\x00\x00}
04:06:35.871 [qtp961160488-20] DEBUG org.eclipse.jetty.server.HttpConnection - HttpConnection@5d9e3670::SocketChannelEndPoint@131746b3{l=/127.0.0.1:36153,r=/127.0.0.1:37704,OPEN,fill=-,flush=-,to=0/3000}{io=0/0,kio=0,kro=1}->HttpConnection@5d9e3670[p=HttpParser{s=CONTENT,0 of -1},g=HttpGenerator@3798203d{s=END}]=>HttpChannelOverHttp@7ac72120{s=HttpChannelState@1adbe598{s=IDLE rs=COMPLETED os=COMPLETED is=IDLE awp=false se=false i=false al=0},r=1,c=true/true,a=IDLE,uri=//localhost:36153/,age=2} parse HeapByteBuffer@3e2e5006[p=0,l=0,c=8192,r=0]={<<<>>>HTTP/1.1 ...\x00\x00\x00\x00\x00\x00\x00} {}
04:06:35.871 [qtp961160488-20] DEBUG org.eclipse.jetty.http.HttpParser - parseNext s=CONTENT HeapByteBuffer@3e2e5006[p=0,l=0,c=8192,r=0]={<<<>>>HTTP/1.1 ...\x00\x00\x00\x00\x00\x00\x00}
04:06:35.871 [qtp961160488-20] DEBUG org.eclipse.jetty.http.HttpParser - CONTENT --> CONTENT_END
04:06:35.871 [qtp961160488-20] DEBUG org.eclipse.jetty.server.HttpChannel - onContentComplete HttpChannelOverHttp@7ac72120{s=HttpChannelState@1adbe598{s=IDLE rs=COMPLETED os=COMPLETED is=IDLE awp=false se=false i=false al=0},r=1,c=true/true,a=IDLE,uri=//localhost:36153/,age=2}
04:06:35.871 [qtp961160488-20] DEBUG org.eclipse.jetty.http.HttpParser - CONTENT_END --> END
04:06:35.871 [qtp961160488-20] DEBUG org.eclipse.jetty.server.HttpChannel - onRequestComplete HttpChannelOverHttp@7ac72120{s=HttpChannelState@1adbe598{s=IDLE rs=COMPLETED os=COMPLETED is=IDLE awp=false se=false i=false al=0},r=1,c=true/true,a=IDLE,uri=//localhost:36153/,age=2}
04:06:35.871 [qtp961160488-20] DEBUG org.eclipse.jetty.server.HttpInput - HttpInputOverHTTP@31708f42[c=0,q=0,[0]=null,s=STREAM] addContent EOF
04:06:35.872 [qtp961160488-20] DEBUG org.eclipse.jetty.server.HttpConnection - HttpConnection@5d9e3670::SocketChannelEndPoint@131746b3{l=/127.0.0.1:36153,r=/127.0.0.1:37704,OPEN,fill=-,flush=-,to=1/3000}{io=0/0,kio=0,kro=1}->HttpConnection@5d9e3670[p=HttpParser{s=END,0 of -1},g=HttpGenerator@3798203d{s=END}]=>HttpChannelOverHttp@7ac72120{s=HttpChannelState@1adbe598{s=IDLE rs=COMPLETED os=COMPLETED is=IDLE awp=false se=false i=false al=0},r=1,c=true/true,a=IDLE,uri=//localhost:36153/,age=2} parsed false HttpParser{s=END,0 of -1}
04:06:35.872 [qtp961160488-20] DEBUG org.eclipse.jetty.server.HttpConnection - releaseRequestBuffer HttpConnection@5d9e3670::SocketChannelEndPoint@131746b3{l=/127.0.0.1:36153,r=/127.0.0.1:37704,OPEN,fill=-,flush=-,to=1/3000}{io=0/0,kio=0,kro=1}->HttpConnection@5d9e3670[p=HttpParser{s=END,0 of -1},g=HttpGenerator@3798203d{s=END}]=>HttpChannelOverHttp@7ac72120{s=HttpChannelState@1adbe598{s=IDLE rs=COMPLETED os=COMPLETED is=IDLE awp=false se=false i=false al=0},r=1,c=true/true,a=IDLE,uri=//localhost:36153/,age=3}
04:06:35.872 [qtp961160488-20] DEBUG org.eclipse.jetty.server.HttpChannelState - recycle HttpChannelState@1adbe598{s=IDLE rs=COMPLETED os=COMPLETED is=IDLE awp=false se=false i=false al=0}
04:06:35.872 [qtp961160488-20] DEBUG org.eclipse.jetty.http.HttpParser - reset HttpParser{s=END,0 of -1}
04:06:35.872 [qtp961160488-20] DEBUG org.eclipse.jetty.http.HttpParser - END --> START
04:06:35.872 [qtp961160488-20] DEBUG org.eclipse.jetty.server.HttpChannel - !handle TERMINATED HttpChannelOverHttp@7ac72120{s=HttpChannelState@1adbe598{s=IDLE rs=BLOCKING os=OPEN is=IDLE awp=false se=false i=true al=0},r=1,c=false/false,a=IDLE,uri=null,age=0}
04:06:35.872 [qtp961160488-20] DEBUG org.eclipse.jetty.io.ChannelEndPoint - filled 0 HeapByteBuffer@3e2e5006[p=0,l=0,c=8192,r=0]={<<<>>>HTTP/1.1 ...\x00\x00\x00\x00\x00\x00\x00}
04:06:35.872 [qtp961160488-20] DEBUG org.eclipse.jetty.io.ChannelEndPoint - filled 0 HeapByteBuffer@3e2e5006[p=0,l=0,c=8192,r=0]={<<<>>>HTTP/1.1 ...\x00\x00\x00\x00\x00\x00\x00}
04:06:35.872 [qtp961160488-20] DEBUG org.eclipse.jetty.server.HttpConnection - HttpConnection@5d9e3670::SocketChannelEndPoint@131746b3{l=/127.0.0.1:36153,r=/127.0.0.1:37704,OPEN,fill=-,flush=-,to=1/3000}{io=0/0,kio=0,kro=1}->HttpConnection@5d9e3670[p=HttpParser{s=START,0 of -1},g=HttpGenerator@3798203d{s=START}]=>HttpChannelOverHttp@7ac72120{s=HttpChannelState@1adbe598{s=IDLE rs=BLOCKING os=OPEN is=IDLE awp=false se=false i=true al=0},r=1,c=false/false,a=IDLE,uri=null,age=0} filled 0 HeapByteBuffer@3e2e5006[p=0,l=0,c=8192,r=0]={<<<>>>HTTP/1.1 ...\x00\x00\x00\x00\x00\x00\x00}
04:06:35.872 [qtp961160488-20] DEBUG org.eclipse.jetty.server.HttpConnection - HttpConnection@5d9e3670::SocketChannelEndPoint@131746b3{l=/127.0.0.1:36153,r=/127.0.0.1:37704,OPEN,fill=-,flush=-,to=1/3000}{io=0/0,kio=0,kro=1}->HttpConnection@5d9e3670[p=HttpParser{s=START,0 of -1},g=HttpGenerator@3798203d{s=START}]=>HttpChannelOverHttp@7ac72120{s=HttpChannelState@1adbe598{s=IDLE rs=BLOCKING os=OPEN is=IDLE awp=false se=false i=true al=0},r=1,c=false/false,a=IDLE,uri=null,age=0} parse HeapByteBuffer@3e2e5006[p=0,l=0,c=8192,r=0]={<<<>>>HTTP/1.1 ...\x00\x00\x00\x00\x00\x00\x00} {}
04:06:35.872 [qtp961160488-20] DEBUG org.eclipse.jetty.http.HttpParser - parseNext s=START HeapByteBuffer@3e2e5006[p=0,l=0,c=8192,r=0]={<<<>>>HTTP/1.1 ...\x00\x00\x00\x00\x00\x00\x00}
04:06:35.872 [main] DEBUG org.apache.nifi.minifi.bootstrap.configuration.ingestors.PullHttpChangeIngestor - Attempting to pull new config
04:06:35.872 [qtp961160488-20] DEBUG org.eclipse.jetty.server.HttpConnection - HttpConnection@5d9e3670::SocketChannelEndPoint@131746b3{l=/127.0.0.1:36153,r=/127.0.0.1:37704,OPEN,fill=-,flush=-,to=1/3000}{io=0/0,kio=0,kro=1}->HttpConnection@5d9e3670[p=HttpParser{s=START,0 of -1},g=HttpGenerator@3798203d{s=START}]=>HttpChannelOverHttp@7ac72120{s=HttpChannelState@1adbe598{s=IDLE rs=BLOCKING os=OPEN is=IDLE awp=false se=false i=true al=0},r=1,c=false/false,a=IDLE,uri=null,age=0} parsed false HttpParser{s=START,0 of -1}
04:06:35.872 [qtp961160488-20] DEBUG org.eclipse.jetty.server.HttpConnection - releaseRequestBuffer HttpConnection@5d9e3670::SocketChannelEndPoint@131746b3{l=/127.0.0.1:36153,r=/127.0.0.1:37704,OPEN,fill=-,flush=-,to=1/3000}{io=0/0,kio=0,kro=1}->HttpConnection@5d9e3670[p=HttpParser{s=START,0 of -1},g=HttpGenerator@3798203d{s=START}]=>HttpChannelOverHttp@7ac72120{s=HttpChannelState@1adbe598{s=IDLE rs=BLOCKING os=OPEN is=IDLE awp=false se=false i=true al=0},r=1,c=false/false,a=IDLE,uri=null,age=0}
04:06:35.873 [qtp961160488-20] DEBUG org.eclipse.jetty.io.AbstractConnection - fillInterested HttpConnection@5d9e3670::SocketChannelEndPoint@131746b3{l=/127.0.0.1:36153,r=/127.0.0.1:37704,OPEN,fill=-,flush=-,to=2/3000}{io=0/0,kio=0,kro=1}->HttpConnection@5d9e3670[p=HttpParser{s=START,0 of -1},g=HttpGenerator@3798203d{s=START}]=>HttpChannelOverHttp@7ac72120{s=HttpChannelState@1adbe598{s=IDLE rs=BLOCKING os=OPEN is=IDLE awp=false se=false i=true al=0},r=1,c=false/false,a=IDLE,uri=null,age=0}
04:06:35.873 [qtp961160488-20] DEBUG org.eclipse.jetty.io.FillInterest - interested FillInterest@722af473{AC.ReadCB@5d9e3670{HttpConnection@5d9e3670::SocketChannelEndPoint@131746b3{l=/127.0.0.1:36153,r=/127.0.0.1:37704,OPEN,fill=FI,flush=-,to=0/3000}{io=0/0,kio=0,kro=1}->HttpConnection@5d9e3670[p=HttpParser{s=START,0 of -1},g=HttpGenerator@3798203d{s=START}]=>HttpChannelOverHttp@7ac72120{s=HttpChannelState@1adbe598{s=IDLE rs=BLOCKING os=OPEN is=IDLE awp=false se=false i=true al=0},r=1,c=false/false,a=IDLE,uri=null,age=0}}}
04:06:35.873 [qtp961160488-20] DEBUG org.eclipse.jetty.io.ChannelEndPoint - changeInterests p=false 0->1 for SocketChannelEndPoint@131746b3{l=/127.0.0.1:36153,r=/127.0.0.1:37704,OPEN,fill=FI,flush=-,to=0/3000}{io=0/1,kio=0,kro=1}->HttpConnection@5d9e3670[p=HttpParser{s=START,0 of -1},g=HttpGenerator@3798203d{s=START}]=>HttpChannelOverHttp@7ac72120{s=HttpChannelState@1adbe598{s=IDLE rs=BLOCKING os=OPEN is=IDLE awp=false se=false i=true al=0},r=1,c=false/false,a=IDLE,uri=null,age=0}
04:06:35.873 [qtp961160488-20] DEBUG org.eclipse.jetty.io.ManagedSelector - Queued change lazy=false org.eclipse.jetty.io.ChannelEndPoint$$Lambda$255/2121444922@5e2b61f0 on ManagedSelector@316bcf94{STARTED} id=2 keys=2 selected=0 updates=0
04:06:35.873 [qtp961160488-20] DEBUG org.eclipse.jetty.io.ManagedSelector - Wakeup on submit ManagedSelector@316bcf94{STARTED} id=2 keys=2 selected=0 updates=1
04:06:35.873 [qtp961160488-19-acceptor-0@1e1a0406-ServerConnector@446293d{HTTP/1.1, (http/1.1)}{localhost:36153}] DEBUG org.eclipse.jetty.io.ManagedSelector - Queued change lazy=false Accept@ed9a0a6[java.nio.channels.SocketChannel[connected local=/127.0.0.1:36153 remote=/127.0.0.1:37720]] on ManagedSelector@1de5f259{STARTED} id=3 keys=1 selected=0 updates=0
04:06:35.873 [qtp961160488-19-acceptor-0@1e1a0406-ServerConnector@446293d{HTTP/1.1, (http/1.1)}{localhost:36153}] DEBUG org.eclipse.jetty.io.ManagedSelector - Wakeup on submit ManagedSelector@1de5f259{STARTED} id=3 keys=1 selected=0 updates=1
04:06:35.873 [qtp961160488-18] DEBUG org.eclipse.jetty.io.ManagedSelector - Selector sun.nio.ch.EPollSelectorImpl@13094ca6 woken with none selected
04:06:35.873 [qtp961160488-18] DEBUG org.eclipse.jetty.io.ManagedSelector - Selector sun.nio.ch.EPollSelectorImpl@13094ca6 woken up from select, 0/0/2 selected
04:06:35.873 [qtp961160488-18] DEBUG org.eclipse.jetty.io.ManagedSelector - Selector sun.nio.ch.EPollSelectorImpl@13094ca6 processing 0 keys, 1 updates
04:06:35.873 [qtp961160488-22] DEBUG org.eclipse.jetty.io.ManagedSelector - Selector sun.nio.ch.EPollSelectorImpl@4e695d32 woken with none selected
04:06:35.873 [qtp961160488-18] DEBUG org.eclipse.jetty.io.ManagedSelector - updateable 1
04:06:35.873 [qtp961160488-22] DEBUG org.eclipse.jetty.io.ManagedSelector - Selector sun.nio.ch.EPollSelectorImpl@4e695d32 woken up from select, 0/0/1 selected
04:06:35.873 [qtp961160488-18] DEBUG org.eclipse.jetty.io.ManagedSelector - update org.eclipse.jetty.io.ChannelEndPoint$$Lambda$255/2121444922@5e2b61f0
04:06:35.873 [qtp961160488-22] DEBUG org.eclipse.jetty.io.ManagedSelector - Selector sun.nio.ch.EPollSelectorImpl@4e695d32 processing 0 keys, 1 updates
04:06:35.873 [qtp961160488-22] DEBUG org.eclipse.jetty.io.ManagedSelector - updateable 1
04:06:35.873 [qtp961160488-22] DEBUG org.eclipse.jetty.io.ManagedSelector - update Accept@ed9a0a6[java.nio.channels.SocketChannel[connected local=/127.0.0.1:36153 remote=/127.0.0.1:37720]]
04:06:35.873 [qtp961160488-20] DEBUG org.eclipse.jetty.server.HttpConnection - HttpConnection@5d9e3670::SocketChannelEndPoint@131746b3{l=/127.0.0.1:36153,r=/127.0.0.1:37704,OPEN,fill=FI,flush=-,to=0/3000}{io=1/1,kio=1,kro=1}->HttpConnection@5d9e3670[p=HttpParser{s=START,0 of -1},g=HttpGenerator@3798203d{s=START}]=>HttpChannelOverHttp@7ac72120{s=HttpChannelState@1adbe598{s=IDLE rs=BLOCKING os=OPEN is=IDLE awp=false se=false i=true al=0},r=1,c=false/false,a=IDLE,uri=null,age=0} onFillable exit HttpChannelState@1adbe598{s=IDLE rs=BLOCKING os=OPEN is=IDLE awp=false se=false i=true al=0} null
04:06:35.873 [qtp961160488-22] DEBUG org.eclipse.jetty.util.thread.QueuedThreadPool - queue Accept@ed9a0a6[java.nio.channels.SocketChannel[connected local=/127.0.0.1:36153 remote=/127.0.0.1:37720]] startThread=0
04:06:35.873 [qtp961160488-22] DEBUG org.eclipse.jetty.io.ManagedSelector - updates 0
04:06:35.873 [qtp961160488-22] DEBUG org.eclipse.jetty.io.ManagedSelector - Selector sun.nio.ch.EPollSelectorImpl@4e695d32 waiting with 2 keys
04:06:35.873 [qtp961160488-18] DEBUG org.eclipse.jetty.io.ChannelEndPoint - Key interests updated 0 -> 1 on SocketChannelEndPoint@131746b3{l=/127.0.0.1:36153,r=/127.0.0.1:37704,OPEN,fill=FI,flush=-,to=0/3000}{io=1/1,kio=1,kro=1}->HttpConnection@5d9e3670[p=HttpParser{s=START,0 of -1},g=HttpGenerator@3798203d{s=START}]=>HttpChannelOverHttp@7ac72120{s=HttpChannelState@1adbe598{s=IDLE rs=BLOCKING os=OPEN is=IDLE awp=false se=false i=true al=0},r=1,c=false/false,a=IDLE,uri=null,age=0}
04:06:35.873 [qtp961160488-15] DEBUG org.eclipse.jetty.util.thread.QueuedThreadPool - run Accept@ed9a0a6[java.nio.channels.SocketChannel[connected local=/127.0.0.1:36153 remote=/127.0.0.1:37720]] in QueuedThreadPool[qtp961160488]@394a2528{STARTED,8<=8<=200,i=0,r=-1,q=0}[ReservedThreadExecutor@383bfa16{reserved=1/8,pending=0}]
04:06:35.873 [qtp961160488-20] DEBUG org.eclipse.jetty.util.thread.ReservedThreadExecutor - ReservedThread@5cbf59c8{RUNNING,thread=Thread[qtp961160488-20,5,main]} was=RUNNING next=RESERVED size=0+2 capacity=8
04:06:35.873 [qtp961160488-18] DEBUG org.eclipse.jetty.io.ManagedSelector - updates 0
04:06:35.873 [qtp961160488-18] DEBUG org.eclipse.jetty.io.ManagedSelector - Selector sun.nio.ch.EPollSelectorImpl@13094ca6 waiting with 2 keys
04:06:35.873 [qtp961160488-15] DEBUG org.eclipse.jetty.io.IdleTimeout - SocketChannelEndPoint@469d33a{l=/127.0.0.1:36153,r=/127.0.0.1:37720,OPEN,fill=-,flush=-,to=0/3000}{io=0/0,kio=0,kro=0}-><null> idle timeout check, elapsed: 0 ms, remaining: 3000 ms
04:06:35.873 [qtp961160488-20] DEBUG org.eclipse.jetty.util.thread.ReservedThreadExecutor - ReservedThread@5cbf59c8{RESERVED,thread=Thread[qtp961160488-20,5,main]} waiting ReservedThreadExecutor@383bfa16{reserved=2/8,pending=0}
04:06:35.874 [qtp961160488-15] DEBUG org.eclipse.jetty.server.HttpChannel - new HttpChannelOverHttp@72068242{s=HttpChannelState@57aa791d{s=IDLE rs=BLOCKING os=OPEN is=IDLE awp=false se=false i=true al=0},r=0,c=false/false,a=IDLE,uri=null,age=0} -> SocketChannelEndPoint@469d33a{l=/127.0.0.1:36153,r=/127.0.0.1:37720,OPEN,fill=-,flush=-,to=0/3000}{io=0/0,kio=0,kro=0}-><null>,null,HttpChannelState@57aa791d{s=IDLE rs=BLOCKING os=OPEN is=IDLE awp=false se=false i=true al=0}
04:06:35.874 [qtp961160488-15] DEBUG org.eclipse.jetty.server.HttpConnection - New HTTP Connection HttpConnection@528ba6f9::SocketChannelEndPoint@469d33a{l=/127.0.0.1:36153,r=/127.0.0.1:37720,OPEN,fill=-,flush=-,to=0/3000}{io=0/0,kio=0,kro=0}-><null>
04:06:35.874 [qtp961160488-15] DEBUG org.eclipse.jetty.io.ManagedSelector - Queued change lazy=true org.eclipse.jetty.io.ManagedSelector$$Lambda$258/2107212988@18314f91 on ManagedSelector@1de5f259{STARTED} id=3 keys=2 selected=0 updates=0
04:06:35.874 [qtp961160488-15] DEBUG org.eclipse.jetty.io.AbstractEndPoint - onOpen SocketChannelEndPoint@469d33a{l=/127.0.0.1:36153,r=/127.0.0.1:37720,OPEN,fill=-,flush=-,to=0/3000}{io=0/0,kio=0,kro=0}->HttpConnection@528ba6f9[p=HttpParser{s=START,0 of -1},g=HttpGenerator@5ee3da47{s=START}]=>HttpChannelOverHttp@72068242{s=HttpChannelState@57aa791d{s=IDLE rs=BLOCKING os=OPEN is=IDLE awp=false se=false i=true al=0},r=0,c=false/false,a=IDLE,uri=null,age=0}
04:06:35.874 [qtp961160488-15] DEBUG org.eclipse.jetty.io.AbstractConnection - onOpen HttpConnection@528ba6f9::SocketChannelEndPoint@469d33a{l=/127.0.0.1:36153,r=/127.0.0.1:37720,OPEN,fill=-,flush=-,to=0/3000}{io=0/0,kio=0,kro=0}->HttpConnection@528ba6f9[p=HttpParser{s=START,0 of -1},g=HttpGenerator@5ee3da47{s=START}]=>HttpChannelOverHttp@72068242{s=HttpChannelState@57aa791d{s=IDLE rs=BLOCKING os=OPEN is=IDLE awp=false se=false i=true al=0},r=0,c=false/false,a=IDLE,uri=null,age=0}
04:06:35.874 [qtp961160488-15] DEBUG org.eclipse.jetty.io.AbstractConnection - fillInterested HttpConnection@528ba6f9::SocketChannelEndPoint@469d33a{l=/127.0.0.1:36153,r=/127.0.0.1:37720,OPEN,fill=-,flush=-,to=0/3000}{io=0/0,kio=0,kro=0}->HttpConnection@528ba6f9[p=HttpParser{s=START,0 of -1},g=HttpGenerator@5ee3da47{s=START}]=>HttpChannelOverHttp@72068242{s=HttpChannelState@57aa791d{s=IDLE rs=BLOCKING os=OPEN is=IDLE awp=false se=false i=true al=0},r=0,c=false/false,a=IDLE,uri=null,age=0}
04:06:35.874 [qtp961160488-15] DEBUG org.eclipse.jetty.io.FillInterest - interested FillInterest@5a052217{AC.ReadCB@528ba6f9{HttpConnection@528ba6f9::SocketChannelEndPoint@469d33a{l=/127.0.0.1:36153,r=/127.0.0.1:37720,OPEN,fill=FI,flush=-,to=0/3000}{io=0/0,kio=0,kro=0}->HttpConnection@528ba6f9[p=HttpParser{s=START,0 of -1},g=HttpGenerator@5ee3da47{s=START}]=>HttpChannelOverHttp@72068242{s=HttpChannelState@57aa791d{s=IDLE rs=BLOCKING os=OPEN is=IDLE awp=false se=false i=true al=0},r=0,c=false/false,a=IDLE,uri=null,age=0}}}
04:06:35.874 [qtp961160488-15] DEBUG org.eclipse.jetty.io.ChannelEndPoint - changeInterests p=false 0->1 for SocketChannelEndPoint@469d33a{l=/127.0.0.1:36153,r=/127.0.0.1:37720,OPEN,fill=FI,flush=-,to=0/3000}{io=0/1,kio=0,kro=0}->HttpConnection@528ba6f9[p=HttpParser{s=START,0 of -1},g=HttpGenerator@5ee3da47{s=START}]=>HttpChannelOverHttp@72068242{s=HttpChannelState@57aa791d{s=IDLE rs=BLOCKING os=OPEN is=IDLE awp=false se=false i=true al=0},r=0,c=false/false,a=IDLE,uri=null,age=0}
04:06:35.874 [qtp961160488-15] DEBUG org.eclipse.jetty.io.ManagedSelector - Queued change lazy=false org.eclipse.jetty.io.ChannelEndPoint$$Lambda$255/2121444922@5536ebc0 on ManagedSelector@1de5f259{STARTED} id=3 keys=2 selected=0 updates=1
04:06:35.874 [qtp961160488-15] DEBUG org.eclipse.jetty.io.ManagedSelector - Wakeup on submit ManagedSelector@1de5f259{STARTED} id=3 keys=2 selected=0 updates=2
04:06:35.874 [qtp961160488-22] DEBUG org.eclipse.jetty.io.ManagedSelector - Selector sun.nio.ch.EPollSelectorImpl@4e695d32 woken with none selected
04:06:35.874 [qtp961160488-22] DEBUG org.eclipse.jetty.io.ManagedSelector - Selector sun.nio.ch.EPollSelectorImpl@4e695d32 woken up from select, 0/0/2 selected
04:06:35.874 [qtp961160488-22] DEBUG org.eclipse.jetty.io.ManagedSelector - Selector sun.nio.ch.EPollSelectorImpl@4e695d32 processing 0 keys, 2 updates
04:06:35.874 [qtp961160488-15] DEBUG org.eclipse.jetty.io.ManagedSelector - Created SocketChannelEndPoint@469d33a{l=/127.0.0.1:36153,r=/127.0.0.1:37720,OPEN,fill=FI,flush=-,to=0/3000}{io=0/1,kio=0,kro=0}->HttpConnection@528ba6f9[p=HttpParser{s=START,0 of -1},g=HttpGenerator@5ee3da47{s=START}]=>HttpChannelOverHttp@72068242{s=HttpChannelState@57aa791d{s=IDLE rs=BLOCKING os=OPEN is=IDLE awp=false se=false i=true al=0},r=0,c=false/false,a=IDLE,uri=null,age=0}
04:06:35.874 [qtp961160488-22] DEBUG org.eclipse.jetty.io.ManagedSelector - updateable 2
04:06:35.874 [qtp961160488-22] DEBUG org.eclipse.jetty.io.ManagedSelector - update org.eclipse.jetty.io.ManagedSelector$$Lambda$258/2107212988@18314f91
04:06:35.874 [qtp961160488-22] DEBUG org.eclipse.jetty.io.ManagedSelector - update org.eclipse.jetty.io.ChannelEndPoint$$Lambda$255/2121444922@5536ebc0
04:06:35.874 [qtp961160488-15] DEBUG org.eclipse.jetty.util.thread.QueuedThreadPool - ran Accept@ed9a0a6[java.nio.channels.SocketChannel[connected local=/127.0.0.1:36153 remote=/127.0.0.1:37720]] in QueuedThreadPool[qtp961160488]@394a2528{STARTED,8<=8<=200,i=0,r=-1,q=0}[ReservedThreadExecutor@383bfa16{reserved=2/8,pending=0}]
04:06:35.874 [qtp961160488-22] DEBUG org.eclipse.jetty.io.ChannelEndPoint - Key interests updated 0 -> 1 on SocketChannelEndPoint@469d33a{l=/127.0.0.1:36153,r=/127.0.0.1:37720,OPEN,fill=FI,flush=-,to=0/3000}{io=1/1,kio=1,kro=0}->HttpConnection@528ba6f9[p=HttpParser{s=START,0 of -1},g=HttpGenerator@5ee3da47{s=START}]=>HttpChannelOverHttp@72068242{s=HttpChannelState@57aa791d{s=IDLE rs=BLOCKING os=OPEN is=IDLE awp=false se=false i=true al=0},r=0,c=false/false,a=IDLE,uri=null,age=0}
04:06:35.874 [qtp961160488-22] DEBUG org.eclipse.jetty.io.ManagedSelector - updates 0
04:06:35.874 [qtp961160488-22] DEBUG org.eclipse.jetty.io.ManagedSelector - Selector sun.nio.ch.EPollSelectorImpl@4e695d32 waiting with 2 keys
04:06:35.874 [qtp961160488-22] DEBUG org.eclipse.jetty.io.ManagedSelector - Selector sun.nio.ch.EPollSelectorImpl@4e695d32 woken up from select, 1/1/2 selected
04:06:35.874 [qtp961160488-22] DEBUG org.eclipse.jetty.io.ManagedSelector - Selector sun.nio.ch.EPollSelectorImpl@4e695d32 processing 1 keys, 0 updates
04:06:35.875 [qtp961160488-22] DEBUG org.eclipse.jetty.io.ManagedSelector - selected 1 sun.nio.ch.SelectionKeyImpl@5415986e SocketChannelEndPoint@469d33a{l=/127.0.0.1:36153,r=/127.0.0.1:37720,OPEN,fill=FI,flush=-,to=0/3000}{io=1/1,kio=1,kro=1}->HttpConnection@528ba6f9[p=HttpParser{s=START,0 of -1},g=HttpGenerator@5ee3da47{s=START}]=>HttpChannelOverHttp@72068242{s=HttpChannelState@57aa791d{s=IDLE rs=BLOCKING os=OPEN is=IDLE awp=false se=false i=true al=0},r=0,c=false/false,a=IDLE,uri=null,age=0} 
04:06:35.875 [qtp961160488-22] DEBUG org.eclipse.jetty.io.ChannelEndPoint - onSelected 1->0 r=true w=false for SocketChannelEndPoint@469d33a{l=/127.0.0.1:36153,r=/127.0.0.1:37720,OPEN,fill=FI,flush=-,to=0/3000}{io=1/0,kio=1,kro=1}->HttpConnection@528ba6f9[p=HttpParser{s=START,0 of -1},g=HttpGenerator@5ee3da47{s=START}]=>HttpChannelOverHttp@72068242{s=HttpChannelState@57aa791d{s=IDLE rs=BLOCKING os=OPEN is=IDLE awp=false se=false i=true al=0},r=0,c=false/false,a=IDLE,uri=null,age=0}
04:06:35.875 [qtp961160488-22] DEBUG org.eclipse.jetty.io.ChannelEndPoint - task CEP:SocketChannelEndPoint@469d33a{l=/127.0.0.1:36153,r=/127.0.0.1:37720,OPEN,fill=FI,flush=-,to=0/3000}{io=1/0,kio=1,kro=1}->HttpConnection@528ba6f9[p=HttpParser{s=START,0 of -1},g=HttpGenerator@5ee3da47{s=START}]=>HttpChannelOverHttp@72068242{s=HttpChannelState@57aa791d{s=IDLE rs=BLOCKING os=OPEN is=IDLE awp=false se=false i=true al=0},r=0,c=false/false,a=IDLE,uri=null,age=0}:runFillable:BLOCKING
04:06:35.875 [qtp961160488-22] DEBUG org.eclipse.jetty.util.thread.ReservedThreadExecutor - ReservedThreadExecutor@383bfa16{reserved=2/8,pending=0} tryExecute EatWhatYouKill@6404f418/SelectorProducer@3e11f9e9/PRODUCING/p=false/QueuedThreadPool[qtp961160488]@394a2528{STARTED,8<=8<=200,i=1,r=-1,q=0}[ReservedThreadExecutor@383bfa16{reserved=2/8,pending=0}][pc=0,pic=0,pec=0,epc=1]@2024-05-02T04:06:35.875+01:00
04:06:35.875 [qtp961160488-20] DEBUG org.eclipse.jetty.util.thread.ReservedThreadExecutor - ReservedThread@5cbf59c8{RESERVED,thread=Thread[qtp961160488-20,5,main]} task=EatWhatYouKill@6404f418/SelectorProducer@3e11f9e9/IDLE/p=true/QueuedThreadPool[qtp961160488]@394a2528{STARTED,8<=8<=200,i=1,r=-1,q=0}[ReservedThreadExecutor@383bfa16{reserved=1/8,pending=0}][pc=0,pic=0,pec=0,epc=1]@2024-05-02T04:06:35.875+01:00 ReservedThreadExecutor@383bfa16{reserved=1/8,pending=0}
04:06:35.875 [qtp961160488-22] DEBUG org.eclipse.jetty.util.thread.strategy.EatWhatYouKill - EatWhatYouKill@6404f418/SelectorProducer@3e11f9e9/IDLE/p=true/QueuedThreadPool[qtp961160488]@394a2528{STARTED,8<=8<=200,i=1,r=-1,q=0}[ReservedThreadExecutor@383bfa16{reserved=1/8,pending=0}][pc=0,pic=0,pec=0,epc=1]@2024-05-02T04:06:35.875+01:00 m=EXECUTE_PRODUCE_CONSUME t=CEP:SocketChannelEndPoint@469d33a{l=/127.0.0.1:36153,r=/127.0.0.1:37720,OPEN,fill=FI,flush=-,to=1/3000}{io=1/0,kio=1,kro=1}->HttpConnection@528ba6f9[p=HttpParser{s=START,0 of -1},g=HttpGenerator@5ee3da47{s=START}]=>HttpChannelOverHttp@72068242{s=HttpChannelState@57aa791d{s=IDLE rs=BLOCKING os=OPEN is=IDLE awp=false se=false i=true al=0},r=0,c=false/false,a=IDLE,uri=null,age=0}:runFillable:BLOCKING/BLOCKING
04:06:35.876 [qtp961160488-20] DEBUG org.eclipse.jetty.util.thread.strategy.EatWhatYouKill - EatWhatYouKill@6404f418/SelectorProducer@3e11f9e9/IDLE/p=true/QueuedThreadPool[qtp961160488]@394a2528{STARTED,8<=8<=200,i=1,r=-1,q=0}[ReservedThreadExecutor@383bfa16{reserved=1/8,pending=0}][pc=0,pic=0,pec=0,epc=2]@2024-05-02T04:06:35.875+01:00 tryProduce true
04:06:35.876 [qtp961160488-22] DEBUG org.eclipse.jetty.io.FillInterest - fillable FillInterest@5a052217{AC.ReadCB@528ba6f9{HttpConnection@528ba6f9::SocketChannelEndPoint@469d33a{l=/127.0.0.1:36153,r=/127.0.0.1:37720,OPEN,fill=FI,flush=-,to=1/3000}{io=1/0,kio=1,kro=1}->HttpConnection@528ba6f9[p=HttpParser{s=START,0 of -1},g=HttpGenerator@5ee3da47{s=START}]=>HttpChannelOverHttp@72068242{s=HttpChannelState@57aa791d{s=IDLE rs=BLOCKING os=OPEN is=IDLE awp=false se=false i=true al=0},r=0,c=false/false,a=IDLE,uri=null,age=0}}}
04:06:35.876 [qtp961160488-20] DEBUG org.eclipse.jetty.io.ManagedSelector - updateable 0
04:06:35.876 [qtp961160488-20] DEBUG org.eclipse.jetty.io.ManagedSelector - updates 0
04:06:35.876 [qtp961160488-22] DEBUG org.eclipse.jetty.server.HttpConnection - HttpConnection@528ba6f9::SocketChannelEndPoint@469d33a{l=/127.0.0.1:36153,r=/127.0.0.1:37720,OPEN,fill=-,flush=-,to=1/3000}{io=0/0,kio=0,kro=1}->HttpConnection@528ba6f9[p=HttpParser{s=START,0 of -1},g=HttpGenerator@5ee3da47{s=START}]=>HttpChannelOverHttp@72068242{s=HttpChannelState@57aa791d{s=IDLE rs=BLOCKING os=OPEN is=IDLE awp=false se=false i=true al=0},r=0,c=false/false,a=IDLE,uri=null,age=0} onFillable enter HttpChannelState@57aa791d{s=IDLE rs=BLOCKING os=OPEN is=IDLE awp=false se=false i=true al=0} null
04:06:35.876 [qtp961160488-20] DEBUG org.eclipse.jetty.io.ChannelEndPoint - Key interests updated 1 -> 0 on SocketChannelEndPoint@469d33a{l=/127.0.0.1:36153,r=/127.0.0.1:37720,OPEN,fill=-,flush=-,to=1/3000}{io=0/0,kio=0,kro=1}->HttpConnection@528ba6f9[p=HttpParser{s=START,0 of -1},g=HttpGenerator@5ee3da47{s=START}]=>HttpChannelOverHttp@72068242{s=HttpChannelState@57aa791d{s=IDLE rs=BLOCKING os=OPEN is=IDLE awp=false se=false i=true al=0},r=0,c=false/false,a=IDLE,uri=null,age=0}
04:06:35.876 [qtp961160488-20] DEBUG org.eclipse.jetty.io.ManagedSelector - Selector sun.nio.ch.EPollSelectorImpl@4e695d32 waiting with 2 keys
04:06:35.876 [qtp961160488-22] DEBUG org.eclipse.jetty.io.ChannelEndPoint - filled 125 HeapByteBuffer@3e2e5006[p=0,l=125,c=8192,r=125]={<<<GET /config.yml HTTP/1.1\r...gent: okhttp/3.12.3\r\n\r\n>>> 4\r\nServe...\x00\x00\x00\x00\x00\x00\x00}
04:06:35.876 [qtp961160488-22] DEBUG org.eclipse.jetty.server.HttpConnection - HttpConnection@528ba6f9::SocketChannelEndPoint@469d33a{l=/127.0.0.1:36153,r=/127.0.0.1:37720,OPEN,fill=-,flush=-,to=0/3000}{io=0/0,kio=0,kro=1}->HttpConnection@528ba6f9[p=HttpParser{s=START,0 of -1},g=HttpGenerator@5ee3da47{s=START}]=>HttpChannelOverHttp@72068242{s=HttpChannelState@57aa791d{s=IDLE rs=BLOCKING os=OPEN is=IDLE awp=false se=false i=true al=0},r=0,c=false/false,a=IDLE,uri=null,age=0} filled 125 HeapByteBuffer@3e2e5006[p=0,l=125,c=8192,r=125]={<<<GET /config.yml HTTP/1.1\r...gent: okhttp/3.12.3\r\n\r\n>>> 4\r\nServe...\x00\x00\x00\x00\x00\x00\x00}
04:06:35.876 [qtp961160488-22] DEBUG org.eclipse.jetty.server.HttpConnection - HttpConnection@528ba6f9::SocketChannelEndPoint@469d33a{l=/127.0.0.1:36153,r=/127.0.0.1:37720,OPEN,fill=-,flush=-,to=0/3000}{io=0/0,kio=0,kro=1}->HttpConnection@528ba6f9[p=HttpParser{s=START,0 of -1},g=HttpGenerator@5ee3da47{s=START}]=>HttpChannelOverHttp@72068242{s=HttpChannelState@57aa791d{s=IDLE rs=BLOCKING os=OPEN is=IDLE awp=false se=false i=true al=0},r=0,c=false/false,a=IDLE,uri=null,age=0} parse HeapByteBuffer@3e2e5006[p=0,l=125,c=8192,r=125]={<<<GET /config.yml HTTP/1.1\r...gent: okhttp/3.12.3\r\n\r\n>>> 4\r\nServe...\x00\x00\x00\x00\x00\x00\x00} {}
04:06:35.876 [qtp961160488-22] DEBUG org.eclipse.jetty.http.HttpParser - parseNext s=START HeapByteBuffer@3e2e5006[p=0,l=125,c=8192,r=125]={<<<GET /config.yml HTTP/1.1\r...gent: okhttp/3.12.3\r\n\r\n>>> 4\r\nServe...\x00\x00\x00\x00\x00\x00\x00}
04:06:35.876 [qtp961160488-22] DEBUG org.eclipse.jetty.http.HttpParser - START --> SPACE1
04:06:35.876 [qtp961160488-22] DEBUG org.eclipse.jetty.http.HttpParser - SPACE1 --> URI
04:06:35.876 [qtp961160488-22] DEBUG org.eclipse.jetty.http.HttpParser - URI --> SPACE2
04:06:35.876 [qtp961160488-22] DEBUG org.eclipse.jetty.http.HttpParser - SPACE2 --> REQUEST_VERSION
04:06:35.876 [qtp961160488-22] DEBUG org.eclipse.jetty.http.HttpParser - REQUEST_VERSION --> HEADER
04:06:35.876 [qtp961160488-22] DEBUG org.eclipse.jetty.http.HttpParser - HEADER:Host --> VALUE
04:06:35.876 [qtp961160488-22] DEBUG org.eclipse.jetty.http.HttpParser - HEADER:Host --> IN_VALUE
04:06:35.876 [qtp961160488-22] DEBUG org.eclipse.jetty.http.HttpParser - HEADER:Host --> FIELD
04:06:35.876 [qtp961160488-22] DEBUG org.eclipse.jetty.http.HttpParser - HEADER:Connection: keep-alive --> IN_VALUE
04:06:35.876 [qtp961160488-22] DEBUG org.eclipse.jetty.http.HttpParser - HEADER:Connection: keep-alive --> FIELD
04:06:35.876 [qtp961160488-22] DEBUG org.eclipse.jetty.http.HttpParser - HEADER:Accept-Encoding: gzip --> IN_VALUE
04:06:35.876 [qtp961160488-22] DEBUG org.eclipse.jetty.http.HttpParser - HEADER:Accept-Encoding: gzip --> FIELD
04:06:35.876 [qtp961160488-22] DEBUG org.eclipse.jetty.http.HttpParser - HEADER:User-Agent --> VALUE
04:06:35.876 [qtp961160488-22] DEBUG org.eclipse.jetty.http.HttpParser - HEADER:User-Agent --> IN_VALUE
04:06:35.876 [qtp961160488-22] DEBUG org.eclipse.jetty.http.HttpParser - HEADER:User-Agent --> FIELD
04:06:35.876 [qtp961160488-22] DEBUG org.eclipse.jetty.http.HttpParser - HEADER --> CONTENT
04:06:35.877 [qtp961160488-22] DEBUG org.eclipse.jetty.server.HttpChannel - REQUEST for //localhost:36153/config.yml on HttpChannelOverHttp@72068242{s=HttpChannelState@57aa791d{s=IDLE rs=BLOCKING os=OPEN is=IDLE awp=false se=false i=true al=0},r=1,c=false/false,a=IDLE,uri=//localhost:36153/config.yml,age=0}
GET //localhost:36153/config.yml HTTP/1.1
Host: localhost:36153
Connection: keep-alive
Accept-Encoding: gzip
User-Agent: okhttp/3.12.3


04:06:35.877 [qtp961160488-22] DEBUG org.eclipse.jetty.server.HttpConnection - HttpConnection@528ba6f9::SocketChannelEndPoint@469d33a{l=/127.0.0.1:36153,r=/127.0.0.1:37720,OPEN,fill=-,flush=-,to=0/3000}{io=0/0,kio=0,kro=1}->HttpConnection@528ba6f9[p=HttpParser{s=CONTENT,0 of -1},g=HttpGenerator@5ee3da47{s=START}]=>HttpChannelOverHttp@72068242{s=HttpChannelState@57aa791d{s=IDLE rs=BLOCKING os=OPEN is=IDLE awp=false se=false i=true al=0},r=1,c=false/false,a=IDLE,uri=//localhost:36153/config.yml,age=0} parsed true HttpParser{s=CONTENT,0 of -1}
04:06:35.877 [qtp961160488-22] DEBUG org.eclipse.jetty.server.HttpConnection - releaseRequestBuffer HttpConnection@528ba6f9::SocketChannelEndPoint@469d33a{l=/127.0.0.1:36153,r=/127.0.0.1:37720,OPEN,fill=-,flush=-,to=0/3000}{io=0/0,kio=0,kro=1}->HttpConnection@528ba6f9[p=HttpParser{s=CONTENT,0 of -1},g=HttpGenerator@5ee3da47{s=START}]=>HttpChannelOverHttp@72068242{s=HttpChannelState@57aa791d{s=IDLE rs=BLOCKING os=OPEN is=IDLE awp=false se=false i=true al=0},r=1,c=false/false,a=IDLE,uri=//localhost:36153/config.yml,age=0}
04:06:35.877 [qtp961160488-22] DEBUG org.eclipse.jetty.server.HttpChannel - handle //localhost:36153/config.yml HttpChannelOverHttp@72068242{s=HttpChannelState@57aa791d{s=IDLE rs=BLOCKING os=OPEN is=IDLE awp=false se=false i=true al=0},r=1,c=false/false,a=IDLE,uri=//localhost:36153/config.yml,age=0} 
04:06:35.877 [qtp961160488-22] DEBUG org.eclipse.jetty.server.HttpChannelState - handling HttpChannelState@57aa791d{s=IDLE rs=BLOCKING os=OPEN is=IDLE awp=false se=false i=true al=0}
04:06:35.877 [qtp961160488-22] DEBUG org.eclipse.jetty.server.HttpChannel - action DISPATCH HttpChannelOverHttp@72068242{s=HttpChannelState@57aa791d{s=HANDLING rs=BLOCKING os=OPEN is=IDLE awp=false se=false i=true al=0},r=1,c=false/false,a=HANDLING,uri=//localhost:36153/config.yml,age=0}
04:06:35.877 [qtp961160488-22] DEBUG org.eclipse.jetty.server.Server - REQUEST GET /config.yml on HttpChannelOverHttp@72068242{s=HttpChannelState@57aa791d{s=HANDLING rs=BLOCKING os=OPEN is=IDLE awp=false se=false i=true al=0},r=1,c=false/false,a=HANDLING,uri=//localhost:36153/config.yml,age=0}
04:06:35.877 [qtp961160488-22] DEBUG org.eclipse.jetty.server.HttpOutput - write(array HeapByteBuffer@54d07cf7[p=0,l=4,c=512,r=4]={<<<path>>>\x00\x00\x00\x00\x00\x00\x00\x00\x00...\x00\x00\x00\x00\x00\x00\x00})
04:06:35.877 [qtp961160488-22] DEBUG org.eclipse.jetty.server.HttpOutput - write(array) s=CLOSING,api=BLOCKED,sc=false,e=null last=true agg=false flush=true async=false, len=4 null
04:06:35.877 [qtp961160488-22] DEBUG org.eclipse.jetty.server.HttpChannel - sendResponse info=null content=HeapByteBuffer@4ec61ffc[p=0,l=4,c=512,r=4]={<<<path>>>\x00\x00\x00\x00\x00\x00\x00\x00\x00...\x00\x00\x00\x00\x00\x00\x00} complete=true committing=true callback=Blocker@24ede426{null}
04:06:35.877 [qtp961160488-22] DEBUG org.eclipse.jetty.server.HttpChannel - COMMIT for /config.yml on HttpChannelOverHttp@72068242{s=HttpChannelState@57aa791d{s=HANDLING rs=BLOCKING os=COMMITTED is=IDLE awp=false se=false i=true al=0},r=1,c=false/false,a=HANDLING,uri=//localhost:36153/config.yml,age=0}
200 null HTTP/1.1
Date: Thu, 02 May 2024 03:06:35 GMT
ETag: testEtag
Content-Type: text/plain;charset=utf-8
Content-Length: 4


04:06:35.877 [qtp961160488-22] DEBUG org.eclipse.jetty.server.HttpConnection - generate: NEED_HEADER for SendCallback@5c43de3d[PROCESSING][i=HTTP/1.1{s=200,h=4,cl=4},cb=org.eclipse.jetty.server.HttpChannel$SendCallback@ba32686] (null,[p=0,l=4,c=512,r=4],true)@START
04:06:35.877 [qtp961160488-22] DEBUG org.eclipse.jetty.http.HttpGenerator - generateHeaders HTTP/1.1{s=200,h=4,cl=4} last=true content=HeapByteBuffer@4ec61ffc[p=0,l=4,c=512,r=4]={<<<path>>>\x00\x00\x00\x00\x00\x00\x00\x00\x00...\x00\x00\x00\x00\x00\x00\x00}
04:06:35.877 [qtp961160488-22] DEBUG org.eclipse.jetty.http.HttpGenerator - Date: Thu, 02 May 2024 03:06:35 GMT
ETag: testEtag
Content-Type: text/plain;charset=utf-8
Content-Length: 4


04:06:35.877 [qtp961160488-22] DEBUG org.eclipse.jetty.http.HttpGenerator - CONTENT_LENGTH
04:06:35.877 [qtp961160488-22] DEBUG org.eclipse.jetty.server.HttpConnection - generate: FLUSH for SendCallback@5c43de3d[PROCESSING][i=HTTP/1.1{s=200,h=4,cl=4},cb=org.eclipse.jetty.server.HttpChannel$SendCallback@ba32686] ([p=0,l=164,c=8192,r=164],[p=0,l=4,c=512,r=4],true)@COMPLETING
04:06:35.877 [qtp961160488-22] DEBUG org.eclipse.jetty.io.WriteFlusher - write: WriteFlusher@7564f1f1{IDLE}->null [HeapByteBuffer@3e2e5006[p=0,l=164,c=8192,r=164]={<<<HTTP/1.1 200 OK\r\nDate: Th...y(9.4.44.v20210927)\r\n\r\n>>>\n\r\n\x00\x00\x00\x00\x00\x00...\x00\x00\x00\x00\x00\x00\x00},HeapByteBuffer@4ec61ffc[p=0,l=4,c=512,r=4]={<<<path>>>\x00\x00\x00\x00\x00\x00\x00\x00\x00...\x00\x00\x00\x00\x00\x00\x00}]
04:06:35.877 [qtp961160488-22] DEBUG org.eclipse.jetty.io.WriteFlusher - update WriteFlusher@7564f1f1{WRITING}->null:IDLE-->WRITING
04:06:35.877 [qtp961160488-22] DEBUG org.eclipse.jetty.io.ChannelEndPoint - flushed 168 SocketChannelEndPoint@469d33a{l=/127.0.0.1:36153,r=/127.0.0.1:37720,OPEN,fill=-,flush=W,to=1/3000}{io=0/0,kio=0,kro=1}->HttpConnection@528ba6f9[p=HttpParser{s=CONTENT,0 of -1},g=HttpGenerator@5ee3da47{s=COMPLETING}]=>HttpChannelOverHttp@72068242{s=HttpChannelState@57aa791d{s=HANDLING rs=BLOCKING os=COMMITTED is=IDLE awp=false se=false i=true al=0},r=1,c=false/false,a=HANDLING,uri=//localhost:36153/config.yml,age=0}
04:06:35.877 [qtp961160488-22] DEBUG org.eclipse.jetty.io.WriteFlusher - Flushed=true written=168 remaining=0 WriteFlusher@7564f1f1{WRITING}->null
04:06:35.877 [qtp961160488-22] DEBUG org.eclipse.jetty.io.WriteFlusher - update WriteFlusher@7564f1f1{IDLE}->null:WRITING-->IDLE
04:06:35.877 [main] DEBUG org.apache.nifi.minifi.bootstrap.configuration.ingestors.PullHttpChangeIngestor - Response received: Response{protocol=http/1.1, code=200, message=OK, url=http://localhost:36153/config.yml}
04:06:35.877 [qtp961160488-22] DEBUG org.eclipse.jetty.server.HttpConnection - generate: DONE for SendCallback@5c43de3d[PROCESSING][i=HTTP/1.1{s=200,h=4,cl=4},cb=org.eclipse.jetty.server.HttpChannel$SendCallback@ba32686] ([p=164,l=164,c=8192,r=0],[p=4,l=4,c=512,r=0],true)@END
04:06:35.878 [qtp961160488-22] DEBUG org.eclipse.jetty.server.HttpOutput - onWriteComplete(true,null) s=CLOSING,api=BLOCKED,sc=false,e=null->s=CLOSED,api=BLOCKING,sc=false,e=null c=null cb=null w=false
04:06:35.878 [qtp961160488-22] DEBUG org.eclipse.jetty.server.HttpOutput - close() s=CLOSED,api=BLOCKING,sc=false,e=null c=null b=null
04:06:35.878 [qtp961160488-22] DEBUG org.eclipse.jetty.server.Server - handled=true async=false committed=true on HttpChannelOverHttp@72068242{s=HttpChannelState@57aa791d{s=HANDLING rs=BLOCKING os=COMPLETED is=IDLE awp=false se=false i=true al=0},r=1,c=false/true,a=HANDLING,uri=//localhost:36153/config.yml,age=1}
04:06:35.878 [qtp961160488-22] DEBUG org.eclipse.jetty.server.HttpChannelState - unhandle HttpChannelState@57aa791d{s=HANDLING rs=BLOCKING os=COMPLETED is=IDLE awp=false se=false i=true al=0}
04:06:35.878 [main] DEBUG org.apache.nifi.minifi.bootstrap.configuration.ingestors.PullHttpChangeIngestor - Pulled config same as currently running.
04:06:35.878 [qtp961160488-22] DEBUG org.eclipse.jetty.server.HttpChannelState - nextAction(false) COMPLETE HttpChannelState@57aa791d{s=HANDLING rs=COMPLETING os=COMPLETED is=IDLE awp=false se=false i=false al=0}
04:06:35.878 [qtp961160488-22] DEBUG org.eclipse.jetty.server.HttpChannel - action COMPLETE HttpChannelOverHttp@72068242{s=HttpChannelState@57aa791d{s=HANDLING rs=COMPLETING os=COMPLETED is=IDLE awp=false se=false i=false al=0},r=1,c=false/true,a=HANDLING,uri=//localhost:36153/config.yml,age=1}
04:06:35.878 [qtp961160488-22] DEBUG org.eclipse.jetty.server.HttpOutput - complete(org.eclipse.jetty.util.Callback$3@3ee3e7af) s=CLOSED,api=BLOCKING,sc=false,e=null s=true e=null, c=null
04:06:35.878 [qtp961160488-22] DEBUG org.eclipse.jetty.server.HttpChannelState - completed HttpChannelState@57aa791d{s=HANDLING rs=COMPLETING os=COMPLETED is=IDLE awp=false se=false i=false al=0}
04:06:35.878 [qtp961160488-22] DEBUG org.eclipse.jetty.server.HttpChannelState - unhandle HttpChannelState@57aa791d{s=HANDLING rs=COMPLETED os=COMPLETED is=IDLE awp=false se=false i=false al=0}
04:06:35.878 [qtp961160488-22] DEBUG org.eclipse.jetty.server.HttpChannelState - nextAction(false) TERMINATED HttpChannelState@57aa791d{s=IDLE rs=COMPLETED os=COMPLETED is=IDLE awp=false se=false i=false al=0}
04:06:35.878 [qtp961160488-22] DEBUG org.eclipse.jetty.server.HttpChannel - action TERMINATED HttpChannelOverHttp@72068242{s=HttpChannelState@57aa791d{s=IDLE rs=COMPLETED os=COMPLETED is=IDLE awp=false se=false i=false al=0},r=1,c=true/true,a=IDLE,uri=//localhost:36153/config.yml,age=1}
04:06:35.878 [qtp961160488-22] DEBUG org.eclipse.jetty.server.HttpChannel - onCompleted for /config.yml written=4
04:06:35.878 [qtp961160488-22] DEBUG org.eclipse.jetty.io.ChannelEndPoint - filled 0 HeapByteBuffer@3e2e5006[p=0,l=0,c=8192,r=0]={<<<>>>HTTP/1.1 ...\x00\x00\x00\x00\x00\x00\x00}
04:06:35.878 [qtp961160488-22] DEBUG org.eclipse.jetty.io.ChannelEndPoint - filled 0 HeapByteBuffer@3e2e5006[p=0,l=0,c=8192,r=0]={<<<>>>HTTP/1.1 ...\x00\x00\x00\x00\x00\x00\x00}
]]></system-out>
  </testcase>
</testsuite>