<?xml version="1.0" encoding="UTF-8"?>
<testsuite xmlns:xsi="http://www.w3.org/2001/XMLSchema-instance" xsi:noNamespaceSchemaLocation="https://maven.apache.org/surefire/maven-surefire-plugin/xsd/surefire-test-report-3.0.xsd" version="3.0" name="org.apache.nifi.processors.standard.TestControlRate" time="5.208" tests="8" errors="0" skipped="0" failures="0">
  <properties>
    <property name="sun.desktop" value="gnome"/>
    <property name="awt.toolkit" value="sun.awt.X11.XToolkit"/>
    <property name="file.encoding.pkg" value="sun.io"/>
    <property name="java.specification.version" value="1.8"/>
    <property name="sun.cpu.isalist" value=""/>
    <property name="sun.jnu.encoding" value="UTF-8"/>
    <property name="java.class.path" value="/home/alex/Repositories/nifi/nifi-nar-bundles/nifi-standard-bundle/nifi-standard-processors/target/test-classes:/home/alex/Repositories/nifi/nifi-nar-bundles/nifi-standard-bundle/nifi-standard-processors/target/classes:/home/alex/.m2/repository/org/apache/ftpserver/ftpserver-core/1.1.1/ftpserver-core-1.1.1.jar:/home/alex/.m2/repository/org/apache/ftpserver/ftplet-api/1.1.1/ftplet-api-1.1.1.jar:/home/alex/.m2/repository/org/slf4j/slf4j-api/1.7.32/slf4j-api-1.7.32.jar:/home/alex/.m2/repository/org/apache/mina/mina-core/2.0.16/mina-core-2.0.16.jar:/home/alex/Repositories/nifi/nifi-api/target/classes:/home/alex/Repositories/nifi/nifi-commons/nifi-expression-language/target/classes:/home/alex/.m2/repository/org/antlr/antlr-runtime/3.5.2/antlr-runtime-3.5.2.jar:/home/alex/Repositories/nifi/nifi-commons/nifi-parameter/target/classes:/home/alex/Repositories/nifi/nifi-commons/nifi-uuid5/target/classes:/home/alex/.m2/repository/org/apache/commons/commons-text/1.8/commons-text-1.8.jar:/home/alex/Repositories/nifi/nifi-nar-bundles/nifi-extension-utils/nifi-processor-utils/target/classes:/home/alex/Repositories/nifi/nifi-commons/nifi-security-socket-ssl/target/classes:/home/alex/Repositories/nifi/nifi-nar-bundles/nifi-extension-utils/nifi-event-transport/target/classes:/home/alex/.m2/repository/io/netty/netty-handler/4.1.69.Final/netty-handler-4.1.69.Final.jar:/home/alex/.m2/repository/io/netty/netty-common/4.1.69.Final/netty-common-4.1.69.Final.jar:/home/alex/.m2/repository/io/netty/netty-resolver/4.1.69.Final/netty-resolver-4.1.69.Final.jar:/home/alex/.m2/repository/io/netty/netty-transport/4.1.69.Final/netty-transport-4.1.69.Final.jar:/home/alex/.m2/repository/io/netty/netty-codec/4.1.69.Final/netty-codec-4.1.69.Final.jar:/home/alex/Repositories/nifi/nifi-nar-bundles/nifi-extension-utils/nifi-syslog-utils/target/classes:/home/alex/.m2/repository/com/github/palindromicity/simple-syslog-5424/0.0.16/simple-syslog-5424-0.0.16.jar:/home/alex/.m2/repository/org/antlr/antlr4-runtime/4.7.2/antlr4-runtime-4.7.2.jar:/home/alex/Repositories/nifi/nifi-commons/nifi-utils/target/classes:/home/alex/Repositories/nifi/nifi-commons/nifi-record-path/target/classes:/home/alex/Repositories/nifi/nifi-commons/nifi-properties/target/classes:/home/alex/Repositories/nifi/nifi-commons/nifi-property-utils/target/classes:/home/alex/.m2/repository/com/github/ben-manes/caffeine/caffeine/2.8.1/caffeine-2.8.1.jar:/home/alex/Repositories/nifi/nifi-nar-bundles/nifi-standard-services/nifi-ssl-context-service-api/target/classes:/home/alex/Repositories/nifi/nifi-commons/nifi-security-utils-api/target/classes:/home/alex/Repositories/nifi/nifi-nar-bundles/nifi-standard-services/nifi-lookup-service-api/target/classes:/home/alex/Repositories/nifi/nifi-commons/nifi-flowfile-packager/target/classes:/home/alex/Repositories/nifi/nifi-nar-bundles/nifi-standard-services/nifi-distributed-cache-client-service-api/target/classes:/home/alex/Repositories/nifi/nifi-nar-bundles/nifi-standard-services/nifi-http-context-map-api/target/classes:/home/alex/Repositories/nifi/nifi-nar-bundles/nifi-standard-services/nifi-record-serialization-service-api/target/classes:/home/alex/Repositories/nifi/nifi-nar-bundles/nifi-standard-services/nifi-proxy-configuration-api/target/classes:/home/alex/Repositories/nifi/nifi-commons/nifi-record/target/classes:/home/alex/Repositories/nifi/nifi-nar-bundles/nifi-standard-services/nifi-record-sink-api/target/classes:/home/alex/.m2/repository/commons-io/commons-io/2.10.0/commons-io-2.10.0.jar:/home/alex/.m2/repository/javax/ws/rs/javax.ws.rs-api/2.1/javax.ws.rs-api-2.1.jar:/home/alex/.m2/repository/commons-net/commons-net/3.6/commons-net-3.6.jar:/home/alex/.m2/repository/org/apache/commons/commons-compress/1.21/commons-compress-1.21.jar:/home/alex/.m2/repository/org/apache/commons/commons-lang3/3.9/commons-lang3-3.9.jar:/home/alex/.m2/repository/org/bouncycastle/bcprov-jdk15on/1.69/bcprov-jdk15on-1.69.jar:/home/alex/.m2/repository/org/bouncycastle/bcpg-jdk15on/1.69/bcpg-jdk15on-1.69.jar:/home/alex/.m2/repository/org/bouncycastle/bcpkix-jdk15on/1.69/bcpkix-jdk15on-1.69.jar:/home/alex/.m2/repository/org/bouncycastle/bcutil-jdk15on/1.69/bcutil-jdk15on-1.69.jar:/home/alex/.m2/repository/commons-codec/commons-codec/1.14/commons-codec-1.14.jar:/home/alex/Repositories/nifi/nifi-commons/nifi-security-utils/target/classes:/home/alex/Repositories/nifi/nifi-commons/nifi-security-kms/target/classes:/home/alex/.m2/repository/org/apache/commons/commons-configuration2/2.7/commons-configuration2-2.7.jar:/home/alex/.m2/repository/com/hierynomus/sshj/0.32.0/sshj-0.32.0.jar:/home/alex/.m2/repository/com/jcraft/jzlib/1.1.3/jzlib-1.1.3.jar:/home/alex/.m2/repository/com/hierynomus/asn-one/0.6.0/asn-one-0.6.0.jar:/home/alex/.m2/repository/net/i2p/crypto/eddsa/0.3.0/eddsa-0.3.0.jar:/home/alex/.m2/repository/org/eclipse/jetty/jetty-server/9.4.44.v20210927/jetty-server-9.4.44.v20210927.jar:/home/alex/.m2/repository/javax/servlet/javax.servlet-api/3.1.0/javax.servlet-api-3.1.0.jar:/home/alex/.m2/repository/org/eclipse/jetty/jetty-http/9.4.44.v20210927/jetty-http-9.4.44.v20210927.jar:/home/alex/.m2/repository/org/eclipse/jetty/jetty-util/9.4.44.v20210927/jetty-util-9.4.44.v20210927.jar:/home/alex/.m2/repository/org/eclipse/jetty/jetty-io/9.4.44.v20210927/jetty-io-9.4.44.v20210927.jar:/home/alex/.m2/repository/org/eclipse/jetty/jetty-servlet/9.4.44.v20210927/jetty-servlet-9.4.44.v20210927.jar:/home/alex/.m2/repository/org/eclipse/jetty/jetty-security/9.4.44.v20210927/jetty-security-9.4.44.v20210927.jar:/home/alex/.m2/repository/org/eclipse/jetty/jetty-util-ajax/9.4.44.v20210927/jetty-util-ajax-9.4.44.v20210927.jar:/home/alex/.m2/repository/org/apache/httpcomponents/httpclient/4.5.5/httpclient-4.5.5.jar:/home/alex/.m2/repository/commons-logging/commons-logging/1.2/commons-logging-1.2.jar:/home/alex/.m2/repository/org/apache/httpcomponents/httpcore/4.4.9/httpcore-4.4.9.jar:/home/alex/.m2/repository/jakarta/activation/jakarta.activation-api/2.0.1/jakarta.activation-api-2.0.1.jar:/home/alex/.m2/repository/com/sun/activation/jakarta.activation/2.0.1/jakarta.activation-2.0.1.jar:/home/alex/.m2/repository/jakarta/mail/jakarta.mail-api/2.0.1/jakarta.mail-api-2.0.1.jar:/home/alex/.m2/repository/com/sun/mail/jakarta.mail/2.0.1/jakarta.mail-2.0.1.jar:/home/alex/.m2/repository/com/github/jponge/lzma-java/1.3/lzma-java-1.3.jar:/home/alex/.m2/repository/org/tukaani/xz/1.8/xz-1.8.jar:/home/alex/.m2/repository/net/sf/saxon/Saxon-HE/10.6/Saxon-HE-10.6.jar:/home/alex/Repositories/nifi/nifi-commons/nifi-socket-utils/target/classes:/home/alex/Repositories/nifi/nifi-commons/nifi-logging-utils/target/classes:/home/alex/Repositories/nifi/nifi-nar-bundles/nifi-standard-services/nifi-load-distribution-service-api/target/classes:/home/alex/.m2/repository/javax/jms/javax.jms-api/2.0.1/javax.jms-api-2.0.1.jar:/home/alex/.m2/repository/org/apache/activemq/activemq-client/5.15.15/activemq-client-5.15.15.jar:/home/alex/.m2/repository/org/apache/geronimo/specs/geronimo-jms_1.1_spec/1.1.1/geronimo-jms_1.1_spec-1.1.1.jar:/home/alex/.m2/repository/org/fusesource/hawtbuf/hawtbuf/1.11/hawtbuf-1.11.jar:/home/alex/.m2/repository/org/apache/geronimo/specs/geronimo-j2ee-management_1.1_spec/1.0.1/geronimo-j2ee-management_1.1_spec-1.0.1.jar:/home/alex/.m2/repository/com/jayway/jsonpath/json-path/2.6.0/json-path-2.6.0.jar:/home/alex/.m2/repository/net/minidev/json-smart/2.4.7/json-smart-2.4.7.jar:/home/alex/.m2/repository/net/minidev/accessors-smart/2.4.7/accessors-smart-2.4.7.jar:/home/alex/.m2/repository/org/ow2/asm/asm/9.1/asm-9.1.jar:/home/alex/.m2/repository/org/apache/tika/tika-core/1.26/tika-core-1.26.jar:/home/alex/.m2/repository/com/fasterxml/jackson/core/jackson-databind/2.12.3/jackson-databind-2.12.3.jar:/home/alex/.m2/repository/com/fasterxml/jackson/core/jackson-annotations/2.12.3/jackson-annotations-2.12.3.jar:/home/alex/.m2/repository/com/fasterxml/jackson/core/jackson-core/2.12.3/jackson-core-2.12.3.jar:/home/alex/Repositories/nifi/nifi-nar-bundles/nifi-extension-utils/nifi-record-utils/nifi-avro-record-utils/target/classes:/home/alex/Repositories/nifi/nifi-nar-bundles/nifi-extension-utils/nifi-record-utils/nifi-standard-record-utils/target/classes:/home/alex/.m2/repository/org/apache/avro/avro/1.8.1/avro-1.8.1.jar:/home/alex/.m2/repository/org/codehaus/jackson/jackson-core-asl/1.9.13/jackson-core-asl-1.9.13.jar:/home/alex/.m2/repository/org/codehaus/jackson/jackson-mapper-asl/1.9.13/jackson-mapper-asl-1.9.13.jar:/home/alex/.m2/repository/com/thoughtworks/paranamer/paranamer/2.7/paranamer-2.7.jar:/home/alex/Repositories/nifi/nifi-nar-bundles/nifi-standard-services/nifi-dbcp-service-api/target/classes:/home/alex/.m2/repository/com/squareup/okhttp3/okhttp/4.9.2/okhttp-4.9.2.jar:/home/alex/.m2/repository/com/squareup/okio/okio/2.8.0/okio-2.8.0.jar:/home/alex/.m2/repository/org/jetbrains/kotlin/kotlin-stdlib-common/1.4.0/kotlin-stdlib-common-1.4.0.jar:/home/alex/.m2/repository/org/jetbrains/kotlin/kotlin-stdlib/1.4.10/kotlin-stdlib-1.4.10.jar:/home/alex/.m2/repository/org/jetbrains/annotations/13.0/annotations-13.0.jar:/home/alex/.m2/repository/io/github/rburgst/okhttp-digest/2.5/okhttp-digest-2.5.jar:/home/alex/.m2/repository/at/favre/lib/bcrypt/0.9.0/bcrypt-0.9.0.jar:/home/alex/.m2/repository/at/favre/lib/bytes/1.3.0/bytes-1.3.0.jar:/home/alex/.m2/repository/com/google/guava/guava/28.0-jre/guava-28.0-jre.jar:/home/alex/.m2/repository/com/google/guava/failureaccess/1.0.1/failureaccess-1.0.1.jar:/home/alex/.m2/repository/com/google/guava/listenablefuture/9999.0-empty-to-avoid-conflict-with-guava/listenablefuture-9999.0-empty-to-avoid-conflict-with-guava.jar:/home/alex/.m2/repository/com/google/code/findbugs/jsr305/3.0.2/jsr305-3.0.2.jar:/home/alex/.m2/repository/org/checkerframework/checker-qual/2.8.1/checker-qual-2.8.1.jar:/home/alex/.m2/repository/com/google/errorprone/error_prone_annotations/2.3.2/error_prone_annotations-2.3.2.jar:/home/alex/.m2/repository/com/google/j2objc/j2objc-annotations/1.3/j2objc-annotations-1.3.jar:/home/alex/.m2/repository/org/codehaus/mojo/animal-sniffer-annotations/1.17/animal-sniffer-annotations-1.17.jar:/home/alex/Repositories/nifi/nifi-mock/target/classes:/home/alex/Repositories/nifi/nifi-framework-api/target/classes:/home/alex/Repositories/nifi/nifi-nar-bundles/nifi-framework-bundle/nifi-framework/nifi-framework-core-api/target/classes:/home/alex/Repositories/nifi/nifi-nar-bundles/nifi-framework-bundle/nifi-framework/nifi-framework-nar-utils/target/classes:/home/alex/Repositories/nifi/nifi-nar-bundles/nifi-framework-bundle/nifi-framework/nifi-client-dto/target/classes:/home/alex/.m2/repository/io/swagger/swagger-annotations/1.6.0/swagger-annotations-1.6.0.jar:/home/alex/Repositories/nifi/nifi-commons/nifi-site-to-site-client/target/classes:/home/alex/.m2/repository/org/apache/httpcomponents/httpasyncclient/4.1.4/httpasyncclient-4.1.4.jar:/home/alex/.m2/repository/org/apache/httpcomponents/httpcore-nio/4.4.10/httpcore-nio-4.4.10.jar:/home/alex/Repositories/nifi/nifi-nar-bundles/nifi-framework-bundle/nifi-framework/nifi-framework-authorization/target/classes:/home/alex/Repositories/nifi/nifi-registry/nifi-registry-core/nifi-registry-data-model/target/classes:/home/alex/Repositories/nifi/nifi-registry/nifi-registry-core/nifi-registry-revision/nifi-registry-revision-entity-model/target/classes:/home/alex/Repositories/nifi/nifi-registry/nifi-registry-core/nifi-registry-client/target/classes:/home/alex/Repositories/nifi/nifi-registry/nifi-registry-core/nifi-registry-security-utils/target/classes:/home/alex/.m2/repository/org/glassfish/jersey/core/jersey-client/2.33/jersey-client-2.33.jar:/home/alex/.m2/repository/jakarta/ws/rs/jakarta.ws.rs-api/2.1.6/jakarta.ws.rs-api-2.1.6.jar:/home/alex/.m2/repository/org/glassfish/hk2/external/jakarta.inject/2.6.1/jakarta.inject-2.6.1.jar:/home/alex/.m2/repository/org/glassfish/jersey/media/jersey-media-json-jackson/2.33/jersey-media-json-jackson-2.33.jar:/home/alex/.m2/repository/org/glassfish/jersey/ext/jersey-entity-filtering/2.33/jersey-entity-filtering-2.33.jar:/home/alex/.m2/repository/org/glassfish/jersey/inject/jersey-hk2/2.33/jersey-hk2-2.33.jar:/home/alex/.m2/repository/org/glassfish/hk2/hk2-locator/2.6.1/hk2-locator-2.6.1.jar:/home/alex/.m2/repository/org/glassfish/hk2/external/aopalliance-repackaged/2.6.1/aopalliance-repackaged-2.6.1.jar:/home/alex/.m2/repository/org/glassfish/hk2/hk2-api/2.6.1/hk2-api-2.6.1.jar:/home/alex/.m2/repository/org/glassfish/hk2/hk2-utils/2.6.1/hk2-utils-2.6.1.jar:/home/alex/.m2/repository/org/javassist/javassist/3.25.0-GA/javassist-3.25.0-GA.jar:/home/alex/.m2/repository/org/glassfish/jersey/core/jersey-common/2.33/jersey-common-2.33.jar:/home/alex/.m2/repository/jakarta/annotation/jakarta.annotation-api/1.3.5/jakarta.annotation-api-1.3.5.jar:/home/alex/.m2/repository/org/glassfish/hk2/osgi-resource-locator/1.0.3/osgi-resource-locator-1.0.3.jar:/home/alex/.m2/repository/org/glassfish/jersey/media/jersey-media-multipart/2.33/jersey-media-multipart-2.33.jar:/home/alex/.m2/repository/org/jvnet/mimepull/mimepull/1.9.13/mimepull-1.9.13.jar:/home/alex/Repositories/nifi/nifi-commons/nifi-data-provenance-utils/target/classes:/home/alex/Repositories/nifi/nifi-nar-bundles/nifi-standard-services/nifi-distributed-cache-services-bundle/nifi-distributed-cache-client-service/target/classes:/home/alex/Repositories/nifi/nifi-nar-bundles/nifi-standard-services/nifi-distributed-cache-services-bundle/nifi-distributed-cache-protocol/target/classes:/home/alex/.m2/repository/io/netty/netty-buffer/4.1.69.Final/netty-buffer-4.1.69.Final.jar:/home/alex/.m2/repository/com/google/http-client/google-http-client/1.28.0/google-http-client-1.28.0.jar:/home/alex/.m2/repository/io/opencensus/opencensus-api/0.18.0/opencensus-api-0.18.0.jar:/home/alex/.m2/repository/io/grpc/grpc-context/1.14.0/grpc-context-1.14.0.jar:/home/alex/.m2/repository/io/opencensus/opencensus-contrib-http-util/0.18.0/opencensus-contrib-http-util-0.18.0.jar:/home/alex/.m2/repository/org/apache/activemq/activemq-broker/5.15.14/activemq-broker-5.15.14.jar:/home/alex/.m2/repository/org/apache/activemq/activemq-openwire-legacy/5.15.14/activemq-openwire-legacy-5.15.14.jar:/home/alex/Repositories/nifi/nifi-nar-bundles/nifi-standard-services/nifi-ssl-context-bundle/nifi-ssl-context-service/target/classes:/home/alex/Repositories/nifi/nifi-nar-bundles/nifi-framework-bundle/nifi-framework/nifi-standard-prioritizers/target/classes:/home/alex/Repositories/nifi/nifi-nar-bundles/nifi-extension-utils/nifi-record-utils/nifi-mock-record-utils/target/classes:/home/alex/Repositories/nifi/nifi-nar-bundles/nifi-standard-services/nifi-record-serialization-services-bundle/nifi-record-serialization-services/target/classes:/home/alex/.m2/repository/org/apache/commons/commons-csv/1.8/commons-csv-1.8.jar:/home/alex/.m2/repository/com/fasterxml/jackson/dataformat/jackson-dataformat-csv/2.12.3/jackson-dataformat-csv-2.12.3.jar:/home/alex/.m2/repository/net/java/dev/stax-utils/stax-utils/20070216/stax-utils-20070216.jar:/home/alex/Repositories/nifi/nifi-nar-bundles/nifi-standard-services/nifi-lookup-services-bundle/nifi-lookup-services/target/classes:/home/alex/.m2/repository/commons-beanutils/commons-beanutils/1.9.4/commons-beanutils-1.9.4.jar:/home/alex/.m2/repository/commons-collections/commons-collections/3.2.2/commons-collections-3.2.2.jar:/home/alex/.m2/repository/com/maxmind/geoip2/geoip2/2.12.0/geoip2-2.12.0.jar:/home/alex/.m2/repository/com/maxmind/db/maxmind-db/1.2.2/maxmind-db-1.2.2.jar:/home/alex/.m2/repository/org/apache/derby/derby/10.14.2.0/derby-10.14.2.0.jar:/home/alex/.m2/repository/org/xerial/snappy/snappy-java/1.1.7.3/snappy-java-1.1.7.3.jar:/home/alex/.m2/repository/net/lingala/zip4j/zip4j/2.8.0/zip4j-2.8.0.jar:/home/alex/.m2/repository/com/h2database/h2/1.4.187/h2-1.4.187.jar:/home/alex/.m2/repository/org/mockftpserver/MockFtpServer/2.7.1/MockFtpServer-2.7.1.jar:/home/alex/.m2/repository/org/apache/sshd/sshd-core/1.7.0/sshd-core-1.7.0.jar:/home/alex/.m2/repository/com/bazaarvoice/jolt/jolt-core/0.1.1/jolt-core-0.1.1.jar:/home/alex/.m2/repository/javax/inject/javax.inject/1/javax.inject-1.jar:/home/alex/.m2/repository/com/bazaarvoice/jolt/json-utils/0.1.1/json-utils-0.1.1.jar:/home/alex/Repositories/nifi/nifi-nar-bundles/nifi-standard-bundle/nifi-standard-utils/target/classes:/home/alex/.m2/repository/net/sf/supercsv/super-csv/2.4.0/super-csv-2.4.0.jar:/home/alex/.m2/repository/com/fluenda/parcefone/2.1.0/parcefone-2.1.0.jar:/home/alex/.m2/repository/javax/validation/validation-api/1.1.0.Final/validation-api-1.1.0.Final.jar:/home/alex/.m2/repository/javax/el/javax.el-api/3.0.0/javax.el-api-3.0.0.jar:/home/alex/.m2/repository/com/github/wnameless/json/json-flattener/0.12.0/json-flattener-0.12.0.jar:/home/alex/.m2/repository/com/github/wnameless/json/json-base/2.0.0/json-base-2.0.0.jar:/home/alex/.m2/repository/org/apache/bval/bval-jsr/1.1.2/bval-jsr-1.1.2.jar:/home/alex/.m2/repository/org/apache/bval/bval-core/1.1.2/bval-core-1.1.2.jar:/home/alex/.m2/repository/io/krakens/java-grok/0.1.9/java-grok-0.1.9.jar:/home/alex/.m2/repository/org/apache/calcite/calcite-core/1.27.0/calcite-core-1.27.0.jar:/home/alex/.m2/repository/org/apache/calcite/calcite-linq4j/1.27.0/calcite-linq4j-1.27.0.jar:/home/alex/.m2/repository/com/esri/geometry/esri-geometry-api/2.2.0/esri-geometry-api-2.2.0.jar:/home/alex/.m2/repository/org/apache/calcite/avatica/avatica-core/1.18.0/avatica-core-1.18.0.jar:/home/alex/.m2/repository/org/apache/calcite/avatica/avatica-metrics/1.18.0/avatica-metrics-1.18.0.jar:/home/alex/.m2/repository/com/google/protobuf/protobuf-java/3.6.1/protobuf-java-3.6.1.jar:/home/alex/.m2/repository/org/apiguardian/apiguardian-api/1.1.0/apiguardian-api-1.1.0.jar:/home/alex/.m2/repository/com/fasterxml/jackson/dataformat/jackson-dataformat-yaml/2.10.0/jackson-dataformat-yaml-2.10.0.jar:/home/alex/.m2/repository/org/yaml/snakeyaml/1.29/snakeyaml-1.29.jar:/home/alex/.m2/repository/com/google/uzaygezen/uzaygezen-core/0.2/uzaygezen-core-0.2.jar:/home/alex/.m2/repository/com/yahoo/datasketches/sketches-core/0.9.0/sketches-core-0.9.0.jar:/home/alex/.m2/repository/com/yahoo/datasketches/memory/0.9.0/memory-0.9.0.jar:/home/alex/.m2/repository/net/hydromatic/aggdesigner-algorithm/6.0/aggdesigner-algorithm-6.0.jar:/home/alex/.m2/repository/commons-lang/commons-lang/2.4/commons-lang-2.4.jar:/home/alex/.m2/repository/org/apache/commons/commons-dbcp2/2.6.0/commons-dbcp2-2.6.0.jar:/home/alex/.m2/repository/org/apache/commons/commons-pool2/2.6.1/commons-pool2-2.6.1.jar:/home/alex/.m2/repository/org/codehaus/janino/commons-compiler/3.0.11/commons-compiler-3.0.11.jar:/home/alex/.m2/repository/org/codehaus/janino/janino/3.0.11/janino-3.0.11.jar:/home/alex/Repositories/nifi/nifi-nar-bundles/nifi-standard-services/nifi-schema-registry-service-api/target/classes:/home/alex/Repositories/nifi/nifi-nar-bundles/nifi-extension-utils/nifi-database-utils/target/classes:/home/alex/Repositories/nifi/nifi-nar-bundles/nifi-standard-bundle/nifi-standard-web-test-utils/target/classes:/home/alex/.m2/repository/com/github/stefanbirkner/fake-sftp-server-rule/2.0.1/fake-sftp-server-rule-2.0.1.jar:/home/alex/.m2/repository/com/github/marschall/memoryfilesystem/2.8.0/memoryfilesystem-2.8.0.jar:/home/alex/.m2/repository/junit/junit/4.13.2/junit-4.13.2.jar:/home/alex/.m2/repository/org/hamcrest/hamcrest-core/1.3/hamcrest-core-1.3.jar:/home/alex/Repositories/nifi/nifi-nar-bundles/nifi-extension-utils/nifi-database-test-utils/target/classes:/home/alex/.m2/repository/org/codehaus/groovy/groovy-json/2.5.14/groovy-json-2.5.14.jar:/home/alex/.m2/repository/org/codehaus/groovy/groovy/2.5.14/groovy-2.5.14.jar:/home/alex/.m2/repository/org/codehaus/groovy/groovy-servlet/2.5.14/groovy-servlet-2.5.14.jar:/home/alex/.m2/repository/org/codehaus/groovy/groovy-templates/2.5.14/groovy-templates-2.5.14.jar:/home/alex/.m2/repository/org/codehaus/groovy/groovy-xml/2.5.14/groovy-xml-2.5.14.jar:/home/alex/.m2/repository/org/hamcrest/hamcrest-all/1.3/hamcrest-all-1.3.jar:/home/alex/.m2/repository/com/squareup/okhttp3/mockwebserver/4.9.2/mockwebserver-4.9.2.jar:/home/alex/.m2/repository/org/jetbrains/kotlin/kotlin-stdlib-jdk8/1.4.10/kotlin-stdlib-jdk8-1.4.10.jar:/home/alex/.m2/repository/org/jetbrains/kotlin/kotlin-stdlib-jdk7/1.4.10/kotlin-stdlib-jdk7-1.4.10.jar:/home/alex/.m2/repository/org/mockito/mockito-inline/3.12.4/mockito-inline-3.12.4.jar:/home/alex/.m2/repository/org/junit/jupiter/junit-jupiter-api/5.7.2/junit-jupiter-api-5.7.2.jar:/home/alex/.m2/repository/org/opentest4j/opentest4j/1.2.0/opentest4j-1.2.0.jar:/home/alex/.m2/repository/org/junit/platform/junit-platform-commons/1.7.2/junit-platform-commons-1.7.2.jar:/home/alex/.m2/repository/org/junit/jupiter/junit-jupiter-engine/5.7.2/junit-jupiter-engine-5.7.2.jar:/home/alex/.m2/repository/org/junit/platform/junit-platform-engine/1.7.2/junit-platform-engine-1.7.2.jar:/home/alex/.m2/repository/org/junit/vintage/junit-vintage-engine/5.7.2/junit-vintage-engine-5.7.2.jar:/home/alex/.m2/repository/org/junit/jupiter/junit-jupiter-params/5.7.2/junit-jupiter-params-5.7.2.jar:/home/alex/.m2/repository/org/mockito/mockito-core/3.11.2/mockito-core-3.11.2.jar:/home/alex/.m2/repository/net/bytebuddy/byte-buddy/1.11.3/byte-buddy-1.11.3.jar:/home/alex/.m2/repository/net/bytebuddy/byte-buddy-agent/1.11.3/byte-buddy-agent-1.11.3.jar:/home/alex/.m2/repository/org/objenesis/objenesis/3.2/objenesis-3.2.jar:/home/alex/.m2/repository/org/mockito/mockito-junit-jupiter/3.11.2/mockito-junit-jupiter-3.11.2.jar:/home/alex/.m2/repository/org/slf4j/slf4j-simple/1.7.32/slf4j-simple-1.7.32.jar:/home/alex/.m2/repository/org/codehaus/groovy/groovy-test/2.5.14/groovy-test-2.5.14.jar:"/>
    <property name="java.vm.vendor" value="Private Build"/>
    <property name="sun.arch.data.model" value="64"/>
    <property name="java.vendor.url" value="http://java.oracle.com/"/>
    <property name="user.timezone" value="Europe/Lisbon"/>
    <property name="java.vm.specification.version" value="1.8"/>
    <property name="os.name" value="Linux"/>
    <property name="user.country" value="US"/>
    <property name="sun.java.launcher" value="SUN_STANDARD"/>
    <property name="sun.boot.library.path" value="/usr/lib/jvm/java-8-openjdk-amd64/jre/lib/amd64"/>
    <property name="sun.java.command" value="/home/alex/Repositories/nifi/nifi-nar-bundles/nifi-standard-bundle/nifi-standard-processors/target/surefire/surefirebooter1968848106063708435.jar /home/alex/Repositories/nifi/nifi-nar-bundles/nifi-standard-bundle/nifi-standard-processors/target/surefire 2024-05-02T03-47-00_422-jvmRun1 surefire4606620135220886943tmp surefire_695667074623402873479tmp"/>
    <property name="surefire.test.class.path" value="/home/alex/Repositories/nifi/nifi-nar-bundles/nifi-standard-bundle/nifi-standard-processors/target/test-classes:/home/alex/Repositories/nifi/nifi-nar-bundles/nifi-standard-bundle/nifi-standard-processors/target/classes:/home/alex/.m2/repository/org/apache/ftpserver/ftpserver-core/1.1.1/ftpserver-core-1.1.1.jar:/home/alex/.m2/repository/org/apache/ftpserver/ftplet-api/1.1.1/ftplet-api-1.1.1.jar:/home/alex/.m2/repository/org/slf4j/slf4j-api/1.7.32/slf4j-api-1.7.32.jar:/home/alex/.m2/repository/org/apache/mina/mina-core/2.0.16/mina-core-2.0.16.jar:/home/alex/Repositories/nifi/nifi-api/target/classes:/home/alex/Repositories/nifi/nifi-commons/nifi-expression-language/target/classes:/home/alex/.m2/repository/org/antlr/antlr-runtime/3.5.2/antlr-runtime-3.5.2.jar:/home/alex/Repositories/nifi/nifi-commons/nifi-parameter/target/classes:/home/alex/Repositories/nifi/nifi-commons/nifi-uuid5/target/classes:/home/alex/.m2/repository/org/apache/commons/commons-text/1.8/commons-text-1.8.jar:/home/alex/Repositories/nifi/nifi-nar-bundles/nifi-extension-utils/nifi-processor-utils/target/classes:/home/alex/Repositories/nifi/nifi-commons/nifi-security-socket-ssl/target/classes:/home/alex/Repositories/nifi/nifi-nar-bundles/nifi-extension-utils/nifi-event-transport/target/classes:/home/alex/.m2/repository/io/netty/netty-handler/4.1.69.Final/netty-handler-4.1.69.Final.jar:/home/alex/.m2/repository/io/netty/netty-common/4.1.69.Final/netty-common-4.1.69.Final.jar:/home/alex/.m2/repository/io/netty/netty-resolver/4.1.69.Final/netty-resolver-4.1.69.Final.jar:/home/alex/.m2/repository/io/netty/netty-transport/4.1.69.Final/netty-transport-4.1.69.Final.jar:/home/alex/.m2/repository/io/netty/netty-codec/4.1.69.Final/netty-codec-4.1.69.Final.jar:/home/alex/Repositories/nifi/nifi-nar-bundles/nifi-extension-utils/nifi-syslog-utils/target/classes:/home/alex/.m2/repository/com/github/palindromicity/simple-syslog-5424/0.0.16/simple-syslog-5424-0.0.16.jar:/home/alex/.m2/repository/org/antlr/antlr4-runtime/4.7.2/antlr4-runtime-4.7.2.jar:/home/alex/Repositories/nifi/nifi-commons/nifi-utils/target/classes:/home/alex/Repositories/nifi/nifi-commons/nifi-record-path/target/classes:/home/alex/Repositories/nifi/nifi-commons/nifi-properties/target/classes:/home/alex/Repositories/nifi/nifi-commons/nifi-property-utils/target/classes:/home/alex/.m2/repository/com/github/ben-manes/caffeine/caffeine/2.8.1/caffeine-2.8.1.jar:/home/alex/Repositories/nifi/nifi-nar-bundles/nifi-standard-services/nifi-ssl-context-service-api/target/classes:/home/alex/Repositories/nifi/nifi-commons/nifi-security-utils-api/target/classes:/home/alex/Repositories/nifi/nifi-nar-bundles/nifi-standard-services/nifi-lookup-service-api/target/classes:/home/alex/Repositories/nifi/nifi-commons/nifi-flowfile-packager/target/classes:/home/alex/Repositories/nifi/nifi-nar-bundles/nifi-standard-services/nifi-distributed-cache-client-service-api/target/classes:/home/alex/Repositories/nifi/nifi-nar-bundles/nifi-standard-services/nifi-http-context-map-api/target/classes:/home/alex/Repositories/nifi/nifi-nar-bundles/nifi-standard-services/nifi-record-serialization-service-api/target/classes:/home/alex/Repositories/nifi/nifi-nar-bundles/nifi-standard-services/nifi-proxy-configuration-api/target/classes:/home/alex/Repositories/nifi/nifi-commons/nifi-record/target/classes:/home/alex/Repositories/nifi/nifi-nar-bundles/nifi-standard-services/nifi-record-sink-api/target/classes:/home/alex/.m2/repository/commons-io/commons-io/2.10.0/commons-io-2.10.0.jar:/home/alex/.m2/repository/javax/ws/rs/javax.ws.rs-api/2.1/javax.ws.rs-api-2.1.jar:/home/alex/.m2/repository/commons-net/commons-net/3.6/commons-net-3.6.jar:/home/alex/.m2/repository/org/apache/commons/commons-compress/1.21/commons-compress-1.21.jar:/home/alex/.m2/repository/org/apache/commons/commons-lang3/3.9/commons-lang3-3.9.jar:/home/alex/.m2/repository/org/bouncycastle/bcprov-jdk15on/1.69/bcprov-jdk15on-1.69.jar:/home/alex/.m2/repository/org/bouncycastle/bcpg-jdk15on/1.69/bcpg-jdk15on-1.69.jar:/home/alex/.m2/repository/org/bouncycastle/bcpkix-jdk15on/1.69/bcpkix-jdk15on-1.69.jar:/home/alex/.m2/repository/org/bouncycastle/bcutil-jdk15on/1.69/bcutil-jdk15on-1.69.jar:/home/alex/.m2/repository/commons-codec/commons-codec/1.14/commons-codec-1.14.jar:/home/alex/Repositories/nifi/nifi-commons/nifi-security-utils/target/classes:/home/alex/Repositories/nifi/nifi-commons/nifi-security-kms/target/classes:/home/alex/.m2/repository/org/apache/commons/commons-configuration2/2.7/commons-configuration2-2.7.jar:/home/alex/.m2/repository/com/hierynomus/sshj/0.32.0/sshj-0.32.0.jar:/home/alex/.m2/repository/com/jcraft/jzlib/1.1.3/jzlib-1.1.3.jar:/home/alex/.m2/repository/com/hierynomus/asn-one/0.6.0/asn-one-0.6.0.jar:/home/alex/.m2/repository/net/i2p/crypto/eddsa/0.3.0/eddsa-0.3.0.jar:/home/alex/.m2/repository/org/eclipse/jetty/jetty-server/9.4.44.v20210927/jetty-server-9.4.44.v20210927.jar:/home/alex/.m2/repository/javax/servlet/javax.servlet-api/3.1.0/javax.servlet-api-3.1.0.jar:/home/alex/.m2/repository/org/eclipse/jetty/jetty-http/9.4.44.v20210927/jetty-http-9.4.44.v20210927.jar:/home/alex/.m2/repository/org/eclipse/jetty/jetty-util/9.4.44.v20210927/jetty-util-9.4.44.v20210927.jar:/home/alex/.m2/repository/org/eclipse/jetty/jetty-io/9.4.44.v20210927/jetty-io-9.4.44.v20210927.jar:/home/alex/.m2/repository/org/eclipse/jetty/jetty-servlet/9.4.44.v20210927/jetty-servlet-9.4.44.v20210927.jar:/home/alex/.m2/repository/org/eclipse/jetty/jetty-security/9.4.44.v20210927/jetty-security-9.4.44.v20210927.jar:/home/alex/.m2/repository/org/eclipse/jetty/jetty-util-ajax/9.4.44.v20210927/jetty-util-ajax-9.4.44.v20210927.jar:/home/alex/.m2/repository/org/apache/httpcomponents/httpclient/4.5.5/httpclient-4.5.5.jar:/home/alex/.m2/repository/commons-logging/commons-logging/1.2/commons-logging-1.2.jar:/home/alex/.m2/repository/org/apache/httpcomponents/httpcore/4.4.9/httpcore-4.4.9.jar:/home/alex/.m2/repository/jakarta/activation/jakarta.activation-api/2.0.1/jakarta.activation-api-2.0.1.jar:/home/alex/.m2/repository/com/sun/activation/jakarta.activation/2.0.1/jakarta.activation-2.0.1.jar:/home/alex/.m2/repository/jakarta/mail/jakarta.mail-api/2.0.1/jakarta.mail-api-2.0.1.jar:/home/alex/.m2/repository/com/sun/mail/jakarta.mail/2.0.1/jakarta.mail-2.0.1.jar:/home/alex/.m2/repository/com/github/jponge/lzma-java/1.3/lzma-java-1.3.jar:/home/alex/.m2/repository/org/tukaani/xz/1.8/xz-1.8.jar:/home/alex/.m2/repository/net/sf/saxon/Saxon-HE/10.6/Saxon-HE-10.6.jar:/home/alex/Repositories/nifi/nifi-commons/nifi-socket-utils/target/classes:/home/alex/Repositories/nifi/nifi-commons/nifi-logging-utils/target/classes:/home/alex/Repositories/nifi/nifi-nar-bundles/nifi-standard-services/nifi-load-distribution-service-api/target/classes:/home/alex/.m2/repository/javax/jms/javax.jms-api/2.0.1/javax.jms-api-2.0.1.jar:/home/alex/.m2/repository/org/apache/activemq/activemq-client/5.15.15/activemq-client-5.15.15.jar:/home/alex/.m2/repository/org/apache/geronimo/specs/geronimo-jms_1.1_spec/1.1.1/geronimo-jms_1.1_spec-1.1.1.jar:/home/alex/.m2/repository/org/fusesource/hawtbuf/hawtbuf/1.11/hawtbuf-1.11.jar:/home/alex/.m2/repository/org/apache/geronimo/specs/geronimo-j2ee-management_1.1_spec/1.0.1/geronimo-j2ee-management_1.1_spec-1.0.1.jar:/home/alex/.m2/repository/com/jayway/jsonpath/json-path/2.6.0/json-path-2.6.0.jar:/home/alex/.m2/repository/net/minidev/json-smart/2.4.7/json-smart-2.4.7.jar:/home/alex/.m2/repository/net/minidev/accessors-smart/2.4.7/accessors-smart-2.4.7.jar:/home/alex/.m2/repository/org/ow2/asm/asm/9.1/asm-9.1.jar:/home/alex/.m2/repository/org/apache/tika/tika-core/1.26/tika-core-1.26.jar:/home/alex/.m2/repository/com/fasterxml/jackson/core/jackson-databind/2.12.3/jackson-databind-2.12.3.jar:/home/alex/.m2/repository/com/fasterxml/jackson/core/jackson-annotations/2.12.3/jackson-annotations-2.12.3.jar:/home/alex/.m2/repository/com/fasterxml/jackson/core/jackson-core/2.12.3/jackson-core-2.12.3.jar:/home/alex/Repositories/nifi/nifi-nar-bundles/nifi-extension-utils/nifi-record-utils/nifi-avro-record-utils/target/classes:/home/alex/Repositories/nifi/nifi-nar-bundles/nifi-extension-utils/nifi-record-utils/nifi-standard-record-utils/target/classes:/home/alex/.m2/repository/org/apache/avro/avro/1.8.1/avro-1.8.1.jar:/home/alex/.m2/repository/org/codehaus/jackson/jackson-core-asl/1.9.13/jackson-core-asl-1.9.13.jar:/home/alex/.m2/repository/org/codehaus/jackson/jackson-mapper-asl/1.9.13/jackson-mapper-asl-1.9.13.jar:/home/alex/.m2/repository/com/thoughtworks/paranamer/paranamer/2.7/paranamer-2.7.jar:/home/alex/Repositories/nifi/nifi-nar-bundles/nifi-standard-services/nifi-dbcp-service-api/target/classes:/home/alex/.m2/repository/com/squareup/okhttp3/okhttp/4.9.2/okhttp-4.9.2.jar:/home/alex/.m2/repository/com/squareup/okio/okio/2.8.0/okio-2.8.0.jar:/home/alex/.m2/repository/org/jetbrains/kotlin/kotlin-stdlib-common/1.4.0/kotlin-stdlib-common-1.4.0.jar:/home/alex/.m2/repository/org/jetbrains/kotlin/kotlin-stdlib/1.4.10/kotlin-stdlib-1.4.10.jar:/home/alex/.m2/repository/org/jetbrains/annotations/13.0/annotations-13.0.jar:/home/alex/.m2/repository/io/github/rburgst/okhttp-digest/2.5/okhttp-digest-2.5.jar:/home/alex/.m2/repository/at/favre/lib/bcrypt/0.9.0/bcrypt-0.9.0.jar:/home/alex/.m2/repository/at/favre/lib/bytes/1.3.0/bytes-1.3.0.jar:/home/alex/.m2/repository/com/google/guava/guava/28.0-jre/guava-28.0-jre.jar:/home/alex/.m2/repository/com/google/guava/failureaccess/1.0.1/failureaccess-1.0.1.jar:/home/alex/.m2/repository/com/google/guava/listenablefuture/9999.0-empty-to-avoid-conflict-with-guava/listenablefuture-9999.0-empty-to-avoid-conflict-with-guava.jar:/home/alex/.m2/repository/com/google/code/findbugs/jsr305/3.0.2/jsr305-3.0.2.jar:/home/alex/.m2/repository/org/checkerframework/checker-qual/2.8.1/checker-qual-2.8.1.jar:/home/alex/.m2/repository/com/google/errorprone/error_prone_annotations/2.3.2/error_prone_annotations-2.3.2.jar:/home/alex/.m2/repository/com/google/j2objc/j2objc-annotations/1.3/j2objc-annotations-1.3.jar:/home/alex/.m2/repository/org/codehaus/mojo/animal-sniffer-annotations/1.17/animal-sniffer-annotations-1.17.jar:/home/alex/Repositories/nifi/nifi-mock/target/classes:/home/alex/Repositories/nifi/nifi-framework-api/target/classes:/home/alex/Repositories/nifi/nifi-nar-bundles/nifi-framework-bundle/nifi-framework/nifi-framework-core-api/target/classes:/home/alex/Repositories/nifi/nifi-nar-bundles/nifi-framework-bundle/nifi-framework/nifi-framework-nar-utils/target/classes:/home/alex/Repositories/nifi/nifi-nar-bundles/nifi-framework-bundle/nifi-framework/nifi-client-dto/target/classes:/home/alex/.m2/repository/io/swagger/swagger-annotations/1.6.0/swagger-annotations-1.6.0.jar:/home/alex/Repositories/nifi/nifi-commons/nifi-site-to-site-client/target/classes:/home/alex/.m2/repository/org/apache/httpcomponents/httpasyncclient/4.1.4/httpasyncclient-4.1.4.jar:/home/alex/.m2/repository/org/apache/httpcomponents/httpcore-nio/4.4.10/httpcore-nio-4.4.10.jar:/home/alex/Repositories/nifi/nifi-nar-bundles/nifi-framework-bundle/nifi-framework/nifi-framework-authorization/target/classes:/home/alex/Repositories/nifi/nifi-registry/nifi-registry-core/nifi-registry-data-model/target/classes:/home/alex/Repositories/nifi/nifi-registry/nifi-registry-core/nifi-registry-revision/nifi-registry-revision-entity-model/target/classes:/home/alex/Repositories/nifi/nifi-registry/nifi-registry-core/nifi-registry-client/target/classes:/home/alex/Repositories/nifi/nifi-registry/nifi-registry-core/nifi-registry-security-utils/target/classes:/home/alex/.m2/repository/org/glassfish/jersey/core/jersey-client/2.33/jersey-client-2.33.jar:/home/alex/.m2/repository/jakarta/ws/rs/jakarta.ws.rs-api/2.1.6/jakarta.ws.rs-api-2.1.6.jar:/home/alex/.m2/repository/org/glassfish/hk2/external/jakarta.inject/2.6.1/jakarta.inject-2.6.1.jar:/home/alex/.m2/repository/org/glassfish/jersey/media/jersey-media-json-jackson/2.33/jersey-media-json-jackson-2.33.jar:/home/alex/.m2/repository/org/glassfish/jersey/ext/jersey-entity-filtering/2.33/jersey-entity-filtering-2.33.jar:/home/alex/.m2/repository/org/glassfish/jersey/inject/jersey-hk2/2.33/jersey-hk2-2.33.jar:/home/alex/.m2/repository/org/glassfish/hk2/hk2-locator/2.6.1/hk2-locator-2.6.1.jar:/home/alex/.m2/repository/org/glassfish/hk2/external/aopalliance-repackaged/2.6.1/aopalliance-repackaged-2.6.1.jar:/home/alex/.m2/repository/org/glassfish/hk2/hk2-api/2.6.1/hk2-api-2.6.1.jar:/home/alex/.m2/repository/org/glassfish/hk2/hk2-utils/2.6.1/hk2-utils-2.6.1.jar:/home/alex/.m2/repository/org/javassist/javassist/3.25.0-GA/javassist-3.25.0-GA.jar:/home/alex/.m2/repository/org/glassfish/jersey/core/jersey-common/2.33/jersey-common-2.33.jar:/home/alex/.m2/repository/jakarta/annotation/jakarta.annotation-api/1.3.5/jakarta.annotation-api-1.3.5.jar:/home/alex/.m2/repository/org/glassfish/hk2/osgi-resource-locator/1.0.3/osgi-resource-locator-1.0.3.jar:/home/alex/.m2/repository/org/glassfish/jersey/media/jersey-media-multipart/2.33/jersey-media-multipart-2.33.jar:/home/alex/.m2/repository/org/jvnet/mimepull/mimepull/1.9.13/mimepull-1.9.13.jar:/home/alex/Repositories/nifi/nifi-commons/nifi-data-provenance-utils/target/classes:/home/alex/Repositories/nifi/nifi-nar-bundles/nifi-standard-services/nifi-distributed-cache-services-bundle/nifi-distributed-cache-client-service/target/classes:/home/alex/Repositories/nifi/nifi-nar-bundles/nifi-standard-services/nifi-distributed-cache-services-bundle/nifi-distributed-cache-protocol/target/classes:/home/alex/.m2/repository/io/netty/netty-buffer/4.1.69.Final/netty-buffer-4.1.69.Final.jar:/home/alex/.m2/repository/com/google/http-client/google-http-client/1.28.0/google-http-client-1.28.0.jar:/home/alex/.m2/repository/io/opencensus/opencensus-api/0.18.0/opencensus-api-0.18.0.jar:/home/alex/.m2/repository/io/grpc/grpc-context/1.14.0/grpc-context-1.14.0.jar:/home/alex/.m2/repository/io/opencensus/opencensus-contrib-http-util/0.18.0/opencensus-contrib-http-util-0.18.0.jar:/home/alex/.m2/repository/org/apache/activemq/activemq-broker/5.15.14/activemq-broker-5.15.14.jar:/home/alex/.m2/repository/org/apache/activemq/activemq-openwire-legacy/5.15.14/activemq-openwire-legacy-5.15.14.jar:/home/alex/Repositories/nifi/nifi-nar-bundles/nifi-standard-services/nifi-ssl-context-bundle/nifi-ssl-context-service/target/classes:/home/alex/Repositories/nifi/nifi-nar-bundles/nifi-framework-bundle/nifi-framework/nifi-standard-prioritizers/target/classes:/home/alex/Repositories/nifi/nifi-nar-bundles/nifi-extension-utils/nifi-record-utils/nifi-mock-record-utils/target/classes:/home/alex/Repositories/nifi/nifi-nar-bundles/nifi-standard-services/nifi-record-serialization-services-bundle/nifi-record-serialization-services/target/classes:/home/alex/.m2/repository/org/apache/commons/commons-csv/1.8/commons-csv-1.8.jar:/home/alex/.m2/repository/com/fasterxml/jackson/dataformat/jackson-dataformat-csv/2.12.3/jackson-dataformat-csv-2.12.3.jar:/home/alex/.m2/repository/net/java/dev/stax-utils/stax-utils/20070216/stax-utils-20070216.jar:/home/alex/Repositories/nifi/nifi-nar-bundles/nifi-standard-services/nifi-lookup-services-bundle/nifi-lookup-services/target/classes:/home/alex/.m2/repository/commons-beanutils/commons-beanutils/1.9.4/commons-beanutils-1.9.4.jar:/home/alex/.m2/repository/commons-collections/commons-collections/3.2.2/commons-collections-3.2.2.jar:/home/alex/.m2/repository/com/maxmind/geoip2/geoip2/2.12.0/geoip2-2.12.0.jar:/home/alex/.m2/repository/com/maxmind/db/maxmind-db/1.2.2/maxmind-db-1.2.2.jar:/home/alex/.m2/repository/org/apache/derby/derby/10.14.2.0/derby-10.14.2.0.jar:/home/alex/.m2/repository/org/xerial/snappy/snappy-java/1.1.7.3/snappy-java-1.1.7.3.jar:/home/alex/.m2/repository/net/lingala/zip4j/zip4j/2.8.0/zip4j-2.8.0.jar:/home/alex/.m2/repository/com/h2database/h2/1.4.187/h2-1.4.187.jar:/home/alex/.m2/repository/org/mockftpserver/MockFtpServer/2.7.1/MockFtpServer-2.7.1.jar:/home/alex/.m2/repository/org/apache/sshd/sshd-core/1.7.0/sshd-core-1.7.0.jar:/home/alex/.m2/repository/com/bazaarvoice/jolt/jolt-core/0.1.1/jolt-core-0.1.1.jar:/home/alex/.m2/repository/javax/inject/javax.inject/1/javax.inject-1.jar:/home/alex/.m2/repository/com/bazaarvoice/jolt/json-utils/0.1.1/json-utils-0.1.1.jar:/home/alex/Repositories/nifi/nifi-nar-bundles/nifi-standard-bundle/nifi-standard-utils/target/classes:/home/alex/.m2/repository/net/sf/supercsv/super-csv/2.4.0/super-csv-2.4.0.jar:/home/alex/.m2/repository/com/fluenda/parcefone/2.1.0/parcefone-2.1.0.jar:/home/alex/.m2/repository/javax/validation/validation-api/1.1.0.Final/validation-api-1.1.0.Final.jar:/home/alex/.m2/repository/javax/el/javax.el-api/3.0.0/javax.el-api-3.0.0.jar:/home/alex/.m2/repository/com/github/wnameless/json/json-flattener/0.12.0/json-flattener-0.12.0.jar:/home/alex/.m2/repository/com/github/wnameless/json/json-base/2.0.0/json-base-2.0.0.jar:/home/alex/.m2/repository/org/apache/bval/bval-jsr/1.1.2/bval-jsr-1.1.2.jar:/home/alex/.m2/repository/org/apache/bval/bval-core/1.1.2/bval-core-1.1.2.jar:/home/alex/.m2/repository/io/krakens/java-grok/0.1.9/java-grok-0.1.9.jar:/home/alex/.m2/repository/org/apache/calcite/calcite-core/1.27.0/calcite-core-1.27.0.jar:/home/alex/.m2/repository/org/apache/calcite/calcite-linq4j/1.27.0/calcite-linq4j-1.27.0.jar:/home/alex/.m2/repository/com/esri/geometry/esri-geometry-api/2.2.0/esri-geometry-api-2.2.0.jar:/home/alex/.m2/repository/org/apache/calcite/avatica/avatica-core/1.18.0/avatica-core-1.18.0.jar:/home/alex/.m2/repository/org/apache/calcite/avatica/avatica-metrics/1.18.0/avatica-metrics-1.18.0.jar:/home/alex/.m2/repository/com/google/protobuf/protobuf-java/3.6.1/protobuf-java-3.6.1.jar:/home/alex/.m2/repository/org/apiguardian/apiguardian-api/1.1.0/apiguardian-api-1.1.0.jar:/home/alex/.m2/repository/com/fasterxml/jackson/dataformat/jackson-dataformat-yaml/2.10.0/jackson-dataformat-yaml-2.10.0.jar:/home/alex/.m2/repository/org/yaml/snakeyaml/1.29/snakeyaml-1.29.jar:/home/alex/.m2/repository/com/google/uzaygezen/uzaygezen-core/0.2/uzaygezen-core-0.2.jar:/home/alex/.m2/repository/com/yahoo/datasketches/sketches-core/0.9.0/sketches-core-0.9.0.jar:/home/alex/.m2/repository/com/yahoo/datasketches/memory/0.9.0/memory-0.9.0.jar:/home/alex/.m2/repository/net/hydromatic/aggdesigner-algorithm/6.0/aggdesigner-algorithm-6.0.jar:/home/alex/.m2/repository/commons-lang/commons-lang/2.4/commons-lang-2.4.jar:/home/alex/.m2/repository/org/apache/commons/commons-dbcp2/2.6.0/commons-dbcp2-2.6.0.jar:/home/alex/.m2/repository/org/apache/commons/commons-pool2/2.6.1/commons-pool2-2.6.1.jar:/home/alex/.m2/repository/org/codehaus/janino/commons-compiler/3.0.11/commons-compiler-3.0.11.jar:/home/alex/.m2/repository/org/codehaus/janino/janino/3.0.11/janino-3.0.11.jar:/home/alex/Repositories/nifi/nifi-nar-bundles/nifi-standard-services/nifi-schema-registry-service-api/target/classes:/home/alex/Repositories/nifi/nifi-nar-bundles/nifi-extension-utils/nifi-database-utils/target/classes:/home/alex/Repositories/nifi/nifi-nar-bundles/nifi-standard-bundle/nifi-standard-web-test-utils/target/classes:/home/alex/.m2/repository/com/github/stefanbirkner/fake-sftp-server-rule/2.0.1/fake-sftp-server-rule-2.0.1.jar:/home/alex/.m2/repository/com/github/marschall/memoryfilesystem/2.8.0/memoryfilesystem-2.8.0.jar:/home/alex/.m2/repository/junit/junit/4.13.2/junit-4.13.2.jar:/home/alex/.m2/repository/org/hamcrest/hamcrest-core/1.3/hamcrest-core-1.3.jar:/home/alex/Repositories/nifi/nifi-nar-bundles/nifi-extension-utils/nifi-database-test-utils/target/classes:/home/alex/.m2/repository/org/codehaus/groovy/groovy-json/2.5.14/groovy-json-2.5.14.jar:/home/alex/.m2/repository/org/codehaus/groovy/groovy/2.5.14/groovy-2.5.14.jar:/home/alex/.m2/repository/org/codehaus/groovy/groovy-servlet/2.5.14/groovy-servlet-2.5.14.jar:/home/alex/.m2/repository/org/codehaus/groovy/groovy-templates/2.5.14/groovy-templates-2.5.14.jar:/home/alex/.m2/repository/org/codehaus/groovy/groovy-xml/2.5.14/groovy-xml-2.5.14.jar:/home/alex/.m2/repository/org/hamcrest/hamcrest-all/1.3/hamcrest-all-1.3.jar:/home/alex/.m2/repository/com/squareup/okhttp3/mockwebserver/4.9.2/mockwebserver-4.9.2.jar:/home/alex/.m2/repository/org/jetbrains/kotlin/kotlin-stdlib-jdk8/1.4.10/kotlin-stdlib-jdk8-1.4.10.jar:/home/alex/.m2/repository/org/jetbrains/kotlin/kotlin-stdlib-jdk7/1.4.10/kotlin-stdlib-jdk7-1.4.10.jar:/home/alex/.m2/repository/org/mockito/mockito-inline/3.12.4/mockito-inline-3.12.4.jar:/home/alex/.m2/repository/org/junit/jupiter/junit-jupiter-api/5.7.2/junit-jupiter-api-5.7.2.jar:/home/alex/.m2/repository/org/opentest4j/opentest4j/1.2.0/opentest4j-1.2.0.jar:/home/alex/.m2/repository/org/junit/platform/junit-platform-commons/1.7.2/junit-platform-commons-1.7.2.jar:/home/alex/.m2/repository/org/junit/jupiter/junit-jupiter-engine/5.7.2/junit-jupiter-engine-5.7.2.jar:/home/alex/.m2/repository/org/junit/platform/junit-platform-engine/1.7.2/junit-platform-engine-1.7.2.jar:/home/alex/.m2/repository/org/junit/vintage/junit-vintage-engine/5.7.2/junit-vintage-engine-5.7.2.jar:/home/alex/.m2/repository/org/junit/jupiter/junit-jupiter-params/5.7.2/junit-jupiter-params-5.7.2.jar:/home/alex/.m2/repository/org/mockito/mockito-core/3.11.2/mockito-core-3.11.2.jar:/home/alex/.m2/repository/net/bytebuddy/byte-buddy/1.11.3/byte-buddy-1.11.3.jar:/home/alex/.m2/repository/net/bytebuddy/byte-buddy-agent/1.11.3/byte-buddy-agent-1.11.3.jar:/home/alex/.m2/repository/org/objenesis/objenesis/3.2/objenesis-3.2.jar:/home/alex/.m2/repository/org/mockito/mockito-junit-jupiter/3.11.2/mockito-junit-jupiter-3.11.2.jar:/home/alex/.m2/repository/org/slf4j/slf4j-simple/1.7.32/slf4j-simple-1.7.32.jar:/home/alex/.m2/repository/org/codehaus/groovy/groovy-test/2.5.14/groovy-test-2.5.14.jar:"/>
    <property name="sun.cpu.endian" value="little"/>
    <property name="user.home" value="/home/alex"/>
    <property name="user.language" value="en"/>
    <property name="java.specification.vendor" value="Oracle Corporation"/>
    <property name="java.home" value="/usr/lib/jvm/java-8-openjdk-amd64/jre"/>
    <property name="basedir" value="/home/alex/Repositories/nifi/nifi-nar-bundles/nifi-standard-bundle/nifi-standard-processors"/>
    <property name="file.separator" value="/"/>
    <property name="line.separator" value="&#10;"/>
    <property name="java.vm.specification.vendor" value="Oracle Corporation"/>
    <property name="java.specification.name" value="Java Platform API Specification"/>
    <property name="derby.stream.error.file" value="target/derby.log"/>
    <property name="java.awt.graphicsenv" value="sun.awt.X11GraphicsEnvironment"/>
    <property name="java.awt.headless" value="true"/>
    <property name="surefire.real.class.path" value="/home/alex/Repositories/nifi/nifi-nar-bundles/nifi-standard-bundle/nifi-standard-processors/target/surefire/surefirebooter1968848106063708435.jar"/>
    <property name="sun.boot.class.path" value="/usr/lib/jvm/java-8-openjdk-amd64/jre/lib/resources.jar:/usr/lib/jvm/java-8-openjdk-amd64/jre/lib/rt.jar:/usr/lib/jvm/java-8-openjdk-amd64/jre/lib/sunrsasign.jar:/usr/lib/jvm/java-8-openjdk-amd64/jre/lib/jsse.jar:/usr/lib/jvm/java-8-openjdk-amd64/jre/lib/jce.jar:/usr/lib/jvm/java-8-openjdk-amd64/jre/lib/charsets.jar:/usr/lib/jvm/java-8-openjdk-amd64/jre/lib/jfr.jar:/usr/lib/jvm/java-8-openjdk-amd64/jre/classes"/>
    <property name="sun.management.compiler" value="HotSpot 64-Bit Tiered Compilers"/>
    <property name="java.runtime.version" value="1.8.0_402-8u402-ga-2ubuntu1~22.04-b06"/>
    <property name="java.net.preferIPv4Stack" value="true"/>
    <property name="user.name" value="alex"/>
    <property name="path.separator" value=":"/>
    <property name="os.version" value="6.5.0-28-generic"/>
    <property name="java.endorsed.dirs" value="/usr/lib/jvm/java-8-openjdk-amd64/jre/lib/endorsed"/>
    <property name="java.runtime.name" value="OpenJDK Runtime Environment"/>
    <property name="file.encoding" value="UTF-8"/>
    <property name="sun.nio.ch.bugLevel" value=""/>
    <property name="java.vm.name" value="OpenJDK 64-Bit Server VM"/>
    <property name="localRepository" value="/home/alex/.m2/repository"/>
    <property name="java.vendor.url.bug" value="http://bugreport.sun.com/bugreport/"/>
    <property name="java.io.tmpdir" value="/tmp"/>
    <property name="java.version" value="1.8.0_402"/>
    <property name="user.dir" value="/home/alex/Repositories/nifi/nifi-nar-bundles/nifi-standard-bundle/nifi-standard-processors"/>
    <property name="os.arch" value="amd64"/>
    <property name="java.vm.specification.name" value="Java Virtual Machine Specification"/>
    <property name="java.awt.printerjob" value="sun.print.PSPrinterJob"/>
    <property name="sun.os.patch.level" value="unknown"/>
    <property name="java.library.path" value="/usr/java/packages/lib/amd64:/usr/lib/x86_64-linux-gnu/jni:/lib/x86_64-linux-gnu:/usr/lib/x86_64-linux-gnu:/usr/lib/jni:/lib:/usr/lib"/>
    <property name="java.vm.info" value="mixed mode"/>
    <property name="java.vendor" value="Private Build"/>
    <property name="java.vm.version" value="25.402-b06"/>
    <property name="java.specification.maintenance.version" value="5"/>
    <property name="java.ext.dirs" value="/usr/lib/jvm/java-8-openjdk-amd64/jre/lib/ext:/usr/java/packages/lib/ext"/>
    <property name="sun.io.unicode.encoding" value="UnicodeLittle"/>
    <property name="java.class.version" value="52.0"/>
  </properties>
  <testcase name="testFileCountRate" classname="org.apache.nifi.processors.standard.TestControlRate" time="1.111">
    <system-err><![CDATA[[pool-139-thread-1] INFO org.apache.nifi.processors.standard.ControlRate - ControlRate[id=309ebfe1-d394-4573-af2c-29d9cc46db28] transferring FlowFile[0,98897829442200.mockFlowFile,11B] to 'success'
[pool-139-thread-1] INFO org.apache.nifi.processors.standard.ControlRate - ControlRate[id=309ebfe1-d394-4573-af2c-29d9cc46db28] transferring FlowFile[1,98897829521145.mockFlowFile,11B] to 'success'
[pool-139-thread-1] INFO org.apache.nifi.processors.standard.ControlRate - ControlRate[id=309ebfe1-d394-4573-af2c-29d9cc46db28] transferring FlowFile[2,98897829562267.mockFlowFile,11B] to 'success'
[pool-141-thread-1] INFO org.apache.nifi.processors.standard.ControlRate - ControlRate[id=309ebfe1-d394-4573-af2c-29d9cc46db28] transferring FlowFile[3,98897829591544.mockFlowFile,11B] to 'success'
]]></system-err>
  </testcase>
  <testcase name="testDataSizeRate" classname="org.apache.nifi.processors.standard.TestControlRate" time="1.105">
    <system-err><![CDATA[[pool-142-thread-1] INFO org.apache.nifi.processors.standard.ControlRate - ControlRate[id=86a520e3-dc3e-40df-ae5b-b7dfabd4a531] transferring FlowFile[0,98898936839826.mockFlowFile,10B] to 'success'
[pool-142-thread-1] INFO org.apache.nifi.processors.standard.ControlRate - ControlRate[id=86a520e3-dc3e-40df-ae5b-b7dfabd4a531] transferring FlowFile[1,98898936873184.mockFlowFile,10B] to 'success'
[pool-144-thread-1] INFO org.apache.nifi.processors.standard.ControlRate - ControlRate[id=86a520e3-dc3e-40df-ae5b-b7dfabd4a531] transferring FlowFile[2,98898936890639.mockFlowFile,10B] to 'success'
[pool-144-thread-1] INFO org.apache.nifi.processors.standard.ControlRate - ControlRate[id=86a520e3-dc3e-40df-ae5b-b7dfabd4a531] transferring FlowFile[3,98898936905357.mockFlowFile,10B] to 'success'
]]></system-err>
  </testcase>
  <testcase name="testBatchLimit" classname="org.apache.nifi.processors.standard.TestControlRate" time="0.077">
    <system-err><![CDATA[[pool-145-thread-1] INFO org.apache.nifi.processors.standard.ControlRate - ControlRate[id=000457d2-8d0c-4fc1-b63f-d62e976508af] transferring FlowFile[0,98900041689821.mockFlowFile,11B] to 'success'
[pool-145-thread-1] INFO org.apache.nifi.processors.standard.ControlRate - ControlRate[id=000457d2-8d0c-4fc1-b63f-d62e976508af] transferring FlowFile[1,98900041788363.mockFlowFile,11B] to 'success'
[pool-145-thread-1] INFO org.apache.nifi.processors.standard.ControlRate - ControlRate[id=000457d2-8d0c-4fc1-b63f-d62e976508af] transferring FlowFile[2,98900041838092.mockFlowFile,11B] to 'success'
[pool-145-thread-1] INFO org.apache.nifi.processors.standard.ControlRate - ControlRate[id=000457d2-8d0c-4fc1-b63f-d62e976508af] transferring FlowFile[3,98900041857876.mockFlowFile,11B] to 'success'
[pool-145-thread-1] INFO org.apache.nifi.processors.standard.ControlRate - ControlRate[id=000457d2-8d0c-4fc1-b63f-d62e976508af] transferring FlowFile[4,98900041892412.mockFlowFile,11B] to 'success'
[pool-145-thread-1] INFO org.apache.nifi.processors.standard.ControlRate - ControlRate[id=000457d2-8d0c-4fc1-b63f-d62e976508af] transferring FlowFile[5,98900041914697.mockFlowFile,11B] to 'success'
[pool-145-thread-1] INFO org.apache.nifi.processors.standard.ControlRate - ControlRate[id=000457d2-8d0c-4fc1-b63f-d62e976508af] transferring FlowFile[6,98900041952534.mockFlowFile,11B] to 'success'
[pool-145-thread-1] INFO org.apache.nifi.processors.standard.ControlRate - ControlRate[id=000457d2-8d0c-4fc1-b63f-d62e976508af] transferring FlowFile[7,98900041992531.mockFlowFile,11B] to 'success'
[pool-145-thread-1] INFO org.apache.nifi.processors.standard.ControlRate - ControlRate[id=000457d2-8d0c-4fc1-b63f-d62e976508af] transferring FlowFile[8,98900042010826.mockFlowFile,11B] to 'success'
[pool-145-thread-1] INFO org.apache.nifi.processors.standard.ControlRate - ControlRate[id=000457d2-8d0c-4fc1-b63f-d62e976508af] transferring FlowFile[9,98900042029205.mockFlowFile,11B] to 'success'
[pool-145-thread-1] INFO org.apache.nifi.processors.standard.ControlRate - ControlRate[id=000457d2-8d0c-4fc1-b63f-d62e976508af] transferring FlowFile[10,98900042046901.mockFlowFile,12B] to 'success'
[pool-145-thread-1] INFO org.apache.nifi.processors.standard.ControlRate - ControlRate[id=000457d2-8d0c-4fc1-b63f-d62e976508af] transferring FlowFile[11,98900042063948.mockFlowFile,12B] to 'success'
[pool-145-thread-1] INFO org.apache.nifi.processors.standard.ControlRate - ControlRate[id=000457d2-8d0c-4fc1-b63f-d62e976508af] transferring FlowFile[12,98900042081538.mockFlowFile,12B] to 'success'
[pool-145-thread-1] INFO org.apache.nifi.processors.standard.ControlRate - ControlRate[id=000457d2-8d0c-4fc1-b63f-d62e976508af] transferring FlowFile[13,98900042098015.mockFlowFile,12B] to 'success'
[pool-145-thread-1] INFO org.apache.nifi.processors.standard.ControlRate - ControlRate[id=000457d2-8d0c-4fc1-b63f-d62e976508af] transferring FlowFile[14,98900042115469.mockFlowFile,12B] to 'success'
[pool-145-thread-1] INFO org.apache.nifi.processors.standard.ControlRate - ControlRate[id=000457d2-8d0c-4fc1-b63f-d62e976508af] transferring FlowFile[15,98900042136670.mockFlowFile,12B] to 'success'
[pool-145-thread-1] INFO org.apache.nifi.processors.standard.ControlRate - ControlRate[id=000457d2-8d0c-4fc1-b63f-d62e976508af] transferring FlowFile[16,98900042224930.mockFlowFile,12B] to 'success'
[pool-145-thread-1] INFO org.apache.nifi.processors.standard.ControlRate - ControlRate[id=000457d2-8d0c-4fc1-b63f-d62e976508af] transferring FlowFile[17,98900042245423.mockFlowFile,12B] to 'success'
[pool-145-thread-1] INFO org.apache.nifi.processors.standard.ControlRate - ControlRate[id=000457d2-8d0c-4fc1-b63f-d62e976508af] transferring FlowFile[18,98900042277977.mockFlowFile,12B] to 'success'
[pool-145-thread-1] INFO org.apache.nifi.processors.standard.ControlRate - ControlRate[id=000457d2-8d0c-4fc1-b63f-d62e976508af] transferring FlowFile[19,98900042295222.mockFlowFile,12B] to 'success'
[pool-145-thread-1] INFO org.apache.nifi.processors.standard.ControlRate - ControlRate[id=000457d2-8d0c-4fc1-b63f-d62e976508af] transferring FlowFile[20,98900042337949.mockFlowFile,12B] to 'success'
[pool-145-thread-1] INFO org.apache.nifi.processors.standard.ControlRate - ControlRate[id=000457d2-8d0c-4fc1-b63f-d62e976508af] transferring FlowFile[21,98900042382078.mockFlowFile,12B] to 'success'
[pool-145-thread-1] INFO org.apache.nifi.processors.standard.ControlRate - ControlRate[id=000457d2-8d0c-4fc1-b63f-d62e976508af] transferring FlowFile[22,98900042423563.mockFlowFile,12B] to 'success'
[pool-145-thread-1] INFO org.apache.nifi.processors.standard.ControlRate - ControlRate[id=000457d2-8d0c-4fc1-b63f-d62e976508af] transferring FlowFile[23,98900042446041.mockFlowFile,12B] to 'success'
[pool-145-thread-1] INFO org.apache.nifi.processors.standard.ControlRate - ControlRate[id=000457d2-8d0c-4fc1-b63f-d62e976508af] transferring FlowFile[24,98900042464195.mockFlowFile,12B] to 'success'
[pool-145-thread-1] INFO org.apache.nifi.processors.standard.ControlRate - ControlRate[id=000457d2-8d0c-4fc1-b63f-d62e976508af] transferring FlowFile[25,98900042482252.mockFlowFile,12B] to 'success'
[pool-145-thread-1] INFO org.apache.nifi.processors.standard.ControlRate - ControlRate[id=000457d2-8d0c-4fc1-b63f-d62e976508af] transferring FlowFile[26,98900042498901.mockFlowFile,12B] to 'success'
[pool-145-thread-1] INFO org.apache.nifi.processors.standard.ControlRate - ControlRate[id=000457d2-8d0c-4fc1-b63f-d62e976508af] transferring FlowFile[27,98900042516596.mockFlowFile,12B] to 'success'
[pool-145-thread-1] INFO org.apache.nifi.processors.standard.ControlRate - ControlRate[id=000457d2-8d0c-4fc1-b63f-d62e976508af] transferring FlowFile[28,98900042533305.mockFlowFile,12B] to 'success'
[pool-145-thread-1] INFO org.apache.nifi.processors.standard.ControlRate - ControlRate[id=000457d2-8d0c-4fc1-b63f-d62e976508af] transferring FlowFile[29,98900042551261.mockFlowFile,12B] to 'success'
[pool-145-thread-1] INFO org.apache.nifi.processors.standard.ControlRate - ControlRate[id=000457d2-8d0c-4fc1-b63f-d62e976508af] transferring FlowFile[30,98900042570510.mockFlowFile,12B] to 'success'
[pool-145-thread-1] INFO org.apache.nifi.processors.standard.ControlRate - ControlRate[id=000457d2-8d0c-4fc1-b63f-d62e976508af] transferring FlowFile[31,98900042591921.mockFlowFile,12B] to 'success'
[pool-145-thread-1] INFO org.apache.nifi.processors.standard.ControlRate - ControlRate[id=000457d2-8d0c-4fc1-b63f-d62e976508af] transferring FlowFile[32,98900042610222.mockFlowFile,12B] to 'success'
[pool-145-thread-1] INFO org.apache.nifi.processors.standard.ControlRate - ControlRate[id=000457d2-8d0c-4fc1-b63f-d62e976508af] transferring FlowFile[33,98900042627140.mockFlowFile,12B] to 'success'
[pool-145-thread-1] INFO org.apache.nifi.processors.standard.ControlRate - ControlRate[id=000457d2-8d0c-4fc1-b63f-d62e976508af] transferring FlowFile[34,98900042644877.mockFlowFile,12B] to 'success'
[pool-145-thread-1] INFO org.apache.nifi.processors.standard.ControlRate - ControlRate[id=000457d2-8d0c-4fc1-b63f-d62e976508af] transferring FlowFile[35,98900042663560.mockFlowFile,12B] to 'success'
[pool-145-thread-1] INFO org.apache.nifi.processors.standard.ControlRate - ControlRate[id=000457d2-8d0c-4fc1-b63f-d62e976508af] transferring FlowFile[36,98900042680174.mockFlowFile,12B] to 'success'
[pool-145-thread-1] INFO org.apache.nifi.processors.standard.ControlRate - ControlRate[id=000457d2-8d0c-4fc1-b63f-d62e976508af] transferring FlowFile[37,98900042698662.mockFlowFile,12B] to 'success'
[pool-145-thread-1] INFO org.apache.nifi.processors.standard.ControlRate - ControlRate[id=000457d2-8d0c-4fc1-b63f-d62e976508af] transferring FlowFile[38,98900042715313.mockFlowFile,12B] to 'success'
[pool-145-thread-1] INFO org.apache.nifi.processors.standard.ControlRate - ControlRate[id=000457d2-8d0c-4fc1-b63f-d62e976508af] transferring FlowFile[39,98900042743054.mockFlowFile,12B] to 'success'
[pool-145-thread-1] INFO org.apache.nifi.processors.standard.ControlRate - ControlRate[id=000457d2-8d0c-4fc1-b63f-d62e976508af] transferring FlowFile[40,98900042761410.mockFlowFile,12B] to 'success'
[pool-145-thread-1] INFO org.apache.nifi.processors.standard.ControlRate - ControlRate[id=000457d2-8d0c-4fc1-b63f-d62e976508af] transferring FlowFile[41,98900042778209.mockFlowFile,12B] to 'success'
[pool-145-thread-1] INFO org.apache.nifi.processors.standard.ControlRate - ControlRate[id=000457d2-8d0c-4fc1-b63f-d62e976508af] transferring FlowFile[42,98900042795931.mockFlowFile,12B] to 'success'
[pool-145-thread-1] INFO org.apache.nifi.processors.standard.ControlRate - ControlRate[id=000457d2-8d0c-4fc1-b63f-d62e976508af] transferring FlowFile[43,98900042812575.mockFlowFile,12B] to 'success'
[pool-145-thread-1] INFO org.apache.nifi.processors.standard.ControlRate - ControlRate[id=000457d2-8d0c-4fc1-b63f-d62e976508af] transferring FlowFile[44,98900042830286.mockFlowFile,12B] to 'success'
[pool-145-thread-1] INFO org.apache.nifi.processors.standard.ControlRate - ControlRate[id=000457d2-8d0c-4fc1-b63f-d62e976508af] transferring FlowFile[45,98900042848119.mockFlowFile,12B] to 'success'
[pool-145-thread-1] INFO org.apache.nifi.processors.standard.ControlRate - ControlRate[id=000457d2-8d0c-4fc1-b63f-d62e976508af] transferring FlowFile[46,98900042864627.mockFlowFile,12B] to 'success'
[pool-145-thread-1] INFO org.apache.nifi.processors.standard.ControlRate - ControlRate[id=000457d2-8d0c-4fc1-b63f-d62e976508af] transferring FlowFile[47,98900042886544.mockFlowFile,12B] to 'success'
[pool-145-thread-1] INFO org.apache.nifi.processors.standard.ControlRate - ControlRate[id=000457d2-8d0c-4fc1-b63f-d62e976508af] transferring FlowFile[48,98900042903592.mockFlowFile,12B] to 'success'
[pool-145-thread-1] INFO org.apache.nifi.processors.standard.ControlRate - ControlRate[id=000457d2-8d0c-4fc1-b63f-d62e976508af] transferring FlowFile[49,98900042922615.mockFlowFile,12B] to 'success'
[pool-145-thread-1] INFO org.apache.nifi.processors.standard.ControlRate - ControlRate[id=000457d2-8d0c-4fc1-b63f-d62e976508af] transferring FlowFile[50,98900042941382.mockFlowFile,12B] to 'success'
[pool-145-thread-1] INFO org.apache.nifi.processors.standard.ControlRate - ControlRate[id=000457d2-8d0c-4fc1-b63f-d62e976508af] transferring FlowFile[51,98900042958632.mockFlowFile,12B] to 'success'
[pool-145-thread-1] INFO org.apache.nifi.processors.standard.ControlRate - ControlRate[id=000457d2-8d0c-4fc1-b63f-d62e976508af] transferring FlowFile[52,98900042976423.mockFlowFile,12B] to 'success'
[pool-145-thread-1] INFO org.apache.nifi.processors.standard.ControlRate - ControlRate[id=000457d2-8d0c-4fc1-b63f-d62e976508af] transferring FlowFile[53,98900042993773.mockFlowFile,12B] to 'success'
[pool-145-thread-1] INFO org.apache.nifi.processors.standard.ControlRate - ControlRate[id=000457d2-8d0c-4fc1-b63f-d62e976508af] transferring FlowFile[54,98900043011292.mockFlowFile,12B] to 'success'
[pool-145-thread-1] INFO org.apache.nifi.processors.standard.ControlRate - ControlRate[id=000457d2-8d0c-4fc1-b63f-d62e976508af] transferring FlowFile[55,98900043033372.mockFlowFile,12B] to 'success'
[pool-145-thread-1] INFO org.apache.nifi.processors.standard.ControlRate - ControlRate[id=000457d2-8d0c-4fc1-b63f-d62e976508af] transferring FlowFile[56,98900043050491.mockFlowFile,12B] to 'success'
[pool-145-thread-1] INFO org.apache.nifi.processors.standard.ControlRate - ControlRate[id=000457d2-8d0c-4fc1-b63f-d62e976508af] transferring FlowFile[57,98900043067990.mockFlowFile,12B] to 'success'
[pool-145-thread-1] INFO org.apache.nifi.processors.standard.ControlRate - ControlRate[id=000457d2-8d0c-4fc1-b63f-d62e976508af] transferring FlowFile[58,98900043090789.mockFlowFile,12B] to 'success'
[pool-145-thread-1] INFO org.apache.nifi.processors.standard.ControlRate - ControlRate[id=000457d2-8d0c-4fc1-b63f-d62e976508af] transferring FlowFile[59,98900043108963.mockFlowFile,12B] to 'success'
[pool-145-thread-1] INFO org.apache.nifi.processors.standard.ControlRate - ControlRate[id=000457d2-8d0c-4fc1-b63f-d62e976508af] transferring FlowFile[60,98900043126397.mockFlowFile,12B] to 'success'
[pool-145-thread-1] INFO org.apache.nifi.processors.standard.ControlRate - ControlRate[id=000457d2-8d0c-4fc1-b63f-d62e976508af] transferring FlowFile[61,98900043143028.mockFlowFile,12B] to 'success'
[pool-145-thread-1] INFO org.apache.nifi.processors.standard.ControlRate - ControlRate[id=000457d2-8d0c-4fc1-b63f-d62e976508af] transferring FlowFile[62,98900043160568.mockFlowFile,12B] to 'success'
[pool-145-thread-1] INFO org.apache.nifi.processors.standard.ControlRate - ControlRate[id=000457d2-8d0c-4fc1-b63f-d62e976508af] transferring FlowFile[63,98900043181427.mockFlowFile,12B] to 'success'
[pool-145-thread-1] INFO org.apache.nifi.processors.standard.ControlRate - ControlRate[id=000457d2-8d0c-4fc1-b63f-d62e976508af] transferring FlowFile[64,98900043200278.mockFlowFile,12B] to 'success'
[pool-145-thread-1] INFO org.apache.nifi.processors.standard.ControlRate - ControlRate[id=000457d2-8d0c-4fc1-b63f-d62e976508af] transferring FlowFile[65,98900043217631.mockFlowFile,12B] to 'success'
[pool-145-thread-1] INFO org.apache.nifi.processors.standard.ControlRate - ControlRate[id=000457d2-8d0c-4fc1-b63f-d62e976508af] transferring FlowFile[66,98900043237113.mockFlowFile,12B] to 'success'
[pool-145-thread-1] INFO org.apache.nifi.processors.standard.ControlRate - ControlRate[id=000457d2-8d0c-4fc1-b63f-d62e976508af] transferring FlowFile[67,98900043256793.mockFlowFile,12B] to 'success'
[pool-145-thread-1] INFO org.apache.nifi.processors.standard.ControlRate - ControlRate[id=000457d2-8d0c-4fc1-b63f-d62e976508af] transferring FlowFile[68,98900043273647.mockFlowFile,12B] to 'success'
[pool-145-thread-1] INFO org.apache.nifi.processors.standard.ControlRate - ControlRate[id=000457d2-8d0c-4fc1-b63f-d62e976508af] transferring FlowFile[69,98900043292272.mockFlowFile,12B] to 'success'
[pool-145-thread-1] INFO org.apache.nifi.processors.standard.ControlRate - ControlRate[id=000457d2-8d0c-4fc1-b63f-d62e976508af] transferring FlowFile[70,98900043309663.mockFlowFile,12B] to 'success'
[pool-145-thread-1] INFO org.apache.nifi.processors.standard.ControlRate - ControlRate[id=000457d2-8d0c-4fc1-b63f-d62e976508af] transferring FlowFile[71,98900043330180.mockFlowFile,12B] to 'success'
[pool-145-thread-1] INFO org.apache.nifi.processors.standard.ControlRate - ControlRate[id=000457d2-8d0c-4fc1-b63f-d62e976508af] transferring FlowFile[72,98900043348261.mockFlowFile,12B] to 'success'
[pool-145-thread-1] INFO org.apache.nifi.processors.standard.ControlRate - ControlRate[id=000457d2-8d0c-4fc1-b63f-d62e976508af] transferring FlowFile[73,98900043365659.mockFlowFile,12B] to 'success'
[pool-145-thread-1] INFO org.apache.nifi.processors.standard.ControlRate - ControlRate[id=000457d2-8d0c-4fc1-b63f-d62e976508af] transferring FlowFile[74,98900043382874.mockFlowFile,12B] to 'success'
[pool-145-thread-1] INFO org.apache.nifi.processors.standard.ControlRate - ControlRate[id=000457d2-8d0c-4fc1-b63f-d62e976508af] transferring FlowFile[75,98900043400350.mockFlowFile,12B] to 'success'
[pool-145-thread-1] INFO org.apache.nifi.processors.standard.ControlRate - ControlRate[id=000457d2-8d0c-4fc1-b63f-d62e976508af] transferring FlowFile[76,98900043416871.mockFlowFile,12B] to 'success'
[pool-145-thread-1] INFO org.apache.nifi.processors.standard.ControlRate - ControlRate[id=000457d2-8d0c-4fc1-b63f-d62e976508af] transferring FlowFile[77,98900043434525.mockFlowFile,12B] to 'success'
[pool-145-thread-1] INFO org.apache.nifi.processors.standard.ControlRate - ControlRate[id=000457d2-8d0c-4fc1-b63f-d62e976508af] transferring FlowFile[78,98900043450981.mockFlowFile,12B] to 'success'
[pool-145-thread-1] INFO org.apache.nifi.processors.standard.ControlRate - ControlRate[id=000457d2-8d0c-4fc1-b63f-d62e976508af] transferring FlowFile[79,98900043472230.mockFlowFile,12B] to 'success'
[pool-145-thread-1] INFO org.apache.nifi.processors.standard.ControlRate - ControlRate[id=000457d2-8d0c-4fc1-b63f-d62e976508af] transferring FlowFile[80,98900043489350.mockFlowFile,12B] to 'success'
[pool-145-thread-1] INFO org.apache.nifi.processors.standard.ControlRate - ControlRate[id=000457d2-8d0c-4fc1-b63f-d62e976508af] transferring FlowFile[81,98900043505324.mockFlowFile,12B] to 'success'
[pool-145-thread-1] INFO org.apache.nifi.processors.standard.ControlRate - ControlRate[id=000457d2-8d0c-4fc1-b63f-d62e976508af] transferring FlowFile[82,98900043522134.mockFlowFile,12B] to 'success'
[pool-145-thread-1] INFO org.apache.nifi.processors.standard.ControlRate - ControlRate[id=000457d2-8d0c-4fc1-b63f-d62e976508af] transferring FlowFile[83,98900043537861.mockFlowFile,12B] to 'success'
[pool-145-thread-1] INFO org.apache.nifi.processors.standard.ControlRate - ControlRate[id=000457d2-8d0c-4fc1-b63f-d62e976508af] transferring FlowFile[84,98900043556268.mockFlowFile,12B] to 'success'
[pool-145-thread-1] INFO org.apache.nifi.processors.standard.ControlRate - ControlRate[id=000457d2-8d0c-4fc1-b63f-d62e976508af] transferring FlowFile[85,98900043574513.mockFlowFile,12B] to 'success'
[pool-145-thread-1] INFO org.apache.nifi.processors.standard.ControlRate - ControlRate[id=000457d2-8d0c-4fc1-b63f-d62e976508af] transferring FlowFile[86,98900043590402.mockFlowFile,12B] to 'success'
[pool-145-thread-1] INFO org.apache.nifi.processors.standard.ControlRate - ControlRate[id=000457d2-8d0c-4fc1-b63f-d62e976508af] transferring FlowFile[87,98900043611048.mockFlowFile,12B] to 'success'
[pool-145-thread-1] INFO org.apache.nifi.processors.standard.ControlRate - ControlRate[id=000457d2-8d0c-4fc1-b63f-d62e976508af] transferring FlowFile[88,98900043627049.mockFlowFile,12B] to 'success'
[pool-145-thread-1] INFO org.apache.nifi.processors.standard.ControlRate - ControlRate[id=000457d2-8d0c-4fc1-b63f-d62e976508af] transferring FlowFile[89,98900043644490.mockFlowFile,12B] to 'success'
[pool-145-thread-1] INFO org.apache.nifi.processors.standard.ControlRate - ControlRate[id=000457d2-8d0c-4fc1-b63f-d62e976508af] transferring FlowFile[90,98900043662247.mockFlowFile,12B] to 'success'
[pool-145-thread-1] INFO org.apache.nifi.processors.standard.ControlRate - ControlRate[id=000457d2-8d0c-4fc1-b63f-d62e976508af] transferring FlowFile[91,98900043682613.mockFlowFile,12B] to 'success'
[pool-145-thread-1] INFO org.apache.nifi.processors.standard.ControlRate - ControlRate[id=000457d2-8d0c-4fc1-b63f-d62e976508af] transferring FlowFile[92,98900043699670.mockFlowFile,12B] to 'success'
[pool-145-thread-1] INFO org.apache.nifi.processors.standard.ControlRate - ControlRate[id=000457d2-8d0c-4fc1-b63f-d62e976508af] transferring FlowFile[93,98900043715438.mockFlowFile,12B] to 'success'
[pool-145-thread-1] INFO org.apache.nifi.processors.standard.ControlRate - ControlRate[id=000457d2-8d0c-4fc1-b63f-d62e976508af] transferring FlowFile[94,98900043732703.mockFlowFile,12B] to 'success'
[pool-145-thread-1] INFO org.apache.nifi.processors.standard.ControlRate - ControlRate[id=000457d2-8d0c-4fc1-b63f-d62e976508af] transferring FlowFile[95,98900043755657.mockFlowFile,12B] to 'success'
[pool-145-thread-1] INFO org.apache.nifi.processors.standard.ControlRate - ControlRate[id=000457d2-8d0c-4fc1-b63f-d62e976508af] transferring FlowFile[96,98900043773770.mockFlowFile,12B] to 'success'
[pool-145-thread-1] INFO org.apache.nifi.processors.standard.ControlRate - ControlRate[id=000457d2-8d0c-4fc1-b63f-d62e976508af] transferring FlowFile[97,98900043792003.mockFlowFile,12B] to 'success'
[pool-145-thread-1] INFO org.apache.nifi.processors.standard.ControlRate - ControlRate[id=000457d2-8d0c-4fc1-b63f-d62e976508af] transferring FlowFile[98,98900043809691.mockFlowFile,12B] to 'success'
[pool-145-thread-1] INFO org.apache.nifi.processors.standard.ControlRate - ControlRate[id=000457d2-8d0c-4fc1-b63f-d62e976508af] transferring FlowFile[99,98900043827665.mockFlowFile,12B] to 'success'
[pool-145-thread-1] INFO org.apache.nifi.processors.standard.ControlRate - ControlRate[id=000457d2-8d0c-4fc1-b63f-d62e976508af] transferring FlowFile[100,98900043845582.mockFlowFile,13B] to 'success'
[pool-145-thread-1] INFO org.apache.nifi.processors.standard.ControlRate - ControlRate[id=000457d2-8d0c-4fc1-b63f-d62e976508af] transferring FlowFile[101,98900043864087.mockFlowFile,13B] to 'success'
[pool-145-thread-1] INFO org.apache.nifi.processors.standard.ControlRate - ControlRate[id=000457d2-8d0c-4fc1-b63f-d62e976508af] transferring FlowFile[102,98900043881841.mockFlowFile,13B] to 'success'
[pool-145-thread-1] INFO org.apache.nifi.processors.standard.ControlRate - ControlRate[id=000457d2-8d0c-4fc1-b63f-d62e976508af] transferring FlowFile[103,98900043902931.mockFlowFile,13B] to 'success'
[pool-145-thread-1] INFO org.apache.nifi.processors.standard.ControlRate - ControlRate[id=000457d2-8d0c-4fc1-b63f-d62e976508af] transferring FlowFile[104,98900043935212.mockFlowFile,13B] to 'success'
[pool-145-thread-1] INFO org.apache.nifi.processors.standard.ControlRate - ControlRate[id=000457d2-8d0c-4fc1-b63f-d62e976508af] transferring FlowFile[105,98900043954067.mockFlowFile,13B] to 'success'
[pool-145-thread-1] INFO org.apache.nifi.processors.standard.ControlRate - ControlRate[id=000457d2-8d0c-4fc1-b63f-d62e976508af] transferring FlowFile[106,98900043970652.mockFlowFile,13B] to 'success'
[pool-145-thread-1] INFO org.apache.nifi.processors.standard.ControlRate - ControlRate[id=000457d2-8d0c-4fc1-b63f-d62e976508af] transferring FlowFile[107,98900043987973.mockFlowFile,13B] to 'success'
[pool-145-thread-1] INFO org.apache.nifi.processors.standard.ControlRate - ControlRate[id=000457d2-8d0c-4fc1-b63f-d62e976508af] transferring FlowFile[108,98900044014938.mockFlowFile,13B] to 'success'
[pool-145-thread-1] INFO org.apache.nifi.processors.standard.ControlRate - ControlRate[id=000457d2-8d0c-4fc1-b63f-d62e976508af] transferring FlowFile[109,98900044035576.mockFlowFile,13B] to 'success'
[pool-145-thread-1] INFO org.apache.nifi.processors.standard.ControlRate - ControlRate[id=000457d2-8d0c-4fc1-b63f-d62e976508af] transferring FlowFile[110,98900044053580.mockFlowFile,13B] to 'success'
[pool-145-thread-1] INFO org.apache.nifi.processors.standard.ControlRate - ControlRate[id=000457d2-8d0c-4fc1-b63f-d62e976508af] transferring FlowFile[111,98900044074269.mockFlowFile,13B] to 'success'
[pool-145-thread-1] INFO org.apache.nifi.processors.standard.ControlRate - ControlRate[id=000457d2-8d0c-4fc1-b63f-d62e976508af] transferring FlowFile[112,98900044107609.mockFlowFile,13B] to 'success'
[pool-145-thread-1] INFO org.apache.nifi.processors.standard.ControlRate - ControlRate[id=000457d2-8d0c-4fc1-b63f-d62e976508af] transferring FlowFile[113,98900044142433.mockFlowFile,13B] to 'success'
[pool-145-thread-1] INFO org.apache.nifi.processors.standard.ControlRate - ControlRate[id=000457d2-8d0c-4fc1-b63f-d62e976508af] transferring FlowFile[114,98900044160066.mockFlowFile,13B] to 'success'
[pool-145-thread-1] INFO org.apache.nifi.processors.standard.ControlRate - ControlRate[id=000457d2-8d0c-4fc1-b63f-d62e976508af] transferring FlowFile[115,98900044177996.mockFlowFile,13B] to 'success'
[pool-145-thread-1] INFO org.apache.nifi.processors.standard.ControlRate - ControlRate[id=000457d2-8d0c-4fc1-b63f-d62e976508af] transferring FlowFile[116,98900044194628.mockFlowFile,13B] to 'success'
[pool-145-thread-1] INFO org.apache.nifi.processors.standard.ControlRate - ControlRate[id=000457d2-8d0c-4fc1-b63f-d62e976508af] transferring FlowFile[117,98900044233344.mockFlowFile,13B] to 'success'
[pool-145-thread-1] INFO org.apache.nifi.processors.standard.ControlRate - ControlRate[id=000457d2-8d0c-4fc1-b63f-d62e976508af] transferring FlowFile[118,98900044267534.mockFlowFile,13B] to 'success'
[pool-145-thread-1] INFO org.apache.nifi.processors.standard.ControlRate - ControlRate[id=000457d2-8d0c-4fc1-b63f-d62e976508af] transferring FlowFile[119,98900044287897.mockFlowFile,13B] to 'success'
[pool-145-thread-1] INFO org.apache.nifi.processors.standard.ControlRate - ControlRate[id=000457d2-8d0c-4fc1-b63f-d62e976508af] transferring FlowFile[120,98900044320602.mockFlowFile,13B] to 'success'
[pool-145-thread-1] INFO org.apache.nifi.processors.standard.ControlRate - ControlRate[id=000457d2-8d0c-4fc1-b63f-d62e976508af] transferring FlowFile[121,98900044336120.mockFlowFile,13B] to 'success'
[pool-145-thread-1] INFO org.apache.nifi.processors.standard.ControlRate - ControlRate[id=000457d2-8d0c-4fc1-b63f-d62e976508af] transferring FlowFile[122,98900044352711.mockFlowFile,13B] to 'success'
[pool-145-thread-1] INFO org.apache.nifi.processors.standard.ControlRate - ControlRate[id=000457d2-8d0c-4fc1-b63f-d62e976508af] transferring FlowFile[123,98900044369443.mockFlowFile,13B] to 'success'
[pool-145-thread-1] INFO org.apache.nifi.processors.standard.ControlRate - ControlRate[id=000457d2-8d0c-4fc1-b63f-d62e976508af] transferring FlowFile[124,98900044413740.mockFlowFile,13B] to 'success'
[pool-145-thread-1] INFO org.apache.nifi.processors.standard.ControlRate - ControlRate[id=000457d2-8d0c-4fc1-b63f-d62e976508af] transferring FlowFile[125,98900044431565.mockFlowFile,13B] to 'success'
[pool-145-thread-1] INFO org.apache.nifi.processors.standard.ControlRate - ControlRate[id=000457d2-8d0c-4fc1-b63f-d62e976508af] transferring FlowFile[126,98900044447614.mockFlowFile,13B] to 'success'
[pool-145-thread-1] INFO org.apache.nifi.processors.standard.ControlRate - ControlRate[id=000457d2-8d0c-4fc1-b63f-d62e976508af] transferring FlowFile[127,98900044468739.mockFlowFile,13B] to 'success'
[pool-145-thread-1] INFO org.apache.nifi.processors.standard.ControlRate - ControlRate[id=000457d2-8d0c-4fc1-b63f-d62e976508af] transferring FlowFile[128,98900044486160.mockFlowFile,13B] to 'success'
[pool-145-thread-1] INFO org.apache.nifi.processors.standard.ControlRate - ControlRate[id=000457d2-8d0c-4fc1-b63f-d62e976508af] transferring FlowFile[129,98900044504286.mockFlowFile,13B] to 'success'
[pool-145-thread-1] INFO org.apache.nifi.processors.standard.ControlRate - ControlRate[id=000457d2-8d0c-4fc1-b63f-d62e976508af] transferring FlowFile[130,98900044539971.mockFlowFile,13B] to 'success'
[pool-145-thread-1] INFO org.apache.nifi.processors.standard.ControlRate - ControlRate[id=000457d2-8d0c-4fc1-b63f-d62e976508af] transferring FlowFile[131,98900044558017.mockFlowFile,13B] to 'success'
[pool-145-thread-1] INFO org.apache.nifi.processors.standard.ControlRate - ControlRate[id=000457d2-8d0c-4fc1-b63f-d62e976508af] transferring FlowFile[132,98900044575988.mockFlowFile,13B] to 'success'
[pool-145-thread-1] INFO org.apache.nifi.processors.standard.ControlRate - ControlRate[id=000457d2-8d0c-4fc1-b63f-d62e976508af] transferring FlowFile[133,98900044594381.mockFlowFile,13B] to 'success'
[pool-145-thread-1] INFO org.apache.nifi.processors.standard.ControlRate - ControlRate[id=000457d2-8d0c-4fc1-b63f-d62e976508af] transferring FlowFile[134,98900044612075.mockFlowFile,13B] to 'success'
[pool-145-thread-1] INFO org.apache.nifi.processors.standard.ControlRate - ControlRate[id=000457d2-8d0c-4fc1-b63f-d62e976508af] transferring FlowFile[135,98900044633478.mockFlowFile,13B] to 'success'
[pool-145-thread-1] INFO org.apache.nifi.processors.standard.ControlRate - ControlRate[id=000457d2-8d0c-4fc1-b63f-d62e976508af] transferring FlowFile[136,98900044711215.mockFlowFile,13B] to 'success'
[pool-145-thread-1] INFO org.apache.nifi.processors.standard.ControlRate - ControlRate[id=000457d2-8d0c-4fc1-b63f-d62e976508af] transferring FlowFile[137,98900044736330.mockFlowFile,13B] to 'success'
[pool-145-thread-1] INFO org.apache.nifi.processors.standard.ControlRate - ControlRate[id=000457d2-8d0c-4fc1-b63f-d62e976508af] transferring FlowFile[138,98900044753448.mockFlowFile,13B] to 'success'
[pool-145-thread-1] INFO org.apache.nifi.processors.standard.ControlRate - ControlRate[id=000457d2-8d0c-4fc1-b63f-d62e976508af] transferring FlowFile[139,98900044770762.mockFlowFile,13B] to 'success'
[pool-145-thread-1] INFO org.apache.nifi.processors.standard.ControlRate - ControlRate[id=000457d2-8d0c-4fc1-b63f-d62e976508af] transferring FlowFile[140,98900044787524.mockFlowFile,13B] to 'success'
[pool-145-thread-1] INFO org.apache.nifi.processors.standard.ControlRate - ControlRate[id=000457d2-8d0c-4fc1-b63f-d62e976508af] transferring FlowFile[141,98900044803847.mockFlowFile,13B] to 'success'
[pool-145-thread-1] INFO org.apache.nifi.processors.standard.ControlRate - ControlRate[id=000457d2-8d0c-4fc1-b63f-d62e976508af] transferring FlowFile[142,98900044820675.mockFlowFile,13B] to 'success'
[pool-145-thread-1] INFO org.apache.nifi.processors.standard.ControlRate - ControlRate[id=000457d2-8d0c-4fc1-b63f-d62e976508af] transferring FlowFile[143,98900044841430.mockFlowFile,13B] to 'success'
[pool-145-thread-1] INFO org.apache.nifi.processors.standard.ControlRate - ControlRate[id=000457d2-8d0c-4fc1-b63f-d62e976508af] transferring FlowFile[144,98900044859255.mockFlowFile,13B] to 'success'
[pool-145-thread-1] INFO org.apache.nifi.processors.standard.ControlRate - ControlRate[id=000457d2-8d0c-4fc1-b63f-d62e976508af] transferring FlowFile[145,98900044876829.mockFlowFile,13B] to 'success'
[pool-145-thread-1] INFO org.apache.nifi.processors.standard.ControlRate - ControlRate[id=000457d2-8d0c-4fc1-b63f-d62e976508af] transferring FlowFile[146,98900044893076.mockFlowFile,13B] to 'success'
[pool-145-thread-1] INFO org.apache.nifi.processors.standard.ControlRate - ControlRate[id=000457d2-8d0c-4fc1-b63f-d62e976508af] transferring FlowFile[147,98900044910085.mockFlowFile,13B] to 'success'
[pool-145-thread-1] INFO org.apache.nifi.processors.standard.ControlRate - ControlRate[id=000457d2-8d0c-4fc1-b63f-d62e976508af] transferring FlowFile[148,98900044926250.mockFlowFile,13B] to 'success'
[pool-145-thread-1] INFO org.apache.nifi.processors.standard.ControlRate - ControlRate[id=000457d2-8d0c-4fc1-b63f-d62e976508af] transferring FlowFile[149,98900044943259.mockFlowFile,13B] to 'success'
[pool-145-thread-1] INFO org.apache.nifi.processors.standard.ControlRate - ControlRate[id=000457d2-8d0c-4fc1-b63f-d62e976508af] transferring FlowFile[150,98900044962079.mockFlowFile,13B] to 'success'
[pool-145-thread-1] INFO org.apache.nifi.processors.standard.ControlRate - ControlRate[id=000457d2-8d0c-4fc1-b63f-d62e976508af] transferring FlowFile[151,98900044982208.mockFlowFile,13B] to 'success'
[pool-145-thread-1] INFO org.apache.nifi.processors.standard.ControlRate - ControlRate[id=000457d2-8d0c-4fc1-b63f-d62e976508af] transferring FlowFile[152,98900044999770.mockFlowFile,13B] to 'success'
[pool-145-thread-1] INFO org.apache.nifi.processors.standard.ControlRate - ControlRate[id=000457d2-8d0c-4fc1-b63f-d62e976508af] transferring FlowFile[153,98900045016146.mockFlowFile,13B] to 'success'
[pool-145-thread-1] INFO org.apache.nifi.processors.standard.ControlRate - ControlRate[id=000457d2-8d0c-4fc1-b63f-d62e976508af] transferring FlowFile[154,98900045033358.mockFlowFile,13B] to 'success'
[pool-145-thread-1] INFO org.apache.nifi.processors.standard.ControlRate - ControlRate[id=000457d2-8d0c-4fc1-b63f-d62e976508af] transferring FlowFile[155,98900045050783.mockFlowFile,13B] to 'success'
[pool-145-thread-1] INFO org.apache.nifi.processors.standard.ControlRate - ControlRate[id=000457d2-8d0c-4fc1-b63f-d62e976508af] transferring FlowFile[156,98900045067172.mockFlowFile,13B] to 'success'
[pool-145-thread-1] INFO org.apache.nifi.processors.standard.ControlRate - ControlRate[id=000457d2-8d0c-4fc1-b63f-d62e976508af] transferring FlowFile[157,98900045084580.mockFlowFile,13B] to 'success'
[pool-145-thread-1] INFO org.apache.nifi.processors.standard.ControlRate - ControlRate[id=000457d2-8d0c-4fc1-b63f-d62e976508af] transferring FlowFile[158,98900045102659.mockFlowFile,13B] to 'success'
[pool-145-thread-1] INFO org.apache.nifi.processors.standard.ControlRate - ControlRate[id=000457d2-8d0c-4fc1-b63f-d62e976508af] transferring FlowFile[159,98900045124243.mockFlowFile,13B] to 'success'
[pool-145-thread-1] INFO org.apache.nifi.processors.standard.ControlRate - ControlRate[id=000457d2-8d0c-4fc1-b63f-d62e976508af] transferring FlowFile[160,98900045141860.mockFlowFile,13B] to 'success'
[pool-145-thread-1] INFO org.apache.nifi.processors.standard.ControlRate - ControlRate[id=000457d2-8d0c-4fc1-b63f-d62e976508af] transferring FlowFile[161,98900045158319.mockFlowFile,13B] to 'success'
[pool-145-thread-1] INFO org.apache.nifi.processors.standard.ControlRate - ControlRate[id=000457d2-8d0c-4fc1-b63f-d62e976508af] transferring FlowFile[162,98900045175693.mockFlowFile,13B] to 'success'
[pool-145-thread-1] INFO org.apache.nifi.processors.standard.ControlRate - ControlRate[id=000457d2-8d0c-4fc1-b63f-d62e976508af] transferring FlowFile[163,98900045193211.mockFlowFile,13B] to 'success'
[pool-145-thread-1] INFO org.apache.nifi.processors.standard.ControlRate - ControlRate[id=000457d2-8d0c-4fc1-b63f-d62e976508af] transferring FlowFile[164,98900045210481.mockFlowFile,13B] to 'success'
[pool-145-thread-1] INFO org.apache.nifi.processors.standard.ControlRate - ControlRate[id=000457d2-8d0c-4fc1-b63f-d62e976508af] transferring FlowFile[165,98900045247014.mockFlowFile,13B] to 'success'
[pool-145-thread-1] INFO org.apache.nifi.processors.standard.ControlRate - ControlRate[id=000457d2-8d0c-4fc1-b63f-d62e976508af] transferring FlowFile[166,98900045284187.mockFlowFile,13B] to 'success'
[pool-145-thread-1] INFO org.apache.nifi.processors.standard.ControlRate - ControlRate[id=000457d2-8d0c-4fc1-b63f-d62e976508af] transferring FlowFile[167,98900045307830.mockFlowFile,13B] to 'success'
[pool-145-thread-1] INFO org.apache.nifi.processors.standard.ControlRate - ControlRate[id=000457d2-8d0c-4fc1-b63f-d62e976508af] transferring FlowFile[168,98900045341153.mockFlowFile,13B] to 'success'
[pool-145-thread-1] INFO org.apache.nifi.processors.standard.ControlRate - ControlRate[id=000457d2-8d0c-4fc1-b63f-d62e976508af] transferring FlowFile[169,98900045359194.mockFlowFile,13B] to 'success'
[pool-145-thread-1] INFO org.apache.nifi.processors.standard.ControlRate - ControlRate[id=000457d2-8d0c-4fc1-b63f-d62e976508af] transferring FlowFile[170,98900045376926.mockFlowFile,13B] to 'success'
[pool-145-thread-1] INFO org.apache.nifi.processors.standard.ControlRate - ControlRate[id=000457d2-8d0c-4fc1-b63f-d62e976508af] transferring FlowFile[171,98900045393959.mockFlowFile,13B] to 'success'
[pool-145-thread-1] INFO org.apache.nifi.processors.standard.ControlRate - ControlRate[id=000457d2-8d0c-4fc1-b63f-d62e976508af] transferring FlowFile[172,98900045411541.mockFlowFile,13B] to 'success'
[pool-145-thread-1] INFO org.apache.nifi.processors.standard.ControlRate - ControlRate[id=000457d2-8d0c-4fc1-b63f-d62e976508af] transferring FlowFile[173,98900045553855.mockFlowFile,13B] to 'success'
[pool-145-thread-1] INFO org.apache.nifi.processors.standard.ControlRate - ControlRate[id=000457d2-8d0c-4fc1-b63f-d62e976508af] transferring FlowFile[174,98900045576190.mockFlowFile,13B] to 'success'
[pool-145-thread-1] INFO org.apache.nifi.processors.standard.ControlRate - ControlRate[id=000457d2-8d0c-4fc1-b63f-d62e976508af] transferring FlowFile[175,98900045598541.mockFlowFile,13B] to 'success'
[pool-145-thread-1] INFO org.apache.nifi.processors.standard.ControlRate - ControlRate[id=000457d2-8d0c-4fc1-b63f-d62e976508af] transferring FlowFile[176,98900045615718.mockFlowFile,13B] to 'success'
[pool-145-thread-1] INFO org.apache.nifi.processors.standard.ControlRate - ControlRate[id=000457d2-8d0c-4fc1-b63f-d62e976508af] transferring FlowFile[177,98900045634398.mockFlowFile,13B] to 'success'
[pool-145-thread-1] INFO org.apache.nifi.processors.standard.ControlRate - ControlRate[id=000457d2-8d0c-4fc1-b63f-d62e976508af] transferring FlowFile[178,98900045652240.mockFlowFile,13B] to 'success'
[pool-145-thread-1] INFO org.apache.nifi.processors.standard.ControlRate - ControlRate[id=000457d2-8d0c-4fc1-b63f-d62e976508af] transferring FlowFile[179,98900045697422.mockFlowFile,13B] to 'success'
[pool-145-thread-1] INFO org.apache.nifi.processors.standard.ControlRate - ControlRate[id=000457d2-8d0c-4fc1-b63f-d62e976508af] transferring FlowFile[180,98900045715361.mockFlowFile,13B] to 'success'
[pool-145-thread-1] INFO org.apache.nifi.processors.standard.ControlRate - ControlRate[id=000457d2-8d0c-4fc1-b63f-d62e976508af] transferring FlowFile[181,98900045732142.mockFlowFile,13B] to 'success'
[pool-145-thread-1] INFO org.apache.nifi.processors.standard.ControlRate - ControlRate[id=000457d2-8d0c-4fc1-b63f-d62e976508af] transferring FlowFile[182,98900045762196.mockFlowFile,13B] to 'success'
[pool-145-thread-1] INFO org.apache.nifi.processors.standard.ControlRate - ControlRate[id=000457d2-8d0c-4fc1-b63f-d62e976508af] transferring FlowFile[183,98900045782339.mockFlowFile,13B] to 'success'
[pool-145-thread-1] INFO org.apache.nifi.processors.standard.ControlRate - ControlRate[id=000457d2-8d0c-4fc1-b63f-d62e976508af] transferring FlowFile[184,98900045799698.mockFlowFile,13B] to 'success'
[pool-145-thread-1] INFO org.apache.nifi.processors.standard.ControlRate - ControlRate[id=000457d2-8d0c-4fc1-b63f-d62e976508af] transferring FlowFile[185,98900045816338.mockFlowFile,13B] to 'success'
[pool-145-thread-1] INFO org.apache.nifi.processors.standard.ControlRate - ControlRate[id=000457d2-8d0c-4fc1-b63f-d62e976508af] transferring FlowFile[186,98900045832472.mockFlowFile,13B] to 'success'
[pool-145-thread-1] INFO org.apache.nifi.processors.standard.ControlRate - ControlRate[id=000457d2-8d0c-4fc1-b63f-d62e976508af] transferring FlowFile[187,98900045849319.mockFlowFile,13B] to 'success'
[pool-145-thread-1] INFO org.apache.nifi.processors.standard.ControlRate - ControlRate[id=000457d2-8d0c-4fc1-b63f-d62e976508af] transferring FlowFile[188,98900045865438.mockFlowFile,13B] to 'success'
[pool-145-thread-1] INFO org.apache.nifi.processors.standard.ControlRate - ControlRate[id=000457d2-8d0c-4fc1-b63f-d62e976508af] transferring FlowFile[189,98900045882392.mockFlowFile,13B] to 'success'
[pool-145-thread-1] INFO org.apache.nifi.processors.standard.ControlRate - ControlRate[id=000457d2-8d0c-4fc1-b63f-d62e976508af] transferring FlowFile[190,98900045899153.mockFlowFile,13B] to 'success'
[pool-145-thread-1] INFO org.apache.nifi.processors.standard.ControlRate - ControlRate[id=000457d2-8d0c-4fc1-b63f-d62e976508af] transferring FlowFile[191,98900045918816.mockFlowFile,13B] to 'success'
[pool-145-thread-1] INFO org.apache.nifi.processors.standard.ControlRate - ControlRate[id=000457d2-8d0c-4fc1-b63f-d62e976508af] transferring FlowFile[192,98900045935840.mockFlowFile,13B] to 'success'
[pool-145-thread-1] INFO org.apache.nifi.processors.standard.ControlRate - ControlRate[id=000457d2-8d0c-4fc1-b63f-d62e976508af] transferring FlowFile[193,98900045951637.mockFlowFile,13B] to 'success'
[pool-145-thread-1] INFO org.apache.nifi.processors.standard.ControlRate - ControlRate[id=000457d2-8d0c-4fc1-b63f-d62e976508af] transferring FlowFile[194,98900045970677.mockFlowFile,13B] to 'success'
[pool-145-thread-1] INFO org.apache.nifi.processors.standard.ControlRate - ControlRate[id=000457d2-8d0c-4fc1-b63f-d62e976508af] transferring FlowFile[195,98900045988909.mockFlowFile,13B] to 'success'
[pool-145-thread-1] INFO org.apache.nifi.processors.standard.ControlRate - ControlRate[id=000457d2-8d0c-4fc1-b63f-d62e976508af] transferring FlowFile[196,98900046006075.mockFlowFile,13B] to 'success'
[pool-145-thread-1] INFO org.apache.nifi.processors.standard.ControlRate - ControlRate[id=000457d2-8d0c-4fc1-b63f-d62e976508af] transferring FlowFile[197,98900046029936.mockFlowFile,13B] to 'success'
[pool-145-thread-1] INFO org.apache.nifi.processors.standard.ControlRate - ControlRate[id=000457d2-8d0c-4fc1-b63f-d62e976508af] transferring FlowFile[198,98900046046687.mockFlowFile,13B] to 'success'
[pool-145-thread-1] INFO org.apache.nifi.processors.standard.ControlRate - ControlRate[id=000457d2-8d0c-4fc1-b63f-d62e976508af] transferring FlowFile[199,98900046067635.mockFlowFile,13B] to 'success'
[pool-145-thread-1] INFO org.apache.nifi.processors.standard.ControlRate - ControlRate[id=000457d2-8d0c-4fc1-b63f-d62e976508af] transferring FlowFile[200,98900046085165.mockFlowFile,13B] to 'success'
[pool-145-thread-1] INFO org.apache.nifi.processors.standard.ControlRate - ControlRate[id=000457d2-8d0c-4fc1-b63f-d62e976508af] transferring FlowFile[201,98900046100839.mockFlowFile,13B] to 'success'
[pool-145-thread-1] INFO org.apache.nifi.processors.standard.ControlRate - ControlRate[id=000457d2-8d0c-4fc1-b63f-d62e976508af] transferring FlowFile[202,98900046117343.mockFlowFile,13B] to 'success'
[pool-145-thread-1] INFO org.apache.nifi.processors.standard.ControlRate - ControlRate[id=000457d2-8d0c-4fc1-b63f-d62e976508af] transferring FlowFile[203,98900046132925.mockFlowFile,13B] to 'success'
[pool-145-thread-1] INFO org.apache.nifi.processors.standard.ControlRate - ControlRate[id=000457d2-8d0c-4fc1-b63f-d62e976508af] transferring FlowFile[204,98900046149647.mockFlowFile,13B] to 'success'
[pool-145-thread-1] INFO org.apache.nifi.processors.standard.ControlRate - ControlRate[id=000457d2-8d0c-4fc1-b63f-d62e976508af] transferring FlowFile[205,98900046166321.mockFlowFile,13B] to 'success'
[pool-145-thread-1] INFO org.apache.nifi.processors.standard.ControlRate - ControlRate[id=000457d2-8d0c-4fc1-b63f-d62e976508af] transferring FlowFile[206,98900046181972.mockFlowFile,13B] to 'success'
[pool-145-thread-1] INFO org.apache.nifi.processors.standard.ControlRate - ControlRate[id=000457d2-8d0c-4fc1-b63f-d62e976508af] transferring FlowFile[207,98900046233476.mockFlowFile,13B] to 'success'
[pool-145-thread-1] INFO org.apache.nifi.processors.standard.ControlRate - ControlRate[id=000457d2-8d0c-4fc1-b63f-d62e976508af] transferring FlowFile[208,98900046249650.mockFlowFile,13B] to 'success'
[pool-145-thread-1] INFO org.apache.nifi.processors.standard.ControlRate - ControlRate[id=000457d2-8d0c-4fc1-b63f-d62e976508af] transferring FlowFile[209,98900046270842.mockFlowFile,13B] to 'success'
[pool-145-thread-1] INFO org.apache.nifi.processors.standard.ControlRate - ControlRate[id=000457d2-8d0c-4fc1-b63f-d62e976508af] transferring FlowFile[210,98900046304320.mockFlowFile,13B] to 'success'
[pool-145-thread-1] INFO org.apache.nifi.processors.standard.ControlRate - ControlRate[id=000457d2-8d0c-4fc1-b63f-d62e976508af] transferring FlowFile[211,98900046344665.mockFlowFile,13B] to 'success'
[pool-145-thread-1] INFO org.apache.nifi.processors.standard.ControlRate - ControlRate[id=000457d2-8d0c-4fc1-b63f-d62e976508af] transferring FlowFile[212,98900046362027.mockFlowFile,13B] to 'success'
[pool-145-thread-1] INFO org.apache.nifi.processors.standard.ControlRate - ControlRate[id=000457d2-8d0c-4fc1-b63f-d62e976508af] transferring FlowFile[213,98900046403878.mockFlowFile,13B] to 'success'
[pool-145-thread-1] INFO org.apache.nifi.processors.standard.ControlRate - ControlRate[id=000457d2-8d0c-4fc1-b63f-d62e976508af] transferring FlowFile[214,98900046441122.mockFlowFile,13B] to 'success'
[pool-145-thread-1] INFO org.apache.nifi.processors.standard.ControlRate - ControlRate[id=000457d2-8d0c-4fc1-b63f-d62e976508af] transferring FlowFile[215,98900046463242.mockFlowFile,13B] to 'success'
[pool-145-thread-1] INFO org.apache.nifi.processors.standard.ControlRate - ControlRate[id=000457d2-8d0c-4fc1-b63f-d62e976508af] transferring FlowFile[216,98900046492946.mockFlowFile,13B] to 'success'
[pool-145-thread-1] INFO org.apache.nifi.processors.standard.ControlRate - ControlRate[id=000457d2-8d0c-4fc1-b63f-d62e976508af] transferring FlowFile[217,98900046515740.mockFlowFile,13B] to 'success'
[pool-145-thread-1] INFO org.apache.nifi.processors.standard.ControlRate - ControlRate[id=000457d2-8d0c-4fc1-b63f-d62e976508af] transferring FlowFile[218,98900046552246.mockFlowFile,13B] to 'success'
[pool-145-thread-1] INFO org.apache.nifi.processors.standard.ControlRate - ControlRate[id=000457d2-8d0c-4fc1-b63f-d62e976508af] transferring FlowFile[219,98900046570608.mockFlowFile,13B] to 'success'
[pool-145-thread-1] INFO org.apache.nifi.processors.standard.ControlRate - ControlRate[id=000457d2-8d0c-4fc1-b63f-d62e976508af] transferring FlowFile[220,98900046600623.mockFlowFile,13B] to 'success'
[pool-145-thread-1] INFO org.apache.nifi.processors.standard.ControlRate - ControlRate[id=000457d2-8d0c-4fc1-b63f-d62e976508af] transferring FlowFile[221,98900046616531.mockFlowFile,13B] to 'success'
[pool-145-thread-1] INFO org.apache.nifi.processors.standard.ControlRate - ControlRate[id=000457d2-8d0c-4fc1-b63f-d62e976508af] transferring FlowFile[222,98900046633288.mockFlowFile,13B] to 'success'
[pool-145-thread-1] INFO org.apache.nifi.processors.standard.ControlRate - ControlRate[id=000457d2-8d0c-4fc1-b63f-d62e976508af] transferring FlowFile[223,98900046655369.mockFlowFile,13B] to 'success'
[pool-145-thread-1] INFO org.apache.nifi.processors.standard.ControlRate - ControlRate[id=000457d2-8d0c-4fc1-b63f-d62e976508af] transferring FlowFile[224,98900046673623.mockFlowFile,13B] to 'success'
[pool-145-thread-1] INFO org.apache.nifi.processors.standard.ControlRate - ControlRate[id=000457d2-8d0c-4fc1-b63f-d62e976508af] transferring FlowFile[225,98900046689809.mockFlowFile,13B] to 'success'
[pool-145-thread-1] INFO org.apache.nifi.processors.standard.ControlRate - ControlRate[id=000457d2-8d0c-4fc1-b63f-d62e976508af] transferring FlowFile[226,98900046705965.mockFlowFile,13B] to 'success'
[pool-145-thread-1] INFO org.apache.nifi.processors.standard.ControlRate - ControlRate[id=000457d2-8d0c-4fc1-b63f-d62e976508af] transferring FlowFile[227,98900046721520.mockFlowFile,13B] to 'success'
[pool-145-thread-1] INFO org.apache.nifi.processors.standard.ControlRate - ControlRate[id=000457d2-8d0c-4fc1-b63f-d62e976508af] transferring FlowFile[228,98900046736863.mockFlowFile,13B] to 'success'
[pool-145-thread-1] INFO org.apache.nifi.processors.standard.ControlRate - ControlRate[id=000457d2-8d0c-4fc1-b63f-d62e976508af] transferring FlowFile[229,98900046753256.mockFlowFile,13B] to 'success'
[pool-145-thread-1] INFO org.apache.nifi.processors.standard.ControlRate - ControlRate[id=000457d2-8d0c-4fc1-b63f-d62e976508af] transferring FlowFile[230,98900046769958.mockFlowFile,13B] to 'success'
[pool-145-thread-1] INFO org.apache.nifi.processors.standard.ControlRate - ControlRate[id=000457d2-8d0c-4fc1-b63f-d62e976508af] transferring FlowFile[231,98900046790052.mockFlowFile,13B] to 'success'
[pool-145-thread-1] INFO org.apache.nifi.processors.standard.ControlRate - ControlRate[id=000457d2-8d0c-4fc1-b63f-d62e976508af] transferring FlowFile[232,98900046805911.mockFlowFile,13B] to 'success'
[pool-145-thread-1] INFO org.apache.nifi.processors.standard.ControlRate - ControlRate[id=000457d2-8d0c-4fc1-b63f-d62e976508af] transferring FlowFile[233,98900046820751.mockFlowFile,13B] to 'success'
[pool-145-thread-1] INFO org.apache.nifi.processors.standard.ControlRate - ControlRate[id=000457d2-8d0c-4fc1-b63f-d62e976508af] transferring FlowFile[234,98900046836098.mockFlowFile,13B] to 'success'
[pool-145-thread-1] INFO org.apache.nifi.processors.standard.ControlRate - ControlRate[id=000457d2-8d0c-4fc1-b63f-d62e976508af] transferring FlowFile[235,98900046852282.mockFlowFile,13B] to 'success'
[pool-145-thread-1] INFO org.apache.nifi.processors.standard.ControlRate - ControlRate[id=000457d2-8d0c-4fc1-b63f-d62e976508af] transferring FlowFile[236,98900046905510.mockFlowFile,13B] to 'success'
[pool-145-thread-1] INFO org.apache.nifi.processors.standard.ControlRate - ControlRate[id=000457d2-8d0c-4fc1-b63f-d62e976508af] transferring FlowFile[237,98900046946106.mockFlowFile,13B] to 'success'
[pool-145-thread-1] INFO org.apache.nifi.processors.standard.ControlRate - ControlRate[id=000457d2-8d0c-4fc1-b63f-d62e976508af] transferring FlowFile[238,98900046961575.mockFlowFile,13B] to 'success'
[pool-145-thread-1] INFO org.apache.nifi.processors.standard.ControlRate - ControlRate[id=000457d2-8d0c-4fc1-b63f-d62e976508af] transferring FlowFile[239,98900046995330.mockFlowFile,13B] to 'success'
[pool-145-thread-1] INFO org.apache.nifi.processors.standard.ControlRate - ControlRate[id=000457d2-8d0c-4fc1-b63f-d62e976508af] transferring FlowFile[240,98900047011333.mockFlowFile,13B] to 'success'
[pool-145-thread-1] INFO org.apache.nifi.processors.standard.ControlRate - ControlRate[id=000457d2-8d0c-4fc1-b63f-d62e976508af] transferring FlowFile[241,98900047026251.mockFlowFile,13B] to 'success'
[pool-145-thread-1] INFO org.apache.nifi.processors.standard.ControlRate - ControlRate[id=000457d2-8d0c-4fc1-b63f-d62e976508af] transferring FlowFile[242,98900047041523.mockFlowFile,13B] to 'success'
[pool-145-thread-1] INFO org.apache.nifi.processors.standard.ControlRate - ControlRate[id=000457d2-8d0c-4fc1-b63f-d62e976508af] transferring FlowFile[243,98900047056621.mockFlowFile,13B] to 'success'
[pool-145-thread-1] INFO org.apache.nifi.processors.standard.ControlRate - ControlRate[id=000457d2-8d0c-4fc1-b63f-d62e976508af] transferring FlowFile[244,98900047072224.mockFlowFile,13B] to 'success'
[pool-145-thread-1] INFO org.apache.nifi.processors.standard.ControlRate - ControlRate[id=000457d2-8d0c-4fc1-b63f-d62e976508af] transferring FlowFile[245,98900047094883.mockFlowFile,13B] to 'success'
[pool-145-thread-1] INFO org.apache.nifi.processors.standard.ControlRate - ControlRate[id=000457d2-8d0c-4fc1-b63f-d62e976508af] transferring FlowFile[246,98900047128976.mockFlowFile,13B] to 'success'
[pool-145-thread-1] INFO org.apache.nifi.processors.standard.ControlRate - ControlRate[id=000457d2-8d0c-4fc1-b63f-d62e976508af] transferring FlowFile[247,98900047148581.mockFlowFile,13B] to 'success'
[pool-145-thread-1] INFO org.apache.nifi.processors.standard.ControlRate - ControlRate[id=000457d2-8d0c-4fc1-b63f-d62e976508af] transferring FlowFile[248,98900047176995.mockFlowFile,13B] to 'success'
[pool-145-thread-1] INFO org.apache.nifi.processors.standard.ControlRate - ControlRate[id=000457d2-8d0c-4fc1-b63f-d62e976508af] transferring FlowFile[249,98900047192780.mockFlowFile,13B] to 'success'
[pool-145-thread-1] INFO org.apache.nifi.processors.standard.ControlRate - ControlRate[id=000457d2-8d0c-4fc1-b63f-d62e976508af] transferring FlowFile[250,98900047208153.mockFlowFile,13B] to 'success'
[pool-145-thread-1] INFO org.apache.nifi.processors.standard.ControlRate - ControlRate[id=000457d2-8d0c-4fc1-b63f-d62e976508af] transferring FlowFile[251,98900047222744.mockFlowFile,13B] to 'success'
[pool-145-thread-1] INFO org.apache.nifi.processors.standard.ControlRate - ControlRate[id=000457d2-8d0c-4fc1-b63f-d62e976508af] transferring FlowFile[252,98900047238088.mockFlowFile,13B] to 'success'
[pool-145-thread-1] INFO org.apache.nifi.processors.standard.ControlRate - ControlRate[id=000457d2-8d0c-4fc1-b63f-d62e976508af] transferring FlowFile[253,98900047253773.mockFlowFile,13B] to 'success'
[pool-145-thread-1] INFO org.apache.nifi.processors.standard.ControlRate - ControlRate[id=000457d2-8d0c-4fc1-b63f-d62e976508af] transferring FlowFile[254,98900047269333.mockFlowFile,13B] to 'success'
[pool-145-thread-1] INFO org.apache.nifi.processors.standard.ControlRate - ControlRate[id=000457d2-8d0c-4fc1-b63f-d62e976508af] transferring FlowFile[255,98900047289138.mockFlowFile,13B] to 'success'
[pool-145-thread-1] INFO org.apache.nifi.processors.standard.ControlRate - ControlRate[id=000457d2-8d0c-4fc1-b63f-d62e976508af] transferring FlowFile[256,98900047304336.mockFlowFile,13B] to 'success'
[pool-145-thread-1] INFO org.apache.nifi.processors.standard.ControlRate - ControlRate[id=000457d2-8d0c-4fc1-b63f-d62e976508af] transferring FlowFile[257,98900047334124.mockFlowFile,13B] to 'success'
[pool-145-thread-1] INFO org.apache.nifi.processors.standard.ControlRate - ControlRate[id=000457d2-8d0c-4fc1-b63f-d62e976508af] transferring FlowFile[258,98900047378442.mockFlowFile,13B] to 'success'
[pool-145-thread-1] INFO org.apache.nifi.processors.standard.ControlRate - ControlRate[id=000457d2-8d0c-4fc1-b63f-d62e976508af] transferring FlowFile[259,98900047394813.mockFlowFile,13B] to 'success'
[pool-145-thread-1] INFO org.apache.nifi.processors.standard.ControlRate - ControlRate[id=000457d2-8d0c-4fc1-b63f-d62e976508af] transferring FlowFile[260,98900047410748.mockFlowFile,13B] to 'success'
[pool-145-thread-1] INFO org.apache.nifi.processors.standard.ControlRate - ControlRate[id=000457d2-8d0c-4fc1-b63f-d62e976508af] transferring FlowFile[261,98900047438249.mockFlowFile,13B] to 'success'
[pool-145-thread-1] INFO org.apache.nifi.processors.standard.ControlRate - ControlRate[id=000457d2-8d0c-4fc1-b63f-d62e976508af] transferring FlowFile[262,98900047456760.mockFlowFile,13B] to 'success'
[pool-145-thread-1] INFO org.apache.nifi.processors.standard.ControlRate - ControlRate[id=000457d2-8d0c-4fc1-b63f-d62e976508af] transferring FlowFile[263,98900047476319.mockFlowFile,13B] to 'success'
[pool-145-thread-1] INFO org.apache.nifi.processors.standard.ControlRate - ControlRate[id=000457d2-8d0c-4fc1-b63f-d62e976508af] transferring FlowFile[264,98900047491934.mockFlowFile,13B] to 'success'
[pool-145-thread-1] INFO org.apache.nifi.processors.standard.ControlRate - ControlRate[id=000457d2-8d0c-4fc1-b63f-d62e976508af] transferring FlowFile[265,98900047507288.mockFlowFile,13B] to 'success'
[pool-145-thread-1] INFO org.apache.nifi.processors.standard.ControlRate - ControlRate[id=000457d2-8d0c-4fc1-b63f-d62e976508af] transferring FlowFile[266,98900047521694.mockFlowFile,13B] to 'success'
[pool-145-thread-1] INFO org.apache.nifi.processors.standard.ControlRate - ControlRate[id=000457d2-8d0c-4fc1-b63f-d62e976508af] transferring FlowFile[267,98900047537036.mockFlowFile,13B] to 'success'
[pool-145-thread-1] INFO org.apache.nifi.processors.standard.ControlRate - ControlRate[id=000457d2-8d0c-4fc1-b63f-d62e976508af] transferring FlowFile[268,98900047551504.mockFlowFile,13B] to 'success'
[pool-145-thread-1] INFO org.apache.nifi.processors.standard.ControlRate - ControlRate[id=000457d2-8d0c-4fc1-b63f-d62e976508af] transferring FlowFile[269,98900047566883.mockFlowFile,13B] to 'success'
[pool-145-thread-1] INFO org.apache.nifi.processors.standard.ControlRate - ControlRate[id=000457d2-8d0c-4fc1-b63f-d62e976508af] transferring FlowFile[270,98900047581965.mockFlowFile,13B] to 'success'
[pool-145-thread-1] INFO org.apache.nifi.processors.standard.ControlRate - ControlRate[id=000457d2-8d0c-4fc1-b63f-d62e976508af] transferring FlowFile[271,98900047599938.mockFlowFile,13B] to 'success'
[pool-145-thread-1] INFO org.apache.nifi.processors.standard.ControlRate - ControlRate[id=000457d2-8d0c-4fc1-b63f-d62e976508af] transferring FlowFile[272,98900047615574.mockFlowFile,13B] to 'success'
[pool-145-thread-1] INFO org.apache.nifi.processors.standard.ControlRate - ControlRate[id=000457d2-8d0c-4fc1-b63f-d62e976508af] transferring FlowFile[273,98900047630019.mockFlowFile,13B] to 'success'
[pool-145-thread-1] INFO org.apache.nifi.processors.standard.ControlRate - ControlRate[id=000457d2-8d0c-4fc1-b63f-d62e976508af] transferring FlowFile[274,98900047645101.mockFlowFile,13B] to 'success'
[pool-145-thread-1] INFO org.apache.nifi.processors.standard.ControlRate - ControlRate[id=000457d2-8d0c-4fc1-b63f-d62e976508af] transferring FlowFile[275,98900047660124.mockFlowFile,13B] to 'success'
[pool-145-thread-1] INFO org.apache.nifi.processors.standard.ControlRate - ControlRate[id=000457d2-8d0c-4fc1-b63f-d62e976508af] transferring FlowFile[276,98900047674265.mockFlowFile,13B] to 'success'
[pool-145-thread-1] INFO org.apache.nifi.processors.standard.ControlRate - ControlRate[id=000457d2-8d0c-4fc1-b63f-d62e976508af] transferring FlowFile[277,98900047689417.mockFlowFile,13B] to 'success'
[pool-145-thread-1] INFO org.apache.nifi.processors.standard.ControlRate - ControlRate[id=000457d2-8d0c-4fc1-b63f-d62e976508af] transferring FlowFile[278,98900047727885.mockFlowFile,13B] to 'success'
[pool-145-thread-1] INFO org.apache.nifi.processors.standard.ControlRate - ControlRate[id=000457d2-8d0c-4fc1-b63f-d62e976508af] transferring FlowFile[279,98900047747685.mockFlowFile,13B] to 'success'
[pool-145-thread-1] INFO org.apache.nifi.processors.standard.ControlRate - ControlRate[id=000457d2-8d0c-4fc1-b63f-d62e976508af] transferring FlowFile[280,98900047762999.mockFlowFile,13B] to 'success'
[pool-145-thread-1] INFO org.apache.nifi.processors.standard.ControlRate - ControlRate[id=000457d2-8d0c-4fc1-b63f-d62e976508af] transferring FlowFile[281,98900047777331.mockFlowFile,13B] to 'success'
[pool-145-thread-1] INFO org.apache.nifi.processors.standard.ControlRate - ControlRate[id=000457d2-8d0c-4fc1-b63f-d62e976508af] transferring FlowFile[282,98900047792629.mockFlowFile,13B] to 'success'
[pool-145-thread-1] INFO org.apache.nifi.processors.standard.ControlRate - ControlRate[id=000457d2-8d0c-4fc1-b63f-d62e976508af] transferring FlowFile[283,98900047807374.mockFlowFile,13B] to 'success'
[pool-145-thread-1] INFO org.apache.nifi.processors.standard.ControlRate - ControlRate[id=000457d2-8d0c-4fc1-b63f-d62e976508af] transferring FlowFile[284,98900047835669.mockFlowFile,13B] to 'success'
[pool-145-thread-1] INFO org.apache.nifi.processors.standard.ControlRate - ControlRate[id=000457d2-8d0c-4fc1-b63f-d62e976508af] transferring FlowFile[285,98900047868983.mockFlowFile,13B] to 'success'
[pool-145-thread-1] INFO org.apache.nifi.processors.standard.ControlRate - ControlRate[id=000457d2-8d0c-4fc1-b63f-d62e976508af] transferring FlowFile[286,98900047962256.mockFlowFile,13B] to 'success'
[pool-145-thread-1] INFO org.apache.nifi.processors.standard.ControlRate - ControlRate[id=000457d2-8d0c-4fc1-b63f-d62e976508af] transferring FlowFile[287,98900047994262.mockFlowFile,13B] to 'success'
[pool-145-thread-1] INFO org.apache.nifi.processors.standard.ControlRate - ControlRate[id=000457d2-8d0c-4fc1-b63f-d62e976508af] transferring FlowFile[288,98900048021261.mockFlowFile,13B] to 'success'
[pool-145-thread-1] INFO org.apache.nifi.processors.standard.ControlRate - ControlRate[id=000457d2-8d0c-4fc1-b63f-d62e976508af] transferring FlowFile[289,98900048051939.mockFlowFile,13B] to 'success'
[pool-145-thread-1] INFO org.apache.nifi.processors.standard.ControlRate - ControlRate[id=000457d2-8d0c-4fc1-b63f-d62e976508af] transferring FlowFile[290,98900048068296.mockFlowFile,13B] to 'success'
[pool-145-thread-1] INFO org.apache.nifi.processors.standard.ControlRate - ControlRate[id=000457d2-8d0c-4fc1-b63f-d62e976508af] transferring FlowFile[291,98900048090655.mockFlowFile,13B] to 'success'
[pool-145-thread-1] INFO org.apache.nifi.processors.standard.ControlRate - ControlRate[id=000457d2-8d0c-4fc1-b63f-d62e976508af] transferring FlowFile[292,98900048126153.mockFlowFile,13B] to 'success'
[pool-145-thread-1] INFO org.apache.nifi.processors.standard.ControlRate - ControlRate[id=000457d2-8d0c-4fc1-b63f-d62e976508af] transferring FlowFile[293,98900048147216.mockFlowFile,13B] to 'success'
[pool-145-thread-1] INFO org.apache.nifi.processors.standard.ControlRate - ControlRate[id=000457d2-8d0c-4fc1-b63f-d62e976508af] transferring FlowFile[294,98900048195145.mockFlowFile,13B] to 'success'
[pool-145-thread-1] INFO org.apache.nifi.processors.standard.ControlRate - ControlRate[id=000457d2-8d0c-4fc1-b63f-d62e976508af] transferring FlowFile[295,98900048215413.mockFlowFile,13B] to 'success'
[pool-145-thread-1] INFO org.apache.nifi.processors.standard.ControlRate - ControlRate[id=000457d2-8d0c-4fc1-b63f-d62e976508af] transferring FlowFile[296,98900048230947.mockFlowFile,13B] to 'success'
[pool-145-thread-1] INFO org.apache.nifi.processors.standard.ControlRate - ControlRate[id=000457d2-8d0c-4fc1-b63f-d62e976508af] transferring FlowFile[297,98900048259475.mockFlowFile,13B] to 'success'
[pool-145-thread-1] INFO org.apache.nifi.processors.standard.ControlRate - ControlRate[id=000457d2-8d0c-4fc1-b63f-d62e976508af] transferring FlowFile[298,98900048274346.mockFlowFile,13B] to 'success'
[pool-145-thread-1] INFO org.apache.nifi.processors.standard.ControlRate - ControlRate[id=000457d2-8d0c-4fc1-b63f-d62e976508af] transferring FlowFile[299,98900048289984.mockFlowFile,13B] to 'success'
[pool-145-thread-1] INFO org.apache.nifi.processors.standard.ControlRate - ControlRate[id=000457d2-8d0c-4fc1-b63f-d62e976508af] transferring FlowFile[300,98900048305648.mockFlowFile,13B] to 'success'
[pool-145-thread-1] INFO org.apache.nifi.processors.standard.ControlRate - ControlRate[id=000457d2-8d0c-4fc1-b63f-d62e976508af] transferring FlowFile[301,98900048320353.mockFlowFile,13B] to 'success'
[pool-145-thread-1] INFO org.apache.nifi.processors.standard.ControlRate - ControlRate[id=000457d2-8d0c-4fc1-b63f-d62e976508af] transferring FlowFile[302,98900048335903.mockFlowFile,13B] to 'success'
[pool-145-thread-1] INFO org.apache.nifi.processors.standard.ControlRate - ControlRate[id=000457d2-8d0c-4fc1-b63f-d62e976508af] transferring FlowFile[303,98900048355594.mockFlowFile,13B] to 'success'
[pool-145-thread-1] INFO org.apache.nifi.processors.standard.ControlRate - ControlRate[id=000457d2-8d0c-4fc1-b63f-d62e976508af] transferring FlowFile[304,98900048371849.mockFlowFile,13B] to 'success'
[pool-145-thread-1] INFO org.apache.nifi.processors.standard.ControlRate - ControlRate[id=000457d2-8d0c-4fc1-b63f-d62e976508af] transferring FlowFile[305,98900048394618.mockFlowFile,13B] to 'success'
[pool-145-thread-1] INFO org.apache.nifi.processors.standard.ControlRate - ControlRate[id=000457d2-8d0c-4fc1-b63f-d62e976508af] transferring FlowFile[306,98900048414118.mockFlowFile,13B] to 'success'
[pool-145-thread-1] INFO org.apache.nifi.processors.standard.ControlRate - ControlRate[id=000457d2-8d0c-4fc1-b63f-d62e976508af] transferring FlowFile[307,98900048430338.mockFlowFile,13B] to 'success'
[pool-145-thread-1] INFO org.apache.nifi.processors.standard.ControlRate - ControlRate[id=000457d2-8d0c-4fc1-b63f-d62e976508af] transferring FlowFile[308,98900048445597.mockFlowFile,13B] to 'success'
[pool-145-thread-1] INFO org.apache.nifi.processors.standard.ControlRate - ControlRate[id=000457d2-8d0c-4fc1-b63f-d62e976508af] transferring FlowFile[309,98900048461567.mockFlowFile,13B] to 'success'
[pool-145-thread-1] INFO org.apache.nifi.processors.standard.ControlRate - ControlRate[id=000457d2-8d0c-4fc1-b63f-d62e976508af] transferring FlowFile[310,98900048477610.mockFlowFile,13B] to 'success'
[pool-145-thread-1] INFO org.apache.nifi.processors.standard.ControlRate - ControlRate[id=000457d2-8d0c-4fc1-b63f-d62e976508af] transferring FlowFile[311,98900048497645.mockFlowFile,13B] to 'success'
[pool-145-thread-1] INFO org.apache.nifi.processors.standard.ControlRate - ControlRate[id=000457d2-8d0c-4fc1-b63f-d62e976508af] transferring FlowFile[312,98900048521082.mockFlowFile,13B] to 'success'
[pool-145-thread-1] INFO org.apache.nifi.processors.standard.ControlRate - ControlRate[id=000457d2-8d0c-4fc1-b63f-d62e976508af] transferring FlowFile[313,98900048536410.mockFlowFile,13B] to 'success'
[pool-145-thread-1] INFO org.apache.nifi.processors.standard.ControlRate - ControlRate[id=000457d2-8d0c-4fc1-b63f-d62e976508af] transferring FlowFile[314,98900048552049.mockFlowFile,13B] to 'success'
[pool-145-thread-1] INFO org.apache.nifi.processors.standard.ControlRate - ControlRate[id=000457d2-8d0c-4fc1-b63f-d62e976508af] transferring FlowFile[315,98900048595516.mockFlowFile,13B] to 'success'
[pool-145-thread-1] INFO org.apache.nifi.processors.standard.ControlRate - ControlRate[id=000457d2-8d0c-4fc1-b63f-d62e976508af] transferring FlowFile[316,98900048610941.mockFlowFile,13B] to 'success'
[pool-145-thread-1] INFO org.apache.nifi.processors.standard.ControlRate - ControlRate[id=000457d2-8d0c-4fc1-b63f-d62e976508af] transferring FlowFile[317,98900048626668.mockFlowFile,13B] to 'success'
[pool-145-thread-1] INFO org.apache.nifi.processors.standard.ControlRate - ControlRate[id=000457d2-8d0c-4fc1-b63f-d62e976508af] transferring FlowFile[318,98900048654093.mockFlowFile,13B] to 'success'
[pool-145-thread-1] INFO org.apache.nifi.processors.standard.ControlRate - ControlRate[id=000457d2-8d0c-4fc1-b63f-d62e976508af] transferring FlowFile[319,98900048673169.mockFlowFile,13B] to 'success'
[pool-145-thread-1] INFO org.apache.nifi.processors.standard.ControlRate - ControlRate[id=000457d2-8d0c-4fc1-b63f-d62e976508af] transferring FlowFile[320,98900048688521.mockFlowFile,13B] to 'success'
[pool-145-thread-1] INFO org.apache.nifi.processors.standard.ControlRate - ControlRate[id=000457d2-8d0c-4fc1-b63f-d62e976508af] transferring FlowFile[321,98900048702972.mockFlowFile,13B] to 'success'
[pool-145-thread-1] INFO org.apache.nifi.processors.standard.ControlRate - ControlRate[id=000457d2-8d0c-4fc1-b63f-d62e976508af] transferring FlowFile[322,98900048719975.mockFlowFile,13B] to 'success'
[pool-145-thread-1] INFO org.apache.nifi.processors.standard.ControlRate - ControlRate[id=000457d2-8d0c-4fc1-b63f-d62e976508af] transferring FlowFile[323,98900048735833.mockFlowFile,13B] to 'success'
[pool-145-thread-1] INFO org.apache.nifi.processors.standard.ControlRate - ControlRate[id=000457d2-8d0c-4fc1-b63f-d62e976508af] transferring FlowFile[324,98900048751428.mockFlowFile,13B] to 'success'
[pool-145-thread-1] INFO org.apache.nifi.processors.standard.ControlRate - ControlRate[id=000457d2-8d0c-4fc1-b63f-d62e976508af] transferring FlowFile[325,98900048766668.mockFlowFile,13B] to 'success'
[pool-145-thread-1] INFO org.apache.nifi.processors.standard.ControlRate - ControlRate[id=000457d2-8d0c-4fc1-b63f-d62e976508af] transferring FlowFile[326,98900048780938.mockFlowFile,13B] to 'success'
[pool-145-thread-1] INFO org.apache.nifi.processors.standard.ControlRate - ControlRate[id=000457d2-8d0c-4fc1-b63f-d62e976508af] transferring FlowFile[327,98900048799568.mockFlowFile,13B] to 'success'
[pool-145-thread-1] INFO org.apache.nifi.processors.standard.ControlRate - ControlRate[id=000457d2-8d0c-4fc1-b63f-d62e976508af] transferring FlowFile[328,98900048814075.mockFlowFile,13B] to 'success'
[pool-145-thread-1] INFO org.apache.nifi.processors.standard.ControlRate - ControlRate[id=000457d2-8d0c-4fc1-b63f-d62e976508af] transferring FlowFile[329,98900048829089.mockFlowFile,13B] to 'success'
[pool-145-thread-1] INFO org.apache.nifi.processors.standard.ControlRate - ControlRate[id=000457d2-8d0c-4fc1-b63f-d62e976508af] transferring FlowFile[330,98900048867878.mockFlowFile,13B] to 'success'
[pool-145-thread-1] INFO org.apache.nifi.processors.standard.ControlRate - ControlRate[id=000457d2-8d0c-4fc1-b63f-d62e976508af] transferring FlowFile[331,98900048882925.mockFlowFile,13B] to 'success'
[pool-145-thread-1] INFO org.apache.nifi.processors.standard.ControlRate - ControlRate[id=000457d2-8d0c-4fc1-b63f-d62e976508af] transferring FlowFile[332,98900048911508.mockFlowFile,13B] to 'success'
[pool-145-thread-1] INFO org.apache.nifi.processors.standard.ControlRate - ControlRate[id=000457d2-8d0c-4fc1-b63f-d62e976508af] transferring FlowFile[333,98900048925797.mockFlowFile,13B] to 'success'
[pool-145-thread-1] INFO org.apache.nifi.processors.standard.ControlRate - ControlRate[id=000457d2-8d0c-4fc1-b63f-d62e976508af] transferring FlowFile[334,98900048940755.mockFlowFile,13B] to 'success'
[pool-145-thread-1] INFO org.apache.nifi.processors.standard.ControlRate - ControlRate[id=000457d2-8d0c-4fc1-b63f-d62e976508af] transferring FlowFile[335,98900048959441.mockFlowFile,13B] to 'success'
[pool-145-thread-1] INFO org.apache.nifi.processors.standard.ControlRate - ControlRate[id=000457d2-8d0c-4fc1-b63f-d62e976508af] transferring FlowFile[336,98900048974013.mockFlowFile,13B] to 'success'
[pool-145-thread-1] INFO org.apache.nifi.processors.standard.ControlRate - ControlRate[id=000457d2-8d0c-4fc1-b63f-d62e976508af] transferring FlowFile[337,98900048989225.mockFlowFile,13B] to 'success'
[pool-145-thread-1] INFO org.apache.nifi.processors.standard.ControlRate - ControlRate[id=000457d2-8d0c-4fc1-b63f-d62e976508af] transferring FlowFile[338,98900049003541.mockFlowFile,13B] to 'success'
[pool-145-thread-1] INFO org.apache.nifi.processors.standard.ControlRate - ControlRate[id=000457d2-8d0c-4fc1-b63f-d62e976508af] transferring FlowFile[339,98900049052953.mockFlowFile,13B] to 'success'
[pool-145-thread-1] INFO org.apache.nifi.processors.standard.ControlRate - ControlRate[id=000457d2-8d0c-4fc1-b63f-d62e976508af] transferring FlowFile[340,98900049068988.mockFlowFile,13B] to 'success'
[pool-145-thread-1] INFO org.apache.nifi.processors.standard.ControlRate - ControlRate[id=000457d2-8d0c-4fc1-b63f-d62e976508af] transferring FlowFile[341,98900049084171.mockFlowFile,13B] to 'success'
[pool-145-thread-1] INFO org.apache.nifi.processors.standard.ControlRate - ControlRate[id=000457d2-8d0c-4fc1-b63f-d62e976508af] transferring FlowFile[342,98900049128460.mockFlowFile,13B] to 'success'
[pool-145-thread-1] INFO org.apache.nifi.processors.standard.ControlRate - ControlRate[id=000457d2-8d0c-4fc1-b63f-d62e976508af] transferring FlowFile[343,98900049147828.mockFlowFile,13B] to 'success'
[pool-145-thread-1] INFO org.apache.nifi.processors.standard.ControlRate - ControlRate[id=000457d2-8d0c-4fc1-b63f-d62e976508af] transferring FlowFile[344,98900049163838.mockFlowFile,13B] to 'success'
[pool-145-thread-1] INFO org.apache.nifi.processors.standard.ControlRate - ControlRate[id=000457d2-8d0c-4fc1-b63f-d62e976508af] transferring FlowFile[345,98900049181044.mockFlowFile,13B] to 'success'
[pool-145-thread-1] INFO org.apache.nifi.processors.standard.ControlRate - ControlRate[id=000457d2-8d0c-4fc1-b63f-d62e976508af] transferring FlowFile[346,98900049196654.mockFlowFile,13B] to 'success'
[pool-145-thread-1] INFO org.apache.nifi.processors.standard.ControlRate - ControlRate[id=000457d2-8d0c-4fc1-b63f-d62e976508af] transferring FlowFile[347,98900049212663.mockFlowFile,13B] to 'success'
[pool-145-thread-1] INFO org.apache.nifi.processors.standard.ControlRate - ControlRate[id=000457d2-8d0c-4fc1-b63f-d62e976508af] transferring FlowFile[348,98900049227289.mockFlowFile,13B] to 'success'
[pool-145-thread-1] INFO org.apache.nifi.processors.standard.ControlRate - ControlRate[id=000457d2-8d0c-4fc1-b63f-d62e976508af] transferring FlowFile[349,98900049242790.mockFlowFile,13B] to 'success'
[pool-145-thread-1] INFO org.apache.nifi.processors.standard.ControlRate - ControlRate[id=000457d2-8d0c-4fc1-b63f-d62e976508af] transferring FlowFile[350,98900049266297.mockFlowFile,13B] to 'success'
[pool-145-thread-1] INFO org.apache.nifi.processors.standard.ControlRate - ControlRate[id=000457d2-8d0c-4fc1-b63f-d62e976508af] transferring FlowFile[351,98900049298992.mockFlowFile,13B] to 'success'
[pool-145-thread-1] INFO org.apache.nifi.processors.standard.ControlRate - ControlRate[id=000457d2-8d0c-4fc1-b63f-d62e976508af] transferring FlowFile[352,98900049319498.mockFlowFile,13B] to 'success'
[pool-145-thread-1] INFO org.apache.nifi.processors.standard.ControlRate - ControlRate[id=000457d2-8d0c-4fc1-b63f-d62e976508af] transferring FlowFile[353,98900049335272.mockFlowFile,13B] to 'success'
[pool-145-thread-1] INFO org.apache.nifi.processors.standard.ControlRate - ControlRate[id=000457d2-8d0c-4fc1-b63f-d62e976508af] transferring FlowFile[354,98900049353701.mockFlowFile,13B] to 'success'
[pool-145-thread-1] INFO org.apache.nifi.processors.standard.ControlRate - ControlRate[id=000457d2-8d0c-4fc1-b63f-d62e976508af] transferring FlowFile[355,98900049369949.mockFlowFile,13B] to 'success'
[pool-145-thread-1] INFO org.apache.nifi.processors.standard.ControlRate - ControlRate[id=000457d2-8d0c-4fc1-b63f-d62e976508af] transferring FlowFile[356,98900049385026.mockFlowFile,13B] to 'success'
[pool-145-thread-1] INFO org.apache.nifi.processors.standard.ControlRate - ControlRate[id=000457d2-8d0c-4fc1-b63f-d62e976508af] transferring FlowFile[357,98900049408586.mockFlowFile,13B] to 'success'
[pool-145-thread-1] INFO org.apache.nifi.processors.standard.ControlRate - ControlRate[id=000457d2-8d0c-4fc1-b63f-d62e976508af] transferring FlowFile[358,98900049425621.mockFlowFile,13B] to 'success'
[pool-145-thread-1] INFO org.apache.nifi.processors.standard.ControlRate - ControlRate[id=000457d2-8d0c-4fc1-b63f-d62e976508af] transferring FlowFile[359,98900049445569.mockFlowFile,13B] to 'success'
[pool-145-thread-1] INFO org.apache.nifi.processors.standard.ControlRate - ControlRate[id=000457d2-8d0c-4fc1-b63f-d62e976508af] transferring FlowFile[360,98900049462139.mockFlowFile,13B] to 'success'
[pool-145-thread-1] INFO org.apache.nifi.processors.standard.ControlRate - ControlRate[id=000457d2-8d0c-4fc1-b63f-d62e976508af] transferring FlowFile[361,98900049477193.mockFlowFile,13B] to 'success'
[pool-145-thread-1] INFO org.apache.nifi.processors.standard.ControlRate - ControlRate[id=000457d2-8d0c-4fc1-b63f-d62e976508af] transferring FlowFile[362,98900049495079.mockFlowFile,13B] to 'success'
[pool-145-thread-1] INFO org.apache.nifi.processors.standard.ControlRate - ControlRate[id=000457d2-8d0c-4fc1-b63f-d62e976508af] transferring FlowFile[363,98900049510410.mockFlowFile,13B] to 'success'
[pool-145-thread-1] INFO org.apache.nifi.processors.standard.ControlRate - ControlRate[id=000457d2-8d0c-4fc1-b63f-d62e976508af] transferring FlowFile[364,98900049526144.mockFlowFile,13B] to 'success'
[pool-145-thread-1] INFO org.apache.nifi.processors.standard.ControlRate - ControlRate[id=000457d2-8d0c-4fc1-b63f-d62e976508af] transferring FlowFile[365,98900049541818.mockFlowFile,13B] to 'success'
[pool-145-thread-1] INFO org.apache.nifi.processors.standard.ControlRate - ControlRate[id=000457d2-8d0c-4fc1-b63f-d62e976508af] transferring FlowFile[366,98900049556534.mockFlowFile,13B] to 'success'
[pool-145-thread-1] INFO org.apache.nifi.processors.standard.ControlRate - ControlRate[id=000457d2-8d0c-4fc1-b63f-d62e976508af] transferring FlowFile[367,98900049575868.mockFlowFile,13B] to 'success'
[pool-145-thread-1] INFO org.apache.nifi.processors.standard.ControlRate - ControlRate[id=000457d2-8d0c-4fc1-b63f-d62e976508af] transferring FlowFile[368,98900049591607.mockFlowFile,13B] to 'success'
[pool-145-thread-1] INFO org.apache.nifi.processors.standard.ControlRate - ControlRate[id=000457d2-8d0c-4fc1-b63f-d62e976508af] transferring FlowFile[369,98900049607617.mockFlowFile,13B] to 'success'
[pool-145-thread-1] INFO org.apache.nifi.processors.standard.ControlRate - ControlRate[id=000457d2-8d0c-4fc1-b63f-d62e976508af] transferring FlowFile[370,98900049623693.mockFlowFile,13B] to 'success'
[pool-145-thread-1] INFO org.apache.nifi.processors.standard.ControlRate - ControlRate[id=000457d2-8d0c-4fc1-b63f-d62e976508af] transferring FlowFile[371,98900049638791.mockFlowFile,13B] to 'success'
[pool-145-thread-1] INFO org.apache.nifi.processors.standard.ControlRate - ControlRate[id=000457d2-8d0c-4fc1-b63f-d62e976508af] transferring FlowFile[372,98900049654527.mockFlowFile,13B] to 'success'
[pool-145-thread-1] INFO org.apache.nifi.processors.standard.ControlRate - ControlRate[id=000457d2-8d0c-4fc1-b63f-d62e976508af] transferring FlowFile[373,98900049669431.mockFlowFile,13B] to 'success'
[pool-145-thread-1] INFO org.apache.nifi.processors.standard.ControlRate - ControlRate[id=000457d2-8d0c-4fc1-b63f-d62e976508af] transferring FlowFile[374,98900049685253.mockFlowFile,13B] to 'success'
[pool-145-thread-1] INFO org.apache.nifi.processors.standard.ControlRate - ControlRate[id=000457d2-8d0c-4fc1-b63f-d62e976508af] transferring FlowFile[375,98900049704893.mockFlowFile,13B] to 'success'
[pool-145-thread-1] INFO org.apache.nifi.processors.standard.ControlRate - ControlRate[id=000457d2-8d0c-4fc1-b63f-d62e976508af] transferring FlowFile[376,98900049720032.mockFlowFile,13B] to 'success'
[pool-145-thread-1] INFO org.apache.nifi.processors.standard.ControlRate - ControlRate[id=000457d2-8d0c-4fc1-b63f-d62e976508af] transferring FlowFile[377,98900049735670.mockFlowFile,13B] to 'success'
[pool-145-thread-1] INFO org.apache.nifi.processors.standard.ControlRate - ControlRate[id=000457d2-8d0c-4fc1-b63f-d62e976508af] transferring FlowFile[378,98900049751789.mockFlowFile,13B] to 'success'
[pool-145-thread-1] INFO org.apache.nifi.processors.standard.ControlRate - ControlRate[id=000457d2-8d0c-4fc1-b63f-d62e976508af] transferring FlowFile[379,98900049782214.mockFlowFile,13B] to 'success'
[pool-145-thread-1] INFO org.apache.nifi.processors.standard.ControlRate - ControlRate[id=000457d2-8d0c-4fc1-b63f-d62e976508af] transferring FlowFile[380,98900049798977.mockFlowFile,13B] to 'success'
[pool-145-thread-1] INFO org.apache.nifi.processors.standard.ControlRate - ControlRate[id=000457d2-8d0c-4fc1-b63f-d62e976508af] transferring FlowFile[381,98900049813952.mockFlowFile,13B] to 'success'
[pool-145-thread-1] INFO org.apache.nifi.processors.standard.ControlRate - ControlRate[id=000457d2-8d0c-4fc1-b63f-d62e976508af] transferring FlowFile[382,98900049829855.mockFlowFile,13B] to 'success'
[pool-145-thread-1] INFO org.apache.nifi.processors.standard.ControlRate - ControlRate[id=000457d2-8d0c-4fc1-b63f-d62e976508af] transferring FlowFile[383,98900049849213.mockFlowFile,13B] to 'success'
[pool-145-thread-1] INFO org.apache.nifi.processors.standard.ControlRate - ControlRate[id=000457d2-8d0c-4fc1-b63f-d62e976508af] transferring FlowFile[384,98900049867001.mockFlowFile,13B] to 'success'
[pool-145-thread-1] INFO org.apache.nifi.processors.standard.ControlRate - ControlRate[id=000457d2-8d0c-4fc1-b63f-d62e976508af] transferring FlowFile[385,98900049882994.mockFlowFile,13B] to 'success'
[pool-145-thread-1] INFO org.apache.nifi.processors.standard.ControlRate - ControlRate[id=000457d2-8d0c-4fc1-b63f-d62e976508af] transferring FlowFile[386,98900049898614.mockFlowFile,13B] to 'success'
[pool-145-thread-1] INFO org.apache.nifi.processors.standard.ControlRate - ControlRate[id=000457d2-8d0c-4fc1-b63f-d62e976508af] transferring FlowFile[387,98900049914827.mockFlowFile,13B] to 'success'
[pool-145-thread-1] INFO org.apache.nifi.processors.standard.ControlRate - ControlRate[id=000457d2-8d0c-4fc1-b63f-d62e976508af] transferring FlowFile[388,98900049929855.mockFlowFile,13B] to 'success'
[pool-145-thread-1] INFO org.apache.nifi.processors.standard.ControlRate - ControlRate[id=000457d2-8d0c-4fc1-b63f-d62e976508af] transferring FlowFile[389,98900049981332.mockFlowFile,13B] to 'success'
[pool-145-thread-1] INFO org.apache.nifi.processors.standard.ControlRate - ControlRate[id=000457d2-8d0c-4fc1-b63f-d62e976508af] transferring FlowFile[390,98900049997730.mockFlowFile,13B] to 'success'
[pool-145-thread-1] INFO org.apache.nifi.processors.standard.ControlRate - ControlRate[id=000457d2-8d0c-4fc1-b63f-d62e976508af] transferring FlowFile[391,98900050017064.mockFlowFile,13B] to 'success'
[pool-145-thread-1] INFO org.apache.nifi.processors.standard.ControlRate - ControlRate[id=000457d2-8d0c-4fc1-b63f-d62e976508af] transferring FlowFile[392,98900050033558.mockFlowFile,13B] to 'success'
[pool-145-thread-1] INFO org.apache.nifi.processors.standard.ControlRate - ControlRate[id=000457d2-8d0c-4fc1-b63f-d62e976508af] transferring FlowFile[393,98900050048486.mockFlowFile,13B] to 'success'
[pool-145-thread-1] INFO org.apache.nifi.processors.standard.ControlRate - ControlRate[id=000457d2-8d0c-4fc1-b63f-d62e976508af] transferring FlowFile[394,98900050109141.mockFlowFile,13B] to 'success'
[pool-145-thread-1] INFO org.apache.nifi.processors.standard.ControlRate - ControlRate[id=000457d2-8d0c-4fc1-b63f-d62e976508af] transferring FlowFile[395,98900050127671.mockFlowFile,13B] to 'success'
[pool-145-thread-1] INFO org.apache.nifi.processors.standard.ControlRate - ControlRate[id=000457d2-8d0c-4fc1-b63f-d62e976508af] transferring FlowFile[396,98900050142485.mockFlowFile,13B] to 'success'
[pool-145-thread-1] INFO org.apache.nifi.processors.standard.ControlRate - ControlRate[id=000457d2-8d0c-4fc1-b63f-d62e976508af] transferring FlowFile[397,98900050157956.mockFlowFile,13B] to 'success'
[pool-145-thread-1] INFO org.apache.nifi.processors.standard.ControlRate - ControlRate[id=000457d2-8d0c-4fc1-b63f-d62e976508af] transferring FlowFile[398,98900050173190.mockFlowFile,13B] to 'success'
[pool-145-thread-1] INFO org.apache.nifi.processors.standard.ControlRate - ControlRate[id=000457d2-8d0c-4fc1-b63f-d62e976508af] transferring FlowFile[399,98900050193156.mockFlowFile,13B] to 'success'
[pool-145-thread-1] INFO org.apache.nifi.processors.standard.ControlRate - ControlRate[id=000457d2-8d0c-4fc1-b63f-d62e976508af] transferring FlowFile[400,98900050209847.mockFlowFile,13B] to 'success'
[pool-145-thread-1] INFO org.apache.nifi.processors.standard.ControlRate - ControlRate[id=000457d2-8d0c-4fc1-b63f-d62e976508af] transferring FlowFile[401,98900050225086.mockFlowFile,13B] to 'success'
[pool-145-thread-1] INFO org.apache.nifi.processors.standard.ControlRate - ControlRate[id=000457d2-8d0c-4fc1-b63f-d62e976508af] transferring FlowFile[402,98900050240830.mockFlowFile,13B] to 'success'
[pool-145-thread-1] INFO org.apache.nifi.processors.standard.ControlRate - ControlRate[id=000457d2-8d0c-4fc1-b63f-d62e976508af] transferring FlowFile[403,98900050256175.mockFlowFile,13B] to 'success'
[pool-145-thread-1] INFO org.apache.nifi.processors.standard.ControlRate - ControlRate[id=000457d2-8d0c-4fc1-b63f-d62e976508af] transferring FlowFile[404,98900050271885.mockFlowFile,13B] to 'success'
[pool-145-thread-1] INFO org.apache.nifi.processors.standard.ControlRate - ControlRate[id=000457d2-8d0c-4fc1-b63f-d62e976508af] transferring FlowFile[405,98900050287547.mockFlowFile,13B] to 'success'
[pool-145-thread-1] INFO org.apache.nifi.processors.standard.ControlRate - ControlRate[id=000457d2-8d0c-4fc1-b63f-d62e976508af] transferring FlowFile[406,98900050321677.mockFlowFile,13B] to 'success'
[pool-145-thread-1] INFO org.apache.nifi.processors.standard.ControlRate - ControlRate[id=000457d2-8d0c-4fc1-b63f-d62e976508af] transferring FlowFile[407,98900050343636.mockFlowFile,13B] to 'success'
[pool-145-thread-1] INFO org.apache.nifi.processors.standard.ControlRate - ControlRate[id=000457d2-8d0c-4fc1-b63f-d62e976508af] transferring FlowFile[408,98900050361353.mockFlowFile,13B] to 'success'
[pool-145-thread-1] INFO org.apache.nifi.processors.standard.ControlRate - ControlRate[id=000457d2-8d0c-4fc1-b63f-d62e976508af] transferring FlowFile[409,98900050378625.mockFlowFile,13B] to 'success'
[pool-145-thread-1] INFO org.apache.nifi.processors.standard.ControlRate - ControlRate[id=000457d2-8d0c-4fc1-b63f-d62e976508af] transferring FlowFile[410,98900050397365.mockFlowFile,13B] to 'success'
[pool-145-thread-1] INFO org.apache.nifi.processors.standard.ControlRate - ControlRate[id=000457d2-8d0c-4fc1-b63f-d62e976508af] transferring FlowFile[411,98900050413009.mockFlowFile,13B] to 'success'
[pool-145-thread-1] INFO org.apache.nifi.processors.standard.ControlRate - ControlRate[id=000457d2-8d0c-4fc1-b63f-d62e976508af] transferring FlowFile[412,98900050429879.mockFlowFile,13B] to 'success'
[pool-145-thread-1] INFO org.apache.nifi.processors.standard.ControlRate - ControlRate[id=000457d2-8d0c-4fc1-b63f-d62e976508af] transferring FlowFile[413,98900050444877.mockFlowFile,13B] to 'success'
[pool-145-thread-1] INFO org.apache.nifi.processors.standard.ControlRate - ControlRate[id=000457d2-8d0c-4fc1-b63f-d62e976508af] transferring FlowFile[414,98900050464325.mockFlowFile,13B] to 'success'
[pool-145-thread-1] INFO org.apache.nifi.processors.standard.ControlRate - ControlRate[id=000457d2-8d0c-4fc1-b63f-d62e976508af] transferring FlowFile[415,98900050484758.mockFlowFile,13B] to 'success'
[pool-145-thread-1] INFO org.apache.nifi.processors.standard.ControlRate - ControlRate[id=000457d2-8d0c-4fc1-b63f-d62e976508af] transferring FlowFile[416,98900050500410.mockFlowFile,13B] to 'success'
[pool-145-thread-1] INFO org.apache.nifi.processors.standard.ControlRate - ControlRate[id=000457d2-8d0c-4fc1-b63f-d62e976508af] transferring FlowFile[417,98900050516199.mockFlowFile,13B] to 'success'
[pool-145-thread-1] INFO org.apache.nifi.processors.standard.ControlRate - ControlRate[id=000457d2-8d0c-4fc1-b63f-d62e976508af] transferring FlowFile[418,98900050530963.mockFlowFile,13B] to 'success'
[pool-145-thread-1] INFO org.apache.nifi.processors.standard.ControlRate - ControlRate[id=000457d2-8d0c-4fc1-b63f-d62e976508af] transferring FlowFile[419,98900050547483.mockFlowFile,13B] to 'success'
[pool-145-thread-1] INFO org.apache.nifi.processors.standard.ControlRate - ControlRate[id=000457d2-8d0c-4fc1-b63f-d62e976508af] transferring FlowFile[420,98900050563268.mockFlowFile,13B] to 'success'
[pool-145-thread-1] INFO org.apache.nifi.processors.standard.ControlRate - ControlRate[id=000457d2-8d0c-4fc1-b63f-d62e976508af] transferring FlowFile[421,98900050578606.mockFlowFile,13B] to 'success'
[pool-145-thread-1] INFO org.apache.nifi.processors.standard.ControlRate - ControlRate[id=000457d2-8d0c-4fc1-b63f-d62e976508af] transferring FlowFile[422,98900050599149.mockFlowFile,13B] to 'success'
[pool-145-thread-1] INFO org.apache.nifi.processors.standard.ControlRate - ControlRate[id=000457d2-8d0c-4fc1-b63f-d62e976508af] transferring FlowFile[423,98900050618269.mockFlowFile,13B] to 'success'
[pool-145-thread-1] INFO org.apache.nifi.processors.standard.ControlRate - ControlRate[id=000457d2-8d0c-4fc1-b63f-d62e976508af] transferring FlowFile[424,98900050634525.mockFlowFile,13B] to 'success'
[pool-145-thread-1] INFO org.apache.nifi.processors.standard.ControlRate - ControlRate[id=000457d2-8d0c-4fc1-b63f-d62e976508af] transferring FlowFile[425,98900050650280.mockFlowFile,13B] to 'success'
[pool-145-thread-1] INFO org.apache.nifi.processors.standard.ControlRate - ControlRate[id=000457d2-8d0c-4fc1-b63f-d62e976508af] transferring FlowFile[426,98900050665231.mockFlowFile,13B] to 'success'
[pool-145-thread-1] INFO org.apache.nifi.processors.standard.ControlRate - ControlRate[id=000457d2-8d0c-4fc1-b63f-d62e976508af] transferring FlowFile[427,98900050680936.mockFlowFile,13B] to 'success'
[pool-145-thread-1] INFO org.apache.nifi.processors.standard.ControlRate - ControlRate[id=000457d2-8d0c-4fc1-b63f-d62e976508af] transferring FlowFile[428,98900050695871.mockFlowFile,13B] to 'success'
[pool-145-thread-1] INFO org.apache.nifi.processors.standard.ControlRate - ControlRate[id=000457d2-8d0c-4fc1-b63f-d62e976508af] transferring FlowFile[429,98900050711506.mockFlowFile,13B] to 'success'
[pool-145-thread-1] INFO org.apache.nifi.processors.standard.ControlRate - ControlRate[id=000457d2-8d0c-4fc1-b63f-d62e976508af] transferring FlowFile[430,98900050727392.mockFlowFile,13B] to 'success'
[pool-145-thread-1] INFO org.apache.nifi.processors.standard.ControlRate - ControlRate[id=000457d2-8d0c-4fc1-b63f-d62e976508af] transferring FlowFile[431,98900050746228.mockFlowFile,13B] to 'success'
[pool-145-thread-1] INFO org.apache.nifi.processors.standard.ControlRate - ControlRate[id=000457d2-8d0c-4fc1-b63f-d62e976508af] transferring FlowFile[432,98900050762469.mockFlowFile,13B] to 'success'
[pool-145-thread-1] INFO org.apache.nifi.processors.standard.ControlRate - ControlRate[id=000457d2-8d0c-4fc1-b63f-d62e976508af] transferring FlowFile[433,98900050778174.mockFlowFile,13B] to 'success'
[pool-145-thread-1] INFO org.apache.nifi.processors.standard.ControlRate - ControlRate[id=000457d2-8d0c-4fc1-b63f-d62e976508af] transferring FlowFile[434,98900050795612.mockFlowFile,13B] to 'success'
[pool-145-thread-1] INFO org.apache.nifi.processors.standard.ControlRate - ControlRate[id=000457d2-8d0c-4fc1-b63f-d62e976508af] transferring FlowFile[435,98900050819954.mockFlowFile,13B] to 'success'
[pool-145-thread-1] INFO org.apache.nifi.processors.standard.ControlRate - ControlRate[id=000457d2-8d0c-4fc1-b63f-d62e976508af] transferring FlowFile[436,98900050835020.mockFlowFile,13B] to 'success'
[pool-145-thread-1] INFO org.apache.nifi.processors.standard.ControlRate - ControlRate[id=000457d2-8d0c-4fc1-b63f-d62e976508af] transferring FlowFile[437,98900050850738.mockFlowFile,13B] to 'success'
[pool-145-thread-1] INFO org.apache.nifi.processors.standard.ControlRate - ControlRate[id=000457d2-8d0c-4fc1-b63f-d62e976508af] transferring FlowFile[438,98900050865432.mockFlowFile,13B] to 'success'
[pool-145-thread-1] INFO org.apache.nifi.processors.standard.ControlRate - ControlRate[id=000457d2-8d0c-4fc1-b63f-d62e976508af] transferring FlowFile[439,98900050884747.mockFlowFile,13B] to 'success'
[pool-145-thread-1] INFO org.apache.nifi.processors.standard.ControlRate - ControlRate[id=000457d2-8d0c-4fc1-b63f-d62e976508af] transferring FlowFile[440,98900050901016.mockFlowFile,13B] to 'success'
[pool-145-thread-1] INFO org.apache.nifi.processors.standard.ControlRate - ControlRate[id=000457d2-8d0c-4fc1-b63f-d62e976508af] transferring FlowFile[441,98900050928966.mockFlowFile,13B] to 'success'
[pool-145-thread-1] INFO org.apache.nifi.processors.standard.ControlRate - ControlRate[id=000457d2-8d0c-4fc1-b63f-d62e976508af] transferring FlowFile[442,98900050951118.mockFlowFile,13B] to 'success'
[pool-145-thread-1] INFO org.apache.nifi.processors.standard.ControlRate - ControlRate[id=000457d2-8d0c-4fc1-b63f-d62e976508af] transferring FlowFile[443,98900050966253.mockFlowFile,13B] to 'success'
[pool-145-thread-1] INFO org.apache.nifi.processors.standard.ControlRate - ControlRate[id=000457d2-8d0c-4fc1-b63f-d62e976508af] transferring FlowFile[444,98900050982069.mockFlowFile,13B] to 'success'
[pool-145-thread-1] INFO org.apache.nifi.processors.standard.ControlRate - ControlRate[id=000457d2-8d0c-4fc1-b63f-d62e976508af] transferring FlowFile[445,98900050997733.mockFlowFile,13B] to 'success'
[pool-145-thread-1] INFO org.apache.nifi.processors.standard.ControlRate - ControlRate[id=000457d2-8d0c-4fc1-b63f-d62e976508af] transferring FlowFile[446,98900051012637.mockFlowFile,13B] to 'success'
[pool-145-thread-1] INFO org.apache.nifi.processors.standard.ControlRate - ControlRate[id=000457d2-8d0c-4fc1-b63f-d62e976508af] transferring FlowFile[447,98900051032300.mockFlowFile,13B] to 'success'
[pool-145-thread-1] INFO org.apache.nifi.processors.standard.ControlRate - ControlRate[id=000457d2-8d0c-4fc1-b63f-d62e976508af] transferring FlowFile[448,98900051049002.mockFlowFile,13B] to 'success'
[pool-145-thread-1] INFO org.apache.nifi.processors.standard.ControlRate - ControlRate[id=000457d2-8d0c-4fc1-b63f-d62e976508af] transferring FlowFile[449,98900051065306.mockFlowFile,13B] to 'success'
[pool-145-thread-1] INFO org.apache.nifi.processors.standard.ControlRate - ControlRate[id=000457d2-8d0c-4fc1-b63f-d62e976508af] transferring FlowFile[450,98900051102231.mockFlowFile,13B] to 'success'
[pool-145-thread-1] INFO org.apache.nifi.processors.standard.ControlRate - ControlRate[id=000457d2-8d0c-4fc1-b63f-d62e976508af] transferring FlowFile[451,98900051126230.mockFlowFile,13B] to 'success'
[pool-145-thread-1] INFO org.apache.nifi.processors.standard.ControlRate - ControlRate[id=000457d2-8d0c-4fc1-b63f-d62e976508af] transferring FlowFile[452,98900051143736.mockFlowFile,13B] to 'success'
[pool-145-thread-1] INFO org.apache.nifi.processors.standard.ControlRate - ControlRate[id=000457d2-8d0c-4fc1-b63f-d62e976508af] transferring FlowFile[453,98900051159547.mockFlowFile,13B] to 'success'
[pool-145-thread-1] INFO org.apache.nifi.processors.standard.ControlRate - ControlRate[id=000457d2-8d0c-4fc1-b63f-d62e976508af] transferring FlowFile[454,98900051176399.mockFlowFile,13B] to 'success'
[pool-145-thread-1] INFO org.apache.nifi.processors.standard.ControlRate - ControlRate[id=000457d2-8d0c-4fc1-b63f-d62e976508af] transferring FlowFile[455,98900051197645.mockFlowFile,13B] to 'success'
[pool-145-thread-1] INFO org.apache.nifi.processors.standard.ControlRate - ControlRate[id=000457d2-8d0c-4fc1-b63f-d62e976508af] transferring FlowFile[456,98900051213806.mockFlowFile,13B] to 'success'
[pool-145-thread-1] INFO org.apache.nifi.processors.standard.ControlRate - ControlRate[id=000457d2-8d0c-4fc1-b63f-d62e976508af] transferring FlowFile[457,98900051229897.mockFlowFile,13B] to 'success'
[pool-145-thread-1] INFO org.apache.nifi.processors.standard.ControlRate - ControlRate[id=000457d2-8d0c-4fc1-b63f-d62e976508af] transferring FlowFile[458,98900051245355.mockFlowFile,13B] to 'success'
[pool-145-thread-1] INFO org.apache.nifi.processors.standard.ControlRate - ControlRate[id=000457d2-8d0c-4fc1-b63f-d62e976508af] transferring FlowFile[459,98900051261694.mockFlowFile,13B] to 'success'
[pool-145-thread-1] INFO org.apache.nifi.processors.standard.ControlRate - ControlRate[id=000457d2-8d0c-4fc1-b63f-d62e976508af] transferring FlowFile[460,98900051278177.mockFlowFile,13B] to 'success'
[pool-145-thread-1] INFO org.apache.nifi.processors.standard.ControlRate - ControlRate[id=000457d2-8d0c-4fc1-b63f-d62e976508af] transferring FlowFile[461,98900051293488.mockFlowFile,13B] to 'success'
[pool-145-thread-1] INFO org.apache.nifi.processors.standard.ControlRate - ControlRate[id=000457d2-8d0c-4fc1-b63f-d62e976508af] transferring FlowFile[462,98900051310004.mockFlowFile,13B] to 'success'
[pool-145-thread-1] INFO org.apache.nifi.processors.standard.ControlRate - ControlRate[id=000457d2-8d0c-4fc1-b63f-d62e976508af] transferring FlowFile[463,98900051329145.mockFlowFile,13B] to 'success'
[pool-145-thread-1] INFO org.apache.nifi.processors.standard.ControlRate - ControlRate[id=000457d2-8d0c-4fc1-b63f-d62e976508af] transferring FlowFile[464,98900051346271.mockFlowFile,13B] to 'success'
[pool-145-thread-1] INFO org.apache.nifi.processors.standard.ControlRate - ControlRate[id=000457d2-8d0c-4fc1-b63f-d62e976508af] transferring FlowFile[465,98900051362599.mockFlowFile,13B] to 'success'
[pool-145-thread-1] INFO org.apache.nifi.processors.standard.ControlRate - ControlRate[id=000457d2-8d0c-4fc1-b63f-d62e976508af] transferring FlowFile[466,98900051377737.mockFlowFile,13B] to 'success'
[pool-145-thread-1] INFO org.apache.nifi.processors.standard.ControlRate - ControlRate[id=000457d2-8d0c-4fc1-b63f-d62e976508af] transferring FlowFile[467,98900051393616.mockFlowFile,13B] to 'success'
[pool-145-thread-1] INFO org.apache.nifi.processors.standard.ControlRate - ControlRate[id=000457d2-8d0c-4fc1-b63f-d62e976508af] transferring FlowFile[468,98900051408470.mockFlowFile,13B] to 'success'
[pool-145-thread-1] INFO org.apache.nifi.processors.standard.ControlRate - ControlRate[id=000457d2-8d0c-4fc1-b63f-d62e976508af] transferring FlowFile[469,98900051425094.mockFlowFile,13B] to 'success'
[pool-145-thread-1] INFO org.apache.nifi.processors.standard.ControlRate - ControlRate[id=000457d2-8d0c-4fc1-b63f-d62e976508af] transferring FlowFile[470,98900051441019.mockFlowFile,13B] to 'success'
[pool-145-thread-1] INFO org.apache.nifi.processors.standard.ControlRate - ControlRate[id=000457d2-8d0c-4fc1-b63f-d62e976508af] transferring FlowFile[471,98900051459571.mockFlowFile,13B] to 'success'
[pool-145-thread-1] INFO org.apache.nifi.processors.standard.ControlRate - ControlRate[id=000457d2-8d0c-4fc1-b63f-d62e976508af] transferring FlowFile[472,98900051475646.mockFlowFile,13B] to 'success'
[pool-145-thread-1] INFO org.apache.nifi.processors.standard.ControlRate - ControlRate[id=000457d2-8d0c-4fc1-b63f-d62e976508af] transferring FlowFile[473,98900051491241.mockFlowFile,13B] to 'success'
[pool-145-thread-1] INFO org.apache.nifi.processors.standard.ControlRate - ControlRate[id=000457d2-8d0c-4fc1-b63f-d62e976508af] transferring FlowFile[474,98900051512685.mockFlowFile,13B] to 'success'
[pool-145-thread-1] INFO org.apache.nifi.processors.standard.ControlRate - ControlRate[id=000457d2-8d0c-4fc1-b63f-d62e976508af] transferring FlowFile[475,98900051536416.mockFlowFile,13B] to 'success'
[pool-145-thread-1] INFO org.apache.nifi.processors.standard.ControlRate - ControlRate[id=000457d2-8d0c-4fc1-b63f-d62e976508af] transferring FlowFile[476,98900051552203.mockFlowFile,13B] to 'success'
[pool-145-thread-1] INFO org.apache.nifi.processors.standard.ControlRate - ControlRate[id=000457d2-8d0c-4fc1-b63f-d62e976508af] transferring FlowFile[477,98900051568318.mockFlowFile,13B] to 'success'
[pool-145-thread-1] INFO org.apache.nifi.processors.standard.ControlRate - ControlRate[id=000457d2-8d0c-4fc1-b63f-d62e976508af] transferring FlowFile[478,98900051583575.mockFlowFile,13B] to 'success'
[pool-145-thread-1] INFO org.apache.nifi.processors.standard.ControlRate - ControlRate[id=000457d2-8d0c-4fc1-b63f-d62e976508af] transferring FlowFile[479,98900051605439.mockFlowFile,13B] to 'success'
[pool-145-thread-1] INFO org.apache.nifi.processors.standard.ControlRate - ControlRate[id=000457d2-8d0c-4fc1-b63f-d62e976508af] transferring FlowFile[480,98900051644566.mockFlowFile,13B] to 'success'
[pool-145-thread-1] INFO org.apache.nifi.processors.standard.ControlRate - ControlRate[id=000457d2-8d0c-4fc1-b63f-d62e976508af] transferring FlowFile[481,98900051661275.mockFlowFile,13B] to 'success'
[pool-145-thread-1] INFO org.apache.nifi.processors.standard.ControlRate - ControlRate[id=000457d2-8d0c-4fc1-b63f-d62e976508af] transferring FlowFile[482,98900051678344.mockFlowFile,13B] to 'success'
[pool-145-thread-1] INFO org.apache.nifi.processors.standard.ControlRate - ControlRate[id=000457d2-8d0c-4fc1-b63f-d62e976508af] transferring FlowFile[483,98900051693612.mockFlowFile,13B] to 'success'
[pool-145-thread-1] INFO org.apache.nifi.processors.standard.ControlRate - ControlRate[id=000457d2-8d0c-4fc1-b63f-d62e976508af] transferring FlowFile[484,98900051709534.mockFlowFile,13B] to 'success'
[pool-145-thread-1] INFO org.apache.nifi.processors.standard.ControlRate - ControlRate[id=000457d2-8d0c-4fc1-b63f-d62e976508af] transferring FlowFile[485,98900051726466.mockFlowFile,13B] to 'success'
[pool-145-thread-1] INFO org.apache.nifi.processors.standard.ControlRate - ControlRate[id=000457d2-8d0c-4fc1-b63f-d62e976508af] transferring FlowFile[486,98900051742496.mockFlowFile,13B] to 'success'
[pool-145-thread-1] INFO org.apache.nifi.processors.standard.ControlRate - ControlRate[id=000457d2-8d0c-4fc1-b63f-d62e976508af] transferring FlowFile[487,98900051762997.mockFlowFile,13B] to 'success'
[pool-145-thread-1] INFO org.apache.nifi.processors.standard.ControlRate - ControlRate[id=000457d2-8d0c-4fc1-b63f-d62e976508af] transferring FlowFile[488,98900051778451.mockFlowFile,13B] to 'success'
[pool-145-thread-1] INFO org.apache.nifi.processors.standard.ControlRate - ControlRate[id=000457d2-8d0c-4fc1-b63f-d62e976508af] transferring FlowFile[489,98900051794722.mockFlowFile,13B] to 'success'
[pool-145-thread-1] INFO org.apache.nifi.processors.standard.ControlRate - ControlRate[id=000457d2-8d0c-4fc1-b63f-d62e976508af] transferring FlowFile[490,98900051811066.mockFlowFile,13B] to 'success'
[pool-145-thread-1] INFO org.apache.nifi.processors.standard.ControlRate - ControlRate[id=000457d2-8d0c-4fc1-b63f-d62e976508af] transferring FlowFile[491,98900051826550.mockFlowFile,13B] to 'success'
[pool-145-thread-1] INFO org.apache.nifi.processors.standard.ControlRate - ControlRate[id=000457d2-8d0c-4fc1-b63f-d62e976508af] transferring FlowFile[492,98900051842528.mockFlowFile,13B] to 'success'
[pool-145-thread-1] INFO org.apache.nifi.processors.standard.ControlRate - ControlRate[id=000457d2-8d0c-4fc1-b63f-d62e976508af] transferring FlowFile[493,98900051857640.mockFlowFile,13B] to 'success'
[pool-145-thread-1] INFO org.apache.nifi.processors.standard.ControlRate - ControlRate[id=000457d2-8d0c-4fc1-b63f-d62e976508af] transferring FlowFile[494,98900051872458.mockFlowFile,13B] to 'success'
[pool-145-thread-1] INFO org.apache.nifi.processors.standard.ControlRate - ControlRate[id=000457d2-8d0c-4fc1-b63f-d62e976508af] transferring FlowFile[495,98900051891769.mockFlowFile,13B] to 'success'
[pool-145-thread-1] INFO org.apache.nifi.processors.standard.ControlRate - ControlRate[id=000457d2-8d0c-4fc1-b63f-d62e976508af] transferring FlowFile[496,98900051905810.mockFlowFile,13B] to 'success'
[pool-145-thread-1] INFO org.apache.nifi.processors.standard.ControlRate - ControlRate[id=000457d2-8d0c-4fc1-b63f-d62e976508af] transferring FlowFile[497,98900051920387.mockFlowFile,13B] to 'success'
[pool-145-thread-1] INFO org.apache.nifi.processors.standard.ControlRate - ControlRate[id=000457d2-8d0c-4fc1-b63f-d62e976508af] transferring FlowFile[498,98900051934268.mockFlowFile,13B] to 'success'
[pool-145-thread-1] INFO org.apache.nifi.processors.standard.ControlRate - ControlRate[id=000457d2-8d0c-4fc1-b63f-d62e976508af] transferring FlowFile[499,98900051949189.mockFlowFile,13B] to 'success'
[pool-145-thread-1] INFO org.apache.nifi.processors.standard.ControlRate - ControlRate[id=000457d2-8d0c-4fc1-b63f-d62e976508af] transferring FlowFile[500,98900051963807.mockFlowFile,13B] to 'success'
[pool-145-thread-1] INFO org.apache.nifi.processors.standard.ControlRate - ControlRate[id=000457d2-8d0c-4fc1-b63f-d62e976508af] transferring FlowFile[501,98900051977549.mockFlowFile,13B] to 'success'
[pool-145-thread-1] INFO org.apache.nifi.processors.standard.ControlRate - ControlRate[id=000457d2-8d0c-4fc1-b63f-d62e976508af] transferring FlowFile[502,98900051992397.mockFlowFile,13B] to 'success'
[pool-145-thread-1] INFO org.apache.nifi.processors.standard.ControlRate - ControlRate[id=000457d2-8d0c-4fc1-b63f-d62e976508af] transferring FlowFile[503,98900052024120.mockFlowFile,13B] to 'success'
[pool-145-thread-1] INFO org.apache.nifi.processors.standard.ControlRate - ControlRate[id=000457d2-8d0c-4fc1-b63f-d62e976508af] transferring FlowFile[504,98900052040513.mockFlowFile,13B] to 'success'
[pool-145-thread-1] INFO org.apache.nifi.processors.standard.ControlRate - ControlRate[id=000457d2-8d0c-4fc1-b63f-d62e976508af] transferring FlowFile[505,98900052054837.mockFlowFile,13B] to 'success'
[pool-145-thread-1] INFO org.apache.nifi.processors.standard.ControlRate - ControlRate[id=000457d2-8d0c-4fc1-b63f-d62e976508af] transferring FlowFile[506,98900052069269.mockFlowFile,13B] to 'success'
[pool-145-thread-1] INFO org.apache.nifi.processors.standard.ControlRate - ControlRate[id=000457d2-8d0c-4fc1-b63f-d62e976508af] transferring FlowFile[507,98900052083869.mockFlowFile,13B] to 'success'
[pool-145-thread-1] INFO org.apache.nifi.processors.standard.ControlRate - ControlRate[id=000457d2-8d0c-4fc1-b63f-d62e976508af] transferring FlowFile[508,98900052142700.mockFlowFile,13B] to 'success'
[pool-145-thread-1] INFO org.apache.nifi.processors.standard.ControlRate - ControlRate[id=000457d2-8d0c-4fc1-b63f-d62e976508af] transferring FlowFile[509,98900052159554.mockFlowFile,13B] to 'success'
[pool-145-thread-1] INFO org.apache.nifi.processors.standard.ControlRate - ControlRate[id=000457d2-8d0c-4fc1-b63f-d62e976508af] transferring FlowFile[510,98900052175149.mockFlowFile,13B] to 'success'
[pool-145-thread-1] INFO org.apache.nifi.processors.standard.ControlRate - ControlRate[id=000457d2-8d0c-4fc1-b63f-d62e976508af] transferring FlowFile[511,98900052196545.mockFlowFile,13B] to 'success'
[pool-145-thread-1] INFO org.apache.nifi.processors.standard.ControlRate - ControlRate[id=000457d2-8d0c-4fc1-b63f-d62e976508af] transferring FlowFile[512,98900052212188.mockFlowFile,13B] to 'success'
[pool-145-thread-1] INFO org.apache.nifi.processors.standard.ControlRate - ControlRate[id=000457d2-8d0c-4fc1-b63f-d62e976508af] transferring FlowFile[513,98900052226174.mockFlowFile,13B] to 'success'
[pool-145-thread-1] INFO org.apache.nifi.processors.standard.ControlRate - ControlRate[id=000457d2-8d0c-4fc1-b63f-d62e976508af] transferring FlowFile[514,98900052240940.mockFlowFile,13B] to 'success'
[pool-145-thread-1] INFO org.apache.nifi.processors.standard.ControlRate - ControlRate[id=000457d2-8d0c-4fc1-b63f-d62e976508af] transferring FlowFile[515,98900052255620.mockFlowFile,13B] to 'success'
[pool-145-thread-1] INFO org.apache.nifi.processors.standard.ControlRate - ControlRate[id=000457d2-8d0c-4fc1-b63f-d62e976508af] transferring FlowFile[516,98900052269215.mockFlowFile,13B] to 'success'
[pool-145-thread-1] INFO org.apache.nifi.processors.standard.ControlRate - ControlRate[id=000457d2-8d0c-4fc1-b63f-d62e976508af] transferring FlowFile[517,98900052283354.mockFlowFile,13B] to 'success'
[pool-145-thread-1] INFO org.apache.nifi.processors.standard.ControlRate - ControlRate[id=000457d2-8d0c-4fc1-b63f-d62e976508af] transferring FlowFile[518,98900052297253.mockFlowFile,13B] to 'success'
[pool-145-thread-1] INFO org.apache.nifi.processors.standard.ControlRate - ControlRate[id=000457d2-8d0c-4fc1-b63f-d62e976508af] transferring FlowFile[519,98900052315773.mockFlowFile,13B] to 'success'
[pool-145-thread-1] INFO org.apache.nifi.processors.standard.ControlRate - ControlRate[id=000457d2-8d0c-4fc1-b63f-d62e976508af] transferring FlowFile[520,98900052330749.mockFlowFile,13B] to 'success'
[pool-145-thread-1] INFO org.apache.nifi.processors.standard.ControlRate - ControlRate[id=000457d2-8d0c-4fc1-b63f-d62e976508af] transferring FlowFile[521,98900052361996.mockFlowFile,13B] to 'success'
[pool-145-thread-1] INFO org.apache.nifi.processors.standard.ControlRate - ControlRate[id=000457d2-8d0c-4fc1-b63f-d62e976508af] transferring FlowFile[522,98900052380911.mockFlowFile,13B] to 'success'
[pool-145-thread-1] INFO org.apache.nifi.processors.standard.ControlRate - ControlRate[id=000457d2-8d0c-4fc1-b63f-d62e976508af] transferring FlowFile[523,98900052394844.mockFlowFile,13B] to 'success'
[pool-145-thread-1] INFO org.apache.nifi.processors.standard.ControlRate - ControlRate[id=000457d2-8d0c-4fc1-b63f-d62e976508af] transferring FlowFile[524,98900052409266.mockFlowFile,13B] to 'success'
[pool-145-thread-1] INFO org.apache.nifi.processors.standard.ControlRate - ControlRate[id=000457d2-8d0c-4fc1-b63f-d62e976508af] transferring FlowFile[525,98900052423698.mockFlowFile,13B] to 'success'
[pool-145-thread-1] INFO org.apache.nifi.processors.standard.ControlRate - ControlRate[id=000457d2-8d0c-4fc1-b63f-d62e976508af] transferring FlowFile[526,98900052437132.mockFlowFile,13B] to 'success'
[pool-145-thread-1] INFO org.apache.nifi.processors.standard.ControlRate - ControlRate[id=000457d2-8d0c-4fc1-b63f-d62e976508af] transferring FlowFile[527,98900052456167.mockFlowFile,13B] to 'success'
[pool-145-thread-1] INFO org.apache.nifi.processors.standard.ControlRate - ControlRate[id=000457d2-8d0c-4fc1-b63f-d62e976508af] transferring FlowFile[528,98900052470422.mockFlowFile,13B] to 'success'
[pool-145-thread-1] INFO org.apache.nifi.processors.standard.ControlRate - ControlRate[id=000457d2-8d0c-4fc1-b63f-d62e976508af] transferring FlowFile[529,98900052485018.mockFlowFile,13B] to 'success'
[pool-145-thread-1] INFO org.apache.nifi.processors.standard.ControlRate - ControlRate[id=000457d2-8d0c-4fc1-b63f-d62e976508af] transferring FlowFile[530,98900052499328.mockFlowFile,13B] to 'success'
[pool-145-thread-1] INFO org.apache.nifi.processors.standard.ControlRate - ControlRate[id=000457d2-8d0c-4fc1-b63f-d62e976508af] transferring FlowFile[531,98900052513025.mockFlowFile,13B] to 'success'
[pool-145-thread-1] INFO org.apache.nifi.processors.standard.ControlRate - ControlRate[id=000457d2-8d0c-4fc1-b63f-d62e976508af] transferring FlowFile[532,98900052527479.mockFlowFile,13B] to 'success'
[pool-145-thread-1] INFO org.apache.nifi.processors.standard.ControlRate - ControlRate[id=000457d2-8d0c-4fc1-b63f-d62e976508af] transferring FlowFile[533,98900052540920.mockFlowFile,13B] to 'success'
[pool-145-thread-1] INFO org.apache.nifi.processors.standard.ControlRate - ControlRate[id=000457d2-8d0c-4fc1-b63f-d62e976508af] transferring FlowFile[534,98900052557156.mockFlowFile,13B] to 'success'
[pool-145-thread-1] INFO org.apache.nifi.processors.standard.ControlRate - ControlRate[id=000457d2-8d0c-4fc1-b63f-d62e976508af] transferring FlowFile[535,98900052575332.mockFlowFile,13B] to 'success'
[pool-145-thread-1] INFO org.apache.nifi.processors.standard.ControlRate - ControlRate[id=000457d2-8d0c-4fc1-b63f-d62e976508af] transferring FlowFile[536,98900052589143.mockFlowFile,13B] to 'success'
[pool-145-thread-1] INFO org.apache.nifi.processors.standard.ControlRate - ControlRate[id=000457d2-8d0c-4fc1-b63f-d62e976508af] transferring FlowFile[537,98900052603656.mockFlowFile,13B] to 'success'
[pool-145-thread-1] INFO org.apache.nifi.processors.standard.ControlRate - ControlRate[id=000457d2-8d0c-4fc1-b63f-d62e976508af] transferring FlowFile[538,98900052618024.mockFlowFile,13B] to 'success'
[pool-145-thread-1] INFO org.apache.nifi.processors.standard.ControlRate - ControlRate[id=000457d2-8d0c-4fc1-b63f-d62e976508af] transferring FlowFile[539,98900052632306.mockFlowFile,13B] to 'success'
[pool-145-thread-1] INFO org.apache.nifi.processors.standard.ControlRate - ControlRate[id=000457d2-8d0c-4fc1-b63f-d62e976508af] transferring FlowFile[540,98900052646908.mockFlowFile,13B] to 'success'
[pool-145-thread-1] INFO org.apache.nifi.processors.standard.ControlRate - ControlRate[id=000457d2-8d0c-4fc1-b63f-d62e976508af] transferring FlowFile[541,98900052660405.mockFlowFile,13B] to 'success'
[pool-145-thread-1] INFO org.apache.nifi.processors.standard.ControlRate - ControlRate[id=000457d2-8d0c-4fc1-b63f-d62e976508af] transferring FlowFile[542,98900052679119.mockFlowFile,13B] to 'success'
[pool-145-thread-1] INFO org.apache.nifi.processors.standard.ControlRate - ControlRate[id=000457d2-8d0c-4fc1-b63f-d62e976508af] transferring FlowFile[543,98900052696851.mockFlowFile,13B] to 'success'
[pool-145-thread-1] INFO org.apache.nifi.processors.standard.ControlRate - ControlRate[id=000457d2-8d0c-4fc1-b63f-d62e976508af] transferring FlowFile[544,98900052711873.mockFlowFile,13B] to 'success'
[pool-145-thread-1] INFO org.apache.nifi.processors.standard.ControlRate - ControlRate[id=000457d2-8d0c-4fc1-b63f-d62e976508af] transferring FlowFile[545,98900052726026.mockFlowFile,13B] to 'success'
[pool-145-thread-1] INFO org.apache.nifi.processors.standard.ControlRate - ControlRate[id=000457d2-8d0c-4fc1-b63f-d62e976508af] transferring FlowFile[546,98900052739748.mockFlowFile,13B] to 'success'
[pool-145-thread-1] INFO org.apache.nifi.processors.standard.ControlRate - ControlRate[id=000457d2-8d0c-4fc1-b63f-d62e976508af] transferring FlowFile[547,98900052754672.mockFlowFile,13B] to 'success'
[pool-145-thread-1] INFO org.apache.nifi.processors.standard.ControlRate - ControlRate[id=000457d2-8d0c-4fc1-b63f-d62e976508af] transferring FlowFile[548,98900052768088.mockFlowFile,13B] to 'success'
[pool-145-thread-1] INFO org.apache.nifi.processors.standard.ControlRate - ControlRate[id=000457d2-8d0c-4fc1-b63f-d62e976508af] transferring FlowFile[549,98900052783095.mockFlowFile,13B] to 'success'
[pool-145-thread-1] INFO org.apache.nifi.processors.standard.ControlRate - ControlRate[id=000457d2-8d0c-4fc1-b63f-d62e976508af] transferring FlowFile[550,98900052798584.mockFlowFile,13B] to 'success'
[pool-145-thread-1] INFO org.apache.nifi.processors.standard.ControlRate - ControlRate[id=000457d2-8d0c-4fc1-b63f-d62e976508af] transferring FlowFile[551,98900052815752.mockFlowFile,13B] to 'success'
[pool-145-thread-1] INFO org.apache.nifi.processors.standard.ControlRate - ControlRate[id=000457d2-8d0c-4fc1-b63f-d62e976508af] transferring FlowFile[552,98900052830516.mockFlowFile,13B] to 'success'
[pool-145-thread-1] INFO org.apache.nifi.processors.standard.ControlRate - ControlRate[id=000457d2-8d0c-4fc1-b63f-d62e976508af] transferring FlowFile[553,98900052844248.mockFlowFile,13B] to 'success'
[pool-145-thread-1] INFO org.apache.nifi.processors.standard.ControlRate - ControlRate[id=000457d2-8d0c-4fc1-b63f-d62e976508af] transferring FlowFile[554,98900052859459.mockFlowFile,13B] to 'success'
[pool-145-thread-1] INFO org.apache.nifi.processors.standard.ControlRate - ControlRate[id=000457d2-8d0c-4fc1-b63f-d62e976508af] transferring FlowFile[555,98900052873572.mockFlowFile,13B] to 'success'
[pool-145-thread-1] INFO org.apache.nifi.processors.standard.ControlRate - ControlRate[id=000457d2-8d0c-4fc1-b63f-d62e976508af] transferring FlowFile[556,98900052886918.mockFlowFile,13B] to 'success'
[pool-145-thread-1] INFO org.apache.nifi.processors.standard.ControlRate - ControlRate[id=000457d2-8d0c-4fc1-b63f-d62e976508af] transferring FlowFile[557,98900052901295.mockFlowFile,13B] to 'success'
[pool-145-thread-1] INFO org.apache.nifi.processors.standard.ControlRate - ControlRate[id=000457d2-8d0c-4fc1-b63f-d62e976508af] transferring FlowFile[558,98900052915182.mockFlowFile,13B] to 'success'
[pool-145-thread-1] INFO org.apache.nifi.processors.standard.ControlRate - ControlRate[id=000457d2-8d0c-4fc1-b63f-d62e976508af] transferring FlowFile[559,98900052933222.mockFlowFile,13B] to 'success'
[pool-145-thread-1] INFO org.apache.nifi.processors.standard.ControlRate - ControlRate[id=000457d2-8d0c-4fc1-b63f-d62e976508af] transferring FlowFile[560,98900052948179.mockFlowFile,13B] to 'success'
[pool-145-thread-1] INFO org.apache.nifi.processors.standard.ControlRate - ControlRate[id=000457d2-8d0c-4fc1-b63f-d62e976508af] transferring FlowFile[561,98900053033387.mockFlowFile,13B] to 'success'
[pool-145-thread-1] INFO org.apache.nifi.processors.standard.ControlRate - ControlRate[id=000457d2-8d0c-4fc1-b63f-d62e976508af] transferring FlowFile[562,98900053061432.mockFlowFile,13B] to 'success'
[pool-145-thread-1] INFO org.apache.nifi.processors.standard.ControlRate - ControlRate[id=000457d2-8d0c-4fc1-b63f-d62e976508af] transferring FlowFile[563,98900053075709.mockFlowFile,13B] to 'success'
[pool-145-thread-1] INFO org.apache.nifi.processors.standard.ControlRate - ControlRate[id=000457d2-8d0c-4fc1-b63f-d62e976508af] transferring FlowFile[564,98900053090175.mockFlowFile,13B] to 'success'
[pool-145-thread-1] INFO org.apache.nifi.processors.standard.ControlRate - ControlRate[id=000457d2-8d0c-4fc1-b63f-d62e976508af] transferring FlowFile[565,98900053140542.mockFlowFile,13B] to 'success'
[pool-145-thread-1] INFO org.apache.nifi.processors.standard.ControlRate - ControlRate[id=000457d2-8d0c-4fc1-b63f-d62e976508af] transferring FlowFile[566,98900053155387.mockFlowFile,13B] to 'success'
[pool-145-thread-1] INFO org.apache.nifi.processors.standard.ControlRate - ControlRate[id=000457d2-8d0c-4fc1-b63f-d62e976508af] transferring FlowFile[567,98900053176540.mockFlowFile,13B] to 'success'
[pool-145-thread-1] INFO org.apache.nifi.processors.standard.ControlRate - ControlRate[id=000457d2-8d0c-4fc1-b63f-d62e976508af] transferring FlowFile[568,98900053190410.mockFlowFile,13B] to 'success'
[pool-145-thread-1] INFO org.apache.nifi.processors.standard.ControlRate - ControlRate[id=000457d2-8d0c-4fc1-b63f-d62e976508af] transferring FlowFile[569,98900053205080.mockFlowFile,13B] to 'success'
[pool-145-thread-1] INFO org.apache.nifi.processors.standard.ControlRate - ControlRate[id=000457d2-8d0c-4fc1-b63f-d62e976508af] transferring FlowFile[570,98900053219743.mockFlowFile,13B] to 'success'
[pool-145-thread-1] INFO org.apache.nifi.processors.standard.ControlRate - ControlRate[id=000457d2-8d0c-4fc1-b63f-d62e976508af] transferring FlowFile[571,98900053233456.mockFlowFile,13B] to 'success'
[pool-145-thread-1] INFO org.apache.nifi.processors.standard.ControlRate - ControlRate[id=000457d2-8d0c-4fc1-b63f-d62e976508af] transferring FlowFile[572,98900053248297.mockFlowFile,13B] to 'success'
[pool-145-thread-1] INFO org.apache.nifi.processors.standard.ControlRate - ControlRate[id=000457d2-8d0c-4fc1-b63f-d62e976508af] transferring FlowFile[573,98900053262120.mockFlowFile,13B] to 'success'
[pool-145-thread-1] INFO org.apache.nifi.processors.standard.ControlRate - ControlRate[id=000457d2-8d0c-4fc1-b63f-d62e976508af] transferring FlowFile[574,98900053276633.mockFlowFile,13B] to 'success'
[pool-145-thread-1] INFO org.apache.nifi.processors.standard.ControlRate - ControlRate[id=000457d2-8d0c-4fc1-b63f-d62e976508af] transferring FlowFile[575,98900053300294.mockFlowFile,13B] to 'success'
[pool-145-thread-1] INFO org.apache.nifi.processors.standard.ControlRate - ControlRate[id=000457d2-8d0c-4fc1-b63f-d62e976508af] transferring FlowFile[576,98900053315017.mockFlowFile,13B] to 'success'
[pool-145-thread-1] INFO org.apache.nifi.processors.standard.ControlRate - ControlRate[id=000457d2-8d0c-4fc1-b63f-d62e976508af] transferring FlowFile[577,98900053329806.mockFlowFile,13B] to 'success'
[pool-145-thread-1] INFO org.apache.nifi.processors.standard.ControlRate - ControlRate[id=000457d2-8d0c-4fc1-b63f-d62e976508af] transferring FlowFile[578,98900053345327.mockFlowFile,13B] to 'success'
[pool-145-thread-1] INFO org.apache.nifi.processors.standard.ControlRate - ControlRate[id=000457d2-8d0c-4fc1-b63f-d62e976508af] transferring FlowFile[579,98900053365118.mockFlowFile,13B] to 'success'
[pool-145-thread-1] INFO org.apache.nifi.processors.standard.ControlRate - ControlRate[id=000457d2-8d0c-4fc1-b63f-d62e976508af] transferring FlowFile[580,98900053379945.mockFlowFile,13B] to 'success'
[pool-145-thread-1] INFO org.apache.nifi.processors.standard.ControlRate - ControlRate[id=000457d2-8d0c-4fc1-b63f-d62e976508af] transferring FlowFile[581,98900053393500.mockFlowFile,13B] to 'success'
[pool-145-thread-1] INFO org.apache.nifi.processors.standard.ControlRate - ControlRate[id=000457d2-8d0c-4fc1-b63f-d62e976508af] transferring FlowFile[582,98900053407797.mockFlowFile,13B] to 'success'
[pool-145-thread-1] INFO org.apache.nifi.processors.standard.ControlRate - ControlRate[id=000457d2-8d0c-4fc1-b63f-d62e976508af] transferring FlowFile[583,98900053424989.mockFlowFile,13B] to 'success'
[pool-145-thread-1] INFO org.apache.nifi.processors.standard.ControlRate - ControlRate[id=000457d2-8d0c-4fc1-b63f-d62e976508af] transferring FlowFile[584,98900053439757.mockFlowFile,13B] to 'success'
[pool-145-thread-1] INFO org.apache.nifi.processors.standard.ControlRate - ControlRate[id=000457d2-8d0c-4fc1-b63f-d62e976508af] transferring FlowFile[585,98900053454703.mockFlowFile,13B] to 'success'
[pool-145-thread-1] INFO org.apache.nifi.processors.standard.ControlRate - ControlRate[id=000457d2-8d0c-4fc1-b63f-d62e976508af] transferring FlowFile[586,98900053468471.mockFlowFile,13B] to 'success'
[pool-145-thread-1] INFO org.apache.nifi.processors.standard.ControlRate - ControlRate[id=000457d2-8d0c-4fc1-b63f-d62e976508af] transferring FlowFile[587,98900053483093.mockFlowFile,13B] to 'success'
[pool-145-thread-1] INFO org.apache.nifi.processors.standard.ControlRate - ControlRate[id=000457d2-8d0c-4fc1-b63f-d62e976508af] transferring FlowFile[588,98900053496565.mockFlowFile,13B] to 'success'
[pool-145-thread-1] INFO org.apache.nifi.processors.standard.ControlRate - ControlRate[id=000457d2-8d0c-4fc1-b63f-d62e976508af] transferring FlowFile[589,98900053511617.mockFlowFile,13B] to 'success'
[pool-145-thread-1] INFO org.apache.nifi.processors.standard.ControlRate - ControlRate[id=000457d2-8d0c-4fc1-b63f-d62e976508af] transferring FlowFile[590,98900053527038.mockFlowFile,13B] to 'success'
[pool-145-thread-1] INFO org.apache.nifi.processors.standard.ControlRate - ControlRate[id=000457d2-8d0c-4fc1-b63f-d62e976508af] transferring FlowFile[591,98900053545456.mockFlowFile,13B] to 'success'
[pool-145-thread-1] INFO org.apache.nifi.processors.standard.ControlRate - ControlRate[id=000457d2-8d0c-4fc1-b63f-d62e976508af] transferring FlowFile[592,98900053560248.mockFlowFile,13B] to 'success'
[pool-145-thread-1] INFO org.apache.nifi.processors.standard.ControlRate - ControlRate[id=000457d2-8d0c-4fc1-b63f-d62e976508af] transferring FlowFile[593,98900053574267.mockFlowFile,13B] to 'success'
[pool-145-thread-1] INFO org.apache.nifi.processors.standard.ControlRate - ControlRate[id=000457d2-8d0c-4fc1-b63f-d62e976508af] transferring FlowFile[594,98900053589167.mockFlowFile,13B] to 'success'
[pool-145-thread-1] INFO org.apache.nifi.processors.standard.ControlRate - ControlRate[id=000457d2-8d0c-4fc1-b63f-d62e976508af] transferring FlowFile[595,98900053623047.mockFlowFile,13B] to 'success'
[pool-145-thread-1] INFO org.apache.nifi.processors.standard.ControlRate - ControlRate[id=000457d2-8d0c-4fc1-b63f-d62e976508af] transferring FlowFile[596,98900053646569.mockFlowFile,13B] to 'success'
[pool-145-thread-1] INFO org.apache.nifi.processors.standard.ControlRate - ControlRate[id=000457d2-8d0c-4fc1-b63f-d62e976508af] transferring FlowFile[597,98900053664223.mockFlowFile,13B] to 'success'
[pool-145-thread-1] INFO org.apache.nifi.processors.standard.ControlRate - ControlRate[id=000457d2-8d0c-4fc1-b63f-d62e976508af] transferring FlowFile[598,98900053678319.mockFlowFile,13B] to 'success'
[pool-145-thread-1] INFO org.apache.nifi.processors.standard.ControlRate - ControlRate[id=000457d2-8d0c-4fc1-b63f-d62e976508af] transferring FlowFile[599,98900053697479.mockFlowFile,13B] to 'success'
[pool-145-thread-1] INFO org.apache.nifi.processors.standard.ControlRate - ControlRate[id=000457d2-8d0c-4fc1-b63f-d62e976508af] transferring FlowFile[600,98900053712676.mockFlowFile,13B] to 'success'
[pool-145-thread-1] INFO org.apache.nifi.processors.standard.ControlRate - ControlRate[id=000457d2-8d0c-4fc1-b63f-d62e976508af] transferring FlowFile[601,98900053726741.mockFlowFile,13B] to 'success'
[pool-145-thread-1] INFO org.apache.nifi.processors.standard.ControlRate - ControlRate[id=000457d2-8d0c-4fc1-b63f-d62e976508af] transferring FlowFile[602,98900053742983.mockFlowFile,13B] to 'success'
[pool-145-thread-1] INFO org.apache.nifi.processors.standard.ControlRate - ControlRate[id=000457d2-8d0c-4fc1-b63f-d62e976508af] transferring FlowFile[603,98900053757335.mockFlowFile,13B] to 'success'
[pool-145-thread-1] INFO org.apache.nifi.processors.standard.ControlRate - ControlRate[id=000457d2-8d0c-4fc1-b63f-d62e976508af] transferring FlowFile[604,98900053773474.mockFlowFile,13B] to 'success'
[pool-145-thread-1] INFO org.apache.nifi.processors.standard.ControlRate - ControlRate[id=000457d2-8d0c-4fc1-b63f-d62e976508af] transferring FlowFile[605,98900053790179.mockFlowFile,13B] to 'success'
[pool-145-thread-1] INFO org.apache.nifi.processors.standard.ControlRate - ControlRate[id=000457d2-8d0c-4fc1-b63f-d62e976508af] transferring FlowFile[606,98900053805512.mockFlowFile,13B] to 'success'
[pool-145-thread-1] INFO org.apache.nifi.processors.standard.ControlRate - ControlRate[id=000457d2-8d0c-4fc1-b63f-d62e976508af] transferring FlowFile[607,98900053826595.mockFlowFile,13B] to 'success'
[pool-145-thread-1] INFO org.apache.nifi.processors.standard.ControlRate - ControlRate[id=000457d2-8d0c-4fc1-b63f-d62e976508af] transferring FlowFile[608,98900053843045.mockFlowFile,13B] to 'success'
[pool-145-thread-1] INFO org.apache.nifi.processors.standard.ControlRate - ControlRate[id=000457d2-8d0c-4fc1-b63f-d62e976508af] transferring FlowFile[609,98900053863721.mockFlowFile,13B] to 'success'
[pool-145-thread-1] INFO org.apache.nifi.processors.standard.ControlRate - ControlRate[id=000457d2-8d0c-4fc1-b63f-d62e976508af] transferring FlowFile[610,98900053881731.mockFlowFile,13B] to 'success'
[pool-145-thread-1] INFO org.apache.nifi.processors.standard.ControlRate - ControlRate[id=000457d2-8d0c-4fc1-b63f-d62e976508af] transferring FlowFile[611,98900053895522.mockFlowFile,13B] to 'success'
[pool-145-thread-1] INFO org.apache.nifi.processors.standard.ControlRate - ControlRate[id=000457d2-8d0c-4fc1-b63f-d62e976508af] transferring FlowFile[612,98900053912256.mockFlowFile,13B] to 'success'
[pool-145-thread-1] INFO org.apache.nifi.processors.standard.ControlRate - ControlRate[id=000457d2-8d0c-4fc1-b63f-d62e976508af] transferring FlowFile[613,98900053928057.mockFlowFile,13B] to 'success'
[pool-145-thread-1] INFO org.apache.nifi.processors.standard.ControlRate - ControlRate[id=000457d2-8d0c-4fc1-b63f-d62e976508af] transferring FlowFile[614,98900053942693.mockFlowFile,13B] to 'success'
[pool-145-thread-1] INFO org.apache.nifi.processors.standard.ControlRate - ControlRate[id=000457d2-8d0c-4fc1-b63f-d62e976508af] transferring FlowFile[615,98900053961064.mockFlowFile,13B] to 'success'
[pool-145-thread-1] INFO org.apache.nifi.processors.standard.ControlRate - ControlRate[id=000457d2-8d0c-4fc1-b63f-d62e976508af] transferring FlowFile[616,98900053975984.mockFlowFile,13B] to 'success'
[pool-145-thread-1] INFO org.apache.nifi.processors.standard.ControlRate - ControlRate[id=000457d2-8d0c-4fc1-b63f-d62e976508af] transferring FlowFile[617,98900054027715.mockFlowFile,13B] to 'success'
[pool-145-thread-1] INFO org.apache.nifi.processors.standard.ControlRate - ControlRate[id=000457d2-8d0c-4fc1-b63f-d62e976508af] transferring FlowFile[618,98900054042071.mockFlowFile,13B] to 'success'
[pool-145-thread-1] INFO org.apache.nifi.processors.standard.ControlRate - ControlRate[id=000457d2-8d0c-4fc1-b63f-d62e976508af] transferring FlowFile[619,98900054056808.mockFlowFile,13B] to 'success'
[pool-145-thread-1] INFO org.apache.nifi.processors.standard.ControlRate - ControlRate[id=000457d2-8d0c-4fc1-b63f-d62e976508af] transferring FlowFile[620,98900054073600.mockFlowFile,13B] to 'success'
[pool-145-thread-1] INFO org.apache.nifi.processors.standard.ControlRate - ControlRate[id=000457d2-8d0c-4fc1-b63f-d62e976508af] transferring FlowFile[621,98900054089250.mockFlowFile,13B] to 'success'
[pool-145-thread-1] INFO org.apache.nifi.processors.standard.ControlRate - ControlRate[id=000457d2-8d0c-4fc1-b63f-d62e976508af] transferring FlowFile[622,98900054103948.mockFlowFile,13B] to 'success'
[pool-145-thread-1] INFO org.apache.nifi.processors.standard.ControlRate - ControlRate[id=000457d2-8d0c-4fc1-b63f-d62e976508af] transferring FlowFile[623,98900054134999.mockFlowFile,13B] to 'success'
[pool-145-thread-1] INFO org.apache.nifi.processors.standard.ControlRate - ControlRate[id=000457d2-8d0c-4fc1-b63f-d62e976508af] transferring FlowFile[624,98900054167918.mockFlowFile,13B] to 'success'
[pool-145-thread-1] INFO org.apache.nifi.processors.standard.ControlRate - ControlRate[id=000457d2-8d0c-4fc1-b63f-d62e976508af] transferring FlowFile[625,98900054183251.mockFlowFile,13B] to 'success'
[pool-145-thread-1] INFO org.apache.nifi.processors.standard.ControlRate - ControlRate[id=000457d2-8d0c-4fc1-b63f-d62e976508af] transferring FlowFile[626,98900054198055.mockFlowFile,13B] to 'success'
[pool-145-thread-1] INFO org.apache.nifi.processors.standard.ControlRate - ControlRate[id=000457d2-8d0c-4fc1-b63f-d62e976508af] transferring FlowFile[627,98900054213383.mockFlowFile,13B] to 'success'
[pool-145-thread-1] INFO org.apache.nifi.processors.standard.ControlRate - ControlRate[id=000457d2-8d0c-4fc1-b63f-d62e976508af] transferring FlowFile[628,98900054250755.mockFlowFile,13B] to 'success'
[pool-145-thread-1] INFO org.apache.nifi.processors.standard.ControlRate - ControlRate[id=000457d2-8d0c-4fc1-b63f-d62e976508af] transferring FlowFile[629,98900054290916.mockFlowFile,13B] to 'success'
[pool-145-thread-1] INFO org.apache.nifi.processors.standard.ControlRate - ControlRate[id=000457d2-8d0c-4fc1-b63f-d62e976508af] transferring FlowFile[630,98900054306355.mockFlowFile,13B] to 'success'
[pool-145-thread-1] INFO org.apache.nifi.processors.standard.ControlRate - ControlRate[id=000457d2-8d0c-4fc1-b63f-d62e976508af] transferring FlowFile[631,98900054336879.mockFlowFile,13B] to 'success'
[pool-145-thread-1] INFO org.apache.nifi.processors.standard.ControlRate - ControlRate[id=000457d2-8d0c-4fc1-b63f-d62e976508af] transferring FlowFile[632,98900054351079.mockFlowFile,13B] to 'success'
[pool-145-thread-1] INFO org.apache.nifi.processors.standard.ControlRate - ControlRate[id=000457d2-8d0c-4fc1-b63f-d62e976508af] transferring FlowFile[633,98900054364625.mockFlowFile,13B] to 'success'
[pool-145-thread-1] INFO org.apache.nifi.processors.standard.ControlRate - ControlRate[id=000457d2-8d0c-4fc1-b63f-d62e976508af] transferring FlowFile[634,98900054380377.mockFlowFile,13B] to 'success'
[pool-145-thread-1] INFO org.apache.nifi.processors.standard.ControlRate - ControlRate[id=000457d2-8d0c-4fc1-b63f-d62e976508af] transferring FlowFile[635,98900054395103.mockFlowFile,13B] to 'success'
[pool-145-thread-1] INFO org.apache.nifi.processors.standard.ControlRate - ControlRate[id=000457d2-8d0c-4fc1-b63f-d62e976508af] transferring FlowFile[636,98900054415354.mockFlowFile,13B] to 'success'
[pool-145-thread-1] INFO org.apache.nifi.processors.standard.ControlRate - ControlRate[id=000457d2-8d0c-4fc1-b63f-d62e976508af] transferring FlowFile[637,98900054453895.mockFlowFile,13B] to 'success'
[pool-145-thread-1] INFO org.apache.nifi.processors.standard.ControlRate - ControlRate[id=000457d2-8d0c-4fc1-b63f-d62e976508af] transferring FlowFile[638,98900054468388.mockFlowFile,13B] to 'success'
[pool-145-thread-1] INFO org.apache.nifi.processors.standard.ControlRate - ControlRate[id=000457d2-8d0c-4fc1-b63f-d62e976508af] transferring FlowFile[639,98900054499694.mockFlowFile,13B] to 'success'
[pool-145-thread-1] INFO org.apache.nifi.processors.standard.ControlRate - ControlRate[id=000457d2-8d0c-4fc1-b63f-d62e976508af] transferring FlowFile[640,98900054517282.mockFlowFile,13B] to 'success'
[pool-145-thread-1] INFO org.apache.nifi.processors.standard.ControlRate - ControlRate[id=000457d2-8d0c-4fc1-b63f-d62e976508af] transferring FlowFile[641,98900054531094.mockFlowFile,13B] to 'success'
[pool-145-thread-1] INFO org.apache.nifi.processors.standard.ControlRate - ControlRate[id=000457d2-8d0c-4fc1-b63f-d62e976508af] transferring FlowFile[642,98900054545449.mockFlowFile,13B] to 'success'
[pool-145-thread-1] INFO org.apache.nifi.processors.standard.ControlRate - ControlRate[id=000457d2-8d0c-4fc1-b63f-d62e976508af] transferring FlowFile[643,98900054558419.mockFlowFile,13B] to 'success'
[pool-145-thread-1] INFO org.apache.nifi.processors.standard.ControlRate - ControlRate[id=000457d2-8d0c-4fc1-b63f-d62e976508af] transferring FlowFile[644,98900054572136.mockFlowFile,13B] to 'success'
[pool-145-thread-1] INFO org.apache.nifi.processors.standard.ControlRate - ControlRate[id=000457d2-8d0c-4fc1-b63f-d62e976508af] transferring FlowFile[645,98900054608887.mockFlowFile,13B] to 'success'
[pool-145-thread-1] INFO org.apache.nifi.processors.standard.ControlRate - ControlRate[id=000457d2-8d0c-4fc1-b63f-d62e976508af] transferring FlowFile[646,98900054622405.mockFlowFile,13B] to 'success'
[pool-145-thread-1] INFO org.apache.nifi.processors.standard.ControlRate - ControlRate[id=000457d2-8d0c-4fc1-b63f-d62e976508af] transferring FlowFile[647,98900054641497.mockFlowFile,13B] to 'success'
[pool-145-thread-1] INFO org.apache.nifi.processors.standard.ControlRate - ControlRate[id=000457d2-8d0c-4fc1-b63f-d62e976508af] transferring FlowFile[648,98900054656206.mockFlowFile,13B] to 'success'
[pool-145-thread-1] INFO org.apache.nifi.processors.standard.ControlRate - ControlRate[id=000457d2-8d0c-4fc1-b63f-d62e976508af] transferring FlowFile[649,98900054671797.mockFlowFile,13B] to 'success'
[pool-145-thread-1] INFO org.apache.nifi.processors.standard.ControlRate - ControlRate[id=000457d2-8d0c-4fc1-b63f-d62e976508af] transferring FlowFile[650,98900054706812.mockFlowFile,13B] to 'success'
[pool-145-thread-1] INFO org.apache.nifi.processors.standard.ControlRate - ControlRate[id=000457d2-8d0c-4fc1-b63f-d62e976508af] transferring FlowFile[651,98900054727030.mockFlowFile,13B] to 'success'
[pool-145-thread-1] INFO org.apache.nifi.processors.standard.ControlRate - ControlRate[id=000457d2-8d0c-4fc1-b63f-d62e976508af] transferring FlowFile[652,98900054742613.mockFlowFile,13B] to 'success'
[pool-145-thread-1] INFO org.apache.nifi.processors.standard.ControlRate - ControlRate[id=000457d2-8d0c-4fc1-b63f-d62e976508af] transferring FlowFile[653,98900054756951.mockFlowFile,13B] to 'success'
[pool-145-thread-1] INFO org.apache.nifi.processors.standard.ControlRate - ControlRate[id=000457d2-8d0c-4fc1-b63f-d62e976508af] transferring FlowFile[654,98900054771254.mockFlowFile,13B] to 'success'
[pool-145-thread-1] INFO org.apache.nifi.processors.standard.ControlRate - ControlRate[id=000457d2-8d0c-4fc1-b63f-d62e976508af] transferring FlowFile[655,98900054790279.mockFlowFile,13B] to 'success'
[pool-145-thread-1] INFO org.apache.nifi.processors.standard.ControlRate - ControlRate[id=000457d2-8d0c-4fc1-b63f-d62e976508af] transferring FlowFile[656,98900054805193.mockFlowFile,13B] to 'success'
[pool-145-thread-1] INFO org.apache.nifi.processors.standard.ControlRate - ControlRate[id=000457d2-8d0c-4fc1-b63f-d62e976508af] transferring FlowFile[657,98900054820515.mockFlowFile,13B] to 'success'
[pool-145-thread-1] INFO org.apache.nifi.processors.standard.ControlRate - ControlRate[id=000457d2-8d0c-4fc1-b63f-d62e976508af] transferring FlowFile[658,98900054834464.mockFlowFile,13B] to 'success'
[pool-145-thread-1] INFO org.apache.nifi.processors.standard.ControlRate - ControlRate[id=000457d2-8d0c-4fc1-b63f-d62e976508af] transferring FlowFile[659,98900054849998.mockFlowFile,13B] to 'success'
[pool-145-thread-1] INFO org.apache.nifi.processors.standard.ControlRate - ControlRate[id=000457d2-8d0c-4fc1-b63f-d62e976508af] transferring FlowFile[660,98900054864704.mockFlowFile,13B] to 'success'
[pool-145-thread-1] INFO org.apache.nifi.processors.standard.ControlRate - ControlRate[id=000457d2-8d0c-4fc1-b63f-d62e976508af] transferring FlowFile[661,98900054878348.mockFlowFile,13B] to 'success'
[pool-145-thread-1] INFO org.apache.nifi.processors.standard.ControlRate - ControlRate[id=000457d2-8d0c-4fc1-b63f-d62e976508af] transferring FlowFile[662,98900054899771.mockFlowFile,13B] to 'success'
[pool-145-thread-1] INFO org.apache.nifi.processors.standard.ControlRate - ControlRate[id=000457d2-8d0c-4fc1-b63f-d62e976508af] transferring FlowFile[663,98900054922742.mockFlowFile,13B] to 'success'
[pool-145-thread-1] INFO org.apache.nifi.processors.standard.ControlRate - ControlRate[id=000457d2-8d0c-4fc1-b63f-d62e976508af] transferring FlowFile[664,98900054938235.mockFlowFile,13B] to 'success'
[pool-145-thread-1] INFO org.apache.nifi.processors.standard.ControlRate - ControlRate[id=000457d2-8d0c-4fc1-b63f-d62e976508af] transferring FlowFile[665,98900054952941.mockFlowFile,13B] to 'success'
[pool-145-thread-1] INFO org.apache.nifi.processors.standard.ControlRate - ControlRate[id=000457d2-8d0c-4fc1-b63f-d62e976508af] transferring FlowFile[666,98900054966551.mockFlowFile,13B] to 'success'
[pool-145-thread-1] INFO org.apache.nifi.processors.standard.ControlRate - ControlRate[id=000457d2-8d0c-4fc1-b63f-d62e976508af] transferring FlowFile[667,98900054981264.mockFlowFile,13B] to 'success'
[pool-145-thread-1] INFO org.apache.nifi.processors.standard.ControlRate - ControlRate[id=000457d2-8d0c-4fc1-b63f-d62e976508af] transferring FlowFile[668,98900054996041.mockFlowFile,13B] to 'success'
[pool-145-thread-1] INFO org.apache.nifi.processors.standard.ControlRate - ControlRate[id=000457d2-8d0c-4fc1-b63f-d62e976508af] transferring FlowFile[669,98900055011711.mockFlowFile,13B] to 'success'
[pool-145-thread-1] INFO org.apache.nifi.processors.standard.ControlRate - ControlRate[id=000457d2-8d0c-4fc1-b63f-d62e976508af] transferring FlowFile[670,98900055027067.mockFlowFile,13B] to 'success'
[pool-145-thread-1] INFO org.apache.nifi.processors.standard.ControlRate - ControlRate[id=000457d2-8d0c-4fc1-b63f-d62e976508af] transferring FlowFile[671,98900055044837.mockFlowFile,13B] to 'success'
[pool-145-thread-1] INFO org.apache.nifi.processors.standard.ControlRate - ControlRate[id=000457d2-8d0c-4fc1-b63f-d62e976508af] transferring FlowFile[672,98900055060155.mockFlowFile,13B] to 'success'
[pool-145-thread-1] INFO org.apache.nifi.processors.standard.ControlRate - ControlRate[id=000457d2-8d0c-4fc1-b63f-d62e976508af] transferring FlowFile[673,98900055074818.mockFlowFile,13B] to 'success'
[pool-145-thread-1] INFO org.apache.nifi.processors.standard.ControlRate - ControlRate[id=000457d2-8d0c-4fc1-b63f-d62e976508af] transferring FlowFile[674,98900055090100.mockFlowFile,13B] to 'success'
[pool-145-thread-1] INFO org.apache.nifi.processors.standard.ControlRate - ControlRate[id=000457d2-8d0c-4fc1-b63f-d62e976508af] transferring FlowFile[675,98900055105301.mockFlowFile,13B] to 'success'
[pool-145-thread-1] INFO org.apache.nifi.processors.standard.ControlRate - ControlRate[id=000457d2-8d0c-4fc1-b63f-d62e976508af] transferring FlowFile[676,98900055119390.mockFlowFile,13B] to 'success'
[pool-145-thread-1] INFO org.apache.nifi.processors.standard.ControlRate - ControlRate[id=000457d2-8d0c-4fc1-b63f-d62e976508af] transferring FlowFile[677,98900055135254.mockFlowFile,13B] to 'success'
[pool-145-thread-1] INFO org.apache.nifi.processors.standard.ControlRate - ControlRate[id=000457d2-8d0c-4fc1-b63f-d62e976508af] transferring FlowFile[678,98900055154220.mockFlowFile,13B] to 'success'
[pool-145-thread-1] INFO org.apache.nifi.processors.standard.ControlRate - ControlRate[id=000457d2-8d0c-4fc1-b63f-d62e976508af] transferring FlowFile[679,98900055179636.mockFlowFile,13B] to 'success'
[pool-145-thread-1] INFO org.apache.nifi.processors.standard.ControlRate - ControlRate[id=000457d2-8d0c-4fc1-b63f-d62e976508af] transferring FlowFile[680,98900055194922.mockFlowFile,13B] to 'success'
[pool-145-thread-1] INFO org.apache.nifi.processors.standard.ControlRate - ControlRate[id=000457d2-8d0c-4fc1-b63f-d62e976508af] transferring FlowFile[681,98900055208788.mockFlowFile,13B] to 'success'
[pool-145-thread-1] INFO org.apache.nifi.processors.standard.ControlRate - ControlRate[id=000457d2-8d0c-4fc1-b63f-d62e976508af] transferring FlowFile[682,98900055223035.mockFlowFile,13B] to 'success'
[pool-145-thread-1] INFO org.apache.nifi.processors.standard.ControlRate - ControlRate[id=000457d2-8d0c-4fc1-b63f-d62e976508af] transferring FlowFile[683,98900055236781.mockFlowFile,13B] to 'success'
[pool-145-thread-1] INFO org.apache.nifi.processors.standard.ControlRate - ControlRate[id=000457d2-8d0c-4fc1-b63f-d62e976508af] transferring FlowFile[684,98900055251424.mockFlowFile,13B] to 'success'
[pool-145-thread-1] INFO org.apache.nifi.processors.standard.ControlRate - ControlRate[id=000457d2-8d0c-4fc1-b63f-d62e976508af] transferring FlowFile[685,98900055265992.mockFlowFile,13B] to 'success'
[pool-145-thread-1] INFO org.apache.nifi.processors.standard.ControlRate - ControlRate[id=000457d2-8d0c-4fc1-b63f-d62e976508af] transferring FlowFile[686,98900055279588.mockFlowFile,13B] to 'success'
[pool-145-thread-1] INFO org.apache.nifi.processors.standard.ControlRate - ControlRate[id=000457d2-8d0c-4fc1-b63f-d62e976508af] transferring FlowFile[687,98900055298494.mockFlowFile,13B] to 'success'
[pool-145-thread-1] INFO org.apache.nifi.processors.standard.ControlRate - ControlRate[id=000457d2-8d0c-4fc1-b63f-d62e976508af] transferring FlowFile[688,98900055312729.mockFlowFile,13B] to 'success'
[pool-145-thread-1] INFO org.apache.nifi.processors.standard.ControlRate - ControlRate[id=000457d2-8d0c-4fc1-b63f-d62e976508af] transferring FlowFile[689,98900055327934.mockFlowFile,13B] to 'success'
[pool-145-thread-1] INFO org.apache.nifi.processors.standard.ControlRate - ControlRate[id=000457d2-8d0c-4fc1-b63f-d62e976508af] transferring FlowFile[690,98900055343344.mockFlowFile,13B] to 'success'
[pool-145-thread-1] INFO org.apache.nifi.processors.standard.ControlRate - ControlRate[id=000457d2-8d0c-4fc1-b63f-d62e976508af] transferring FlowFile[691,98900055357790.mockFlowFile,13B] to 'success'
[pool-145-thread-1] INFO org.apache.nifi.processors.standard.ControlRate - ControlRate[id=000457d2-8d0c-4fc1-b63f-d62e976508af] transferring FlowFile[692,98900055372469.mockFlowFile,13B] to 'success'
[pool-145-thread-1] INFO org.apache.nifi.processors.standard.ControlRate - ControlRate[id=000457d2-8d0c-4fc1-b63f-d62e976508af] transferring FlowFile[693,98900055386307.mockFlowFile,13B] to 'success'
[pool-145-thread-1] INFO org.apache.nifi.processors.standard.ControlRate - ControlRate[id=000457d2-8d0c-4fc1-b63f-d62e976508af] transferring FlowFile[694,98900055400822.mockFlowFile,13B] to 'success'
[pool-145-thread-1] INFO org.apache.nifi.processors.standard.ControlRate - ControlRate[id=000457d2-8d0c-4fc1-b63f-d62e976508af] transferring FlowFile[695,98900055418442.mockFlowFile,13B] to 'success'
[pool-145-thread-1] INFO org.apache.nifi.processors.standard.ControlRate - ControlRate[id=000457d2-8d0c-4fc1-b63f-d62e976508af] transferring FlowFile[696,98900055432502.mockFlowFile,13B] to 'success'
[pool-145-thread-1] INFO org.apache.nifi.processors.standard.ControlRate - ControlRate[id=000457d2-8d0c-4fc1-b63f-d62e976508af] transferring FlowFile[697,98900055446838.mockFlowFile,13B] to 'success'
[pool-145-thread-1] INFO org.apache.nifi.processors.standard.ControlRate - ControlRate[id=000457d2-8d0c-4fc1-b63f-d62e976508af] transferring FlowFile[698,98900055460535.mockFlowFile,13B] to 'success'
[pool-145-thread-1] INFO org.apache.nifi.processors.standard.ControlRate - ControlRate[id=000457d2-8d0c-4fc1-b63f-d62e976508af] transferring FlowFile[699,98900055474955.mockFlowFile,13B] to 'success'
[pool-145-thread-1] INFO org.apache.nifi.processors.standard.ControlRate - ControlRate[id=000457d2-8d0c-4fc1-b63f-d62e976508af] transferring FlowFile[700,98900055489308.mockFlowFile,13B] to 'success'
[pool-145-thread-1] INFO org.apache.nifi.processors.standard.ControlRate - ControlRate[id=000457d2-8d0c-4fc1-b63f-d62e976508af] transferring FlowFile[701,98900055503503.mockFlowFile,13B] to 'success'
[pool-145-thread-1] INFO org.apache.nifi.processors.standard.ControlRate - ControlRate[id=000457d2-8d0c-4fc1-b63f-d62e976508af] transferring FlowFile[702,98900055518185.mockFlowFile,13B] to 'success'
[pool-145-thread-1] INFO org.apache.nifi.processors.standard.ControlRate - ControlRate[id=000457d2-8d0c-4fc1-b63f-d62e976508af] transferring FlowFile[703,98900055535966.mockFlowFile,13B] to 'success'
[pool-145-thread-1] INFO org.apache.nifi.processors.standard.ControlRate - ControlRate[id=000457d2-8d0c-4fc1-b63f-d62e976508af] transferring FlowFile[704,98900055550957.mockFlowFile,13B] to 'success'
[pool-145-thread-1] INFO org.apache.nifi.processors.standard.ControlRate - ControlRate[id=000457d2-8d0c-4fc1-b63f-d62e976508af] transferring FlowFile[705,98900055565399.mockFlowFile,13B] to 'success'
[pool-145-thread-1] INFO org.apache.nifi.processors.standard.ControlRate - ControlRate[id=000457d2-8d0c-4fc1-b63f-d62e976508af] transferring FlowFile[706,98900055582112.mockFlowFile,13B] to 'success'
[pool-145-thread-1] INFO org.apache.nifi.processors.standard.ControlRate - ControlRate[id=000457d2-8d0c-4fc1-b63f-d62e976508af] transferring FlowFile[707,98900055597954.mockFlowFile,13B] to 'success'
[pool-145-thread-1] INFO org.apache.nifi.processors.standard.ControlRate - ControlRate[id=000457d2-8d0c-4fc1-b63f-d62e976508af] transferring FlowFile[708,98900055611710.mockFlowFile,13B] to 'success'
[pool-145-thread-1] INFO org.apache.nifi.processors.standard.ControlRate - ControlRate[id=000457d2-8d0c-4fc1-b63f-d62e976508af] transferring FlowFile[709,98900055626780.mockFlowFile,13B] to 'success'
[pool-145-thread-1] INFO org.apache.nifi.processors.standard.ControlRate - ControlRate[id=000457d2-8d0c-4fc1-b63f-d62e976508af] transferring FlowFile[710,98900055642345.mockFlowFile,13B] to 'success'
[pool-145-thread-1] INFO org.apache.nifi.processors.standard.ControlRate - ControlRate[id=000457d2-8d0c-4fc1-b63f-d62e976508af] transferring FlowFile[711,98900055661479.mockFlowFile,13B] to 'success'
[pool-145-thread-1] INFO org.apache.nifi.processors.standard.ControlRate - ControlRate[id=000457d2-8d0c-4fc1-b63f-d62e976508af] transferring FlowFile[712,98900055676529.mockFlowFile,13B] to 'success'
[pool-145-thread-1] INFO org.apache.nifi.processors.standard.ControlRate - ControlRate[id=000457d2-8d0c-4fc1-b63f-d62e976508af] transferring FlowFile[713,98900055690207.mockFlowFile,13B] to 'success'
[pool-145-thread-1] INFO org.apache.nifi.processors.standard.ControlRate - ControlRate[id=000457d2-8d0c-4fc1-b63f-d62e976508af] transferring FlowFile[714,98900055705037.mockFlowFile,13B] to 'success'
[pool-145-thread-1] INFO org.apache.nifi.processors.standard.ControlRate - ControlRate[id=000457d2-8d0c-4fc1-b63f-d62e976508af] transferring FlowFile[715,98900055719225.mockFlowFile,13B] to 'success'
[pool-145-thread-1] INFO org.apache.nifi.processors.standard.ControlRate - ControlRate[id=000457d2-8d0c-4fc1-b63f-d62e976508af] transferring FlowFile[716,98900055732958.mockFlowFile,13B] to 'success'
[pool-145-thread-1] INFO org.apache.nifi.processors.standard.ControlRate - ControlRate[id=000457d2-8d0c-4fc1-b63f-d62e976508af] transferring FlowFile[717,98900055747780.mockFlowFile,13B] to 'success'
[pool-145-thread-1] INFO org.apache.nifi.processors.standard.ControlRate - ControlRate[id=000457d2-8d0c-4fc1-b63f-d62e976508af] transferring FlowFile[718,98900055761666.mockFlowFile,13B] to 'success'
[pool-145-thread-1] INFO org.apache.nifi.processors.standard.ControlRate - ControlRate[id=000457d2-8d0c-4fc1-b63f-d62e976508af] transferring FlowFile[719,98900055780454.mockFlowFile,13B] to 'success'
[pool-145-thread-1] INFO org.apache.nifi.processors.standard.ControlRate - ControlRate[id=000457d2-8d0c-4fc1-b63f-d62e976508af] transferring FlowFile[720,98900055795251.mockFlowFile,13B] to 'success'
[pool-145-thread-1] INFO org.apache.nifi.processors.standard.ControlRate - ControlRate[id=000457d2-8d0c-4fc1-b63f-d62e976508af] transferring FlowFile[721,98900055842498.mockFlowFile,13B] to 'success'
[pool-145-thread-1] INFO org.apache.nifi.processors.standard.ControlRate - ControlRate[id=000457d2-8d0c-4fc1-b63f-d62e976508af] transferring FlowFile[722,98900055857032.mockFlowFile,13B] to 'success'
[pool-145-thread-1] INFO org.apache.nifi.processors.standard.ControlRate - ControlRate[id=000457d2-8d0c-4fc1-b63f-d62e976508af] transferring FlowFile[723,98900055870542.mockFlowFile,13B] to 'success'
[pool-145-thread-1] INFO org.apache.nifi.processors.standard.ControlRate - ControlRate[id=000457d2-8d0c-4fc1-b63f-d62e976508af] transferring FlowFile[724,98900055884843.mockFlowFile,13B] to 'success'
[pool-145-thread-1] INFO org.apache.nifi.processors.standard.ControlRate - ControlRate[id=000457d2-8d0c-4fc1-b63f-d62e976508af] transferring FlowFile[725,98900055900090.mockFlowFile,13B] to 'success'
[pool-145-thread-1] INFO org.apache.nifi.processors.standard.ControlRate - ControlRate[id=000457d2-8d0c-4fc1-b63f-d62e976508af] transferring FlowFile[726,98900055914182.mockFlowFile,13B] to 'success'
[pool-145-thread-1] INFO org.apache.nifi.processors.standard.ControlRate - ControlRate[id=000457d2-8d0c-4fc1-b63f-d62e976508af] transferring FlowFile[727,98900055934634.mockFlowFile,13B] to 'success'
[pool-145-thread-1] INFO org.apache.nifi.processors.standard.ControlRate - ControlRate[id=000457d2-8d0c-4fc1-b63f-d62e976508af] transferring FlowFile[728,98900055951430.mockFlowFile,13B] to 'success'
[pool-145-thread-1] INFO org.apache.nifi.processors.standard.ControlRate - ControlRate[id=000457d2-8d0c-4fc1-b63f-d62e976508af] transferring FlowFile[729,98900055969961.mockFlowFile,13B] to 'success'
[pool-145-thread-1] INFO org.apache.nifi.processors.standard.ControlRate - ControlRate[id=000457d2-8d0c-4fc1-b63f-d62e976508af] transferring FlowFile[730,98900055988126.mockFlowFile,13B] to 'success'
[pool-145-thread-1] INFO org.apache.nifi.processors.standard.ControlRate - ControlRate[id=000457d2-8d0c-4fc1-b63f-d62e976508af] transferring FlowFile[731,98900056016174.mockFlowFile,13B] to 'success'
[pool-145-thread-1] INFO org.apache.nifi.processors.standard.ControlRate - ControlRate[id=000457d2-8d0c-4fc1-b63f-d62e976508af] transferring FlowFile[732,98900056034541.mockFlowFile,13B] to 'success'
[pool-145-thread-1] INFO org.apache.nifi.processors.standard.ControlRate - ControlRate[id=000457d2-8d0c-4fc1-b63f-d62e976508af] transferring FlowFile[733,98900056050683.mockFlowFile,13B] to 'success'
[pool-145-thread-1] INFO org.apache.nifi.processors.standard.ControlRate - ControlRate[id=000457d2-8d0c-4fc1-b63f-d62e976508af] transferring FlowFile[734,98900056067957.mockFlowFile,13B] to 'success'
[pool-145-thread-1] INFO org.apache.nifi.processors.standard.ControlRate - ControlRate[id=000457d2-8d0c-4fc1-b63f-d62e976508af] transferring FlowFile[735,98900056092265.mockFlowFile,13B] to 'success'
[pool-145-thread-1] INFO org.apache.nifi.processors.standard.ControlRate - ControlRate[id=000457d2-8d0c-4fc1-b63f-d62e976508af] transferring FlowFile[736,98900056110407.mockFlowFile,13B] to 'success'
[pool-145-thread-1] INFO org.apache.nifi.processors.standard.ControlRate - ControlRate[id=000457d2-8d0c-4fc1-b63f-d62e976508af] transferring FlowFile[737,98900056127884.mockFlowFile,13B] to 'success'
[pool-145-thread-1] INFO org.apache.nifi.processors.standard.ControlRate - ControlRate[id=000457d2-8d0c-4fc1-b63f-d62e976508af] transferring FlowFile[738,98900056145166.mockFlowFile,13B] to 'success'
[pool-145-thread-1] INFO org.apache.nifi.processors.standard.ControlRate - ControlRate[id=000457d2-8d0c-4fc1-b63f-d62e976508af] transferring FlowFile[739,98900056162874.mockFlowFile,13B] to 'success'
[pool-145-thread-1] INFO org.apache.nifi.processors.standard.ControlRate - ControlRate[id=000457d2-8d0c-4fc1-b63f-d62e976508af] transferring FlowFile[740,98900056180216.mockFlowFile,13B] to 'success'
[pool-145-thread-1] INFO org.apache.nifi.processors.standard.ControlRate - ControlRate[id=000457d2-8d0c-4fc1-b63f-d62e976508af] transferring FlowFile[741,98900056197943.mockFlowFile,13B] to 'success'
[pool-145-thread-1] INFO org.apache.nifi.processors.standard.ControlRate - ControlRate[id=000457d2-8d0c-4fc1-b63f-d62e976508af] transferring FlowFile[742,98900056216759.mockFlowFile,13B] to 'success'
[pool-145-thread-1] INFO org.apache.nifi.processors.standard.ControlRate - ControlRate[id=000457d2-8d0c-4fc1-b63f-d62e976508af] transferring FlowFile[743,98900056238595.mockFlowFile,13B] to 'success'
[pool-145-thread-1] INFO org.apache.nifi.processors.standard.ControlRate - ControlRate[id=000457d2-8d0c-4fc1-b63f-d62e976508af] transferring FlowFile[744,98900056256520.mockFlowFile,13B] to 'success'
[pool-145-thread-1] INFO org.apache.nifi.processors.standard.ControlRate - ControlRate[id=000457d2-8d0c-4fc1-b63f-d62e976508af] transferring FlowFile[745,98900056274330.mockFlowFile,13B] to 'success'
[pool-145-thread-1] INFO org.apache.nifi.processors.standard.ControlRate - ControlRate[id=000457d2-8d0c-4fc1-b63f-d62e976508af] transferring FlowFile[746,98900056290927.mockFlowFile,13B] to 'success'
[pool-145-thread-1] INFO org.apache.nifi.processors.standard.ControlRate - ControlRate[id=000457d2-8d0c-4fc1-b63f-d62e976508af] transferring FlowFile[747,98900056308747.mockFlowFile,13B] to 'success'
[pool-145-thread-1] INFO org.apache.nifi.processors.standard.ControlRate - ControlRate[id=000457d2-8d0c-4fc1-b63f-d62e976508af] transferring FlowFile[748,98900056325092.mockFlowFile,13B] to 'success'
[pool-145-thread-1] INFO org.apache.nifi.processors.standard.ControlRate - ControlRate[id=000457d2-8d0c-4fc1-b63f-d62e976508af] transferring FlowFile[749,98900056342398.mockFlowFile,13B] to 'success'
[pool-145-thread-1] INFO org.apache.nifi.processors.standard.ControlRate - ControlRate[id=000457d2-8d0c-4fc1-b63f-d62e976508af] transferring FlowFile[750,98900056360078.mockFlowFile,13B] to 'success'
[pool-145-thread-1] INFO org.apache.nifi.processors.standard.ControlRate - ControlRate[id=000457d2-8d0c-4fc1-b63f-d62e976508af] transferring FlowFile[751,98900056380287.mockFlowFile,13B] to 'success'
[pool-145-thread-1] INFO org.apache.nifi.processors.standard.ControlRate - ControlRate[id=000457d2-8d0c-4fc1-b63f-d62e976508af] transferring FlowFile[752,98900056467010.mockFlowFile,13B] to 'success'
[pool-145-thread-1] INFO org.apache.nifi.processors.standard.ControlRate - ControlRate[id=000457d2-8d0c-4fc1-b63f-d62e976508af] transferring FlowFile[753,98900056483895.mockFlowFile,13B] to 'success'
[pool-145-thread-1] INFO org.apache.nifi.processors.standard.ControlRate - ControlRate[id=000457d2-8d0c-4fc1-b63f-d62e976508af] transferring FlowFile[754,98900056501833.mockFlowFile,13B] to 'success'
[pool-145-thread-1] INFO org.apache.nifi.processors.standard.ControlRate - ControlRate[id=000457d2-8d0c-4fc1-b63f-d62e976508af] transferring FlowFile[755,98900056519243.mockFlowFile,13B] to 'success'
[pool-145-thread-1] INFO org.apache.nifi.processors.standard.ControlRate - ControlRate[id=000457d2-8d0c-4fc1-b63f-d62e976508af] transferring FlowFile[756,98900056535584.mockFlowFile,13B] to 'success'
[pool-145-thread-1] INFO org.apache.nifi.processors.standard.ControlRate - ControlRate[id=000457d2-8d0c-4fc1-b63f-d62e976508af] transferring FlowFile[757,98900056560921.mockFlowFile,13B] to 'success'
[pool-145-thread-1] INFO org.apache.nifi.processors.standard.ControlRate - ControlRate[id=000457d2-8d0c-4fc1-b63f-d62e976508af] transferring FlowFile[758,98900056577898.mockFlowFile,13B] to 'success'
[pool-145-thread-1] INFO org.apache.nifi.processors.standard.ControlRate - ControlRate[id=000457d2-8d0c-4fc1-b63f-d62e976508af] transferring FlowFile[759,98900056606640.mockFlowFile,13B] to 'success'
[pool-145-thread-1] INFO org.apache.nifi.processors.standard.ControlRate - ControlRate[id=000457d2-8d0c-4fc1-b63f-d62e976508af] transferring FlowFile[760,98900056630115.mockFlowFile,13B] to 'success'
[pool-145-thread-1] INFO org.apache.nifi.processors.standard.ControlRate - ControlRate[id=000457d2-8d0c-4fc1-b63f-d62e976508af] transferring FlowFile[761,98900056646756.mockFlowFile,13B] to 'success'
[pool-145-thread-1] INFO org.apache.nifi.processors.standard.ControlRate - ControlRate[id=000457d2-8d0c-4fc1-b63f-d62e976508af] transferring FlowFile[762,98900056664296.mockFlowFile,13B] to 'success'
[pool-145-thread-1] INFO org.apache.nifi.processors.standard.ControlRate - ControlRate[id=000457d2-8d0c-4fc1-b63f-d62e976508af] transferring FlowFile[763,98900056681416.mockFlowFile,13B] to 'success'
[pool-145-thread-1] INFO org.apache.nifi.processors.standard.ControlRate - ControlRate[id=000457d2-8d0c-4fc1-b63f-d62e976508af] transferring FlowFile[764,98900056699086.mockFlowFile,13B] to 'success'
[pool-145-thread-1] INFO org.apache.nifi.processors.standard.ControlRate - ControlRate[id=000457d2-8d0c-4fc1-b63f-d62e976508af] transferring FlowFile[765,98900056716710.mockFlowFile,13B] to 'success'
[pool-145-thread-1] INFO org.apache.nifi.processors.standard.ControlRate - ControlRate[id=000457d2-8d0c-4fc1-b63f-d62e976508af] transferring FlowFile[766,98900056746277.mockFlowFile,13B] to 'success'
[pool-145-thread-1] INFO org.apache.nifi.processors.standard.ControlRate - ControlRate[id=000457d2-8d0c-4fc1-b63f-d62e976508af] transferring FlowFile[767,98900056774821.mockFlowFile,13B] to 'success'
[pool-145-thread-1] INFO org.apache.nifi.processors.standard.ControlRate - ControlRate[id=000457d2-8d0c-4fc1-b63f-d62e976508af] transferring FlowFile[768,98900056792062.mockFlowFile,13B] to 'success'
[pool-145-thread-1] INFO org.apache.nifi.processors.standard.ControlRate - ControlRate[id=000457d2-8d0c-4fc1-b63f-d62e976508af] transferring FlowFile[769,98900056810190.mockFlowFile,13B] to 'success'
[pool-145-thread-1] INFO org.apache.nifi.processors.standard.ControlRate - ControlRate[id=000457d2-8d0c-4fc1-b63f-d62e976508af] transferring FlowFile[770,98900056827860.mockFlowFile,13B] to 'success'
[pool-145-thread-1] INFO org.apache.nifi.processors.standard.ControlRate - ControlRate[id=000457d2-8d0c-4fc1-b63f-d62e976508af] transferring FlowFile[771,98900056851232.mockFlowFile,13B] to 'success'
[pool-145-thread-1] INFO org.apache.nifi.processors.standard.ControlRate - ControlRate[id=000457d2-8d0c-4fc1-b63f-d62e976508af] transferring FlowFile[772,98900056868727.mockFlowFile,13B] to 'success'
[pool-145-thread-1] INFO org.apache.nifi.processors.standard.ControlRate - ControlRate[id=000457d2-8d0c-4fc1-b63f-d62e976508af] transferring FlowFile[773,98900056885415.mockFlowFile,13B] to 'success'
[pool-145-thread-1] INFO org.apache.nifi.processors.standard.ControlRate - ControlRate[id=000457d2-8d0c-4fc1-b63f-d62e976508af] transferring FlowFile[774,98900056902941.mockFlowFile,13B] to 'success'
[pool-145-thread-1] INFO org.apache.nifi.processors.standard.ControlRate - ControlRate[id=000457d2-8d0c-4fc1-b63f-d62e976508af] transferring FlowFile[775,98900056924415.mockFlowFile,13B] to 'success'
[pool-145-thread-1] INFO org.apache.nifi.processors.standard.ControlRate - ControlRate[id=000457d2-8d0c-4fc1-b63f-d62e976508af] transferring FlowFile[776,98900056941358.mockFlowFile,13B] to 'success'
[pool-145-thread-1] INFO org.apache.nifi.processors.standard.ControlRate - ControlRate[id=000457d2-8d0c-4fc1-b63f-d62e976508af] transferring FlowFile[777,98900056958869.mockFlowFile,13B] to 'success'
[pool-145-thread-1] INFO org.apache.nifi.processors.standard.ControlRate - ControlRate[id=000457d2-8d0c-4fc1-b63f-d62e976508af] transferring FlowFile[778,98900056975284.mockFlowFile,13B] to 'success'
[pool-145-thread-1] INFO org.apache.nifi.processors.standard.ControlRate - ControlRate[id=000457d2-8d0c-4fc1-b63f-d62e976508af] transferring FlowFile[779,98900056992883.mockFlowFile,13B] to 'success'
[pool-145-thread-1] INFO org.apache.nifi.processors.standard.ControlRate - ControlRate[id=000457d2-8d0c-4fc1-b63f-d62e976508af] transferring FlowFile[780,98900057010766.mockFlowFile,13B] to 'success'
[pool-145-thread-1] INFO org.apache.nifi.processors.standard.ControlRate - ControlRate[id=000457d2-8d0c-4fc1-b63f-d62e976508af] transferring FlowFile[781,98900057027593.mockFlowFile,13B] to 'success'
[pool-145-thread-1] INFO org.apache.nifi.processors.standard.ControlRate - ControlRate[id=000457d2-8d0c-4fc1-b63f-d62e976508af] transferring FlowFile[782,98900057044908.mockFlowFile,13B] to 'success'
[pool-145-thread-1] INFO org.apache.nifi.processors.standard.ControlRate - ControlRate[id=000457d2-8d0c-4fc1-b63f-d62e976508af] transferring FlowFile[783,98900057065443.mockFlowFile,13B] to 'success'
[pool-145-thread-1] INFO org.apache.nifi.processors.standard.ControlRate - ControlRate[id=000457d2-8d0c-4fc1-b63f-d62e976508af] transferring FlowFile[784,98900057083444.mockFlowFile,13B] to 'success'
[pool-145-thread-1] INFO org.apache.nifi.processors.standard.ControlRate - ControlRate[id=000457d2-8d0c-4fc1-b63f-d62e976508af] transferring FlowFile[785,98900057100958.mockFlowFile,13B] to 'success'
[pool-145-thread-1] INFO org.apache.nifi.processors.standard.ControlRate - ControlRate[id=000457d2-8d0c-4fc1-b63f-d62e976508af] transferring FlowFile[786,98900057117439.mockFlowFile,13B] to 'success'
[pool-145-thread-1] INFO org.apache.nifi.processors.standard.ControlRate - ControlRate[id=000457d2-8d0c-4fc1-b63f-d62e976508af] transferring FlowFile[787,98900057135441.mockFlowFile,13B] to 'success'
[pool-145-thread-1] INFO org.apache.nifi.processors.standard.ControlRate - ControlRate[id=000457d2-8d0c-4fc1-b63f-d62e976508af] transferring FlowFile[788,98900057159626.mockFlowFile,13B] to 'success'
[pool-145-thread-1] INFO org.apache.nifi.processors.standard.ControlRate - ControlRate[id=000457d2-8d0c-4fc1-b63f-d62e976508af] transferring FlowFile[789,98900057177910.mockFlowFile,13B] to 'success'
[pool-145-thread-1] INFO org.apache.nifi.processors.standard.ControlRate - ControlRate[id=000457d2-8d0c-4fc1-b63f-d62e976508af] transferring FlowFile[790,98900057202532.mockFlowFile,13B] to 'success'
[pool-145-thread-1] INFO org.apache.nifi.processors.standard.ControlRate - ControlRate[id=000457d2-8d0c-4fc1-b63f-d62e976508af] transferring FlowFile[791,98900057223324.mockFlowFile,13B] to 'success'
[pool-145-thread-1] INFO org.apache.nifi.processors.standard.ControlRate - ControlRate[id=000457d2-8d0c-4fc1-b63f-d62e976508af] transferring FlowFile[792,98900057241387.mockFlowFile,13B] to 'success'
[pool-145-thread-1] INFO org.apache.nifi.processors.standard.ControlRate - ControlRate[id=000457d2-8d0c-4fc1-b63f-d62e976508af] transferring FlowFile[793,98900057258056.mockFlowFile,13B] to 'success'
[pool-145-thread-1] INFO org.apache.nifi.processors.standard.ControlRate - ControlRate[id=000457d2-8d0c-4fc1-b63f-d62e976508af] transferring FlowFile[794,98900057275837.mockFlowFile,13B] to 'success'
[pool-145-thread-1] INFO org.apache.nifi.processors.standard.ControlRate - ControlRate[id=000457d2-8d0c-4fc1-b63f-d62e976508af] transferring FlowFile[795,98900057300641.mockFlowFile,13B] to 'success'
[pool-145-thread-1] INFO org.apache.nifi.processors.standard.ControlRate - ControlRate[id=000457d2-8d0c-4fc1-b63f-d62e976508af] transferring FlowFile[796,98900057317555.mockFlowFile,13B] to 'success'
[pool-145-thread-1] INFO org.apache.nifi.processors.standard.ControlRate - ControlRate[id=000457d2-8d0c-4fc1-b63f-d62e976508af] transferring FlowFile[797,98900057335354.mockFlowFile,13B] to 'success'
[pool-145-thread-1] INFO org.apache.nifi.processors.standard.ControlRate - ControlRate[id=000457d2-8d0c-4fc1-b63f-d62e976508af] transferring FlowFile[798,98900057353199.mockFlowFile,13B] to 'success'
[pool-145-thread-1] INFO org.apache.nifi.processors.standard.ControlRate - ControlRate[id=000457d2-8d0c-4fc1-b63f-d62e976508af] transferring FlowFile[799,98900057375063.mockFlowFile,13B] to 'success'
[pool-145-thread-1] INFO org.apache.nifi.processors.standard.ControlRate - ControlRate[id=000457d2-8d0c-4fc1-b63f-d62e976508af] transferring FlowFile[800,98900057393219.mockFlowFile,13B] to 'success'
[pool-145-thread-1] INFO org.apache.nifi.processors.standard.ControlRate - ControlRate[id=000457d2-8d0c-4fc1-b63f-d62e976508af] transferring FlowFile[801,98900057409818.mockFlowFile,13B] to 'success'
[pool-145-thread-1] INFO org.apache.nifi.processors.standard.ControlRate - ControlRate[id=000457d2-8d0c-4fc1-b63f-d62e976508af] transferring FlowFile[802,98900057427548.mockFlowFile,13B] to 'success'
[pool-145-thread-1] INFO org.apache.nifi.processors.standard.ControlRate - ControlRate[id=000457d2-8d0c-4fc1-b63f-d62e976508af] transferring FlowFile[803,98900057445064.mockFlowFile,13B] to 'success'
[pool-145-thread-1] INFO org.apache.nifi.processors.standard.ControlRate - ControlRate[id=000457d2-8d0c-4fc1-b63f-d62e976508af] transferring FlowFile[804,98900057472940.mockFlowFile,13B] to 'success'
[pool-145-thread-1] INFO org.apache.nifi.processors.standard.ControlRate - ControlRate[id=000457d2-8d0c-4fc1-b63f-d62e976508af] transferring FlowFile[805,98900057493649.mockFlowFile,13B] to 'success'
[pool-145-thread-1] INFO org.apache.nifi.processors.standard.ControlRate - ControlRate[id=000457d2-8d0c-4fc1-b63f-d62e976508af] transferring FlowFile[806,98900057511201.mockFlowFile,13B] to 'success'
[pool-145-thread-1] INFO org.apache.nifi.processors.standard.ControlRate - ControlRate[id=000457d2-8d0c-4fc1-b63f-d62e976508af] transferring FlowFile[807,98900057533414.mockFlowFile,13B] to 'success'
[pool-145-thread-1] INFO org.apache.nifi.processors.standard.ControlRate - ControlRate[id=000457d2-8d0c-4fc1-b63f-d62e976508af] transferring FlowFile[808,98900057550590.mockFlowFile,13B] to 'success'
[pool-145-thread-1] INFO org.apache.nifi.processors.standard.ControlRate - ControlRate[id=000457d2-8d0c-4fc1-b63f-d62e976508af] transferring FlowFile[809,98900057569601.mockFlowFile,13B] to 'success'
[pool-145-thread-1] INFO org.apache.nifi.processors.standard.ControlRate - ControlRate[id=000457d2-8d0c-4fc1-b63f-d62e976508af] transferring FlowFile[810,98900057587374.mockFlowFile,13B] to 'success'
[pool-145-thread-1] INFO org.apache.nifi.processors.standard.ControlRate - ControlRate[id=000457d2-8d0c-4fc1-b63f-d62e976508af] transferring FlowFile[811,98900057604315.mockFlowFile,13B] to 'success'
[pool-145-thread-1] INFO org.apache.nifi.processors.standard.ControlRate - ControlRate[id=000457d2-8d0c-4fc1-b63f-d62e976508af] transferring FlowFile[812,98900057622609.mockFlowFile,13B] to 'success'
[pool-145-thread-1] INFO org.apache.nifi.processors.standard.ControlRate - ControlRate[id=000457d2-8d0c-4fc1-b63f-d62e976508af] transferring FlowFile[813,98900057639249.mockFlowFile,13B] to 'success'
[pool-145-thread-1] INFO org.apache.nifi.processors.standard.ControlRate - ControlRate[id=000457d2-8d0c-4fc1-b63f-d62e976508af] transferring FlowFile[814,98900057657673.mockFlowFile,13B] to 'success'
[pool-145-thread-1] INFO org.apache.nifi.processors.standard.ControlRate - ControlRate[id=000457d2-8d0c-4fc1-b63f-d62e976508af] transferring FlowFile[815,98900057679293.mockFlowFile,13B] to 'success'
[pool-145-thread-1] INFO org.apache.nifi.processors.standard.ControlRate - ControlRate[id=000457d2-8d0c-4fc1-b63f-d62e976508af] transferring FlowFile[816,98900057696167.mockFlowFile,13B] to 'success'
[pool-145-thread-1] INFO org.apache.nifi.processors.standard.ControlRate - ControlRate[id=000457d2-8d0c-4fc1-b63f-d62e976508af] transferring FlowFile[817,98900057714346.mockFlowFile,13B] to 'success'
[pool-145-thread-1] INFO org.apache.nifi.processors.standard.ControlRate - ControlRate[id=000457d2-8d0c-4fc1-b63f-d62e976508af] transferring FlowFile[818,98900057731583.mockFlowFile,13B] to 'success'
[pool-145-thread-1] INFO org.apache.nifi.processors.standard.ControlRate - ControlRate[id=000457d2-8d0c-4fc1-b63f-d62e976508af] transferring FlowFile[819,98900057749467.mockFlowFile,13B] to 'success'
[pool-145-thread-1] INFO org.apache.nifi.processors.standard.ControlRate - ControlRate[id=000457d2-8d0c-4fc1-b63f-d62e976508af] transferring FlowFile[820,98900057766879.mockFlowFile,13B] to 'success'
[pool-145-thread-1] INFO org.apache.nifi.processors.standard.ControlRate - ControlRate[id=000457d2-8d0c-4fc1-b63f-d62e976508af] transferring FlowFile[821,98900057783270.mockFlowFile,13B] to 'success'
[pool-145-thread-1] INFO org.apache.nifi.processors.standard.ControlRate - ControlRate[id=000457d2-8d0c-4fc1-b63f-d62e976508af] transferring FlowFile[822,98900057807066.mockFlowFile,13B] to 'success'
[pool-145-thread-1] INFO org.apache.nifi.processors.standard.ControlRate - ControlRate[id=000457d2-8d0c-4fc1-b63f-d62e976508af] transferring FlowFile[823,98900057832116.mockFlowFile,13B] to 'success'
[pool-145-thread-1] INFO org.apache.nifi.processors.standard.ControlRate - ControlRate[id=000457d2-8d0c-4fc1-b63f-d62e976508af] transferring FlowFile[824,98900057850027.mockFlowFile,13B] to 'success'
[pool-145-thread-1] INFO org.apache.nifi.processors.standard.ControlRate - ControlRate[id=000457d2-8d0c-4fc1-b63f-d62e976508af] transferring FlowFile[825,98900057867458.mockFlowFile,13B] to 'success'
[pool-145-thread-1] INFO org.apache.nifi.processors.standard.ControlRate - ControlRate[id=000457d2-8d0c-4fc1-b63f-d62e976508af] transferring FlowFile[826,98900057883824.mockFlowFile,13B] to 'success'
[pool-145-thread-1] INFO org.apache.nifi.processors.standard.ControlRate - ControlRate[id=000457d2-8d0c-4fc1-b63f-d62e976508af] transferring FlowFile[827,98900057901257.mockFlowFile,13B] to 'success'
[pool-145-thread-1] INFO org.apache.nifi.processors.standard.ControlRate - ControlRate[id=000457d2-8d0c-4fc1-b63f-d62e976508af] transferring FlowFile[828,98900057918197.mockFlowFile,13B] to 'success'
[pool-145-thread-1] INFO org.apache.nifi.processors.standard.ControlRate - ControlRate[id=000457d2-8d0c-4fc1-b63f-d62e976508af] transferring FlowFile[829,98900057935976.mockFlowFile,13B] to 'success'
[pool-145-thread-1] INFO org.apache.nifi.processors.standard.ControlRate - ControlRate[id=000457d2-8d0c-4fc1-b63f-d62e976508af] transferring FlowFile[830,98900057953707.mockFlowFile,13B] to 'success'
[pool-145-thread-1] INFO org.apache.nifi.processors.standard.ControlRate - ControlRate[id=000457d2-8d0c-4fc1-b63f-d62e976508af] transferring FlowFile[831,98900057974374.mockFlowFile,13B] to 'success'
[pool-145-thread-1] INFO org.apache.nifi.processors.standard.ControlRate - ControlRate[id=000457d2-8d0c-4fc1-b63f-d62e976508af] transferring FlowFile[832,98900057992732.mockFlowFile,13B] to 'success'
[pool-145-thread-1] INFO org.apache.nifi.processors.standard.ControlRate - ControlRate[id=000457d2-8d0c-4fc1-b63f-d62e976508af] transferring FlowFile[833,98900058009098.mockFlowFile,13B] to 'success'
[pool-145-thread-1] INFO org.apache.nifi.processors.standard.ControlRate - ControlRate[id=000457d2-8d0c-4fc1-b63f-d62e976508af] transferring FlowFile[834,98900058036036.mockFlowFile,13B] to 'success'
[pool-145-thread-1] INFO org.apache.nifi.processors.standard.ControlRate - ControlRate[id=000457d2-8d0c-4fc1-b63f-d62e976508af] transferring FlowFile[835,98900058059765.mockFlowFile,13B] to 'success'
[pool-145-thread-1] INFO org.apache.nifi.processors.standard.ControlRate - ControlRate[id=000457d2-8d0c-4fc1-b63f-d62e976508af] transferring FlowFile[836,98900058089570.mockFlowFile,13B] to 'success'
[pool-145-thread-1] INFO org.apache.nifi.processors.standard.ControlRate - ControlRate[id=000457d2-8d0c-4fc1-b63f-d62e976508af] transferring FlowFile[837,98900058125711.mockFlowFile,13B] to 'success'
[pool-145-thread-1] INFO org.apache.nifi.processors.standard.ControlRate - ControlRate[id=000457d2-8d0c-4fc1-b63f-d62e976508af] transferring FlowFile[838,98900058142053.mockFlowFile,13B] to 'success'
[pool-145-thread-1] INFO org.apache.nifi.processors.standard.ControlRate - ControlRate[id=000457d2-8d0c-4fc1-b63f-d62e976508af] transferring FlowFile[839,98900058212831.mockFlowFile,13B] to 'success'
[pool-145-thread-1] INFO org.apache.nifi.processors.standard.ControlRate - ControlRate[id=000457d2-8d0c-4fc1-b63f-d62e976508af] transferring FlowFile[840,98900058251994.mockFlowFile,13B] to 'success'
[pool-145-thread-1] INFO org.apache.nifi.processors.standard.ControlRate - ControlRate[id=000457d2-8d0c-4fc1-b63f-d62e976508af] transferring FlowFile[841,98900058287325.mockFlowFile,13B] to 'success'
[pool-145-thread-1] INFO org.apache.nifi.processors.standard.ControlRate - ControlRate[id=000457d2-8d0c-4fc1-b63f-d62e976508af] transferring FlowFile[842,98900058304859.mockFlowFile,13B] to 'success'
[pool-145-thread-1] INFO org.apache.nifi.processors.standard.ControlRate - ControlRate[id=000457d2-8d0c-4fc1-b63f-d62e976508af] transferring FlowFile[843,98900058321320.mockFlowFile,13B] to 'success'
[pool-145-thread-1] INFO org.apache.nifi.processors.standard.ControlRate - ControlRate[id=000457d2-8d0c-4fc1-b63f-d62e976508af] transferring FlowFile[844,98900058339124.mockFlowFile,13B] to 'success'
[pool-145-thread-1] INFO org.apache.nifi.processors.standard.ControlRate - ControlRate[id=000457d2-8d0c-4fc1-b63f-d62e976508af] transferring FlowFile[845,98900058356889.mockFlowFile,13B] to 'success'
[pool-145-thread-1] INFO org.apache.nifi.processors.standard.ControlRate - ControlRate[id=000457d2-8d0c-4fc1-b63f-d62e976508af] transferring FlowFile[846,98900058373588.mockFlowFile,13B] to 'success'
[pool-145-thread-1] INFO org.apache.nifi.processors.standard.ControlRate - ControlRate[id=000457d2-8d0c-4fc1-b63f-d62e976508af] transferring FlowFile[847,98900058395541.mockFlowFile,13B] to 'success'
[pool-145-thread-1] INFO org.apache.nifi.processors.standard.ControlRate - ControlRate[id=000457d2-8d0c-4fc1-b63f-d62e976508af] transferring FlowFile[848,98900058419641.mockFlowFile,13B] to 'success'
[pool-145-thread-1] INFO org.apache.nifi.processors.standard.ControlRate - ControlRate[id=000457d2-8d0c-4fc1-b63f-d62e976508af] transferring FlowFile[849,98900058437771.mockFlowFile,13B] to 'success'
[pool-145-thread-1] INFO org.apache.nifi.processors.standard.ControlRate - ControlRate[id=000457d2-8d0c-4fc1-b63f-d62e976508af] transferring FlowFile[850,98900058456833.mockFlowFile,13B] to 'success'
[pool-145-thread-1] INFO org.apache.nifi.processors.standard.ControlRate - ControlRate[id=000457d2-8d0c-4fc1-b63f-d62e976508af] transferring FlowFile[851,98900058473546.mockFlowFile,13B] to 'success'
[pool-145-thread-1] INFO org.apache.nifi.processors.standard.ControlRate - ControlRate[id=000457d2-8d0c-4fc1-b63f-d62e976508af] transferring FlowFile[852,98900058491223.mockFlowFile,13B] to 'success'
[pool-145-thread-1] INFO org.apache.nifi.processors.standard.ControlRate - ControlRate[id=000457d2-8d0c-4fc1-b63f-d62e976508af] transferring FlowFile[853,98900058508405.mockFlowFile,13B] to 'success'
[pool-145-thread-1] INFO org.apache.nifi.processors.standard.ControlRate - ControlRate[id=000457d2-8d0c-4fc1-b63f-d62e976508af] transferring FlowFile[854,98900058526152.mockFlowFile,13B] to 'success'
[pool-145-thread-1] INFO org.apache.nifi.processors.standard.ControlRate - ControlRate[id=000457d2-8d0c-4fc1-b63f-d62e976508af] transferring FlowFile[855,98900058547574.mockFlowFile,13B] to 'success'
[pool-145-thread-1] INFO org.apache.nifi.processors.standard.ControlRate - ControlRate[id=000457d2-8d0c-4fc1-b63f-d62e976508af] transferring FlowFile[856,98900058573224.mockFlowFile,13B] to 'success'
[pool-145-thread-1] INFO org.apache.nifi.processors.standard.ControlRate - ControlRate[id=000457d2-8d0c-4fc1-b63f-d62e976508af] transferring FlowFile[857,98900058591331.mockFlowFile,13B] to 'success'
[pool-145-thread-1] INFO org.apache.nifi.processors.standard.ControlRate - ControlRate[id=000457d2-8d0c-4fc1-b63f-d62e976508af] transferring FlowFile[858,98900058610092.mockFlowFile,13B] to 'success'
[pool-145-thread-1] INFO org.apache.nifi.processors.standard.ControlRate - ControlRate[id=000457d2-8d0c-4fc1-b63f-d62e976508af] transferring FlowFile[859,98900058629170.mockFlowFile,13B] to 'success'
[pool-145-thread-1] INFO org.apache.nifi.processors.standard.ControlRate - ControlRate[id=000457d2-8d0c-4fc1-b63f-d62e976508af] transferring FlowFile[860,98900058646820.mockFlowFile,13B] to 'success'
[pool-145-thread-1] INFO org.apache.nifi.processors.standard.ControlRate - ControlRate[id=000457d2-8d0c-4fc1-b63f-d62e976508af] transferring FlowFile[861,98900058663239.mockFlowFile,13B] to 'success'
[pool-145-thread-1] INFO org.apache.nifi.processors.standard.ControlRate - ControlRate[id=000457d2-8d0c-4fc1-b63f-d62e976508af] transferring FlowFile[862,98900058680441.mockFlowFile,13B] to 'success'
[pool-145-thread-1] INFO org.apache.nifi.processors.standard.ControlRate - ControlRate[id=000457d2-8d0c-4fc1-b63f-d62e976508af] transferring FlowFile[863,98900058706476.mockFlowFile,13B] to 'success'
[pool-145-thread-1] INFO org.apache.nifi.processors.standard.ControlRate - ControlRate[id=000457d2-8d0c-4fc1-b63f-d62e976508af] transferring FlowFile[864,98900058725784.mockFlowFile,13B] to 'success'
[pool-145-thread-1] INFO org.apache.nifi.processors.standard.ControlRate - ControlRate[id=000457d2-8d0c-4fc1-b63f-d62e976508af] transferring FlowFile[865,98900058743344.mockFlowFile,13B] to 'success'
[pool-145-thread-1] INFO org.apache.nifi.processors.standard.ControlRate - ControlRate[id=000457d2-8d0c-4fc1-b63f-d62e976508af] transferring FlowFile[866,98900058760577.mockFlowFile,13B] to 'success'
[pool-145-thread-1] INFO org.apache.nifi.processors.standard.ControlRate - ControlRate[id=000457d2-8d0c-4fc1-b63f-d62e976508af] transferring FlowFile[867,98900058777971.mockFlowFile,13B] to 'success'
[pool-145-thread-1] INFO org.apache.nifi.processors.standard.ControlRate - ControlRate[id=000457d2-8d0c-4fc1-b63f-d62e976508af] transferring FlowFile[868,98900058794412.mockFlowFile,13B] to 'success'
[pool-145-thread-1] INFO org.apache.nifi.processors.standard.ControlRate - ControlRate[id=000457d2-8d0c-4fc1-b63f-d62e976508af] transferring FlowFile[869,98900058813017.mockFlowFile,13B] to 'success'
[pool-145-thread-1] INFO org.apache.nifi.processors.standard.ControlRate - ControlRate[id=000457d2-8d0c-4fc1-b63f-d62e976508af] transferring FlowFile[870,98900058831598.mockFlowFile,13B] to 'success'
[pool-145-thread-1] INFO org.apache.nifi.processors.standard.ControlRate - ControlRate[id=000457d2-8d0c-4fc1-b63f-d62e976508af] transferring FlowFile[871,98900058852373.mockFlowFile,13B] to 'success'
[pool-145-thread-1] INFO org.apache.nifi.processors.standard.ControlRate - ControlRate[id=000457d2-8d0c-4fc1-b63f-d62e976508af] transferring FlowFile[872,98900058870069.mockFlowFile,13B] to 'success'
[pool-145-thread-1] INFO org.apache.nifi.processors.standard.ControlRate - ControlRate[id=000457d2-8d0c-4fc1-b63f-d62e976508af] transferring FlowFile[873,98900058886375.mockFlowFile,13B] to 'success'
[pool-145-thread-1] INFO org.apache.nifi.processors.standard.ControlRate - ControlRate[id=000457d2-8d0c-4fc1-b63f-d62e976508af] transferring FlowFile[874,98900058903812.mockFlowFile,13B] to 'success'
[pool-145-thread-1] INFO org.apache.nifi.processors.standard.ControlRate - ControlRate[id=000457d2-8d0c-4fc1-b63f-d62e976508af] transferring FlowFile[875,98900058920862.mockFlowFile,13B] to 'success'
[pool-145-thread-1] INFO org.apache.nifi.processors.standard.ControlRate - ControlRate[id=000457d2-8d0c-4fc1-b63f-d62e976508af] transferring FlowFile[876,98900058937306.mockFlowFile,13B] to 'success'
[pool-145-thread-1] INFO org.apache.nifi.processors.standard.ControlRate - ControlRate[id=000457d2-8d0c-4fc1-b63f-d62e976508af] transferring FlowFile[877,98900058955218.mockFlowFile,13B] to 'success'
[pool-145-thread-1] INFO org.apache.nifi.processors.standard.ControlRate - ControlRate[id=000457d2-8d0c-4fc1-b63f-d62e976508af] transferring FlowFile[878,98900058971230.mockFlowFile,13B] to 'success'
[pool-145-thread-1] INFO org.apache.nifi.processors.standard.ControlRate - ControlRate[id=000457d2-8d0c-4fc1-b63f-d62e976508af] transferring FlowFile[879,98900058992914.mockFlowFile,13B] to 'success'
[pool-145-thread-1] INFO org.apache.nifi.processors.standard.ControlRate - ControlRate[id=000457d2-8d0c-4fc1-b63f-d62e976508af] transferring FlowFile[880,98900059010273.mockFlowFile,13B] to 'success'
[pool-145-thread-1] INFO org.apache.nifi.processors.standard.ControlRate - ControlRate[id=000457d2-8d0c-4fc1-b63f-d62e976508af] transferring FlowFile[881,98900059026422.mockFlowFile,13B] to 'success'
[pool-145-thread-1] INFO org.apache.nifi.processors.standard.ControlRate - ControlRate[id=000457d2-8d0c-4fc1-b63f-d62e976508af] transferring FlowFile[882,98900059043882.mockFlowFile,13B] to 'success'
[pool-145-thread-1] INFO org.apache.nifi.processors.standard.ControlRate - ControlRate[id=000457d2-8d0c-4fc1-b63f-d62e976508af] transferring FlowFile[883,98900059060229.mockFlowFile,13B] to 'success'
[pool-145-thread-1] INFO org.apache.nifi.processors.standard.ControlRate - ControlRate[id=000457d2-8d0c-4fc1-b63f-d62e976508af] transferring FlowFile[884,98900059077696.mockFlowFile,13B] to 'success'
[pool-145-thread-1] INFO org.apache.nifi.processors.standard.ControlRate - ControlRate[id=000457d2-8d0c-4fc1-b63f-d62e976508af] transferring FlowFile[885,98900059094964.mockFlowFile,13B] to 'success'
[pool-145-thread-1] INFO org.apache.nifi.processors.standard.ControlRate - ControlRate[id=000457d2-8d0c-4fc1-b63f-d62e976508af] transferring FlowFile[886,98900059111183.mockFlowFile,13B] to 'success'
[pool-145-thread-1] INFO org.apache.nifi.processors.standard.ControlRate - ControlRate[id=000457d2-8d0c-4fc1-b63f-d62e976508af] transferring FlowFile[887,98900059132476.mockFlowFile,13B] to 'success'
[pool-145-thread-1] INFO org.apache.nifi.processors.standard.ControlRate - ControlRate[id=000457d2-8d0c-4fc1-b63f-d62e976508af] transferring FlowFile[888,98900059150411.mockFlowFile,13B] to 'success'
[pool-145-thread-1] INFO org.apache.nifi.processors.standard.ControlRate - ControlRate[id=000457d2-8d0c-4fc1-b63f-d62e976508af] transferring FlowFile[889,98900059168185.mockFlowFile,13B] to 'success'
[pool-145-thread-1] INFO org.apache.nifi.processors.standard.ControlRate - ControlRate[id=000457d2-8d0c-4fc1-b63f-d62e976508af] transferring FlowFile[890,98900059195457.mockFlowFile,13B] to 'success'
[pool-145-thread-1] INFO org.apache.nifi.processors.standard.ControlRate - ControlRate[id=000457d2-8d0c-4fc1-b63f-d62e976508af] transferring FlowFile[891,98900059212409.mockFlowFile,13B] to 'success'
[pool-145-thread-1] INFO org.apache.nifi.processors.standard.ControlRate - ControlRate[id=000457d2-8d0c-4fc1-b63f-d62e976508af] transferring FlowFile[892,98900059230065.mockFlowFile,13B] to 'success'
[pool-145-thread-1] INFO org.apache.nifi.processors.standard.ControlRate - ControlRate[id=000457d2-8d0c-4fc1-b63f-d62e976508af] transferring FlowFile[893,98900059246814.mockFlowFile,13B] to 'success'
[pool-145-thread-1] INFO org.apache.nifi.processors.standard.ControlRate - ControlRate[id=000457d2-8d0c-4fc1-b63f-d62e976508af] transferring FlowFile[894,98900059264725.mockFlowFile,13B] to 'success'
[pool-145-thread-1] INFO org.apache.nifi.processors.standard.ControlRate - ControlRate[id=000457d2-8d0c-4fc1-b63f-d62e976508af] transferring FlowFile[895,98900059334868.mockFlowFile,13B] to 'success'
[pool-145-thread-1] INFO org.apache.nifi.processors.standard.ControlRate - ControlRate[id=000457d2-8d0c-4fc1-b63f-d62e976508af] transferring FlowFile[896,98900059353073.mockFlowFile,13B] to 'success'
[pool-145-thread-1] INFO org.apache.nifi.processors.standard.ControlRate - ControlRate[id=000457d2-8d0c-4fc1-b63f-d62e976508af] transferring FlowFile[897,98900059370288.mockFlowFile,13B] to 'success'
[pool-145-thread-1] INFO org.apache.nifi.processors.standard.ControlRate - ControlRate[id=000457d2-8d0c-4fc1-b63f-d62e976508af] transferring FlowFile[898,98900059386431.mockFlowFile,13B] to 'success'
[pool-145-thread-1] INFO org.apache.nifi.processors.standard.ControlRate - ControlRate[id=000457d2-8d0c-4fc1-b63f-d62e976508af] transferring FlowFile[899,98900059403856.mockFlowFile,13B] to 'success'
[pool-145-thread-1] INFO org.apache.nifi.processors.standard.ControlRate - ControlRate[id=000457d2-8d0c-4fc1-b63f-d62e976508af] transferring FlowFile[900,98900059420838.mockFlowFile,13B] to 'success'
[pool-145-thread-1] INFO org.apache.nifi.processors.standard.ControlRate - ControlRate[id=000457d2-8d0c-4fc1-b63f-d62e976508af] transferring FlowFile[901,98900059439047.mockFlowFile,13B] to 'success'
[pool-145-thread-1] INFO org.apache.nifi.processors.standard.ControlRate - ControlRate[id=000457d2-8d0c-4fc1-b63f-d62e976508af] transferring FlowFile[902,98900059456182.mockFlowFile,13B] to 'success'
[pool-145-thread-1] INFO org.apache.nifi.processors.standard.ControlRate - ControlRate[id=000457d2-8d0c-4fc1-b63f-d62e976508af] transferring FlowFile[903,98900059476009.mockFlowFile,13B] to 'success'
[pool-145-thread-1] INFO org.apache.nifi.processors.standard.ControlRate - ControlRate[id=000457d2-8d0c-4fc1-b63f-d62e976508af] transferring FlowFile[904,98900059493621.mockFlowFile,13B] to 'success'
[pool-145-thread-1] INFO org.apache.nifi.processors.standard.ControlRate - ControlRate[id=000457d2-8d0c-4fc1-b63f-d62e976508af] transferring FlowFile[905,98900059510749.mockFlowFile,13B] to 'success'
[pool-145-thread-1] INFO org.apache.nifi.processors.standard.ControlRate - ControlRate[id=000457d2-8d0c-4fc1-b63f-d62e976508af] transferring FlowFile[906,98900059526782.mockFlowFile,13B] to 'success'
[pool-145-thread-1] INFO org.apache.nifi.processors.standard.ControlRate - ControlRate[id=000457d2-8d0c-4fc1-b63f-d62e976508af] transferring FlowFile[907,98900059543497.mockFlowFile,13B] to 'success'
[pool-145-thread-1] INFO org.apache.nifi.processors.standard.ControlRate - ControlRate[id=000457d2-8d0c-4fc1-b63f-d62e976508af] transferring FlowFile[908,98900059559419.mockFlowFile,13B] to 'success'
[pool-145-thread-1] INFO org.apache.nifi.processors.standard.ControlRate - ControlRate[id=000457d2-8d0c-4fc1-b63f-d62e976508af] transferring FlowFile[909,98900059576295.mockFlowFile,13B] to 'success'
[pool-145-thread-1] INFO org.apache.nifi.processors.standard.ControlRate - ControlRate[id=000457d2-8d0c-4fc1-b63f-d62e976508af] transferring FlowFile[910,98900059593392.mockFlowFile,13B] to 'success'
[pool-145-thread-1] INFO org.apache.nifi.processors.standard.ControlRate - ControlRate[id=000457d2-8d0c-4fc1-b63f-d62e976508af] transferring FlowFile[911,98900059613591.mockFlowFile,13B] to 'success'
[pool-145-thread-1] INFO org.apache.nifi.processors.standard.ControlRate - ControlRate[id=000457d2-8d0c-4fc1-b63f-d62e976508af] transferring FlowFile[912,98900059630868.mockFlowFile,13B] to 'success'
[pool-145-thread-1] INFO org.apache.nifi.processors.standard.ControlRate - ControlRate[id=000457d2-8d0c-4fc1-b63f-d62e976508af] transferring FlowFile[913,98900059646801.mockFlowFile,13B] to 'success'
[pool-145-thread-1] INFO org.apache.nifi.processors.standard.ControlRate - ControlRate[id=000457d2-8d0c-4fc1-b63f-d62e976508af] transferring FlowFile[914,98900059664455.mockFlowFile,13B] to 'success'
[pool-145-thread-1] INFO org.apache.nifi.processors.standard.ControlRate - ControlRate[id=000457d2-8d0c-4fc1-b63f-d62e976508af] transferring FlowFile[915,98900059681686.mockFlowFile,13B] to 'success'
[pool-145-thread-1] INFO org.apache.nifi.processors.standard.ControlRate - ControlRate[id=000457d2-8d0c-4fc1-b63f-d62e976508af] transferring FlowFile[916,98900059697896.mockFlowFile,13B] to 'success'
[pool-145-thread-1] INFO org.apache.nifi.processors.standard.ControlRate - ControlRate[id=000457d2-8d0c-4fc1-b63f-d62e976508af] transferring FlowFile[917,98900059714754.mockFlowFile,13B] to 'success'
[pool-145-thread-1] INFO org.apache.nifi.processors.standard.ControlRate - ControlRate[id=000457d2-8d0c-4fc1-b63f-d62e976508af] transferring FlowFile[918,98900059732357.mockFlowFile,13B] to 'success'
[pool-145-thread-1] INFO org.apache.nifi.processors.standard.ControlRate - ControlRate[id=000457d2-8d0c-4fc1-b63f-d62e976508af] transferring FlowFile[919,98900059753463.mockFlowFile,13B] to 'success'
[pool-145-thread-1] INFO org.apache.nifi.processors.standard.ControlRate - ControlRate[id=000457d2-8d0c-4fc1-b63f-d62e976508af] transferring FlowFile[920,98900059771736.mockFlowFile,13B] to 'success'
[pool-145-thread-1] INFO org.apache.nifi.processors.standard.ControlRate - ControlRate[id=000457d2-8d0c-4fc1-b63f-d62e976508af] transferring FlowFile[921,98900059787956.mockFlowFile,13B] to 'success'
[pool-145-thread-1] INFO org.apache.nifi.processors.standard.ControlRate - ControlRate[id=000457d2-8d0c-4fc1-b63f-d62e976508af] transferring FlowFile[922,98900059804787.mockFlowFile,13B] to 'success'
[pool-145-thread-1] INFO org.apache.nifi.processors.standard.ControlRate - ControlRate[id=000457d2-8d0c-4fc1-b63f-d62e976508af] transferring FlowFile[923,98900059820734.mockFlowFile,13B] to 'success'
[pool-145-thread-1] INFO org.apache.nifi.processors.standard.ControlRate - ControlRate[id=000457d2-8d0c-4fc1-b63f-d62e976508af] transferring FlowFile[924,98900059837717.mockFlowFile,13B] to 'success'
[pool-145-thread-1] INFO org.apache.nifi.processors.standard.ControlRate - ControlRate[id=000457d2-8d0c-4fc1-b63f-d62e976508af] transferring FlowFile[925,98900059854518.mockFlowFile,13B] to 'success'
[pool-145-thread-1] INFO org.apache.nifi.processors.standard.ControlRate - ControlRate[id=000457d2-8d0c-4fc1-b63f-d62e976508af] transferring FlowFile[926,98900059871319.mockFlowFile,13B] to 'success'
[pool-145-thread-1] INFO org.apache.nifi.processors.standard.ControlRate - ControlRate[id=000457d2-8d0c-4fc1-b63f-d62e976508af] transferring FlowFile[927,98900059892427.mockFlowFile,13B] to 'success'
[pool-145-thread-1] INFO org.apache.nifi.processors.standard.ControlRate - ControlRate[id=000457d2-8d0c-4fc1-b63f-d62e976508af] transferring FlowFile[928,98900059908902.mockFlowFile,13B] to 'success'
[pool-145-thread-1] INFO org.apache.nifi.processors.standard.ControlRate - ControlRate[id=000457d2-8d0c-4fc1-b63f-d62e976508af] transferring FlowFile[929,98900059925766.mockFlowFile,13B] to 'success'
[pool-145-thread-1] INFO org.apache.nifi.processors.standard.ControlRate - ControlRate[id=000457d2-8d0c-4fc1-b63f-d62e976508af] transferring FlowFile[930,98900059942899.mockFlowFile,13B] to 'success'
[pool-145-thread-1] INFO org.apache.nifi.processors.standard.ControlRate - ControlRate[id=000457d2-8d0c-4fc1-b63f-d62e976508af] transferring FlowFile[931,98900059959799.mockFlowFile,13B] to 'success'
[pool-145-thread-1] INFO org.apache.nifi.processors.standard.ControlRate - ControlRate[id=000457d2-8d0c-4fc1-b63f-d62e976508af] transferring FlowFile[932,98900059977025.mockFlowFile,13B] to 'success'
[pool-145-thread-1] INFO org.apache.nifi.processors.standard.ControlRate - ControlRate[id=000457d2-8d0c-4fc1-b63f-d62e976508af] transferring FlowFile[933,98900059993018.mockFlowFile,13B] to 'success'
[pool-145-thread-1] INFO org.apache.nifi.processors.standard.ControlRate - ControlRate[id=000457d2-8d0c-4fc1-b63f-d62e976508af] transferring FlowFile[934,98900060025979.mockFlowFile,13B] to 'success'
[pool-145-thread-1] INFO org.apache.nifi.processors.standard.ControlRate - ControlRate[id=000457d2-8d0c-4fc1-b63f-d62e976508af] transferring FlowFile[935,98900060048173.mockFlowFile,13B] to 'success'
[pool-145-thread-1] INFO org.apache.nifi.processors.standard.ControlRate - ControlRate[id=000457d2-8d0c-4fc1-b63f-d62e976508af] transferring FlowFile[936,98900060064377.mockFlowFile,13B] to 'success'
[pool-145-thread-1] INFO org.apache.nifi.processors.standard.ControlRate - ControlRate[id=000457d2-8d0c-4fc1-b63f-d62e976508af] transferring FlowFile[937,98900060081226.mockFlowFile,13B] to 'success'
[pool-145-thread-1] INFO org.apache.nifi.processors.standard.ControlRate - ControlRate[id=000457d2-8d0c-4fc1-b63f-d62e976508af] transferring FlowFile[938,98900060098034.mockFlowFile,13B] to 'success'
[pool-145-thread-1] INFO org.apache.nifi.processors.standard.ControlRate - ControlRate[id=000457d2-8d0c-4fc1-b63f-d62e976508af] transferring FlowFile[939,98900060115162.mockFlowFile,13B] to 'success'
[pool-145-thread-1] INFO org.apache.nifi.processors.standard.ControlRate - ControlRate[id=000457d2-8d0c-4fc1-b63f-d62e976508af] transferring FlowFile[940,98900060132119.mockFlowFile,13B] to 'success'
[pool-145-thread-1] INFO org.apache.nifi.processors.standard.ControlRate - ControlRate[id=000457d2-8d0c-4fc1-b63f-d62e976508af] transferring FlowFile[941,98900060148083.mockFlowFile,13B] to 'success'
[pool-145-thread-1] INFO org.apache.nifi.processors.standard.ControlRate - ControlRate[id=000457d2-8d0c-4fc1-b63f-d62e976508af] transferring FlowFile[942,98900060165365.mockFlowFile,13B] to 'success'
[pool-145-thread-1] INFO org.apache.nifi.processors.standard.ControlRate - ControlRate[id=000457d2-8d0c-4fc1-b63f-d62e976508af] transferring FlowFile[943,98900060185194.mockFlowFile,13B] to 'success'
[pool-145-thread-1] INFO org.apache.nifi.processors.standard.ControlRate - ControlRate[id=000457d2-8d0c-4fc1-b63f-d62e976508af] transferring FlowFile[944,98900060202397.mockFlowFile,13B] to 'success'
[pool-145-thread-1] INFO org.apache.nifi.processors.standard.ControlRate - ControlRate[id=000457d2-8d0c-4fc1-b63f-d62e976508af] transferring FlowFile[945,98900060228268.mockFlowFile,13B] to 'success'
[pool-145-thread-1] INFO org.apache.nifi.processors.standard.ControlRate - ControlRate[id=000457d2-8d0c-4fc1-b63f-d62e976508af] transferring FlowFile[946,98900060245917.mockFlowFile,13B] to 'success'
[pool-145-thread-1] INFO org.apache.nifi.processors.standard.ControlRate - ControlRate[id=000457d2-8d0c-4fc1-b63f-d62e976508af] transferring FlowFile[947,98900060263011.mockFlowFile,13B] to 'success'
[pool-145-thread-1] INFO org.apache.nifi.processors.standard.ControlRate - ControlRate[id=000457d2-8d0c-4fc1-b63f-d62e976508af] transferring FlowFile[948,98900060279026.mockFlowFile,13B] to 'success'
[pool-145-thread-1] INFO org.apache.nifi.processors.standard.ControlRate - ControlRate[id=000457d2-8d0c-4fc1-b63f-d62e976508af] transferring FlowFile[949,98900060296026.mockFlowFile,13B] to 'success'
[pool-145-thread-1] INFO org.apache.nifi.processors.standard.ControlRate - ControlRate[id=000457d2-8d0c-4fc1-b63f-d62e976508af] transferring FlowFile[950,98900060314029.mockFlowFile,13B] to 'success'
[pool-145-thread-1] INFO org.apache.nifi.processors.standard.ControlRate - ControlRate[id=000457d2-8d0c-4fc1-b63f-d62e976508af] transferring FlowFile[951,98900060334204.mockFlowFile,13B] to 'success'
[pool-145-thread-1] INFO org.apache.nifi.processors.standard.ControlRate - ControlRate[id=000457d2-8d0c-4fc1-b63f-d62e976508af] transferring FlowFile[952,98900060351790.mockFlowFile,13B] to 'success'
[pool-145-thread-1] INFO org.apache.nifi.processors.standard.ControlRate - ControlRate[id=000457d2-8d0c-4fc1-b63f-d62e976508af] transferring FlowFile[953,98900060367488.mockFlowFile,13B] to 'success'
[pool-145-thread-1] INFO org.apache.nifi.processors.standard.ControlRate - ControlRate[id=000457d2-8d0c-4fc1-b63f-d62e976508af] transferring FlowFile[954,98900060384189.mockFlowFile,13B] to 'success'
[pool-145-thread-1] INFO org.apache.nifi.processors.standard.ControlRate - ControlRate[id=000457d2-8d0c-4fc1-b63f-d62e976508af] transferring FlowFile[955,98900060401665.mockFlowFile,13B] to 'success'
[pool-145-thread-1] INFO org.apache.nifi.processors.standard.ControlRate - ControlRate[id=000457d2-8d0c-4fc1-b63f-d62e976508af] transferring FlowFile[956,98900060417272.mockFlowFile,13B] to 'success'
[pool-145-thread-1] INFO org.apache.nifi.processors.standard.ControlRate - ControlRate[id=000457d2-8d0c-4fc1-b63f-d62e976508af] transferring FlowFile[957,98900060433862.mockFlowFile,13B] to 'success'
[pool-145-thread-1] INFO org.apache.nifi.processors.standard.ControlRate - ControlRate[id=000457d2-8d0c-4fc1-b63f-d62e976508af] transferring FlowFile[958,98900060449424.mockFlowFile,13B] to 'success'
[pool-145-thread-1] INFO org.apache.nifi.processors.standard.ControlRate - ControlRate[id=000457d2-8d0c-4fc1-b63f-d62e976508af] transferring FlowFile[959,98900060469922.mockFlowFile,13B] to 'success'
[pool-145-thread-1] INFO org.apache.nifi.processors.standard.ControlRate - ControlRate[id=000457d2-8d0c-4fc1-b63f-d62e976508af] transferring FlowFile[960,98900060488424.mockFlowFile,13B] to 'success'
[pool-145-thread-1] INFO org.apache.nifi.processors.standard.ControlRate - ControlRate[id=000457d2-8d0c-4fc1-b63f-d62e976508af] transferring FlowFile[961,98900060504505.mockFlowFile,13B] to 'success'
[pool-145-thread-1] INFO org.apache.nifi.processors.standard.ControlRate - ControlRate[id=000457d2-8d0c-4fc1-b63f-d62e976508af] transferring FlowFile[962,98900060522174.mockFlowFile,13B] to 'success'
[pool-145-thread-1] INFO org.apache.nifi.processors.standard.ControlRate - ControlRate[id=000457d2-8d0c-4fc1-b63f-d62e976508af] transferring FlowFile[963,98900060538424.mockFlowFile,13B] to 'success'
[pool-145-thread-1] INFO org.apache.nifi.processors.standard.ControlRate - ControlRate[id=000457d2-8d0c-4fc1-b63f-d62e976508af] transferring FlowFile[964,98900060554975.mockFlowFile,13B] to 'success'
[pool-145-thread-1] INFO org.apache.nifi.processors.standard.ControlRate - ControlRate[id=000457d2-8d0c-4fc1-b63f-d62e976508af] transferring FlowFile[965,98900060571788.mockFlowFile,13B] to 'success'
[pool-145-thread-1] INFO org.apache.nifi.processors.standard.ControlRate - ControlRate[id=000457d2-8d0c-4fc1-b63f-d62e976508af] transferring FlowFile[966,98900060587007.mockFlowFile,13B] to 'success'
[pool-145-thread-1] INFO org.apache.nifi.processors.standard.ControlRate - ControlRate[id=000457d2-8d0c-4fc1-b63f-d62e976508af] transferring FlowFile[967,98900060607255.mockFlowFile,13B] to 'success'
[pool-145-thread-1] INFO org.apache.nifi.processors.standard.ControlRate - ControlRate[id=000457d2-8d0c-4fc1-b63f-d62e976508af] transferring FlowFile[968,98900060623547.mockFlowFile,13B] to 'success'
[pool-145-thread-1] INFO org.apache.nifi.processors.standard.ControlRate - ControlRate[id=000457d2-8d0c-4fc1-b63f-d62e976508af] transferring FlowFile[969,98900060640609.mockFlowFile,13B] to 'success'
[pool-145-thread-1] INFO org.apache.nifi.processors.standard.ControlRate - ControlRate[id=000457d2-8d0c-4fc1-b63f-d62e976508af] transferring FlowFile[970,98900060656958.mockFlowFile,13B] to 'success'
[pool-145-thread-1] INFO org.apache.nifi.processors.standard.ControlRate - ControlRate[id=000457d2-8d0c-4fc1-b63f-d62e976508af] transferring FlowFile[971,98900060673918.mockFlowFile,13B] to 'success'
[pool-145-thread-1] INFO org.apache.nifi.processors.standard.ControlRate - ControlRate[id=000457d2-8d0c-4fc1-b63f-d62e976508af] transferring FlowFile[972,98900060690704.mockFlowFile,13B] to 'success'
[pool-145-thread-1] INFO org.apache.nifi.processors.standard.ControlRate - ControlRate[id=000457d2-8d0c-4fc1-b63f-d62e976508af] transferring FlowFile[973,98900060706234.mockFlowFile,13B] to 'success'
[pool-145-thread-1] INFO org.apache.nifi.processors.standard.ControlRate - ControlRate[id=000457d2-8d0c-4fc1-b63f-d62e976508af] transferring FlowFile[974,98900060722579.mockFlowFile,13B] to 'success'
[pool-145-thread-1] INFO org.apache.nifi.processors.standard.ControlRate - ControlRate[id=000457d2-8d0c-4fc1-b63f-d62e976508af] transferring FlowFile[975,98900060742909.mockFlowFile,13B] to 'success'
[pool-145-thread-1] INFO org.apache.nifi.processors.standard.ControlRate - ControlRate[id=000457d2-8d0c-4fc1-b63f-d62e976508af] transferring FlowFile[976,98900060758729.mockFlowFile,13B] to 'success'
[pool-145-thread-1] INFO org.apache.nifi.processors.standard.ControlRate - ControlRate[id=000457d2-8d0c-4fc1-b63f-d62e976508af] transferring FlowFile[977,98900060775474.mockFlowFile,13B] to 'success'
[pool-145-thread-1] INFO org.apache.nifi.processors.standard.ControlRate - ControlRate[id=000457d2-8d0c-4fc1-b63f-d62e976508af] transferring FlowFile[978,98900060790738.mockFlowFile,13B] to 'success'
[pool-145-thread-1] INFO org.apache.nifi.processors.standard.ControlRate - ControlRate[id=000457d2-8d0c-4fc1-b63f-d62e976508af] transferring FlowFile[979,98900060807513.mockFlowFile,13B] to 'success'
[pool-145-thread-1] INFO org.apache.nifi.processors.standard.ControlRate - ControlRate[id=000457d2-8d0c-4fc1-b63f-d62e976508af] transferring FlowFile[980,98900060823910.mockFlowFile,13B] to 'success'
[pool-145-thread-1] INFO org.apache.nifi.processors.standard.ControlRate - ControlRate[id=000457d2-8d0c-4fc1-b63f-d62e976508af] transferring FlowFile[981,98900060839420.mockFlowFile,13B] to 'success'
[pool-145-thread-1] INFO org.apache.nifi.processors.standard.ControlRate - ControlRate[id=000457d2-8d0c-4fc1-b63f-d62e976508af] transferring FlowFile[982,98900060856082.mockFlowFile,13B] to 'success'
[pool-145-thread-1] INFO org.apache.nifi.processors.standard.ControlRate - ControlRate[id=000457d2-8d0c-4fc1-b63f-d62e976508af] transferring FlowFile[983,98900060875131.mockFlowFile,13B] to 'success'
[pool-145-thread-1] INFO org.apache.nifi.processors.standard.ControlRate - ControlRate[id=000457d2-8d0c-4fc1-b63f-d62e976508af] transferring FlowFile[984,98900060892236.mockFlowFile,13B] to 'success'
[pool-145-thread-1] INFO org.apache.nifi.processors.standard.ControlRate - ControlRate[id=000457d2-8d0c-4fc1-b63f-d62e976508af] transferring FlowFile[985,98900060908642.mockFlowFile,13B] to 'success'
[pool-145-thread-1] INFO org.apache.nifi.processors.standard.ControlRate - ControlRate[id=000457d2-8d0c-4fc1-b63f-d62e976508af] transferring FlowFile[986,98900060924887.mockFlowFile,13B] to 'success'
[pool-145-thread-1] INFO org.apache.nifi.processors.standard.ControlRate - ControlRate[id=000457d2-8d0c-4fc1-b63f-d62e976508af] transferring FlowFile[987,98900060941827.mockFlowFile,13B] to 'success'
[pool-145-thread-1] INFO org.apache.nifi.processors.standard.ControlRate - ControlRate[id=000457d2-8d0c-4fc1-b63f-d62e976508af] transferring FlowFile[988,98900060957333.mockFlowFile,13B] to 'success'
[pool-145-thread-1] INFO org.apache.nifi.processors.standard.ControlRate - ControlRate[id=000457d2-8d0c-4fc1-b63f-d62e976508af] transferring FlowFile[989,98900060983340.mockFlowFile,13B] to 'success'
[pool-145-thread-1] INFO org.apache.nifi.processors.standard.ControlRate - ControlRate[id=000457d2-8d0c-4fc1-b63f-d62e976508af] transferring FlowFile[990,98900061030125.mockFlowFile,13B] to 'success'
[pool-145-thread-1] INFO org.apache.nifi.processors.standard.ControlRate - ControlRate[id=000457d2-8d0c-4fc1-b63f-d62e976508af] transferring FlowFile[991,98900061055287.mockFlowFile,13B] to 'success'
[pool-145-thread-1] INFO org.apache.nifi.processors.standard.ControlRate - ControlRate[id=000457d2-8d0c-4fc1-b63f-d62e976508af] transferring FlowFile[992,98900061074517.mockFlowFile,13B] to 'success'
[pool-145-thread-1] INFO org.apache.nifi.processors.standard.ControlRate - ControlRate[id=000457d2-8d0c-4fc1-b63f-d62e976508af] transferring FlowFile[993,98900061089925.mockFlowFile,13B] to 'success'
[pool-145-thread-1] INFO org.apache.nifi.processors.standard.ControlRate - ControlRate[id=000457d2-8d0c-4fc1-b63f-d62e976508af] transferring FlowFile[994,98900061175935.mockFlowFile,13B] to 'success'
[pool-145-thread-1] INFO org.apache.nifi.processors.standard.ControlRate - ControlRate[id=000457d2-8d0c-4fc1-b63f-d62e976508af] transferring FlowFile[995,98900061219917.mockFlowFile,13B] to 'success'
[pool-145-thread-1] INFO org.apache.nifi.processors.standard.ControlRate - ControlRate[id=000457d2-8d0c-4fc1-b63f-d62e976508af] transferring FlowFile[996,98900061235381.mockFlowFile,13B] to 'success'
[pool-145-thread-1] INFO org.apache.nifi.processors.standard.ControlRate - ControlRate[id=000457d2-8d0c-4fc1-b63f-d62e976508af] transferring FlowFile[997,98900061257054.mockFlowFile,13B] to 'success'
[pool-145-thread-1] INFO org.apache.nifi.processors.standard.ControlRate - ControlRate[id=000457d2-8d0c-4fc1-b63f-d62e976508af] transferring FlowFile[998,98900061273553.mockFlowFile,13B] to 'success'
[pool-145-thread-1] INFO org.apache.nifi.processors.standard.ControlRate - ControlRate[id=000457d2-8d0c-4fc1-b63f-d62e976508af] transferring FlowFile[999,98900061297170.mockFlowFile,13B] to 'success'
[pool-146-thread-1] INFO org.apache.nifi.processors.standard.ControlRate - ControlRate[id=000457d2-8d0c-4fc1-b63f-d62e976508af] transferring FlowFile[1000,98900061314415.mockFlowFile,14B] to 'success'
[pool-146-thread-1] INFO org.apache.nifi.processors.standard.ControlRate - ControlRate[id=000457d2-8d0c-4fc1-b63f-d62e976508af] transferring FlowFile[1001,98900061329633.mockFlowFile,14B] to 'success'
[pool-146-thread-1] INFO org.apache.nifi.processors.standard.ControlRate - ControlRate[id=000457d2-8d0c-4fc1-b63f-d62e976508af] transferring FlowFile[1002,98900061345720.mockFlowFile,14B] to 'success'
[pool-146-thread-1] INFO org.apache.nifi.processors.standard.ControlRate - ControlRate[id=000457d2-8d0c-4fc1-b63f-d62e976508af] transferring FlowFile[1003,98900061360639.mockFlowFile,14B] to 'success'
[pool-146-thread-1] INFO org.apache.nifi.processors.standard.ControlRate - ControlRate[id=000457d2-8d0c-4fc1-b63f-d62e976508af] transferring FlowFile[1004,98900061376979.mockFlowFile,14B] to 'success'
[pool-146-thread-1] INFO org.apache.nifi.processors.standard.ControlRate - ControlRate[id=000457d2-8d0c-4fc1-b63f-d62e976508af] transferring FlowFile[1005,98900061392903.mockFlowFile,14B] to 'success'
[pool-146-thread-1] INFO org.apache.nifi.processors.standard.ControlRate - ControlRate[id=000457d2-8d0c-4fc1-b63f-d62e976508af] transferring FlowFile[1006,98900061408371.mockFlowFile,14B] to 'success'
[pool-146-thread-1] INFO org.apache.nifi.processors.standard.ControlRate - ControlRate[id=000457d2-8d0c-4fc1-b63f-d62e976508af] transferring FlowFile[1007,98900061428143.mockFlowFile,14B] to 'success'
[pool-146-thread-1] INFO org.apache.nifi.processors.standard.ControlRate - ControlRate[id=000457d2-8d0c-4fc1-b63f-d62e976508af] transferring FlowFile[1008,98900061443621.mockFlowFile,14B] to 'success'
[pool-146-thread-1] INFO org.apache.nifi.processors.standard.ControlRate - ControlRate[id=000457d2-8d0c-4fc1-b63f-d62e976508af] transferring FlowFile[1009,98900061460069.mockFlowFile,14B] to 'success'
[pool-146-thread-1] INFO org.apache.nifi.processors.standard.ControlRate - ControlRate[id=000457d2-8d0c-4fc1-b63f-d62e976508af] transferring FlowFile[1010,98900061476224.mockFlowFile,14B] to 'success'
[pool-146-thread-1] INFO org.apache.nifi.processors.standard.ControlRate - ControlRate[id=000457d2-8d0c-4fc1-b63f-d62e976508af] transferring FlowFile[1011,98900061491256.mockFlowFile,14B] to 'success'
[pool-146-thread-1] INFO org.apache.nifi.processors.standard.ControlRate - ControlRate[id=000457d2-8d0c-4fc1-b63f-d62e976508af] transferring FlowFile[1012,98900061507201.mockFlowFile,14B] to 'success'
[pool-146-thread-1] INFO org.apache.nifi.processors.standard.ControlRate - ControlRate[id=000457d2-8d0c-4fc1-b63f-d62e976508af] transferring FlowFile[1013,98900061522397.mockFlowFile,14B] to 'success'
[pool-146-thread-1] INFO org.apache.nifi.processors.standard.ControlRate - ControlRate[id=000457d2-8d0c-4fc1-b63f-d62e976508af] transferring FlowFile[1014,98900061538605.mockFlowFile,14B] to 'success'
[pool-146-thread-1] INFO org.apache.nifi.processors.standard.ControlRate - ControlRate[id=000457d2-8d0c-4fc1-b63f-d62e976508af] transferring FlowFile[1015,98900061560702.mockFlowFile,14B] to 'success'
[pool-146-thread-1] INFO org.apache.nifi.processors.standard.ControlRate - ControlRate[id=000457d2-8d0c-4fc1-b63f-d62e976508af] transferring FlowFile[1016,98900061576430.mockFlowFile,14B] to 'success'
[pool-146-thread-1] INFO org.apache.nifi.processors.standard.ControlRate - ControlRate[id=000457d2-8d0c-4fc1-b63f-d62e976508af] transferring FlowFile[1017,98900061592785.mockFlowFile,14B] to 'success'
[pool-146-thread-1] INFO org.apache.nifi.processors.standard.ControlRate - ControlRate[id=000457d2-8d0c-4fc1-b63f-d62e976508af] transferring FlowFile[1018,98900061607859.mockFlowFile,14B] to 'success'
[pool-146-thread-1] INFO org.apache.nifi.processors.standard.ControlRate - ControlRate[id=000457d2-8d0c-4fc1-b63f-d62e976508af] transferring FlowFile[1019,98900061623900.mockFlowFile,14B] to 'success'
[pool-146-thread-1] INFO org.apache.nifi.processors.standard.ControlRate - ControlRate[id=000457d2-8d0c-4fc1-b63f-d62e976508af] transferring FlowFile[1020,98900061641538.mockFlowFile,14B] to 'success'
[pool-146-thread-1] INFO org.apache.nifi.processors.standard.ControlRate - ControlRate[id=000457d2-8d0c-4fc1-b63f-d62e976508af] transferring FlowFile[1021,98900061656513.mockFlowFile,14B] to 'success'
[pool-146-thread-1] INFO org.apache.nifi.processors.standard.ControlRate - ControlRate[id=000457d2-8d0c-4fc1-b63f-d62e976508af] transferring FlowFile[1022,98900061672648.mockFlowFile,14B] to 'success'
[pool-146-thread-1] INFO org.apache.nifi.processors.standard.ControlRate - ControlRate[id=000457d2-8d0c-4fc1-b63f-d62e976508af] transferring FlowFile[1023,98900061691590.mockFlowFile,14B] to 'success'
[pool-146-thread-1] INFO org.apache.nifi.processors.standard.ControlRate - ControlRate[id=000457d2-8d0c-4fc1-b63f-d62e976508af] transferring FlowFile[1024,98900061712660.mockFlowFile,14B] to 'success'
[pool-146-thread-1] INFO org.apache.nifi.processors.standard.ControlRate - ControlRate[id=000457d2-8d0c-4fc1-b63f-d62e976508af] transferring FlowFile[1025,98900061729281.mockFlowFile,14B] to 'success'
[pool-146-thread-1] INFO org.apache.nifi.processors.standard.ControlRate - ControlRate[id=000457d2-8d0c-4fc1-b63f-d62e976508af] transferring FlowFile[1026,98900061744414.mockFlowFile,14B] to 'success'
[pool-146-thread-1] INFO org.apache.nifi.processors.standard.ControlRate - ControlRate[id=000457d2-8d0c-4fc1-b63f-d62e976508af] transferring FlowFile[1027,98900061760620.mockFlowFile,14B] to 'success'
[pool-146-thread-1] INFO org.apache.nifi.processors.standard.ControlRate - ControlRate[id=000457d2-8d0c-4fc1-b63f-d62e976508af] transferring FlowFile[1028,98900061775710.mockFlowFile,14B] to 'success'
[pool-146-thread-1] INFO org.apache.nifi.processors.standard.ControlRate - ControlRate[id=000457d2-8d0c-4fc1-b63f-d62e976508af] transferring FlowFile[1029,98900061791984.mockFlowFile,14B] to 'success'
[pool-146-thread-1] INFO org.apache.nifi.processors.standard.ControlRate - ControlRate[id=000457d2-8d0c-4fc1-b63f-d62e976508af] transferring FlowFile[1030,98900061808209.mockFlowFile,14B] to 'success'
[pool-146-thread-1] INFO org.apache.nifi.processors.standard.ControlRate - ControlRate[id=000457d2-8d0c-4fc1-b63f-d62e976508af] transferring FlowFile[1031,98900061826979.mockFlowFile,14B] to 'success'
[pool-146-thread-1] INFO org.apache.nifi.processors.standard.ControlRate - ControlRate[id=000457d2-8d0c-4fc1-b63f-d62e976508af] transferring FlowFile[1032,98900061843726.mockFlowFile,14B] to 'success'
[pool-146-thread-1] INFO org.apache.nifi.processors.standard.ControlRate - ControlRate[id=000457d2-8d0c-4fc1-b63f-d62e976508af] transferring FlowFile[1033,98900061859692.mockFlowFile,14B] to 'success'
[pool-146-thread-1] INFO org.apache.nifi.processors.standard.ControlRate - ControlRate[id=000457d2-8d0c-4fc1-b63f-d62e976508af] transferring FlowFile[1034,98900061876085.mockFlowFile,14B] to 'success'
[pool-146-thread-1] INFO org.apache.nifi.processors.standard.ControlRate - ControlRate[id=000457d2-8d0c-4fc1-b63f-d62e976508af] transferring FlowFile[1035,98900061892670.mockFlowFile,14B] to 'success'
[pool-146-thread-1] INFO org.apache.nifi.processors.standard.ControlRate - ControlRate[id=000457d2-8d0c-4fc1-b63f-d62e976508af] transferring FlowFile[1036,98900061908871.mockFlowFile,14B] to 'success'
[pool-146-thread-1] INFO org.apache.nifi.processors.standard.ControlRate - ControlRate[id=000457d2-8d0c-4fc1-b63f-d62e976508af] transferring FlowFile[1037,98900061925172.mockFlowFile,14B] to 'success'
[pool-146-thread-1] INFO org.apache.nifi.processors.standard.ControlRate - ControlRate[id=000457d2-8d0c-4fc1-b63f-d62e976508af] transferring FlowFile[1038,98900061940094.mockFlowFile,14B] to 'success'
[pool-146-thread-1] INFO org.apache.nifi.processors.standard.ControlRate - ControlRate[id=000457d2-8d0c-4fc1-b63f-d62e976508af] transferring FlowFile[1039,98900061960014.mockFlowFile,14B] to 'success'
[pool-146-thread-1] INFO org.apache.nifi.processors.standard.ControlRate - ControlRate[id=000457d2-8d0c-4fc1-b63f-d62e976508af] transferring FlowFile[1040,98900061976547.mockFlowFile,14B] to 'success'
[pool-146-thread-1] INFO org.apache.nifi.processors.standard.ControlRate - ControlRate[id=000457d2-8d0c-4fc1-b63f-d62e976508af] transferring FlowFile[1041,98900061991791.mockFlowFile,14B] to 'success'
[pool-146-thread-1] INFO org.apache.nifi.processors.standard.ControlRate - ControlRate[id=000457d2-8d0c-4fc1-b63f-d62e976508af] transferring FlowFile[1042,98900062008243.mockFlowFile,14B] to 'success'
[pool-146-thread-1] INFO org.apache.nifi.processors.standard.ControlRate - ControlRate[id=000457d2-8d0c-4fc1-b63f-d62e976508af] transferring FlowFile[1043,98900062023490.mockFlowFile,14B] to 'success'
[pool-146-thread-1] INFO org.apache.nifi.processors.standard.ControlRate - ControlRate[id=000457d2-8d0c-4fc1-b63f-d62e976508af] transferring FlowFile[1044,98900062041173.mockFlowFile,14B] to 'success'
[pool-146-thread-1] INFO org.apache.nifi.processors.standard.ControlRate - ControlRate[id=000457d2-8d0c-4fc1-b63f-d62e976508af] transferring FlowFile[1045,98900062057743.mockFlowFile,14B] to 'success'
[pool-146-thread-1] INFO org.apache.nifi.processors.standard.ControlRate - ControlRate[id=000457d2-8d0c-4fc1-b63f-d62e976508af] transferring FlowFile[1046,98900062135456.mockFlowFile,14B] to 'success'
[pool-146-thread-1] INFO org.apache.nifi.processors.standard.ControlRate - ControlRate[id=000457d2-8d0c-4fc1-b63f-d62e976508af] transferring FlowFile[1047,98900062156282.mockFlowFile,14B] to 'success'
[pool-146-thread-1] INFO org.apache.nifi.processors.standard.ControlRate - ControlRate[id=000457d2-8d0c-4fc1-b63f-d62e976508af] transferring FlowFile[1048,98900062179363.mockFlowFile,14B] to 'success'
[pool-146-thread-1] INFO org.apache.nifi.processors.standard.ControlRate - ControlRate[id=000457d2-8d0c-4fc1-b63f-d62e976508af] transferring FlowFile[1049,98900062195471.mockFlowFile,14B] to 'success'
[pool-146-thread-1] INFO org.apache.nifi.processors.standard.ControlRate - ControlRate[id=000457d2-8d0c-4fc1-b63f-d62e976508af] transferring FlowFile[1050,98900062209920.mockFlowFile,14B] to 'success'
[pool-146-thread-1] INFO org.apache.nifi.processors.standard.ControlRate - ControlRate[id=000457d2-8d0c-4fc1-b63f-d62e976508af] transferring FlowFile[1051,98900062223683.mockFlowFile,14B] to 'success'
[pool-146-thread-1] INFO org.apache.nifi.processors.standard.ControlRate - ControlRate[id=000457d2-8d0c-4fc1-b63f-d62e976508af] transferring FlowFile[1052,98900062239539.mockFlowFile,14B] to 'success'
[pool-146-thread-1] INFO org.apache.nifi.processors.standard.ControlRate - ControlRate[id=000457d2-8d0c-4fc1-b63f-d62e976508af] transferring FlowFile[1053,98900062253287.mockFlowFile,14B] to 'success'
[pool-146-thread-1] INFO org.apache.nifi.processors.standard.ControlRate - ControlRate[id=000457d2-8d0c-4fc1-b63f-d62e976508af] transferring FlowFile[1054,98900062268215.mockFlowFile,14B] to 'success'
[pool-146-thread-1] INFO org.apache.nifi.processors.standard.ControlRate - ControlRate[id=000457d2-8d0c-4fc1-b63f-d62e976508af] transferring FlowFile[1055,98900062286863.mockFlowFile,14B] to 'success'
[pool-146-thread-1] INFO org.apache.nifi.processors.standard.ControlRate - ControlRate[id=000457d2-8d0c-4fc1-b63f-d62e976508af] transferring FlowFile[1056,98900062301225.mockFlowFile,14B] to 'success'
[pool-146-thread-1] INFO org.apache.nifi.processors.standard.ControlRate - ControlRate[id=000457d2-8d0c-4fc1-b63f-d62e976508af] transferring FlowFile[1057,98900062316251.mockFlowFile,14B] to 'success'
[pool-146-thread-1] INFO org.apache.nifi.processors.standard.ControlRate - ControlRate[id=000457d2-8d0c-4fc1-b63f-d62e976508af] transferring FlowFile[1058,98900062330418.mockFlowFile,14B] to 'success'
[pool-146-thread-1] INFO org.apache.nifi.processors.standard.ControlRate - ControlRate[id=000457d2-8d0c-4fc1-b63f-d62e976508af] transferring FlowFile[1059,98900062345745.mockFlowFile,14B] to 'success'
[pool-146-thread-1] INFO org.apache.nifi.processors.standard.ControlRate - ControlRate[id=000457d2-8d0c-4fc1-b63f-d62e976508af] transferring FlowFile[1060,98900062360849.mockFlowFile,14B] to 'success'
[pool-146-thread-1] INFO org.apache.nifi.processors.standard.ControlRate - ControlRate[id=000457d2-8d0c-4fc1-b63f-d62e976508af] transferring FlowFile[1061,98900062376468.mockFlowFile,14B] to 'success'
[pool-146-thread-1] INFO org.apache.nifi.processors.standard.ControlRate - ControlRate[id=000457d2-8d0c-4fc1-b63f-d62e976508af] transferring FlowFile[1062,98900062391504.mockFlowFile,14B] to 'success'
[pool-146-thread-1] INFO org.apache.nifi.processors.standard.ControlRate - ControlRate[id=000457d2-8d0c-4fc1-b63f-d62e976508af] transferring FlowFile[1063,98900062409216.mockFlowFile,14B] to 'success'
[pool-146-thread-1] INFO org.apache.nifi.processors.standard.ControlRate - ControlRate[id=000457d2-8d0c-4fc1-b63f-d62e976508af] transferring FlowFile[1064,98900062424398.mockFlowFile,14B] to 'success'
[pool-146-thread-1] INFO org.apache.nifi.processors.standard.ControlRate - ControlRate[id=000457d2-8d0c-4fc1-b63f-d62e976508af] transferring FlowFile[1065,98900062439270.mockFlowFile,14B] to 'success'
[pool-146-thread-1] INFO org.apache.nifi.processors.standard.ControlRate - ControlRate[id=000457d2-8d0c-4fc1-b63f-d62e976508af] transferring FlowFile[1066,98900062453106.mockFlowFile,14B] to 'success'
[pool-146-thread-1] INFO org.apache.nifi.processors.standard.ControlRate - ControlRate[id=000457d2-8d0c-4fc1-b63f-d62e976508af] transferring FlowFile[1067,98900062468217.mockFlowFile,14B] to 'success'
[pool-146-thread-1] INFO org.apache.nifi.processors.standard.ControlRate - ControlRate[id=000457d2-8d0c-4fc1-b63f-d62e976508af] transferring FlowFile[1068,98900062482544.mockFlowFile,14B] to 'success'
[pool-146-thread-1] INFO org.apache.nifi.processors.standard.ControlRate - ControlRate[id=000457d2-8d0c-4fc1-b63f-d62e976508af] transferring FlowFile[1069,98900062497822.mockFlowFile,14B] to 'success'
[pool-146-thread-1] INFO org.apache.nifi.processors.standard.ControlRate - ControlRate[id=000457d2-8d0c-4fc1-b63f-d62e976508af] transferring FlowFile[1070,98900062513377.mockFlowFile,14B] to 'success'
[pool-146-thread-1] INFO org.apache.nifi.processors.standard.ControlRate - ControlRate[id=000457d2-8d0c-4fc1-b63f-d62e976508af] transferring FlowFile[1071,98900062531267.mockFlowFile,14B] to 'success'
[pool-146-thread-1] INFO org.apache.nifi.processors.standard.ControlRate - ControlRate[id=000457d2-8d0c-4fc1-b63f-d62e976508af] transferring FlowFile[1072,98900062546456.mockFlowFile,14B] to 'success'
[pool-146-thread-1] INFO org.apache.nifi.processors.standard.ControlRate - ControlRate[id=000457d2-8d0c-4fc1-b63f-d62e976508af] transferring FlowFile[1073,98900062560428.mockFlowFile,14B] to 'success'
[pool-146-thread-1] INFO org.apache.nifi.processors.standard.ControlRate - ControlRate[id=000457d2-8d0c-4fc1-b63f-d62e976508af] transferring FlowFile[1074,98900062575610.mockFlowFile,14B] to 'success'
[pool-146-thread-1] INFO org.apache.nifi.processors.standard.ControlRate - ControlRate[id=000457d2-8d0c-4fc1-b63f-d62e976508af] transferring FlowFile[1075,98900062590527.mockFlowFile,14B] to 'success'
[pool-146-thread-1] INFO org.apache.nifi.processors.standard.ControlRate - ControlRate[id=000457d2-8d0c-4fc1-b63f-d62e976508af] transferring FlowFile[1076,98900062604371.mockFlowFile,14B] to 'success'
[pool-146-thread-1] INFO org.apache.nifi.processors.standard.ControlRate - ControlRate[id=000457d2-8d0c-4fc1-b63f-d62e976508af] transferring FlowFile[1077,98900062619017.mockFlowFile,14B] to 'success'
[pool-146-thread-1] INFO org.apache.nifi.processors.standard.ControlRate - ControlRate[id=000457d2-8d0c-4fc1-b63f-d62e976508af] transferring FlowFile[1078,98900062632855.mockFlowFile,14B] to 'success'
[pool-146-thread-1] INFO org.apache.nifi.processors.standard.ControlRate - ControlRate[id=000457d2-8d0c-4fc1-b63f-d62e976508af] transferring FlowFile[1079,98900062651400.mockFlowFile,14B] to 'success'
[pool-146-thread-1] INFO org.apache.nifi.processors.standard.ControlRate - ControlRate[id=000457d2-8d0c-4fc1-b63f-d62e976508af] transferring FlowFile[1080,98900062666704.mockFlowFile,14B] to 'success'
[pool-146-thread-1] INFO org.apache.nifi.processors.standard.ControlRate - ControlRate[id=000457d2-8d0c-4fc1-b63f-d62e976508af] transferring FlowFile[1081,98900062681276.mockFlowFile,14B] to 'success'
[pool-146-thread-1] INFO org.apache.nifi.processors.standard.ControlRate - ControlRate[id=000457d2-8d0c-4fc1-b63f-d62e976508af] transferring FlowFile[1082,98900062696152.mockFlowFile,14B] to 'success'
[pool-146-thread-1] INFO org.apache.nifi.processors.standard.ControlRate - ControlRate[id=000457d2-8d0c-4fc1-b63f-d62e976508af] transferring FlowFile[1083,98900062710217.mockFlowFile,14B] to 'success'
[pool-146-thread-1] INFO org.apache.nifi.processors.standard.ControlRate - ControlRate[id=000457d2-8d0c-4fc1-b63f-d62e976508af] transferring FlowFile[1084,98900062725286.mockFlowFile,14B] to 'success'
[pool-146-thread-1] INFO org.apache.nifi.processors.standard.ControlRate - ControlRate[id=000457d2-8d0c-4fc1-b63f-d62e976508af] transferring FlowFile[1085,98900062740166.mockFlowFile,14B] to 'success'
[pool-146-thread-1] INFO org.apache.nifi.processors.standard.ControlRate - ControlRate[id=000457d2-8d0c-4fc1-b63f-d62e976508af] transferring FlowFile[1086,98900062754157.mockFlowFile,14B] to 'success'
[pool-146-thread-1] INFO org.apache.nifi.processors.standard.ControlRate - ControlRate[id=000457d2-8d0c-4fc1-b63f-d62e976508af] transferring FlowFile[1087,98900062772629.mockFlowFile,14B] to 'success'
[pool-146-thread-1] INFO org.apache.nifi.processors.standard.ControlRate - ControlRate[id=000457d2-8d0c-4fc1-b63f-d62e976508af] transferring FlowFile[1088,98900062786786.mockFlowFile,14B] to 'success'
[pool-146-thread-1] INFO org.apache.nifi.processors.standard.ControlRate - ControlRate[id=000457d2-8d0c-4fc1-b63f-d62e976508af] transferring FlowFile[1089,98900062802591.mockFlowFile,14B] to 'success'
[pool-146-thread-1] INFO org.apache.nifi.processors.standard.ControlRate - ControlRate[id=000457d2-8d0c-4fc1-b63f-d62e976508af] transferring FlowFile[1090,98900062819827.mockFlowFile,14B] to 'success'
[pool-146-thread-1] INFO org.apache.nifi.processors.standard.ControlRate - ControlRate[id=000457d2-8d0c-4fc1-b63f-d62e976508af] transferring FlowFile[1091,98900062834455.mockFlowFile,14B] to 'success'
[pool-146-thread-1] INFO org.apache.nifi.processors.standard.ControlRate - ControlRate[id=000457d2-8d0c-4fc1-b63f-d62e976508af] transferring FlowFile[1092,98900062849469.mockFlowFile,14B] to 'success'
[pool-146-thread-1] INFO org.apache.nifi.processors.standard.ControlRate - ControlRate[id=000457d2-8d0c-4fc1-b63f-d62e976508af] transferring FlowFile[1093,98900062863308.mockFlowFile,14B] to 'success'
[pool-146-thread-1] INFO org.apache.nifi.processors.standard.ControlRate - ControlRate[id=000457d2-8d0c-4fc1-b63f-d62e976508af] transferring FlowFile[1094,98900062878243.mockFlowFile,14B] to 'success'
[pool-146-thread-1] INFO org.apache.nifi.processors.standard.ControlRate - ControlRate[id=000457d2-8d0c-4fc1-b63f-d62e976508af] transferring FlowFile[1095,98900062896936.mockFlowFile,14B] to 'success'
[pool-146-thread-1] INFO org.apache.nifi.processors.standard.ControlRate - ControlRate[id=000457d2-8d0c-4fc1-b63f-d62e976508af] transferring FlowFile[1096,98900062911231.mockFlowFile,14B] to 'success'
[pool-146-thread-1] INFO org.apache.nifi.processors.standard.ControlRate - ControlRate[id=000457d2-8d0c-4fc1-b63f-d62e976508af] transferring FlowFile[1097,98900062926373.mockFlowFile,14B] to 'success'
[pool-146-thread-1] INFO org.apache.nifi.processors.standard.ControlRate - ControlRate[id=000457d2-8d0c-4fc1-b63f-d62e976508af] transferring FlowFile[1098,98900062940092.mockFlowFile,14B] to 'success'
[pool-146-thread-1] INFO org.apache.nifi.processors.standard.ControlRate - ControlRate[id=000457d2-8d0c-4fc1-b63f-d62e976508af] transferring FlowFile[1099,98900062957739.mockFlowFile,14B] to 'success'
[pool-146-thread-1] INFO org.apache.nifi.processors.standard.ControlRate - ControlRate[id=000457d2-8d0c-4fc1-b63f-d62e976508af] transferring FlowFile[1100,98900062972960.mockFlowFile,14B] to 'success'
[pool-146-thread-1] INFO org.apache.nifi.processors.standard.ControlRate - ControlRate[id=000457d2-8d0c-4fc1-b63f-d62e976508af] transferring FlowFile[1101,98900062987257.mockFlowFile,14B] to 'success'
[pool-146-thread-1] INFO org.apache.nifi.processors.standard.ControlRate - ControlRate[id=000457d2-8d0c-4fc1-b63f-d62e976508af] transferring FlowFile[1102,98900063002074.mockFlowFile,14B] to 'success'
[pool-146-thread-1] INFO org.apache.nifi.processors.standard.ControlRate - ControlRate[id=000457d2-8d0c-4fc1-b63f-d62e976508af] transferring FlowFile[1103,98900063019456.mockFlowFile,14B] to 'success'
[pool-146-thread-1] INFO org.apache.nifi.processors.standard.ControlRate - ControlRate[id=000457d2-8d0c-4fc1-b63f-d62e976508af] transferring FlowFile[1104,98900063034186.mockFlowFile,14B] to 'success'
[pool-146-thread-1] INFO org.apache.nifi.processors.standard.ControlRate - ControlRate[id=000457d2-8d0c-4fc1-b63f-d62e976508af] transferring FlowFile[1105,98900063048065.mockFlowFile,14B] to 'success'
[pool-146-thread-1] INFO org.apache.nifi.processors.standard.ControlRate - ControlRate[id=000457d2-8d0c-4fc1-b63f-d62e976508af] transferring FlowFile[1106,98900063061592.mockFlowFile,14B] to 'success'
[pool-146-thread-1] INFO org.apache.nifi.processors.standard.ControlRate - ControlRate[id=000457d2-8d0c-4fc1-b63f-d62e976508af] transferring FlowFile[1107,98900063075920.mockFlowFile,14B] to 'success'
[pool-146-thread-1] INFO org.apache.nifi.processors.standard.ControlRate - ControlRate[id=000457d2-8d0c-4fc1-b63f-d62e976508af] transferring FlowFile[1108,98900063090441.mockFlowFile,14B] to 'success'
[pool-146-thread-1] INFO org.apache.nifi.processors.standard.ControlRate - ControlRate[id=000457d2-8d0c-4fc1-b63f-d62e976508af] transferring FlowFile[1109,98900063104768.mockFlowFile,14B] to 'success'
[pool-146-thread-1] INFO org.apache.nifi.processors.standard.ControlRate - ControlRate[id=000457d2-8d0c-4fc1-b63f-d62e976508af] transferring FlowFile[1110,98900063119131.mockFlowFile,14B] to 'success'
[pool-146-thread-1] INFO org.apache.nifi.processors.standard.ControlRate - ControlRate[id=000457d2-8d0c-4fc1-b63f-d62e976508af] transferring FlowFile[1111,98900063136011.mockFlowFile,14B] to 'success'
[pool-146-thread-1] INFO org.apache.nifi.processors.standard.ControlRate - ControlRate[id=000457d2-8d0c-4fc1-b63f-d62e976508af] transferring FlowFile[1112,98900063150827.mockFlowFile,14B] to 'success'
[pool-146-thread-1] INFO org.apache.nifi.processors.standard.ControlRate - ControlRate[id=000457d2-8d0c-4fc1-b63f-d62e976508af] transferring FlowFile[1113,98900063163886.mockFlowFile,14B] to 'success'
[pool-146-thread-1] INFO org.apache.nifi.processors.standard.ControlRate - ControlRate[id=000457d2-8d0c-4fc1-b63f-d62e976508af] transferring FlowFile[1114,98900063178781.mockFlowFile,14B] to 'success'
[pool-146-thread-1] INFO org.apache.nifi.processors.standard.ControlRate - ControlRate[id=000457d2-8d0c-4fc1-b63f-d62e976508af] transferring FlowFile[1115,98900063193351.mockFlowFile,14B] to 'success'
[pool-146-thread-1] INFO org.apache.nifi.processors.standard.ControlRate - ControlRate[id=000457d2-8d0c-4fc1-b63f-d62e976508af] transferring FlowFile[1116,98900063206606.mockFlowFile,14B] to 'success'
[pool-146-thread-1] INFO org.apache.nifi.processors.standard.ControlRate - ControlRate[id=000457d2-8d0c-4fc1-b63f-d62e976508af] transferring FlowFile[1117,98900063220714.mockFlowFile,14B] to 'success'
[pool-146-thread-1] INFO org.apache.nifi.processors.standard.ControlRate - ControlRate[id=000457d2-8d0c-4fc1-b63f-d62e976508af] transferring FlowFile[1118,98900063233925.mockFlowFile,14B] to 'success'
[pool-146-thread-1] INFO org.apache.nifi.processors.standard.ControlRate - ControlRate[id=000457d2-8d0c-4fc1-b63f-d62e976508af] transferring FlowFile[1119,98900063252434.mockFlowFile,14B] to 'success'
[pool-146-thread-1] INFO org.apache.nifi.processors.standard.ControlRate - ControlRate[id=000457d2-8d0c-4fc1-b63f-d62e976508af] transferring FlowFile[1120,98900063267771.mockFlowFile,14B] to 'success'
[pool-146-thread-1] INFO org.apache.nifi.processors.standard.ControlRate - ControlRate[id=000457d2-8d0c-4fc1-b63f-d62e976508af] transferring FlowFile[1121,98900063281173.mockFlowFile,14B] to 'success'
[pool-146-thread-1] INFO org.apache.nifi.processors.standard.ControlRate - ControlRate[id=000457d2-8d0c-4fc1-b63f-d62e976508af] transferring FlowFile[1122,98900063295737.mockFlowFile,14B] to 'success'
[pool-146-thread-1] INFO org.apache.nifi.processors.standard.ControlRate - ControlRate[id=000457d2-8d0c-4fc1-b63f-d62e976508af] transferring FlowFile[1123,98900063309002.mockFlowFile,14B] to 'success'
[pool-146-thread-1] INFO org.apache.nifi.processors.standard.ControlRate - ControlRate[id=000457d2-8d0c-4fc1-b63f-d62e976508af] transferring FlowFile[1124,98900063323284.mockFlowFile,14B] to 'success'
[pool-146-thread-1] INFO org.apache.nifi.processors.standard.ControlRate - ControlRate[id=000457d2-8d0c-4fc1-b63f-d62e976508af] transferring FlowFile[1125,98900063338343.mockFlowFile,14B] to 'success'
[pool-146-thread-1] INFO org.apache.nifi.processors.standard.ControlRate - ControlRate[id=000457d2-8d0c-4fc1-b63f-d62e976508af] transferring FlowFile[1126,98900063351505.mockFlowFile,14B] to 'success'
[pool-146-thread-1] INFO org.apache.nifi.processors.standard.ControlRate - ControlRate[id=000457d2-8d0c-4fc1-b63f-d62e976508af] transferring FlowFile[1127,98900063369245.mockFlowFile,14B] to 'success'
[pool-146-thread-1] INFO org.apache.nifi.processors.standard.ControlRate - ControlRate[id=000457d2-8d0c-4fc1-b63f-d62e976508af] transferring FlowFile[1128,98900063382873.mockFlowFile,14B] to 'success'
[pool-146-thread-1] INFO org.apache.nifi.processors.standard.ControlRate - ControlRate[id=000457d2-8d0c-4fc1-b63f-d62e976508af] transferring FlowFile[1129,98900063397698.mockFlowFile,14B] to 'success'
[pool-146-thread-1] INFO org.apache.nifi.processors.standard.ControlRate - ControlRate[id=000457d2-8d0c-4fc1-b63f-d62e976508af] transferring FlowFile[1130,98900063411741.mockFlowFile,14B] to 'success'
[pool-146-thread-1] INFO org.apache.nifi.processors.standard.ControlRate - ControlRate[id=000457d2-8d0c-4fc1-b63f-d62e976508af] transferring FlowFile[1131,98900063426531.mockFlowFile,14B] to 'success'
[pool-146-thread-1] INFO org.apache.nifi.processors.standard.ControlRate - ControlRate[id=000457d2-8d0c-4fc1-b63f-d62e976508af] transferring FlowFile[1132,98900063440969.mockFlowFile,14B] to 'success'
[pool-146-thread-1] INFO org.apache.nifi.processors.standard.ControlRate - ControlRate[id=000457d2-8d0c-4fc1-b63f-d62e976508af] transferring FlowFile[1133,98900063454099.mockFlowFile,14B] to 'success'
[pool-146-thread-1] INFO org.apache.nifi.processors.standard.ControlRate - ControlRate[id=000457d2-8d0c-4fc1-b63f-d62e976508af] transferring FlowFile[1134,98900063468371.mockFlowFile,14B] to 'success'
[pool-146-thread-1] INFO org.apache.nifi.processors.standard.ControlRate - ControlRate[id=000457d2-8d0c-4fc1-b63f-d62e976508af] transferring FlowFile[1135,98900063486436.mockFlowFile,14B] to 'success'
[pool-146-thread-1] INFO org.apache.nifi.processors.standard.ControlRate - ControlRate[id=000457d2-8d0c-4fc1-b63f-d62e976508af] transferring FlowFile[1136,98900063500346.mockFlowFile,14B] to 'success'
[pool-146-thread-1] INFO org.apache.nifi.processors.standard.ControlRate - ControlRate[id=000457d2-8d0c-4fc1-b63f-d62e976508af] transferring FlowFile[1137,98900063514343.mockFlowFile,14B] to 'success'
[pool-146-thread-1] INFO org.apache.nifi.processors.standard.ControlRate - ControlRate[id=000457d2-8d0c-4fc1-b63f-d62e976508af] transferring FlowFile[1138,98900063527578.mockFlowFile,14B] to 'success'
[pool-146-thread-1] INFO org.apache.nifi.processors.standard.ControlRate - ControlRate[id=000457d2-8d0c-4fc1-b63f-d62e976508af] transferring FlowFile[1139,98900063541690.mockFlowFile,14B] to 'success'
[pool-146-thread-1] INFO org.apache.nifi.processors.standard.ControlRate - ControlRate[id=000457d2-8d0c-4fc1-b63f-d62e976508af] transferring FlowFile[1140,98900063556401.mockFlowFile,14B] to 'success'
[pool-146-thread-1] INFO org.apache.nifi.processors.standard.ControlRate - ControlRate[id=000457d2-8d0c-4fc1-b63f-d62e976508af] transferring FlowFile[1141,98900063570694.mockFlowFile,14B] to 'success'
[pool-146-thread-1] INFO org.apache.nifi.processors.standard.ControlRate - ControlRate[id=000457d2-8d0c-4fc1-b63f-d62e976508af] transferring FlowFile[1142,98900063584700.mockFlowFile,14B] to 'success'
[pool-146-thread-1] INFO org.apache.nifi.processors.standard.ControlRate - ControlRate[id=000457d2-8d0c-4fc1-b63f-d62e976508af] transferring FlowFile[1143,98900063601628.mockFlowFile,14B] to 'success'
[pool-146-thread-1] INFO org.apache.nifi.processors.standard.ControlRate - ControlRate[id=000457d2-8d0c-4fc1-b63f-d62e976508af] transferring FlowFile[1144,98900063616508.mockFlowFile,14B] to 'success'
[pool-146-thread-1] INFO org.apache.nifi.processors.standard.ControlRate - ControlRate[id=000457d2-8d0c-4fc1-b63f-d62e976508af] transferring FlowFile[1145,98900063630494.mockFlowFile,14B] to 'success'
[pool-146-thread-1] INFO org.apache.nifi.processors.standard.ControlRate - ControlRate[id=000457d2-8d0c-4fc1-b63f-d62e976508af] transferring FlowFile[1146,98900063645143.mockFlowFile,14B] to 'success'
[pool-146-thread-1] INFO org.apache.nifi.processors.standard.ControlRate - ControlRate[id=000457d2-8d0c-4fc1-b63f-d62e976508af] transferring FlowFile[1147,98900063659340.mockFlowFile,14B] to 'success'
[pool-146-thread-1] INFO org.apache.nifi.processors.standard.ControlRate - ControlRate[id=000457d2-8d0c-4fc1-b63f-d62e976508af] transferring FlowFile[1148,98900063672414.mockFlowFile,14B] to 'success'
[pool-146-thread-1] INFO org.apache.nifi.processors.standard.ControlRate - ControlRate[id=000457d2-8d0c-4fc1-b63f-d62e976508af] transferring FlowFile[1149,98900063686556.mockFlowFile,14B] to 'success'
[pool-146-thread-1] INFO org.apache.nifi.processors.standard.ControlRate - ControlRate[id=000457d2-8d0c-4fc1-b63f-d62e976508af] transferring FlowFile[1150,98900063700923.mockFlowFile,14B] to 'success'
[pool-146-thread-1] INFO org.apache.nifi.processors.standard.ControlRate - ControlRate[id=000457d2-8d0c-4fc1-b63f-d62e976508af] transferring FlowFile[1151,98900063718084.mockFlowFile,14B] to 'success'
[pool-146-thread-1] INFO org.apache.nifi.processors.standard.ControlRate - ControlRate[id=000457d2-8d0c-4fc1-b63f-d62e976508af] transferring FlowFile[1152,98900063733077.mockFlowFile,14B] to 'success'
[pool-146-thread-1] INFO org.apache.nifi.processors.standard.ControlRate - ControlRate[id=000457d2-8d0c-4fc1-b63f-d62e976508af] transferring FlowFile[1153,98900063746461.mockFlowFile,14B] to 'success'
[pool-146-thread-1] INFO org.apache.nifi.processors.standard.ControlRate - ControlRate[id=000457d2-8d0c-4fc1-b63f-d62e976508af] transferring FlowFile[1154,98900063762768.mockFlowFile,14B] to 'success'
[pool-146-thread-1] INFO org.apache.nifi.processors.standard.ControlRate - ControlRate[id=000457d2-8d0c-4fc1-b63f-d62e976508af] transferring FlowFile[1155,98900063776925.mockFlowFile,14B] to 'success'
[pool-146-thread-1] INFO org.apache.nifi.processors.standard.ControlRate - ControlRate[id=000457d2-8d0c-4fc1-b63f-d62e976508af] transferring FlowFile[1156,98900063790066.mockFlowFile,14B] to 'success'
[pool-146-thread-1] INFO org.apache.nifi.processors.standard.ControlRate - ControlRate[id=000457d2-8d0c-4fc1-b63f-d62e976508af] transferring FlowFile[1157,98900063804005.mockFlowFile,14B] to 'success'
[pool-146-thread-1] INFO org.apache.nifi.processors.standard.ControlRate - ControlRate[id=000457d2-8d0c-4fc1-b63f-d62e976508af] transferring FlowFile[1158,98900063817175.mockFlowFile,14B] to 'success'
[pool-146-thread-1] INFO org.apache.nifi.processors.standard.ControlRate - ControlRate[id=000457d2-8d0c-4fc1-b63f-d62e976508af] transferring FlowFile[1159,98900063835010.mockFlowFile,14B] to 'success'
[pool-146-thread-1] INFO org.apache.nifi.processors.standard.ControlRate - ControlRate[id=000457d2-8d0c-4fc1-b63f-d62e976508af] transferring FlowFile[1160,98900063849348.mockFlowFile,14B] to 'success'
[pool-146-thread-1] INFO org.apache.nifi.processors.standard.ControlRate - ControlRate[id=000457d2-8d0c-4fc1-b63f-d62e976508af] transferring FlowFile[1161,98900063862270.mockFlowFile,14B] to 'success'
[pool-146-thread-1] INFO org.apache.nifi.processors.standard.ControlRate - ControlRate[id=000457d2-8d0c-4fc1-b63f-d62e976508af] transferring FlowFile[1162,98900063876210.mockFlowFile,14B] to 'success'
[pool-146-thread-1] INFO org.apache.nifi.processors.standard.ControlRate - ControlRate[id=000457d2-8d0c-4fc1-b63f-d62e976508af] transferring FlowFile[1163,98900063889424.mockFlowFile,14B] to 'success'
[pool-146-thread-1] INFO org.apache.nifi.processors.standard.ControlRate - ControlRate[id=000457d2-8d0c-4fc1-b63f-d62e976508af] transferring FlowFile[1164,98900063903578.mockFlowFile,14B] to 'success'
[pool-146-thread-1] INFO org.apache.nifi.processors.standard.ControlRate - ControlRate[id=000457d2-8d0c-4fc1-b63f-d62e976508af] transferring FlowFile[1165,98900063917675.mockFlowFile,14B] to 'success'
[pool-146-thread-1] INFO org.apache.nifi.processors.standard.ControlRate - ControlRate[id=000457d2-8d0c-4fc1-b63f-d62e976508af] transferring FlowFile[1166,98900063931332.mockFlowFile,14B] to 'success'
[pool-146-thread-1] INFO org.apache.nifi.processors.standard.ControlRate - ControlRate[id=000457d2-8d0c-4fc1-b63f-d62e976508af] transferring FlowFile[1167,98900063948966.mockFlowFile,14B] to 'success'
[pool-146-thread-1] INFO org.apache.nifi.processors.standard.ControlRate - ControlRate[id=000457d2-8d0c-4fc1-b63f-d62e976508af] transferring FlowFile[1168,98900063962516.mockFlowFile,14B] to 'success'
[pool-146-thread-1] INFO org.apache.nifi.processors.standard.ControlRate - ControlRate[id=000457d2-8d0c-4fc1-b63f-d62e976508af] transferring FlowFile[1169,98900063976702.mockFlowFile,14B] to 'success'
[pool-146-thread-1] INFO org.apache.nifi.processors.standard.ControlRate - ControlRate[id=000457d2-8d0c-4fc1-b63f-d62e976508af] transferring FlowFile[1170,98900063990650.mockFlowFile,14B] to 'success'
[pool-146-thread-1] INFO org.apache.nifi.processors.standard.ControlRate - ControlRate[id=000457d2-8d0c-4fc1-b63f-d62e976508af] transferring FlowFile[1171,98900064017034.mockFlowFile,14B] to 'success'
[pool-146-thread-1] INFO org.apache.nifi.processors.standard.ControlRate - ControlRate[id=000457d2-8d0c-4fc1-b63f-d62e976508af] transferring FlowFile[1172,98900064033128.mockFlowFile,14B] to 'success'
[pool-146-thread-1] INFO org.apache.nifi.processors.standard.ControlRate - ControlRate[id=000457d2-8d0c-4fc1-b63f-d62e976508af] transferring FlowFile[1173,98900064046193.mockFlowFile,14B] to 'success'
[pool-146-thread-1] INFO org.apache.nifi.processors.standard.ControlRate - ControlRate[id=000457d2-8d0c-4fc1-b63f-d62e976508af] transferring FlowFile[1174,98900064061285.mockFlowFile,14B] to 'success'
[pool-146-thread-1] INFO org.apache.nifi.processors.standard.ControlRate - ControlRate[id=000457d2-8d0c-4fc1-b63f-d62e976508af] transferring FlowFile[1175,98900064079619.mockFlowFile,14B] to 'success'
[pool-146-thread-1] INFO org.apache.nifi.processors.standard.ControlRate - ControlRate[id=000457d2-8d0c-4fc1-b63f-d62e976508af] transferring FlowFile[1176,98900064093375.mockFlowFile,14B] to 'success'
[pool-146-thread-1] INFO org.apache.nifi.processors.standard.ControlRate - ControlRate[id=000457d2-8d0c-4fc1-b63f-d62e976508af] transferring FlowFile[1177,98900064137120.mockFlowFile,14B] to 'success'
[pool-146-thread-1] INFO org.apache.nifi.processors.standard.ControlRate - ControlRate[id=000457d2-8d0c-4fc1-b63f-d62e976508af] transferring FlowFile[1178,98900064152072.mockFlowFile,14B] to 'success'
[pool-146-thread-1] INFO org.apache.nifi.processors.standard.ControlRate - ControlRate[id=000457d2-8d0c-4fc1-b63f-d62e976508af] transferring FlowFile[1179,98900064166223.mockFlowFile,14B] to 'success'
[pool-146-thread-1] INFO org.apache.nifi.processors.standard.ControlRate - ControlRate[id=000457d2-8d0c-4fc1-b63f-d62e976508af] transferring FlowFile[1180,98900064179712.mockFlowFile,14B] to 'success'
[pool-146-thread-1] INFO org.apache.nifi.processors.standard.ControlRate - ControlRate[id=000457d2-8d0c-4fc1-b63f-d62e976508af] transferring FlowFile[1181,98900064192942.mockFlowFile,14B] to 'success'
[pool-146-thread-1] INFO org.apache.nifi.processors.standard.ControlRate - ControlRate[id=000457d2-8d0c-4fc1-b63f-d62e976508af] transferring FlowFile[1182,98900064206600.mockFlowFile,14B] to 'success'
[pool-146-thread-1] INFO org.apache.nifi.processors.standard.ControlRate - ControlRate[id=000457d2-8d0c-4fc1-b63f-d62e976508af] transferring FlowFile[1183,98900064223346.mockFlowFile,14B] to 'success'
[pool-146-thread-1] INFO org.apache.nifi.processors.standard.ControlRate - ControlRate[id=000457d2-8d0c-4fc1-b63f-d62e976508af] transferring FlowFile[1184,98900064237311.mockFlowFile,14B] to 'success'
[pool-146-thread-1] INFO org.apache.nifi.processors.standard.ControlRate - ControlRate[id=000457d2-8d0c-4fc1-b63f-d62e976508af] transferring FlowFile[1185,98900064250876.mockFlowFile,14B] to 'success'
[pool-146-thread-1] INFO org.apache.nifi.processors.standard.ControlRate - ControlRate[id=000457d2-8d0c-4fc1-b63f-d62e976508af] transferring FlowFile[1186,98900064263726.mockFlowFile,14B] to 'success'
[pool-146-thread-1] INFO org.apache.nifi.processors.standard.ControlRate - ControlRate[id=000457d2-8d0c-4fc1-b63f-d62e976508af] transferring FlowFile[1187,98900064277440.mockFlowFile,14B] to 'success'
[pool-146-thread-1] INFO org.apache.nifi.processors.standard.ControlRate - ControlRate[id=000457d2-8d0c-4fc1-b63f-d62e976508af] transferring FlowFile[1188,98900064290067.mockFlowFile,14B] to 'success'
[pool-146-thread-1] INFO org.apache.nifi.processors.standard.ControlRate - ControlRate[id=000457d2-8d0c-4fc1-b63f-d62e976508af] transferring FlowFile[1189,98900064305518.mockFlowFile,14B] to 'success'
[pool-146-thread-1] INFO org.apache.nifi.processors.standard.ControlRate - ControlRate[id=000457d2-8d0c-4fc1-b63f-d62e976508af] transferring FlowFile[1190,98900064319285.mockFlowFile,14B] to 'success'
[pool-146-thread-1] INFO org.apache.nifi.processors.standard.ControlRate - ControlRate[id=000457d2-8d0c-4fc1-b63f-d62e976508af] transferring FlowFile[1191,98900064335643.mockFlowFile,14B] to 'success'
[pool-146-thread-1] INFO org.apache.nifi.processors.standard.ControlRate - ControlRate[id=000457d2-8d0c-4fc1-b63f-d62e976508af] transferring FlowFile[1192,98900064349529.mockFlowFile,14B] to 'success'
[pool-146-thread-1] INFO org.apache.nifi.processors.standard.ControlRate - ControlRate[id=000457d2-8d0c-4fc1-b63f-d62e976508af] transferring FlowFile[1193,98900064362451.mockFlowFile,14B] to 'success'
[pool-146-thread-1] INFO org.apache.nifi.processors.standard.ControlRate - ControlRate[id=000457d2-8d0c-4fc1-b63f-d62e976508af] transferring FlowFile[1194,98900064376138.mockFlowFile,14B] to 'success'
[pool-146-thread-1] INFO org.apache.nifi.processors.standard.ControlRate - ControlRate[id=000457d2-8d0c-4fc1-b63f-d62e976508af] transferring FlowFile[1195,98900064389724.mockFlowFile,14B] to 'success'
[pool-146-thread-1] INFO org.apache.nifi.processors.standard.ControlRate - ControlRate[id=000457d2-8d0c-4fc1-b63f-d62e976508af] transferring FlowFile[1196,98900064402453.mockFlowFile,14B] to 'success'
[pool-146-thread-1] INFO org.apache.nifi.processors.standard.ControlRate - ControlRate[id=000457d2-8d0c-4fc1-b63f-d62e976508af] transferring FlowFile[1197,98900064416291.mockFlowFile,14B] to 'success'
[pool-146-thread-1] INFO org.apache.nifi.processors.standard.ControlRate - ControlRate[id=000457d2-8d0c-4fc1-b63f-d62e976508af] transferring FlowFile[1198,98900064428784.mockFlowFile,14B] to 'success'
[pool-146-thread-1] INFO org.apache.nifi.processors.standard.ControlRate - ControlRate[id=000457d2-8d0c-4fc1-b63f-d62e976508af] transferring FlowFile[1199,98900064446118.mockFlowFile,14B] to 'success'
[pool-146-thread-1] INFO org.apache.nifi.processors.standard.ControlRate - ControlRate[id=000457d2-8d0c-4fc1-b63f-d62e976508af] transferring FlowFile[1200,98900064460063.mockFlowFile,14B] to 'success'
[pool-146-thread-1] INFO org.apache.nifi.processors.standard.ControlRate - ControlRate[id=000457d2-8d0c-4fc1-b63f-d62e976508af] transferring FlowFile[1201,98900064473003.mockFlowFile,14B] to 'success'
[pool-146-thread-1] INFO org.apache.nifi.processors.standard.ControlRate - ControlRate[id=000457d2-8d0c-4fc1-b63f-d62e976508af] transferring FlowFile[1202,98900064486534.mockFlowFile,14B] to 'success'
[pool-146-thread-1] INFO org.apache.nifi.processors.standard.ControlRate - ControlRate[id=000457d2-8d0c-4fc1-b63f-d62e976508af] transferring FlowFile[1203,98900064499218.mockFlowFile,14B] to 'success'
[pool-146-thread-1] INFO org.apache.nifi.processors.standard.ControlRate - ControlRate[id=000457d2-8d0c-4fc1-b63f-d62e976508af] transferring FlowFile[1204,98900064513066.mockFlowFile,14B] to 'success'
[pool-146-thread-1] INFO org.apache.nifi.processors.standard.ControlRate - ControlRate[id=000457d2-8d0c-4fc1-b63f-d62e976508af] transferring FlowFile[1205,98900064526649.mockFlowFile,14B] to 'success'
[pool-146-thread-1] INFO org.apache.nifi.processors.standard.ControlRate - ControlRate[id=000457d2-8d0c-4fc1-b63f-d62e976508af] transferring FlowFile[1206,98900064539239.mockFlowFile,14B] to 'success'
[pool-146-thread-1] INFO org.apache.nifi.processors.standard.ControlRate - ControlRate[id=000457d2-8d0c-4fc1-b63f-d62e976508af] transferring FlowFile[1207,98900064556662.mockFlowFile,14B] to 'success'
[pool-146-thread-1] INFO org.apache.nifi.processors.standard.ControlRate - ControlRate[id=000457d2-8d0c-4fc1-b63f-d62e976508af] transferring FlowFile[1208,98900064569795.mockFlowFile,14B] to 'success'
[pool-146-thread-1] INFO org.apache.nifi.processors.standard.ControlRate - ControlRate[id=000457d2-8d0c-4fc1-b63f-d62e976508af] transferring FlowFile[1209,98900064584637.mockFlowFile,14B] to 'success'
[pool-146-thread-1] INFO org.apache.nifi.processors.standard.ControlRate - ControlRate[id=000457d2-8d0c-4fc1-b63f-d62e976508af] transferring FlowFile[1210,98900064598391.mockFlowFile,14B] to 'success'
[pool-146-thread-1] INFO org.apache.nifi.processors.standard.ControlRate - ControlRate[id=000457d2-8d0c-4fc1-b63f-d62e976508af] transferring FlowFile[1211,98900064611143.mockFlowFile,14B] to 'success'
[pool-146-thread-1] INFO org.apache.nifi.processors.standard.ControlRate - ControlRate[id=000457d2-8d0c-4fc1-b63f-d62e976508af] transferring FlowFile[1212,98900064624557.mockFlowFile,14B] to 'success'
[pool-146-thread-1] INFO org.apache.nifi.processors.standard.ControlRate - ControlRate[id=000457d2-8d0c-4fc1-b63f-d62e976508af] transferring FlowFile[1213,98900064637440.mockFlowFile,14B] to 'success'
[pool-146-thread-1] INFO org.apache.nifi.processors.standard.ControlRate - ControlRate[id=000457d2-8d0c-4fc1-b63f-d62e976508af] transferring FlowFile[1214,98900064651147.mockFlowFile,14B] to 'success'
[pool-146-thread-1] INFO org.apache.nifi.processors.standard.ControlRate - ControlRate[id=000457d2-8d0c-4fc1-b63f-d62e976508af] transferring FlowFile[1215,98900064668526.mockFlowFile,14B] to 'success'
[pool-146-thread-1] INFO org.apache.nifi.processors.standard.ControlRate - ControlRate[id=000457d2-8d0c-4fc1-b63f-d62e976508af] transferring FlowFile[1216,98900064681701.mockFlowFile,14B] to 'success'
[pool-146-thread-1] INFO org.apache.nifi.processors.standard.ControlRate - ControlRate[id=000457d2-8d0c-4fc1-b63f-d62e976508af] transferring FlowFile[1217,98900064695344.mockFlowFile,14B] to 'success'
[pool-146-thread-1] INFO org.apache.nifi.processors.standard.ControlRate - ControlRate[id=000457d2-8d0c-4fc1-b63f-d62e976508af] transferring FlowFile[1218,98900064709665.mockFlowFile,14B] to 'success'
[pool-146-thread-1] INFO org.apache.nifi.processors.standard.ControlRate - ControlRate[id=000457d2-8d0c-4fc1-b63f-d62e976508af] transferring FlowFile[1219,98900064723916.mockFlowFile,14B] to 'success'
[pool-146-thread-1] INFO org.apache.nifi.processors.standard.ControlRate - ControlRate[id=000457d2-8d0c-4fc1-b63f-d62e976508af] transferring FlowFile[1220,98900064739003.mockFlowFile,14B] to 'success'
[pool-146-thread-1] INFO org.apache.nifi.processors.standard.ControlRate - ControlRate[id=000457d2-8d0c-4fc1-b63f-d62e976508af] transferring FlowFile[1221,98900064751916.mockFlowFile,14B] to 'success'
[pool-146-thread-1] INFO org.apache.nifi.processors.standard.ControlRate - ControlRate[id=000457d2-8d0c-4fc1-b63f-d62e976508af] transferring FlowFile[1222,98900064765291.mockFlowFile,14B] to 'success'
[pool-146-thread-1] INFO org.apache.nifi.processors.standard.ControlRate - ControlRate[id=000457d2-8d0c-4fc1-b63f-d62e976508af] transferring FlowFile[1223,98900064782060.mockFlowFile,14B] to 'success'
[pool-146-thread-1] INFO org.apache.nifi.processors.standard.ControlRate - ControlRate[id=000457d2-8d0c-4fc1-b63f-d62e976508af] transferring FlowFile[1224,98900064796244.mockFlowFile,14B] to 'success'
[pool-146-thread-1] INFO org.apache.nifi.processors.standard.ControlRate - ControlRate[id=000457d2-8d0c-4fc1-b63f-d62e976508af] transferring FlowFile[1225,98900064810216.mockFlowFile,14B] to 'success'
[pool-146-thread-1] INFO org.apache.nifi.processors.standard.ControlRate - ControlRate[id=000457d2-8d0c-4fc1-b63f-d62e976508af] transferring FlowFile[1226,98900064822955.mockFlowFile,14B] to 'success'
[pool-146-thread-1] INFO org.apache.nifi.processors.standard.ControlRate - ControlRate[id=000457d2-8d0c-4fc1-b63f-d62e976508af] transferring FlowFile[1227,98900064836647.mockFlowFile,14B] to 'success'
[pool-146-thread-1] INFO org.apache.nifi.processors.standard.ControlRate - ControlRate[id=000457d2-8d0c-4fc1-b63f-d62e976508af] transferring FlowFile[1228,98900064849109.mockFlowFile,14B] to 'success'
[pool-146-thread-1] INFO org.apache.nifi.processors.standard.ControlRate - ControlRate[id=000457d2-8d0c-4fc1-b63f-d62e976508af] transferring FlowFile[1229,98900064862738.mockFlowFile,14B] to 'success'
[pool-146-thread-1] INFO org.apache.nifi.processors.standard.ControlRate - ControlRate[id=000457d2-8d0c-4fc1-b63f-d62e976508af] transferring FlowFile[1230,98900064876351.mockFlowFile,14B] to 'success'
[pool-146-thread-1] INFO org.apache.nifi.processors.standard.ControlRate - ControlRate[id=000457d2-8d0c-4fc1-b63f-d62e976508af] transferring FlowFile[1231,98900064899300.mockFlowFile,14B] to 'success'
[pool-146-thread-1] INFO org.apache.nifi.processors.standard.ControlRate - ControlRate[id=000457d2-8d0c-4fc1-b63f-d62e976508af] transferring FlowFile[1232,98900064913950.mockFlowFile,14B] to 'success'
[pool-146-thread-1] INFO org.apache.nifi.processors.standard.ControlRate - ControlRate[id=000457d2-8d0c-4fc1-b63f-d62e976508af] transferring FlowFile[1233,98900064926603.mockFlowFile,14B] to 'success'
[pool-146-thread-1] INFO org.apache.nifi.processors.standard.ControlRate - ControlRate[id=000457d2-8d0c-4fc1-b63f-d62e976508af] transferring FlowFile[1234,98900064940507.mockFlowFile,14B] to 'success'
[pool-146-thread-1] INFO org.apache.nifi.processors.standard.ControlRate - ControlRate[id=000457d2-8d0c-4fc1-b63f-d62e976508af] transferring FlowFile[1235,98900064954140.mockFlowFile,14B] to 'success'
[pool-146-thread-1] INFO org.apache.nifi.processors.standard.ControlRate - ControlRate[id=000457d2-8d0c-4fc1-b63f-d62e976508af] transferring FlowFile[1236,98900064966805.mockFlowFile,14B] to 'success'
[pool-146-thread-1] INFO org.apache.nifi.processors.standard.ControlRate - ControlRate[id=000457d2-8d0c-4fc1-b63f-d62e976508af] transferring FlowFile[1237,98900064981290.mockFlowFile,14B] to 'success'
[pool-146-thread-1] INFO org.apache.nifi.processors.standard.ControlRate - ControlRate[id=000457d2-8d0c-4fc1-b63f-d62e976508af] transferring FlowFile[1238,98900064993805.mockFlowFile,14B] to 'success'
[pool-146-thread-1] INFO org.apache.nifi.processors.standard.ControlRate - ControlRate[id=000457d2-8d0c-4fc1-b63f-d62e976508af] transferring FlowFile[1239,98900065011349.mockFlowFile,14B] to 'success'
[pool-146-thread-1] INFO org.apache.nifi.processors.standard.ControlRate - ControlRate[id=000457d2-8d0c-4fc1-b63f-d62e976508af] transferring FlowFile[1240,98900065025761.mockFlowFile,14B] to 'success'
[pool-146-thread-1] INFO org.apache.nifi.processors.standard.ControlRate - ControlRate[id=000457d2-8d0c-4fc1-b63f-d62e976508af] transferring FlowFile[1241,98900065039221.mockFlowFile,14B] to 'success'
[pool-146-thread-1] INFO org.apache.nifi.processors.standard.ControlRate - ControlRate[id=000457d2-8d0c-4fc1-b63f-d62e976508af] transferring FlowFile[1242,98900065053635.mockFlowFile,14B] to 'success'
[pool-146-thread-1] INFO org.apache.nifi.processors.standard.ControlRate - ControlRate[id=000457d2-8d0c-4fc1-b63f-d62e976508af] transferring FlowFile[1243,98900065066561.mockFlowFile,14B] to 'success'
[pool-146-thread-1] INFO org.apache.nifi.processors.standard.ControlRate - ControlRate[id=000457d2-8d0c-4fc1-b63f-d62e976508af] transferring FlowFile[1244,98900065080173.mockFlowFile,14B] to 'success'
[pool-146-thread-1] INFO org.apache.nifi.processors.standard.ControlRate - ControlRate[id=000457d2-8d0c-4fc1-b63f-d62e976508af] transferring FlowFile[1245,98900065093706.mockFlowFile,14B] to 'success'
[pool-146-thread-1] INFO org.apache.nifi.processors.standard.ControlRate - ControlRate[id=000457d2-8d0c-4fc1-b63f-d62e976508af] transferring FlowFile[1246,98900065106341.mockFlowFile,14B] to 'success'
[pool-146-thread-1] INFO org.apache.nifi.processors.standard.ControlRate - ControlRate[id=000457d2-8d0c-4fc1-b63f-d62e976508af] transferring FlowFile[1247,98900065123947.mockFlowFile,14B] to 'success'
[pool-146-thread-1] INFO org.apache.nifi.processors.standard.ControlRate - ControlRate[id=000457d2-8d0c-4fc1-b63f-d62e976508af] transferring FlowFile[1248,98900065137207.mockFlowFile,14B] to 'success'
[pool-146-thread-1] INFO org.apache.nifi.processors.standard.ControlRate - ControlRate[id=000457d2-8d0c-4fc1-b63f-d62e976508af] transferring FlowFile[1249,98900065163073.mockFlowFile,14B] to 'success'
[pool-146-thread-1] INFO org.apache.nifi.processors.standard.ControlRate - ControlRate[id=000457d2-8d0c-4fc1-b63f-d62e976508af] transferring FlowFile[1250,98900065177945.mockFlowFile,14B] to 'success'
[pool-146-thread-1] INFO org.apache.nifi.processors.standard.ControlRate - ControlRate[id=000457d2-8d0c-4fc1-b63f-d62e976508af] transferring FlowFile[1251,98900065190598.mockFlowFile,14B] to 'success'
[pool-146-thread-1] INFO org.apache.nifi.processors.standard.ControlRate - ControlRate[id=000457d2-8d0c-4fc1-b63f-d62e976508af] transferring FlowFile[1252,98900065204365.mockFlowFile,14B] to 'success'
[pool-146-thread-1] INFO org.apache.nifi.processors.standard.ControlRate - ControlRate[id=000457d2-8d0c-4fc1-b63f-d62e976508af] transferring FlowFile[1253,98900065218720.mockFlowFile,14B] to 'success'
[pool-146-thread-1] INFO org.apache.nifi.processors.standard.ControlRate - ControlRate[id=000457d2-8d0c-4fc1-b63f-d62e976508af] transferring FlowFile[1254,98900065241933.mockFlowFile,14B] to 'success'
[pool-146-thread-1] INFO org.apache.nifi.processors.standard.ControlRate - ControlRate[id=000457d2-8d0c-4fc1-b63f-d62e976508af] transferring FlowFile[1255,98900065261242.mockFlowFile,14B] to 'success'
[pool-146-thread-1] INFO org.apache.nifi.processors.standard.ControlRate - ControlRate[id=000457d2-8d0c-4fc1-b63f-d62e976508af] transferring FlowFile[1256,98900065274137.mockFlowFile,14B] to 'success'
[pool-146-thread-1] INFO org.apache.nifi.processors.standard.ControlRate - ControlRate[id=000457d2-8d0c-4fc1-b63f-d62e976508af] transferring FlowFile[1257,98900065287434.mockFlowFile,14B] to 'success'
[pool-146-thread-1] INFO org.apache.nifi.processors.standard.ControlRate - ControlRate[id=000457d2-8d0c-4fc1-b63f-d62e976508af] transferring FlowFile[1258,98900065299589.mockFlowFile,14B] to 'success'
[pool-146-thread-1] INFO org.apache.nifi.processors.standard.ControlRate - ControlRate[id=000457d2-8d0c-4fc1-b63f-d62e976508af] transferring FlowFile[1259,98900065313996.mockFlowFile,14B] to 'success'
[pool-146-thread-1] INFO org.apache.nifi.processors.standard.ControlRate - ControlRate[id=000457d2-8d0c-4fc1-b63f-d62e976508af] transferring FlowFile[1260,98900065327057.mockFlowFile,14B] to 'success'
[pool-146-thread-1] INFO org.apache.nifi.processors.standard.ControlRate - ControlRate[id=000457d2-8d0c-4fc1-b63f-d62e976508af] transferring FlowFile[1261,98900065339238.mockFlowFile,14B] to 'success'
[pool-146-thread-1] INFO org.apache.nifi.processors.standard.ControlRate - ControlRate[id=000457d2-8d0c-4fc1-b63f-d62e976508af] transferring FlowFile[1262,98900065352566.mockFlowFile,14B] to 'success'
[pool-146-thread-1] INFO org.apache.nifi.processors.standard.ControlRate - ControlRate[id=000457d2-8d0c-4fc1-b63f-d62e976508af] transferring FlowFile[1263,98900065369530.mockFlowFile,14B] to 'success'
[pool-146-thread-1] INFO org.apache.nifi.processors.standard.ControlRate - ControlRate[id=000457d2-8d0c-4fc1-b63f-d62e976508af] transferring FlowFile[1264,98900065383048.mockFlowFile,14B] to 'success'
[pool-146-thread-1] INFO org.apache.nifi.processors.standard.ControlRate - ControlRate[id=000457d2-8d0c-4fc1-b63f-d62e976508af] transferring FlowFile[1265,98900065396385.mockFlowFile,14B] to 'success'
[pool-146-thread-1] INFO org.apache.nifi.processors.standard.ControlRate - ControlRate[id=000457d2-8d0c-4fc1-b63f-d62e976508af] transferring FlowFile[1266,98900065408635.mockFlowFile,14B] to 'success'
[pool-146-thread-1] INFO org.apache.nifi.processors.standard.ControlRate - ControlRate[id=000457d2-8d0c-4fc1-b63f-d62e976508af] transferring FlowFile[1267,98900065422010.mockFlowFile,14B] to 'success'
[pool-146-thread-1] INFO org.apache.nifi.processors.standard.ControlRate - ControlRate[id=000457d2-8d0c-4fc1-b63f-d62e976508af] transferring FlowFile[1268,98900065434445.mockFlowFile,14B] to 'success'
[pool-146-thread-1] INFO org.apache.nifi.processors.standard.ControlRate - ControlRate[id=000457d2-8d0c-4fc1-b63f-d62e976508af] transferring FlowFile[1269,98900065447551.mockFlowFile,14B] to 'success'
[pool-146-thread-1] INFO org.apache.nifi.processors.standard.ControlRate - ControlRate[id=000457d2-8d0c-4fc1-b63f-d62e976508af] transferring FlowFile[1270,98900065460516.mockFlowFile,14B] to 'success'
[pool-146-thread-1] INFO org.apache.nifi.processors.standard.ControlRate - ControlRate[id=000457d2-8d0c-4fc1-b63f-d62e976508af] transferring FlowFile[1271,98900065479258.mockFlowFile,14B] to 'success'
[pool-146-thread-1] INFO org.apache.nifi.processors.standard.ControlRate - ControlRate[id=000457d2-8d0c-4fc1-b63f-d62e976508af] transferring FlowFile[1272,98900065492944.mockFlowFile,14B] to 'success'
[pool-146-thread-1] INFO org.apache.nifi.processors.standard.ControlRate - ControlRate[id=000457d2-8d0c-4fc1-b63f-d62e976508af] transferring FlowFile[1273,98900065505338.mockFlowFile,14B] to 'success'
[pool-146-thread-1] INFO org.apache.nifi.processors.standard.ControlRate - ControlRate[id=000457d2-8d0c-4fc1-b63f-d62e976508af] transferring FlowFile[1274,98900065518623.mockFlowFile,14B] to 'success'
[pool-146-thread-1] INFO org.apache.nifi.processors.standard.ControlRate - ControlRate[id=000457d2-8d0c-4fc1-b63f-d62e976508af] transferring FlowFile[1275,98900065532820.mockFlowFile,14B] to 'success'
[pool-146-thread-1] INFO org.apache.nifi.processors.standard.ControlRate - ControlRate[id=000457d2-8d0c-4fc1-b63f-d62e976508af] transferring FlowFile[1276,98900065545140.mockFlowFile,14B] to 'success'
[pool-146-thread-1] INFO org.apache.nifi.processors.standard.ControlRate - ControlRate[id=000457d2-8d0c-4fc1-b63f-d62e976508af] transferring FlowFile[1277,98900065559008.mockFlowFile,14B] to 'success'
[pool-146-thread-1] INFO org.apache.nifi.processors.standard.ControlRate - ControlRate[id=000457d2-8d0c-4fc1-b63f-d62e976508af] transferring FlowFile[1278,98900065572286.mockFlowFile,14B] to 'success'
[pool-146-thread-1] INFO org.apache.nifi.processors.standard.ControlRate - ControlRate[id=000457d2-8d0c-4fc1-b63f-d62e976508af] transferring FlowFile[1279,98900065589331.mockFlowFile,14B] to 'success'
[pool-146-thread-1] INFO org.apache.nifi.processors.standard.ControlRate - ControlRate[id=000457d2-8d0c-4fc1-b63f-d62e976508af] transferring FlowFile[1280,98900065604089.mockFlowFile,14B] to 'success'
[pool-146-thread-1] INFO org.apache.nifi.processors.standard.ControlRate - ControlRate[id=000457d2-8d0c-4fc1-b63f-d62e976508af] transferring FlowFile[1281,98900065616365.mockFlowFile,14B] to 'success'
[pool-146-thread-1] INFO org.apache.nifi.processors.standard.ControlRate - ControlRate[id=000457d2-8d0c-4fc1-b63f-d62e976508af] transferring FlowFile[1282,98900065629466.mockFlowFile,14B] to 'success'
[pool-146-thread-1] INFO org.apache.nifi.processors.standard.ControlRate - ControlRate[id=000457d2-8d0c-4fc1-b63f-d62e976508af] transferring FlowFile[1283,98900065641610.mockFlowFile,14B] to 'success'
[pool-146-thread-1] INFO org.apache.nifi.processors.standard.ControlRate - ControlRate[id=000457d2-8d0c-4fc1-b63f-d62e976508af] transferring FlowFile[1284,98900065655005.mockFlowFile,14B] to 'success'
[pool-146-thread-1] INFO org.apache.nifi.processors.standard.ControlRate - ControlRate[id=000457d2-8d0c-4fc1-b63f-d62e976508af] transferring FlowFile[1285,98900065668305.mockFlowFile,14B] to 'success'
[pool-146-thread-1] INFO org.apache.nifi.processors.standard.ControlRate - ControlRate[id=000457d2-8d0c-4fc1-b63f-d62e976508af] transferring FlowFile[1286,98900065681684.mockFlowFile,14B] to 'success'
[pool-146-thread-1] INFO org.apache.nifi.processors.standard.ControlRate - ControlRate[id=000457d2-8d0c-4fc1-b63f-d62e976508af] transferring FlowFile[1287,98900065700116.mockFlowFile,14B] to 'success'
[pool-146-thread-1] INFO org.apache.nifi.processors.standard.ControlRate - ControlRate[id=000457d2-8d0c-4fc1-b63f-d62e976508af] transferring FlowFile[1288,98900065713206.mockFlowFile,14B] to 'success'
[pool-146-thread-1] INFO org.apache.nifi.processors.standard.ControlRate - ControlRate[id=000457d2-8d0c-4fc1-b63f-d62e976508af] transferring FlowFile[1289,98900065726506.mockFlowFile,14B] to 'success'
[pool-146-thread-1] INFO org.apache.nifi.processors.standard.ControlRate - ControlRate[id=000457d2-8d0c-4fc1-b63f-d62e976508af] transferring FlowFile[1290,98900065739540.mockFlowFile,14B] to 'success'
[pool-146-thread-1] INFO org.apache.nifi.processors.standard.ControlRate - ControlRate[id=000457d2-8d0c-4fc1-b63f-d62e976508af] transferring FlowFile[1291,98900065751955.mockFlowFile,14B] to 'success'
[pool-146-thread-1] INFO org.apache.nifi.processors.standard.ControlRate - ControlRate[id=000457d2-8d0c-4fc1-b63f-d62e976508af] transferring FlowFile[1292,98900065765267.mockFlowFile,14B] to 'success'
[pool-146-thread-1] INFO org.apache.nifi.processors.standard.ControlRate - ControlRate[id=000457d2-8d0c-4fc1-b63f-d62e976508af] transferring FlowFile[1293,98900065777432.mockFlowFile,14B] to 'success'
[pool-146-thread-1] INFO org.apache.nifi.processors.standard.ControlRate - ControlRate[id=000457d2-8d0c-4fc1-b63f-d62e976508af] transferring FlowFile[1294,98900065791198.mockFlowFile,14B] to 'success'
[pool-146-thread-1] INFO org.apache.nifi.processors.standard.ControlRate - ControlRate[id=000457d2-8d0c-4fc1-b63f-d62e976508af] transferring FlowFile[1295,98900065808328.mockFlowFile,14B] to 'success'
[pool-146-thread-1] INFO org.apache.nifi.processors.standard.ControlRate - ControlRate[id=000457d2-8d0c-4fc1-b63f-d62e976508af] transferring FlowFile[1296,98900065820867.mockFlowFile,14B] to 'success'
[pool-146-thread-1] INFO org.apache.nifi.processors.standard.ControlRate - ControlRate[id=000457d2-8d0c-4fc1-b63f-d62e976508af] transferring FlowFile[1297,98900065872806.mockFlowFile,14B] to 'success'
[pool-146-thread-1] INFO org.apache.nifi.processors.standard.ControlRate - ControlRate[id=000457d2-8d0c-4fc1-b63f-d62e976508af] transferring FlowFile[1298,98900065885673.mockFlowFile,14B] to 'success'
[pool-146-thread-1] INFO org.apache.nifi.processors.standard.ControlRate - ControlRate[id=000457d2-8d0c-4fc1-b63f-d62e976508af] transferring FlowFile[1299,98900065900173.mockFlowFile,14B] to 'success'
[pool-146-thread-1] INFO org.apache.nifi.processors.standard.ControlRate - ControlRate[id=000457d2-8d0c-4fc1-b63f-d62e976508af] transferring FlowFile[1300,98900065914423.mockFlowFile,14B] to 'success'
[pool-146-thread-1] INFO org.apache.nifi.processors.standard.ControlRate - ControlRate[id=000457d2-8d0c-4fc1-b63f-d62e976508af] transferring FlowFile[1301,98900065926629.mockFlowFile,14B] to 'success'
[pool-146-thread-1] INFO org.apache.nifi.processors.standard.ControlRate - ControlRate[id=000457d2-8d0c-4fc1-b63f-d62e976508af] transferring FlowFile[1302,98900065939420.mockFlowFile,14B] to 'success'
[pool-146-thread-1] INFO org.apache.nifi.processors.standard.ControlRate - ControlRate[id=000457d2-8d0c-4fc1-b63f-d62e976508af] transferring FlowFile[1303,98900065960228.mockFlowFile,14B] to 'success'
[pool-146-thread-1] INFO org.apache.nifi.processors.standard.ControlRate - ControlRate[id=000457d2-8d0c-4fc1-b63f-d62e976508af] transferring FlowFile[1304,98900065974552.mockFlowFile,14B] to 'success'
[pool-146-thread-1] INFO org.apache.nifi.processors.standard.ControlRate - ControlRate[id=000457d2-8d0c-4fc1-b63f-d62e976508af] transferring FlowFile[1305,98900065987663.mockFlowFile,14B] to 'success'
[pool-146-thread-1] INFO org.apache.nifi.processors.standard.ControlRate - ControlRate[id=000457d2-8d0c-4fc1-b63f-d62e976508af] transferring FlowFile[1306,98900065999633.mockFlowFile,14B] to 'success'
[pool-146-thread-1] INFO org.apache.nifi.processors.standard.ControlRate - ControlRate[id=000457d2-8d0c-4fc1-b63f-d62e976508af] transferring FlowFile[1307,98900066013669.mockFlowFile,14B] to 'success'
[pool-146-thread-1] INFO org.apache.nifi.processors.standard.ControlRate - ControlRate[id=000457d2-8d0c-4fc1-b63f-d62e976508af] transferring FlowFile[1308,98900066025677.mockFlowFile,14B] to 'success'
[pool-146-thread-1] INFO org.apache.nifi.processors.standard.ControlRate - ControlRate[id=000457d2-8d0c-4fc1-b63f-d62e976508af] transferring FlowFile[1309,98900066038223.mockFlowFile,14B] to 'success'
[pool-146-thread-1] INFO org.apache.nifi.processors.standard.ControlRate - ControlRate[id=000457d2-8d0c-4fc1-b63f-d62e976508af] transferring FlowFile[1310,98900066052255.mockFlowFile,14B] to 'success'
[pool-146-thread-1] INFO org.apache.nifi.processors.standard.ControlRate - ControlRate[id=000457d2-8d0c-4fc1-b63f-d62e976508af] transferring FlowFile[1311,98900066068035.mockFlowFile,14B] to 'success'
[pool-146-thread-1] INFO org.apache.nifi.processors.standard.ControlRate - ControlRate[id=000457d2-8d0c-4fc1-b63f-d62e976508af] transferring FlowFile[1312,98900066081175.mockFlowFile,14B] to 'success'
[pool-146-thread-1] INFO org.apache.nifi.processors.standard.ControlRate - ControlRate[id=000457d2-8d0c-4fc1-b63f-d62e976508af] transferring FlowFile[1313,98900066093051.mockFlowFile,14B] to 'success'
[pool-146-thread-1] INFO org.apache.nifi.processors.standard.ControlRate - ControlRate[id=000457d2-8d0c-4fc1-b63f-d62e976508af] transferring FlowFile[1314,98900066105933.mockFlowFile,14B] to 'success'
[pool-146-thread-1] INFO org.apache.nifi.processors.standard.ControlRate - ControlRate[id=000457d2-8d0c-4fc1-b63f-d62e976508af] transferring FlowFile[1315,98900066118619.mockFlowFile,14B] to 'success'
[pool-146-thread-1] INFO org.apache.nifi.processors.standard.ControlRate - ControlRate[id=000457d2-8d0c-4fc1-b63f-d62e976508af] transferring FlowFile[1316,98900066131598.mockFlowFile,14B] to 'success'
[pool-146-thread-1] INFO org.apache.nifi.processors.standard.ControlRate - ControlRate[id=000457d2-8d0c-4fc1-b63f-d62e976508af] transferring FlowFile[1317,98900066144366.mockFlowFile,14B] to 'success'
[pool-146-thread-1] INFO org.apache.nifi.processors.standard.ControlRate - ControlRate[id=000457d2-8d0c-4fc1-b63f-d62e976508af] transferring FlowFile[1318,98900066156152.mockFlowFile,14B] to 'success'
[pool-146-thread-1] INFO org.apache.nifi.processors.standard.ControlRate - ControlRate[id=000457d2-8d0c-4fc1-b63f-d62e976508af] transferring FlowFile[1319,98900066189154.mockFlowFile,14B] to 'success'
[pool-146-thread-1] INFO org.apache.nifi.processors.standard.ControlRate - ControlRate[id=000457d2-8d0c-4fc1-b63f-d62e976508af] transferring FlowFile[1320,98900066204190.mockFlowFile,14B] to 'success'
[pool-146-thread-1] INFO org.apache.nifi.processors.standard.ControlRate - ControlRate[id=000457d2-8d0c-4fc1-b63f-d62e976508af] transferring FlowFile[1321,98900066216084.mockFlowFile,14B] to 'success'
[pool-146-thread-1] INFO org.apache.nifi.processors.standard.ControlRate - ControlRate[id=000457d2-8d0c-4fc1-b63f-d62e976508af] transferring FlowFile[1322,98900066228811.mockFlowFile,14B] to 'success'
[pool-146-thread-1] INFO org.apache.nifi.processors.standard.ControlRate - ControlRate[id=000457d2-8d0c-4fc1-b63f-d62e976508af] transferring FlowFile[1323,98900066240863.mockFlowFile,14B] to 'success'
[pool-146-thread-1] INFO org.apache.nifi.processors.standard.ControlRate - ControlRate[id=000457d2-8d0c-4fc1-b63f-d62e976508af] transferring FlowFile[1324,98900066253671.mockFlowFile,14B] to 'success'
[pool-146-thread-1] INFO org.apache.nifi.processors.standard.ControlRate - ControlRate[id=000457d2-8d0c-4fc1-b63f-d62e976508af] transferring FlowFile[1325,98900066266237.mockFlowFile,14B] to 'success'
[pool-146-thread-1] INFO org.apache.nifi.processors.standard.ControlRate - ControlRate[id=000457d2-8d0c-4fc1-b63f-d62e976508af] transferring FlowFile[1326,98900066278292.mockFlowFile,14B] to 'success'
[pool-146-thread-1] INFO org.apache.nifi.processors.standard.ControlRate - ControlRate[id=000457d2-8d0c-4fc1-b63f-d62e976508af] transferring FlowFile[1327,98900066294952.mockFlowFile,14B] to 'success'
[pool-146-thread-1] INFO org.apache.nifi.processors.standard.ControlRate - ControlRate[id=000457d2-8d0c-4fc1-b63f-d62e976508af] transferring FlowFile[1328,98900066307267.mockFlowFile,14B] to 'success'
[pool-146-thread-1] INFO org.apache.nifi.processors.standard.ControlRate - ControlRate[id=000457d2-8d0c-4fc1-b63f-d62e976508af] transferring FlowFile[1329,98900066319940.mockFlowFile,14B] to 'success'
[pool-146-thread-1] INFO org.apache.nifi.processors.standard.ControlRate - ControlRate[id=000457d2-8d0c-4fc1-b63f-d62e976508af] transferring FlowFile[1330,98900066332806.mockFlowFile,14B] to 'success'
[pool-146-thread-1] INFO org.apache.nifi.processors.standard.ControlRate - ControlRate[id=000457d2-8d0c-4fc1-b63f-d62e976508af] transferring FlowFile[1331,98900066344521.mockFlowFile,14B] to 'success'
[pool-146-thread-1] INFO org.apache.nifi.processors.standard.ControlRate - ControlRate[id=000457d2-8d0c-4fc1-b63f-d62e976508af] transferring FlowFile[1332,98900066357112.mockFlowFile,14B] to 'success'
[pool-146-thread-1] INFO org.apache.nifi.processors.standard.ControlRate - ControlRate[id=000457d2-8d0c-4fc1-b63f-d62e976508af] transferring FlowFile[1333,98900066368915.mockFlowFile,14B] to 'success'
[pool-146-thread-1] INFO org.apache.nifi.processors.standard.ControlRate - ControlRate[id=000457d2-8d0c-4fc1-b63f-d62e976508af] transferring FlowFile[1334,98900066382036.mockFlowFile,14B] to 'success'
[pool-146-thread-1] INFO org.apache.nifi.processors.standard.ControlRate - ControlRate[id=000457d2-8d0c-4fc1-b63f-d62e976508af] transferring FlowFile[1335,98900066398570.mockFlowFile,14B] to 'success'
[pool-146-thread-1] INFO org.apache.nifi.processors.standard.ControlRate - ControlRate[id=000457d2-8d0c-4fc1-b63f-d62e976508af] transferring FlowFile[1336,98900066410670.mockFlowFile,14B] to 'success'
[pool-146-thread-1] INFO org.apache.nifi.processors.standard.ControlRate - ControlRate[id=000457d2-8d0c-4fc1-b63f-d62e976508af] transferring FlowFile[1337,98900066423509.mockFlowFile,14B] to 'success'
[pool-146-thread-1] INFO org.apache.nifi.processors.standard.ControlRate - ControlRate[id=000457d2-8d0c-4fc1-b63f-d62e976508af] transferring FlowFile[1338,98900066435377.mockFlowFile,14B] to 'success'
[pool-146-thread-1] INFO org.apache.nifi.processors.standard.ControlRate - ControlRate[id=000457d2-8d0c-4fc1-b63f-d62e976508af] transferring FlowFile[1339,98900066448105.mockFlowFile,14B] to 'success'
[pool-146-thread-1] INFO org.apache.nifi.processors.standard.ControlRate - ControlRate[id=000457d2-8d0c-4fc1-b63f-d62e976508af] transferring FlowFile[1340,98900066461870.mockFlowFile,14B] to 'success'
[pool-146-thread-1] INFO org.apache.nifi.processors.standard.ControlRate - ControlRate[id=000457d2-8d0c-4fc1-b63f-d62e976508af] transferring FlowFile[1341,98900066473816.mockFlowFile,14B] to 'success'
[pool-146-thread-1] INFO org.apache.nifi.processors.standard.ControlRate - ControlRate[id=000457d2-8d0c-4fc1-b63f-d62e976508af] transferring FlowFile[1342,98900066486833.mockFlowFile,14B] to 'success'
[pool-146-thread-1] INFO org.apache.nifi.processors.standard.ControlRate - ControlRate[id=000457d2-8d0c-4fc1-b63f-d62e976508af] transferring FlowFile[1343,98900066505426.mockFlowFile,14B] to 'success'
[pool-146-thread-1] INFO org.apache.nifi.processors.standard.ControlRate - ControlRate[id=000457d2-8d0c-4fc1-b63f-d62e976508af] transferring FlowFile[1344,98900066519875.mockFlowFile,14B] to 'success'
[pool-146-thread-1] INFO org.apache.nifi.processors.standard.ControlRate - ControlRate[id=000457d2-8d0c-4fc1-b63f-d62e976508af] transferring FlowFile[1345,98900066535566.mockFlowFile,14B] to 'success'
[pool-146-thread-1] INFO org.apache.nifi.processors.standard.ControlRate - ControlRate[id=000457d2-8d0c-4fc1-b63f-d62e976508af] transferring FlowFile[1346,98900066562660.mockFlowFile,14B] to 'success'
[pool-146-thread-1] INFO org.apache.nifi.processors.standard.ControlRate - ControlRate[id=000457d2-8d0c-4fc1-b63f-d62e976508af] transferring FlowFile[1347,98900066590304.mockFlowFile,14B] to 'success'
[pool-146-thread-1] INFO org.apache.nifi.processors.standard.ControlRate - ControlRate[id=000457d2-8d0c-4fc1-b63f-d62e976508af] transferring FlowFile[1348,98900066602345.mockFlowFile,14B] to 'success'
[pool-146-thread-1] INFO org.apache.nifi.processors.standard.ControlRate - ControlRate[id=000457d2-8d0c-4fc1-b63f-d62e976508af] transferring FlowFile[1349,98900066614996.mockFlowFile,14B] to 'success'
[pool-146-thread-1] INFO org.apache.nifi.processors.standard.ControlRate - ControlRate[id=000457d2-8d0c-4fc1-b63f-d62e976508af] transferring FlowFile[1350,98900066627874.mockFlowFile,14B] to 'success'
[pool-146-thread-1] INFO org.apache.nifi.processors.standard.ControlRate - ControlRate[id=000457d2-8d0c-4fc1-b63f-d62e976508af] transferring FlowFile[1351,98900066643494.mockFlowFile,14B] to 'success'
[pool-146-thread-1] INFO org.apache.nifi.processors.standard.ControlRate - ControlRate[id=000457d2-8d0c-4fc1-b63f-d62e976508af] transferring FlowFile[1352,98900066656613.mockFlowFile,14B] to 'success'
[pool-146-thread-1] INFO org.apache.nifi.processors.standard.ControlRate - ControlRate[id=000457d2-8d0c-4fc1-b63f-d62e976508af] transferring FlowFile[1353,98900066668266.mockFlowFile,14B] to 'success'
[pool-146-thread-1] INFO org.apache.nifi.processors.standard.ControlRate - ControlRate[id=000457d2-8d0c-4fc1-b63f-d62e976508af] transferring FlowFile[1354,98900066680863.mockFlowFile,14B] to 'success'
[pool-146-thread-1] INFO org.apache.nifi.processors.standard.ControlRate - ControlRate[id=000457d2-8d0c-4fc1-b63f-d62e976508af] transferring FlowFile[1355,98900066693449.mockFlowFile,14B] to 'success'
[pool-146-thread-1] INFO org.apache.nifi.processors.standard.ControlRate - ControlRate[id=000457d2-8d0c-4fc1-b63f-d62e976508af] transferring FlowFile[1356,98900066705065.mockFlowFile,14B] to 'success'
[pool-146-thread-1] INFO org.apache.nifi.processors.standard.ControlRate - ControlRate[id=000457d2-8d0c-4fc1-b63f-d62e976508af] transferring FlowFile[1357,98900066717929.mockFlowFile,14B] to 'success'
[pool-146-thread-1] INFO org.apache.nifi.processors.standard.ControlRate - ControlRate[id=000457d2-8d0c-4fc1-b63f-d62e976508af] transferring FlowFile[1358,98900066729477.mockFlowFile,14B] to 'success'
[pool-146-thread-1] INFO org.apache.nifi.processors.standard.ControlRate - ControlRate[id=000457d2-8d0c-4fc1-b63f-d62e976508af] transferring FlowFile[1359,98900066746131.mockFlowFile,14B] to 'success'
[pool-146-thread-1] INFO org.apache.nifi.processors.standard.ControlRate - ControlRate[id=000457d2-8d0c-4fc1-b63f-d62e976508af] transferring FlowFile[1360,98900066759234.mockFlowFile,14B] to 'success'
[pool-146-thread-1] INFO org.apache.nifi.processors.standard.ControlRate - ControlRate[id=000457d2-8d0c-4fc1-b63f-d62e976508af] transferring FlowFile[1361,98900066772139.mockFlowFile,14B] to 'success'
[pool-146-thread-1] INFO org.apache.nifi.processors.standard.ControlRate - ControlRate[id=000457d2-8d0c-4fc1-b63f-d62e976508af] transferring FlowFile[1362,98900066806862.mockFlowFile,14B] to 'success'
[pool-146-thread-1] INFO org.apache.nifi.processors.standard.ControlRate - ControlRate[id=000457d2-8d0c-4fc1-b63f-d62e976508af] transferring FlowFile[1363,98900066818943.mockFlowFile,14B] to 'success'
[pool-146-thread-1] INFO org.apache.nifi.processors.standard.ControlRate - ControlRate[id=000457d2-8d0c-4fc1-b63f-d62e976508af] transferring FlowFile[1364,98900066831680.mockFlowFile,14B] to 'success'
[pool-146-thread-1] INFO org.apache.nifi.processors.standard.ControlRate - ControlRate[id=000457d2-8d0c-4fc1-b63f-d62e976508af] transferring FlowFile[1365,98900066844056.mockFlowFile,14B] to 'success'
[pool-146-thread-1] INFO org.apache.nifi.processors.standard.ControlRate - ControlRate[id=000457d2-8d0c-4fc1-b63f-d62e976508af] transferring FlowFile[1366,98900066855485.mockFlowFile,14B] to 'success'
[pool-146-thread-1] INFO org.apache.nifi.processors.standard.ControlRate - ControlRate[id=000457d2-8d0c-4fc1-b63f-d62e976508af] transferring FlowFile[1367,98900066871610.mockFlowFile,14B] to 'success'
[pool-146-thread-1] INFO org.apache.nifi.processors.standard.ControlRate - ControlRate[id=000457d2-8d0c-4fc1-b63f-d62e976508af] transferring FlowFile[1368,98900066883449.mockFlowFile,14B] to 'success'
[pool-146-thread-1] INFO org.apache.nifi.processors.standard.ControlRate - ControlRate[id=000457d2-8d0c-4fc1-b63f-d62e976508af] transferring FlowFile[1369,98900066897239.mockFlowFile,14B] to 'success'
[pool-146-thread-1] INFO org.apache.nifi.processors.standard.ControlRate - ControlRate[id=000457d2-8d0c-4fc1-b63f-d62e976508af] transferring FlowFile[1370,98900066927149.mockFlowFile,14B] to 'success'
[pool-146-thread-1] INFO org.apache.nifi.processors.standard.ControlRate - ControlRate[id=000457d2-8d0c-4fc1-b63f-d62e976508af] transferring FlowFile[1371,98900066944107.mockFlowFile,14B] to 'success'
[pool-146-thread-1] INFO org.apache.nifi.processors.standard.ControlRate - ControlRate[id=000457d2-8d0c-4fc1-b63f-d62e976508af] transferring FlowFile[1372,98900066957758.mockFlowFile,14B] to 'success'
[pool-146-thread-1] INFO org.apache.nifi.processors.standard.ControlRate - ControlRate[id=000457d2-8d0c-4fc1-b63f-d62e976508af] transferring FlowFile[1373,98900066968685.mockFlowFile,14B] to 'success'
[pool-146-thread-1] INFO org.apache.nifi.processors.standard.ControlRate - ControlRate[id=000457d2-8d0c-4fc1-b63f-d62e976508af] transferring FlowFile[1374,98900066980795.mockFlowFile,14B] to 'success'
[pool-146-thread-1] INFO org.apache.nifi.processors.standard.ControlRate - ControlRate[id=000457d2-8d0c-4fc1-b63f-d62e976508af] transferring FlowFile[1375,98900066997914.mockFlowFile,14B] to 'success'
[pool-146-thread-1] INFO org.apache.nifi.processors.standard.ControlRate - ControlRate[id=000457d2-8d0c-4fc1-b63f-d62e976508af] transferring FlowFile[1376,98900067009118.mockFlowFile,14B] to 'success'
[pool-146-thread-1] INFO org.apache.nifi.processors.standard.ControlRate - ControlRate[id=000457d2-8d0c-4fc1-b63f-d62e976508af] transferring FlowFile[1377,98900067020928.mockFlowFile,14B] to 'success'
[pool-146-thread-1] INFO org.apache.nifi.processors.standard.ControlRate - ControlRate[id=000457d2-8d0c-4fc1-b63f-d62e976508af] transferring FlowFile[1378,98900067032001.mockFlowFile,14B] to 'success'
[pool-146-thread-1] INFO org.apache.nifi.processors.standard.ControlRate - ControlRate[id=000457d2-8d0c-4fc1-b63f-d62e976508af] transferring FlowFile[1379,98900067043769.mockFlowFile,14B] to 'success'
[pool-146-thread-1] INFO org.apache.nifi.processors.standard.ControlRate - ControlRate[id=000457d2-8d0c-4fc1-b63f-d62e976508af] transferring FlowFile[1380,98900067056118.mockFlowFile,14B] to 'success'
[pool-146-thread-1] INFO org.apache.nifi.processors.standard.ControlRate - ControlRate[id=000457d2-8d0c-4fc1-b63f-d62e976508af] transferring FlowFile[1381,98900067068495.mockFlowFile,14B] to 'success'
[pool-146-thread-1] INFO org.apache.nifi.processors.standard.ControlRate - ControlRate[id=000457d2-8d0c-4fc1-b63f-d62e976508af] transferring FlowFile[1382,98900067081409.mockFlowFile,14B] to 'success'
[pool-146-thread-1] INFO org.apache.nifi.processors.standard.ControlRate - ControlRate[id=000457d2-8d0c-4fc1-b63f-d62e976508af] transferring FlowFile[1383,98900067096236.mockFlowFile,14B] to 'success'
[pool-146-thread-1] INFO org.apache.nifi.processors.standard.ControlRate - ControlRate[id=000457d2-8d0c-4fc1-b63f-d62e976508af] transferring FlowFile[1384,98900067108015.mockFlowFile,14B] to 'success'
[pool-146-thread-1] INFO org.apache.nifi.processors.standard.ControlRate - ControlRate[id=000457d2-8d0c-4fc1-b63f-d62e976508af] transferring FlowFile[1385,98900067119580.mockFlowFile,14B] to 'success'
[pool-146-thread-1] INFO org.apache.nifi.processors.standard.ControlRate - ControlRate[id=000457d2-8d0c-4fc1-b63f-d62e976508af] transferring FlowFile[1386,98900067130298.mockFlowFile,14B] to 'success'
[pool-146-thread-1] INFO org.apache.nifi.processors.standard.ControlRate - ControlRate[id=000457d2-8d0c-4fc1-b63f-d62e976508af] transferring FlowFile[1387,98900067142024.mockFlowFile,14B] to 'success'
[pool-146-thread-1] INFO org.apache.nifi.processors.standard.ControlRate - ControlRate[id=000457d2-8d0c-4fc1-b63f-d62e976508af] transferring FlowFile[1388,98900067153042.mockFlowFile,14B] to 'success'
[pool-146-thread-1] INFO org.apache.nifi.processors.standard.ControlRate - ControlRate[id=000457d2-8d0c-4fc1-b63f-d62e976508af] transferring FlowFile[1389,98900067164896.mockFlowFile,14B] to 'success'
[pool-146-thread-1] INFO org.apache.nifi.processors.standard.ControlRate - ControlRate[id=000457d2-8d0c-4fc1-b63f-d62e976508af] transferring FlowFile[1390,98900067176526.mockFlowFile,14B] to 'success'
[pool-146-thread-1] INFO org.apache.nifi.processors.standard.ControlRate - ControlRate[id=000457d2-8d0c-4fc1-b63f-d62e976508af] transferring FlowFile[1391,98900067201043.mockFlowFile,14B] to 'success'
[pool-146-thread-1] INFO org.apache.nifi.processors.standard.ControlRate - ControlRate[id=000457d2-8d0c-4fc1-b63f-d62e976508af] transferring FlowFile[1392,98900067213589.mockFlowFile,14B] to 'success'
[pool-146-thread-1] INFO org.apache.nifi.processors.standard.ControlRate - ControlRate[id=000457d2-8d0c-4fc1-b63f-d62e976508af] transferring FlowFile[1393,98900067224209.mockFlowFile,14B] to 'success'
[pool-146-thread-1] INFO org.apache.nifi.processors.standard.ControlRate - ControlRate[id=000457d2-8d0c-4fc1-b63f-d62e976508af] transferring FlowFile[1394,98900067235758.mockFlowFile,14B] to 'success'
[pool-146-thread-1] INFO org.apache.nifi.processors.standard.ControlRate - ControlRate[id=000457d2-8d0c-4fc1-b63f-d62e976508af] transferring FlowFile[1395,98900067250447.mockFlowFile,14B] to 'success'
[pool-146-thread-1] INFO org.apache.nifi.processors.standard.ControlRate - ControlRate[id=000457d2-8d0c-4fc1-b63f-d62e976508af] transferring FlowFile[1396,98900067276873.mockFlowFile,14B] to 'success'
[pool-146-thread-1] INFO org.apache.nifi.processors.standard.ControlRate - ControlRate[id=000457d2-8d0c-4fc1-b63f-d62e976508af] transferring FlowFile[1397,98900067288608.mockFlowFile,14B] to 'success'
[pool-146-thread-1] INFO org.apache.nifi.processors.standard.ControlRate - ControlRate[id=000457d2-8d0c-4fc1-b63f-d62e976508af] transferring FlowFile[1398,98900067298881.mockFlowFile,14B] to 'success'
[pool-146-thread-1] INFO org.apache.nifi.processors.standard.ControlRate - ControlRate[id=000457d2-8d0c-4fc1-b63f-d62e976508af] transferring FlowFile[1399,98900067314437.mockFlowFile,14B] to 'success'
[pool-146-thread-1] INFO org.apache.nifi.processors.standard.ControlRate - ControlRate[id=000457d2-8d0c-4fc1-b63f-d62e976508af] transferring FlowFile[1400,98900067326001.mockFlowFile,14B] to 'success'
[pool-146-thread-1] INFO org.apache.nifi.processors.standard.ControlRate - ControlRate[id=000457d2-8d0c-4fc1-b63f-d62e976508af] transferring FlowFile[1401,98900067336622.mockFlowFile,14B] to 'success'
[pool-146-thread-1] INFO org.apache.nifi.processors.standard.ControlRate - ControlRate[id=000457d2-8d0c-4fc1-b63f-d62e976508af] transferring FlowFile[1402,98900067348874.mockFlowFile,14B] to 'success'
[pool-146-thread-1] INFO org.apache.nifi.processors.standard.ControlRate - ControlRate[id=000457d2-8d0c-4fc1-b63f-d62e976508af] transferring FlowFile[1403,98900067358992.mockFlowFile,14B] to 'success'
[pool-146-thread-1] INFO org.apache.nifi.processors.standard.ControlRate - ControlRate[id=000457d2-8d0c-4fc1-b63f-d62e976508af] transferring FlowFile[1404,98900067370270.mockFlowFile,14B] to 'success'
[pool-146-thread-1] INFO org.apache.nifi.processors.standard.ControlRate - ControlRate[id=000457d2-8d0c-4fc1-b63f-d62e976508af] transferring FlowFile[1405,98900067381049.mockFlowFile,14B] to 'success'
[pool-146-thread-1] INFO org.apache.nifi.processors.standard.ControlRate - ControlRate[id=000457d2-8d0c-4fc1-b63f-d62e976508af] transferring FlowFile[1406,98900067391226.mockFlowFile,14B] to 'success'
[pool-146-thread-1] INFO org.apache.nifi.processors.standard.ControlRate - ControlRate[id=000457d2-8d0c-4fc1-b63f-d62e976508af] transferring FlowFile[1407,98900067405850.mockFlowFile,14B] to 'success'
[pool-146-thread-1] INFO org.apache.nifi.processors.standard.ControlRate - ControlRate[id=000457d2-8d0c-4fc1-b63f-d62e976508af] transferring FlowFile[1408,98900067416431.mockFlowFile,14B] to 'success'
[pool-146-thread-1] INFO org.apache.nifi.processors.standard.ControlRate - ControlRate[id=000457d2-8d0c-4fc1-b63f-d62e976508af] transferring FlowFile[1409,98900067428125.mockFlowFile,14B] to 'success'
[pool-146-thread-1] INFO org.apache.nifi.processors.standard.ControlRate - ControlRate[id=000457d2-8d0c-4fc1-b63f-d62e976508af] transferring FlowFile[1410,98900067439212.mockFlowFile,14B] to 'success'
[pool-146-thread-1] INFO org.apache.nifi.processors.standard.ControlRate - ControlRate[id=000457d2-8d0c-4fc1-b63f-d62e976508af] transferring FlowFile[1411,98900067449562.mockFlowFile,14B] to 'success'
[pool-146-thread-1] INFO org.apache.nifi.processors.standard.ControlRate - ControlRate[id=000457d2-8d0c-4fc1-b63f-d62e976508af] transferring FlowFile[1412,98900067460647.mockFlowFile,14B] to 'success'
[pool-146-thread-1] INFO org.apache.nifi.processors.standard.ControlRate - ControlRate[id=000457d2-8d0c-4fc1-b63f-d62e976508af] transferring FlowFile[1413,98900067470880.mockFlowFile,14B] to 'success'
[pool-146-thread-1] INFO org.apache.nifi.processors.standard.ControlRate - ControlRate[id=000457d2-8d0c-4fc1-b63f-d62e976508af] transferring FlowFile[1414,98900067481941.mockFlowFile,14B] to 'success'
[pool-146-thread-1] INFO org.apache.nifi.processors.standard.ControlRate - ControlRate[id=000457d2-8d0c-4fc1-b63f-d62e976508af] transferring FlowFile[1415,98900067496620.mockFlowFile,14B] to 'success'
[pool-146-thread-1] INFO org.apache.nifi.processors.standard.ControlRate - ControlRate[id=000457d2-8d0c-4fc1-b63f-d62e976508af] transferring FlowFile[1416,98900067507183.mockFlowFile,14B] to 'success'
[pool-146-thread-1] INFO org.apache.nifi.processors.standard.ControlRate - ControlRate[id=000457d2-8d0c-4fc1-b63f-d62e976508af] transferring FlowFile[1417,98900067518074.mockFlowFile,14B] to 'success'
[pool-146-thread-1] INFO org.apache.nifi.processors.standard.ControlRate - ControlRate[id=000457d2-8d0c-4fc1-b63f-d62e976508af] transferring FlowFile[1418,98900067528170.mockFlowFile,14B] to 'success'
[pool-146-thread-1] INFO org.apache.nifi.processors.standard.ControlRate - ControlRate[id=000457d2-8d0c-4fc1-b63f-d62e976508af] transferring FlowFile[1419,98900067539268.mockFlowFile,14B] to 'success'
[pool-146-thread-1] INFO org.apache.nifi.processors.standard.ControlRate - ControlRate[id=000457d2-8d0c-4fc1-b63f-d62e976508af] transferring FlowFile[1420,98900067550121.mockFlowFile,14B] to 'success'
[pool-146-thread-1] INFO org.apache.nifi.processors.standard.ControlRate - ControlRate[id=000457d2-8d0c-4fc1-b63f-d62e976508af] transferring FlowFile[1421,98900067560470.mockFlowFile,14B] to 'success'
[pool-146-thread-1] INFO org.apache.nifi.processors.standard.ControlRate - ControlRate[id=000457d2-8d0c-4fc1-b63f-d62e976508af] transferring FlowFile[1422,98900067571834.mockFlowFile,14B] to 'success'
[pool-146-thread-1] INFO org.apache.nifi.processors.standard.ControlRate - ControlRate[id=000457d2-8d0c-4fc1-b63f-d62e976508af] transferring FlowFile[1423,98900067585852.mockFlowFile,14B] to 'success'
[pool-146-thread-1] INFO org.apache.nifi.processors.standard.ControlRate - ControlRate[id=000457d2-8d0c-4fc1-b63f-d62e976508af] transferring FlowFile[1424,98900067597743.mockFlowFile,14B] to 'success'
[pool-146-thread-1] INFO org.apache.nifi.processors.standard.ControlRate - ControlRate[id=000457d2-8d0c-4fc1-b63f-d62e976508af] transferring FlowFile[1425,98900067608805.mockFlowFile,14B] to 'success'
[pool-146-thread-1] INFO org.apache.nifi.processors.standard.ControlRate - ControlRate[id=000457d2-8d0c-4fc1-b63f-d62e976508af] transferring FlowFile[1426,98900067619157.mockFlowFile,14B] to 'success'
[pool-146-thread-1] INFO org.apache.nifi.processors.standard.ControlRate - ControlRate[id=000457d2-8d0c-4fc1-b63f-d62e976508af] transferring FlowFile[1427,98900067630246.mockFlowFile,14B] to 'success'
[pool-146-thread-1] INFO org.apache.nifi.processors.standard.ControlRate - ControlRate[id=000457d2-8d0c-4fc1-b63f-d62e976508af] transferring FlowFile[1428,98900067640366.mockFlowFile,14B] to 'success'
[pool-146-thread-1] INFO org.apache.nifi.processors.standard.ControlRate - ControlRate[id=000457d2-8d0c-4fc1-b63f-d62e976508af] transferring FlowFile[1429,98900067651545.mockFlowFile,14B] to 'success'
[pool-146-thread-1] INFO org.apache.nifi.processors.standard.ControlRate - ControlRate[id=000457d2-8d0c-4fc1-b63f-d62e976508af] transferring FlowFile[1430,98900067665275.mockFlowFile,14B] to 'success'
[pool-146-thread-1] INFO org.apache.nifi.processors.standard.ControlRate - ControlRate[id=000457d2-8d0c-4fc1-b63f-d62e976508af] transferring FlowFile[1431,98900067679209.mockFlowFile,14B] to 'success'
[pool-146-thread-1] INFO org.apache.nifi.processors.standard.ControlRate - ControlRate[id=000457d2-8d0c-4fc1-b63f-d62e976508af] transferring FlowFile[1432,98900067691717.mockFlowFile,14B] to 'success'
[pool-146-thread-1] INFO org.apache.nifi.processors.standard.ControlRate - ControlRate[id=000457d2-8d0c-4fc1-b63f-d62e976508af] transferring FlowFile[1433,98900067702043.mockFlowFile,14B] to 'success'
[pool-146-thread-1] INFO org.apache.nifi.processors.standard.ControlRate - ControlRate[id=000457d2-8d0c-4fc1-b63f-d62e976508af] transferring FlowFile[1434,98900067713159.mockFlowFile,14B] to 'success'
[pool-146-thread-1] INFO org.apache.nifi.processors.standard.ControlRate - ControlRate[id=000457d2-8d0c-4fc1-b63f-d62e976508af] transferring FlowFile[1435,98900067724240.mockFlowFile,14B] to 'success'
[pool-146-thread-1] INFO org.apache.nifi.processors.standard.ControlRate - ControlRate[id=000457d2-8d0c-4fc1-b63f-d62e976508af] transferring FlowFile[1436,98900067734646.mockFlowFile,14B] to 'success'
[pool-146-thread-1] INFO org.apache.nifi.processors.standard.ControlRate - ControlRate[id=000457d2-8d0c-4fc1-b63f-d62e976508af] transferring FlowFile[1437,98900067745785.mockFlowFile,14B] to 'success'
[pool-146-thread-1] INFO org.apache.nifi.processors.standard.ControlRate - ControlRate[id=000457d2-8d0c-4fc1-b63f-d62e976508af] transferring FlowFile[1438,98900067756284.mockFlowFile,14B] to 'success'
[pool-146-thread-1] INFO org.apache.nifi.processors.standard.ControlRate - ControlRate[id=000457d2-8d0c-4fc1-b63f-d62e976508af] transferring FlowFile[1439,98900067771007.mockFlowFile,14B] to 'success'
[pool-146-thread-1] INFO org.apache.nifi.processors.standard.ControlRate - ControlRate[id=000457d2-8d0c-4fc1-b63f-d62e976508af] transferring FlowFile[1440,98900067782344.mockFlowFile,14B] to 'success'
[pool-146-thread-1] INFO org.apache.nifi.processors.standard.ControlRate - ControlRate[id=000457d2-8d0c-4fc1-b63f-d62e976508af] transferring FlowFile[1441,98900067792664.mockFlowFile,14B] to 'success'
[pool-146-thread-1] INFO org.apache.nifi.processors.standard.ControlRate - ControlRate[id=000457d2-8d0c-4fc1-b63f-d62e976508af] transferring FlowFile[1442,98900067804168.mockFlowFile,14B] to 'success'
[pool-146-thread-1] INFO org.apache.nifi.processors.standard.ControlRate - ControlRate[id=000457d2-8d0c-4fc1-b63f-d62e976508af] transferring FlowFile[1443,98900067814451.mockFlowFile,14B] to 'success'
[pool-146-thread-1] INFO org.apache.nifi.processors.standard.ControlRate - ControlRate[id=000457d2-8d0c-4fc1-b63f-d62e976508af] transferring FlowFile[1444,98900067825691.mockFlowFile,14B] to 'success'
[pool-146-thread-1] INFO org.apache.nifi.processors.standard.ControlRate - ControlRate[id=000457d2-8d0c-4fc1-b63f-d62e976508af] transferring FlowFile[1445,98900067836944.mockFlowFile,14B] to 'success'
[pool-146-thread-1] INFO org.apache.nifi.processors.standard.ControlRate - ControlRate[id=000457d2-8d0c-4fc1-b63f-d62e976508af] transferring FlowFile[1446,98900067847038.mockFlowFile,14B] to 'success'
[pool-146-thread-1] INFO org.apache.nifi.processors.standard.ControlRate - ControlRate[id=000457d2-8d0c-4fc1-b63f-d62e976508af] transferring FlowFile[1447,98900067861517.mockFlowFile,14B] to 'success'
[pool-146-thread-1] INFO org.apache.nifi.processors.standard.ControlRate - ControlRate[id=000457d2-8d0c-4fc1-b63f-d62e976508af] transferring FlowFile[1448,98900067871794.mockFlowFile,14B] to 'success'
[pool-146-thread-1] INFO org.apache.nifi.processors.standard.ControlRate - ControlRate[id=000457d2-8d0c-4fc1-b63f-d62e976508af] transferring FlowFile[1449,98900067883700.mockFlowFile,14B] to 'success'
[pool-146-thread-1] INFO org.apache.nifi.processors.standard.ControlRate - ControlRate[id=000457d2-8d0c-4fc1-b63f-d62e976508af] transferring FlowFile[1450,98900067894569.mockFlowFile,14B] to 'success'
[pool-146-thread-1] INFO org.apache.nifi.processors.standard.ControlRate - ControlRate[id=000457d2-8d0c-4fc1-b63f-d62e976508af] transferring FlowFile[1451,98900067904792.mockFlowFile,14B] to 'success'
[pool-146-thread-1] INFO org.apache.nifi.processors.standard.ControlRate - ControlRate[id=000457d2-8d0c-4fc1-b63f-d62e976508af] transferring FlowFile[1452,98900067915706.mockFlowFile,14B] to 'success'
[pool-146-thread-1] INFO org.apache.nifi.processors.standard.ControlRate - ControlRate[id=000457d2-8d0c-4fc1-b63f-d62e976508af] transferring FlowFile[1453,98900067925892.mockFlowFile,14B] to 'success'
[pool-146-thread-1] INFO org.apache.nifi.processors.standard.ControlRate - ControlRate[id=000457d2-8d0c-4fc1-b63f-d62e976508af] transferring FlowFile[1454,98900067937231.mockFlowFile,14B] to 'success'
[pool-146-thread-1] INFO org.apache.nifi.processors.standard.ControlRate - ControlRate[id=000457d2-8d0c-4fc1-b63f-d62e976508af] transferring FlowFile[1455,98900067951790.mockFlowFile,14B] to 'success'
[pool-146-thread-1] INFO org.apache.nifi.processors.standard.ControlRate - ControlRate[id=000457d2-8d0c-4fc1-b63f-d62e976508af] transferring FlowFile[1456,98900067962650.mockFlowFile,14B] to 'success'
[pool-146-thread-1] INFO org.apache.nifi.processors.standard.ControlRate - ControlRate[id=000457d2-8d0c-4fc1-b63f-d62e976508af] transferring FlowFile[1457,98900067973680.mockFlowFile,14B] to 'success'
[pool-146-thread-1] INFO org.apache.nifi.processors.standard.ControlRate - ControlRate[id=000457d2-8d0c-4fc1-b63f-d62e976508af] transferring FlowFile[1458,98900067983794.mockFlowFile,14B] to 'success'
[pool-146-thread-1] INFO org.apache.nifi.processors.standard.ControlRate - ControlRate[id=000457d2-8d0c-4fc1-b63f-d62e976508af] transferring FlowFile[1459,98900067994811.mockFlowFile,14B] to 'success'
[pool-146-thread-1] INFO org.apache.nifi.processors.standard.ControlRate - ControlRate[id=000457d2-8d0c-4fc1-b63f-d62e976508af] transferring FlowFile[1460,98900068017995.mockFlowFile,14B] to 'success'
[pool-146-thread-1] INFO org.apache.nifi.processors.standard.ControlRate - ControlRate[id=000457d2-8d0c-4fc1-b63f-d62e976508af] transferring FlowFile[1461,98900068037263.mockFlowFile,14B] to 'success'
[pool-146-thread-1] INFO org.apache.nifi.processors.standard.ControlRate - ControlRate[id=000457d2-8d0c-4fc1-b63f-d62e976508af] transferring FlowFile[1462,98900068050047.mockFlowFile,14B] to 'success'
[pool-146-thread-1] INFO org.apache.nifi.processors.standard.ControlRate - ControlRate[id=000457d2-8d0c-4fc1-b63f-d62e976508af] transferring FlowFile[1463,98900068064927.mockFlowFile,14B] to 'success'
[pool-146-thread-1] INFO org.apache.nifi.processors.standard.ControlRate - ControlRate[id=000457d2-8d0c-4fc1-b63f-d62e976508af] transferring FlowFile[1464,98900068076346.mockFlowFile,14B] to 'success'
[pool-146-thread-1] INFO org.apache.nifi.processors.standard.ControlRate - ControlRate[id=000457d2-8d0c-4fc1-b63f-d62e976508af] transferring FlowFile[1465,98900068087530.mockFlowFile,14B] to 'success'
[pool-146-thread-1] INFO org.apache.nifi.processors.standard.ControlRate - ControlRate[id=000457d2-8d0c-4fc1-b63f-d62e976508af] transferring FlowFile[1466,98900068097792.mockFlowFile,14B] to 'success'
[pool-146-thread-1] INFO org.apache.nifi.processors.standard.ControlRate - ControlRate[id=000457d2-8d0c-4fc1-b63f-d62e976508af] transferring FlowFile[1467,98900068108912.mockFlowFile,14B] to 'success'
[pool-146-thread-1] INFO org.apache.nifi.processors.standard.ControlRate - ControlRate[id=000457d2-8d0c-4fc1-b63f-d62e976508af] transferring FlowFile[1468,98900068119078.mockFlowFile,14B] to 'success'
[pool-146-thread-1] INFO org.apache.nifi.processors.standard.ControlRate - ControlRate[id=000457d2-8d0c-4fc1-b63f-d62e976508af] transferring FlowFile[1469,98900068130434.mockFlowFile,14B] to 'success'
[pool-146-thread-1] INFO org.apache.nifi.processors.standard.ControlRate - ControlRate[id=000457d2-8d0c-4fc1-b63f-d62e976508af] transferring FlowFile[1470,98900068141703.mockFlowFile,14B] to 'success'
[pool-146-thread-1] INFO org.apache.nifi.processors.standard.ControlRate - ControlRate[id=000457d2-8d0c-4fc1-b63f-d62e976508af] transferring FlowFile[1471,98900068155960.mockFlowFile,14B] to 'success'
[pool-146-thread-1] INFO org.apache.nifi.processors.standard.ControlRate - ControlRate[id=000457d2-8d0c-4fc1-b63f-d62e976508af] transferring FlowFile[1472,98900068168870.mockFlowFile,14B] to 'success'
[pool-146-thread-1] INFO org.apache.nifi.processors.standard.ControlRate - ControlRate[id=000457d2-8d0c-4fc1-b63f-d62e976508af] transferring FlowFile[1473,98900068179391.mockFlowFile,14B] to 'success'
[pool-146-thread-1] INFO org.apache.nifi.processors.standard.ControlRate - ControlRate[id=000457d2-8d0c-4fc1-b63f-d62e976508af] transferring FlowFile[1474,98900068191366.mockFlowFile,14B] to 'success'
[pool-146-thread-1] INFO org.apache.nifi.processors.standard.ControlRate - ControlRate[id=000457d2-8d0c-4fc1-b63f-d62e976508af] transferring FlowFile[1475,98900068204368.mockFlowFile,14B] to 'success'
[pool-146-thread-1] INFO org.apache.nifi.processors.standard.ControlRate - ControlRate[id=000457d2-8d0c-4fc1-b63f-d62e976508af] transferring FlowFile[1476,98900068214710.mockFlowFile,14B] to 'success'
[pool-146-thread-1] INFO org.apache.nifi.processors.standard.ControlRate - ControlRate[id=000457d2-8d0c-4fc1-b63f-d62e976508af] transferring FlowFile[1477,98900068225896.mockFlowFile,14B] to 'success'
[pool-146-thread-1] INFO org.apache.nifi.processors.standard.ControlRate - ControlRate[id=000457d2-8d0c-4fc1-b63f-d62e976508af] transferring FlowFile[1478,98900068236091.mockFlowFile,14B] to 'success'
[pool-146-thread-1] INFO org.apache.nifi.processors.standard.ControlRate - ControlRate[id=000457d2-8d0c-4fc1-b63f-d62e976508af] transferring FlowFile[1479,98900068250975.mockFlowFile,14B] to 'success'
[pool-146-thread-1] INFO org.apache.nifi.processors.standard.ControlRate - ControlRate[id=000457d2-8d0c-4fc1-b63f-d62e976508af] transferring FlowFile[1480,98900068262395.mockFlowFile,14B] to 'success'
[pool-146-thread-1] INFO org.apache.nifi.processors.standard.ControlRate - ControlRate[id=000457d2-8d0c-4fc1-b63f-d62e976508af] transferring FlowFile[1481,98900068272697.mockFlowFile,14B] to 'success'
[pool-146-thread-1] INFO org.apache.nifi.processors.standard.ControlRate - ControlRate[id=000457d2-8d0c-4fc1-b63f-d62e976508af] transferring FlowFile[1482,98900068284011.mockFlowFile,14B] to 'success'
[pool-146-thread-1] INFO org.apache.nifi.processors.standard.ControlRate - ControlRate[id=000457d2-8d0c-4fc1-b63f-d62e976508af] transferring FlowFile[1483,98900068294369.mockFlowFile,14B] to 'success'
[pool-146-thread-1] INFO org.apache.nifi.processors.standard.ControlRate - ControlRate[id=000457d2-8d0c-4fc1-b63f-d62e976508af] transferring FlowFile[1484,98900068305710.mockFlowFile,14B] to 'success'
[pool-146-thread-1] INFO org.apache.nifi.processors.standard.ControlRate - ControlRate[id=000457d2-8d0c-4fc1-b63f-d62e976508af] transferring FlowFile[1485,98900068316967.mockFlowFile,14B] to 'success'
[pool-146-thread-1] INFO org.apache.nifi.processors.standard.ControlRate - ControlRate[id=000457d2-8d0c-4fc1-b63f-d62e976508af] transferring FlowFile[1486,98900068327082.mockFlowFile,14B] to 'success'
[pool-146-thread-1] INFO org.apache.nifi.processors.standard.ControlRate - ControlRate[id=000457d2-8d0c-4fc1-b63f-d62e976508af] transferring FlowFile[1487,98900068341892.mockFlowFile,14B] to 'success'
[pool-146-thread-1] INFO org.apache.nifi.processors.standard.ControlRate - ControlRate[id=000457d2-8d0c-4fc1-b63f-d62e976508af] transferring FlowFile[1488,98900068352563.mockFlowFile,14B] to 'success'
[pool-146-thread-1] INFO org.apache.nifi.processors.standard.ControlRate - ControlRate[id=000457d2-8d0c-4fc1-b63f-d62e976508af] transferring FlowFile[1489,98900068363950.mockFlowFile,14B] to 'success'
[pool-146-thread-1] INFO org.apache.nifi.processors.standard.ControlRate - ControlRate[id=000457d2-8d0c-4fc1-b63f-d62e976508af] transferring FlowFile[1490,98900068375280.mockFlowFile,14B] to 'success'
[pool-146-thread-1] INFO org.apache.nifi.processors.standard.ControlRate - ControlRate[id=000457d2-8d0c-4fc1-b63f-d62e976508af] transferring FlowFile[1491,98900068385443.mockFlowFile,14B] to 'success'
[pool-146-thread-1] INFO org.apache.nifi.processors.standard.ControlRate - ControlRate[id=000457d2-8d0c-4fc1-b63f-d62e976508af] transferring FlowFile[1492,98900068396448.mockFlowFile,14B] to 'success'
[pool-146-thread-1] INFO org.apache.nifi.processors.standard.ControlRate - ControlRate[id=000457d2-8d0c-4fc1-b63f-d62e976508af] transferring FlowFile[1493,98900068406799.mockFlowFile,14B] to 'success'
[pool-146-thread-1] INFO org.apache.nifi.processors.standard.ControlRate - ControlRate[id=000457d2-8d0c-4fc1-b63f-d62e976508af] transferring FlowFile[1494,98900068417993.mockFlowFile,14B] to 'success'
[pool-146-thread-1] INFO org.apache.nifi.processors.standard.ControlRate - ControlRate[id=000457d2-8d0c-4fc1-b63f-d62e976508af] transferring FlowFile[1495,98900068432786.mockFlowFile,14B] to 'success'
[pool-146-thread-1] INFO org.apache.nifi.processors.standard.ControlRate - ControlRate[id=000457d2-8d0c-4fc1-b63f-d62e976508af] transferring FlowFile[1496,98900068443832.mockFlowFile,14B] to 'success'
[pool-146-thread-1] INFO org.apache.nifi.processors.standard.ControlRate - ControlRate[id=000457d2-8d0c-4fc1-b63f-d62e976508af] transferring FlowFile[1497,98900068454963.mockFlowFile,14B] to 'success'
[pool-146-thread-1] INFO org.apache.nifi.processors.standard.ControlRate - ControlRate[id=000457d2-8d0c-4fc1-b63f-d62e976508af] transferring FlowFile[1498,98900068466173.mockFlowFile,14B] to 'success'
[pool-146-thread-1] INFO org.apache.nifi.processors.standard.ControlRate - ControlRate[id=000457d2-8d0c-4fc1-b63f-d62e976508af] transferring FlowFile[1499,98900068477698.mockFlowFile,14B] to 'success'
]]></system-err>
  </testcase>
  <testcase name="testViaAttribute" classname="org.apache.nifi.processors.standard.TestControlRate" time="1.804">
    <system-err><![CDATA[[pool-147-thread-1] INFO org.apache.nifi.processors.standard.ControlRate - ControlRate[id=e49698d2-8dee-453b-ab12-2739ec18f106] transferring FlowFile[0,98900119546552.mockFlowFile,0B] to 'success'
[pool-147-thread-1] INFO org.apache.nifi.processors.standard.ControlRate - ControlRate[id=e49698d2-8dee-453b-ab12-2739ec18f106] transferring FlowFile[1,98900119599095.mockFlowFile,0B] to 'success'
[pool-147-thread-1] INFO org.apache.nifi.processors.standard.ControlRate - ControlRate[id=e49698d2-8dee-453b-ab12-2739ec18f106] transferring FlowFile[2,98900119624742.mockFlowFile,0B] to 'success'
[pool-147-thread-1] INFO org.apache.nifi.processors.standard.ControlRate - ControlRate[id=e49698d2-8dee-453b-ab12-2739ec18f106] transferring FlowFile[3,98900119635767.mockFlowFile,0B] to 'success'
[pool-150-thread-1] INFO org.apache.nifi.processors.standard.ControlRate - ControlRate[id=e49698d2-8dee-453b-ab12-2739ec18f106] transferring FlowFile[4,98900119645520.mockFlowFile,0B] to 'success'
]]></system-err>
  </testcase>
  <testcase name="testNonExistingGroupAttribute" classname="org.apache.nifi.processors.standard.TestControlRate" time="0.001">
    <system-err><![CDATA[[pool-151-thread-1] INFO org.apache.nifi.processors.standard.ControlRate - ControlRate[id=a250d0aa-3930-42a2-bfc0-c9c237acf0ff] transferring FlowFile[0,98901924287883.mockFlowFile,0B] to 'success'
[pool-151-thread-1] INFO org.apache.nifi.processors.standard.ControlRate - ControlRate[id=a250d0aa-3930-42a2-bfc0-c9c237acf0ff] transferring FlowFile[1,98901924310858.mockFlowFile,0B] to 'success'
[pool-151-thread-1] INFO org.apache.nifi.processors.standard.ControlRate - ControlRate[id=a250d0aa-3930-42a2-bfc0-c9c237acf0ff] transferring FlowFile[2,98901924321188.mockFlowFile,0B] to 'success'
[pool-151-thread-1] INFO org.apache.nifi.processors.standard.ControlRate - ControlRate[id=a250d0aa-3930-42a2-bfc0-c9c237acf0ff] transferring FlowFile[3,98901924327050.mockFlowFile,0B] to 'success'
]]></system-err>
  </testcase>
  <testcase name="testLimitExceededThenOtherLimitNotExceeded" classname="org.apache.nifi.processors.standard.TestControlRate" time="0.003">
    <system-err><![CDATA[[pool-152-thread-1] INFO org.apache.nifi.processors.standard.ControlRate - ControlRate[id=76cebfc8-4c38-4935-84cd-310dd0fe8497] transferring FlowFile[0,98901925312644.mockFlowFile,9B] to 'success'
[pool-152-thread-1] INFO org.apache.nifi.processors.standard.ControlRate - ControlRate[id=76cebfc8-4c38-4935-84cd-310dd0fe8497] transferring FlowFile[1,98901925332676.mockFlowFile,9B] to 'success'
[pool-152-thread-1] INFO org.apache.nifi.processors.standard.ControlRate - ControlRate[id=76cebfc8-4c38-4935-84cd-310dd0fe8497] transferring FlowFile[2,98901925345892.mockFlowFile,9B] to 'success'
[pool-152-thread-1] INFO org.apache.nifi.processors.standard.ControlRate - ControlRate[id=76cebfc8-4c38-4935-84cd-310dd0fe8497] transferring FlowFile[5,98901925364101.mockFlowFile,9B] to 'success'
]]></system-err>
  </testcase>
  <testcase name="testFileCountWithGrouping" classname="org.apache.nifi.processors.standard.TestControlRate" time="1.103">
    <system-err><![CDATA[[pool-153-thread-1] INFO org.apache.nifi.processors.standard.ControlRate - ControlRate[id=3f70f672-cbf3-41f9-b770-7e0b00703729] transferring FlowFile[0,98901929506815.mockFlowFile,0B] to 'success'
[pool-153-thread-1] INFO org.apache.nifi.processors.standard.ControlRate - ControlRate[id=3f70f672-cbf3-41f9-b770-7e0b00703729] transferring FlowFile[1,98901929527782.mockFlowFile,0B] to 'success'
[pool-153-thread-1] INFO org.apache.nifi.processors.standard.ControlRate - ControlRate[id=3f70f672-cbf3-41f9-b770-7e0b00703729] transferring FlowFile[2,98901929533635.mockFlowFile,0B] to 'success'
[pool-153-thread-1] INFO org.apache.nifi.processors.standard.ControlRate - ControlRate[id=3f70f672-cbf3-41f9-b770-7e0b00703729] transferring FlowFile[3,98901929545427.mockFlowFile,0B] to 'success'
[pool-155-thread-1] INFO org.apache.nifi.processors.standard.ControlRate - ControlRate[id=3f70f672-cbf3-41f9-b770-7e0b00703729] transferring FlowFile[4,98901929550691.mockFlowFile,0B] to 'success'
[pool-155-thread-1] INFO org.apache.nifi.processors.standard.ControlRate - ControlRate[id=3f70f672-cbf3-41f9-b770-7e0b00703729] transferring FlowFile[5,98901929556046.mockFlowFile,0B] to 'success'
]]></system-err>
  </testcase>
  <testcase name="testBadAttributeRate" classname="org.apache.nifi.processors.standard.TestControlRate" time="0.001">
    <system-err><![CDATA[[pool-156-thread-1] ERROR org.apache.nifi.processors.standard.ControlRate - ControlRate[id=24549c62-9ce4-453b-9740-8ed7653ee438] Routing FlowFile[0,98903032764662.mockFlowFile,0B] to 'failure' due to missing or invalid attribute
]]></system-err>
  </testcase>
</testsuite>