<?xml version="1.0" encoding="UTF-8"?>
<testsuite xmlns:xsi="http://www.w3.org/2001/XMLSchema-instance" xsi:noNamespaceSchemaLocation="https://maven.apache.org/surefire/maven-surefire-plugin/xsd/surefire-test-report-3.0.xsd" version="3.0" name="org.apache.hadoop.hive.ql.TestTxnCommands3" time="122.629" tests="12" errors="5" skipped="0" failures="0">
  <properties>
    <property name="build.test.dir" value="/home/alex/Repositories/hive/ql/target/tmp"/>
    <property name="awt.toolkit" value="sun.awt.X11.XToolkit"/>
    <property name="test.tmp.dir.uri" value="file:///home/alex/Repositories/hive/ql/target/tmp"/>
    <property name="java.specification.version" value="1.8"/>
    <property name="qfile" value=""/>
    <property name="sun.cpu.isalist" value=""/>
    <property name="test.warehouse.dir" value="pfile:///home/alex/Repositories/hive/ql/target/warehouse"/>
    <property name="sun.jnu.encoding" value="UTF-8"/>
    <property name="run_disabled" value=""/>
    <property name="nondexPrintstack" value="false"/>
    <property name="sun.arch.data.model" value="64"/>
    <property name="java.vendor.url" value="http://java.oracle.com/"/>
    <property name="user.country.format" value="PT"/>
    <property name="test.tmp.dir" value="/home/alex/Repositories/hive/ql/target/tmp"/>
    <property name="sun.boot.library.path" value="/usr/lib/jvm/java-8-openjdk-amd64/jre/lib/amd64"/>
    <property name="sun.java.command" value="/home/alex/Repositories/hive/ql/target/surefire/surefirebooter3763597843949161671.jar /home/alex/Repositories/hive/ql/target/surefire 2024-04-23T21-59-46_173-jvmRun1 surefire3669931508355741705tmp surefire_18108687051930460573059tmp"/>
    <property name="nondexExecid" value="P8gC2Wt6DD1QwiZ4NJDRegC4uh59IgmR4jnrq+hRsc="/>
    <property name="java.specification.vendor" value="Oracle Corporation"/>
    <property name="java.home" value="/usr/lib/jvm/java-8-openjdk-amd64/jre"/>
    <property name="basedir" value="/home/alex/Repositories/hive/ql"/>
    <property name="file.separator" value="/"/>
    <property name="nondexEnd" value="9223372036854775807"/>
    <property name="line.separator" value="&#10;"/>
    <property name="java.specification.name" value="Java Platform API Specification"/>
    <property name="java.vm.specification.vendor" value="Oracle Corporation"/>
    <property name="derby.stream.error.file" value="/home/alex/Repositories/hive/ql/target/tmp/derby.log"/>
    <property name="log4j.debug" value="true"/>
    <property name="sun.boot.class.path" value="/home/alex/Repositories/hive/ql/.nondex/nondex-instr.jar:/home/alex/.m2/repository/edu/illinois/nondex-common/2.1.7/nondex-common-2.1.7.jar:/home/alex/.m2/repository/edu/illinois/nondex-annotations/2.1.7/nondex-annotations-2.1.7.jar:/usr/lib/jvm/java-8-openjdk-amd64/jre/lib/resources.jar:/usr/lib/jvm/java-8-openjdk-amd64/jre/lib/rt.jar:/usr/lib/jvm/java-8-openjdk-amd64/jre/lib/sunrsasign.jar:/usr/lib/jvm/java-8-openjdk-amd64/jre/lib/jsse.jar:/usr/lib/jvm/java-8-openjdk-amd64/jre/lib/jce.jar:/usr/lib/jvm/java-8-openjdk-amd64/jre/lib/charsets.jar:/usr/lib/jvm/java-8-openjdk-amd64/jre/lib/jfr.jar:/usr/lib/jvm/java-8-openjdk-amd64/jre/classes"/>
    <property name="sun.management.compiler" value="HotSpot 64-Bit Tiered Compilers"/>
    <property name="spark.home" value=""/>
    <property name="java.runtime.version" value="1.8.0_402-8u402-ga-2ubuntu1~22.04-b06"/>
    <property name="user.name" value="alex"/>
    <property name="test.src.tables" value=""/>
    <property name="file.encoding" value="UTF-8"/>
    <property name="qfile_regex" value=""/>
    <property name="hadoop.bin.path" value="/home/alex/Repositories/hive/ql/../testutils/hadoop"/>
    <property name="localRepository" value="/home/alex/.m2/repository"/>
    <property name="nondexDir" value="/home/alex/Repositories/hive/ql/.nondex"/>
    <property name="build.dir" value="/home/alex/Repositories/hive/ql/target"/>
    <property name="mapred.job.tracker" value="local"/>
    <property name="nondexJarDir" value="/home/alex/Repositories/hive/ql/.nondex"/>
    <property name="java.io.tmpdir" value="/home/alex/Repositories/hive/ql/target/tmp"/>
    <property name="com.zaxxer.hikari.pool_number" value="3"/>
    <property name="java.version" value="1.8.0_402"/>
    <property name="hive.version" value="4.0.0-SNAPSHOT"/>
    <property name="java.vm.specification.name" value="Java Virtual Machine Specification"/>
    <property name="java.awt.printerjob" value="sun.print.PSPrinterJob"/>
    <property name="sun.os.patch.level" value="unknown"/>
    <property name="java.library.path" value="/usr/java/packages/lib/amd64:/usr/lib/x86_64-linux-gnu/jni:/lib/x86_64-linux-gnu:/usr/lib/x86_64-linux-gnu:/usr/lib/jni:/lib:/usr/lib"/>
    <property name="test.data.dir" value="/home/alex/Repositories/hive/ql/../data/files"/>
    <property name="java.vendor" value="Private Build"/>
    <property name="java.specification.maintenance.version" value="5"/>
    <property name="sun.io.unicode.encoding" value="UnicodeLittle"/>
    <property name="initScript" value=""/>
    <property name="sun.desktop" value="gnome"/>
    <property name="calcite.enable.rexnode.digest.normalize" value="false"/>
    <property name="file.encoding.pkg" value="sun.io"/>
    <property name="nondexStart" value="0"/>
    <property name="log4j.configurationFile" value="file:///home/alex/Repositories/hive/ql/target/testconf/hive-log4j2.properties"/>
    <property name="java.class.path" value="/home/alex/Repositories/hive/ql/target/test-classes:/home/alex/Repositories/hive/ql/target/classes:/home/alex/.m2/repository/org/apache/atlas/atlas-client-v2/2.1.0/atlas-client-v2-2.1.0.jar:/home/alex/.m2/repository/cglib/cglib/2.2.2/cglib-2.2.2.jar:/home/alex/.m2/repository/asm/asm/3.3.1/asm-3.3.1.jar:/home/alex/.m2/repository/org/apache/atlas/atlas-client-common/2.1.0/atlas-client-common-2.1.0.jar:/home/alex/.m2/repository/org/apache/httpcomponents/httpclient/4.5.13/httpclient-4.5.13.jar:/home/alex/.m2/repository/com/sun/jersey/jersey-client/1.19/jersey-client-1.19.jar:/home/alex/.m2/repository/org/apache/atlas/atlas-intg/2.1.0/atlas-intg-2.1.0.jar:/home/alex/.m2/repository/commons-collections/commons-collections/3.2.2/commons-collections-3.2.2.jar:/home/alex/.m2/repository/commons-validator/commons-validator/1.6/commons-validator-1.6.jar:/home/alex/.m2/repository/commons-digester/commons-digester/1.8.1/commons-digester-1.8.1.jar:/home/alex/.m2/repository/com/fasterxml/jackson/jaxrs/jackson-jaxrs-base/2.12.0/jackson-jaxrs-base-2.12.0.jar:/home/alex/.m2/repository/com/fasterxml/jackson/jaxrs/jackson-jaxrs-json-provider/2.12.0/jackson-jaxrs-json-provider-2.12.0.jar:/home/alex/.m2/repository/javax/inject/javax.inject/1/javax.inject-1.jar:/home/alex/.m2/repository/org/springframework/spring-context/4.3.20.RELEASE/spring-context-4.3.20.RELEASE.jar:/home/alex/.m2/repository/org/springframework/spring-aop/4.3.20.RELEASE/spring-aop-4.3.20.RELEASE.jar:/home/alex/.m2/repository/org/springframework/spring-beans/4.3.20.RELEASE/spring-beans-4.3.20.RELEASE.jar:/home/alex/.m2/repository/org/springframework/spring-core/4.3.20.RELEASE/spring-core-4.3.20.RELEASE.jar:/home/alex/.m2/repository/org/springframework/spring-expression/4.3.20.RELEASE/spring-expression-4.3.20.RELEASE.jar:/home/alex/.m2/repository/commons-configuration/commons-configuration/1.10/commons-configuration-1.10.jar:/home/alex/.m2/repository/commons-lang/commons-lang/2.6/commons-lang-2.6.jar:/home/alex/.m2/repository/commons-logging/commons-logging/1.1.1/commons-logging-1.1.1.jar:/home/alex/.m2/repository/org/apache/commons/commons-math3/3.6.1/commons-math3-3.6.1.jar:/home/alex/Repositories/hive/vector-code-gen/target/classes:/home/alex/.m2/repository/org/apache/velocity/velocity/1.5/velocity-1.5.jar:/home/alex/Repositories/hive/common/target/classes:/home/alex/Repositories/hive/classification/target/classes:/home/alex/Repositories/hive/standalone-metastore/metastore-common/target/classes:/home/alex/.m2/repository/commons-cli/commons-cli/1.4/commons-cli-1.4.jar:/home/alex/.m2/repository/org/apache/orc/orc-core/1.6.9/orc-core-1.6.9.jar:/home/alex/.m2/repository/org/apache/orc/orc-shims/1.6.9/orc-shims-1.6.9.jar:/home/alex/.m2/repository/io/airlift/aircompressor/0.19/aircompressor-0.19.jar:/home/alex/.m2/repository/org/jetbrains/annotations/17.0.0/annotations-17.0.0.jar:/home/alex/.m2/repository/org/threeten/threeten-extra/1.5.0/threeten-extra-1.5.0.jar:/home/alex/.m2/repository/jline/jline/2.14.6/jline-2.14.6.jar:/home/alex/.m2/repository/javax/servlet/javax.servlet-api/3.1.0/javax.servlet-api-3.1.0.jar:/home/alex/.m2/repository/org/eclipse/jetty/jetty-http/9.3.27.v20190418/jetty-http-9.3.27.v20190418.jar:/home/alex/.m2/repository/org/eclipse/jetty/jetty-rewrite/9.3.27.v20190418/jetty-rewrite-9.3.27.v20190418.jar:/home/alex/.m2/repository/org/eclipse/jetty/jetty-client/9.3.27.v20190418/jetty-client-9.3.27.v20190418.jar:/home/alex/.m2/repository/org/eclipse/jetty/jetty-server/9.3.27.v20190418/jetty-server-9.3.27.v20190418.jar:/home/alex/.m2/repository/org/eclipse/jetty/jetty-io/9.3.27.v20190418/jetty-io-9.3.27.v20190418.jar:/home/alex/.m2/repository/org/eclipse/jetty/jetty-servlet/9.3.27.v20190418/jetty-servlet-9.3.27.v20190418.jar:/home/alex/.m2/repository/org/eclipse/jetty/jetty-security/9.3.27.v20190418/jetty-security-9.3.27.v20190418.jar:/home/alex/.m2/repository/org/eclipse/jetty/jetty-webapp/9.3.27.v20190418/jetty-webapp-9.3.27.v20190418.jar:/home/alex/.m2/repository/org/eclipse/jetty/jetty-xml/9.3.27.v20190418/jetty-xml-9.3.27.v20190418.jar:/home/alex/.m2/repository/joda-time/joda-time/2.9.9/joda-time-2.9.9.jar:/home/alex/.m2/repository/org/apache/logging/log4j/log4j-web/2.13.2/log4j-web-2.13.2.jar:/home/alex/.m2/repository/net/sf/jpam/jpam/1.1/jpam-1.1.jar:/home/alex/.m2/repository/io/dropwizard/metrics/metrics-core/3.1.0/metrics-core-3.1.0.jar:/home/alex/.m2/repository/io/dropwizard/metrics/metrics-jvm/3.1.0/metrics-jvm-3.1.0.jar:/home/alex/.m2/repository/io/dropwizard/metrics/metrics-json/3.1.0/metrics-json-3.1.0.jar:/home/alex/.m2/repository/com/github/joshelser/dropwizard-metrics-hadoop-metrics2-reporter/0.1.2/dropwizard-metrics-hadoop-metrics2-reporter-0.1.2.jar:/home/alex/Repositories/hive/metastore/target/classes:/home/alex/.m2/repository/org/apache/derby/derby/10.14.1.0/derby-10.14.1.0.jar:/home/alex/Repositories/hive/serde/target/classes:/home/alex/.m2/repository/com/google/code/findbugs/jsr305/3.0.0/jsr305-3.0.0.jar:/home/alex/.m2/repository/org/apache/arrow/arrow-vector/0.15.1/arrow-vector-0.15.1.jar:/home/alex/.m2/repository/org/apache/arrow/arrow-format/0.15.1/arrow-format-0.15.1.jar:/home/alex/.m2/repository/org/apache/arrow/arrow-memory/0.15.1/arrow-memory-0.15.1.jar:/home/alex/.m2/repository/com/google/flatbuffers/flatbuffers-java/1.9.0/flatbuffers-java-1.9.0.jar:/home/alex/.m2/repository/com/carrotsearch/hppc/0.7.2/hppc-0.7.2.jar:/home/alex/.m2/repository/com/github/davidmoten/flatbuffers-java/1.6.0.1/flatbuffers-java-1.6.0.1.jar:/home/alex/Repositories/hive/parser/target/classes:/home/alex/Repositories/hive/udf/target/classes:/home/alex/Repositories/hive/service-rpc/target/classes:/home/alex/Repositories/hive/llap-client/target/classes:/home/alex/Repositories/hive/llap-common/target/classes:/home/alex/.m2/repository/io/jsonwebtoken/jjwt-api/0.10.5/jjwt-api-0.10.5.jar:/home/alex/.m2/repository/io/jsonwebtoken/jjwt-impl/0.10.5/jjwt-impl-0.10.5.jar:/home/alex/.m2/repository/io/jsonwebtoken/jjwt-jackson/0.10.5/jjwt-jackson-0.10.5.jar:/home/alex/Repositories/hive/llap-tez/target/classes:/home/alex/Repositories/hive/shims/aggregator/target/classes:/home/alex/Repositories/hive/shims/common/target/classes:/home/alex/Repositories/hive/shims/0.23/target/classes:/home/alex/.m2/repository/org/apache/hadoop/hadoop-yarn-server-resourcemanager/3.1.0/hadoop-yarn-server-resourcemanager-3.1.0.jar:/home/alex/.m2/repository/org/apache/hadoop/hadoop-yarn-server-applicationhistoryservice/3.1.0/hadoop-yarn-server-applicationhistoryservice-3.1.0.jar:/home/alex/.m2/repository/de/ruedigermoeller/fst/2.50/fst-2.50.jar:/home/alex/.m2/repository/com/cedarsoftware/java-util/1.9.0/java-util-1.9.0.jar:/home/alex/.m2/repository/com/cedarsoftware/json-io/2.5.1/json-io-2.5.1.jar:/home/alex/Repositories/hive/shims/scheduler/target/classes:/home/alex/Repositories/hive/spark-client/target/classes:/home/alex/.m2/repository/io/netty/netty-all/4.1.65.Final/netty-all-4.1.65.Final.jar:/home/alex/.m2/repository/com/fasterxml/jackson/module/jackson-module-scala_2.12/2.12.0/jackson-module-scala_2.12-2.12.0.jar:/home/alex/.m2/repository/org/apache/spark/spark-yarn_2.12/2.4.5/spark-yarn_2.12-2.4.5.jar:/home/alex/Repositories/hive/storage-api/target/classes:/home/alex/.m2/repository/com/amazonaws/aws-java-sdk-bundle/1.11.901/aws-java-sdk-bundle-1.11.901.jar:/home/alex/.m2/repository/com/amazonaws/secretsmanager/aws-secretsmanager-caching-java/1.0.1/aws-secretsmanager-caching-java-1.0.1.jar:/home/alex/.m2/repository/com/esotericsoftware/kryo/5.0.3/kryo-5.0.3.jar:/home/alex/.m2/repository/org/objenesis/objenesis/3.1/objenesis-3.1.jar:/home/alex/.m2/repository/com/esotericsoftware/minlog/1.3.1/minlog-1.3.1.jar:/home/alex/.m2/repository/com/esotericsoftware/reflectasm/1.11.9/reflectasm-1.11.9.jar:/home/alex/.m2/repository/com/google/protobuf/protobuf-java/2.5.0/protobuf-java-2.5.0.jar:/home/alex/.m2/repository/org/apache/hbase/hbase-common/2.0.0-alpha4/hbase-common-2.0.0-alpha4.jar:/home/alex/.m2/repository/org/apache/hbase/thirdparty/hbase-shaded-miscellaneous/1.0.1/hbase-shaded-miscellaneous-1.0.1.jar:/home/alex/.m2/repository/org/apache/htrace/htrace-core/3.2.0-incubating/htrace-core-3.2.0-incubating.jar:/home/alex/.m2/repository/org/apache/commons/commons-crypto/1.0.0/commons-crypto-1.0.0.jar:/home/alex/.m2/repository/com/github/stephenc/findbugs/findbugs-annotations/1.3.9-1/findbugs-annotations-1.3.9-1.jar:/home/alex/.m2/repository/log4j/log4j/1.2.17/log4j-1.2.17.jar:/home/alex/.m2/repository/org/apache/yetus/audience-annotations/0.5.0/audience-annotations-0.5.0.jar:/home/alex/.m2/repository/org/apache/parquet/parquet-hadoop-bundle/1.11.1/parquet-hadoop-bundle-1.11.1.jar:/home/alex/.m2/repository/commons-codec/commons-codec/1.15/commons-codec-1.15.jar:/home/alex/.m2/repository/commons-io/commons-io/2.6/commons-io-2.6.jar:/home/alex/.m2/repository/org/apache/commons/commons-collections4/4.1/commons-collections4-4.1.jar:/home/alex/.m2/repository/org/apache/commons/commons-lang3/3.9/commons-lang3-3.9.jar:/home/alex/.m2/repository/org/apache/commons/commons-text/1.8/commons-text-1.8.jar:/home/alex/.m2/repository/javolution/javolution/5.5.1/javolution-5.5.1.jar:/home/alex/.m2/repository/org/apache/logging/log4j/log4j-1.2-api/2.13.2/log4j-1.2-api-2.13.2.jar:/home/alex/.m2/repository/org/apache/logging/log4j/log4j-api/2.13.2/log4j-api-2.13.2.jar:/home/alex/.m2/repository/org/apache/logging/log4j/log4j-core/2.13.2/log4j-core-2.13.2.jar:/home/alex/.m2/repository/org/apache/logging/log4j/log4j-slf4j-impl/2.13.2/log4j-slf4j-impl-2.13.2.jar:/home/alex/.m2/repository/org/antlr/antlr-runtime/3.5.2/antlr-runtime-3.5.2.jar:/home/alex/.m2/repository/org/antlr/ST4/4.0.4/ST4-4.0.4.jar:/home/alex/.m2/repository/org/apache/avro/avro/1.8.2/avro-1.8.2.jar:/home/alex/.m2/repository/org/codehaus/jackson/jackson-core-asl/1.9.13/jackson-core-asl-1.9.13.jar:/home/alex/.m2/repository/org/codehaus/jackson/jackson-mapper-asl/1.9.13/jackson-mapper-asl-1.9.13.jar:/home/alex/.m2/repository/com/thoughtworks/paranamer/paranamer/2.8/paranamer-2.8.jar:/home/alex/.m2/repository/org/xerial/snappy/snappy-java/1.1.4/snappy-java-1.1.4.jar:/home/alex/.m2/repository/org/tukaani/xz/1.5/xz-1.5.jar:/home/alex/.m2/repository/org/apache/avro/avro-mapred/1.8.2/avro-mapred-1.8.2-hadoop2.jar:/home/alex/.m2/repository/org/apache/avro/avro-ipc/1.8.2/avro-ipc-1.8.2.jar:/home/alex/.m2/repository/org/mortbay/jetty/jetty/6.1.26/jetty-6.1.26.jar:/home/alex/.m2/repository/org/apache/ant/ant/1.9.1/ant-1.9.1.jar:/home/alex/.m2/repository/org/apache/ant/ant-launcher/1.9.1/ant-launcher-1.9.1.jar:/home/alex/.m2/repository/org/apache/commons/commons-compress/1.21/commons-compress-1.21.jar:/home/alex/.m2/repository/org/apache/thrift/libfb303/0.9.3/libfb303-0.9.3.jar:/home/alex/.m2/repository/org/apache/hadoop/hadoop-common/3.1.0/hadoop-common-3.1.0.jar:/home/alex/.m2/repository/org/apache/hadoop/hadoop-annotations/3.1.0/hadoop-annotations-3.1.0.jar:/home/alex/.m2/repository/commons-net/commons-net/3.6/commons-net-3.6.jar:/home/alex/.m2/repository/org/eclipse/jetty/jetty-util/9.3.27.v20190418/jetty-util-9.3.27.v20190418.jar:/home/alex/.m2/repository/javax/servlet/jsp/jsp-api/2.1/jsp-api-2.1.jar:/home/alex/.m2/repository/com/sun/jersey/jersey-core/1.19/jersey-core-1.19.jar:/home/alex/.m2/repository/javax/ws/rs/jsr311-api/1.1.1/jsr311-api-1.1.1.jar:/home/alex/.m2/repository/com/sun/jersey/jersey-json/1.19/jersey-json-1.19.jar:/home/alex/.m2/repository/com/sun/xml/bind/jaxb-impl/2.2.3-1/jaxb-impl-2.2.3-1.jar:/home/alex/.m2/repository/org/codehaus/jackson/jackson-jaxrs/1.9.2/jackson-jaxrs-1.9.2.jar:/home/alex/.m2/repository/org/codehaus/jackson/jackson-xc/1.9.2/jackson-xc-1.9.2.jar:/home/alex/.m2/repository/com/sun/jersey/jersey-server/1.19/jersey-server-1.19.jar:/home/alex/.m2/repository/org/apache/commons/commons-configuration2/2.1.1/commons-configuration2-2.1.1.jar:/home/alex/.m2/repository/org/apache/hadoop/hadoop-auth/3.1.0/hadoop-auth-3.1.0.jar:/home/alex/.m2/repository/com/nimbusds/nimbus-jose-jwt/4.41.1/nimbus-jose-jwt-4.41.1.jar:/home/alex/.m2/repository/com/github/stephenc/jcip/jcip-annotations/1.0-1/jcip-annotations-1.0-1.jar:/home/alex/.m2/repository/com/jcraft/jsch/0.1.54/jsch-0.1.54.jar:/home/alex/.m2/repository/org/apache/htrace/htrace-core4/4.1.0-incubating/htrace-core4-4.1.0-incubating.jar:/home/alex/.m2/repository/org/apache/kerby/kerb-simplekdc/1.0.1/kerb-simplekdc-1.0.1.jar:/home/alex/.m2/repository/org/apache/kerby/kerb-client/1.0.1/kerb-client-1.0.1.jar:/home/alex/.m2/repository/org/apache/kerby/kerby-config/1.0.1/kerby-config-1.0.1.jar:/home/alex/.m2/repository/org/apache/kerby/kerb-core/1.0.1/kerb-core-1.0.1.jar:/home/alex/.m2/repository/org/apache/kerby/kerby-pkix/1.0.1/kerby-pkix-1.0.1.jar:/home/alex/.m2/repository/org/apache/kerby/kerby-asn1/1.0.1/kerby-asn1-1.0.1.jar:/home/alex/.m2/repository/org/apache/kerby/kerby-util/1.0.1/kerby-util-1.0.1.jar:/home/alex/.m2/repository/org/apache/kerby/kerb-common/1.0.1/kerb-common-1.0.1.jar:/home/alex/.m2/repository/org/apache/kerby/kerb-crypto/1.0.1/kerb-crypto-1.0.1.jar:/home/alex/.m2/repository/org/apache/kerby/kerb-util/1.0.1/kerb-util-1.0.1.jar:/home/alex/.m2/repository/org/apache/kerby/token-provider/1.0.1/token-provider-1.0.1.jar:/home/alex/.m2/repository/org/apache/kerby/kerb-admin/1.0.1/kerb-admin-1.0.1.jar:/home/alex/.m2/repository/org/apache/kerby/kerb-server/1.0.1/kerb-server-1.0.1.jar:/home/alex/.m2/repository/org/apache/kerby/kerb-identity/1.0.1/kerb-identity-1.0.1.jar:/home/alex/.m2/repository/org/apache/kerby/kerby-xdr/1.0.1/kerby-xdr-1.0.1.jar:/home/alex/.m2/repository/org/codehaus/woodstox/stax2-api/3.1.4/stax2-api-3.1.4.jar:/home/alex/.m2/repository/com/fasterxml/woodstox/woodstox-core/5.0.3/woodstox-core-5.0.3.jar:/home/alex/.m2/repository/org/apache/hadoop/hadoop-archives/3.1.0/hadoop-archives-3.1.0.jar:/home/alex/.m2/repository/org/apache/hadoop/hadoop-yarn-registry/3.1.0/hadoop-yarn-registry-3.1.0.jar:/home/alex/.m2/repository/org/apache/curator/curator-client/4.2.0/curator-client-4.2.0.jar:/home/alex/.m2/repository/org/apache/curator/curator-recipes/4.2.0/curator-recipes-4.2.0.jar:/home/alex/.m2/repository/commons-daemon/commons-daemon/1.0.13/commons-daemon-1.0.13.jar:/home/alex/.m2/repository/dnsjava/dnsjava/2.1.7/dnsjava-2.1.7.jar:/home/alex/.m2/repository/org/apache/hadoop/hadoop-mapreduce-client-core/3.1.0/hadoop-mapreduce-client-core-3.1.0.jar:/home/alex/.m2/repository/org/apache/hadoop/hadoop-hdfs-client/3.1.0/hadoop-hdfs-client-3.1.0.jar:/home/alex/.m2/repository/com/squareup/okhttp/okhttp/2.7.5/okhttp-2.7.5.jar:/home/alex/.m2/repository/com/squareup/okio/okio/1.6.0/okio-1.6.0.jar:/home/alex/.m2/repository/com/google/inject/extensions/guice-servlet/4.0/guice-servlet-4.0.jar:/home/alex/.m2/repository/org/apache/hadoop/hadoop-mapreduce-client-common/3.1.0/hadoop-mapreduce-client-common-3.1.0.jar:/home/alex/.m2/repository/org/apache/hadoop/hadoop-hdfs/3.1.0/hadoop-hdfs-3.1.0.jar:/home/alex/.m2/repository/org/eclipse/jetty/jetty-util-ajax/9.3.19.v20170502/jetty-util-ajax-9.3.19.v20170502.jar:/home/alex/.m2/repository/org/fusesource/leveldbjni/leveldbjni-all/1.8/leveldbjni-all-1.8.jar:/home/alex/.m2/repository/org/apache/hadoop/hadoop-yarn-api/3.1.0/hadoop-yarn-api-3.1.0.jar:/home/alex/.m2/repository/javax/xml/bind/jaxb-api/2.2.11/jaxb-api-2.2.11.jar:/home/alex/.m2/repository/org/apache/hadoop/hadoop-yarn-common/3.1.0/hadoop-yarn-common-3.1.0.jar:/home/alex/.m2/repository/com/google/inject/guice/4.0/guice-4.0.jar:/home/alex/.m2/repository/aopalliance/aopalliance/1.0/aopalliance-1.0.jar:/home/alex/.m2/repository/com/sun/jersey/contribs/jersey-guice/1.19/jersey-guice-1.19.jar:/home/alex/.m2/repository/com/fasterxml/jackson/module/jackson-module-jaxb-annotations/2.12.0/jackson-module-jaxb-annotations-2.12.0.jar:/home/alex/.m2/repository/jakarta/xml/bind/jakarta.xml.bind-api/2.3.2/jakarta.xml.bind-api-2.3.2.jar:/home/alex/.m2/repository/jakarta/activation/jakarta.activation-api/1.2.1/jakarta.activation-api-1.2.1.jar:/home/alex/.m2/repository/org/apache/hadoop/hadoop-yarn-client/3.1.0/hadoop-yarn-client-3.1.0.jar:/home/alex/.m2/repository/org/apache/orc/orc-tools/1.6.9/orc-tools-1.6.9.jar:/home/alex/.m2/repository/com/opencsv/opencsv/3.9/opencsv-3.9.jar:/home/alex/.m2/repository/org/codehaus/jettison/jettison/1.1/jettison-1.1.jar:/home/alex/.m2/repository/org/threeten/threetenbp/1.3.5/threetenbp-1.3.5.jar:/home/alex/.m2/repository/org/apache/ivy/ivy/2.4.0/ivy-2.4.0.jar:/home/alex/.m2/repository/org/apache/thrift/libthrift/0.14.1/libthrift-0.14.1.jar:/home/alex/.m2/repository/org/apache/httpcomponents/httpcore/4.4.13/httpcore-4.4.13.jar:/home/alex/.m2/repository/org/apache/tomcat/embed/tomcat-embed-core/8.5.46/tomcat-embed-core-8.5.46.jar:/home/alex/.m2/repository/org/apache/tomcat/tomcat-annotations-api/8.5.46/tomcat-annotations-api-8.5.46.jar:/home/alex/.m2/repository/javax/annotation/javax.annotation-api/1.3.2/javax.annotation-api-1.3.2.jar:/home/alex/.m2/repository/org/apache/zookeeper/zookeeper/3.5.5/zookeeper-3.5.5.jar:/home/alex/.m2/repository/org/apache/zookeeper/zookeeper-jute/3.5.5/zookeeper-jute-3.5.5.jar:/home/alex/.m2/repository/org/apache/curator/curator-framework/4.2.0/curator-framework-4.2.0.jar:/home/alex/.m2/repository/org/apache/curator/curator-test/4.2.0/curator-test-4.2.0.jar:/home/alex/.m2/repository/org/apache/datasketches/datasketches-hive/1.1.0-incubating/datasketches-hive-1.1.0-incubating.jar:/home/alex/.m2/repository/org/apache/datasketches/datasketches-java/1.3.0-incubating/datasketches-java-1.3.0-incubating.jar:/home/alex/.m2/repository/org/apache/datasketches/datasketches-memory/1.2.0-incubating/datasketches-memory-1.2.0-incubating.jar:/home/alex/.m2/repository/org/slf4j/slf4j-simple/1.7.27/slf4j-simple-1.7.27.jar:/home/alex/.m2/repository/com/lmax/disruptor/3.3.7/disruptor-3.3.7.jar:/home/alex/.m2/repository/org/codehaus/groovy/groovy-all/2.4.11/groovy-all-2.4.11.jar:/home/alex/.m2/repository/org/jodd/jodd-util/6.0.0/jodd-util-6.0.0.jar:/home/alex/.m2/repository/com/fasterxml/jackson/core/jackson-annotations/2.12.0/jackson-annotations-2.12.0.jar:/home/alex/.m2/repository/com/fasterxml/jackson/core/jackson-core/2.12.0/jackson-core-2.12.0.jar:/home/alex/.m2/repository/com/fasterxml/jackson/core/jackson-databind/2.12.0/jackson-databind-2.12.0.jar:/home/alex/.m2/repository/com/fasterxml/jackson/dataformat/jackson-dataformat-yaml/2.12.0/jackson-dataformat-yaml-2.12.0.jar:/home/alex/.m2/repository/org/yaml/snakeyaml/1.27/snakeyaml-1.27.jar:/home/alex/.m2/repository/org/datanucleus/datanucleus-core/5.2.4/datanucleus-core-5.2.4.jar:/home/alex/.m2/repository/org/apache/calcite/calcite-core/1.25.0/calcite-core-1.25.0.jar:/home/alex/.m2/repository/org/apache/calcite/calcite-linq4j/1.25.0/calcite-linq4j-1.25.0.jar:/home/alex/.m2/repository/org/apiguardian/apiguardian-api/1.1.0/apiguardian-api-1.1.0.jar:/home/alex/.m2/repository/com/esri/geometry/esri-geometry-api/2.2.0/esri-geometry-api-2.2.0.jar:/home/alex/.m2/repository/com/yahoo/datasketches/sketches-core/0.9.0/sketches-core-0.9.0.jar:/home/alex/.m2/repository/com/yahoo/datasketches/memory/0.9.0/memory-0.9.0.jar:/home/alex/.m2/repository/org/apache/commons/commons-dbcp2/2.7.0/commons-dbcp2-2.7.0.jar:/home/alex/.m2/repository/org/apache/commons/commons-pool2/2.7.0/commons-pool2-2.7.0.jar:/home/alex/.m2/repository/org/apache/calcite/calcite-druid/1.25.0/calcite-druid-1.25.0.jar:/home/alex/.m2/repository/org/apache/calcite/avatica/avatica/1.12.0/avatica-1.12.0.jar:/home/alex/.m2/repository/com/google/guava/guava/19.0/guava-19.0.jar:/home/alex/.m2/repository/com/googlecode/javaewah/JavaEWAH/0.3.2/JavaEWAH-0.3.2.jar:/home/alex/.m2/repository/com/google/code/gson/gson/2.2.4/gson-2.2.4.jar:/home/alex/.m2/repository/com/tdunning/json/1.8/json-1.8.jar:/home/alex/.m2/repository/stax/stax-api/1.0.1/stax-api-1.0.1.jar:/home/alex/.m2/repository/net/sf/opencsv/opencsv/2.3/opencsv-2.3.jar:/home/alex/Repositories/hive/standalone-metastore/metastore-server/target/classes:/home/alex/.m2/repository/com/zaxxer/HikariCP/2.6.1/HikariCP-2.6.1.jar:/home/alex/.m2/repository/commons-beanutils/commons-beanutils/1.9.4/commons-beanutils-1.9.4.jar:/home/alex/.m2/repository/org/datanucleus/datanucleus-api-jdo/5.2.4/datanucleus-api-jdo-5.2.4.jar:/home/alex/.m2/repository/org/datanucleus/datanucleus-rdbms/5.2.4/datanucleus-rdbms-5.2.4.jar:/home/alex/.m2/repository/org/datanucleus/javax.jdo/3.2.0-release/javax.jdo-3.2.0-release.jar:/home/alex/.m2/repository/javax/transaction/javax.transaction-api/1.3/javax.transaction-api-1.3.jar:/home/alex/.m2/repository/org/glassfish/corba/glassfish-corba-omgapi/4.2.2/glassfish-corba-omgapi-4.2.2.jar:/home/alex/.m2/repository/sqlline/sqlline/1.9.0/sqlline-1.9.0.jar:/home/alex/.m2/repository/org/jline/jline-terminal/3.12.1/jline-terminal-3.12.1.jar:/home/alex/.m2/repository/org/jline/jline-reader/3.12.1/jline-reader-3.12.1.jar:/home/alex/.m2/repository/org/jline/jline-terminal-jansi/3.12.1/jline-terminal-jansi-3.12.1.jar:/home/alex/.m2/repository/org/fusesource/jansi/jansi/1.18/jansi-1.18.jar:/home/alex/.m2/repository/org/jline/jline-terminal-jna/3.12.1/jline-terminal-jna-3.12.1.jar:/home/alex/.m2/repository/net/java/dev/jna/jna/5.3.1/jna-5.3.1.jar:/home/alex/.m2/repository/org/jline/jline-builtins/3.12.1/jline-builtins-3.12.1.jar:/home/alex/.m2/repository/org/jline/jline-style/3.12.1/jline-style-3.12.1.jar:/home/alex/.m2/repository/com/cronutils/cron-utils/9.1.3/cron-utils-9.1.3.jar:/home/alex/.m2/repository/org/glassfish/javax.el/3.0.0/javax.el-3.0.0.jar:/home/alex/.m2/repository/com/oracle/database/jdbc/ojdbc8/21.3.0.0/ojdbc8-21.3.0.0.jar:/home/alex/.m2/repository/mysql/mysql-connector-java/8.0.27/mysql-connector-java-8.0.27.jar:/home/alex/.m2/repository/com/microsoft/sqlserver/mssql-jdbc/6.2.1.jre8/mssql-jdbc-6.2.1.jre8.jar:/home/alex/.m2/repository/org/postgresql/postgresql/42.2.14/postgresql-42.2.14.jar:/home/alex/Repositories/hive/common/target/test-classes:/home/alex/Repositories/hive/standalone-metastore/metastore-common/target/test-classes:/home/alex/.m2/repository/com/github/ben-manes/caffeine/caffeine/2.8.4/caffeine-2.8.4.jar:/home/alex/.m2/repository/org/checkerframework/checker-qual/3.4.0/checker-qual-3.4.0.jar:/home/alex/Repositories/hive/standalone-metastore/metastore-server/target/test-classes:/home/alex/.m2/repository/org/apache/parquet/parquet-column/1.11.1/parquet-column-1.11.1-tests.jar:/home/alex/.m2/repository/org/apache/parquet/parquet-common/1.11.1/parquet-common-1.11.1.jar:/home/alex/.m2/repository/org/apache/parquet/parquet-format-structures/1.11.1/parquet-format-structures-1.11.1.jar:/home/alex/.m2/repository/org/apache/parquet/parquet-encoding/1.11.1/parquet-encoding-1.11.1.jar:/home/alex/.m2/repository/junit/junit/4.13/junit-4.13.jar:/home/alex/.m2/repository/org/hamcrest/hamcrest-core/1.3/hamcrest-core-1.3.jar:/home/alex/.m2/repository/org/junit/jupiter/junit-jupiter-engine/5.6.2/junit-jupiter-engine-5.6.2.jar:/home/alex/.m2/repository/org/junit/platform/junit-platform-engine/1.6.2/junit-platform-engine-1.6.2.jar:/home/alex/.m2/repository/org/opentest4j/opentest4j/1.2.0/opentest4j-1.2.0.jar:/home/alex/.m2/repository/org/junit/platform/junit-platform-commons/1.6.2/junit-platform-commons-1.6.2.jar:/home/alex/.m2/repository/org/junit/jupiter/junit-jupiter-api/5.6.2/junit-jupiter-api-5.6.2.jar:/home/alex/.m2/repository/org/junit/jupiter/junit-jupiter-params/5.6.2/junit-jupiter-params-5.6.2.jar:/home/alex/.m2/repository/org/junit/vintage/junit-vintage-engine/5.6.2/junit-vintage-engine-5.6.2.jar:/home/alex/.m2/repository/org/apache/tez/tez-api/0.10.1/tez-api-0.10.1.jar:/usr/lib/jvm/java-8-openjdk-amd64/jre/../lib/tools.jar:/home/alex/.m2/repository/org/apache/tez/tez-runtime-library/0.10.1/tez-runtime-library-0.10.1.jar:/home/alex/.m2/repository/org/roaringbitmap/RoaringBitmap/0.5.21/RoaringBitmap-0.5.21.jar:/home/alex/.m2/repository/org/asynchttpclient/async-http-client/2.12.1/async-http-client-2.12.1.jar:/home/alex/.m2/repository/org/asynchttpclient/async-http-client-netty-utils/2.12.1/async-http-client-netty-utils-2.12.1.jar:/home/alex/.m2/repository/io/netty/netty-buffer/4.1.48.Final/netty-buffer-4.1.48.Final.jar:/home/alex/.m2/repository/io/netty/netty-codec-http/4.1.48.Final/netty-codec-http-4.1.48.Final.jar:/home/alex/.m2/repository/io/netty/netty-common/4.1.48.Final/netty-common-4.1.48.Final.jar:/home/alex/.m2/repository/io/netty/netty-transport/4.1.48.Final/netty-transport-4.1.48.Final.jar:/home/alex/.m2/repository/io/netty/netty-codec/4.1.48.Final/netty-codec-4.1.48.Final.jar:/home/alex/.m2/repository/io/netty/netty-handler/4.1.48.Final/netty-handler-4.1.48.Final.jar:/home/alex/.m2/repository/io/netty/netty-resolver/4.1.48.Final/netty-resolver-4.1.48.Final.jar:/home/alex/.m2/repository/io/netty/netty-codec-socks/4.1.48.Final/netty-codec-socks-4.1.48.Final.jar:/home/alex/.m2/repository/io/netty/netty-handler-proxy/4.1.48.Final/netty-handler-proxy-4.1.48.Final.jar:/home/alex/.m2/repository/io/netty/netty-transport-native-epoll/4.1.48.Final/netty-transport-native-epoll-4.1.48.Final-linux-x86_64.jar:/home/alex/.m2/repository/io/netty/netty-transport-native-unix-common/4.1.48.Final/netty-transport-native-unix-common-4.1.48.Final.jar:/home/alex/.m2/repository/io/netty/netty-transport-native-kqueue/4.1.48.Final/netty-transport-native-kqueue-4.1.48.Final-osx-x86_64.jar:/home/alex/.m2/repository/org/reactivestreams/reactive-streams/1.0.3/reactive-streams-1.0.3.jar:/home/alex/.m2/repository/com/typesafe/netty/netty-reactive-streams/2.0.4/netty-reactive-streams-2.0.4.jar:/home/alex/.m2/repository/com/sun/activation/javax.activation/1.2.0/javax.activation-1.2.0.jar:/home/alex/.m2/repository/org/apache/tez/tez-common/0.10.1/tez-common-0.10.1.jar:/home/alex/.m2/repository/org/apache/tez/tez-runtime-internals/0.10.1/tez-runtime-internals-0.10.1.jar:/home/alex/.m2/repository/org/apache/tez/hadoop-shim/0.10.1/hadoop-shim-0.10.1.jar:/home/alex/.m2/repository/org/apache/tez/tez-mapreduce/0.10.1/tez-mapreduce-0.10.1.jar:/home/alex/.m2/repository/org/apache/tez/tez-dag/0.10.1/tez-dag-0.10.1.jar:/home/alex/.m2/repository/org/apache/hadoop/hadoop-yarn-server-web-proxy/3.1.0/hadoop-yarn-server-web-proxy-3.1.0.jar:/home/alex/.m2/repository/org/apache/hadoop/hadoop-yarn-server-common/3.1.0/hadoop-yarn-server-common-3.1.0.jar:/home/alex/.m2/repository/org/apache/geronimo/specs/geronimo-jcache_1.0_spec/1.0-alpha-1/geronimo-jcache_1.0_spec-1.0-alpha-1.jar:/home/alex/.m2/repository/org/ehcache/ehcache/3.3.1/ehcache-3.3.1.jar:/home/alex/.m2/repository/com/zaxxer/HikariCP-java7/2.4.12/HikariCP-java7-2.4.12.jar:/home/alex/.m2/repository/org/apache/spark/spark-core_2.12/2.4.5/spark-core_2.12-2.4.5.jar:/home/alex/.m2/repository/com/twitter/chill_2.12/0.9.3/chill_2.12-0.9.3.jar:/home/alex/.m2/repository/com/twitter/chill-java/0.9.3/chill-java-0.9.3.jar:/home/alex/.m2/repository/org/apache/xbean/xbean-asm6-shaded/4.8/xbean-asm6-shaded-4.8.jar:/home/alex/.m2/repository/org/apache/hadoop/hadoop-client/3.1.0/hadoop-client-3.1.0.jar:/home/alex/.m2/repository/org/apache/hadoop/hadoop-mapreduce-client-jobclient/3.1.0/hadoop-mapreduce-client-jobclient-3.1.0.jar:/home/alex/.m2/repository/org/apache/spark/spark-launcher_2.12/2.4.5/spark-launcher_2.12-2.4.5.jar:/home/alex/.m2/repository/org/apache/spark/spark-kvstore_2.12/2.4.5/spark-kvstore_2.12-2.4.5.jar:/home/alex/.m2/repository/org/apache/spark/spark-network-common_2.12/2.4.5/spark-network-common_2.12-2.4.5.jar:/home/alex/.m2/repository/org/apache/spark/spark-network-shuffle_2.12/2.4.5/spark-network-shuffle_2.12-2.4.5.jar:/home/alex/.m2/repository/org/apache/spark/spark-unsafe_2.12/2.4.5/spark-unsafe_2.12-2.4.5.jar:/home/alex/.m2/repository/javax/activation/activation/1.1.1/activation-1.1.1.jar:/home/alex/.m2/repository/org/slf4j/jul-to-slf4j/1.7.16/jul-to-slf4j-1.7.16.jar:/home/alex/.m2/repository/org/slf4j/jcl-over-slf4j/1.7.16/jcl-over-slf4j-1.7.16.jar:/home/alex/.m2/repository/com/ning/compress-lzf/1.0.3/compress-lzf-1.0.3.jar:/home/alex/.m2/repository/org/lz4/lz4-java/1.4.0/lz4-java-1.4.0.jar:/home/alex/.m2/repository/com/github/luben/zstd-jni/1.3.2-2/zstd-jni-1.3.2-2.jar:/home/alex/.m2/repository/org/scala-lang/scala-library/2.12.10/scala-library-2.12.10.jar:/home/alex/.m2/repository/org/json4s/json4s-jackson_2.12/3.5.3/json4s-jackson_2.12-3.5.3.jar:/home/alex/.m2/repository/org/json4s/json4s-core_2.12/3.5.3/json4s-core_2.12-3.5.3.jar:/home/alex/.m2/repository/org/json4s/json4s-ast_2.12/3.5.3/json4s-ast_2.12-3.5.3.jar:/home/alex/.m2/repository/org/json4s/json4s-scalap_2.12/3.5.3/json4s-scalap_2.12-3.5.3.jar:/home/alex/.m2/repository/org/scala-lang/modules/scala-xml_2.12/1.0.6/scala-xml_2.12-1.0.6.jar:/home/alex/.m2/repository/com/clearspring/analytics/stream/2.7.0/stream-2.7.0.jar:/home/alex/.m2/repository/io/dropwizard/metrics/metrics-graphite/3.1.5/metrics-graphite-3.1.5.jar:/home/alex/.m2/repository/oro/oro/2.0.8/oro-2.0.8.jar:/home/alex/.m2/repository/net/razorvine/pyrolite/4.13/pyrolite-4.13.jar:/home/alex/.m2/repository/net/sf/py4j/py4j/0.10.7/py4j-0.10.7.jar:/home/alex/.m2/repository/org/apache/spark/spark-tags_2.12/2.4.5/spark-tags_2.12-2.4.5.jar:/home/alex/.m2/repository/org/spark-project/spark/unused/1.0.0/unused-1.0.0.jar:/home/alex/.m2/repository/com/sun/jersey/jersey-servlet/1.19/jersey-servlet-1.19.jar:/home/alex/.m2/repository/org/glassfish/jersey/core/jersey-server/2.22.2/jersey-server-2.22.2.jar:/home/alex/.m2/repository/org/glassfish/jersey/core/jersey-common/2.22.2/jersey-common-2.22.2.jar:/home/alex/.m2/repository/org/glassfish/jersey/bundles/repackaged/jersey-guava/2.22.2/jersey-guava-2.22.2.jar:/home/alex/.m2/repository/org/glassfish/hk2/osgi-resource-locator/1.0.1/osgi-resource-locator-1.0.1.jar:/home/alex/.m2/repository/org/glassfish/jersey/core/jersey-client/2.22.2/jersey-client-2.22.2.jar:/home/alex/.m2/repository/javax/ws/rs/javax.ws.rs-api/2.0.1/javax.ws.rs-api-2.0.1.jar:/home/alex/.m2/repository/org/glassfish/jersey/media/jersey-media-jaxb/2.22.2/jersey-media-jaxb-2.22.2.jar:/home/alex/.m2/repository/org/glassfish/hk2/hk2-api/2.4.0-b34/hk2-api-2.4.0-b34.jar:/home/alex/.m2/repository/org/glassfish/hk2/hk2-utils/2.4.0-b34/hk2-utils-2.4.0-b34.jar:/home/alex/.m2/repository/org/glassfish/hk2/external/aopalliance-repackaged/2.4.0-b34/aopalliance-repackaged-2.4.0-b34.jar:/home/alex/.m2/repository/org/glassfish/hk2/external/javax.inject/2.4.0-b34/javax.inject-2.4.0-b34.jar:/home/alex/.m2/repository/org/glassfish/hk2/hk2-locator/2.4.0-b34/hk2-locator-2.4.0-b34.jar:/home/alex/.m2/repository/javax/validation/validation-api/1.1.0.Final/validation-api-1.1.0.Final.jar:/home/alex/.m2/repository/org/glassfish/jersey/containers/jersey-container-servlet-core/2.22.2/jersey-container-servlet-core-2.22.2.jar:/home/alex/.m2/repository/org/hamcrest/hamcrest-all/1.3/hamcrest-all-1.3.jar:/home/alex/.m2/repository/org/powermock/powermock-module-junit4/2.0.2/powermock-module-junit4-2.0.2.jar:/home/alex/.m2/repository/org/powermock/powermock-module-junit4-common/2.0.2/powermock-module-junit4-common-2.0.2.jar:/home/alex/.m2/repository/org/powermock/powermock-reflect/2.0.2/powermock-reflect-2.0.2.jar:/home/alex/.m2/repository/org/powermock/powermock-core/2.0.2/powermock-core-2.0.2.jar:/home/alex/.m2/repository/org/powermock/powermock-api-mockito2/2.0.2/powermock-api-mockito2-2.0.2.jar:/home/alex/.m2/repository/org/powermock/powermock-api-support/2.0.2/powermock-api-support-2.0.2.jar:/home/alex/.m2/repository/com/google/guava/guava-testlib/19.0/guava-testlib-19.0.jar:/home/alex/.m2/repository/com/google/errorprone/error_prone_annotations/2.0.2/error_prone_annotations-2.0.2.jar:/home/alex/.m2/repository/com/google/re2j/re2j/1.2/re2j-1.2.jar:/home/alex/.m2/repository/org/reflections/reflections/0.9.10/reflections-0.9.10.jar:/home/alex/.m2/repository/org/javassist/javassist/3.19.0-GA/javassist-3.19.0-GA.jar:/home/alex/.m2/repository/com/jayway/jsonpath/json-path/2.4.0/json-path-2.4.0.jar:/home/alex/.m2/repository/net/minidev/json-smart/2.3/json-smart-2.3.jar:/home/alex/.m2/repository/net/minidev/accessors-smart/1.2/accessors-smart-1.2.jar:/home/alex/.m2/repository/org/ow2/asm/asm/5.0.4/asm-5.0.4.jar:/home/alex/.m2/repository/org/codehaus/janino/commons-compiler/3.0.11/commons-compiler-3.0.11.jar:/home/alex/.m2/repository/org/codehaus/janino/janino/3.0.11/janino-3.0.11.jar:/home/alex/.m2/repository/com/sun/jersey/contribs/jersey-multipart/1.19/jersey-multipart-1.19.jar:/home/alex/.m2/repository/org/jvnet/mimepull/mimepull/1.9.3/mimepull-1.9.3.jar:/home/alex/.m2/repository/org/apache/kafka/kafka-clients/2.5.0/kafka-clients-2.5.0.jar:/home/alex/.m2/repository/org/slf4j/slf4j-api/1.7.30/slf4j-api-1.7.30.jar:/home/alex/.m2/repository/org/mockito/mockito-core/3.4.4/mockito-core-3.4.4.jar:/home/alex/.m2/repository/net/bytebuddy/byte-buddy/1.10.13/byte-buddy-1.10.13.jar:/home/alex/.m2/repository/net/bytebuddy/byte-buddy-agent/1.10.13/byte-buddy-agent-1.10.13.jar:/home/alex/Repositories/hive/ql/target/testconf:/home/alex/Repositories/hive/ql/../conf:"/>
    <property name="java.vm.vendor" value="Private Build"/>
    <property name="hadoop.version" value="3.1.0"/>
    <property name="user.timezone" value="US/Pacific"/>
    <property name="test.local.warehouse.dir" value="pfile:///home/alex/Repositories/hive/ql/target/localfs/warehouse"/>
    <property name="java.vm.specification.version" value="1.8"/>
    <property name="os.name" value="Linux"/>
    <property name="clustermode" value=""/>
    <property name="test.build.data" value="/home/alex/Repositories/hive/ql/target/tmp"/>
    <property name="user.country" value="US"/>
    <property name="sun.java.launcher" value="SUN_STANDARD"/>
    <property name="test.data.files" value="/home/alex/Repositories/hive/ql/../data/files"/>
    <property name="nondexLogging" value="CONFIG"/>
    <property name="surefire.test.class.path" value="/home/alex/Repositories/hive/ql/target/test-classes:/home/alex/Repositories/hive/ql/target/classes:/home/alex/.m2/repository/org/apache/atlas/atlas-client-v2/2.1.0/atlas-client-v2-2.1.0.jar:/home/alex/.m2/repository/cglib/cglib/2.2.2/cglib-2.2.2.jar:/home/alex/.m2/repository/asm/asm/3.3.1/asm-3.3.1.jar:/home/alex/.m2/repository/org/apache/atlas/atlas-client-common/2.1.0/atlas-client-common-2.1.0.jar:/home/alex/.m2/repository/org/apache/httpcomponents/httpclient/4.5.13/httpclient-4.5.13.jar:/home/alex/.m2/repository/com/sun/jersey/jersey-client/1.19/jersey-client-1.19.jar:/home/alex/.m2/repository/org/apache/atlas/atlas-intg/2.1.0/atlas-intg-2.1.0.jar:/home/alex/.m2/repository/commons-collections/commons-collections/3.2.2/commons-collections-3.2.2.jar:/home/alex/.m2/repository/commons-validator/commons-validator/1.6/commons-validator-1.6.jar:/home/alex/.m2/repository/commons-digester/commons-digester/1.8.1/commons-digester-1.8.1.jar:/home/alex/.m2/repository/com/fasterxml/jackson/jaxrs/jackson-jaxrs-base/2.12.0/jackson-jaxrs-base-2.12.0.jar:/home/alex/.m2/repository/com/fasterxml/jackson/jaxrs/jackson-jaxrs-json-provider/2.12.0/jackson-jaxrs-json-provider-2.12.0.jar:/home/alex/.m2/repository/javax/inject/javax.inject/1/javax.inject-1.jar:/home/alex/.m2/repository/org/springframework/spring-context/4.3.20.RELEASE/spring-context-4.3.20.RELEASE.jar:/home/alex/.m2/repository/org/springframework/spring-aop/4.3.20.RELEASE/spring-aop-4.3.20.RELEASE.jar:/home/alex/.m2/repository/org/springframework/spring-beans/4.3.20.RELEASE/spring-beans-4.3.20.RELEASE.jar:/home/alex/.m2/repository/org/springframework/spring-core/4.3.20.RELEASE/spring-core-4.3.20.RELEASE.jar:/home/alex/.m2/repository/org/springframework/spring-expression/4.3.20.RELEASE/spring-expression-4.3.20.RELEASE.jar:/home/alex/.m2/repository/commons-configuration/commons-configuration/1.10/commons-configuration-1.10.jar:/home/alex/.m2/repository/commons-lang/commons-lang/2.6/commons-lang-2.6.jar:/home/alex/.m2/repository/commons-logging/commons-logging/1.1.1/commons-logging-1.1.1.jar:/home/alex/.m2/repository/org/apache/commons/commons-math3/3.6.1/commons-math3-3.6.1.jar:/home/alex/Repositories/hive/vector-code-gen/target/classes:/home/alex/.m2/repository/org/apache/velocity/velocity/1.5/velocity-1.5.jar:/home/alex/Repositories/hive/common/target/classes:/home/alex/Repositories/hive/classification/target/classes:/home/alex/Repositories/hive/standalone-metastore/metastore-common/target/classes:/home/alex/.m2/repository/commons-cli/commons-cli/1.4/commons-cli-1.4.jar:/home/alex/.m2/repository/org/apache/orc/orc-core/1.6.9/orc-core-1.6.9.jar:/home/alex/.m2/repository/org/apache/orc/orc-shims/1.6.9/orc-shims-1.6.9.jar:/home/alex/.m2/repository/io/airlift/aircompressor/0.19/aircompressor-0.19.jar:/home/alex/.m2/repository/org/jetbrains/annotations/17.0.0/annotations-17.0.0.jar:/home/alex/.m2/repository/org/threeten/threeten-extra/1.5.0/threeten-extra-1.5.0.jar:/home/alex/.m2/repository/jline/jline/2.14.6/jline-2.14.6.jar:/home/alex/.m2/repository/javax/servlet/javax.servlet-api/3.1.0/javax.servlet-api-3.1.0.jar:/home/alex/.m2/repository/org/eclipse/jetty/jetty-http/9.3.27.v20190418/jetty-http-9.3.27.v20190418.jar:/home/alex/.m2/repository/org/eclipse/jetty/jetty-rewrite/9.3.27.v20190418/jetty-rewrite-9.3.27.v20190418.jar:/home/alex/.m2/repository/org/eclipse/jetty/jetty-client/9.3.27.v20190418/jetty-client-9.3.27.v20190418.jar:/home/alex/.m2/repository/org/eclipse/jetty/jetty-server/9.3.27.v20190418/jetty-server-9.3.27.v20190418.jar:/home/alex/.m2/repository/org/eclipse/jetty/jetty-io/9.3.27.v20190418/jetty-io-9.3.27.v20190418.jar:/home/alex/.m2/repository/org/eclipse/jetty/jetty-servlet/9.3.27.v20190418/jetty-servlet-9.3.27.v20190418.jar:/home/alex/.m2/repository/org/eclipse/jetty/jetty-security/9.3.27.v20190418/jetty-security-9.3.27.v20190418.jar:/home/alex/.m2/repository/org/eclipse/jetty/jetty-webapp/9.3.27.v20190418/jetty-webapp-9.3.27.v20190418.jar:/home/alex/.m2/repository/org/eclipse/jetty/jetty-xml/9.3.27.v20190418/jetty-xml-9.3.27.v20190418.jar:/home/alex/.m2/repository/joda-time/joda-time/2.9.9/joda-time-2.9.9.jar:/home/alex/.m2/repository/org/apache/logging/log4j/log4j-web/2.13.2/log4j-web-2.13.2.jar:/home/alex/.m2/repository/net/sf/jpam/jpam/1.1/jpam-1.1.jar:/home/alex/.m2/repository/io/dropwizard/metrics/metrics-core/3.1.0/metrics-core-3.1.0.jar:/home/alex/.m2/repository/io/dropwizard/metrics/metrics-jvm/3.1.0/metrics-jvm-3.1.0.jar:/home/alex/.m2/repository/io/dropwizard/metrics/metrics-json/3.1.0/metrics-json-3.1.0.jar:/home/alex/.m2/repository/com/github/joshelser/dropwizard-metrics-hadoop-metrics2-reporter/0.1.2/dropwizard-metrics-hadoop-metrics2-reporter-0.1.2.jar:/home/alex/Repositories/hive/metastore/target/classes:/home/alex/.m2/repository/org/apache/derby/derby/10.14.1.0/derby-10.14.1.0.jar:/home/alex/Repositories/hive/serde/target/classes:/home/alex/.m2/repository/com/google/code/findbugs/jsr305/3.0.0/jsr305-3.0.0.jar:/home/alex/.m2/repository/org/apache/arrow/arrow-vector/0.15.1/arrow-vector-0.15.1.jar:/home/alex/.m2/repository/org/apache/arrow/arrow-format/0.15.1/arrow-format-0.15.1.jar:/home/alex/.m2/repository/org/apache/arrow/arrow-memory/0.15.1/arrow-memory-0.15.1.jar:/home/alex/.m2/repository/com/google/flatbuffers/flatbuffers-java/1.9.0/flatbuffers-java-1.9.0.jar:/home/alex/.m2/repository/com/carrotsearch/hppc/0.7.2/hppc-0.7.2.jar:/home/alex/.m2/repository/com/github/davidmoten/flatbuffers-java/1.6.0.1/flatbuffers-java-1.6.0.1.jar:/home/alex/Repositories/hive/parser/target/classes:/home/alex/Repositories/hive/udf/target/classes:/home/alex/Repositories/hive/service-rpc/target/classes:/home/alex/Repositories/hive/llap-client/target/classes:/home/alex/Repositories/hive/llap-common/target/classes:/home/alex/.m2/repository/io/jsonwebtoken/jjwt-api/0.10.5/jjwt-api-0.10.5.jar:/home/alex/.m2/repository/io/jsonwebtoken/jjwt-impl/0.10.5/jjwt-impl-0.10.5.jar:/home/alex/.m2/repository/io/jsonwebtoken/jjwt-jackson/0.10.5/jjwt-jackson-0.10.5.jar:/home/alex/Repositories/hive/llap-tez/target/classes:/home/alex/Repositories/hive/shims/aggregator/target/classes:/home/alex/Repositories/hive/shims/common/target/classes:/home/alex/Repositories/hive/shims/0.23/target/classes:/home/alex/.m2/repository/org/apache/hadoop/hadoop-yarn-server-resourcemanager/3.1.0/hadoop-yarn-server-resourcemanager-3.1.0.jar:/home/alex/.m2/repository/org/apache/hadoop/hadoop-yarn-server-applicationhistoryservice/3.1.0/hadoop-yarn-server-applicationhistoryservice-3.1.0.jar:/home/alex/.m2/repository/de/ruedigermoeller/fst/2.50/fst-2.50.jar:/home/alex/.m2/repository/com/cedarsoftware/java-util/1.9.0/java-util-1.9.0.jar:/home/alex/.m2/repository/com/cedarsoftware/json-io/2.5.1/json-io-2.5.1.jar:/home/alex/Repositories/hive/shims/scheduler/target/classes:/home/alex/Repositories/hive/spark-client/target/classes:/home/alex/.m2/repository/io/netty/netty-all/4.1.65.Final/netty-all-4.1.65.Final.jar:/home/alex/.m2/repository/com/fasterxml/jackson/module/jackson-module-scala_2.12/2.12.0/jackson-module-scala_2.12-2.12.0.jar:/home/alex/.m2/repository/org/apache/spark/spark-yarn_2.12/2.4.5/spark-yarn_2.12-2.4.5.jar:/home/alex/Repositories/hive/storage-api/target/classes:/home/alex/.m2/repository/com/amazonaws/aws-java-sdk-bundle/1.11.901/aws-java-sdk-bundle-1.11.901.jar:/home/alex/.m2/repository/com/amazonaws/secretsmanager/aws-secretsmanager-caching-java/1.0.1/aws-secretsmanager-caching-java-1.0.1.jar:/home/alex/.m2/repository/com/esotericsoftware/kryo/5.0.3/kryo-5.0.3.jar:/home/alex/.m2/repository/org/objenesis/objenesis/3.1/objenesis-3.1.jar:/home/alex/.m2/repository/com/esotericsoftware/minlog/1.3.1/minlog-1.3.1.jar:/home/alex/.m2/repository/com/esotericsoftware/reflectasm/1.11.9/reflectasm-1.11.9.jar:/home/alex/.m2/repository/com/google/protobuf/protobuf-java/2.5.0/protobuf-java-2.5.0.jar:/home/alex/.m2/repository/org/apache/hbase/hbase-common/2.0.0-alpha4/hbase-common-2.0.0-alpha4.jar:/home/alex/.m2/repository/org/apache/hbase/thirdparty/hbase-shaded-miscellaneous/1.0.1/hbase-shaded-miscellaneous-1.0.1.jar:/home/alex/.m2/repository/org/apache/htrace/htrace-core/3.2.0-incubating/htrace-core-3.2.0-incubating.jar:/home/alex/.m2/repository/org/apache/commons/commons-crypto/1.0.0/commons-crypto-1.0.0.jar:/home/alex/.m2/repository/com/github/stephenc/findbugs/findbugs-annotations/1.3.9-1/findbugs-annotations-1.3.9-1.jar:/home/alex/.m2/repository/log4j/log4j/1.2.17/log4j-1.2.17.jar:/home/alex/.m2/repository/org/apache/yetus/audience-annotations/0.5.0/audience-annotations-0.5.0.jar:/home/alex/.m2/repository/org/apache/parquet/parquet-hadoop-bundle/1.11.1/parquet-hadoop-bundle-1.11.1.jar:/home/alex/.m2/repository/commons-codec/commons-codec/1.15/commons-codec-1.15.jar:/home/alex/.m2/repository/commons-io/commons-io/2.6/commons-io-2.6.jar:/home/alex/.m2/repository/org/apache/commons/commons-collections4/4.1/commons-collections4-4.1.jar:/home/alex/.m2/repository/org/apache/commons/commons-lang3/3.9/commons-lang3-3.9.jar:/home/alex/.m2/repository/org/apache/commons/commons-text/1.8/commons-text-1.8.jar:/home/alex/.m2/repository/javolution/javolution/5.5.1/javolution-5.5.1.jar:/home/alex/.m2/repository/org/apache/logging/log4j/log4j-1.2-api/2.13.2/log4j-1.2-api-2.13.2.jar:/home/alex/.m2/repository/org/apache/logging/log4j/log4j-api/2.13.2/log4j-api-2.13.2.jar:/home/alex/.m2/repository/org/apache/logging/log4j/log4j-core/2.13.2/log4j-core-2.13.2.jar:/home/alex/.m2/repository/org/apache/logging/log4j/log4j-slf4j-impl/2.13.2/log4j-slf4j-impl-2.13.2.jar:/home/alex/.m2/repository/org/antlr/antlr-runtime/3.5.2/antlr-runtime-3.5.2.jar:/home/alex/.m2/repository/org/antlr/ST4/4.0.4/ST4-4.0.4.jar:/home/alex/.m2/repository/org/apache/avro/avro/1.8.2/avro-1.8.2.jar:/home/alex/.m2/repository/org/codehaus/jackson/jackson-core-asl/1.9.13/jackson-core-asl-1.9.13.jar:/home/alex/.m2/repository/org/codehaus/jackson/jackson-mapper-asl/1.9.13/jackson-mapper-asl-1.9.13.jar:/home/alex/.m2/repository/com/thoughtworks/paranamer/paranamer/2.8/paranamer-2.8.jar:/home/alex/.m2/repository/org/xerial/snappy/snappy-java/1.1.4/snappy-java-1.1.4.jar:/home/alex/.m2/repository/org/tukaani/xz/1.5/xz-1.5.jar:/home/alex/.m2/repository/org/apache/avro/avro-mapred/1.8.2/avro-mapred-1.8.2-hadoop2.jar:/home/alex/.m2/repository/org/apache/avro/avro-ipc/1.8.2/avro-ipc-1.8.2.jar:/home/alex/.m2/repository/org/mortbay/jetty/jetty/6.1.26/jetty-6.1.26.jar:/home/alex/.m2/repository/org/apache/ant/ant/1.9.1/ant-1.9.1.jar:/home/alex/.m2/repository/org/apache/ant/ant-launcher/1.9.1/ant-launcher-1.9.1.jar:/home/alex/.m2/repository/org/apache/commons/commons-compress/1.21/commons-compress-1.21.jar:/home/alex/.m2/repository/org/apache/thrift/libfb303/0.9.3/libfb303-0.9.3.jar:/home/alex/.m2/repository/org/apache/hadoop/hadoop-common/3.1.0/hadoop-common-3.1.0.jar:/home/alex/.m2/repository/org/apache/hadoop/hadoop-annotations/3.1.0/hadoop-annotations-3.1.0.jar:/home/alex/.m2/repository/commons-net/commons-net/3.6/commons-net-3.6.jar:/home/alex/.m2/repository/org/eclipse/jetty/jetty-util/9.3.27.v20190418/jetty-util-9.3.27.v20190418.jar:/home/alex/.m2/repository/javax/servlet/jsp/jsp-api/2.1/jsp-api-2.1.jar:/home/alex/.m2/repository/com/sun/jersey/jersey-core/1.19/jersey-core-1.19.jar:/home/alex/.m2/repository/javax/ws/rs/jsr311-api/1.1.1/jsr311-api-1.1.1.jar:/home/alex/.m2/repository/com/sun/jersey/jersey-json/1.19/jersey-json-1.19.jar:/home/alex/.m2/repository/com/sun/xml/bind/jaxb-impl/2.2.3-1/jaxb-impl-2.2.3-1.jar:/home/alex/.m2/repository/org/codehaus/jackson/jackson-jaxrs/1.9.2/jackson-jaxrs-1.9.2.jar:/home/alex/.m2/repository/org/codehaus/jackson/jackson-xc/1.9.2/jackson-xc-1.9.2.jar:/home/alex/.m2/repository/com/sun/jersey/jersey-server/1.19/jersey-server-1.19.jar:/home/alex/.m2/repository/org/apache/commons/commons-configuration2/2.1.1/commons-configuration2-2.1.1.jar:/home/alex/.m2/repository/org/apache/hadoop/hadoop-auth/3.1.0/hadoop-auth-3.1.0.jar:/home/alex/.m2/repository/com/nimbusds/nimbus-jose-jwt/4.41.1/nimbus-jose-jwt-4.41.1.jar:/home/alex/.m2/repository/com/github/stephenc/jcip/jcip-annotations/1.0-1/jcip-annotations-1.0-1.jar:/home/alex/.m2/repository/com/jcraft/jsch/0.1.54/jsch-0.1.54.jar:/home/alex/.m2/repository/org/apache/htrace/htrace-core4/4.1.0-incubating/htrace-core4-4.1.0-incubating.jar:/home/alex/.m2/repository/org/apache/kerby/kerb-simplekdc/1.0.1/kerb-simplekdc-1.0.1.jar:/home/alex/.m2/repository/org/apache/kerby/kerb-client/1.0.1/kerb-client-1.0.1.jar:/home/alex/.m2/repository/org/apache/kerby/kerby-config/1.0.1/kerby-config-1.0.1.jar:/home/alex/.m2/repository/org/apache/kerby/kerb-core/1.0.1/kerb-core-1.0.1.jar:/home/alex/.m2/repository/org/apache/kerby/kerby-pkix/1.0.1/kerby-pkix-1.0.1.jar:/home/alex/.m2/repository/org/apache/kerby/kerby-asn1/1.0.1/kerby-asn1-1.0.1.jar:/home/alex/.m2/repository/org/apache/kerby/kerby-util/1.0.1/kerby-util-1.0.1.jar:/home/alex/.m2/repository/org/apache/kerby/kerb-common/1.0.1/kerb-common-1.0.1.jar:/home/alex/.m2/repository/org/apache/kerby/kerb-crypto/1.0.1/kerb-crypto-1.0.1.jar:/home/alex/.m2/repository/org/apache/kerby/kerb-util/1.0.1/kerb-util-1.0.1.jar:/home/alex/.m2/repository/org/apache/kerby/token-provider/1.0.1/token-provider-1.0.1.jar:/home/alex/.m2/repository/org/apache/kerby/kerb-admin/1.0.1/kerb-admin-1.0.1.jar:/home/alex/.m2/repository/org/apache/kerby/kerb-server/1.0.1/kerb-server-1.0.1.jar:/home/alex/.m2/repository/org/apache/kerby/kerb-identity/1.0.1/kerb-identity-1.0.1.jar:/home/alex/.m2/repository/org/apache/kerby/kerby-xdr/1.0.1/kerby-xdr-1.0.1.jar:/home/alex/.m2/repository/org/codehaus/woodstox/stax2-api/3.1.4/stax2-api-3.1.4.jar:/home/alex/.m2/repository/com/fasterxml/woodstox/woodstox-core/5.0.3/woodstox-core-5.0.3.jar:/home/alex/.m2/repository/org/apache/hadoop/hadoop-archives/3.1.0/hadoop-archives-3.1.0.jar:/home/alex/.m2/repository/org/apache/hadoop/hadoop-yarn-registry/3.1.0/hadoop-yarn-registry-3.1.0.jar:/home/alex/.m2/repository/org/apache/curator/curator-client/4.2.0/curator-client-4.2.0.jar:/home/alex/.m2/repository/org/apache/curator/curator-recipes/4.2.0/curator-recipes-4.2.0.jar:/home/alex/.m2/repository/commons-daemon/commons-daemon/1.0.13/commons-daemon-1.0.13.jar:/home/alex/.m2/repository/dnsjava/dnsjava/2.1.7/dnsjava-2.1.7.jar:/home/alex/.m2/repository/org/apache/hadoop/hadoop-mapreduce-client-core/3.1.0/hadoop-mapreduce-client-core-3.1.0.jar:/home/alex/.m2/repository/org/apache/hadoop/hadoop-hdfs-client/3.1.0/hadoop-hdfs-client-3.1.0.jar:/home/alex/.m2/repository/com/squareup/okhttp/okhttp/2.7.5/okhttp-2.7.5.jar:/home/alex/.m2/repository/com/squareup/okio/okio/1.6.0/okio-1.6.0.jar:/home/alex/.m2/repository/com/google/inject/extensions/guice-servlet/4.0/guice-servlet-4.0.jar:/home/alex/.m2/repository/org/apache/hadoop/hadoop-mapreduce-client-common/3.1.0/hadoop-mapreduce-client-common-3.1.0.jar:/home/alex/.m2/repository/org/apache/hadoop/hadoop-hdfs/3.1.0/hadoop-hdfs-3.1.0.jar:/home/alex/.m2/repository/org/eclipse/jetty/jetty-util-ajax/9.3.19.v20170502/jetty-util-ajax-9.3.19.v20170502.jar:/home/alex/.m2/repository/org/fusesource/leveldbjni/leveldbjni-all/1.8/leveldbjni-all-1.8.jar:/home/alex/.m2/repository/org/apache/hadoop/hadoop-yarn-api/3.1.0/hadoop-yarn-api-3.1.0.jar:/home/alex/.m2/repository/javax/xml/bind/jaxb-api/2.2.11/jaxb-api-2.2.11.jar:/home/alex/.m2/repository/org/apache/hadoop/hadoop-yarn-common/3.1.0/hadoop-yarn-common-3.1.0.jar:/home/alex/.m2/repository/com/google/inject/guice/4.0/guice-4.0.jar:/home/alex/.m2/repository/aopalliance/aopalliance/1.0/aopalliance-1.0.jar:/home/alex/.m2/repository/com/sun/jersey/contribs/jersey-guice/1.19/jersey-guice-1.19.jar:/home/alex/.m2/repository/com/fasterxml/jackson/module/jackson-module-jaxb-annotations/2.12.0/jackson-module-jaxb-annotations-2.12.0.jar:/home/alex/.m2/repository/jakarta/xml/bind/jakarta.xml.bind-api/2.3.2/jakarta.xml.bind-api-2.3.2.jar:/home/alex/.m2/repository/jakarta/activation/jakarta.activation-api/1.2.1/jakarta.activation-api-1.2.1.jar:/home/alex/.m2/repository/org/apache/hadoop/hadoop-yarn-client/3.1.0/hadoop-yarn-client-3.1.0.jar:/home/alex/.m2/repository/org/apache/orc/orc-tools/1.6.9/orc-tools-1.6.9.jar:/home/alex/.m2/repository/com/opencsv/opencsv/3.9/opencsv-3.9.jar:/home/alex/.m2/repository/org/codehaus/jettison/jettison/1.1/jettison-1.1.jar:/home/alex/.m2/repository/org/threeten/threetenbp/1.3.5/threetenbp-1.3.5.jar:/home/alex/.m2/repository/org/apache/ivy/ivy/2.4.0/ivy-2.4.0.jar:/home/alex/.m2/repository/org/apache/thrift/libthrift/0.14.1/libthrift-0.14.1.jar:/home/alex/.m2/repository/org/apache/httpcomponents/httpcore/4.4.13/httpcore-4.4.13.jar:/home/alex/.m2/repository/org/apache/tomcat/embed/tomcat-embed-core/8.5.46/tomcat-embed-core-8.5.46.jar:/home/alex/.m2/repository/org/apache/tomcat/tomcat-annotations-api/8.5.46/tomcat-annotations-api-8.5.46.jar:/home/alex/.m2/repository/javax/annotation/javax.annotation-api/1.3.2/javax.annotation-api-1.3.2.jar:/home/alex/.m2/repository/org/apache/zookeeper/zookeeper/3.5.5/zookeeper-3.5.5.jar:/home/alex/.m2/repository/org/apache/zookeeper/zookeeper-jute/3.5.5/zookeeper-jute-3.5.5.jar:/home/alex/.m2/repository/org/apache/curator/curator-framework/4.2.0/curator-framework-4.2.0.jar:/home/alex/.m2/repository/org/apache/curator/curator-test/4.2.0/curator-test-4.2.0.jar:/home/alex/.m2/repository/org/apache/datasketches/datasketches-hive/1.1.0-incubating/datasketches-hive-1.1.0-incubating.jar:/home/alex/.m2/repository/org/apache/datasketches/datasketches-java/1.3.0-incubating/datasketches-java-1.3.0-incubating.jar:/home/alex/.m2/repository/org/apache/datasketches/datasketches-memory/1.2.0-incubating/datasketches-memory-1.2.0-incubating.jar:/home/alex/.m2/repository/org/slf4j/slf4j-simple/1.7.27/slf4j-simple-1.7.27.jar:/home/alex/.m2/repository/com/lmax/disruptor/3.3.7/disruptor-3.3.7.jar:/home/alex/.m2/repository/org/codehaus/groovy/groovy-all/2.4.11/groovy-all-2.4.11.jar:/home/alex/.m2/repository/org/jodd/jodd-util/6.0.0/jodd-util-6.0.0.jar:/home/alex/.m2/repository/com/fasterxml/jackson/core/jackson-annotations/2.12.0/jackson-annotations-2.12.0.jar:/home/alex/.m2/repository/com/fasterxml/jackson/core/jackson-core/2.12.0/jackson-core-2.12.0.jar:/home/alex/.m2/repository/com/fasterxml/jackson/core/jackson-databind/2.12.0/jackson-databind-2.12.0.jar:/home/alex/.m2/repository/com/fasterxml/jackson/dataformat/jackson-dataformat-yaml/2.12.0/jackson-dataformat-yaml-2.12.0.jar:/home/alex/.m2/repository/org/yaml/snakeyaml/1.27/snakeyaml-1.27.jar:/home/alex/.m2/repository/org/datanucleus/datanucleus-core/5.2.4/datanucleus-core-5.2.4.jar:/home/alex/.m2/repository/org/apache/calcite/calcite-core/1.25.0/calcite-core-1.25.0.jar:/home/alex/.m2/repository/org/apache/calcite/calcite-linq4j/1.25.0/calcite-linq4j-1.25.0.jar:/home/alex/.m2/repository/org/apiguardian/apiguardian-api/1.1.0/apiguardian-api-1.1.0.jar:/home/alex/.m2/repository/com/esri/geometry/esri-geometry-api/2.2.0/esri-geometry-api-2.2.0.jar:/home/alex/.m2/repository/com/yahoo/datasketches/sketches-core/0.9.0/sketches-core-0.9.0.jar:/home/alex/.m2/repository/com/yahoo/datasketches/memory/0.9.0/memory-0.9.0.jar:/home/alex/.m2/repository/org/apache/commons/commons-dbcp2/2.7.0/commons-dbcp2-2.7.0.jar:/home/alex/.m2/repository/org/apache/commons/commons-pool2/2.7.0/commons-pool2-2.7.0.jar:/home/alex/.m2/repository/org/apache/calcite/calcite-druid/1.25.0/calcite-druid-1.25.0.jar:/home/alex/.m2/repository/org/apache/calcite/avatica/avatica/1.12.0/avatica-1.12.0.jar:/home/alex/.m2/repository/com/google/guava/guava/19.0/guava-19.0.jar:/home/alex/.m2/repository/com/googlecode/javaewah/JavaEWAH/0.3.2/JavaEWAH-0.3.2.jar:/home/alex/.m2/repository/com/google/code/gson/gson/2.2.4/gson-2.2.4.jar:/home/alex/.m2/repository/com/tdunning/json/1.8/json-1.8.jar:/home/alex/.m2/repository/stax/stax-api/1.0.1/stax-api-1.0.1.jar:/home/alex/.m2/repository/net/sf/opencsv/opencsv/2.3/opencsv-2.3.jar:/home/alex/Repositories/hive/standalone-metastore/metastore-server/target/classes:/home/alex/.m2/repository/com/zaxxer/HikariCP/2.6.1/HikariCP-2.6.1.jar:/home/alex/.m2/repository/commons-beanutils/commons-beanutils/1.9.4/commons-beanutils-1.9.4.jar:/home/alex/.m2/repository/org/datanucleus/datanucleus-api-jdo/5.2.4/datanucleus-api-jdo-5.2.4.jar:/home/alex/.m2/repository/org/datanucleus/datanucleus-rdbms/5.2.4/datanucleus-rdbms-5.2.4.jar:/home/alex/.m2/repository/org/datanucleus/javax.jdo/3.2.0-release/javax.jdo-3.2.0-release.jar:/home/alex/.m2/repository/javax/transaction/javax.transaction-api/1.3/javax.transaction-api-1.3.jar:/home/alex/.m2/repository/org/glassfish/corba/glassfish-corba-omgapi/4.2.2/glassfish-corba-omgapi-4.2.2.jar:/home/alex/.m2/repository/sqlline/sqlline/1.9.0/sqlline-1.9.0.jar:/home/alex/.m2/repository/org/jline/jline-terminal/3.12.1/jline-terminal-3.12.1.jar:/home/alex/.m2/repository/org/jline/jline-reader/3.12.1/jline-reader-3.12.1.jar:/home/alex/.m2/repository/org/jline/jline-terminal-jansi/3.12.1/jline-terminal-jansi-3.12.1.jar:/home/alex/.m2/repository/org/fusesource/jansi/jansi/1.18/jansi-1.18.jar:/home/alex/.m2/repository/org/jline/jline-terminal-jna/3.12.1/jline-terminal-jna-3.12.1.jar:/home/alex/.m2/repository/net/java/dev/jna/jna/5.3.1/jna-5.3.1.jar:/home/alex/.m2/repository/org/jline/jline-builtins/3.12.1/jline-builtins-3.12.1.jar:/home/alex/.m2/repository/org/jline/jline-style/3.12.1/jline-style-3.12.1.jar:/home/alex/.m2/repository/com/cronutils/cron-utils/9.1.3/cron-utils-9.1.3.jar:/home/alex/.m2/repository/org/glassfish/javax.el/3.0.0/javax.el-3.0.0.jar:/home/alex/.m2/repository/com/oracle/database/jdbc/ojdbc8/21.3.0.0/ojdbc8-21.3.0.0.jar:/home/alex/.m2/repository/mysql/mysql-connector-java/8.0.27/mysql-connector-java-8.0.27.jar:/home/alex/.m2/repository/com/microsoft/sqlserver/mssql-jdbc/6.2.1.jre8/mssql-jdbc-6.2.1.jre8.jar:/home/alex/.m2/repository/org/postgresql/postgresql/42.2.14/postgresql-42.2.14.jar:/home/alex/Repositories/hive/common/target/test-classes:/home/alex/Repositories/hive/standalone-metastore/metastore-common/target/test-classes:/home/alex/.m2/repository/com/github/ben-manes/caffeine/caffeine/2.8.4/caffeine-2.8.4.jar:/home/alex/.m2/repository/org/checkerframework/checker-qual/3.4.0/checker-qual-3.4.0.jar:/home/alex/Repositories/hive/standalone-metastore/metastore-server/target/test-classes:/home/alex/.m2/repository/org/apache/parquet/parquet-column/1.11.1/parquet-column-1.11.1-tests.jar:/home/alex/.m2/repository/org/apache/parquet/parquet-common/1.11.1/parquet-common-1.11.1.jar:/home/alex/.m2/repository/org/apache/parquet/parquet-format-structures/1.11.1/parquet-format-structures-1.11.1.jar:/home/alex/.m2/repository/org/apache/parquet/parquet-encoding/1.11.1/parquet-encoding-1.11.1.jar:/home/alex/.m2/repository/junit/junit/4.13/junit-4.13.jar:/home/alex/.m2/repository/org/hamcrest/hamcrest-core/1.3/hamcrest-core-1.3.jar:/home/alex/.m2/repository/org/junit/jupiter/junit-jupiter-engine/5.6.2/junit-jupiter-engine-5.6.2.jar:/home/alex/.m2/repository/org/junit/platform/junit-platform-engine/1.6.2/junit-platform-engine-1.6.2.jar:/home/alex/.m2/repository/org/opentest4j/opentest4j/1.2.0/opentest4j-1.2.0.jar:/home/alex/.m2/repository/org/junit/platform/junit-platform-commons/1.6.2/junit-platform-commons-1.6.2.jar:/home/alex/.m2/repository/org/junit/jupiter/junit-jupiter-api/5.6.2/junit-jupiter-api-5.6.2.jar:/home/alex/.m2/repository/org/junit/jupiter/junit-jupiter-params/5.6.2/junit-jupiter-params-5.6.2.jar:/home/alex/.m2/repository/org/junit/vintage/junit-vintage-engine/5.6.2/junit-vintage-engine-5.6.2.jar:/home/alex/.m2/repository/org/apache/tez/tez-api/0.10.1/tez-api-0.10.1.jar:/usr/lib/jvm/java-8-openjdk-amd64/jre/../lib/tools.jar:/home/alex/.m2/repository/org/apache/tez/tez-runtime-library/0.10.1/tez-runtime-library-0.10.1.jar:/home/alex/.m2/repository/org/roaringbitmap/RoaringBitmap/0.5.21/RoaringBitmap-0.5.21.jar:/home/alex/.m2/repository/org/asynchttpclient/async-http-client/2.12.1/async-http-client-2.12.1.jar:/home/alex/.m2/repository/org/asynchttpclient/async-http-client-netty-utils/2.12.1/async-http-client-netty-utils-2.12.1.jar:/home/alex/.m2/repository/io/netty/netty-buffer/4.1.48.Final/netty-buffer-4.1.48.Final.jar:/home/alex/.m2/repository/io/netty/netty-codec-http/4.1.48.Final/netty-codec-http-4.1.48.Final.jar:/home/alex/.m2/repository/io/netty/netty-common/4.1.48.Final/netty-common-4.1.48.Final.jar:/home/alex/.m2/repository/io/netty/netty-transport/4.1.48.Final/netty-transport-4.1.48.Final.jar:/home/alex/.m2/repository/io/netty/netty-codec/4.1.48.Final/netty-codec-4.1.48.Final.jar:/home/alex/.m2/repository/io/netty/netty-handler/4.1.48.Final/netty-handler-4.1.48.Final.jar:/home/alex/.m2/repository/io/netty/netty-resolver/4.1.48.Final/netty-resolver-4.1.48.Final.jar:/home/alex/.m2/repository/io/netty/netty-codec-socks/4.1.48.Final/netty-codec-socks-4.1.48.Final.jar:/home/alex/.m2/repository/io/netty/netty-handler-proxy/4.1.48.Final/netty-handler-proxy-4.1.48.Final.jar:/home/alex/.m2/repository/io/netty/netty-transport-native-epoll/4.1.48.Final/netty-transport-native-epoll-4.1.48.Final-linux-x86_64.jar:/home/alex/.m2/repository/io/netty/netty-transport-native-unix-common/4.1.48.Final/netty-transport-native-unix-common-4.1.48.Final.jar:/home/alex/.m2/repository/io/netty/netty-transport-native-kqueue/4.1.48.Final/netty-transport-native-kqueue-4.1.48.Final-osx-x86_64.jar:/home/alex/.m2/repository/org/reactivestreams/reactive-streams/1.0.3/reactive-streams-1.0.3.jar:/home/alex/.m2/repository/com/typesafe/netty/netty-reactive-streams/2.0.4/netty-reactive-streams-2.0.4.jar:/home/alex/.m2/repository/com/sun/activation/javax.activation/1.2.0/javax.activation-1.2.0.jar:/home/alex/.m2/repository/org/apache/tez/tez-common/0.10.1/tez-common-0.10.1.jar:/home/alex/.m2/repository/org/apache/tez/tez-runtime-internals/0.10.1/tez-runtime-internals-0.10.1.jar:/home/alex/.m2/repository/org/apache/tez/hadoop-shim/0.10.1/hadoop-shim-0.10.1.jar:/home/alex/.m2/repository/org/apache/tez/tez-mapreduce/0.10.1/tez-mapreduce-0.10.1.jar:/home/alex/.m2/repository/org/apache/tez/tez-dag/0.10.1/tez-dag-0.10.1.jar:/home/alex/.m2/repository/org/apache/hadoop/hadoop-yarn-server-web-proxy/3.1.0/hadoop-yarn-server-web-proxy-3.1.0.jar:/home/alex/.m2/repository/org/apache/hadoop/hadoop-yarn-server-common/3.1.0/hadoop-yarn-server-common-3.1.0.jar:/home/alex/.m2/repository/org/apache/geronimo/specs/geronimo-jcache_1.0_spec/1.0-alpha-1/geronimo-jcache_1.0_spec-1.0-alpha-1.jar:/home/alex/.m2/repository/org/ehcache/ehcache/3.3.1/ehcache-3.3.1.jar:/home/alex/.m2/repository/com/zaxxer/HikariCP-java7/2.4.12/HikariCP-java7-2.4.12.jar:/home/alex/.m2/repository/org/apache/spark/spark-core_2.12/2.4.5/spark-core_2.12-2.4.5.jar:/home/alex/.m2/repository/com/twitter/chill_2.12/0.9.3/chill_2.12-0.9.3.jar:/home/alex/.m2/repository/com/twitter/chill-java/0.9.3/chill-java-0.9.3.jar:/home/alex/.m2/repository/org/apache/xbean/xbean-asm6-shaded/4.8/xbean-asm6-shaded-4.8.jar:/home/alex/.m2/repository/org/apache/hadoop/hadoop-client/3.1.0/hadoop-client-3.1.0.jar:/home/alex/.m2/repository/org/apache/hadoop/hadoop-mapreduce-client-jobclient/3.1.0/hadoop-mapreduce-client-jobclient-3.1.0.jar:/home/alex/.m2/repository/org/apache/spark/spark-launcher_2.12/2.4.5/spark-launcher_2.12-2.4.5.jar:/home/alex/.m2/repository/org/apache/spark/spark-kvstore_2.12/2.4.5/spark-kvstore_2.12-2.4.5.jar:/home/alex/.m2/repository/org/apache/spark/spark-network-common_2.12/2.4.5/spark-network-common_2.12-2.4.5.jar:/home/alex/.m2/repository/org/apache/spark/spark-network-shuffle_2.12/2.4.5/spark-network-shuffle_2.12-2.4.5.jar:/home/alex/.m2/repository/org/apache/spark/spark-unsafe_2.12/2.4.5/spark-unsafe_2.12-2.4.5.jar:/home/alex/.m2/repository/javax/activation/activation/1.1.1/activation-1.1.1.jar:/home/alex/.m2/repository/org/slf4j/jul-to-slf4j/1.7.16/jul-to-slf4j-1.7.16.jar:/home/alex/.m2/repository/org/slf4j/jcl-over-slf4j/1.7.16/jcl-over-slf4j-1.7.16.jar:/home/alex/.m2/repository/com/ning/compress-lzf/1.0.3/compress-lzf-1.0.3.jar:/home/alex/.m2/repository/org/lz4/lz4-java/1.4.0/lz4-java-1.4.0.jar:/home/alex/.m2/repository/com/github/luben/zstd-jni/1.3.2-2/zstd-jni-1.3.2-2.jar:/home/alex/.m2/repository/org/scala-lang/scala-library/2.12.10/scala-library-2.12.10.jar:/home/alex/.m2/repository/org/json4s/json4s-jackson_2.12/3.5.3/json4s-jackson_2.12-3.5.3.jar:/home/alex/.m2/repository/org/json4s/json4s-core_2.12/3.5.3/json4s-core_2.12-3.5.3.jar:/home/alex/.m2/repository/org/json4s/json4s-ast_2.12/3.5.3/json4s-ast_2.12-3.5.3.jar:/home/alex/.m2/repository/org/json4s/json4s-scalap_2.12/3.5.3/json4s-scalap_2.12-3.5.3.jar:/home/alex/.m2/repository/org/scala-lang/modules/scala-xml_2.12/1.0.6/scala-xml_2.12-1.0.6.jar:/home/alex/.m2/repository/com/clearspring/analytics/stream/2.7.0/stream-2.7.0.jar:/home/alex/.m2/repository/io/dropwizard/metrics/metrics-graphite/3.1.5/metrics-graphite-3.1.5.jar:/home/alex/.m2/repository/oro/oro/2.0.8/oro-2.0.8.jar:/home/alex/.m2/repository/net/razorvine/pyrolite/4.13/pyrolite-4.13.jar:/home/alex/.m2/repository/net/sf/py4j/py4j/0.10.7/py4j-0.10.7.jar:/home/alex/.m2/repository/org/apache/spark/spark-tags_2.12/2.4.5/spark-tags_2.12-2.4.5.jar:/home/alex/.m2/repository/org/spark-project/spark/unused/1.0.0/unused-1.0.0.jar:/home/alex/.m2/repository/com/sun/jersey/jersey-servlet/1.19/jersey-servlet-1.19.jar:/home/alex/.m2/repository/org/glassfish/jersey/core/jersey-server/2.22.2/jersey-server-2.22.2.jar:/home/alex/.m2/repository/org/glassfish/jersey/core/jersey-common/2.22.2/jersey-common-2.22.2.jar:/home/alex/.m2/repository/org/glassfish/jersey/bundles/repackaged/jersey-guava/2.22.2/jersey-guava-2.22.2.jar:/home/alex/.m2/repository/org/glassfish/hk2/osgi-resource-locator/1.0.1/osgi-resource-locator-1.0.1.jar:/home/alex/.m2/repository/org/glassfish/jersey/core/jersey-client/2.22.2/jersey-client-2.22.2.jar:/home/alex/.m2/repository/javax/ws/rs/javax.ws.rs-api/2.0.1/javax.ws.rs-api-2.0.1.jar:/home/alex/.m2/repository/org/glassfish/jersey/media/jersey-media-jaxb/2.22.2/jersey-media-jaxb-2.22.2.jar:/home/alex/.m2/repository/org/glassfish/hk2/hk2-api/2.4.0-b34/hk2-api-2.4.0-b34.jar:/home/alex/.m2/repository/org/glassfish/hk2/hk2-utils/2.4.0-b34/hk2-utils-2.4.0-b34.jar:/home/alex/.m2/repository/org/glassfish/hk2/external/aopalliance-repackaged/2.4.0-b34/aopalliance-repackaged-2.4.0-b34.jar:/home/alex/.m2/repository/org/glassfish/hk2/external/javax.inject/2.4.0-b34/javax.inject-2.4.0-b34.jar:/home/alex/.m2/repository/org/glassfish/hk2/hk2-locator/2.4.0-b34/hk2-locator-2.4.0-b34.jar:/home/alex/.m2/repository/javax/validation/validation-api/1.1.0.Final/validation-api-1.1.0.Final.jar:/home/alex/.m2/repository/org/glassfish/jersey/containers/jersey-container-servlet-core/2.22.2/jersey-container-servlet-core-2.22.2.jar:/home/alex/.m2/repository/org/hamcrest/hamcrest-all/1.3/hamcrest-all-1.3.jar:/home/alex/.m2/repository/org/powermock/powermock-module-junit4/2.0.2/powermock-module-junit4-2.0.2.jar:/home/alex/.m2/repository/org/powermock/powermock-module-junit4-common/2.0.2/powermock-module-junit4-common-2.0.2.jar:/home/alex/.m2/repository/org/powermock/powermock-reflect/2.0.2/powermock-reflect-2.0.2.jar:/home/alex/.m2/repository/org/powermock/powermock-core/2.0.2/powermock-core-2.0.2.jar:/home/alex/.m2/repository/org/powermock/powermock-api-mockito2/2.0.2/powermock-api-mockito2-2.0.2.jar:/home/alex/.m2/repository/org/powermock/powermock-api-support/2.0.2/powermock-api-support-2.0.2.jar:/home/alex/.m2/repository/com/google/guava/guava-testlib/19.0/guava-testlib-19.0.jar:/home/alex/.m2/repository/com/google/errorprone/error_prone_annotations/2.0.2/error_prone_annotations-2.0.2.jar:/home/alex/.m2/repository/com/google/re2j/re2j/1.2/re2j-1.2.jar:/home/alex/.m2/repository/org/reflections/reflections/0.9.10/reflections-0.9.10.jar:/home/alex/.m2/repository/org/javassist/javassist/3.19.0-GA/javassist-3.19.0-GA.jar:/home/alex/.m2/repository/com/jayway/jsonpath/json-path/2.4.0/json-path-2.4.0.jar:/home/alex/.m2/repository/net/minidev/json-smart/2.3/json-smart-2.3.jar:/home/alex/.m2/repository/net/minidev/accessors-smart/1.2/accessors-smart-1.2.jar:/home/alex/.m2/repository/org/ow2/asm/asm/5.0.4/asm-5.0.4.jar:/home/alex/.m2/repository/org/codehaus/janino/commons-compiler/3.0.11/commons-compiler-3.0.11.jar:/home/alex/.m2/repository/org/codehaus/janino/janino/3.0.11/janino-3.0.11.jar:/home/alex/.m2/repository/com/sun/jersey/contribs/jersey-multipart/1.19/jersey-multipart-1.19.jar:/home/alex/.m2/repository/org/jvnet/mimepull/mimepull/1.9.3/mimepull-1.9.3.jar:/home/alex/.m2/repository/org/apache/kafka/kafka-clients/2.5.0/kafka-clients-2.5.0.jar:/home/alex/.m2/repository/org/slf4j/slf4j-api/1.7.30/slf4j-api-1.7.30.jar:/home/alex/.m2/repository/org/mockito/mockito-core/3.4.4/mockito-core-3.4.4.jar:/home/alex/.m2/repository/net/bytebuddy/byte-buddy/1.10.13/byte-buddy-1.10.13.jar:/home/alex/.m2/repository/net/bytebuddy/byte-buddy-agent/1.10.13/byte-buddy-agent-1.10.13.jar:/home/alex/Repositories/hive/ql/target/testconf:/home/alex/Repositories/hive/ql/../conf:"/>
    <property name="sun.cpu.endian" value="little"/>
    <property name="user.home" value="/home/alex"/>
    <property name="user.language" value="en"/>
    <property name="java.security.krb5.conf" value="/home/alex/Repositories/hive/ql/target/testconf/krb5.conf"/>
    <property name="test.dfs.mkdir" value=""/>
    <property name="java.awt.graphicsenv" value="sun.awt.X11GraphicsEnvironment"/>
    <property name="nondexFilter" value=".*"/>
    <property name="nondexSeed" value="933178"/>
    <property name="surefire.real.class.path" value="/home/alex/Repositories/hive/ql/target/surefire/surefirebooter3763597843949161671.jar"/>
    <property name="hadoop.log.dir" value="/home/alex/Repositories/hive/ql/target/tmp"/>
    <property name="java.net.preferIPv4Stack" value="true"/>
    <property name="path.separator" value=":"/>
    <property name="os.version" value="6.5.0-28-generic"/>
    <property name="java.endorsed.dirs" value="/usr/lib/jvm/java-8-openjdk-amd64/jre/lib/endorsed"/>
    <property name="java.runtime.name" value="OpenJDK Runtime Environment"/>
    <property name="hive.test.console.log.level" value="INFO"/>
    <property name="java.vm.name" value="OpenJDK 64-Bit Server VM"/>
    <property name="java.vendor.url.bug" value="http://bugreport.sun.com/bugreport/"/>
    <property name="maven.local.repository" value="/home/alex/.m2/repository"/>
    <property name="user.dir" value="/home/alex/Repositories/hive/ql"/>
    <property name="os.arch" value="amd64"/>
    <property name="nondexMode" value="FULL"/>
    <property name="user.language.format" value="pt"/>
    <property name="antlr.version" value="3.5.2"/>
    <property name="derby.version" value="10.14.1.0"/>
    <property name="java.vm.info" value="mixed mode"/>
    <property name="java.vm.version" value="25.402-b06"/>
    <property name="java.ext.dirs" value="/usr/lib/jvm/java-8-openjdk-amd64/jre/lib/ext:/usr/java/packages/lib/ext"/>
    <property name="java.class.version" value="52.0"/>
    <property name="test.output.overwrite" value=""/>
    <property name="hive.root" value="/home/alex/Repositories/hive/ql/../"/>
  </properties>
  <testcase name="testSdpoBucketed" classname="org.apache.hadoop.hive.ql.TestTxnCommands3" time="21.231">
    <error type="java.lang.RuntimeException"><![CDATA[java.lang.RuntimeException: update acid_uap set b = 'fred' failed: (responseCode = 40000, errorMessage = FAILED: NoMatchingMethodException No matching method for class org.apache.hadoop.hive.ql.udf.UDFToInteger with (struct<writeid:bigint,bucketid:int,rowid:bigint>). Possible choices: _FUNC_(bigint)  _FUNC_(boolean)  _FUNC_(decimal(38,18))  _FUNC_(double)  _FUNC_(float)  _FUNC_(smallint)  _FUNC_(string)  _FUNC_(struct<writeid:bigint,rowid:int,bucketid:bigint>)  _FUNC_(timestamp)  _FUNC_(tinyint)  _FUNC_(void)  , hiveErrorCode = 40000, SQLState = 42000, exception = No matching method for class org.apache.hadoop.hive.ql.udf.UDFToInteger with (struct<writeid:bigint,bucketid:int,rowid:bigint>). Possible choices: _FUNC_(bigint)  _FUNC_(boolean)  _FUNC_(decimal(38,18))  _FUNC_(double)  _FUNC_(float)  _FUNC_(smallint)  _FUNC_(string)  _FUNC_(struct<writeid:bigint,rowid:int,bucketid:bigint>)  _FUNC_(timestamp)  _FUNC_(tinyint)  _FUNC_(void)  )
	at org.apache.hadoop.hive.ql.TxnCommandsBaseForTests.runStatementOnDriver(TxnCommandsBaseForTests.java:247)
	at org.apache.hadoop.hive.ql.TestTxnCommands3.testSdpoBucketed(TestTxnCommands3.java:293)
	at org.apache.hadoop.hive.ql.TestTxnCommands3.testSdpoBucketed(TestTxnCommands3.java:255)
	at sun.reflect.NativeMethodAccessorImpl.invoke0(Native Method)
	at sun.reflect.NativeMethodAccessorImpl.invoke(NativeMethodAccessorImpl.java:62)
	at sun.reflect.DelegatingMethodAccessorImpl.invoke(DelegatingMethodAccessorImpl.java:43)
	at java.lang.reflect.Method.invoke(Method.java:498)
	at org.junit.runners.model.FrameworkMethod$1.runReflectiveCall(FrameworkMethod.java:59)
	at org.junit.internal.runners.model.ReflectiveCallable.run(ReflectiveCallable.java:12)
	at org.junit.runners.model.FrameworkMethod.invokeExplosively(FrameworkMethod.java:56)
	at org.junit.internal.runners.statements.InvokeMethod.evaluate(InvokeMethod.java:17)
	at org.junit.internal.runners.statements.RunBefores.evaluate(RunBefores.java:26)
	at org.junit.internal.runners.statements.RunAfters.evaluate(RunAfters.java:27)
	at org.junit.rules.TestWatcher$1.evaluate(TestWatcher.java:61)
	at org.junit.runners.ParentRunner$3.evaluate(ParentRunner.java:306)
	at org.junit.runners.BlockJUnit4ClassRunner$1.evaluate(BlockJUnit4ClassRunner.java:100)
	at org.junit.runners.ParentRunner.runLeaf(ParentRunner.java:366)
	at org.junit.runners.BlockJUnit4ClassRunner.runChild(BlockJUnit4ClassRunner.java:103)
	at org.junit.runners.BlockJUnit4ClassRunner.runChild(BlockJUnit4ClassRunner.java:63)
	at org.junit.runners.ParentRunner$4.run(ParentRunner.java:331)
	at org.junit.runners.ParentRunner$1.schedule(ParentRunner.java:79)
	at org.junit.runners.ParentRunner.runChildren(ParentRunner.java:329)
	at org.junit.runners.ParentRunner.access$100(ParentRunner.java:66)
	at org.junit.runners.ParentRunner$2.evaluate(ParentRunner.java:293)
	at org.junit.runners.ParentRunner$3.evaluate(ParentRunner.java:306)
	at org.junit.runners.ParentRunner.run(ParentRunner.java:413)
	at org.junit.runner.JUnitCore.run(JUnitCore.java:137)
	at org.junit.runner.JUnitCore.run(JUnitCore.java:115)
	at org.junit.vintage.engine.execution.RunnerExecutor.execute(RunnerExecutor.java:43)
	at java.util.stream.ForEachOps$ForEachOp$OfRef.accept(ForEachOps.java:183)
	at java.util.stream.ReferencePipeline$3$1.accept(ReferencePipeline.java:193)
	at java.util.Iterator.forEachRemaining(Iterator.java:116)
	at java.util.Spliterators$IteratorSpliterator.forEachRemaining(Spliterators.java:1801)
	at java.util.stream.AbstractPipeline.copyInto(AbstractPipeline.java:482)
	at java.util.stream.AbstractPipeline.wrapAndCopyInto(AbstractPipeline.java:472)
	at java.util.stream.ForEachOps$ForEachOp.evaluateSequential(ForEachOps.java:150)
	at java.util.stream.ForEachOps$ForEachOp$OfRef.evaluateSequential(ForEachOps.java:173)
	at java.util.stream.AbstractPipeline.evaluate(AbstractPipeline.java:234)
	at java.util.stream.ReferencePipeline.forEach(ReferencePipeline.java:485)
	at org.junit.vintage.engine.VintageTestEngine.executeAllChildren(VintageTestEngine.java:82)
	at org.junit.vintage.engine.VintageTestEngine.execute(VintageTestEngine.java:73)
	at org.junit.platform.launcher.core.DefaultLauncher.execute(DefaultLauncher.java:248)
	at org.junit.platform.launcher.core.DefaultLauncher.lambda$execute$5(DefaultLauncher.java:211)
	at org.junit.platform.launcher.core.DefaultLauncher.withInterceptedStreams(DefaultLauncher.java:226)
	at org.junit.platform.launcher.core.DefaultLauncher.execute(DefaultLauncher.java:199)
	at org.junit.platform.launcher.core.DefaultLauncher.execute(DefaultLauncher.java:132)
	at org.apache.maven.surefire.junitplatform.JUnitPlatformProvider.invokeAllTests(JUnitPlatformProvider.java:154)
	at org.apache.maven.surefire.junitplatform.JUnitPlatformProvider.invoke(JUnitPlatformProvider.java:123)
	at org.apache.maven.surefire.booter.ForkedBooter.runSuitesInProcess(ForkedBooter.java:377)
	at org.apache.maven.surefire.booter.ForkedBooter.execute(ForkedBooter.java:138)
	at org.apache.maven.surefire.booter.ForkedBooter.run(ForkedBooter.java:465)
	at org.apache.maven.surefire.booter.ForkedBooter.main(ForkedBooter.java:451)
]]></error>
    <system-out><![CDATA[log4j: Trying to find [log4j.xml] using context classloader org.apache.hadoop.hive.ql.exec.UDFClassLoader@6f139fc9.
log4j: Trying to find [log4j.xml] using sun.misc.Launcher$AppClassLoader@330bedb4 class loader.
log4j: Trying to find [log4j.xml] using ClassLoader.getSystemResource().
log4j: Trying to find [log4j.properties] using context classloader org.apache.hadoop.hive.ql.exec.UDFClassLoader@6f139fc9.
log4j: Trying to find [log4j.properties] using sun.misc.Launcher$AppClassLoader@330bedb4 class loader.
log4j: Trying to find [log4j.properties] using ClassLoader.getSystemResource().
log4j: Could not find resource: [null].
]]></system-out>
    <system-err><![CDATA[SLF4J: Class path contains multiple SLF4J bindings.
SLF4J: Found binding in [jar:file:/home/alex/.m2/repository/org/apache/logging/log4j/log4j-slf4j-impl/2.13.2/log4j-slf4j-impl-2.13.2.jar!/org/slf4j/impl/StaticLoggerBinder.class]
SLF4J: Found binding in [jar:file:/home/alex/.m2/repository/org/slf4j/slf4j-simple/1.7.27/slf4j-simple-1.7.27.jar!/org/slf4j/impl/StaticLoggerBinder.class]
SLF4J: See http://www.slf4j.org/codes.html#multiple_bindings for an explanation.
SLF4J: Actual binding is of type [org.apache.logging.slf4j.Log4jLoggerFactory]
DEBUG StatusLogger Using ShutdownCallbackRegistry class org.apache.logging.log4j.core.util.DefaultShutdownCallbackRegistry
DEBUG StatusLogger Took 0,073115 seconds to load 250 plugins from sun.misc.Launcher$AppClassLoader@330bedb4
DEBUG StatusLogger PluginManager 'Converter' found 46 plugins
DEBUG StatusLogger Starting OutputStreamManager SYSTEM_OUT.false.false-1
DEBUG StatusLogger Starting LoggerContext[name=330bedb4, org.apache.logging.log4j.core.LoggerContext@1972e513]...
DEBUG StatusLogger Reconfiguration started for context[name=330bedb4] at URI null (org.apache.logging.log4j.core.LoggerContext@1972e513) with optional ClassLoader: null
DEBUG StatusLogger PluginManager 'ConfigurationFactory' found 6 plugins
DEBUG StatusLogger Using configurationFactory org.apache.logging.log4j.core.config.ConfigurationFactory$Factory@48e1f6c7
DEBUG StatusLogger Apache Log4j Core 2.13.2 initializing configuration org.apache.logging.log4j.core.config.properties.PropertiesConfiguration@475c9c31
DEBUG StatusLogger Installed 2 script engines
DEBUG StatusLogger Groovy Scripting Engine version: 2.0, language: Groovy, threading: MULTITHREADED, compile: true, names: [groovy, Groovy], factory class: org.codehaus.groovy.jsr223.GroovyScriptEngineFactory
DEBUG StatusLogger Oracle Nashorn version: 1.8.0_402, language: ECMAScript, threading: Not Thread Safe, compile: true, names: [nashorn, Nashorn, js, JS, JavaScript, javascript, ECMAScript, ecmascript], factory class: jdk.nashorn.api.scripting.NashornScriptEngineFactory
INFO StatusLogger Scanning for classes in '/home/alex/Repositories/hive/ql/target/test-classes/org/apache/hadoop/hive/ql/log' matching criteria annotated with @Plugin
DEBUG StatusLogger Checking to see if class org.apache.hadoop.hive.ql.log.TestLog4j2Appenders matches criteria annotated with @Plugin
DEBUG StatusLogger Checking to see if class org.apache.hadoop.hive.ql.log.TestSyslogInputFormat matches criteria annotated with @Plugin
DEBUG StatusLogger Checking to see if class org.apache.hadoop.hive.ql.log.TestSlidingFilenameRolloverStrategy matches criteria annotated with @Plugin
INFO StatusLogger Scanning for classes in '/home/alex/Repositories/hive/ql/target/classes/org/apache/hadoop/hive/ql/log' matching criteria annotated with @Plugin
DEBUG StatusLogger Checking to see if class org.apache.hadoop.hive.ql.log.HiveEventCounter matches criteria annotated with @Plugin
DEBUG StatusLogger Checking to see if class org.apache.hadoop.hive.ql.log.LogDivertAppender$NameFilter matches criteria annotated with @Plugin
DEBUG StatusLogger Checking to see if class org.apache.hadoop.hive.ql.log.HiveEventCounter$EventCounts matches criteria annotated with @Plugin
DEBUG StatusLogger Checking to see if class org.apache.hadoop.hive.ql.log.HushableRandomAccessFileAppender matches criteria annotated with @Plugin
DEBUG StatusLogger Checking to see if class org.apache.hadoop.hive.ql.log.SlidingFilenameRolloverStrategy$1 matches criteria annotated with @Plugin
DEBUG StatusLogger Checking to see if class org.apache.hadoop.hive.ql.log.LogDivertAppender matches criteria annotated with @Plugin
DEBUG StatusLogger Checking to see if class org.apache.hadoop.hive.ql.log.PidFilePatternConverter matches criteria annotated with @Plugin
DEBUG StatusLogger Checking to see if class org.apache.hadoop.hive.ql.log.HiveEventCounter$1 matches criteria annotated with @Plugin
DEBUG StatusLogger Checking to see if class org.apache.hadoop.hive.ql.log.LogDivertAppenderForTest matches criteria annotated with @Plugin
DEBUG StatusLogger Checking to see if class org.apache.hadoop.hive.ql.log.LogDivertAppenderForTest$TestFilter matches criteria annotated with @Plugin
DEBUG StatusLogger Checking to see if class org.apache.hadoop.hive.ql.log.SlidingFilenameRolloverStrategy matches criteria annotated with @Plugin
DEBUG StatusLogger Checking to see if class org.apache.hadoop.hive.ql.log.HushableRandomAccessFileAppender$1 matches criteria annotated with @Plugin
DEBUG StatusLogger Checking to see if class org.apache.hadoop.hive.ql.log.syslog.SyslogParser matches criteria annotated with @Plugin
DEBUG StatusLogger Checking to see if class org.apache.hadoop.hive.ql.log.syslog.SyslogInputFormat matches criteria annotated with @Plugin
DEBUG StatusLogger Checking to see if class org.apache.hadoop.hive.ql.log.syslog.SyslogInputFormat$Location matches criteria annotated with @Plugin
DEBUG StatusLogger Checking to see if class org.apache.hadoop.hive.ql.log.syslog.SyslogStorageHandler matches criteria annotated with @Plugin
DEBUG StatusLogger Checking to see if class org.apache.hadoop.hive.ql.log.syslog.SyslogSerDe matches criteria annotated with @Plugin
DEBUG StatusLogger Checking to see if class org.apache.hadoop.hive.ql.log.NullAppender matches criteria annotated with @Plugin
INFO StatusLogger Scanning for classes in '/home/alex/Repositories/hive/common/target/classes/org/apache/hadoop/hive/ql/log' matching criteria annotated with @Plugin
DEBUG StatusLogger Checking to see if class org.apache.hadoop.hive.ql.log.PerfLogger matches criteria annotated with @Plugin
DEBUG StatusLogger Took 0,020891 seconds to load 7 plugins from package org.apache.hadoop.hive.ql.log
DEBUG StatusLogger PluginManager 'Core' found 132 plugins
DEBUG StatusLogger PluginManager 'Level' found 0 plugins
DEBUG StatusLogger Building Plugin[name=property, class=org.apache.logging.log4j.core.config.Property].
TRACE StatusLogger TypeConverterRegistry initializing.
DEBUG StatusLogger PluginManager 'TypeConverter' found 26 plugins
DEBUG StatusLogger createProperty(name="hive.log.file", value="hive.log")
DEBUG StatusLogger Building Plugin[name=property, class=org.apache.logging.log4j.core.config.Property].
DEBUG StatusLogger createProperty(name="hive.log.dir", value="/home/alex/Repositories/hive/ql/target/tmp/log")
DEBUG StatusLogger Building Plugin[name=property, class=org.apache.logging.log4j.core.config.Property].
DEBUG StatusLogger createProperty(name="hive.root.logger", value="DRFA")
DEBUG StatusLogger Building Plugin[name=property, class=org.apache.logging.log4j.core.config.Property].
DEBUG StatusLogger createProperty(name="hive.log.level", value="DEBUG")
DEBUG StatusLogger Building Plugin[name=property, class=org.apache.logging.log4j.core.config.Property].
DEBUG StatusLogger createProperty(name="hive.test.console.log.level", value="INFO")
DEBUG StatusLogger Building Plugin[name=properties, class=org.apache.logging.log4j.core.config.PropertiesPlugin].
DEBUG StatusLogger configureSubstitutor(={hive.log.file=hive.log, hive.log.dir=/home/alex/Repositories/hive/ql/target/tmp/log, hive.root.logger=DRFA, hive.log.level=DEBUG, hive.test.console.log.level=INFO}, Configuration(HiveLog4j2Test))
DEBUG StatusLogger PluginManager 'Lookup' found 17 plugins
DEBUG StatusLogger Building Plugin[name=logger, class=org.apache.logging.log4j.core.config.LoggerConfig].
DEBUG StatusLogger createLogger(additivity="true", level="WARN", name="org.apache.hadoop.ipc", includeLocation="null", ={}, ={}, Configuration(HiveLog4j2Test), Filter=null)
DEBUG StatusLogger Building Plugin[name=logger, class=org.apache.logging.log4j.core.config.LoggerConfig].
DEBUG StatusLogger createLogger(additivity="true", level="INFO", name="org.apache.hadoop.security", includeLocation="null", ={}, ={}, Configuration(HiveLog4j2Test), Filter=null)
DEBUG StatusLogger Building Plugin[name=logger, class=org.apache.logging.log4j.core.config.LoggerConfig].
DEBUG StatusLogger createLogger(additivity="true", level="INFO", name="org.apache.hadoop.hdfs", includeLocation="null", ={}, ={}, Configuration(HiveLog4j2Test), Filter=null)
DEBUG StatusLogger Building Plugin[name=logger, class=org.apache.logging.log4j.core.config.LoggerConfig].
DEBUG StatusLogger createLogger(additivity="true", level="WARN", name="org.apache.hadoop.hdfs.server", includeLocation="null", ={}, ={}, Configuration(HiveLog4j2Test), Filter=null)
DEBUG StatusLogger Building Plugin[name=logger, class=org.apache.logging.log4j.core.config.LoggerConfig].
DEBUG StatusLogger createLogger(additivity="true", level="INFO", name="org.apache.hadoop.metrics2", includeLocation="null", ={}, ={}, Configuration(HiveLog4j2Test), Filter=null)
DEBUG StatusLogger Building Plugin[name=logger, class=org.apache.logging.log4j.core.config.LoggerConfig].
DEBUG StatusLogger createLogger(additivity="true", level="INFO", name="org.mortbay", includeLocation="null", ={}, ={}, Configuration(HiveLog4j2Test), Filter=null)
DEBUG StatusLogger Building Plugin[name=logger, class=org.apache.logging.log4j.core.config.LoggerConfig].
DEBUG StatusLogger createLogger(additivity="true", level="INFO", name="org.apache.hadoop.yarn", includeLocation="null", ={}, ={}, Configuration(HiveLog4j2Test), Filter=null)
DEBUG StatusLogger Building Plugin[name=logger, class=org.apache.logging.log4j.core.config.LoggerConfig].
DEBUG StatusLogger createLogger(additivity="true", level="WARN", name="org.apache.hadoop.yarn.server", includeLocation="null", ={}, ={}, Configuration(HiveLog4j2Test), Filter=null)
DEBUG StatusLogger Building Plugin[name=logger, class=org.apache.logging.log4j.core.config.LoggerConfig].
DEBUG StatusLogger createLogger(additivity="true", level="INFO", name="org.apache.tez", includeLocation="null", ={}, ={}, Configuration(HiveLog4j2Test), Filter=null)
DEBUG StatusLogger Building Plugin[name=logger, class=org.apache.logging.log4j.core.config.LoggerConfig].
DEBUG StatusLogger createLogger(additivity="true", level="ERROR", name="org.apache.hadoop.conf.Configuration", includeLocation="null", ={}, ={}, Configuration(HiveLog4j2Test), Filter=null)
DEBUG StatusLogger Building Plugin[name=logger, class=org.apache.logging.log4j.core.config.LoggerConfig].
DEBUG StatusLogger createLogger(additivity="true", level="INFO", name="org.apache.zookeeper", includeLocation="null", ={}, ={}, Configuration(HiveLog4j2Test), Filter=null)
DEBUG StatusLogger Building Plugin[name=logger, class=org.apache.logging.log4j.core.config.LoggerConfig].
DEBUG StatusLogger createLogger(additivity="true", level="WARN", name="org.apache.zookeeper.server.ServerCnxn", includeLocation="null", ={}, ={}, Configuration(HiveLog4j2Test), Filter=null)
DEBUG StatusLogger Building Plugin[name=logger, class=org.apache.logging.log4j.core.config.LoggerConfig].
DEBUG StatusLogger createLogger(additivity="true", level="WARN", name="org.apache.zookeeper.server.NIOServerCnxn", includeLocation="null", ={}, ={}, Configuration(HiveLog4j2Test), Filter=null)
DEBUG StatusLogger Building Plugin[name=logger, class=org.apache.logging.log4j.core.config.LoggerConfig].
DEBUG StatusLogger createLogger(additivity="true", level="WARN", name="org.apache.zookeeper.ClientCnxn", includeLocation="null", ={}, ={}, Configuration(HiveLog4j2Test), Filter=null)
DEBUG StatusLogger Building Plugin[name=logger, class=org.apache.logging.log4j.core.config.LoggerConfig].
DEBUG StatusLogger createLogger(additivity="true", level="WARN", name="org.apache.zookeeper.ClientCnxnSocket", includeLocation="null", ={}, ={}, Configuration(HiveLog4j2Test), Filter=null)
DEBUG StatusLogger Building Plugin[name=logger, class=org.apache.logging.log4j.core.config.LoggerConfig].
DEBUG StatusLogger createLogger(additivity="true", level="WARN", name="org.apache.zookeeper.ClientCnxnSocketNIO", includeLocation="null", ={}, ={}, Configuration(HiveLog4j2Test), Filter=null)
DEBUG StatusLogger Building Plugin[name=logger, class=org.apache.logging.log4j.core.config.LoggerConfig].
DEBUG StatusLogger createLogger(additivity="true", level="ERROR", name="DataNucleus", includeLocation="null", ={}, ={}, Configuration(HiveLog4j2Test), Filter=null)
DEBUG StatusLogger Building Plugin[name=logger, class=org.apache.logging.log4j.core.config.LoggerConfig].
DEBUG StatusLogger createLogger(additivity="true", level="ERROR", name="Datastore", includeLocation="null", ={}, ={}, Configuration(HiveLog4j2Test), Filter=null)
DEBUG StatusLogger Building Plugin[name=logger, class=org.apache.logging.log4j.core.config.LoggerConfig].
DEBUG StatusLogger createLogger(additivity="true", level="ERROR", name="JPOX", includeLocation="null", ={}, ={}, Configuration(HiveLog4j2Test), Filter=null)
DEBUG StatusLogger Building Plugin[name=logger, class=org.apache.logging.log4j.core.config.LoggerConfig].
DEBUG StatusLogger createLogger(additivity="true", level="INFO", name="org.apache.hadoop.hive.ql.exec.Operator", includeLocation="null", ={}, ={}, Configuration(HiveLog4j2Test), Filter=null)
DEBUG StatusLogger Building Plugin[name=logger, class=org.apache.logging.log4j.core.config.LoggerConfig].
DEBUG StatusLogger createLogger(additivity="true", level="INFO", name="org.apache.hadoop.hive.serde2.lazy", includeLocation="null", ={}, ={}, Configuration(HiveLog4j2Test), Filter=null)
DEBUG StatusLogger Building Plugin[name=logger, class=org.apache.logging.log4j.core.config.LoggerConfig].
DEBUG StatusLogger createLogger(additivity="true", level="INFO", name="org.apache.hadoop.hive.metastore.ObjectStore", includeLocation="null", ={}, ={}, Configuration(HiveLog4j2Test), Filter=null)
DEBUG StatusLogger Building Plugin[name=logger, class=org.apache.logging.log4j.core.config.LoggerConfig].
DEBUG StatusLogger createLogger(additivity="true", level="INFO", name="org.apache.calcite.plan.RelOptPlanner", includeLocation="null", ={}, ={}, Configuration(HiveLog4j2Test), Filter=null)
DEBUG StatusLogger Building Plugin[name=logger, class=org.apache.logging.log4j.core.config.LoggerConfig].
DEBUG StatusLogger createLogger(additivity="true", level="INFO", name="com.amazonaws", includeLocation="null", ={}, ={}, Configuration(HiveLog4j2Test), Filter=null)
DEBUG StatusLogger Building Plugin[name=logger, class=org.apache.logging.log4j.core.config.LoggerConfig].
DEBUG StatusLogger createLogger(additivity="true", level="INFO", name="org.apache.http", includeLocation="null", ={}, ={}, Configuration(HiveLog4j2Test), Filter=null)
DEBUG StatusLogger Building Plugin[name=logger, class=org.apache.logging.log4j.core.config.LoggerConfig].
DEBUG StatusLogger createLogger(additivity="true", level="WARN", name="org.apache.thrift", includeLocation="null", ={}, ={}, Configuration(HiveLog4j2Test), Filter=null)
DEBUG StatusLogger Building Plugin[name=logger, class=org.apache.logging.log4j.core.config.LoggerConfig].
DEBUG StatusLogger createLogger(additivity="true", level="WARN", name="org.eclipse.jetty", includeLocation="null", ={}, ={}, Configuration(HiveLog4j2Test), Filter=null)
DEBUG StatusLogger Building Plugin[name=logger, class=org.apache.logging.log4j.core.config.LoggerConfig].
DEBUG StatusLogger createLogger(additivity="true", level="WARN", name="BlockStateChange", includeLocation="null", ={}, ={}, Configuration(HiveLog4j2Test), Filter=null)
DEBUG StatusLogger Building Plugin[name=logger, class=org.apache.logging.log4j.core.config.LoggerConfig].
DEBUG StatusLogger createLogger(additivity="true", level="DEBUG", name="org.apache.hadoop.hive.ql.optimizer.SharedWorkOptimizer", includeLocation="null", ={}, ={}, Configuration(HiveLog4j2Test), Filter=null)
DEBUG StatusLogger Building Plugin[name=AppenderRef, class=org.apache.logging.log4j.core.config.AppenderRef].
DEBUG StatusLogger createAppenderRef(ref="DRFA", level="null", Filter=null)
DEBUG StatusLogger Building Plugin[name=AppenderRef, class=org.apache.logging.log4j.core.config.AppenderRef].
DEBUG StatusLogger createAppenderRef(ref="console", level="INFO", Filter=null)
DEBUG StatusLogger Building Plugin[name=root, class=org.apache.logging.log4j.core.config.LoggerConfig$RootLogger].
DEBUG StatusLogger createLogger(additivity="null", level="DEBUG", includeLocation="null", ={DRFA, console}, ={}, Configuration(HiveLog4j2Test), Filter=null)
DEBUG StatusLogger Building Plugin[name=loggers, class=org.apache.logging.log4j.core.config.LoggersPlugin].
DEBUG StatusLogger createLoggers(={org.apache.hadoop.ipc, org.apache.hadoop.security, org.apache.hadoop.hdfs, org.apache.hadoop.hdfs.server, org.apache.hadoop.metrics2, org.mortbay, org.apache.hadoop.yarn, org.apache.hadoop.yarn.server, org.apache.tez, org.apache.hadoop.conf.Configuration, org.apache.zookeeper, org.apache.zookeeper.server.ServerCnxn, org.apache.zookeeper.server.NIOServerCnxn, org.apache.zookeeper.ClientCnxn, org.apache.zookeeper.ClientCnxnSocket, org.apache.zookeeper.ClientCnxnSocketNIO, DataNucleus, Datastore, JPOX, org.apache.hadoop.hive.ql.exec.Operator, org.apache.hadoop.hive.serde2.lazy, org.apache.hadoop.hive.metastore.ObjectStore, org.apache.calcite.plan.RelOptPlanner, com.amazonaws, org.apache.http, org.apache.thrift, org.eclipse.jetty, BlockStateChange, org.apache.hadoop.hive.ql.optimizer.SharedWorkOptimizer, root})
DEBUG StatusLogger Building Plugin[name=layout, class=org.apache.logging.log4j.core.layout.PatternLayout].
DEBUG StatusLogger PatternLayout$Builder(noConsoleNoAnsi="null", alwaysWriteExceptions="null", Replace=null, header="null", pattern="%d{ISO8601} %5p [%t] %c{2}: %m%n", footer="null", Configuration(HiveLog4j2Test), charset="null", PatternSelector=null, disableAnsi="null")
DEBUG StatusLogger PluginManager 'Converter' found 46 plugins
DEBUG StatusLogger Building Plugin[name=appender, class=org.apache.logging.log4j.core.appender.ConsoleAppender].
DEBUG StatusLogger ConsoleAppender$Builder(direct="null", follow="null", target="SYSTEM_ERR", bufferSize="null", immediateFlush="null", bufferedIo="null", ignoreExceptions="null", PatternLayout(%d{ISO8601} %5p [%t] %c{2}: %m%n), name="console", Configuration(HiveLog4j2Test), Filter=null, ={})
DEBUG StatusLogger Starting OutputStreamManager SYSTEM_ERR.false.false
DEBUG StatusLogger Building Plugin[name=layout, class=org.apache.logging.log4j.core.layout.PatternLayout].
DEBUG StatusLogger PatternLayout$Builder(pattern="%d{ISO8601} %5p [%t] %c{2}: %m%n", header="null", Configuration(HiveLog4j2Test), PatternSelector=null, noConsoleNoAnsi="null", disableAnsi="null", alwaysWriteExceptions="null", footer="null", charset="null", Replace=null)
DEBUG StatusLogger Building Plugin[name=TimeBasedTriggeringPolicy, class=org.apache.logging.log4j.core.appender.rolling.TimeBasedTriggeringPolicy].
DEBUG StatusLogger TimeBasedTriggeringPolicy$Builder(maxRandomDelay="null", interval="1", modulate="true")
DEBUG StatusLogger Building Plugin[name=Policies, class=org.apache.logging.log4j.core.appender.rolling.CompositeTriggeringPolicy].
DEBUG StatusLogger createPolicy(={TimeBasedTriggeringPolicy(nextRolloverMillis=0, interval=1, modulate=true)})
DEBUG StatusLogger Building Plugin[name=DefaultRolloverStrategy, class=org.apache.logging.log4j.core.appender.rolling.DefaultRolloverStrategy].
DEBUG StatusLogger DefaultRolloverStrategy$Builder(Configuration(HiveLog4j2Test), stopCustomActionsOnError="null", compressionLevel="null", ={}, min="null", tempCompressedFilePattern="null", fileIndex="null", max="30")
DEBUG StatusLogger Building Plugin[name=appender, class=org.apache.logging.log4j.core.appender.RollingRandomAccessFileAppender].
DEBUG StatusLogger RollingRandomAccessFileAppender$Builder(fileName="/home/alex/Repositories/hive/ql/target/tmp/log/hive.log", append="null", advertise="null", filePermissions="null", DefaultRolloverStrategy(DefaultRolloverStrategy(min=1, max=30, useMax=true)), fileOwner="null", fileGroup="null", filePattern="/home/alex/Repositories/hive/ql/target/tmp/log/hive.log.%d{yyyy-MM-dd}", Policies(CompositeTriggeringPolicy(policies=[TimeBasedTriggeringPolicy(nextRolloverMillis=0, interval=1, modulate=true)])), advertiseURI="null", bufferedIo="null", bufferSize="null", immediateFlush="null", PatternLayout(%d{ISO8601} %5p [%t] %c{2}: %m%n), ignoreExceptions="null", name="DRFA", Configuration(HiveLog4j2Test), Filter=null, ={})
TRACE StatusLogger RandomAccessFile /home/alex/Repositories/hive/ql/target/tmp/log/hive.log seek to 2014988005
DEBUG StatusLogger Starting RollingRandomAccessFileManager /home/alex/Repositories/hive/ql/target/tmp/log/hive.log
DEBUG StatusLogger PluginManager 'FileConverter' found 3 plugins
DEBUG StatusLogger Setting prev file time to 2024-04-23T20:45:54.626-0700
DEBUG StatusLogger Initializing triggering policy CompositeTriggeringPolicy(policies=[TimeBasedTriggeringPolicy(nextRolloverMillis=0, interval=1, modulate=true)])
DEBUG StatusLogger Initializing triggering policy TimeBasedTriggeringPolicy(nextRolloverMillis=0, interval=1, modulate=true)
TRACE StatusLogger PatternProcessor.getNextTime returning 2024/04/24-00:00:00.000, nextFileTime=2024/04/23-00:00:00.000, prevFileTime=1969/12/31-16:00:00.000, current=2024/04/23-20:45:56.284, freq=DAILY
TRACE StatusLogger PatternProcessor.getNextTime returning 2024/04/24-00:00:00.000, nextFileTime=2024/04/23-00:00:00.000, prevFileTime=2024/04/23-00:00:00.000, current=2024/04/23-20:45:56.285, freq=DAILY
DEBUG StatusLogger Building Plugin[name=appenders, class=org.apache.logging.log4j.core.config.AppendersPlugin].
DEBUG StatusLogger createAppenders(={console, DRFA})
DEBUG StatusLogger Configuration org.apache.logging.log4j.core.config.properties.PropertiesConfiguration@475c9c31 initialized
DEBUG StatusLogger Starting configuration org.apache.logging.log4j.core.config.properties.PropertiesConfiguration@475c9c31
DEBUG StatusLogger Started configuration org.apache.logging.log4j.core.config.properties.PropertiesConfiguration@475c9c31 OK.
TRACE StatusLogger Stopping org.apache.logging.log4j.core.config.DefaultConfiguration@57250572...
TRACE StatusLogger DefaultConfiguration notified 1 ReliabilityStrategies that config will be stopped.
TRACE StatusLogger DefaultConfiguration stopping root LoggerConfig.
TRACE StatusLogger DefaultConfiguration notifying ReliabilityStrategies that appenders will be stopped.
TRACE StatusLogger DefaultConfiguration stopping remaining Appenders.
DEBUG StatusLogger Shutting down OutputStreamManager SYSTEM_OUT.false.false-1
DEBUG StatusLogger OutputStream closed
DEBUG StatusLogger Shut down OutputStreamManager SYSTEM_OUT.false.false-1, all resources released: true
DEBUG StatusLogger Appender DefaultConsole-1 stopped with status true
TRACE StatusLogger DefaultConfiguration stopped 1 remaining Appenders.
TRACE StatusLogger DefaultConfiguration cleaning Appenders from 1 LoggerConfigs.
DEBUG StatusLogger Stopped org.apache.logging.log4j.core.config.DefaultConfiguration@57250572 OK
TRACE StatusLogger Reregistering MBeans after reconfigure. Selector=org.apache.logging.log4j.core.selector.ClassLoaderContextSelector@3d9f6567
TRACE StatusLogger Reregistering context (1/1): '330bedb4' org.apache.logging.log4j.core.LoggerContext@1972e513
TRACE StatusLogger Unregistering but no MBeans found matching 'org.apache.logging.log4j2:type=330bedb4'
TRACE StatusLogger Unregistering but no MBeans found matching 'org.apache.logging.log4j2:type=330bedb4,component=StatusLogger'
TRACE StatusLogger Unregistering but no MBeans found matching 'org.apache.logging.log4j2:type=330bedb4,component=ContextSelector'
TRACE StatusLogger Unregistering but no MBeans found matching 'org.apache.logging.log4j2:type=330bedb4,component=Loggers,name=*'
TRACE StatusLogger Unregistering but no MBeans found matching 'org.apache.logging.log4j2:type=330bedb4,component=Appenders,name=*'
TRACE StatusLogger Unregistering but no MBeans found matching 'org.apache.logging.log4j2:type=330bedb4,component=AsyncAppenders,name=*'
TRACE StatusLogger Unregistering but no MBeans found matching 'org.apache.logging.log4j2:type=330bedb4,component=AsyncLoggerRingBuffer'
TRACE StatusLogger Unregistering but no MBeans found matching 'org.apache.logging.log4j2:type=330bedb4,component=Loggers,name=*,subtype=RingBuffer'
DEBUG StatusLogger Registering MBean org.apache.logging.log4j2:type=330bedb4
DEBUG StatusLogger Registering MBean org.apache.logging.log4j2:type=330bedb4,component=StatusLogger
DEBUG StatusLogger Registering MBean org.apache.logging.log4j2:type=330bedb4,component=ContextSelector
DEBUG StatusLogger Registering MBean org.apache.logging.log4j2:type=330bedb4,component=Loggers,name=org.apache.zookeeper
DEBUG StatusLogger Registering MBean org.apache.logging.log4j2:type=330bedb4,component=Loggers,name=org.mortbay
DEBUG StatusLogger Registering MBean org.apache.logging.log4j2:type=330bedb4,component=Loggers,name=com.amazonaws
DEBUG StatusLogger Registering MBean org.apache.logging.log4j2:type=330bedb4,component=Loggers,name=org.apache.thrift
DEBUG StatusLogger Registering MBean org.apache.logging.log4j2:type=330bedb4,component=Loggers,name=org.apache.zookeeper.ClientCnxnSocket
DEBUG StatusLogger Registering MBean org.apache.logging.log4j2:type=330bedb4,component=Loggers,name=org.apache.http
DEBUG StatusLogger Registering MBean org.apache.logging.log4j2:type=330bedb4,component=Loggers,name=org.apache.hadoop.conf.Configuration
DEBUG StatusLogger Registering MBean org.apache.logging.log4j2:type=330bedb4,component=Loggers,name=org.apache.zookeeper.server.NIOServerCnxn
DEBUG StatusLogger Registering MBean org.apache.logging.log4j2:type=330bedb4,component=Loggers,name=DataNucleus
DEBUG StatusLogger Registering MBean org.apache.logging.log4j2:type=330bedb4,component=Loggers,name=org.apache.hadoop.hive.ql.optimizer.SharedWorkOptimizer
DEBUG StatusLogger Registering MBean org.apache.logging.log4j2:type=330bedb4,component=Loggers,name=org.apache.zookeeper.server.ServerCnxn
DEBUG StatusLogger Registering MBean org.apache.logging.log4j2:type=330bedb4,component=Loggers,name=org.apache.tez
DEBUG StatusLogger Registering MBean org.apache.logging.log4j2:type=330bedb4,component=Loggers,name=org.apache.calcite.plan.RelOptPlanner
DEBUG StatusLogger Registering MBean org.apache.logging.log4j2:type=330bedb4,component=Loggers,name=org.apache.hadoop.hdfs
DEBUG StatusLogger Registering MBean org.apache.logging.log4j2:type=330bedb4,component=Loggers,name=org.apache.hadoop.metrics2
DEBUG StatusLogger Registering MBean org.apache.logging.log4j2:type=330bedb4,component=Loggers,name=org.apache.zookeeper.ClientCnxn
DEBUG StatusLogger Registering MBean org.apache.logging.log4j2:type=330bedb4,component=Loggers,name=org.apache.hadoop.hdfs.server
DEBUG StatusLogger Registering MBean org.apache.logging.log4j2:type=330bedb4,component=Loggers,name=org.apache.hadoop.hive.serde2.lazy
DEBUG StatusLogger Registering MBean org.apache.logging.log4j2:type=330bedb4,component=Loggers,name=org.apache.hadoop.yarn
DEBUG StatusLogger Registering MBean org.apache.logging.log4j2:type=330bedb4,component=Loggers,name=org.apache.zookeeper.ClientCnxnSocketNIO
DEBUG StatusLogger Registering MBean org.apache.logging.log4j2:type=330bedb4,component=Loggers,name=org.apache.hadoop.security
DEBUG StatusLogger Registering MBean org.apache.logging.log4j2:type=330bedb4,component=Loggers,name=JPOX
DEBUG StatusLogger Registering MBean org.apache.logging.log4j2:type=330bedb4,component=Loggers,name=org.apache.hadoop.ipc
DEBUG StatusLogger Registering MBean org.apache.logging.log4j2:type=330bedb4,component=Loggers,name=org.apache.hadoop.yarn.server
DEBUG StatusLogger Registering MBean org.apache.logging.log4j2:type=330bedb4,component=Loggers,name=
DEBUG StatusLogger Registering MBean org.apache.logging.log4j2:type=330bedb4,component=Loggers,name=org.apache.hadoop.hive.ql.exec.Operator
DEBUG StatusLogger Registering MBean org.apache.logging.log4j2:type=330bedb4,component=Loggers,name=org.eclipse.jetty
DEBUG StatusLogger Registering MBean org.apache.logging.log4j2:type=330bedb4,component=Loggers,name=BlockStateChange
DEBUG StatusLogger Registering MBean org.apache.logging.log4j2:type=330bedb4,component=Loggers,name=Datastore
DEBUG StatusLogger Registering MBean org.apache.logging.log4j2:type=330bedb4,component=Loggers,name=org.apache.hadoop.hive.metastore.ObjectStore
DEBUG StatusLogger Registering MBean org.apache.logging.log4j2:type=330bedb4,component=Appenders,name=console
DEBUG StatusLogger Registering MBean org.apache.logging.log4j2:type=330bedb4,component=Appenders,name=DRFA
TRACE StatusLogger Using default SystemClock for timestamps.
DEBUG StatusLogger org.apache.logging.log4j.core.util.SystemClock does not support precise timestamps.
TRACE StatusLogger Using DummyNanoClock for nanosecond timestamps.
DEBUG StatusLogger Reconfiguration complete for context[name=330bedb4] at URI /home/alex/Repositories/hive/ql/target/testconf/hive-log4j2.properties (org.apache.logging.log4j.core.LoggerContext@1972e513) with optional ClassLoader: null
DEBUG StatusLogger Shutdown hook enabled. Registering a new one.
DEBUG StatusLogger LoggerContext[name=330bedb4, org.apache.logging.log4j.core.LoggerContext@1972e513] started OK.
2024-04-23T20:45:56,390  INFO [main] conf.HiveConf: Found configuration file file:/home/alex/Repositories/hive/ql/target/testconf/hive-site.xml
DEBUG StatusLogger AsyncLogger.ThreadNameStrategy=UNCACHED (user specified null, default is UNCACHED)
TRACE StatusLogger Using default SystemClock for timestamps.
DEBUG StatusLogger org.apache.logging.log4j.core.util.SystemClock does not support precise timestamps.
2024-04-23T20:45:56,796  WARN [main] util.NativeCodeLoader: Unable to load native-hadoop library for your platform... using builtin-java classes where applicable
2024-04-23T20:45:56,859  WARN [main] conf.HiveConf: HiveConf of name hive.dummyparam.test.server.specific.config.hivesite does not exist
2024-04-23T20:45:56,860  WARN [main] conf.HiveConf: HiveConf of name hive.metastore.metadb.dir does not exist
2024-04-23T20:45:56,860  WARN [main] conf.HiveConf: HiveConf of name hive.llap.io.cache.orc.alloc.min does not exist
2024-04-23T20:45:56,861  WARN [main] conf.HiveConf: HiveConf of name hive.llap.io.cache.orc.arena.size does not exist
2024-04-23T20:45:56,861  WARN [main] conf.HiveConf: HiveConf of name hive.stats.key.prefix.reserve.length does not exist
2024-04-23T20:45:56,861  WARN [main] conf.HiveConf: HiveConf of name hive.dummyparam.test.server.specific.config.metastoresite does not exist
2024-04-23T20:45:56,861  WARN [main] conf.HiveConf: HiveConf of name hive.dummyparam.test.server.specific.config.override does not exist
2024-04-23T20:45:56,862  WARN [main] conf.HiveConf: HiveConf of name hive.llap.io.cache.orc.size does not exist
2024-04-23T20:45:56,862  WARN [main] conf.HiveConf: HiveConf of name hive.metastore.client.cache.recordStats does not exist
2024-04-23T20:45:56,862  WARN [main] conf.HiveConf: HiveConf of name hive.metastore.client.cache.maxSize does not exist
2024-04-23T20:45:56,862  WARN [main] conf.HiveConf: HiveConf of name hive.llap.io.cache.orc.alloc.max does not exist
2024-04-23T20:45:56,947  WARN [main] hikari.HikariConfig: HikariPool-1 - leakDetectionThreshold is less than 2000ms or more than maxLifetime, disabling it.
2024-04-23T20:45:56,953  INFO [main] hikari.HikariDataSource: HikariPool-1 - Starting...
2024-04-23T20:45:57,625  INFO [main] pool.PoolBase: HikariPool-1 - Driver does not support get/set network timeout for connections. (Feature not implemented: No details.)
2024-04-23T20:45:57,628  INFO [main] hikari.HikariDataSource: HikariPool-1 - Start completed.
2024-04-23T20:45:57,630  WARN [main] hikari.HikariConfig: HikariPool-2 - leakDetectionThreshold is less than 2000ms or more than maxLifetime, disabling it.
2024-04-23T20:45:57,634  INFO [main] hikari.HikariDataSource: HikariPool-2 - Starting...
2024-04-23T20:45:57,637  INFO [main] pool.PoolBase: HikariPool-2 - Driver does not support get/set network timeout for connections. (Feature not implemented: No details.)
2024-04-23T20:45:57,638  INFO [main] hikari.HikariDataSource: HikariPool-2 - Start completed.
2024-04-23T20:45:57,801  INFO [main] utils.TestTxnDbUtil: Creating transactional tables
2024-04-23T20:45:57,809  INFO [main] utils.TestTxnDbUtil: Reinitializing the metastore db with hive-schema-4.0.0.derby.sql on the database jdbc:derby:memory:/home/alex/Repositories/hive/ql/target/tmp/junit_metastore_db;create=true
Hive Session ID = 4002c27b-293e-4787-8d91-c1d5d195e21e
2024-04-23T20:45:58,704  INFO [main] SessionState: Hive Session ID = 4002c27b-293e-4787-8d91-c1d5d195e21e
ivysettings.xml file not found in HIVE_HOME or HIVE_CONF_DIR,/home/alex/Repositories/hive/conf/ivysettings.xml will be used
2024-04-23T20:45:58,715  INFO [main] DependencyResolver: ivysettings.xml file not found in HIVE_HOME or HIVE_CONF_DIR,/home/alex/Repositories/hive/conf/ivysettings.xml will be used
log4j:WARN No appenders could be found for logger (org.apache.htrace.core.Tracer).
log4j:WARN Please initialize the log4j system properly.
log4j:WARN See http://logging.apache.org/log4j/1.2/faq.html#noconfig for more info.
2024-04-23T20:45:59,076  INFO [main] session.SessionState: Created HDFS directory: /home/alex/Repositories/hive/ql/target/tmp/scratchdir/alex/4002c27b-293e-4787-8d91-c1d5d195e21e
2024-04-23T20:45:59,079  INFO [main] session.SessionState: Created local directory: /home/alex/Repositories/hive/ql/target/tmp/localscratchdir/4002c27b-293e-4787-8d91-c1d5d195e21e
2024-04-23T20:45:59,083  INFO [main] session.SessionState: Created HDFS directory: /home/alex/Repositories/hive/ql/target/tmp/scratchdir/alex/4002c27b-293e-4787-8d91-c1d5d195e21e/_tmp_space.db
2024-04-23T20:45:59,106  INFO [main] sqlstd.SQLStdHiveAccessController: Created SQLStdHiveAccessController for session context : HiveAuthzSessionContext [sessionString=4002c27b-293e-4787-8d91-c1d5d195e21e, clientType=HIVECLI]
2024-04-23T20:45:59,143  INFO [main] metastore.HiveMetaStoreClient: HMS client filtering is enabled.
2024-04-23T20:45:59,285  INFO [main] metastore.HMSHandler: 0: Opening raw store with implementation class:org.apache.hadoop.hive.metastore.ObjectStore
2024-04-23T20:45:59,317  INFO [main] metastore.PersistenceManagerProvider: Configuration datanucleus.autoStartMechanismMode is not set. Defaulting to 'ignored'
2024-04-23T20:45:59,321  INFO [main] metastore.PersistenceManagerProvider: Updating the pmf due to property change
2024-04-23T20:45:59,321  INFO [main] metastore.PersistenceManagerProvider: Current pmf properties are uninitialized
2024-04-23T20:45:59,324  WARN [main] hikari.HikariConfig: HikariPool-3 - leakDetectionThreshold is less than 2000ms or more than maxLifetime, disabling it.
2024-04-23T20:45:59,328  INFO [main] hikari.HikariDataSource: HikariPool-3 - Starting...
2024-04-23T20:45:59,330  INFO [main] pool.PoolBase: HikariPool-3 - Driver does not support get/set network timeout for connections. (Feature not implemented: No details.)
2024-04-23T20:45:59,331  INFO [main] hikari.HikariDataSource: HikariPool-3 - Start completed.
2024-04-23T20:45:59,752  INFO [main] metastore.PersistenceManagerProvider: Setting MetaStore object pin classes with hive.metastore.cache.pinobjtypes="Table,StorageDescriptor,SerDeInfo,Partition,Database,Type,FieldSchema,Order"
2024-04-23T20:45:59,752  INFO [main] metastore.ObjectStore: RawStore: org.apache.hadoop.hive.metastore.ObjectStore@33379242, with PersistenceManager: null will be shutdown
2024-04-23T20:45:59,780  INFO [main] metastore.ObjectStore: RawStore: org.apache.hadoop.hive.metastore.ObjectStore@33379242, with PersistenceManager: org.datanucleus.api.jdo.JDOPersistenceManager@53b1a3f8 created in the thread with id: 1
2024-04-23T20:46:01,843  INFO [main] metastore.HMSHandler: Created RawStore: org.apache.hadoop.hive.metastore.ObjectStore@33379242 from thread id: 1
2024-04-23T20:46:01,859  INFO [main] metastore.HMSHandler: Setting location of default catalog, as it hasn't been done after upgrade
2024-04-23T20:46:01,888  INFO [main] metastore.HMSHandler: Started creating a default database with name: default
2024-04-23T20:46:01,934  INFO [main] metastore.HMSHandler: Successfully created a default database with name: default
2024-04-23T20:46:01,954  INFO [main] metastore.HMSHandler: Added admin role in metastore
2024-04-23T20:46:01,958  INFO [main] metastore.HMSHandler: Added public role in metastore
2024-04-23T20:46:02,046  INFO [main] metastore.HMSHandler: Added hive_admin_user to admin role
2024-04-23T20:46:02,053  INFO [main] metastore.HMSHandler: Scheduling for org.apache.hadoop.hive.metastore.HiveProtoEventsCleanerTask service with frequency 86400000ms.
2024-04-23T20:46:02,058  INFO [main] metastore.HMSHandler: Scheduling for org.apache.hadoop.hive.metastore.metrics.AcidMetricService service with frequency 300000ms.
2024-04-23T20:46:02,060  INFO [main] metastore.HMSHandler: Scheduling for org.apache.hadoop.hive.metastore.RuntimeStatsCleanerTask service with frequency 3600000ms.
2024-04-23T20:46:02,061  INFO [main] metastore.HMSHandler: Scheduling for org.apache.hadoop.hive.metastore.ReplicationMetricsMaintTask service with frequency 86400000ms.
2024-04-23T20:46:02,062  INFO [main] metastore.HMSHandler: Scheduling for org.apache.hadoop.hive.metastore.events.EventCleanerTask service with frequency 0ms.
2024-04-23T20:46:02,063  INFO [main] metastore.HMSHandler: Scheduling for org.apache.hadoop.hive.metastore.ScheduledQueryExecutionsMaintTask service with frequency 60000ms.
2024-04-23T20:46:02,066  INFO [main] metastore.HMSHandler: HMS server filtering is disabled by configuration
2024-04-23T20:46:02,198  INFO [main] metastore.RetryingMetaStoreClient: RetryingMetaStoreClient proxy=class org.apache.hadoop.hive.ql.metadata.SessionHiveMetaStoreClient ugi=alex (auth:SIMPLE) retries=1 delay=1 lifetime=0
2024-04-23T20:46:02,243  INFO [main] ql.TxnCommandsBaseForTests: Running the query: drop table if exists acidTbl
2024-04-23T20:46:02,273  INFO [main] ql.Driver: Compiling command(queryId=alex_20240423204602_ecb613f5-d0c3-4ff5-80e6-30ea0b248ca6): drop table if exists acidTbl
2024-04-23T20:46:03,134  INFO [main] reflections.Reflections: Reflections took 199 ms to scan 2 urls, producing 53 keys and 784 values 
2024-04-23T20:46:03,299  INFO [main] reflections.Reflections: Reflections took 135 ms to scan 2 urls, producing 53 keys and 784 values 
2024-04-23T20:46:03,432  INFO [main] reflections.Reflections: Reflections took 126 ms to scan 2 urls, producing 53 keys and 784 values 
2024-04-23T20:46:03,462  INFO [main] txn.TxnHandler: Added entries to MIN_HISTORY_LEVEL for current txns: ([1]) with min_open_txn: 1
2024-04-23T20:46:03,475  INFO [main] lockmgr.DbTxnManager: Opened txnid:1
2024-04-23T20:46:03,486  INFO [main] HiveMetaStore.audit: ugi=alex	ip=unknown-ip-addr	cmd=get_table : tbl=hive.default.acidTbl	
2024-04-23T20:46:03,637  INFO [main] reflections.Reflections: Reflections took 130 ms to scan 2 urls, producing 53 keys and 784 values 
2024-04-23T20:46:03,673  INFO [main] ql.Driver: Semantic Analysis Completed (retrial = false)
2024-04-23T20:46:03,675  INFO [main] ql.Driver: Created Hive schema: Schema(fieldSchemas:null, properties:null)
2024-04-23T20:46:03,678  INFO [main] metadata.Hive: Dumping metastore api call timing information for : compilation phase
2024-04-23T20:46:03,678  INFO [main] metadata.Hive: Total time spent in each metastore function (ms): {flushCache_()=0, getValidTxns_(long)=8, openTxn_(String, TxnType)=33, isCompatibleWith_(Configuration)=2}
2024-04-23T20:46:03,678  INFO [main] ql.Driver: Completed compiling command(queryId=alex_20240423204602_ecb613f5-d0c3-4ff5-80e6-30ea0b248ca6); Time taken: 1.406 seconds
2024-04-23T20:46:03,681  INFO [main] lockmgr.DbTxnManager: Setting lock request transaction to txnid:1 for queryId=alex_20240423204602_ecb613f5-d0c3-4ff5-80e6-30ea0b248ca6
2024-04-23T20:46:03,681  INFO [main] ql.Driver: Operation DROPTABLE obtained 0 locks
2024-04-23T20:46:03,684  INFO [main] ql.Driver: Executing command(queryId=alex_20240423204602_ecb613f5-d0c3-4ff5-80e6-30ea0b248ca6): drop table if exists acidTbl
2024-04-23T20:46:03,686  INFO [main] ql.Driver: Starting task [Stage-0:DDL] in serial mode
2024-04-23T20:46:03,688  INFO [main] HiveMetaStore.audit: ugi=alex	ip=unknown-ip-addr	cmd=get_table : tbl=hive.default.acidTbl	
2024-04-23T20:46:03,705  INFO [main] metadata.Hive: Dumping metastore api call timing information for : execution phase
2024-04-23T20:46:03,705  INFO [main] metadata.Hive: Total time spent in each metastore function (ms): {isCompatibleWith_(Configuration)=0}
2024-04-23T20:46:03,705  INFO [main] ql.Driver: Completed executing command(queryId=alex_20240423204602_ecb613f5-d0c3-4ff5-80e6-30ea0b248ca6); Time taken: 0.021 seconds
2024-04-23T20:46:03,705  INFO [main] lockmgr.DbTxnManager: Stopped heartbeat for query: alex_20240423204602_ecb613f5-d0c3-4ff5-80e6-30ea0b248ca6
2024-04-23T20:46:03,716  INFO [main] txn.TxnHandler: Expected to move at least one record from txn_components to completed_txn_components when committing txn! txnid:1
2024-04-23T20:46:03,731  INFO [main] txn.TxnHandler: Removed transactions: ([1]) from MIN_HISTORY_LEVEL
2024-04-23T20:46:03,735  WARN [main] txn.CompactionTxnHandler: No compaction queue record found for Compaction type transaction commit. txnId:1
2024-04-23T20:46:03,737  INFO [main] ql.TxnCommandsBaseForTests: Running the query: drop table if exists acidTblPart
2024-04-23T20:46:03,738  INFO [main] ql.Driver: Compiling command(queryId=alex_20240423204603_f78adcd8-b54b-4900-b003-9d8689efb865): drop table if exists acidTblPart
2024-04-23T20:46:03,743  INFO [main] txn.TxnHandler: Added entries to MIN_HISTORY_LEVEL for current txns: ([2]) with min_open_txn: 1
2024-04-23T20:46:03,743  INFO [main] lockmgr.DbTxnManager: Opened txnid:2
2024-04-23T20:46:03,745  INFO [main] HiveMetaStore.audit: ugi=alex	ip=unknown-ip-addr	cmd=get_table : tbl=hive.default.acidTblPart	
2024-04-23T20:46:03,750  INFO [main] ql.Driver: Semantic Analysis Completed (retrial = false)
2024-04-23T20:46:03,750  INFO [main] ql.Driver: Created Hive schema: Schema(fieldSchemas:null, properties:null)
2024-04-23T20:46:03,750  INFO [main] metadata.Hive: Dumping metastore api call timing information for : compilation phase
2024-04-23T20:46:03,751  INFO [main] metadata.Hive: Total time spent in each metastore function (ms): {openTxn_(String, TxnType)=4, commitTxn_(CommitTxnRequest)=30, flushCache_()=0, isCompatibleWith_(Configuration)=0, getValidTxns_(long)=1}
2024-04-23T20:46:03,751  INFO [main] ql.Driver: Completed compiling command(queryId=alex_20240423204603_f78adcd8-b54b-4900-b003-9d8689efb865); Time taken: 0.013 seconds
2024-04-23T20:46:03,751  INFO [main] lockmgr.DbTxnManager: Setting lock request transaction to txnid:2 for queryId=alex_20240423204603_f78adcd8-b54b-4900-b003-9d8689efb865
2024-04-23T20:46:03,751  INFO [main] ql.Driver: Operation DROPTABLE obtained 0 locks
2024-04-23T20:46:03,752  INFO [main] ql.Driver: Executing command(queryId=alex_20240423204603_f78adcd8-b54b-4900-b003-9d8689efb865): drop table if exists acidTblPart
2024-04-23T20:46:03,752  INFO [main] ql.Driver: Starting task [Stage-0:DDL] in serial mode
2024-04-23T20:46:03,752  INFO [main] HiveMetaStore.audit: ugi=alex	ip=unknown-ip-addr	cmd=get_table : tbl=hive.default.acidTblPart	
2024-04-23T20:46:03,757  INFO [main] metadata.Hive: Dumping metastore api call timing information for : execution phase
2024-04-23T20:46:03,757  INFO [main] metadata.Hive: Total time spent in each metastore function (ms): {isCompatibleWith_(Configuration)=0}
2024-04-23T20:46:03,757  INFO [main] ql.Driver: Completed executing command(queryId=alex_20240423204603_f78adcd8-b54b-4900-b003-9d8689efb865); Time taken: 0.005 seconds
2024-04-23T20:46:03,758  INFO [main] lockmgr.DbTxnManager: Stopped heartbeat for query: alex_20240423204603_f78adcd8-b54b-4900-b003-9d8689efb865
2024-04-23T20:46:03,765  INFO [main] txn.TxnHandler: Expected to move at least one record from txn_components to completed_txn_components when committing txn! txnid:2
2024-04-23T20:46:03,774  INFO [main] txn.TxnHandler: Removed transactions: ([2]) from MIN_HISTORY_LEVEL
2024-04-23T20:46:03,775  WARN [main] txn.CompactionTxnHandler: No compaction queue record found for Compaction type transaction commit. txnId:2
2024-04-23T20:46:03,776  INFO [main] ql.TxnCommandsBaseForTests: Running the query: drop table if exists acidTbl2
2024-04-23T20:46:03,777  INFO [main] ql.Driver: Compiling command(queryId=alex_20240423204603_c857417e-fe44-4cac-b47e-c23abd62aa21): drop table if exists acidTbl2
2024-04-23T20:46:03,781  INFO [main] txn.TxnHandler: Added entries to MIN_HISTORY_LEVEL for current txns: ([3]) with min_open_txn: 1
2024-04-23T20:46:03,782  INFO [main] lockmgr.DbTxnManager: Opened txnid:3
2024-04-23T20:46:03,783  INFO [main] HiveMetaStore.audit: ugi=alex	ip=unknown-ip-addr	cmd=get_table : tbl=hive.default.acidTbl2	
2024-04-23T20:46:03,788  INFO [main] ql.Driver: Semantic Analysis Completed (retrial = false)
2024-04-23T20:46:03,788  INFO [main] ql.Driver: Created Hive schema: Schema(fieldSchemas:null, properties:null)
2024-04-23T20:46:03,788  INFO [main] metadata.Hive: Dumping metastore api call timing information for : compilation phase
2024-04-23T20:46:03,789  INFO [main] metadata.Hive: Total time spent in each metastore function (ms): {isCompatibleWith_(Configuration)=0, commitTxn_(CommitTxnRequest)=18, flushCache_()=0, openTxn_(String, TxnType)=4, getValidTxns_(long)=1}
2024-04-23T20:46:03,789  INFO [main] ql.Driver: Completed compiling command(queryId=alex_20240423204603_c857417e-fe44-4cac-b47e-c23abd62aa21); Time taken: 0.011 seconds
2024-04-23T20:46:03,789  INFO [main] lockmgr.DbTxnManager: Setting lock request transaction to txnid:3 for queryId=alex_20240423204603_c857417e-fe44-4cac-b47e-c23abd62aa21
2024-04-23T20:46:03,789  INFO [main] ql.Driver: Operation DROPTABLE obtained 0 locks
2024-04-23T20:46:03,789  INFO [main] ql.Driver: Executing command(queryId=alex_20240423204603_c857417e-fe44-4cac-b47e-c23abd62aa21): drop table if exists acidTbl2
2024-04-23T20:46:03,790  INFO [main] ql.Driver: Starting task [Stage-0:DDL] in serial mode
2024-04-23T20:46:03,790  INFO [main] HiveMetaStore.audit: ugi=alex	ip=unknown-ip-addr	cmd=get_table : tbl=hive.default.acidTbl2	
2024-04-23T20:46:03,795  INFO [main] metadata.Hive: Dumping metastore api call timing information for : execution phase
2024-04-23T20:46:03,795  INFO [main] metadata.Hive: Total time spent in each metastore function (ms): {isCompatibleWith_(Configuration)=0}
2024-04-23T20:46:03,795  INFO [main] ql.Driver: Completed executing command(queryId=alex_20240423204603_c857417e-fe44-4cac-b47e-c23abd62aa21); Time taken: 0.006 seconds
2024-04-23T20:46:03,796  INFO [main] lockmgr.DbTxnManager: Stopped heartbeat for query: alex_20240423204603_c857417e-fe44-4cac-b47e-c23abd62aa21
2024-04-23T20:46:03,804  INFO [main] txn.TxnHandler: Expected to move at least one record from txn_components to completed_txn_components when committing txn! txnid:3
2024-04-23T20:46:03,813  INFO [main] txn.TxnHandler: Removed transactions: ([3]) from MIN_HISTORY_LEVEL
2024-04-23T20:46:03,813  WARN [main] txn.CompactionTxnHandler: No compaction queue record found for Compaction type transaction commit. txnId:3
2024-04-23T20:46:03,814  INFO [main] ql.TxnCommandsBaseForTests: Running the query: drop table if exists nonAcidOrcTbl
2024-04-23T20:46:03,815  INFO [main] ql.Driver: Compiling command(queryId=alex_20240423204603_4679d824-cdf7-4d73-bdd7-34ebb1b72f1a): drop table if exists nonAcidOrcTbl
2024-04-23T20:46:03,819  INFO [main] txn.TxnHandler: Added entries to MIN_HISTORY_LEVEL for current txns: ([4]) with min_open_txn: 1
2024-04-23T20:46:03,820  INFO [main] lockmgr.DbTxnManager: Opened txnid:4
2024-04-23T20:46:03,822  INFO [main] HiveMetaStore.audit: ugi=alex	ip=unknown-ip-addr	cmd=get_table : tbl=hive.default.nonAcidOrcTbl	
2024-04-23T20:46:03,826  INFO [main] ql.Driver: Semantic Analysis Completed (retrial = false)
2024-04-23T20:46:03,826  INFO [main] ql.Driver: Created Hive schema: Schema(fieldSchemas:null, properties:null)
2024-04-23T20:46:03,826  INFO [main] metadata.Hive: Dumping metastore api call timing information for : compilation phase
2024-04-23T20:46:03,827  INFO [main] metadata.Hive: Total time spent in each metastore function (ms): {getValidTxns_(long)=1, openTxn_(String, TxnType)=3, flushCache_()=0, isCompatibleWith_(Configuration)=1, commitTxn_(CommitTxnRequest)=18}
2024-04-23T20:46:03,827  INFO [main] ql.Driver: Completed compiling command(queryId=alex_20240423204603_4679d824-cdf7-4d73-bdd7-34ebb1b72f1a); Time taken: 0.011 seconds
2024-04-23T20:46:03,827  INFO [main] lockmgr.DbTxnManager: Setting lock request transaction to txnid:4 for queryId=alex_20240423204603_4679d824-cdf7-4d73-bdd7-34ebb1b72f1a
2024-04-23T20:46:03,827  INFO [main] ql.Driver: Operation DROPTABLE obtained 0 locks
2024-04-23T20:46:03,827  INFO [main] ql.Driver: Executing command(queryId=alex_20240423204603_4679d824-cdf7-4d73-bdd7-34ebb1b72f1a): drop table if exists nonAcidOrcTbl
2024-04-23T20:46:03,828  INFO [main] ql.Driver: Starting task [Stage-0:DDL] in serial mode
2024-04-23T20:46:03,828  INFO [main] HiveMetaStore.audit: ugi=alex	ip=unknown-ip-addr	cmd=get_table : tbl=hive.default.nonAcidOrcTbl	
2024-04-23T20:46:03,832  INFO [main] metadata.Hive: Dumping metastore api call timing information for : execution phase
2024-04-23T20:46:03,833  INFO [main] metadata.Hive: Total time spent in each metastore function (ms): {isCompatibleWith_(Configuration)=0}
2024-04-23T20:46:03,833  INFO [main] ql.Driver: Completed executing command(queryId=alex_20240423204603_4679d824-cdf7-4d73-bdd7-34ebb1b72f1a); Time taken: 0.005 seconds
2024-04-23T20:46:03,833  INFO [main] lockmgr.DbTxnManager: Stopped heartbeat for query: alex_20240423204603_4679d824-cdf7-4d73-bdd7-34ebb1b72f1a
2024-04-23T20:46:03,842  INFO [main] txn.TxnHandler: Expected to move at least one record from txn_components to completed_txn_components when committing txn! txnid:4
2024-04-23T20:46:03,851  INFO [main] txn.TxnHandler: Removed transactions: ([4]) from MIN_HISTORY_LEVEL
2024-04-23T20:46:03,851  WARN [main] txn.CompactionTxnHandler: No compaction queue record found for Compaction type transaction commit. txnId:4
2024-04-23T20:46:03,852  INFO [main] ql.TxnCommandsBaseForTests: Running the query: drop table if exists nonAcidOrcTbl2
2024-04-23T20:46:03,853  INFO [main] ql.Driver: Compiling command(queryId=alex_20240423204603_44a2d41d-fd14-45bb-8ac8-3275868f2e88): drop table if exists nonAcidOrcTbl2
2024-04-23T20:46:03,857  INFO [main] txn.TxnHandler: Added entries to MIN_HISTORY_LEVEL for current txns: ([5]) with min_open_txn: 1
2024-04-23T20:46:03,857  INFO [main] lockmgr.DbTxnManager: Opened txnid:5
2024-04-23T20:46:03,859  INFO [main] HiveMetaStore.audit: ugi=alex	ip=unknown-ip-addr	cmd=get_table : tbl=hive.default.nonAcidOrcTbl2	
2024-04-23T20:46:03,863  INFO [main] ql.Driver: Semantic Analysis Completed (retrial = false)
2024-04-23T20:46:03,864  INFO [main] ql.Driver: Created Hive schema: Schema(fieldSchemas:null, properties:null)
2024-04-23T20:46:03,864  INFO [main] metadata.Hive: Dumping metastore api call timing information for : compilation phase
2024-04-23T20:46:03,864  INFO [main] metadata.Hive: Total time spent in each metastore function (ms): {openTxn_(String, TxnType)=3, getValidTxns_(long)=1, commitTxn_(CommitTxnRequest)=19, isCompatibleWith_(Configuration)=1, flushCache_()=0}
2024-04-23T20:46:03,864  INFO [main] ql.Driver: Completed compiling command(queryId=alex_20240423204603_44a2d41d-fd14-45bb-8ac8-3275868f2e88); Time taken: 0.011 seconds
2024-04-23T20:46:03,865  INFO [main] lockmgr.DbTxnManager: Setting lock request transaction to txnid:5 for queryId=alex_20240423204603_44a2d41d-fd14-45bb-8ac8-3275868f2e88
2024-04-23T20:46:03,865  INFO [main] ql.Driver: Operation DROPTABLE obtained 0 locks
2024-04-23T20:46:03,865  INFO [main] ql.Driver: Executing command(queryId=alex_20240423204603_44a2d41d-fd14-45bb-8ac8-3275868f2e88): drop table if exists nonAcidOrcTbl2
2024-04-23T20:46:03,865  INFO [main] ql.Driver: Starting task [Stage-0:DDL] in serial mode
2024-04-23T20:46:03,865  INFO [main] HiveMetaStore.audit: ugi=alex	ip=unknown-ip-addr	cmd=get_table : tbl=hive.default.nonAcidOrcTbl2	
2024-04-23T20:46:03,870  INFO [main] metadata.Hive: Dumping metastore api call timing information for : execution phase
2024-04-23T20:46:03,870  INFO [main] metadata.Hive: Total time spent in each metastore function (ms): {isCompatibleWith_(Configuration)=0}
2024-04-23T20:46:03,870  INFO [main] ql.Driver: Completed executing command(queryId=alex_20240423204603_44a2d41d-fd14-45bb-8ac8-3275868f2e88); Time taken: 0.005 seconds
2024-04-23T20:46:03,870  INFO [main] lockmgr.DbTxnManager: Stopped heartbeat for query: alex_20240423204603_44a2d41d-fd14-45bb-8ac8-3275868f2e88
2024-04-23T20:46:03,879  INFO [main] txn.TxnHandler: Expected to move at least one record from txn_components to completed_txn_components when committing txn! txnid:5
2024-04-23T20:46:03,888  INFO [main] txn.TxnHandler: Removed transactions: ([5]) from MIN_HISTORY_LEVEL
2024-04-23T20:46:03,888  WARN [main] txn.CompactionTxnHandler: No compaction queue record found for Compaction type transaction commit. txnId:5
2024-04-23T20:46:03,889  INFO [main] ql.TxnCommandsBaseForTests: Running the query: drop table if exists nonAcidNonBucket
2024-04-23T20:46:03,889  INFO [main] ql.Driver: Compiling command(queryId=alex_20240423204603_5670fe36-4cbc-4b89-be33-325a8cf3f2a8): drop table if exists nonAcidNonBucket
2024-04-23T20:46:03,894  INFO [main] txn.TxnHandler: Added entries to MIN_HISTORY_LEVEL for current txns: ([6]) with min_open_txn: 1
2024-04-23T20:46:03,894  INFO [main] lockmgr.DbTxnManager: Opened txnid:6
2024-04-23T20:46:03,896  INFO [main] HiveMetaStore.audit: ugi=alex	ip=unknown-ip-addr	cmd=get_table : tbl=hive.default.nonAcidNonBucket	
2024-04-23T20:46:03,901  INFO [main] ql.Driver: Semantic Analysis Completed (retrial = false)
2024-04-23T20:46:03,901  INFO [main] ql.Driver: Created Hive schema: Schema(fieldSchemas:null, properties:null)
2024-04-23T20:46:03,901  INFO [main] metadata.Hive: Dumping metastore api call timing information for : compilation phase
2024-04-23T20:46:03,901  INFO [main] metadata.Hive: Total time spent in each metastore function (ms): {flushCache_()=0, commitTxn_(CommitTxnRequest)=18, openTxn_(String, TxnType)=3, getValidTxns_(long)=1, isCompatibleWith_(Configuration)=1}
2024-04-23T20:46:03,901  INFO [main] ql.Driver: Completed compiling command(queryId=alex_20240423204603_5670fe36-4cbc-4b89-be33-325a8cf3f2a8); Time taken: 0.012 seconds
2024-04-23T20:46:03,902  INFO [main] lockmgr.DbTxnManager: Setting lock request transaction to txnid:6 for queryId=alex_20240423204603_5670fe36-4cbc-4b89-be33-325a8cf3f2a8
2024-04-23T20:46:03,902  INFO [main] ql.Driver: Operation DROPTABLE obtained 0 locks
2024-04-23T20:46:03,902  INFO [main] ql.Driver: Executing command(queryId=alex_20240423204603_5670fe36-4cbc-4b89-be33-325a8cf3f2a8): drop table if exists nonAcidNonBucket
2024-04-23T20:46:03,902  INFO [main] ql.Driver: Starting task [Stage-0:DDL] in serial mode
2024-04-23T20:46:03,903  INFO [main] HiveMetaStore.audit: ugi=alex	ip=unknown-ip-addr	cmd=get_table : tbl=hive.default.nonAcidNonBucket	
2024-04-23T20:46:03,907  INFO [main] metadata.Hive: Dumping metastore api call timing information for : execution phase
2024-04-23T20:46:03,908  INFO [main] metadata.Hive: Total time spent in each metastore function (ms): {isCompatibleWith_(Configuration)=0}
2024-04-23T20:46:03,908  INFO [main] ql.Driver: Completed executing command(queryId=alex_20240423204603_5670fe36-4cbc-4b89-be33-325a8cf3f2a8); Time taken: 0.005 seconds
2024-04-23T20:46:03,908  INFO [main] lockmgr.DbTxnManager: Stopped heartbeat for query: alex_20240423204603_5670fe36-4cbc-4b89-be33-325a8cf3f2a8
2024-04-23T20:46:03,916  INFO [main] txn.TxnHandler: Expected to move at least one record from txn_components to completed_txn_components when committing txn! txnid:6
2024-04-23T20:46:03,925  INFO [main] txn.TxnHandler: Removed transactions: ([6]) from MIN_HISTORY_LEVEL
2024-04-23T20:46:03,926  WARN [main] txn.CompactionTxnHandler: No compaction queue record found for Compaction type transaction commit. txnId:6
2024-04-23T20:46:03,926  INFO [main] ql.TxnCommandsBaseForTests: Running the query: create table acidTbl(a int, b int) clustered by (a) into 2 buckets stored as orc TBLPROPERTIES ('transactional'='true')
2024-04-23T20:46:03,927  INFO [main] ql.Driver: Compiling command(queryId=alex_20240423204603_84f0d403-ebcb-476e-a213-f358467e9b81): create table acidTbl(a int, b int) clustered by (a) into 2 buckets stored as orc TBLPROPERTIES ('transactional'='true')
2024-04-23T20:46:04,002  INFO [main] txn.TxnHandler: Added entries to MIN_HISTORY_LEVEL for current txns: ([7]) with min_open_txn: 1
2024-04-23T20:46:04,002  INFO [main] lockmgr.DbTxnManager: Opened txnid:7
2024-04-23T20:46:04,004  INFO [main] parse.CalcitePlanner: Starting caching scope for: 
2024-04-23T20:46:04,006  INFO [main] parse.CalcitePlanner: Starting Semantic Analysis
2024-04-23T20:46:04,023  INFO [main] parse.CalcitePlanner: Creating table default.acidTbl position=13
2024-04-23T20:46:04,064  INFO [main] HiveMetaStore.audit: ugi=alex	ip=unknown-ip-addr	cmd=get_database: default	
2024-04-23T20:46:04,075  INFO [main] parse.CalcitePlanner: Ending caching scope for: 
2024-04-23T20:46:04,075  INFO [main] ql.Driver: Semantic Analysis Completed (retrial = false)
2024-04-23T20:46:04,075  INFO [main] ql.Driver: Created Hive schema: Schema(fieldSchemas:null, properties:null)
2024-04-23T20:46:04,075  INFO [main] metadata.Hive: Dumping metastore api call timing information for : compilation phase
2024-04-23T20:46:04,076  INFO [main] metadata.Hive: Total time spent in each metastore function (ms): {isCompatibleWith_(Configuration)=0, commitTxn_(CommitTxnRequest)=18, getDatabase_(String)=4, getValidWriteIds_(List, String)=11, flushCache_()=0, openTxn_(String, TxnType)=4, getValidTxns_(long)=1}
2024-04-23T20:46:04,076  INFO [main] ql.Driver: Completed compiling command(queryId=alex_20240423204603_84f0d403-ebcb-476e-a213-f358467e9b81); Time taken: 0.148 seconds
2024-04-23T20:46:04,076  INFO [main] lockmgr.DbTxnManager: Setting lock request transaction to txnid:7 for queryId=alex_20240423204603_84f0d403-ebcb-476e-a213-f358467e9b81
2024-04-23T20:46:04,083  INFO [main] lockmgr.DbLockManager: Requesting lock for queryId=alex_20240423204603_84f0d403-ebcb-476e-a213-f358467e9b81
2024-04-23T20:46:04,132  INFO [main] lockmgr.DbLockManager: Response to queryId=alex_20240423204603_84f0d403-ebcb-476e-a213-f358467e9b81 LockResponse(lockid:1, state:ACQUIRED)
2024-04-23T20:46:04,132  INFO [main] ql.Driver: Operation CREATETABLE obtained 1 locks
2024-04-23T20:46:04,135  INFO [main] ql.Driver: Executing command(queryId=alex_20240423204603_84f0d403-ebcb-476e-a213-f358467e9b81): create table acidTbl(a int, b int) clustered by (a) into 2 buckets stored as orc TBLPROPERTIES ('transactional'='true')
2024-04-23T20:46:04,135  INFO [main] ql.Driver: Starting task [Stage-0:DDL] in serial mode
2024-04-23T20:46:04,272  INFO [main] HiveMetaStore.audit: ugi=alex	ip=unknown-ip-addr	cmd=create_table_req: Table(tableName:acidTbl, dbName:default, owner:alex, createTime:1713930364, lastAccessTime:0, retention:0, sd:StorageDescriptor(cols:[FieldSchema(name:a, type:int, comment:null), FieldSchema(name:b, type:int, comment:null)], location:null, inputFormat:org.apache.hadoop.hive.ql.io.orc.OrcInputFormat, outputFormat:org.apache.hadoop.hive.ql.io.orc.OrcOutputFormat, compressed:false, numBuckets:2, serdeInfo:SerDeInfo(name:null, serializationLib:org.apache.hadoop.hive.ql.io.orc.OrcSerde, parameters:{serialization.format=1}), bucketCols:[a], sortCols:[], parameters:{}, skewedInfo:SkewedInfo(skewedColNames:[], skewedColValues:[], skewedColValueLocationMaps:{}), storedAsSubDirectories:false), partitionKeys:[], parameters:{rawDataSize=0, bucketing_version=2, COLUMN_STATS_ACCURATE={"BASIC_STATS":"true","COLUMN_STATS":{"a":"true","b":"true"}}, transactional=true, numRows=0, totalSize=0, numFilesErasureCoded=0, numFiles=0}, viewOriginalText:null, viewExpandedText:null, tableType:MANAGED_TABLE, privileges:PrincipalPrivilegeSet(userPrivileges:{alex=[PrivilegeGrantInfo(privilege:INSERT, createTime:-1, grantor:alex, grantorType:USER, grantOption:true), PrivilegeGrantInfo(privilege:SELECT, createTime:-1, grantor:alex, grantorType:USER, grantOption:true), PrivilegeGrantInfo(privilege:UPDATE, createTime:-1, grantor:alex, grantorType:USER, grantOption:true), PrivilegeGrantInfo(privilege:DELETE, createTime:-1, grantor:alex, grantorType:USER, grantOption:true)]}, groupPrivileges:null, rolePrivileges:null), temporary:false, catName:hive, ownerType:USER, writeId:0)	
2024-04-23T20:46:04,283  INFO [main] utils.FileUtils: Creating directory if it doesn't exist: file:/home/alex/Repositories/hive/ql/target/tmp/org.apache.hadoop.hive.ql.TestTxnCommands3-1713930356371/warehouse/acidtbl
2024-04-23T20:46:04,399  INFO [main] metadata.Hive: Dumping metastore api call timing information for : execution phase
2024-04-23T20:46:04,399  INFO [main] metadata.Hive: Total time spent in each metastore function (ms): {isCompatibleWith_(Configuration)=0, createTable_(Table)=128}
2024-04-23T20:46:04,400  INFO [main] ql.Driver: Completed executing command(queryId=alex_20240423204603_84f0d403-ebcb-476e-a213-f358467e9b81); Time taken: 0.264 seconds
2024-04-23T20:46:04,400  INFO [main] lockmgr.DbTxnManager: Stopped heartbeat for query: alex_20240423204603_84f0d403-ebcb-476e-a213-f358467e9b81
2024-04-23T20:46:04,406  INFO [main] txn.TxnHandler: Expected to move at least one record from txn_components to completed_txn_components when committing txn! txnid:7
2024-04-23T20:46:04,415  INFO [main] txn.TxnHandler: Removed transactions: ([7]) from MIN_HISTORY_LEVEL
2024-04-23T20:46:04,415  WARN [main] txn.CompactionTxnHandler: No compaction queue record found for Compaction type transaction commit. txnId:7
2024-04-23T20:46:04,416  INFO [main] ql.TxnCommandsBaseForTests: Running the query: create table acidTblPart(a int, b int) partitioned by (p string) clustered by (a) into 2 buckets stored as orc TBLPROPERTIES ('transactional'='true')
2024-04-23T20:46:04,417  INFO [main] ql.Driver: Compiling command(queryId=alex_20240423204604_a689b494-bea5-47d6-8101-7db3a8503b85): create table acidTblPart(a int, b int) partitioned by (p string) clustered by (a) into 2 buckets stored as orc TBLPROPERTIES ('transactional'='true')
2024-04-23T20:46:04,424  INFO [main] txn.TxnHandler: Added entries to MIN_HISTORY_LEVEL for current txns: ([8]) with min_open_txn: 1
2024-04-23T20:46:04,425  INFO [main] lockmgr.DbTxnManager: Opened txnid:8
2024-04-23T20:46:04,426  INFO [main] parse.CalcitePlanner: Starting caching scope for: 
2024-04-23T20:46:04,426  INFO [main] parse.CalcitePlanner: Starting Semantic Analysis
2024-04-23T20:46:04,430  INFO [main] parse.CalcitePlanner: Creating table default.acidTblPart position=13
2024-04-23T20:46:04,430  INFO [main] HiveMetaStore.audit: ugi=alex	ip=unknown-ip-addr	cmd=get_database: default	
2024-04-23T20:46:04,433  INFO [main] parse.CalcitePlanner: Ending caching scope for: 
2024-04-23T20:46:04,433  INFO [main] ql.Driver: Semantic Analysis Completed (retrial = false)
2024-04-23T20:46:04,434  INFO [main] ql.Driver: Created Hive schema: Schema(fieldSchemas:null, properties:null)
2024-04-23T20:46:04,434  INFO [main] metadata.Hive: Dumping metastore api call timing information for : compilation phase
2024-04-23T20:46:04,434  INFO [main] metadata.Hive: Total time spent in each metastore function (ms): {getValidWriteIds_(List, String)=3, isCompatibleWith_(Configuration)=1, flushCache_()=0, getDatabase_(String)=3, commitTxn_(CommitTxnRequest)=16, getValidTxns_(long)=1, openTxn_(String, TxnType)=4}
2024-04-23T20:46:04,434  INFO [main] ql.Driver: Completed compiling command(queryId=alex_20240423204604_a689b494-bea5-47d6-8101-7db3a8503b85); Time taken: 0.017 seconds
2024-04-23T20:46:04,435  INFO [main] lockmgr.DbTxnManager: Setting lock request transaction to txnid:8 for queryId=alex_20240423204604_a689b494-bea5-47d6-8101-7db3a8503b85
2024-04-23T20:46:04,435  INFO [main] lockmgr.DbLockManager: Requesting lock for queryId=alex_20240423204604_a689b494-bea5-47d6-8101-7db3a8503b85
2024-04-23T20:46:04,461  INFO [main] lockmgr.DbLockManager: Response to queryId=alex_20240423204604_a689b494-bea5-47d6-8101-7db3a8503b85 LockResponse(lockid:2, state:ACQUIRED)
2024-04-23T20:46:04,461  INFO [main] ql.Driver: Operation CREATETABLE obtained 1 locks
2024-04-23T20:46:04,463  INFO [main] ql.Driver: Executing command(queryId=alex_20240423204604_a689b494-bea5-47d6-8101-7db3a8503b85): create table acidTblPart(a int, b int) partitioned by (p string) clustered by (a) into 2 buckets stored as orc TBLPROPERTIES ('transactional'='true')
2024-04-23T20:46:04,463  INFO [main] ql.Driver: Starting task [Stage-0:DDL] in serial mode
2024-04-23T20:46:04,464  INFO [main] HiveMetaStore.audit: ugi=alex	ip=unknown-ip-addr	cmd=create_table_req: Table(tableName:acidTblPart, dbName:default, owner:alex, createTime:1713930364, lastAccessTime:0, retention:0, sd:StorageDescriptor(cols:[FieldSchema(name:a, type:int, comment:null), FieldSchema(name:b, type:int, comment:null)], location:null, inputFormat:org.apache.hadoop.hive.ql.io.orc.OrcInputFormat, outputFormat:org.apache.hadoop.hive.ql.io.orc.OrcOutputFormat, compressed:false, numBuckets:2, serdeInfo:SerDeInfo(name:null, serializationLib:org.apache.hadoop.hive.ql.io.orc.OrcSerde, parameters:{serialization.format=1}), bucketCols:[a], sortCols:[], parameters:{}, skewedInfo:SkewedInfo(skewedColNames:[], skewedColValues:[], skewedColValueLocationMaps:{}), storedAsSubDirectories:false), partitionKeys:[FieldSchema(name:p, type:string, comment:null)], parameters:{transactional=true, bucketing_version=2}, viewOriginalText:null, viewExpandedText:null, tableType:MANAGED_TABLE, privileges:PrincipalPrivilegeSet(userPrivileges:{alex=[PrivilegeGrantInfo(privilege:INSERT, createTime:-1, grantor:alex, grantorType:USER, grantOption:true), PrivilegeGrantInfo(privilege:SELECT, createTime:-1, grantor:alex, grantorType:USER, grantOption:true), PrivilegeGrantInfo(privilege:UPDATE, createTime:-1, grantor:alex, grantorType:USER, grantOption:true), PrivilegeGrantInfo(privilege:DELETE, createTime:-1, grantor:alex, grantorType:USER, grantOption:true)]}, groupPrivileges:null, rolePrivileges:null), temporary:false, catName:hive, ownerType:USER, writeId:0)	
2024-04-23T20:46:04,473  INFO [main] utils.FileUtils: Creating directory if it doesn't exist: file:/home/alex/Repositories/hive/ql/target/tmp/org.apache.hadoop.hive.ql.TestTxnCommands3-1713930356371/warehouse/acidtblpart
2024-04-23T20:46:04,501  INFO [main] metadata.Hive: Dumping metastore api call timing information for : execution phase
2024-04-23T20:46:04,501  INFO [main] metadata.Hive: Total time spent in each metastore function (ms): {createTable_(Table)=36, isCompatibleWith_(Configuration)=0}
2024-04-23T20:46:04,501  INFO [main] ql.Driver: Completed executing command(queryId=alex_20240423204604_a689b494-bea5-47d6-8101-7db3a8503b85); Time taken: 0.038 seconds
2024-04-23T20:46:04,501  INFO [main] lockmgr.DbTxnManager: Stopped heartbeat for query: alex_20240423204604_a689b494-bea5-47d6-8101-7db3a8503b85
2024-04-23T20:46:04,507  INFO [main] txn.TxnHandler: Expected to move at least one record from txn_components to completed_txn_components when committing txn! txnid:8
2024-04-23T20:46:04,516  INFO [main] txn.TxnHandler: Removed transactions: ([8]) from MIN_HISTORY_LEVEL
2024-04-23T20:46:04,518  WARN [main] txn.CompactionTxnHandler: No compaction queue record found for Compaction type transaction commit. txnId:8
2024-04-23T20:46:04,519  INFO [main] ql.TxnCommandsBaseForTests: Running the query: create table nonAcidOrcTbl(a int, b int) clustered by (a) into 2 buckets stored as orc TBLPROPERTIES ('transactional'='false')
2024-04-23T20:46:04,520  INFO [main] ql.Driver: Compiling command(queryId=alex_20240423204604_b6cd86c7-8a3e-46fb-8ecf-2ab0245655f8): create table nonAcidOrcTbl(a int, b int) clustered by (a) into 2 buckets stored as orc TBLPROPERTIES ('transactional'='false')
2024-04-23T20:46:04,525  INFO [main] txn.TxnHandler: Added entries to MIN_HISTORY_LEVEL for current txns: ([9]) with min_open_txn: 2
2024-04-23T20:46:04,525  INFO [main] lockmgr.DbTxnManager: Opened txnid:9
2024-04-23T20:46:04,527  INFO [main] parse.CalcitePlanner: Starting caching scope for: 
2024-04-23T20:46:04,527  INFO [main] parse.CalcitePlanner: Starting Semantic Analysis
2024-04-23T20:46:04,531  INFO [main] parse.CalcitePlanner: Creating table default.nonAcidOrcTbl position=13
2024-04-23T20:46:04,531  INFO [main] HiveMetaStore.audit: ugi=alex	ip=unknown-ip-addr	cmd=get_database: default	
2024-04-23T20:46:04,535  INFO [main] parse.CalcitePlanner: Ending caching scope for: 
2024-04-23T20:46:04,535  INFO [main] ql.Driver: Semantic Analysis Completed (retrial = false)
2024-04-23T20:46:04,535  INFO [main] ql.Driver: Created Hive schema: Schema(fieldSchemas:null, properties:null)
2024-04-23T20:46:04,535  INFO [main] metadata.Hive: Dumping metastore api call timing information for : compilation phase
2024-04-23T20:46:04,535  INFO [main] metadata.Hive: Total time spent in each metastore function (ms): {getValidWriteIds_(List, String)=4, commitTxn_(CommitTxnRequest)=17, getDatabase_(String)=3, flushCache_()=0, getValidTxns_(long)=1, isCompatibleWith_(Configuration)=2, openTxn_(String, TxnType)=3}
2024-04-23T20:46:04,535  INFO [main] ql.Driver: Completed compiling command(queryId=alex_20240423204604_b6cd86c7-8a3e-46fb-8ecf-2ab0245655f8); Time taken: 0.015 seconds
2024-04-23T20:46:04,536  INFO [main] lockmgr.DbTxnManager: Setting lock request transaction to txnid:9 for queryId=alex_20240423204604_b6cd86c7-8a3e-46fb-8ecf-2ab0245655f8
2024-04-23T20:46:04,536  INFO [main] lockmgr.DbLockManager: Requesting lock for queryId=alex_20240423204604_b6cd86c7-8a3e-46fb-8ecf-2ab0245655f8
2024-04-23T20:46:04,562  INFO [main] lockmgr.DbLockManager: Response to queryId=alex_20240423204604_b6cd86c7-8a3e-46fb-8ecf-2ab0245655f8 LockResponse(lockid:3, state:ACQUIRED)
2024-04-23T20:46:04,563  INFO [main] ql.Driver: Operation CREATETABLE obtained 1 locks
2024-04-23T20:46:04,563  INFO [main] ql.Driver: Executing command(queryId=alex_20240423204604_b6cd86c7-8a3e-46fb-8ecf-2ab0245655f8): create table nonAcidOrcTbl(a int, b int) clustered by (a) into 2 buckets stored as orc TBLPROPERTIES ('transactional'='false')
2024-04-23T20:46:04,563  INFO [main] ql.Driver: Starting task [Stage-0:DDL] in serial mode
2024-04-23T20:46:04,564  INFO [main] HiveMetaStore.audit: ugi=alex	ip=unknown-ip-addr	cmd=create_table_req: Table(tableName:nonAcidOrcTbl, dbName:default, owner:alex, createTime:1713930364, lastAccessTime:0, retention:0, sd:StorageDescriptor(cols:[FieldSchema(name:a, type:int, comment:null), FieldSchema(name:b, type:int, comment:null)], location:null, inputFormat:org.apache.hadoop.hive.ql.io.orc.OrcInputFormat, outputFormat:org.apache.hadoop.hive.ql.io.orc.OrcOutputFormat, compressed:false, numBuckets:2, serdeInfo:SerDeInfo(name:null, serializationLib:org.apache.hadoop.hive.ql.io.orc.OrcSerde, parameters:{serialization.format=1}), bucketCols:[a], sortCols:[], parameters:{}, skewedInfo:SkewedInfo(skewedColNames:[], skewedColValues:[], skewedColValueLocationMaps:{}), storedAsSubDirectories:false), partitionKeys:[], parameters:{numRows=0, rawDataSize=0, numFilesErasureCoded=0, COLUMN_STATS_ACCURATE={"BASIC_STATS":"true","COLUMN_STATS":{"a":"true","b":"true"}}, bucketing_version=2, totalSize=0, transactional=false, numFiles=0}, viewOriginalText:null, viewExpandedText:null, tableType:MANAGED_TABLE, privileges:PrincipalPrivilegeSet(userPrivileges:{alex=[PrivilegeGrantInfo(privilege:INSERT, createTime:-1, grantor:alex, grantorType:USER, grantOption:true), PrivilegeGrantInfo(privilege:SELECT, createTime:-1, grantor:alex, grantorType:USER, grantOption:true), PrivilegeGrantInfo(privilege:UPDATE, createTime:-1, grantor:alex, grantorType:USER, grantOption:true), PrivilegeGrantInfo(privilege:DELETE, createTime:-1, grantor:alex, grantorType:USER, grantOption:true)]}, groupPrivileges:null, rolePrivileges:null), temporary:false, catName:hive, ownerType:USER)	
2024-04-23T20:46:04,574  INFO [main] utils.FileUtils: Creating directory if it doesn't exist: file:/home/alex/Repositories/hive/ql/target/tmp/org.apache.hadoop.hive.ql.TestTxnCommands3-1713930356371/warehouse/nonacidorctbl
2024-04-23T20:46:04,608  INFO [main] metadata.Hive: Dumping metastore api call timing information for : execution phase
2024-04-23T20:46:04,608  INFO [main] metadata.Hive: Total time spent in each metastore function (ms): {isCompatibleWith_(Configuration)=0, createTable_(Table)=43}
2024-04-23T20:46:04,608  INFO [main] ql.Driver: Completed executing command(queryId=alex_20240423204604_b6cd86c7-8a3e-46fb-8ecf-2ab0245655f8); Time taken: 0.045 seconds
2024-04-23T20:46:04,609  INFO [main] lockmgr.DbTxnManager: Stopped heartbeat for query: alex_20240423204604_b6cd86c7-8a3e-46fb-8ecf-2ab0245655f8
2024-04-23T20:46:04,615  INFO [main] txn.TxnHandler: Expected to move at least one record from txn_components to completed_txn_components when committing txn! txnid:9
2024-04-23T20:46:04,622  INFO [main] txn.TxnHandler: Removed transactions: ([9]) from MIN_HISTORY_LEVEL
2024-04-23T20:46:04,623  WARN [main] txn.CompactionTxnHandler: No compaction queue record found for Compaction type transaction commit. txnId:9
2024-04-23T20:46:04,624  INFO [main] ql.TxnCommandsBaseForTests: Running the query: create table nonAcidOrcTbl2(a int, b int) clustered by (a) into 2 buckets stored as orc TBLPROPERTIES ('transactional'='false')
2024-04-23T20:46:04,624  INFO [main] ql.Driver: Compiling command(queryId=alex_20240423204604_423a6612-8735-4271-8e9c-dc3170f9215e): create table nonAcidOrcTbl2(a int, b int) clustered by (a) into 2 buckets stored as orc TBLPROPERTIES ('transactional'='false')
2024-04-23T20:46:04,628  INFO [main] txn.TxnHandler: Added entries to MIN_HISTORY_LEVEL for current txns: ([10]) with min_open_txn: 2
2024-04-23T20:46:04,629  INFO [main] lockmgr.DbTxnManager: Opened txnid:10
2024-04-23T20:46:04,630  INFO [main] parse.CalcitePlanner: Starting caching scope for: 
2024-04-23T20:46:04,630  INFO [main] parse.CalcitePlanner: Starting Semantic Analysis
2024-04-23T20:46:04,634  INFO [main] parse.CalcitePlanner: Creating table default.nonAcidOrcTbl2 position=13
2024-04-23T20:46:04,634  INFO [main] HiveMetaStore.audit: ugi=alex	ip=unknown-ip-addr	cmd=get_database: default	
2024-04-23T20:46:04,637  INFO [main] parse.CalcitePlanner: Ending caching scope for: 
2024-04-23T20:46:04,637  INFO [main] ql.Driver: Semantic Analysis Completed (retrial = false)
2024-04-23T20:46:04,637  INFO [main] ql.Driver: Created Hive schema: Schema(fieldSchemas:null, properties:null)
2024-04-23T20:46:04,637  INFO [main] metadata.Hive: Dumping metastore api call timing information for : compilation phase
2024-04-23T20:46:04,638  INFO [main] metadata.Hive: Total time spent in each metastore function (ms): {getValidWriteIds_(List, String)=2, flushCache_()=0, getDatabase_(String)=3, openTxn_(String, TxnType)=3, isCompatibleWith_(Configuration)=2, commitTxn_(CommitTxnRequest)=14, getValidTxns_(long)=1}
2024-04-23T20:46:04,638  INFO [main] ql.Driver: Completed compiling command(queryId=alex_20240423204604_423a6612-8735-4271-8e9c-dc3170f9215e); Time taken: 0.013 seconds
2024-04-23T20:46:04,638  INFO [main] lockmgr.DbTxnManager: Setting lock request transaction to txnid:10 for queryId=alex_20240423204604_423a6612-8735-4271-8e9c-dc3170f9215e
2024-04-23T20:46:04,639  INFO [main] lockmgr.DbLockManager: Requesting lock for queryId=alex_20240423204604_423a6612-8735-4271-8e9c-dc3170f9215e
2024-04-23T20:46:04,668  INFO [main] lockmgr.DbLockManager: Response to queryId=alex_20240423204604_423a6612-8735-4271-8e9c-dc3170f9215e LockResponse(lockid:4, state:ACQUIRED)
2024-04-23T20:46:04,668  INFO [main] ql.Driver: Operation CREATETABLE obtained 1 locks
2024-04-23T20:46:04,668  INFO [main] ql.Driver: Executing command(queryId=alex_20240423204604_423a6612-8735-4271-8e9c-dc3170f9215e): create table nonAcidOrcTbl2(a int, b int) clustered by (a) into 2 buckets stored as orc TBLPROPERTIES ('transactional'='false')
2024-04-23T20:46:04,668  INFO [main] ql.Driver: Starting task [Stage-0:DDL] in serial mode
2024-04-23T20:46:04,670  INFO [main] HiveMetaStore.audit: ugi=alex	ip=unknown-ip-addr	cmd=create_table_req: Table(tableName:nonAcidOrcTbl2, dbName:default, owner:alex, createTime:1713930364, lastAccessTime:0, retention:0, sd:StorageDescriptor(cols:[FieldSchema(name:a, type:int, comment:null), FieldSchema(name:b, type:int, comment:null)], location:null, inputFormat:org.apache.hadoop.hive.ql.io.orc.OrcInputFormat, outputFormat:org.apache.hadoop.hive.ql.io.orc.OrcOutputFormat, compressed:false, numBuckets:2, serdeInfo:SerDeInfo(name:null, serializationLib:org.apache.hadoop.hive.ql.io.orc.OrcSerde, parameters:{serialization.format=1}), bucketCols:[a], sortCols:[], parameters:{}, skewedInfo:SkewedInfo(skewedColNames:[], skewedColValues:[], skewedColValueLocationMaps:{}), storedAsSubDirectories:false), partitionKeys:[], parameters:{transactional=false, numRows=0, numFiles=0, bucketing_version=2, COLUMN_STATS_ACCURATE={"BASIC_STATS":"true","COLUMN_STATS":{"a":"true","b":"true"}}, totalSize=0, numFilesErasureCoded=0, rawDataSize=0}, viewOriginalText:null, viewExpandedText:null, tableType:MANAGED_TABLE, privileges:PrincipalPrivilegeSet(userPrivileges:{alex=[PrivilegeGrantInfo(privilege:INSERT, createTime:-1, grantor:alex, grantorType:USER, grantOption:true), PrivilegeGrantInfo(privilege:SELECT, createTime:-1, grantor:alex, grantorType:USER, grantOption:true), PrivilegeGrantInfo(privilege:UPDATE, createTime:-1, grantor:alex, grantorType:USER, grantOption:true), PrivilegeGrantInfo(privilege:DELETE, createTime:-1, grantor:alex, grantorType:USER, grantOption:true)]}, groupPrivileges:null, rolePrivileges:null), temporary:false, catName:hive, ownerType:USER)	
2024-04-23T20:46:04,679  INFO [main] utils.FileUtils: Creating directory if it doesn't exist: file:/home/alex/Repositories/hive/ql/target/tmp/org.apache.hadoop.hive.ql.TestTxnCommands3-1713930356371/warehouse/nonacidorctbl2
2024-04-23T20:46:04,706  INFO [main] metadata.Hive: Dumping metastore api call timing information for : execution phase
2024-04-23T20:46:04,706  INFO [main] metadata.Hive: Total time spent in each metastore function (ms): {createTable_(Table)=35, isCompatibleWith_(Configuration)=0}
2024-04-23T20:46:04,706  INFO [main] ql.Driver: Completed executing command(queryId=alex_20240423204604_423a6612-8735-4271-8e9c-dc3170f9215e); Time taken: 0.038 seconds
2024-04-23T20:46:04,706  INFO [main] lockmgr.DbTxnManager: Stopped heartbeat for query: alex_20240423204604_423a6612-8735-4271-8e9c-dc3170f9215e
2024-04-23T20:46:04,713  INFO [main] txn.TxnHandler: Expected to move at least one record from txn_components to completed_txn_components when committing txn! txnid:10
2024-04-23T20:46:04,721  INFO [main] txn.TxnHandler: Removed transactions: ([10]) from MIN_HISTORY_LEVEL
2024-04-23T20:46:04,722  WARN [main] txn.CompactionTxnHandler: No compaction queue record found for Compaction type transaction commit. txnId:10
2024-04-23T20:46:04,722  INFO [main] ql.TxnCommandsBaseForTests: Running the query: create temporary  table acidTbl2(a int, b int, c int) clustered by (c) into 2 buckets stored as orc TBLPROPERTIES ('transactional'='true')
2024-04-23T20:46:04,723  INFO [main] ql.Driver: Compiling command(queryId=alex_20240423204604_40399c1c-7dbd-4507-b2ac-98829d5f71f4): create temporary  table acidTbl2(a int, b int, c int) clustered by (c) into 2 buckets stored as orc TBLPROPERTIES ('transactional'='true')
2024-04-23T20:46:04,727  INFO [main] txn.TxnHandler: Added entries to MIN_HISTORY_LEVEL for current txns: ([11]) with min_open_txn: 2
2024-04-23T20:46:04,728  INFO [main] lockmgr.DbTxnManager: Opened txnid:11
2024-04-23T20:46:04,729  INFO [main] parse.CalcitePlanner: Starting caching scope for: 
2024-04-23T20:46:04,729  INFO [main] parse.CalcitePlanner: Starting Semantic Analysis
2024-04-23T20:46:04,732  INFO [main] parse.CalcitePlanner: Creating table default.acidTbl2 position=24
2024-04-23T20:46:04,733  INFO [main] HiveMetaStore.audit: ugi=alex	ip=unknown-ip-addr	cmd=get_database: default	
2024-04-23T20:46:04,735  INFO [main] parse.CalcitePlanner: Ending caching scope for: 
2024-04-23T20:46:04,735  INFO [main] ql.Driver: Semantic Analysis Completed (retrial = false)
2024-04-23T20:46:04,735  INFO [main] ql.Driver: Created Hive schema: Schema(fieldSchemas:null, properties:null)
2024-04-23T20:46:04,735  INFO [main] metadata.Hive: Dumping metastore api call timing information for : compilation phase
2024-04-23T20:46:04,735  INFO [main] metadata.Hive: Total time spent in each metastore function (ms): {commitTxn_(CommitTxnRequest)=15, getValidTxns_(long)=1, isCompatibleWith_(Configuration)=1, getValidWriteIds_(List, String)=3, getDatabase_(String)=2, openTxn_(String, TxnType)=4, flushCache_()=0}
2024-04-23T20:46:04,736  INFO [main] ql.Driver: Completed compiling command(queryId=alex_20240423204604_40399c1c-7dbd-4507-b2ac-98829d5f71f4); Time taken: 0.012 seconds
2024-04-23T20:46:04,736  INFO [main] lockmgr.DbTxnManager: Setting lock request transaction to txnid:11 for queryId=alex_20240423204604_40399c1c-7dbd-4507-b2ac-98829d5f71f4
2024-04-23T20:46:04,736  INFO [main] lockmgr.DbLockManager: Requesting lock for queryId=alex_20240423204604_40399c1c-7dbd-4507-b2ac-98829d5f71f4
2024-04-23T20:46:04,768  INFO [main] lockmgr.DbLockManager: Response to queryId=alex_20240423204604_40399c1c-7dbd-4507-b2ac-98829d5f71f4 LockResponse(lockid:5, state:ACQUIRED)
2024-04-23T20:46:04,768  INFO [main] ql.Driver: Operation CREATETABLE obtained 1 locks
2024-04-23T20:46:04,769  INFO [main] ql.Driver: Executing command(queryId=alex_20240423204604_40399c1c-7dbd-4507-b2ac-98829d5f71f4): create temporary  table acidTbl2(a int, b int, c int) clustered by (c) into 2 buckets stored as orc TBLPROPERTIES ('transactional'='true')
2024-04-23T20:46:04,769  INFO [main] ql.Driver: Starting task [Stage-0:DDL] in serial mode
2024-04-23T20:46:04,772  INFO [main] utils.FileUtils: Creating directory if it doesn't exist: file:/home/alex/Repositories/hive/ql/target/tmp/scratchdir/alex/4002c27b-293e-4787-8d91-c1d5d195e21e/_tmp_space.db/720af039-d5f8-436f-a332-c37194a3e9ff
2024-04-23T20:46:04,776  INFO [main] metadata.Hive: Dumping metastore api call timing information for : execution phase
2024-04-23T20:46:04,776  INFO [main] metadata.Hive: Total time spent in each metastore function (ms): {createTable_(Table)=4, isCompatibleWith_(Configuration)=1}
2024-04-23T20:46:04,776  INFO [main] ql.Driver: Completed executing command(queryId=alex_20240423204604_40399c1c-7dbd-4507-b2ac-98829d5f71f4); Time taken: 0.007 seconds
2024-04-23T20:46:04,776  INFO [main] lockmgr.DbTxnManager: Stopped heartbeat for query: alex_20240423204604_40399c1c-7dbd-4507-b2ac-98829d5f71f4
2024-04-23T20:46:04,783  INFO [main] txn.TxnHandler: Expected to move at least one record from txn_components to completed_txn_components when committing txn! txnid:11
2024-04-23T20:46:04,791  INFO [main] txn.TxnHandler: Removed transactions: ([11]) from MIN_HISTORY_LEVEL
2024-04-23T20:46:04,791  WARN [main] txn.CompactionTxnHandler: No compaction queue record found for Compaction type transaction commit. txnId:11
2024-04-23T20:46:04,793  INFO [main] ql.TxnCommandsBaseForTests: Running the query: create table nonAcidNonBucket(a int, b int) stored as orc TBLPROPERTIES ('transactional'='false')
2024-04-23T20:46:04,793  INFO [main] ql.Driver: Compiling command(queryId=alex_20240423204604_ce97a586-8e70-49a5-ac13-d47d5141de4c): create table nonAcidNonBucket(a int, b int) stored as orc TBLPROPERTIES ('transactional'='false')
2024-04-23T20:46:04,798  INFO [main] txn.TxnHandler: Added entries to MIN_HISTORY_LEVEL for current txns: ([12]) with min_open_txn: 4
2024-04-23T20:46:04,798  INFO [main] lockmgr.DbTxnManager: Opened txnid:12
2024-04-23T20:46:04,800  INFO [main] parse.CalcitePlanner: Starting caching scope for: 
2024-04-23T20:46:04,800  INFO [main] parse.CalcitePlanner: Starting Semantic Analysis
2024-04-23T20:46:04,804  INFO [main] parse.CalcitePlanner: Creating table default.nonAcidNonBucket position=13
2024-04-23T20:46:04,804  INFO [main] HiveMetaStore.audit: ugi=alex	ip=unknown-ip-addr	cmd=get_database: default	
2024-04-23T20:46:04,807  INFO [main] parse.CalcitePlanner: Ending caching scope for: 
2024-04-23T20:46:04,807  INFO [main] ql.Driver: Semantic Analysis Completed (retrial = false)
2024-04-23T20:46:04,807  INFO [main] ql.Driver: Created Hive schema: Schema(fieldSchemas:null, properties:null)
2024-04-23T20:46:04,807  INFO [main] metadata.Hive: Dumping metastore api call timing information for : compilation phase
2024-04-23T20:46:04,807  INFO [main] metadata.Hive: Total time spent in each metastore function (ms): {flushCache_()=1, commitTxn_(CommitTxnRequest)=16, getValidWriteIds_(List, String)=4, openTxn_(String, TxnType)=3, getValidTxns_(long)=1, getDatabase_(String)=3, isCompatibleWith_(Configuration)=0}
2024-04-23T20:46:04,807  INFO [main] ql.Driver: Completed compiling command(queryId=alex_20240423204604_ce97a586-8e70-49a5-ac13-d47d5141de4c); Time taken: 0.014 seconds
2024-04-23T20:46:04,808  INFO [main] lockmgr.DbTxnManager: Setting lock request transaction to txnid:12 for queryId=alex_20240423204604_ce97a586-8e70-49a5-ac13-d47d5141de4c
2024-04-23T20:46:04,808  INFO [main] lockmgr.DbLockManager: Requesting lock for queryId=alex_20240423204604_ce97a586-8e70-49a5-ac13-d47d5141de4c
2024-04-23T20:46:04,837  INFO [main] lockmgr.DbLockManager: Response to queryId=alex_20240423204604_ce97a586-8e70-49a5-ac13-d47d5141de4c LockResponse(lockid:6, state:ACQUIRED)
2024-04-23T20:46:04,837  INFO [main] ql.Driver: Operation CREATETABLE obtained 1 locks
2024-04-23T20:46:04,837  INFO [main] ql.Driver: Executing command(queryId=alex_20240423204604_ce97a586-8e70-49a5-ac13-d47d5141de4c): create table nonAcidNonBucket(a int, b int) stored as orc TBLPROPERTIES ('transactional'='false')
2024-04-23T20:46:04,837  INFO [main] ql.Driver: Starting task [Stage-0:DDL] in serial mode
2024-04-23T20:46:04,839  INFO [main] HiveMetaStore.audit: ugi=alex	ip=unknown-ip-addr	cmd=create_table_req: Table(tableName:nonAcidNonBucket, dbName:default, owner:alex, createTime:1713930364, lastAccessTime:0, retention:0, sd:StorageDescriptor(cols:[FieldSchema(name:a, type:int, comment:null), FieldSchema(name:b, type:int, comment:null)], location:null, inputFormat:org.apache.hadoop.hive.ql.io.orc.OrcInputFormat, outputFormat:org.apache.hadoop.hive.ql.io.orc.OrcOutputFormat, compressed:false, numBuckets:-1, serdeInfo:SerDeInfo(name:null, serializationLib:org.apache.hadoop.hive.ql.io.orc.OrcSerde, parameters:{serialization.format=1}), bucketCols:[], sortCols:[], parameters:{}, skewedInfo:SkewedInfo(skewedColNames:[], skewedColValues:[], skewedColValueLocationMaps:{}), storedAsSubDirectories:false), partitionKeys:[], parameters:{totalSize=0, numFilesErasureCoded=0, transactional=false, bucketing_version=2, numFiles=0, rawDataSize=0, COLUMN_STATS_ACCURATE={"BASIC_STATS":"true","COLUMN_STATS":{"a":"true","b":"true"}}, numRows=0}, viewOriginalText:null, viewExpandedText:null, tableType:MANAGED_TABLE, privileges:PrincipalPrivilegeSet(userPrivileges:{alex=[PrivilegeGrantInfo(privilege:INSERT, createTime:-1, grantor:alex, grantorType:USER, grantOption:true), PrivilegeGrantInfo(privilege:SELECT, createTime:-1, grantor:alex, grantorType:USER, grantOption:true), PrivilegeGrantInfo(privilege:UPDATE, createTime:-1, grantor:alex, grantorType:USER, grantOption:true), PrivilegeGrantInfo(privilege:DELETE, createTime:-1, grantor:alex, grantorType:USER, grantOption:true)]}, groupPrivileges:null, rolePrivileges:null), temporary:false, catName:hive, ownerType:USER)	
2024-04-23T20:46:04,852  INFO [main] utils.FileUtils: Creating directory if it doesn't exist: file:/home/alex/Repositories/hive/ql/target/tmp/org.apache.hadoop.hive.ql.TestTxnCommands3-1713930356371/warehouse/nonacidnonbucket
2024-04-23T20:46:04,886  INFO [main] metadata.Hive: Dumping metastore api call timing information for : execution phase
2024-04-23T20:46:04,886  INFO [main] metadata.Hive: Total time spent in each metastore function (ms): {createTable_(Table)=46, isCompatibleWith_(Configuration)=1}
2024-04-23T20:46:04,886  INFO [main] ql.Driver: Completed executing command(queryId=alex_20240423204604_ce97a586-8e70-49a5-ac13-d47d5141de4c); Time taken: 0.049 seconds
2024-04-23T20:46:04,886  INFO [main] lockmgr.DbTxnManager: Stopped heartbeat for query: alex_20240423204604_ce97a586-8e70-49a5-ac13-d47d5141de4c
2024-04-23T20:46:04,891  INFO [main] txn.TxnHandler: Expected to move at least one record from txn_components to completed_txn_components when committing txn! txnid:12
2024-04-23T20:46:04,900  INFO [main] txn.TxnHandler: Removed transactions: ([12]) from MIN_HISTORY_LEVEL
2024-04-23T20:46:04,900  WARN [main] txn.CompactionTxnHandler: No compaction queue record found for Compaction type transaction commit. txnId:12
2024-04-23T20:46:04,901  INFO [main] metastore.HiveMetaStoreClientWithLocalCache: Initializing local cache in HiveMetaStoreClient...
2024-04-23T20:46:04,924  INFO [main] metastore.HiveMetaStoreClientWithLocalCache: Local cache initialized in HiveMetaStoreClient: com.github.benmanes.caffeine.cache.BoundedLocalCache$BoundedLocalManualCache@129b69b2
2024-04-23T20:46:04,924  INFO [main] ql.TxnCommandsBaseForTests: Running the query: drop table if exists acid_uap
2024-04-23T20:46:04,925  INFO [main] ql.Driver: Compiling command(queryId=alex_20240423204604_d530d2dc-4e25-494c-b65b-5214835ef81a): drop table if exists acid_uap
2024-04-23T20:46:04,929  INFO [main] txn.TxnHandler: Added entries to MIN_HISTORY_LEVEL for current txns: ([13]) with min_open_txn: 7
2024-04-23T20:46:04,929  INFO [main] lockmgr.DbTxnManager: Opened txnid:13
2024-04-23T20:46:04,931  INFO [main] HiveMetaStore.audit: ugi=alex	ip=unknown-ip-addr	cmd=get_table : tbl=hive.default.acid_uap	
2024-04-23T20:46:04,936  INFO [main] ql.Driver: Semantic Analysis Completed (retrial = false)
2024-04-23T20:46:04,936  INFO [main] ql.Driver: Created Hive schema: Schema(fieldSchemas:null, properties:null)
2024-04-23T20:46:04,936  INFO [main] metadata.Hive: Dumping metastore api call timing information for : compilation phase
2024-04-23T20:46:04,936  INFO [main] metadata.Hive: Total time spent in each metastore function (ms): {flushCache_()=0, getValidTxns_(long)=1, commitTxn_(CommitTxnRequest)=14, openTxn_(String, TxnType)=3, isCompatibleWith_(Configuration)=2}
2024-04-23T20:46:04,936  INFO [main] ql.Driver: Completed compiling command(queryId=alex_20240423204604_d530d2dc-4e25-494c-b65b-5214835ef81a); Time taken: 0.011 seconds
2024-04-23T20:46:04,937  INFO [main] lockmgr.DbTxnManager: Setting lock request transaction to txnid:13 for queryId=alex_20240423204604_d530d2dc-4e25-494c-b65b-5214835ef81a
2024-04-23T20:46:04,937  INFO [main] ql.Driver: Operation DROPTABLE obtained 0 locks
2024-04-23T20:46:04,937  INFO [main] ql.Driver: Executing command(queryId=alex_20240423204604_d530d2dc-4e25-494c-b65b-5214835ef81a): drop table if exists acid_uap
2024-04-23T20:46:04,937  INFO [main] ql.Driver: Starting task [Stage-0:DDL] in serial mode
2024-04-23T20:46:04,937  INFO [main] HiveMetaStore.audit: ugi=alex	ip=unknown-ip-addr	cmd=get_table : tbl=hive.default.acid_uap	
2024-04-23T20:46:04,942  INFO [main] metadata.Hive: Dumping metastore api call timing information for : execution phase
2024-04-23T20:46:04,942  INFO [main] metadata.Hive: Total time spent in each metastore function (ms): {isCompatibleWith_(Configuration)=0}
2024-04-23T20:46:04,942  INFO [main] ql.Driver: Completed executing command(queryId=alex_20240423204604_d530d2dc-4e25-494c-b65b-5214835ef81a); Time taken: 0.005 seconds
2024-04-23T20:46:04,942  INFO [main] lockmgr.DbTxnManager: Stopped heartbeat for query: alex_20240423204604_d530d2dc-4e25-494c-b65b-5214835ef81a
2024-04-23T20:46:04,949  INFO [main] txn.TxnHandler: Expected to move at least one record from txn_components to completed_txn_components when committing txn! txnid:13
2024-04-23T20:46:04,958  INFO [main] txn.TxnHandler: Removed transactions: ([13]) from MIN_HISTORY_LEVEL
2024-04-23T20:46:04,958  WARN [main] txn.CompactionTxnHandler: No compaction queue record found for Compaction type transaction commit. txnId:13
2024-04-23T20:46:04,959  INFO [main] ql.TxnCommandsBaseForTests: Running the query: create transactional table acid_uap(a int, b varchar(128)) partitioned by (ds string) clustered by (a) into 2 buckets stored as orc TBLPROPERTIES ('bucketing_version'='1')
2024-04-23T20:46:04,959  INFO [main] ql.Driver: Compiling command(queryId=alex_20240423204604_32817465-f7fb-458a-bc83-749e8f81d6cf): create transactional table acid_uap(a int, b varchar(128)) partitioned by (ds string) clustered by (a) into 2 buckets stored as orc TBLPROPERTIES ('bucketing_version'='1')
2024-04-23T20:46:04,964  INFO [main] txn.TxnHandler: Added entries to MIN_HISTORY_LEVEL for current txns: ([14]) with min_open_txn: 7
2024-04-23T20:46:04,965  INFO [main] lockmgr.DbTxnManager: Opened txnid:14
2024-04-23T20:46:04,966  INFO [main] parse.CalcitePlanner: Starting caching scope for: 
2024-04-23T20:46:04,966  INFO [main] parse.CalcitePlanner: Starting Semantic Analysis
2024-04-23T20:46:04,970  INFO [main] parse.CalcitePlanner: Creating table default.acid_uap position=27
2024-04-23T20:46:04,970  INFO [main] parse.CalcitePlanner: Automatically chose to make default.acid_uap acid.
2024-04-23T20:46:04,971  INFO [main] HiveMetaStore.audit: ugi=alex	ip=unknown-ip-addr	cmd=get_database: default	
2024-04-23T20:46:04,973  INFO [main] parse.CalcitePlanner: Ending caching scope for: 
2024-04-23T20:46:04,973  INFO [main] ql.Driver: Semantic Analysis Completed (retrial = false)
2024-04-23T20:46:04,973  INFO [main] ql.Driver: Created Hive schema: Schema(fieldSchemas:null, properties:null)
2024-04-23T20:46:04,974  INFO [main] metadata.Hive: Dumping metastore api call timing information for : compilation phase
2024-04-23T20:46:04,974  INFO [main] metadata.Hive: Total time spent in each metastore function (ms): {getDatabase_(String)=3, flushCache_()=0, getValidTxns_(long)=1, openTxn_(String, TxnType)=4, isCompatibleWith_(Configuration)=0, commitTxn_(CommitTxnRequest)=15, getValidWriteIds_(List, String)=4}
2024-04-23T20:46:04,974  INFO [main] ql.Driver: Completed compiling command(queryId=alex_20240423204604_32817465-f7fb-458a-bc83-749e8f81d6cf); Time taken: 0.015 seconds
2024-04-23T20:46:04,974  INFO [main] lockmgr.DbTxnManager: Setting lock request transaction to txnid:14 for queryId=alex_20240423204604_32817465-f7fb-458a-bc83-749e8f81d6cf
2024-04-23T20:46:04,975  INFO [main] lockmgr.DbLockManager: Requesting lock for queryId=alex_20240423204604_32817465-f7fb-458a-bc83-749e8f81d6cf
2024-04-23T20:46:05,001  INFO [main] lockmgr.DbLockManager: Response to queryId=alex_20240423204604_32817465-f7fb-458a-bc83-749e8f81d6cf LockResponse(lockid:7, state:ACQUIRED)
2024-04-23T20:46:05,001  INFO [main] ql.Driver: Operation CREATETABLE obtained 1 locks
2024-04-23T20:46:05,002  INFO [main] ql.Driver: Executing command(queryId=alex_20240423204604_32817465-f7fb-458a-bc83-749e8f81d6cf): create transactional table acid_uap(a int, b varchar(128)) partitioned by (ds string) clustered by (a) into 2 buckets stored as orc TBLPROPERTIES ('bucketing_version'='1')
2024-04-23T20:46:05,002  INFO [main] ql.Driver: Starting task [Stage-0:DDL] in serial mode
2024-04-23T20:46:05,004  INFO [main] HiveMetaStore.audit: ugi=alex	ip=unknown-ip-addr	cmd=create_table_req: Table(tableName:acid_uap, dbName:default, owner:alex, createTime:1713930365, lastAccessTime:0, retention:0, sd:StorageDescriptor(cols:[FieldSchema(name:a, type:int, comment:null), FieldSchema(name:b, type:varchar(128), comment:null)], location:null, inputFormat:org.apache.hadoop.hive.ql.io.orc.OrcInputFormat, outputFormat:org.apache.hadoop.hive.ql.io.orc.OrcOutputFormat, compressed:false, numBuckets:2, serdeInfo:SerDeInfo(name:null, serializationLib:org.apache.hadoop.hive.ql.io.orc.OrcSerde, parameters:{serialization.format=1}), bucketCols:[a], sortCols:[], parameters:{}, skewedInfo:SkewedInfo(skewedColNames:[], skewedColValues:[], skewedColValueLocationMaps:{}), storedAsSubDirectories:false), partitionKeys:[FieldSchema(name:ds, type:string, comment:null)], parameters:{bucketing_version=1, transactional_properties=default, transactional=true}, viewOriginalText:null, viewExpandedText:null, tableType:MANAGED_TABLE, privileges:PrincipalPrivilegeSet(userPrivileges:{alex=[PrivilegeGrantInfo(privilege:INSERT, createTime:-1, grantor:alex, grantorType:USER, grantOption:true), PrivilegeGrantInfo(privilege:SELECT, createTime:-1, grantor:alex, grantorType:USER, grantOption:true), PrivilegeGrantInfo(privilege:UPDATE, createTime:-1, grantor:alex, grantorType:USER, grantOption:true), PrivilegeGrantInfo(privilege:DELETE, createTime:-1, grantor:alex, grantorType:USER, grantOption:true)]}, groupPrivileges:null, rolePrivileges:null), temporary:false, catName:hive, ownerType:USER, writeId:0)	
2024-04-23T20:46:05,013  INFO [main] utils.FileUtils: Creating directory if it doesn't exist: file:/home/alex/Repositories/hive/ql/target/tmp/org.apache.hadoop.hive.ql.TestTxnCommands3-1713930356371/warehouse/acid_uap
2024-04-23T20:46:05,044  INFO [main] metadata.Hive: Dumping metastore api call timing information for : execution phase
2024-04-23T20:46:05,044  INFO [main] metadata.Hive: Total time spent in each metastore function (ms): {createTable_(Table)=39, isCompatibleWith_(Configuration)=0}
2024-04-23T20:46:05,044  INFO [main] ql.Driver: Completed executing command(queryId=alex_20240423204604_32817465-f7fb-458a-bc83-749e8f81d6cf); Time taken: 0.042 seconds
2024-04-23T20:46:05,044  INFO [main] lockmgr.DbTxnManager: Stopped heartbeat for query: alex_20240423204604_32817465-f7fb-458a-bc83-749e8f81d6cf
2024-04-23T20:46:05,050  INFO [main] txn.TxnHandler: Expected to move at least one record from txn_components to completed_txn_components when committing txn! txnid:14
2024-04-23T20:46:05,058  INFO [main] txn.TxnHandler: Removed transactions: ([14]) from MIN_HISTORY_LEVEL
2024-04-23T20:46:05,060  WARN [main] txn.CompactionTxnHandler: No compaction queue record found for Compaction type transaction commit. txnId:14
2024-04-23T20:46:05,061  INFO [main] ql.TxnCommandsBaseForTests: Running the query: insert into table acid_uap partition (ds='tomorrow') values (1, 'bah'),(2, 'yah')
2024-04-23T20:46:05,062  INFO [main] ql.Driver: Compiling command(queryId=alex_20240423204605_49f2d814-76f9-4bd5-bdb1-3bb0be8f9a7c): insert into table acid_uap partition (ds='tomorrow') values (1, 'bah'),(2, 'yah')
2024-04-23T20:46:05,068  INFO [main] txn.TxnHandler: Added entries to MIN_HISTORY_LEVEL for current txns: ([15]) with min_open_txn: 8
2024-04-23T20:46:05,068  INFO [main] lockmgr.DbTxnManager: Opened txnid:15
2024-04-23T20:46:05,069  INFO [main] parse.CalcitePlanner: Starting caching scope for: 
2024-04-23T20:46:05,069  INFO [main] parse.CalcitePlanner: Starting Semantic Analysis
2024-04-23T20:46:05,656  WARN [main] exec.FunctionRegistry: UDF Class org.apache.datasketches.hive.hll.UnionSketchUDF does not have description. Please annotate the class with the org.apache.hadoop.hive.ql.exec.Description annotation and provide the description of the function.
2024-04-23T20:46:05,659  WARN [main] exec.FunctionRegistry: UDF Class org.apache.datasketches.hive.tuple.ArrayOfDoublesSketchToValuesUDTF does not have description. Please annotate the class with the org.apache.hadoop.hive.ql.exec.Description annotation and provide the description of the function.
2024-04-23T20:46:05,664  WARN [main] exec.FunctionRegistry: UDF Class org.apache.datasketches.hive.theta.ExcludeSketchUDF does not have description. Please annotate the class with the org.apache.hadoop.hive.ql.exec.Description annotation and provide the description of the function.
2024-04-23T20:46:05,664  WARN [main] exec.FunctionRegistry: UDF Class org.apache.datasketches.hive.theta.EstimateSketchUDF does not have description. Please annotate the class with the org.apache.hadoop.hive.ql.exec.Description annotation and provide the description of the function.
2024-04-23T20:46:05,664  WARN [main] exec.FunctionRegistry: UDF Class org.apache.datasketches.hive.theta.UnionSketchUDF does not have description. Please annotate the class with the org.apache.hadoop.hive.ql.exec.Description annotation and provide the description of the function.
2024-04-23T20:46:05,664  WARN [main] exec.FunctionRegistry: UDF Class org.apache.datasketches.hive.theta.IntersectSketchUDF does not have description. Please annotate the class with the org.apache.hadoop.hive.ql.exec.Description annotation and provide the description of the function.
2024-04-23T20:46:05,667  WARN [main] exec.FunctionRegistry: UDF Class org.apache.datasketches.hive.cpc.UnionSketchUDF does not have description. Please annotate the class with the org.apache.hadoop.hive.ql.exec.Description annotation and provide the description of the function.
2024-04-23T20:46:05,718  INFO [main] HiveMetaStore.audit: ugi=alex	ip=unknown-ip-addr	cmd=get_table : tbl=hive.default.acid_uap	
2024-04-23T20:46:05,761  INFO [main] metastore.HMSHandler: Skipping translation for processor with null
2024-04-23T20:46:05,762  INFO [main] parse.CalcitePlanner: Completed phase 1 of Semantic Analysis
2024-04-23T20:46:05,762  INFO [main] parse.CalcitePlanner: Get metadata for source tables
2024-04-23T20:46:05,762  INFO [main] parse.CalcitePlanner: Get metadata for subqueries
2024-04-23T20:46:05,762  INFO [main] parse.CalcitePlanner: Get metadata for destination tables
2024-04-23T20:46:05,765  INFO [main] HiveMetaStore.audit: ugi=alex	ip=unknown-ip-addr	cmd=get_table : tbl=hive.default.acid_uap	
2024-04-23T20:46:05,777  INFO [main] metastore.HMSHandler: Skipping translation for processor with null
2024-04-23T20:46:05,789  INFO [main] HiveMetaStore.audit: ugi=alex	ip=unknown-ip-addr	cmd=get_partition_with_auth : tbl=hive.default.acid_uap[tomorrow]	
2024-04-23T20:46:05,806  INFO [main] parse.CalcitePlanner: Completed getting MetaData in Semantic Analysis
2024-04-23T20:46:05,806  INFO [main] parse.CalcitePlanner: Disabling LLAP IO encode as ETL query is detected
2024-04-23T20:46:06,913  INFO [main] HiveMetaStore.audit: ugi=alex	ip=unknown-ip-addr	cmd=get_all_table_constraints : tbl=hive._dummy_database._dummy_table	
2024-04-23T20:46:07,537  INFO [main] parse.CalcitePlanner: Get metadata for source tables
2024-04-23T20:46:07,537  INFO [main] parse.CalcitePlanner: Get metadata for subqueries
2024-04-23T20:46:07,537  INFO [main] parse.CalcitePlanner: Get metadata for source tables
2024-04-23T20:46:07,539  INFO [main] HiveMetaStore.audit: ugi=alex	ip=unknown-ip-addr	cmd=get_table : tbl=hive._dummy_database._dummy_table	
2024-04-23T20:46:07,542  INFO [main] parse.CalcitePlanner: Get metadata for subqueries
2024-04-23T20:46:07,542  INFO [main] parse.CalcitePlanner: Get metadata for destination tables
2024-04-23T20:46:07,542  INFO [main] parse.CalcitePlanner: Get metadata for destination tables
2024-04-23T20:46:07,542  INFO [main] HiveMetaStore.audit: ugi=alex	ip=unknown-ip-addr	cmd=get_table : tbl=hive.default.acid_uap	
2024-04-23T20:46:07,552  INFO [main] metastore.HMSHandler: Skipping translation for processor with null
2024-04-23T20:46:07,553  INFO [main] HiveMetaStore.audit: ugi=alex	ip=unknown-ip-addr	cmd=get_partition_with_auth : tbl=hive.default.acid_uap[tomorrow]	
2024-04-23T20:46:07,590  INFO [main] HiveMetaStore.audit: ugi=alex	ip=unknown-ip-addr	cmd=get_not_null_constraints : tbl=hive.default.acid_uap	
2024-04-23T20:46:07,592  INFO [main] HiveMetaStore.audit: ugi=alex	ip=unknown-ip-addr	cmd=get_check_constraints : tbl=hive.default.acid_uap	
2024-04-23T20:46:07,613  INFO [main] txn.TxnHandler: Allocated writeId: 1 for txnId: 15
2024-04-23T20:46:07,613  INFO [main] txn.TxnHandler: Allocated write ids for dbName=default, tblName=acid_uap (txnIds: [15])
2024-04-23T20:46:07,620  INFO [main] parse.CalcitePlanner: CBO Succeeded; optimized logical plan.
2024-04-23T20:46:07,670  INFO [main] optimizer.ColumnPrunerProcFactory: RS 5 oldColExprMap: {VALUE._col0=Column[_col1], KEY.reducesinkkey0=Column[_col0]}
2024-04-23T20:46:07,670  INFO [main] optimizer.ColumnPrunerProcFactory: RS 5 newColExprMap: {KEY.reducesinkkey0=Column[_col0], VALUE._col0=Column[_col1]}
2024-04-23T20:46:07,678  INFO [main] optimizer.BucketVersionPopulator: not considering bucketingVersion for: TS[0] because it has -1<2 buckets 
2024-04-23T20:46:07,690  INFO [main] optimizer.SortedDynPartitionOptimizer: Sorted dynamic partitioning optimization kicked in..
2024-04-23T20:46:07,721  INFO [main] HiveMetaStore.audit: ugi=alex	ip=unknown-ip-addr	cmd=get_table : tbl=hive.default.acid_uap	
2024-04-23T20:46:07,733  INFO [main] metastore.HMSHandler: Skipping translation for processor with null
2024-04-23T20:46:07,760  INFO [main] physical.Vectorizer: Examining input format to see if vectorization is enabled.
2024-04-23T20:46:07,764  INFO [main] physical.Vectorizer: Map vectorization enabled: false
2024-04-23T20:46:07,765  INFO [main] physical.Vectorizer: Map vectorized: false
2024-04-23T20:46:07,765  INFO [main] physical.Vectorizer: Map vectorizedVertexNum: 0
2024-04-23T20:46:07,765  INFO [main] physical.Vectorizer: Map enabledConditionsMet: [hive.vectorized.use.vectorized.input.format IS true]
2024-04-23T20:46:07,765  INFO [main] physical.Vectorizer: Map enabledConditionsNotMet: [Could not enable vectorization due to partition column names size 1 is greater than the number of table column names size 0 IS false]
2024-04-23T20:46:07,765  INFO [main] physical.Vectorizer: Map inputFileFormatClassNameSet: [org.apache.hadoop.hive.ql.io.NullRowsInputFormat]
2024-04-23T20:46:07,765  INFO [main] physical.Vectorizer: Reduce vectorization enabled: false
2024-04-23T20:46:07,765  INFO [main] physical.Vectorizer: Reduce vectorized: false
2024-04-23T20:46:07,765  INFO [main] physical.Vectorizer: Reduce vectorizedVertexNum: 1
2024-04-23T20:46:07,765  INFO [main] physical.Vectorizer: Reducer hive.vectorized.execution.reduce.enabled: true
2024-04-23T20:46:07,765  INFO [main] physical.Vectorizer: Reducer engine: mr
2024-04-23T20:46:07,766  INFO [main] parse.CalcitePlanner: Completed plan generation
2024-04-23T20:46:07,766  INFO [main] parse.CalcitePlanner: Ending caching scope for: 
2024-04-23T20:46:07,766  INFO [main] ql.Driver: Semantic Analysis Completed (retrial = false)
2024-04-23T20:46:07,767  INFO [main] HiveMetaStore.audit: ugi=alex	ip=unknown-ip-addr	cmd=get_partitions_ps_with_auth : tbl=hive.default.acid_uap[tomorrow]	
2024-04-23T20:46:07,791  INFO [main] ql.Driver: Created Hive schema: Schema(fieldSchemas:[FieldSchema(name:_col0, type:int, comment:null), FieldSchema(name:_col1, type:varchar(128), comment:null)], properties:null)
2024-04-23T20:46:07,791  INFO [main] metadata.Hive: Dumping metastore api call timing information for : compilation phase
2024-04-23T20:46:07,791  INFO [main] metadata.Hive: Total time spent in each metastore function (ms): {allocateTableWriteId_(long, String, String)=12, getAllTableConstraints_(AllTableConstraintsRequest)=50, getCheckConstraints_(CheckConstraintsRequest)=3, flushCache_()=0, isCompatibleWith_(Configuration)=0, getTable_(GetTableRequest)=80, getValidWriteIds_(List, String)=5, openTxn_(String, TxnType)=3, commitTxn_(CommitTxnRequest)=16, getNotNullConstraints_(NotNullConstraintsRequest)=2, listPartitionsWithAuthInfo_(String, String, List, short, String, List)=24, getValidTxns_(long)=1}
2024-04-23T20:46:07,791  INFO [main] ql.Driver: Completed compiling command(queryId=alex_20240423204605_49f2d814-76f9-4bd5-bdb1-3bb0be8f9a7c); Time taken: 2.73 seconds
2024-04-23T20:46:07,792  INFO [main] lockmgr.DbTxnManager: Setting lock request transaction to txnid:15 for queryId=alex_20240423204605_49f2d814-76f9-4bd5-bdb1-3bb0be8f9a7c
2024-04-23T20:46:07,792  INFO [main] lockmgr.DbLockManager: Requesting lock for queryId=alex_20240423204605_49f2d814-76f9-4bd5-bdb1-3bb0be8f9a7c
2024-04-23T20:46:07,819  INFO [main] lockmgr.DbLockManager: Response to queryId=alex_20240423204605_49f2d814-76f9-4bd5-bdb1-3bb0be8f9a7c LockResponse(lockid:8, state:ACQUIRED)
2024-04-23T20:46:07,819  INFO [main] ql.Driver: Operation QUERY obtained 1 locks
2024-04-23T20:46:07,823  INFO [main] ql.Driver: Executing command(queryId=alex_20240423204605_49f2d814-76f9-4bd5-bdb1-3bb0be8f9a7c): insert into table acid_uap partition (ds='tomorrow') values (1, 'bah'),(2, 'yah')
2024-04-23T20:46:07,823  WARN [main] ql.Driver: Hive-on-MR is deprecated in Hive 2 and may not be available in the future versions. Consider using a different execution engine (i.e. spark, tez) or using Hive 1.X releases.
Query ID = alex_20240423204605_49f2d814-76f9-4bd5-bdb1-3bb0be8f9a7c
2024-04-23T20:46:07,823  INFO [main] ql.Driver: Query ID = alex_20240423204605_49f2d814-76f9-4bd5-bdb1-3bb0be8f9a7c
Total jobs = 1
2024-04-23T20:46:07,823  INFO [main] ql.Driver: Total jobs = 1
Launching Job 1 out of 1
2024-04-23T20:46:07,824  INFO [main] ql.Driver: Launching Job 1 out of 1
2024-04-23T20:46:07,987  INFO [main] ql.Driver: Starting task [Stage-1:MAPRED] in serial mode
Number of reduce tasks determined at compile time: 2
2024-04-23T20:46:07,987  INFO [main] exec.Task: Number of reduce tasks determined at compile time: 2
In order to change the average load for a reducer (in bytes):
2024-04-23T20:46:07,987  INFO [main] exec.Task: In order to change the average load for a reducer (in bytes):
  set hive.exec.reducers.bytes.per.reducer=<number>
2024-04-23T20:46:07,987  INFO [main] exec.Task:   set hive.exec.reducers.bytes.per.reducer=<number>
In order to limit the maximum number of reducers:
2024-04-23T20:46:07,987  INFO [main] exec.Task: In order to limit the maximum number of reducers:
  set hive.exec.reducers.max=<number>
2024-04-23T20:46:07,988  INFO [main] exec.Task:   set hive.exec.reducers.max=<number>
In order to set a constant number of reducers:
2024-04-23T20:46:07,988  INFO [main] exec.Task: In order to set a constant number of reducers:
  set mapreduce.job.reduces=<number>
2024-04-23T20:46:07,988  INFO [main] exec.Task:   set mapreduce.job.reduces=<number>
2024-04-23T20:46:07,995  INFO [main] mr.ExecDriver: Using org.apache.hadoop.hive.ql.io.HiveInputFormat
2024-04-23T20:46:07,997  INFO [main] exec.Utilities: Processing alias $hdt$_0:_dummy_table
2024-04-23T20:46:07,997  INFO [main] exec.Utilities: Adding 1 inputs; the first input is file:/home/alex/Repositories/hive/ql/target/tmp/localscratchdir/4002c27b-293e-4787-8d91-c1d5d195e21e/hive_2024-04-23_20-46-05_061_7137768557580997597-1/dummy_path
2024-04-23T20:46:08,066  INFO [main] exec.SerializationUtilities: Serializing MapWork using kryo
2024-04-23T20:46:08,091  INFO [main] exec.Utilities: Serialized plan (via FILE) - name: null size: 5,56KB
2024-04-23T20:46:08,099  INFO [main] exec.SerializationUtilities: Serializing ReduceWork using kryo
2024-04-23T20:46:08,105  INFO [main] exec.Utilities: Serialized plan (via FILE) - name: null size: 6,27KB
2024-04-23T20:46:08,210  INFO [main] beanutils.FluentPropertyBeanIntrospector: Error when creating PropertyDescriptor for public final void org.apache.commons.configuration2.AbstractConfiguration.setProperty(java.lang.String,java.lang.Object)! Ignoring this property.
2024-04-23T20:46:08,225  WARN [main] impl.MetricsConfig: Cannot locate configuration: tried hadoop-metrics2-jobtracker.properties,hadoop-metrics2.properties
2024-04-23T20:46:08,240  INFO [main] impl.MetricsSystemImpl: Scheduled Metric snapshot period at 10 second(s).
2024-04-23T20:46:08,240  INFO [main] impl.MetricsSystemImpl: JobTracker metrics system started
2024-04-23T20:46:08,253  INFO [main] fs.FSStatsPublisher: created : file:/home/alex/Repositories/hive/ql/target/tmp/localscratchdir/4002c27b-293e-4787-8d91-c1d5d195e21e/hive_2024-04-23_20-46-05_061_7137768557580997597-1/-mr-10000
2024-04-23T20:46:08,266  WARN [main] impl.MetricsSystemImpl: JobTracker metrics system already initialized!
2024-04-23T20:46:08,306  WARN [main] mapreduce.JobResourceUploader: Hadoop command-line option parsing not performed. Implement the Tool interface and execute your application with ToolRunner to remedy this.
2024-04-23T20:46:08,314  WARN [main] mapreduce.JobResourceUploader: No job jar file set.  User classes may not be found. See Job or Job#setJar(String).
2024-04-23T20:46:08,319  INFO [main] io.HiveInputFormat: hive.io.file.readcolumn.ids = 
2024-04-23T20:46:08,319  INFO [main] io.HiveInputFormat: hive.io.file.readcolumn.names = 
2024-04-23T20:46:08,319  INFO [main] io.HiveInputFormat: Generating splits for dirs: file:/home/alex/Repositories/hive/ql/target/tmp/localscratchdir/4002c27b-293e-4787-8d91-c1d5d195e21e/hive_2024-04-23_20-46-05_061_7137768557580997597-1/dummy_path
2024-04-23T20:46:08,320  INFO [main] io.NullRowsInputFormat$NullRowsRecordReader: Using null rows input format
2024-04-23T20:46:08,324  INFO [main] io.HiveInputFormat: number of splits 1
2024-04-23T20:46:08,354  INFO [main] mapreduce.JobSubmitter: number of splits:1
2024-04-23T20:46:08,433  INFO [main] mapreduce.JobSubmitter: Submitting tokens for job: job_local1507887442_0001
2024-04-23T20:46:08,434  INFO [main] mapreduce.JobSubmitter: Executing with tokens: []
2024-04-23T20:46:08,575  INFO [main] mapreduce.Job: The url to track the job: http://localhost:8080/
Job running in-process (local Hadoop)
2024-04-23T20:46:08,576  INFO [main] exec.Task: Job running in-process (local Hadoop)
2024-04-23T20:46:08,577  INFO [Thread-75] mapred.LocalJobRunner: OutputCommitter set in config org.apache.hadoop.hive.ql.io.HiveFileFormatUtils$NullOutputCommitter
2024-04-23T20:46:08,578  INFO [Thread-75] mapred.LocalJobRunner: OutputCommitter is org.apache.hadoop.hive.ql.io.HiveFileFormatUtils$NullOutputCommitter
2024-04-23T20:46:08,591  INFO [Thread-75] mapred.LocalJobRunner: Waiting for map tasks
2024-04-23T20:46:08,594  INFO [LocalJobRunner Map Task Executor #0] mapred.LocalJobRunner: Starting task: attempt_local1507887442_0001_m_000000_0
2024-04-23T20:46:08,630  INFO [LocalJobRunner Map Task Executor #0] mapred.Task:  Using ResourceCalculatorProcessTree : [ ]
2024-04-23T20:46:08,637  INFO [LocalJobRunner Map Task Executor #0] mapred.MapTask: Processing split: org.apache.hadoop.hive.ql.io.NullRowsInputFormat:file:/home/alex/Repositories/hive/ql/target/tmp/localscratchdir/4002c27b-293e-4787-8d91-c1d5d195e21e/hive_2024-04-23_20-46-05_061_7137768557580997597-1/dummy_path/null:0+1
2024-04-23T20:46:08,643  INFO [LocalJobRunner Map Task Executor #0] exec.SerializationUtilities: Deserializing MapWork using kryo
2024-04-23T20:46:08,668  INFO [LocalJobRunner Map Task Executor #0] exec.Utilities: Deserialized plan (via FILE) - name: null size: 5,56KB
2024-04-23T20:46:08,675  INFO [LocalJobRunner Map Task Executor #0] mapred.MapTask: numReduceTasks: 2
2024-04-23T20:46:08,687  INFO [LocalJobRunner Map Task Executor #0] mapred.MapTask: (EQUATOR) 0 kvi 26214396(104857584)
2024-04-23T20:46:08,687  INFO [LocalJobRunner Map Task Executor #0] mapred.MapTask: mapreduce.task.io.sort.mb: 100
2024-04-23T20:46:08,687  INFO [LocalJobRunner Map Task Executor #0] mapred.MapTask: soft limit at 83886080
2024-04-23T20:46:08,687  INFO [LocalJobRunner Map Task Executor #0] mapred.MapTask: bufstart = 0; bufvoid = 104857600
2024-04-23T20:46:08,687  INFO [LocalJobRunner Map Task Executor #0] mapred.MapTask: kvstart = 26214396; length = 6553600
2024-04-23T20:46:08,689  INFO [LocalJobRunner Map Task Executor #0] mapred.MapTask: Map output collector class = org.apache.hadoop.mapred.MapTask$MapOutputBuffer
2024-04-23T20:46:08,694  INFO [LocalJobRunner Map Task Executor #0] exec.MapOperator: Initializing Operator: MAP[0]
2024-04-23T20:46:08,695  INFO [LocalJobRunner Map Task Executor #0] mr.ExecMapper: 
<MAP>Id =0
  <Children>null
  <\Children>
  <Parent><\Parent>
<\MAP>
2024-04-23T20:46:08,698  INFO [LocalJobRunner Map Task Executor #0] exec.TableScanOperator: Initializing Operator: TS[0]
2024-04-23T20:46:08,698  INFO [LocalJobRunner Map Task Executor #0] exec.SelectOperator: Initializing Operator: SEL[1]
2024-04-23T20:46:08,701  INFO [LocalJobRunner Map Task Executor #0] exec.SelectOperator: SELECT null
2024-04-23T20:46:08,702  INFO [LocalJobRunner Map Task Executor #0] exec.UDTFOperator: Initializing Operator: UDTF[2]
2024-04-23T20:46:08,702  INFO [LocalJobRunner Map Task Executor #0] exec.SelectOperator: Initializing Operator: SEL[3]
2024-04-23T20:46:08,703  INFO [LocalJobRunner Map Task Executor #0] exec.SelectOperator: SELECT struct<col1:int,col2:string>
2024-04-23T20:46:08,703  INFO [LocalJobRunner Map Task Executor #0] exec.ReduceSinkOperator: Initializing Operator: RS[5]
2024-04-23T20:46:08,703  INFO [LocalJobRunner Map Task Executor #0] exec.ReduceSinkOperator: Using tag = -1
2024-04-23T20:46:08,726  INFO [LocalJobRunner Map Task Executor #0] exec.ReduceSinkOperator: keys are [reducesinkkey0] num distributions: 1
2024-04-23T20:46:08,727  INFO [LocalJobRunner Map Task Executor #0] exec.ReduceSinkOperator: RS[5]: records written - 1
2024-04-23T20:46:08,728  INFO [LocalJobRunner Map Task Executor #0] exec.MapOperator: MAP[0]: records read - 1
2024-04-23T20:46:08,728  INFO [LocalJobRunner Map Task Executor #0] exec.MapOperator: Closing Operator: MAP[0]
2024-04-23T20:46:08,728  INFO [LocalJobRunner Map Task Executor #0] exec.MapOperator: MAP[0]: Total records read - 3. abort - false
2024-04-23T20:46:08,728  INFO [LocalJobRunner Map Task Executor #0] exec.MapOperator: RECORDS_OUT_OPERATOR_MAP_0:0, RECORDS_OUT_INTERMEDIATE:0, DESERIALIZE_ERRORS:0, RECORDS_IN:3, 
2024-04-23T20:46:08,729  INFO [LocalJobRunner Map Task Executor #0] exec.TableScanOperator: Closing Operator: TS[0]
2024-04-23T20:46:08,729  INFO [LocalJobRunner Map Task Executor #0] exec.TableScanOperator: RECORDS_OUT_INTERMEDIATE:0, RECORDS_OUT_OPERATOR_TS_0:1, 
2024-04-23T20:46:08,729  INFO [LocalJobRunner Map Task Executor #0] exec.SelectOperator: Closing Operator: SEL[1]
2024-04-23T20:46:08,729  INFO [LocalJobRunner Map Task Executor #0] exec.SelectOperator: RECORDS_OUT_OPERATOR_SEL_1:1, RECORDS_OUT_INTERMEDIATE:0, 
2024-04-23T20:46:08,729  INFO [LocalJobRunner Map Task Executor #0] exec.UDTFOperator: Closing Operator: UDTF[2]
2024-04-23T20:46:08,729  INFO [LocalJobRunner Map Task Executor #0] exec.UDTFOperator: RECORDS_OUT_INTERMEDIATE:0, RECORDS_OUT_OPERATOR_UDTF_2:2, 
2024-04-23T20:46:08,729  INFO [LocalJobRunner Map Task Executor #0] exec.SelectOperator: Closing Operator: SEL[3]
2024-04-23T20:46:08,729  INFO [LocalJobRunner Map Task Executor #0] exec.SelectOperator: RECORDS_OUT_INTERMEDIATE:0, RECORDS_OUT_OPERATOR_SEL_3:2, 
2024-04-23T20:46:08,729  INFO [LocalJobRunner Map Task Executor #0] exec.ReduceSinkOperator: Closing Operator: RS[5]
2024-04-23T20:46:08,729  INFO [LocalJobRunner Map Task Executor #0] exec.ReduceSinkOperator: RS[5]: Total records written - 2. abort - false
2024-04-23T20:46:08,729  INFO [LocalJobRunner Map Task Executor #0] exec.ReduceSinkOperator: RECORDS_OUT_OPERATOR_RS_5:2, RECORDS_OUT_INTERMEDIATE:2, 
2024-04-23T20:46:08,735  INFO [LocalJobRunner Map Task Executor #0] mapred.LocalJobRunner: 
2024-04-23T20:46:08,735  INFO [LocalJobRunner Map Task Executor #0] mapred.MapTask: Starting flush of map output
2024-04-23T20:46:08,736  INFO [LocalJobRunner Map Task Executor #0] mapred.MapTask: Spilling map output
2024-04-23T20:46:08,736  INFO [LocalJobRunner Map Task Executor #0] mapred.MapTask: bufstart = 0; bufend = 38; bufvoid = 104857600
2024-04-23T20:46:08,736  INFO [LocalJobRunner Map Task Executor #0] mapred.MapTask: kvstart = 26214396(104857584); kvend = 26214392(104857568); length = 5/6553600
2024-04-23T20:46:08,752  INFO [LocalJobRunner Map Task Executor #0] mapred.MapTask: Finished spill 0
2024-04-23T20:46:08,762  INFO [LocalJobRunner Map Task Executor #0] mapred.Task: Task:attempt_local1507887442_0001_m_000000_0 is done. And is in the process of committing
2024-04-23T20:46:08,764  INFO [LocalJobRunner Map Task Executor #0] mapred.LocalJobRunner: map
2024-04-23T20:46:08,764  INFO [LocalJobRunner Map Task Executor #0] mapred.Task: Task 'attempt_local1507887442_0001_m_000000_0' done.
2024-04-23T20:46:08,765  INFO [LocalJobRunner Map Task Executor #0] mapred.Task: Final Counters for attempt_local1507887442_0001_m_000000_0: Counters: 26
	File System Counters
		FILE: Number of bytes read=6020
		FILE: Number of bytes written=1184432
		FILE: Number of read operations=0
		FILE: Number of large read operations=0
		FILE: Number of write operations=0
	Map-Reduce Framework
		Map input records=4
		Map output records=2
		Map output bytes=38
		Map output materialized bytes=54
		Input split bytes=361
		Combine input records=0
		Spilled Records=2
		Failed Shuffles=0
		Merged Map outputs=0
		GC time elapsed (ms)=0
		Total committed heap usage (bytes)=932708352
	HIVE
		DESERIALIZE_ERRORS=0
		RECORDS_IN=3
		RECORDS_OUT_INTERMEDIATE=2
		RECORDS_OUT_OPERATOR_MAP_0=0
		RECORDS_OUT_OPERATOR_RS_5=2
		RECORDS_OUT_OPERATOR_SEL_1=1
		RECORDS_OUT_OPERATOR_SEL_3=2
		RECORDS_OUT_OPERATOR_TS_0=1
		RECORDS_OUT_OPERATOR_UDTF_2=2
	File Input Format Counters 
		Bytes Read=5615
2024-04-23T20:46:08,765  INFO [LocalJobRunner Map Task Executor #0] mapred.LocalJobRunner: Finishing task: attempt_local1507887442_0001_m_000000_0
2024-04-23T20:46:08,766  INFO [Thread-75] mapred.LocalJobRunner: map task executor complete.
2024-04-23T20:46:08,770  INFO [Thread-75] mapred.LocalJobRunner: Waiting for reduce tasks
2024-04-23T20:46:08,771  INFO [pool-8-thread-1] mapred.LocalJobRunner: Starting task: attempt_local1507887442_0001_r_000000_0
2024-04-23T20:46:08,777  INFO [pool-8-thread-1] mapred.Task:  Using ResourceCalculatorProcessTree : [ ]
2024-04-23T20:46:08,780  INFO [pool-8-thread-1] mapred.ReduceTask: Using ShuffleConsumerPlugin: org.apache.hadoop.mapreduce.task.reduce.Shuffle@7589b5c1
2024-04-23T20:46:08,781  WARN [pool-8-thread-1] impl.MetricsSystemImpl: JobTracker metrics system already initialized!
2024-04-23T20:46:08,797  INFO [pool-8-thread-1] reduce.MergeManagerImpl: MergerManager: memoryLimit=1336252800, maxSingleShuffleLimit=334063200, mergeThreshold=881926912, ioSortFactor=10, memToMemMergeOutputsThreshold=10
2024-04-23T20:46:08,799  INFO [EventFetcher for fetching Map Completion Events] reduce.EventFetcher: attempt_local1507887442_0001_r_000000_0 Thread started: EventFetcher for fetching Map Completion Events
2024-04-23T20:46:08,823  INFO [localfetcher#1] reduce.LocalFetcher: localfetcher#1 about to shuffle output of map attempt_local1507887442_0001_m_000000_0 decomp: 23 len: 27 to MEMORY
2024-04-23T20:46:08,825  INFO [localfetcher#1] reduce.InMemoryMapOutput: Read 23 bytes from map-output for attempt_local1507887442_0001_m_000000_0
2024-04-23T20:46:08,827  INFO [localfetcher#1] reduce.MergeManagerImpl: closeInMemoryFile -> map-output of size: 23, inMemoryMapOutputs.size() -> 1, commitMemory -> 0, usedMemory ->23
2024-04-23T20:46:08,828  INFO [EventFetcher for fetching Map Completion Events] reduce.EventFetcher: EventFetcher is interrupted.. Returning
2024-04-23T20:46:08,829  INFO [pool-8-thread-1] mapred.LocalJobRunner: 1 / 1 copied.
2024-04-23T20:46:08,829  INFO [pool-8-thread-1] reduce.MergeManagerImpl: finalMerge called with 1 in-memory map-outputs and 0 on-disk map-outputs
2024-04-23T20:46:08,840  INFO [pool-8-thread-1] mapred.Merger: Merging 1 sorted segments
2024-04-23T20:46:08,840  INFO [pool-8-thread-1] mapred.Merger: Down to the last merge-pass, with 1 segments left of total size: 11 bytes
2024-04-23T20:46:08,844  INFO [pool-8-thread-1] reduce.MergeManagerImpl: Merged 1 segments, 23 bytes to disk to satisfy reduce memory limit
2024-04-23T20:46:08,844  INFO [pool-8-thread-1] reduce.MergeManagerImpl: Merging 1 files, 27 bytes from disk
2024-04-23T20:46:08,844  INFO [pool-8-thread-1] reduce.MergeManagerImpl: Merging 0 segments, 0 bytes from memory into reduce
2024-04-23T20:46:08,844  INFO [pool-8-thread-1] mapred.Merger: Merging 1 sorted segments
2024-04-23T20:46:08,845  INFO [pool-8-thread-1] mapred.Merger: Down to the last merge-pass, with 1 segments left of total size: 11 bytes
2024-04-23T20:46:08,845  INFO [pool-8-thread-1] mapred.LocalJobRunner: 1 / 1 copied.
2024-04-23T20:46:08,847  INFO [pool-8-thread-1] exec.SerializationUtilities: Deserializing ReduceWork using kryo
2024-04-23T20:46:08,850  INFO [pool-8-thread-1] exec.Utilities: Deserialized plan (via FILE) - name: null size: 6,27KB
2024-04-23T20:46:08,851  INFO [pool-8-thread-1] ExecReducer: 
<SEL>Id =6
  <Children>
    <FS>Id =7
      <Children>
      <\Children>
      <Parent>Id = 6 null<\Parent>
    <\FS>
  <\Children>
  <Parent><\Parent>
<\SEL>
2024-04-23T20:46:08,851  INFO [pool-8-thread-1] exec.SelectOperator: Initializing Operator: SEL[6]
2024-04-23T20:46:08,851  INFO [pool-8-thread-1] exec.SelectOperator: SELECT struct<key:struct<reducesinkkey0:int>,value:struct<_col0:varchar(128)>>
2024-04-23T20:46:08,852  INFO [pool-8-thread-1] exec.FileSinkOperator: Initializing Operator: FS[7]
2024-04-23T20:46:08,852  INFO [pool-8-thread-1] exec.FileSinkOperator: Using serializer : AbstractSerDe [log=org.apache.logging.slf4j.Log4jLogger@7210f038, configuration=Optional[Configuration: core-default.xml, core-site.xml, mapred-default.xml, mapred-site.xml, yarn-default.xml, yarn-site.xml, hdfs-default.xml, hdfs-site.xml, file:/home/alex/Repositories/hive/ql/target/tmp/TestTxnCommands3/mapred/local/localRunner/alex/job_local1507887442_0001/job_local1507887442_0001.xml], properties={transactional_properties=default, name=default.acid_uap, transactional=true, columns.types=int:varchar(128), bucket_field_name=a, columns=a,b, columns.comments=&amp#0;, partition_columns.types=string, partition_columns=ds, bucketing_version=1, bucket_count=2, serialization.lib=org.apache.hadoop.hive.ql.io.orc.OrcSerde, file.inputformat=org.apache.hadoop.hive.ql.io.orc.OrcInputFormat, file.outputformat=org.apache.hadoop.hive.ql.io.orc.OrcOutputFormat, location=file:/home/alex/Repositories/hive/ql/target/tmp/org.apache.hadoop.hive.ql.TestTxnCommands3-1713930356371/warehouse/acid_uap, column.name.delimiter=,}, tableProperties={transactional_properties=default, name=default.acid_uap, transactional=true, columns.types=int:varchar(128), bucket_field_name=a, columns=a,b, columns.comments=&amp#0;, partition_columns.types=string, partition_columns=ds, bucketing_version=1, bucket_count=2, serialization.lib=org.apache.hadoop.hive.ql.io.orc.OrcSerde, file.inputformat=org.apache.hadoop.hive.ql.io.orc.OrcInputFormat, location=file:/home/alex/Repositories/hive/ql/target/tmp/org.apache.hadoop.hive.ql.TestTxnCommands3-1713930356371/warehouse/acid_uap, file.outputformat=org.apache.hadoop.hive.ql.io.orc.OrcOutputFormat, column.name.delimiter=,}, partitionProperties=Optional.empty, columnNames=[a, b], columnTypes=[int, varchar(128)], getClass()=class org.apache.hadoop.hive.ql.io.orc.OrcSerde] and formatter : org.apache.hadoop.hive.ql.io.orc.OrcOutputFormat@72a76c54
2024-04-23T20:46:08,857  INFO [pool-8-thread-1] exec.FileSinkOperator: Final Path: FS file:/home/alex/Repositories/hive/ql/target/tmp/org.apache.hadoop.hive.ql.TestTxnCommands3-1713930356371/warehouse/acid_uap/ds=tomorrow
2024-04-23T20:46:08,857  INFO [pool-8-thread-1] exec.FileSinkOperator: New Final Path: FS file:/home/alex/Repositories/hive/ql/target/tmp/org.apache.hadoop.hive.ql.TestTxnCommands3-1713930356371/warehouse/acid_uap/ds=tomorrow
2024-04-23T20:46:08,857  INFO [pool-8-thread-1] common.FileUtils: Creating directory if it doesn't exist: file:/home/alex/Repositories/hive/ql/target/tmp/org.apache.hadoop.hive.ql.TestTxnCommands3-1713930356371/warehouse/acid_uap
2024-04-23T20:46:08,876  INFO [pool-8-thread-1] exec.FileSinkOperator: FS[7]: records written - 1
2024-04-23T20:46:08,889  INFO [pool-8-thread-1] impl.HadoopShimsPre2_7: Can't get KeyProvider for ORC encryption from hadoop.security.key.provider.path.
2024-04-23T20:46:08,894  INFO [pool-8-thread-1] impl.PhysicalFsWriter: ORC writer created for path: file:/home/alex/Repositories/hive/ql/target/tmp/org.apache.hadoop.hive.ql.TestTxnCommands3-1713930356371/warehouse/acid_uap/ds=tomorrow/delta_0000001_0000001_0000/bucket_00000_0 with stripeSize: 8388608 blockSize: 268435456 compression: Compress: ZLIB buffer: 32768
2024-04-23T20:46:08,947  INFO [pool-8-thread-1] impl.WriterImpl: ORC writer created for path: file:/home/alex/Repositories/hive/ql/target/tmp/org.apache.hadoop.hive.ql.TestTxnCommands3-1713930356371/warehouse/acid_uap/ds=tomorrow/delta_0000001_0000001_0000/bucket_00000_0 with stripeSize: 8388608 options: Compress: ZLIB buffer: 32768
2024-04-23T20:46:08,961  INFO [pool-8-thread-1] exec.SelectOperator: Closing Operator: SEL[6]
2024-04-23T20:46:08,961  INFO [pool-8-thread-1] exec.SelectOperator: RECORDS_OUT_OPERATOR_SEL_6:1, RECORDS_OUT_INTERMEDIATE:0, 
2024-04-23T20:46:08,961  INFO [pool-8-thread-1] exec.FileSinkOperator: Closing Operator: FS[7]
2024-04-23T20:46:08,961  INFO [pool-8-thread-1] exec.FileSinkOperator: FS[7]: records written - 1
2024-04-23T20:46:09,000  INFO [pool-8-thread-1] FileOperations: Writing manifest to file:/home/alex/Repositories/hive/ql/target/tmp/org.apache.hadoop.hive.ql.TestTxnCommands3-1713930356371/warehouse/acid_uap/_tmp.delta_0000001_0000001_0000/000000_0.manifest with [file:/home/alex/Repositories/hive/ql/target/tmp/org.apache.hadoop.hive.ql.TestTxnCommands3-1713930356371/warehouse/acid_uap/ds=tomorrow/delta_0000001_0000001_0000/bucket_00000_0]
2024-04-23T20:46:09,014  INFO [pool-8-thread-1] exec.FileSinkOperator: TOTAL_TABLE_ROWS_WRITTEN:1, RECORDS_OUT_1_default.acid_uap:1, RECORDS_OUT_INTERMEDIATE:0, RECORDS_OUT_OPERATOR_FS_7:1, 
2024-04-23T20:46:09,015  INFO [pool-8-thread-1] mapred.Task: Task:attempt_local1507887442_0001_r_000000_0 is done. And is in the process of committing
2024-04-23T20:46:09,016  INFO [pool-8-thread-1] mapred.LocalJobRunner: reduce > reduce
2024-04-23T20:46:09,016  INFO [pool-8-thread-1] mapred.Task: Task 'attempt_local1507887442_0001_r_000000_0' done.
2024-04-23T20:46:09,016  INFO [pool-8-thread-1] mapred.Task: Final Counters for attempt_local1507887442_0001_r_000000_0: Counters: 30
	File System Counters
		FILE: Number of bytes read=12488
		FILE: Number of bytes written=1185535
		FILE: Number of read operations=0
		FILE: Number of large read operations=0
		FILE: Number of write operations=0
	Map-Reduce Framework
		Combine input records=0
		Combine output records=0
		Reduce input groups=1
		Reduce shuffle bytes=27
		Reduce input records=1
		Reduce output records=0
		Spilled Records=1
		Shuffled Maps =1
		Failed Shuffles=0
		Merged Map outputs=1
		GC time elapsed (ms)=0
		Total committed heap usage (bytes)=932708352
	HIVE
		CREATED_FILES=1
		RECORDS_OUT_1_default.acid_uap=1
		RECORDS_OUT_INTERMEDIATE=0
		RECORDS_OUT_OPERATOR_FS_7=1
		RECORDS_OUT_OPERATOR_SEL_6=1
		TOTAL_TABLE_ROWS_WRITTEN=1
	Shuffle Errors
		BAD_ID=0
		CONNECTION=0
		IO_ERROR=0
		WRONG_LENGTH=0
		WRONG_MAP=0
		WRONG_REDUCE=0
	File Output Format Counters 
		Bytes Written=0
2024-04-23T20:46:09,016  INFO [pool-8-thread-1] mapred.LocalJobRunner: Finishing task: attempt_local1507887442_0001_r_000000_0
2024-04-23T20:46:09,017  INFO [pool-8-thread-1] mapred.LocalJobRunner: Starting task: attempt_local1507887442_0001_r_000001_0
2024-04-23T20:46:09,017  INFO [pool-8-thread-1] mapred.Task:  Using ResourceCalculatorProcessTree : [ ]
2024-04-23T20:46:09,018  INFO [pool-8-thread-1] mapred.ReduceTask: Using ShuffleConsumerPlugin: org.apache.hadoop.mapreduce.task.reduce.Shuffle@5fa68ecf
2024-04-23T20:46:09,018  WARN [pool-8-thread-1] impl.MetricsSystemImpl: JobTracker metrics system already initialized!
2024-04-23T20:46:09,019  INFO [pool-8-thread-1] reduce.MergeManagerImpl: MergerManager: memoryLimit=1336252800, maxSingleShuffleLimit=334063200, mergeThreshold=881926912, ioSortFactor=10, memToMemMergeOutputsThreshold=10
2024-04-23T20:46:09,019  INFO [EventFetcher for fetching Map Completion Events] reduce.EventFetcher: attempt_local1507887442_0001_r_000001_0 Thread started: EventFetcher for fetching Map Completion Events
2024-04-23T20:46:09,023  INFO [localfetcher#2] reduce.LocalFetcher: localfetcher#2 about to shuffle output of map attempt_local1507887442_0001_m_000000_0 decomp: 23 len: 27 to MEMORY
2024-04-23T20:46:09,023  INFO [localfetcher#2] reduce.InMemoryMapOutput: Read 23 bytes from map-output for attempt_local1507887442_0001_m_000000_0
2024-04-23T20:46:09,023  INFO [localfetcher#2] reduce.MergeManagerImpl: closeInMemoryFile -> map-output of size: 23, inMemoryMapOutputs.size() -> 1, commitMemory -> 0, usedMemory ->23
2024-04-23T20:46:09,024  INFO [EventFetcher for fetching Map Completion Events] reduce.EventFetcher: EventFetcher is interrupted.. Returning
2024-04-23T20:46:09,024  INFO [pool-8-thread-1] mapred.LocalJobRunner: 1 / 1 copied.
2024-04-23T20:46:09,024  INFO [pool-8-thread-1] reduce.MergeManagerImpl: finalMerge called with 1 in-memory map-outputs and 0 on-disk map-outputs
2024-04-23T20:46:09,030  INFO [pool-8-thread-1] mapred.Merger: Merging 1 sorted segments
2024-04-23T20:46:09,030  INFO [pool-8-thread-1] mapred.Merger: Down to the last merge-pass, with 1 segments left of total size: 11 bytes
2024-04-23T20:46:09,034  INFO [pool-8-thread-1] reduce.MergeManagerImpl: Merged 1 segments, 23 bytes to disk to satisfy reduce memory limit
2024-04-23T20:46:09,034  INFO [pool-8-thread-1] reduce.MergeManagerImpl: Merging 1 files, 27 bytes from disk
2024-04-23T20:46:09,034  INFO [pool-8-thread-1] reduce.MergeManagerImpl: Merging 0 segments, 0 bytes from memory into reduce
2024-04-23T20:46:09,034  INFO [pool-8-thread-1] mapred.Merger: Merging 1 sorted segments
2024-04-23T20:46:09,034  INFO [pool-8-thread-1] mapred.Merger: Down to the last merge-pass, with 1 segments left of total size: 11 bytes
2024-04-23T20:46:09,035  INFO [pool-8-thread-1] mapred.LocalJobRunner: 1 / 1 copied.
2024-04-23T20:46:09,036  INFO [pool-8-thread-1] exec.SerializationUtilities: Deserializing ReduceWork using kryo
2024-04-23T20:46:09,037  INFO [pool-8-thread-1] exec.Utilities: Deserialized plan (via FILE) - name: null size: 6,27KB
2024-04-23T20:46:09,039  INFO [pool-8-thread-1] ExecReducer: 
<SEL>Id =6
  <Children>
    <FS>Id =7
      <Children>
      <\Children>
      <Parent>Id = 6 null<\Parent>
    <\FS>
  <\Children>
  <Parent><\Parent>
<\SEL>
2024-04-23T20:46:09,039  INFO [pool-8-thread-1] exec.SelectOperator: Initializing Operator: SEL[6]
2024-04-23T20:46:09,039  INFO [pool-8-thread-1] exec.SelectOperator: SELECT struct<key:struct<reducesinkkey0:int>,value:struct<_col0:varchar(128)>>
2024-04-23T20:46:09,039  INFO [pool-8-thread-1] exec.FileSinkOperator: Initializing Operator: FS[7]
2024-04-23T20:46:09,040  INFO [pool-8-thread-1] exec.FileSinkOperator: Using serializer : AbstractSerDe [log=org.apache.logging.slf4j.Log4jLogger@7210f038, configuration=Optional[Configuration: core-default.xml, core-site.xml, mapred-default.xml, mapred-site.xml, yarn-default.xml, yarn-site.xml, hdfs-default.xml, hdfs-site.xml, file:/home/alex/Repositories/hive/ql/target/tmp/TestTxnCommands3/mapred/local/localRunner/alex/job_local1507887442_0001/job_local1507887442_0001.xml], properties={transactional_properties=default, name=default.acid_uap, transactional=true, columns.types=int:varchar(128), bucket_field_name=a, columns=a,b, columns.comments=&amp#0;, partition_columns.types=string, partition_columns=ds, bucketing_version=1, bucket_count=2, serialization.lib=org.apache.hadoop.hive.ql.io.orc.OrcSerde, file.inputformat=org.apache.hadoop.hive.ql.io.orc.OrcInputFormat, file.outputformat=org.apache.hadoop.hive.ql.io.orc.OrcOutputFormat, location=file:/home/alex/Repositories/hive/ql/target/tmp/org.apache.hadoop.hive.ql.TestTxnCommands3-1713930356371/warehouse/acid_uap, column.name.delimiter=,}, tableProperties={transactional_properties=default, name=default.acid_uap, transactional=true, columns.types=int:varchar(128), bucket_field_name=a, columns=a,b, columns.comments=&amp#0;, partition_columns.types=string, partition_columns=ds, bucketing_version=1, bucket_count=2, serialization.lib=org.apache.hadoop.hive.ql.io.orc.OrcSerde, file.inputformat=org.apache.hadoop.hive.ql.io.orc.OrcInputFormat, location=file:/home/alex/Repositories/hive/ql/target/tmp/org.apache.hadoop.hive.ql.TestTxnCommands3-1713930356371/warehouse/acid_uap, file.outputformat=org.apache.hadoop.hive.ql.io.orc.OrcOutputFormat, column.name.delimiter=,}, partitionProperties=Optional.empty, columnNames=[a, b], columnTypes=[int, varchar(128)], getClass()=class org.apache.hadoop.hive.ql.io.orc.OrcSerde] and formatter : org.apache.hadoop.hive.ql.io.orc.OrcOutputFormat@71ab3c51
2024-04-23T20:46:09,041  INFO [pool-8-thread-1] exec.FileSinkOperator: Final Path: FS file:/home/alex/Repositories/hive/ql/target/tmp/org.apache.hadoop.hive.ql.TestTxnCommands3-1713930356371/warehouse/acid_uap/ds=tomorrow
2024-04-23T20:46:09,041  INFO [pool-8-thread-1] exec.FileSinkOperator: New Final Path: FS file:/home/alex/Repositories/hive/ql/target/tmp/org.apache.hadoop.hive.ql.TestTxnCommands3-1713930356371/warehouse/acid_uap/ds=tomorrow
2024-04-23T20:46:09,042  INFO [pool-8-thread-1] common.FileUtils: Creating directory if it doesn't exist: file:/home/alex/Repositories/hive/ql/target/tmp/org.apache.hadoop.hive.ql.TestTxnCommands3-1713930356371/warehouse/acid_uap
2024-04-23T20:46:09,043  INFO [pool-8-thread-1] exec.FileSinkOperator: FS[7]: records written - 1
2024-04-23T20:46:09,043  INFO [pool-8-thread-1] impl.PhysicalFsWriter: ORC writer created for path: file:/home/alex/Repositories/hive/ql/target/tmp/org.apache.hadoop.hive.ql.TestTxnCommands3-1713930356371/warehouse/acid_uap/ds=tomorrow/delta_0000001_0000001_0000/bucket_00001_0 with stripeSize: 8388608 blockSize: 268435456 compression: Compress: ZLIB buffer: 32768
2024-04-23T20:46:09,049  INFO [pool-8-thread-1] impl.WriterImpl: ORC writer created for path: file:/home/alex/Repositories/hive/ql/target/tmp/org.apache.hadoop.hive.ql.TestTxnCommands3-1713930356371/warehouse/acid_uap/ds=tomorrow/delta_0000001_0000001_0000/bucket_00001_0 with stripeSize: 8388608 options: Compress: ZLIB buffer: 32768
2024-04-23T20:46:09,049  INFO [pool-8-thread-1] exec.SelectOperator: Closing Operator: SEL[6]
2024-04-23T20:46:09,049  INFO [pool-8-thread-1] exec.SelectOperator: RECORDS_OUT_OPERATOR_SEL_6:1, RECORDS_OUT_INTERMEDIATE:0, 
2024-04-23T20:46:09,050  INFO [pool-8-thread-1] exec.FileSinkOperator: Closing Operator: FS[7]
2024-04-23T20:46:09,050  INFO [pool-8-thread-1] exec.FileSinkOperator: FS[7]: records written - 1
2024-04-23T20:46:09,054  INFO [pool-8-thread-1] FileOperations: Writing manifest to file:/home/alex/Repositories/hive/ql/target/tmp/org.apache.hadoop.hive.ql.TestTxnCommands3-1713930356371/warehouse/acid_uap/_tmp.delta_0000001_0000001_0000/000001_0.manifest with [file:/home/alex/Repositories/hive/ql/target/tmp/org.apache.hadoop.hive.ql.TestTxnCommands3-1713930356371/warehouse/acid_uap/ds=tomorrow/delta_0000001_0000001_0000/bucket_00001_0]
2024-04-23T20:46:09,066  INFO [pool-8-thread-1] exec.FileSinkOperator: RECORDS_OUT_1_default.acid_uap:1, RECORDS_OUT_INTERMEDIATE:0, TOTAL_TABLE_ROWS_WRITTEN:1, RECORDS_OUT_OPERATOR_FS_7:1, 
2024-04-23T20:46:09,066  INFO [pool-8-thread-1] mapred.Task: Task:attempt_local1507887442_0001_r_000001_0 is done. And is in the process of committing
2024-04-23T20:46:09,067  INFO [pool-8-thread-1] mapred.LocalJobRunner: reduce > reduce
2024-04-23T20:46:09,067  INFO [pool-8-thread-1] mapred.Task: Task 'attempt_local1507887442_0001_r_000001_0' done.
2024-04-23T20:46:09,068  INFO [pool-8-thread-1] mapred.Task: Final Counters for attempt_local1507887442_0001_r_000001_0: Counters: 30
	File System Counters
		FILE: Number of bytes read=18929
		FILE: Number of bytes written=1186624
		FILE: Number of read operations=0
		FILE: Number of large read operations=0
		FILE: Number of write operations=0
	Map-Reduce Framework
		Combine input records=0
		Combine output records=0
		Reduce input groups=1
		Reduce shuffle bytes=27
		Reduce input records=1
		Reduce output records=0
		Spilled Records=1
		Shuffled Maps =1
		Failed Shuffles=0
		Merged Map outputs=1
		GC time elapsed (ms)=0
		Total committed heap usage (bytes)=932708352
	HIVE
		CREATED_FILES=1
		RECORDS_OUT_1_default.acid_uap=1
		RECORDS_OUT_INTERMEDIATE=0
		RECORDS_OUT_OPERATOR_FS_7=1
		RECORDS_OUT_OPERATOR_SEL_6=1
		TOTAL_TABLE_ROWS_WRITTEN=1
	Shuffle Errors
		BAD_ID=0
		CONNECTION=0
		IO_ERROR=0
		WRONG_LENGTH=0
		WRONG_MAP=0
		WRONG_REDUCE=0
	File Output Format Counters 
		Bytes Written=0
2024-04-23T20:46:09,068  INFO [pool-8-thread-1] mapred.LocalJobRunner: Finishing task: attempt_local1507887442_0001_r_000001_0
2024-04-23T20:46:09,068  INFO [Thread-75] mapred.LocalJobRunner: reduce task executor complete.
2024-04-23 20:46:09,602 Stage-1 map = 100%,  reduce = 100%
2024-04-23T20:46:09,602  INFO [main] exec.Task: 2024-04-23 20:46:09,602 Stage-1 map = 100%,  reduce = 100%
Ended Job = job_local1507887442_0001
2024-04-23T20:46:09,605  INFO [main] exec.Task: Ended Job = job_local1507887442_0001
2024-04-23T20:46:09,607  INFO [main] FileOperations: Found manifest file file:/home/alex/Repositories/hive/ql/target/tmp/org.apache.hadoop.hive.ql.TestTxnCommands3-1713930356371/warehouse/acid_uap/_tmp.delta_0000001_0000001_0000/000000_0.manifest with attemptId 0.
2024-04-23T20:46:09,607  INFO [main] FileOperations: Found manifest file file:/home/alex/Repositories/hive/ql/target/tmp/org.apache.hadoop.hive.ql.TestTxnCommands3-1713930356371/warehouse/acid_uap/_tmp.delta_0000001_0000001_0000/000001_0.manifest with attemptId 0.
2024-04-23T20:46:09,607  INFO [main] FileOperations: Looking at manifest file: file:/home/alex/Repositories/hive/ql/target/tmp/org.apache.hadoop.hive.ql.TestTxnCommands3-1713930356371/warehouse/acid_uap/_tmp.delta_0000001_0000001_0000/000001_0.manifest
2024-04-23T20:46:09,608  INFO [main] FileOperations: Looking at manifest file: file:/home/alex/Repositories/hive/ql/target/tmp/org.apache.hadoop.hive.ql.TestTxnCommands3-1713930356371/warehouse/acid_uap/_tmp.delta_0000001_0000001_0000/000000_0.manifest
2024-04-23T20:46:09,609  INFO [main] FileOperations: Deleting manifest directory file:/home/alex/Repositories/hive/ql/target/tmp/org.apache.hadoop.hive.ql.TestTxnCommands3-1713930356371/warehouse/acid_uap/_tmp.delta_0000001_0000001_0000
2024-04-23T20:46:09,612  INFO [main] ql.Driver: Starting task [Stage-0:MOVE] in serial mode
Loading data to table default.acid_uap partition (ds=tomorrow)
2024-04-23T20:46:09,613  INFO [main] exec.Task: Loading data to table default.acid_uap partition (ds=tomorrow) from file:/home/alex/Repositories/hive/ql/target/tmp/org.apache.hadoop.hive.ql.TestTxnCommands3-1713930356371/warehouse/acid_uap/ds=tomorrow
2024-04-23T20:46:09,613  INFO [main] HiveMetaStore.audit: ugi=alex	ip=unknown-ip-addr	cmd=get_table : tbl=hive.default.acid_uap	
2024-04-23T20:46:09,624  INFO [main] metastore.HMSHandler: Skipping translation for processor with null
2024-04-23T20:46:09,624  INFO [main] exec.MoveTask: Partition is: {ds=tomorrow}
2024-04-23T20:46:09,625  INFO [main] HiveMetaStore.audit: ugi=alex	ip=unknown-ip-addr	cmd=partition_name_has_valid_characters	
2024-04-23T20:46:09,625  INFO [main] HiveMetaStore.audit: ugi=alex	ip=unknown-ip-addr	cmd=get_table : tbl=hive.default.acid_uap	
2024-04-23T20:46:09,636  INFO [main] metastore.HMSHandler: Skipping translation for processor with null
2024-04-23T20:46:09,636  INFO [main] HiveMetaStore.audit: ugi=alex	ip=unknown-ip-addr	cmd=get_partition_with_auth : tbl=hive.default.acid_uap[tomorrow]	
2024-04-23T20:46:09,661  WARN [main] FileOperations: Computing stats for an ACID table; stats may be inaccurate
2024-04-23T20:46:09,662  INFO [main] HiveMetaStore.audit: ugi=alex	ip=unknown-ip-addr	cmd=add_partition : tbl=hive.default.acid_uap	
2024-04-23T20:46:09,719  INFO [main] HiveMetaStore.audit: ugi=alex	ip=unknown-ip-addr	cmd=get_partition_with_auth : tbl=hive.default.acid_uap[tomorrow]	
2024-04-23T20:46:09,757  INFO [main] ql.Driver: Starting task [Stage-2:STATS] in serial mode
2024-04-23T20:46:09,758  INFO [main] HiveMetaStore.audit: ugi=alex	ip=unknown-ip-addr	cmd=get_table : tbl=hive.default.acid_uap	
2024-04-23T20:46:09,770  INFO [main] metastore.HMSHandler: Skipping translation for processor with null
2024-04-23T20:46:09,770  INFO [main] stats.BasicStatsTask: Executing stats task
2024-04-23T20:46:09,771  INFO [main] fs.FSStatsPublisher: created : file:/home/alex/Repositories/hive/ql/target/tmp/localscratchdir/4002c27b-293e-4787-8d91-c1d5d195e21e/hive_2024-04-23_20-46-05_061_7137768557580997597-1/-mr-10000
2024-04-23T20:46:09,777  INFO [main] HiveMetaStore.audit: ugi=alex	ip=unknown-ip-addr	cmd=get_table : tbl=hive.default.acid_uap	
2024-04-23T20:46:09,788  INFO [main] metastore.HMSHandler: Skipping translation for processor with null
2024-04-23T20:46:09,788  INFO [main] HiveMetaStore.audit: ugi=alex	ip=unknown-ip-addr	cmd=get_partition_with_auth : tbl=hive.default.acid_uap[tomorrow]	
2024-04-23T20:46:09,831  WARN [stats-updater-thread-0] FileOperations: Computing stats for an ACID table; stats may be inaccurate
2024-04-23T20:46:09,832  INFO [main] FileOperations: Read stats for default.acid_uap/ds=tomorrow/, numRows, true, 2, false: 
2024-04-23T20:46:09,832  INFO [main] FileOperations: Read stats for default.acid_uap/ds=tomorrow/, rawDataSize, true, 0, false: 
2024-04-23T20:46:09,832  INFO [main] stats.BasicStatsTask: Partition {ds=tomorrow} stats: [numFiles=2, numRows=2, totalSize=1409, rawDataSize=0, numFilesErasureCoded=0]
2024-04-23T20:46:09,832  INFO [main] HiveMetaStore.audit: ugi=alex	ip=unknown-ip-addr	cmd=alter_partitions : tbl=hive.default.acid_uap	
2024-04-23T20:46:09,832  INFO [main] metastore.HMSHandler: New partition values:[tomorrow]
2024-04-23T20:46:09,975  INFO [main] FileOperations: Read stats for default.acid_uap/ds=tomorrow/, insertCount, true, 2, false: 
2024-04-23T20:46:09,976  INFO [main] FileOperations: Read stats for default.acid_uap/ds=tomorrow/, updateCount, true, 0, false: 
2024-04-23T20:46:09,976  INFO [main] FileOperations: Read stats for default.acid_uap/ds=tomorrow/, deleteCount, true, 0, false: 
2024-04-23T20:46:09,980  INFO [main] metadata.Hive: Dumping metastore api call timing information for : execution phase
2024-04-23T20:46:09,981  INFO [main] metadata.Hive: Total time spent in each metastore function (ms): {validatePartitionNameCharacters_(List)=0, getPartitionWithAuthInfo_(String, String, List, String, List)=54, updateTransactionalStatistics_(UpdateTransactionalStatsRequest)=4, getValidWriteIds_(List, String)=1, getTable_(GetTableRequest)=46, add_partition_(Partition)=57, isCompatibleWith_(Configuration)=0, alter_partitions_(String, String, List, EnvironmentContext, String, long)=143}
MapReduce Jobs Launched: 
2024-04-23T20:46:09,981  INFO [main] ql.Driver: MapReduce Jobs Launched: 
Stage-Stage-1:  HDFS Read: 0 HDFS Write: 0 SUCCESS
2024-04-23T20:46:09,988  INFO [main] ql.Driver: Stage-Stage-1:  HDFS Read: 0 HDFS Write: 0 SUCCESS
Total MapReduce CPU Time Spent: 0 msec
2024-04-23T20:46:09,988  INFO [main] ql.Driver: Total MapReduce CPU Time Spent: 0 msec
2024-04-23T20:46:09,988  INFO [main] ql.Driver: Completed executing command(queryId=alex_20240423204605_49f2d814-76f9-4bd5-bdb1-3bb0be8f9a7c); Time taken: 2.157 seconds
2024-04-23T20:46:09,988  INFO [main] lockmgr.DbTxnManager: Stopped heartbeat for query: alex_20240423204605_49f2d814-76f9-4bd5-bdb1-3bb0be8f9a7c
2024-04-23T20:46:10,001  INFO [main] txn.TxnHandler: Removed transactions: ([15]) from MIN_HISTORY_LEVEL
2024-04-23T20:46:10,001  WARN [main] txn.CompactionTxnHandler: No compaction queue record found for Compaction type transaction commit. txnId:15
2024-04-23T20:46:10,002  INFO [main] ql.TxnCommandsBaseForTests: Running the query: insert into table acid_uap partition (ds='today') values (1, 'bah'),(2, 'yah')
2024-04-23T20:46:10,003  INFO [main] ql.Context: Deleting scratch dir: file:/home/alex/Repositories/hive/ql/target/tmp/localscratchdir/4002c27b-293e-4787-8d91-c1d5d195e21e/hive_2024-04-23_20-46-05_061_7137768557580997597-1
2024-04-23T20:46:10,004  INFO [main] cleanup.SyncCleanupService: Deleted directory: file:/home/alex/Repositories/hive/ql/target/tmp/localscratchdir/4002c27b-293e-4787-8d91-c1d5d195e21e/hive_2024-04-23_20-46-05_061_7137768557580997597-1 on fs with scheme file
2024-04-23T20:46:10,004  INFO [main] ql.Driver: Compiling command(queryId=alex_20240423204610_1fa69d88-9006-4e34-9fc0-ab6df8db3c24): insert into table acid_uap partition (ds='today') values (1, 'bah'),(2, 'yah')
2024-04-23T20:46:10,012  INFO [main] txn.TxnHandler: Added entries to MIN_HISTORY_LEVEL for current txns: ([16]) with min_open_txn: 16
2024-04-23T20:46:10,012  INFO [main] lockmgr.DbTxnManager: Opened txnid:16
2024-04-23T20:46:10,015  INFO [main] parse.CalcitePlanner: Starting caching scope for: 
2024-04-23T20:46:10,015  INFO [main] parse.CalcitePlanner: Starting Semantic Analysis
2024-04-23T20:46:10,019  INFO [main] HiveMetaStore.audit: ugi=alex	ip=unknown-ip-addr	cmd=get_table : tbl=hive.default.acid_uap	
2024-04-23T20:46:10,031  INFO [main] metastore.HMSHandler: Skipping translation for processor with null
2024-04-23T20:46:10,031  INFO [main] parse.CalcitePlanner: Completed phase 1 of Semantic Analysis
2024-04-23T20:46:10,031  INFO [main] parse.CalcitePlanner: Get metadata for source tables
2024-04-23T20:46:10,031  INFO [main] parse.CalcitePlanner: Get metadata for subqueries
2024-04-23T20:46:10,031  INFO [main] parse.CalcitePlanner: Get metadata for destination tables
2024-04-23T20:46:10,031  INFO [main] HiveMetaStore.audit: ugi=alex	ip=unknown-ip-addr	cmd=get_table : tbl=hive.default.acid_uap	
2024-04-23T20:46:10,043  INFO [main] metastore.HMSHandler: Skipping translation for processor with null
2024-04-23T20:46:10,043  INFO [main] HiveMetaStore.audit: ugi=alex	ip=unknown-ip-addr	cmd=get_partition_with_auth : tbl=hive.default.acid_uap[today]	
2024-04-23T20:46:10,050  INFO [main] parse.CalcitePlanner: Completed getting MetaData in Semantic Analysis
2024-04-23T20:46:10,051  INFO [main] parse.CalcitePlanner: Disabling LLAP IO encode as ETL query is detected
2024-04-23T20:46:10,082  INFO [main] HiveMetaStore.audit: ugi=alex	ip=unknown-ip-addr	cmd=get_all_table_constraints : tbl=hive._dummy_database._dummy_table	
2024-04-23T20:46:10,201  INFO [main] parse.CalcitePlanner: Get metadata for source tables
2024-04-23T20:46:10,201  INFO [main] parse.CalcitePlanner: Get metadata for subqueries
2024-04-23T20:46:10,201  INFO [main] parse.CalcitePlanner: Get metadata for source tables
2024-04-23T20:46:10,202  INFO [main] HiveMetaStore.audit: ugi=alex	ip=unknown-ip-addr	cmd=get_table : tbl=hive._dummy_database._dummy_table	
2024-04-23T20:46:10,206  INFO [main] parse.CalcitePlanner: Get metadata for subqueries
2024-04-23T20:46:10,206  INFO [main] parse.CalcitePlanner: Get metadata for destination tables
2024-04-23T20:46:10,206  INFO [main] parse.CalcitePlanner: Get metadata for destination tables
2024-04-23T20:46:10,207  INFO [main] HiveMetaStore.audit: ugi=alex	ip=unknown-ip-addr	cmd=get_table : tbl=hive.default.acid_uap	
2024-04-23T20:46:10,219  INFO [main] metastore.HMSHandler: Skipping translation for processor with null
2024-04-23T20:46:10,220  INFO [main] HiveMetaStore.audit: ugi=alex	ip=unknown-ip-addr	cmd=get_partition_with_auth : tbl=hive.default.acid_uap[today]	
2024-04-23T20:46:10,230  INFO [main] HiveMetaStore.audit: ugi=alex	ip=unknown-ip-addr	cmd=get_not_null_constraints : tbl=hive.default.acid_uap	
2024-04-23T20:46:10,232  INFO [main] HiveMetaStore.audit: ugi=alex	ip=unknown-ip-addr	cmd=get_check_constraints : tbl=hive.default.acid_uap	
2024-04-23T20:46:10,242  INFO [main] txn.TxnHandler: Allocated writeId: 2 for txnId: 16
2024-04-23T20:46:10,242  INFO [main] txn.TxnHandler: Allocated write ids for dbName=default, tblName=acid_uap (txnIds: [16])
2024-04-23T20:46:10,244  INFO [main] parse.CalcitePlanner: CBO Succeeded; optimized logical plan.
2024-04-23T20:46:10,250  INFO [main] optimizer.ColumnPrunerProcFactory: RS 5 oldColExprMap: {VALUE._col0=Column[_col1], KEY.reducesinkkey0=Column[_col0]}
2024-04-23T20:46:10,250  INFO [main] optimizer.ColumnPrunerProcFactory: RS 5 newColExprMap: {VALUE._col0=Column[_col1], KEY.reducesinkkey0=Column[_col0]}
2024-04-23T20:46:10,252  INFO [main] optimizer.BucketVersionPopulator: not considering bucketingVersion for: TS[0] because it has -1<2 buckets 
2024-04-23T20:46:10,253  INFO [main] optimizer.SortedDynPartitionOptimizer: Sorted dynamic partitioning optimization kicked in..
2024-04-23T20:46:10,263  INFO [main] HiveMetaStore.audit: ugi=alex	ip=unknown-ip-addr	cmd=get_table : tbl=hive.default.acid_uap	
2024-04-23T20:46:10,275  INFO [main] metastore.HMSHandler: Skipping translation for processor with null
2024-04-23T20:46:10,276  INFO [main] physical.Vectorizer: Examining input format to see if vectorization is enabled.
2024-04-23T20:46:10,277  INFO [main] physical.Vectorizer: Map vectorization enabled: false
2024-04-23T20:46:10,277  INFO [main] physical.Vectorizer: Map vectorized: false
2024-04-23T20:46:10,277  INFO [main] physical.Vectorizer: Map vectorizedVertexNum: 0
2024-04-23T20:46:10,277  INFO [main] physical.Vectorizer: Map enabledConditionsMet: [hive.vectorized.use.vectorized.input.format IS true]
2024-04-23T20:46:10,277  INFO [main] physical.Vectorizer: Map enabledConditionsNotMet: [Could not enable vectorization due to partition column names size 1 is greater than the number of table column names size 0 IS false]
2024-04-23T20:46:10,277  INFO [main] physical.Vectorizer: Map inputFileFormatClassNameSet: [org.apache.hadoop.hive.ql.io.NullRowsInputFormat]
2024-04-23T20:46:10,277  INFO [main] physical.Vectorizer: Reduce vectorization enabled: false
2024-04-23T20:46:10,277  INFO [main] physical.Vectorizer: Reduce vectorized: false
2024-04-23T20:46:10,277  INFO [main] physical.Vectorizer: Reduce vectorizedVertexNum: 1
2024-04-23T20:46:10,277  INFO [main] physical.Vectorizer: Reducer hive.vectorized.execution.reduce.enabled: true
2024-04-23T20:46:10,277  INFO [main] physical.Vectorizer: Reducer engine: mr
2024-04-23T20:46:10,277  INFO [main] parse.CalcitePlanner: Completed plan generation
2024-04-23T20:46:10,277  INFO [main] parse.CalcitePlanner: Ending caching scope for: 
2024-04-23T20:46:10,277  INFO [main] ql.Driver: Semantic Analysis Completed (retrial = false)
2024-04-23T20:46:10,278  INFO [main] HiveMetaStore.audit: ugi=alex	ip=unknown-ip-addr	cmd=get_partitions_ps_with_auth : tbl=hive.default.acid_uap[today]	
2024-04-23T20:46:10,297  INFO [main] ql.Driver: Created Hive schema: Schema(fieldSchemas:[FieldSchema(name:_col0, type:int, comment:null), FieldSchema(name:_col1, type:varchar(128), comment:null)], properties:null)
2024-04-23T20:46:10,297  INFO [main] metadata.Hive: Dumping metastore api call timing information for : compilation phase
2024-04-23T20:46:10,297  INFO [main] metadata.Hive: Total time spent in each metastore function (ms): {openTxn_(String, TxnType)=5, flushCache_()=1, getNotNullConstraints_(NotNullConstraintsRequest)=2, listPartitionsWithAuthInfo_(String, String, List, short, String, List)=20, getValidTxns_(long)=1, commitTxn_(CommitTxnRequest)=14, getTable_(GetTableRequest)=50, isCompatibleWith_(Configuration)=1, getValidWriteIds_(List, String)=12, allocateTableWriteId_(long, String, String)=9, getAllTableConstraints_(AllTableConstraintsRequest)=6, getCheckConstraints_(CheckConstraintsRequest)=1}
2024-04-23T20:46:10,298  INFO [main] ql.Driver: Completed compiling command(queryId=alex_20240423204610_1fa69d88-9006-4e34-9fc0-ab6df8db3c24); Time taken: 0.293 seconds
2024-04-23T20:46:10,298  INFO [main] lockmgr.DbTxnManager: Setting lock request transaction to txnid:16 for queryId=alex_20240423204610_1fa69d88-9006-4e34-9fc0-ab6df8db3c24
2024-04-23T20:46:10,299  INFO [main] lockmgr.DbLockManager: Requesting lock for queryId=alex_20240423204610_1fa69d88-9006-4e34-9fc0-ab6df8db3c24
2024-04-23T20:46:10,327  INFO [main] lockmgr.DbLockManager: Response to queryId=alex_20240423204610_1fa69d88-9006-4e34-9fc0-ab6df8db3c24 LockResponse(lockid:9, state:ACQUIRED)
2024-04-23T20:46:10,327  INFO [main] ql.Driver: Operation QUERY obtained 1 locks
2024-04-23T20:46:10,331  INFO [main] ql.Driver: Executing command(queryId=alex_20240423204610_1fa69d88-9006-4e34-9fc0-ab6df8db3c24): insert into table acid_uap partition (ds='today') values (1, 'bah'),(2, 'yah')
2024-04-23T20:46:10,331  WARN [main] ql.Driver: Hive-on-MR is deprecated in Hive 2 and may not be available in the future versions. Consider using a different execution engine (i.e. spark, tez) or using Hive 1.X releases.
Query ID = alex_20240423204610_1fa69d88-9006-4e34-9fc0-ab6df8db3c24
2024-04-23T20:46:10,331  INFO [main] ql.Driver: Query ID = alex_20240423204610_1fa69d88-9006-4e34-9fc0-ab6df8db3c24
Total jobs = 1
2024-04-23T20:46:10,331  INFO [main] ql.Driver: Total jobs = 1
Launching Job 1 out of 1
2024-04-23T20:46:10,331  INFO [main] ql.Driver: Launching Job 1 out of 1
2024-04-23T20:46:10,478  INFO [main] ql.Driver: Starting task [Stage-1:MAPRED] in serial mode
Number of reduce tasks determined at compile time: 2
2024-04-23T20:46:10,479  INFO [main] exec.Task: Number of reduce tasks determined at compile time: 2
In order to change the average load for a reducer (in bytes):
2024-04-23T20:46:10,479  INFO [main] exec.Task: In order to change the average load for a reducer (in bytes):
  set hive.exec.reducers.bytes.per.reducer=<number>
2024-04-23T20:46:10,479  INFO [main] exec.Task:   set hive.exec.reducers.bytes.per.reducer=<number>
In order to limit the maximum number of reducers:
2024-04-23T20:46:10,479  INFO [main] exec.Task: In order to limit the maximum number of reducers:
  set hive.exec.reducers.max=<number>
2024-04-23T20:46:10,479  INFO [main] exec.Task:   set hive.exec.reducers.max=<number>
In order to set a constant number of reducers:
2024-04-23T20:46:10,479  INFO [main] exec.Task: In order to set a constant number of reducers:
  set mapreduce.job.reduces=<number>
2024-04-23T20:46:10,479  INFO [main] exec.Task:   set mapreduce.job.reduces=<number>
2024-04-23T20:46:10,481  INFO [main] mr.ExecDriver: Using org.apache.hadoop.hive.ql.io.HiveInputFormat
2024-04-23T20:46:10,482  INFO [main] exec.Utilities: Processing alias $hdt$_0:_dummy_table
2024-04-23T20:46:10,482  INFO [main] exec.Utilities: Adding 1 inputs; the first input is file:/home/alex/Repositories/hive/ql/target/tmp/localscratchdir/4002c27b-293e-4787-8d91-c1d5d195e21e/hive_2024-04-23_20-46-10_004_5970928226199677748-1/dummy_path
2024-04-23T20:46:10,493  INFO [main] exec.SerializationUtilities: Serializing MapWork using kryo
2024-04-23T20:46:10,495  INFO [main] exec.Utilities: Serialized plan (via FILE) - name: null size: 5,59KB
2024-04-23T20:46:10,500  INFO [main] exec.SerializationUtilities: Serializing ReduceWork using kryo
2024-04-23T20:46:10,511  INFO [main] exec.Utilities: Serialized plan (via FILE) - name: null size: 6,27KB
2024-04-23T20:46:10,512  WARN [main] impl.MetricsSystemImpl: JobTracker metrics system already initialized!
2024-04-23T20:46:10,517  INFO [main] fs.FSStatsPublisher: created : file:/home/alex/Repositories/hive/ql/target/tmp/localscratchdir/4002c27b-293e-4787-8d91-c1d5d195e21e/hive_2024-04-23_20-46-10_004_5970928226199677748-1/-mr-10000
2024-04-23T20:46:10,520  WARN [main] impl.MetricsSystemImpl: JobTracker metrics system already initialized!
2024-04-23T20:46:10,528  WARN [main] mapreduce.JobResourceUploader: Hadoop command-line option parsing not performed. Implement the Tool interface and execute your application with ToolRunner to remedy this.
2024-04-23T20:46:10,533  WARN [main] mapreduce.JobResourceUploader: No job jar file set.  User classes may not be found. See Job or Job#setJar(String).
2024-04-23T20:46:10,535  INFO [main] io.HiveInputFormat: hive.io.file.readcolumn.ids = 
2024-04-23T20:46:10,535  INFO [main] io.HiveInputFormat: hive.io.file.readcolumn.names = 
2024-04-23T20:46:10,535  INFO [main] io.HiveInputFormat: Generating splits for dirs: file:/home/alex/Repositories/hive/ql/target/tmp/localscratchdir/4002c27b-293e-4787-8d91-c1d5d195e21e/hive_2024-04-23_20-46-10_004_5970928226199677748-1/dummy_path
2024-04-23T20:46:10,535  INFO [main] io.HiveInputFormat: number of splits 1
2024-04-23T20:46:10,554  INFO [main] mapreduce.JobSubmitter: number of splits:1
2024-04-23T20:46:10,575  INFO [main] mapreduce.JobSubmitter: Submitting tokens for job: job_local1202883425_0002
2024-04-23T20:46:10,575  INFO [main] mapreduce.JobSubmitter: Executing with tokens: []
2024-04-23T20:46:10,649  INFO [main] mapreduce.Job: The url to track the job: http://localhost:8080/
Job running in-process (local Hadoop)
2024-04-23T20:46:10,649  INFO [main] exec.Task: Job running in-process (local Hadoop)
2024-04-23T20:46:10,649  INFO [Thread-156] mapred.LocalJobRunner: OutputCommitter set in config org.apache.hadoop.hive.ql.io.HiveFileFormatUtils$NullOutputCommitter
2024-04-23T20:46:10,650  INFO [Thread-156] mapred.LocalJobRunner: OutputCommitter is org.apache.hadoop.hive.ql.io.HiveFileFormatUtils$NullOutputCommitter
2024-04-23T20:46:10,651  INFO [Thread-156] mapred.LocalJobRunner: Waiting for map tasks
2024-04-23T20:46:10,652  INFO [LocalJobRunner Map Task Executor #0] mapred.LocalJobRunner: Starting task: attempt_local1202883425_0002_m_000000_0
2024-04-23T20:46:10,653  INFO [LocalJobRunner Map Task Executor #0] mapred.Task:  Using ResourceCalculatorProcessTree : [ ]
2024-04-23T20:46:10,653  INFO [LocalJobRunner Map Task Executor #0] mapred.MapTask: Processing split: org.apache.hadoop.hive.ql.io.NullRowsInputFormat:file:/home/alex/Repositories/hive/ql/target/tmp/localscratchdir/4002c27b-293e-4787-8d91-c1d5d195e21e/hive_2024-04-23_20-46-10_004_5970928226199677748-1/dummy_path/null:0+1
2024-04-23T20:46:10,654  INFO [LocalJobRunner Map Task Executor #0] exec.SerializationUtilities: Deserializing MapWork using kryo
2024-04-23T20:46:10,655  INFO [LocalJobRunner Map Task Executor #0] exec.Utilities: Deserialized plan (via FILE) - name: null size: 5,59KB
2024-04-23T20:46:10,656  INFO [LocalJobRunner Map Task Executor #0] mapred.MapTask: numReduceTasks: 2
2024-04-23T20:46:10,661  INFO [LocalJobRunner Map Task Executor #0] mapred.MapTask: (EQUATOR) 0 kvi 26214396(104857584)
2024-04-23T20:46:10,661  INFO [LocalJobRunner Map Task Executor #0] mapred.MapTask: mapreduce.task.io.sort.mb: 100
2024-04-23T20:46:10,661  INFO [LocalJobRunner Map Task Executor #0] mapred.MapTask: soft limit at 83886080
2024-04-23T20:46:10,661  INFO [LocalJobRunner Map Task Executor #0] mapred.MapTask: bufstart = 0; bufvoid = 104857600
2024-04-23T20:46:10,661  INFO [LocalJobRunner Map Task Executor #0] mapred.MapTask: kvstart = 26214396; length = 6553600
2024-04-23T20:46:10,662  INFO [LocalJobRunner Map Task Executor #0] mapred.MapTask: Map output collector class = org.apache.hadoop.mapred.MapTask$MapOutputBuffer
2024-04-23T20:46:10,662  INFO [LocalJobRunner Map Task Executor #0] exec.MapOperator: Initializing Operator: MAP[0]
2024-04-23T20:46:10,662  INFO [LocalJobRunner Map Task Executor #0] mr.ExecMapper: 
<MAP>Id =0
  <Children>null
  <\Children>
  <Parent><\Parent>
<\MAP>
2024-04-23T20:46:10,663  INFO [LocalJobRunner Map Task Executor #0] exec.TableScanOperator: Initializing Operator: TS[0]
2024-04-23T20:46:10,663  INFO [LocalJobRunner Map Task Executor #0] exec.SelectOperator: Initializing Operator: SEL[1]
2024-04-23T20:46:10,663  INFO [LocalJobRunner Map Task Executor #0] exec.SelectOperator: SELECT null
2024-04-23T20:46:10,664  INFO [LocalJobRunner Map Task Executor #0] exec.UDTFOperator: Initializing Operator: UDTF[2]
2024-04-23T20:46:10,664  INFO [LocalJobRunner Map Task Executor #0] exec.SelectOperator: Initializing Operator: SEL[3]
2024-04-23T20:46:10,664  INFO [LocalJobRunner Map Task Executor #0] exec.SelectOperator: SELECT struct<col1:int,col2:string>
2024-04-23T20:46:10,664  INFO [LocalJobRunner Map Task Executor #0] exec.ReduceSinkOperator: Initializing Operator: RS[5]
2024-04-23T20:46:10,664  INFO [LocalJobRunner Map Task Executor #0] exec.ReduceSinkOperator: Using tag = -1
2024-04-23T20:46:10,665  INFO [LocalJobRunner Map Task Executor #0] exec.ReduceSinkOperator: keys are [reducesinkkey0] num distributions: 1
2024-04-23T20:46:10,665  INFO [LocalJobRunner Map Task Executor #0] exec.ReduceSinkOperator: RS[5]: records written - 1
2024-04-23T20:46:10,665  INFO [LocalJobRunner Map Task Executor #0] exec.MapOperator: MAP[0]: records read - 1
2024-04-23T20:46:10,666  INFO [LocalJobRunner Map Task Executor #0] exec.MapOperator: Closing Operator: MAP[0]
2024-04-23T20:46:10,666  INFO [LocalJobRunner Map Task Executor #0] exec.MapOperator: MAP[0]: Total records read - 3. abort - false
2024-04-23T20:46:10,666  INFO [LocalJobRunner Map Task Executor #0] exec.MapOperator: DESERIALIZE_ERRORS:0, RECORDS_IN:3, RECORDS_OUT_OPERATOR_MAP_0:0, RECORDS_OUT_INTERMEDIATE:0, 
2024-04-23T20:46:10,666  INFO [LocalJobRunner Map Task Executor #0] exec.TableScanOperator: Closing Operator: TS[0]
2024-04-23T20:46:10,666  INFO [LocalJobRunner Map Task Executor #0] exec.TableScanOperator: RECORDS_OUT_OPERATOR_TS_0:1, RECORDS_OUT_INTERMEDIATE:0, 
2024-04-23T20:46:10,666  INFO [LocalJobRunner Map Task Executor #0] exec.SelectOperator: Closing Operator: SEL[1]
2024-04-23T20:46:10,666  INFO [LocalJobRunner Map Task Executor #0] exec.SelectOperator: RECORDS_OUT_OPERATOR_SEL_1:1, RECORDS_OUT_INTERMEDIATE:0, 
2024-04-23T20:46:10,666  INFO [LocalJobRunner Map Task Executor #0] exec.UDTFOperator: Closing Operator: UDTF[2]
2024-04-23T20:46:10,666  INFO [LocalJobRunner Map Task Executor #0] exec.UDTFOperator: RECORDS_OUT_OPERATOR_UDTF_2:2, RECORDS_OUT_INTERMEDIATE:0, 
2024-04-23T20:46:10,666  INFO [LocalJobRunner Map Task Executor #0] exec.SelectOperator: Closing Operator: SEL[3]
2024-04-23T20:46:10,666  INFO [LocalJobRunner Map Task Executor #0] exec.SelectOperator: RECORDS_OUT_INTERMEDIATE:0, RECORDS_OUT_OPERATOR_SEL_3:2, 
2024-04-23T20:46:10,666  INFO [LocalJobRunner Map Task Executor #0] exec.ReduceSinkOperator: Closing Operator: RS[5]
2024-04-23T20:46:10,666  INFO [LocalJobRunner Map Task Executor #0] exec.ReduceSinkOperator: RS[5]: Total records written - 2. abort - false
2024-04-23T20:46:10,667  INFO [LocalJobRunner Map Task Executor #0] exec.ReduceSinkOperator: RECORDS_OUT_OPERATOR_RS_5:2, RECORDS_OUT_INTERMEDIATE:2, 
2024-04-23T20:46:10,668  INFO [LocalJobRunner Map Task Executor #0] mapred.LocalJobRunner: 
2024-04-23T20:46:10,668  INFO [LocalJobRunner Map Task Executor #0] mapred.MapTask: Starting flush of map output
2024-04-23T20:46:10,668  INFO [LocalJobRunner Map Task Executor #0] mapred.MapTask: Spilling map output
2024-04-23T20:46:10,668  INFO [LocalJobRunner Map Task Executor #0] mapred.MapTask: bufstart = 0; bufend = 38; bufvoid = 104857600
2024-04-23T20:46:10,668  INFO [LocalJobRunner Map Task Executor #0] mapred.MapTask: kvstart = 26214396(104857584); kvend = 26214392(104857568); length = 5/6553600
2024-04-23T20:46:10,679  INFO [LocalJobRunner Map Task Executor #0] mapred.MapTask: Finished spill 0
2024-04-23T20:46:10,682  INFO [LocalJobRunner Map Task Executor #0] mapred.Task: Task:attempt_local1202883425_0002_m_000000_0 is done. And is in the process of committing
2024-04-23T20:46:10,683  INFO [LocalJobRunner Map Task Executor #0] mapred.LocalJobRunner: map
2024-04-23T20:46:10,683  INFO [LocalJobRunner Map Task Executor #0] mapred.Task: Task 'attempt_local1202883425_0002_m_000000_0' done.
2024-04-23T20:46:10,683  INFO [LocalJobRunner Map Task Executor #0] mapred.Task: Final Counters for attempt_local1202883425_0002_m_000000_0: Counters: 26
	File System Counters
		FILE: Number of bytes read=25671
		FILE: Number of bytes written=2371083
		FILE: Number of read operations=0
		FILE: Number of large read operations=0
		FILE: Number of write operations=0
	Map-Reduce Framework
		Map input records=4
		Map output records=2
		Map output bytes=38
		Map output materialized bytes=54
		Input split bytes=361
		Combine input records=0
		Spilled Records=2
		Failed Shuffles=0
		Merged Map outputs=0
		GC time elapsed (ms)=0
		Total committed heap usage (bytes)=938999808
	HIVE
		DESERIALIZE_ERRORS=0
		RECORDS_IN=3
		RECORDS_OUT_INTERMEDIATE=2
		RECORDS_OUT_OPERATOR_MAP_0=0
		RECORDS_OUT_OPERATOR_RS_5=2
		RECORDS_OUT_OPERATOR_SEL_1=1
		RECORDS_OUT_OPERATOR_SEL_3=2
		RECORDS_OUT_OPERATOR_TS_0=1
		RECORDS_OUT_OPERATOR_UDTF_2=2
	File Input Format Counters 
		Bytes Read=5645
2024-04-23T20:46:10,683  INFO [LocalJobRunner Map Task Executor #0] mapred.LocalJobRunner: Finishing task: attempt_local1202883425_0002_m_000000_0
2024-04-23T20:46:10,683  INFO [Thread-156] mapred.LocalJobRunner: map task executor complete.
2024-04-23T20:46:10,685  INFO [Thread-156] mapred.LocalJobRunner: Waiting for reduce tasks
2024-04-23T20:46:10,685  INFO [pool-14-thread-1] mapred.LocalJobRunner: Starting task: attempt_local1202883425_0002_r_000000_0
2024-04-23T20:46:10,686  INFO [pool-14-thread-1] mapred.Task:  Using ResourceCalculatorProcessTree : [ ]
2024-04-23T20:46:10,686  INFO [pool-14-thread-1] mapred.ReduceTask: Using ShuffleConsumerPlugin: org.apache.hadoop.mapreduce.task.reduce.Shuffle@6a394580
2024-04-23T20:46:10,686  WARN [pool-14-thread-1] impl.MetricsSystemImpl: JobTracker metrics system already initialized!
2024-04-23T20:46:10,687  INFO [pool-14-thread-1] reduce.MergeManagerImpl: MergerManager: memoryLimit=1336252800, maxSingleShuffleLimit=334063200, mergeThreshold=881926912, ioSortFactor=10, memToMemMergeOutputsThreshold=10
2024-04-23T20:46:10,688  INFO [EventFetcher for fetching Map Completion Events] reduce.EventFetcher: attempt_local1202883425_0002_r_000000_0 Thread started: EventFetcher for fetching Map Completion Events
2024-04-23T20:46:10,689  INFO [localfetcher#3] reduce.LocalFetcher: localfetcher#3 about to shuffle output of map attempt_local1202883425_0002_m_000000_0 decomp: 23 len: 27 to MEMORY
2024-04-23T20:46:10,690  INFO [localfetcher#3] reduce.InMemoryMapOutput: Read 23 bytes from map-output for attempt_local1202883425_0002_m_000000_0
2024-04-23T20:46:10,690  INFO [localfetcher#3] reduce.MergeManagerImpl: closeInMemoryFile -> map-output of size: 23, inMemoryMapOutputs.size() -> 1, commitMemory -> 0, usedMemory ->23
2024-04-23T20:46:10,690  INFO [EventFetcher for fetching Map Completion Events] reduce.EventFetcher: EventFetcher is interrupted.. Returning
2024-04-23T20:46:10,690  INFO [pool-14-thread-1] mapred.LocalJobRunner: 1 / 1 copied.
2024-04-23T20:46:10,691  INFO [pool-14-thread-1] reduce.MergeManagerImpl: finalMerge called with 1 in-memory map-outputs and 0 on-disk map-outputs
2024-04-23T20:46:10,697  INFO [pool-14-thread-1] mapred.Merger: Merging 1 sorted segments
2024-04-23T20:46:10,697  INFO [pool-14-thread-1] mapred.Merger: Down to the last merge-pass, with 1 segments left of total size: 11 bytes
2024-04-23T20:46:10,699  INFO [pool-14-thread-1] reduce.MergeManagerImpl: Merged 1 segments, 23 bytes to disk to satisfy reduce memory limit
2024-04-23T20:46:10,700  INFO [pool-14-thread-1] reduce.MergeManagerImpl: Merging 1 files, 27 bytes from disk
2024-04-23T20:46:10,700  INFO [pool-14-thread-1] reduce.MergeManagerImpl: Merging 0 segments, 0 bytes from memory into reduce
2024-04-23T20:46:10,700  INFO [pool-14-thread-1] mapred.Merger: Merging 1 sorted segments
2024-04-23T20:46:10,700  INFO [pool-14-thread-1] mapred.Merger: Down to the last merge-pass, with 1 segments left of total size: 11 bytes
2024-04-23T20:46:10,700  INFO [pool-14-thread-1] mapred.LocalJobRunner: 1 / 1 copied.
2024-04-23T20:46:10,701  INFO [pool-14-thread-1] exec.SerializationUtilities: Deserializing ReduceWork using kryo
2024-04-23T20:46:10,706  INFO [pool-14-thread-1] exec.Utilities: Deserialized plan (via FILE) - name: null size: 6,27KB
2024-04-23T20:46:10,707  INFO [pool-14-thread-1] ExecReducer: 
<SEL>Id =6
  <Children>
    <FS>Id =7
      <Children>
      <\Children>
      <Parent>Id = 6 null<\Parent>
    <\FS>
  <\Children>
  <Parent><\Parent>
<\SEL>
2024-04-23T20:46:10,707  INFO [pool-14-thread-1] exec.SelectOperator: Initializing Operator: SEL[6]
2024-04-23T20:46:10,707  INFO [pool-14-thread-1] exec.SelectOperator: SELECT struct<key:struct<reducesinkkey0:int>,value:struct<_col0:varchar(128)>>
2024-04-23T20:46:10,707  INFO [pool-14-thread-1] exec.FileSinkOperator: Initializing Operator: FS[7]
2024-04-23T20:46:10,708  INFO [pool-14-thread-1] exec.FileSinkOperator: Using serializer : AbstractSerDe [log=org.apache.logging.slf4j.Log4jLogger@7210f038, configuration=Optional[Configuration: core-default.xml, core-site.xml, mapred-default.xml, mapred-site.xml, yarn-default.xml, yarn-site.xml, hdfs-default.xml, hdfs-site.xml, file:/home/alex/Repositories/hive/ql/target/tmp/TestTxnCommands3/mapred/local/localRunner/alex/job_local1202883425_0002/job_local1202883425_0002.xml], properties={transactional_properties=default, name=default.acid_uap, transactional=true, columns.types=int:varchar(128), bucket_field_name=a, columns=a,b, columns.comments=&amp#0;, partition_columns.types=string, partition_columns=ds, bucketing_version=1, bucket_count=2, serialization.lib=org.apache.hadoop.hive.ql.io.orc.OrcSerde, file.inputformat=org.apache.hadoop.hive.ql.io.orc.OrcInputFormat, file.outputformat=org.apache.hadoop.hive.ql.io.orc.OrcOutputFormat, location=file:/home/alex/Repositories/hive/ql/target/tmp/org.apache.hadoop.hive.ql.TestTxnCommands3-1713930356371/warehouse/acid_uap, column.name.delimiter=,}, tableProperties={transactional_properties=default, name=default.acid_uap, transactional=true, columns.types=int:varchar(128), bucket_field_name=a, columns=a,b, columns.comments=&amp#0;, partition_columns.types=string, partition_columns=ds, bucketing_version=1, bucket_count=2, serialization.lib=org.apache.hadoop.hive.ql.io.orc.OrcSerde, file.inputformat=org.apache.hadoop.hive.ql.io.orc.OrcInputFormat, location=file:/home/alex/Repositories/hive/ql/target/tmp/org.apache.hadoop.hive.ql.TestTxnCommands3-1713930356371/warehouse/acid_uap, file.outputformat=org.apache.hadoop.hive.ql.io.orc.OrcOutputFormat, column.name.delimiter=,}, partitionProperties=Optional.empty, columnNames=[a, b], columnTypes=[int, varchar(128)], getClass()=class org.apache.hadoop.hive.ql.io.orc.OrcSerde] and formatter : org.apache.hadoop.hive.ql.io.orc.OrcOutputFormat@5a06fb53
2024-04-23T20:46:10,709  INFO [pool-14-thread-1] exec.FileSinkOperator: Final Path: FS file:/home/alex/Repositories/hive/ql/target/tmp/org.apache.hadoop.hive.ql.TestTxnCommands3-1713930356371/warehouse/acid_uap/ds=today
2024-04-23T20:46:10,709  INFO [pool-14-thread-1] exec.FileSinkOperator: New Final Path: FS file:/home/alex/Repositories/hive/ql/target/tmp/org.apache.hadoop.hive.ql.TestTxnCommands3-1713930356371/warehouse/acid_uap/ds=today
2024-04-23T20:46:10,709  INFO [pool-14-thread-1] common.FileUtils: Creating directory if it doesn't exist: file:/home/alex/Repositories/hive/ql/target/tmp/org.apache.hadoop.hive.ql.TestTxnCommands3-1713930356371/warehouse/acid_uap
2024-04-23T20:46:10,710  INFO [pool-14-thread-1] exec.FileSinkOperator: FS[7]: records written - 1
2024-04-23T20:46:10,711  INFO [pool-14-thread-1] impl.PhysicalFsWriter: ORC writer created for path: file:/home/alex/Repositories/hive/ql/target/tmp/org.apache.hadoop.hive.ql.TestTxnCommands3-1713930356371/warehouse/acid_uap/ds=today/delta_0000002_0000002_0000/bucket_00000_0 with stripeSize: 8388608 blockSize: 268435456 compression: Compress: ZLIB buffer: 32768
2024-04-23T20:46:10,722  INFO [pool-14-thread-1] impl.WriterImpl: ORC writer created for path: file:/home/alex/Repositories/hive/ql/target/tmp/org.apache.hadoop.hive.ql.TestTxnCommands3-1713930356371/warehouse/acid_uap/ds=today/delta_0000002_0000002_0000/bucket_00000_0 with stripeSize: 8388608 options: Compress: ZLIB buffer: 32768
2024-04-23T20:46:10,729  INFO [pool-14-thread-1] exec.SelectOperator: Closing Operator: SEL[6]
2024-04-23T20:46:10,729  INFO [pool-14-thread-1] exec.SelectOperator: RECORDS_OUT_INTERMEDIATE:0, RECORDS_OUT_OPERATOR_SEL_6:1, 
2024-04-23T20:46:10,729  INFO [pool-14-thread-1] exec.FileSinkOperator: Closing Operator: FS[7]
2024-04-23T20:46:10,729  INFO [pool-14-thread-1] exec.FileSinkOperator: FS[7]: records written - 1
2024-04-23T20:46:10,733  INFO [pool-14-thread-1] FileOperations: Writing manifest to file:/home/alex/Repositories/hive/ql/target/tmp/org.apache.hadoop.hive.ql.TestTxnCommands3-1713930356371/warehouse/acid_uap/_tmp.delta_0000002_0000002_0000/000000_0.manifest with [file:/home/alex/Repositories/hive/ql/target/tmp/org.apache.hadoop.hive.ql.TestTxnCommands3-1713930356371/warehouse/acid_uap/ds=today/delta_0000002_0000002_0000/bucket_00000_0]
2024-04-23T20:46:10,748  INFO [pool-14-thread-1] exec.FileSinkOperator: RECORDS_OUT_INTERMEDIATE:0, RECORDS_OUT_1_default.acid_uap:1, RECORDS_OUT_OPERATOR_FS_7:1, TOTAL_TABLE_ROWS_WRITTEN:1, 
2024-04-23T20:46:10,749  INFO [pool-14-thread-1] mapred.Task: Task:attempt_local1202883425_0002_r_000000_0 is done. And is in the process of committing
2024-04-23T20:46:10,750  INFO [pool-14-thread-1] mapred.LocalJobRunner: reduce > reduce
2024-04-23T20:46:10,750  INFO [pool-14-thread-1] mapred.Task: Task 'attempt_local1202883425_0002_r_000000_0' done.
2024-04-23T20:46:10,750  INFO [pool-14-thread-1] mapred.Task: Final Counters for attempt_local1202883425_0002_r_000000_0: Counters: 30
	File System Counters
		FILE: Number of bytes read=32142
		FILE: Number of bytes written=2372172
		FILE: Number of read operations=0
		FILE: Number of large read operations=0
		FILE: Number of write operations=0
	Map-Reduce Framework
		Combine input records=0
		Combine output records=0
		Reduce input groups=1
		Reduce shuffle bytes=27
		Reduce input records=1
		Reduce output records=0
		Spilled Records=1
		Shuffled Maps =1
		Failed Shuffles=0
		Merged Map outputs=1
		GC time elapsed (ms)=0
		Total committed heap usage (bytes)=938999808
	HIVE
		CREATED_FILES=1
		RECORDS_OUT_1_default.acid_uap=1
		RECORDS_OUT_INTERMEDIATE=0
		RECORDS_OUT_OPERATOR_FS_7=1
		RECORDS_OUT_OPERATOR_SEL_6=1
		TOTAL_TABLE_ROWS_WRITTEN=1
	Shuffle Errors
		BAD_ID=0
		CONNECTION=0
		IO_ERROR=0
		WRONG_LENGTH=0
		WRONG_MAP=0
		WRONG_REDUCE=0
	File Output Format Counters 
		Bytes Written=0
2024-04-23T20:46:10,751  INFO [pool-14-thread-1] mapred.LocalJobRunner: Finishing task: attempt_local1202883425_0002_r_000000_0
2024-04-23T20:46:10,751  INFO [pool-14-thread-1] mapred.LocalJobRunner: Starting task: attempt_local1202883425_0002_r_000001_0
2024-04-23T20:46:10,752  INFO [pool-14-thread-1] mapred.Task:  Using ResourceCalculatorProcessTree : [ ]
2024-04-23T20:46:10,752  INFO [pool-14-thread-1] mapred.ReduceTask: Using ShuffleConsumerPlugin: org.apache.hadoop.mapreduce.task.reduce.Shuffle@ed1b88f
2024-04-23T20:46:10,752  WARN [pool-14-thread-1] impl.MetricsSystemImpl: JobTracker metrics system already initialized!
2024-04-23T20:46:10,754  INFO [pool-14-thread-1] reduce.MergeManagerImpl: MergerManager: memoryLimit=1336252800, maxSingleShuffleLimit=334063200, mergeThreshold=881926912, ioSortFactor=10, memToMemMergeOutputsThreshold=10
2024-04-23T20:46:10,754  INFO [EventFetcher for fetching Map Completion Events] reduce.EventFetcher: attempt_local1202883425_0002_r_000001_0 Thread started: EventFetcher for fetching Map Completion Events
2024-04-23T20:46:10,758  INFO [localfetcher#4] reduce.LocalFetcher: localfetcher#4 about to shuffle output of map attempt_local1202883425_0002_m_000000_0 decomp: 23 len: 27 to MEMORY
2024-04-23T20:46:10,758  INFO [localfetcher#4] reduce.InMemoryMapOutput: Read 23 bytes from map-output for attempt_local1202883425_0002_m_000000_0
2024-04-23T20:46:10,758  INFO [localfetcher#4] reduce.MergeManagerImpl: closeInMemoryFile -> map-output of size: 23, inMemoryMapOutputs.size() -> 1, commitMemory -> 0, usedMemory ->23
2024-04-23T20:46:10,759  INFO [EventFetcher for fetching Map Completion Events] reduce.EventFetcher: EventFetcher is interrupted.. Returning
2024-04-23T20:46:10,759  INFO [pool-14-thread-1] mapred.LocalJobRunner: 1 / 1 copied.
2024-04-23T20:46:10,759  INFO [pool-14-thread-1] reduce.MergeManagerImpl: finalMerge called with 1 in-memory map-outputs and 0 on-disk map-outputs
2024-04-23T20:46:10,766  INFO [pool-14-thread-1] mapred.Merger: Merging 1 sorted segments
2024-04-23T20:46:10,766  INFO [pool-14-thread-1] mapred.Merger: Down to the last merge-pass, with 1 segments left of total size: 11 bytes
2024-04-23T20:46:10,769  INFO [pool-14-thread-1] reduce.MergeManagerImpl: Merged 1 segments, 23 bytes to disk to satisfy reduce memory limit
2024-04-23T20:46:10,769  INFO [pool-14-thread-1] reduce.MergeManagerImpl: Merging 1 files, 27 bytes from disk
2024-04-23T20:46:10,769  INFO [pool-14-thread-1] reduce.MergeManagerImpl: Merging 0 segments, 0 bytes from memory into reduce
2024-04-23T20:46:10,769  INFO [pool-14-thread-1] mapred.Merger: Merging 1 sorted segments
2024-04-23T20:46:10,769  INFO [pool-14-thread-1] mapred.Merger: Down to the last merge-pass, with 1 segments left of total size: 11 bytes
2024-04-23T20:46:10,770  INFO [pool-14-thread-1] mapred.LocalJobRunner: 1 / 1 copied.
2024-04-23T20:46:10,770  INFO [pool-14-thread-1] exec.SerializationUtilities: Deserializing ReduceWork using kryo
2024-04-23T20:46:10,772  INFO [pool-14-thread-1] exec.Utilities: Deserialized plan (via FILE) - name: null size: 6,27KB
2024-04-23T20:46:10,773  INFO [pool-14-thread-1] ExecReducer: 
<SEL>Id =6
  <Children>
    <FS>Id =7
      <Children>
      <\Children>
      <Parent>Id = 6 null<\Parent>
    <\FS>
  <\Children>
  <Parent><\Parent>
<\SEL>
2024-04-23T20:46:10,773  INFO [pool-14-thread-1] exec.SelectOperator: Initializing Operator: SEL[6]
2024-04-23T20:46:10,773  INFO [pool-14-thread-1] exec.SelectOperator: SELECT struct<key:struct<reducesinkkey0:int>,value:struct<_col0:varchar(128)>>
2024-04-23T20:46:10,774  INFO [pool-14-thread-1] exec.FileSinkOperator: Initializing Operator: FS[7]
2024-04-23T20:46:10,774  INFO [pool-14-thread-1] exec.FileSinkOperator: Using serializer : AbstractSerDe [log=org.apache.logging.slf4j.Log4jLogger@7210f038, configuration=Optional[Configuration: core-default.xml, core-site.xml, mapred-default.xml, mapred-site.xml, yarn-default.xml, yarn-site.xml, hdfs-default.xml, hdfs-site.xml, file:/home/alex/Repositories/hive/ql/target/tmp/TestTxnCommands3/mapred/local/localRunner/alex/job_local1202883425_0002/job_local1202883425_0002.xml], properties={transactional_properties=default, name=default.acid_uap, transactional=true, columns.types=int:varchar(128), bucket_field_name=a, columns=a,b, columns.comments=&amp#0;, partition_columns.types=string, partition_columns=ds, bucketing_version=1, bucket_count=2, serialization.lib=org.apache.hadoop.hive.ql.io.orc.OrcSerde, file.inputformat=org.apache.hadoop.hive.ql.io.orc.OrcInputFormat, file.outputformat=org.apache.hadoop.hive.ql.io.orc.OrcOutputFormat, location=file:/home/alex/Repositories/hive/ql/target/tmp/org.apache.hadoop.hive.ql.TestTxnCommands3-1713930356371/warehouse/acid_uap, column.name.delimiter=,}, tableProperties={transactional_properties=default, name=default.acid_uap, transactional=true, columns.types=int:varchar(128), bucket_field_name=a, columns=a,b, columns.comments=&amp#0;, partition_columns.types=string, partition_columns=ds, bucketing_version=1, bucket_count=2, serialization.lib=org.apache.hadoop.hive.ql.io.orc.OrcSerde, file.inputformat=org.apache.hadoop.hive.ql.io.orc.OrcInputFormat, location=file:/home/alex/Repositories/hive/ql/target/tmp/org.apache.hadoop.hive.ql.TestTxnCommands3-1713930356371/warehouse/acid_uap, file.outputformat=org.apache.hadoop.hive.ql.io.orc.OrcOutputFormat, column.name.delimiter=,}, partitionProperties=Optional.empty, columnNames=[a, b], columnTypes=[int, varchar(128)], getClass()=class org.apache.hadoop.hive.ql.io.orc.OrcSerde] and formatter : org.apache.hadoop.hive.ql.io.orc.OrcOutputFormat@5cadcccb
2024-04-23T20:46:10,776  INFO [pool-14-thread-1] exec.FileSinkOperator: Final Path: FS file:/home/alex/Repositories/hive/ql/target/tmp/org.apache.hadoop.hive.ql.TestTxnCommands3-1713930356371/warehouse/acid_uap/ds=today
2024-04-23T20:46:10,776  INFO [pool-14-thread-1] exec.FileSinkOperator: New Final Path: FS file:/home/alex/Repositories/hive/ql/target/tmp/org.apache.hadoop.hive.ql.TestTxnCommands3-1713930356371/warehouse/acid_uap/ds=today
2024-04-23T20:46:10,776  INFO [pool-14-thread-1] common.FileUtils: Creating directory if it doesn't exist: file:/home/alex/Repositories/hive/ql/target/tmp/org.apache.hadoop.hive.ql.TestTxnCommands3-1713930356371/warehouse/acid_uap
2024-04-23T20:46:10,777  INFO [pool-14-thread-1] exec.FileSinkOperator: FS[7]: records written - 1
2024-04-23T20:46:10,777  INFO [pool-14-thread-1] impl.PhysicalFsWriter: ORC writer created for path: file:/home/alex/Repositories/hive/ql/target/tmp/org.apache.hadoop.hive.ql.TestTxnCommands3-1713930356371/warehouse/acid_uap/ds=today/delta_0000002_0000002_0000/bucket_00001_0 with stripeSize: 8388608 blockSize: 268435456 compression: Compress: ZLIB buffer: 32768
2024-04-23T20:46:10,783  INFO [pool-14-thread-1] impl.WriterImpl: ORC writer created for path: file:/home/alex/Repositories/hive/ql/target/tmp/org.apache.hadoop.hive.ql.TestTxnCommands3-1713930356371/warehouse/acid_uap/ds=today/delta_0000002_0000002_0000/bucket_00001_0 with stripeSize: 8388608 options: Compress: ZLIB buffer: 32768
2024-04-23T20:46:10,783  INFO [pool-14-thread-1] exec.SelectOperator: Closing Operator: SEL[6]
2024-04-23T20:46:10,784  INFO [pool-14-thread-1] exec.SelectOperator: RECORDS_OUT_OPERATOR_SEL_6:1, RECORDS_OUT_INTERMEDIATE:0, 
2024-04-23T20:46:10,784  INFO [pool-14-thread-1] exec.FileSinkOperator: Closing Operator: FS[7]
2024-04-23T20:46:10,784  INFO [pool-14-thread-1] exec.FileSinkOperator: FS[7]: records written - 1
2024-04-23T20:46:10,787  INFO [pool-14-thread-1] FileOperations: Writing manifest to file:/home/alex/Repositories/hive/ql/target/tmp/org.apache.hadoop.hive.ql.TestTxnCommands3-1713930356371/warehouse/acid_uap/_tmp.delta_0000002_0000002_0000/000001_0.manifest with [file:/home/alex/Repositories/hive/ql/target/tmp/org.apache.hadoop.hive.ql.TestTxnCommands3-1713930356371/warehouse/acid_uap/ds=today/delta_0000002_0000002_0000/bucket_00001_0]
2024-04-23T20:46:10,797  INFO [pool-14-thread-1] exec.FileSinkOperator: RECORDS_OUT_INTERMEDIATE:0, RECORDS_OUT_OPERATOR_FS_7:1, TOTAL_TABLE_ROWS_WRITTEN:1, RECORDS_OUT_1_default.acid_uap:1, 
2024-04-23T20:46:10,798  INFO [pool-14-thread-1] mapred.Task: Task:attempt_local1202883425_0002_r_000001_0 is done. And is in the process of committing
2024-04-23T20:46:10,799  INFO [pool-14-thread-1] mapred.LocalJobRunner: reduce > reduce
2024-04-23T20:46:10,799  INFO [pool-14-thread-1] mapred.Task: Task 'attempt_local1202883425_0002_r_000001_0' done.
2024-04-23T20:46:10,799  INFO [pool-14-thread-1] mapred.Task: Final Counters for attempt_local1202883425_0002_r_000001_0: Counters: 30
	File System Counters
		FILE: Number of bytes read=38586
		FILE: Number of bytes written=2373263
		FILE: Number of read operations=0
		FILE: Number of large read operations=0
		FILE: Number of write operations=0
	Map-Reduce Framework
		Combine input records=0
		Combine output records=0
		Reduce input groups=1
		Reduce shuffle bytes=27
		Reduce input records=1
		Reduce output records=0
		Spilled Records=1
		Shuffled Maps =1
		Failed Shuffles=0
		Merged Map outputs=1
		GC time elapsed (ms)=0
		Total committed heap usage (bytes)=938999808
	HIVE
		CREATED_FILES=1
		RECORDS_OUT_1_default.acid_uap=1
		RECORDS_OUT_INTERMEDIATE=0
		RECORDS_OUT_OPERATOR_FS_7=1
		RECORDS_OUT_OPERATOR_SEL_6=1
		TOTAL_TABLE_ROWS_WRITTEN=1
	Shuffle Errors
		BAD_ID=0
		CONNECTION=0
		IO_ERROR=0
		WRONG_LENGTH=0
		WRONG_MAP=0
		WRONG_REDUCE=0
	File Output Format Counters 
		Bytes Written=0
2024-04-23T20:46:10,799  INFO [pool-14-thread-1] mapred.LocalJobRunner: Finishing task: attempt_local1202883425_0002_r_000001_0
2024-04-23T20:46:10,799  INFO [Thread-156] mapred.LocalJobRunner: reduce task executor complete.
2024-04-23 20:46:11,664 Stage-1 map = 100%,  reduce = 100%
2024-04-23T20:46:11,664  INFO [main] exec.Task: 2024-04-23 20:46:11,664 Stage-1 map = 100%,  reduce = 100%
Ended Job = job_local1202883425_0002
2024-04-23T20:46:11,669  INFO [main] exec.Task: Ended Job = job_local1202883425_0002
2024-04-23T20:46:11,672  INFO [main] FileOperations: Found manifest file file:/home/alex/Repositories/hive/ql/target/tmp/org.apache.hadoop.hive.ql.TestTxnCommands3-1713930356371/warehouse/acid_uap/_tmp.delta_0000002_0000002_0000/000001_0.manifest with attemptId 0.
2024-04-23T20:46:11,672  INFO [main] FileOperations: Found manifest file file:/home/alex/Repositories/hive/ql/target/tmp/org.apache.hadoop.hive.ql.TestTxnCommands3-1713930356371/warehouse/acid_uap/_tmp.delta_0000002_0000002_0000/000000_0.manifest with attemptId 0.
2024-04-23T20:46:11,672  INFO [main] FileOperations: Looking at manifest file: file:/home/alex/Repositories/hive/ql/target/tmp/org.apache.hadoop.hive.ql.TestTxnCommands3-1713930356371/warehouse/acid_uap/_tmp.delta_0000002_0000002_0000/000001_0.manifest
2024-04-23T20:46:11,673  INFO [main] FileOperations: Looking at manifest file: file:/home/alex/Repositories/hive/ql/target/tmp/org.apache.hadoop.hive.ql.TestTxnCommands3-1713930356371/warehouse/acid_uap/_tmp.delta_0000002_0000002_0000/000000_0.manifest
2024-04-23T20:46:11,674  INFO [main] FileOperations: Deleting manifest directory file:/home/alex/Repositories/hive/ql/target/tmp/org.apache.hadoop.hive.ql.TestTxnCommands3-1713930356371/warehouse/acid_uap/_tmp.delta_0000002_0000002_0000
2024-04-23T20:46:11,678  INFO [main] ql.Driver: Starting task [Stage-0:MOVE] in serial mode
Loading data to table default.acid_uap partition (ds=today)
2024-04-23T20:46:11,678  INFO [main] exec.Task: Loading data to table default.acid_uap partition (ds=today) from file:/home/alex/Repositories/hive/ql/target/tmp/org.apache.hadoop.hive.ql.TestTxnCommands3-1713930356371/warehouse/acid_uap/ds=today
2024-04-23T20:46:11,679  INFO [main] HiveMetaStore.audit: ugi=alex	ip=unknown-ip-addr	cmd=get_table : tbl=hive.default.acid_uap	
2024-04-23T20:46:11,697  INFO [main] metastore.HMSHandler: Skipping translation for processor with null
2024-04-23T20:46:11,698  INFO [main] exec.MoveTask: Partition is: {ds=today}
2024-04-23T20:46:11,698  INFO [main] HiveMetaStore.audit: ugi=alex	ip=unknown-ip-addr	cmd=partition_name_has_valid_characters	
2024-04-23T20:46:11,698  INFO [main] HiveMetaStore.audit: ugi=alex	ip=unknown-ip-addr	cmd=get_table : tbl=hive.default.acid_uap	
2024-04-23T20:46:11,709  INFO [main] metastore.HMSHandler: Skipping translation for processor with null
2024-04-23T20:46:11,709  INFO [main] HiveMetaStore.audit: ugi=alex	ip=unknown-ip-addr	cmd=get_partition_with_auth : tbl=hive.default.acid_uap[today]	
2024-04-23T20:46:11,726  WARN [main] FileOperations: Computing stats for an ACID table; stats may be inaccurate
2024-04-23T20:46:11,727  INFO [main] HiveMetaStore.audit: ugi=alex	ip=unknown-ip-addr	cmd=add_partition : tbl=hive.default.acid_uap	
2024-04-23T20:46:11,753  INFO [main] HiveMetaStore.audit: ugi=alex	ip=unknown-ip-addr	cmd=get_partition_with_auth : tbl=hive.default.acid_uap[today]	
2024-04-23T20:46:11,768  INFO [main] ql.Driver: Starting task [Stage-2:STATS] in serial mode
2024-04-23T20:46:11,769  INFO [main] HiveMetaStore.audit: ugi=alex	ip=unknown-ip-addr	cmd=get_table : tbl=hive.default.acid_uap	
2024-04-23T20:46:11,778  INFO [main] metastore.HMSHandler: Skipping translation for processor with null
2024-04-23T20:46:11,779  INFO [main] stats.BasicStatsTask: Executing stats task
2024-04-23T20:46:11,779  INFO [main] fs.FSStatsPublisher: created : file:/home/alex/Repositories/hive/ql/target/tmp/localscratchdir/4002c27b-293e-4787-8d91-c1d5d195e21e/hive_2024-04-23_20-46-10_004_5970928226199677748-1/-mr-10000
2024-04-23T20:46:11,781  INFO [main] HiveMetaStore.audit: ugi=alex	ip=unknown-ip-addr	cmd=get_table : tbl=hive.default.acid_uap	
2024-04-23T20:46:11,791  INFO [main] metastore.HMSHandler: Skipping translation for processor with null
2024-04-23T20:46:11,792  INFO [main] HiveMetaStore.audit: ugi=alex	ip=unknown-ip-addr	cmd=get_partition_with_auth : tbl=hive.default.acid_uap[today]	
2024-04-23T20:46:11,817  WARN [stats-updater-thread-0] FileOperations: Computing stats for an ACID table; stats may be inaccurate
2024-04-23T20:46:11,818  INFO [main] FileOperations: Read stats for default.acid_uap/ds=today/, numRows, true, 2, false: 
2024-04-23T20:46:11,818  INFO [main] FileOperations: Read stats for default.acid_uap/ds=today/, rawDataSize, true, 0, false: 
2024-04-23T20:46:11,818  INFO [main] stats.BasicStatsTask: Partition {ds=today} stats: [numFiles=2, numRows=2, totalSize=1409, rawDataSize=0, numFilesErasureCoded=0]
2024-04-23T20:46:11,818  INFO [main] HiveMetaStore.audit: ugi=alex	ip=unknown-ip-addr	cmd=alter_partitions : tbl=hive.default.acid_uap	
2024-04-23T20:46:11,818  INFO [main] metastore.HMSHandler: New partition values:[today]
2024-04-23T20:46:11,879  INFO [main] FileOperations: Read stats for default.acid_uap/ds=today/, insertCount, true, 2, false: 
2024-04-23T20:46:11,879  INFO [main] FileOperations: Read stats for default.acid_uap/ds=today/, updateCount, true, 0, false: 
2024-04-23T20:46:11,879  INFO [main] FileOperations: Read stats for default.acid_uap/ds=today/, deleteCount, true, 0, false: 
2024-04-23T20:46:11,880  INFO [main] metadata.Hive: Dumping metastore api call timing information for : execution phase
2024-04-23T20:46:11,880  INFO [main] metadata.Hive: Total time spent in each metastore function (ms): {add_partition_(Partition)=26, alter_partitions_(String, String, List, EnvironmentContext, String, long)=61, updateTransactionalStatistics_(UpdateTransactionalStatsRequest)=1, isCompatibleWith_(Configuration)=2, getValidWriteIds_(List, String)=0, getTable_(GetTableRequest)=52, validatePartitionNameCharacters_(List)=0, getPartitionWithAuthInfo_(String, String, List, String, List)=29}
MapReduce Jobs Launched: 
2024-04-23T20:46:11,881  INFO [main] ql.Driver: MapReduce Jobs Launched: 
Stage-Stage-1:  HDFS Read: 0 HDFS Write: 0 SUCCESS
2024-04-23T20:46:11,881  INFO [main] ql.Driver: Stage-Stage-1:  HDFS Read: 0 HDFS Write: 0 SUCCESS
Total MapReduce CPU Time Spent: 0 msec
2024-04-23T20:46:11,881  INFO [main] ql.Driver: Total MapReduce CPU Time Spent: 0 msec
2024-04-23T20:46:11,881  INFO [main] ql.Driver: Completed executing command(queryId=alex_20240423204610_1fa69d88-9006-4e34-9fc0-ab6df8db3c24); Time taken: 1.549 seconds
2024-04-23T20:46:11,881  INFO [main] lockmgr.DbTxnManager: Stopped heartbeat for query: alex_20240423204610_1fa69d88-9006-4e34-9fc0-ab6df8db3c24
2024-04-23T20:46:11,894  INFO [main] txn.TxnHandler: Removed transactions: ([16]) from MIN_HISTORY_LEVEL
2024-04-23T20:46:11,894  WARN [main] txn.CompactionTxnHandler: No compaction queue record found for Compaction type transaction commit. txnId:16
2024-04-23T20:46:11,895  INFO [main] ql.TxnCommandsBaseForTests: Running the query: select a,b, ds from acid_uap order by a,b, ds
2024-04-23T20:46:11,895  INFO [main] ql.Context: Deleting scratch dir: file:/home/alex/Repositories/hive/ql/target/tmp/localscratchdir/4002c27b-293e-4787-8d91-c1d5d195e21e/hive_2024-04-23_20-46-10_004_5970928226199677748-1
2024-04-23T20:46:11,896  INFO [main] cleanup.SyncCleanupService: Deleted directory: file:/home/alex/Repositories/hive/ql/target/tmp/localscratchdir/4002c27b-293e-4787-8d91-c1d5d195e21e/hive_2024-04-23_20-46-10_004_5970928226199677748-1 on fs with scheme file
2024-04-23T20:46:11,896  INFO [main] ql.Driver: Compiling command(queryId=alex_20240423204611_8fb4bbed-1c51-4b56-b391-f787eb616d75): select a,b, ds from acid_uap order by a,b, ds
2024-04-23T20:46:11,901  INFO [main] txn.TxnHandler: Added entries to MIN_HISTORY_LEVEL for current txns: ([17]) with min_open_txn: 17
2024-04-23T20:46:11,902  INFO [main] lockmgr.DbTxnManager: Opened txnid:17
2024-04-23T20:46:11,903  INFO [main] parse.CalcitePlanner: Starting caching scope for: 
2024-04-23T20:46:11,903  INFO [main] parse.CalcitePlanner: Starting Semantic Analysis
2024-04-23T20:46:11,909  INFO [main] parse.CalcitePlanner: Completed phase 1 of Semantic Analysis
2024-04-23T20:46:11,909  INFO [main] parse.CalcitePlanner: Get metadata for source tables
2024-04-23T20:46:11,910  INFO [main] HiveMetaStore.audit: ugi=alex	ip=unknown-ip-addr	cmd=get_table : tbl=hive.default.acid_uap	
2024-04-23T20:46:11,920  INFO [main] metastore.HMSHandler: Skipping translation for processor with null
2024-04-23T20:46:11,920  INFO [main] parse.CalcitePlanner: Get metadata for subqueries
2024-04-23T20:46:11,920  INFO [main] parse.CalcitePlanner: Get metadata for destination tables
2024-04-23T20:46:11,925  INFO [main] parse.CalcitePlanner: Completed getting MetaData in Semantic Analysis
2024-04-23T20:46:11,940  INFO [main] HiveMetaStore.audit: ugi=alex	ip=unknown-ip-addr	cmd=get_all_table_constraints : tbl=hive.default.acid_uap	
2024-04-23T20:46:12,057  INFO [main] calcite.RelOptHiveTable: Calculating column statistics for default.acid_uap, projIndxSet: [0, 1, 2], allowMissingStats: true
2024-04-23T20:46:12,058  INFO [main] HiveMetaStore.audit: ugi=alex	ip=unknown-ip-addr	cmd=get_partitions : tbl=hive.default.acid_uap	
2024-04-23T20:46:12,109  INFO [main] HiveMetaStore.audit: ugi=alex	ip=unknown-ip-addr	cmd=get_table : tbl=hive.default.acid_uap	
2024-04-23T20:46:12,123  INFO [main] metastore.HMSHandler: Skipping translation for processor with null
2024-04-23T20:46:12,124  INFO [main] HiveMetaStore.audit: ugi=alex	ip=unknown-ip-addr	cmd=get_aggr_stats_for: table=hive.default.acid_uap	
2024-04-23T20:46:12,157  WARN [main] calcite.RelOptHiveTable: No Stats for default@acid_uap, Columns: a, b
No Stats for default@acid_uap, Columns: a, b
2024-04-23T20:46:12,157  INFO [main] SessionState: No Stats for default@acid_uap, Columns: a, b
2024-04-23T20:46:12,227  INFO [main] parse.CalcitePlanner: Get metadata for source tables
2024-04-23T20:46:12,227  INFO [main] parse.CalcitePlanner: Get metadata for subqueries
2024-04-23T20:46:12,227  INFO [main] parse.CalcitePlanner: Get metadata for destination tables
2024-04-23T20:46:12,230  INFO [main] common.FileUtils: Creating directory if it doesn't exist: file:/home/alex/Repositories/hive/ql/target/tmp/localscratchdir/4002c27b-293e-4787-8d91-c1d5d195e21e/hive_2024-04-23_20-46-11_896_7011272262604163562-1/-mr-10001/.hive-staging_hive_2024-04-23_20-46-11_896_7011272262604163562-1
2024-04-23T20:46:12,260  INFO [main] parse.CalcitePlanner: CBO Succeeded; optimized logical plan.
2024-04-23T20:46:12,264  INFO [main] optimizer.ColumnPrunerProcFactory: RS 2 oldColExprMap: {KEY.reducesinkkey0=Column[_col0], KEY.reducesinkkey2=Column[_col2], KEY.reducesinkkey1=Column[_col1]}
2024-04-23T20:46:12,264  INFO [main] optimizer.ColumnPrunerProcFactory: RS 2 newColExprMap: {KEY.reducesinkkey0=Column[_col0], KEY.reducesinkkey2=Column[_col2], KEY.reducesinkkey1=Column[_col1]}
2024-04-23T20:46:12,275  INFO [main] optimizer.SortedDynPartitionOptimizer: Sorted dynamic partitioning optimization kicked in..
2024-04-23T20:46:12,286  INFO [main] physical.Vectorizer: Examining input format to see if vectorization is enabled.
2024-04-23T20:46:12,287  INFO [main] physical.Vectorizer: Vectorization is enabled for input format(s) [org.apache.hadoop.hive.ql.io.orc.OrcInputFormat]
2024-04-23T20:46:12,287  INFO [main] physical.Vectorizer: Validating and vectorizing MapWork... (vectorizedVertexNum 0)
2024-04-23T20:46:12,299  INFO [main] physical.Vectorizer: Map vectorization enabled: true
2024-04-23T20:46:12,299  INFO [main] physical.Vectorizer: Map vectorized: true
2024-04-23T20:46:12,299  INFO [main] physical.Vectorizer: Map vectorizedVertexNum: 0
2024-04-23T20:46:12,300  INFO [main] physical.Vectorizer: Map enabledConditionsMet: [hive.vectorized.use.vectorized.input.format IS true]
2024-04-23T20:46:12,300  INFO [main] physical.Vectorizer: Map inputFileFormatClassNameSet: [org.apache.hadoop.hive.ql.io.orc.OrcInputFormat]
2024-04-23T20:46:12,300  INFO [main] physical.Vectorizer: Reduce vectorization enabled: false
2024-04-23T20:46:12,300  INFO [main] physical.Vectorizer: Reduce vectorized: false
2024-04-23T20:46:12,300  INFO [main] physical.Vectorizer: Reduce vectorizedVertexNum: 1
2024-04-23T20:46:12,300  INFO [main] physical.Vectorizer: Reducer hive.vectorized.execution.reduce.enabled: true
2024-04-23T20:46:12,300  INFO [main] physical.Vectorizer: Reducer engine: mr
2024-04-23T20:46:12,300  INFO [main] parse.CalcitePlanner: Completed plan generation
2024-04-23T20:46:12,300  INFO [main] parse.CalcitePlanner: Ending caching scope for: 
2024-04-23T20:46:12,300  INFO [main] ql.Driver: Semantic Analysis Completed (retrial = false)
2024-04-23T20:46:12,300  INFO [main] ql.Driver: Created Hive schema: Schema(fieldSchemas:[FieldSchema(name:a, type:int, comment:null), FieldSchema(name:b, type:varchar(128), comment:null), FieldSchema(name:ds, type:string, comment:null)], properties:null)
2024-04-23T20:46:12,302  INFO [main] exec.ListSinkOperator: Initializing Operator: LIST_SINK[7]
2024-04-23T20:46:12,303  INFO [main] metadata.Hive: Dumping metastore api call timing information for : compilation phase
2024-04-23T20:46:12,304  INFO [main] metadata.Hive: Total time spent in each metastore function (ms): {flushCache_()=0, commitTxn_(CommitTxnRequest)=14, getValidTxns_(long)=1, isCompatibleWith_(Configuration)=1, getTable_(GetTableRequest)=11, listPartitions_(String, String, short)=43, openTxn_(String, TxnType)=3, getValidWriteIds_(List, String)=3, getAllTableConstraints_(AllTableConstraintsRequest)=7, getAggrColStatsFor_(String, String, List, List, String, String)=46}
2024-04-23T20:46:12,304  INFO [main] ql.Driver: Completed compiling command(queryId=alex_20240423204611_8fb4bbed-1c51-4b56-b391-f787eb616d75); Time taken: 0.407 seconds
2024-04-23T20:46:12,304  INFO [main] lockmgr.DbTxnManager: Setting lock request transaction to txnid:17 for queryId=alex_20240423204611_8fb4bbed-1c51-4b56-b391-f787eb616d75
2024-04-23T20:46:12,305  INFO [main] lockmgr.DbLockManager: Requesting lock for queryId=alex_20240423204611_8fb4bbed-1c51-4b56-b391-f787eb616d75
2024-04-23T20:46:12,328  INFO [main] lockmgr.DbLockManager: Response to queryId=alex_20240423204611_8fb4bbed-1c51-4b56-b391-f787eb616d75 LockResponse(lockid:10, state:ACQUIRED)
2024-04-23T20:46:12,328  INFO [main] ql.Driver: Operation QUERY obtained 1 locks
2024-04-23T20:46:12,329  INFO [main] ql.Driver: Executing command(queryId=alex_20240423204611_8fb4bbed-1c51-4b56-b391-f787eb616d75): select a,b, ds from acid_uap order by a,b, ds
2024-04-23T20:46:12,330  WARN [main] ql.Driver: Hive-on-MR is deprecated in Hive 2 and may not be available in the future versions. Consider using a different execution engine (i.e. spark, tez) or using Hive 1.X releases.
Query ID = alex_20240423204611_8fb4bbed-1c51-4b56-b391-f787eb616d75
2024-04-23T20:46:12,330  INFO [main] ql.Driver: Query ID = alex_20240423204611_8fb4bbed-1c51-4b56-b391-f787eb616d75
Total jobs = 1
2024-04-23T20:46:12,330  INFO [main] ql.Driver: Total jobs = 1
Launching Job 1 out of 1
2024-04-23T20:46:12,330  INFO [main] ql.Driver: Launching Job 1 out of 1
2024-04-23T20:46:12,505  INFO [main] ql.Driver: Starting task [Stage-1:MAPRED] in serial mode
Number of reduce tasks determined at compile time: 1
2024-04-23T20:46:12,505  INFO [main] exec.Task: Number of reduce tasks determined at compile time: 1
In order to change the average load for a reducer (in bytes):
2024-04-23T20:46:12,505  INFO [main] exec.Task: In order to change the average load for a reducer (in bytes):
  set hive.exec.reducers.bytes.per.reducer=<number>
2024-04-23T20:46:12,505  INFO [main] exec.Task:   set hive.exec.reducers.bytes.per.reducer=<number>
In order to limit the maximum number of reducers:
2024-04-23T20:46:12,505  INFO [main] exec.Task: In order to limit the maximum number of reducers:
  set hive.exec.reducers.max=<number>
2024-04-23T20:46:12,505  INFO [main] exec.Task:   set hive.exec.reducers.max=<number>
In order to set a constant number of reducers:
2024-04-23T20:46:12,505  INFO [main] exec.Task: In order to set a constant number of reducers:
  set mapreduce.job.reduces=<number>
2024-04-23T20:46:12,505  INFO [main] exec.Task:   set mapreduce.job.reduces=<number>
2024-04-23T20:46:12,508  INFO [main] mr.ExecDriver: Using org.apache.hadoop.hive.ql.io.HiveInputFormat
2024-04-23T20:46:12,508  INFO [main] exec.Utilities: Processing alias acid_uap
2024-04-23T20:46:12,508  INFO [main] exec.Utilities: Adding 2 inputs; the first input is file:/home/alex/Repositories/hive/ql/target/tmp/org.apache.hadoop.hive.ql.TestTxnCommands3-1713930356371/warehouse/acid_uap/ds=today
2024-04-23T20:46:12,518  INFO [main] exec.SerializationUtilities: Serializing MapWork using kryo
2024-04-23T20:46:12,528  INFO [main] exec.Utilities: Serialized plan (via FILE) - name: null size: 6,90KB
2024-04-23T20:46:12,544  INFO [main] exec.SerializationUtilities: Serializing ReduceWork using kryo
2024-04-23T20:46:12,554  INFO [main] exec.Utilities: Serialized plan (via FILE) - name: null size: 7,35KB
2024-04-23T20:46:12,555  WARN [main] impl.MetricsSystemImpl: JobTracker metrics system already initialized!
2024-04-23T20:46:12,562  WARN [main] impl.MetricsSystemImpl: JobTracker metrics system already initialized!
2024-04-23T20:46:12,570  WARN [main] mapreduce.JobResourceUploader: Hadoop command-line option parsing not performed. Implement the Tool interface and execute your application with ToolRunner to remedy this.
2024-04-23T20:46:12,576  WARN [main] mapreduce.JobResourceUploader: No job jar file set.  User classes may not be found. See Job or Job#setJar(String).
2024-04-23T20:46:12,578  INFO [main] io.HiveInputFormat: hive.io.file.readcolumn.ids = 0,1
2024-04-23T20:46:12,578  INFO [main] io.HiveInputFormat: hive.io.file.readcolumn.names = a,b
2024-04-23T20:46:12,578  INFO [main] io.HiveInputFormat: Generating splits for dirs: file:/home/alex/Repositories/hive/ql/target/tmp/org.apache.hadoop.hive.ql.TestTxnCommands3-1713930356371/warehouse/acid_uap/ds=today
2024-04-23T20:46:12,578  INFO [main] orc.OrcInputFormat: getSplits started
2024-04-23T20:46:12,583  INFO [main] orc.OrcInputFormat: Context:: isAcid: true isVectorMode: true sarg: null minSplitSize: 1 maxSplitSize: 256000000 splitStrategy: HYBRID footerInSplits: false numBuckets: 2 numThreads: 10 cacheMemSize: 268435456 cacheStripeDetails: true useSoftReference: false writeIdList: default.acid_uap:2:9223372036854775807:: isTransactionalTable: true txnProperties: default 
2024-04-23T20:46:12,584  INFO [main] orc.OrcInputFormat: ORC pushdown predicate: null
2024-04-23T20:46:12,631  INFO [main] orc.OrcInputFormat: FooterCacheHitRatio: 0/4
2024-04-23T20:46:12,631  INFO [main] orc.OrcInputFormat: getSplits finished (#splits: 4). duration: 53 ms
2024-04-23T20:46:12,631  INFO [main] io.HiveInputFormat: number of splits 4
2024-04-23T20:46:12,651  INFO [main] mapreduce.JobSubmitter: number of splits:4
2024-04-23T20:46:12,670  INFO [main] mapreduce.JobSubmitter: Submitting tokens for job: job_local1836998850_0003
2024-04-23T20:46:12,670  INFO [main] mapreduce.JobSubmitter: Executing with tokens: []
2024-04-23T20:46:12,766  INFO [main] mapreduce.Job: The url to track the job: http://localhost:8080/
Job running in-process (local Hadoop)
2024-04-23T20:46:12,766  INFO [main] exec.Task: Job running in-process (local Hadoop)
2024-04-23T20:46:12,766  INFO [Thread-242] mapred.LocalJobRunner: OutputCommitter set in config org.apache.hadoop.hive.ql.io.HiveFileFormatUtils$NullOutputCommitter
2024-04-23T20:46:12,767  INFO [Thread-242] mapred.LocalJobRunner: OutputCommitter is org.apache.hadoop.hive.ql.io.HiveFileFormatUtils$NullOutputCommitter
2024-04-23T20:46:12,770  INFO [Thread-242] mapred.LocalJobRunner: Waiting for map tasks
2024-04-23T20:46:12,770  INFO [LocalJobRunner Map Task Executor #0] mapred.LocalJobRunner: Starting task: attempt_local1836998850_0003_m_000000_0
2024-04-23T20:46:12,770  INFO [LocalJobRunner Map Task Executor #0] mapred.Task:  Using ResourceCalculatorProcessTree : [ ]
2024-04-23T20:46:12,771  INFO [LocalJobRunner Map Task Executor #0] mapred.MapTask: Processing split: org.apache.hadoop.hive.ql.io.orc.OrcInputFormat:OrcSplit [file:/home/alex/Repositories/hive/ql/target/tmp/org.apache.hadoop.hive.ql.TestTxnCommands3-1713930356371/warehouse/acid_uap/ds=today/delta_0000002_0000002_0000/bucket_00001_0, start=3, length=326, isOriginal=false, fileLength=712, hasFooter=false, hasBase=true, deltas=0]
2024-04-23T20:46:12,772  INFO [LocalJobRunner Map Task Executor #0] exec.SerializationUtilities: Deserializing MapWork using kryo
2024-04-23T20:46:12,777  INFO [LocalJobRunner Map Task Executor #0] exec.Utilities: Deserialized plan (via FILE) - name: null size: 6,90KB
2024-04-23T20:46:12,782  INFO [LocalJobRunner Map Task Executor #0] orc.VectorizedOrcAcidRowBatchReader: Read ValidWriteIdList: default.acid_uap:2:9223372036854775807:::OrcSplit [file:/home/alex/Repositories/hive/ql/target/tmp/org.apache.hadoop.hive.ql.TestTxnCommands3-1713930356371/warehouse/acid_uap/ds=today/delta_0000002_0000002_0000/bucket_00001_0, start=3, length=326, isOriginal=false, fileLength=712, hasFooter=false, hasBase=true, deltas=0]
2024-04-23T20:46:12,785  INFO [LocalJobRunner Map Task Executor #0] orc.ReaderImpl: Reading ORC rows from file:/home/alex/Repositories/hive/ql/target/tmp/org.apache.hadoop.hive.ql.TestTxnCommands3-1713930356371/warehouse/acid_uap/ds=today/delta_0000002_0000002_0000/bucket_00001_0 with {include: [true, true, true], offset: 3, length: 326, schema: struct<a:int,b:varchar(128)>, includeAcidColumns: false}
2024-04-23T20:46:12,802  INFO [LocalJobRunner Map Task Executor #0] mapred.MapTask: numReduceTasks: 1
2024-04-23T20:46:12,806  INFO [LocalJobRunner Map Task Executor #0] mapred.MapTask: (EQUATOR) 0 kvi 26214396(104857584)
2024-04-23T20:46:12,806  INFO [LocalJobRunner Map Task Executor #0] mapred.MapTask: mapreduce.task.io.sort.mb: 100
2024-04-23T20:46:12,806  INFO [LocalJobRunner Map Task Executor #0] mapred.MapTask: soft limit at 83886080
2024-04-23T20:46:12,806  INFO [LocalJobRunner Map Task Executor #0] mapred.MapTask: bufstart = 0; bufvoid = 104857600
2024-04-23T20:46:12,807  INFO [LocalJobRunner Map Task Executor #0] mapred.MapTask: kvstart = 26214396; length = 6553600
2024-04-23T20:46:12,807  INFO [LocalJobRunner Map Task Executor #0] mapred.MapTask: Map output collector class = org.apache.hadoop.mapred.MapTask$MapOutputBuffer
2024-04-23T20:46:12,809  INFO [LocalJobRunner Map Task Executor #0] vector.VectorMapOperator: Initializing Operator: MAP[0]
2024-04-23T20:46:12,812  INFO [LocalJobRunner Map Task Executor #0] mr.ExecMapper: 
<MAP>Id =0
  <Children>null
  <\Children>
  <Parent><\Parent>
<\MAP>
2024-04-23T20:46:12,813  INFO [LocalJobRunner Map Task Executor #0] exec.TableScanOperator: Initializing Operator: TS[0]
2024-04-23T20:46:12,813  INFO [LocalJobRunner Map Task Executor #0] vector.VectorSelectOperator: Initializing Operator: SEL[5]
2024-04-23T20:46:12,816  INFO [LocalJobRunner Map Task Executor #0] vector.VectorReduceSinkOperator: Initializing Operator: RS[6]
2024-04-23T20:46:12,816  INFO [LocalJobRunner Map Task Executor #0] vector.VectorReduceSinkOperator: Using tag = -1
2024-04-23T20:46:12,820  INFO [LocalJobRunner Map Task Executor #0] vector.VectorReduceSinkOperator: keys are [reducesinkkey0, reducesinkkey1, reducesinkkey2] num distributions: 3
2024-04-23T20:46:12,820  INFO [LocalJobRunner Map Task Executor #0] vector.VectorReduceSinkOperator: RS[6]: records written - 1
2024-04-23T20:46:12,820  INFO [LocalJobRunner Map Task Executor #0] vector.VectorMapOperator: Closing Operator: MAP[0]
2024-04-23T20:46:12,820  INFO [LocalJobRunner Map Task Executor #0] vector.VectorMapOperator: DESERIALIZE_ERRORS:0, RECORDS_OUT_OPERATOR_MAP_0:0, RECORDS_IN:1, RECORDS_OUT_INTERMEDIATE:0, 
2024-04-23T20:46:12,820  INFO [LocalJobRunner Map Task Executor #0] exec.TableScanOperator: Closing Operator: TS[0]
2024-04-23T20:46:12,821  INFO [LocalJobRunner Map Task Executor #0] exec.TableScanOperator: RECORDS_OUT_INTERMEDIATE:0, RECORDS_OUT_OPERATOR_TS_0:1, 
2024-04-23T20:46:12,821  INFO [LocalJobRunner Map Task Executor #0] vector.VectorSelectOperator: Closing Operator: SEL[5]
2024-04-23T20:46:12,821  INFO [LocalJobRunner Map Task Executor #0] vector.VectorSelectOperator: RECORDS_OUT_OPERATOR_SEL_5:1, RECORDS_OUT_INTERMEDIATE:0, 
2024-04-23T20:46:12,821  INFO [LocalJobRunner Map Task Executor #0] vector.VectorReduceSinkOperator: Closing Operator: RS[6]
2024-04-23T20:46:12,821  INFO [LocalJobRunner Map Task Executor #0] vector.VectorReduceSinkOperator: RS[6]: Total records written - 1. abort - false
2024-04-23T20:46:12,821  INFO [LocalJobRunner Map Task Executor #0] vector.VectorReduceSinkOperator: RECORDS_OUT_INTERMEDIATE:1, RECORDS_OUT_OPERATOR_RS_6:1, 
2024-04-23T20:46:12,822  INFO [LocalJobRunner Map Task Executor #0] mapred.LocalJobRunner: 
2024-04-23T20:46:12,822  INFO [LocalJobRunner Map Task Executor #0] mapred.MapTask: Starting flush of map output
2024-04-23T20:46:12,822  INFO [LocalJobRunner Map Task Executor #0] mapred.MapTask: Spilling map output
2024-04-23T20:46:12,822  INFO [LocalJobRunner Map Task Executor #0] mapred.MapTask: bufstart = 0; bufend = 26; bufvoid = 104857600
2024-04-23T20:46:12,822  INFO [LocalJobRunner Map Task Executor #0] mapred.MapTask: kvstart = 26214396(104857584); kvend = 26214396(104857584); length = 1/6553600
2024-04-23T20:46:12,832  INFO [LocalJobRunner Map Task Executor #0] mapred.MapTask: Finished spill 0
2024-04-23T20:46:12,836  INFO [LocalJobRunner Map Task Executor #0] mapred.Task: Task:attempt_local1836998850_0003_m_000000_0 is done. And is in the process of committing
2024-04-23T20:46:12,837  INFO [LocalJobRunner Map Task Executor #0] mapred.LocalJobRunner: OrcSplit [file:/home/alex/Repositories/hive/ql/target/tmp/org.apache.hadoop.hive.ql.TestTxnCommands3-1713930356371/warehouse/acid_uap/ds=today/delta_0000002_0000002_0000/bucket_00001_0, start=3, length=326, isOriginal=false, fileLength=712, hasFooter=false, hasBase=true, deltas=0]
2024-04-23T20:46:12,837  INFO [LocalJobRunner Map Task Executor #0] mapred.Task: Task 'attempt_local1836998850_0003_m_000000_0' done.
2024-04-23T20:46:12,837  INFO [LocalJobRunner Map Task Executor #0] mapred.Task: Final Counters for attempt_local1836998850_0003_m_000000_0: Counters: 24
	File System Counters
		FILE: Number of bytes read=54306
		FILE: Number of bytes written=3558462
		FILE: Number of read operations=0
		FILE: Number of large read operations=0
		FILE: Number of write operations=0
	Map-Reduce Framework
		Map input records=1
		Map output records=1
		Map output bytes=26
		Map output materialized bytes=34
		Input split bytes=517
		Combine input records=0
		Spilled Records=1
		Failed Shuffles=0
		Merged Map outputs=0
		GC time elapsed (ms)=0
		Total committed heap usage (bytes)=1011351552
	HIVE
		DESERIALIZE_ERRORS=0
		RECORDS_IN=1
		RECORDS_OUT_INTERMEDIATE=1
		RECORDS_OUT_OPERATOR_MAP_0=0
		RECORDS_OUT_OPERATOR_RS_6=1
		RECORDS_OUT_OPERATOR_SEL_5=1
		RECORDS_OUT_OPERATOR_TS_0=1
	File Input Format Counters 
		Bytes Read=9891
2024-04-23T20:46:12,837  INFO [LocalJobRunner Map Task Executor #0] mapred.LocalJobRunner: Finishing task: attempt_local1836998850_0003_m_000000_0
2024-04-23T20:46:12,837  INFO [LocalJobRunner Map Task Executor #0] mapred.LocalJobRunner: Starting task: attempt_local1836998850_0003_m_000001_0
2024-04-23T20:46:12,838  INFO [LocalJobRunner Map Task Executor #0] mapred.Task:  Using ResourceCalculatorProcessTree : [ ]
2024-04-23T20:46:12,839  INFO [LocalJobRunner Map Task Executor #0] mapred.MapTask: Processing split: org.apache.hadoop.hive.ql.io.orc.OrcInputFormat:OrcSplit [file:/home/alex/Repositories/hive/ql/target/tmp/org.apache.hadoop.hive.ql.TestTxnCommands3-1713930356371/warehouse/acid_uap/ds=tomorrow/delta_0000001_0000001_0000/bucket_00001_0, start=3, length=326, isOriginal=false, fileLength=704, hasFooter=false, hasBase=true, deltas=0]
2024-04-23T20:46:12,839  INFO [LocalJobRunner Map Task Executor #0] exec.SerializationUtilities: Deserializing MapWork using kryo
2024-04-23T20:46:12,842  INFO [LocalJobRunner Map Task Executor #0] exec.Utilities: Deserialized plan (via FILE) - name: null size: 6,90KB
2024-04-23T20:46:12,844  INFO [LocalJobRunner Map Task Executor #0] orc.VectorizedOrcAcidRowBatchReader: Read ValidWriteIdList: default.acid_uap:2:9223372036854775807:::OrcSplit [file:/home/alex/Repositories/hive/ql/target/tmp/org.apache.hadoop.hive.ql.TestTxnCommands3-1713930356371/warehouse/acid_uap/ds=tomorrow/delta_0000001_0000001_0000/bucket_00001_0, start=3, length=326, isOriginal=false, fileLength=704, hasFooter=false, hasBase=true, deltas=0]
2024-04-23T20:46:12,845  INFO [LocalJobRunner Map Task Executor #0] orc.ReaderImpl: Reading ORC rows from file:/home/alex/Repositories/hive/ql/target/tmp/org.apache.hadoop.hive.ql.TestTxnCommands3-1713930356371/warehouse/acid_uap/ds=tomorrow/delta_0000001_0000001_0000/bucket_00001_0 with {include: [true, true, true], offset: 3, length: 326, schema: struct<a:int,b:varchar(128)>, includeAcidColumns: false}
2024-04-23T20:46:12,846  INFO [LocalJobRunner Map Task Executor #0] mapred.MapTask: numReduceTasks: 1
2024-04-23T20:46:12,851  INFO [LocalJobRunner Map Task Executor #0] mapred.MapTask: (EQUATOR) 0 kvi 26214396(104857584)
2024-04-23T20:46:12,851  INFO [LocalJobRunner Map Task Executor #0] mapred.MapTask: mapreduce.task.io.sort.mb: 100
2024-04-23T20:46:12,851  INFO [LocalJobRunner Map Task Executor #0] mapred.MapTask: soft limit at 83886080
2024-04-23T20:46:12,851  INFO [LocalJobRunner Map Task Executor #0] mapred.MapTask: bufstart = 0; bufvoid = 104857600
2024-04-23T20:46:12,851  INFO [LocalJobRunner Map Task Executor #0] mapred.MapTask: kvstart = 26214396; length = 6553600
2024-04-23T20:46:12,851  INFO [LocalJobRunner Map Task Executor #0] mapred.MapTask: Map output collector class = org.apache.hadoop.mapred.MapTask$MapOutputBuffer
2024-04-23T20:46:12,852  INFO [LocalJobRunner Map Task Executor #0] vector.VectorMapOperator: Initializing Operator: MAP[0]
2024-04-23T20:46:12,852  INFO [LocalJobRunner Map Task Executor #0] mr.ExecMapper: 
<MAP>Id =0
  <Children>null
  <\Children>
  <Parent><\Parent>
<\MAP>
2024-04-23T20:46:12,853  INFO [LocalJobRunner Map Task Executor #0] exec.TableScanOperator: Initializing Operator: TS[0]
2024-04-23T20:46:12,853  INFO [LocalJobRunner Map Task Executor #0] vector.VectorSelectOperator: Initializing Operator: SEL[5]
2024-04-23T20:46:12,853  INFO [LocalJobRunner Map Task Executor #0] vector.VectorReduceSinkOperator: Initializing Operator: RS[6]
2024-04-23T20:46:12,853  INFO [LocalJobRunner Map Task Executor #0] vector.VectorReduceSinkOperator: Using tag = -1
2024-04-23T20:46:12,854  INFO [LocalJobRunner Map Task Executor #0] vector.VectorReduceSinkOperator: keys are [reducesinkkey0, reducesinkkey1, reducesinkkey2] num distributions: 3
2024-04-23T20:46:12,854  INFO [LocalJobRunner Map Task Executor #0] vector.VectorReduceSinkOperator: RS[6]: records written - 1
2024-04-23T20:46:12,854  INFO [LocalJobRunner Map Task Executor #0] vector.VectorMapOperator: Closing Operator: MAP[0]
2024-04-23T20:46:12,854  INFO [LocalJobRunner Map Task Executor #0] vector.VectorMapOperator: RECORDS_OUT_OPERATOR_MAP_0:0, RECORDS_OUT_INTERMEDIATE:0, RECORDS_IN:1, DESERIALIZE_ERRORS:0, 
2024-04-23T20:46:12,854  INFO [LocalJobRunner Map Task Executor #0] exec.TableScanOperator: Closing Operator: TS[0]
2024-04-23T20:46:12,854  INFO [LocalJobRunner Map Task Executor #0] exec.TableScanOperator: RECORDS_OUT_OPERATOR_TS_0:1, RECORDS_OUT_INTERMEDIATE:0, 
2024-04-23T20:46:12,854  INFO [LocalJobRunner Map Task Executor #0] vector.VectorSelectOperator: Closing Operator: SEL[5]
2024-04-23T20:46:12,855  INFO [LocalJobRunner Map Task Executor #0] vector.VectorSelectOperator: RECORDS_OUT_INTERMEDIATE:0, RECORDS_OUT_OPERATOR_SEL_5:1, 
2024-04-23T20:46:12,855  INFO [LocalJobRunner Map Task Executor #0] vector.VectorReduceSinkOperator: Closing Operator: RS[6]
2024-04-23T20:46:12,855  INFO [LocalJobRunner Map Task Executor #0] vector.VectorReduceSinkOperator: RS[6]: Total records written - 1. abort - false
2024-04-23T20:46:12,855  INFO [LocalJobRunner Map Task Executor #0] vector.VectorReduceSinkOperator: RECORDS_OUT_INTERMEDIATE:1, RECORDS_OUT_OPERATOR_RS_6:1, 
2024-04-23T20:46:12,855  INFO [LocalJobRunner Map Task Executor #0] mapred.LocalJobRunner: 
2024-04-23T20:46:12,856  INFO [LocalJobRunner Map Task Executor #0] mapred.MapTask: Starting flush of map output
2024-04-23T20:46:12,856  INFO [LocalJobRunner Map Task Executor #0] mapred.MapTask: Spilling map output
2024-04-23T20:46:12,856  INFO [LocalJobRunner Map Task Executor #0] mapred.MapTask: bufstart = 0; bufend = 29; bufvoid = 104857600
2024-04-23T20:46:12,856  INFO [LocalJobRunner Map Task Executor #0] mapred.MapTask: kvstart = 26214396(104857584); kvend = 26214396(104857584); length = 1/6553600
2024-04-23T20:46:12,865  INFO [LocalJobRunner Map Task Executor #0] mapred.MapTask: Finished spill 0
2024-04-23T20:46:12,868  INFO [LocalJobRunner Map Task Executor #0] mapred.Task: Task:attempt_local1836998850_0003_m_000001_0 is done. And is in the process of committing
2024-04-23T20:46:12,869  INFO [LocalJobRunner Map Task Executor #0] mapred.LocalJobRunner: OrcSplit [file:/home/alex/Repositories/hive/ql/target/tmp/org.apache.hadoop.hive.ql.TestTxnCommands3-1713930356371/warehouse/acid_uap/ds=tomorrow/delta_0000001_0000001_0000/bucket_00001_0, start=3, length=326, isOriginal=false, fileLength=704, hasFooter=false, hasBase=true, deltas=0]
2024-04-23T20:46:12,869  INFO [LocalJobRunner Map Task Executor #0] mapred.Task: Task 'attempt_local1836998850_0003_m_000001_0' done.
2024-04-23T20:46:12,869  INFO [LocalJobRunner Map Task Executor #0] mapred.Task: Final Counters for attempt_local1836998850_0003_m_000001_0: Counters: 24
	File System Counters
		FILE: Number of bytes read=65768
		FILE: Number of bytes written=3558531
		FILE: Number of read operations=0
		FILE: Number of large read operations=0
		FILE: Number of write operations=0
	Map-Reduce Framework
		Map input records=1
		Map output records=1
		Map output bytes=29
		Map output materialized bytes=37
		Input split bytes=523
		Combine input records=0
		Spilled Records=1
		Failed Shuffles=0
		Merged Map outputs=0
		GC time elapsed (ms)=0
		Total committed heap usage (bytes)=1011351552
	HIVE
		DESERIALIZE_ERRORS=0
		RECORDS_IN=1
		RECORDS_OUT_INTERMEDIATE=1
		RECORDS_OUT_OPERATOR_MAP_0=0
		RECORDS_OUT_OPERATOR_RS_6=1
		RECORDS_OUT_OPERATOR_SEL_5=1
		RECORDS_OUT_OPERATOR_TS_0=1
	File Input Format Counters 
		Bytes Read=9859
2024-04-23T20:46:12,869  INFO [LocalJobRunner Map Task Executor #0] mapred.LocalJobRunner: Finishing task: attempt_local1836998850_0003_m_000001_0
2024-04-23T20:46:12,869  INFO [LocalJobRunner Map Task Executor #0] mapred.LocalJobRunner: Starting task: attempt_local1836998850_0003_m_000002_0
2024-04-23T20:46:12,870  INFO [LocalJobRunner Map Task Executor #0] mapred.Task:  Using ResourceCalculatorProcessTree : [ ]
2024-04-23T20:46:12,871  INFO [LocalJobRunner Map Task Executor #0] mapred.MapTask: Processing split: org.apache.hadoop.hive.ql.io.orc.OrcInputFormat:OrcSplit [file:/home/alex/Repositories/hive/ql/target/tmp/org.apache.hadoop.hive.ql.TestTxnCommands3-1713930356371/warehouse/acid_uap/ds=today/delta_0000002_0000002_0000/bucket_00000_0, start=3, length=322, isOriginal=false, fileLength=697, hasFooter=false, hasBase=true, deltas=0]
2024-04-23T20:46:12,871  INFO [LocalJobRunner Map Task Executor #0] exec.SerializationUtilities: Deserializing MapWork using kryo
2024-04-23T20:46:12,873  INFO [LocalJobRunner Map Task Executor #0] exec.Utilities: Deserialized plan (via FILE) - name: null size: 6,90KB
2024-04-23T20:46:12,874  INFO [LocalJobRunner Map Task Executor #0] orc.VectorizedOrcAcidRowBatchReader: Read ValidWriteIdList: default.acid_uap:2:9223372036854775807:::OrcSplit [file:/home/alex/Repositories/hive/ql/target/tmp/org.apache.hadoop.hive.ql.TestTxnCommands3-1713930356371/warehouse/acid_uap/ds=today/delta_0000002_0000002_0000/bucket_00000_0, start=3, length=322, isOriginal=false, fileLength=697, hasFooter=false, hasBase=true, deltas=0]
2024-04-23T20:46:12,876  INFO [LocalJobRunner Map Task Executor #0] orc.ReaderImpl: Reading ORC rows from file:/home/alex/Repositories/hive/ql/target/tmp/org.apache.hadoop.hive.ql.TestTxnCommands3-1713930356371/warehouse/acid_uap/ds=today/delta_0000002_0000002_0000/bucket_00000_0 with {include: [true, true, true], offset: 3, length: 322, schema: struct<a:int,b:varchar(128)>, includeAcidColumns: false}
2024-04-23T20:46:12,877  INFO [LocalJobRunner Map Task Executor #0] mapred.MapTask: numReduceTasks: 1
2024-04-23T20:46:12,883  INFO [LocalJobRunner Map Task Executor #0] mapred.MapTask: (EQUATOR) 0 kvi 26214396(104857584)
2024-04-23T20:46:12,883  INFO [LocalJobRunner Map Task Executor #0] mapred.MapTask: mapreduce.task.io.sort.mb: 100
2024-04-23T20:46:12,883  INFO [LocalJobRunner Map Task Executor #0] mapred.MapTask: soft limit at 83886080
2024-04-23T20:46:12,883  INFO [LocalJobRunner Map Task Executor #0] mapred.MapTask: bufstart = 0; bufvoid = 104857600
2024-04-23T20:46:12,883  INFO [LocalJobRunner Map Task Executor #0] mapred.MapTask: kvstart = 26214396; length = 6553600
2024-04-23T20:46:12,883  INFO [LocalJobRunner Map Task Executor #0] mapred.MapTask: Map output collector class = org.apache.hadoop.mapred.MapTask$MapOutputBuffer
2024-04-23T20:46:12,884  INFO [LocalJobRunner Map Task Executor #0] vector.VectorMapOperator: Initializing Operator: MAP[0]
2024-04-23T20:46:12,884  INFO [LocalJobRunner Map Task Executor #0] mr.ExecMapper: 
<MAP>Id =0
  <Children>null
  <\Children>
  <Parent><\Parent>
<\MAP>
2024-04-23T20:46:12,885  INFO [LocalJobRunner Map Task Executor #0] exec.TableScanOperator: Initializing Operator: TS[0]
2024-04-23T20:46:12,885  INFO [LocalJobRunner Map Task Executor #0] vector.VectorSelectOperator: Initializing Operator: SEL[5]
2024-04-23T20:46:12,885  INFO [LocalJobRunner Map Task Executor #0] vector.VectorReduceSinkOperator: Initializing Operator: RS[6]
2024-04-23T20:46:12,885  INFO [LocalJobRunner Map Task Executor #0] vector.VectorReduceSinkOperator: Using tag = -1
2024-04-23T20:46:12,886  INFO [LocalJobRunner Map Task Executor #0] vector.VectorReduceSinkOperator: keys are [reducesinkkey0, reducesinkkey1, reducesinkkey2] num distributions: 3
2024-04-23T20:46:12,886  INFO [LocalJobRunner Map Task Executor #0] vector.VectorReduceSinkOperator: RS[6]: records written - 1
2024-04-23T20:46:12,886  INFO [LocalJobRunner Map Task Executor #0] vector.VectorMapOperator: Closing Operator: MAP[0]
2024-04-23T20:46:12,886  INFO [LocalJobRunner Map Task Executor #0] vector.VectorMapOperator: RECORDS_IN:1, RECORDS_OUT_INTERMEDIATE:0, DESERIALIZE_ERRORS:0, RECORDS_OUT_OPERATOR_MAP_0:0, 
2024-04-23T20:46:12,886  INFO [LocalJobRunner Map Task Executor #0] exec.TableScanOperator: Closing Operator: TS[0]
2024-04-23T20:46:12,887  INFO [LocalJobRunner Map Task Executor #0] exec.TableScanOperator: RECORDS_OUT_INTERMEDIATE:0, RECORDS_OUT_OPERATOR_TS_0:1, 
2024-04-23T20:46:12,887  INFO [LocalJobRunner Map Task Executor #0] vector.VectorSelectOperator: Closing Operator: SEL[5]
2024-04-23T20:46:12,887  INFO [LocalJobRunner Map Task Executor #0] vector.VectorSelectOperator: RECORDS_OUT_INTERMEDIATE:0, RECORDS_OUT_OPERATOR_SEL_5:1, 
2024-04-23T20:46:12,887  INFO [LocalJobRunner Map Task Executor #0] vector.VectorReduceSinkOperator: Closing Operator: RS[6]
2024-04-23T20:46:12,887  INFO [LocalJobRunner Map Task Executor #0] vector.VectorReduceSinkOperator: RS[6]: Total records written - 1. abort - false
2024-04-23T20:46:12,887  INFO [LocalJobRunner Map Task Executor #0] vector.VectorReduceSinkOperator: RECORDS_OUT_OPERATOR_RS_6:1, RECORDS_OUT_INTERMEDIATE:1, 
2024-04-23T20:46:12,888  INFO [LocalJobRunner Map Task Executor #0] mapred.LocalJobRunner: 
2024-04-23T20:46:12,888  INFO [LocalJobRunner Map Task Executor #0] mapred.MapTask: Starting flush of map output
2024-04-23T20:46:12,888  INFO [LocalJobRunner Map Task Executor #0] mapred.MapTask: Spilling map output
2024-04-23T20:46:12,888  INFO [LocalJobRunner Map Task Executor #0] mapred.MapTask: bufstart = 0; bufend = 26; bufvoid = 104857600
2024-04-23T20:46:12,888  INFO [LocalJobRunner Map Task Executor #0] mapred.MapTask: kvstart = 26214396(104857584); kvend = 26214396(104857584); length = 1/6553600
2024-04-23T20:46:12,896  INFO [LocalJobRunner Map Task Executor #0] mapred.MapTask: Finished spill 0
2024-04-23T20:46:12,900  INFO [LocalJobRunner Map Task Executor #0] mapred.Task: Task:attempt_local1836998850_0003_m_000002_0 is done. And is in the process of committing
2024-04-23T20:46:12,901  INFO [LocalJobRunner Map Task Executor #0] mapred.LocalJobRunner: OrcSplit [file:/home/alex/Repositories/hive/ql/target/tmp/org.apache.hadoop.hive.ql.TestTxnCommands3-1713930356371/warehouse/acid_uap/ds=today/delta_0000002_0000002_0000/bucket_00000_0, start=3, length=322, isOriginal=false, fileLength=697, hasFooter=false, hasBase=true, deltas=0]
2024-04-23T20:46:12,901  INFO [LocalJobRunner Map Task Executor #0] mapred.Task: Task 'attempt_local1836998850_0003_m_000002_0' done.
2024-04-23T20:46:12,901  INFO [LocalJobRunner Map Task Executor #0] mapred.Task: Final Counters for attempt_local1836998850_0003_m_000002_0: Counters: 24
	File System Counters
		FILE: Number of bytes read=76690
		FILE: Number of bytes written=3558597
		FILE: Number of read operations=0
		FILE: Number of large read operations=0
		FILE: Number of write operations=0
	Map-Reduce Framework
		Map input records=1
		Map output records=1
		Map output bytes=26
		Map output materialized bytes=34
		Input split bytes=517
		Combine input records=0
		Spilled Records=1
		Failed Shuffles=0
		Merged Map outputs=0
		GC time elapsed (ms)=0
		Total committed heap usage (bytes)=1011351552
	HIVE
		DESERIALIZE_ERRORS=0
		RECORDS_IN=1
		RECORDS_OUT_INTERMEDIATE=1
		RECORDS_OUT_OPERATOR_MAP_0=0
		RECORDS_OUT_OPERATOR_RS_6=1
		RECORDS_OUT_OPERATOR_SEL_5=1
		RECORDS_OUT_OPERATOR_TS_0=1
	File Input Format Counters 
		Bytes Read=9831
2024-04-23T20:46:12,901  INFO [LocalJobRunner Map Task Executor #0] mapred.LocalJobRunner: Finishing task: attempt_local1836998850_0003_m_000002_0
2024-04-23T20:46:12,901  INFO [LocalJobRunner Map Task Executor #0] mapred.LocalJobRunner: Starting task: attempt_local1836998850_0003_m_000003_0
2024-04-23T20:46:12,902  INFO [LocalJobRunner Map Task Executor #0] mapred.Task:  Using ResourceCalculatorProcessTree : [ ]
2024-04-23T20:46:12,903  INFO [LocalJobRunner Map Task Executor #0] mapred.MapTask: Processing split: org.apache.hadoop.hive.ql.io.orc.OrcInputFormat:OrcSplit [file:/home/alex/Repositories/hive/ql/target/tmp/org.apache.hadoop.hive.ql.TestTxnCommands3-1713930356371/warehouse/acid_uap/ds=tomorrow/delta_0000001_0000001_0000/bucket_00000_0, start=3, length=322, isOriginal=false, fileLength=705, hasFooter=false, hasBase=true, deltas=0]
2024-04-23T20:46:12,903  INFO [LocalJobRunner Map Task Executor #0] exec.SerializationUtilities: Deserializing MapWork using kryo
2024-04-23T20:46:12,905  INFO [LocalJobRunner Map Task Executor #0] exec.Utilities: Deserialized plan (via FILE) - name: null size: 6,90KB
2024-04-23T20:46:12,906  INFO [LocalJobRunner Map Task Executor #0] orc.VectorizedOrcAcidRowBatchReader: Read ValidWriteIdList: default.acid_uap:2:9223372036854775807:::OrcSplit [file:/home/alex/Repositories/hive/ql/target/tmp/org.apache.hadoop.hive.ql.TestTxnCommands3-1713930356371/warehouse/acid_uap/ds=tomorrow/delta_0000001_0000001_0000/bucket_00000_0, start=3, length=322, isOriginal=false, fileLength=705, hasFooter=false, hasBase=true, deltas=0]
2024-04-23T20:46:12,907  INFO [LocalJobRunner Map Task Executor #0] orc.ReaderImpl: Reading ORC rows from file:/home/alex/Repositories/hive/ql/target/tmp/org.apache.hadoop.hive.ql.TestTxnCommands3-1713930356371/warehouse/acid_uap/ds=tomorrow/delta_0000001_0000001_0000/bucket_00000_0 with {include: [true, true, true], offset: 3, length: 322, schema: struct<a:int,b:varchar(128)>, includeAcidColumns: false}
2024-04-23T20:46:12,909  INFO [LocalJobRunner Map Task Executor #0] mapred.MapTask: numReduceTasks: 1
2024-04-23T20:46:12,925  INFO [LocalJobRunner Map Task Executor #0] mapred.MapTask: (EQUATOR) 0 kvi 26214396(104857584)
2024-04-23T20:46:12,925  INFO [LocalJobRunner Map Task Executor #0] mapred.MapTask: mapreduce.task.io.sort.mb: 100
2024-04-23T20:46:12,925  INFO [LocalJobRunner Map Task Executor #0] mapred.MapTask: soft limit at 83886080
2024-04-23T20:46:12,925  INFO [LocalJobRunner Map Task Executor #0] mapred.MapTask: bufstart = 0; bufvoid = 104857600
2024-04-23T20:46:12,925  INFO [LocalJobRunner Map Task Executor #0] mapred.MapTask: kvstart = 26214396; length = 6553600
2024-04-23T20:46:12,926  INFO [LocalJobRunner Map Task Executor #0] mapred.MapTask: Map output collector class = org.apache.hadoop.mapred.MapTask$MapOutputBuffer
2024-04-23T20:46:12,926  INFO [LocalJobRunner Map Task Executor #0] vector.VectorMapOperator: Initializing Operator: MAP[0]
2024-04-23T20:46:12,926  INFO [LocalJobRunner Map Task Executor #0] mr.ExecMapper: 
<MAP>Id =0
  <Children>null
  <\Children>
  <Parent><\Parent>
<\MAP>
2024-04-23T20:46:12,927  INFO [LocalJobRunner Map Task Executor #0] exec.TableScanOperator: Initializing Operator: TS[0]
2024-04-23T20:46:12,927  INFO [LocalJobRunner Map Task Executor #0] vector.VectorSelectOperator: Initializing Operator: SEL[5]
2024-04-23T20:46:12,927  INFO [LocalJobRunner Map Task Executor #0] vector.VectorReduceSinkOperator: Initializing Operator: RS[6]
2024-04-23T20:46:12,928  INFO [LocalJobRunner Map Task Executor #0] vector.VectorReduceSinkOperator: Using tag = -1
2024-04-23T20:46:12,928  INFO [LocalJobRunner Map Task Executor #0] vector.VectorReduceSinkOperator: keys are [reducesinkkey0, reducesinkkey1, reducesinkkey2] num distributions: 3
2024-04-23T20:46:12,929  INFO [LocalJobRunner Map Task Executor #0] vector.VectorReduceSinkOperator: RS[6]: records written - 1
2024-04-23T20:46:12,929  INFO [LocalJobRunner Map Task Executor #0] vector.VectorMapOperator: Closing Operator: MAP[0]
2024-04-23T20:46:12,929  INFO [LocalJobRunner Map Task Executor #0] vector.VectorMapOperator: RECORDS_OUT_INTERMEDIATE:0, DESERIALIZE_ERRORS:0, RECORDS_OUT_OPERATOR_MAP_0:0, RECORDS_IN:1, 
2024-04-23T20:46:12,929  INFO [LocalJobRunner Map Task Executor #0] exec.TableScanOperator: Closing Operator: TS[0]
2024-04-23T20:46:12,929  INFO [LocalJobRunner Map Task Executor #0] exec.TableScanOperator: RECORDS_OUT_OPERATOR_TS_0:1, RECORDS_OUT_INTERMEDIATE:0, 
2024-04-23T20:46:12,929  INFO [LocalJobRunner Map Task Executor #0] vector.VectorSelectOperator: Closing Operator: SEL[5]
2024-04-23T20:46:12,929  INFO [LocalJobRunner Map Task Executor #0] vector.VectorSelectOperator: RECORDS_OUT_INTERMEDIATE:0, RECORDS_OUT_OPERATOR_SEL_5:1, 
2024-04-23T20:46:12,929  INFO [LocalJobRunner Map Task Executor #0] vector.VectorReduceSinkOperator: Closing Operator: RS[6]
2024-04-23T20:46:12,929  INFO [LocalJobRunner Map Task Executor #0] vector.VectorReduceSinkOperator: RS[6]: Total records written - 1. abort - false
2024-04-23T20:46:12,929  INFO [LocalJobRunner Map Task Executor #0] vector.VectorReduceSinkOperator: RECORDS_OUT_OPERATOR_RS_6:1, RECORDS_OUT_INTERMEDIATE:1, 
2024-04-23T20:46:12,930  INFO [LocalJobRunner Map Task Executor #0] mapred.LocalJobRunner: 
2024-04-23T20:46:12,930  INFO [LocalJobRunner Map Task Executor #0] mapred.MapTask: Starting flush of map output
2024-04-23T20:46:12,930  INFO [LocalJobRunner Map Task Executor #0] mapred.MapTask: Spilling map output
2024-04-23T20:46:12,930  INFO [LocalJobRunner Map Task Executor #0] mapred.MapTask: bufstart = 0; bufend = 29; bufvoid = 104857600
2024-04-23T20:46:12,930  INFO [LocalJobRunner Map Task Executor #0] mapred.MapTask: kvstart = 26214396(104857584); kvend = 26214396(104857584); length = 1/6553600
2024-04-23T20:46:12,939  INFO [LocalJobRunner Map Task Executor #0] mapred.MapTask: Finished spill 0
2024-04-23T20:46:12,943  INFO [LocalJobRunner Map Task Executor #0] mapred.Task: Task:attempt_local1836998850_0003_m_000003_0 is done. And is in the process of committing
2024-04-23T20:46:12,944  INFO [LocalJobRunner Map Task Executor #0] mapred.LocalJobRunner: OrcSplit [file:/home/alex/Repositories/hive/ql/target/tmp/org.apache.hadoop.hive.ql.TestTxnCommands3-1713930356371/warehouse/acid_uap/ds=tomorrow/delta_0000001_0000001_0000/bucket_00000_0, start=3, length=322, isOriginal=false, fileLength=705, hasFooter=false, hasBase=true, deltas=0]
2024-04-23T20:46:12,944  INFO [LocalJobRunner Map Task Executor #0] mapred.Task: Task 'attempt_local1836998850_0003_m_000003_0' done.
2024-04-23T20:46:12,944  INFO [LocalJobRunner Map Task Executor #0] mapred.Task: Final Counters for attempt_local1836998850_0003_m_000003_0: Counters: 24
	File System Counters
		FILE: Number of bytes read=87132
		FILE: Number of bytes written=3558666
		FILE: Number of read operations=0
		FILE: Number of large read operations=0
		FILE: Number of write operations=0
	Map-Reduce Framework
		Map input records=1
		Map output records=1
		Map output bytes=29
		Map output materialized bytes=37
		Input split bytes=523
		Combine input records=0
		Spilled Records=1
		Failed Shuffles=0
		Merged Map outputs=0
		GC time elapsed (ms)=0
		Total committed heap usage (bytes)=1011351552
	HIVE
		DESERIALIZE_ERRORS=0
		RECORDS_IN=1
		RECORDS_OUT_INTERMEDIATE=1
		RECORDS_OUT_OPERATOR_MAP_0=0
		RECORDS_OUT_OPERATOR_RS_6=1
		RECORDS_OUT_OPERATOR_SEL_5=1
		RECORDS_OUT_OPERATOR_TS_0=1
	File Input Format Counters 
		Bytes Read=9863
2024-04-23T20:46:12,944  INFO [LocalJobRunner Map Task Executor #0] mapred.LocalJobRunner: Finishing task: attempt_local1836998850_0003_m_000003_0
2024-04-23T20:46:12,944  INFO [Thread-242] mapred.LocalJobRunner: map task executor complete.
2024-04-23T20:46:12,945  INFO [Thread-242] mapred.LocalJobRunner: Waiting for reduce tasks
2024-04-23T20:46:12,945  INFO [pool-21-thread-1] mapred.LocalJobRunner: Starting task: attempt_local1836998850_0003_r_000000_0
2024-04-23T20:46:12,946  INFO [pool-21-thread-1] mapred.Task:  Using ResourceCalculatorProcessTree : [ ]
2024-04-23T20:46:12,946  INFO [pool-21-thread-1] mapred.ReduceTask: Using ShuffleConsumerPlugin: org.apache.hadoop.mapreduce.task.reduce.Shuffle@78db7eb8
2024-04-23T20:46:12,946  WARN [pool-21-thread-1] impl.MetricsSystemImpl: JobTracker metrics system already initialized!
2024-04-23T20:46:12,947  INFO [pool-21-thread-1] reduce.MergeManagerImpl: MergerManager: memoryLimit=1336252800, maxSingleShuffleLimit=334063200, mergeThreshold=881926912, ioSortFactor=10, memToMemMergeOutputsThreshold=10
2024-04-23T20:46:12,948  INFO [EventFetcher for fetching Map Completion Events] reduce.EventFetcher: attempt_local1836998850_0003_r_000000_0 Thread started: EventFetcher for fetching Map Completion Events
2024-04-23T20:46:12,951  INFO [localfetcher#5] reduce.LocalFetcher: localfetcher#5 about to shuffle output of map attempt_local1836998850_0003_m_000002_0 decomp: 30 len: 34 to MEMORY
2024-04-23T20:46:12,951  INFO [localfetcher#5] reduce.InMemoryMapOutput: Read 30 bytes from map-output for attempt_local1836998850_0003_m_000002_0
2024-04-23T20:46:12,952  INFO [localfetcher#5] reduce.MergeManagerImpl: closeInMemoryFile -> map-output of size: 30, inMemoryMapOutputs.size() -> 1, commitMemory -> 0, usedMemory ->30
2024-04-23T20:46:12,954  INFO [localfetcher#5] reduce.LocalFetcher: localfetcher#5 about to shuffle output of map attempt_local1836998850_0003_m_000001_0 decomp: 33 len: 37 to MEMORY
2024-04-23T20:46:12,955  INFO [localfetcher#5] reduce.InMemoryMapOutput: Read 33 bytes from map-output for attempt_local1836998850_0003_m_000001_0
2024-04-23T20:46:12,955  INFO [localfetcher#5] reduce.MergeManagerImpl: closeInMemoryFile -> map-output of size: 33, inMemoryMapOutputs.size() -> 2, commitMemory -> 30, usedMemory ->63
2024-04-23T20:46:12,957  INFO [localfetcher#5] reduce.LocalFetcher: localfetcher#5 about to shuffle output of map attempt_local1836998850_0003_m_000003_0 decomp: 33 len: 37 to MEMORY
2024-04-23T20:46:12,957  INFO [localfetcher#5] reduce.InMemoryMapOutput: Read 33 bytes from map-output for attempt_local1836998850_0003_m_000003_0
2024-04-23T20:46:12,957  INFO [localfetcher#5] reduce.MergeManagerImpl: closeInMemoryFile -> map-output of size: 33, inMemoryMapOutputs.size() -> 3, commitMemory -> 63, usedMemory ->96
2024-04-23T20:46:12,960  INFO [localfetcher#5] reduce.LocalFetcher: localfetcher#5 about to shuffle output of map attempt_local1836998850_0003_m_000000_0 decomp: 30 len: 34 to MEMORY
2024-04-23T20:46:12,960  INFO [localfetcher#5] reduce.InMemoryMapOutput: Read 30 bytes from map-output for attempt_local1836998850_0003_m_000000_0
2024-04-23T20:46:12,960  INFO [localfetcher#5] reduce.MergeManagerImpl: closeInMemoryFile -> map-output of size: 30, inMemoryMapOutputs.size() -> 4, commitMemory -> 96, usedMemory ->126
2024-04-23T20:46:12,960  INFO [EventFetcher for fetching Map Completion Events] reduce.EventFetcher: EventFetcher is interrupted.. Returning
2024-04-23T20:46:12,961  INFO [pool-21-thread-1] mapred.LocalJobRunner: 4 / 4 copied.
2024-04-23T20:46:12,961  INFO [pool-21-thread-1] reduce.MergeManagerImpl: finalMerge called with 4 in-memory map-outputs and 0 on-disk map-outputs
2024-04-23T20:46:12,967  INFO [pool-21-thread-1] mapred.Merger: Merging 4 sorted segments
2024-04-23T20:46:12,967  INFO [pool-21-thread-1] mapred.Merger: Down to the last merge-pass, with 4 segments left of total size: 24 bytes
2024-04-23T20:46:12,970  INFO [pool-21-thread-1] reduce.MergeManagerImpl: Merged 4 segments, 126 bytes to disk to satisfy reduce memory limit
2024-04-23T20:46:12,970  INFO [pool-21-thread-1] reduce.MergeManagerImpl: Merging 1 files, 124 bytes from disk
2024-04-23T20:46:12,970  INFO [pool-21-thread-1] reduce.MergeManagerImpl: Merging 0 segments, 0 bytes from memory into reduce
2024-04-23T20:46:12,970  INFO [pool-21-thread-1] mapred.Merger: Merging 1 sorted segments
2024-04-23T20:46:12,971  INFO [pool-21-thread-1] mapred.Merger: Down to the last merge-pass, with 1 segments left of total size: 96 bytes
2024-04-23T20:46:12,971  INFO [pool-21-thread-1] mapred.LocalJobRunner: 4 / 4 copied.
2024-04-23T20:46:12,971  INFO [pool-21-thread-1] exec.SerializationUtilities: Deserializing ReduceWork using kryo
2024-04-23T20:46:12,972  INFO [pool-21-thread-1] exec.Utilities: Deserialized plan (via FILE) - name: null size: 7,35KB
2024-04-23T20:46:12,973  INFO [pool-21-thread-1] ExecReducer: 
<SEL>Id =3
  <Children>
    <FS>Id =4
      <Children>
      <\Children>
      <Parent>Id = 3 null<\Parent>
    <\FS>
  <\Children>
  <Parent><\Parent>
<\SEL>
2024-04-23T20:46:12,973  INFO [pool-21-thread-1] exec.SelectOperator: Initializing Operator: SEL[3]
2024-04-23T20:46:12,973  INFO [pool-21-thread-1] exec.SelectOperator: SELECT struct<key:struct<reducesinkkey0:int,reducesinkkey1:varchar(128),reducesinkkey2:string>,value:struct<>>
2024-04-23T20:46:12,973  INFO [pool-21-thread-1] exec.FileSinkOperator: Initializing Operator: FS[4]
2024-04-23T20:46:12,974  INFO [pool-21-thread-1] exec.FileSinkOperator: Using serializer : class org.apache.hadoop.hive.serde2.lazy.LazySimpleSerDe [serdeParams=org.apache.hadoop.hive.serde2.lazy.LazySerDeParameters@77bfc612, cachedObjectInspector=org.apache.hadoop.hive.serde2.lazy.objectinspector.LazySimpleStructObjectInspector<org.apache.hadoop.hive.serde2.lazy.objectinspector.primitive.LazyIntObjectInspector@4dbeae45,varchar(128),org.apache.hadoop.hive.serde2.lazy.objectinspector.primitive.LazyStringObjectInspector@688e6d4e>, serializedSize=0, stats=org.apache.hadoop.hive.serde2.SerDeStats@5340d110, lastOperationSerialize=false, lastOperationDeserialize=false [1, 2, 3, 4, 5, 6, 7, 8, 11, 14, 15, 16, 17, 18, 19, 20, 21, 22, 23, 24, 25, 26, 28, 29, 30, 31, -128, -127, -126, -125, -124, -123, -122, -121, -120, -119, -118, -117, -116, -115, -114, -113, -112, -111, -110, -109, -108, -107, -106, -105, -104, -103, -102, -101, -100, -99, -98, -97, -96, -95, -94, -93, -92, -91, -90, -89, -88, -87, -86, -85, -84, -83, -82, -81, -80, -79, -78, -77, -76, -75, -74, -73, -72, -71, -70, -69, -68, -67, -66, -65, -64, -63, -62, -61, -60, -59, -58, -57, -56, -55, -54, -53, -52, -51, -50, -49, -48, -47, -46, -45, -44, -43, -42, -41, -40, -39, -38, -37, -36, -35, -34, -33, -32, -31, -30, -29, -28, -27, -26, -25, -24, -23, -22, -21, -20, -19, -18, -17, -16, -15, -14, -13, -12, -11, -10, -9, -8, -7, -6, -5, -4, -3, -2, -1] : [_col0, _col1, _col2] : [int, varchar(128), string]] and formatter : org.apache.hadoop.hive.ql.io.HiveSequenceFileOutputFormat@65c288
2024-04-23T20:46:12,975  INFO [pool-21-thread-1] exec.FileSinkOperator: Final Path: FS file:/home/alex/Repositories/hive/ql/target/tmp/localscratchdir/4002c27b-293e-4787-8d91-c1d5d195e21e/hive_2024-04-23_20-46-11_896_7011272262604163562-1/-mr-10001/.hive-staging_hive_2024-04-23_20-46-11_896_7011272262604163562-1/_tmp.-ext-10002/000000_0
2024-04-23T20:46:12,975  INFO [pool-21-thread-1] exec.FileSinkOperator: Writing to temp file: FS file:/home/alex/Repositories/hive/ql/target/tmp/localscratchdir/4002c27b-293e-4787-8d91-c1d5d195e21e/hive_2024-04-23_20-46-11_896_7011272262604163562-1/-mr-10001/.hive-staging_hive_2024-04-23_20-46-11_896_7011272262604163562-1/_task_tmp.-ext-10002/_tmp.000000_0
2024-04-23T20:46:12,975  INFO [pool-21-thread-1] exec.FileSinkOperator: New Final Path: FS file:/home/alex/Repositories/hive/ql/target/tmp/localscratchdir/4002c27b-293e-4787-8d91-c1d5d195e21e/hive_2024-04-23_20-46-11_896_7011272262604163562-1/-mr-10001/.hive-staging_hive_2024-04-23_20-46-11_896_7011272262604163562-1/_tmp.-ext-10002/000000_0
2024-04-23T20:46:13,009  INFO [pool-21-thread-1] exec.FileSinkOperator: FS[4]: records written - 1
2024-04-23T20:46:13,010  INFO [pool-21-thread-1] exec.SelectOperator: Closing Operator: SEL[3]
2024-04-23T20:46:13,010  INFO [pool-21-thread-1] exec.SelectOperator: RECORDS_OUT_INTERMEDIATE:0, RECORDS_OUT_OPERATOR_SEL_3:4, 
2024-04-23T20:46:13,010  INFO [pool-21-thread-1] exec.FileSinkOperator: Closing Operator: FS[4]
2024-04-23T20:46:13,010  INFO [pool-21-thread-1] exec.FileSinkOperator: FS[4]: records written - 4
2024-04-23T20:46:13,011  INFO [pool-21-thread-1] exec.FileSinkOperator: RECORDS_OUT_INTERMEDIATE:0, RECORDS_OUT_0:4, RECORDS_OUT_OPERATOR_FS_4:4, 
2024-04-23T20:46:13,011  INFO [pool-21-thread-1] mapred.Task: Task:attempt_local1836998850_0003_r_000000_0 is done. And is in the process of committing
2024-04-23T20:46:13,012  INFO [pool-21-thread-1] mapred.LocalJobRunner: reduce > reduce
2024-04-23T20:46:13,012  INFO [pool-21-thread-1] mapred.Task: Task 'attempt_local1836998850_0003_r_000000_0' done.
2024-04-23T20:46:13,012  INFO [pool-21-thread-1] mapred.Task: Final Counters for attempt_local1836998850_0003_r_000000_0: Counters: 29
	File System Counters
		FILE: Number of bytes read=94943
		FILE: Number of bytes written=3558991
		FILE: Number of read operations=0
		FILE: Number of large read operations=0
		FILE: Number of write operations=0
	Map-Reduce Framework
		Combine input records=0
		Combine output records=0
		Reduce input groups=4
		Reduce shuffle bytes=142
		Reduce input records=4
		Reduce output records=0
		Spilled Records=4
		Shuffled Maps =4
		Failed Shuffles=0
		Merged Map outputs=4
		GC time elapsed (ms)=13
		Total committed heap usage (bytes)=1012400128
	HIVE
		CREATED_FILES=1
		RECORDS_OUT_0=4
		RECORDS_OUT_INTERMEDIATE=0
		RECORDS_OUT_OPERATOR_FS_4=4
		RECORDS_OUT_OPERATOR_SEL_3=4
	Shuffle Errors
		BAD_ID=0
		CONNECTION=0
		IO_ERROR=0
		WRONG_LENGTH=0
		WRONG_MAP=0
		WRONG_REDUCE=0
	File Output Format Counters 
		Bytes Written=0
2024-04-23T20:46:13,012  INFO [pool-21-thread-1] mapred.LocalJobRunner: Finishing task: attempt_local1836998850_0003_r_000000_0
2024-04-23T20:46:13,012  INFO [Thread-242] mapred.LocalJobRunner: reduce task executor complete.
2024-04-23 20:46:13,774 Stage-1 map = 100%,  reduce = 100%
2024-04-23T20:46:13,774  INFO [main] exec.Task: 2024-04-23 20:46:13,774 Stage-1 map = 100%,  reduce = 100%
Ended Job = job_local1836998850_0003
2024-04-23T20:46:13,777  INFO [main] exec.Task: Ended Job = job_local1836998850_0003
2024-04-23T20:46:13,809  INFO [main] metadata.Hive: Dumping metastore api call timing information for : execution phase
2024-04-23T20:46:13,809  INFO [main] metadata.Hive: Total time spent in each metastore function (ms): {}
MapReduce Jobs Launched: 
2024-04-23T20:46:13,810  INFO [main] ql.Driver: MapReduce Jobs Launched: 
Stage-Stage-1:  HDFS Read: 0 HDFS Write: 0 SUCCESS
2024-04-23T20:46:13,810  INFO [main] ql.Driver: Stage-Stage-1:  HDFS Read: 0 HDFS Write: 0 SUCCESS
Total MapReduce CPU Time Spent: 0 msec
2024-04-23T20:46:13,810  INFO [main] ql.Driver: Total MapReduce CPU Time Spent: 0 msec
2024-04-23T20:46:13,810  INFO [main] ql.Driver: Completed executing command(queryId=alex_20240423204611_8fb4bbed-1c51-4b56-b391-f787eb616d75); Time taken: 1.48 seconds
2024-04-23T20:46:13,810  INFO [main] lockmgr.DbTxnManager: Stopped heartbeat for query: alex_20240423204611_8fb4bbed-1c51-4b56-b391-f787eb616d75
2024-04-23T20:46:13,815  INFO [main] txn.TxnHandler: Expected to move at least one record from txn_components to completed_txn_components when committing txn! txnid:17
2024-04-23T20:46:13,822  INFO [main] txn.TxnHandler: Removed transactions: ([17]) from MIN_HISTORY_LEVEL
2024-04-23T20:46:13,822  WARN [main] txn.CompactionTxnHandler: No compaction queue record found for Compaction type transaction commit. txnId:17
2024-04-23T20:46:13,831  INFO [main] mapred.FileInputFormat: Total input files to process : 1
2024-04-23T20:46:13,842  INFO [main] exec.ListSinkOperator: Closing Operator: LIST_SINK[7]
2024-04-23T20:46:13,842  INFO [main] exec.ListSinkOperator: RECORDS_OUT_INTERMEDIATE:0, RECORDS_OUT_OPERATOR_LIST_SINK_7:4, 
2024-04-23T20:46:13,842  INFO [main] ql.TxnCommandsBaseForTests: Running the query: select ROW__ID, a, b, ds from acid_uap order by ds, a, b
2024-04-23T20:46:13,843  INFO [main] ql.Context: Deleting scratch dir: file:/home/alex/Repositories/hive/ql/target/tmp/localscratchdir/4002c27b-293e-4787-8d91-c1d5d195e21e/hive_2024-04-23_20-46-11_896_7011272262604163562-1
2024-04-23T20:46:13,844  INFO [main] cleanup.SyncCleanupService: Deleted directory: file:/home/alex/Repositories/hive/ql/target/tmp/localscratchdir/4002c27b-293e-4787-8d91-c1d5d195e21e/hive_2024-04-23_20-46-11_896_7011272262604163562-1 on fs with scheme file
2024-04-23T20:46:13,844  INFO [main] ql.Driver: Compiling command(queryId=alex_20240423204613_a0011c3c-d3ef-40e8-b7af-2a19b3f81025): select ROW__ID, a, b, ds from acid_uap order by ds, a, b
2024-04-23T20:46:13,849  INFO [main] txn.TxnHandler: Added entries to MIN_HISTORY_LEVEL for current txns: ([18]) with min_open_txn: 18
2024-04-23T20:46:13,849  INFO [main] lockmgr.DbTxnManager: Opened txnid:18
2024-04-23T20:46:13,851  INFO [main] parse.CalcitePlanner: Starting caching scope for: 
2024-04-23T20:46:13,851  INFO [main] parse.CalcitePlanner: Starting Semantic Analysis
2024-04-23T20:46:13,854  INFO [main] parse.CalcitePlanner: Completed phase 1 of Semantic Analysis
2024-04-23T20:46:13,854  INFO [main] parse.CalcitePlanner: Get metadata for source tables
2024-04-23T20:46:13,855  INFO [main] HiveMetaStore.audit: ugi=alex	ip=unknown-ip-addr	cmd=get_table : tbl=hive.default.acid_uap	
2024-04-23T20:46:13,864  INFO [main] metastore.HMSHandler: Skipping translation for processor with null
2024-04-23T20:46:13,864  INFO [main] parse.CalcitePlanner: Get metadata for subqueries
2024-04-23T20:46:13,864  INFO [main] parse.CalcitePlanner: Get metadata for destination tables
2024-04-23T20:46:13,865  INFO [main] parse.CalcitePlanner: Completed getting MetaData in Semantic Analysis
2024-04-23T20:46:13,878  INFO [main] HiveMetaStore.audit: ugi=alex	ip=unknown-ip-addr	cmd=get_all_table_constraints : tbl=hive.default.acid_uap	
2024-04-23T20:46:13,892  INFO [main] calcite.RelOptHiveTable: Calculating column statistics for default.acid_uap, projIndxSet: [0, 1, 2], allowMissingStats: true
2024-04-23T20:46:13,893  INFO [main] HiveMetaStore.audit: ugi=alex	ip=unknown-ip-addr	cmd=get_partitions : tbl=hive.default.acid_uap	
2024-04-23T20:46:13,906  INFO [main] HiveMetaStore.audit: ugi=alex	ip=unknown-ip-addr	cmd=get_table : tbl=hive.default.acid_uap	
2024-04-23T20:46:13,918  INFO [main] metastore.HMSHandler: Skipping translation for processor with null
2024-04-23T20:46:13,918  INFO [main] HiveMetaStore.audit: ugi=alex	ip=unknown-ip-addr	cmd=get_aggr_stats_for: table=hive.default.acid_uap	
2024-04-23T20:46:13,930  WARN [main] calcite.RelOptHiveTable: No Stats for default@acid_uap, Columns: a, b
No Stats for default@acid_uap, Columns: a, b
2024-04-23T20:46:13,930  INFO [main] SessionState: No Stats for default@acid_uap, Columns: a, b
2024-04-23T20:46:13,980  INFO [main] parse.CalcitePlanner: Get metadata for source tables
2024-04-23T20:46:13,981  INFO [main] parse.CalcitePlanner: Get metadata for subqueries
2024-04-23T20:46:13,981  INFO [main] parse.CalcitePlanner: Get metadata for destination tables
2024-04-23T20:46:13,983  INFO [main] common.FileUtils: Creating directory if it doesn't exist: file:/home/alex/Repositories/hive/ql/target/tmp/localscratchdir/4002c27b-293e-4787-8d91-c1d5d195e21e/hive_2024-04-23_20-46-13_844_6211156437982827729-1/-mr-10001/.hive-staging_hive_2024-04-23_20-46-13_844_6211156437982827729-1
2024-04-23T20:46:13,991  INFO [main] parse.CalcitePlanner: CBO Succeeded; optimized logical plan.
2024-04-23T20:46:13,994  INFO [main] optimizer.ColumnPrunerProcFactory: RS 2 oldColExprMap: {KEY.reducesinkkey1=Column[_col1], KEY.reducesinkkey0=Column[_col3], KEY.reducesinkkey2=Column[_col2], VALUE._col0=Column[_col0]}
2024-04-23T20:46:13,994  INFO [main] optimizer.ColumnPrunerProcFactory: RS 2 newColExprMap: {KEY.reducesinkkey1=Column[_col1], KEY.reducesinkkey2=Column[_col2], VALUE._col0=Column[_col0], KEY.reducesinkkey0=Column[_col3]}
2024-04-23T20:46:13,996  INFO [main] optimizer.SortedDynPartitionOptimizer: Sorted dynamic partitioning optimization kicked in..
2024-04-23T20:46:14,008  INFO [main] physical.Vectorizer: Examining input format to see if vectorization is enabled.
2024-04-23T20:46:14,008  INFO [main] physical.Vectorizer: Vectorization is enabled for input format(s) [org.apache.hadoop.hive.ql.io.orc.OrcInputFormat]
2024-04-23T20:46:14,008  INFO [main] physical.Vectorizer: Validating and vectorizing MapWork... (vectorizedVertexNum 0)
2024-04-23T20:46:14,010  INFO [main] physical.Vectorizer: Map vectorization enabled: true
2024-04-23T20:46:14,010  INFO [main] physical.Vectorizer: Map vectorized: true
2024-04-23T20:46:14,010  INFO [main] physical.Vectorizer: Map vectorizedVertexNum: 0
2024-04-23T20:46:14,010  INFO [main] physical.Vectorizer: Map enabledConditionsMet: [hive.vectorized.use.vectorized.input.format IS true]
2024-04-23T20:46:14,010  INFO [main] physical.Vectorizer: Map inputFileFormatClassNameSet: [org.apache.hadoop.hive.ql.io.orc.OrcInputFormat]
2024-04-23T20:46:14,010  INFO [main] physical.Vectorizer: Reduce vectorization enabled: false
2024-04-23T20:46:14,010  INFO [main] physical.Vectorizer: Reduce vectorized: false
2024-04-23T20:46:14,010  INFO [main] physical.Vectorizer: Reduce vectorizedVertexNum: 1
2024-04-23T20:46:14,010  INFO [main] physical.Vectorizer: Reducer hive.vectorized.execution.reduce.enabled: true
2024-04-23T20:46:14,010  INFO [main] physical.Vectorizer: Reducer engine: mr
2024-04-23T20:46:14,010  INFO [main] parse.CalcitePlanner: Completed plan generation
2024-04-23T20:46:14,010  INFO [main] parse.CalcitePlanner: Ending caching scope for: 
2024-04-23T20:46:14,010  INFO [main] ql.Driver: Semantic Analysis Completed (retrial = false)
2024-04-23T20:46:14,010  INFO [main] ql.Driver: Created Hive schema: Schema(fieldSchemas:[FieldSchema(name:row__id, type:struct<writeid:bigint,bucketid:int,rowid:bigint>, comment:null), FieldSchema(name:a, type:int, comment:null), FieldSchema(name:b, type:varchar(128), comment:null), FieldSchema(name:ds, type:string, comment:null)], properties:null)
2024-04-23T20:46:14,012  INFO [main] exec.ListSinkOperator: Initializing Operator: LIST_SINK[7]
2024-04-23T20:46:14,012  INFO [main] metadata.Hive: Dumping metastore api call timing information for : compilation phase
2024-04-23T20:46:14,012  INFO [main] metadata.Hive: Total time spent in each metastore function (ms): {getAggrColStatsFor_(String, String, List, List, String, String)=24, flushCache_()=0, isCompatibleWith_(Configuration)=0, getTable_(GetTableRequest)=9, listPartitions_(String, String, short)=13, getAllTableConstraints_(AllTableConstraintsRequest)=7, getValidWriteIds_(List, String)=5, openTxn_(String, TxnType)=3, getValidTxns_(long)=1, commitTxn_(CommitTxnRequest)=13}
2024-04-23T20:46:14,012  INFO [main] ql.Driver: Completed compiling command(queryId=alex_20240423204613_a0011c3c-d3ef-40e8-b7af-2a19b3f81025); Time taken: 0.168 seconds
2024-04-23T20:46:14,013  INFO [main] lockmgr.DbTxnManager: Setting lock request transaction to txnid:18 for queryId=alex_20240423204613_a0011c3c-d3ef-40e8-b7af-2a19b3f81025
2024-04-23T20:46:14,014  INFO [main] lockmgr.DbLockManager: Requesting lock for queryId=alex_20240423204613_a0011c3c-d3ef-40e8-b7af-2a19b3f81025
2024-04-23T20:46:14,040  INFO [main] lockmgr.DbLockManager: Response to queryId=alex_20240423204613_a0011c3c-d3ef-40e8-b7af-2a19b3f81025 LockResponse(lockid:11, state:ACQUIRED)
2024-04-23T20:46:14,040  INFO [main] ql.Driver: Operation QUERY obtained 1 locks
2024-04-23T20:46:14,042  INFO [main] ql.Driver: Executing command(queryId=alex_20240423204613_a0011c3c-d3ef-40e8-b7af-2a19b3f81025): select ROW__ID, a, b, ds from acid_uap order by ds, a, b
2024-04-23T20:46:14,042  WARN [main] ql.Driver: Hive-on-MR is deprecated in Hive 2 and may not be available in the future versions. Consider using a different execution engine (i.e. spark, tez) or using Hive 1.X releases.
Query ID = alex_20240423204613_a0011c3c-d3ef-40e8-b7af-2a19b3f81025
2024-04-23T20:46:14,042  INFO [main] ql.Driver: Query ID = alex_20240423204613_a0011c3c-d3ef-40e8-b7af-2a19b3f81025
Total jobs = 1
2024-04-23T20:46:14,042  INFO [main] ql.Driver: Total jobs = 1
Launching Job 1 out of 1
2024-04-23T20:46:14,042  INFO [main] ql.Driver: Launching Job 1 out of 1
2024-04-23T20:46:14,208  INFO [main] ql.Driver: Starting task [Stage-1:MAPRED] in serial mode
Number of reduce tasks determined at compile time: 1
2024-04-23T20:46:14,208  INFO [main] exec.Task: Number of reduce tasks determined at compile time: 1
In order to change the average load for a reducer (in bytes):
2024-04-23T20:46:14,208  INFO [main] exec.Task: In order to change the average load for a reducer (in bytes):
  set hive.exec.reducers.bytes.per.reducer=<number>
2024-04-23T20:46:14,208  INFO [main] exec.Task:   set hive.exec.reducers.bytes.per.reducer=<number>
In order to limit the maximum number of reducers:
2024-04-23T20:46:14,208  INFO [main] exec.Task: In order to limit the maximum number of reducers:
  set hive.exec.reducers.max=<number>
2024-04-23T20:46:14,208  INFO [main] exec.Task:   set hive.exec.reducers.max=<number>
In order to set a constant number of reducers:
2024-04-23T20:46:14,208  INFO [main] exec.Task: In order to set a constant number of reducers:
  set mapreduce.job.reduces=<number>
2024-04-23T20:46:14,208  INFO [main] exec.Task:   set mapreduce.job.reduces=<number>
2024-04-23T20:46:14,211  INFO [main] mr.ExecDriver: Using org.apache.hadoop.hive.ql.io.HiveInputFormat
2024-04-23T20:46:14,211  INFO [main] exec.Utilities: Processing alias acid_uap
2024-04-23T20:46:14,211  INFO [main] exec.Utilities: Adding 2 inputs; the first input is file:/home/alex/Repositories/hive/ql/target/tmp/org.apache.hadoop.hive.ql.TestTxnCommands3-1713930356371/warehouse/acid_uap/ds=today
2024-04-23T20:46:14,221  INFO [main] exec.SerializationUtilities: Serializing MapWork using kryo
2024-04-23T20:46:14,223  INFO [main] exec.Utilities: Serialized plan (via FILE) - name: null size: 6,99KB
2024-04-23T20:46:14,228  INFO [main] exec.SerializationUtilities: Serializing ReduceWork using kryo
2024-04-23T20:46:14,230  INFO [main] exec.Utilities: Serialized plan (via FILE) - name: null size: 7,62KB
2024-04-23T20:46:14,230  WARN [main] impl.MetricsSystemImpl: JobTracker metrics system already initialized!
2024-04-23T20:46:14,237  WARN [main] impl.MetricsSystemImpl: JobTracker metrics system already initialized!
2024-04-23T20:46:14,244  WARN [main] mapreduce.JobResourceUploader: Hadoop command-line option parsing not performed. Implement the Tool interface and execute your application with ToolRunner to remedy this.
2024-04-23T20:46:14,250  WARN [main] mapreduce.JobResourceUploader: No job jar file set.  User classes may not be found. See Job or Job#setJar(String).
2024-04-23T20:46:14,251  INFO [main] io.HiveInputFormat: hive.io.file.readcolumn.ids = 0,1
2024-04-23T20:46:14,251  INFO [main] io.HiveInputFormat: hive.io.file.readcolumn.names = a,b
2024-04-23T20:46:14,251  INFO [main] io.HiveInputFormat: Generating splits for dirs: file:/home/alex/Repositories/hive/ql/target/tmp/org.apache.hadoop.hive.ql.TestTxnCommands3-1713930356371/warehouse/acid_uap/ds=today
2024-04-23T20:46:14,251  INFO [main] orc.OrcInputFormat: getSplits started
2024-04-23T20:46:14,252  INFO [main] orc.OrcInputFormat: Context:: isAcid: true isVectorMode: true sarg: null minSplitSize: 1 maxSplitSize: 256000000 splitStrategy: HYBRID footerInSplits: false numBuckets: 2 numThreads: 10 cacheMemSize: 268435456 cacheStripeDetails: true useSoftReference: false writeIdList: default.acid_uap:2:9223372036854775807:: isTransactionalTable: true txnProperties: default 
2024-04-23T20:46:14,252  INFO [main] orc.OrcInputFormat: ORC pushdown predicate: null
2024-04-23T20:46:14,267  INFO [main] orc.OrcInputFormat: FooterCacheHitRatio: 4/4
2024-04-23T20:46:14,268  INFO [main] orc.OrcInputFormat: getSplits finished (#splits: 4). duration: 17 ms
2024-04-23T20:46:14,268  INFO [main] io.HiveInputFormat: number of splits 4
2024-04-23T20:46:14,286  INFO [main] mapreduce.JobSubmitter: number of splits:4
2024-04-23T20:46:14,304  INFO [main] mapreduce.JobSubmitter: Submitting tokens for job: job_local1933221697_0004
2024-04-23T20:46:14,304  INFO [main] mapreduce.JobSubmitter: Executing with tokens: []
2024-04-23T20:46:14,379  INFO [main] mapreduce.Job: The url to track the job: http://localhost:8080/
Job running in-process (local Hadoop)
2024-04-23T20:46:14,380  INFO [main] exec.Task: Job running in-process (local Hadoop)
2024-04-23T20:46:14,380  INFO [Thread-310] mapred.LocalJobRunner: OutputCommitter set in config org.apache.hadoop.hive.ql.io.HiveFileFormatUtils$NullOutputCommitter
2024-04-23T20:46:14,380  INFO [Thread-310] mapred.LocalJobRunner: OutputCommitter is org.apache.hadoop.hive.ql.io.HiveFileFormatUtils$NullOutputCommitter
2024-04-23T20:46:14,382  INFO [Thread-310] mapred.LocalJobRunner: Waiting for map tasks
2024-04-23T20:46:14,382  INFO [LocalJobRunner Map Task Executor #0] mapred.LocalJobRunner: Starting task: attempt_local1933221697_0004_m_000000_0
2024-04-23T20:46:14,383  INFO [LocalJobRunner Map Task Executor #0] mapred.Task:  Using ResourceCalculatorProcessTree : [ ]
2024-04-23T20:46:14,384  INFO [LocalJobRunner Map Task Executor #0] mapred.MapTask: Processing split: org.apache.hadoop.hive.ql.io.orc.OrcInputFormat:OrcSplit [file:/home/alex/Repositories/hive/ql/target/tmp/org.apache.hadoop.hive.ql.TestTxnCommands3-1713930356371/warehouse/acid_uap/ds=today/delta_0000002_0000002_0000/bucket_00001_0, start=3, length=326, isOriginal=false, fileLength=712, hasFooter=false, hasBase=true, deltas=0]
2024-04-23T20:46:14,385  INFO [LocalJobRunner Map Task Executor #0] exec.SerializationUtilities: Deserializing MapWork using kryo
2024-04-23T20:46:14,385  INFO [LocalJobRunner Map Task Executor #0] exec.Utilities: Deserialized plan (via FILE) - name: null size: 6,99KB
2024-04-23T20:46:14,386  INFO [LocalJobRunner Map Task Executor #0] orc.VectorizedOrcAcidRowBatchReader: Read ValidWriteIdList: default.acid_uap:2:9223372036854775807:::OrcSplit [file:/home/alex/Repositories/hive/ql/target/tmp/org.apache.hadoop.hive.ql.TestTxnCommands3-1713930356371/warehouse/acid_uap/ds=today/delta_0000002_0000002_0000/bucket_00001_0, start=3, length=326, isOriginal=false, fileLength=712, hasFooter=false, hasBase=true, deltas=0]
2024-04-23T20:46:14,387  INFO [LocalJobRunner Map Task Executor #0] orc.ReaderImpl: Reading ORC rows from file:/home/alex/Repositories/hive/ql/target/tmp/org.apache.hadoop.hive.ql.TestTxnCommands3-1713930356371/warehouse/acid_uap/ds=today/delta_0000002_0000002_0000/bucket_00001_0 with {include: [true, true, true], offset: 3, length: 326, schema: struct<a:int,b:varchar(128)>, includeAcidColumns: true}
2024-04-23T20:46:14,389  INFO [LocalJobRunner Map Task Executor #0] mapred.MapTask: numReduceTasks: 1
2024-04-23T20:46:14,393  INFO [LocalJobRunner Map Task Executor #0] mapred.MapTask: (EQUATOR) 0 kvi 26214396(104857584)
2024-04-23T20:46:14,393  INFO [LocalJobRunner Map Task Executor #0] mapred.MapTask: mapreduce.task.io.sort.mb: 100
2024-04-23T20:46:14,393  INFO [LocalJobRunner Map Task Executor #0] mapred.MapTask: soft limit at 83886080
2024-04-23T20:46:14,393  INFO [LocalJobRunner Map Task Executor #0] mapred.MapTask: bufstart = 0; bufvoid = 104857600
2024-04-23T20:46:14,393  INFO [LocalJobRunner Map Task Executor #0] mapred.MapTask: kvstart = 26214396; length = 6553600
2024-04-23T20:46:14,394  INFO [LocalJobRunner Map Task Executor #0] mapred.MapTask: Map output collector class = org.apache.hadoop.mapred.MapTask$MapOutputBuffer
2024-04-23T20:46:14,394  INFO [LocalJobRunner Map Task Executor #0] vector.VectorMapOperator: Initializing Operator: MAP[0]
2024-04-23T20:46:14,394  INFO [LocalJobRunner Map Task Executor #0] mr.ExecMapper: 
<MAP>Id =0
  <Children>null
  <\Children>
  <Parent><\Parent>
<\MAP>
2024-04-23T20:46:14,395  INFO [LocalJobRunner Map Task Executor #0] exec.TableScanOperator: Initializing Operator: TS[0]
2024-04-23T20:46:14,395  INFO [LocalJobRunner Map Task Executor #0] vector.VectorSelectOperator: Initializing Operator: SEL[5]
2024-04-23T20:46:14,396  INFO [LocalJobRunner Map Task Executor #0] vector.VectorReduceSinkOperator: Initializing Operator: RS[6]
2024-04-23T20:46:14,396  INFO [LocalJobRunner Map Task Executor #0] vector.VectorReduceSinkOperator: Using tag = -1
2024-04-23T20:46:14,397  INFO [LocalJobRunner Map Task Executor #0] vector.VectorReduceSinkOperator: keys are [reducesinkkey0, reducesinkkey1, reducesinkkey2] num distributions: 3
2024-04-23T20:46:14,397  INFO [LocalJobRunner Map Task Executor #0] vector.VectorReduceSinkOperator: RS[6]: records written - 1
2024-04-23T20:46:14,397  INFO [LocalJobRunner Map Task Executor #0] vector.VectorMapOperator: Closing Operator: MAP[0]
2024-04-23T20:46:14,397  INFO [LocalJobRunner Map Task Executor #0] vector.VectorMapOperator: RECORDS_IN:1, RECORDS_OUT_INTERMEDIATE:0, DESERIALIZE_ERRORS:0, RECORDS_OUT_OPERATOR_MAP_0:0, 
2024-04-23T20:46:14,397  INFO [LocalJobRunner Map Task Executor #0] exec.TableScanOperator: Closing Operator: TS[0]
2024-04-23T20:46:14,397  INFO [LocalJobRunner Map Task Executor #0] exec.TableScanOperator: RECORDS_OUT_OPERATOR_TS_0:1, RECORDS_OUT_INTERMEDIATE:0, 
2024-04-23T20:46:14,397  INFO [LocalJobRunner Map Task Executor #0] vector.VectorSelectOperator: Closing Operator: SEL[5]
2024-04-23T20:46:14,397  INFO [LocalJobRunner Map Task Executor #0] vector.VectorSelectOperator: RECORDS_OUT_INTERMEDIATE:0, RECORDS_OUT_OPERATOR_SEL_5:1, 
2024-04-23T20:46:14,397  INFO [LocalJobRunner Map Task Executor #0] vector.VectorReduceSinkOperator: Closing Operator: RS[6]
2024-04-23T20:46:14,397  INFO [LocalJobRunner Map Task Executor #0] vector.VectorReduceSinkOperator: RS[6]: Total records written - 1. abort - false
2024-04-23T20:46:14,397  INFO [LocalJobRunner Map Task Executor #0] vector.VectorReduceSinkOperator: RECORDS_OUT_OPERATOR_RS_6:1, RECORDS_OUT_INTERMEDIATE:1, 
2024-04-23T20:46:14,398  INFO [LocalJobRunner Map Task Executor #0] mapred.LocalJobRunner: 
2024-04-23T20:46:14,398  INFO [LocalJobRunner Map Task Executor #0] mapred.MapTask: Starting flush of map output
2024-04-23T20:46:14,398  INFO [LocalJobRunner Map Task Executor #0] mapred.MapTask: Spilling map output
2024-04-23T20:46:14,398  INFO [LocalJobRunner Map Task Executor #0] mapred.MapTask: bufstart = 0; bufend = 39; bufvoid = 104857600
2024-04-23T20:46:14,398  INFO [LocalJobRunner Map Task Executor #0] mapred.MapTask: kvstart = 26214396(104857584); kvend = 26214396(104857584); length = 1/6553600
2024-04-23T20:46:14,409  INFO [LocalJobRunner Map Task Executor #0] mapred.MapTask: Finished spill 0
2024-04-23T20:46:14,412  INFO [LocalJobRunner Map Task Executor #0] mapred.Task: Task:attempt_local1933221697_0004_m_000000_0 is done. And is in the process of committing
2024-04-23T20:46:14,413  INFO [LocalJobRunner Map Task Executor #0] mapred.LocalJobRunner: OrcSplit [file:/home/alex/Repositories/hive/ql/target/tmp/org.apache.hadoop.hive.ql.TestTxnCommands3-1713930356371/warehouse/acid_uap/ds=today/delta_0000002_0000002_0000/bucket_00001_0, start=3, length=326, isOriginal=false, fileLength=712, hasFooter=false, hasBase=true, deltas=0]
2024-04-23T20:46:14,413  INFO [LocalJobRunner Map Task Executor #0] mapred.Task: Task 'attempt_local1933221697_0004_m_000000_0' done.
2024-04-23T20:46:14,413  INFO [LocalJobRunner Map Task Executor #0] mapred.Task: Final Counters for attempt_local1933221697_0004_m_000000_0: Counters: 24
	File System Counters
		FILE: Number of bytes read=107336
		FILE: Number of bytes written=4744719
		FILE: Number of read operations=0
		FILE: Number of large read operations=0
		FILE: Number of write operations=0
	Map-Reduce Framework
		Map input records=1
		Map output records=1
		Map output bytes=39
		Map output materialized bytes=47
		Input split bytes=517
		Combine input records=0
		Spilled Records=1
		Failed Shuffles=0
		Merged Map outputs=0
		GC time elapsed (ms)=0
		Total committed heap usage (bytes)=1012400128
	HIVE
		DESERIALIZE_ERRORS=0
		RECORDS_IN=1
		RECORDS_OUT_INTERMEDIATE=1
		RECORDS_OUT_OPERATOR_MAP_0=0
		RECORDS_OUT_OPERATOR_RS_6=1
		RECORDS_OUT_OPERATOR_SEL_5=1
		RECORDS_OUT_OPERATOR_TS_0=1
	File Input Format Counters 
		Bytes Read=9989
2024-04-23T20:46:14,413  INFO [LocalJobRunner Map Task Executor #0] mapred.LocalJobRunner: Finishing task: attempt_local1933221697_0004_m_000000_0
2024-04-23T20:46:14,413  INFO [LocalJobRunner Map Task Executor #0] mapred.LocalJobRunner: Starting task: attempt_local1933221697_0004_m_000001_0
2024-04-23T20:46:14,414  INFO [LocalJobRunner Map Task Executor #0] mapred.Task:  Using ResourceCalculatorProcessTree : [ ]
2024-04-23T20:46:14,414  INFO [LocalJobRunner Map Task Executor #0] mapred.MapTask: Processing split: org.apache.hadoop.hive.ql.io.orc.OrcInputFormat:OrcSplit [file:/home/alex/Repositories/hive/ql/target/tmp/org.apache.hadoop.hive.ql.TestTxnCommands3-1713930356371/warehouse/acid_uap/ds=tomorrow/delta_0000001_0000001_0000/bucket_00001_0, start=3, length=326, isOriginal=false, fileLength=704, hasFooter=false, hasBase=true, deltas=0]
2024-04-23T20:46:14,415  INFO [LocalJobRunner Map Task Executor #0] exec.SerializationUtilities: Deserializing MapWork using kryo
2024-04-23T20:46:14,416  INFO [LocalJobRunner Map Task Executor #0] exec.Utilities: Deserialized plan (via FILE) - name: null size: 6,99KB
2024-04-23T20:46:14,417  INFO [LocalJobRunner Map Task Executor #0] orc.VectorizedOrcAcidRowBatchReader: Read ValidWriteIdList: default.acid_uap:2:9223372036854775807:::OrcSplit [file:/home/alex/Repositories/hive/ql/target/tmp/org.apache.hadoop.hive.ql.TestTxnCommands3-1713930356371/warehouse/acid_uap/ds=tomorrow/delta_0000001_0000001_0000/bucket_00001_0, start=3, length=326, isOriginal=false, fileLength=704, hasFooter=false, hasBase=true, deltas=0]
2024-04-23T20:46:14,418  INFO [LocalJobRunner Map Task Executor #0] orc.ReaderImpl: Reading ORC rows from file:/home/alex/Repositories/hive/ql/target/tmp/org.apache.hadoop.hive.ql.TestTxnCommands3-1713930356371/warehouse/acid_uap/ds=tomorrow/delta_0000001_0000001_0000/bucket_00001_0 with {include: [true, true, true], offset: 3, length: 326, schema: struct<a:int,b:varchar(128)>, includeAcidColumns: true}
2024-04-23T20:46:14,419  INFO [LocalJobRunner Map Task Executor #0] mapred.MapTask: numReduceTasks: 1
2024-04-23T20:46:14,424  INFO [LocalJobRunner Map Task Executor #0] mapred.MapTask: (EQUATOR) 0 kvi 26214396(104857584)
2024-04-23T20:46:14,424  INFO [LocalJobRunner Map Task Executor #0] mapred.MapTask: mapreduce.task.io.sort.mb: 100
2024-04-23T20:46:14,424  INFO [LocalJobRunner Map Task Executor #0] mapred.MapTask: soft limit at 83886080
2024-04-23T20:46:14,424  INFO [LocalJobRunner Map Task Executor #0] mapred.MapTask: bufstart = 0; bufvoid = 104857600
2024-04-23T20:46:14,424  INFO [LocalJobRunner Map Task Executor #0] mapred.MapTask: kvstart = 26214396; length = 6553600
2024-04-23T20:46:14,424  INFO [LocalJobRunner Map Task Executor #0] mapred.MapTask: Map output collector class = org.apache.hadoop.mapred.MapTask$MapOutputBuffer
2024-04-23T20:46:14,425  INFO [LocalJobRunner Map Task Executor #0] vector.VectorMapOperator: Initializing Operator: MAP[0]
2024-04-23T20:46:14,425  INFO [LocalJobRunner Map Task Executor #0] mr.ExecMapper: 
<MAP>Id =0
  <Children>null
  <\Children>
  <Parent><\Parent>
<\MAP>
2024-04-23T20:46:14,425  INFO [LocalJobRunner Map Task Executor #0] exec.TableScanOperator: Initializing Operator: TS[0]
2024-04-23T20:46:14,426  INFO [LocalJobRunner Map Task Executor #0] vector.VectorSelectOperator: Initializing Operator: SEL[5]
2024-04-23T20:46:14,426  INFO [LocalJobRunner Map Task Executor #0] vector.VectorReduceSinkOperator: Initializing Operator: RS[6]
2024-04-23T20:46:14,426  INFO [LocalJobRunner Map Task Executor #0] vector.VectorReduceSinkOperator: Using tag = -1
2024-04-23T20:46:14,427  INFO [LocalJobRunner Map Task Executor #0] vector.VectorReduceSinkOperator: keys are [reducesinkkey0, reducesinkkey1, reducesinkkey2] num distributions: 3
2024-04-23T20:46:14,427  INFO [LocalJobRunner Map Task Executor #0] vector.VectorReduceSinkOperator: RS[6]: records written - 1
2024-04-23T20:46:14,427  INFO [LocalJobRunner Map Task Executor #0] vector.VectorMapOperator: Closing Operator: MAP[0]
2024-04-23T20:46:14,427  INFO [LocalJobRunner Map Task Executor #0] vector.VectorMapOperator: RECORDS_IN:1, RECORDS_OUT_INTERMEDIATE:0, RECORDS_OUT_OPERATOR_MAP_0:0, DESERIALIZE_ERRORS:0, 
2024-04-23T20:46:14,427  INFO [LocalJobRunner Map Task Executor #0] exec.TableScanOperator: Closing Operator: TS[0]
2024-04-23T20:46:14,427  INFO [LocalJobRunner Map Task Executor #0] exec.TableScanOperator: RECORDS_OUT_OPERATOR_TS_0:1, RECORDS_OUT_INTERMEDIATE:0, 
2024-04-23T20:46:14,427  INFO [LocalJobRunner Map Task Executor #0] vector.VectorSelectOperator: Closing Operator: SEL[5]
2024-04-23T20:46:14,427  INFO [LocalJobRunner Map Task Executor #0] vector.VectorSelectOperator: RECORDS_OUT_INTERMEDIATE:0, RECORDS_OUT_OPERATOR_SEL_5:1, 
2024-04-23T20:46:14,427  INFO [LocalJobRunner Map Task Executor #0] vector.VectorReduceSinkOperator: Closing Operator: RS[6]
2024-04-23T20:46:14,427  INFO [LocalJobRunner Map Task Executor #0] vector.VectorReduceSinkOperator: RS[6]: Total records written - 1. abort - false
2024-04-23T20:46:14,427  INFO [LocalJobRunner Map Task Executor #0] vector.VectorReduceSinkOperator: RECORDS_OUT_INTERMEDIATE:1, RECORDS_OUT_OPERATOR_RS_6:1, 
2024-04-23T20:46:14,428  INFO [LocalJobRunner Map Task Executor #0] mapred.LocalJobRunner: 
2024-04-23T20:46:14,428  INFO [LocalJobRunner Map Task Executor #0] mapred.MapTask: Starting flush of map output
2024-04-23T20:46:14,428  INFO [LocalJobRunner Map Task Executor #0] mapred.MapTask: Spilling map output
2024-04-23T20:46:14,428  INFO [LocalJobRunner Map Task Executor #0] mapred.MapTask: bufstart = 0; bufend = 42; bufvoid = 104857600
2024-04-23T20:46:14,428  INFO [LocalJobRunner Map Task Executor #0] mapred.MapTask: kvstart = 26214396(104857584); kvend = 26214396(104857584); length = 1/6553600
2024-04-23T20:46:14,437  INFO [LocalJobRunner Map Task Executor #0] mapred.MapTask: Finished spill 0
2024-04-23T20:46:14,440  INFO [LocalJobRunner Map Task Executor #0] mapred.Task: Task:attempt_local1933221697_0004_m_000001_0 is done. And is in the process of committing
2024-04-23T20:46:14,441  INFO [LocalJobRunner Map Task Executor #0] mapred.LocalJobRunner: OrcSplit [file:/home/alex/Repositories/hive/ql/target/tmp/org.apache.hadoop.hive.ql.TestTxnCommands3-1713930356371/warehouse/acid_uap/ds=tomorrow/delta_0000001_0000001_0000/bucket_00001_0, start=3, length=326, isOriginal=false, fileLength=704, hasFooter=false, hasBase=true, deltas=0]
2024-04-23T20:46:14,441  INFO [LocalJobRunner Map Task Executor #0] mapred.Task: Task 'attempt_local1933221697_0004_m_000001_0' done.
2024-04-23T20:46:14,441  INFO [LocalJobRunner Map Task Executor #0] mapred.Task: Final Counters for attempt_local1933221697_0004_m_000001_0: Counters: 24
	File System Counters
		FILE: Number of bytes read=118896
		FILE: Number of bytes written=4744801
		FILE: Number of read operations=0
		FILE: Number of large read operations=0
		FILE: Number of write operations=0
	Map-Reduce Framework
		Map input records=1
		Map output records=1
		Map output bytes=42
		Map output materialized bytes=50
		Input split bytes=523
		Combine input records=0
		Spilled Records=1
		Failed Shuffles=0
		Merged Map outputs=0
		GC time elapsed (ms)=0
		Total committed heap usage (bytes)=1012400128
	HIVE
		DESERIALIZE_ERRORS=0
		RECORDS_IN=1
		RECORDS_OUT_INTERMEDIATE=1
		RECORDS_OUT_OPERATOR_MAP_0=0
		RECORDS_OUT_OPERATOR_RS_6=1
		RECORDS_OUT_OPERATOR_SEL_5=1
		RECORDS_OUT_OPERATOR_TS_0=1
	File Input Format Counters 
		Bytes Read=9957
2024-04-23T20:46:14,441  INFO [LocalJobRunner Map Task Executor #0] mapred.LocalJobRunner: Finishing task: attempt_local1933221697_0004_m_000001_0
2024-04-23T20:46:14,441  INFO [LocalJobRunner Map Task Executor #0] mapred.LocalJobRunner: Starting task: attempt_local1933221697_0004_m_000002_0
2024-04-23T20:46:14,441  INFO [LocalJobRunner Map Task Executor #0] mapred.Task:  Using ResourceCalculatorProcessTree : [ ]
2024-04-23T20:46:14,442  INFO [LocalJobRunner Map Task Executor #0] mapred.MapTask: Processing split: org.apache.hadoop.hive.ql.io.orc.OrcInputFormat:OrcSplit [file:/home/alex/Repositories/hive/ql/target/tmp/org.apache.hadoop.hive.ql.TestTxnCommands3-1713930356371/warehouse/acid_uap/ds=today/delta_0000002_0000002_0000/bucket_00000_0, start=3, length=322, isOriginal=false, fileLength=697, hasFooter=false, hasBase=true, deltas=0]
2024-04-23T20:46:14,443  INFO [LocalJobRunner Map Task Executor #0] exec.SerializationUtilities: Deserializing MapWork using kryo
2024-04-23T20:46:14,443  INFO [LocalJobRunner Map Task Executor #0] exec.Utilities: Deserialized plan (via FILE) - name: null size: 6,99KB
2024-04-23T20:46:14,444  INFO [LocalJobRunner Map Task Executor #0] orc.VectorizedOrcAcidRowBatchReader: Read ValidWriteIdList: default.acid_uap:2:9223372036854775807:::OrcSplit [file:/home/alex/Repositories/hive/ql/target/tmp/org.apache.hadoop.hive.ql.TestTxnCommands3-1713930356371/warehouse/acid_uap/ds=today/delta_0000002_0000002_0000/bucket_00000_0, start=3, length=322, isOriginal=false, fileLength=697, hasFooter=false, hasBase=true, deltas=0]
2024-04-23T20:46:14,445  INFO [LocalJobRunner Map Task Executor #0] orc.ReaderImpl: Reading ORC rows from file:/home/alex/Repositories/hive/ql/target/tmp/org.apache.hadoop.hive.ql.TestTxnCommands3-1713930356371/warehouse/acid_uap/ds=today/delta_0000002_0000002_0000/bucket_00000_0 with {include: [true, true, true], offset: 3, length: 322, schema: struct<a:int,b:varchar(128)>, includeAcidColumns: true}
2024-04-23T20:46:14,446  INFO [LocalJobRunner Map Task Executor #0] mapred.MapTask: numReduceTasks: 1
2024-04-23T20:46:14,452  INFO [LocalJobRunner Map Task Executor #0] mapred.MapTask: (EQUATOR) 0 kvi 26214396(104857584)
2024-04-23T20:46:14,452  INFO [LocalJobRunner Map Task Executor #0] mapred.MapTask: mapreduce.task.io.sort.mb: 100
2024-04-23T20:46:14,452  INFO [LocalJobRunner Map Task Executor #0] mapred.MapTask: soft limit at 83886080
2024-04-23T20:46:14,452  INFO [LocalJobRunner Map Task Executor #0] mapred.MapTask: bufstart = 0; bufvoid = 104857600
2024-04-23T20:46:14,452  INFO [LocalJobRunner Map Task Executor #0] mapred.MapTask: kvstart = 26214396; length = 6553600
2024-04-23T20:46:14,453  INFO [LocalJobRunner Map Task Executor #0] mapred.MapTask: Map output collector class = org.apache.hadoop.mapred.MapTask$MapOutputBuffer
2024-04-23T20:46:14,453  INFO [LocalJobRunner Map Task Executor #0] vector.VectorMapOperator: Initializing Operator: MAP[0]
2024-04-23T20:46:14,454  INFO [LocalJobRunner Map Task Executor #0] mr.ExecMapper: 
<MAP>Id =0
  <Children>null
  <\Children>
  <Parent><\Parent>
<\MAP>
2024-04-23T20:46:14,455  INFO [LocalJobRunner Map Task Executor #0] exec.TableScanOperator: Initializing Operator: TS[0]
2024-04-23T20:46:14,455  INFO [LocalJobRunner Map Task Executor #0] vector.VectorSelectOperator: Initializing Operator: SEL[5]
2024-04-23T20:46:14,455  INFO [LocalJobRunner Map Task Executor #0] vector.VectorReduceSinkOperator: Initializing Operator: RS[6]
2024-04-23T20:46:14,455  INFO [LocalJobRunner Map Task Executor #0] vector.VectorReduceSinkOperator: Using tag = -1
2024-04-23T20:46:14,456  INFO [LocalJobRunner Map Task Executor #0] vector.VectorReduceSinkOperator: keys are [reducesinkkey0, reducesinkkey1, reducesinkkey2] num distributions: 3
2024-04-23T20:46:14,456  INFO [LocalJobRunner Map Task Executor #0] vector.VectorReduceSinkOperator: RS[6]: records written - 1
2024-04-23T20:46:14,456  INFO [LocalJobRunner Map Task Executor #0] vector.VectorMapOperator: Closing Operator: MAP[0]
2024-04-23T20:46:14,456  INFO [LocalJobRunner Map Task Executor #0] vector.VectorMapOperator: DESERIALIZE_ERRORS:0, RECORDS_IN:1, RECORDS_OUT_INTERMEDIATE:0, RECORDS_OUT_OPERATOR_MAP_0:0, 
2024-04-23T20:46:14,457  INFO [LocalJobRunner Map Task Executor #0] exec.TableScanOperator: Closing Operator: TS[0]
2024-04-23T20:46:14,457  INFO [LocalJobRunner Map Task Executor #0] exec.TableScanOperator: RECORDS_OUT_OPERATOR_TS_0:1, RECORDS_OUT_INTERMEDIATE:0, 
2024-04-23T20:46:14,457  INFO [LocalJobRunner Map Task Executor #0] vector.VectorSelectOperator: Closing Operator: SEL[5]
2024-04-23T20:46:14,457  INFO [LocalJobRunner Map Task Executor #0] vector.VectorSelectOperator: RECORDS_OUT_INTERMEDIATE:0, RECORDS_OUT_OPERATOR_SEL_5:1, 
2024-04-23T20:46:14,457  INFO [LocalJobRunner Map Task Executor #0] vector.VectorReduceSinkOperator: Closing Operator: RS[6]
2024-04-23T20:46:14,457  INFO [LocalJobRunner Map Task Executor #0] vector.VectorReduceSinkOperator: RS[6]: Total records written - 1. abort - false
2024-04-23T20:46:14,457  INFO [LocalJobRunner Map Task Executor #0] vector.VectorReduceSinkOperator: RECORDS_OUT_INTERMEDIATE:1, RECORDS_OUT_OPERATOR_RS_6:1, 
2024-04-23T20:46:14,458  INFO [LocalJobRunner Map Task Executor #0] mapred.LocalJobRunner: 
2024-04-23T20:46:14,458  INFO [LocalJobRunner Map Task Executor #0] mapred.MapTask: Starting flush of map output
2024-04-23T20:46:14,458  INFO [LocalJobRunner Map Task Executor #0] mapred.MapTask: Spilling map output
2024-04-23T20:46:14,458  INFO [LocalJobRunner Map Task Executor #0] mapred.MapTask: bufstart = 0; bufend = 39; bufvoid = 104857600
2024-04-23T20:46:14,458  INFO [LocalJobRunner Map Task Executor #0] mapred.MapTask: kvstart = 26214396(104857584); kvend = 26214396(104857584); length = 1/6553600
2024-04-23T20:46:14,467  INFO [LocalJobRunner Map Task Executor #0] mapred.MapTask: Finished spill 0
2024-04-23T20:46:14,470  INFO [LocalJobRunner Map Task Executor #0] mapred.Task: Task:attempt_local1933221697_0004_m_000002_0 is done. And is in the process of committing
2024-04-23T20:46:14,471  INFO [LocalJobRunner Map Task Executor #0] mapred.LocalJobRunner: OrcSplit [file:/home/alex/Repositories/hive/ql/target/tmp/org.apache.hadoop.hive.ql.TestTxnCommands3-1713930356371/warehouse/acid_uap/ds=today/delta_0000002_0000002_0000/bucket_00000_0, start=3, length=322, isOriginal=false, fileLength=697, hasFooter=false, hasBase=true, deltas=0]
2024-04-23T20:46:14,472  INFO [LocalJobRunner Map Task Executor #0] mapred.Task: Task 'attempt_local1933221697_0004_m_000002_0' done.
2024-04-23T20:46:14,472  INFO [LocalJobRunner Map Task Executor #0] mapred.Task: Final Counters for attempt_local1933221697_0004_m_000002_0: Counters: 24
	File System Counters
		FILE: Number of bytes read=129916
		FILE: Number of bytes written=4744880
		FILE: Number of read operations=0
		FILE: Number of large read operations=0
		FILE: Number of write operations=0
	Map-Reduce Framework
		Map input records=1
		Map output records=1
		Map output bytes=39
		Map output materialized bytes=47
		Input split bytes=517
		Combine input records=0
		Spilled Records=1
		Failed Shuffles=0
		Merged Map outputs=0
		GC time elapsed (ms)=0
		Total committed heap usage (bytes)=1012400128
	HIVE
		DESERIALIZE_ERRORS=0
		RECORDS_IN=1
		RECORDS_OUT_INTERMEDIATE=1
		RECORDS_OUT_OPERATOR_MAP_0=0
		RECORDS_OUT_OPERATOR_RS_6=1
		RECORDS_OUT_OPERATOR_SEL_5=1
		RECORDS_OUT_OPERATOR_TS_0=1
	File Input Format Counters 
		Bytes Read=9929
2024-04-23T20:46:14,472  INFO [LocalJobRunner Map Task Executor #0] mapred.LocalJobRunner: Finishing task: attempt_local1933221697_0004_m_000002_0
2024-04-23T20:46:14,472  INFO [LocalJobRunner Map Task Executor #0] mapred.LocalJobRunner: Starting task: attempt_local1933221697_0004_m_000003_0
2024-04-23T20:46:14,473  INFO [LocalJobRunner Map Task Executor #0] mapred.Task:  Using ResourceCalculatorProcessTree : [ ]
2024-04-23T20:46:14,473  INFO [LocalJobRunner Map Task Executor #0] mapred.MapTask: Processing split: org.apache.hadoop.hive.ql.io.orc.OrcInputFormat:OrcSplit [file:/home/alex/Repositories/hive/ql/target/tmp/org.apache.hadoop.hive.ql.TestTxnCommands3-1713930356371/warehouse/acid_uap/ds=tomorrow/delta_0000001_0000001_0000/bucket_00000_0, start=3, length=322, isOriginal=false, fileLength=705, hasFooter=false, hasBase=true, deltas=0]
2024-04-23T20:46:14,474  INFO [LocalJobRunner Map Task Executor #0] exec.SerializationUtilities: Deserializing MapWork using kryo
2024-04-23T20:46:14,475  INFO [LocalJobRunner Map Task Executor #0] exec.Utilities: Deserialized plan (via FILE) - name: null size: 6,99KB
2024-04-23T20:46:14,476  INFO [LocalJobRunner Map Task Executor #0] orc.VectorizedOrcAcidRowBatchReader: Read ValidWriteIdList: default.acid_uap:2:9223372036854775807:::OrcSplit [file:/home/alex/Repositories/hive/ql/target/tmp/org.apache.hadoop.hive.ql.TestTxnCommands3-1713930356371/warehouse/acid_uap/ds=tomorrow/delta_0000001_0000001_0000/bucket_00000_0, start=3, length=322, isOriginal=false, fileLength=705, hasFooter=false, hasBase=true, deltas=0]
2024-04-23T20:46:14,477  INFO [LocalJobRunner Map Task Executor #0] orc.ReaderImpl: Reading ORC rows from file:/home/alex/Repositories/hive/ql/target/tmp/org.apache.hadoop.hive.ql.TestTxnCommands3-1713930356371/warehouse/acid_uap/ds=tomorrow/delta_0000001_0000001_0000/bucket_00000_0 with {include: [true, true, true], offset: 3, length: 322, schema: struct<a:int,b:varchar(128)>, includeAcidColumns: true}
2024-04-23T20:46:14,478  INFO [LocalJobRunner Map Task Executor #0] mapred.MapTask: numReduceTasks: 1
2024-04-23T20:46:14,485  INFO [LocalJobRunner Map Task Executor #0] mapred.MapTask: (EQUATOR) 0 kvi 26214396(104857584)
2024-04-23T20:46:14,485  INFO [LocalJobRunner Map Task Executor #0] mapred.MapTask: mapreduce.task.io.sort.mb: 100
2024-04-23T20:46:14,485  INFO [LocalJobRunner Map Task Executor #0] mapred.MapTask: soft limit at 83886080
2024-04-23T20:46:14,485  INFO [LocalJobRunner Map Task Executor #0] mapred.MapTask: bufstart = 0; bufvoid = 104857600
2024-04-23T20:46:14,485  INFO [LocalJobRunner Map Task Executor #0] mapred.MapTask: kvstart = 26214396; length = 6553600
2024-04-23T20:46:14,485  INFO [LocalJobRunner Map Task Executor #0] mapred.MapTask: Map output collector class = org.apache.hadoop.mapred.MapTask$MapOutputBuffer
2024-04-23T20:46:14,486  INFO [LocalJobRunner Map Task Executor #0] vector.VectorMapOperator: Initializing Operator: MAP[0]
2024-04-23T20:46:14,486  INFO [LocalJobRunner Map Task Executor #0] mr.ExecMapper: 
<MAP>Id =0
  <Children>null
  <\Children>
  <Parent><\Parent>
<\MAP>
2024-04-23T20:46:14,487  INFO [LocalJobRunner Map Task Executor #0] exec.TableScanOperator: Initializing Operator: TS[0]
2024-04-23T20:46:14,487  INFO [LocalJobRunner Map Task Executor #0] vector.VectorSelectOperator: Initializing Operator: SEL[5]
2024-04-23T20:46:14,487  INFO [LocalJobRunner Map Task Executor #0] vector.VectorReduceSinkOperator: Initializing Operator: RS[6]
2024-04-23T20:46:14,487  INFO [LocalJobRunner Map Task Executor #0] vector.VectorReduceSinkOperator: Using tag = -1
2024-04-23T20:46:14,488  INFO [LocalJobRunner Map Task Executor #0] vector.VectorReduceSinkOperator: keys are [reducesinkkey0, reducesinkkey1, reducesinkkey2] num distributions: 3
2024-04-23T20:46:14,488  INFO [LocalJobRunner Map Task Executor #0] vector.VectorReduceSinkOperator: RS[6]: records written - 1
2024-04-23T20:46:14,488  INFO [LocalJobRunner Map Task Executor #0] vector.VectorMapOperator: Closing Operator: MAP[0]
2024-04-23T20:46:14,488  INFO [LocalJobRunner Map Task Executor #0] vector.VectorMapOperator: RECORDS_OUT_OPERATOR_MAP_0:0, RECORDS_OUT_INTERMEDIATE:0, RECORDS_IN:1, DESERIALIZE_ERRORS:0, 
2024-04-23T20:46:14,488  INFO [LocalJobRunner Map Task Executor #0] exec.TableScanOperator: Closing Operator: TS[0]
2024-04-23T20:46:14,488  INFO [LocalJobRunner Map Task Executor #0] exec.TableScanOperator: RECORDS_OUT_INTERMEDIATE:0, RECORDS_OUT_OPERATOR_TS_0:1, 
2024-04-23T20:46:14,488  INFO [LocalJobRunner Map Task Executor #0] vector.VectorSelectOperator: Closing Operator: SEL[5]
2024-04-23T20:46:14,488  INFO [LocalJobRunner Map Task Executor #0] vector.VectorSelectOperator: RECORDS_OUT_OPERATOR_SEL_5:1, RECORDS_OUT_INTERMEDIATE:0, 
2024-04-23T20:46:14,489  INFO [LocalJobRunner Map Task Executor #0] vector.VectorReduceSinkOperator: Closing Operator: RS[6]
2024-04-23T20:46:14,489  INFO [LocalJobRunner Map Task Executor #0] vector.VectorReduceSinkOperator: RS[6]: Total records written - 1. abort - false
2024-04-23T20:46:14,489  INFO [LocalJobRunner Map Task Executor #0] vector.VectorReduceSinkOperator: RECORDS_OUT_OPERATOR_RS_6:1, RECORDS_OUT_INTERMEDIATE:1, 
2024-04-23T20:46:14,489  INFO [LocalJobRunner Map Task Executor #0] mapred.LocalJobRunner: 
2024-04-23T20:46:14,489  INFO [LocalJobRunner Map Task Executor #0] mapred.MapTask: Starting flush of map output
2024-04-23T20:46:14,489  INFO [LocalJobRunner Map Task Executor #0] mapred.MapTask: Spilling map output
2024-04-23T20:46:14,489  INFO [LocalJobRunner Map Task Executor #0] mapred.MapTask: bufstart = 0; bufend = 42; bufvoid = 104857600
2024-04-23T20:46:14,489  INFO [LocalJobRunner Map Task Executor #0] mapred.MapTask: kvstart = 26214396(104857584); kvend = 26214396(104857584); length = 1/6553600
2024-04-23T20:46:14,498  INFO [LocalJobRunner Map Task Executor #0] mapred.MapTask: Finished spill 0
2024-04-23T20:46:14,502  INFO [LocalJobRunner Map Task Executor #0] mapred.Task: Task:attempt_local1933221697_0004_m_000003_0 is done. And is in the process of committing
2024-04-23T20:46:14,503  INFO [LocalJobRunner Map Task Executor #0] mapred.LocalJobRunner: OrcSplit [file:/home/alex/Repositories/hive/ql/target/tmp/org.apache.hadoop.hive.ql.TestTxnCommands3-1713930356371/warehouse/acid_uap/ds=tomorrow/delta_0000001_0000001_0000/bucket_00000_0, start=3, length=322, isOriginal=false, fileLength=705, hasFooter=false, hasBase=true, deltas=0]
2024-04-23T20:46:14,503  INFO [LocalJobRunner Map Task Executor #0] mapred.Task: Task 'attempt_local1933221697_0004_m_000003_0' done.
2024-04-23T20:46:14,503  INFO [LocalJobRunner Map Task Executor #0] mapred.Task: Final Counters for attempt_local1933221697_0004_m_000003_0: Counters: 24
	File System Counters
		FILE: Number of bytes read=140456
		FILE: Number of bytes written=4744962
		FILE: Number of read operations=0
		FILE: Number of large read operations=0
		FILE: Number of write operations=0
	Map-Reduce Framework
		Map input records=1
		Map output records=1
		Map output bytes=42
		Map output materialized bytes=50
		Input split bytes=523
		Combine input records=0
		Spilled Records=1
		Failed Shuffles=0
		Merged Map outputs=0
		GC time elapsed (ms)=0
		Total committed heap usage (bytes)=1012400128
	HIVE
		DESERIALIZE_ERRORS=0
		RECORDS_IN=1
		RECORDS_OUT_INTERMEDIATE=1
		RECORDS_OUT_OPERATOR_MAP_0=0
		RECORDS_OUT_OPERATOR_RS_6=1
		RECORDS_OUT_OPERATOR_SEL_5=1
		RECORDS_OUT_OPERATOR_TS_0=1
	File Input Format Counters 
		Bytes Read=9961
2024-04-23T20:46:14,503  INFO [LocalJobRunner Map Task Executor #0] mapred.LocalJobRunner: Finishing task: attempt_local1933221697_0004_m_000003_0
2024-04-23T20:46:14,504  INFO [Thread-310] mapred.LocalJobRunner: map task executor complete.
2024-04-23T20:46:14,505  INFO [Thread-310] mapred.LocalJobRunner: Waiting for reduce tasks
2024-04-23T20:46:14,505  INFO [pool-24-thread-1] mapred.LocalJobRunner: Starting task: attempt_local1933221697_0004_r_000000_0
2024-04-23T20:46:14,506  INFO [pool-24-thread-1] mapred.Task:  Using ResourceCalculatorProcessTree : [ ]
2024-04-23T20:46:14,506  INFO [pool-24-thread-1] mapred.ReduceTask: Using ShuffleConsumerPlugin: org.apache.hadoop.mapreduce.task.reduce.Shuffle@4eda20f8
2024-04-23T20:46:14,506  WARN [pool-24-thread-1] impl.MetricsSystemImpl: JobTracker metrics system already initialized!
2024-04-23T20:46:14,507  INFO [pool-24-thread-1] reduce.MergeManagerImpl: MergerManager: memoryLimit=1336252800, maxSingleShuffleLimit=334063200, mergeThreshold=881926912, ioSortFactor=10, memToMemMergeOutputsThreshold=10
2024-04-23T20:46:14,508  INFO [EventFetcher for fetching Map Completion Events] reduce.EventFetcher: attempt_local1933221697_0004_r_000000_0 Thread started: EventFetcher for fetching Map Completion Events
2024-04-23T20:46:14,511  INFO [localfetcher#6] reduce.LocalFetcher: localfetcher#6 about to shuffle output of map attempt_local1933221697_0004_m_000001_0 decomp: 46 len: 50 to MEMORY
2024-04-23T20:46:14,511  INFO [localfetcher#6] reduce.InMemoryMapOutput: Read 46 bytes from map-output for attempt_local1933221697_0004_m_000001_0
2024-04-23T20:46:14,511  INFO [localfetcher#6] reduce.MergeManagerImpl: closeInMemoryFile -> map-output of size: 46, inMemoryMapOutputs.size() -> 1, commitMemory -> 0, usedMemory ->46
2024-04-23T20:46:14,514  INFO [localfetcher#6] reduce.LocalFetcher: localfetcher#6 about to shuffle output of map attempt_local1933221697_0004_m_000003_0 decomp: 46 len: 50 to MEMORY
2024-04-23T20:46:14,514  INFO [localfetcher#6] reduce.InMemoryMapOutput: Read 46 bytes from map-output for attempt_local1933221697_0004_m_000003_0
2024-04-23T20:46:14,514  INFO [localfetcher#6] reduce.MergeManagerImpl: closeInMemoryFile -> map-output of size: 46, inMemoryMapOutputs.size() -> 2, commitMemory -> 46, usedMemory ->92
2024-04-23T20:46:14,517  INFO [localfetcher#6] reduce.LocalFetcher: localfetcher#6 about to shuffle output of map attempt_local1933221697_0004_m_000002_0 decomp: 43 len: 47 to MEMORY
2024-04-23T20:46:14,517  INFO [localfetcher#6] reduce.InMemoryMapOutput: Read 43 bytes from map-output for attempt_local1933221697_0004_m_000002_0
2024-04-23T20:46:14,517  INFO [localfetcher#6] reduce.MergeManagerImpl: closeInMemoryFile -> map-output of size: 43, inMemoryMapOutputs.size() -> 3, commitMemory -> 92, usedMemory ->135
2024-04-23T20:46:14,520  INFO [localfetcher#6] reduce.LocalFetcher: localfetcher#6 about to shuffle output of map attempt_local1933221697_0004_m_000000_0 decomp: 43 len: 47 to MEMORY
2024-04-23T20:46:14,520  INFO [localfetcher#6] reduce.InMemoryMapOutput: Read 43 bytes from map-output for attempt_local1933221697_0004_m_000000_0
2024-04-23T20:46:14,520  INFO [localfetcher#6] reduce.MergeManagerImpl: closeInMemoryFile -> map-output of size: 43, inMemoryMapOutputs.size() -> 4, commitMemory -> 135, usedMemory ->178
2024-04-23T20:46:14,520  INFO [EventFetcher for fetching Map Completion Events] reduce.EventFetcher: EventFetcher is interrupted.. Returning
2024-04-23T20:46:14,520  INFO [pool-24-thread-1] mapred.LocalJobRunner: 4 / 4 copied.
2024-04-23T20:46:14,521  INFO [pool-24-thread-1] reduce.MergeManagerImpl: finalMerge called with 4 in-memory map-outputs and 0 on-disk map-outputs
2024-04-23T20:46:14,527  INFO [pool-24-thread-1] mapred.Merger: Merging 4 sorted segments
2024-04-23T20:46:14,527  INFO [pool-24-thread-1] mapred.Merger: Down to the last merge-pass, with 4 segments left of total size: 76 bytes
2024-04-23T20:46:14,530  INFO [pool-24-thread-1] reduce.MergeManagerImpl: Merged 4 segments, 178 bytes to disk to satisfy reduce memory limit
2024-04-23T20:46:14,530  INFO [pool-24-thread-1] reduce.MergeManagerImpl: Merging 1 files, 176 bytes from disk
2024-04-23T20:46:14,530  INFO [pool-24-thread-1] reduce.MergeManagerImpl: Merging 0 segments, 0 bytes from memory into reduce
2024-04-23T20:46:14,530  INFO [pool-24-thread-1] mapred.Merger: Merging 1 sorted segments
2024-04-23T20:46:14,530  INFO [pool-24-thread-1] mapred.Merger: Down to the last merge-pass, with 1 segments left of total size: 148 bytes
2024-04-23T20:46:14,531  INFO [pool-24-thread-1] mapred.LocalJobRunner: 4 / 4 copied.
2024-04-23T20:46:14,531  INFO [pool-24-thread-1] exec.SerializationUtilities: Deserializing ReduceWork using kryo
2024-04-23T20:46:14,532  INFO [pool-24-thread-1] exec.Utilities: Deserialized plan (via FILE) - name: null size: 7,62KB
2024-04-23T20:46:14,534  INFO [pool-24-thread-1] ExecReducer: 
<SEL>Id =3
  <Children>
    <FS>Id =4
      <Children>
      <\Children>
      <Parent>Id = 3 null<\Parent>
    <\FS>
  <\Children>
  <Parent><\Parent>
<\SEL>
2024-04-23T20:46:14,534  INFO [pool-24-thread-1] exec.SelectOperator: Initializing Operator: SEL[3]
2024-04-23T20:46:14,534  INFO [pool-24-thread-1] exec.SelectOperator: SELECT struct<key:struct<reducesinkkey0:string,reducesinkkey1:int,reducesinkkey2:varchar(128)>,value:struct<_col0:struct<writeid:bigint,bucketid:int,rowid:bigint>>>
2024-04-23T20:46:14,534  INFO [pool-24-thread-1] exec.FileSinkOperator: Initializing Operator: FS[4]
2024-04-23T20:46:14,535  INFO [pool-24-thread-1] exec.FileSinkOperator: Using serializer : class org.apache.hadoop.hive.serde2.lazy.LazySimpleSerDe [serdeParams=org.apache.hadoop.hive.serde2.lazy.LazySerDeParameters@d73e4bc, cachedObjectInspector=org.apache.hadoop.hive.serde2.lazy.objectinspector.LazySimpleStructObjectInspector<org.apache.hadoop.hive.serde2.lazy.objectinspector.LazySimpleStructObjectInspector<org.apache.hadoop.hive.serde2.lazy.objectinspector.primitive.LazyLongObjectInspector@360b6ea1,org.apache.hadoop.hive.serde2.lazy.objectinspector.primitive.LazyIntObjectInspector@4dbeae45,org.apache.hadoop.hive.serde2.lazy.objectinspector.primitive.LazyLongObjectInspector@360b6ea1>,org.apache.hadoop.hive.serde2.lazy.objectinspector.primitive.LazyIntObjectInspector@4dbeae45,varchar(128),org.apache.hadoop.hive.serde2.lazy.objectinspector.primitive.LazyStringObjectInspector@688e6d4e>, serializedSize=0, stats=org.apache.hadoop.hive.serde2.SerDeStats@2cca3b4f, lastOperationSerialize=false, lastOperationDeserialize=false [1, 2, 3, 4, 5, 6, 7, 8, 11, 14, 15, 16, 17, 18, 19, 20, 21, 22, 23, 24, 25, 26, 28, 29, 30, 31, -128, -127, -126, -125, -124, -123, -122, -121, -120, -119, -118, -117, -116, -115, -114, -113, -112, -111, -110, -109, -108, -107, -106, -105, -104, -103, -102, -101, -100, -99, -98, -97, -96, -95, -94, -93, -92, -91, -90, -89, -88, -87, -86, -85, -84, -83, -82, -81, -80, -79, -78, -77, -76, -75, -74, -73, -72, -71, -70, -69, -68, -67, -66, -65, -64, -63, -62, -61, -60, -59, -58, -57, -56, -55, -54, -53, -52, -51, -50, -49, -48, -47, -46, -45, -44, -43, -42, -41, -40, -39, -38, -37, -36, -35, -34, -33, -32, -31, -30, -29, -28, -27, -26, -25, -24, -23, -22, -21, -20, -19, -18, -17, -16, -15, -14, -13, -12, -11, -10, -9, -8, -7, -6, -5, -4, -3, -2, -1] : [_col0, _col1, _col2, _col3] : [struct<writeid:bigint,bucketid:int,rowid:bigint>, int, varchar(128), string]] and formatter : org.apache.hadoop.hive.ql.io.HiveSequenceFileOutputFormat@77612676
2024-04-23T20:46:14,535  INFO [pool-24-thread-1] exec.FileSinkOperator: Final Path: FS file:/home/alex/Repositories/hive/ql/target/tmp/localscratchdir/4002c27b-293e-4787-8d91-c1d5d195e21e/hive_2024-04-23_20-46-13_844_6211156437982827729-1/-mr-10001/.hive-staging_hive_2024-04-23_20-46-13_844_6211156437982827729-1/_tmp.-ext-10002/000000_0
2024-04-23T20:46:14,535  INFO [pool-24-thread-1] exec.FileSinkOperator: Writing to temp file: FS file:/home/alex/Repositories/hive/ql/target/tmp/localscratchdir/4002c27b-293e-4787-8d91-c1d5d195e21e/hive_2024-04-23_20-46-13_844_6211156437982827729-1/-mr-10001/.hive-staging_hive_2024-04-23_20-46-13_844_6211156437982827729-1/_task_tmp.-ext-10002/_tmp.000000_0
2024-04-23T20:46:14,536  INFO [pool-24-thread-1] exec.FileSinkOperator: New Final Path: FS file:/home/alex/Repositories/hive/ql/target/tmp/localscratchdir/4002c27b-293e-4787-8d91-c1d5d195e21e/hive_2024-04-23_20-46-13_844_6211156437982827729-1/-mr-10001/.hive-staging_hive_2024-04-23_20-46-13_844_6211156437982827729-1/_tmp.-ext-10002/000000_0
2024-04-23T20:46:14,545  INFO [pool-24-thread-1] exec.FileSinkOperator: FS[4]: records written - 1
2024-04-23T20:46:14,545  INFO [pool-24-thread-1] exec.SelectOperator: Closing Operator: SEL[3]
2024-04-23T20:46:14,545  INFO [pool-24-thread-1] exec.SelectOperator: RECORDS_OUT_OPERATOR_SEL_3:4, RECORDS_OUT_INTERMEDIATE:0, 
2024-04-23T20:46:14,545  INFO [pool-24-thread-1] exec.FileSinkOperator: Closing Operator: FS[4]
2024-04-23T20:46:14,545  INFO [pool-24-thread-1] exec.FileSinkOperator: FS[4]: records written - 4
2024-04-23T20:46:14,546  INFO [pool-24-thread-1] exec.FileSinkOperator: RECORDS_OUT_OPERATOR_FS_4:4, RECORDS_OUT_0:4, RECORDS_OUT_INTERMEDIATE:0, 
2024-04-23T20:46:14,546  INFO [pool-24-thread-1] mapred.Task: Task:attempt_local1933221697_0004_r_000000_0 is done. And is in the process of committing
2024-04-23T20:46:14,547  INFO [pool-24-thread-1] mapred.LocalJobRunner: reduce > reduce
2024-04-23T20:46:14,547  INFO [pool-24-thread-1] mapred.Task: Task 'attempt_local1933221697_0004_r_000000_0' done.
2024-04-23T20:46:14,547  INFO [pool-24-thread-1] mapred.Task: Final Counters for attempt_local1933221697_0004_r_000000_0: Counters: 29
	File System Counters
		FILE: Number of bytes read=148641
		FILE: Number of bytes written=4745395
		FILE: Number of read operations=0
		FILE: Number of large read operations=0
		FILE: Number of write operations=0
	Map-Reduce Framework
		Combine input records=0
		Combine output records=0
		Reduce input groups=4
		Reduce shuffle bytes=194
		Reduce input records=4
		Reduce output records=0
		Spilled Records=4
		Shuffled Maps =4
		Failed Shuffles=0
		Merged Map outputs=4
		GC time elapsed (ms)=0
		Total committed heap usage (bytes)=1012400128
	HIVE
		CREATED_FILES=1
		RECORDS_OUT_0=4
		RECORDS_OUT_INTERMEDIATE=0
		RECORDS_OUT_OPERATOR_FS_4=4
		RECORDS_OUT_OPERATOR_SEL_3=4
	Shuffle Errors
		BAD_ID=0
		CONNECTION=0
		IO_ERROR=0
		WRONG_LENGTH=0
		WRONG_MAP=0
		WRONG_REDUCE=0
	File Output Format Counters 
		Bytes Written=0
2024-04-23T20:46:14,547  INFO [pool-24-thread-1] mapred.LocalJobRunner: Finishing task: attempt_local1933221697_0004_r_000000_0
2024-04-23T20:46:14,547  INFO [Thread-310] mapred.LocalJobRunner: reduce task executor complete.
2024-04-23 20:46:15,383 Stage-1 map = 100%,  reduce = 100%
2024-04-23T20:46:15,383  INFO [main] exec.Task: 2024-04-23 20:46:15,383 Stage-1 map = 100%,  reduce = 100%
Ended Job = job_local1933221697_0004
2024-04-23T20:46:15,385  INFO [main] exec.Task: Ended Job = job_local1933221697_0004
2024-04-23T20:46:15,388  INFO [main] metadata.Hive: Dumping metastore api call timing information for : execution phase
2024-04-23T20:46:15,388  INFO [main] metadata.Hive: Total time spent in each metastore function (ms): {}
MapReduce Jobs Launched: 
2024-04-23T20:46:15,388  INFO [main] ql.Driver: MapReduce Jobs Launched: 
Stage-Stage-1:  HDFS Read: 0 HDFS Write: 0 SUCCESS
2024-04-23T20:46:15,388  INFO [main] ql.Driver: Stage-Stage-1:  HDFS Read: 0 HDFS Write: 0 SUCCESS
Total MapReduce CPU Time Spent: 0 msec
2024-04-23T20:46:15,388  INFO [main] ql.Driver: Total MapReduce CPU Time Spent: 0 msec
2024-04-23T20:46:15,388  INFO [main] ql.Driver: Completed executing command(queryId=alex_20240423204613_a0011c3c-d3ef-40e8-b7af-2a19b3f81025); Time taken: 1.346 seconds
2024-04-23T20:46:15,388  INFO [main] lockmgr.DbTxnManager: Stopped heartbeat for query: alex_20240423204613_a0011c3c-d3ef-40e8-b7af-2a19b3f81025
2024-04-23T20:46:15,395  INFO [main] txn.TxnHandler: Expected to move at least one record from txn_components to completed_txn_components when committing txn! txnid:18
2024-04-23T20:46:15,411  INFO [main] txn.TxnHandler: Removed transactions: ([18]) from MIN_HISTORY_LEVEL
2024-04-23T20:46:15,412  WARN [main] txn.CompactionTxnHandler: No compaction queue record found for Compaction type transaction commit. txnId:18
2024-04-23T20:46:15,417  INFO [main] mapred.FileInputFormat: Total input files to process : 1
2024-04-23T20:46:15,419  INFO [main] exec.ListSinkOperator: Closing Operator: LIST_SINK[7]
2024-04-23T20:46:15,419  INFO [main] exec.ListSinkOperator: RECORDS_OUT_OPERATOR_LIST_SINK_7:4, RECORDS_OUT_INTERMEDIATE:0, 
2024-04-23T20:46:15,419  WARN [main] ql.TestTxnCommands3: testSdpoBucketed: read data(after insert vect): 
2024-04-23T20:46:15,419  INFO [main] ql.TestTxnCommands3: {"writeid":2,"bucketid":536936448,"rowid":0}	1	bah	today
{"writeid":2,"bucketid":536870912,"rowid":0}	2	yah	today
{"writeid":1,"bucketid":536936448,"rowid":0}	1	bah	tomorrow
{"writeid":1,"bucketid":536870912,"rowid":0}	2	yah	tomorrow

2024-04-23T20:46:15,419  INFO [main] ql.TxnCommandsBaseForTests: Running the query: EXPLAIN VECTORIZATION DETAIL select ROW__ID, a, b, ds from acid_uap order by ds, a, b
2024-04-23T20:46:15,419  INFO [main] ql.Context: Deleting scratch dir: file:/home/alex/Repositories/hive/ql/target/tmp/localscratchdir/4002c27b-293e-4787-8d91-c1d5d195e21e/hive_2024-04-23_20-46-13_844_6211156437982827729-1
2024-04-23T20:46:15,420  INFO [main] cleanup.SyncCleanupService: Deleted directory: file:/home/alex/Repositories/hive/ql/target/tmp/localscratchdir/4002c27b-293e-4787-8d91-c1d5d195e21e/hive_2024-04-23_20-46-13_844_6211156437982827729-1 on fs with scheme file
2024-04-23T20:46:15,421  INFO [main] ql.Driver: Compiling command(queryId=alex_20240423204615_b4d11683-af06-4bc7-9b2e-8d96883482f7): EXPLAIN VECTORIZATION DETAIL select ROW__ID, a, b, ds from acid_uap order by ds, a, b
2024-04-23T20:46:15,426  INFO [main] txn.TxnHandler: Added entries to MIN_HISTORY_LEVEL for current txns: ([19]) with min_open_txn: 19
2024-04-23T20:46:15,427  INFO [main] lockmgr.DbTxnManager: Opened txnid:19
2024-04-23T20:46:15,428  INFO [main] parse.CalcitePlanner: Starting Semantic Analysis
2024-04-23T20:46:15,431  INFO [main] parse.CalcitePlanner: Completed phase 1 of Semantic Analysis
2024-04-23T20:46:15,431  INFO [main] parse.CalcitePlanner: Get metadata for source tables
2024-04-23T20:46:15,432  INFO [main] HiveMetaStore.audit: ugi=alex	ip=unknown-ip-addr	cmd=get_table : tbl=hive.default.acid_uap	
2024-04-23T20:46:15,442  INFO [main] metastore.HMSHandler: Skipping translation for processor with null
2024-04-23T20:46:15,443  INFO [main] parse.CalcitePlanner: Get metadata for subqueries
2024-04-23T20:46:15,443  INFO [main] parse.CalcitePlanner: Get metadata for destination tables
2024-04-23T20:46:15,443  INFO [main] parse.CalcitePlanner: Completed getting MetaData in Semantic Analysis
2024-04-23T20:46:15,457  INFO [main] HiveMetaStore.audit: ugi=alex	ip=unknown-ip-addr	cmd=get_all_table_constraints : tbl=hive.default.acid_uap	
2024-04-23T20:46:15,477  INFO [main] calcite.RelOptHiveTable: Calculating column statistics for default.acid_uap, projIndxSet: [0, 1, 2], allowMissingStats: true
2024-04-23T20:46:15,477  INFO [main] HiveMetaStore.audit: ugi=alex	ip=unknown-ip-addr	cmd=get_partitions : tbl=hive.default.acid_uap	
2024-04-23T20:46:15,492  INFO [main] HiveMetaStore.audit: ugi=alex	ip=unknown-ip-addr	cmd=get_table : tbl=hive.default.acid_uap	
2024-04-23T20:46:15,506  INFO [main] metastore.HMSHandler: Skipping translation for processor with null
2024-04-23T20:46:15,506  INFO [main] HiveMetaStore.audit: ugi=alex	ip=unknown-ip-addr	cmd=get_aggr_stats_for: table=hive.default.acid_uap	
2024-04-23T20:46:15,520  WARN [main] calcite.RelOptHiveTable: No Stats for default@acid_uap, Columns: b, a
No Stats for default@acid_uap, Columns: b, a
2024-04-23T20:46:15,520  INFO [main] SessionState: No Stats for default@acid_uap, Columns: b, a
2024-04-23T20:46:15,577  INFO [main] parse.CalcitePlanner: Get metadata for source tables
2024-04-23T20:46:15,578  INFO [main] parse.CalcitePlanner: Get metadata for subqueries
2024-04-23T20:46:15,578  INFO [main] parse.CalcitePlanner: Get metadata for destination tables
2024-04-23T20:46:15,580  INFO [main] parse.CalcitePlanner: CBO Succeeded; optimized logical plan.
2024-04-23T20:46:15,586  INFO [main] optimizer.ColumnPrunerProcFactory: RS 2 oldColExprMap: {KEY.reducesinkkey2=Column[_col2], KEY.reducesinkkey1=Column[_col1], VALUE._col0=Column[_col0], KEY.reducesinkkey0=Column[_col3]}
2024-04-23T20:46:15,587  INFO [main] optimizer.ColumnPrunerProcFactory: RS 2 newColExprMap: {KEY.reducesinkkey0=Column[_col3], KEY.reducesinkkey1=Column[_col1], VALUE._col0=Column[_col0], KEY.reducesinkkey2=Column[_col2]}
2024-04-23T20:46:15,618  INFO [main] optimizer.SortedDynPartitionOptimizer: Sorted dynamic partitioning optimization kicked in..
2024-04-23T20:46:15,633  INFO [main] physical.Vectorizer: Examining input format to see if vectorization is enabled.
2024-04-23T20:46:15,634  INFO [main] physical.Vectorizer: Vectorization is enabled for input format(s) [org.apache.hadoop.hive.ql.io.orc.OrcInputFormat]
2024-04-23T20:46:15,634  INFO [main] physical.Vectorizer: Validating and vectorizing MapWork... (vectorizedVertexNum 0)
2024-04-23T20:46:15,635  INFO [main] physical.Vectorizer: Map vectorization enabled: true
2024-04-23T20:46:15,635  INFO [main] physical.Vectorizer: Map vectorized: true
2024-04-23T20:46:15,635  INFO [main] physical.Vectorizer: Map vectorizedVertexNum: 0
2024-04-23T20:46:15,636  INFO [main] physical.Vectorizer: Map enabledConditionsMet: [hive.vectorized.use.vectorized.input.format IS true]
2024-04-23T20:46:15,636  INFO [main] physical.Vectorizer: Map inputFileFormatClassNameSet: [org.apache.hadoop.hive.ql.io.orc.OrcInputFormat]
2024-04-23T20:46:15,636  INFO [main] physical.Vectorizer: Reduce vectorization enabled: false
2024-04-23T20:46:15,636  INFO [main] physical.Vectorizer: Reduce vectorized: false
2024-04-23T20:46:15,636  INFO [main] physical.Vectorizer: Reduce vectorizedVertexNum: 1
2024-04-23T20:46:15,636  INFO [main] physical.Vectorizer: Reducer hive.vectorized.execution.reduce.enabled: true
2024-04-23T20:46:15,636  INFO [main] physical.Vectorizer: Reducer engine: mr
2024-04-23T20:46:15,636  INFO [main] parse.CalcitePlanner: Completed plan generation
2024-04-23T20:46:15,639  INFO [main] ql.Driver: Semantic Analysis Completed (retrial = false)
2024-04-23T20:46:15,639  INFO [main] ql.Driver: Created Hive schema: Schema(fieldSchemas:[FieldSchema(name:Explain, type:string, comment:null)], properties:null)
2024-04-23T20:46:15,639  INFO [main] metadata.Hive: Dumping metastore api call timing information for : compilation phase
2024-04-23T20:46:15,639  INFO [main] metadata.Hive: Total time spent in each metastore function (ms): {getAggrColStatsFor_(String, String, List, List, String, String)=27, commitTxn_(CommitTxnRequest)=23, listPartitions_(String, String, short)=14, flushCache_()=0, getValidTxns_(long)=1, getValidWriteIds_(List, String)=4, getAllTableConstraints_(AllTableConstraintsRequest)=11, isCompatibleWith_(Configuration)=3, openTxn_(String, TxnType)=3, getTable_(GetTableRequest)=11}
2024-04-23T20:46:15,640  INFO [main] ql.Driver: Completed compiling command(queryId=alex_20240423204615_b4d11683-af06-4bc7-9b2e-8d96883482f7); Time taken: 0.218 seconds
2024-04-23T20:46:15,640  INFO [main] ql.Driver: Executing command(queryId=alex_20240423204615_b4d11683-af06-4bc7-9b2e-8d96883482f7): EXPLAIN VECTORIZATION DETAIL select ROW__ID, a, b, ds from acid_uap order by ds, a, b
2024-04-23T20:46:15,640  INFO [main] ql.Driver: Starting task [Stage-2:EXPLAIN] in serial mode
2024-04-23T20:46:15,678  INFO [main] metadata.Hive: Dumping metastore api call timing information for : execution phase
2024-04-23T20:46:15,679  INFO [main] metadata.Hive: Total time spent in each metastore function (ms): {}
2024-04-23T20:46:15,679  INFO [main] ql.Driver: Completed executing command(queryId=alex_20240423204615_b4d11683-af06-4bc7-9b2e-8d96883482f7); Time taken: 0.038 seconds
2024-04-23T20:46:15,679  INFO [main] lockmgr.DbTxnManager: Stopped heartbeat for query: null
2024-04-23T20:46:15,687  INFO [main] txn.TxnHandler: Expected to move at least one record from txn_components to completed_txn_components when committing txn! txnid:19
2024-04-23T20:46:15,697  INFO [main] txn.TxnHandler: Removed transactions: ([19]) from MIN_HISTORY_LEVEL
2024-04-23T20:46:15,698  WARN [main] txn.CompactionTxnHandler: No compaction queue record found for Compaction type transaction commit. txnId:19
2024-04-23T20:46:15,700  INFO [main] ql.TxnCommandsBaseForTests: Running the query: update acid_uap set b = 'fred'
2024-04-23T20:46:15,701  INFO [main] ql.Context: Deleting scratch dir: file:/home/alex/Repositories/hive/ql/target/tmp/localscratchdir/4002c27b-293e-4787-8d91-c1d5d195e21e/hive_2024-04-23_20-46-15_420_955500184933110716-1
2024-04-23T20:46:15,701  INFO [main] cleanup.SyncCleanupService: Deleted directory: file:/home/alex/Repositories/hive/ql/target/tmp/localscratchdir/4002c27b-293e-4787-8d91-c1d5d195e21e/hive_2024-04-23_20-46-15_420_955500184933110716-1 on fs with scheme file
2024-04-23T20:46:15,702  INFO [main] ql.Driver: Compiling command(queryId=alex_20240423204615_2d4f5e25-6335-435d-87c3-113473a1ce62): update acid_uap set b = 'fred'
2024-04-23T20:46:15,708  INFO [main] txn.TxnHandler: Added entries to MIN_HISTORY_LEVEL for current txns: ([20]) with min_open_txn: 19
2024-04-23T20:46:15,708  INFO [main] lockmgr.DbTxnManager: Opened txnid:20
2024-04-23T20:46:15,710  INFO [main] parse.UpdateDeleteSemanticAnalyzer: Starting caching scope for: 
2024-04-23T20:46:15,710  INFO [main] HiveMetaStore.audit: ugi=alex	ip=unknown-ip-addr	cmd=get_table : tbl=hive.default.acid_uap	
2024-04-23T20:46:15,723  INFO [main] metastore.HMSHandler: Skipping translation for processor with null
2024-04-23T20:46:15,724  INFO [main] parse.RewriteSemanticAnalyzer: Going to reparse <update acid_uap set b = 'fred'> as 
<insert into table `default`.`acid_uap` partition (`ds`) select ROW__ID,`a`,`b`, `ds` from `default`.`acid_uap` sort by ROW__ID >
2024-04-23T20:46:15,725  INFO [main] parse.UpdateDeleteSemanticAnalyzer: Starting Semantic Analysis
2024-04-23T20:46:15,729  INFO [main] HiveMetaStore.audit: ugi=alex	ip=unknown-ip-addr	cmd=get_table : tbl=hive.default.acid_uap	
2024-04-23T20:46:15,739  INFO [main] metastore.HMSHandler: Skipping translation for processor with null
2024-04-23T20:46:15,739  INFO [main] parse.UpdateDeleteSemanticAnalyzer: Completed phase 1 of Semantic Analysis
2024-04-23T20:46:15,739  INFO [main] parse.UpdateDeleteSemanticAnalyzer: Get metadata for source tables
2024-04-23T20:46:15,740  INFO [main] parse.UpdateDeleteSemanticAnalyzer: Get metadata for subqueries
2024-04-23T20:46:15,740  INFO [main] parse.UpdateDeleteSemanticAnalyzer: Get metadata for destination tables
2024-04-23T20:46:15,740  INFO [main] HiveMetaStore.audit: ugi=alex	ip=unknown-ip-addr	cmd=get_table : tbl=hive.default.acid_uap	
2024-04-23T20:46:15,750  INFO [main] metastore.HMSHandler: Skipping translation for processor with null
2024-04-23T20:46:15,750  WARN [main] parse.BaseSemanticAnalyzer: Dynamic partitioning is used; only validating 0 columns
2024-04-23T20:46:15,750  INFO [main] parse.UpdateDeleteSemanticAnalyzer: Completed getting MetaData in Semantic Analysis
2024-04-23T20:46:15,750  INFO [main] parse.UpdateDeleteSemanticAnalyzer: Disabling LLAP IO encode as ETL query is detected
2024-04-23T20:46:15,765  INFO [main] HiveMetaStore.audit: ugi=alex	ip=unknown-ip-addr	cmd=get_all_table_constraints : tbl=hive.default.acid_uap	
2024-04-23T20:46:15,774  INFO [main] HiveMetaStore.audit: ugi=alex	ip=unknown-ip-addr	cmd=get_not_null_constraints : tbl=hive.default.acid_uap	
2024-04-23T20:46:15,776  INFO [main] HiveMetaStore.audit: ugi=alex	ip=unknown-ip-addr	cmd=get_check_constraints : tbl=hive.default.acid_uap	
2024-04-23T20:46:15,855  INFO [main] calcite.RelOptHiveTable: Calculating column statistics for default.acid_uap, projIndxSet: [0, 2], allowMissingStats: true
2024-04-23T20:46:15,855  INFO [main] HiveMetaStore.audit: ugi=alex	ip=unknown-ip-addr	cmd=get_partitions : tbl=hive.default.acid_uap	
2024-04-23T20:46:15,867  INFO [main] HiveMetaStore.audit: ugi=alex	ip=unknown-ip-addr	cmd=get_table : tbl=hive.default.acid_uap	
2024-04-23T20:46:15,879  INFO [main] metastore.HMSHandler: Skipping translation for processor with null
2024-04-23T20:46:15,880  INFO [main] HiveMetaStore.audit: ugi=alex	ip=unknown-ip-addr	cmd=get_aggr_stats_for: table=hive.default.acid_uap	
2024-04-23T20:46:15,896  WARN [main] calcite.RelOptHiveTable: No Stats for default@acid_uap, Columns: a
No Stats for default@acid_uap, Columns: a
2024-04-23T20:46:15,896  INFO [main] SessionState: No Stats for default@acid_uap, Columns: a
2024-04-23T20:46:15,949  INFO [main] parse.UpdateDeleteSemanticAnalyzer: Get metadata for source tables
2024-04-23T20:46:15,949  INFO [main] parse.UpdateDeleteSemanticAnalyzer: Get metadata for subqueries
2024-04-23T20:46:15,949  INFO [main] parse.UpdateDeleteSemanticAnalyzer: Get metadata for destination tables
2024-04-23T20:46:15,949  INFO [main] HiveMetaStore.audit: ugi=alex	ip=unknown-ip-addr	cmd=get_table : tbl=hive.default.acid_uap	
2024-04-23T20:46:15,959  INFO [main] metastore.HMSHandler: Skipping translation for processor with null
2024-04-23T20:46:15,959  WARN [main] parse.BaseSemanticAnalyzer: Dynamic partitioning is used; only validating 0 columns
2024-04-23T20:46:15,967 ERROR [main] parse.UpdateDeleteSemanticAnalyzer: CBO failed, skipping CBO. 
org.apache.hadoop.hive.ql.exec.NoMatchingMethodException: No matching method for class org.apache.hadoop.hive.ql.udf.UDFToInteger with (struct<writeid:bigint,bucketid:int,rowid:bigint>). Possible choices: _FUNC_(bigint)  _FUNC_(boolean)  _FUNC_(decimal(38,18))  _FUNC_(double)  _FUNC_(float)  _FUNC_(smallint)  _FUNC_(string)  _FUNC_(struct<writeid:bigint,rowid:int,bucketid:bigint>)  _FUNC_(timestamp)  _FUNC_(tinyint)  _FUNC_(void)  
	at org.apache.hadoop.hive.ql.exec.MethodUtils.getMethodInternal(MethodUtils.java:130) ~[classes/:?]
	at org.apache.hadoop.hive.ql.exec.MethodUtils.getMethodInternal(MethodUtils.java:60) ~[classes/:?]
	at org.apache.hadoop.hive.ql.exec.DefaultUDFMethodResolver.getEvalMethod(DefaultUDFMethodResolver.java:59) ~[classes/:?]
	at org.apache.hadoop.hive.ql.udf.TimestampCastRestrictorResolver.getEvalMethod(TimestampCastRestrictorResolver.java:68) ~[classes/:?]
	at org.apache.hadoop.hive.ql.udf.generic.GenericUDFBridge.initialize(GenericUDFBridge.java:168) ~[classes/:?]
	at org.apache.hadoop.hive.ql.udf.generic.GenericUDF.initializeAndFoldConstants(GenericUDF.java:149) ~[classes/:?]
	at org.apache.hadoop.hive.ql.plan.ExprNodeGenericFuncDesc.newInstance(ExprNodeGenericFuncDesc.java:235) ~[classes/:?]
	at org.apache.hadoop.hive.ql.parse.type.ExprNodeDescExprFactory.createFuncCallExpr(ExprNodeDescExprFactory.java:584) ~[classes/:?]
	at org.apache.hadoop.hive.ql.parse.type.ExprNodeDescExprFactory.createFuncCallExpr(ExprNodeDescExprFactory.java:97) ~[classes/:?]
	at org.apache.hadoop.hive.ql.parse.type.TypeCheckProcFactory$DefaultExprProcessor.getFuncExprNodeDescWithUdfData(TypeCheckProcFactory.java:762) ~[classes/:?]
	at org.apache.hadoop.hive.ql.parse.type.TypeCheckProcFactory$DefaultExprProcessor.createConversionCast(TypeCheckProcFactory.java:783) ~[classes/:?]
	at org.apache.hadoop.hive.ql.parse.SemanticAnalyzer.getPartitionColsFromBucketColsForUpdateDelete(SemanticAnalyzer.java:8725) ~[classes/:?]
	at org.apache.hadoop.hive.ql.parse.SemanticAnalyzer.genBucketingSortingDest(SemanticAnalyzer.java:6906) ~[classes/:?]
	at org.apache.hadoop.hive.ql.parse.SemanticAnalyzer.genFileSinkPlan(SemanticAnalyzer.java:7335) ~[classes/:?]
	at org.apache.hadoop.hive.ql.parse.SemanticAnalyzer.genPostGroupByBodyPlan(SemanticAnalyzer.java:11063) ~[classes/:?]
	at org.apache.hadoop.hive.ql.parse.SemanticAnalyzer.genBodyPlan(SemanticAnalyzer.java:10938) ~[classes/:?]
	at org.apache.hadoop.hive.ql.parse.SemanticAnalyzer.genPlan(SemanticAnalyzer.java:11853) ~[classes/:?]
	at org.apache.hadoop.hive.ql.parse.SemanticAnalyzer.genPlan(SemanticAnalyzer.java:11723) ~[classes/:?]
	at org.apache.hadoop.hive.ql.parse.CalcitePlanner.genOPTree(CalcitePlanner.java:626) ~[classes/:?]
	at org.apache.hadoop.hive.ql.parse.SemanticAnalyzer.analyzeInternal(SemanticAnalyzer.java:12558) ~[classes/:?]
	at org.apache.hadoop.hive.ql.parse.CalcitePlanner.analyzeInternal(CalcitePlanner.java:456) ~[classes/:?]
	at org.apache.hadoop.hive.ql.parse.RewriteSemanticAnalyzer.analyzeInternal(RewriteSemanticAnalyzer.java:67) ~[classes/:?]
	at org.apache.hadoop.hive.ql.parse.BaseSemanticAnalyzer.analyze(BaseSemanticAnalyzer.java:317) ~[classes/:?]
	at org.apache.hadoop.hive.ql.parse.UpdateDeleteSemanticAnalyzer.reparseAndSuperAnalyze(UpdateDeleteSemanticAnalyzer.java:208) ~[classes/:?]
	at org.apache.hadoop.hive.ql.parse.UpdateDeleteSemanticAnalyzer.analyzeUpdate(UpdateDeleteSemanticAnalyzer.java:63) ~[classes/:?]
	at org.apache.hadoop.hive.ql.parse.UpdateDeleteSemanticAnalyzer.analyze(UpdateDeleteSemanticAnalyzer.java:53) ~[classes/:?]
	at org.apache.hadoop.hive.ql.parse.RewriteSemanticAnalyzer.analyzeInternal(RewriteSemanticAnalyzer.java:72) ~[classes/:?]
	at org.apache.hadoop.hive.ql.parse.BaseSemanticAnalyzer.analyze(BaseSemanticAnalyzer.java:317) ~[classes/:?]
	at org.apache.hadoop.hive.ql.Compiler.analyze(Compiler.java:223) ~[classes/:?]
	at org.apache.hadoop.hive.ql.Compiler.compile(Compiler.java:105) ~[classes/:?]
	at org.apache.hadoop.hive.ql.Driver.compile(Driver.java:500) ~[classes/:?]
	at org.apache.hadoop.hive.ql.Driver.compileInternal(Driver.java:453) ~[classes/:?]
	at org.apache.hadoop.hive.ql.Driver.runInternal(Driver.java:181) ~[classes/:?]
	at org.apache.hadoop.hive.ql.Driver.run(Driver.java:153) ~[classes/:?]
	at org.apache.hadoop.hive.ql.Driver.run(Driver.java:140) ~[classes/:?]
	at org.apache.hadoop.hive.ql.TxnCommandsBaseForTests.runStatementOnDriver(TxnCommandsBaseForTests.java:245) ~[test-classes/:?]
	at org.apache.hadoop.hive.ql.TestTxnCommands3.testSdpoBucketed(TestTxnCommands3.java:293) ~[test-classes/:?]
	at org.apache.hadoop.hive.ql.TestTxnCommands3.testSdpoBucketed(TestTxnCommands3.java:255) ~[test-classes/:?]
	at sun.reflect.NativeMethodAccessorImpl.invoke0(Native Method) ~[?:1.8.0_402]
	at sun.reflect.NativeMethodAccessorImpl.invoke(NativeMethodAccessorImpl.java:62) ~[?:1.8.0_402]
	at sun.reflect.DelegatingMethodAccessorImpl.invoke(DelegatingMethodAccessorImpl.java:43) ~[?:1.8.0_402]
	at java.lang.reflect.Method.invoke(Method.java:498) ~[?:1.8.0_402]
	at org.junit.runners.model.FrameworkMethod$1.runReflectiveCall(FrameworkMethod.java:59) ~[junit-4.13.jar:4.13]
	at org.junit.internal.runners.model.ReflectiveCallable.run(ReflectiveCallable.java:12) ~[junit-4.13.jar:4.13]
	at org.junit.runners.model.FrameworkMethod.invokeExplosively(FrameworkMethod.java:56) ~[junit-4.13.jar:4.13]
	at org.junit.internal.runners.statements.InvokeMethod.evaluate(InvokeMethod.java:17) ~[junit-4.13.jar:4.13]
	at org.junit.internal.runners.statements.RunBefores.evaluate(RunBefores.java:26) ~[junit-4.13.jar:4.13]
	at org.junit.internal.runners.statements.RunAfters.evaluate(RunAfters.java:27) ~[junit-4.13.jar:4.13]
	at org.junit.rules.TestWatcher$1.evaluate(TestWatcher.java:61) ~[junit-4.13.jar:4.13]
	at org.junit.runners.ParentRunner$3.evaluate(ParentRunner.java:306) ~[junit-4.13.jar:4.13]
	at org.junit.runners.BlockJUnit4ClassRunner$1.evaluate(BlockJUnit4ClassRunner.java:100) ~[junit-4.13.jar:4.13]
	at org.junit.runners.ParentRunner.runLeaf(ParentRunner.java:366) ~[junit-4.13.jar:4.13]
	at org.junit.runners.BlockJUnit4ClassRunner.runChild(BlockJUnit4ClassRunner.java:103) ~[junit-4.13.jar:4.13]
	at org.junit.runners.BlockJUnit4ClassRunner.runChild(BlockJUnit4ClassRunner.java:63) ~[junit-4.13.jar:4.13]
	at org.junit.runners.ParentRunner$4.run(ParentRunner.java:331) ~[junit-4.13.jar:4.13]
	at org.junit.runners.ParentRunner$1.schedule(ParentRunner.java:79) ~[junit-4.13.jar:4.13]
	at org.junit.runners.ParentRunner.runChildren(ParentRunner.java:329) ~[junit-4.13.jar:4.13]
	at org.junit.runners.ParentRunner.access$100(ParentRunner.java:66) ~[junit-4.13.jar:4.13]
	at org.junit.runners.ParentRunner$2.evaluate(ParentRunner.java:293) ~[junit-4.13.jar:4.13]
	at org.junit.runners.ParentRunner$3.evaluate(ParentRunner.java:306) ~[junit-4.13.jar:4.13]
	at org.junit.runners.ParentRunner.run(ParentRunner.java:413) ~[junit-4.13.jar:4.13]
	at org.junit.runner.JUnitCore.run(JUnitCore.java:137) ~[junit-4.13.jar:4.13]
	at org.junit.runner.JUnitCore.run(JUnitCore.java:115) ~[junit-4.13.jar:4.13]
	at org.junit.vintage.engine.execution.RunnerExecutor.execute(RunnerExecutor.java:43) ~[junit-vintage-engine-5.6.2.jar:5.6.2]
	at java.util.stream.ForEachOps$ForEachOp$OfRef.accept(ForEachOps.java:183) ~[?:1.8.0_402]
	at java.util.stream.ReferencePipeline$3$1.accept(ReferencePipeline.java:193) ~[?:1.8.0_402]
	at java.util.Iterator.forEachRemaining(Iterator.java:116) ~[?:1.8.0_402]
	at java.util.Spliterators$IteratorSpliterator.forEachRemaining(Spliterators.java:1801) ~[?:1.8.0_402]
	at java.util.stream.AbstractPipeline.copyInto(AbstractPipeline.java:482) ~[?:1.8.0_402]
	at java.util.stream.AbstractPipeline.wrapAndCopyInto(AbstractPipeline.java:472) ~[?:1.8.0_402]
	at java.util.stream.ForEachOps$ForEachOp.evaluateSequential(ForEachOps.java:150) ~[?:1.8.0_402]
	at java.util.stream.ForEachOps$ForEachOp$OfRef.evaluateSequential(ForEachOps.java:173) ~[?:1.8.0_402]
	at java.util.stream.AbstractPipeline.evaluate(AbstractPipeline.java:234) ~[?:1.8.0_402]
	at java.util.stream.ReferencePipeline.forEach(ReferencePipeline.java:485) ~[?:1.8.0_402]
	at org.junit.vintage.engine.VintageTestEngine.executeAllChildren(VintageTestEngine.java:82) ~[junit-vintage-engine-5.6.2.jar:5.6.2]
	at org.junit.vintage.engine.VintageTestEngine.execute(VintageTestEngine.java:73) ~[junit-vintage-engine-5.6.2.jar:5.6.2]
	at org.junit.platform.launcher.core.DefaultLauncher.execute(DefaultLauncher.java:248) ~[junit-platform-launcher-1.6.2.jar:1.6.2]
	at org.junit.platform.launcher.core.DefaultLauncher.lambda$execute$5(DefaultLauncher.java:211) ~[junit-platform-launcher-1.6.2.jar:1.6.2]
	at org.junit.platform.launcher.core.DefaultLauncher.withInterceptedStreams(DefaultLauncher.java:226) [junit-platform-launcher-1.6.2.jar:1.6.2]
	at org.junit.platform.launcher.core.DefaultLauncher.execute(DefaultLauncher.java:199) [junit-platform-launcher-1.6.2.jar:1.6.2]
	at org.junit.platform.launcher.core.DefaultLauncher.execute(DefaultLauncher.java:132) [junit-platform-launcher-1.6.2.jar:1.6.2]
	at org.apache.maven.surefire.junitplatform.JUnitPlatformProvider.invokeAllTests(JUnitPlatformProvider.java:154) [surefire-junit-platform-3.0.0-M4.jar:3.0.0-M4]
	at org.apache.maven.surefire.junitplatform.JUnitPlatformProvider.invoke(JUnitPlatformProvider.java:123) [surefire-junit-platform-3.0.0-M4.jar:3.0.0-M4]
	at org.apache.maven.surefire.booter.ForkedBooter.runSuitesInProcess(ForkedBooter.java:377) [surefire-booter-3.0.0-M4.jar:3.0.0-M4]
	at org.apache.maven.surefire.booter.ForkedBooter.execute(ForkedBooter.java:138) [surefire-booter-3.0.0-M4.jar:3.0.0-M4]
	at org.apache.maven.surefire.booter.ForkedBooter.run(ForkedBooter.java:465) [surefire-booter-3.0.0-M4.jar:3.0.0-M4]
	at org.apache.maven.surefire.booter.ForkedBooter.main(ForkedBooter.java:451) [surefire-booter-3.0.0-M4.jar:3.0.0-M4]
2024-04-23T20:46:15,968 ERROR [main] parse.UpdateDeleteSemanticAnalyzer: CBO failed due to missing column stats (see previous errors), skipping CBO
2024-04-23T20:46:15,968  INFO [main] parse.UpdateDeleteSemanticAnalyzer: Ending caching scope for: 
FAILED: NoMatchingMethodException No matching method for class org.apache.hadoop.hive.ql.udf.UDFToInteger with (struct<writeid:bigint,bucketid:int,rowid:bigint>). Possible choices: _FUNC_(bigint)  _FUNC_(boolean)  _FUNC_(decimal(38,18))  _FUNC_(double)  _FUNC_(float)  _FUNC_(smallint)  _FUNC_(string)  _FUNC_(struct<writeid:bigint,rowid:int,bucketid:bigint>)  _FUNC_(timestamp)  _FUNC_(tinyint)  _FUNC_(void)  
2024-04-23T20:46:15,969 ERROR [main] ql.Driver: FAILED: NoMatchingMethodException No matching method for class org.apache.hadoop.hive.ql.udf.UDFToInteger with (struct<writeid:bigint,bucketid:int,rowid:bigint>). Possible choices: _FUNC_(bigint)  _FUNC_(boolean)  _FUNC_(decimal(38,18))  _FUNC_(double)  _FUNC_(float)  _FUNC_(smallint)  _FUNC_(string)  _FUNC_(struct<writeid:bigint,rowid:int,bucketid:bigint>)  _FUNC_(timestamp)  _FUNC_(tinyint)  _FUNC_(void)  
org.apache.hadoop.hive.ql.exec.NoMatchingMethodException: No matching method for class org.apache.hadoop.hive.ql.udf.UDFToInteger with (struct<writeid:bigint,bucketid:int,rowid:bigint>). Possible choices: _FUNC_(bigint)  _FUNC_(boolean)  _FUNC_(decimal(38,18))  _FUNC_(double)  _FUNC_(float)  _FUNC_(smallint)  _FUNC_(string)  _FUNC_(struct<writeid:bigint,rowid:int,bucketid:bigint>)  _FUNC_(timestamp)  _FUNC_(tinyint)  _FUNC_(void)  
	at org.apache.hadoop.hive.ql.exec.MethodUtils.getMethodInternal(MethodUtils.java:130)
	at org.apache.hadoop.hive.ql.exec.MethodUtils.getMethodInternal(MethodUtils.java:60)
	at org.apache.hadoop.hive.ql.exec.DefaultUDFMethodResolver.getEvalMethod(DefaultUDFMethodResolver.java:59)
	at org.apache.hadoop.hive.ql.udf.TimestampCastRestrictorResolver.getEvalMethod(TimestampCastRestrictorResolver.java:68)
	at org.apache.hadoop.hive.ql.udf.generic.GenericUDFBridge.initialize(GenericUDFBridge.java:168)
	at org.apache.hadoop.hive.ql.udf.generic.GenericUDF.initializeAndFoldConstants(GenericUDF.java:149)
	at org.apache.hadoop.hive.ql.plan.ExprNodeGenericFuncDesc.newInstance(ExprNodeGenericFuncDesc.java:235)
	at org.apache.hadoop.hive.ql.parse.type.ExprNodeDescExprFactory.createFuncCallExpr(ExprNodeDescExprFactory.java:584)
	at org.apache.hadoop.hive.ql.parse.type.ExprNodeDescExprFactory.createFuncCallExpr(ExprNodeDescExprFactory.java:97)
	at org.apache.hadoop.hive.ql.parse.type.TypeCheckProcFactory$DefaultExprProcessor.getFuncExprNodeDescWithUdfData(TypeCheckProcFactory.java:762)
	at org.apache.hadoop.hive.ql.parse.type.TypeCheckProcFactory$DefaultExprProcessor.createConversionCast(TypeCheckProcFactory.java:783)
	at org.apache.hadoop.hive.ql.parse.SemanticAnalyzer.getPartitionColsFromBucketColsForUpdateDelete(SemanticAnalyzer.java:8725)
	at org.apache.hadoop.hive.ql.parse.SemanticAnalyzer.genBucketingSortingDest(SemanticAnalyzer.java:6906)
	at org.apache.hadoop.hive.ql.parse.SemanticAnalyzer.genFileSinkPlan(SemanticAnalyzer.java:7335)
	at org.apache.hadoop.hive.ql.parse.SemanticAnalyzer.genPostGroupByBodyPlan(SemanticAnalyzer.java:11063)
	at org.apache.hadoop.hive.ql.parse.SemanticAnalyzer.genBodyPlan(SemanticAnalyzer.java:10938)
	at org.apache.hadoop.hive.ql.parse.SemanticAnalyzer.genPlan(SemanticAnalyzer.java:11853)
	at org.apache.hadoop.hive.ql.parse.SemanticAnalyzer.genPlan(SemanticAnalyzer.java:11723)
	at org.apache.hadoop.hive.ql.parse.CalcitePlanner.genOPTree(CalcitePlanner.java:626)
	at org.apache.hadoop.hive.ql.parse.SemanticAnalyzer.analyzeInternal(SemanticAnalyzer.java:12558)
	at org.apache.hadoop.hive.ql.parse.CalcitePlanner.analyzeInternal(CalcitePlanner.java:456)
	at org.apache.hadoop.hive.ql.parse.RewriteSemanticAnalyzer.analyzeInternal(RewriteSemanticAnalyzer.java:67)
	at org.apache.hadoop.hive.ql.parse.BaseSemanticAnalyzer.analyze(BaseSemanticAnalyzer.java:317)
	at org.apache.hadoop.hive.ql.parse.UpdateDeleteSemanticAnalyzer.reparseAndSuperAnalyze(UpdateDeleteSemanticAnalyzer.java:208)
	at org.apache.hadoop.hive.ql.parse.UpdateDeleteSemanticAnalyzer.analyzeUpdate(UpdateDeleteSemanticAnalyzer.java:63)
	at org.apache.hadoop.hive.ql.parse.UpdateDeleteSemanticAnalyzer.analyze(UpdateDeleteSemanticAnalyzer.java:53)
	at org.apache.hadoop.hive.ql.parse.RewriteSemanticAnalyzer.analyzeInternal(RewriteSemanticAnalyzer.java:72)
	at org.apache.hadoop.hive.ql.parse.BaseSemanticAnalyzer.analyze(BaseSemanticAnalyzer.java:317)
	at org.apache.hadoop.hive.ql.Compiler.analyze(Compiler.java:223)
	at org.apache.hadoop.hive.ql.Compiler.compile(Compiler.java:105)
	at org.apache.hadoop.hive.ql.Driver.compile(Driver.java:500)
	at org.apache.hadoop.hive.ql.Driver.compileInternal(Driver.java:453)
	at org.apache.hadoop.hive.ql.Driver.runInternal(Driver.java:181)
	at org.apache.hadoop.hive.ql.Driver.run(Driver.java:153)
	at org.apache.hadoop.hive.ql.Driver.run(Driver.java:140)
	at org.apache.hadoop.hive.ql.TxnCommandsBaseForTests.runStatementOnDriver(TxnCommandsBaseForTests.java:245)
	at org.apache.hadoop.hive.ql.TestTxnCommands3.testSdpoBucketed(TestTxnCommands3.java:293)
	at org.apache.hadoop.hive.ql.TestTxnCommands3.testSdpoBucketed(TestTxnCommands3.java:255)
	at sun.reflect.NativeMethodAccessorImpl.invoke0(Native Method)
	at sun.reflect.NativeMethodAccessorImpl.invoke(NativeMethodAccessorImpl.java:62)
	at sun.reflect.DelegatingMethodAccessorImpl.invoke(DelegatingMethodAccessorImpl.java:43)
	at java.lang.reflect.Method.invoke(Method.java:498)
	at org.junit.runners.model.FrameworkMethod$1.runReflectiveCall(FrameworkMethod.java:59)
	at org.junit.internal.runners.model.ReflectiveCallable.run(ReflectiveCallable.java:12)
	at org.junit.runners.model.FrameworkMethod.invokeExplosively(FrameworkMethod.java:56)
	at org.junit.internal.runners.statements.InvokeMethod.evaluate(InvokeMethod.java:17)
	at org.junit.internal.runners.statements.RunBefores.evaluate(RunBefores.java:26)
	at org.junit.internal.runners.statements.RunAfters.evaluate(RunAfters.java:27)
	at org.junit.rules.TestWatcher$1.evaluate(TestWatcher.java:61)
	at org.junit.runners.ParentRunner$3.evaluate(ParentRunner.java:306)
	at org.junit.runners.BlockJUnit4ClassRunner$1.evaluate(BlockJUnit4ClassRunner.java:100)
	at org.junit.runners.ParentRunner.runLeaf(ParentRunner.java:366)
	at org.junit.runners.BlockJUnit4ClassRunner.runChild(BlockJUnit4ClassRunner.java:103)
	at org.junit.runners.BlockJUnit4ClassRunner.runChild(BlockJUnit4ClassRunner.java:63)
	at org.junit.runners.ParentRunner$4.run(ParentRunner.java:331)
	at org.junit.runners.ParentRunner$1.schedule(ParentRunner.java:79)
	at org.junit.runners.ParentRunner.runChildren(ParentRunner.java:329)
	at org.junit.runners.ParentRunner.access$100(ParentRunner.java:66)
	at org.junit.runners.ParentRunner$2.evaluate(ParentRunner.java:293)
	at org.junit.runners.ParentRunner$3.evaluate(ParentRunner.java:306)
	at org.junit.runners.ParentRunner.run(ParentRunner.java:413)
	at org.junit.runner.JUnitCore.run(JUnitCore.java:137)
	at org.junit.runner.JUnitCore.run(JUnitCore.java:115)
	at org.junit.vintage.engine.execution.RunnerExecutor.execute(RunnerExecutor.java:43)
	at java.util.stream.ForEachOps$ForEachOp$OfRef.accept(ForEachOps.java:183)
	at java.util.stream.ReferencePipeline$3$1.accept(ReferencePipeline.java:193)
	at java.util.Iterator.forEachRemaining(Iterator.java:116)
	at java.util.Spliterators$IteratorSpliterator.forEachRemaining(Spliterators.java:1801)
	at java.util.stream.AbstractPipeline.copyInto(AbstractPipeline.java:482)
	at java.util.stream.AbstractPipeline.wrapAndCopyInto(AbstractPipeline.java:472)
	at java.util.stream.ForEachOps$ForEachOp.evaluateSequential(ForEachOps.java:150)
	at java.util.stream.ForEachOps$ForEachOp$OfRef.evaluateSequential(ForEachOps.java:173)
	at java.util.stream.AbstractPipeline.evaluate(AbstractPipeline.java:234)
	at java.util.stream.ReferencePipeline.forEach(ReferencePipeline.java:485)
	at org.junit.vintage.engine.VintageTestEngine.executeAllChildren(VintageTestEngine.java:82)
	at org.junit.vintage.engine.VintageTestEngine.execute(VintageTestEngine.java:73)
	at org.junit.platform.launcher.core.DefaultLauncher.execute(DefaultLauncher.java:248)
	at org.junit.platform.launcher.core.DefaultLauncher.lambda$execute$5(DefaultLauncher.java:211)
	at org.junit.platform.launcher.core.DefaultLauncher.withInterceptedStreams(DefaultLauncher.java:226)
	at org.junit.platform.launcher.core.DefaultLauncher.execute(DefaultLauncher.java:199)
	at org.junit.platform.launcher.core.DefaultLauncher.execute(DefaultLauncher.java:132)
	at org.apache.maven.surefire.junitplatform.JUnitPlatformProvider.invokeAllTests(JUnitPlatformProvider.java:154)
	at org.apache.maven.surefire.junitplatform.JUnitPlatformProvider.invoke(JUnitPlatformProvider.java:123)
	at org.apache.maven.surefire.booter.ForkedBooter.runSuitesInProcess(ForkedBooter.java:377)
	at org.apache.maven.surefire.booter.ForkedBooter.execute(ForkedBooter.java:138)
	at org.apache.maven.surefire.booter.ForkedBooter.run(ForkedBooter.java:465)
	at org.apache.maven.surefire.booter.ForkedBooter.main(ForkedBooter.java:451)

2024-04-23T20:46:15,970  INFO [main] metadata.Hive: Dumping metastore api call timing information for : compilation phase
2024-04-23T20:46:15,970  INFO [main] metadata.Hive: Total time spent in each metastore function (ms): {openTxn_(String, TxnType)=4, getNotNullConstraints_(NotNullConstraintsRequest)=2, getMetaConf_(String)=1, listPartitions_(String, String, short)=12, getValidWriteIds_(List, String)=3, commitTxn_(CommitTxnRequest)=19, getAggrColStatsFor_(String, String, List, List, String, String)=29, getAllTableConstraints_(AllTableConstraintsRequest)=7, isCompatibleWith_(Configuration)=3, getCheckConstraints_(CheckConstraintsRequest)=1, getValidTxns_(long)=1, flushCache_()=0, getTable_(GetTableRequest)=44}
2024-04-23T20:46:15,971  INFO [main] ql.Driver: Completed compiling command(queryId=alex_20240423204615_2d4f5e25-6335-435d-87c3-113473a1ce62); Time taken: 0.268 seconds
2024-04-23T20:46:15,971  INFO [main] lockmgr.DbTxnManager: Stopped heartbeat for query: null
2024-04-23T20:46:15,975  INFO [main] txn.TxnHandler: Removed transactions: ([20]) from MIN_HISTORY_LEVEL
2024-04-23T20:46:15,984  INFO [main] ql.TxnCommandsBaseForTests: Running the query: drop table if exists acidTbl
2024-04-23T20:46:15,984  INFO [main] ql.Driver: Compiling command(queryId=alex_20240423204615_bd5de82e-96c7-4565-b212-91ed290026a2): drop table if exists acidTbl
2024-04-23T20:46:15,988  INFO [main] txn.TxnHandler: Added entries to MIN_HISTORY_LEVEL for current txns: ([21]) with min_open_txn: 19
2024-04-23T20:46:15,988  INFO [main] lockmgr.DbTxnManager: Opened txnid:21
2024-04-23T20:46:15,990  INFO [main] HiveMetaStore.audit: ugi=alex	ip=unknown-ip-addr	cmd=get_table : tbl=hive.default.acidTbl	
2024-04-23T20:46:15,999  INFO [main] metastore.HMSHandler: Skipping translation for processor with null
2024-04-23T20:46:15,999  INFO [main] ql.Driver: Semantic Analysis Completed (retrial = false)
2024-04-23T20:46:15,999  INFO [main] ql.Driver: Created Hive schema: Schema(fieldSchemas:null, properties:null)
2024-04-23T20:46:15,999  INFO [main] metadata.Hive: Dumping metastore api call timing information for : compilation phase
2024-04-23T20:46:15,999  INFO [main] metadata.Hive: Total time spent in each metastore function (ms): {isCompatibleWith_(Configuration)=0, getValidTxns_(long)=1, flushCache_()=0, openTxn_(String, TxnType)=3, rollbackTxn_(long)=12, getTable_(GetTableRequest)=9}
2024-04-23T20:46:15,999  INFO [main] ql.Driver: Completed compiling command(queryId=alex_20240423204615_bd5de82e-96c7-4565-b212-91ed290026a2); Time taken: 0.015 seconds
2024-04-23T20:46:16,000  INFO [main] lockmgr.DbTxnManager: Setting lock request transaction to txnid:21 for queryId=alex_20240423204615_bd5de82e-96c7-4565-b212-91ed290026a2
2024-04-23T20:46:16,000  INFO [main] lockmgr.DbLockManager: Requesting lock for queryId=alex_20240423204615_bd5de82e-96c7-4565-b212-91ed290026a2
2024-04-23T20:46:16,019  INFO [main] lockmgr.DbLockManager: Response to queryId=alex_20240423204615_bd5de82e-96c7-4565-b212-91ed290026a2 LockResponse(lockid:12, state:ACQUIRED)
2024-04-23T20:46:16,019  INFO [main] ql.Driver: Operation DROPTABLE obtained 1 locks
2024-04-23T20:46:16,020  INFO [main] ql.Driver: Executing command(queryId=alex_20240423204615_bd5de82e-96c7-4565-b212-91ed290026a2): drop table if exists acidTbl
2024-04-23T20:46:16,020  INFO [main] ql.Driver: Starting task [Stage-0:DDL] in serial mode
2024-04-23T20:46:16,020  INFO [main] HiveMetaStore.audit: ugi=alex	ip=unknown-ip-addr	cmd=get_table : tbl=hive.default.acidTbl	
2024-04-23T20:46:16,029  INFO [main] metastore.HMSHandler: Skipping translation for processor with null
2024-04-23T20:46:16,029  INFO [main] HiveMetaStore.audit: ugi=alex	ip=unknown-ip-addr	cmd=get_table : tbl=hive.default.acidTbl	
2024-04-23T20:46:16,038  INFO [main] metastore.HMSHandler: Skipping translation for processor with null
2024-04-23T20:46:16,038  INFO [main] HiveMetaStore.audit: ugi=alex	ip=unknown-ip-addr	cmd=drop_table : tbl=hive.default.acidTbl	
2024-04-23T20:46:16,244  INFO [main] metadata.Hive: Dumping metastore api call timing information for : execution phase
2024-04-23T20:46:16,244  INFO [main] metadata.Hive: Total time spent in each metastore function (ms): {getTable_(GetTableRequest)=9, isCompatibleWith_(Configuration)=0, dropTable_(String, String, boolean, boolean, boolean)=214}
2024-04-23T20:46:16,244  INFO [main] ql.Driver: Completed executing command(queryId=alex_20240423204615_bd5de82e-96c7-4565-b212-91ed290026a2); Time taken: 0.225 seconds
2024-04-23T20:46:16,244  INFO [main] lockmgr.DbTxnManager: Stopped heartbeat for query: alex_20240423204615_bd5de82e-96c7-4565-b212-91ed290026a2
2024-04-23T20:46:16,249  INFO [main] txn.TxnHandler: Expected to move at least one record from txn_components to completed_txn_components when committing txn! txnid:21
2024-04-23T20:46:16,257  INFO [main] txn.TxnHandler: Removed transactions: ([21]) from MIN_HISTORY_LEVEL
2024-04-23T20:46:16,259  WARN [main] txn.CompactionTxnHandler: No compaction queue record found for Compaction type transaction commit. txnId:21
2024-04-23T20:46:16,260  INFO [main] ql.TxnCommandsBaseForTests: Running the query: drop table if exists acidTblPart
2024-04-23T20:46:16,261  INFO [main] ql.Driver: Compiling command(queryId=alex_20240423204616_8089169c-02fc-428c-a89e-791280fb19e8): drop table if exists acidTblPart
2024-04-23T20:46:16,264  INFO [main] txn.TxnHandler: Added entries to MIN_HISTORY_LEVEL for current txns: ([22]) with min_open_txn: 19
2024-04-23T20:46:16,264  INFO [main] lockmgr.DbTxnManager: Opened txnid:22
2024-04-23T20:46:16,265  INFO [main] HiveMetaStore.audit: ugi=alex	ip=unknown-ip-addr	cmd=get_table : tbl=hive.default.acidTblPart	
2024-04-23T20:46:16,279  INFO [main] metastore.HMSHandler: Skipping translation for processor with null
2024-04-23T20:46:16,280  INFO [main] ql.Driver: Semantic Analysis Completed (retrial = false)
2024-04-23T20:46:16,280  INFO [main] ql.Driver: Created Hive schema: Schema(fieldSchemas:null, properties:null)
2024-04-23T20:46:16,280  INFO [main] metadata.Hive: Dumping metastore api call timing information for : compilation phase
2024-04-23T20:46:16,280  INFO [main] metadata.Hive: Total time spent in each metastore function (ms): {getTable_(GetTableRequest)=14, getValidTxns_(long)=0, openTxn_(String, TxnType)=3, flushCache_()=0, commitTxn_(CommitTxnRequest)=16, isCompatibleWith_(Configuration)=1}
2024-04-23T20:46:16,280  INFO [main] ql.Driver: Completed compiling command(queryId=alex_20240423204616_8089169c-02fc-428c-a89e-791280fb19e8); Time taken: 0.019 seconds
2024-04-23T20:46:16,280  INFO [main] lockmgr.DbTxnManager: Setting lock request transaction to txnid:22 for queryId=alex_20240423204616_8089169c-02fc-428c-a89e-791280fb19e8
2024-04-23T20:46:16,281  INFO [main] lockmgr.DbLockManager: Requesting lock for queryId=alex_20240423204616_8089169c-02fc-428c-a89e-791280fb19e8
2024-04-23T20:46:16,301  INFO [main] lockmgr.DbLockManager: Response to queryId=alex_20240423204616_8089169c-02fc-428c-a89e-791280fb19e8 LockResponse(lockid:13, state:ACQUIRED)
2024-04-23T20:46:16,301  INFO [main] ql.Driver: Operation DROPTABLE obtained 1 locks
2024-04-23T20:46:16,301  INFO [main] ql.Driver: Executing command(queryId=alex_20240423204616_8089169c-02fc-428c-a89e-791280fb19e8): drop table if exists acidTblPart
2024-04-23T20:46:16,301  INFO [main] ql.Driver: Starting task [Stage-0:DDL] in serial mode
2024-04-23T20:46:16,302  INFO [main] HiveMetaStore.audit: ugi=alex	ip=unknown-ip-addr	cmd=get_table : tbl=hive.default.acidTblPart	
2024-04-23T20:46:16,312  INFO [main] metastore.HMSHandler: Skipping translation for processor with null
2024-04-23T20:46:16,312  INFO [main] HiveMetaStore.audit: ugi=alex	ip=unknown-ip-addr	cmd=get_table : tbl=hive.default.acidTblPart	
2024-04-23T20:46:16,323  INFO [main] metastore.HMSHandler: Skipping translation for processor with null
2024-04-23T20:46:16,323  INFO [main] HiveMetaStore.audit: ugi=alex	ip=unknown-ip-addr	cmd=drop_table : tbl=hive.default.acidTblPart	
2024-04-23T20:46:16,386  INFO [main] metadata.Hive: Dumping metastore api call timing information for : execution phase
2024-04-23T20:46:16,386  INFO [main] metadata.Hive: Total time spent in each metastore function (ms): {getTable_(GetTableRequest)=10, isCompatibleWith_(Configuration)=0, dropTable_(String, String, boolean, boolean, boolean)=73}
2024-04-23T20:46:16,386  INFO [main] ql.Driver: Completed executing command(queryId=alex_20240423204616_8089169c-02fc-428c-a89e-791280fb19e8); Time taken: 0.085 seconds
2024-04-23T20:46:16,386  INFO [main] lockmgr.DbTxnManager: Stopped heartbeat for query: alex_20240423204616_8089169c-02fc-428c-a89e-791280fb19e8
2024-04-23T20:46:16,391  INFO [main] txn.TxnHandler: Expected to move at least one record from txn_components to completed_txn_components when committing txn! txnid:22
2024-04-23T20:46:16,400  INFO [main] txn.TxnHandler: Removed transactions: ([22]) from MIN_HISTORY_LEVEL
2024-04-23T20:46:16,400  WARN [main] txn.CompactionTxnHandler: No compaction queue record found for Compaction type transaction commit. txnId:22
2024-04-23T20:46:16,401  INFO [main] ql.TxnCommandsBaseForTests: Running the query: drop table if exists acidTbl2
2024-04-23T20:46:16,402  INFO [main] ql.Driver: Compiling command(queryId=alex_20240423204616_0d5feead-6732-4860-94b4-caea509128e8): drop table if exists acidTbl2
2024-04-23T20:46:16,405  INFO [main] txn.TxnHandler: Added entries to MIN_HISTORY_LEVEL for current txns: ([23]) with min_open_txn: 19
2024-04-23T20:46:16,405  INFO [main] lockmgr.DbTxnManager: Opened txnid:23
2024-04-23T20:46:16,407  INFO [main] ql.Driver: Semantic Analysis Completed (retrial = false)
2024-04-23T20:46:16,407  INFO [main] ql.Driver: Created Hive schema: Schema(fieldSchemas:null, properties:null)
2024-04-23T20:46:16,407  INFO [main] metadata.Hive: Dumping metastore api call timing information for : compilation phase
2024-04-23T20:46:16,407  INFO [main] metadata.Hive: Total time spent in each metastore function (ms): {commitTxn_(CommitTxnRequest)=15, flushCache_()=0, getTable_(GetTableRequest)=0, getValidTxns_(long)=1, isCompatibleWith_(Configuration)=0, openTxn_(String, TxnType)=3}
2024-04-23T20:46:16,408  INFO [main] ql.Driver: Completed compiling command(queryId=alex_20240423204616_0d5feead-6732-4860-94b4-caea509128e8); Time taken: 0.006 seconds
2024-04-23T20:46:16,408  INFO [main] lockmgr.DbTxnManager: Setting lock request transaction to txnid:23 for queryId=alex_20240423204616_0d5feead-6732-4860-94b4-caea509128e8
2024-04-23T20:46:16,408  INFO [main] ql.Driver: Operation DROPTABLE obtained 0 locks
2024-04-23T20:46:16,408  INFO [main] ql.Driver: Executing command(queryId=alex_20240423204616_0d5feead-6732-4860-94b4-caea509128e8): drop table if exists acidTbl2
2024-04-23T20:46:16,408  INFO [main] ql.Driver: Starting task [Stage-0:DDL] in serial mode
2024-04-23T20:46:16,409  INFO [main] metadata.SessionHiveMetaStoreClient: Column stats doesn't exist for db=default temp table=acidTbl2
2024-04-23T20:46:16,409  INFO [main] metadata.Hive: Dumping metastore api call timing information for : execution phase
2024-04-23T20:46:16,409  INFO [main] metadata.Hive: Total time spent in each metastore function (ms): {isCompatibleWith_(Configuration)=0, dropTable_(String, String, boolean, boolean, boolean)=0, getTable_(GetTableRequest)=1}
2024-04-23T20:46:16,410  INFO [main] ql.Driver: Completed executing command(queryId=alex_20240423204616_0d5feead-6732-4860-94b4-caea509128e8); Time taken: 0.001 seconds
2024-04-23T20:46:16,410  INFO [main] lockmgr.DbTxnManager: Stopped heartbeat for query: alex_20240423204616_0d5feead-6732-4860-94b4-caea509128e8
2024-04-23T20:46:16,416  INFO [main] txn.TxnHandler: Expected to move at least one record from txn_components to completed_txn_components when committing txn! txnid:23
2024-04-23T20:46:16,424  INFO [main] txn.TxnHandler: Removed transactions: ([23]) from MIN_HISTORY_LEVEL
2024-04-23T20:46:16,424  WARN [main] txn.CompactionTxnHandler: No compaction queue record found for Compaction type transaction commit. txnId:23
2024-04-23T20:46:16,425  INFO [main] ql.TxnCommandsBaseForTests: Running the query: drop table if exists nonAcidOrcTbl
2024-04-23T20:46:16,425  INFO [main] ql.Driver: Compiling command(queryId=alex_20240423204616_a04b7713-76eb-4da0-a4da-3f132a9a7a79): drop table if exists nonAcidOrcTbl
2024-04-23T20:46:16,429  INFO [main] txn.TxnHandler: Added entries to MIN_HISTORY_LEVEL for current txns: ([24]) with min_open_txn: 20
2024-04-23T20:46:16,429  INFO [main] lockmgr.DbTxnManager: Opened txnid:24
2024-04-23T20:46:16,430  INFO [main] HiveMetaStore.audit: ugi=alex	ip=unknown-ip-addr	cmd=get_table : tbl=hive.default.nonAcidOrcTbl	
2024-04-23T20:46:16,457  INFO [main] metastore.HMSHandler: Skipping translation for processor with null
2024-04-23T20:46:16,457  INFO [main] ql.Driver: Semantic Analysis Completed (retrial = false)
2024-04-23T20:46:16,458  INFO [main] ql.Driver: Created Hive schema: Schema(fieldSchemas:null, properties:null)
2024-04-23T20:46:16,458  INFO [main] metadata.Hive: Dumping metastore api call timing information for : compilation phase
2024-04-23T20:46:16,458  INFO [main] metadata.Hive: Total time spent in each metastore function (ms): {isCompatibleWith_(Configuration)=0, getTable_(GetTableRequest)=27, commitTxn_(CommitTxnRequest)=14, flushCache_()=0, getValidTxns_(long)=1, openTxn_(String, TxnType)=3}
2024-04-23T20:46:16,458  INFO [main] ql.Driver: Completed compiling command(queryId=alex_20240423204616_a04b7713-76eb-4da0-a4da-3f132a9a7a79); Time taken: 0.033 seconds
2024-04-23T20:46:16,458  INFO [main] lockmgr.DbTxnManager: Setting lock request transaction to txnid:24 for queryId=alex_20240423204616_a04b7713-76eb-4da0-a4da-3f132a9a7a79
2024-04-23T20:46:16,459  INFO [main] lockmgr.DbLockManager: Requesting lock for queryId=alex_20240423204616_a04b7713-76eb-4da0-a4da-3f132a9a7a79
2024-04-23T20:46:16,482  INFO [main] lockmgr.DbLockManager: Response to queryId=alex_20240423204616_a04b7713-76eb-4da0-a4da-3f132a9a7a79 LockResponse(lockid:14, state:ACQUIRED)
2024-04-23T20:46:16,482  INFO [main] ql.Driver: Operation DROPTABLE obtained 1 locks
2024-04-23T20:46:16,482  INFO [main] ql.Driver: Executing command(queryId=alex_20240423204616_a04b7713-76eb-4da0-a4da-3f132a9a7a79): drop table if exists nonAcidOrcTbl
2024-04-23T20:46:16,482  INFO [main] ql.Driver: Starting task [Stage-0:DDL] in serial mode
2024-04-23T20:46:16,482  INFO [main] HiveMetaStore.audit: ugi=alex	ip=unknown-ip-addr	cmd=get_table : tbl=hive.default.nonAcidOrcTbl	
2024-04-23T20:46:16,495  INFO [main] metastore.HMSHandler: Skipping translation for processor with null
2024-04-23T20:46:16,496  INFO [main] HiveMetaStore.audit: ugi=alex	ip=unknown-ip-addr	cmd=get_table : tbl=hive.default.nonAcidOrcTbl	
2024-04-23T20:46:16,508  INFO [main] metastore.HMSHandler: Skipping translation for processor with null
2024-04-23T20:46:16,508  INFO [main] HiveMetaStore.audit: ugi=alex	ip=unknown-ip-addr	cmd=drop_table : tbl=hive.default.nonAcidOrcTbl	
2024-04-23T20:46:16,618  INFO [main] metadata.Hive: Dumping metastore api call timing information for : execution phase
2024-04-23T20:46:16,619  INFO [main] metadata.Hive: Total time spent in each metastore function (ms): {isCompatibleWith_(Configuration)=0, getTable_(GetTableRequest)=13, dropTable_(String, String, boolean, boolean, boolean)=122}
2024-04-23T20:46:16,619  INFO [main] ql.Driver: Completed executing command(queryId=alex_20240423204616_a04b7713-76eb-4da0-a4da-3f132a9a7a79); Time taken: 0.136 seconds
2024-04-23T20:46:16,619  INFO [main] lockmgr.DbTxnManager: Stopped heartbeat for query: alex_20240423204616_a04b7713-76eb-4da0-a4da-3f132a9a7a79
2024-04-23T20:46:16,624  INFO [main] txn.TxnHandler: Expected to move at least one record from txn_components to completed_txn_components when committing txn! txnid:24
2024-04-23T20:46:16,632  INFO [main] txn.TxnHandler: Removed transactions: ([24]) from MIN_HISTORY_LEVEL
2024-04-23T20:46:16,632  WARN [main] txn.CompactionTxnHandler: No compaction queue record found for Compaction type transaction commit. txnId:24
2024-04-23T20:46:16,633  INFO [main] ql.TxnCommandsBaseForTests: Running the query: drop table if exists nonAcidOrcTbl2
2024-04-23T20:46:16,633  INFO [main] ql.Driver: Compiling command(queryId=alex_20240423204616_254f5b24-20cc-48fe-89e9-3163a41c2b46): drop table if exists nonAcidOrcTbl2
2024-04-23T20:46:16,636  INFO [main] txn.TxnHandler: Added entries to MIN_HISTORY_LEVEL for current txns: ([25]) with min_open_txn: 20
2024-04-23T20:46:16,637  INFO [main] lockmgr.DbTxnManager: Opened txnid:25
2024-04-23T20:46:16,638  INFO [main] HiveMetaStore.audit: ugi=alex	ip=unknown-ip-addr	cmd=get_table : tbl=hive.default.nonAcidOrcTbl2	
2024-04-23T20:46:16,650  INFO [main] metastore.HMSHandler: Skipping translation for processor with null
2024-04-23T20:46:16,650  INFO [main] ql.Driver: Semantic Analysis Completed (retrial = false)
2024-04-23T20:46:16,650  INFO [main] ql.Driver: Created Hive schema: Schema(fieldSchemas:null, properties:null)
2024-04-23T20:46:16,651  INFO [main] metadata.Hive: Dumping metastore api call timing information for : compilation phase
2024-04-23T20:46:16,651  INFO [main] metadata.Hive: Total time spent in each metastore function (ms): {openTxn_(String, TxnType)=3, getValidTxns_(long)=0, commitTxn_(CommitTxnRequest)=13, isCompatibleWith_(Configuration)=1, flushCache_()=0, getTable_(GetTableRequest)=13}
2024-04-23T20:46:16,651  INFO [main] ql.Driver: Completed compiling command(queryId=alex_20240423204616_254f5b24-20cc-48fe-89e9-3163a41c2b46); Time taken: 0.018 seconds
2024-04-23T20:46:16,651  INFO [main] lockmgr.DbTxnManager: Setting lock request transaction to txnid:25 for queryId=alex_20240423204616_254f5b24-20cc-48fe-89e9-3163a41c2b46
2024-04-23T20:46:16,652  INFO [main] lockmgr.DbLockManager: Requesting lock for queryId=alex_20240423204616_254f5b24-20cc-48fe-89e9-3163a41c2b46
2024-04-23T20:46:16,670  INFO [main] lockmgr.DbLockManager: Response to queryId=alex_20240423204616_254f5b24-20cc-48fe-89e9-3163a41c2b46 LockResponse(lockid:15, state:ACQUIRED)
2024-04-23T20:46:16,670  INFO [main] ql.Driver: Operation DROPTABLE obtained 1 locks
2024-04-23T20:46:16,670  INFO [main] ql.Driver: Executing command(queryId=alex_20240423204616_254f5b24-20cc-48fe-89e9-3163a41c2b46): drop table if exists nonAcidOrcTbl2
2024-04-23T20:46:16,671  INFO [main] ql.Driver: Starting task [Stage-0:DDL] in serial mode
2024-04-23T20:46:16,671  INFO [main] HiveMetaStore.audit: ugi=alex	ip=unknown-ip-addr	cmd=get_table : tbl=hive.default.nonAcidOrcTbl2	
2024-04-23T20:46:16,684  INFO [main] metastore.HMSHandler: Skipping translation for processor with null
2024-04-23T20:46:16,684  INFO [main] HiveMetaStore.audit: ugi=alex	ip=unknown-ip-addr	cmd=get_table : tbl=hive.default.nonAcidOrcTbl2	
2024-04-23T20:46:16,697  INFO [main] metastore.HMSHandler: Skipping translation for processor with null
2024-04-23T20:46:16,698  INFO [main] HiveMetaStore.audit: ugi=alex	ip=unknown-ip-addr	cmd=drop_table : tbl=hive.default.nonAcidOrcTbl2	
2024-04-23T20:46:16,742  INFO [main] metadata.Hive: Dumping metastore api call timing information for : execution phase
2024-04-23T20:46:16,742  INFO [main] metadata.Hive: Total time spent in each metastore function (ms): {isCompatibleWith_(Configuration)=0, getTable_(GetTableRequest)=13, dropTable_(String, String, boolean, boolean, boolean)=58}
2024-04-23T20:46:16,743  INFO [main] ql.Driver: Completed executing command(queryId=alex_20240423204616_254f5b24-20cc-48fe-89e9-3163a41c2b46); Time taken: 0.072 seconds
2024-04-23T20:46:16,743  INFO [main] lockmgr.DbTxnManager: Stopped heartbeat for query: alex_20240423204616_254f5b24-20cc-48fe-89e9-3163a41c2b46
2024-04-23T20:46:16,748  INFO [main] txn.TxnHandler: Expected to move at least one record from txn_components to completed_txn_components when committing txn! txnid:25
2024-04-23T20:46:16,755  INFO [main] txn.TxnHandler: Removed transactions: ([25]) from MIN_HISTORY_LEVEL
2024-04-23T20:46:16,755  WARN [main] txn.CompactionTxnHandler: No compaction queue record found for Compaction type transaction commit. txnId:25
2024-04-23T20:46:16,756  INFO [main] ql.TxnCommandsBaseForTests: Running the query: drop table if exists nonAcidNonBucket
2024-04-23T20:46:16,756  INFO [main] ql.Driver: Compiling command(queryId=alex_20240423204616_23bba7d4-bb21-4215-b50d-508aff700706): drop table if exists nonAcidNonBucket
2024-04-23T20:46:16,760  INFO [main] txn.TxnHandler: Added entries to MIN_HISTORY_LEVEL for current txns: ([26]) with min_open_txn: 21
2024-04-23T20:46:16,760  INFO [main] lockmgr.DbTxnManager: Opened txnid:26
2024-04-23T20:46:16,761  INFO [main] HiveMetaStore.audit: ugi=alex	ip=unknown-ip-addr	cmd=get_table : tbl=hive.default.nonAcidNonBucket	
2024-04-23T20:46:16,775  INFO [main] metastore.HMSHandler: Skipping translation for processor with null
2024-04-23T20:46:16,776  INFO [main] ql.Driver: Semantic Analysis Completed (retrial = false)
2024-04-23T20:46:16,776  INFO [main] ql.Driver: Created Hive schema: Schema(fieldSchemas:null, properties:null)
2024-04-23T20:46:16,776  INFO [main] metadata.Hive: Dumping metastore api call timing information for : compilation phase
2024-04-23T20:46:16,776  INFO [main] metadata.Hive: Total time spent in each metastore function (ms): {openTxn_(String, TxnType)=3, commitTxn_(CommitTxnRequest)=13, getTable_(GetTableRequest)=15, getValidTxns_(long)=1, isCompatibleWith_(Configuration)=0, flushCache_()=0}
2024-04-23T20:46:16,776  INFO [main] ql.Driver: Completed compiling command(queryId=alex_20240423204616_23bba7d4-bb21-4215-b50d-508aff700706); Time taken: 0.02 seconds
2024-04-23T20:46:16,776  INFO [main] lockmgr.DbTxnManager: Setting lock request transaction to txnid:26 for queryId=alex_20240423204616_23bba7d4-bb21-4215-b50d-508aff700706
2024-04-23T20:46:16,777  INFO [main] lockmgr.DbLockManager: Requesting lock for queryId=alex_20240423204616_23bba7d4-bb21-4215-b50d-508aff700706
2024-04-23T20:46:16,796  INFO [main] lockmgr.DbLockManager: Response to queryId=alex_20240423204616_23bba7d4-bb21-4215-b50d-508aff700706 LockResponse(lockid:16, state:ACQUIRED)
2024-04-23T20:46:16,796  INFO [main] ql.Driver: Operation DROPTABLE obtained 1 locks
2024-04-23T20:46:16,796  INFO [main] ql.Driver: Executing command(queryId=alex_20240423204616_23bba7d4-bb21-4215-b50d-508aff700706): drop table if exists nonAcidNonBucket
2024-04-23T20:46:16,797  INFO [main] ql.Driver: Starting task [Stage-0:DDL] in serial mode
2024-04-23T20:46:16,797  INFO [main] HiveMetaStore.audit: ugi=alex	ip=unknown-ip-addr	cmd=get_table : tbl=hive.default.nonAcidNonBucket	
2024-04-23T20:46:16,810  INFO [main] metastore.HMSHandler: Skipping translation for processor with null
2024-04-23T20:46:16,810  INFO [main] HiveMetaStore.audit: ugi=alex	ip=unknown-ip-addr	cmd=get_table : tbl=hive.default.nonAcidNonBucket	
2024-04-23T20:46:16,822  INFO [main] metastore.HMSHandler: Skipping translation for processor with null
2024-04-23T20:46:16,823  INFO [main] HiveMetaStore.audit: ugi=alex	ip=unknown-ip-addr	cmd=drop_table : tbl=hive.default.nonAcidNonBucket	
2024-04-23T20:46:16,874  INFO [main] metadata.Hive: Dumping metastore api call timing information for : execution phase
2024-04-23T20:46:16,874  INFO [main] metadata.Hive: Total time spent in each metastore function (ms): {dropTable_(String, String, boolean, boolean, boolean)=64, isCompatibleWith_(Configuration)=0, getTable_(GetTableRequest)=13}
2024-04-23T20:46:16,874  INFO [main] ql.Driver: Completed executing command(queryId=alex_20240423204616_23bba7d4-bb21-4215-b50d-508aff700706); Time taken: 0.078 seconds
2024-04-23T20:46:16,874  INFO [main] lockmgr.DbTxnManager: Stopped heartbeat for query: alex_20240423204616_23bba7d4-bb21-4215-b50d-508aff700706
2024-04-23T20:46:16,879  INFO [main] txn.TxnHandler: Expected to move at least one record from txn_components to completed_txn_components when committing txn! txnid:26
2024-04-23T20:46:16,886  INFO [main] txn.TxnHandler: Removed transactions: ([26]) from MIN_HISTORY_LEVEL
2024-04-23T20:46:16,886  WARN [main] txn.CompactionTxnHandler: No compaction queue record found for Compaction type transaction commit. txnId:26
2024-04-23T20:46:16,887  INFO [main] utils.TestTxnDbUtil: Cleaning transactional tables
]]></system-err>
  </testcase>
  <testcase name="testDeleteEventPruningOff" classname="org.apache.hadoop.hive.ql.TestTxnCommands3" time="7.187">
    <error type="java.lang.RuntimeException"><![CDATA[java.lang.RuntimeException: delete from T where a = 1 failed: (responseCode = 2, errorMessage = FAILED: Execution Error, return code 2 from org.apache.hadoop.hive.ql.exec.mr.MapRedTask, SQLState = 08S01)
	at org.apache.hadoop.hive.ql.TxnCommandsBaseForTests.runStatementOnDriver(TxnCommandsBaseForTests.java:247)
	at org.apache.hadoop.hive.ql.TestTxnCommands3.testDeleteEventPruning(TestTxnCommands3.java:167)
	at org.apache.hadoop.hive.ql.TestTxnCommands3.testDeleteEventPruningOff(TestTxnCommands3.java:143)
	at sun.reflect.NativeMethodAccessorImpl.invoke0(Native Method)
	at sun.reflect.NativeMethodAccessorImpl.invoke(NativeMethodAccessorImpl.java:62)
	at sun.reflect.DelegatingMethodAccessorImpl.invoke(DelegatingMethodAccessorImpl.java:43)
	at java.lang.reflect.Method.invoke(Method.java:498)
	at org.junit.runners.model.FrameworkMethod$1.runReflectiveCall(FrameworkMethod.java:59)
	at org.junit.internal.runners.model.ReflectiveCallable.run(ReflectiveCallable.java:12)
	at org.junit.runners.model.FrameworkMethod.invokeExplosively(FrameworkMethod.java:56)
	at org.junit.internal.runners.statements.InvokeMethod.evaluate(InvokeMethod.java:17)
	at org.junit.internal.runners.statements.RunBefores.evaluate(RunBefores.java:26)
	at org.junit.internal.runners.statements.RunAfters.evaluate(RunAfters.java:27)
	at org.junit.rules.TestWatcher$1.evaluate(TestWatcher.java:61)
	at org.junit.runners.ParentRunner$3.evaluate(ParentRunner.java:306)
	at org.junit.runners.BlockJUnit4ClassRunner$1.evaluate(BlockJUnit4ClassRunner.java:100)
	at org.junit.runners.ParentRunner.runLeaf(ParentRunner.java:366)
	at org.junit.runners.BlockJUnit4ClassRunner.runChild(BlockJUnit4ClassRunner.java:103)
	at org.junit.runners.BlockJUnit4ClassRunner.runChild(BlockJUnit4ClassRunner.java:63)
	at org.junit.runners.ParentRunner$4.run(ParentRunner.java:331)
	at org.junit.runners.ParentRunner$1.schedule(ParentRunner.java:79)
	at org.junit.runners.ParentRunner.runChildren(ParentRunner.java:329)
	at org.junit.runners.ParentRunner.access$100(ParentRunner.java:66)
	at org.junit.runners.ParentRunner$2.evaluate(ParentRunner.java:293)
	at org.junit.runners.ParentRunner$3.evaluate(ParentRunner.java:306)
	at org.junit.runners.ParentRunner.run(ParentRunner.java:413)
	at org.junit.runner.JUnitCore.run(JUnitCore.java:137)
	at org.junit.runner.JUnitCore.run(JUnitCore.java:115)
	at org.junit.vintage.engine.execution.RunnerExecutor.execute(RunnerExecutor.java:43)
	at java.util.stream.ForEachOps$ForEachOp$OfRef.accept(ForEachOps.java:183)
	at java.util.stream.ReferencePipeline$3$1.accept(ReferencePipeline.java:193)
	at java.util.Iterator.forEachRemaining(Iterator.java:116)
	at java.util.Spliterators$IteratorSpliterator.forEachRemaining(Spliterators.java:1801)
	at java.util.stream.AbstractPipeline.copyInto(AbstractPipeline.java:482)
	at java.util.stream.AbstractPipeline.wrapAndCopyInto(AbstractPipeline.java:472)
	at java.util.stream.ForEachOps$ForEachOp.evaluateSequential(ForEachOps.java:150)
	at java.util.stream.ForEachOps$ForEachOp$OfRef.evaluateSequential(ForEachOps.java:173)
	at java.util.stream.AbstractPipeline.evaluate(AbstractPipeline.java:234)
	at java.util.stream.ReferencePipeline.forEach(ReferencePipeline.java:485)
	at org.junit.vintage.engine.VintageTestEngine.executeAllChildren(VintageTestEngine.java:82)
	at org.junit.vintage.engine.VintageTestEngine.execute(VintageTestEngine.java:73)
	at org.junit.platform.launcher.core.DefaultLauncher.execute(DefaultLauncher.java:248)
	at org.junit.platform.launcher.core.DefaultLauncher.lambda$execute$5(DefaultLauncher.java:211)
	at org.junit.platform.launcher.core.DefaultLauncher.withInterceptedStreams(DefaultLauncher.java:226)
	at org.junit.platform.launcher.core.DefaultLauncher.execute(DefaultLauncher.java:199)
	at org.junit.platform.launcher.core.DefaultLauncher.execute(DefaultLauncher.java:132)
	at org.apache.maven.surefire.junitplatform.JUnitPlatformProvider.invokeAllTests(JUnitPlatformProvider.java:154)
	at org.apache.maven.surefire.junitplatform.JUnitPlatformProvider.invoke(JUnitPlatformProvider.java:123)
	at org.apache.maven.surefire.booter.ForkedBooter.runSuitesInProcess(ForkedBooter.java:377)
	at org.apache.maven.surefire.booter.ForkedBooter.execute(ForkedBooter.java:138)
	at org.apache.maven.surefire.booter.ForkedBooter.run(ForkedBooter.java:465)
	at org.apache.maven.surefire.booter.ForkedBooter.main(ForkedBooter.java:451)
]]></error>
    <system-err><![CDATA[2024-04-23T20:46:16,987  WARN [main] conf.HiveConf: HiveConf of name hive.metastore.metadb.dir does not exist
2024-04-23T20:46:16,987  WARN [main] conf.HiveConf: HiveConf of name hive.dummyparam.test.server.specific.config.hivesite does not exist
2024-04-23T20:46:16,987  WARN [main] conf.HiveConf: HiveConf of name hive.llap.io.cache.orc.arena.size does not exist
2024-04-23T20:46:16,987  WARN [main] conf.HiveConf: HiveConf of name hive.llap.io.cache.orc.size does not exist
2024-04-23T20:46:16,987  WARN [main] conf.HiveConf: HiveConf of name hive.stats.key.prefix.reserve.length does not exist
2024-04-23T20:46:16,987  WARN [main] conf.HiveConf: HiveConf of name hive.llap.io.cache.orc.alloc.min does not exist
2024-04-23T20:46:16,988  WARN [main] conf.HiveConf: HiveConf of name hive.dummyparam.test.server.specific.config.override does not exist
2024-04-23T20:46:16,988  WARN [main] conf.HiveConf: HiveConf of name hive.metastore.client.cache.maxSize does not exist
2024-04-23T20:46:16,988  WARN [main] conf.HiveConf: HiveConf of name hive.llap.io.cache.orc.alloc.max does not exist
2024-04-23T20:46:16,989  WARN [main] conf.HiveConf: HiveConf of name hive.dummyparam.test.server.specific.config.metastoresite does not exist
2024-04-23T20:46:16,989  WARN [main] conf.HiveConf: HiveConf of name hive.metastore.client.cache.recordStats does not exist
2024-04-23T20:46:16,991  INFO [main] utils.TestTxnDbUtil: Creating transactional tables
Hive Session ID = f783be68-9f52-4771-bf1e-af94061c109c
2024-04-23T20:46:16,993  INFO [main] SessionState: Hive Session ID = f783be68-9f52-4771-bf1e-af94061c109c
ivysettings.xml file not found in HIVE_HOME or HIVE_CONF_DIR,/home/alex/Repositories/hive/conf/ivysettings.xml will be used
2024-04-23T20:46:16,994  INFO [main] DependencyResolver: ivysettings.xml file not found in HIVE_HOME or HIVE_CONF_DIR,/home/alex/Repositories/hive/conf/ivysettings.xml will be used
2024-04-23T20:46:17,000  INFO [main] session.SessionState: Created HDFS directory: /home/alex/Repositories/hive/ql/target/tmp/scratchdir/alex/f783be68-9f52-4771-bf1e-af94061c109c
2024-04-23T20:46:17,002  INFO [main] session.SessionState: Created local directory: /home/alex/Repositories/hive/ql/target/tmp/localscratchdir/f783be68-9f52-4771-bf1e-af94061c109c
2024-04-23T20:46:17,005  INFO [main] session.SessionState: Created HDFS directory: /home/alex/Repositories/hive/ql/target/tmp/scratchdir/alex/f783be68-9f52-4771-bf1e-af94061c109c/_tmp_space.db
2024-04-23T20:46:17,006  INFO [main] sqlstd.SQLStdHiveAccessController: Created SQLStdHiveAccessController for session context : HiveAuthzSessionContext [sessionString=f783be68-9f52-4771-bf1e-af94061c109c, clientType=HIVECLI]
2024-04-23T20:46:17,006  INFO [main] ql.TxnCommandsBaseForTests: Running the query: drop table if exists acidTbl
2024-04-23T20:46:17,006  INFO [main] ql.Driver: Compiling command(queryId=alex_20240423204617_8702e8b6-0b43-4126-bac6-468b887e987d): drop table if exists acidTbl
2024-04-23T20:46:17,016  INFO [main] txn.TxnHandler: Added entries to MIN_HISTORY_LEVEL for current txns: ([1]) with min_open_txn: 1
2024-04-23T20:46:17,016  INFO [main] lockmgr.DbTxnManager: Opened txnid:1
2024-04-23T20:46:17,020  INFO [main] HiveMetaStore.audit: ugi=alex	ip=unknown-ip-addr	cmd=get_table : tbl=hive.default.acidTbl	
2024-04-23T20:46:17,025  INFO [main] ql.Driver: Semantic Analysis Completed (retrial = false)
2024-04-23T20:46:17,025  INFO [main] ql.Driver: Created Hive schema: Schema(fieldSchemas:null, properties:null)
2024-04-23T20:46:17,025  INFO [main] metadata.Hive: Dumping metastore api call timing information for : compilation phase
2024-04-23T20:46:17,025  INFO [main] metadata.Hive: Total time spent in each metastore function (ms): {isCompatibleWith_(Configuration)=0, getValidTxns_(long)=3, openTxn_(String, TxnType)=9, flushCache_()=0, commitTxn_(CommitTxnRequest)=13}
2024-04-23T20:46:17,025  INFO [main] ql.Driver: Completed compiling command(queryId=alex_20240423204617_8702e8b6-0b43-4126-bac6-468b887e987d); Time taken: 0.019 seconds
2024-04-23T20:46:17,026  INFO [main] lockmgr.DbTxnManager: Setting lock request transaction to txnid:1 for queryId=alex_20240423204617_8702e8b6-0b43-4126-bac6-468b887e987d
2024-04-23T20:46:17,026  INFO [main] ql.Driver: Operation DROPTABLE obtained 0 locks
2024-04-23T20:46:17,026  INFO [main] ql.Driver: Executing command(queryId=alex_20240423204617_8702e8b6-0b43-4126-bac6-468b887e987d): drop table if exists acidTbl
2024-04-23T20:46:17,026  INFO [main] ql.Driver: Starting task [Stage-0:DDL] in serial mode
2024-04-23T20:46:17,026  INFO [main] HiveMetaStore.audit: ugi=alex	ip=unknown-ip-addr	cmd=get_table : tbl=hive.default.acidTbl	
2024-04-23T20:46:17,030  INFO [main] metadata.Hive: Dumping metastore api call timing information for : execution phase
2024-04-23T20:46:17,030  INFO [main] metadata.Hive: Total time spent in each metastore function (ms): {isCompatibleWith_(Configuration)=0}
2024-04-23T20:46:17,030  INFO [main] ql.Driver: Completed executing command(queryId=alex_20240423204617_8702e8b6-0b43-4126-bac6-468b887e987d); Time taken: 0.004 seconds
2024-04-23T20:46:17,030  INFO [main] lockmgr.DbTxnManager: Stopped heartbeat for query: alex_20240423204617_8702e8b6-0b43-4126-bac6-468b887e987d
2024-04-23T20:46:17,036  INFO [main] txn.TxnHandler: Expected to move at least one record from txn_components to completed_txn_components when committing txn! txnid:1
2024-04-23T20:46:17,043  INFO [main] txn.TxnHandler: Removed transactions: ([1]) from MIN_HISTORY_LEVEL
2024-04-23T20:46:17,043  WARN [main] txn.CompactionTxnHandler: No compaction queue record found for Compaction type transaction commit. txnId:1
2024-04-23T20:46:17,044  INFO [main] ql.TxnCommandsBaseForTests: Running the query: drop table if exists acidTblPart
2024-04-23T20:46:17,044  INFO [main] ql.Driver: Compiling command(queryId=alex_20240423204617_727ac3e7-1689-4400-bbc5-a5858af5393b): drop table if exists acidTblPart
2024-04-23T20:46:17,047  INFO [main] txn.TxnHandler: Added entries to MIN_HISTORY_LEVEL for current txns: ([2]) with min_open_txn: 1
2024-04-23T20:46:17,047  INFO [main] lockmgr.DbTxnManager: Opened txnid:2
2024-04-23T20:46:17,048  INFO [main] HiveMetaStore.audit: ugi=alex	ip=unknown-ip-addr	cmd=get_table : tbl=hive.default.acidTblPart	
2024-04-23T20:46:17,052  INFO [main] ql.Driver: Semantic Analysis Completed (retrial = false)
2024-04-23T20:46:17,053  INFO [main] ql.Driver: Created Hive schema: Schema(fieldSchemas:null, properties:null)
2024-04-23T20:46:17,053  INFO [main] metadata.Hive: Dumping metastore api call timing information for : compilation phase
2024-04-23T20:46:17,053  INFO [main] metadata.Hive: Total time spent in each metastore function (ms): {getValidTxns_(long)=1, openTxn_(String, TxnType)=2, isCompatibleWith_(Configuration)=1, commitTxn_(CommitTxnRequest)=13, flushCache_()=0}
2024-04-23T20:46:17,053  INFO [main] ql.Driver: Completed compiling command(queryId=alex_20240423204617_727ac3e7-1689-4400-bbc5-a5858af5393b); Time taken: 0.009 seconds
2024-04-23T20:46:17,054  INFO [main] lockmgr.DbTxnManager: Setting lock request transaction to txnid:2 for queryId=alex_20240423204617_727ac3e7-1689-4400-bbc5-a5858af5393b
2024-04-23T20:46:17,054  INFO [main] ql.Driver: Operation DROPTABLE obtained 0 locks
2024-04-23T20:46:17,054  INFO [main] ql.Driver: Executing command(queryId=alex_20240423204617_727ac3e7-1689-4400-bbc5-a5858af5393b): drop table if exists acidTblPart
2024-04-23T20:46:17,054  INFO [main] ql.Driver: Starting task [Stage-0:DDL] in serial mode
2024-04-23T20:46:17,054  INFO [main] HiveMetaStore.audit: ugi=alex	ip=unknown-ip-addr	cmd=get_table : tbl=hive.default.acidTblPart	
2024-04-23T20:46:17,058  INFO [main] metadata.Hive: Dumping metastore api call timing information for : execution phase
2024-04-23T20:46:17,058  INFO [main] metadata.Hive: Total time spent in each metastore function (ms): {isCompatibleWith_(Configuration)=0}
2024-04-23T20:46:17,058  INFO [main] ql.Driver: Completed executing command(queryId=alex_20240423204617_727ac3e7-1689-4400-bbc5-a5858af5393b); Time taken: 0.004 seconds
2024-04-23T20:46:17,058  INFO [main] lockmgr.DbTxnManager: Stopped heartbeat for query: alex_20240423204617_727ac3e7-1689-4400-bbc5-a5858af5393b
2024-04-23T20:46:17,064  INFO [main] txn.TxnHandler: Expected to move at least one record from txn_components to completed_txn_components when committing txn! txnid:2
2024-04-23T20:46:17,071  INFO [main] txn.TxnHandler: Removed transactions: ([2]) from MIN_HISTORY_LEVEL
2024-04-23T20:46:17,071  WARN [main] txn.CompactionTxnHandler: No compaction queue record found for Compaction type transaction commit. txnId:2
2024-04-23T20:46:17,072  INFO [main] ql.TxnCommandsBaseForTests: Running the query: drop table if exists acidTbl2
2024-04-23T20:46:17,073  INFO [main] ql.Driver: Compiling command(queryId=alex_20240423204617_ffaf17e0-1ede-439f-8852-f48bf3000aa4): drop table if exists acidTbl2
2024-04-23T20:46:17,076  INFO [main] txn.TxnHandler: Added entries to MIN_HISTORY_LEVEL for current txns: ([3]) with min_open_txn: 1
2024-04-23T20:46:17,076  INFO [main] lockmgr.DbTxnManager: Opened txnid:3
2024-04-23T20:46:17,077  INFO [main] HiveMetaStore.audit: ugi=alex	ip=unknown-ip-addr	cmd=get_table : tbl=hive.default.acidTbl2	
2024-04-23T20:46:17,081  INFO [main] ql.Driver: Semantic Analysis Completed (retrial = false)
2024-04-23T20:46:17,081  INFO [main] ql.Driver: Created Hive schema: Schema(fieldSchemas:null, properties:null)
2024-04-23T20:46:17,081  INFO [main] metadata.Hive: Dumping metastore api call timing information for : compilation phase
2024-04-23T20:46:17,081  INFO [main] metadata.Hive: Total time spent in each metastore function (ms): {openTxn_(String, TxnType)=2, flushCache_()=0, getValidTxns_(long)=1, commitTxn_(CommitTxnRequest)=14, isCompatibleWith_(Configuration)=0}
2024-04-23T20:46:17,082  INFO [main] ql.Driver: Completed compiling command(queryId=alex_20240423204617_ffaf17e0-1ede-439f-8852-f48bf3000aa4); Time taken: 0.009 seconds
2024-04-23T20:46:17,082  INFO [main] lockmgr.DbTxnManager: Setting lock request transaction to txnid:3 for queryId=alex_20240423204617_ffaf17e0-1ede-439f-8852-f48bf3000aa4
2024-04-23T20:46:17,082  INFO [main] ql.Driver: Operation DROPTABLE obtained 0 locks
2024-04-23T20:46:17,082  INFO [main] ql.Driver: Executing command(queryId=alex_20240423204617_ffaf17e0-1ede-439f-8852-f48bf3000aa4): drop table if exists acidTbl2
2024-04-23T20:46:17,082  INFO [main] ql.Driver: Starting task [Stage-0:DDL] in serial mode
2024-04-23T20:46:17,083  INFO [main] HiveMetaStore.audit: ugi=alex	ip=unknown-ip-addr	cmd=get_table : tbl=hive.default.acidTbl2	
2024-04-23T20:46:17,087  INFO [main] metadata.Hive: Dumping metastore api call timing information for : execution phase
2024-04-23T20:46:17,087  INFO [main] metadata.Hive: Total time spent in each metastore function (ms): {isCompatibleWith_(Configuration)=1}
2024-04-23T20:46:17,087  INFO [main] ql.Driver: Completed executing command(queryId=alex_20240423204617_ffaf17e0-1ede-439f-8852-f48bf3000aa4); Time taken: 0.005 seconds
2024-04-23T20:46:17,087  INFO [main] lockmgr.DbTxnManager: Stopped heartbeat for query: alex_20240423204617_ffaf17e0-1ede-439f-8852-f48bf3000aa4
2024-04-23T20:46:17,093  INFO [main] txn.TxnHandler: Expected to move at least one record from txn_components to completed_txn_components when committing txn! txnid:3
2024-04-23T20:46:17,101  INFO [main] txn.TxnHandler: Removed transactions: ([3]) from MIN_HISTORY_LEVEL
2024-04-23T20:46:17,101  WARN [main] txn.CompactionTxnHandler: No compaction queue record found for Compaction type transaction commit. txnId:3
2024-04-23T20:46:17,101  INFO [main] ql.TxnCommandsBaseForTests: Running the query: drop table if exists nonAcidOrcTbl
2024-04-23T20:46:17,102  INFO [main] ql.Driver: Compiling command(queryId=alex_20240423204617_b17a66b4-1058-43b2-a032-8ae0c1d08c24): drop table if exists nonAcidOrcTbl
2024-04-23T20:46:17,105  INFO [main] txn.TxnHandler: Added entries to MIN_HISTORY_LEVEL for current txns: ([4]) with min_open_txn: 1
2024-04-23T20:46:17,105  INFO [main] lockmgr.DbTxnManager: Opened txnid:4
2024-04-23T20:46:17,106  INFO [main] HiveMetaStore.audit: ugi=alex	ip=unknown-ip-addr	cmd=get_table : tbl=hive.default.nonAcidOrcTbl	
2024-04-23T20:46:17,110  INFO [main] ql.Driver: Semantic Analysis Completed (retrial = false)
2024-04-23T20:46:17,110  INFO [main] ql.Driver: Created Hive schema: Schema(fieldSchemas:null, properties:null)
2024-04-23T20:46:17,110  INFO [main] metadata.Hive: Dumping metastore api call timing information for : compilation phase
2024-04-23T20:46:17,111  INFO [main] metadata.Hive: Total time spent in each metastore function (ms): {flushCache_()=0, isCompatibleWith_(Configuration)=1, getValidTxns_(long)=1, openTxn_(String, TxnType)=2, commitTxn_(CommitTxnRequest)=14}
2024-04-23T20:46:17,111  INFO [main] ql.Driver: Completed compiling command(queryId=alex_20240423204617_b17a66b4-1058-43b2-a032-8ae0c1d08c24); Time taken: 0.008 seconds
2024-04-23T20:46:17,111  INFO [main] lockmgr.DbTxnManager: Setting lock request transaction to txnid:4 for queryId=alex_20240423204617_b17a66b4-1058-43b2-a032-8ae0c1d08c24
2024-04-23T20:46:17,111  INFO [main] ql.Driver: Operation DROPTABLE obtained 0 locks
2024-04-23T20:46:17,111  INFO [main] ql.Driver: Executing command(queryId=alex_20240423204617_b17a66b4-1058-43b2-a032-8ae0c1d08c24): drop table if exists nonAcidOrcTbl
2024-04-23T20:46:17,111  INFO [main] ql.Driver: Starting task [Stage-0:DDL] in serial mode
2024-04-23T20:46:17,112  INFO [main] HiveMetaStore.audit: ugi=alex	ip=unknown-ip-addr	cmd=get_table : tbl=hive.default.nonAcidOrcTbl	
2024-04-23T20:46:17,115  INFO [main] metadata.Hive: Dumping metastore api call timing information for : execution phase
2024-04-23T20:46:17,116  INFO [main] metadata.Hive: Total time spent in each metastore function (ms): {isCompatibleWith_(Configuration)=0}
2024-04-23T20:46:17,116  INFO [main] ql.Driver: Completed executing command(queryId=alex_20240423204617_b17a66b4-1058-43b2-a032-8ae0c1d08c24); Time taken: 0.004 seconds
2024-04-23T20:46:17,116  INFO [main] lockmgr.DbTxnManager: Stopped heartbeat for query: alex_20240423204617_b17a66b4-1058-43b2-a032-8ae0c1d08c24
2024-04-23T20:46:17,122  INFO [main] txn.TxnHandler: Expected to move at least one record from txn_components to completed_txn_components when committing txn! txnid:4
2024-04-23T20:46:17,129  INFO [main] txn.TxnHandler: Removed transactions: ([4]) from MIN_HISTORY_LEVEL
2024-04-23T20:46:17,129  WARN [main] txn.CompactionTxnHandler: No compaction queue record found for Compaction type transaction commit. txnId:4
2024-04-23T20:46:17,130  INFO [main] ql.TxnCommandsBaseForTests: Running the query: drop table if exists nonAcidOrcTbl2
2024-04-23T20:46:17,131  INFO [main] ql.Driver: Compiling command(queryId=alex_20240423204617_f6b3874d-c5d2-4850-ab20-539f7b2f6a71): drop table if exists nonAcidOrcTbl2
2024-04-23T20:46:17,134  INFO [main] txn.TxnHandler: Added entries to MIN_HISTORY_LEVEL for current txns: ([5]) with min_open_txn: 1
2024-04-23T20:46:17,134  INFO [main] lockmgr.DbTxnManager: Opened txnid:5
2024-04-23T20:46:17,135  INFO [main] HiveMetaStore.audit: ugi=alex	ip=unknown-ip-addr	cmd=get_table : tbl=hive.default.nonAcidOrcTbl2	
2024-04-23T20:46:17,139  INFO [main] ql.Driver: Semantic Analysis Completed (retrial = false)
2024-04-23T20:46:17,139  INFO [main] ql.Driver: Created Hive schema: Schema(fieldSchemas:null, properties:null)
2024-04-23T20:46:17,139  INFO [main] metadata.Hive: Dumping metastore api call timing information for : compilation phase
2024-04-23T20:46:17,139  INFO [main] metadata.Hive: Total time spent in each metastore function (ms): {flushCache_()=0, getValidTxns_(long)=1, openTxn_(String, TxnType)=2, commitTxn_(CommitTxnRequest)=14, isCompatibleWith_(Configuration)=0}
2024-04-23T20:46:17,140  INFO [main] ql.Driver: Completed compiling command(queryId=alex_20240423204617_f6b3874d-c5d2-4850-ab20-539f7b2f6a71); Time taken: 0.008 seconds
2024-04-23T20:46:17,140  INFO [main] lockmgr.DbTxnManager: Setting lock request transaction to txnid:5 for queryId=alex_20240423204617_f6b3874d-c5d2-4850-ab20-539f7b2f6a71
2024-04-23T20:46:17,140  INFO [main] ql.Driver: Operation DROPTABLE obtained 0 locks
2024-04-23T20:46:17,140  INFO [main] ql.Driver: Executing command(queryId=alex_20240423204617_f6b3874d-c5d2-4850-ab20-539f7b2f6a71): drop table if exists nonAcidOrcTbl2
2024-04-23T20:46:17,140  INFO [main] ql.Driver: Starting task [Stage-0:DDL] in serial mode
2024-04-23T20:46:17,141  INFO [main] HiveMetaStore.audit: ugi=alex	ip=unknown-ip-addr	cmd=get_table : tbl=hive.default.nonAcidOrcTbl2	
2024-04-23T20:46:17,144  INFO [main] metadata.Hive: Dumping metastore api call timing information for : execution phase
2024-04-23T20:46:17,145  INFO [main] metadata.Hive: Total time spent in each metastore function (ms): {isCompatibleWith_(Configuration)=0}
2024-04-23T20:46:17,145  INFO [main] ql.Driver: Completed executing command(queryId=alex_20240423204617_f6b3874d-c5d2-4850-ab20-539f7b2f6a71); Time taken: 0.004 seconds
2024-04-23T20:46:17,145  INFO [main] lockmgr.DbTxnManager: Stopped heartbeat for query: alex_20240423204617_f6b3874d-c5d2-4850-ab20-539f7b2f6a71
2024-04-23T20:46:17,151  INFO [main] txn.TxnHandler: Expected to move at least one record from txn_components to completed_txn_components when committing txn! txnid:5
2024-04-23T20:46:17,158  INFO [main] txn.TxnHandler: Removed transactions: ([5]) from MIN_HISTORY_LEVEL
2024-04-23T20:46:17,159  WARN [main] txn.CompactionTxnHandler: No compaction queue record found for Compaction type transaction commit. txnId:5
2024-04-23T20:46:17,159  INFO [main] ql.TxnCommandsBaseForTests: Running the query: drop table if exists nonAcidNonBucket
2024-04-23T20:46:17,160  INFO [main] ql.Driver: Compiling command(queryId=alex_20240423204617_652d80c7-f9b8-40e8-8715-555e1775faf3): drop table if exists nonAcidNonBucket
2024-04-23T20:46:17,163  INFO [main] txn.TxnHandler: Added entries to MIN_HISTORY_LEVEL for current txns: ([6]) with min_open_txn: 1
2024-04-23T20:46:17,163  INFO [main] lockmgr.DbTxnManager: Opened txnid:6
2024-04-23T20:46:17,164  INFO [main] HiveMetaStore.audit: ugi=alex	ip=unknown-ip-addr	cmd=get_table : tbl=hive.default.nonAcidNonBucket	
2024-04-23T20:46:17,168  INFO [main] ql.Driver: Semantic Analysis Completed (retrial = false)
2024-04-23T20:46:17,168  INFO [main] ql.Driver: Created Hive schema: Schema(fieldSchemas:null, properties:null)
2024-04-23T20:46:17,168  INFO [main] metadata.Hive: Dumping metastore api call timing information for : compilation phase
2024-04-23T20:46:17,168  INFO [main] metadata.Hive: Total time spent in each metastore function (ms): {isCompatibleWith_(Configuration)=1, openTxn_(String, TxnType)=2, getValidTxns_(long)=0, commitTxn_(CommitTxnRequest)=14, flushCache_()=0}
2024-04-23T20:46:17,169  INFO [main] ql.Driver: Completed compiling command(queryId=alex_20240423204617_652d80c7-f9b8-40e8-8715-555e1775faf3); Time taken: 0.008 seconds
2024-04-23T20:46:17,169  INFO [main] lockmgr.DbTxnManager: Setting lock request transaction to txnid:6 for queryId=alex_20240423204617_652d80c7-f9b8-40e8-8715-555e1775faf3
2024-04-23T20:46:17,169  INFO [main] ql.Driver: Operation DROPTABLE obtained 0 locks
2024-04-23T20:46:17,169  INFO [main] ql.Driver: Executing command(queryId=alex_20240423204617_652d80c7-f9b8-40e8-8715-555e1775faf3): drop table if exists nonAcidNonBucket
2024-04-23T20:46:17,169  INFO [main] ql.Driver: Starting task [Stage-0:DDL] in serial mode
2024-04-23T20:46:17,170  INFO [main] HiveMetaStore.audit: ugi=alex	ip=unknown-ip-addr	cmd=get_table : tbl=hive.default.nonAcidNonBucket	
2024-04-23T20:46:17,173  INFO [main] metadata.Hive: Dumping metastore api call timing information for : execution phase
2024-04-23T20:46:17,174  INFO [main] metadata.Hive: Total time spent in each metastore function (ms): {isCompatibleWith_(Configuration)=0}
2024-04-23T20:46:17,174  INFO [main] ql.Driver: Completed executing command(queryId=alex_20240423204617_652d80c7-f9b8-40e8-8715-555e1775faf3); Time taken: 0.004 seconds
2024-04-23T20:46:17,174  INFO [main] lockmgr.DbTxnManager: Stopped heartbeat for query: alex_20240423204617_652d80c7-f9b8-40e8-8715-555e1775faf3
2024-04-23T20:46:17,180  INFO [main] txn.TxnHandler: Expected to move at least one record from txn_components to completed_txn_components when committing txn! txnid:6
2024-04-23T20:46:17,186  INFO [main] txn.TxnHandler: Removed transactions: ([6]) from MIN_HISTORY_LEVEL
2024-04-23T20:46:17,186  WARN [main] txn.CompactionTxnHandler: No compaction queue record found for Compaction type transaction commit. txnId:6
2024-04-23T20:46:17,187  INFO [main] ql.TxnCommandsBaseForTests: Running the query: create table acidTbl(a int, b int) clustered by (a) into 2 buckets stored as orc TBLPROPERTIES ('transactional'='true')
2024-04-23T20:46:17,188  INFO [main] ql.Driver: Compiling command(queryId=alex_20240423204617_96c4e72e-5e97-4e81-9d67-7d7d1224c3b6): create table acidTbl(a int, b int) clustered by (a) into 2 buckets stored as orc TBLPROPERTIES ('transactional'='true')
2024-04-23T20:46:17,192  INFO [main] txn.TxnHandler: Added entries to MIN_HISTORY_LEVEL for current txns: ([7]) with min_open_txn: 1
2024-04-23T20:46:17,192  INFO [main] lockmgr.DbTxnManager: Opened txnid:7
2024-04-23T20:46:17,193  INFO [main] parse.CalcitePlanner: Starting caching scope for: 
2024-04-23T20:46:17,193  INFO [main] parse.CalcitePlanner: Starting Semantic Analysis
2024-04-23T20:46:17,199  INFO [main] parse.CalcitePlanner: Creating table default.acidTbl position=13
2024-04-23T20:46:17,199  INFO [main] HiveMetaStore.audit: ugi=alex	ip=unknown-ip-addr	cmd=get_database: default	
2024-04-23T20:46:17,202  INFO [main] parse.CalcitePlanner: Ending caching scope for: 
2024-04-23T20:46:17,202  INFO [main] ql.Driver: Semantic Analysis Completed (retrial = false)
2024-04-23T20:46:17,202  INFO [main] ql.Driver: Created Hive schema: Schema(fieldSchemas:null, properties:null)
2024-04-23T20:46:17,202  INFO [main] metadata.Hive: Dumping metastore api call timing information for : compilation phase
2024-04-23T20:46:17,202  INFO [main] metadata.Hive: Total time spent in each metastore function (ms): {isCompatibleWith_(Configuration)=0, getValidWriteIds_(List, String)=6, getValidTxns_(long)=1, getDatabase_(String)=3, commitTxn_(CommitTxnRequest)=13, flushCache_()=0, openTxn_(String, TxnType)=3}
2024-04-23T20:46:17,203  INFO [main] ql.Driver: Completed compiling command(queryId=alex_20240423204617_96c4e72e-5e97-4e81-9d67-7d7d1224c3b6); Time taken: 0.014 seconds
2024-04-23T20:46:17,203  INFO [main] lockmgr.DbTxnManager: Setting lock request transaction to txnid:7 for queryId=alex_20240423204617_96c4e72e-5e97-4e81-9d67-7d7d1224c3b6
2024-04-23T20:46:17,203  INFO [main] lockmgr.DbLockManager: Requesting lock for queryId=alex_20240423204617_96c4e72e-5e97-4e81-9d67-7d7d1224c3b6
2024-04-23T20:46:17,225  INFO [main] lockmgr.DbLockManager: Response to queryId=alex_20240423204617_96c4e72e-5e97-4e81-9d67-7d7d1224c3b6 LockResponse(lockid:1, state:ACQUIRED)
2024-04-23T20:46:17,225  INFO [main] ql.Driver: Operation CREATETABLE obtained 1 locks
2024-04-23T20:46:17,226  INFO [main] ql.Driver: Executing command(queryId=alex_20240423204617_96c4e72e-5e97-4e81-9d67-7d7d1224c3b6): create table acidTbl(a int, b int) clustered by (a) into 2 buckets stored as orc TBLPROPERTIES ('transactional'='true')
2024-04-23T20:46:17,226  INFO [main] ql.Driver: Starting task [Stage-0:DDL] in serial mode
2024-04-23T20:46:17,227  INFO [main] HiveMetaStore.audit: ugi=alex	ip=unknown-ip-addr	cmd=create_table_req: Table(tableName:acidTbl, dbName:default, owner:alex, createTime:1713930377, lastAccessTime:0, retention:0, sd:StorageDescriptor(cols:[FieldSchema(name:a, type:int, comment:null), FieldSchema(name:b, type:int, comment:null)], location:null, inputFormat:org.apache.hadoop.hive.ql.io.orc.OrcInputFormat, outputFormat:org.apache.hadoop.hive.ql.io.orc.OrcOutputFormat, compressed:false, numBuckets:2, serdeInfo:SerDeInfo(name:null, serializationLib:org.apache.hadoop.hive.ql.io.orc.OrcSerde, parameters:{serialization.format=1}), bucketCols:[a], sortCols:[], parameters:{}, skewedInfo:SkewedInfo(skewedColNames:[], skewedColValues:[], skewedColValueLocationMaps:{}), storedAsSubDirectories:false), partitionKeys:[], parameters:{totalSize=0, numFilesErasureCoded=0, numRows=0, transactional=true, rawDataSize=0, numFiles=0, bucketing_version=2, COLUMN_STATS_ACCURATE={"BASIC_STATS":"true","COLUMN_STATS":{"a":"true","b":"true"}}}, viewOriginalText:null, viewExpandedText:null, tableType:MANAGED_TABLE, privileges:PrincipalPrivilegeSet(userPrivileges:{alex=[PrivilegeGrantInfo(privilege:INSERT, createTime:-1, grantor:alex, grantorType:USER, grantOption:true), PrivilegeGrantInfo(privilege:SELECT, createTime:-1, grantor:alex, grantorType:USER, grantOption:true), PrivilegeGrantInfo(privilege:UPDATE, createTime:-1, grantor:alex, grantorType:USER, grantOption:true), PrivilegeGrantInfo(privilege:DELETE, createTime:-1, grantor:alex, grantorType:USER, grantOption:true)]}, groupPrivileges:null, rolePrivileges:null), temporary:false, catName:hive, ownerType:USER, writeId:0)	
2024-04-23T20:46:17,235  INFO [main] utils.FileUtils: Creating directory if it doesn't exist: file:/home/alex/Repositories/hive/ql/target/tmp/org.apache.hadoop.hive.ql.TestTxnCommands3-1713930356371/warehouse/acidtbl
2024-04-23T20:46:17,279  INFO [main] metadata.Hive: Dumping metastore api call timing information for : execution phase
2024-04-23T20:46:17,279  INFO [main] metadata.Hive: Total time spent in each metastore function (ms): {createTable_(Table)=51, isCompatibleWith_(Configuration)=0}
2024-04-23T20:46:17,279  INFO [main] ql.Driver: Completed executing command(queryId=alex_20240423204617_96c4e72e-5e97-4e81-9d67-7d7d1224c3b6); Time taken: 0.053 seconds
2024-04-23T20:46:17,279  INFO [main] lockmgr.DbTxnManager: Stopped heartbeat for query: alex_20240423204617_96c4e72e-5e97-4e81-9d67-7d7d1224c3b6
2024-04-23T20:46:17,284  INFO [main] txn.TxnHandler: Expected to move at least one record from txn_components to completed_txn_components when committing txn! txnid:7
2024-04-23T20:46:17,291  INFO [main] txn.TxnHandler: Removed transactions: ([7]) from MIN_HISTORY_LEVEL
2024-04-23T20:46:17,292  WARN [main] txn.CompactionTxnHandler: No compaction queue record found for Compaction type transaction commit. txnId:7
2024-04-23T20:46:17,292  INFO [main] ql.TxnCommandsBaseForTests: Running the query: create table acidTblPart(a int, b int) partitioned by (p string) clustered by (a) into 2 buckets stored as orc TBLPROPERTIES ('transactional'='true')
2024-04-23T20:46:17,293  INFO [main] ql.Driver: Compiling command(queryId=alex_20240423204617_ee39504f-86cc-443c-ba8e-68c96a894c03): create table acidTblPart(a int, b int) partitioned by (p string) clustered by (a) into 2 buckets stored as orc TBLPROPERTIES ('transactional'='true')
2024-04-23T20:46:17,304  INFO [main] txn.TxnHandler: Added entries to MIN_HISTORY_LEVEL for current txns: ([8]) with min_open_txn: 1
2024-04-23T20:46:17,304  INFO [main] lockmgr.DbTxnManager: Opened txnid:8
2024-04-23T20:46:17,307  INFO [main] parse.CalcitePlanner: Starting caching scope for: 
2024-04-23T20:46:17,307  INFO [main] parse.CalcitePlanner: Starting Semantic Analysis
2024-04-23T20:46:17,310  INFO [main] parse.CalcitePlanner: Creating table default.acidTblPart position=13
2024-04-23T20:46:17,311  INFO [main] HiveMetaStore.audit: ugi=alex	ip=unknown-ip-addr	cmd=get_database: default	
2024-04-23T20:46:17,313  INFO [main] parse.CalcitePlanner: Ending caching scope for: 
2024-04-23T20:46:17,313  INFO [main] ql.Driver: Semantic Analysis Completed (retrial = false)
2024-04-23T20:46:17,314  INFO [main] ql.Driver: Created Hive schema: Schema(fieldSchemas:null, properties:null)
2024-04-23T20:46:17,314  INFO [main] metadata.Hive: Dumping metastore api call timing information for : compilation phase
2024-04-23T20:46:17,314  INFO [main] metadata.Hive: Total time spent in each metastore function (ms): {commitTxn_(CommitTxnRequest)=13, getDatabase_(String)=2, openTxn_(String, TxnType)=10, isCompatibleWith_(Configuration)=1, getValidWriteIds_(List, String)=2, getValidTxns_(long)=2, flushCache_()=0}
2024-04-23T20:46:17,314  INFO [main] ql.Driver: Completed compiling command(queryId=alex_20240423204617_ee39504f-86cc-443c-ba8e-68c96a894c03); Time taken: 0.021 seconds
2024-04-23T20:46:17,314  INFO [main] lockmgr.DbTxnManager: Setting lock request transaction to txnid:8 for queryId=alex_20240423204617_ee39504f-86cc-443c-ba8e-68c96a894c03
2024-04-23T20:46:17,315  INFO [main] lockmgr.DbLockManager: Requesting lock for queryId=alex_20240423204617_ee39504f-86cc-443c-ba8e-68c96a894c03
2024-04-23T20:46:17,333  INFO [main] lockmgr.DbLockManager: Response to queryId=alex_20240423204617_ee39504f-86cc-443c-ba8e-68c96a894c03 LockResponse(lockid:2, state:ACQUIRED)
2024-04-23T20:46:17,333  INFO [main] ql.Driver: Operation CREATETABLE obtained 1 locks
2024-04-23T20:46:17,334  INFO [main] ql.Driver: Executing command(queryId=alex_20240423204617_ee39504f-86cc-443c-ba8e-68c96a894c03): create table acidTblPart(a int, b int) partitioned by (p string) clustered by (a) into 2 buckets stored as orc TBLPROPERTIES ('transactional'='true')
2024-04-23T20:46:17,334  INFO [main] ql.Driver: Starting task [Stage-0:DDL] in serial mode
2024-04-23T20:46:17,335  INFO [main] HiveMetaStore.audit: ugi=alex	ip=unknown-ip-addr	cmd=create_table_req: Table(tableName:acidTblPart, dbName:default, owner:alex, createTime:1713930377, lastAccessTime:0, retention:0, sd:StorageDescriptor(cols:[FieldSchema(name:a, type:int, comment:null), FieldSchema(name:b, type:int, comment:null)], location:null, inputFormat:org.apache.hadoop.hive.ql.io.orc.OrcInputFormat, outputFormat:org.apache.hadoop.hive.ql.io.orc.OrcOutputFormat, compressed:false, numBuckets:2, serdeInfo:SerDeInfo(name:null, serializationLib:org.apache.hadoop.hive.ql.io.orc.OrcSerde, parameters:{serialization.format=1}), bucketCols:[a], sortCols:[], parameters:{}, skewedInfo:SkewedInfo(skewedColNames:[], skewedColValues:[], skewedColValueLocationMaps:{}), storedAsSubDirectories:false), partitionKeys:[FieldSchema(name:p, type:string, comment:null)], parameters:{bucketing_version=2, transactional=true}, viewOriginalText:null, viewExpandedText:null, tableType:MANAGED_TABLE, privileges:PrincipalPrivilegeSet(userPrivileges:{alex=[PrivilegeGrantInfo(privilege:INSERT, createTime:-1, grantor:alex, grantorType:USER, grantOption:true), PrivilegeGrantInfo(privilege:SELECT, createTime:-1, grantor:alex, grantorType:USER, grantOption:true), PrivilegeGrantInfo(privilege:UPDATE, createTime:-1, grantor:alex, grantorType:USER, grantOption:true), PrivilegeGrantInfo(privilege:DELETE, createTime:-1, grantor:alex, grantorType:USER, grantOption:true)]}, groupPrivileges:null, rolePrivileges:null), temporary:false, catName:hive, ownerType:USER, writeId:0)	
2024-04-23T20:46:17,344  INFO [main] utils.FileUtils: Creating directory if it doesn't exist: file:/home/alex/Repositories/hive/ql/target/tmp/org.apache.hadoop.hive.ql.TestTxnCommands3-1713930356371/warehouse/acidtblpart
2024-04-23T20:46:17,372  INFO [main] metadata.Hive: Dumping metastore api call timing information for : execution phase
2024-04-23T20:46:17,372  INFO [main] metadata.Hive: Total time spent in each metastore function (ms): {createTable_(Table)=37, isCompatibleWith_(Configuration)=1}
2024-04-23T20:46:17,372  INFO [main] ql.Driver: Completed executing command(queryId=alex_20240423204617_ee39504f-86cc-443c-ba8e-68c96a894c03); Time taken: 0.038 seconds
2024-04-23T20:46:17,373  INFO [main] lockmgr.DbTxnManager: Stopped heartbeat for query: alex_20240423204617_ee39504f-86cc-443c-ba8e-68c96a894c03
2024-04-23T20:46:17,378  INFO [main] txn.TxnHandler: Expected to move at least one record from txn_components to completed_txn_components when committing txn! txnid:8
2024-04-23T20:46:17,385  INFO [main] txn.TxnHandler: Removed transactions: ([8]) from MIN_HISTORY_LEVEL
2024-04-23T20:46:17,386  WARN [main] txn.CompactionTxnHandler: No compaction queue record found for Compaction type transaction commit. txnId:8
2024-04-23T20:46:17,386  INFO [main] ql.TxnCommandsBaseForTests: Running the query: create table nonAcidOrcTbl(a int, b int) clustered by (a) into 2 buckets stored as orc TBLPROPERTIES ('transactional'='false')
2024-04-23T20:46:17,387  INFO [main] ql.Driver: Compiling command(queryId=alex_20240423204617_7298afbe-c243-4389-9d67-ee86fdf7f594): create table nonAcidOrcTbl(a int, b int) clustered by (a) into 2 buckets stored as orc TBLPROPERTIES ('transactional'='false')
2024-04-23T20:46:17,390  INFO [main] txn.TxnHandler: Added entries to MIN_HISTORY_LEVEL for current txns: ([9]) with min_open_txn: 1
2024-04-23T20:46:17,390  INFO [main] lockmgr.DbTxnManager: Opened txnid:9
2024-04-23T20:46:17,391  INFO [main] parse.CalcitePlanner: Starting caching scope for: 
2024-04-23T20:46:17,391  INFO [main] parse.CalcitePlanner: Starting Semantic Analysis
2024-04-23T20:46:17,394  INFO [main] parse.CalcitePlanner: Creating table default.nonAcidOrcTbl position=13
2024-04-23T20:46:17,394  INFO [main] HiveMetaStore.audit: ugi=alex	ip=unknown-ip-addr	cmd=get_database: default	
2024-04-23T20:46:17,396  INFO [main] parse.CalcitePlanner: Ending caching scope for: 
2024-04-23T20:46:17,396  INFO [main] ql.Driver: Semantic Analysis Completed (retrial = false)
2024-04-23T20:46:17,396  INFO [main] ql.Driver: Created Hive schema: Schema(fieldSchemas:null, properties:null)
2024-04-23T20:46:17,396  INFO [main] metadata.Hive: Dumping metastore api call timing information for : compilation phase
2024-04-23T20:46:17,396  INFO [main] metadata.Hive: Total time spent in each metastore function (ms): {getValidTxns_(long)=1, getValidWriteIds_(List, String)=3, commitTxn_(CommitTxnRequest)=13, getDatabase_(String)=2, flushCache_()=0, openTxn_(String, TxnType)=2, isCompatibleWith_(Configuration)=0}
2024-04-23T20:46:17,397  INFO [main] ql.Driver: Completed compiling command(queryId=alex_20240423204617_7298afbe-c243-4389-9d67-ee86fdf7f594); Time taken: 0.009 seconds
2024-04-23T20:46:17,397  INFO [main] lockmgr.DbTxnManager: Setting lock request transaction to txnid:9 for queryId=alex_20240423204617_7298afbe-c243-4389-9d67-ee86fdf7f594
2024-04-23T20:46:17,397  INFO [main] lockmgr.DbLockManager: Requesting lock for queryId=alex_20240423204617_7298afbe-c243-4389-9d67-ee86fdf7f594
2024-04-23T20:46:17,415  INFO [main] lockmgr.DbLockManager: Response to queryId=alex_20240423204617_7298afbe-c243-4389-9d67-ee86fdf7f594 LockResponse(lockid:3, state:ACQUIRED)
2024-04-23T20:46:17,415  INFO [main] ql.Driver: Operation CREATETABLE obtained 1 locks
2024-04-23T20:46:17,416  INFO [main] ql.Driver: Executing command(queryId=alex_20240423204617_7298afbe-c243-4389-9d67-ee86fdf7f594): create table nonAcidOrcTbl(a int, b int) clustered by (a) into 2 buckets stored as orc TBLPROPERTIES ('transactional'='false')
2024-04-23T20:46:17,416  INFO [main] ql.Driver: Starting task [Stage-0:DDL] in serial mode
2024-04-23T20:46:17,417  INFO [main] HiveMetaStore.audit: ugi=alex	ip=unknown-ip-addr	cmd=create_table_req: Table(tableName:nonAcidOrcTbl, dbName:default, owner:alex, createTime:1713930377, lastAccessTime:0, retention:0, sd:StorageDescriptor(cols:[FieldSchema(name:a, type:int, comment:null), FieldSchema(name:b, type:int, comment:null)], location:null, inputFormat:org.apache.hadoop.hive.ql.io.orc.OrcInputFormat, outputFormat:org.apache.hadoop.hive.ql.io.orc.OrcOutputFormat, compressed:false, numBuckets:2, serdeInfo:SerDeInfo(name:null, serializationLib:org.apache.hadoop.hive.ql.io.orc.OrcSerde, parameters:{serialization.format=1}), bucketCols:[a], sortCols:[], parameters:{}, skewedInfo:SkewedInfo(skewedColNames:[], skewedColValues:[], skewedColValueLocationMaps:{}), storedAsSubDirectories:false), partitionKeys:[], parameters:{rawDataSize=0, numRows=0, COLUMN_STATS_ACCURATE={"BASIC_STATS":"true","COLUMN_STATS":{"a":"true","b":"true"}}, numFiles=0, totalSize=0, bucketing_version=2, transactional=false, numFilesErasureCoded=0}, viewOriginalText:null, viewExpandedText:null, tableType:MANAGED_TABLE, privileges:PrincipalPrivilegeSet(userPrivileges:{alex=[PrivilegeGrantInfo(privilege:INSERT, createTime:-1, grantor:alex, grantorType:USER, grantOption:true), PrivilegeGrantInfo(privilege:SELECT, createTime:-1, grantor:alex, grantorType:USER, grantOption:true), PrivilegeGrantInfo(privilege:UPDATE, createTime:-1, grantor:alex, grantorType:USER, grantOption:true), PrivilegeGrantInfo(privilege:DELETE, createTime:-1, grantor:alex, grantorType:USER, grantOption:true)]}, groupPrivileges:null, rolePrivileges:null), temporary:false, catName:hive, ownerType:USER)	
2024-04-23T20:46:17,424  INFO [main] utils.FileUtils: Creating directory if it doesn't exist: file:/home/alex/Repositories/hive/ql/target/tmp/org.apache.hadoop.hive.ql.TestTxnCommands3-1713930356371/warehouse/nonacidorctbl
2024-04-23T20:46:17,454  INFO [main] metadata.Hive: Dumping metastore api call timing information for : execution phase
2024-04-23T20:46:17,454  INFO [main] metadata.Hive: Total time spent in each metastore function (ms): {createTable_(Table)=36, isCompatibleWith_(Configuration)=0}
2024-04-23T20:46:17,454  INFO [main] ql.Driver: Completed executing command(queryId=alex_20240423204617_7298afbe-c243-4389-9d67-ee86fdf7f594); Time taken: 0.038 seconds
2024-04-23T20:46:17,454  INFO [main] lockmgr.DbTxnManager: Stopped heartbeat for query: alex_20240423204617_7298afbe-c243-4389-9d67-ee86fdf7f594
2024-04-23T20:46:17,462  INFO [main] txn.TxnHandler: Expected to move at least one record from txn_components to completed_txn_components when committing txn! txnid:9
2024-04-23T20:46:17,477  INFO [main] txn.TxnHandler: Removed transactions: ([9]) from MIN_HISTORY_LEVEL
2024-04-23T20:46:17,477  WARN [main] txn.CompactionTxnHandler: No compaction queue record found for Compaction type transaction commit. txnId:9
2024-04-23T20:46:17,478  INFO [main] ql.TxnCommandsBaseForTests: Running the query: create table nonAcidOrcTbl2(a int, b int) clustered by (a) into 2 buckets stored as orc TBLPROPERTIES ('transactional'='false')
2024-04-23T20:46:17,479  INFO [main] ql.Driver: Compiling command(queryId=alex_20240423204617_62d101e5-fbdd-4226-9d58-1a0ddf2fe640): create table nonAcidOrcTbl2(a int, b int) clustered by (a) into 2 buckets stored as orc TBLPROPERTIES ('transactional'='false')
2024-04-23T20:46:17,484  INFO [main] txn.TxnHandler: Added entries to MIN_HISTORY_LEVEL for current txns: ([10]) with min_open_txn: 1
2024-04-23T20:46:17,485  INFO [main] lockmgr.DbTxnManager: Opened txnid:10
2024-04-23T20:46:17,486  INFO [main] parse.CalcitePlanner: Starting caching scope for: 
2024-04-23T20:46:17,486  INFO [main] parse.CalcitePlanner: Starting Semantic Analysis
2024-04-23T20:46:17,490  INFO [main] parse.CalcitePlanner: Creating table default.nonAcidOrcTbl2 position=13
2024-04-23T20:46:17,491  INFO [main] HiveMetaStore.audit: ugi=alex	ip=unknown-ip-addr	cmd=get_database: default	
2024-04-23T20:46:17,494  INFO [main] parse.CalcitePlanner: Ending caching scope for: 
2024-04-23T20:46:17,494  INFO [main] ql.Driver: Semantic Analysis Completed (retrial = false)
2024-04-23T20:46:17,494  INFO [main] ql.Driver: Created Hive schema: Schema(fieldSchemas:null, properties:null)
2024-04-23T20:46:17,494  INFO [main] metadata.Hive: Dumping metastore api call timing information for : compilation phase
2024-04-23T20:46:17,495  INFO [main] metadata.Hive: Total time spent in each metastore function (ms): {isCompatibleWith_(Configuration)=2, commitTxn_(CommitTxnRequest)=23, getDatabase_(String)=3, getValidWriteIds_(List, String)=3, openTxn_(String, TxnType)=4, flushCache_()=0, getValidTxns_(long)=1}
2024-04-23T20:46:17,495  INFO [main] ql.Driver: Completed compiling command(queryId=alex_20240423204617_62d101e5-fbdd-4226-9d58-1a0ddf2fe640); Time taken: 0.015 seconds
2024-04-23T20:46:17,495  INFO [main] lockmgr.DbTxnManager: Setting lock request transaction to txnid:10 for queryId=alex_20240423204617_62d101e5-fbdd-4226-9d58-1a0ddf2fe640
2024-04-23T20:46:17,496  INFO [main] lockmgr.DbLockManager: Requesting lock for queryId=alex_20240423204617_62d101e5-fbdd-4226-9d58-1a0ddf2fe640
2024-04-23T20:46:17,526  INFO [main] lockmgr.DbLockManager: Response to queryId=alex_20240423204617_62d101e5-fbdd-4226-9d58-1a0ddf2fe640 LockResponse(lockid:4, state:ACQUIRED)
2024-04-23T20:46:17,526  INFO [main] ql.Driver: Operation CREATETABLE obtained 1 locks
2024-04-23T20:46:17,526  INFO [main] ql.Driver: Executing command(queryId=alex_20240423204617_62d101e5-fbdd-4226-9d58-1a0ddf2fe640): create table nonAcidOrcTbl2(a int, b int) clustered by (a) into 2 buckets stored as orc TBLPROPERTIES ('transactional'='false')
2024-04-23T20:46:17,527  INFO [main] ql.Driver: Starting task [Stage-0:DDL] in serial mode
2024-04-23T20:46:17,529  INFO [main] HiveMetaStore.audit: ugi=alex	ip=unknown-ip-addr	cmd=create_table_req: Table(tableName:nonAcidOrcTbl2, dbName:default, owner:alex, createTime:1713930377, lastAccessTime:0, retention:0, sd:StorageDescriptor(cols:[FieldSchema(name:a, type:int, comment:null), FieldSchema(name:b, type:int, comment:null)], location:null, inputFormat:org.apache.hadoop.hive.ql.io.orc.OrcInputFormat, outputFormat:org.apache.hadoop.hive.ql.io.orc.OrcOutputFormat, compressed:false, numBuckets:2, serdeInfo:SerDeInfo(name:null, serializationLib:org.apache.hadoop.hive.ql.io.orc.OrcSerde, parameters:{serialization.format=1}), bucketCols:[a], sortCols:[], parameters:{}, skewedInfo:SkewedInfo(skewedColNames:[], skewedColValues:[], skewedColValueLocationMaps:{}), storedAsSubDirectories:false), partitionKeys:[], parameters:{numRows=0, bucketing_version=2, rawDataSize=0, numFilesErasureCoded=0, totalSize=0, COLUMN_STATS_ACCURATE={"BASIC_STATS":"true","COLUMN_STATS":{"a":"true","b":"true"}}, numFiles=0, transactional=false}, viewOriginalText:null, viewExpandedText:null, tableType:MANAGED_TABLE, privileges:PrincipalPrivilegeSet(userPrivileges:{alex=[PrivilegeGrantInfo(privilege:INSERT, createTime:-1, grantor:alex, grantorType:USER, grantOption:true), PrivilegeGrantInfo(privilege:SELECT, createTime:-1, grantor:alex, grantorType:USER, grantOption:true), PrivilegeGrantInfo(privilege:UPDATE, createTime:-1, grantor:alex, grantorType:USER, grantOption:true), PrivilegeGrantInfo(privilege:DELETE, createTime:-1, grantor:alex, grantorType:USER, grantOption:true)]}, groupPrivileges:null, rolePrivileges:null), temporary:false, catName:hive, ownerType:USER)	
2024-04-23T20:46:17,541  INFO [main] utils.FileUtils: Creating directory if it doesn't exist: file:/home/alex/Repositories/hive/ql/target/tmp/org.apache.hadoop.hive.ql.TestTxnCommands3-1713930356371/warehouse/nonacidorctbl2
2024-04-23T20:46:17,582  INFO [main] metadata.Hive: Dumping metastore api call timing information for : execution phase
2024-04-23T20:46:17,582  INFO [main] metadata.Hive: Total time spent in each metastore function (ms): {createTable_(Table)=53, isCompatibleWith_(Configuration)=0}
2024-04-23T20:46:17,583  INFO [main] ql.Driver: Completed executing command(queryId=alex_20240423204617_62d101e5-fbdd-4226-9d58-1a0ddf2fe640); Time taken: 0.056 seconds
2024-04-23T20:46:17,583  INFO [main] lockmgr.DbTxnManager: Stopped heartbeat for query: alex_20240423204617_62d101e5-fbdd-4226-9d58-1a0ddf2fe640
2024-04-23T20:46:17,590  INFO [main] txn.TxnHandler: Expected to move at least one record from txn_components to completed_txn_components when committing txn! txnid:10
2024-04-23T20:46:17,602  INFO [main] txn.TxnHandler: Removed transactions: ([10]) from MIN_HISTORY_LEVEL
2024-04-23T20:46:17,602  WARN [main] txn.CompactionTxnHandler: No compaction queue record found for Compaction type transaction commit. txnId:10
2024-04-23T20:46:17,603  INFO [main] ql.TxnCommandsBaseForTests: Running the query: create temporary  table acidTbl2(a int, b int, c int) clustered by (c) into 2 buckets stored as orc TBLPROPERTIES ('transactional'='true')
2024-04-23T20:46:17,606  INFO [main] ql.Driver: Compiling command(queryId=alex_20240423204617_09fd8b1f-9b33-489a-ac6c-4f18e8ac2be7): create temporary  table acidTbl2(a int, b int, c int) clustered by (c) into 2 buckets stored as orc TBLPROPERTIES ('transactional'='true')
2024-04-23T20:46:17,612  INFO [main] txn.TxnHandler: Added entries to MIN_HISTORY_LEVEL for current txns: ([11]) with min_open_txn: 1
2024-04-23T20:46:17,613  INFO [main] lockmgr.DbTxnManager: Opened txnid:11
2024-04-23T20:46:17,614  INFO [main] parse.CalcitePlanner: Starting caching scope for: 
2024-04-23T20:46:17,614  INFO [main] parse.CalcitePlanner: Starting Semantic Analysis
2024-04-23T20:46:17,621  INFO [main] parse.CalcitePlanner: Creating table default.acidTbl2 position=24
2024-04-23T20:46:17,621  INFO [main] HiveMetaStore.audit: ugi=alex	ip=unknown-ip-addr	cmd=get_database: default	
2024-04-23T20:46:17,625  INFO [main] parse.CalcitePlanner: Ending caching scope for: 
2024-04-23T20:46:17,625  INFO [main] ql.Driver: Semantic Analysis Completed (retrial = false)
2024-04-23T20:46:17,625  INFO [main] ql.Driver: Created Hive schema: Schema(fieldSchemas:null, properties:null)
2024-04-23T20:46:17,625  INFO [main] metadata.Hive: Dumping metastore api call timing information for : compilation phase
2024-04-23T20:46:17,625  INFO [main] metadata.Hive: Total time spent in each metastore function (ms): {getValidWriteIds_(List, String)=6, flushCache_()=0, getValidTxns_(long)=1, isCompatibleWith_(Configuration)=0, getDatabase_(String)=4, commitTxn_(CommitTxnRequest)=20, openTxn_(String, TxnType)=4}
2024-04-23T20:46:17,626  INFO [main] ql.Driver: Completed compiling command(queryId=alex_20240423204617_09fd8b1f-9b33-489a-ac6c-4f18e8ac2be7); Time taken: 0.019 seconds
2024-04-23T20:46:17,626  INFO [main] lockmgr.DbTxnManager: Setting lock request transaction to txnid:11 for queryId=alex_20240423204617_09fd8b1f-9b33-489a-ac6c-4f18e8ac2be7
2024-04-23T20:46:17,626  INFO [main] lockmgr.DbLockManager: Requesting lock for queryId=alex_20240423204617_09fd8b1f-9b33-489a-ac6c-4f18e8ac2be7
2024-04-23T20:46:17,654  INFO [main] lockmgr.DbLockManager: Response to queryId=alex_20240423204617_09fd8b1f-9b33-489a-ac6c-4f18e8ac2be7 LockResponse(lockid:5, state:ACQUIRED)
2024-04-23T20:46:17,654  INFO [main] ql.Driver: Operation CREATETABLE obtained 1 locks
2024-04-23T20:46:17,655  INFO [main] ql.Driver: Executing command(queryId=alex_20240423204617_09fd8b1f-9b33-489a-ac6c-4f18e8ac2be7): create temporary  table acidTbl2(a int, b int, c int) clustered by (c) into 2 buckets stored as orc TBLPROPERTIES ('transactional'='true')
2024-04-23T20:46:17,656  INFO [main] ql.Driver: Starting task [Stage-0:DDL] in serial mode
2024-04-23T20:46:17,658  INFO [main] utils.FileUtils: Creating directory if it doesn't exist: file:/home/alex/Repositories/hive/ql/target/tmp/scratchdir/alex/f783be68-9f52-4771-bf1e-af94061c109c/_tmp_space.db/b7f88543-8b20-4f9e-a04b-995940467534
2024-04-23T20:46:17,662  INFO [main] metadata.Hive: Dumping metastore api call timing information for : execution phase
2024-04-23T20:46:17,662  INFO [main] metadata.Hive: Total time spent in each metastore function (ms): {isCompatibleWith_(Configuration)=0, createTable_(Table)=4}
2024-04-23T20:46:17,662  INFO [main] ql.Driver: Completed executing command(queryId=alex_20240423204617_09fd8b1f-9b33-489a-ac6c-4f18e8ac2be7); Time taken: 0.007 seconds
2024-04-23T20:46:17,662  INFO [main] lockmgr.DbTxnManager: Stopped heartbeat for query: alex_20240423204617_09fd8b1f-9b33-489a-ac6c-4f18e8ac2be7
2024-04-23T20:46:17,670  INFO [main] txn.TxnHandler: Expected to move at least one record from txn_components to completed_txn_components when committing txn! txnid:11
2024-04-23T20:46:17,681  INFO [main] txn.TxnHandler: Removed transactions: ([11]) from MIN_HISTORY_LEVEL
2024-04-23T20:46:17,681  WARN [main] txn.CompactionTxnHandler: No compaction queue record found for Compaction type transaction commit. txnId:11
2024-04-23T20:46:17,682  INFO [main] ql.TxnCommandsBaseForTests: Running the query: create table nonAcidNonBucket(a int, b int) stored as orc TBLPROPERTIES ('transactional'='false')
2024-04-23T20:46:17,683  INFO [main] ql.Driver: Compiling command(queryId=alex_20240423204617_665ff7af-40c2-4f55-a272-9a59be401d6d): create table nonAcidNonBucket(a int, b int) stored as orc TBLPROPERTIES ('transactional'='false')
2024-04-23T20:46:17,688  INFO [main] txn.TxnHandler: Added entries to MIN_HISTORY_LEVEL for current txns: ([12]) with min_open_txn: 1
2024-04-23T20:46:17,688  INFO [main] lockmgr.DbTxnManager: Opened txnid:12
2024-04-23T20:46:17,689  INFO [main] parse.CalcitePlanner: Starting caching scope for: 
2024-04-23T20:46:17,689  INFO [main] parse.CalcitePlanner: Starting Semantic Analysis
2024-04-23T20:46:17,694  INFO [main] parse.CalcitePlanner: Creating table default.nonAcidNonBucket position=13
2024-04-23T20:46:17,694  INFO [main] HiveMetaStore.audit: ugi=alex	ip=unknown-ip-addr	cmd=get_database: default	
2024-04-23T20:46:17,698  INFO [main] parse.CalcitePlanner: Ending caching scope for: 
2024-04-23T20:46:17,698  INFO [main] ql.Driver: Semantic Analysis Completed (retrial = false)
2024-04-23T20:46:17,698  INFO [main] ql.Driver: Created Hive schema: Schema(fieldSchemas:null, properties:null)
2024-04-23T20:46:17,698  INFO [main] metadata.Hive: Dumping metastore api call timing information for : compilation phase
2024-04-23T20:46:17,698  INFO [main] metadata.Hive: Total time spent in each metastore function (ms): {openTxn_(String, TxnType)=4, commitTxn_(CommitTxnRequest)=19, getValidWriteIds_(List, String)=4, isCompatibleWith_(Configuration)=1, getDatabase_(String)=4, getValidTxns_(long)=1, flushCache_()=0}
2024-04-23T20:46:17,699  INFO [main] ql.Driver: Completed compiling command(queryId=alex_20240423204617_665ff7af-40c2-4f55-a272-9a59be401d6d); Time taken: 0.015 seconds
2024-04-23T20:46:17,699  INFO [main] lockmgr.DbTxnManager: Setting lock request transaction to txnid:12 for queryId=alex_20240423204617_665ff7af-40c2-4f55-a272-9a59be401d6d
2024-04-23T20:46:17,700  INFO [main] lockmgr.DbLockManager: Requesting lock for queryId=alex_20240423204617_665ff7af-40c2-4f55-a272-9a59be401d6d
2024-04-23T20:46:17,730  INFO [main] lockmgr.DbLockManager: Response to queryId=alex_20240423204617_665ff7af-40c2-4f55-a272-9a59be401d6d LockResponse(lockid:6, state:ACQUIRED)
2024-04-23T20:46:17,731  INFO [main] ql.Driver: Operation CREATETABLE obtained 1 locks
2024-04-23T20:46:17,731  INFO [main] ql.Driver: Executing command(queryId=alex_20240423204617_665ff7af-40c2-4f55-a272-9a59be401d6d): create table nonAcidNonBucket(a int, b int) stored as orc TBLPROPERTIES ('transactional'='false')
2024-04-23T20:46:17,731  INFO [main] ql.Driver: Starting task [Stage-0:DDL] in serial mode
2024-04-23T20:46:17,733  INFO [main] HiveMetaStore.audit: ugi=alex	ip=unknown-ip-addr	cmd=create_table_req: Table(tableName:nonAcidNonBucket, dbName:default, owner:alex, createTime:1713930377, lastAccessTime:0, retention:0, sd:StorageDescriptor(cols:[FieldSchema(name:a, type:int, comment:null), FieldSchema(name:b, type:int, comment:null)], location:null, inputFormat:org.apache.hadoop.hive.ql.io.orc.OrcInputFormat, outputFormat:org.apache.hadoop.hive.ql.io.orc.OrcOutputFormat, compressed:false, numBuckets:-1, serdeInfo:SerDeInfo(name:null, serializationLib:org.apache.hadoop.hive.ql.io.orc.OrcSerde, parameters:{serialization.format=1}), bucketCols:[], sortCols:[], parameters:{}, skewedInfo:SkewedInfo(skewedColNames:[], skewedColValues:[], skewedColValueLocationMaps:{}), storedAsSubDirectories:false), partitionKeys:[], parameters:{bucketing_version=2, numFiles=0, COLUMN_STATS_ACCURATE={"BASIC_STATS":"true","COLUMN_STATS":{"a":"true","b":"true"}}, rawDataSize=0, totalSize=0, numFilesErasureCoded=0, transactional=false, numRows=0}, viewOriginalText:null, viewExpandedText:null, tableType:MANAGED_TABLE, privileges:PrincipalPrivilegeSet(userPrivileges:{alex=[PrivilegeGrantInfo(privilege:INSERT, createTime:-1, grantor:alex, grantorType:USER, grantOption:true), PrivilegeGrantInfo(privilege:SELECT, createTime:-1, grantor:alex, grantorType:USER, grantOption:true), PrivilegeGrantInfo(privilege:UPDATE, createTime:-1, grantor:alex, grantorType:USER, grantOption:true), PrivilegeGrantInfo(privilege:DELETE, createTime:-1, grantor:alex, grantorType:USER, grantOption:true)]}, groupPrivileges:null, rolePrivileges:null), temporary:false, catName:hive, ownerType:USER)	
2024-04-23T20:46:17,745  INFO [main] utils.FileUtils: Creating directory if it doesn't exist: file:/home/alex/Repositories/hive/ql/target/tmp/org.apache.hadoop.hive.ql.TestTxnCommands3-1713930356371/warehouse/nonacidnonbucket
2024-04-23T20:46:17,775  INFO [main] metadata.Hive: Dumping metastore api call timing information for : execution phase
2024-04-23T20:46:17,775  INFO [main] metadata.Hive: Total time spent in each metastore function (ms): {createTable_(Table)=42, isCompatibleWith_(Configuration)=0}
2024-04-23T20:46:17,775  INFO [main] ql.Driver: Completed executing command(queryId=alex_20240423204617_665ff7af-40c2-4f55-a272-9a59be401d6d); Time taken: 0.043 seconds
2024-04-23T20:46:17,775  INFO [main] lockmgr.DbTxnManager: Stopped heartbeat for query: alex_20240423204617_665ff7af-40c2-4f55-a272-9a59be401d6d
2024-04-23T20:46:17,781  INFO [main] txn.TxnHandler: Expected to move at least one record from txn_components to completed_txn_components when committing txn! txnid:12
2024-04-23T20:46:17,792  INFO [main] txn.TxnHandler: Removed transactions: ([12]) from MIN_HISTORY_LEVEL
2024-04-23T20:46:17,792  WARN [main] txn.CompactionTxnHandler: No compaction queue record found for Compaction type transaction commit. txnId:12
2024-04-23T20:46:17,793  INFO [main] ql.Driver: Compiling command(queryId=alex_20240423204617_57a46cae-a931-4c53-8cb0-297d5796b7b0): drop table if exists T
2024-04-23T20:46:17,797  INFO [main] txn.TxnHandler: Added entries to MIN_HISTORY_LEVEL for current txns: ([13]) with min_open_txn: 1
2024-04-23T20:46:17,798  INFO [main] lockmgr.DbTxnManager: Opened txnid:13
2024-04-23T20:46:17,799  INFO [main] HiveMetaStore.audit: ugi=alex	ip=unknown-ip-addr	cmd=get_table : tbl=hive.default.T	
2024-04-23T20:46:17,804  INFO [main] ql.Driver: Semantic Analysis Completed (retrial = false)
2024-04-23T20:46:17,804  INFO [main] ql.Driver: Created Hive schema: Schema(fieldSchemas:null, properties:null)
2024-04-23T20:46:17,805  INFO [main] metadata.Hive: Dumping metastore api call timing information for : compilation phase
2024-04-23T20:46:17,805  INFO [main] metadata.Hive: Total time spent in each metastore function (ms): {getValidTxns_(long)=1, isCompatibleWith_(Configuration)=0, openTxn_(String, TxnType)=4, flushCache_()=0, commitTxn_(CommitTxnRequest)=17}
2024-04-23T20:46:17,805  INFO [main] ql.Driver: Completed compiling command(queryId=alex_20240423204617_57a46cae-a931-4c53-8cb0-297d5796b7b0); Time taken: 0.012 seconds
2024-04-23T20:46:17,805  INFO [main] lockmgr.DbTxnManager: Setting lock request transaction to txnid:13 for queryId=alex_20240423204617_57a46cae-a931-4c53-8cb0-297d5796b7b0
2024-04-23T20:46:17,805  INFO [main] ql.Driver: Operation DROPTABLE obtained 0 locks
2024-04-23T20:46:17,805  INFO [main] ql.Driver: Executing command(queryId=alex_20240423204617_57a46cae-a931-4c53-8cb0-297d5796b7b0): drop table if exists T
2024-04-23T20:46:17,806  INFO [main] ql.Driver: Starting task [Stage-0:DDL] in serial mode
2024-04-23T20:46:17,806  INFO [main] HiveMetaStore.audit: ugi=alex	ip=unknown-ip-addr	cmd=get_table : tbl=hive.default.T	
2024-04-23T20:46:17,811  INFO [main] metadata.Hive: Dumping metastore api call timing information for : execution phase
2024-04-23T20:46:17,811  INFO [main] metadata.Hive: Total time spent in each metastore function (ms): {isCompatibleWith_(Configuration)=0}
2024-04-23T20:46:17,812  INFO [main] ql.Driver: Completed executing command(queryId=alex_20240423204617_57a46cae-a931-4c53-8cb0-297d5796b7b0); Time taken: 0.006 seconds
2024-04-23T20:46:17,812  INFO [main] lockmgr.DbTxnManager: Stopped heartbeat for query: alex_20240423204617_57a46cae-a931-4c53-8cb0-297d5796b7b0
2024-04-23T20:46:17,821  INFO [main] txn.TxnHandler: Expected to move at least one record from txn_components to completed_txn_components when committing txn! txnid:13
2024-04-23T20:46:17,831  INFO [main] txn.TxnHandler: Removed transactions: ([13]) from MIN_HISTORY_LEVEL
2024-04-23T20:46:17,831  WARN [main] txn.CompactionTxnHandler: No compaction queue record found for Compaction type transaction commit. txnId:13
2024-04-23T20:46:17,832  INFO [main] ql.TxnCommandsBaseForTests: Running the query: create transactional table T(a int, b int) stored as orc
2024-04-23T20:46:17,833  INFO [main] ql.Driver: Compiling command(queryId=alex_20240423204617_bc211327-4178-46cc-9fa3-89e13cd3a558): create transactional table T(a int, b int) stored as orc
2024-04-23T20:46:17,837  INFO [main] txn.TxnHandler: Added entries to MIN_HISTORY_LEVEL for current txns: ([14]) with min_open_txn: 1
2024-04-23T20:46:17,837  INFO [main] lockmgr.DbTxnManager: Opened txnid:14
2024-04-23T20:46:17,838  INFO [main] parse.CalcitePlanner: Starting caching scope for: 
2024-04-23T20:46:17,838  INFO [main] parse.CalcitePlanner: Starting Semantic Analysis
2024-04-23T20:46:17,848  INFO [main] parse.CalcitePlanner: Creating table default.T position=27
2024-04-23T20:46:17,848  INFO [main] parse.CalcitePlanner: Automatically chose to make default.T acid.
2024-04-23T20:46:17,848  INFO [main] HiveMetaStore.audit: ugi=alex	ip=unknown-ip-addr	cmd=get_database: default	
2024-04-23T20:46:17,851  INFO [main] parse.CalcitePlanner: Ending caching scope for: 
2024-04-23T20:46:17,852  INFO [main] ql.Driver: Semantic Analysis Completed (retrial = false)
2024-04-23T20:46:17,852  INFO [main] ql.Driver: Created Hive schema: Schema(fieldSchemas:null, properties:null)
2024-04-23T20:46:17,852  INFO [main] metadata.Hive: Dumping metastore api call timing information for : compilation phase
2024-04-23T20:46:17,852  INFO [main] metadata.Hive: Total time spent in each metastore function (ms): {flushCache_()=0, getValidTxns_(long)=1, getDatabase_(String)=3, isCompatibleWith_(Configuration)=0, commitTxn_(CommitTxnRequest)=20, openTxn_(String, TxnType)=3, getValidWriteIds_(List, String)=10}
2024-04-23T20:46:17,852  INFO [main] ql.Driver: Completed compiling command(queryId=alex_20240423204617_bc211327-4178-46cc-9fa3-89e13cd3a558); Time taken: 0.019 seconds
2024-04-23T20:46:17,853  INFO [main] lockmgr.DbTxnManager: Setting lock request transaction to txnid:14 for queryId=alex_20240423204617_bc211327-4178-46cc-9fa3-89e13cd3a558
2024-04-23T20:46:17,853  INFO [main] lockmgr.DbLockManager: Requesting lock for queryId=alex_20240423204617_bc211327-4178-46cc-9fa3-89e13cd3a558
2024-04-23T20:46:17,887  INFO [main] lockmgr.DbLockManager: Response to queryId=alex_20240423204617_bc211327-4178-46cc-9fa3-89e13cd3a558 LockResponse(lockid:7, state:ACQUIRED)
2024-04-23T20:46:17,887  INFO [main] ql.Driver: Operation CREATETABLE obtained 1 locks
2024-04-23T20:46:17,889  INFO [main] ql.Driver: Executing command(queryId=alex_20240423204617_bc211327-4178-46cc-9fa3-89e13cd3a558): create transactional table T(a int, b int) stored as orc
2024-04-23T20:46:17,889  INFO [main] ql.Driver: Starting task [Stage-0:DDL] in serial mode
2024-04-23T20:46:17,891  INFO [main] HiveMetaStore.audit: ugi=alex	ip=unknown-ip-addr	cmd=create_table_req: Table(tableName:T, dbName:default, owner:alex, createTime:1713930377, lastAccessTime:0, retention:0, sd:StorageDescriptor(cols:[FieldSchema(name:a, type:int, comment:null), FieldSchema(name:b, type:int, comment:null)], location:null, inputFormat:org.apache.hadoop.hive.ql.io.orc.OrcInputFormat, outputFormat:org.apache.hadoop.hive.ql.io.orc.OrcOutputFormat, compressed:false, numBuckets:-1, serdeInfo:SerDeInfo(name:null, serializationLib:org.apache.hadoop.hive.ql.io.orc.OrcSerde, parameters:{serialization.format=1}), bucketCols:[], sortCols:[], parameters:{}, skewedInfo:SkewedInfo(skewedColNames:[], skewedColValues:[], skewedColValueLocationMaps:{}), storedAsSubDirectories:false), partitionKeys:[], parameters:{numRows=0, transactional=true, rawDataSize=0, numFilesErasureCoded=0, COLUMN_STATS_ACCURATE={"BASIC_STATS":"true","COLUMN_STATS":{"a":"true","b":"true"}}, transactional_properties=default, totalSize=0, numFiles=0, bucketing_version=2}, viewOriginalText:null, viewExpandedText:null, tableType:MANAGED_TABLE, privileges:PrincipalPrivilegeSet(userPrivileges:{alex=[PrivilegeGrantInfo(privilege:INSERT, createTime:-1, grantor:alex, grantorType:USER, grantOption:true), PrivilegeGrantInfo(privilege:SELECT, createTime:-1, grantor:alex, grantorType:USER, grantOption:true), PrivilegeGrantInfo(privilege:UPDATE, createTime:-1, grantor:alex, grantorType:USER, grantOption:true), PrivilegeGrantInfo(privilege:DELETE, createTime:-1, grantor:alex, grantorType:USER, grantOption:true)]}, groupPrivileges:null, rolePrivileges:null), temporary:false, catName:hive, ownerType:USER, writeId:0)	
2024-04-23T20:46:17,902  INFO [main] utils.FileUtils: Creating directory if it doesn't exist: file:/home/alex/Repositories/hive/ql/target/tmp/org.apache.hadoop.hive.ql.TestTxnCommands3-1713930356371/warehouse/t
2024-04-23T20:46:17,960  INFO [main] metadata.Hive: Dumping metastore api call timing information for : execution phase
2024-04-23T20:46:17,961  INFO [main] metadata.Hive: Total time spent in each metastore function (ms): {createTable_(Table)=70, isCompatibleWith_(Configuration)=0}
2024-04-23T20:46:17,961  INFO [main] ql.Driver: Completed executing command(queryId=alex_20240423204617_bc211327-4178-46cc-9fa3-89e13cd3a558); Time taken: 0.071 seconds
2024-04-23T20:46:17,961  INFO [main] lockmgr.DbTxnManager: Stopped heartbeat for query: alex_20240423204617_bc211327-4178-46cc-9fa3-89e13cd3a558
2024-04-23T20:46:17,967  INFO [main] txn.TxnHandler: Expected to move at least one record from txn_components to completed_txn_components when committing txn! txnid:14
2024-04-23T20:46:17,978  INFO [main] txn.TxnHandler: Removed transactions: ([14]) from MIN_HISTORY_LEVEL
2024-04-23T20:46:17,978  WARN [main] txn.CompactionTxnHandler: No compaction queue record found for Compaction type transaction commit. txnId:14
2024-04-23T20:46:17,980  INFO [main] ql.TxnCommandsBaseForTests: Running the query: insert into T values(1,2),(4,5)
2024-04-23T20:46:17,980  INFO [main] ql.Driver: Compiling command(queryId=alex_20240423204617_be13352e-d0a2-46fe-931c-cfda8f7c2aea): insert into T values(1,2),(4,5)
2024-04-23T20:46:17,985  INFO [main] txn.TxnHandler: Added entries to MIN_HISTORY_LEVEL for current txns: ([15]) with min_open_txn: 1
2024-04-23T20:46:17,985  INFO [main] lockmgr.DbTxnManager: Opened txnid:15
2024-04-23T20:46:17,987  INFO [main] parse.CalcitePlanner: Starting caching scope for: 
2024-04-23T20:46:17,987  INFO [main] parse.CalcitePlanner: Starting Semantic Analysis
2024-04-23T20:46:17,992  INFO [main] HiveMetaStore.audit: ugi=alex	ip=unknown-ip-addr	cmd=get_table : tbl=hive.default.T	
2024-04-23T20:46:18,028  INFO [main] metastore.HMSHandler: Skipping translation for processor with null
2024-04-23T20:46:18,029  INFO [main] parse.CalcitePlanner: Completed phase 1 of Semantic Analysis
2024-04-23T20:46:18,029  INFO [main] parse.CalcitePlanner: Get metadata for source tables
2024-04-23T20:46:18,029  INFO [main] parse.CalcitePlanner: Get metadata for subqueries
2024-04-23T20:46:18,029  INFO [main] parse.CalcitePlanner: Get metadata for destination tables
2024-04-23T20:46:18,029  INFO [main] HiveMetaStore.audit: ugi=alex	ip=unknown-ip-addr	cmd=get_table : tbl=hive.default.T	
2024-04-23T20:46:18,043  INFO [main] metastore.HMSHandler: Skipping translation for processor with null
2024-04-23T20:46:18,044  INFO [main] parse.CalcitePlanner: Completed getting MetaData in Semantic Analysis
2024-04-23T20:46:18,044  INFO [main] parse.CalcitePlanner: Disabling LLAP IO encode as ETL query is detected
2024-04-23T20:46:18,076  INFO [main] HiveMetaStore.audit: ugi=alex	ip=unknown-ip-addr	cmd=get_all_table_constraints : tbl=hive._dummy_database._dummy_table	
2024-04-23T20:46:18,188  INFO [main] parse.CalcitePlanner: Get metadata for source tables
2024-04-23T20:46:18,188  INFO [main] parse.CalcitePlanner: Get metadata for subqueries
2024-04-23T20:46:18,188  INFO [main] parse.CalcitePlanner: Get metadata for source tables
2024-04-23T20:46:18,189  INFO [main] HiveMetaStore.audit: ugi=alex	ip=unknown-ip-addr	cmd=get_table : tbl=hive._dummy_database._dummy_table	
2024-04-23T20:46:18,193  INFO [main] parse.CalcitePlanner: Get metadata for subqueries
2024-04-23T20:46:18,193  INFO [main] parse.CalcitePlanner: Get metadata for destination tables
2024-04-23T20:46:18,193  INFO [main] parse.CalcitePlanner: Get metadata for destination tables
2024-04-23T20:46:18,194  INFO [main] HiveMetaStore.audit: ugi=alex	ip=unknown-ip-addr	cmd=get_table : tbl=hive.default.T	
2024-04-23T20:46:18,204  INFO [main] metastore.HMSHandler: Skipping translation for processor with null
2024-04-23T20:46:18,207  INFO [main] HiveMetaStore.audit: ugi=alex	ip=unknown-ip-addr	cmd=get_not_null_constraints : tbl=hive.default.t	
2024-04-23T20:46:18,209  INFO [main] HiveMetaStore.audit: ugi=alex	ip=unknown-ip-addr	cmd=get_check_constraints : tbl=hive.default.t	
2024-04-23T20:46:18,223  INFO [main] txn.TxnHandler: Allocated writeId: 1 for txnId: 15
2024-04-23T20:46:18,223  INFO [main] txn.TxnHandler: Allocated write ids for dbName=default, tblName=t (txnIds: [15])
2024-04-23T20:46:18,224  INFO [main] parse.CalcitePlanner: CBO Succeeded; optimized logical plan.
2024-04-23T20:46:18,230  INFO [main] optimizer.BucketVersionPopulator: not considering bucketingVersion for: TS[0] because it has -1<2 buckets 
2024-04-23T20:46:18,231  INFO [main] optimizer.SortedDynPartitionOptimizer: Sorted dynamic partitioning optimization kicked in..
2024-04-23T20:46:18,241  INFO [main] HiveMetaStore.audit: ugi=alex	ip=unknown-ip-addr	cmd=get_table : tbl=hive.default.t	
2024-04-23T20:46:18,251  INFO [main] metastore.HMSHandler: Skipping translation for processor with null
2024-04-23T20:46:18,252  INFO [main] physical.Vectorizer: Examining input format to see if vectorization is enabled.
2024-04-23T20:46:18,252  INFO [main] physical.Vectorizer: Map vectorization enabled: false
2024-04-23T20:46:18,252  INFO [main] physical.Vectorizer: Map vectorized: false
2024-04-23T20:46:18,252  INFO [main] physical.Vectorizer: Map vectorizedVertexNum: 0
2024-04-23T20:46:18,252  INFO [main] physical.Vectorizer: Map enabledConditionsMet: [hive.vectorized.use.vectorized.input.format IS true]
2024-04-23T20:46:18,252  INFO [main] physical.Vectorizer: Map enabledConditionsNotMet: [Could not enable vectorization due to partition column names size 1 is greater than the number of table column names size 0 IS false]
2024-04-23T20:46:18,253  INFO [main] physical.Vectorizer: Map inputFileFormatClassNameSet: [org.apache.hadoop.hive.ql.io.NullRowsInputFormat]
2024-04-23T20:46:18,253  INFO [main] parse.CalcitePlanner: Completed plan generation
2024-04-23T20:46:18,253  INFO [main] parse.CalcitePlanner: Ending caching scope for: 
2024-04-23T20:46:18,253  INFO [main] ql.Driver: Semantic Analysis Completed (retrial = false)
2024-04-23T20:46:18,253  INFO [main] ql.Driver: Created Hive schema: Schema(fieldSchemas:[FieldSchema(name:col1, type:int, comment:null), FieldSchema(name:col2, type:int, comment:null)], properties:null)
2024-04-23T20:46:18,253  INFO [main] metadata.Hive: Dumping metastore api call timing information for : compilation phase
2024-04-23T20:46:18,253  INFO [main] metadata.Hive: Total time spent in each metastore function (ms): {commitTxn_(CommitTxnRequest)=18, getAllTableConstraints_(AllTableConstraintsRequest)=52, getTable_(GetTableRequest)=73, getCheckConstraints_(CheckConstraintsRequest)=1, getNotNullConstraints_(NotNullConstraintsRequest)=2, getValidTxns_(long)=0, allocateTableWriteId_(long, String, String)=14, isCompatibleWith_(Configuration)=1, getValidWriteIds_(List, String)=6, flushCache_()=0, openTxn_(String, TxnType)=3}
2024-04-23T20:46:18,253  INFO [main] ql.Driver: Completed compiling command(queryId=alex_20240423204617_be13352e-d0a2-46fe-931c-cfda8f7c2aea); Time taken: 0.273 seconds
2024-04-23T20:46:18,254  INFO [main] lockmgr.DbTxnManager: Setting lock request transaction to txnid:15 for queryId=alex_20240423204617_be13352e-d0a2-46fe-931c-cfda8f7c2aea
2024-04-23T20:46:18,254  INFO [main] lockmgr.DbLockManager: Requesting lock for queryId=alex_20240423204617_be13352e-d0a2-46fe-931c-cfda8f7c2aea
2024-04-23T20:46:18,277  INFO [main] lockmgr.DbLockManager: Response to queryId=alex_20240423204617_be13352e-d0a2-46fe-931c-cfda8f7c2aea LockResponse(lockid:8, state:ACQUIRED)
2024-04-23T20:46:18,277  INFO [main] ql.Driver: Operation QUERY obtained 1 locks
2024-04-23T20:46:18,280  INFO [main] ql.Driver: Executing command(queryId=alex_20240423204617_be13352e-d0a2-46fe-931c-cfda8f7c2aea): insert into T values(1,2),(4,5)
2024-04-23T20:46:18,280  WARN [main] ql.Driver: Hive-on-MR is deprecated in Hive 2 and may not be available in the future versions. Consider using a different execution engine (i.e. tez, spark) or using Hive 1.X releases.
Query ID = alex_20240423204617_be13352e-d0a2-46fe-931c-cfda8f7c2aea
2024-04-23T20:46:18,280  INFO [main] ql.Driver: Query ID = alex_20240423204617_be13352e-d0a2-46fe-931c-cfda8f7c2aea
Total jobs = 1
2024-04-23T20:46:18,280  INFO [main] ql.Driver: Total jobs = 1
Launching Job 1 out of 1
2024-04-23T20:46:18,281  INFO [main] ql.Driver: Launching Job 1 out of 1
2024-04-23T20:46:18,481  INFO [main] ql.Driver: Starting task [Stage-1:MAPRED] in serial mode
Number of reduce tasks is set to 0 since there's no reduce operator
2024-04-23T20:46:18,481  INFO [main] exec.Task: Number of reduce tasks is set to 0 since there's no reduce operator
2024-04-23T20:46:18,484  INFO [main] mr.ExecDriver: Using org.apache.hadoop.hive.ql.io.HiveInputFormat
2024-04-23T20:46:18,484  INFO [main] exec.Utilities: Processing alias $hdt$_0:_dummy_table
2024-04-23T20:46:18,484  INFO [main] exec.Utilities: Adding 1 inputs; the first input is file:/home/alex/Repositories/hive/ql/target/tmp/localscratchdir/f783be68-9f52-4771-bf1e-af94061c109c/hive_2024-04-23_20-46-17_980_2856017004874505520-1/dummy_path
2024-04-23T20:46:18,494  INFO [main] exec.SerializationUtilities: Serializing MapWork using kryo
2024-04-23T20:46:18,495  INFO [main] exec.Utilities: Serialized plan (via FILE) - name: null size: 5,71KB
2024-04-23T20:46:18,496  WARN [main] impl.MetricsSystemImpl: JobTracker metrics system already initialized!
2024-04-23T20:46:18,501  INFO [main] fs.FSStatsPublisher: created : file:/home/alex/Repositories/hive/ql/target/tmp/localscratchdir/f783be68-9f52-4771-bf1e-af94061c109c/hive_2024-04-23_20-46-17_980_2856017004874505520-1/-mr-10000
2024-04-23T20:46:18,503  WARN [main] impl.MetricsSystemImpl: JobTracker metrics system already initialized!
2024-04-23T20:46:18,511  WARN [main] mapreduce.JobResourceUploader: Hadoop command-line option parsing not performed. Implement the Tool interface and execute your application with ToolRunner to remedy this.
2024-04-23T20:46:18,516  WARN [main] mapreduce.JobResourceUploader: No job jar file set.  User classes may not be found. See Job or Job#setJar(String).
2024-04-23T20:46:18,517  INFO [main] io.HiveInputFormat: hive.io.file.readcolumn.ids = 
2024-04-23T20:46:18,517  INFO [main] io.HiveInputFormat: hive.io.file.readcolumn.names = 
2024-04-23T20:46:18,517  INFO [main] io.HiveInputFormat: Generating splits for dirs: file:/home/alex/Repositories/hive/ql/target/tmp/localscratchdir/f783be68-9f52-4771-bf1e-af94061c109c/hive_2024-04-23_20-46-17_980_2856017004874505520-1/dummy_path
2024-04-23T20:46:18,517  INFO [main] io.HiveInputFormat: number of splits 1
2024-04-23T20:46:18,537  INFO [main] mapreduce.JobSubmitter: number of splits:1
2024-04-23T20:46:18,559  INFO [main] mapreduce.JobSubmitter: Submitting tokens for job: job_local1904376614_0005
2024-04-23T20:46:18,559  INFO [main] mapreduce.JobSubmitter: Executing with tokens: []
2024-04-23T20:46:18,670  INFO [main] mapreduce.Job: The url to track the job: http://localhost:8080/
Job running in-process (local Hadoop)
2024-04-23T20:46:18,670  INFO [main] exec.Task: Job running in-process (local Hadoop)
2024-04-23T20:46:18,671  INFO [Thread-406] mapred.LocalJobRunner: OutputCommitter set in config org.apache.hadoop.hive.ql.io.HiveFileFormatUtils$NullOutputCommitter
2024-04-23T20:46:18,671  INFO [Thread-406] mapred.LocalJobRunner: OutputCommitter is org.apache.hadoop.hive.ql.io.HiveFileFormatUtils$NullOutputCommitter
2024-04-23T20:46:18,673  INFO [Thread-406] mapred.LocalJobRunner: Waiting for map tasks
2024-04-23T20:46:18,673  INFO [LocalJobRunner Map Task Executor #0] mapred.LocalJobRunner: Starting task: attempt_local1904376614_0005_m_000000_0
2024-04-23T20:46:18,677  INFO [LocalJobRunner Map Task Executor #0] mapred.Task:  Using ResourceCalculatorProcessTree : [ ]
2024-04-23T20:46:18,677  INFO [LocalJobRunner Map Task Executor #0] mapred.MapTask: Processing split: org.apache.hadoop.hive.ql.io.NullRowsInputFormat:file:/home/alex/Repositories/hive/ql/target/tmp/localscratchdir/f783be68-9f52-4771-bf1e-af94061c109c/hive_2024-04-23_20-46-17_980_2856017004874505520-1/dummy_path/null:0+1
2024-04-23T20:46:18,680  INFO [LocalJobRunner Map Task Executor #0] exec.SerializationUtilities: Deserializing MapWork using kryo
2024-04-23T20:46:18,681  INFO [LocalJobRunner Map Task Executor #0] exec.Utilities: Deserialized plan (via FILE) - name: null size: 5,71KB
2024-04-23T20:46:18,681  INFO [LocalJobRunner Map Task Executor #0] mapred.MapTask: numReduceTasks: 0
2024-04-23T20:46:18,685  INFO [LocalJobRunner Map Task Executor #0] exec.MapOperator: Initializing Operator: MAP[0]
2024-04-23T20:46:18,685  INFO [LocalJobRunner Map Task Executor #0] mr.ExecMapper: 
<MAP>Id =0
  <Children>null
  <\Children>
  <Parent><\Parent>
<\MAP>
2024-04-23T20:46:18,686  INFO [LocalJobRunner Map Task Executor #0] exec.TableScanOperator: Initializing Operator: TS[0]
2024-04-23T20:46:18,686  INFO [LocalJobRunner Map Task Executor #0] exec.SelectOperator: Initializing Operator: SEL[1]
2024-04-23T20:46:18,686  INFO [LocalJobRunner Map Task Executor #0] exec.SelectOperator: SELECT null
2024-04-23T20:46:18,687  INFO [LocalJobRunner Map Task Executor #0] exec.UDTFOperator: Initializing Operator: UDTF[2]
2024-04-23T20:46:18,687  INFO [LocalJobRunner Map Task Executor #0] exec.SelectOperator: Initializing Operator: SEL[3]
2024-04-23T20:46:18,687  INFO [LocalJobRunner Map Task Executor #0] exec.SelectOperator: SELECT struct<col1:int,col2:int>
2024-04-23T20:46:18,687  INFO [LocalJobRunner Map Task Executor #0] exec.FileSinkOperator: Initializing Operator: FS[4]
2024-04-23T20:46:18,687  INFO [LocalJobRunner Map Task Executor #0] exec.FileSinkOperator: Using serializer : AbstractSerDe [log=org.apache.logging.slf4j.Log4jLogger@7210f038, configuration=Optional[Configuration: core-default.xml, core-site.xml, mapred-default.xml, mapred-site.xml, yarn-default.xml, yarn-site.xml, hdfs-default.xml, hdfs-site.xml, file:/home/alex/Repositories/hive/ql/target/tmp/TestTxnCommands3/mapred/local/localRunner/alex/job_local1904376614_0005/job_local1904376614_0005.xml], properties={transactional_properties=default, name=default.t, transactional=true, columns.types=int:int, columns=a,b, numFilesErasureCoded=0, columns.comments=&amp#0;, bucketing_version=2, serialization.lib=org.apache.hadoop.hive.ql.io.orc.OrcSerde, file.inputformat=org.apache.hadoop.hive.ql.io.orc.OrcInputFormat, file.outputformat=org.apache.hadoop.hive.ql.io.orc.OrcOutputFormat, location=file:/home/alex/Repositories/hive/ql/target/tmp/org.apache.hadoop.hive.ql.TestTxnCommands3-1713930356371/warehouse/t, column.name.delimiter=,}, tableProperties={transactional_properties=default, name=default.t, transactional=true, columns.types=int:int, columns=a,b, numFilesErasureCoded=0, columns.comments=&amp#0;, bucketing_version=2, serialization.lib=org.apache.hadoop.hive.ql.io.orc.OrcSerde, file.inputformat=org.apache.hadoop.hive.ql.io.orc.OrcInputFormat, location=file:/home/alex/Repositories/hive/ql/target/tmp/org.apache.hadoop.hive.ql.TestTxnCommands3-1713930356371/warehouse/t, file.outputformat=org.apache.hadoop.hive.ql.io.orc.OrcOutputFormat, column.name.delimiter=,}, partitionProperties=Optional.empty, columnNames=[a, b], columnTypes=[int, int], getClass()=class org.apache.hadoop.hive.ql.io.orc.OrcSerde] and formatter : org.apache.hadoop.hive.ql.io.orc.OrcOutputFormat@345e51d1
2024-04-23T20:46:18,688  INFO [LocalJobRunner Map Task Executor #0] exec.FileSinkOperator: Final Path: FS file:/home/alex/Repositories/hive/ql/target/tmp/org.apache.hadoop.hive.ql.TestTxnCommands3-1713930356371/warehouse/t
2024-04-23T20:46:18,688  INFO [LocalJobRunner Map Task Executor #0] exec.FileSinkOperator: New Final Path: FS file:/home/alex/Repositories/hive/ql/target/tmp/org.apache.hadoop.hive.ql.TestTxnCommands3-1713930356371/warehouse/t
2024-04-23T20:46:18,688  INFO [LocalJobRunner Map Task Executor #0] common.FileUtils: Creating directory if it doesn't exist: file:/home/alex/Repositories/hive/ql/target/tmp/org.apache.hadoop.hive.ql.TestTxnCommands3-1713930356371/warehouse
2024-04-23T20:46:18,691  INFO [LocalJobRunner Map Task Executor #0] exec.FileSinkOperator: FS[4]: records written - 1
2024-04-23T20:46:18,691  INFO [LocalJobRunner Map Task Executor #0] impl.PhysicalFsWriter: ORC writer created for path: file:/home/alex/Repositories/hive/ql/target/tmp/org.apache.hadoop.hive.ql.TestTxnCommands3-1713930356371/warehouse/t/delta_0000001_0000001_0000/bucket_00000_0 with stripeSize: 8388608 blockSize: 268435456 compression: Compress: ZLIB buffer: 32768
2024-04-23T20:46:18,700  INFO [LocalJobRunner Map Task Executor #0] impl.WriterImpl: ORC writer created for path: file:/home/alex/Repositories/hive/ql/target/tmp/org.apache.hadoop.hive.ql.TestTxnCommands3-1713930356371/warehouse/t/delta_0000001_0000001_0000/bucket_00000_0 with stripeSize: 8388608 options: Compress: ZLIB buffer: 32768
2024-04-23T20:46:18,706  INFO [LocalJobRunner Map Task Executor #0] exec.MapOperator: MAP[0]: records read - 1
2024-04-23T20:46:18,706  INFO [LocalJobRunner Map Task Executor #0] exec.MapOperator: Closing Operator: MAP[0]
2024-04-23T20:46:18,706  INFO [LocalJobRunner Map Task Executor #0] exec.MapOperator: MAP[0]: Total records read - 3. abort - false
2024-04-23T20:46:18,706  INFO [LocalJobRunner Map Task Executor #0] exec.MapOperator: RECORDS_OUT_INTERMEDIATE:0, RECORDS_IN:3, RECORDS_OUT_OPERATOR_MAP_0:0, DESERIALIZE_ERRORS:0, 
2024-04-23T20:46:18,706  INFO [LocalJobRunner Map Task Executor #0] exec.TableScanOperator: Closing Operator: TS[0]
2024-04-23T20:46:18,706  INFO [LocalJobRunner Map Task Executor #0] exec.TableScanOperator: RECORDS_OUT_INTERMEDIATE:0, RECORDS_OUT_OPERATOR_TS_0:1, 
2024-04-23T20:46:18,707  INFO [LocalJobRunner Map Task Executor #0] exec.SelectOperator: Closing Operator: SEL[1]
2024-04-23T20:46:18,707  INFO [LocalJobRunner Map Task Executor #0] exec.SelectOperator: RECORDS_OUT_INTERMEDIATE:0, RECORDS_OUT_OPERATOR_SEL_1:1, 
2024-04-23T20:46:18,707  INFO [LocalJobRunner Map Task Executor #0] exec.UDTFOperator: Closing Operator: UDTF[2]
2024-04-23T20:46:18,707  INFO [LocalJobRunner Map Task Executor #0] exec.UDTFOperator: RECORDS_OUT_OPERATOR_UDTF_2:2, RECORDS_OUT_INTERMEDIATE:0, 
2024-04-23T20:46:18,707  INFO [LocalJobRunner Map Task Executor #0] exec.SelectOperator: Closing Operator: SEL[3]
2024-04-23T20:46:18,707  INFO [LocalJobRunner Map Task Executor #0] exec.SelectOperator: RECORDS_OUT_OPERATOR_SEL_3:2, RECORDS_OUT_INTERMEDIATE:0, 
2024-04-23T20:46:18,707  INFO [LocalJobRunner Map Task Executor #0] exec.FileSinkOperator: Closing Operator: FS[4]
2024-04-23T20:46:18,707  INFO [LocalJobRunner Map Task Executor #0] exec.FileSinkOperator: FS[4]: records written - 2
2024-04-23T20:46:18,710  INFO [LocalJobRunner Map Task Executor #0] FileOperations: Writing manifest to file:/home/alex/Repositories/hive/ql/target/tmp/org.apache.hadoop.hive.ql.TestTxnCommands3-1713930356371/warehouse/t/_tmp.delta_0000001_0000001_0000/000000_0.manifest with [file:/home/alex/Repositories/hive/ql/target/tmp/org.apache.hadoop.hive.ql.TestTxnCommands3-1713930356371/warehouse/t/delta_0000001_0000001_0000/bucket_00000_0]
2024-04-23T20:46:18,724  INFO [LocalJobRunner Map Task Executor #0] exec.FileSinkOperator: TOTAL_TABLE_ROWS_WRITTEN:2, RECORDS_OUT_1_default.t:2, RECORDS_OUT_OPERATOR_FS_4:2, RECORDS_OUT_INTERMEDIATE:0, 
2024-04-23T20:46:18,725  INFO [LocalJobRunner Map Task Executor #0] mapred.LocalJobRunner: 
2024-04-23T20:46:18,727  INFO [LocalJobRunner Map Task Executor #0] mapred.Task: Task:attempt_local1904376614_0005_m_000000_0 is done. And is in the process of committing
2024-04-23T20:46:18,728  INFO [LocalJobRunner Map Task Executor #0] mapred.LocalJobRunner: map
2024-04-23T20:46:18,728  INFO [LocalJobRunner Map Task Executor #0] mapred.Task: Task 'attempt_local1904376614_0005_m_000000_0' done.
2024-04-23T20:46:18,728  INFO [LocalJobRunner Map Task Executor #0] mapred.Task: Final Counters for attempt_local1904376614_0005_m_000000_0: Counters: 27
	File System Counters
		FILE: Number of bytes read=158993
		FILE: Number of bytes written=5926196
		FILE: Number of read operations=0
		FILE: Number of large read operations=0
		FILE: Number of write operations=0
	Map-Reduce Framework
		Map input records=4
		Map output records=0
		Input split bytes=361
		Spilled Records=0
		Failed Shuffles=0
		Merged Map outputs=0
		GC time elapsed (ms)=0
		Total committed heap usage (bytes)=1013972992
	HIVE
		CREATED_FILES=1
		DESERIALIZE_ERRORS=0
		RECORDS_IN=3
		RECORDS_OUT_1_default.t=2
		RECORDS_OUT_INTERMEDIATE=0
		RECORDS_OUT_OPERATOR_FS_4=2
		RECORDS_OUT_OPERATOR_MAP_0=0
		RECORDS_OUT_OPERATOR_SEL_1=1
		RECORDS_OUT_OPERATOR_SEL_3=2
		RECORDS_OUT_OPERATOR_TS_0=1
		RECORDS_OUT_OPERATOR_UDTF_2=2
		TOTAL_TABLE_ROWS_WRITTEN=2
	File Input Format Counters 
		Bytes Read=5770
	File Output Format Counters 
		Bytes Written=0
2024-04-23T20:46:18,728  INFO [LocalJobRunner Map Task Executor #0] mapred.LocalJobRunner: Finishing task: attempt_local1904376614_0005_m_000000_0
2024-04-23T20:46:18,728  INFO [Thread-406] mapred.LocalJobRunner: map task executor complete.
2024-04-23 20:46:19,674 Stage-1 map = 100%,  reduce = 0%
2024-04-23T20:46:19,675  INFO [main] exec.Task: 2024-04-23 20:46:19,674 Stage-1 map = 100%,  reduce = 0%
Ended Job = job_local1904376614_0005
2024-04-23T20:46:19,677  INFO [main] exec.Task: Ended Job = job_local1904376614_0005
2024-04-23T20:46:19,680  INFO [main] FileOperations: Found manifest file file:/home/alex/Repositories/hive/ql/target/tmp/org.apache.hadoop.hive.ql.TestTxnCommands3-1713930356371/warehouse/t/_tmp.delta_0000001_0000001_0000/000000_0.manifest with attemptId 0.
2024-04-23T20:46:19,680  INFO [main] FileOperations: Looking at manifest file: file:/home/alex/Repositories/hive/ql/target/tmp/org.apache.hadoop.hive.ql.TestTxnCommands3-1713930356371/warehouse/t/_tmp.delta_0000001_0000001_0000/000000_0.manifest
2024-04-23T20:46:19,680  INFO [main] FileOperations: Deleting manifest directory file:/home/alex/Repositories/hive/ql/target/tmp/org.apache.hadoop.hive.ql.TestTxnCommands3-1713930356371/warehouse/t/_tmp.delta_0000001_0000001_0000
2024-04-23T20:46:19,682  INFO [main] ql.Driver: Starting task [Stage-0:MOVE] in serial mode
Loading data to table default.t
2024-04-23T20:46:19,682  INFO [main] exec.Task: Loading data to table default.t from file:/home/alex/Repositories/hive/ql/target/tmp/org.apache.hadoop.hive.ql.TestTxnCommands3-1713930356371/warehouse/t
2024-04-23T20:46:19,682  INFO [main] HiveMetaStore.audit: ugi=alex	ip=unknown-ip-addr	cmd=get_table : tbl=hive.default.t	
2024-04-23T20:46:19,692  INFO [main] metastore.HMSHandler: Skipping translation for processor with null
2024-04-23T20:46:19,693  INFO [main] HiveMetaStore.audit: ugi=alex	ip=unknown-ip-addr	cmd=get_table : tbl=hive.default.t	
2024-04-23T20:46:19,704  INFO [main] metastore.HMSHandler: Skipping translation for processor with null
2024-04-23T20:46:19,704  INFO [main] HiveMetaStore.audit: ugi=alex	ip=unknown-ip-addr	cmd=alter_table: hive.default.t newtbl=t	
2024-04-23T20:46:19,755  INFO [main] ql.Driver: Starting task [Stage-2:STATS] in serial mode
2024-04-23T20:46:19,755  INFO [main] HiveMetaStore.audit: ugi=alex	ip=unknown-ip-addr	cmd=get_table : tbl=hive.default.t	
2024-04-23T20:46:19,764  INFO [main] metastore.HMSHandler: Skipping translation for processor with null
2024-04-23T20:46:19,764  INFO [main] stats.BasicStatsTask: Executing stats task
2024-04-23T20:46:19,765  INFO [main] fs.FSStatsPublisher: created : file:/home/alex/Repositories/hive/ql/target/tmp/localscratchdir/f783be68-9f52-4771-bf1e-af94061c109c/hive_2024-04-23_20-46-17_980_2856017004874505520-1/-mr-10000
2024-04-23T20:46:19,766  INFO [main] HiveMetaStore.audit: ugi=alex	ip=unknown-ip-addr	cmd=get_table : tbl=hive.default.t	
2024-04-23T20:46:19,777  INFO [main] metastore.HMSHandler: Skipping translation for processor with null
2024-04-23T20:46:19,786  WARN [main] FileOperations: Computing stats for an ACID table; stats may be inaccurate
2024-04-23T20:46:19,787  INFO [main] FileOperations: Read stats for default.t/, numRows, true, 2, false: 
2024-04-23T20:46:19,787  INFO [main] FileOperations: Read stats for default.t/, rawDataSize, true, 0, false: 
2024-04-23T20:46:19,787  INFO [main] HiveMetaStore.audit: ugi=alex	ip=unknown-ip-addr	cmd=alter_table: hive.default.t newtbl=t	
2024-04-23T20:46:19,817  INFO [main] FileOperations: Read stats for default.t/, insertCount, true, 2, false: 
2024-04-23T20:46:19,818  INFO [main] FileOperations: Read stats for default.t/, updateCount, true, 0, false: 
2024-04-23T20:46:19,818  INFO [main] FileOperations: Read stats for default.t/, deleteCount, true, 0, false: 
2024-04-23T20:46:19,820  INFO [main] stats.BasicStatsTask: Table default.t stats: [numFiles=1, numRows=2, totalSize=687, rawDataSize=0, numFilesErasureCoded=0]
2024-04-23T20:46:19,821  INFO [main] metadata.Hive: Dumping metastore api call timing information for : execution phase
2024-04-23T20:46:19,821  INFO [main] metadata.Hive: Total time spent in each metastore function (ms): {getTable_(GetTableRequest)=41, updateTransactionalStatistics_(UpdateTransactionalStatsRequest)=2, isCompatibleWith_(Configuration)=0, alter_table_(String, String, String, Table, EnvironmentContext, String)=81}
MapReduce Jobs Launched: 
2024-04-23T20:46:19,821  INFO [main] ql.Driver: MapReduce Jobs Launched: 
Stage-Stage-1:  HDFS Read: 0 HDFS Write: 0 SUCCESS
2024-04-23T20:46:19,821  INFO [main] ql.Driver: Stage-Stage-1:  HDFS Read: 0 HDFS Write: 0 SUCCESS
Total MapReduce CPU Time Spent: 0 msec
2024-04-23T20:46:19,821  INFO [main] ql.Driver: Total MapReduce CPU Time Spent: 0 msec
2024-04-23T20:46:19,822  INFO [main] ql.Driver: Completed executing command(queryId=alex_20240423204617_be13352e-d0a2-46fe-931c-cfda8f7c2aea); Time taken: 1.541 seconds
2024-04-23T20:46:19,822  INFO [main] lockmgr.DbTxnManager: Stopped heartbeat for query: alex_20240423204617_be13352e-d0a2-46fe-931c-cfda8f7c2aea
2024-04-23T20:46:19,833  INFO [main] txn.TxnHandler: Removed transactions: ([15]) from MIN_HISTORY_LEVEL
2024-04-23T20:46:19,833  WARN [main] txn.CompactionTxnHandler: No compaction queue record found for Compaction type transaction commit. txnId:15
2024-04-23T20:46:19,834  INFO [main] ql.TxnCommandsBaseForTests: Running the query: insert into T values(4,6),(1,3)
2024-04-23T20:46:19,834  INFO [main] ql.Context: Deleting scratch dir: file:/home/alex/Repositories/hive/ql/target/tmp/localscratchdir/f783be68-9f52-4771-bf1e-af94061c109c/hive_2024-04-23_20-46-17_980_2856017004874505520-1
2024-04-23T20:46:19,834  INFO [main] cleanup.SyncCleanupService: Deleted directory: file:/home/alex/Repositories/hive/ql/target/tmp/localscratchdir/f783be68-9f52-4771-bf1e-af94061c109c/hive_2024-04-23_20-46-17_980_2856017004874505520-1 on fs with scheme file
2024-04-23T20:46:19,835  INFO [main] ql.Driver: Compiling command(queryId=alex_20240423204619_1646e8a9-39b8-42a2-b453-8f254a87c8d9): insert into T values(4,6),(1,3)
2024-04-23T20:46:19,838  INFO [main] txn.TxnHandler: Added entries to MIN_HISTORY_LEVEL for current txns: ([16]) with min_open_txn: 16
2024-04-23T20:46:19,838  INFO [main] lockmgr.DbTxnManager: Opened txnid:16
2024-04-23T20:46:19,839  INFO [main] parse.CalcitePlanner: Starting caching scope for: 
2024-04-23T20:46:19,839  INFO [main] parse.CalcitePlanner: Starting Semantic Analysis
2024-04-23T20:46:19,843  INFO [main] HiveMetaStore.audit: ugi=alex	ip=unknown-ip-addr	cmd=get_table : tbl=hive.default.T	
2024-04-23T20:46:19,851  INFO [main] metastore.HMSHandler: Skipping translation for processor with null
2024-04-23T20:46:19,852  INFO [main] parse.CalcitePlanner: Completed phase 1 of Semantic Analysis
2024-04-23T20:46:19,852  INFO [main] parse.CalcitePlanner: Get metadata for source tables
2024-04-23T20:46:19,852  INFO [main] parse.CalcitePlanner: Get metadata for subqueries
2024-04-23T20:46:19,852  INFO [main] parse.CalcitePlanner: Get metadata for destination tables
2024-04-23T20:46:19,852  INFO [main] HiveMetaStore.audit: ugi=alex	ip=unknown-ip-addr	cmd=get_table : tbl=hive.default.T	
2024-04-23T20:46:19,860  INFO [main] metastore.HMSHandler: Skipping translation for processor with null
2024-04-23T20:46:19,861  INFO [main] parse.CalcitePlanner: Completed getting MetaData in Semantic Analysis
2024-04-23T20:46:19,861  INFO [main] parse.CalcitePlanner: Disabling LLAP IO encode as ETL query is detected
2024-04-23T20:46:19,883  INFO [main] HiveMetaStore.audit: ugi=alex	ip=unknown-ip-addr	cmd=get_all_table_constraints : tbl=hive._dummy_database._dummy_table	
2024-04-23T20:46:19,941  INFO [main] parse.CalcitePlanner: Get metadata for source tables
2024-04-23T20:46:19,941  INFO [main] parse.CalcitePlanner: Get metadata for subqueries
2024-04-23T20:46:19,941  INFO [main] parse.CalcitePlanner: Get metadata for source tables
2024-04-23T20:46:19,941  INFO [main] HiveMetaStore.audit: ugi=alex	ip=unknown-ip-addr	cmd=get_table : tbl=hive._dummy_database._dummy_table	
2024-04-23T20:46:19,945  INFO [main] parse.CalcitePlanner: Get metadata for subqueries
2024-04-23T20:46:19,945  INFO [main] parse.CalcitePlanner: Get metadata for destination tables
2024-04-23T20:46:19,945  INFO [main] parse.CalcitePlanner: Get metadata for destination tables
2024-04-23T20:46:19,945  INFO [main] HiveMetaStore.audit: ugi=alex	ip=unknown-ip-addr	cmd=get_table : tbl=hive.default.T	
2024-04-23T20:46:19,954  INFO [main] metastore.HMSHandler: Skipping translation for processor with null
2024-04-23T20:46:19,957  INFO [main] HiveMetaStore.audit: ugi=alex	ip=unknown-ip-addr	cmd=get_not_null_constraints : tbl=hive.default.t	
2024-04-23T20:46:19,958  INFO [main] HiveMetaStore.audit: ugi=alex	ip=unknown-ip-addr	cmd=get_check_constraints : tbl=hive.default.t	
2024-04-23T20:46:19,965  INFO [main] txn.TxnHandler: Allocated writeId: 2 for txnId: 16
2024-04-23T20:46:19,966  INFO [main] txn.TxnHandler: Allocated write ids for dbName=default, tblName=t (txnIds: [16])
2024-04-23T20:46:19,966  INFO [main] parse.CalcitePlanner: CBO Succeeded; optimized logical plan.
2024-04-23T20:46:19,970  INFO [main] optimizer.BucketVersionPopulator: not considering bucketingVersion for: TS[0] because it has -1<2 buckets 
2024-04-23T20:46:19,971  INFO [main] optimizer.SortedDynPartitionOptimizer: Sorted dynamic partitioning optimization kicked in..
2024-04-23T20:46:19,980  INFO [main] HiveMetaStore.audit: ugi=alex	ip=unknown-ip-addr	cmd=get_table : tbl=hive.default.t	
2024-04-23T20:46:19,990  INFO [main] metastore.HMSHandler: Skipping translation for processor with null
2024-04-23T20:46:19,991  INFO [main] physical.Vectorizer: Examining input format to see if vectorization is enabled.
2024-04-23T20:46:19,992  INFO [main] physical.Vectorizer: Map vectorization enabled: false
2024-04-23T20:46:19,992  INFO [main] physical.Vectorizer: Map vectorized: false
2024-04-23T20:46:19,992  INFO [main] physical.Vectorizer: Map vectorizedVertexNum: 0
2024-04-23T20:46:19,992  INFO [main] physical.Vectorizer: Map enabledConditionsMet: [hive.vectorized.use.vectorized.input.format IS true]
2024-04-23T20:46:19,992  INFO [main] physical.Vectorizer: Map enabledConditionsNotMet: [Could not enable vectorization due to partition column names size 1 is greater than the number of table column names size 0 IS false]
2024-04-23T20:46:19,992  INFO [main] physical.Vectorizer: Map inputFileFormatClassNameSet: [org.apache.hadoop.hive.ql.io.NullRowsInputFormat]
2024-04-23T20:46:19,992  INFO [main] parse.CalcitePlanner: Completed plan generation
2024-04-23T20:46:19,992  INFO [main] parse.CalcitePlanner: Ending caching scope for: 
2024-04-23T20:46:19,992  INFO [main] ql.Driver: Semantic Analysis Completed (retrial = false)
2024-04-23T20:46:19,992  INFO [main] ql.Driver: Created Hive schema: Schema(fieldSchemas:[FieldSchema(name:col1, type:int, comment:null), FieldSchema(name:col2, type:int, comment:null)], properties:null)
2024-04-23T20:46:19,992  INFO [main] metadata.Hive: Dumping metastore api call timing information for : compilation phase
2024-04-23T20:46:19,993  INFO [main] metadata.Hive: Total time spent in each metastore function (ms): {flushCache_()=0, getTable_(GetTableRequest)=37, allocateTableWriteId_(long, String, String)=7, getCheckConstraints_(CheckConstraintsRequest)=1, getValidWriteIds_(List, String)=5, getNotNullConstraints_(NotNullConstraintsRequest)=1, getAllTableConstraints_(AllTableConstraintsRequest)=6, isCompatibleWith_(Configuration)=1, getValidTxns_(long)=1, openTxn_(String, TxnType)=2, commitTxn_(CommitTxnRequest)=11}
2024-04-23T20:46:19,993  INFO [main] ql.Driver: Completed compiling command(queryId=alex_20240423204619_1646e8a9-39b8-42a2-b453-8f254a87c8d9); Time taken: 0.157 seconds
2024-04-23T20:46:19,993  INFO [main] lockmgr.DbTxnManager: Setting lock request transaction to txnid:16 for queryId=alex_20240423204619_1646e8a9-39b8-42a2-b453-8f254a87c8d9
2024-04-23T20:46:19,993  INFO [main] lockmgr.DbLockManager: Requesting lock for queryId=alex_20240423204619_1646e8a9-39b8-42a2-b453-8f254a87c8d9
2024-04-23T20:46:20,011  INFO [main] lockmgr.DbLockManager: Response to queryId=alex_20240423204619_1646e8a9-39b8-42a2-b453-8f254a87c8d9 LockResponse(lockid:9, state:ACQUIRED)
2024-04-23T20:46:20,011  INFO [main] ql.Driver: Operation QUERY obtained 1 locks
2024-04-23T20:46:20,014  INFO [main] ql.Driver: Executing command(queryId=alex_20240423204619_1646e8a9-39b8-42a2-b453-8f254a87c8d9): insert into T values(4,6),(1,3)
2024-04-23T20:46:20,015  WARN [main] ql.Driver: Hive-on-MR is deprecated in Hive 2 and may not be available in the future versions. Consider using a different execution engine (i.e. tez, spark) or using Hive 1.X releases.
Query ID = alex_20240423204619_1646e8a9-39b8-42a2-b453-8f254a87c8d9
2024-04-23T20:46:20,015  INFO [main] ql.Driver: Query ID = alex_20240423204619_1646e8a9-39b8-42a2-b453-8f254a87c8d9
Total jobs = 1
2024-04-23T20:46:20,015  INFO [main] ql.Driver: Total jobs = 1
Launching Job 1 out of 1
2024-04-23T20:46:20,015  INFO [main] ql.Driver: Launching Job 1 out of 1
2024-04-23T20:46:20,173  INFO [main] ql.Driver: Starting task [Stage-1:MAPRED] in serial mode
Number of reduce tasks is set to 0 since there's no reduce operator
2024-04-23T20:46:20,173  INFO [main] exec.Task: Number of reduce tasks is set to 0 since there's no reduce operator
2024-04-23T20:46:20,176  INFO [main] mr.ExecDriver: Using org.apache.hadoop.hive.ql.io.HiveInputFormat
2024-04-23T20:46:20,176  INFO [main] exec.Utilities: Processing alias $hdt$_0:_dummy_table
2024-04-23T20:46:20,176  INFO [main] exec.Utilities: Adding 1 inputs; the first input is file:/home/alex/Repositories/hive/ql/target/tmp/localscratchdir/f783be68-9f52-4771-bf1e-af94061c109c/hive_2024-04-23_20-46-19_835_609237215248835212-1/dummy_path
2024-04-23T20:46:20,186  INFO [main] exec.SerializationUtilities: Serializing MapWork using kryo
2024-04-23T20:46:20,187  INFO [main] exec.Utilities: Serialized plan (via FILE) - name: null size: 5,71KB
2024-04-23T20:46:20,188  WARN [main] impl.MetricsSystemImpl: JobTracker metrics system already initialized!
2024-04-23T20:46:20,192  INFO [main] fs.FSStatsPublisher: created : file:/home/alex/Repositories/hive/ql/target/tmp/localscratchdir/f783be68-9f52-4771-bf1e-af94061c109c/hive_2024-04-23_20-46-19_835_609237215248835212-1/-mr-10000
2024-04-23T20:46:20,194  WARN [main] impl.MetricsSystemImpl: JobTracker metrics system already initialized!
2024-04-23T20:46:20,202  WARN [main] mapreduce.JobResourceUploader: Hadoop command-line option parsing not performed. Implement the Tool interface and execute your application with ToolRunner to remedy this.
2024-04-23T20:46:20,207  WARN [main] mapreduce.JobResourceUploader: No job jar file set.  User classes may not be found. See Job or Job#setJar(String).
2024-04-23T20:46:20,208  INFO [main] io.HiveInputFormat: hive.io.file.readcolumn.ids = 
2024-04-23T20:46:20,208  INFO [main] io.HiveInputFormat: hive.io.file.readcolumn.names = 
2024-04-23T20:46:20,208  INFO [main] io.HiveInputFormat: Generating splits for dirs: file:/home/alex/Repositories/hive/ql/target/tmp/localscratchdir/f783be68-9f52-4771-bf1e-af94061c109c/hive_2024-04-23_20-46-19_835_609237215248835212-1/dummy_path
2024-04-23T20:46:20,208  INFO [main] io.HiveInputFormat: number of splits 1
2024-04-23T20:46:20,227  INFO [main] mapreduce.JobSubmitter: number of splits:1
2024-04-23T20:46:20,248  INFO [main] mapreduce.JobSubmitter: Submitting tokens for job: job_local2018728270_0006
2024-04-23T20:46:20,248  INFO [main] mapreduce.JobSubmitter: Executing with tokens: []
2024-04-23T20:46:20,312  INFO [main] mapreduce.Job: The url to track the job: http://localhost:8080/
Job running in-process (local Hadoop)
2024-04-23T20:46:20,312  INFO [main] exec.Task: Job running in-process (local Hadoop)
2024-04-23T20:46:20,312  INFO [Thread-452] mapred.LocalJobRunner: OutputCommitter set in config org.apache.hadoop.hive.ql.io.HiveFileFormatUtils$NullOutputCommitter
2024-04-23T20:46:20,312  INFO [Thread-452] mapred.LocalJobRunner: OutputCommitter is org.apache.hadoop.hive.ql.io.HiveFileFormatUtils$NullOutputCommitter
2024-04-23T20:46:20,314  INFO [Thread-452] mapred.LocalJobRunner: Waiting for map tasks
2024-04-23T20:46:20,314  INFO [LocalJobRunner Map Task Executor #0] mapred.LocalJobRunner: Starting task: attempt_local2018728270_0006_m_000000_0
2024-04-23T20:46:20,315  INFO [LocalJobRunner Map Task Executor #0] mapred.Task:  Using ResourceCalculatorProcessTree : [ ]
2024-04-23T20:46:20,315  INFO [LocalJobRunner Map Task Executor #0] mapred.MapTask: Processing split: org.apache.hadoop.hive.ql.io.NullRowsInputFormat:file:/home/alex/Repositories/hive/ql/target/tmp/localscratchdir/f783be68-9f52-4771-bf1e-af94061c109c/hive_2024-04-23_20-46-19_835_609237215248835212-1/dummy_path/null:0+1
2024-04-23T20:46:20,316  INFO [LocalJobRunner Map Task Executor #0] exec.SerializationUtilities: Deserializing MapWork using kryo
2024-04-23T20:46:20,316  INFO [LocalJobRunner Map Task Executor #0] exec.Utilities: Deserialized plan (via FILE) - name: null size: 5,71KB
2024-04-23T20:46:20,317  INFO [LocalJobRunner Map Task Executor #0] mapred.MapTask: numReduceTasks: 0
2024-04-23T20:46:20,318  INFO [LocalJobRunner Map Task Executor #0] exec.MapOperator: Initializing Operator: MAP[0]
2024-04-23T20:46:20,318  INFO [LocalJobRunner Map Task Executor #0] mr.ExecMapper: 
<MAP>Id =0
  <Children>null
  <\Children>
  <Parent><\Parent>
<\MAP>
2024-04-23T20:46:20,318  INFO [LocalJobRunner Map Task Executor #0] exec.TableScanOperator: Initializing Operator: TS[0]
2024-04-23T20:46:20,319  INFO [LocalJobRunner Map Task Executor #0] exec.SelectOperator: Initializing Operator: SEL[1]
2024-04-23T20:46:20,319  INFO [LocalJobRunner Map Task Executor #0] exec.SelectOperator: SELECT null
2024-04-23T20:46:20,319  INFO [LocalJobRunner Map Task Executor #0] exec.UDTFOperator: Initializing Operator: UDTF[2]
2024-04-23T20:46:20,319  INFO [LocalJobRunner Map Task Executor #0] exec.SelectOperator: Initializing Operator: SEL[3]
2024-04-23T20:46:20,319  INFO [LocalJobRunner Map Task Executor #0] exec.SelectOperator: SELECT struct<col1:int,col2:int>
2024-04-23T20:46:20,319  INFO [LocalJobRunner Map Task Executor #0] exec.FileSinkOperator: Initializing Operator: FS[4]
2024-04-23T20:46:20,320  INFO [LocalJobRunner Map Task Executor #0] exec.FileSinkOperator: Using serializer : AbstractSerDe [log=org.apache.logging.slf4j.Log4jLogger@7210f038, configuration=Optional[Configuration: core-default.xml, core-site.xml, mapred-default.xml, mapred-site.xml, yarn-default.xml, yarn-site.xml, hdfs-default.xml, hdfs-site.xml, file:/home/alex/Repositories/hive/ql/target/tmp/TestTxnCommands3/mapred/local/localRunner/alex/job_local2018728270_0006/job_local2018728270_0006.xml], properties={transactional_properties=default, name=default.t, transactional=true, columns.types=int:int, columns=a,b, numFilesErasureCoded=0, columns.comments=&amp#0;, bucketing_version=2, serialization.lib=org.apache.hadoop.hive.ql.io.orc.OrcSerde, file.inputformat=org.apache.hadoop.hive.ql.io.orc.OrcInputFormat, file.outputformat=org.apache.hadoop.hive.ql.io.orc.OrcOutputFormat, location=file:/home/alex/Repositories/hive/ql/target/tmp/org.apache.hadoop.hive.ql.TestTxnCommands3-1713930356371/warehouse/t, column.name.delimiter=,}, tableProperties={transactional_properties=default, name=default.t, transactional=true, columns.types=int:int, columns=a,b, numFilesErasureCoded=0, columns.comments=&amp#0;, bucketing_version=2, serialization.lib=org.apache.hadoop.hive.ql.io.orc.OrcSerde, file.inputformat=org.apache.hadoop.hive.ql.io.orc.OrcInputFormat, location=file:/home/alex/Repositories/hive/ql/target/tmp/org.apache.hadoop.hive.ql.TestTxnCommands3-1713930356371/warehouse/t, file.outputformat=org.apache.hadoop.hive.ql.io.orc.OrcOutputFormat, column.name.delimiter=,}, partitionProperties=Optional.empty, columnNames=[a, b], columnTypes=[int, int], getClass()=class org.apache.hadoop.hive.ql.io.orc.OrcSerde] and formatter : org.apache.hadoop.hive.ql.io.orc.OrcOutputFormat@7e34bdb8
2024-04-23T20:46:20,320  INFO [LocalJobRunner Map Task Executor #0] exec.FileSinkOperator: Final Path: FS file:/home/alex/Repositories/hive/ql/target/tmp/org.apache.hadoop.hive.ql.TestTxnCommands3-1713930356371/warehouse/t
2024-04-23T20:46:20,320  INFO [LocalJobRunner Map Task Executor #0] exec.FileSinkOperator: New Final Path: FS file:/home/alex/Repositories/hive/ql/target/tmp/org.apache.hadoop.hive.ql.TestTxnCommands3-1713930356371/warehouse/t
2024-04-23T20:46:20,320  INFO [LocalJobRunner Map Task Executor #0] common.FileUtils: Creating directory if it doesn't exist: file:/home/alex/Repositories/hive/ql/target/tmp/org.apache.hadoop.hive.ql.TestTxnCommands3-1713930356371/warehouse
2024-04-23T20:46:20,321  INFO [LocalJobRunner Map Task Executor #0] exec.FileSinkOperator: FS[4]: records written - 1
2024-04-23T20:46:20,322  INFO [LocalJobRunner Map Task Executor #0] impl.PhysicalFsWriter: ORC writer created for path: file:/home/alex/Repositories/hive/ql/target/tmp/org.apache.hadoop.hive.ql.TestTxnCommands3-1713930356371/warehouse/t/delta_0000002_0000002_0000/bucket_00000_0 with stripeSize: 8388608 blockSize: 268435456 compression: Compress: ZLIB buffer: 32768
2024-04-23T20:46:20,330  INFO [LocalJobRunner Map Task Executor #0] impl.WriterImpl: ORC writer created for path: file:/home/alex/Repositories/hive/ql/target/tmp/org.apache.hadoop.hive.ql.TestTxnCommands3-1713930356371/warehouse/t/delta_0000002_0000002_0000/bucket_00000_0 with stripeSize: 8388608 options: Compress: ZLIB buffer: 32768
2024-04-23T20:46:20,335  INFO [LocalJobRunner Map Task Executor #0] exec.MapOperator: MAP[0]: records read - 1
2024-04-23T20:46:20,336  INFO [LocalJobRunner Map Task Executor #0] exec.MapOperator: Closing Operator: MAP[0]
2024-04-23T20:46:20,336  INFO [LocalJobRunner Map Task Executor #0] exec.MapOperator: MAP[0]: Total records read - 3. abort - false
2024-04-23T20:46:20,336  INFO [LocalJobRunner Map Task Executor #0] exec.MapOperator: DESERIALIZE_ERRORS:0, RECORDS_IN:3, RECORDS_OUT_INTERMEDIATE:0, RECORDS_OUT_OPERATOR_MAP_0:0, 
2024-04-23T20:46:20,336  INFO [LocalJobRunner Map Task Executor #0] exec.TableScanOperator: Closing Operator: TS[0]
2024-04-23T20:46:20,336  INFO [LocalJobRunner Map Task Executor #0] exec.TableScanOperator: RECORDS_OUT_OPERATOR_TS_0:1, RECORDS_OUT_INTERMEDIATE:0, 
2024-04-23T20:46:20,336  INFO [LocalJobRunner Map Task Executor #0] exec.SelectOperator: Closing Operator: SEL[1]
2024-04-23T20:46:20,336  INFO [LocalJobRunner Map Task Executor #0] exec.SelectOperator: RECORDS_OUT_INTERMEDIATE:0, RECORDS_OUT_OPERATOR_SEL_1:1, 
2024-04-23T20:46:20,336  INFO [LocalJobRunner Map Task Executor #0] exec.UDTFOperator: Closing Operator: UDTF[2]
2024-04-23T20:46:20,336  INFO [LocalJobRunner Map Task Executor #0] exec.UDTFOperator: RECORDS_OUT_INTERMEDIATE:0, RECORDS_OUT_OPERATOR_UDTF_2:2, 
2024-04-23T20:46:20,336  INFO [LocalJobRunner Map Task Executor #0] exec.SelectOperator: Closing Operator: SEL[3]
2024-04-23T20:46:20,336  INFO [LocalJobRunner Map Task Executor #0] exec.SelectOperator: RECORDS_OUT_INTERMEDIATE:0, RECORDS_OUT_OPERATOR_SEL_3:2, 
2024-04-23T20:46:20,336  INFO [LocalJobRunner Map Task Executor #0] exec.FileSinkOperator: Closing Operator: FS[4]
2024-04-23T20:46:20,336  INFO [LocalJobRunner Map Task Executor #0] exec.FileSinkOperator: FS[4]: records written - 2
2024-04-23T20:46:20,339  INFO [LocalJobRunner Map Task Executor #0] FileOperations: Writing manifest to file:/home/alex/Repositories/hive/ql/target/tmp/org.apache.hadoop.hive.ql.TestTxnCommands3-1713930356371/warehouse/t/_tmp.delta_0000002_0000002_0000/000000_0.manifest with [file:/home/alex/Repositories/hive/ql/target/tmp/org.apache.hadoop.hive.ql.TestTxnCommands3-1713930356371/warehouse/t/delta_0000002_0000002_0000/bucket_00000_0]
2024-04-23T20:46:20,352  INFO [LocalJobRunner Map Task Executor #0] exec.FileSinkOperator: RECORDS_OUT_INTERMEDIATE:0, RECORDS_OUT_1_default.t:2, TOTAL_TABLE_ROWS_WRITTEN:2, RECORDS_OUT_OPERATOR_FS_4:2, 
2024-04-23T20:46:20,353  INFO [LocalJobRunner Map Task Executor #0] mapred.LocalJobRunner: 
2024-04-23T20:46:20,353  INFO [LocalJobRunner Map Task Executor #0] mapred.Task: Task:attempt_local2018728270_0006_m_000000_0 is done. And is in the process of committing
2024-04-23T20:46:20,354  INFO [LocalJobRunner Map Task Executor #0] mapred.LocalJobRunner: map
2024-04-23T20:46:20,354  INFO [LocalJobRunner Map Task Executor #0] mapred.Task: Task 'attempt_local2018728270_0006_m_000000_0' done.
2024-04-23T20:46:20,354  INFO [LocalJobRunner Map Task Executor #0] mapred.Task: Final Counters for attempt_local2018728270_0006_m_000000_0: Counters: 27
	File System Counters
		FILE: Number of bytes read=165471
		FILE: Number of bytes written=7103068
		FILE: Number of read operations=0
		FILE: Number of large read operations=0
		FILE: Number of write operations=0
	Map-Reduce Framework
		Map input records=4
		Map output records=0
		Input split bytes=360
		Spilled Records=0
		Failed Shuffles=0
		Merged Map outputs=0
		GC time elapsed (ms)=0
		Total committed heap usage (bytes)=1013972992
	HIVE
		CREATED_FILES=1
		DESERIALIZE_ERRORS=0
		RECORDS_IN=3
		RECORDS_OUT_1_default.t=2
		RECORDS_OUT_INTERMEDIATE=0
		RECORDS_OUT_OPERATOR_FS_4=2
		RECORDS_OUT_OPERATOR_MAP_0=0
		RECORDS_OUT_OPERATOR_SEL_1=1
		RECORDS_OUT_OPERATOR_SEL_3=2
		RECORDS_OUT_OPERATOR_TS_0=1
		RECORDS_OUT_OPERATOR_UDTF_2=2
		TOTAL_TABLE_ROWS_WRITTEN=2
	File Input Format Counters 
		Bytes Read=5766
	File Output Format Counters 
		Bytes Written=0
2024-04-23T20:46:20,354  INFO [LocalJobRunner Map Task Executor #0] mapred.LocalJobRunner: Finishing task: attempt_local2018728270_0006_m_000000_0
2024-04-23T20:46:20,354  INFO [Thread-452] mapred.LocalJobRunner: map task executor complete.
2024-04-23 20:46:21,316 Stage-1 map = 100%,  reduce = 0%
2024-04-23T20:46:21,316  INFO [main] exec.Task: 2024-04-23 20:46:21,316 Stage-1 map = 100%,  reduce = 0%
Ended Job = job_local2018728270_0006
2024-04-23T20:46:21,318  INFO [main] exec.Task: Ended Job = job_local2018728270_0006
2024-04-23T20:46:21,318  INFO [main] FileOperations: Found manifest file file:/home/alex/Repositories/hive/ql/target/tmp/org.apache.hadoop.hive.ql.TestTxnCommands3-1713930356371/warehouse/t/_tmp.delta_0000002_0000002_0000/000000_0.manifest with attemptId 0.
2024-04-23T20:46:21,319  INFO [main] FileOperations: Looking at manifest file: file:/home/alex/Repositories/hive/ql/target/tmp/org.apache.hadoop.hive.ql.TestTxnCommands3-1713930356371/warehouse/t/_tmp.delta_0000002_0000002_0000/000000_0.manifest
2024-04-23T20:46:21,319  INFO [main] FileOperations: Deleting manifest directory file:/home/alex/Repositories/hive/ql/target/tmp/org.apache.hadoop.hive.ql.TestTxnCommands3-1713930356371/warehouse/t/_tmp.delta_0000002_0000002_0000
2024-04-23T20:46:21,320  INFO [main] ql.Driver: Starting task [Stage-0:MOVE] in serial mode
Loading data to table default.t
2024-04-23T20:46:21,320  INFO [main] exec.Task: Loading data to table default.t from file:/home/alex/Repositories/hive/ql/target/tmp/org.apache.hadoop.hive.ql.TestTxnCommands3-1713930356371/warehouse/t
2024-04-23T20:46:21,321  INFO [main] HiveMetaStore.audit: ugi=alex	ip=unknown-ip-addr	cmd=get_table : tbl=hive.default.t	
2024-04-23T20:46:21,329  INFO [main] metastore.HMSHandler: Skipping translation for processor with null
2024-04-23T20:46:21,329  INFO [main] HiveMetaStore.audit: ugi=alex	ip=unknown-ip-addr	cmd=get_table : tbl=hive.default.t	
2024-04-23T20:46:21,337  INFO [main] metastore.HMSHandler: Skipping translation for processor with null
2024-04-23T20:46:21,337  INFO [main] HiveMetaStore.audit: ugi=alex	ip=unknown-ip-addr	cmd=alter_table: hive.default.t newtbl=t	
2024-04-23T20:46:21,364  INFO [main] ql.Driver: Starting task [Stage-2:STATS] in serial mode
2024-04-23T20:46:21,364  INFO [main] HiveMetaStore.audit: ugi=alex	ip=unknown-ip-addr	cmd=get_table : tbl=hive.default.t	
2024-04-23T20:46:21,373  INFO [main] metastore.HMSHandler: Skipping translation for processor with null
2024-04-23T20:46:21,373  INFO [main] stats.BasicStatsTask: Executing stats task
2024-04-23T20:46:21,373  INFO [main] fs.FSStatsPublisher: created : file:/home/alex/Repositories/hive/ql/target/tmp/localscratchdir/f783be68-9f52-4771-bf1e-af94061c109c/hive_2024-04-23_20-46-19_835_609237215248835212-1/-mr-10000
2024-04-23T20:46:21,374  INFO [main] HiveMetaStore.audit: ugi=alex	ip=unknown-ip-addr	cmd=get_table : tbl=hive.default.t	
2024-04-23T20:46:21,382  INFO [main] metastore.HMSHandler: Skipping translation for processor with null
2024-04-23T20:46:21,400  WARN [main] FileOperations: Computing stats for an ACID table; stats may be inaccurate
2024-04-23T20:46:21,400  INFO [main] FileOperations: Read stats for default.t/, numRows, true, 2, false: 
2024-04-23T20:46:21,400  INFO [main] FileOperations: Read stats for default.t/, rawDataSize, true, 0, false: 
2024-04-23T20:46:21,401  INFO [main] HiveMetaStore.audit: ugi=alex	ip=unknown-ip-addr	cmd=alter_table: hive.default.t newtbl=t	
2024-04-23T20:46:21,432  INFO [main] FileOperations: Read stats for default.t/, insertCount, true, 2, false: 
2024-04-23T20:46:21,432  INFO [main] FileOperations: Read stats for default.t/, updateCount, true, 0, false: 
2024-04-23T20:46:21,432  INFO [main] FileOperations: Read stats for default.t/, deleteCount, true, 0, false: 
2024-04-23T20:46:21,433  INFO [main] stats.BasicStatsTask: Table default.t stats: [numFiles=2, numRows=4, totalSize=1372, rawDataSize=0, numFilesErasureCoded=0]
2024-04-23T20:46:21,433  INFO [main] metadata.Hive: Dumping metastore api call timing information for : execution phase
2024-04-23T20:46:21,434  INFO [main] metadata.Hive: Total time spent in each metastore function (ms): {isCompatibleWith_(Configuration)=0, getTable_(GetTableRequest)=34, alter_table_(String, String, String, Table, EnvironmentContext, String)=58, updateTransactionalStatistics_(UpdateTransactionalStatsRequest)=1}
MapReduce Jobs Launched: 
2024-04-23T20:46:21,434  INFO [main] ql.Driver: MapReduce Jobs Launched: 
Stage-Stage-1:  HDFS Read: 0 HDFS Write: 0 SUCCESS
2024-04-23T20:46:21,434  INFO [main] ql.Driver: Stage-Stage-1:  HDFS Read: 0 HDFS Write: 0 SUCCESS
Total MapReduce CPU Time Spent: 0 msec
2024-04-23T20:46:21,434  INFO [main] ql.Driver: Total MapReduce CPU Time Spent: 0 msec
2024-04-23T20:46:21,434  INFO [main] ql.Driver: Completed executing command(queryId=alex_20240423204619_1646e8a9-39b8-42a2-b453-8f254a87c8d9); Time taken: 1.419 seconds
2024-04-23T20:46:21,434  INFO [main] lockmgr.DbTxnManager: Stopped heartbeat for query: alex_20240423204619_1646e8a9-39b8-42a2-b453-8f254a87c8d9
2024-04-23T20:46:21,446  INFO [main] txn.TxnHandler: Removed transactions: ([16]) from MIN_HISTORY_LEVEL
2024-04-23T20:46:21,447  WARN [main] txn.CompactionTxnHandler: No compaction queue record found for Compaction type transaction commit. txnId:16
2024-04-23T20:46:21,447  INFO [main] ql.TxnCommandsBaseForTests: Running the query: delete from T where a = 1
2024-04-23T20:46:21,448  INFO [main] ql.Context: Deleting scratch dir: file:/home/alex/Repositories/hive/ql/target/tmp/localscratchdir/f783be68-9f52-4771-bf1e-af94061c109c/hive_2024-04-23_20-46-19_835_609237215248835212-1
2024-04-23T20:46:21,448  INFO [main] cleanup.SyncCleanupService: Deleted directory: file:/home/alex/Repositories/hive/ql/target/tmp/localscratchdir/f783be68-9f52-4771-bf1e-af94061c109c/hive_2024-04-23_20-46-19_835_609237215248835212-1 on fs with scheme file
2024-04-23T20:46:21,449  INFO [main] ql.Driver: Compiling command(queryId=alex_20240423204621_1895eeec-291c-49ad-b2c3-e91f3dfde3a5): delete from T where a = 1
2024-04-23T20:46:21,453  INFO [main] txn.TxnHandler: Added entries to MIN_HISTORY_LEVEL for current txns: ([17]) with min_open_txn: 17
2024-04-23T20:46:21,453  INFO [main] lockmgr.DbTxnManager: Opened txnid:17
2024-04-23T20:46:21,454  INFO [main] parse.UpdateDeleteSemanticAnalyzer: Starting caching scope for: 
2024-04-23T20:46:21,454  INFO [main] HiveMetaStore.audit: ugi=alex	ip=unknown-ip-addr	cmd=get_table : tbl=hive.default.T	
2024-04-23T20:46:21,464  INFO [main] metastore.HMSHandler: Skipping translation for processor with null
2024-04-23T20:46:21,464  INFO [main] parse.RewriteSemanticAnalyzer: Going to reparse <delete from T where a = 1> as 
<insert into table `default`.`T` select ROW__ID from `default`.`T` sort by ROW__ID >
2024-04-23T20:46:21,465  INFO [main] parse.UpdateDeleteSemanticAnalyzer: Starting Semantic Analysis
2024-04-23T20:46:21,468  INFO [main] parse.UpdateDeleteSemanticAnalyzer: Completed phase 1 of Semantic Analysis
2024-04-23T20:46:21,468  INFO [main] parse.UpdateDeleteSemanticAnalyzer: Get metadata for source tables
2024-04-23T20:46:21,469  INFO [main] HiveMetaStore.audit: ugi=alex	ip=unknown-ip-addr	cmd=get_table : tbl=hive.default.t	
2024-04-23T20:46:21,479  INFO [main] metastore.HMSHandler: Skipping translation for processor with null
2024-04-23T20:46:21,479  INFO [main] parse.UpdateDeleteSemanticAnalyzer: Get metadata for subqueries
2024-04-23T20:46:21,479  INFO [main] parse.UpdateDeleteSemanticAnalyzer: Get metadata for destination tables
2024-04-23T20:46:21,480  INFO [main] HiveMetaStore.audit: ugi=alex	ip=unknown-ip-addr	cmd=get_table : tbl=hive.default.T	
2024-04-23T20:46:21,490  INFO [main] metastore.HMSHandler: Skipping translation for processor with null
2024-04-23T20:46:21,490  INFO [main] parse.UpdateDeleteSemanticAnalyzer: Completed getting MetaData in Semantic Analysis
2024-04-23T20:46:21,490  INFO [main] parse.UpdateDeleteSemanticAnalyzer: Disabling LLAP IO encode as ETL query is detected
2024-04-23T20:46:21,506  INFO [main] HiveMetaStore.audit: ugi=alex	ip=unknown-ip-addr	cmd=get_all_table_constraints : tbl=hive.default.t	
2024-04-23T20:46:21,612  INFO [main] calcite.RelOptHiveTable: Calculating column statistics for default.t, projIndxSet: [0], allowMissingStats: true
2024-04-23T20:46:21,612  INFO [main] HiveMetaStore.audit: ugi=alex	ip=unknown-ip-addr	cmd=get_table : tbl=hive.default.t	
2024-04-23T20:46:21,623  INFO [main] metastore.HMSHandler: Skipping translation for processor with null
2024-04-23T20:46:21,625  INFO [main] HiveMetaStore.audit: ugi=alex	ip=unknown-ip-addr	cmd=get_table : tbl=hive.default.t	
2024-04-23T20:46:21,636  INFO [main] metastore.HMSHandler: Skipping translation for processor with null
2024-04-23T20:46:21,637  INFO [main] HiveMetaStore.audit: ugi=alex	ip=unknown-ip-addr	cmd=get_table_statistics_req: table=hive.default.t	
2024-04-23T20:46:21,653  WARN [main] calcite.RelOptHiveTable: No Stats for default@t, Columns: a
No Stats for default@t, Columns: a
2024-04-23T20:46:21,653  INFO [main] SessionState: No Stats for default@t, Columns: a
2024-04-23T20:46:21,744  INFO [main] parse.UpdateDeleteSemanticAnalyzer: Get metadata for source tables
2024-04-23T20:46:21,745  INFO [main] parse.UpdateDeleteSemanticAnalyzer: Get metadata for subqueries
2024-04-23T20:46:21,745  INFO [main] parse.UpdateDeleteSemanticAnalyzer: Get metadata for destination tables
2024-04-23T20:46:21,745  INFO [main] HiveMetaStore.audit: ugi=alex	ip=unknown-ip-addr	cmd=get_table : tbl=hive.default.T	
2024-04-23T20:46:21,754  INFO [main] metastore.HMSHandler: Skipping translation for processor with null
2024-04-23T20:46:21,767  INFO [main] txn.TxnHandler: Allocated writeId: 3 for txnId: 17
2024-04-23T20:46:21,767  INFO [main] txn.TxnHandler: Allocated write ids for dbName=default, tblName=t (txnIds: [17])
2024-04-23T20:46:21,770  INFO [main] parse.UpdateDeleteSemanticAnalyzer: CBO Succeeded; optimized logical plan.
2024-04-23T20:46:21,783  INFO [main] optimizer.ColumnPrunerProcFactory: RS 5 oldColExprMap: {VALUE._col0=Column[_col0]}
2024-04-23T20:46:21,784  INFO [main] optimizer.ColumnPrunerProcFactory: RS 5 newColExprMap: {VALUE._col0=Column[_col0]}
2024-04-23T20:46:21,784  INFO [main] optimizer.ColumnPrunerProcFactory: RS 3 oldColExprMap: {KEY.reducesinkkey0=Column[_col0]}
2024-04-23T20:46:21,784  INFO [main] optimizer.ColumnPrunerProcFactory: RS 3 newColExprMap: {KEY.reducesinkkey0=Column[_col0]}
2024-04-23T20:46:21,786  INFO [main] optimizer.BucketVersionPopulator: not considering bucketingVersion for: TS[0] because it has -1<2 buckets 
2024-04-23T20:46:21,789  INFO [main] optimizer.SortedDynPartitionOptimizer: Sorted dynamic partitioning optimization kicked in..
2024-04-23T20:46:21,799  INFO [main] HiveMetaStore.audit: ugi=alex	ip=unknown-ip-addr	cmd=get_table : tbl=hive.default.t	
2024-04-23T20:46:21,809  INFO [main] metastore.HMSHandler: Skipping translation for processor with null
2024-04-23T20:46:21,809  INFO [main] physical.Vectorizer: Examining input format to see if vectorization is enabled.
2024-04-23T20:46:21,810  INFO [main] physical.Vectorizer: Vectorization is enabled for input format(s) [org.apache.hadoop.hive.ql.io.orc.OrcInputFormat]
2024-04-23T20:46:21,810  INFO [main] physical.Vectorizer: Validating and vectorizing MapWork... (vectorizedVertexNum 0)
2024-04-23T20:46:21,819  INFO [main] physical.Vectorizer: Map vectorization enabled: true
2024-04-23T20:46:21,819  INFO [main] physical.Vectorizer: Map vectorized: true
2024-04-23T20:46:21,819  INFO [main] physical.Vectorizer: Map vectorizedVertexNum: 0
2024-04-23T20:46:21,819  INFO [main] physical.Vectorizer: Map enabledConditionsMet: [hive.vectorized.use.vectorized.input.format IS true]
2024-04-23T20:46:21,819  INFO [main] physical.Vectorizer: Map inputFileFormatClassNameSet: [org.apache.hadoop.hive.ql.io.orc.OrcInputFormat]
2024-04-23T20:46:21,819  INFO [main] physical.Vectorizer: Reduce vectorization enabled: false
2024-04-23T20:46:21,819  INFO [main] physical.Vectorizer: Reduce vectorized: false
2024-04-23T20:46:21,819  INFO [main] physical.Vectorizer: Reduce vectorizedVertexNum: 1
2024-04-23T20:46:21,819  INFO [main] physical.Vectorizer: Reducer hive.vectorized.execution.reduce.enabled: true
2024-04-23T20:46:21,819  INFO [main] physical.Vectorizer: Reducer engine: mr
2024-04-23T20:46:21,820  INFO [main] parse.UpdateDeleteSemanticAnalyzer: Completed plan generation
2024-04-23T20:46:21,820  INFO [main] parse.UpdateDeleteSemanticAnalyzer: Ending caching scope for: 
2024-04-23T20:46:21,820  INFO [main] ql.Driver: Semantic Analysis Completed (retrial = false)
2024-04-23T20:46:21,820  INFO [main] ql.Driver: Created Hive schema: Schema(fieldSchemas:[FieldSchema(name:row__id, type:struct<writeid:bigint,bucketid:int,rowid:bigint>, comment:null)], properties:null)
2024-04-23T20:46:21,820  INFO [main] metadata.Hive: Dumping metastore api call timing information for : compilation phase
2024-04-23T20:46:21,820  INFO [main] metadata.Hive: Total time spent in each metastore function (ms): {allocateTableWriteId_(long, String, String)=7, isCompatibleWith_(Configuration)=0, getValidTxns_(long)=1, getValidWriteIds_(List, String)=5, getAllTableConstraints_(AllTableConstraintsRequest)=6, getTable_(GetTableRequest)=50, getTableColumnStatistics_(String, String, List, String)=41, openTxn_(String, TxnType)=3, commitTxn_(CommitTxnRequest)=13, flushCache_()=0}
2024-04-23T20:46:21,821  INFO [main] ql.Driver: Completed compiling command(queryId=alex_20240423204621_1895eeec-291c-49ad-b2c3-e91f3dfde3a5); Time taken: 0.371 seconds
2024-04-23T20:46:21,821  INFO [main] lockmgr.DbTxnManager: Setting lock request transaction to txnid:17 for queryId=alex_20240423204621_1895eeec-291c-49ad-b2c3-e91f3dfde3a5
2024-04-23T20:46:21,821  INFO [main] lockmgr.DbLockManager: Requesting lock for queryId=alex_20240423204621_1895eeec-291c-49ad-b2c3-e91f3dfde3a5
2024-04-23T20:46:21,853  INFO [main] lockmgr.DbLockManager: Response to queryId=alex_20240423204621_1895eeec-291c-49ad-b2c3-e91f3dfde3a5 LockResponse(lockid:10, state:ACQUIRED)
2024-04-23T20:46:21,853  INFO [main] ql.Driver: Operation QUERY obtained 1 locks
2024-04-23T20:46:21,863  INFO [main] ql.Driver: Executing command(queryId=alex_20240423204621_1895eeec-291c-49ad-b2c3-e91f3dfde3a5): delete from T where a = 1
2024-04-23T20:46:21,863  WARN [main] ql.Driver: Hive-on-MR is deprecated in Hive 2 and may not be available in the future versions. Consider using a different execution engine (i.e. spark, tez) or using Hive 1.X releases.
Query ID = alex_20240423204621_1895eeec-291c-49ad-b2c3-e91f3dfde3a5
2024-04-23T20:46:21,863  INFO [main] ql.Driver: Query ID = alex_20240423204621_1895eeec-291c-49ad-b2c3-e91f3dfde3a5
Total jobs = 1
2024-04-23T20:46:21,863  INFO [main] ql.Driver: Total jobs = 1
Launching Job 1 out of 1
2024-04-23T20:46:21,863  INFO [main] ql.Driver: Launching Job 1 out of 1
2024-04-23T20:46:22,044  INFO [main] ql.Driver: Starting task [Stage-1:MAPRED] in serial mode
2024-04-23T20:46:22,045  INFO [main] exec.Utilities: Not using thread pool for getContentSummary
2024-04-23T20:46:22,053  INFO [main] exec.Utilities: BytesPerReducer=256000000 maxReducers=1009 totalInputFileSize=1374
Number of reduce tasks not specified. Estimated from input data size: 1
2024-04-23T20:46:22,053  INFO [main] exec.Task: Number of reduce tasks not specified. Estimated from input data size: 1
In order to change the average load for a reducer (in bytes):
2024-04-23T20:46:22,053  INFO [main] exec.Task: In order to change the average load for a reducer (in bytes):
  set hive.exec.reducers.bytes.per.reducer=<number>
2024-04-23T20:46:22,053  INFO [main] exec.Task:   set hive.exec.reducers.bytes.per.reducer=<number>
In order to limit the maximum number of reducers:
2024-04-23T20:46:22,053  INFO [main] exec.Task: In order to limit the maximum number of reducers:
  set hive.exec.reducers.max=<number>
2024-04-23T20:46:22,053  INFO [main] exec.Task:   set hive.exec.reducers.max=<number>
In order to set a constant number of reducers:
2024-04-23T20:46:22,053  INFO [main] exec.Task: In order to set a constant number of reducers:
  set mapreduce.job.reduces=<number>
2024-04-23T20:46:22,053  INFO [main] exec.Task:   set mapreduce.job.reduces=<number>
2024-04-23T20:46:22,059  INFO [main] mr.ExecDriver: Using org.apache.hadoop.hive.ql.io.HiveInputFormat
2024-04-23T20:46:22,059  INFO [main] exec.Utilities: Processing alias t
2024-04-23T20:46:22,059  INFO [main] exec.Utilities: Adding 1 inputs; the first input is file:/home/alex/Repositories/hive/ql/target/tmp/org.apache.hadoop.hive.ql.TestTxnCommands3-1713930356371/warehouse/t
2024-04-23T20:46:22,068  INFO [main] exec.SerializationUtilities: Serializing MapWork using kryo
2024-04-23T20:46:22,074  INFO [main] exec.Utilities: Serialized plan (via FILE) - name: null size: 6,79KB
2024-04-23T20:46:22,079  INFO [main] exec.SerializationUtilities: Serializing ReduceWork using kryo
2024-04-23T20:46:22,083  INFO [main] exec.Utilities: Serialized plan (via FILE) - name: null size: 7,39KB
2024-04-23T20:46:22,084  WARN [main] impl.MetricsSystemImpl: JobTracker metrics system already initialized!
2024-04-23T20:46:22,088  INFO [main] fs.FSStatsPublisher: created : file:/home/alex/Repositories/hive/ql/target/tmp/localscratchdir/f783be68-9f52-4771-bf1e-af94061c109c/hive_2024-04-23_20-46-21_464_6703652793716793809-1/-mr-10000
2024-04-23T20:46:22,090  WARN [main] impl.MetricsSystemImpl: JobTracker metrics system already initialized!
2024-04-23T20:46:22,097  WARN [main] mapreduce.JobResourceUploader: Hadoop command-line option parsing not performed. Implement the Tool interface and execute your application with ToolRunner to remedy this.
2024-04-23T20:46:22,102  WARN [main] mapreduce.JobResourceUploader: No job jar file set.  User classes may not be found. See Job or Job#setJar(String).
2024-04-23T20:46:22,106  INFO [main] io.HiveInputFormat: hive.io.file.readcolumn.ids = 0
2024-04-23T20:46:22,106  INFO [main] io.HiveInputFormat: hive.io.file.readcolumn.names = a
2024-04-23T20:46:22,106  INFO [main] io.HiveInputFormat: Generating splits for dirs: file:/home/alex/Repositories/hive/ql/target/tmp/org.apache.hadoop.hive.ql.TestTxnCommands3-1713930356371/warehouse/t
2024-04-23T20:46:22,107  INFO [main] orc.OrcInputFormat: getSplits started
2024-04-23T20:46:22,114  INFO [main] orc.OrcInputFormat: Context:: isAcid: true isVectorMode: true sarg: leaf-(EQUALS a 1) minSplitSize: 1 maxSplitSize: 256000000 splitStrategy: HYBRID footerInSplits: false numBuckets: 0 numThreads: 10 cacheMemSize: 268435456 cacheStripeDetails: true useSoftReference: false writeIdList: default.t:3:9223372036854775807:: isTransactionalTable: true txnProperties: default 
2024-04-23T20:46:22,114  INFO [main] orc.OrcInputFormat: ORC pushdown predicate: leaf-(EQUALS a 1)
2024-04-23T20:46:22,130  INFO [main] orc.OrcInputFormat: FooterCacheHitRatio: 0/2
2024-04-23T20:46:22,131  INFO [main] orc.OrcInputFormat: getSplits finished (#splits: 2). duration: 24 ms
2024-04-23T20:46:22,131  INFO [main] io.HiveInputFormat: number of splits 2
2024-04-23T20:46:22,149  INFO [main] mapreduce.JobSubmitter: number of splits:2
2024-04-23T20:46:22,169  INFO [main] mapreduce.JobSubmitter: Submitting tokens for job: job_local1063535861_0007
2024-04-23T20:46:22,169  INFO [main] mapreduce.JobSubmitter: Executing with tokens: []
2024-04-23T20:46:22,229  INFO [main] mapreduce.Job: The url to track the job: http://localhost:8080/
Job running in-process (local Hadoop)
2024-04-23T20:46:22,229  INFO [main] exec.Task: Job running in-process (local Hadoop)
2024-04-23T20:46:22,230  INFO [Thread-507] mapred.LocalJobRunner: OutputCommitter set in config org.apache.hadoop.hive.ql.io.HiveFileFormatUtils$NullOutputCommitter
2024-04-23T20:46:22,230  INFO [Thread-507] mapred.LocalJobRunner: OutputCommitter is org.apache.hadoop.hive.ql.io.HiveFileFormatUtils$NullOutputCommitter
2024-04-23T20:46:22,232  INFO [Thread-507] mapred.LocalJobRunner: Waiting for map tasks
2024-04-23T20:46:22,232  INFO [LocalJobRunner Map Task Executor #0] mapred.LocalJobRunner: Starting task: attempt_local1063535861_0007_m_000000_0
2024-04-23T20:46:22,233  INFO [LocalJobRunner Map Task Executor #0] mapred.Task:  Using ResourceCalculatorProcessTree : [ ]
2024-04-23T20:46:22,233  INFO [LocalJobRunner Map Task Executor #0] mapred.MapTask: Processing split: org.apache.hadoop.hive.ql.io.orc.OrcInputFormat:OrcSplit [file:/home/alex/Repositories/hive/ql/target/tmp/org.apache.hadoop.hive.ql.TestTxnCommands3-1713930356371/warehouse/t/delta_0000001_0000001_0000/bucket_00000_0, start=0, length=687, isOriginal=false, fileLength=687, hasFooter=false, hasBase=true, deltas=0]
2024-04-23T20:46:22,234  INFO [LocalJobRunner Map Task Executor #0] exec.SerializationUtilities: Deserializing MapWork using kryo
2024-04-23T20:46:22,236  INFO [LocalJobRunner Map Task Executor #0] exec.Utilities: Deserialized plan (via FILE) - name: null size: 6,79KB
2024-04-23T20:46:22,237  INFO [LocalJobRunner Map Task Executor #0] orc.OrcInputFormat: ORC pushdown predicate: leaf-(EQUALS a 1)
2024-04-23T20:46:22,237  INFO [LocalJobRunner Map Task Executor #0] orc.VectorizedOrcAcidRowBatchReader: Read ValidWriteIdList: default.t:3:9223372036854775807:::OrcSplit [file:/home/alex/Repositories/hive/ql/target/tmp/org.apache.hadoop.hive.ql.TestTxnCommands3-1713930356371/warehouse/t/delta_0000001_0000001_0000/bucket_00000_0, start=0, length=687, isOriginal=false, fileLength=687, hasFooter=false, hasBase=true, deltas=0]
2024-04-23T20:46:22,238  INFO [LocalJobRunner Map Task Executor #0] orc.ReaderImpl: Reading ORC rows from file:/home/alex/Repositories/hive/ql/target/tmp/org.apache.hadoop.hive.ql.TestTxnCommands3-1713930356371/warehouse/t/delta_0000001_0000001_0000/bucket_00000_0 with {include: [true, true, false], offset: 0, length: 687, sarg: leaf-(EQUALS a 1), schema: struct<a:int,b:int>, includeAcidColumns: true}
2024-04-23T20:46:22,243  INFO [LocalJobRunner Map Task Executor #0] mapred.MapTask: numReduceTasks: 1
2024-04-23T20:46:22,247  INFO [LocalJobRunner Map Task Executor #0] mapred.MapTask: (EQUATOR) 0 kvi 26214396(104857584)
2024-04-23T20:46:22,247  INFO [LocalJobRunner Map Task Executor #0] mapred.MapTask: mapreduce.task.io.sort.mb: 100
2024-04-23T20:46:22,247  INFO [LocalJobRunner Map Task Executor #0] mapred.MapTask: soft limit at 83886080
2024-04-23T20:46:22,247  INFO [LocalJobRunner Map Task Executor #0] mapred.MapTask: bufstart = 0; bufvoid = 104857600
2024-04-23T20:46:22,247  INFO [LocalJobRunner Map Task Executor #0] mapred.MapTask: kvstart = 26214396; length = 6553600
2024-04-23T20:46:22,247  INFO [LocalJobRunner Map Task Executor #0] mapred.MapTask: Map output collector class = org.apache.hadoop.mapred.MapTask$MapOutputBuffer
2024-04-23T20:46:22,248  INFO [LocalJobRunner Map Task Executor #0] vector.VectorMapOperator: Initializing Operator: MAP[0]
2024-04-23T20:46:22,248  INFO [LocalJobRunner Map Task Executor #0] mr.ExecMapper: 
<MAP>Id =0
  <Children>null
  <\Children>
  <Parent><\Parent>
<\MAP>
2024-04-23T20:46:22,249  INFO [LocalJobRunner Map Task Executor #0] exec.TableScanOperator: Initializing Operator: TS[0]
2024-04-23T20:46:22,249  INFO [LocalJobRunner Map Task Executor #0] vector.VectorFilterOperator: Initializing Operator: FIL[10]
2024-04-23T20:46:22,249  INFO [LocalJobRunner Map Task Executor #0] vector.VectorSelectOperator: Initializing Operator: SEL[11]
2024-04-23T20:46:22,249  INFO [LocalJobRunner Map Task Executor #0] vector.VectorReduceSinkOperator: Initializing Operator: RS[12]
2024-04-23T20:46:22,249  INFO [LocalJobRunner Map Task Executor #0] vector.VectorReduceSinkOperator: Using tag = -1
2024-04-23T20:46:22,250  INFO [LocalJobRunner Map Task Executor #0] vector.VectorReduceSinkOperator: keys are [reducesinkkey0] num distributions: 1
2024-04-23T20:46:22,251 ERROR [LocalJobRunner Map Task Executor #0] mr.ExecMapper: org.apache.hadoop.hive.ql.metadata.HiveException: Hive Runtime Error while processing row 
	at org.apache.hadoop.hive.ql.exec.vector.VectorMapOperator.process(VectorMapOperator.java:993)
	at org.apache.hadoop.hive.ql.exec.mr.ExecMapper.map(ExecMapper.java:148)
	at org.apache.hadoop.mapred.MapRunner.run(MapRunner.java:54)
	at org.apache.hadoop.hive.ql.exec.mr.ExecMapRunner.run(ExecMapRunner.java:37)
	at org.apache.hadoop.mapred.MapTask.runOldMapper(MapTask.java:465)
	at org.apache.hadoop.mapred.MapTask.run(MapTask.java:349)
	at org.apache.hadoop.mapred.LocalJobRunner$Job$MapTaskRunnable.run(LocalJobRunner.java:271)
	at java.util.concurrent.Executors$RunnableAdapter.call(Executors.java:511)
	at java.util.concurrent.FutureTask.run(FutureTask.java:266)
	at java.util.concurrent.ThreadPoolExecutor.runWorker(ThreadPoolExecutor.java:1149)
	at java.util.concurrent.ThreadPoolExecutor$Worker.run(ThreadPoolExecutor.java:624)
	at java.lang.Thread.run(Thread.java:750)
Caused by: org.apache.hadoop.hive.ql.exec.NoMatchingMethodException: No matching method for class org.apache.hadoop.hive.ql.udf.UDFToInteger with (struct<writeid:bigint,bucketid:int,rowid:bigint>). Possible choices: _FUNC_(bigint)  _FUNC_(boolean)  _FUNC_(decimal(38,18))  _FUNC_(double)  _FUNC_(float)  _FUNC_(smallint)  _FUNC_(string)  _FUNC_(struct<writeid:bigint,rowid:int,bucketid:bigint>)  _FUNC_(timestamp)  _FUNC_(tinyint)  _FUNC_(void)  
	at org.apache.hadoop.hive.ql.exec.MethodUtils.getMethodInternal(MethodUtils.java:130)
	at org.apache.hadoop.hive.ql.exec.MethodUtils.getMethodInternal(MethodUtils.java:60)
	at org.apache.hadoop.hive.ql.exec.DefaultUDFMethodResolver.getEvalMethod(DefaultUDFMethodResolver.java:59)
	at org.apache.hadoop.hive.ql.udf.TimestampCastRestrictorResolver.getEvalMethod(TimestampCastRestrictorResolver.java:68)
	at org.apache.hadoop.hive.ql.udf.generic.GenericUDFBridge.initialize(GenericUDFBridge.java:168)
	at org.apache.hadoop.hive.ql.udf.generic.GenericUDF.initializeAndFoldConstants(GenericUDF.java:149)
	at org.apache.hadoop.hive.ql.exec.ExprNodeGenericFuncEvaluator.initialize(ExprNodeGenericFuncEvaluator.java:184)
	at org.apache.hadoop.hive.ql.exec.Operator.initEvaluators(Operator.java:1073)
	at org.apache.hadoop.hive.ql.exec.ReduceSinkOperator.process(ReduceSinkOperator.java:307)
	at org.apache.hadoop.hive.ql.exec.vector.VectorReduceSinkOperator.process(VectorReduceSinkOperator.java:110)
	at org.apache.hadoop.hive.ql.exec.Operator.vectorForward(Operator.java:919)
	at org.apache.hadoop.hive.ql.exec.vector.VectorSelectOperator.process(VectorSelectOperator.java:158)
	at org.apache.hadoop.hive.ql.exec.Operator.vectorForward(Operator.java:919)
	at org.apache.hadoop.hive.ql.exec.vector.VectorFilterOperator.process(VectorFilterOperator.java:136)
	at org.apache.hadoop.hive.ql.exec.Operator.vectorForward(Operator.java:919)
	at org.apache.hadoop.hive.ql.exec.TableScanOperator.process(TableScanOperator.java:171)
	at org.apache.hadoop.hive.ql.exec.vector.VectorMapOperator.deliverVectorizedRowBatch(VectorMapOperator.java:809)
	at org.apache.hadoop.hive.ql.exec.vector.VectorMapOperator.process(VectorMapOperator.java:878)
	... 11 more

2024-04-23T20:46:22,251  INFO [LocalJobRunner Map Task Executor #0] vector.VectorMapOperator: Closing Operator: MAP[0]
2024-04-23T20:46:22,251  INFO [LocalJobRunner Map Task Executor #0] vector.VectorMapOperator: RECORDS_OUT_INTERMEDIATE:0, RECORDS_IN:2, DESERIALIZE_ERRORS:0, RECORDS_OUT_OPERATOR_MAP_0:0, 
2024-04-23T20:46:22,251  INFO [LocalJobRunner Map Task Executor #0] exec.TableScanOperator: Closing Operator: TS[0]
2024-04-23T20:46:22,251  INFO [LocalJobRunner Map Task Executor #0] exec.TableScanOperator: RECORDS_OUT_INTERMEDIATE:0, RECORDS_OUT_OPERATOR_TS_0:2, 
2024-04-23T20:46:22,251  INFO [LocalJobRunner Map Task Executor #0] vector.VectorFilterOperator: Closing Operator: FIL[10]
2024-04-23T20:46:22,251  INFO [LocalJobRunner Map Task Executor #0] vector.VectorFilterOperator: RECORDS_OUT_OPERATOR_FIL_10:1, RECORDS_OUT_INTERMEDIATE:0, 
2024-04-23T20:46:22,251  INFO [LocalJobRunner Map Task Executor #0] vector.VectorSelectOperator: Closing Operator: SEL[11]
2024-04-23T20:46:22,251  INFO [LocalJobRunner Map Task Executor #0] vector.VectorSelectOperator: RECORDS_OUT_INTERMEDIATE:0, RECORDS_OUT_OPERATOR_SEL_11:1, 
2024-04-23T20:46:22,251  INFO [LocalJobRunner Map Task Executor #0] vector.VectorReduceSinkOperator: Closing Operator: RS[12]
2024-04-23T20:46:22,251  INFO [LocalJobRunner Map Task Executor #0] vector.VectorReduceSinkOperator: RS[12]: Total records written - 0. abort - true
2024-04-23T20:46:22,251  INFO [LocalJobRunner Map Task Executor #0] vector.VectorReduceSinkOperator: RECORDS_OUT_OPERATOR_RS_12:0, RECORDS_OUT_INTERMEDIATE:0, 
2024-04-23T20:46:22,252  INFO [LocalJobRunner Map Task Executor #0] mapred.LocalJobRunner: Starting task: attempt_local1063535861_0007_m_000001_0
2024-04-23T20:46:22,252  INFO [LocalJobRunner Map Task Executor #0] mapred.Task:  Using ResourceCalculatorProcessTree : [ ]
2024-04-23T20:46:22,253  INFO [LocalJobRunner Map Task Executor #0] mapred.MapTask: Processing split: org.apache.hadoop.hive.ql.io.orc.OrcInputFormat:OrcSplit [file:/home/alex/Repositories/hive/ql/target/tmp/org.apache.hadoop.hive.ql.TestTxnCommands3-1713930356371/warehouse/t/delta_0000002_0000002_0000/bucket_00000_0, start=0, length=685, isOriginal=false, fileLength=685, hasFooter=false, hasBase=true, deltas=0]
2024-04-23T20:46:22,253  INFO [LocalJobRunner Map Task Executor #0] exec.SerializationUtilities: Deserializing MapWork using kryo
2024-04-23T20:46:22,254  INFO [LocalJobRunner Map Task Executor #0] exec.Utilities: Deserialized plan (via FILE) - name: null size: 6,79KB
2024-04-23T20:46:22,254  INFO [LocalJobRunner Map Task Executor #0] orc.OrcInputFormat: ORC pushdown predicate: leaf-(EQUALS a 1)
2024-04-23T20:46:22,254  INFO [LocalJobRunner Map Task Executor #0] orc.VectorizedOrcAcidRowBatchReader: Read ValidWriteIdList: default.t:3:9223372036854775807:::OrcSplit [file:/home/alex/Repositories/hive/ql/target/tmp/org.apache.hadoop.hive.ql.TestTxnCommands3-1713930356371/warehouse/t/delta_0000002_0000002_0000/bucket_00000_0, start=0, length=685, isOriginal=false, fileLength=685, hasFooter=false, hasBase=true, deltas=0]
2024-04-23T20:46:22,255  INFO [LocalJobRunner Map Task Executor #0] orc.ReaderImpl: Reading ORC rows from file:/home/alex/Repositories/hive/ql/target/tmp/org.apache.hadoop.hive.ql.TestTxnCommands3-1713930356371/warehouse/t/delta_0000002_0000002_0000/bucket_00000_0 with {include: [true, true, false], offset: 0, length: 685, sarg: leaf-(EQUALS a 1), schema: struct<a:int,b:int>, includeAcidColumns: true}
2024-04-23T20:46:22,257  INFO [LocalJobRunner Map Task Executor #0] mapred.MapTask: numReduceTasks: 1
2024-04-23T20:46:22,261  INFO [LocalJobRunner Map Task Executor #0] mapred.MapTask: (EQUATOR) 0 kvi 26214396(104857584)
2024-04-23T20:46:22,261  INFO [LocalJobRunner Map Task Executor #0] mapred.MapTask: mapreduce.task.io.sort.mb: 100
2024-04-23T20:46:22,261  INFO [LocalJobRunner Map Task Executor #0] mapred.MapTask: soft limit at 83886080
2024-04-23T20:46:22,261  INFO [LocalJobRunner Map Task Executor #0] mapred.MapTask: bufstart = 0; bufvoid = 104857600
2024-04-23T20:46:22,261  INFO [LocalJobRunner Map Task Executor #0] mapred.MapTask: kvstart = 26214396; length = 6553600
2024-04-23T20:46:22,262  INFO [LocalJobRunner Map Task Executor #0] mapred.MapTask: Map output collector class = org.apache.hadoop.mapred.MapTask$MapOutputBuffer
2024-04-23T20:46:22,262  INFO [LocalJobRunner Map Task Executor #0] vector.VectorMapOperator: Initializing Operator: MAP[0]
2024-04-23T20:46:22,262  INFO [LocalJobRunner Map Task Executor #0] mr.ExecMapper: 
<MAP>Id =0
  <Children>null
  <\Children>
  <Parent><\Parent>
<\MAP>
2024-04-23T20:46:22,263  INFO [LocalJobRunner Map Task Executor #0] exec.TableScanOperator: Initializing Operator: TS[0]
2024-04-23T20:46:22,263  INFO [LocalJobRunner Map Task Executor #0] vector.VectorFilterOperator: Initializing Operator: FIL[10]
2024-04-23T20:46:22,263  INFO [LocalJobRunner Map Task Executor #0] vector.VectorSelectOperator: Initializing Operator: SEL[11]
2024-04-23T20:46:22,263  INFO [LocalJobRunner Map Task Executor #0] vector.VectorReduceSinkOperator: Initializing Operator: RS[12]
2024-04-23T20:46:22,263  INFO [LocalJobRunner Map Task Executor #0] vector.VectorReduceSinkOperator: Using tag = -1
2024-04-23T20:46:22,264  INFO [LocalJobRunner Map Task Executor #0] vector.VectorReduceSinkOperator: keys are [reducesinkkey0] num distributions: 1
2024-04-23T20:46:22,265 ERROR [LocalJobRunner Map Task Executor #0] mr.ExecMapper: org.apache.hadoop.hive.ql.metadata.HiveException: Hive Runtime Error while processing row 
	at org.apache.hadoop.hive.ql.exec.vector.VectorMapOperator.process(VectorMapOperator.java:993)
	at org.apache.hadoop.hive.ql.exec.mr.ExecMapper.map(ExecMapper.java:148)
	at org.apache.hadoop.mapred.MapRunner.run(MapRunner.java:54)
	at org.apache.hadoop.hive.ql.exec.mr.ExecMapRunner.run(ExecMapRunner.java:37)
	at org.apache.hadoop.mapred.MapTask.runOldMapper(MapTask.java:465)
	at org.apache.hadoop.mapred.MapTask.run(MapTask.java:349)
	at org.apache.hadoop.mapred.LocalJobRunner$Job$MapTaskRunnable.run(LocalJobRunner.java:271)
	at java.util.concurrent.Executors$RunnableAdapter.call(Executors.java:511)
	at java.util.concurrent.FutureTask.run(FutureTask.java:266)
	at java.util.concurrent.ThreadPoolExecutor.runWorker(ThreadPoolExecutor.java:1149)
	at java.util.concurrent.ThreadPoolExecutor$Worker.run(ThreadPoolExecutor.java:624)
	at java.lang.Thread.run(Thread.java:750)
Caused by: org.apache.hadoop.hive.ql.exec.NoMatchingMethodException: No matching method for class org.apache.hadoop.hive.ql.udf.UDFToInteger with (struct<writeid:bigint,bucketid:int,rowid:bigint>). Possible choices: _FUNC_(bigint)  _FUNC_(boolean)  _FUNC_(decimal(38,18))  _FUNC_(double)  _FUNC_(float)  _FUNC_(smallint)  _FUNC_(string)  _FUNC_(struct<writeid:bigint,rowid:int,bucketid:bigint>)  _FUNC_(timestamp)  _FUNC_(tinyint)  _FUNC_(void)  
	at org.apache.hadoop.hive.ql.exec.MethodUtils.getMethodInternal(MethodUtils.java:130)
	at org.apache.hadoop.hive.ql.exec.MethodUtils.getMethodInternal(MethodUtils.java:60)
	at org.apache.hadoop.hive.ql.exec.DefaultUDFMethodResolver.getEvalMethod(DefaultUDFMethodResolver.java:59)
	at org.apache.hadoop.hive.ql.udf.TimestampCastRestrictorResolver.getEvalMethod(TimestampCastRestrictorResolver.java:68)
	at org.apache.hadoop.hive.ql.udf.generic.GenericUDFBridge.initialize(GenericUDFBridge.java:168)
	at org.apache.hadoop.hive.ql.udf.generic.GenericUDF.initializeAndFoldConstants(GenericUDF.java:149)
	at org.apache.hadoop.hive.ql.exec.ExprNodeGenericFuncEvaluator.initialize(ExprNodeGenericFuncEvaluator.java:184)
	at org.apache.hadoop.hive.ql.exec.Operator.initEvaluators(Operator.java:1073)
	at org.apache.hadoop.hive.ql.exec.ReduceSinkOperator.process(ReduceSinkOperator.java:307)
	at org.apache.hadoop.hive.ql.exec.vector.VectorReduceSinkOperator.process(VectorReduceSinkOperator.java:110)
	at org.apache.hadoop.hive.ql.exec.Operator.vectorForward(Operator.java:919)
	at org.apache.hadoop.hive.ql.exec.vector.VectorSelectOperator.process(VectorSelectOperator.java:158)
	at org.apache.hadoop.hive.ql.exec.Operator.vectorForward(Operator.java:919)
	at org.apache.hadoop.hive.ql.exec.vector.VectorFilterOperator.process(VectorFilterOperator.java:136)
	at org.apache.hadoop.hive.ql.exec.Operator.vectorForward(Operator.java:919)
	at org.apache.hadoop.hive.ql.exec.TableScanOperator.process(TableScanOperator.java:171)
	at org.apache.hadoop.hive.ql.exec.vector.VectorMapOperator.deliverVectorizedRowBatch(VectorMapOperator.java:809)
	at org.apache.hadoop.hive.ql.exec.vector.VectorMapOperator.process(VectorMapOperator.java:878)
	... 11 more

2024-04-23T20:46:22,265  INFO [LocalJobRunner Map Task Executor #0] vector.VectorMapOperator: Closing Operator: MAP[0]
2024-04-23T20:46:22,265  INFO [LocalJobRunner Map Task Executor #0] vector.VectorMapOperator: RECORDS_OUT_INTERMEDIATE:0, RECORDS_OUT_OPERATOR_MAP_0:0, RECORDS_IN:2, DESERIALIZE_ERRORS:0, 
2024-04-23T20:46:22,265  INFO [LocalJobRunner Map Task Executor #0] exec.TableScanOperator: Closing Operator: TS[0]
2024-04-23T20:46:22,265  INFO [LocalJobRunner Map Task Executor #0] exec.TableScanOperator: RECORDS_OUT_OPERATOR_TS_0:2, RECORDS_OUT_INTERMEDIATE:0, 
2024-04-23T20:46:22,265  INFO [LocalJobRunner Map Task Executor #0] vector.VectorFilterOperator: Closing Operator: FIL[10]
2024-04-23T20:46:22,265  INFO [LocalJobRunner Map Task Executor #0] vector.VectorFilterOperator: RECORDS_OUT_INTERMEDIATE:0, RECORDS_OUT_OPERATOR_FIL_10:1, 
2024-04-23T20:46:22,265  INFO [LocalJobRunner Map Task Executor #0] vector.VectorSelectOperator: Closing Operator: SEL[11]
2024-04-23T20:46:22,265  INFO [LocalJobRunner Map Task Executor #0] vector.VectorSelectOperator: RECORDS_OUT_OPERATOR_SEL_11:1, RECORDS_OUT_INTERMEDIATE:0, 
2024-04-23T20:46:22,265  INFO [LocalJobRunner Map Task Executor #0] vector.VectorReduceSinkOperator: Closing Operator: RS[12]
2024-04-23T20:46:22,265  INFO [LocalJobRunner Map Task Executor #0] vector.VectorReduceSinkOperator: RS[12]: Total records written - 0. abort - true
2024-04-23T20:46:22,265  INFO [LocalJobRunner Map Task Executor #0] vector.VectorReduceSinkOperator: RECORDS_OUT_INTERMEDIATE:0, RECORDS_OUT_OPERATOR_RS_12:0, 
2024-04-23T20:46:22,265  INFO [Thread-507] mapred.LocalJobRunner: map task executor complete.
2024-04-23T20:46:22,266  WARN [Thread-507] mapred.LocalJobRunner: job_local1063535861_0007
java.lang.Exception: java.lang.RuntimeException: org.apache.hadoop.hive.ql.metadata.HiveException: Hive Runtime Error while processing row 
	at org.apache.hadoop.mapred.LocalJobRunner$Job.runTasks(LocalJobRunner.java:492) ~[hadoop-mapreduce-client-common-3.1.0.jar:?]
	at org.apache.hadoop.mapred.LocalJobRunner$Job.run(LocalJobRunner.java:552) [hadoop-mapreduce-client-common-3.1.0.jar:?]
Caused by: java.lang.RuntimeException: org.apache.hadoop.hive.ql.metadata.HiveException: Hive Runtime Error while processing row 
	at org.apache.hadoop.hive.ql.exec.mr.ExecMapper.map(ExecMapper.java:157) ~[classes/:?]
	at org.apache.hadoop.mapred.MapRunner.run(MapRunner.java:54) ~[hadoop-mapreduce-client-core-3.1.0.jar:?]
	at org.apache.hadoop.hive.ql.exec.mr.ExecMapRunner.run(ExecMapRunner.java:37) ~[classes/:?]
	at org.apache.hadoop.mapred.MapTask.runOldMapper(MapTask.java:465) ~[hadoop-mapreduce-client-core-3.1.0.jar:?]
	at org.apache.hadoop.mapred.MapTask.run(MapTask.java:349) ~[hadoop-mapreduce-client-core-3.1.0.jar:?]
	at org.apache.hadoop.mapred.LocalJobRunner$Job$MapTaskRunnable.run(LocalJobRunner.java:271) ~[hadoop-mapreduce-client-common-3.1.0.jar:?]
	at java.util.concurrent.Executors$RunnableAdapter.call(Executors.java:511) ~[?:1.8.0_402]
	at java.util.concurrent.FutureTask.run(FutureTask.java:266) ~[?:1.8.0_402]
	at java.util.concurrent.ThreadPoolExecutor.runWorker(ThreadPoolExecutor.java:1149) ~[?:1.8.0_402]
	at java.util.concurrent.ThreadPoolExecutor$Worker.run(ThreadPoolExecutor.java:624) ~[?:1.8.0_402]
	at java.lang.Thread.run(Thread.java:750) ~[?:1.8.0_402]
Caused by: org.apache.hadoop.hive.ql.metadata.HiveException: Hive Runtime Error while processing row 
	at org.apache.hadoop.hive.ql.exec.vector.VectorMapOperator.process(VectorMapOperator.java:993) ~[classes/:?]
	at org.apache.hadoop.hive.ql.exec.mr.ExecMapper.map(ExecMapper.java:148) ~[classes/:?]
	at org.apache.hadoop.mapred.MapRunner.run(MapRunner.java:54) ~[hadoop-mapreduce-client-core-3.1.0.jar:?]
	at org.apache.hadoop.hive.ql.exec.mr.ExecMapRunner.run(ExecMapRunner.java:37) ~[classes/:?]
	at org.apache.hadoop.mapred.MapTask.runOldMapper(MapTask.java:465) ~[hadoop-mapreduce-client-core-3.1.0.jar:?]
	at org.apache.hadoop.mapred.MapTask.run(MapTask.java:349) ~[hadoop-mapreduce-client-core-3.1.0.jar:?]
	at org.apache.hadoop.mapred.LocalJobRunner$Job$MapTaskRunnable.run(LocalJobRunner.java:271) ~[hadoop-mapreduce-client-common-3.1.0.jar:?]
	at java.util.concurrent.Executors$RunnableAdapter.call(Executors.java:511) ~[?:1.8.0_402]
	at java.util.concurrent.FutureTask.run(FutureTask.java:266) ~[?:1.8.0_402]
	at java.util.concurrent.ThreadPoolExecutor.runWorker(ThreadPoolExecutor.java:1149) ~[?:1.8.0_402]
	at java.util.concurrent.ThreadPoolExecutor$Worker.run(ThreadPoolExecutor.java:624) ~[?:1.8.0_402]
	at java.lang.Thread.run(Thread.java:750) ~[?:1.8.0_402]
Caused by: org.apache.hadoop.hive.ql.exec.NoMatchingMethodException: No matching method for class org.apache.hadoop.hive.ql.udf.UDFToInteger with (struct<writeid:bigint,bucketid:int,rowid:bigint>). Possible choices: _FUNC_(bigint)  _FUNC_(boolean)  _FUNC_(decimal(38,18))  _FUNC_(double)  _FUNC_(float)  _FUNC_(smallint)  _FUNC_(string)  _FUNC_(struct<writeid:bigint,rowid:int,bucketid:bigint>)  _FUNC_(timestamp)  _FUNC_(tinyint)  _FUNC_(void)  
	at org.apache.hadoop.hive.ql.exec.MethodUtils.getMethodInternal(MethodUtils.java:130) ~[classes/:?]
	at org.apache.hadoop.hive.ql.exec.MethodUtils.getMethodInternal(MethodUtils.java:60) ~[classes/:?]
	at org.apache.hadoop.hive.ql.exec.DefaultUDFMethodResolver.getEvalMethod(DefaultUDFMethodResolver.java:59) ~[classes/:?]
	at org.apache.hadoop.hive.ql.udf.TimestampCastRestrictorResolver.getEvalMethod(TimestampCastRestrictorResolver.java:68) ~[classes/:?]
	at org.apache.hadoop.hive.ql.udf.generic.GenericUDFBridge.initialize(GenericUDFBridge.java:168) ~[classes/:?]
	at org.apache.hadoop.hive.ql.udf.generic.GenericUDF.initializeAndFoldConstants(GenericUDF.java:149) ~[classes/:?]
	at org.apache.hadoop.hive.ql.exec.ExprNodeGenericFuncEvaluator.initialize(ExprNodeGenericFuncEvaluator.java:184) ~[classes/:?]
	at org.apache.hadoop.hive.ql.exec.Operator.initEvaluators(Operator.java:1073) ~[classes/:?]
	at org.apache.hadoop.hive.ql.exec.ReduceSinkOperator.process(ReduceSinkOperator.java:307) ~[classes/:?]
	at org.apache.hadoop.hive.ql.exec.vector.VectorReduceSinkOperator.process(VectorReduceSinkOperator.java:110) ~[classes/:?]
	at org.apache.hadoop.hive.ql.exec.Operator.vectorForward(Operator.java:919) ~[classes/:?]
	at org.apache.hadoop.hive.ql.exec.vector.VectorSelectOperator.process(VectorSelectOperator.java:158) ~[classes/:?]
	at org.apache.hadoop.hive.ql.exec.Operator.vectorForward(Operator.java:919) ~[classes/:?]
	at org.apache.hadoop.hive.ql.exec.vector.VectorFilterOperator.process(VectorFilterOperator.java:136) ~[classes/:?]
	at org.apache.hadoop.hive.ql.exec.Operator.vectorForward(Operator.java:919) ~[classes/:?]
	at org.apache.hadoop.hive.ql.exec.TableScanOperator.process(TableScanOperator.java:171) ~[classes/:?]
	at org.apache.hadoop.hive.ql.exec.vector.VectorMapOperator.deliverVectorizedRowBatch(VectorMapOperator.java:809) ~[classes/:?]
	at org.apache.hadoop.hive.ql.exec.vector.VectorMapOperator.process(VectorMapOperator.java:878) ~[classes/:?]
	at org.apache.hadoop.hive.ql.exec.mr.ExecMapper.map(ExecMapper.java:148) ~[classes/:?]
	at org.apache.hadoop.mapred.MapRunner.run(MapRunner.java:54) ~[hadoop-mapreduce-client-core-3.1.0.jar:?]
	at org.apache.hadoop.hive.ql.exec.mr.ExecMapRunner.run(ExecMapRunner.java:37) ~[classes/:?]
	at org.apache.hadoop.mapred.MapTask.runOldMapper(MapTask.java:465) ~[hadoop-mapreduce-client-core-3.1.0.jar:?]
	at org.apache.hadoop.mapred.MapTask.run(MapTask.java:349) ~[hadoop-mapreduce-client-core-3.1.0.jar:?]
	at org.apache.hadoop.mapred.LocalJobRunner$Job$MapTaskRunnable.run(LocalJobRunner.java:271) ~[hadoop-mapreduce-client-common-3.1.0.jar:?]
	at java.util.concurrent.Executors$RunnableAdapter.call(Executors.java:511) ~[?:1.8.0_402]
	at java.util.concurrent.FutureTask.run(FutureTask.java:266) ~[?:1.8.0_402]
	at java.util.concurrent.ThreadPoolExecutor.runWorker(ThreadPoolExecutor.java:1149) ~[?:1.8.0_402]
	at java.util.concurrent.ThreadPoolExecutor$Worker.run(ThreadPoolExecutor.java:624) ~[?:1.8.0_402]
	at java.lang.Thread.run(Thread.java:750) ~[?:1.8.0_402]
2024-04-23T20:46:23,231  WARN [main] mapreduce.Counters: Group org.apache.hadoop.mapred.Task$Counter is deprecated. Use org.apache.hadoop.mapreduce.TaskCounter instead
2024-04-23 20:46:23,231 Stage-1 map = 0%,  reduce = 0%
2024-04-23T20:46:23,232  INFO [main] exec.Task: 2024-04-23 20:46:23,231 Stage-1 map = 0%,  reduce = 0%
2024-04-23T20:46:23,232  WARN [main] mapreduce.Counters: Group org.apache.hadoop.mapred.Task$Counter is deprecated. Use org.apache.hadoop.mapreduce.TaskCounter instead
Ended Job = job_local1063535861_0007 with errors
2024-04-23T20:46:23,232 ERROR [main] exec.Task: Ended Job = job_local1063535861_0007 with errors
Error during job, obtaining debugging information...
2024-04-23T20:46:23,236 ERROR [Thread-513] exec.Task: Error during job, obtaining debugging information...
2024-04-23T20:46:23,242  INFO [main] FileOperations: Deleting file:/home/alex/Repositories/hive/ql/target/tmp/org.apache.hadoop.hive.ql.TestTxnCommands3-1713930356371/warehouse/t/_tmp.delete_delta_0000003_0000003_0000 on failure
FAILED: Execution Error, return code 2 from org.apache.hadoop.hive.ql.exec.mr.MapRedTask
2024-04-23T20:46:23,243 ERROR [main] ql.Driver: FAILED: Execution Error, return code 2 from org.apache.hadoop.hive.ql.exec.mr.MapRedTask
2024-04-23T20:46:23,243  INFO [main] metadata.Hive: Dumping metastore api call timing information for : execution phase
2024-04-23T20:46:23,243  INFO [main] metadata.Hive: Total time spent in each metastore function (ms): {}
MapReduce Jobs Launched: 
2024-04-23T20:46:23,244  INFO [main] ql.Driver: MapReduce Jobs Launched: 
2024-04-23T20:46:23,244  WARN [main] mapreduce.Counters: Group FileSystemCounters is deprecated. Use org.apache.hadoop.mapreduce.FileSystemCounter instead
Stage-Stage-1:  HDFS Read: 0 HDFS Write: 0 FAIL
2024-04-23T20:46:23,244  INFO [main] ql.Driver: Stage-Stage-1:  HDFS Read: 0 HDFS Write: 0 FAIL
Total MapReduce CPU Time Spent: 0 msec
2024-04-23T20:46:23,244  INFO [main] ql.Driver: Total MapReduce CPU Time Spent: 0 msec
2024-04-23T20:46:23,244  INFO [main] ql.Driver: Completed executing command(queryId=alex_20240423204621_1895eeec-291c-49ad-b2c3-e91f3dfde3a5); Time taken: 1.38 seconds
2024-04-23T20:46:23,245  INFO [main] lockmgr.DbTxnManager: Stopped heartbeat for query: alex_20240423204621_1895eeec-291c-49ad-b2c3-e91f3dfde3a5
2024-04-23T20:46:23,252  INFO [main] txn.TxnHandler: Removed transactions: ([17]) from MIN_HISTORY_LEVEL
2024-04-23T20:46:23,272  INFO [main] ql.TxnCommandsBaseForTests: Running the query: drop table if exists acidTbl
2024-04-23T20:46:23,272  INFO [main] ql.Context: Deleting scratch dir: file:/home/alex/Repositories/hive/ql/target/tmp/localscratchdir/f783be68-9f52-4771-bf1e-af94061c109c/hive_2024-04-23_20-46-21_464_6703652793716793809-1
2024-04-23T20:46:23,273  INFO [main] cleanup.SyncCleanupService: Deleted directory: file:/home/alex/Repositories/hive/ql/target/tmp/localscratchdir/f783be68-9f52-4771-bf1e-af94061c109c/hive_2024-04-23_20-46-21_464_6703652793716793809-1 on fs with scheme file
2024-04-23T20:46:23,273  INFO [main] ql.Context: Deleting scratch dir: file:/home/alex/Repositories/hive/ql/target/tmp/localscratchdir/f783be68-9f52-4771-bf1e-af94061c109c/hive_2024-04-23_20-46-21_449_3597173042027332257-1
2024-04-23T20:46:23,274  INFO [main] cleanup.SyncCleanupService: Deleted directory: file:/home/alex/Repositories/hive/ql/target/tmp/localscratchdir/f783be68-9f52-4771-bf1e-af94061c109c/hive_2024-04-23_20-46-21_449_3597173042027332257-1 on fs with scheme file
2024-04-23T20:46:23,274  INFO [main] ql.Driver: Compiling command(queryId=alex_20240423204623_c0eb4135-1f98-44ce-be80-75dbab1b2481): drop table if exists acidTbl
2024-04-23T20:46:23,278  INFO [main] txn.TxnHandler: Added entries to MIN_HISTORY_LEVEL for current txns: ([18]) with min_open_txn: 18
2024-04-23T20:46:23,279  INFO [main] lockmgr.DbTxnManager: Opened txnid:18
2024-04-23T20:46:23,280  INFO [main] HiveMetaStore.audit: ugi=alex	ip=unknown-ip-addr	cmd=get_table : tbl=hive.default.acidTbl	
2024-04-23T20:46:23,290  INFO [main] metastore.HMSHandler: Skipping translation for processor with null
2024-04-23T20:46:23,291  INFO [main] ql.Driver: Semantic Analysis Completed (retrial = false)
2024-04-23T20:46:23,291  INFO [main] ql.Driver: Created Hive schema: Schema(fieldSchemas:null, properties:null)
2024-04-23T20:46:23,291  INFO [main] metadata.Hive: Dumping metastore api call timing information for : compilation phase
2024-04-23T20:46:23,291  INFO [main] metadata.Hive: Total time spent in each metastore function (ms): {isCompatibleWith_(Configuration)=0, rollbackTxn_(long)=27, openTxn_(String, TxnType)=4, getValidTxns_(long)=1, getTable_(GetTableRequest)=11, flushCache_()=0}
2024-04-23T20:46:23,291  INFO [main] ql.Driver: Completed compiling command(queryId=alex_20240423204623_c0eb4135-1f98-44ce-be80-75dbab1b2481); Time taken: 0.017 seconds
2024-04-23T20:46:23,291  INFO [main] lockmgr.DbTxnManager: Setting lock request transaction to txnid:18 for queryId=alex_20240423204623_c0eb4135-1f98-44ce-be80-75dbab1b2481
2024-04-23T20:46:23,292  INFO [main] lockmgr.DbLockManager: Requesting lock for queryId=alex_20240423204623_c0eb4135-1f98-44ce-be80-75dbab1b2481
2024-04-23T20:46:23,316  INFO [main] lockmgr.DbLockManager: Response to queryId=alex_20240423204623_c0eb4135-1f98-44ce-be80-75dbab1b2481 LockResponse(lockid:11, state:ACQUIRED)
2024-04-23T20:46:23,316  INFO [main] ql.Driver: Operation DROPTABLE obtained 1 locks
2024-04-23T20:46:23,316  INFO [main] ql.Driver: Executing command(queryId=alex_20240423204623_c0eb4135-1f98-44ce-be80-75dbab1b2481): drop table if exists acidTbl
2024-04-23T20:46:23,317  INFO [main] ql.Driver: Starting task [Stage-0:DDL] in serial mode
2024-04-23T20:46:23,317  INFO [main] HiveMetaStore.audit: ugi=alex	ip=unknown-ip-addr	cmd=get_table : tbl=hive.default.acidTbl	
2024-04-23T20:46:23,330  INFO [main] metastore.HMSHandler: Skipping translation for processor with null
2024-04-23T20:46:23,330  INFO [main] HiveMetaStore.audit: ugi=alex	ip=unknown-ip-addr	cmd=get_table : tbl=hive.default.acidTbl	
2024-04-23T20:46:23,339  INFO [main] metastore.HMSHandler: Skipping translation for processor with null
2024-04-23T20:46:23,340  INFO [main] HiveMetaStore.audit: ugi=alex	ip=unknown-ip-addr	cmd=drop_table : tbl=hive.default.acidTbl	
2024-04-23T20:46:23,477  INFO [main] metadata.Hive: Dumping metastore api call timing information for : execution phase
2024-04-23T20:46:23,477  INFO [main] metadata.Hive: Total time spent in each metastore function (ms): {isCompatibleWith_(Configuration)=0, dropTable_(String, String, boolean, boolean, boolean)=146, getTable_(GetTableRequest)=13}
2024-04-23T20:46:23,477  INFO [main] ql.Driver: Completed executing command(queryId=alex_20240423204623_c0eb4135-1f98-44ce-be80-75dbab1b2481); Time taken: 0.161 seconds
2024-04-23T20:46:23,477  INFO [main] lockmgr.DbTxnManager: Stopped heartbeat for query: alex_20240423204623_c0eb4135-1f98-44ce-be80-75dbab1b2481
2024-04-23T20:46:23,482  INFO [main] txn.TxnHandler: Expected to move at least one record from txn_components to completed_txn_components when committing txn! txnid:18
2024-04-23T20:46:23,490  INFO [main] txn.TxnHandler: Removed transactions: ([18]) from MIN_HISTORY_LEVEL
2024-04-23T20:46:23,490  WARN [main] txn.CompactionTxnHandler: No compaction queue record found for Compaction type transaction commit. txnId:18
2024-04-23T20:46:23,491  INFO [main] ql.TxnCommandsBaseForTests: Running the query: drop table if exists acidTblPart
2024-04-23T20:46:23,491  INFO [main] ql.Driver: Compiling command(queryId=alex_20240423204623_98d0d438-1b8b-430e-a6e2-980b420adccc): drop table if exists acidTblPart
2024-04-23T20:46:23,494  INFO [main] txn.TxnHandler: Added entries to MIN_HISTORY_LEVEL for current txns: ([19]) with min_open_txn: 18
2024-04-23T20:46:23,494  INFO [main] lockmgr.DbTxnManager: Opened txnid:19
2024-04-23T20:46:23,495  INFO [main] HiveMetaStore.audit: ugi=alex	ip=unknown-ip-addr	cmd=get_table : tbl=hive.default.acidTblPart	
2024-04-23T20:46:23,515  INFO [main] metastore.HMSHandler: Skipping translation for processor with null
2024-04-23T20:46:23,515  INFO [main] ql.Driver: Semantic Analysis Completed (retrial = false)
2024-04-23T20:46:23,515  INFO [main] ql.Driver: Created Hive schema: Schema(fieldSchemas:null, properties:null)
2024-04-23T20:46:23,515  INFO [main] metadata.Hive: Dumping metastore api call timing information for : compilation phase
2024-04-23T20:46:23,515  INFO [main] metadata.Hive: Total time spent in each metastore function (ms): {isCompatibleWith_(Configuration)=1, getTable_(GetTableRequest)=20, flushCache_()=0, getValidTxns_(long)=1, openTxn_(String, TxnType)=2, commitTxn_(CommitTxnRequest)=13}
2024-04-23T20:46:23,516  INFO [main] ql.Driver: Completed compiling command(queryId=alex_20240423204623_98d0d438-1b8b-430e-a6e2-980b420adccc); Time taken: 0.024 seconds
2024-04-23T20:46:23,516  INFO [main] lockmgr.DbTxnManager: Setting lock request transaction to txnid:19 for queryId=alex_20240423204623_98d0d438-1b8b-430e-a6e2-980b420adccc
2024-04-23T20:46:23,517  INFO [main] lockmgr.DbLockManager: Requesting lock for queryId=alex_20240423204623_98d0d438-1b8b-430e-a6e2-980b420adccc
2024-04-23T20:46:23,534  INFO [main] lockmgr.DbLockManager: Response to queryId=alex_20240423204623_98d0d438-1b8b-430e-a6e2-980b420adccc LockResponse(lockid:12, state:ACQUIRED)
2024-04-23T20:46:23,534  INFO [main] ql.Driver: Operation DROPTABLE obtained 1 locks
2024-04-23T20:46:23,534  INFO [main] ql.Driver: Executing command(queryId=alex_20240423204623_98d0d438-1b8b-430e-a6e2-980b420adccc): drop table if exists acidTblPart
2024-04-23T20:46:23,534  INFO [main] ql.Driver: Starting task [Stage-0:DDL] in serial mode
2024-04-23T20:46:23,535  INFO [main] HiveMetaStore.audit: ugi=alex	ip=unknown-ip-addr	cmd=get_table : tbl=hive.default.acidTblPart	
2024-04-23T20:46:23,544  INFO [main] metastore.HMSHandler: Skipping translation for processor with null
2024-04-23T20:46:23,544  INFO [main] HiveMetaStore.audit: ugi=alex	ip=unknown-ip-addr	cmd=get_table : tbl=hive.default.acidTblPart	
2024-04-23T20:46:23,553  INFO [main] metastore.HMSHandler: Skipping translation for processor with null
2024-04-23T20:46:23,554  INFO [main] HiveMetaStore.audit: ugi=alex	ip=unknown-ip-addr	cmd=drop_table : tbl=hive.default.acidTblPart	
2024-04-23T20:46:23,610  INFO [main] metadata.Hive: Dumping metastore api call timing information for : execution phase
2024-04-23T20:46:23,610  INFO [main] metadata.Hive: Total time spent in each metastore function (ms): {dropTable_(String, String, boolean, boolean, boolean)=66, isCompatibleWith_(Configuration)=0, getTable_(GetTableRequest)=10}
2024-04-23T20:46:23,611  INFO [main] ql.Driver: Completed executing command(queryId=alex_20240423204623_98d0d438-1b8b-430e-a6e2-980b420adccc); Time taken: 0.076 seconds
2024-04-23T20:46:23,611  INFO [main] lockmgr.DbTxnManager: Stopped heartbeat for query: alex_20240423204623_98d0d438-1b8b-430e-a6e2-980b420adccc
2024-04-23T20:46:23,615  INFO [main] txn.TxnHandler: Expected to move at least one record from txn_components to completed_txn_components when committing txn! txnid:19
2024-04-23T20:46:23,624  INFO [main] txn.TxnHandler: Removed transactions: ([19]) from MIN_HISTORY_LEVEL
2024-04-23T20:46:23,624  WARN [main] txn.CompactionTxnHandler: No compaction queue record found for Compaction type transaction commit. txnId:19
2024-04-23T20:46:23,625  INFO [main] ql.TxnCommandsBaseForTests: Running the query: drop table if exists acidTbl2
2024-04-23T20:46:23,625  INFO [main] ql.Driver: Compiling command(queryId=alex_20240423204623_eab690dd-5cf0-4b01-8492-7debf368d589): drop table if exists acidTbl2
2024-04-23T20:46:23,628  INFO [main] txn.TxnHandler: Added entries to MIN_HISTORY_LEVEL for current txns: ([20]) with min_open_txn: 18
2024-04-23T20:46:23,629  INFO [main] lockmgr.DbTxnManager: Opened txnid:20
2024-04-23T20:46:23,630  INFO [main] ql.Driver: Semantic Analysis Completed (retrial = false)
2024-04-23T20:46:23,630  INFO [main] ql.Driver: Created Hive schema: Schema(fieldSchemas:null, properties:null)
2024-04-23T20:46:23,630  INFO [main] metadata.Hive: Dumping metastore api call timing information for : compilation phase
2024-04-23T20:46:23,630  INFO [main] metadata.Hive: Total time spent in each metastore function (ms): {flushCache_()=0, isCompatibleWith_(Configuration)=0, openTxn_(String, TxnType)=3, getValidTxns_(long)=0, getTable_(GetTableRequest)=0, commitTxn_(CommitTxnRequest)=13}
2024-04-23T20:46:23,630  INFO [main] ql.Driver: Completed compiling command(queryId=alex_20240423204623_eab690dd-5cf0-4b01-8492-7debf368d589); Time taken: 0.005 seconds
2024-04-23T20:46:23,631  INFO [main] lockmgr.DbTxnManager: Setting lock request transaction to txnid:20 for queryId=alex_20240423204623_eab690dd-5cf0-4b01-8492-7debf368d589
2024-04-23T20:46:23,631  INFO [main] ql.Driver: Operation DROPTABLE obtained 0 locks
2024-04-23T20:46:23,631  INFO [main] ql.Driver: Executing command(queryId=alex_20240423204623_eab690dd-5cf0-4b01-8492-7debf368d589): drop table if exists acidTbl2
2024-04-23T20:46:23,631  INFO [main] ql.Driver: Starting task [Stage-0:DDL] in serial mode
2024-04-23T20:46:23,632  INFO [main] metadata.SessionHiveMetaStoreClient: Column stats doesn't exist for db=default temp table=acidTbl2
2024-04-23T20:46:23,632  INFO [main] metadata.Hive: Dumping metastore api call timing information for : execution phase
2024-04-23T20:46:23,632  INFO [main] metadata.Hive: Total time spent in each metastore function (ms): {dropTable_(String, String, boolean, boolean, boolean)=1, isCompatibleWith_(Configuration)=0, getTable_(GetTableRequest)=0}
2024-04-23T20:46:23,633  INFO [main] ql.Driver: Completed executing command(queryId=alex_20240423204623_eab690dd-5cf0-4b01-8492-7debf368d589); Time taken: 0.001 seconds
2024-04-23T20:46:23,633  INFO [main] lockmgr.DbTxnManager: Stopped heartbeat for query: alex_20240423204623_eab690dd-5cf0-4b01-8492-7debf368d589
2024-04-23T20:46:23,639  INFO [main] txn.TxnHandler: Expected to move at least one record from txn_components to completed_txn_components when committing txn! txnid:20
2024-04-23T20:46:23,646  INFO [main] txn.TxnHandler: Removed transactions: ([20]) from MIN_HISTORY_LEVEL
2024-04-23T20:46:23,646  WARN [main] txn.CompactionTxnHandler: No compaction queue record found for Compaction type transaction commit. txnId:20
2024-04-23T20:46:23,647  INFO [main] ql.TxnCommandsBaseForTests: Running the query: drop table if exists nonAcidOrcTbl
2024-04-23T20:46:23,648  INFO [main] ql.Driver: Compiling command(queryId=alex_20240423204623_1bdf1f14-f9e2-4c1b-b3c9-3151f981af93): drop table if exists nonAcidOrcTbl
2024-04-23T20:46:23,650  INFO [main] txn.TxnHandler: Added entries to MIN_HISTORY_LEVEL for current txns: ([21]) with min_open_txn: 18
2024-04-23T20:46:23,651  INFO [main] lockmgr.DbTxnManager: Opened txnid:21
2024-04-23T20:46:23,652  INFO [main] HiveMetaStore.audit: ugi=alex	ip=unknown-ip-addr	cmd=get_table : tbl=hive.default.nonAcidOrcTbl	
2024-04-23T20:46:23,681  INFO [main] metastore.HMSHandler: Skipping translation for processor with null
2024-04-23T20:46:23,681  INFO [main] ql.Driver: Semantic Analysis Completed (retrial = false)
2024-04-23T20:46:23,681  INFO [main] ql.Driver: Created Hive schema: Schema(fieldSchemas:null, properties:null)
2024-04-23T20:46:23,681  INFO [main] metadata.Hive: Dumping metastore api call timing information for : compilation phase
2024-04-23T20:46:23,682  INFO [main] metadata.Hive: Total time spent in each metastore function (ms): {getValidTxns_(long)=1, openTxn_(String, TxnType)=3, commitTxn_(CommitTxnRequest)=14, getTable_(GetTableRequest)=29, flushCache_()=0, isCompatibleWith_(Configuration)=0}
2024-04-23T20:46:23,682  INFO [main] ql.Driver: Completed compiling command(queryId=alex_20240423204623_1bdf1f14-f9e2-4c1b-b3c9-3151f981af93); Time taken: 0.033 seconds
2024-04-23T20:46:23,682  INFO [main] lockmgr.DbTxnManager: Setting lock request transaction to txnid:21 for queryId=alex_20240423204623_1bdf1f14-f9e2-4c1b-b3c9-3151f981af93
2024-04-23T20:46:23,683  INFO [main] lockmgr.DbLockManager: Requesting lock for queryId=alex_20240423204623_1bdf1f14-f9e2-4c1b-b3c9-3151f981af93
2024-04-23T20:46:23,701  INFO [main] lockmgr.DbLockManager: Response to queryId=alex_20240423204623_1bdf1f14-f9e2-4c1b-b3c9-3151f981af93 LockResponse(lockid:13, state:ACQUIRED)
2024-04-23T20:46:23,702  INFO [main] ql.Driver: Operation DROPTABLE obtained 1 locks
2024-04-23T20:46:23,702  INFO [main] ql.Driver: Executing command(queryId=alex_20240423204623_1bdf1f14-f9e2-4c1b-b3c9-3151f981af93): drop table if exists nonAcidOrcTbl
2024-04-23T20:46:23,702  INFO [main] ql.Driver: Starting task [Stage-0:DDL] in serial mode
2024-04-23T20:46:23,702  INFO [main] HiveMetaStore.audit: ugi=alex	ip=unknown-ip-addr	cmd=get_table : tbl=hive.default.nonAcidOrcTbl	
2024-04-23T20:46:23,714  INFO [main] metastore.HMSHandler: Skipping translation for processor with null
2024-04-23T20:46:23,715  INFO [main] HiveMetaStore.audit: ugi=alex	ip=unknown-ip-addr	cmd=get_table : tbl=hive.default.nonAcidOrcTbl	
2024-04-23T20:46:23,729  INFO [main] metastore.HMSHandler: Skipping translation for processor with null
2024-04-23T20:46:23,729  INFO [main] HiveMetaStore.audit: ugi=alex	ip=unknown-ip-addr	cmd=drop_table : tbl=hive.default.nonAcidOrcTbl	
2024-04-23T20:46:23,842  INFO [main] metadata.Hive: Dumping metastore api call timing information for : execution phase
2024-04-23T20:46:23,842  INFO [main] metadata.Hive: Total time spent in each metastore function (ms): {getTable_(GetTableRequest)=12, isCompatibleWith_(Configuration)=0, dropTable_(String, String, boolean, boolean, boolean)=128}
2024-04-23T20:46:23,842  INFO [main] ql.Driver: Completed executing command(queryId=alex_20240423204623_1bdf1f14-f9e2-4c1b-b3c9-3151f981af93); Time taken: 0.14 seconds
2024-04-23T20:46:23,842  INFO [main] lockmgr.DbTxnManager: Stopped heartbeat for query: alex_20240423204623_1bdf1f14-f9e2-4c1b-b3c9-3151f981af93
2024-04-23T20:46:23,847  INFO [main] txn.TxnHandler: Expected to move at least one record from txn_components to completed_txn_components when committing txn! txnid:21
2024-04-23T20:46:23,854  INFO [main] txn.TxnHandler: Removed transactions: ([21]) from MIN_HISTORY_LEVEL
2024-04-23T20:46:23,854  WARN [main] txn.CompactionTxnHandler: No compaction queue record found for Compaction type transaction commit. txnId:21
2024-04-23T20:46:23,855  INFO [main] ql.TxnCommandsBaseForTests: Running the query: drop table if exists nonAcidOrcTbl2
2024-04-23T20:46:23,855  INFO [main] ql.Driver: Compiling command(queryId=alex_20240423204623_4a33942c-11b6-4d7f-af36-8fa5798e46b7): drop table if exists nonAcidOrcTbl2
2024-04-23T20:46:23,858  INFO [main] txn.TxnHandler: Added entries to MIN_HISTORY_LEVEL for current txns: ([22]) with min_open_txn: 18
2024-04-23T20:46:23,858  INFO [main] lockmgr.DbTxnManager: Opened txnid:22
2024-04-23T20:46:23,859  INFO [main] HiveMetaStore.audit: ugi=alex	ip=unknown-ip-addr	cmd=get_table : tbl=hive.default.nonAcidOrcTbl2	
2024-04-23T20:46:23,871  INFO [main] metastore.HMSHandler: Skipping translation for processor with null
2024-04-23T20:46:23,872  INFO [main] ql.Driver: Semantic Analysis Completed (retrial = false)
2024-04-23T20:46:23,872  INFO [main] ql.Driver: Created Hive schema: Schema(fieldSchemas:null, properties:null)
2024-04-23T20:46:23,872  INFO [main] metadata.Hive: Dumping metastore api call timing information for : compilation phase
2024-04-23T20:46:23,872  INFO [main] metadata.Hive: Total time spent in each metastore function (ms): {getValidTxns_(long)=0, getTable_(GetTableRequest)=13, flushCache_()=0, isCompatibleWith_(Configuration)=0, commitTxn_(CommitTxnRequest)=12, openTxn_(String, TxnType)=2}
2024-04-23T20:46:23,872  INFO [main] ql.Driver: Completed compiling command(queryId=alex_20240423204623_4a33942c-11b6-4d7f-af36-8fa5798e46b7); Time taken: 0.017 seconds
2024-04-23T20:46:23,872  INFO [main] lockmgr.DbTxnManager: Setting lock request transaction to txnid:22 for queryId=alex_20240423204623_4a33942c-11b6-4d7f-af36-8fa5798e46b7
2024-04-23T20:46:23,873  INFO [main] lockmgr.DbLockManager: Requesting lock for queryId=alex_20240423204623_4a33942c-11b6-4d7f-af36-8fa5798e46b7
2024-04-23T20:46:23,890  INFO [main] lockmgr.DbLockManager: Response to queryId=alex_20240423204623_4a33942c-11b6-4d7f-af36-8fa5798e46b7 LockResponse(lockid:14, state:ACQUIRED)
2024-04-23T20:46:23,891  INFO [main] ql.Driver: Operation DROPTABLE obtained 1 locks
2024-04-23T20:46:23,891  INFO [main] ql.Driver: Executing command(queryId=alex_20240423204623_4a33942c-11b6-4d7f-af36-8fa5798e46b7): drop table if exists nonAcidOrcTbl2
2024-04-23T20:46:23,891  INFO [main] ql.Driver: Starting task [Stage-0:DDL] in serial mode
2024-04-23T20:46:23,891  INFO [main] HiveMetaStore.audit: ugi=alex	ip=unknown-ip-addr	cmd=get_table : tbl=hive.default.nonAcidOrcTbl2	
2024-04-23T20:46:23,902  INFO [main] metastore.HMSHandler: Skipping translation for processor with null
2024-04-23T20:46:23,903  INFO [main] HiveMetaStore.audit: ugi=alex	ip=unknown-ip-addr	cmd=get_table : tbl=hive.default.nonAcidOrcTbl2	
2024-04-23T20:46:23,913  INFO [main] metastore.HMSHandler: Skipping translation for processor with null
2024-04-23T20:46:23,913  INFO [main] HiveMetaStore.audit: ugi=alex	ip=unknown-ip-addr	cmd=drop_table : tbl=hive.default.nonAcidOrcTbl2	
2024-04-23T20:46:23,954  INFO [main] metadata.Hive: Dumping metastore api call timing information for : execution phase
2024-04-23T20:46:23,954  INFO [main] metadata.Hive: Total time spent in each metastore function (ms): {getTable_(GetTableRequest)=12, dropTable_(String, String, boolean, boolean, boolean)=51, isCompatibleWith_(Configuration)=0}
2024-04-23T20:46:23,954  INFO [main] ql.Driver: Completed executing command(queryId=alex_20240423204623_4a33942c-11b6-4d7f-af36-8fa5798e46b7); Time taken: 0.063 seconds
2024-04-23T20:46:23,954  INFO [main] lockmgr.DbTxnManager: Stopped heartbeat for query: alex_20240423204623_4a33942c-11b6-4d7f-af36-8fa5798e46b7
2024-04-23T20:46:23,959  INFO [main] txn.TxnHandler: Expected to move at least one record from txn_components to completed_txn_components when committing txn! txnid:22
2024-04-23T20:46:23,965  INFO [main] txn.TxnHandler: Removed transactions: ([22]) from MIN_HISTORY_LEVEL
2024-04-23T20:46:23,965  WARN [main] txn.CompactionTxnHandler: No compaction queue record found for Compaction type transaction commit. txnId:22
2024-04-23T20:46:23,966  INFO [main] ql.TxnCommandsBaseForTests: Running the query: drop table if exists nonAcidNonBucket
2024-04-23T20:46:23,967  INFO [main] ql.Driver: Compiling command(queryId=alex_20240423204623_c993e934-a1e4-4e51-b751-56da014057b7): drop table if exists nonAcidNonBucket
2024-04-23T20:46:23,970  INFO [main] txn.TxnHandler: Added entries to MIN_HISTORY_LEVEL for current txns: ([23]) with min_open_txn: 18
2024-04-23T20:46:23,971  INFO [main] lockmgr.DbTxnManager: Opened txnid:23
2024-04-23T20:46:23,972  INFO [main] HiveMetaStore.audit: ugi=alex	ip=unknown-ip-addr	cmd=get_table : tbl=hive.default.nonAcidNonBucket	
2024-04-23T20:46:23,983  INFO [main] metastore.HMSHandler: Skipping translation for processor with null
2024-04-23T20:46:23,983  INFO [main] ql.Driver: Semantic Analysis Completed (retrial = false)
2024-04-23T20:46:23,983  INFO [main] ql.Driver: Created Hive schema: Schema(fieldSchemas:null, properties:null)
2024-04-23T20:46:23,983  INFO [main] metadata.Hive: Dumping metastore api call timing information for : compilation phase
2024-04-23T20:46:23,983  INFO [main] metadata.Hive: Total time spent in each metastore function (ms): {commitTxn_(CommitTxnRequest)=12, openTxn_(String, TxnType)=4, getValidTxns_(long)=1, flushCache_()=0, getTable_(GetTableRequest)=11, isCompatibleWith_(Configuration)=0}
2024-04-23T20:46:23,984  INFO [main] ql.Driver: Completed compiling command(queryId=alex_20240423204623_c993e934-a1e4-4e51-b751-56da014057b7); Time taken: 0.017 seconds
2024-04-23T20:46:23,984  INFO [main] lockmgr.DbTxnManager: Setting lock request transaction to txnid:23 for queryId=alex_20240423204623_c993e934-a1e4-4e51-b751-56da014057b7
2024-04-23T20:46:23,985  INFO [main] lockmgr.DbLockManager: Requesting lock for queryId=alex_20240423204623_c993e934-a1e4-4e51-b751-56da014057b7
2024-04-23T20:46:24,001  INFO [main] lockmgr.DbLockManager: Response to queryId=alex_20240423204623_c993e934-a1e4-4e51-b751-56da014057b7 LockResponse(lockid:15, state:ACQUIRED)
2024-04-23T20:46:24,001  INFO [main] ql.Driver: Operation DROPTABLE obtained 1 locks
2024-04-23T20:46:24,001  INFO [main] ql.Driver: Executing command(queryId=alex_20240423204623_c993e934-a1e4-4e51-b751-56da014057b7): drop table if exists nonAcidNonBucket
2024-04-23T20:46:24,002  INFO [main] ql.Driver: Starting task [Stage-0:DDL] in serial mode
2024-04-23T20:46:24,002  INFO [main] HiveMetaStore.audit: ugi=alex	ip=unknown-ip-addr	cmd=get_table : tbl=hive.default.nonAcidNonBucket	
2024-04-23T20:46:24,013  INFO [main] metastore.HMSHandler: Skipping translation for processor with null
2024-04-23T20:46:24,014  INFO [main] HiveMetaStore.audit: ugi=alex	ip=unknown-ip-addr	cmd=get_table : tbl=hive.default.nonAcidNonBucket	
2024-04-23T20:46:24,025  INFO [main] metastore.HMSHandler: Skipping translation for processor with null
2024-04-23T20:46:24,025  INFO [main] HiveMetaStore.audit: ugi=alex	ip=unknown-ip-addr	cmd=drop_table : tbl=hive.default.nonAcidNonBucket	
2024-04-23T20:46:24,075  INFO [main] metadata.Hive: Dumping metastore api call timing information for : execution phase
2024-04-23T20:46:24,075  INFO [main] metadata.Hive: Total time spent in each metastore function (ms): {getTable_(GetTableRequest)=11, isCompatibleWith_(Configuration)=0, dropTable_(String, String, boolean, boolean, boolean)=60}
2024-04-23T20:46:24,075  INFO [main] ql.Driver: Completed executing command(queryId=alex_20240423204623_c993e934-a1e4-4e51-b751-56da014057b7); Time taken: 0.073 seconds
2024-04-23T20:46:24,075  INFO [main] lockmgr.DbTxnManager: Stopped heartbeat for query: alex_20240423204623_c993e934-a1e4-4e51-b751-56da014057b7
2024-04-23T20:46:24,080  INFO [main] txn.TxnHandler: Expected to move at least one record from txn_components to completed_txn_components when committing txn! txnid:23
2024-04-23T20:46:24,087  INFO [main] txn.TxnHandler: Removed transactions: ([23]) from MIN_HISTORY_LEVEL
2024-04-23T20:46:24,088  WARN [main] txn.CompactionTxnHandler: No compaction queue record found for Compaction type transaction commit. txnId:23
2024-04-23T20:46:24,088  INFO [main] utils.TestTxnDbUtil: Cleaning transactional tables
]]></system-err>
  </testcase>
  <testcase name="testWritesToDisabledCompactionTableCtas" classname="org.apache.hadoop.hive.ql.TestTxnCommands3" time="5.016"/>
  <testcase name="testMajorCompactionAbortLeftoverFiles" classname="org.apache.hadoop.hive.ql.TestTxnCommands3" time="13.975"/>
  <testcase name="testDeleteEventPruningOn" classname="org.apache.hadoop.hive.ql.TestTxnCommands3" time="5.968">
    <error type="java.lang.RuntimeException"><![CDATA[java.lang.RuntimeException: delete from T where a = 1 failed: (responseCode = 40000, errorMessage = FAILED: NoMatchingMethodException No matching method for class org.apache.hadoop.hive.ql.udf.UDFToInteger with (struct<writeid:bigint,bucketid:int,rowid:bigint>). Possible choices: _FUNC_(bigint)  _FUNC_(boolean)  _FUNC_(decimal(38,18))  _FUNC_(double)  _FUNC_(float)  _FUNC_(smallint)  _FUNC_(string)  _FUNC_(struct<writeid:bigint,rowid:int,bucketid:bigint>)  _FUNC_(timestamp)  _FUNC_(tinyint)  _FUNC_(void)  , hiveErrorCode = 40000, SQLState = 42000, exception = No matching method for class org.apache.hadoop.hive.ql.udf.UDFToInteger with (struct<writeid:bigint,bucketid:int,rowid:bigint>). Possible choices: _FUNC_(bigint)  _FUNC_(boolean)  _FUNC_(decimal(38,18))  _FUNC_(double)  _FUNC_(float)  _FUNC_(smallint)  _FUNC_(string)  _FUNC_(struct<writeid:bigint,rowid:int,bucketid:bigint>)  _FUNC_(timestamp)  _FUNC_(tinyint)  _FUNC_(void)  )
	at org.apache.hadoop.hive.ql.TxnCommandsBaseForTests.runStatementOnDriver(TxnCommandsBaseForTests.java:247)
	at org.apache.hadoop.hive.ql.TestTxnCommands3.testDeleteEventPruning(TestTxnCommands3.java:167)
	at org.apache.hadoop.hive.ql.TestTxnCommands3.testDeleteEventPruningOn(TestTxnCommands3.java:137)
	at sun.reflect.NativeMethodAccessorImpl.invoke0(Native Method)
	at sun.reflect.NativeMethodAccessorImpl.invoke(NativeMethodAccessorImpl.java:62)
	at sun.reflect.DelegatingMethodAccessorImpl.invoke(DelegatingMethodAccessorImpl.java:43)
	at java.lang.reflect.Method.invoke(Method.java:498)
	at org.junit.runners.model.FrameworkMethod$1.runReflectiveCall(FrameworkMethod.java:59)
	at org.junit.internal.runners.model.ReflectiveCallable.run(ReflectiveCallable.java:12)
	at org.junit.runners.model.FrameworkMethod.invokeExplosively(FrameworkMethod.java:56)
	at org.junit.internal.runners.statements.InvokeMethod.evaluate(InvokeMethod.java:17)
	at org.junit.internal.runners.statements.RunBefores.evaluate(RunBefores.java:26)
	at org.junit.internal.runners.statements.RunAfters.evaluate(RunAfters.java:27)
	at org.junit.rules.TestWatcher$1.evaluate(TestWatcher.java:61)
	at org.junit.runners.ParentRunner$3.evaluate(ParentRunner.java:306)
	at org.junit.runners.BlockJUnit4ClassRunner$1.evaluate(BlockJUnit4ClassRunner.java:100)
	at org.junit.runners.ParentRunner.runLeaf(ParentRunner.java:366)
	at org.junit.runners.BlockJUnit4ClassRunner.runChild(BlockJUnit4ClassRunner.java:103)
	at org.junit.runners.BlockJUnit4ClassRunner.runChild(BlockJUnit4ClassRunner.java:63)
	at org.junit.runners.ParentRunner$4.run(ParentRunner.java:331)
	at org.junit.runners.ParentRunner$1.schedule(ParentRunner.java:79)
	at org.junit.runners.ParentRunner.runChildren(ParentRunner.java:329)
	at org.junit.runners.ParentRunner.access$100(ParentRunner.java:66)
	at org.junit.runners.ParentRunner$2.evaluate(ParentRunner.java:293)
	at org.junit.runners.ParentRunner$3.evaluate(ParentRunner.java:306)
	at org.junit.runners.ParentRunner.run(ParentRunner.java:413)
	at org.junit.runner.JUnitCore.run(JUnitCore.java:137)
	at org.junit.runner.JUnitCore.run(JUnitCore.java:115)
	at org.junit.vintage.engine.execution.RunnerExecutor.execute(RunnerExecutor.java:43)
	at java.util.stream.ForEachOps$ForEachOp$OfRef.accept(ForEachOps.java:183)
	at java.util.stream.ReferencePipeline$3$1.accept(ReferencePipeline.java:193)
	at java.util.Iterator.forEachRemaining(Iterator.java:116)
	at java.util.Spliterators$IteratorSpliterator.forEachRemaining(Spliterators.java:1801)
	at java.util.stream.AbstractPipeline.copyInto(AbstractPipeline.java:482)
	at java.util.stream.AbstractPipeline.wrapAndCopyInto(AbstractPipeline.java:472)
	at java.util.stream.ForEachOps$ForEachOp.evaluateSequential(ForEachOps.java:150)
	at java.util.stream.ForEachOps$ForEachOp$OfRef.evaluateSequential(ForEachOps.java:173)
	at java.util.stream.AbstractPipeline.evaluate(AbstractPipeline.java:234)
	at java.util.stream.ReferencePipeline.forEach(ReferencePipeline.java:485)
	at org.junit.vintage.engine.VintageTestEngine.executeAllChildren(VintageTestEngine.java:82)
	at org.junit.vintage.engine.VintageTestEngine.execute(VintageTestEngine.java:73)
	at org.junit.platform.launcher.core.DefaultLauncher.execute(DefaultLauncher.java:248)
	at org.junit.platform.launcher.core.DefaultLauncher.lambda$execute$5(DefaultLauncher.java:211)
	at org.junit.platform.launcher.core.DefaultLauncher.withInterceptedStreams(DefaultLauncher.java:226)
	at org.junit.platform.launcher.core.DefaultLauncher.execute(DefaultLauncher.java:199)
	at org.junit.platform.launcher.core.DefaultLauncher.execute(DefaultLauncher.java:132)
	at org.apache.maven.surefire.junitplatform.JUnitPlatformProvider.invokeAllTests(JUnitPlatformProvider.java:154)
	at org.apache.maven.surefire.junitplatform.JUnitPlatformProvider.invoke(JUnitPlatformProvider.java:123)
	at org.apache.maven.surefire.booter.ForkedBooter.runSuitesInProcess(ForkedBooter.java:377)
	at org.apache.maven.surefire.booter.ForkedBooter.execute(ForkedBooter.java:138)
	at org.apache.maven.surefire.booter.ForkedBooter.run(ForkedBooter.java:465)
	at org.apache.maven.surefire.booter.ForkedBooter.main(ForkedBooter.java:451)
]]></error>
    <system-err><![CDATA[2024-04-23T20:46:43,169  WARN [main] conf.HiveConf: HiveConf of name hive.metastore.metadb.dir does not exist
2024-04-23T20:46:43,169  WARN [main] conf.HiveConf: HiveConf of name hive.llap.io.cache.orc.alloc.max does not exist
2024-04-23T20:46:43,169  WARN [main] conf.HiveConf: HiveConf of name hive.llap.io.cache.orc.alloc.min does not exist
2024-04-23T20:46:43,169  WARN [main] conf.HiveConf: HiveConf of name hive.metastore.client.cache.recordStats does not exist
2024-04-23T20:46:43,169  WARN [main] conf.HiveConf: HiveConf of name hive.stats.key.prefix.reserve.length does not exist
2024-04-23T20:46:43,175  WARN [main] conf.HiveConf: HiveConf of name hive.dummyparam.test.server.specific.config.hivesite does not exist
2024-04-23T20:46:43,175  WARN [main] conf.HiveConf: HiveConf of name hive.dummyparam.test.server.specific.config.override does not exist
2024-04-23T20:46:43,175  WARN [main] conf.HiveConf: HiveConf of name hive.metastore.client.cache.maxSize does not exist
2024-04-23T20:46:43,175  WARN [main] conf.HiveConf: HiveConf of name hive.dummyparam.test.server.specific.config.metastoresite does not exist
2024-04-23T20:46:43,176  WARN [main] conf.HiveConf: HiveConf of name hive.llap.io.cache.orc.size does not exist
2024-04-23T20:46:43,176  WARN [main] conf.HiveConf: HiveConf of name hive.llap.io.cache.orc.arena.size does not exist
2024-04-23T20:46:43,179  INFO [main] utils.TestTxnDbUtil: Creating transactional tables
Hive Session ID = 28eeba03-e4cf-4fba-9dc4-f124874733a1
2024-04-23T20:46:43,183  INFO [main] SessionState: Hive Session ID = 28eeba03-e4cf-4fba-9dc4-f124874733a1
ivysettings.xml file not found in HIVE_HOME or HIVE_CONF_DIR,/home/alex/Repositories/hive/conf/ivysettings.xml will be used
2024-04-23T20:46:43,183  INFO [main] DependencyResolver: ivysettings.xml file not found in HIVE_HOME or HIVE_CONF_DIR,/home/alex/Repositories/hive/conf/ivysettings.xml will be used
2024-04-23T20:46:43,189  INFO [main] session.SessionState: Created HDFS directory: /home/alex/Repositories/hive/ql/target/tmp/scratchdir/alex/28eeba03-e4cf-4fba-9dc4-f124874733a1
2024-04-23T20:46:43,192  INFO [main] session.SessionState: Created local directory: /home/alex/Repositories/hive/ql/target/tmp/localscratchdir/28eeba03-e4cf-4fba-9dc4-f124874733a1
2024-04-23T20:46:43,195  INFO [main] session.SessionState: Created HDFS directory: /home/alex/Repositories/hive/ql/target/tmp/scratchdir/alex/28eeba03-e4cf-4fba-9dc4-f124874733a1/_tmp_space.db
2024-04-23T20:46:43,195  INFO [main] sqlstd.SQLStdHiveAccessController: Created SQLStdHiveAccessController for session context : HiveAuthzSessionContext [sessionString=28eeba03-e4cf-4fba-9dc4-f124874733a1, clientType=HIVECLI]
2024-04-23T20:46:43,196  INFO [main] ql.TxnCommandsBaseForTests: Running the query: drop table if exists acidTbl
2024-04-23T20:46:43,196  INFO [main] ql.Driver: Compiling command(queryId=alex_20240423204643_0a615221-2573-4c67-a730-a2390d0a8959): drop table if exists acidTbl
2024-04-23T20:46:43,209  INFO [main] txn.TxnHandler: Added entries to MIN_HISTORY_LEVEL for current txns: ([1]) with min_open_txn: 1
2024-04-23T20:46:43,210  INFO [main] lockmgr.DbTxnManager: Opened txnid:1
2024-04-23T20:46:43,214  INFO [main] HiveMetaStore.audit: ugi=alex	ip=unknown-ip-addr	cmd=get_table : tbl=hive.default.acidTbl	
2024-04-23T20:46:43,219  INFO [main] ql.Driver: Semantic Analysis Completed (retrial = false)
2024-04-23T20:46:43,219  INFO [main] ql.Driver: Created Hive schema: Schema(fieldSchemas:null, properties:null)
2024-04-23T20:46:43,219  INFO [main] metadata.Hive: Dumping metastore api call timing information for : compilation phase
2024-04-23T20:46:43,219  INFO [main] metadata.Hive: Total time spent in each metastore function (ms): {commitTxn_(CommitTxnRequest)=21, isCompatibleWith_(Configuration)=0, openTxn_(String, TxnType)=13, getValidTxns_(long)=3, flushCache_()=0}
2024-04-23T20:46:43,220  INFO [main] ql.Driver: Completed compiling command(queryId=alex_20240423204643_0a615221-2573-4c67-a730-a2390d0a8959); Time taken: 0.023 seconds
2024-04-23T20:46:43,220  INFO [main] lockmgr.DbTxnManager: Setting lock request transaction to txnid:1 for queryId=alex_20240423204643_0a615221-2573-4c67-a730-a2390d0a8959
2024-04-23T20:46:43,220  INFO [main] ql.Driver: Operation DROPTABLE obtained 0 locks
2024-04-23T20:46:43,220  INFO [main] ql.Driver: Executing command(queryId=alex_20240423204643_0a615221-2573-4c67-a730-a2390d0a8959): drop table if exists acidTbl
2024-04-23T20:46:43,220  INFO [main] ql.Driver: Starting task [Stage-0:DDL] in serial mode
2024-04-23T20:46:43,221  INFO [main] HiveMetaStore.audit: ugi=alex	ip=unknown-ip-addr	cmd=get_table : tbl=hive.default.acidTbl	
2024-04-23T20:46:43,226  INFO [main] metadata.Hive: Dumping metastore api call timing information for : execution phase
2024-04-23T20:46:43,226  INFO [main] metadata.Hive: Total time spent in each metastore function (ms): {isCompatibleWith_(Configuration)=0}
2024-04-23T20:46:43,226  INFO [main] ql.Driver: Completed executing command(queryId=alex_20240423204643_0a615221-2573-4c67-a730-a2390d0a8959); Time taken: 0.006 seconds
2024-04-23T20:46:43,227  INFO [main] lockmgr.DbTxnManager: Stopped heartbeat for query: alex_20240423204643_0a615221-2573-4c67-a730-a2390d0a8959
2024-04-23T20:46:43,235  INFO [main] txn.TxnHandler: Expected to move at least one record from txn_components to completed_txn_components when committing txn! txnid:1
2024-04-23T20:46:43,244  INFO [main] txn.TxnHandler: Removed transactions: ([1]) from MIN_HISTORY_LEVEL
2024-04-23T20:46:43,244  WARN [main] txn.CompactionTxnHandler: No compaction queue record found for Compaction type transaction commit. txnId:1
2024-04-23T20:46:43,245  INFO [main] ql.TxnCommandsBaseForTests: Running the query: drop table if exists acidTblPart
2024-04-23T20:46:43,246  INFO [main] ql.Driver: Compiling command(queryId=alex_20240423204643_393f3fd1-c4d2-43fe-b7b2-ba7f9adf45d6): drop table if exists acidTblPart
2024-04-23T20:46:43,250  INFO [main] txn.TxnHandler: Added entries to MIN_HISTORY_LEVEL for current txns: ([2]) with min_open_txn: 1
2024-04-23T20:46:43,251  INFO [main] lockmgr.DbTxnManager: Opened txnid:2
2024-04-23T20:46:43,252  INFO [main] HiveMetaStore.audit: ugi=alex	ip=unknown-ip-addr	cmd=get_table : tbl=hive.default.acidTblPart	
2024-04-23T20:46:43,257  INFO [main] ql.Driver: Semantic Analysis Completed (retrial = false)
2024-04-23T20:46:43,257  INFO [main] ql.Driver: Created Hive schema: Schema(fieldSchemas:null, properties:null)
2024-04-23T20:46:43,258  INFO [main] metadata.Hive: Dumping metastore api call timing information for : compilation phase
2024-04-23T20:46:43,258  INFO [main] metadata.Hive: Total time spent in each metastore function (ms): {commitTxn_(CommitTxnRequest)=18, flushCache_()=1, isCompatibleWith_(Configuration)=0, openTxn_(String, TxnType)=4, getValidTxns_(long)=1}
2024-04-23T20:46:43,258  INFO [main] ql.Driver: Completed compiling command(queryId=alex_20240423204643_393f3fd1-c4d2-43fe-b7b2-ba7f9adf45d6); Time taken: 0.012 seconds
2024-04-23T20:46:43,258  INFO [main] lockmgr.DbTxnManager: Setting lock request transaction to txnid:2 for queryId=alex_20240423204643_393f3fd1-c4d2-43fe-b7b2-ba7f9adf45d6
2024-04-23T20:46:43,258  INFO [main] ql.Driver: Operation DROPTABLE obtained 0 locks
2024-04-23T20:46:43,259  INFO [main] ql.Driver: Executing command(queryId=alex_20240423204643_393f3fd1-c4d2-43fe-b7b2-ba7f9adf45d6): drop table if exists acidTblPart
2024-04-23T20:46:43,259  INFO [main] ql.Driver: Starting task [Stage-0:DDL] in serial mode
2024-04-23T20:46:43,259  INFO [main] HiveMetaStore.audit: ugi=alex	ip=unknown-ip-addr	cmd=get_table : tbl=hive.default.acidTblPart	
2024-04-23T20:46:43,264  INFO [main] metadata.Hive: Dumping metastore api call timing information for : execution phase
2024-04-23T20:46:43,264  INFO [main] metadata.Hive: Total time spent in each metastore function (ms): {isCompatibleWith_(Configuration)=0}
2024-04-23T20:46:43,265  INFO [main] ql.Driver: Completed executing command(queryId=alex_20240423204643_393f3fd1-c4d2-43fe-b7b2-ba7f9adf45d6); Time taken: 0.005 seconds
2024-04-23T20:46:43,265  INFO [main] lockmgr.DbTxnManager: Stopped heartbeat for query: alex_20240423204643_393f3fd1-c4d2-43fe-b7b2-ba7f9adf45d6
2024-04-23T20:46:43,272  INFO [main] txn.TxnHandler: Expected to move at least one record from txn_components to completed_txn_components when committing txn! txnid:2
2024-04-23T20:46:43,280  INFO [main] txn.TxnHandler: Removed transactions: ([2]) from MIN_HISTORY_LEVEL
2024-04-23T20:46:43,280  WARN [main] txn.CompactionTxnHandler: No compaction queue record found for Compaction type transaction commit. txnId:2
2024-04-23T20:46:43,282  INFO [main] ql.TxnCommandsBaseForTests: Running the query: drop table if exists acidTbl2
2024-04-23T20:46:43,282  INFO [main] ql.Driver: Compiling command(queryId=alex_20240423204643_df27a032-a98a-4246-ae4f-82ecbf68ef93): drop table if exists acidTbl2
2024-04-23T20:46:43,287  INFO [main] txn.TxnHandler: Added entries to MIN_HISTORY_LEVEL for current txns: ([3]) with min_open_txn: 1
2024-04-23T20:46:43,287  INFO [main] lockmgr.DbTxnManager: Opened txnid:3
2024-04-23T20:46:43,289  INFO [main] HiveMetaStore.audit: ugi=alex	ip=unknown-ip-addr	cmd=get_table : tbl=hive.default.acidTbl2	
2024-04-23T20:46:43,294  INFO [main] ql.Driver: Semantic Analysis Completed (retrial = false)
2024-04-23T20:46:43,294  INFO [main] ql.Driver: Created Hive schema: Schema(fieldSchemas:null, properties:null)
2024-04-23T20:46:43,294  INFO [main] metadata.Hive: Dumping metastore api call timing information for : compilation phase
2024-04-23T20:46:43,294  INFO [main] metadata.Hive: Total time spent in each metastore function (ms): {getValidTxns_(long)=1, openTxn_(String, TxnType)=3, isCompatibleWith_(Configuration)=0, commitTxn_(CommitTxnRequest)=16, flushCache_()=1}
2024-04-23T20:46:43,294  INFO [main] ql.Driver: Completed compiling command(queryId=alex_20240423204643_df27a032-a98a-4246-ae4f-82ecbf68ef93); Time taken: 0.012 seconds
2024-04-23T20:46:43,294  INFO [main] lockmgr.DbTxnManager: Setting lock request transaction to txnid:3 for queryId=alex_20240423204643_df27a032-a98a-4246-ae4f-82ecbf68ef93
2024-04-23T20:46:43,294  INFO [main] ql.Driver: Operation DROPTABLE obtained 0 locks
2024-04-23T20:46:43,295  INFO [main] ql.Driver: Executing command(queryId=alex_20240423204643_df27a032-a98a-4246-ae4f-82ecbf68ef93): drop table if exists acidTbl2
2024-04-23T20:46:43,295  INFO [main] ql.Driver: Starting task [Stage-0:DDL] in serial mode
2024-04-23T20:46:43,295  INFO [main] HiveMetaStore.audit: ugi=alex	ip=unknown-ip-addr	cmd=get_table : tbl=hive.default.acidTbl2	
2024-04-23T20:46:43,300  INFO [main] metadata.Hive: Dumping metastore api call timing information for : execution phase
2024-04-23T20:46:43,301  INFO [main] metadata.Hive: Total time spent in each metastore function (ms): {isCompatibleWith_(Configuration)=0}
2024-04-23T20:46:43,301  INFO [main] ql.Driver: Completed executing command(queryId=alex_20240423204643_df27a032-a98a-4246-ae4f-82ecbf68ef93); Time taken: 0.005 seconds
2024-04-23T20:46:43,301  INFO [main] lockmgr.DbTxnManager: Stopped heartbeat for query: alex_20240423204643_df27a032-a98a-4246-ae4f-82ecbf68ef93
2024-04-23T20:46:43,309  INFO [main] txn.TxnHandler: Expected to move at least one record from txn_components to completed_txn_components when committing txn! txnid:3
2024-04-23T20:46:43,317  INFO [main] txn.TxnHandler: Removed transactions: ([3]) from MIN_HISTORY_LEVEL
2024-04-23T20:46:43,317  WARN [main] txn.CompactionTxnHandler: No compaction queue record found for Compaction type transaction commit. txnId:3
2024-04-23T20:46:43,318  INFO [main] ql.TxnCommandsBaseForTests: Running the query: drop table if exists nonAcidOrcTbl
2024-04-23T20:46:43,318  INFO [main] ql.Driver: Compiling command(queryId=alex_20240423204643_aff8a8a1-8fcb-4c23-a1cb-d99fc7e257f7): drop table if exists nonAcidOrcTbl
2024-04-23T20:46:43,323  INFO [main] txn.TxnHandler: Added entries to MIN_HISTORY_LEVEL for current txns: ([4]) with min_open_txn: 1
2024-04-23T20:46:43,323  INFO [main] lockmgr.DbTxnManager: Opened txnid:4
2024-04-23T20:46:43,325  INFO [main] HiveMetaStore.audit: ugi=alex	ip=unknown-ip-addr	cmd=get_table : tbl=hive.default.nonAcidOrcTbl	
2024-04-23T20:46:43,329  INFO [main] ql.Driver: Semantic Analysis Completed (retrial = false)
2024-04-23T20:46:43,329  INFO [main] ql.Driver: Created Hive schema: Schema(fieldSchemas:null, properties:null)
2024-04-23T20:46:43,329  INFO [main] metadata.Hive: Dumping metastore api call timing information for : compilation phase
2024-04-23T20:46:43,330  INFO [main] metadata.Hive: Total time spent in each metastore function (ms): {getValidTxns_(long)=1, flushCache_()=0, commitTxn_(CommitTxnRequest)=17, isCompatibleWith_(Configuration)=1, openTxn_(String, TxnType)=3}
2024-04-23T20:46:43,330  INFO [main] ql.Driver: Completed compiling command(queryId=alex_20240423204643_aff8a8a1-8fcb-4c23-a1cb-d99fc7e257f7); Time taken: 0.011 seconds
2024-04-23T20:46:43,330  INFO [main] lockmgr.DbTxnManager: Setting lock request transaction to txnid:4 for queryId=alex_20240423204643_aff8a8a1-8fcb-4c23-a1cb-d99fc7e257f7
2024-04-23T20:46:43,330  INFO [main] ql.Driver: Operation DROPTABLE obtained 0 locks
2024-04-23T20:46:43,330  INFO [main] ql.Driver: Executing command(queryId=alex_20240423204643_aff8a8a1-8fcb-4c23-a1cb-d99fc7e257f7): drop table if exists nonAcidOrcTbl
2024-04-23T20:46:43,330  INFO [main] ql.Driver: Starting task [Stage-0:DDL] in serial mode
2024-04-23T20:46:43,331  INFO [main] HiveMetaStore.audit: ugi=alex	ip=unknown-ip-addr	cmd=get_table : tbl=hive.default.nonAcidOrcTbl	
2024-04-23T20:46:43,336  INFO [main] metadata.Hive: Dumping metastore api call timing information for : execution phase
2024-04-23T20:46:43,336  INFO [main] metadata.Hive: Total time spent in each metastore function (ms): {isCompatibleWith_(Configuration)=0}
2024-04-23T20:46:43,336  INFO [main] ql.Driver: Completed executing command(queryId=alex_20240423204643_aff8a8a1-8fcb-4c23-a1cb-d99fc7e257f7); Time taken: 0.006 seconds
2024-04-23T20:46:43,336  INFO [main] lockmgr.DbTxnManager: Stopped heartbeat for query: alex_20240423204643_aff8a8a1-8fcb-4c23-a1cb-d99fc7e257f7
2024-04-23T20:46:43,344  INFO [main] txn.TxnHandler: Expected to move at least one record from txn_components to completed_txn_components when committing txn! txnid:4
2024-04-23T20:46:43,352  INFO [main] txn.TxnHandler: Removed transactions: ([4]) from MIN_HISTORY_LEVEL
2024-04-23T20:46:43,352  WARN [main] txn.CompactionTxnHandler: No compaction queue record found for Compaction type transaction commit. txnId:4
2024-04-23T20:46:43,353  INFO [main] ql.TxnCommandsBaseForTests: Running the query: drop table if exists nonAcidOrcTbl2
2024-04-23T20:46:43,353  INFO [main] ql.Driver: Compiling command(queryId=alex_20240423204643_4d12658e-d363-4744-b12c-90abc25a8f7b): drop table if exists nonAcidOrcTbl2
2024-04-23T20:46:43,357  INFO [main] txn.TxnHandler: Added entries to MIN_HISTORY_LEVEL for current txns: ([5]) with min_open_txn: 1
2024-04-23T20:46:43,358  INFO [main] lockmgr.DbTxnManager: Opened txnid:5
2024-04-23T20:46:43,359  INFO [main] HiveMetaStore.audit: ugi=alex	ip=unknown-ip-addr	cmd=get_table : tbl=hive.default.nonAcidOrcTbl2	
2024-04-23T20:46:43,364  INFO [main] ql.Driver: Semantic Analysis Completed (retrial = false)
2024-04-23T20:46:43,364  INFO [main] ql.Driver: Created Hive schema: Schema(fieldSchemas:null, properties:null)
2024-04-23T20:46:43,364  INFO [main] metadata.Hive: Dumping metastore api call timing information for : compilation phase
2024-04-23T20:46:43,364  INFO [main] metadata.Hive: Total time spent in each metastore function (ms): {isCompatibleWith_(Configuration)=0, openTxn_(String, TxnType)=4, flushCache_()=0, getValidTxns_(long)=1, commitTxn_(CommitTxnRequest)=16}
2024-04-23T20:46:43,364  INFO [main] ql.Driver: Completed compiling command(queryId=alex_20240423204643_4d12658e-d363-4744-b12c-90abc25a8f7b); Time taken: 0.011 seconds
2024-04-23T20:46:43,364  INFO [main] lockmgr.DbTxnManager: Setting lock request transaction to txnid:5 for queryId=alex_20240423204643_4d12658e-d363-4744-b12c-90abc25a8f7b
2024-04-23T20:46:43,364  INFO [main] ql.Driver: Operation DROPTABLE obtained 0 locks
2024-04-23T20:46:43,364  INFO [main] ql.Driver: Executing command(queryId=alex_20240423204643_4d12658e-d363-4744-b12c-90abc25a8f7b): drop table if exists nonAcidOrcTbl2
2024-04-23T20:46:43,365  INFO [main] ql.Driver: Starting task [Stage-0:DDL] in serial mode
2024-04-23T20:46:43,365  INFO [main] HiveMetaStore.audit: ugi=alex	ip=unknown-ip-addr	cmd=get_table : tbl=hive.default.nonAcidOrcTbl2	
2024-04-23T20:46:43,370  INFO [main] metadata.Hive: Dumping metastore api call timing information for : execution phase
2024-04-23T20:46:43,370  INFO [main] metadata.Hive: Total time spent in each metastore function (ms): {isCompatibleWith_(Configuration)=0}
2024-04-23T20:46:43,370  INFO [main] ql.Driver: Completed executing command(queryId=alex_20240423204643_4d12658e-d363-4744-b12c-90abc25a8f7b); Time taken: 0.006 seconds
2024-04-23T20:46:43,371  INFO [main] lockmgr.DbTxnManager: Stopped heartbeat for query: alex_20240423204643_4d12658e-d363-4744-b12c-90abc25a8f7b
2024-04-23T20:46:43,378  INFO [main] txn.TxnHandler: Expected to move at least one record from txn_components to completed_txn_components when committing txn! txnid:5
2024-04-23T20:46:43,386  INFO [main] txn.TxnHandler: Removed transactions: ([5]) from MIN_HISTORY_LEVEL
2024-04-23T20:46:43,386  WARN [main] txn.CompactionTxnHandler: No compaction queue record found for Compaction type transaction commit. txnId:5
2024-04-23T20:46:43,387  INFO [main] ql.TxnCommandsBaseForTests: Running the query: drop table if exists nonAcidNonBucket
2024-04-23T20:46:43,387  INFO [main] ql.Driver: Compiling command(queryId=alex_20240423204643_08422904-5c73-4c6b-8fe7-376d6b4d45bb): drop table if exists nonAcidNonBucket
2024-04-23T20:46:43,392  INFO [main] txn.TxnHandler: Added entries to MIN_HISTORY_LEVEL for current txns: ([6]) with min_open_txn: 1
2024-04-23T20:46:43,392  INFO [main] lockmgr.DbTxnManager: Opened txnid:6
2024-04-23T20:46:43,394  INFO [main] HiveMetaStore.audit: ugi=alex	ip=unknown-ip-addr	cmd=get_table : tbl=hive.default.nonAcidNonBucket	
2024-04-23T20:46:43,398  INFO [main] ql.Driver: Semantic Analysis Completed (retrial = false)
2024-04-23T20:46:43,398  INFO [main] ql.Driver: Created Hive schema: Schema(fieldSchemas:null, properties:null)
2024-04-23T20:46:43,398  INFO [main] metadata.Hive: Dumping metastore api call timing information for : compilation phase
2024-04-23T20:46:43,399  INFO [main] metadata.Hive: Total time spent in each metastore function (ms): {isCompatibleWith_(Configuration)=1, commitTxn_(CommitTxnRequest)=16, openTxn_(String, TxnType)=3, flushCache_()=0, getValidTxns_(long)=1}
2024-04-23T20:46:43,399  INFO [main] ql.Driver: Completed compiling command(queryId=alex_20240423204643_08422904-5c73-4c6b-8fe7-376d6b4d45bb); Time taken: 0.011 seconds
2024-04-23T20:46:43,399  INFO [main] lockmgr.DbTxnManager: Setting lock request transaction to txnid:6 for queryId=alex_20240423204643_08422904-5c73-4c6b-8fe7-376d6b4d45bb
2024-04-23T20:46:43,399  INFO [main] ql.Driver: Operation DROPTABLE obtained 0 locks
2024-04-23T20:46:43,399  INFO [main] ql.Driver: Executing command(queryId=alex_20240423204643_08422904-5c73-4c6b-8fe7-376d6b4d45bb): drop table if exists nonAcidNonBucket
2024-04-23T20:46:43,399  INFO [main] ql.Driver: Starting task [Stage-0:DDL] in serial mode
2024-04-23T20:46:43,400  INFO [main] HiveMetaStore.audit: ugi=alex	ip=unknown-ip-addr	cmd=get_table : tbl=hive.default.nonAcidNonBucket	
2024-04-23T20:46:43,405  INFO [main] metadata.Hive: Dumping metastore api call timing information for : execution phase
2024-04-23T20:46:43,405  INFO [main] metadata.Hive: Total time spent in each metastore function (ms): {isCompatibleWith_(Configuration)=0}
2024-04-23T20:46:43,405  INFO [main] ql.Driver: Completed executing command(queryId=alex_20240423204643_08422904-5c73-4c6b-8fe7-376d6b4d45bb); Time taken: 0.006 seconds
2024-04-23T20:46:43,405  INFO [main] lockmgr.DbTxnManager: Stopped heartbeat for query: alex_20240423204643_08422904-5c73-4c6b-8fe7-376d6b4d45bb
2024-04-23T20:46:43,412  INFO [main] txn.TxnHandler: Expected to move at least one record from txn_components to completed_txn_components when committing txn! txnid:6
2024-04-23T20:46:43,421  INFO [main] txn.TxnHandler: Removed transactions: ([6]) from MIN_HISTORY_LEVEL
2024-04-23T20:46:43,421  WARN [main] txn.CompactionTxnHandler: No compaction queue record found for Compaction type transaction commit. txnId:6
2024-04-23T20:46:43,422  INFO [main] ql.TxnCommandsBaseForTests: Running the query: create table acidTbl(a int, b int) clustered by (a) into 2 buckets stored as orc TBLPROPERTIES ('transactional'='true')
2024-04-23T20:46:43,423  INFO [main] ql.Driver: Compiling command(queryId=alex_20240423204643_e53e565d-e57c-4cb8-b894-822358b87b37): create table acidTbl(a int, b int) clustered by (a) into 2 buckets stored as orc TBLPROPERTIES ('transactional'='true')
2024-04-23T20:46:43,428  INFO [main] txn.TxnHandler: Added entries to MIN_HISTORY_LEVEL for current txns: ([7]) with min_open_txn: 1
2024-04-23T20:46:43,428  INFO [main] lockmgr.DbTxnManager: Opened txnid:7
2024-04-23T20:46:43,429  INFO [main] parse.CalcitePlanner: Starting caching scope for: 
2024-04-23T20:46:43,429  INFO [main] parse.CalcitePlanner: Starting Semantic Analysis
2024-04-23T20:46:43,438  INFO [main] parse.CalcitePlanner: Creating table default.acidTbl position=13
2024-04-23T20:46:43,438  INFO [main] HiveMetaStore.audit: ugi=alex	ip=unknown-ip-addr	cmd=get_database: default	
2024-04-23T20:46:43,442  INFO [main] parse.CalcitePlanner: Ending caching scope for: 
2024-04-23T20:46:43,442  INFO [main] ql.Driver: Semantic Analysis Completed (retrial = false)
2024-04-23T20:46:43,442  INFO [main] ql.Driver: Created Hive schema: Schema(fieldSchemas:null, properties:null)
2024-04-23T20:46:43,442  INFO [main] metadata.Hive: Dumping metastore api call timing information for : compilation phase
2024-04-23T20:46:43,442  INFO [main] metadata.Hive: Total time spent in each metastore function (ms): {flushCache_()=1, commitTxn_(CommitTxnRequest)=17, getValidTxns_(long)=1, getValidWriteIds_(List, String)=8, isCompatibleWith_(Configuration)=1, getDatabase_(String)=4, openTxn_(String, TxnType)=3}
2024-04-23T20:46:43,442  INFO [main] ql.Driver: Completed compiling command(queryId=alex_20240423204643_e53e565d-e57c-4cb8-b894-822358b87b37); Time taken: 0.019 seconds
2024-04-23T20:46:43,443  INFO [main] lockmgr.DbTxnManager: Setting lock request transaction to txnid:7 for queryId=alex_20240423204643_e53e565d-e57c-4cb8-b894-822358b87b37
2024-04-23T20:46:43,443  INFO [main] lockmgr.DbLockManager: Requesting lock for queryId=alex_20240423204643_e53e565d-e57c-4cb8-b894-822358b87b37
2024-04-23T20:46:43,471  INFO [main] lockmgr.DbLockManager: Response to queryId=alex_20240423204643_e53e565d-e57c-4cb8-b894-822358b87b37 LockResponse(lockid:1, state:ACQUIRED)
2024-04-23T20:46:43,471  INFO [main] ql.Driver: Operation CREATETABLE obtained 1 locks
2024-04-23T20:46:43,473  INFO [main] ql.Driver: Executing command(queryId=alex_20240423204643_e53e565d-e57c-4cb8-b894-822358b87b37): create table acidTbl(a int, b int) clustered by (a) into 2 buckets stored as orc TBLPROPERTIES ('transactional'='true')
2024-04-23T20:46:43,473  INFO [main] ql.Driver: Starting task [Stage-0:DDL] in serial mode
2024-04-23T20:46:43,475  INFO [main] HiveMetaStore.audit: ugi=alex	ip=unknown-ip-addr	cmd=create_table_req: Table(tableName:acidTbl, dbName:default, owner:alex, createTime:1713930403, lastAccessTime:0, retention:0, sd:StorageDescriptor(cols:[FieldSchema(name:a, type:int, comment:null), FieldSchema(name:b, type:int, comment:null)], location:null, inputFormat:org.apache.hadoop.hive.ql.io.orc.OrcInputFormat, outputFormat:org.apache.hadoop.hive.ql.io.orc.OrcOutputFormat, compressed:false, numBuckets:2, serdeInfo:SerDeInfo(name:null, serializationLib:org.apache.hadoop.hive.ql.io.orc.OrcSerde, parameters:{serialization.format=1}), bucketCols:[a], sortCols:[], parameters:{}, skewedInfo:SkewedInfo(skewedColNames:[], skewedColValues:[], skewedColValueLocationMaps:{}), storedAsSubDirectories:false), partitionKeys:[], parameters:{totalSize=0, numFiles=0, COLUMN_STATS_ACCURATE={"BASIC_STATS":"true","COLUMN_STATS":{"a":"true","b":"true"}}, transactional=true, numRows=0, rawDataSize=0, numFilesErasureCoded=0, bucketing_version=2}, viewOriginalText:null, viewExpandedText:null, tableType:MANAGED_TABLE, privileges:PrincipalPrivilegeSet(userPrivileges:{alex=[PrivilegeGrantInfo(privilege:INSERT, createTime:-1, grantor:alex, grantorType:USER, grantOption:true), PrivilegeGrantInfo(privilege:SELECT, createTime:-1, grantor:alex, grantorType:USER, grantOption:true), PrivilegeGrantInfo(privilege:UPDATE, createTime:-1, grantor:alex, grantorType:USER, grantOption:true), PrivilegeGrantInfo(privilege:DELETE, createTime:-1, grantor:alex, grantorType:USER, grantOption:true)]}, groupPrivileges:null, rolePrivileges:null), temporary:false, catName:hive, ownerType:USER, writeId:0)	
2024-04-23T20:46:43,484  INFO [main] utils.FileUtils: Creating directory if it doesn't exist: file:/home/alex/Repositories/hive/ql/target/tmp/org.apache.hadoop.hive.ql.TestTxnCommands3-1713930356371/warehouse/acidtbl
2024-04-23T20:46:43,540  INFO [main] metadata.Hive: Dumping metastore api call timing information for : execution phase
2024-04-23T20:46:43,540  INFO [main] metadata.Hive: Total time spent in each metastore function (ms): {isCompatibleWith_(Configuration)=0, createTable_(Table)=66}
2024-04-23T20:46:43,540  INFO [main] ql.Driver: Completed executing command(queryId=alex_20240423204643_e53e565d-e57c-4cb8-b894-822358b87b37); Time taken: 0.067 seconds
2024-04-23T20:46:43,540  INFO [main] lockmgr.DbTxnManager: Stopped heartbeat for query: alex_20240423204643_e53e565d-e57c-4cb8-b894-822358b87b37
2024-04-23T20:46:43,546  INFO [main] txn.TxnHandler: Expected to move at least one record from txn_components to completed_txn_components when committing txn! txnid:7
2024-04-23T20:46:43,554  INFO [main] txn.TxnHandler: Removed transactions: ([7]) from MIN_HISTORY_LEVEL
2024-04-23T20:46:43,555  WARN [main] txn.CompactionTxnHandler: No compaction queue record found for Compaction type transaction commit. txnId:7
2024-04-23T20:46:43,556  INFO [main] ql.TxnCommandsBaseForTests: Running the query: create table acidTblPart(a int, b int) partitioned by (p string) clustered by (a) into 2 buckets stored as orc TBLPROPERTIES ('transactional'='true')
2024-04-23T20:46:43,556  INFO [main] ql.Driver: Compiling command(queryId=alex_20240423204643_cadc4d2b-616c-44d4-97f9-db4e6ed1133d): create table acidTblPart(a int, b int) partitioned by (p string) clustered by (a) into 2 buckets stored as orc TBLPROPERTIES ('transactional'='true')
2024-04-23T20:46:43,561  INFO [main] txn.TxnHandler: Added entries to MIN_HISTORY_LEVEL for current txns: ([8]) with min_open_txn: 1
2024-04-23T20:46:43,562  INFO [main] lockmgr.DbTxnManager: Opened txnid:8
2024-04-23T20:46:43,563  INFO [main] parse.CalcitePlanner: Starting caching scope for: 
2024-04-23T20:46:43,563  INFO [main] parse.CalcitePlanner: Starting Semantic Analysis
2024-04-23T20:46:43,567  INFO [main] parse.CalcitePlanner: Creating table default.acidTblPart position=13
2024-04-23T20:46:43,568  INFO [main] HiveMetaStore.audit: ugi=alex	ip=unknown-ip-addr	cmd=get_database: default	
2024-04-23T20:46:43,571  INFO [main] parse.CalcitePlanner: Ending caching scope for: 
2024-04-23T20:46:43,571  INFO [main] ql.Driver: Semantic Analysis Completed (retrial = false)
2024-04-23T20:46:43,571  INFO [main] ql.Driver: Created Hive schema: Schema(fieldSchemas:null, properties:null)
2024-04-23T20:46:43,571  INFO [main] metadata.Hive: Dumping metastore api call timing information for : compilation phase
2024-04-23T20:46:43,571  INFO [main] metadata.Hive: Total time spent in each metastore function (ms): {getValidWriteIds_(List, String)=4, flushCache_()=0, isCompatibleWith_(Configuration)=0, getValidTxns_(long)=1, commitTxn_(CommitTxnRequest)=15, getDatabase_(String)=4, openTxn_(String, TxnType)=4}
2024-04-23T20:46:43,571  INFO [main] ql.Driver: Completed compiling command(queryId=alex_20240423204643_cadc4d2b-616c-44d4-97f9-db4e6ed1133d); Time taken: 0.015 seconds
2024-04-23T20:46:43,572  INFO [main] lockmgr.DbTxnManager: Setting lock request transaction to txnid:8 for queryId=alex_20240423204643_cadc4d2b-616c-44d4-97f9-db4e6ed1133d
2024-04-23T20:46:43,572  INFO [main] lockmgr.DbLockManager: Requesting lock for queryId=alex_20240423204643_cadc4d2b-616c-44d4-97f9-db4e6ed1133d
2024-04-23T20:46:43,593  INFO [main] lockmgr.DbLockManager: Response to queryId=alex_20240423204643_cadc4d2b-616c-44d4-97f9-db4e6ed1133d LockResponse(lockid:2, state:ACQUIRED)
2024-04-23T20:46:43,593  INFO [main] ql.Driver: Operation CREATETABLE obtained 1 locks
2024-04-23T20:46:43,594  INFO [main] ql.Driver: Executing command(queryId=alex_20240423204643_cadc4d2b-616c-44d4-97f9-db4e6ed1133d): create table acidTblPart(a int, b int) partitioned by (p string) clustered by (a) into 2 buckets stored as orc TBLPROPERTIES ('transactional'='true')
2024-04-23T20:46:43,594  INFO [main] ql.Driver: Starting task [Stage-0:DDL] in serial mode
2024-04-23T20:46:43,596  INFO [main] HiveMetaStore.audit: ugi=alex	ip=unknown-ip-addr	cmd=create_table_req: Table(tableName:acidTblPart, dbName:default, owner:alex, createTime:1713930403, lastAccessTime:0, retention:0, sd:StorageDescriptor(cols:[FieldSchema(name:a, type:int, comment:null), FieldSchema(name:b, type:int, comment:null)], location:null, inputFormat:org.apache.hadoop.hive.ql.io.orc.OrcInputFormat, outputFormat:org.apache.hadoop.hive.ql.io.orc.OrcOutputFormat, compressed:false, numBuckets:2, serdeInfo:SerDeInfo(name:null, serializationLib:org.apache.hadoop.hive.ql.io.orc.OrcSerde, parameters:{serialization.format=1}), bucketCols:[a], sortCols:[], parameters:{}, skewedInfo:SkewedInfo(skewedColNames:[], skewedColValues:[], skewedColValueLocationMaps:{}), storedAsSubDirectories:false), partitionKeys:[FieldSchema(name:p, type:string, comment:null)], parameters:{transactional=true, bucketing_version=2}, viewOriginalText:null, viewExpandedText:null, tableType:MANAGED_TABLE, privileges:PrincipalPrivilegeSet(userPrivileges:{alex=[PrivilegeGrantInfo(privilege:INSERT, createTime:-1, grantor:alex, grantorType:USER, grantOption:true), PrivilegeGrantInfo(privilege:SELECT, createTime:-1, grantor:alex, grantorType:USER, grantOption:true), PrivilegeGrantInfo(privilege:UPDATE, createTime:-1, grantor:alex, grantorType:USER, grantOption:true), PrivilegeGrantInfo(privilege:DELETE, createTime:-1, grantor:alex, grantorType:USER, grantOption:true)]}, groupPrivileges:null, rolePrivileges:null), temporary:false, catName:hive, ownerType:USER, writeId:0)	
2024-04-23T20:46:43,604  INFO [main] utils.FileUtils: Creating directory if it doesn't exist: file:/home/alex/Repositories/hive/ql/target/tmp/org.apache.hadoop.hive.ql.TestTxnCommands3-1713930356371/warehouse/acidtblpart
2024-04-23T20:46:43,634  INFO [main] metadata.Hive: Dumping metastore api call timing information for : execution phase
2024-04-23T20:46:43,634  INFO [main] metadata.Hive: Total time spent in each metastore function (ms): {createTable_(Table)=39, isCompatibleWith_(Configuration)=1}
2024-04-23T20:46:43,634  INFO [main] ql.Driver: Completed executing command(queryId=alex_20240423204643_cadc4d2b-616c-44d4-97f9-db4e6ed1133d); Time taken: 0.04 seconds
2024-04-23T20:46:43,634  INFO [main] lockmgr.DbTxnManager: Stopped heartbeat for query: alex_20240423204643_cadc4d2b-616c-44d4-97f9-db4e6ed1133d
2024-04-23T20:46:43,640  INFO [main] txn.TxnHandler: Expected to move at least one record from txn_components to completed_txn_components when committing txn! txnid:8
2024-04-23T20:46:43,648  INFO [main] txn.TxnHandler: Removed transactions: ([8]) from MIN_HISTORY_LEVEL
2024-04-23T20:46:43,648  WARN [main] txn.CompactionTxnHandler: No compaction queue record found for Compaction type transaction commit. txnId:8
2024-04-23T20:46:43,649  INFO [main] ql.TxnCommandsBaseForTests: Running the query: create table nonAcidOrcTbl(a int, b int) clustered by (a) into 2 buckets stored as orc TBLPROPERTIES ('transactional'='false')
2024-04-23T20:46:43,649  INFO [main] ql.Driver: Compiling command(queryId=alex_20240423204643_b9762c61-f612-4af3-9994-1fdffb95a59e): create table nonAcidOrcTbl(a int, b int) clustered by (a) into 2 buckets stored as orc TBLPROPERTIES ('transactional'='false')
2024-04-23T20:46:43,654  INFO [main] txn.TxnHandler: Added entries to MIN_HISTORY_LEVEL for current txns: ([9]) with min_open_txn: 1
2024-04-23T20:46:43,655  INFO [main] lockmgr.DbTxnManager: Opened txnid:9
2024-04-23T20:46:43,656  INFO [main] parse.CalcitePlanner: Starting caching scope for: 
2024-04-23T20:46:43,656  INFO [main] parse.CalcitePlanner: Starting Semantic Analysis
2024-04-23T20:46:43,660  INFO [main] parse.CalcitePlanner: Creating table default.nonAcidOrcTbl position=13
2024-04-23T20:46:43,661  INFO [main] HiveMetaStore.audit: ugi=alex	ip=unknown-ip-addr	cmd=get_database: default	
2024-04-23T20:46:43,664  INFO [main] parse.CalcitePlanner: Ending caching scope for: 
2024-04-23T20:46:43,664  INFO [main] ql.Driver: Semantic Analysis Completed (retrial = false)
2024-04-23T20:46:43,664  INFO [main] ql.Driver: Created Hive schema: Schema(fieldSchemas:null, properties:null)
2024-04-23T20:46:43,664  INFO [main] metadata.Hive: Dumping metastore api call timing information for : compilation phase
2024-04-23T20:46:43,664  INFO [main] metadata.Hive: Total time spent in each metastore function (ms): {isCompatibleWith_(Configuration)=0, getDatabase_(String)=4, getValidTxns_(long)=1, openTxn_(String, TxnType)=4, commitTxn_(CommitTxnRequest)=14, getValidWriteIds_(List, String)=4, flushCache_()=0}
2024-04-23T20:46:43,664  INFO [main] ql.Driver: Completed compiling command(queryId=alex_20240423204643_b9762c61-f612-4af3-9994-1fdffb95a59e); Time taken: 0.015 seconds
2024-04-23T20:46:43,665  INFO [main] lockmgr.DbTxnManager: Setting lock request transaction to txnid:9 for queryId=alex_20240423204643_b9762c61-f612-4af3-9994-1fdffb95a59e
2024-04-23T20:46:43,665  INFO [main] lockmgr.DbLockManager: Requesting lock for queryId=alex_20240423204643_b9762c61-f612-4af3-9994-1fdffb95a59e
2024-04-23T20:46:43,685  INFO [main] lockmgr.DbLockManager: Response to queryId=alex_20240423204643_b9762c61-f612-4af3-9994-1fdffb95a59e LockResponse(lockid:3, state:ACQUIRED)
2024-04-23T20:46:43,685  INFO [main] ql.Driver: Operation CREATETABLE obtained 1 locks
2024-04-23T20:46:43,685  INFO [main] ql.Driver: Executing command(queryId=alex_20240423204643_b9762c61-f612-4af3-9994-1fdffb95a59e): create table nonAcidOrcTbl(a int, b int) clustered by (a) into 2 buckets stored as orc TBLPROPERTIES ('transactional'='false')
2024-04-23T20:46:43,685  INFO [main] ql.Driver: Starting task [Stage-0:DDL] in serial mode
2024-04-23T20:46:43,687  INFO [main] HiveMetaStore.audit: ugi=alex	ip=unknown-ip-addr	cmd=create_table_req: Table(tableName:nonAcidOrcTbl, dbName:default, owner:alex, createTime:1713930403, lastAccessTime:0, retention:0, sd:StorageDescriptor(cols:[FieldSchema(name:a, type:int, comment:null), FieldSchema(name:b, type:int, comment:null)], location:null, inputFormat:org.apache.hadoop.hive.ql.io.orc.OrcInputFormat, outputFormat:org.apache.hadoop.hive.ql.io.orc.OrcOutputFormat, compressed:false, numBuckets:2, serdeInfo:SerDeInfo(name:null, serializationLib:org.apache.hadoop.hive.ql.io.orc.OrcSerde, parameters:{serialization.format=1}), bucketCols:[a], sortCols:[], parameters:{}, skewedInfo:SkewedInfo(skewedColNames:[], skewedColValues:[], skewedColValueLocationMaps:{}), storedAsSubDirectories:false), partitionKeys:[], parameters:{totalSize=0, rawDataSize=0, numFiles=0, numFilesErasureCoded=0, transactional=false, COLUMN_STATS_ACCURATE={"BASIC_STATS":"true","COLUMN_STATS":{"a":"true","b":"true"}}, numRows=0, bucketing_version=2}, viewOriginalText:null, viewExpandedText:null, tableType:MANAGED_TABLE, privileges:PrincipalPrivilegeSet(userPrivileges:{alex=[PrivilegeGrantInfo(privilege:INSERT, createTime:-1, grantor:alex, grantorType:USER, grantOption:true), PrivilegeGrantInfo(privilege:SELECT, createTime:-1, grantor:alex, grantorType:USER, grantOption:true), PrivilegeGrantInfo(privilege:UPDATE, createTime:-1, grantor:alex, grantorType:USER, grantOption:true), PrivilegeGrantInfo(privilege:DELETE, createTime:-1, grantor:alex, grantorType:USER, grantOption:true)]}, groupPrivileges:null, rolePrivileges:null), temporary:false, catName:hive, ownerType:USER)	
2024-04-23T20:46:43,695  INFO [main] utils.FileUtils: Creating directory if it doesn't exist: file:/home/alex/Repositories/hive/ql/target/tmp/org.apache.hadoop.hive.ql.TestTxnCommands3-1713930356371/warehouse/nonacidorctbl
2024-04-23T20:46:43,720  INFO [main] metadata.Hive: Dumping metastore api call timing information for : execution phase
2024-04-23T20:46:43,720  INFO [main] metadata.Hive: Total time spent in each metastore function (ms): {createTable_(Table)=33, isCompatibleWith_(Configuration)=0}
2024-04-23T20:46:43,720  INFO [main] ql.Driver: Completed executing command(queryId=alex_20240423204643_b9762c61-f612-4af3-9994-1fdffb95a59e); Time taken: 0.035 seconds
2024-04-23T20:46:43,720  INFO [main] lockmgr.DbTxnManager: Stopped heartbeat for query: alex_20240423204643_b9762c61-f612-4af3-9994-1fdffb95a59e
2024-04-23T20:46:43,725  INFO [main] txn.TxnHandler: Expected to move at least one record from txn_components to completed_txn_components when committing txn! txnid:9
2024-04-23T20:46:43,733  INFO [main] txn.TxnHandler: Removed transactions: ([9]) from MIN_HISTORY_LEVEL
2024-04-23T20:46:43,733  WARN [main] txn.CompactionTxnHandler: No compaction queue record found for Compaction type transaction commit. txnId:9
2024-04-23T20:46:43,734  INFO [main] ql.TxnCommandsBaseForTests: Running the query: create table nonAcidOrcTbl2(a int, b int) clustered by (a) into 2 buckets stored as orc TBLPROPERTIES ('transactional'='false')
2024-04-23T20:46:43,735  INFO [main] ql.Driver: Compiling command(queryId=alex_20240423204643_010a5cdb-90cb-49e9-b618-73f830cf6c7e): create table nonAcidOrcTbl2(a int, b int) clustered by (a) into 2 buckets stored as orc TBLPROPERTIES ('transactional'='false')
2024-04-23T20:46:43,739  INFO [main] txn.TxnHandler: Added entries to MIN_HISTORY_LEVEL for current txns: ([10]) with min_open_txn: 1
2024-04-23T20:46:43,740  INFO [main] lockmgr.DbTxnManager: Opened txnid:10
2024-04-23T20:46:43,741  INFO [main] parse.CalcitePlanner: Starting caching scope for: 
2024-04-23T20:46:43,741  INFO [main] parse.CalcitePlanner: Starting Semantic Analysis
2024-04-23T20:46:43,744  INFO [main] parse.CalcitePlanner: Creating table default.nonAcidOrcTbl2 position=13
2024-04-23T20:46:43,745  INFO [main] HiveMetaStore.audit: ugi=alex	ip=unknown-ip-addr	cmd=get_database: default	
2024-04-23T20:46:43,748  INFO [main] parse.CalcitePlanner: Ending caching scope for: 
2024-04-23T20:46:43,748  INFO [main] ql.Driver: Semantic Analysis Completed (retrial = false)
2024-04-23T20:46:43,748  INFO [main] ql.Driver: Created Hive schema: Schema(fieldSchemas:null, properties:null)
2024-04-23T20:46:43,748  INFO [main] metadata.Hive: Dumping metastore api call timing information for : compilation phase
2024-04-23T20:46:43,748  INFO [main] metadata.Hive: Total time spent in each metastore function (ms): {commitTxn_(CommitTxnRequest)=14, openTxn_(String, TxnType)=3, isCompatibleWith_(Configuration)=1, getValidTxns_(long)=1, getValidWriteIds_(List, String)=3, flushCache_()=0, getDatabase_(String)=4}
2024-04-23T20:46:43,748  INFO [main] ql.Driver: Completed compiling command(queryId=alex_20240423204643_010a5cdb-90cb-49e9-b618-73f830cf6c7e); Time taken: 0.013 seconds
2024-04-23T20:46:43,749  INFO [main] lockmgr.DbTxnManager: Setting lock request transaction to txnid:10 for queryId=alex_20240423204643_010a5cdb-90cb-49e9-b618-73f830cf6c7e
2024-04-23T20:46:43,749  INFO [main] lockmgr.DbLockManager: Requesting lock for queryId=alex_20240423204643_010a5cdb-90cb-49e9-b618-73f830cf6c7e
2024-04-23T20:46:43,769  INFO [main] lockmgr.DbLockManager: Response to queryId=alex_20240423204643_010a5cdb-90cb-49e9-b618-73f830cf6c7e LockResponse(lockid:4, state:ACQUIRED)
2024-04-23T20:46:43,769  INFO [main] ql.Driver: Operation CREATETABLE obtained 1 locks
2024-04-23T20:46:43,769  INFO [main] ql.Driver: Executing command(queryId=alex_20240423204643_010a5cdb-90cb-49e9-b618-73f830cf6c7e): create table nonAcidOrcTbl2(a int, b int) clustered by (a) into 2 buckets stored as orc TBLPROPERTIES ('transactional'='false')
2024-04-23T20:46:43,769  INFO [main] ql.Driver: Starting task [Stage-0:DDL] in serial mode
2024-04-23T20:46:43,771  INFO [main] HiveMetaStore.audit: ugi=alex	ip=unknown-ip-addr	cmd=create_table_req: Table(tableName:nonAcidOrcTbl2, dbName:default, owner:alex, createTime:1713930403, lastAccessTime:0, retention:0, sd:StorageDescriptor(cols:[FieldSchema(name:a, type:int, comment:null), FieldSchema(name:b, type:int, comment:null)], location:null, inputFormat:org.apache.hadoop.hive.ql.io.orc.OrcInputFormat, outputFormat:org.apache.hadoop.hive.ql.io.orc.OrcOutputFormat, compressed:false, numBuckets:2, serdeInfo:SerDeInfo(name:null, serializationLib:org.apache.hadoop.hive.ql.io.orc.OrcSerde, parameters:{serialization.format=1}), bucketCols:[a], sortCols:[], parameters:{}, skewedInfo:SkewedInfo(skewedColNames:[], skewedColValues:[], skewedColValueLocationMaps:{}), storedAsSubDirectories:false), partitionKeys:[], parameters:{transactional=false, bucketing_version=2, COLUMN_STATS_ACCURATE={"BASIC_STATS":"true","COLUMN_STATS":{"a":"true","b":"true"}}, numFilesErasureCoded=0, rawDataSize=0, numFiles=0, totalSize=0, numRows=0}, viewOriginalText:null, viewExpandedText:null, tableType:MANAGED_TABLE, privileges:PrincipalPrivilegeSet(userPrivileges:{alex=[PrivilegeGrantInfo(privilege:INSERT, createTime:-1, grantor:alex, grantorType:USER, grantOption:true), PrivilegeGrantInfo(privilege:SELECT, createTime:-1, grantor:alex, grantorType:USER, grantOption:true), PrivilegeGrantInfo(privilege:UPDATE, createTime:-1, grantor:alex, grantorType:USER, grantOption:true), PrivilegeGrantInfo(privilege:DELETE, createTime:-1, grantor:alex, grantorType:USER, grantOption:true)]}, groupPrivileges:null, rolePrivileges:null), temporary:false, catName:hive, ownerType:USER)	
2024-04-23T20:46:43,779  INFO [main] utils.FileUtils: Creating directory if it doesn't exist: file:/home/alex/Repositories/hive/ql/target/tmp/org.apache.hadoop.hive.ql.TestTxnCommands3-1713930356371/warehouse/nonacidorctbl2
2024-04-23T20:46:43,800  INFO [main] metadata.Hive: Dumping metastore api call timing information for : execution phase
2024-04-23T20:46:43,800  INFO [main] metadata.Hive: Total time spent in each metastore function (ms): {createTable_(Table)=30, isCompatibleWith_(Configuration)=0}
2024-04-23T20:46:43,800  INFO [main] ql.Driver: Completed executing command(queryId=alex_20240423204643_010a5cdb-90cb-49e9-b618-73f830cf6c7e); Time taken: 0.031 seconds
2024-04-23T20:46:43,800  INFO [main] lockmgr.DbTxnManager: Stopped heartbeat for query: alex_20240423204643_010a5cdb-90cb-49e9-b618-73f830cf6c7e
2024-04-23T20:46:43,806  INFO [main] txn.TxnHandler: Expected to move at least one record from txn_components to completed_txn_components when committing txn! txnid:10
2024-04-23T20:46:43,814  INFO [main] txn.TxnHandler: Removed transactions: ([10]) from MIN_HISTORY_LEVEL
2024-04-23T20:46:43,815  WARN [main] txn.CompactionTxnHandler: No compaction queue record found for Compaction type transaction commit. txnId:10
2024-04-23T20:46:43,815  INFO [main] ql.TxnCommandsBaseForTests: Running the query: create temporary  table acidTbl2(a int, b int, c int) clustered by (c) into 2 buckets stored as orc TBLPROPERTIES ('transactional'='true')
2024-04-23T20:46:43,816  INFO [main] ql.Driver: Compiling command(queryId=alex_20240423204643_5b903828-7802-4c2b-aa56-cff019a414ae): create temporary  table acidTbl2(a int, b int, c int) clustered by (c) into 2 buckets stored as orc TBLPROPERTIES ('transactional'='true')
2024-04-23T20:46:43,820  INFO [main] txn.TxnHandler: Added entries to MIN_HISTORY_LEVEL for current txns: ([11]) with min_open_txn: 1
2024-04-23T20:46:43,820  INFO [main] lockmgr.DbTxnManager: Opened txnid:11
2024-04-23T20:46:43,822  INFO [main] parse.CalcitePlanner: Starting caching scope for: 
2024-04-23T20:46:43,822  INFO [main] parse.CalcitePlanner: Starting Semantic Analysis
2024-04-23T20:46:43,826  INFO [main] parse.CalcitePlanner: Creating table default.acidTbl2 position=24
2024-04-23T20:46:43,827  INFO [main] HiveMetaStore.audit: ugi=alex	ip=unknown-ip-addr	cmd=get_database: default	
2024-04-23T20:46:43,830  INFO [main] parse.CalcitePlanner: Ending caching scope for: 
2024-04-23T20:46:43,830  INFO [main] ql.Driver: Semantic Analysis Completed (retrial = false)
2024-04-23T20:46:43,830  INFO [main] ql.Driver: Created Hive schema: Schema(fieldSchemas:null, properties:null)
2024-04-23T20:46:43,830  INFO [main] metadata.Hive: Dumping metastore api call timing information for : compilation phase
2024-04-23T20:46:43,830  INFO [main] metadata.Hive: Total time spent in each metastore function (ms): {openTxn_(String, TxnType)=3, getValidTxns_(long)=1, flushCache_()=0, getValidWriteIds_(List, String)=4, isCompatibleWith_(Configuration)=0, getDatabase_(String)=4, commitTxn_(CommitTxnRequest)=14}
2024-04-23T20:46:43,830  INFO [main] ql.Driver: Completed compiling command(queryId=alex_20240423204643_5b903828-7802-4c2b-aa56-cff019a414ae); Time taken: 0.014 seconds
2024-04-23T20:46:43,831  INFO [main] lockmgr.DbTxnManager: Setting lock request transaction to txnid:11 for queryId=alex_20240423204643_5b903828-7802-4c2b-aa56-cff019a414ae
2024-04-23T20:46:43,831  INFO [main] lockmgr.DbLockManager: Requesting lock for queryId=alex_20240423204643_5b903828-7802-4c2b-aa56-cff019a414ae
2024-04-23T20:46:43,851  INFO [main] lockmgr.DbLockManager: Response to queryId=alex_20240423204643_5b903828-7802-4c2b-aa56-cff019a414ae LockResponse(lockid:5, state:ACQUIRED)
2024-04-23T20:46:43,851  INFO [main] ql.Driver: Operation CREATETABLE obtained 1 locks
2024-04-23T20:46:43,852  INFO [main] ql.Driver: Executing command(queryId=alex_20240423204643_5b903828-7802-4c2b-aa56-cff019a414ae): create temporary  table acidTbl2(a int, b int, c int) clustered by (c) into 2 buckets stored as orc TBLPROPERTIES ('transactional'='true')
2024-04-23T20:46:43,853  INFO [main] ql.Driver: Starting task [Stage-0:DDL] in serial mode
2024-04-23T20:46:43,854  INFO [main] utils.FileUtils: Creating directory if it doesn't exist: file:/home/alex/Repositories/hive/ql/target/tmp/scratchdir/alex/28eeba03-e4cf-4fba-9dc4-f124874733a1/_tmp_space.db/8305aac4-0f71-4e25-a186-5b6c61b3705f
2024-04-23T20:46:43,858  INFO [main] metadata.Hive: Dumping metastore api call timing information for : execution phase
2024-04-23T20:46:43,858  INFO [main] metadata.Hive: Total time spent in each metastore function (ms): {createTable_(Table)=3, isCompatibleWith_(Configuration)=0}
2024-04-23T20:46:43,858  INFO [main] ql.Driver: Completed executing command(queryId=alex_20240423204643_5b903828-7802-4c2b-aa56-cff019a414ae); Time taken: 0.005 seconds
2024-04-23T20:46:43,858  INFO [main] lockmgr.DbTxnManager: Stopped heartbeat for query: alex_20240423204643_5b903828-7802-4c2b-aa56-cff019a414ae
2024-04-23T20:46:43,863  INFO [main] txn.TxnHandler: Expected to move at least one record from txn_components to completed_txn_components when committing txn! txnid:11
2024-04-23T20:46:43,871  INFO [main] txn.TxnHandler: Removed transactions: ([11]) from MIN_HISTORY_LEVEL
2024-04-23T20:46:43,871  WARN [main] txn.CompactionTxnHandler: No compaction queue record found for Compaction type transaction commit. txnId:11
2024-04-23T20:46:43,872  INFO [main] ql.TxnCommandsBaseForTests: Running the query: create table nonAcidNonBucket(a int, b int) stored as orc TBLPROPERTIES ('transactional'='false')
2024-04-23T20:46:43,873  INFO [main] ql.Driver: Compiling command(queryId=alex_20240423204643_70f64dbd-8892-437f-8832-1a35721fc57f): create table nonAcidNonBucket(a int, b int) stored as orc TBLPROPERTIES ('transactional'='false')
2024-04-23T20:46:43,877  INFO [main] txn.TxnHandler: Added entries to MIN_HISTORY_LEVEL for current txns: ([12]) with min_open_txn: 1
2024-04-23T20:46:43,878  INFO [main] lockmgr.DbTxnManager: Opened txnid:12
2024-04-23T20:46:43,879  INFO [main] parse.CalcitePlanner: Starting caching scope for: 
2024-04-23T20:46:43,879  INFO [main] parse.CalcitePlanner: Starting Semantic Analysis
2024-04-23T20:46:43,883  INFO [main] parse.CalcitePlanner: Creating table default.nonAcidNonBucket position=13
2024-04-23T20:46:43,884  INFO [main] HiveMetaStore.audit: ugi=alex	ip=unknown-ip-addr	cmd=get_database: default	
2024-04-23T20:46:43,887  INFO [main] parse.CalcitePlanner: Ending caching scope for: 
2024-04-23T20:46:43,887  INFO [main] ql.Driver: Semantic Analysis Completed (retrial = false)
2024-04-23T20:46:43,887  INFO [main] ql.Driver: Created Hive schema: Schema(fieldSchemas:null, properties:null)
2024-04-23T20:46:43,887  INFO [main] metadata.Hive: Dumping metastore api call timing information for : compilation phase
2024-04-23T20:46:43,887  INFO [main] metadata.Hive: Total time spent in each metastore function (ms): {commitTxn_(CommitTxnRequest)=14, getDatabase_(String)=3, flushCache_()=0, openTxn_(String, TxnType)=4, getValidWriteIds_(List, String)=3, getValidTxns_(long)=1, isCompatibleWith_(Configuration)=1}
2024-04-23T20:46:43,887  INFO [main] ql.Driver: Completed compiling command(queryId=alex_20240423204643_70f64dbd-8892-437f-8832-1a35721fc57f); Time taken: 0.014 seconds
2024-04-23T20:46:43,888  INFO [main] lockmgr.DbTxnManager: Setting lock request transaction to txnid:12 for queryId=alex_20240423204643_70f64dbd-8892-437f-8832-1a35721fc57f
2024-04-23T20:46:43,888  INFO [main] lockmgr.DbLockManager: Requesting lock for queryId=alex_20240423204643_70f64dbd-8892-437f-8832-1a35721fc57f
2024-04-23T20:46:43,907  INFO [main] lockmgr.DbLockManager: Response to queryId=alex_20240423204643_70f64dbd-8892-437f-8832-1a35721fc57f LockResponse(lockid:6, state:ACQUIRED)
2024-04-23T20:46:43,907  INFO [main] ql.Driver: Operation CREATETABLE obtained 1 locks
2024-04-23T20:46:43,907  INFO [main] ql.Driver: Executing command(queryId=alex_20240423204643_70f64dbd-8892-437f-8832-1a35721fc57f): create table nonAcidNonBucket(a int, b int) stored as orc TBLPROPERTIES ('transactional'='false')
2024-04-23T20:46:43,908  INFO [main] ql.Driver: Starting task [Stage-0:DDL] in serial mode
2024-04-23T20:46:43,909  INFO [main] HiveMetaStore.audit: ugi=alex	ip=unknown-ip-addr	cmd=create_table_req: Table(tableName:nonAcidNonBucket, dbName:default, owner:alex, createTime:1713930403, lastAccessTime:0, retention:0, sd:StorageDescriptor(cols:[FieldSchema(name:a, type:int, comment:null), FieldSchema(name:b, type:int, comment:null)], location:null, inputFormat:org.apache.hadoop.hive.ql.io.orc.OrcInputFormat, outputFormat:org.apache.hadoop.hive.ql.io.orc.OrcOutputFormat, compressed:false, numBuckets:-1, serdeInfo:SerDeInfo(name:null, serializationLib:org.apache.hadoop.hive.ql.io.orc.OrcSerde, parameters:{serialization.format=1}), bucketCols:[], sortCols:[], parameters:{}, skewedInfo:SkewedInfo(skewedColNames:[], skewedColValues:[], skewedColValueLocationMaps:{}), storedAsSubDirectories:false), partitionKeys:[], parameters:{rawDataSize=0, numFiles=0, numFilesErasureCoded=0, transactional=false, totalSize=0, bucketing_version=2, numRows=0, COLUMN_STATS_ACCURATE={"BASIC_STATS":"true","COLUMN_STATS":{"a":"true","b":"true"}}}, viewOriginalText:null, viewExpandedText:null, tableType:MANAGED_TABLE, privileges:PrincipalPrivilegeSet(userPrivileges:{alex=[PrivilegeGrantInfo(privilege:INSERT, createTime:-1, grantor:alex, grantorType:USER, grantOption:true), PrivilegeGrantInfo(privilege:SELECT, createTime:-1, grantor:alex, grantorType:USER, grantOption:true), PrivilegeGrantInfo(privilege:UPDATE, createTime:-1, grantor:alex, grantorType:USER, grantOption:true), PrivilegeGrantInfo(privilege:DELETE, createTime:-1, grantor:alex, grantorType:USER, grantOption:true)]}, groupPrivileges:null, rolePrivileges:null), temporary:false, catName:hive, ownerType:USER)	
2024-04-23T20:46:43,917  INFO [main] utils.FileUtils: Creating directory if it doesn't exist: file:/home/alex/Repositories/hive/ql/target/tmp/org.apache.hadoop.hive.ql.TestTxnCommands3-1713930356371/warehouse/nonacidnonbucket
2024-04-23T20:46:43,941  INFO [main] metadata.Hive: Dumping metastore api call timing information for : execution phase
2024-04-23T20:46:43,941  INFO [main] metadata.Hive: Total time spent in each metastore function (ms): {isCompatibleWith_(Configuration)=0, createTable_(Table)=32}
2024-04-23T20:46:43,941  INFO [main] ql.Driver: Completed executing command(queryId=alex_20240423204643_70f64dbd-8892-437f-8832-1a35721fc57f); Time taken: 0.034 seconds
2024-04-23T20:46:43,941  INFO [main] lockmgr.DbTxnManager: Stopped heartbeat for query: alex_20240423204643_70f64dbd-8892-437f-8832-1a35721fc57f
2024-04-23T20:46:43,947  INFO [main] txn.TxnHandler: Expected to move at least one record from txn_components to completed_txn_components when committing txn! txnid:12
2024-04-23T20:46:43,955  INFO [main] txn.TxnHandler: Removed transactions: ([12]) from MIN_HISTORY_LEVEL
2024-04-23T20:46:43,955  WARN [main] txn.CompactionTxnHandler: No compaction queue record found for Compaction type transaction commit. txnId:12
2024-04-23T20:46:43,956  INFO [main] ql.Driver: Compiling command(queryId=alex_20240423204643_ba808255-0bda-4aee-ac69-ca2aaf4d6cc9): drop table if exists T
2024-04-23T20:46:43,960  INFO [main] txn.TxnHandler: Added entries to MIN_HISTORY_LEVEL for current txns: ([13]) with min_open_txn: 1
2024-04-23T20:46:43,960  INFO [main] lockmgr.DbTxnManager: Opened txnid:13
2024-04-23T20:46:43,962  INFO [main] HiveMetaStore.audit: ugi=alex	ip=unknown-ip-addr	cmd=get_table : tbl=hive.default.T	
2024-04-23T20:46:43,988  INFO [main] metastore.HMSHandler: Skipping translation for processor with null
2024-04-23T20:46:43,989  INFO [main] ql.Driver: Semantic Analysis Completed (retrial = false)
2024-04-23T20:46:43,989  INFO [main] ql.Driver: Created Hive schema: Schema(fieldSchemas:null, properties:null)
2024-04-23T20:46:43,989  INFO [main] metadata.Hive: Dumping metastore api call timing information for : compilation phase
2024-04-23T20:46:43,989  INFO [main] metadata.Hive: Total time spent in each metastore function (ms): {isCompatibleWith_(Configuration)=0, openTxn_(String, TxnType)=3, flushCache_()=0, getTable_(GetTableRequest)=27, getValidTxns_(long)=1, commitTxn_(CommitTxnRequest)=13}
2024-04-23T20:46:43,989  INFO [main] ql.Driver: Completed compiling command(queryId=alex_20240423204643_ba808255-0bda-4aee-ac69-ca2aaf4d6cc9); Time taken: 0.033 seconds
2024-04-23T20:46:43,990  INFO [main] lockmgr.DbTxnManager: Setting lock request transaction to txnid:13 for queryId=alex_20240423204643_ba808255-0bda-4aee-ac69-ca2aaf4d6cc9
2024-04-23T20:46:43,990  INFO [main] lockmgr.DbLockManager: Requesting lock for queryId=alex_20240423204643_ba808255-0bda-4aee-ac69-ca2aaf4d6cc9
2024-04-23T20:46:44,010  INFO [main] lockmgr.DbLockManager: Response to queryId=alex_20240423204643_ba808255-0bda-4aee-ac69-ca2aaf4d6cc9 LockResponse(lockid:7, state:ACQUIRED)
2024-04-23T20:46:44,010  INFO [main] ql.Driver: Operation DROPTABLE obtained 1 locks
2024-04-23T20:46:44,010  INFO [main] ql.Driver: Executing command(queryId=alex_20240423204643_ba808255-0bda-4aee-ac69-ca2aaf4d6cc9): drop table if exists T
2024-04-23T20:46:44,010  INFO [main] ql.Driver: Starting task [Stage-0:DDL] in serial mode
2024-04-23T20:46:44,011  INFO [main] HiveMetaStore.audit: ugi=alex	ip=unknown-ip-addr	cmd=get_table : tbl=hive.default.T	
2024-04-23T20:46:44,021  INFO [main] metastore.HMSHandler: Skipping translation for processor with null
2024-04-23T20:46:44,022  INFO [main] HiveMetaStore.audit: ugi=alex	ip=unknown-ip-addr	cmd=get_table : tbl=hive.default.T	
2024-04-23T20:46:44,033  INFO [main] metastore.HMSHandler: Skipping translation for processor with null
2024-04-23T20:46:44,033  INFO [main] HiveMetaStore.audit: ugi=alex	ip=unknown-ip-addr	cmd=drop_table : tbl=hive.default.T	
2024-04-23T20:46:44,186  WARN [main] utils.FileUtils: File file:/home/alex/Repositories/hive/ql/target/tmp/org.apache.hadoop.hive.ql.TestTxnCommands3-1713930356371/warehouse/t does not exist; Force to delete it.
2024-04-23T20:46:44,186 ERROR [main] utils.FileUtils: Failed to delete file:/home/alex/Repositories/hive/ql/target/tmp/org.apache.hadoop.hive.ql.TestTxnCommands3-1713930356371/warehouse/t
2024-04-23T20:46:44,186  INFO [main] metadata.Hive: Dumping metastore api call timing information for : execution phase
2024-04-23T20:46:44,186  INFO [main] metadata.Hive: Total time spent in each metastore function (ms): {isCompatibleWith_(Configuration)=0, getTable_(GetTableRequest)=11, dropTable_(String, String, boolean, boolean, boolean)=164}
2024-04-23T20:46:44,187  INFO [main] ql.Driver: Completed executing command(queryId=alex_20240423204643_ba808255-0bda-4aee-ac69-ca2aaf4d6cc9); Time taken: 0.176 seconds
2024-04-23T20:46:44,187  INFO [main] lockmgr.DbTxnManager: Stopped heartbeat for query: alex_20240423204643_ba808255-0bda-4aee-ac69-ca2aaf4d6cc9
2024-04-23T20:46:44,192  INFO [main] txn.TxnHandler: Expected to move at least one record from txn_components to completed_txn_components when committing txn! txnid:13
2024-04-23T20:46:44,200  INFO [main] txn.TxnHandler: Removed transactions: ([13]) from MIN_HISTORY_LEVEL
2024-04-23T20:46:44,200  WARN [main] txn.CompactionTxnHandler: No compaction queue record found for Compaction type transaction commit. txnId:13
2024-04-23T20:46:44,201  INFO [main] ql.TxnCommandsBaseForTests: Running the query: create transactional table T(a int, b int) stored as orc
2024-04-23T20:46:44,202  INFO [main] ql.Driver: Compiling command(queryId=alex_20240423204644_0cb5b95c-fd4a-42b0-ae31-97efd3492259): create transactional table T(a int, b int) stored as orc
2024-04-23T20:46:44,211  INFO [main] txn.TxnHandler: Added entries to MIN_HISTORY_LEVEL for current txns: ([14]) with min_open_txn: 2
2024-04-23T20:46:44,211  INFO [main] lockmgr.DbTxnManager: Opened txnid:14
2024-04-23T20:46:44,213  INFO [main] parse.CalcitePlanner: Starting caching scope for: 
2024-04-23T20:46:44,213  INFO [main] parse.CalcitePlanner: Starting Semantic Analysis
2024-04-23T20:46:44,220  INFO [main] parse.CalcitePlanner: Creating table default.T position=27
2024-04-23T20:46:44,220  INFO [main] parse.CalcitePlanner: Automatically chose to make default.T acid.
2024-04-23T20:46:44,221  INFO [main] HiveMetaStore.audit: ugi=alex	ip=unknown-ip-addr	cmd=get_database: default	
2024-04-23T20:46:44,224  INFO [main] parse.CalcitePlanner: Ending caching scope for: 
2024-04-23T20:46:44,224  INFO [main] ql.Driver: Semantic Analysis Completed (retrial = false)
2024-04-23T20:46:44,224  INFO [main] ql.Driver: Created Hive schema: Schema(fieldSchemas:null, properties:null)
2024-04-23T20:46:44,224  INFO [main] metadata.Hive: Dumping metastore api call timing information for : compilation phase
2024-04-23T20:46:44,224  INFO [main] metadata.Hive: Total time spent in each metastore function (ms): {getValidTxns_(long)=0, getDatabase_(String)=4, isCompatibleWith_(Configuration)=0, openTxn_(String, TxnType)=8, flushCache_()=1, getValidWriteIds_(List, String)=7, commitTxn_(CommitTxnRequest)=14}
2024-04-23T20:46:44,225  INFO [main] ql.Driver: Completed compiling command(queryId=alex_20240423204644_0cb5b95c-fd4a-42b0-ae31-97efd3492259); Time taken: 0.022 seconds
2024-04-23T20:46:44,225  INFO [main] lockmgr.DbTxnManager: Setting lock request transaction to txnid:14 for queryId=alex_20240423204644_0cb5b95c-fd4a-42b0-ae31-97efd3492259
2024-04-23T20:46:44,225  INFO [main] lockmgr.DbLockManager: Requesting lock for queryId=alex_20240423204644_0cb5b95c-fd4a-42b0-ae31-97efd3492259
2024-04-23T20:46:44,245  INFO [main] lockmgr.DbLockManager: Response to queryId=alex_20240423204644_0cb5b95c-fd4a-42b0-ae31-97efd3492259 LockResponse(lockid:8, state:ACQUIRED)
2024-04-23T20:46:44,245  INFO [main] ql.Driver: Operation CREATETABLE obtained 1 locks
2024-04-23T20:46:44,246  INFO [main] ql.Driver: Executing command(queryId=alex_20240423204644_0cb5b95c-fd4a-42b0-ae31-97efd3492259): create transactional table T(a int, b int) stored as orc
2024-04-23T20:46:44,246  INFO [main] ql.Driver: Starting task [Stage-0:DDL] in serial mode
2024-04-23T20:46:44,248  INFO [main] HiveMetaStore.audit: ugi=alex	ip=unknown-ip-addr	cmd=create_table_req: Table(tableName:T, dbName:default, owner:alex, createTime:1713930404, lastAccessTime:0, retention:0, sd:StorageDescriptor(cols:[FieldSchema(name:a, type:int, comment:null), FieldSchema(name:b, type:int, comment:null)], location:null, inputFormat:org.apache.hadoop.hive.ql.io.orc.OrcInputFormat, outputFormat:org.apache.hadoop.hive.ql.io.orc.OrcOutputFormat, compressed:false, numBuckets:-1, serdeInfo:SerDeInfo(name:null, serializationLib:org.apache.hadoop.hive.ql.io.orc.OrcSerde, parameters:{serialization.format=1}), bucketCols:[], sortCols:[], parameters:{}, skewedInfo:SkewedInfo(skewedColNames:[], skewedColValues:[], skewedColValueLocationMaps:{}), storedAsSubDirectories:false), partitionKeys:[], parameters:{numRows=0, transactional=true, transactional_properties=default, bucketing_version=2, rawDataSize=0, totalSize=0, COLUMN_STATS_ACCURATE={"BASIC_STATS":"true","COLUMN_STATS":{"a":"true","b":"true"}}, numFilesErasureCoded=0, numFiles=0}, viewOriginalText:null, viewExpandedText:null, tableType:MANAGED_TABLE, privileges:PrincipalPrivilegeSet(userPrivileges:{alex=[PrivilegeGrantInfo(privilege:INSERT, createTime:-1, grantor:alex, grantorType:USER, grantOption:true), PrivilegeGrantInfo(privilege:SELECT, createTime:-1, grantor:alex, grantorType:USER, grantOption:true), PrivilegeGrantInfo(privilege:UPDATE, createTime:-1, grantor:alex, grantorType:USER, grantOption:true), PrivilegeGrantInfo(privilege:DELETE, createTime:-1, grantor:alex, grantorType:USER, grantOption:true)]}, groupPrivileges:null, rolePrivileges:null), temporary:false, catName:hive, ownerType:USER, writeId:0)	
2024-04-23T20:46:44,257  INFO [main] utils.FileUtils: Creating directory if it doesn't exist: file:/home/alex/Repositories/hive/ql/target/tmp/org.apache.hadoop.hive.ql.TestTxnCommands3-1713930356371/warehouse/t
2024-04-23T20:46:44,298  INFO [main] metadata.Hive: Dumping metastore api call timing information for : execution phase
2024-04-23T20:46:44,299  INFO [main] metadata.Hive: Total time spent in each metastore function (ms): {createTable_(Table)=50, isCompatibleWith_(Configuration)=1}
2024-04-23T20:46:44,299  INFO [main] ql.Driver: Completed executing command(queryId=alex_20240423204644_0cb5b95c-fd4a-42b0-ae31-97efd3492259); Time taken: 0.052 seconds
2024-04-23T20:46:44,299  INFO [main] lockmgr.DbTxnManager: Stopped heartbeat for query: alex_20240423204644_0cb5b95c-fd4a-42b0-ae31-97efd3492259
2024-04-23T20:46:44,305  INFO [main] txn.TxnHandler: Expected to move at least one record from txn_components to completed_txn_components when committing txn! txnid:14
2024-04-23T20:46:44,312  INFO [main] txn.TxnHandler: Removed transactions: ([14]) from MIN_HISTORY_LEVEL
2024-04-23T20:46:44,312  WARN [main] txn.CompactionTxnHandler: No compaction queue record found for Compaction type transaction commit. txnId:14
2024-04-23T20:46:44,313  INFO [main] ql.TxnCommandsBaseForTests: Running the query: insert into T values(1,2),(4,5)
2024-04-23T20:46:44,314  INFO [main] ql.Driver: Compiling command(queryId=alex_20240423204644_31d5998b-2a0d-46a8-b53d-7d3cb815fa9c): insert into T values(1,2),(4,5)
2024-04-23T20:46:44,318  INFO [main] txn.TxnHandler: Added entries to MIN_HISTORY_LEVEL for current txns: ([15]) with min_open_txn: 4
2024-04-23T20:46:44,319  INFO [main] lockmgr.DbTxnManager: Opened txnid:15
2024-04-23T20:46:44,320  INFO [main] parse.CalcitePlanner: Starting caching scope for: 
2024-04-23T20:46:44,320  INFO [main] parse.CalcitePlanner: Starting Semantic Analysis
2024-04-23T20:46:44,327  INFO [main] HiveMetaStore.audit: ugi=alex	ip=unknown-ip-addr	cmd=get_table : tbl=hive.default.T	
2024-04-23T20:46:44,339  INFO [main] metastore.HMSHandler: Skipping translation for processor with null
2024-04-23T20:46:44,339  INFO [main] parse.CalcitePlanner: Completed phase 1 of Semantic Analysis
2024-04-23T20:46:44,339  INFO [main] parse.CalcitePlanner: Get metadata for source tables
2024-04-23T20:46:44,339  INFO [main] parse.CalcitePlanner: Get metadata for subqueries
2024-04-23T20:46:44,340  INFO [main] parse.CalcitePlanner: Get metadata for destination tables
2024-04-23T20:46:44,340  INFO [main] HiveMetaStore.audit: ugi=alex	ip=unknown-ip-addr	cmd=get_table : tbl=hive.default.T	
2024-04-23T20:46:44,350  INFO [main] metastore.HMSHandler: Skipping translation for processor with null
2024-04-23T20:46:44,351  INFO [main] parse.CalcitePlanner: Completed getting MetaData in Semantic Analysis
2024-04-23T20:46:44,351  INFO [main] parse.CalcitePlanner: Disabling LLAP IO encode as ETL query is detected
2024-04-23T20:46:44,377  INFO [main] HiveMetaStore.audit: ugi=alex	ip=unknown-ip-addr	cmd=get_all_table_constraints : tbl=hive._dummy_database._dummy_table	
2024-04-23T20:46:44,547  INFO [main] parse.CalcitePlanner: Get metadata for source tables
2024-04-23T20:46:44,547  INFO [main] parse.CalcitePlanner: Get metadata for subqueries
2024-04-23T20:46:44,547  INFO [main] parse.CalcitePlanner: Get metadata for source tables
2024-04-23T20:46:44,549  INFO [main] HiveMetaStore.audit: ugi=alex	ip=unknown-ip-addr	cmd=get_table : tbl=hive._dummy_database._dummy_table	
2024-04-23T20:46:44,554  INFO [main] parse.CalcitePlanner: Get metadata for subqueries
2024-04-23T20:46:44,554  INFO [main] parse.CalcitePlanner: Get metadata for destination tables
2024-04-23T20:46:44,554  INFO [main] parse.CalcitePlanner: Get metadata for destination tables
2024-04-23T20:46:44,554  INFO [main] HiveMetaStore.audit: ugi=alex	ip=unknown-ip-addr	cmd=get_table : tbl=hive.default.T	
2024-04-23T20:46:44,568  INFO [main] metastore.HMSHandler: Skipping translation for processor with null
2024-04-23T20:46:44,573  INFO [main] HiveMetaStore.audit: ugi=alex	ip=unknown-ip-addr	cmd=get_not_null_constraints : tbl=hive.default.t	
2024-04-23T20:46:44,575  INFO [main] HiveMetaStore.audit: ugi=alex	ip=unknown-ip-addr	cmd=get_check_constraints : tbl=hive.default.t	
2024-04-23T20:46:44,587  INFO [main] txn.TxnHandler: Allocated writeId: 1 for txnId: 15
2024-04-23T20:46:44,588  INFO [main] txn.TxnHandler: Allocated write ids for dbName=default, tblName=t (txnIds: [15])
2024-04-23T20:46:44,598  INFO [main] parse.CalcitePlanner: CBO Succeeded; optimized logical plan.
2024-04-23T20:46:44,605  INFO [main] optimizer.BucketVersionPopulator: not considering bucketingVersion for: TS[0] because it has -1<2 buckets 
2024-04-23T20:46:44,607  INFO [main] optimizer.SortedDynPartitionOptimizer: Sorted dynamic partitioning optimization kicked in..
2024-04-23T20:46:44,620  INFO [main] HiveMetaStore.audit: ugi=alex	ip=unknown-ip-addr	cmd=get_table : tbl=hive.default.t	
2024-04-23T20:46:44,631  INFO [main] metastore.HMSHandler: Skipping translation for processor with null
2024-04-23T20:46:44,633  INFO [main] physical.Vectorizer: Examining input format to see if vectorization is enabled.
2024-04-23T20:46:44,633  INFO [main] physical.Vectorizer: Map vectorization enabled: false
2024-04-23T20:46:44,633  INFO [main] physical.Vectorizer: Map vectorized: false
2024-04-23T20:46:44,633  INFO [main] physical.Vectorizer: Map vectorizedVertexNum: 0
2024-04-23T20:46:44,633  INFO [main] physical.Vectorizer: Map enabledConditionsMet: [hive.vectorized.use.vectorized.input.format IS true]
2024-04-23T20:46:44,633  INFO [main] physical.Vectorizer: Map enabledConditionsNotMet: [Could not enable vectorization due to partition column names size 1 is greater than the number of table column names size 0 IS false]
2024-04-23T20:46:44,633  INFO [main] physical.Vectorizer: Map inputFileFormatClassNameSet: [org.apache.hadoop.hive.ql.io.NullRowsInputFormat]
2024-04-23T20:46:44,634  INFO [main] parse.CalcitePlanner: Completed plan generation
2024-04-23T20:46:44,634  INFO [main] parse.CalcitePlanner: Ending caching scope for: 
2024-04-23T20:46:44,634  INFO [main] ql.Driver: Semantic Analysis Completed (retrial = false)
2024-04-23T20:46:44,634  INFO [main] ql.Driver: Created Hive schema: Schema(fieldSchemas:[FieldSchema(name:col1, type:int, comment:null), FieldSchema(name:col2, type:int, comment:null)], properties:null)
2024-04-23T20:46:44,634  INFO [main] metadata.Hive: Dumping metastore api call timing information for : compilation phase
2024-04-23T20:46:44,634  INFO [main] metadata.Hive: Total time spent in each metastore function (ms): {getValidTxns_(long)=1, getTable_(GetTableRequest)=49, allocateTableWriteId_(long, String, String)=21, isCompatibleWith_(Configuration)=1, commitTxn_(CommitTxnRequest)=14, getAllTableConstraints_(AllTableConstraintsRequest)=53, getCheckConstraints_(CheckConstraintsRequest)=2, getNotNullConstraints_(NotNullConstraintsRequest)=3, flushCache_()=0, openTxn_(String, TxnType)=3, getValidWriteIds_(List, String)=6}
2024-04-23T20:46:44,634  INFO [main] ql.Driver: Completed compiling command(queryId=alex_20240423204644_31d5998b-2a0d-46a8-b53d-7d3cb815fa9c); Time taken: 0.32 seconds
2024-04-23T20:46:44,635  INFO [main] lockmgr.DbTxnManager: Setting lock request transaction to txnid:15 for queryId=alex_20240423204644_31d5998b-2a0d-46a8-b53d-7d3cb815fa9c
2024-04-23T20:46:44,635  INFO [main] lockmgr.DbLockManager: Requesting lock for queryId=alex_20240423204644_31d5998b-2a0d-46a8-b53d-7d3cb815fa9c
2024-04-23T20:46:44,662  INFO [main] lockmgr.DbLockManager: Response to queryId=alex_20240423204644_31d5998b-2a0d-46a8-b53d-7d3cb815fa9c LockResponse(lockid:9, state:ACQUIRED)
2024-04-23T20:46:44,662  INFO [main] ql.Driver: Operation QUERY obtained 1 locks
2024-04-23T20:46:44,665  INFO [main] ql.Driver: Executing command(queryId=alex_20240423204644_31d5998b-2a0d-46a8-b53d-7d3cb815fa9c): insert into T values(1,2),(4,5)
2024-04-23T20:46:44,666  WARN [main] ql.Driver: Hive-on-MR is deprecated in Hive 2 and may not be available in the future versions. Consider using a different execution engine (i.e. spark, tez) or using Hive 1.X releases.
Query ID = alex_20240423204644_31d5998b-2a0d-46a8-b53d-7d3cb815fa9c
2024-04-23T20:46:44,666  INFO [main] ql.Driver: Query ID = alex_20240423204644_31d5998b-2a0d-46a8-b53d-7d3cb815fa9c
Total jobs = 1
2024-04-23T20:46:44,666  INFO [main] ql.Driver: Total jobs = 1
Launching Job 1 out of 1
2024-04-23T20:46:44,666  INFO [main] ql.Driver: Launching Job 1 out of 1
2024-04-23T20:46:44,905  INFO [main] ql.Driver: Starting task [Stage-1:MAPRED] in serial mode
Number of reduce tasks is set to 0 since there's no reduce operator
2024-04-23T20:46:44,905  INFO [main] exec.Task: Number of reduce tasks is set to 0 since there's no reduce operator
2024-04-23T20:46:44,908  INFO [main] mr.ExecDriver: Using org.apache.hadoop.hive.ql.io.HiveInputFormat
2024-04-23T20:46:44,908  INFO [main] exec.Utilities: Processing alias $hdt$_0:_dummy_table
2024-04-23T20:46:44,908  INFO [main] exec.Utilities: Adding 1 inputs; the first input is file:/home/alex/Repositories/hive/ql/target/tmp/localscratchdir/28eeba03-e4cf-4fba-9dc4-f124874733a1/hive_2024-04-23_20-46-44_314_6535892373255867789-1/dummy_path
2024-04-23T20:46:44,922  INFO [main] exec.SerializationUtilities: Serializing MapWork using kryo
2024-04-23T20:46:44,928  INFO [main] exec.Utilities: Serialized plan (via FILE) - name: null size: 5,69KB
2024-04-23T20:46:44,930  WARN [main] impl.MetricsSystemImpl: JobTracker metrics system already initialized!
2024-04-23T20:46:44,936  INFO [main] fs.FSStatsPublisher: created : file:/home/alex/Repositories/hive/ql/target/tmp/localscratchdir/28eeba03-e4cf-4fba-9dc4-f124874733a1/hive_2024-04-23_20-46-44_314_6535892373255867789-1/-mr-10000
2024-04-23T20:46:44,941  WARN [main] impl.MetricsSystemImpl: JobTracker metrics system already initialized!
2024-04-23T20:46:44,954  WARN [main] mapreduce.JobResourceUploader: Hadoop command-line option parsing not performed. Implement the Tool interface and execute your application with ToolRunner to remedy this.
2024-04-23T20:46:44,961  WARN [main] mapreduce.JobResourceUploader: No job jar file set.  User classes may not be found. See Job or Job#setJar(String).
2024-04-23T20:46:44,963  INFO [main] io.HiveInputFormat: hive.io.file.readcolumn.ids = 
2024-04-23T20:46:44,963  INFO [main] io.HiveInputFormat: hive.io.file.readcolumn.names = 
2024-04-23T20:46:44,963  INFO [main] io.HiveInputFormat: Generating splits for dirs: file:/home/alex/Repositories/hive/ql/target/tmp/localscratchdir/28eeba03-e4cf-4fba-9dc4-f124874733a1/hive_2024-04-23_20-46-44_314_6535892373255867789-1/dummy_path
2024-04-23T20:46:44,963  INFO [main] io.HiveInputFormat: number of splits 1
2024-04-23T20:46:44,988  INFO [main] mapreduce.JobSubmitter: number of splits:1
2024-04-23T20:46:45,020  INFO [main] mapreduce.JobSubmitter: Submitting tokens for job: job_local1515931413_0013
2024-04-23T20:46:45,020  INFO [main] mapreduce.JobSubmitter: Executing with tokens: []
2024-04-23T20:46:45,105  INFO [main] mapreduce.Job: The url to track the job: http://localhost:8080/
Job running in-process (local Hadoop)
2024-04-23T20:46:45,106  INFO [main] exec.Task: Job running in-process (local Hadoop)
2024-04-23T20:46:45,106  INFO [Thread-894] mapred.LocalJobRunner: OutputCommitter set in config org.apache.hadoop.hive.ql.io.HiveFileFormatUtils$NullOutputCommitter
2024-04-23T20:46:45,106  INFO [Thread-894] mapred.LocalJobRunner: OutputCommitter is org.apache.hadoop.hive.ql.io.HiveFileFormatUtils$NullOutputCommitter
2024-04-23T20:46:45,108  INFO [Thread-894] mapred.LocalJobRunner: Waiting for map tasks
2024-04-23T20:46:45,109  INFO [LocalJobRunner Map Task Executor #0] mapred.LocalJobRunner: Starting task: attempt_local1515931413_0013_m_000000_0
2024-04-23T20:46:45,112  INFO [LocalJobRunner Map Task Executor #0] mapred.Task:  Using ResourceCalculatorProcessTree : [ ]
2024-04-23T20:46:45,113  INFO [LocalJobRunner Map Task Executor #0] mapred.MapTask: Processing split: org.apache.hadoop.hive.ql.io.NullRowsInputFormat:file:/home/alex/Repositories/hive/ql/target/tmp/localscratchdir/28eeba03-e4cf-4fba-9dc4-f124874733a1/hive_2024-04-23_20-46-44_314_6535892373255867789-1/dummy_path/null:0+1
2024-04-23T20:46:45,116  INFO [LocalJobRunner Map Task Executor #0] exec.SerializationUtilities: Deserializing MapWork using kryo
2024-04-23T20:46:45,119  INFO [LocalJobRunner Map Task Executor #0] exec.Utilities: Deserialized plan (via FILE) - name: null size: 5,69KB
2024-04-23T20:46:45,120  INFO [LocalJobRunner Map Task Executor #0] mapred.MapTask: numReduceTasks: 0
2024-04-23T20:46:45,122  INFO [LocalJobRunner Map Task Executor #0] exec.MapOperator: Initializing Operator: MAP[0]
2024-04-23T20:46:45,123  INFO [LocalJobRunner Map Task Executor #0] mr.ExecMapper: 
<MAP>Id =0
  <Children>null
  <\Children>
  <Parent><\Parent>
<\MAP>
2024-04-23T20:46:45,124  INFO [LocalJobRunner Map Task Executor #0] exec.TableScanOperator: Initializing Operator: TS[0]
2024-04-23T20:46:45,124  INFO [LocalJobRunner Map Task Executor #0] exec.SelectOperator: Initializing Operator: SEL[1]
2024-04-23T20:46:45,124  INFO [LocalJobRunner Map Task Executor #0] exec.SelectOperator: SELECT null
2024-04-23T20:46:45,124  INFO [LocalJobRunner Map Task Executor #0] exec.UDTFOperator: Initializing Operator: UDTF[2]
2024-04-23T20:46:45,125  INFO [LocalJobRunner Map Task Executor #0] exec.SelectOperator: Initializing Operator: SEL[3]
2024-04-23T20:46:45,125  INFO [LocalJobRunner Map Task Executor #0] exec.SelectOperator: SELECT struct<col1:int,col2:int>
2024-04-23T20:46:45,125  INFO [LocalJobRunner Map Task Executor #0] exec.FileSinkOperator: Initializing Operator: FS[4]
2024-04-23T20:46:45,125  INFO [LocalJobRunner Map Task Executor #0] exec.FileSinkOperator: Using serializer : AbstractSerDe [log=org.apache.logging.slf4j.Log4jLogger@7210f038, configuration=Optional[Configuration: core-default.xml, core-site.xml, mapred-default.xml, mapred-site.xml, yarn-default.xml, yarn-site.xml, hdfs-default.xml, hdfs-site.xml, file:/home/alex/Repositories/hive/ql/target/tmp/TestTxnCommands3/mapred/local/localRunner/alex/job_local1515931413_0013/job_local1515931413_0013.xml], properties={transactional_properties=default, name=default.t, transactional=true, columns.types=int:int, columns=a,b, numFilesErasureCoded=0, columns.comments=&amp#0;, bucketing_version=2, serialization.lib=org.apache.hadoop.hive.ql.io.orc.OrcSerde, file.inputformat=org.apache.hadoop.hive.ql.io.orc.OrcInputFormat, file.outputformat=org.apache.hadoop.hive.ql.io.orc.OrcOutputFormat, location=file:/home/alex/Repositories/hive/ql/target/tmp/org.apache.hadoop.hive.ql.TestTxnCommands3-1713930356371/warehouse/t, column.name.delimiter=,}, tableProperties={transactional_properties=default, name=default.t, transactional=true, columns.types=int:int, columns=a,b, numFilesErasureCoded=0, columns.comments=&amp#0;, bucketing_version=2, serialization.lib=org.apache.hadoop.hive.ql.io.orc.OrcSerde, file.inputformat=org.apache.hadoop.hive.ql.io.orc.OrcInputFormat, location=file:/home/alex/Repositories/hive/ql/target/tmp/org.apache.hadoop.hive.ql.TestTxnCommands3-1713930356371/warehouse/t, file.outputformat=org.apache.hadoop.hive.ql.io.orc.OrcOutputFormat, column.name.delimiter=,}, partitionProperties=Optional.empty, columnNames=[a, b], columnTypes=[int, int], getClass()=class org.apache.hadoop.hive.ql.io.orc.OrcSerde] and formatter : org.apache.hadoop.hive.ql.io.orc.OrcOutputFormat@17a256f6
2024-04-23T20:46:45,126  INFO [LocalJobRunner Map Task Executor #0] exec.FileSinkOperator: Final Path: FS file:/home/alex/Repositories/hive/ql/target/tmp/org.apache.hadoop.hive.ql.TestTxnCommands3-1713930356371/warehouse/t
2024-04-23T20:46:45,126  INFO [LocalJobRunner Map Task Executor #0] exec.FileSinkOperator: New Final Path: FS file:/home/alex/Repositories/hive/ql/target/tmp/org.apache.hadoop.hive.ql.TestTxnCommands3-1713930356371/warehouse/t
2024-04-23T20:46:45,126  INFO [LocalJobRunner Map Task Executor #0] common.FileUtils: Creating directory if it doesn't exist: file:/home/alex/Repositories/hive/ql/target/tmp/org.apache.hadoop.hive.ql.TestTxnCommands3-1713930356371/warehouse
2024-04-23T20:46:45,129  INFO [LocalJobRunner Map Task Executor #0] exec.FileSinkOperator: FS[4]: records written - 1
2024-04-23T20:46:45,130  INFO [LocalJobRunner Map Task Executor #0] impl.PhysicalFsWriter: ORC writer created for path: file:/home/alex/Repositories/hive/ql/target/tmp/org.apache.hadoop.hive.ql.TestTxnCommands3-1713930356371/warehouse/t/delta_0000001_0000001_0000/bucket_00000_0 with stripeSize: 8388608 blockSize: 268435456 compression: Compress: ZLIB buffer: 32768
2024-04-23T20:46:45,139  INFO [LocalJobRunner Map Task Executor #0] impl.WriterImpl: ORC writer created for path: file:/home/alex/Repositories/hive/ql/target/tmp/org.apache.hadoop.hive.ql.TestTxnCommands3-1713930356371/warehouse/t/delta_0000001_0000001_0000/bucket_00000_0 with stripeSize: 8388608 options: Compress: ZLIB buffer: 32768
2024-04-23T20:46:45,144  INFO [LocalJobRunner Map Task Executor #0] exec.MapOperator: MAP[0]: records read - 1
2024-04-23T20:46:45,145  INFO [LocalJobRunner Map Task Executor #0] exec.MapOperator: Closing Operator: MAP[0]
2024-04-23T20:46:45,145  INFO [LocalJobRunner Map Task Executor #0] exec.MapOperator: MAP[0]: Total records read - 3. abort - false
2024-04-23T20:46:45,145  INFO [LocalJobRunner Map Task Executor #0] exec.MapOperator: RECORDS_OUT_OPERATOR_MAP_0:0, DESERIALIZE_ERRORS:0, RECORDS_OUT_INTERMEDIATE:0, RECORDS_IN:3, 
2024-04-23T20:46:45,145  INFO [LocalJobRunner Map Task Executor #0] exec.TableScanOperator: Closing Operator: TS[0]
2024-04-23T20:46:45,145  INFO [LocalJobRunner Map Task Executor #0] exec.TableScanOperator: RECORDS_OUT_OPERATOR_TS_0:1, RECORDS_OUT_INTERMEDIATE:0, 
2024-04-23T20:46:45,145  INFO [LocalJobRunner Map Task Executor #0] exec.SelectOperator: Closing Operator: SEL[1]
2024-04-23T20:46:45,145  INFO [LocalJobRunner Map Task Executor #0] exec.SelectOperator: RECORDS_OUT_INTERMEDIATE:0, RECORDS_OUT_OPERATOR_SEL_1:1, 
2024-04-23T20:46:45,145  INFO [LocalJobRunner Map Task Executor #0] exec.UDTFOperator: Closing Operator: UDTF[2]
2024-04-23T20:46:45,146  INFO [LocalJobRunner Map Task Executor #0] exec.UDTFOperator: RECORDS_OUT_INTERMEDIATE:0, RECORDS_OUT_OPERATOR_UDTF_2:2, 
2024-04-23T20:46:45,146  INFO [LocalJobRunner Map Task Executor #0] exec.SelectOperator: Closing Operator: SEL[3]
2024-04-23T20:46:45,146  INFO [LocalJobRunner Map Task Executor #0] exec.SelectOperator: RECORDS_OUT_INTERMEDIATE:0, RECORDS_OUT_OPERATOR_SEL_3:2, 
2024-04-23T20:46:45,146  INFO [LocalJobRunner Map Task Executor #0] exec.FileSinkOperator: Closing Operator: FS[4]
2024-04-23T20:46:45,146  INFO [LocalJobRunner Map Task Executor #0] exec.FileSinkOperator: FS[4]: records written - 2
2024-04-23T20:46:45,149  INFO [LocalJobRunner Map Task Executor #0] FileOperations: Writing manifest to file:/home/alex/Repositories/hive/ql/target/tmp/org.apache.hadoop.hive.ql.TestTxnCommands3-1713930356371/warehouse/t/_tmp.delta_0000001_0000001_0000/000000_0.manifest with [file:/home/alex/Repositories/hive/ql/target/tmp/org.apache.hadoop.hive.ql.TestTxnCommands3-1713930356371/warehouse/t/delta_0000001_0000001_0000/bucket_00000_0]
2024-04-23T20:46:45,164  INFO [LocalJobRunner Map Task Executor #0] exec.FileSinkOperator: TOTAL_TABLE_ROWS_WRITTEN:2, RECORDS_OUT_INTERMEDIATE:0, RECORDS_OUT_OPERATOR_FS_4:2, RECORDS_OUT_1_default.t:2, 
2024-04-23T20:46:45,166  INFO [LocalJobRunner Map Task Executor #0] mapred.LocalJobRunner: 
2024-04-23T20:46:45,169  INFO [LocalJobRunner Map Task Executor #0] mapred.Task: Task:attempt_local1515931413_0013_m_000000_0 is done. And is in the process of committing
2024-04-23T20:46:45,170  INFO [LocalJobRunner Map Task Executor #0] mapred.LocalJobRunner: map
2024-04-23T20:46:45,170  INFO [LocalJobRunner Map Task Executor #0] mapred.Task: Task 'attempt_local1515931413_0013_m_000000_0' done.
2024-04-23T20:46:45,171  INFO [LocalJobRunner Map Task Executor #0] mapred.Task: Final Counters for attempt_local1515931413_0013_m_000000_0: Counters: 27
	File System Counters
		FILE: Number of bytes read=242263
		FILE: Number of bytes written=15341172
		FILE: Number of read operations=0
		FILE: Number of large read operations=0
		FILE: Number of write operations=0
	Map-Reduce Framework
		Map input records=4
		Map output records=0
		Input split bytes=361
		Spilled Records=0
		Failed Shuffles=0
		Merged Map outputs=0
		GC time elapsed (ms)=0
		Total committed heap usage (bytes)=1444413440
	HIVE
		CREATED_FILES=1
		DESERIALIZE_ERRORS=0
		RECORDS_IN=3
		RECORDS_OUT_1_default.t=2
		RECORDS_OUT_INTERMEDIATE=0
		RECORDS_OUT_OPERATOR_FS_4=2
		RECORDS_OUT_OPERATOR_MAP_0=0
		RECORDS_OUT_OPERATOR_SEL_1=1
		RECORDS_OUT_OPERATOR_SEL_3=2
		RECORDS_OUT_OPERATOR_TS_0=1
		RECORDS_OUT_OPERATOR_UDTF_2=2
		TOTAL_TABLE_ROWS_WRITTEN=2
	File Input Format Counters 
		Bytes Read=5750
	File Output Format Counters 
		Bytes Written=0
2024-04-23T20:46:45,171  INFO [LocalJobRunner Map Task Executor #0] mapred.LocalJobRunner: Finishing task: attempt_local1515931413_0013_m_000000_0
2024-04-23T20:46:45,171  INFO [Thread-894] mapred.LocalJobRunner: map task executor complete.
2024-04-23 20:46:46,110 Stage-1 map = 100%,  reduce = 0%
2024-04-23T20:46:46,111  INFO [main] exec.Task: 2024-04-23 20:46:46,110 Stage-1 map = 100%,  reduce = 0%
Ended Job = job_local1515931413_0013
2024-04-23T20:46:46,113  INFO [main] exec.Task: Ended Job = job_local1515931413_0013
2024-04-23T20:46:46,114  INFO [main] FileOperations: Found manifest file file:/home/alex/Repositories/hive/ql/target/tmp/org.apache.hadoop.hive.ql.TestTxnCommands3-1713930356371/warehouse/t/_tmp.delta_0000001_0000001_0000/000000_0.manifest with attemptId 0.
2024-04-23T20:46:46,114  INFO [main] FileOperations: Looking at manifest file: file:/home/alex/Repositories/hive/ql/target/tmp/org.apache.hadoop.hive.ql.TestTxnCommands3-1713930356371/warehouse/t/_tmp.delta_0000001_0000001_0000/000000_0.manifest
2024-04-23T20:46:46,115  INFO [main] FileOperations: Deleting manifest directory file:/home/alex/Repositories/hive/ql/target/tmp/org.apache.hadoop.hive.ql.TestTxnCommands3-1713930356371/warehouse/t/_tmp.delta_0000001_0000001_0000
2024-04-23T20:46:46,116  INFO [main] ql.Driver: Starting task [Stage-0:MOVE] in serial mode
Loading data to table default.t
2024-04-23T20:46:46,116  INFO [main] exec.Task: Loading data to table default.t from file:/home/alex/Repositories/hive/ql/target/tmp/org.apache.hadoop.hive.ql.TestTxnCommands3-1713930356371/warehouse/t
2024-04-23T20:46:46,116  INFO [main] HiveMetaStore.audit: ugi=alex	ip=unknown-ip-addr	cmd=get_table : tbl=hive.default.t	
2024-04-23T20:46:46,127  INFO [main] metastore.HMSHandler: Skipping translation for processor with null
2024-04-23T20:46:46,128  INFO [main] HiveMetaStore.audit: ugi=alex	ip=unknown-ip-addr	cmd=get_table : tbl=hive.default.t	
2024-04-23T20:46:46,137  INFO [main] metastore.HMSHandler: Skipping translation for processor with null
2024-04-23T20:46:46,139  INFO [main] HiveMetaStore.audit: ugi=alex	ip=unknown-ip-addr	cmd=alter_table: hive.default.t newtbl=t	
2024-04-23T20:46:46,174  INFO [main] ql.Driver: Starting task [Stage-2:STATS] in serial mode
2024-04-23T20:46:46,175  INFO [main] HiveMetaStore.audit: ugi=alex	ip=unknown-ip-addr	cmd=get_table : tbl=hive.default.t	
2024-04-23T20:46:46,185  INFO [main] metastore.HMSHandler: Skipping translation for processor with null
2024-04-23T20:46:46,185  INFO [main] stats.BasicStatsTask: Executing stats task
2024-04-23T20:46:46,185  INFO [main] fs.FSStatsPublisher: created : file:/home/alex/Repositories/hive/ql/target/tmp/localscratchdir/28eeba03-e4cf-4fba-9dc4-f124874733a1/hive_2024-04-23_20-46-44_314_6535892373255867789-1/-mr-10000
2024-04-23T20:46:46,187  INFO [main] HiveMetaStore.audit: ugi=alex	ip=unknown-ip-addr	cmd=get_table : tbl=hive.default.t	
2024-04-23T20:46:46,197  INFO [main] metastore.HMSHandler: Skipping translation for processor with null
2024-04-23T20:46:46,208  WARN [main] FileOperations: Computing stats for an ACID table; stats may be inaccurate
2024-04-23T20:46:46,209  INFO [main] FileOperations: Read stats for default.t/, numRows, true, 2, false: 
2024-04-23T20:46:46,209  INFO [main] FileOperations: Read stats for default.t/, rawDataSize, true, 0, false: 
2024-04-23T20:46:46,210  INFO [main] HiveMetaStore.audit: ugi=alex	ip=unknown-ip-addr	cmd=alter_table: hive.default.t newtbl=t	
2024-04-23T20:46:46,256  INFO [main] FileOperations: Read stats for default.t/, insertCount, true, 2, false: 
2024-04-23T20:46:46,257  INFO [main] FileOperations: Read stats for default.t/, updateCount, true, 0, false: 
2024-04-23T20:46:46,257  INFO [main] FileOperations: Read stats for default.t/, deleteCount, true, 0, false: 
2024-04-23T20:46:46,260  INFO [main] stats.BasicStatsTask: Table default.t stats: [numFiles=1, numRows=2, totalSize=687, rawDataSize=0, numFilesErasureCoded=0]
2024-04-23T20:46:46,261  INFO [main] metadata.Hive: Dumping metastore api call timing information for : execution phase
2024-04-23T20:46:46,262  INFO [main] metadata.Hive: Total time spent in each metastore function (ms): {alter_table_(String, String, String, Table, EnvironmentContext, String)=83, getTable_(GetTableRequest)=43, isCompatibleWith_(Configuration)=0, updateTransactionalStatistics_(UpdateTransactionalStatsRequest)=3}
MapReduce Jobs Launched: 
2024-04-23T20:46:46,262  INFO [main] ql.Driver: MapReduce Jobs Launched: 
Stage-Stage-1:  HDFS Read: 0 HDFS Write: 0 SUCCESS
2024-04-23T20:46:46,262  INFO [main] ql.Driver: Stage-Stage-1:  HDFS Read: 0 HDFS Write: 0 SUCCESS
Total MapReduce CPU Time Spent: 0 msec
2024-04-23T20:46:46,262  INFO [main] ql.Driver: Total MapReduce CPU Time Spent: 0 msec
2024-04-23T20:46:46,262  INFO [main] ql.Driver: Completed executing command(queryId=alex_20240423204644_31d5998b-2a0d-46a8-b53d-7d3cb815fa9c); Time taken: 1.596 seconds
2024-04-23T20:46:46,262  INFO [main] lockmgr.DbTxnManager: Stopped heartbeat for query: alex_20240423204644_31d5998b-2a0d-46a8-b53d-7d3cb815fa9c
2024-04-23T20:46:46,275  INFO [main] txn.TxnHandler: Removed transactions: ([15]) from MIN_HISTORY_LEVEL
2024-04-23T20:46:46,276  WARN [main] txn.CompactionTxnHandler: No compaction queue record found for Compaction type transaction commit. txnId:15
2024-04-23T20:46:46,276  INFO [main] ql.TxnCommandsBaseForTests: Running the query: insert into T values(4,6),(1,3)
2024-04-23T20:46:46,277  INFO [main] ql.Context: Deleting scratch dir: file:/home/alex/Repositories/hive/ql/target/tmp/localscratchdir/28eeba03-e4cf-4fba-9dc4-f124874733a1/hive_2024-04-23_20-46-44_314_6535892373255867789-1
2024-04-23T20:46:46,277  INFO [main] cleanup.SyncCleanupService: Deleted directory: file:/home/alex/Repositories/hive/ql/target/tmp/localscratchdir/28eeba03-e4cf-4fba-9dc4-f124874733a1/hive_2024-04-23_20-46-44_314_6535892373255867789-1 on fs with scheme file
2024-04-23T20:46:46,278  INFO [main] ql.Driver: Compiling command(queryId=alex_20240423204646_ea8571ea-d3e8-4b73-9bd7-1c9232888f9d): insert into T values(4,6),(1,3)
2024-04-23T20:46:46,283  INFO [main] txn.TxnHandler: Added entries to MIN_HISTORY_LEVEL for current txns: ([16]) with min_open_txn: 16
2024-04-23T20:46:46,283  INFO [main] lockmgr.DbTxnManager: Opened txnid:16
2024-04-23T20:46:46,284  INFO [main] parse.CalcitePlanner: Starting caching scope for: 
2024-04-23T20:46:46,285  INFO [main] parse.CalcitePlanner: Starting Semantic Analysis
2024-04-23T20:46:46,290  INFO [main] HiveMetaStore.audit: ugi=alex	ip=unknown-ip-addr	cmd=get_table : tbl=hive.default.T	
2024-04-23T20:46:46,300  INFO [main] metastore.HMSHandler: Skipping translation for processor with null
2024-04-23T20:46:46,301  INFO [main] parse.CalcitePlanner: Completed phase 1 of Semantic Analysis
2024-04-23T20:46:46,301  INFO [main] parse.CalcitePlanner: Get metadata for source tables
2024-04-23T20:46:46,301  INFO [main] parse.CalcitePlanner: Get metadata for subqueries
2024-04-23T20:46:46,301  INFO [main] parse.CalcitePlanner: Get metadata for destination tables
2024-04-23T20:46:46,301  INFO [main] HiveMetaStore.audit: ugi=alex	ip=unknown-ip-addr	cmd=get_table : tbl=hive.default.T	
2024-04-23T20:46:46,312  INFO [main] metastore.HMSHandler: Skipping translation for processor with null
2024-04-23T20:46:46,312  INFO [main] parse.CalcitePlanner: Completed getting MetaData in Semantic Analysis
2024-04-23T20:46:46,312  INFO [main] parse.CalcitePlanner: Disabling LLAP IO encode as ETL query is detected
2024-04-23T20:46:46,338  INFO [main] HiveMetaStore.audit: ugi=alex	ip=unknown-ip-addr	cmd=get_all_table_constraints : tbl=hive._dummy_database._dummy_table	
2024-04-23T20:46:46,418  INFO [main] parse.CalcitePlanner: Get metadata for source tables
2024-04-23T20:46:46,418  INFO [main] parse.CalcitePlanner: Get metadata for subqueries
2024-04-23T20:46:46,418  INFO [main] parse.CalcitePlanner: Get metadata for source tables
2024-04-23T20:46:46,420  INFO [main] HiveMetaStore.audit: ugi=alex	ip=unknown-ip-addr	cmd=get_table : tbl=hive._dummy_database._dummy_table	
2024-04-23T20:46:46,424  INFO [main] parse.CalcitePlanner: Get metadata for subqueries
2024-04-23T20:46:46,424  INFO [main] parse.CalcitePlanner: Get metadata for destination tables
2024-04-23T20:46:46,424  INFO [main] parse.CalcitePlanner: Get metadata for destination tables
2024-04-23T20:46:46,425  INFO [main] HiveMetaStore.audit: ugi=alex	ip=unknown-ip-addr	cmd=get_table : tbl=hive.default.T	
2024-04-23T20:46:46,435  INFO [main] metastore.HMSHandler: Skipping translation for processor with null
2024-04-23T20:46:46,439  INFO [main] HiveMetaStore.audit: ugi=alex	ip=unknown-ip-addr	cmd=get_not_null_constraints : tbl=hive.default.t	
2024-04-23T20:46:46,441  INFO [main] HiveMetaStore.audit: ugi=alex	ip=unknown-ip-addr	cmd=get_check_constraints : tbl=hive.default.t	
2024-04-23T20:46:46,450  INFO [main] txn.TxnHandler: Allocated writeId: 2 for txnId: 16
2024-04-23T20:46:46,451  INFO [main] txn.TxnHandler: Allocated write ids for dbName=default, tblName=t (txnIds: [16])
2024-04-23T20:46:46,459  INFO [main] parse.CalcitePlanner: CBO Succeeded; optimized logical plan.
2024-04-23T20:46:46,464  INFO [main] optimizer.BucketVersionPopulator: not considering bucketingVersion for: TS[0] because it has -1<2 buckets 
2024-04-23T20:46:46,465  INFO [main] optimizer.SortedDynPartitionOptimizer: Sorted dynamic partitioning optimization kicked in..
2024-04-23T20:46:46,476  INFO [main] HiveMetaStore.audit: ugi=alex	ip=unknown-ip-addr	cmd=get_table : tbl=hive.default.t	
2024-04-23T20:46:46,486  INFO [main] metastore.HMSHandler: Skipping translation for processor with null
2024-04-23T20:46:46,487  INFO [main] physical.Vectorizer: Examining input format to see if vectorization is enabled.
2024-04-23T20:46:46,487  INFO [main] physical.Vectorizer: Map vectorization enabled: false
2024-04-23T20:46:46,488  INFO [main] physical.Vectorizer: Map vectorized: false
2024-04-23T20:46:46,488  INFO [main] physical.Vectorizer: Map vectorizedVertexNum: 0
2024-04-23T20:46:46,488  INFO [main] physical.Vectorizer: Map enabledConditionsMet: [hive.vectorized.use.vectorized.input.format IS true]
2024-04-23T20:46:46,488  INFO [main] physical.Vectorizer: Map enabledConditionsNotMet: [Could not enable vectorization due to partition column names size 1 is greater than the number of table column names size 0 IS false]
2024-04-23T20:46:46,488  INFO [main] physical.Vectorizer: Map inputFileFormatClassNameSet: [org.apache.hadoop.hive.ql.io.NullRowsInputFormat]
2024-04-23T20:46:46,488  INFO [main] parse.CalcitePlanner: Completed plan generation
2024-04-23T20:46:46,488  INFO [main] parse.CalcitePlanner: Ending caching scope for: 
2024-04-23T20:46:46,488  INFO [main] ql.Driver: Semantic Analysis Completed (retrial = false)
2024-04-23T20:46:46,488  INFO [main] ql.Driver: Created Hive schema: Schema(fieldSchemas:[FieldSchema(name:col1, type:int, comment:null), FieldSchema(name:col2, type:int, comment:null)], properties:null)
2024-04-23T20:46:46,488  INFO [main] metadata.Hive: Dumping metastore api call timing information for : compilation phase
2024-04-23T20:46:46,488  INFO [main] metadata.Hive: Total time spent in each metastore function (ms): {getCheckConstraints_(CheckConstraintsRequest)=2, getTable_(GetTableRequest)=44, allocateTableWriteId_(long, String, String)=16, isCompatibleWith_(Configuration)=0, getValidTxns_(long)=1, commitTxn_(CommitTxnRequest)=14, flushCache_()=0, getNotNullConstraints_(NotNullConstraintsRequest)=3, getAllTableConstraints_(AllTableConstraintsRequest)=8, openTxn_(String, TxnType)=4, getValidWriteIds_(List, String)=6}
2024-04-23T20:46:46,489  INFO [main] ql.Driver: Completed compiling command(queryId=alex_20240423204646_ea8571ea-d3e8-4b73-9bd7-1c9232888f9d); Time taken: 0.21 seconds
2024-04-23T20:46:46,489  INFO [main] lockmgr.DbTxnManager: Setting lock request transaction to txnid:16 for queryId=alex_20240423204646_ea8571ea-d3e8-4b73-9bd7-1c9232888f9d
2024-04-23T20:46:46,489  INFO [main] lockmgr.DbLockManager: Requesting lock for queryId=alex_20240423204646_ea8571ea-d3e8-4b73-9bd7-1c9232888f9d
2024-04-23T20:46:46,510  INFO [main] lockmgr.DbLockManager: Response to queryId=alex_20240423204646_ea8571ea-d3e8-4b73-9bd7-1c9232888f9d LockResponse(lockid:10, state:ACQUIRED)
2024-04-23T20:46:46,510  INFO [main] ql.Driver: Operation QUERY obtained 1 locks
2024-04-23T20:46:46,513  INFO [main] ql.Driver: Executing command(queryId=alex_20240423204646_ea8571ea-d3e8-4b73-9bd7-1c9232888f9d): insert into T values(4,6),(1,3)
2024-04-23T20:46:46,513  WARN [main] ql.Driver: Hive-on-MR is deprecated in Hive 2 and may not be available in the future versions. Consider using a different execution engine (i.e. spark, tez) or using Hive 1.X releases.
Query ID = alex_20240423204646_ea8571ea-d3e8-4b73-9bd7-1c9232888f9d
2024-04-23T20:46:46,513  INFO [main] ql.Driver: Query ID = alex_20240423204646_ea8571ea-d3e8-4b73-9bd7-1c9232888f9d
Total jobs = 1
2024-04-23T20:46:46,514  INFO [main] ql.Driver: Total jobs = 1
Launching Job 1 out of 1
2024-04-23T20:46:46,514  INFO [main] ql.Driver: Launching Job 1 out of 1
2024-04-23T20:46:46,679  INFO [main] ql.Driver: Starting task [Stage-1:MAPRED] in serial mode
Number of reduce tasks is set to 0 since there's no reduce operator
2024-04-23T20:46:46,679  INFO [main] exec.Task: Number of reduce tasks is set to 0 since there's no reduce operator
2024-04-23T20:46:46,682  INFO [main] mr.ExecDriver: Using org.apache.hadoop.hive.ql.io.HiveInputFormat
2024-04-23T20:46:46,682  INFO [main] exec.Utilities: Processing alias $hdt$_0:_dummy_table
2024-04-23T20:46:46,682  INFO [main] exec.Utilities: Adding 1 inputs; the first input is file:/home/alex/Repositories/hive/ql/target/tmp/localscratchdir/28eeba03-e4cf-4fba-9dc4-f124874733a1/hive_2024-04-23_20-46-46_277_2104990896892469142-1/dummy_path
2024-04-23T20:46:46,693  INFO [main] exec.SerializationUtilities: Serializing MapWork using kryo
2024-04-23T20:46:46,695  INFO [main] exec.Utilities: Serialized plan (via FILE) - name: null size: 5,71KB
2024-04-23T20:46:46,696  WARN [main] impl.MetricsSystemImpl: JobTracker metrics system already initialized!
2024-04-23T20:46:46,700  INFO [main] fs.FSStatsPublisher: created : file:/home/alex/Repositories/hive/ql/target/tmp/localscratchdir/28eeba03-e4cf-4fba-9dc4-f124874733a1/hive_2024-04-23_20-46-46_277_2104990896892469142-1/-mr-10000
2024-04-23T20:46:46,703  WARN [main] impl.MetricsSystemImpl: JobTracker metrics system already initialized!
2024-04-23T20:46:46,711  WARN [main] mapreduce.JobResourceUploader: Hadoop command-line option parsing not performed. Implement the Tool interface and execute your application with ToolRunner to remedy this.
2024-04-23T20:46:46,716  WARN [main] mapreduce.JobResourceUploader: No job jar file set.  User classes may not be found. See Job or Job#setJar(String).
2024-04-23T20:46:46,718  INFO [main] io.HiveInputFormat: hive.io.file.readcolumn.ids = 
2024-04-23T20:46:46,718  INFO [main] io.HiveInputFormat: hive.io.file.readcolumn.names = 
2024-04-23T20:46:46,718  INFO [main] io.HiveInputFormat: Generating splits for dirs: file:/home/alex/Repositories/hive/ql/target/tmp/localscratchdir/28eeba03-e4cf-4fba-9dc4-f124874733a1/hive_2024-04-23_20-46-46_277_2104990896892469142-1/dummy_path
2024-04-23T20:46:46,718  INFO [main] io.HiveInputFormat: number of splits 1
2024-04-23T20:46:46,738  INFO [main] mapreduce.JobSubmitter: number of splits:1
2024-04-23T20:46:46,760  INFO [main] mapreduce.JobSubmitter: Submitting tokens for job: job_local1657656311_0014
2024-04-23T20:46:46,761  INFO [main] mapreduce.JobSubmitter: Executing with tokens: []
2024-04-23T20:46:46,842  INFO [main] mapreduce.Job: The url to track the job: http://localhost:8080/
Job running in-process (local Hadoop)
2024-04-23T20:46:46,843  INFO [main] exec.Task: Job running in-process (local Hadoop)
2024-04-23T20:46:46,843  INFO [Thread-940] mapred.LocalJobRunner: OutputCommitter set in config org.apache.hadoop.hive.ql.io.HiveFileFormatUtils$NullOutputCommitter
2024-04-23T20:46:46,843  INFO [Thread-940] mapred.LocalJobRunner: OutputCommitter is org.apache.hadoop.hive.ql.io.HiveFileFormatUtils$NullOutputCommitter
2024-04-23T20:46:46,845  INFO [Thread-940] mapred.LocalJobRunner: Waiting for map tasks
2024-04-23T20:46:46,845  INFO [LocalJobRunner Map Task Executor #0] mapred.LocalJobRunner: Starting task: attempt_local1657656311_0014_m_000000_0
2024-04-23T20:46:46,845  INFO [LocalJobRunner Map Task Executor #0] mapred.Task:  Using ResourceCalculatorProcessTree : [ ]
2024-04-23T20:46:46,846  INFO [LocalJobRunner Map Task Executor #0] mapred.MapTask: Processing split: org.apache.hadoop.hive.ql.io.NullRowsInputFormat:file:/home/alex/Repositories/hive/ql/target/tmp/localscratchdir/28eeba03-e4cf-4fba-9dc4-f124874733a1/hive_2024-04-23_20-46-46_277_2104990896892469142-1/dummy_path/null:0+1
2024-04-23T20:46:46,847  INFO [LocalJobRunner Map Task Executor #0] exec.SerializationUtilities: Deserializing MapWork using kryo
2024-04-23T20:46:46,848  INFO [LocalJobRunner Map Task Executor #0] exec.Utilities: Deserialized plan (via FILE) - name: null size: 5,71KB
2024-04-23T20:46:46,848  INFO [LocalJobRunner Map Task Executor #0] mapred.MapTask: numReduceTasks: 0
2024-04-23T20:46:46,849  INFO [LocalJobRunner Map Task Executor #0] exec.MapOperator: Initializing Operator: MAP[0]
2024-04-23T20:46:46,849  INFO [LocalJobRunner Map Task Executor #0] mr.ExecMapper: 
<MAP>Id =0
  <Children>null
  <\Children>
  <Parent><\Parent>
<\MAP>
2024-04-23T20:46:46,850  INFO [LocalJobRunner Map Task Executor #0] exec.TableScanOperator: Initializing Operator: TS[0]
2024-04-23T20:46:46,850  INFO [LocalJobRunner Map Task Executor #0] exec.SelectOperator: Initializing Operator: SEL[1]
2024-04-23T20:46:46,850  INFO [LocalJobRunner Map Task Executor #0] exec.SelectOperator: SELECT null
2024-04-23T20:46:46,850  INFO [LocalJobRunner Map Task Executor #0] exec.UDTFOperator: Initializing Operator: UDTF[2]
2024-04-23T20:46:46,850  INFO [LocalJobRunner Map Task Executor #0] exec.SelectOperator: Initializing Operator: SEL[3]
2024-04-23T20:46:46,850  INFO [LocalJobRunner Map Task Executor #0] exec.SelectOperator: SELECT struct<col1:int,col2:int>
2024-04-23T20:46:46,850  INFO [LocalJobRunner Map Task Executor #0] exec.FileSinkOperator: Initializing Operator: FS[4]
2024-04-23T20:46:46,851  INFO [LocalJobRunner Map Task Executor #0] exec.FileSinkOperator: Using serializer : AbstractSerDe [log=org.apache.logging.slf4j.Log4jLogger@7210f038, configuration=Optional[Configuration: core-default.xml, core-site.xml, mapred-default.xml, mapred-site.xml, yarn-default.xml, yarn-site.xml, hdfs-default.xml, hdfs-site.xml, file:/home/alex/Repositories/hive/ql/target/tmp/TestTxnCommands3/mapred/local/localRunner/alex/job_local1657656311_0014/job_local1657656311_0014.xml], properties={transactional_properties=default, name=default.t, transactional=true, columns.types=int:int, columns=a,b, numFilesErasureCoded=0, columns.comments=&amp#0;, bucketing_version=2, serialization.lib=org.apache.hadoop.hive.ql.io.orc.OrcSerde, file.inputformat=org.apache.hadoop.hive.ql.io.orc.OrcInputFormat, file.outputformat=org.apache.hadoop.hive.ql.io.orc.OrcOutputFormat, location=file:/home/alex/Repositories/hive/ql/target/tmp/org.apache.hadoop.hive.ql.TestTxnCommands3-1713930356371/warehouse/t, column.name.delimiter=,}, tableProperties={transactional_properties=default, name=default.t, transactional=true, columns.types=int:int, columns=a,b, numFilesErasureCoded=0, columns.comments=&amp#0;, bucketing_version=2, serialization.lib=org.apache.hadoop.hive.ql.io.orc.OrcSerde, file.inputformat=org.apache.hadoop.hive.ql.io.orc.OrcInputFormat, location=file:/home/alex/Repositories/hive/ql/target/tmp/org.apache.hadoop.hive.ql.TestTxnCommands3-1713930356371/warehouse/t, file.outputformat=org.apache.hadoop.hive.ql.io.orc.OrcOutputFormat, column.name.delimiter=,}, partitionProperties=Optional.empty, columnNames=[a, b], columnTypes=[int, int], getClass()=class org.apache.hadoop.hive.ql.io.orc.OrcSerde] and formatter : org.apache.hadoop.hive.ql.io.orc.OrcOutputFormat@3a1ed955
2024-04-23T20:46:46,851  INFO [LocalJobRunner Map Task Executor #0] exec.FileSinkOperator: Final Path: FS file:/home/alex/Repositories/hive/ql/target/tmp/org.apache.hadoop.hive.ql.TestTxnCommands3-1713930356371/warehouse/t
2024-04-23T20:46:46,851  INFO [LocalJobRunner Map Task Executor #0] exec.FileSinkOperator: New Final Path: FS file:/home/alex/Repositories/hive/ql/target/tmp/org.apache.hadoop.hive.ql.TestTxnCommands3-1713930356371/warehouse/t
2024-04-23T20:46:46,852  INFO [LocalJobRunner Map Task Executor #0] common.FileUtils: Creating directory if it doesn't exist: file:/home/alex/Repositories/hive/ql/target/tmp/org.apache.hadoop.hive.ql.TestTxnCommands3-1713930356371/warehouse
2024-04-23T20:46:46,852  INFO [LocalJobRunner Map Task Executor #0] exec.FileSinkOperator: FS[4]: records written - 1
2024-04-23T20:46:46,852  INFO [LocalJobRunner Map Task Executor #0] impl.PhysicalFsWriter: ORC writer created for path: file:/home/alex/Repositories/hive/ql/target/tmp/org.apache.hadoop.hive.ql.TestTxnCommands3-1713930356371/warehouse/t/delta_0000002_0000002_0000/bucket_00000_0 with stripeSize: 8388608 blockSize: 268435456 compression: Compress: ZLIB buffer: 32768
2024-04-23T20:46:46,860  INFO [LocalJobRunner Map Task Executor #0] impl.WriterImpl: ORC writer created for path: file:/home/alex/Repositories/hive/ql/target/tmp/org.apache.hadoop.hive.ql.TestTxnCommands3-1713930356371/warehouse/t/delta_0000002_0000002_0000/bucket_00000_0 with stripeSize: 8388608 options: Compress: ZLIB buffer: 32768
2024-04-23T20:46:46,865  INFO [LocalJobRunner Map Task Executor #0] exec.MapOperator: MAP[0]: records read - 1
2024-04-23T20:46:46,866  INFO [LocalJobRunner Map Task Executor #0] exec.MapOperator: Closing Operator: MAP[0]
2024-04-23T20:46:46,866  INFO [LocalJobRunner Map Task Executor #0] exec.MapOperator: MAP[0]: Total records read - 3. abort - false
2024-04-23T20:46:46,866  INFO [LocalJobRunner Map Task Executor #0] exec.MapOperator: DESERIALIZE_ERRORS:0, RECORDS_OUT_INTERMEDIATE:0, RECORDS_IN:3, RECORDS_OUT_OPERATOR_MAP_0:0, 
2024-04-23T20:46:46,866  INFO [LocalJobRunner Map Task Executor #0] exec.TableScanOperator: Closing Operator: TS[0]
2024-04-23T20:46:46,866  INFO [LocalJobRunner Map Task Executor #0] exec.TableScanOperator: RECORDS_OUT_OPERATOR_TS_0:1, RECORDS_OUT_INTERMEDIATE:0, 
2024-04-23T20:46:46,866  INFO [LocalJobRunner Map Task Executor #0] exec.SelectOperator: Closing Operator: SEL[1]
2024-04-23T20:46:46,866  INFO [LocalJobRunner Map Task Executor #0] exec.SelectOperator: RECORDS_OUT_INTERMEDIATE:0, RECORDS_OUT_OPERATOR_SEL_1:1, 
2024-04-23T20:46:46,866  INFO [LocalJobRunner Map Task Executor #0] exec.UDTFOperator: Closing Operator: UDTF[2]
2024-04-23T20:46:46,866  INFO [LocalJobRunner Map Task Executor #0] exec.UDTFOperator: RECORDS_OUT_INTERMEDIATE:0, RECORDS_OUT_OPERATOR_UDTF_2:2, 
2024-04-23T20:46:46,866  INFO [LocalJobRunner Map Task Executor #0] exec.SelectOperator: Closing Operator: SEL[3]
2024-04-23T20:46:46,866  INFO [LocalJobRunner Map Task Executor #0] exec.SelectOperator: RECORDS_OUT_INTERMEDIATE:0, RECORDS_OUT_OPERATOR_SEL_3:2, 
2024-04-23T20:46:46,866  INFO [LocalJobRunner Map Task Executor #0] exec.FileSinkOperator: Closing Operator: FS[4]
2024-04-23T20:46:46,866  INFO [LocalJobRunner Map Task Executor #0] exec.FileSinkOperator: FS[4]: records written - 2
2024-04-23T20:46:46,870  INFO [LocalJobRunner Map Task Executor #0] FileOperations: Writing manifest to file:/home/alex/Repositories/hive/ql/target/tmp/org.apache.hadoop.hive.ql.TestTxnCommands3-1713930356371/warehouse/t/_tmp.delta_0000002_0000002_0000/000000_0.manifest with [file:/home/alex/Repositories/hive/ql/target/tmp/org.apache.hadoop.hive.ql.TestTxnCommands3-1713930356371/warehouse/t/delta_0000002_0000002_0000/bucket_00000_0]
2024-04-23T20:46:46,884  INFO [LocalJobRunner Map Task Executor #0] exec.FileSinkOperator: RECORDS_OUT_1_default.t:2, RECORDS_OUT_INTERMEDIATE:0, RECORDS_OUT_OPERATOR_FS_4:2, TOTAL_TABLE_ROWS_WRITTEN:2, 
2024-04-23T20:46:46,885  INFO [LocalJobRunner Map Task Executor #0] mapred.LocalJobRunner: 
2024-04-23T20:46:46,885  INFO [LocalJobRunner Map Task Executor #0] mapred.Task: Task:attempt_local1657656311_0014_m_000000_0 is done. And is in the process of committing
2024-04-23T20:46:46,885  INFO [LocalJobRunner Map Task Executor #0] mapred.LocalJobRunner: map
2024-04-23T20:46:46,885  INFO [LocalJobRunner Map Task Executor #0] mapred.Task: Task 'attempt_local1657656311_0014_m_000000_0' done.
2024-04-23T20:46:46,886  INFO [LocalJobRunner Map Task Executor #0] mapred.Task: Final Counters for attempt_local1657656311_0014_m_000000_0: Counters: 27
	File System Counters
		FILE: Number of bytes read=248746
		FILE: Number of bytes written=16518053
		FILE: Number of read operations=0
		FILE: Number of large read operations=0
		FILE: Number of write operations=0
	Map-Reduce Framework
		Map input records=4
		Map output records=0
		Input split bytes=361
		Spilled Records=0
		Failed Shuffles=0
		Merged Map outputs=0
		GC time elapsed (ms)=0
		Total committed heap usage (bytes)=1444413440
	HIVE
		CREATED_FILES=1
		DESERIALIZE_ERRORS=0
		RECORDS_IN=3
		RECORDS_OUT_1_default.t=2
		RECORDS_OUT_INTERMEDIATE=0
		RECORDS_OUT_OPERATOR_FS_4=2
		RECORDS_OUT_OPERATOR_MAP_0=0
		RECORDS_OUT_OPERATOR_SEL_1=1
		RECORDS_OUT_OPERATOR_SEL_3=2
		RECORDS_OUT_OPERATOR_TS_0=1
		RECORDS_OUT_OPERATOR_UDTF_2=2
		TOTAL_TABLE_ROWS_WRITTEN=2
	File Input Format Counters 
		Bytes Read=5770
	File Output Format Counters 
		Bytes Written=0
2024-04-23T20:46:46,886  INFO [LocalJobRunner Map Task Executor #0] mapred.LocalJobRunner: Finishing task: attempt_local1657656311_0014_m_000000_0
2024-04-23T20:46:46,886  INFO [Thread-940] mapred.LocalJobRunner: map task executor complete.
2024-04-23 20:46:47,846 Stage-1 map = 100%,  reduce = 0%
2024-04-23T20:46:47,847  INFO [main] exec.Task: 2024-04-23 20:46:47,846 Stage-1 map = 100%,  reduce = 0%
Ended Job = job_local1657656311_0014
2024-04-23T20:46:47,849  INFO [main] exec.Task: Ended Job = job_local1657656311_0014
2024-04-23T20:46:47,850  INFO [main] FileOperations: Found manifest file file:/home/alex/Repositories/hive/ql/target/tmp/org.apache.hadoop.hive.ql.TestTxnCommands3-1713930356371/warehouse/t/_tmp.delta_0000002_0000002_0000/000000_0.manifest with attemptId 0.
2024-04-23T20:46:47,850  INFO [main] FileOperations: Looking at manifest file: file:/home/alex/Repositories/hive/ql/target/tmp/org.apache.hadoop.hive.ql.TestTxnCommands3-1713930356371/warehouse/t/_tmp.delta_0000002_0000002_0000/000000_0.manifest
2024-04-23T20:46:47,851  INFO [main] FileOperations: Deleting manifest directory file:/home/alex/Repositories/hive/ql/target/tmp/org.apache.hadoop.hive.ql.TestTxnCommands3-1713930356371/warehouse/t/_tmp.delta_0000002_0000002_0000
2024-04-23T20:46:47,852  INFO [main] ql.Driver: Starting task [Stage-0:MOVE] in serial mode
Loading data to table default.t
2024-04-23T20:46:47,852  INFO [main] exec.Task: Loading data to table default.t from file:/home/alex/Repositories/hive/ql/target/tmp/org.apache.hadoop.hive.ql.TestTxnCommands3-1713930356371/warehouse/t
2024-04-23T20:46:47,853  INFO [main] HiveMetaStore.audit: ugi=alex	ip=unknown-ip-addr	cmd=get_table : tbl=hive.default.t	
2024-04-23T20:46:47,863  INFO [main] metastore.HMSHandler: Skipping translation for processor with null
2024-04-23T20:46:47,863  INFO [main] HiveMetaStore.audit: ugi=alex	ip=unknown-ip-addr	cmd=get_table : tbl=hive.default.t	
2024-04-23T20:46:47,872  INFO [main] metastore.HMSHandler: Skipping translation for processor with null
2024-04-23T20:46:47,874  INFO [main] HiveMetaStore.audit: ugi=alex	ip=unknown-ip-addr	cmd=alter_table: hive.default.t newtbl=t	
2024-04-23T20:46:47,903  INFO [main] ql.Driver: Starting task [Stage-2:STATS] in serial mode
2024-04-23T20:46:47,903  INFO [main] HiveMetaStore.audit: ugi=alex	ip=unknown-ip-addr	cmd=get_table : tbl=hive.default.t	
2024-04-23T20:46:47,913  INFO [main] metastore.HMSHandler: Skipping translation for processor with null
2024-04-23T20:46:47,913  INFO [main] stats.BasicStatsTask: Executing stats task
2024-04-23T20:46:47,913  INFO [main] fs.FSStatsPublisher: created : file:/home/alex/Repositories/hive/ql/target/tmp/localscratchdir/28eeba03-e4cf-4fba-9dc4-f124874733a1/hive_2024-04-23_20-46-46_277_2104990896892469142-1/-mr-10000
2024-04-23T20:46:47,915  INFO [main] HiveMetaStore.audit: ugi=alex	ip=unknown-ip-addr	cmd=get_table : tbl=hive.default.t	
2024-04-23T20:46:47,924  INFO [main] metastore.HMSHandler: Skipping translation for processor with null
2024-04-23T20:46:47,943  WARN [main] FileOperations: Computing stats for an ACID table; stats may be inaccurate
2024-04-23T20:46:47,944  INFO [main] FileOperations: Read stats for default.t/, numRows, true, 2, false: 
2024-04-23T20:46:47,944  INFO [main] FileOperations: Read stats for default.t/, rawDataSize, true, 0, false: 
2024-04-23T20:46:47,945  INFO [main] HiveMetaStore.audit: ugi=alex	ip=unknown-ip-addr	cmd=alter_table: hive.default.t newtbl=t	
2024-04-23T20:46:47,974  INFO [main] FileOperations: Read stats for default.t/, insertCount, true, 2, false: 
2024-04-23T20:46:47,974  INFO [main] FileOperations: Read stats for default.t/, updateCount, true, 0, false: 
2024-04-23T20:46:47,974  INFO [main] FileOperations: Read stats for default.t/, deleteCount, true, 0, false: 
2024-04-23T20:46:47,975  INFO [main] stats.BasicStatsTask: Table default.t stats: [numFiles=2, numRows=4, totalSize=1372, rawDataSize=0, numFilesErasureCoded=0]
2024-04-23T20:46:47,976  INFO [main] metadata.Hive: Dumping metastore api call timing information for : execution phase
2024-04-23T20:46:47,976  INFO [main] metadata.Hive: Total time spent in each metastore function (ms): {getTable_(GetTableRequest)=40, updateTransactionalStatistics_(UpdateTransactionalStatsRequest)=1, alter_table_(String, String, String, Table, EnvironmentContext, String)=59, isCompatibleWith_(Configuration)=0}
MapReduce Jobs Launched: 
2024-04-23T20:46:47,976  INFO [main] ql.Driver: MapReduce Jobs Launched: 
Stage-Stage-1:  HDFS Read: 0 HDFS Write: 0 SUCCESS
2024-04-23T20:46:47,976  INFO [main] ql.Driver: Stage-Stage-1:  HDFS Read: 0 HDFS Write: 0 SUCCESS
Total MapReduce CPU Time Spent: 0 msec
2024-04-23T20:46:47,976  INFO [main] ql.Driver: Total MapReduce CPU Time Spent: 0 msec
2024-04-23T20:46:47,976  INFO [main] ql.Driver: Completed executing command(queryId=alex_20240423204646_ea8571ea-d3e8-4b73-9bd7-1c9232888f9d); Time taken: 1.463 seconds
2024-04-23T20:46:47,977  INFO [main] lockmgr.DbTxnManager: Stopped heartbeat for query: alex_20240423204646_ea8571ea-d3e8-4b73-9bd7-1c9232888f9d
2024-04-23T20:46:47,991  INFO [main] txn.TxnHandler: Removed transactions: ([16]) from MIN_HISTORY_LEVEL
2024-04-23T20:46:47,991  WARN [main] txn.CompactionTxnHandler: No compaction queue record found for Compaction type transaction commit. txnId:16
2024-04-23T20:46:47,992  INFO [main] ql.TxnCommandsBaseForTests: Running the query: delete from T where a = 1
2024-04-23T20:46:47,992  INFO [main] ql.Context: Deleting scratch dir: file:/home/alex/Repositories/hive/ql/target/tmp/localscratchdir/28eeba03-e4cf-4fba-9dc4-f124874733a1/hive_2024-04-23_20-46-46_277_2104990896892469142-1
2024-04-23T20:46:47,993  INFO [main] cleanup.SyncCleanupService: Deleted directory: file:/home/alex/Repositories/hive/ql/target/tmp/localscratchdir/28eeba03-e4cf-4fba-9dc4-f124874733a1/hive_2024-04-23_20-46-46_277_2104990896892469142-1 on fs with scheme file
2024-04-23T20:46:47,993  INFO [main] ql.Driver: Compiling command(queryId=alex_20240423204647_02c5cfd0-1270-4301-8164-984c4456cf6f): delete from T where a = 1
2024-04-23T20:46:47,998  INFO [main] txn.TxnHandler: Added entries to MIN_HISTORY_LEVEL for current txns: ([17]) with min_open_txn: 17
2024-04-23T20:46:47,998  INFO [main] lockmgr.DbTxnManager: Opened txnid:17
2024-04-23T20:46:47,999  INFO [main] parse.UpdateDeleteSemanticAnalyzer: Starting caching scope for: 
2024-04-23T20:46:48,000  INFO [main] HiveMetaStore.audit: ugi=alex	ip=unknown-ip-addr	cmd=get_table : tbl=hive.default.T	
2024-04-23T20:46:48,009  INFO [main] metastore.HMSHandler: Skipping translation for processor with null
2024-04-23T20:46:48,009  INFO [main] parse.RewriteSemanticAnalyzer: Going to reparse <delete from T where a = 1> as 
<insert into table `default`.`T` select ROW__ID from `default`.`T` sort by ROW__ID >
2024-04-23T20:46:48,010  INFO [main] parse.UpdateDeleteSemanticAnalyzer: Starting Semantic Analysis
2024-04-23T20:46:48,014  INFO [main] parse.UpdateDeleteSemanticAnalyzer: Completed phase 1 of Semantic Analysis
2024-04-23T20:46:48,014  INFO [main] parse.UpdateDeleteSemanticAnalyzer: Get metadata for source tables
2024-04-23T20:46:48,015  INFO [main] HiveMetaStore.audit: ugi=alex	ip=unknown-ip-addr	cmd=get_table : tbl=hive.default.t	
2024-04-23T20:46:48,026  INFO [main] metastore.HMSHandler: Skipping translation for processor with null
2024-04-23T20:46:48,026  INFO [main] parse.UpdateDeleteSemanticAnalyzer: Get metadata for subqueries
2024-04-23T20:46:48,026  INFO [main] parse.UpdateDeleteSemanticAnalyzer: Get metadata for destination tables
2024-04-23T20:46:48,027  INFO [main] HiveMetaStore.audit: ugi=alex	ip=unknown-ip-addr	cmd=get_table : tbl=hive.default.T	
2024-04-23T20:46:48,036  INFO [main] metastore.HMSHandler: Skipping translation for processor with null
2024-04-23T20:46:48,037  INFO [main] parse.UpdateDeleteSemanticAnalyzer: Completed getting MetaData in Semantic Analysis
2024-04-23T20:46:48,037  INFO [main] parse.UpdateDeleteSemanticAnalyzer: Disabling LLAP IO encode as ETL query is detected
2024-04-23T20:46:48,053  INFO [main] HiveMetaStore.audit: ugi=alex	ip=unknown-ip-addr	cmd=get_all_table_constraints : tbl=hive.default.t	
2024-04-23T20:46:48,098  INFO [main] calcite.RelOptHiveTable: Calculating column statistics for default.t, projIndxSet: [0], allowMissingStats: true
2024-04-23T20:46:48,099  INFO [main] HiveMetaStore.audit: ugi=alex	ip=unknown-ip-addr	cmd=get_table : tbl=hive.default.t	
2024-04-23T20:46:48,112  INFO [main] metastore.HMSHandler: Skipping translation for processor with null
2024-04-23T20:46:48,114  INFO [main] HiveMetaStore.audit: ugi=alex	ip=unknown-ip-addr	cmd=get_table : tbl=hive.default.t	
2024-04-23T20:46:48,127  INFO [main] metastore.HMSHandler: Skipping translation for processor with null
2024-04-23T20:46:48,128  INFO [main] HiveMetaStore.audit: ugi=alex	ip=unknown-ip-addr	cmd=get_table_statistics_req: table=hive.default.t	
2024-04-23T20:46:48,142  WARN [main] calcite.RelOptHiveTable: No Stats for default@t, Columns: a
No Stats for default@t, Columns: a
2024-04-23T20:46:48,142  INFO [main] SessionState: No Stats for default@t, Columns: a
2024-04-23T20:46:48,227  INFO [main] parse.UpdateDeleteSemanticAnalyzer: Get metadata for source tables
2024-04-23T20:46:48,227  INFO [main] parse.UpdateDeleteSemanticAnalyzer: Get metadata for subqueries
2024-04-23T20:46:48,228  INFO [main] parse.UpdateDeleteSemanticAnalyzer: Get metadata for destination tables
2024-04-23T20:46:48,228  INFO [main] HiveMetaStore.audit: ugi=alex	ip=unknown-ip-addr	cmd=get_table : tbl=hive.default.T	
2024-04-23T20:46:48,238  INFO [main] metastore.HMSHandler: Skipping translation for processor with null
2024-04-23T20:46:48,243 ERROR [main] parse.UpdateDeleteSemanticAnalyzer: CBO failed, skipping CBO. 
org.apache.hadoop.hive.ql.exec.NoMatchingMethodException: No matching method for class org.apache.hadoop.hive.ql.udf.UDFToInteger with (struct<writeid:bigint,bucketid:int,rowid:bigint>). Possible choices: _FUNC_(bigint)  _FUNC_(boolean)  _FUNC_(decimal(38,18))  _FUNC_(double)  _FUNC_(float)  _FUNC_(smallint)  _FUNC_(string)  _FUNC_(struct<writeid:bigint,rowid:int,bucketid:bigint>)  _FUNC_(timestamp)  _FUNC_(tinyint)  _FUNC_(void)  
	at org.apache.hadoop.hive.ql.exec.MethodUtils.getMethodInternal(MethodUtils.java:130) ~[classes/:?]
	at org.apache.hadoop.hive.ql.exec.MethodUtils.getMethodInternal(MethodUtils.java:60) ~[classes/:?]
	at org.apache.hadoop.hive.ql.exec.DefaultUDFMethodResolver.getEvalMethod(DefaultUDFMethodResolver.java:59) ~[classes/:?]
	at org.apache.hadoop.hive.ql.udf.TimestampCastRestrictorResolver.getEvalMethod(TimestampCastRestrictorResolver.java:68) ~[classes/:?]
	at org.apache.hadoop.hive.ql.udf.generic.GenericUDFBridge.initialize(GenericUDFBridge.java:168) ~[classes/:?]
	at org.apache.hadoop.hive.ql.udf.generic.GenericUDF.initializeAndFoldConstants(GenericUDF.java:149) ~[classes/:?]
	at org.apache.hadoop.hive.ql.plan.ExprNodeGenericFuncDesc.newInstance(ExprNodeGenericFuncDesc.java:235) ~[classes/:?]
	at org.apache.hadoop.hive.ql.parse.type.ExprNodeDescExprFactory.createFuncCallExpr(ExprNodeDescExprFactory.java:584) ~[classes/:?]
	at org.apache.hadoop.hive.ql.parse.type.ExprNodeDescExprFactory.createFuncCallExpr(ExprNodeDescExprFactory.java:97) ~[classes/:?]
	at org.apache.hadoop.hive.ql.parse.type.TypeCheckProcFactory$DefaultExprProcessor.getFuncExprNodeDescWithUdfData(TypeCheckProcFactory.java:762) ~[classes/:?]
	at org.apache.hadoop.hive.ql.parse.type.TypeCheckProcFactory$DefaultExprProcessor.createConversionCast(TypeCheckProcFactory.java:783) ~[classes/:?]
	at org.apache.hadoop.hive.ql.parse.SemanticAnalyzer.getPartitionColsFromBucketColsForUpdateDelete(SemanticAnalyzer.java:8725) ~[classes/:?]
	at org.apache.hadoop.hive.ql.parse.SemanticAnalyzer.genBucketingSortingDest(SemanticAnalyzer.java:6914) ~[classes/:?]
	at org.apache.hadoop.hive.ql.parse.SemanticAnalyzer.genFileSinkPlan(SemanticAnalyzer.java:7335) ~[classes/:?]
	at org.apache.hadoop.hive.ql.parse.SemanticAnalyzer.genPostGroupByBodyPlan(SemanticAnalyzer.java:11063) ~[classes/:?]
	at org.apache.hadoop.hive.ql.parse.SemanticAnalyzer.genBodyPlan(SemanticAnalyzer.java:10938) ~[classes/:?]
	at org.apache.hadoop.hive.ql.parse.SemanticAnalyzer.genPlan(SemanticAnalyzer.java:11853) ~[classes/:?]
	at org.apache.hadoop.hive.ql.parse.SemanticAnalyzer.genPlan(SemanticAnalyzer.java:11723) ~[classes/:?]
	at org.apache.hadoop.hive.ql.parse.CalcitePlanner.genOPTree(CalcitePlanner.java:626) ~[classes/:?]
	at org.apache.hadoop.hive.ql.parse.SemanticAnalyzer.analyzeInternal(SemanticAnalyzer.java:12558) ~[classes/:?]
	at org.apache.hadoop.hive.ql.parse.CalcitePlanner.analyzeInternal(CalcitePlanner.java:456) ~[classes/:?]
	at org.apache.hadoop.hive.ql.parse.RewriteSemanticAnalyzer.analyzeInternal(RewriteSemanticAnalyzer.java:67) ~[classes/:?]
	at org.apache.hadoop.hive.ql.parse.BaseSemanticAnalyzer.analyze(BaseSemanticAnalyzer.java:317) ~[classes/:?]
	at org.apache.hadoop.hive.ql.parse.UpdateDeleteSemanticAnalyzer.reparseAndSuperAnalyze(UpdateDeleteSemanticAnalyzer.java:208) ~[classes/:?]
	at org.apache.hadoop.hive.ql.parse.UpdateDeleteSemanticAnalyzer.analyzeDelete(UpdateDeleteSemanticAnalyzer.java:68) ~[classes/:?]
	at org.apache.hadoop.hive.ql.parse.UpdateDeleteSemanticAnalyzer.analyze(UpdateDeleteSemanticAnalyzer.java:50) ~[classes/:?]
	at org.apache.hadoop.hive.ql.parse.RewriteSemanticAnalyzer.analyzeInternal(RewriteSemanticAnalyzer.java:72) ~[classes/:?]
	at org.apache.hadoop.hive.ql.parse.BaseSemanticAnalyzer.analyze(BaseSemanticAnalyzer.java:317) ~[classes/:?]
	at org.apache.hadoop.hive.ql.Compiler.analyze(Compiler.java:223) ~[classes/:?]
	at org.apache.hadoop.hive.ql.Compiler.compile(Compiler.java:105) ~[classes/:?]
	at org.apache.hadoop.hive.ql.Driver.compile(Driver.java:500) ~[classes/:?]
	at org.apache.hadoop.hive.ql.Driver.compileInternal(Driver.java:453) ~[classes/:?]
	at org.apache.hadoop.hive.ql.Driver.runInternal(Driver.java:181) ~[classes/:?]
	at org.apache.hadoop.hive.ql.Driver.run(Driver.java:153) ~[classes/:?]
	at org.apache.hadoop.hive.ql.Driver.run(Driver.java:140) ~[classes/:?]
	at org.apache.hadoop.hive.ql.TxnCommandsBaseForTests.runStatementOnDriver(TxnCommandsBaseForTests.java:245) ~[test-classes/:?]
	at org.apache.hadoop.hive.ql.TestTxnCommands3.testDeleteEventPruning(TestTxnCommands3.java:167) ~[test-classes/:?]
	at org.apache.hadoop.hive.ql.TestTxnCommands3.testDeleteEventPruningOn(TestTxnCommands3.java:137) ~[test-classes/:?]
	at sun.reflect.NativeMethodAccessorImpl.invoke0(Native Method) ~[?:1.8.0_402]
	at sun.reflect.NativeMethodAccessorImpl.invoke(NativeMethodAccessorImpl.java:62) ~[?:1.8.0_402]
	at sun.reflect.DelegatingMethodAccessorImpl.invoke(DelegatingMethodAccessorImpl.java:43) ~[?:1.8.0_402]
	at java.lang.reflect.Method.invoke(Method.java:498) ~[?:1.8.0_402]
	at org.junit.runners.model.FrameworkMethod$1.runReflectiveCall(FrameworkMethod.java:59) ~[junit-4.13.jar:4.13]
	at org.junit.internal.runners.model.ReflectiveCallable.run(ReflectiveCallable.java:12) ~[junit-4.13.jar:4.13]
	at org.junit.runners.model.FrameworkMethod.invokeExplosively(FrameworkMethod.java:56) ~[junit-4.13.jar:4.13]
	at org.junit.internal.runners.statements.InvokeMethod.evaluate(InvokeMethod.java:17) ~[junit-4.13.jar:4.13]
	at org.junit.internal.runners.statements.RunBefores.evaluate(RunBefores.java:26) ~[junit-4.13.jar:4.13]
	at org.junit.internal.runners.statements.RunAfters.evaluate(RunAfters.java:27) ~[junit-4.13.jar:4.13]
	at org.junit.rules.TestWatcher$1.evaluate(TestWatcher.java:61) ~[junit-4.13.jar:4.13]
	at org.junit.runners.ParentRunner$3.evaluate(ParentRunner.java:306) ~[junit-4.13.jar:4.13]
	at org.junit.runners.BlockJUnit4ClassRunner$1.evaluate(BlockJUnit4ClassRunner.java:100) ~[junit-4.13.jar:4.13]
	at org.junit.runners.ParentRunner.runLeaf(ParentRunner.java:366) ~[junit-4.13.jar:4.13]
	at org.junit.runners.BlockJUnit4ClassRunner.runChild(BlockJUnit4ClassRunner.java:103) ~[junit-4.13.jar:4.13]
	at org.junit.runners.BlockJUnit4ClassRunner.runChild(BlockJUnit4ClassRunner.java:63) ~[junit-4.13.jar:4.13]
	at org.junit.runners.ParentRunner$4.run(ParentRunner.java:331) ~[junit-4.13.jar:4.13]
	at org.junit.runners.ParentRunner$1.schedule(ParentRunner.java:79) ~[junit-4.13.jar:4.13]
	at org.junit.runners.ParentRunner.runChildren(ParentRunner.java:329) ~[junit-4.13.jar:4.13]
	at org.junit.runners.ParentRunner.access$100(ParentRunner.java:66) ~[junit-4.13.jar:4.13]
	at org.junit.runners.ParentRunner$2.evaluate(ParentRunner.java:293) ~[junit-4.13.jar:4.13]
	at org.junit.runners.ParentRunner$3.evaluate(ParentRunner.java:306) ~[junit-4.13.jar:4.13]
	at org.junit.runners.ParentRunner.run(ParentRunner.java:413) ~[junit-4.13.jar:4.13]
	at org.junit.runner.JUnitCore.run(JUnitCore.java:137) ~[junit-4.13.jar:4.13]
	at org.junit.runner.JUnitCore.run(JUnitCore.java:115) ~[junit-4.13.jar:4.13]
	at org.junit.vintage.engine.execution.RunnerExecutor.execute(RunnerExecutor.java:43) ~[junit-vintage-engine-5.6.2.jar:5.6.2]
	at java.util.stream.ForEachOps$ForEachOp$OfRef.accept(ForEachOps.java:183) ~[?:1.8.0_402]
	at java.util.stream.ReferencePipeline$3$1.accept(ReferencePipeline.java:193) ~[?:1.8.0_402]
	at java.util.Iterator.forEachRemaining(Iterator.java:116) ~[?:1.8.0_402]
	at java.util.Spliterators$IteratorSpliterator.forEachRemaining(Spliterators.java:1801) ~[?:1.8.0_402]
	at java.util.stream.AbstractPipeline.copyInto(AbstractPipeline.java:482) ~[?:1.8.0_402]
	at java.util.stream.AbstractPipeline.wrapAndCopyInto(AbstractPipeline.java:472) ~[?:1.8.0_402]
	at java.util.stream.ForEachOps$ForEachOp.evaluateSequential(ForEachOps.java:150) ~[?:1.8.0_402]
	at java.util.stream.ForEachOps$ForEachOp$OfRef.evaluateSequential(ForEachOps.java:173) ~[?:1.8.0_402]
	at java.util.stream.AbstractPipeline.evaluate(AbstractPipeline.java:234) ~[?:1.8.0_402]
	at java.util.stream.ReferencePipeline.forEach(ReferencePipeline.java:485) ~[?:1.8.0_402]
	at org.junit.vintage.engine.VintageTestEngine.executeAllChildren(VintageTestEngine.java:82) ~[junit-vintage-engine-5.6.2.jar:5.6.2]
	at org.junit.vintage.engine.VintageTestEngine.execute(VintageTestEngine.java:73) ~[junit-vintage-engine-5.6.2.jar:5.6.2]
	at org.junit.platform.launcher.core.DefaultLauncher.execute(DefaultLauncher.java:248) ~[junit-platform-launcher-1.6.2.jar:1.6.2]
	at org.junit.platform.launcher.core.DefaultLauncher.lambda$execute$5(DefaultLauncher.java:211) ~[junit-platform-launcher-1.6.2.jar:1.6.2]
	at org.junit.platform.launcher.core.DefaultLauncher.withInterceptedStreams(DefaultLauncher.java:226) [junit-platform-launcher-1.6.2.jar:1.6.2]
	at org.junit.platform.launcher.core.DefaultLauncher.execute(DefaultLauncher.java:199) [junit-platform-launcher-1.6.2.jar:1.6.2]
	at org.junit.platform.launcher.core.DefaultLauncher.execute(DefaultLauncher.java:132) [junit-platform-launcher-1.6.2.jar:1.6.2]
	at org.apache.maven.surefire.junitplatform.JUnitPlatformProvider.invokeAllTests(JUnitPlatformProvider.java:154) [surefire-junit-platform-3.0.0-M4.jar:3.0.0-M4]
	at org.apache.maven.surefire.junitplatform.JUnitPlatformProvider.invoke(JUnitPlatformProvider.java:123) [surefire-junit-platform-3.0.0-M4.jar:3.0.0-M4]
	at org.apache.maven.surefire.booter.ForkedBooter.runSuitesInProcess(ForkedBooter.java:377) [surefire-booter-3.0.0-M4.jar:3.0.0-M4]
	at org.apache.maven.surefire.booter.ForkedBooter.execute(ForkedBooter.java:138) [surefire-booter-3.0.0-M4.jar:3.0.0-M4]
	at org.apache.maven.surefire.booter.ForkedBooter.run(ForkedBooter.java:465) [surefire-booter-3.0.0-M4.jar:3.0.0-M4]
	at org.apache.maven.surefire.booter.ForkedBooter.main(ForkedBooter.java:451) [surefire-booter-3.0.0-M4.jar:3.0.0-M4]
2024-04-23T20:46:48,244 ERROR [main] parse.UpdateDeleteSemanticAnalyzer: CBO failed due to missing column stats (see previous errors), skipping CBO
2024-04-23T20:46:48,244  INFO [main] parse.UpdateDeleteSemanticAnalyzer: Ending caching scope for: 
FAILED: NoMatchingMethodException No matching method for class org.apache.hadoop.hive.ql.udf.UDFToInteger with (struct<writeid:bigint,bucketid:int,rowid:bigint>). Possible choices: _FUNC_(bigint)  _FUNC_(boolean)  _FUNC_(decimal(38,18))  _FUNC_(double)  _FUNC_(float)  _FUNC_(smallint)  _FUNC_(string)  _FUNC_(struct<writeid:bigint,rowid:int,bucketid:bigint>)  _FUNC_(timestamp)  _FUNC_(tinyint)  _FUNC_(void)  
2024-04-23T20:46:48,245 ERROR [main] ql.Driver: FAILED: NoMatchingMethodException No matching method for class org.apache.hadoop.hive.ql.udf.UDFToInteger with (struct<writeid:bigint,bucketid:int,rowid:bigint>). Possible choices: _FUNC_(bigint)  _FUNC_(boolean)  _FUNC_(decimal(38,18))  _FUNC_(double)  _FUNC_(float)  _FUNC_(smallint)  _FUNC_(string)  _FUNC_(struct<writeid:bigint,rowid:int,bucketid:bigint>)  _FUNC_(timestamp)  _FUNC_(tinyint)  _FUNC_(void)  
org.apache.hadoop.hive.ql.exec.NoMatchingMethodException: No matching method for class org.apache.hadoop.hive.ql.udf.UDFToInteger with (struct<writeid:bigint,bucketid:int,rowid:bigint>). Possible choices: _FUNC_(bigint)  _FUNC_(boolean)  _FUNC_(decimal(38,18))  _FUNC_(double)  _FUNC_(float)  _FUNC_(smallint)  _FUNC_(string)  _FUNC_(struct<writeid:bigint,rowid:int,bucketid:bigint>)  _FUNC_(timestamp)  _FUNC_(tinyint)  _FUNC_(void)  
	at org.apache.hadoop.hive.ql.exec.MethodUtils.getMethodInternal(MethodUtils.java:130)
	at org.apache.hadoop.hive.ql.exec.MethodUtils.getMethodInternal(MethodUtils.java:60)
	at org.apache.hadoop.hive.ql.exec.DefaultUDFMethodResolver.getEvalMethod(DefaultUDFMethodResolver.java:59)
	at org.apache.hadoop.hive.ql.udf.TimestampCastRestrictorResolver.getEvalMethod(TimestampCastRestrictorResolver.java:68)
	at org.apache.hadoop.hive.ql.udf.generic.GenericUDFBridge.initialize(GenericUDFBridge.java:168)
	at org.apache.hadoop.hive.ql.udf.generic.GenericUDF.initializeAndFoldConstants(GenericUDF.java:149)
	at org.apache.hadoop.hive.ql.plan.ExprNodeGenericFuncDesc.newInstance(ExprNodeGenericFuncDesc.java:235)
	at org.apache.hadoop.hive.ql.parse.type.ExprNodeDescExprFactory.createFuncCallExpr(ExprNodeDescExprFactory.java:584)
	at org.apache.hadoop.hive.ql.parse.type.ExprNodeDescExprFactory.createFuncCallExpr(ExprNodeDescExprFactory.java:97)
	at org.apache.hadoop.hive.ql.parse.type.TypeCheckProcFactory$DefaultExprProcessor.getFuncExprNodeDescWithUdfData(TypeCheckProcFactory.java:762)
	at org.apache.hadoop.hive.ql.parse.type.TypeCheckProcFactory$DefaultExprProcessor.createConversionCast(TypeCheckProcFactory.java:783)
	at org.apache.hadoop.hive.ql.parse.SemanticAnalyzer.getPartitionColsFromBucketColsForUpdateDelete(SemanticAnalyzer.java:8725)
	at org.apache.hadoop.hive.ql.parse.SemanticAnalyzer.genBucketingSortingDest(SemanticAnalyzer.java:6914)
	at org.apache.hadoop.hive.ql.parse.SemanticAnalyzer.genFileSinkPlan(SemanticAnalyzer.java:7335)
	at org.apache.hadoop.hive.ql.parse.SemanticAnalyzer.genPostGroupByBodyPlan(SemanticAnalyzer.java:11063)
	at org.apache.hadoop.hive.ql.parse.SemanticAnalyzer.genBodyPlan(SemanticAnalyzer.java:10938)
	at org.apache.hadoop.hive.ql.parse.SemanticAnalyzer.genPlan(SemanticAnalyzer.java:11853)
	at org.apache.hadoop.hive.ql.parse.SemanticAnalyzer.genPlan(SemanticAnalyzer.java:11723)
	at org.apache.hadoop.hive.ql.parse.CalcitePlanner.genOPTree(CalcitePlanner.java:626)
	at org.apache.hadoop.hive.ql.parse.SemanticAnalyzer.analyzeInternal(SemanticAnalyzer.java:12558)
	at org.apache.hadoop.hive.ql.parse.CalcitePlanner.analyzeInternal(CalcitePlanner.java:456)
	at org.apache.hadoop.hive.ql.parse.RewriteSemanticAnalyzer.analyzeInternal(RewriteSemanticAnalyzer.java:67)
	at org.apache.hadoop.hive.ql.parse.BaseSemanticAnalyzer.analyze(BaseSemanticAnalyzer.java:317)
	at org.apache.hadoop.hive.ql.parse.UpdateDeleteSemanticAnalyzer.reparseAndSuperAnalyze(UpdateDeleteSemanticAnalyzer.java:208)
	at org.apache.hadoop.hive.ql.parse.UpdateDeleteSemanticAnalyzer.analyzeDelete(UpdateDeleteSemanticAnalyzer.java:68)
	at org.apache.hadoop.hive.ql.parse.UpdateDeleteSemanticAnalyzer.analyze(UpdateDeleteSemanticAnalyzer.java:50)
	at org.apache.hadoop.hive.ql.parse.RewriteSemanticAnalyzer.analyzeInternal(RewriteSemanticAnalyzer.java:72)
	at org.apache.hadoop.hive.ql.parse.BaseSemanticAnalyzer.analyze(BaseSemanticAnalyzer.java:317)
	at org.apache.hadoop.hive.ql.Compiler.analyze(Compiler.java:223)
	at org.apache.hadoop.hive.ql.Compiler.compile(Compiler.java:105)
	at org.apache.hadoop.hive.ql.Driver.compile(Driver.java:500)
	at org.apache.hadoop.hive.ql.Driver.compileInternal(Driver.java:453)
	at org.apache.hadoop.hive.ql.Driver.runInternal(Driver.java:181)
	at org.apache.hadoop.hive.ql.Driver.run(Driver.java:153)
	at org.apache.hadoop.hive.ql.Driver.run(Driver.java:140)
	at org.apache.hadoop.hive.ql.TxnCommandsBaseForTests.runStatementOnDriver(TxnCommandsBaseForTests.java:245)
	at org.apache.hadoop.hive.ql.TestTxnCommands3.testDeleteEventPruning(TestTxnCommands3.java:167)
	at org.apache.hadoop.hive.ql.TestTxnCommands3.testDeleteEventPruningOn(TestTxnCommands3.java:137)
	at sun.reflect.NativeMethodAccessorImpl.invoke0(Native Method)
	at sun.reflect.NativeMethodAccessorImpl.invoke(NativeMethodAccessorImpl.java:62)
	at sun.reflect.DelegatingMethodAccessorImpl.invoke(DelegatingMethodAccessorImpl.java:43)
	at java.lang.reflect.Method.invoke(Method.java:498)
	at org.junit.runners.model.FrameworkMethod$1.runReflectiveCall(FrameworkMethod.java:59)
	at org.junit.internal.runners.model.ReflectiveCallable.run(ReflectiveCallable.java:12)
	at org.junit.runners.model.FrameworkMethod.invokeExplosively(FrameworkMethod.java:56)
	at org.junit.internal.runners.statements.InvokeMethod.evaluate(InvokeMethod.java:17)
	at org.junit.internal.runners.statements.RunBefores.evaluate(RunBefores.java:26)
	at org.junit.internal.runners.statements.RunAfters.evaluate(RunAfters.java:27)
	at org.junit.rules.TestWatcher$1.evaluate(TestWatcher.java:61)
	at org.junit.runners.ParentRunner$3.evaluate(ParentRunner.java:306)
	at org.junit.runners.BlockJUnit4ClassRunner$1.evaluate(BlockJUnit4ClassRunner.java:100)
	at org.junit.runners.ParentRunner.runLeaf(ParentRunner.java:366)
	at org.junit.runners.BlockJUnit4ClassRunner.runChild(BlockJUnit4ClassRunner.java:103)
	at org.junit.runners.BlockJUnit4ClassRunner.runChild(BlockJUnit4ClassRunner.java:63)
	at org.junit.runners.ParentRunner$4.run(ParentRunner.java:331)
	at org.junit.runners.ParentRunner$1.schedule(ParentRunner.java:79)
	at org.junit.runners.ParentRunner.runChildren(ParentRunner.java:329)
	at org.junit.runners.ParentRunner.access$100(ParentRunner.java:66)
	at org.junit.runners.ParentRunner$2.evaluate(ParentRunner.java:293)
	at org.junit.runners.ParentRunner$3.evaluate(ParentRunner.java:306)
	at org.junit.runners.ParentRunner.run(ParentRunner.java:413)
	at org.junit.runner.JUnitCore.run(JUnitCore.java:137)
	at org.junit.runner.JUnitCore.run(JUnitCore.java:115)
	at org.junit.vintage.engine.execution.RunnerExecutor.execute(RunnerExecutor.java:43)
	at java.util.stream.ForEachOps$ForEachOp$OfRef.accept(ForEachOps.java:183)
	at java.util.stream.ReferencePipeline$3$1.accept(ReferencePipeline.java:193)
	at java.util.Iterator.forEachRemaining(Iterator.java:116)
	at java.util.Spliterators$IteratorSpliterator.forEachRemaining(Spliterators.java:1801)
	at java.util.stream.AbstractPipeline.copyInto(AbstractPipeline.java:482)
	at java.util.stream.AbstractPipeline.wrapAndCopyInto(AbstractPipeline.java:472)
	at java.util.stream.ForEachOps$ForEachOp.evaluateSequential(ForEachOps.java:150)
	at java.util.stream.ForEachOps$ForEachOp$OfRef.evaluateSequential(ForEachOps.java:173)
	at java.util.stream.AbstractPipeline.evaluate(AbstractPipeline.java:234)
	at java.util.stream.ReferencePipeline.forEach(ReferencePipeline.java:485)
	at org.junit.vintage.engine.VintageTestEngine.executeAllChildren(VintageTestEngine.java:82)
	at org.junit.vintage.engine.VintageTestEngine.execute(VintageTestEngine.java:73)
	at org.junit.platform.launcher.core.DefaultLauncher.execute(DefaultLauncher.java:248)
	at org.junit.platform.launcher.core.DefaultLauncher.lambda$execute$5(DefaultLauncher.java:211)
	at org.junit.platform.launcher.core.DefaultLauncher.withInterceptedStreams(DefaultLauncher.java:226)
	at org.junit.platform.launcher.core.DefaultLauncher.execute(DefaultLauncher.java:199)
	at org.junit.platform.launcher.core.DefaultLauncher.execute(DefaultLauncher.java:132)
	at org.apache.maven.surefire.junitplatform.JUnitPlatformProvider.invokeAllTests(JUnitPlatformProvider.java:154)
	at org.apache.maven.surefire.junitplatform.JUnitPlatformProvider.invoke(JUnitPlatformProvider.java:123)
	at org.apache.maven.surefire.booter.ForkedBooter.runSuitesInProcess(ForkedBooter.java:377)
	at org.apache.maven.surefire.booter.ForkedBooter.execute(ForkedBooter.java:138)
	at org.apache.maven.surefire.booter.ForkedBooter.run(ForkedBooter.java:465)
	at org.apache.maven.surefire.booter.ForkedBooter.main(ForkedBooter.java:451)

2024-04-23T20:46:48,245  INFO [main] metadata.Hive: Dumping metastore api call timing information for : compilation phase
2024-04-23T20:46:48,245  INFO [main] metadata.Hive: Total time spent in each metastore function (ms): {commitTxn_(CommitTxnRequest)=14, getTableColumnStatistics_(String, String, List, String)=44, getTable_(GetTableRequest)=41, flushCache_()=1, openTxn_(String, TxnType)=4, isCompatibleWith_(Configuration)=0, getAllTableConstraints_(AllTableConstraintsRequest)=9, getValidTxns_(long)=1, getValidWriteIds_(List, String)=6}
2024-04-23T20:46:48,246  INFO [main] ql.Driver: Completed compiling command(queryId=alex_20240423204647_02c5cfd0-1270-4301-8164-984c4456cf6f); Time taken: 0.252 seconds
2024-04-23T20:46:48,246  INFO [main] lockmgr.DbTxnManager: Stopped heartbeat for query: null
2024-04-23T20:46:48,250  INFO [main] txn.TxnHandler: Removed transactions: ([17]) from MIN_HISTORY_LEVEL
2024-04-23T20:46:48,260  INFO [main] ql.TxnCommandsBaseForTests: Running the query: drop table if exists acidTbl
2024-04-23T20:46:48,260  INFO [main] ql.Driver: Compiling command(queryId=alex_20240423204648_48f7bbf5-5404-41ac-a4d8-edcc8f4f9bae): drop table if exists acidTbl
2024-04-23T20:46:48,264  INFO [main] txn.TxnHandler: Added entries to MIN_HISTORY_LEVEL for current txns: ([18]) with min_open_txn: 17
2024-04-23T20:46:48,264  INFO [main] lockmgr.DbTxnManager: Opened txnid:18
2024-04-23T20:46:48,266  INFO [main] HiveMetaStore.audit: ugi=alex	ip=unknown-ip-addr	cmd=get_table : tbl=hive.default.acidTbl	
2024-04-23T20:46:48,275  INFO [main] metastore.HMSHandler: Skipping translation for processor with null
2024-04-23T20:46:48,275  INFO [main] ql.Driver: Semantic Analysis Completed (retrial = false)
2024-04-23T20:46:48,275  INFO [main] ql.Driver: Created Hive schema: Schema(fieldSchemas:null, properties:null)
2024-04-23T20:46:48,275  INFO [main] metadata.Hive: Dumping metastore api call timing information for : compilation phase
2024-04-23T20:46:48,275  INFO [main] metadata.Hive: Total time spent in each metastore function (ms): {openTxn_(String, TxnType)=3, isCompatibleWith_(Configuration)=0, flushCache_()=1, getTable_(GetTableRequest)=10, getValidTxns_(long)=1, rollbackTxn_(long)=13}
2024-04-23T20:46:48,275  INFO [main] ql.Driver: Completed compiling command(queryId=alex_20240423204648_48f7bbf5-5404-41ac-a4d8-edcc8f4f9bae); Time taken: 0.015 seconds
2024-04-23T20:46:48,276  INFO [main] lockmgr.DbTxnManager: Setting lock request transaction to txnid:18 for queryId=alex_20240423204648_48f7bbf5-5404-41ac-a4d8-edcc8f4f9bae
2024-04-23T20:46:48,276  INFO [main] lockmgr.DbLockManager: Requesting lock for queryId=alex_20240423204648_48f7bbf5-5404-41ac-a4d8-edcc8f4f9bae
2024-04-23T20:46:48,295  INFO [main] lockmgr.DbLockManager: Response to queryId=alex_20240423204648_48f7bbf5-5404-41ac-a4d8-edcc8f4f9bae LockResponse(lockid:11, state:ACQUIRED)
2024-04-23T20:46:48,295  INFO [main] ql.Driver: Operation DROPTABLE obtained 1 locks
2024-04-23T20:46:48,295  INFO [main] ql.Driver: Executing command(queryId=alex_20240423204648_48f7bbf5-5404-41ac-a4d8-edcc8f4f9bae): drop table if exists acidTbl
2024-04-23T20:46:48,295  INFO [main] ql.Driver: Starting task [Stage-0:DDL] in serial mode
2024-04-23T20:46:48,296  INFO [main] HiveMetaStore.audit: ugi=alex	ip=unknown-ip-addr	cmd=get_table : tbl=hive.default.acidTbl	
2024-04-23T20:46:48,304  INFO [main] metastore.HMSHandler: Skipping translation for processor with null
2024-04-23T20:46:48,305  INFO [main] HiveMetaStore.audit: ugi=alex	ip=unknown-ip-addr	cmd=get_table : tbl=hive.default.acidTbl	
2024-04-23T20:46:48,313  INFO [main] metastore.HMSHandler: Skipping translation for processor with null
2024-04-23T20:46:48,314  INFO [main] HiveMetaStore.audit: ugi=alex	ip=unknown-ip-addr	cmd=drop_table : tbl=hive.default.acidTbl	
2024-04-23T20:46:48,441  INFO [main] metadata.Hive: Dumping metastore api call timing information for : execution phase
2024-04-23T20:46:48,441  INFO [main] metadata.Hive: Total time spent in each metastore function (ms): {isCompatibleWith_(Configuration)=0, dropTable_(String, String, boolean, boolean, boolean)=137, getTable_(GetTableRequest)=9}
2024-04-23T20:46:48,441  INFO [main] ql.Driver: Completed executing command(queryId=alex_20240423204648_48f7bbf5-5404-41ac-a4d8-edcc8f4f9bae); Time taken: 0.146 seconds
2024-04-23T20:46:48,441  INFO [main] lockmgr.DbTxnManager: Stopped heartbeat for query: alex_20240423204648_48f7bbf5-5404-41ac-a4d8-edcc8f4f9bae
2024-04-23T20:46:48,446  INFO [main] txn.TxnHandler: Expected to move at least one record from txn_components to completed_txn_components when committing txn! txnid:18
2024-04-23T20:46:48,454  INFO [main] txn.TxnHandler: Removed transactions: ([18]) from MIN_HISTORY_LEVEL
2024-04-23T20:46:48,456  WARN [main] txn.CompactionTxnHandler: No compaction queue record found for Compaction type transaction commit. txnId:18
2024-04-23T20:46:48,457  INFO [main] ql.TxnCommandsBaseForTests: Running the query: drop table if exists acidTblPart
2024-04-23T20:46:48,457  INFO [main] ql.Driver: Compiling command(queryId=alex_20240423204648_d9879726-344d-40e2-9d33-010221332108): drop table if exists acidTblPart
2024-04-23T20:46:48,464  INFO [main] txn.TxnHandler: Added entries to MIN_HISTORY_LEVEL for current txns: ([19]) with min_open_txn: 17
2024-04-23T20:46:48,465  INFO [main] lockmgr.DbTxnManager: Opened txnid:19
2024-04-23T20:46:48,468  INFO [main] HiveMetaStore.audit: ugi=alex	ip=unknown-ip-addr	cmd=get_table : tbl=hive.default.acidTblPart	
2024-04-23T20:46:48,482  INFO [main] metastore.HMSHandler: Skipping translation for processor with null
2024-04-23T20:46:48,482  INFO [main] ql.Driver: Semantic Analysis Completed (retrial = false)
2024-04-23T20:46:48,482  INFO [main] ql.Driver: Created Hive schema: Schema(fieldSchemas:null, properties:null)
2024-04-23T20:46:48,482  INFO [main] metadata.Hive: Dumping metastore api call timing information for : compilation phase
2024-04-23T20:46:48,482  INFO [main] metadata.Hive: Total time spent in each metastore function (ms): {openTxn_(String, TxnType)=7, getValidTxns_(long)=3, isCompatibleWith_(Configuration)=0, getTable_(GetTableRequest)=14, flushCache_()=0, commitTxn_(CommitTxnRequest)=16}
2024-04-23T20:46:48,483  INFO [main] ql.Driver: Completed compiling command(queryId=alex_20240423204648_d9879726-344d-40e2-9d33-010221332108); Time taken: 0.025 seconds
2024-04-23T20:46:48,483  INFO [main] lockmgr.DbTxnManager: Setting lock request transaction to txnid:19 for queryId=alex_20240423204648_d9879726-344d-40e2-9d33-010221332108
2024-04-23T20:46:48,483  INFO [main] lockmgr.DbLockManager: Requesting lock for queryId=alex_20240423204648_d9879726-344d-40e2-9d33-010221332108
2024-04-23T20:46:48,507  INFO [main] lockmgr.DbLockManager: Response to queryId=alex_20240423204648_d9879726-344d-40e2-9d33-010221332108 LockResponse(lockid:12, state:ACQUIRED)
2024-04-23T20:46:48,507  INFO [main] ql.Driver: Operation DROPTABLE obtained 1 locks
2024-04-23T20:46:48,507  INFO [main] ql.Driver: Executing command(queryId=alex_20240423204648_d9879726-344d-40e2-9d33-010221332108): drop table if exists acidTblPart
2024-04-23T20:46:48,508  INFO [main] ql.Driver: Starting task [Stage-0:DDL] in serial mode
2024-04-23T20:46:48,508  INFO [main] HiveMetaStore.audit: ugi=alex	ip=unknown-ip-addr	cmd=get_table : tbl=hive.default.acidTblPart	
2024-04-23T20:46:48,517  INFO [main] metastore.HMSHandler: Skipping translation for processor with null
2024-04-23T20:46:48,518  INFO [main] HiveMetaStore.audit: ugi=alex	ip=unknown-ip-addr	cmd=get_table : tbl=hive.default.acidTblPart	
2024-04-23T20:46:48,527  INFO [main] metastore.HMSHandler: Skipping translation for processor with null
2024-04-23T20:46:48,527  INFO [main] HiveMetaStore.audit: ugi=alex	ip=unknown-ip-addr	cmd=drop_table : tbl=hive.default.acidTblPart	
2024-04-23T20:46:48,582  INFO [main] metadata.Hive: Dumping metastore api call timing information for : execution phase
2024-04-23T20:46:48,582  INFO [main] metadata.Hive: Total time spent in each metastore function (ms): {getTable_(GetTableRequest)=9, isCompatibleWith_(Configuration)=0, dropTable_(String, String, boolean, boolean, boolean)=65}
2024-04-23T20:46:48,583  INFO [main] ql.Driver: Completed executing command(queryId=alex_20240423204648_d9879726-344d-40e2-9d33-010221332108); Time taken: 0.075 seconds
2024-04-23T20:46:48,583  INFO [main] lockmgr.DbTxnManager: Stopped heartbeat for query: alex_20240423204648_d9879726-344d-40e2-9d33-010221332108
2024-04-23T20:46:48,589  INFO [main] txn.TxnHandler: Expected to move at least one record from txn_components to completed_txn_components when committing txn! txnid:19
2024-04-23T20:46:48,596  INFO [main] txn.TxnHandler: Removed transactions: ([19]) from MIN_HISTORY_LEVEL
2024-04-23T20:46:48,597  WARN [main] txn.CompactionTxnHandler: No compaction queue record found for Compaction type transaction commit. txnId:19
2024-04-23T20:46:48,597  INFO [main] ql.TxnCommandsBaseForTests: Running the query: drop table if exists acidTbl2
2024-04-23T20:46:48,598  INFO [main] ql.Driver: Compiling command(queryId=alex_20240423204648_2b0d3a01-ffc2-4092-8538-b6e39f5b8aaa): drop table if exists acidTbl2
2024-04-23T20:46:48,602  INFO [main] txn.TxnHandler: Added entries to MIN_HISTORY_LEVEL for current txns: ([20]) with min_open_txn: 17
2024-04-23T20:46:48,602  INFO [main] lockmgr.DbTxnManager: Opened txnid:20
2024-04-23T20:46:48,603  INFO [main] ql.Driver: Semantic Analysis Completed (retrial = false)
2024-04-23T20:46:48,603  INFO [main] ql.Driver: Created Hive schema: Schema(fieldSchemas:null, properties:null)
2024-04-23T20:46:48,603  INFO [main] metadata.Hive: Dumping metastore api call timing information for : compilation phase
2024-04-23T20:46:48,604  INFO [main] metadata.Hive: Total time spent in each metastore function (ms): {commitTxn_(CommitTxnRequest)=14, openTxn_(String, TxnType)=3, isCompatibleWith_(Configuration)=0, flushCache_()=0, getValidTxns_(long)=1, getTable_(GetTableRequest)=0}
2024-04-23T20:46:48,604  INFO [main] ql.Driver: Completed compiling command(queryId=alex_20240423204648_2b0d3a01-ffc2-4092-8538-b6e39f5b8aaa); Time taken: 0.005 seconds
2024-04-23T20:46:48,604  INFO [main] lockmgr.DbTxnManager: Setting lock request transaction to txnid:20 for queryId=alex_20240423204648_2b0d3a01-ffc2-4092-8538-b6e39f5b8aaa
2024-04-23T20:46:48,604  INFO [main] ql.Driver: Operation DROPTABLE obtained 0 locks
2024-04-23T20:46:48,604  INFO [main] ql.Driver: Executing command(queryId=alex_20240423204648_2b0d3a01-ffc2-4092-8538-b6e39f5b8aaa): drop table if exists acidTbl2
2024-04-23T20:46:48,604  INFO [main] ql.Driver: Starting task [Stage-0:DDL] in serial mode
2024-04-23T20:46:48,605  INFO [main] metadata.SessionHiveMetaStoreClient: Column stats doesn't exist for db=default temp table=acidTbl2
2024-04-23T20:46:48,606  INFO [main] metadata.Hive: Dumping metastore api call timing information for : execution phase
2024-04-23T20:46:48,606  INFO [main] metadata.Hive: Total time spent in each metastore function (ms): {dropTable_(String, String, boolean, boolean, boolean)=0, isCompatibleWith_(Configuration)=0, getTable_(GetTableRequest)=0}
2024-04-23T20:46:48,606  INFO [main] ql.Driver: Completed executing command(queryId=alex_20240423204648_2b0d3a01-ffc2-4092-8538-b6e39f5b8aaa); Time taken: 0.002 seconds
2024-04-23T20:46:48,606  INFO [main] lockmgr.DbTxnManager: Stopped heartbeat for query: alex_20240423204648_2b0d3a01-ffc2-4092-8538-b6e39f5b8aaa
2024-04-23T20:46:48,612  INFO [main] txn.TxnHandler: Expected to move at least one record from txn_components to completed_txn_components when committing txn! txnid:20
2024-04-23T20:46:48,620  INFO [main] txn.TxnHandler: Removed transactions: ([20]) from MIN_HISTORY_LEVEL
2024-04-23T20:46:48,620  WARN [main] txn.CompactionTxnHandler: No compaction queue record found for Compaction type transaction commit. txnId:20
2024-04-23T20:46:48,621  INFO [main] ql.TxnCommandsBaseForTests: Running the query: drop table if exists nonAcidOrcTbl
2024-04-23T20:46:48,621  INFO [main] ql.Driver: Compiling command(queryId=alex_20240423204648_c2e6ed16-726c-43cf-899a-11c06d6c5ad0): drop table if exists nonAcidOrcTbl
2024-04-23T20:46:48,624  INFO [main] txn.TxnHandler: Added entries to MIN_HISTORY_LEVEL for current txns: ([21]) with min_open_txn: 17
2024-04-23T20:46:48,625  INFO [main] lockmgr.DbTxnManager: Opened txnid:21
2024-04-23T20:46:48,626  INFO [main] HiveMetaStore.audit: ugi=alex	ip=unknown-ip-addr	cmd=get_table : tbl=hive.default.nonAcidOrcTbl	
2024-04-23T20:46:48,653  INFO [main] metastore.HMSHandler: Skipping translation for processor with null
2024-04-23T20:46:48,654  INFO [main] ql.Driver: Semantic Analysis Completed (retrial = false)
2024-04-23T20:46:48,654  INFO [main] ql.Driver: Created Hive schema: Schema(fieldSchemas:null, properties:null)
2024-04-23T20:46:48,654  INFO [main] metadata.Hive: Dumping metastore api call timing information for : compilation phase
2024-04-23T20:46:48,654  INFO [main] metadata.Hive: Total time spent in each metastore function (ms): {getValidTxns_(long)=0, getTable_(GetTableRequest)=27, openTxn_(String, TxnType)=3, flushCache_()=1, commitTxn_(CommitTxnRequest)=15, isCompatibleWith_(Configuration)=0}
2024-04-23T20:46:48,654  INFO [main] ql.Driver: Completed compiling command(queryId=alex_20240423204648_c2e6ed16-726c-43cf-899a-11c06d6c5ad0); Time taken: 0.033 seconds
2024-04-23T20:46:48,654  INFO [main] lockmgr.DbTxnManager: Setting lock request transaction to txnid:21 for queryId=alex_20240423204648_c2e6ed16-726c-43cf-899a-11c06d6c5ad0
2024-04-23T20:46:48,655  INFO [main] lockmgr.DbLockManager: Requesting lock for queryId=alex_20240423204648_c2e6ed16-726c-43cf-899a-11c06d6c5ad0
2024-04-23T20:46:48,673  INFO [main] lockmgr.DbLockManager: Response to queryId=alex_20240423204648_c2e6ed16-726c-43cf-899a-11c06d6c5ad0 LockResponse(lockid:13, state:ACQUIRED)
2024-04-23T20:46:48,673  INFO [main] ql.Driver: Operation DROPTABLE obtained 1 locks
2024-04-23T20:46:48,673  INFO [main] ql.Driver: Executing command(queryId=alex_20240423204648_c2e6ed16-726c-43cf-899a-11c06d6c5ad0): drop table if exists nonAcidOrcTbl
2024-04-23T20:46:48,674  INFO [main] ql.Driver: Starting task [Stage-0:DDL] in serial mode
2024-04-23T20:46:48,674  INFO [main] HiveMetaStore.audit: ugi=alex	ip=unknown-ip-addr	cmd=get_table : tbl=hive.default.nonAcidOrcTbl	
2024-04-23T20:46:48,686  INFO [main] metastore.HMSHandler: Skipping translation for processor with null
2024-04-23T20:46:48,687  INFO [main] HiveMetaStore.audit: ugi=alex	ip=unknown-ip-addr	cmd=get_table : tbl=hive.default.nonAcidOrcTbl	
2024-04-23T20:46:48,699  INFO [main] metastore.HMSHandler: Skipping translation for processor with null
2024-04-23T20:46:48,700  INFO [main] HiveMetaStore.audit: ugi=alex	ip=unknown-ip-addr	cmd=drop_table : tbl=hive.default.nonAcidOrcTbl	
2024-04-23T20:46:48,786  INFO [main] metadata.Hive: Dumping metastore api call timing information for : execution phase
2024-04-23T20:46:48,786  INFO [main] metadata.Hive: Total time spent in each metastore function (ms): {dropTable_(String, String, boolean, boolean, boolean)=99, isCompatibleWith_(Configuration)=0, getTable_(GetTableRequest)=13}
2024-04-23T20:46:48,787  INFO [main] ql.Driver: Completed executing command(queryId=alex_20240423204648_c2e6ed16-726c-43cf-899a-11c06d6c5ad0); Time taken: 0.113 seconds
2024-04-23T20:46:48,787  INFO [main] lockmgr.DbTxnManager: Stopped heartbeat for query: alex_20240423204648_c2e6ed16-726c-43cf-899a-11c06d6c5ad0
2024-04-23T20:46:48,792  INFO [main] txn.TxnHandler: Expected to move at least one record from txn_components to completed_txn_components when committing txn! txnid:21
2024-04-23T20:46:48,799  INFO [main] txn.TxnHandler: Removed transactions: ([21]) from MIN_HISTORY_LEVEL
2024-04-23T20:46:48,799  WARN [main] txn.CompactionTxnHandler: No compaction queue record found for Compaction type transaction commit. txnId:21
2024-04-23T20:46:48,800  INFO [main] ql.TxnCommandsBaseForTests: Running the query: drop table if exists nonAcidOrcTbl2
2024-04-23T20:46:48,800  INFO [main] ql.Driver: Compiling command(queryId=alex_20240423204648_5f2a4914-0efc-4ac2-a242-4bfd8a11edb4): drop table if exists nonAcidOrcTbl2
2024-04-23T20:46:48,803  INFO [main] txn.TxnHandler: Added entries to MIN_HISTORY_LEVEL for current txns: ([22]) with min_open_txn: 17
2024-04-23T20:46:48,804  INFO [main] lockmgr.DbTxnManager: Opened txnid:22
2024-04-23T20:46:48,805  INFO [main] HiveMetaStore.audit: ugi=alex	ip=unknown-ip-addr	cmd=get_table : tbl=hive.default.nonAcidOrcTbl2	
2024-04-23T20:46:48,817  INFO [main] metastore.HMSHandler: Skipping translation for processor with null
2024-04-23T20:46:48,817  INFO [main] ql.Driver: Semantic Analysis Completed (retrial = false)
2024-04-23T20:46:48,817  INFO [main] ql.Driver: Created Hive schema: Schema(fieldSchemas:null, properties:null)
2024-04-23T20:46:48,817  INFO [main] metadata.Hive: Dumping metastore api call timing information for : compilation phase
2024-04-23T20:46:48,817  INFO [main] metadata.Hive: Total time spent in each metastore function (ms): {getTable_(GetTableRequest)=12, getValidTxns_(long)=1, openTxn_(String, TxnType)=3, isCompatibleWith_(Configuration)=0, commitTxn_(CommitTxnRequest)=12, flushCache_()=1}
2024-04-23T20:46:48,818  INFO [main] ql.Driver: Completed compiling command(queryId=alex_20240423204648_5f2a4914-0efc-4ac2-a242-4bfd8a11edb4); Time taken: 0.017 seconds
2024-04-23T20:46:48,818  INFO [main] lockmgr.DbTxnManager: Setting lock request transaction to txnid:22 for queryId=alex_20240423204648_5f2a4914-0efc-4ac2-a242-4bfd8a11edb4
2024-04-23T20:46:48,819  INFO [main] lockmgr.DbLockManager: Requesting lock for queryId=alex_20240423204648_5f2a4914-0efc-4ac2-a242-4bfd8a11edb4
2024-04-23T20:46:48,837  INFO [main] lockmgr.DbLockManager: Response to queryId=alex_20240423204648_5f2a4914-0efc-4ac2-a242-4bfd8a11edb4 LockResponse(lockid:14, state:ACQUIRED)
2024-04-23T20:46:48,837  INFO [main] ql.Driver: Operation DROPTABLE obtained 1 locks
2024-04-23T20:46:48,837  INFO [main] ql.Driver: Executing command(queryId=alex_20240423204648_5f2a4914-0efc-4ac2-a242-4bfd8a11edb4): drop table if exists nonAcidOrcTbl2
2024-04-23T20:46:48,838  INFO [main] ql.Driver: Starting task [Stage-0:DDL] in serial mode
2024-04-23T20:46:48,838  INFO [main] HiveMetaStore.audit: ugi=alex	ip=unknown-ip-addr	cmd=get_table : tbl=hive.default.nonAcidOrcTbl2	
2024-04-23T20:46:48,850  INFO [main] metastore.HMSHandler: Skipping translation for processor with null
2024-04-23T20:46:48,851  INFO [main] HiveMetaStore.audit: ugi=alex	ip=unknown-ip-addr	cmd=get_table : tbl=hive.default.nonAcidOrcTbl2	
2024-04-23T20:46:48,863  INFO [main] metastore.HMSHandler: Skipping translation for processor with null
2024-04-23T20:46:48,864  INFO [main] HiveMetaStore.audit: ugi=alex	ip=unknown-ip-addr	cmd=drop_table : tbl=hive.default.nonAcidOrcTbl2	
2024-04-23T20:46:48,909  INFO [main] metadata.Hive: Dumping metastore api call timing information for : execution phase
2024-04-23T20:46:48,909  INFO [main] metadata.Hive: Total time spent in each metastore function (ms): {dropTable_(String, String, boolean, boolean, boolean)=58, isCompatibleWith_(Configuration)=0, getTable_(GetTableRequest)=12}
2024-04-23T20:46:48,909  INFO [main] ql.Driver: Completed executing command(queryId=alex_20240423204648_5f2a4914-0efc-4ac2-a242-4bfd8a11edb4); Time taken: 0.072 seconds
2024-04-23T20:46:48,909  INFO [main] lockmgr.DbTxnManager: Stopped heartbeat for query: alex_20240423204648_5f2a4914-0efc-4ac2-a242-4bfd8a11edb4
2024-04-23T20:46:48,914  INFO [main] txn.TxnHandler: Expected to move at least one record from txn_components to completed_txn_components when committing txn! txnid:22
2024-04-23T20:46:48,921  INFO [main] txn.TxnHandler: Removed transactions: ([22]) from MIN_HISTORY_LEVEL
2024-04-23T20:46:48,921  WARN [main] txn.CompactionTxnHandler: No compaction queue record found for Compaction type transaction commit. txnId:22
2024-04-23T20:46:48,922  INFO [main] ql.TxnCommandsBaseForTests: Running the query: drop table if exists nonAcidNonBucket
2024-04-23T20:46:48,922  INFO [main] ql.Driver: Compiling command(queryId=alex_20240423204648_1cd95074-599d-4b76-a8fc-be064a2f1aea): drop table if exists nonAcidNonBucket
2024-04-23T20:46:48,926  INFO [main] txn.TxnHandler: Added entries to MIN_HISTORY_LEVEL for current txns: ([23]) with min_open_txn: 17
2024-04-23T20:46:48,926  INFO [main] lockmgr.DbTxnManager: Opened txnid:23
2024-04-23T20:46:48,928  INFO [main] HiveMetaStore.audit: ugi=alex	ip=unknown-ip-addr	cmd=get_table : tbl=hive.default.nonAcidNonBucket	
2024-04-23T20:46:48,941  INFO [main] metastore.HMSHandler: Skipping translation for processor with null
2024-04-23T20:46:48,942  INFO [main] ql.Driver: Semantic Analysis Completed (retrial = false)
2024-04-23T20:46:48,942  INFO [main] ql.Driver: Created Hive schema: Schema(fieldSchemas:null, properties:null)
2024-04-23T20:46:48,942  INFO [main] metadata.Hive: Dumping metastore api call timing information for : compilation phase
2024-04-23T20:46:48,942  INFO [main] metadata.Hive: Total time spent in each metastore function (ms): {openTxn_(String, TxnType)=3, getTable_(GetTableRequest)=15, isCompatibleWith_(Configuration)=0, commitTxn_(CommitTxnRequest)=13, flushCache_()=0, getValidTxns_(long)=1}
2024-04-23T20:46:48,942  INFO [main] ql.Driver: Completed compiling command(queryId=alex_20240423204648_1cd95074-599d-4b76-a8fc-be064a2f1aea); Time taken: 0.02 seconds
2024-04-23T20:46:48,942  INFO [main] lockmgr.DbTxnManager: Setting lock request transaction to txnid:23 for queryId=alex_20240423204648_1cd95074-599d-4b76-a8fc-be064a2f1aea
2024-04-23T20:46:48,943  INFO [main] lockmgr.DbLockManager: Requesting lock for queryId=alex_20240423204648_1cd95074-599d-4b76-a8fc-be064a2f1aea
2024-04-23T20:46:48,965  INFO [main] lockmgr.DbLockManager: Response to queryId=alex_20240423204648_1cd95074-599d-4b76-a8fc-be064a2f1aea LockResponse(lockid:15, state:ACQUIRED)
2024-04-23T20:46:48,965  INFO [main] ql.Driver: Operation DROPTABLE obtained 1 locks
2024-04-23T20:46:48,966  INFO [main] ql.Driver: Executing command(queryId=alex_20240423204648_1cd95074-599d-4b76-a8fc-be064a2f1aea): drop table if exists nonAcidNonBucket
2024-04-23T20:46:48,966  INFO [main] ql.Driver: Starting task [Stage-0:DDL] in serial mode
2024-04-23T20:46:48,967  INFO [main] HiveMetaStore.audit: ugi=alex	ip=unknown-ip-addr	cmd=get_table : tbl=hive.default.nonAcidNonBucket	
2024-04-23T20:46:48,979  INFO [main] metastore.HMSHandler: Skipping translation for processor with null
2024-04-23T20:46:48,980  INFO [main] HiveMetaStore.audit: ugi=alex	ip=unknown-ip-addr	cmd=get_table : tbl=hive.default.nonAcidNonBucket	
2024-04-23T20:46:48,992  INFO [main] metastore.HMSHandler: Skipping translation for processor with null
2024-04-23T20:46:48,992  INFO [main] HiveMetaStore.audit: ugi=alex	ip=unknown-ip-addr	cmd=drop_table : tbl=hive.default.nonAcidNonBucket	
2024-04-23T20:46:49,034  INFO [main] metadata.Hive: Dumping metastore api call timing information for : execution phase
2024-04-23T20:46:49,035  INFO [main] metadata.Hive: Total time spent in each metastore function (ms): {isCompatibleWith_(Configuration)=0, dropTable_(String, String, boolean, boolean, boolean)=55, getTable_(GetTableRequest)=13}
2024-04-23T20:46:49,035  INFO [main] ql.Driver: Completed executing command(queryId=alex_20240423204648_1cd95074-599d-4b76-a8fc-be064a2f1aea); Time taken: 0.068 seconds
2024-04-23T20:46:49,035  INFO [main] lockmgr.DbTxnManager: Stopped heartbeat for query: alex_20240423204648_1cd95074-599d-4b76-a8fc-be064a2f1aea
2024-04-23T20:46:49,040  INFO [main] txn.TxnHandler: Expected to move at least one record from txn_components to completed_txn_components when committing txn! txnid:23
2024-04-23T20:46:49,047  INFO [main] txn.TxnHandler: Removed transactions: ([23]) from MIN_HISTORY_LEVEL
2024-04-23T20:46:49,048  WARN [main] txn.CompactionTxnHandler: No compaction queue record found for Compaction type transaction commit. txnId:23
2024-04-23T20:46:49,048  INFO [main] utils.TestTxnDbUtil: Cleaning transactional tables
]]></system-err>
  </testcase>
  <testcase name="testRenameTable" classname="org.apache.hadoop.hive.ql.TestTxnCommands3" time="5.192">
    <error type="java.lang.RuntimeException"><![CDATA[java.lang.RuntimeException: update mydb1.T set b = 6 where b = 5 failed: (responseCode = 2, errorMessage = FAILED: Execution Error, return code 2 from org.apache.hadoop.hive.ql.exec.mr.MapRedTask, SQLState = 08S01)
	at org.apache.hadoop.hive.ql.TxnCommandsBaseForTests.runStatementOnDriver(TxnCommandsBaseForTests.java:247)
	at org.apache.hadoop.hive.ql.TestTxnCommands3.testRenameTable(TestTxnCommands3.java:79)
	at sun.reflect.NativeMethodAccessorImpl.invoke0(Native Method)
	at sun.reflect.NativeMethodAccessorImpl.invoke(NativeMethodAccessorImpl.java:62)
	at sun.reflect.DelegatingMethodAccessorImpl.invoke(DelegatingMethodAccessorImpl.java:43)
	at java.lang.reflect.Method.invoke(Method.java:498)
	at org.junit.runners.model.FrameworkMethod$1.runReflectiveCall(FrameworkMethod.java:59)
	at org.junit.internal.runners.model.ReflectiveCallable.run(ReflectiveCallable.java:12)
	at org.junit.runners.model.FrameworkMethod.invokeExplosively(FrameworkMethod.java:56)
	at org.junit.internal.runners.statements.InvokeMethod.evaluate(InvokeMethod.java:17)
	at org.junit.internal.runners.statements.RunBefores.evaluate(RunBefores.java:26)
	at org.junit.internal.runners.statements.RunAfters.evaluate(RunAfters.java:27)
	at org.junit.rules.TestWatcher$1.evaluate(TestWatcher.java:61)
	at org.junit.runners.ParentRunner$3.evaluate(ParentRunner.java:306)
	at org.junit.runners.BlockJUnit4ClassRunner$1.evaluate(BlockJUnit4ClassRunner.java:100)
	at org.junit.runners.ParentRunner.runLeaf(ParentRunner.java:366)
	at org.junit.runners.BlockJUnit4ClassRunner.runChild(BlockJUnit4ClassRunner.java:103)
	at org.junit.runners.BlockJUnit4ClassRunner.runChild(BlockJUnit4ClassRunner.java:63)
	at org.junit.runners.ParentRunner$4.run(ParentRunner.java:331)
	at org.junit.runners.ParentRunner$1.schedule(ParentRunner.java:79)
	at org.junit.runners.ParentRunner.runChildren(ParentRunner.java:329)
	at org.junit.runners.ParentRunner.access$100(ParentRunner.java:66)
	at org.junit.runners.ParentRunner$2.evaluate(ParentRunner.java:293)
	at org.junit.runners.ParentRunner$3.evaluate(ParentRunner.java:306)
	at org.junit.runners.ParentRunner.run(ParentRunner.java:413)
	at org.junit.runner.JUnitCore.run(JUnitCore.java:137)
	at org.junit.runner.JUnitCore.run(JUnitCore.java:115)
	at org.junit.vintage.engine.execution.RunnerExecutor.execute(RunnerExecutor.java:43)
	at java.util.stream.ForEachOps$ForEachOp$OfRef.accept(ForEachOps.java:183)
	at java.util.stream.ReferencePipeline$3$1.accept(ReferencePipeline.java:193)
	at java.util.Iterator.forEachRemaining(Iterator.java:116)
	at java.util.Spliterators$IteratorSpliterator.forEachRemaining(Spliterators.java:1801)
	at java.util.stream.AbstractPipeline.copyInto(AbstractPipeline.java:482)
	at java.util.stream.AbstractPipeline.wrapAndCopyInto(AbstractPipeline.java:472)
	at java.util.stream.ForEachOps$ForEachOp.evaluateSequential(ForEachOps.java:150)
	at java.util.stream.ForEachOps$ForEachOp$OfRef.evaluateSequential(ForEachOps.java:173)
	at java.util.stream.AbstractPipeline.evaluate(AbstractPipeline.java:234)
	at java.util.stream.ReferencePipeline.forEach(ReferencePipeline.java:485)
	at org.junit.vintage.engine.VintageTestEngine.executeAllChildren(VintageTestEngine.java:82)
	at org.junit.vintage.engine.VintageTestEngine.execute(VintageTestEngine.java:73)
	at org.junit.platform.launcher.core.DefaultLauncher.execute(DefaultLauncher.java:248)
	at org.junit.platform.launcher.core.DefaultLauncher.lambda$execute$5(DefaultLauncher.java:211)
	at org.junit.platform.launcher.core.DefaultLauncher.withInterceptedStreams(DefaultLauncher.java:226)
	at org.junit.platform.launcher.core.DefaultLauncher.execute(DefaultLauncher.java:199)
	at org.junit.platform.launcher.core.DefaultLauncher.execute(DefaultLauncher.java:132)
	at org.apache.maven.surefire.junitplatform.JUnitPlatformProvider.invokeAllTests(JUnitPlatformProvider.java:154)
	at org.apache.maven.surefire.junitplatform.JUnitPlatformProvider.invoke(JUnitPlatformProvider.java:123)
	at org.apache.maven.surefire.booter.ForkedBooter.runSuitesInProcess(ForkedBooter.java:377)
	at org.apache.maven.surefire.booter.ForkedBooter.execute(ForkedBooter.java:138)
	at org.apache.maven.surefire.booter.ForkedBooter.run(ForkedBooter.java:465)
	at org.apache.maven.surefire.booter.ForkedBooter.main(ForkedBooter.java:451)
]]></error>
    <system-err><![CDATA[2024-04-23T20:46:49,131  WARN [main] conf.HiveConf: HiveConf of name hive.dummyparam.test.server.specific.config.hivesite does not exist
2024-04-23T20:46:49,131  WARN [main] conf.HiveConf: HiveConf of name hive.dummyparam.test.server.specific.config.override does not exist
2024-04-23T20:46:49,131  WARN [main] conf.HiveConf: HiveConf of name hive.llap.io.cache.orc.alloc.min does not exist
2024-04-23T20:46:49,132  WARN [main] conf.HiveConf: HiveConf of name hive.metastore.client.cache.maxSize does not exist
2024-04-23T20:46:49,132  WARN [main] conf.HiveConf: HiveConf of name hive.metastore.metadb.dir does not exist
2024-04-23T20:46:49,132  WARN [main] conf.HiveConf: HiveConf of name hive.stats.key.prefix.reserve.length does not exist
2024-04-23T20:46:49,132  WARN [main] conf.HiveConf: HiveConf of name hive.metastore.client.cache.recordStats does not exist
2024-04-23T20:46:49,132  WARN [main] conf.HiveConf: HiveConf of name hive.dummyparam.test.server.specific.config.metastoresite does not exist
2024-04-23T20:46:49,132  WARN [main] conf.HiveConf: HiveConf of name hive.llap.io.cache.orc.alloc.max does not exist
2024-04-23T20:46:49,132  WARN [main] conf.HiveConf: HiveConf of name hive.llap.io.cache.orc.arena.size does not exist
2024-04-23T20:46:49,132  WARN [main] conf.HiveConf: HiveConf of name hive.llap.io.cache.orc.size does not exist
2024-04-23T20:46:49,135  INFO [main] utils.TestTxnDbUtil: Creating transactional tables
Hive Session ID = e2db9dbb-76ad-48a2-966a-36e5a6703fe2
2024-04-23T20:46:49,138  INFO [main] SessionState: Hive Session ID = e2db9dbb-76ad-48a2-966a-36e5a6703fe2
ivysettings.xml file not found in HIVE_HOME or HIVE_CONF_DIR,/home/alex/Repositories/hive/conf/ivysettings.xml will be used
2024-04-23T20:46:49,138  INFO [main] DependencyResolver: ivysettings.xml file not found in HIVE_HOME or HIVE_CONF_DIR,/home/alex/Repositories/hive/conf/ivysettings.xml will be used
2024-04-23T20:46:49,144  INFO [main] session.SessionState: Created HDFS directory: /home/alex/Repositories/hive/ql/target/tmp/scratchdir/alex/e2db9dbb-76ad-48a2-966a-36e5a6703fe2
2024-04-23T20:46:49,147  INFO [main] session.SessionState: Created local directory: /home/alex/Repositories/hive/ql/target/tmp/localscratchdir/e2db9dbb-76ad-48a2-966a-36e5a6703fe2
2024-04-23T20:46:49,149  INFO [main] session.SessionState: Created HDFS directory: /home/alex/Repositories/hive/ql/target/tmp/scratchdir/alex/e2db9dbb-76ad-48a2-966a-36e5a6703fe2/_tmp_space.db
2024-04-23T20:46:49,150  INFO [main] sqlstd.SQLStdHiveAccessController: Created SQLStdHiveAccessController for session context : HiveAuthzSessionContext [sessionString=e2db9dbb-76ad-48a2-966a-36e5a6703fe2, clientType=HIVECLI]
2024-04-23T20:46:49,150  INFO [main] ql.TxnCommandsBaseForTests: Running the query: drop table if exists acidTbl
2024-04-23T20:46:49,151  INFO [main] ql.Driver: Compiling command(queryId=alex_20240423204649_37178e86-ad18-43b8-b815-960d8f705b58): drop table if exists acidTbl
2024-04-23T20:46:49,162  INFO [main] txn.TxnHandler: Added entries to MIN_HISTORY_LEVEL for current txns: ([1]) with min_open_txn: 1
2024-04-23T20:46:49,162  INFO [main] lockmgr.DbTxnManager: Opened txnid:1
2024-04-23T20:46:49,165  INFO [main] HiveMetaStore.audit: ugi=alex	ip=unknown-ip-addr	cmd=get_table : tbl=hive.default.acidTbl	
2024-04-23T20:46:49,169  INFO [main] ql.Driver: Semantic Analysis Completed (retrial = false)
2024-04-23T20:46:49,169  INFO [main] ql.Driver: Created Hive schema: Schema(fieldSchemas:null, properties:null)
2024-04-23T20:46:49,169  INFO [main] metadata.Hive: Dumping metastore api call timing information for : compilation phase
2024-04-23T20:46:49,169  INFO [main] metadata.Hive: Total time spent in each metastore function (ms): {openTxn_(String, TxnType)=11, isCompatibleWith_(Configuration)=0, commitTxn_(CommitTxnRequest)=13, getValidTxns_(long)=3, flushCache_()=0}
2024-04-23T20:46:49,170  INFO [main] ql.Driver: Completed compiling command(queryId=alex_20240423204649_37178e86-ad18-43b8-b815-960d8f705b58); Time taken: 0.018 seconds
2024-04-23T20:46:49,170  INFO [main] lockmgr.DbTxnManager: Setting lock request transaction to txnid:1 for queryId=alex_20240423204649_37178e86-ad18-43b8-b815-960d8f705b58
2024-04-23T20:46:49,170  INFO [main] ql.Driver: Operation DROPTABLE obtained 0 locks
2024-04-23T20:46:49,170  INFO [main] ql.Driver: Executing command(queryId=alex_20240423204649_37178e86-ad18-43b8-b815-960d8f705b58): drop table if exists acidTbl
2024-04-23T20:46:49,170  INFO [main] ql.Driver: Starting task [Stage-0:DDL] in serial mode
2024-04-23T20:46:49,171  INFO [main] HiveMetaStore.audit: ugi=alex	ip=unknown-ip-addr	cmd=get_table : tbl=hive.default.acidTbl	
2024-04-23T20:46:49,175  INFO [main] metadata.Hive: Dumping metastore api call timing information for : execution phase
2024-04-23T20:46:49,175  INFO [main] metadata.Hive: Total time spent in each metastore function (ms): {isCompatibleWith_(Configuration)=0}
2024-04-23T20:46:49,175  INFO [main] ql.Driver: Completed executing command(queryId=alex_20240423204649_37178e86-ad18-43b8-b815-960d8f705b58); Time taken: 0.005 seconds
2024-04-23T20:46:49,175  INFO [main] lockmgr.DbTxnManager: Stopped heartbeat for query: alex_20240423204649_37178e86-ad18-43b8-b815-960d8f705b58
2024-04-23T20:46:49,183  INFO [main] txn.TxnHandler: Expected to move at least one record from txn_components to completed_txn_components when committing txn! txnid:1
2024-04-23T20:46:49,192  INFO [main] txn.TxnHandler: Removed transactions: ([1]) from MIN_HISTORY_LEVEL
2024-04-23T20:46:49,192  WARN [main] txn.CompactionTxnHandler: No compaction queue record found for Compaction type transaction commit. txnId:1
2024-04-23T20:46:49,193  INFO [main] ql.TxnCommandsBaseForTests: Running the query: drop table if exists acidTblPart
2024-04-23T20:46:49,193  INFO [main] ql.Driver: Compiling command(queryId=alex_20240423204649_094554eb-dd06-4d25-9c48-ccb8dec86139): drop table if exists acidTblPart
2024-04-23T20:46:49,197  INFO [main] txn.TxnHandler: Added entries to MIN_HISTORY_LEVEL for current txns: ([2]) with min_open_txn: 1
2024-04-23T20:46:49,197  INFO [main] lockmgr.DbTxnManager: Opened txnid:2
2024-04-23T20:46:49,199  INFO [main] HiveMetaStore.audit: ugi=alex	ip=unknown-ip-addr	cmd=get_table : tbl=hive.default.acidTblPart	
2024-04-23T20:46:49,203  INFO [main] ql.Driver: Semantic Analysis Completed (retrial = false)
2024-04-23T20:46:49,203  INFO [main] ql.Driver: Created Hive schema: Schema(fieldSchemas:null, properties:null)
2024-04-23T20:46:49,203  INFO [main] metadata.Hive: Dumping metastore api call timing information for : compilation phase
2024-04-23T20:46:49,203  INFO [main] metadata.Hive: Total time spent in each metastore function (ms): {flushCache_()=0, getValidTxns_(long)=1, isCompatibleWith_(Configuration)=0, openTxn_(String, TxnType)=3, commitTxn_(CommitTxnRequest)=18}
2024-04-23T20:46:49,203  INFO [main] ql.Driver: Completed compiling command(queryId=alex_20240423204649_094554eb-dd06-4d25-9c48-ccb8dec86139); Time taken: 0.01 seconds
2024-04-23T20:46:49,204  INFO [main] lockmgr.DbTxnManager: Setting lock request transaction to txnid:2 for queryId=alex_20240423204649_094554eb-dd06-4d25-9c48-ccb8dec86139
2024-04-23T20:46:49,204  INFO [main] ql.Driver: Operation DROPTABLE obtained 0 locks
2024-04-23T20:46:49,204  INFO [main] ql.Driver: Executing command(queryId=alex_20240423204649_094554eb-dd06-4d25-9c48-ccb8dec86139): drop table if exists acidTblPart
2024-04-23T20:46:49,204  INFO [main] ql.Driver: Starting task [Stage-0:DDL] in serial mode
2024-04-23T20:46:49,205  INFO [main] HiveMetaStore.audit: ugi=alex	ip=unknown-ip-addr	cmd=get_table : tbl=hive.default.acidTblPart	
2024-04-23T20:46:49,209  INFO [main] metadata.Hive: Dumping metastore api call timing information for : execution phase
2024-04-23T20:46:49,209  INFO [main] metadata.Hive: Total time spent in each metastore function (ms): {isCompatibleWith_(Configuration)=0}
2024-04-23T20:46:49,209  INFO [main] ql.Driver: Completed executing command(queryId=alex_20240423204649_094554eb-dd06-4d25-9c48-ccb8dec86139); Time taken: 0.005 seconds
2024-04-23T20:46:49,209  INFO [main] lockmgr.DbTxnManager: Stopped heartbeat for query: alex_20240423204649_094554eb-dd06-4d25-9c48-ccb8dec86139
2024-04-23T20:46:49,216  INFO [main] txn.TxnHandler: Expected to move at least one record from txn_components to completed_txn_components when committing txn! txnid:2
2024-04-23T20:46:49,224  INFO [main] txn.TxnHandler: Removed transactions: ([2]) from MIN_HISTORY_LEVEL
2024-04-23T20:46:49,224  WARN [main] txn.CompactionTxnHandler: No compaction queue record found for Compaction type transaction commit. txnId:2
2024-04-23T20:46:49,225  INFO [main] ql.TxnCommandsBaseForTests: Running the query: drop table if exists acidTbl2
2024-04-23T20:46:49,226  INFO [main] ql.Driver: Compiling command(queryId=alex_20240423204649_378456fb-1c79-4e62-a2ec-fc8bb9698474): drop table if exists acidTbl2
2024-04-23T20:46:49,229  INFO [main] txn.TxnHandler: Added entries to MIN_HISTORY_LEVEL for current txns: ([3]) with min_open_txn: 1
2024-04-23T20:46:49,230  INFO [main] lockmgr.DbTxnManager: Opened txnid:3
2024-04-23T20:46:49,231  INFO [main] HiveMetaStore.audit: ugi=alex	ip=unknown-ip-addr	cmd=get_table : tbl=hive.default.acidTbl2	
2024-04-23T20:46:49,235  INFO [main] ql.Driver: Semantic Analysis Completed (retrial = false)
2024-04-23T20:46:49,235  INFO [main] ql.Driver: Created Hive schema: Schema(fieldSchemas:null, properties:null)
2024-04-23T20:46:49,235  INFO [main] metadata.Hive: Dumping metastore api call timing information for : compilation phase
2024-04-23T20:46:49,235  INFO [main] metadata.Hive: Total time spent in each metastore function (ms): {openTxn_(String, TxnType)=3, isCompatibleWith_(Configuration)=1, flushCache_()=0, commitTxn_(CommitTxnRequest)=16, getValidTxns_(long)=1}
2024-04-23T20:46:49,235  INFO [main] ql.Driver: Completed compiling command(queryId=alex_20240423204649_378456fb-1c79-4e62-a2ec-fc8bb9698474); Time taken: 0.009 seconds
2024-04-23T20:46:49,235  INFO [main] lockmgr.DbTxnManager: Setting lock request transaction to txnid:3 for queryId=alex_20240423204649_378456fb-1c79-4e62-a2ec-fc8bb9698474
2024-04-23T20:46:49,235  INFO [main] ql.Driver: Operation DROPTABLE obtained 0 locks
2024-04-23T20:46:49,235  INFO [main] ql.Driver: Executing command(queryId=alex_20240423204649_378456fb-1c79-4e62-a2ec-fc8bb9698474): drop table if exists acidTbl2
2024-04-23T20:46:49,236  INFO [main] ql.Driver: Starting task [Stage-0:DDL] in serial mode
2024-04-23T20:46:49,236  INFO [main] HiveMetaStore.audit: ugi=alex	ip=unknown-ip-addr	cmd=get_table : tbl=hive.default.acidTbl2	
2024-04-23T20:46:49,240  INFO [main] metadata.Hive: Dumping metastore api call timing information for : execution phase
2024-04-23T20:46:49,240  INFO [main] metadata.Hive: Total time spent in each metastore function (ms): {isCompatibleWith_(Configuration)=0}
2024-04-23T20:46:49,240  INFO [main] ql.Driver: Completed executing command(queryId=alex_20240423204649_378456fb-1c79-4e62-a2ec-fc8bb9698474); Time taken: 0.005 seconds
2024-04-23T20:46:49,241  INFO [main] lockmgr.DbTxnManager: Stopped heartbeat for query: alex_20240423204649_378456fb-1c79-4e62-a2ec-fc8bb9698474
2024-04-23T20:46:49,247  INFO [main] txn.TxnHandler: Expected to move at least one record from txn_components to completed_txn_components when committing txn! txnid:3
2024-04-23T20:46:49,255  INFO [main] txn.TxnHandler: Removed transactions: ([3]) from MIN_HISTORY_LEVEL
2024-04-23T20:46:49,255  WARN [main] txn.CompactionTxnHandler: No compaction queue record found for Compaction type transaction commit. txnId:3
2024-04-23T20:46:49,256  INFO [main] ql.TxnCommandsBaseForTests: Running the query: drop table if exists nonAcidOrcTbl
2024-04-23T20:46:49,256  INFO [main] ql.Driver: Compiling command(queryId=alex_20240423204649_ccaf8022-9465-41fe-90d6-db391eaad95d): drop table if exists nonAcidOrcTbl
2024-04-23T20:46:49,259  INFO [main] txn.TxnHandler: Added entries to MIN_HISTORY_LEVEL for current txns: ([4]) with min_open_txn: 1
2024-04-23T20:46:49,259  INFO [main] lockmgr.DbTxnManager: Opened txnid:4
2024-04-23T20:46:49,261  INFO [main] HiveMetaStore.audit: ugi=alex	ip=unknown-ip-addr	cmd=get_table : tbl=hive.default.nonAcidOrcTbl	
2024-04-23T20:46:49,266  INFO [main] ql.Driver: Semantic Analysis Completed (retrial = false)
2024-04-23T20:46:49,266  INFO [main] ql.Driver: Created Hive schema: Schema(fieldSchemas:null, properties:null)
2024-04-23T20:46:49,266  INFO [main] metadata.Hive: Dumping metastore api call timing information for : compilation phase
2024-04-23T20:46:49,266  INFO [main] metadata.Hive: Total time spent in each metastore function (ms): {flushCache_()=0, commitTxn_(CommitTxnRequest)=14, openTxn_(String, TxnType)=2, getValidTxns_(long)=0, isCompatibleWith_(Configuration)=0}
2024-04-23T20:46:49,266  INFO [main] ql.Driver: Completed compiling command(queryId=alex_20240423204649_ccaf8022-9465-41fe-90d6-db391eaad95d); Time taken: 0.01 seconds
2024-04-23T20:46:49,266  INFO [main] lockmgr.DbTxnManager: Setting lock request transaction to txnid:4 for queryId=alex_20240423204649_ccaf8022-9465-41fe-90d6-db391eaad95d
2024-04-23T20:46:49,266  INFO [main] ql.Driver: Operation DROPTABLE obtained 0 locks
2024-04-23T20:46:49,266  INFO [main] ql.Driver: Executing command(queryId=alex_20240423204649_ccaf8022-9465-41fe-90d6-db391eaad95d): drop table if exists nonAcidOrcTbl
2024-04-23T20:46:49,267  INFO [main] ql.Driver: Starting task [Stage-0:DDL] in serial mode
2024-04-23T20:46:49,267  INFO [main] HiveMetaStore.audit: ugi=alex	ip=unknown-ip-addr	cmd=get_table : tbl=hive.default.nonAcidOrcTbl	
2024-04-23T20:46:49,271  INFO [main] metadata.Hive: Dumping metastore api call timing information for : execution phase
2024-04-23T20:46:49,271  INFO [main] metadata.Hive: Total time spent in each metastore function (ms): {isCompatibleWith_(Configuration)=0}
2024-04-23T20:46:49,271  INFO [main] ql.Driver: Completed executing command(queryId=alex_20240423204649_ccaf8022-9465-41fe-90d6-db391eaad95d); Time taken: 0.005 seconds
2024-04-23T20:46:49,271  INFO [main] lockmgr.DbTxnManager: Stopped heartbeat for query: alex_20240423204649_ccaf8022-9465-41fe-90d6-db391eaad95d
2024-04-23T20:46:49,278  INFO [main] txn.TxnHandler: Expected to move at least one record from txn_components to completed_txn_components when committing txn! txnid:4
2024-04-23T20:46:49,285  INFO [main] txn.TxnHandler: Removed transactions: ([4]) from MIN_HISTORY_LEVEL
2024-04-23T20:46:49,285  WARN [main] txn.CompactionTxnHandler: No compaction queue record found for Compaction type transaction commit. txnId:4
2024-04-23T20:46:49,286  INFO [main] ql.TxnCommandsBaseForTests: Running the query: drop table if exists nonAcidOrcTbl2
2024-04-23T20:46:49,286  INFO [main] ql.Driver: Compiling command(queryId=alex_20240423204649_536281c5-dc7e-4a81-b4a4-a8c94449788f): drop table if exists nonAcidOrcTbl2
2024-04-23T20:46:49,289  INFO [main] txn.TxnHandler: Added entries to MIN_HISTORY_LEVEL for current txns: ([5]) with min_open_txn: 1
2024-04-23T20:46:49,290  INFO [main] lockmgr.DbTxnManager: Opened txnid:5
2024-04-23T20:46:49,291  INFO [main] HiveMetaStore.audit: ugi=alex	ip=unknown-ip-addr	cmd=get_table : tbl=hive.default.nonAcidOrcTbl2	
2024-04-23T20:46:49,295  INFO [main] ql.Driver: Semantic Analysis Completed (retrial = false)
2024-04-23T20:46:49,295  INFO [main] ql.Driver: Created Hive schema: Schema(fieldSchemas:null, properties:null)
2024-04-23T20:46:49,295  INFO [main] metadata.Hive: Dumping metastore api call timing information for : compilation phase
2024-04-23T20:46:49,295  INFO [main] metadata.Hive: Total time spent in each metastore function (ms): {isCompatibleWith_(Configuration)=0, getValidTxns_(long)=1, commitTxn_(CommitTxnRequest)=14, openTxn_(String, TxnType)=3, flushCache_()=1}
2024-04-23T20:46:49,296  INFO [main] ql.Driver: Completed compiling command(queryId=alex_20240423204649_536281c5-dc7e-4a81-b4a4-a8c94449788f); Time taken: 0.009 seconds
2024-04-23T20:46:49,296  INFO [main] lockmgr.DbTxnManager: Setting lock request transaction to txnid:5 for queryId=alex_20240423204649_536281c5-dc7e-4a81-b4a4-a8c94449788f
2024-04-23T20:46:49,296  INFO [main] ql.Driver: Operation DROPTABLE obtained 0 locks
2024-04-23T20:46:49,296  INFO [main] ql.Driver: Executing command(queryId=alex_20240423204649_536281c5-dc7e-4a81-b4a4-a8c94449788f): drop table if exists nonAcidOrcTbl2
2024-04-23T20:46:49,296  INFO [main] ql.Driver: Starting task [Stage-0:DDL] in serial mode
2024-04-23T20:46:49,297  INFO [main] HiveMetaStore.audit: ugi=alex	ip=unknown-ip-addr	cmd=get_table : tbl=hive.default.nonAcidOrcTbl2	
2024-04-23T20:46:49,301  INFO [main] metadata.Hive: Dumping metastore api call timing information for : execution phase
2024-04-23T20:46:49,301  INFO [main] metadata.Hive: Total time spent in each metastore function (ms): {isCompatibleWith_(Configuration)=0}
2024-04-23T20:46:49,301  INFO [main] ql.Driver: Completed executing command(queryId=alex_20240423204649_536281c5-dc7e-4a81-b4a4-a8c94449788f); Time taken: 0.005 seconds
2024-04-23T20:46:49,301  INFO [main] lockmgr.DbTxnManager: Stopped heartbeat for query: alex_20240423204649_536281c5-dc7e-4a81-b4a4-a8c94449788f
2024-04-23T20:46:49,307  INFO [main] txn.TxnHandler: Expected to move at least one record from txn_components to completed_txn_components when committing txn! txnid:5
2024-04-23T20:46:49,315  INFO [main] txn.TxnHandler: Removed transactions: ([5]) from MIN_HISTORY_LEVEL
2024-04-23T20:46:49,315  WARN [main] txn.CompactionTxnHandler: No compaction queue record found for Compaction type transaction commit. txnId:5
2024-04-23T20:46:49,316  INFO [main] ql.TxnCommandsBaseForTests: Running the query: drop table if exists nonAcidNonBucket
2024-04-23T20:46:49,316  INFO [main] ql.Driver: Compiling command(queryId=alex_20240423204649_75da7da9-be35-4561-9c34-785b4be9ef43): drop table if exists nonAcidNonBucket
2024-04-23T20:46:49,319  INFO [main] txn.TxnHandler: Added entries to MIN_HISTORY_LEVEL for current txns: ([6]) with min_open_txn: 1
2024-04-23T20:46:49,320  INFO [main] lockmgr.DbTxnManager: Opened txnid:6
2024-04-23T20:46:49,321  INFO [main] HiveMetaStore.audit: ugi=alex	ip=unknown-ip-addr	cmd=get_table : tbl=hive.default.nonAcidNonBucket	
2024-04-23T20:46:49,327  INFO [main] ql.Driver: Semantic Analysis Completed (retrial = false)
2024-04-23T20:46:49,327  INFO [main] ql.Driver: Created Hive schema: Schema(fieldSchemas:null, properties:null)
2024-04-23T20:46:49,327  INFO [main] metadata.Hive: Dumping metastore api call timing information for : compilation phase
2024-04-23T20:46:49,327  INFO [main] metadata.Hive: Total time spent in each metastore function (ms): {flushCache_()=1, isCompatibleWith_(Configuration)=0, commitTxn_(CommitTxnRequest)=14, openTxn_(String, TxnType)=3, getValidTxns_(long)=1}
2024-04-23T20:46:49,327  INFO [main] ql.Driver: Completed compiling command(queryId=alex_20240423204649_75da7da9-be35-4561-9c34-785b4be9ef43); Time taken: 0.011 seconds
2024-04-23T20:46:49,328  INFO [main] lockmgr.DbTxnManager: Setting lock request transaction to txnid:6 for queryId=alex_20240423204649_75da7da9-be35-4561-9c34-785b4be9ef43
2024-04-23T20:46:49,328  INFO [main] ql.Driver: Operation DROPTABLE obtained 0 locks
2024-04-23T20:46:49,328  INFO [main] ql.Driver: Executing command(queryId=alex_20240423204649_75da7da9-be35-4561-9c34-785b4be9ef43): drop table if exists nonAcidNonBucket
2024-04-23T20:46:49,328  INFO [main] ql.Driver: Starting task [Stage-0:DDL] in serial mode
2024-04-23T20:46:49,329  INFO [main] HiveMetaStore.audit: ugi=alex	ip=unknown-ip-addr	cmd=get_table : tbl=hive.default.nonAcidNonBucket	
2024-04-23T20:46:49,333  INFO [main] metadata.Hive: Dumping metastore api call timing information for : execution phase
2024-04-23T20:46:49,333  INFO [main] metadata.Hive: Total time spent in each metastore function (ms): {isCompatibleWith_(Configuration)=0}
2024-04-23T20:46:49,333  INFO [main] ql.Driver: Completed executing command(queryId=alex_20240423204649_75da7da9-be35-4561-9c34-785b4be9ef43); Time taken: 0.005 seconds
2024-04-23T20:46:49,333  INFO [main] lockmgr.DbTxnManager: Stopped heartbeat for query: alex_20240423204649_75da7da9-be35-4561-9c34-785b4be9ef43
2024-04-23T20:46:49,340  INFO [main] txn.TxnHandler: Expected to move at least one record from txn_components to completed_txn_components when committing txn! txnid:6
2024-04-23T20:46:49,347  INFO [main] txn.TxnHandler: Removed transactions: ([6]) from MIN_HISTORY_LEVEL
2024-04-23T20:46:49,347  WARN [main] txn.CompactionTxnHandler: No compaction queue record found for Compaction type transaction commit. txnId:6
2024-04-23T20:46:49,348  INFO [main] ql.TxnCommandsBaseForTests: Running the query: create table acidTbl(a int, b int) clustered by (a) into 2 buckets stored as orc TBLPROPERTIES ('transactional'='true')
2024-04-23T20:46:49,348  INFO [main] ql.Driver: Compiling command(queryId=alex_20240423204649_d6d74142-32ba-45d5-8b4e-e43b4d64b662): create table acidTbl(a int, b int) clustered by (a) into 2 buckets stored as orc TBLPROPERTIES ('transactional'='true')
2024-04-23T20:46:49,352  INFO [main] txn.TxnHandler: Added entries to MIN_HISTORY_LEVEL for current txns: ([7]) with min_open_txn: 1
2024-04-23T20:46:49,353  INFO [main] lockmgr.DbTxnManager: Opened txnid:7
2024-04-23T20:46:49,354  INFO [main] parse.CalcitePlanner: Starting caching scope for: 
2024-04-23T20:46:49,354  INFO [main] parse.CalcitePlanner: Starting Semantic Analysis
2024-04-23T20:46:49,361  INFO [main] parse.CalcitePlanner: Creating table default.acidTbl position=13
2024-04-23T20:46:49,362  INFO [main] HiveMetaStore.audit: ugi=alex	ip=unknown-ip-addr	cmd=get_database: default	
2024-04-23T20:46:49,364  INFO [main] parse.CalcitePlanner: Ending caching scope for: 
2024-04-23T20:46:49,364  INFO [main] ql.Driver: Semantic Analysis Completed (retrial = false)
2024-04-23T20:46:49,365  INFO [main] ql.Driver: Created Hive schema: Schema(fieldSchemas:null, properties:null)
2024-04-23T20:46:49,365  INFO [main] metadata.Hive: Dumping metastore api call timing information for : compilation phase
2024-04-23T20:46:49,365  INFO [main] metadata.Hive: Total time spent in each metastore function (ms): {getDatabase_(String)=2, flushCache_()=0, getValidTxns_(long)=1, getValidWriteIds_(List, String)=7, isCompatibleWith_(Configuration)=1, commitTxn_(CommitTxnRequest)=14, openTxn_(String, TxnType)=3}
2024-04-23T20:46:49,365  INFO [main] ql.Driver: Completed compiling command(queryId=alex_20240423204649_d6d74142-32ba-45d5-8b4e-e43b4d64b662); Time taken: 0.017 seconds
2024-04-23T20:46:49,365  INFO [main] lockmgr.DbTxnManager: Setting lock request transaction to txnid:7 for queryId=alex_20240423204649_d6d74142-32ba-45d5-8b4e-e43b4d64b662
2024-04-23T20:46:49,366  INFO [main] lockmgr.DbLockManager: Requesting lock for queryId=alex_20240423204649_d6d74142-32ba-45d5-8b4e-e43b4d64b662
2024-04-23T20:46:49,390  INFO [main] lockmgr.DbLockManager: Response to queryId=alex_20240423204649_d6d74142-32ba-45d5-8b4e-e43b4d64b662 LockResponse(lockid:1, state:ACQUIRED)
2024-04-23T20:46:49,390  INFO [main] ql.Driver: Operation CREATETABLE obtained 1 locks
2024-04-23T20:46:49,391  INFO [main] ql.Driver: Executing command(queryId=alex_20240423204649_d6d74142-32ba-45d5-8b4e-e43b4d64b662): create table acidTbl(a int, b int) clustered by (a) into 2 buckets stored as orc TBLPROPERTIES ('transactional'='true')
2024-04-23T20:46:49,392  INFO [main] ql.Driver: Starting task [Stage-0:DDL] in serial mode
2024-04-23T20:46:49,393  INFO [main] HiveMetaStore.audit: ugi=alex	ip=unknown-ip-addr	cmd=create_table_req: Table(tableName:acidTbl, dbName:default, owner:alex, createTime:1713930409, lastAccessTime:0, retention:0, sd:StorageDescriptor(cols:[FieldSchema(name:a, type:int, comment:null), FieldSchema(name:b, type:int, comment:null)], location:null, inputFormat:org.apache.hadoop.hive.ql.io.orc.OrcInputFormat, outputFormat:org.apache.hadoop.hive.ql.io.orc.OrcOutputFormat, compressed:false, numBuckets:2, serdeInfo:SerDeInfo(name:null, serializationLib:org.apache.hadoop.hive.ql.io.orc.OrcSerde, parameters:{serialization.format=1}), bucketCols:[a], sortCols:[], parameters:{}, skewedInfo:SkewedInfo(skewedColNames:[], skewedColValues:[], skewedColValueLocationMaps:{}), storedAsSubDirectories:false), partitionKeys:[], parameters:{totalSize=0, numFiles=0, rawDataSize=0, transactional=true, numFilesErasureCoded=0, bucketing_version=2, COLUMN_STATS_ACCURATE={"BASIC_STATS":"true","COLUMN_STATS":{"a":"true","b":"true"}}, numRows=0}, viewOriginalText:null, viewExpandedText:null, tableType:MANAGED_TABLE, privileges:PrincipalPrivilegeSet(userPrivileges:{alex=[PrivilegeGrantInfo(privilege:INSERT, createTime:-1, grantor:alex, grantorType:USER, grantOption:true), PrivilegeGrantInfo(privilege:SELECT, createTime:-1, grantor:alex, grantorType:USER, grantOption:true), PrivilegeGrantInfo(privilege:UPDATE, createTime:-1, grantor:alex, grantorType:USER, grantOption:true), PrivilegeGrantInfo(privilege:DELETE, createTime:-1, grantor:alex, grantorType:USER, grantOption:true)]}, groupPrivileges:null, rolePrivileges:null), temporary:false, catName:hive, ownerType:USER, writeId:0)	
2024-04-23T20:46:49,400  INFO [main] utils.FileUtils: Creating directory if it doesn't exist: file:/home/alex/Repositories/hive/ql/target/tmp/org.apache.hadoop.hive.ql.TestTxnCommands3-1713930356371/warehouse/acidtbl
2024-04-23T20:46:49,453  INFO [main] metadata.Hive: Dumping metastore api call timing information for : execution phase
2024-04-23T20:46:49,453  INFO [main] metadata.Hive: Total time spent in each metastore function (ms): {createTable_(Table)=59, isCompatibleWith_(Configuration)=0}
2024-04-23T20:46:49,453  INFO [main] ql.Driver: Completed executing command(queryId=alex_20240423204649_d6d74142-32ba-45d5-8b4e-e43b4d64b662); Time taken: 0.062 seconds
2024-04-23T20:46:49,453  INFO [main] lockmgr.DbTxnManager: Stopped heartbeat for query: alex_20240423204649_d6d74142-32ba-45d5-8b4e-e43b4d64b662
2024-04-23T20:46:49,460  INFO [main] txn.TxnHandler: Expected to move at least one record from txn_components to completed_txn_components when committing txn! txnid:7
2024-04-23T20:46:49,470  INFO [main] txn.TxnHandler: Removed transactions: ([7]) from MIN_HISTORY_LEVEL
2024-04-23T20:46:49,471  WARN [main] txn.CompactionTxnHandler: No compaction queue record found for Compaction type transaction commit. txnId:7
2024-04-23T20:46:49,472  INFO [main] ql.TxnCommandsBaseForTests: Running the query: create table acidTblPart(a int, b int) partitioned by (p string) clustered by (a) into 2 buckets stored as orc TBLPROPERTIES ('transactional'='true')
2024-04-23T20:46:49,473  INFO [main] ql.Driver: Compiling command(queryId=alex_20240423204649_ffe96db3-5fc0-49e6-b28f-454c6fe635d5): create table acidTblPart(a int, b int) partitioned by (p string) clustered by (a) into 2 buckets stored as orc TBLPROPERTIES ('transactional'='true')
2024-04-23T20:46:49,479  INFO [main] txn.TxnHandler: Added entries to MIN_HISTORY_LEVEL for current txns: ([8]) with min_open_txn: 1
2024-04-23T20:46:49,479  INFO [main] lockmgr.DbTxnManager: Opened txnid:8
2024-04-23T20:46:49,480  INFO [main] parse.CalcitePlanner: Starting caching scope for: 
2024-04-23T20:46:49,481  INFO [main] parse.CalcitePlanner: Starting Semantic Analysis
2024-04-23T20:46:49,485  INFO [main] parse.CalcitePlanner: Creating table default.acidTblPart position=13
2024-04-23T20:46:49,486  INFO [main] HiveMetaStore.audit: ugi=alex	ip=unknown-ip-addr	cmd=get_database: default	
2024-04-23T20:46:49,490  INFO [main] parse.CalcitePlanner: Ending caching scope for: 
2024-04-23T20:46:49,490  INFO [main] ql.Driver: Semantic Analysis Completed (retrial = false)
2024-04-23T20:46:49,490  INFO [main] ql.Driver: Created Hive schema: Schema(fieldSchemas:null, properties:null)
2024-04-23T20:46:49,490  INFO [main] metadata.Hive: Dumping metastore api call timing information for : compilation phase
2024-04-23T20:46:49,490  INFO [main] metadata.Hive: Total time spent in each metastore function (ms): {getDatabase_(String)=4, openTxn_(String, TxnType)=4, getValidTxns_(long)=1, getValidWriteIds_(List, String)=4, commitTxn_(CommitTxnRequest)=19, isCompatibleWith_(Configuration)=0, flushCache_()=1}
2024-04-23T20:46:49,490  INFO [main] ql.Driver: Completed compiling command(queryId=alex_20240423204649_ffe96db3-5fc0-49e6-b28f-454c6fe635d5); Time taken: 0.017 seconds
2024-04-23T20:46:49,491  INFO [main] lockmgr.DbTxnManager: Setting lock request transaction to txnid:8 for queryId=alex_20240423204649_ffe96db3-5fc0-49e6-b28f-454c6fe635d5
2024-04-23T20:46:49,491  INFO [main] lockmgr.DbLockManager: Requesting lock for queryId=alex_20240423204649_ffe96db3-5fc0-49e6-b28f-454c6fe635d5
2024-04-23T20:46:49,535  INFO [main] lockmgr.DbLockManager: Response to queryId=alex_20240423204649_ffe96db3-5fc0-49e6-b28f-454c6fe635d5 LockResponse(lockid:2, state:ACQUIRED)
2024-04-23T20:46:49,536  INFO [main] ql.Driver: Operation CREATETABLE obtained 1 locks
2024-04-23T20:46:49,537  INFO [main] ql.Driver: Executing command(queryId=alex_20240423204649_ffe96db3-5fc0-49e6-b28f-454c6fe635d5): create table acidTblPart(a int, b int) partitioned by (p string) clustered by (a) into 2 buckets stored as orc TBLPROPERTIES ('transactional'='true')
2024-04-23T20:46:49,537  INFO [main] ql.Driver: Starting task [Stage-0:DDL] in serial mode
2024-04-23T20:46:49,539  INFO [main] HiveMetaStore.audit: ugi=alex	ip=unknown-ip-addr	cmd=create_table_req: Table(tableName:acidTblPart, dbName:default, owner:alex, createTime:1713930409, lastAccessTime:0, retention:0, sd:StorageDescriptor(cols:[FieldSchema(name:a, type:int, comment:null), FieldSchema(name:b, type:int, comment:null)], location:null, inputFormat:org.apache.hadoop.hive.ql.io.orc.OrcInputFormat, outputFormat:org.apache.hadoop.hive.ql.io.orc.OrcOutputFormat, compressed:false, numBuckets:2, serdeInfo:SerDeInfo(name:null, serializationLib:org.apache.hadoop.hive.ql.io.orc.OrcSerde, parameters:{serialization.format=1}), bucketCols:[a], sortCols:[], parameters:{}, skewedInfo:SkewedInfo(skewedColNames:[], skewedColValues:[], skewedColValueLocationMaps:{}), storedAsSubDirectories:false), partitionKeys:[FieldSchema(name:p, type:string, comment:null)], parameters:{transactional=true, bucketing_version=2}, viewOriginalText:null, viewExpandedText:null, tableType:MANAGED_TABLE, privileges:PrincipalPrivilegeSet(userPrivileges:{alex=[PrivilegeGrantInfo(privilege:INSERT, createTime:-1, grantor:alex, grantorType:USER, grantOption:true), PrivilegeGrantInfo(privilege:SELECT, createTime:-1, grantor:alex, grantorType:USER, grantOption:true), PrivilegeGrantInfo(privilege:UPDATE, createTime:-1, grantor:alex, grantorType:USER, grantOption:true), PrivilegeGrantInfo(privilege:DELETE, createTime:-1, grantor:alex, grantorType:USER, grantOption:true)]}, groupPrivileges:null, rolePrivileges:null), temporary:false, catName:hive, ownerType:USER, writeId:0)	
2024-04-23T20:46:49,550  INFO [main] utils.FileUtils: Creating directory if it doesn't exist: file:/home/alex/Repositories/hive/ql/target/tmp/org.apache.hadoop.hive.ql.TestTxnCommands3-1713930356371/warehouse/acidtblpart
2024-04-23T20:46:49,577  INFO [main] metadata.Hive: Dumping metastore api call timing information for : execution phase
2024-04-23T20:46:49,577  INFO [main] metadata.Hive: Total time spent in each metastore function (ms): {isCompatibleWith_(Configuration)=0, createTable_(Table)=39}
2024-04-23T20:46:49,577  INFO [main] ql.Driver: Completed executing command(queryId=alex_20240423204649_ffe96db3-5fc0-49e6-b28f-454c6fe635d5); Time taken: 0.04 seconds
2024-04-23T20:46:49,578  INFO [main] lockmgr.DbTxnManager: Stopped heartbeat for query: alex_20240423204649_ffe96db3-5fc0-49e6-b28f-454c6fe635d5
2024-04-23T20:46:49,585  INFO [main] txn.TxnHandler: Expected to move at least one record from txn_components to completed_txn_components when committing txn! txnid:8
2024-04-23T20:46:49,597  INFO [main] txn.TxnHandler: Removed transactions: ([8]) from MIN_HISTORY_LEVEL
2024-04-23T20:46:49,597  WARN [main] txn.CompactionTxnHandler: No compaction queue record found for Compaction type transaction commit. txnId:8
2024-04-23T20:46:49,599  INFO [main] ql.TxnCommandsBaseForTests: Running the query: create table nonAcidOrcTbl(a int, b int) clustered by (a) into 2 buckets stored as orc TBLPROPERTIES ('transactional'='false')
2024-04-23T20:46:49,599  INFO [main] ql.Driver: Compiling command(queryId=alex_20240423204649_276e501c-1673-4616-ba0b-48f00a245f80): create table nonAcidOrcTbl(a int, b int) clustered by (a) into 2 buckets stored as orc TBLPROPERTIES ('transactional'='false')
2024-04-23T20:46:49,602  INFO [main] txn.TxnHandler: Added entries to MIN_HISTORY_LEVEL for current txns: ([9]) with min_open_txn: 1
2024-04-23T20:46:49,603  INFO [main] lockmgr.DbTxnManager: Opened txnid:9
2024-04-23T20:46:49,604  INFO [main] parse.CalcitePlanner: Starting caching scope for: 
2024-04-23T20:46:49,604  INFO [main] parse.CalcitePlanner: Starting Semantic Analysis
2024-04-23T20:46:49,607  INFO [main] parse.CalcitePlanner: Creating table default.nonAcidOrcTbl position=13
2024-04-23T20:46:49,607  INFO [main] HiveMetaStore.audit: ugi=alex	ip=unknown-ip-addr	cmd=get_database: default	
2024-04-23T20:46:49,610  INFO [main] parse.CalcitePlanner: Ending caching scope for: 
2024-04-23T20:46:49,610  INFO [main] ql.Driver: Semantic Analysis Completed (retrial = false)
2024-04-23T20:46:49,610  INFO [main] ql.Driver: Created Hive schema: Schema(fieldSchemas:null, properties:null)
2024-04-23T20:46:49,610  INFO [main] metadata.Hive: Dumping metastore api call timing information for : compilation phase
2024-04-23T20:46:49,610  INFO [main] metadata.Hive: Total time spent in each metastore function (ms): {commitTxn_(CommitTxnRequest)=20, getValidTxns_(long)=1, getValidWriteIds_(List, String)=3, getDatabase_(String)=2, openTxn_(String, TxnType)=3, isCompatibleWith_(Configuration)=0, flushCache_()=1}
2024-04-23T20:46:49,610  INFO [main] ql.Driver: Completed compiling command(queryId=alex_20240423204649_276e501c-1673-4616-ba0b-48f00a245f80); Time taken: 0.011 seconds
2024-04-23T20:46:49,610  INFO [main] lockmgr.DbTxnManager: Setting lock request transaction to txnid:9 for queryId=alex_20240423204649_276e501c-1673-4616-ba0b-48f00a245f80
2024-04-23T20:46:49,611  INFO [main] lockmgr.DbLockManager: Requesting lock for queryId=alex_20240423204649_276e501c-1673-4616-ba0b-48f00a245f80
2024-04-23T20:46:49,636  INFO [main] lockmgr.DbLockManager: Response to queryId=alex_20240423204649_276e501c-1673-4616-ba0b-48f00a245f80 LockResponse(lockid:3, state:ACQUIRED)
2024-04-23T20:46:49,636  INFO [main] ql.Driver: Operation CREATETABLE obtained 1 locks
2024-04-23T20:46:49,636  INFO [main] ql.Driver: Executing command(queryId=alex_20240423204649_276e501c-1673-4616-ba0b-48f00a245f80): create table nonAcidOrcTbl(a int, b int) clustered by (a) into 2 buckets stored as orc TBLPROPERTIES ('transactional'='false')
2024-04-23T20:46:49,637  INFO [main] ql.Driver: Starting task [Stage-0:DDL] in serial mode
2024-04-23T20:46:49,639  INFO [main] HiveMetaStore.audit: ugi=alex	ip=unknown-ip-addr	cmd=create_table_req: Table(tableName:nonAcidOrcTbl, dbName:default, owner:alex, createTime:1713930409, lastAccessTime:0, retention:0, sd:StorageDescriptor(cols:[FieldSchema(name:a, type:int, comment:null), FieldSchema(name:b, type:int, comment:null)], location:null, inputFormat:org.apache.hadoop.hive.ql.io.orc.OrcInputFormat, outputFormat:org.apache.hadoop.hive.ql.io.orc.OrcOutputFormat, compressed:false, numBuckets:2, serdeInfo:SerDeInfo(name:null, serializationLib:org.apache.hadoop.hive.ql.io.orc.OrcSerde, parameters:{serialization.format=1}), bucketCols:[a], sortCols:[], parameters:{}, skewedInfo:SkewedInfo(skewedColNames:[], skewedColValues:[], skewedColValueLocationMaps:{}), storedAsSubDirectories:false), partitionKeys:[], parameters:{rawDataSize=0, numRows=0, transactional=false, bucketing_version=2, COLUMN_STATS_ACCURATE={"BASIC_STATS":"true","COLUMN_STATS":{"a":"true","b":"true"}}, numFilesErasureCoded=0, numFiles=0, totalSize=0}, viewOriginalText:null, viewExpandedText:null, tableType:MANAGED_TABLE, privileges:PrincipalPrivilegeSet(userPrivileges:{alex=[PrivilegeGrantInfo(privilege:INSERT, createTime:-1, grantor:alex, grantorType:USER, grantOption:true), PrivilegeGrantInfo(privilege:SELECT, createTime:-1, grantor:alex, grantorType:USER, grantOption:true), PrivilegeGrantInfo(privilege:UPDATE, createTime:-1, grantor:alex, grantorType:USER, grantOption:true), PrivilegeGrantInfo(privilege:DELETE, createTime:-1, grantor:alex, grantorType:USER, grantOption:true)]}, groupPrivileges:null, rolePrivileges:null), temporary:false, catName:hive, ownerType:USER)	
2024-04-23T20:46:49,647  INFO [main] utils.FileUtils: Creating directory if it doesn't exist: file:/home/alex/Repositories/hive/ql/target/tmp/org.apache.hadoop.hive.ql.TestTxnCommands3-1713930356371/warehouse/nonacidorctbl
2024-04-23T20:46:49,671  INFO [main] metadata.Hive: Dumping metastore api call timing information for : execution phase
2024-04-23T20:46:49,671  INFO [main] metadata.Hive: Total time spent in each metastore function (ms): {isCompatibleWith_(Configuration)=0, createTable_(Table)=33}
2024-04-23T20:46:49,671  INFO [main] ql.Driver: Completed executing command(queryId=alex_20240423204649_276e501c-1673-4616-ba0b-48f00a245f80); Time taken: 0.035 seconds
2024-04-23T20:46:49,671  INFO [main] lockmgr.DbTxnManager: Stopped heartbeat for query: alex_20240423204649_276e501c-1673-4616-ba0b-48f00a245f80
2024-04-23T20:46:49,676  INFO [main] txn.TxnHandler: Expected to move at least one record from txn_components to completed_txn_components when committing txn! txnid:9
2024-04-23T20:46:49,684  INFO [main] txn.TxnHandler: Removed transactions: ([9]) from MIN_HISTORY_LEVEL
2024-04-23T20:46:49,684  WARN [main] txn.CompactionTxnHandler: No compaction queue record found for Compaction type transaction commit. txnId:9
2024-04-23T20:46:49,686  INFO [main] ql.TxnCommandsBaseForTests: Running the query: create table nonAcidOrcTbl2(a int, b int) clustered by (a) into 2 buckets stored as orc TBLPROPERTIES ('transactional'='false')
2024-04-23T20:46:49,686  INFO [main] ql.Driver: Compiling command(queryId=alex_20240423204649_d0b55e0e-0cc1-4741-8634-784c05a8810f): create table nonAcidOrcTbl2(a int, b int) clustered by (a) into 2 buckets stored as orc TBLPROPERTIES ('transactional'='false')
2024-04-23T20:46:49,691  INFO [main] txn.TxnHandler: Added entries to MIN_HISTORY_LEVEL for current txns: ([10]) with min_open_txn: 1
2024-04-23T20:46:49,691  INFO [main] lockmgr.DbTxnManager: Opened txnid:10
2024-04-23T20:46:49,692  INFO [main] parse.CalcitePlanner: Starting caching scope for: 
2024-04-23T20:46:49,693  INFO [main] parse.CalcitePlanner: Starting Semantic Analysis
2024-04-23T20:46:49,696  INFO [main] parse.CalcitePlanner: Creating table default.nonAcidOrcTbl2 position=13
2024-04-23T20:46:49,697  INFO [main] HiveMetaStore.audit: ugi=alex	ip=unknown-ip-addr	cmd=get_database: default	
2024-04-23T20:46:49,700  INFO [main] parse.CalcitePlanner: Ending caching scope for: 
2024-04-23T20:46:49,701  INFO [main] ql.Driver: Semantic Analysis Completed (retrial = false)
2024-04-23T20:46:49,701  INFO [main] ql.Driver: Created Hive schema: Schema(fieldSchemas:null, properties:null)
2024-04-23T20:46:49,701  INFO [main] metadata.Hive: Dumping metastore api call timing information for : compilation phase
2024-04-23T20:46:49,701  INFO [main] metadata.Hive: Total time spent in each metastore function (ms): {getValidTxns_(long)=1, isCompatibleWith_(Configuration)=0, getValidWriteIds_(List, String)=3, getDatabase_(String)=3, openTxn_(String, TxnType)=4, flushCache_()=0, commitTxn_(CommitTxnRequest)=14}
2024-04-23T20:46:49,701  INFO [main] ql.Driver: Completed compiling command(queryId=alex_20240423204649_d0b55e0e-0cc1-4741-8634-784c05a8810f); Time taken: 0.015 seconds
2024-04-23T20:46:49,702  INFO [main] lockmgr.DbTxnManager: Setting lock request transaction to txnid:10 for queryId=alex_20240423204649_d0b55e0e-0cc1-4741-8634-784c05a8810f
2024-04-23T20:46:49,702  INFO [main] lockmgr.DbLockManager: Requesting lock for queryId=alex_20240423204649_d0b55e0e-0cc1-4741-8634-784c05a8810f
2024-04-23T20:46:49,729  INFO [main] lockmgr.DbLockManager: Response to queryId=alex_20240423204649_d0b55e0e-0cc1-4741-8634-784c05a8810f LockResponse(lockid:4, state:ACQUIRED)
2024-04-23T20:46:49,729  INFO [main] ql.Driver: Operation CREATETABLE obtained 1 locks
2024-04-23T20:46:49,729  INFO [main] ql.Driver: Executing command(queryId=alex_20240423204649_d0b55e0e-0cc1-4741-8634-784c05a8810f): create table nonAcidOrcTbl2(a int, b int) clustered by (a) into 2 buckets stored as orc TBLPROPERTIES ('transactional'='false')
2024-04-23T20:46:49,729  INFO [main] ql.Driver: Starting task [Stage-0:DDL] in serial mode
2024-04-23T20:46:49,731  INFO [main] HiveMetaStore.audit: ugi=alex	ip=unknown-ip-addr	cmd=create_table_req: Table(tableName:nonAcidOrcTbl2, dbName:default, owner:alex, createTime:1713930409, lastAccessTime:0, retention:0, sd:StorageDescriptor(cols:[FieldSchema(name:a, type:int, comment:null), FieldSchema(name:b, type:int, comment:null)], location:null, inputFormat:org.apache.hadoop.hive.ql.io.orc.OrcInputFormat, outputFormat:org.apache.hadoop.hive.ql.io.orc.OrcOutputFormat, compressed:false, numBuckets:2, serdeInfo:SerDeInfo(name:null, serializationLib:org.apache.hadoop.hive.ql.io.orc.OrcSerde, parameters:{serialization.format=1}), bucketCols:[a], sortCols:[], parameters:{}, skewedInfo:SkewedInfo(skewedColNames:[], skewedColValues:[], skewedColValueLocationMaps:{}), storedAsSubDirectories:false), partitionKeys:[], parameters:{numFiles=0, rawDataSize=0, COLUMN_STATS_ACCURATE={"BASIC_STATS":"true","COLUMN_STATS":{"a":"true","b":"true"}}, bucketing_version=2, numRows=0, totalSize=0, transactional=false, numFilesErasureCoded=0}, viewOriginalText:null, viewExpandedText:null, tableType:MANAGED_TABLE, privileges:PrincipalPrivilegeSet(userPrivileges:{alex=[PrivilegeGrantInfo(privilege:INSERT, createTime:-1, grantor:alex, grantorType:USER, grantOption:true), PrivilegeGrantInfo(privilege:SELECT, createTime:-1, grantor:alex, grantorType:USER, grantOption:true), PrivilegeGrantInfo(privilege:UPDATE, createTime:-1, grantor:alex, grantorType:USER, grantOption:true), PrivilegeGrantInfo(privilege:DELETE, createTime:-1, grantor:alex, grantorType:USER, grantOption:true)]}, groupPrivileges:null, rolePrivileges:null), temporary:false, catName:hive, ownerType:USER)	
2024-04-23T20:46:49,738  INFO [main] utils.FileUtils: Creating directory if it doesn't exist: file:/home/alex/Repositories/hive/ql/target/tmp/org.apache.hadoop.hive.ql.TestTxnCommands3-1713930356371/warehouse/nonacidorctbl2
2024-04-23T20:46:49,758  INFO [main] metadata.Hive: Dumping metastore api call timing information for : execution phase
2024-04-23T20:46:49,758  INFO [main] metadata.Hive: Total time spent in each metastore function (ms): {isCompatibleWith_(Configuration)=0, createTable_(Table)=28}
2024-04-23T20:46:49,759  INFO [main] ql.Driver: Completed executing command(queryId=alex_20240423204649_d0b55e0e-0cc1-4741-8634-784c05a8810f); Time taken: 0.029 seconds
2024-04-23T20:46:49,759  INFO [main] lockmgr.DbTxnManager: Stopped heartbeat for query: alex_20240423204649_d0b55e0e-0cc1-4741-8634-784c05a8810f
2024-04-23T20:46:49,764  INFO [main] txn.TxnHandler: Expected to move at least one record from txn_components to completed_txn_components when committing txn! txnid:10
2024-04-23T20:46:49,772  INFO [main] txn.TxnHandler: Removed transactions: ([10]) from MIN_HISTORY_LEVEL
2024-04-23T20:46:49,773  WARN [main] txn.CompactionTxnHandler: No compaction queue record found for Compaction type transaction commit. txnId:10
2024-04-23T20:46:49,774  INFO [main] ql.TxnCommandsBaseForTests: Running the query: create temporary  table acidTbl2(a int, b int, c int) clustered by (c) into 2 buckets stored as orc TBLPROPERTIES ('transactional'='true')
2024-04-23T20:46:49,774  INFO [main] ql.Driver: Compiling command(queryId=alex_20240423204649_13d887c4-8c64-4670-a3b2-d4c6fb5272de): create temporary  table acidTbl2(a int, b int, c int) clustered by (c) into 2 buckets stored as orc TBLPROPERTIES ('transactional'='true')
2024-04-23T20:46:49,779  INFO [main] txn.TxnHandler: Added entries to MIN_HISTORY_LEVEL for current txns: ([11]) with min_open_txn: 1
2024-04-23T20:46:49,779  INFO [main] lockmgr.DbTxnManager: Opened txnid:11
2024-04-23T20:46:49,780  INFO [main] parse.CalcitePlanner: Starting caching scope for: 
2024-04-23T20:46:49,780  INFO [main] parse.CalcitePlanner: Starting Semantic Analysis
2024-04-23T20:46:49,784  INFO [main] parse.CalcitePlanner: Creating table default.acidTbl2 position=24
2024-04-23T20:46:49,784  INFO [main] HiveMetaStore.audit: ugi=alex	ip=unknown-ip-addr	cmd=get_database: default	
2024-04-23T20:46:49,787  INFO [main] parse.CalcitePlanner: Ending caching scope for: 
2024-04-23T20:46:49,787  INFO [main] ql.Driver: Semantic Analysis Completed (retrial = false)
2024-04-23T20:46:49,787  INFO [main] ql.Driver: Created Hive schema: Schema(fieldSchemas:null, properties:null)
2024-04-23T20:46:49,787  INFO [main] metadata.Hive: Dumping metastore api call timing information for : compilation phase
2024-04-23T20:46:49,787  INFO [main] metadata.Hive: Total time spent in each metastore function (ms): {getValidWriteIds_(List, String)=4, isCompatibleWith_(Configuration)=0, getDatabase_(String)=3, getValidTxns_(long)=1, commitTxn_(CommitTxnRequest)=14, flushCache_()=0, openTxn_(String, TxnType)=4}
2024-04-23T20:46:49,788  INFO [main] ql.Driver: Completed compiling command(queryId=alex_20240423204649_13d887c4-8c64-4670-a3b2-d4c6fb5272de); Time taken: 0.013 seconds
2024-04-23T20:46:49,788  INFO [main] lockmgr.DbTxnManager: Setting lock request transaction to txnid:11 for queryId=alex_20240423204649_13d887c4-8c64-4670-a3b2-d4c6fb5272de
2024-04-23T20:46:49,788  INFO [main] lockmgr.DbLockManager: Requesting lock for queryId=alex_20240423204649_13d887c4-8c64-4670-a3b2-d4c6fb5272de
2024-04-23T20:46:49,811  INFO [main] lockmgr.DbLockManager: Response to queryId=alex_20240423204649_13d887c4-8c64-4670-a3b2-d4c6fb5272de LockResponse(lockid:5, state:ACQUIRED)
2024-04-23T20:46:49,811  INFO [main] ql.Driver: Operation CREATETABLE obtained 1 locks
2024-04-23T20:46:49,812  INFO [main] ql.Driver: Executing command(queryId=alex_20240423204649_13d887c4-8c64-4670-a3b2-d4c6fb5272de): create temporary  table acidTbl2(a int, b int, c int) clustered by (c) into 2 buckets stored as orc TBLPROPERTIES ('transactional'='true')
2024-04-23T20:46:49,812  INFO [main] ql.Driver: Starting task [Stage-0:DDL] in serial mode
2024-04-23T20:46:49,814  INFO [main] utils.FileUtils: Creating directory if it doesn't exist: file:/home/alex/Repositories/hive/ql/target/tmp/scratchdir/alex/e2db9dbb-76ad-48a2-966a-36e5a6703fe2/_tmp_space.db/b5827e16-086f-48ec-8800-30800c1e133d
2024-04-23T20:46:49,817  INFO [main] metadata.Hive: Dumping metastore api call timing information for : execution phase
2024-04-23T20:46:49,817  INFO [main] metadata.Hive: Total time spent in each metastore function (ms): {isCompatibleWith_(Configuration)=0, createTable_(Table)=3}
2024-04-23T20:46:49,817  INFO [main] ql.Driver: Completed executing command(queryId=alex_20240423204649_13d887c4-8c64-4670-a3b2-d4c6fb5272de); Time taken: 0.005 seconds
2024-04-23T20:46:49,817  INFO [main] lockmgr.DbTxnManager: Stopped heartbeat for query: alex_20240423204649_13d887c4-8c64-4670-a3b2-d4c6fb5272de
2024-04-23T20:46:49,823  INFO [main] txn.TxnHandler: Expected to move at least one record from txn_components to completed_txn_components when committing txn! txnid:11
2024-04-23T20:46:49,830  INFO [main] txn.TxnHandler: Removed transactions: ([11]) from MIN_HISTORY_LEVEL
2024-04-23T20:46:49,831  WARN [main] txn.CompactionTxnHandler: No compaction queue record found for Compaction type transaction commit. txnId:11
2024-04-23T20:46:49,832  INFO [main] ql.TxnCommandsBaseForTests: Running the query: create table nonAcidNonBucket(a int, b int) stored as orc TBLPROPERTIES ('transactional'='false')
2024-04-23T20:46:49,832  INFO [main] ql.Driver: Compiling command(queryId=alex_20240423204649_4d5773ba-c874-4e25-b52b-87f8148018b0): create table nonAcidNonBucket(a int, b int) stored as orc TBLPROPERTIES ('transactional'='false')
2024-04-23T20:46:49,835  INFO [main] txn.TxnHandler: Added entries to MIN_HISTORY_LEVEL for current txns: ([12]) with min_open_txn: 1
2024-04-23T20:46:49,836  INFO [main] lockmgr.DbTxnManager: Opened txnid:12
2024-04-23T20:46:49,836  INFO [main] parse.CalcitePlanner: Starting caching scope for: 
2024-04-23T20:46:49,837  INFO [main] parse.CalcitePlanner: Starting Semantic Analysis
2024-04-23T20:46:49,839  INFO [main] parse.CalcitePlanner: Creating table default.nonAcidNonBucket position=13
2024-04-23T20:46:49,840  INFO [main] HiveMetaStore.audit: ugi=alex	ip=unknown-ip-addr	cmd=get_database: default	
2024-04-23T20:46:49,842  INFO [main] parse.CalcitePlanner: Ending caching scope for: 
2024-04-23T20:46:49,842  INFO [main] ql.Driver: Semantic Analysis Completed (retrial = false)
2024-04-23T20:46:49,843  INFO [main] ql.Driver: Created Hive schema: Schema(fieldSchemas:null, properties:null)
2024-04-23T20:46:49,843  INFO [main] metadata.Hive: Dumping metastore api call timing information for : compilation phase
2024-04-23T20:46:49,843  INFO [main] metadata.Hive: Total time spent in each metastore function (ms): {openTxn_(String, TxnType)=3, getDatabase_(String)=2, commitTxn_(CommitTxnRequest)=14, isCompatibleWith_(Configuration)=0, getValidTxns_(long)=0, getValidWriteIds_(List, String)=2, flushCache_()=0}
2024-04-23T20:46:49,843  INFO [main] ql.Driver: Completed compiling command(queryId=alex_20240423204649_4d5773ba-c874-4e25-b52b-87f8148018b0); Time taken: 0.011 seconds
2024-04-23T20:46:49,843  INFO [main] lockmgr.DbTxnManager: Setting lock request transaction to txnid:12 for queryId=alex_20240423204649_4d5773ba-c874-4e25-b52b-87f8148018b0
2024-04-23T20:46:49,844  INFO [main] lockmgr.DbLockManager: Requesting lock for queryId=alex_20240423204649_4d5773ba-c874-4e25-b52b-87f8148018b0
2024-04-23T20:46:49,861  INFO [main] lockmgr.DbLockManager: Response to queryId=alex_20240423204649_4d5773ba-c874-4e25-b52b-87f8148018b0 LockResponse(lockid:6, state:ACQUIRED)
2024-04-23T20:46:49,861  INFO [main] ql.Driver: Operation CREATETABLE obtained 1 locks
2024-04-23T20:46:49,861  INFO [main] ql.Driver: Executing command(queryId=alex_20240423204649_4d5773ba-c874-4e25-b52b-87f8148018b0): create table nonAcidNonBucket(a int, b int) stored as orc TBLPROPERTIES ('transactional'='false')
2024-04-23T20:46:49,862  INFO [main] ql.Driver: Starting task [Stage-0:DDL] in serial mode
2024-04-23T20:46:49,863  INFO [main] HiveMetaStore.audit: ugi=alex	ip=unknown-ip-addr	cmd=create_table_req: Table(tableName:nonAcidNonBucket, dbName:default, owner:alex, createTime:1713930409, lastAccessTime:0, retention:0, sd:StorageDescriptor(cols:[FieldSchema(name:a, type:int, comment:null), FieldSchema(name:b, type:int, comment:null)], location:null, inputFormat:org.apache.hadoop.hive.ql.io.orc.OrcInputFormat, outputFormat:org.apache.hadoop.hive.ql.io.orc.OrcOutputFormat, compressed:false, numBuckets:-1, serdeInfo:SerDeInfo(name:null, serializationLib:org.apache.hadoop.hive.ql.io.orc.OrcSerde, parameters:{serialization.format=1}), bucketCols:[], sortCols:[], parameters:{}, skewedInfo:SkewedInfo(skewedColNames:[], skewedColValues:[], skewedColValueLocationMaps:{}), storedAsSubDirectories:false), partitionKeys:[], parameters:{rawDataSize=0, totalSize=0, transactional=false, bucketing_version=2, numFiles=0, COLUMN_STATS_ACCURATE={"BASIC_STATS":"true","COLUMN_STATS":{"a":"true","b":"true"}}, numRows=0, numFilesErasureCoded=0}, viewOriginalText:null, viewExpandedText:null, tableType:MANAGED_TABLE, privileges:PrincipalPrivilegeSet(userPrivileges:{alex=[PrivilegeGrantInfo(privilege:INSERT, createTime:-1, grantor:alex, grantorType:USER, grantOption:true), PrivilegeGrantInfo(privilege:SELECT, createTime:-1, grantor:alex, grantorType:USER, grantOption:true), PrivilegeGrantInfo(privilege:UPDATE, createTime:-1, grantor:alex, grantorType:USER, grantOption:true), PrivilegeGrantInfo(privilege:DELETE, createTime:-1, grantor:alex, grantorType:USER, grantOption:true)]}, groupPrivileges:null, rolePrivileges:null), temporary:false, catName:hive, ownerType:USER)	
2024-04-23T20:46:49,870  INFO [main] utils.FileUtils: Creating directory if it doesn't exist: file:/home/alex/Repositories/hive/ql/target/tmp/org.apache.hadoop.hive.ql.TestTxnCommands3-1713930356371/warehouse/nonacidnonbucket
2024-04-23T20:46:49,893  INFO [main] metadata.Hive: Dumping metastore api call timing information for : execution phase
2024-04-23T20:46:49,893  INFO [main] metadata.Hive: Total time spent in each metastore function (ms): {isCompatibleWith_(Configuration)=0, createTable_(Table)=31}
2024-04-23T20:46:49,893  INFO [main] ql.Driver: Completed executing command(queryId=alex_20240423204649_4d5773ba-c874-4e25-b52b-87f8148018b0); Time taken: 0.032 seconds
2024-04-23T20:46:49,893  INFO [main] lockmgr.DbTxnManager: Stopped heartbeat for query: alex_20240423204649_4d5773ba-c874-4e25-b52b-87f8148018b0
2024-04-23T20:46:49,898  INFO [main] txn.TxnHandler: Expected to move at least one record from txn_components to completed_txn_components when committing txn! txnid:12
2024-04-23T20:46:49,906  INFO [main] txn.TxnHandler: Removed transactions: ([12]) from MIN_HISTORY_LEVEL
2024-04-23T20:46:49,907  WARN [main] txn.CompactionTxnHandler: No compaction queue record found for Compaction type transaction commit. txnId:12
2024-04-23T20:46:49,908  INFO [main] ql.TxnCommandsBaseForTests: Running the query: drop database if exists mydb1 cascade
2024-04-23T20:46:49,908  INFO [main] ql.Driver: Compiling command(queryId=alex_20240423204649_bbfa81b8-762c-4591-b0b1-189243cee114): drop database if exists mydb1 cascade
2024-04-23T20:46:49,912  INFO [main] txn.TxnHandler: Added entries to MIN_HISTORY_LEVEL for current txns: ([13]) with min_open_txn: 1
2024-04-23T20:46:49,912  INFO [main] lockmgr.DbTxnManager: Opened txnid:13
2024-04-23T20:46:49,914  INFO [main] HiveMetaStore.audit: ugi=alex	ip=unknown-ip-addr	cmd=get_database: mydb1	
2024-04-23T20:46:49,915  INFO [main] ql.Driver: Semantic Analysis Completed (retrial = false)
2024-04-23T20:46:49,915  INFO [main] ql.Driver: Created Hive schema: Schema(fieldSchemas:null, properties:null)
2024-04-23T20:46:49,915  INFO [main] metadata.Hive: Dumping metastore api call timing information for : compilation phase
2024-04-23T20:46:49,915  INFO [main] metadata.Hive: Total time spent in each metastore function (ms): {isCompatibleWith_(Configuration)=0, getValidTxns_(long)=0, flushCache_()=0, openTxn_(String, TxnType)=3, commitTxn_(CommitTxnRequest)=14}
2024-04-23T20:46:49,915  INFO [main] ql.Driver: Completed compiling command(queryId=alex_20240423204649_bbfa81b8-762c-4591-b0b1-189243cee114); Time taken: 0.007 seconds
2024-04-23T20:46:49,916  INFO [main] lockmgr.DbTxnManager: Setting lock request transaction to txnid:13 for queryId=alex_20240423204649_bbfa81b8-762c-4591-b0b1-189243cee114
2024-04-23T20:46:49,916  INFO [main] ql.Driver: Operation DROPDATABASE obtained 0 locks
2024-04-23T20:46:49,916  INFO [main] ql.Driver: Executing command(queryId=alex_20240423204649_bbfa81b8-762c-4591-b0b1-189243cee114): drop database if exists mydb1 cascade
2024-04-23T20:46:49,916  INFO [main] metadata.Hive: Dumping metastore api call timing information for : execution phase
2024-04-23T20:46:49,916  INFO [main] metadata.Hive: Total time spent in each metastore function (ms): {}
2024-04-23T20:46:49,916  INFO [main] ql.Driver: Completed executing command(queryId=alex_20240423204649_bbfa81b8-762c-4591-b0b1-189243cee114); Time taken: 0.0 seconds
2024-04-23T20:46:49,916  INFO [main] lockmgr.DbTxnManager: Stopped heartbeat for query: alex_20240423204649_bbfa81b8-762c-4591-b0b1-189243cee114
2024-04-23T20:46:49,923  INFO [main] txn.TxnHandler: Expected to move at least one record from txn_components to completed_txn_components when committing txn! txnid:13
2024-04-23T20:46:49,930  INFO [main] txn.TxnHandler: Removed transactions: ([13]) from MIN_HISTORY_LEVEL
2024-04-23T20:46:49,930  WARN [main] txn.CompactionTxnHandler: No compaction queue record found for Compaction type transaction commit. txnId:13
2024-04-23T20:46:49,931  INFO [main] ql.TxnCommandsBaseForTests: Running the query: drop database if exists mydb2 cascade
2024-04-23T20:46:49,932  INFO [main] ql.Driver: Compiling command(queryId=alex_20240423204649_f023183f-c74c-4e51-bfa6-cb59537148d1): drop database if exists mydb2 cascade
2024-04-23T20:46:49,935  INFO [main] txn.TxnHandler: Added entries to MIN_HISTORY_LEVEL for current txns: ([14]) with min_open_txn: 1
2024-04-23T20:46:49,936  INFO [main] lockmgr.DbTxnManager: Opened txnid:14
2024-04-23T20:46:49,937  INFO [main] HiveMetaStore.audit: ugi=alex	ip=unknown-ip-addr	cmd=get_database: mydb2	
2024-04-23T20:46:49,938  INFO [main] ql.Driver: Semantic Analysis Completed (retrial = false)
2024-04-23T20:46:49,938  INFO [main] ql.Driver: Created Hive schema: Schema(fieldSchemas:null, properties:null)
2024-04-23T20:46:49,938  INFO [main] metadata.Hive: Dumping metastore api call timing information for : compilation phase
2024-04-23T20:46:49,938  INFO [main] metadata.Hive: Total time spent in each metastore function (ms): {commitTxn_(CommitTxnRequest)=15, getValidTxns_(long)=0, openTxn_(String, TxnType)=3, isCompatibleWith_(Configuration)=1, flushCache_()=0}
2024-04-23T20:46:49,939  INFO [main] ql.Driver: Completed compiling command(queryId=alex_20240423204649_f023183f-c74c-4e51-bfa6-cb59537148d1); Time taken: 0.006 seconds
2024-04-23T20:46:49,939  INFO [main] lockmgr.DbTxnManager: Setting lock request transaction to txnid:14 for queryId=alex_20240423204649_f023183f-c74c-4e51-bfa6-cb59537148d1
2024-04-23T20:46:49,939  INFO [main] ql.Driver: Operation DROPDATABASE obtained 0 locks
2024-04-23T20:46:49,939  INFO [main] ql.Driver: Executing command(queryId=alex_20240423204649_f023183f-c74c-4e51-bfa6-cb59537148d1): drop database if exists mydb2 cascade
2024-04-23T20:46:49,939  INFO [main] metadata.Hive: Dumping metastore api call timing information for : execution phase
2024-04-23T20:46:49,939  INFO [main] metadata.Hive: Total time spent in each metastore function (ms): {}
2024-04-23T20:46:49,939  INFO [main] ql.Driver: Completed executing command(queryId=alex_20240423204649_f023183f-c74c-4e51-bfa6-cb59537148d1); Time taken: 0.0 seconds
2024-04-23T20:46:49,940  INFO [main] lockmgr.DbTxnManager: Stopped heartbeat for query: alex_20240423204649_f023183f-c74c-4e51-bfa6-cb59537148d1
2024-04-23T20:46:49,946  INFO [main] txn.TxnHandler: Expected to move at least one record from txn_components to completed_txn_components when committing txn! txnid:14
2024-04-23T20:46:49,956  INFO [main] txn.TxnHandler: Removed transactions: ([14]) from MIN_HISTORY_LEVEL
2024-04-23T20:46:49,956  WARN [main] txn.CompactionTxnHandler: No compaction queue record found for Compaction type transaction commit. txnId:14
2024-04-23T20:46:49,957  INFO [main] ql.TxnCommandsBaseForTests: Running the query: create database mydb1
2024-04-23T20:46:49,958  INFO [main] ql.Driver: Compiling command(queryId=alex_20240423204649_2a8cdc90-fc74-4c51-8f70-122bc2231a12): create database mydb1
2024-04-23T20:46:49,961  INFO [main] txn.TxnHandler: Added entries to MIN_HISTORY_LEVEL for current txns: ([15]) with min_open_txn: 1
2024-04-23T20:46:49,962  INFO [main] lockmgr.DbTxnManager: Opened txnid:15
2024-04-23T20:46:49,963  INFO [main] ql.Driver: Semantic Analysis Completed (retrial = false)
2024-04-23T20:46:49,963  INFO [main] ql.Driver: Created Hive schema: Schema(fieldSchemas:null, properties:null)
2024-04-23T20:46:49,963  INFO [main] metadata.Hive: Dumping metastore api call timing information for : compilation phase
2024-04-23T20:46:49,963  INFO [main] metadata.Hive: Total time spent in each metastore function (ms): {commitTxn_(CommitTxnRequest)=17, isCompatibleWith_(Configuration)=0, openTxn_(String, TxnType)=3, getValidTxns_(long)=0, flushCache_()=0}
2024-04-23T20:46:49,963  INFO [main] ql.Driver: Completed compiling command(queryId=alex_20240423204649_2a8cdc90-fc74-4c51-8f70-122bc2231a12); Time taken: 0.005 seconds
2024-04-23T20:46:49,963  INFO [main] lockmgr.DbTxnManager: Setting lock request transaction to txnid:15 for queryId=alex_20240423204649_2a8cdc90-fc74-4c51-8f70-122bc2231a12
2024-04-23T20:46:49,964  INFO [main] ql.Driver: Operation CREATEDATABASE obtained 0 locks
2024-04-23T20:46:49,964  INFO [main] ql.Driver: Executing command(queryId=alex_20240423204649_2a8cdc90-fc74-4c51-8f70-122bc2231a12): create database mydb1
2024-04-23T20:46:49,964  INFO [main] ql.Driver: Starting task [Stage-0:DDL] in serial mode
2024-04-23T20:46:49,964  WARN [main] exec.DDLTask: metastore.warehouse.external.dir is not set, falling back to metastore.warehouse.dir. This could cause external tables to use to managed tablespace.
2024-04-23T20:46:49,965  INFO [main] HiveMetaStore.audit: ugi=alex	ip=unknown-ip-addr	cmd=create_database: Database(name:mydb1, description:null, locationUri:file:/home/alex/Repositories/hive/ql/target/tmp/org.apache.hadoop.hive.ql.TestTxnCommands3-1713930356371/warehouse/mydb1.db, parameters:null, ownerName:alex, ownerType:USER, catalogName:hive, type:NATIVE)	
2024-04-23T20:46:49,971  INFO [main] metastore.HMSHandler: Creating database path in external directory file:/home/alex/Repositories/hive/ql/target/tmp/org.apache.hadoop.hive.ql.TestTxnCommands3-1713930356371/warehouse/mydb1.db
2024-04-23T20:46:49,971  INFO [main] utils.FileUtils: Creating directory if it doesn't exist: file:/home/alex/Repositories/hive/ql/target/tmp/org.apache.hadoop.hive.ql.TestTxnCommands3-1713930356371/warehouse/mydb1.db
2024-04-23T20:46:49,973  INFO [main] metastore.HMSHandler: Created database path in external directory file:/home/alex/Repositories/hive/ql/target/tmp/org.apache.hadoop.hive.ql.TestTxnCommands3-1713930356371/warehouse/mydb1.db
2024-04-23T20:46:49,980  INFO [main] metadata.Hive: Dumping metastore api call timing information for : execution phase
2024-04-23T20:46:49,980  INFO [main] metadata.Hive: Total time spent in each metastore function (ms): {createDatabase_(Database)=15, isCompatibleWith_(Configuration)=0}
2024-04-23T20:46:49,980  INFO [main] ql.Driver: Completed executing command(queryId=alex_20240423204649_2a8cdc90-fc74-4c51-8f70-122bc2231a12); Time taken: 0.016 seconds
2024-04-23T20:46:49,980  INFO [main] lockmgr.DbTxnManager: Stopped heartbeat for query: alex_20240423204649_2a8cdc90-fc74-4c51-8f70-122bc2231a12
2024-04-23T20:46:49,986  INFO [main] txn.TxnHandler: Expected to move at least one record from txn_components to completed_txn_components when committing txn! txnid:15
2024-04-23T20:46:49,994  INFO [main] txn.TxnHandler: Removed transactions: ([15]) from MIN_HISTORY_LEVEL
2024-04-23T20:46:49,994  WARN [main] txn.CompactionTxnHandler: No compaction queue record found for Compaction type transaction commit. txnId:15
2024-04-23T20:46:49,994  INFO [main] ql.TxnCommandsBaseForTests: Running the query: create database mydb2
2024-04-23T20:46:49,995  INFO [main] ql.Driver: Compiling command(queryId=alex_20240423204649_32235ef8-225f-4038-b354-7743f179891d): create database mydb2
2024-04-23T20:46:49,999  INFO [main] txn.TxnHandler: Added entries to MIN_HISTORY_LEVEL for current txns: ([16]) with min_open_txn: 1
2024-04-23T20:46:49,999  INFO [main] lockmgr.DbTxnManager: Opened txnid:16
2024-04-23T20:46:50,000  INFO [main] ql.Driver: Semantic Analysis Completed (retrial = false)
2024-04-23T20:46:50,000  INFO [main] ql.Driver: Created Hive schema: Schema(fieldSchemas:null, properties:null)
2024-04-23T20:46:50,000  INFO [main] metadata.Hive: Dumping metastore api call timing information for : compilation phase
2024-04-23T20:46:50,000  INFO [main] metadata.Hive: Total time spent in each metastore function (ms): {commitTxn_(CommitTxnRequest)=14, openTxn_(String, TxnType)=4, isCompatibleWith_(Configuration)=0, getValidTxns_(long)=1, flushCache_()=0}
2024-04-23T20:46:50,001  INFO [main] ql.Driver: Completed compiling command(queryId=alex_20240423204649_32235ef8-225f-4038-b354-7743f179891d); Time taken: 0.005 seconds
2024-04-23T20:46:50,001  INFO [main] lockmgr.DbTxnManager: Setting lock request transaction to txnid:16 for queryId=alex_20240423204649_32235ef8-225f-4038-b354-7743f179891d
2024-04-23T20:46:50,001  INFO [main] ql.Driver: Operation CREATEDATABASE obtained 0 locks
2024-04-23T20:46:50,001  INFO [main] ql.Driver: Executing command(queryId=alex_20240423204649_32235ef8-225f-4038-b354-7743f179891d): create database mydb2
2024-04-23T20:46:50,001  INFO [main] ql.Driver: Starting task [Stage-0:DDL] in serial mode
2024-04-23T20:46:50,001  WARN [main] exec.DDLTask: metastore.warehouse.external.dir is not set, falling back to metastore.warehouse.dir. This could cause external tables to use to managed tablespace.
2024-04-23T20:46:50,002  INFO [main] HiveMetaStore.audit: ugi=alex	ip=unknown-ip-addr	cmd=create_database: Database(name:mydb2, description:null, locationUri:file:/home/alex/Repositories/hive/ql/target/tmp/org.apache.hadoop.hive.ql.TestTxnCommands3-1713930356371/warehouse/mydb2.db, parameters:null, ownerName:alex, ownerType:USER, catalogName:hive, type:NATIVE)	
2024-04-23T20:46:50,004  INFO [main] metastore.HMSHandler: Creating database path in external directory file:/home/alex/Repositories/hive/ql/target/tmp/org.apache.hadoop.hive.ql.TestTxnCommands3-1713930356371/warehouse/mydb2.db
2024-04-23T20:46:50,005  INFO [main] utils.FileUtils: Creating directory if it doesn't exist: file:/home/alex/Repositories/hive/ql/target/tmp/org.apache.hadoop.hive.ql.TestTxnCommands3-1713930356371/warehouse/mydb2.db
2024-04-23T20:46:50,007  INFO [main] metastore.HMSHandler: Created database path in external directory file:/home/alex/Repositories/hive/ql/target/tmp/org.apache.hadoop.hive.ql.TestTxnCommands3-1713930356371/warehouse/mydb2.db
2024-04-23T20:46:50,009  INFO [main] metadata.Hive: Dumping metastore api call timing information for : execution phase
2024-04-23T20:46:50,010  INFO [main] metadata.Hive: Total time spent in each metastore function (ms): {createDatabase_(Database)=8, isCompatibleWith_(Configuration)=0}
2024-04-23T20:46:50,010  INFO [main] ql.Driver: Completed executing command(queryId=alex_20240423204649_32235ef8-225f-4038-b354-7743f179891d); Time taken: 0.008 seconds
2024-04-23T20:46:50,010  INFO [main] lockmgr.DbTxnManager: Stopped heartbeat for query: alex_20240423204649_32235ef8-225f-4038-b354-7743f179891d
2024-04-23T20:46:50,017  INFO [main] txn.TxnHandler: Expected to move at least one record from txn_components to completed_txn_components when committing txn! txnid:16
2024-04-23T20:46:50,024  INFO [main] txn.TxnHandler: Removed transactions: ([16]) from MIN_HISTORY_LEVEL
2024-04-23T20:46:50,024  WARN [main] txn.CompactionTxnHandler: No compaction queue record found for Compaction type transaction commit. txnId:16
2024-04-23T20:46:50,025  INFO [main] ql.TxnCommandsBaseForTests: Running the query: create table mydb1.T(a int, b int) stored as orc
2024-04-23T20:46:50,025  INFO [main] ql.Driver: Compiling command(queryId=alex_20240423204650_86a5703e-f505-44b8-ab02-9469859702f2): create table mydb1.T(a int, b int) stored as orc
2024-04-23T20:46:50,028  INFO [main] txn.TxnHandler: Added entries to MIN_HISTORY_LEVEL for current txns: ([17]) with min_open_txn: 1
2024-04-23T20:46:50,028  INFO [main] lockmgr.DbTxnManager: Opened txnid:17
2024-04-23T20:46:50,029  INFO [main] parse.CalcitePlanner: Starting caching scope for: 
2024-04-23T20:46:50,029  INFO [main] parse.CalcitePlanner: Starting Semantic Analysis
2024-04-23T20:46:50,036  INFO [main] parse.CalcitePlanner: Creating table mydb1.T position=13
2024-04-23T20:46:50,036  INFO [main] parse.CalcitePlanner: Automatically chose to make mydb1.T acid.
2024-04-23T20:46:50,037  INFO [main] HiveMetaStore.audit: ugi=alex	ip=unknown-ip-addr	cmd=get_database: mydb1	
2024-04-23T20:46:50,041  INFO [main] parse.CalcitePlanner: Ending caching scope for: 
2024-04-23T20:46:50,041  INFO [main] ql.Driver: Semantic Analysis Completed (retrial = false)
2024-04-23T20:46:50,041  INFO [main] ql.Driver: Created Hive schema: Schema(fieldSchemas:null, properties:null)
2024-04-23T20:46:50,041  INFO [main] metadata.Hive: Dumping metastore api call timing information for : compilation phase
2024-04-23T20:46:50,042  INFO [main] metadata.Hive: Total time spent in each metastore function (ms): {commitTxn_(CommitTxnRequest)=14, getDatabase_(String)=5, flushCache_()=0, getValidWriteIds_(List, String)=7, openTxn_(String, TxnType)=2, isCompatibleWith_(Configuration)=1, getValidTxns_(long)=0}
2024-04-23T20:46:50,042  INFO [main] ql.Driver: Completed compiling command(queryId=alex_20240423204650_86a5703e-f505-44b8-ab02-9469859702f2); Time taken: 0.016 seconds
2024-04-23T20:46:50,042  INFO [main] lockmgr.DbTxnManager: Setting lock request transaction to txnid:17 for queryId=alex_20240423204650_86a5703e-f505-44b8-ab02-9469859702f2
2024-04-23T20:46:50,042  INFO [main] lockmgr.DbLockManager: Requesting lock for queryId=alex_20240423204650_86a5703e-f505-44b8-ab02-9469859702f2
2024-04-23T20:46:50,064  INFO [main] lockmgr.DbLockManager: Response to queryId=alex_20240423204650_86a5703e-f505-44b8-ab02-9469859702f2 LockResponse(lockid:7, state:ACQUIRED)
2024-04-23T20:46:50,064  INFO [main] ql.Driver: Operation CREATETABLE obtained 1 locks
2024-04-23T20:46:50,065  INFO [main] ql.Driver: Executing command(queryId=alex_20240423204650_86a5703e-f505-44b8-ab02-9469859702f2): create table mydb1.T(a int, b int) stored as orc
2024-04-23T20:46:50,065  INFO [main] ql.Driver: Starting task [Stage-0:DDL] in serial mode
2024-04-23T20:46:50,066  INFO [main] HiveMetaStore.audit: ugi=alex	ip=unknown-ip-addr	cmd=create_table_req: Table(tableName:T, dbName:mydb1, owner:alex, createTime:1713930410, lastAccessTime:0, retention:0, sd:StorageDescriptor(cols:[FieldSchema(name:a, type:int, comment:null), FieldSchema(name:b, type:int, comment:null)], location:null, inputFormat:org.apache.hadoop.hive.ql.io.orc.OrcInputFormat, outputFormat:org.apache.hadoop.hive.ql.io.orc.OrcOutputFormat, compressed:false, numBuckets:-1, serdeInfo:SerDeInfo(name:null, serializationLib:org.apache.hadoop.hive.ql.io.orc.OrcSerde, parameters:{serialization.format=1}), bucketCols:[], sortCols:[], parameters:{}, skewedInfo:SkewedInfo(skewedColNames:[], skewedColValues:[], skewedColValueLocationMaps:{}), storedAsSubDirectories:false), partitionKeys:[], parameters:{numRows=0, numFiles=0, numFilesErasureCoded=0, transactional=true, bucketing_version=2, transactional_properties=default, COLUMN_STATS_ACCURATE={"BASIC_STATS":"true","COLUMN_STATS":{"a":"true","b":"true"}}, totalSize=0, rawDataSize=0}, viewOriginalText:null, viewExpandedText:null, tableType:MANAGED_TABLE, privileges:PrincipalPrivilegeSet(userPrivileges:{alex=[PrivilegeGrantInfo(privilege:INSERT, createTime:-1, grantor:alex, grantorType:USER, grantOption:true), PrivilegeGrantInfo(privilege:SELECT, createTime:-1, grantor:alex, grantorType:USER, grantOption:true), PrivilegeGrantInfo(privilege:UPDATE, createTime:-1, grantor:alex, grantorType:USER, grantOption:true), PrivilegeGrantInfo(privilege:DELETE, createTime:-1, grantor:alex, grantorType:USER, grantOption:true)]}, groupPrivileges:null, rolePrivileges:null), temporary:false, catName:hive, ownerType:USER, writeId:0)	
2024-04-23T20:46:50,076  INFO [main] utils.FileUtils: Creating directory if it doesn't exist: file:/home/alex/Repositories/hive/ql/target/tmp/org.apache.hadoop.hive.ql.TestTxnCommands3-1713930356371/warehouse/mydb1.db/t
2024-04-23T20:46:50,116  INFO [main] metadata.Hive: Dumping metastore api call timing information for : execution phase
2024-04-23T20:46:50,116  INFO [main] metadata.Hive: Total time spent in each metastore function (ms): {createTable_(Table)=49, isCompatibleWith_(Configuration)=0}
2024-04-23T20:46:50,116  INFO [main] ql.Driver: Completed executing command(queryId=alex_20240423204650_86a5703e-f505-44b8-ab02-9469859702f2); Time taken: 0.051 seconds
2024-04-23T20:46:50,116  INFO [main] lockmgr.DbTxnManager: Stopped heartbeat for query: alex_20240423204650_86a5703e-f505-44b8-ab02-9469859702f2
2024-04-23T20:46:50,121  INFO [main] txn.TxnHandler: Expected to move at least one record from txn_components to completed_txn_components when committing txn! txnid:17
2024-04-23T20:46:50,128  INFO [main] txn.TxnHandler: Removed transactions: ([17]) from MIN_HISTORY_LEVEL
2024-04-23T20:46:50,129  WARN [main] txn.CompactionTxnHandler: No compaction queue record found for Compaction type transaction commit. txnId:17
2024-04-23T20:46:50,129  INFO [main] ql.TxnCommandsBaseForTests: Running the query: insert into mydb1.T values(1,2),(4,5)
2024-04-23T20:46:50,130  INFO [main] ql.Driver: Compiling command(queryId=alex_20240423204650_4cb3abf1-cb63-4f73-a2eb-3e6503dabb8b): insert into mydb1.T values(1,2),(4,5)
2024-04-23T20:46:50,134  INFO [main] txn.TxnHandler: Added entries to MIN_HISTORY_LEVEL for current txns: ([18]) with min_open_txn: 1
2024-04-23T20:46:50,134  INFO [main] lockmgr.DbTxnManager: Opened txnid:18
2024-04-23T20:46:50,135  INFO [main] parse.CalcitePlanner: Starting caching scope for: 
2024-04-23T20:46:50,135  INFO [main] parse.CalcitePlanner: Starting Semantic Analysis
2024-04-23T20:46:50,140  INFO [main] HiveMetaStore.audit: ugi=alex	ip=unknown-ip-addr	cmd=get_table : tbl=hive.mydb1.T	
2024-04-23T20:46:50,164  INFO [main] metastore.HMSHandler: Skipping translation for processor with null
2024-04-23T20:46:50,164  INFO [main] parse.CalcitePlanner: Completed phase 1 of Semantic Analysis
2024-04-23T20:46:50,164  INFO [main] parse.CalcitePlanner: Get metadata for source tables
2024-04-23T20:46:50,164  INFO [main] parse.CalcitePlanner: Get metadata for subqueries
2024-04-23T20:46:50,164  INFO [main] parse.CalcitePlanner: Get metadata for destination tables
2024-04-23T20:46:50,165  INFO [main] HiveMetaStore.audit: ugi=alex	ip=unknown-ip-addr	cmd=get_table : tbl=hive.mydb1.T	
2024-04-23T20:46:50,173  INFO [main] metastore.HMSHandler: Skipping translation for processor with null
2024-04-23T20:46:50,174  INFO [main] parse.CalcitePlanner: Completed getting MetaData in Semantic Analysis
2024-04-23T20:46:50,174  INFO [main] parse.CalcitePlanner: Disabling LLAP IO encode as ETL query is detected
2024-04-23T20:46:50,199  INFO [main] HiveMetaStore.audit: ugi=alex	ip=unknown-ip-addr	cmd=get_all_table_constraints : tbl=hive._dummy_database._dummy_table	
2024-04-23T20:46:50,295  INFO [main] parse.CalcitePlanner: Get metadata for source tables
2024-04-23T20:46:50,295  INFO [main] parse.CalcitePlanner: Get metadata for subqueries
2024-04-23T20:46:50,295  INFO [main] parse.CalcitePlanner: Get metadata for source tables
2024-04-23T20:46:50,296  INFO [main] HiveMetaStore.audit: ugi=alex	ip=unknown-ip-addr	cmd=get_table : tbl=hive._dummy_database._dummy_table	
2024-04-23T20:46:50,300  INFO [main] parse.CalcitePlanner: Get metadata for subqueries
2024-04-23T20:46:50,300  INFO [main] parse.CalcitePlanner: Get metadata for destination tables
2024-04-23T20:46:50,300  INFO [main] parse.CalcitePlanner: Get metadata for destination tables
2024-04-23T20:46:50,300  INFO [main] HiveMetaStore.audit: ugi=alex	ip=unknown-ip-addr	cmd=get_table : tbl=hive.mydb1.T	
2024-04-23T20:46:50,310  INFO [main] metastore.HMSHandler: Skipping translation for processor with null
2024-04-23T20:46:50,313  INFO [main] HiveMetaStore.audit: ugi=alex	ip=unknown-ip-addr	cmd=get_not_null_constraints : tbl=hive.mydb1.t	
2024-04-23T20:46:50,315  INFO [main] HiveMetaStore.audit: ugi=alex	ip=unknown-ip-addr	cmd=get_check_constraints : tbl=hive.mydb1.t	
2024-04-23T20:46:50,326  INFO [main] txn.TxnHandler: Allocated writeId: 1 for txnId: 18
2024-04-23T20:46:50,326  INFO [main] txn.TxnHandler: Allocated write ids for dbName=mydb1, tblName=t (txnIds: [18])
2024-04-23T20:46:50,334  INFO [main] parse.CalcitePlanner: CBO Succeeded; optimized logical plan.
2024-04-23T20:46:50,338  INFO [main] optimizer.BucketVersionPopulator: not considering bucketingVersion for: TS[0] because it has -1<2 buckets 
2024-04-23T20:46:50,339  INFO [main] optimizer.SortedDynPartitionOptimizer: Sorted dynamic partitioning optimization kicked in..
2024-04-23T20:46:50,350  INFO [main] HiveMetaStore.audit: ugi=alex	ip=unknown-ip-addr	cmd=get_table : tbl=hive.mydb1.t	
2024-04-23T20:46:50,358  INFO [main] metastore.HMSHandler: Skipping translation for processor with null
2024-04-23T20:46:50,359  INFO [main] physical.Vectorizer: Examining input format to see if vectorization is enabled.
2024-04-23T20:46:50,360  INFO [main] physical.Vectorizer: Map vectorization enabled: false
2024-04-23T20:46:50,360  INFO [main] physical.Vectorizer: Map vectorized: false
2024-04-23T20:46:50,360  INFO [main] physical.Vectorizer: Map vectorizedVertexNum: 0
2024-04-23T20:46:50,360  INFO [main] physical.Vectorizer: Map enabledConditionsMet: [hive.vectorized.use.vectorized.input.format IS true]
2024-04-23T20:46:50,360  INFO [main] physical.Vectorizer: Map enabledConditionsNotMet: [Could not enable vectorization due to partition column names size 1 is greater than the number of table column names size 0 IS false]
2024-04-23T20:46:50,360  INFO [main] physical.Vectorizer: Map inputFileFormatClassNameSet: [org.apache.hadoop.hive.ql.io.NullRowsInputFormat]
2024-04-23T20:46:50,360  INFO [main] parse.CalcitePlanner: Completed plan generation
2024-04-23T20:46:50,360  INFO [main] parse.CalcitePlanner: Ending caching scope for: 
2024-04-23T20:46:50,360  INFO [main] ql.Driver: Semantic Analysis Completed (retrial = false)
2024-04-23T20:46:50,360  INFO [main] ql.Driver: Created Hive schema: Schema(fieldSchemas:[FieldSchema(name:col1, type:int, comment:null), FieldSchema(name:col2, type:int, comment:null)], properties:null)
2024-04-23T20:46:50,360  INFO [main] metadata.Hive: Dumping metastore api call timing information for : compilation phase
2024-04-23T20:46:50,360  INFO [main] metadata.Hive: Total time spent in each metastore function (ms): {getCheckConstraints_(CheckConstraintsRequest)=2, openTxn_(String, TxnType)=3, getAllTableConstraints_(AllTableConstraintsRequest)=35, isCompatibleWith_(Configuration)=0, getNotNullConstraints_(NotNullConstraintsRequest)=2, commitTxn_(CommitTxnRequest)=13, getValidTxns_(long)=1, getTable_(GetTableRequest)=53, allocateTableWriteId_(long, String, String)=18, getValidWriteIds_(List, String)=6, flushCache_()=0}
2024-04-23T20:46:50,361  INFO [main] ql.Driver: Completed compiling command(queryId=alex_20240423204650_4cb3abf1-cb63-4f73-a2eb-3e6503dabb8b); Time taken: 0.23 seconds
2024-04-23T20:46:50,361  INFO [main] lockmgr.DbTxnManager: Setting lock request transaction to txnid:18 for queryId=alex_20240423204650_4cb3abf1-cb63-4f73-a2eb-3e6503dabb8b
2024-04-23T20:46:50,361  INFO [main] lockmgr.DbLockManager: Requesting lock for queryId=alex_20240423204650_4cb3abf1-cb63-4f73-a2eb-3e6503dabb8b
2024-04-23T20:46:50,381  INFO [main] lockmgr.DbLockManager: Response to queryId=alex_20240423204650_4cb3abf1-cb63-4f73-a2eb-3e6503dabb8b LockResponse(lockid:8, state:ACQUIRED)
2024-04-23T20:46:50,381  INFO [main] ql.Driver: Operation QUERY obtained 1 locks
2024-04-23T20:46:50,384  INFO [main] ql.Driver: Executing command(queryId=alex_20240423204650_4cb3abf1-cb63-4f73-a2eb-3e6503dabb8b): insert into mydb1.T values(1,2),(4,5)
2024-04-23T20:46:50,385  WARN [main] ql.Driver: Hive-on-MR is deprecated in Hive 2 and may not be available in the future versions. Consider using a different execution engine (i.e. spark, tez) or using Hive 1.X releases.
Query ID = alex_20240423204650_4cb3abf1-cb63-4f73-a2eb-3e6503dabb8b
2024-04-23T20:46:50,385  INFO [main] ql.Driver: Query ID = alex_20240423204650_4cb3abf1-cb63-4f73-a2eb-3e6503dabb8b
Total jobs = 1
2024-04-23T20:46:50,385  INFO [main] ql.Driver: Total jobs = 1
Launching Job 1 out of 1
2024-04-23T20:46:50,385  INFO [main] ql.Driver: Launching Job 1 out of 1
2024-04-23T20:46:50,545  INFO [main] ql.Driver: Starting task [Stage-1:MAPRED] in serial mode
Number of reduce tasks is set to 0 since there's no reduce operator
2024-04-23T20:46:50,545  INFO [main] exec.Task: Number of reduce tasks is set to 0 since there's no reduce operator
2024-04-23T20:46:50,548  INFO [main] mr.ExecDriver: Using org.apache.hadoop.hive.ql.io.HiveInputFormat
2024-04-23T20:46:50,548  INFO [main] exec.Utilities: Processing alias $hdt$_0:_dummy_table
2024-04-23T20:46:50,548  INFO [main] exec.Utilities: Adding 1 inputs; the first input is file:/home/alex/Repositories/hive/ql/target/tmp/localscratchdir/e2db9dbb-76ad-48a2-966a-36e5a6703fe2/hive_2024-04-23_20-46-50_130_1893362042622477516-1/dummy_path
2024-04-23T20:46:50,568  INFO [main] exec.SerializationUtilities: Serializing MapWork using kryo
2024-04-23T20:46:50,570  INFO [main] exec.Utilities: Serialized plan (via FILE) - name: null size: 5,74KB
2024-04-23T20:46:50,571  WARN [main] impl.MetricsSystemImpl: JobTracker metrics system already initialized!
2024-04-23T20:46:50,575  INFO [main] fs.FSStatsPublisher: created : file:/home/alex/Repositories/hive/ql/target/tmp/localscratchdir/e2db9dbb-76ad-48a2-966a-36e5a6703fe2/hive_2024-04-23_20-46-50_130_1893362042622477516-1/-mr-10000
2024-04-23T20:46:50,577  WARN [main] impl.MetricsSystemImpl: JobTracker metrics system already initialized!
2024-04-23T20:46:50,585  WARN [main] mapreduce.JobResourceUploader: Hadoop command-line option parsing not performed. Implement the Tool interface and execute your application with ToolRunner to remedy this.
2024-04-23T20:46:50,590  WARN [main] mapreduce.JobResourceUploader: No job jar file set.  User classes may not be found. See Job or Job#setJar(String).
2024-04-23T20:46:50,591  INFO [main] io.HiveInputFormat: hive.io.file.readcolumn.ids = 
2024-04-23T20:46:50,592  INFO [main] io.HiveInputFormat: hive.io.file.readcolumn.names = 
2024-04-23T20:46:50,592  INFO [main] io.HiveInputFormat: Generating splits for dirs: file:/home/alex/Repositories/hive/ql/target/tmp/localscratchdir/e2db9dbb-76ad-48a2-966a-36e5a6703fe2/hive_2024-04-23_20-46-50_130_1893362042622477516-1/dummy_path
2024-04-23T20:46:50,592  INFO [main] io.HiveInputFormat: number of splits 1
2024-04-23T20:46:50,613  INFO [main] mapreduce.JobSubmitter: number of splits:1
2024-04-23T20:46:50,640  INFO [main] mapreduce.JobSubmitter: Submitting tokens for job: job_local788615700_0015
2024-04-23T20:46:50,640  INFO [main] mapreduce.JobSubmitter: Executing with tokens: []
2024-04-23T20:46:50,709  INFO [main] mapreduce.Job: The url to track the job: http://localhost:8080/
Job running in-process (local Hadoop)
2024-04-23T20:46:50,710  INFO [main] exec.Task: Job running in-process (local Hadoop)
2024-04-23T20:46:50,710  INFO [Thread-1025] mapred.LocalJobRunner: OutputCommitter set in config org.apache.hadoop.hive.ql.io.HiveFileFormatUtils$NullOutputCommitter
2024-04-23T20:46:50,710  INFO [Thread-1025] mapred.LocalJobRunner: OutputCommitter is org.apache.hadoop.hive.ql.io.HiveFileFormatUtils$NullOutputCommitter
2024-04-23T20:46:50,712  INFO [Thread-1025] mapred.LocalJobRunner: Waiting for map tasks
2024-04-23T20:46:50,712  INFO [LocalJobRunner Map Task Executor #0] mapred.LocalJobRunner: Starting task: attempt_local788615700_0015_m_000000_0
2024-04-23T20:46:50,715  INFO [LocalJobRunner Map Task Executor #0] mapred.Task:  Using ResourceCalculatorProcessTree : [ ]
2024-04-23T20:46:50,716  INFO [LocalJobRunner Map Task Executor #0] mapred.MapTask: Processing split: org.apache.hadoop.hive.ql.io.NullRowsInputFormat:file:/home/alex/Repositories/hive/ql/target/tmp/localscratchdir/e2db9dbb-76ad-48a2-966a-36e5a6703fe2/hive_2024-04-23_20-46-50_130_1893362042622477516-1/dummy_path/null:0+1
2024-04-23T20:46:50,719  INFO [LocalJobRunner Map Task Executor #0] exec.SerializationUtilities: Deserializing MapWork using kryo
2024-04-23T20:46:50,719  INFO [LocalJobRunner Map Task Executor #0] exec.Utilities: Deserialized plan (via FILE) - name: null size: 5,74KB
2024-04-23T20:46:50,720  INFO [LocalJobRunner Map Task Executor #0] mapred.MapTask: numReduceTasks: 0
2024-04-23T20:46:50,723  INFO [LocalJobRunner Map Task Executor #0] exec.MapOperator: Initializing Operator: MAP[0]
2024-04-23T20:46:50,723  INFO [LocalJobRunner Map Task Executor #0] mr.ExecMapper: 
<MAP>Id =0
  <Children>null
  <\Children>
  <Parent><\Parent>
<\MAP>
2024-04-23T20:46:50,724  INFO [LocalJobRunner Map Task Executor #0] exec.TableScanOperator: Initializing Operator: TS[0]
2024-04-23T20:46:50,724  INFO [LocalJobRunner Map Task Executor #0] exec.SelectOperator: Initializing Operator: SEL[1]
2024-04-23T20:46:50,724  INFO [LocalJobRunner Map Task Executor #0] exec.SelectOperator: SELECT null
2024-04-23T20:46:50,724  INFO [LocalJobRunner Map Task Executor #0] exec.UDTFOperator: Initializing Operator: UDTF[2]
2024-04-23T20:46:50,724  INFO [LocalJobRunner Map Task Executor #0] exec.SelectOperator: Initializing Operator: SEL[3]
2024-04-23T20:46:50,724  INFO [LocalJobRunner Map Task Executor #0] exec.SelectOperator: SELECT struct<col1:int,col2:int>
2024-04-23T20:46:50,725  INFO [LocalJobRunner Map Task Executor #0] exec.FileSinkOperator: Initializing Operator: FS[4]
2024-04-23T20:46:50,725  INFO [LocalJobRunner Map Task Executor #0] exec.FileSinkOperator: Using serializer : AbstractSerDe [log=org.apache.logging.slf4j.Log4jLogger@7210f038, configuration=Optional[Configuration: core-default.xml, core-site.xml, mapred-default.xml, mapred-site.xml, yarn-default.xml, yarn-site.xml, hdfs-default.xml, hdfs-site.xml, file:/home/alex/Repositories/hive/ql/target/tmp/TestTxnCommands3/mapred/local/localRunner/alex/job_local788615700_0015/job_local788615700_0015.xml], properties={transactional_properties=default, name=mydb1.t, transactional=true, columns.types=int:int, columns=a,b, numFilesErasureCoded=0, columns.comments=&amp#0;, bucketing_version=2, serialization.lib=org.apache.hadoop.hive.ql.io.orc.OrcSerde, file.inputformat=org.apache.hadoop.hive.ql.io.orc.OrcInputFormat, file.outputformat=org.apache.hadoop.hive.ql.io.orc.OrcOutputFormat, location=file:/home/alex/Repositories/hive/ql/target/tmp/org.apache.hadoop.hive.ql.TestTxnCommands3-1713930356371/warehouse/mydb1.db/t, column.name.delimiter=,}, tableProperties={transactional_properties=default, name=mydb1.t, transactional=true, columns.types=int:int, columns=a,b, numFilesErasureCoded=0, columns.comments=&amp#0;, bucketing_version=2, serialization.lib=org.apache.hadoop.hive.ql.io.orc.OrcSerde, file.inputformat=org.apache.hadoop.hive.ql.io.orc.OrcInputFormat, location=file:/home/alex/Repositories/hive/ql/target/tmp/org.apache.hadoop.hive.ql.TestTxnCommands3-1713930356371/warehouse/mydb1.db/t, file.outputformat=org.apache.hadoop.hive.ql.io.orc.OrcOutputFormat, column.name.delimiter=,}, partitionProperties=Optional.empty, columnNames=[a, b], columnTypes=[int, int], getClass()=class org.apache.hadoop.hive.ql.io.orc.OrcSerde] and formatter : org.apache.hadoop.hive.ql.io.orc.OrcOutputFormat@f8807df
2024-04-23T20:46:50,726  INFO [LocalJobRunner Map Task Executor #0] exec.FileSinkOperator: Final Path: FS file:/home/alex/Repositories/hive/ql/target/tmp/org.apache.hadoop.hive.ql.TestTxnCommands3-1713930356371/warehouse/mydb1.db/t
2024-04-23T20:46:50,726  INFO [LocalJobRunner Map Task Executor #0] exec.FileSinkOperator: New Final Path: FS file:/home/alex/Repositories/hive/ql/target/tmp/org.apache.hadoop.hive.ql.TestTxnCommands3-1713930356371/warehouse/mydb1.db/t
2024-04-23T20:46:50,726  INFO [LocalJobRunner Map Task Executor #0] common.FileUtils: Creating directory if it doesn't exist: file:/home/alex/Repositories/hive/ql/target/tmp/org.apache.hadoop.hive.ql.TestTxnCommands3-1713930356371/warehouse/mydb1.db
2024-04-23T20:46:50,729  INFO [LocalJobRunner Map Task Executor #0] exec.FileSinkOperator: FS[4]: records written - 1
2024-04-23T20:46:50,729  INFO [LocalJobRunner Map Task Executor #0] impl.PhysicalFsWriter: ORC writer created for path: file:/home/alex/Repositories/hive/ql/target/tmp/org.apache.hadoop.hive.ql.TestTxnCommands3-1713930356371/warehouse/mydb1.db/t/delta_0000001_0000001_0000/bucket_00000_0 with stripeSize: 8388608 blockSize: 268435456 compression: Compress: ZLIB buffer: 32768
2024-04-23T20:46:50,737  INFO [LocalJobRunner Map Task Executor #0] impl.WriterImpl: ORC writer created for path: file:/home/alex/Repositories/hive/ql/target/tmp/org.apache.hadoop.hive.ql.TestTxnCommands3-1713930356371/warehouse/mydb1.db/t/delta_0000001_0000001_0000/bucket_00000_0 with stripeSize: 8388608 options: Compress: ZLIB buffer: 32768
2024-04-23T20:46:50,742  INFO [LocalJobRunner Map Task Executor #0] exec.MapOperator: MAP[0]: records read - 1
2024-04-23T20:46:50,742  INFO [LocalJobRunner Map Task Executor #0] exec.MapOperator: Closing Operator: MAP[0]
2024-04-23T20:46:50,742  INFO [LocalJobRunner Map Task Executor #0] exec.MapOperator: MAP[0]: Total records read - 3. abort - false
2024-04-23T20:46:50,742  INFO [LocalJobRunner Map Task Executor #0] exec.MapOperator: RECORDS_IN:3, DESERIALIZE_ERRORS:0, RECORDS_OUT_INTERMEDIATE:0, RECORDS_OUT_OPERATOR_MAP_0:0, 
2024-04-23T20:46:50,742  INFO [LocalJobRunner Map Task Executor #0] exec.TableScanOperator: Closing Operator: TS[0]
2024-04-23T20:46:50,742  INFO [LocalJobRunner Map Task Executor #0] exec.TableScanOperator: RECORDS_OUT_OPERATOR_TS_0:1, RECORDS_OUT_INTERMEDIATE:0, 
2024-04-23T20:46:50,742  INFO [LocalJobRunner Map Task Executor #0] exec.SelectOperator: Closing Operator: SEL[1]
2024-04-23T20:46:50,743  INFO [LocalJobRunner Map Task Executor #0] exec.SelectOperator: RECORDS_OUT_OPERATOR_SEL_1:1, RECORDS_OUT_INTERMEDIATE:0, 
2024-04-23T20:46:50,743  INFO [LocalJobRunner Map Task Executor #0] exec.UDTFOperator: Closing Operator: UDTF[2]
2024-04-23T20:46:50,743  INFO [LocalJobRunner Map Task Executor #0] exec.UDTFOperator: RECORDS_OUT_OPERATOR_UDTF_2:2, RECORDS_OUT_INTERMEDIATE:0, 
2024-04-23T20:46:50,743  INFO [LocalJobRunner Map Task Executor #0] exec.SelectOperator: Closing Operator: SEL[3]
2024-04-23T20:46:50,743  INFO [LocalJobRunner Map Task Executor #0] exec.SelectOperator: RECORDS_OUT_INTERMEDIATE:0, RECORDS_OUT_OPERATOR_SEL_3:2, 
2024-04-23T20:46:50,743  INFO [LocalJobRunner Map Task Executor #0] exec.FileSinkOperator: Closing Operator: FS[4]
2024-04-23T20:46:50,743  INFO [LocalJobRunner Map Task Executor #0] exec.FileSinkOperator: FS[4]: records written - 2
2024-04-23T20:46:50,746  INFO [LocalJobRunner Map Task Executor #0] FileOperations: Writing manifest to file:/home/alex/Repositories/hive/ql/target/tmp/org.apache.hadoop.hive.ql.TestTxnCommands3-1713930356371/warehouse/mydb1.db/t/_tmp.delta_0000001_0000001_0000/000000_0.manifest with [file:/home/alex/Repositories/hive/ql/target/tmp/org.apache.hadoop.hive.ql.TestTxnCommands3-1713930356371/warehouse/mydb1.db/t/delta_0000001_0000001_0000/bucket_00000_0]
2024-04-23T20:46:50,760  INFO [LocalJobRunner Map Task Executor #0] exec.FileSinkOperator: TOTAL_TABLE_ROWS_WRITTEN:2, RECORDS_OUT_INTERMEDIATE:0, RECORDS_OUT_1_mydb1.t:2, RECORDS_OUT_OPERATOR_FS_4:2, 
2024-04-23T20:46:50,761  INFO [LocalJobRunner Map Task Executor #0] mapred.LocalJobRunner: 
2024-04-23T20:46:50,764  INFO [LocalJobRunner Map Task Executor #0] mapred.Task: Task:attempt_local788615700_0015_m_000000_0 is done. And is in the process of committing
2024-04-23T20:46:50,765  INFO [LocalJobRunner Map Task Executor #0] mapred.LocalJobRunner: map
2024-04-23T20:46:50,765  INFO [LocalJobRunner Map Task Executor #0] mapred.Task: Task 'attempt_local788615700_0015_m_000000_0' done.
2024-04-23T20:46:50,765  INFO [LocalJobRunner Map Task Executor #0] mapred.Task: Final Counters for attempt_local788615700_0015_m_000000_0: Counters: 27
	File System Counters
		FILE: Number of bytes read=255254
		FILE: Number of bytes written=17690665
		FILE: Number of read operations=0
		FILE: Number of large read operations=0
		FILE: Number of write operations=0
	Map-Reduce Framework
		Map input records=4
		Map output records=0
		Input split bytes=361
		Spilled Records=0
		Failed Shuffles=0
		Merged Map outputs=0
		GC time elapsed (ms)=0
		Total committed heap usage (bytes)=1458044928
	HIVE
		CREATED_FILES=1
		DESERIALIZE_ERRORS=0
		RECORDS_IN=3
		RECORDS_OUT_1_mydb1.t=2
		RECORDS_OUT_INTERMEDIATE=0
		RECORDS_OUT_OPERATOR_FS_4=2
		RECORDS_OUT_OPERATOR_MAP_0=0
		RECORDS_OUT_OPERATOR_SEL_1=1
		RECORDS_OUT_OPERATOR_SEL_3=2
		RECORDS_OUT_OPERATOR_TS_0=1
		RECORDS_OUT_OPERATOR_UDTF_2=2
		TOTAL_TABLE_ROWS_WRITTEN=2
	File Input Format Counters 
		Bytes Read=5795
	File Output Format Counters 
		Bytes Written=0
2024-04-23T20:46:50,765  INFO [LocalJobRunner Map Task Executor #0] mapred.LocalJobRunner: Finishing task: attempt_local788615700_0015_m_000000_0
2024-04-23T20:46:50,765  INFO [Thread-1025] mapred.LocalJobRunner: map task executor complete.
2024-04-23 20:46:51,713 Stage-1 map = 100%,  reduce = 0%
2024-04-23T20:46:51,713  INFO [main] exec.Task: 2024-04-23 20:46:51,713 Stage-1 map = 100%,  reduce = 0%
Ended Job = job_local788615700_0015
2024-04-23T20:46:51,715  INFO [main] exec.Task: Ended Job = job_local788615700_0015
2024-04-23T20:46:51,716  INFO [main] FileOperations: Found manifest file file:/home/alex/Repositories/hive/ql/target/tmp/org.apache.hadoop.hive.ql.TestTxnCommands3-1713930356371/warehouse/mydb1.db/t/_tmp.delta_0000001_0000001_0000/000000_0.manifest with attemptId 0.
2024-04-23T20:46:51,716  INFO [main] FileOperations: Looking at manifest file: file:/home/alex/Repositories/hive/ql/target/tmp/org.apache.hadoop.hive.ql.TestTxnCommands3-1713930356371/warehouse/mydb1.db/t/_tmp.delta_0000001_0000001_0000/000000_0.manifest
2024-04-23T20:46:51,717  INFO [main] FileOperations: Deleting manifest directory file:/home/alex/Repositories/hive/ql/target/tmp/org.apache.hadoop.hive.ql.TestTxnCommands3-1713930356371/warehouse/mydb1.db/t/_tmp.delta_0000001_0000001_0000
2024-04-23T20:46:51,718  INFO [main] ql.Driver: Starting task [Stage-0:MOVE] in serial mode
Loading data to table mydb1.t
2024-04-23T20:46:51,718  INFO [main] exec.Task: Loading data to table mydb1.t from file:/home/alex/Repositories/hive/ql/target/tmp/org.apache.hadoop.hive.ql.TestTxnCommands3-1713930356371/warehouse/mydb1.db/t
2024-04-23T20:46:51,719  INFO [main] HiveMetaStore.audit: ugi=alex	ip=unknown-ip-addr	cmd=get_table : tbl=hive.mydb1.t	
2024-04-23T20:46:51,730  INFO [main] metastore.HMSHandler: Skipping translation for processor with null
2024-04-23T20:46:51,732  INFO [main] HiveMetaStore.audit: ugi=alex	ip=unknown-ip-addr	cmd=get_table : tbl=hive.mydb1.t	
2024-04-23T20:46:51,744  INFO [main] metastore.HMSHandler: Skipping translation for processor with null
2024-04-23T20:46:51,746  INFO [main] HiveMetaStore.audit: ugi=alex	ip=unknown-ip-addr	cmd=alter_table: hive.mydb1.t newtbl=t	
2024-04-23T20:46:51,781  INFO [main] ql.Driver: Starting task [Stage-2:STATS] in serial mode
2024-04-23T20:46:51,782  INFO [main] HiveMetaStore.audit: ugi=alex	ip=unknown-ip-addr	cmd=get_table : tbl=hive.mydb1.t	
2024-04-23T20:46:51,790  INFO [main] metastore.HMSHandler: Skipping translation for processor with null
2024-04-23T20:46:51,790  INFO [main] stats.BasicStatsTask: Executing stats task
2024-04-23T20:46:51,791  INFO [main] fs.FSStatsPublisher: created : file:/home/alex/Repositories/hive/ql/target/tmp/localscratchdir/e2db9dbb-76ad-48a2-966a-36e5a6703fe2/hive_2024-04-23_20-46-50_130_1893362042622477516-1/-mr-10000
2024-04-23T20:46:51,792  INFO [main] HiveMetaStore.audit: ugi=alex	ip=unknown-ip-addr	cmd=get_table : tbl=hive.mydb1.t	
2024-04-23T20:46:51,800  INFO [main] metastore.HMSHandler: Skipping translation for processor with null
2024-04-23T20:46:51,809  WARN [main] FileOperations: Computing stats for an ACID table; stats may be inaccurate
2024-04-23T20:46:51,809  INFO [main] FileOperations: Read stats for mydb1.t/, numRows, true, 2, false: 
2024-04-23T20:46:51,809  INFO [main] FileOperations: Read stats for mydb1.t/, rawDataSize, true, 0, false: 
2024-04-23T20:46:51,810  INFO [main] HiveMetaStore.audit: ugi=alex	ip=unknown-ip-addr	cmd=alter_table: hive.mydb1.t newtbl=t	
2024-04-23T20:46:51,835  INFO [main] FileOperations: Read stats for mydb1.t/, insertCount, true, 2, false: 
2024-04-23T20:46:51,835  INFO [main] FileOperations: Read stats for mydb1.t/, updateCount, true, 0, false: 
2024-04-23T20:46:51,835  INFO [main] FileOperations: Read stats for mydb1.t/, deleteCount, true, 0, false: 
2024-04-23T20:46:51,839  INFO [main] stats.BasicStatsTask: Table mydb1.t stats: [numFiles=1, numRows=2, totalSize=687, rawDataSize=0, numFilesErasureCoded=0]
2024-04-23T20:46:51,839  INFO [main] metadata.Hive: Dumping metastore api call timing information for : execution phase
2024-04-23T20:46:51,840  INFO [main] metadata.Hive: Total time spent in each metastore function (ms): {alter_table_(String, String, String, Table, EnvironmentContext, String)=61, isCompatibleWith_(Configuration)=0, getTable_(GetTableRequest)=44, updateTransactionalStatistics_(UpdateTransactionalStatsRequest)=4}
MapReduce Jobs Launched: 
2024-04-23T20:46:51,840  INFO [main] ql.Driver: MapReduce Jobs Launched: 
Stage-Stage-1:  HDFS Read: 0 HDFS Write: 0 SUCCESS
2024-04-23T20:46:51,840  INFO [main] ql.Driver: Stage-Stage-1:  HDFS Read: 0 HDFS Write: 0 SUCCESS
Total MapReduce CPU Time Spent: 0 msec
2024-04-23T20:46:51,840  INFO [main] ql.Driver: Total MapReduce CPU Time Spent: 0 msec
2024-04-23T20:46:51,840  INFO [main] ql.Driver: Completed executing command(queryId=alex_20240423204650_4cb3abf1-cb63-4f73-a2eb-3e6503dabb8b); Time taken: 1.455 seconds
2024-04-23T20:46:51,840  INFO [main] lockmgr.DbTxnManager: Stopped heartbeat for query: alex_20240423204650_4cb3abf1-cb63-4f73-a2eb-3e6503dabb8b
2024-04-23T20:46:51,852  INFO [main] txn.TxnHandler: Removed transactions: ([18]) from MIN_HISTORY_LEVEL
2024-04-23T20:46:51,853  WARN [main] txn.CompactionTxnHandler: No compaction queue record found for Compaction type transaction commit. txnId:18
2024-04-23T20:46:51,854  INFO [main] ql.TxnCommandsBaseForTests: Running the query: update mydb1.T set b = 6 where b = 5
2024-04-23T20:46:51,854  INFO [main] ql.Context: Deleting scratch dir: file:/home/alex/Repositories/hive/ql/target/tmp/localscratchdir/e2db9dbb-76ad-48a2-966a-36e5a6703fe2/hive_2024-04-23_20-46-50_130_1893362042622477516-1
2024-04-23T20:46:51,855  INFO [main] cleanup.SyncCleanupService: Deleted directory: file:/home/alex/Repositories/hive/ql/target/tmp/localscratchdir/e2db9dbb-76ad-48a2-966a-36e5a6703fe2/hive_2024-04-23_20-46-50_130_1893362042622477516-1 on fs with scheme file
2024-04-23T20:46:51,855  INFO [main] ql.Driver: Compiling command(queryId=alex_20240423204651_35a07024-e916-4e98-8383-b6762dcbd015): update mydb1.T set b = 6 where b = 5
2024-04-23T20:46:51,861  INFO [main] txn.TxnHandler: Added entries to MIN_HISTORY_LEVEL for current txns: ([19]) with min_open_txn: 19
2024-04-23T20:46:51,862  INFO [main] lockmgr.DbTxnManager: Opened txnid:19
2024-04-23T20:46:51,866  INFO [main] parse.UpdateDeleteSemanticAnalyzer: Starting caching scope for: 
2024-04-23T20:46:51,866  INFO [main] HiveMetaStore.audit: ugi=alex	ip=unknown-ip-addr	cmd=get_table : tbl=hive.mydb1.T	
2024-04-23T20:46:51,874  INFO [main] metastore.HMSHandler: Skipping translation for processor with null
2024-04-23T20:46:51,875  INFO [main] parse.RewriteSemanticAnalyzer: Going to reparse <update mydb1.T set b = 6 where b = 5> as 
<insert into table `mydb1`.`T` select ROW__ID,`a`,`b` from `mydb1`.`T` sort by ROW__ID >
2024-04-23T20:46:51,876  INFO [main] parse.UpdateDeleteSemanticAnalyzer: Starting Semantic Analysis
2024-04-23T20:46:51,882  INFO [main] HiveMetaStore.audit: ugi=alex	ip=unknown-ip-addr	cmd=get_table : tbl=hive.mydb1.T	
2024-04-23T20:46:51,893  INFO [main] metastore.HMSHandler: Skipping translation for processor with null
2024-04-23T20:46:51,893  INFO [main] parse.UpdateDeleteSemanticAnalyzer: Completed phase 1 of Semantic Analysis
2024-04-23T20:46:51,893  INFO [main] parse.UpdateDeleteSemanticAnalyzer: Get metadata for source tables
2024-04-23T20:46:51,895  INFO [main] HiveMetaStore.audit: ugi=alex	ip=unknown-ip-addr	cmd=get_table : tbl=hive.mydb1.t	
2024-04-23T20:46:51,906  INFO [main] metastore.HMSHandler: Skipping translation for processor with null
2024-04-23T20:46:51,906  INFO [main] parse.UpdateDeleteSemanticAnalyzer: Get metadata for subqueries
2024-04-23T20:46:51,906  INFO [main] parse.UpdateDeleteSemanticAnalyzer: Get metadata for destination tables
2024-04-23T20:46:51,907  INFO [main] HiveMetaStore.audit: ugi=alex	ip=unknown-ip-addr	cmd=get_table : tbl=hive.mydb1.T	
2024-04-23T20:46:51,917  INFO [main] metastore.HMSHandler: Skipping translation for processor with null
2024-04-23T20:46:51,917  INFO [main] parse.UpdateDeleteSemanticAnalyzer: Completed getting MetaData in Semantic Analysis
2024-04-23T20:46:51,917  INFO [main] parse.UpdateDeleteSemanticAnalyzer: Disabling LLAP IO encode as ETL query is detected
2024-04-23T20:46:51,937  INFO [main] HiveMetaStore.audit: ugi=alex	ip=unknown-ip-addr	cmd=get_all_table_constraints : tbl=hive.mydb1.t	
2024-04-23T20:46:51,949  INFO [main] HiveMetaStore.audit: ugi=alex	ip=unknown-ip-addr	cmd=get_not_null_constraints : tbl=hive.mydb1.t	
2024-04-23T20:46:51,951  INFO [main] HiveMetaStore.audit: ugi=alex	ip=unknown-ip-addr	cmd=get_check_constraints : tbl=hive.mydb1.t	
2024-04-23T20:46:51,985  INFO [main] calcite.RelOptHiveTable: Calculating column statistics for mydb1.t, projIndxSet: [0, 1], allowMissingStats: true
2024-04-23T20:46:51,986  INFO [main] HiveMetaStore.audit: ugi=alex	ip=unknown-ip-addr	cmd=get_table : tbl=hive.mydb1.t	
2024-04-23T20:46:51,998  INFO [main] metastore.HMSHandler: Skipping translation for processor with null
2024-04-23T20:46:52,000  INFO [main] HiveMetaStore.audit: ugi=alex	ip=unknown-ip-addr	cmd=get_table : tbl=hive.mydb1.t	
2024-04-23T20:46:52,011  INFO [main] metastore.HMSHandler: Skipping translation for processor with null
2024-04-23T20:46:52,012  INFO [main] HiveMetaStore.audit: ugi=alex	ip=unknown-ip-addr	cmd=get_table_statistics_req: table=hive.mydb1.t	
2024-04-23T20:46:52,027  WARN [main] calcite.RelOptHiveTable: No Stats for mydb1@t, Columns: b, a
No Stats for mydb1@t, Columns: b, a
2024-04-23T20:46:52,027  INFO [main] SessionState: No Stats for mydb1@t, Columns: b, a
2024-04-23T20:46:52,105  INFO [main] parse.UpdateDeleteSemanticAnalyzer: Get metadata for source tables
2024-04-23T20:46:52,105  INFO [main] parse.UpdateDeleteSemanticAnalyzer: Get metadata for subqueries
2024-04-23T20:46:52,105  INFO [main] parse.UpdateDeleteSemanticAnalyzer: Get metadata for destination tables
2024-04-23T20:46:52,106  INFO [main] HiveMetaStore.audit: ugi=alex	ip=unknown-ip-addr	cmd=get_table : tbl=hive.mydb1.T	
2024-04-23T20:46:52,114  INFO [main] metastore.HMSHandler: Skipping translation for processor with null
2024-04-23T20:46:52,126  INFO [main] txn.TxnHandler: Allocated writeId: 2 for txnId: 19
2024-04-23T20:46:52,126  INFO [main] txn.TxnHandler: Allocated write ids for dbName=mydb1, tblName=t (txnIds: [19])
2024-04-23T20:46:52,138  INFO [main] parse.UpdateDeleteSemanticAnalyzer: CBO Succeeded; optimized logical plan.
2024-04-23T20:46:52,144  INFO [main] optimizer.ColumnPrunerProcFactory: RS 5 oldColExprMap: {VALUE._col1=Column[_col1], VALUE._col0=Column[_col0], VALUE._col2=Column[_col2]}
2024-04-23T20:46:52,144  INFO [main] optimizer.ColumnPrunerProcFactory: RS 5 newColExprMap: {VALUE._col1=Column[_col1], VALUE._col0=Column[_col0], VALUE._col2=Column[_col2]}
2024-04-23T20:46:52,145  INFO [main] optimizer.ColumnPrunerProcFactory: RS 3 oldColExprMap: {VALUE._col0=Column[_col1], KEY.reducesinkkey0=Column[_col0]}
2024-04-23T20:46:52,145  INFO [main] optimizer.ColumnPrunerProcFactory: RS 3 newColExprMap: {VALUE._col0=Column[_col1], KEY.reducesinkkey0=Column[_col0]}
2024-04-23T20:46:52,146  INFO [main] optimizer.ColumnPrunerProcFactory: RS 3 oldColExprMap: {VALUE._col0=Column[_col1], KEY.reducesinkkey0=Column[_col0]}
2024-04-23T20:46:52,146  INFO [main] optimizer.ColumnPrunerProcFactory: RS 3 newColExprMap: {KEY.reducesinkkey0=Column[_col0], VALUE._col0=Column[_col1]}
2024-04-23T20:46:52,147  INFO [main] optimizer.BucketVersionPopulator: not considering bucketingVersion for: TS[0] because it has -1<2 buckets 
2024-04-23T20:46:52,150  INFO [main] optimizer.SortedDynPartitionOptimizer: Sorted dynamic partitioning optimization kicked in..
2024-04-23T20:46:52,163  INFO [main] HiveMetaStore.audit: ugi=alex	ip=unknown-ip-addr	cmd=get_table : tbl=hive.mydb1.t	
2024-04-23T20:46:52,173  INFO [main] metastore.HMSHandler: Skipping translation for processor with null
2024-04-23T20:46:52,174  INFO [main] physical.Vectorizer: Examining input format to see if vectorization is enabled.
2024-04-23T20:46:52,174  INFO [main] physical.Vectorizer: Vectorization is enabled for input format(s) [org.apache.hadoop.hive.ql.io.orc.OrcInputFormat]
2024-04-23T20:46:52,174  INFO [main] physical.Vectorizer: Validating and vectorizing MapWork... (vectorizedVertexNum 0)
2024-04-23T20:46:52,178  INFO [main] physical.Vectorizer: Map vectorization enabled: true
2024-04-23T20:46:52,178  INFO [main] physical.Vectorizer: Map vectorized: true
2024-04-23T20:46:52,178  INFO [main] physical.Vectorizer: Map vectorizedVertexNum: 0
2024-04-23T20:46:52,178  INFO [main] physical.Vectorizer: Map enabledConditionsMet: [hive.vectorized.use.vectorized.input.format IS true]
2024-04-23T20:46:52,178  INFO [main] physical.Vectorizer: Map inputFileFormatClassNameSet: [org.apache.hadoop.hive.ql.io.orc.OrcInputFormat]
2024-04-23T20:46:52,178  INFO [main] physical.Vectorizer: Reduce vectorization enabled: false
2024-04-23T20:46:52,178  INFO [main] physical.Vectorizer: Reduce vectorized: false
2024-04-23T20:46:52,178  INFO [main] physical.Vectorizer: Reduce vectorizedVertexNum: 1
2024-04-23T20:46:52,178  INFO [main] physical.Vectorizer: Reducer hive.vectorized.execution.reduce.enabled: true
2024-04-23T20:46:52,178  INFO [main] physical.Vectorizer: Reducer engine: mr
2024-04-23T20:46:52,178  INFO [main] parse.UpdateDeleteSemanticAnalyzer: Completed plan generation
2024-04-23T20:46:52,178  INFO [main] parse.UpdateDeleteSemanticAnalyzer: Ending caching scope for: 
2024-04-23T20:46:52,178  INFO [main] ql.Driver: Semantic Analysis Completed (retrial = false)
2024-04-23T20:46:52,178  INFO [main] ql.Driver: Created Hive schema: Schema(fieldSchemas:[FieldSchema(name:row__id, type:struct<writeid:bigint,bucketid:int,rowid:bigint>, comment:null), FieldSchema(name:a, type:int, comment:null), FieldSchema(name:_c2, type:int, comment:null)], properties:null)
2024-04-23T20:46:52,178  INFO [main] metadata.Hive: Dumping metastore api call timing information for : compilation phase
2024-04-23T20:46:52,178  INFO [main] metadata.Hive: Total time spent in each metastore function (ms): {getTableColumnStatistics_(String, String, List, String)=40, openTxn_(String, TxnType)=5, getAllTableConstraints_(AllTableConstraintsRequest)=8, getValidTxns_(long)=4, getCheckConstraints_(CheckConstraintsRequest)=2, allocateTableWriteId_(long, String, String)=17, getValidWriteIds_(List, String)=6, getTable_(GetTableRequest)=63, flushCache_()=0, isCompatibleWith_(Configuration)=0, commitTxn_(CommitTxnRequest)=13, getNotNullConstraints_(NotNullConstraintsRequest)=2}
2024-04-23T20:46:52,179  INFO [main] ql.Driver: Completed compiling command(queryId=alex_20240423204651_35a07024-e916-4e98-8383-b6762dcbd015); Time taken: 0.323 seconds
2024-04-23T20:46:52,179  INFO [main] lockmgr.DbTxnManager: Setting lock request transaction to txnid:19 for queryId=alex_20240423204651_35a07024-e916-4e98-8383-b6762dcbd015
2024-04-23T20:46:52,179  INFO [main] lockmgr.DbLockManager: Requesting lock for queryId=alex_20240423204651_35a07024-e916-4e98-8383-b6762dcbd015
2024-04-23T20:46:52,197  INFO [main] lockmgr.DbLockManager: Response to queryId=alex_20240423204651_35a07024-e916-4e98-8383-b6762dcbd015 LockResponse(lockid:9, state:ACQUIRED)
2024-04-23T20:46:52,198  INFO [main] ql.Driver: Operation QUERY obtained 1 locks
2024-04-23T20:46:52,201  INFO [main] ql.Driver: Executing command(queryId=alex_20240423204651_35a07024-e916-4e98-8383-b6762dcbd015): update mydb1.T set b = 6 where b = 5
2024-04-23T20:46:52,201  WARN [main] ql.Driver: Hive-on-MR is deprecated in Hive 2 and may not be available in the future versions. Consider using a different execution engine (i.e. tez, spark) or using Hive 1.X releases.
Query ID = alex_20240423204651_35a07024-e916-4e98-8383-b6762dcbd015
2024-04-23T20:46:52,201  INFO [main] ql.Driver: Query ID = alex_20240423204651_35a07024-e916-4e98-8383-b6762dcbd015
Total jobs = 1
2024-04-23T20:46:52,201  INFO [main] ql.Driver: Total jobs = 1
Launching Job 1 out of 1
2024-04-23T20:46:52,201  INFO [main] ql.Driver: Launching Job 1 out of 1
2024-04-23T20:46:52,359  INFO [main] ql.Driver: Starting task [Stage-1:MAPRED] in serial mode
2024-04-23T20:46:52,359  INFO [main] exec.Utilities: Not using thread pool for getContentSummary
2024-04-23T20:46:52,361  INFO [main] exec.Utilities: BytesPerReducer=256000000 maxReducers=1009 totalInputFileSize=688
Number of reduce tasks not specified. Estimated from input data size: 1
2024-04-23T20:46:52,361  INFO [main] exec.Task: Number of reduce tasks not specified. Estimated from input data size: 1
In order to change the average load for a reducer (in bytes):
2024-04-23T20:46:52,361  INFO [main] exec.Task: In order to change the average load for a reducer (in bytes):
  set hive.exec.reducers.bytes.per.reducer=<number>
2024-04-23T20:46:52,361  INFO [main] exec.Task:   set hive.exec.reducers.bytes.per.reducer=<number>
In order to limit the maximum number of reducers:
2024-04-23T20:46:52,361  INFO [main] exec.Task: In order to limit the maximum number of reducers:
  set hive.exec.reducers.max=<number>
2024-04-23T20:46:52,361  INFO [main] exec.Task:   set hive.exec.reducers.max=<number>
In order to set a constant number of reducers:
2024-04-23T20:46:52,361  INFO [main] exec.Task: In order to set a constant number of reducers:
  set mapreduce.job.reduces=<number>
2024-04-23T20:46:52,361  INFO [main] exec.Task:   set mapreduce.job.reduces=<number>
2024-04-23T20:46:52,366  INFO [main] mr.ExecDriver: Using org.apache.hadoop.hive.ql.io.HiveInputFormat
2024-04-23T20:46:52,366  INFO [main] exec.Utilities: Processing alias t
2024-04-23T20:46:52,366  INFO [main] exec.Utilities: Adding 1 inputs; the first input is file:/home/alex/Repositories/hive/ql/target/tmp/org.apache.hadoop.hive.ql.TestTxnCommands3-1713930356371/warehouse/mydb1.db/t
2024-04-23T20:46:52,375  INFO [main] exec.SerializationUtilities: Serializing MapWork using kryo
2024-04-23T20:46:52,378  INFO [main] exec.Utilities: Serialized plan (via FILE) - name: null size: 6,94KB
2024-04-23T20:46:52,383  INFO [main] exec.SerializationUtilities: Serializing ReduceWork using kryo
2024-04-23T20:46:52,384  INFO [main] exec.Utilities: Serialized plan (via FILE) - name: null size: 7,66KB
2024-04-23T20:46:52,385  WARN [main] impl.MetricsSystemImpl: JobTracker metrics system already initialized!
2024-04-23T20:46:52,389  INFO [main] fs.FSStatsPublisher: created : file:/home/alex/Repositories/hive/ql/target/tmp/localscratchdir/e2db9dbb-76ad-48a2-966a-36e5a6703fe2/hive_2024-04-23_20-46-51_875_6741258711510125952-1/-mr-10000
2024-04-23T20:46:52,392  WARN [main] impl.MetricsSystemImpl: JobTracker metrics system already initialized!
2024-04-23T20:46:52,400  WARN [main] mapreduce.JobResourceUploader: Hadoop command-line option parsing not performed. Implement the Tool interface and execute your application with ToolRunner to remedy this.
2024-04-23T20:46:52,405  WARN [main] mapreduce.JobResourceUploader: No job jar file set.  User classes may not be found. See Job or Job#setJar(String).
2024-04-23T20:46:52,407  INFO [main] io.HiveInputFormat: hive.io.file.readcolumn.ids = 0,1
2024-04-23T20:46:52,407  INFO [main] io.HiveInputFormat: hive.io.file.readcolumn.names = a,b
2024-04-23T20:46:52,407  INFO [main] io.HiveInputFormat: Generating splits for dirs: file:/home/alex/Repositories/hive/ql/target/tmp/org.apache.hadoop.hive.ql.TestTxnCommands3-1713930356371/warehouse/mydb1.db/t
2024-04-23T20:46:52,407  INFO [main] orc.OrcInputFormat: getSplits started
2024-04-23T20:46:52,408  INFO [main] orc.OrcInputFormat: Context:: isAcid: true isVectorMode: true sarg: leaf-(EQUALS b 5) minSplitSize: 1 maxSplitSize: 256000000 splitStrategy: HYBRID footerInSplits: false numBuckets: 0 numThreads: 10 cacheMemSize: 268435456 cacheStripeDetails: true useSoftReference: false writeIdList: mydb1.t:2:9223372036854775807:: isTransactionalTable: true txnProperties: default 
2024-04-23T20:46:52,408  INFO [main] orc.OrcInputFormat: ORC pushdown predicate: leaf-(EQUALS b 5)
2024-04-23T20:46:52,419  INFO [main] orc.OrcInputFormat: FooterCacheHitRatio: 0/1
2024-04-23T20:46:52,419  INFO [main] orc.OrcInputFormat: getSplits finished (#splits: 1). duration: 12 ms
2024-04-23T20:46:52,419  INFO [main] io.HiveInputFormat: number of splits 1
2024-04-23T20:46:52,437  INFO [main] mapreduce.JobSubmitter: number of splits:1
2024-04-23T20:46:52,456  INFO [main] mapreduce.JobSubmitter: Submitting tokens for job: job_local1759689342_0016
2024-04-23T20:46:52,456  INFO [main] mapreduce.JobSubmitter: Executing with tokens: []
2024-04-23T20:46:52,516  INFO [main] mapreduce.Job: The url to track the job: http://localhost:8080/
Job running in-process (local Hadoop)
2024-04-23T20:46:52,516  INFO [main] exec.Task: Job running in-process (local Hadoop)
2024-04-23T20:46:52,516  INFO [Thread-1074] mapred.LocalJobRunner: OutputCommitter set in config org.apache.hadoop.hive.ql.io.HiveFileFormatUtils$NullOutputCommitter
2024-04-23T20:46:52,516  INFO [Thread-1074] mapred.LocalJobRunner: OutputCommitter is org.apache.hadoop.hive.ql.io.HiveFileFormatUtils$NullOutputCommitter
2024-04-23T20:46:52,518  INFO [Thread-1074] mapred.LocalJobRunner: Waiting for map tasks
2024-04-23T20:46:52,518  INFO [LocalJobRunner Map Task Executor #0] mapred.LocalJobRunner: Starting task: attempt_local1759689342_0016_m_000000_0
2024-04-23T20:46:52,519  INFO [LocalJobRunner Map Task Executor #0] mapred.Task:  Using ResourceCalculatorProcessTree : [ ]
2024-04-23T20:46:52,520  INFO [LocalJobRunner Map Task Executor #0] mapred.MapTask: Processing split: org.apache.hadoop.hive.ql.io.orc.OrcInputFormat:OrcSplit [file:/home/alex/Repositories/hive/ql/target/tmp/org.apache.hadoop.hive.ql.TestTxnCommands3-1713930356371/warehouse/mydb1.db/t/delta_0000001_0000001_0000/bucket_00000_0, start=3, length=314, isOriginal=false, fileLength=687, hasFooter=false, hasBase=true, deltas=0]
2024-04-23T20:46:52,521  INFO [LocalJobRunner Map Task Executor #0] exec.SerializationUtilities: Deserializing MapWork using kryo
2024-04-23T20:46:52,522  INFO [LocalJobRunner Map Task Executor #0] exec.Utilities: Deserialized plan (via FILE) - name: null size: 6,94KB
2024-04-23T20:46:52,523  INFO [LocalJobRunner Map Task Executor #0] orc.OrcInputFormat: ORC pushdown predicate: leaf-(EQUALS b 5)
2024-04-23T20:46:52,523  INFO [LocalJobRunner Map Task Executor #0] orc.VectorizedOrcAcidRowBatchReader: Read ValidWriteIdList: mydb1.t:2:9223372036854775807:::OrcSplit [file:/home/alex/Repositories/hive/ql/target/tmp/org.apache.hadoop.hive.ql.TestTxnCommands3-1713930356371/warehouse/mydb1.db/t/delta_0000001_0000001_0000/bucket_00000_0, start=3, length=314, isOriginal=false, fileLength=687, hasFooter=false, hasBase=true, deltas=0]
2024-04-23T20:46:52,524  INFO [LocalJobRunner Map Task Executor #0] orc.ReaderImpl: Reading ORC rows from file:/home/alex/Repositories/hive/ql/target/tmp/org.apache.hadoop.hive.ql.TestTxnCommands3-1713930356371/warehouse/mydb1.db/t/delta_0000001_0000001_0000/bucket_00000_0 with {include: [true, true, true], offset: 3, length: 314, sarg: leaf-(EQUALS b 5), schema: struct<a:int,b:int>, includeAcidColumns: true}
2024-04-23T20:46:52,526  INFO [LocalJobRunner Map Task Executor #0] mapred.MapTask: numReduceTasks: 1
2024-04-23T20:46:52,533  INFO [LocalJobRunner Map Task Executor #0] mapred.MapTask: (EQUATOR) 0 kvi 26214396(104857584)
2024-04-23T20:46:52,533  INFO [LocalJobRunner Map Task Executor #0] mapred.MapTask: mapreduce.task.io.sort.mb: 100
2024-04-23T20:46:52,533  INFO [LocalJobRunner Map Task Executor #0] mapred.MapTask: soft limit at 83886080
2024-04-23T20:46:52,533  INFO [LocalJobRunner Map Task Executor #0] mapred.MapTask: bufstart = 0; bufvoid = 104857600
2024-04-23T20:46:52,533  INFO [LocalJobRunner Map Task Executor #0] mapred.MapTask: kvstart = 26214396; length = 6553600
2024-04-23T20:46:52,533  INFO [LocalJobRunner Map Task Executor #0] mapred.MapTask: Map output collector class = org.apache.hadoop.mapred.MapTask$MapOutputBuffer
2024-04-23T20:46:52,534  INFO [LocalJobRunner Map Task Executor #0] vector.VectorMapOperator: Initializing Operator: MAP[0]
2024-04-23T20:46:52,534  INFO [LocalJobRunner Map Task Executor #0] mr.ExecMapper: 
<MAP>Id =0
  <Children>null
  <\Children>
  <Parent><\Parent>
<\MAP>
2024-04-23T20:46:52,535  INFO [LocalJobRunner Map Task Executor #0] exec.TableScanOperator: Initializing Operator: TS[0]
2024-04-23T20:46:52,535  INFO [LocalJobRunner Map Task Executor #0] vector.VectorFilterOperator: Initializing Operator: FIL[10]
2024-04-23T20:46:52,535  INFO [LocalJobRunner Map Task Executor #0] vector.VectorSelectOperator: Initializing Operator: SEL[11]
2024-04-23T20:46:52,535  INFO [LocalJobRunner Map Task Executor #0] vector.VectorReduceSinkOperator: Initializing Operator: RS[12]
2024-04-23T20:46:52,535  INFO [LocalJobRunner Map Task Executor #0] vector.VectorReduceSinkOperator: Using tag = -1
2024-04-23T20:46:52,536  INFO [LocalJobRunner Map Task Executor #0] vector.VectorReduceSinkOperator: keys are [reducesinkkey0] num distributions: 1
2024-04-23T20:46:52,537 ERROR [LocalJobRunner Map Task Executor #0] mr.ExecMapper: org.apache.hadoop.hive.ql.metadata.HiveException: Hive Runtime Error while processing row 
	at org.apache.hadoop.hive.ql.exec.vector.VectorMapOperator.process(VectorMapOperator.java:993)
	at org.apache.hadoop.hive.ql.exec.mr.ExecMapper.map(ExecMapper.java:148)
	at org.apache.hadoop.mapred.MapRunner.run(MapRunner.java:54)
	at org.apache.hadoop.hive.ql.exec.mr.ExecMapRunner.run(ExecMapRunner.java:37)
	at org.apache.hadoop.mapred.MapTask.runOldMapper(MapTask.java:465)
	at org.apache.hadoop.mapred.MapTask.run(MapTask.java:349)
	at org.apache.hadoop.mapred.LocalJobRunner$Job$MapTaskRunnable.run(LocalJobRunner.java:271)
	at java.util.concurrent.Executors$RunnableAdapter.call(Executors.java:511)
	at java.util.concurrent.FutureTask.run(FutureTask.java:266)
	at java.util.concurrent.ThreadPoolExecutor.runWorker(ThreadPoolExecutor.java:1149)
	at java.util.concurrent.ThreadPoolExecutor$Worker.run(ThreadPoolExecutor.java:624)
	at java.lang.Thread.run(Thread.java:750)
Caused by: org.apache.hadoop.hive.ql.exec.NoMatchingMethodException: No matching method for class org.apache.hadoop.hive.ql.udf.UDFToInteger with (struct<writeid:bigint,bucketid:int,rowid:bigint>). Possible choices: _FUNC_(bigint)  _FUNC_(boolean)  _FUNC_(decimal(38,18))  _FUNC_(double)  _FUNC_(float)  _FUNC_(smallint)  _FUNC_(string)  _FUNC_(struct<writeid:bigint,rowid:int,bucketid:bigint>)  _FUNC_(timestamp)  _FUNC_(tinyint)  _FUNC_(void)  
	at org.apache.hadoop.hive.ql.exec.MethodUtils.getMethodInternal(MethodUtils.java:130)
	at org.apache.hadoop.hive.ql.exec.MethodUtils.getMethodInternal(MethodUtils.java:60)
	at org.apache.hadoop.hive.ql.exec.DefaultUDFMethodResolver.getEvalMethod(DefaultUDFMethodResolver.java:59)
	at org.apache.hadoop.hive.ql.udf.TimestampCastRestrictorResolver.getEvalMethod(TimestampCastRestrictorResolver.java:68)
	at org.apache.hadoop.hive.ql.udf.generic.GenericUDFBridge.initialize(GenericUDFBridge.java:168)
	at org.apache.hadoop.hive.ql.udf.generic.GenericUDF.initializeAndFoldConstants(GenericUDF.java:149)
	at org.apache.hadoop.hive.ql.exec.ExprNodeGenericFuncEvaluator.initialize(ExprNodeGenericFuncEvaluator.java:184)
	at org.apache.hadoop.hive.ql.exec.Operator.initEvaluators(Operator.java:1073)
	at org.apache.hadoop.hive.ql.exec.ReduceSinkOperator.process(ReduceSinkOperator.java:307)
	at org.apache.hadoop.hive.ql.exec.vector.VectorReduceSinkOperator.process(VectorReduceSinkOperator.java:110)
	at org.apache.hadoop.hive.ql.exec.Operator.vectorForward(Operator.java:919)
	at org.apache.hadoop.hive.ql.exec.vector.VectorSelectOperator.process(VectorSelectOperator.java:158)
	at org.apache.hadoop.hive.ql.exec.Operator.vectorForward(Operator.java:919)
	at org.apache.hadoop.hive.ql.exec.vector.VectorFilterOperator.process(VectorFilterOperator.java:136)
	at org.apache.hadoop.hive.ql.exec.Operator.vectorForward(Operator.java:919)
	at org.apache.hadoop.hive.ql.exec.TableScanOperator.process(TableScanOperator.java:171)
	at org.apache.hadoop.hive.ql.exec.vector.VectorMapOperator.deliverVectorizedRowBatch(VectorMapOperator.java:809)
	at org.apache.hadoop.hive.ql.exec.vector.VectorMapOperator.process(VectorMapOperator.java:878)
	... 11 more

2024-04-23T20:46:52,538  INFO [LocalJobRunner Map Task Executor #0] vector.VectorMapOperator: Closing Operator: MAP[0]
2024-04-23T20:46:52,538  INFO [LocalJobRunner Map Task Executor #0] vector.VectorMapOperator: DESERIALIZE_ERRORS:0, RECORDS_IN:2, RECORDS_OUT_INTERMEDIATE:0, RECORDS_OUT_OPERATOR_MAP_0:0, 
2024-04-23T20:46:52,538  INFO [LocalJobRunner Map Task Executor #0] exec.TableScanOperator: Closing Operator: TS[0]
2024-04-23T20:46:52,538  INFO [LocalJobRunner Map Task Executor #0] exec.TableScanOperator: RECORDS_OUT_OPERATOR_TS_0:2, RECORDS_OUT_INTERMEDIATE:0, 
2024-04-23T20:46:52,538  INFO [LocalJobRunner Map Task Executor #0] vector.VectorFilterOperator: Closing Operator: FIL[10]
2024-04-23T20:46:52,538  INFO [LocalJobRunner Map Task Executor #0] vector.VectorFilterOperator: RECORDS_OUT_INTERMEDIATE:0, RECORDS_OUT_OPERATOR_FIL_10:1, 
2024-04-23T20:46:52,538  INFO [LocalJobRunner Map Task Executor #0] vector.VectorSelectOperator: Closing Operator: SEL[11]
2024-04-23T20:46:52,538  INFO [LocalJobRunner Map Task Executor #0] vector.VectorSelectOperator: RECORDS_OUT_INTERMEDIATE:0, RECORDS_OUT_OPERATOR_SEL_11:1, 
2024-04-23T20:46:52,538  INFO [LocalJobRunner Map Task Executor #0] vector.VectorReduceSinkOperator: Closing Operator: RS[12]
2024-04-23T20:46:52,538  INFO [LocalJobRunner Map Task Executor #0] vector.VectorReduceSinkOperator: RS[12]: Total records written - 0. abort - true
2024-04-23T20:46:52,538  INFO [LocalJobRunner Map Task Executor #0] vector.VectorReduceSinkOperator: RECORDS_OUT_OPERATOR_RS_12:0, RECORDS_OUT_INTERMEDIATE:0, 
2024-04-23T20:46:52,539  INFO [Thread-1074] mapred.LocalJobRunner: map task executor complete.
2024-04-23T20:46:52,539  WARN [Thread-1074] mapred.LocalJobRunner: job_local1759689342_0016
java.lang.Exception: java.lang.RuntimeException: org.apache.hadoop.hive.ql.metadata.HiveException: Hive Runtime Error while processing row 
	at org.apache.hadoop.mapred.LocalJobRunner$Job.runTasks(LocalJobRunner.java:492) ~[hadoop-mapreduce-client-common-3.1.0.jar:?]
	at org.apache.hadoop.mapred.LocalJobRunner$Job.run(LocalJobRunner.java:552) [hadoop-mapreduce-client-common-3.1.0.jar:?]
Caused by: java.lang.RuntimeException: org.apache.hadoop.hive.ql.metadata.HiveException: Hive Runtime Error while processing row 
	at org.apache.hadoop.hive.ql.exec.mr.ExecMapper.map(ExecMapper.java:157) ~[classes/:?]
	at org.apache.hadoop.mapred.MapRunner.run(MapRunner.java:54) ~[hadoop-mapreduce-client-core-3.1.0.jar:?]
	at org.apache.hadoop.hive.ql.exec.mr.ExecMapRunner.run(ExecMapRunner.java:37) ~[classes/:?]
	at org.apache.hadoop.mapred.MapTask.runOldMapper(MapTask.java:465) ~[hadoop-mapreduce-client-core-3.1.0.jar:?]
	at org.apache.hadoop.mapred.MapTask.run(MapTask.java:349) ~[hadoop-mapreduce-client-core-3.1.0.jar:?]
	at org.apache.hadoop.mapred.LocalJobRunner$Job$MapTaskRunnable.run(LocalJobRunner.java:271) ~[hadoop-mapreduce-client-common-3.1.0.jar:?]
	at java.util.concurrent.Executors$RunnableAdapter.call(Executors.java:511) ~[?:1.8.0_402]
	at java.util.concurrent.FutureTask.run(FutureTask.java:266) ~[?:1.8.0_402]
	at java.util.concurrent.ThreadPoolExecutor.runWorker(ThreadPoolExecutor.java:1149) ~[?:1.8.0_402]
	at java.util.concurrent.ThreadPoolExecutor$Worker.run(ThreadPoolExecutor.java:624) ~[?:1.8.0_402]
	at java.lang.Thread.run(Thread.java:750) ~[?:1.8.0_402]
Caused by: org.apache.hadoop.hive.ql.metadata.HiveException: Hive Runtime Error while processing row 
	at org.apache.hadoop.hive.ql.exec.vector.VectorMapOperator.process(VectorMapOperator.java:993) ~[classes/:?]
	at org.apache.hadoop.hive.ql.exec.mr.ExecMapper.map(ExecMapper.java:148) ~[classes/:?]
	at org.apache.hadoop.mapred.MapRunner.run(MapRunner.java:54) ~[hadoop-mapreduce-client-core-3.1.0.jar:?]
	at org.apache.hadoop.hive.ql.exec.mr.ExecMapRunner.run(ExecMapRunner.java:37) ~[classes/:?]
	at org.apache.hadoop.mapred.MapTask.runOldMapper(MapTask.java:465) ~[hadoop-mapreduce-client-core-3.1.0.jar:?]
	at org.apache.hadoop.mapred.MapTask.run(MapTask.java:349) ~[hadoop-mapreduce-client-core-3.1.0.jar:?]
	at org.apache.hadoop.mapred.LocalJobRunner$Job$MapTaskRunnable.run(LocalJobRunner.java:271) ~[hadoop-mapreduce-client-common-3.1.0.jar:?]
	at java.util.concurrent.Executors$RunnableAdapter.call(Executors.java:511) ~[?:1.8.0_402]
	at java.util.concurrent.FutureTask.run(FutureTask.java:266) ~[?:1.8.0_402]
	at java.util.concurrent.ThreadPoolExecutor.runWorker(ThreadPoolExecutor.java:1149) ~[?:1.8.0_402]
	at java.util.concurrent.ThreadPoolExecutor$Worker.run(ThreadPoolExecutor.java:624) ~[?:1.8.0_402]
	at java.lang.Thread.run(Thread.java:750) ~[?:1.8.0_402]
Caused by: org.apache.hadoop.hive.ql.exec.NoMatchingMethodException: No matching method for class org.apache.hadoop.hive.ql.udf.UDFToInteger with (struct<writeid:bigint,bucketid:int,rowid:bigint>). Possible choices: _FUNC_(bigint)  _FUNC_(boolean)  _FUNC_(decimal(38,18))  _FUNC_(double)  _FUNC_(float)  _FUNC_(smallint)  _FUNC_(string)  _FUNC_(struct<writeid:bigint,rowid:int,bucketid:bigint>)  _FUNC_(timestamp)  _FUNC_(tinyint)  _FUNC_(void)  
	at org.apache.hadoop.hive.ql.exec.MethodUtils.getMethodInternal(MethodUtils.java:130) ~[classes/:?]
	at org.apache.hadoop.hive.ql.exec.MethodUtils.getMethodInternal(MethodUtils.java:60) ~[classes/:?]
	at org.apache.hadoop.hive.ql.exec.DefaultUDFMethodResolver.getEvalMethod(DefaultUDFMethodResolver.java:59) ~[classes/:?]
	at org.apache.hadoop.hive.ql.udf.TimestampCastRestrictorResolver.getEvalMethod(TimestampCastRestrictorResolver.java:68) ~[classes/:?]
	at org.apache.hadoop.hive.ql.udf.generic.GenericUDFBridge.initialize(GenericUDFBridge.java:168) ~[classes/:?]
	at org.apache.hadoop.hive.ql.udf.generic.GenericUDF.initializeAndFoldConstants(GenericUDF.java:149) ~[classes/:?]
	at org.apache.hadoop.hive.ql.exec.ExprNodeGenericFuncEvaluator.initialize(ExprNodeGenericFuncEvaluator.java:184) ~[classes/:?]
	at org.apache.hadoop.hive.ql.exec.Operator.initEvaluators(Operator.java:1073) ~[classes/:?]
	at org.apache.hadoop.hive.ql.exec.ReduceSinkOperator.process(ReduceSinkOperator.java:307) ~[classes/:?]
	at org.apache.hadoop.hive.ql.exec.vector.VectorReduceSinkOperator.process(VectorReduceSinkOperator.java:110) ~[classes/:?]
	at org.apache.hadoop.hive.ql.exec.Operator.vectorForward(Operator.java:919) ~[classes/:?]
	at org.apache.hadoop.hive.ql.exec.vector.VectorSelectOperator.process(VectorSelectOperator.java:158) ~[classes/:?]
	at org.apache.hadoop.hive.ql.exec.Operator.vectorForward(Operator.java:919) ~[classes/:?]
	at org.apache.hadoop.hive.ql.exec.vector.VectorFilterOperator.process(VectorFilterOperator.java:136) ~[classes/:?]
	at org.apache.hadoop.hive.ql.exec.Operator.vectorForward(Operator.java:919) ~[classes/:?]
	at org.apache.hadoop.hive.ql.exec.TableScanOperator.process(TableScanOperator.java:171) ~[classes/:?]
	at org.apache.hadoop.hive.ql.exec.vector.VectorMapOperator.deliverVectorizedRowBatch(VectorMapOperator.java:809) ~[classes/:?]
	at org.apache.hadoop.hive.ql.exec.vector.VectorMapOperator.process(VectorMapOperator.java:878) ~[classes/:?]
	at org.apache.hadoop.hive.ql.exec.mr.ExecMapper.map(ExecMapper.java:148) ~[classes/:?]
	at org.apache.hadoop.mapred.MapRunner.run(MapRunner.java:54) ~[hadoop-mapreduce-client-core-3.1.0.jar:?]
	at org.apache.hadoop.hive.ql.exec.mr.ExecMapRunner.run(ExecMapRunner.java:37) ~[classes/:?]
	at org.apache.hadoop.mapred.MapTask.runOldMapper(MapTask.java:465) ~[hadoop-mapreduce-client-core-3.1.0.jar:?]
	at org.apache.hadoop.mapred.MapTask.run(MapTask.java:349) ~[hadoop-mapreduce-client-core-3.1.0.jar:?]
	at org.apache.hadoop.mapred.LocalJobRunner$Job$MapTaskRunnable.run(LocalJobRunner.java:271) ~[hadoop-mapreduce-client-common-3.1.0.jar:?]
	at java.util.concurrent.Executors$RunnableAdapter.call(Executors.java:511) ~[?:1.8.0_402]
	at java.util.concurrent.FutureTask.run(FutureTask.java:266) ~[?:1.8.0_402]
	at java.util.concurrent.ThreadPoolExecutor.runWorker(ThreadPoolExecutor.java:1149) ~[?:1.8.0_402]
	at java.util.concurrent.ThreadPoolExecutor$Worker.run(ThreadPoolExecutor.java:624) ~[?:1.8.0_402]
	at java.lang.Thread.run(Thread.java:750) ~[?:1.8.0_402]
2024-04-23T20:46:53,518  WARN [main] mapreduce.Counters: Group org.apache.hadoop.mapred.Task$Counter is deprecated. Use org.apache.hadoop.mapreduce.TaskCounter instead
2024-04-23 20:46:53,518 Stage-1 map = 0%,  reduce = 0%
2024-04-23T20:46:53,518  INFO [main] exec.Task: 2024-04-23 20:46:53,518 Stage-1 map = 0%,  reduce = 0%
2024-04-23T20:46:53,518  WARN [main] mapreduce.Counters: Group org.apache.hadoop.mapred.Task$Counter is deprecated. Use org.apache.hadoop.mapreduce.TaskCounter instead
Ended Job = job_local1759689342_0016 with errors
2024-04-23T20:46:53,519 ERROR [main] exec.Task: Ended Job = job_local1759689342_0016 with errors
Error during job, obtaining debugging information...
2024-04-23T20:46:53,520 ERROR [Thread-1079] exec.Task: Error during job, obtaining debugging information...
2024-04-23T20:46:53,523  INFO [main] FileOperations: Deleting file:/home/alex/Repositories/hive/ql/target/tmp/org.apache.hadoop.hive.ql.TestTxnCommands3-1713930356371/warehouse/mydb1.db/t/_tmp.delta_0000002_0000002_0000 on failure
FAILED: Execution Error, return code 2 from org.apache.hadoop.hive.ql.exec.mr.MapRedTask
2024-04-23T20:46:53,523 ERROR [main] ql.Driver: FAILED: Execution Error, return code 2 from org.apache.hadoop.hive.ql.exec.mr.MapRedTask
2024-04-23T20:46:53,523  INFO [main] metadata.Hive: Dumping metastore api call timing information for : execution phase
2024-04-23T20:46:53,524  INFO [main] metadata.Hive: Total time spent in each metastore function (ms): {}
MapReduce Jobs Launched: 
2024-04-23T20:46:53,524  INFO [main] ql.Driver: MapReduce Jobs Launched: 
2024-04-23T20:46:53,524  WARN [main] mapreduce.Counters: Group FileSystemCounters is deprecated. Use org.apache.hadoop.mapreduce.FileSystemCounter instead
Stage-Stage-1:  HDFS Read: 0 HDFS Write: 0 FAIL
2024-04-23T20:46:53,525  INFO [main] ql.Driver: Stage-Stage-1:  HDFS Read: 0 HDFS Write: 0 FAIL
Total MapReduce CPU Time Spent: 0 msec
2024-04-23T20:46:53,525  INFO [main] ql.Driver: Total MapReduce CPU Time Spent: 0 msec
2024-04-23T20:46:53,525  INFO [main] ql.Driver: Completed executing command(queryId=alex_20240423204651_35a07024-e916-4e98-8383-b6762dcbd015); Time taken: 1.322 seconds
2024-04-23T20:46:53,525  INFO [main] lockmgr.DbTxnManager: Stopped heartbeat for query: alex_20240423204651_35a07024-e916-4e98-8383-b6762dcbd015
2024-04-23T20:46:53,532  INFO [main] txn.TxnHandler: Removed transactions: ([19]) from MIN_HISTORY_LEVEL
2024-04-23T20:46:53,551  INFO [main] ql.TxnCommandsBaseForTests: Running the query: drop table if exists acidTbl
2024-04-23T20:46:53,552  INFO [main] ql.Context: Deleting scratch dir: file:/home/alex/Repositories/hive/ql/target/tmp/localscratchdir/e2db9dbb-76ad-48a2-966a-36e5a6703fe2/hive_2024-04-23_20-46-51_875_6741258711510125952-1
2024-04-23T20:46:53,552  INFO [main] cleanup.SyncCleanupService: Deleted directory: file:/home/alex/Repositories/hive/ql/target/tmp/localscratchdir/e2db9dbb-76ad-48a2-966a-36e5a6703fe2/hive_2024-04-23_20-46-51_875_6741258711510125952-1 on fs with scheme file
2024-04-23T20:46:53,552  INFO [main] ql.Context: Deleting scratch dir: file:/home/alex/Repositories/hive/ql/target/tmp/localscratchdir/e2db9dbb-76ad-48a2-966a-36e5a6703fe2/hive_2024-04-23_20-46-51_855_7610667323173342235-1
2024-04-23T20:46:53,553  INFO [main] cleanup.SyncCleanupService: Deleted directory: file:/home/alex/Repositories/hive/ql/target/tmp/localscratchdir/e2db9dbb-76ad-48a2-966a-36e5a6703fe2/hive_2024-04-23_20-46-51_855_7610667323173342235-1 on fs with scheme file
2024-04-23T20:46:53,553  INFO [main] ql.Driver: Compiling command(queryId=alex_20240423204653_f9cd8d96-a7e3-4c3a-8070-8c075d6abbb5): drop table if exists acidTbl
2024-04-23T20:46:53,558  INFO [main] txn.TxnHandler: Added entries to MIN_HISTORY_LEVEL for current txns: ([20]) with min_open_txn: 20
2024-04-23T20:46:53,559  INFO [main] lockmgr.DbTxnManager: Opened txnid:20
2024-04-23T20:46:53,560  INFO [main] HiveMetaStore.audit: ugi=alex	ip=unknown-ip-addr	cmd=get_table : tbl=hive.default.acidTbl	
2024-04-23T20:46:53,569  INFO [main] metastore.HMSHandler: Skipping translation for processor with null
2024-04-23T20:46:53,569  INFO [main] ql.Driver: Semantic Analysis Completed (retrial = false)
2024-04-23T20:46:53,569  INFO [main] ql.Driver: Created Hive schema: Schema(fieldSchemas:null, properties:null)
2024-04-23T20:46:53,569  INFO [main] metadata.Hive: Dumping metastore api call timing information for : compilation phase
2024-04-23T20:46:53,569  INFO [main] metadata.Hive: Total time spent in each metastore function (ms): {getValidTxns_(long)=1, getTable_(GetTableRequest)=9, isCompatibleWith_(Configuration)=0, flushCache_()=1, rollbackTxn_(long)=26, openTxn_(String, TxnType)=4}
2024-04-23T20:46:53,570  INFO [main] ql.Driver: Completed compiling command(queryId=alex_20240423204653_f9cd8d96-a7e3-4c3a-8070-8c075d6abbb5); Time taken: 0.016 seconds
2024-04-23T20:46:53,570  INFO [main] lockmgr.DbTxnManager: Setting lock request transaction to txnid:20 for queryId=alex_20240423204653_f9cd8d96-a7e3-4c3a-8070-8c075d6abbb5
2024-04-23T20:46:53,570  INFO [main] lockmgr.DbLockManager: Requesting lock for queryId=alex_20240423204653_f9cd8d96-a7e3-4c3a-8070-8c075d6abbb5
2024-04-23T20:46:53,590  INFO [main] lockmgr.DbLockManager: Response to queryId=alex_20240423204653_f9cd8d96-a7e3-4c3a-8070-8c075d6abbb5 LockResponse(lockid:10, state:ACQUIRED)
2024-04-23T20:46:53,590  INFO [main] ql.Driver: Operation DROPTABLE obtained 1 locks
2024-04-23T20:46:53,591  INFO [main] ql.Driver: Executing command(queryId=alex_20240423204653_f9cd8d96-a7e3-4c3a-8070-8c075d6abbb5): drop table if exists acidTbl
2024-04-23T20:46:53,591  INFO [main] ql.Driver: Starting task [Stage-0:DDL] in serial mode
2024-04-23T20:46:53,592  INFO [main] HiveMetaStore.audit: ugi=alex	ip=unknown-ip-addr	cmd=get_table : tbl=hive.default.acidTbl	
2024-04-23T20:46:53,604  INFO [main] metastore.HMSHandler: Skipping translation for processor with null
2024-04-23T20:46:53,605  INFO [main] HiveMetaStore.audit: ugi=alex	ip=unknown-ip-addr	cmd=get_table : tbl=hive.default.acidTbl	
2024-04-23T20:46:53,617  INFO [main] metastore.HMSHandler: Skipping translation for processor with null
2024-04-23T20:46:53,618  INFO [main] HiveMetaStore.audit: ugi=alex	ip=unknown-ip-addr	cmd=drop_table : tbl=hive.default.acidTbl	
2024-04-23T20:46:53,735  INFO [main] metadata.Hive: Dumping metastore api call timing information for : execution phase
2024-04-23T20:46:53,736  INFO [main] metadata.Hive: Total time spent in each metastore function (ms): {isCompatibleWith_(Configuration)=0, dropTable_(String, String, boolean, boolean, boolean)=131, getTable_(GetTableRequest)=13}
2024-04-23T20:46:53,736  INFO [main] ql.Driver: Completed executing command(queryId=alex_20240423204653_f9cd8d96-a7e3-4c3a-8070-8c075d6abbb5); Time taken: 0.144 seconds
2024-04-23T20:46:53,736  INFO [main] lockmgr.DbTxnManager: Stopped heartbeat for query: alex_20240423204653_f9cd8d96-a7e3-4c3a-8070-8c075d6abbb5
2024-04-23T20:46:53,740  INFO [main] txn.TxnHandler: Expected to move at least one record from txn_components to completed_txn_components when committing txn! txnid:20
2024-04-23T20:46:53,746  INFO [main] txn.TxnHandler: Removed transactions: ([20]) from MIN_HISTORY_LEVEL
2024-04-23T20:46:53,747  WARN [main] txn.CompactionTxnHandler: No compaction queue record found for Compaction type transaction commit. txnId:20
2024-04-23T20:46:53,748  INFO [main] ql.TxnCommandsBaseForTests: Running the query: drop table if exists acidTblPart
2024-04-23T20:46:53,749  INFO [main] ql.Driver: Compiling command(queryId=alex_20240423204653_daa81b72-09f7-484b-baa0-65a597e08fb3): drop table if exists acidTblPart
2024-04-23T20:46:53,754  INFO [main] txn.TxnHandler: Added entries to MIN_HISTORY_LEVEL for current txns: ([21]) with min_open_txn: 20
2024-04-23T20:46:53,754  INFO [main] lockmgr.DbTxnManager: Opened txnid:21
2024-04-23T20:46:53,755  INFO [main] HiveMetaStore.audit: ugi=alex	ip=unknown-ip-addr	cmd=get_table : tbl=hive.default.acidTblPart	
2024-04-23T20:46:53,774  INFO [main] metastore.HMSHandler: Skipping translation for processor with null
2024-04-23T20:46:53,775  INFO [main] ql.Driver: Semantic Analysis Completed (retrial = false)
2024-04-23T20:46:53,775  INFO [main] ql.Driver: Created Hive schema: Schema(fieldSchemas:null, properties:null)
2024-04-23T20:46:53,775  INFO [main] metadata.Hive: Dumping metastore api call timing information for : compilation phase
2024-04-23T20:46:53,775  INFO [main] metadata.Hive: Total time spent in each metastore function (ms): {openTxn_(String, TxnType)=5, getTable_(GetTableRequest)=20, isCompatibleWith_(Configuration)=0, getValidTxns_(long)=1, commitTxn_(CommitTxnRequest)=12, flushCache_()=0}
2024-04-23T20:46:53,775  INFO [main] ql.Driver: Completed compiling command(queryId=alex_20240423204653_daa81b72-09f7-484b-baa0-65a597e08fb3); Time taken: 0.027 seconds
2024-04-23T20:46:53,776  INFO [main] lockmgr.DbTxnManager: Setting lock request transaction to txnid:21 for queryId=alex_20240423204653_daa81b72-09f7-484b-baa0-65a597e08fb3
2024-04-23T20:46:53,776  INFO [main] lockmgr.DbLockManager: Requesting lock for queryId=alex_20240423204653_daa81b72-09f7-484b-baa0-65a597e08fb3
2024-04-23T20:46:53,798  INFO [main] lockmgr.DbLockManager: Response to queryId=alex_20240423204653_daa81b72-09f7-484b-baa0-65a597e08fb3 LockResponse(lockid:11, state:ACQUIRED)
2024-04-23T20:46:53,798  INFO [main] ql.Driver: Operation DROPTABLE obtained 1 locks
2024-04-23T20:46:53,798  INFO [main] ql.Driver: Executing command(queryId=alex_20240423204653_daa81b72-09f7-484b-baa0-65a597e08fb3): drop table if exists acidTblPart
2024-04-23T20:46:53,799  INFO [main] ql.Driver: Starting task [Stage-0:DDL] in serial mode
2024-04-23T20:46:53,799  INFO [main] HiveMetaStore.audit: ugi=alex	ip=unknown-ip-addr	cmd=get_table : tbl=hive.default.acidTblPart	
2024-04-23T20:46:53,807  INFO [main] metastore.HMSHandler: Skipping translation for processor with null
2024-04-23T20:46:53,808  INFO [main] HiveMetaStore.audit: ugi=alex	ip=unknown-ip-addr	cmd=get_table : tbl=hive.default.acidTblPart	
2024-04-23T20:46:53,815  INFO [main] metastore.HMSHandler: Skipping translation for processor with null
2024-04-23T20:46:53,816  INFO [main] HiveMetaStore.audit: ugi=alex	ip=unknown-ip-addr	cmd=drop_table : tbl=hive.default.acidTblPart	
2024-04-23T20:46:53,866  INFO [main] metadata.Hive: Dumping metastore api call timing information for : execution phase
2024-04-23T20:46:53,866  INFO [main] metadata.Hive: Total time spent in each metastore function (ms): {dropTable_(String, String, boolean, boolean, boolean)=59, isCompatibleWith_(Configuration)=0, getTable_(GetTableRequest)=8}
2024-04-23T20:46:53,867  INFO [main] ql.Driver: Completed executing command(queryId=alex_20240423204653_daa81b72-09f7-484b-baa0-65a597e08fb3); Time taken: 0.068 seconds
2024-04-23T20:46:53,867  INFO [main] lockmgr.DbTxnManager: Stopped heartbeat for query: alex_20240423204653_daa81b72-09f7-484b-baa0-65a597e08fb3
2024-04-23T20:46:53,871  INFO [main] txn.TxnHandler: Expected to move at least one record from txn_components to completed_txn_components when committing txn! txnid:21
2024-04-23T20:46:53,879  INFO [main] txn.TxnHandler: Removed transactions: ([21]) from MIN_HISTORY_LEVEL
2024-04-23T20:46:53,879  WARN [main] txn.CompactionTxnHandler: No compaction queue record found for Compaction type transaction commit. txnId:21
2024-04-23T20:46:53,880  INFO [main] ql.TxnCommandsBaseForTests: Running the query: drop table if exists acidTbl2
2024-04-23T20:46:53,880  INFO [main] ql.Driver: Compiling command(queryId=alex_20240423204653_40c9fd5e-094d-48fe-b5bb-a16ffb1ec592): drop table if exists acidTbl2
2024-04-23T20:46:53,883  INFO [main] txn.TxnHandler: Added entries to MIN_HISTORY_LEVEL for current txns: ([22]) with min_open_txn: 20
2024-04-23T20:46:53,883  INFO [main] lockmgr.DbTxnManager: Opened txnid:22
2024-04-23T20:46:53,884  INFO [main] ql.Driver: Semantic Analysis Completed (retrial = false)
2024-04-23T20:46:53,884  INFO [main] ql.Driver: Created Hive schema: Schema(fieldSchemas:null, properties:null)
2024-04-23T20:46:53,884  INFO [main] metadata.Hive: Dumping metastore api call timing information for : compilation phase
2024-04-23T20:46:53,885  INFO [main] metadata.Hive: Total time spent in each metastore function (ms): {flushCache_()=0, isCompatibleWith_(Configuration)=0, commitTxn_(CommitTxnRequest)=12, getValidTxns_(long)=1, openTxn_(String, TxnType)=2, getTable_(GetTableRequest)=0}
2024-04-23T20:46:53,885  INFO [main] ql.Driver: Completed compiling command(queryId=alex_20240423204653_40c9fd5e-094d-48fe-b5bb-a16ffb1ec592); Time taken: 0.004 seconds
2024-04-23T20:46:53,885  INFO [main] lockmgr.DbTxnManager: Setting lock request transaction to txnid:22 for queryId=alex_20240423204653_40c9fd5e-094d-48fe-b5bb-a16ffb1ec592
2024-04-23T20:46:53,885  INFO [main] ql.Driver: Operation DROPTABLE obtained 0 locks
2024-04-23T20:46:53,885  INFO [main] ql.Driver: Executing command(queryId=alex_20240423204653_40c9fd5e-094d-48fe-b5bb-a16ffb1ec592): drop table if exists acidTbl2
2024-04-23T20:46:53,885  INFO [main] ql.Driver: Starting task [Stage-0:DDL] in serial mode
2024-04-23T20:46:53,886  INFO [main] metadata.SessionHiveMetaStoreClient: Column stats doesn't exist for db=default temp table=acidTbl2
2024-04-23T20:46:53,886  INFO [main] metadata.Hive: Dumping metastore api call timing information for : execution phase
2024-04-23T20:46:53,886  INFO [main] metadata.Hive: Total time spent in each metastore function (ms): {getTable_(GetTableRequest)=1, isCompatibleWith_(Configuration)=0, dropTable_(String, String, boolean, boolean, boolean)=0}
2024-04-23T20:46:53,887  INFO [main] ql.Driver: Completed executing command(queryId=alex_20240423204653_40c9fd5e-094d-48fe-b5bb-a16ffb1ec592); Time taken: 0.001 seconds
2024-04-23T20:46:53,887  INFO [main] lockmgr.DbTxnManager: Stopped heartbeat for query: alex_20240423204653_40c9fd5e-094d-48fe-b5bb-a16ffb1ec592
2024-04-23T20:46:53,893  INFO [main] txn.TxnHandler: Expected to move at least one record from txn_components to completed_txn_components when committing txn! txnid:22
2024-04-23T20:46:53,901  INFO [main] txn.TxnHandler: Removed transactions: ([22]) from MIN_HISTORY_LEVEL
2024-04-23T20:46:53,901  WARN [main] txn.CompactionTxnHandler: No compaction queue record found for Compaction type transaction commit. txnId:22
2024-04-23T20:46:53,902  INFO [main] ql.TxnCommandsBaseForTests: Running the query: drop table if exists nonAcidOrcTbl
2024-04-23T20:46:53,902  INFO [main] ql.Driver: Compiling command(queryId=alex_20240423204653_c1da936b-8077-4821-9bb6-6e1c4701dd83): drop table if exists nonAcidOrcTbl
2024-04-23T20:46:53,905  INFO [main] txn.TxnHandler: Added entries to MIN_HISTORY_LEVEL for current txns: ([23]) with min_open_txn: 20
2024-04-23T20:46:53,905  INFO [main] lockmgr.DbTxnManager: Opened txnid:23
2024-04-23T20:46:53,907  INFO [main] HiveMetaStore.audit: ugi=alex	ip=unknown-ip-addr	cmd=get_table : tbl=hive.default.nonAcidOrcTbl	
2024-04-23T20:46:53,932  INFO [main] metastore.HMSHandler: Skipping translation for processor with null
2024-04-23T20:46:53,932  INFO [main] ql.Driver: Semantic Analysis Completed (retrial = false)
2024-04-23T20:46:53,932  INFO [main] ql.Driver: Created Hive schema: Schema(fieldSchemas:null, properties:null)
2024-04-23T20:46:53,932  INFO [main] metadata.Hive: Dumping metastore api call timing information for : compilation phase
2024-04-23T20:46:53,932  INFO [main] metadata.Hive: Total time spent in each metastore function (ms): {commitTxn_(CommitTxnRequest)=14, openTxn_(String, TxnType)=2, isCompatibleWith_(Configuration)=0, getTable_(GetTableRequest)=26, getValidTxns_(long)=1, flushCache_()=0}
2024-04-23T20:46:53,933  INFO [main] ql.Driver: Completed compiling command(queryId=alex_20240423204653_c1da936b-8077-4821-9bb6-6e1c4701dd83); Time taken: 0.03 seconds
2024-04-23T20:46:53,933  INFO [main] lockmgr.DbTxnManager: Setting lock request transaction to txnid:23 for queryId=alex_20240423204653_c1da936b-8077-4821-9bb6-6e1c4701dd83
2024-04-23T20:46:53,934  INFO [main] lockmgr.DbLockManager: Requesting lock for queryId=alex_20240423204653_c1da936b-8077-4821-9bb6-6e1c4701dd83
2024-04-23T20:46:53,951  INFO [main] lockmgr.DbLockManager: Response to queryId=alex_20240423204653_c1da936b-8077-4821-9bb6-6e1c4701dd83 LockResponse(lockid:12, state:ACQUIRED)
2024-04-23T20:46:53,951  INFO [main] ql.Driver: Operation DROPTABLE obtained 1 locks
2024-04-23T20:46:53,951  INFO [main] ql.Driver: Executing command(queryId=alex_20240423204653_c1da936b-8077-4821-9bb6-6e1c4701dd83): drop table if exists nonAcidOrcTbl
2024-04-23T20:46:53,951  INFO [main] ql.Driver: Starting task [Stage-0:DDL] in serial mode
2024-04-23T20:46:53,952  INFO [main] HiveMetaStore.audit: ugi=alex	ip=unknown-ip-addr	cmd=get_table : tbl=hive.default.nonAcidOrcTbl	
2024-04-23T20:46:53,962  INFO [main] metastore.HMSHandler: Skipping translation for processor with null
2024-04-23T20:46:53,963  INFO [main] HiveMetaStore.audit: ugi=alex	ip=unknown-ip-addr	cmd=get_table : tbl=hive.default.nonAcidOrcTbl	
2024-04-23T20:46:53,973  INFO [main] metastore.HMSHandler: Skipping translation for processor with null
2024-04-23T20:46:53,974  INFO [main] HiveMetaStore.audit: ugi=alex	ip=unknown-ip-addr	cmd=drop_table : tbl=hive.default.nonAcidOrcTbl	
2024-04-23T20:46:54,014  INFO [main] metadata.Hive: Dumping metastore api call timing information for : execution phase
2024-04-23T20:46:54,014  INFO [main] metadata.Hive: Total time spent in each metastore function (ms): {getTable_(GetTableRequest)=12, dropTable_(String, String, boolean, boolean, boolean)=51, isCompatibleWith_(Configuration)=0}
2024-04-23T20:46:54,014  INFO [main] ql.Driver: Completed executing command(queryId=alex_20240423204653_c1da936b-8077-4821-9bb6-6e1c4701dd83); Time taken: 0.063 seconds
2024-04-23T20:46:54,014  INFO [main] lockmgr.DbTxnManager: Stopped heartbeat for query: alex_20240423204653_c1da936b-8077-4821-9bb6-6e1c4701dd83
2024-04-23T20:46:54,019  INFO [main] txn.TxnHandler: Expected to move at least one record from txn_components to completed_txn_components when committing txn! txnid:23
2024-04-23T20:46:54,026  INFO [main] txn.TxnHandler: Removed transactions: ([23]) from MIN_HISTORY_LEVEL
2024-04-23T20:46:54,027  WARN [main] txn.CompactionTxnHandler: No compaction queue record found for Compaction type transaction commit. txnId:23
2024-04-23T20:46:54,027  INFO [main] ql.TxnCommandsBaseForTests: Running the query: drop table if exists nonAcidOrcTbl2
2024-04-23T20:46:54,028  INFO [main] ql.Driver: Compiling command(queryId=alex_20240423204654_8eae2dbc-1c67-4a78-a591-660db5c0c043): drop table if exists nonAcidOrcTbl2
2024-04-23T20:46:54,035  INFO [main] txn.TxnHandler: Added entries to MIN_HISTORY_LEVEL for current txns: ([24]) with min_open_txn: 20
2024-04-23T20:46:54,035  INFO [main] lockmgr.DbTxnManager: Opened txnid:24
2024-04-23T20:46:54,036  INFO [main] HiveMetaStore.audit: ugi=alex	ip=unknown-ip-addr	cmd=get_table : tbl=hive.default.nonAcidOrcTbl2	
2024-04-23T20:46:54,046  INFO [main] metastore.HMSHandler: Skipping translation for processor with null
2024-04-23T20:46:54,046  INFO [main] ql.Driver: Semantic Analysis Completed (retrial = false)
2024-04-23T20:46:54,046  INFO [main] ql.Driver: Created Hive schema: Schema(fieldSchemas:null, properties:null)
2024-04-23T20:46:54,046  INFO [main] metadata.Hive: Dumping metastore api call timing information for : compilation phase
2024-04-23T20:46:54,046  INFO [main] metadata.Hive: Total time spent in each metastore function (ms): {getValidTxns_(long)=1, getTable_(GetTableRequest)=10, commitTxn_(CommitTxnRequest)=13, isCompatibleWith_(Configuration)=0, flushCache_()=0, openTxn_(String, TxnType)=7}
2024-04-23T20:46:54,047  INFO [main] ql.Driver: Completed compiling command(queryId=alex_20240423204654_8eae2dbc-1c67-4a78-a591-660db5c0c043); Time taken: 0.018 seconds
2024-04-23T20:46:54,047  INFO [main] lockmgr.DbTxnManager: Setting lock request transaction to txnid:24 for queryId=alex_20240423204654_8eae2dbc-1c67-4a78-a591-660db5c0c043
2024-04-23T20:46:54,047  INFO [main] lockmgr.DbLockManager: Requesting lock for queryId=alex_20240423204654_8eae2dbc-1c67-4a78-a591-660db5c0c043
2024-04-23T20:46:54,064  INFO [main] lockmgr.DbLockManager: Response to queryId=alex_20240423204654_8eae2dbc-1c67-4a78-a591-660db5c0c043 LockResponse(lockid:13, state:ACQUIRED)
2024-04-23T20:46:54,064  INFO [main] ql.Driver: Operation DROPTABLE obtained 1 locks
2024-04-23T20:46:54,064  INFO [main] ql.Driver: Executing command(queryId=alex_20240423204654_8eae2dbc-1c67-4a78-a591-660db5c0c043): drop table if exists nonAcidOrcTbl2
2024-04-23T20:46:54,065  INFO [main] ql.Driver: Starting task [Stage-0:DDL] in serial mode
2024-04-23T20:46:54,065  INFO [main] HiveMetaStore.audit: ugi=alex	ip=unknown-ip-addr	cmd=get_table : tbl=hive.default.nonAcidOrcTbl2	
2024-04-23T20:46:54,075  INFO [main] metastore.HMSHandler: Skipping translation for processor with null
2024-04-23T20:46:54,076  INFO [main] HiveMetaStore.audit: ugi=alex	ip=unknown-ip-addr	cmd=get_table : tbl=hive.default.nonAcidOrcTbl2	
2024-04-23T20:46:54,086  INFO [main] metastore.HMSHandler: Skipping translation for processor with null
2024-04-23T20:46:54,086  INFO [main] HiveMetaStore.audit: ugi=alex	ip=unknown-ip-addr	cmd=drop_table : tbl=hive.default.nonAcidOrcTbl2	
2024-04-23T20:46:54,124  INFO [main] metadata.Hive: Dumping metastore api call timing information for : execution phase
2024-04-23T20:46:54,124  INFO [main] metadata.Hive: Total time spent in each metastore function (ms): {getTable_(GetTableRequest)=11, isCompatibleWith_(Configuration)=0, dropTable_(String, String, boolean, boolean, boolean)=48}
2024-04-23T20:46:54,124  INFO [main] ql.Driver: Completed executing command(queryId=alex_20240423204654_8eae2dbc-1c67-4a78-a591-660db5c0c043); Time taken: 0.06 seconds
2024-04-23T20:46:54,124  INFO [main] lockmgr.DbTxnManager: Stopped heartbeat for query: alex_20240423204654_8eae2dbc-1c67-4a78-a591-660db5c0c043
2024-04-23T20:46:54,129  INFO [main] txn.TxnHandler: Expected to move at least one record from txn_components to completed_txn_components when committing txn! txnid:24
2024-04-23T20:46:54,135  INFO [main] txn.TxnHandler: Removed transactions: ([24]) from MIN_HISTORY_LEVEL
2024-04-23T20:46:54,135  WARN [main] txn.CompactionTxnHandler: No compaction queue record found for Compaction type transaction commit. txnId:24
2024-04-23T20:46:54,136  INFO [main] ql.TxnCommandsBaseForTests: Running the query: drop table if exists nonAcidNonBucket
2024-04-23T20:46:54,136  INFO [main] ql.Driver: Compiling command(queryId=alex_20240423204654_8293c9d6-ff90-46ca-9714-5aa3f801e6e5): drop table if exists nonAcidNonBucket
2024-04-23T20:46:54,139  INFO [main] txn.TxnHandler: Added entries to MIN_HISTORY_LEVEL for current txns: ([25]) with min_open_txn: 20
2024-04-23T20:46:54,140  INFO [main] lockmgr.DbTxnManager: Opened txnid:25
2024-04-23T20:46:54,141  INFO [main] HiveMetaStore.audit: ugi=alex	ip=unknown-ip-addr	cmd=get_table : tbl=hive.default.nonAcidNonBucket	
2024-04-23T20:46:54,150  INFO [main] metastore.HMSHandler: Skipping translation for processor with null
2024-04-23T20:46:54,151  INFO [main] ql.Driver: Semantic Analysis Completed (retrial = false)
2024-04-23T20:46:54,151  INFO [main] ql.Driver: Created Hive schema: Schema(fieldSchemas:null, properties:null)
2024-04-23T20:46:54,151  INFO [main] metadata.Hive: Dumping metastore api call timing information for : compilation phase
2024-04-23T20:46:54,151  INFO [main] metadata.Hive: Total time spent in each metastore function (ms): {getTable_(GetTableRequest)=10, commitTxn_(CommitTxnRequest)=12, isCompatibleWith_(Configuration)=0, getValidTxns_(long)=1, openTxn_(String, TxnType)=3, flushCache_()=1}
2024-04-23T20:46:54,151  INFO [main] ql.Driver: Completed compiling command(queryId=alex_20240423204654_8293c9d6-ff90-46ca-9714-5aa3f801e6e5); Time taken: 0.015 seconds
2024-04-23T20:46:54,152  INFO [main] lockmgr.DbTxnManager: Setting lock request transaction to txnid:25 for queryId=alex_20240423204654_8293c9d6-ff90-46ca-9714-5aa3f801e6e5
2024-04-23T20:46:54,152  INFO [main] lockmgr.DbLockManager: Requesting lock for queryId=alex_20240423204654_8293c9d6-ff90-46ca-9714-5aa3f801e6e5
2024-04-23T20:46:54,168  INFO [main] lockmgr.DbLockManager: Response to queryId=alex_20240423204654_8293c9d6-ff90-46ca-9714-5aa3f801e6e5 LockResponse(lockid:14, state:ACQUIRED)
2024-04-23T20:46:54,168  INFO [main] ql.Driver: Operation DROPTABLE obtained 1 locks
2024-04-23T20:46:54,168  INFO [main] ql.Driver: Executing command(queryId=alex_20240423204654_8293c9d6-ff90-46ca-9714-5aa3f801e6e5): drop table if exists nonAcidNonBucket
2024-04-23T20:46:54,169  INFO [main] ql.Driver: Starting task [Stage-0:DDL] in serial mode
2024-04-23T20:46:54,169  INFO [main] HiveMetaStore.audit: ugi=alex	ip=unknown-ip-addr	cmd=get_table : tbl=hive.default.nonAcidNonBucket	
2024-04-23T20:46:54,180  INFO [main] metastore.HMSHandler: Skipping translation for processor with null
2024-04-23T20:46:54,180  INFO [main] HiveMetaStore.audit: ugi=alex	ip=unknown-ip-addr	cmd=get_table : tbl=hive.default.nonAcidNonBucket	
2024-04-23T20:46:54,191  INFO [main] metastore.HMSHandler: Skipping translation for processor with null
2024-04-23T20:46:54,192  INFO [main] HiveMetaStore.audit: ugi=alex	ip=unknown-ip-addr	cmd=drop_table : tbl=hive.default.nonAcidNonBucket	
2024-04-23T20:46:54,234  INFO [main] metadata.Hive: Dumping metastore api call timing information for : execution phase
2024-04-23T20:46:54,234  INFO [main] metadata.Hive: Total time spent in each metastore function (ms): {dropTable_(String, String, boolean, boolean, boolean)=54, getTable_(GetTableRequest)=11, isCompatibleWith_(Configuration)=0}
2024-04-23T20:46:54,235  INFO [main] ql.Driver: Completed executing command(queryId=alex_20240423204654_8293c9d6-ff90-46ca-9714-5aa3f801e6e5); Time taken: 0.066 seconds
2024-04-23T20:46:54,235  INFO [main] lockmgr.DbTxnManager: Stopped heartbeat for query: alex_20240423204654_8293c9d6-ff90-46ca-9714-5aa3f801e6e5
2024-04-23T20:46:54,241  INFO [main] txn.TxnHandler: Expected to move at least one record from txn_components to completed_txn_components when committing txn! txnid:25
2024-04-23T20:46:54,249  INFO [main] txn.TxnHandler: Removed transactions: ([25]) from MIN_HISTORY_LEVEL
2024-04-23T20:46:54,249  WARN [main] txn.CompactionTxnHandler: No compaction queue record found for Compaction type transaction commit. txnId:25
2024-04-23T20:46:54,250  INFO [main] utils.TestTxnDbUtil: Cleaning transactional tables
]]></system-err>
  </testcase>
  <testcase name="testNotEnoughToCompact" classname="org.apache.hadoop.hive.ql.TestTxnCommands3" time="4.548"/>
  <testcase name="testCompactionAbort" classname="org.apache.hadoop.hive.ql.TestTxnCommands3" time="12.603"/>
  <testcase name="testAcidMetaColumsDecode" classname="org.apache.hadoop.hive.ql.TestTxnCommands3" time="16.443"/>
  <testcase name="testNotEnoughToCompactNeedsCleaning" classname="org.apache.hadoop.hive.ql.TestTxnCommands3" time="5.907"/>
  <testcase name="testMinorCompactionAbortLeftoverFiles" classname="org.apache.hadoop.hive.ql.TestTxnCommands3" time="4.968">
    <error type="java.lang.RuntimeException"><![CDATA[java.lang.RuntimeException: update T set a=3 where b=2 failed: (responseCode = 40000, errorMessage = FAILED: NoMatchingMethodException No matching method for class org.apache.hadoop.hive.ql.udf.UDFToInteger with (struct<writeid:bigint,bucketid:int,rowid:bigint>). Possible choices: _FUNC_(bigint)  _FUNC_(boolean)  _FUNC_(decimal(38,18))  _FUNC_(double)  _FUNC_(float)  _FUNC_(smallint)  _FUNC_(string)  _FUNC_(struct<writeid:bigint,rowid:int,bucketid:bigint>)  _FUNC_(timestamp)  _FUNC_(tinyint)  _FUNC_(void)  , hiveErrorCode = 40000, SQLState = 42000, exception = No matching method for class org.apache.hadoop.hive.ql.udf.UDFToInteger with (struct<writeid:bigint,bucketid:int,rowid:bigint>). Possible choices: _FUNC_(bigint)  _FUNC_(boolean)  _FUNC_(decimal(38,18))  _FUNC_(double)  _FUNC_(float)  _FUNC_(smallint)  _FUNC_(string)  _FUNC_(struct<writeid:bigint,rowid:int,bucketid:bigint>)  _FUNC_(timestamp)  _FUNC_(tinyint)  _FUNC_(void)  )
	at org.apache.hadoop.hive.ql.TxnCommandsBaseForTests.runStatementOnDriver(TxnCommandsBaseForTests.java:247)
	at org.apache.hadoop.hive.ql.TestTxnCommands3.testMinorCompactionAbortLeftoverFiles(TestTxnCommands3.java:535)
	at sun.reflect.NativeMethodAccessorImpl.invoke0(Native Method)
	at sun.reflect.NativeMethodAccessorImpl.invoke(NativeMethodAccessorImpl.java:62)
	at sun.reflect.DelegatingMethodAccessorImpl.invoke(DelegatingMethodAccessorImpl.java:43)
	at java.lang.reflect.Method.invoke(Method.java:498)
	at org.junit.runners.model.FrameworkMethod$1.runReflectiveCall(FrameworkMethod.java:59)
	at org.junit.internal.runners.model.ReflectiveCallable.run(ReflectiveCallable.java:12)
	at org.junit.runners.model.FrameworkMethod.invokeExplosively(FrameworkMethod.java:56)
	at org.junit.internal.runners.statements.InvokeMethod.evaluate(InvokeMethod.java:17)
	at org.junit.internal.runners.statements.RunBefores.evaluate(RunBefores.java:26)
	at org.junit.internal.runners.statements.RunAfters.evaluate(RunAfters.java:27)
	at org.junit.rules.TestWatcher$1.evaluate(TestWatcher.java:61)
	at org.junit.runners.ParentRunner$3.evaluate(ParentRunner.java:306)
	at org.junit.runners.BlockJUnit4ClassRunner$1.evaluate(BlockJUnit4ClassRunner.java:100)
	at org.junit.runners.ParentRunner.runLeaf(ParentRunner.java:366)
	at org.junit.runners.BlockJUnit4ClassRunner.runChild(BlockJUnit4ClassRunner.java:103)
	at org.junit.runners.BlockJUnit4ClassRunner.runChild(BlockJUnit4ClassRunner.java:63)
	at org.junit.runners.ParentRunner$4.run(ParentRunner.java:331)
	at org.junit.runners.ParentRunner$1.schedule(ParentRunner.java:79)
	at org.junit.runners.ParentRunner.runChildren(ParentRunner.java:329)
	at org.junit.runners.ParentRunner.access$100(ParentRunner.java:66)
	at org.junit.runners.ParentRunner$2.evaluate(ParentRunner.java:293)
	at org.junit.runners.ParentRunner$3.evaluate(ParentRunner.java:306)
	at org.junit.runners.ParentRunner.run(ParentRunner.java:413)
	at org.junit.runner.JUnitCore.run(JUnitCore.java:137)
	at org.junit.runner.JUnitCore.run(JUnitCore.java:115)
	at org.junit.vintage.engine.execution.RunnerExecutor.execute(RunnerExecutor.java:43)
	at java.util.stream.ForEachOps$ForEachOp$OfRef.accept(ForEachOps.java:183)
	at java.util.stream.ReferencePipeline$3$1.accept(ReferencePipeline.java:193)
	at java.util.Iterator.forEachRemaining(Iterator.java:116)
	at java.util.Spliterators$IteratorSpliterator.forEachRemaining(Spliterators.java:1801)
	at java.util.stream.AbstractPipeline.copyInto(AbstractPipeline.java:482)
	at java.util.stream.AbstractPipeline.wrapAndCopyInto(AbstractPipeline.java:472)
	at java.util.stream.ForEachOps$ForEachOp.evaluateSequential(ForEachOps.java:150)
	at java.util.stream.ForEachOps$ForEachOp$OfRef.evaluateSequential(ForEachOps.java:173)
	at java.util.stream.AbstractPipeline.evaluate(AbstractPipeline.java:234)
	at java.util.stream.ReferencePipeline.forEach(ReferencePipeline.java:485)
	at org.junit.vintage.engine.VintageTestEngine.executeAllChildren(VintageTestEngine.java:82)
	at org.junit.vintage.engine.VintageTestEngine.execute(VintageTestEngine.java:73)
	at org.junit.platform.launcher.core.DefaultLauncher.execute(DefaultLauncher.java:248)
	at org.junit.platform.launcher.core.DefaultLauncher.lambda$execute$5(DefaultLauncher.java:211)
	at org.junit.platform.launcher.core.DefaultLauncher.withInterceptedStreams(DefaultLauncher.java:226)
	at org.junit.platform.launcher.core.DefaultLauncher.execute(DefaultLauncher.java:199)
	at org.junit.platform.launcher.core.DefaultLauncher.execute(DefaultLauncher.java:132)
	at org.apache.maven.surefire.junitplatform.JUnitPlatformProvider.invokeAllTests(JUnitPlatformProvider.java:154)
	at org.apache.maven.surefire.junitplatform.JUnitPlatformProvider.invoke(JUnitPlatformProvider.java:123)
	at org.apache.maven.surefire.booter.ForkedBooter.runSuitesInProcess(ForkedBooter.java:377)
	at org.apache.maven.surefire.booter.ForkedBooter.execute(ForkedBooter.java:138)
	at org.apache.maven.surefire.booter.ForkedBooter.run(ForkedBooter.java:465)
	at org.apache.maven.surefire.booter.ForkedBooter.main(ForkedBooter.java:451)
]]></error>
    <system-err><![CDATA[2024-04-23T20:47:33,813  WARN [main] conf.HiveConf: HiveConf of name hive.dummyparam.test.server.specific.config.metastoresite does not exist
2024-04-23T20:47:33,813  WARN [main] conf.HiveConf: HiveConf of name hive.metastore.client.cache.recordStats does not exist
2024-04-23T20:47:33,813  WARN [main] conf.HiveConf: HiveConf of name hive.dummyparam.test.server.specific.config.hivesite does not exist
2024-04-23T20:47:33,813  WARN [main] conf.HiveConf: HiveConf of name hive.stats.key.prefix.reserve.length does not exist
2024-04-23T20:47:33,813  WARN [main] conf.HiveConf: HiveConf of name hive.llap.io.cache.orc.alloc.min does not exist
2024-04-23T20:47:33,813  WARN [main] conf.HiveConf: HiveConf of name hive.dummyparam.test.server.specific.config.override does not exist
2024-04-23T20:47:33,814  WARN [main] conf.HiveConf: HiveConf of name hive.metastore.client.cache.maxSize does not exist
2024-04-23T20:47:33,814  WARN [main] conf.HiveConf: HiveConf of name hive.llap.io.cache.orc.size does not exist
2024-04-23T20:47:33,814  WARN [main] conf.HiveConf: HiveConf of name hive.llap.io.cache.orc.arena.size does not exist
2024-04-23T20:47:33,814  WARN [main] conf.HiveConf: HiveConf of name hive.llap.io.cache.orc.alloc.max does not exist
2024-04-23T20:47:33,814  WARN [main] conf.HiveConf: HiveConf of name hive.metastore.metadb.dir does not exist
2024-04-23T20:47:33,816  INFO [main] utils.TestTxnDbUtil: Creating transactional tables
Hive Session ID = e755fce6-c4ec-4a1e-a53d-410ef72bf6f9
2024-04-23T20:47:33,818  INFO [main] SessionState: Hive Session ID = e755fce6-c4ec-4a1e-a53d-410ef72bf6f9
ivysettings.xml file not found in HIVE_HOME or HIVE_CONF_DIR,/home/alex/Repositories/hive/conf/ivysettings.xml will be used
2024-04-23T20:47:33,819  INFO [main] DependencyResolver: ivysettings.xml file not found in HIVE_HOME or HIVE_CONF_DIR,/home/alex/Repositories/hive/conf/ivysettings.xml will be used
2024-04-23T20:47:33,824  INFO [main] session.SessionState: Created HDFS directory: /home/alex/Repositories/hive/ql/target/tmp/scratchdir/alex/e755fce6-c4ec-4a1e-a53d-410ef72bf6f9
2024-04-23T20:47:33,827  INFO [main] session.SessionState: Created local directory: /home/alex/Repositories/hive/ql/target/tmp/localscratchdir/e755fce6-c4ec-4a1e-a53d-410ef72bf6f9
2024-04-23T20:47:33,829  INFO [main] session.SessionState: Created HDFS directory: /home/alex/Repositories/hive/ql/target/tmp/scratchdir/alex/e755fce6-c4ec-4a1e-a53d-410ef72bf6f9/_tmp_space.db
2024-04-23T20:47:33,829  INFO [main] sqlstd.SQLStdHiveAccessController: Created SQLStdHiveAccessController for session context : HiveAuthzSessionContext [sessionString=e755fce6-c4ec-4a1e-a53d-410ef72bf6f9, clientType=HIVECLI]
2024-04-23T20:47:33,829  INFO [main] ql.TxnCommandsBaseForTests: Running the query: drop table if exists acidTbl
2024-04-23T20:47:33,830  INFO [main] ql.Driver: Compiling command(queryId=alex_20240423204733_ba313ec4-d49a-4b91-9e91-33e4daf343ca): drop table if exists acidTbl
2024-04-23T20:47:33,839  INFO [main] txn.TxnHandler: Added entries to MIN_HISTORY_LEVEL for current txns: ([1]) with min_open_txn: 1
2024-04-23T20:47:33,839  INFO [main] lockmgr.DbTxnManager: Opened txnid:1
2024-04-23T20:47:33,842  INFO [main] HiveMetaStore.audit: ugi=alex	ip=unknown-ip-addr	cmd=get_table : tbl=hive.default.acidTbl	
2024-04-23T20:47:33,850  INFO [main] ql.Driver: Semantic Analysis Completed (retrial = false)
2024-04-23T20:47:33,850  INFO [main] ql.Driver: Created Hive schema: Schema(fieldSchemas:null, properties:null)
2024-04-23T20:47:33,850  INFO [main] metadata.Hive: Dumping metastore api call timing information for : compilation phase
2024-04-23T20:47:33,850  INFO [main] metadata.Hive: Total time spent in each metastore function (ms): {flushCache_()=0, commitTxn_(CommitTxnRequest)=10, openTxn_(String, TxnType)=8, isCompatibleWith_(Configuration)=0, getValidTxns_(long)=2}
2024-04-23T20:47:33,850  INFO [main] ql.Driver: Completed compiling command(queryId=alex_20240423204733_ba313ec4-d49a-4b91-9e91-33e4daf343ca); Time taken: 0.02 seconds
2024-04-23T20:47:33,851  INFO [main] lockmgr.DbTxnManager: Setting lock request transaction to txnid:1 for queryId=alex_20240423204733_ba313ec4-d49a-4b91-9e91-33e4daf343ca
2024-04-23T20:47:33,851  INFO [main] ql.Driver: Operation DROPTABLE obtained 0 locks
2024-04-23T20:47:33,851  INFO [main] ql.Driver: Executing command(queryId=alex_20240423204733_ba313ec4-d49a-4b91-9e91-33e4daf343ca): drop table if exists acidTbl
2024-04-23T20:47:33,851  INFO [main] ql.Driver: Starting task [Stage-0:DDL] in serial mode
2024-04-23T20:47:33,851  INFO [main] HiveMetaStore.audit: ugi=alex	ip=unknown-ip-addr	cmd=get_table : tbl=hive.default.acidTbl	
2024-04-23T20:47:33,855  INFO [main] metadata.Hive: Dumping metastore api call timing information for : execution phase
2024-04-23T20:47:33,855  INFO [main] metadata.Hive: Total time spent in each metastore function (ms): {isCompatibleWith_(Configuration)=0}
2024-04-23T20:47:33,855  INFO [main] ql.Driver: Completed executing command(queryId=alex_20240423204733_ba313ec4-d49a-4b91-9e91-33e4daf343ca); Time taken: 0.004 seconds
2024-04-23T20:47:33,855  INFO [main] lockmgr.DbTxnManager: Stopped heartbeat for query: alex_20240423204733_ba313ec4-d49a-4b91-9e91-33e4daf343ca
2024-04-23T20:47:33,860  INFO [main] txn.TxnHandler: Expected to move at least one record from txn_components to completed_txn_components when committing txn! txnid:1
2024-04-23T20:47:33,865  INFO [main] txn.TxnHandler: Removed transactions: ([1]) from MIN_HISTORY_LEVEL
2024-04-23T20:47:33,865  WARN [main] txn.CompactionTxnHandler: No compaction queue record found for Compaction type transaction commit. txnId:1
2024-04-23T20:47:33,866  INFO [main] ql.TxnCommandsBaseForTests: Running the query: drop table if exists acidTblPart
2024-04-23T20:47:33,867  INFO [main] ql.Driver: Compiling command(queryId=alex_20240423204733_fce7c3fd-b7db-42c6-ab03-3a7edb3d7c67): drop table if exists acidTblPart
2024-04-23T20:47:33,869  INFO [main] txn.TxnHandler: Added entries to MIN_HISTORY_LEVEL for current txns: ([2]) with min_open_txn: 1
2024-04-23T20:47:33,869  INFO [main] lockmgr.DbTxnManager: Opened txnid:2
2024-04-23T20:47:33,871  INFO [main] HiveMetaStore.audit: ugi=alex	ip=unknown-ip-addr	cmd=get_table : tbl=hive.default.acidTblPart	
2024-04-23T20:47:33,874  INFO [main] ql.Driver: Semantic Analysis Completed (retrial = false)
2024-04-23T20:47:33,874  INFO [main] ql.Driver: Created Hive schema: Schema(fieldSchemas:null, properties:null)
2024-04-23T20:47:33,874  INFO [main] metadata.Hive: Dumping metastore api call timing information for : compilation phase
2024-04-23T20:47:33,874  INFO [main] metadata.Hive: Total time spent in each metastore function (ms): {getValidTxns_(long)=0, flushCache_()=0, commitTxn_(CommitTxnRequest)=11, isCompatibleWith_(Configuration)=0, openTxn_(String, TxnType)=2}
2024-04-23T20:47:33,874  INFO [main] ql.Driver: Completed compiling command(queryId=alex_20240423204733_fce7c3fd-b7db-42c6-ab03-3a7edb3d7c67); Time taken: 0.007 seconds
2024-04-23T20:47:33,875  INFO [main] lockmgr.DbTxnManager: Setting lock request transaction to txnid:2 for queryId=alex_20240423204733_fce7c3fd-b7db-42c6-ab03-3a7edb3d7c67
2024-04-23T20:47:33,875  INFO [main] ql.Driver: Operation DROPTABLE obtained 0 locks
2024-04-23T20:47:33,875  INFO [main] ql.Driver: Executing command(queryId=alex_20240423204733_fce7c3fd-b7db-42c6-ab03-3a7edb3d7c67): drop table if exists acidTblPart
2024-04-23T20:47:33,875  INFO [main] ql.Driver: Starting task [Stage-0:DDL] in serial mode
2024-04-23T20:47:33,875  INFO [main] HiveMetaStore.audit: ugi=alex	ip=unknown-ip-addr	cmd=get_table : tbl=hive.default.acidTblPart	
2024-04-23T20:47:33,878  INFO [main] metadata.Hive: Dumping metastore api call timing information for : execution phase
2024-04-23T20:47:33,879  INFO [main] metadata.Hive: Total time spent in each metastore function (ms): {isCompatibleWith_(Configuration)=0}
2024-04-23T20:47:33,879  INFO [main] ql.Driver: Completed executing command(queryId=alex_20240423204733_fce7c3fd-b7db-42c6-ab03-3a7edb3d7c67); Time taken: 0.003 seconds
2024-04-23T20:47:33,879  INFO [main] lockmgr.DbTxnManager: Stopped heartbeat for query: alex_20240423204733_fce7c3fd-b7db-42c6-ab03-3a7edb3d7c67
2024-04-23T20:47:33,883  INFO [main] txn.TxnHandler: Expected to move at least one record from txn_components to completed_txn_components when committing txn! txnid:2
2024-04-23T20:47:33,888  INFO [main] txn.TxnHandler: Removed transactions: ([2]) from MIN_HISTORY_LEVEL
2024-04-23T20:47:33,888  WARN [main] txn.CompactionTxnHandler: No compaction queue record found for Compaction type transaction commit. txnId:2
2024-04-23T20:47:33,889  INFO [main] ql.TxnCommandsBaseForTests: Running the query: drop table if exists acidTbl2
2024-04-23T20:47:33,889  INFO [main] ql.Driver: Compiling command(queryId=alex_20240423204733_467aab7c-84b1-4d5c-8dfc-54f40cb8e94a): drop table if exists acidTbl2
2024-04-23T20:47:33,891  INFO [main] txn.TxnHandler: Added entries to MIN_HISTORY_LEVEL for current txns: ([3]) with min_open_txn: 1
2024-04-23T20:47:33,892  INFO [main] lockmgr.DbTxnManager: Opened txnid:3
2024-04-23T20:47:33,893  INFO [main] HiveMetaStore.audit: ugi=alex	ip=unknown-ip-addr	cmd=get_table : tbl=hive.default.acidTbl2	
2024-04-23T20:47:33,896  INFO [main] ql.Driver: Semantic Analysis Completed (retrial = false)
2024-04-23T20:47:33,896  INFO [main] ql.Driver: Created Hive schema: Schema(fieldSchemas:null, properties:null)
2024-04-23T20:47:33,896  INFO [main] metadata.Hive: Dumping metastore api call timing information for : compilation phase
2024-04-23T20:47:33,896  INFO [main] metadata.Hive: Total time spent in each metastore function (ms): {isCompatibleWith_(Configuration)=0, flushCache_()=1, commitTxn_(CommitTxnRequest)=10, openTxn_(String, TxnType)=2, getValidTxns_(long)=0}
2024-04-23T20:47:33,896  INFO [main] ql.Driver: Completed compiling command(queryId=alex_20240423204733_467aab7c-84b1-4d5c-8dfc-54f40cb8e94a); Time taken: 0.007 seconds
2024-04-23T20:47:33,896  INFO [main] lockmgr.DbTxnManager: Setting lock request transaction to txnid:3 for queryId=alex_20240423204733_467aab7c-84b1-4d5c-8dfc-54f40cb8e94a
2024-04-23T20:47:33,896  INFO [main] ql.Driver: Operation DROPTABLE obtained 0 locks
2024-04-23T20:47:33,896  INFO [main] ql.Driver: Executing command(queryId=alex_20240423204733_467aab7c-84b1-4d5c-8dfc-54f40cb8e94a): drop table if exists acidTbl2
2024-04-23T20:47:33,897  INFO [main] ql.Driver: Starting task [Stage-0:DDL] in serial mode
2024-04-23T20:47:33,897  INFO [main] HiveMetaStore.audit: ugi=alex	ip=unknown-ip-addr	cmd=get_table : tbl=hive.default.acidTbl2	
2024-04-23T20:47:33,901  INFO [main] metadata.Hive: Dumping metastore api call timing information for : execution phase
2024-04-23T20:47:33,901  INFO [main] metadata.Hive: Total time spent in each metastore function (ms): {isCompatibleWith_(Configuration)=0}
2024-04-23T20:47:33,901  INFO [main] ql.Driver: Completed executing command(queryId=alex_20240423204733_467aab7c-84b1-4d5c-8dfc-54f40cb8e94a); Time taken: 0.005 seconds
2024-04-23T20:47:33,901  INFO [main] lockmgr.DbTxnManager: Stopped heartbeat for query: alex_20240423204733_467aab7c-84b1-4d5c-8dfc-54f40cb8e94a
2024-04-23T20:47:33,906  INFO [main] txn.TxnHandler: Expected to move at least one record from txn_components to completed_txn_components when committing txn! txnid:3
2024-04-23T20:47:33,911  INFO [main] txn.TxnHandler: Removed transactions: ([3]) from MIN_HISTORY_LEVEL
2024-04-23T20:47:33,911  WARN [main] txn.CompactionTxnHandler: No compaction queue record found for Compaction type transaction commit. txnId:3
2024-04-23T20:47:33,912  INFO [main] ql.TxnCommandsBaseForTests: Running the query: drop table if exists nonAcidOrcTbl
2024-04-23T20:47:33,912  INFO [main] ql.Driver: Compiling command(queryId=alex_20240423204733_63099281-edca-4ae2-acb0-ec9d09b2b49e): drop table if exists nonAcidOrcTbl
2024-04-23T20:47:33,914  INFO [main] txn.TxnHandler: Added entries to MIN_HISTORY_LEVEL for current txns: ([4]) with min_open_txn: 1
2024-04-23T20:47:33,915  INFO [main] lockmgr.DbTxnManager: Opened txnid:4
2024-04-23T20:47:33,916  INFO [main] HiveMetaStore.audit: ugi=alex	ip=unknown-ip-addr	cmd=get_table : tbl=hive.default.nonAcidOrcTbl	
2024-04-23T20:47:33,919  INFO [main] ql.Driver: Semantic Analysis Completed (retrial = false)
2024-04-23T20:47:33,919  INFO [main] ql.Driver: Created Hive schema: Schema(fieldSchemas:null, properties:null)
2024-04-23T20:47:33,919  INFO [main] metadata.Hive: Dumping metastore api call timing information for : compilation phase
2024-04-23T20:47:33,919  INFO [main] metadata.Hive: Total time spent in each metastore function (ms): {getValidTxns_(long)=0, isCompatibleWith_(Configuration)=0, commitTxn_(CommitTxnRequest)=11, flushCache_()=1, openTxn_(String, TxnType)=2}
2024-04-23T20:47:33,919  INFO [main] ql.Driver: Completed compiling command(queryId=alex_20240423204733_63099281-edca-4ae2-acb0-ec9d09b2b49e); Time taken: 0.007 seconds
2024-04-23T20:47:33,919  INFO [main] lockmgr.DbTxnManager: Setting lock request transaction to txnid:4 for queryId=alex_20240423204733_63099281-edca-4ae2-acb0-ec9d09b2b49e
2024-04-23T20:47:33,920  INFO [main] ql.Driver: Operation DROPTABLE obtained 0 locks
2024-04-23T20:47:33,920  INFO [main] ql.Driver: Executing command(queryId=alex_20240423204733_63099281-edca-4ae2-acb0-ec9d09b2b49e): drop table if exists nonAcidOrcTbl
2024-04-23T20:47:33,920  INFO [main] ql.Driver: Starting task [Stage-0:DDL] in serial mode
2024-04-23T20:47:33,920  INFO [main] HiveMetaStore.audit: ugi=alex	ip=unknown-ip-addr	cmd=get_table : tbl=hive.default.nonAcidOrcTbl	
2024-04-23T20:47:33,923  INFO [main] metadata.Hive: Dumping metastore api call timing information for : execution phase
2024-04-23T20:47:33,924  INFO [main] metadata.Hive: Total time spent in each metastore function (ms): {isCompatibleWith_(Configuration)=0}
2024-04-23T20:47:33,924  INFO [main] ql.Driver: Completed executing command(queryId=alex_20240423204733_63099281-edca-4ae2-acb0-ec9d09b2b49e); Time taken: 0.003 seconds
2024-04-23T20:47:33,924  INFO [main] lockmgr.DbTxnManager: Stopped heartbeat for query: alex_20240423204733_63099281-edca-4ae2-acb0-ec9d09b2b49e
2024-04-23T20:47:33,928  INFO [main] txn.TxnHandler: Expected to move at least one record from txn_components to completed_txn_components when committing txn! txnid:4
2024-04-23T20:47:33,933  INFO [main] txn.TxnHandler: Removed transactions: ([4]) from MIN_HISTORY_LEVEL
2024-04-23T20:47:33,933  WARN [main] txn.CompactionTxnHandler: No compaction queue record found for Compaction type transaction commit. txnId:4
2024-04-23T20:47:33,934  INFO [main] ql.TxnCommandsBaseForTests: Running the query: drop table if exists nonAcidOrcTbl2
2024-04-23T20:47:33,934  INFO [main] ql.Driver: Compiling command(queryId=alex_20240423204733_e69274ae-c914-41fe-b9be-f5b31f115ca1): drop table if exists nonAcidOrcTbl2
2024-04-23T20:47:33,936  INFO [main] txn.TxnHandler: Added entries to MIN_HISTORY_LEVEL for current txns: ([5]) with min_open_txn: 1
2024-04-23T20:47:33,937  INFO [main] lockmgr.DbTxnManager: Opened txnid:5
2024-04-23T20:47:33,938  INFO [main] HiveMetaStore.audit: ugi=alex	ip=unknown-ip-addr	cmd=get_table : tbl=hive.default.nonAcidOrcTbl2	
2024-04-23T20:47:33,941  INFO [main] ql.Driver: Semantic Analysis Completed (retrial = false)
2024-04-23T20:47:33,941  INFO [main] ql.Driver: Created Hive schema: Schema(fieldSchemas:null, properties:null)
2024-04-23T20:47:33,941  INFO [main] metadata.Hive: Dumping metastore api call timing information for : compilation phase
2024-04-23T20:47:33,941  INFO [main] metadata.Hive: Total time spent in each metastore function (ms): {flushCache_()=0, isCompatibleWith_(Configuration)=0, openTxn_(String, TxnType)=2, commitTxn_(CommitTxnRequest)=9, getValidTxns_(long)=0}
2024-04-23T20:47:33,941  INFO [main] ql.Driver: Completed compiling command(queryId=alex_20240423204733_e69274ae-c914-41fe-b9be-f5b31f115ca1); Time taken: 0.007 seconds
2024-04-23T20:47:33,942  INFO [main] lockmgr.DbTxnManager: Setting lock request transaction to txnid:5 for queryId=alex_20240423204733_e69274ae-c914-41fe-b9be-f5b31f115ca1
2024-04-23T20:47:33,942  INFO [main] ql.Driver: Operation DROPTABLE obtained 0 locks
2024-04-23T20:47:33,942  INFO [main] ql.Driver: Executing command(queryId=alex_20240423204733_e69274ae-c914-41fe-b9be-f5b31f115ca1): drop table if exists nonAcidOrcTbl2
2024-04-23T20:47:33,942  INFO [main] ql.Driver: Starting task [Stage-0:DDL] in serial mode
2024-04-23T20:47:33,942  INFO [main] HiveMetaStore.audit: ugi=alex	ip=unknown-ip-addr	cmd=get_table : tbl=hive.default.nonAcidOrcTbl2	
2024-04-23T20:47:33,945  INFO [main] metadata.Hive: Dumping metastore api call timing information for : execution phase
2024-04-23T20:47:33,946  INFO [main] metadata.Hive: Total time spent in each metastore function (ms): {isCompatibleWith_(Configuration)=0}
2024-04-23T20:47:33,946  INFO [main] ql.Driver: Completed executing command(queryId=alex_20240423204733_e69274ae-c914-41fe-b9be-f5b31f115ca1); Time taken: 0.003 seconds
2024-04-23T20:47:33,946  INFO [main] lockmgr.DbTxnManager: Stopped heartbeat for query: alex_20240423204733_e69274ae-c914-41fe-b9be-f5b31f115ca1
2024-04-23T20:47:33,953  INFO [main] txn.TxnHandler: Expected to move at least one record from txn_components to completed_txn_components when committing txn! txnid:5
2024-04-23T20:47:33,960  INFO [main] txn.TxnHandler: Removed transactions: ([5]) from MIN_HISTORY_LEVEL
2024-04-23T20:47:33,960  WARN [main] txn.CompactionTxnHandler: No compaction queue record found for Compaction type transaction commit. txnId:5
2024-04-23T20:47:33,961  INFO [main] ql.TxnCommandsBaseForTests: Running the query: drop table if exists nonAcidNonBucket
2024-04-23T20:47:33,962  INFO [main] ql.Driver: Compiling command(queryId=alex_20240423204733_834fbbea-607b-4cc9-a0f0-2df91cc9e7dc): drop table if exists nonAcidNonBucket
2024-04-23T20:47:33,965  INFO [main] txn.TxnHandler: Added entries to MIN_HISTORY_LEVEL for current txns: ([6]) with min_open_txn: 1
2024-04-23T20:47:33,965  INFO [main] lockmgr.DbTxnManager: Opened txnid:6
2024-04-23T20:47:33,967  INFO [main] HiveMetaStore.audit: ugi=alex	ip=unknown-ip-addr	cmd=get_table : tbl=hive.default.nonAcidNonBucket	
2024-04-23T20:47:33,971  INFO [main] ql.Driver: Semantic Analysis Completed (retrial = false)
2024-04-23T20:47:33,971  INFO [main] ql.Driver: Created Hive schema: Schema(fieldSchemas:null, properties:null)
2024-04-23T20:47:33,971  INFO [main] metadata.Hive: Dumping metastore api call timing information for : compilation phase
2024-04-23T20:47:33,971  INFO [main] metadata.Hive: Total time spent in each metastore function (ms): {openTxn_(String, TxnType)=2, isCompatibleWith_(Configuration)=0, commitTxn_(CommitTxnRequest)=15, flushCache_()=0, getValidTxns_(long)=0}
2024-04-23T20:47:33,971  INFO [main] ql.Driver: Completed compiling command(queryId=alex_20240423204733_834fbbea-607b-4cc9-a0f0-2df91cc9e7dc); Time taken: 0.009 seconds
2024-04-23T20:47:33,972  INFO [main] lockmgr.DbTxnManager: Setting lock request transaction to txnid:6 for queryId=alex_20240423204733_834fbbea-607b-4cc9-a0f0-2df91cc9e7dc
2024-04-23T20:47:33,972  INFO [main] ql.Driver: Operation DROPTABLE obtained 0 locks
2024-04-23T20:47:33,972  INFO [main] ql.Driver: Executing command(queryId=alex_20240423204733_834fbbea-607b-4cc9-a0f0-2df91cc9e7dc): drop table if exists nonAcidNonBucket
2024-04-23T20:47:33,972  INFO [main] ql.Driver: Starting task [Stage-0:DDL] in serial mode
2024-04-23T20:47:33,972  INFO [main] HiveMetaStore.audit: ugi=alex	ip=unknown-ip-addr	cmd=get_table : tbl=hive.default.nonAcidNonBucket	
2024-04-23T20:47:33,976  INFO [main] metadata.Hive: Dumping metastore api call timing information for : execution phase
2024-04-23T20:47:33,976  INFO [main] metadata.Hive: Total time spent in each metastore function (ms): {isCompatibleWith_(Configuration)=0}
2024-04-23T20:47:33,976  INFO [main] ql.Driver: Completed executing command(queryId=alex_20240423204733_834fbbea-607b-4cc9-a0f0-2df91cc9e7dc); Time taken: 0.004 seconds
2024-04-23T20:47:33,976  INFO [main] lockmgr.DbTxnManager: Stopped heartbeat for query: alex_20240423204733_834fbbea-607b-4cc9-a0f0-2df91cc9e7dc
2024-04-23T20:47:33,981  INFO [main] txn.TxnHandler: Expected to move at least one record from txn_components to completed_txn_components when committing txn! txnid:6
2024-04-23T20:47:33,985  INFO [main] txn.TxnHandler: Removed transactions: ([6]) from MIN_HISTORY_LEVEL
2024-04-23T20:47:33,985  WARN [main] txn.CompactionTxnHandler: No compaction queue record found for Compaction type transaction commit. txnId:6
2024-04-23T20:47:33,986  INFO [main] ql.TxnCommandsBaseForTests: Running the query: create table acidTbl(a int, b int) clustered by (a) into 2 buckets stored as orc TBLPROPERTIES ('transactional'='true')
2024-04-23T20:47:33,986  INFO [main] ql.Driver: Compiling command(queryId=alex_20240423204733_938757bb-3c86-4e9b-982f-22d859a977a1): create table acidTbl(a int, b int) clustered by (a) into 2 buckets stored as orc TBLPROPERTIES ('transactional'='true')
2024-04-23T20:47:33,989  INFO [main] txn.TxnHandler: Added entries to MIN_HISTORY_LEVEL for current txns: ([7]) with min_open_txn: 1
2024-04-23T20:47:33,989  INFO [main] lockmgr.DbTxnManager: Opened txnid:7
2024-04-23T20:47:33,990  INFO [main] parse.CalcitePlanner: Starting caching scope for: 
2024-04-23T20:47:33,990  INFO [main] parse.CalcitePlanner: Starting Semantic Analysis
2024-04-23T20:47:33,996  INFO [main] parse.CalcitePlanner: Creating table default.acidTbl position=13
2024-04-23T20:47:33,996  INFO [main] HiveMetaStore.audit: ugi=alex	ip=unknown-ip-addr	cmd=get_database: default	
2024-04-23T20:47:33,998  INFO [main] parse.CalcitePlanner: Ending caching scope for: 
2024-04-23T20:47:33,998  INFO [main] ql.Driver: Semantic Analysis Completed (retrial = false)
2024-04-23T20:47:33,998  INFO [main] ql.Driver: Created Hive schema: Schema(fieldSchemas:null, properties:null)
2024-04-23T20:47:33,998  INFO [main] metadata.Hive: Dumping metastore api call timing information for : compilation phase
2024-04-23T20:47:33,999  INFO [main] metadata.Hive: Total time spent in each metastore function (ms): {isCompatibleWith_(Configuration)=0, flushCache_()=0, getValidTxns_(long)=1, getDatabase_(String)=2, commitTxn_(CommitTxnRequest)=10, openTxn_(String, TxnType)=2, getValidWriteIds_(List, String)=6}
2024-04-23T20:47:33,999  INFO [main] ql.Driver: Completed compiling command(queryId=alex_20240423204733_938757bb-3c86-4e9b-982f-22d859a977a1); Time taken: 0.012 seconds
2024-04-23T20:47:33,999  INFO [main] lockmgr.DbTxnManager: Setting lock request transaction to txnid:7 for queryId=alex_20240423204733_938757bb-3c86-4e9b-982f-22d859a977a1
2024-04-23T20:47:33,999  INFO [main] lockmgr.DbLockManager: Requesting lock for queryId=alex_20240423204733_938757bb-3c86-4e9b-982f-22d859a977a1
2024-04-23T20:47:34,016  INFO [main] lockmgr.DbLockManager: Response to queryId=alex_20240423204733_938757bb-3c86-4e9b-982f-22d859a977a1 LockResponse(lockid:1, state:ACQUIRED)
2024-04-23T20:47:34,016  INFO [main] ql.Driver: Operation CREATETABLE obtained 1 locks
2024-04-23T20:47:34,017  INFO [main] ql.Driver: Executing command(queryId=alex_20240423204733_938757bb-3c86-4e9b-982f-22d859a977a1): create table acidTbl(a int, b int) clustered by (a) into 2 buckets stored as orc TBLPROPERTIES ('transactional'='true')
2024-04-23T20:47:34,018  INFO [main] ql.Driver: Starting task [Stage-0:DDL] in serial mode
2024-04-23T20:47:34,019  INFO [main] HiveMetaStore.audit: ugi=alex	ip=unknown-ip-addr	cmd=create_table_req: Table(tableName:acidTbl, dbName:default, owner:alex, createTime:1713930454, lastAccessTime:0, retention:0, sd:StorageDescriptor(cols:[FieldSchema(name:a, type:int, comment:null), FieldSchema(name:b, type:int, comment:null)], location:null, inputFormat:org.apache.hadoop.hive.ql.io.orc.OrcInputFormat, outputFormat:org.apache.hadoop.hive.ql.io.orc.OrcOutputFormat, compressed:false, numBuckets:2, serdeInfo:SerDeInfo(name:null, serializationLib:org.apache.hadoop.hive.ql.io.orc.OrcSerde, parameters:{serialization.format=1}), bucketCols:[a], sortCols:[], parameters:{}, skewedInfo:SkewedInfo(skewedColNames:[], skewedColValues:[], skewedColValueLocationMaps:{}), storedAsSubDirectories:false), partitionKeys:[], parameters:{numRows=0, totalSize=0, transactional=true, COLUMN_STATS_ACCURATE={"BASIC_STATS":"true","COLUMN_STATS":{"a":"true","b":"true"}}, numFilesErasureCoded=0, bucketing_version=2, numFiles=0, rawDataSize=0}, viewOriginalText:null, viewExpandedText:null, tableType:MANAGED_TABLE, privileges:PrincipalPrivilegeSet(userPrivileges:{alex=[PrivilegeGrantInfo(privilege:INSERT, createTime:-1, grantor:alex, grantorType:USER, grantOption:true), PrivilegeGrantInfo(privilege:SELECT, createTime:-1, grantor:alex, grantorType:USER, grantOption:true), PrivilegeGrantInfo(privilege:UPDATE, createTime:-1, grantor:alex, grantorType:USER, grantOption:true), PrivilegeGrantInfo(privilege:DELETE, createTime:-1, grantor:alex, grantorType:USER, grantOption:true)]}, groupPrivileges:null, rolePrivileges:null), temporary:false, catName:hive, ownerType:USER, writeId:0)	
2024-04-23T20:47:34,024  INFO [main] utils.FileUtils: Creating directory if it doesn't exist: file:/home/alex/Repositories/hive/ql/target/tmp/org.apache.hadoop.hive.ql.TestTxnCommands3-1713930356371/warehouse/acidtbl
2024-04-23T20:47:34,059  INFO [main] metadata.Hive: Dumping metastore api call timing information for : execution phase
2024-04-23T20:47:34,059  INFO [main] metadata.Hive: Total time spent in each metastore function (ms): {isCompatibleWith_(Configuration)=0, createTable_(Table)=41}
2024-04-23T20:47:34,059  INFO [main] ql.Driver: Completed executing command(queryId=alex_20240423204733_938757bb-3c86-4e9b-982f-22d859a977a1); Time taken: 0.042 seconds
2024-04-23T20:47:34,060  INFO [main] lockmgr.DbTxnManager: Stopped heartbeat for query: alex_20240423204733_938757bb-3c86-4e9b-982f-22d859a977a1
2024-04-23T20:47:34,063  INFO [main] txn.TxnHandler: Expected to move at least one record from txn_components to completed_txn_components when committing txn! txnid:7
2024-04-23T20:47:34,068  INFO [main] txn.TxnHandler: Removed transactions: ([7]) from MIN_HISTORY_LEVEL
2024-04-23T20:47:34,068  WARN [main] txn.CompactionTxnHandler: No compaction queue record found for Compaction type transaction commit. txnId:7
2024-04-23T20:47:34,069  INFO [main] ql.TxnCommandsBaseForTests: Running the query: create table acidTblPart(a int, b int) partitioned by (p string) clustered by (a) into 2 buckets stored as orc TBLPROPERTIES ('transactional'='true')
2024-04-23T20:47:34,069  INFO [main] ql.Driver: Compiling command(queryId=alex_20240423204734_3bf06099-a8a6-4899-9708-95421f301b18): create table acidTblPart(a int, b int) partitioned by (p string) clustered by (a) into 2 buckets stored as orc TBLPROPERTIES ('transactional'='true')
2024-04-23T20:47:34,072  INFO [main] txn.TxnHandler: Added entries to MIN_HISTORY_LEVEL for current txns: ([8]) with min_open_txn: 1
2024-04-23T20:47:34,072  INFO [main] lockmgr.DbTxnManager: Opened txnid:8
2024-04-23T20:47:34,073  INFO [main] parse.CalcitePlanner: Starting caching scope for: 
2024-04-23T20:47:34,073  INFO [main] parse.CalcitePlanner: Starting Semantic Analysis
2024-04-23T20:47:34,076  INFO [main] parse.CalcitePlanner: Creating table default.acidTblPart position=13
2024-04-23T20:47:34,077  INFO [main] HiveMetaStore.audit: ugi=alex	ip=unknown-ip-addr	cmd=get_database: default	
2024-04-23T20:47:34,079  INFO [main] parse.CalcitePlanner: Ending caching scope for: 
2024-04-23T20:47:34,079  INFO [main] ql.Driver: Semantic Analysis Completed (retrial = false)
2024-04-23T20:47:34,079  INFO [main] ql.Driver: Created Hive schema: Schema(fieldSchemas:null, properties:null)
2024-04-23T20:47:34,079  INFO [main] metadata.Hive: Dumping metastore api call timing information for : compilation phase
2024-04-23T20:47:34,079  INFO [main] metadata.Hive: Total time spent in each metastore function (ms): {getValidWriteIds_(List, String)=3, flushCache_()=0, isCompatibleWith_(Configuration)=0, commitTxn_(CommitTxnRequest)=9, getValidTxns_(long)=0, openTxn_(String, TxnType)=2, getDatabase_(String)=3}
2024-04-23T20:47:34,079  INFO [main] ql.Driver: Completed compiling command(queryId=alex_20240423204734_3bf06099-a8a6-4899-9708-95421f301b18); Time taken: 0.01 seconds
2024-04-23T20:47:34,080  INFO [main] lockmgr.DbTxnManager: Setting lock request transaction to txnid:8 for queryId=alex_20240423204734_3bf06099-a8a6-4899-9708-95421f301b18
2024-04-23T20:47:34,080  INFO [main] lockmgr.DbLockManager: Requesting lock for queryId=alex_20240423204734_3bf06099-a8a6-4899-9708-95421f301b18
2024-04-23T20:47:34,093  INFO [main] lockmgr.DbLockManager: Response to queryId=alex_20240423204734_3bf06099-a8a6-4899-9708-95421f301b18 LockResponse(lockid:2, state:ACQUIRED)
2024-04-23T20:47:34,093  INFO [main] ql.Driver: Operation CREATETABLE obtained 1 locks
2024-04-23T20:47:34,094  INFO [main] ql.Driver: Executing command(queryId=alex_20240423204734_3bf06099-a8a6-4899-9708-95421f301b18): create table acidTblPart(a int, b int) partitioned by (p string) clustered by (a) into 2 buckets stored as orc TBLPROPERTIES ('transactional'='true')
2024-04-23T20:47:34,095  INFO [main] ql.Driver: Starting task [Stage-0:DDL] in serial mode
2024-04-23T20:47:34,096  INFO [main] HiveMetaStore.audit: ugi=alex	ip=unknown-ip-addr	cmd=create_table_req: Table(tableName:acidTblPart, dbName:default, owner:alex, createTime:1713930454, lastAccessTime:0, retention:0, sd:StorageDescriptor(cols:[FieldSchema(name:a, type:int, comment:null), FieldSchema(name:b, type:int, comment:null)], location:null, inputFormat:org.apache.hadoop.hive.ql.io.orc.OrcInputFormat, outputFormat:org.apache.hadoop.hive.ql.io.orc.OrcOutputFormat, compressed:false, numBuckets:2, serdeInfo:SerDeInfo(name:null, serializationLib:org.apache.hadoop.hive.ql.io.orc.OrcSerde, parameters:{serialization.format=1}), bucketCols:[a], sortCols:[], parameters:{}, skewedInfo:SkewedInfo(skewedColNames:[], skewedColValues:[], skewedColValueLocationMaps:{}), storedAsSubDirectories:false), partitionKeys:[FieldSchema(name:p, type:string, comment:null)], parameters:{bucketing_version=2, transactional=true}, viewOriginalText:null, viewExpandedText:null, tableType:MANAGED_TABLE, privileges:PrincipalPrivilegeSet(userPrivileges:{alex=[PrivilegeGrantInfo(privilege:INSERT, createTime:-1, grantor:alex, grantorType:USER, grantOption:true), PrivilegeGrantInfo(privilege:SELECT, createTime:-1, grantor:alex, grantorType:USER, grantOption:true), PrivilegeGrantInfo(privilege:UPDATE, createTime:-1, grantor:alex, grantorType:USER, grantOption:true), PrivilegeGrantInfo(privilege:DELETE, createTime:-1, grantor:alex, grantorType:USER, grantOption:true)]}, groupPrivileges:null, rolePrivileges:null), temporary:false, catName:hive, ownerType:USER, writeId:0)	
2024-04-23T20:47:34,102  INFO [main] utils.FileUtils: Creating directory if it doesn't exist: file:/home/alex/Repositories/hive/ql/target/tmp/org.apache.hadoop.hive.ql.TestTxnCommands3-1713930356371/warehouse/acidtblpart
2024-04-23T20:47:34,122  INFO [main] metadata.Hive: Dumping metastore api call timing information for : execution phase
2024-04-23T20:47:34,122  INFO [main] metadata.Hive: Total time spent in each metastore function (ms): {createTable_(Table)=27, isCompatibleWith_(Configuration)=0}
2024-04-23T20:47:34,123  INFO [main] ql.Driver: Completed executing command(queryId=alex_20240423204734_3bf06099-a8a6-4899-9708-95421f301b18); Time taken: 0.028 seconds
2024-04-23T20:47:34,123  INFO [main] lockmgr.DbTxnManager: Stopped heartbeat for query: alex_20240423204734_3bf06099-a8a6-4899-9708-95421f301b18
2024-04-23T20:47:34,127  INFO [main] txn.TxnHandler: Expected to move at least one record from txn_components to completed_txn_components when committing txn! txnid:8
2024-04-23T20:47:34,136  INFO [main] txn.TxnHandler: Removed transactions: ([8]) from MIN_HISTORY_LEVEL
2024-04-23T20:47:34,136  WARN [main] txn.CompactionTxnHandler: No compaction queue record found for Compaction type transaction commit. txnId:8
2024-04-23T20:47:34,137  INFO [main] ql.TxnCommandsBaseForTests: Running the query: create table nonAcidOrcTbl(a int, b int) clustered by (a) into 2 buckets stored as orc TBLPROPERTIES ('transactional'='false')
2024-04-23T20:47:34,137  INFO [main] ql.Driver: Compiling command(queryId=alex_20240423204734_0f0acec9-7b7e-4a2f-a431-2dbb84b5b244): create table nonAcidOrcTbl(a int, b int) clustered by (a) into 2 buckets stored as orc TBLPROPERTIES ('transactional'='false')
2024-04-23T20:47:34,140  INFO [main] txn.TxnHandler: Added entries to MIN_HISTORY_LEVEL for current txns: ([9]) with min_open_txn: 1
2024-04-23T20:47:34,141  INFO [main] lockmgr.DbTxnManager: Opened txnid:9
2024-04-23T20:47:34,142  INFO [main] parse.CalcitePlanner: Starting caching scope for: 
2024-04-23T20:47:34,142  INFO [main] parse.CalcitePlanner: Starting Semantic Analysis
2024-04-23T20:47:34,144  INFO [main] parse.CalcitePlanner: Creating table default.nonAcidOrcTbl position=13
2024-04-23T20:47:34,145  INFO [main] HiveMetaStore.audit: ugi=alex	ip=unknown-ip-addr	cmd=get_database: default	
2024-04-23T20:47:34,148  INFO [main] parse.CalcitePlanner: Ending caching scope for: 
2024-04-23T20:47:34,148  INFO [main] ql.Driver: Semantic Analysis Completed (retrial = false)
2024-04-23T20:47:34,148  INFO [main] ql.Driver: Created Hive schema: Schema(fieldSchemas:null, properties:null)
2024-04-23T20:47:34,148  INFO [main] metadata.Hive: Dumping metastore api call timing information for : compilation phase
2024-04-23T20:47:34,148  INFO [main] metadata.Hive: Total time spent in each metastore function (ms): {openTxn_(String, TxnType)=3, getValidTxns_(long)=0, commitTxn_(CommitTxnRequest)=14, isCompatibleWith_(Configuration)=0, getValidWriteIds_(List, String)=2, flushCache_()=0, getDatabase_(String)=2}
2024-04-23T20:47:34,148  INFO [main] ql.Driver: Completed compiling command(queryId=alex_20240423204734_0f0acec9-7b7e-4a2f-a431-2dbb84b5b244); Time taken: 0.011 seconds
2024-04-23T20:47:34,148  INFO [main] lockmgr.DbTxnManager: Setting lock request transaction to txnid:9 for queryId=alex_20240423204734_0f0acec9-7b7e-4a2f-a431-2dbb84b5b244
2024-04-23T20:47:34,148  INFO [main] lockmgr.DbLockManager: Requesting lock for queryId=alex_20240423204734_0f0acec9-7b7e-4a2f-a431-2dbb84b5b244
2024-04-23T20:47:34,164  INFO [main] lockmgr.DbLockManager: Response to queryId=alex_20240423204734_0f0acec9-7b7e-4a2f-a431-2dbb84b5b244 LockResponse(lockid:3, state:ACQUIRED)
2024-04-23T20:47:34,164  INFO [main] ql.Driver: Operation CREATETABLE obtained 1 locks
2024-04-23T20:47:34,164  INFO [main] ql.Driver: Executing command(queryId=alex_20240423204734_0f0acec9-7b7e-4a2f-a431-2dbb84b5b244): create table nonAcidOrcTbl(a int, b int) clustered by (a) into 2 buckets stored as orc TBLPROPERTIES ('transactional'='false')
2024-04-23T20:47:34,165  INFO [main] ql.Driver: Starting task [Stage-0:DDL] in serial mode
2024-04-23T20:47:34,166  INFO [main] HiveMetaStore.audit: ugi=alex	ip=unknown-ip-addr	cmd=create_table_req: Table(tableName:nonAcidOrcTbl, dbName:default, owner:alex, createTime:1713930454, lastAccessTime:0, retention:0, sd:StorageDescriptor(cols:[FieldSchema(name:a, type:int, comment:null), FieldSchema(name:b, type:int, comment:null)], location:null, inputFormat:org.apache.hadoop.hive.ql.io.orc.OrcInputFormat, outputFormat:org.apache.hadoop.hive.ql.io.orc.OrcOutputFormat, compressed:false, numBuckets:2, serdeInfo:SerDeInfo(name:null, serializationLib:org.apache.hadoop.hive.ql.io.orc.OrcSerde, parameters:{serialization.format=1}), bucketCols:[a], sortCols:[], parameters:{}, skewedInfo:SkewedInfo(skewedColNames:[], skewedColValues:[], skewedColValueLocationMaps:{}), storedAsSubDirectories:false), partitionKeys:[], parameters:{numFiles=0, totalSize=0, numRows=0, numFilesErasureCoded=0, COLUMN_STATS_ACCURATE={"BASIC_STATS":"true","COLUMN_STATS":{"a":"true","b":"true"}}, rawDataSize=0, bucketing_version=2, transactional=false}, viewOriginalText:null, viewExpandedText:null, tableType:MANAGED_TABLE, privileges:PrincipalPrivilegeSet(userPrivileges:{alex=[PrivilegeGrantInfo(privilege:INSERT, createTime:-1, grantor:alex, grantorType:USER, grantOption:true), PrivilegeGrantInfo(privilege:SELECT, createTime:-1, grantor:alex, grantorType:USER, grantOption:true), PrivilegeGrantInfo(privilege:UPDATE, createTime:-1, grantor:alex, grantorType:USER, grantOption:true), PrivilegeGrantInfo(privilege:DELETE, createTime:-1, grantor:alex, grantorType:USER, grantOption:true)]}, groupPrivileges:null, rolePrivileges:null), temporary:false, catName:hive, ownerType:USER)	
2024-04-23T20:47:34,172  INFO [main] utils.FileUtils: Creating directory if it doesn't exist: file:/home/alex/Repositories/hive/ql/target/tmp/org.apache.hadoop.hive.ql.TestTxnCommands3-1713930356371/warehouse/nonacidorctbl
2024-04-23T20:47:34,192  INFO [main] metadata.Hive: Dumping metastore api call timing information for : execution phase
2024-04-23T20:47:34,192  INFO [main] metadata.Hive: Total time spent in each metastore function (ms): {isCompatibleWith_(Configuration)=0, createTable_(Table)=26}
2024-04-23T20:47:34,192  INFO [main] ql.Driver: Completed executing command(queryId=alex_20240423204734_0f0acec9-7b7e-4a2f-a431-2dbb84b5b244); Time taken: 0.027 seconds
2024-04-23T20:47:34,192  INFO [main] lockmgr.DbTxnManager: Stopped heartbeat for query: alex_20240423204734_0f0acec9-7b7e-4a2f-a431-2dbb84b5b244
2024-04-23T20:47:34,197  INFO [main] txn.TxnHandler: Expected to move at least one record from txn_components to completed_txn_components when committing txn! txnid:9
2024-04-23T20:47:34,202  INFO [main] txn.TxnHandler: Removed transactions: ([9]) from MIN_HISTORY_LEVEL
2024-04-23T20:47:34,203  WARN [main] txn.CompactionTxnHandler: No compaction queue record found for Compaction type transaction commit. txnId:9
2024-04-23T20:47:34,203  INFO [main] ql.TxnCommandsBaseForTests: Running the query: create table nonAcidOrcTbl2(a int, b int) clustered by (a) into 2 buckets stored as orc TBLPROPERTIES ('transactional'='false')
2024-04-23T20:47:34,204  INFO [main] ql.Driver: Compiling command(queryId=alex_20240423204734_b4a80576-03d0-43bb-85e2-1c18a41f91b5): create table nonAcidOrcTbl2(a int, b int) clustered by (a) into 2 buckets stored as orc TBLPROPERTIES ('transactional'='false')
2024-04-23T20:47:34,206  INFO [main] txn.TxnHandler: Added entries to MIN_HISTORY_LEVEL for current txns: ([10]) with min_open_txn: 1
2024-04-23T20:47:34,207  INFO [main] lockmgr.DbTxnManager: Opened txnid:10
2024-04-23T20:47:34,208  INFO [main] parse.CalcitePlanner: Starting caching scope for: 
2024-04-23T20:47:34,208  INFO [main] parse.CalcitePlanner: Starting Semantic Analysis
2024-04-23T20:47:34,210  INFO [main] parse.CalcitePlanner: Creating table default.nonAcidOrcTbl2 position=13
2024-04-23T20:47:34,211  INFO [main] HiveMetaStore.audit: ugi=alex	ip=unknown-ip-addr	cmd=get_database: default	
2024-04-23T20:47:34,213  INFO [main] parse.CalcitePlanner: Ending caching scope for: 
2024-04-23T20:47:34,213  INFO [main] ql.Driver: Semantic Analysis Completed (retrial = false)
2024-04-23T20:47:34,213  INFO [main] ql.Driver: Created Hive schema: Schema(fieldSchemas:null, properties:null)
2024-04-23T20:47:34,213  INFO [main] metadata.Hive: Dumping metastore api call timing information for : compilation phase
2024-04-23T20:47:34,213  INFO [main] metadata.Hive: Total time spent in each metastore function (ms): {getValidWriteIds_(List, String)=2, commitTxn_(CommitTxnRequest)=11, flushCache_()=0, openTxn_(String, TxnType)=3, isCompatibleWith_(Configuration)=0, getValidTxns_(long)=1, getDatabase_(String)=3}
2024-04-23T20:47:34,213  INFO [main] ql.Driver: Completed compiling command(queryId=alex_20240423204734_b4a80576-03d0-43bb-85e2-1c18a41f91b5); Time taken: 0.01 seconds
2024-04-23T20:47:34,213  INFO [main] lockmgr.DbTxnManager: Setting lock request transaction to txnid:10 for queryId=alex_20240423204734_b4a80576-03d0-43bb-85e2-1c18a41f91b5
2024-04-23T20:47:34,214  INFO [main] lockmgr.DbLockManager: Requesting lock for queryId=alex_20240423204734_b4a80576-03d0-43bb-85e2-1c18a41f91b5
2024-04-23T20:47:34,228  INFO [main] lockmgr.DbLockManager: Response to queryId=alex_20240423204734_b4a80576-03d0-43bb-85e2-1c18a41f91b5 LockResponse(lockid:4, state:ACQUIRED)
2024-04-23T20:47:34,228  INFO [main] ql.Driver: Operation CREATETABLE obtained 1 locks
2024-04-23T20:47:34,228  INFO [main] ql.Driver: Executing command(queryId=alex_20240423204734_b4a80576-03d0-43bb-85e2-1c18a41f91b5): create table nonAcidOrcTbl2(a int, b int) clustered by (a) into 2 buckets stored as orc TBLPROPERTIES ('transactional'='false')
2024-04-23T20:47:34,229  INFO [main] ql.Driver: Starting task [Stage-0:DDL] in serial mode
2024-04-23T20:47:34,230  INFO [main] HiveMetaStore.audit: ugi=alex	ip=unknown-ip-addr	cmd=create_table_req: Table(tableName:nonAcidOrcTbl2, dbName:default, owner:alex, createTime:1713930454, lastAccessTime:0, retention:0, sd:StorageDescriptor(cols:[FieldSchema(name:a, type:int, comment:null), FieldSchema(name:b, type:int, comment:null)], location:null, inputFormat:org.apache.hadoop.hive.ql.io.orc.OrcInputFormat, outputFormat:org.apache.hadoop.hive.ql.io.orc.OrcOutputFormat, compressed:false, numBuckets:2, serdeInfo:SerDeInfo(name:null, serializationLib:org.apache.hadoop.hive.ql.io.orc.OrcSerde, parameters:{serialization.format=1}), bucketCols:[a], sortCols:[], parameters:{}, skewedInfo:SkewedInfo(skewedColNames:[], skewedColValues:[], skewedColValueLocationMaps:{}), storedAsSubDirectories:false), partitionKeys:[], parameters:{bucketing_version=2, rawDataSize=0, COLUMN_STATS_ACCURATE={"BASIC_STATS":"true","COLUMN_STATS":{"a":"true","b":"true"}}, transactional=false, numFilesErasureCoded=0, totalSize=0, numFiles=0, numRows=0}, viewOriginalText:null, viewExpandedText:null, tableType:MANAGED_TABLE, privileges:PrincipalPrivilegeSet(userPrivileges:{alex=[PrivilegeGrantInfo(privilege:INSERT, createTime:-1, grantor:alex, grantorType:USER, grantOption:true), PrivilegeGrantInfo(privilege:SELECT, createTime:-1, grantor:alex, grantorType:USER, grantOption:true), PrivilegeGrantInfo(privilege:UPDATE, createTime:-1, grantor:alex, grantorType:USER, grantOption:true), PrivilegeGrantInfo(privilege:DELETE, createTime:-1, grantor:alex, grantorType:USER, grantOption:true)]}, groupPrivileges:null, rolePrivileges:null), temporary:false, catName:hive, ownerType:USER)	
2024-04-23T20:47:34,236  INFO [main] utils.FileUtils: Creating directory if it doesn't exist: file:/home/alex/Repositories/hive/ql/target/tmp/org.apache.hadoop.hive.ql.TestTxnCommands3-1713930356371/warehouse/nonacidorctbl2
2024-04-23T20:47:34,252  INFO [main] metadata.Hive: Dumping metastore api call timing information for : execution phase
2024-04-23T20:47:34,252  INFO [main] metadata.Hive: Total time spent in each metastore function (ms): {createTable_(Table)=23, isCompatibleWith_(Configuration)=0}
2024-04-23T20:47:34,252  INFO [main] ql.Driver: Completed executing command(queryId=alex_20240423204734_b4a80576-03d0-43bb-85e2-1c18a41f91b5); Time taken: 0.024 seconds
2024-04-23T20:47:34,252  INFO [main] lockmgr.DbTxnManager: Stopped heartbeat for query: alex_20240423204734_b4a80576-03d0-43bb-85e2-1c18a41f91b5
2024-04-23T20:47:34,257  INFO [main] txn.TxnHandler: Expected to move at least one record from txn_components to completed_txn_components when committing txn! txnid:10
2024-04-23T20:47:34,263  INFO [main] txn.TxnHandler: Removed transactions: ([10]) from MIN_HISTORY_LEVEL
2024-04-23T20:47:34,263  WARN [main] txn.CompactionTxnHandler: No compaction queue record found for Compaction type transaction commit. txnId:10
2024-04-23T20:47:34,264  INFO [main] ql.TxnCommandsBaseForTests: Running the query: create temporary  table acidTbl2(a int, b int, c int) clustered by (c) into 2 buckets stored as orc TBLPROPERTIES ('transactional'='true')
2024-04-23T20:47:34,264  INFO [main] ql.Driver: Compiling command(queryId=alex_20240423204734_793a22b1-3cd4-4e60-97ef-9ad2fa571233): create temporary  table acidTbl2(a int, b int, c int) clustered by (c) into 2 buckets stored as orc TBLPROPERTIES ('transactional'='true')
2024-04-23T20:47:34,267  INFO [main] txn.TxnHandler: Added entries to MIN_HISTORY_LEVEL for current txns: ([11]) with min_open_txn: 1
2024-04-23T20:47:34,267  INFO [main] lockmgr.DbTxnManager: Opened txnid:11
2024-04-23T20:47:34,268  INFO [main] parse.CalcitePlanner: Starting caching scope for: 
2024-04-23T20:47:34,268  INFO [main] parse.CalcitePlanner: Starting Semantic Analysis
2024-04-23T20:47:34,271  INFO [main] parse.CalcitePlanner: Creating table default.acidTbl2 position=24
2024-04-23T20:47:34,272  INFO [main] HiveMetaStore.audit: ugi=alex	ip=unknown-ip-addr	cmd=get_database: default	
2024-04-23T20:47:34,275  INFO [main] parse.CalcitePlanner: Ending caching scope for: 
2024-04-23T20:47:34,275  INFO [main] ql.Driver: Semantic Analysis Completed (retrial = false)
2024-04-23T20:47:34,275  INFO [main] ql.Driver: Created Hive schema: Schema(fieldSchemas:null, properties:null)
2024-04-23T20:47:34,275  INFO [main] metadata.Hive: Dumping metastore api call timing information for : compilation phase
2024-04-23T20:47:34,275  INFO [main] metadata.Hive: Total time spent in each metastore function (ms): {getValidTxns_(long)=0, getValidWriteIds_(List, String)=2, commitTxn_(CommitTxnRequest)=11, flushCache_()=0, getDatabase_(String)=2, openTxn_(String, TxnType)=2, isCompatibleWith_(Configuration)=0}
2024-04-23T20:47:34,275  INFO [main] ql.Driver: Completed compiling command(queryId=alex_20240423204734_793a22b1-3cd4-4e60-97ef-9ad2fa571233); Time taken: 0.011 seconds
2024-04-23T20:47:34,275  INFO [main] lockmgr.DbTxnManager: Setting lock request transaction to txnid:11 for queryId=alex_20240423204734_793a22b1-3cd4-4e60-97ef-9ad2fa571233
2024-04-23T20:47:34,276  INFO [main] lockmgr.DbLockManager: Requesting lock for queryId=alex_20240423204734_793a22b1-3cd4-4e60-97ef-9ad2fa571233
2024-04-23T20:47:34,290  INFO [main] lockmgr.DbLockManager: Response to queryId=alex_20240423204734_793a22b1-3cd4-4e60-97ef-9ad2fa571233 LockResponse(lockid:5, state:ACQUIRED)
2024-04-23T20:47:34,290  INFO [main] ql.Driver: Operation CREATETABLE obtained 1 locks
2024-04-23T20:47:34,291  INFO [main] ql.Driver: Executing command(queryId=alex_20240423204734_793a22b1-3cd4-4e60-97ef-9ad2fa571233): create temporary  table acidTbl2(a int, b int, c int) clustered by (c) into 2 buckets stored as orc TBLPROPERTIES ('transactional'='true')
2024-04-23T20:47:34,291  INFO [main] ql.Driver: Starting task [Stage-0:DDL] in serial mode
2024-04-23T20:47:34,293  INFO [main] utils.FileUtils: Creating directory if it doesn't exist: file:/home/alex/Repositories/hive/ql/target/tmp/scratchdir/alex/e755fce6-c4ec-4a1e-a53d-410ef72bf6f9/_tmp_space.db/758a216a-61a2-42a8-b626-de71ac3cc82a
2024-04-23T20:47:34,295  INFO [main] metadata.Hive: Dumping metastore api call timing information for : execution phase
2024-04-23T20:47:34,296  INFO [main] metadata.Hive: Total time spent in each metastore function (ms): {createTable_(Table)=3, isCompatibleWith_(Configuration)=1}
2024-04-23T20:47:34,296  INFO [main] ql.Driver: Completed executing command(queryId=alex_20240423204734_793a22b1-3cd4-4e60-97ef-9ad2fa571233); Time taken: 0.004 seconds
2024-04-23T20:47:34,296  INFO [main] lockmgr.DbTxnManager: Stopped heartbeat for query: alex_20240423204734_793a22b1-3cd4-4e60-97ef-9ad2fa571233
2024-04-23T20:47:34,301  INFO [main] txn.TxnHandler: Expected to move at least one record from txn_components to completed_txn_components when committing txn! txnid:11
2024-04-23T20:47:34,307  INFO [main] txn.TxnHandler: Removed transactions: ([11]) from MIN_HISTORY_LEVEL
2024-04-23T20:47:34,307  WARN [main] txn.CompactionTxnHandler: No compaction queue record found for Compaction type transaction commit. txnId:11
2024-04-23T20:47:34,308  INFO [main] ql.TxnCommandsBaseForTests: Running the query: create table nonAcidNonBucket(a int, b int) stored as orc TBLPROPERTIES ('transactional'='false')
2024-04-23T20:47:34,308  INFO [main] ql.Driver: Compiling command(queryId=alex_20240423204734_0ed91e14-722b-427f-89de-4af49b313b90): create table nonAcidNonBucket(a int, b int) stored as orc TBLPROPERTIES ('transactional'='false')
2024-04-23T20:47:34,312  INFO [main] txn.TxnHandler: Added entries to MIN_HISTORY_LEVEL for current txns: ([12]) with min_open_txn: 1
2024-04-23T20:47:34,312  INFO [main] lockmgr.DbTxnManager: Opened txnid:12
2024-04-23T20:47:34,313  INFO [main] parse.CalcitePlanner: Starting caching scope for: 
2024-04-23T20:47:34,313  INFO [main] parse.CalcitePlanner: Starting Semantic Analysis
2024-04-23T20:47:34,316  INFO [main] parse.CalcitePlanner: Creating table default.nonAcidNonBucket position=13
2024-04-23T20:47:34,317  INFO [main] HiveMetaStore.audit: ugi=alex	ip=unknown-ip-addr	cmd=get_database: default	
2024-04-23T20:47:34,319  INFO [main] parse.CalcitePlanner: Ending caching scope for: 
2024-04-23T20:47:34,319  INFO [main] ql.Driver: Semantic Analysis Completed (retrial = false)
2024-04-23T20:47:34,319  INFO [main] ql.Driver: Created Hive schema: Schema(fieldSchemas:null, properties:null)
2024-04-23T20:47:34,319  INFO [main] metadata.Hive: Dumping metastore api call timing information for : compilation phase
2024-04-23T20:47:34,320  INFO [main] metadata.Hive: Total time spent in each metastore function (ms): {commitTxn_(CommitTxnRequest)=12, getValidTxns_(long)=1, getValidWriteIds_(List, String)=3, isCompatibleWith_(Configuration)=0, flushCache_()=0, getDatabase_(String)=3, openTxn_(String, TxnType)=3}
2024-04-23T20:47:34,320  INFO [main] ql.Driver: Completed compiling command(queryId=alex_20240423204734_0ed91e14-722b-427f-89de-4af49b313b90); Time taken: 0.011 seconds
2024-04-23T20:47:34,320  INFO [main] lockmgr.DbTxnManager: Setting lock request transaction to txnid:12 for queryId=alex_20240423204734_0ed91e14-722b-427f-89de-4af49b313b90
2024-04-23T20:47:34,320  INFO [main] lockmgr.DbLockManager: Requesting lock for queryId=alex_20240423204734_0ed91e14-722b-427f-89de-4af49b313b90
2024-04-23T20:47:34,336  INFO [main] lockmgr.DbLockManager: Response to queryId=alex_20240423204734_0ed91e14-722b-427f-89de-4af49b313b90 LockResponse(lockid:6, state:ACQUIRED)
2024-04-23T20:47:34,336  INFO [main] ql.Driver: Operation CREATETABLE obtained 1 locks
2024-04-23T20:47:34,336  INFO [main] ql.Driver: Executing command(queryId=alex_20240423204734_0ed91e14-722b-427f-89de-4af49b313b90): create table nonAcidNonBucket(a int, b int) stored as orc TBLPROPERTIES ('transactional'='false')
2024-04-23T20:47:34,337  INFO [main] ql.Driver: Starting task [Stage-0:DDL] in serial mode
2024-04-23T20:47:34,338  INFO [main] HiveMetaStore.audit: ugi=alex	ip=unknown-ip-addr	cmd=create_table_req: Table(tableName:nonAcidNonBucket, dbName:default, owner:alex, createTime:1713930454, lastAccessTime:0, retention:0, sd:StorageDescriptor(cols:[FieldSchema(name:a, type:int, comment:null), FieldSchema(name:b, type:int, comment:null)], location:null, inputFormat:org.apache.hadoop.hive.ql.io.orc.OrcInputFormat, outputFormat:org.apache.hadoop.hive.ql.io.orc.OrcOutputFormat, compressed:false, numBuckets:-1, serdeInfo:SerDeInfo(name:null, serializationLib:org.apache.hadoop.hive.ql.io.orc.OrcSerde, parameters:{serialization.format=1}), bucketCols:[], sortCols:[], parameters:{}, skewedInfo:SkewedInfo(skewedColNames:[], skewedColValues:[], skewedColValueLocationMaps:{}), storedAsSubDirectories:false), partitionKeys:[], parameters:{numRows=0, totalSize=0, numFiles=0, numFilesErasureCoded=0, transactional=false, bucketing_version=2, COLUMN_STATS_ACCURATE={"BASIC_STATS":"true","COLUMN_STATS":{"a":"true","b":"true"}}, rawDataSize=0}, viewOriginalText:null, viewExpandedText:null, tableType:MANAGED_TABLE, privileges:PrincipalPrivilegeSet(userPrivileges:{alex=[PrivilegeGrantInfo(privilege:INSERT, createTime:-1, grantor:alex, grantorType:USER, grantOption:true), PrivilegeGrantInfo(privilege:SELECT, createTime:-1, grantor:alex, grantorType:USER, grantOption:true), PrivilegeGrantInfo(privilege:UPDATE, createTime:-1, grantor:alex, grantorType:USER, grantOption:true), PrivilegeGrantInfo(privilege:DELETE, createTime:-1, grantor:alex, grantorType:USER, grantOption:true)]}, groupPrivileges:null, rolePrivileges:null), temporary:false, catName:hive, ownerType:USER)	
2024-04-23T20:47:34,344  INFO [main] utils.FileUtils: Creating directory if it doesn't exist: file:/home/alex/Repositories/hive/ql/target/tmp/org.apache.hadoop.hive.ql.TestTxnCommands3-1713930356371/warehouse/nonacidnonbucket
2024-04-23T20:47:34,361  INFO [main] metadata.Hive: Dumping metastore api call timing information for : execution phase
2024-04-23T20:47:34,361  INFO [main] metadata.Hive: Total time spent in each metastore function (ms): {isCompatibleWith_(Configuration)=0, createTable_(Table)=24}
2024-04-23T20:47:34,361  INFO [main] ql.Driver: Completed executing command(queryId=alex_20240423204734_0ed91e14-722b-427f-89de-4af49b313b90); Time taken: 0.025 seconds
2024-04-23T20:47:34,362  INFO [main] lockmgr.DbTxnManager: Stopped heartbeat for query: alex_20240423204734_0ed91e14-722b-427f-89de-4af49b313b90
2024-04-23T20:47:34,366  INFO [main] txn.TxnHandler: Expected to move at least one record from txn_components to completed_txn_components when committing txn! txnid:12
2024-04-23T20:47:34,373  INFO [main] txn.TxnHandler: Removed transactions: ([12]) from MIN_HISTORY_LEVEL
2024-04-23T20:47:34,373  WARN [main] txn.CompactionTxnHandler: No compaction queue record found for Compaction type transaction commit. txnId:12
2024-04-23T20:47:34,374  INFO [main] ql.Driver: Compiling command(queryId=alex_20240423204734_8518a2c8-fb3d-479f-bfd6-0edf4762fa66): drop table if exists T
2024-04-23T20:47:34,377  INFO [main] txn.TxnHandler: Added entries to MIN_HISTORY_LEVEL for current txns: ([13]) with min_open_txn: 1
2024-04-23T20:47:34,378  INFO [main] lockmgr.DbTxnManager: Opened txnid:13
2024-04-23T20:47:34,379  INFO [main] HiveMetaStore.audit: ugi=alex	ip=unknown-ip-addr	cmd=get_table : tbl=hive.default.T	
2024-04-23T20:47:34,401  INFO [main] metastore.HMSHandler: Skipping translation for processor with null
2024-04-23T20:47:34,401  INFO [main] ql.Driver: Semantic Analysis Completed (retrial = false)
2024-04-23T20:47:34,401  INFO [main] ql.Driver: Created Hive schema: Schema(fieldSchemas:null, properties:null)
2024-04-23T20:47:34,401  INFO [main] metadata.Hive: Dumping metastore api call timing information for : compilation phase
2024-04-23T20:47:34,401  INFO [main] metadata.Hive: Total time spent in each metastore function (ms): {openTxn_(String, TxnType)=3, getTable_(GetTableRequest)=22, commitTxn_(CommitTxnRequest)=12, flushCache_()=0, getValidTxns_(long)=1, isCompatibleWith_(Configuration)=0}
2024-04-23T20:47:34,402  INFO [main] ql.Driver: Completed compiling command(queryId=alex_20240423204734_8518a2c8-fb3d-479f-bfd6-0edf4762fa66); Time taken: 0.027 seconds
2024-04-23T20:47:34,402  INFO [main] lockmgr.DbTxnManager: Setting lock request transaction to txnid:13 for queryId=alex_20240423204734_8518a2c8-fb3d-479f-bfd6-0edf4762fa66
2024-04-23T20:47:34,402  INFO [main] lockmgr.DbLockManager: Requesting lock for queryId=alex_20240423204734_8518a2c8-fb3d-479f-bfd6-0edf4762fa66
2024-04-23T20:47:34,422  INFO [main] lockmgr.DbLockManager: Response to queryId=alex_20240423204734_8518a2c8-fb3d-479f-bfd6-0edf4762fa66 LockResponse(lockid:7, state:ACQUIRED)
2024-04-23T20:47:34,422  INFO [main] ql.Driver: Operation DROPTABLE obtained 1 locks
2024-04-23T20:47:34,422  INFO [main] ql.Driver: Executing command(queryId=alex_20240423204734_8518a2c8-fb3d-479f-bfd6-0edf4762fa66): drop table if exists T
2024-04-23T20:47:34,423  INFO [main] ql.Driver: Starting task [Stage-0:DDL] in serial mode
2024-04-23T20:47:34,423  INFO [main] HiveMetaStore.audit: ugi=alex	ip=unknown-ip-addr	cmd=get_table : tbl=hive.default.T	
2024-04-23T20:47:34,431  INFO [main] metastore.HMSHandler: Skipping translation for processor with null
2024-04-23T20:47:34,432  INFO [main] HiveMetaStore.audit: ugi=alex	ip=unknown-ip-addr	cmd=get_table : tbl=hive.default.T	
2024-04-23T20:47:34,440  INFO [main] metastore.HMSHandler: Skipping translation for processor with null
2024-04-23T20:47:34,441  INFO [main] HiveMetaStore.audit: ugi=alex	ip=unknown-ip-addr	cmd=drop_table : tbl=hive.default.T	
2024-04-23T20:47:34,564  WARN [main] utils.FileUtils: File file:/home/alex/Repositories/hive/ql/target/tmp/org.apache.hadoop.hive.ql.TestTxnCommands3-1713930356371/warehouse/t does not exist; Force to delete it.
2024-04-23T20:47:34,564 ERROR [main] utils.FileUtils: Failed to delete file:/home/alex/Repositories/hive/ql/target/tmp/org.apache.hadoop.hive.ql.TestTxnCommands3-1713930356371/warehouse/t
2024-04-23T20:47:34,564  INFO [main] metadata.Hive: Dumping metastore api call timing information for : execution phase
2024-04-23T20:47:34,564  INFO [main] metadata.Hive: Total time spent in each metastore function (ms): {isCompatibleWith_(Configuration)=0, dropTable_(String, String, boolean, boolean, boolean)=133, getTable_(GetTableRequest)=8}
2024-04-23T20:47:34,564  INFO [main] ql.Driver: Completed executing command(queryId=alex_20240423204734_8518a2c8-fb3d-479f-bfd6-0edf4762fa66); Time taken: 0.142 seconds
2024-04-23T20:47:34,565  INFO [main] lockmgr.DbTxnManager: Stopped heartbeat for query: alex_20240423204734_8518a2c8-fb3d-479f-bfd6-0edf4762fa66
2024-04-23T20:47:34,569  INFO [main] txn.TxnHandler: Expected to move at least one record from txn_components to completed_txn_components when committing txn! txnid:13
2024-04-23T20:47:34,575  INFO [main] txn.TxnHandler: Removed transactions: ([13]) from MIN_HISTORY_LEVEL
2024-04-23T20:47:34,576  WARN [main] txn.CompactionTxnHandler: No compaction queue record found for Compaction type transaction commit. txnId:13
2024-04-23T20:47:34,576  INFO [main] ql.TxnCommandsBaseForTests: Running the query: create table T (a int, b int) stored as orc
2024-04-23T20:47:34,577  INFO [main] ql.Driver: Compiling command(queryId=alex_20240423204734_81ac4fcb-c787-4ae8-82c4-faa2a023c320): create table T (a int, b int) stored as orc
2024-04-23T20:47:34,579  INFO [main] txn.TxnHandler: Added entries to MIN_HISTORY_LEVEL for current txns: ([14]) with min_open_txn: 1
2024-04-23T20:47:34,580  INFO [main] lockmgr.DbTxnManager: Opened txnid:14
2024-04-23T20:47:34,580  INFO [main] parse.CalcitePlanner: Starting caching scope for: 
2024-04-23T20:47:34,580  INFO [main] parse.CalcitePlanner: Starting Semantic Analysis
2024-04-23T20:47:34,586  INFO [main] parse.CalcitePlanner: Creating table default.T position=13
2024-04-23T20:47:34,586  INFO [main] parse.CalcitePlanner: Automatically chose to make default.T acid.
2024-04-23T20:47:34,587  INFO [main] HiveMetaStore.audit: ugi=alex	ip=unknown-ip-addr	cmd=get_database: default	
2024-04-23T20:47:34,589  INFO [main] parse.CalcitePlanner: Ending caching scope for: 
2024-04-23T20:47:34,589  INFO [main] ql.Driver: Semantic Analysis Completed (retrial = false)
2024-04-23T20:47:34,589  INFO [main] ql.Driver: Created Hive schema: Schema(fieldSchemas:null, properties:null)
2024-04-23T20:47:34,589  INFO [main] metadata.Hive: Dumping metastore api call timing information for : compilation phase
2024-04-23T20:47:34,589  INFO [main] metadata.Hive: Total time spent in each metastore function (ms): {getDatabase_(String)=3, getValidWriteIds_(List, String)=5, commitTxn_(CommitTxnRequest)=11, flushCache_()=0, getValidTxns_(long)=0, isCompatibleWith_(Configuration)=0, openTxn_(String, TxnType)=3}
2024-04-23T20:47:34,590  INFO [main] ql.Driver: Completed compiling command(queryId=alex_20240423204734_81ac4fcb-c787-4ae8-82c4-faa2a023c320); Time taken: 0.012 seconds
2024-04-23T20:47:34,590  INFO [main] lockmgr.DbTxnManager: Setting lock request transaction to txnid:14 for queryId=alex_20240423204734_81ac4fcb-c787-4ae8-82c4-faa2a023c320
2024-04-23T20:47:34,590  INFO [main] lockmgr.DbLockManager: Requesting lock for queryId=alex_20240423204734_81ac4fcb-c787-4ae8-82c4-faa2a023c320
2024-04-23T20:47:34,608  INFO [main] lockmgr.DbLockManager: Response to queryId=alex_20240423204734_81ac4fcb-c787-4ae8-82c4-faa2a023c320 LockResponse(lockid:8, state:ACQUIRED)
2024-04-23T20:47:34,608  INFO [main] ql.Driver: Operation CREATETABLE obtained 1 locks
2024-04-23T20:47:34,609  INFO [main] ql.Driver: Executing command(queryId=alex_20240423204734_81ac4fcb-c787-4ae8-82c4-faa2a023c320): create table T (a int, b int) stored as orc
2024-04-23T20:47:34,609  INFO [main] ql.Driver: Starting task [Stage-0:DDL] in serial mode
2024-04-23T20:47:34,611  INFO [main] HiveMetaStore.audit: ugi=alex	ip=unknown-ip-addr	cmd=create_table_req: Table(tableName:T, dbName:default, owner:alex, createTime:1713930454, lastAccessTime:0, retention:0, sd:StorageDescriptor(cols:[FieldSchema(name:a, type:int, comment:null), FieldSchema(name:b, type:int, comment:null)], location:null, inputFormat:org.apache.hadoop.hive.ql.io.orc.OrcInputFormat, outputFormat:org.apache.hadoop.hive.ql.io.orc.OrcOutputFormat, compressed:false, numBuckets:-1, serdeInfo:SerDeInfo(name:null, serializationLib:org.apache.hadoop.hive.ql.io.orc.OrcSerde, parameters:{serialization.format=1}), bucketCols:[], sortCols:[], parameters:{}, skewedInfo:SkewedInfo(skewedColNames:[], skewedColValues:[], skewedColValueLocationMaps:{}), storedAsSubDirectories:false), partitionKeys:[], parameters:{totalSize=0, rawDataSize=0, numFilesErasureCoded=0, transactional=true, bucketing_version=2, numRows=0, COLUMN_STATS_ACCURATE={"BASIC_STATS":"true","COLUMN_STATS":{"a":"true","b":"true"}}, numFiles=0, transactional_properties=default}, viewOriginalText:null, viewExpandedText:null, tableType:MANAGED_TABLE, privileges:PrincipalPrivilegeSet(userPrivileges:{alex=[PrivilegeGrantInfo(privilege:INSERT, createTime:-1, grantor:alex, grantorType:USER, grantOption:true), PrivilegeGrantInfo(privilege:SELECT, createTime:-1, grantor:alex, grantorType:USER, grantOption:true), PrivilegeGrantInfo(privilege:UPDATE, createTime:-1, grantor:alex, grantorType:USER, grantOption:true), PrivilegeGrantInfo(privilege:DELETE, createTime:-1, grantor:alex, grantorType:USER, grantOption:true)]}, groupPrivileges:null, rolePrivileges:null), temporary:false, catName:hive, ownerType:USER, writeId:0)	
2024-04-23T20:47:34,618  INFO [main] utils.FileUtils: Creating directory if it doesn't exist: file:/home/alex/Repositories/hive/ql/target/tmp/org.apache.hadoop.hive.ql.TestTxnCommands3-1713930356371/warehouse/t
2024-04-23T20:47:34,652  INFO [main] metadata.Hive: Dumping metastore api call timing information for : execution phase
2024-04-23T20:47:34,652  INFO [main] metadata.Hive: Total time spent in each metastore function (ms): {createTable_(Table)=42, isCompatibleWith_(Configuration)=0}
2024-04-23T20:47:34,653  INFO [main] ql.Driver: Completed executing command(queryId=alex_20240423204734_81ac4fcb-c787-4ae8-82c4-faa2a023c320); Time taken: 0.043 seconds
2024-04-23T20:47:34,653  INFO [main] lockmgr.DbTxnManager: Stopped heartbeat for query: alex_20240423204734_81ac4fcb-c787-4ae8-82c4-faa2a023c320
2024-04-23T20:47:34,657  INFO [main] txn.TxnHandler: Expected to move at least one record from txn_components to completed_txn_components when committing txn! txnid:14
2024-04-23T20:47:34,663  INFO [main] txn.TxnHandler: Removed transactions: ([14]) from MIN_HISTORY_LEVEL
2024-04-23T20:47:34,663  WARN [main] txn.CompactionTxnHandler: No compaction queue record found for Compaction type transaction commit. txnId:14
2024-04-23T20:47:34,664  INFO [main] ql.TxnCommandsBaseForTests: Running the query: insert into T values(0,2)
2024-04-23T20:47:34,664  INFO [main] ql.Driver: Compiling command(queryId=alex_20240423204734_3fcdf38b-bdda-49ad-bb11-c06469706784): insert into T values(0,2)
2024-04-23T20:47:34,667  INFO [main] txn.TxnHandler: Added entries to MIN_HISTORY_LEVEL for current txns: ([15]) with min_open_txn: 1
2024-04-23T20:47:34,668  INFO [main] lockmgr.DbTxnManager: Opened txnid:15
2024-04-23T20:47:34,668  INFO [main] parse.CalcitePlanner: Starting caching scope for: 
2024-04-23T20:47:34,668  INFO [main] parse.CalcitePlanner: Starting Semantic Analysis
2024-04-23T20:47:34,673  INFO [main] HiveMetaStore.audit: ugi=alex	ip=unknown-ip-addr	cmd=get_table : tbl=hive.default.T	
2024-04-23T20:47:34,682  INFO [main] metastore.HMSHandler: Skipping translation for processor with null
2024-04-23T20:47:34,682  INFO [main] parse.CalcitePlanner: Completed phase 1 of Semantic Analysis
2024-04-23T20:47:34,682  INFO [main] parse.CalcitePlanner: Get metadata for source tables
2024-04-23T20:47:34,682  INFO [main] parse.CalcitePlanner: Get metadata for subqueries
2024-04-23T20:47:34,682  INFO [main] parse.CalcitePlanner: Get metadata for destination tables
2024-04-23T20:47:34,683  INFO [main] HiveMetaStore.audit: ugi=alex	ip=unknown-ip-addr	cmd=get_table : tbl=hive.default.T	
2024-04-23T20:47:34,690  INFO [main] metastore.HMSHandler: Skipping translation for processor with null
2024-04-23T20:47:34,691  INFO [main] parse.CalcitePlanner: Completed getting MetaData in Semantic Analysis
2024-04-23T20:47:34,691  INFO [main] parse.CalcitePlanner: Disabling LLAP IO encode as ETL query is detected
2024-04-23T20:47:34,713  INFO [main] HiveMetaStore.audit: ugi=alex	ip=unknown-ip-addr	cmd=get_all_table_constraints : tbl=hive._dummy_database._dummy_table	
2024-04-23T20:47:34,792  INFO [main] parse.CalcitePlanner: Get metadata for source tables
2024-04-23T20:47:34,792  INFO [main] parse.CalcitePlanner: Get metadata for subqueries
2024-04-23T20:47:34,792  INFO [main] parse.CalcitePlanner: Get metadata for source tables
2024-04-23T20:47:34,793  INFO [main] HiveMetaStore.audit: ugi=alex	ip=unknown-ip-addr	cmd=get_table : tbl=hive._dummy_database._dummy_table	
2024-04-23T20:47:34,796  INFO [main] parse.CalcitePlanner: Get metadata for subqueries
2024-04-23T20:47:34,796  INFO [main] parse.CalcitePlanner: Get metadata for destination tables
2024-04-23T20:47:34,796  INFO [main] parse.CalcitePlanner: Get metadata for destination tables
2024-04-23T20:47:34,797  INFO [main] HiveMetaStore.audit: ugi=alex	ip=unknown-ip-addr	cmd=get_table : tbl=hive.default.T	
2024-04-23T20:47:34,805  INFO [main] metastore.HMSHandler: Skipping translation for processor with null
2024-04-23T20:47:34,808  INFO [main] HiveMetaStore.audit: ugi=alex	ip=unknown-ip-addr	cmd=get_not_null_constraints : tbl=hive.default.t	
2024-04-23T20:47:34,810  INFO [main] HiveMetaStore.audit: ugi=alex	ip=unknown-ip-addr	cmd=get_check_constraints : tbl=hive.default.t	
2024-04-23T20:47:34,819  INFO [main] txn.TxnHandler: Allocated writeId: 1 for txnId: 15
2024-04-23T20:47:34,819  INFO [main] txn.TxnHandler: Allocated write ids for dbName=default, tblName=t (txnIds: [15])
2024-04-23T20:47:34,827  INFO [main] parse.CalcitePlanner: CBO Succeeded; optimized logical plan.
2024-04-23T20:47:34,829  INFO [main] optimizer.BucketVersionPopulator: not considering bucketingVersion for: TS[0] because it has -1<2 buckets 
2024-04-23T20:47:34,830  INFO [main] optimizer.SortedDynPartitionOptimizer: Sorted dynamic partitioning optimization kicked in..
2024-04-23T20:47:34,838  INFO [main] HiveMetaStore.audit: ugi=alex	ip=unknown-ip-addr	cmd=get_table : tbl=hive.default.t	
2024-04-23T20:47:34,846  INFO [main] metastore.HMSHandler: Skipping translation for processor with null
2024-04-23T20:47:34,848  INFO [main] physical.Vectorizer: Examining input format to see if vectorization is enabled.
2024-04-23T20:47:34,848  INFO [main] physical.Vectorizer: Map vectorization enabled: false
2024-04-23T20:47:34,848  INFO [main] physical.Vectorizer: Map vectorized: false
2024-04-23T20:47:34,848  INFO [main] physical.Vectorizer: Map vectorizedVertexNum: 0
2024-04-23T20:47:34,848  INFO [main] physical.Vectorizer: Map enabledConditionsMet: [hive.vectorized.use.vectorized.input.format IS true]
2024-04-23T20:47:34,848  INFO [main] physical.Vectorizer: Map enabledConditionsNotMet: [Could not enable vectorization due to partition column names size 1 is greater than the number of table column names size 0 IS false]
2024-04-23T20:47:34,848  INFO [main] physical.Vectorizer: Map inputFileFormatClassNameSet: [org.apache.hadoop.hive.ql.io.NullRowsInputFormat]
2024-04-23T20:47:34,848  INFO [main] parse.CalcitePlanner: Completed plan generation
2024-04-23T20:47:34,848  INFO [main] parse.CalcitePlanner: Ending caching scope for: 
2024-04-23T20:47:34,848  INFO [main] ql.Driver: Semantic Analysis Completed (retrial = false)
2024-04-23T20:47:34,848  INFO [main] ql.Driver: Created Hive schema: Schema(fieldSchemas:[FieldSchema(name:col1, type:int, comment:null), FieldSchema(name:col2, type:int, comment:null)], properties:null)
2024-04-23T20:47:34,848  INFO [main] metadata.Hive: Dumping metastore api call timing information for : compilation phase
2024-04-23T20:47:34,848  INFO [main] metadata.Hive: Total time spent in each metastore function (ms): {allocateTableWriteId_(long, String, String)=14, getNotNullConstraints_(NotNullConstraintsRequest)=3, openTxn_(String, TxnType)=2, getTable_(GetTableRequest)=37, getCheckConstraints_(CheckConstraintsRequest)=2, commitTxn_(CommitTxnRequest)=10, getValidWriteIds_(List, String)=6, isCompatibleWith_(Configuration)=0, getValidTxns_(long)=0, getAllTableConstraints_(AllTableConstraintsRequest)=29, flushCache_()=1}
2024-04-23T20:47:34,848  INFO [main] ql.Driver: Completed compiling command(queryId=alex_20240423204734_3fcdf38b-bdda-49ad-bb11-c06469706784); Time taken: 0.184 seconds
2024-04-23T20:47:34,849  INFO [main] lockmgr.DbTxnManager: Setting lock request transaction to txnid:15 for queryId=alex_20240423204734_3fcdf38b-bdda-49ad-bb11-c06469706784
2024-04-23T20:47:34,849  INFO [main] lockmgr.DbLockManager: Requesting lock for queryId=alex_20240423204734_3fcdf38b-bdda-49ad-bb11-c06469706784
2024-04-23T20:47:34,867  INFO [main] lockmgr.DbLockManager: Response to queryId=alex_20240423204734_3fcdf38b-bdda-49ad-bb11-c06469706784 LockResponse(lockid:9, state:ACQUIRED)
2024-04-23T20:47:34,867  INFO [main] ql.Driver: Operation QUERY obtained 1 locks
2024-04-23T20:47:34,870  INFO [main] ql.Driver: Executing command(queryId=alex_20240423204734_3fcdf38b-bdda-49ad-bb11-c06469706784): insert into T values(0,2)
2024-04-23T20:47:34,870  WARN [main] ql.Driver: Hive-on-MR is deprecated in Hive 2 and may not be available in the future versions. Consider using a different execution engine (i.e. tez, spark) or using Hive 1.X releases.
Query ID = alex_20240423204734_3fcdf38b-bdda-49ad-bb11-c06469706784
2024-04-23T20:47:34,870  INFO [main] ql.Driver: Query ID = alex_20240423204734_3fcdf38b-bdda-49ad-bb11-c06469706784
Total jobs = 1
2024-04-23T20:47:34,870  INFO [main] ql.Driver: Total jobs = 1
Launching Job 1 out of 1
2024-04-23T20:47:34,870  INFO [main] ql.Driver: Launching Job 1 out of 1
2024-04-23T20:47:35,013  INFO [main] ql.Driver: Starting task [Stage-1:MAPRED] in serial mode
Number of reduce tasks is set to 0 since there's no reduce operator
2024-04-23T20:47:35,013  INFO [main] exec.Task: Number of reduce tasks is set to 0 since there's no reduce operator
2024-04-23T20:47:35,016  INFO [main] mr.ExecDriver: Using org.apache.hadoop.hive.ql.io.HiveInputFormat
2024-04-23T20:47:35,016  INFO [main] exec.Utilities: Processing alias $hdt$_0:_dummy_table
2024-04-23T20:47:35,016  INFO [main] exec.Utilities: Adding 1 inputs; the first input is file:/home/alex/Repositories/hive/ql/target/tmp/localscratchdir/e755fce6-c4ec-4a1e-a53d-410ef72bf6f9/hive_2024-04-23_20-47-34_664_7846323863403584352-1/dummy_path
2024-04-23T20:47:35,025  INFO [main] exec.SerializationUtilities: Serializing MapWork using kryo
2024-04-23T20:47:35,026  INFO [main] exec.Utilities: Serialized plan (via FILE) - name: null size: 5,69KB
2024-04-23T20:47:35,027  WARN [main] impl.MetricsSystemImpl: JobTracker metrics system already initialized!
2024-04-23T20:47:35,031  INFO [main] fs.FSStatsPublisher: created : file:/home/alex/Repositories/hive/ql/target/tmp/localscratchdir/e755fce6-c4ec-4a1e-a53d-410ef72bf6f9/hive_2024-04-23_20-47-34_664_7846323863403584352-1/-mr-10000
2024-04-23T20:47:35,033  WARN [main] impl.MetricsSystemImpl: JobTracker metrics system already initialized!
2024-04-23T20:47:35,040  WARN [main] mapreduce.JobResourceUploader: Hadoop command-line option parsing not performed. Implement the Tool interface and execute your application with ToolRunner to remedy this.
2024-04-23T20:47:35,045  WARN [main] mapreduce.JobResourceUploader: No job jar file set.  User classes may not be found. See Job or Job#setJar(String).
2024-04-23T20:47:35,046  INFO [main] io.HiveInputFormat: hive.io.file.readcolumn.ids = 
2024-04-23T20:47:35,046  INFO [main] io.HiveInputFormat: hive.io.file.readcolumn.names = 
2024-04-23T20:47:35,046  INFO [main] io.HiveInputFormat: Generating splits for dirs: file:/home/alex/Repositories/hive/ql/target/tmp/localscratchdir/e755fce6-c4ec-4a1e-a53d-410ef72bf6f9/hive_2024-04-23_20-47-34_664_7846323863403584352-1/dummy_path
2024-04-23T20:47:35,046  INFO [main] io.HiveInputFormat: number of splits 1
2024-04-23T20:47:35,064  INFO [main] mapreduce.JobSubmitter: number of splits:1
2024-04-23T20:47:35,082  INFO [main] mapreduce.JobSubmitter: Submitting tokens for job: job_local547209296_0030
2024-04-23T20:47:35,082  INFO [main] mapreduce.JobSubmitter: Executing with tokens: []
2024-04-23T20:47:35,179  INFO [main] mapreduce.Job: The url to track the job: http://localhost:8080/
Job running in-process (local Hadoop)
2024-04-23T20:47:35,179  INFO [main] exec.Task: Job running in-process (local Hadoop)
2024-04-23T20:47:35,179  INFO [Thread-2047] mapred.LocalJobRunner: OutputCommitter set in config org.apache.hadoop.hive.ql.io.HiveFileFormatUtils$NullOutputCommitter
2024-04-23T20:47:35,180  INFO [Thread-2047] mapred.LocalJobRunner: OutputCommitter is org.apache.hadoop.hive.ql.io.HiveFileFormatUtils$NullOutputCommitter
2024-04-23T20:47:35,181  INFO [Thread-2047] mapred.LocalJobRunner: Waiting for map tasks
2024-04-23T20:47:35,181  INFO [LocalJobRunner Map Task Executor #0] mapred.LocalJobRunner: Starting task: attempt_local547209296_0030_m_000000_0
2024-04-23T20:47:35,184  INFO [LocalJobRunner Map Task Executor #0] mapred.Task:  Using ResourceCalculatorProcessTree : [ ]
2024-04-23T20:47:35,184  INFO [LocalJobRunner Map Task Executor #0] mapred.MapTask: Processing split: org.apache.hadoop.hive.ql.io.NullRowsInputFormat:file:/home/alex/Repositories/hive/ql/target/tmp/localscratchdir/e755fce6-c4ec-4a1e-a53d-410ef72bf6f9/hive_2024-04-23_20-47-34_664_7846323863403584352-1/dummy_path/null:0+1
2024-04-23T20:47:35,186  INFO [LocalJobRunner Map Task Executor #0] exec.SerializationUtilities: Deserializing MapWork using kryo
2024-04-23T20:47:35,187  INFO [LocalJobRunner Map Task Executor #0] exec.Utilities: Deserialized plan (via FILE) - name: null size: 5,69KB
2024-04-23T20:47:35,188  INFO [LocalJobRunner Map Task Executor #0] mapred.MapTask: numReduceTasks: 0
2024-04-23T20:47:35,191  INFO [LocalJobRunner Map Task Executor #0] exec.MapOperator: Initializing Operator: MAP[0]
2024-04-23T20:47:35,191  INFO [LocalJobRunner Map Task Executor #0] mr.ExecMapper: 
<MAP>Id =0
  <Children>null
  <\Children>
  <Parent><\Parent>
<\MAP>
2024-04-23T20:47:35,192  INFO [LocalJobRunner Map Task Executor #0] exec.TableScanOperator: Initializing Operator: TS[0]
2024-04-23T20:47:35,192  INFO [LocalJobRunner Map Task Executor #0] exec.SelectOperator: Initializing Operator: SEL[1]
2024-04-23T20:47:35,192  INFO [LocalJobRunner Map Task Executor #0] exec.SelectOperator: SELECT null
2024-04-23T20:47:35,192  INFO [LocalJobRunner Map Task Executor #0] exec.UDTFOperator: Initializing Operator: UDTF[2]
2024-04-23T20:47:35,192  INFO [LocalJobRunner Map Task Executor #0] exec.SelectOperator: Initializing Operator: SEL[3]
2024-04-23T20:47:35,192  INFO [LocalJobRunner Map Task Executor #0] exec.SelectOperator: SELECT struct<col1:int,col2:int>
2024-04-23T20:47:35,193  INFO [LocalJobRunner Map Task Executor #0] exec.FileSinkOperator: Initializing Operator: FS[4]
2024-04-23T20:47:35,193  INFO [LocalJobRunner Map Task Executor #0] exec.FileSinkOperator: Using serializer : AbstractSerDe [log=org.apache.logging.slf4j.Log4jLogger@7210f038, configuration=Optional[Configuration: core-default.xml, core-site.xml, mapred-default.xml, mapred-site.xml, yarn-default.xml, yarn-site.xml, hdfs-default.xml, hdfs-site.xml, file:/home/alex/Repositories/hive/ql/target/tmp/TestTxnCommands3/mapred/local/localRunner/alex/job_local547209296_0030/job_local547209296_0030.xml], properties={transactional_properties=default, name=default.t, transactional=true, columns.types=int:int, columns=a,b, numFilesErasureCoded=0, columns.comments=&amp#0;, bucketing_version=2, serialization.lib=org.apache.hadoop.hive.ql.io.orc.OrcSerde, file.inputformat=org.apache.hadoop.hive.ql.io.orc.OrcInputFormat, file.outputformat=org.apache.hadoop.hive.ql.io.orc.OrcOutputFormat, location=file:/home/alex/Repositories/hive/ql/target/tmp/org.apache.hadoop.hive.ql.TestTxnCommands3-1713930356371/warehouse/t, column.name.delimiter=,}, tableProperties={transactional_properties=default, name=default.t, transactional=true, columns.types=int:int, columns=a,b, numFilesErasureCoded=0, columns.comments=&amp#0;, bucketing_version=2, serialization.lib=org.apache.hadoop.hive.ql.io.orc.OrcSerde, file.inputformat=org.apache.hadoop.hive.ql.io.orc.OrcInputFormat, location=file:/home/alex/Repositories/hive/ql/target/tmp/org.apache.hadoop.hive.ql.TestTxnCommands3-1713930356371/warehouse/t, file.outputformat=org.apache.hadoop.hive.ql.io.orc.OrcOutputFormat, column.name.delimiter=,}, partitionProperties=Optional.empty, columnNames=[a, b], columnTypes=[int, int], getClass()=class org.apache.hadoop.hive.ql.io.orc.OrcSerde] and formatter : org.apache.hadoop.hive.ql.io.orc.OrcOutputFormat@59fb963c
2024-04-23T20:47:35,194  INFO [LocalJobRunner Map Task Executor #0] exec.FileSinkOperator: Final Path: FS file:/home/alex/Repositories/hive/ql/target/tmp/org.apache.hadoop.hive.ql.TestTxnCommands3-1713930356371/warehouse/t
2024-04-23T20:47:35,194  INFO [LocalJobRunner Map Task Executor #0] exec.FileSinkOperator: New Final Path: FS file:/home/alex/Repositories/hive/ql/target/tmp/org.apache.hadoop.hive.ql.TestTxnCommands3-1713930356371/warehouse/t
2024-04-23T20:47:35,194  INFO [LocalJobRunner Map Task Executor #0] common.FileUtils: Creating directory if it doesn't exist: file:/home/alex/Repositories/hive/ql/target/tmp/org.apache.hadoop.hive.ql.TestTxnCommands3-1713930356371/warehouse
2024-04-23T20:47:35,196  INFO [LocalJobRunner Map Task Executor #0] exec.FileSinkOperator: FS[4]: records written - 1
2024-04-23T20:47:35,197  INFO [LocalJobRunner Map Task Executor #0] impl.PhysicalFsWriter: ORC writer created for path: file:/home/alex/Repositories/hive/ql/target/tmp/org.apache.hadoop.hive.ql.TestTxnCommands3-1713930356371/warehouse/t/delta_0000001_0000001_0000/bucket_00000_0 with stripeSize: 8388608 blockSize: 268435456 compression: Compress: ZLIB buffer: 32768
2024-04-23T20:47:35,203  INFO [LocalJobRunner Map Task Executor #0] impl.WriterImpl: ORC writer created for path: file:/home/alex/Repositories/hive/ql/target/tmp/org.apache.hadoop.hive.ql.TestTxnCommands3-1713930356371/warehouse/t/delta_0000001_0000001_0000/bucket_00000_0 with stripeSize: 8388608 options: Compress: ZLIB buffer: 32768
2024-04-23T20:47:35,208  INFO [LocalJobRunner Map Task Executor #0] exec.MapOperator: MAP[0]: records read - 1
2024-04-23T20:47:35,208  INFO [LocalJobRunner Map Task Executor #0] exec.MapOperator: Closing Operator: MAP[0]
2024-04-23T20:47:35,208  INFO [LocalJobRunner Map Task Executor #0] exec.MapOperator: MAP[0]: Total records read - 3. abort - false
2024-04-23T20:47:35,208  INFO [LocalJobRunner Map Task Executor #0] exec.MapOperator: DESERIALIZE_ERRORS:0, RECORDS_OUT_OPERATOR_MAP_0:0, RECORDS_OUT_INTERMEDIATE:0, RECORDS_IN:3, 
2024-04-23T20:47:35,208  INFO [LocalJobRunner Map Task Executor #0] exec.TableScanOperator: Closing Operator: TS[0]
2024-04-23T20:47:35,208  INFO [LocalJobRunner Map Task Executor #0] exec.TableScanOperator: RECORDS_OUT_OPERATOR_TS_0:1, RECORDS_OUT_INTERMEDIATE:0, 
2024-04-23T20:47:35,208  INFO [LocalJobRunner Map Task Executor #0] exec.SelectOperator: Closing Operator: SEL[1]
2024-04-23T20:47:35,208  INFO [LocalJobRunner Map Task Executor #0] exec.SelectOperator: RECORDS_OUT_INTERMEDIATE:0, RECORDS_OUT_OPERATOR_SEL_1:1, 
2024-04-23T20:47:35,208  INFO [LocalJobRunner Map Task Executor #0] exec.UDTFOperator: Closing Operator: UDTF[2]
2024-04-23T20:47:35,208  INFO [LocalJobRunner Map Task Executor #0] exec.UDTFOperator: RECORDS_OUT_INTERMEDIATE:0, RECORDS_OUT_OPERATOR_UDTF_2:1, 
2024-04-23T20:47:35,208  INFO [LocalJobRunner Map Task Executor #0] exec.SelectOperator: Closing Operator: SEL[3]
2024-04-23T20:47:35,208  INFO [LocalJobRunner Map Task Executor #0] exec.SelectOperator: RECORDS_OUT_OPERATOR_SEL_3:1, RECORDS_OUT_INTERMEDIATE:0, 
2024-04-23T20:47:35,208  INFO [LocalJobRunner Map Task Executor #0] exec.FileSinkOperator: Closing Operator: FS[4]
2024-04-23T20:47:35,208  INFO [LocalJobRunner Map Task Executor #0] exec.FileSinkOperator: FS[4]: records written - 1
2024-04-23T20:47:35,210  INFO [LocalJobRunner Map Task Executor #0] FileOperations: Writing manifest to file:/home/alex/Repositories/hive/ql/target/tmp/org.apache.hadoop.hive.ql.TestTxnCommands3-1713930356371/warehouse/t/_tmp.delta_0000001_0000001_0000/000000_0.manifest with [file:/home/alex/Repositories/hive/ql/target/tmp/org.apache.hadoop.hive.ql.TestTxnCommands3-1713930356371/warehouse/t/delta_0000001_0000001_0000/bucket_00000_0]
2024-04-23T20:47:35,222  INFO [LocalJobRunner Map Task Executor #0] exec.FileSinkOperator: TOTAL_TABLE_ROWS_WRITTEN:1, RECORDS_OUT_OPERATOR_FS_4:1, RECORDS_OUT_1_default.t:1, RECORDS_OUT_INTERMEDIATE:0, 
2024-04-23T20:47:35,223  INFO [LocalJobRunner Map Task Executor #0] mapred.LocalJobRunner: 
2024-04-23T20:47:35,225  INFO [LocalJobRunner Map Task Executor #0] mapred.Task: Task:attempt_local547209296_0030_m_000000_0 is done. And is in the process of committing
2024-04-23T20:47:35,226  INFO [LocalJobRunner Map Task Executor #0] mapred.LocalJobRunner: map
2024-04-23T20:47:35,226  INFO [LocalJobRunner Map Task Executor #0] mapred.Task: Task 'attempt_local547209296_0030_m_000000_0' done.
2024-04-23T20:47:35,226  INFO [LocalJobRunner Map Task Executor #0] mapred.Task: Final Counters for attempt_local547209296_0030_m_000000_0: Counters: 27
	File System Counters
		FILE: Number of bytes read=456567
		FILE: Number of bytes written=35325765
		FILE: Number of read operations=0
		FILE: Number of large read operations=0
		FILE: Number of write operations=0
	Map-Reduce Framework
		Map input records=4
		Map output records=0
		Input split bytes=361
		Spilled Records=0
		Failed Shuffles=0
		Merged Map outputs=0
		GC time elapsed (ms)=0
		Total committed heap usage (bytes)=1666187264
	HIVE
		CREATED_FILES=1
		DESERIALIZE_ERRORS=0
		RECORDS_IN=3
		RECORDS_OUT_1_default.t=1
		RECORDS_OUT_INTERMEDIATE=0
		RECORDS_OUT_OPERATOR_FS_4=1
		RECORDS_OUT_OPERATOR_MAP_0=0
		RECORDS_OUT_OPERATOR_SEL_1=1
		RECORDS_OUT_OPERATOR_SEL_3=1
		RECORDS_OUT_OPERATOR_TS_0=1
		RECORDS_OUT_OPERATOR_UDTF_2=1
		TOTAL_TABLE_ROWS_WRITTEN=1
	File Input Format Counters 
		Bytes Read=5749
	File Output Format Counters 
		Bytes Written=0
2024-04-23T20:47:35,226  INFO [LocalJobRunner Map Task Executor #0] mapred.LocalJobRunner: Finishing task: attempt_local547209296_0030_m_000000_0
2024-04-23T20:47:35,226  INFO [Thread-2047] mapred.LocalJobRunner: map task executor complete.
2024-04-23 20:47:36,181 Stage-1 map = 100%,  reduce = 0%
2024-04-23T20:47:36,181  INFO [main] exec.Task: 2024-04-23 20:47:36,181 Stage-1 map = 100%,  reduce = 0%
Ended Job = job_local547209296_0030
2024-04-23T20:47:36,182  INFO [main] exec.Task: Ended Job = job_local547209296_0030
2024-04-23T20:47:36,183  INFO [main] FileOperations: Found manifest file file:/home/alex/Repositories/hive/ql/target/tmp/org.apache.hadoop.hive.ql.TestTxnCommands3-1713930356371/warehouse/t/_tmp.delta_0000001_0000001_0000/000000_0.manifest with attemptId 0.
2024-04-23T20:47:36,183  INFO [main] FileOperations: Looking at manifest file: file:/home/alex/Repositories/hive/ql/target/tmp/org.apache.hadoop.hive.ql.TestTxnCommands3-1713930356371/warehouse/t/_tmp.delta_0000001_0000001_0000/000000_0.manifest
2024-04-23T20:47:36,183  INFO [main] FileOperations: Deleting manifest directory file:/home/alex/Repositories/hive/ql/target/tmp/org.apache.hadoop.hive.ql.TestTxnCommands3-1713930356371/warehouse/t/_tmp.delta_0000001_0000001_0000
2024-04-23T20:47:36,184  INFO [main] ql.Driver: Starting task [Stage-0:MOVE] in serial mode
Loading data to table default.t
2024-04-23T20:47:36,184  INFO [main] exec.Task: Loading data to table default.t from file:/home/alex/Repositories/hive/ql/target/tmp/org.apache.hadoop.hive.ql.TestTxnCommands3-1713930356371/warehouse/t
2024-04-23T20:47:36,185  INFO [main] HiveMetaStore.audit: ugi=alex	ip=unknown-ip-addr	cmd=get_table : tbl=hive.default.t	
2024-04-23T20:47:36,192  INFO [main] metastore.HMSHandler: Skipping translation for processor with null
2024-04-23T20:47:36,193  INFO [main] HiveMetaStore.audit: ugi=alex	ip=unknown-ip-addr	cmd=get_table : tbl=hive.default.t	
2024-04-23T20:47:36,200  INFO [main] metastore.HMSHandler: Skipping translation for processor with null
2024-04-23T20:47:36,201  INFO [main] HiveMetaStore.audit: ugi=alex	ip=unknown-ip-addr	cmd=alter_table: hive.default.t newtbl=t	
2024-04-23T20:47:36,226  INFO [main] ql.Driver: Starting task [Stage-2:STATS] in serial mode
2024-04-23T20:47:36,226  INFO [main] HiveMetaStore.audit: ugi=alex	ip=unknown-ip-addr	cmd=get_table : tbl=hive.default.t	
2024-04-23T20:47:36,236  INFO [main] metastore.HMSHandler: Skipping translation for processor with null
2024-04-23T20:47:36,236  INFO [main] stats.BasicStatsTask: Executing stats task
2024-04-23T20:47:36,237  INFO [main] fs.FSStatsPublisher: created : file:/home/alex/Repositories/hive/ql/target/tmp/localscratchdir/e755fce6-c4ec-4a1e-a53d-410ef72bf6f9/hive_2024-04-23_20-47-34_664_7846323863403584352-1/-mr-10000
2024-04-23T20:47:36,239  INFO [main] HiveMetaStore.audit: ugi=alex	ip=unknown-ip-addr	cmd=get_table : tbl=hive.default.t	
2024-04-23T20:47:36,250  INFO [main] metastore.HMSHandler: Skipping translation for processor with null
2024-04-23T20:47:36,258  WARN [main] FileOperations: Computing stats for an ACID table; stats may be inaccurate
2024-04-23T20:47:36,258  INFO [main] FileOperations: Read stats for default.t/, numRows, true, 1, false: 
2024-04-23T20:47:36,258  INFO [main] FileOperations: Read stats for default.t/, rawDataSize, true, 0, false: 
2024-04-23T20:47:36,259  INFO [main] HiveMetaStore.audit: ugi=alex	ip=unknown-ip-addr	cmd=alter_table: hive.default.t newtbl=t	
2024-04-23T20:47:36,282  INFO [main] FileOperations: Read stats for default.t/, insertCount, true, 1, false: 
2024-04-23T20:47:36,282  INFO [main] FileOperations: Read stats for default.t/, updateCount, true, 0, false: 
2024-04-23T20:47:36,282  INFO [main] FileOperations: Read stats for default.t/, deleteCount, true, 0, false: 
2024-04-23T20:47:36,284  INFO [main] stats.BasicStatsTask: Table default.t stats: [numFiles=1, numRows=1, totalSize=661, rawDataSize=0, numFilesErasureCoded=0]
2024-04-23T20:47:36,285  INFO [main] metadata.Hive: Dumping metastore api call timing information for : execution phase
2024-04-23T20:47:36,285  INFO [main] metadata.Hive: Total time spent in each metastore function (ms): {alter_table_(String, String, String, Table, EnvironmentContext, String)=47, isCompatibleWith_(Configuration)=0, getTable_(GetTableRequest)=38, updateTransactionalStatistics_(UpdateTransactionalStatsRequest)=2}
MapReduce Jobs Launched: 
2024-04-23T20:47:36,285  INFO [main] ql.Driver: MapReduce Jobs Launched: 
Stage-Stage-1:  HDFS Read: 0 HDFS Write: 0 SUCCESS
2024-04-23T20:47:36,286  INFO [main] ql.Driver: Stage-Stage-1:  HDFS Read: 0 HDFS Write: 0 SUCCESS
Total MapReduce CPU Time Spent: 0 msec
2024-04-23T20:47:36,286  INFO [main] ql.Driver: Total MapReduce CPU Time Spent: 0 msec
2024-04-23T20:47:36,286  INFO [main] ql.Driver: Completed executing command(queryId=alex_20240423204734_3fcdf38b-bdda-49ad-bb11-c06469706784); Time taken: 1.415 seconds
2024-04-23T20:47:36,286  INFO [main] lockmgr.DbTxnManager: Stopped heartbeat for query: alex_20240423204734_3fcdf38b-bdda-49ad-bb11-c06469706784
2024-04-23T20:47:36,294  INFO [main] txn.TxnHandler: Removed transactions: ([15]) from MIN_HISTORY_LEVEL
2024-04-23T20:47:36,296  WARN [main] txn.CompactionTxnHandler: No compaction queue record found for Compaction type transaction commit. txnId:15
2024-04-23T20:47:36,296  INFO [main] ql.TxnCommandsBaseForTests: Running the query: insert into T values(1,4)
2024-04-23T20:47:36,297  INFO [main] ql.Context: Deleting scratch dir: file:/home/alex/Repositories/hive/ql/target/tmp/localscratchdir/e755fce6-c4ec-4a1e-a53d-410ef72bf6f9/hive_2024-04-23_20-47-34_664_7846323863403584352-1
2024-04-23T20:47:36,297  INFO [main] cleanup.SyncCleanupService: Deleted directory: file:/home/alex/Repositories/hive/ql/target/tmp/localscratchdir/e755fce6-c4ec-4a1e-a53d-410ef72bf6f9/hive_2024-04-23_20-47-34_664_7846323863403584352-1 on fs with scheme file
2024-04-23T20:47:36,298  INFO [main] ql.Driver: Compiling command(queryId=alex_20240423204736_3bd4a923-0d9c-4745-8031-4112371eff2c): insert into T values(1,4)
2024-04-23T20:47:36,306  INFO [main] txn.TxnHandler: Added entries to MIN_HISTORY_LEVEL for current txns: ([16]) with min_open_txn: 16
2024-04-23T20:47:36,306  INFO [main] lockmgr.DbTxnManager: Opened txnid:16
2024-04-23T20:47:36,309  INFO [main] parse.CalcitePlanner: Starting caching scope for: 
2024-04-23T20:47:36,309  INFO [main] parse.CalcitePlanner: Starting Semantic Analysis
2024-04-23T20:47:36,313  INFO [main] HiveMetaStore.audit: ugi=alex	ip=unknown-ip-addr	cmd=get_table : tbl=hive.default.T	
2024-04-23T20:47:36,321  INFO [main] metastore.HMSHandler: Skipping translation for processor with null
2024-04-23T20:47:36,321  INFO [main] parse.CalcitePlanner: Completed phase 1 of Semantic Analysis
2024-04-23T20:47:36,321  INFO [main] parse.CalcitePlanner: Get metadata for source tables
2024-04-23T20:47:36,321  INFO [main] parse.CalcitePlanner: Get metadata for subqueries
2024-04-23T20:47:36,321  INFO [main] parse.CalcitePlanner: Get metadata for destination tables
2024-04-23T20:47:36,321  INFO [main] HiveMetaStore.audit: ugi=alex	ip=unknown-ip-addr	cmd=get_table : tbl=hive.default.T	
2024-04-23T20:47:36,328  INFO [main] metastore.HMSHandler: Skipping translation for processor with null
2024-04-23T20:47:36,329  INFO [main] parse.CalcitePlanner: Completed getting MetaData in Semantic Analysis
2024-04-23T20:47:36,329  INFO [main] parse.CalcitePlanner: Disabling LLAP IO encode as ETL query is detected
2024-04-23T20:47:36,350  INFO [main] HiveMetaStore.audit: ugi=alex	ip=unknown-ip-addr	cmd=get_all_table_constraints : tbl=hive._dummy_database._dummy_table	
2024-04-23T20:47:36,402  INFO [main] parse.CalcitePlanner: Get metadata for source tables
2024-04-23T20:47:36,402  INFO [main] parse.CalcitePlanner: Get metadata for subqueries
2024-04-23T20:47:36,402  INFO [main] parse.CalcitePlanner: Get metadata for source tables
2024-04-23T20:47:36,403  INFO [main] HiveMetaStore.audit: ugi=alex	ip=unknown-ip-addr	cmd=get_table : tbl=hive._dummy_database._dummy_table	
2024-04-23T20:47:36,405  INFO [main] parse.CalcitePlanner: Get metadata for subqueries
2024-04-23T20:47:36,405  INFO [main] parse.CalcitePlanner: Get metadata for destination tables
2024-04-23T20:47:36,405  INFO [main] parse.CalcitePlanner: Get metadata for destination tables
2024-04-23T20:47:36,406  INFO [main] HiveMetaStore.audit: ugi=alex	ip=unknown-ip-addr	cmd=get_table : tbl=hive.default.T	
2024-04-23T20:47:36,412  INFO [main] metastore.HMSHandler: Skipping translation for processor with null
2024-04-23T20:47:36,415  INFO [main] HiveMetaStore.audit: ugi=alex	ip=unknown-ip-addr	cmd=get_not_null_constraints : tbl=hive.default.t	
2024-04-23T20:47:36,416  INFO [main] HiveMetaStore.audit: ugi=alex	ip=unknown-ip-addr	cmd=get_check_constraints : tbl=hive.default.t	
2024-04-23T20:47:36,423  INFO [main] txn.TxnHandler: Allocated writeId: 2 for txnId: 16
2024-04-23T20:47:36,423  INFO [main] txn.TxnHandler: Allocated write ids for dbName=default, tblName=t (txnIds: [16])
2024-04-23T20:47:36,431  INFO [main] parse.CalcitePlanner: CBO Succeeded; optimized logical plan.
2024-04-23T20:47:36,433  INFO [main] optimizer.BucketVersionPopulator: not considering bucketingVersion for: TS[0] because it has -1<2 buckets 
2024-04-23T20:47:36,434  INFO [main] optimizer.SortedDynPartitionOptimizer: Sorted dynamic partitioning optimization kicked in..
2024-04-23T20:47:36,443  INFO [main] HiveMetaStore.audit: ugi=alex	ip=unknown-ip-addr	cmd=get_table : tbl=hive.default.t	
2024-04-23T20:47:36,450  INFO [main] metastore.HMSHandler: Skipping translation for processor with null
2024-04-23T20:47:36,451  INFO [main] physical.Vectorizer: Examining input format to see if vectorization is enabled.
2024-04-23T20:47:36,451  INFO [main] physical.Vectorizer: Map vectorization enabled: false
2024-04-23T20:47:36,451  INFO [main] physical.Vectorizer: Map vectorized: false
2024-04-23T20:47:36,451  INFO [main] physical.Vectorizer: Map vectorizedVertexNum: 0
2024-04-23T20:47:36,451  INFO [main] physical.Vectorizer: Map enabledConditionsMet: [hive.vectorized.use.vectorized.input.format IS true]
2024-04-23T20:47:36,451  INFO [main] physical.Vectorizer: Map enabledConditionsNotMet: [Could not enable vectorization due to partition column names size 1 is greater than the number of table column names size 0 IS false]
2024-04-23T20:47:36,451  INFO [main] physical.Vectorizer: Map inputFileFormatClassNameSet: [org.apache.hadoop.hive.ql.io.NullRowsInputFormat]
2024-04-23T20:47:36,452  INFO [main] parse.CalcitePlanner: Completed plan generation
2024-04-23T20:47:36,452  INFO [main] parse.CalcitePlanner: Ending caching scope for: 
2024-04-23T20:47:36,452  INFO [main] ql.Driver: Semantic Analysis Completed (retrial = false)
2024-04-23T20:47:36,452  INFO [main] ql.Driver: Created Hive schema: Schema(fieldSchemas:[FieldSchema(name:col1, type:int, comment:null), FieldSchema(name:col2, type:int, comment:null)], properties:null)
2024-04-23T20:47:36,452  INFO [main] metadata.Hive: Dumping metastore api call timing information for : compilation phase
2024-04-23T20:47:36,452  INFO [main] metadata.Hive: Total time spent in each metastore function (ms): {getTable_(GetTableRequest)=33, allocateTableWriteId_(long, String, String)=12, getNotNullConstraints_(NotNullConstraintsRequest)=2, getAllTableConstraints_(AllTableConstraintsRequest)=7, getValidTxns_(long)=3, getCheckConstraints_(CheckConstraintsRequest)=2, isCompatibleWith_(Configuration)=0, commitTxn_(CommitTxnRequest)=10, openTxn_(String, TxnType)=7, getValidWriteIds_(List, String)=4, flushCache_()=0}
2024-04-23T20:47:36,452  INFO [main] ql.Driver: Completed compiling command(queryId=alex_20240423204736_3bd4a923-0d9c-4745-8031-4112371eff2c); Time taken: 0.154 seconds
2024-04-23T20:47:36,453  INFO [main] lockmgr.DbTxnManager: Setting lock request transaction to txnid:16 for queryId=alex_20240423204736_3bd4a923-0d9c-4745-8031-4112371eff2c
2024-04-23T20:47:36,453  INFO [main] lockmgr.DbLockManager: Requesting lock for queryId=alex_20240423204736_3bd4a923-0d9c-4745-8031-4112371eff2c
2024-04-23T20:47:36,466  INFO [main] lockmgr.DbLockManager: Response to queryId=alex_20240423204736_3bd4a923-0d9c-4745-8031-4112371eff2c LockResponse(lockid:10, state:ACQUIRED)
2024-04-23T20:47:36,466  INFO [main] ql.Driver: Operation QUERY obtained 1 locks
2024-04-23T20:47:36,469  INFO [main] ql.Driver: Executing command(queryId=alex_20240423204736_3bd4a923-0d9c-4745-8031-4112371eff2c): insert into T values(1,4)
2024-04-23T20:47:36,470  WARN [main] ql.Driver: Hive-on-MR is deprecated in Hive 2 and may not be available in the future versions. Consider using a different execution engine (i.e. spark, tez) or using Hive 1.X releases.
Query ID = alex_20240423204736_3bd4a923-0d9c-4745-8031-4112371eff2c
2024-04-23T20:47:36,470  INFO [main] ql.Driver: Query ID = alex_20240423204736_3bd4a923-0d9c-4745-8031-4112371eff2c
Total jobs = 1
2024-04-23T20:47:36,470  INFO [main] ql.Driver: Total jobs = 1
Launching Job 1 out of 1
2024-04-23T20:47:36,470  INFO [main] ql.Driver: Launching Job 1 out of 1
2024-04-23T20:47:36,613  INFO [main] ql.Driver: Starting task [Stage-1:MAPRED] in serial mode
Number of reduce tasks is set to 0 since there's no reduce operator
2024-04-23T20:47:36,613  INFO [main] exec.Task: Number of reduce tasks is set to 0 since there's no reduce operator
2024-04-23T20:47:36,615  INFO [main] mr.ExecDriver: Using org.apache.hadoop.hive.ql.io.HiveInputFormat
2024-04-23T20:47:36,616  INFO [main] exec.Utilities: Processing alias $hdt$_0:_dummy_table
2024-04-23T20:47:36,616  INFO [main] exec.Utilities: Adding 1 inputs; the first input is file:/home/alex/Repositories/hive/ql/target/tmp/localscratchdir/e755fce6-c4ec-4a1e-a53d-410ef72bf6f9/hive_2024-04-23_20-47-36_298_2954169562403190682-1/dummy_path
2024-04-23T20:47:36,625  INFO [main] exec.SerializationUtilities: Serializing MapWork using kryo
2024-04-23T20:47:36,626  INFO [main] exec.Utilities: Serialized plan (via FILE) - name: null size: 5,69KB
2024-04-23T20:47:36,627  WARN [main] impl.MetricsSystemImpl: JobTracker metrics system already initialized!
2024-04-23T20:47:36,630  INFO [main] fs.FSStatsPublisher: created : file:/home/alex/Repositories/hive/ql/target/tmp/localscratchdir/e755fce6-c4ec-4a1e-a53d-410ef72bf6f9/hive_2024-04-23_20-47-36_298_2954169562403190682-1/-mr-10000
2024-04-23T20:47:36,632  WARN [main] impl.MetricsSystemImpl: JobTracker metrics system already initialized!
2024-04-23T20:47:36,639  WARN [main] mapreduce.JobResourceUploader: Hadoop command-line option parsing not performed. Implement the Tool interface and execute your application with ToolRunner to remedy this.
2024-04-23T20:47:36,644  WARN [main] mapreduce.JobResourceUploader: No job jar file set.  User classes may not be found. See Job or Job#setJar(String).
2024-04-23T20:47:36,644  INFO [main] io.HiveInputFormat: hive.io.file.readcolumn.ids = 
2024-04-23T20:47:36,645  INFO [main] io.HiveInputFormat: hive.io.file.readcolumn.names = 
2024-04-23T20:47:36,645  INFO [main] io.HiveInputFormat: Generating splits for dirs: file:/home/alex/Repositories/hive/ql/target/tmp/localscratchdir/e755fce6-c4ec-4a1e-a53d-410ef72bf6f9/hive_2024-04-23_20-47-36_298_2954169562403190682-1/dummy_path
2024-04-23T20:47:36,645  INFO [main] io.HiveInputFormat: number of splits 1
2024-04-23T20:47:36,662  INFO [main] mapreduce.JobSubmitter: number of splits:1
2024-04-23T20:47:36,680  INFO [main] mapreduce.JobSubmitter: Submitting tokens for job: job_local857143485_0031
2024-04-23T20:47:36,680  INFO [main] mapreduce.JobSubmitter: Executing with tokens: []
2024-04-23T20:47:36,741  INFO [main] mapreduce.Job: The url to track the job: http://localhost:8080/
Job running in-process (local Hadoop)
2024-04-23T20:47:36,741  INFO [main] exec.Task: Job running in-process (local Hadoop)
2024-04-23T20:47:36,742  INFO [Thread-2093] mapred.LocalJobRunner: OutputCommitter set in config org.apache.hadoop.hive.ql.io.HiveFileFormatUtils$NullOutputCommitter
2024-04-23T20:47:36,742  INFO [Thread-2093] mapred.LocalJobRunner: OutputCommitter is org.apache.hadoop.hive.ql.io.HiveFileFormatUtils$NullOutputCommitter
2024-04-23T20:47:36,744  INFO [Thread-2093] mapred.LocalJobRunner: Waiting for map tasks
2024-04-23T20:47:36,744  INFO [LocalJobRunner Map Task Executor #0] mapred.LocalJobRunner: Starting task: attempt_local857143485_0031_m_000000_0
2024-04-23T20:47:36,744  INFO [LocalJobRunner Map Task Executor #0] mapred.Task:  Using ResourceCalculatorProcessTree : [ ]
2024-04-23T20:47:36,745  INFO [LocalJobRunner Map Task Executor #0] mapred.MapTask: Processing split: org.apache.hadoop.hive.ql.io.NullRowsInputFormat:file:/home/alex/Repositories/hive/ql/target/tmp/localscratchdir/e755fce6-c4ec-4a1e-a53d-410ef72bf6f9/hive_2024-04-23_20-47-36_298_2954169562403190682-1/dummy_path/null:0+1
2024-04-23T20:47:36,745  INFO [LocalJobRunner Map Task Executor #0] exec.SerializationUtilities: Deserializing MapWork using kryo
2024-04-23T20:47:36,746  INFO [LocalJobRunner Map Task Executor #0] exec.Utilities: Deserialized plan (via FILE) - name: null size: 5,69KB
2024-04-23T20:47:36,746  INFO [LocalJobRunner Map Task Executor #0] mapred.MapTask: numReduceTasks: 0
2024-04-23T20:47:36,747  INFO [LocalJobRunner Map Task Executor #0] exec.MapOperator: Initializing Operator: MAP[0]
2024-04-23T20:47:36,747  INFO [LocalJobRunner Map Task Executor #0] mr.ExecMapper: 
<MAP>Id =0
  <Children>null
  <\Children>
  <Parent><\Parent>
<\MAP>
2024-04-23T20:47:36,748  INFO [LocalJobRunner Map Task Executor #0] exec.TableScanOperator: Initializing Operator: TS[0]
2024-04-23T20:47:36,748  INFO [LocalJobRunner Map Task Executor #0] exec.SelectOperator: Initializing Operator: SEL[1]
2024-04-23T20:47:36,748  INFO [LocalJobRunner Map Task Executor #0] exec.SelectOperator: SELECT null
2024-04-23T20:47:36,748  INFO [LocalJobRunner Map Task Executor #0] exec.UDTFOperator: Initializing Operator: UDTF[2]
2024-04-23T20:47:36,748  INFO [LocalJobRunner Map Task Executor #0] exec.SelectOperator: Initializing Operator: SEL[3]
2024-04-23T20:47:36,748  INFO [LocalJobRunner Map Task Executor #0] exec.SelectOperator: SELECT struct<col1:int,col2:int>
2024-04-23T20:47:36,748  INFO [LocalJobRunner Map Task Executor #0] exec.FileSinkOperator: Initializing Operator: FS[4]
2024-04-23T20:47:36,748  INFO [LocalJobRunner Map Task Executor #0] exec.FileSinkOperator: Using serializer : AbstractSerDe [log=org.apache.logging.slf4j.Log4jLogger@7210f038, configuration=Optional[Configuration: core-default.xml, core-site.xml, mapred-default.xml, mapred-site.xml, yarn-default.xml, yarn-site.xml, hdfs-default.xml, hdfs-site.xml, file:/home/alex/Repositories/hive/ql/target/tmp/TestTxnCommands3/mapred/local/localRunner/alex/job_local857143485_0031/job_local857143485_0031.xml], properties={transactional_properties=default, name=default.t, transactional=true, columns.types=int:int, columns=a,b, numFilesErasureCoded=0, columns.comments=&amp#0;, bucketing_version=2, serialization.lib=org.apache.hadoop.hive.ql.io.orc.OrcSerde, file.inputformat=org.apache.hadoop.hive.ql.io.orc.OrcInputFormat, file.outputformat=org.apache.hadoop.hive.ql.io.orc.OrcOutputFormat, location=file:/home/alex/Repositories/hive/ql/target/tmp/org.apache.hadoop.hive.ql.TestTxnCommands3-1713930356371/warehouse/t, column.name.delimiter=,}, tableProperties={transactional_properties=default, name=default.t, transactional=true, columns.types=int:int, columns=a,b, numFilesErasureCoded=0, columns.comments=&amp#0;, bucketing_version=2, serialization.lib=org.apache.hadoop.hive.ql.io.orc.OrcSerde, file.inputformat=org.apache.hadoop.hive.ql.io.orc.OrcInputFormat, location=file:/home/alex/Repositories/hive/ql/target/tmp/org.apache.hadoop.hive.ql.TestTxnCommands3-1713930356371/warehouse/t, file.outputformat=org.apache.hadoop.hive.ql.io.orc.OrcOutputFormat, column.name.delimiter=,}, partitionProperties=Optional.empty, columnNames=[a, b], columnTypes=[int, int], getClass()=class org.apache.hadoop.hive.ql.io.orc.OrcSerde] and formatter : org.apache.hadoop.hive.ql.io.orc.OrcOutputFormat@3381fcdf
2024-04-23T20:47:36,749  INFO [LocalJobRunner Map Task Executor #0] exec.FileSinkOperator: Final Path: FS file:/home/alex/Repositories/hive/ql/target/tmp/org.apache.hadoop.hive.ql.TestTxnCommands3-1713930356371/warehouse/t
2024-04-23T20:47:36,749  INFO [LocalJobRunner Map Task Executor #0] exec.FileSinkOperator: New Final Path: FS file:/home/alex/Repositories/hive/ql/target/tmp/org.apache.hadoop.hive.ql.TestTxnCommands3-1713930356371/warehouse/t
2024-04-23T20:47:36,749  INFO [LocalJobRunner Map Task Executor #0] common.FileUtils: Creating directory if it doesn't exist: file:/home/alex/Repositories/hive/ql/target/tmp/org.apache.hadoop.hive.ql.TestTxnCommands3-1713930356371/warehouse
2024-04-23T20:47:36,749  INFO [LocalJobRunner Map Task Executor #0] exec.FileSinkOperator: FS[4]: records written - 1
2024-04-23T20:47:36,749  INFO [LocalJobRunner Map Task Executor #0] impl.PhysicalFsWriter: ORC writer created for path: file:/home/alex/Repositories/hive/ql/target/tmp/org.apache.hadoop.hive.ql.TestTxnCommands3-1713930356371/warehouse/t/delta_0000002_0000002_0000/bucket_00000_0 with stripeSize: 8388608 blockSize: 268435456 compression: Compress: ZLIB buffer: 32768
2024-04-23T20:47:36,756  INFO [LocalJobRunner Map Task Executor #0] impl.WriterImpl: ORC writer created for path: file:/home/alex/Repositories/hive/ql/target/tmp/org.apache.hadoop.hive.ql.TestTxnCommands3-1713930356371/warehouse/t/delta_0000002_0000002_0000/bucket_00000_0 with stripeSize: 8388608 options: Compress: ZLIB buffer: 32768
2024-04-23T20:47:36,761  INFO [LocalJobRunner Map Task Executor #0] exec.MapOperator: MAP[0]: records read - 1
2024-04-23T20:47:36,762  INFO [LocalJobRunner Map Task Executor #0] exec.MapOperator: Closing Operator: MAP[0]
2024-04-23T20:47:36,762  INFO [LocalJobRunner Map Task Executor #0] exec.MapOperator: MAP[0]: Total records read - 3. abort - false
2024-04-23T20:47:36,762  INFO [LocalJobRunner Map Task Executor #0] exec.MapOperator: RECORDS_OUT_INTERMEDIATE:0, RECORDS_OUT_OPERATOR_MAP_0:0, RECORDS_IN:3, DESERIALIZE_ERRORS:0, 
2024-04-23T20:47:36,762  INFO [LocalJobRunner Map Task Executor #0] exec.TableScanOperator: Closing Operator: TS[0]
2024-04-23T20:47:36,762  INFO [LocalJobRunner Map Task Executor #0] exec.TableScanOperator: RECORDS_OUT_INTERMEDIATE:0, RECORDS_OUT_OPERATOR_TS_0:1, 
2024-04-23T20:47:36,762  INFO [LocalJobRunner Map Task Executor #0] exec.SelectOperator: Closing Operator: SEL[1]
2024-04-23T20:47:36,762  INFO [LocalJobRunner Map Task Executor #0] exec.SelectOperator: RECORDS_OUT_OPERATOR_SEL_1:1, RECORDS_OUT_INTERMEDIATE:0, 
2024-04-23T20:47:36,762  INFO [LocalJobRunner Map Task Executor #0] exec.UDTFOperator: Closing Operator: UDTF[2]
2024-04-23T20:47:36,762  INFO [LocalJobRunner Map Task Executor #0] exec.UDTFOperator: RECORDS_OUT_OPERATOR_UDTF_2:1, RECORDS_OUT_INTERMEDIATE:0, 
2024-04-23T20:47:36,762  INFO [LocalJobRunner Map Task Executor #0] exec.SelectOperator: Closing Operator: SEL[3]
2024-04-23T20:47:36,762  INFO [LocalJobRunner Map Task Executor #0] exec.SelectOperator: RECORDS_OUT_INTERMEDIATE:0, RECORDS_OUT_OPERATOR_SEL_3:1, 
2024-04-23T20:47:36,762  INFO [LocalJobRunner Map Task Executor #0] exec.FileSinkOperator: Closing Operator: FS[4]
2024-04-23T20:47:36,762  INFO [LocalJobRunner Map Task Executor #0] exec.FileSinkOperator: FS[4]: records written - 1
2024-04-23T20:47:36,763  INFO [LocalJobRunner Map Task Executor #0] FileOperations: Writing manifest to file:/home/alex/Repositories/hive/ql/target/tmp/org.apache.hadoop.hive.ql.TestTxnCommands3-1713930356371/warehouse/t/_tmp.delta_0000002_0000002_0000/000000_0.manifest with [file:/home/alex/Repositories/hive/ql/target/tmp/org.apache.hadoop.hive.ql.TestTxnCommands3-1713930356371/warehouse/t/delta_0000002_0000002_0000/bucket_00000_0]
2024-04-23T20:47:36,775  INFO [LocalJobRunner Map Task Executor #0] exec.FileSinkOperator: RECORDS_OUT_OPERATOR_FS_4:1, TOTAL_TABLE_ROWS_WRITTEN:1, RECORDS_OUT_1_default.t:1, RECORDS_OUT_INTERMEDIATE:0, 
2024-04-23T20:47:36,776  INFO [LocalJobRunner Map Task Executor #0] mapred.LocalJobRunner: 
2024-04-23T20:47:36,776  INFO [LocalJobRunner Map Task Executor #0] mapred.Task: Task:attempt_local857143485_0031_m_000000_0 is done. And is in the process of committing
2024-04-23T20:47:36,776  INFO [LocalJobRunner Map Task Executor #0] mapred.LocalJobRunner: map
2024-04-23T20:47:36,776  INFO [LocalJobRunner Map Task Executor #0] mapred.Task: Task 'attempt_local857143485_0031_m_000000_0' done.
2024-04-23T20:47:36,776  INFO [LocalJobRunner Map Task Executor #0] mapred.Task: Final Counters for attempt_local857143485_0031_m_000000_0: Counters: 27
	File System Counters
		FILE: Number of bytes read=463029
		FILE: Number of bytes written=36498288
		FILE: Number of read operations=0
		FILE: Number of large read operations=0
		FILE: Number of write operations=0
	Map-Reduce Framework
		Map input records=4
		Map output records=0
		Input split bytes=361
		Spilled Records=0
		Failed Shuffles=0
		Merged Map outputs=0
		GC time elapsed (ms)=0
		Total committed heap usage (bytes)=1666187264
	HIVE
		CREATED_FILES=1
		DESERIALIZE_ERRORS=0
		RECORDS_IN=3
		RECORDS_OUT_1_default.t=1
		RECORDS_OUT_INTERMEDIATE=0
		RECORDS_OUT_OPERATOR_FS_4=1
		RECORDS_OUT_OPERATOR_MAP_0=0
		RECORDS_OUT_OPERATOR_SEL_1=1
		RECORDS_OUT_OPERATOR_SEL_3=1
		RECORDS_OUT_OPERATOR_TS_0=1
		RECORDS_OUT_OPERATOR_UDTF_2=1
		TOTAL_TABLE_ROWS_WRITTEN=1
	File Input Format Counters 
		Bytes Read=5749
	File Output Format Counters 
		Bytes Written=0
2024-04-23T20:47:36,777  INFO [LocalJobRunner Map Task Executor #0] mapred.LocalJobRunner: Finishing task: attempt_local857143485_0031_m_000000_0
2024-04-23T20:47:36,777  INFO [Thread-2093] mapred.LocalJobRunner: map task executor complete.
2024-04-23 20:47:37,743 Stage-1 map = 100%,  reduce = 0%
2024-04-23T20:47:37,743  INFO [main] exec.Task: 2024-04-23 20:47:37,743 Stage-1 map = 100%,  reduce = 0%
Ended Job = job_local857143485_0031
2024-04-23T20:47:37,744  INFO [main] exec.Task: Ended Job = job_local857143485_0031
2024-04-23T20:47:37,745  INFO [main] FileOperations: Found manifest file file:/home/alex/Repositories/hive/ql/target/tmp/org.apache.hadoop.hive.ql.TestTxnCommands3-1713930356371/warehouse/t/_tmp.delta_0000002_0000002_0000/000000_0.manifest with attemptId 0.
2024-04-23T20:47:37,745  INFO [main] FileOperations: Looking at manifest file: file:/home/alex/Repositories/hive/ql/target/tmp/org.apache.hadoop.hive.ql.TestTxnCommands3-1713930356371/warehouse/t/_tmp.delta_0000002_0000002_0000/000000_0.manifest
2024-04-23T20:47:37,746  INFO [main] FileOperations: Deleting manifest directory file:/home/alex/Repositories/hive/ql/target/tmp/org.apache.hadoop.hive.ql.TestTxnCommands3-1713930356371/warehouse/t/_tmp.delta_0000002_0000002_0000
2024-04-23T20:47:37,747  INFO [main] ql.Driver: Starting task [Stage-0:MOVE] in serial mode
Loading data to table default.t
2024-04-23T20:47:37,747  INFO [main] exec.Task: Loading data to table default.t from file:/home/alex/Repositories/hive/ql/target/tmp/org.apache.hadoop.hive.ql.TestTxnCommands3-1713930356371/warehouse/t
2024-04-23T20:47:37,748  INFO [main] HiveMetaStore.audit: ugi=alex	ip=unknown-ip-addr	cmd=get_table : tbl=hive.default.t	
2024-04-23T20:47:37,757  INFO [main] metastore.HMSHandler: Skipping translation for processor with null
2024-04-23T20:47:37,758  INFO [main] HiveMetaStore.audit: ugi=alex	ip=unknown-ip-addr	cmd=get_table : tbl=hive.default.t	
2024-04-23T20:47:37,764  INFO [main] metastore.HMSHandler: Skipping translation for processor with null
2024-04-23T20:47:37,765  INFO [main] HiveMetaStore.audit: ugi=alex	ip=unknown-ip-addr	cmd=alter_table: hive.default.t newtbl=t	
2024-04-23T20:47:37,785  INFO [main] ql.Driver: Starting task [Stage-2:STATS] in serial mode
2024-04-23T20:47:37,786  INFO [main] HiveMetaStore.audit: ugi=alex	ip=unknown-ip-addr	cmd=get_table : tbl=hive.default.t	
2024-04-23T20:47:37,792  INFO [main] metastore.HMSHandler: Skipping translation for processor with null
2024-04-23T20:47:37,792  INFO [main] stats.BasicStatsTask: Executing stats task
2024-04-23T20:47:37,793  INFO [main] fs.FSStatsPublisher: created : file:/home/alex/Repositories/hive/ql/target/tmp/localscratchdir/e755fce6-c4ec-4a1e-a53d-410ef72bf6f9/hive_2024-04-23_20-47-36_298_2954169562403190682-1/-mr-10000
2024-04-23T20:47:37,794  INFO [main] HiveMetaStore.audit: ugi=alex	ip=unknown-ip-addr	cmd=get_table : tbl=hive.default.t	
2024-04-23T20:47:37,801  INFO [main] metastore.HMSHandler: Skipping translation for processor with null
2024-04-23T20:47:37,817  WARN [main] FileOperations: Computing stats for an ACID table; stats may be inaccurate
2024-04-23T20:47:37,817  INFO [main] FileOperations: Read stats for default.t/, numRows, true, 1, false: 
2024-04-23T20:47:37,817  INFO [main] FileOperations: Read stats for default.t/, rawDataSize, true, 0, false: 
2024-04-23T20:47:37,818  INFO [main] HiveMetaStore.audit: ugi=alex	ip=unknown-ip-addr	cmd=alter_table: hive.default.t newtbl=t	
2024-04-23T20:47:37,839  INFO [main] FileOperations: Read stats for default.t/, insertCount, true, 1, false: 
2024-04-23T20:47:37,839  INFO [main] FileOperations: Read stats for default.t/, updateCount, true, 0, false: 
2024-04-23T20:47:37,839  INFO [main] FileOperations: Read stats for default.t/, deleteCount, true, 0, false: 
2024-04-23T20:47:37,839  INFO [main] stats.BasicStatsTask: Table default.t stats: [numFiles=2, numRows=2, totalSize=1332, rawDataSize=0, numFilesErasureCoded=0]
2024-04-23T20:47:37,840  INFO [main] metadata.Hive: Dumping metastore api call timing information for : execution phase
2024-04-23T20:47:37,840  INFO [main] metadata.Hive: Total time spent in each metastore function (ms): {getTable_(GetTableRequest)=32, updateTransactionalStatistics_(UpdateTransactionalStatsRequest)=0, isCompatibleWith_(Configuration)=0, alter_table_(String, String, String, Table, EnvironmentContext, String)=41}
MapReduce Jobs Launched: 
2024-04-23T20:47:37,840  INFO [main] ql.Driver: MapReduce Jobs Launched: 
Stage-Stage-1:  HDFS Read: 0 HDFS Write: 0 SUCCESS
2024-04-23T20:47:37,840  INFO [main] ql.Driver: Stage-Stage-1:  HDFS Read: 0 HDFS Write: 0 SUCCESS
Total MapReduce CPU Time Spent: 0 msec
2024-04-23T20:47:37,840  INFO [main] ql.Driver: Total MapReduce CPU Time Spent: 0 msec
2024-04-23T20:47:37,840  INFO [main] ql.Driver: Completed executing command(queryId=alex_20240423204736_3bd4a923-0d9c-4745-8031-4112371eff2c); Time taken: 1.371 seconds
2024-04-23T20:47:37,840  INFO [main] lockmgr.DbTxnManager: Stopped heartbeat for query: alex_20240423204736_3bd4a923-0d9c-4745-8031-4112371eff2c
2024-04-23T20:47:37,850  INFO [main] txn.TxnHandler: Removed transactions: ([16]) from MIN_HISTORY_LEVEL
2024-04-23T20:47:37,850  WARN [main] txn.CompactionTxnHandler: No compaction queue record found for Compaction type transaction commit. txnId:16
2024-04-23T20:47:37,851  INFO [main] ql.TxnCommandsBaseForTests: Running the query: update T set a=3 where b=2
2024-04-23T20:47:37,851  INFO [main] ql.Context: Deleting scratch dir: file:/home/alex/Repositories/hive/ql/target/tmp/localscratchdir/e755fce6-c4ec-4a1e-a53d-410ef72bf6f9/hive_2024-04-23_20-47-36_298_2954169562403190682-1
2024-04-23T20:47:37,852  INFO [main] cleanup.SyncCleanupService: Deleted directory: file:/home/alex/Repositories/hive/ql/target/tmp/localscratchdir/e755fce6-c4ec-4a1e-a53d-410ef72bf6f9/hive_2024-04-23_20-47-36_298_2954169562403190682-1 on fs with scheme file
2024-04-23T20:47:37,852  INFO [main] ql.Driver: Compiling command(queryId=alex_20240423204737_54dabf43-9a88-4e4d-b412-d5de07ac32b6): update T set a=3 where b=2
2024-04-23T20:47:37,855  INFO [main] txn.TxnHandler: Added entries to MIN_HISTORY_LEVEL for current txns: ([17]) with min_open_txn: 17
2024-04-23T20:47:37,855  INFO [main] lockmgr.DbTxnManager: Opened txnid:17
2024-04-23T20:47:37,856  INFO [main] parse.UpdateDeleteSemanticAnalyzer: Starting caching scope for: 
2024-04-23T20:47:37,857  INFO [main] HiveMetaStore.audit: ugi=alex	ip=unknown-ip-addr	cmd=get_table : tbl=hive.default.T	
2024-04-23T20:47:37,864  INFO [main] metastore.HMSHandler: Skipping translation for processor with null
2024-04-23T20:47:37,864  INFO [main] parse.RewriteSemanticAnalyzer: Going to reparse <update T set a=3 where b=2> as 
<insert into table `default`.`T` select ROW__ID,`a`,`b` from `default`.`T` sort by ROW__ID >
2024-04-23T20:47:37,865  INFO [main] parse.UpdateDeleteSemanticAnalyzer: Starting Semantic Analysis
2024-04-23T20:47:37,869  INFO [main] HiveMetaStore.audit: ugi=alex	ip=unknown-ip-addr	cmd=get_table : tbl=hive.default.T	
2024-04-23T20:47:37,877  INFO [main] metastore.HMSHandler: Skipping translation for processor with null
2024-04-23T20:47:37,877  INFO [main] parse.UpdateDeleteSemanticAnalyzer: Completed phase 1 of Semantic Analysis
2024-04-23T20:47:37,877  INFO [main] parse.UpdateDeleteSemanticAnalyzer: Get metadata for source tables
2024-04-23T20:47:37,878  INFO [main] HiveMetaStore.audit: ugi=alex	ip=unknown-ip-addr	cmd=get_table : tbl=hive.default.t	
2024-04-23T20:47:37,887  INFO [main] metastore.HMSHandler: Skipping translation for processor with null
2024-04-23T20:47:37,887  INFO [main] parse.UpdateDeleteSemanticAnalyzer: Get metadata for subqueries
2024-04-23T20:47:37,887  INFO [main] parse.UpdateDeleteSemanticAnalyzer: Get metadata for destination tables
2024-04-23T20:47:37,887  INFO [main] HiveMetaStore.audit: ugi=alex	ip=unknown-ip-addr	cmd=get_table : tbl=hive.default.T	
2024-04-23T20:47:37,895  INFO [main] metastore.HMSHandler: Skipping translation for processor with null
2024-04-23T20:47:37,896  INFO [main] parse.UpdateDeleteSemanticAnalyzer: Completed getting MetaData in Semantic Analysis
2024-04-23T20:47:37,896  INFO [main] parse.UpdateDeleteSemanticAnalyzer: Disabling LLAP IO encode as ETL query is detected
2024-04-23T20:47:37,910  INFO [main] HiveMetaStore.audit: ugi=alex	ip=unknown-ip-addr	cmd=get_all_table_constraints : tbl=hive.default.t	
2024-04-23T20:47:37,919  INFO [main] HiveMetaStore.audit: ugi=alex	ip=unknown-ip-addr	cmd=get_not_null_constraints : tbl=hive.default.t	
2024-04-23T20:47:37,921  INFO [main] HiveMetaStore.audit: ugi=alex	ip=unknown-ip-addr	cmd=get_check_constraints : tbl=hive.default.t	
2024-04-23T20:47:37,947  INFO [main] calcite.RelOptHiveTable: Calculating column statistics for default.t, projIndxSet: [1], allowMissingStats: true
2024-04-23T20:47:37,948  INFO [main] HiveMetaStore.audit: ugi=alex	ip=unknown-ip-addr	cmd=get_table : tbl=hive.default.t	
2024-04-23T20:47:37,958  INFO [main] metastore.HMSHandler: Skipping translation for processor with null
2024-04-23T20:47:37,959  INFO [main] HiveMetaStore.audit: ugi=alex	ip=unknown-ip-addr	cmd=get_table : tbl=hive.default.t	
2024-04-23T20:47:37,969  INFO [main] metastore.HMSHandler: Skipping translation for processor with null
2024-04-23T20:47:37,970  INFO [main] HiveMetaStore.audit: ugi=alex	ip=unknown-ip-addr	cmd=get_table_statistics_req: table=hive.default.t	
2024-04-23T20:47:37,981  WARN [main] calcite.RelOptHiveTable: No Stats for default@t, Columns: b
No Stats for default@t, Columns: b
2024-04-23T20:47:37,981  INFO [main] SessionState: No Stats for default@t, Columns: b
2024-04-23T20:47:38,041  INFO [main] parse.UpdateDeleteSemanticAnalyzer: Get metadata for source tables
2024-04-23T20:47:38,042  INFO [main] parse.UpdateDeleteSemanticAnalyzer: Get metadata for subqueries
2024-04-23T20:47:38,042  INFO [main] parse.UpdateDeleteSemanticAnalyzer: Get metadata for destination tables
2024-04-23T20:47:38,042  INFO [main] HiveMetaStore.audit: ugi=alex	ip=unknown-ip-addr	cmd=get_table : tbl=hive.default.T	
2024-04-23T20:47:38,049  INFO [main] metastore.HMSHandler: Skipping translation for processor with null
2024-04-23T20:47:38,054 ERROR [main] parse.UpdateDeleteSemanticAnalyzer: CBO failed, skipping CBO. 
org.apache.hadoop.hive.ql.exec.NoMatchingMethodException: No matching method for class org.apache.hadoop.hive.ql.udf.UDFToInteger with (struct<writeid:bigint,bucketid:int,rowid:bigint>). Possible choices: _FUNC_(bigint)  _FUNC_(boolean)  _FUNC_(decimal(38,18))  _FUNC_(double)  _FUNC_(float)  _FUNC_(smallint)  _FUNC_(string)  _FUNC_(struct<writeid:bigint,rowid:int,bucketid:bigint>)  _FUNC_(timestamp)  _FUNC_(tinyint)  _FUNC_(void)  
	at org.apache.hadoop.hive.ql.exec.MethodUtils.getMethodInternal(MethodUtils.java:130) ~[classes/:?]
	at org.apache.hadoop.hive.ql.exec.MethodUtils.getMethodInternal(MethodUtils.java:60) ~[classes/:?]
	at org.apache.hadoop.hive.ql.exec.DefaultUDFMethodResolver.getEvalMethod(DefaultUDFMethodResolver.java:59) ~[classes/:?]
	at org.apache.hadoop.hive.ql.udf.TimestampCastRestrictorResolver.getEvalMethod(TimestampCastRestrictorResolver.java:68) ~[classes/:?]
	at org.apache.hadoop.hive.ql.udf.generic.GenericUDFBridge.initialize(GenericUDFBridge.java:168) ~[classes/:?]
	at org.apache.hadoop.hive.ql.udf.generic.GenericUDF.initializeAndFoldConstants(GenericUDF.java:149) ~[classes/:?]
	at org.apache.hadoop.hive.ql.plan.ExprNodeGenericFuncDesc.newInstance(ExprNodeGenericFuncDesc.java:235) ~[classes/:?]
	at org.apache.hadoop.hive.ql.parse.type.ExprNodeDescExprFactory.createFuncCallExpr(ExprNodeDescExprFactory.java:584) ~[classes/:?]
	at org.apache.hadoop.hive.ql.parse.type.ExprNodeDescExprFactory.createFuncCallExpr(ExprNodeDescExprFactory.java:97) ~[classes/:?]
	at org.apache.hadoop.hive.ql.parse.type.TypeCheckProcFactory$DefaultExprProcessor.getFuncExprNodeDescWithUdfData(TypeCheckProcFactory.java:762) ~[classes/:?]
	at org.apache.hadoop.hive.ql.parse.type.TypeCheckProcFactory$DefaultExprProcessor.createConversionCast(TypeCheckProcFactory.java:783) ~[classes/:?]
	at org.apache.hadoop.hive.ql.parse.SemanticAnalyzer.getPartitionColsFromBucketColsForUpdateDelete(SemanticAnalyzer.java:8725) ~[classes/:?]
	at org.apache.hadoop.hive.ql.parse.SemanticAnalyzer.genBucketingSortingDest(SemanticAnalyzer.java:6914) ~[classes/:?]
	at org.apache.hadoop.hive.ql.parse.SemanticAnalyzer.genFileSinkPlan(SemanticAnalyzer.java:7335) ~[classes/:?]
	at org.apache.hadoop.hive.ql.parse.SemanticAnalyzer.genPostGroupByBodyPlan(SemanticAnalyzer.java:11063) ~[classes/:?]
	at org.apache.hadoop.hive.ql.parse.SemanticAnalyzer.genBodyPlan(SemanticAnalyzer.java:10938) ~[classes/:?]
	at org.apache.hadoop.hive.ql.parse.SemanticAnalyzer.genPlan(SemanticAnalyzer.java:11853) ~[classes/:?]
	at org.apache.hadoop.hive.ql.parse.SemanticAnalyzer.genPlan(SemanticAnalyzer.java:11723) ~[classes/:?]
	at org.apache.hadoop.hive.ql.parse.CalcitePlanner.genOPTree(CalcitePlanner.java:626) ~[classes/:?]
	at org.apache.hadoop.hive.ql.parse.SemanticAnalyzer.analyzeInternal(SemanticAnalyzer.java:12558) ~[classes/:?]
	at org.apache.hadoop.hive.ql.parse.CalcitePlanner.analyzeInternal(CalcitePlanner.java:456) ~[classes/:?]
	at org.apache.hadoop.hive.ql.parse.RewriteSemanticAnalyzer.analyzeInternal(RewriteSemanticAnalyzer.java:67) ~[classes/:?]
	at org.apache.hadoop.hive.ql.parse.BaseSemanticAnalyzer.analyze(BaseSemanticAnalyzer.java:317) ~[classes/:?]
	at org.apache.hadoop.hive.ql.parse.UpdateDeleteSemanticAnalyzer.reparseAndSuperAnalyze(UpdateDeleteSemanticAnalyzer.java:208) ~[classes/:?]
	at org.apache.hadoop.hive.ql.parse.UpdateDeleteSemanticAnalyzer.analyzeUpdate(UpdateDeleteSemanticAnalyzer.java:63) ~[classes/:?]
	at org.apache.hadoop.hive.ql.parse.UpdateDeleteSemanticAnalyzer.analyze(UpdateDeleteSemanticAnalyzer.java:53) ~[classes/:?]
	at org.apache.hadoop.hive.ql.parse.RewriteSemanticAnalyzer.analyzeInternal(RewriteSemanticAnalyzer.java:72) ~[classes/:?]
	at org.apache.hadoop.hive.ql.parse.BaseSemanticAnalyzer.analyze(BaseSemanticAnalyzer.java:317) ~[classes/:?]
	at org.apache.hadoop.hive.ql.Compiler.analyze(Compiler.java:223) ~[classes/:?]
	at org.apache.hadoop.hive.ql.Compiler.compile(Compiler.java:105) ~[classes/:?]
	at org.apache.hadoop.hive.ql.Driver.compile(Driver.java:500) ~[classes/:?]
	at org.apache.hadoop.hive.ql.Driver.compileInternal(Driver.java:453) ~[classes/:?]
	at org.apache.hadoop.hive.ql.Driver.runInternal(Driver.java:181) ~[classes/:?]
	at org.apache.hadoop.hive.ql.Driver.run(Driver.java:153) ~[classes/:?]
	at org.apache.hadoop.hive.ql.Driver.run(Driver.java:140) ~[classes/:?]
	at org.apache.hadoop.hive.ql.TxnCommandsBaseForTests.runStatementOnDriver(TxnCommandsBaseForTests.java:245) ~[test-classes/:?]
	at org.apache.hadoop.hive.ql.TestTxnCommands3.testMinorCompactionAbortLeftoverFiles(TestTxnCommands3.java:535) ~[test-classes/:?]
	at sun.reflect.NativeMethodAccessorImpl.invoke0(Native Method) ~[?:1.8.0_402]
	at sun.reflect.NativeMethodAccessorImpl.invoke(NativeMethodAccessorImpl.java:62) ~[?:1.8.0_402]
	at sun.reflect.DelegatingMethodAccessorImpl.invoke(DelegatingMethodAccessorImpl.java:43) ~[?:1.8.0_402]
	at java.lang.reflect.Method.invoke(Method.java:498) ~[?:1.8.0_402]
	at org.junit.runners.model.FrameworkMethod$1.runReflectiveCall(FrameworkMethod.java:59) ~[junit-4.13.jar:4.13]
	at org.junit.internal.runners.model.ReflectiveCallable.run(ReflectiveCallable.java:12) ~[junit-4.13.jar:4.13]
	at org.junit.runners.model.FrameworkMethod.invokeExplosively(FrameworkMethod.java:56) ~[junit-4.13.jar:4.13]
	at org.junit.internal.runners.statements.InvokeMethod.evaluate(InvokeMethod.java:17) ~[junit-4.13.jar:4.13]
	at org.junit.internal.runners.statements.RunBefores.evaluate(RunBefores.java:26) ~[junit-4.13.jar:4.13]
	at org.junit.internal.runners.statements.RunAfters.evaluate(RunAfters.java:27) ~[junit-4.13.jar:4.13]
	at org.junit.rules.TestWatcher$1.evaluate(TestWatcher.java:61) ~[junit-4.13.jar:4.13]
	at org.junit.runners.ParentRunner$3.evaluate(ParentRunner.java:306) ~[junit-4.13.jar:4.13]
	at org.junit.runners.BlockJUnit4ClassRunner$1.evaluate(BlockJUnit4ClassRunner.java:100) ~[junit-4.13.jar:4.13]
	at org.junit.runners.ParentRunner.runLeaf(ParentRunner.java:366) ~[junit-4.13.jar:4.13]
	at org.junit.runners.BlockJUnit4ClassRunner.runChild(BlockJUnit4ClassRunner.java:103) ~[junit-4.13.jar:4.13]
	at org.junit.runners.BlockJUnit4ClassRunner.runChild(BlockJUnit4ClassRunner.java:63) ~[junit-4.13.jar:4.13]
	at org.junit.runners.ParentRunner$4.run(ParentRunner.java:331) ~[junit-4.13.jar:4.13]
	at org.junit.runners.ParentRunner$1.schedule(ParentRunner.java:79) ~[junit-4.13.jar:4.13]
	at org.junit.runners.ParentRunner.runChildren(ParentRunner.java:329) ~[junit-4.13.jar:4.13]
	at org.junit.runners.ParentRunner.access$100(ParentRunner.java:66) ~[junit-4.13.jar:4.13]
	at org.junit.runners.ParentRunner$2.evaluate(ParentRunner.java:293) ~[junit-4.13.jar:4.13]
	at org.junit.runners.ParentRunner$3.evaluate(ParentRunner.java:306) ~[junit-4.13.jar:4.13]
	at org.junit.runners.ParentRunner.run(ParentRunner.java:413) ~[junit-4.13.jar:4.13]
	at org.junit.runner.JUnitCore.run(JUnitCore.java:137) ~[junit-4.13.jar:4.13]
	at org.junit.runner.JUnitCore.run(JUnitCore.java:115) ~[junit-4.13.jar:4.13]
	at org.junit.vintage.engine.execution.RunnerExecutor.execute(RunnerExecutor.java:43) ~[junit-vintage-engine-5.6.2.jar:5.6.2]
	at java.util.stream.ForEachOps$ForEachOp$OfRef.accept(ForEachOps.java:183) ~[?:1.8.0_402]
	at java.util.stream.ReferencePipeline$3$1.accept(ReferencePipeline.java:193) ~[?:1.8.0_402]
	at java.util.Iterator.forEachRemaining(Iterator.java:116) ~[?:1.8.0_402]
	at java.util.Spliterators$IteratorSpliterator.forEachRemaining(Spliterators.java:1801) ~[?:1.8.0_402]
	at java.util.stream.AbstractPipeline.copyInto(AbstractPipeline.java:482) ~[?:1.8.0_402]
	at java.util.stream.AbstractPipeline.wrapAndCopyInto(AbstractPipeline.java:472) ~[?:1.8.0_402]
	at java.util.stream.ForEachOps$ForEachOp.evaluateSequential(ForEachOps.java:150) ~[?:1.8.0_402]
	at java.util.stream.ForEachOps$ForEachOp$OfRef.evaluateSequential(ForEachOps.java:173) ~[?:1.8.0_402]
	at java.util.stream.AbstractPipeline.evaluate(AbstractPipeline.java:234) ~[?:1.8.0_402]
	at java.util.stream.ReferencePipeline.forEach(ReferencePipeline.java:485) ~[?:1.8.0_402]
	at org.junit.vintage.engine.VintageTestEngine.executeAllChildren(VintageTestEngine.java:82) ~[junit-vintage-engine-5.6.2.jar:5.6.2]
	at org.junit.vintage.engine.VintageTestEngine.execute(VintageTestEngine.java:73) ~[junit-vintage-engine-5.6.2.jar:5.6.2]
	at org.junit.platform.launcher.core.DefaultLauncher.execute(DefaultLauncher.java:248) ~[junit-platform-launcher-1.6.2.jar:1.6.2]
	at org.junit.platform.launcher.core.DefaultLauncher.lambda$execute$5(DefaultLauncher.java:211) ~[junit-platform-launcher-1.6.2.jar:1.6.2]
	at org.junit.platform.launcher.core.DefaultLauncher.withInterceptedStreams(DefaultLauncher.java:226) [junit-platform-launcher-1.6.2.jar:1.6.2]
	at org.junit.platform.launcher.core.DefaultLauncher.execute(DefaultLauncher.java:199) [junit-platform-launcher-1.6.2.jar:1.6.2]
	at org.junit.platform.launcher.core.DefaultLauncher.execute(DefaultLauncher.java:132) [junit-platform-launcher-1.6.2.jar:1.6.2]
	at org.apache.maven.surefire.junitplatform.JUnitPlatformProvider.invokeAllTests(JUnitPlatformProvider.java:154) [surefire-junit-platform-3.0.0-M4.jar:3.0.0-M4]
	at org.apache.maven.surefire.junitplatform.JUnitPlatformProvider.invoke(JUnitPlatformProvider.java:123) [surefire-junit-platform-3.0.0-M4.jar:3.0.0-M4]
	at org.apache.maven.surefire.booter.ForkedBooter.runSuitesInProcess(ForkedBooter.java:377) [surefire-booter-3.0.0-M4.jar:3.0.0-M4]
	at org.apache.maven.surefire.booter.ForkedBooter.execute(ForkedBooter.java:138) [surefire-booter-3.0.0-M4.jar:3.0.0-M4]
	at org.apache.maven.surefire.booter.ForkedBooter.run(ForkedBooter.java:465) [surefire-booter-3.0.0-M4.jar:3.0.0-M4]
	at org.apache.maven.surefire.booter.ForkedBooter.main(ForkedBooter.java:451) [surefire-booter-3.0.0-M4.jar:3.0.0-M4]
2024-04-23T20:47:38,055 ERROR [main] parse.UpdateDeleteSemanticAnalyzer: CBO failed due to missing column stats (see previous errors), skipping CBO
2024-04-23T20:47:38,055  INFO [main] parse.UpdateDeleteSemanticAnalyzer: Ending caching scope for: 
FAILED: NoMatchingMethodException No matching method for class org.apache.hadoop.hive.ql.udf.UDFToInteger with (struct<writeid:bigint,bucketid:int,rowid:bigint>). Possible choices: _FUNC_(bigint)  _FUNC_(boolean)  _FUNC_(decimal(38,18))  _FUNC_(double)  _FUNC_(float)  _FUNC_(smallint)  _FUNC_(string)  _FUNC_(struct<writeid:bigint,rowid:int,bucketid:bigint>)  _FUNC_(timestamp)  _FUNC_(tinyint)  _FUNC_(void)  
2024-04-23T20:47:38,056 ERROR [main] ql.Driver: FAILED: NoMatchingMethodException No matching method for class org.apache.hadoop.hive.ql.udf.UDFToInteger with (struct<writeid:bigint,bucketid:int,rowid:bigint>). Possible choices: _FUNC_(bigint)  _FUNC_(boolean)  _FUNC_(decimal(38,18))  _FUNC_(double)  _FUNC_(float)  _FUNC_(smallint)  _FUNC_(string)  _FUNC_(struct<writeid:bigint,rowid:int,bucketid:bigint>)  _FUNC_(timestamp)  _FUNC_(tinyint)  _FUNC_(void)  
org.apache.hadoop.hive.ql.exec.NoMatchingMethodException: No matching method for class org.apache.hadoop.hive.ql.udf.UDFToInteger with (struct<writeid:bigint,bucketid:int,rowid:bigint>). Possible choices: _FUNC_(bigint)  _FUNC_(boolean)  _FUNC_(decimal(38,18))  _FUNC_(double)  _FUNC_(float)  _FUNC_(smallint)  _FUNC_(string)  _FUNC_(struct<writeid:bigint,rowid:int,bucketid:bigint>)  _FUNC_(timestamp)  _FUNC_(tinyint)  _FUNC_(void)  
	at org.apache.hadoop.hive.ql.exec.MethodUtils.getMethodInternal(MethodUtils.java:130)
	at org.apache.hadoop.hive.ql.exec.MethodUtils.getMethodInternal(MethodUtils.java:60)
	at org.apache.hadoop.hive.ql.exec.DefaultUDFMethodResolver.getEvalMethod(DefaultUDFMethodResolver.java:59)
	at org.apache.hadoop.hive.ql.udf.TimestampCastRestrictorResolver.getEvalMethod(TimestampCastRestrictorResolver.java:68)
	at org.apache.hadoop.hive.ql.udf.generic.GenericUDFBridge.initialize(GenericUDFBridge.java:168)
	at org.apache.hadoop.hive.ql.udf.generic.GenericUDF.initializeAndFoldConstants(GenericUDF.java:149)
	at org.apache.hadoop.hive.ql.plan.ExprNodeGenericFuncDesc.newInstance(ExprNodeGenericFuncDesc.java:235)
	at org.apache.hadoop.hive.ql.parse.type.ExprNodeDescExprFactory.createFuncCallExpr(ExprNodeDescExprFactory.java:584)
	at org.apache.hadoop.hive.ql.parse.type.ExprNodeDescExprFactory.createFuncCallExpr(ExprNodeDescExprFactory.java:97)
	at org.apache.hadoop.hive.ql.parse.type.TypeCheckProcFactory$DefaultExprProcessor.getFuncExprNodeDescWithUdfData(TypeCheckProcFactory.java:762)
	at org.apache.hadoop.hive.ql.parse.type.TypeCheckProcFactory$DefaultExprProcessor.createConversionCast(TypeCheckProcFactory.java:783)
	at org.apache.hadoop.hive.ql.parse.SemanticAnalyzer.getPartitionColsFromBucketColsForUpdateDelete(SemanticAnalyzer.java:8725)
	at org.apache.hadoop.hive.ql.parse.SemanticAnalyzer.genBucketingSortingDest(SemanticAnalyzer.java:6914)
	at org.apache.hadoop.hive.ql.parse.SemanticAnalyzer.genFileSinkPlan(SemanticAnalyzer.java:7335)
	at org.apache.hadoop.hive.ql.parse.SemanticAnalyzer.genPostGroupByBodyPlan(SemanticAnalyzer.java:11063)
	at org.apache.hadoop.hive.ql.parse.SemanticAnalyzer.genBodyPlan(SemanticAnalyzer.java:10938)
	at org.apache.hadoop.hive.ql.parse.SemanticAnalyzer.genPlan(SemanticAnalyzer.java:11853)
	at org.apache.hadoop.hive.ql.parse.SemanticAnalyzer.genPlan(SemanticAnalyzer.java:11723)
	at org.apache.hadoop.hive.ql.parse.CalcitePlanner.genOPTree(CalcitePlanner.java:626)
	at org.apache.hadoop.hive.ql.parse.SemanticAnalyzer.analyzeInternal(SemanticAnalyzer.java:12558)
	at org.apache.hadoop.hive.ql.parse.CalcitePlanner.analyzeInternal(CalcitePlanner.java:456)
	at org.apache.hadoop.hive.ql.parse.RewriteSemanticAnalyzer.analyzeInternal(RewriteSemanticAnalyzer.java:67)
	at org.apache.hadoop.hive.ql.parse.BaseSemanticAnalyzer.analyze(BaseSemanticAnalyzer.java:317)
	at org.apache.hadoop.hive.ql.parse.UpdateDeleteSemanticAnalyzer.reparseAndSuperAnalyze(UpdateDeleteSemanticAnalyzer.java:208)
	at org.apache.hadoop.hive.ql.parse.UpdateDeleteSemanticAnalyzer.analyzeUpdate(UpdateDeleteSemanticAnalyzer.java:63)
	at org.apache.hadoop.hive.ql.parse.UpdateDeleteSemanticAnalyzer.analyze(UpdateDeleteSemanticAnalyzer.java:53)
	at org.apache.hadoop.hive.ql.parse.RewriteSemanticAnalyzer.analyzeInternal(RewriteSemanticAnalyzer.java:72)
	at org.apache.hadoop.hive.ql.parse.BaseSemanticAnalyzer.analyze(BaseSemanticAnalyzer.java:317)
	at org.apache.hadoop.hive.ql.Compiler.analyze(Compiler.java:223)
	at org.apache.hadoop.hive.ql.Compiler.compile(Compiler.java:105)
	at org.apache.hadoop.hive.ql.Driver.compile(Driver.java:500)
	at org.apache.hadoop.hive.ql.Driver.compileInternal(Driver.java:453)
	at org.apache.hadoop.hive.ql.Driver.runInternal(Driver.java:181)
	at org.apache.hadoop.hive.ql.Driver.run(Driver.java:153)
	at org.apache.hadoop.hive.ql.Driver.run(Driver.java:140)
	at org.apache.hadoop.hive.ql.TxnCommandsBaseForTests.runStatementOnDriver(TxnCommandsBaseForTests.java:245)
	at org.apache.hadoop.hive.ql.TestTxnCommands3.testMinorCompactionAbortLeftoverFiles(TestTxnCommands3.java:535)
	at sun.reflect.NativeMethodAccessorImpl.invoke0(Native Method)
	at sun.reflect.NativeMethodAccessorImpl.invoke(NativeMethodAccessorImpl.java:62)
	at sun.reflect.DelegatingMethodAccessorImpl.invoke(DelegatingMethodAccessorImpl.java:43)
	at java.lang.reflect.Method.invoke(Method.java:498)
	at org.junit.runners.model.FrameworkMethod$1.runReflectiveCall(FrameworkMethod.java:59)
	at org.junit.internal.runners.model.ReflectiveCallable.run(ReflectiveCallable.java:12)
	at org.junit.runners.model.FrameworkMethod.invokeExplosively(FrameworkMethod.java:56)
	at org.junit.internal.runners.statements.InvokeMethod.evaluate(InvokeMethod.java:17)
	at org.junit.internal.runners.statements.RunBefores.evaluate(RunBefores.java:26)
	at org.junit.internal.runners.statements.RunAfters.evaluate(RunAfters.java:27)
	at org.junit.rules.TestWatcher$1.evaluate(TestWatcher.java:61)
	at org.junit.runners.ParentRunner$3.evaluate(ParentRunner.java:306)
	at org.junit.runners.BlockJUnit4ClassRunner$1.evaluate(BlockJUnit4ClassRunner.java:100)
	at org.junit.runners.ParentRunner.runLeaf(ParentRunner.java:366)
	at org.junit.runners.BlockJUnit4ClassRunner.runChild(BlockJUnit4ClassRunner.java:103)
	at org.junit.runners.BlockJUnit4ClassRunner.runChild(BlockJUnit4ClassRunner.java:63)
	at org.junit.runners.ParentRunner$4.run(ParentRunner.java:331)
	at org.junit.runners.ParentRunner$1.schedule(ParentRunner.java:79)
	at org.junit.runners.ParentRunner.runChildren(ParentRunner.java:329)
	at org.junit.runners.ParentRunner.access$100(ParentRunner.java:66)
	at org.junit.runners.ParentRunner$2.evaluate(ParentRunner.java:293)
	at org.junit.runners.ParentRunner$3.evaluate(ParentRunner.java:306)
	at org.junit.runners.ParentRunner.run(ParentRunner.java:413)
	at org.junit.runner.JUnitCore.run(JUnitCore.java:137)
	at org.junit.runner.JUnitCore.run(JUnitCore.java:115)
	at org.junit.vintage.engine.execution.RunnerExecutor.execute(RunnerExecutor.java:43)
	at java.util.stream.ForEachOps$ForEachOp$OfRef.accept(ForEachOps.java:183)
	at java.util.stream.ReferencePipeline$3$1.accept(ReferencePipeline.java:193)
	at java.util.Iterator.forEachRemaining(Iterator.java:116)
	at java.util.Spliterators$IteratorSpliterator.forEachRemaining(Spliterators.java:1801)
	at java.util.stream.AbstractPipeline.copyInto(AbstractPipeline.java:482)
	at java.util.stream.AbstractPipeline.wrapAndCopyInto(AbstractPipeline.java:472)
	at java.util.stream.ForEachOps$ForEachOp.evaluateSequential(ForEachOps.java:150)
	at java.util.stream.ForEachOps$ForEachOp$OfRef.evaluateSequential(ForEachOps.java:173)
	at java.util.stream.AbstractPipeline.evaluate(AbstractPipeline.java:234)
	at java.util.stream.ReferencePipeline.forEach(ReferencePipeline.java:485)
	at org.junit.vintage.engine.VintageTestEngine.executeAllChildren(VintageTestEngine.java:82)
	at org.junit.vintage.engine.VintageTestEngine.execute(VintageTestEngine.java:73)
	at org.junit.platform.launcher.core.DefaultLauncher.execute(DefaultLauncher.java:248)
	at org.junit.platform.launcher.core.DefaultLauncher.lambda$execute$5(DefaultLauncher.java:211)
	at org.junit.platform.launcher.core.DefaultLauncher.withInterceptedStreams(DefaultLauncher.java:226)
	at org.junit.platform.launcher.core.DefaultLauncher.execute(DefaultLauncher.java:199)
	at org.junit.platform.launcher.core.DefaultLauncher.execute(DefaultLauncher.java:132)
	at org.apache.maven.surefire.junitplatform.JUnitPlatformProvider.invokeAllTests(JUnitPlatformProvider.java:154)
	at org.apache.maven.surefire.junitplatform.JUnitPlatformProvider.invoke(JUnitPlatformProvider.java:123)
	at org.apache.maven.surefire.booter.ForkedBooter.runSuitesInProcess(ForkedBooter.java:377)
	at org.apache.maven.surefire.booter.ForkedBooter.execute(ForkedBooter.java:138)
	at org.apache.maven.surefire.booter.ForkedBooter.run(ForkedBooter.java:465)
	at org.apache.maven.surefire.booter.ForkedBooter.main(ForkedBooter.java:451)

2024-04-23T20:47:38,056  INFO [main] metadata.Hive: Dumping metastore api call timing information for : compilation phase
2024-04-23T20:47:38,056  INFO [main] metadata.Hive: Total time spent in each metastore function (ms): {getValidWriteIds_(List, String)=7, getTableColumnStatistics_(String, String, List, String)=33, getNotNullConstraints_(NotNullConstraintsRequest)=3, getCheckConstraints_(CheckConstraintsRequest)=2, flushCache_()=0, isCompatibleWith_(Configuration)=0, openTxn_(String, TxnType)=2, commitTxn_(CommitTxnRequest)=10, getAllTableConstraints_(AllTableConstraintsRequest)=6, getTable_(GetTableRequest)=40, getValidTxns_(long)=0}
2024-04-23T20:47:38,057  INFO [main] ql.Driver: Completed compiling command(queryId=alex_20240423204737_54dabf43-9a88-4e4d-b412-d5de07ac32b6); Time taken: 0.204 seconds
2024-04-23T20:47:38,057  INFO [main] lockmgr.DbTxnManager: Stopped heartbeat for query: null
2024-04-23T20:47:38,060  INFO [main] txn.TxnHandler: Removed transactions: ([17]) from MIN_HISTORY_LEVEL
2024-04-23T20:47:38,066  INFO [main] ql.TxnCommandsBaseForTests: Running the query: drop table if exists acidTbl
2024-04-23T20:47:38,066  INFO [main] ql.Driver: Compiling command(queryId=alex_20240423204738_bbbf6cbc-2c74-4acc-b3f3-d4e86dde5ccd): drop table if exists acidTbl
2024-04-23T20:47:38,069  INFO [main] txn.TxnHandler: Added entries to MIN_HISTORY_LEVEL for current txns: ([18]) with min_open_txn: 17
2024-04-23T20:47:38,069  INFO [main] lockmgr.DbTxnManager: Opened txnid:18
2024-04-23T20:47:38,071  INFO [main] HiveMetaStore.audit: ugi=alex	ip=unknown-ip-addr	cmd=get_table : tbl=hive.default.acidTbl	
2024-04-23T20:47:38,077  INFO [main] metastore.HMSHandler: Skipping translation for processor with null
2024-04-23T20:47:38,077  INFO [main] ql.Driver: Semantic Analysis Completed (retrial = false)
2024-04-23T20:47:38,077  INFO [main] ql.Driver: Created Hive schema: Schema(fieldSchemas:null, properties:null)
2024-04-23T20:47:38,078  INFO [main] metadata.Hive: Dumping metastore api call timing information for : compilation phase
2024-04-23T20:47:38,078  INFO [main] metadata.Hive: Total time spent in each metastore function (ms): {flushCache_()=0, getValidTxns_(long)=1, getTable_(GetTableRequest)=7, isCompatibleWith_(Configuration)=0, openTxn_(String, TxnType)=2, rollbackTxn_(long)=9}
2024-04-23T20:47:38,078  INFO [main] ql.Driver: Completed compiling command(queryId=alex_20240423204738_bbbf6cbc-2c74-4acc-b3f3-d4e86dde5ccd); Time taken: 0.012 seconds
2024-04-23T20:47:38,078  INFO [main] lockmgr.DbTxnManager: Setting lock request transaction to txnid:18 for queryId=alex_20240423204738_bbbf6cbc-2c74-4acc-b3f3-d4e86dde5ccd
2024-04-23T20:47:38,079  INFO [main] lockmgr.DbLockManager: Requesting lock for queryId=alex_20240423204738_bbbf6cbc-2c74-4acc-b3f3-d4e86dde5ccd
2024-04-23T20:47:38,091  INFO [main] lockmgr.DbLockManager: Response to queryId=alex_20240423204738_bbbf6cbc-2c74-4acc-b3f3-d4e86dde5ccd LockResponse(lockid:11, state:ACQUIRED)
2024-04-23T20:47:38,091  INFO [main] ql.Driver: Operation DROPTABLE obtained 1 locks
2024-04-23T20:47:38,092  INFO [main] ql.Driver: Executing command(queryId=alex_20240423204738_bbbf6cbc-2c74-4acc-b3f3-d4e86dde5ccd): drop table if exists acidTbl
2024-04-23T20:47:38,092  INFO [main] ql.Driver: Starting task [Stage-0:DDL] in serial mode
2024-04-23T20:47:38,092  INFO [main] HiveMetaStore.audit: ugi=alex	ip=unknown-ip-addr	cmd=get_table : tbl=hive.default.acidTbl	
2024-04-23T20:47:38,099  INFO [main] metastore.HMSHandler: Skipping translation for processor with null
2024-04-23T20:47:38,099  INFO [main] HiveMetaStore.audit: ugi=alex	ip=unknown-ip-addr	cmd=get_table : tbl=hive.default.acidTbl	
2024-04-23T20:47:38,106  INFO [main] metastore.HMSHandler: Skipping translation for processor with null
2024-04-23T20:47:38,106  INFO [main] HiveMetaStore.audit: ugi=alex	ip=unknown-ip-addr	cmd=drop_table : tbl=hive.default.acidTbl	
2024-04-23T20:47:38,201  INFO [main] metadata.Hive: Dumping metastore api call timing information for : execution phase
2024-04-23T20:47:38,201  INFO [main] metadata.Hive: Total time spent in each metastore function (ms): {getTable_(GetTableRequest)=7, isCompatibleWith_(Configuration)=0, dropTable_(String, String, boolean, boolean, boolean)=102}
2024-04-23T20:47:38,201  INFO [main] ql.Driver: Completed executing command(queryId=alex_20240423204738_bbbf6cbc-2c74-4acc-b3f3-d4e86dde5ccd); Time taken: 0.109 seconds
2024-04-23T20:47:38,201  INFO [main] lockmgr.DbTxnManager: Stopped heartbeat for query: alex_20240423204738_bbbf6cbc-2c74-4acc-b3f3-d4e86dde5ccd
2024-04-23T20:47:38,205  INFO [main] txn.TxnHandler: Expected to move at least one record from txn_components to completed_txn_components when committing txn! txnid:18
2024-04-23T20:47:38,211  INFO [main] txn.TxnHandler: Removed transactions: ([18]) from MIN_HISTORY_LEVEL
2024-04-23T20:47:38,211  WARN [main] txn.CompactionTxnHandler: No compaction queue record found for Compaction type transaction commit. txnId:18
2024-04-23T20:47:38,211  INFO [main] ql.TxnCommandsBaseForTests: Running the query: drop table if exists acidTblPart
2024-04-23T20:47:38,212  INFO [main] ql.Driver: Compiling command(queryId=alex_20240423204738_4401d35d-476d-4975-98f1-655efc73c0e8): drop table if exists acidTblPart
2024-04-23T20:47:38,215  INFO [main] txn.TxnHandler: Added entries to MIN_HISTORY_LEVEL for current txns: ([19]) with min_open_txn: 17
2024-04-23T20:47:38,215  INFO [main] lockmgr.DbTxnManager: Opened txnid:19
2024-04-23T20:47:38,216  INFO [main] HiveMetaStore.audit: ugi=alex	ip=unknown-ip-addr	cmd=get_table : tbl=hive.default.acidTblPart	
2024-04-23T20:47:38,227  INFO [main] metastore.HMSHandler: Skipping translation for processor with null
2024-04-23T20:47:38,227  INFO [main] ql.Driver: Semantic Analysis Completed (retrial = false)
2024-04-23T20:47:38,227  INFO [main] ql.Driver: Created Hive schema: Schema(fieldSchemas:null, properties:null)
2024-04-23T20:47:38,227  INFO [main] metadata.Hive: Dumping metastore api call timing information for : compilation phase
2024-04-23T20:47:38,228  INFO [main] metadata.Hive: Total time spent in each metastore function (ms): {getValidTxns_(long)=1, flushCache_()=0, isCompatibleWith_(Configuration)=0, commitTxn_(CommitTxnRequest)=10, openTxn_(String, TxnType)=2, getTable_(GetTableRequest)=11}
2024-04-23T20:47:38,228  INFO [main] ql.Driver: Completed compiling command(queryId=alex_20240423204738_4401d35d-476d-4975-98f1-655efc73c0e8); Time taken: 0.015 seconds
2024-04-23T20:47:38,228  INFO [main] lockmgr.DbTxnManager: Setting lock request transaction to txnid:19 for queryId=alex_20240423204738_4401d35d-476d-4975-98f1-655efc73c0e8
2024-04-23T20:47:38,228  INFO [main] lockmgr.DbLockManager: Requesting lock for queryId=alex_20240423204738_4401d35d-476d-4975-98f1-655efc73c0e8
2024-04-23T20:47:38,246  INFO [main] lockmgr.DbLockManager: Response to queryId=alex_20240423204738_4401d35d-476d-4975-98f1-655efc73c0e8 LockResponse(lockid:12, state:ACQUIRED)
2024-04-23T20:47:38,246  INFO [main] ql.Driver: Operation DROPTABLE obtained 1 locks
2024-04-23T20:47:38,246  INFO [main] ql.Driver: Executing command(queryId=alex_20240423204738_4401d35d-476d-4975-98f1-655efc73c0e8): drop table if exists acidTblPart
2024-04-23T20:47:38,246  INFO [main] ql.Driver: Starting task [Stage-0:DDL] in serial mode
2024-04-23T20:47:38,247  INFO [main] HiveMetaStore.audit: ugi=alex	ip=unknown-ip-addr	cmd=get_table : tbl=hive.default.acidTblPart	
2024-04-23T20:47:38,254  INFO [main] metastore.HMSHandler: Skipping translation for processor with null
2024-04-23T20:47:38,254  INFO [main] HiveMetaStore.audit: ugi=alex	ip=unknown-ip-addr	cmd=get_table : tbl=hive.default.acidTblPart	
2024-04-23T20:47:38,262  INFO [main] metastore.HMSHandler: Skipping translation for processor with null
2024-04-23T20:47:38,262  INFO [main] HiveMetaStore.audit: ugi=alex	ip=unknown-ip-addr	cmd=drop_table : tbl=hive.default.acidTblPart	
2024-04-23T20:47:38,312  INFO [main] metadata.Hive: Dumping metastore api call timing information for : execution phase
2024-04-23T20:47:38,313  INFO [main] metadata.Hive: Total time spent in each metastore function (ms): {isCompatibleWith_(Configuration)=0, getTable_(GetTableRequest)=8, dropTable_(String, String, boolean, boolean, boolean)=58}
2024-04-23T20:47:38,313  INFO [main] ql.Driver: Completed executing command(queryId=alex_20240423204738_4401d35d-476d-4975-98f1-655efc73c0e8); Time taken: 0.066 seconds
2024-04-23T20:47:38,313  INFO [main] lockmgr.DbTxnManager: Stopped heartbeat for query: alex_20240423204738_4401d35d-476d-4975-98f1-655efc73c0e8
2024-04-23T20:47:38,317  INFO [main] txn.TxnHandler: Expected to move at least one record from txn_components to completed_txn_components when committing txn! txnid:19
2024-04-23T20:47:38,323  INFO [main] txn.TxnHandler: Removed transactions: ([19]) from MIN_HISTORY_LEVEL
2024-04-23T20:47:38,323  WARN [main] txn.CompactionTxnHandler: No compaction queue record found for Compaction type transaction commit. txnId:19
2024-04-23T20:47:38,324  INFO [main] ql.TxnCommandsBaseForTests: Running the query: drop table if exists acidTbl2
2024-04-23T20:47:38,324  INFO [main] ql.Driver: Compiling command(queryId=alex_20240423204738_98f4dcfd-f368-4e7e-ba75-c7391310250b): drop table if exists acidTbl2
2024-04-23T20:47:38,327  INFO [main] txn.TxnHandler: Added entries to MIN_HISTORY_LEVEL for current txns: ([20]) with min_open_txn: 17
2024-04-23T20:47:38,328  INFO [main] lockmgr.DbTxnManager: Opened txnid:20
2024-04-23T20:47:38,329  INFO [main] ql.Driver: Semantic Analysis Completed (retrial = false)
2024-04-23T20:47:38,329  INFO [main] ql.Driver: Created Hive schema: Schema(fieldSchemas:null, properties:null)
2024-04-23T20:47:38,329  INFO [main] metadata.Hive: Dumping metastore api call timing information for : compilation phase
2024-04-23T20:47:38,329  INFO [main] metadata.Hive: Total time spent in each metastore function (ms): {getValidTxns_(long)=1, commitTxn_(CommitTxnRequest)=11, flushCache_()=1, getTable_(GetTableRequest)=0, isCompatibleWith_(Configuration)=0, openTxn_(String, TxnType)=3}
2024-04-23T20:47:38,329  INFO [main] ql.Driver: Completed compiling command(queryId=alex_20240423204738_98f4dcfd-f368-4e7e-ba75-c7391310250b); Time taken: 0.005 seconds
2024-04-23T20:47:38,330  INFO [main] lockmgr.DbTxnManager: Setting lock request transaction to txnid:20 for queryId=alex_20240423204738_98f4dcfd-f368-4e7e-ba75-c7391310250b
2024-04-23T20:47:38,330  INFO [main] ql.Driver: Operation DROPTABLE obtained 0 locks
2024-04-23T20:47:38,330  INFO [main] ql.Driver: Executing command(queryId=alex_20240423204738_98f4dcfd-f368-4e7e-ba75-c7391310250b): drop table if exists acidTbl2
2024-04-23T20:47:38,330  INFO [main] ql.Driver: Starting task [Stage-0:DDL] in serial mode
2024-04-23T20:47:38,331  INFO [main] metadata.SessionHiveMetaStoreClient: Column stats doesn't exist for db=default temp table=acidTbl2
2024-04-23T20:47:38,331  INFO [main] metadata.Hive: Dumping metastore api call timing information for : execution phase
2024-04-23T20:47:38,331  INFO [main] metadata.Hive: Total time spent in each metastore function (ms): {dropTable_(String, String, boolean, boolean, boolean)=1, getTable_(GetTableRequest)=0, isCompatibleWith_(Configuration)=0}
2024-04-23T20:47:38,331  INFO [main] ql.Driver: Completed executing command(queryId=alex_20240423204738_98f4dcfd-f368-4e7e-ba75-c7391310250b); Time taken: 0.001 seconds
2024-04-23T20:47:38,332  INFO [main] lockmgr.DbTxnManager: Stopped heartbeat for query: alex_20240423204738_98f4dcfd-f368-4e7e-ba75-c7391310250b
2024-04-23T20:47:38,337  INFO [main] txn.TxnHandler: Expected to move at least one record from txn_components to completed_txn_components when committing txn! txnid:20
2024-04-23T20:47:38,342  INFO [main] txn.TxnHandler: Removed transactions: ([20]) from MIN_HISTORY_LEVEL
2024-04-23T20:47:38,342  WARN [main] txn.CompactionTxnHandler: No compaction queue record found for Compaction type transaction commit. txnId:20
2024-04-23T20:47:38,343  INFO [main] ql.TxnCommandsBaseForTests: Running the query: drop table if exists nonAcidOrcTbl
2024-04-23T20:47:38,343  INFO [main] ql.Driver: Compiling command(queryId=alex_20240423204738_09d88e1d-5259-4ab4-9253-3a868f74a900): drop table if exists nonAcidOrcTbl
2024-04-23T20:47:38,346  INFO [main] txn.TxnHandler: Added entries to MIN_HISTORY_LEVEL for current txns: ([21]) with min_open_txn: 17
2024-04-23T20:47:38,346  INFO [main] lockmgr.DbTxnManager: Opened txnid:21
2024-04-23T20:47:38,347  INFO [main] HiveMetaStore.audit: ugi=alex	ip=unknown-ip-addr	cmd=get_table : tbl=hive.default.nonAcidOrcTbl	
2024-04-23T20:47:38,370  INFO [main] metastore.HMSHandler: Skipping translation for processor with null
2024-04-23T20:47:38,370  INFO [main] ql.Driver: Semantic Analysis Completed (retrial = false)
2024-04-23T20:47:38,370  INFO [main] ql.Driver: Created Hive schema: Schema(fieldSchemas:null, properties:null)
2024-04-23T20:47:38,371  INFO [main] metadata.Hive: Dumping metastore api call timing information for : compilation phase
2024-04-23T20:47:38,371  INFO [main] metadata.Hive: Total time spent in each metastore function (ms): {getTable_(GetTableRequest)=23, commitTxn_(CommitTxnRequest)=11, isCompatibleWith_(Configuration)=0, flushCache_()=0, getValidTxns_(long)=1, openTxn_(String, TxnType)=2}
2024-04-23T20:47:38,371  INFO [main] ql.Driver: Completed compiling command(queryId=alex_20240423204738_09d88e1d-5259-4ab4-9253-3a868f74a900); Time taken: 0.027 seconds
2024-04-23T20:47:38,371  INFO [main] lockmgr.DbTxnManager: Setting lock request transaction to txnid:21 for queryId=alex_20240423204738_09d88e1d-5259-4ab4-9253-3a868f74a900
2024-04-23T20:47:38,372  INFO [main] lockmgr.DbLockManager: Requesting lock for queryId=alex_20240423204738_09d88e1d-5259-4ab4-9253-3a868f74a900
2024-04-23T20:47:38,386  INFO [main] lockmgr.DbLockManager: Response to queryId=alex_20240423204738_09d88e1d-5259-4ab4-9253-3a868f74a900 LockResponse(lockid:13, state:ACQUIRED)
2024-04-23T20:47:38,386  INFO [main] ql.Driver: Operation DROPTABLE obtained 1 locks
2024-04-23T20:47:38,386  INFO [main] ql.Driver: Executing command(queryId=alex_20240423204738_09d88e1d-5259-4ab4-9253-3a868f74a900): drop table if exists nonAcidOrcTbl
2024-04-23T20:47:38,386  INFO [main] ql.Driver: Starting task [Stage-0:DDL] in serial mode
2024-04-23T20:47:38,387  INFO [main] HiveMetaStore.audit: ugi=alex	ip=unknown-ip-addr	cmd=get_table : tbl=hive.default.nonAcidOrcTbl	
2024-04-23T20:47:38,396  INFO [main] metastore.HMSHandler: Skipping translation for processor with null
2024-04-23T20:47:38,397  INFO [main] HiveMetaStore.audit: ugi=alex	ip=unknown-ip-addr	cmd=get_table : tbl=hive.default.nonAcidOrcTbl	
2024-04-23T20:47:38,407  INFO [main] metastore.HMSHandler: Skipping translation for processor with null
2024-04-23T20:47:38,407  INFO [main] HiveMetaStore.audit: ugi=alex	ip=unknown-ip-addr	cmd=drop_table : tbl=hive.default.nonAcidOrcTbl	
2024-04-23T20:47:38,469  INFO [main] metadata.Hive: Dumping metastore api call timing information for : execution phase
2024-04-23T20:47:38,470  INFO [main] metadata.Hive: Total time spent in each metastore function (ms): {isCompatibleWith_(Configuration)=0, getTable_(GetTableRequest)=10, dropTable_(String, String, boolean, boolean, boolean)=73}
2024-04-23T20:47:38,470  INFO [main] ql.Driver: Completed executing command(queryId=alex_20240423204738_09d88e1d-5259-4ab4-9253-3a868f74a900); Time taken: 0.083 seconds
2024-04-23T20:47:38,470  INFO [main] lockmgr.DbTxnManager: Stopped heartbeat for query: alex_20240423204738_09d88e1d-5259-4ab4-9253-3a868f74a900
2024-04-23T20:47:38,474  INFO [main] txn.TxnHandler: Expected to move at least one record from txn_components to completed_txn_components when committing txn! txnid:21
2024-04-23T20:47:38,481  INFO [main] txn.TxnHandler: Removed transactions: ([21]) from MIN_HISTORY_LEVEL
2024-04-23T20:47:38,482  WARN [main] txn.CompactionTxnHandler: No compaction queue record found for Compaction type transaction commit. txnId:21
2024-04-23T20:47:38,483  INFO [main] ql.TxnCommandsBaseForTests: Running the query: drop table if exists nonAcidOrcTbl2
2024-04-23T20:47:38,483  INFO [main] ql.Driver: Compiling command(queryId=alex_20240423204738_6e5f7a84-3070-4216-b419-1f41e0651621): drop table if exists nonAcidOrcTbl2
2024-04-23T20:47:38,486  INFO [main] txn.TxnHandler: Added entries to MIN_HISTORY_LEVEL for current txns: ([22]) with min_open_txn: 17
2024-04-23T20:47:38,486  INFO [main] lockmgr.DbTxnManager: Opened txnid:22
2024-04-23T20:47:38,487  INFO [main] HiveMetaStore.audit: ugi=alex	ip=unknown-ip-addr	cmd=get_table : tbl=hive.default.nonAcidOrcTbl2	
2024-04-23T20:47:38,497  INFO [main] metastore.HMSHandler: Skipping translation for processor with null
2024-04-23T20:47:38,498  INFO [main] ql.Driver: Semantic Analysis Completed (retrial = false)
2024-04-23T20:47:38,498  INFO [main] ql.Driver: Created Hive schema: Schema(fieldSchemas:null, properties:null)
2024-04-23T20:47:38,498  INFO [main] metadata.Hive: Dumping metastore api call timing information for : compilation phase
2024-04-23T20:47:38,498  INFO [main] metadata.Hive: Total time spent in each metastore function (ms): {commitTxn_(CommitTxnRequest)=12, getValidTxns_(long)=1, isCompatibleWith_(Configuration)=0, flushCache_()=1, openTxn_(String, TxnType)=2, getTable_(GetTableRequest)=10}
2024-04-23T20:47:38,498  INFO [main] ql.Driver: Completed compiling command(queryId=alex_20240423204738_6e5f7a84-3070-4216-b419-1f41e0651621); Time taken: 0.015 seconds
2024-04-23T20:47:38,498  INFO [main] lockmgr.DbTxnManager: Setting lock request transaction to txnid:22 for queryId=alex_20240423204738_6e5f7a84-3070-4216-b419-1f41e0651621
2024-04-23T20:47:38,499  INFO [main] lockmgr.DbLockManager: Requesting lock for queryId=alex_20240423204738_6e5f7a84-3070-4216-b419-1f41e0651621
2024-04-23T20:47:38,513  INFO [main] lockmgr.DbLockManager: Response to queryId=alex_20240423204738_6e5f7a84-3070-4216-b419-1f41e0651621 LockResponse(lockid:14, state:ACQUIRED)
2024-04-23T20:47:38,513  INFO [main] ql.Driver: Operation DROPTABLE obtained 1 locks
2024-04-23T20:47:38,513  INFO [main] ql.Driver: Executing command(queryId=alex_20240423204738_6e5f7a84-3070-4216-b419-1f41e0651621): drop table if exists nonAcidOrcTbl2
2024-04-23T20:47:38,514  INFO [main] ql.Driver: Starting task [Stage-0:DDL] in serial mode
2024-04-23T20:47:38,514  INFO [main] HiveMetaStore.audit: ugi=alex	ip=unknown-ip-addr	cmd=get_table : tbl=hive.default.nonAcidOrcTbl2	
2024-04-23T20:47:38,526  INFO [main] metastore.HMSHandler: Skipping translation for processor with null
2024-04-23T20:47:38,526  INFO [main] HiveMetaStore.audit: ugi=alex	ip=unknown-ip-addr	cmd=get_table : tbl=hive.default.nonAcidOrcTbl2	
2024-04-23T20:47:38,536  INFO [main] metastore.HMSHandler: Skipping translation for processor with null
2024-04-23T20:47:38,536  INFO [main] HiveMetaStore.audit: ugi=alex	ip=unknown-ip-addr	cmd=drop_table : tbl=hive.default.nonAcidOrcTbl2	
2024-04-23T20:47:38,582  INFO [main] metadata.Hive: Dumping metastore api call timing information for : execution phase
2024-04-23T20:47:38,582  INFO [main] metadata.Hive: Total time spent in each metastore function (ms): {dropTable_(String, String, boolean, boolean, boolean)=56, isCompatibleWith_(Configuration)=0, getTable_(GetTableRequest)=12}
2024-04-23T20:47:38,582  INFO [main] ql.Driver: Completed executing command(queryId=alex_20240423204738_6e5f7a84-3070-4216-b419-1f41e0651621); Time taken: 0.069 seconds
2024-04-23T20:47:38,582  INFO [main] lockmgr.DbTxnManager: Stopped heartbeat for query: alex_20240423204738_6e5f7a84-3070-4216-b419-1f41e0651621
2024-04-23T20:47:38,589  INFO [main] txn.TxnHandler: Expected to move at least one record from txn_components to completed_txn_components when committing txn! txnid:22
2024-04-23T20:47:38,598  INFO [main] txn.TxnHandler: Removed transactions: ([22]) from MIN_HISTORY_LEVEL
2024-04-23T20:47:38,598  WARN [main] txn.CompactionTxnHandler: No compaction queue record found for Compaction type transaction commit. txnId:22
2024-04-23T20:47:38,600  INFO [main] ql.TxnCommandsBaseForTests: Running the query: drop table if exists nonAcidNonBucket
2024-04-23T20:47:38,600  INFO [main] ql.Driver: Compiling command(queryId=alex_20240423204738_616dcd0f-b4eb-4fcc-b9d5-0b5768e84233): drop table if exists nonAcidNonBucket
2024-04-23T20:47:38,604  INFO [main] txn.TxnHandler: Added entries to MIN_HISTORY_LEVEL for current txns: ([23]) with min_open_txn: 17
2024-04-23T20:47:38,604  INFO [main] lockmgr.DbTxnManager: Opened txnid:23
2024-04-23T20:47:38,605  INFO [main] HiveMetaStore.audit: ugi=alex	ip=unknown-ip-addr	cmd=get_table : tbl=hive.default.nonAcidNonBucket	
2024-04-23T20:47:38,618  INFO [main] metastore.HMSHandler: Skipping translation for processor with null
2024-04-23T20:47:38,618  INFO [main] ql.Driver: Semantic Analysis Completed (retrial = false)
2024-04-23T20:47:38,618  INFO [main] ql.Driver: Created Hive schema: Schema(fieldSchemas:null, properties:null)
2024-04-23T20:47:38,618  INFO [main] metadata.Hive: Dumping metastore api call timing information for : compilation phase
2024-04-23T20:47:38,618  INFO [main] metadata.Hive: Total time spent in each metastore function (ms): {getValidTxns_(long)=1, commitTxn_(CommitTxnRequest)=16, openTxn_(String, TxnType)=3, getTable_(GetTableRequest)=13, isCompatibleWith_(Configuration)=0, flushCache_()=1}
2024-04-23T20:47:38,619  INFO [main] ql.Driver: Completed compiling command(queryId=alex_20240423204738_616dcd0f-b4eb-4fcc-b9d5-0b5768e84233); Time taken: 0.018 seconds
2024-04-23T20:47:38,619  INFO [main] lockmgr.DbTxnManager: Setting lock request transaction to txnid:23 for queryId=alex_20240423204738_616dcd0f-b4eb-4fcc-b9d5-0b5768e84233
2024-04-23T20:47:38,620  INFO [main] lockmgr.DbLockManager: Requesting lock for queryId=alex_20240423204738_616dcd0f-b4eb-4fcc-b9d5-0b5768e84233
2024-04-23T20:47:38,640  INFO [main] lockmgr.DbLockManager: Response to queryId=alex_20240423204738_616dcd0f-b4eb-4fcc-b9d5-0b5768e84233 LockResponse(lockid:15, state:ACQUIRED)
2024-04-23T20:47:38,640  INFO [main] ql.Driver: Operation DROPTABLE obtained 1 locks
2024-04-23T20:47:38,640  INFO [main] ql.Driver: Executing command(queryId=alex_20240423204738_616dcd0f-b4eb-4fcc-b9d5-0b5768e84233): drop table if exists nonAcidNonBucket
2024-04-23T20:47:38,640  INFO [main] ql.Driver: Starting task [Stage-0:DDL] in serial mode
2024-04-23T20:47:38,641  INFO [main] HiveMetaStore.audit: ugi=alex	ip=unknown-ip-addr	cmd=get_table : tbl=hive.default.nonAcidNonBucket	
2024-04-23T20:47:38,654  INFO [main] metastore.HMSHandler: Skipping translation for processor with null
2024-04-23T20:47:38,655  INFO [main] HiveMetaStore.audit: ugi=alex	ip=unknown-ip-addr	cmd=get_table : tbl=hive.default.nonAcidNonBucket	
2024-04-23T20:47:38,665  INFO [main] metastore.HMSHandler: Skipping translation for processor with null
2024-04-23T20:47:38,666  INFO [main] HiveMetaStore.audit: ugi=alex	ip=unknown-ip-addr	cmd=drop_table : tbl=hive.default.nonAcidNonBucket	
2024-04-23T20:47:38,707  INFO [main] metadata.Hive: Dumping metastore api call timing information for : execution phase
2024-04-23T20:47:38,707  INFO [main] metadata.Hive: Total time spent in each metastore function (ms): {getTable_(GetTableRequest)=14, isCompatibleWith_(Configuration)=0, dropTable_(String, String, boolean, boolean, boolean)=53}
2024-04-23T20:47:38,707  INFO [main] ql.Driver: Completed executing command(queryId=alex_20240423204738_616dcd0f-b4eb-4fcc-b9d5-0b5768e84233); Time taken: 0.067 seconds
2024-04-23T20:47:38,707  INFO [main] lockmgr.DbTxnManager: Stopped heartbeat for query: alex_20240423204738_616dcd0f-b4eb-4fcc-b9d5-0b5768e84233
2024-04-23T20:47:38,711  INFO [main] txn.TxnHandler: Expected to move at least one record from txn_components to completed_txn_components when committing txn! txnid:23
2024-04-23T20:47:38,717  INFO [main] txn.TxnHandler: Removed transactions: ([23]) from MIN_HISTORY_LEVEL
2024-04-23T20:47:38,717  WARN [main] txn.CompactionTxnHandler: No compaction queue record found for Compaction type transaction commit. txnId:23
2024-04-23T20:47:38,718  INFO [main] utils.TestTxnDbUtil: Cleaning transactional tables
]]></system-err>
  </testcase>
  <testcase name="testCleaner2" classname="org.apache.hadoop.hive.ql.TestTxnCommands3" time="19.575"/>
</testsuite>