<?xml version="1.0" encoding="UTF-8"?>
<testsuite xmlns:xsi="http://www.w3.org/2001/XMLSchema-instance" xsi:noNamespaceSchemaLocation="https://maven.apache.org/surefire/maven-surefire-plugin/xsd/surefire-test-report-3.0.xsd" version="3.0" name="org.apache.hadoop.hive.ql.TestTxnExIm" time="149.165" tests="22" errors="4" skipped="3" failures="0">
  <properties>
    <property name="build.test.dir" value="/home/alex/Repositories/hive/ql/target/tmp"/>
    <property name="awt.toolkit" value="sun.awt.X11.XToolkit"/>
    <property name="test.tmp.dir.uri" value="file:///home/alex/Repositories/hive/ql/target/tmp"/>
    <property name="java.specification.version" value="1.8"/>
    <property name="qfile" value=""/>
    <property name="test.warehouse.dir" value="pfile:///home/alex/Repositories/hive/ql/target/warehouse"/>
    <property name="sun.cpu.isalist" value=""/>
    <property name="sun.jnu.encoding" value="UTF-8"/>
    <property name="run_disabled" value=""/>
    <property name="nondexPrintstack" value="false"/>
    <property name="sun.arch.data.model" value="64"/>
    <property name="java.vendor.url" value="http://java.oracle.com/"/>
    <property name="user.country.format" value="PT"/>
    <property name="test.tmp.dir" value="/home/alex/Repositories/hive/ql/target/tmp"/>
    <property name="sun.boot.library.path" value="/usr/lib/jvm/java-8-openjdk-amd64/jre/lib/amd64"/>
    <property name="sun.java.command" value="/home/alex/Repositories/hive/ql/target/surefire/surefirebooter5492876019985432672.jar /home/alex/Repositories/hive/ql/target/surefire 2024-04-23T21-59-46_173-jvmRun1 surefire4302873575630913126tmp surefire_18112670081437346069041tmp"/>
    <property name="nondexExecid" value="P8gC2Wt6DD1QwiZ4NJDRegC4uh59IgmR4jnrq+hRsc="/>
    <property name="java.specification.vendor" value="Oracle Corporation"/>
    <property name="java.home" value="/usr/lib/jvm/java-8-openjdk-amd64/jre"/>
    <property name="file.separator" value="/"/>
    <property name="basedir" value="/home/alex/Repositories/hive/ql"/>
    <property name="nondexEnd" value="9223372036854775807"/>
    <property name="line.separator" value="&#10;"/>
    <property name="derby.stream.error.file" value="/home/alex/Repositories/hive/ql/target/tmp/derby.log"/>
    <property name="java.vm.specification.vendor" value="Oracle Corporation"/>
    <property name="java.specification.name" value="Java Platform API Specification"/>
    <property name="log4j.debug" value="true"/>
    <property name="sun.boot.class.path" value="/home/alex/Repositories/hive/ql/.nondex/nondex-instr.jar:/home/alex/.m2/repository/edu/illinois/nondex-common/2.1.7/nondex-common-2.1.7.jar:/home/alex/.m2/repository/edu/illinois/nondex-annotations/2.1.7/nondex-annotations-2.1.7.jar:/usr/lib/jvm/java-8-openjdk-amd64/jre/lib/resources.jar:/usr/lib/jvm/java-8-openjdk-amd64/jre/lib/rt.jar:/usr/lib/jvm/java-8-openjdk-amd64/jre/lib/sunrsasign.jar:/usr/lib/jvm/java-8-openjdk-amd64/jre/lib/jsse.jar:/usr/lib/jvm/java-8-openjdk-amd64/jre/lib/jce.jar:/usr/lib/jvm/java-8-openjdk-amd64/jre/lib/charsets.jar:/usr/lib/jvm/java-8-openjdk-amd64/jre/lib/jfr.jar:/usr/lib/jvm/java-8-openjdk-amd64/jre/classes"/>
    <property name="sun.management.compiler" value="HotSpot 64-Bit Tiered Compilers"/>
    <property name="spark.home" value=""/>
    <property name="java.runtime.version" value="1.8.0_402-8u402-ga-2ubuntu1~22.04-b06"/>
    <property name="user.name" value="alex"/>
    <property name="test.src.tables" value=""/>
    <property name="file.encoding" value="UTF-8"/>
    <property name="qfile_regex" value=""/>
    <property name="hadoop.bin.path" value="/home/alex/Repositories/hive/ql/../testutils/hadoop"/>
    <property name="localRepository" value="/home/alex/.m2/repository"/>
    <property name="build.dir" value="/home/alex/Repositories/hive/ql/target"/>
    <property name="nondexDir" value="/home/alex/Repositories/hive/ql/.nondex"/>
    <property name="mapred.job.tracker" value="local"/>
    <property name="nondexJarDir" value="/home/alex/Repositories/hive/ql/.nondex"/>
    <property name="java.io.tmpdir" value="/home/alex/Repositories/hive/ql/target/tmp"/>
    <property name="com.zaxxer.hikari.pool_number" value="3"/>
    <property name="java.version" value="1.8.0_402"/>
    <property name="hive.version" value="4.0.0-SNAPSHOT"/>
    <property name="java.vm.specification.name" value="Java Virtual Machine Specification"/>
    <property name="java.awt.printerjob" value="sun.print.PSPrinterJob"/>
    <property name="sun.os.patch.level" value="unknown"/>
    <property name="java.library.path" value="/usr/java/packages/lib/amd64:/usr/lib/x86_64-linux-gnu/jni:/lib/x86_64-linux-gnu:/usr/lib/x86_64-linux-gnu:/usr/lib/jni:/lib:/usr/lib"/>
    <property name="test.data.dir" value="/home/alex/Repositories/hive/ql/../data/files"/>
    <property name="java.vendor" value="Private Build"/>
    <property name="java.specification.maintenance.version" value="5"/>
    <property name="sun.io.unicode.encoding" value="UnicodeLittle"/>
    <property name="initScript" value=""/>
    <property name="sun.desktop" value="gnome"/>
    <property name="calcite.enable.rexnode.digest.normalize" value="false"/>
    <property name="file.encoding.pkg" value="sun.io"/>
    <property name="nondexStart" value="0"/>
    <property name="log4j.configurationFile" value="file:///home/alex/Repositories/hive/ql/target/testconf/hive-log4j2.properties"/>
    <property name="java.class.path" value="/home/alex/Repositories/hive/ql/target/test-classes:/home/alex/Repositories/hive/ql/target/classes:/home/alex/.m2/repository/org/apache/atlas/atlas-client-v2/2.1.0/atlas-client-v2-2.1.0.jar:/home/alex/.m2/repository/cglib/cglib/2.2.2/cglib-2.2.2.jar:/home/alex/.m2/repository/asm/asm/3.3.1/asm-3.3.1.jar:/home/alex/.m2/repository/org/apache/atlas/atlas-client-common/2.1.0/atlas-client-common-2.1.0.jar:/home/alex/.m2/repository/org/apache/httpcomponents/httpclient/4.5.13/httpclient-4.5.13.jar:/home/alex/.m2/repository/com/sun/jersey/jersey-client/1.19/jersey-client-1.19.jar:/home/alex/.m2/repository/org/apache/atlas/atlas-intg/2.1.0/atlas-intg-2.1.0.jar:/home/alex/.m2/repository/commons-collections/commons-collections/3.2.2/commons-collections-3.2.2.jar:/home/alex/.m2/repository/commons-validator/commons-validator/1.6/commons-validator-1.6.jar:/home/alex/.m2/repository/commons-digester/commons-digester/1.8.1/commons-digester-1.8.1.jar:/home/alex/.m2/repository/com/fasterxml/jackson/jaxrs/jackson-jaxrs-base/2.12.0/jackson-jaxrs-base-2.12.0.jar:/home/alex/.m2/repository/com/fasterxml/jackson/jaxrs/jackson-jaxrs-json-provider/2.12.0/jackson-jaxrs-json-provider-2.12.0.jar:/home/alex/.m2/repository/javax/inject/javax.inject/1/javax.inject-1.jar:/home/alex/.m2/repository/org/springframework/spring-context/4.3.20.RELEASE/spring-context-4.3.20.RELEASE.jar:/home/alex/.m2/repository/org/springframework/spring-aop/4.3.20.RELEASE/spring-aop-4.3.20.RELEASE.jar:/home/alex/.m2/repository/org/springframework/spring-beans/4.3.20.RELEASE/spring-beans-4.3.20.RELEASE.jar:/home/alex/.m2/repository/org/springframework/spring-core/4.3.20.RELEASE/spring-core-4.3.20.RELEASE.jar:/home/alex/.m2/repository/org/springframework/spring-expression/4.3.20.RELEASE/spring-expression-4.3.20.RELEASE.jar:/home/alex/.m2/repository/commons-configuration/commons-configuration/1.10/commons-configuration-1.10.jar:/home/alex/.m2/repository/commons-lang/commons-lang/2.6/commons-lang-2.6.jar:/home/alex/.m2/repository/commons-logging/commons-logging/1.1.1/commons-logging-1.1.1.jar:/home/alex/.m2/repository/org/apache/commons/commons-math3/3.6.1/commons-math3-3.6.1.jar:/home/alex/Repositories/hive/vector-code-gen/target/classes:/home/alex/.m2/repository/org/apache/velocity/velocity/1.5/velocity-1.5.jar:/home/alex/Repositories/hive/common/target/classes:/home/alex/Repositories/hive/classification/target/classes:/home/alex/Repositories/hive/standalone-metastore/metastore-common/target/classes:/home/alex/.m2/repository/commons-cli/commons-cli/1.4/commons-cli-1.4.jar:/home/alex/.m2/repository/org/apache/orc/orc-core/1.6.9/orc-core-1.6.9.jar:/home/alex/.m2/repository/org/apache/orc/orc-shims/1.6.9/orc-shims-1.6.9.jar:/home/alex/.m2/repository/io/airlift/aircompressor/0.19/aircompressor-0.19.jar:/home/alex/.m2/repository/org/jetbrains/annotations/17.0.0/annotations-17.0.0.jar:/home/alex/.m2/repository/org/threeten/threeten-extra/1.5.0/threeten-extra-1.5.0.jar:/home/alex/.m2/repository/jline/jline/2.14.6/jline-2.14.6.jar:/home/alex/.m2/repository/javax/servlet/javax.servlet-api/3.1.0/javax.servlet-api-3.1.0.jar:/home/alex/.m2/repository/org/eclipse/jetty/jetty-http/9.3.27.v20190418/jetty-http-9.3.27.v20190418.jar:/home/alex/.m2/repository/org/eclipse/jetty/jetty-rewrite/9.3.27.v20190418/jetty-rewrite-9.3.27.v20190418.jar:/home/alex/.m2/repository/org/eclipse/jetty/jetty-client/9.3.27.v20190418/jetty-client-9.3.27.v20190418.jar:/home/alex/.m2/repository/org/eclipse/jetty/jetty-server/9.3.27.v20190418/jetty-server-9.3.27.v20190418.jar:/home/alex/.m2/repository/org/eclipse/jetty/jetty-io/9.3.27.v20190418/jetty-io-9.3.27.v20190418.jar:/home/alex/.m2/repository/org/eclipse/jetty/jetty-servlet/9.3.27.v20190418/jetty-servlet-9.3.27.v20190418.jar:/home/alex/.m2/repository/org/eclipse/jetty/jetty-security/9.3.27.v20190418/jetty-security-9.3.27.v20190418.jar:/home/alex/.m2/repository/org/eclipse/jetty/jetty-webapp/9.3.27.v20190418/jetty-webapp-9.3.27.v20190418.jar:/home/alex/.m2/repository/org/eclipse/jetty/jetty-xml/9.3.27.v20190418/jetty-xml-9.3.27.v20190418.jar:/home/alex/.m2/repository/joda-time/joda-time/2.9.9/joda-time-2.9.9.jar:/home/alex/.m2/repository/org/apache/logging/log4j/log4j-web/2.13.2/log4j-web-2.13.2.jar:/home/alex/.m2/repository/net/sf/jpam/jpam/1.1/jpam-1.1.jar:/home/alex/.m2/repository/io/dropwizard/metrics/metrics-core/3.1.0/metrics-core-3.1.0.jar:/home/alex/.m2/repository/io/dropwizard/metrics/metrics-jvm/3.1.0/metrics-jvm-3.1.0.jar:/home/alex/.m2/repository/io/dropwizard/metrics/metrics-json/3.1.0/metrics-json-3.1.0.jar:/home/alex/.m2/repository/com/github/joshelser/dropwizard-metrics-hadoop-metrics2-reporter/0.1.2/dropwizard-metrics-hadoop-metrics2-reporter-0.1.2.jar:/home/alex/Repositories/hive/metastore/target/classes:/home/alex/.m2/repository/org/apache/derby/derby/10.14.1.0/derby-10.14.1.0.jar:/home/alex/Repositories/hive/serde/target/classes:/home/alex/.m2/repository/com/google/code/findbugs/jsr305/3.0.0/jsr305-3.0.0.jar:/home/alex/.m2/repository/org/apache/arrow/arrow-vector/0.15.1/arrow-vector-0.15.1.jar:/home/alex/.m2/repository/org/apache/arrow/arrow-format/0.15.1/arrow-format-0.15.1.jar:/home/alex/.m2/repository/org/apache/arrow/arrow-memory/0.15.1/arrow-memory-0.15.1.jar:/home/alex/.m2/repository/com/google/flatbuffers/flatbuffers-java/1.9.0/flatbuffers-java-1.9.0.jar:/home/alex/.m2/repository/com/carrotsearch/hppc/0.7.2/hppc-0.7.2.jar:/home/alex/.m2/repository/com/github/davidmoten/flatbuffers-java/1.6.0.1/flatbuffers-java-1.6.0.1.jar:/home/alex/Repositories/hive/parser/target/classes:/home/alex/Repositories/hive/udf/target/classes:/home/alex/Repositories/hive/service-rpc/target/classes:/home/alex/Repositories/hive/llap-client/target/classes:/home/alex/Repositories/hive/llap-common/target/classes:/home/alex/.m2/repository/io/jsonwebtoken/jjwt-api/0.10.5/jjwt-api-0.10.5.jar:/home/alex/.m2/repository/io/jsonwebtoken/jjwt-impl/0.10.5/jjwt-impl-0.10.5.jar:/home/alex/.m2/repository/io/jsonwebtoken/jjwt-jackson/0.10.5/jjwt-jackson-0.10.5.jar:/home/alex/Repositories/hive/llap-tez/target/classes:/home/alex/Repositories/hive/shims/aggregator/target/classes:/home/alex/Repositories/hive/shims/common/target/classes:/home/alex/Repositories/hive/shims/0.23/target/classes:/home/alex/.m2/repository/org/apache/hadoop/hadoop-yarn-server-resourcemanager/3.1.0/hadoop-yarn-server-resourcemanager-3.1.0.jar:/home/alex/.m2/repository/org/apache/hadoop/hadoop-yarn-server-applicationhistoryservice/3.1.0/hadoop-yarn-server-applicationhistoryservice-3.1.0.jar:/home/alex/.m2/repository/de/ruedigermoeller/fst/2.50/fst-2.50.jar:/home/alex/.m2/repository/com/cedarsoftware/java-util/1.9.0/java-util-1.9.0.jar:/home/alex/.m2/repository/com/cedarsoftware/json-io/2.5.1/json-io-2.5.1.jar:/home/alex/Repositories/hive/shims/scheduler/target/classes:/home/alex/Repositories/hive/spark-client/target/classes:/home/alex/.m2/repository/io/netty/netty-all/4.1.65.Final/netty-all-4.1.65.Final.jar:/home/alex/.m2/repository/com/fasterxml/jackson/module/jackson-module-scala_2.12/2.12.0/jackson-module-scala_2.12-2.12.0.jar:/home/alex/.m2/repository/org/apache/spark/spark-yarn_2.12/2.4.5/spark-yarn_2.12-2.4.5.jar:/home/alex/Repositories/hive/storage-api/target/classes:/home/alex/.m2/repository/com/amazonaws/aws-java-sdk-bundle/1.11.901/aws-java-sdk-bundle-1.11.901.jar:/home/alex/.m2/repository/com/amazonaws/secretsmanager/aws-secretsmanager-caching-java/1.0.1/aws-secretsmanager-caching-java-1.0.1.jar:/home/alex/.m2/repository/com/esotericsoftware/kryo/5.0.3/kryo-5.0.3.jar:/home/alex/.m2/repository/org/objenesis/objenesis/3.1/objenesis-3.1.jar:/home/alex/.m2/repository/com/esotericsoftware/minlog/1.3.1/minlog-1.3.1.jar:/home/alex/.m2/repository/com/esotericsoftware/reflectasm/1.11.9/reflectasm-1.11.9.jar:/home/alex/.m2/repository/com/google/protobuf/protobuf-java/2.5.0/protobuf-java-2.5.0.jar:/home/alex/.m2/repository/org/apache/hbase/hbase-common/2.0.0-alpha4/hbase-common-2.0.0-alpha4.jar:/home/alex/.m2/repository/org/apache/hbase/thirdparty/hbase-shaded-miscellaneous/1.0.1/hbase-shaded-miscellaneous-1.0.1.jar:/home/alex/.m2/repository/org/apache/htrace/htrace-core/3.2.0-incubating/htrace-core-3.2.0-incubating.jar:/home/alex/.m2/repository/org/apache/commons/commons-crypto/1.0.0/commons-crypto-1.0.0.jar:/home/alex/.m2/repository/com/github/stephenc/findbugs/findbugs-annotations/1.3.9-1/findbugs-annotations-1.3.9-1.jar:/home/alex/.m2/repository/log4j/log4j/1.2.17/log4j-1.2.17.jar:/home/alex/.m2/repository/org/apache/yetus/audience-annotations/0.5.0/audience-annotations-0.5.0.jar:/home/alex/.m2/repository/org/apache/parquet/parquet-hadoop-bundle/1.11.1/parquet-hadoop-bundle-1.11.1.jar:/home/alex/.m2/repository/commons-codec/commons-codec/1.15/commons-codec-1.15.jar:/home/alex/.m2/repository/commons-io/commons-io/2.6/commons-io-2.6.jar:/home/alex/.m2/repository/org/apache/commons/commons-collections4/4.1/commons-collections4-4.1.jar:/home/alex/.m2/repository/org/apache/commons/commons-lang3/3.9/commons-lang3-3.9.jar:/home/alex/.m2/repository/org/apache/commons/commons-text/1.8/commons-text-1.8.jar:/home/alex/.m2/repository/javolution/javolution/5.5.1/javolution-5.5.1.jar:/home/alex/.m2/repository/org/apache/logging/log4j/log4j-1.2-api/2.13.2/log4j-1.2-api-2.13.2.jar:/home/alex/.m2/repository/org/apache/logging/log4j/log4j-api/2.13.2/log4j-api-2.13.2.jar:/home/alex/.m2/repository/org/apache/logging/log4j/log4j-core/2.13.2/log4j-core-2.13.2.jar:/home/alex/.m2/repository/org/apache/logging/log4j/log4j-slf4j-impl/2.13.2/log4j-slf4j-impl-2.13.2.jar:/home/alex/.m2/repository/org/antlr/antlr-runtime/3.5.2/antlr-runtime-3.5.2.jar:/home/alex/.m2/repository/org/antlr/ST4/4.0.4/ST4-4.0.4.jar:/home/alex/.m2/repository/org/apache/avro/avro/1.8.2/avro-1.8.2.jar:/home/alex/.m2/repository/org/codehaus/jackson/jackson-core-asl/1.9.13/jackson-core-asl-1.9.13.jar:/home/alex/.m2/repository/org/codehaus/jackson/jackson-mapper-asl/1.9.13/jackson-mapper-asl-1.9.13.jar:/home/alex/.m2/repository/com/thoughtworks/paranamer/paranamer/2.8/paranamer-2.8.jar:/home/alex/.m2/repository/org/xerial/snappy/snappy-java/1.1.4/snappy-java-1.1.4.jar:/home/alex/.m2/repository/org/tukaani/xz/1.5/xz-1.5.jar:/home/alex/.m2/repository/org/apache/avro/avro-mapred/1.8.2/avro-mapred-1.8.2-hadoop2.jar:/home/alex/.m2/repository/org/apache/avro/avro-ipc/1.8.2/avro-ipc-1.8.2.jar:/home/alex/.m2/repository/org/mortbay/jetty/jetty/6.1.26/jetty-6.1.26.jar:/home/alex/.m2/repository/org/apache/ant/ant/1.9.1/ant-1.9.1.jar:/home/alex/.m2/repository/org/apache/ant/ant-launcher/1.9.1/ant-launcher-1.9.1.jar:/home/alex/.m2/repository/org/apache/commons/commons-compress/1.21/commons-compress-1.21.jar:/home/alex/.m2/repository/org/apache/thrift/libfb303/0.9.3/libfb303-0.9.3.jar:/home/alex/.m2/repository/org/apache/hadoop/hadoop-common/3.1.0/hadoop-common-3.1.0.jar:/home/alex/.m2/repository/org/apache/hadoop/hadoop-annotations/3.1.0/hadoop-annotations-3.1.0.jar:/home/alex/.m2/repository/commons-net/commons-net/3.6/commons-net-3.6.jar:/home/alex/.m2/repository/org/eclipse/jetty/jetty-util/9.3.27.v20190418/jetty-util-9.3.27.v20190418.jar:/home/alex/.m2/repository/javax/servlet/jsp/jsp-api/2.1/jsp-api-2.1.jar:/home/alex/.m2/repository/com/sun/jersey/jersey-core/1.19/jersey-core-1.19.jar:/home/alex/.m2/repository/javax/ws/rs/jsr311-api/1.1.1/jsr311-api-1.1.1.jar:/home/alex/.m2/repository/com/sun/jersey/jersey-json/1.19/jersey-json-1.19.jar:/home/alex/.m2/repository/com/sun/xml/bind/jaxb-impl/2.2.3-1/jaxb-impl-2.2.3-1.jar:/home/alex/.m2/repository/org/codehaus/jackson/jackson-jaxrs/1.9.2/jackson-jaxrs-1.9.2.jar:/home/alex/.m2/repository/org/codehaus/jackson/jackson-xc/1.9.2/jackson-xc-1.9.2.jar:/home/alex/.m2/repository/com/sun/jersey/jersey-server/1.19/jersey-server-1.19.jar:/home/alex/.m2/repository/org/apache/commons/commons-configuration2/2.1.1/commons-configuration2-2.1.1.jar:/home/alex/.m2/repository/org/apache/hadoop/hadoop-auth/3.1.0/hadoop-auth-3.1.0.jar:/home/alex/.m2/repository/com/nimbusds/nimbus-jose-jwt/4.41.1/nimbus-jose-jwt-4.41.1.jar:/home/alex/.m2/repository/com/github/stephenc/jcip/jcip-annotations/1.0-1/jcip-annotations-1.0-1.jar:/home/alex/.m2/repository/com/jcraft/jsch/0.1.54/jsch-0.1.54.jar:/home/alex/.m2/repository/org/apache/htrace/htrace-core4/4.1.0-incubating/htrace-core4-4.1.0-incubating.jar:/home/alex/.m2/repository/org/apache/kerby/kerb-simplekdc/1.0.1/kerb-simplekdc-1.0.1.jar:/home/alex/.m2/repository/org/apache/kerby/kerb-client/1.0.1/kerb-client-1.0.1.jar:/home/alex/.m2/repository/org/apache/kerby/kerby-config/1.0.1/kerby-config-1.0.1.jar:/home/alex/.m2/repository/org/apache/kerby/kerb-core/1.0.1/kerb-core-1.0.1.jar:/home/alex/.m2/repository/org/apache/kerby/kerby-pkix/1.0.1/kerby-pkix-1.0.1.jar:/home/alex/.m2/repository/org/apache/kerby/kerby-asn1/1.0.1/kerby-asn1-1.0.1.jar:/home/alex/.m2/repository/org/apache/kerby/kerby-util/1.0.1/kerby-util-1.0.1.jar:/home/alex/.m2/repository/org/apache/kerby/kerb-common/1.0.1/kerb-common-1.0.1.jar:/home/alex/.m2/repository/org/apache/kerby/kerb-crypto/1.0.1/kerb-crypto-1.0.1.jar:/home/alex/.m2/repository/org/apache/kerby/kerb-util/1.0.1/kerb-util-1.0.1.jar:/home/alex/.m2/repository/org/apache/kerby/token-provider/1.0.1/token-provider-1.0.1.jar:/home/alex/.m2/repository/org/apache/kerby/kerb-admin/1.0.1/kerb-admin-1.0.1.jar:/home/alex/.m2/repository/org/apache/kerby/kerb-server/1.0.1/kerb-server-1.0.1.jar:/home/alex/.m2/repository/org/apache/kerby/kerb-identity/1.0.1/kerb-identity-1.0.1.jar:/home/alex/.m2/repository/org/apache/kerby/kerby-xdr/1.0.1/kerby-xdr-1.0.1.jar:/home/alex/.m2/repository/org/codehaus/woodstox/stax2-api/3.1.4/stax2-api-3.1.4.jar:/home/alex/.m2/repository/com/fasterxml/woodstox/woodstox-core/5.0.3/woodstox-core-5.0.3.jar:/home/alex/.m2/repository/org/apache/hadoop/hadoop-archives/3.1.0/hadoop-archives-3.1.0.jar:/home/alex/.m2/repository/org/apache/hadoop/hadoop-yarn-registry/3.1.0/hadoop-yarn-registry-3.1.0.jar:/home/alex/.m2/repository/org/apache/curator/curator-client/4.2.0/curator-client-4.2.0.jar:/home/alex/.m2/repository/org/apache/curator/curator-recipes/4.2.0/curator-recipes-4.2.0.jar:/home/alex/.m2/repository/commons-daemon/commons-daemon/1.0.13/commons-daemon-1.0.13.jar:/home/alex/.m2/repository/dnsjava/dnsjava/2.1.7/dnsjava-2.1.7.jar:/home/alex/.m2/repository/org/apache/hadoop/hadoop-mapreduce-client-core/3.1.0/hadoop-mapreduce-client-core-3.1.0.jar:/home/alex/.m2/repository/org/apache/hadoop/hadoop-hdfs-client/3.1.0/hadoop-hdfs-client-3.1.0.jar:/home/alex/.m2/repository/com/squareup/okhttp/okhttp/2.7.5/okhttp-2.7.5.jar:/home/alex/.m2/repository/com/squareup/okio/okio/1.6.0/okio-1.6.0.jar:/home/alex/.m2/repository/com/google/inject/extensions/guice-servlet/4.0/guice-servlet-4.0.jar:/home/alex/.m2/repository/org/apache/hadoop/hadoop-mapreduce-client-common/3.1.0/hadoop-mapreduce-client-common-3.1.0.jar:/home/alex/.m2/repository/org/apache/hadoop/hadoop-hdfs/3.1.0/hadoop-hdfs-3.1.0.jar:/home/alex/.m2/repository/org/eclipse/jetty/jetty-util-ajax/9.3.19.v20170502/jetty-util-ajax-9.3.19.v20170502.jar:/home/alex/.m2/repository/org/fusesource/leveldbjni/leveldbjni-all/1.8/leveldbjni-all-1.8.jar:/home/alex/.m2/repository/org/apache/hadoop/hadoop-yarn-api/3.1.0/hadoop-yarn-api-3.1.0.jar:/home/alex/.m2/repository/javax/xml/bind/jaxb-api/2.2.11/jaxb-api-2.2.11.jar:/home/alex/.m2/repository/org/apache/hadoop/hadoop-yarn-common/3.1.0/hadoop-yarn-common-3.1.0.jar:/home/alex/.m2/repository/com/google/inject/guice/4.0/guice-4.0.jar:/home/alex/.m2/repository/aopalliance/aopalliance/1.0/aopalliance-1.0.jar:/home/alex/.m2/repository/com/sun/jersey/contribs/jersey-guice/1.19/jersey-guice-1.19.jar:/home/alex/.m2/repository/com/fasterxml/jackson/module/jackson-module-jaxb-annotations/2.12.0/jackson-module-jaxb-annotations-2.12.0.jar:/home/alex/.m2/repository/jakarta/xml/bind/jakarta.xml.bind-api/2.3.2/jakarta.xml.bind-api-2.3.2.jar:/home/alex/.m2/repository/jakarta/activation/jakarta.activation-api/1.2.1/jakarta.activation-api-1.2.1.jar:/home/alex/.m2/repository/org/apache/hadoop/hadoop-yarn-client/3.1.0/hadoop-yarn-client-3.1.0.jar:/home/alex/.m2/repository/org/apache/orc/orc-tools/1.6.9/orc-tools-1.6.9.jar:/home/alex/.m2/repository/com/opencsv/opencsv/3.9/opencsv-3.9.jar:/home/alex/.m2/repository/org/codehaus/jettison/jettison/1.1/jettison-1.1.jar:/home/alex/.m2/repository/org/threeten/threetenbp/1.3.5/threetenbp-1.3.5.jar:/home/alex/.m2/repository/org/apache/ivy/ivy/2.4.0/ivy-2.4.0.jar:/home/alex/.m2/repository/org/apache/thrift/libthrift/0.14.1/libthrift-0.14.1.jar:/home/alex/.m2/repository/org/apache/httpcomponents/httpcore/4.4.13/httpcore-4.4.13.jar:/home/alex/.m2/repository/org/apache/tomcat/embed/tomcat-embed-core/8.5.46/tomcat-embed-core-8.5.46.jar:/home/alex/.m2/repository/org/apache/tomcat/tomcat-annotations-api/8.5.46/tomcat-annotations-api-8.5.46.jar:/home/alex/.m2/repository/javax/annotation/javax.annotation-api/1.3.2/javax.annotation-api-1.3.2.jar:/home/alex/.m2/repository/org/apache/zookeeper/zookeeper/3.5.5/zookeeper-3.5.5.jar:/home/alex/.m2/repository/org/apache/zookeeper/zookeeper-jute/3.5.5/zookeeper-jute-3.5.5.jar:/home/alex/.m2/repository/org/apache/curator/curator-framework/4.2.0/curator-framework-4.2.0.jar:/home/alex/.m2/repository/org/apache/curator/curator-test/4.2.0/curator-test-4.2.0.jar:/home/alex/.m2/repository/org/apache/datasketches/datasketches-hive/1.1.0-incubating/datasketches-hive-1.1.0-incubating.jar:/home/alex/.m2/repository/org/apache/datasketches/datasketches-java/1.3.0-incubating/datasketches-java-1.3.0-incubating.jar:/home/alex/.m2/repository/org/apache/datasketches/datasketches-memory/1.2.0-incubating/datasketches-memory-1.2.0-incubating.jar:/home/alex/.m2/repository/org/slf4j/slf4j-simple/1.7.27/slf4j-simple-1.7.27.jar:/home/alex/.m2/repository/com/lmax/disruptor/3.3.7/disruptor-3.3.7.jar:/home/alex/.m2/repository/org/codehaus/groovy/groovy-all/2.4.11/groovy-all-2.4.11.jar:/home/alex/.m2/repository/org/jodd/jodd-util/6.0.0/jodd-util-6.0.0.jar:/home/alex/.m2/repository/com/fasterxml/jackson/core/jackson-annotations/2.12.0/jackson-annotations-2.12.0.jar:/home/alex/.m2/repository/com/fasterxml/jackson/core/jackson-core/2.12.0/jackson-core-2.12.0.jar:/home/alex/.m2/repository/com/fasterxml/jackson/core/jackson-databind/2.12.0/jackson-databind-2.12.0.jar:/home/alex/.m2/repository/com/fasterxml/jackson/dataformat/jackson-dataformat-yaml/2.12.0/jackson-dataformat-yaml-2.12.0.jar:/home/alex/.m2/repository/org/yaml/snakeyaml/1.27/snakeyaml-1.27.jar:/home/alex/.m2/repository/org/datanucleus/datanucleus-core/5.2.4/datanucleus-core-5.2.4.jar:/home/alex/.m2/repository/org/apache/calcite/calcite-core/1.25.0/calcite-core-1.25.0.jar:/home/alex/.m2/repository/org/apache/calcite/calcite-linq4j/1.25.0/calcite-linq4j-1.25.0.jar:/home/alex/.m2/repository/org/apiguardian/apiguardian-api/1.1.0/apiguardian-api-1.1.0.jar:/home/alex/.m2/repository/com/esri/geometry/esri-geometry-api/2.2.0/esri-geometry-api-2.2.0.jar:/home/alex/.m2/repository/com/yahoo/datasketches/sketches-core/0.9.0/sketches-core-0.9.0.jar:/home/alex/.m2/repository/com/yahoo/datasketches/memory/0.9.0/memory-0.9.0.jar:/home/alex/.m2/repository/org/apache/commons/commons-dbcp2/2.7.0/commons-dbcp2-2.7.0.jar:/home/alex/.m2/repository/org/apache/commons/commons-pool2/2.7.0/commons-pool2-2.7.0.jar:/home/alex/.m2/repository/org/apache/calcite/calcite-druid/1.25.0/calcite-druid-1.25.0.jar:/home/alex/.m2/repository/org/apache/calcite/avatica/avatica/1.12.0/avatica-1.12.0.jar:/home/alex/.m2/repository/com/google/guava/guava/19.0/guava-19.0.jar:/home/alex/.m2/repository/com/googlecode/javaewah/JavaEWAH/0.3.2/JavaEWAH-0.3.2.jar:/home/alex/.m2/repository/com/google/code/gson/gson/2.2.4/gson-2.2.4.jar:/home/alex/.m2/repository/com/tdunning/json/1.8/json-1.8.jar:/home/alex/.m2/repository/stax/stax-api/1.0.1/stax-api-1.0.1.jar:/home/alex/.m2/repository/net/sf/opencsv/opencsv/2.3/opencsv-2.3.jar:/home/alex/Repositories/hive/standalone-metastore/metastore-server/target/classes:/home/alex/.m2/repository/com/zaxxer/HikariCP/2.6.1/HikariCP-2.6.1.jar:/home/alex/.m2/repository/commons-beanutils/commons-beanutils/1.9.4/commons-beanutils-1.9.4.jar:/home/alex/.m2/repository/org/datanucleus/datanucleus-api-jdo/5.2.4/datanucleus-api-jdo-5.2.4.jar:/home/alex/.m2/repository/org/datanucleus/datanucleus-rdbms/5.2.4/datanucleus-rdbms-5.2.4.jar:/home/alex/.m2/repository/org/datanucleus/javax.jdo/3.2.0-release/javax.jdo-3.2.0-release.jar:/home/alex/.m2/repository/javax/transaction/javax.transaction-api/1.3/javax.transaction-api-1.3.jar:/home/alex/.m2/repository/org/glassfish/corba/glassfish-corba-omgapi/4.2.2/glassfish-corba-omgapi-4.2.2.jar:/home/alex/.m2/repository/sqlline/sqlline/1.9.0/sqlline-1.9.0.jar:/home/alex/.m2/repository/org/jline/jline-terminal/3.12.1/jline-terminal-3.12.1.jar:/home/alex/.m2/repository/org/jline/jline-reader/3.12.1/jline-reader-3.12.1.jar:/home/alex/.m2/repository/org/jline/jline-terminal-jansi/3.12.1/jline-terminal-jansi-3.12.1.jar:/home/alex/.m2/repository/org/fusesource/jansi/jansi/1.18/jansi-1.18.jar:/home/alex/.m2/repository/org/jline/jline-terminal-jna/3.12.1/jline-terminal-jna-3.12.1.jar:/home/alex/.m2/repository/net/java/dev/jna/jna/5.3.1/jna-5.3.1.jar:/home/alex/.m2/repository/org/jline/jline-builtins/3.12.1/jline-builtins-3.12.1.jar:/home/alex/.m2/repository/org/jline/jline-style/3.12.1/jline-style-3.12.1.jar:/home/alex/.m2/repository/com/cronutils/cron-utils/9.1.3/cron-utils-9.1.3.jar:/home/alex/.m2/repository/org/glassfish/javax.el/3.0.0/javax.el-3.0.0.jar:/home/alex/.m2/repository/com/oracle/database/jdbc/ojdbc8/21.3.0.0/ojdbc8-21.3.0.0.jar:/home/alex/.m2/repository/mysql/mysql-connector-java/8.0.27/mysql-connector-java-8.0.27.jar:/home/alex/.m2/repository/com/microsoft/sqlserver/mssql-jdbc/6.2.1.jre8/mssql-jdbc-6.2.1.jre8.jar:/home/alex/.m2/repository/org/postgresql/postgresql/42.2.14/postgresql-42.2.14.jar:/home/alex/Repositories/hive/common/target/test-classes:/home/alex/Repositories/hive/standalone-metastore/metastore-common/target/test-classes:/home/alex/.m2/repository/com/github/ben-manes/caffeine/caffeine/2.8.4/caffeine-2.8.4.jar:/home/alex/.m2/repository/org/checkerframework/checker-qual/3.4.0/checker-qual-3.4.0.jar:/home/alex/Repositories/hive/standalone-metastore/metastore-server/target/test-classes:/home/alex/.m2/repository/org/apache/parquet/parquet-column/1.11.1/parquet-column-1.11.1-tests.jar:/home/alex/.m2/repository/org/apache/parquet/parquet-common/1.11.1/parquet-common-1.11.1.jar:/home/alex/.m2/repository/org/apache/parquet/parquet-format-structures/1.11.1/parquet-format-structures-1.11.1.jar:/home/alex/.m2/repository/org/apache/parquet/parquet-encoding/1.11.1/parquet-encoding-1.11.1.jar:/home/alex/.m2/repository/junit/junit/4.13/junit-4.13.jar:/home/alex/.m2/repository/org/hamcrest/hamcrest-core/1.3/hamcrest-core-1.3.jar:/home/alex/.m2/repository/org/junit/jupiter/junit-jupiter-engine/5.6.2/junit-jupiter-engine-5.6.2.jar:/home/alex/.m2/repository/org/junit/platform/junit-platform-engine/1.6.2/junit-platform-engine-1.6.2.jar:/home/alex/.m2/repository/org/opentest4j/opentest4j/1.2.0/opentest4j-1.2.0.jar:/home/alex/.m2/repository/org/junit/platform/junit-platform-commons/1.6.2/junit-platform-commons-1.6.2.jar:/home/alex/.m2/repository/org/junit/jupiter/junit-jupiter-api/5.6.2/junit-jupiter-api-5.6.2.jar:/home/alex/.m2/repository/org/junit/jupiter/junit-jupiter-params/5.6.2/junit-jupiter-params-5.6.2.jar:/home/alex/.m2/repository/org/junit/vintage/junit-vintage-engine/5.6.2/junit-vintage-engine-5.6.2.jar:/home/alex/.m2/repository/org/apache/tez/tez-api/0.10.1/tez-api-0.10.1.jar:/usr/lib/jvm/java-8-openjdk-amd64/jre/../lib/tools.jar:/home/alex/.m2/repository/org/apache/tez/tez-runtime-library/0.10.1/tez-runtime-library-0.10.1.jar:/home/alex/.m2/repository/org/roaringbitmap/RoaringBitmap/0.5.21/RoaringBitmap-0.5.21.jar:/home/alex/.m2/repository/org/asynchttpclient/async-http-client/2.12.1/async-http-client-2.12.1.jar:/home/alex/.m2/repository/org/asynchttpclient/async-http-client-netty-utils/2.12.1/async-http-client-netty-utils-2.12.1.jar:/home/alex/.m2/repository/io/netty/netty-buffer/4.1.48.Final/netty-buffer-4.1.48.Final.jar:/home/alex/.m2/repository/io/netty/netty-codec-http/4.1.48.Final/netty-codec-http-4.1.48.Final.jar:/home/alex/.m2/repository/io/netty/netty-common/4.1.48.Final/netty-common-4.1.48.Final.jar:/home/alex/.m2/repository/io/netty/netty-transport/4.1.48.Final/netty-transport-4.1.48.Final.jar:/home/alex/.m2/repository/io/netty/netty-codec/4.1.48.Final/netty-codec-4.1.48.Final.jar:/home/alex/.m2/repository/io/netty/netty-handler/4.1.48.Final/netty-handler-4.1.48.Final.jar:/home/alex/.m2/repository/io/netty/netty-resolver/4.1.48.Final/netty-resolver-4.1.48.Final.jar:/home/alex/.m2/repository/io/netty/netty-codec-socks/4.1.48.Final/netty-codec-socks-4.1.48.Final.jar:/home/alex/.m2/repository/io/netty/netty-handler-proxy/4.1.48.Final/netty-handler-proxy-4.1.48.Final.jar:/home/alex/.m2/repository/io/netty/netty-transport-native-epoll/4.1.48.Final/netty-transport-native-epoll-4.1.48.Final-linux-x86_64.jar:/home/alex/.m2/repository/io/netty/netty-transport-native-unix-common/4.1.48.Final/netty-transport-native-unix-common-4.1.48.Final.jar:/home/alex/.m2/repository/io/netty/netty-transport-native-kqueue/4.1.48.Final/netty-transport-native-kqueue-4.1.48.Final-osx-x86_64.jar:/home/alex/.m2/repository/org/reactivestreams/reactive-streams/1.0.3/reactive-streams-1.0.3.jar:/home/alex/.m2/repository/com/typesafe/netty/netty-reactive-streams/2.0.4/netty-reactive-streams-2.0.4.jar:/home/alex/.m2/repository/com/sun/activation/javax.activation/1.2.0/javax.activation-1.2.0.jar:/home/alex/.m2/repository/org/apache/tez/tez-common/0.10.1/tez-common-0.10.1.jar:/home/alex/.m2/repository/org/apache/tez/tez-runtime-internals/0.10.1/tez-runtime-internals-0.10.1.jar:/home/alex/.m2/repository/org/apache/tez/hadoop-shim/0.10.1/hadoop-shim-0.10.1.jar:/home/alex/.m2/repository/org/apache/tez/tez-mapreduce/0.10.1/tez-mapreduce-0.10.1.jar:/home/alex/.m2/repository/org/apache/tez/tez-dag/0.10.1/tez-dag-0.10.1.jar:/home/alex/.m2/repository/org/apache/hadoop/hadoop-yarn-server-web-proxy/3.1.0/hadoop-yarn-server-web-proxy-3.1.0.jar:/home/alex/.m2/repository/org/apache/hadoop/hadoop-yarn-server-common/3.1.0/hadoop-yarn-server-common-3.1.0.jar:/home/alex/.m2/repository/org/apache/geronimo/specs/geronimo-jcache_1.0_spec/1.0-alpha-1/geronimo-jcache_1.0_spec-1.0-alpha-1.jar:/home/alex/.m2/repository/org/ehcache/ehcache/3.3.1/ehcache-3.3.1.jar:/home/alex/.m2/repository/com/zaxxer/HikariCP-java7/2.4.12/HikariCP-java7-2.4.12.jar:/home/alex/.m2/repository/org/apache/spark/spark-core_2.12/2.4.5/spark-core_2.12-2.4.5.jar:/home/alex/.m2/repository/com/twitter/chill_2.12/0.9.3/chill_2.12-0.9.3.jar:/home/alex/.m2/repository/com/twitter/chill-java/0.9.3/chill-java-0.9.3.jar:/home/alex/.m2/repository/org/apache/xbean/xbean-asm6-shaded/4.8/xbean-asm6-shaded-4.8.jar:/home/alex/.m2/repository/org/apache/hadoop/hadoop-client/3.1.0/hadoop-client-3.1.0.jar:/home/alex/.m2/repository/org/apache/hadoop/hadoop-mapreduce-client-jobclient/3.1.0/hadoop-mapreduce-client-jobclient-3.1.0.jar:/home/alex/.m2/repository/org/apache/spark/spark-launcher_2.12/2.4.5/spark-launcher_2.12-2.4.5.jar:/home/alex/.m2/repository/org/apache/spark/spark-kvstore_2.12/2.4.5/spark-kvstore_2.12-2.4.5.jar:/home/alex/.m2/repository/org/apache/spark/spark-network-common_2.12/2.4.5/spark-network-common_2.12-2.4.5.jar:/home/alex/.m2/repository/org/apache/spark/spark-network-shuffle_2.12/2.4.5/spark-network-shuffle_2.12-2.4.5.jar:/home/alex/.m2/repository/org/apache/spark/spark-unsafe_2.12/2.4.5/spark-unsafe_2.12-2.4.5.jar:/home/alex/.m2/repository/javax/activation/activation/1.1.1/activation-1.1.1.jar:/home/alex/.m2/repository/org/slf4j/jul-to-slf4j/1.7.16/jul-to-slf4j-1.7.16.jar:/home/alex/.m2/repository/org/slf4j/jcl-over-slf4j/1.7.16/jcl-over-slf4j-1.7.16.jar:/home/alex/.m2/repository/com/ning/compress-lzf/1.0.3/compress-lzf-1.0.3.jar:/home/alex/.m2/repository/org/lz4/lz4-java/1.4.0/lz4-java-1.4.0.jar:/home/alex/.m2/repository/com/github/luben/zstd-jni/1.3.2-2/zstd-jni-1.3.2-2.jar:/home/alex/.m2/repository/org/scala-lang/scala-library/2.12.10/scala-library-2.12.10.jar:/home/alex/.m2/repository/org/json4s/json4s-jackson_2.12/3.5.3/json4s-jackson_2.12-3.5.3.jar:/home/alex/.m2/repository/org/json4s/json4s-core_2.12/3.5.3/json4s-core_2.12-3.5.3.jar:/home/alex/.m2/repository/org/json4s/json4s-ast_2.12/3.5.3/json4s-ast_2.12-3.5.3.jar:/home/alex/.m2/repository/org/json4s/json4s-scalap_2.12/3.5.3/json4s-scalap_2.12-3.5.3.jar:/home/alex/.m2/repository/org/scala-lang/modules/scala-xml_2.12/1.0.6/scala-xml_2.12-1.0.6.jar:/home/alex/.m2/repository/com/clearspring/analytics/stream/2.7.0/stream-2.7.0.jar:/home/alex/.m2/repository/io/dropwizard/metrics/metrics-graphite/3.1.5/metrics-graphite-3.1.5.jar:/home/alex/.m2/repository/oro/oro/2.0.8/oro-2.0.8.jar:/home/alex/.m2/repository/net/razorvine/pyrolite/4.13/pyrolite-4.13.jar:/home/alex/.m2/repository/net/sf/py4j/py4j/0.10.7/py4j-0.10.7.jar:/home/alex/.m2/repository/org/apache/spark/spark-tags_2.12/2.4.5/spark-tags_2.12-2.4.5.jar:/home/alex/.m2/repository/org/spark-project/spark/unused/1.0.0/unused-1.0.0.jar:/home/alex/.m2/repository/com/sun/jersey/jersey-servlet/1.19/jersey-servlet-1.19.jar:/home/alex/.m2/repository/org/glassfish/jersey/core/jersey-server/2.22.2/jersey-server-2.22.2.jar:/home/alex/.m2/repository/org/glassfish/jersey/core/jersey-common/2.22.2/jersey-common-2.22.2.jar:/home/alex/.m2/repository/org/glassfish/jersey/bundles/repackaged/jersey-guava/2.22.2/jersey-guava-2.22.2.jar:/home/alex/.m2/repository/org/glassfish/hk2/osgi-resource-locator/1.0.1/osgi-resource-locator-1.0.1.jar:/home/alex/.m2/repository/org/glassfish/jersey/core/jersey-client/2.22.2/jersey-client-2.22.2.jar:/home/alex/.m2/repository/javax/ws/rs/javax.ws.rs-api/2.0.1/javax.ws.rs-api-2.0.1.jar:/home/alex/.m2/repository/org/glassfish/jersey/media/jersey-media-jaxb/2.22.2/jersey-media-jaxb-2.22.2.jar:/home/alex/.m2/repository/org/glassfish/hk2/hk2-api/2.4.0-b34/hk2-api-2.4.0-b34.jar:/home/alex/.m2/repository/org/glassfish/hk2/hk2-utils/2.4.0-b34/hk2-utils-2.4.0-b34.jar:/home/alex/.m2/repository/org/glassfish/hk2/external/aopalliance-repackaged/2.4.0-b34/aopalliance-repackaged-2.4.0-b34.jar:/home/alex/.m2/repository/org/glassfish/hk2/external/javax.inject/2.4.0-b34/javax.inject-2.4.0-b34.jar:/home/alex/.m2/repository/org/glassfish/hk2/hk2-locator/2.4.0-b34/hk2-locator-2.4.0-b34.jar:/home/alex/.m2/repository/javax/validation/validation-api/1.1.0.Final/validation-api-1.1.0.Final.jar:/home/alex/.m2/repository/org/glassfish/jersey/containers/jersey-container-servlet-core/2.22.2/jersey-container-servlet-core-2.22.2.jar:/home/alex/.m2/repository/org/hamcrest/hamcrest-all/1.3/hamcrest-all-1.3.jar:/home/alex/.m2/repository/org/powermock/powermock-module-junit4/2.0.2/powermock-module-junit4-2.0.2.jar:/home/alex/.m2/repository/org/powermock/powermock-module-junit4-common/2.0.2/powermock-module-junit4-common-2.0.2.jar:/home/alex/.m2/repository/org/powermock/powermock-reflect/2.0.2/powermock-reflect-2.0.2.jar:/home/alex/.m2/repository/org/powermock/powermock-core/2.0.2/powermock-core-2.0.2.jar:/home/alex/.m2/repository/org/powermock/powermock-api-mockito2/2.0.2/powermock-api-mockito2-2.0.2.jar:/home/alex/.m2/repository/org/powermock/powermock-api-support/2.0.2/powermock-api-support-2.0.2.jar:/home/alex/.m2/repository/com/google/guava/guava-testlib/19.0/guava-testlib-19.0.jar:/home/alex/.m2/repository/com/google/errorprone/error_prone_annotations/2.0.2/error_prone_annotations-2.0.2.jar:/home/alex/.m2/repository/com/google/re2j/re2j/1.2/re2j-1.2.jar:/home/alex/.m2/repository/org/reflections/reflections/0.9.10/reflections-0.9.10.jar:/home/alex/.m2/repository/org/javassist/javassist/3.19.0-GA/javassist-3.19.0-GA.jar:/home/alex/.m2/repository/com/jayway/jsonpath/json-path/2.4.0/json-path-2.4.0.jar:/home/alex/.m2/repository/net/minidev/json-smart/2.3/json-smart-2.3.jar:/home/alex/.m2/repository/net/minidev/accessors-smart/1.2/accessors-smart-1.2.jar:/home/alex/.m2/repository/org/ow2/asm/asm/5.0.4/asm-5.0.4.jar:/home/alex/.m2/repository/org/codehaus/janino/commons-compiler/3.0.11/commons-compiler-3.0.11.jar:/home/alex/.m2/repository/org/codehaus/janino/janino/3.0.11/janino-3.0.11.jar:/home/alex/.m2/repository/com/sun/jersey/contribs/jersey-multipart/1.19/jersey-multipart-1.19.jar:/home/alex/.m2/repository/org/jvnet/mimepull/mimepull/1.9.3/mimepull-1.9.3.jar:/home/alex/.m2/repository/org/apache/kafka/kafka-clients/2.5.0/kafka-clients-2.5.0.jar:/home/alex/.m2/repository/org/slf4j/slf4j-api/1.7.30/slf4j-api-1.7.30.jar:/home/alex/.m2/repository/org/mockito/mockito-core/3.4.4/mockito-core-3.4.4.jar:/home/alex/.m2/repository/net/bytebuddy/byte-buddy/1.10.13/byte-buddy-1.10.13.jar:/home/alex/.m2/repository/net/bytebuddy/byte-buddy-agent/1.10.13/byte-buddy-agent-1.10.13.jar:/home/alex/Repositories/hive/ql/target/testconf:/home/alex/Repositories/hive/ql/../conf:"/>
    <property name="java.vm.vendor" value="Private Build"/>
    <property name="hadoop.version" value="3.1.0"/>
    <property name="user.timezone" value="US/Pacific"/>
    <property name="test.local.warehouse.dir" value="pfile:///home/alex/Repositories/hive/ql/target/localfs/warehouse"/>
    <property name="java.vm.specification.version" value="1.8"/>
    <property name="os.name" value="Linux"/>
    <property name="clustermode" value=""/>
    <property name="test.build.data" value="/home/alex/Repositories/hive/ql/target/tmp"/>
    <property name="sun.java.launcher" value="SUN_STANDARD"/>
    <property name="user.country" value="US"/>
    <property name="test.data.files" value="/home/alex/Repositories/hive/ql/../data/files"/>
    <property name="nondexLogging" value="CONFIG"/>
    <property name="surefire.test.class.path" value="/home/alex/Repositories/hive/ql/target/test-classes:/home/alex/Repositories/hive/ql/target/classes:/home/alex/.m2/repository/org/apache/atlas/atlas-client-v2/2.1.0/atlas-client-v2-2.1.0.jar:/home/alex/.m2/repository/cglib/cglib/2.2.2/cglib-2.2.2.jar:/home/alex/.m2/repository/asm/asm/3.3.1/asm-3.3.1.jar:/home/alex/.m2/repository/org/apache/atlas/atlas-client-common/2.1.0/atlas-client-common-2.1.0.jar:/home/alex/.m2/repository/org/apache/httpcomponents/httpclient/4.5.13/httpclient-4.5.13.jar:/home/alex/.m2/repository/com/sun/jersey/jersey-client/1.19/jersey-client-1.19.jar:/home/alex/.m2/repository/org/apache/atlas/atlas-intg/2.1.0/atlas-intg-2.1.0.jar:/home/alex/.m2/repository/commons-collections/commons-collections/3.2.2/commons-collections-3.2.2.jar:/home/alex/.m2/repository/commons-validator/commons-validator/1.6/commons-validator-1.6.jar:/home/alex/.m2/repository/commons-digester/commons-digester/1.8.1/commons-digester-1.8.1.jar:/home/alex/.m2/repository/com/fasterxml/jackson/jaxrs/jackson-jaxrs-base/2.12.0/jackson-jaxrs-base-2.12.0.jar:/home/alex/.m2/repository/com/fasterxml/jackson/jaxrs/jackson-jaxrs-json-provider/2.12.0/jackson-jaxrs-json-provider-2.12.0.jar:/home/alex/.m2/repository/javax/inject/javax.inject/1/javax.inject-1.jar:/home/alex/.m2/repository/org/springframework/spring-context/4.3.20.RELEASE/spring-context-4.3.20.RELEASE.jar:/home/alex/.m2/repository/org/springframework/spring-aop/4.3.20.RELEASE/spring-aop-4.3.20.RELEASE.jar:/home/alex/.m2/repository/org/springframework/spring-beans/4.3.20.RELEASE/spring-beans-4.3.20.RELEASE.jar:/home/alex/.m2/repository/org/springframework/spring-core/4.3.20.RELEASE/spring-core-4.3.20.RELEASE.jar:/home/alex/.m2/repository/org/springframework/spring-expression/4.3.20.RELEASE/spring-expression-4.3.20.RELEASE.jar:/home/alex/.m2/repository/commons-configuration/commons-configuration/1.10/commons-configuration-1.10.jar:/home/alex/.m2/repository/commons-lang/commons-lang/2.6/commons-lang-2.6.jar:/home/alex/.m2/repository/commons-logging/commons-logging/1.1.1/commons-logging-1.1.1.jar:/home/alex/.m2/repository/org/apache/commons/commons-math3/3.6.1/commons-math3-3.6.1.jar:/home/alex/Repositories/hive/vector-code-gen/target/classes:/home/alex/.m2/repository/org/apache/velocity/velocity/1.5/velocity-1.5.jar:/home/alex/Repositories/hive/common/target/classes:/home/alex/Repositories/hive/classification/target/classes:/home/alex/Repositories/hive/standalone-metastore/metastore-common/target/classes:/home/alex/.m2/repository/commons-cli/commons-cli/1.4/commons-cli-1.4.jar:/home/alex/.m2/repository/org/apache/orc/orc-core/1.6.9/orc-core-1.6.9.jar:/home/alex/.m2/repository/org/apache/orc/orc-shims/1.6.9/orc-shims-1.6.9.jar:/home/alex/.m2/repository/io/airlift/aircompressor/0.19/aircompressor-0.19.jar:/home/alex/.m2/repository/org/jetbrains/annotations/17.0.0/annotations-17.0.0.jar:/home/alex/.m2/repository/org/threeten/threeten-extra/1.5.0/threeten-extra-1.5.0.jar:/home/alex/.m2/repository/jline/jline/2.14.6/jline-2.14.6.jar:/home/alex/.m2/repository/javax/servlet/javax.servlet-api/3.1.0/javax.servlet-api-3.1.0.jar:/home/alex/.m2/repository/org/eclipse/jetty/jetty-http/9.3.27.v20190418/jetty-http-9.3.27.v20190418.jar:/home/alex/.m2/repository/org/eclipse/jetty/jetty-rewrite/9.3.27.v20190418/jetty-rewrite-9.3.27.v20190418.jar:/home/alex/.m2/repository/org/eclipse/jetty/jetty-client/9.3.27.v20190418/jetty-client-9.3.27.v20190418.jar:/home/alex/.m2/repository/org/eclipse/jetty/jetty-server/9.3.27.v20190418/jetty-server-9.3.27.v20190418.jar:/home/alex/.m2/repository/org/eclipse/jetty/jetty-io/9.3.27.v20190418/jetty-io-9.3.27.v20190418.jar:/home/alex/.m2/repository/org/eclipse/jetty/jetty-servlet/9.3.27.v20190418/jetty-servlet-9.3.27.v20190418.jar:/home/alex/.m2/repository/org/eclipse/jetty/jetty-security/9.3.27.v20190418/jetty-security-9.3.27.v20190418.jar:/home/alex/.m2/repository/org/eclipse/jetty/jetty-webapp/9.3.27.v20190418/jetty-webapp-9.3.27.v20190418.jar:/home/alex/.m2/repository/org/eclipse/jetty/jetty-xml/9.3.27.v20190418/jetty-xml-9.3.27.v20190418.jar:/home/alex/.m2/repository/joda-time/joda-time/2.9.9/joda-time-2.9.9.jar:/home/alex/.m2/repository/org/apache/logging/log4j/log4j-web/2.13.2/log4j-web-2.13.2.jar:/home/alex/.m2/repository/net/sf/jpam/jpam/1.1/jpam-1.1.jar:/home/alex/.m2/repository/io/dropwizard/metrics/metrics-core/3.1.0/metrics-core-3.1.0.jar:/home/alex/.m2/repository/io/dropwizard/metrics/metrics-jvm/3.1.0/metrics-jvm-3.1.0.jar:/home/alex/.m2/repository/io/dropwizard/metrics/metrics-json/3.1.0/metrics-json-3.1.0.jar:/home/alex/.m2/repository/com/github/joshelser/dropwizard-metrics-hadoop-metrics2-reporter/0.1.2/dropwizard-metrics-hadoop-metrics2-reporter-0.1.2.jar:/home/alex/Repositories/hive/metastore/target/classes:/home/alex/.m2/repository/org/apache/derby/derby/10.14.1.0/derby-10.14.1.0.jar:/home/alex/Repositories/hive/serde/target/classes:/home/alex/.m2/repository/com/google/code/findbugs/jsr305/3.0.0/jsr305-3.0.0.jar:/home/alex/.m2/repository/org/apache/arrow/arrow-vector/0.15.1/arrow-vector-0.15.1.jar:/home/alex/.m2/repository/org/apache/arrow/arrow-format/0.15.1/arrow-format-0.15.1.jar:/home/alex/.m2/repository/org/apache/arrow/arrow-memory/0.15.1/arrow-memory-0.15.1.jar:/home/alex/.m2/repository/com/google/flatbuffers/flatbuffers-java/1.9.0/flatbuffers-java-1.9.0.jar:/home/alex/.m2/repository/com/carrotsearch/hppc/0.7.2/hppc-0.7.2.jar:/home/alex/.m2/repository/com/github/davidmoten/flatbuffers-java/1.6.0.1/flatbuffers-java-1.6.0.1.jar:/home/alex/Repositories/hive/parser/target/classes:/home/alex/Repositories/hive/udf/target/classes:/home/alex/Repositories/hive/service-rpc/target/classes:/home/alex/Repositories/hive/llap-client/target/classes:/home/alex/Repositories/hive/llap-common/target/classes:/home/alex/.m2/repository/io/jsonwebtoken/jjwt-api/0.10.5/jjwt-api-0.10.5.jar:/home/alex/.m2/repository/io/jsonwebtoken/jjwt-impl/0.10.5/jjwt-impl-0.10.5.jar:/home/alex/.m2/repository/io/jsonwebtoken/jjwt-jackson/0.10.5/jjwt-jackson-0.10.5.jar:/home/alex/Repositories/hive/llap-tez/target/classes:/home/alex/Repositories/hive/shims/aggregator/target/classes:/home/alex/Repositories/hive/shims/common/target/classes:/home/alex/Repositories/hive/shims/0.23/target/classes:/home/alex/.m2/repository/org/apache/hadoop/hadoop-yarn-server-resourcemanager/3.1.0/hadoop-yarn-server-resourcemanager-3.1.0.jar:/home/alex/.m2/repository/org/apache/hadoop/hadoop-yarn-server-applicationhistoryservice/3.1.0/hadoop-yarn-server-applicationhistoryservice-3.1.0.jar:/home/alex/.m2/repository/de/ruedigermoeller/fst/2.50/fst-2.50.jar:/home/alex/.m2/repository/com/cedarsoftware/java-util/1.9.0/java-util-1.9.0.jar:/home/alex/.m2/repository/com/cedarsoftware/json-io/2.5.1/json-io-2.5.1.jar:/home/alex/Repositories/hive/shims/scheduler/target/classes:/home/alex/Repositories/hive/spark-client/target/classes:/home/alex/.m2/repository/io/netty/netty-all/4.1.65.Final/netty-all-4.1.65.Final.jar:/home/alex/.m2/repository/com/fasterxml/jackson/module/jackson-module-scala_2.12/2.12.0/jackson-module-scala_2.12-2.12.0.jar:/home/alex/.m2/repository/org/apache/spark/spark-yarn_2.12/2.4.5/spark-yarn_2.12-2.4.5.jar:/home/alex/Repositories/hive/storage-api/target/classes:/home/alex/.m2/repository/com/amazonaws/aws-java-sdk-bundle/1.11.901/aws-java-sdk-bundle-1.11.901.jar:/home/alex/.m2/repository/com/amazonaws/secretsmanager/aws-secretsmanager-caching-java/1.0.1/aws-secretsmanager-caching-java-1.0.1.jar:/home/alex/.m2/repository/com/esotericsoftware/kryo/5.0.3/kryo-5.0.3.jar:/home/alex/.m2/repository/org/objenesis/objenesis/3.1/objenesis-3.1.jar:/home/alex/.m2/repository/com/esotericsoftware/minlog/1.3.1/minlog-1.3.1.jar:/home/alex/.m2/repository/com/esotericsoftware/reflectasm/1.11.9/reflectasm-1.11.9.jar:/home/alex/.m2/repository/com/google/protobuf/protobuf-java/2.5.0/protobuf-java-2.5.0.jar:/home/alex/.m2/repository/org/apache/hbase/hbase-common/2.0.0-alpha4/hbase-common-2.0.0-alpha4.jar:/home/alex/.m2/repository/org/apache/hbase/thirdparty/hbase-shaded-miscellaneous/1.0.1/hbase-shaded-miscellaneous-1.0.1.jar:/home/alex/.m2/repository/org/apache/htrace/htrace-core/3.2.0-incubating/htrace-core-3.2.0-incubating.jar:/home/alex/.m2/repository/org/apache/commons/commons-crypto/1.0.0/commons-crypto-1.0.0.jar:/home/alex/.m2/repository/com/github/stephenc/findbugs/findbugs-annotations/1.3.9-1/findbugs-annotations-1.3.9-1.jar:/home/alex/.m2/repository/log4j/log4j/1.2.17/log4j-1.2.17.jar:/home/alex/.m2/repository/org/apache/yetus/audience-annotations/0.5.0/audience-annotations-0.5.0.jar:/home/alex/.m2/repository/org/apache/parquet/parquet-hadoop-bundle/1.11.1/parquet-hadoop-bundle-1.11.1.jar:/home/alex/.m2/repository/commons-codec/commons-codec/1.15/commons-codec-1.15.jar:/home/alex/.m2/repository/commons-io/commons-io/2.6/commons-io-2.6.jar:/home/alex/.m2/repository/org/apache/commons/commons-collections4/4.1/commons-collections4-4.1.jar:/home/alex/.m2/repository/org/apache/commons/commons-lang3/3.9/commons-lang3-3.9.jar:/home/alex/.m2/repository/org/apache/commons/commons-text/1.8/commons-text-1.8.jar:/home/alex/.m2/repository/javolution/javolution/5.5.1/javolution-5.5.1.jar:/home/alex/.m2/repository/org/apache/logging/log4j/log4j-1.2-api/2.13.2/log4j-1.2-api-2.13.2.jar:/home/alex/.m2/repository/org/apache/logging/log4j/log4j-api/2.13.2/log4j-api-2.13.2.jar:/home/alex/.m2/repository/org/apache/logging/log4j/log4j-core/2.13.2/log4j-core-2.13.2.jar:/home/alex/.m2/repository/org/apache/logging/log4j/log4j-slf4j-impl/2.13.2/log4j-slf4j-impl-2.13.2.jar:/home/alex/.m2/repository/org/antlr/antlr-runtime/3.5.2/antlr-runtime-3.5.2.jar:/home/alex/.m2/repository/org/antlr/ST4/4.0.4/ST4-4.0.4.jar:/home/alex/.m2/repository/org/apache/avro/avro/1.8.2/avro-1.8.2.jar:/home/alex/.m2/repository/org/codehaus/jackson/jackson-core-asl/1.9.13/jackson-core-asl-1.9.13.jar:/home/alex/.m2/repository/org/codehaus/jackson/jackson-mapper-asl/1.9.13/jackson-mapper-asl-1.9.13.jar:/home/alex/.m2/repository/com/thoughtworks/paranamer/paranamer/2.8/paranamer-2.8.jar:/home/alex/.m2/repository/org/xerial/snappy/snappy-java/1.1.4/snappy-java-1.1.4.jar:/home/alex/.m2/repository/org/tukaani/xz/1.5/xz-1.5.jar:/home/alex/.m2/repository/org/apache/avro/avro-mapred/1.8.2/avro-mapred-1.8.2-hadoop2.jar:/home/alex/.m2/repository/org/apache/avro/avro-ipc/1.8.2/avro-ipc-1.8.2.jar:/home/alex/.m2/repository/org/mortbay/jetty/jetty/6.1.26/jetty-6.1.26.jar:/home/alex/.m2/repository/org/apache/ant/ant/1.9.1/ant-1.9.1.jar:/home/alex/.m2/repository/org/apache/ant/ant-launcher/1.9.1/ant-launcher-1.9.1.jar:/home/alex/.m2/repository/org/apache/commons/commons-compress/1.21/commons-compress-1.21.jar:/home/alex/.m2/repository/org/apache/thrift/libfb303/0.9.3/libfb303-0.9.3.jar:/home/alex/.m2/repository/org/apache/hadoop/hadoop-common/3.1.0/hadoop-common-3.1.0.jar:/home/alex/.m2/repository/org/apache/hadoop/hadoop-annotations/3.1.0/hadoop-annotations-3.1.0.jar:/home/alex/.m2/repository/commons-net/commons-net/3.6/commons-net-3.6.jar:/home/alex/.m2/repository/org/eclipse/jetty/jetty-util/9.3.27.v20190418/jetty-util-9.3.27.v20190418.jar:/home/alex/.m2/repository/javax/servlet/jsp/jsp-api/2.1/jsp-api-2.1.jar:/home/alex/.m2/repository/com/sun/jersey/jersey-core/1.19/jersey-core-1.19.jar:/home/alex/.m2/repository/javax/ws/rs/jsr311-api/1.1.1/jsr311-api-1.1.1.jar:/home/alex/.m2/repository/com/sun/jersey/jersey-json/1.19/jersey-json-1.19.jar:/home/alex/.m2/repository/com/sun/xml/bind/jaxb-impl/2.2.3-1/jaxb-impl-2.2.3-1.jar:/home/alex/.m2/repository/org/codehaus/jackson/jackson-jaxrs/1.9.2/jackson-jaxrs-1.9.2.jar:/home/alex/.m2/repository/org/codehaus/jackson/jackson-xc/1.9.2/jackson-xc-1.9.2.jar:/home/alex/.m2/repository/com/sun/jersey/jersey-server/1.19/jersey-server-1.19.jar:/home/alex/.m2/repository/org/apache/commons/commons-configuration2/2.1.1/commons-configuration2-2.1.1.jar:/home/alex/.m2/repository/org/apache/hadoop/hadoop-auth/3.1.0/hadoop-auth-3.1.0.jar:/home/alex/.m2/repository/com/nimbusds/nimbus-jose-jwt/4.41.1/nimbus-jose-jwt-4.41.1.jar:/home/alex/.m2/repository/com/github/stephenc/jcip/jcip-annotations/1.0-1/jcip-annotations-1.0-1.jar:/home/alex/.m2/repository/com/jcraft/jsch/0.1.54/jsch-0.1.54.jar:/home/alex/.m2/repository/org/apache/htrace/htrace-core4/4.1.0-incubating/htrace-core4-4.1.0-incubating.jar:/home/alex/.m2/repository/org/apache/kerby/kerb-simplekdc/1.0.1/kerb-simplekdc-1.0.1.jar:/home/alex/.m2/repository/org/apache/kerby/kerb-client/1.0.1/kerb-client-1.0.1.jar:/home/alex/.m2/repository/org/apache/kerby/kerby-config/1.0.1/kerby-config-1.0.1.jar:/home/alex/.m2/repository/org/apache/kerby/kerb-core/1.0.1/kerb-core-1.0.1.jar:/home/alex/.m2/repository/org/apache/kerby/kerby-pkix/1.0.1/kerby-pkix-1.0.1.jar:/home/alex/.m2/repository/org/apache/kerby/kerby-asn1/1.0.1/kerby-asn1-1.0.1.jar:/home/alex/.m2/repository/org/apache/kerby/kerby-util/1.0.1/kerby-util-1.0.1.jar:/home/alex/.m2/repository/org/apache/kerby/kerb-common/1.0.1/kerb-common-1.0.1.jar:/home/alex/.m2/repository/org/apache/kerby/kerb-crypto/1.0.1/kerb-crypto-1.0.1.jar:/home/alex/.m2/repository/org/apache/kerby/kerb-util/1.0.1/kerb-util-1.0.1.jar:/home/alex/.m2/repository/org/apache/kerby/token-provider/1.0.1/token-provider-1.0.1.jar:/home/alex/.m2/repository/org/apache/kerby/kerb-admin/1.0.1/kerb-admin-1.0.1.jar:/home/alex/.m2/repository/org/apache/kerby/kerb-server/1.0.1/kerb-server-1.0.1.jar:/home/alex/.m2/repository/org/apache/kerby/kerb-identity/1.0.1/kerb-identity-1.0.1.jar:/home/alex/.m2/repository/org/apache/kerby/kerby-xdr/1.0.1/kerby-xdr-1.0.1.jar:/home/alex/.m2/repository/org/codehaus/woodstox/stax2-api/3.1.4/stax2-api-3.1.4.jar:/home/alex/.m2/repository/com/fasterxml/woodstox/woodstox-core/5.0.3/woodstox-core-5.0.3.jar:/home/alex/.m2/repository/org/apache/hadoop/hadoop-archives/3.1.0/hadoop-archives-3.1.0.jar:/home/alex/.m2/repository/org/apache/hadoop/hadoop-yarn-registry/3.1.0/hadoop-yarn-registry-3.1.0.jar:/home/alex/.m2/repository/org/apache/curator/curator-client/4.2.0/curator-client-4.2.0.jar:/home/alex/.m2/repository/org/apache/curator/curator-recipes/4.2.0/curator-recipes-4.2.0.jar:/home/alex/.m2/repository/commons-daemon/commons-daemon/1.0.13/commons-daemon-1.0.13.jar:/home/alex/.m2/repository/dnsjava/dnsjava/2.1.7/dnsjava-2.1.7.jar:/home/alex/.m2/repository/org/apache/hadoop/hadoop-mapreduce-client-core/3.1.0/hadoop-mapreduce-client-core-3.1.0.jar:/home/alex/.m2/repository/org/apache/hadoop/hadoop-hdfs-client/3.1.0/hadoop-hdfs-client-3.1.0.jar:/home/alex/.m2/repository/com/squareup/okhttp/okhttp/2.7.5/okhttp-2.7.5.jar:/home/alex/.m2/repository/com/squareup/okio/okio/1.6.0/okio-1.6.0.jar:/home/alex/.m2/repository/com/google/inject/extensions/guice-servlet/4.0/guice-servlet-4.0.jar:/home/alex/.m2/repository/org/apache/hadoop/hadoop-mapreduce-client-common/3.1.0/hadoop-mapreduce-client-common-3.1.0.jar:/home/alex/.m2/repository/org/apache/hadoop/hadoop-hdfs/3.1.0/hadoop-hdfs-3.1.0.jar:/home/alex/.m2/repository/org/eclipse/jetty/jetty-util-ajax/9.3.19.v20170502/jetty-util-ajax-9.3.19.v20170502.jar:/home/alex/.m2/repository/org/fusesource/leveldbjni/leveldbjni-all/1.8/leveldbjni-all-1.8.jar:/home/alex/.m2/repository/org/apache/hadoop/hadoop-yarn-api/3.1.0/hadoop-yarn-api-3.1.0.jar:/home/alex/.m2/repository/javax/xml/bind/jaxb-api/2.2.11/jaxb-api-2.2.11.jar:/home/alex/.m2/repository/org/apache/hadoop/hadoop-yarn-common/3.1.0/hadoop-yarn-common-3.1.0.jar:/home/alex/.m2/repository/com/google/inject/guice/4.0/guice-4.0.jar:/home/alex/.m2/repository/aopalliance/aopalliance/1.0/aopalliance-1.0.jar:/home/alex/.m2/repository/com/sun/jersey/contribs/jersey-guice/1.19/jersey-guice-1.19.jar:/home/alex/.m2/repository/com/fasterxml/jackson/module/jackson-module-jaxb-annotations/2.12.0/jackson-module-jaxb-annotations-2.12.0.jar:/home/alex/.m2/repository/jakarta/xml/bind/jakarta.xml.bind-api/2.3.2/jakarta.xml.bind-api-2.3.2.jar:/home/alex/.m2/repository/jakarta/activation/jakarta.activation-api/1.2.1/jakarta.activation-api-1.2.1.jar:/home/alex/.m2/repository/org/apache/hadoop/hadoop-yarn-client/3.1.0/hadoop-yarn-client-3.1.0.jar:/home/alex/.m2/repository/org/apache/orc/orc-tools/1.6.9/orc-tools-1.6.9.jar:/home/alex/.m2/repository/com/opencsv/opencsv/3.9/opencsv-3.9.jar:/home/alex/.m2/repository/org/codehaus/jettison/jettison/1.1/jettison-1.1.jar:/home/alex/.m2/repository/org/threeten/threetenbp/1.3.5/threetenbp-1.3.5.jar:/home/alex/.m2/repository/org/apache/ivy/ivy/2.4.0/ivy-2.4.0.jar:/home/alex/.m2/repository/org/apache/thrift/libthrift/0.14.1/libthrift-0.14.1.jar:/home/alex/.m2/repository/org/apache/httpcomponents/httpcore/4.4.13/httpcore-4.4.13.jar:/home/alex/.m2/repository/org/apache/tomcat/embed/tomcat-embed-core/8.5.46/tomcat-embed-core-8.5.46.jar:/home/alex/.m2/repository/org/apache/tomcat/tomcat-annotations-api/8.5.46/tomcat-annotations-api-8.5.46.jar:/home/alex/.m2/repository/javax/annotation/javax.annotation-api/1.3.2/javax.annotation-api-1.3.2.jar:/home/alex/.m2/repository/org/apache/zookeeper/zookeeper/3.5.5/zookeeper-3.5.5.jar:/home/alex/.m2/repository/org/apache/zookeeper/zookeeper-jute/3.5.5/zookeeper-jute-3.5.5.jar:/home/alex/.m2/repository/org/apache/curator/curator-framework/4.2.0/curator-framework-4.2.0.jar:/home/alex/.m2/repository/org/apache/curator/curator-test/4.2.0/curator-test-4.2.0.jar:/home/alex/.m2/repository/org/apache/datasketches/datasketches-hive/1.1.0-incubating/datasketches-hive-1.1.0-incubating.jar:/home/alex/.m2/repository/org/apache/datasketches/datasketches-java/1.3.0-incubating/datasketches-java-1.3.0-incubating.jar:/home/alex/.m2/repository/org/apache/datasketches/datasketches-memory/1.2.0-incubating/datasketches-memory-1.2.0-incubating.jar:/home/alex/.m2/repository/org/slf4j/slf4j-simple/1.7.27/slf4j-simple-1.7.27.jar:/home/alex/.m2/repository/com/lmax/disruptor/3.3.7/disruptor-3.3.7.jar:/home/alex/.m2/repository/org/codehaus/groovy/groovy-all/2.4.11/groovy-all-2.4.11.jar:/home/alex/.m2/repository/org/jodd/jodd-util/6.0.0/jodd-util-6.0.0.jar:/home/alex/.m2/repository/com/fasterxml/jackson/core/jackson-annotations/2.12.0/jackson-annotations-2.12.0.jar:/home/alex/.m2/repository/com/fasterxml/jackson/core/jackson-core/2.12.0/jackson-core-2.12.0.jar:/home/alex/.m2/repository/com/fasterxml/jackson/core/jackson-databind/2.12.0/jackson-databind-2.12.0.jar:/home/alex/.m2/repository/com/fasterxml/jackson/dataformat/jackson-dataformat-yaml/2.12.0/jackson-dataformat-yaml-2.12.0.jar:/home/alex/.m2/repository/org/yaml/snakeyaml/1.27/snakeyaml-1.27.jar:/home/alex/.m2/repository/org/datanucleus/datanucleus-core/5.2.4/datanucleus-core-5.2.4.jar:/home/alex/.m2/repository/org/apache/calcite/calcite-core/1.25.0/calcite-core-1.25.0.jar:/home/alex/.m2/repository/org/apache/calcite/calcite-linq4j/1.25.0/calcite-linq4j-1.25.0.jar:/home/alex/.m2/repository/org/apiguardian/apiguardian-api/1.1.0/apiguardian-api-1.1.0.jar:/home/alex/.m2/repository/com/esri/geometry/esri-geometry-api/2.2.0/esri-geometry-api-2.2.0.jar:/home/alex/.m2/repository/com/yahoo/datasketches/sketches-core/0.9.0/sketches-core-0.9.0.jar:/home/alex/.m2/repository/com/yahoo/datasketches/memory/0.9.0/memory-0.9.0.jar:/home/alex/.m2/repository/org/apache/commons/commons-dbcp2/2.7.0/commons-dbcp2-2.7.0.jar:/home/alex/.m2/repository/org/apache/commons/commons-pool2/2.7.0/commons-pool2-2.7.0.jar:/home/alex/.m2/repository/org/apache/calcite/calcite-druid/1.25.0/calcite-druid-1.25.0.jar:/home/alex/.m2/repository/org/apache/calcite/avatica/avatica/1.12.0/avatica-1.12.0.jar:/home/alex/.m2/repository/com/google/guava/guava/19.0/guava-19.0.jar:/home/alex/.m2/repository/com/googlecode/javaewah/JavaEWAH/0.3.2/JavaEWAH-0.3.2.jar:/home/alex/.m2/repository/com/google/code/gson/gson/2.2.4/gson-2.2.4.jar:/home/alex/.m2/repository/com/tdunning/json/1.8/json-1.8.jar:/home/alex/.m2/repository/stax/stax-api/1.0.1/stax-api-1.0.1.jar:/home/alex/.m2/repository/net/sf/opencsv/opencsv/2.3/opencsv-2.3.jar:/home/alex/Repositories/hive/standalone-metastore/metastore-server/target/classes:/home/alex/.m2/repository/com/zaxxer/HikariCP/2.6.1/HikariCP-2.6.1.jar:/home/alex/.m2/repository/commons-beanutils/commons-beanutils/1.9.4/commons-beanutils-1.9.4.jar:/home/alex/.m2/repository/org/datanucleus/datanucleus-api-jdo/5.2.4/datanucleus-api-jdo-5.2.4.jar:/home/alex/.m2/repository/org/datanucleus/datanucleus-rdbms/5.2.4/datanucleus-rdbms-5.2.4.jar:/home/alex/.m2/repository/org/datanucleus/javax.jdo/3.2.0-release/javax.jdo-3.2.0-release.jar:/home/alex/.m2/repository/javax/transaction/javax.transaction-api/1.3/javax.transaction-api-1.3.jar:/home/alex/.m2/repository/org/glassfish/corba/glassfish-corba-omgapi/4.2.2/glassfish-corba-omgapi-4.2.2.jar:/home/alex/.m2/repository/sqlline/sqlline/1.9.0/sqlline-1.9.0.jar:/home/alex/.m2/repository/org/jline/jline-terminal/3.12.1/jline-terminal-3.12.1.jar:/home/alex/.m2/repository/org/jline/jline-reader/3.12.1/jline-reader-3.12.1.jar:/home/alex/.m2/repository/org/jline/jline-terminal-jansi/3.12.1/jline-terminal-jansi-3.12.1.jar:/home/alex/.m2/repository/org/fusesource/jansi/jansi/1.18/jansi-1.18.jar:/home/alex/.m2/repository/org/jline/jline-terminal-jna/3.12.1/jline-terminal-jna-3.12.1.jar:/home/alex/.m2/repository/net/java/dev/jna/jna/5.3.1/jna-5.3.1.jar:/home/alex/.m2/repository/org/jline/jline-builtins/3.12.1/jline-builtins-3.12.1.jar:/home/alex/.m2/repository/org/jline/jline-style/3.12.1/jline-style-3.12.1.jar:/home/alex/.m2/repository/com/cronutils/cron-utils/9.1.3/cron-utils-9.1.3.jar:/home/alex/.m2/repository/org/glassfish/javax.el/3.0.0/javax.el-3.0.0.jar:/home/alex/.m2/repository/com/oracle/database/jdbc/ojdbc8/21.3.0.0/ojdbc8-21.3.0.0.jar:/home/alex/.m2/repository/mysql/mysql-connector-java/8.0.27/mysql-connector-java-8.0.27.jar:/home/alex/.m2/repository/com/microsoft/sqlserver/mssql-jdbc/6.2.1.jre8/mssql-jdbc-6.2.1.jre8.jar:/home/alex/.m2/repository/org/postgresql/postgresql/42.2.14/postgresql-42.2.14.jar:/home/alex/Repositories/hive/common/target/test-classes:/home/alex/Repositories/hive/standalone-metastore/metastore-common/target/test-classes:/home/alex/.m2/repository/com/github/ben-manes/caffeine/caffeine/2.8.4/caffeine-2.8.4.jar:/home/alex/.m2/repository/org/checkerframework/checker-qual/3.4.0/checker-qual-3.4.0.jar:/home/alex/Repositories/hive/standalone-metastore/metastore-server/target/test-classes:/home/alex/.m2/repository/org/apache/parquet/parquet-column/1.11.1/parquet-column-1.11.1-tests.jar:/home/alex/.m2/repository/org/apache/parquet/parquet-common/1.11.1/parquet-common-1.11.1.jar:/home/alex/.m2/repository/org/apache/parquet/parquet-format-structures/1.11.1/parquet-format-structures-1.11.1.jar:/home/alex/.m2/repository/org/apache/parquet/parquet-encoding/1.11.1/parquet-encoding-1.11.1.jar:/home/alex/.m2/repository/junit/junit/4.13/junit-4.13.jar:/home/alex/.m2/repository/org/hamcrest/hamcrest-core/1.3/hamcrest-core-1.3.jar:/home/alex/.m2/repository/org/junit/jupiter/junit-jupiter-engine/5.6.2/junit-jupiter-engine-5.6.2.jar:/home/alex/.m2/repository/org/junit/platform/junit-platform-engine/1.6.2/junit-platform-engine-1.6.2.jar:/home/alex/.m2/repository/org/opentest4j/opentest4j/1.2.0/opentest4j-1.2.0.jar:/home/alex/.m2/repository/org/junit/platform/junit-platform-commons/1.6.2/junit-platform-commons-1.6.2.jar:/home/alex/.m2/repository/org/junit/jupiter/junit-jupiter-api/5.6.2/junit-jupiter-api-5.6.2.jar:/home/alex/.m2/repository/org/junit/jupiter/junit-jupiter-params/5.6.2/junit-jupiter-params-5.6.2.jar:/home/alex/.m2/repository/org/junit/vintage/junit-vintage-engine/5.6.2/junit-vintage-engine-5.6.2.jar:/home/alex/.m2/repository/org/apache/tez/tez-api/0.10.1/tez-api-0.10.1.jar:/usr/lib/jvm/java-8-openjdk-amd64/jre/../lib/tools.jar:/home/alex/.m2/repository/org/apache/tez/tez-runtime-library/0.10.1/tez-runtime-library-0.10.1.jar:/home/alex/.m2/repository/org/roaringbitmap/RoaringBitmap/0.5.21/RoaringBitmap-0.5.21.jar:/home/alex/.m2/repository/org/asynchttpclient/async-http-client/2.12.1/async-http-client-2.12.1.jar:/home/alex/.m2/repository/org/asynchttpclient/async-http-client-netty-utils/2.12.1/async-http-client-netty-utils-2.12.1.jar:/home/alex/.m2/repository/io/netty/netty-buffer/4.1.48.Final/netty-buffer-4.1.48.Final.jar:/home/alex/.m2/repository/io/netty/netty-codec-http/4.1.48.Final/netty-codec-http-4.1.48.Final.jar:/home/alex/.m2/repository/io/netty/netty-common/4.1.48.Final/netty-common-4.1.48.Final.jar:/home/alex/.m2/repository/io/netty/netty-transport/4.1.48.Final/netty-transport-4.1.48.Final.jar:/home/alex/.m2/repository/io/netty/netty-codec/4.1.48.Final/netty-codec-4.1.48.Final.jar:/home/alex/.m2/repository/io/netty/netty-handler/4.1.48.Final/netty-handler-4.1.48.Final.jar:/home/alex/.m2/repository/io/netty/netty-resolver/4.1.48.Final/netty-resolver-4.1.48.Final.jar:/home/alex/.m2/repository/io/netty/netty-codec-socks/4.1.48.Final/netty-codec-socks-4.1.48.Final.jar:/home/alex/.m2/repository/io/netty/netty-handler-proxy/4.1.48.Final/netty-handler-proxy-4.1.48.Final.jar:/home/alex/.m2/repository/io/netty/netty-transport-native-epoll/4.1.48.Final/netty-transport-native-epoll-4.1.48.Final-linux-x86_64.jar:/home/alex/.m2/repository/io/netty/netty-transport-native-unix-common/4.1.48.Final/netty-transport-native-unix-common-4.1.48.Final.jar:/home/alex/.m2/repository/io/netty/netty-transport-native-kqueue/4.1.48.Final/netty-transport-native-kqueue-4.1.48.Final-osx-x86_64.jar:/home/alex/.m2/repository/org/reactivestreams/reactive-streams/1.0.3/reactive-streams-1.0.3.jar:/home/alex/.m2/repository/com/typesafe/netty/netty-reactive-streams/2.0.4/netty-reactive-streams-2.0.4.jar:/home/alex/.m2/repository/com/sun/activation/javax.activation/1.2.0/javax.activation-1.2.0.jar:/home/alex/.m2/repository/org/apache/tez/tez-common/0.10.1/tez-common-0.10.1.jar:/home/alex/.m2/repository/org/apache/tez/tez-runtime-internals/0.10.1/tez-runtime-internals-0.10.1.jar:/home/alex/.m2/repository/org/apache/tez/hadoop-shim/0.10.1/hadoop-shim-0.10.1.jar:/home/alex/.m2/repository/org/apache/tez/tez-mapreduce/0.10.1/tez-mapreduce-0.10.1.jar:/home/alex/.m2/repository/org/apache/tez/tez-dag/0.10.1/tez-dag-0.10.1.jar:/home/alex/.m2/repository/org/apache/hadoop/hadoop-yarn-server-web-proxy/3.1.0/hadoop-yarn-server-web-proxy-3.1.0.jar:/home/alex/.m2/repository/org/apache/hadoop/hadoop-yarn-server-common/3.1.0/hadoop-yarn-server-common-3.1.0.jar:/home/alex/.m2/repository/org/apache/geronimo/specs/geronimo-jcache_1.0_spec/1.0-alpha-1/geronimo-jcache_1.0_spec-1.0-alpha-1.jar:/home/alex/.m2/repository/org/ehcache/ehcache/3.3.1/ehcache-3.3.1.jar:/home/alex/.m2/repository/com/zaxxer/HikariCP-java7/2.4.12/HikariCP-java7-2.4.12.jar:/home/alex/.m2/repository/org/apache/spark/spark-core_2.12/2.4.5/spark-core_2.12-2.4.5.jar:/home/alex/.m2/repository/com/twitter/chill_2.12/0.9.3/chill_2.12-0.9.3.jar:/home/alex/.m2/repository/com/twitter/chill-java/0.9.3/chill-java-0.9.3.jar:/home/alex/.m2/repository/org/apache/xbean/xbean-asm6-shaded/4.8/xbean-asm6-shaded-4.8.jar:/home/alex/.m2/repository/org/apache/hadoop/hadoop-client/3.1.0/hadoop-client-3.1.0.jar:/home/alex/.m2/repository/org/apache/hadoop/hadoop-mapreduce-client-jobclient/3.1.0/hadoop-mapreduce-client-jobclient-3.1.0.jar:/home/alex/.m2/repository/org/apache/spark/spark-launcher_2.12/2.4.5/spark-launcher_2.12-2.4.5.jar:/home/alex/.m2/repository/org/apache/spark/spark-kvstore_2.12/2.4.5/spark-kvstore_2.12-2.4.5.jar:/home/alex/.m2/repository/org/apache/spark/spark-network-common_2.12/2.4.5/spark-network-common_2.12-2.4.5.jar:/home/alex/.m2/repository/org/apache/spark/spark-network-shuffle_2.12/2.4.5/spark-network-shuffle_2.12-2.4.5.jar:/home/alex/.m2/repository/org/apache/spark/spark-unsafe_2.12/2.4.5/spark-unsafe_2.12-2.4.5.jar:/home/alex/.m2/repository/javax/activation/activation/1.1.1/activation-1.1.1.jar:/home/alex/.m2/repository/org/slf4j/jul-to-slf4j/1.7.16/jul-to-slf4j-1.7.16.jar:/home/alex/.m2/repository/org/slf4j/jcl-over-slf4j/1.7.16/jcl-over-slf4j-1.7.16.jar:/home/alex/.m2/repository/com/ning/compress-lzf/1.0.3/compress-lzf-1.0.3.jar:/home/alex/.m2/repository/org/lz4/lz4-java/1.4.0/lz4-java-1.4.0.jar:/home/alex/.m2/repository/com/github/luben/zstd-jni/1.3.2-2/zstd-jni-1.3.2-2.jar:/home/alex/.m2/repository/org/scala-lang/scala-library/2.12.10/scala-library-2.12.10.jar:/home/alex/.m2/repository/org/json4s/json4s-jackson_2.12/3.5.3/json4s-jackson_2.12-3.5.3.jar:/home/alex/.m2/repository/org/json4s/json4s-core_2.12/3.5.3/json4s-core_2.12-3.5.3.jar:/home/alex/.m2/repository/org/json4s/json4s-ast_2.12/3.5.3/json4s-ast_2.12-3.5.3.jar:/home/alex/.m2/repository/org/json4s/json4s-scalap_2.12/3.5.3/json4s-scalap_2.12-3.5.3.jar:/home/alex/.m2/repository/org/scala-lang/modules/scala-xml_2.12/1.0.6/scala-xml_2.12-1.0.6.jar:/home/alex/.m2/repository/com/clearspring/analytics/stream/2.7.0/stream-2.7.0.jar:/home/alex/.m2/repository/io/dropwizard/metrics/metrics-graphite/3.1.5/metrics-graphite-3.1.5.jar:/home/alex/.m2/repository/oro/oro/2.0.8/oro-2.0.8.jar:/home/alex/.m2/repository/net/razorvine/pyrolite/4.13/pyrolite-4.13.jar:/home/alex/.m2/repository/net/sf/py4j/py4j/0.10.7/py4j-0.10.7.jar:/home/alex/.m2/repository/org/apache/spark/spark-tags_2.12/2.4.5/spark-tags_2.12-2.4.5.jar:/home/alex/.m2/repository/org/spark-project/spark/unused/1.0.0/unused-1.0.0.jar:/home/alex/.m2/repository/com/sun/jersey/jersey-servlet/1.19/jersey-servlet-1.19.jar:/home/alex/.m2/repository/org/glassfish/jersey/core/jersey-server/2.22.2/jersey-server-2.22.2.jar:/home/alex/.m2/repository/org/glassfish/jersey/core/jersey-common/2.22.2/jersey-common-2.22.2.jar:/home/alex/.m2/repository/org/glassfish/jersey/bundles/repackaged/jersey-guava/2.22.2/jersey-guava-2.22.2.jar:/home/alex/.m2/repository/org/glassfish/hk2/osgi-resource-locator/1.0.1/osgi-resource-locator-1.0.1.jar:/home/alex/.m2/repository/org/glassfish/jersey/core/jersey-client/2.22.2/jersey-client-2.22.2.jar:/home/alex/.m2/repository/javax/ws/rs/javax.ws.rs-api/2.0.1/javax.ws.rs-api-2.0.1.jar:/home/alex/.m2/repository/org/glassfish/jersey/media/jersey-media-jaxb/2.22.2/jersey-media-jaxb-2.22.2.jar:/home/alex/.m2/repository/org/glassfish/hk2/hk2-api/2.4.0-b34/hk2-api-2.4.0-b34.jar:/home/alex/.m2/repository/org/glassfish/hk2/hk2-utils/2.4.0-b34/hk2-utils-2.4.0-b34.jar:/home/alex/.m2/repository/org/glassfish/hk2/external/aopalliance-repackaged/2.4.0-b34/aopalliance-repackaged-2.4.0-b34.jar:/home/alex/.m2/repository/org/glassfish/hk2/external/javax.inject/2.4.0-b34/javax.inject-2.4.0-b34.jar:/home/alex/.m2/repository/org/glassfish/hk2/hk2-locator/2.4.0-b34/hk2-locator-2.4.0-b34.jar:/home/alex/.m2/repository/javax/validation/validation-api/1.1.0.Final/validation-api-1.1.0.Final.jar:/home/alex/.m2/repository/org/glassfish/jersey/containers/jersey-container-servlet-core/2.22.2/jersey-container-servlet-core-2.22.2.jar:/home/alex/.m2/repository/org/hamcrest/hamcrest-all/1.3/hamcrest-all-1.3.jar:/home/alex/.m2/repository/org/powermock/powermock-module-junit4/2.0.2/powermock-module-junit4-2.0.2.jar:/home/alex/.m2/repository/org/powermock/powermock-module-junit4-common/2.0.2/powermock-module-junit4-common-2.0.2.jar:/home/alex/.m2/repository/org/powermock/powermock-reflect/2.0.2/powermock-reflect-2.0.2.jar:/home/alex/.m2/repository/org/powermock/powermock-core/2.0.2/powermock-core-2.0.2.jar:/home/alex/.m2/repository/org/powermock/powermock-api-mockito2/2.0.2/powermock-api-mockito2-2.0.2.jar:/home/alex/.m2/repository/org/powermock/powermock-api-support/2.0.2/powermock-api-support-2.0.2.jar:/home/alex/.m2/repository/com/google/guava/guava-testlib/19.0/guava-testlib-19.0.jar:/home/alex/.m2/repository/com/google/errorprone/error_prone_annotations/2.0.2/error_prone_annotations-2.0.2.jar:/home/alex/.m2/repository/com/google/re2j/re2j/1.2/re2j-1.2.jar:/home/alex/.m2/repository/org/reflections/reflections/0.9.10/reflections-0.9.10.jar:/home/alex/.m2/repository/org/javassist/javassist/3.19.0-GA/javassist-3.19.0-GA.jar:/home/alex/.m2/repository/com/jayway/jsonpath/json-path/2.4.0/json-path-2.4.0.jar:/home/alex/.m2/repository/net/minidev/json-smart/2.3/json-smart-2.3.jar:/home/alex/.m2/repository/net/minidev/accessors-smart/1.2/accessors-smart-1.2.jar:/home/alex/.m2/repository/org/ow2/asm/asm/5.0.4/asm-5.0.4.jar:/home/alex/.m2/repository/org/codehaus/janino/commons-compiler/3.0.11/commons-compiler-3.0.11.jar:/home/alex/.m2/repository/org/codehaus/janino/janino/3.0.11/janino-3.0.11.jar:/home/alex/.m2/repository/com/sun/jersey/contribs/jersey-multipart/1.19/jersey-multipart-1.19.jar:/home/alex/.m2/repository/org/jvnet/mimepull/mimepull/1.9.3/mimepull-1.9.3.jar:/home/alex/.m2/repository/org/apache/kafka/kafka-clients/2.5.0/kafka-clients-2.5.0.jar:/home/alex/.m2/repository/org/slf4j/slf4j-api/1.7.30/slf4j-api-1.7.30.jar:/home/alex/.m2/repository/org/mockito/mockito-core/3.4.4/mockito-core-3.4.4.jar:/home/alex/.m2/repository/net/bytebuddy/byte-buddy/1.10.13/byte-buddy-1.10.13.jar:/home/alex/.m2/repository/net/bytebuddy/byte-buddy-agent/1.10.13/byte-buddy-agent-1.10.13.jar:/home/alex/Repositories/hive/ql/target/testconf:/home/alex/Repositories/hive/ql/../conf:"/>
    <property name="sun.cpu.endian" value="little"/>
    <property name="user.home" value="/home/alex"/>
    <property name="user.language" value="en"/>
    <property name="java.security.krb5.conf" value="/home/alex/Repositories/hive/ql/target/testconf/krb5.conf"/>
    <property name="test.dfs.mkdir" value=""/>
    <property name="java.awt.graphicsenv" value="sun.awt.X11GraphicsEnvironment"/>
    <property name="nondexFilter" value=".*"/>
    <property name="nondexSeed" value="933178"/>
    <property name="surefire.real.class.path" value="/home/alex/Repositories/hive/ql/target/surefire/surefirebooter5492876019985432672.jar"/>
    <property name="hadoop.log.dir" value="/home/alex/Repositories/hive/ql/target/tmp"/>
    <property name="java.net.preferIPv4Stack" value="true"/>
    <property name="path.separator" value=":"/>
    <property name="os.version" value="6.5.0-28-generic"/>
    <property name="java.endorsed.dirs" value="/usr/lib/jvm/java-8-openjdk-amd64/jre/lib/endorsed"/>
    <property name="java.runtime.name" value="OpenJDK Runtime Environment"/>
    <property name="hive.test.console.log.level" value="INFO"/>
    <property name="java.vm.name" value="OpenJDK 64-Bit Server VM"/>
    <property name="java.vendor.url.bug" value="http://bugreport.sun.com/bugreport/"/>
    <property name="maven.local.repository" value="/home/alex/.m2/repository"/>
    <property name="user.dir" value="/home/alex/Repositories/hive/ql"/>
    <property name="os.arch" value="amd64"/>
    <property name="nondexMode" value="FULL"/>
    <property name="user.language.format" value="pt"/>
    <property name="antlr.version" value="3.5.2"/>
    <property name="derby.version" value="10.14.1.0"/>
    <property name="java.vm.info" value="mixed mode"/>
    <property name="java.vm.version" value="25.402-b06"/>
    <property name="java.ext.dirs" value="/usr/lib/jvm/java-8-openjdk-amd64/jre/lib/ext:/usr/java/packages/lib/ext"/>
    <property name="test.output.overwrite" value=""/>
    <property name="java.class.version" value="52.0"/>
    <property name="hive.root" value="/home/alex/Repositories/hive/ql/../"/>
  </properties>
  <testcase name="testMMFlatSource" classname="org.apache.hadoop.hive.ql.TestTxnExIm" time="19.348"/>
  <testcase name="testMMCreateFlatSource" classname="org.apache.hadoop.hive.ql.TestTxnExIm" time="0">
    <skipped message="in this case no transactional tables are involved"/>
  </testcase>
  <testcase name="testExportCustomDb" classname="org.apache.hadoop.hive.ql.TestTxnExIm" time="8.808"/>
  <testcase name="testCTLT" classname="org.apache.hadoop.hive.ql.TestTxnExIm" time="0">
    <skipped/>
  </testcase>
  <testcase name="testMMCreate" classname="org.apache.hadoop.hive.ql.TestTxnExIm" time="7.063"/>
  <testcase name="testMM" classname="org.apache.hadoop.hive.ql.TestTxnExIm" time="6.673"/>
  <testcase name="testImportPartitionedCreate2" classname="org.apache.hadoop.hive.ql.TestTxnExIm" time="8.879"/>
  <testcase name="testExportPart" classname="org.apache.hadoop.hive.ql.TestTxnExIm" time="7.391"/>
  <testcase name="testImportPartitionedOrc" classname="org.apache.hadoop.hive.ql.TestTxnExIm" time="8.544"/>
  <testcase name="testImportNoTarget" classname="org.apache.hadoop.hive.ql.TestTxnExIm" time="7.298">
    <error type="java.lang.RuntimeException"><![CDATA[java.lang.RuntimeException: update T set a = 0 where b = 6 failed: (responseCode = 40000, errorMessage = FAILED: NoMatchingMethodException No matching method for class org.apache.hadoop.hive.ql.udf.UDFToInteger with (struct<writeid:bigint,bucketid:int,rowid:bigint>). Possible choices: _FUNC_(bigint)  _FUNC_(boolean)  _FUNC_(decimal(38,18))  _FUNC_(double)  _FUNC_(float)  _FUNC_(smallint)  _FUNC_(string)  _FUNC_(struct<bucketid:bigint,rowid:int,writeid:bigint>)  _FUNC_(timestamp)  _FUNC_(tinyint)  _FUNC_(void)  , hiveErrorCode = 40000, SQLState = 42000, exception = No matching method for class org.apache.hadoop.hive.ql.udf.UDFToInteger with (struct<writeid:bigint,bucketid:int,rowid:bigint>). Possible choices: _FUNC_(bigint)  _FUNC_(boolean)  _FUNC_(decimal(38,18))  _FUNC_(double)  _FUNC_(float)  _FUNC_(smallint)  _FUNC_(string)  _FUNC_(struct<bucketid:bigint,rowid:int,writeid:bigint>)  _FUNC_(timestamp)  _FUNC_(tinyint)  _FUNC_(void)  )
	at org.apache.hadoop.hive.ql.TxnCommandsBaseForTests.runStatementOnDriver(TxnCommandsBaseForTests.java:247)
	at org.apache.hadoop.hive.ql.TestTxnExIm.testImport(TestTxnExIm.java:335)
	at org.apache.hadoop.hive.ql.TestTxnExIm.testImportNoTarget(TestTxnExIm.java:298)
	at sun.reflect.NativeMethodAccessorImpl.invoke0(Native Method)
	at sun.reflect.NativeMethodAccessorImpl.invoke(NativeMethodAccessorImpl.java:62)
	at sun.reflect.DelegatingMethodAccessorImpl.invoke(DelegatingMethodAccessorImpl.java:43)
	at java.lang.reflect.Method.invoke(Method.java:498)
	at org.junit.runners.model.FrameworkMethod$1.runReflectiveCall(FrameworkMethod.java:59)
	at org.junit.internal.runners.model.ReflectiveCallable.run(ReflectiveCallable.java:12)
	at org.junit.runners.model.FrameworkMethod.invokeExplosively(FrameworkMethod.java:56)
	at org.junit.internal.runners.statements.InvokeMethod.evaluate(InvokeMethod.java:17)
	at org.junit.internal.runners.statements.RunBefores.evaluate(RunBefores.java:26)
	at org.junit.internal.runners.statements.RunAfters.evaluate(RunAfters.java:27)
	at org.junit.rules.TestWatcher$1.evaluate(TestWatcher.java:61)
	at org.junit.runners.ParentRunner$3.evaluate(ParentRunner.java:306)
	at org.junit.runners.BlockJUnit4ClassRunner$1.evaluate(BlockJUnit4ClassRunner.java:100)
	at org.junit.runners.ParentRunner.runLeaf(ParentRunner.java:366)
	at org.junit.runners.BlockJUnit4ClassRunner.runChild(BlockJUnit4ClassRunner.java:103)
	at org.junit.runners.BlockJUnit4ClassRunner.runChild(BlockJUnit4ClassRunner.java:63)
	at org.junit.runners.ParentRunner$4.run(ParentRunner.java:331)
	at org.junit.runners.ParentRunner$1.schedule(ParentRunner.java:79)
	at org.junit.runners.ParentRunner.runChildren(ParentRunner.java:329)
	at org.junit.runners.ParentRunner.access$100(ParentRunner.java:66)
	at org.junit.runners.ParentRunner$2.evaluate(ParentRunner.java:293)
	at org.junit.runners.ParentRunner$3.evaluate(ParentRunner.java:306)
	at org.junit.runners.ParentRunner.run(ParentRunner.java:413)
	at org.junit.runner.JUnitCore.run(JUnitCore.java:137)
	at org.junit.runner.JUnitCore.run(JUnitCore.java:115)
	at org.junit.vintage.engine.execution.RunnerExecutor.execute(RunnerExecutor.java:43)
	at java.util.stream.ForEachOps$ForEachOp$OfRef.accept(ForEachOps.java:183)
	at java.util.stream.ReferencePipeline$3$1.accept(ReferencePipeline.java:193)
	at java.util.Iterator.forEachRemaining(Iterator.java:116)
	at java.util.Spliterators$IteratorSpliterator.forEachRemaining(Spliterators.java:1801)
	at java.util.stream.AbstractPipeline.copyInto(AbstractPipeline.java:482)
	at java.util.stream.AbstractPipeline.wrapAndCopyInto(AbstractPipeline.java:472)
	at java.util.stream.ForEachOps$ForEachOp.evaluateSequential(ForEachOps.java:150)
	at java.util.stream.ForEachOps$ForEachOp$OfRef.evaluateSequential(ForEachOps.java:173)
	at java.util.stream.AbstractPipeline.evaluate(AbstractPipeline.java:234)
	at java.util.stream.ReferencePipeline.forEach(ReferencePipeline.java:485)
	at org.junit.vintage.engine.VintageTestEngine.executeAllChildren(VintageTestEngine.java:82)
	at org.junit.vintage.engine.VintageTestEngine.execute(VintageTestEngine.java:73)
	at org.junit.platform.launcher.core.DefaultLauncher.execute(DefaultLauncher.java:248)
	at org.junit.platform.launcher.core.DefaultLauncher.lambda$execute$5(DefaultLauncher.java:211)
	at org.junit.platform.launcher.core.DefaultLauncher.withInterceptedStreams(DefaultLauncher.java:226)
	at org.junit.platform.launcher.core.DefaultLauncher.execute(DefaultLauncher.java:199)
	at org.junit.platform.launcher.core.DefaultLauncher.execute(DefaultLauncher.java:132)
	at org.apache.maven.surefire.junitplatform.JUnitPlatformProvider.invokeAllTests(JUnitPlatformProvider.java:154)
	at org.apache.maven.surefire.junitplatform.JUnitPlatformProvider.invoke(JUnitPlatformProvider.java:123)
	at org.apache.maven.surefire.booter.ForkedBooter.runSuitesInProcess(ForkedBooter.java:377)
	at org.apache.maven.surefire.booter.ForkedBooter.execute(ForkedBooter.java:138)
	at org.apache.maven.surefire.booter.ForkedBooter.run(ForkedBooter.java:465)
	at org.apache.maven.surefire.booter.ForkedBooter.main(ForkedBooter.java:451)
]]></error>
    <system-err><![CDATA[2024-04-23T20:49:06,354  WARN [main] conf.HiveConf: HiveConf of name hive.dummyparam.test.server.specific.config.override does not exist
2024-04-23T20:49:06,354  WARN [main] conf.HiveConf: HiveConf of name hive.dummyparam.test.server.specific.config.hivesite does not exist
2024-04-23T20:49:06,354  WARN [main] conf.HiveConf: HiveConf of name hive.dummyparam.test.server.specific.config.metastoresite does not exist
2024-04-23T20:49:06,354  WARN [main] conf.HiveConf: HiveConf of name hive.llap.io.cache.orc.size does not exist
2024-04-23T20:49:06,354  WARN [main] conf.HiveConf: HiveConf of name hive.stats.key.prefix.reserve.length does not exist
2024-04-23T20:49:06,354  WARN [main] conf.HiveConf: HiveConf of name hive.metastore.client.cache.maxSize does not exist
2024-04-23T20:49:06,355  WARN [main] conf.HiveConf: HiveConf of name hive.metastore.metadb.dir does not exist
2024-04-23T20:49:06,355  WARN [main] conf.HiveConf: HiveConf of name hive.metastore.client.cache.recordStats does not exist
2024-04-23T20:49:06,355  WARN [main] conf.HiveConf: HiveConf of name hive.llap.io.cache.orc.arena.size does not exist
2024-04-23T20:49:06,355  WARN [main] conf.HiveConf: HiveConf of name hive.llap.io.cache.orc.alloc.max does not exist
2024-04-23T20:49:06,355  WARN [main] conf.HiveConf: HiveConf of name hive.llap.io.cache.orc.alloc.min does not exist
2024-04-23T20:49:06,357  INFO [main] utils.TestTxnDbUtil: Creating transactional tables
Hive Session ID = 28e4294f-eef7-4697-aa68-a23410ea526c
2024-04-23T20:49:06,359  INFO [main] SessionState: Hive Session ID = 28e4294f-eef7-4697-aa68-a23410ea526c
ivysettings.xml file not found in HIVE_HOME or HIVE_CONF_DIR,/home/alex/Repositories/hive/conf/ivysettings.xml will be used
2024-04-23T20:49:06,360  INFO [main] DependencyResolver: ivysettings.xml file not found in HIVE_HOME or HIVE_CONF_DIR,/home/alex/Repositories/hive/conf/ivysettings.xml will be used
2024-04-23T20:49:06,365  INFO [main] session.SessionState: Created HDFS directory: /home/alex/Repositories/hive/ql/target/tmp/scratchdir/alex/28e4294f-eef7-4697-aa68-a23410ea526c
2024-04-23T20:49:06,367  INFO [main] session.SessionState: Created local directory: /home/alex/Repositories/hive/ql/target/tmp/localscratchdir/28e4294f-eef7-4697-aa68-a23410ea526c
2024-04-23T20:49:06,370  INFO [main] session.SessionState: Created HDFS directory: /home/alex/Repositories/hive/ql/target/tmp/scratchdir/alex/28e4294f-eef7-4697-aa68-a23410ea526c/_tmp_space.db
2024-04-23T20:49:06,370  INFO [main] sqlstd.SQLStdHiveAccessController: Created SQLStdHiveAccessController for session context : HiveAuthzSessionContext [sessionString=28e4294f-eef7-4697-aa68-a23410ea526c, clientType=HIVECLI]
2024-04-23T20:49:06,370  INFO [main] ql.TxnCommandsBaseForTests: Running the query: drop table if exists acidTbl
2024-04-23T20:49:06,371  INFO [main] ql.Driver: Compiling command(queryId=alex_20240423204906_9bc980e9-2442-4b0c-bc82-1cdb059345b1): drop table if exists acidTbl
2024-04-23T20:49:06,382  INFO [main] txn.TxnHandler: Added entries to MIN_HISTORY_LEVEL for current txns: ([1]) with min_open_txn: 1
2024-04-23T20:49:06,382  INFO [main] lockmgr.DbTxnManager: Opened txnid:1
2024-04-23T20:49:06,385  INFO [main] HiveMetaStore.audit: ugi=alex	ip=unknown-ip-addr	cmd=get_table : tbl=hive.default.acidTbl	
2024-04-23T20:49:06,392  INFO [main] ql.Driver: Semantic Analysis Completed (retrial = false)
2024-04-23T20:49:06,392  INFO [main] ql.Driver: Created Hive schema: Schema(fieldSchemas:null, properties:null)
2024-04-23T20:49:06,392  INFO [main] metadata.Hive: Dumping metastore api call timing information for : compilation phase
2024-04-23T20:49:06,393  INFO [main] metadata.Hive: Total time spent in each metastore function (ms): {getValidTxns_(long)=3, commitTxn_(CommitTxnRequest)=17, isCompatibleWith_(Configuration)=0, openTxn_(String, TxnType)=11, flushCache_()=0}
2024-04-23T20:49:06,393  INFO [main] ql.Driver: Completed compiling command(queryId=alex_20240423204906_9bc980e9-2442-4b0c-bc82-1cdb059345b1); Time taken: 0.021 seconds
2024-04-23T20:49:06,393  INFO [main] lockmgr.DbTxnManager: Setting lock request transaction to txnid:1 for queryId=alex_20240423204906_9bc980e9-2442-4b0c-bc82-1cdb059345b1
2024-04-23T20:49:06,393  INFO [main] ql.Driver: Operation DROPTABLE obtained 0 locks
2024-04-23T20:49:06,393  INFO [main] ql.Driver: Executing command(queryId=alex_20240423204906_9bc980e9-2442-4b0c-bc82-1cdb059345b1): drop table if exists acidTbl
2024-04-23T20:49:06,393  INFO [main] ql.Driver: Starting task [Stage-0:DDL] in serial mode
2024-04-23T20:49:06,393  INFO [main] HiveMetaStore.audit: ugi=alex	ip=unknown-ip-addr	cmd=get_table : tbl=hive.default.acidTbl	
2024-04-23T20:49:06,397  INFO [main] metadata.Hive: Dumping metastore api call timing information for : execution phase
2024-04-23T20:49:06,397  INFO [main] metadata.Hive: Total time spent in each metastore function (ms): {isCompatibleWith_(Configuration)=0}
2024-04-23T20:49:06,397  INFO [main] ql.Driver: Completed executing command(queryId=alex_20240423204906_9bc980e9-2442-4b0c-bc82-1cdb059345b1); Time taken: 0.004 seconds
2024-04-23T20:49:06,397  INFO [main] lockmgr.DbTxnManager: Stopped heartbeat for query: alex_20240423204906_9bc980e9-2442-4b0c-bc82-1cdb059345b1
2024-04-23T20:49:06,404  INFO [main] txn.TxnHandler: Expected to move at least one record from txn_components to completed_txn_components when committing txn! txnid:1
2024-04-23T20:49:06,412  INFO [main] txn.TxnHandler: Removed transactions: ([1]) from MIN_HISTORY_LEVEL
2024-04-23T20:49:06,412  WARN [main] txn.CompactionTxnHandler: No compaction queue record found for Compaction type transaction commit. txnId:1
2024-04-23T20:49:06,413  INFO [main] ql.TxnCommandsBaseForTests: Running the query: drop table if exists acidTblPart
2024-04-23T20:49:06,413  INFO [main] ql.Driver: Compiling command(queryId=alex_20240423204906_69065e6a-fabe-46d0-b230-62a81f9995f8): drop table if exists acidTblPart
2024-04-23T20:49:06,416  INFO [main] txn.TxnHandler: Added entries to MIN_HISTORY_LEVEL for current txns: ([2]) with min_open_txn: 1
2024-04-23T20:49:06,416  INFO [main] lockmgr.DbTxnManager: Opened txnid:2
2024-04-23T20:49:06,417  INFO [main] HiveMetaStore.audit: ugi=alex	ip=unknown-ip-addr	cmd=get_table : tbl=hive.default.acidTblPart	
2024-04-23T20:49:06,421  INFO [main] ql.Driver: Semantic Analysis Completed (retrial = false)
2024-04-23T20:49:06,421  INFO [main] ql.Driver: Created Hive schema: Schema(fieldSchemas:null, properties:null)
2024-04-23T20:49:06,421  INFO [main] metadata.Hive: Dumping metastore api call timing information for : compilation phase
2024-04-23T20:49:06,421  INFO [main] metadata.Hive: Total time spent in each metastore function (ms): {flushCache_()=0, isCompatibleWith_(Configuration)=1, openTxn_(String, TxnType)=2, commitTxn_(CommitTxnRequest)=15, getValidTxns_(long)=0}
2024-04-23T20:49:06,421  INFO [main] ql.Driver: Completed compiling command(queryId=alex_20240423204906_69065e6a-fabe-46d0-b230-62a81f9995f8); Time taken: 0.008 seconds
2024-04-23T20:49:06,421  INFO [main] lockmgr.DbTxnManager: Setting lock request transaction to txnid:2 for queryId=alex_20240423204906_69065e6a-fabe-46d0-b230-62a81f9995f8
2024-04-23T20:49:06,421  INFO [main] ql.Driver: Operation DROPTABLE obtained 0 locks
2024-04-23T20:49:06,421  INFO [main] ql.Driver: Executing command(queryId=alex_20240423204906_69065e6a-fabe-46d0-b230-62a81f9995f8): drop table if exists acidTblPart
2024-04-23T20:49:06,422  INFO [main] ql.Driver: Starting task [Stage-0:DDL] in serial mode
2024-04-23T20:49:06,422  INFO [main] HiveMetaStore.audit: ugi=alex	ip=unknown-ip-addr	cmd=get_table : tbl=hive.default.acidTblPart	
2024-04-23T20:49:06,425  INFO [main] metadata.Hive: Dumping metastore api call timing information for : execution phase
2024-04-23T20:49:06,425  INFO [main] metadata.Hive: Total time spent in each metastore function (ms): {isCompatibleWith_(Configuration)=0}
2024-04-23T20:49:06,425  INFO [main] ql.Driver: Completed executing command(queryId=alex_20240423204906_69065e6a-fabe-46d0-b230-62a81f9995f8); Time taken: 0.004 seconds
2024-04-23T20:49:06,426  INFO [main] lockmgr.DbTxnManager: Stopped heartbeat for query: alex_20240423204906_69065e6a-fabe-46d0-b230-62a81f9995f8
2024-04-23T20:49:06,432  INFO [main] txn.TxnHandler: Expected to move at least one record from txn_components to completed_txn_components when committing txn! txnid:2
2024-04-23T20:49:06,439  INFO [main] txn.TxnHandler: Removed transactions: ([2]) from MIN_HISTORY_LEVEL
2024-04-23T20:49:06,439  WARN [main] txn.CompactionTxnHandler: No compaction queue record found for Compaction type transaction commit. txnId:2
2024-04-23T20:49:06,440  INFO [main] ql.TxnCommandsBaseForTests: Running the query: drop table if exists acidTbl2
2024-04-23T20:49:06,440  INFO [main] ql.Driver: Compiling command(queryId=alex_20240423204906_bef139c5-fb43-4fa7-947d-47241ecb51d9): drop table if exists acidTbl2
2024-04-23T20:49:06,442  INFO [main] txn.TxnHandler: Added entries to MIN_HISTORY_LEVEL for current txns: ([3]) with min_open_txn: 1
2024-04-23T20:49:06,442  INFO [main] lockmgr.DbTxnManager: Opened txnid:3
2024-04-23T20:49:06,443  INFO [main] HiveMetaStore.audit: ugi=alex	ip=unknown-ip-addr	cmd=get_table : tbl=hive.default.acidTbl2	
2024-04-23T20:49:06,446  INFO [main] ql.Driver: Semantic Analysis Completed (retrial = false)
2024-04-23T20:49:06,446  INFO [main] ql.Driver: Created Hive schema: Schema(fieldSchemas:null, properties:null)
2024-04-23T20:49:06,446  INFO [main] metadata.Hive: Dumping metastore api call timing information for : compilation phase
2024-04-23T20:49:06,446  INFO [main] metadata.Hive: Total time spent in each metastore function (ms): {getValidTxns_(long)=1, flushCache_()=0, commitTxn_(CommitTxnRequest)=13, isCompatibleWith_(Configuration)=0, openTxn_(String, TxnType)=2}
2024-04-23T20:49:06,446  INFO [main] ql.Driver: Completed compiling command(queryId=alex_20240423204906_bef139c5-fb43-4fa7-947d-47241ecb51d9); Time taken: 0.006 seconds
2024-04-23T20:49:06,446  INFO [main] lockmgr.DbTxnManager: Setting lock request transaction to txnid:3 for queryId=alex_20240423204906_bef139c5-fb43-4fa7-947d-47241ecb51d9
2024-04-23T20:49:06,446  INFO [main] ql.Driver: Operation DROPTABLE obtained 0 locks
2024-04-23T20:49:06,446  INFO [main] ql.Driver: Executing command(queryId=alex_20240423204906_bef139c5-fb43-4fa7-947d-47241ecb51d9): drop table if exists acidTbl2
2024-04-23T20:49:06,446  INFO [main] ql.Driver: Starting task [Stage-0:DDL] in serial mode
2024-04-23T20:49:06,447  INFO [main] HiveMetaStore.audit: ugi=alex	ip=unknown-ip-addr	cmd=get_table : tbl=hive.default.acidTbl2	
2024-04-23T20:49:06,450  INFO [main] metadata.Hive: Dumping metastore api call timing information for : execution phase
2024-04-23T20:49:06,450  INFO [main] metadata.Hive: Total time spent in each metastore function (ms): {isCompatibleWith_(Configuration)=0}
2024-04-23T20:49:06,450  INFO [main] ql.Driver: Completed executing command(queryId=alex_20240423204906_bef139c5-fb43-4fa7-947d-47241ecb51d9); Time taken: 0.004 seconds
2024-04-23T20:49:06,450  INFO [main] lockmgr.DbTxnManager: Stopped heartbeat for query: alex_20240423204906_bef139c5-fb43-4fa7-947d-47241ecb51d9
2024-04-23T20:49:06,456  INFO [main] txn.TxnHandler: Expected to move at least one record from txn_components to completed_txn_components when committing txn! txnid:3
2024-04-23T20:49:06,463  INFO [main] txn.TxnHandler: Removed transactions: ([3]) from MIN_HISTORY_LEVEL
2024-04-23T20:49:06,463  WARN [main] txn.CompactionTxnHandler: No compaction queue record found for Compaction type transaction commit. txnId:3
2024-04-23T20:49:06,463  INFO [main] ql.TxnCommandsBaseForTests: Running the query: drop table if exists nonAcidOrcTbl
2024-04-23T20:49:06,464  INFO [main] ql.Driver: Compiling command(queryId=alex_20240423204906_d0df32c3-1aa3-4259-af22-0b4ef86347a6): drop table if exists nonAcidOrcTbl
2024-04-23T20:49:06,466  INFO [main] txn.TxnHandler: Added entries to MIN_HISTORY_LEVEL for current txns: ([4]) with min_open_txn: 1
2024-04-23T20:49:06,466  INFO [main] lockmgr.DbTxnManager: Opened txnid:4
2024-04-23T20:49:06,467  INFO [main] HiveMetaStore.audit: ugi=alex	ip=unknown-ip-addr	cmd=get_table : tbl=hive.default.nonAcidOrcTbl	
2024-04-23T20:49:06,470  INFO [main] ql.Driver: Semantic Analysis Completed (retrial = false)
2024-04-23T20:49:06,470  INFO [main] ql.Driver: Created Hive schema: Schema(fieldSchemas:null, properties:null)
2024-04-23T20:49:06,470  INFO [main] metadata.Hive: Dumping metastore api call timing information for : compilation phase
2024-04-23T20:49:06,470  INFO [main] metadata.Hive: Total time spent in each metastore function (ms): {openTxn_(String, TxnType)=2, getValidTxns_(long)=1, commitTxn_(CommitTxnRequest)=13, flushCache_()=0, isCompatibleWith_(Configuration)=0}
2024-04-23T20:49:06,470  INFO [main] ql.Driver: Completed compiling command(queryId=alex_20240423204906_d0df32c3-1aa3-4259-af22-0b4ef86347a6); Time taken: 0.006 seconds
2024-04-23T20:49:06,471  INFO [main] lockmgr.DbTxnManager: Setting lock request transaction to txnid:4 for queryId=alex_20240423204906_d0df32c3-1aa3-4259-af22-0b4ef86347a6
2024-04-23T20:49:06,471  INFO [main] ql.Driver: Operation DROPTABLE obtained 0 locks
2024-04-23T20:49:06,471  INFO [main] ql.Driver: Executing command(queryId=alex_20240423204906_d0df32c3-1aa3-4259-af22-0b4ef86347a6): drop table if exists nonAcidOrcTbl
2024-04-23T20:49:06,471  INFO [main] ql.Driver: Starting task [Stage-0:DDL] in serial mode
2024-04-23T20:49:06,471  INFO [main] HiveMetaStore.audit: ugi=alex	ip=unknown-ip-addr	cmd=get_table : tbl=hive.default.nonAcidOrcTbl	
2024-04-23T20:49:06,474  INFO [main] metadata.Hive: Dumping metastore api call timing information for : execution phase
2024-04-23T20:49:06,474  INFO [main] metadata.Hive: Total time spent in each metastore function (ms): {isCompatibleWith_(Configuration)=0}
2024-04-23T20:49:06,474  INFO [main] ql.Driver: Completed executing command(queryId=alex_20240423204906_d0df32c3-1aa3-4259-af22-0b4ef86347a6); Time taken: 0.003 seconds
2024-04-23T20:49:06,474  INFO [main] lockmgr.DbTxnManager: Stopped heartbeat for query: alex_20240423204906_d0df32c3-1aa3-4259-af22-0b4ef86347a6
2024-04-23T20:49:06,479  INFO [main] txn.TxnHandler: Expected to move at least one record from txn_components to completed_txn_components when committing txn! txnid:4
2024-04-23T20:49:06,485  INFO [main] txn.TxnHandler: Removed transactions: ([4]) from MIN_HISTORY_LEVEL
2024-04-23T20:49:06,486  WARN [main] txn.CompactionTxnHandler: No compaction queue record found for Compaction type transaction commit. txnId:4
2024-04-23T20:49:06,486  INFO [main] ql.TxnCommandsBaseForTests: Running the query: drop table if exists nonAcidOrcTbl2
2024-04-23T20:49:06,487  INFO [main] ql.Driver: Compiling command(queryId=alex_20240423204906_f9ddaa67-ec17-44eb-97a6-76121aae1b47): drop table if exists nonAcidOrcTbl2
2024-04-23T20:49:06,489  INFO [main] txn.TxnHandler: Added entries to MIN_HISTORY_LEVEL for current txns: ([5]) with min_open_txn: 1
2024-04-23T20:49:06,489  INFO [main] lockmgr.DbTxnManager: Opened txnid:5
2024-04-23T20:49:06,490  INFO [main] HiveMetaStore.audit: ugi=alex	ip=unknown-ip-addr	cmd=get_table : tbl=hive.default.nonAcidOrcTbl2	
2024-04-23T20:49:06,493  INFO [main] ql.Driver: Semantic Analysis Completed (retrial = false)
2024-04-23T20:49:06,493  INFO [main] ql.Driver: Created Hive schema: Schema(fieldSchemas:null, properties:null)
2024-04-23T20:49:06,493  INFO [main] metadata.Hive: Dumping metastore api call timing information for : compilation phase
2024-04-23T20:49:06,493  INFO [main] metadata.Hive: Total time spent in each metastore function (ms): {getValidTxns_(long)=1, openTxn_(String, TxnType)=2, flushCache_()=0, commitTxn_(CommitTxnRequest)=12, isCompatibleWith_(Configuration)=0}
2024-04-23T20:49:06,493  INFO [main] ql.Driver: Completed compiling command(queryId=alex_20240423204906_f9ddaa67-ec17-44eb-97a6-76121aae1b47); Time taken: 0.007 seconds
2024-04-23T20:49:06,494  INFO [main] lockmgr.DbTxnManager: Setting lock request transaction to txnid:5 for queryId=alex_20240423204906_f9ddaa67-ec17-44eb-97a6-76121aae1b47
2024-04-23T20:49:06,494  INFO [main] ql.Driver: Operation DROPTABLE obtained 0 locks
2024-04-23T20:49:06,494  INFO [main] ql.Driver: Executing command(queryId=alex_20240423204906_f9ddaa67-ec17-44eb-97a6-76121aae1b47): drop table if exists nonAcidOrcTbl2
2024-04-23T20:49:06,494  INFO [main] ql.Driver: Starting task [Stage-0:DDL] in serial mode
2024-04-23T20:49:06,494  INFO [main] HiveMetaStore.audit: ugi=alex	ip=unknown-ip-addr	cmd=get_table : tbl=hive.default.nonAcidOrcTbl2	
2024-04-23T20:49:06,497  INFO [main] metadata.Hive: Dumping metastore api call timing information for : execution phase
2024-04-23T20:49:06,497  INFO [main] metadata.Hive: Total time spent in each metastore function (ms): {isCompatibleWith_(Configuration)=0}
2024-04-23T20:49:06,497  INFO [main] ql.Driver: Completed executing command(queryId=alex_20240423204906_f9ddaa67-ec17-44eb-97a6-76121aae1b47); Time taken: 0.003 seconds
2024-04-23T20:49:06,497  INFO [main] lockmgr.DbTxnManager: Stopped heartbeat for query: alex_20240423204906_f9ddaa67-ec17-44eb-97a6-76121aae1b47
2024-04-23T20:49:06,503  INFO [main] txn.TxnHandler: Expected to move at least one record from txn_components to completed_txn_components when committing txn! txnid:5
2024-04-23T20:49:06,508  INFO [main] txn.TxnHandler: Removed transactions: ([5]) from MIN_HISTORY_LEVEL
2024-04-23T20:49:06,509  WARN [main] txn.CompactionTxnHandler: No compaction queue record found for Compaction type transaction commit. txnId:5
2024-04-23T20:49:06,509  INFO [main] ql.TxnCommandsBaseForTests: Running the query: drop table if exists nonAcidNonBucket
2024-04-23T20:49:06,509  INFO [main] ql.Driver: Compiling command(queryId=alex_20240423204906_7875096f-3ed8-4235-981b-5fb07daaa378): drop table if exists nonAcidNonBucket
2024-04-23T20:49:06,512  INFO [main] txn.TxnHandler: Added entries to MIN_HISTORY_LEVEL for current txns: ([6]) with min_open_txn: 1
2024-04-23T20:49:06,512  INFO [main] lockmgr.DbTxnManager: Opened txnid:6
2024-04-23T20:49:06,513  INFO [main] HiveMetaStore.audit: ugi=alex	ip=unknown-ip-addr	cmd=get_table : tbl=hive.default.nonAcidNonBucket	
2024-04-23T20:49:06,516  INFO [main] ql.Driver: Semantic Analysis Completed (retrial = false)
2024-04-23T20:49:06,516  INFO [main] ql.Driver: Created Hive schema: Schema(fieldSchemas:null, properties:null)
2024-04-23T20:49:06,516  INFO [main] metadata.Hive: Dumping metastore api call timing information for : compilation phase
2024-04-23T20:49:06,516  INFO [main] metadata.Hive: Total time spent in each metastore function (ms): {commitTxn_(CommitTxnRequest)=12, getValidTxns_(long)=1, openTxn_(String, TxnType)=2, flushCache_()=0, isCompatibleWith_(Configuration)=0}
2024-04-23T20:49:06,516  INFO [main] ql.Driver: Completed compiling command(queryId=alex_20240423204906_7875096f-3ed8-4235-981b-5fb07daaa378); Time taken: 0.007 seconds
2024-04-23T20:49:06,516  INFO [main] lockmgr.DbTxnManager: Setting lock request transaction to txnid:6 for queryId=alex_20240423204906_7875096f-3ed8-4235-981b-5fb07daaa378
2024-04-23T20:49:06,516  INFO [main] ql.Driver: Operation DROPTABLE obtained 0 locks
2024-04-23T20:49:06,517  INFO [main] ql.Driver: Executing command(queryId=alex_20240423204906_7875096f-3ed8-4235-981b-5fb07daaa378): drop table if exists nonAcidNonBucket
2024-04-23T20:49:06,517  INFO [main] ql.Driver: Starting task [Stage-0:DDL] in serial mode
2024-04-23T20:49:06,517  INFO [main] HiveMetaStore.audit: ugi=alex	ip=unknown-ip-addr	cmd=get_table : tbl=hive.default.nonAcidNonBucket	
2024-04-23T20:49:06,520  INFO [main] metadata.Hive: Dumping metastore api call timing information for : execution phase
2024-04-23T20:49:06,520  INFO [main] metadata.Hive: Total time spent in each metastore function (ms): {isCompatibleWith_(Configuration)=0}
2024-04-23T20:49:06,520  INFO [main] ql.Driver: Completed executing command(queryId=alex_20240423204906_7875096f-3ed8-4235-981b-5fb07daaa378); Time taken: 0.003 seconds
2024-04-23T20:49:06,520  INFO [main] lockmgr.DbTxnManager: Stopped heartbeat for query: alex_20240423204906_7875096f-3ed8-4235-981b-5fb07daaa378
2024-04-23T20:49:06,525  INFO [main] txn.TxnHandler: Expected to move at least one record from txn_components to completed_txn_components when committing txn! txnid:6
2024-04-23T20:49:06,531  INFO [main] txn.TxnHandler: Removed transactions: ([6]) from MIN_HISTORY_LEVEL
2024-04-23T20:49:06,531  WARN [main] txn.CompactionTxnHandler: No compaction queue record found for Compaction type transaction commit. txnId:6
2024-04-23T20:49:06,532  INFO [main] ql.TxnCommandsBaseForTests: Running the query: create table acidTbl(a int, b int) clustered by (a) into 2 buckets stored as orc TBLPROPERTIES ('transactional'='true')
2024-04-23T20:49:06,532  INFO [main] ql.Driver: Compiling command(queryId=alex_20240423204906_2cf7856d-0607-443b-8143-c730cc0a81f2): create table acidTbl(a int, b int) clustered by (a) into 2 buckets stored as orc TBLPROPERTIES ('transactional'='true')
2024-04-23T20:49:06,535  INFO [main] txn.TxnHandler: Added entries to MIN_HISTORY_LEVEL for current txns: ([7]) with min_open_txn: 1
2024-04-23T20:49:06,535  INFO [main] lockmgr.DbTxnManager: Opened txnid:7
2024-04-23T20:49:06,536  INFO [main] parse.CalcitePlanner: Starting caching scope for: 
2024-04-23T20:49:06,536  INFO [main] parse.CalcitePlanner: Starting Semantic Analysis
2024-04-23T20:49:06,541  INFO [main] parse.CalcitePlanner: Creating table default.acidTbl position=13
2024-04-23T20:49:06,542  INFO [main] HiveMetaStore.audit: ugi=alex	ip=unknown-ip-addr	cmd=get_database: default	
2024-04-23T20:49:06,544  INFO [main] parse.CalcitePlanner: Ending caching scope for: 
2024-04-23T20:49:06,544  INFO [main] ql.Driver: Semantic Analysis Completed (retrial = false)
2024-04-23T20:49:06,544  INFO [main] ql.Driver: Created Hive schema: Schema(fieldSchemas:null, properties:null)
2024-04-23T20:49:06,544  INFO [main] metadata.Hive: Dumping metastore api call timing information for : compilation phase
2024-04-23T20:49:06,545  INFO [main] metadata.Hive: Total time spent in each metastore function (ms): {getDatabase_(String)=2, flushCache_()=0, openTxn_(String, TxnType)=2, getValidTxns_(long)=1, getValidWriteIds_(List, String)=5, isCompatibleWith_(Configuration)=0, commitTxn_(CommitTxnRequest)=12}
2024-04-23T20:49:06,545  INFO [main] ql.Driver: Completed compiling command(queryId=alex_20240423204906_2cf7856d-0607-443b-8143-c730cc0a81f2); Time taken: 0.012 seconds
2024-04-23T20:49:06,545  INFO [main] lockmgr.DbTxnManager: Setting lock request transaction to txnid:7 for queryId=alex_20240423204906_2cf7856d-0607-443b-8143-c730cc0a81f2
2024-04-23T20:49:06,545  INFO [main] lockmgr.DbLockManager: Requesting lock for queryId=alex_20240423204906_2cf7856d-0607-443b-8143-c730cc0a81f2
2024-04-23T20:49:06,563  INFO [main] lockmgr.DbLockManager: Response to queryId=alex_20240423204906_2cf7856d-0607-443b-8143-c730cc0a81f2 LockResponse(lockid:1, state:ACQUIRED)
2024-04-23T20:49:06,563  INFO [main] ql.Driver: Operation CREATETABLE obtained 1 locks
2024-04-23T20:49:06,564  INFO [main] ql.Driver: Executing command(queryId=alex_20240423204906_2cf7856d-0607-443b-8143-c730cc0a81f2): create table acidTbl(a int, b int) clustered by (a) into 2 buckets stored as orc TBLPROPERTIES ('transactional'='true')
2024-04-23T20:49:06,564  INFO [main] ql.Driver: Starting task [Stage-0:DDL] in serial mode
2024-04-23T20:49:06,566  INFO [main] HiveMetaStore.audit: ugi=alex	ip=unknown-ip-addr	cmd=create_table_req: Table(tableName:acidTbl, dbName:default, owner:alex, createTime:1713930546, lastAccessTime:0, retention:0, sd:StorageDescriptor(cols:[FieldSchema(name:a, type:int, comment:null), FieldSchema(name:b, type:int, comment:null)], location:null, inputFormat:org.apache.hadoop.hive.ql.io.orc.OrcInputFormat, outputFormat:org.apache.hadoop.hive.ql.io.orc.OrcOutputFormat, compressed:false, numBuckets:2, serdeInfo:SerDeInfo(name:null, serializationLib:org.apache.hadoop.hive.ql.io.orc.OrcSerde, parameters:{serialization.format=1}), bucketCols:[a], sortCols:[], parameters:{}, skewedInfo:SkewedInfo(skewedColNames:[], skewedColValues:[], skewedColValueLocationMaps:{}), storedAsSubDirectories:false), partitionKeys:[], parameters:{transactional=true, numFilesErasureCoded=0, bucketing_version=2, COLUMN_STATS_ACCURATE={"BASIC_STATS":"true","COLUMN_STATS":{"a":"true","b":"true"}}, rawDataSize=0, numFiles=0, totalSize=0, numRows=0}, viewOriginalText:null, viewExpandedText:null, tableType:MANAGED_TABLE, privileges:PrincipalPrivilegeSet(userPrivileges:{alex=[PrivilegeGrantInfo(privilege:INSERT, createTime:-1, grantor:alex, grantorType:USER, grantOption:true), PrivilegeGrantInfo(privilege:SELECT, createTime:-1, grantor:alex, grantorType:USER, grantOption:true), PrivilegeGrantInfo(privilege:UPDATE, createTime:-1, grantor:alex, grantorType:USER, grantOption:true), PrivilegeGrantInfo(privilege:DELETE, createTime:-1, grantor:alex, grantorType:USER, grantOption:true)]}, groupPrivileges:null, rolePrivileges:null), temporary:false, catName:hive, ownerType:USER, writeId:0)	
2024-04-23T20:49:06,573  INFO [main] utils.FileUtils: Creating directory if it doesn't exist: file:/home/alex/Repositories/hive/ql/target/tmp/org.apache.hadoop.hive.ql.TestTxnExIm-1713930480318/warehouse/acidtbl
2024-04-23T20:49:06,614  INFO [main] metadata.Hive: Dumping metastore api call timing information for : execution phase
2024-04-23T20:49:06,614  INFO [main] metadata.Hive: Total time spent in each metastore function (ms): {isCompatibleWith_(Configuration)=0, createTable_(Table)=48}
2024-04-23T20:49:06,614  INFO [main] ql.Driver: Completed executing command(queryId=alex_20240423204906_2cf7856d-0607-443b-8143-c730cc0a81f2); Time taken: 0.05 seconds
2024-04-23T20:49:06,614  INFO [main] lockmgr.DbTxnManager: Stopped heartbeat for query: alex_20240423204906_2cf7856d-0607-443b-8143-c730cc0a81f2
2024-04-23T20:49:06,799  INFO [main] txn.TxnHandler: Expected to move at least one record from txn_components to completed_txn_components when committing txn! txnid:7
2024-04-23T20:49:06,804  INFO [main] txn.TxnHandler: Removed transactions: ([7]) from MIN_HISTORY_LEVEL
2024-04-23T20:49:06,805  WARN [main] txn.CompactionTxnHandler: No compaction queue record found for Compaction type transaction commit. txnId:7
2024-04-23T20:49:06,806  INFO [main] ql.TxnCommandsBaseForTests: Running the query: create table acidTblPart(a int, b int) partitioned by (p string) clustered by (a) into 2 buckets stored as orc TBLPROPERTIES ('transactional'='true')
2024-04-23T20:49:06,806  INFO [main] ql.Driver: Compiling command(queryId=alex_20240423204906_e6a4f8d0-9a97-4dcc-aab5-04b801ed2f88): create table acidTblPart(a int, b int) partitioned by (p string) clustered by (a) into 2 buckets stored as orc TBLPROPERTIES ('transactional'='true')
2024-04-23T20:49:06,809  INFO [main] txn.TxnHandler: Added entries to MIN_HISTORY_LEVEL for current txns: ([8]) with min_open_txn: 1
2024-04-23T20:49:06,809  INFO [main] lockmgr.DbTxnManager: Opened txnid:8
2024-04-23T20:49:06,810  INFO [main] parse.CalcitePlanner: Starting caching scope for: 
2024-04-23T20:49:06,810  INFO [main] parse.CalcitePlanner: Starting Semantic Analysis
2024-04-23T20:49:06,813  INFO [main] parse.CalcitePlanner: Creating table default.acidTblPart position=13
2024-04-23T20:49:06,813  INFO [main] HiveMetaStore.audit: ugi=alex	ip=unknown-ip-addr	cmd=get_database: default	
2024-04-23T20:49:06,815  INFO [main] parse.CalcitePlanner: Ending caching scope for: 
2024-04-23T20:49:06,815  INFO [main] ql.Driver: Semantic Analysis Completed (retrial = false)
2024-04-23T20:49:06,815  INFO [main] ql.Driver: Created Hive schema: Schema(fieldSchemas:null, properties:null)
2024-04-23T20:49:06,815  INFO [main] metadata.Hive: Dumping metastore api call timing information for : compilation phase
2024-04-23T20:49:06,816  INFO [main] metadata.Hive: Total time spent in each metastore function (ms): {isCompatibleWith_(Configuration)=0, getDatabase_(String)=2, getValidTxns_(long)=0, commitTxn_(CommitTxnRequest)=191, getValidWriteIds_(List, String)=3, openTxn_(String, TxnType)=2, flushCache_()=0}
2024-04-23T20:49:06,816  INFO [main] ql.Driver: Completed compiling command(queryId=alex_20240423204906_e6a4f8d0-9a97-4dcc-aab5-04b801ed2f88); Time taken: 0.009 seconds
2024-04-23T20:49:06,816  INFO [main] lockmgr.DbTxnManager: Setting lock request transaction to txnid:8 for queryId=alex_20240423204906_e6a4f8d0-9a97-4dcc-aab5-04b801ed2f88
2024-04-23T20:49:06,816  INFO [main] lockmgr.DbLockManager: Requesting lock for queryId=alex_20240423204906_e6a4f8d0-9a97-4dcc-aab5-04b801ed2f88
2024-04-23T20:49:06,831  INFO [main] lockmgr.DbLockManager: Response to queryId=alex_20240423204906_e6a4f8d0-9a97-4dcc-aab5-04b801ed2f88 LockResponse(lockid:2, state:ACQUIRED)
2024-04-23T20:49:06,831  INFO [main] ql.Driver: Operation CREATETABLE obtained 1 locks
2024-04-23T20:49:06,831  INFO [main] ql.Driver: Executing command(queryId=alex_20240423204906_e6a4f8d0-9a97-4dcc-aab5-04b801ed2f88): create table acidTblPart(a int, b int) partitioned by (p string) clustered by (a) into 2 buckets stored as orc TBLPROPERTIES ('transactional'='true')
2024-04-23T20:49:06,832  INFO [main] ql.Driver: Starting task [Stage-0:DDL] in serial mode
2024-04-23T20:49:06,833  INFO [main] HiveMetaStore.audit: ugi=alex	ip=unknown-ip-addr	cmd=create_table_req: Table(tableName:acidTblPart, dbName:default, owner:alex, createTime:1713930546, lastAccessTime:0, retention:0, sd:StorageDescriptor(cols:[FieldSchema(name:a, type:int, comment:null), FieldSchema(name:b, type:int, comment:null)], location:null, inputFormat:org.apache.hadoop.hive.ql.io.orc.OrcInputFormat, outputFormat:org.apache.hadoop.hive.ql.io.orc.OrcOutputFormat, compressed:false, numBuckets:2, serdeInfo:SerDeInfo(name:null, serializationLib:org.apache.hadoop.hive.ql.io.orc.OrcSerde, parameters:{serialization.format=1}), bucketCols:[a], sortCols:[], parameters:{}, skewedInfo:SkewedInfo(skewedColNames:[], skewedColValues:[], skewedColValueLocationMaps:{}), storedAsSubDirectories:false), partitionKeys:[FieldSchema(name:p, type:string, comment:null)], parameters:{transactional=true, bucketing_version=2}, viewOriginalText:null, viewExpandedText:null, tableType:MANAGED_TABLE, privileges:PrincipalPrivilegeSet(userPrivileges:{alex=[PrivilegeGrantInfo(privilege:INSERT, createTime:-1, grantor:alex, grantorType:USER, grantOption:true), PrivilegeGrantInfo(privilege:SELECT, createTime:-1, grantor:alex, grantorType:USER, grantOption:true), PrivilegeGrantInfo(privilege:UPDATE, createTime:-1, grantor:alex, grantorType:USER, grantOption:true), PrivilegeGrantInfo(privilege:DELETE, createTime:-1, grantor:alex, grantorType:USER, grantOption:true)]}, groupPrivileges:null, rolePrivileges:null), temporary:false, catName:hive, ownerType:USER, writeId:0)	
2024-04-23T20:49:06,839  INFO [main] utils.FileUtils: Creating directory if it doesn't exist: file:/home/alex/Repositories/hive/ql/target/tmp/org.apache.hadoop.hive.ql.TestTxnExIm-1713930480318/warehouse/acidtblpart
2024-04-23T20:49:06,859  INFO [main] metadata.Hive: Dumping metastore api call timing information for : execution phase
2024-04-23T20:49:06,859  INFO [main] metadata.Hive: Total time spent in each metastore function (ms): {createTable_(Table)=27, isCompatibleWith_(Configuration)=0}
2024-04-23T20:49:06,859  INFO [main] ql.Driver: Completed executing command(queryId=alex_20240423204906_e6a4f8d0-9a97-4dcc-aab5-04b801ed2f88); Time taken: 0.028 seconds
2024-04-23T20:49:06,859  INFO [main] lockmgr.DbTxnManager: Stopped heartbeat for query: alex_20240423204906_e6a4f8d0-9a97-4dcc-aab5-04b801ed2f88
2024-04-23T20:49:06,863  INFO [main] txn.TxnHandler: Expected to move at least one record from txn_components to completed_txn_components when committing txn! txnid:8
2024-04-23T20:49:06,868  INFO [main] txn.TxnHandler: Removed transactions: ([8]) from MIN_HISTORY_LEVEL
2024-04-23T20:49:06,868  WARN [main] txn.CompactionTxnHandler: No compaction queue record found for Compaction type transaction commit. txnId:8
2024-04-23T20:49:06,869  INFO [main] ql.TxnCommandsBaseForTests: Running the query: create table nonAcidOrcTbl(a int, b int) clustered by (a) into 2 buckets stored as orc TBLPROPERTIES ('transactional'='false')
2024-04-23T20:49:06,869  INFO [main] ql.Driver: Compiling command(queryId=alex_20240423204906_9d31d495-7c44-432b-b79d-13045b99759f): create table nonAcidOrcTbl(a int, b int) clustered by (a) into 2 buckets stored as orc TBLPROPERTIES ('transactional'='false')
2024-04-23T20:49:06,871  INFO [main] txn.TxnHandler: Added entries to MIN_HISTORY_LEVEL for current txns: ([9]) with min_open_txn: 1
2024-04-23T20:49:06,871  INFO [main] lockmgr.DbTxnManager: Opened txnid:9
2024-04-23T20:49:06,872  INFO [main] parse.CalcitePlanner: Starting caching scope for: 
2024-04-23T20:49:06,872  INFO [main] parse.CalcitePlanner: Starting Semantic Analysis
2024-04-23T20:49:06,874  INFO [main] parse.CalcitePlanner: Creating table default.nonAcidOrcTbl position=13
2024-04-23T20:49:06,874  INFO [main] HiveMetaStore.audit: ugi=alex	ip=unknown-ip-addr	cmd=get_database: default	
2024-04-23T20:49:06,876  INFO [main] parse.CalcitePlanner: Ending caching scope for: 
2024-04-23T20:49:06,876  INFO [main] ql.Driver: Semantic Analysis Completed (retrial = false)
2024-04-23T20:49:06,876  INFO [main] ql.Driver: Created Hive schema: Schema(fieldSchemas:null, properties:null)
2024-04-23T20:49:06,876  INFO [main] metadata.Hive: Dumping metastore api call timing information for : compilation phase
2024-04-23T20:49:06,876  INFO [main] metadata.Hive: Total time spent in each metastore function (ms): {commitTxn_(CommitTxnRequest)=8, openTxn_(String, TxnType)=1, getValidTxns_(long)=0, getDatabase_(String)=2, flushCache_()=0, isCompatibleWith_(Configuration)=1, getValidWriteIds_(List, String)=2}
2024-04-23T20:49:06,877  INFO [main] ql.Driver: Completed compiling command(queryId=alex_20240423204906_9d31d495-7c44-432b-b79d-13045b99759f); Time taken: 0.007 seconds
2024-04-23T20:49:06,877  INFO [main] lockmgr.DbTxnManager: Setting lock request transaction to txnid:9 for queryId=alex_20240423204906_9d31d495-7c44-432b-b79d-13045b99759f
2024-04-23T20:49:06,877  INFO [main] lockmgr.DbLockManager: Requesting lock for queryId=alex_20240423204906_9d31d495-7c44-432b-b79d-13045b99759f
2024-04-23T20:49:06,890  INFO [main] lockmgr.DbLockManager: Response to queryId=alex_20240423204906_9d31d495-7c44-432b-b79d-13045b99759f LockResponse(lockid:3, state:ACQUIRED)
2024-04-23T20:49:06,890  INFO [main] ql.Driver: Operation CREATETABLE obtained 1 locks
2024-04-23T20:49:06,890  INFO [main] ql.Driver: Executing command(queryId=alex_20240423204906_9d31d495-7c44-432b-b79d-13045b99759f): create table nonAcidOrcTbl(a int, b int) clustered by (a) into 2 buckets stored as orc TBLPROPERTIES ('transactional'='false')
2024-04-23T20:49:06,890  INFO [main] ql.Driver: Starting task [Stage-0:DDL] in serial mode
2024-04-23T20:49:06,891  INFO [main] HiveMetaStore.audit: ugi=alex	ip=unknown-ip-addr	cmd=create_table_req: Table(tableName:nonAcidOrcTbl, dbName:default, owner:alex, createTime:1713930546, lastAccessTime:0, retention:0, sd:StorageDescriptor(cols:[FieldSchema(name:a, type:int, comment:null), FieldSchema(name:b, type:int, comment:null)], location:null, inputFormat:org.apache.hadoop.hive.ql.io.orc.OrcInputFormat, outputFormat:org.apache.hadoop.hive.ql.io.orc.OrcOutputFormat, compressed:false, numBuckets:2, serdeInfo:SerDeInfo(name:null, serializationLib:org.apache.hadoop.hive.ql.io.orc.OrcSerde, parameters:{serialization.format=1}), bucketCols:[a], sortCols:[], parameters:{}, skewedInfo:SkewedInfo(skewedColNames:[], skewedColValues:[], skewedColValueLocationMaps:{}), storedAsSubDirectories:false), partitionKeys:[], parameters:{totalSize=0, numFiles=0, bucketing_version=2, numRows=0, COLUMN_STATS_ACCURATE={"BASIC_STATS":"true","COLUMN_STATS":{"a":"true","b":"true"}}, rawDataSize=0, transactional=false, numFilesErasureCoded=0}, viewOriginalText:null, viewExpandedText:null, tableType:MANAGED_TABLE, privileges:PrincipalPrivilegeSet(userPrivileges:{alex=[PrivilegeGrantInfo(privilege:INSERT, createTime:-1, grantor:alex, grantorType:USER, grantOption:true), PrivilegeGrantInfo(privilege:SELECT, createTime:-1, grantor:alex, grantorType:USER, grantOption:true), PrivilegeGrantInfo(privilege:UPDATE, createTime:-1, grantor:alex, grantorType:USER, grantOption:true), PrivilegeGrantInfo(privilege:DELETE, createTime:-1, grantor:alex, grantorType:USER, grantOption:true)]}, groupPrivileges:null, rolePrivileges:null), temporary:false, catName:hive, ownerType:USER)	
2024-04-23T20:49:06,897  INFO [main] utils.FileUtils: Creating directory if it doesn't exist: file:/home/alex/Repositories/hive/ql/target/tmp/org.apache.hadoop.hive.ql.TestTxnExIm-1713930480318/warehouse/nonacidorctbl
2024-04-23T20:49:06,912  INFO [main] metadata.Hive: Dumping metastore api call timing information for : execution phase
2024-04-23T20:49:06,912  INFO [main] metadata.Hive: Total time spent in each metastore function (ms): {createTable_(Table)=21, isCompatibleWith_(Configuration)=0}
2024-04-23T20:49:06,913  INFO [main] ql.Driver: Completed executing command(queryId=alex_20240423204906_9d31d495-7c44-432b-b79d-13045b99759f); Time taken: 0.022 seconds
2024-04-23T20:49:06,913  INFO [main] lockmgr.DbTxnManager: Stopped heartbeat for query: alex_20240423204906_9d31d495-7c44-432b-b79d-13045b99759f
2024-04-23T20:49:06,916  INFO [main] txn.TxnHandler: Expected to move at least one record from txn_components to completed_txn_components when committing txn! txnid:9
2024-04-23T20:49:06,921  INFO [main] txn.TxnHandler: Removed transactions: ([9]) from MIN_HISTORY_LEVEL
2024-04-23T20:49:06,921  WARN [main] txn.CompactionTxnHandler: No compaction queue record found for Compaction type transaction commit. txnId:9
2024-04-23T20:49:06,922  INFO [main] ql.TxnCommandsBaseForTests: Running the query: create table nonAcidOrcTbl2(a int, b int) clustered by (a) into 2 buckets stored as orc TBLPROPERTIES ('transactional'='false')
2024-04-23T20:49:06,922  INFO [main] ql.Driver: Compiling command(queryId=alex_20240423204906_6b57e656-163a-48e4-af45-6431e5cb6252): create table nonAcidOrcTbl2(a int, b int) clustered by (a) into 2 buckets stored as orc TBLPROPERTIES ('transactional'='false')
2024-04-23T20:49:06,924  INFO [main] txn.TxnHandler: Added entries to MIN_HISTORY_LEVEL for current txns: ([10]) with min_open_txn: 1
2024-04-23T20:49:06,924  INFO [main] lockmgr.DbTxnManager: Opened txnid:10
2024-04-23T20:49:06,925  INFO [main] parse.CalcitePlanner: Starting caching scope for: 
2024-04-23T20:49:06,925  INFO [main] parse.CalcitePlanner: Starting Semantic Analysis
2024-04-23T20:49:06,927  INFO [main] parse.CalcitePlanner: Creating table default.nonAcidOrcTbl2 position=13
2024-04-23T20:49:06,927  INFO [main] HiveMetaStore.audit: ugi=alex	ip=unknown-ip-addr	cmd=get_database: default	
2024-04-23T20:49:06,929  INFO [main] parse.CalcitePlanner: Ending caching scope for: 
2024-04-23T20:49:06,929  INFO [main] ql.Driver: Semantic Analysis Completed (retrial = false)
2024-04-23T20:49:06,929  INFO [main] ql.Driver: Created Hive schema: Schema(fieldSchemas:null, properties:null)
2024-04-23T20:49:06,929  INFO [main] metadata.Hive: Dumping metastore api call timing information for : compilation phase
2024-04-23T20:49:06,929  INFO [main] metadata.Hive: Total time spent in each metastore function (ms): {commitTxn_(CommitTxnRequest)=8, getDatabase_(String)=2, openTxn_(String, TxnType)=1, flushCache_()=0, isCompatibleWith_(Configuration)=1, getValidWriteIds_(List, String)=2, getValidTxns_(long)=0}
2024-04-23T20:49:06,930  INFO [main] ql.Driver: Completed compiling command(queryId=alex_20240423204906_6b57e656-163a-48e4-af45-6431e5cb6252); Time taken: 0.007 seconds
2024-04-23T20:49:06,930  INFO [main] lockmgr.DbTxnManager: Setting lock request transaction to txnid:10 for queryId=alex_20240423204906_6b57e656-163a-48e4-af45-6431e5cb6252
2024-04-23T20:49:06,930  INFO [main] lockmgr.DbLockManager: Requesting lock for queryId=alex_20240423204906_6b57e656-163a-48e4-af45-6431e5cb6252
2024-04-23T20:49:06,946  INFO [main] lockmgr.DbLockManager: Response to queryId=alex_20240423204906_6b57e656-163a-48e4-af45-6431e5cb6252 LockResponse(lockid:4, state:ACQUIRED)
2024-04-23T20:49:06,946  INFO [main] ql.Driver: Operation CREATETABLE obtained 1 locks
2024-04-23T20:49:06,946  INFO [main] ql.Driver: Executing command(queryId=alex_20240423204906_6b57e656-163a-48e4-af45-6431e5cb6252): create table nonAcidOrcTbl2(a int, b int) clustered by (a) into 2 buckets stored as orc TBLPROPERTIES ('transactional'='false')
2024-04-23T20:49:06,946  INFO [main] ql.Driver: Starting task [Stage-0:DDL] in serial mode
2024-04-23T20:49:06,947  INFO [main] HiveMetaStore.audit: ugi=alex	ip=unknown-ip-addr	cmd=create_table_req: Table(tableName:nonAcidOrcTbl2, dbName:default, owner:alex, createTime:1713930546, lastAccessTime:0, retention:0, sd:StorageDescriptor(cols:[FieldSchema(name:a, type:int, comment:null), FieldSchema(name:b, type:int, comment:null)], location:null, inputFormat:org.apache.hadoop.hive.ql.io.orc.OrcInputFormat, outputFormat:org.apache.hadoop.hive.ql.io.orc.OrcOutputFormat, compressed:false, numBuckets:2, serdeInfo:SerDeInfo(name:null, serializationLib:org.apache.hadoop.hive.ql.io.orc.OrcSerde, parameters:{serialization.format=1}), bucketCols:[a], sortCols:[], parameters:{}, skewedInfo:SkewedInfo(skewedColNames:[], skewedColValues:[], skewedColValueLocationMaps:{}), storedAsSubDirectories:false), partitionKeys:[], parameters:{bucketing_version=2, numRows=0, COLUMN_STATS_ACCURATE={"BASIC_STATS":"true","COLUMN_STATS":{"a":"true","b":"true"}}, transactional=false, numFiles=0, totalSize=0, numFilesErasureCoded=0, rawDataSize=0}, viewOriginalText:null, viewExpandedText:null, tableType:MANAGED_TABLE, privileges:PrincipalPrivilegeSet(userPrivileges:{alex=[PrivilegeGrantInfo(privilege:INSERT, createTime:-1, grantor:alex, grantorType:USER, grantOption:true), PrivilegeGrantInfo(privilege:SELECT, createTime:-1, grantor:alex, grantorType:USER, grantOption:true), PrivilegeGrantInfo(privilege:UPDATE, createTime:-1, grantor:alex, grantorType:USER, grantOption:true), PrivilegeGrantInfo(privilege:DELETE, createTime:-1, grantor:alex, grantorType:USER, grantOption:true)]}, groupPrivileges:null, rolePrivileges:null), temporary:false, catName:hive, ownerType:USER)	
2024-04-23T20:49:06,953  INFO [main] utils.FileUtils: Creating directory if it doesn't exist: file:/home/alex/Repositories/hive/ql/target/tmp/org.apache.hadoop.hive.ql.TestTxnExIm-1713930480318/warehouse/nonacidorctbl2
2024-04-23T20:49:06,969  INFO [main] metadata.Hive: Dumping metastore api call timing information for : execution phase
2024-04-23T20:49:06,969  INFO [main] metadata.Hive: Total time spent in each metastore function (ms): {isCompatibleWith_(Configuration)=0, createTable_(Table)=21}
2024-04-23T20:49:06,969  INFO [main] ql.Driver: Completed executing command(queryId=alex_20240423204906_6b57e656-163a-48e4-af45-6431e5cb6252); Time taken: 0.023 seconds
2024-04-23T20:49:06,969  INFO [main] lockmgr.DbTxnManager: Stopped heartbeat for query: alex_20240423204906_6b57e656-163a-48e4-af45-6431e5cb6252
2024-04-23T20:49:06,973  INFO [main] txn.TxnHandler: Expected to move at least one record from txn_components to completed_txn_components when committing txn! txnid:10
2024-04-23T20:49:06,978  INFO [main] txn.TxnHandler: Removed transactions: ([10]) from MIN_HISTORY_LEVEL
2024-04-23T20:49:06,978  WARN [main] txn.CompactionTxnHandler: No compaction queue record found for Compaction type transaction commit. txnId:10
2024-04-23T20:49:06,979  INFO [main] ql.TxnCommandsBaseForTests: Running the query: create temporary  table acidTbl2(a int, b int, c int) clustered by (c) into 2 buckets stored as orc TBLPROPERTIES ('transactional'='true')
2024-04-23T20:49:06,979  INFO [main] ql.Driver: Compiling command(queryId=alex_20240423204906_0de3a001-2b62-4e57-80cd-5b4c4ca2a371): create temporary  table acidTbl2(a int, b int, c int) clustered by (c) into 2 buckets stored as orc TBLPROPERTIES ('transactional'='true')
2024-04-23T20:49:06,981  INFO [main] txn.TxnHandler: Added entries to MIN_HISTORY_LEVEL for current txns: ([11]) with min_open_txn: 1
2024-04-23T20:49:06,981  INFO [main] lockmgr.DbTxnManager: Opened txnid:11
2024-04-23T20:49:06,982  INFO [main] parse.CalcitePlanner: Starting caching scope for: 
2024-04-23T20:49:06,982  INFO [main] parse.CalcitePlanner: Starting Semantic Analysis
2024-04-23T20:49:06,984  INFO [main] parse.CalcitePlanner: Creating table default.acidTbl2 position=24
2024-04-23T20:49:06,984  INFO [main] HiveMetaStore.audit: ugi=alex	ip=unknown-ip-addr	cmd=get_database: default	
2024-04-23T20:49:06,986  INFO [main] parse.CalcitePlanner: Ending caching scope for: 
2024-04-23T20:49:06,986  INFO [main] ql.Driver: Semantic Analysis Completed (retrial = false)
2024-04-23T20:49:06,986  INFO [main] ql.Driver: Created Hive schema: Schema(fieldSchemas:null, properties:null)
2024-04-23T20:49:06,986  INFO [main] metadata.Hive: Dumping metastore api call timing information for : compilation phase
2024-04-23T20:49:06,986  INFO [main] metadata.Hive: Total time spent in each metastore function (ms): {commitTxn_(CommitTxnRequest)=9, flushCache_()=0, getDatabase_(String)=2, openTxn_(String, TxnType)=2, getValidWriteIds_(List, String)=2, isCompatibleWith_(Configuration)=0, getValidTxns_(long)=1}
2024-04-23T20:49:06,986  INFO [main] ql.Driver: Completed compiling command(queryId=alex_20240423204906_0de3a001-2b62-4e57-80cd-5b4c4ca2a371); Time taken: 0.007 seconds
2024-04-23T20:49:06,987  INFO [main] lockmgr.DbTxnManager: Setting lock request transaction to txnid:11 for queryId=alex_20240423204906_0de3a001-2b62-4e57-80cd-5b4c4ca2a371
2024-04-23T20:49:06,987  INFO [main] lockmgr.DbLockManager: Requesting lock for queryId=alex_20240423204906_0de3a001-2b62-4e57-80cd-5b4c4ca2a371
2024-04-23T20:49:07,000  INFO [main] lockmgr.DbLockManager: Response to queryId=alex_20240423204906_0de3a001-2b62-4e57-80cd-5b4c4ca2a371 LockResponse(lockid:5, state:ACQUIRED)
2024-04-23T20:49:07,000  INFO [main] ql.Driver: Operation CREATETABLE obtained 1 locks
2024-04-23T20:49:07,001  INFO [main] ql.Driver: Executing command(queryId=alex_20240423204906_0de3a001-2b62-4e57-80cd-5b4c4ca2a371): create temporary  table acidTbl2(a int, b int, c int) clustered by (c) into 2 buckets stored as orc TBLPROPERTIES ('transactional'='true')
2024-04-23T20:49:07,001  INFO [main] ql.Driver: Starting task [Stage-0:DDL] in serial mode
2024-04-23T20:49:07,002  INFO [main] utils.FileUtils: Creating directory if it doesn't exist: file:/home/alex/Repositories/hive/ql/target/tmp/scratchdir/alex/28e4294f-eef7-4697-aa68-a23410ea526c/_tmp_space.db/0db56e13-0d8a-431f-98d8-a420b77a6897
2024-04-23T20:49:07,005  INFO [main] metadata.Hive: Dumping metastore api call timing information for : execution phase
2024-04-23T20:49:07,005  INFO [main] metadata.Hive: Total time spent in each metastore function (ms): {createTable_(Table)=3, isCompatibleWith_(Configuration)=0}
2024-04-23T20:49:07,006  INFO [main] ql.Driver: Completed executing command(queryId=alex_20240423204906_0de3a001-2b62-4e57-80cd-5b4c4ca2a371); Time taken: 0.004 seconds
2024-04-23T20:49:07,006  INFO [main] lockmgr.DbTxnManager: Stopped heartbeat for query: alex_20240423204906_0de3a001-2b62-4e57-80cd-5b4c4ca2a371
2024-04-23T20:49:07,009  INFO [main] txn.TxnHandler: Expected to move at least one record from txn_components to completed_txn_components when committing txn! txnid:11
2024-04-23T20:49:07,015  INFO [main] txn.TxnHandler: Removed transactions: ([11]) from MIN_HISTORY_LEVEL
2024-04-23T20:49:07,016  WARN [main] txn.CompactionTxnHandler: No compaction queue record found for Compaction type transaction commit. txnId:11
2024-04-23T20:49:07,017  INFO [main] ql.TxnCommandsBaseForTests: Running the query: create table nonAcidNonBucket(a int, b int) stored as orc TBLPROPERTIES ('transactional'='false')
2024-04-23T20:49:07,017  INFO [main] ql.Driver: Compiling command(queryId=alex_20240423204907_101c4f29-7f31-4f6a-b1d3-6957187eb539): create table nonAcidNonBucket(a int, b int) stored as orc TBLPROPERTIES ('transactional'='false')
2024-04-23T20:49:07,020  INFO [main] txn.TxnHandler: Added entries to MIN_HISTORY_LEVEL for current txns: ([12]) with min_open_txn: 1
2024-04-23T20:49:07,021  INFO [main] lockmgr.DbTxnManager: Opened txnid:12
2024-04-23T20:49:07,022  INFO [main] parse.CalcitePlanner: Starting caching scope for: 
2024-04-23T20:49:07,022  INFO [main] parse.CalcitePlanner: Starting Semantic Analysis
2024-04-23T20:49:07,025  INFO [main] parse.CalcitePlanner: Creating table default.nonAcidNonBucket position=13
2024-04-23T20:49:07,025  INFO [main] HiveMetaStore.audit: ugi=alex	ip=unknown-ip-addr	cmd=get_database: default	
2024-04-23T20:49:07,028  INFO [main] parse.CalcitePlanner: Ending caching scope for: 
2024-04-23T20:49:07,028  INFO [main] ql.Driver: Semantic Analysis Completed (retrial = false)
2024-04-23T20:49:07,029  INFO [main] ql.Driver: Created Hive schema: Schema(fieldSchemas:null, properties:null)
2024-04-23T20:49:07,029  INFO [main] metadata.Hive: Dumping metastore api call timing information for : compilation phase
2024-04-23T20:49:07,029  INFO [main] metadata.Hive: Total time spent in each metastore function (ms): {commitTxn_(CommitTxnRequest)=10, isCompatibleWith_(Configuration)=0, getDatabase_(String)=3, openTxn_(String, TxnType)=3, flushCache_()=0, getValidTxns_(long)=1, getValidWriteIds_(List, String)=3}
2024-04-23T20:49:07,029  INFO [main] ql.Driver: Completed compiling command(queryId=alex_20240423204907_101c4f29-7f31-4f6a-b1d3-6957187eb539); Time taken: 0.012 seconds
2024-04-23T20:49:07,029  INFO [main] lockmgr.DbTxnManager: Setting lock request transaction to txnid:12 for queryId=alex_20240423204907_101c4f29-7f31-4f6a-b1d3-6957187eb539
2024-04-23T20:49:07,030  INFO [main] lockmgr.DbLockManager: Requesting lock for queryId=alex_20240423204907_101c4f29-7f31-4f6a-b1d3-6957187eb539
2024-04-23T20:49:07,050  INFO [main] lockmgr.DbLockManager: Response to queryId=alex_20240423204907_101c4f29-7f31-4f6a-b1d3-6957187eb539 LockResponse(lockid:6, state:ACQUIRED)
2024-04-23T20:49:07,050  INFO [main] ql.Driver: Operation CREATETABLE obtained 1 locks
2024-04-23T20:49:07,051  INFO [main] ql.Driver: Executing command(queryId=alex_20240423204907_101c4f29-7f31-4f6a-b1d3-6957187eb539): create table nonAcidNonBucket(a int, b int) stored as orc TBLPROPERTIES ('transactional'='false')
2024-04-23T20:49:07,051  INFO [main] ql.Driver: Starting task [Stage-0:DDL] in serial mode
2024-04-23T20:49:07,052  INFO [main] HiveMetaStore.audit: ugi=alex	ip=unknown-ip-addr	cmd=create_table_req: Table(tableName:nonAcidNonBucket, dbName:default, owner:alex, createTime:1713930547, lastAccessTime:0, retention:0, sd:StorageDescriptor(cols:[FieldSchema(name:a, type:int, comment:null), FieldSchema(name:b, type:int, comment:null)], location:null, inputFormat:org.apache.hadoop.hive.ql.io.orc.OrcInputFormat, outputFormat:org.apache.hadoop.hive.ql.io.orc.OrcOutputFormat, compressed:false, numBuckets:-1, serdeInfo:SerDeInfo(name:null, serializationLib:org.apache.hadoop.hive.ql.io.orc.OrcSerde, parameters:{serialization.format=1}), bucketCols:[], sortCols:[], parameters:{}, skewedInfo:SkewedInfo(skewedColNames:[], skewedColValues:[], skewedColValueLocationMaps:{}), storedAsSubDirectories:false), partitionKeys:[], parameters:{numFiles=0, rawDataSize=0, bucketing_version=2, transactional=false, COLUMN_STATS_ACCURATE={"BASIC_STATS":"true","COLUMN_STATS":{"a":"true","b":"true"}}, totalSize=0, numFilesErasureCoded=0, numRows=0}, viewOriginalText:null, viewExpandedText:null, tableType:MANAGED_TABLE, privileges:PrincipalPrivilegeSet(userPrivileges:{alex=[PrivilegeGrantInfo(privilege:INSERT, createTime:-1, grantor:alex, grantorType:USER, grantOption:true), PrivilegeGrantInfo(privilege:SELECT, createTime:-1, grantor:alex, grantorType:USER, grantOption:true), PrivilegeGrantInfo(privilege:UPDATE, createTime:-1, grantor:alex, grantorType:USER, grantOption:true), PrivilegeGrantInfo(privilege:DELETE, createTime:-1, grantor:alex, grantorType:USER, grantOption:true)]}, groupPrivileges:null, rolePrivileges:null), temporary:false, catName:hive, ownerType:USER)	
2024-04-23T20:49:07,059  INFO [main] utils.FileUtils: Creating directory if it doesn't exist: file:/home/alex/Repositories/hive/ql/target/tmp/org.apache.hadoop.hive.ql.TestTxnExIm-1713930480318/warehouse/nonacidnonbucket
2024-04-23T20:49:07,075  INFO [main] metadata.Hive: Dumping metastore api call timing information for : execution phase
2024-04-23T20:49:07,075  INFO [main] metadata.Hive: Total time spent in each metastore function (ms): {createTable_(Table)=22, isCompatibleWith_(Configuration)=0}
2024-04-23T20:49:07,075  INFO [main] ql.Driver: Completed executing command(queryId=alex_20240423204907_101c4f29-7f31-4f6a-b1d3-6957187eb539); Time taken: 0.024 seconds
2024-04-23T20:49:07,075  INFO [main] lockmgr.DbTxnManager: Stopped heartbeat for query: alex_20240423204907_101c4f29-7f31-4f6a-b1d3-6957187eb539
2024-04-23T20:49:07,079  INFO [main] txn.TxnHandler: Expected to move at least one record from txn_components to completed_txn_components when committing txn! txnid:12
2024-04-23T20:49:07,085  INFO [main] txn.TxnHandler: Removed transactions: ([12]) from MIN_HISTORY_LEVEL
2024-04-23T20:49:07,085  WARN [main] txn.CompactionTxnHandler: No compaction queue record found for Compaction type transaction commit. txnId:12
2024-04-23T20:49:07,086  INFO [main] ql.TxnCommandsBaseForTests: Running the query: drop table if exists T
2024-04-23T20:49:07,086  INFO [main] ql.Driver: Compiling command(queryId=alex_20240423204907_58690451-2d7f-45fe-be6a-59e6bcc295bc): drop table if exists T
2024-04-23T20:49:07,089  INFO [main] txn.TxnHandler: Added entries to MIN_HISTORY_LEVEL for current txns: ([13]) with min_open_txn: 1
2024-04-23T20:49:07,089  INFO [main] lockmgr.DbTxnManager: Opened txnid:13
2024-04-23T20:49:07,090  INFO [main] HiveMetaStore.audit: ugi=alex	ip=unknown-ip-addr	cmd=get_table : tbl=hive.default.T	
2024-04-23T20:49:07,120  INFO [main] metastore.HMSHandler: Skipping translation for processor with null
2024-04-23T20:49:07,120  INFO [main] ql.Driver: Semantic Analysis Completed (retrial = false)
2024-04-23T20:49:07,120  INFO [main] ql.Driver: Created Hive schema: Schema(fieldSchemas:null, properties:null)
2024-04-23T20:49:07,120  INFO [main] metadata.Hive: Dumping metastore api call timing information for : compilation phase
2024-04-23T20:49:07,120  INFO [main] metadata.Hive: Total time spent in each metastore function (ms): {flushCache_()=0, getValidTxns_(long)=1, getTable_(GetTableRequest)=30, openTxn_(String, TxnType)=3, isCompatibleWith_(Configuration)=0, commitTxn_(CommitTxnRequest)=10}
2024-04-23T20:49:07,121  INFO [main] ql.Driver: Completed compiling command(queryId=alex_20240423204907_58690451-2d7f-45fe-be6a-59e6bcc295bc); Time taken: 0.034 seconds
2024-04-23T20:49:07,121  INFO [main] lockmgr.DbTxnManager: Setting lock request transaction to txnid:13 for queryId=alex_20240423204907_58690451-2d7f-45fe-be6a-59e6bcc295bc
2024-04-23T20:49:07,122  INFO [main] lockmgr.DbLockManager: Requesting lock for queryId=alex_20240423204907_58690451-2d7f-45fe-be6a-59e6bcc295bc
2024-04-23T20:49:07,144  INFO [main] lockmgr.DbLockManager: Response to queryId=alex_20240423204907_58690451-2d7f-45fe-be6a-59e6bcc295bc LockResponse(lockid:7, state:ACQUIRED)
2024-04-23T20:49:07,144  INFO [main] ql.Driver: Operation DROPTABLE obtained 1 locks
2024-04-23T20:49:07,144  INFO [main] ql.Driver: Executing command(queryId=alex_20240423204907_58690451-2d7f-45fe-be6a-59e6bcc295bc): drop table if exists T
2024-04-23T20:49:07,144  INFO [main] ql.Driver: Starting task [Stage-0:DDL] in serial mode
2024-04-23T20:49:07,145  INFO [main] HiveMetaStore.audit: ugi=alex	ip=unknown-ip-addr	cmd=get_table : tbl=hive.default.T	
2024-04-23T20:49:07,153  INFO [main] metastore.HMSHandler: Skipping translation for processor with null
2024-04-23T20:49:07,154  INFO [main] HiveMetaStore.audit: ugi=alex	ip=unknown-ip-addr	cmd=get_table : tbl=hive.default.T	
2024-04-23T20:49:07,166  INFO [main] metastore.HMSHandler: Skipping translation for processor with null
2024-04-23T20:49:07,166  INFO [main] HiveMetaStore.audit: ugi=alex	ip=unknown-ip-addr	cmd=drop_table : tbl=hive.default.T	
2024-04-23T20:49:07,357  WARN [main] utils.FileUtils: File file:/home/alex/Repositories/hive/ql/target/tmp/org.apache.hadoop.hive.ql.TestTxnExIm-1713930480318/warehouse/t does not exist; Force to delete it.
2024-04-23T20:49:07,357 ERROR [main] utils.FileUtils: Failed to delete file:/home/alex/Repositories/hive/ql/target/tmp/org.apache.hadoop.hive.ql.TestTxnExIm-1713930480318/warehouse/t
2024-04-23T20:49:07,357  INFO [main] metadata.Hive: Dumping metastore api call timing information for : execution phase
2024-04-23T20:49:07,357  INFO [main] metadata.Hive: Total time spent in each metastore function (ms): {getTable_(GetTableRequest)=10, dropTable_(String, String, boolean, boolean, boolean)=203, isCompatibleWith_(Configuration)=0}
2024-04-23T20:49:07,357  INFO [main] ql.Driver: Completed executing command(queryId=alex_20240423204907_58690451-2d7f-45fe-be6a-59e6bcc295bc); Time taken: 0.213 seconds
2024-04-23T20:49:07,358  INFO [main] lockmgr.DbTxnManager: Stopped heartbeat for query: alex_20240423204907_58690451-2d7f-45fe-be6a-59e6bcc295bc
2024-04-23T20:49:07,361  INFO [main] txn.TxnHandler: Expected to move at least one record from txn_components to completed_txn_components when committing txn! txnid:13
2024-04-23T20:49:07,367  INFO [main] txn.TxnHandler: Removed transactions: ([13]) from MIN_HISTORY_LEVEL
2024-04-23T20:49:07,367  WARN [main] txn.CompactionTxnHandler: No compaction queue record found for Compaction type transaction commit. txnId:13
2024-04-23T20:49:07,368  INFO [main] ql.TxnCommandsBaseForTests: Running the query: drop table if exists Tstage
2024-04-23T20:49:07,368  INFO [main] ql.Driver: Compiling command(queryId=alex_20240423204907_bb428ddc-8c38-4c05-a690-9e1a757ebe5f): drop table if exists Tstage
2024-04-23T20:49:07,370  INFO [main] txn.TxnHandler: Added entries to MIN_HISTORY_LEVEL for current txns: ([14]) with min_open_txn: 1
2024-04-23T20:49:07,371  INFO [main] lockmgr.DbTxnManager: Opened txnid:14
2024-04-23T20:49:07,371  INFO [main] HiveMetaStore.audit: ugi=alex	ip=unknown-ip-addr	cmd=get_table : tbl=hive.default.Tstage	
2024-04-23T20:49:07,379  INFO [main] metastore.HMSHandler: Skipping translation for processor with null
2024-04-23T20:49:07,379  INFO [main] ql.Driver: Semantic Analysis Completed (retrial = false)
2024-04-23T20:49:07,379  INFO [main] ql.Driver: Created Hive schema: Schema(fieldSchemas:null, properties:null)
2024-04-23T20:49:07,379  INFO [main] metadata.Hive: Dumping metastore api call timing information for : compilation phase
2024-04-23T20:49:07,379  INFO [main] metadata.Hive: Total time spent in each metastore function (ms): {flushCache_()=0, isCompatibleWith_(Configuration)=0, openTxn_(String, TxnType)=2, getValidTxns_(long)=0, getTable_(GetTableRequest)=8, commitTxn_(CommitTxnRequest)=9}
2024-04-23T20:49:07,380  INFO [main] ql.Driver: Completed compiling command(queryId=alex_20240423204907_bb428ddc-8c38-4c05-a690-9e1a757ebe5f); Time taken: 0.011 seconds
2024-04-23T20:49:07,380  INFO [main] lockmgr.DbTxnManager: Setting lock request transaction to txnid:14 for queryId=alex_20240423204907_bb428ddc-8c38-4c05-a690-9e1a757ebe5f
2024-04-23T20:49:07,380  INFO [main] lockmgr.DbLockManager: Requesting lock for queryId=alex_20240423204907_bb428ddc-8c38-4c05-a690-9e1a757ebe5f
2024-04-23T20:49:07,399  INFO [main] lockmgr.DbLockManager: Response to queryId=alex_20240423204907_bb428ddc-8c38-4c05-a690-9e1a757ebe5f LockResponse(lockid:8, state:ACQUIRED)
2024-04-23T20:49:07,400  INFO [main] ql.Driver: Operation DROPTABLE obtained 1 locks
2024-04-23T20:49:07,400  INFO [main] ql.Driver: Executing command(queryId=alex_20240423204907_bb428ddc-8c38-4c05-a690-9e1a757ebe5f): drop table if exists Tstage
2024-04-23T20:49:07,400  INFO [main] ql.Driver: Starting task [Stage-0:DDL] in serial mode
2024-04-23T20:49:07,400  INFO [main] HiveMetaStore.audit: ugi=alex	ip=unknown-ip-addr	cmd=get_table : tbl=hive.default.Tstage	
2024-04-23T20:49:07,412  INFO [main] metastore.HMSHandler: Skipping translation for processor with null
2024-04-23T20:49:07,412  INFO [main] HiveMetaStore.audit: ugi=alex	ip=unknown-ip-addr	cmd=get_table : tbl=hive.default.Tstage	
2024-04-23T20:49:07,424  INFO [main] metastore.HMSHandler: Skipping translation for processor with null
2024-04-23T20:49:07,425  INFO [main] HiveMetaStore.audit: ugi=alex	ip=unknown-ip-addr	cmd=drop_table : tbl=hive.default.Tstage	
2024-04-23T20:49:07,512  WARN [main] utils.FileUtils: File file:/home/alex/Repositories/hive/ql/target/tmp/org.apache.hadoop.hive.ql.TestTxnExIm-1713930480318/warehouse/tstage does not exist; Force to delete it.
2024-04-23T20:49:07,512 ERROR [main] utils.FileUtils: Failed to delete file:/home/alex/Repositories/hive/ql/target/tmp/org.apache.hadoop.hive.ql.TestTxnExIm-1713930480318/warehouse/tstage
2024-04-23T20:49:07,512  INFO [main] metadata.Hive: Dumping metastore api call timing information for : execution phase
2024-04-23T20:49:07,512  INFO [main] metadata.Hive: Total time spent in each metastore function (ms): {getTable_(GetTableRequest)=12, isCompatibleWith_(Configuration)=0, dropTable_(String, String, boolean, boolean, boolean)=100}
2024-04-23T20:49:07,513  INFO [main] ql.Driver: Completed executing command(queryId=alex_20240423204907_bb428ddc-8c38-4c05-a690-9e1a757ebe5f); Time taken: 0.112 seconds
2024-04-23T20:49:07,513  INFO [main] lockmgr.DbTxnManager: Stopped heartbeat for query: alex_20240423204907_bb428ddc-8c38-4c05-a690-9e1a757ebe5f
2024-04-23T20:49:07,517  INFO [main] txn.TxnHandler: Expected to move at least one record from txn_components to completed_txn_components when committing txn! txnid:14
2024-04-23T20:49:07,523  INFO [main] txn.TxnHandler: Removed transactions: ([14]) from MIN_HISTORY_LEVEL
2024-04-23T20:49:07,523  WARN [main] txn.CompactionTxnHandler: No compaction queue record found for Compaction type transaction commit. txnId:14
2024-04-23T20:49:07,524  INFO [main] ql.TxnCommandsBaseForTests: Running the query: create table Tstage (a int, b int) stored as orc tblproperties('transactional'='true')
2024-04-23T20:49:07,524  INFO [main] ql.Driver: Compiling command(queryId=alex_20240423204907_cf1ad11c-0512-4119-ad2d-d5589ff8d58d): create table Tstage (a int, b int) stored as orc tblproperties('transactional'='true')
2024-04-23T20:49:07,534  INFO [main] txn.TxnHandler: Added entries to MIN_HISTORY_LEVEL for current txns: ([15]) with min_open_txn: 7
2024-04-23T20:49:07,534  INFO [main] lockmgr.DbTxnManager: Opened txnid:15
2024-04-23T20:49:07,536  INFO [main] parse.CalcitePlanner: Starting caching scope for: 
2024-04-23T20:49:07,536  INFO [main] parse.CalcitePlanner: Starting Semantic Analysis
2024-04-23T20:49:07,542  INFO [main] parse.CalcitePlanner: Creating table default.Tstage position=13
2024-04-23T20:49:07,542  INFO [main] HiveMetaStore.audit: ugi=alex	ip=unknown-ip-addr	cmd=get_database: default	
2024-04-23T20:49:07,544  INFO [main] parse.CalcitePlanner: Ending caching scope for: 
2024-04-23T20:49:07,544  INFO [main] ql.Driver: Semantic Analysis Completed (retrial = false)
2024-04-23T20:49:07,544  INFO [main] ql.Driver: Created Hive schema: Schema(fieldSchemas:null, properties:null)
2024-04-23T20:49:07,544  INFO [main] metadata.Hive: Dumping metastore api call timing information for : compilation phase
2024-04-23T20:49:07,544  INFO [main] metadata.Hive: Total time spent in each metastore function (ms): {getValidTxns_(long)=2, flushCache_()=0, getDatabase_(String)=2, isCompatibleWith_(Configuration)=0, commitTxn_(CommitTxnRequest)=10, openTxn_(String, TxnType)=10, getValidWriteIds_(List, String)=5}
2024-04-23T20:49:07,545  INFO [main] ql.Driver: Completed compiling command(queryId=alex_20240423204907_cf1ad11c-0512-4119-ad2d-d5589ff8d58d); Time taken: 0.02 seconds
2024-04-23T20:49:07,545  INFO [main] lockmgr.DbTxnManager: Setting lock request transaction to txnid:15 for queryId=alex_20240423204907_cf1ad11c-0512-4119-ad2d-d5589ff8d58d
2024-04-23T20:49:07,545  INFO [main] lockmgr.DbLockManager: Requesting lock for queryId=alex_20240423204907_cf1ad11c-0512-4119-ad2d-d5589ff8d58d
2024-04-23T20:49:07,565  INFO [main] lockmgr.DbLockManager: Response to queryId=alex_20240423204907_cf1ad11c-0512-4119-ad2d-d5589ff8d58d LockResponse(lockid:9, state:ACQUIRED)
2024-04-23T20:49:07,565  INFO [main] ql.Driver: Operation CREATETABLE obtained 1 locks
2024-04-23T20:49:07,566  INFO [main] ql.Driver: Executing command(queryId=alex_20240423204907_cf1ad11c-0512-4119-ad2d-d5589ff8d58d): create table Tstage (a int, b int) stored as orc tblproperties('transactional'='true')
2024-04-23T20:49:07,566  INFO [main] ql.Driver: Starting task [Stage-0:DDL] in serial mode
2024-04-23T20:49:07,567  INFO [main] HiveMetaStore.audit: ugi=alex	ip=unknown-ip-addr	cmd=create_table_req: Table(tableName:Tstage, dbName:default, owner:alex, createTime:1713930547, lastAccessTime:0, retention:0, sd:StorageDescriptor(cols:[FieldSchema(name:a, type:int, comment:null), FieldSchema(name:b, type:int, comment:null)], location:null, inputFormat:org.apache.hadoop.hive.ql.io.orc.OrcInputFormat, outputFormat:org.apache.hadoop.hive.ql.io.orc.OrcOutputFormat, compressed:false, numBuckets:-1, serdeInfo:SerDeInfo(name:null, serializationLib:org.apache.hadoop.hive.ql.io.orc.OrcSerde, parameters:{serialization.format=1}), bucketCols:[], sortCols:[], parameters:{}, skewedInfo:SkewedInfo(skewedColNames:[], skewedColValues:[], skewedColValueLocationMaps:{}), storedAsSubDirectories:false), partitionKeys:[], parameters:{numFilesErasureCoded=0, transactional=true, numFiles=0, COLUMN_STATS_ACCURATE={"BASIC_STATS":"true","COLUMN_STATS":{"a":"true","b":"true"}}, bucketing_version=2, numRows=0, totalSize=0, rawDataSize=0}, viewOriginalText:null, viewExpandedText:null, tableType:MANAGED_TABLE, privileges:PrincipalPrivilegeSet(userPrivileges:{alex=[PrivilegeGrantInfo(privilege:INSERT, createTime:-1, grantor:alex, grantorType:USER, grantOption:true), PrivilegeGrantInfo(privilege:SELECT, createTime:-1, grantor:alex, grantorType:USER, grantOption:true), PrivilegeGrantInfo(privilege:UPDATE, createTime:-1, grantor:alex, grantorType:USER, grantOption:true), PrivilegeGrantInfo(privilege:DELETE, createTime:-1, grantor:alex, grantorType:USER, grantOption:true)]}, groupPrivileges:null, rolePrivileges:null), temporary:false, catName:hive, ownerType:USER, writeId:0)	
2024-04-23T20:49:07,575  INFO [main] utils.FileUtils: Creating directory if it doesn't exist: file:/home/alex/Repositories/hive/ql/target/tmp/org.apache.hadoop.hive.ql.TestTxnExIm-1713930480318/warehouse/tstage
2024-04-23T20:49:07,606  INFO [main] metadata.Hive: Dumping metastore api call timing information for : execution phase
2024-04-23T20:49:07,606  INFO [main] metadata.Hive: Total time spent in each metastore function (ms): {isCompatibleWith_(Configuration)=0, createTable_(Table)=38}
2024-04-23T20:49:07,606  INFO [main] ql.Driver: Completed executing command(queryId=alex_20240423204907_cf1ad11c-0512-4119-ad2d-d5589ff8d58d); Time taken: 0.04 seconds
2024-04-23T20:49:07,606  INFO [main] lockmgr.DbTxnManager: Stopped heartbeat for query: alex_20240423204907_cf1ad11c-0512-4119-ad2d-d5589ff8d58d
2024-04-23T20:49:07,610  INFO [main] txn.TxnHandler: Expected to move at least one record from txn_components to completed_txn_components when committing txn! txnid:15
2024-04-23T20:49:07,617  INFO [main] txn.TxnHandler: Removed transactions: ([15]) from MIN_HISTORY_LEVEL
2024-04-23T20:49:07,617  WARN [main] txn.CompactionTxnHandler: No compaction queue record found for Compaction type transaction commit. txnId:15
2024-04-23T20:49:07,618  INFO [main] ql.TxnCommandsBaseForTests: Running the query: insert into Tstage values(1,2),(3,4),(5,6)
2024-04-23T20:49:07,618  INFO [main] ql.Driver: Compiling command(queryId=alex_20240423204907_d677f380-76d7-4cd4-8021-6fa99adaa76e): insert into Tstage values(1,2),(3,4),(5,6)
2024-04-23T20:49:07,621  INFO [main] txn.TxnHandler: Added entries to MIN_HISTORY_LEVEL for current txns: ([16]) with min_open_txn: 8
2024-04-23T20:49:07,621  INFO [main] lockmgr.DbTxnManager: Opened txnid:16
2024-04-23T20:49:07,622  INFO [main] parse.CalcitePlanner: Starting caching scope for: 
2024-04-23T20:49:07,622  INFO [main] parse.CalcitePlanner: Starting Semantic Analysis
2024-04-23T20:49:07,625  INFO [main] HiveMetaStore.audit: ugi=alex	ip=unknown-ip-addr	cmd=get_table : tbl=hive.default.Tstage	
2024-04-23T20:49:07,642  INFO [main] metastore.HMSHandler: Skipping translation for processor with null
2024-04-23T20:49:07,642  INFO [main] parse.CalcitePlanner: Completed phase 1 of Semantic Analysis
2024-04-23T20:49:07,642  INFO [main] parse.CalcitePlanner: Get metadata for source tables
2024-04-23T20:49:07,642  INFO [main] parse.CalcitePlanner: Get metadata for subqueries
2024-04-23T20:49:07,642  INFO [main] parse.CalcitePlanner: Get metadata for destination tables
2024-04-23T20:49:07,642  INFO [main] HiveMetaStore.audit: ugi=alex	ip=unknown-ip-addr	cmd=get_table : tbl=hive.default.Tstage	
2024-04-23T20:49:07,650  INFO [main] metastore.HMSHandler: Skipping translation for processor with null
2024-04-23T20:49:07,650  INFO [main] parse.CalcitePlanner: Completed getting MetaData in Semantic Analysis
2024-04-23T20:49:07,650  INFO [main] parse.CalcitePlanner: Disabling LLAP IO encode as ETL query is detected
2024-04-23T20:49:07,673  INFO [main] HiveMetaStore.audit: ugi=alex	ip=unknown-ip-addr	cmd=get_all_table_constraints : tbl=hive._dummy_database._dummy_table	
2024-04-23T20:49:07,745  INFO [main] parse.CalcitePlanner: Get metadata for source tables
2024-04-23T20:49:07,745  INFO [main] parse.CalcitePlanner: Get metadata for subqueries
2024-04-23T20:49:07,745  INFO [main] parse.CalcitePlanner: Get metadata for source tables
2024-04-23T20:49:07,745  INFO [main] HiveMetaStore.audit: ugi=alex	ip=unknown-ip-addr	cmd=get_table : tbl=hive._dummy_database._dummy_table	
2024-04-23T20:49:07,748  INFO [main] parse.CalcitePlanner: Get metadata for subqueries
2024-04-23T20:49:07,748  INFO [main] parse.CalcitePlanner: Get metadata for destination tables
2024-04-23T20:49:07,748  INFO [main] parse.CalcitePlanner: Get metadata for destination tables
2024-04-23T20:49:07,748  INFO [main] HiveMetaStore.audit: ugi=alex	ip=unknown-ip-addr	cmd=get_table : tbl=hive.default.Tstage	
2024-04-23T20:49:07,756  INFO [main] metastore.HMSHandler: Skipping translation for processor with null
2024-04-23T20:49:07,758  INFO [main] HiveMetaStore.audit: ugi=alex	ip=unknown-ip-addr	cmd=get_not_null_constraints : tbl=hive.default.tstage	
2024-04-23T20:49:07,760  INFO [main] HiveMetaStore.audit: ugi=alex	ip=unknown-ip-addr	cmd=get_check_constraints : tbl=hive.default.tstage	
2024-04-23T20:49:07,767  INFO [main] txn.TxnHandler: Allocated writeId: 1 for txnId: 16
2024-04-23T20:49:07,767  INFO [main] txn.TxnHandler: Allocated write ids for dbName=default, tblName=tstage (txnIds: [16])
2024-04-23T20:49:07,768  INFO [main] parse.CalcitePlanner: CBO Succeeded; optimized logical plan.
2024-04-23T20:49:07,772  INFO [main] optimizer.BucketVersionPopulator: not considering bucketingVersion for: TS[0] because it has -1<2 buckets 
2024-04-23T20:49:07,773  INFO [main] optimizer.SortedDynPartitionOptimizer: Sorted dynamic partitioning optimization kicked in..
2024-04-23T20:49:07,781  INFO [main] HiveMetaStore.audit: ugi=alex	ip=unknown-ip-addr	cmd=get_table : tbl=hive.default.tstage	
2024-04-23T20:49:07,788  INFO [main] metastore.HMSHandler: Skipping translation for processor with null
2024-04-23T20:49:07,789  INFO [main] physical.Vectorizer: Examining input format to see if vectorization is enabled.
2024-04-23T20:49:07,789  INFO [main] physical.Vectorizer: Map vectorization enabled: false
2024-04-23T20:49:07,789  INFO [main] physical.Vectorizer: Map vectorized: false
2024-04-23T20:49:07,790  INFO [main] physical.Vectorizer: Map vectorizedVertexNum: 0
2024-04-23T20:49:07,790  INFO [main] physical.Vectorizer: Map enabledConditionsMet: [hive.vectorized.use.vectorized.input.format IS true]
2024-04-23T20:49:07,790  INFO [main] physical.Vectorizer: Map enabledConditionsNotMet: [Could not enable vectorization due to partition column names size 1 is greater than the number of table column names size 0 IS false]
2024-04-23T20:49:07,790  INFO [main] physical.Vectorizer: Map inputFileFormatClassNameSet: [org.apache.hadoop.hive.ql.io.NullRowsInputFormat]
2024-04-23T20:49:07,790  INFO [main] parse.CalcitePlanner: Completed plan generation
2024-04-23T20:49:07,790  INFO [main] parse.CalcitePlanner: Ending caching scope for: 
2024-04-23T20:49:07,790  INFO [main] ql.Driver: Semantic Analysis Completed (retrial = false)
2024-04-23T20:49:07,790  INFO [main] ql.Driver: Created Hive schema: Schema(fieldSchemas:[FieldSchema(name:col1, type:int, comment:null), FieldSchema(name:col2, type:int, comment:null)], properties:null)
2024-04-23T20:49:07,790  INFO [main] metadata.Hive: Dumping metastore api call timing information for : compilation phase
2024-04-23T20:49:07,790  INFO [main] metadata.Hive: Total time spent in each metastore function (ms): {getTable_(GetTableRequest)=40, getCheckConstraints_(CheckConstraintsRequest)=1, getValidWriteIds_(List, String)=4, openTxn_(String, TxnType)=2, flushCache_()=0, commitTxn_(CommitTxnRequest)=11, getValidTxns_(long)=0, isCompatibleWith_(Configuration)=0, getNotNullConstraints_(NotNullConstraintsRequest)=2, allocateTableWriteId_(long, String, String)=7, getAllTableConstraints_(AllTableConstraintsRequest)=23}
2024-04-23T20:49:07,790  INFO [main] ql.Driver: Completed compiling command(queryId=alex_20240423204907_d677f380-76d7-4cd4-8021-6fa99adaa76e); Time taken: 0.172 seconds
2024-04-23T20:49:07,791  INFO [main] lockmgr.DbTxnManager: Setting lock request transaction to txnid:16 for queryId=alex_20240423204907_d677f380-76d7-4cd4-8021-6fa99adaa76e
2024-04-23T20:49:07,791  INFO [main] lockmgr.DbLockManager: Requesting lock for queryId=alex_20240423204907_d677f380-76d7-4cd4-8021-6fa99adaa76e
2024-04-23T20:49:07,804  INFO [main] lockmgr.DbLockManager: Response to queryId=alex_20240423204907_d677f380-76d7-4cd4-8021-6fa99adaa76e LockResponse(lockid:10, state:ACQUIRED)
2024-04-23T20:49:07,804  INFO [main] ql.Driver: Operation QUERY obtained 1 locks
2024-04-23T20:49:07,807  INFO [main] ql.Driver: Executing command(queryId=alex_20240423204907_d677f380-76d7-4cd4-8021-6fa99adaa76e): insert into Tstage values(1,2),(3,4),(5,6)
2024-04-23T20:49:07,807  WARN [main] ql.Driver: Hive-on-MR is deprecated in Hive 2 and may not be available in the future versions. Consider using a different execution engine (i.e. spark, tez) or using Hive 1.X releases.
Query ID = alex_20240423204907_d677f380-76d7-4cd4-8021-6fa99adaa76e
2024-04-23T20:49:07,807  INFO [main] ql.Driver: Query ID = alex_20240423204907_d677f380-76d7-4cd4-8021-6fa99adaa76e
Total jobs = 1
2024-04-23T20:49:07,807  INFO [main] ql.Driver: Total jobs = 1
Launching Job 1 out of 1
2024-04-23T20:49:07,807  INFO [main] ql.Driver: Launching Job 1 out of 1
2024-04-23T20:49:07,950  INFO [main] ql.Driver: Starting task [Stage-1:MAPRED] in serial mode
Number of reduce tasks is set to 0 since there's no reduce operator
2024-04-23T20:49:07,950  INFO [main] exec.Task: Number of reduce tasks is set to 0 since there's no reduce operator
2024-04-23T20:49:07,953  INFO [main] mr.ExecDriver: Using org.apache.hadoop.hive.ql.io.HiveInputFormat
2024-04-23T20:49:07,953  INFO [main] exec.Utilities: Processing alias $hdt$_0:_dummy_table
2024-04-23T20:49:07,953  INFO [main] exec.Utilities: Adding 1 inputs; the first input is file:/home/alex/Repositories/hive/ql/target/tmp/localscratchdir/28e4294f-eef7-4697-aa68-a23410ea526c/hive_2024-04-23_20-49-07_618_9035830960595216046-1/dummy_path
2024-04-23T20:49:07,962  INFO [main] exec.SerializationUtilities: Serializing MapWork using kryo
2024-04-23T20:49:07,963  INFO [main] exec.Utilities: Serialized plan (via FILE) - name: null size: 5,72KB
2024-04-23T20:49:07,963  WARN [main] impl.MetricsSystemImpl: JobTracker metrics system already initialized!
2024-04-23T20:49:07,967  INFO [main] fs.FSStatsPublisher: created : file:/home/alex/Repositories/hive/ql/target/tmp/localscratchdir/28e4294f-eef7-4697-aa68-a23410ea526c/hive_2024-04-23_20-49-07_618_9035830960595216046-1/-mr-10000
2024-04-23T20:49:07,969  WARN [main] impl.MetricsSystemImpl: JobTracker metrics system already initialized!
2024-04-23T20:49:07,977  WARN [main] mapreduce.JobResourceUploader: Hadoop command-line option parsing not performed. Implement the Tool interface and execute your application with ToolRunner to remedy this.
2024-04-23T20:49:07,981  WARN [main] mapreduce.JobResourceUploader: No job jar file set.  User classes may not be found. See Job or Job#setJar(String).
2024-04-23T20:49:07,982  INFO [main] io.HiveInputFormat: hive.io.file.readcolumn.ids = 
2024-04-23T20:49:07,982  INFO [main] io.HiveInputFormat: hive.io.file.readcolumn.names = 
2024-04-23T20:49:07,982  INFO [main] io.HiveInputFormat: Generating splits for dirs: file:/home/alex/Repositories/hive/ql/target/tmp/localscratchdir/28e4294f-eef7-4697-aa68-a23410ea526c/hive_2024-04-23_20-49-07_618_9035830960595216046-1/dummy_path
2024-04-23T20:49:07,983  INFO [main] io.HiveInputFormat: number of splits 1
2024-04-23T20:49:08,000  INFO [main] mapreduce.JobSubmitter: number of splits:1
2024-04-23T20:49:08,018  INFO [main] mapreduce.JobSubmitter: Submitting tokens for job: job_local1180311455_0024
2024-04-23T20:49:08,018  INFO [main] mapreduce.JobSubmitter: Executing with tokens: []
2024-04-23T20:49:08,082  INFO [main] mapreduce.Job: The url to track the job: http://localhost:8080/
Job running in-process (local Hadoop)
2024-04-23T20:49:08,082  INFO [main] exec.Task: Job running in-process (local Hadoop)
2024-04-23T20:49:08,083  INFO [Thread-1834] mapred.LocalJobRunner: OutputCommitter set in config org.apache.hadoop.hive.ql.io.HiveFileFormatUtils$NullOutputCommitter
2024-04-23T20:49:08,083  INFO [Thread-1834] mapred.LocalJobRunner: OutputCommitter is org.apache.hadoop.hive.ql.io.HiveFileFormatUtils$NullOutputCommitter
2024-04-23T20:49:08,084  INFO [Thread-1834] mapred.LocalJobRunner: Waiting for map tasks
2024-04-23T20:49:08,085  INFO [LocalJobRunner Map Task Executor #0] mapred.LocalJobRunner: Starting task: attempt_local1180311455_0024_m_000000_0
2024-04-23T20:49:08,087  INFO [LocalJobRunner Map Task Executor #0] mapred.Task:  Using ResourceCalculatorProcessTree : [ ]
2024-04-23T20:49:08,088  INFO [LocalJobRunner Map Task Executor #0] mapred.MapTask: Processing split: org.apache.hadoop.hive.ql.io.NullRowsInputFormat:file:/home/alex/Repositories/hive/ql/target/tmp/localscratchdir/28e4294f-eef7-4697-aa68-a23410ea526c/hive_2024-04-23_20-49-07_618_9035830960595216046-1/dummy_path/null:0+1
2024-04-23T20:49:08,090  INFO [LocalJobRunner Map Task Executor #0] exec.SerializationUtilities: Deserializing MapWork using kryo
2024-04-23T20:49:08,090  INFO [LocalJobRunner Map Task Executor #0] exec.Utilities: Deserialized plan (via FILE) - name: null size: 5,72KB
2024-04-23T20:49:08,091  INFO [LocalJobRunner Map Task Executor #0] mapred.MapTask: numReduceTasks: 0
2024-04-23T20:49:08,092  INFO [LocalJobRunner Map Task Executor #0] exec.MapOperator: Initializing Operator: MAP[0]
2024-04-23T20:49:08,093  INFO [LocalJobRunner Map Task Executor #0] mr.ExecMapper: 
<MAP>Id =0
  <Children>null
  <\Children>
  <Parent><\Parent>
<\MAP>
2024-04-23T20:49:08,093  INFO [LocalJobRunner Map Task Executor #0] exec.TableScanOperator: Initializing Operator: TS[0]
2024-04-23T20:49:08,093  INFO [LocalJobRunner Map Task Executor #0] exec.SelectOperator: Initializing Operator: SEL[1]
2024-04-23T20:49:08,094  INFO [LocalJobRunner Map Task Executor #0] exec.SelectOperator: SELECT null
2024-04-23T20:49:08,094  INFO [LocalJobRunner Map Task Executor #0] exec.UDTFOperator: Initializing Operator: UDTF[2]
2024-04-23T20:49:08,094  INFO [LocalJobRunner Map Task Executor #0] exec.SelectOperator: Initializing Operator: SEL[3]
2024-04-23T20:49:08,094  INFO [LocalJobRunner Map Task Executor #0] exec.SelectOperator: SELECT struct<col1:int,col2:int>
2024-04-23T20:49:08,094  INFO [LocalJobRunner Map Task Executor #0] exec.FileSinkOperator: Initializing Operator: FS[4]
2024-04-23T20:49:08,094  INFO [LocalJobRunner Map Task Executor #0] exec.FileSinkOperator: Using serializer : AbstractSerDe [log=org.apache.logging.slf4j.Log4jLogger@27129f36, configuration=Optional[Configuration: core-default.xml, core-site.xml, mapred-default.xml, mapred-site.xml, yarn-default.xml, yarn-site.xml, hdfs-default.xml, hdfs-site.xml, file:/home/alex/Repositories/hive/ql/target/tmp/TestTxnExIm/mapred/local/localRunner/alex/job_local1180311455_0024/job_local1180311455_0024.xml], properties={transactional_properties=default, name=default.tstage, transactional=true, columns.types=int:int, columns=a,b, numFilesErasureCoded=0, columns.comments=&amp#0;, bucketing_version=2, serialization.lib=org.apache.hadoop.hive.ql.io.orc.OrcSerde, file.inputformat=org.apache.hadoop.hive.ql.io.orc.OrcInputFormat, file.outputformat=org.apache.hadoop.hive.ql.io.orc.OrcOutputFormat, location=file:/home/alex/Repositories/hive/ql/target/tmp/org.apache.hadoop.hive.ql.TestTxnExIm-1713930480318/warehouse/tstage, column.name.delimiter=,}, tableProperties={transactional_properties=default, name=default.tstage, transactional=true, columns.types=int:int, columns=a,b, numFilesErasureCoded=0, columns.comments=&amp#0;, bucketing_version=2, serialization.lib=org.apache.hadoop.hive.ql.io.orc.OrcSerde, file.inputformat=org.apache.hadoop.hive.ql.io.orc.OrcInputFormat, location=file:/home/alex/Repositories/hive/ql/target/tmp/org.apache.hadoop.hive.ql.TestTxnExIm-1713930480318/warehouse/tstage, file.outputformat=org.apache.hadoop.hive.ql.io.orc.OrcOutputFormat, column.name.delimiter=,}, partitionProperties=Optional.empty, columnNames=[a, b], columnTypes=[int, int], getClass()=class org.apache.hadoop.hive.ql.io.orc.OrcSerde] and formatter : org.apache.hadoop.hive.ql.io.orc.OrcOutputFormat@3908557e
2024-04-23T20:49:08,095  INFO [LocalJobRunner Map Task Executor #0] exec.FileSinkOperator: Final Path: FS file:/home/alex/Repositories/hive/ql/target/tmp/org.apache.hadoop.hive.ql.TestTxnExIm-1713930480318/warehouse/tstage
2024-04-23T20:49:08,095  INFO [LocalJobRunner Map Task Executor #0] exec.FileSinkOperator: New Final Path: FS file:/home/alex/Repositories/hive/ql/target/tmp/org.apache.hadoop.hive.ql.TestTxnExIm-1713930480318/warehouse/tstage
2024-04-23T20:49:08,095  INFO [LocalJobRunner Map Task Executor #0] common.FileUtils: Creating directory if it doesn't exist: file:/home/alex/Repositories/hive/ql/target/tmp/org.apache.hadoop.hive.ql.TestTxnExIm-1713930480318/warehouse
2024-04-23T20:49:08,097  INFO [LocalJobRunner Map Task Executor #0] exec.FileSinkOperator: FS[4]: records written - 1
2024-04-23T20:49:08,097  INFO [LocalJobRunner Map Task Executor #0] impl.PhysicalFsWriter: ORC writer created for path: file:/home/alex/Repositories/hive/ql/target/tmp/org.apache.hadoop.hive.ql.TestTxnExIm-1713930480318/warehouse/tstage/delta_0000001_0000001_0000/bucket_00000_0 with stripeSize: 8388608 blockSize: 268435456 compression: Compress: ZLIB buffer: 32768
2024-04-23T20:49:08,104  INFO [LocalJobRunner Map Task Executor #0] impl.WriterImpl: ORC writer created for path: file:/home/alex/Repositories/hive/ql/target/tmp/org.apache.hadoop.hive.ql.TestTxnExIm-1713930480318/warehouse/tstage/delta_0000001_0000001_0000/bucket_00000_0 with stripeSize: 8388608 options: Compress: ZLIB buffer: 32768
2024-04-23T20:49:08,109  INFO [LocalJobRunner Map Task Executor #0] exec.MapOperator: MAP[0]: records read - 1
2024-04-23T20:49:08,109  INFO [LocalJobRunner Map Task Executor #0] exec.MapOperator: Closing Operator: MAP[0]
2024-04-23T20:49:08,109  INFO [LocalJobRunner Map Task Executor #0] exec.MapOperator: MAP[0]: Total records read - 3. abort - false
2024-04-23T20:49:08,109  INFO [LocalJobRunner Map Task Executor #0] exec.MapOperator: RECORDS_OUT_INTERMEDIATE:0, DESERIALIZE_ERRORS:0, RECORDS_OUT_OPERATOR_MAP_0:0, RECORDS_IN:3, 
2024-04-23T20:49:08,109  INFO [LocalJobRunner Map Task Executor #0] exec.TableScanOperator: Closing Operator: TS[0]
2024-04-23T20:49:08,109  INFO [LocalJobRunner Map Task Executor #0] exec.TableScanOperator: RECORDS_OUT_INTERMEDIATE:0, RECORDS_OUT_OPERATOR_TS_0:1, 
2024-04-23T20:49:08,109  INFO [LocalJobRunner Map Task Executor #0] exec.SelectOperator: Closing Operator: SEL[1]
2024-04-23T20:49:08,110  INFO [LocalJobRunner Map Task Executor #0] exec.SelectOperator: RECORDS_OUT_INTERMEDIATE:0, RECORDS_OUT_OPERATOR_SEL_1:1, 
2024-04-23T20:49:08,110  INFO [LocalJobRunner Map Task Executor #0] exec.UDTFOperator: Closing Operator: UDTF[2]
2024-04-23T20:49:08,110  INFO [LocalJobRunner Map Task Executor #0] exec.UDTFOperator: RECORDS_OUT_OPERATOR_UDTF_2:3, RECORDS_OUT_INTERMEDIATE:0, 
2024-04-23T20:49:08,110  INFO [LocalJobRunner Map Task Executor #0] exec.SelectOperator: Closing Operator: SEL[3]
2024-04-23T20:49:08,110  INFO [LocalJobRunner Map Task Executor #0] exec.SelectOperator: RECORDS_OUT_INTERMEDIATE:0, RECORDS_OUT_OPERATOR_SEL_3:3, 
2024-04-23T20:49:08,110  INFO [LocalJobRunner Map Task Executor #0] exec.FileSinkOperator: Closing Operator: FS[4]
2024-04-23T20:49:08,110  INFO [LocalJobRunner Map Task Executor #0] exec.FileSinkOperator: FS[4]: records written - 3
2024-04-23T20:49:08,112  INFO [LocalJobRunner Map Task Executor #0] FileOperations: Writing manifest to file:/home/alex/Repositories/hive/ql/target/tmp/org.apache.hadoop.hive.ql.TestTxnExIm-1713930480318/warehouse/tstage/_tmp.delta_0000001_0000001_0000/000000_0.manifest with [file:/home/alex/Repositories/hive/ql/target/tmp/org.apache.hadoop.hive.ql.TestTxnExIm-1713930480318/warehouse/tstage/delta_0000001_0000001_0000/bucket_00000_0]
2024-04-23T20:49:08,123  INFO [LocalJobRunner Map Task Executor #0] exec.FileSinkOperator: RECORDS_OUT_INTERMEDIATE:0, RECORDS_OUT_1_default.tstage:3, TOTAL_TABLE_ROWS_WRITTEN:3, RECORDS_OUT_OPERATOR_FS_4:3, 
2024-04-23T20:49:08,124  INFO [LocalJobRunner Map Task Executor #0] mapred.LocalJobRunner: 
2024-04-23T20:49:08,125  INFO [LocalJobRunner Map Task Executor #0] mapred.Task: Task:attempt_local1180311455_0024_m_000000_0 is done. And is in the process of committing
2024-04-23T20:49:08,126  INFO [LocalJobRunner Map Task Executor #0] mapred.LocalJobRunner: map
2024-04-23T20:49:08,126  INFO [LocalJobRunner Map Task Executor #0] mapred.Task: Task 'attempt_local1180311455_0024_m_000000_0' done.
2024-04-23T20:49:08,126  INFO [LocalJobRunner Map Task Executor #0] mapred.Task: Final Counters for attempt_local1180311455_0024_m_000000_0: Counters: 27
	File System Counters
		FILE: Number of bytes read=452111
		FILE: Number of bytes written=28060607
		FILE: Number of read operations=0
		FILE: Number of large read operations=0
		FILE: Number of write operations=0
	Map-Reduce Framework
		Map input records=4
		Map output records=0
		Input split bytes=361
		Spilled Records=0
		Failed Shuffles=0
		Merged Map outputs=0
		GC time elapsed (ms)=0
		Total committed heap usage (bytes)=1192230912
	HIVE
		CREATED_FILES=1
		DESERIALIZE_ERRORS=0
		RECORDS_IN=3
		RECORDS_OUT_1_default.tstage=3
		RECORDS_OUT_INTERMEDIATE=0
		RECORDS_OUT_OPERATOR_FS_4=3
		RECORDS_OUT_OPERATOR_MAP_0=0
		RECORDS_OUT_OPERATOR_SEL_1=1
		RECORDS_OUT_OPERATOR_SEL_3=3
		RECORDS_OUT_OPERATOR_TS_0=1
		RECORDS_OUT_OPERATOR_UDTF_2=3
		TOTAL_TABLE_ROWS_WRITTEN=3
	File Input Format Counters 
		Bytes Read=5776
	File Output Format Counters 
		Bytes Written=0
2024-04-23T20:49:08,126  INFO [LocalJobRunner Map Task Executor #0] mapred.LocalJobRunner: Finishing task: attempt_local1180311455_0024_m_000000_0
2024-04-23T20:49:08,126  INFO [Thread-1834] mapred.LocalJobRunner: map task executor complete.
2024-04-23 20:49:09,084 Stage-1 map = 100%,  reduce = 0%
2024-04-23T20:49:09,085  INFO [main] exec.Task: 2024-04-23 20:49:09,084 Stage-1 map = 100%,  reduce = 0%
Ended Job = job_local1180311455_0024
2024-04-23T20:49:09,086  INFO [main] exec.Task: Ended Job = job_local1180311455_0024
2024-04-23T20:49:09,088  INFO [main] FileOperations: Found manifest file file:/home/alex/Repositories/hive/ql/target/tmp/org.apache.hadoop.hive.ql.TestTxnExIm-1713930480318/warehouse/tstage/_tmp.delta_0000001_0000001_0000/000000_0.manifest with attemptId 0.
2024-04-23T20:49:09,088  INFO [main] FileOperations: Looking at manifest file: file:/home/alex/Repositories/hive/ql/target/tmp/org.apache.hadoop.hive.ql.TestTxnExIm-1713930480318/warehouse/tstage/_tmp.delta_0000001_0000001_0000/000000_0.manifest
2024-04-23T20:49:09,089  INFO [main] FileOperations: Deleting manifest directory file:/home/alex/Repositories/hive/ql/target/tmp/org.apache.hadoop.hive.ql.TestTxnExIm-1713930480318/warehouse/tstage/_tmp.delta_0000001_0000001_0000
2024-04-23T20:49:09,090  INFO [main] ql.Driver: Starting task [Stage-0:MOVE] in serial mode
Loading data to table default.tstage
2024-04-23T20:49:09,090  INFO [main] exec.Task: Loading data to table default.tstage from file:/home/alex/Repositories/hive/ql/target/tmp/org.apache.hadoop.hive.ql.TestTxnExIm-1713930480318/warehouse/tstage
2024-04-23T20:49:09,090  INFO [main] HiveMetaStore.audit: ugi=alex	ip=unknown-ip-addr	cmd=get_table : tbl=hive.default.tstage	
2024-04-23T20:49:09,098  INFO [main] metastore.HMSHandler: Skipping translation for processor with null
2024-04-23T20:49:09,098  INFO [main] HiveMetaStore.audit: ugi=alex	ip=unknown-ip-addr	cmd=get_table : tbl=hive.default.tstage	
2024-04-23T20:49:09,106  INFO [main] metastore.HMSHandler: Skipping translation for processor with null
2024-04-23T20:49:09,106  INFO [main] HiveMetaStore.audit: ugi=alex	ip=unknown-ip-addr	cmd=alter_table: hive.default.tstage newtbl=tstage	
2024-04-23T20:49:09,133  INFO [main] ql.Driver: Starting task [Stage-2:STATS] in serial mode
2024-04-23T20:49:09,134  INFO [main] HiveMetaStore.audit: ugi=alex	ip=unknown-ip-addr	cmd=get_table : tbl=hive.default.tstage	
2024-04-23T20:49:09,140  INFO [main] metastore.HMSHandler: Skipping translation for processor with null
2024-04-23T20:49:09,140  INFO [main] stats.BasicStatsTask: Executing stats task
2024-04-23T20:49:09,141  INFO [main] fs.FSStatsPublisher: created : file:/home/alex/Repositories/hive/ql/target/tmp/localscratchdir/28e4294f-eef7-4697-aa68-a23410ea526c/hive_2024-04-23_20-49-07_618_9035830960595216046-1/-mr-10000
2024-04-23T20:49:09,142  INFO [main] HiveMetaStore.audit: ugi=alex	ip=unknown-ip-addr	cmd=get_table : tbl=hive.default.tstage	
2024-04-23T20:49:09,148  INFO [main] metastore.HMSHandler: Skipping translation for processor with null
2024-04-23T20:49:09,156  WARN [main] FileOperations: Computing stats for an ACID table; stats may be inaccurate
2024-04-23T20:49:09,156  INFO [main] FileOperations: Read stats for default.tstage/, numRows, true, 3, false: 
2024-04-23T20:49:09,156  INFO [main] FileOperations: Read stats for default.tstage/, rawDataSize, true, 0, false: 
2024-04-23T20:49:09,157  INFO [main] HiveMetaStore.audit: ugi=alex	ip=unknown-ip-addr	cmd=alter_table: hive.default.tstage newtbl=tstage	
2024-04-23T20:49:09,181  INFO [main] FileOperations: Read stats for default.tstage/, insertCount, true, 3, false: 
2024-04-23T20:49:09,181  INFO [main] FileOperations: Read stats for default.tstage/, updateCount, true, 0, false: 
2024-04-23T20:49:09,181  INFO [main] FileOperations: Read stats for default.tstage/, deleteCount, true, 0, false: 
2024-04-23T20:49:09,184  INFO [main] stats.BasicStatsTask: Table default.tstage stats: [numFiles=1, numRows=3, totalSize=686, rawDataSize=0, numFilesErasureCoded=0]
2024-04-23T20:49:09,184  INFO [main] metadata.Hive: Dumping metastore api call timing information for : execution phase
2024-04-23T20:49:09,184  INFO [main] metadata.Hive: Total time spent in each metastore function (ms): {updateTransactionalStatistics_(UpdateTransactionalStatsRequest)=3, getTable_(GetTableRequest)=29, alter_table_(String, String, String, Table, EnvironmentContext, String)=51, isCompatibleWith_(Configuration)=1}
MapReduce Jobs Launched: 
2024-04-23T20:49:09,185  INFO [main] ql.Driver: MapReduce Jobs Launched: 
Stage-Stage-1:  HDFS Read: 0 HDFS Write: 0 SUCCESS
2024-04-23T20:49:09,185  INFO [main] ql.Driver: Stage-Stage-1:  HDFS Read: 0 HDFS Write: 0 SUCCESS
Total MapReduce CPU Time Spent: 0 msec
2024-04-23T20:49:09,185  INFO [main] ql.Driver: Total MapReduce CPU Time Spent: 0 msec
2024-04-23T20:49:09,185  INFO [main] ql.Driver: Completed executing command(queryId=alex_20240423204907_d677f380-76d7-4cd4-8021-6fa99adaa76e); Time taken: 1.377 seconds
2024-04-23T20:49:09,185  INFO [main] lockmgr.DbTxnManager: Stopped heartbeat for query: alex_20240423204907_d677f380-76d7-4cd4-8021-6fa99adaa76e
2024-04-23T20:49:09,195  INFO [main] txn.TxnHandler: Removed transactions: ([16]) from MIN_HISTORY_LEVEL
2024-04-23T20:49:09,195  WARN [main] txn.CompactionTxnHandler: No compaction queue record found for Compaction type transaction commit. txnId:16
2024-04-23T20:49:09,196  INFO [main] ql.TxnCommandsBaseForTests: Running the query: export table Tstage to '/home/alex/Repositories/hive/ql/target/tmp/org.apache.hadoop.hive.ql.TestTxnExIm-1713930480318/warehouse/1'
2024-04-23T20:49:09,196  INFO [main] ql.Context: Deleting scratch dir: file:/home/alex/Repositories/hive/ql/target/tmp/localscratchdir/28e4294f-eef7-4697-aa68-a23410ea526c/hive_2024-04-23_20-49-07_618_9035830960595216046-1
2024-04-23T20:49:09,197  INFO [main] cleanup.SyncCleanupService: Deleted directory: file:/home/alex/Repositories/hive/ql/target/tmp/localscratchdir/28e4294f-eef7-4697-aa68-a23410ea526c/hive_2024-04-23_20-49-07_618_9035830960595216046-1 on fs with scheme file
2024-04-23T20:49:09,197  INFO [main] ql.Driver: Compiling command(queryId=alex_20240423204909_227b608c-27d3-4b19-970e-76fd1743eeeb): export table Tstage to '/home/alex/Repositories/hive/ql/target/tmp/org.apache.hadoop.hive.ql.TestTxnExIm-1713930480318/warehouse/1'
2024-04-23T20:49:09,197  INFO [main] HiveMetaStore.audit: ugi=alex	ip=unknown-ip-addr	cmd=get_table : tbl=hive.default.Tstage	
2024-04-23T20:49:09,205  INFO [main] metastore.HMSHandler: Skipping translation for processor with null
2024-04-23T20:49:09,207  INFO [main] txn.TxnHandler: Added entries to MIN_HISTORY_LEVEL for current txns: ([17]) with min_open_txn: 17
2024-04-23T20:49:09,208  INFO [main] lockmgr.DbTxnManager: Opened txnid:17
2024-04-23T20:49:09,208  INFO [main] parse.AcidExportSemanticAnalyzer: Starting caching scope for: 
2024-04-23T20:49:09,208  INFO [main] HiveMetaStore.audit: ugi=alex	ip=unknown-ip-addr	cmd=get_table : tbl=hive.default.Tstage	
2024-04-23T20:49:09,215  INFO [main] metastore.HMSHandler: Skipping translation for processor with null
2024-04-23T20:49:09,215  INFO [main] HiveMetaStore.audit: ugi=alex	ip=unknown-ip-addr	cmd=get_database: default	
2024-04-23T20:49:09,217  INFO [main] HiveMetaStore.audit: ugi=alex	ip=unknown-ip-addr	cmd=get_table : tbl=hive.default.tstage	
2024-04-23T20:49:09,224  INFO [main] metastore.HMSHandler: Skipping translation for processor with null
2024-04-23T20:49:09,224  INFO [main] utils.FileUtils: Creating directory if it doesn't exist: file:/home/alex/Repositories/hive/ql/target/tmp/scratchdir/alex/28e4294f-eef7-4697-aa68-a23410ea526c/_tmp_space.db/ba8ab647-6243-469c-a787-d4b29d96ebea
2024-04-23T20:49:09,227  INFO [main] HiveMetaStore.audit: ugi=alex	ip=unknown-ip-addr	cmd=get_table : tbl=hive.default.Tstage	
2024-04-23T20:49:09,235  INFO [main] metastore.HMSHandler: Skipping translation for processor with null
2024-04-23T20:49:09,235  INFO [main] parse.RewriteSemanticAnalyzer: Going to reparse <export table Tstage to '/home/alex/Repositories/hive/ql/target/tmp/org.apache.hadoop.hive.ql.TestTxnExIm-1713930480318/warehouse/1'> as 
<insert into default.tstage_fd45ca11_3f5c_4c27_a8f1_a32441a49f8d select * from `default`.`Tstage`>
2024-04-23T20:49:09,236  INFO [main] parse.AcidExportSemanticAnalyzer: Starting Semantic Analysis
2024-04-23T20:49:09,238  INFO [main] parse.AcidExportSemanticAnalyzer: Completed phase 1 of Semantic Analysis
2024-04-23T20:49:09,238  INFO [main] parse.AcidExportSemanticAnalyzer: Get metadata for source tables
2024-04-23T20:49:09,239  INFO [main] HiveMetaStore.audit: ugi=alex	ip=unknown-ip-addr	cmd=get_table : tbl=hive.default.tstage	
2024-04-23T20:49:09,248  INFO [main] metastore.HMSHandler: Skipping translation for processor with null
2024-04-23T20:49:09,248  INFO [main] parse.AcidExportSemanticAnalyzer: Get metadata for subqueries
2024-04-23T20:49:09,248  INFO [main] parse.AcidExportSemanticAnalyzer: Get metadata for destination tables
2024-04-23T20:49:09,248  INFO [main] parse.AcidExportSemanticAnalyzer: Completed getting MetaData in Semantic Analysis
2024-04-23T20:49:09,248  INFO [main] parse.AcidExportSemanticAnalyzer: Disabling LLAP IO encode as ETL query is detected
2024-04-23T20:49:09,262  INFO [main] HiveMetaStore.audit: ugi=alex	ip=unknown-ip-addr	cmd=get_all_table_constraints : tbl=hive.default.tstage	
2024-04-23T20:49:09,271  INFO [main] calcite.RelOptHiveTable: Calculating column statistics for default.tstage, projIndxSet: [0, 1], allowMissingStats: true
2024-04-23T20:49:09,271  INFO [main] HiveMetaStore.audit: ugi=alex	ip=unknown-ip-addr	cmd=get_table : tbl=hive.default.tstage	
2024-04-23T20:49:09,281  INFO [main] metastore.HMSHandler: Skipping translation for processor with null
2024-04-23T20:49:09,282  INFO [main] HiveMetaStore.audit: ugi=alex	ip=unknown-ip-addr	cmd=get_table : tbl=hive.default.tstage	
2024-04-23T20:49:09,292  INFO [main] metastore.HMSHandler: Skipping translation for processor with null
2024-04-23T20:49:09,292  INFO [main] HiveMetaStore.audit: ugi=alex	ip=unknown-ip-addr	cmd=get_table_statistics_req: table=hive.default.tstage	
2024-04-23T20:49:09,305  WARN [main] calcite.RelOptHiveTable: No Stats for default@tstage, Columns: b, a
No Stats for default@tstage, Columns: b, a
2024-04-23T20:49:09,305  INFO [main] SessionState: No Stats for default@tstage, Columns: b, a
2024-04-23T20:49:09,347  INFO [main] parse.AcidExportSemanticAnalyzer: Get metadata for source tables
2024-04-23T20:49:09,347  INFO [main] parse.AcidExportSemanticAnalyzer: Get metadata for subqueries
2024-04-23T20:49:09,347  INFO [main] parse.AcidExportSemanticAnalyzer: Get metadata for destination tables
2024-04-23T20:49:09,349  INFO [main] common.FileUtils: Creating directory if it doesn't exist: file:/home/alex/Repositories/hive/ql/target/tmp/scratchdir/alex/28e4294f-eef7-4697-aa68-a23410ea526c/_tmp_space.db/ba8ab647-6243-469c-a787-d4b29d96ebea/.hive-staging_hive_2024-04-23_20-49-09_235_984287399405854564-1
2024-04-23T20:49:09,351  INFO [main] HiveMetaStore.audit: ugi=alex	ip=unknown-ip-addr	cmd=get_not_null_constraints : tbl=hive.default.tstage_fd45ca11_3f5c_4c27_a8f1_a32441a49f8d	
2024-04-23T20:49:09,353  INFO [main] HiveMetaStore.audit: ugi=alex	ip=unknown-ip-addr	cmd=get_check_constraints : tbl=hive.default.tstage_fd45ca11_3f5c_4c27_a8f1_a32441a49f8d	
2024-04-23T20:49:09,356  INFO [main] parse.AcidExportSemanticAnalyzer: CBO Succeeded; optimized logical plan.
2024-04-23T20:49:09,359  INFO [main] optimizer.BucketVersionPopulator: not considering bucketingVersion for: TS[0] because it has -1<2 buckets 
2024-04-23T20:49:09,359  INFO [main] optimizer.SortedDynPartitionOptimizer: Sorted dynamic partitioning optimization kicked in..
2024-04-23T20:49:09,369  INFO [main] optimizer.GenMRFileSink1: using CombineHiveInputformat for the merge job
2024-04-23T20:49:09,371  INFO [main] physical.Vectorizer: Examining input format to see if vectorization is enabled.
2024-04-23T20:49:09,371  INFO [main] physical.Vectorizer: Vectorization is enabled for input format(s) [org.apache.hadoop.hive.ql.io.orc.OrcInputFormat]
2024-04-23T20:49:09,371  INFO [main] physical.Vectorizer: Validating and vectorizing MapWork... (vectorizedVertexNum 0)
2024-04-23T20:49:09,372  INFO [main] physical.Vectorizer: Map vectorization enabled: true
2024-04-23T20:49:09,372  INFO [main] physical.Vectorizer: Map vectorized: true
2024-04-23T20:49:09,372  INFO [main] physical.Vectorizer: Map vectorizedVertexNum: 0
2024-04-23T20:49:09,372  INFO [main] physical.Vectorizer: Map enabledConditionsMet: [hive.vectorized.use.vectorized.input.format IS true]
2024-04-23T20:49:09,372  INFO [main] physical.Vectorizer: Map inputFileFormatClassNameSet: [org.apache.hadoop.hive.ql.io.orc.OrcInputFormat]
2024-04-23T20:49:09,374  INFO [main] parse.AcidExportSemanticAnalyzer: Completed plan generation
2024-04-23T20:49:09,376  INFO [main] HiveMetaStore.audit: ugi=alex	ip=unknown-ip-addr	cmd=get_table : tbl=hive.default.Tstage	
2024-04-23T20:49:09,383  INFO [main] metastore.HMSHandler: Skipping translation for processor with null
2024-04-23T20:49:09,384  INFO [main] parse.EximUtil: Path before norm :/home/alex/Repositories/hive/ql/target/tmp/org.apache.hadoop.hive.ql.TestTxnExIm-1713930480318/warehouse/1
2024-04-23T20:49:09,384  INFO [main] parse.EximUtil: Scheme:file, authority:null, path:/home/alex/Repositories/hive/ql/target/tmp/org.apache.hadoop.hive.ql.TestTxnExIm-1713930480318/warehouse/1
2024-04-23T20:49:09,384  INFO [main] parse.EximUtil: Path before norm :/home/alex/Repositories/hive/ql/target/tmp/org.apache.hadoop.hive.ql.TestTxnExIm-1713930480318/warehouse/1
2024-04-23T20:49:09,384  INFO [main] parse.EximUtil: Scheme:file, authority:null, path:/home/alex/Repositories/hive/ql/target/tmp/org.apache.hadoop.hive.ql.TestTxnExIm-1713930480318/warehouse/1
2024-04-23T20:49:09,384  INFO [main] parse.AcidExportSemanticAnalyzer: Ending caching scope for: 
2024-04-23T20:49:09,384  INFO [main] ql.Driver: Semantic Analysis Completed (retrial = false)
2024-04-23T20:49:09,384  INFO [main] ql.Driver: Created Hive schema: Schema(fieldSchemas:[FieldSchema(name:tstage.a, type:int, comment:null), FieldSchema(name:tstage.b, type:int, comment:null)], properties:null)
2024-04-23T20:49:09,384  INFO [main] metadata.Hive: Dumping metastore api call timing information for : compilation phase
2024-04-23T20:49:09,385  INFO [main] metadata.Hive: Total time spent in each metastore function (ms): {createTable_(Table)=3, getCheckConstraints_(CheckConstraintsRequest)=1, flushCache_()=0, getNotNullConstraints_(NotNullConstraintsRequest)=2, getValidTxns_(long)=0, openTxn_(String, TxnType)=3, getDatabase_(String)=2, getAllTableConstraints_(AllTableConstraintsRequest)=6, commitTxn_(CommitTxnRequest)=10, getValidWriteIds_(List, String)=3, isCompatibleWith_(Configuration)=0, getTable_(GetTableRequest)=49, getCurrentNotificationEventId_()=2, getTableColumnStatistics_(String, String, List, String)=33}
2024-04-23T20:49:09,385  INFO [main] ql.Driver: Completed compiling command(queryId=alex_20240423204909_227b608c-27d3-4b19-970e-76fd1743eeeb); Time taken: 0.187 seconds
2024-04-23T20:49:09,385  INFO [main] lockmgr.DbTxnManager: Setting lock request transaction to txnid:17 for queryId=alex_20240423204909_227b608c-27d3-4b19-970e-76fd1743eeeb
2024-04-23T20:49:09,386  INFO [main] lockmgr.DbLockManager: Requesting lock for queryId=alex_20240423204909_227b608c-27d3-4b19-970e-76fd1743eeeb
2024-04-23T20:49:09,400  INFO [main] lockmgr.DbLockManager: Response to queryId=alex_20240423204909_227b608c-27d3-4b19-970e-76fd1743eeeb LockResponse(lockid:11, state:ACQUIRED)
2024-04-23T20:49:09,400  INFO [main] ql.Driver: Operation QUERY obtained 1 locks
2024-04-23T20:49:09,401  INFO [main] ql.Driver: Executing command(queryId=alex_20240423204909_227b608c-27d3-4b19-970e-76fd1743eeeb): export table Tstage to '/home/alex/Repositories/hive/ql/target/tmp/org.apache.hadoop.hive.ql.TestTxnExIm-1713930480318/warehouse/1'
2024-04-23T20:49:09,402  WARN [main] ql.Driver: Hive-on-MR is deprecated in Hive 2 and may not be available in the future versions. Consider using a different execution engine (i.e. spark, tez) or using Hive 1.X releases.
Query ID = alex_20240423204909_227b608c-27d3-4b19-970e-76fd1743eeeb
2024-04-23T20:49:09,402  INFO [main] ql.Driver: Query ID = alex_20240423204909_227b608c-27d3-4b19-970e-76fd1743eeeb
Total jobs = 1
2024-04-23T20:49:09,402  INFO [main] ql.Driver: Total jobs = 1
Launching Job 1 out of 1
2024-04-23T20:49:09,402  INFO [main] ql.Driver: Launching Job 1 out of 1
2024-04-23T20:49:09,546  INFO [main] ql.Driver: Starting task [Stage-2:MAPRED] in serial mode
Number of reduce tasks is set to 0 since there's no reduce operator
2024-04-23T20:49:09,546  INFO [main] exec.Task: Number of reduce tasks is set to 0 since there's no reduce operator
2024-04-23T20:49:09,551  INFO [main] mr.ExecDriver: Using org.apache.hadoop.hive.ql.io.HiveInputFormat
2024-04-23T20:49:09,551  INFO [main] exec.Utilities: Processing alias tstage
2024-04-23T20:49:09,551  INFO [main] exec.Utilities: Adding 1 inputs; the first input is file:/home/alex/Repositories/hive/ql/target/tmp/org.apache.hadoop.hive.ql.TestTxnExIm-1713930480318/warehouse/tstage
2024-04-23T20:49:09,560  INFO [main] exec.SerializationUtilities: Serializing MapWork using kryo
2024-04-23T20:49:09,561  INFO [main] exec.Utilities: Serialized plan (via FILE) - name: null size: 6,56KB
2024-04-23T20:49:09,562  WARN [main] impl.MetricsSystemImpl: JobTracker metrics system already initialized!
2024-04-23T20:49:09,566  INFO [main] fs.FSStatsPublisher: created : file:/home/alex/Repositories/hive/ql/target/tmp/localscratchdir/28e4294f-eef7-4697-aa68-a23410ea526c/hive_2024-04-23_20-49-09_235_984287399405854564-1/-mr-10001
2024-04-23T20:49:09,570  WARN [main] impl.MetricsSystemImpl: JobTracker metrics system already initialized!
2024-04-23T20:49:09,577  WARN [main] mapreduce.JobResourceUploader: Hadoop command-line option parsing not performed. Implement the Tool interface and execute your application with ToolRunner to remedy this.
2024-04-23T20:49:09,581  WARN [main] mapreduce.JobResourceUploader: No job jar file set.  User classes may not be found. See Job or Job#setJar(String).
2024-04-23T20:49:09,582  INFO [main] io.HiveInputFormat: hive.io.file.readcolumn.ids = 0,1
2024-04-23T20:49:09,582  INFO [main] io.HiveInputFormat: hive.io.file.readcolumn.names = a,b
2024-04-23T20:49:09,582  INFO [main] io.HiveInputFormat: Generating splits for dirs: file:/home/alex/Repositories/hive/ql/target/tmp/org.apache.hadoop.hive.ql.TestTxnExIm-1713930480318/warehouse/tstage
2024-04-23T20:49:09,582  INFO [main] orc.OrcInputFormat: getSplits started
2024-04-23T20:49:09,582  INFO [main] orc.OrcInputFormat: Context:: isAcid: true isVectorMode: true sarg: null minSplitSize: 1 maxSplitSize: 256000000 splitStrategy: HYBRID footerInSplits: false numBuckets: 0 numThreads: 10 cacheMemSize: 268435456 cacheStripeDetails: true useSoftReference: false writeIdList: default.tstage:1:9223372036854775807:: isTransactionalTable: true txnProperties: default 
2024-04-23T20:49:09,583  INFO [main] orc.OrcInputFormat: ORC pushdown predicate: null
2024-04-23T20:49:09,592  INFO [main] orc.OrcInputFormat: FooterCacheHitRatio: 0/1
2024-04-23T20:49:09,592  INFO [main] orc.OrcInputFormat: getSplits finished (#splits: 1). duration: 10 ms
2024-04-23T20:49:09,593  INFO [main] io.HiveInputFormat: number of splits 1
2024-04-23T20:49:09,609  INFO [main] mapreduce.JobSubmitter: number of splits:1
2024-04-23T20:49:09,629  INFO [main] mapreduce.JobSubmitter: Submitting tokens for job: job_local1325252801_0025
2024-04-23T20:49:09,629  INFO [main] mapreduce.JobSubmitter: Executing with tokens: []
2024-04-23T20:49:09,687  INFO [main] mapreduce.Job: The url to track the job: http://localhost:8080/
Job running in-process (local Hadoop)
2024-04-23T20:49:09,687  INFO [main] exec.Task: Job running in-process (local Hadoop)
2024-04-23T20:49:09,688  INFO [Thread-1884] mapred.LocalJobRunner: OutputCommitter set in config org.apache.hadoop.hive.ql.io.HiveFileFormatUtils$NullOutputCommitter
2024-04-23T20:49:09,688  INFO [Thread-1884] mapred.LocalJobRunner: OutputCommitter is org.apache.hadoop.hive.ql.io.HiveFileFormatUtils$NullOutputCommitter
2024-04-23T20:49:09,689  INFO [Thread-1884] mapred.LocalJobRunner: Waiting for map tasks
2024-04-23T20:49:09,689  INFO [LocalJobRunner Map Task Executor #0] mapred.LocalJobRunner: Starting task: attempt_local1325252801_0025_m_000000_0
2024-04-23T20:49:09,690  INFO [LocalJobRunner Map Task Executor #0] mapred.Task:  Using ResourceCalculatorProcessTree : [ ]
2024-04-23T20:49:09,691  INFO [LocalJobRunner Map Task Executor #0] mapred.MapTask: Processing split: org.apache.hadoop.hive.ql.io.orc.OrcInputFormat:OrcSplit [file:/home/alex/Repositories/hive/ql/target/tmp/org.apache.hadoop.hive.ql.TestTxnExIm-1713930480318/warehouse/tstage/delta_0000001_0000001_0000/bucket_00000_0, start=3, length=311, isOriginal=false, fileLength=686, hasFooter=false, hasBase=true, deltas=0]
2024-04-23T20:49:09,691  INFO [LocalJobRunner Map Task Executor #0] exec.SerializationUtilities: Deserializing MapWork using kryo
2024-04-23T20:49:09,692  INFO [LocalJobRunner Map Task Executor #0] exec.Utilities: Deserialized plan (via FILE) - name: null size: 6,56KB
2024-04-23T20:49:09,693  INFO [LocalJobRunner Map Task Executor #0] orc.VectorizedOrcAcidRowBatchReader: Read ValidWriteIdList: default.tstage:1:9223372036854775807:::OrcSplit [file:/home/alex/Repositories/hive/ql/target/tmp/org.apache.hadoop.hive.ql.TestTxnExIm-1713930480318/warehouse/tstage/delta_0000001_0000001_0000/bucket_00000_0, start=3, length=311, isOriginal=false, fileLength=686, hasFooter=false, hasBase=true, deltas=0]
2024-04-23T20:49:09,693  INFO [LocalJobRunner Map Task Executor #0] orc.ReaderImpl: Reading ORC rows from file:/home/alex/Repositories/hive/ql/target/tmp/org.apache.hadoop.hive.ql.TestTxnExIm-1713930480318/warehouse/tstage/delta_0000001_0000001_0000/bucket_00000_0 with {include: [true, true, true], offset: 3, length: 311, schema: struct<a:int,b:int>, includeAcidColumns: false}
2024-04-23T20:49:09,694  INFO [LocalJobRunner Map Task Executor #0] mapred.MapTask: numReduceTasks: 0
2024-04-23T20:49:09,695  INFO [LocalJobRunner Map Task Executor #0] vector.VectorMapOperator: Initializing Operator: MAP[0]
2024-04-23T20:49:09,695  INFO [LocalJobRunner Map Task Executor #0] mr.ExecMapper: 
<MAP>Id =0
  <Children>null
  <\Children>
  <Parent><\Parent>
<\MAP>
2024-04-23T20:49:09,696  INFO [LocalJobRunner Map Task Executor #0] exec.TableScanOperator: Initializing Operator: TS[0]
2024-04-23T20:49:09,696  INFO [LocalJobRunner Map Task Executor #0] vector.VectorSelectOperator: Initializing Operator: SEL[4]
2024-04-23T20:49:09,696  INFO [LocalJobRunner Map Task Executor #0] vector.VectorFileSinkOperator: Initializing Operator: FS[5]
2024-04-23T20:49:09,697  INFO [LocalJobRunner Map Task Executor #0] exec.FileSinkOperator: Using serializer : AbstractSerDe [log=org.apache.logging.slf4j.Log4jLogger@27129f36, configuration=Optional[Configuration: core-default.xml, core-site.xml, mapred-default.xml, mapred-site.xml, yarn-default.xml, yarn-site.xml, hdfs-default.xml, hdfs-site.xml, file:/home/alex/Repositories/hive/ql/target/tmp/TestTxnExIm/mapred/local/localRunner/alex/job_local1325252801_0025/job_local1325252801_0025.xml], properties={name=default.tstage_fd45ca11_3f5c_4c27_a8f1_a32441a49f8d, transactional=false, columns.types=int:int, numFilesErasureCoded=0, columns=a,b, columns.comments=&amp#0;, serialization.lib=org.apache.hadoop.hive.ql.io.orc.OrcSerde, file.inputformat=org.apache.hadoop.hive.ql.io.orc.OrcInputFormat, file.outputformat=org.apache.hadoop.hive.ql.io.orc.OrcOutputFormat, location=file:/home/alex/Repositories/hive/ql/target/tmp/scratchdir/alex/28e4294f-eef7-4697-aa68-a23410ea526c/_tmp_space.db/ba8ab647-6243-469c-a787-d4b29d96ebea, column.name.delimiter=,}, tableProperties={name=default.tstage_fd45ca11_3f5c_4c27_a8f1_a32441a49f8d, transactional=false, columns.types=int:int, numFilesErasureCoded=0, columns=a,b, columns.comments=&amp#0;, serialization.lib=org.apache.hadoop.hive.ql.io.orc.OrcSerde, file.inputformat=org.apache.hadoop.hive.ql.io.orc.OrcInputFormat, location=file:/home/alex/Repositories/hive/ql/target/tmp/scratchdir/alex/28e4294f-eef7-4697-aa68-a23410ea526c/_tmp_space.db/ba8ab647-6243-469c-a787-d4b29d96ebea, file.outputformat=org.apache.hadoop.hive.ql.io.orc.OrcOutputFormat, column.name.delimiter=,}, partitionProperties=Optional.empty, columnNames=[a, b], columnTypes=[int, int], getClass()=class org.apache.hadoop.hive.ql.io.orc.OrcSerde] and formatter : org.apache.hadoop.hive.ql.io.orc.OrcOutputFormat@7cc14a90
2024-04-23T20:49:09,697  INFO [LocalJobRunner Map Task Executor #0] exec.FileSinkOperator: Final Path: FS file:/home/alex/Repositories/hive/ql/target/tmp/scratchdir/alex/28e4294f-eef7-4697-aa68-a23410ea526c/_tmp_space.db/ba8ab647-6243-469c-a787-d4b29d96ebea/.hive-staging_hive_2024-04-23_20-49-09_235_984287399405854564-1/_tmp.-ext-10002/000000_0
2024-04-23T20:49:09,697  INFO [LocalJobRunner Map Task Executor #0] exec.FileSinkOperator: Writing to temp file: FS file:/home/alex/Repositories/hive/ql/target/tmp/scratchdir/alex/28e4294f-eef7-4697-aa68-a23410ea526c/_tmp_space.db/ba8ab647-6243-469c-a787-d4b29d96ebea/.hive-staging_hive_2024-04-23_20-49-09_235_984287399405854564-1/_task_tmp.-ext-10002/_tmp.000000_0
2024-04-23T20:49:09,697  INFO [LocalJobRunner Map Task Executor #0] exec.FileSinkOperator: New Final Path: FS file:/home/alex/Repositories/hive/ql/target/tmp/scratchdir/alex/28e4294f-eef7-4697-aa68-a23410ea526c/_tmp_space.db/ba8ab647-6243-469c-a787-d4b29d96ebea/.hive-staging_hive_2024-04-23_20-49-09_235_984287399405854564-1/_tmp.-ext-10002/000000_0
2024-04-23T20:49:09,698  INFO [LocalJobRunner Map Task Executor #0] exec.FileSinkOperator: FS[5]: records written - 1
2024-04-23T20:49:09,698  INFO [LocalJobRunner Map Task Executor #0] impl.PhysicalFsWriter: ORC writer created for path: file:/home/alex/Repositories/hive/ql/target/tmp/scratchdir/alex/28e4294f-eef7-4697-aa68-a23410ea526c/_tmp_space.db/ba8ab647-6243-469c-a787-d4b29d96ebea/.hive-staging_hive_2024-04-23_20-49-09_235_984287399405854564-1/_task_tmp.-ext-10002/_tmp.000000_0 with stripeSize: 67108864 blockSize: 268435456 compression: Compress: ZLIB buffer: 262144
2024-04-23T20:49:09,705  INFO [LocalJobRunner Map Task Executor #0] impl.WriterImpl: ORC writer created for path: file:/home/alex/Repositories/hive/ql/target/tmp/scratchdir/alex/28e4294f-eef7-4697-aa68-a23410ea526c/_tmp_space.db/ba8ab647-6243-469c-a787-d4b29d96ebea/.hive-staging_hive_2024-04-23_20-49-09_235_984287399405854564-1/_task_tmp.-ext-10002/_tmp.000000_0 with stripeSize: 67108864 options: Compress: ZLIB buffer: 262144
2024-04-23T20:49:09,705  INFO [LocalJobRunner Map Task Executor #0] vector.VectorMapOperator: Closing Operator: MAP[0]
2024-04-23T20:49:09,705  INFO [LocalJobRunner Map Task Executor #0] vector.VectorMapOperator: RECORDS_OUT_OPERATOR_MAP_0:0, RECORDS_OUT_INTERMEDIATE:0, DESERIALIZE_ERRORS:0, RECORDS_IN:3, 
2024-04-23T20:49:09,705  INFO [LocalJobRunner Map Task Executor #0] exec.TableScanOperator: Closing Operator: TS[0]
2024-04-23T20:49:09,705  INFO [LocalJobRunner Map Task Executor #0] exec.TableScanOperator: RECORDS_OUT_INTERMEDIATE:0, RECORDS_OUT_OPERATOR_TS_0:3, 
2024-04-23T20:49:09,705  INFO [LocalJobRunner Map Task Executor #0] vector.VectorSelectOperator: Closing Operator: SEL[4]
2024-04-23T20:49:09,705  INFO [LocalJobRunner Map Task Executor #0] vector.VectorSelectOperator: RECORDS_OUT_INTERMEDIATE:0, RECORDS_OUT_OPERATOR_SEL_4:3, 
2024-04-23T20:49:09,705  INFO [LocalJobRunner Map Task Executor #0] vector.VectorFileSinkOperator: Closing Operator: FS[5]
2024-04-23T20:49:09,705  INFO [LocalJobRunner Map Task Executor #0] exec.FileSinkOperator: FS[5]: records written - 3
2024-04-23T20:49:09,712  INFO [LocalJobRunner Map Task Executor #0] vector.VectorFileSinkOperator: RECORDS_OUT_1_default.tstage_fd45ca11_3f5c_4c27_a8f1_a32441a49f8d:3, TOTAL_TABLE_ROWS_WRITTEN:3, RECORDS_OUT_OPERATOR_FS_5:3, RECORDS_OUT_INTERMEDIATE:0, 
2024-04-23T20:49:09,713  INFO [LocalJobRunner Map Task Executor #0] mapred.LocalJobRunner: 
2024-04-23T20:49:09,713  INFO [LocalJobRunner Map Task Executor #0] mapred.Task: Task:attempt_local1325252801_0025_m_000000_0 is done. And is in the process of committing
2024-04-23T20:49:09,714  INFO [LocalJobRunner Map Task Executor #0] mapred.LocalJobRunner: OrcSplit [file:/home/alex/Repositories/hive/ql/target/tmp/org.apache.hadoop.hive.ql.TestTxnExIm-1713930480318/warehouse/tstage/delta_0000001_0000001_0000/bucket_00000_0, start=3, length=311, isOriginal=false, fileLength=686, hasFooter=false, hasBase=true, deltas=0]
2024-04-23T20:49:09,714  INFO [LocalJobRunner Map Task Executor #0] mapred.Task: Task 'attempt_local1325252801_0025_m_000000_0' done.
2024-04-23T20:49:09,714  INFO [LocalJobRunner Map Task Executor #0] mapred.Task: Final Counters for attempt_local1325252801_0025_m_000000_0: Counters: 25
	File System Counters
		FILE: Number of bytes read=463128
		FILE: Number of bytes written=29225627
		FILE: Number of read operations=0
		FILE: Number of large read operations=0
		FILE: Number of write operations=0
	Map-Reduce Framework
		Map input records=1
		Map output records=0
		Input split bytes=485
		Spilled Records=0
		Failed Shuffles=0
		Merged Map outputs=0
		GC time elapsed (ms)=0
		Total committed heap usage (bytes)=1192230912
	HIVE
		CREATED_FILES=1
		DESERIALIZE_ERRORS=0
		RECORDS_IN=3
		RECORDS_OUT_1_default.tstage_fd45ca11_3f5c_4c27_a8f1_a32441a49f=3
		RECORDS_OUT_INTERMEDIATE=0
		RECORDS_OUT_OPERATOR_FS_5=3
		RECORDS_OUT_OPERATOR_MAP_0=0
		RECORDS_OUT_OPERATOR_SEL_4=3
		RECORDS_OUT_OPERATOR_TS_0=3
		TOTAL_TABLE_ROWS_WRITTEN=3
	File Input Format Counters 
		Bytes Read=9445
	File Output Format Counters 
		Bytes Written=0
2024-04-23T20:49:09,714  INFO [LocalJobRunner Map Task Executor #0] mapred.LocalJobRunner: Finishing task: attempt_local1325252801_0025_m_000000_0
2024-04-23T20:49:09,714  INFO [Thread-1884] mapred.LocalJobRunner: map task executor complete.
2024-04-23 20:49:10,689 Stage-2 map = 100%,  reduce = 0%
2024-04-23T20:49:10,689  INFO [main] exec.Task: 2024-04-23 20:49:10,689 Stage-2 map = 100%,  reduce = 0%
Ended Job = job_local1325252801_0025
2024-04-23T20:49:10,690  INFO [main] exec.Task: Ended Job = job_local1325252801_0025
2024-04-23T20:49:10,692  INFO [main] ql.Driver: Starting task [Stage-8:CONDITIONAL] in serial mode
Stage-5 is selected by condition resolver.
2024-04-23T20:49:10,693  INFO [main] exec.Task: Stage-5 is selected by condition resolver.
Stage-4 is filtered out by condition resolver.
2024-04-23T20:49:10,693  INFO [main] exec.Task: Stage-4 is filtered out by condition resolver.
Stage-6 is filtered out by condition resolver.
2024-04-23T20:49:10,693  INFO [main] exec.Task: Stage-6 is filtered out by condition resolver.
2024-04-23T20:49:10,694  INFO [main] ql.Driver: Starting task [Stage-5:MOVE] in serial mode
Moving data to directory file:/home/alex/Repositories/hive/ql/target/tmp/scratchdir/alex/28e4294f-eef7-4697-aa68-a23410ea526c/_tmp_space.db/ba8ab647-6243-469c-a787-d4b29d96ebea/.hive-staging_hive_2024-04-23_20-49-09_235_984287399405854564-1/-ext-10000
2024-04-23T20:49:10,694  INFO [main] exec.Task: Moving data to directory file:/home/alex/Repositories/hive/ql/target/tmp/scratchdir/alex/28e4294f-eef7-4697-aa68-a23410ea526c/_tmp_space.db/ba8ab647-6243-469c-a787-d4b29d96ebea/.hive-staging_hive_2024-04-23_20-49-09_235_984287399405854564-1/-ext-10000 from file:/home/alex/Repositories/hive/ql/target/tmp/scratchdir/alex/28e4294f-eef7-4697-aa68-a23410ea526c/_tmp_space.db/ba8ab647-6243-469c-a787-d4b29d96ebea/.hive-staging_hive_2024-04-23_20-49-09_235_984287399405854564-1/-ext-10002
2024-04-23T20:49:10,695  INFO [main] ql.Driver: Starting task [Stage-1:MOVE] in serial mode
Loading data to table default.tstage_fd45ca11_3f5c_4c27_a8f1_a32441a49f8d
2024-04-23T20:49:10,695  INFO [main] exec.Task: Loading data to table default.tstage_fd45ca11_3f5c_4c27_a8f1_a32441a49f8d from file:/home/alex/Repositories/hive/ql/target/tmp/scratchdir/alex/28e4294f-eef7-4697-aa68-a23410ea526c/_tmp_space.db/ba8ab647-6243-469c-a787-d4b29d96ebea/.hive-staging_hive_2024-04-23_20-49-09_235_984287399405854564-1/-ext-10000
2024-04-23T20:49:10,700  WARN [main] metadata.Hive: Cannot get a table snapshot for tstage_fd45ca11_3f5c_4c27_a8f1_a32441a49f8d
2024-04-23T20:49:10,700  INFO [main] metadata.SessionHiveMetaStoreClient: Column stats doesn't exist for db=default temp table=tstage_fd45ca11_3f5c_4c27_a8f1_a32441a49f8d
2024-04-23T20:49:10,701  INFO [main] ql.Driver: Starting task [Stage-10:DDL] in serial mode
2024-04-23T20:49:10,706  INFO [main] metadata.SessionHiveMetaStoreClient: Column stats doesn't exist for db=default temp table=tstage_fd45ca11_3f5c_4c27_a8f1_a32441a49f8d
2024-04-23T20:49:10,706  INFO [main] ql.Driver: Starting task [Stage-9:REPL_DUMP] in serial mode
2024-04-23T20:49:10,706  INFO [main] parse.EximUtil: Path before norm :/home/alex/Repositories/hive/ql/target/tmp/org.apache.hadoop.hive.ql.TestTxnExIm-1713930480318/warehouse/1
2024-04-23T20:49:10,706  INFO [main] parse.EximUtil: Scheme:file, authority:null, path:/home/alex/Repositories/hive/ql/target/tmp/org.apache.hadoop.hive.ql.TestTxnExIm-1713930480318/warehouse/1
2024-04-23T20:49:10,707  INFO [main] parse.EximUtil: Path before norm :/home/alex/Repositories/hive/ql/target/tmp/org.apache.hadoop.hive.ql.TestTxnExIm-1713930480318/warehouse/1
2024-04-23T20:49:10,707  INFO [main] parse.EximUtil: Scheme:file, authority:null, path:/home/alex/Repositories/hive/ql/target/tmp/org.apache.hadoop.hive.ql.TestTxnExIm-1713930480318/warehouse/1
2024-04-23T20:49:10,707  INFO [main] plan.ExportWork: Swapping export of Tstage to default.tstage_fd45ca11_3f5c_4c27_a8f1_a32441a49f8d using partSpec=null
2024-04-23T20:49:10,733  WARN [main] shims.Utils: XAttr won't be preserved since it is not supported for file system: file:///
2024-04-23T20:49:10,740  INFO [main] ql.Driver: Starting task [Stage-11:DDL] in serial mode
2024-04-23T20:49:10,741  INFO [main] metadata.SessionHiveMetaStoreClient: Column stats doesn't exist for db=default temp table=tstage_fd45ca11_3f5c_4c27_a8f1_a32441a49f8d
2024-04-23T20:49:10,742  INFO [main] metadata.Hive: Dumping metastore api call timing information for : execution phase
2024-04-23T20:49:10,742  INFO [main] metadata.Hive: Total time spent in each metastore function (ms): {isCompatibleWith_(Configuration)=0, dropTable_(String, String, boolean, boolean, boolean)=2, getValidWriteIds_(List, String)=2, alter_table_(String, String, String, Table, EnvironmentContext, String)=1, getTable_(GetTableRequest)=1}
MapReduce Jobs Launched: 
2024-04-23T20:49:10,742  INFO [main] ql.Driver: MapReduce Jobs Launched: 
Stage-Stage-2:  HDFS Read: 0 HDFS Write: 0 SUCCESS
2024-04-23T20:49:10,742  INFO [main] ql.Driver: Stage-Stage-2:  HDFS Read: 0 HDFS Write: 0 SUCCESS
Total MapReduce CPU Time Spent: 0 msec
2024-04-23T20:49:10,742  INFO [main] ql.Driver: Total MapReduce CPU Time Spent: 0 msec
2024-04-23T20:49:10,742  INFO [main] ql.Driver: Completed executing command(queryId=alex_20240423204909_227b608c-27d3-4b19-970e-76fd1743eeeb); Time taken: 1.341 seconds
2024-04-23T20:49:10,743  INFO [main] lockmgr.DbTxnManager: Stopped heartbeat for query: alex_20240423204909_227b608c-27d3-4b19-970e-76fd1743eeeb
2024-04-23T20:49:10,748  INFO [main] txn.TxnHandler: Expected to move at least one record from txn_components to completed_txn_components when committing txn! txnid:17
2024-04-23T20:49:10,755  INFO [main] txn.TxnHandler: Removed transactions: ([17]) from MIN_HISTORY_LEVEL
2024-04-23T20:49:10,755  WARN [main] txn.CompactionTxnHandler: No compaction queue record found for Compaction type transaction commit. txnId:17
2024-04-23T20:49:10,756  INFO [main] ql.TxnCommandsBaseForTests: Running the query: import table T from '/home/alex/Repositories/hive/ql/target/tmp/org.apache.hadoop.hive.ql.TestTxnExIm-1713930480318/warehouse/1'
2024-04-23T20:49:10,756  INFO [main] ql.Context: Deleting scratch dir: file:/home/alex/Repositories/hive/ql/target/tmp/scratchdir/alex/28e4294f-eef7-4697-aa68-a23410ea526c/_tmp_space.db/ba8ab647-6243-469c-a787-d4b29d96ebea/.hive-staging_hive_2024-04-23_20-49-09_235_984287399405854564-1
2024-04-23T20:49:10,756  INFO [main] ql.Context: Deleting scratch dir: file:/home/alex/Repositories/hive/ql/target/tmp/localscratchdir/28e4294f-eef7-4697-aa68-a23410ea526c/hive_2024-04-23_20-49-09_235_984287399405854564-1
2024-04-23T20:49:10,757  INFO [main] cleanup.SyncCleanupService: Deleted directory: file:/home/alex/Repositories/hive/ql/target/tmp/localscratchdir/28e4294f-eef7-4697-aa68-a23410ea526c/hive_2024-04-23_20-49-09_235_984287399405854564-1 on fs with scheme file
2024-04-23T20:49:10,757  INFO [main] ql.Context: Deleting scratch dir: file:/home/alex/Repositories/hive/ql/target/tmp/localscratchdir/28e4294f-eef7-4697-aa68-a23410ea526c/hive_2024-04-23_20-49-09_197_5379433286219361733-1
2024-04-23T20:49:10,758  INFO [main] cleanup.SyncCleanupService: Deleted directory: file:/home/alex/Repositories/hive/ql/target/tmp/localscratchdir/28e4294f-eef7-4697-aa68-a23410ea526c/hive_2024-04-23_20-49-09_197_5379433286219361733-1 on fs with scheme file
2024-04-23T20:49:10,758  INFO [main] ql.Driver: Compiling command(queryId=alex_20240423204910_11c2cd7b-03a7-4f49-9b4e-3ed0c7e345fa): import table T from '/home/alex/Repositories/hive/ql/target/tmp/org.apache.hadoop.hive.ql.TestTxnExIm-1713930480318/warehouse/1'
2024-04-23T20:49:10,761  INFO [main] txn.TxnHandler: Added entries to MIN_HISTORY_LEVEL for current txns: ([18]) with min_open_txn: 18
2024-04-23T20:49:10,761  INFO [main] lockmgr.DbTxnManager: Opened txnid:18
2024-04-23T20:49:10,762  INFO [main] parse.EximUtil: Path before norm :/home/alex/Repositories/hive/ql/target/tmp/org.apache.hadoop.hive.ql.TestTxnExIm-1713930480318/warehouse/1
2024-04-23T20:49:10,762  INFO [main] parse.EximUtil: Scheme:file, authority:null, path:/home/alex/Repositories/hive/ql/target/tmp/org.apache.hadoop.hive.ql.TestTxnExIm-1713930480318/warehouse/1
2024-04-23T20:49:10,763  INFO [main] parse.EximUtil: Path before norm :/home/alex/Repositories/hive/ql/target/tmp/org.apache.hadoop.hive.ql.TestTxnExIm-1713930480318/warehouse/1
2024-04-23T20:49:10,763  INFO [main] parse.EximUtil: Scheme:file, authority:null, path:/home/alex/Repositories/hive/ql/target/tmp/org.apache.hadoop.hive.ql.TestTxnExIm-1713930480318/warehouse/1
2024-04-23T20:49:10,764  INFO [main] HiveMetaStore.audit: ugi=alex	ip=unknown-ip-addr	cmd=get_table : tbl=hive.default.T	
2024-04-23T20:49:10,773  INFO [main] txn.TxnHandler: Allocated writeId: 1 for txnId: 18
2024-04-23T20:49:10,773  INFO [main] txn.TxnHandler: Allocated write ids for dbName=default, tblName=t (txnIds: [18])
2024-04-23T20:49:10,773  INFO [main] HiveMetaStore.audit: ugi=alex	ip=unknown-ip-addr	cmd=get_database: default	
2024-04-23T20:49:10,776  INFO [main] ql.Driver: Semantic Analysis Completed (retrial = false)
2024-04-23T20:49:10,776  INFO [main] ql.Driver: Created Hive schema: Schema(fieldSchemas:null, properties:null)
2024-04-23T20:49:10,776  INFO [main] metadata.Hive: Dumping metastore api call timing information for : compilation phase
2024-04-23T20:49:10,777  INFO [main] metadata.Hive: Total time spent in each metastore function (ms): {isCompatibleWith_(Configuration)=1, getDatabase_(String)=3, flushCache_()=0, allocateTableWriteId_(long, String, String)=4, commitTxn_(CommitTxnRequest)=13, getValidTxns_(long)=1, openTxn_(String, TxnType)=2}
2024-04-23T20:49:10,777  INFO [main] ql.Driver: Completed compiling command(queryId=alex_20240423204910_11c2cd7b-03a7-4f49-9b4e-3ed0c7e345fa); Time taken: 0.018 seconds
2024-04-23T20:49:10,777  INFO [main] lockmgr.DbTxnManager: Setting lock request transaction to txnid:18 for queryId=alex_20240423204910_11c2cd7b-03a7-4f49-9b4e-3ed0c7e345fa
2024-04-23T20:49:10,777  INFO [main] lockmgr.DbLockManager: Requesting lock for queryId=alex_20240423204910_11c2cd7b-03a7-4f49-9b4e-3ed0c7e345fa
2024-04-23T20:49:10,794  INFO [main] lockmgr.DbLockManager: Response to queryId=alex_20240423204910_11c2cd7b-03a7-4f49-9b4e-3ed0c7e345fa LockResponse(lockid:12, state:ACQUIRED)
2024-04-23T20:49:10,794  INFO [main] ql.Driver: Operation IMPORT obtained 1 locks
2024-04-23T20:49:10,794  INFO [main] ql.Driver: Executing command(queryId=alex_20240423204910_11c2cd7b-03a7-4f49-9b4e-3ed0c7e345fa): import table T from '/home/alex/Repositories/hive/ql/target/tmp/org.apache.hadoop.hive.ql.TestTxnExIm-1713930480318/warehouse/1'
2024-04-23T20:49:10,794  INFO [main] ql.Driver: Starting task [Stage-1:COPY] in serial mode
Copying data from file:/home/alex/Repositories/hive/ql/target/tmp/org.apache.hadoop.hive.ql.TestTxnExIm-1713930480318/warehouse/1/data
2024-04-23T20:49:10,794  INFO [main] exec.Task: Copying data from file:/home/alex/Repositories/hive/ql/target/tmp/org.apache.hadoop.hive.ql.TestTxnExIm-1713930480318/warehouse/1/data to file:/home/alex/Repositories/hive/ql/target/tmp/org.apache.hadoop.hive.ql.TestTxnExIm-1713930480318/warehouse/t/delta_0000001_0000001_0000
2024-04-23T20:49:10,795  INFO [main] common.FileUtils: Creating directory if it doesn't exist: file:/home/alex/Repositories/hive/ql/target/tmp/org.apache.hadoop.hive.ql.TestTxnExIm-1713930480318/warehouse/t/delta_0000001_0000001_0000
Copying file: file:/home/alex/Repositories/hive/ql/target/tmp/org.apache.hadoop.hive.ql.TestTxnExIm-1713930480318/warehouse/1/data/000000_0
2024-04-23T20:49:10,799  INFO [main] exec.Task: Copying file: file:/home/alex/Repositories/hive/ql/target/tmp/org.apache.hadoop.hive.ql.TestTxnExIm-1713930480318/warehouse/1/data/000000_0
2024-04-23T20:49:10,799  WARN [main] shims.Utils: XAttr won't be preserved since it is not supported for file system: file:///
2024-04-23T20:49:10,804  INFO [main] ql.Driver: Starting task [Stage-0:DDL] in serial mode
2024-04-23T20:49:10,808  INFO [main] HiveMetaStore.audit: ugi=alex	ip=unknown-ip-addr	cmd=create_table_req: Table(tableName:T, dbName:default, owner:alex, createTime:1713930550, lastAccessTime:0, retention:0, sd:StorageDescriptor(cols:[FieldSchema(name:a, type:int, comment:null), FieldSchema(name:b, type:int, comment:null)], location:null, inputFormat:org.apache.hadoop.hive.ql.io.orc.OrcInputFormat, outputFormat:org.apache.hadoop.hive.ql.io.orc.OrcOutputFormat, compressed:false, numBuckets:-1, serdeInfo:SerDeInfo(name:null, serializationLib:org.apache.hadoop.hive.ql.io.orc.OrcSerde, parameters:{serialization.format=1}), bucketCols:[], sortCols:[], parameters:{}, skewedInfo:SkewedInfo(skewedColNames:[], skewedColValues:[], skewedColValueLocationMaps:{}), storedAsSubDirectories:false), partitionKeys:[], parameters:{last_modified_by=alex, totalSize=0, last_modified_time=1713930550, COLUMN_STATS_ACCURATE={"BASIC_STATS":"true","COLUMN_STATS":{"a":"true","b":"true"}}, rawDataSize=0, numFilesErasureCoded=0, numFiles=0, transactional=true, numRows=0, bucketing_version=2}, viewOriginalText:null, viewExpandedText:null, tableType:MANAGED_TABLE, privileges:PrincipalPrivilegeSet(userPrivileges:{alex=[PrivilegeGrantInfo(privilege:INSERT, createTime:-1, grantor:alex, grantorType:USER, grantOption:true), PrivilegeGrantInfo(privilege:SELECT, createTime:-1, grantor:alex, grantorType:USER, grantOption:true), PrivilegeGrantInfo(privilege:UPDATE, createTime:-1, grantor:alex, grantorType:USER, grantOption:true), PrivilegeGrantInfo(privilege:DELETE, createTime:-1, grantor:alex, grantorType:USER, grantOption:true)]}, groupPrivileges:null, rolePrivileges:null), temporary:false, catName:hive, ownerType:USER, writeId:1)	
2024-04-23T20:49:10,831  INFO [main] ql.Driver: Starting task [Stage-2:MOVE] in serial mode
Loading data to table default.T
2024-04-23T20:49:10,831  INFO [main] exec.Task: Loading data to table default.T from file:/home/alex/Repositories/hive/ql/target/tmp/org.apache.hadoop.hive.ql.TestTxnExIm-1713930480318/warehouse/t
2024-04-23T20:49:10,832  INFO [main] HiveMetaStore.audit: ugi=alex	ip=unknown-ip-addr	cmd=get_table : tbl=hive.default.T	
2024-04-23T20:49:10,838  INFO [main] metastore.HMSHandler: Skipping translation for processor with null
2024-04-23T20:49:10,839  INFO [main] HiveMetaStore.audit: ugi=alex	ip=unknown-ip-addr	cmd=get_table : tbl=hive.default.T	
2024-04-23T20:49:10,846  INFO [main] metastore.HMSHandler: Skipping translation for processor with null
2024-04-23T20:49:10,847  INFO [main] HiveMetaStore.audit: ugi=alex	ip=unknown-ip-addr	cmd=alter_table: hive.default.t newtbl=t	
2024-04-23T20:49:10,862  INFO [main] utils.MetaStoreServerUtils: Updating table stats for t
2024-04-23T20:49:10,862  INFO [main] utils.MetaStoreServerUtils: Updated size of table t to 256
2024-04-23T20:49:10,872  INFO [main] metadata.Hive: Dumping metastore api call timing information for : execution phase
2024-04-23T20:49:10,872  INFO [main] metadata.Hive: Total time spent in each metastore function (ms): {isCompatibleWith_(Configuration)=0, getTable_(GetTableRequest)=15, getValidWriteIds_(List, String)=2, createTable_(Table)=23, alter_table_(String, String, String, Table, EnvironmentContext, String)=25}
2024-04-23T20:49:10,872  INFO [main] ql.Driver: Completed executing command(queryId=alex_20240423204910_11c2cd7b-03a7-4f49-9b4e-3ed0c7e345fa); Time taken: 0.078 seconds
2024-04-23T20:49:10,872  INFO [main] lockmgr.DbTxnManager: Stopped heartbeat for query: alex_20240423204910_11c2cd7b-03a7-4f49-9b4e-3ed0c7e345fa
2024-04-23T20:49:10,876  INFO [main] txn.TxnHandler: Expected to move at least one record from txn_components to completed_txn_components when committing txn! txnid:18
2024-04-23T20:49:10,881  INFO [main] txn.TxnHandler: Removed transactions: ([18]) from MIN_HISTORY_LEVEL
2024-04-23T20:49:10,881  WARN [main] txn.CompactionTxnHandler: No compaction queue record found for Compaction type transaction commit. txnId:18
2024-04-23T20:49:10,881  INFO [main] ql.TxnCommandsBaseForTests: Running the query: select ROW__ID, a, b, INPUT__FILE__NAME from T order by ROW__ID
2024-04-23T20:49:10,882  INFO [main] ql.Driver: Compiling command(queryId=alex_20240423204910_59076dd0-9ed5-47b0-a41c-d46a21d6d141): select ROW__ID, a, b, INPUT__FILE__NAME from T order by ROW__ID
2024-04-23T20:49:10,889  INFO [main] txn.TxnHandler: Added entries to MIN_HISTORY_LEVEL for current txns: ([19]) with min_open_txn: 18
2024-04-23T20:49:10,890  INFO [main] lockmgr.DbTxnManager: Opened txnid:19
2024-04-23T20:49:10,892  INFO [main] parse.CalcitePlanner: Starting caching scope for: 
2024-04-23T20:49:10,892  INFO [main] parse.CalcitePlanner: Starting Semantic Analysis
2024-04-23T20:49:10,897  INFO [main] parse.CalcitePlanner: Completed phase 1 of Semantic Analysis
2024-04-23T20:49:10,897  INFO [main] parse.CalcitePlanner: Get metadata for source tables
2024-04-23T20:49:10,897  INFO [main] HiveMetaStore.audit: ugi=alex	ip=unknown-ip-addr	cmd=get_table : tbl=hive.default.t	
2024-04-23T20:49:10,903  INFO [main] metastore.ObjectStore: Removed COLUMN_STATS_ACCURATE from Table's parameters.
2024-04-23T20:49:10,905  INFO [main] metastore.HMSHandler: Skipping translation for processor with null
2024-04-23T20:49:10,905  INFO [main] parse.CalcitePlanner: Get metadata for subqueries
2024-04-23T20:49:10,905  INFO [main] parse.CalcitePlanner: Get metadata for destination tables
2024-04-23T20:49:10,905  INFO [main] parse.CalcitePlanner: Completed getting MetaData in Semantic Analysis
2024-04-23T20:49:10,918  INFO [main] HiveMetaStore.audit: ugi=alex	ip=unknown-ip-addr	cmd=get_all_table_constraints : tbl=hive.default.t	
2024-04-23T20:49:10,969  INFO [main] calcite.RelOptHiveTable: Calculating column statistics for default.t, projIndxSet: [0, 1], allowMissingStats: true
2024-04-23T20:49:10,970  INFO [main] HiveMetaStore.audit: ugi=alex	ip=unknown-ip-addr	cmd=get_table : tbl=hive.default.t	
2024-04-23T20:49:10,981  INFO [main] metastore.HMSHandler: Skipping translation for processor with null
2024-04-23T20:49:10,981  INFO [main] HiveMetaStore.audit: ugi=alex	ip=unknown-ip-addr	cmd=get_table : tbl=hive.default.t	
2024-04-23T20:49:10,991  INFO [main] metastore.HMSHandler: Skipping translation for processor with null
2024-04-23T20:49:10,991  INFO [main] HiveMetaStore.audit: ugi=alex	ip=unknown-ip-addr	cmd=get_table_statistics_req: table=hive.default.t	
2024-04-23T20:49:11,000  WARN [main] calcite.RelOptHiveTable: No Stats for default@t, Columns: b, a
No Stats for default@t, Columns: b, a
2024-04-23T20:49:11,000  INFO [main] SessionState: No Stats for default@t, Columns: b, a
2024-04-23T20:49:11,048  INFO [main] parse.CalcitePlanner: Get metadata for source tables
2024-04-23T20:49:11,048  INFO [main] parse.CalcitePlanner: Get metadata for subqueries
2024-04-23T20:49:11,048  INFO [main] parse.CalcitePlanner: Get metadata for destination tables
2024-04-23T20:49:11,050  INFO [main] common.FileUtils: Creating directory if it doesn't exist: file:/home/alex/Repositories/hive/ql/target/tmp/localscratchdir/28e4294f-eef7-4697-aa68-a23410ea526c/hive_2024-04-23_20-49-10_882_19115185341277214-1/-mr-10001/.hive-staging_hive_2024-04-23_20-49-10_882_19115185341277214-1
2024-04-23T20:49:11,057  INFO [main] parse.CalcitePlanner: CBO Succeeded; optimized logical plan.
2024-04-23T20:49:11,060  INFO [main] optimizer.ColumnPrunerProcFactory: RS 2 oldColExprMap: {KEY.reducesinkkey0=Column[_col0], VALUE._col2=Column[_col3], VALUE._col0=Column[_col1], VALUE._col1=Column[_col2]}
2024-04-23T20:49:11,061  INFO [main] optimizer.ColumnPrunerProcFactory: RS 2 newColExprMap: {VALUE._col1=Column[_col2], VALUE._col2=Column[_col3], VALUE._col0=Column[_col1], KEY.reducesinkkey0=Column[_col0]}
2024-04-23T20:49:11,061  INFO [main] optimizer.BucketVersionPopulator: not considering bucketingVersion for: TS[0] because it has -1<2 buckets 
2024-04-23T20:49:11,062  INFO [main] optimizer.SortedDynPartitionOptimizer: Sorted dynamic partitioning optimization kicked in..
2024-04-23T20:49:11,071  INFO [main] physical.Vectorizer: Examining input format to see if vectorization is enabled.
2024-04-23T20:49:11,072  INFO [main] physical.Vectorizer: Vectorization is enabled for input format(s) [org.apache.hadoop.hive.ql.io.orc.OrcInputFormat]
2024-04-23T20:49:11,072  INFO [main] physical.Vectorizer: Validating and vectorizing MapWork... (vectorizedVertexNum 0)
2024-04-23T20:49:11,072  INFO [main] physical.Vectorizer: Map vectorization enabled: true
2024-04-23T20:49:11,072  INFO [main] physical.Vectorizer: Map vectorized: false
2024-04-23T20:49:11,072  INFO [main] physical.Vectorizer: Map notVectorizedReason: Select expression for SELECT operator: Virtual column INPUT__FILE__NAME is not supported
2024-04-23T20:49:11,072  INFO [main] physical.Vectorizer: Map vectorizedVertexNum: 0
2024-04-23T20:49:11,072  INFO [main] physical.Vectorizer: Map enabledConditionsMet: [hive.vectorized.use.vectorized.input.format IS true]
2024-04-23T20:49:11,072  INFO [main] physical.Vectorizer: Map inputFileFormatClassNameSet: [org.apache.hadoop.hive.ql.io.orc.OrcInputFormat]
2024-04-23T20:49:11,072  INFO [main] physical.Vectorizer: Reduce vectorization enabled: false
2024-04-23T20:49:11,072  INFO [main] physical.Vectorizer: Reduce vectorized: false
2024-04-23T20:49:11,072  INFO [main] physical.Vectorizer: Reduce vectorizedVertexNum: 1
2024-04-23T20:49:11,072  INFO [main] physical.Vectorizer: Reducer hive.vectorized.execution.reduce.enabled: true
2024-04-23T20:49:11,072  INFO [main] physical.Vectorizer: Reducer engine: mr
2024-04-23T20:49:11,072  INFO [main] parse.CalcitePlanner: Completed plan generation
2024-04-23T20:49:11,072  INFO [main] parse.CalcitePlanner: Ending caching scope for: 
2024-04-23T20:49:11,072  INFO [main] ql.Driver: Semantic Analysis Completed (retrial = false)
2024-04-23T20:49:11,072  INFO [main] ql.Driver: Created Hive schema: Schema(fieldSchemas:[FieldSchema(name:row__id, type:struct<writeid:bigint,bucketid:int,rowid:bigint>, comment:null), FieldSchema(name:a, type:int, comment:null), FieldSchema(name:b, type:int, comment:null), FieldSchema(name:input__file__name, type:string, comment:null)], properties:null)
2024-04-23T20:49:11,073  INFO [main] exec.ListSinkOperator: Initializing Operator: LIST_SINK[5]
2024-04-23T20:49:11,074  INFO [main] metadata.Hive: Dumping metastore api call timing information for : compilation phase
2024-04-23T20:49:11,074  INFO [main] metadata.Hive: Total time spent in each metastore function (ms): {getTableColumnStatistics_(String, String, List, String)=29, flushCache_()=0, getValidWriteIds_(List, String)=5, getAllTableConstraints_(AllTableConstraintsRequest)=28, isCompatibleWith_(Configuration)=0, openTxn_(String, TxnType)=8, commitTxn_(CommitTxnRequest)=9, getTable_(GetTableRequest)=8, getValidTxns_(long)=2}
2024-04-23T20:49:11,074  INFO [main] ql.Driver: Completed compiling command(queryId=alex_20240423204910_59076dd0-9ed5-47b0-a41c-d46a21d6d141); Time taken: 0.192 seconds
2024-04-23T20:49:11,074  INFO [main] lockmgr.DbTxnManager: Setting lock request transaction to txnid:19 for queryId=alex_20240423204910_59076dd0-9ed5-47b0-a41c-d46a21d6d141
2024-04-23T20:49:11,075  INFO [main] lockmgr.DbLockManager: Requesting lock for queryId=alex_20240423204910_59076dd0-9ed5-47b0-a41c-d46a21d6d141
2024-04-23T20:49:11,092  INFO [main] lockmgr.DbLockManager: Response to queryId=alex_20240423204910_59076dd0-9ed5-47b0-a41c-d46a21d6d141 LockResponse(lockid:13, state:ACQUIRED)
2024-04-23T20:49:11,092  INFO [main] ql.Driver: Operation QUERY obtained 1 locks
2024-04-23T20:49:11,092  INFO [main] ql.Driver: Executing command(queryId=alex_20240423204910_59076dd0-9ed5-47b0-a41c-d46a21d6d141): select ROW__ID, a, b, INPUT__FILE__NAME from T order by ROW__ID
2024-04-23T20:49:11,093  WARN [main] ql.Driver: Hive-on-MR is deprecated in Hive 2 and may not be available in the future versions. Consider using a different execution engine (i.e. spark, tez) or using Hive 1.X releases.
Query ID = alex_20240423204910_59076dd0-9ed5-47b0-a41c-d46a21d6d141
2024-04-23T20:49:11,093  INFO [main] ql.Driver: Query ID = alex_20240423204910_59076dd0-9ed5-47b0-a41c-d46a21d6d141
Total jobs = 1
2024-04-23T20:49:11,093  INFO [main] ql.Driver: Total jobs = 1
Launching Job 1 out of 1
2024-04-23T20:49:11,093  INFO [main] ql.Driver: Launching Job 1 out of 1
2024-04-23T20:49:11,254  INFO [main] ql.Driver: Starting task [Stage-1:MAPRED] in serial mode
Number of reduce tasks determined at compile time: 1
2024-04-23T20:49:11,254  INFO [main] exec.Task: Number of reduce tasks determined at compile time: 1
In order to change the average load for a reducer (in bytes):
2024-04-23T20:49:11,254  INFO [main] exec.Task: In order to change the average load for a reducer (in bytes):
  set hive.exec.reducers.bytes.per.reducer=<number>
2024-04-23T20:49:11,254  INFO [main] exec.Task:   set hive.exec.reducers.bytes.per.reducer=<number>
In order to limit the maximum number of reducers:
2024-04-23T20:49:11,254  INFO [main] exec.Task: In order to limit the maximum number of reducers:
  set hive.exec.reducers.max=<number>
2024-04-23T20:49:11,254  INFO [main] exec.Task:   set hive.exec.reducers.max=<number>
In order to set a constant number of reducers:
2024-04-23T20:49:11,254  INFO [main] exec.Task: In order to set a constant number of reducers:
  set mapreduce.job.reduces=<number>
2024-04-23T20:49:11,254  INFO [main] exec.Task:   set mapreduce.job.reduces=<number>
2024-04-23T20:49:11,257  INFO [main] mr.ExecDriver: Using org.apache.hadoop.hive.ql.io.HiveInputFormat
2024-04-23T20:49:11,257  INFO [main] exec.Utilities: Processing alias t
2024-04-23T20:49:11,257  INFO [main] exec.Utilities: Adding 1 inputs; the first input is file:/home/alex/Repositories/hive/ql/target/tmp/org.apache.hadoop.hive.ql.TestTxnExIm-1713930480318/warehouse/t
2024-04-23T20:49:11,267  INFO [main] exec.SerializationUtilities: Serializing MapWork using kryo
2024-04-23T20:49:11,268  INFO [main] exec.Utilities: Serialized plan (via FILE) - name: null size: 5,10KB
2024-04-23T20:49:11,273  INFO [main] exec.SerializationUtilities: Serializing ReduceWork using kryo
2024-04-23T20:49:11,274  INFO [main] exec.Utilities: Serialized plan (via FILE) - name: null size: 6,03KB
2024-04-23T20:49:11,275  WARN [main] impl.MetricsSystemImpl: JobTracker metrics system already initialized!
2024-04-23T20:49:11,281  WARN [main] impl.MetricsSystemImpl: JobTracker metrics system already initialized!
2024-04-23T20:49:11,289  WARN [main] mapreduce.JobResourceUploader: Hadoop command-line option parsing not performed. Implement the Tool interface and execute your application with ToolRunner to remedy this.
2024-04-23T20:49:11,293  WARN [main] mapreduce.JobResourceUploader: No job jar file set.  User classes may not be found. See Job or Job#setJar(String).
2024-04-23T20:49:11,294  INFO [main] io.HiveInputFormat: hive.io.file.readcolumn.ids = 0,1
2024-04-23T20:49:11,294  INFO [main] io.HiveInputFormat: hive.io.file.readcolumn.names = a,b
2024-04-23T20:49:11,294  INFO [main] io.HiveInputFormat: Generating splits for dirs: file:/home/alex/Repositories/hive/ql/target/tmp/org.apache.hadoop.hive.ql.TestTxnExIm-1713930480318/warehouse/t
2024-04-23T20:49:11,295  INFO [main] orc.OrcInputFormat: getSplits started
2024-04-23T20:49:11,295  INFO [main] orc.OrcInputFormat: Context:: isAcid: true isVectorMode: false sarg: null minSplitSize: 1 maxSplitSize: 256000000 splitStrategy: HYBRID footerInSplits: false numBuckets: 0 numThreads: 10 cacheMemSize: 268435456 cacheStripeDetails: true useSoftReference: false writeIdList: default.t:1:9223372036854775807:: isTransactionalTable: true txnProperties: default 
2024-04-23T20:49:11,295  INFO [main] orc.OrcInputFormat: ORC pushdown predicate: null
2024-04-23T20:49:11,303  INFO [main] orc.OrcInputFormat: FooterCacheHitRatio: 0/1
2024-04-23T20:49:11,303  INFO [main] orc.OrcInputFormat: getSplits finished (#splits: 1). duration: 8 ms
2024-04-23T20:49:11,303  INFO [main] io.HiveInputFormat: number of splits 1
2024-04-23T20:49:11,322  INFO [main] mapreduce.JobSubmitter: number of splits:1
2024-04-23T20:49:11,346  INFO [main] mapreduce.JobSubmitter: Submitting tokens for job: job_local1544870062_0026
2024-04-23T20:49:11,347  INFO [main] mapreduce.JobSubmitter: Executing with tokens: []
2024-04-23T20:49:11,435  INFO [main] mapreduce.Job: The url to track the job: http://localhost:8080/
Job running in-process (local Hadoop)
2024-04-23T20:49:11,435  INFO [main] exec.Task: Job running in-process (local Hadoop)
2024-04-23T20:49:11,435  INFO [Thread-1942] mapred.LocalJobRunner: OutputCommitter set in config org.apache.hadoop.hive.ql.io.HiveFileFormatUtils$NullOutputCommitter
2024-04-23T20:49:11,436  INFO [Thread-1942] mapred.LocalJobRunner: OutputCommitter is org.apache.hadoop.hive.ql.io.HiveFileFormatUtils$NullOutputCommitter
2024-04-23T20:49:11,437  INFO [Thread-1942] mapred.LocalJobRunner: Waiting for map tasks
2024-04-23T20:49:11,437  INFO [LocalJobRunner Map Task Executor #0] mapred.LocalJobRunner: Starting task: attempt_local1544870062_0026_m_000000_0
2024-04-23T20:49:11,438  INFO [LocalJobRunner Map Task Executor #0] mapred.Task:  Using ResourceCalculatorProcessTree : [ ]
2024-04-23T20:49:11,438  INFO [LocalJobRunner Map Task Executor #0] mapred.MapTask: Processing split: org.apache.hadoop.hive.ql.io.orc.OrcInputFormat:OrcSplit [file:/home/alex/Repositories/hive/ql/target/tmp/org.apache.hadoop.hive.ql.TestTxnExIm-1713930480318/warehouse/t/delta_0000001_0000001_0000/000000_0, start=3, length=112, isOriginal=true, fileLength=256, hasFooter=false, hasBase=true, deltas=0]
2024-04-23T20:49:11,439  INFO [LocalJobRunner Map Task Executor #0] exec.SerializationUtilities: Deserializing MapWork using kryo
2024-04-23T20:49:11,440  INFO [LocalJobRunner Map Task Executor #0] exec.Utilities: Deserialized plan (via FILE) - name: null size: 5,10KB
2024-04-23T20:49:11,441  INFO [LocalJobRunner Map Task Executor #0] orc.OrcRawRecordMerger: min key = null, max key = null
2024-04-23T20:49:11,441  INFO [LocalJobRunner Map Task Executor #0] orc.ReaderImpl: Reading ORC rows from file:/home/alex/Repositories/hive/ql/target/tmp/org.apache.hadoop.hive.ql.TestTxnExIm-1713930480318/warehouse/t/delta_0000001_0000001_0000/000000_0 with {include: [true, true, true], offset: 3, length: 112, schema: struct<a:int,b:int>, includeAcidColumns: true}
2024-04-23T20:49:11,446  INFO [LocalJobRunner Map Task Executor #0] orc.OrcRawRecordMerger: updated min key = null, max key = null
2024-04-23T20:49:11,447  INFO [LocalJobRunner Map Task Executor #0] mapred.MapTask: numReduceTasks: 1
2024-04-23T20:49:11,454  INFO [LocalJobRunner Map Task Executor #0] mapred.MapTask: (EQUATOR) 0 kvi 26214396(104857584)
2024-04-23T20:49:11,454  INFO [LocalJobRunner Map Task Executor #0] mapred.MapTask: mapreduce.task.io.sort.mb: 100
2024-04-23T20:49:11,454  INFO [LocalJobRunner Map Task Executor #0] mapred.MapTask: soft limit at 83886080
2024-04-23T20:49:11,454  INFO [LocalJobRunner Map Task Executor #0] mapred.MapTask: bufstart = 0; bufvoid = 104857600
2024-04-23T20:49:11,454  INFO [LocalJobRunner Map Task Executor #0] mapred.MapTask: kvstart = 26214396; length = 6553600
2024-04-23T20:49:11,455  INFO [LocalJobRunner Map Task Executor #0] mapred.MapTask: Map output collector class = org.apache.hadoop.mapred.MapTask$MapOutputBuffer
2024-04-23T20:49:11,455  INFO [LocalJobRunner Map Task Executor #0] exec.MapOperator: Initializing Operator: MAP[0]
2024-04-23T20:49:11,457  INFO [LocalJobRunner Map Task Executor #0] mr.ExecMapper: 
<MAP>Id =0
  <Children>null
  <\Children>
  <Parent><\Parent>
<\MAP>
2024-04-23T20:49:11,458  INFO [LocalJobRunner Map Task Executor #0] exec.TableScanOperator: Initializing Operator: TS[0]
2024-04-23T20:49:11,458  INFO [LocalJobRunner Map Task Executor #0] exec.SelectOperator: Initializing Operator: SEL[1]
2024-04-23T20:49:11,458  INFO [LocalJobRunner Map Task Executor #0] exec.SelectOperator: SELECT struct<a:int,b:int,row__id:struct<writeid:bigint,bucketid:int,rowid:bigint>,input__file__name:string>
2024-04-23T20:49:11,458  INFO [LocalJobRunner Map Task Executor #0] exec.ReduceSinkOperator: Initializing Operator: RS[2]
2024-04-23T20:49:11,458  INFO [LocalJobRunner Map Task Executor #0] exec.ReduceSinkOperator: Using tag = -1
2024-04-23T20:49:11,460  INFO [LocalJobRunner Map Task Executor #0] exec.ReduceSinkOperator: keys are [reducesinkkey0] num distributions: 1
2024-04-23T20:49:11,460  INFO [LocalJobRunner Map Task Executor #0] exec.ReduceSinkOperator: RS[2]: records written - 1
2024-04-23T20:49:11,460  INFO [LocalJobRunner Map Task Executor #0] exec.MapOperator: MAP[0]: records read - 1
2024-04-23T20:49:11,461  INFO [LocalJobRunner Map Task Executor #0] exec.MapOperator: Closing Operator: MAP[0]
2024-04-23T20:49:11,461  INFO [LocalJobRunner Map Task Executor #0] exec.MapOperator: MAP[0]: Total records read - 3. abort - false
2024-04-23T20:49:11,461  INFO [LocalJobRunner Map Task Executor #0] exec.MapOperator: DESERIALIZE_ERRORS:0, RECORDS_IN:3, RECORDS_OUT_INTERMEDIATE:0, RECORDS_OUT_OPERATOR_MAP_0:0, 
2024-04-23T20:49:11,461  INFO [LocalJobRunner Map Task Executor #0] exec.TableScanOperator: Closing Operator: TS[0]
2024-04-23T20:49:11,461  INFO [LocalJobRunner Map Task Executor #0] exec.TableScanOperator: RECORDS_OUT_INTERMEDIATE:0, RECORDS_OUT_OPERATOR_TS_0:3, 
2024-04-23T20:49:11,462  INFO [LocalJobRunner Map Task Executor #0] exec.SelectOperator: Closing Operator: SEL[1]
2024-04-23T20:49:11,462  INFO [LocalJobRunner Map Task Executor #0] exec.SelectOperator: RECORDS_OUT_OPERATOR_SEL_1:3, RECORDS_OUT_INTERMEDIATE:0, 
2024-04-23T20:49:11,462  INFO [LocalJobRunner Map Task Executor #0] exec.ReduceSinkOperator: Closing Operator: RS[2]
2024-04-23T20:49:11,462  INFO [LocalJobRunner Map Task Executor #0] exec.ReduceSinkOperator: RS[2]: Total records written - 3. abort - false
2024-04-23T20:49:11,462  INFO [LocalJobRunner Map Task Executor #0] exec.ReduceSinkOperator: RECORDS_OUT_INTERMEDIATE:3, RECORDS_OUT_OPERATOR_RS_2:3, 
2024-04-23T20:49:11,462  INFO [LocalJobRunner Map Task Executor #0] mapred.LocalJobRunner: 
2024-04-23T20:49:11,462  INFO [LocalJobRunner Map Task Executor #0] mapred.MapTask: Starting flush of map output
2024-04-23T20:49:11,462  INFO [LocalJobRunner Map Task Executor #0] mapred.MapTask: Spilling map output
2024-04-23T20:49:11,462  INFO [LocalJobRunner Map Task Executor #0] mapred.MapTask: bufstart = 0; bufend = 555; bufvoid = 104857600
2024-04-23T20:49:11,462  INFO [LocalJobRunner Map Task Executor #0] mapred.MapTask: kvstart = 26214396(104857584); kvend = 26214388(104857552); length = 9/6553600
2024-04-23T20:49:11,473  INFO [LocalJobRunner Map Task Executor #0] mapred.MapTask: Finished spill 0
2024-04-23T20:49:11,477  INFO [LocalJobRunner Map Task Executor #0] mapred.Task: Task:attempt_local1544870062_0026_m_000000_0 is done. And is in the process of committing
2024-04-23T20:49:11,477  INFO [LocalJobRunner Map Task Executor #0] mapred.LocalJobRunner: OrcSplit [file:/home/alex/Repositories/hive/ql/target/tmp/org.apache.hadoop.hive.ql.TestTxnExIm-1713930480318/warehouse/t/delta_0000001_0000001_0000/000000_0, start=3, length=112, isOriginal=true, fileLength=256, hasFooter=false, hasBase=true, deltas=0]
2024-04-23T20:49:11,477  INFO [LocalJobRunner Map Task Executor #0] mapred.Task: Task 'attempt_local1544870062_0026_m_000000_0' done.
2024-04-23T20:49:11,477  INFO [LocalJobRunner Map Task Executor #0] mapred.Task: Final Counters for attempt_local1544870062_0026_m_000000_0: Counters: 24
	File System Counters
		FILE: Number of bytes read=473008
		FILE: Number of bytes written=30397135
		FILE: Number of read operations=0
		FILE: Number of large read operations=0
		FILE: Number of write operations=0
	Map-Reduce Framework
		Map input records=3
		Map output records=3
		Map output bytes=555
		Map output materialized bytes=570
		Input split bytes=469
		Combine input records=0
		Spilled Records=3
		Failed Shuffles=0
		Merged Map outputs=0
		GC time elapsed (ms)=0
		Total committed heap usage (bytes)=1192230912
	HIVE
		DESERIALIZE_ERRORS=0
		RECORDS_IN=3
		RECORDS_OUT_INTERMEDIATE=3
		RECORDS_OUT_OPERATOR_MAP_0=0
		RECORDS_OUT_OPERATOR_RS_2=3
		RECORDS_OUT_OPERATOR_SEL_1=3
		RECORDS_OUT_OPERATOR_TS_0=3
	File Input Format Counters 
		Bytes Read=6238
2024-04-23T20:49:11,477  INFO [LocalJobRunner Map Task Executor #0] mapred.LocalJobRunner: Finishing task: attempt_local1544870062_0026_m_000000_0
2024-04-23T20:49:11,478  INFO [Thread-1942] mapred.LocalJobRunner: map task executor complete.
2024-04-23T20:49:11,478  INFO [Thread-1942] mapred.LocalJobRunner: Waiting for reduce tasks
2024-04-23T20:49:11,478  INFO [pool-116-thread-1] mapred.LocalJobRunner: Starting task: attempt_local1544870062_0026_r_000000_0
2024-04-23T20:49:11,479  INFO [pool-116-thread-1] mapred.Task:  Using ResourceCalculatorProcessTree : [ ]
2024-04-23T20:49:11,479  INFO [pool-116-thread-1] mapred.ReduceTask: Using ShuffleConsumerPlugin: org.apache.hadoop.mapreduce.task.reduce.Shuffle@188eb7ba
2024-04-23T20:49:11,479  WARN [pool-116-thread-1] impl.MetricsSystemImpl: JobTracker metrics system already initialized!
2024-04-23T20:49:11,480  INFO [pool-116-thread-1] reduce.MergeManagerImpl: MergerManager: memoryLimit=1336252800, maxSingleShuffleLimit=334063200, mergeThreshold=881926912, ioSortFactor=10, memToMemMergeOutputsThreshold=10
2024-04-23T20:49:11,481  INFO [EventFetcher for fetching Map Completion Events] reduce.EventFetcher: attempt_local1544870062_0026_r_000000_0 Thread started: EventFetcher for fetching Map Completion Events
2024-04-23T20:49:11,483  INFO [localfetcher#18] reduce.LocalFetcher: localfetcher#18 about to shuffle output of map attempt_local1544870062_0026_m_000000_0 decomp: 566 len: 570 to MEMORY
2024-04-23T20:49:11,483  INFO [localfetcher#18] reduce.InMemoryMapOutput: Read 566 bytes from map-output for attempt_local1544870062_0026_m_000000_0
2024-04-23T20:49:11,484  INFO [localfetcher#18] reduce.MergeManagerImpl: closeInMemoryFile -> map-output of size: 566, inMemoryMapOutputs.size() -> 1, commitMemory -> 0, usedMemory ->566
2024-04-23T20:49:11,484  INFO [EventFetcher for fetching Map Completion Events] reduce.EventFetcher: EventFetcher is interrupted.. Returning
2024-04-23T20:49:11,484  INFO [pool-116-thread-1] mapred.LocalJobRunner: 1 / 1 copied.
2024-04-23T20:49:11,484  INFO [pool-116-thread-1] reduce.MergeManagerImpl: finalMerge called with 1 in-memory map-outputs and 0 on-disk map-outputs
2024-04-23T20:49:11,491  INFO [pool-116-thread-1] mapred.Merger: Merging 1 sorted segments
2024-04-23T20:49:11,491  INFO [pool-116-thread-1] mapred.Merger: Down to the last merge-pass, with 1 segments left of total size: 534 bytes
2024-04-23T20:49:11,493  INFO [pool-116-thread-1] reduce.MergeManagerImpl: Merged 1 segments, 566 bytes to disk to satisfy reduce memory limit
2024-04-23T20:49:11,493  INFO [pool-116-thread-1] reduce.MergeManagerImpl: Merging 1 files, 570 bytes from disk
2024-04-23T20:49:11,493  INFO [pool-116-thread-1] reduce.MergeManagerImpl: Merging 0 segments, 0 bytes from memory into reduce
2024-04-23T20:49:11,493  INFO [pool-116-thread-1] mapred.Merger: Merging 1 sorted segments
2024-04-23T20:49:11,493  INFO [pool-116-thread-1] mapred.Merger: Down to the last merge-pass, with 1 segments left of total size: 534 bytes
2024-04-23T20:49:11,494  INFO [pool-116-thread-1] mapred.LocalJobRunner: 1 / 1 copied.
2024-04-23T20:49:11,494  INFO [pool-116-thread-1] exec.SerializationUtilities: Deserializing ReduceWork using kryo
2024-04-23T20:49:11,494  INFO [pool-116-thread-1] exec.Utilities: Deserialized plan (via FILE) - name: null size: 6,03KB
2024-04-23T20:49:11,495  INFO [pool-116-thread-1] ExecReducer: 
<SEL>Id =3
  <Children>
    <FS>Id =4
      <Children>
      <\Children>
      <Parent>Id = 3 null<\Parent>
    <\FS>
  <\Children>
  <Parent><\Parent>
<\SEL>
2024-04-23T20:49:11,496  INFO [pool-116-thread-1] exec.SelectOperator: Initializing Operator: SEL[3]
2024-04-23T20:49:11,496  INFO [pool-116-thread-1] exec.SelectOperator: SELECT struct<key:struct<reducesinkkey0:struct<writeid:bigint,bucketid:int,rowid:bigint>>,value:struct<_col0:int,_col1:int,_col2:string>>
2024-04-23T20:49:11,496  INFO [pool-116-thread-1] exec.FileSinkOperator: Initializing Operator: FS[4]
2024-04-23T20:49:11,496  INFO [pool-116-thread-1] exec.FileSinkOperator: Using serializer : class org.apache.hadoop.hive.serde2.lazy.LazySimpleSerDe [serdeParams=org.apache.hadoop.hive.serde2.lazy.LazySerDeParameters@5d6fc45, cachedObjectInspector=org.apache.hadoop.hive.serde2.lazy.objectinspector.LazySimpleStructObjectInspector<org.apache.hadoop.hive.serde2.lazy.objectinspector.LazySimpleStructObjectInspector<org.apache.hadoop.hive.serde2.lazy.objectinspector.primitive.LazyLongObjectInspector@37e9d249,org.apache.hadoop.hive.serde2.lazy.objectinspector.primitive.LazyIntObjectInspector@68df8c6,org.apache.hadoop.hive.serde2.lazy.objectinspector.primitive.LazyLongObjectInspector@37e9d249>,org.apache.hadoop.hive.serde2.lazy.objectinspector.primitive.LazyIntObjectInspector@68df8c6,org.apache.hadoop.hive.serde2.lazy.objectinspector.primitive.LazyIntObjectInspector@68df8c6,org.apache.hadoop.hive.serde2.lazy.objectinspector.primitive.LazyStringObjectInspector@521032a6>, serializedSize=0, stats=org.apache.hadoop.hive.serde2.SerDeStats@30b31fc3, lastOperationSerialize=false, lastOperationDeserialize=false [1, 2, 3, 4, 5, 6, 7, 8, 11, 14, 15, 16, 17, 18, 19, 20, 21, 22, 23, 24, 25, 26, 28, 29, 30, 31, -128, -127, -126, -125, -124, -123, -122, -121, -120, -119, -118, -117, -116, -115, -114, -113, -112, -111, -110, -109, -108, -107, -106, -105, -104, -103, -102, -101, -100, -99, -98, -97, -96, -95, -94, -93, -92, -91, -90, -89, -88, -87, -86, -85, -84, -83, -82, -81, -80, -79, -78, -77, -76, -75, -74, -73, -72, -71, -70, -69, -68, -67, -66, -65, -64, -63, -62, -61, -60, -59, -58, -57, -56, -55, -54, -53, -52, -51, -50, -49, -48, -47, -46, -45, -44, -43, -42, -41, -40, -39, -38, -37, -36, -35, -34, -33, -32, -31, -30, -29, -28, -27, -26, -25, -24, -23, -22, -21, -20, -19, -18, -17, -16, -15, -14, -13, -12, -11, -10, -9, -8, -7, -6, -5, -4, -3, -2, -1] : [_col0, _col1, _col2, _col3] : [struct<writeid:bigint,bucketid:int,rowid:bigint>, int, int, string]] and formatter : org.apache.hadoop.hive.ql.io.HiveSequenceFileOutputFormat@250f5eb5
2024-04-23T20:49:11,497  INFO [pool-116-thread-1] exec.FileSinkOperator: Final Path: FS file:/home/alex/Repositories/hive/ql/target/tmp/localscratchdir/28e4294f-eef7-4697-aa68-a23410ea526c/hive_2024-04-23_20-49-10_882_19115185341277214-1/-mr-10001/.hive-staging_hive_2024-04-23_20-49-10_882_19115185341277214-1/_tmp.-ext-10002/000000_0
2024-04-23T20:49:11,497  INFO [pool-116-thread-1] exec.FileSinkOperator: Writing to temp file: FS file:/home/alex/Repositories/hive/ql/target/tmp/localscratchdir/28e4294f-eef7-4697-aa68-a23410ea526c/hive_2024-04-23_20-49-10_882_19115185341277214-1/-mr-10001/.hive-staging_hive_2024-04-23_20-49-10_882_19115185341277214-1/_task_tmp.-ext-10002/_tmp.000000_0
2024-04-23T20:49:11,497  INFO [pool-116-thread-1] exec.FileSinkOperator: New Final Path: FS file:/home/alex/Repositories/hive/ql/target/tmp/localscratchdir/28e4294f-eef7-4697-aa68-a23410ea526c/hive_2024-04-23_20-49-10_882_19115185341277214-1/-mr-10001/.hive-staging_hive_2024-04-23_20-49-10_882_19115185341277214-1/_tmp.-ext-10002/000000_0
2024-04-23T20:49:11,504  INFO [pool-116-thread-1] exec.FileSinkOperator: FS[4]: records written - 1
2024-04-23T20:49:11,505  INFO [pool-116-thread-1] exec.SelectOperator: Closing Operator: SEL[3]
2024-04-23T20:49:11,505  INFO [pool-116-thread-1] exec.SelectOperator: RECORDS_OUT_OPERATOR_SEL_3:3, RECORDS_OUT_INTERMEDIATE:0, 
2024-04-23T20:49:11,505  INFO [pool-116-thread-1] exec.FileSinkOperator: Closing Operator: FS[4]
2024-04-23T20:49:11,505  INFO [pool-116-thread-1] exec.FileSinkOperator: FS[4]: records written - 3
2024-04-23T20:49:11,505  INFO [pool-116-thread-1] exec.FileSinkOperator: RECORDS_OUT_INTERMEDIATE:0, RECORDS_OUT_OPERATOR_FS_4:3, RECORDS_OUT_0:3, 
2024-04-23T20:49:11,506  INFO [pool-116-thread-1] mapred.Task: Task:attempt_local1544870062_0026_r_000000_0 is done. And is in the process of committing
2024-04-23T20:49:11,506  INFO [pool-116-thread-1] mapred.LocalJobRunner: reduce > reduce
2024-04-23T20:49:11,506  INFO [pool-116-thread-1] mapred.Task: Task 'attempt_local1544870062_0026_r_000000_0' done.
2024-04-23T20:49:11,506  INFO [pool-116-thread-1] mapred.Task: Final Counters for attempt_local1544870062_0026_r_000000_0: Counters: 29
	File System Counters
		FILE: Number of bytes read=480274
		FILE: Number of bytes written=30398345
		FILE: Number of read operations=0
		FILE: Number of large read operations=0
		FILE: Number of write operations=0
	Map-Reduce Framework
		Combine input records=0
		Combine output records=0
		Reduce input groups=3
		Reduce shuffle bytes=570
		Reduce input records=3
		Reduce output records=0
		Spilled Records=3
		Shuffled Maps =1
		Failed Shuffles=0
		Merged Map outputs=1
		GC time elapsed (ms)=0
		Total committed heap usage (bytes)=1192230912
	HIVE
		CREATED_FILES=1
		RECORDS_OUT_0=3
		RECORDS_OUT_INTERMEDIATE=0
		RECORDS_OUT_OPERATOR_FS_4=3
		RECORDS_OUT_OPERATOR_SEL_3=3
	Shuffle Errors
		BAD_ID=0
		CONNECTION=0
		IO_ERROR=0
		WRONG_LENGTH=0
		WRONG_MAP=0
		WRONG_REDUCE=0
	File Output Format Counters 
		Bytes Written=0
2024-04-23T20:49:11,506  INFO [pool-116-thread-1] mapred.LocalJobRunner: Finishing task: attempt_local1544870062_0026_r_000000_0
2024-04-23T20:49:11,507  INFO [Thread-1942] mapred.LocalJobRunner: reduce task executor complete.
2024-04-23 20:49:12,438 Stage-1 map = 100%,  reduce = 100%
2024-04-23T20:49:12,438  INFO [main] exec.Task: 2024-04-23 20:49:12,438 Stage-1 map = 100%,  reduce = 100%
Ended Job = job_local1544870062_0026
2024-04-23T20:49:12,440  INFO [main] exec.Task: Ended Job = job_local1544870062_0026
2024-04-23T20:49:12,442  INFO [main] metadata.Hive: Dumping metastore api call timing information for : execution phase
2024-04-23T20:49:12,443  INFO [main] metadata.Hive: Total time spent in each metastore function (ms): {}
MapReduce Jobs Launched: 
2024-04-23T20:49:12,443  INFO [main] ql.Driver: MapReduce Jobs Launched: 
Stage-Stage-1:  HDFS Read: 0 HDFS Write: 0 SUCCESS
2024-04-23T20:49:12,443  INFO [main] ql.Driver: Stage-Stage-1:  HDFS Read: 0 HDFS Write: 0 SUCCESS
Total MapReduce CPU Time Spent: 0 msec
2024-04-23T20:49:12,443  INFO [main] ql.Driver: Total MapReduce CPU Time Spent: 0 msec
2024-04-23T20:49:12,443  INFO [main] ql.Driver: Completed executing command(queryId=alex_20240423204910_59076dd0-9ed5-47b0-a41c-d46a21d6d141); Time taken: 1.35 seconds
2024-04-23T20:49:12,443  INFO [main] lockmgr.DbTxnManager: Stopped heartbeat for query: alex_20240423204910_59076dd0-9ed5-47b0-a41c-d46a21d6d141
2024-04-23T20:49:12,446  INFO [main] txn.TxnHandler: Expected to move at least one record from txn_components to completed_txn_components when committing txn! txnid:19
2024-04-23T20:49:12,451  INFO [main] txn.TxnHandler: Removed transactions: ([19]) from MIN_HISTORY_LEVEL
2024-04-23T20:49:12,451  WARN [main] txn.CompactionTxnHandler: No compaction queue record found for Compaction type transaction commit. txnId:19
2024-04-23T20:49:12,454  INFO [main] mapred.FileInputFormat: Total input files to process : 1
2024-04-23T20:49:12,456  INFO [main] exec.ListSinkOperator: Closing Operator: LIST_SINK[5]
2024-04-23T20:49:12,456  INFO [main] exec.ListSinkOperator: RECORDS_OUT_INTERMEDIATE:0, RECORDS_OUT_OPERATOR_LIST_SINK_5:3, 
2024-04-23T20:49:12,456  WARN [main] ql.TestTxnExIm: testImportNoTarget: read data(import existing table): 
2024-04-23T20:49:12,456  INFO [main] ql.TestTxnExIm: {"writeid":1,"bucketid":536870912,"rowid":0}	1	2	file:/home/alex/Repositories/hive/ql/target/tmp/org.apache.hadoop.hive.ql.TestTxnExIm-1713930480318/warehouse/t/delta_0000001_0000001_0000/000000_0
{"writeid":1,"bucketid":536870912,"rowid":1}	3	4	file:/home/alex/Repositories/hive/ql/target/tmp/org.apache.hadoop.hive.ql.TestTxnExIm-1713930480318/warehouse/t/delta_0000001_0000001_0000/000000_0
{"writeid":1,"bucketid":536870912,"rowid":2}	5	6	file:/home/alex/Repositories/hive/ql/target/tmp/org.apache.hadoop.hive.ql.TestTxnExIm-1713930480318/warehouse/t/delta_0000001_0000001_0000/000000_0

2024-04-23T20:49:12,456  INFO [main] ql.TxnCommandsBaseForTests: Running the query: EXPLAIN VECTORIZATION DETAIL select ROW__ID, a, b, INPUT__FILE__NAME from T order by ROW__ID
2024-04-23T20:49:12,456  INFO [main] ql.Context: Deleting scratch dir: file:/home/alex/Repositories/hive/ql/target/tmp/localscratchdir/28e4294f-eef7-4697-aa68-a23410ea526c/hive_2024-04-23_20-49-10_882_19115185341277214-1
2024-04-23T20:49:12,457  INFO [main] cleanup.SyncCleanupService: Deleted directory: file:/home/alex/Repositories/hive/ql/target/tmp/localscratchdir/28e4294f-eef7-4697-aa68-a23410ea526c/hive_2024-04-23_20-49-10_882_19115185341277214-1 on fs with scheme file
2024-04-23T20:49:12,457  INFO [main] ql.Driver: Compiling command(queryId=alex_20240423204912_32eab5fb-5411-4d67-bb84-bef675ae70c2): EXPLAIN VECTORIZATION DETAIL select ROW__ID, a, b, INPUT__FILE__NAME from T order by ROW__ID
2024-04-23T20:49:12,460  INFO [main] txn.TxnHandler: Added entries to MIN_HISTORY_LEVEL for current txns: ([20]) with min_open_txn: 20
2024-04-23T20:49:12,460  INFO [main] lockmgr.DbTxnManager: Opened txnid:20
2024-04-23T20:49:12,461  INFO [main] parse.CalcitePlanner: Starting Semantic Analysis
2024-04-23T20:49:12,463  INFO [main] parse.CalcitePlanner: Completed phase 1 of Semantic Analysis
2024-04-23T20:49:12,463  INFO [main] parse.CalcitePlanner: Get metadata for source tables
2024-04-23T20:49:12,464  INFO [main] HiveMetaStore.audit: ugi=alex	ip=unknown-ip-addr	cmd=get_table : tbl=hive.default.t	
2024-04-23T20:49:12,470  INFO [main] metastore.ObjectStore: Removed COLUMN_STATS_ACCURATE from Table's parameters.
2024-04-23T20:49:12,472  INFO [main] metastore.HMSHandler: Skipping translation for processor with null
2024-04-23T20:49:12,472  INFO [main] parse.CalcitePlanner: Get metadata for subqueries
2024-04-23T20:49:12,472  INFO [main] parse.CalcitePlanner: Get metadata for destination tables
2024-04-23T20:49:12,472  INFO [main] parse.CalcitePlanner: Completed getting MetaData in Semantic Analysis
2024-04-23T20:49:12,492  INFO [main] HiveMetaStore.audit: ugi=alex	ip=unknown-ip-addr	cmd=get_all_table_constraints : tbl=hive.default.t	
2024-04-23T20:49:12,503  INFO [main] calcite.RelOptHiveTable: Calculating column statistics for default.t, projIndxSet: [0, 1], allowMissingStats: true
2024-04-23T20:49:12,503  INFO [main] HiveMetaStore.audit: ugi=alex	ip=unknown-ip-addr	cmd=get_table : tbl=hive.default.t	
2024-04-23T20:49:12,513  INFO [main] metastore.HMSHandler: Skipping translation for processor with null
2024-04-23T20:49:12,514  INFO [main] HiveMetaStore.audit: ugi=alex	ip=unknown-ip-addr	cmd=get_table : tbl=hive.default.t	
2024-04-23T20:49:12,523  INFO [main] metastore.HMSHandler: Skipping translation for processor with null
2024-04-23T20:49:12,523  INFO [main] HiveMetaStore.audit: ugi=alex	ip=unknown-ip-addr	cmd=get_table_statistics_req: table=hive.default.t	
2024-04-23T20:49:12,532  WARN [main] calcite.RelOptHiveTable: No Stats for default@t, Columns: b, a
No Stats for default@t, Columns: b, a
2024-04-23T20:49:12,532  INFO [main] SessionState: No Stats for default@t, Columns: b, a
2024-04-23T20:49:12,576  INFO [main] parse.CalcitePlanner: Get metadata for source tables
2024-04-23T20:49:12,576  INFO [main] parse.CalcitePlanner: Get metadata for subqueries
2024-04-23T20:49:12,576  INFO [main] parse.CalcitePlanner: Get metadata for destination tables
2024-04-23T20:49:12,578  INFO [main] parse.CalcitePlanner: CBO Succeeded; optimized logical plan.
2024-04-23T20:49:12,581  INFO [main] optimizer.ColumnPrunerProcFactory: RS 2 oldColExprMap: {VALUE._col2=Column[_col3], VALUE._col1=Column[_col2], VALUE._col0=Column[_col1], KEY.reducesinkkey0=Column[_col0]}
2024-04-23T20:49:12,581  INFO [main] optimizer.ColumnPrunerProcFactory: RS 2 newColExprMap: {VALUE._col2=Column[_col3], VALUE._col0=Column[_col1], VALUE._col1=Column[_col2], KEY.reducesinkkey0=Column[_col0]}
2024-04-23T20:49:12,583  INFO [main] optimizer.BucketVersionPopulator: not considering bucketingVersion for: TS[0] because it has -1<2 buckets 
2024-04-23T20:49:12,587  INFO [main] optimizer.SortedDynPartitionOptimizer: Sorted dynamic partitioning optimization kicked in..
2024-04-23T20:49:12,597  INFO [main] physical.Vectorizer: Examining input format to see if vectorization is enabled.
2024-04-23T20:49:12,597  INFO [main] physical.Vectorizer: Vectorization is enabled for input format(s) [org.apache.hadoop.hive.ql.io.orc.OrcInputFormat]
2024-04-23T20:49:12,597  INFO [main] physical.Vectorizer: Validating and vectorizing MapWork... (vectorizedVertexNum 0)
2024-04-23T20:49:12,597  INFO [main] physical.Vectorizer: Map vectorization enabled: true
2024-04-23T20:49:12,597  INFO [main] physical.Vectorizer: Map vectorized: false
2024-04-23T20:49:12,597  INFO [main] physical.Vectorizer: Map notVectorizedReason: Select expression for SELECT operator: Virtual column INPUT__FILE__NAME is not supported
2024-04-23T20:49:12,597  INFO [main] physical.Vectorizer: Map vectorizedVertexNum: 0
2024-04-23T20:49:12,597  INFO [main] physical.Vectorizer: Map enabledConditionsMet: [hive.vectorized.use.vectorized.input.format IS true]
2024-04-23T20:49:12,597  INFO [main] physical.Vectorizer: Map inputFileFormatClassNameSet: [org.apache.hadoop.hive.ql.io.orc.OrcInputFormat]
2024-04-23T20:49:12,597  INFO [main] physical.Vectorizer: Reduce vectorization enabled: false
2024-04-23T20:49:12,597  INFO [main] physical.Vectorizer: Reduce vectorized: false
2024-04-23T20:49:12,597  INFO [main] physical.Vectorizer: Reduce vectorizedVertexNum: 1
2024-04-23T20:49:12,597  INFO [main] physical.Vectorizer: Reducer hive.vectorized.execution.reduce.enabled: true
2024-04-23T20:49:12,597  INFO [main] physical.Vectorizer: Reducer engine: mr
2024-04-23T20:49:12,598  INFO [main] parse.CalcitePlanner: Completed plan generation
2024-04-23T20:49:12,598  INFO [main] ql.Driver: Semantic Analysis Completed (retrial = false)
2024-04-23T20:49:12,598  INFO [main] ql.Driver: Created Hive schema: Schema(fieldSchemas:[FieldSchema(name:Explain, type:string, comment:null)], properties:null)
2024-04-23T20:49:12,598  INFO [main] metadata.Hive: Dumping metastore api call timing information for : compilation phase
2024-04-23T20:49:12,598  INFO [main] metadata.Hive: Total time spent in each metastore function (ms): {flushCache_()=0, openTxn_(String, TxnType)=2, isCompatibleWith_(Configuration)=1, getAllTableConstraints_(AllTableConstraintsRequest)=5, commitTxn_(CommitTxnRequest)=8, getValidWriteIds_(List, String)=4, getTableColumnStatistics_(String, String, List, String)=28, getValidTxns_(long)=1, getTable_(GetTableRequest)=8}
2024-04-23T20:49:12,598  INFO [main] ql.Driver: Completed compiling command(queryId=alex_20240423204912_32eab5fb-5411-4d67-bb84-bef675ae70c2); Time taken: 0.141 seconds
2024-04-23T20:49:12,599  INFO [main] ql.Driver: Executing command(queryId=alex_20240423204912_32eab5fb-5411-4d67-bb84-bef675ae70c2): EXPLAIN VECTORIZATION DETAIL select ROW__ID, a, b, INPUT__FILE__NAME from T order by ROW__ID
2024-04-23T20:49:12,599  INFO [main] ql.Driver: Starting task [Stage-2:EXPLAIN] in serial mode
2024-04-23T20:49:12,616  INFO [main] metadata.Hive: Dumping metastore api call timing information for : execution phase
2024-04-23T20:49:12,616  INFO [main] metadata.Hive: Total time spent in each metastore function (ms): {}
2024-04-23T20:49:12,616  INFO [main] ql.Driver: Completed executing command(queryId=alex_20240423204912_32eab5fb-5411-4d67-bb84-bef675ae70c2); Time taken: 0.017 seconds
2024-04-23T20:49:12,616  INFO [main] lockmgr.DbTxnManager: Stopped heartbeat for query: null
2024-04-23T20:49:12,621  INFO [main] txn.TxnHandler: Expected to move at least one record from txn_components to completed_txn_components when committing txn! txnid:20
2024-04-23T20:49:12,628  INFO [main] txn.TxnHandler: Removed transactions: ([20]) from MIN_HISTORY_LEVEL
2024-04-23T20:49:12,628  WARN [main] txn.CompactionTxnHandler: No compaction queue record found for Compaction type transaction commit. txnId:20
2024-04-23T20:49:12,629  INFO [main] ql.TxnCommandsBaseForTests: Running the query: update T set a = 0 where b = 6
2024-04-23T20:49:12,630  INFO [main] ql.Context: Deleting scratch dir: file:/home/alex/Repositories/hive/ql/target/tmp/localscratchdir/28e4294f-eef7-4697-aa68-a23410ea526c/hive_2024-04-23_20-49-12_457_6004417522722817645-1
2024-04-23T20:49:12,630  INFO [main] cleanup.SyncCleanupService: Deleted directory: file:/home/alex/Repositories/hive/ql/target/tmp/localscratchdir/28e4294f-eef7-4697-aa68-a23410ea526c/hive_2024-04-23_20-49-12_457_6004417522722817645-1 on fs with scheme file
2024-04-23T20:49:12,630  INFO [main] ql.Driver: Compiling command(queryId=alex_20240423204912_4df8ebaf-fb1d-4dda-888c-2b57fb17213a): update T set a = 0 where b = 6
2024-04-23T20:49:12,633  INFO [main] txn.TxnHandler: Added entries to MIN_HISTORY_LEVEL for current txns: ([21]) with min_open_txn: 20
2024-04-23T20:49:12,633  INFO [main] lockmgr.DbTxnManager: Opened txnid:21
2024-04-23T20:49:12,634  INFO [main] parse.UpdateDeleteSemanticAnalyzer: Starting caching scope for: 
2024-04-23T20:49:12,634  INFO [main] HiveMetaStore.audit: ugi=alex	ip=unknown-ip-addr	cmd=get_table : tbl=hive.default.T	
2024-04-23T20:49:12,641  INFO [main] metastore.HMSHandler: Skipping translation for processor with null
2024-04-23T20:49:12,642  INFO [main] parse.RewriteSemanticAnalyzer: Going to reparse <update T set a = 0 where b = 6> as 
<insert into table `default`.`T` select ROW__ID,`a`,`b` from `default`.`T` sort by ROW__ID >
2024-04-23T20:49:12,643  INFO [main] parse.UpdateDeleteSemanticAnalyzer: Starting Semantic Analysis
2024-04-23T20:49:12,646  INFO [main] HiveMetaStore.audit: ugi=alex	ip=unknown-ip-addr	cmd=get_table : tbl=hive.default.T	
2024-04-23T20:49:12,651  INFO [main] metastore.ObjectStore: Removed COLUMN_STATS_ACCURATE from Table's parameters.
2024-04-23T20:49:12,653  INFO [main] metastore.HMSHandler: Skipping translation for processor with null
2024-04-23T20:49:12,654  INFO [main] parse.UpdateDeleteSemanticAnalyzer: Completed phase 1 of Semantic Analysis
2024-04-23T20:49:12,654  INFO [main] parse.UpdateDeleteSemanticAnalyzer: Get metadata for source tables
2024-04-23T20:49:12,654  INFO [main] HiveMetaStore.audit: ugi=alex	ip=unknown-ip-addr	cmd=get_table : tbl=hive.default.t	
2024-04-23T20:49:12,660  INFO [main] metastore.ObjectStore: Removed COLUMN_STATS_ACCURATE from Table's parameters.
2024-04-23T20:49:12,661  INFO [main] metastore.HMSHandler: Skipping translation for processor with null
2024-04-23T20:49:12,662  INFO [main] parse.UpdateDeleteSemanticAnalyzer: Get metadata for subqueries
2024-04-23T20:49:12,662  INFO [main] parse.UpdateDeleteSemanticAnalyzer: Get metadata for destination tables
2024-04-23T20:49:12,662  INFO [main] HiveMetaStore.audit: ugi=alex	ip=unknown-ip-addr	cmd=get_table : tbl=hive.default.T	
2024-04-23T20:49:12,669  INFO [main] metastore.HMSHandler: Skipping translation for processor with null
2024-04-23T20:49:12,669  INFO [main] parse.UpdateDeleteSemanticAnalyzer: Completed getting MetaData in Semantic Analysis
2024-04-23T20:49:12,669  INFO [main] parse.UpdateDeleteSemanticAnalyzer: Disabling LLAP IO encode as ETL query is detected
2024-04-23T20:49:12,683  INFO [main] HiveMetaStore.audit: ugi=alex	ip=unknown-ip-addr	cmd=get_all_table_constraints : tbl=hive.default.t	
2024-04-23T20:49:12,690  INFO [main] HiveMetaStore.audit: ugi=alex	ip=unknown-ip-addr	cmd=get_not_null_constraints : tbl=hive.default.t	
2024-04-23T20:49:12,691  INFO [main] HiveMetaStore.audit: ugi=alex	ip=unknown-ip-addr	cmd=get_check_constraints : tbl=hive.default.t	
2024-04-23T20:49:12,772  INFO [main] calcite.RelOptHiveTable: Calculating column statistics for default.t, projIndxSet: [1], allowMissingStats: true
2024-04-23T20:49:12,773  INFO [main] HiveMetaStore.audit: ugi=alex	ip=unknown-ip-addr	cmd=get_table : tbl=hive.default.t	
2024-04-23T20:49:12,783  INFO [main] metastore.HMSHandler: Skipping translation for processor with null
2024-04-23T20:49:12,784  INFO [main] HiveMetaStore.audit: ugi=alex	ip=unknown-ip-addr	cmd=get_table : tbl=hive.default.t	
2024-04-23T20:49:12,794  INFO [main] metastore.HMSHandler: Skipping translation for processor with null
2024-04-23T20:49:12,794  INFO [main] HiveMetaStore.audit: ugi=alex	ip=unknown-ip-addr	cmd=get_table_statistics_req: table=hive.default.t	
2024-04-23T20:49:12,806  WARN [main] calcite.RelOptHiveTable: No Stats for default@t, Columns: b
No Stats for default@t, Columns: b
2024-04-23T20:49:12,806  INFO [main] SessionState: No Stats for default@t, Columns: b
2024-04-23T20:49:12,882  INFO [main] parse.UpdateDeleteSemanticAnalyzer: Get metadata for source tables
2024-04-23T20:49:12,883  INFO [main] parse.UpdateDeleteSemanticAnalyzer: Get metadata for subqueries
2024-04-23T20:49:12,883  INFO [main] parse.UpdateDeleteSemanticAnalyzer: Get metadata for destination tables
2024-04-23T20:49:12,883  INFO [main] HiveMetaStore.audit: ugi=alex	ip=unknown-ip-addr	cmd=get_table : tbl=hive.default.T	
2024-04-23T20:49:12,891  INFO [main] metastore.HMSHandler: Skipping translation for processor with null
2024-04-23T20:49:12,898 ERROR [main] parse.UpdateDeleteSemanticAnalyzer: CBO failed, skipping CBO. 
org.apache.hadoop.hive.ql.exec.NoMatchingMethodException: No matching method for class org.apache.hadoop.hive.ql.udf.UDFToInteger with (struct<writeid:bigint,bucketid:int,rowid:bigint>). Possible choices: _FUNC_(bigint)  _FUNC_(boolean)  _FUNC_(decimal(38,18))  _FUNC_(double)  _FUNC_(float)  _FUNC_(smallint)  _FUNC_(string)  _FUNC_(struct<bucketid:bigint,rowid:int,writeid:bigint>)  _FUNC_(timestamp)  _FUNC_(tinyint)  _FUNC_(void)  
	at org.apache.hadoop.hive.ql.exec.MethodUtils.getMethodInternal(MethodUtils.java:130) ~[classes/:?]
	at org.apache.hadoop.hive.ql.exec.MethodUtils.getMethodInternal(MethodUtils.java:60) ~[classes/:?]
	at org.apache.hadoop.hive.ql.exec.DefaultUDFMethodResolver.getEvalMethod(DefaultUDFMethodResolver.java:59) ~[classes/:?]
	at org.apache.hadoop.hive.ql.udf.TimestampCastRestrictorResolver.getEvalMethod(TimestampCastRestrictorResolver.java:68) ~[classes/:?]
	at org.apache.hadoop.hive.ql.udf.generic.GenericUDFBridge.initialize(GenericUDFBridge.java:168) ~[classes/:?]
	at org.apache.hadoop.hive.ql.udf.generic.GenericUDF.initializeAndFoldConstants(GenericUDF.java:149) ~[classes/:?]
	at org.apache.hadoop.hive.ql.plan.ExprNodeGenericFuncDesc.newInstance(ExprNodeGenericFuncDesc.java:235) ~[classes/:?]
	at org.apache.hadoop.hive.ql.parse.type.ExprNodeDescExprFactory.createFuncCallExpr(ExprNodeDescExprFactory.java:584) ~[classes/:?]
	at org.apache.hadoop.hive.ql.parse.type.ExprNodeDescExprFactory.createFuncCallExpr(ExprNodeDescExprFactory.java:97) ~[classes/:?]
	at org.apache.hadoop.hive.ql.parse.type.TypeCheckProcFactory$DefaultExprProcessor.getFuncExprNodeDescWithUdfData(TypeCheckProcFactory.java:762) ~[classes/:?]
	at org.apache.hadoop.hive.ql.parse.type.TypeCheckProcFactory$DefaultExprProcessor.createConversionCast(TypeCheckProcFactory.java:783) ~[classes/:?]
	at org.apache.hadoop.hive.ql.parse.SemanticAnalyzer.getPartitionColsFromBucketColsForUpdateDelete(SemanticAnalyzer.java:8725) ~[classes/:?]
	at org.apache.hadoop.hive.ql.parse.SemanticAnalyzer.genBucketingSortingDest(SemanticAnalyzer.java:6914) ~[classes/:?]
	at org.apache.hadoop.hive.ql.parse.SemanticAnalyzer.genFileSinkPlan(SemanticAnalyzer.java:7335) ~[classes/:?]
	at org.apache.hadoop.hive.ql.parse.SemanticAnalyzer.genPostGroupByBodyPlan(SemanticAnalyzer.java:11063) ~[classes/:?]
	at org.apache.hadoop.hive.ql.parse.SemanticAnalyzer.genBodyPlan(SemanticAnalyzer.java:10938) ~[classes/:?]
	at org.apache.hadoop.hive.ql.parse.SemanticAnalyzer.genPlan(SemanticAnalyzer.java:11853) ~[classes/:?]
	at org.apache.hadoop.hive.ql.parse.SemanticAnalyzer.genPlan(SemanticAnalyzer.java:11723) ~[classes/:?]
	at org.apache.hadoop.hive.ql.parse.CalcitePlanner.genOPTree(CalcitePlanner.java:626) ~[classes/:?]
	at org.apache.hadoop.hive.ql.parse.SemanticAnalyzer.analyzeInternal(SemanticAnalyzer.java:12558) ~[classes/:?]
	at org.apache.hadoop.hive.ql.parse.CalcitePlanner.analyzeInternal(CalcitePlanner.java:456) ~[classes/:?]
	at org.apache.hadoop.hive.ql.parse.RewriteSemanticAnalyzer.analyzeInternal(RewriteSemanticAnalyzer.java:67) ~[classes/:?]
	at org.apache.hadoop.hive.ql.parse.BaseSemanticAnalyzer.analyze(BaseSemanticAnalyzer.java:317) ~[classes/:?]
	at org.apache.hadoop.hive.ql.parse.UpdateDeleteSemanticAnalyzer.reparseAndSuperAnalyze(UpdateDeleteSemanticAnalyzer.java:208) ~[classes/:?]
	at org.apache.hadoop.hive.ql.parse.UpdateDeleteSemanticAnalyzer.analyzeUpdate(UpdateDeleteSemanticAnalyzer.java:63) ~[classes/:?]
	at org.apache.hadoop.hive.ql.parse.UpdateDeleteSemanticAnalyzer.analyze(UpdateDeleteSemanticAnalyzer.java:53) ~[classes/:?]
	at org.apache.hadoop.hive.ql.parse.RewriteSemanticAnalyzer.analyzeInternal(RewriteSemanticAnalyzer.java:72) ~[classes/:?]
	at org.apache.hadoop.hive.ql.parse.BaseSemanticAnalyzer.analyze(BaseSemanticAnalyzer.java:317) ~[classes/:?]
	at org.apache.hadoop.hive.ql.Compiler.analyze(Compiler.java:223) ~[classes/:?]
	at org.apache.hadoop.hive.ql.Compiler.compile(Compiler.java:105) ~[classes/:?]
	at org.apache.hadoop.hive.ql.Driver.compile(Driver.java:500) ~[classes/:?]
	at org.apache.hadoop.hive.ql.Driver.compileInternal(Driver.java:453) ~[classes/:?]
	at org.apache.hadoop.hive.ql.Driver.runInternal(Driver.java:181) ~[classes/:?]
	at org.apache.hadoop.hive.ql.Driver.run(Driver.java:153) ~[classes/:?]
	at org.apache.hadoop.hive.ql.Driver.run(Driver.java:140) ~[classes/:?]
	at org.apache.hadoop.hive.ql.TxnCommandsBaseForTests.runStatementOnDriver(TxnCommandsBaseForTests.java:245) ~[test-classes/:?]
	at org.apache.hadoop.hive.ql.TestTxnExIm.testImport(TestTxnExIm.java:335) ~[test-classes/:?]
	at org.apache.hadoop.hive.ql.TestTxnExIm.testImportNoTarget(TestTxnExIm.java:298) ~[test-classes/:?]
	at sun.reflect.NativeMethodAccessorImpl.invoke0(Native Method) ~[?:1.8.0_402]
	at sun.reflect.NativeMethodAccessorImpl.invoke(NativeMethodAccessorImpl.java:62) ~[?:1.8.0_402]
	at sun.reflect.DelegatingMethodAccessorImpl.invoke(DelegatingMethodAccessorImpl.java:43) ~[?:1.8.0_402]
	at java.lang.reflect.Method.invoke(Method.java:498) ~[?:1.8.0_402]
	at org.junit.runners.model.FrameworkMethod$1.runReflectiveCall(FrameworkMethod.java:59) ~[junit-4.13.jar:4.13]
	at org.junit.internal.runners.model.ReflectiveCallable.run(ReflectiveCallable.java:12) ~[junit-4.13.jar:4.13]
	at org.junit.runners.model.FrameworkMethod.invokeExplosively(FrameworkMethod.java:56) ~[junit-4.13.jar:4.13]
	at org.junit.internal.runners.statements.InvokeMethod.evaluate(InvokeMethod.java:17) ~[junit-4.13.jar:4.13]
	at org.junit.internal.runners.statements.RunBefores.evaluate(RunBefores.java:26) ~[junit-4.13.jar:4.13]
	at org.junit.internal.runners.statements.RunAfters.evaluate(RunAfters.java:27) ~[junit-4.13.jar:4.13]
	at org.junit.rules.TestWatcher$1.evaluate(TestWatcher.java:61) ~[junit-4.13.jar:4.13]
	at org.junit.runners.ParentRunner$3.evaluate(ParentRunner.java:306) ~[junit-4.13.jar:4.13]
	at org.junit.runners.BlockJUnit4ClassRunner$1.evaluate(BlockJUnit4ClassRunner.java:100) ~[junit-4.13.jar:4.13]
	at org.junit.runners.ParentRunner.runLeaf(ParentRunner.java:366) ~[junit-4.13.jar:4.13]
	at org.junit.runners.BlockJUnit4ClassRunner.runChild(BlockJUnit4ClassRunner.java:103) ~[junit-4.13.jar:4.13]
	at org.junit.runners.BlockJUnit4ClassRunner.runChild(BlockJUnit4ClassRunner.java:63) ~[junit-4.13.jar:4.13]
	at org.junit.runners.ParentRunner$4.run(ParentRunner.java:331) ~[junit-4.13.jar:4.13]
	at org.junit.runners.ParentRunner$1.schedule(ParentRunner.java:79) ~[junit-4.13.jar:4.13]
	at org.junit.runners.ParentRunner.runChildren(ParentRunner.java:329) ~[junit-4.13.jar:4.13]
	at org.junit.runners.ParentRunner.access$100(ParentRunner.java:66) ~[junit-4.13.jar:4.13]
	at org.junit.runners.ParentRunner$2.evaluate(ParentRunner.java:293) ~[junit-4.13.jar:4.13]
	at org.junit.runners.ParentRunner$3.evaluate(ParentRunner.java:306) ~[junit-4.13.jar:4.13]
	at org.junit.runners.ParentRunner.run(ParentRunner.java:413) ~[junit-4.13.jar:4.13]
	at org.junit.runner.JUnitCore.run(JUnitCore.java:137) ~[junit-4.13.jar:4.13]
	at org.junit.runner.JUnitCore.run(JUnitCore.java:115) ~[junit-4.13.jar:4.13]
	at org.junit.vintage.engine.execution.RunnerExecutor.execute(RunnerExecutor.java:43) ~[junit-vintage-engine-5.6.2.jar:5.6.2]
	at java.util.stream.ForEachOps$ForEachOp$OfRef.accept(ForEachOps.java:183) ~[?:1.8.0_402]
	at java.util.stream.ReferencePipeline$3$1.accept(ReferencePipeline.java:193) ~[?:1.8.0_402]
	at java.util.Iterator.forEachRemaining(Iterator.java:116) ~[?:1.8.0_402]
	at java.util.Spliterators$IteratorSpliterator.forEachRemaining(Spliterators.java:1801) ~[?:1.8.0_402]
	at java.util.stream.AbstractPipeline.copyInto(AbstractPipeline.java:482) ~[?:1.8.0_402]
	at java.util.stream.AbstractPipeline.wrapAndCopyInto(AbstractPipeline.java:472) ~[?:1.8.0_402]
	at java.util.stream.ForEachOps$ForEachOp.evaluateSequential(ForEachOps.java:150) ~[?:1.8.0_402]
	at java.util.stream.ForEachOps$ForEachOp$OfRef.evaluateSequential(ForEachOps.java:173) ~[?:1.8.0_402]
	at java.util.stream.AbstractPipeline.evaluate(AbstractPipeline.java:234) ~[?:1.8.0_402]
	at java.util.stream.ReferencePipeline.forEach(ReferencePipeline.java:485) ~[?:1.8.0_402]
	at org.junit.vintage.engine.VintageTestEngine.executeAllChildren(VintageTestEngine.java:82) ~[junit-vintage-engine-5.6.2.jar:5.6.2]
	at org.junit.vintage.engine.VintageTestEngine.execute(VintageTestEngine.java:73) ~[junit-vintage-engine-5.6.2.jar:5.6.2]
	at org.junit.platform.launcher.core.DefaultLauncher.execute(DefaultLauncher.java:248) ~[junit-platform-launcher-1.6.2.jar:1.6.2]
	at org.junit.platform.launcher.core.DefaultLauncher.lambda$execute$5(DefaultLauncher.java:211) ~[junit-platform-launcher-1.6.2.jar:1.6.2]
	at org.junit.platform.launcher.core.DefaultLauncher.withInterceptedStreams(DefaultLauncher.java:226) [junit-platform-launcher-1.6.2.jar:1.6.2]
	at org.junit.platform.launcher.core.DefaultLauncher.execute(DefaultLauncher.java:199) [junit-platform-launcher-1.6.2.jar:1.6.2]
	at org.junit.platform.launcher.core.DefaultLauncher.execute(DefaultLauncher.java:132) [junit-platform-launcher-1.6.2.jar:1.6.2]
	at org.apache.maven.surefire.junitplatform.JUnitPlatformProvider.invokeAllTests(JUnitPlatformProvider.java:154) [surefire-junit-platform-3.0.0-M4.jar:3.0.0-M4]
	at org.apache.maven.surefire.junitplatform.JUnitPlatformProvider.invoke(JUnitPlatformProvider.java:123) [surefire-junit-platform-3.0.0-M4.jar:3.0.0-M4]
	at org.apache.maven.surefire.booter.ForkedBooter.runSuitesInProcess(ForkedBooter.java:377) [surefire-booter-3.0.0-M4.jar:3.0.0-M4]
	at org.apache.maven.surefire.booter.ForkedBooter.execute(ForkedBooter.java:138) [surefire-booter-3.0.0-M4.jar:3.0.0-M4]
	at org.apache.maven.surefire.booter.ForkedBooter.run(ForkedBooter.java:465) [surefire-booter-3.0.0-M4.jar:3.0.0-M4]
	at org.apache.maven.surefire.booter.ForkedBooter.main(ForkedBooter.java:451) [surefire-booter-3.0.0-M4.jar:3.0.0-M4]
2024-04-23T20:49:12,900 ERROR [main] parse.UpdateDeleteSemanticAnalyzer: CBO failed due to missing column stats (see previous errors), skipping CBO
2024-04-23T20:49:12,900  INFO [main] parse.UpdateDeleteSemanticAnalyzer: Ending caching scope for: 
FAILED: NoMatchingMethodException No matching method for class org.apache.hadoop.hive.ql.udf.UDFToInteger with (struct<writeid:bigint,bucketid:int,rowid:bigint>). Possible choices: _FUNC_(bigint)  _FUNC_(boolean)  _FUNC_(decimal(38,18))  _FUNC_(double)  _FUNC_(float)  _FUNC_(smallint)  _FUNC_(string)  _FUNC_(struct<bucketid:bigint,rowid:int,writeid:bigint>)  _FUNC_(timestamp)  _FUNC_(tinyint)  _FUNC_(void)  
2024-04-23T20:49:12,901 ERROR [main] ql.Driver: FAILED: NoMatchingMethodException No matching method for class org.apache.hadoop.hive.ql.udf.UDFToInteger with (struct<writeid:bigint,bucketid:int,rowid:bigint>). Possible choices: _FUNC_(bigint)  _FUNC_(boolean)  _FUNC_(decimal(38,18))  _FUNC_(double)  _FUNC_(float)  _FUNC_(smallint)  _FUNC_(string)  _FUNC_(struct<bucketid:bigint,rowid:int,writeid:bigint>)  _FUNC_(timestamp)  _FUNC_(tinyint)  _FUNC_(void)  
org.apache.hadoop.hive.ql.exec.NoMatchingMethodException: No matching method for class org.apache.hadoop.hive.ql.udf.UDFToInteger with (struct<writeid:bigint,bucketid:int,rowid:bigint>). Possible choices: _FUNC_(bigint)  _FUNC_(boolean)  _FUNC_(decimal(38,18))  _FUNC_(double)  _FUNC_(float)  _FUNC_(smallint)  _FUNC_(string)  _FUNC_(struct<bucketid:bigint,rowid:int,writeid:bigint>)  _FUNC_(timestamp)  _FUNC_(tinyint)  _FUNC_(void)  
	at org.apache.hadoop.hive.ql.exec.MethodUtils.getMethodInternal(MethodUtils.java:130)
	at org.apache.hadoop.hive.ql.exec.MethodUtils.getMethodInternal(MethodUtils.java:60)
	at org.apache.hadoop.hive.ql.exec.DefaultUDFMethodResolver.getEvalMethod(DefaultUDFMethodResolver.java:59)
	at org.apache.hadoop.hive.ql.udf.TimestampCastRestrictorResolver.getEvalMethod(TimestampCastRestrictorResolver.java:68)
	at org.apache.hadoop.hive.ql.udf.generic.GenericUDFBridge.initialize(GenericUDFBridge.java:168)
	at org.apache.hadoop.hive.ql.udf.generic.GenericUDF.initializeAndFoldConstants(GenericUDF.java:149)
	at org.apache.hadoop.hive.ql.plan.ExprNodeGenericFuncDesc.newInstance(ExprNodeGenericFuncDesc.java:235)
	at org.apache.hadoop.hive.ql.parse.type.ExprNodeDescExprFactory.createFuncCallExpr(ExprNodeDescExprFactory.java:584)
	at org.apache.hadoop.hive.ql.parse.type.ExprNodeDescExprFactory.createFuncCallExpr(ExprNodeDescExprFactory.java:97)
	at org.apache.hadoop.hive.ql.parse.type.TypeCheckProcFactory$DefaultExprProcessor.getFuncExprNodeDescWithUdfData(TypeCheckProcFactory.java:762)
	at org.apache.hadoop.hive.ql.parse.type.TypeCheckProcFactory$DefaultExprProcessor.createConversionCast(TypeCheckProcFactory.java:783)
	at org.apache.hadoop.hive.ql.parse.SemanticAnalyzer.getPartitionColsFromBucketColsForUpdateDelete(SemanticAnalyzer.java:8725)
	at org.apache.hadoop.hive.ql.parse.SemanticAnalyzer.genBucketingSortingDest(SemanticAnalyzer.java:6914)
	at org.apache.hadoop.hive.ql.parse.SemanticAnalyzer.genFileSinkPlan(SemanticAnalyzer.java:7335)
	at org.apache.hadoop.hive.ql.parse.SemanticAnalyzer.genPostGroupByBodyPlan(SemanticAnalyzer.java:11063)
	at org.apache.hadoop.hive.ql.parse.SemanticAnalyzer.genBodyPlan(SemanticAnalyzer.java:10938)
	at org.apache.hadoop.hive.ql.parse.SemanticAnalyzer.genPlan(SemanticAnalyzer.java:11853)
	at org.apache.hadoop.hive.ql.parse.SemanticAnalyzer.genPlan(SemanticAnalyzer.java:11723)
	at org.apache.hadoop.hive.ql.parse.CalcitePlanner.genOPTree(CalcitePlanner.java:626)
	at org.apache.hadoop.hive.ql.parse.SemanticAnalyzer.analyzeInternal(SemanticAnalyzer.java:12558)
	at org.apache.hadoop.hive.ql.parse.CalcitePlanner.analyzeInternal(CalcitePlanner.java:456)
	at org.apache.hadoop.hive.ql.parse.RewriteSemanticAnalyzer.analyzeInternal(RewriteSemanticAnalyzer.java:67)
	at org.apache.hadoop.hive.ql.parse.BaseSemanticAnalyzer.analyze(BaseSemanticAnalyzer.java:317)
	at org.apache.hadoop.hive.ql.parse.UpdateDeleteSemanticAnalyzer.reparseAndSuperAnalyze(UpdateDeleteSemanticAnalyzer.java:208)
	at org.apache.hadoop.hive.ql.parse.UpdateDeleteSemanticAnalyzer.analyzeUpdate(UpdateDeleteSemanticAnalyzer.java:63)
	at org.apache.hadoop.hive.ql.parse.UpdateDeleteSemanticAnalyzer.analyze(UpdateDeleteSemanticAnalyzer.java:53)
	at org.apache.hadoop.hive.ql.parse.RewriteSemanticAnalyzer.analyzeInternal(RewriteSemanticAnalyzer.java:72)
	at org.apache.hadoop.hive.ql.parse.BaseSemanticAnalyzer.analyze(BaseSemanticAnalyzer.java:317)
	at org.apache.hadoop.hive.ql.Compiler.analyze(Compiler.java:223)
	at org.apache.hadoop.hive.ql.Compiler.compile(Compiler.java:105)
	at org.apache.hadoop.hive.ql.Driver.compile(Driver.java:500)
	at org.apache.hadoop.hive.ql.Driver.compileInternal(Driver.java:453)
	at org.apache.hadoop.hive.ql.Driver.runInternal(Driver.java:181)
	at org.apache.hadoop.hive.ql.Driver.run(Driver.java:153)
	at org.apache.hadoop.hive.ql.Driver.run(Driver.java:140)
	at org.apache.hadoop.hive.ql.TxnCommandsBaseForTests.runStatementOnDriver(TxnCommandsBaseForTests.java:245)
	at org.apache.hadoop.hive.ql.TestTxnExIm.testImport(TestTxnExIm.java:335)
	at org.apache.hadoop.hive.ql.TestTxnExIm.testImportNoTarget(TestTxnExIm.java:298)
	at sun.reflect.NativeMethodAccessorImpl.invoke0(Native Method)
	at sun.reflect.NativeMethodAccessorImpl.invoke(NativeMethodAccessorImpl.java:62)
	at sun.reflect.DelegatingMethodAccessorImpl.invoke(DelegatingMethodAccessorImpl.java:43)
	at java.lang.reflect.Method.invoke(Method.java:498)
	at org.junit.runners.model.FrameworkMethod$1.runReflectiveCall(FrameworkMethod.java:59)
	at org.junit.internal.runners.model.ReflectiveCallable.run(ReflectiveCallable.java:12)
	at org.junit.runners.model.FrameworkMethod.invokeExplosively(FrameworkMethod.java:56)
	at org.junit.internal.runners.statements.InvokeMethod.evaluate(InvokeMethod.java:17)
	at org.junit.internal.runners.statements.RunBefores.evaluate(RunBefores.java:26)
	at org.junit.internal.runners.statements.RunAfters.evaluate(RunAfters.java:27)
	at org.junit.rules.TestWatcher$1.evaluate(TestWatcher.java:61)
	at org.junit.runners.ParentRunner$3.evaluate(ParentRunner.java:306)
	at org.junit.runners.BlockJUnit4ClassRunner$1.evaluate(BlockJUnit4ClassRunner.java:100)
	at org.junit.runners.ParentRunner.runLeaf(ParentRunner.java:366)
	at org.junit.runners.BlockJUnit4ClassRunner.runChild(BlockJUnit4ClassRunner.java:103)
	at org.junit.runners.BlockJUnit4ClassRunner.runChild(BlockJUnit4ClassRunner.java:63)
	at org.junit.runners.ParentRunner$4.run(ParentRunner.java:331)
	at org.junit.runners.ParentRunner$1.schedule(ParentRunner.java:79)
	at org.junit.runners.ParentRunner.runChildren(ParentRunner.java:329)
	at org.junit.runners.ParentRunner.access$100(ParentRunner.java:66)
	at org.junit.runners.ParentRunner$2.evaluate(ParentRunner.java:293)
	at org.junit.runners.ParentRunner$3.evaluate(ParentRunner.java:306)
	at org.junit.runners.ParentRunner.run(ParentRunner.java:413)
	at org.junit.runner.JUnitCore.run(JUnitCore.java:137)
	at org.junit.runner.JUnitCore.run(JUnitCore.java:115)
	at org.junit.vintage.engine.execution.RunnerExecutor.execute(RunnerExecutor.java:43)
	at java.util.stream.ForEachOps$ForEachOp$OfRef.accept(ForEachOps.java:183)
	at java.util.stream.ReferencePipeline$3$1.accept(ReferencePipeline.java:193)
	at java.util.Iterator.forEachRemaining(Iterator.java:116)
	at java.util.Spliterators$IteratorSpliterator.forEachRemaining(Spliterators.java:1801)
	at java.util.stream.AbstractPipeline.copyInto(AbstractPipeline.java:482)
	at java.util.stream.AbstractPipeline.wrapAndCopyInto(AbstractPipeline.java:472)
	at java.util.stream.ForEachOps$ForEachOp.evaluateSequential(ForEachOps.java:150)
	at java.util.stream.ForEachOps$ForEachOp$OfRef.evaluateSequential(ForEachOps.java:173)
	at java.util.stream.AbstractPipeline.evaluate(AbstractPipeline.java:234)
	at java.util.stream.ReferencePipeline.forEach(ReferencePipeline.java:485)
	at org.junit.vintage.engine.VintageTestEngine.executeAllChildren(VintageTestEngine.java:82)
	at org.junit.vintage.engine.VintageTestEngine.execute(VintageTestEngine.java:73)
	at org.junit.platform.launcher.core.DefaultLauncher.execute(DefaultLauncher.java:248)
	at org.junit.platform.launcher.core.DefaultLauncher.lambda$execute$5(DefaultLauncher.java:211)
	at org.junit.platform.launcher.core.DefaultLauncher.withInterceptedStreams(DefaultLauncher.java:226)
	at org.junit.platform.launcher.core.DefaultLauncher.execute(DefaultLauncher.java:199)
	at org.junit.platform.launcher.core.DefaultLauncher.execute(DefaultLauncher.java:132)
	at org.apache.maven.surefire.junitplatform.JUnitPlatformProvider.invokeAllTests(JUnitPlatformProvider.java:154)
	at org.apache.maven.surefire.junitplatform.JUnitPlatformProvider.invoke(JUnitPlatformProvider.java:123)
	at org.apache.maven.surefire.booter.ForkedBooter.runSuitesInProcess(ForkedBooter.java:377)
	at org.apache.maven.surefire.booter.ForkedBooter.execute(ForkedBooter.java:138)
	at org.apache.maven.surefire.booter.ForkedBooter.run(ForkedBooter.java:465)
	at org.apache.maven.surefire.booter.ForkedBooter.main(ForkedBooter.java:451)

2024-04-23T20:49:12,902  INFO [main] metadata.Hive: Dumping metastore api call timing information for : compilation phase
2024-04-23T20:49:12,902  INFO [main] metadata.Hive: Total time spent in each metastore function (ms): {isCompatibleWith_(Configuration)=0, getNotNullConstraints_(NotNullConstraintsRequest)=1, getTableColumnStatistics_(String, String, List, String)=33, getValidTxns_(long)=0, getCheckConstraints_(CheckConstraintsRequest)=1, getValidWriteIds_(List, String)=5, openTxn_(String, TxnType)=1, commitTxn_(CommitTxnRequest)=13, flushCache_()=0, getTable_(GetTableRequest)=37, getAllTableConstraints_(AllTableConstraintsRequest)=5}
2024-04-23T20:49:12,903  INFO [main] ql.Driver: Completed compiling command(queryId=alex_20240423204912_4df8ebaf-fb1d-4dda-888c-2b57fb17213a); Time taken: 0.272 seconds
2024-04-23T20:49:12,903  INFO [main] lockmgr.DbTxnManager: Stopped heartbeat for query: null
2024-04-23T20:49:12,907  INFO [main] txn.TxnHandler: Removed transactions: ([21]) from MIN_HISTORY_LEVEL
2024-04-23T20:49:12,915  INFO [main] ql.TxnCommandsBaseForTests: Running the query: drop table if exists acidTbl
2024-04-23T20:49:12,915  INFO [main] ql.Driver: Compiling command(queryId=alex_20240423204912_988a92a4-9f00-4042-95df-c5da043a9a43): drop table if exists acidTbl
2024-04-23T20:49:12,917  INFO [main] txn.TxnHandler: Added entries to MIN_HISTORY_LEVEL for current txns: ([22]) with min_open_txn: 20
2024-04-23T20:49:12,918  INFO [main] lockmgr.DbTxnManager: Opened txnid:22
2024-04-23T20:49:12,919  INFO [main] HiveMetaStore.audit: ugi=alex	ip=unknown-ip-addr	cmd=get_table : tbl=hive.default.acidTbl	
2024-04-23T20:49:12,926  INFO [main] metastore.HMSHandler: Skipping translation for processor with null
2024-04-23T20:49:12,926  INFO [main] ql.Driver: Semantic Analysis Completed (retrial = false)
2024-04-23T20:49:12,926  INFO [main] ql.Driver: Created Hive schema: Schema(fieldSchemas:null, properties:null)
2024-04-23T20:49:12,926  INFO [main] metadata.Hive: Dumping metastore api call timing information for : compilation phase
2024-04-23T20:49:12,926  INFO [main] metadata.Hive: Total time spent in each metastore function (ms): {isCompatibleWith_(Configuration)=0, flushCache_()=1, rollbackTxn_(long)=11, getTable_(GetTableRequest)=7, getValidTxns_(long)=0, openTxn_(String, TxnType)=2}
2024-04-23T20:49:12,926  INFO [main] ql.Driver: Completed compiling command(queryId=alex_20240423204912_988a92a4-9f00-4042-95df-c5da043a9a43); Time taken: 0.011 seconds
2024-04-23T20:49:12,926  INFO [main] lockmgr.DbTxnManager: Setting lock request transaction to txnid:22 for queryId=alex_20240423204912_988a92a4-9f00-4042-95df-c5da043a9a43
2024-04-23T20:49:12,927  INFO [main] lockmgr.DbLockManager: Requesting lock for queryId=alex_20240423204912_988a92a4-9f00-4042-95df-c5da043a9a43
2024-04-23T20:49:12,940  INFO [main] lockmgr.DbLockManager: Response to queryId=alex_20240423204912_988a92a4-9f00-4042-95df-c5da043a9a43 LockResponse(lockid:14, state:ACQUIRED)
2024-04-23T20:49:12,941  INFO [main] ql.Driver: Operation DROPTABLE obtained 1 locks
2024-04-23T20:49:12,941  INFO [main] ql.Driver: Executing command(queryId=alex_20240423204912_988a92a4-9f00-4042-95df-c5da043a9a43): drop table if exists acidTbl
2024-04-23T20:49:12,941  INFO [main] ql.Driver: Starting task [Stage-0:DDL] in serial mode
2024-04-23T20:49:12,941  INFO [main] HiveMetaStore.audit: ugi=alex	ip=unknown-ip-addr	cmd=get_table : tbl=hive.default.acidTbl	
2024-04-23T20:49:12,949  INFO [main] metastore.HMSHandler: Skipping translation for processor with null
2024-04-23T20:49:12,949  INFO [main] HiveMetaStore.audit: ugi=alex	ip=unknown-ip-addr	cmd=get_table : tbl=hive.default.acidTbl	
2024-04-23T20:49:12,956  INFO [main] metastore.HMSHandler: Skipping translation for processor with null
2024-04-23T20:49:12,957  INFO [main] HiveMetaStore.audit: ugi=alex	ip=unknown-ip-addr	cmd=drop_table : tbl=hive.default.acidTbl	
2024-04-23T20:49:13,067  INFO [main] metadata.Hive: Dumping metastore api call timing information for : execution phase
2024-04-23T20:49:13,068  INFO [main] metadata.Hive: Total time spent in each metastore function (ms): {dropTable_(String, String, boolean, boolean, boolean)=118, getTable_(GetTableRequest)=8, isCompatibleWith_(Configuration)=0}
2024-04-23T20:49:13,068  INFO [main] ql.Driver: Completed executing command(queryId=alex_20240423204912_988a92a4-9f00-4042-95df-c5da043a9a43); Time taken: 0.126 seconds
2024-04-23T20:49:13,068  INFO [main] lockmgr.DbTxnManager: Stopped heartbeat for query: alex_20240423204912_988a92a4-9f00-4042-95df-c5da043a9a43
2024-04-23T20:49:13,073  INFO [main] txn.TxnHandler: Expected to move at least one record from txn_components to completed_txn_components when committing txn! txnid:22
2024-04-23T20:49:13,080  INFO [main] txn.TxnHandler: Removed transactions: ([22]) from MIN_HISTORY_LEVEL
2024-04-23T20:49:13,080  WARN [main] txn.CompactionTxnHandler: No compaction queue record found for Compaction type transaction commit. txnId:22
2024-04-23T20:49:13,081  INFO [main] ql.TxnCommandsBaseForTests: Running the query: drop table if exists acidTblPart
2024-04-23T20:49:13,081  INFO [main] ql.Driver: Compiling command(queryId=alex_20240423204913_ec923210-17e8-4a4e-a4ea-46a647185b07): drop table if exists acidTblPart
2024-04-23T20:49:13,092  INFO [main] txn.TxnHandler: Added entries to MIN_HISTORY_LEVEL for current txns: ([23]) with min_open_txn: 20
2024-04-23T20:49:13,092  INFO [main] lockmgr.DbTxnManager: Opened txnid:23
2024-04-23T20:49:13,095  INFO [main] HiveMetaStore.audit: ugi=alex	ip=unknown-ip-addr	cmd=get_table : tbl=hive.default.acidTblPart	
2024-04-23T20:49:13,118  INFO [main] metastore.HMSHandler: Skipping translation for processor with null
2024-04-23T20:49:13,118  INFO [main] ql.Driver: Semantic Analysis Completed (retrial = false)
2024-04-23T20:49:13,118  INFO [main] ql.Driver: Created Hive schema: Schema(fieldSchemas:null, properties:null)
2024-04-23T20:49:13,118  INFO [main] metadata.Hive: Dumping metastore api call timing information for : compilation phase
2024-04-23T20:49:13,118  INFO [main] metadata.Hive: Total time spent in each metastore function (ms): {getTable_(GetTableRequest)=23, commitTxn_(CommitTxnRequest)=13, flushCache_()=0, isCompatibleWith_(Configuration)=0, openTxn_(String, TxnType)=10, getValidTxns_(long)=3}
2024-04-23T20:49:13,118  INFO [main] ql.Driver: Completed compiling command(queryId=alex_20240423204913_ec923210-17e8-4a4e-a4ea-46a647185b07); Time taken: 0.037 seconds
2024-04-23T20:49:13,119  INFO [main] lockmgr.DbTxnManager: Setting lock request transaction to txnid:23 for queryId=alex_20240423204913_ec923210-17e8-4a4e-a4ea-46a647185b07
2024-04-23T20:49:13,119  INFO [main] lockmgr.DbLockManager: Requesting lock for queryId=alex_20240423204913_ec923210-17e8-4a4e-a4ea-46a647185b07
2024-04-23T20:49:13,133  INFO [main] lockmgr.DbLockManager: Response to queryId=alex_20240423204913_ec923210-17e8-4a4e-a4ea-46a647185b07 LockResponse(lockid:15, state:ACQUIRED)
2024-04-23T20:49:13,133  INFO [main] ql.Driver: Operation DROPTABLE obtained 1 locks
2024-04-23T20:49:13,133  INFO [main] ql.Driver: Executing command(queryId=alex_20240423204913_ec923210-17e8-4a4e-a4ea-46a647185b07): drop table if exists acidTblPart
2024-04-23T20:49:13,134  INFO [main] ql.Driver: Starting task [Stage-0:DDL] in serial mode
2024-04-23T20:49:13,134  INFO [main] HiveMetaStore.audit: ugi=alex	ip=unknown-ip-addr	cmd=get_table : tbl=hive.default.acidTblPart	
2024-04-23T20:49:13,142  INFO [main] metastore.HMSHandler: Skipping translation for processor with null
2024-04-23T20:49:13,142  INFO [main] HiveMetaStore.audit: ugi=alex	ip=unknown-ip-addr	cmd=get_table : tbl=hive.default.acidTblPart	
2024-04-23T20:49:13,150  INFO [main] metastore.HMSHandler: Skipping translation for processor with null
2024-04-23T20:49:13,150  INFO [main] HiveMetaStore.audit: ugi=alex	ip=unknown-ip-addr	cmd=drop_table : tbl=hive.default.acidTblPart	
2024-04-23T20:49:13,199  INFO [main] metadata.Hive: Dumping metastore api call timing information for : execution phase
2024-04-23T20:49:13,199  INFO [main] metadata.Hive: Total time spent in each metastore function (ms): {dropTable_(String, String, boolean, boolean, boolean)=57, isCompatibleWith_(Configuration)=0, getTable_(GetTableRequest)=8}
2024-04-23T20:49:13,199  INFO [main] ql.Driver: Completed executing command(queryId=alex_20240423204913_ec923210-17e8-4a4e-a4ea-46a647185b07); Time taken: 0.066 seconds
2024-04-23T20:49:13,200  INFO [main] lockmgr.DbTxnManager: Stopped heartbeat for query: alex_20240423204913_ec923210-17e8-4a4e-a4ea-46a647185b07
2024-04-23T20:49:13,203  INFO [main] txn.TxnHandler: Expected to move at least one record from txn_components to completed_txn_components when committing txn! txnid:23
2024-04-23T20:49:13,211  INFO [main] txn.TxnHandler: Removed transactions: ([23]) from MIN_HISTORY_LEVEL
2024-04-23T20:49:13,212  WARN [main] txn.CompactionTxnHandler: No compaction queue record found for Compaction type transaction commit. txnId:23
2024-04-23T20:49:13,212  INFO [main] ql.TxnCommandsBaseForTests: Running the query: drop table if exists acidTbl2
2024-04-23T20:49:13,213  INFO [main] ql.Driver: Compiling command(queryId=alex_20240423204913_b1e96c20-d5cc-4298-b9db-351bd6ce6082): drop table if exists acidTbl2
2024-04-23T20:49:13,216  INFO [main] txn.TxnHandler: Added entries to MIN_HISTORY_LEVEL for current txns: ([24]) with min_open_txn: 20
2024-04-23T20:49:13,216  INFO [main] lockmgr.DbTxnManager: Opened txnid:24
2024-04-23T20:49:13,217  INFO [main] ql.Driver: Semantic Analysis Completed (retrial = false)
2024-04-23T20:49:13,217  INFO [main] ql.Driver: Created Hive schema: Schema(fieldSchemas:null, properties:null)
2024-04-23T20:49:13,217  INFO [main] metadata.Hive: Dumping metastore api call timing information for : compilation phase
2024-04-23T20:49:13,217  INFO [main] metadata.Hive: Total time spent in each metastore function (ms): {getTable_(GetTableRequest)=0, commitTxn_(CommitTxnRequest)=12, openTxn_(String, TxnType)=3, isCompatibleWith_(Configuration)=0, flushCache_()=0, getValidTxns_(long)=1}
2024-04-23T20:49:13,218  INFO [main] ql.Driver: Completed compiling command(queryId=alex_20240423204913_b1e96c20-d5cc-4298-b9db-351bd6ce6082); Time taken: 0.004 seconds
2024-04-23T20:49:13,218  INFO [main] lockmgr.DbTxnManager: Setting lock request transaction to txnid:24 for queryId=alex_20240423204913_b1e96c20-d5cc-4298-b9db-351bd6ce6082
2024-04-23T20:49:13,218  INFO [main] ql.Driver: Operation DROPTABLE obtained 0 locks
2024-04-23T20:49:13,218  INFO [main] ql.Driver: Executing command(queryId=alex_20240423204913_b1e96c20-d5cc-4298-b9db-351bd6ce6082): drop table if exists acidTbl2
2024-04-23T20:49:13,218  INFO [main] ql.Driver: Starting task [Stage-0:DDL] in serial mode
2024-04-23T20:49:13,219  INFO [main] metadata.SessionHiveMetaStoreClient: Column stats doesn't exist for db=default temp table=acidTbl2
2024-04-23T20:49:13,219  INFO [main] metadata.Hive: Dumping metastore api call timing information for : execution phase
2024-04-23T20:49:13,219  INFO [main] metadata.Hive: Total time spent in each metastore function (ms): {isCompatibleWith_(Configuration)=0, dropTable_(String, String, boolean, boolean, boolean)=1, getTable_(GetTableRequest)=0}
2024-04-23T20:49:13,219  INFO [main] ql.Driver: Completed executing command(queryId=alex_20240423204913_b1e96c20-d5cc-4298-b9db-351bd6ce6082); Time taken: 0.001 seconds
2024-04-23T20:49:13,219  INFO [main] lockmgr.DbTxnManager: Stopped heartbeat for query: alex_20240423204913_b1e96c20-d5cc-4298-b9db-351bd6ce6082
2024-04-23T20:49:13,225  INFO [main] txn.TxnHandler: Expected to move at least one record from txn_components to completed_txn_components when committing txn! txnid:24
2024-04-23T20:49:13,231  INFO [main] txn.TxnHandler: Removed transactions: ([24]) from MIN_HISTORY_LEVEL
2024-04-23T20:49:13,231  WARN [main] txn.CompactionTxnHandler: No compaction queue record found for Compaction type transaction commit. txnId:24
2024-04-23T20:49:13,232  INFO [main] ql.TxnCommandsBaseForTests: Running the query: drop table if exists nonAcidOrcTbl
2024-04-23T20:49:13,232  INFO [main] ql.Driver: Compiling command(queryId=alex_20240423204913_e4b3440a-293d-4152-a4a4-9d984aa6b83b): drop table if exists nonAcidOrcTbl
2024-04-23T20:49:13,234  INFO [main] txn.TxnHandler: Added entries to MIN_HISTORY_LEVEL for current txns: ([25]) with min_open_txn: 20
2024-04-23T20:49:13,235  INFO [main] lockmgr.DbTxnManager: Opened txnid:25
2024-04-23T20:49:13,235  INFO [main] HiveMetaStore.audit: ugi=alex	ip=unknown-ip-addr	cmd=get_table : tbl=hive.default.nonAcidOrcTbl	
2024-04-23T20:49:13,260  INFO [main] metastore.HMSHandler: Skipping translation for processor with null
2024-04-23T20:49:13,260  INFO [main] ql.Driver: Semantic Analysis Completed (retrial = false)
2024-04-23T20:49:13,260  INFO [main] ql.Driver: Created Hive schema: Schema(fieldSchemas:null, properties:null)
2024-04-23T20:49:13,260  INFO [main] metadata.Hive: Dumping metastore api call timing information for : compilation phase
2024-04-23T20:49:13,260  INFO [main] metadata.Hive: Total time spent in each metastore function (ms): {openTxn_(String, TxnType)=2, getTable_(GetTableRequest)=25, isCompatibleWith_(Configuration)=0, getValidTxns_(long)=0, flushCache_()=0, commitTxn_(CommitTxnRequest)=13}
2024-04-23T20:49:13,261  INFO [main] ql.Driver: Completed compiling command(queryId=alex_20240423204913_e4b3440a-293d-4152-a4a4-9d984aa6b83b); Time taken: 0.028 seconds
2024-04-23T20:49:13,261  INFO [main] lockmgr.DbTxnManager: Setting lock request transaction to txnid:25 for queryId=alex_20240423204913_e4b3440a-293d-4152-a4a4-9d984aa6b83b
2024-04-23T20:49:13,262  INFO [main] lockmgr.DbLockManager: Requesting lock for queryId=alex_20240423204913_e4b3440a-293d-4152-a4a4-9d984aa6b83b
2024-04-23T20:49:13,278  INFO [main] lockmgr.DbLockManager: Response to queryId=alex_20240423204913_e4b3440a-293d-4152-a4a4-9d984aa6b83b LockResponse(lockid:16, state:ACQUIRED)
2024-04-23T20:49:13,278  INFO [main] ql.Driver: Operation DROPTABLE obtained 1 locks
2024-04-23T20:49:13,278  INFO [main] ql.Driver: Executing command(queryId=alex_20240423204913_e4b3440a-293d-4152-a4a4-9d984aa6b83b): drop table if exists nonAcidOrcTbl
2024-04-23T20:49:13,278  INFO [main] ql.Driver: Starting task [Stage-0:DDL] in serial mode
2024-04-23T20:49:13,279  INFO [main] HiveMetaStore.audit: ugi=alex	ip=unknown-ip-addr	cmd=get_table : tbl=hive.default.nonAcidOrcTbl	
2024-04-23T20:49:13,290  INFO [main] metastore.HMSHandler: Skipping translation for processor with null
2024-04-23T20:49:13,290  INFO [main] HiveMetaStore.audit: ugi=alex	ip=unknown-ip-addr	cmd=get_table : tbl=hive.default.nonAcidOrcTbl	
2024-04-23T20:49:13,300  INFO [main] metastore.HMSHandler: Skipping translation for processor with null
2024-04-23T20:49:13,301  INFO [main] HiveMetaStore.audit: ugi=alex	ip=unknown-ip-addr	cmd=drop_table : tbl=hive.default.nonAcidOrcTbl	
2024-04-23T20:49:13,355  INFO [main] metadata.Hive: Dumping metastore api call timing information for : execution phase
2024-04-23T20:49:13,355  INFO [main] metadata.Hive: Total time spent in each metastore function (ms): {getTable_(GetTableRequest)=11, isCompatibleWith_(Configuration)=0, dropTable_(String, String, boolean, boolean, boolean)=65}
2024-04-23T20:49:13,356  INFO [main] ql.Driver: Completed executing command(queryId=alex_20240423204913_e4b3440a-293d-4152-a4a4-9d984aa6b83b); Time taken: 0.077 seconds
2024-04-23T20:49:13,356  INFO [main] lockmgr.DbTxnManager: Stopped heartbeat for query: alex_20240423204913_e4b3440a-293d-4152-a4a4-9d984aa6b83b
2024-04-23T20:49:13,360  INFO [main] txn.TxnHandler: Expected to move at least one record from txn_components to completed_txn_components when committing txn! txnid:25
2024-04-23T20:49:13,366  INFO [main] txn.TxnHandler: Removed transactions: ([25]) from MIN_HISTORY_LEVEL
2024-04-23T20:49:13,367  WARN [main] txn.CompactionTxnHandler: No compaction queue record found for Compaction type transaction commit. txnId:25
2024-04-23T20:49:13,367  INFO [main] ql.TxnCommandsBaseForTests: Running the query: drop table if exists nonAcidOrcTbl2
2024-04-23T20:49:13,367  INFO [main] ql.Driver: Compiling command(queryId=alex_20240423204913_d4b1bb6f-1aea-47f5-802f-6868c9222bad): drop table if exists nonAcidOrcTbl2
2024-04-23T20:49:13,370  INFO [main] txn.TxnHandler: Added entries to MIN_HISTORY_LEVEL for current txns: ([26]) with min_open_txn: 20
2024-04-23T20:49:13,370  INFO [main] lockmgr.DbTxnManager: Opened txnid:26
2024-04-23T20:49:13,371  INFO [main] HiveMetaStore.audit: ugi=alex	ip=unknown-ip-addr	cmd=get_table : tbl=hive.default.nonAcidOrcTbl2	
2024-04-23T20:49:13,381  INFO [main] metastore.HMSHandler: Skipping translation for processor with null
2024-04-23T20:49:13,381  INFO [main] ql.Driver: Semantic Analysis Completed (retrial = false)
2024-04-23T20:49:13,381  INFO [main] ql.Driver: Created Hive schema: Schema(fieldSchemas:null, properties:null)
2024-04-23T20:49:13,381  INFO [main] metadata.Hive: Dumping metastore api call timing information for : compilation phase
2024-04-23T20:49:13,381  INFO [main] metadata.Hive: Total time spent in each metastore function (ms): {openTxn_(String, TxnType)=2, commitTxn_(CommitTxnRequest)=11, flushCache_()=0, getTable_(GetTableRequest)=10, getValidTxns_(long)=1, isCompatibleWith_(Configuration)=0}
2024-04-23T20:49:13,381  INFO [main] ql.Driver: Completed compiling command(queryId=alex_20240423204913_d4b1bb6f-1aea-47f5-802f-6868c9222bad); Time taken: 0.014 seconds
2024-04-23T20:49:13,381  INFO [main] lockmgr.DbTxnManager: Setting lock request transaction to txnid:26 for queryId=alex_20240423204913_d4b1bb6f-1aea-47f5-802f-6868c9222bad
2024-04-23T20:49:13,382  INFO [main] lockmgr.DbLockManager: Requesting lock for queryId=alex_20240423204913_d4b1bb6f-1aea-47f5-802f-6868c9222bad
2024-04-23T20:49:13,397  INFO [main] lockmgr.DbLockManager: Response to queryId=alex_20240423204913_d4b1bb6f-1aea-47f5-802f-6868c9222bad LockResponse(lockid:17, state:ACQUIRED)
2024-04-23T20:49:13,397  INFO [main] ql.Driver: Operation DROPTABLE obtained 1 locks
2024-04-23T20:49:13,397  INFO [main] ql.Driver: Executing command(queryId=alex_20240423204913_d4b1bb6f-1aea-47f5-802f-6868c9222bad): drop table if exists nonAcidOrcTbl2
2024-04-23T20:49:13,397  INFO [main] ql.Driver: Starting task [Stage-0:DDL] in serial mode
2024-04-23T20:49:13,397  INFO [main] HiveMetaStore.audit: ugi=alex	ip=unknown-ip-addr	cmd=get_table : tbl=hive.default.nonAcidOrcTbl2	
2024-04-23T20:49:13,408  INFO [main] metastore.HMSHandler: Skipping translation for processor with null
2024-04-23T20:49:13,408  INFO [main] HiveMetaStore.audit: ugi=alex	ip=unknown-ip-addr	cmd=get_table : tbl=hive.default.nonAcidOrcTbl2	
2024-04-23T20:49:13,419  INFO [main] metastore.HMSHandler: Skipping translation for processor with null
2024-04-23T20:49:13,420  INFO [main] HiveMetaStore.audit: ugi=alex	ip=unknown-ip-addr	cmd=drop_table : tbl=hive.default.nonAcidOrcTbl2	
2024-04-23T20:49:13,460  INFO [main] metadata.Hive: Dumping metastore api call timing information for : execution phase
2024-04-23T20:49:13,460  INFO [main] metadata.Hive: Total time spent in each metastore function (ms): {isCompatibleWith_(Configuration)=0, dropTable_(String, String, boolean, boolean, boolean)=51, getTable_(GetTableRequest)=11}
2024-04-23T20:49:13,460  INFO [main] ql.Driver: Completed executing command(queryId=alex_20240423204913_d4b1bb6f-1aea-47f5-802f-6868c9222bad); Time taken: 0.063 seconds
2024-04-23T20:49:13,460  INFO [main] lockmgr.DbTxnManager: Stopped heartbeat for query: alex_20240423204913_d4b1bb6f-1aea-47f5-802f-6868c9222bad
2024-04-23T20:49:13,464  INFO [main] txn.TxnHandler: Expected to move at least one record from txn_components to completed_txn_components when committing txn! txnid:26
2024-04-23T20:49:13,471  INFO [main] txn.TxnHandler: Removed transactions: ([26]) from MIN_HISTORY_LEVEL
2024-04-23T20:49:13,471  WARN [main] txn.CompactionTxnHandler: No compaction queue record found for Compaction type transaction commit. txnId:26
2024-04-23T20:49:13,472  INFO [main] ql.TxnCommandsBaseForTests: Running the query: drop table if exists nonAcidNonBucket
2024-04-23T20:49:13,472  INFO [main] ql.Driver: Compiling command(queryId=alex_20240423204913_90e54515-19dd-4bcc-8d82-0e0f2d4acf3d): drop table if exists nonAcidNonBucket
2024-04-23T20:49:13,474  INFO [main] txn.TxnHandler: Added entries to MIN_HISTORY_LEVEL for current txns: ([27]) with min_open_txn: 21
2024-04-23T20:49:13,475  INFO [main] lockmgr.DbTxnManager: Opened txnid:27
2024-04-23T20:49:13,475  INFO [main] HiveMetaStore.audit: ugi=alex	ip=unknown-ip-addr	cmd=get_table : tbl=hive.default.nonAcidNonBucket	
2024-04-23T20:49:13,488  INFO [main] metastore.HMSHandler: Skipping translation for processor with null
2024-04-23T20:49:13,489  INFO [main] ql.Driver: Semantic Analysis Completed (retrial = false)
2024-04-23T20:49:13,489  INFO [main] ql.Driver: Created Hive schema: Schema(fieldSchemas:null, properties:null)
2024-04-23T20:49:13,489  INFO [main] metadata.Hive: Dumping metastore api call timing information for : compilation phase
2024-04-23T20:49:13,489  INFO [main] metadata.Hive: Total time spent in each metastore function (ms): {commitTxn_(CommitTxnRequest)=11, getValidTxns_(long)=0, getTable_(GetTableRequest)=13, openTxn_(String, TxnType)=2, flushCache_()=0, isCompatibleWith_(Configuration)=0}
2024-04-23T20:49:13,489  INFO [main] ql.Driver: Completed compiling command(queryId=alex_20240423204913_90e54515-19dd-4bcc-8d82-0e0f2d4acf3d); Time taken: 0.017 seconds
2024-04-23T20:49:13,490  INFO [main] lockmgr.DbTxnManager: Setting lock request transaction to txnid:27 for queryId=alex_20240423204913_90e54515-19dd-4bcc-8d82-0e0f2d4acf3d
2024-04-23T20:49:13,490  INFO [main] lockmgr.DbLockManager: Requesting lock for queryId=alex_20240423204913_90e54515-19dd-4bcc-8d82-0e0f2d4acf3d
2024-04-23T20:49:13,504  INFO [main] lockmgr.DbLockManager: Response to queryId=alex_20240423204913_90e54515-19dd-4bcc-8d82-0e0f2d4acf3d LockResponse(lockid:18, state:ACQUIRED)
2024-04-23T20:49:13,505  INFO [main] ql.Driver: Operation DROPTABLE obtained 1 locks
2024-04-23T20:49:13,505  INFO [main] ql.Driver: Executing command(queryId=alex_20240423204913_90e54515-19dd-4bcc-8d82-0e0f2d4acf3d): drop table if exists nonAcidNonBucket
2024-04-23T20:49:13,505  INFO [main] ql.Driver: Starting task [Stage-0:DDL] in serial mode
2024-04-23T20:49:13,505  INFO [main] HiveMetaStore.audit: ugi=alex	ip=unknown-ip-addr	cmd=get_table : tbl=hive.default.nonAcidNonBucket	
2024-04-23T20:49:13,516  INFO [main] metastore.HMSHandler: Skipping translation for processor with null
2024-04-23T20:49:13,516  INFO [main] HiveMetaStore.audit: ugi=alex	ip=unknown-ip-addr	cmd=get_table : tbl=hive.default.nonAcidNonBucket	
2024-04-23T20:49:13,527  INFO [main] metastore.HMSHandler: Skipping translation for processor with null
2024-04-23T20:49:13,527  INFO [main] HiveMetaStore.audit: ugi=alex	ip=unknown-ip-addr	cmd=drop_table : tbl=hive.default.nonAcidNonBucket	
2024-04-23T20:49:13,567  INFO [main] metadata.Hive: Dumping metastore api call timing information for : execution phase
2024-04-23T20:49:13,567  INFO [main] metadata.Hive: Total time spent in each metastore function (ms): {getTable_(GetTableRequest)=11, isCompatibleWith_(Configuration)=0, dropTable_(String, String, boolean, boolean, boolean)=50}
2024-04-23T20:49:13,567  INFO [main] ql.Driver: Completed executing command(queryId=alex_20240423204913_90e54515-19dd-4bcc-8d82-0e0f2d4acf3d); Time taken: 0.061 seconds
2024-04-23T20:49:13,567  INFO [main] lockmgr.DbTxnManager: Stopped heartbeat for query: alex_20240423204913_90e54515-19dd-4bcc-8d82-0e0f2d4acf3d
2024-04-23T20:49:13,571  INFO [main] txn.TxnHandler: Expected to move at least one record from txn_components to completed_txn_components when committing txn! txnid:27
2024-04-23T20:49:13,578  INFO [main] txn.TxnHandler: Removed transactions: ([27]) from MIN_HISTORY_LEVEL
2024-04-23T20:49:13,578  WARN [main] txn.CompactionTxnHandler: No compaction queue record found for Compaction type transaction commit. txnId:27
2024-04-23T20:49:13,579  INFO [main] utils.TestTxnDbUtil: Cleaning transactional tables
]]></system-err>
  </testcase>
  <testcase name="testExportDefaultDb" classname="org.apache.hadoop.hive.ql.TestTxnExIm" time="8.153"/>
  <testcase name="testImportOrc" classname="org.apache.hadoop.hive.ql.TestTxnExIm" time="6.153"/>
  <testcase name="testImportVectorized" classname="org.apache.hadoop.hive.ql.TestTxnExIm" time="6.569">
    <error type="java.lang.RuntimeException"><![CDATA[java.lang.RuntimeException: update T set a = 0 where b = 6 failed: (responseCode = 40000, errorMessage = FAILED: NoMatchingMethodException No matching method for class org.apache.hadoop.hive.ql.udf.UDFToInteger with (struct<writeid:bigint,bucketid:int,rowid:bigint>). Possible choices: _FUNC_(bigint)  _FUNC_(boolean)  _FUNC_(decimal(38,18))  _FUNC_(double)  _FUNC_(float)  _FUNC_(smallint)  _FUNC_(string)  _FUNC_(struct<bucketid:bigint,rowid:int,writeid:bigint>)  _FUNC_(timestamp)  _FUNC_(tinyint)  _FUNC_(void)  , hiveErrorCode = 40000, SQLState = 42000, exception = No matching method for class org.apache.hadoop.hive.ql.udf.UDFToInteger with (struct<writeid:bigint,bucketid:int,rowid:bigint>). Possible choices: _FUNC_(bigint)  _FUNC_(boolean)  _FUNC_(decimal(38,18))  _FUNC_(double)  _FUNC_(float)  _FUNC_(smallint)  _FUNC_(string)  _FUNC_(struct<bucketid:bigint,rowid:int,writeid:bigint>)  _FUNC_(timestamp)  _FUNC_(tinyint)  _FUNC_(void)  )
	at org.apache.hadoop.hive.ql.TxnCommandsBaseForTests.runStatementOnDriver(TxnCommandsBaseForTests.java:247)
	at org.apache.hadoop.hive.ql.TestTxnExIm.testImport(TestTxnExIm.java:335)
	at org.apache.hadoop.hive.ql.TestTxnExIm.testImportVectorized(TestTxnExIm.java:291)
	at sun.reflect.NativeMethodAccessorImpl.invoke0(Native Method)
	at sun.reflect.NativeMethodAccessorImpl.invoke(NativeMethodAccessorImpl.java:62)
	at sun.reflect.DelegatingMethodAccessorImpl.invoke(DelegatingMethodAccessorImpl.java:43)
	at java.lang.reflect.Method.invoke(Method.java:498)
	at org.junit.runners.model.FrameworkMethod$1.runReflectiveCall(FrameworkMethod.java:59)
	at org.junit.internal.runners.model.ReflectiveCallable.run(ReflectiveCallable.java:12)
	at org.junit.runners.model.FrameworkMethod.invokeExplosively(FrameworkMethod.java:56)
	at org.junit.internal.runners.statements.InvokeMethod.evaluate(InvokeMethod.java:17)
	at org.junit.internal.runners.statements.RunBefores.evaluate(RunBefores.java:26)
	at org.junit.internal.runners.statements.RunAfters.evaluate(RunAfters.java:27)
	at org.junit.rules.TestWatcher$1.evaluate(TestWatcher.java:61)
	at org.junit.runners.ParentRunner$3.evaluate(ParentRunner.java:306)
	at org.junit.runners.BlockJUnit4ClassRunner$1.evaluate(BlockJUnit4ClassRunner.java:100)
	at org.junit.runners.ParentRunner.runLeaf(ParentRunner.java:366)
	at org.junit.runners.BlockJUnit4ClassRunner.runChild(BlockJUnit4ClassRunner.java:103)
	at org.junit.runners.BlockJUnit4ClassRunner.runChild(BlockJUnit4ClassRunner.java:63)
	at org.junit.runners.ParentRunner$4.run(ParentRunner.java:331)
	at org.junit.runners.ParentRunner$1.schedule(ParentRunner.java:79)
	at org.junit.runners.ParentRunner.runChildren(ParentRunner.java:329)
	at org.junit.runners.ParentRunner.access$100(ParentRunner.java:66)
	at org.junit.runners.ParentRunner$2.evaluate(ParentRunner.java:293)
	at org.junit.runners.ParentRunner$3.evaluate(ParentRunner.java:306)
	at org.junit.runners.ParentRunner.run(ParentRunner.java:413)
	at org.junit.runner.JUnitCore.run(JUnitCore.java:137)
	at org.junit.runner.JUnitCore.run(JUnitCore.java:115)
	at org.junit.vintage.engine.execution.RunnerExecutor.execute(RunnerExecutor.java:43)
	at java.util.stream.ForEachOps$ForEachOp$OfRef.accept(ForEachOps.java:183)
	at java.util.stream.ReferencePipeline$3$1.accept(ReferencePipeline.java:193)
	at java.util.Iterator.forEachRemaining(Iterator.java:116)
	at java.util.Spliterators$IteratorSpliterator.forEachRemaining(Spliterators.java:1801)
	at java.util.stream.AbstractPipeline.copyInto(AbstractPipeline.java:482)
	at java.util.stream.AbstractPipeline.wrapAndCopyInto(AbstractPipeline.java:472)
	at java.util.stream.ForEachOps$ForEachOp.evaluateSequential(ForEachOps.java:150)
	at java.util.stream.ForEachOps$ForEachOp$OfRef.evaluateSequential(ForEachOps.java:173)
	at java.util.stream.AbstractPipeline.evaluate(AbstractPipeline.java:234)
	at java.util.stream.ReferencePipeline.forEach(ReferencePipeline.java:485)
	at org.junit.vintage.engine.VintageTestEngine.executeAllChildren(VintageTestEngine.java:82)
	at org.junit.vintage.engine.VintageTestEngine.execute(VintageTestEngine.java:73)
	at org.junit.platform.launcher.core.DefaultLauncher.execute(DefaultLauncher.java:248)
	at org.junit.platform.launcher.core.DefaultLauncher.lambda$execute$5(DefaultLauncher.java:211)
	at org.junit.platform.launcher.core.DefaultLauncher.withInterceptedStreams(DefaultLauncher.java:226)
	at org.junit.platform.launcher.core.DefaultLauncher.execute(DefaultLauncher.java:199)
	at org.junit.platform.launcher.core.DefaultLauncher.execute(DefaultLauncher.java:132)
	at org.apache.maven.surefire.junitplatform.JUnitPlatformProvider.invokeAllTests(JUnitPlatformProvider.java:154)
	at org.apache.maven.surefire.junitplatform.JUnitPlatformProvider.invoke(JUnitPlatformProvider.java:123)
	at org.apache.maven.surefire.booter.ForkedBooter.runSuitesInProcess(ForkedBooter.java:377)
	at org.apache.maven.surefire.booter.ForkedBooter.execute(ForkedBooter.java:138)
	at org.apache.maven.surefire.booter.ForkedBooter.run(ForkedBooter.java:465)
	at org.apache.maven.surefire.booter.ForkedBooter.main(ForkedBooter.java:451)
]]></error>
    <system-err><![CDATA[2024-04-23T20:49:27,960  WARN [main] conf.HiveConf: HiveConf of name hive.llap.io.cache.orc.size does not exist
2024-04-23T20:49:27,960  WARN [main] conf.HiveConf: HiveConf of name hive.stats.key.prefix.reserve.length does not exist
2024-04-23T20:49:27,960  WARN [main] conf.HiveConf: HiveConf of name hive.metastore.client.cache.recordStats does not exist
2024-04-23T20:49:27,960  WARN [main] conf.HiveConf: HiveConf of name hive.dummyparam.test.server.specific.config.metastoresite does not exist
2024-04-23T20:49:27,960  WARN [main] conf.HiveConf: HiveConf of name hive.llap.io.cache.orc.alloc.min does not exist
2024-04-23T20:49:27,960  WARN [main] conf.HiveConf: HiveConf of name hive.llap.io.cache.orc.alloc.max does not exist
2024-04-23T20:49:27,960  WARN [main] conf.HiveConf: HiveConf of name hive.metastore.client.cache.maxSize does not exist
2024-04-23T20:49:27,960  WARN [main] conf.HiveConf: HiveConf of name hive.llap.io.cache.orc.arena.size does not exist
2024-04-23T20:49:27,960  WARN [main] conf.HiveConf: HiveConf of name hive.dummyparam.test.server.specific.config.override does not exist
2024-04-23T20:49:27,960  WARN [main] conf.HiveConf: HiveConf of name hive.dummyparam.test.server.specific.config.hivesite does not exist
2024-04-23T20:49:27,960  WARN [main] conf.HiveConf: HiveConf of name hive.metastore.metadb.dir does not exist
2024-04-23T20:49:27,962  INFO [main] utils.TestTxnDbUtil: Creating transactional tables
Hive Session ID = 17cd0e0b-b569-4f68-a2a8-f80c61b0fc5b
2024-04-23T20:49:27,964  INFO [main] SessionState: Hive Session ID = 17cd0e0b-b569-4f68-a2a8-f80c61b0fc5b
ivysettings.xml file not found in HIVE_HOME or HIVE_CONF_DIR,/home/alex/Repositories/hive/conf/ivysettings.xml will be used
2024-04-23T20:49:27,965  INFO [main] DependencyResolver: ivysettings.xml file not found in HIVE_HOME or HIVE_CONF_DIR,/home/alex/Repositories/hive/conf/ivysettings.xml will be used
2024-04-23T20:49:27,970  INFO [main] session.SessionState: Created HDFS directory: /home/alex/Repositories/hive/ql/target/tmp/scratchdir/alex/17cd0e0b-b569-4f68-a2a8-f80c61b0fc5b
2024-04-23T20:49:27,972  INFO [main] session.SessionState: Created local directory: /home/alex/Repositories/hive/ql/target/tmp/localscratchdir/17cd0e0b-b569-4f68-a2a8-f80c61b0fc5b
2024-04-23T20:49:27,974  INFO [main] session.SessionState: Created HDFS directory: /home/alex/Repositories/hive/ql/target/tmp/scratchdir/alex/17cd0e0b-b569-4f68-a2a8-f80c61b0fc5b/_tmp_space.db
2024-04-23T20:49:27,975  INFO [main] sqlstd.SQLStdHiveAccessController: Created SQLStdHiveAccessController for session context : HiveAuthzSessionContext [sessionString=17cd0e0b-b569-4f68-a2a8-f80c61b0fc5b, clientType=HIVECLI]
2024-04-23T20:49:27,975  INFO [main] ql.TxnCommandsBaseForTests: Running the query: drop table if exists acidTbl
2024-04-23T20:49:27,975  INFO [main] ql.Driver: Compiling command(queryId=alex_20240423204927_c1ced15e-0c8b-4f68-81b0-c01842d34895): drop table if exists acidTbl
2024-04-23T20:49:27,982  INFO [main] txn.TxnHandler: Added entries to MIN_HISTORY_LEVEL for current txns: ([1]) with min_open_txn: 1
2024-04-23T20:49:27,983  INFO [main] lockmgr.DbTxnManager: Opened txnid:1
2024-04-23T20:49:27,985  INFO [main] HiveMetaStore.audit: ugi=alex	ip=unknown-ip-addr	cmd=get_table : tbl=hive.default.acidTbl	
2024-04-23T20:49:27,988  INFO [main] ql.Driver: Semantic Analysis Completed (retrial = false)
2024-04-23T20:49:27,988  INFO [main] ql.Driver: Created Hive schema: Schema(fieldSchemas:null, properties:null)
2024-04-23T20:49:27,988  INFO [main] metadata.Hive: Dumping metastore api call timing information for : compilation phase
2024-04-23T20:49:27,988  INFO [main] metadata.Hive: Total time spent in each metastore function (ms): {isCompatibleWith_(Configuration)=0, getValidTxns_(long)=2, openTxn_(String, TxnType)=7, flushCache_()=0, commitTxn_(CommitTxnRequest)=8}
2024-04-23T20:49:27,989  INFO [main] ql.Driver: Completed compiling command(queryId=alex_20240423204927_c1ced15e-0c8b-4f68-81b0-c01842d34895); Time taken: 0.013 seconds
2024-04-23T20:49:27,989  INFO [main] lockmgr.DbTxnManager: Setting lock request transaction to txnid:1 for queryId=alex_20240423204927_c1ced15e-0c8b-4f68-81b0-c01842d34895
2024-04-23T20:49:27,989  INFO [main] ql.Driver: Operation DROPTABLE obtained 0 locks
2024-04-23T20:49:27,989  INFO [main] ql.Driver: Executing command(queryId=alex_20240423204927_c1ced15e-0c8b-4f68-81b0-c01842d34895): drop table if exists acidTbl
2024-04-23T20:49:27,989  INFO [main] ql.Driver: Starting task [Stage-0:DDL] in serial mode
2024-04-23T20:49:27,990  INFO [main] HiveMetaStore.audit: ugi=alex	ip=unknown-ip-addr	cmd=get_table : tbl=hive.default.acidTbl	
2024-04-23T20:49:27,993  INFO [main] metadata.Hive: Dumping metastore api call timing information for : execution phase
2024-04-23T20:49:27,993  INFO [main] metadata.Hive: Total time spent in each metastore function (ms): {isCompatibleWith_(Configuration)=1}
2024-04-23T20:49:27,993  INFO [main] ql.Driver: Completed executing command(queryId=alex_20240423204927_c1ced15e-0c8b-4f68-81b0-c01842d34895); Time taken: 0.004 seconds
2024-04-23T20:49:27,993  INFO [main] lockmgr.DbTxnManager: Stopped heartbeat for query: alex_20240423204927_c1ced15e-0c8b-4f68-81b0-c01842d34895
2024-04-23T20:49:27,998  INFO [main] txn.TxnHandler: Expected to move at least one record from txn_components to completed_txn_components when committing txn! txnid:1
2024-04-23T20:49:28,003  INFO [main] txn.TxnHandler: Removed transactions: ([1]) from MIN_HISTORY_LEVEL
2024-04-23T20:49:28,003  WARN [main] txn.CompactionTxnHandler: No compaction queue record found for Compaction type transaction commit. txnId:1
2024-04-23T20:49:28,004  INFO [main] ql.TxnCommandsBaseForTests: Running the query: drop table if exists acidTblPart
2024-04-23T20:49:28,004  INFO [main] ql.Driver: Compiling command(queryId=alex_20240423204928_7f209573-80eb-4c00-9760-9bd4251f6759): drop table if exists acidTblPart
2024-04-23T20:49:28,006  INFO [main] txn.TxnHandler: Added entries to MIN_HISTORY_LEVEL for current txns: ([2]) with min_open_txn: 1
2024-04-23T20:49:28,007  INFO [main] lockmgr.DbTxnManager: Opened txnid:2
2024-04-23T20:49:28,007  INFO [main] HiveMetaStore.audit: ugi=alex	ip=unknown-ip-addr	cmd=get_table : tbl=hive.default.acidTblPart	
2024-04-23T20:49:28,011  INFO [main] ql.Driver: Semantic Analysis Completed (retrial = false)
2024-04-23T20:49:28,011  INFO [main] ql.Driver: Created Hive schema: Schema(fieldSchemas:null, properties:null)
2024-04-23T20:49:28,011  INFO [main] metadata.Hive: Dumping metastore api call timing information for : compilation phase
2024-04-23T20:49:28,011  INFO [main] metadata.Hive: Total time spent in each metastore function (ms): {isCompatibleWith_(Configuration)=0, flushCache_()=0, commitTxn_(CommitTxnRequest)=10, getValidTxns_(long)=0, openTxn_(String, TxnType)=3}
2024-04-23T20:49:28,011  INFO [main] ql.Driver: Completed compiling command(queryId=alex_20240423204928_7f209573-80eb-4c00-9760-9bd4251f6759); Time taken: 0.007 seconds
2024-04-23T20:49:28,011  INFO [main] lockmgr.DbTxnManager: Setting lock request transaction to txnid:2 for queryId=alex_20240423204928_7f209573-80eb-4c00-9760-9bd4251f6759
2024-04-23T20:49:28,011  INFO [main] ql.Driver: Operation DROPTABLE obtained 0 locks
2024-04-23T20:49:28,012  INFO [main] ql.Driver: Executing command(queryId=alex_20240423204928_7f209573-80eb-4c00-9760-9bd4251f6759): drop table if exists acidTblPart
2024-04-23T20:49:28,012  INFO [main] ql.Driver: Starting task [Stage-0:DDL] in serial mode
2024-04-23T20:49:28,012  INFO [main] HiveMetaStore.audit: ugi=alex	ip=unknown-ip-addr	cmd=get_table : tbl=hive.default.acidTblPart	
2024-04-23T20:49:28,015  INFO [main] metadata.Hive: Dumping metastore api call timing information for : execution phase
2024-04-23T20:49:28,016  INFO [main] metadata.Hive: Total time spent in each metastore function (ms): {isCompatibleWith_(Configuration)=0}
2024-04-23T20:49:28,016  INFO [main] ql.Driver: Completed executing command(queryId=alex_20240423204928_7f209573-80eb-4c00-9760-9bd4251f6759); Time taken: 0.003 seconds
2024-04-23T20:49:28,016  INFO [main] lockmgr.DbTxnManager: Stopped heartbeat for query: alex_20240423204928_7f209573-80eb-4c00-9760-9bd4251f6759
2024-04-23T20:49:28,020  INFO [main] txn.TxnHandler: Expected to move at least one record from txn_components to completed_txn_components when committing txn! txnid:2
2024-04-23T20:49:28,026  INFO [main] txn.TxnHandler: Removed transactions: ([2]) from MIN_HISTORY_LEVEL
2024-04-23T20:49:28,026  WARN [main] txn.CompactionTxnHandler: No compaction queue record found for Compaction type transaction commit. txnId:2
2024-04-23T20:49:28,026  INFO [main] ql.TxnCommandsBaseForTests: Running the query: drop table if exists acidTbl2
2024-04-23T20:49:28,027  INFO [main] ql.Driver: Compiling command(queryId=alex_20240423204928_b1ab2b00-f394-4be8-8484-274e10bea52c): drop table if exists acidTbl2
2024-04-23T20:49:28,029  INFO [main] txn.TxnHandler: Added entries to MIN_HISTORY_LEVEL for current txns: ([3]) with min_open_txn: 1
2024-04-23T20:49:28,029  INFO [main] lockmgr.DbTxnManager: Opened txnid:3
2024-04-23T20:49:28,030  INFO [main] HiveMetaStore.audit: ugi=alex	ip=unknown-ip-addr	cmd=get_table : tbl=hive.default.acidTbl2	
2024-04-23T20:49:28,033  INFO [main] ql.Driver: Semantic Analysis Completed (retrial = false)
2024-04-23T20:49:28,033  INFO [main] ql.Driver: Created Hive schema: Schema(fieldSchemas:null, properties:null)
2024-04-23T20:49:28,033  INFO [main] metadata.Hive: Dumping metastore api call timing information for : compilation phase
2024-04-23T20:49:28,034  INFO [main] metadata.Hive: Total time spent in each metastore function (ms): {openTxn_(String, TxnType)=2, flushCache_()=0, commitTxn_(CommitTxnRequest)=10, getValidTxns_(long)=1, isCompatibleWith_(Configuration)=0}
2024-04-23T20:49:28,034  INFO [main] ql.Driver: Completed compiling command(queryId=alex_20240423204928_b1ab2b00-f394-4be8-8484-274e10bea52c); Time taken: 0.006 seconds
2024-04-23T20:49:28,034  INFO [main] lockmgr.DbTxnManager: Setting lock request transaction to txnid:3 for queryId=alex_20240423204928_b1ab2b00-f394-4be8-8484-274e10bea52c
2024-04-23T20:49:28,034  INFO [main] ql.Driver: Operation DROPTABLE obtained 0 locks
2024-04-23T20:49:28,034  INFO [main] ql.Driver: Executing command(queryId=alex_20240423204928_b1ab2b00-f394-4be8-8484-274e10bea52c): drop table if exists acidTbl2
2024-04-23T20:49:28,034  INFO [main] ql.Driver: Starting task [Stage-0:DDL] in serial mode
2024-04-23T20:49:28,035  INFO [main] HiveMetaStore.audit: ugi=alex	ip=unknown-ip-addr	cmd=get_table : tbl=hive.default.acidTbl2	
2024-04-23T20:49:28,038  INFO [main] metadata.Hive: Dumping metastore api call timing information for : execution phase
2024-04-23T20:49:28,038  INFO [main] metadata.Hive: Total time spent in each metastore function (ms): {isCompatibleWith_(Configuration)=1}
2024-04-23T20:49:28,039  INFO [main] ql.Driver: Completed executing command(queryId=alex_20240423204928_b1ab2b00-f394-4be8-8484-274e10bea52c); Time taken: 0.004 seconds
2024-04-23T20:49:28,039  INFO [main] lockmgr.DbTxnManager: Stopped heartbeat for query: alex_20240423204928_b1ab2b00-f394-4be8-8484-274e10bea52c
2024-04-23T20:49:28,043  INFO [main] txn.TxnHandler: Expected to move at least one record from txn_components to completed_txn_components when committing txn! txnid:3
2024-04-23T20:49:28,049  INFO [main] txn.TxnHandler: Removed transactions: ([3]) from MIN_HISTORY_LEVEL
2024-04-23T20:49:28,049  WARN [main] txn.CompactionTxnHandler: No compaction queue record found for Compaction type transaction commit. txnId:3
2024-04-23T20:49:28,050  INFO [main] ql.TxnCommandsBaseForTests: Running the query: drop table if exists nonAcidOrcTbl
2024-04-23T20:49:28,051  INFO [main] ql.Driver: Compiling command(queryId=alex_20240423204928_b2573624-aa94-4109-87cc-a3d0e8fc0e6d): drop table if exists nonAcidOrcTbl
2024-04-23T20:49:28,053  INFO [main] txn.TxnHandler: Added entries to MIN_HISTORY_LEVEL for current txns: ([4]) with min_open_txn: 1
2024-04-23T20:49:28,053  INFO [main] lockmgr.DbTxnManager: Opened txnid:4
2024-04-23T20:49:28,054  INFO [main] HiveMetaStore.audit: ugi=alex	ip=unknown-ip-addr	cmd=get_table : tbl=hive.default.nonAcidOrcTbl	
2024-04-23T20:49:28,057  INFO [main] ql.Driver: Semantic Analysis Completed (retrial = false)
2024-04-23T20:49:28,058  INFO [main] ql.Driver: Created Hive schema: Schema(fieldSchemas:null, properties:null)
2024-04-23T20:49:28,058  INFO [main] metadata.Hive: Dumping metastore api call timing information for : compilation phase
2024-04-23T20:49:28,058  INFO [main] metadata.Hive: Total time spent in each metastore function (ms): {openTxn_(String, TxnType)=2, isCompatibleWith_(Configuration)=0, flushCache_()=0, getValidTxns_(long)=1, commitTxn_(CommitTxnRequest)=11}
2024-04-23T20:49:28,058  INFO [main] ql.Driver: Completed compiling command(queryId=alex_20240423204928_b2573624-aa94-4109-87cc-a3d0e8fc0e6d); Time taken: 0.008 seconds
2024-04-23T20:49:28,058  INFO [main] lockmgr.DbTxnManager: Setting lock request transaction to txnid:4 for queryId=alex_20240423204928_b2573624-aa94-4109-87cc-a3d0e8fc0e6d
2024-04-23T20:49:28,058  INFO [main] ql.Driver: Operation DROPTABLE obtained 0 locks
2024-04-23T20:49:28,058  INFO [main] ql.Driver: Executing command(queryId=alex_20240423204928_b2573624-aa94-4109-87cc-a3d0e8fc0e6d): drop table if exists nonAcidOrcTbl
2024-04-23T20:49:28,058  INFO [main] ql.Driver: Starting task [Stage-0:DDL] in serial mode
2024-04-23T20:49:28,059  INFO [main] HiveMetaStore.audit: ugi=alex	ip=unknown-ip-addr	cmd=get_table : tbl=hive.default.nonAcidOrcTbl	
2024-04-23T20:49:28,062  INFO [main] metadata.Hive: Dumping metastore api call timing information for : execution phase
2024-04-23T20:49:28,062  INFO [main] metadata.Hive: Total time spent in each metastore function (ms): {isCompatibleWith_(Configuration)=1}
2024-04-23T20:49:28,062  INFO [main] ql.Driver: Completed executing command(queryId=alex_20240423204928_b2573624-aa94-4109-87cc-a3d0e8fc0e6d); Time taken: 0.004 seconds
2024-04-23T20:49:28,062  INFO [main] lockmgr.DbTxnManager: Stopped heartbeat for query: alex_20240423204928_b2573624-aa94-4109-87cc-a3d0e8fc0e6d
2024-04-23T20:49:28,067  INFO [main] txn.TxnHandler: Expected to move at least one record from txn_components to completed_txn_components when committing txn! txnid:4
2024-04-23T20:49:28,072  INFO [main] txn.TxnHandler: Removed transactions: ([4]) from MIN_HISTORY_LEVEL
2024-04-23T20:49:28,072  WARN [main] txn.CompactionTxnHandler: No compaction queue record found for Compaction type transaction commit. txnId:4
2024-04-23T20:49:28,073  INFO [main] ql.TxnCommandsBaseForTests: Running the query: drop table if exists nonAcidOrcTbl2
2024-04-23T20:49:28,073  INFO [main] ql.Driver: Compiling command(queryId=alex_20240423204928_f6d839dc-2dd9-4a30-81ac-70857e342585): drop table if exists nonAcidOrcTbl2
2024-04-23T20:49:28,075  INFO [main] txn.TxnHandler: Added entries to MIN_HISTORY_LEVEL for current txns: ([5]) with min_open_txn: 1
2024-04-23T20:49:28,076  INFO [main] lockmgr.DbTxnManager: Opened txnid:5
2024-04-23T20:49:28,076  INFO [main] HiveMetaStore.audit: ugi=alex	ip=unknown-ip-addr	cmd=get_table : tbl=hive.default.nonAcidOrcTbl2	
2024-04-23T20:49:28,080  INFO [main] ql.Driver: Semantic Analysis Completed (retrial = false)
2024-04-23T20:49:28,080  INFO [main] ql.Driver: Created Hive schema: Schema(fieldSchemas:null, properties:null)
2024-04-23T20:49:28,080  INFO [main] metadata.Hive: Dumping metastore api call timing information for : compilation phase
2024-04-23T20:49:28,080  INFO [main] metadata.Hive: Total time spent in each metastore function (ms): {getValidTxns_(long)=0, flushCache_()=0, openTxn_(String, TxnType)=2, commitTxn_(CommitTxnRequest)=11, isCompatibleWith_(Configuration)=1}
2024-04-23T20:49:28,080  INFO [main] ql.Driver: Completed compiling command(queryId=alex_20240423204928_f6d839dc-2dd9-4a30-81ac-70857e342585); Time taken: 0.007 seconds
2024-04-23T20:49:28,081  INFO [main] lockmgr.DbTxnManager: Setting lock request transaction to txnid:5 for queryId=alex_20240423204928_f6d839dc-2dd9-4a30-81ac-70857e342585
2024-04-23T20:49:28,081  INFO [main] ql.Driver: Operation DROPTABLE obtained 0 locks
2024-04-23T20:49:28,081  INFO [main] ql.Driver: Executing command(queryId=alex_20240423204928_f6d839dc-2dd9-4a30-81ac-70857e342585): drop table if exists nonAcidOrcTbl2
2024-04-23T20:49:28,081  INFO [main] ql.Driver: Starting task [Stage-0:DDL] in serial mode
2024-04-23T20:49:28,081  INFO [main] HiveMetaStore.audit: ugi=alex	ip=unknown-ip-addr	cmd=get_table : tbl=hive.default.nonAcidOrcTbl2	
2024-04-23T20:49:28,085  INFO [main] metadata.Hive: Dumping metastore api call timing information for : execution phase
2024-04-23T20:49:28,085  INFO [main] metadata.Hive: Total time spent in each metastore function (ms): {isCompatibleWith_(Configuration)=0}
2024-04-23T20:49:28,085  INFO [main] ql.Driver: Completed executing command(queryId=alex_20240423204928_f6d839dc-2dd9-4a30-81ac-70857e342585); Time taken: 0.004 seconds
2024-04-23T20:49:28,085  INFO [main] lockmgr.DbTxnManager: Stopped heartbeat for query: alex_20240423204928_f6d839dc-2dd9-4a30-81ac-70857e342585
2024-04-23T20:49:28,090  INFO [main] txn.TxnHandler: Expected to move at least one record from txn_components to completed_txn_components when committing txn! txnid:5
2024-04-23T20:49:28,094  INFO [main] txn.TxnHandler: Removed transactions: ([5]) from MIN_HISTORY_LEVEL
2024-04-23T20:49:28,094  WARN [main] txn.CompactionTxnHandler: No compaction queue record found for Compaction type transaction commit. txnId:5
2024-04-23T20:49:28,095  INFO [main] ql.TxnCommandsBaseForTests: Running the query: drop table if exists nonAcidNonBucket
2024-04-23T20:49:28,095  INFO [main] ql.Driver: Compiling command(queryId=alex_20240423204928_b21c652c-7302-4862-9dc4-36ba98df0844): drop table if exists nonAcidNonBucket
2024-04-23T20:49:28,097  INFO [main] txn.TxnHandler: Added entries to MIN_HISTORY_LEVEL for current txns: ([6]) with min_open_txn: 1
2024-04-23T20:49:28,098  INFO [main] lockmgr.DbTxnManager: Opened txnid:6
2024-04-23T20:49:28,098  INFO [main] HiveMetaStore.audit: ugi=alex	ip=unknown-ip-addr	cmd=get_table : tbl=hive.default.nonAcidNonBucket	
2024-04-23T20:49:28,101  INFO [main] ql.Driver: Semantic Analysis Completed (retrial = false)
2024-04-23T20:49:28,101  INFO [main] ql.Driver: Created Hive schema: Schema(fieldSchemas:null, properties:null)
2024-04-23T20:49:28,102  INFO [main] metadata.Hive: Dumping metastore api call timing information for : compilation phase
2024-04-23T20:49:28,102  INFO [main] metadata.Hive: Total time spent in each metastore function (ms): {isCompatibleWith_(Configuration)=0, flushCache_()=0, openTxn_(String, TxnType)=2, commitTxn_(CommitTxnRequest)=10, getValidTxns_(long)=0}
2024-04-23T20:49:28,102  INFO [main] ql.Driver: Completed compiling command(queryId=alex_20240423204928_b21c652c-7302-4862-9dc4-36ba98df0844); Time taken: 0.007 seconds
2024-04-23T20:49:28,102  INFO [main] lockmgr.DbTxnManager: Setting lock request transaction to txnid:6 for queryId=alex_20240423204928_b21c652c-7302-4862-9dc4-36ba98df0844
2024-04-23T20:49:28,102  INFO [main] ql.Driver: Operation DROPTABLE obtained 0 locks
2024-04-23T20:49:28,102  INFO [main] ql.Driver: Executing command(queryId=alex_20240423204928_b21c652c-7302-4862-9dc4-36ba98df0844): drop table if exists nonAcidNonBucket
2024-04-23T20:49:28,103  INFO [main] ql.Driver: Starting task [Stage-0:DDL] in serial mode
2024-04-23T20:49:28,103  INFO [main] HiveMetaStore.audit: ugi=alex	ip=unknown-ip-addr	cmd=get_table : tbl=hive.default.nonAcidNonBucket	
2024-04-23T20:49:28,107  INFO [main] metadata.Hive: Dumping metastore api call timing information for : execution phase
2024-04-23T20:49:28,107  INFO [main] metadata.Hive: Total time spent in each metastore function (ms): {isCompatibleWith_(Configuration)=0}
2024-04-23T20:49:28,107  INFO [main] ql.Driver: Completed executing command(queryId=alex_20240423204928_b21c652c-7302-4862-9dc4-36ba98df0844); Time taken: 0.005 seconds
2024-04-23T20:49:28,107  INFO [main] lockmgr.DbTxnManager: Stopped heartbeat for query: alex_20240423204928_b21c652c-7302-4862-9dc4-36ba98df0844
2024-04-23T20:49:28,111  INFO [main] txn.TxnHandler: Expected to move at least one record from txn_components to completed_txn_components when committing txn! txnid:6
2024-04-23T20:49:28,116  INFO [main] txn.TxnHandler: Removed transactions: ([6]) from MIN_HISTORY_LEVEL
2024-04-23T20:49:28,116  WARN [main] txn.CompactionTxnHandler: No compaction queue record found for Compaction type transaction commit. txnId:6
2024-04-23T20:49:28,116  INFO [main] ql.TxnCommandsBaseForTests: Running the query: create table acidTbl(a int, b int) clustered by (a) into 2 buckets stored as orc TBLPROPERTIES ('transactional'='true')
2024-04-23T20:49:28,117  INFO [main] ql.Driver: Compiling command(queryId=alex_20240423204928_f30b9f0c-cb8a-4662-b1b2-321ba315d88e): create table acidTbl(a int, b int) clustered by (a) into 2 buckets stored as orc TBLPROPERTIES ('transactional'='true')
2024-04-23T20:49:28,119  INFO [main] txn.TxnHandler: Added entries to MIN_HISTORY_LEVEL for current txns: ([7]) with min_open_txn: 1
2024-04-23T20:49:28,119  INFO [main] lockmgr.DbTxnManager: Opened txnid:7
2024-04-23T20:49:28,120  INFO [main] parse.CalcitePlanner: Starting caching scope for: 
2024-04-23T20:49:28,120  INFO [main] parse.CalcitePlanner: Starting Semantic Analysis
2024-04-23T20:49:28,125  INFO [main] parse.CalcitePlanner: Creating table default.acidTbl position=13
2024-04-23T20:49:28,125  INFO [main] HiveMetaStore.audit: ugi=alex	ip=unknown-ip-addr	cmd=get_database: default	
2024-04-23T20:49:28,126  INFO [main] parse.CalcitePlanner: Ending caching scope for: 
2024-04-23T20:49:28,127  INFO [main] ql.Driver: Semantic Analysis Completed (retrial = false)
2024-04-23T20:49:28,127  INFO [main] ql.Driver: Created Hive schema: Schema(fieldSchemas:null, properties:null)
2024-04-23T20:49:28,127  INFO [main] metadata.Hive: Dumping metastore api call timing information for : compilation phase
2024-04-23T20:49:28,127  INFO [main] metadata.Hive: Total time spent in each metastore function (ms): {getDatabase_(String)=1, commitTxn_(CommitTxnRequest)=9, flushCache_()=0, getValidTxns_(long)=1, isCompatibleWith_(Configuration)=0, getValidWriteIds_(List, String)=5, openTxn_(String, TxnType)=2}
2024-04-23T20:49:28,127  INFO [main] ql.Driver: Completed compiling command(queryId=alex_20240423204928_f30b9f0c-cb8a-4662-b1b2-321ba315d88e); Time taken: 0.01 seconds
2024-04-23T20:49:28,128  INFO [main] lockmgr.DbTxnManager: Setting lock request transaction to txnid:7 for queryId=alex_20240423204928_f30b9f0c-cb8a-4662-b1b2-321ba315d88e
2024-04-23T20:49:28,128  INFO [main] lockmgr.DbLockManager: Requesting lock for queryId=alex_20240423204928_f30b9f0c-cb8a-4662-b1b2-321ba315d88e
2024-04-23T20:49:28,143  INFO [main] lockmgr.DbLockManager: Response to queryId=alex_20240423204928_f30b9f0c-cb8a-4662-b1b2-321ba315d88e LockResponse(lockid:1, state:ACQUIRED)
2024-04-23T20:49:28,143  INFO [main] ql.Driver: Operation CREATETABLE obtained 1 locks
2024-04-23T20:49:28,144  INFO [main] ql.Driver: Executing command(queryId=alex_20240423204928_f30b9f0c-cb8a-4662-b1b2-321ba315d88e): create table acidTbl(a int, b int) clustered by (a) into 2 buckets stored as orc TBLPROPERTIES ('transactional'='true')
2024-04-23T20:49:28,144  INFO [main] ql.Driver: Starting task [Stage-0:DDL] in serial mode
2024-04-23T20:49:28,145  INFO [main] HiveMetaStore.audit: ugi=alex	ip=unknown-ip-addr	cmd=create_table_req: Table(tableName:acidTbl, dbName:default, owner:alex, createTime:1713930568, lastAccessTime:0, retention:0, sd:StorageDescriptor(cols:[FieldSchema(name:a, type:int, comment:null), FieldSchema(name:b, type:int, comment:null)], location:null, inputFormat:org.apache.hadoop.hive.ql.io.orc.OrcInputFormat, outputFormat:org.apache.hadoop.hive.ql.io.orc.OrcOutputFormat, compressed:false, numBuckets:2, serdeInfo:SerDeInfo(name:null, serializationLib:org.apache.hadoop.hive.ql.io.orc.OrcSerde, parameters:{serialization.format=1}), bucketCols:[a], sortCols:[], parameters:{}, skewedInfo:SkewedInfo(skewedColNames:[], skewedColValues:[], skewedColValueLocationMaps:{}), storedAsSubDirectories:false), partitionKeys:[], parameters:{bucketing_version=2, rawDataSize=0, numFiles=0, totalSize=0, transactional=true, COLUMN_STATS_ACCURATE={"BASIC_STATS":"true","COLUMN_STATS":{"a":"true","b":"true"}}, numFilesErasureCoded=0, numRows=0}, viewOriginalText:null, viewExpandedText:null, tableType:MANAGED_TABLE, privileges:PrincipalPrivilegeSet(userPrivileges:{alex=[PrivilegeGrantInfo(privilege:INSERT, createTime:-1, grantor:alex, grantorType:USER, grantOption:true), PrivilegeGrantInfo(privilege:SELECT, createTime:-1, grantor:alex, grantorType:USER, grantOption:true), PrivilegeGrantInfo(privilege:UPDATE, createTime:-1, grantor:alex, grantorType:USER, grantOption:true), PrivilegeGrantInfo(privilege:DELETE, createTime:-1, grantor:alex, grantorType:USER, grantOption:true)]}, groupPrivileges:null, rolePrivileges:null), temporary:false, catName:hive, ownerType:USER, writeId:0)	
2024-04-23T20:49:28,151  INFO [main] utils.FileUtils: Creating directory if it doesn't exist: file:/home/alex/Repositories/hive/ql/target/tmp/org.apache.hadoop.hive.ql.TestTxnExIm-1713930480318/warehouse/acidtbl
2024-04-23T20:49:28,186  INFO [main] metadata.Hive: Dumping metastore api call timing information for : execution phase
2024-04-23T20:49:28,186  INFO [main] metadata.Hive: Total time spent in each metastore function (ms): {isCompatibleWith_(Configuration)=0, createTable_(Table)=41}
2024-04-23T20:49:28,186  INFO [main] ql.Driver: Completed executing command(queryId=alex_20240423204928_f30b9f0c-cb8a-4662-b1b2-321ba315d88e); Time taken: 0.043 seconds
2024-04-23T20:49:28,186  INFO [main] lockmgr.DbTxnManager: Stopped heartbeat for query: alex_20240423204928_f30b9f0c-cb8a-4662-b1b2-321ba315d88e
2024-04-23T20:49:28,190  INFO [main] txn.TxnHandler: Expected to move at least one record from txn_components to completed_txn_components when committing txn! txnid:7
2024-04-23T20:49:28,194  INFO [main] txn.TxnHandler: Removed transactions: ([7]) from MIN_HISTORY_LEVEL
2024-04-23T20:49:28,194  WARN [main] txn.CompactionTxnHandler: No compaction queue record found for Compaction type transaction commit. txnId:7
2024-04-23T20:49:28,195  INFO [main] ql.TxnCommandsBaseForTests: Running the query: create table acidTblPart(a int, b int) partitioned by (p string) clustered by (a) into 2 buckets stored as orc TBLPROPERTIES ('transactional'='true')
2024-04-23T20:49:28,195  INFO [main] ql.Driver: Compiling command(queryId=alex_20240423204928_345270e8-f649-4523-a0f3-6878d3fe2164): create table acidTblPart(a int, b int) partitioned by (p string) clustered by (a) into 2 buckets stored as orc TBLPROPERTIES ('transactional'='true')
2024-04-23T20:49:28,197  INFO [main] txn.TxnHandler: Added entries to MIN_HISTORY_LEVEL for current txns: ([8]) with min_open_txn: 1
2024-04-23T20:49:28,197  INFO [main] lockmgr.DbTxnManager: Opened txnid:8
2024-04-23T20:49:28,198  INFO [main] parse.CalcitePlanner: Starting caching scope for: 
2024-04-23T20:49:28,198  INFO [main] parse.CalcitePlanner: Starting Semantic Analysis
2024-04-23T20:49:28,200  INFO [main] parse.CalcitePlanner: Creating table default.acidTblPart position=13
2024-04-23T20:49:28,200  INFO [main] HiveMetaStore.audit: ugi=alex	ip=unknown-ip-addr	cmd=get_database: default	
2024-04-23T20:49:28,202  INFO [main] parse.CalcitePlanner: Ending caching scope for: 
2024-04-23T20:49:28,202  INFO [main] ql.Driver: Semantic Analysis Completed (retrial = false)
2024-04-23T20:49:28,202  INFO [main] ql.Driver: Created Hive schema: Schema(fieldSchemas:null, properties:null)
2024-04-23T20:49:28,202  INFO [main] metadata.Hive: Dumping metastore api call timing information for : compilation phase
2024-04-23T20:49:28,202  INFO [main] metadata.Hive: Total time spent in each metastore function (ms): {getValidWriteIds_(List, String)=2, getDatabase_(String)=2, isCompatibleWith_(Configuration)=1, flushCache_()=1, getValidTxns_(long)=0, openTxn_(String, TxnType)=1, commitTxn_(CommitTxnRequest)=8}
2024-04-23T20:49:28,202  INFO [main] ql.Driver: Completed compiling command(queryId=alex_20240423204928_345270e8-f649-4523-a0f3-6878d3fe2164); Time taken: 0.007 seconds
2024-04-23T20:49:28,203  INFO [main] lockmgr.DbTxnManager: Setting lock request transaction to txnid:8 for queryId=alex_20240423204928_345270e8-f649-4523-a0f3-6878d3fe2164
2024-04-23T20:49:28,203  INFO [main] lockmgr.DbLockManager: Requesting lock for queryId=alex_20240423204928_345270e8-f649-4523-a0f3-6878d3fe2164
2024-04-23T20:49:28,216  INFO [main] lockmgr.DbLockManager: Response to queryId=alex_20240423204928_345270e8-f649-4523-a0f3-6878d3fe2164 LockResponse(lockid:2, state:ACQUIRED)
2024-04-23T20:49:28,216  INFO [main] ql.Driver: Operation CREATETABLE obtained 1 locks
2024-04-23T20:49:28,217  INFO [main] ql.Driver: Executing command(queryId=alex_20240423204928_345270e8-f649-4523-a0f3-6878d3fe2164): create table acidTblPart(a int, b int) partitioned by (p string) clustered by (a) into 2 buckets stored as orc TBLPROPERTIES ('transactional'='true')
2024-04-23T20:49:28,217  INFO [main] ql.Driver: Starting task [Stage-0:DDL] in serial mode
2024-04-23T20:49:28,218  INFO [main] HiveMetaStore.audit: ugi=alex	ip=unknown-ip-addr	cmd=create_table_req: Table(tableName:acidTblPart, dbName:default, owner:alex, createTime:1713930568, lastAccessTime:0, retention:0, sd:StorageDescriptor(cols:[FieldSchema(name:a, type:int, comment:null), FieldSchema(name:b, type:int, comment:null)], location:null, inputFormat:org.apache.hadoop.hive.ql.io.orc.OrcInputFormat, outputFormat:org.apache.hadoop.hive.ql.io.orc.OrcOutputFormat, compressed:false, numBuckets:2, serdeInfo:SerDeInfo(name:null, serializationLib:org.apache.hadoop.hive.ql.io.orc.OrcSerde, parameters:{serialization.format=1}), bucketCols:[a], sortCols:[], parameters:{}, skewedInfo:SkewedInfo(skewedColNames:[], skewedColValues:[], skewedColValueLocationMaps:{}), storedAsSubDirectories:false), partitionKeys:[FieldSchema(name:p, type:string, comment:null)], parameters:{bucketing_version=2, transactional=true}, viewOriginalText:null, viewExpandedText:null, tableType:MANAGED_TABLE, privileges:PrincipalPrivilegeSet(userPrivileges:{alex=[PrivilegeGrantInfo(privilege:INSERT, createTime:-1, grantor:alex, grantorType:USER, grantOption:true), PrivilegeGrantInfo(privilege:SELECT, createTime:-1, grantor:alex, grantorType:USER, grantOption:true), PrivilegeGrantInfo(privilege:UPDATE, createTime:-1, grantor:alex, grantorType:USER, grantOption:true), PrivilegeGrantInfo(privilege:DELETE, createTime:-1, grantor:alex, grantorType:USER, grantOption:true)]}, groupPrivileges:null, rolePrivileges:null), temporary:false, catName:hive, ownerType:USER, writeId:0)	
2024-04-23T20:49:28,224  INFO [main] utils.FileUtils: Creating directory if it doesn't exist: file:/home/alex/Repositories/hive/ql/target/tmp/org.apache.hadoop.hive.ql.TestTxnExIm-1713930480318/warehouse/acidtblpart
2024-04-23T20:49:28,240  INFO [main] metadata.Hive: Dumping metastore api call timing information for : execution phase
2024-04-23T20:49:28,240  INFO [main] metadata.Hive: Total time spent in each metastore function (ms): {isCompatibleWith_(Configuration)=0, createTable_(Table)=23}
2024-04-23T20:49:28,241  INFO [main] ql.Driver: Completed executing command(queryId=alex_20240423204928_345270e8-f649-4523-a0f3-6878d3fe2164); Time taken: 0.023 seconds
2024-04-23T20:49:28,241  INFO [main] lockmgr.DbTxnManager: Stopped heartbeat for query: alex_20240423204928_345270e8-f649-4523-a0f3-6878d3fe2164
2024-04-23T20:49:28,244  INFO [main] txn.TxnHandler: Expected to move at least one record from txn_components to completed_txn_components when committing txn! txnid:8
2024-04-23T20:49:28,250  INFO [main] txn.TxnHandler: Removed transactions: ([8]) from MIN_HISTORY_LEVEL
2024-04-23T20:49:28,250  WARN [main] txn.CompactionTxnHandler: No compaction queue record found for Compaction type transaction commit. txnId:8
2024-04-23T20:49:28,250  INFO [main] ql.TxnCommandsBaseForTests: Running the query: create table nonAcidOrcTbl(a int, b int) clustered by (a) into 2 buckets stored as orc TBLPROPERTIES ('transactional'='false')
2024-04-23T20:49:28,251  INFO [main] ql.Driver: Compiling command(queryId=alex_20240423204928_c107ba4f-cdc7-4db5-94bb-7df7c26a6eb4): create table nonAcidOrcTbl(a int, b int) clustered by (a) into 2 buckets stored as orc TBLPROPERTIES ('transactional'='false')
2024-04-23T20:49:28,253  INFO [main] txn.TxnHandler: Added entries to MIN_HISTORY_LEVEL for current txns: ([9]) with min_open_txn: 1
2024-04-23T20:49:28,253  INFO [main] lockmgr.DbTxnManager: Opened txnid:9
2024-04-23T20:49:28,254  INFO [main] parse.CalcitePlanner: Starting caching scope for: 
2024-04-23T20:49:28,254  INFO [main] parse.CalcitePlanner: Starting Semantic Analysis
2024-04-23T20:49:28,257  INFO [main] parse.CalcitePlanner: Creating table default.nonAcidOrcTbl position=13
2024-04-23T20:49:28,257  INFO [main] HiveMetaStore.audit: ugi=alex	ip=unknown-ip-addr	cmd=get_database: default	
2024-04-23T20:49:28,259  INFO [main] parse.CalcitePlanner: Ending caching scope for: 
2024-04-23T20:49:28,259  INFO [main] ql.Driver: Semantic Analysis Completed (retrial = false)
2024-04-23T20:49:28,259  INFO [main] ql.Driver: Created Hive schema: Schema(fieldSchemas:null, properties:null)
2024-04-23T20:49:28,259  INFO [main] metadata.Hive: Dumping metastore api call timing information for : compilation phase
2024-04-23T20:49:28,259  INFO [main] metadata.Hive: Total time spent in each metastore function (ms): {commitTxn_(CommitTxnRequest)=9, getDatabase_(String)=2, getValidTxns_(long)=0, openTxn_(String, TxnType)=2, getValidWriteIds_(List, String)=3, flushCache_()=0, isCompatibleWith_(Configuration)=0}
2024-04-23T20:49:28,259  INFO [main] ql.Driver: Completed compiling command(queryId=alex_20240423204928_c107ba4f-cdc7-4db5-94bb-7df7c26a6eb4); Time taken: 0.008 seconds
2024-04-23T20:49:28,259  INFO [main] lockmgr.DbTxnManager: Setting lock request transaction to txnid:9 for queryId=alex_20240423204928_c107ba4f-cdc7-4db5-94bb-7df7c26a6eb4
2024-04-23T20:49:28,259  INFO [main] lockmgr.DbLockManager: Requesting lock for queryId=alex_20240423204928_c107ba4f-cdc7-4db5-94bb-7df7c26a6eb4
2024-04-23T20:49:28,273  INFO [main] lockmgr.DbLockManager: Response to queryId=alex_20240423204928_c107ba4f-cdc7-4db5-94bb-7df7c26a6eb4 LockResponse(lockid:3, state:ACQUIRED)
2024-04-23T20:49:28,273  INFO [main] ql.Driver: Operation CREATETABLE obtained 1 locks
2024-04-23T20:49:28,273  INFO [main] ql.Driver: Executing command(queryId=alex_20240423204928_c107ba4f-cdc7-4db5-94bb-7df7c26a6eb4): create table nonAcidOrcTbl(a int, b int) clustered by (a) into 2 buckets stored as orc TBLPROPERTIES ('transactional'='false')
2024-04-23T20:49:28,273  INFO [main] ql.Driver: Starting task [Stage-0:DDL] in serial mode
2024-04-23T20:49:28,274  INFO [main] HiveMetaStore.audit: ugi=alex	ip=unknown-ip-addr	cmd=create_table_req: Table(tableName:nonAcidOrcTbl, dbName:default, owner:alex, createTime:1713930568, lastAccessTime:0, retention:0, sd:StorageDescriptor(cols:[FieldSchema(name:a, type:int, comment:null), FieldSchema(name:b, type:int, comment:null)], location:null, inputFormat:org.apache.hadoop.hive.ql.io.orc.OrcInputFormat, outputFormat:org.apache.hadoop.hive.ql.io.orc.OrcOutputFormat, compressed:false, numBuckets:2, serdeInfo:SerDeInfo(name:null, serializationLib:org.apache.hadoop.hive.ql.io.orc.OrcSerde, parameters:{serialization.format=1}), bucketCols:[a], sortCols:[], parameters:{}, skewedInfo:SkewedInfo(skewedColNames:[], skewedColValues:[], skewedColValueLocationMaps:{}), storedAsSubDirectories:false), partitionKeys:[], parameters:{totalSize=0, transactional=false, numFiles=0, numRows=0, bucketing_version=2, numFilesErasureCoded=0, rawDataSize=0, COLUMN_STATS_ACCURATE={"BASIC_STATS":"true","COLUMN_STATS":{"a":"true","b":"true"}}}, viewOriginalText:null, viewExpandedText:null, tableType:MANAGED_TABLE, privileges:PrincipalPrivilegeSet(userPrivileges:{alex=[PrivilegeGrantInfo(privilege:INSERT, createTime:-1, grantor:alex, grantorType:USER, grantOption:true), PrivilegeGrantInfo(privilege:SELECT, createTime:-1, grantor:alex, grantorType:USER, grantOption:true), PrivilegeGrantInfo(privilege:UPDATE, createTime:-1, grantor:alex, grantorType:USER, grantOption:true), PrivilegeGrantInfo(privilege:DELETE, createTime:-1, grantor:alex, grantorType:USER, grantOption:true)]}, groupPrivileges:null, rolePrivileges:null), temporary:false, catName:hive, ownerType:USER)	
2024-04-23T20:49:28,280  INFO [main] utils.FileUtils: Creating directory if it doesn't exist: file:/home/alex/Repositories/hive/ql/target/tmp/org.apache.hadoop.hive.ql.TestTxnExIm-1713930480318/warehouse/nonacidorctbl
2024-04-23T20:49:28,294  INFO [main] metadata.Hive: Dumping metastore api call timing information for : execution phase
2024-04-23T20:49:28,295  INFO [main] metadata.Hive: Total time spent in each metastore function (ms): {isCompatibleWith_(Configuration)=0, createTable_(Table)=20}
2024-04-23T20:49:28,295  INFO [main] ql.Driver: Completed executing command(queryId=alex_20240423204928_c107ba4f-cdc7-4db5-94bb-7df7c26a6eb4); Time taken: 0.021 seconds
2024-04-23T20:49:28,295  INFO [main] lockmgr.DbTxnManager: Stopped heartbeat for query: alex_20240423204928_c107ba4f-cdc7-4db5-94bb-7df7c26a6eb4
2024-04-23T20:49:28,298  INFO [main] txn.TxnHandler: Expected to move at least one record from txn_components to completed_txn_components when committing txn! txnid:9
2024-04-23T20:49:28,303  INFO [main] txn.TxnHandler: Removed transactions: ([9]) from MIN_HISTORY_LEVEL
2024-04-23T20:49:28,303  WARN [main] txn.CompactionTxnHandler: No compaction queue record found for Compaction type transaction commit. txnId:9
2024-04-23T20:49:28,304  INFO [main] ql.TxnCommandsBaseForTests: Running the query: create table nonAcidOrcTbl2(a int, b int) clustered by (a) into 2 buckets stored as orc TBLPROPERTIES ('transactional'='false')
2024-04-23T20:49:28,304  INFO [main] ql.Driver: Compiling command(queryId=alex_20240423204928_6a409c3b-59ee-4ef0-8b1e-e53e5320b453): create table nonAcidOrcTbl2(a int, b int) clustered by (a) into 2 buckets stored as orc TBLPROPERTIES ('transactional'='false')
2024-04-23T20:49:28,306  INFO [main] txn.TxnHandler: Added entries to MIN_HISTORY_LEVEL for current txns: ([10]) with min_open_txn: 1
2024-04-23T20:49:28,306  INFO [main] lockmgr.DbTxnManager: Opened txnid:10
2024-04-23T20:49:28,307  INFO [main] parse.CalcitePlanner: Starting caching scope for: 
2024-04-23T20:49:28,307  INFO [main] parse.CalcitePlanner: Starting Semantic Analysis
2024-04-23T20:49:28,309  INFO [main] parse.CalcitePlanner: Creating table default.nonAcidOrcTbl2 position=13
2024-04-23T20:49:28,310  INFO [main] HiveMetaStore.audit: ugi=alex	ip=unknown-ip-addr	cmd=get_database: default	
2024-04-23T20:49:28,311  INFO [main] parse.CalcitePlanner: Ending caching scope for: 
2024-04-23T20:49:28,311  INFO [main] ql.Driver: Semantic Analysis Completed (retrial = false)
2024-04-23T20:49:28,311  INFO [main] ql.Driver: Created Hive schema: Schema(fieldSchemas:null, properties:null)
2024-04-23T20:49:28,311  INFO [main] metadata.Hive: Dumping metastore api call timing information for : compilation phase
2024-04-23T20:49:28,311  INFO [main] metadata.Hive: Total time spent in each metastore function (ms): {getDatabase_(String)=2, getValidWriteIds_(List, String)=2, commitTxn_(CommitTxnRequest)=8, flushCache_()=0, openTxn_(String, TxnType)=2, isCompatibleWith_(Configuration)=0, getValidTxns_(long)=0}
2024-04-23T20:49:28,312  INFO [main] ql.Driver: Completed compiling command(queryId=alex_20240423204928_6a409c3b-59ee-4ef0-8b1e-e53e5320b453); Time taken: 0.007 seconds
2024-04-23T20:49:28,312  INFO [main] lockmgr.DbTxnManager: Setting lock request transaction to txnid:10 for queryId=alex_20240423204928_6a409c3b-59ee-4ef0-8b1e-e53e5320b453
2024-04-23T20:49:28,312  INFO [main] lockmgr.DbLockManager: Requesting lock for queryId=alex_20240423204928_6a409c3b-59ee-4ef0-8b1e-e53e5320b453
2024-04-23T20:49:28,326  INFO [main] lockmgr.DbLockManager: Response to queryId=alex_20240423204928_6a409c3b-59ee-4ef0-8b1e-e53e5320b453 LockResponse(lockid:4, state:ACQUIRED)
2024-04-23T20:49:28,326  INFO [main] ql.Driver: Operation CREATETABLE obtained 1 locks
2024-04-23T20:49:28,326  INFO [main] ql.Driver: Executing command(queryId=alex_20240423204928_6a409c3b-59ee-4ef0-8b1e-e53e5320b453): create table nonAcidOrcTbl2(a int, b int) clustered by (a) into 2 buckets stored as orc TBLPROPERTIES ('transactional'='false')
2024-04-23T20:49:28,326  INFO [main] ql.Driver: Starting task [Stage-0:DDL] in serial mode
2024-04-23T20:49:28,327  INFO [main] HiveMetaStore.audit: ugi=alex	ip=unknown-ip-addr	cmd=create_table_req: Table(tableName:nonAcidOrcTbl2, dbName:default, owner:alex, createTime:1713930568, lastAccessTime:0, retention:0, sd:StorageDescriptor(cols:[FieldSchema(name:a, type:int, comment:null), FieldSchema(name:b, type:int, comment:null)], location:null, inputFormat:org.apache.hadoop.hive.ql.io.orc.OrcInputFormat, outputFormat:org.apache.hadoop.hive.ql.io.orc.OrcOutputFormat, compressed:false, numBuckets:2, serdeInfo:SerDeInfo(name:null, serializationLib:org.apache.hadoop.hive.ql.io.orc.OrcSerde, parameters:{serialization.format=1}), bucketCols:[a], sortCols:[], parameters:{}, skewedInfo:SkewedInfo(skewedColNames:[], skewedColValues:[], skewedColValueLocationMaps:{}), storedAsSubDirectories:false), partitionKeys:[], parameters:{totalSize=0, numFilesErasureCoded=0, transactional=false, numFiles=0, COLUMN_STATS_ACCURATE={"BASIC_STATS":"true","COLUMN_STATS":{"a":"true","b":"true"}}, numRows=0, rawDataSize=0, bucketing_version=2}, viewOriginalText:null, viewExpandedText:null, tableType:MANAGED_TABLE, privileges:PrincipalPrivilegeSet(userPrivileges:{alex=[PrivilegeGrantInfo(privilege:INSERT, createTime:-1, grantor:alex, grantorType:USER, grantOption:true), PrivilegeGrantInfo(privilege:SELECT, createTime:-1, grantor:alex, grantorType:USER, grantOption:true), PrivilegeGrantInfo(privilege:UPDATE, createTime:-1, grantor:alex, grantorType:USER, grantOption:true), PrivilegeGrantInfo(privilege:DELETE, createTime:-1, grantor:alex, grantorType:USER, grantOption:true)]}, groupPrivileges:null, rolePrivileges:null), temporary:false, catName:hive, ownerType:USER)	
2024-04-23T20:49:28,333  INFO [main] utils.FileUtils: Creating directory if it doesn't exist: file:/home/alex/Repositories/hive/ql/target/tmp/org.apache.hadoop.hive.ql.TestTxnExIm-1713930480318/warehouse/nonacidorctbl2
2024-04-23T20:49:28,346  INFO [main] metadata.Hive: Dumping metastore api call timing information for : execution phase
2024-04-23T20:49:28,346  INFO [main] metadata.Hive: Total time spent in each metastore function (ms): {isCompatibleWith_(Configuration)=0, createTable_(Table)=19}
2024-04-23T20:49:28,346  INFO [main] ql.Driver: Completed executing command(queryId=alex_20240423204928_6a409c3b-59ee-4ef0-8b1e-e53e5320b453); Time taken: 0.02 seconds
2024-04-23T20:49:28,346  INFO [main] lockmgr.DbTxnManager: Stopped heartbeat for query: alex_20240423204928_6a409c3b-59ee-4ef0-8b1e-e53e5320b453
2024-04-23T20:49:28,350  INFO [main] txn.TxnHandler: Expected to move at least one record from txn_components to completed_txn_components when committing txn! txnid:10
2024-04-23T20:49:28,354  INFO [main] txn.TxnHandler: Removed transactions: ([10]) from MIN_HISTORY_LEVEL
2024-04-23T20:49:28,354  WARN [main] txn.CompactionTxnHandler: No compaction queue record found for Compaction type transaction commit. txnId:10
2024-04-23T20:49:28,355  INFO [main] ql.TxnCommandsBaseForTests: Running the query: create temporary  table acidTbl2(a int, b int, c int) clustered by (c) into 2 buckets stored as orc TBLPROPERTIES ('transactional'='true')
2024-04-23T20:49:28,355  INFO [main] ql.Driver: Compiling command(queryId=alex_20240423204928_f2ae9f34-1112-400c-8534-2566e9bd51ee): create temporary  table acidTbl2(a int, b int, c int) clustered by (c) into 2 buckets stored as orc TBLPROPERTIES ('transactional'='true')
2024-04-23T20:49:28,358  INFO [main] txn.TxnHandler: Added entries to MIN_HISTORY_LEVEL for current txns: ([11]) with min_open_txn: 1
2024-04-23T20:49:28,358  INFO [main] lockmgr.DbTxnManager: Opened txnid:11
2024-04-23T20:49:28,359  INFO [main] parse.CalcitePlanner: Starting caching scope for: 
2024-04-23T20:49:28,359  INFO [main] parse.CalcitePlanner: Starting Semantic Analysis
2024-04-23T20:49:28,361  INFO [main] parse.CalcitePlanner: Creating table default.acidTbl2 position=24
2024-04-23T20:49:28,361  INFO [main] HiveMetaStore.audit: ugi=alex	ip=unknown-ip-addr	cmd=get_database: default	
2024-04-23T20:49:28,363  INFO [main] parse.CalcitePlanner: Ending caching scope for: 
2024-04-23T20:49:28,363  INFO [main] ql.Driver: Semantic Analysis Completed (retrial = false)
2024-04-23T20:49:28,363  INFO [main] ql.Driver: Created Hive schema: Schema(fieldSchemas:null, properties:null)
2024-04-23T20:49:28,363  INFO [main] metadata.Hive: Dumping metastore api call timing information for : compilation phase
2024-04-23T20:49:28,363  INFO [main] metadata.Hive: Total time spent in each metastore function (ms): {getDatabase_(String)=2, openTxn_(String, TxnType)=2, getValidTxns_(long)=1, getValidWriteIds_(List, String)=2, commitTxn_(CommitTxnRequest)=8, flushCache_()=0, isCompatibleWith_(Configuration)=0}
2024-04-23T20:49:28,363  INFO [main] ql.Driver: Completed compiling command(queryId=alex_20240423204928_f2ae9f34-1112-400c-8534-2566e9bd51ee); Time taken: 0.008 seconds
2024-04-23T20:49:28,363  INFO [main] lockmgr.DbTxnManager: Setting lock request transaction to txnid:11 for queryId=alex_20240423204928_f2ae9f34-1112-400c-8534-2566e9bd51ee
2024-04-23T20:49:28,364  INFO [main] lockmgr.DbLockManager: Requesting lock for queryId=alex_20240423204928_f2ae9f34-1112-400c-8534-2566e9bd51ee
2024-04-23T20:49:28,376  INFO [main] lockmgr.DbLockManager: Response to queryId=alex_20240423204928_f2ae9f34-1112-400c-8534-2566e9bd51ee LockResponse(lockid:5, state:ACQUIRED)
2024-04-23T20:49:28,376  INFO [main] ql.Driver: Operation CREATETABLE obtained 1 locks
2024-04-23T20:49:28,377  INFO [main] ql.Driver: Executing command(queryId=alex_20240423204928_f2ae9f34-1112-400c-8534-2566e9bd51ee): create temporary  table acidTbl2(a int, b int, c int) clustered by (c) into 2 buckets stored as orc TBLPROPERTIES ('transactional'='true')
2024-04-23T20:49:28,377  INFO [main] ql.Driver: Starting task [Stage-0:DDL] in serial mode
2024-04-23T20:49:28,378  INFO [main] utils.FileUtils: Creating directory if it doesn't exist: file:/home/alex/Repositories/hive/ql/target/tmp/scratchdir/alex/17cd0e0b-b569-4f68-a2a8-f80c61b0fc5b/_tmp_space.db/46c9842d-b94e-4130-8dba-773f57f73300
2024-04-23T20:49:28,381  INFO [main] metadata.Hive: Dumping metastore api call timing information for : execution phase
2024-04-23T20:49:28,381  INFO [main] metadata.Hive: Total time spent in each metastore function (ms): {createTable_(Table)=3, isCompatibleWith_(Configuration)=0}
2024-04-23T20:49:28,382  INFO [main] ql.Driver: Completed executing command(queryId=alex_20240423204928_f2ae9f34-1112-400c-8534-2566e9bd51ee); Time taken: 0.004 seconds
2024-04-23T20:49:28,382  INFO [main] lockmgr.DbTxnManager: Stopped heartbeat for query: alex_20240423204928_f2ae9f34-1112-400c-8534-2566e9bd51ee
2024-04-23T20:49:28,385  INFO [main] txn.TxnHandler: Expected to move at least one record from txn_components to completed_txn_components when committing txn! txnid:11
2024-04-23T20:49:28,390  INFO [main] txn.TxnHandler: Removed transactions: ([11]) from MIN_HISTORY_LEVEL
2024-04-23T20:49:28,390  WARN [main] txn.CompactionTxnHandler: No compaction queue record found for Compaction type transaction commit. txnId:11
2024-04-23T20:49:28,391  INFO [main] ql.TxnCommandsBaseForTests: Running the query: create table nonAcidNonBucket(a int, b int) stored as orc TBLPROPERTIES ('transactional'='false')
2024-04-23T20:49:28,391  INFO [main] ql.Driver: Compiling command(queryId=alex_20240423204928_290bfd20-fe6e-4971-b31b-c7a9223efb01): create table nonAcidNonBucket(a int, b int) stored as orc TBLPROPERTIES ('transactional'='false')
2024-04-23T20:49:28,395  INFO [main] txn.TxnHandler: Added entries to MIN_HISTORY_LEVEL for current txns: ([12]) with min_open_txn: 1
2024-04-23T20:49:28,395  INFO [main] lockmgr.DbTxnManager: Opened txnid:12
2024-04-23T20:49:28,396  INFO [main] parse.CalcitePlanner: Starting caching scope for: 
2024-04-23T20:49:28,396  INFO [main] parse.CalcitePlanner: Starting Semantic Analysis
2024-04-23T20:49:28,399  INFO [main] parse.CalcitePlanner: Creating table default.nonAcidNonBucket position=13
2024-04-23T20:49:28,399  INFO [main] HiveMetaStore.audit: ugi=alex	ip=unknown-ip-addr	cmd=get_database: default	
2024-04-23T20:49:28,402  INFO [main] parse.CalcitePlanner: Ending caching scope for: 
2024-04-23T20:49:28,402  INFO [main] ql.Driver: Semantic Analysis Completed (retrial = false)
2024-04-23T20:49:28,402  INFO [main] ql.Driver: Created Hive schema: Schema(fieldSchemas:null, properties:null)
2024-04-23T20:49:28,402  INFO [main] metadata.Hive: Dumping metastore api call timing information for : compilation phase
2024-04-23T20:49:28,402  INFO [main] metadata.Hive: Total time spent in each metastore function (ms): {isCompatibleWith_(Configuration)=2, flushCache_()=0, getValidWriteIds_(List, String)=3, getDatabase_(String)=3, getValidTxns_(long)=0, openTxn_(String, TxnType)=2, commitTxn_(CommitTxnRequest)=8}
2024-04-23T20:49:28,402  INFO [main] ql.Driver: Completed compiling command(queryId=alex_20240423204928_290bfd20-fe6e-4971-b31b-c7a9223efb01); Time taken: 0.011 seconds
2024-04-23T20:49:28,403  INFO [main] lockmgr.DbTxnManager: Setting lock request transaction to txnid:12 for queryId=alex_20240423204928_290bfd20-fe6e-4971-b31b-c7a9223efb01
2024-04-23T20:49:28,403  INFO [main] lockmgr.DbLockManager: Requesting lock for queryId=alex_20240423204928_290bfd20-fe6e-4971-b31b-c7a9223efb01
2024-04-23T20:49:28,422  INFO [main] lockmgr.DbLockManager: Response to queryId=alex_20240423204928_290bfd20-fe6e-4971-b31b-c7a9223efb01 LockResponse(lockid:6, state:ACQUIRED)
2024-04-23T20:49:28,422  INFO [main] ql.Driver: Operation CREATETABLE obtained 1 locks
2024-04-23T20:49:28,422  INFO [main] ql.Driver: Executing command(queryId=alex_20240423204928_290bfd20-fe6e-4971-b31b-c7a9223efb01): create table nonAcidNonBucket(a int, b int) stored as orc TBLPROPERTIES ('transactional'='false')
2024-04-23T20:49:28,422  INFO [main] ql.Driver: Starting task [Stage-0:DDL] in serial mode
2024-04-23T20:49:28,424  INFO [main] HiveMetaStore.audit: ugi=alex	ip=unknown-ip-addr	cmd=create_table_req: Table(tableName:nonAcidNonBucket, dbName:default, owner:alex, createTime:1713930568, lastAccessTime:0, retention:0, sd:StorageDescriptor(cols:[FieldSchema(name:a, type:int, comment:null), FieldSchema(name:b, type:int, comment:null)], location:null, inputFormat:org.apache.hadoop.hive.ql.io.orc.OrcInputFormat, outputFormat:org.apache.hadoop.hive.ql.io.orc.OrcOutputFormat, compressed:false, numBuckets:-1, serdeInfo:SerDeInfo(name:null, serializationLib:org.apache.hadoop.hive.ql.io.orc.OrcSerde, parameters:{serialization.format=1}), bucketCols:[], sortCols:[], parameters:{}, skewedInfo:SkewedInfo(skewedColNames:[], skewedColValues:[], skewedColValueLocationMaps:{}), storedAsSubDirectories:false), partitionKeys:[], parameters:{transactional=false, numFiles=0, numFilesErasureCoded=0, COLUMN_STATS_ACCURATE={"BASIC_STATS":"true","COLUMN_STATS":{"a":"true","b":"true"}}, numRows=0, totalSize=0, rawDataSize=0, bucketing_version=2}, viewOriginalText:null, viewExpandedText:null, tableType:MANAGED_TABLE, privileges:PrincipalPrivilegeSet(userPrivileges:{alex=[PrivilegeGrantInfo(privilege:INSERT, createTime:-1, grantor:alex, grantorType:USER, grantOption:true), PrivilegeGrantInfo(privilege:SELECT, createTime:-1, grantor:alex, grantorType:USER, grantOption:true), PrivilegeGrantInfo(privilege:UPDATE, createTime:-1, grantor:alex, grantorType:USER, grantOption:true), PrivilegeGrantInfo(privilege:DELETE, createTime:-1, grantor:alex, grantorType:USER, grantOption:true)]}, groupPrivileges:null, rolePrivileges:null), temporary:false, catName:hive, ownerType:USER)	
2024-04-23T20:49:28,432  INFO [main] utils.FileUtils: Creating directory if it doesn't exist: file:/home/alex/Repositories/hive/ql/target/tmp/org.apache.hadoop.hive.ql.TestTxnExIm-1713930480318/warehouse/nonacidnonbucket
2024-04-23T20:49:28,445  INFO [main] metadata.Hive: Dumping metastore api call timing information for : execution phase
2024-04-23T20:49:28,446  INFO [main] metadata.Hive: Total time spent in each metastore function (ms): {isCompatibleWith_(Configuration)=0, createTable_(Table)=22}
2024-04-23T20:49:28,446  INFO [main] ql.Driver: Completed executing command(queryId=alex_20240423204928_290bfd20-fe6e-4971-b31b-c7a9223efb01); Time taken: 0.023 seconds
2024-04-23T20:49:28,446  INFO [main] lockmgr.DbTxnManager: Stopped heartbeat for query: alex_20240423204928_290bfd20-fe6e-4971-b31b-c7a9223efb01
2024-04-23T20:49:28,449  INFO [main] txn.TxnHandler: Expected to move at least one record from txn_components to completed_txn_components when committing txn! txnid:12
2024-04-23T20:49:28,454  INFO [main] txn.TxnHandler: Removed transactions: ([12]) from MIN_HISTORY_LEVEL
2024-04-23T20:49:28,454  WARN [main] txn.CompactionTxnHandler: No compaction queue record found for Compaction type transaction commit. txnId:12
2024-04-23T20:49:28,454  INFO [main] ql.TxnCommandsBaseForTests: Running the query: drop table if exists T
2024-04-23T20:49:28,455  INFO [main] ql.Driver: Compiling command(queryId=alex_20240423204928_f3401a25-e4dc-4633-b181-db4c9f4ad916): drop table if exists T
2024-04-23T20:49:28,456  INFO [main] txn.TxnHandler: Added entries to MIN_HISTORY_LEVEL for current txns: ([13]) with min_open_txn: 1
2024-04-23T20:49:28,457  INFO [main] lockmgr.DbTxnManager: Opened txnid:13
2024-04-23T20:49:28,457  INFO [main] HiveMetaStore.audit: ugi=alex	ip=unknown-ip-addr	cmd=get_table : tbl=hive.default.T	
2024-04-23T20:49:28,474  INFO [main] metastore.HMSHandler: Skipping translation for processor with null
2024-04-23T20:49:28,474  INFO [main] ql.Driver: Semantic Analysis Completed (retrial = false)
2024-04-23T20:49:28,474  INFO [main] ql.Driver: Created Hive schema: Schema(fieldSchemas:null, properties:null)
2024-04-23T20:49:28,474  INFO [main] metadata.Hive: Dumping metastore api call timing information for : compilation phase
2024-04-23T20:49:28,474  INFO [main] metadata.Hive: Total time spent in each metastore function (ms): {flushCache_()=0, getValidTxns_(long)=0, openTxn_(String, TxnType)=2, isCompatibleWith_(Configuration)=0, commitTxn_(CommitTxnRequest)=8, getTable_(GetTableRequest)=17}
2024-04-23T20:49:28,474  INFO [main] ql.Driver: Completed compiling command(queryId=alex_20240423204928_f3401a25-e4dc-4633-b181-db4c9f4ad916); Time taken: 0.019 seconds
2024-04-23T20:49:28,475  INFO [main] lockmgr.DbTxnManager: Setting lock request transaction to txnid:13 for queryId=alex_20240423204928_f3401a25-e4dc-4633-b181-db4c9f4ad916
2024-04-23T20:49:28,475  INFO [main] lockmgr.DbLockManager: Requesting lock for queryId=alex_20240423204928_f3401a25-e4dc-4633-b181-db4c9f4ad916
2024-04-23T20:49:28,490  INFO [main] lockmgr.DbLockManager: Response to queryId=alex_20240423204928_f3401a25-e4dc-4633-b181-db4c9f4ad916 LockResponse(lockid:7, state:ACQUIRED)
2024-04-23T20:49:28,490  INFO [main] ql.Driver: Operation DROPTABLE obtained 1 locks
2024-04-23T20:49:28,490  INFO [main] ql.Driver: Executing command(queryId=alex_20240423204928_f3401a25-e4dc-4633-b181-db4c9f4ad916): drop table if exists T
2024-04-23T20:49:28,490  INFO [main] ql.Driver: Starting task [Stage-0:DDL] in serial mode
2024-04-23T20:49:28,491  INFO [main] HiveMetaStore.audit: ugi=alex	ip=unknown-ip-addr	cmd=get_table : tbl=hive.default.T	
2024-04-23T20:49:28,497  INFO [main] metastore.HMSHandler: Skipping translation for processor with null
2024-04-23T20:49:28,497  INFO [main] HiveMetaStore.audit: ugi=alex	ip=unknown-ip-addr	cmd=get_table : tbl=hive.default.T	
2024-04-23T20:49:28,504  INFO [main] metastore.HMSHandler: Skipping translation for processor with null
2024-04-23T20:49:28,504  INFO [main] HiveMetaStore.audit: ugi=alex	ip=unknown-ip-addr	cmd=drop_table : tbl=hive.default.T	
2024-04-23T20:49:28,602  WARN [main] utils.FileUtils: File file:/home/alex/Repositories/hive/ql/target/tmp/org.apache.hadoop.hive.ql.TestTxnExIm-1713930480318/warehouse/t does not exist; Force to delete it.
2024-04-23T20:49:28,602 ERROR [main] utils.FileUtils: Failed to delete file:/home/alex/Repositories/hive/ql/target/tmp/org.apache.hadoop.hive.ql.TestTxnExIm-1713930480318/warehouse/t
2024-04-23T20:49:28,602  INFO [main] metadata.Hive: Dumping metastore api call timing information for : execution phase
2024-04-23T20:49:28,602  INFO [main] metadata.Hive: Total time spent in each metastore function (ms): {getTable_(GetTableRequest)=6, dropTable_(String, String, boolean, boolean, boolean)=105, isCompatibleWith_(Configuration)=0}
2024-04-23T20:49:28,602  INFO [main] ql.Driver: Completed executing command(queryId=alex_20240423204928_f3401a25-e4dc-4633-b181-db4c9f4ad916); Time taken: 0.112 seconds
2024-04-23T20:49:28,603  INFO [main] lockmgr.DbTxnManager: Stopped heartbeat for query: alex_20240423204928_f3401a25-e4dc-4633-b181-db4c9f4ad916
2024-04-23T20:49:28,606  INFO [main] txn.TxnHandler: Expected to move at least one record from txn_components to completed_txn_components when committing txn! txnid:13
2024-04-23T20:49:28,610  INFO [main] txn.TxnHandler: Removed transactions: ([13]) from MIN_HISTORY_LEVEL
2024-04-23T20:49:28,611  WARN [main] txn.CompactionTxnHandler: No compaction queue record found for Compaction type transaction commit. txnId:13
2024-04-23T20:49:28,611  INFO [main] ql.TxnCommandsBaseForTests: Running the query: drop table if exists Tstage
2024-04-23T20:49:28,612  INFO [main] ql.Driver: Compiling command(queryId=alex_20240423204928_45808558-d8d3-4c68-85f0-811fdf5dd2f4): drop table if exists Tstage
2024-04-23T20:49:28,613  INFO [main] txn.TxnHandler: Added entries to MIN_HISTORY_LEVEL for current txns: ([14]) with min_open_txn: 1
2024-04-23T20:49:28,614  INFO [main] lockmgr.DbTxnManager: Opened txnid:14
2024-04-23T20:49:28,614  INFO [main] HiveMetaStore.audit: ugi=alex	ip=unknown-ip-addr	cmd=get_table : tbl=hive.default.Tstage	
2024-04-23T20:49:28,621  INFO [main] metastore.HMSHandler: Skipping translation for processor with null
2024-04-23T20:49:28,621  INFO [main] ql.Driver: Semantic Analysis Completed (retrial = false)
2024-04-23T20:49:28,621  INFO [main] ql.Driver: Created Hive schema: Schema(fieldSchemas:null, properties:null)
2024-04-23T20:49:28,621  INFO [main] metadata.Hive: Dumping metastore api call timing information for : compilation phase
2024-04-23T20:49:28,621  INFO [main] metadata.Hive: Total time spent in each metastore function (ms): {openTxn_(String, TxnType)=2, commitTxn_(CommitTxnRequest)=8, flushCache_()=0, getValidTxns_(long)=0, isCompatibleWith_(Configuration)=0, getTable_(GetTableRequest)=7}
2024-04-23T20:49:28,621  INFO [main] ql.Driver: Completed compiling command(queryId=alex_20240423204928_45808558-d8d3-4c68-85f0-811fdf5dd2f4); Time taken: 0.01 seconds
2024-04-23T20:49:28,622  INFO [main] lockmgr.DbTxnManager: Setting lock request transaction to txnid:14 for queryId=alex_20240423204928_45808558-d8d3-4c68-85f0-811fdf5dd2f4
2024-04-23T20:49:28,622  INFO [main] lockmgr.DbLockManager: Requesting lock for queryId=alex_20240423204928_45808558-d8d3-4c68-85f0-811fdf5dd2f4
2024-04-23T20:49:28,638  INFO [main] lockmgr.DbLockManager: Response to queryId=alex_20240423204928_45808558-d8d3-4c68-85f0-811fdf5dd2f4 LockResponse(lockid:8, state:ACQUIRED)
2024-04-23T20:49:28,638  INFO [main] ql.Driver: Operation DROPTABLE obtained 1 locks
2024-04-23T20:49:28,639  INFO [main] ql.Driver: Executing command(queryId=alex_20240423204928_45808558-d8d3-4c68-85f0-811fdf5dd2f4): drop table if exists Tstage
2024-04-23T20:49:28,639  INFO [main] ql.Driver: Starting task [Stage-0:DDL] in serial mode
2024-04-23T20:49:28,639  INFO [main] HiveMetaStore.audit: ugi=alex	ip=unknown-ip-addr	cmd=get_table : tbl=hive.default.Tstage	
2024-04-23T20:49:28,646  INFO [main] metastore.HMSHandler: Skipping translation for processor with null
2024-04-23T20:49:28,646  INFO [main] HiveMetaStore.audit: ugi=alex	ip=unknown-ip-addr	cmd=get_table : tbl=hive.default.Tstage	
2024-04-23T20:49:28,653  INFO [main] metastore.HMSHandler: Skipping translation for processor with null
2024-04-23T20:49:28,653  INFO [main] HiveMetaStore.audit: ugi=alex	ip=unknown-ip-addr	cmd=drop_table : tbl=hive.default.Tstage	
2024-04-23T20:49:28,691  WARN [main] utils.FileUtils: File file:/home/alex/Repositories/hive/ql/target/tmp/org.apache.hadoop.hive.ql.TestTxnExIm-1713930480318/warehouse/tstage does not exist; Force to delete it.
2024-04-23T20:49:28,691 ERROR [main] utils.FileUtils: Failed to delete file:/home/alex/Repositories/hive/ql/target/tmp/org.apache.hadoop.hive.ql.TestTxnExIm-1713930480318/warehouse/tstage
2024-04-23T20:49:28,691  INFO [main] metadata.Hive: Dumping metastore api call timing information for : execution phase
2024-04-23T20:49:28,692  INFO [main] metadata.Hive: Total time spent in each metastore function (ms): {getTable_(GetTableRequest)=7, dropTable_(String, String, boolean, boolean, boolean)=45, isCompatibleWith_(Configuration)=0}
2024-04-23T20:49:28,692  INFO [main] ql.Driver: Completed executing command(queryId=alex_20240423204928_45808558-d8d3-4c68-85f0-811fdf5dd2f4); Time taken: 0.052 seconds
2024-04-23T20:49:28,692  INFO [main] lockmgr.DbTxnManager: Stopped heartbeat for query: alex_20240423204928_45808558-d8d3-4c68-85f0-811fdf5dd2f4
2024-04-23T20:49:28,696  INFO [main] txn.TxnHandler: Expected to move at least one record from txn_components to completed_txn_components when committing txn! txnid:14
2024-04-23T20:49:28,700  INFO [main] txn.TxnHandler: Removed transactions: ([14]) from MIN_HISTORY_LEVEL
2024-04-23T20:49:28,700  WARN [main] txn.CompactionTxnHandler: No compaction queue record found for Compaction type transaction commit. txnId:14
2024-04-23T20:49:28,701  INFO [main] ql.TxnCommandsBaseForTests: Running the query: create table T (a int, b int) stored as orc
2024-04-23T20:49:28,701  INFO [main] ql.Driver: Compiling command(queryId=alex_20240423204928_cc269a70-9c97-4460-89ec-a2c7709ea0ef): create table T (a int, b int) stored as orc
2024-04-23T20:49:28,704  INFO [main] txn.TxnHandler: Added entries to MIN_HISTORY_LEVEL for current txns: ([15]) with min_open_txn: 1
2024-04-23T20:49:28,705  INFO [main] lockmgr.DbTxnManager: Opened txnid:15
2024-04-23T20:49:28,705  INFO [main] parse.CalcitePlanner: Starting caching scope for: 
2024-04-23T20:49:28,705  INFO [main] parse.CalcitePlanner: Starting Semantic Analysis
2024-04-23T20:49:28,710  INFO [main] parse.CalcitePlanner: Creating table default.T position=13
2024-04-23T20:49:28,710  INFO [main] parse.CalcitePlanner: Automatically chose to make default.T acid.
2024-04-23T20:49:28,710  INFO [main] HiveMetaStore.audit: ugi=alex	ip=unknown-ip-addr	cmd=get_database: default	
2024-04-23T20:49:28,712  INFO [main] parse.CalcitePlanner: Ending caching scope for: 
2024-04-23T20:49:28,712  INFO [main] ql.Driver: Semantic Analysis Completed (retrial = false)
2024-04-23T20:49:28,712  INFO [main] ql.Driver: Created Hive schema: Schema(fieldSchemas:null, properties:null)
2024-04-23T20:49:28,712  INFO [main] metadata.Hive: Dumping metastore api call timing information for : compilation phase
2024-04-23T20:49:28,712  INFO [main] metadata.Hive: Total time spent in each metastore function (ms): {getDatabase_(String)=2, flushCache_()=0, isCompatibleWith_(Configuration)=0, commitTxn_(CommitTxnRequest)=9, getValidTxns_(long)=0, openTxn_(String, TxnType)=3, getValidWriteIds_(List, String)=5}
2024-04-23T20:49:28,712  INFO [main] ql.Driver: Completed compiling command(queryId=alex_20240423204928_cc269a70-9c97-4460-89ec-a2c7709ea0ef); Time taken: 0.011 seconds
2024-04-23T20:49:28,712  INFO [main] lockmgr.DbTxnManager: Setting lock request transaction to txnid:15 for queryId=alex_20240423204928_cc269a70-9c97-4460-89ec-a2c7709ea0ef
2024-04-23T20:49:28,713  INFO [main] lockmgr.DbLockManager: Requesting lock for queryId=alex_20240423204928_cc269a70-9c97-4460-89ec-a2c7709ea0ef
2024-04-23T20:49:28,725  INFO [main] lockmgr.DbLockManager: Response to queryId=alex_20240423204928_cc269a70-9c97-4460-89ec-a2c7709ea0ef LockResponse(lockid:9, state:ACQUIRED)
2024-04-23T20:49:28,725  INFO [main] ql.Driver: Operation CREATETABLE obtained 1 locks
2024-04-23T20:49:28,726  INFO [main] ql.Driver: Executing command(queryId=alex_20240423204928_cc269a70-9c97-4460-89ec-a2c7709ea0ef): create table T (a int, b int) stored as orc
2024-04-23T20:49:28,726  INFO [main] ql.Driver: Starting task [Stage-0:DDL] in serial mode
2024-04-23T20:49:28,727  INFO [main] HiveMetaStore.audit: ugi=alex	ip=unknown-ip-addr	cmd=create_table_req: Table(tableName:T, dbName:default, owner:alex, createTime:1713930568, lastAccessTime:0, retention:0, sd:StorageDescriptor(cols:[FieldSchema(name:a, type:int, comment:null), FieldSchema(name:b, type:int, comment:null)], location:null, inputFormat:org.apache.hadoop.hive.ql.io.orc.OrcInputFormat, outputFormat:org.apache.hadoop.hive.ql.io.orc.OrcOutputFormat, compressed:false, numBuckets:-1, serdeInfo:SerDeInfo(name:null, serializationLib:org.apache.hadoop.hive.ql.io.orc.OrcSerde, parameters:{serialization.format=1}), bucketCols:[], sortCols:[], parameters:{}, skewedInfo:SkewedInfo(skewedColNames:[], skewedColValues:[], skewedColValueLocationMaps:{}), storedAsSubDirectories:false), partitionKeys:[], parameters:{numFiles=0, COLUMN_STATS_ACCURATE={"BASIC_STATS":"true","COLUMN_STATS":{"a":"true","b":"true"}}, bucketing_version=2, numFilesErasureCoded=0, rawDataSize=0, numRows=0, transactional_properties=default, totalSize=0, transactional=true}, viewOriginalText:null, viewExpandedText:null, tableType:MANAGED_TABLE, privileges:PrincipalPrivilegeSet(userPrivileges:{alex=[PrivilegeGrantInfo(privilege:INSERT, createTime:-1, grantor:alex, grantorType:USER, grantOption:true), PrivilegeGrantInfo(privilege:SELECT, createTime:-1, grantor:alex, grantorType:USER, grantOption:true), PrivilegeGrantInfo(privilege:UPDATE, createTime:-1, grantor:alex, grantorType:USER, grantOption:true), PrivilegeGrantInfo(privilege:DELETE, createTime:-1, grantor:alex, grantorType:USER, grantOption:true)]}, groupPrivileges:null, rolePrivileges:null), temporary:false, catName:hive, ownerType:USER, writeId:0)	
2024-04-23T20:49:28,733  INFO [main] utils.FileUtils: Creating directory if it doesn't exist: file:/home/alex/Repositories/hive/ql/target/tmp/org.apache.hadoop.hive.ql.TestTxnExIm-1713930480318/warehouse/t
2024-04-23T20:49:28,773  INFO [main] metadata.Hive: Dumping metastore api call timing information for : execution phase
2024-04-23T20:49:28,773  INFO [main] metadata.Hive: Total time spent in each metastore function (ms): {createTable_(Table)=46, isCompatibleWith_(Configuration)=0}
2024-04-23T20:49:28,774  INFO [main] ql.Driver: Completed executing command(queryId=alex_20240423204928_cc269a70-9c97-4460-89ec-a2c7709ea0ef); Time taken: 0.047 seconds
2024-04-23T20:49:28,774  INFO [main] lockmgr.DbTxnManager: Stopped heartbeat for query: alex_20240423204928_cc269a70-9c97-4460-89ec-a2c7709ea0ef
2024-04-23T20:49:28,778  INFO [main] txn.TxnHandler: Expected to move at least one record from txn_components to completed_txn_components when committing txn! txnid:15
2024-04-23T20:49:28,782  INFO [main] txn.TxnHandler: Removed transactions: ([15]) from MIN_HISTORY_LEVEL
2024-04-23T20:49:28,783  WARN [main] txn.CompactionTxnHandler: No compaction queue record found for Compaction type transaction commit. txnId:15
2024-04-23T20:49:28,783  INFO [main] ql.TxnCommandsBaseForTests: Running the query: create table Tstage (a int, b int) stored as orc tblproperties('transactional'='true')
2024-04-23T20:49:28,784  INFO [main] ql.Driver: Compiling command(queryId=alex_20240423204928_7ddbd287-a467-4472-ba05-55cd38f325f6): create table Tstage (a int, b int) stored as orc tblproperties('transactional'='true')
2024-04-23T20:49:28,786  INFO [main] txn.TxnHandler: Added entries to MIN_HISTORY_LEVEL for current txns: ([16]) with min_open_txn: 1
2024-04-23T20:49:28,787  INFO [main] lockmgr.DbTxnManager: Opened txnid:16
2024-04-23T20:49:28,787  INFO [main] parse.CalcitePlanner: Starting caching scope for: 
2024-04-23T20:49:28,788  INFO [main] parse.CalcitePlanner: Starting Semantic Analysis
2024-04-23T20:49:28,790  INFO [main] parse.CalcitePlanner: Creating table default.Tstage position=13
2024-04-23T20:49:28,790  INFO [main] HiveMetaStore.audit: ugi=alex	ip=unknown-ip-addr	cmd=get_database: default	
2024-04-23T20:49:28,792  INFO [main] parse.CalcitePlanner: Ending caching scope for: 
2024-04-23T20:49:28,792  INFO [main] ql.Driver: Semantic Analysis Completed (retrial = false)
2024-04-23T20:49:28,792  INFO [main] ql.Driver: Created Hive schema: Schema(fieldSchemas:null, properties:null)
2024-04-23T20:49:28,792  INFO [main] metadata.Hive: Dumping metastore api call timing information for : compilation phase
2024-04-23T20:49:28,792  INFO [main] metadata.Hive: Total time spent in each metastore function (ms): {getValidTxns_(long)=0, flushCache_()=0, getValidWriteIds_(List, String)=2, getDatabase_(String)=2, commitTxn_(CommitTxnRequest)=9, openTxn_(String, TxnType)=3, isCompatibleWith_(Configuration)=0}
2024-04-23T20:49:28,792  INFO [main] ql.Driver: Completed compiling command(queryId=alex_20240423204928_7ddbd287-a467-4472-ba05-55cd38f325f6); Time taken: 0.008 seconds
2024-04-23T20:49:28,792  INFO [main] lockmgr.DbTxnManager: Setting lock request transaction to txnid:16 for queryId=alex_20240423204928_7ddbd287-a467-4472-ba05-55cd38f325f6
2024-04-23T20:49:28,793  INFO [main] lockmgr.DbLockManager: Requesting lock for queryId=alex_20240423204928_7ddbd287-a467-4472-ba05-55cd38f325f6
2024-04-23T20:49:28,809  INFO [main] lockmgr.DbLockManager: Response to queryId=alex_20240423204928_7ddbd287-a467-4472-ba05-55cd38f325f6 LockResponse(lockid:10, state:ACQUIRED)
2024-04-23T20:49:28,809  INFO [main] ql.Driver: Operation CREATETABLE obtained 1 locks
2024-04-23T20:49:28,810  INFO [main] ql.Driver: Executing command(queryId=alex_20240423204928_7ddbd287-a467-4472-ba05-55cd38f325f6): create table Tstage (a int, b int) stored as orc tblproperties('transactional'='true')
2024-04-23T20:49:28,810  INFO [main] ql.Driver: Starting task [Stage-0:DDL] in serial mode
2024-04-23T20:49:28,811  INFO [main] HiveMetaStore.audit: ugi=alex	ip=unknown-ip-addr	cmd=create_table_req: Table(tableName:Tstage, dbName:default, owner:alex, createTime:1713930568, lastAccessTime:0, retention:0, sd:StorageDescriptor(cols:[FieldSchema(name:a, type:int, comment:null), FieldSchema(name:b, type:int, comment:null)], location:null, inputFormat:org.apache.hadoop.hive.ql.io.orc.OrcInputFormat, outputFormat:org.apache.hadoop.hive.ql.io.orc.OrcOutputFormat, compressed:false, numBuckets:-1, serdeInfo:SerDeInfo(name:null, serializationLib:org.apache.hadoop.hive.ql.io.orc.OrcSerde, parameters:{serialization.format=1}), bucketCols:[], sortCols:[], parameters:{}, skewedInfo:SkewedInfo(skewedColNames:[], skewedColValues:[], skewedColValueLocationMaps:{}), storedAsSubDirectories:false), partitionKeys:[], parameters:{rawDataSize=0, totalSize=0, transactional=true, numRows=0, numFiles=0, COLUMN_STATS_ACCURATE={"BASIC_STATS":"true","COLUMN_STATS":{"a":"true","b":"true"}}, numFilesErasureCoded=0, bucketing_version=2}, viewOriginalText:null, viewExpandedText:null, tableType:MANAGED_TABLE, privileges:PrincipalPrivilegeSet(userPrivileges:{alex=[PrivilegeGrantInfo(privilege:INSERT, createTime:-1, grantor:alex, grantorType:USER, grantOption:true), PrivilegeGrantInfo(privilege:SELECT, createTime:-1, grantor:alex, grantorType:USER, grantOption:true), PrivilegeGrantInfo(privilege:UPDATE, createTime:-1, grantor:alex, grantorType:USER, grantOption:true), PrivilegeGrantInfo(privilege:DELETE, createTime:-1, grantor:alex, grantorType:USER, grantOption:true)]}, groupPrivileges:null, rolePrivileges:null), temporary:false, catName:hive, ownerType:USER, writeId:0)	
2024-04-23T20:49:28,817  INFO [main] utils.FileUtils: Creating directory if it doesn't exist: file:/home/alex/Repositories/hive/ql/target/tmp/org.apache.hadoop.hive.ql.TestTxnExIm-1713930480318/warehouse/tstage
2024-04-23T20:49:28,832  INFO [main] metadata.Hive: Dumping metastore api call timing information for : execution phase
2024-04-23T20:49:28,832  INFO [main] metadata.Hive: Total time spent in each metastore function (ms): {isCompatibleWith_(Configuration)=0, createTable_(Table)=21}
2024-04-23T20:49:28,832  INFO [main] ql.Driver: Completed executing command(queryId=alex_20240423204928_7ddbd287-a467-4472-ba05-55cd38f325f6); Time taken: 0.022 seconds
2024-04-23T20:49:28,832  INFO [main] lockmgr.DbTxnManager: Stopped heartbeat for query: alex_20240423204928_7ddbd287-a467-4472-ba05-55cd38f325f6
2024-04-23T20:49:28,836  INFO [main] txn.TxnHandler: Expected to move at least one record from txn_components to completed_txn_components when committing txn! txnid:16
2024-04-23T20:49:28,841  INFO [main] txn.TxnHandler: Removed transactions: ([16]) from MIN_HISTORY_LEVEL
2024-04-23T20:49:28,841  WARN [main] txn.CompactionTxnHandler: No compaction queue record found for Compaction type transaction commit. txnId:16
2024-04-23T20:49:28,842  INFO [main] ql.TxnCommandsBaseForTests: Running the query: insert into Tstage values(1,2),(3,4),(5,6)
2024-04-23T20:49:28,842  INFO [main] ql.Driver: Compiling command(queryId=alex_20240423204928_06e4a1ae-8829-4c1b-ba90-0ea21b43c5cb): insert into Tstage values(1,2),(3,4),(5,6)
2024-04-23T20:49:28,844  INFO [main] txn.TxnHandler: Added entries to MIN_HISTORY_LEVEL for current txns: ([17]) with min_open_txn: 1
2024-04-23T20:49:28,845  INFO [main] lockmgr.DbTxnManager: Opened txnid:17
2024-04-23T20:49:28,845  INFO [main] parse.CalcitePlanner: Starting caching scope for: 
2024-04-23T20:49:28,845  INFO [main] parse.CalcitePlanner: Starting Semantic Analysis
2024-04-23T20:49:28,848  INFO [main] HiveMetaStore.audit: ugi=alex	ip=unknown-ip-addr	cmd=get_table : tbl=hive.default.Tstage	
2024-04-23T20:49:28,865  INFO [main] metastore.HMSHandler: Skipping translation for processor with null
2024-04-23T20:49:28,866  INFO [main] parse.CalcitePlanner: Completed phase 1 of Semantic Analysis
2024-04-23T20:49:28,866  INFO [main] parse.CalcitePlanner: Get metadata for source tables
2024-04-23T20:49:28,866  INFO [main] parse.CalcitePlanner: Get metadata for subqueries
2024-04-23T20:49:28,866  INFO [main] parse.CalcitePlanner: Get metadata for destination tables
2024-04-23T20:49:28,866  INFO [main] HiveMetaStore.audit: ugi=alex	ip=unknown-ip-addr	cmd=get_table : tbl=hive.default.Tstage	
2024-04-23T20:49:28,873  INFO [main] metastore.HMSHandler: Skipping translation for processor with null
2024-04-23T20:49:28,873  INFO [main] parse.CalcitePlanner: Completed getting MetaData in Semantic Analysis
2024-04-23T20:49:28,873  INFO [main] parse.CalcitePlanner: Disabling LLAP IO encode as ETL query is detected
2024-04-23T20:49:28,895  INFO [main] HiveMetaStore.audit: ugi=alex	ip=unknown-ip-addr	cmd=get_all_table_constraints : tbl=hive._dummy_database._dummy_table	
2024-04-23T20:49:28,968  INFO [main] parse.CalcitePlanner: Get metadata for source tables
2024-04-23T20:49:28,968  INFO [main] parse.CalcitePlanner: Get metadata for subqueries
2024-04-23T20:49:28,969  INFO [main] parse.CalcitePlanner: Get metadata for source tables
2024-04-23T20:49:28,969  INFO [main] HiveMetaStore.audit: ugi=alex	ip=unknown-ip-addr	cmd=get_table : tbl=hive._dummy_database._dummy_table	
2024-04-23T20:49:28,972  INFO [main] parse.CalcitePlanner: Get metadata for subqueries
2024-04-23T20:49:28,972  INFO [main] parse.CalcitePlanner: Get metadata for destination tables
2024-04-23T20:49:28,972  INFO [main] parse.CalcitePlanner: Get metadata for destination tables
2024-04-23T20:49:28,972  INFO [main] HiveMetaStore.audit: ugi=alex	ip=unknown-ip-addr	cmd=get_table : tbl=hive.default.Tstage	
2024-04-23T20:49:28,981  INFO [main] metastore.HMSHandler: Skipping translation for processor with null
2024-04-23T20:49:28,983  INFO [main] HiveMetaStore.audit: ugi=alex	ip=unknown-ip-addr	cmd=get_not_null_constraints : tbl=hive.default.tstage	
2024-04-23T20:49:28,984  INFO [main] HiveMetaStore.audit: ugi=alex	ip=unknown-ip-addr	cmd=get_check_constraints : tbl=hive.default.tstage	
2024-04-23T20:49:28,994  INFO [main] txn.TxnHandler: Allocated writeId: 1 for txnId: 17
2024-04-23T20:49:28,994  INFO [main] txn.TxnHandler: Allocated write ids for dbName=default, tblName=tstage (txnIds: [17])
2024-04-23T20:49:28,995  INFO [main] parse.CalcitePlanner: CBO Succeeded; optimized logical plan.
2024-04-23T20:49:28,997  INFO [main] optimizer.BucketVersionPopulator: not considering bucketingVersion for: TS[0] because it has -1<2 buckets 
2024-04-23T20:49:28,998  INFO [main] optimizer.SortedDynPartitionOptimizer: Sorted dynamic partitioning optimization kicked in..
2024-04-23T20:49:29,006  INFO [main] HiveMetaStore.audit: ugi=alex	ip=unknown-ip-addr	cmd=get_table : tbl=hive.default.tstage	
2024-04-23T20:49:29,014  INFO [main] metastore.HMSHandler: Skipping translation for processor with null
2024-04-23T20:49:29,015  INFO [main] physical.Vectorizer: Examining input format to see if vectorization is enabled.
2024-04-23T20:49:29,015  INFO [main] physical.Vectorizer: Map vectorization enabled: false
2024-04-23T20:49:29,015  INFO [main] physical.Vectorizer: Map vectorized: false
2024-04-23T20:49:29,015  INFO [main] physical.Vectorizer: Map vectorizedVertexNum: 0
2024-04-23T20:49:29,015  INFO [main] physical.Vectorizer: Map enabledConditionsMet: [hive.vectorized.use.vectorized.input.format IS true]
2024-04-23T20:49:29,015  INFO [main] physical.Vectorizer: Map enabledConditionsNotMet: [Could not enable vectorization due to partition column names size 1 is greater than the number of table column names size 0 IS false]
2024-04-23T20:49:29,015  INFO [main] physical.Vectorizer: Map inputFileFormatClassNameSet: [org.apache.hadoop.hive.ql.io.NullRowsInputFormat]
2024-04-23T20:49:29,015  INFO [main] parse.CalcitePlanner: Completed plan generation
2024-04-23T20:49:29,015  INFO [main] parse.CalcitePlanner: Ending caching scope for: 
2024-04-23T20:49:29,015  INFO [main] ql.Driver: Semantic Analysis Completed (retrial = false)
2024-04-23T20:49:29,015  INFO [main] ql.Driver: Created Hive schema: Schema(fieldSchemas:[FieldSchema(name:col1, type:int, comment:null), FieldSchema(name:col2, type:int, comment:null)], properties:null)
2024-04-23T20:49:29,015  INFO [main] metadata.Hive: Dumping metastore api call timing information for : compilation phase
2024-04-23T20:49:29,016  INFO [main] metadata.Hive: Total time spent in each metastore function (ms): {getAllTableConstraints_(AllTableConstraintsRequest)=26, getValidTxns_(long)=0, getValidWriteIds_(List, String)=2, getCheckConstraints_(CheckConstraintsRequest)=2, getNotNullConstraints_(NotNullConstraintsRequest)=1, commitTxn_(CommitTxnRequest)=8, allocateTableWriteId_(long, String, String)=8, getTable_(GetTableRequest)=42, isCompatibleWith_(Configuration)=1, openTxn_(String, TxnType)=2, flushCache_()=0}
2024-04-23T20:49:29,016  INFO [main] ql.Driver: Completed compiling command(queryId=alex_20240423204928_06e4a1ae-8829-4c1b-ba90-0ea21b43c5cb); Time taken: 0.173 seconds
2024-04-23T20:49:29,016  INFO [main] lockmgr.DbTxnManager: Setting lock request transaction to txnid:17 for queryId=alex_20240423204928_06e4a1ae-8829-4c1b-ba90-0ea21b43c5cb
2024-04-23T20:49:29,016  INFO [main] lockmgr.DbLockManager: Requesting lock for queryId=alex_20240423204928_06e4a1ae-8829-4c1b-ba90-0ea21b43c5cb
2024-04-23T20:49:29,032  INFO [main] lockmgr.DbLockManager: Response to queryId=alex_20240423204928_06e4a1ae-8829-4c1b-ba90-0ea21b43c5cb LockResponse(lockid:11, state:ACQUIRED)
2024-04-23T20:49:29,032  INFO [main] ql.Driver: Operation QUERY obtained 1 locks
2024-04-23T20:49:29,034  INFO [main] ql.Driver: Executing command(queryId=alex_20240423204928_06e4a1ae-8829-4c1b-ba90-0ea21b43c5cb): insert into Tstage values(1,2),(3,4),(5,6)
2024-04-23T20:49:29,034  WARN [main] ql.Driver: Hive-on-MR is deprecated in Hive 2 and may not be available in the future versions. Consider using a different execution engine (i.e. spark, tez) or using Hive 1.X releases.
Query ID = alex_20240423204928_06e4a1ae-8829-4c1b-ba90-0ea21b43c5cb
2024-04-23T20:49:29,034  INFO [main] ql.Driver: Query ID = alex_20240423204928_06e4a1ae-8829-4c1b-ba90-0ea21b43c5cb
Total jobs = 1
2024-04-23T20:49:29,034  INFO [main] ql.Driver: Total jobs = 1
Launching Job 1 out of 1
2024-04-23T20:49:29,034  INFO [main] ql.Driver: Launching Job 1 out of 1
2024-04-23T20:49:29,190  INFO [main] ql.Driver: Starting task [Stage-1:MAPRED] in serial mode
Number of reduce tasks is set to 0 since there's no reduce operator
2024-04-23T20:49:29,190  INFO [main] exec.Task: Number of reduce tasks is set to 0 since there's no reduce operator
2024-04-23T20:49:29,193  INFO [main] mr.ExecDriver: Using org.apache.hadoop.hive.ql.io.HiveInputFormat
2024-04-23T20:49:29,193  INFO [main] exec.Utilities: Processing alias $hdt$_0:_dummy_table
2024-04-23T20:49:29,193  INFO [main] exec.Utilities: Adding 1 inputs; the first input is file:/home/alex/Repositories/hive/ql/target/tmp/localscratchdir/17cd0e0b-b569-4f68-a2a8-f80c61b0fc5b/hive_2024-04-23_20-49-28_842_3895303388272478822-1/dummy_path
2024-04-23T20:49:29,203  INFO [main] exec.SerializationUtilities: Serializing MapWork using kryo
2024-04-23T20:49:29,204  INFO [main] exec.Utilities: Serialized plan (via FILE) - name: null size: 5,72KB
2024-04-23T20:49:29,205  WARN [main] impl.MetricsSystemImpl: JobTracker metrics system already initialized!
2024-04-23T20:49:29,209  INFO [main] fs.FSStatsPublisher: created : file:/home/alex/Repositories/hive/ql/target/tmp/localscratchdir/17cd0e0b-b569-4f68-a2a8-f80c61b0fc5b/hive_2024-04-23_20-49-28_842_3895303388272478822-1/-mr-10000
2024-04-23T20:49:29,212  WARN [main] impl.MetricsSystemImpl: JobTracker metrics system already initialized!
2024-04-23T20:49:29,220  WARN [main] mapreduce.JobResourceUploader: Hadoop command-line option parsing not performed. Implement the Tool interface and execute your application with ToolRunner to remedy this.
2024-04-23T20:49:29,224  WARN [main] mapreduce.JobResourceUploader: No job jar file set.  User classes may not be found. See Job or Job#setJar(String).
2024-04-23T20:49:29,225  INFO [main] io.HiveInputFormat: hive.io.file.readcolumn.ids = 
2024-04-23T20:49:29,225  INFO [main] io.HiveInputFormat: hive.io.file.readcolumn.names = 
2024-04-23T20:49:29,225  INFO [main] io.HiveInputFormat: Generating splits for dirs: file:/home/alex/Repositories/hive/ql/target/tmp/localscratchdir/17cd0e0b-b569-4f68-a2a8-f80c61b0fc5b/hive_2024-04-23_20-49-28_842_3895303388272478822-1/dummy_path
2024-04-23T20:49:29,226  INFO [main] io.HiveInputFormat: number of splits 1
2024-04-23T20:49:29,244  INFO [main] mapreduce.JobSubmitter: number of splits:1
2024-04-23T20:49:29,264  INFO [main] mapreduce.JobSubmitter: Submitting tokens for job: job_local1721597418_0034
2024-04-23T20:49:29,265  INFO [main] mapreduce.JobSubmitter: Executing with tokens: []
2024-04-23T20:49:29,332  INFO [main] mapreduce.Job: The url to track the job: http://localhost:8080/
Job running in-process (local Hadoop)
2024-04-23T20:49:29,332  INFO [main] exec.Task: Job running in-process (local Hadoop)
2024-04-23T20:49:29,333  INFO [Thread-2472] mapred.LocalJobRunner: OutputCommitter set in config org.apache.hadoop.hive.ql.io.HiveFileFormatUtils$NullOutputCommitter
2024-04-23T20:49:29,333  INFO [Thread-2472] mapred.LocalJobRunner: OutputCommitter is org.apache.hadoop.hive.ql.io.HiveFileFormatUtils$NullOutputCommitter
2024-04-23T20:49:29,334  INFO [Thread-2472] mapred.LocalJobRunner: Waiting for map tasks
2024-04-23T20:49:29,335  INFO [LocalJobRunner Map Task Executor #0] mapred.LocalJobRunner: Starting task: attempt_local1721597418_0034_m_000000_0
2024-04-23T20:49:29,338  INFO [LocalJobRunner Map Task Executor #0] mapred.Task:  Using ResourceCalculatorProcessTree : [ ]
2024-04-23T20:49:29,338  INFO [LocalJobRunner Map Task Executor #0] mapred.MapTask: Processing split: org.apache.hadoop.hive.ql.io.NullRowsInputFormat:file:/home/alex/Repositories/hive/ql/target/tmp/localscratchdir/17cd0e0b-b569-4f68-a2a8-f80c61b0fc5b/hive_2024-04-23_20-49-28_842_3895303388272478822-1/dummy_path/null:0+1
2024-04-23T20:49:29,340  INFO [LocalJobRunner Map Task Executor #0] exec.SerializationUtilities: Deserializing MapWork using kryo
2024-04-23T20:49:29,341  INFO [LocalJobRunner Map Task Executor #0] exec.Utilities: Deserialized plan (via FILE) - name: null size: 5,72KB
2024-04-23T20:49:29,341  INFO [LocalJobRunner Map Task Executor #0] mapred.MapTask: numReduceTasks: 0
2024-04-23T20:49:29,344  INFO [LocalJobRunner Map Task Executor #0] exec.MapOperator: Initializing Operator: MAP[0]
2024-04-23T20:49:29,344  INFO [LocalJobRunner Map Task Executor #0] mr.ExecMapper: 
<MAP>Id =0
  <Children>null
  <\Children>
  <Parent><\Parent>
<\MAP>
2024-04-23T20:49:29,345  INFO [LocalJobRunner Map Task Executor #0] exec.TableScanOperator: Initializing Operator: TS[0]
2024-04-23T20:49:29,345  INFO [LocalJobRunner Map Task Executor #0] exec.SelectOperator: Initializing Operator: SEL[1]
2024-04-23T20:49:29,345  INFO [LocalJobRunner Map Task Executor #0] exec.SelectOperator: SELECT null
2024-04-23T20:49:29,345  INFO [LocalJobRunner Map Task Executor #0] exec.UDTFOperator: Initializing Operator: UDTF[2]
2024-04-23T20:49:29,345  INFO [LocalJobRunner Map Task Executor #0] exec.SelectOperator: Initializing Operator: SEL[3]
2024-04-23T20:49:29,345  INFO [LocalJobRunner Map Task Executor #0] exec.SelectOperator: SELECT struct<col1:int,col2:int>
2024-04-23T20:49:29,345  INFO [LocalJobRunner Map Task Executor #0] exec.FileSinkOperator: Initializing Operator: FS[4]
2024-04-23T20:49:29,346  INFO [LocalJobRunner Map Task Executor #0] exec.FileSinkOperator: Using serializer : AbstractSerDe [log=org.apache.logging.slf4j.Log4jLogger@27129f36, configuration=Optional[Configuration: core-default.xml, core-site.xml, mapred-default.xml, mapred-site.xml, yarn-default.xml, yarn-site.xml, hdfs-default.xml, hdfs-site.xml, file:/home/alex/Repositories/hive/ql/target/tmp/TestTxnExIm/mapred/local/localRunner/alex/job_local1721597418_0034/job_local1721597418_0034.xml], properties={transactional_properties=default, name=default.tstage, transactional=true, columns.types=int:int, columns=a,b, numFilesErasureCoded=0, columns.comments=&amp#0;, bucketing_version=2, serialization.lib=org.apache.hadoop.hive.ql.io.orc.OrcSerde, file.inputformat=org.apache.hadoop.hive.ql.io.orc.OrcInputFormat, file.outputformat=org.apache.hadoop.hive.ql.io.orc.OrcOutputFormat, location=file:/home/alex/Repositories/hive/ql/target/tmp/org.apache.hadoop.hive.ql.TestTxnExIm-1713930480318/warehouse/tstage, column.name.delimiter=,}, tableProperties={transactional_properties=default, name=default.tstage, transactional=true, columns.types=int:int, columns=a,b, numFilesErasureCoded=0, columns.comments=&amp#0;, bucketing_version=2, serialization.lib=org.apache.hadoop.hive.ql.io.orc.OrcSerde, file.inputformat=org.apache.hadoop.hive.ql.io.orc.OrcInputFormat, location=file:/home/alex/Repositories/hive/ql/target/tmp/org.apache.hadoop.hive.ql.TestTxnExIm-1713930480318/warehouse/tstage, file.outputformat=org.apache.hadoop.hive.ql.io.orc.OrcOutputFormat, column.name.delimiter=,}, partitionProperties=Optional.empty, columnNames=[a, b], columnTypes=[int, int], getClass()=class org.apache.hadoop.hive.ql.io.orc.OrcSerde] and formatter : org.apache.hadoop.hive.ql.io.orc.OrcOutputFormat@14e15a54
2024-04-23T20:49:29,346  INFO [LocalJobRunner Map Task Executor #0] exec.FileSinkOperator: Final Path: FS file:/home/alex/Repositories/hive/ql/target/tmp/org.apache.hadoop.hive.ql.TestTxnExIm-1713930480318/warehouse/tstage
2024-04-23T20:49:29,346  INFO [LocalJobRunner Map Task Executor #0] exec.FileSinkOperator: New Final Path: FS file:/home/alex/Repositories/hive/ql/target/tmp/org.apache.hadoop.hive.ql.TestTxnExIm-1713930480318/warehouse/tstage
2024-04-23T20:49:29,346  INFO [LocalJobRunner Map Task Executor #0] common.FileUtils: Creating directory if it doesn't exist: file:/home/alex/Repositories/hive/ql/target/tmp/org.apache.hadoop.hive.ql.TestTxnExIm-1713930480318/warehouse
2024-04-23T20:49:29,348  INFO [LocalJobRunner Map Task Executor #0] exec.FileSinkOperator: FS[4]: records written - 1
2024-04-23T20:49:29,348  INFO [LocalJobRunner Map Task Executor #0] impl.PhysicalFsWriter: ORC writer created for path: file:/home/alex/Repositories/hive/ql/target/tmp/org.apache.hadoop.hive.ql.TestTxnExIm-1713930480318/warehouse/tstage/delta_0000001_0000001_0000/bucket_00000_0 with stripeSize: 8388608 blockSize: 268435456 compression: Compress: ZLIB buffer: 32768
2024-04-23T20:49:29,356  INFO [LocalJobRunner Map Task Executor #0] impl.WriterImpl: ORC writer created for path: file:/home/alex/Repositories/hive/ql/target/tmp/org.apache.hadoop.hive.ql.TestTxnExIm-1713930480318/warehouse/tstage/delta_0000001_0000001_0000/bucket_00000_0 with stripeSize: 8388608 options: Compress: ZLIB buffer: 32768
2024-04-23T20:49:29,361  INFO [LocalJobRunner Map Task Executor #0] exec.MapOperator: MAP[0]: records read - 1
2024-04-23T20:49:29,362  INFO [LocalJobRunner Map Task Executor #0] exec.MapOperator: Closing Operator: MAP[0]
2024-04-23T20:49:29,362  INFO [LocalJobRunner Map Task Executor #0] exec.MapOperator: MAP[0]: Total records read - 3. abort - false
2024-04-23T20:49:29,362  INFO [LocalJobRunner Map Task Executor #0] exec.MapOperator: RECORDS_IN:3, DESERIALIZE_ERRORS:0, RECORDS_OUT_INTERMEDIATE:0, RECORDS_OUT_OPERATOR_MAP_0:0, 
2024-04-23T20:49:29,362  INFO [LocalJobRunner Map Task Executor #0] exec.TableScanOperator: Closing Operator: TS[0]
2024-04-23T20:49:29,362  INFO [LocalJobRunner Map Task Executor #0] exec.TableScanOperator: RECORDS_OUT_INTERMEDIATE:0, RECORDS_OUT_OPERATOR_TS_0:1, 
2024-04-23T20:49:29,362  INFO [LocalJobRunner Map Task Executor #0] exec.SelectOperator: Closing Operator: SEL[1]
2024-04-23T20:49:29,362  INFO [LocalJobRunner Map Task Executor #0] exec.SelectOperator: RECORDS_OUT_INTERMEDIATE:0, RECORDS_OUT_OPERATOR_SEL_1:1, 
2024-04-23T20:49:29,362  INFO [LocalJobRunner Map Task Executor #0] exec.UDTFOperator: Closing Operator: UDTF[2]
2024-04-23T20:49:29,362  INFO [LocalJobRunner Map Task Executor #0] exec.UDTFOperator: RECORDS_OUT_INTERMEDIATE:0, RECORDS_OUT_OPERATOR_UDTF_2:3, 
2024-04-23T20:49:29,362  INFO [LocalJobRunner Map Task Executor #0] exec.SelectOperator: Closing Operator: SEL[3]
2024-04-23T20:49:29,362  INFO [LocalJobRunner Map Task Executor #0] exec.SelectOperator: RECORDS_OUT_INTERMEDIATE:0, RECORDS_OUT_OPERATOR_SEL_3:3, 
2024-04-23T20:49:29,363  INFO [LocalJobRunner Map Task Executor #0] exec.FileSinkOperator: Closing Operator: FS[4]
2024-04-23T20:49:29,363  INFO [LocalJobRunner Map Task Executor #0] exec.FileSinkOperator: FS[4]: records written - 3
2024-04-23T20:49:29,365  INFO [LocalJobRunner Map Task Executor #0] FileOperations: Writing manifest to file:/home/alex/Repositories/hive/ql/target/tmp/org.apache.hadoop.hive.ql.TestTxnExIm-1713930480318/warehouse/tstage/_tmp.delta_0000001_0000001_0000/000000_0.manifest with [file:/home/alex/Repositories/hive/ql/target/tmp/org.apache.hadoop.hive.ql.TestTxnExIm-1713930480318/warehouse/tstage/delta_0000001_0000001_0000/bucket_00000_0]
2024-04-23T20:49:29,378  INFO [LocalJobRunner Map Task Executor #0] exec.FileSinkOperator: RECORDS_OUT_INTERMEDIATE:0, RECORDS_OUT_1_default.tstage:3, RECORDS_OUT_OPERATOR_FS_4:3, TOTAL_TABLE_ROWS_WRITTEN:3, 
2024-04-23T20:49:29,378  INFO [LocalJobRunner Map Task Executor #0] mapred.LocalJobRunner: 
2024-04-23T20:49:29,381  INFO [LocalJobRunner Map Task Executor #0] mapred.Task: Task:attempt_local1721597418_0034_m_000000_0 is done. And is in the process of committing
2024-04-23T20:49:29,381  INFO [LocalJobRunner Map Task Executor #0] mapred.LocalJobRunner: map
2024-04-23T20:49:29,381  INFO [LocalJobRunner Map Task Executor #0] mapred.Task: Task 'attempt_local1721597418_0034_m_000000_0' done.
2024-04-23T20:49:29,381  INFO [LocalJobRunner Map Task Executor #0] mapred.Task: Final Counters for attempt_local1721597418_0034_m_000000_0: Counters: 27
	File System Counters
		FILE: Number of bytes read=581533
		FILE: Number of bytes written=39718238
		FILE: Number of read operations=0
		FILE: Number of large read operations=0
		FILE: Number of write operations=0
	Map-Reduce Framework
		Map input records=4
		Map output records=0
		Input split bytes=361
		Spilled Records=0
		Failed Shuffles=0
		Merged Map outputs=0
		GC time elapsed (ms)=0
		Total committed heap usage (bytes)=1200619520
	HIVE
		CREATED_FILES=1
		DESERIALIZE_ERRORS=0
		RECORDS_IN=3
		RECORDS_OUT_1_default.tstage=3
		RECORDS_OUT_INTERMEDIATE=0
		RECORDS_OUT_OPERATOR_FS_4=3
		RECORDS_OUT_OPERATOR_MAP_0=0
		RECORDS_OUT_OPERATOR_SEL_1=1
		RECORDS_OUT_OPERATOR_SEL_3=3
		RECORDS_OUT_OPERATOR_TS_0=1
		RECORDS_OUT_OPERATOR_UDTF_2=3
		TOTAL_TABLE_ROWS_WRITTEN=3
	File Input Format Counters 
		Bytes Read=5776
	File Output Format Counters 
		Bytes Written=0
2024-04-23T20:49:29,382  INFO [LocalJobRunner Map Task Executor #0] mapred.LocalJobRunner: Finishing task: attempt_local1721597418_0034_m_000000_0
2024-04-23T20:49:29,382  INFO [Thread-2472] mapred.LocalJobRunner: map task executor complete.
2024-04-23 20:49:30,334 Stage-1 map = 100%,  reduce = 0%
2024-04-23T20:49:30,335  INFO [main] exec.Task: 2024-04-23 20:49:30,334 Stage-1 map = 100%,  reduce = 0%
Ended Job = job_local1721597418_0034
2024-04-23T20:49:30,336  INFO [main] exec.Task: Ended Job = job_local1721597418_0034
2024-04-23T20:49:30,338  INFO [main] FileOperations: Found manifest file file:/home/alex/Repositories/hive/ql/target/tmp/org.apache.hadoop.hive.ql.TestTxnExIm-1713930480318/warehouse/tstage/_tmp.delta_0000001_0000001_0000/000000_0.manifest with attemptId 0.
2024-04-23T20:49:30,338  INFO [main] FileOperations: Looking at manifest file: file:/home/alex/Repositories/hive/ql/target/tmp/org.apache.hadoop.hive.ql.TestTxnExIm-1713930480318/warehouse/tstage/_tmp.delta_0000001_0000001_0000/000000_0.manifest
2024-04-23T20:49:30,338  INFO [main] FileOperations: Deleting manifest directory file:/home/alex/Repositories/hive/ql/target/tmp/org.apache.hadoop.hive.ql.TestTxnExIm-1713930480318/warehouse/tstage/_tmp.delta_0000001_0000001_0000
2024-04-23T20:49:30,339  INFO [main] ql.Driver: Starting task [Stage-0:MOVE] in serial mode
Loading data to table default.tstage
2024-04-23T20:49:30,340  INFO [main] exec.Task: Loading data to table default.tstage from file:/home/alex/Repositories/hive/ql/target/tmp/org.apache.hadoop.hive.ql.TestTxnExIm-1713930480318/warehouse/tstage
2024-04-23T20:49:30,340  INFO [main] HiveMetaStore.audit: ugi=alex	ip=unknown-ip-addr	cmd=get_table : tbl=hive.default.tstage	
2024-04-23T20:49:30,347  INFO [main] metastore.HMSHandler: Skipping translation for processor with null
2024-04-23T20:49:30,347  INFO [main] HiveMetaStore.audit: ugi=alex	ip=unknown-ip-addr	cmd=get_table : tbl=hive.default.tstage	
2024-04-23T20:49:30,353  INFO [main] metastore.HMSHandler: Skipping translation for processor with null
2024-04-23T20:49:30,354  INFO [main] HiveMetaStore.audit: ugi=alex	ip=unknown-ip-addr	cmd=alter_table: hive.default.tstage newtbl=tstage	
2024-04-23T20:49:30,381  INFO [main] ql.Driver: Starting task [Stage-2:STATS] in serial mode
2024-04-23T20:49:30,382  INFO [main] HiveMetaStore.audit: ugi=alex	ip=unknown-ip-addr	cmd=get_table : tbl=hive.default.tstage	
2024-04-23T20:49:30,388  INFO [main] metastore.HMSHandler: Skipping translation for processor with null
2024-04-23T20:49:30,389  INFO [main] stats.BasicStatsTask: Executing stats task
2024-04-23T20:49:30,389  INFO [main] fs.FSStatsPublisher: created : file:/home/alex/Repositories/hive/ql/target/tmp/localscratchdir/17cd0e0b-b569-4f68-a2a8-f80c61b0fc5b/hive_2024-04-23_20-49-28_842_3895303388272478822-1/-mr-10000
2024-04-23T20:49:30,390  INFO [main] HiveMetaStore.audit: ugi=alex	ip=unknown-ip-addr	cmd=get_table : tbl=hive.default.tstage	
2024-04-23T20:49:30,396  INFO [main] metastore.HMSHandler: Skipping translation for processor with null
2024-04-23T20:49:30,405  WARN [main] FileOperations: Computing stats for an ACID table; stats may be inaccurate
2024-04-23T20:49:30,405  INFO [main] FileOperations: Read stats for default.tstage/, numRows, true, 3, false: 
2024-04-23T20:49:30,405  INFO [main] FileOperations: Read stats for default.tstage/, rawDataSize, true, 0, false: 
2024-04-23T20:49:30,406  INFO [main] HiveMetaStore.audit: ugi=alex	ip=unknown-ip-addr	cmd=alter_table: hive.default.tstage newtbl=tstage	
2024-04-23T20:49:30,427  INFO [main] FileOperations: Read stats for default.tstage/, insertCount, true, 3, false: 
2024-04-23T20:49:30,427  INFO [main] FileOperations: Read stats for default.tstage/, updateCount, true, 0, false: 
2024-04-23T20:49:30,428  INFO [main] FileOperations: Read stats for default.tstage/, deleteCount, true, 0, false: 
2024-04-23T20:49:30,429  INFO [main] stats.BasicStatsTask: Table default.tstage stats: [numFiles=1, numRows=3, totalSize=686, rawDataSize=0, numFilesErasureCoded=0]
2024-04-23T20:49:30,430  INFO [main] metadata.Hive: Dumping metastore api call timing information for : execution phase
2024-04-23T20:49:30,430  INFO [main] metadata.Hive: Total time spent in each metastore function (ms): {alter_table_(String, String, String, Table, EnvironmentContext, String)=48, getTable_(GetTableRequest)=27, isCompatibleWith_(Configuration)=1, updateTransactionalStatistics_(UpdateTransactionalStatsRequest)=1}
MapReduce Jobs Launched: 
2024-04-23T20:49:30,430  INFO [main] ql.Driver: MapReduce Jobs Launched: 
Stage-Stage-1:  HDFS Read: 0 HDFS Write: 0 SUCCESS
2024-04-23T20:49:30,430  INFO [main] ql.Driver: Stage-Stage-1:  HDFS Read: 0 HDFS Write: 0 SUCCESS
Total MapReduce CPU Time Spent: 0 msec
2024-04-23T20:49:30,430  INFO [main] ql.Driver: Total MapReduce CPU Time Spent: 0 msec
2024-04-23T20:49:30,430  INFO [main] ql.Driver: Completed executing command(queryId=alex_20240423204928_06e4a1ae-8829-4c1b-ba90-0ea21b43c5cb); Time taken: 1.396 seconds
2024-04-23T20:49:30,430  INFO [main] lockmgr.DbTxnManager: Stopped heartbeat for query: alex_20240423204928_06e4a1ae-8829-4c1b-ba90-0ea21b43c5cb
2024-04-23T20:49:30,439  INFO [main] txn.TxnHandler: Removed transactions: ([17]) from MIN_HISTORY_LEVEL
2024-04-23T20:49:30,439  WARN [main] txn.CompactionTxnHandler: No compaction queue record found for Compaction type transaction commit. txnId:17
2024-04-23T20:49:30,439  INFO [main] ql.TxnCommandsBaseForTests: Running the query: export table Tstage to '/home/alex/Repositories/hive/ql/target/tmp/org.apache.hadoop.hive.ql.TestTxnExIm-1713930480318/warehouse/1'
2024-04-23T20:49:30,440  INFO [main] ql.Context: Deleting scratch dir: file:/home/alex/Repositories/hive/ql/target/tmp/localscratchdir/17cd0e0b-b569-4f68-a2a8-f80c61b0fc5b/hive_2024-04-23_20-49-28_842_3895303388272478822-1
2024-04-23T20:49:30,440  INFO [main] cleanup.SyncCleanupService: Deleted directory: file:/home/alex/Repositories/hive/ql/target/tmp/localscratchdir/17cd0e0b-b569-4f68-a2a8-f80c61b0fc5b/hive_2024-04-23_20-49-28_842_3895303388272478822-1 on fs with scheme file
2024-04-23T20:49:30,441  INFO [main] ql.Driver: Compiling command(queryId=alex_20240423204930_702ee55b-2e6f-47d6-86a5-6f3c53aba8bc): export table Tstage to '/home/alex/Repositories/hive/ql/target/tmp/org.apache.hadoop.hive.ql.TestTxnExIm-1713930480318/warehouse/1'
2024-04-23T20:49:30,441  INFO [main] HiveMetaStore.audit: ugi=alex	ip=unknown-ip-addr	cmd=get_table : tbl=hive.default.Tstage	
2024-04-23T20:49:30,448  INFO [main] metastore.HMSHandler: Skipping translation for processor with null
2024-04-23T20:49:30,449  INFO [main] txn.TxnHandler: Added entries to MIN_HISTORY_LEVEL for current txns: ([18]) with min_open_txn: 18
2024-04-23T20:49:30,450  INFO [main] lockmgr.DbTxnManager: Opened txnid:18
2024-04-23T20:49:30,450  INFO [main] parse.AcidExportSemanticAnalyzer: Starting caching scope for: 
2024-04-23T20:49:30,450  INFO [main] HiveMetaStore.audit: ugi=alex	ip=unknown-ip-addr	cmd=get_table : tbl=hive.default.Tstage	
2024-04-23T20:49:30,457  INFO [main] metastore.HMSHandler: Skipping translation for processor with null
2024-04-23T20:49:30,457  INFO [main] HiveMetaStore.audit: ugi=alex	ip=unknown-ip-addr	cmd=get_database: default	
2024-04-23T20:49:30,459  INFO [main] HiveMetaStore.audit: ugi=alex	ip=unknown-ip-addr	cmd=get_table : tbl=hive.default.tstage	
2024-04-23T20:49:30,465  INFO [main] metastore.HMSHandler: Skipping translation for processor with null
2024-04-23T20:49:30,466  INFO [main] utils.FileUtils: Creating directory if it doesn't exist: file:/home/alex/Repositories/hive/ql/target/tmp/scratchdir/alex/17cd0e0b-b569-4f68-a2a8-f80c61b0fc5b/_tmp_space.db/4cfb241f-52df-4b24-a6f3-c5562992d359
2024-04-23T20:49:30,469  INFO [main] HiveMetaStore.audit: ugi=alex	ip=unknown-ip-addr	cmd=get_table : tbl=hive.default.Tstage	
2024-04-23T20:49:30,476  INFO [main] metastore.HMSHandler: Skipping translation for processor with null
2024-04-23T20:49:30,476  INFO [main] parse.RewriteSemanticAnalyzer: Going to reparse <export table Tstage to '/home/alex/Repositories/hive/ql/target/tmp/org.apache.hadoop.hive.ql.TestTxnExIm-1713930480318/warehouse/1'> as 
<insert into default.tstage_c94847a8_9b78_4abb_adbd_5a28a34b81b6 select * from `default`.`Tstage`>
2024-04-23T20:49:30,477  INFO [main] parse.AcidExportSemanticAnalyzer: Starting Semantic Analysis
2024-04-23T20:49:30,479  INFO [main] parse.AcidExportSemanticAnalyzer: Completed phase 1 of Semantic Analysis
2024-04-23T20:49:30,479  INFO [main] parse.AcidExportSemanticAnalyzer: Get metadata for source tables
2024-04-23T20:49:30,480  INFO [main] HiveMetaStore.audit: ugi=alex	ip=unknown-ip-addr	cmd=get_table : tbl=hive.default.tstage	
2024-04-23T20:49:30,487  INFO [main] metastore.HMSHandler: Skipping translation for processor with null
2024-04-23T20:49:30,487  INFO [main] parse.AcidExportSemanticAnalyzer: Get metadata for subqueries
2024-04-23T20:49:30,487  INFO [main] parse.AcidExportSemanticAnalyzer: Get metadata for destination tables
2024-04-23T20:49:30,487  INFO [main] parse.AcidExportSemanticAnalyzer: Completed getting MetaData in Semantic Analysis
2024-04-23T20:49:30,487  INFO [main] parse.AcidExportSemanticAnalyzer: Disabling LLAP IO encode as ETL query is detected
2024-04-23T20:49:30,500  INFO [main] HiveMetaStore.audit: ugi=alex	ip=unknown-ip-addr	cmd=get_all_table_constraints : tbl=hive.default.tstage	
2024-04-23T20:49:30,508  INFO [main] calcite.RelOptHiveTable: Calculating column statistics for default.tstage, projIndxSet: [0, 1], allowMissingStats: true
2024-04-23T20:49:30,509  INFO [main] HiveMetaStore.audit: ugi=alex	ip=unknown-ip-addr	cmd=get_table : tbl=hive.default.tstage	
2024-04-23T20:49:30,517  INFO [main] metastore.HMSHandler: Skipping translation for processor with null
2024-04-23T20:49:30,518  INFO [main] HiveMetaStore.audit: ugi=alex	ip=unknown-ip-addr	cmd=get_table : tbl=hive.default.tstage	
2024-04-23T20:49:30,527  INFO [main] metastore.HMSHandler: Skipping translation for processor with null
2024-04-23T20:49:30,527  INFO [main] HiveMetaStore.audit: ugi=alex	ip=unknown-ip-addr	cmd=get_table_statistics_req: table=hive.default.tstage	
2024-04-23T20:49:30,537  WARN [main] calcite.RelOptHiveTable: No Stats for default@tstage, Columns: a, b
No Stats for default@tstage, Columns: a, b
2024-04-23T20:49:30,537  INFO [main] SessionState: No Stats for default@tstage, Columns: a, b
2024-04-23T20:49:30,579  INFO [main] parse.AcidExportSemanticAnalyzer: Get metadata for source tables
2024-04-23T20:49:30,579  INFO [main] parse.AcidExportSemanticAnalyzer: Get metadata for subqueries
2024-04-23T20:49:30,579  INFO [main] parse.AcidExportSemanticAnalyzer: Get metadata for destination tables
2024-04-23T20:49:30,580  INFO [main] common.FileUtils: Creating directory if it doesn't exist: file:/home/alex/Repositories/hive/ql/target/tmp/scratchdir/alex/17cd0e0b-b569-4f68-a2a8-f80c61b0fc5b/_tmp_space.db/4cfb241f-52df-4b24-a6f3-c5562992d359/.hive-staging_hive_2024-04-23_20-49-30_476_2782034065963297555-1
2024-04-23T20:49:30,583  INFO [main] HiveMetaStore.audit: ugi=alex	ip=unknown-ip-addr	cmd=get_not_null_constraints : tbl=hive.default.tstage_c94847a8_9b78_4abb_adbd_5a28a34b81b6	
2024-04-23T20:49:30,584  INFO [main] HiveMetaStore.audit: ugi=alex	ip=unknown-ip-addr	cmd=get_check_constraints : tbl=hive.default.tstage_c94847a8_9b78_4abb_adbd_5a28a34b81b6	
2024-04-23T20:49:30,587  INFO [main] parse.AcidExportSemanticAnalyzer: CBO Succeeded; optimized logical plan.
2024-04-23T20:49:30,590  INFO [main] optimizer.BucketVersionPopulator: not considering bucketingVersion for: TS[0] because it has -1<2 buckets 
2024-04-23T20:49:30,590  INFO [main] optimizer.SortedDynPartitionOptimizer: Sorted dynamic partitioning optimization kicked in..
2024-04-23T20:49:30,599  INFO [main] optimizer.GenMRFileSink1: using CombineHiveInputformat for the merge job
2024-04-23T20:49:30,600  INFO [main] physical.Vectorizer: Examining input format to see if vectorization is enabled.
2024-04-23T20:49:30,601  INFO [main] physical.Vectorizer: Vectorization is enabled for input format(s) [org.apache.hadoop.hive.ql.io.orc.OrcInputFormat]
2024-04-23T20:49:30,601  INFO [main] physical.Vectorizer: Validating and vectorizing MapWork... (vectorizedVertexNum 0)
2024-04-23T20:49:30,602  INFO [main] physical.Vectorizer: Map vectorization enabled: true
2024-04-23T20:49:30,602  INFO [main] physical.Vectorizer: Map vectorized: true
2024-04-23T20:49:30,602  INFO [main] physical.Vectorizer: Map vectorizedVertexNum: 0
2024-04-23T20:49:30,602  INFO [main] physical.Vectorizer: Map enabledConditionsMet: [hive.vectorized.use.vectorized.input.format IS true]
2024-04-23T20:49:30,602  INFO [main] physical.Vectorizer: Map inputFileFormatClassNameSet: [org.apache.hadoop.hive.ql.io.orc.OrcInputFormat]
2024-04-23T20:49:30,603  INFO [main] parse.AcidExportSemanticAnalyzer: Completed plan generation
2024-04-23T20:49:30,605  INFO [main] HiveMetaStore.audit: ugi=alex	ip=unknown-ip-addr	cmd=get_table : tbl=hive.default.Tstage	
2024-04-23T20:49:30,611  INFO [main] metastore.HMSHandler: Skipping translation for processor with null
2024-04-23T20:49:30,612  INFO [main] parse.EximUtil: Path before norm :/home/alex/Repositories/hive/ql/target/tmp/org.apache.hadoop.hive.ql.TestTxnExIm-1713930480318/warehouse/1
2024-04-23T20:49:30,612  INFO [main] parse.EximUtil: Scheme:file, authority:null, path:/home/alex/Repositories/hive/ql/target/tmp/org.apache.hadoop.hive.ql.TestTxnExIm-1713930480318/warehouse/1
2024-04-23T20:49:30,612  INFO [main] parse.EximUtil: Path before norm :/home/alex/Repositories/hive/ql/target/tmp/org.apache.hadoop.hive.ql.TestTxnExIm-1713930480318/warehouse/1
2024-04-23T20:49:30,612  INFO [main] parse.EximUtil: Scheme:file, authority:null, path:/home/alex/Repositories/hive/ql/target/tmp/org.apache.hadoop.hive.ql.TestTxnExIm-1713930480318/warehouse/1
2024-04-23T20:49:30,612  INFO [main] parse.AcidExportSemanticAnalyzer: Ending caching scope for: 
2024-04-23T20:49:30,612  INFO [main] ql.Driver: Semantic Analysis Completed (retrial = false)
2024-04-23T20:49:30,612  INFO [main] ql.Driver: Created Hive schema: Schema(fieldSchemas:[FieldSchema(name:tstage.a, type:int, comment:null), FieldSchema(name:tstage.b, type:int, comment:null)], properties:null)
2024-04-23T20:49:30,612  INFO [main] metadata.Hive: Dumping metastore api call timing information for : compilation phase
2024-04-23T20:49:30,613  INFO [main] metadata.Hive: Total time spent in each metastore function (ms): {getValidTxns_(long)=0, commitTxn_(CommitTxnRequest)=8, createTable_(Table)=2, getCheckConstraints_(CheckConstraintsRequest)=1, getValidWriteIds_(List, String)=2, getDatabase_(String)=1, getAllTableConstraints_(AllTableConstraintsRequest)=5, openTxn_(String, TxnType)=2, getNotNullConstraints_(NotNullConstraintsRequest)=1, getTable_(GetTableRequest)=42, getCurrentNotificationEventId_()=2, isCompatibleWith_(Configuration)=3, flushCache_()=0, getTableColumnStatistics_(String, String, List, String)=27}
2024-04-23T20:49:30,613  INFO [main] ql.Driver: Completed compiling command(queryId=alex_20240423204930_702ee55b-2e6f-47d6-86a5-6f3c53aba8bc); Time taken: 0.171 seconds
2024-04-23T20:49:30,613  INFO [main] lockmgr.DbTxnManager: Setting lock request transaction to txnid:18 for queryId=alex_20240423204930_702ee55b-2e6f-47d6-86a5-6f3c53aba8bc
2024-04-23T20:49:30,613  INFO [main] lockmgr.DbLockManager: Requesting lock for queryId=alex_20240423204930_702ee55b-2e6f-47d6-86a5-6f3c53aba8bc
2024-04-23T20:49:30,625  INFO [main] lockmgr.DbLockManager: Response to queryId=alex_20240423204930_702ee55b-2e6f-47d6-86a5-6f3c53aba8bc LockResponse(lockid:12, state:ACQUIRED)
2024-04-23T20:49:30,625  INFO [main] ql.Driver: Operation QUERY obtained 1 locks
2024-04-23T20:49:30,626  INFO [main] ql.Driver: Executing command(queryId=alex_20240423204930_702ee55b-2e6f-47d6-86a5-6f3c53aba8bc): export table Tstage to '/home/alex/Repositories/hive/ql/target/tmp/org.apache.hadoop.hive.ql.TestTxnExIm-1713930480318/warehouse/1'
2024-04-23T20:49:30,627  WARN [main] ql.Driver: Hive-on-MR is deprecated in Hive 2 and may not be available in the future versions. Consider using a different execution engine (i.e. tez, spark) or using Hive 1.X releases.
Query ID = alex_20240423204930_702ee55b-2e6f-47d6-86a5-6f3c53aba8bc
2024-04-23T20:49:30,627  INFO [main] ql.Driver: Query ID = alex_20240423204930_702ee55b-2e6f-47d6-86a5-6f3c53aba8bc
Total jobs = 1
2024-04-23T20:49:30,627  INFO [main] ql.Driver: Total jobs = 1
Launching Job 1 out of 1
2024-04-23T20:49:30,627  INFO [main] ql.Driver: Launching Job 1 out of 1
2024-04-23T20:49:30,781  INFO [main] ql.Driver: Starting task [Stage-2:MAPRED] in serial mode
Number of reduce tasks is set to 0 since there's no reduce operator
2024-04-23T20:49:30,781  INFO [main] exec.Task: Number of reduce tasks is set to 0 since there's no reduce operator
2024-04-23T20:49:30,786  INFO [main] mr.ExecDriver: Using org.apache.hadoop.hive.ql.io.HiveInputFormat
2024-04-23T20:49:30,786  INFO [main] exec.Utilities: Processing alias tstage
2024-04-23T20:49:30,786  INFO [main] exec.Utilities: Adding 1 inputs; the first input is file:/home/alex/Repositories/hive/ql/target/tmp/org.apache.hadoop.hive.ql.TestTxnExIm-1713930480318/warehouse/tstage
2024-04-23T20:49:30,795  INFO [main] exec.SerializationUtilities: Serializing MapWork using kryo
2024-04-23T20:49:30,797  INFO [main] exec.Utilities: Serialized plan (via FILE) - name: null size: 6,56KB
2024-04-23T20:49:30,797  WARN [main] impl.MetricsSystemImpl: JobTracker metrics system already initialized!
2024-04-23T20:49:30,801  INFO [main] fs.FSStatsPublisher: created : file:/home/alex/Repositories/hive/ql/target/tmp/localscratchdir/17cd0e0b-b569-4f68-a2a8-f80c61b0fc5b/hive_2024-04-23_20-49-30_476_2782034065963297555-1/-mr-10001
2024-04-23T20:49:30,806  WARN [main] impl.MetricsSystemImpl: JobTracker metrics system already initialized!
2024-04-23T20:49:30,813  WARN [main] mapreduce.JobResourceUploader: Hadoop command-line option parsing not performed. Implement the Tool interface and execute your application with ToolRunner to remedy this.
2024-04-23T20:49:30,817  WARN [main] mapreduce.JobResourceUploader: No job jar file set.  User classes may not be found. See Job or Job#setJar(String).
2024-04-23T20:49:30,818  INFO [main] io.HiveInputFormat: hive.io.file.readcolumn.ids = 0,1
2024-04-23T20:49:30,818  INFO [main] io.HiveInputFormat: hive.io.file.readcolumn.names = a,b
2024-04-23T20:49:30,818  INFO [main] io.HiveInputFormat: Generating splits for dirs: file:/home/alex/Repositories/hive/ql/target/tmp/org.apache.hadoop.hive.ql.TestTxnExIm-1713930480318/warehouse/tstage
2024-04-23T20:49:30,819  INFO [main] orc.OrcInputFormat: getSplits started
2024-04-23T20:49:30,819  INFO [main] orc.OrcInputFormat: Context:: isAcid: true isVectorMode: true sarg: null minSplitSize: 1 maxSplitSize: 256000000 splitStrategy: HYBRID footerInSplits: false numBuckets: 0 numThreads: 10 cacheMemSize: 268435456 cacheStripeDetails: true useSoftReference: false writeIdList: default.tstage:1:9223372036854775807:: isTransactionalTable: true txnProperties: default 
2024-04-23T20:49:30,819  INFO [main] orc.OrcInputFormat: ORC pushdown predicate: null
2024-04-23T20:49:30,829  INFO [main] orc.OrcInputFormat: FooterCacheHitRatio: 0/1
2024-04-23T20:49:30,829  INFO [main] orc.OrcInputFormat: getSplits finished (#splits: 1). duration: 10 ms
2024-04-23T20:49:30,829  INFO [main] io.HiveInputFormat: number of splits 1
2024-04-23T20:49:30,848  INFO [main] mapreduce.JobSubmitter: number of splits:1
2024-04-23T20:49:30,869  INFO [main] mapreduce.JobSubmitter: Submitting tokens for job: job_local729330610_0035
2024-04-23T20:49:30,869  INFO [main] mapreduce.JobSubmitter: Executing with tokens: []
2024-04-23T20:49:30,934  INFO [main] mapreduce.Job: The url to track the job: http://localhost:8080/
Job running in-process (local Hadoop)
2024-04-23T20:49:30,934  INFO [main] exec.Task: Job running in-process (local Hadoop)
2024-04-23T20:49:30,935  INFO [Thread-2522] mapred.LocalJobRunner: OutputCommitter set in config org.apache.hadoop.hive.ql.io.HiveFileFormatUtils$NullOutputCommitter
2024-04-23T20:49:30,935  INFO [Thread-2522] mapred.LocalJobRunner: OutputCommitter is org.apache.hadoop.hive.ql.io.HiveFileFormatUtils$NullOutputCommitter
2024-04-23T20:49:30,936  INFO [Thread-2522] mapred.LocalJobRunner: Waiting for map tasks
2024-04-23T20:49:30,936  INFO [LocalJobRunner Map Task Executor #0] mapred.LocalJobRunner: Starting task: attempt_local729330610_0035_m_000000_0
2024-04-23T20:49:30,937  INFO [LocalJobRunner Map Task Executor #0] mapred.Task:  Using ResourceCalculatorProcessTree : [ ]
2024-04-23T20:49:30,937  INFO [LocalJobRunner Map Task Executor #0] mapred.MapTask: Processing split: org.apache.hadoop.hive.ql.io.orc.OrcInputFormat:OrcSplit [file:/home/alex/Repositories/hive/ql/target/tmp/org.apache.hadoop.hive.ql.TestTxnExIm-1713930480318/warehouse/tstage/delta_0000001_0000001_0000/bucket_00000_0, start=3, length=311, isOriginal=false, fileLength=686, hasFooter=false, hasBase=true, deltas=0]
2024-04-23T20:49:30,938  INFO [LocalJobRunner Map Task Executor #0] exec.SerializationUtilities: Deserializing MapWork using kryo
2024-04-23T20:49:30,939  INFO [LocalJobRunner Map Task Executor #0] exec.Utilities: Deserialized plan (via FILE) - name: null size: 6,56KB
2024-04-23T20:49:30,939  INFO [LocalJobRunner Map Task Executor #0] orc.VectorizedOrcAcidRowBatchReader: Read ValidWriteIdList: default.tstage:1:9223372036854775807:::OrcSplit [file:/home/alex/Repositories/hive/ql/target/tmp/org.apache.hadoop.hive.ql.TestTxnExIm-1713930480318/warehouse/tstage/delta_0000001_0000001_0000/bucket_00000_0, start=3, length=311, isOriginal=false, fileLength=686, hasFooter=false, hasBase=true, deltas=0]
2024-04-23T20:49:30,940  INFO [LocalJobRunner Map Task Executor #0] orc.ReaderImpl: Reading ORC rows from file:/home/alex/Repositories/hive/ql/target/tmp/org.apache.hadoop.hive.ql.TestTxnExIm-1713930480318/warehouse/tstage/delta_0000001_0000001_0000/bucket_00000_0 with {include: [true, true, true], offset: 3, length: 311, schema: struct<a:int,b:int>, includeAcidColumns: false}
2024-04-23T20:49:30,941  INFO [LocalJobRunner Map Task Executor #0] mapred.MapTask: numReduceTasks: 0
2024-04-23T20:49:30,941  INFO [LocalJobRunner Map Task Executor #0] vector.VectorMapOperator: Initializing Operator: MAP[0]
2024-04-23T20:49:30,941  INFO [LocalJobRunner Map Task Executor #0] mr.ExecMapper: 
<MAP>Id =0
  <Children>null
  <\Children>
  <Parent><\Parent>
<\MAP>
2024-04-23T20:49:30,942  INFO [LocalJobRunner Map Task Executor #0] exec.TableScanOperator: Initializing Operator: TS[0]
2024-04-23T20:49:30,942  INFO [LocalJobRunner Map Task Executor #0] vector.VectorSelectOperator: Initializing Operator: SEL[4]
2024-04-23T20:49:30,942  INFO [LocalJobRunner Map Task Executor #0] vector.VectorFileSinkOperator: Initializing Operator: FS[5]
2024-04-23T20:49:30,943  INFO [LocalJobRunner Map Task Executor #0] exec.FileSinkOperator: Using serializer : AbstractSerDe [log=org.apache.logging.slf4j.Log4jLogger@27129f36, configuration=Optional[Configuration: core-default.xml, core-site.xml, mapred-default.xml, mapred-site.xml, yarn-default.xml, yarn-site.xml, hdfs-default.xml, hdfs-site.xml, file:/home/alex/Repositories/hive/ql/target/tmp/TestTxnExIm/mapred/local/localRunner/alex/job_local729330610_0035/job_local729330610_0035.xml], properties={name=default.tstage_c94847a8_9b78_4abb_adbd_5a28a34b81b6, transactional=false, columns.types=int:int, numFilesErasureCoded=0, columns=a,b, columns.comments=&amp#0;, serialization.lib=org.apache.hadoop.hive.ql.io.orc.OrcSerde, file.inputformat=org.apache.hadoop.hive.ql.io.orc.OrcInputFormat, file.outputformat=org.apache.hadoop.hive.ql.io.orc.OrcOutputFormat, location=file:/home/alex/Repositories/hive/ql/target/tmp/scratchdir/alex/17cd0e0b-b569-4f68-a2a8-f80c61b0fc5b/_tmp_space.db/4cfb241f-52df-4b24-a6f3-c5562992d359, column.name.delimiter=,}, tableProperties={name=default.tstage_c94847a8_9b78_4abb_adbd_5a28a34b81b6, transactional=false, columns.types=int:int, numFilesErasureCoded=0, columns=a,b, columns.comments=&amp#0;, serialization.lib=org.apache.hadoop.hive.ql.io.orc.OrcSerde, file.inputformat=org.apache.hadoop.hive.ql.io.orc.OrcInputFormat, location=file:/home/alex/Repositories/hive/ql/target/tmp/scratchdir/alex/17cd0e0b-b569-4f68-a2a8-f80c61b0fc5b/_tmp_space.db/4cfb241f-52df-4b24-a6f3-c5562992d359, file.outputformat=org.apache.hadoop.hive.ql.io.orc.OrcOutputFormat, column.name.delimiter=,}, partitionProperties=Optional.empty, columnNames=[a, b], columnTypes=[int, int], getClass()=class org.apache.hadoop.hive.ql.io.orc.OrcSerde] and formatter : org.apache.hadoop.hive.ql.io.orc.OrcOutputFormat@2c2018f4
2024-04-23T20:49:30,944  INFO [LocalJobRunner Map Task Executor #0] exec.FileSinkOperator: Final Path: FS file:/home/alex/Repositories/hive/ql/target/tmp/scratchdir/alex/17cd0e0b-b569-4f68-a2a8-f80c61b0fc5b/_tmp_space.db/4cfb241f-52df-4b24-a6f3-c5562992d359/.hive-staging_hive_2024-04-23_20-49-30_476_2782034065963297555-1/_tmp.-ext-10002/000000_0
2024-04-23T20:49:30,944  INFO [LocalJobRunner Map Task Executor #0] exec.FileSinkOperator: Writing to temp file: FS file:/home/alex/Repositories/hive/ql/target/tmp/scratchdir/alex/17cd0e0b-b569-4f68-a2a8-f80c61b0fc5b/_tmp_space.db/4cfb241f-52df-4b24-a6f3-c5562992d359/.hive-staging_hive_2024-04-23_20-49-30_476_2782034065963297555-1/_task_tmp.-ext-10002/_tmp.000000_0
2024-04-23T20:49:30,944  INFO [LocalJobRunner Map Task Executor #0] exec.FileSinkOperator: New Final Path: FS file:/home/alex/Repositories/hive/ql/target/tmp/scratchdir/alex/17cd0e0b-b569-4f68-a2a8-f80c61b0fc5b/_tmp_space.db/4cfb241f-52df-4b24-a6f3-c5562992d359/.hive-staging_hive_2024-04-23_20-49-30_476_2782034065963297555-1/_tmp.-ext-10002/000000_0
2024-04-23T20:49:30,944  INFO [LocalJobRunner Map Task Executor #0] exec.FileSinkOperator: FS[5]: records written - 1
2024-04-23T20:49:30,944  INFO [LocalJobRunner Map Task Executor #0] impl.PhysicalFsWriter: ORC writer created for path: file:/home/alex/Repositories/hive/ql/target/tmp/scratchdir/alex/17cd0e0b-b569-4f68-a2a8-f80c61b0fc5b/_tmp_space.db/4cfb241f-52df-4b24-a6f3-c5562992d359/.hive-staging_hive_2024-04-23_20-49-30_476_2782034065963297555-1/_task_tmp.-ext-10002/_tmp.000000_0 with stripeSize: 67108864 blockSize: 268435456 compression: Compress: ZLIB buffer: 262144
2024-04-23T20:49:30,951  INFO [LocalJobRunner Map Task Executor #0] impl.WriterImpl: ORC writer created for path: file:/home/alex/Repositories/hive/ql/target/tmp/scratchdir/alex/17cd0e0b-b569-4f68-a2a8-f80c61b0fc5b/_tmp_space.db/4cfb241f-52df-4b24-a6f3-c5562992d359/.hive-staging_hive_2024-04-23_20-49-30_476_2782034065963297555-1/_task_tmp.-ext-10002/_tmp.000000_0 with stripeSize: 67108864 options: Compress: ZLIB buffer: 262144
2024-04-23T20:49:30,952  INFO [LocalJobRunner Map Task Executor #0] vector.VectorMapOperator: Closing Operator: MAP[0]
2024-04-23T20:49:30,952  INFO [LocalJobRunner Map Task Executor #0] vector.VectorMapOperator: RECORDS_OUT_INTERMEDIATE:0, RECORDS_OUT_OPERATOR_MAP_0:0, DESERIALIZE_ERRORS:0, RECORDS_IN:3, 
2024-04-23T20:49:30,952  INFO [LocalJobRunner Map Task Executor #0] exec.TableScanOperator: Closing Operator: TS[0]
2024-04-23T20:49:30,952  INFO [LocalJobRunner Map Task Executor #0] exec.TableScanOperator: RECORDS_OUT_INTERMEDIATE:0, RECORDS_OUT_OPERATOR_TS_0:3, 
2024-04-23T20:49:30,952  INFO [LocalJobRunner Map Task Executor #0] vector.VectorSelectOperator: Closing Operator: SEL[4]
2024-04-23T20:49:30,952  INFO [LocalJobRunner Map Task Executor #0] vector.VectorSelectOperator: RECORDS_OUT_INTERMEDIATE:0, RECORDS_OUT_OPERATOR_SEL_4:3, 
2024-04-23T20:49:30,952  INFO [LocalJobRunner Map Task Executor #0] vector.VectorFileSinkOperator: Closing Operator: FS[5]
2024-04-23T20:49:30,952  INFO [LocalJobRunner Map Task Executor #0] exec.FileSinkOperator: FS[5]: records written - 3
2024-04-23T20:49:30,960  INFO [LocalJobRunner Map Task Executor #0] vector.VectorFileSinkOperator: TOTAL_TABLE_ROWS_WRITTEN:3, RECORDS_OUT_INTERMEDIATE:0, RECORDS_OUT_1_default.tstage_c94847a8_9b78_4abb_adbd_5a28a34b81b6:3, RECORDS_OUT_OPERATOR_FS_5:3, 
2024-04-23T20:49:30,960  INFO [LocalJobRunner Map Task Executor #0] mapred.LocalJobRunner: 
2024-04-23T20:49:30,961  INFO [LocalJobRunner Map Task Executor #0] mapred.Task: Task:attempt_local729330610_0035_m_000000_0 is done. And is in the process of committing
2024-04-23T20:49:30,961  INFO [LocalJobRunner Map Task Executor #0] mapred.LocalJobRunner: OrcSplit [file:/home/alex/Repositories/hive/ql/target/tmp/org.apache.hadoop.hive.ql.TestTxnExIm-1713930480318/warehouse/tstage/delta_0000001_0000001_0000/bucket_00000_0, start=3, length=311, isOriginal=false, fileLength=686, hasFooter=false, hasBase=true, deltas=0]
2024-04-23T20:49:30,961  INFO [LocalJobRunner Map Task Executor #0] mapred.Task: Task 'attempt_local729330610_0035_m_000000_0' done.
2024-04-23T20:49:30,961  INFO [LocalJobRunner Map Task Executor #0] mapred.Task: Final Counters for attempt_local729330610_0035_m_000000_0: Counters: 25
	File System Counters
		FILE: Number of bytes read=592555
		FILE: Number of bytes written=40878389
		FILE: Number of read operations=0
		FILE: Number of large read operations=0
		FILE: Number of write operations=0
	Map-Reduce Framework
		Map input records=1
		Map output records=0
		Input split bytes=485
		Spilled Records=0
		Failed Shuffles=0
		Merged Map outputs=0
		GC time elapsed (ms)=0
		Total committed heap usage (bytes)=1200619520
	HIVE
		CREATED_FILES=1
		DESERIALIZE_ERRORS=0
		RECORDS_IN=3
		RECORDS_OUT_1_default.tstage_c94847a8_9b78_4abb_adbd_5a28a34b81=3
		RECORDS_OUT_INTERMEDIATE=0
		RECORDS_OUT_OPERATOR_FS_5=3
		RECORDS_OUT_OPERATOR_MAP_0=0
		RECORDS_OUT_OPERATOR_SEL_4=3
		RECORDS_OUT_OPERATOR_TS_0=3
		TOTAL_TABLE_ROWS_WRITTEN=3
	File Input Format Counters 
		Bytes Read=9450
	File Output Format Counters 
		Bytes Written=0
2024-04-23T20:49:30,961  INFO [LocalJobRunner Map Task Executor #0] mapred.LocalJobRunner: Finishing task: attempt_local729330610_0035_m_000000_0
2024-04-23T20:49:30,961  INFO [Thread-2522] mapred.LocalJobRunner: map task executor complete.
2024-04-23 20:49:31,936 Stage-2 map = 100%,  reduce = 0%
2024-04-23T20:49:31,936  INFO [main] exec.Task: 2024-04-23 20:49:31,936 Stage-2 map = 100%,  reduce = 0%
Ended Job = job_local729330610_0035
2024-04-23T20:49:31,937  INFO [main] exec.Task: Ended Job = job_local729330610_0035
2024-04-23T20:49:31,941  INFO [main] ql.Driver: Starting task [Stage-8:CONDITIONAL] in serial mode
Stage-5 is selected by condition resolver.
2024-04-23T20:49:31,942  INFO [main] exec.Task: Stage-5 is selected by condition resolver.
Stage-4 is filtered out by condition resolver.
2024-04-23T20:49:31,942  INFO [main] exec.Task: Stage-4 is filtered out by condition resolver.
Stage-6 is filtered out by condition resolver.
2024-04-23T20:49:31,942  INFO [main] exec.Task: Stage-6 is filtered out by condition resolver.
2024-04-23T20:49:31,942  INFO [main] ql.Driver: Starting task [Stage-5:MOVE] in serial mode
Moving data to directory file:/home/alex/Repositories/hive/ql/target/tmp/scratchdir/alex/17cd0e0b-b569-4f68-a2a8-f80c61b0fc5b/_tmp_space.db/4cfb241f-52df-4b24-a6f3-c5562992d359/.hive-staging_hive_2024-04-23_20-49-30_476_2782034065963297555-1/-ext-10000
2024-04-23T20:49:31,942  INFO [main] exec.Task: Moving data to directory file:/home/alex/Repositories/hive/ql/target/tmp/scratchdir/alex/17cd0e0b-b569-4f68-a2a8-f80c61b0fc5b/_tmp_space.db/4cfb241f-52df-4b24-a6f3-c5562992d359/.hive-staging_hive_2024-04-23_20-49-30_476_2782034065963297555-1/-ext-10000 from file:/home/alex/Repositories/hive/ql/target/tmp/scratchdir/alex/17cd0e0b-b569-4f68-a2a8-f80c61b0fc5b/_tmp_space.db/4cfb241f-52df-4b24-a6f3-c5562992d359/.hive-staging_hive_2024-04-23_20-49-30_476_2782034065963297555-1/-ext-10002
2024-04-23T20:49:31,943  INFO [main] ql.Driver: Starting task [Stage-1:MOVE] in serial mode
Loading data to table default.tstage_c94847a8_9b78_4abb_adbd_5a28a34b81b6
2024-04-23T20:49:31,943  INFO [main] exec.Task: Loading data to table default.tstage_c94847a8_9b78_4abb_adbd_5a28a34b81b6 from file:/home/alex/Repositories/hive/ql/target/tmp/scratchdir/alex/17cd0e0b-b569-4f68-a2a8-f80c61b0fc5b/_tmp_space.db/4cfb241f-52df-4b24-a6f3-c5562992d359/.hive-staging_hive_2024-04-23_20-49-30_476_2782034065963297555-1/-ext-10000
2024-04-23T20:49:31,946  WARN [main] metadata.Hive: Cannot get a table snapshot for tstage_c94847a8_9b78_4abb_adbd_5a28a34b81b6
2024-04-23T20:49:31,946  INFO [main] metadata.SessionHiveMetaStoreClient: Column stats doesn't exist for db=default temp table=tstage_c94847a8_9b78_4abb_adbd_5a28a34b81b6
2024-04-23T20:49:31,946  INFO [main] ql.Driver: Starting task [Stage-10:DDL] in serial mode
2024-04-23T20:49:31,948  INFO [main] metadata.SessionHiveMetaStoreClient: Column stats doesn't exist for db=default temp table=tstage_c94847a8_9b78_4abb_adbd_5a28a34b81b6
2024-04-23T20:49:31,948  INFO [main] ql.Driver: Starting task [Stage-9:REPL_DUMP] in serial mode
2024-04-23T20:49:31,948  INFO [main] parse.EximUtil: Path before norm :/home/alex/Repositories/hive/ql/target/tmp/org.apache.hadoop.hive.ql.TestTxnExIm-1713930480318/warehouse/1
2024-04-23T20:49:31,948  INFO [main] parse.EximUtil: Scheme:file, authority:null, path:/home/alex/Repositories/hive/ql/target/tmp/org.apache.hadoop.hive.ql.TestTxnExIm-1713930480318/warehouse/1
2024-04-23T20:49:31,948  INFO [main] parse.EximUtil: Path before norm :/home/alex/Repositories/hive/ql/target/tmp/org.apache.hadoop.hive.ql.TestTxnExIm-1713930480318/warehouse/1
2024-04-23T20:49:31,948  INFO [main] parse.EximUtil: Scheme:file, authority:null, path:/home/alex/Repositories/hive/ql/target/tmp/org.apache.hadoop.hive.ql.TestTxnExIm-1713930480318/warehouse/1
2024-04-23T20:49:31,949  INFO [main] plan.ExportWork: Swapping export of Tstage to default.tstage_c94847a8_9b78_4abb_adbd_5a28a34b81b6 using partSpec=null
2024-04-23T20:49:31,959  WARN [main] shims.Utils: XAttr won't be preserved since it is not supported for file system: file:///
2024-04-23T20:49:31,964  INFO [main] ql.Driver: Starting task [Stage-11:DDL] in serial mode
2024-04-23T20:49:31,965  INFO [main] metadata.SessionHiveMetaStoreClient: Column stats doesn't exist for db=default temp table=tstage_c94847a8_9b78_4abb_adbd_5a28a34b81b6
2024-04-23T20:49:31,965  INFO [main] metadata.Hive: Dumping metastore api call timing information for : execution phase
2024-04-23T20:49:31,965  INFO [main] metadata.Hive: Total time spent in each metastore function (ms): {isCompatibleWith_(Configuration)=2, dropTable_(String, String, boolean, boolean, boolean)=0, alter_table_(String, String, String, Table, EnvironmentContext, String)=0, getValidWriteIds_(List, String)=0, getTable_(GetTableRequest)=2}
MapReduce Jobs Launched: 
2024-04-23T20:49:31,966  INFO [main] ql.Driver: MapReduce Jobs Launched: 
Stage-Stage-2:  HDFS Read: 0 HDFS Write: 0 SUCCESS
2024-04-23T20:49:31,966  INFO [main] ql.Driver: Stage-Stage-2:  HDFS Read: 0 HDFS Write: 0 SUCCESS
Total MapReduce CPU Time Spent: 0 msec
2024-04-23T20:49:31,966  INFO [main] ql.Driver: Total MapReduce CPU Time Spent: 0 msec
2024-04-23T20:49:31,966  INFO [main] ql.Driver: Completed executing command(queryId=alex_20240423204930_702ee55b-2e6f-47d6-86a5-6f3c53aba8bc); Time taken: 1.339 seconds
2024-04-23T20:49:31,966  INFO [main] lockmgr.DbTxnManager: Stopped heartbeat for query: alex_20240423204930_702ee55b-2e6f-47d6-86a5-6f3c53aba8bc
2024-04-23T20:49:31,969  INFO [main] txn.TxnHandler: Expected to move at least one record from txn_components to completed_txn_components when committing txn! txnid:18
2024-04-23T20:49:31,975  INFO [main] txn.TxnHandler: Removed transactions: ([18]) from MIN_HISTORY_LEVEL
2024-04-23T20:49:31,975  WARN [main] txn.CompactionTxnHandler: No compaction queue record found for Compaction type transaction commit. txnId:18
2024-04-23T20:49:31,975  INFO [main] ql.TxnCommandsBaseForTests: Running the query: import table T from '/home/alex/Repositories/hive/ql/target/tmp/org.apache.hadoop.hive.ql.TestTxnExIm-1713930480318/warehouse/1'
2024-04-23T20:49:31,976  INFO [main] ql.Context: Deleting scratch dir: file:/home/alex/Repositories/hive/ql/target/tmp/scratchdir/alex/17cd0e0b-b569-4f68-a2a8-f80c61b0fc5b/_tmp_space.db/4cfb241f-52df-4b24-a6f3-c5562992d359/.hive-staging_hive_2024-04-23_20-49-30_476_2782034065963297555-1
2024-04-23T20:49:31,976  INFO [main] ql.Context: Deleting scratch dir: file:/home/alex/Repositories/hive/ql/target/tmp/localscratchdir/17cd0e0b-b569-4f68-a2a8-f80c61b0fc5b/hive_2024-04-23_20-49-30_476_2782034065963297555-1
2024-04-23T20:49:31,976  INFO [main] cleanup.SyncCleanupService: Deleted directory: file:/home/alex/Repositories/hive/ql/target/tmp/localscratchdir/17cd0e0b-b569-4f68-a2a8-f80c61b0fc5b/hive_2024-04-23_20-49-30_476_2782034065963297555-1 on fs with scheme file
2024-04-23T20:49:31,976  INFO [main] ql.Context: Deleting scratch dir: file:/home/alex/Repositories/hive/ql/target/tmp/localscratchdir/17cd0e0b-b569-4f68-a2a8-f80c61b0fc5b/hive_2024-04-23_20-49-30_440_5354648138557834210-1
2024-04-23T20:49:31,976  INFO [main] cleanup.SyncCleanupService: Deleted directory: file:/home/alex/Repositories/hive/ql/target/tmp/localscratchdir/17cd0e0b-b569-4f68-a2a8-f80c61b0fc5b/hive_2024-04-23_20-49-30_440_5354648138557834210-1 on fs with scheme file
2024-04-23T20:49:31,976  INFO [main] ql.Driver: Compiling command(queryId=alex_20240423204931_64cda00a-a201-41b7-b4ee-4f69b76d245f): import table T from '/home/alex/Repositories/hive/ql/target/tmp/org.apache.hadoop.hive.ql.TestTxnExIm-1713930480318/warehouse/1'
2024-04-23T20:49:31,979  INFO [main] txn.TxnHandler: Added entries to MIN_HISTORY_LEVEL for current txns: ([19]) with min_open_txn: 19
2024-04-23T20:49:31,979  INFO [main] lockmgr.DbTxnManager: Opened txnid:19
2024-04-23T20:49:31,979  INFO [main] parse.EximUtil: Path before norm :/home/alex/Repositories/hive/ql/target/tmp/org.apache.hadoop.hive.ql.TestTxnExIm-1713930480318/warehouse/1
2024-04-23T20:49:31,979  INFO [main] parse.EximUtil: Scheme:file, authority:null, path:/home/alex/Repositories/hive/ql/target/tmp/org.apache.hadoop.hive.ql.TestTxnExIm-1713930480318/warehouse/1
2024-04-23T20:49:31,980  INFO [main] parse.EximUtil: Path before norm :/home/alex/Repositories/hive/ql/target/tmp/org.apache.hadoop.hive.ql.TestTxnExIm-1713930480318/warehouse/1
2024-04-23T20:49:31,980  INFO [main] parse.EximUtil: Scheme:file, authority:null, path:/home/alex/Repositories/hive/ql/target/tmp/org.apache.hadoop.hive.ql.TestTxnExIm-1713930480318/warehouse/1
2024-04-23T20:49:31,980  INFO [main] HiveMetaStore.audit: ugi=alex	ip=unknown-ip-addr	cmd=get_table : tbl=hive.default.T	
2024-04-23T20:49:31,987  INFO [main] metastore.HMSHandler: Skipping translation for processor with null
2024-04-23T20:49:31,990  INFO [main] txn.TxnHandler: Allocated writeId: 1 for txnId: 19
2024-04-23T20:49:31,990  INFO [main] txn.TxnHandler: Allocated write ids for dbName=default, tblName=t (txnIds: [19])
2024-04-23T20:49:31,991  INFO [main] ql.Driver: Semantic Analysis Completed (retrial = false)
2024-04-23T20:49:31,991  INFO [main] ql.Driver: Created Hive schema: Schema(fieldSchemas:null, properties:null)
2024-04-23T20:49:31,991  INFO [main] metadata.Hive: Dumping metastore api call timing information for : compilation phase
2024-04-23T20:49:31,991  INFO [main] metadata.Hive: Total time spent in each metastore function (ms): {commitTxn_(CommitTxnRequest)=9, openTxn_(String, TxnType)=2, getTable_(GetTableRequest)=7, allocateTableWriteId_(long, String, String)=4, getValidTxns_(long)=0, isCompatibleWith_(Configuration)=0, flushCache_()=0}
2024-04-23T20:49:31,992  INFO [main] ql.Driver: Completed compiling command(queryId=alex_20240423204931_64cda00a-a201-41b7-b4ee-4f69b76d245f); Time taken: 0.015 seconds
2024-04-23T20:49:31,992  INFO [main] lockmgr.DbTxnManager: Setting lock request transaction to txnid:19 for queryId=alex_20240423204931_64cda00a-a201-41b7-b4ee-4f69b76d245f
2024-04-23T20:49:31,992  INFO [main] ql.Driver: Operation IMPORT obtained 0 locks
2024-04-23T20:49:31,992  INFO [main] ql.Driver: Executing command(queryId=alex_20240423204931_64cda00a-a201-41b7-b4ee-4f69b76d245f): import table T from '/home/alex/Repositories/hive/ql/target/tmp/org.apache.hadoop.hive.ql.TestTxnExIm-1713930480318/warehouse/1'
2024-04-23T20:49:31,992  INFO [main] ql.Driver: Starting task [Stage-0:COPY] in serial mode
Copying data from file:/home/alex/Repositories/hive/ql/target/tmp/org.apache.hadoop.hive.ql.TestTxnExIm-1713930480318/warehouse/1/data
2024-04-23T20:49:31,992  INFO [main] exec.Task: Copying data from file:/home/alex/Repositories/hive/ql/target/tmp/org.apache.hadoop.hive.ql.TestTxnExIm-1713930480318/warehouse/1/data to file:/home/alex/Repositories/hive/ql/target/tmp/org.apache.hadoop.hive.ql.TestTxnExIm-1713930480318/warehouse/t/delta_0000001_0000001_0000
2024-04-23T20:49:31,993  INFO [main] common.FileUtils: Creating directory if it doesn't exist: file:/home/alex/Repositories/hive/ql/target/tmp/org.apache.hadoop.hive.ql.TestTxnExIm-1713930480318/warehouse/t/delta_0000001_0000001_0000
Copying file: file:/home/alex/Repositories/hive/ql/target/tmp/org.apache.hadoop.hive.ql.TestTxnExIm-1713930480318/warehouse/1/data/000000_0
2024-04-23T20:49:31,995  INFO [main] exec.Task: Copying file: file:/home/alex/Repositories/hive/ql/target/tmp/org.apache.hadoop.hive.ql.TestTxnExIm-1713930480318/warehouse/1/data/000000_0
2024-04-23T20:49:31,995  WARN [main] shims.Utils: XAttr won't be preserved since it is not supported for file system: file:///
2024-04-23T20:49:31,999  INFO [main] ql.Driver: Starting task [Stage-1:MOVE] in serial mode
Loading data to table default.t
2024-04-23T20:49:31,999  INFO [main] exec.Task: Loading data to table default.t from file:/home/alex/Repositories/hive/ql/target/tmp/org.apache.hadoop.hive.ql.TestTxnExIm-1713930480318/warehouse/t
2024-04-23T20:49:32,000  INFO [main] HiveMetaStore.audit: ugi=alex	ip=unknown-ip-addr	cmd=get_table : tbl=hive.default.t	
2024-04-23T20:49:32,006  INFO [main] metastore.HMSHandler: Skipping translation for processor with null
2024-04-23T20:49:32,006  INFO [main] HiveMetaStore.audit: ugi=alex	ip=unknown-ip-addr	cmd=get_table : tbl=hive.default.t	
2024-04-23T20:49:32,013  INFO [main] metastore.HMSHandler: Skipping translation for processor with null
2024-04-23T20:49:32,013  INFO [main] HiveMetaStore.audit: ugi=alex	ip=unknown-ip-addr	cmd=alter_table: hive.default.t newtbl=t	
2024-04-23T20:49:32,027  INFO [main] utils.MetaStoreServerUtils: Updating table stats for t
2024-04-23T20:49:32,027  INFO [main] utils.MetaStoreServerUtils: Updated size of table t to 256
2024-04-23T20:49:32,040  INFO [main] metadata.Hive: Dumping metastore api call timing information for : execution phase
2024-04-23T20:49:32,040  INFO [main] metadata.Hive: Total time spent in each metastore function (ms): {isCompatibleWith_(Configuration)=0, getTable_(GetTableRequest)=14, alter_table_(String, String, String, Table, EnvironmentContext, String)=27}
2024-04-23T20:49:32,040  INFO [main] ql.Driver: Completed executing command(queryId=alex_20240423204931_64cda00a-a201-41b7-b4ee-4f69b76d245f); Time taken: 0.048 seconds
2024-04-23T20:49:32,040  INFO [main] lockmgr.DbTxnManager: Stopped heartbeat for query: alex_20240423204931_64cda00a-a201-41b7-b4ee-4f69b76d245f
2024-04-23T20:49:32,045  INFO [main] txn.TxnHandler: Expected to move at least one record from txn_components to completed_txn_components when committing txn! txnid:19
2024-04-23T20:49:32,049  INFO [main] txn.TxnHandler: Removed transactions: ([19]) from MIN_HISTORY_LEVEL
2024-04-23T20:49:32,049  WARN [main] txn.CompactionTxnHandler: No compaction queue record found for Compaction type transaction commit. txnId:19
2024-04-23T20:49:32,058  INFO [main] ql.TxnCommandsBaseForTests: Running the query: select ROW__ID, a, b from T order by ROW__ID
2024-04-23T20:49:32,058  INFO [main] ql.Driver: Compiling command(queryId=alex_20240423204932_1116e01b-561e-44be-bd29-a6a3a53eb912): select ROW__ID, a, b from T order by ROW__ID
2024-04-23T20:49:32,061  INFO [main] txn.TxnHandler: Added entries to MIN_HISTORY_LEVEL for current txns: ([20]) with min_open_txn: 19
2024-04-23T20:49:32,061  INFO [main] lockmgr.DbTxnManager: Opened txnid:20
2024-04-23T20:49:32,062  INFO [main] parse.CalcitePlanner: Starting caching scope for: 
2024-04-23T20:49:32,062  INFO [main] parse.CalcitePlanner: Starting Semantic Analysis
2024-04-23T20:49:32,065  INFO [main] parse.CalcitePlanner: Completed phase 1 of Semantic Analysis
2024-04-23T20:49:32,065  INFO [main] parse.CalcitePlanner: Get metadata for source tables
2024-04-23T20:49:32,065  INFO [main] HiveMetaStore.audit: ugi=alex	ip=unknown-ip-addr	cmd=get_table : tbl=hive.default.t	
2024-04-23T20:49:32,070  INFO [main] metastore.ObjectStore: Removed COLUMN_STATS_ACCURATE from Table's parameters.
2024-04-23T20:49:32,072  INFO [main] metastore.HMSHandler: Skipping translation for processor with null
2024-04-23T20:49:32,072  INFO [main] parse.CalcitePlanner: Get metadata for subqueries
2024-04-23T20:49:32,072  INFO [main] parse.CalcitePlanner: Get metadata for destination tables
2024-04-23T20:49:32,072  INFO [main] parse.CalcitePlanner: Completed getting MetaData in Semantic Analysis
2024-04-23T20:49:32,085  INFO [main] HiveMetaStore.audit: ugi=alex	ip=unknown-ip-addr	cmd=get_all_table_constraints : tbl=hive.default.t	
2024-04-23T20:49:32,094  INFO [main] calcite.RelOptHiveTable: Calculating column statistics for default.t, projIndxSet: [0, 1], allowMissingStats: true
2024-04-23T20:49:32,095  INFO [main] HiveMetaStore.audit: ugi=alex	ip=unknown-ip-addr	cmd=get_table : tbl=hive.default.t	
2024-04-23T20:49:32,103  INFO [main] metastore.HMSHandler: Skipping translation for processor with null
2024-04-23T20:49:32,104  INFO [main] HiveMetaStore.audit: ugi=alex	ip=unknown-ip-addr	cmd=get_table : tbl=hive.default.t	
2024-04-23T20:49:32,113  INFO [main] metastore.HMSHandler: Skipping translation for processor with null
2024-04-23T20:49:32,113  INFO [main] HiveMetaStore.audit: ugi=alex	ip=unknown-ip-addr	cmd=get_table_statistics_req: table=hive.default.t	
2024-04-23T20:49:32,121  WARN [main] calcite.RelOptHiveTable: No Stats for default@t, Columns: b, a
No Stats for default@t, Columns: b, a
2024-04-23T20:49:32,121  INFO [main] SessionState: No Stats for default@t, Columns: b, a
2024-04-23T20:49:32,160  INFO [main] parse.CalcitePlanner: Get metadata for source tables
2024-04-23T20:49:32,161  INFO [main] parse.CalcitePlanner: Get metadata for subqueries
2024-04-23T20:49:32,161  INFO [main] parse.CalcitePlanner: Get metadata for destination tables
2024-04-23T20:49:32,162  INFO [main] common.FileUtils: Creating directory if it doesn't exist: file:/home/alex/Repositories/hive/ql/target/tmp/localscratchdir/17cd0e0b-b569-4f68-a2a8-f80c61b0fc5b/hive_2024-04-23_20-49-32_058_6023639734447857326-1/-mr-10001/.hive-staging_hive_2024-04-23_20-49-32_058_6023639734447857326-1
2024-04-23T20:49:32,169  INFO [main] parse.CalcitePlanner: CBO Succeeded; optimized logical plan.
2024-04-23T20:49:32,172  INFO [main] optimizer.ColumnPrunerProcFactory: RS 2 oldColExprMap: {VALUE._col0=Column[_col1], KEY.reducesinkkey0=Column[_col0], VALUE._col1=Column[_col2]}
2024-04-23T20:49:32,172  INFO [main] optimizer.ColumnPrunerProcFactory: RS 2 newColExprMap: {KEY.reducesinkkey0=Column[_col0], VALUE._col0=Column[_col1], VALUE._col1=Column[_col2]}
2024-04-23T20:49:32,173  INFO [main] optimizer.BucketVersionPopulator: not considering bucketingVersion for: TS[0] because it has -1<2 buckets 
2024-04-23T20:49:32,174  INFO [main] optimizer.SortedDynPartitionOptimizer: Sorted dynamic partitioning optimization kicked in..
2024-04-23T20:49:32,183  INFO [main] physical.Vectorizer: Examining input format to see if vectorization is enabled.
2024-04-23T20:49:32,183  INFO [main] physical.Vectorizer: Vectorization is enabled for input format(s) [org.apache.hadoop.hive.ql.io.orc.OrcInputFormat]
2024-04-23T20:49:32,183  INFO [main] physical.Vectorizer: Validating and vectorizing MapWork... (vectorizedVertexNum 0)
2024-04-23T20:49:32,184  INFO [main] physical.Vectorizer: Map vectorization enabled: true
2024-04-23T20:49:32,184  INFO [main] physical.Vectorizer: Map vectorized: true
2024-04-23T20:49:32,184  INFO [main] physical.Vectorizer: Map vectorizedVertexNum: 0
2024-04-23T20:49:32,184  INFO [main] physical.Vectorizer: Map enabledConditionsMet: [hive.vectorized.use.vectorized.input.format IS true]
2024-04-23T20:49:32,184  INFO [main] physical.Vectorizer: Map inputFileFormatClassNameSet: [org.apache.hadoop.hive.ql.io.orc.OrcInputFormat]
2024-04-23T20:49:32,184  INFO [main] physical.Vectorizer: Reduce vectorization enabled: false
2024-04-23T20:49:32,185  INFO [main] physical.Vectorizer: Reduce vectorized: false
2024-04-23T20:49:32,185  INFO [main] physical.Vectorizer: Reduce vectorizedVertexNum: 1
2024-04-23T20:49:32,185  INFO [main] physical.Vectorizer: Reducer hive.vectorized.execution.reduce.enabled: true
2024-04-23T20:49:32,185  INFO [main] physical.Vectorizer: Reducer engine: mr
2024-04-23T20:49:32,185  INFO [main] parse.CalcitePlanner: Completed plan generation
2024-04-23T20:49:32,185  INFO [main] parse.CalcitePlanner: Ending caching scope for: 
2024-04-23T20:49:32,185  INFO [main] ql.Driver: Semantic Analysis Completed (retrial = false)
2024-04-23T20:49:32,185  INFO [main] ql.Driver: Created Hive schema: Schema(fieldSchemas:[FieldSchema(name:row__id, type:struct<writeid:bigint,bucketid:int,rowid:bigint>, comment:null), FieldSchema(name:a, type:int, comment:null), FieldSchema(name:b, type:int, comment:null)], properties:null)
2024-04-23T20:49:32,186  INFO [main] exec.ListSinkOperator: Initializing Operator: LIST_SINK[7]
2024-04-23T20:49:32,186  INFO [main] metadata.Hive: Dumping metastore api call timing information for : compilation phase
2024-04-23T20:49:32,186  INFO [main] metadata.Hive: Total time spent in each metastore function (ms): {getValidTxns_(long)=0, flushCache_()=0, openTxn_(String, TxnType)=2, getValidWriteIds_(List, String)=3, getTable_(GetTableRequest)=7, commitTxn_(CommitTxnRequest)=18, getTableColumnStatistics_(String, String, List, String)=25, getAllTableConstraints_(AllTableConstraintsRequest)=5, isCompatibleWith_(Configuration)=0}
2024-04-23T20:49:32,187  INFO [main] ql.Driver: Completed compiling command(queryId=alex_20240423204932_1116e01b-561e-44be-bd29-a6a3a53eb912); Time taken: 0.128 seconds
2024-04-23T20:49:32,187  INFO [main] lockmgr.DbTxnManager: Setting lock request transaction to txnid:20 for queryId=alex_20240423204932_1116e01b-561e-44be-bd29-a6a3a53eb912
2024-04-23T20:49:32,188  INFO [main] lockmgr.DbLockManager: Requesting lock for queryId=alex_20240423204932_1116e01b-561e-44be-bd29-a6a3a53eb912
2024-04-23T20:49:32,201  INFO [main] lockmgr.DbLockManager: Response to queryId=alex_20240423204932_1116e01b-561e-44be-bd29-a6a3a53eb912 LockResponse(lockid:13, state:ACQUIRED)
2024-04-23T20:49:32,201  INFO [main] ql.Driver: Operation QUERY obtained 1 locks
2024-04-23T20:49:32,201  INFO [main] ql.Driver: Executing command(queryId=alex_20240423204932_1116e01b-561e-44be-bd29-a6a3a53eb912): select ROW__ID, a, b from T order by ROW__ID
2024-04-23T20:49:32,201  WARN [main] ql.Driver: Hive-on-MR is deprecated in Hive 2 and may not be available in the future versions. Consider using a different execution engine (i.e. tez, spark) or using Hive 1.X releases.
Query ID = alex_20240423204932_1116e01b-561e-44be-bd29-a6a3a53eb912
2024-04-23T20:49:32,202  INFO [main] ql.Driver: Query ID = alex_20240423204932_1116e01b-561e-44be-bd29-a6a3a53eb912
Total jobs = 1
2024-04-23T20:49:32,202  INFO [main] ql.Driver: Total jobs = 1
Launching Job 1 out of 1
2024-04-23T20:49:32,202  INFO [main] ql.Driver: Launching Job 1 out of 1
2024-04-23T20:49:32,347  INFO [main] ql.Driver: Starting task [Stage-1:MAPRED] in serial mode
Number of reduce tasks determined at compile time: 1
2024-04-23T20:49:32,348  INFO [main] exec.Task: Number of reduce tasks determined at compile time: 1
In order to change the average load for a reducer (in bytes):
2024-04-23T20:49:32,348  INFO [main] exec.Task: In order to change the average load for a reducer (in bytes):
  set hive.exec.reducers.bytes.per.reducer=<number>
2024-04-23T20:49:32,348  INFO [main] exec.Task:   set hive.exec.reducers.bytes.per.reducer=<number>
In order to limit the maximum number of reducers:
2024-04-23T20:49:32,348  INFO [main] exec.Task: In order to limit the maximum number of reducers:
  set hive.exec.reducers.max=<number>
2024-04-23T20:49:32,348  INFO [main] exec.Task:   set hive.exec.reducers.max=<number>
In order to set a constant number of reducers:
2024-04-23T20:49:32,348  INFO [main] exec.Task: In order to set a constant number of reducers:
  set mapreduce.job.reduces=<number>
2024-04-23T20:49:32,348  INFO [main] exec.Task:   set mapreduce.job.reduces=<number>
2024-04-23T20:49:32,350  INFO [main] mr.ExecDriver: Using org.apache.hadoop.hive.ql.io.HiveInputFormat
2024-04-23T20:49:32,350  INFO [main] exec.Utilities: Processing alias t
2024-04-23T20:49:32,350  INFO [main] exec.Utilities: Adding 1 inputs; the first input is file:/home/alex/Repositories/hive/ql/target/tmp/org.apache.hadoop.hive.ql.TestTxnExIm-1713930480318/warehouse/t
2024-04-23T20:49:32,359  INFO [main] exec.SerializationUtilities: Serializing MapWork using kryo
2024-04-23T20:49:32,360  INFO [main] exec.Utilities: Serialized plan (via FILE) - name: null size: 5,99KB
2024-04-23T20:49:32,364  INFO [main] exec.SerializationUtilities: Serializing ReduceWork using kryo
2024-04-23T20:49:32,365  INFO [main] exec.Utilities: Serialized plan (via FILE) - name: null size: 7,16KB
2024-04-23T20:49:32,366  WARN [main] impl.MetricsSystemImpl: JobTracker metrics system already initialized!
2024-04-23T20:49:32,372  WARN [main] impl.MetricsSystemImpl: JobTracker metrics system already initialized!
2024-04-23T20:49:32,380  WARN [main] mapreduce.JobResourceUploader: Hadoop command-line option parsing not performed. Implement the Tool interface and execute your application with ToolRunner to remedy this.
2024-04-23T20:49:32,384  WARN [main] mapreduce.JobResourceUploader: No job jar file set.  User classes may not be found. See Job or Job#setJar(String).
2024-04-23T20:49:32,385  INFO [main] io.HiveInputFormat: hive.io.file.readcolumn.ids = 0,1
2024-04-23T20:49:32,385  INFO [main] io.HiveInputFormat: hive.io.file.readcolumn.names = a,b
2024-04-23T20:49:32,385  INFO [main] io.HiveInputFormat: Generating splits for dirs: file:/home/alex/Repositories/hive/ql/target/tmp/org.apache.hadoop.hive.ql.TestTxnExIm-1713930480318/warehouse/t
2024-04-23T20:49:32,385  INFO [main] orc.OrcInputFormat: getSplits started
2024-04-23T20:49:32,385  INFO [main] orc.OrcInputFormat: Context:: isAcid: true isVectorMode: true sarg: null minSplitSize: 1 maxSplitSize: 256000000 splitStrategy: HYBRID footerInSplits: false numBuckets: 0 numThreads: 10 cacheMemSize: 268435456 cacheStripeDetails: true useSoftReference: false writeIdList: default.t:1:9223372036854775807:: isTransactionalTable: true txnProperties: default 
2024-04-23T20:49:32,385  INFO [main] orc.OrcInputFormat: ORC pushdown predicate: null
2024-04-23T20:49:32,396  INFO [main] orc.OrcInputFormat: FooterCacheHitRatio: 0/1
2024-04-23T20:49:32,396  INFO [main] orc.OrcInputFormat: getSplits finished (#splits: 1). duration: 11 ms
2024-04-23T20:49:32,396  INFO [main] io.HiveInputFormat: number of splits 1
2024-04-23T20:49:32,413  INFO [main] mapreduce.JobSubmitter: number of splits:1
2024-04-23T20:49:32,432  INFO [main] mapreduce.JobSubmitter: Submitting tokens for job: job_local584708131_0036
2024-04-23T20:49:32,432  INFO [main] mapreduce.JobSubmitter: Executing with tokens: []
2024-04-23T20:49:32,490  INFO [main] mapreduce.Job: The url to track the job: http://localhost:8080/
Job running in-process (local Hadoop)
2024-04-23T20:49:32,490  INFO [main] exec.Task: Job running in-process (local Hadoop)
2024-04-23T20:49:32,490  INFO [Thread-2579] mapred.LocalJobRunner: OutputCommitter set in config org.apache.hadoop.hive.ql.io.HiveFileFormatUtils$NullOutputCommitter
2024-04-23T20:49:32,491  INFO [Thread-2579] mapred.LocalJobRunner: OutputCommitter is org.apache.hadoop.hive.ql.io.HiveFileFormatUtils$NullOutputCommitter
2024-04-23T20:49:32,492  INFO [Thread-2579] mapred.LocalJobRunner: Waiting for map tasks
2024-04-23T20:49:32,492  INFO [LocalJobRunner Map Task Executor #0] mapred.LocalJobRunner: Starting task: attempt_local584708131_0036_m_000000_0
2024-04-23T20:49:32,493  INFO [LocalJobRunner Map Task Executor #0] mapred.Task:  Using ResourceCalculatorProcessTree : [ ]
2024-04-23T20:49:32,493  INFO [LocalJobRunner Map Task Executor #0] mapred.MapTask: Processing split: org.apache.hadoop.hive.ql.io.orc.OrcInputFormat:OrcSplit [file:/home/alex/Repositories/hive/ql/target/tmp/org.apache.hadoop.hive.ql.TestTxnExIm-1713930480318/warehouse/t/delta_0000001_0000001_0000/000000_0, start=3, length=112, isOriginal=true, fileLength=256, hasFooter=false, hasBase=true, deltas=0]
2024-04-23T20:49:32,494  INFO [LocalJobRunner Map Task Executor #0] exec.SerializationUtilities: Deserializing MapWork using kryo
2024-04-23T20:49:32,494  INFO [LocalJobRunner Map Task Executor #0] exec.Utilities: Deserialized plan (via FILE) - name: null size: 5,99KB
2024-04-23T20:49:32,495  INFO [LocalJobRunner Map Task Executor #0] orc.VectorizedOrcAcidRowBatchReader: Read ValidWriteIdList: default.t:1:9223372036854775807:::OrcSplit [file:/home/alex/Repositories/hive/ql/target/tmp/org.apache.hadoop.hive.ql.TestTxnExIm-1713930480318/warehouse/t/delta_0000001_0000001_0000/000000_0, start=3, length=112, isOriginal=true, fileLength=256, hasFooter=false, hasBase=true, deltas=0]
2024-04-23T20:49:32,496  INFO [LocalJobRunner Map Task Executor #0] orc.ReaderImpl: Reading ORC rows from file:/home/alex/Repositories/hive/ql/target/tmp/org.apache.hadoop.hive.ql.TestTxnExIm-1713930480318/warehouse/t/delta_0000001_0000001_0000/000000_0 with {include: [true, true, true], offset: 3, length: 112, schema: struct<a:int,b:int>, includeAcidColumns: true}
2024-04-23T20:49:32,496  INFO [LocalJobRunner Map Task Executor #0] mapred.MapTask: numReduceTasks: 1
2024-04-23T20:49:32,500  INFO [LocalJobRunner Map Task Executor #0] mapred.MapTask: (EQUATOR) 0 kvi 26214396(104857584)
2024-04-23T20:49:32,500  INFO [LocalJobRunner Map Task Executor #0] mapred.MapTask: mapreduce.task.io.sort.mb: 100
2024-04-23T20:49:32,500  INFO [LocalJobRunner Map Task Executor #0] mapred.MapTask: soft limit at 83886080
2024-04-23T20:49:32,500  INFO [LocalJobRunner Map Task Executor #0] mapred.MapTask: bufstart = 0; bufvoid = 104857600
2024-04-23T20:49:32,500  INFO [LocalJobRunner Map Task Executor #0] mapred.MapTask: kvstart = 26214396; length = 6553600
2024-04-23T20:49:32,501  INFO [LocalJobRunner Map Task Executor #0] mapred.MapTask: Map output collector class = org.apache.hadoop.mapred.MapTask$MapOutputBuffer
2024-04-23T20:49:32,501  INFO [LocalJobRunner Map Task Executor #0] vector.VectorMapOperator: Initializing Operator: MAP[0]
2024-04-23T20:49:32,501  INFO [LocalJobRunner Map Task Executor #0] mr.ExecMapper: 
<MAP>Id =0
  <Children>null
  <\Children>
  <Parent><\Parent>
<\MAP>
2024-04-23T20:49:32,502  INFO [LocalJobRunner Map Task Executor #0] exec.TableScanOperator: Initializing Operator: TS[0]
2024-04-23T20:49:32,502  INFO [LocalJobRunner Map Task Executor #0] vector.VectorSelectOperator: Initializing Operator: SEL[5]
2024-04-23T20:49:32,503  INFO [LocalJobRunner Map Task Executor #0] vector.VectorReduceSinkOperator: Initializing Operator: RS[6]
2024-04-23T20:49:32,503  INFO [LocalJobRunner Map Task Executor #0] vector.VectorReduceSinkOperator: Using tag = -1
2024-04-23T20:49:32,504  INFO [LocalJobRunner Map Task Executor #0] vector.VectorReduceSinkOperator: keys are [reducesinkkey0] num distributions: 1
2024-04-23T20:49:32,504  INFO [LocalJobRunner Map Task Executor #0] vector.VectorReduceSinkOperator: RS[6]: records written - 1
2024-04-23T20:49:32,504  INFO [LocalJobRunner Map Task Executor #0] vector.VectorMapOperator: Closing Operator: MAP[0]
2024-04-23T20:49:32,504  INFO [LocalJobRunner Map Task Executor #0] vector.VectorMapOperator: RECORDS_OUT_INTERMEDIATE:0, DESERIALIZE_ERRORS:0, RECORDS_OUT_OPERATOR_MAP_0:0, RECORDS_IN:3, 
2024-04-23T20:49:32,504  INFO [LocalJobRunner Map Task Executor #0] exec.TableScanOperator: Closing Operator: TS[0]
2024-04-23T20:49:32,504  INFO [LocalJobRunner Map Task Executor #0] exec.TableScanOperator: RECORDS_OUT_OPERATOR_TS_0:3, RECORDS_OUT_INTERMEDIATE:0, 
2024-04-23T20:49:32,504  INFO [LocalJobRunner Map Task Executor #0] vector.VectorSelectOperator: Closing Operator: SEL[5]
2024-04-23T20:49:32,504  INFO [LocalJobRunner Map Task Executor #0] vector.VectorSelectOperator: RECORDS_OUT_INTERMEDIATE:0, RECORDS_OUT_OPERATOR_SEL_5:3, 
2024-04-23T20:49:32,505  INFO [LocalJobRunner Map Task Executor #0] vector.VectorReduceSinkOperator: Closing Operator: RS[6]
2024-04-23T20:49:32,505  INFO [LocalJobRunner Map Task Executor #0] vector.VectorReduceSinkOperator: RS[6]: Total records written - 3. abort - false
2024-04-23T20:49:32,505  INFO [LocalJobRunner Map Task Executor #0] vector.VectorReduceSinkOperator: RECORDS_OUT_INTERMEDIATE:3, RECORDS_OUT_OPERATOR_RS_6:3, 
2024-04-23T20:49:32,505  INFO [LocalJobRunner Map Task Executor #0] mapred.LocalJobRunner: 
2024-04-23T20:49:32,505  INFO [LocalJobRunner Map Task Executor #0] mapred.MapTask: Starting flush of map output
2024-04-23T20:49:32,505  INFO [LocalJobRunner Map Task Executor #0] mapred.MapTask: Spilling map output
2024-04-23T20:49:32,505  INFO [LocalJobRunner Map Task Executor #0] mapred.MapTask: bufstart = 0; bufend = 108; bufvoid = 104857600
2024-04-23T20:49:32,505  INFO [LocalJobRunner Map Task Executor #0] mapred.MapTask: kvstart = 26214396(104857584); kvend = 26214388(104857552); length = 9/6553600
2024-04-23T20:49:32,516  INFO [LocalJobRunner Map Task Executor #0] mapred.MapTask: Finished spill 0
2024-04-23T20:49:32,519  INFO [LocalJobRunner Map Task Executor #0] mapred.Task: Task:attempt_local584708131_0036_m_000000_0 is done. And is in the process of committing
2024-04-23T20:49:32,520  INFO [LocalJobRunner Map Task Executor #0] mapred.LocalJobRunner: OrcSplit [file:/home/alex/Repositories/hive/ql/target/tmp/org.apache.hadoop.hive.ql.TestTxnExIm-1713930480318/warehouse/t/delta_0000001_0000001_0000/000000_0, start=3, length=112, isOriginal=true, fileLength=256, hasFooter=false, hasBase=true, deltas=0]
2024-04-23T20:49:32,520  INFO [LocalJobRunner Map Task Executor #0] mapred.Task: Task 'attempt_local584708131_0036_m_000000_0' done.
2024-04-23T20:49:32,520  INFO [LocalJobRunner Map Task Executor #0] mapred.Task: Final Counters for attempt_local584708131_0036_m_000000_0: Counters: 24
	File System Counters
		FILE: Number of bytes read=603347
		FILE: Number of bytes written=42046561
		FILE: Number of read operations=0
		FILE: Number of large read operations=0
		FILE: Number of write operations=0
	Map-Reduce Framework
		Map input records=1
		Map output records=3
		Map output bytes=108
		Map output materialized bytes=120
		Input split bytes=489
		Combine input records=0
		Spilled Records=3
		Failed Shuffles=0
		Merged Map outputs=0
		GC time elapsed (ms)=0
		Total committed heap usage (bytes)=1200095232
	HIVE
		DESERIALIZE_ERRORS=0
		RECORDS_IN=3
		RECORDS_OUT_INTERMEDIATE=3
		RECORDS_OUT_OPERATOR_MAP_0=0
		RECORDS_OUT_OPERATOR_RS_6=3
		RECORDS_OUT_OPERATOR_SEL_5=3
		RECORDS_OUT_OPERATOR_TS_0=3
	File Input Format Counters 
		Bytes Read=7130
2024-04-23T20:49:32,520  INFO [LocalJobRunner Map Task Executor #0] mapred.LocalJobRunner: Finishing task: attempt_local584708131_0036_m_000000_0
2024-04-23T20:49:32,520  INFO [Thread-2579] mapred.LocalJobRunner: map task executor complete.
2024-04-23T20:49:32,521  INFO [Thread-2579] mapred.LocalJobRunner: Waiting for reduce tasks
2024-04-23T20:49:32,521  INFO [pool-150-thread-1] mapred.LocalJobRunner: Starting task: attempt_local584708131_0036_r_000000_0
2024-04-23T20:49:32,522  INFO [pool-150-thread-1] mapred.Task:  Using ResourceCalculatorProcessTree : [ ]
2024-04-23T20:49:32,522  INFO [pool-150-thread-1] mapred.ReduceTask: Using ShuffleConsumerPlugin: org.apache.hadoop.mapreduce.task.reduce.Shuffle@34c16666
2024-04-23T20:49:32,522  WARN [pool-150-thread-1] impl.MetricsSystemImpl: JobTracker metrics system already initialized!
2024-04-23T20:49:32,523  INFO [pool-150-thread-1] reduce.MergeManagerImpl: MergerManager: memoryLimit=1336252800, maxSingleShuffleLimit=334063200, mergeThreshold=881926912, ioSortFactor=10, memToMemMergeOutputsThreshold=10
2024-04-23T20:49:32,523  INFO [EventFetcher for fetching Map Completion Events] reduce.EventFetcher: attempt_local584708131_0036_r_000000_0 Thread started: EventFetcher for fetching Map Completion Events
2024-04-23T20:49:32,526  INFO [localfetcher#22] reduce.LocalFetcher: localfetcher#22 about to shuffle output of map attempt_local584708131_0036_m_000000_0 decomp: 116 len: 120 to MEMORY
2024-04-23T20:49:32,526  INFO [localfetcher#22] reduce.InMemoryMapOutput: Read 116 bytes from map-output for attempt_local584708131_0036_m_000000_0
2024-04-23T20:49:32,526  INFO [localfetcher#22] reduce.MergeManagerImpl: closeInMemoryFile -> map-output of size: 116, inMemoryMapOutputs.size() -> 1, commitMemory -> 0, usedMemory ->116
2024-04-23T20:49:32,526  INFO [EventFetcher for fetching Map Completion Events] reduce.EventFetcher: EventFetcher is interrupted.. Returning
2024-04-23T20:49:32,526  INFO [pool-150-thread-1] mapred.LocalJobRunner: 1 / 1 copied.
2024-04-23T20:49:32,526  INFO [pool-150-thread-1] reduce.MergeManagerImpl: finalMerge called with 1 in-memory map-outputs and 0 on-disk map-outputs
2024-04-23T20:49:32,533  INFO [pool-150-thread-1] mapred.Merger: Merging 1 sorted segments
2024-04-23T20:49:32,533  INFO [pool-150-thread-1] mapred.Merger: Down to the last merge-pass, with 1 segments left of total size: 85 bytes
2024-04-23T20:49:32,536  INFO [pool-150-thread-1] reduce.MergeManagerImpl: Merged 1 segments, 116 bytes to disk to satisfy reduce memory limit
2024-04-23T20:49:32,536  INFO [pool-150-thread-1] reduce.MergeManagerImpl: Merging 1 files, 120 bytes from disk
2024-04-23T20:49:32,536  INFO [pool-150-thread-1] reduce.MergeManagerImpl: Merging 0 segments, 0 bytes from memory into reduce
2024-04-23T20:49:32,536  INFO [pool-150-thread-1] mapred.Merger: Merging 1 sorted segments
2024-04-23T20:49:32,536  INFO [pool-150-thread-1] mapred.Merger: Down to the last merge-pass, with 1 segments left of total size: 85 bytes
2024-04-23T20:49:32,536  INFO [pool-150-thread-1] mapred.LocalJobRunner: 1 / 1 copied.
2024-04-23T20:49:32,537  INFO [pool-150-thread-1] exec.SerializationUtilities: Deserializing ReduceWork using kryo
2024-04-23T20:49:32,537  INFO [pool-150-thread-1] exec.Utilities: Deserialized plan (via FILE) - name: null size: 7,16KB
2024-04-23T20:49:32,538  INFO [pool-150-thread-1] ExecReducer: 
<SEL>Id =3
  <Children>
    <FS>Id =4
      <Children>
      <\Children>
      <Parent>Id = 3 null<\Parent>
    <\FS>
  <\Children>
  <Parent><\Parent>
<\SEL>
2024-04-23T20:49:32,538  INFO [pool-150-thread-1] exec.SelectOperator: Initializing Operator: SEL[3]
2024-04-23T20:49:32,538  INFO [pool-150-thread-1] exec.SelectOperator: SELECT struct<key:struct<reducesinkkey0:struct<writeid:bigint,bucketid:int,rowid:bigint>>,value:struct<_col0:int,_col1:int>>
2024-04-23T20:49:32,539  INFO [pool-150-thread-1] exec.FileSinkOperator: Initializing Operator: FS[4]
2024-04-23T20:49:32,539  INFO [pool-150-thread-1] exec.FileSinkOperator: Using serializer : class org.apache.hadoop.hive.serde2.lazy.LazySimpleSerDe [serdeParams=org.apache.hadoop.hive.serde2.lazy.LazySerDeParameters@27a9e0e3, cachedObjectInspector=org.apache.hadoop.hive.serde2.lazy.objectinspector.LazySimpleStructObjectInspector<org.apache.hadoop.hive.serde2.lazy.objectinspector.LazySimpleStructObjectInspector<org.apache.hadoop.hive.serde2.lazy.objectinspector.primitive.LazyLongObjectInspector@37e9d249,org.apache.hadoop.hive.serde2.lazy.objectinspector.primitive.LazyIntObjectInspector@68df8c6,org.apache.hadoop.hive.serde2.lazy.objectinspector.primitive.LazyLongObjectInspector@37e9d249>,org.apache.hadoop.hive.serde2.lazy.objectinspector.primitive.LazyIntObjectInspector@68df8c6,org.apache.hadoop.hive.serde2.lazy.objectinspector.primitive.LazyIntObjectInspector@68df8c6>, serializedSize=0, stats=org.apache.hadoop.hive.serde2.SerDeStats@1f5a8447, lastOperationSerialize=false, lastOperationDeserialize=false [1, 2, 3, 4, 5, 6, 7, 8, 11, 14, 15, 16, 17, 18, 19, 20, 21, 22, 23, 24, 25, 26, 28, 29, 30, 31, -128, -127, -126, -125, -124, -123, -122, -121, -120, -119, -118, -117, -116, -115, -114, -113, -112, -111, -110, -109, -108, -107, -106, -105, -104, -103, -102, -101, -100, -99, -98, -97, -96, -95, -94, -93, -92, -91, -90, -89, -88, -87, -86, -85, -84, -83, -82, -81, -80, -79, -78, -77, -76, -75, -74, -73, -72, -71, -70, -69, -68, -67, -66, -65, -64, -63, -62, -61, -60, -59, -58, -57, -56, -55, -54, -53, -52, -51, -50, -49, -48, -47, -46, -45, -44, -43, -42, -41, -40, -39, -38, -37, -36, -35, -34, -33, -32, -31, -30, -29, -28, -27, -26, -25, -24, -23, -22, -21, -20, -19, -18, -17, -16, -15, -14, -13, -12, -11, -10, -9, -8, -7, -6, -5, -4, -3, -2, -1] : [_col0, _col1, _col2] : [struct<writeid:bigint,bucketid:int,rowid:bigint>, int, int]] and formatter : org.apache.hadoop.hive.ql.io.HiveSequenceFileOutputFormat@336c6b9f
2024-04-23T20:49:32,539  INFO [pool-150-thread-1] exec.FileSinkOperator: Final Path: FS file:/home/alex/Repositories/hive/ql/target/tmp/localscratchdir/17cd0e0b-b569-4f68-a2a8-f80c61b0fc5b/hive_2024-04-23_20-49-32_058_6023639734447857326-1/-mr-10001/.hive-staging_hive_2024-04-23_20-49-32_058_6023639734447857326-1/_tmp.-ext-10002/000000_0
2024-04-23T20:49:32,539  INFO [pool-150-thread-1] exec.FileSinkOperator: Writing to temp file: FS file:/home/alex/Repositories/hive/ql/target/tmp/localscratchdir/17cd0e0b-b569-4f68-a2a8-f80c61b0fc5b/hive_2024-04-23_20-49-32_058_6023639734447857326-1/-mr-10001/.hive-staging_hive_2024-04-23_20-49-32_058_6023639734447857326-1/_task_tmp.-ext-10002/_tmp.000000_0
2024-04-23T20:49:32,539  INFO [pool-150-thread-1] exec.FileSinkOperator: New Final Path: FS file:/home/alex/Repositories/hive/ql/target/tmp/localscratchdir/17cd0e0b-b569-4f68-a2a8-f80c61b0fc5b/hive_2024-04-23_20-49-32_058_6023639734447857326-1/-mr-10001/.hive-staging_hive_2024-04-23_20-49-32_058_6023639734447857326-1/_tmp.-ext-10002/000000_0
2024-04-23T20:49:32,547  INFO [pool-150-thread-1] exec.FileSinkOperator: FS[4]: records written - 1
2024-04-23T20:49:32,547  INFO [pool-150-thread-1] exec.SelectOperator: Closing Operator: SEL[3]
2024-04-23T20:49:32,548  INFO [pool-150-thread-1] exec.SelectOperator: RECORDS_OUT_OPERATOR_SEL_3:3, RECORDS_OUT_INTERMEDIATE:0, 
2024-04-23T20:49:32,548  INFO [pool-150-thread-1] exec.FileSinkOperator: Closing Operator: FS[4]
2024-04-23T20:49:32,548  INFO [pool-150-thread-1] exec.FileSinkOperator: FS[4]: records written - 3
2024-04-23T20:49:32,548  INFO [pool-150-thread-1] exec.FileSinkOperator: RECORDS_OUT_0:3, RECORDS_OUT_OPERATOR_FS_4:3, RECORDS_OUT_INTERMEDIATE:0, 
2024-04-23T20:49:32,548  INFO [pool-150-thread-1] mapred.Task: Task:attempt_local584708131_0036_r_000000_0 is done. And is in the process of committing
2024-04-23T20:49:32,549  INFO [pool-150-thread-1] mapred.LocalJobRunner: reduce > reduce
2024-04-23T20:49:32,549  INFO [pool-150-thread-1] mapred.Task: Task 'attempt_local584708131_0036_r_000000_0' done.
2024-04-23T20:49:32,549  INFO [pool-150-thread-1] mapred.Task: Final Counters for attempt_local584708131_0036_r_000000_0: Counters: 29
	File System Counters
		FILE: Number of bytes read=610847
		FILE: Number of bytes written=42046870
		FILE: Number of read operations=0
		FILE: Number of large read operations=0
		FILE: Number of write operations=0
	Map-Reduce Framework
		Combine input records=0
		Combine output records=0
		Reduce input groups=3
		Reduce shuffle bytes=120
		Reduce input records=3
		Reduce output records=0
		Spilled Records=3
		Shuffled Maps =1
		Failed Shuffles=0
		Merged Map outputs=1
		GC time elapsed (ms)=0
		Total committed heap usage (bytes)=1200095232
	HIVE
		CREATED_FILES=1
		RECORDS_OUT_0=3
		RECORDS_OUT_INTERMEDIATE=0
		RECORDS_OUT_OPERATOR_FS_4=3
		RECORDS_OUT_OPERATOR_SEL_3=3
	Shuffle Errors
		BAD_ID=0
		CONNECTION=0
		IO_ERROR=0
		WRONG_LENGTH=0
		WRONG_MAP=0
		WRONG_REDUCE=0
	File Output Format Counters 
		Bytes Written=0
2024-04-23T20:49:32,549  INFO [pool-150-thread-1] mapred.LocalJobRunner: Finishing task: attempt_local584708131_0036_r_000000_0
2024-04-23T20:49:32,549  INFO [Thread-2579] mapred.LocalJobRunner: reduce task executor complete.
2024-04-23 20:49:33,492 Stage-1 map = 100%,  reduce = 100%
2024-04-23T20:49:33,492  INFO [main] exec.Task: 2024-04-23 20:49:33,492 Stage-1 map = 100%,  reduce = 100%
Ended Job = job_local584708131_0036
2024-04-23T20:49:33,492  INFO [main] exec.Task: Ended Job = job_local584708131_0036
2024-04-23T20:49:33,494  INFO [main] metadata.Hive: Dumping metastore api call timing information for : execution phase
2024-04-23T20:49:33,494  INFO [main] metadata.Hive: Total time spent in each metastore function (ms): {}
MapReduce Jobs Launched: 
2024-04-23T20:49:33,495  INFO [main] ql.Driver: MapReduce Jobs Launched: 
Stage-Stage-1:  HDFS Read: 0 HDFS Write: 0 SUCCESS
2024-04-23T20:49:33,495  INFO [main] ql.Driver: Stage-Stage-1:  HDFS Read: 0 HDFS Write: 0 SUCCESS
Total MapReduce CPU Time Spent: 0 msec
2024-04-23T20:49:33,495  INFO [main] ql.Driver: Total MapReduce CPU Time Spent: 0 msec
2024-04-23T20:49:33,495  INFO [main] ql.Driver: Completed executing command(queryId=alex_20240423204932_1116e01b-561e-44be-bd29-a6a3a53eb912); Time taken: 1.293 seconds
2024-04-23T20:49:33,495  INFO [main] lockmgr.DbTxnManager: Stopped heartbeat for query: alex_20240423204932_1116e01b-561e-44be-bd29-a6a3a53eb912
2024-04-23T20:49:33,499  INFO [main] txn.TxnHandler: Expected to move at least one record from txn_components to completed_txn_components when committing txn! txnid:20
2024-04-23T20:49:33,505  INFO [main] txn.TxnHandler: Removed transactions: ([20]) from MIN_HISTORY_LEVEL
2024-04-23T20:49:33,505  WARN [main] txn.CompactionTxnHandler: No compaction queue record found for Compaction type transaction commit. txnId:20
2024-04-23T20:49:33,510  INFO [main] mapred.FileInputFormat: Total input files to process : 1
2024-04-23T20:49:33,511  INFO [main] exec.ListSinkOperator: Closing Operator: LIST_SINK[7]
2024-04-23T20:49:33,511  INFO [main] exec.ListSinkOperator: RECORDS_OUT_INTERMEDIATE:0, RECORDS_OUT_OPERATOR_LIST_SINK_7:3, 
2024-04-23T20:49:33,511  WARN [main] ql.TestTxnExIm: testImportVectorized: read data(import existing table vect): 
2024-04-23T20:49:33,511  INFO [main] ql.TestTxnExIm: {"writeid":1,"bucketid":536870912,"rowid":0}	1	2
{"writeid":1,"bucketid":536870912,"rowid":1}	3	4
{"writeid":1,"bucketid":536870912,"rowid":2}	5	6

2024-04-23T20:49:33,511  INFO [main] ql.TxnCommandsBaseForTests: Running the query: EXPLAIN VECTORIZATION DETAIL select ROW__ID, a, b from T order by ROW__ID
2024-04-23T20:49:33,512  INFO [main] ql.Context: Deleting scratch dir: file:/home/alex/Repositories/hive/ql/target/tmp/localscratchdir/17cd0e0b-b569-4f68-a2a8-f80c61b0fc5b/hive_2024-04-23_20-49-32_058_6023639734447857326-1
2024-04-23T20:49:33,513  INFO [main] cleanup.SyncCleanupService: Deleted directory: file:/home/alex/Repositories/hive/ql/target/tmp/localscratchdir/17cd0e0b-b569-4f68-a2a8-f80c61b0fc5b/hive_2024-04-23_20-49-32_058_6023639734447857326-1 on fs with scheme file
2024-04-23T20:49:33,513  INFO [main] ql.Driver: Compiling command(queryId=alex_20240423204933_afa065a2-c082-42f5-b340-4092cfa0fef0): EXPLAIN VECTORIZATION DETAIL select ROW__ID, a, b from T order by ROW__ID
2024-04-23T20:49:33,516  INFO [main] txn.TxnHandler: Added entries to MIN_HISTORY_LEVEL for current txns: ([21]) with min_open_txn: 21
2024-04-23T20:49:33,516  INFO [main] lockmgr.DbTxnManager: Opened txnid:21
2024-04-23T20:49:33,517  INFO [main] parse.CalcitePlanner: Starting Semantic Analysis
2024-04-23T20:49:33,520  INFO [main] parse.CalcitePlanner: Completed phase 1 of Semantic Analysis
2024-04-23T20:49:33,520  INFO [main] parse.CalcitePlanner: Get metadata for source tables
2024-04-23T20:49:33,521  INFO [main] HiveMetaStore.audit: ugi=alex	ip=unknown-ip-addr	cmd=get_table : tbl=hive.default.t	
2024-04-23T20:49:33,527  INFO [main] metastore.ObjectStore: Removed COLUMN_STATS_ACCURATE from Table's parameters.
2024-04-23T20:49:33,529  INFO [main] metastore.HMSHandler: Skipping translation for processor with null
2024-04-23T20:49:33,529  INFO [main] parse.CalcitePlanner: Get metadata for subqueries
2024-04-23T20:49:33,529  INFO [main] parse.CalcitePlanner: Get metadata for destination tables
2024-04-23T20:49:33,529  INFO [main] parse.CalcitePlanner: Completed getting MetaData in Semantic Analysis
2024-04-23T20:49:33,542  INFO [main] HiveMetaStore.audit: ugi=alex	ip=unknown-ip-addr	cmd=get_all_table_constraints : tbl=hive.default.t	
2024-04-23T20:49:33,551  INFO [main] calcite.RelOptHiveTable: Calculating column statistics for default.t, projIndxSet: [0, 1], allowMissingStats: true
2024-04-23T20:49:33,552  INFO [main] HiveMetaStore.audit: ugi=alex	ip=unknown-ip-addr	cmd=get_table : tbl=hive.default.t	
2024-04-23T20:49:33,561  INFO [main] metastore.HMSHandler: Skipping translation for processor with null
2024-04-23T20:49:33,562  INFO [main] HiveMetaStore.audit: ugi=alex	ip=unknown-ip-addr	cmd=get_table : tbl=hive.default.t	
2024-04-23T20:49:33,570  INFO [main] metastore.HMSHandler: Skipping translation for processor with null
2024-04-23T20:49:33,570  INFO [main] HiveMetaStore.audit: ugi=alex	ip=unknown-ip-addr	cmd=get_table_statistics_req: table=hive.default.t	
2024-04-23T20:49:33,578  WARN [main] calcite.RelOptHiveTable: No Stats for default@t, Columns: b, a
No Stats for default@t, Columns: b, a
2024-04-23T20:49:33,578  INFO [main] SessionState: No Stats for default@t, Columns: b, a
2024-04-23T20:49:33,620  INFO [main] parse.CalcitePlanner: Get metadata for source tables
2024-04-23T20:49:33,620  INFO [main] parse.CalcitePlanner: Get metadata for subqueries
2024-04-23T20:49:33,620  INFO [main] parse.CalcitePlanner: Get metadata for destination tables
2024-04-23T20:49:33,622  INFO [main] parse.CalcitePlanner: CBO Succeeded; optimized logical plan.
2024-04-23T20:49:33,624  INFO [main] optimizer.ColumnPrunerProcFactory: RS 2 oldColExprMap: {KEY.reducesinkkey0=Column[_col0], VALUE._col0=Column[_col1], VALUE._col1=Column[_col2]}
2024-04-23T20:49:33,624  INFO [main] optimizer.ColumnPrunerProcFactory: RS 2 newColExprMap: {VALUE._col1=Column[_col2], VALUE._col0=Column[_col1], KEY.reducesinkkey0=Column[_col0]}
2024-04-23T20:49:33,625  INFO [main] optimizer.BucketVersionPopulator: not considering bucketingVersion for: TS[0] because it has -1<2 buckets 
2024-04-23T20:49:33,629  INFO [main] optimizer.SortedDynPartitionOptimizer: Sorted dynamic partitioning optimization kicked in..
2024-04-23T20:49:33,637  INFO [main] physical.Vectorizer: Examining input format to see if vectorization is enabled.
2024-04-23T20:49:33,637  INFO [main] physical.Vectorizer: Vectorization is enabled for input format(s) [org.apache.hadoop.hive.ql.io.orc.OrcInputFormat]
2024-04-23T20:49:33,637  INFO [main] physical.Vectorizer: Validating and vectorizing MapWork... (vectorizedVertexNum 0)
2024-04-23T20:49:33,639  INFO [main] physical.Vectorizer: Map vectorization enabled: true
2024-04-23T20:49:33,639  INFO [main] physical.Vectorizer: Map vectorized: true
2024-04-23T20:49:33,639  INFO [main] physical.Vectorizer: Map vectorizedVertexNum: 0
2024-04-23T20:49:33,639  INFO [main] physical.Vectorizer: Map enabledConditionsMet: [hive.vectorized.use.vectorized.input.format IS true]
2024-04-23T20:49:33,639  INFO [main] physical.Vectorizer: Map inputFileFormatClassNameSet: [org.apache.hadoop.hive.ql.io.orc.OrcInputFormat]
2024-04-23T20:49:33,639  INFO [main] physical.Vectorizer: Reduce vectorization enabled: false
2024-04-23T20:49:33,639  INFO [main] physical.Vectorizer: Reduce vectorized: false
2024-04-23T20:49:33,639  INFO [main] physical.Vectorizer: Reduce vectorizedVertexNum: 1
2024-04-23T20:49:33,639  INFO [main] physical.Vectorizer: Reducer hive.vectorized.execution.reduce.enabled: true
2024-04-23T20:49:33,639  INFO [main] physical.Vectorizer: Reducer engine: mr
2024-04-23T20:49:33,639  INFO [main] parse.CalcitePlanner: Completed plan generation
2024-04-23T20:49:33,639  INFO [main] ql.Driver: Semantic Analysis Completed (retrial = false)
2024-04-23T20:49:33,639  INFO [main] ql.Driver: Created Hive schema: Schema(fieldSchemas:[FieldSchema(name:Explain, type:string, comment:null)], properties:null)
2024-04-23T20:49:33,639  INFO [main] metadata.Hive: Dumping metastore api call timing information for : compilation phase
2024-04-23T20:49:33,640  INFO [main] metadata.Hive: Total time spent in each metastore function (ms): {flushCache_()=0, getValidWriteIds_(List, String)=5, isCompatibleWith_(Configuration)=0, openTxn_(String, TxnType)=2, getAllTableConstraints_(AllTableConstraintsRequest)=5, commitTxn_(CommitTxnRequest)=11, getTableColumnStatistics_(String, String, List, String)=26, getTable_(GetTableRequest)=9, getValidTxns_(long)=1}
2024-04-23T20:49:33,640  INFO [main] ql.Driver: Completed compiling command(queryId=alex_20240423204933_afa065a2-c082-42f5-b340-4092cfa0fef0); Time taken: 0.126 seconds
2024-04-23T20:49:33,640  INFO [main] ql.Driver: Executing command(queryId=alex_20240423204933_afa065a2-c082-42f5-b340-4092cfa0fef0): EXPLAIN VECTORIZATION DETAIL select ROW__ID, a, b from T order by ROW__ID
2024-04-23T20:49:33,640  INFO [main] ql.Driver: Starting task [Stage-2:EXPLAIN] in serial mode
2024-04-23T20:49:33,655  INFO [main] metadata.Hive: Dumping metastore api call timing information for : execution phase
2024-04-23T20:49:33,655  INFO [main] metadata.Hive: Total time spent in each metastore function (ms): {}
2024-04-23T20:49:33,655  INFO [main] ql.Driver: Completed executing command(queryId=alex_20240423204933_afa065a2-c082-42f5-b340-4092cfa0fef0); Time taken: 0.015 seconds
2024-04-23T20:49:33,655  INFO [main] lockmgr.DbTxnManager: Stopped heartbeat for query: null
2024-04-23T20:49:33,660  INFO [main] txn.TxnHandler: Expected to move at least one record from txn_components to completed_txn_components when committing txn! txnid:21
2024-04-23T20:49:33,666  INFO [main] txn.TxnHandler: Removed transactions: ([21]) from MIN_HISTORY_LEVEL
2024-04-23T20:49:33,666  WARN [main] txn.CompactionTxnHandler: No compaction queue record found for Compaction type transaction commit. txnId:21
2024-04-23T20:49:33,667  INFO [main] ql.TxnCommandsBaseForTests: Running the query: update T set a = 0 where b = 6
2024-04-23T20:49:33,667  INFO [main] ql.Context: Deleting scratch dir: file:/home/alex/Repositories/hive/ql/target/tmp/localscratchdir/17cd0e0b-b569-4f68-a2a8-f80c61b0fc5b/hive_2024-04-23_20-49-33_513_8879467640406455114-1
2024-04-23T20:49:33,668  INFO [main] cleanup.SyncCleanupService: Deleted directory: file:/home/alex/Repositories/hive/ql/target/tmp/localscratchdir/17cd0e0b-b569-4f68-a2a8-f80c61b0fc5b/hive_2024-04-23_20-49-33_513_8879467640406455114-1 on fs with scheme file
2024-04-23T20:49:33,668  INFO [main] ql.Driver: Compiling command(queryId=alex_20240423204933_18c7b704-33fb-43b4-9ef8-69f70d5c0eb0): update T set a = 0 where b = 6
2024-04-23T20:49:33,670  INFO [main] txn.TxnHandler: Added entries to MIN_HISTORY_LEVEL for current txns: ([22]) with min_open_txn: 21
2024-04-23T20:49:33,671  INFO [main] lockmgr.DbTxnManager: Opened txnid:22
2024-04-23T20:49:33,671  INFO [main] parse.UpdateDeleteSemanticAnalyzer: Starting caching scope for: 
2024-04-23T20:49:33,672  INFO [main] HiveMetaStore.audit: ugi=alex	ip=unknown-ip-addr	cmd=get_table : tbl=hive.default.T	
2024-04-23T20:49:33,679  INFO [main] metastore.HMSHandler: Skipping translation for processor with null
2024-04-23T20:49:33,679  INFO [main] parse.RewriteSemanticAnalyzer: Going to reparse <update T set a = 0 where b = 6> as 
<insert into table `default`.`T` select ROW__ID,`a`,`b` from `default`.`T` sort by ROW__ID >
2024-04-23T20:49:33,680  INFO [main] parse.UpdateDeleteSemanticAnalyzer: Starting Semantic Analysis
2024-04-23T20:49:33,683  INFO [main] HiveMetaStore.audit: ugi=alex	ip=unknown-ip-addr	cmd=get_table : tbl=hive.default.T	
2024-04-23T20:49:33,688  INFO [main] metastore.ObjectStore: Removed COLUMN_STATS_ACCURATE from Table's parameters.
2024-04-23T20:49:33,689  INFO [main] metastore.HMSHandler: Skipping translation for processor with null
2024-04-23T20:49:33,690  INFO [main] parse.UpdateDeleteSemanticAnalyzer: Completed phase 1 of Semantic Analysis
2024-04-23T20:49:33,690  INFO [main] parse.UpdateDeleteSemanticAnalyzer: Get metadata for source tables
2024-04-23T20:49:33,690  INFO [main] HiveMetaStore.audit: ugi=alex	ip=unknown-ip-addr	cmd=get_table : tbl=hive.default.t	
2024-04-23T20:49:33,695  INFO [main] metastore.ObjectStore: Removed COLUMN_STATS_ACCURATE from Table's parameters.
2024-04-23T20:49:33,697  INFO [main] metastore.HMSHandler: Skipping translation for processor with null
2024-04-23T20:49:33,697  INFO [main] parse.UpdateDeleteSemanticAnalyzer: Get metadata for subqueries
2024-04-23T20:49:33,697  INFO [main] parse.UpdateDeleteSemanticAnalyzer: Get metadata for destination tables
2024-04-23T20:49:33,697  INFO [main] HiveMetaStore.audit: ugi=alex	ip=unknown-ip-addr	cmd=get_table : tbl=hive.default.T	
2024-04-23T20:49:33,704  INFO [main] metastore.HMSHandler: Skipping translation for processor with null
2024-04-23T20:49:33,704  INFO [main] parse.UpdateDeleteSemanticAnalyzer: Completed getting MetaData in Semantic Analysis
2024-04-23T20:49:33,704  INFO [main] parse.UpdateDeleteSemanticAnalyzer: Disabling LLAP IO encode as ETL query is detected
2024-04-23T20:49:33,717  INFO [main] HiveMetaStore.audit: ugi=alex	ip=unknown-ip-addr	cmd=get_all_table_constraints : tbl=hive.default.t	
2024-04-23T20:49:33,724  INFO [main] HiveMetaStore.audit: ugi=alex	ip=unknown-ip-addr	cmd=get_not_null_constraints : tbl=hive.default.t	
2024-04-23T20:49:33,725  INFO [main] HiveMetaStore.audit: ugi=alex	ip=unknown-ip-addr	cmd=get_check_constraints : tbl=hive.default.t	
2024-04-23T20:49:33,749  INFO [main] calcite.RelOptHiveTable: Calculating column statistics for default.t, projIndxSet: [1], allowMissingStats: true
2024-04-23T20:49:33,749  INFO [main] HiveMetaStore.audit: ugi=alex	ip=unknown-ip-addr	cmd=get_table : tbl=hive.default.t	
2024-04-23T20:49:33,760  INFO [main] metastore.HMSHandler: Skipping translation for processor with null
2024-04-23T20:49:33,761  INFO [main] HiveMetaStore.audit: ugi=alex	ip=unknown-ip-addr	cmd=get_table : tbl=hive.default.t	
2024-04-23T20:49:33,771  INFO [main] metastore.HMSHandler: Skipping translation for processor with null
2024-04-23T20:49:33,771  INFO [main] HiveMetaStore.audit: ugi=alex	ip=unknown-ip-addr	cmd=get_table_statistics_req: table=hive.default.t	
2024-04-23T20:49:33,782  WARN [main] calcite.RelOptHiveTable: No Stats for default@t, Columns: b
No Stats for default@t, Columns: b
2024-04-23T20:49:33,782  INFO [main] SessionState: No Stats for default@t, Columns: b
2024-04-23T20:49:33,845  INFO [main] parse.UpdateDeleteSemanticAnalyzer: Get metadata for source tables
2024-04-23T20:49:33,845  INFO [main] parse.UpdateDeleteSemanticAnalyzer: Get metadata for subqueries
2024-04-23T20:49:33,845  INFO [main] parse.UpdateDeleteSemanticAnalyzer: Get metadata for destination tables
2024-04-23T20:49:33,846  INFO [main] HiveMetaStore.audit: ugi=alex	ip=unknown-ip-addr	cmd=get_table : tbl=hive.default.T	
2024-04-23T20:49:33,853  INFO [main] metastore.HMSHandler: Skipping translation for processor with null
2024-04-23T20:49:33,856 ERROR [main] parse.UpdateDeleteSemanticAnalyzer: CBO failed, skipping CBO. 
org.apache.hadoop.hive.ql.exec.NoMatchingMethodException: No matching method for class org.apache.hadoop.hive.ql.udf.UDFToInteger with (struct<writeid:bigint,bucketid:int,rowid:bigint>). Possible choices: _FUNC_(bigint)  _FUNC_(boolean)  _FUNC_(decimal(38,18))  _FUNC_(double)  _FUNC_(float)  _FUNC_(smallint)  _FUNC_(string)  _FUNC_(struct<bucketid:bigint,rowid:int,writeid:bigint>)  _FUNC_(timestamp)  _FUNC_(tinyint)  _FUNC_(void)  
	at org.apache.hadoop.hive.ql.exec.MethodUtils.getMethodInternal(MethodUtils.java:130) ~[classes/:?]
	at org.apache.hadoop.hive.ql.exec.MethodUtils.getMethodInternal(MethodUtils.java:60) ~[classes/:?]
	at org.apache.hadoop.hive.ql.exec.DefaultUDFMethodResolver.getEvalMethod(DefaultUDFMethodResolver.java:59) ~[classes/:?]
	at org.apache.hadoop.hive.ql.udf.TimestampCastRestrictorResolver.getEvalMethod(TimestampCastRestrictorResolver.java:68) ~[classes/:?]
	at org.apache.hadoop.hive.ql.udf.generic.GenericUDFBridge.initialize(GenericUDFBridge.java:168) ~[classes/:?]
	at org.apache.hadoop.hive.ql.udf.generic.GenericUDF.initializeAndFoldConstants(GenericUDF.java:149) ~[classes/:?]
	at org.apache.hadoop.hive.ql.plan.ExprNodeGenericFuncDesc.newInstance(ExprNodeGenericFuncDesc.java:235) ~[classes/:?]
	at org.apache.hadoop.hive.ql.parse.type.ExprNodeDescExprFactory.createFuncCallExpr(ExprNodeDescExprFactory.java:584) ~[classes/:?]
	at org.apache.hadoop.hive.ql.parse.type.ExprNodeDescExprFactory.createFuncCallExpr(ExprNodeDescExprFactory.java:97) ~[classes/:?]
	at org.apache.hadoop.hive.ql.parse.type.TypeCheckProcFactory$DefaultExprProcessor.getFuncExprNodeDescWithUdfData(TypeCheckProcFactory.java:762) ~[classes/:?]
	at org.apache.hadoop.hive.ql.parse.type.TypeCheckProcFactory$DefaultExprProcessor.createConversionCast(TypeCheckProcFactory.java:783) ~[classes/:?]
	at org.apache.hadoop.hive.ql.parse.SemanticAnalyzer.getPartitionColsFromBucketColsForUpdateDelete(SemanticAnalyzer.java:8725) ~[classes/:?]
	at org.apache.hadoop.hive.ql.parse.SemanticAnalyzer.genBucketingSortingDest(SemanticAnalyzer.java:6914) ~[classes/:?]
	at org.apache.hadoop.hive.ql.parse.SemanticAnalyzer.genFileSinkPlan(SemanticAnalyzer.java:7335) ~[classes/:?]
	at org.apache.hadoop.hive.ql.parse.SemanticAnalyzer.genPostGroupByBodyPlan(SemanticAnalyzer.java:11063) ~[classes/:?]
	at org.apache.hadoop.hive.ql.parse.SemanticAnalyzer.genBodyPlan(SemanticAnalyzer.java:10938) ~[classes/:?]
	at org.apache.hadoop.hive.ql.parse.SemanticAnalyzer.genPlan(SemanticAnalyzer.java:11853) ~[classes/:?]
	at org.apache.hadoop.hive.ql.parse.SemanticAnalyzer.genPlan(SemanticAnalyzer.java:11723) ~[classes/:?]
	at org.apache.hadoop.hive.ql.parse.CalcitePlanner.genOPTree(CalcitePlanner.java:626) ~[classes/:?]
	at org.apache.hadoop.hive.ql.parse.SemanticAnalyzer.analyzeInternal(SemanticAnalyzer.java:12558) ~[classes/:?]
	at org.apache.hadoop.hive.ql.parse.CalcitePlanner.analyzeInternal(CalcitePlanner.java:456) ~[classes/:?]
	at org.apache.hadoop.hive.ql.parse.RewriteSemanticAnalyzer.analyzeInternal(RewriteSemanticAnalyzer.java:67) ~[classes/:?]
	at org.apache.hadoop.hive.ql.parse.BaseSemanticAnalyzer.analyze(BaseSemanticAnalyzer.java:317) ~[classes/:?]
	at org.apache.hadoop.hive.ql.parse.UpdateDeleteSemanticAnalyzer.reparseAndSuperAnalyze(UpdateDeleteSemanticAnalyzer.java:208) ~[classes/:?]
	at org.apache.hadoop.hive.ql.parse.UpdateDeleteSemanticAnalyzer.analyzeUpdate(UpdateDeleteSemanticAnalyzer.java:63) ~[classes/:?]
	at org.apache.hadoop.hive.ql.parse.UpdateDeleteSemanticAnalyzer.analyze(UpdateDeleteSemanticAnalyzer.java:53) ~[classes/:?]
	at org.apache.hadoop.hive.ql.parse.RewriteSemanticAnalyzer.analyzeInternal(RewriteSemanticAnalyzer.java:72) ~[classes/:?]
	at org.apache.hadoop.hive.ql.parse.BaseSemanticAnalyzer.analyze(BaseSemanticAnalyzer.java:317) ~[classes/:?]
	at org.apache.hadoop.hive.ql.Compiler.analyze(Compiler.java:223) ~[classes/:?]
	at org.apache.hadoop.hive.ql.Compiler.compile(Compiler.java:105) ~[classes/:?]
	at org.apache.hadoop.hive.ql.Driver.compile(Driver.java:500) ~[classes/:?]
	at org.apache.hadoop.hive.ql.Driver.compileInternal(Driver.java:453) ~[classes/:?]
	at org.apache.hadoop.hive.ql.Driver.runInternal(Driver.java:181) ~[classes/:?]
	at org.apache.hadoop.hive.ql.Driver.run(Driver.java:153) ~[classes/:?]
	at org.apache.hadoop.hive.ql.Driver.run(Driver.java:140) ~[classes/:?]
	at org.apache.hadoop.hive.ql.TxnCommandsBaseForTests.runStatementOnDriver(TxnCommandsBaseForTests.java:245) ~[test-classes/:?]
	at org.apache.hadoop.hive.ql.TestTxnExIm.testImport(TestTxnExIm.java:335) ~[test-classes/:?]
	at org.apache.hadoop.hive.ql.TestTxnExIm.testImportVectorized(TestTxnExIm.java:291) ~[test-classes/:?]
	at sun.reflect.NativeMethodAccessorImpl.invoke0(Native Method) ~[?:1.8.0_402]
	at sun.reflect.NativeMethodAccessorImpl.invoke(NativeMethodAccessorImpl.java:62) ~[?:1.8.0_402]
	at sun.reflect.DelegatingMethodAccessorImpl.invoke(DelegatingMethodAccessorImpl.java:43) ~[?:1.8.0_402]
	at java.lang.reflect.Method.invoke(Method.java:498) ~[?:1.8.0_402]
	at org.junit.runners.model.FrameworkMethod$1.runReflectiveCall(FrameworkMethod.java:59) ~[junit-4.13.jar:4.13]
	at org.junit.internal.runners.model.ReflectiveCallable.run(ReflectiveCallable.java:12) ~[junit-4.13.jar:4.13]
	at org.junit.runners.model.FrameworkMethod.invokeExplosively(FrameworkMethod.java:56) ~[junit-4.13.jar:4.13]
	at org.junit.internal.runners.statements.InvokeMethod.evaluate(InvokeMethod.java:17) ~[junit-4.13.jar:4.13]
	at org.junit.internal.runners.statements.RunBefores.evaluate(RunBefores.java:26) ~[junit-4.13.jar:4.13]
	at org.junit.internal.runners.statements.RunAfters.evaluate(RunAfters.java:27) ~[junit-4.13.jar:4.13]
	at org.junit.rules.TestWatcher$1.evaluate(TestWatcher.java:61) ~[junit-4.13.jar:4.13]
	at org.junit.runners.ParentRunner$3.evaluate(ParentRunner.java:306) ~[junit-4.13.jar:4.13]
	at org.junit.runners.BlockJUnit4ClassRunner$1.evaluate(BlockJUnit4ClassRunner.java:100) ~[junit-4.13.jar:4.13]
	at org.junit.runners.ParentRunner.runLeaf(ParentRunner.java:366) ~[junit-4.13.jar:4.13]
	at org.junit.runners.BlockJUnit4ClassRunner.runChild(BlockJUnit4ClassRunner.java:103) ~[junit-4.13.jar:4.13]
	at org.junit.runners.BlockJUnit4ClassRunner.runChild(BlockJUnit4ClassRunner.java:63) ~[junit-4.13.jar:4.13]
	at org.junit.runners.ParentRunner$4.run(ParentRunner.java:331) ~[junit-4.13.jar:4.13]
	at org.junit.runners.ParentRunner$1.schedule(ParentRunner.java:79) ~[junit-4.13.jar:4.13]
	at org.junit.runners.ParentRunner.runChildren(ParentRunner.java:329) ~[junit-4.13.jar:4.13]
	at org.junit.runners.ParentRunner.access$100(ParentRunner.java:66) ~[junit-4.13.jar:4.13]
	at org.junit.runners.ParentRunner$2.evaluate(ParentRunner.java:293) ~[junit-4.13.jar:4.13]
	at org.junit.runners.ParentRunner$3.evaluate(ParentRunner.java:306) ~[junit-4.13.jar:4.13]
	at org.junit.runners.ParentRunner.run(ParentRunner.java:413) ~[junit-4.13.jar:4.13]
	at org.junit.runner.JUnitCore.run(JUnitCore.java:137) ~[junit-4.13.jar:4.13]
	at org.junit.runner.JUnitCore.run(JUnitCore.java:115) ~[junit-4.13.jar:4.13]
	at org.junit.vintage.engine.execution.RunnerExecutor.execute(RunnerExecutor.java:43) ~[junit-vintage-engine-5.6.2.jar:5.6.2]
	at java.util.stream.ForEachOps$ForEachOp$OfRef.accept(ForEachOps.java:183) ~[?:1.8.0_402]
	at java.util.stream.ReferencePipeline$3$1.accept(ReferencePipeline.java:193) ~[?:1.8.0_402]
	at java.util.Iterator.forEachRemaining(Iterator.java:116) ~[?:1.8.0_402]
	at java.util.Spliterators$IteratorSpliterator.forEachRemaining(Spliterators.java:1801) ~[?:1.8.0_402]
	at java.util.stream.AbstractPipeline.copyInto(AbstractPipeline.java:482) ~[?:1.8.0_402]
	at java.util.stream.AbstractPipeline.wrapAndCopyInto(AbstractPipeline.java:472) ~[?:1.8.0_402]
	at java.util.stream.ForEachOps$ForEachOp.evaluateSequential(ForEachOps.java:150) ~[?:1.8.0_402]
	at java.util.stream.ForEachOps$ForEachOp$OfRef.evaluateSequential(ForEachOps.java:173) ~[?:1.8.0_402]
	at java.util.stream.AbstractPipeline.evaluate(AbstractPipeline.java:234) ~[?:1.8.0_402]
	at java.util.stream.ReferencePipeline.forEach(ReferencePipeline.java:485) ~[?:1.8.0_402]
	at org.junit.vintage.engine.VintageTestEngine.executeAllChildren(VintageTestEngine.java:82) ~[junit-vintage-engine-5.6.2.jar:5.6.2]
	at org.junit.vintage.engine.VintageTestEngine.execute(VintageTestEngine.java:73) ~[junit-vintage-engine-5.6.2.jar:5.6.2]
	at org.junit.platform.launcher.core.DefaultLauncher.execute(DefaultLauncher.java:248) ~[junit-platform-launcher-1.6.2.jar:1.6.2]
	at org.junit.platform.launcher.core.DefaultLauncher.lambda$execute$5(DefaultLauncher.java:211) ~[junit-platform-launcher-1.6.2.jar:1.6.2]
	at org.junit.platform.launcher.core.DefaultLauncher.withInterceptedStreams(DefaultLauncher.java:226) [junit-platform-launcher-1.6.2.jar:1.6.2]
	at org.junit.platform.launcher.core.DefaultLauncher.execute(DefaultLauncher.java:199) [junit-platform-launcher-1.6.2.jar:1.6.2]
	at org.junit.platform.launcher.core.DefaultLauncher.execute(DefaultLauncher.java:132) [junit-platform-launcher-1.6.2.jar:1.6.2]
	at org.apache.maven.surefire.junitplatform.JUnitPlatformProvider.invokeAllTests(JUnitPlatformProvider.java:154) [surefire-junit-platform-3.0.0-M4.jar:3.0.0-M4]
	at org.apache.maven.surefire.junitplatform.JUnitPlatformProvider.invoke(JUnitPlatformProvider.java:123) [surefire-junit-platform-3.0.0-M4.jar:3.0.0-M4]
	at org.apache.maven.surefire.booter.ForkedBooter.runSuitesInProcess(ForkedBooter.java:377) [surefire-booter-3.0.0-M4.jar:3.0.0-M4]
	at org.apache.maven.surefire.booter.ForkedBooter.execute(ForkedBooter.java:138) [surefire-booter-3.0.0-M4.jar:3.0.0-M4]
	at org.apache.maven.surefire.booter.ForkedBooter.run(ForkedBooter.java:465) [surefire-booter-3.0.0-M4.jar:3.0.0-M4]
	at org.apache.maven.surefire.booter.ForkedBooter.main(ForkedBooter.java:451) [surefire-booter-3.0.0-M4.jar:3.0.0-M4]
2024-04-23T20:49:33,857 ERROR [main] parse.UpdateDeleteSemanticAnalyzer: CBO failed due to missing column stats (see previous errors), skipping CBO
2024-04-23T20:49:33,857  INFO [main] parse.UpdateDeleteSemanticAnalyzer: Ending caching scope for: 
FAILED: NoMatchingMethodException No matching method for class org.apache.hadoop.hive.ql.udf.UDFToInteger with (struct<writeid:bigint,bucketid:int,rowid:bigint>). Possible choices: _FUNC_(bigint)  _FUNC_(boolean)  _FUNC_(decimal(38,18))  _FUNC_(double)  _FUNC_(float)  _FUNC_(smallint)  _FUNC_(string)  _FUNC_(struct<bucketid:bigint,rowid:int,writeid:bigint>)  _FUNC_(timestamp)  _FUNC_(tinyint)  _FUNC_(void)  
2024-04-23T20:49:33,857 ERROR [main] ql.Driver: FAILED: NoMatchingMethodException No matching method for class org.apache.hadoop.hive.ql.udf.UDFToInteger with (struct<writeid:bigint,bucketid:int,rowid:bigint>). Possible choices: _FUNC_(bigint)  _FUNC_(boolean)  _FUNC_(decimal(38,18))  _FUNC_(double)  _FUNC_(float)  _FUNC_(smallint)  _FUNC_(string)  _FUNC_(struct<bucketid:bigint,rowid:int,writeid:bigint>)  _FUNC_(timestamp)  _FUNC_(tinyint)  _FUNC_(void)  
org.apache.hadoop.hive.ql.exec.NoMatchingMethodException: No matching method for class org.apache.hadoop.hive.ql.udf.UDFToInteger with (struct<writeid:bigint,bucketid:int,rowid:bigint>). Possible choices: _FUNC_(bigint)  _FUNC_(boolean)  _FUNC_(decimal(38,18))  _FUNC_(double)  _FUNC_(float)  _FUNC_(smallint)  _FUNC_(string)  _FUNC_(struct<bucketid:bigint,rowid:int,writeid:bigint>)  _FUNC_(timestamp)  _FUNC_(tinyint)  _FUNC_(void)  
	at org.apache.hadoop.hive.ql.exec.MethodUtils.getMethodInternal(MethodUtils.java:130)
	at org.apache.hadoop.hive.ql.exec.MethodUtils.getMethodInternal(MethodUtils.java:60)
	at org.apache.hadoop.hive.ql.exec.DefaultUDFMethodResolver.getEvalMethod(DefaultUDFMethodResolver.java:59)
	at org.apache.hadoop.hive.ql.udf.TimestampCastRestrictorResolver.getEvalMethod(TimestampCastRestrictorResolver.java:68)
	at org.apache.hadoop.hive.ql.udf.generic.GenericUDFBridge.initialize(GenericUDFBridge.java:168)
	at org.apache.hadoop.hive.ql.udf.generic.GenericUDF.initializeAndFoldConstants(GenericUDF.java:149)
	at org.apache.hadoop.hive.ql.plan.ExprNodeGenericFuncDesc.newInstance(ExprNodeGenericFuncDesc.java:235)
	at org.apache.hadoop.hive.ql.parse.type.ExprNodeDescExprFactory.createFuncCallExpr(ExprNodeDescExprFactory.java:584)
	at org.apache.hadoop.hive.ql.parse.type.ExprNodeDescExprFactory.createFuncCallExpr(ExprNodeDescExprFactory.java:97)
	at org.apache.hadoop.hive.ql.parse.type.TypeCheckProcFactory$DefaultExprProcessor.getFuncExprNodeDescWithUdfData(TypeCheckProcFactory.java:762)
	at org.apache.hadoop.hive.ql.parse.type.TypeCheckProcFactory$DefaultExprProcessor.createConversionCast(TypeCheckProcFactory.java:783)
	at org.apache.hadoop.hive.ql.parse.SemanticAnalyzer.getPartitionColsFromBucketColsForUpdateDelete(SemanticAnalyzer.java:8725)
	at org.apache.hadoop.hive.ql.parse.SemanticAnalyzer.genBucketingSortingDest(SemanticAnalyzer.java:6914)
	at org.apache.hadoop.hive.ql.parse.SemanticAnalyzer.genFileSinkPlan(SemanticAnalyzer.java:7335)
	at org.apache.hadoop.hive.ql.parse.SemanticAnalyzer.genPostGroupByBodyPlan(SemanticAnalyzer.java:11063)
	at org.apache.hadoop.hive.ql.parse.SemanticAnalyzer.genBodyPlan(SemanticAnalyzer.java:10938)
	at org.apache.hadoop.hive.ql.parse.SemanticAnalyzer.genPlan(SemanticAnalyzer.java:11853)
	at org.apache.hadoop.hive.ql.parse.SemanticAnalyzer.genPlan(SemanticAnalyzer.java:11723)
	at org.apache.hadoop.hive.ql.parse.CalcitePlanner.genOPTree(CalcitePlanner.java:626)
	at org.apache.hadoop.hive.ql.parse.SemanticAnalyzer.analyzeInternal(SemanticAnalyzer.java:12558)
	at org.apache.hadoop.hive.ql.parse.CalcitePlanner.analyzeInternal(CalcitePlanner.java:456)
	at org.apache.hadoop.hive.ql.parse.RewriteSemanticAnalyzer.analyzeInternal(RewriteSemanticAnalyzer.java:67)
	at org.apache.hadoop.hive.ql.parse.BaseSemanticAnalyzer.analyze(BaseSemanticAnalyzer.java:317)
	at org.apache.hadoop.hive.ql.parse.UpdateDeleteSemanticAnalyzer.reparseAndSuperAnalyze(UpdateDeleteSemanticAnalyzer.java:208)
	at org.apache.hadoop.hive.ql.parse.UpdateDeleteSemanticAnalyzer.analyzeUpdate(UpdateDeleteSemanticAnalyzer.java:63)
	at org.apache.hadoop.hive.ql.parse.UpdateDeleteSemanticAnalyzer.analyze(UpdateDeleteSemanticAnalyzer.java:53)
	at org.apache.hadoop.hive.ql.parse.RewriteSemanticAnalyzer.analyzeInternal(RewriteSemanticAnalyzer.java:72)
	at org.apache.hadoop.hive.ql.parse.BaseSemanticAnalyzer.analyze(BaseSemanticAnalyzer.java:317)
	at org.apache.hadoop.hive.ql.Compiler.analyze(Compiler.java:223)
	at org.apache.hadoop.hive.ql.Compiler.compile(Compiler.java:105)
	at org.apache.hadoop.hive.ql.Driver.compile(Driver.java:500)
	at org.apache.hadoop.hive.ql.Driver.compileInternal(Driver.java:453)
	at org.apache.hadoop.hive.ql.Driver.runInternal(Driver.java:181)
	at org.apache.hadoop.hive.ql.Driver.run(Driver.java:153)
	at org.apache.hadoop.hive.ql.Driver.run(Driver.java:140)
	at org.apache.hadoop.hive.ql.TxnCommandsBaseForTests.runStatementOnDriver(TxnCommandsBaseForTests.java:245)
	at org.apache.hadoop.hive.ql.TestTxnExIm.testImport(TestTxnExIm.java:335)
	at org.apache.hadoop.hive.ql.TestTxnExIm.testImportVectorized(TestTxnExIm.java:291)
	at sun.reflect.NativeMethodAccessorImpl.invoke0(Native Method)
	at sun.reflect.NativeMethodAccessorImpl.invoke(NativeMethodAccessorImpl.java:62)
	at sun.reflect.DelegatingMethodAccessorImpl.invoke(DelegatingMethodAccessorImpl.java:43)
	at java.lang.reflect.Method.invoke(Method.java:498)
	at org.junit.runners.model.FrameworkMethod$1.runReflectiveCall(FrameworkMethod.java:59)
	at org.junit.internal.runners.model.ReflectiveCallable.run(ReflectiveCallable.java:12)
	at org.junit.runners.model.FrameworkMethod.invokeExplosively(FrameworkMethod.java:56)
	at org.junit.internal.runners.statements.InvokeMethod.evaluate(InvokeMethod.java:17)
	at org.junit.internal.runners.statements.RunBefores.evaluate(RunBefores.java:26)
	at org.junit.internal.runners.statements.RunAfters.evaluate(RunAfters.java:27)
	at org.junit.rules.TestWatcher$1.evaluate(TestWatcher.java:61)
	at org.junit.runners.ParentRunner$3.evaluate(ParentRunner.java:306)
	at org.junit.runners.BlockJUnit4ClassRunner$1.evaluate(BlockJUnit4ClassRunner.java:100)
	at org.junit.runners.ParentRunner.runLeaf(ParentRunner.java:366)
	at org.junit.runners.BlockJUnit4ClassRunner.runChild(BlockJUnit4ClassRunner.java:103)
	at org.junit.runners.BlockJUnit4ClassRunner.runChild(BlockJUnit4ClassRunner.java:63)
	at org.junit.runners.ParentRunner$4.run(ParentRunner.java:331)
	at org.junit.runners.ParentRunner$1.schedule(ParentRunner.java:79)
	at org.junit.runners.ParentRunner.runChildren(ParentRunner.java:329)
	at org.junit.runners.ParentRunner.access$100(ParentRunner.java:66)
	at org.junit.runners.ParentRunner$2.evaluate(ParentRunner.java:293)
	at org.junit.runners.ParentRunner$3.evaluate(ParentRunner.java:306)
	at org.junit.runners.ParentRunner.run(ParentRunner.java:413)
	at org.junit.runner.JUnitCore.run(JUnitCore.java:137)
	at org.junit.runner.JUnitCore.run(JUnitCore.java:115)
	at org.junit.vintage.engine.execution.RunnerExecutor.execute(RunnerExecutor.java:43)
	at java.util.stream.ForEachOps$ForEachOp$OfRef.accept(ForEachOps.java:183)
	at java.util.stream.ReferencePipeline$3$1.accept(ReferencePipeline.java:193)
	at java.util.Iterator.forEachRemaining(Iterator.java:116)
	at java.util.Spliterators$IteratorSpliterator.forEachRemaining(Spliterators.java:1801)
	at java.util.stream.AbstractPipeline.copyInto(AbstractPipeline.java:482)
	at java.util.stream.AbstractPipeline.wrapAndCopyInto(AbstractPipeline.java:472)
	at java.util.stream.ForEachOps$ForEachOp.evaluateSequential(ForEachOps.java:150)
	at java.util.stream.ForEachOps$ForEachOp$OfRef.evaluateSequential(ForEachOps.java:173)
	at java.util.stream.AbstractPipeline.evaluate(AbstractPipeline.java:234)
	at java.util.stream.ReferencePipeline.forEach(ReferencePipeline.java:485)
	at org.junit.vintage.engine.VintageTestEngine.executeAllChildren(VintageTestEngine.java:82)
	at org.junit.vintage.engine.VintageTestEngine.execute(VintageTestEngine.java:73)
	at org.junit.platform.launcher.core.DefaultLauncher.execute(DefaultLauncher.java:248)
	at org.junit.platform.launcher.core.DefaultLauncher.lambda$execute$5(DefaultLauncher.java:211)
	at org.junit.platform.launcher.core.DefaultLauncher.withInterceptedStreams(DefaultLauncher.java:226)
	at org.junit.platform.launcher.core.DefaultLauncher.execute(DefaultLauncher.java:199)
	at org.junit.platform.launcher.core.DefaultLauncher.execute(DefaultLauncher.java:132)
	at org.apache.maven.surefire.junitplatform.JUnitPlatformProvider.invokeAllTests(JUnitPlatformProvider.java:154)
	at org.apache.maven.surefire.junitplatform.JUnitPlatformProvider.invoke(JUnitPlatformProvider.java:123)
	at org.apache.maven.surefire.booter.ForkedBooter.runSuitesInProcess(ForkedBooter.java:377)
	at org.apache.maven.surefire.booter.ForkedBooter.execute(ForkedBooter.java:138)
	at org.apache.maven.surefire.booter.ForkedBooter.run(ForkedBooter.java:465)
	at org.apache.maven.surefire.booter.ForkedBooter.main(ForkedBooter.java:451)

2024-04-23T20:49:33,858  INFO [main] metadata.Hive: Dumping metastore api call timing information for : compilation phase
2024-04-23T20:49:33,858  INFO [main] metadata.Hive: Total time spent in each metastore function (ms): {getTable_(GetTableRequest)=35, getCheckConstraints_(CheckConstraintsRequest)=1, isCompatibleWith_(Configuration)=0, flushCache_()=0, getValidWriteIds_(List, String)=4, openTxn_(String, TxnType)=2, getTableColumnStatistics_(String, String, List, String)=33, getAllTableConstraints_(AllTableConstraintsRequest)=5, getValidTxns_(long)=0, commitTxn_(CommitTxnRequest)=11, getNotNullConstraints_(NotNullConstraintsRequest)=1}
2024-04-23T20:49:33,858  INFO [main] ql.Driver: Completed compiling command(queryId=alex_20240423204933_18c7b704-33fb-43b4-9ef8-69f70d5c0eb0); Time taken: 0.19 seconds
2024-04-23T20:49:33,858  INFO [main] lockmgr.DbTxnManager: Stopped heartbeat for query: null
2024-04-23T20:49:33,861  INFO [main] txn.TxnHandler: Removed transactions: ([22]) from MIN_HISTORY_LEVEL
2024-04-23T20:49:33,867  INFO [main] ql.TxnCommandsBaseForTests: Running the query: drop table if exists acidTbl
2024-04-23T20:49:33,868  INFO [main] ql.Driver: Compiling command(queryId=alex_20240423204933_20ca270a-cdc2-4e52-ade5-892ee18190f2): drop table if exists acidTbl
2024-04-23T20:49:33,870  INFO [main] txn.TxnHandler: Added entries to MIN_HISTORY_LEVEL for current txns: ([23]) with min_open_txn: 21
2024-04-23T20:49:33,871  INFO [main] lockmgr.DbTxnManager: Opened txnid:23
2024-04-23T20:49:33,872  INFO [main] HiveMetaStore.audit: ugi=alex	ip=unknown-ip-addr	cmd=get_table : tbl=hive.default.acidTbl	
2024-04-23T20:49:33,878  INFO [main] metastore.HMSHandler: Skipping translation for processor with null
2024-04-23T20:49:33,878  INFO [main] ql.Driver: Semantic Analysis Completed (retrial = false)
2024-04-23T20:49:33,878  INFO [main] ql.Driver: Created Hive schema: Schema(fieldSchemas:null, properties:null)
2024-04-23T20:49:33,878  INFO [main] metadata.Hive: Dumping metastore api call timing information for : compilation phase
2024-04-23T20:49:33,879  INFO [main] metadata.Hive: Total time spent in each metastore function (ms): {isCompatibleWith_(Configuration)=0, flushCache_()=0, getTable_(GetTableRequest)=7, rollbackTxn_(long)=9, openTxn_(String, TxnType)=3, getValidTxns_(long)=0}
2024-04-23T20:49:33,879  INFO [main] ql.Driver: Completed compiling command(queryId=alex_20240423204933_20ca270a-cdc2-4e52-ade5-892ee18190f2); Time taken: 0.01 seconds
2024-04-23T20:49:33,879  INFO [main] lockmgr.DbTxnManager: Setting lock request transaction to txnid:23 for queryId=alex_20240423204933_20ca270a-cdc2-4e52-ade5-892ee18190f2
2024-04-23T20:49:33,880  INFO [main] lockmgr.DbLockManager: Requesting lock for queryId=alex_20240423204933_20ca270a-cdc2-4e52-ade5-892ee18190f2
2024-04-23T20:49:33,894  INFO [main] lockmgr.DbLockManager: Response to queryId=alex_20240423204933_20ca270a-cdc2-4e52-ade5-892ee18190f2 LockResponse(lockid:14, state:ACQUIRED)
2024-04-23T20:49:33,894  INFO [main] ql.Driver: Operation DROPTABLE obtained 1 locks
2024-04-23T20:49:33,894  INFO [main] ql.Driver: Executing command(queryId=alex_20240423204933_20ca270a-cdc2-4e52-ade5-892ee18190f2): drop table if exists acidTbl
2024-04-23T20:49:33,894  INFO [main] ql.Driver: Starting task [Stage-0:DDL] in serial mode
2024-04-23T20:49:33,894  INFO [main] HiveMetaStore.audit: ugi=alex	ip=unknown-ip-addr	cmd=get_table : tbl=hive.default.acidTbl	
2024-04-23T20:49:33,902  INFO [main] metastore.HMSHandler: Skipping translation for processor with null
2024-04-23T20:49:33,902  INFO [main] HiveMetaStore.audit: ugi=alex	ip=unknown-ip-addr	cmd=get_table : tbl=hive.default.acidTbl	
2024-04-23T20:49:33,909  INFO [main] metastore.HMSHandler: Skipping translation for processor with null
2024-04-23T20:49:33,909  INFO [main] HiveMetaStore.audit: ugi=alex	ip=unknown-ip-addr	cmd=drop_table : tbl=hive.default.acidTbl	
2024-04-23T20:49:34,012  INFO [main] metadata.Hive: Dumping metastore api call timing information for : execution phase
2024-04-23T20:49:34,013  INFO [main] metadata.Hive: Total time spent in each metastore function (ms): {isCompatibleWith_(Configuration)=0, getTable_(GetTableRequest)=8, dropTable_(String, String, boolean, boolean, boolean)=110}
2024-04-23T20:49:34,013  INFO [main] ql.Driver: Completed executing command(queryId=alex_20240423204933_20ca270a-cdc2-4e52-ade5-892ee18190f2); Time taken: 0.118 seconds
2024-04-23T20:49:34,013  INFO [main] lockmgr.DbTxnManager: Stopped heartbeat for query: alex_20240423204933_20ca270a-cdc2-4e52-ade5-892ee18190f2
2024-04-23T20:49:34,017  INFO [main] txn.TxnHandler: Expected to move at least one record from txn_components to completed_txn_components when committing txn! txnid:23
2024-04-23T20:49:34,024  INFO [main] txn.TxnHandler: Removed transactions: ([23]) from MIN_HISTORY_LEVEL
2024-04-23T20:49:34,026  WARN [main] txn.CompactionTxnHandler: No compaction queue record found for Compaction type transaction commit. txnId:23
2024-04-23T20:49:34,026  INFO [main] ql.TxnCommandsBaseForTests: Running the query: drop table if exists acidTblPart
2024-04-23T20:49:34,027  INFO [main] ql.Driver: Compiling command(queryId=alex_20240423204934_f417f3cf-25bc-4027-9d2c-92720b324652): drop table if exists acidTblPart
2024-04-23T20:49:34,035  INFO [main] txn.TxnHandler: Added entries to MIN_HISTORY_LEVEL for current txns: ([24]) with min_open_txn: 21
2024-04-23T20:49:34,036  INFO [main] lockmgr.DbTxnManager: Opened txnid:24
2024-04-23T20:49:34,036  INFO [main] HiveMetaStore.audit: ugi=alex	ip=unknown-ip-addr	cmd=get_table : tbl=hive.default.acidTblPart	
2024-04-23T20:49:34,047  INFO [main] metastore.HMSHandler: Skipping translation for processor with null
2024-04-23T20:49:34,047  INFO [main] ql.Driver: Semantic Analysis Completed (retrial = false)
2024-04-23T20:49:34,047  INFO [main] ql.Driver: Created Hive schema: Schema(fieldSchemas:null, properties:null)
2024-04-23T20:49:34,047  INFO [main] metadata.Hive: Dumping metastore api call timing information for : compilation phase
2024-04-23T20:49:34,047  INFO [main] metadata.Hive: Total time spent in each metastore function (ms): {openTxn_(String, TxnType)=9, commitTxn_(CommitTxnRequest)=13, isCompatibleWith_(Configuration)=0, getTable_(GetTableRequest)=11, getValidTxns_(long)=0, flushCache_()=0}
2024-04-23T20:49:34,048  INFO [main] ql.Driver: Completed compiling command(queryId=alex_20240423204934_f417f3cf-25bc-4027-9d2c-92720b324652); Time taken: 0.02 seconds
2024-04-23T20:49:34,048  INFO [main] lockmgr.DbTxnManager: Setting lock request transaction to txnid:24 for queryId=alex_20240423204934_f417f3cf-25bc-4027-9d2c-92720b324652
2024-04-23T20:49:34,048  INFO [main] lockmgr.DbLockManager: Requesting lock for queryId=alex_20240423204934_f417f3cf-25bc-4027-9d2c-92720b324652
2024-04-23T20:49:34,069  INFO [main] lockmgr.DbLockManager: Response to queryId=alex_20240423204934_f417f3cf-25bc-4027-9d2c-92720b324652 LockResponse(lockid:15, state:ACQUIRED)
2024-04-23T20:49:34,069  INFO [main] ql.Driver: Operation DROPTABLE obtained 1 locks
2024-04-23T20:49:34,069  INFO [main] ql.Driver: Executing command(queryId=alex_20240423204934_f417f3cf-25bc-4027-9d2c-92720b324652): drop table if exists acidTblPart
2024-04-23T20:49:34,069  INFO [main] ql.Driver: Starting task [Stage-0:DDL] in serial mode
2024-04-23T20:49:34,069  INFO [main] HiveMetaStore.audit: ugi=alex	ip=unknown-ip-addr	cmd=get_table : tbl=hive.default.acidTblPart	
2024-04-23T20:49:34,077  INFO [main] metastore.HMSHandler: Skipping translation for processor with null
2024-04-23T20:49:34,077  INFO [main] HiveMetaStore.audit: ugi=alex	ip=unknown-ip-addr	cmd=get_table : tbl=hive.default.acidTblPart	
2024-04-23T20:49:34,085  INFO [main] metastore.HMSHandler: Skipping translation for processor with null
2024-04-23T20:49:34,085  INFO [main] HiveMetaStore.audit: ugi=alex	ip=unknown-ip-addr	cmd=drop_table : tbl=hive.default.acidTblPart	
2024-04-23T20:49:34,124  INFO [main] metadata.Hive: Dumping metastore api call timing information for : execution phase
2024-04-23T20:49:34,125  INFO [main] metadata.Hive: Total time spent in each metastore function (ms): {isCompatibleWith_(Configuration)=0, dropTable_(String, String, boolean, boolean, boolean)=47, getTable_(GetTableRequest)=8}
2024-04-23T20:49:34,125  INFO [main] ql.Driver: Completed executing command(queryId=alex_20240423204934_f417f3cf-25bc-4027-9d2c-92720b324652); Time taken: 0.055 seconds
2024-04-23T20:49:34,125  INFO [main] lockmgr.DbTxnManager: Stopped heartbeat for query: alex_20240423204934_f417f3cf-25bc-4027-9d2c-92720b324652
2024-04-23T20:49:34,129  INFO [main] txn.TxnHandler: Expected to move at least one record from txn_components to completed_txn_components when committing txn! txnid:24
2024-04-23T20:49:34,134  INFO [main] txn.TxnHandler: Removed transactions: ([24]) from MIN_HISTORY_LEVEL
2024-04-23T20:49:34,134  WARN [main] txn.CompactionTxnHandler: No compaction queue record found for Compaction type transaction commit. txnId:24
2024-04-23T20:49:34,135  INFO [main] ql.TxnCommandsBaseForTests: Running the query: drop table if exists acidTbl2
2024-04-23T20:49:34,135  INFO [main] ql.Driver: Compiling command(queryId=alex_20240423204934_3d97f8e5-42cd-4ae4-b579-1bd61a894f0a): drop table if exists acidTbl2
2024-04-23T20:49:34,137  INFO [main] txn.TxnHandler: Added entries to MIN_HISTORY_LEVEL for current txns: ([25]) with min_open_txn: 21
2024-04-23T20:49:34,137  INFO [main] lockmgr.DbTxnManager: Opened txnid:25
2024-04-23T20:49:34,138  INFO [main] ql.Driver: Semantic Analysis Completed (retrial = false)
2024-04-23T20:49:34,138  INFO [main] ql.Driver: Created Hive schema: Schema(fieldSchemas:null, properties:null)
2024-04-23T20:49:34,138  INFO [main] metadata.Hive: Dumping metastore api call timing information for : compilation phase
2024-04-23T20:49:34,138  INFO [main] metadata.Hive: Total time spent in each metastore function (ms): {isCompatibleWith_(Configuration)=1, openTxn_(String, TxnType)=1, getTable_(GetTableRequest)=0, getValidTxns_(long)=0, flushCache_()=0, commitTxn_(CommitTxnRequest)=10}
2024-04-23T20:49:34,138  INFO [main] ql.Driver: Completed compiling command(queryId=alex_20240423204934_3d97f8e5-42cd-4ae4-b579-1bd61a894f0a); Time taken: 0.003 seconds
2024-04-23T20:49:34,139  INFO [main] lockmgr.DbTxnManager: Setting lock request transaction to txnid:25 for queryId=alex_20240423204934_3d97f8e5-42cd-4ae4-b579-1bd61a894f0a
2024-04-23T20:49:34,139  INFO [main] ql.Driver: Operation DROPTABLE obtained 0 locks
2024-04-23T20:49:34,139  INFO [main] ql.Driver: Executing command(queryId=alex_20240423204934_3d97f8e5-42cd-4ae4-b579-1bd61a894f0a): drop table if exists acidTbl2
2024-04-23T20:49:34,139  INFO [main] ql.Driver: Starting task [Stage-0:DDL] in serial mode
2024-04-23T20:49:34,139  INFO [main] metadata.SessionHiveMetaStoreClient: Column stats doesn't exist for db=default temp table=acidTbl2
2024-04-23T20:49:34,140  INFO [main] metadata.Hive: Dumping metastore api call timing information for : execution phase
2024-04-23T20:49:34,140  INFO [main] metadata.Hive: Total time spent in each metastore function (ms): {isCompatibleWith_(Configuration)=0, getTable_(GetTableRequest)=0, dropTable_(String, String, boolean, boolean, boolean)=1}
2024-04-23T20:49:34,140  INFO [main] ql.Driver: Completed executing command(queryId=alex_20240423204934_3d97f8e5-42cd-4ae4-b579-1bd61a894f0a); Time taken: 0.001 seconds
2024-04-23T20:49:34,140  INFO [main] lockmgr.DbTxnManager: Stopped heartbeat for query: alex_20240423204934_3d97f8e5-42cd-4ae4-b579-1bd61a894f0a
2024-04-23T20:49:34,145  INFO [main] txn.TxnHandler: Expected to move at least one record from txn_components to completed_txn_components when committing txn! txnid:25
2024-04-23T20:49:34,150  INFO [main] txn.TxnHandler: Removed transactions: ([25]) from MIN_HISTORY_LEVEL
2024-04-23T20:49:34,151  WARN [main] txn.CompactionTxnHandler: No compaction queue record found for Compaction type transaction commit. txnId:25
2024-04-23T20:49:34,151  INFO [main] ql.TxnCommandsBaseForTests: Running the query: drop table if exists nonAcidOrcTbl
2024-04-23T20:49:34,152  INFO [main] ql.Driver: Compiling command(queryId=alex_20240423204934_ff88f94c-76c9-4907-a568-74c72765b3ff): drop table if exists nonAcidOrcTbl
2024-04-23T20:49:34,154  INFO [main] txn.TxnHandler: Added entries to MIN_HISTORY_LEVEL for current txns: ([26]) with min_open_txn: 21
2024-04-23T20:49:34,154  INFO [main] lockmgr.DbTxnManager: Opened txnid:26
2024-04-23T20:49:34,155  INFO [main] HiveMetaStore.audit: ugi=alex	ip=unknown-ip-addr	cmd=get_table : tbl=hive.default.nonAcidOrcTbl	
2024-04-23T20:49:34,176  INFO [main] metastore.HMSHandler: Skipping translation for processor with null
2024-04-23T20:49:34,176  INFO [main] ql.Driver: Semantic Analysis Completed (retrial = false)
2024-04-23T20:49:34,177  INFO [main] ql.Driver: Created Hive schema: Schema(fieldSchemas:null, properties:null)
2024-04-23T20:49:34,177  INFO [main] metadata.Hive: Dumping metastore api call timing information for : compilation phase
2024-04-23T20:49:34,177  INFO [main] metadata.Hive: Total time spent in each metastore function (ms): {isCompatibleWith_(Configuration)=0, getValidTxns_(long)=1, getTable_(GetTableRequest)=21, openTxn_(String, TxnType)=2, flushCache_()=0, commitTxn_(CommitTxnRequest)=11}
2024-04-23T20:49:34,177  INFO [main] ql.Driver: Completed compiling command(queryId=alex_20240423204934_ff88f94c-76c9-4907-a568-74c72765b3ff); Time taken: 0.025 seconds
2024-04-23T20:49:34,177  INFO [main] lockmgr.DbTxnManager: Setting lock request transaction to txnid:26 for queryId=alex_20240423204934_ff88f94c-76c9-4907-a568-74c72765b3ff
2024-04-23T20:49:34,178  INFO [main] lockmgr.DbLockManager: Requesting lock for queryId=alex_20240423204934_ff88f94c-76c9-4907-a568-74c72765b3ff
2024-04-23T20:49:34,191  INFO [main] lockmgr.DbLockManager: Response to queryId=alex_20240423204934_ff88f94c-76c9-4907-a568-74c72765b3ff LockResponse(lockid:16, state:ACQUIRED)
2024-04-23T20:49:34,191  INFO [main] ql.Driver: Operation DROPTABLE obtained 1 locks
2024-04-23T20:49:34,191  INFO [main] ql.Driver: Executing command(queryId=alex_20240423204934_ff88f94c-76c9-4907-a568-74c72765b3ff): drop table if exists nonAcidOrcTbl
2024-04-23T20:49:34,192  INFO [main] ql.Driver: Starting task [Stage-0:DDL] in serial mode
2024-04-23T20:49:34,192  INFO [main] HiveMetaStore.audit: ugi=alex	ip=unknown-ip-addr	cmd=get_table : tbl=hive.default.nonAcidOrcTbl	
2024-04-23T20:49:34,201  INFO [main] metastore.HMSHandler: Skipping translation for processor with null
2024-04-23T20:49:34,201  INFO [main] HiveMetaStore.audit: ugi=alex	ip=unknown-ip-addr	cmd=get_table : tbl=hive.default.nonAcidOrcTbl	
2024-04-23T20:49:34,210  INFO [main] metastore.HMSHandler: Skipping translation for processor with null
2024-04-23T20:49:34,210  INFO [main] HiveMetaStore.audit: ugi=alex	ip=unknown-ip-addr	cmd=drop_table : tbl=hive.default.nonAcidOrcTbl	
2024-04-23T20:49:34,281  INFO [main] metadata.Hive: Dumping metastore api call timing information for : execution phase
2024-04-23T20:49:34,281  INFO [main] metadata.Hive: Total time spent in each metastore function (ms): {dropTable_(String, String, boolean, boolean, boolean)=79, isCompatibleWith_(Configuration)=0, getTable_(GetTableRequest)=9}
2024-04-23T20:49:34,281  INFO [main] ql.Driver: Completed executing command(queryId=alex_20240423204934_ff88f94c-76c9-4907-a568-74c72765b3ff); Time taken: 0.09 seconds
2024-04-23T20:49:34,281  INFO [main] lockmgr.DbTxnManager: Stopped heartbeat for query: alex_20240423204934_ff88f94c-76c9-4907-a568-74c72765b3ff
2024-04-23T20:49:34,285  INFO [main] txn.TxnHandler: Expected to move at least one record from txn_components to completed_txn_components when committing txn! txnid:26
2024-04-23T20:49:34,289  INFO [main] txn.TxnHandler: Removed transactions: ([26]) from MIN_HISTORY_LEVEL
2024-04-23T20:49:34,290  WARN [main] txn.CompactionTxnHandler: No compaction queue record found for Compaction type transaction commit. txnId:26
2024-04-23T20:49:34,290  INFO [main] ql.TxnCommandsBaseForTests: Running the query: drop table if exists nonAcidOrcTbl2
2024-04-23T20:49:34,291  INFO [main] ql.Driver: Compiling command(queryId=alex_20240423204934_f8e4e839-4fda-4728-85a2-871818552d09): drop table if exists nonAcidOrcTbl2
2024-04-23T20:49:34,293  INFO [main] txn.TxnHandler: Added entries to MIN_HISTORY_LEVEL for current txns: ([27]) with min_open_txn: 21
2024-04-23T20:49:34,293  INFO [main] lockmgr.DbTxnManager: Opened txnid:27
2024-04-23T20:49:34,294  INFO [main] HiveMetaStore.audit: ugi=alex	ip=unknown-ip-addr	cmd=get_table : tbl=hive.default.nonAcidOrcTbl2	
2024-04-23T20:49:34,302  INFO [main] metastore.HMSHandler: Skipping translation for processor with null
2024-04-23T20:49:34,302  INFO [main] ql.Driver: Semantic Analysis Completed (retrial = false)
2024-04-23T20:49:34,302  INFO [main] ql.Driver: Created Hive schema: Schema(fieldSchemas:null, properties:null)
2024-04-23T20:49:34,303  INFO [main] metadata.Hive: Dumping metastore api call timing information for : compilation phase
2024-04-23T20:49:34,303  INFO [main] metadata.Hive: Total time spent in each metastore function (ms): {commitTxn_(CommitTxnRequest)=9, flushCache_()=0, getValidTxns_(long)=0, openTxn_(String, TxnType)=2, getTable_(GetTableRequest)=9, isCompatibleWith_(Configuration)=0}
2024-04-23T20:49:34,303  INFO [main] ql.Driver: Completed compiling command(queryId=alex_20240423204934_f8e4e839-4fda-4728-85a2-871818552d09); Time taken: 0.011 seconds
2024-04-23T20:49:34,303  INFO [main] lockmgr.DbTxnManager: Setting lock request transaction to txnid:27 for queryId=alex_20240423204934_f8e4e839-4fda-4728-85a2-871818552d09
2024-04-23T20:49:34,304  INFO [main] lockmgr.DbLockManager: Requesting lock for queryId=alex_20240423204934_f8e4e839-4fda-4728-85a2-871818552d09
2024-04-23T20:49:34,317  INFO [main] lockmgr.DbLockManager: Response to queryId=alex_20240423204934_f8e4e839-4fda-4728-85a2-871818552d09 LockResponse(lockid:17, state:ACQUIRED)
2024-04-23T20:49:34,317  INFO [main] ql.Driver: Operation DROPTABLE obtained 1 locks
2024-04-23T20:49:34,317  INFO [main] ql.Driver: Executing command(queryId=alex_20240423204934_f8e4e839-4fda-4728-85a2-871818552d09): drop table if exists nonAcidOrcTbl2
2024-04-23T20:49:34,318  INFO [main] ql.Driver: Starting task [Stage-0:DDL] in serial mode
2024-04-23T20:49:34,318  INFO [main] HiveMetaStore.audit: ugi=alex	ip=unknown-ip-addr	cmd=get_table : tbl=hive.default.nonAcidOrcTbl2	
2024-04-23T20:49:34,327  INFO [main] metastore.HMSHandler: Skipping translation for processor with null
2024-04-23T20:49:34,327  INFO [main] HiveMetaStore.audit: ugi=alex	ip=unknown-ip-addr	cmd=get_table : tbl=hive.default.nonAcidOrcTbl2	
2024-04-23T20:49:34,336  INFO [main] metastore.HMSHandler: Skipping translation for processor with null
2024-04-23T20:49:34,337  INFO [main] HiveMetaStore.audit: ugi=alex	ip=unknown-ip-addr	cmd=drop_table : tbl=hive.default.nonAcidOrcTbl2	
2024-04-23T20:49:34,369  INFO [main] metadata.Hive: Dumping metastore api call timing information for : execution phase
2024-04-23T20:49:34,369  INFO [main] metadata.Hive: Total time spent in each metastore function (ms): {dropTable_(String, String, boolean, boolean, boolean)=42, getTable_(GetTableRequest)=9, isCompatibleWith_(Configuration)=0}
2024-04-23T20:49:34,369  INFO [main] ql.Driver: Completed executing command(queryId=alex_20240423204934_f8e4e839-4fda-4728-85a2-871818552d09); Time taken: 0.052 seconds
2024-04-23T20:49:34,369  INFO [main] lockmgr.DbTxnManager: Stopped heartbeat for query: alex_20240423204934_f8e4e839-4fda-4728-85a2-871818552d09
2024-04-23T20:49:34,373  INFO [main] txn.TxnHandler: Expected to move at least one record from txn_components to completed_txn_components when committing txn! txnid:27
2024-04-23T20:49:34,379  INFO [main] txn.TxnHandler: Removed transactions: ([27]) from MIN_HISTORY_LEVEL
2024-04-23T20:49:34,379  WARN [main] txn.CompactionTxnHandler: No compaction queue record found for Compaction type transaction commit. txnId:27
2024-04-23T20:49:34,380  INFO [main] ql.TxnCommandsBaseForTests: Running the query: drop table if exists nonAcidNonBucket
2024-04-23T20:49:34,380  INFO [main] ql.Driver: Compiling command(queryId=alex_20240423204934_778b26fe-fd5e-463c-8237-262d60bb89db): drop table if exists nonAcidNonBucket
2024-04-23T20:49:34,382  INFO [main] txn.TxnHandler: Added entries to MIN_HISTORY_LEVEL for current txns: ([28]) with min_open_txn: 21
2024-04-23T20:49:34,382  INFO [main] lockmgr.DbTxnManager: Opened txnid:28
2024-04-23T20:49:34,383  INFO [main] HiveMetaStore.audit: ugi=alex	ip=unknown-ip-addr	cmd=get_table : tbl=hive.default.nonAcidNonBucket	
2024-04-23T20:49:34,392  INFO [main] metastore.HMSHandler: Skipping translation for processor with null
2024-04-23T20:49:34,393  INFO [main] ql.Driver: Semantic Analysis Completed (retrial = false)
2024-04-23T20:49:34,393  INFO [main] ql.Driver: Created Hive schema: Schema(fieldSchemas:null, properties:null)
2024-04-23T20:49:34,393  INFO [main] metadata.Hive: Dumping metastore api call timing information for : compilation phase
2024-04-23T20:49:34,393  INFO [main] metadata.Hive: Total time spent in each metastore function (ms): {commitTxn_(CommitTxnRequest)=9, getTable_(GetTableRequest)=10, openTxn_(String, TxnType)=2, isCompatibleWith_(Configuration)=1, flushCache_()=0, getValidTxns_(long)=0}
2024-04-23T20:49:34,393  INFO [main] ql.Driver: Completed compiling command(queryId=alex_20240423204934_778b26fe-fd5e-463c-8237-262d60bb89db); Time taken: 0.013 seconds
2024-04-23T20:49:34,393  INFO [main] lockmgr.DbTxnManager: Setting lock request transaction to txnid:28 for queryId=alex_20240423204934_778b26fe-fd5e-463c-8237-262d60bb89db
2024-04-23T20:49:34,394  INFO [main] lockmgr.DbLockManager: Requesting lock for queryId=alex_20240423204934_778b26fe-fd5e-463c-8237-262d60bb89db
2024-04-23T20:49:34,408  INFO [main] lockmgr.DbLockManager: Response to queryId=alex_20240423204934_778b26fe-fd5e-463c-8237-262d60bb89db LockResponse(lockid:18, state:ACQUIRED)
2024-04-23T20:49:34,408  INFO [main] ql.Driver: Operation DROPTABLE obtained 1 locks
2024-04-23T20:49:34,408  INFO [main] ql.Driver: Executing command(queryId=alex_20240423204934_778b26fe-fd5e-463c-8237-262d60bb89db): drop table if exists nonAcidNonBucket
2024-04-23T20:49:34,408  INFO [main] ql.Driver: Starting task [Stage-0:DDL] in serial mode
2024-04-23T20:49:34,408  INFO [main] HiveMetaStore.audit: ugi=alex	ip=unknown-ip-addr	cmd=get_table : tbl=hive.default.nonAcidNonBucket	
2024-04-23T20:49:34,417  INFO [main] metastore.HMSHandler: Skipping translation for processor with null
2024-04-23T20:49:34,418  INFO [main] HiveMetaStore.audit: ugi=alex	ip=unknown-ip-addr	cmd=get_table : tbl=hive.default.nonAcidNonBucket	
2024-04-23T20:49:34,426  INFO [main] metastore.HMSHandler: Skipping translation for processor with null
2024-04-23T20:49:34,427  INFO [main] HiveMetaStore.audit: ugi=alex	ip=unknown-ip-addr	cmd=drop_table : tbl=hive.default.nonAcidNonBucket	
2024-04-23T20:49:34,458  INFO [main] metadata.Hive: Dumping metastore api call timing information for : execution phase
2024-04-23T20:49:34,458  INFO [main] metadata.Hive: Total time spent in each metastore function (ms): {isCompatibleWith_(Configuration)=0, getTable_(GetTableRequest)=9, dropTable_(String, String, boolean, boolean, boolean)=41}
2024-04-23T20:49:34,459  INFO [main] ql.Driver: Completed executing command(queryId=alex_20240423204934_778b26fe-fd5e-463c-8237-262d60bb89db); Time taken: 0.05 seconds
2024-04-23T20:49:34,459  INFO [main] lockmgr.DbTxnManager: Stopped heartbeat for query: alex_20240423204934_778b26fe-fd5e-463c-8237-262d60bb89db
2024-04-23T20:49:34,463  INFO [main] txn.TxnHandler: Expected to move at least one record from txn_components to completed_txn_components when committing txn! txnid:28
2024-04-23T20:49:34,469  INFO [main] txn.TxnHandler: Removed transactions: ([28]) from MIN_HISTORY_LEVEL
2024-04-23T20:49:34,469  WARN [main] txn.CompactionTxnHandler: No compaction queue record found for Compaction type transaction commit. txnId:28
2024-04-23T20:49:34,470  INFO [main] utils.TestTxnDbUtil: Cleaning transactional tables
]]></system-err>
  </testcase>
  <testcase name="testExportBucketed" classname="org.apache.hadoop.hive.ql.TestTxnExIm" time="6.214"/>
  <testcase name="testImportPartitioned" classname="org.apache.hadoop.hive.ql.TestTxnExIm" time="7.298"/>
  <testcase name="testMMExportAborted" classname="org.apache.hadoop.hive.ql.TestTxnExIm" time="0">
    <skipped/>
  </testcase>
  <testcase name="testImport" classname="org.apache.hadoop.hive.ql.TestTxnExIm" time="6.717">
    <error type="java.lang.RuntimeException"><![CDATA[java.lang.RuntimeException: update T set a = 0 where b = 6 failed: (responseCode = 40000, errorMessage = FAILED: NoMatchingMethodException No matching method for class org.apache.hadoop.hive.ql.udf.UDFToInteger with (struct<writeid:bigint,bucketid:int,rowid:bigint>). Possible choices: _FUNC_(bigint)  _FUNC_(boolean)  _FUNC_(decimal(38,18))  _FUNC_(double)  _FUNC_(float)  _FUNC_(smallint)  _FUNC_(string)  _FUNC_(struct<bucketid:bigint,rowid:int,writeid:bigint>)  _FUNC_(timestamp)  _FUNC_(tinyint)  _FUNC_(void)  , hiveErrorCode = 40000, SQLState = 42000, exception = No matching method for class org.apache.hadoop.hive.ql.udf.UDFToInteger with (struct<writeid:bigint,bucketid:int,rowid:bigint>). Possible choices: _FUNC_(bigint)  _FUNC_(boolean)  _FUNC_(decimal(38,18))  _FUNC_(double)  _FUNC_(float)  _FUNC_(smallint)  _FUNC_(string)  _FUNC_(struct<bucketid:bigint,rowid:int,writeid:bigint>)  _FUNC_(timestamp)  _FUNC_(tinyint)  _FUNC_(void)  )
	at org.apache.hadoop.hive.ql.TxnCommandsBaseForTests.runStatementOnDriver(TxnCommandsBaseForTests.java:247)
	at org.apache.hadoop.hive.ql.TestTxnExIm.testImport(TestTxnExIm.java:335)
	at org.apache.hadoop.hive.ql.TestTxnExIm.testImport(TestTxnExIm.java:283)
	at sun.reflect.NativeMethodAccessorImpl.invoke0(Native Method)
	at sun.reflect.NativeMethodAccessorImpl.invoke(NativeMethodAccessorImpl.java:62)
	at sun.reflect.DelegatingMethodAccessorImpl.invoke(DelegatingMethodAccessorImpl.java:43)
	at java.lang.reflect.Method.invoke(Method.java:498)
	at org.junit.runners.model.FrameworkMethod$1.runReflectiveCall(FrameworkMethod.java:59)
	at org.junit.internal.runners.model.ReflectiveCallable.run(ReflectiveCallable.java:12)
	at org.junit.runners.model.FrameworkMethod.invokeExplosively(FrameworkMethod.java:56)
	at org.junit.internal.runners.statements.InvokeMethod.evaluate(InvokeMethod.java:17)
	at org.junit.internal.runners.statements.RunBefores.evaluate(RunBefores.java:26)
	at org.junit.internal.runners.statements.RunAfters.evaluate(RunAfters.java:27)
	at org.junit.rules.TestWatcher$1.evaluate(TestWatcher.java:61)
	at org.junit.runners.ParentRunner$3.evaluate(ParentRunner.java:306)
	at org.junit.runners.BlockJUnit4ClassRunner$1.evaluate(BlockJUnit4ClassRunner.java:100)
	at org.junit.runners.ParentRunner.runLeaf(ParentRunner.java:366)
	at org.junit.runners.BlockJUnit4ClassRunner.runChild(BlockJUnit4ClassRunner.java:103)
	at org.junit.runners.BlockJUnit4ClassRunner.runChild(BlockJUnit4ClassRunner.java:63)
	at org.junit.runners.ParentRunner$4.run(ParentRunner.java:331)
	at org.junit.runners.ParentRunner$1.schedule(ParentRunner.java:79)
	at org.junit.runners.ParentRunner.runChildren(ParentRunner.java:329)
	at org.junit.runners.ParentRunner.access$100(ParentRunner.java:66)
	at org.junit.runners.ParentRunner$2.evaluate(ParentRunner.java:293)
	at org.junit.runners.ParentRunner$3.evaluate(ParentRunner.java:306)
	at org.junit.runners.ParentRunner.run(ParentRunner.java:413)
	at org.junit.runner.JUnitCore.run(JUnitCore.java:137)
	at org.junit.runner.JUnitCore.run(JUnitCore.java:115)
	at org.junit.vintage.engine.execution.RunnerExecutor.execute(RunnerExecutor.java:43)
	at java.util.stream.ForEachOps$ForEachOp$OfRef.accept(ForEachOps.java:183)
	at java.util.stream.ReferencePipeline$3$1.accept(ReferencePipeline.java:193)
	at java.util.Iterator.forEachRemaining(Iterator.java:116)
	at java.util.Spliterators$IteratorSpliterator.forEachRemaining(Spliterators.java:1801)
	at java.util.stream.AbstractPipeline.copyInto(AbstractPipeline.java:482)
	at java.util.stream.AbstractPipeline.wrapAndCopyInto(AbstractPipeline.java:472)
	at java.util.stream.ForEachOps$ForEachOp.evaluateSequential(ForEachOps.java:150)
	at java.util.stream.ForEachOps$ForEachOp$OfRef.evaluateSequential(ForEachOps.java:173)
	at java.util.stream.AbstractPipeline.evaluate(AbstractPipeline.java:234)
	at java.util.stream.ReferencePipeline.forEach(ReferencePipeline.java:485)
	at org.junit.vintage.engine.VintageTestEngine.executeAllChildren(VintageTestEngine.java:82)
	at org.junit.vintage.engine.VintageTestEngine.execute(VintageTestEngine.java:73)
	at org.junit.platform.launcher.core.DefaultLauncher.execute(DefaultLauncher.java:248)
	at org.junit.platform.launcher.core.DefaultLauncher.lambda$execute$5(DefaultLauncher.java:211)
	at org.junit.platform.launcher.core.DefaultLauncher.withInterceptedStreams(DefaultLauncher.java:226)
	at org.junit.platform.launcher.core.DefaultLauncher.execute(DefaultLauncher.java:199)
	at org.junit.platform.launcher.core.DefaultLauncher.execute(DefaultLauncher.java:132)
	at org.apache.maven.surefire.junitplatform.JUnitPlatformProvider.invokeAllTests(JUnitPlatformProvider.java:154)
	at org.apache.maven.surefire.junitplatform.JUnitPlatformProvider.invoke(JUnitPlatformProvider.java:123)
	at org.apache.maven.surefire.booter.ForkedBooter.runSuitesInProcess(ForkedBooter.java:377)
	at org.apache.maven.surefire.booter.ForkedBooter.execute(ForkedBooter.java:138)
	at org.apache.maven.surefire.booter.ForkedBooter.run(ForkedBooter.java:465)
	at org.apache.maven.surefire.booter.ForkedBooter.main(ForkedBooter.java:451)
]]></error>
    <system-err><![CDATA[2024-04-23T20:49:48,043  WARN [main] conf.HiveConf: HiveConf of name hive.dummyparam.test.server.specific.config.metastoresite does not exist
2024-04-23T20:49:48,043  WARN [main] conf.HiveConf: HiveConf of name hive.dummyparam.test.server.specific.config.hivesite does not exist
2024-04-23T20:49:48,043  WARN [main] conf.HiveConf: HiveConf of name hive.metastore.client.cache.maxSize does not exist
2024-04-23T20:49:48,043  WARN [main] conf.HiveConf: HiveConf of name hive.llap.io.cache.orc.alloc.min does not exist
2024-04-23T20:49:48,043  WARN [main] conf.HiveConf: HiveConf of name hive.metastore.metadb.dir does not exist
2024-04-23T20:49:48,043  WARN [main] conf.HiveConf: HiveConf of name hive.dummyparam.test.server.specific.config.override does not exist
2024-04-23T20:49:48,043  WARN [main] conf.HiveConf: HiveConf of name hive.llap.io.cache.orc.alloc.max does not exist
2024-04-23T20:49:48,044  WARN [main] conf.HiveConf: HiveConf of name hive.llap.io.cache.orc.arena.size does not exist
2024-04-23T20:49:48,044  WARN [main] conf.HiveConf: HiveConf of name hive.llap.io.cache.orc.size does not exist
2024-04-23T20:49:48,044  WARN [main] conf.HiveConf: HiveConf of name hive.stats.key.prefix.reserve.length does not exist
2024-04-23T20:49:48,044  WARN [main] conf.HiveConf: HiveConf of name hive.metastore.client.cache.recordStats does not exist
2024-04-23T20:49:48,045  INFO [main] utils.TestTxnDbUtil: Creating transactional tables
Hive Session ID = debea981-687e-4dc9-abe9-86409bda9140
2024-04-23T20:49:48,048  INFO [main] SessionState: Hive Session ID = debea981-687e-4dc9-abe9-86409bda9140
ivysettings.xml file not found in HIVE_HOME or HIVE_CONF_DIR,/home/alex/Repositories/hive/conf/ivysettings.xml will be used
2024-04-23T20:49:48,048  INFO [main] DependencyResolver: ivysettings.xml file not found in HIVE_HOME or HIVE_CONF_DIR,/home/alex/Repositories/hive/conf/ivysettings.xml will be used
2024-04-23T20:49:48,053  INFO [main] session.SessionState: Created HDFS directory: /home/alex/Repositories/hive/ql/target/tmp/scratchdir/alex/debea981-687e-4dc9-abe9-86409bda9140
2024-04-23T20:49:48,056  INFO [main] session.SessionState: Created local directory: /home/alex/Repositories/hive/ql/target/tmp/localscratchdir/debea981-687e-4dc9-abe9-86409bda9140
2024-04-23T20:49:48,058  INFO [main] session.SessionState: Created HDFS directory: /home/alex/Repositories/hive/ql/target/tmp/scratchdir/alex/debea981-687e-4dc9-abe9-86409bda9140/_tmp_space.db
2024-04-23T20:49:48,058  INFO [main] sqlstd.SQLStdHiveAccessController: Created SQLStdHiveAccessController for session context : HiveAuthzSessionContext [sessionString=debea981-687e-4dc9-abe9-86409bda9140, clientType=HIVECLI]
2024-04-23T20:49:48,059  INFO [main] ql.TxnCommandsBaseForTests: Running the query: drop table if exists acidTbl
2024-04-23T20:49:48,059  INFO [main] ql.Driver: Compiling command(queryId=alex_20240423204948_bf0f9ad9-bff5-4f50-b011-0421733af24a): drop table if exists acidTbl
2024-04-23T20:49:48,066  INFO [main] txn.TxnHandler: Added entries to MIN_HISTORY_LEVEL for current txns: ([1]) with min_open_txn: 1
2024-04-23T20:49:48,066  INFO [main] lockmgr.DbTxnManager: Opened txnid:1
2024-04-23T20:49:48,069  INFO [main] HiveMetaStore.audit: ugi=alex	ip=unknown-ip-addr	cmd=get_table : tbl=hive.default.acidTbl	
2024-04-23T20:49:48,072  INFO [main] ql.Driver: Semantic Analysis Completed (retrial = false)
2024-04-23T20:49:48,072  INFO [main] ql.Driver: Created Hive schema: Schema(fieldSchemas:null, properties:null)
2024-04-23T20:49:48,072  INFO [main] metadata.Hive: Dumping metastore api call timing information for : compilation phase
2024-04-23T20:49:48,072  INFO [main] metadata.Hive: Total time spent in each metastore function (ms): {openTxn_(String, TxnType)=7, flushCache_()=0, commitTxn_(CommitTxnRequest)=9, isCompatibleWith_(Configuration)=1, getValidTxns_(long)=1}
2024-04-23T20:49:48,072  INFO [main] ql.Driver: Completed compiling command(queryId=alex_20240423204948_bf0f9ad9-bff5-4f50-b011-0421733af24a); Time taken: 0.013 seconds
2024-04-23T20:49:48,072  INFO [main] lockmgr.DbTxnManager: Setting lock request transaction to txnid:1 for queryId=alex_20240423204948_bf0f9ad9-bff5-4f50-b011-0421733af24a
2024-04-23T20:49:48,072  INFO [main] ql.Driver: Operation DROPTABLE obtained 0 locks
2024-04-23T20:49:48,072  INFO [main] ql.Driver: Executing command(queryId=alex_20240423204948_bf0f9ad9-bff5-4f50-b011-0421733af24a): drop table if exists acidTbl
2024-04-23T20:49:48,073  INFO [main] ql.Driver: Starting task [Stage-0:DDL] in serial mode
2024-04-23T20:49:48,073  INFO [main] HiveMetaStore.audit: ugi=alex	ip=unknown-ip-addr	cmd=get_table : tbl=hive.default.acidTbl	
2024-04-23T20:49:48,076  INFO [main] metadata.Hive: Dumping metastore api call timing information for : execution phase
2024-04-23T20:49:48,076  INFO [main] metadata.Hive: Total time spent in each metastore function (ms): {isCompatibleWith_(Configuration)=0}
2024-04-23T20:49:48,076  INFO [main] ql.Driver: Completed executing command(queryId=alex_20240423204948_bf0f9ad9-bff5-4f50-b011-0421733af24a); Time taken: 0.004 seconds
2024-04-23T20:49:48,076  INFO [main] lockmgr.DbTxnManager: Stopped heartbeat for query: alex_20240423204948_bf0f9ad9-bff5-4f50-b011-0421733af24a
2024-04-23T20:49:48,082  INFO [main] txn.TxnHandler: Expected to move at least one record from txn_components to completed_txn_components when committing txn! txnid:1
2024-04-23T20:49:48,088  INFO [main] txn.TxnHandler: Removed transactions: ([1]) from MIN_HISTORY_LEVEL
2024-04-23T20:49:48,088  WARN [main] txn.CompactionTxnHandler: No compaction queue record found for Compaction type transaction commit. txnId:1
2024-04-23T20:49:48,089  INFO [main] ql.TxnCommandsBaseForTests: Running the query: drop table if exists acidTblPart
2024-04-23T20:49:48,089  INFO [main] ql.Driver: Compiling command(queryId=alex_20240423204948_4b8a1049-38f3-49b3-bb42-879f71978d48): drop table if exists acidTblPart
2024-04-23T20:49:48,092  INFO [main] txn.TxnHandler: Added entries to MIN_HISTORY_LEVEL for current txns: ([2]) with min_open_txn: 1
2024-04-23T20:49:48,092  INFO [main] lockmgr.DbTxnManager: Opened txnid:2
2024-04-23T20:49:48,093  INFO [main] HiveMetaStore.audit: ugi=alex	ip=unknown-ip-addr	cmd=get_table : tbl=hive.default.acidTblPart	
2024-04-23T20:49:48,096  INFO [main] ql.Driver: Semantic Analysis Completed (retrial = false)
2024-04-23T20:49:48,096  INFO [main] ql.Driver: Created Hive schema: Schema(fieldSchemas:null, properties:null)
2024-04-23T20:49:48,096  INFO [main] metadata.Hive: Dumping metastore api call timing information for : compilation phase
2024-04-23T20:49:48,096  INFO [main] metadata.Hive: Total time spent in each metastore function (ms): {getValidTxns_(long)=1, openTxn_(String, TxnType)=3, isCompatibleWith_(Configuration)=0, commitTxn_(CommitTxnRequest)=12, flushCache_()=0}
2024-04-23T20:49:48,096  INFO [main] ql.Driver: Completed compiling command(queryId=alex_20240423204948_4b8a1049-38f3-49b3-bb42-879f71978d48); Time taken: 0.007 seconds
2024-04-23T20:49:48,096  INFO [main] lockmgr.DbTxnManager: Setting lock request transaction to txnid:2 for queryId=alex_20240423204948_4b8a1049-38f3-49b3-bb42-879f71978d48
2024-04-23T20:49:48,097  INFO [main] ql.Driver: Operation DROPTABLE obtained 0 locks
2024-04-23T20:49:48,097  INFO [main] ql.Driver: Executing command(queryId=alex_20240423204948_4b8a1049-38f3-49b3-bb42-879f71978d48): drop table if exists acidTblPart
2024-04-23T20:49:48,097  INFO [main] ql.Driver: Starting task [Stage-0:DDL] in serial mode
2024-04-23T20:49:48,097  INFO [main] HiveMetaStore.audit: ugi=alex	ip=unknown-ip-addr	cmd=get_table : tbl=hive.default.acidTblPart	
2024-04-23T20:49:48,100  INFO [main] metadata.Hive: Dumping metastore api call timing information for : execution phase
2024-04-23T20:49:48,100  INFO [main] metadata.Hive: Total time spent in each metastore function (ms): {isCompatibleWith_(Configuration)=0}
2024-04-23T20:49:48,100  INFO [main] ql.Driver: Completed executing command(queryId=alex_20240423204948_4b8a1049-38f3-49b3-bb42-879f71978d48); Time taken: 0.003 seconds
2024-04-23T20:49:48,100  INFO [main] lockmgr.DbTxnManager: Stopped heartbeat for query: alex_20240423204948_4b8a1049-38f3-49b3-bb42-879f71978d48
2024-04-23T20:49:48,105  INFO [main] txn.TxnHandler: Expected to move at least one record from txn_components to completed_txn_components when committing txn! txnid:2
2024-04-23T20:49:48,110  INFO [main] txn.TxnHandler: Removed transactions: ([2]) from MIN_HISTORY_LEVEL
2024-04-23T20:49:48,111  WARN [main] txn.CompactionTxnHandler: No compaction queue record found for Compaction type transaction commit. txnId:2
2024-04-23T20:49:48,111  INFO [main] ql.TxnCommandsBaseForTests: Running the query: drop table if exists acidTbl2
2024-04-23T20:49:48,111  INFO [main] ql.Driver: Compiling command(queryId=alex_20240423204948_21893f94-3ab8-4734-b2fe-111909213a20): drop table if exists acidTbl2
2024-04-23T20:49:48,113  INFO [main] txn.TxnHandler: Added entries to MIN_HISTORY_LEVEL for current txns: ([3]) with min_open_txn: 1
2024-04-23T20:49:48,114  INFO [main] lockmgr.DbTxnManager: Opened txnid:3
2024-04-23T20:49:48,114  INFO [main] HiveMetaStore.audit: ugi=alex	ip=unknown-ip-addr	cmd=get_table : tbl=hive.default.acidTbl2	
2024-04-23T20:49:48,117  INFO [main] ql.Driver: Semantic Analysis Completed (retrial = false)
2024-04-23T20:49:48,117  INFO [main] ql.Driver: Created Hive schema: Schema(fieldSchemas:null, properties:null)
2024-04-23T20:49:48,117  INFO [main] metadata.Hive: Dumping metastore api call timing information for : compilation phase
2024-04-23T20:49:48,117  INFO [main] metadata.Hive: Total time spent in each metastore function (ms): {openTxn_(String, TxnType)=2, commitTxn_(CommitTxnRequest)=11, getValidTxns_(long)=0, flushCache_()=0, isCompatibleWith_(Configuration)=0}
2024-04-23T20:49:48,118  INFO [main] ql.Driver: Completed compiling command(queryId=alex_20240423204948_21893f94-3ab8-4734-b2fe-111909213a20); Time taken: 0.006 seconds
2024-04-23T20:49:48,118  INFO [main] lockmgr.DbTxnManager: Setting lock request transaction to txnid:3 for queryId=alex_20240423204948_21893f94-3ab8-4734-b2fe-111909213a20
2024-04-23T20:49:48,118  INFO [main] ql.Driver: Operation DROPTABLE obtained 0 locks
2024-04-23T20:49:48,118  INFO [main] ql.Driver: Executing command(queryId=alex_20240423204948_21893f94-3ab8-4734-b2fe-111909213a20): drop table if exists acidTbl2
2024-04-23T20:49:48,118  INFO [main] ql.Driver: Starting task [Stage-0:DDL] in serial mode
2024-04-23T20:49:48,118  INFO [main] HiveMetaStore.audit: ugi=alex	ip=unknown-ip-addr	cmd=get_table : tbl=hive.default.acidTbl2	
2024-04-23T20:49:48,121  INFO [main] metadata.Hive: Dumping metastore api call timing information for : execution phase
2024-04-23T20:49:48,121  INFO [main] metadata.Hive: Total time spent in each metastore function (ms): {isCompatibleWith_(Configuration)=0}
2024-04-23T20:49:48,122  INFO [main] ql.Driver: Completed executing command(queryId=alex_20240423204948_21893f94-3ab8-4734-b2fe-111909213a20); Time taken: 0.003 seconds
2024-04-23T20:49:48,122  INFO [main] lockmgr.DbTxnManager: Stopped heartbeat for query: alex_20240423204948_21893f94-3ab8-4734-b2fe-111909213a20
2024-04-23T20:49:48,127  INFO [main] txn.TxnHandler: Expected to move at least one record from txn_components to completed_txn_components when committing txn! txnid:3
2024-04-23T20:49:48,132  INFO [main] txn.TxnHandler: Removed transactions: ([3]) from MIN_HISTORY_LEVEL
2024-04-23T20:49:48,132  WARN [main] txn.CompactionTxnHandler: No compaction queue record found for Compaction type transaction commit. txnId:3
2024-04-23T20:49:48,133  INFO [main] ql.TxnCommandsBaseForTests: Running the query: drop table if exists nonAcidOrcTbl
2024-04-23T20:49:48,133  INFO [main] ql.Driver: Compiling command(queryId=alex_20240423204948_0391b2fc-ca58-41b8-8935-c499dfcb032f): drop table if exists nonAcidOrcTbl
2024-04-23T20:49:48,135  INFO [main] txn.TxnHandler: Added entries to MIN_HISTORY_LEVEL for current txns: ([4]) with min_open_txn: 1
2024-04-23T20:49:48,136  INFO [main] lockmgr.DbTxnManager: Opened txnid:4
2024-04-23T20:49:48,136  INFO [main] HiveMetaStore.audit: ugi=alex	ip=unknown-ip-addr	cmd=get_table : tbl=hive.default.nonAcidOrcTbl	
2024-04-23T20:49:48,139  INFO [main] ql.Driver: Semantic Analysis Completed (retrial = false)
2024-04-23T20:49:48,139  INFO [main] ql.Driver: Created Hive schema: Schema(fieldSchemas:null, properties:null)
2024-04-23T20:49:48,139  INFO [main] metadata.Hive: Dumping metastore api call timing information for : compilation phase
2024-04-23T20:49:48,139  INFO [main] metadata.Hive: Total time spent in each metastore function (ms): {isCompatibleWith_(Configuration)=0, flushCache_()=0, openTxn_(String, TxnType)=2, getValidTxns_(long)=0, commitTxn_(CommitTxnRequest)=11}
2024-04-23T20:49:48,140  INFO [main] ql.Driver: Completed compiling command(queryId=alex_20240423204948_0391b2fc-ca58-41b8-8935-c499dfcb032f); Time taken: 0.006 seconds
2024-04-23T20:49:48,140  INFO [main] lockmgr.DbTxnManager: Setting lock request transaction to txnid:4 for queryId=alex_20240423204948_0391b2fc-ca58-41b8-8935-c499dfcb032f
2024-04-23T20:49:48,140  INFO [main] ql.Driver: Operation DROPTABLE obtained 0 locks
2024-04-23T20:49:48,140  INFO [main] ql.Driver: Executing command(queryId=alex_20240423204948_0391b2fc-ca58-41b8-8935-c499dfcb032f): drop table if exists nonAcidOrcTbl
2024-04-23T20:49:48,140  INFO [main] ql.Driver: Starting task [Stage-0:DDL] in serial mode
2024-04-23T20:49:48,140  INFO [main] HiveMetaStore.audit: ugi=alex	ip=unknown-ip-addr	cmd=get_table : tbl=hive.default.nonAcidOrcTbl	
2024-04-23T20:49:48,143  INFO [main] metadata.Hive: Dumping metastore api call timing information for : execution phase
2024-04-23T20:49:48,143  INFO [main] metadata.Hive: Total time spent in each metastore function (ms): {isCompatibleWith_(Configuration)=0}
2024-04-23T20:49:48,144  INFO [main] ql.Driver: Completed executing command(queryId=alex_20240423204948_0391b2fc-ca58-41b8-8935-c499dfcb032f); Time taken: 0.003 seconds
2024-04-23T20:49:48,144  INFO [main] lockmgr.DbTxnManager: Stopped heartbeat for query: alex_20240423204948_0391b2fc-ca58-41b8-8935-c499dfcb032f
2024-04-23T20:49:48,149  INFO [main] txn.TxnHandler: Expected to move at least one record from txn_components to completed_txn_components when committing txn! txnid:4
2024-04-23T20:49:48,154  INFO [main] txn.TxnHandler: Removed transactions: ([4]) from MIN_HISTORY_LEVEL
2024-04-23T20:49:48,154  WARN [main] txn.CompactionTxnHandler: No compaction queue record found for Compaction type transaction commit. txnId:4
2024-04-23T20:49:48,155  INFO [main] ql.TxnCommandsBaseForTests: Running the query: drop table if exists nonAcidOrcTbl2
2024-04-23T20:49:48,155  INFO [main] ql.Driver: Compiling command(queryId=alex_20240423204948_b145a9b9-5c1e-4874-b53a-1123bccc2c11): drop table if exists nonAcidOrcTbl2
2024-04-23T20:49:48,157  INFO [main] txn.TxnHandler: Added entries to MIN_HISTORY_LEVEL for current txns: ([5]) with min_open_txn: 1
2024-04-23T20:49:48,158  INFO [main] lockmgr.DbTxnManager: Opened txnid:5
2024-04-23T20:49:48,158  INFO [main] HiveMetaStore.audit: ugi=alex	ip=unknown-ip-addr	cmd=get_table : tbl=hive.default.nonAcidOrcTbl2	
2024-04-23T20:49:48,161  INFO [main] ql.Driver: Semantic Analysis Completed (retrial = false)
2024-04-23T20:49:48,161  INFO [main] ql.Driver: Created Hive schema: Schema(fieldSchemas:null, properties:null)
2024-04-23T20:49:48,161  INFO [main] metadata.Hive: Dumping metastore api call timing information for : compilation phase
2024-04-23T20:49:48,161  INFO [main] metadata.Hive: Total time spent in each metastore function (ms): {openTxn_(String, TxnType)=2, commitTxn_(CommitTxnRequest)=11, flushCache_()=0, getValidTxns_(long)=0, isCompatibleWith_(Configuration)=0}
2024-04-23T20:49:48,162  INFO [main] ql.Driver: Completed compiling command(queryId=alex_20240423204948_b145a9b9-5c1e-4874-b53a-1123bccc2c11); Time taken: 0.006 seconds
2024-04-23T20:49:48,162  INFO [main] lockmgr.DbTxnManager: Setting lock request transaction to txnid:5 for queryId=alex_20240423204948_b145a9b9-5c1e-4874-b53a-1123bccc2c11
2024-04-23T20:49:48,162  INFO [main] ql.Driver: Operation DROPTABLE obtained 0 locks
2024-04-23T20:49:48,162  INFO [main] ql.Driver: Executing command(queryId=alex_20240423204948_b145a9b9-5c1e-4874-b53a-1123bccc2c11): drop table if exists nonAcidOrcTbl2
2024-04-23T20:49:48,162  INFO [main] ql.Driver: Starting task [Stage-0:DDL] in serial mode
2024-04-23T20:49:48,162  INFO [main] HiveMetaStore.audit: ugi=alex	ip=unknown-ip-addr	cmd=get_table : tbl=hive.default.nonAcidOrcTbl2	
2024-04-23T20:49:48,165  INFO [main] metadata.Hive: Dumping metastore api call timing information for : execution phase
2024-04-23T20:49:48,166  INFO [main] metadata.Hive: Total time spent in each metastore function (ms): {isCompatibleWith_(Configuration)=0}
2024-04-23T20:49:48,166  INFO [main] ql.Driver: Completed executing command(queryId=alex_20240423204948_b145a9b9-5c1e-4874-b53a-1123bccc2c11); Time taken: 0.003 seconds
2024-04-23T20:49:48,166  INFO [main] lockmgr.DbTxnManager: Stopped heartbeat for query: alex_20240423204948_b145a9b9-5c1e-4874-b53a-1123bccc2c11
2024-04-23T20:49:48,171  INFO [main] txn.TxnHandler: Expected to move at least one record from txn_components to completed_txn_components when committing txn! txnid:5
2024-04-23T20:49:48,176  INFO [main] txn.TxnHandler: Removed transactions: ([5]) from MIN_HISTORY_LEVEL
2024-04-23T20:49:48,176  WARN [main] txn.CompactionTxnHandler: No compaction queue record found for Compaction type transaction commit. txnId:5
2024-04-23T20:49:48,177  INFO [main] ql.TxnCommandsBaseForTests: Running the query: drop table if exists nonAcidNonBucket
2024-04-23T20:49:48,177  INFO [main] ql.Driver: Compiling command(queryId=alex_20240423204948_73e42fb4-79f1-4fa7-afe5-b4905dfba179): drop table if exists nonAcidNonBucket
2024-04-23T20:49:48,179  INFO [main] txn.TxnHandler: Added entries to MIN_HISTORY_LEVEL for current txns: ([6]) with min_open_txn: 1
2024-04-23T20:49:48,180  INFO [main] lockmgr.DbTxnManager: Opened txnid:6
2024-04-23T20:49:48,180  INFO [main] HiveMetaStore.audit: ugi=alex	ip=unknown-ip-addr	cmd=get_table : tbl=hive.default.nonAcidNonBucket	
2024-04-23T20:49:48,183  INFO [main] ql.Driver: Semantic Analysis Completed (retrial = false)
2024-04-23T20:49:48,183  INFO [main] ql.Driver: Created Hive schema: Schema(fieldSchemas:null, properties:null)
2024-04-23T20:49:48,183  INFO [main] metadata.Hive: Dumping metastore api call timing information for : compilation phase
2024-04-23T20:49:48,183  INFO [main] metadata.Hive: Total time spent in each metastore function (ms): {openTxn_(String, TxnType)=2, getValidTxns_(long)=0, flushCache_()=1, isCompatibleWith_(Configuration)=0, commitTxn_(CommitTxnRequest)=11}
2024-04-23T20:49:48,184  INFO [main] ql.Driver: Completed compiling command(queryId=alex_20240423204948_73e42fb4-79f1-4fa7-afe5-b4905dfba179); Time taken: 0.006 seconds
2024-04-23T20:49:48,184  INFO [main] lockmgr.DbTxnManager: Setting lock request transaction to txnid:6 for queryId=alex_20240423204948_73e42fb4-79f1-4fa7-afe5-b4905dfba179
2024-04-23T20:49:48,184  INFO [main] ql.Driver: Operation DROPTABLE obtained 0 locks
2024-04-23T20:49:48,184  INFO [main] ql.Driver: Executing command(queryId=alex_20240423204948_73e42fb4-79f1-4fa7-afe5-b4905dfba179): drop table if exists nonAcidNonBucket
2024-04-23T20:49:48,184  INFO [main] ql.Driver: Starting task [Stage-0:DDL] in serial mode
2024-04-23T20:49:48,184  INFO [main] HiveMetaStore.audit: ugi=alex	ip=unknown-ip-addr	cmd=get_table : tbl=hive.default.nonAcidNonBucket	
2024-04-23T20:49:48,187  INFO [main] metadata.Hive: Dumping metastore api call timing information for : execution phase
2024-04-23T20:49:48,188  INFO [main] metadata.Hive: Total time spent in each metastore function (ms): {isCompatibleWith_(Configuration)=0}
2024-04-23T20:49:48,188  INFO [main] ql.Driver: Completed executing command(queryId=alex_20240423204948_73e42fb4-79f1-4fa7-afe5-b4905dfba179); Time taken: 0.003 seconds
2024-04-23T20:49:48,188  INFO [main] lockmgr.DbTxnManager: Stopped heartbeat for query: alex_20240423204948_73e42fb4-79f1-4fa7-afe5-b4905dfba179
2024-04-23T20:49:48,193  INFO [main] txn.TxnHandler: Expected to move at least one record from txn_components to completed_txn_components when committing txn! txnid:6
2024-04-23T20:49:48,199  INFO [main] txn.TxnHandler: Removed transactions: ([6]) from MIN_HISTORY_LEVEL
2024-04-23T20:49:48,199  WARN [main] txn.CompactionTxnHandler: No compaction queue record found for Compaction type transaction commit. txnId:6
2024-04-23T20:49:48,199  INFO [main] ql.TxnCommandsBaseForTests: Running the query: create table acidTbl(a int, b int) clustered by (a) into 2 buckets stored as orc TBLPROPERTIES ('transactional'='true')
2024-04-23T20:49:48,200  INFO [main] ql.Driver: Compiling command(queryId=alex_20240423204948_c9193265-000e-483b-96e3-d041dcd06ba3): create table acidTbl(a int, b int) clustered by (a) into 2 buckets stored as orc TBLPROPERTIES ('transactional'='true')
2024-04-23T20:49:48,202  INFO [main] txn.TxnHandler: Added entries to MIN_HISTORY_LEVEL for current txns: ([7]) with min_open_txn: 1
2024-04-23T20:49:48,203  INFO [main] lockmgr.DbTxnManager: Opened txnid:7
2024-04-23T20:49:48,203  INFO [main] parse.CalcitePlanner: Starting caching scope for: 
2024-04-23T20:49:48,203  INFO [main] parse.CalcitePlanner: Starting Semantic Analysis
2024-04-23T20:49:48,208  INFO [main] parse.CalcitePlanner: Creating table default.acidTbl position=13
2024-04-23T20:49:48,209  INFO [main] HiveMetaStore.audit: ugi=alex	ip=unknown-ip-addr	cmd=get_database: default	
2024-04-23T20:49:48,210  INFO [main] parse.CalcitePlanner: Ending caching scope for: 
2024-04-23T20:49:48,210  INFO [main] ql.Driver: Semantic Analysis Completed (retrial = false)
2024-04-23T20:49:48,210  INFO [main] ql.Driver: Created Hive schema: Schema(fieldSchemas:null, properties:null)
2024-04-23T20:49:48,210  INFO [main] metadata.Hive: Dumping metastore api call timing information for : compilation phase
2024-04-23T20:49:48,210  INFO [main] metadata.Hive: Total time spent in each metastore function (ms): {getValidTxns_(long)=0, commitTxn_(CommitTxnRequest)=11, isCompatibleWith_(Configuration)=0, getValidWriteIds_(List, String)=5, openTxn_(String, TxnType)=3, flushCache_()=0, getDatabase_(String)=1}
2024-04-23T20:49:48,211  INFO [main] ql.Driver: Completed compiling command(queryId=alex_20240423204948_c9193265-000e-483b-96e3-d041dcd06ba3); Time taken: 0.01 seconds
2024-04-23T20:49:48,211  INFO [main] lockmgr.DbTxnManager: Setting lock request transaction to txnid:7 for queryId=alex_20240423204948_c9193265-000e-483b-96e3-d041dcd06ba3
2024-04-23T20:49:48,211  INFO [main] lockmgr.DbLockManager: Requesting lock for queryId=alex_20240423204948_c9193265-000e-483b-96e3-d041dcd06ba3
2024-04-23T20:49:48,227  INFO [main] lockmgr.DbLockManager: Response to queryId=alex_20240423204948_c9193265-000e-483b-96e3-d041dcd06ba3 LockResponse(lockid:1, state:ACQUIRED)
2024-04-23T20:49:48,227  INFO [main] ql.Driver: Operation CREATETABLE obtained 1 locks
2024-04-23T20:49:48,227  INFO [main] ql.Driver: Executing command(queryId=alex_20240423204948_c9193265-000e-483b-96e3-d041dcd06ba3): create table acidTbl(a int, b int) clustered by (a) into 2 buckets stored as orc TBLPROPERTIES ('transactional'='true')
2024-04-23T20:49:48,228  INFO [main] ql.Driver: Starting task [Stage-0:DDL] in serial mode
2024-04-23T20:49:48,228  INFO [main] HiveMetaStore.audit: ugi=alex	ip=unknown-ip-addr	cmd=create_table_req: Table(tableName:acidTbl, dbName:default, owner:alex, createTime:1713930588, lastAccessTime:0, retention:0, sd:StorageDescriptor(cols:[FieldSchema(name:a, type:int, comment:null), FieldSchema(name:b, type:int, comment:null)], location:null, inputFormat:org.apache.hadoop.hive.ql.io.orc.OrcInputFormat, outputFormat:org.apache.hadoop.hive.ql.io.orc.OrcOutputFormat, compressed:false, numBuckets:2, serdeInfo:SerDeInfo(name:null, serializationLib:org.apache.hadoop.hive.ql.io.orc.OrcSerde, parameters:{serialization.format=1}), bucketCols:[a], sortCols:[], parameters:{}, skewedInfo:SkewedInfo(skewedColNames:[], skewedColValues:[], skewedColValueLocationMaps:{}), storedAsSubDirectories:false), partitionKeys:[], parameters:{transactional=true, numRows=0, COLUMN_STATS_ACCURATE={"BASIC_STATS":"true","COLUMN_STATS":{"a":"true","b":"true"}}, totalSize=0, rawDataSize=0, bucketing_version=2, numFilesErasureCoded=0, numFiles=0}, viewOriginalText:null, viewExpandedText:null, tableType:MANAGED_TABLE, privileges:PrincipalPrivilegeSet(userPrivileges:{alex=[PrivilegeGrantInfo(privilege:INSERT, createTime:-1, grantor:alex, grantorType:USER, grantOption:true), PrivilegeGrantInfo(privilege:SELECT, createTime:-1, grantor:alex, grantorType:USER, grantOption:true), PrivilegeGrantInfo(privilege:UPDATE, createTime:-1, grantor:alex, grantorType:USER, grantOption:true), PrivilegeGrantInfo(privilege:DELETE, createTime:-1, grantor:alex, grantorType:USER, grantOption:true)]}, groupPrivileges:null, rolePrivileges:null), temporary:false, catName:hive, ownerType:USER, writeId:0)	
2024-04-23T20:49:48,235  INFO [main] utils.FileUtils: Creating directory if it doesn't exist: file:/home/alex/Repositories/hive/ql/target/tmp/org.apache.hadoop.hive.ql.TestTxnExIm-1713930480318/warehouse/acidtbl
2024-04-23T20:49:48,274  INFO [main] metadata.Hive: Dumping metastore api call timing information for : execution phase
2024-04-23T20:49:48,274  INFO [main] metadata.Hive: Total time spent in each metastore function (ms): {isCompatibleWith_(Configuration)=0, createTable_(Table)=45}
2024-04-23T20:49:48,274  INFO [main] ql.Driver: Completed executing command(queryId=alex_20240423204948_c9193265-000e-483b-96e3-d041dcd06ba3); Time taken: 0.047 seconds
2024-04-23T20:49:48,274  INFO [main] lockmgr.DbTxnManager: Stopped heartbeat for query: alex_20240423204948_c9193265-000e-483b-96e3-d041dcd06ba3
2024-04-23T20:49:48,278  INFO [main] txn.TxnHandler: Expected to move at least one record from txn_components to completed_txn_components when committing txn! txnid:7
2024-04-23T20:49:48,284  INFO [main] txn.TxnHandler: Removed transactions: ([7]) from MIN_HISTORY_LEVEL
2024-04-23T20:49:48,284  WARN [main] txn.CompactionTxnHandler: No compaction queue record found for Compaction type transaction commit. txnId:7
2024-04-23T20:49:48,284  INFO [main] ql.TxnCommandsBaseForTests: Running the query: create table acidTblPart(a int, b int) partitioned by (p string) clustered by (a) into 2 buckets stored as orc TBLPROPERTIES ('transactional'='true')
2024-04-23T20:49:48,285  INFO [main] ql.Driver: Compiling command(queryId=alex_20240423204948_24844d1a-ddb0-42bc-b438-7f6c436d9738): create table acidTblPart(a int, b int) partitioned by (p string) clustered by (a) into 2 buckets stored as orc TBLPROPERTIES ('transactional'='true')
2024-04-23T20:49:48,287  INFO [main] txn.TxnHandler: Added entries to MIN_HISTORY_LEVEL for current txns: ([8]) with min_open_txn: 1
2024-04-23T20:49:48,287  INFO [main] lockmgr.DbTxnManager: Opened txnid:8
2024-04-23T20:49:48,288  INFO [main] parse.CalcitePlanner: Starting caching scope for: 
2024-04-23T20:49:48,288  INFO [main] parse.CalcitePlanner: Starting Semantic Analysis
2024-04-23T20:49:48,290  INFO [main] parse.CalcitePlanner: Creating table default.acidTblPart position=13
2024-04-23T20:49:48,290  INFO [main] HiveMetaStore.audit: ugi=alex	ip=unknown-ip-addr	cmd=get_database: default	
2024-04-23T20:49:48,292  INFO [main] parse.CalcitePlanner: Ending caching scope for: 
2024-04-23T20:49:48,292  INFO [main] ql.Driver: Semantic Analysis Completed (retrial = false)
2024-04-23T20:49:48,292  INFO [main] ql.Driver: Created Hive schema: Schema(fieldSchemas:null, properties:null)
2024-04-23T20:49:48,292  INFO [main] metadata.Hive: Dumping metastore api call timing information for : compilation phase
2024-04-23T20:49:48,292  INFO [main] metadata.Hive: Total time spent in each metastore function (ms): {getDatabase_(String)=2, flushCache_()=0, isCompatibleWith_(Configuration)=0, commitTxn_(CommitTxnRequest)=10, getValidWriteIds_(List, String)=2, openTxn_(String, TxnType)=2, getValidTxns_(long)=1}
2024-04-23T20:49:48,292  INFO [main] ql.Driver: Completed compiling command(queryId=alex_20240423204948_24844d1a-ddb0-42bc-b438-7f6c436d9738); Time taken: 0.007 seconds
2024-04-23T20:49:48,293  INFO [main] lockmgr.DbTxnManager: Setting lock request transaction to txnid:8 for queryId=alex_20240423204948_24844d1a-ddb0-42bc-b438-7f6c436d9738
2024-04-23T20:49:48,293  INFO [main] lockmgr.DbLockManager: Requesting lock for queryId=alex_20240423204948_24844d1a-ddb0-42bc-b438-7f6c436d9738
2024-04-23T20:49:48,307  INFO [main] lockmgr.DbLockManager: Response to queryId=alex_20240423204948_24844d1a-ddb0-42bc-b438-7f6c436d9738 LockResponse(lockid:2, state:ACQUIRED)
2024-04-23T20:49:48,307  INFO [main] ql.Driver: Operation CREATETABLE obtained 1 locks
2024-04-23T20:49:48,308  INFO [main] ql.Driver: Executing command(queryId=alex_20240423204948_24844d1a-ddb0-42bc-b438-7f6c436d9738): create table acidTblPart(a int, b int) partitioned by (p string) clustered by (a) into 2 buckets stored as orc TBLPROPERTIES ('transactional'='true')
2024-04-23T20:49:48,308  INFO [main] ql.Driver: Starting task [Stage-0:DDL] in serial mode
2024-04-23T20:49:48,309  INFO [main] HiveMetaStore.audit: ugi=alex	ip=unknown-ip-addr	cmd=create_table_req: Table(tableName:acidTblPart, dbName:default, owner:alex, createTime:1713930588, lastAccessTime:0, retention:0, sd:StorageDescriptor(cols:[FieldSchema(name:a, type:int, comment:null), FieldSchema(name:b, type:int, comment:null)], location:null, inputFormat:org.apache.hadoop.hive.ql.io.orc.OrcInputFormat, outputFormat:org.apache.hadoop.hive.ql.io.orc.OrcOutputFormat, compressed:false, numBuckets:2, serdeInfo:SerDeInfo(name:null, serializationLib:org.apache.hadoop.hive.ql.io.orc.OrcSerde, parameters:{serialization.format=1}), bucketCols:[a], sortCols:[], parameters:{}, skewedInfo:SkewedInfo(skewedColNames:[], skewedColValues:[], skewedColValueLocationMaps:{}), storedAsSubDirectories:false), partitionKeys:[FieldSchema(name:p, type:string, comment:null)], parameters:{transactional=true, bucketing_version=2}, viewOriginalText:null, viewExpandedText:null, tableType:MANAGED_TABLE, privileges:PrincipalPrivilegeSet(userPrivileges:{alex=[PrivilegeGrantInfo(privilege:INSERT, createTime:-1, grantor:alex, grantorType:USER, grantOption:true), PrivilegeGrantInfo(privilege:SELECT, createTime:-1, grantor:alex, grantorType:USER, grantOption:true), PrivilegeGrantInfo(privilege:UPDATE, createTime:-1, grantor:alex, grantorType:USER, grantOption:true), PrivilegeGrantInfo(privilege:DELETE, createTime:-1, grantor:alex, grantorType:USER, grantOption:true)]}, groupPrivileges:null, rolePrivileges:null), temporary:false, catName:hive, ownerType:USER, writeId:0)	
2024-04-23T20:49:48,315  INFO [main] utils.FileUtils: Creating directory if it doesn't exist: file:/home/alex/Repositories/hive/ql/target/tmp/org.apache.hadoop.hive.ql.TestTxnExIm-1713930480318/warehouse/acidtblpart
2024-04-23T20:49:48,329  INFO [main] metadata.Hive: Dumping metastore api call timing information for : execution phase
2024-04-23T20:49:48,329  INFO [main] metadata.Hive: Total time spent in each metastore function (ms): {createTable_(Table)=20, isCompatibleWith_(Configuration)=0}
2024-04-23T20:49:48,329  INFO [main] ql.Driver: Completed executing command(queryId=alex_20240423204948_24844d1a-ddb0-42bc-b438-7f6c436d9738); Time taken: 0.021 seconds
2024-04-23T20:49:48,329  INFO [main] lockmgr.DbTxnManager: Stopped heartbeat for query: alex_20240423204948_24844d1a-ddb0-42bc-b438-7f6c436d9738
2024-04-23T20:49:48,333  INFO [main] txn.TxnHandler: Expected to move at least one record from txn_components to completed_txn_components when committing txn! txnid:8
2024-04-23T20:49:48,339  INFO [main] txn.TxnHandler: Removed transactions: ([8]) from MIN_HISTORY_LEVEL
2024-04-23T20:49:48,339  WARN [main] txn.CompactionTxnHandler: No compaction queue record found for Compaction type transaction commit. txnId:8
2024-04-23T20:49:48,339  INFO [main] ql.TxnCommandsBaseForTests: Running the query: create table nonAcidOrcTbl(a int, b int) clustered by (a) into 2 buckets stored as orc TBLPROPERTIES ('transactional'='false')
2024-04-23T20:49:48,340  INFO [main] ql.Driver: Compiling command(queryId=alex_20240423204948_f4c26595-6daa-4434-89f6-0501d8a2a3a5): create table nonAcidOrcTbl(a int, b int) clustered by (a) into 2 buckets stored as orc TBLPROPERTIES ('transactional'='false')
2024-04-23T20:49:48,342  INFO [main] txn.TxnHandler: Added entries to MIN_HISTORY_LEVEL for current txns: ([9]) with min_open_txn: 1
2024-04-23T20:49:48,342  INFO [main] lockmgr.DbTxnManager: Opened txnid:9
2024-04-23T20:49:48,343  INFO [main] parse.CalcitePlanner: Starting caching scope for: 
2024-04-23T20:49:48,343  INFO [main] parse.CalcitePlanner: Starting Semantic Analysis
2024-04-23T20:49:48,345  INFO [main] parse.CalcitePlanner: Creating table default.nonAcidOrcTbl position=13
2024-04-23T20:49:48,345  INFO [main] HiveMetaStore.audit: ugi=alex	ip=unknown-ip-addr	cmd=get_database: default	
2024-04-23T20:49:48,347  INFO [main] parse.CalcitePlanner: Ending caching scope for: 
2024-04-23T20:49:48,347  INFO [main] ql.Driver: Semantic Analysis Completed (retrial = false)
2024-04-23T20:49:48,347  INFO [main] ql.Driver: Created Hive schema: Schema(fieldSchemas:null, properties:null)
2024-04-23T20:49:48,347  INFO [main] metadata.Hive: Dumping metastore api call timing information for : compilation phase
2024-04-23T20:49:48,347  INFO [main] metadata.Hive: Total time spent in each metastore function (ms): {getDatabase_(String)=2, commitTxn_(CommitTxnRequest)=10, getValidWriteIds_(List, String)=2, isCompatibleWith_(Configuration)=0, flushCache_()=0, openTxn_(String, TxnType)=2, getValidTxns_(long)=1}
2024-04-23T20:49:48,347  INFO [main] ql.Driver: Completed compiling command(queryId=alex_20240423204948_f4c26595-6daa-4434-89f6-0501d8a2a3a5); Time taken: 0.007 seconds
2024-04-23T20:49:48,347  INFO [main] lockmgr.DbTxnManager: Setting lock request transaction to txnid:9 for queryId=alex_20240423204948_f4c26595-6daa-4434-89f6-0501d8a2a3a5
2024-04-23T20:49:48,348  INFO [main] lockmgr.DbLockManager: Requesting lock for queryId=alex_20240423204948_f4c26595-6daa-4434-89f6-0501d8a2a3a5
2024-04-23T20:49:48,361  INFO [main] lockmgr.DbLockManager: Response to queryId=alex_20240423204948_f4c26595-6daa-4434-89f6-0501d8a2a3a5 LockResponse(lockid:3, state:ACQUIRED)
2024-04-23T20:49:48,361  INFO [main] ql.Driver: Operation CREATETABLE obtained 1 locks
2024-04-23T20:49:48,361  INFO [main] ql.Driver: Executing command(queryId=alex_20240423204948_f4c26595-6daa-4434-89f6-0501d8a2a3a5): create table nonAcidOrcTbl(a int, b int) clustered by (a) into 2 buckets stored as orc TBLPROPERTIES ('transactional'='false')
2024-04-23T20:49:48,361  INFO [main] ql.Driver: Starting task [Stage-0:DDL] in serial mode
2024-04-23T20:49:48,362  INFO [main] HiveMetaStore.audit: ugi=alex	ip=unknown-ip-addr	cmd=create_table_req: Table(tableName:nonAcidOrcTbl, dbName:default, owner:alex, createTime:1713930588, lastAccessTime:0, retention:0, sd:StorageDescriptor(cols:[FieldSchema(name:a, type:int, comment:null), FieldSchema(name:b, type:int, comment:null)], location:null, inputFormat:org.apache.hadoop.hive.ql.io.orc.OrcInputFormat, outputFormat:org.apache.hadoop.hive.ql.io.orc.OrcOutputFormat, compressed:false, numBuckets:2, serdeInfo:SerDeInfo(name:null, serializationLib:org.apache.hadoop.hive.ql.io.orc.OrcSerde, parameters:{serialization.format=1}), bucketCols:[a], sortCols:[], parameters:{}, skewedInfo:SkewedInfo(skewedColNames:[], skewedColValues:[], skewedColValueLocationMaps:{}), storedAsSubDirectories:false), partitionKeys:[], parameters:{numFiles=0, transactional=false, numFilesErasureCoded=0, totalSize=0, bucketing_version=2, rawDataSize=0, COLUMN_STATS_ACCURATE={"BASIC_STATS":"true","COLUMN_STATS":{"a":"true","b":"true"}}, numRows=0}, viewOriginalText:null, viewExpandedText:null, tableType:MANAGED_TABLE, privileges:PrincipalPrivilegeSet(userPrivileges:{alex=[PrivilegeGrantInfo(privilege:INSERT, createTime:-1, grantor:alex, grantorType:USER, grantOption:true), PrivilegeGrantInfo(privilege:SELECT, createTime:-1, grantor:alex, grantorType:USER, grantOption:true), PrivilegeGrantInfo(privilege:UPDATE, createTime:-1, grantor:alex, grantorType:USER, grantOption:true), PrivilegeGrantInfo(privilege:DELETE, createTime:-1, grantor:alex, grantorType:USER, grantOption:true)]}, groupPrivileges:null, rolePrivileges:null), temporary:false, catName:hive, ownerType:USER)	
2024-04-23T20:49:48,368  INFO [main] utils.FileUtils: Creating directory if it doesn't exist: file:/home/alex/Repositories/hive/ql/target/tmp/org.apache.hadoop.hive.ql.TestTxnExIm-1713930480318/warehouse/nonacidorctbl
2024-04-23T20:49:48,381  INFO [main] metadata.Hive: Dumping metastore api call timing information for : execution phase
2024-04-23T20:49:48,382  INFO [main] metadata.Hive: Total time spent in each metastore function (ms): {createTable_(Table)=19, isCompatibleWith_(Configuration)=0}
2024-04-23T20:49:48,382  INFO [main] ql.Driver: Completed executing command(queryId=alex_20240423204948_f4c26595-6daa-4434-89f6-0501d8a2a3a5); Time taken: 0.02 seconds
2024-04-23T20:49:48,382  INFO [main] lockmgr.DbTxnManager: Stopped heartbeat for query: alex_20240423204948_f4c26595-6daa-4434-89f6-0501d8a2a3a5
2024-04-23T20:49:48,386  INFO [main] txn.TxnHandler: Expected to move at least one record from txn_components to completed_txn_components when committing txn! txnid:9
2024-04-23T20:49:48,391  INFO [main] txn.TxnHandler: Removed transactions: ([9]) from MIN_HISTORY_LEVEL
2024-04-23T20:49:48,391  WARN [main] txn.CompactionTxnHandler: No compaction queue record found for Compaction type transaction commit. txnId:9
2024-04-23T20:49:48,392  INFO [main] ql.TxnCommandsBaseForTests: Running the query: create table nonAcidOrcTbl2(a int, b int) clustered by (a) into 2 buckets stored as orc TBLPROPERTIES ('transactional'='false')
2024-04-23T20:49:48,392  INFO [main] ql.Driver: Compiling command(queryId=alex_20240423204948_4c26a206-9163-41f0-9605-319135c8fffa): create table nonAcidOrcTbl2(a int, b int) clustered by (a) into 2 buckets stored as orc TBLPROPERTIES ('transactional'='false')
2024-04-23T20:49:48,394  INFO [main] txn.TxnHandler: Added entries to MIN_HISTORY_LEVEL for current txns: ([10]) with min_open_txn: 1
2024-04-23T20:49:48,395  INFO [main] lockmgr.DbTxnManager: Opened txnid:10
2024-04-23T20:49:48,395  INFO [main] parse.CalcitePlanner: Starting caching scope for: 
2024-04-23T20:49:48,395  INFO [main] parse.CalcitePlanner: Starting Semantic Analysis
2024-04-23T20:49:48,398  INFO [main] parse.CalcitePlanner: Creating table default.nonAcidOrcTbl2 position=13
2024-04-23T20:49:48,398  INFO [main] HiveMetaStore.audit: ugi=alex	ip=unknown-ip-addr	cmd=get_database: default	
2024-04-23T20:49:48,399  INFO [main] parse.CalcitePlanner: Ending caching scope for: 
2024-04-23T20:49:48,399  INFO [main] ql.Driver: Semantic Analysis Completed (retrial = false)
2024-04-23T20:49:48,400  INFO [main] ql.Driver: Created Hive schema: Schema(fieldSchemas:null, properties:null)
2024-04-23T20:49:48,400  INFO [main] metadata.Hive: Dumping metastore api call timing information for : compilation phase
2024-04-23T20:49:48,400  INFO [main] metadata.Hive: Total time spent in each metastore function (ms): {getValidWriteIds_(List, String)=3, getValidTxns_(long)=0, getDatabase_(String)=1, isCompatibleWith_(Configuration)=0, openTxn_(String, TxnType)=2, flushCache_()=0, commitTxn_(CommitTxnRequest)=10}
2024-04-23T20:49:48,400  INFO [main] ql.Driver: Completed compiling command(queryId=alex_20240423204948_4c26a206-9163-41f0-9605-319135c8fffa); Time taken: 0.008 seconds
2024-04-23T20:49:48,400  INFO [main] lockmgr.DbTxnManager: Setting lock request transaction to txnid:10 for queryId=alex_20240423204948_4c26a206-9163-41f0-9605-319135c8fffa
2024-04-23T20:49:48,400  INFO [main] lockmgr.DbLockManager: Requesting lock for queryId=alex_20240423204948_4c26a206-9163-41f0-9605-319135c8fffa
2024-04-23T20:49:48,414  INFO [main] lockmgr.DbLockManager: Response to queryId=alex_20240423204948_4c26a206-9163-41f0-9605-319135c8fffa LockResponse(lockid:4, state:ACQUIRED)
2024-04-23T20:49:48,414  INFO [main] ql.Driver: Operation CREATETABLE obtained 1 locks
2024-04-23T20:49:48,414  INFO [main] ql.Driver: Executing command(queryId=alex_20240423204948_4c26a206-9163-41f0-9605-319135c8fffa): create table nonAcidOrcTbl2(a int, b int) clustered by (a) into 2 buckets stored as orc TBLPROPERTIES ('transactional'='false')
2024-04-23T20:49:48,414  INFO [main] ql.Driver: Starting task [Stage-0:DDL] in serial mode
2024-04-23T20:49:48,415  INFO [main] HiveMetaStore.audit: ugi=alex	ip=unknown-ip-addr	cmd=create_table_req: Table(tableName:nonAcidOrcTbl2, dbName:default, owner:alex, createTime:1713930588, lastAccessTime:0, retention:0, sd:StorageDescriptor(cols:[FieldSchema(name:a, type:int, comment:null), FieldSchema(name:b, type:int, comment:null)], location:null, inputFormat:org.apache.hadoop.hive.ql.io.orc.OrcInputFormat, outputFormat:org.apache.hadoop.hive.ql.io.orc.OrcOutputFormat, compressed:false, numBuckets:2, serdeInfo:SerDeInfo(name:null, serializationLib:org.apache.hadoop.hive.ql.io.orc.OrcSerde, parameters:{serialization.format=1}), bucketCols:[a], sortCols:[], parameters:{}, skewedInfo:SkewedInfo(skewedColNames:[], skewedColValues:[], skewedColValueLocationMaps:{}), storedAsSubDirectories:false), partitionKeys:[], parameters:{bucketing_version=2, rawDataSize=0, numRows=0, COLUMN_STATS_ACCURATE={"BASIC_STATS":"true","COLUMN_STATS":{"a":"true","b":"true"}}, numFiles=0, numFilesErasureCoded=0, totalSize=0, transactional=false}, viewOriginalText:null, viewExpandedText:null, tableType:MANAGED_TABLE, privileges:PrincipalPrivilegeSet(userPrivileges:{alex=[PrivilegeGrantInfo(privilege:INSERT, createTime:-1, grantor:alex, grantorType:USER, grantOption:true), PrivilegeGrantInfo(privilege:SELECT, createTime:-1, grantor:alex, grantorType:USER, grantOption:true), PrivilegeGrantInfo(privilege:UPDATE, createTime:-1, grantor:alex, grantorType:USER, grantOption:true), PrivilegeGrantInfo(privilege:DELETE, createTime:-1, grantor:alex, grantorType:USER, grantOption:true)]}, groupPrivileges:null, rolePrivileges:null), temporary:false, catName:hive, ownerType:USER)	
2024-04-23T20:49:48,420  INFO [main] utils.FileUtils: Creating directory if it doesn't exist: file:/home/alex/Repositories/hive/ql/target/tmp/org.apache.hadoop.hive.ql.TestTxnExIm-1713930480318/warehouse/nonacidorctbl2
2024-04-23T20:49:48,433  INFO [main] metadata.Hive: Dumping metastore api call timing information for : execution phase
2024-04-23T20:49:48,434  INFO [main] metadata.Hive: Total time spent in each metastore function (ms): {isCompatibleWith_(Configuration)=0, createTable_(Table)=19}
2024-04-23T20:49:48,434  INFO [main] ql.Driver: Completed executing command(queryId=alex_20240423204948_4c26a206-9163-41f0-9605-319135c8fffa); Time taken: 0.019 seconds
2024-04-23T20:49:48,434  INFO [main] lockmgr.DbTxnManager: Stopped heartbeat for query: alex_20240423204948_4c26a206-9163-41f0-9605-319135c8fffa
2024-04-23T20:49:48,438  INFO [main] txn.TxnHandler: Expected to move at least one record from txn_components to completed_txn_components when committing txn! txnid:10
2024-04-23T20:49:48,443  INFO [main] txn.TxnHandler: Removed transactions: ([10]) from MIN_HISTORY_LEVEL
2024-04-23T20:49:48,443  WARN [main] txn.CompactionTxnHandler: No compaction queue record found for Compaction type transaction commit. txnId:10
2024-04-23T20:49:48,444  INFO [main] ql.TxnCommandsBaseForTests: Running the query: create temporary  table acidTbl2(a int, b int, c int) clustered by (c) into 2 buckets stored as orc TBLPROPERTIES ('transactional'='true')
2024-04-23T20:49:48,444  INFO [main] ql.Driver: Compiling command(queryId=alex_20240423204948_9dd6ecc0-9ca3-4b5b-a349-c19ea071508a): create temporary  table acidTbl2(a int, b int, c int) clustered by (c) into 2 buckets stored as orc TBLPROPERTIES ('transactional'='true')
2024-04-23T20:49:48,446  INFO [main] txn.TxnHandler: Added entries to MIN_HISTORY_LEVEL for current txns: ([11]) with min_open_txn: 1
2024-04-23T20:49:48,446  INFO [main] lockmgr.DbTxnManager: Opened txnid:11
2024-04-23T20:49:48,447  INFO [main] parse.CalcitePlanner: Starting caching scope for: 
2024-04-23T20:49:48,447  INFO [main] parse.CalcitePlanner: Starting Semantic Analysis
2024-04-23T20:49:48,449  INFO [main] parse.CalcitePlanner: Creating table default.acidTbl2 position=24
2024-04-23T20:49:48,450  INFO [main] HiveMetaStore.audit: ugi=alex	ip=unknown-ip-addr	cmd=get_database: default	
2024-04-23T20:49:48,451  INFO [main] parse.CalcitePlanner: Ending caching scope for: 
2024-04-23T20:49:48,451  INFO [main] ql.Driver: Semantic Analysis Completed (retrial = false)
2024-04-23T20:49:48,452  INFO [main] ql.Driver: Created Hive schema: Schema(fieldSchemas:null, properties:null)
2024-04-23T20:49:48,452  INFO [main] metadata.Hive: Dumping metastore api call timing information for : compilation phase
2024-04-23T20:49:48,452  INFO [main] metadata.Hive: Total time spent in each metastore function (ms): {commitTxn_(CommitTxnRequest)=9, getDatabase_(String)=1, isCompatibleWith_(Configuration)=0, openTxn_(String, TxnType)=1, getValidWriteIds_(List, String)=2, getValidTxns_(long)=0, flushCache_()=0}
2024-04-23T20:49:48,452  INFO [main] ql.Driver: Completed compiling command(queryId=alex_20240423204948_9dd6ecc0-9ca3-4b5b-a349-c19ea071508a); Time taken: 0.008 seconds
2024-04-23T20:49:48,452  INFO [main] lockmgr.DbTxnManager: Setting lock request transaction to txnid:11 for queryId=alex_20240423204948_9dd6ecc0-9ca3-4b5b-a349-c19ea071508a
2024-04-23T20:49:48,453  INFO [main] lockmgr.DbLockManager: Requesting lock for queryId=alex_20240423204948_9dd6ecc0-9ca3-4b5b-a349-c19ea071508a
2024-04-23T20:49:48,466  INFO [main] lockmgr.DbLockManager: Response to queryId=alex_20240423204948_9dd6ecc0-9ca3-4b5b-a349-c19ea071508a LockResponse(lockid:5, state:ACQUIRED)
2024-04-23T20:49:48,466  INFO [main] ql.Driver: Operation CREATETABLE obtained 1 locks
2024-04-23T20:49:48,466  INFO [main] ql.Driver: Executing command(queryId=alex_20240423204948_9dd6ecc0-9ca3-4b5b-a349-c19ea071508a): create temporary  table acidTbl2(a int, b int, c int) clustered by (c) into 2 buckets stored as orc TBLPROPERTIES ('transactional'='true')
2024-04-23T20:49:48,467  INFO [main] ql.Driver: Starting task [Stage-0:DDL] in serial mode
2024-04-23T20:49:48,468  INFO [main] utils.FileUtils: Creating directory if it doesn't exist: file:/home/alex/Repositories/hive/ql/target/tmp/scratchdir/alex/debea981-687e-4dc9-abe9-86409bda9140/_tmp_space.db/c5303e42-f5ae-4474-8c1b-de4d438e7b5d
2024-04-23T20:49:48,471  INFO [main] metadata.Hive: Dumping metastore api call timing information for : execution phase
2024-04-23T20:49:48,471  INFO [main] metadata.Hive: Total time spent in each metastore function (ms): {isCompatibleWith_(Configuration)=0, createTable_(Table)=4}
2024-04-23T20:49:48,471  INFO [main] ql.Driver: Completed executing command(queryId=alex_20240423204948_9dd6ecc0-9ca3-4b5b-a349-c19ea071508a); Time taken: 0.005 seconds
2024-04-23T20:49:48,472  INFO [main] lockmgr.DbTxnManager: Stopped heartbeat for query: alex_20240423204948_9dd6ecc0-9ca3-4b5b-a349-c19ea071508a
2024-04-23T20:49:48,475  INFO [main] txn.TxnHandler: Expected to move at least one record from txn_components to completed_txn_components when committing txn! txnid:11
2024-04-23T20:49:48,481  INFO [main] txn.TxnHandler: Removed transactions: ([11]) from MIN_HISTORY_LEVEL
2024-04-23T20:49:48,481  WARN [main] txn.CompactionTxnHandler: No compaction queue record found for Compaction type transaction commit. txnId:11
2024-04-23T20:49:48,482  INFO [main] ql.TxnCommandsBaseForTests: Running the query: create table nonAcidNonBucket(a int, b int) stored as orc TBLPROPERTIES ('transactional'='false')
2024-04-23T20:49:48,482  INFO [main] ql.Driver: Compiling command(queryId=alex_20240423204948_8d5ba693-b918-438a-b3df-3073960331df): create table nonAcidNonBucket(a int, b int) stored as orc TBLPROPERTIES ('transactional'='false')
2024-04-23T20:49:48,484  INFO [main] txn.TxnHandler: Added entries to MIN_HISTORY_LEVEL for current txns: ([12]) with min_open_txn: 1
2024-04-23T20:49:48,485  INFO [main] lockmgr.DbTxnManager: Opened txnid:12
2024-04-23T20:49:48,485  INFO [main] parse.CalcitePlanner: Starting caching scope for: 
2024-04-23T20:49:48,485  INFO [main] parse.CalcitePlanner: Starting Semantic Analysis
2024-04-23T20:49:48,488  INFO [main] parse.CalcitePlanner: Creating table default.nonAcidNonBucket position=13
2024-04-23T20:49:48,488  INFO [main] HiveMetaStore.audit: ugi=alex	ip=unknown-ip-addr	cmd=get_database: default	
2024-04-23T20:49:48,490  INFO [main] parse.CalcitePlanner: Ending caching scope for: 
2024-04-23T20:49:48,490  INFO [main] ql.Driver: Semantic Analysis Completed (retrial = false)
2024-04-23T20:49:48,490  INFO [main] ql.Driver: Created Hive schema: Schema(fieldSchemas:null, properties:null)
2024-04-23T20:49:48,490  INFO [main] metadata.Hive: Dumping metastore api call timing information for : compilation phase
2024-04-23T20:49:48,490  INFO [main] metadata.Hive: Total time spent in each metastore function (ms): {flushCache_()=0, commitTxn_(CommitTxnRequest)=10, getValidWriteIds_(List, String)=3, getValidTxns_(long)=0, openTxn_(String, TxnType)=2, getDatabase_(String)=2, isCompatibleWith_(Configuration)=1}
2024-04-23T20:49:48,490  INFO [main] ql.Driver: Completed compiling command(queryId=alex_20240423204948_8d5ba693-b918-438a-b3df-3073960331df); Time taken: 0.008 seconds
2024-04-23T20:49:48,490  INFO [main] lockmgr.DbTxnManager: Setting lock request transaction to txnid:12 for queryId=alex_20240423204948_8d5ba693-b918-438a-b3df-3073960331df
2024-04-23T20:49:48,491  INFO [main] lockmgr.DbLockManager: Requesting lock for queryId=alex_20240423204948_8d5ba693-b918-438a-b3df-3073960331df
2024-04-23T20:49:48,504  INFO [main] lockmgr.DbLockManager: Response to queryId=alex_20240423204948_8d5ba693-b918-438a-b3df-3073960331df LockResponse(lockid:6, state:ACQUIRED)
2024-04-23T20:49:48,504  INFO [main] ql.Driver: Operation CREATETABLE obtained 1 locks
2024-04-23T20:49:48,505  INFO [main] ql.Driver: Executing command(queryId=alex_20240423204948_8d5ba693-b918-438a-b3df-3073960331df): create table nonAcidNonBucket(a int, b int) stored as orc TBLPROPERTIES ('transactional'='false')
2024-04-23T20:49:48,505  INFO [main] ql.Driver: Starting task [Stage-0:DDL] in serial mode
2024-04-23T20:49:48,506  INFO [main] HiveMetaStore.audit: ugi=alex	ip=unknown-ip-addr	cmd=create_table_req: Table(tableName:nonAcidNonBucket, dbName:default, owner:alex, createTime:1713930588, lastAccessTime:0, retention:0, sd:StorageDescriptor(cols:[FieldSchema(name:a, type:int, comment:null), FieldSchema(name:b, type:int, comment:null)], location:null, inputFormat:org.apache.hadoop.hive.ql.io.orc.OrcInputFormat, outputFormat:org.apache.hadoop.hive.ql.io.orc.OrcOutputFormat, compressed:false, numBuckets:-1, serdeInfo:SerDeInfo(name:null, serializationLib:org.apache.hadoop.hive.ql.io.orc.OrcSerde, parameters:{serialization.format=1}), bucketCols:[], sortCols:[], parameters:{}, skewedInfo:SkewedInfo(skewedColNames:[], skewedColValues:[], skewedColValueLocationMaps:{}), storedAsSubDirectories:false), partitionKeys:[], parameters:{COLUMN_STATS_ACCURATE={"BASIC_STATS":"true","COLUMN_STATS":{"a":"true","b":"true"}}, rawDataSize=0, bucketing_version=2, numRows=0, numFiles=0, numFilesErasureCoded=0, transactional=false, totalSize=0}, viewOriginalText:null, viewExpandedText:null, tableType:MANAGED_TABLE, privileges:PrincipalPrivilegeSet(userPrivileges:{alex=[PrivilegeGrantInfo(privilege:INSERT, createTime:-1, grantor:alex, grantorType:USER, grantOption:true), PrivilegeGrantInfo(privilege:SELECT, createTime:-1, grantor:alex, grantorType:USER, grantOption:true), PrivilegeGrantInfo(privilege:UPDATE, createTime:-1, grantor:alex, grantorType:USER, grantOption:true), PrivilegeGrantInfo(privilege:DELETE, createTime:-1, grantor:alex, grantorType:USER, grantOption:true)]}, groupPrivileges:null, rolePrivileges:null), temporary:false, catName:hive, ownerType:USER)	
2024-04-23T20:49:48,512  INFO [main] utils.FileUtils: Creating directory if it doesn't exist: file:/home/alex/Repositories/hive/ql/target/tmp/org.apache.hadoop.hive.ql.TestTxnExIm-1713930480318/warehouse/nonacidnonbucket
2024-04-23T20:49:48,525  INFO [main] metadata.Hive: Dumping metastore api call timing information for : execution phase
2024-04-23T20:49:48,525  INFO [main] metadata.Hive: Total time spent in each metastore function (ms): {isCompatibleWith_(Configuration)=0, createTable_(Table)=20}
2024-04-23T20:49:48,525  INFO [main] ql.Driver: Completed executing command(queryId=alex_20240423204948_8d5ba693-b918-438a-b3df-3073960331df); Time taken: 0.021 seconds
2024-04-23T20:49:48,525  INFO [main] lockmgr.DbTxnManager: Stopped heartbeat for query: alex_20240423204948_8d5ba693-b918-438a-b3df-3073960331df
2024-04-23T20:49:48,530  INFO [main] txn.TxnHandler: Expected to move at least one record from txn_components to completed_txn_components when committing txn! txnid:12
2024-04-23T20:49:48,536  INFO [main] txn.TxnHandler: Removed transactions: ([12]) from MIN_HISTORY_LEVEL
2024-04-23T20:49:48,536  WARN [main] txn.CompactionTxnHandler: No compaction queue record found for Compaction type transaction commit. txnId:12
2024-04-23T20:49:48,537  INFO [main] ql.TxnCommandsBaseForTests: Running the query: drop table if exists T
2024-04-23T20:49:48,537  INFO [main] ql.Driver: Compiling command(queryId=alex_20240423204948_36bc0a00-9783-4494-b086-a18c12e53c1e): drop table if exists T
2024-04-23T20:49:48,540  INFO [main] txn.TxnHandler: Added entries to MIN_HISTORY_LEVEL for current txns: ([13]) with min_open_txn: 1
2024-04-23T20:49:48,540  INFO [main] lockmgr.DbTxnManager: Opened txnid:13
2024-04-23T20:49:48,540  INFO [main] HiveMetaStore.audit: ugi=alex	ip=unknown-ip-addr	cmd=get_table : tbl=hive.default.T	
2024-04-23T20:49:48,561  INFO [main] metastore.HMSHandler: Skipping translation for processor with null
2024-04-23T20:49:48,561  INFO [main] ql.Driver: Semantic Analysis Completed (retrial = false)
2024-04-23T20:49:48,561  INFO [main] ql.Driver: Created Hive schema: Schema(fieldSchemas:null, properties:null)
2024-04-23T20:49:48,561  INFO [main] metadata.Hive: Dumping metastore api call timing information for : compilation phase
2024-04-23T20:49:48,562  INFO [main] metadata.Hive: Total time spent in each metastore function (ms): {getValidTxns_(long)=0, isCompatibleWith_(Configuration)=0, flushCache_()=0, openTxn_(String, TxnType)=2, getTable_(GetTableRequest)=21, commitTxn_(CommitTxnRequest)=11}
2024-04-23T20:49:48,562  INFO [main] ql.Driver: Completed compiling command(queryId=alex_20240423204948_36bc0a00-9783-4494-b086-a18c12e53c1e); Time taken: 0.024 seconds
2024-04-23T20:49:48,562  INFO [main] lockmgr.DbTxnManager: Setting lock request transaction to txnid:13 for queryId=alex_20240423204948_36bc0a00-9783-4494-b086-a18c12e53c1e
2024-04-23T20:49:48,563  INFO [main] lockmgr.DbLockManager: Requesting lock for queryId=alex_20240423204948_36bc0a00-9783-4494-b086-a18c12e53c1e
2024-04-23T20:49:48,579  INFO [main] lockmgr.DbLockManager: Response to queryId=alex_20240423204948_36bc0a00-9783-4494-b086-a18c12e53c1e LockResponse(lockid:7, state:ACQUIRED)
2024-04-23T20:49:48,579  INFO [main] ql.Driver: Operation DROPTABLE obtained 1 locks
2024-04-23T20:49:48,579  INFO [main] ql.Driver: Executing command(queryId=alex_20240423204948_36bc0a00-9783-4494-b086-a18c12e53c1e): drop table if exists T
2024-04-23T20:49:48,579  INFO [main] ql.Driver: Starting task [Stage-0:DDL] in serial mode
2024-04-23T20:49:48,579  INFO [main] HiveMetaStore.audit: ugi=alex	ip=unknown-ip-addr	cmd=get_table : tbl=hive.default.T	
2024-04-23T20:49:48,585  INFO [main] metastore.HMSHandler: Skipping translation for processor with null
2024-04-23T20:49:48,586  INFO [main] HiveMetaStore.audit: ugi=alex	ip=unknown-ip-addr	cmd=get_table : tbl=hive.default.T	
2024-04-23T20:49:48,593  INFO [main] metastore.HMSHandler: Skipping translation for processor with null
2024-04-23T20:49:48,593  INFO [main] HiveMetaStore.audit: ugi=alex	ip=unknown-ip-addr	cmd=drop_table : tbl=hive.default.T	
2024-04-23T20:49:48,724  WARN [main] utils.FileUtils: File file:/home/alex/Repositories/hive/ql/target/tmp/org.apache.hadoop.hive.ql.TestTxnExIm-1713930480318/warehouse/t does not exist; Force to delete it.
2024-04-23T20:49:48,724 ERROR [main] utils.FileUtils: Failed to delete file:/home/alex/Repositories/hive/ql/target/tmp/org.apache.hadoop.hive.ql.TestTxnExIm-1713930480318/warehouse/t
2024-04-23T20:49:48,724  INFO [main] metadata.Hive: Dumping metastore api call timing information for : execution phase
2024-04-23T20:49:48,724  INFO [main] metadata.Hive: Total time spent in each metastore function (ms): {dropTable_(String, String, boolean, boolean, boolean)=138, isCompatibleWith_(Configuration)=0, getTable_(GetTableRequest)=7}
2024-04-23T20:49:48,724  INFO [main] ql.Driver: Completed executing command(queryId=alex_20240423204948_36bc0a00-9783-4494-b086-a18c12e53c1e); Time taken: 0.145 seconds
2024-04-23T20:49:48,724  INFO [main] lockmgr.DbTxnManager: Stopped heartbeat for query: alex_20240423204948_36bc0a00-9783-4494-b086-a18c12e53c1e
2024-04-23T20:49:48,728  INFO [main] txn.TxnHandler: Expected to move at least one record from txn_components to completed_txn_components when committing txn! txnid:13
2024-04-23T20:49:48,734  INFO [main] txn.TxnHandler: Removed transactions: ([13]) from MIN_HISTORY_LEVEL
2024-04-23T20:49:48,735  WARN [main] txn.CompactionTxnHandler: No compaction queue record found for Compaction type transaction commit. txnId:13
2024-04-23T20:49:48,736  INFO [main] ql.TxnCommandsBaseForTests: Running the query: drop table if exists Tstage
2024-04-23T20:49:48,736  INFO [main] ql.Driver: Compiling command(queryId=alex_20240423204948_bf7c1654-433a-4f7c-83f8-6f917f85b7c2): drop table if exists Tstage
2024-04-23T20:49:48,746  INFO [main] txn.TxnHandler: Added entries to MIN_HISTORY_LEVEL for current txns: ([14]) with min_open_txn: 1
2024-04-23T20:49:48,746  INFO [main] lockmgr.DbTxnManager: Opened txnid:14
2024-04-23T20:49:48,749  INFO [main] HiveMetaStore.audit: ugi=alex	ip=unknown-ip-addr	cmd=get_table : tbl=hive.default.Tstage	
2024-04-23T20:49:48,772  INFO [main] metastore.HMSHandler: Skipping translation for processor with null
2024-04-23T20:49:48,772  INFO [main] ql.Driver: Semantic Analysis Completed (retrial = false)
2024-04-23T20:49:48,772  INFO [main] ql.Driver: Created Hive schema: Schema(fieldSchemas:null, properties:null)
2024-04-23T20:49:48,772  INFO [main] metadata.Hive: Dumping metastore api call timing information for : compilation phase
2024-04-23T20:49:48,772  INFO [main] metadata.Hive: Total time spent in each metastore function (ms): {flushCache_()=0, openTxn_(String, TxnType)=9, isCompatibleWith_(Configuration)=1, getValidTxns_(long)=3, commitTxn_(CommitTxnRequest)=11, getTable_(GetTableRequest)=23}
2024-04-23T20:49:48,772  INFO [main] ql.Driver: Completed compiling command(queryId=alex_20240423204948_bf7c1654-433a-4f7c-83f8-6f917f85b7c2); Time taken: 0.036 seconds
2024-04-23T20:49:48,772  INFO [main] lockmgr.DbTxnManager: Setting lock request transaction to txnid:14 for queryId=alex_20240423204948_bf7c1654-433a-4f7c-83f8-6f917f85b7c2
2024-04-23T20:49:48,773  INFO [main] lockmgr.DbLockManager: Requesting lock for queryId=alex_20240423204948_bf7c1654-433a-4f7c-83f8-6f917f85b7c2
2024-04-23T20:49:48,788  INFO [main] lockmgr.DbLockManager: Response to queryId=alex_20240423204948_bf7c1654-433a-4f7c-83f8-6f917f85b7c2 LockResponse(lockid:8, state:ACQUIRED)
2024-04-23T20:49:48,788  INFO [main] ql.Driver: Operation DROPTABLE obtained 1 locks
2024-04-23T20:49:48,788  INFO [main] ql.Driver: Executing command(queryId=alex_20240423204948_bf7c1654-433a-4f7c-83f8-6f917f85b7c2): drop table if exists Tstage
2024-04-23T20:49:48,788  INFO [main] ql.Driver: Starting task [Stage-0:DDL] in serial mode
2024-04-23T20:49:48,788  INFO [main] HiveMetaStore.audit: ugi=alex	ip=unknown-ip-addr	cmd=get_table : tbl=hive.default.Tstage	
2024-04-23T20:49:48,797  INFO [main] metastore.HMSHandler: Skipping translation for processor with null
2024-04-23T20:49:48,798  INFO [main] HiveMetaStore.audit: ugi=alex	ip=unknown-ip-addr	cmd=get_table : tbl=hive.default.Tstage	
2024-04-23T20:49:48,806  INFO [main] metastore.HMSHandler: Skipping translation for processor with null
2024-04-23T20:49:48,807  INFO [main] HiveMetaStore.audit: ugi=alex	ip=unknown-ip-addr	cmd=drop_table : tbl=hive.default.Tstage	
2024-04-23T20:49:48,878  WARN [main] utils.FileUtils: File file:/home/alex/Repositories/hive/ql/target/tmp/org.apache.hadoop.hive.ql.TestTxnExIm-1713930480318/warehouse/tstage does not exist; Force to delete it.
2024-04-23T20:49:48,878 ERROR [main] utils.FileUtils: Failed to delete file:/home/alex/Repositories/hive/ql/target/tmp/org.apache.hadoop.hive.ql.TestTxnExIm-1713930480318/warehouse/tstage
2024-04-23T20:49:48,879  INFO [main] metadata.Hive: Dumping metastore api call timing information for : execution phase
2024-04-23T20:49:48,879  INFO [main] metadata.Hive: Total time spent in each metastore function (ms): {getTable_(GetTableRequest)=9, isCompatibleWith_(Configuration)=0, dropTable_(String, String, boolean, boolean, boolean)=82}
2024-04-23T20:49:48,879  INFO [main] ql.Driver: Completed executing command(queryId=alex_20240423204948_bf7c1654-433a-4f7c-83f8-6f917f85b7c2); Time taken: 0.091 seconds
2024-04-23T20:49:48,879  INFO [main] lockmgr.DbTxnManager: Stopped heartbeat for query: alex_20240423204948_bf7c1654-433a-4f7c-83f8-6f917f85b7c2
2024-04-23T20:49:48,883  INFO [main] txn.TxnHandler: Expected to move at least one record from txn_components to completed_txn_components when committing txn! txnid:14
2024-04-23T20:49:48,889  INFO [main] txn.TxnHandler: Removed transactions: ([14]) from MIN_HISTORY_LEVEL
2024-04-23T20:49:48,889  WARN [main] txn.CompactionTxnHandler: No compaction queue record found for Compaction type transaction commit. txnId:14
2024-04-23T20:49:48,890  INFO [main] ql.TxnCommandsBaseForTests: Running the query: create table T (a int, b int) stored as orc
2024-04-23T20:49:48,890  INFO [main] ql.Driver: Compiling command(queryId=alex_20240423204948_94b93238-a3c9-4d05-b581-f1ee8a8e7df3): create table T (a int, b int) stored as orc
2024-04-23T20:49:48,893  INFO [main] txn.TxnHandler: Added entries to MIN_HISTORY_LEVEL for current txns: ([15]) with min_open_txn: 1
2024-04-23T20:49:48,893  INFO [main] lockmgr.DbTxnManager: Opened txnid:15
2024-04-23T20:49:48,894  INFO [main] parse.CalcitePlanner: Starting caching scope for: 
2024-04-23T20:49:48,894  INFO [main] parse.CalcitePlanner: Starting Semantic Analysis
2024-04-23T20:49:48,900  INFO [main] parse.CalcitePlanner: Creating table default.T position=13
2024-04-23T20:49:48,901  INFO [main] parse.CalcitePlanner: Automatically chose to make default.T acid.
2024-04-23T20:49:48,901  INFO [main] HiveMetaStore.audit: ugi=alex	ip=unknown-ip-addr	cmd=get_database: default	
2024-04-23T20:49:48,903  INFO [main] parse.CalcitePlanner: Ending caching scope for: 
2024-04-23T20:49:48,903  INFO [main] ql.Driver: Semantic Analysis Completed (retrial = false)
2024-04-23T20:49:48,903  INFO [main] ql.Driver: Created Hive schema: Schema(fieldSchemas:null, properties:null)
2024-04-23T20:49:48,903  INFO [main] metadata.Hive: Dumping metastore api call timing information for : compilation phase
2024-04-23T20:49:48,903  INFO [main] metadata.Hive: Total time spent in each metastore function (ms): {getValidTxns_(long)=1, flushCache_()=0, commitTxn_(CommitTxnRequest)=11, isCompatibleWith_(Configuration)=1, getDatabase_(String)=1, getValidWriteIds_(List, String)=6, openTxn_(String, TxnType)=2}
2024-04-23T20:49:48,903  INFO [main] ql.Driver: Completed compiling command(queryId=alex_20240423204948_94b93238-a3c9-4d05-b581-f1ee8a8e7df3); Time taken: 0.013 seconds
2024-04-23T20:49:48,903  INFO [main] lockmgr.DbTxnManager: Setting lock request transaction to txnid:15 for queryId=alex_20240423204948_94b93238-a3c9-4d05-b581-f1ee8a8e7df3
2024-04-23T20:49:48,903  INFO [main] lockmgr.DbLockManager: Requesting lock for queryId=alex_20240423204948_94b93238-a3c9-4d05-b581-f1ee8a8e7df3
2024-04-23T20:49:48,922  INFO [main] lockmgr.DbLockManager: Response to queryId=alex_20240423204948_94b93238-a3c9-4d05-b581-f1ee8a8e7df3 LockResponse(lockid:9, state:ACQUIRED)
2024-04-23T20:49:48,922  INFO [main] ql.Driver: Operation CREATETABLE obtained 1 locks
2024-04-23T20:49:48,922  INFO [main] ql.Driver: Executing command(queryId=alex_20240423204948_94b93238-a3c9-4d05-b581-f1ee8a8e7df3): create table T (a int, b int) stored as orc
2024-04-23T20:49:48,923  INFO [main] ql.Driver: Starting task [Stage-0:DDL] in serial mode
2024-04-23T20:49:48,924  INFO [main] HiveMetaStore.audit: ugi=alex	ip=unknown-ip-addr	cmd=create_table_req: Table(tableName:T, dbName:default, owner:alex, createTime:1713930588, lastAccessTime:0, retention:0, sd:StorageDescriptor(cols:[FieldSchema(name:a, type:int, comment:null), FieldSchema(name:b, type:int, comment:null)], location:null, inputFormat:org.apache.hadoop.hive.ql.io.orc.OrcInputFormat, outputFormat:org.apache.hadoop.hive.ql.io.orc.OrcOutputFormat, compressed:false, numBuckets:-1, serdeInfo:SerDeInfo(name:null, serializationLib:org.apache.hadoop.hive.ql.io.orc.OrcSerde, parameters:{serialization.format=1}), bucketCols:[], sortCols:[], parameters:{}, skewedInfo:SkewedInfo(skewedColNames:[], skewedColValues:[], skewedColValueLocationMaps:{}), storedAsSubDirectories:false), partitionKeys:[], parameters:{transactional=true, COLUMN_STATS_ACCURATE={"BASIC_STATS":"true","COLUMN_STATS":{"a":"true","b":"true"}}, rawDataSize=0, numFiles=0, numFilesErasureCoded=0, bucketing_version=2, totalSize=0, transactional_properties=default, numRows=0}, viewOriginalText:null, viewExpandedText:null, tableType:MANAGED_TABLE, privileges:PrincipalPrivilegeSet(userPrivileges:{alex=[PrivilegeGrantInfo(privilege:INSERT, createTime:-1, grantor:alex, grantorType:USER, grantOption:true), PrivilegeGrantInfo(privilege:SELECT, createTime:-1, grantor:alex, grantorType:USER, grantOption:true), PrivilegeGrantInfo(privilege:UPDATE, createTime:-1, grantor:alex, grantorType:USER, grantOption:true), PrivilegeGrantInfo(privilege:DELETE, createTime:-1, grantor:alex, grantorType:USER, grantOption:true)]}, groupPrivileges:null, rolePrivileges:null), temporary:false, catName:hive, ownerType:USER, writeId:0)	
2024-04-23T20:49:48,930  INFO [main] utils.FileUtils: Creating directory if it doesn't exist: file:/home/alex/Repositories/hive/ql/target/tmp/org.apache.hadoop.hive.ql.TestTxnExIm-1713930480318/warehouse/t
2024-04-23T20:49:48,963  INFO [main] metadata.Hive: Dumping metastore api call timing information for : execution phase
2024-04-23T20:49:48,963  INFO [main] metadata.Hive: Total time spent in each metastore function (ms): {isCompatibleWith_(Configuration)=0, createTable_(Table)=40}
2024-04-23T20:49:48,963  INFO [main] ql.Driver: Completed executing command(queryId=alex_20240423204948_94b93238-a3c9-4d05-b581-f1ee8a8e7df3); Time taken: 0.041 seconds
2024-04-23T20:49:48,963  INFO [main] lockmgr.DbTxnManager: Stopped heartbeat for query: alex_20240423204948_94b93238-a3c9-4d05-b581-f1ee8a8e7df3
2024-04-23T20:49:48,967  INFO [main] txn.TxnHandler: Expected to move at least one record from txn_components to completed_txn_components when committing txn! txnid:15
2024-04-23T20:49:48,973  INFO [main] txn.TxnHandler: Removed transactions: ([15]) from MIN_HISTORY_LEVEL
2024-04-23T20:49:48,973  WARN [main] txn.CompactionTxnHandler: No compaction queue record found for Compaction type transaction commit. txnId:15
2024-04-23T20:49:48,974  INFO [main] ql.TxnCommandsBaseForTests: Running the query: create table Tstage (a int, b int) stored as orc tblproperties('transactional'='true')
2024-04-23T20:49:48,974  INFO [main] ql.Driver: Compiling command(queryId=alex_20240423204948_2f205a2e-4eb5-4aa3-8b6f-c7106dd30235): create table Tstage (a int, b int) stored as orc tblproperties('transactional'='true')
2024-04-23T20:49:48,976  INFO [main] txn.TxnHandler: Added entries to MIN_HISTORY_LEVEL for current txns: ([16]) with min_open_txn: 1
2024-04-23T20:49:48,977  INFO [main] lockmgr.DbTxnManager: Opened txnid:16
2024-04-23T20:49:48,977  INFO [main] parse.CalcitePlanner: Starting caching scope for: 
2024-04-23T20:49:48,977  INFO [main] parse.CalcitePlanner: Starting Semantic Analysis
2024-04-23T20:49:48,980  INFO [main] parse.CalcitePlanner: Creating table default.Tstage position=13
2024-04-23T20:49:48,981  INFO [main] HiveMetaStore.audit: ugi=alex	ip=unknown-ip-addr	cmd=get_database: default	
2024-04-23T20:49:48,983  INFO [main] parse.CalcitePlanner: Ending caching scope for: 
2024-04-23T20:49:48,983  INFO [main] ql.Driver: Semantic Analysis Completed (retrial = false)
2024-04-23T20:49:48,983  INFO [main] ql.Driver: Created Hive schema: Schema(fieldSchemas:null, properties:null)
2024-04-23T20:49:48,984  INFO [main] metadata.Hive: Dumping metastore api call timing information for : compilation phase
2024-04-23T20:49:48,984  INFO [main] metadata.Hive: Total time spent in each metastore function (ms): {commitTxn_(CommitTxnRequest)=11, isCompatibleWith_(Configuration)=0, openTxn_(String, TxnType)=2, getValidTxns_(long)=0, getDatabase_(String)=2, getValidWriteIds_(List, String)=2, flushCache_()=0}
2024-04-23T20:49:48,984  INFO [main] ql.Driver: Completed compiling command(queryId=alex_20240423204948_2f205a2e-4eb5-4aa3-8b6f-c7106dd30235); Time taken: 0.009 seconds
2024-04-23T20:49:48,984  INFO [main] lockmgr.DbTxnManager: Setting lock request transaction to txnid:16 for queryId=alex_20240423204948_2f205a2e-4eb5-4aa3-8b6f-c7106dd30235
2024-04-23T20:49:48,985  INFO [main] lockmgr.DbLockManager: Requesting lock for queryId=alex_20240423204948_2f205a2e-4eb5-4aa3-8b6f-c7106dd30235
2024-04-23T20:49:49,000  INFO [main] lockmgr.DbLockManager: Response to queryId=alex_20240423204948_2f205a2e-4eb5-4aa3-8b6f-c7106dd30235 LockResponse(lockid:10, state:ACQUIRED)
2024-04-23T20:49:49,000  INFO [main] ql.Driver: Operation CREATETABLE obtained 1 locks
2024-04-23T20:49:49,001  INFO [main] ql.Driver: Executing command(queryId=alex_20240423204948_2f205a2e-4eb5-4aa3-8b6f-c7106dd30235): create table Tstage (a int, b int) stored as orc tblproperties('transactional'='true')
2024-04-23T20:49:49,001  INFO [main] ql.Driver: Starting task [Stage-0:DDL] in serial mode
2024-04-23T20:49:49,003  INFO [main] HiveMetaStore.audit: ugi=alex	ip=unknown-ip-addr	cmd=create_table_req: Table(tableName:Tstage, dbName:default, owner:alex, createTime:1713930589, lastAccessTime:0, retention:0, sd:StorageDescriptor(cols:[FieldSchema(name:a, type:int, comment:null), FieldSchema(name:b, type:int, comment:null)], location:null, inputFormat:org.apache.hadoop.hive.ql.io.orc.OrcInputFormat, outputFormat:org.apache.hadoop.hive.ql.io.orc.OrcOutputFormat, compressed:false, numBuckets:-1, serdeInfo:SerDeInfo(name:null, serializationLib:org.apache.hadoop.hive.ql.io.orc.OrcSerde, parameters:{serialization.format=1}), bucketCols:[], sortCols:[], parameters:{}, skewedInfo:SkewedInfo(skewedColNames:[], skewedColValues:[], skewedColValueLocationMaps:{}), storedAsSubDirectories:false), partitionKeys:[], parameters:{bucketing_version=2, numFiles=0, transactional=true, numFilesErasureCoded=0, rawDataSize=0, totalSize=0, COLUMN_STATS_ACCURATE={"BASIC_STATS":"true","COLUMN_STATS":{"a":"true","b":"true"}}, numRows=0}, viewOriginalText:null, viewExpandedText:null, tableType:MANAGED_TABLE, privileges:PrincipalPrivilegeSet(userPrivileges:{alex=[PrivilegeGrantInfo(privilege:INSERT, createTime:-1, grantor:alex, grantorType:USER, grantOption:true), PrivilegeGrantInfo(privilege:SELECT, createTime:-1, grantor:alex, grantorType:USER, grantOption:true), PrivilegeGrantInfo(privilege:UPDATE, createTime:-1, grantor:alex, grantorType:USER, grantOption:true), PrivilegeGrantInfo(privilege:DELETE, createTime:-1, grantor:alex, grantorType:USER, grantOption:true)]}, groupPrivileges:null, rolePrivileges:null), temporary:false, catName:hive, ownerType:USER, writeId:0)	
2024-04-23T20:49:49,010  INFO [main] utils.FileUtils: Creating directory if it doesn't exist: file:/home/alex/Repositories/hive/ql/target/tmp/org.apache.hadoop.hive.ql.TestTxnExIm-1713930480318/warehouse/tstage
2024-04-23T20:49:49,025  INFO [main] metadata.Hive: Dumping metastore api call timing information for : execution phase
2024-04-23T20:49:49,025  INFO [main] metadata.Hive: Total time spent in each metastore function (ms): {isCompatibleWith_(Configuration)=0, createTable_(Table)=23}
2024-04-23T20:49:49,025  INFO [main] ql.Driver: Completed executing command(queryId=alex_20240423204948_2f205a2e-4eb5-4aa3-8b6f-c7106dd30235); Time taken: 0.024 seconds
2024-04-23T20:49:49,025  INFO [main] lockmgr.DbTxnManager: Stopped heartbeat for query: alex_20240423204948_2f205a2e-4eb5-4aa3-8b6f-c7106dd30235
2024-04-23T20:49:49,030  INFO [main] txn.TxnHandler: Expected to move at least one record from txn_components to completed_txn_components when committing txn! txnid:16
2024-04-23T20:49:49,036  INFO [main] txn.TxnHandler: Removed transactions: ([16]) from MIN_HISTORY_LEVEL
2024-04-23T20:49:49,036  WARN [main] txn.CompactionTxnHandler: No compaction queue record found for Compaction type transaction commit. txnId:16
2024-04-23T20:49:49,037  INFO [main] ql.TxnCommandsBaseForTests: Running the query: insert into Tstage values(1,2),(3,4),(5,6)
2024-04-23T20:49:49,037  INFO [main] ql.Driver: Compiling command(queryId=alex_20240423204949_70e4a687-e05f-4fad-9b34-f3d8aadef882): insert into Tstage values(1,2),(3,4),(5,6)
2024-04-23T20:49:49,041  INFO [main] txn.TxnHandler: Added entries to MIN_HISTORY_LEVEL for current txns: ([17]) with min_open_txn: 1
2024-04-23T20:49:49,041  INFO [main] lockmgr.DbTxnManager: Opened txnid:17
2024-04-23T20:49:49,042  INFO [main] parse.CalcitePlanner: Starting caching scope for: 
2024-04-23T20:49:49,042  INFO [main] parse.CalcitePlanner: Starting Semantic Analysis
2024-04-23T20:49:49,046  INFO [main] HiveMetaStore.audit: ugi=alex	ip=unknown-ip-addr	cmd=get_table : tbl=hive.default.Tstage	
2024-04-23T20:49:49,065  INFO [main] metastore.HMSHandler: Skipping translation for processor with null
2024-04-23T20:49:49,065  INFO [main] parse.CalcitePlanner: Completed phase 1 of Semantic Analysis
2024-04-23T20:49:49,065  INFO [main] parse.CalcitePlanner: Get metadata for source tables
2024-04-23T20:49:49,065  INFO [main] parse.CalcitePlanner: Get metadata for subqueries
2024-04-23T20:49:49,065  INFO [main] parse.CalcitePlanner: Get metadata for destination tables
2024-04-23T20:49:49,065  INFO [main] HiveMetaStore.audit: ugi=alex	ip=unknown-ip-addr	cmd=get_table : tbl=hive.default.Tstage	
2024-04-23T20:49:49,072  INFO [main] metastore.HMSHandler: Skipping translation for processor with null
2024-04-23T20:49:49,072  INFO [main] parse.CalcitePlanner: Completed getting MetaData in Semantic Analysis
2024-04-23T20:49:49,072  INFO [main] parse.CalcitePlanner: Disabling LLAP IO encode as ETL query is detected
2024-04-23T20:49:49,094  INFO [main] HiveMetaStore.audit: ugi=alex	ip=unknown-ip-addr	cmd=get_all_table_constraints : tbl=hive._dummy_database._dummy_table	
2024-04-23T20:49:49,175  INFO [main] parse.CalcitePlanner: Get metadata for source tables
2024-04-23T20:49:49,175  INFO [main] parse.CalcitePlanner: Get metadata for subqueries
2024-04-23T20:49:49,175  INFO [main] parse.CalcitePlanner: Get metadata for source tables
2024-04-23T20:49:49,175  INFO [main] HiveMetaStore.audit: ugi=alex	ip=unknown-ip-addr	cmd=get_table : tbl=hive._dummy_database._dummy_table	
2024-04-23T20:49:49,179  INFO [main] parse.CalcitePlanner: Get metadata for subqueries
2024-04-23T20:49:49,180  INFO [main] parse.CalcitePlanner: Get metadata for destination tables
2024-04-23T20:49:49,180  INFO [main] parse.CalcitePlanner: Get metadata for destination tables
2024-04-23T20:49:49,180  INFO [main] HiveMetaStore.audit: ugi=alex	ip=unknown-ip-addr	cmd=get_table : tbl=hive.default.Tstage	
2024-04-23T20:49:49,192  INFO [main] metastore.HMSHandler: Skipping translation for processor with null
2024-04-23T20:49:49,195  INFO [main] HiveMetaStore.audit: ugi=alex	ip=unknown-ip-addr	cmd=get_not_null_constraints : tbl=hive.default.tstage	
2024-04-23T20:49:49,198  INFO [main] HiveMetaStore.audit: ugi=alex	ip=unknown-ip-addr	cmd=get_check_constraints : tbl=hive.default.tstage	
2024-04-23T20:49:49,218  INFO [main] txn.TxnHandler: Allocated writeId: 1 for txnId: 17
2024-04-23T20:49:49,219  INFO [main] txn.TxnHandler: Allocated write ids for dbName=default, tblName=tstage (txnIds: [17])
2024-04-23T20:49:49,220  INFO [main] parse.CalcitePlanner: CBO Succeeded; optimized logical plan.
2024-04-23T20:49:49,224  INFO [main] optimizer.BucketVersionPopulator: not considering bucketingVersion for: TS[0] because it has -1<2 buckets 
2024-04-23T20:49:49,225  INFO [main] optimizer.SortedDynPartitionOptimizer: Sorted dynamic partitioning optimization kicked in..
2024-04-23T20:49:49,238  INFO [main] HiveMetaStore.audit: ugi=alex	ip=unknown-ip-addr	cmd=get_table : tbl=hive.default.tstage	
2024-04-23T20:49:49,249  INFO [main] metastore.HMSHandler: Skipping translation for processor with null
2024-04-23T20:49:49,250  INFO [main] physical.Vectorizer: Examining input format to see if vectorization is enabled.
2024-04-23T20:49:49,250  INFO [main] physical.Vectorizer: Map vectorization enabled: false
2024-04-23T20:49:49,250  INFO [main] physical.Vectorizer: Map vectorized: false
2024-04-23T20:49:49,250  INFO [main] physical.Vectorizer: Map vectorizedVertexNum: 0
2024-04-23T20:49:49,250  INFO [main] physical.Vectorizer: Map enabledConditionsMet: [hive.vectorized.use.vectorized.input.format IS true]
2024-04-23T20:49:49,250  INFO [main] physical.Vectorizer: Map enabledConditionsNotMet: [Could not enable vectorization due to partition column names size 1 is greater than the number of table column names size 0 IS false]
2024-04-23T20:49:49,250  INFO [main] physical.Vectorizer: Map inputFileFormatClassNameSet: [org.apache.hadoop.hive.ql.io.NullRowsInputFormat]
2024-04-23T20:49:49,250  INFO [main] parse.CalcitePlanner: Completed plan generation
2024-04-23T20:49:49,250  INFO [main] parse.CalcitePlanner: Ending caching scope for: 
2024-04-23T20:49:49,251  INFO [main] ql.Driver: Semantic Analysis Completed (retrial = false)
2024-04-23T20:49:49,251  INFO [main] ql.Driver: Created Hive schema: Schema(fieldSchemas:[FieldSchema(name:col1, type:int, comment:null), FieldSchema(name:col2, type:int, comment:null)], properties:null)
2024-04-23T20:49:49,251  INFO [main] metadata.Hive: Dumping metastore api call timing information for : compilation phase
2024-04-23T20:49:49,251  INFO [main] metadata.Hive: Total time spent in each metastore function (ms): {getAllTableConstraints_(AllTableConstraintsRequest)=29, commitTxn_(CommitTxnRequest)=10, flushCache_()=0, getValidTxns_(long)=1, getTable_(GetTableRequest)=50, isCompatibleWith_(Configuration)=2, getValidWriteIds_(List, String)=3, getNotNullConstraints_(NotNullConstraintsRequest)=3, getCheckConstraints_(CheckConstraintsRequest)=5, allocateTableWriteId_(long, String, String)=16, openTxn_(String, TxnType)=3}
2024-04-23T20:49:49,251  INFO [main] ql.Driver: Completed compiling command(queryId=alex_20240423204949_70e4a687-e05f-4fad-9b34-f3d8aadef882); Time taken: 0.214 seconds
2024-04-23T20:49:49,251  INFO [main] lockmgr.DbTxnManager: Setting lock request transaction to txnid:17 for queryId=alex_20240423204949_70e4a687-e05f-4fad-9b34-f3d8aadef882
2024-04-23T20:49:49,251  INFO [main] lockmgr.DbLockManager: Requesting lock for queryId=alex_20240423204949_70e4a687-e05f-4fad-9b34-f3d8aadef882
2024-04-23T20:49:49,275  INFO [main] lockmgr.DbLockManager: Response to queryId=alex_20240423204949_70e4a687-e05f-4fad-9b34-f3d8aadef882 LockResponse(lockid:11, state:ACQUIRED)
2024-04-23T20:49:49,275  INFO [main] ql.Driver: Operation QUERY obtained 1 locks
2024-04-23T20:49:49,278  INFO [main] ql.Driver: Executing command(queryId=alex_20240423204949_70e4a687-e05f-4fad-9b34-f3d8aadef882): insert into Tstage values(1,2),(3,4),(5,6)
2024-04-23T20:49:49,278  WARN [main] ql.Driver: Hive-on-MR is deprecated in Hive 2 and may not be available in the future versions. Consider using a different execution engine (i.e. tez, spark) or using Hive 1.X releases.
Query ID = alex_20240423204949_70e4a687-e05f-4fad-9b34-f3d8aadef882
2024-04-23T20:49:49,278  INFO [main] ql.Driver: Query ID = alex_20240423204949_70e4a687-e05f-4fad-9b34-f3d8aadef882
Total jobs = 1
2024-04-23T20:49:49,279  INFO [main] ql.Driver: Total jobs = 1
Launching Job 1 out of 1
2024-04-23T20:49:49,279  INFO [main] ql.Driver: Launching Job 1 out of 1
2024-04-23T20:49:49,443  INFO [main] ql.Driver: Starting task [Stage-1:MAPRED] in serial mode
Number of reduce tasks is set to 0 since there's no reduce operator
2024-04-23T20:49:49,443  INFO [main] exec.Task: Number of reduce tasks is set to 0 since there's no reduce operator
2024-04-23T20:49:49,446  INFO [main] mr.ExecDriver: Using org.apache.hadoop.hive.ql.io.HiveInputFormat
2024-04-23T20:49:49,446  INFO [main] exec.Utilities: Processing alias $hdt$_0:_dummy_table
2024-04-23T20:49:49,446  INFO [main] exec.Utilities: Adding 1 inputs; the first input is file:/home/alex/Repositories/hive/ql/target/tmp/localscratchdir/debea981-687e-4dc9-abe9-86409bda9140/hive_2024-04-23_20-49-49_037_6926588412119014498-1/dummy_path
2024-04-23T20:49:49,456  INFO [main] exec.SerializationUtilities: Serializing MapWork using kryo
2024-04-23T20:49:49,457  INFO [main] exec.Utilities: Serialized plan (via FILE) - name: null size: 5,72KB
2024-04-23T20:49:49,458  WARN [main] impl.MetricsSystemImpl: JobTracker metrics system already initialized!
2024-04-23T20:49:49,462  INFO [main] fs.FSStatsPublisher: created : file:/home/alex/Repositories/hive/ql/target/tmp/localscratchdir/debea981-687e-4dc9-abe9-86409bda9140/hive_2024-04-23_20-49-49_037_6926588412119014498-1/-mr-10000
2024-04-23T20:49:49,464  WARN [main] impl.MetricsSystemImpl: JobTracker metrics system already initialized!
2024-04-23T20:49:49,472  WARN [main] mapreduce.JobResourceUploader: Hadoop command-line option parsing not performed. Implement the Tool interface and execute your application with ToolRunner to remedy this.
2024-04-23T20:49:49,477  WARN [main] mapreduce.JobResourceUploader: No job jar file set.  User classes may not be found. See Job or Job#setJar(String).
2024-04-23T20:49:49,478  INFO [main] io.HiveInputFormat: hive.io.file.readcolumn.ids = 
2024-04-23T20:49:49,478  INFO [main] io.HiveInputFormat: hive.io.file.readcolumn.names = 
2024-04-23T20:49:49,478  INFO [main] io.HiveInputFormat: Generating splits for dirs: file:/home/alex/Repositories/hive/ql/target/tmp/localscratchdir/debea981-687e-4dc9-abe9-86409bda9140/hive_2024-04-23_20-49-49_037_6926588412119014498-1/dummy_path
2024-04-23T20:49:49,479  INFO [main] io.HiveInputFormat: number of splits 1
2024-04-23T20:49:49,497  INFO [main] mapreduce.JobSubmitter: number of splits:1
2024-04-23T20:49:49,516  INFO [main] mapreduce.JobSubmitter: Submitting tokens for job: job_local1078339499_0043
2024-04-23T20:49:49,516  INFO [main] mapreduce.JobSubmitter: Executing with tokens: []
2024-04-23T20:49:49,580  INFO [main] mapreduce.Job: The url to track the job: http://localhost:8080/
Job running in-process (local Hadoop)
2024-04-23T20:49:49,580  INFO [main] exec.Task: Job running in-process (local Hadoop)
2024-04-23T20:49:49,580  INFO [Thread-3177] mapred.LocalJobRunner: OutputCommitter set in config org.apache.hadoop.hive.ql.io.HiveFileFormatUtils$NullOutputCommitter
2024-04-23T20:49:49,581  INFO [Thread-3177] mapred.LocalJobRunner: OutputCommitter is org.apache.hadoop.hive.ql.io.HiveFileFormatUtils$NullOutputCommitter
2024-04-23T20:49:49,582  INFO [Thread-3177] mapred.LocalJobRunner: Waiting for map tasks
2024-04-23T20:49:49,583  INFO [LocalJobRunner Map Task Executor #0] mapred.LocalJobRunner: Starting task: attempt_local1078339499_0043_m_000000_0
2024-04-23T20:49:49,586  INFO [LocalJobRunner Map Task Executor #0] mapred.Task:  Using ResourceCalculatorProcessTree : [ ]
2024-04-23T20:49:49,586  INFO [LocalJobRunner Map Task Executor #0] mapred.MapTask: Processing split: org.apache.hadoop.hive.ql.io.NullRowsInputFormat:file:/home/alex/Repositories/hive/ql/target/tmp/localscratchdir/debea981-687e-4dc9-abe9-86409bda9140/hive_2024-04-23_20-49-49_037_6926588412119014498-1/dummy_path/null:0+1
2024-04-23T20:49:49,588  INFO [LocalJobRunner Map Task Executor #0] exec.SerializationUtilities: Deserializing MapWork using kryo
2024-04-23T20:49:49,589  INFO [LocalJobRunner Map Task Executor #0] exec.Utilities: Deserialized plan (via FILE) - name: null size: 5,72KB
2024-04-23T20:49:49,589  INFO [LocalJobRunner Map Task Executor #0] mapred.MapTask: numReduceTasks: 0
2024-04-23T20:49:49,591  INFO [LocalJobRunner Map Task Executor #0] exec.MapOperator: Initializing Operator: MAP[0]
2024-04-23T20:49:49,591  INFO [LocalJobRunner Map Task Executor #0] mr.ExecMapper: 
<MAP>Id =0
  <Children>null
  <\Children>
  <Parent><\Parent>
<\MAP>
2024-04-23T20:49:49,592  INFO [LocalJobRunner Map Task Executor #0] exec.TableScanOperator: Initializing Operator: TS[0]
2024-04-23T20:49:49,592  INFO [LocalJobRunner Map Task Executor #0] exec.SelectOperator: Initializing Operator: SEL[1]
2024-04-23T20:49:49,592  INFO [LocalJobRunner Map Task Executor #0] exec.SelectOperator: SELECT null
2024-04-23T20:49:49,592  INFO [LocalJobRunner Map Task Executor #0] exec.UDTFOperator: Initializing Operator: UDTF[2]
2024-04-23T20:49:49,592  INFO [LocalJobRunner Map Task Executor #0] exec.SelectOperator: Initializing Operator: SEL[3]
2024-04-23T20:49:49,592  INFO [LocalJobRunner Map Task Executor #0] exec.SelectOperator: SELECT struct<col1:int,col2:int>
2024-04-23T20:49:49,592  INFO [LocalJobRunner Map Task Executor #0] exec.FileSinkOperator: Initializing Operator: FS[4]
2024-04-23T20:49:49,593  INFO [LocalJobRunner Map Task Executor #0] exec.FileSinkOperator: Using serializer : AbstractSerDe [log=org.apache.logging.slf4j.Log4jLogger@27129f36, configuration=Optional[Configuration: core-default.xml, core-site.xml, mapred-default.xml, mapred-site.xml, yarn-default.xml, yarn-site.xml, hdfs-default.xml, hdfs-site.xml, file:/home/alex/Repositories/hive/ql/target/tmp/TestTxnExIm/mapred/local/localRunner/alex/job_local1078339499_0043/job_local1078339499_0043.xml], properties={transactional_properties=default, name=default.tstage, transactional=true, columns.types=int:int, columns=a,b, numFilesErasureCoded=0, columns.comments=&amp#0;, bucketing_version=2, serialization.lib=org.apache.hadoop.hive.ql.io.orc.OrcSerde, file.inputformat=org.apache.hadoop.hive.ql.io.orc.OrcInputFormat, file.outputformat=org.apache.hadoop.hive.ql.io.orc.OrcOutputFormat, location=file:/home/alex/Repositories/hive/ql/target/tmp/org.apache.hadoop.hive.ql.TestTxnExIm-1713930480318/warehouse/tstage, column.name.delimiter=,}, tableProperties={transactional_properties=default, name=default.tstage, transactional=true, columns.types=int:int, columns=a,b, numFilesErasureCoded=0, columns.comments=&amp#0;, bucketing_version=2, serialization.lib=org.apache.hadoop.hive.ql.io.orc.OrcSerde, file.inputformat=org.apache.hadoop.hive.ql.io.orc.OrcInputFormat, location=file:/home/alex/Repositories/hive/ql/target/tmp/org.apache.hadoop.hive.ql.TestTxnExIm-1713930480318/warehouse/tstage, file.outputformat=org.apache.hadoop.hive.ql.io.orc.OrcOutputFormat, column.name.delimiter=,}, partitionProperties=Optional.empty, columnNames=[a, b], columnTypes=[int, int], getClass()=class org.apache.hadoop.hive.ql.io.orc.OrcSerde] and formatter : org.apache.hadoop.hive.ql.io.orc.OrcOutputFormat@178bd668
2024-04-23T20:49:49,593  INFO [LocalJobRunner Map Task Executor #0] exec.FileSinkOperator: Final Path: FS file:/home/alex/Repositories/hive/ql/target/tmp/org.apache.hadoop.hive.ql.TestTxnExIm-1713930480318/warehouse/tstage
2024-04-23T20:49:49,593  INFO [LocalJobRunner Map Task Executor #0] exec.FileSinkOperator: New Final Path: FS file:/home/alex/Repositories/hive/ql/target/tmp/org.apache.hadoop.hive.ql.TestTxnExIm-1713930480318/warehouse/tstage
2024-04-23T20:49:49,593  INFO [LocalJobRunner Map Task Executor #0] common.FileUtils: Creating directory if it doesn't exist: file:/home/alex/Repositories/hive/ql/target/tmp/org.apache.hadoop.hive.ql.TestTxnExIm-1713930480318/warehouse
2024-04-23T20:49:49,595  INFO [LocalJobRunner Map Task Executor #0] exec.FileSinkOperator: FS[4]: records written - 1
2024-04-23T20:49:49,595  INFO [LocalJobRunner Map Task Executor #0] impl.PhysicalFsWriter: ORC writer created for path: file:/home/alex/Repositories/hive/ql/target/tmp/org.apache.hadoop.hive.ql.TestTxnExIm-1713930480318/warehouse/tstage/delta_0000001_0000001_0000/bucket_00000_0 with stripeSize: 8388608 blockSize: 268435456 compression: Compress: ZLIB buffer: 32768
2024-04-23T20:49:49,602  INFO [LocalJobRunner Map Task Executor #0] impl.WriterImpl: ORC writer created for path: file:/home/alex/Repositories/hive/ql/target/tmp/org.apache.hadoop.hive.ql.TestTxnExIm-1713930480318/warehouse/tstage/delta_0000001_0000001_0000/bucket_00000_0 with stripeSize: 8388608 options: Compress: ZLIB buffer: 32768
2024-04-23T20:49:49,606  INFO [LocalJobRunner Map Task Executor #0] exec.MapOperator: MAP[0]: records read - 1
2024-04-23T20:49:49,606  INFO [LocalJobRunner Map Task Executor #0] exec.MapOperator: Closing Operator: MAP[0]
2024-04-23T20:49:49,606  INFO [LocalJobRunner Map Task Executor #0] exec.MapOperator: MAP[0]: Total records read - 3. abort - false
2024-04-23T20:49:49,606  INFO [LocalJobRunner Map Task Executor #0] exec.MapOperator: RECORDS_OUT_OPERATOR_MAP_0:0, RECORDS_IN:3, RECORDS_OUT_INTERMEDIATE:0, DESERIALIZE_ERRORS:0, 
2024-04-23T20:49:49,606  INFO [LocalJobRunner Map Task Executor #0] exec.TableScanOperator: Closing Operator: TS[0]
2024-04-23T20:49:49,606  INFO [LocalJobRunner Map Task Executor #0] exec.TableScanOperator: RECORDS_OUT_OPERATOR_TS_0:1, RECORDS_OUT_INTERMEDIATE:0, 
2024-04-23T20:49:49,607  INFO [LocalJobRunner Map Task Executor #0] exec.SelectOperator: Closing Operator: SEL[1]
2024-04-23T20:49:49,607  INFO [LocalJobRunner Map Task Executor #0] exec.SelectOperator: RECORDS_OUT_INTERMEDIATE:0, RECORDS_OUT_OPERATOR_SEL_1:1, 
2024-04-23T20:49:49,607  INFO [LocalJobRunner Map Task Executor #0] exec.UDTFOperator: Closing Operator: UDTF[2]
2024-04-23T20:49:49,607  INFO [LocalJobRunner Map Task Executor #0] exec.UDTFOperator: RECORDS_OUT_OPERATOR_UDTF_2:3, RECORDS_OUT_INTERMEDIATE:0, 
2024-04-23T20:49:49,607  INFO [LocalJobRunner Map Task Executor #0] exec.SelectOperator: Closing Operator: SEL[3]
2024-04-23T20:49:49,607  INFO [LocalJobRunner Map Task Executor #0] exec.SelectOperator: RECORDS_OUT_OPERATOR_SEL_3:3, RECORDS_OUT_INTERMEDIATE:0, 
2024-04-23T20:49:49,607  INFO [LocalJobRunner Map Task Executor #0] exec.FileSinkOperator: Closing Operator: FS[4]
2024-04-23T20:49:49,607  INFO [LocalJobRunner Map Task Executor #0] exec.FileSinkOperator: FS[4]: records written - 3
2024-04-23T20:49:49,609  INFO [LocalJobRunner Map Task Executor #0] FileOperations: Writing manifest to file:/home/alex/Repositories/hive/ql/target/tmp/org.apache.hadoop.hive.ql.TestTxnExIm-1713930480318/warehouse/tstage/_tmp.delta_0000001_0000001_0000/000000_0.manifest with [file:/home/alex/Repositories/hive/ql/target/tmp/org.apache.hadoop.hive.ql.TestTxnExIm-1713930480318/warehouse/tstage/delta_0000001_0000001_0000/bucket_00000_0]
2024-04-23T20:49:49,620  INFO [LocalJobRunner Map Task Executor #0] exec.FileSinkOperator: RECORDS_OUT_OPERATOR_FS_4:3, RECORDS_OUT_1_default.tstage:3, TOTAL_TABLE_ROWS_WRITTEN:3, RECORDS_OUT_INTERMEDIATE:0, 
2024-04-23T20:49:49,621  INFO [LocalJobRunner Map Task Executor #0] mapred.LocalJobRunner: 
2024-04-23T20:49:49,623  INFO [LocalJobRunner Map Task Executor #0] mapred.Task: Task:attempt_local1078339499_0043_m_000000_0 is done. And is in the process of committing
2024-04-23T20:49:49,624  INFO [LocalJobRunner Map Task Executor #0] mapred.LocalJobRunner: map
2024-04-23T20:49:49,624  INFO [LocalJobRunner Map Task Executor #0] mapred.Task: Task 'attempt_local1078339499_0043_m_000000_0' done.
2024-04-23T20:49:49,624  INFO [LocalJobRunner Map Task Executor #0] mapred.Task: Final Counters for attempt_local1078339499_0043_m_000000_0: Counters: 27
	File System Counters
		FILE: Number of bytes read=776606
		FILE: Number of bytes written=50247853
		FILE: Number of read operations=0
		FILE: Number of large read operations=0
		FILE: Number of write operations=0
	Map-Reduce Framework
		Map input records=4
		Map output records=0
		Input split bytes=361
		Spilled Records=0
		Failed Shuffles=0
		Merged Map outputs=0
		GC time elapsed (ms)=0
		Total committed heap usage (bytes)=1197473792
	HIVE
		CREATED_FILES=1
		DESERIALIZE_ERRORS=0
		RECORDS_IN=3
		RECORDS_OUT_1_default.tstage=3
		RECORDS_OUT_INTERMEDIATE=0
		RECORDS_OUT_OPERATOR_FS_4=3
		RECORDS_OUT_OPERATOR_MAP_0=0
		RECORDS_OUT_OPERATOR_SEL_1=1
		RECORDS_OUT_OPERATOR_SEL_3=3
		RECORDS_OUT_OPERATOR_TS_0=1
		RECORDS_OUT_OPERATOR_UDTF_2=3
		TOTAL_TABLE_ROWS_WRITTEN=3
	File Input Format Counters 
		Bytes Read=5776
	File Output Format Counters 
		Bytes Written=0
2024-04-23T20:49:49,624  INFO [LocalJobRunner Map Task Executor #0] mapred.LocalJobRunner: Finishing task: attempt_local1078339499_0043_m_000000_0
2024-04-23T20:49:49,624  INFO [Thread-3177] mapred.LocalJobRunner: map task executor complete.
2024-04-23 20:49:50,582 Stage-1 map = 100%,  reduce = 0%
2024-04-23T20:49:50,582  INFO [main] exec.Task: 2024-04-23 20:49:50,582 Stage-1 map = 100%,  reduce = 0%
Ended Job = job_local1078339499_0043
2024-04-23T20:49:50,583  INFO [main] exec.Task: Ended Job = job_local1078339499_0043
2024-04-23T20:49:50,585  INFO [main] FileOperations: Found manifest file file:/home/alex/Repositories/hive/ql/target/tmp/org.apache.hadoop.hive.ql.TestTxnExIm-1713930480318/warehouse/tstage/_tmp.delta_0000001_0000001_0000/000000_0.manifest with attemptId 0.
2024-04-23T20:49:50,585  INFO [main] FileOperations: Looking at manifest file: file:/home/alex/Repositories/hive/ql/target/tmp/org.apache.hadoop.hive.ql.TestTxnExIm-1713930480318/warehouse/tstage/_tmp.delta_0000001_0000001_0000/000000_0.manifest
2024-04-23T20:49:50,586  INFO [main] FileOperations: Deleting manifest directory file:/home/alex/Repositories/hive/ql/target/tmp/org.apache.hadoop.hive.ql.TestTxnExIm-1713930480318/warehouse/tstage/_tmp.delta_0000001_0000001_0000
2024-04-23T20:49:50,587  INFO [main] ql.Driver: Starting task [Stage-0:MOVE] in serial mode
Loading data to table default.tstage
2024-04-23T20:49:50,587  INFO [main] exec.Task: Loading data to table default.tstage from file:/home/alex/Repositories/hive/ql/target/tmp/org.apache.hadoop.hive.ql.TestTxnExIm-1713930480318/warehouse/tstage
2024-04-23T20:49:50,587  INFO [main] HiveMetaStore.audit: ugi=alex	ip=unknown-ip-addr	cmd=get_table : tbl=hive.default.tstage	
2024-04-23T20:49:50,594  INFO [main] metastore.HMSHandler: Skipping translation for processor with null
2024-04-23T20:49:50,595  INFO [main] HiveMetaStore.audit: ugi=alex	ip=unknown-ip-addr	cmd=get_table : tbl=hive.default.tstage	
2024-04-23T20:49:50,602  INFO [main] metastore.HMSHandler: Skipping translation for processor with null
2024-04-23T20:49:50,602  INFO [main] HiveMetaStore.audit: ugi=alex	ip=unknown-ip-addr	cmd=alter_table: hive.default.tstage newtbl=tstage	
2024-04-23T20:49:50,634  INFO [main] ql.Driver: Starting task [Stage-2:STATS] in serial mode
2024-04-23T20:49:50,635  INFO [main] HiveMetaStore.audit: ugi=alex	ip=unknown-ip-addr	cmd=get_table : tbl=hive.default.tstage	
2024-04-23T20:49:50,643  INFO [main] metastore.HMSHandler: Skipping translation for processor with null
2024-04-23T20:49:50,643  INFO [main] stats.BasicStatsTask: Executing stats task
2024-04-23T20:49:50,643  INFO [main] fs.FSStatsPublisher: created : file:/home/alex/Repositories/hive/ql/target/tmp/localscratchdir/debea981-687e-4dc9-abe9-86409bda9140/hive_2024-04-23_20-49-49_037_6926588412119014498-1/-mr-10000
2024-04-23T20:49:50,644  INFO [main] HiveMetaStore.audit: ugi=alex	ip=unknown-ip-addr	cmd=get_table : tbl=hive.default.tstage	
2024-04-23T20:49:50,651  INFO [main] metastore.HMSHandler: Skipping translation for processor with null
2024-04-23T20:49:50,659  WARN [main] FileOperations: Computing stats for an ACID table; stats may be inaccurate
2024-04-23T20:49:50,659  INFO [main] FileOperations: Read stats for default.tstage/, numRows, true, 3, false: 
2024-04-23T20:49:50,659  INFO [main] FileOperations: Read stats for default.tstage/, rawDataSize, true, 0, false: 
2024-04-23T20:49:50,660  INFO [main] HiveMetaStore.audit: ugi=alex	ip=unknown-ip-addr	cmd=alter_table: hive.default.tstage newtbl=tstage	
2024-04-23T20:49:50,680  INFO [main] FileOperations: Read stats for default.tstage/, insertCount, true, 3, false: 
2024-04-23T20:49:50,680  INFO [main] FileOperations: Read stats for default.tstage/, updateCount, true, 0, false: 
2024-04-23T20:49:50,680  INFO [main] FileOperations: Read stats for default.tstage/, deleteCount, true, 0, false: 
2024-04-23T20:49:50,683  INFO [main] stats.BasicStatsTask: Table default.tstage stats: [numFiles=1, numRows=3, totalSize=686, rawDataSize=0, numFilesErasureCoded=0]
2024-04-23T20:49:50,683  INFO [main] metadata.Hive: Dumping metastore api call timing information for : execution phase
2024-04-23T20:49:50,684  INFO [main] metadata.Hive: Total time spent in each metastore function (ms): {isCompatibleWith_(Configuration)=0, alter_table_(String, String, String, Table, EnvironmentContext, String)=52, updateTransactionalStatistics_(UpdateTransactionalStatsRequest)=3, getTable_(GetTableRequest)=30}
MapReduce Jobs Launched: 
2024-04-23T20:49:50,684  INFO [main] ql.Driver: MapReduce Jobs Launched: 
Stage-Stage-1:  HDFS Read: 0 HDFS Write: 0 SUCCESS
2024-04-23T20:49:50,684  INFO [main] ql.Driver: Stage-Stage-1:  HDFS Read: 0 HDFS Write: 0 SUCCESS
Total MapReduce CPU Time Spent: 0 msec
2024-04-23T20:49:50,684  INFO [main] ql.Driver: Total MapReduce CPU Time Spent: 0 msec
2024-04-23T20:49:50,684  INFO [main] ql.Driver: Completed executing command(queryId=alex_20240423204949_70e4a687-e05f-4fad-9b34-f3d8aadef882); Time taken: 1.405 seconds
2024-04-23T20:49:50,684  INFO [main] lockmgr.DbTxnManager: Stopped heartbeat for query: alex_20240423204949_70e4a687-e05f-4fad-9b34-f3d8aadef882
2024-04-23T20:49:50,695  INFO [main] txn.TxnHandler: Removed transactions: ([17]) from MIN_HISTORY_LEVEL
2024-04-23T20:49:50,695  WARN [main] txn.CompactionTxnHandler: No compaction queue record found for Compaction type transaction commit. txnId:17
2024-04-23T20:49:50,696  INFO [main] ql.TxnCommandsBaseForTests: Running the query: export table Tstage to '/home/alex/Repositories/hive/ql/target/tmp/org.apache.hadoop.hive.ql.TestTxnExIm-1713930480318/warehouse/1'
2024-04-23T20:49:50,696  INFO [main] ql.Context: Deleting scratch dir: file:/home/alex/Repositories/hive/ql/target/tmp/localscratchdir/debea981-687e-4dc9-abe9-86409bda9140/hive_2024-04-23_20-49-49_037_6926588412119014498-1
2024-04-23T20:49:50,697  INFO [main] cleanup.SyncCleanupService: Deleted directory: file:/home/alex/Repositories/hive/ql/target/tmp/localscratchdir/debea981-687e-4dc9-abe9-86409bda9140/hive_2024-04-23_20-49-49_037_6926588412119014498-1 on fs with scheme file
2024-04-23T20:49:50,697  INFO [main] ql.Driver: Compiling command(queryId=alex_20240423204950_adf445da-5fb7-4dda-b1a5-9467cc9a3dcb): export table Tstage to '/home/alex/Repositories/hive/ql/target/tmp/org.apache.hadoop.hive.ql.TestTxnExIm-1713930480318/warehouse/1'
2024-04-23T20:49:50,698  INFO [main] HiveMetaStore.audit: ugi=alex	ip=unknown-ip-addr	cmd=get_table : tbl=hive.default.Tstage	
2024-04-23T20:49:50,704  INFO [main] metastore.HMSHandler: Skipping translation for processor with null
2024-04-23T20:49:50,706  INFO [main] txn.TxnHandler: Added entries to MIN_HISTORY_LEVEL for current txns: ([18]) with min_open_txn: 18
2024-04-23T20:49:50,707  INFO [main] lockmgr.DbTxnManager: Opened txnid:18
2024-04-23T20:49:50,707  INFO [main] parse.AcidExportSemanticAnalyzer: Starting caching scope for: 
2024-04-23T20:49:50,707  INFO [main] HiveMetaStore.audit: ugi=alex	ip=unknown-ip-addr	cmd=get_table : tbl=hive.default.Tstage	
2024-04-23T20:49:50,715  INFO [main] metastore.HMSHandler: Skipping translation for processor with null
2024-04-23T20:49:50,716  INFO [main] HiveMetaStore.audit: ugi=alex	ip=unknown-ip-addr	cmd=get_database: default	
2024-04-23T20:49:50,717  INFO [main] HiveMetaStore.audit: ugi=alex	ip=unknown-ip-addr	cmd=get_table : tbl=hive.default.tstage	
2024-04-23T20:49:50,724  INFO [main] metastore.HMSHandler: Skipping translation for processor with null
2024-04-23T20:49:50,724  INFO [main] utils.FileUtils: Creating directory if it doesn't exist: file:/home/alex/Repositories/hive/ql/target/tmp/scratchdir/alex/debea981-687e-4dc9-abe9-86409bda9140/_tmp_space.db/02dad8db-a101-4796-8c15-1e001be8a9bd
2024-04-23T20:49:50,727  INFO [main] HiveMetaStore.audit: ugi=alex	ip=unknown-ip-addr	cmd=get_table : tbl=hive.default.Tstage	
2024-04-23T20:49:50,734  INFO [main] metastore.HMSHandler: Skipping translation for processor with null
2024-04-23T20:49:50,734  INFO [main] parse.RewriteSemanticAnalyzer: Going to reparse <export table Tstage to '/home/alex/Repositories/hive/ql/target/tmp/org.apache.hadoop.hive.ql.TestTxnExIm-1713930480318/warehouse/1'> as 
<insert into default.tstage_895139e1_19c3_460b_a673_e6d527945df5 select * from `default`.`Tstage`>
2024-04-23T20:49:50,735  INFO [main] parse.AcidExportSemanticAnalyzer: Starting Semantic Analysis
2024-04-23T20:49:50,737  INFO [main] parse.AcidExportSemanticAnalyzer: Completed phase 1 of Semantic Analysis
2024-04-23T20:49:50,737  INFO [main] parse.AcidExportSemanticAnalyzer: Get metadata for source tables
2024-04-23T20:49:50,738  INFO [main] HiveMetaStore.audit: ugi=alex	ip=unknown-ip-addr	cmd=get_table : tbl=hive.default.tstage	
2024-04-23T20:49:50,745  INFO [main] metastore.HMSHandler: Skipping translation for processor with null
2024-04-23T20:49:50,746  INFO [main] parse.AcidExportSemanticAnalyzer: Get metadata for subqueries
2024-04-23T20:49:50,746  INFO [main] parse.AcidExportSemanticAnalyzer: Get metadata for destination tables
2024-04-23T20:49:50,746  INFO [main] parse.AcidExportSemanticAnalyzer: Completed getting MetaData in Semantic Analysis
2024-04-23T20:49:50,746  INFO [main] parse.AcidExportSemanticAnalyzer: Disabling LLAP IO encode as ETL query is detected
2024-04-23T20:49:50,760  INFO [main] HiveMetaStore.audit: ugi=alex	ip=unknown-ip-addr	cmd=get_all_table_constraints : tbl=hive.default.tstage	
2024-04-23T20:49:50,768  INFO [main] calcite.RelOptHiveTable: Calculating column statistics for default.tstage, projIndxSet: [0, 1], allowMissingStats: true
2024-04-23T20:49:50,769  INFO [main] HiveMetaStore.audit: ugi=alex	ip=unknown-ip-addr	cmd=get_table : tbl=hive.default.tstage	
2024-04-23T20:49:50,778  INFO [main] metastore.HMSHandler: Skipping translation for processor with null
2024-04-23T20:49:50,778  INFO [main] HiveMetaStore.audit: ugi=alex	ip=unknown-ip-addr	cmd=get_table : tbl=hive.default.tstage	
2024-04-23T20:49:50,787  INFO [main] metastore.HMSHandler: Skipping translation for processor with null
2024-04-23T20:49:50,787  INFO [main] HiveMetaStore.audit: ugi=alex	ip=unknown-ip-addr	cmd=get_table_statistics_req: table=hive.default.tstage	
2024-04-23T20:49:50,797  WARN [main] calcite.RelOptHiveTable: No Stats for default@tstage, Columns: b, a
No Stats for default@tstage, Columns: b, a
2024-04-23T20:49:50,797  INFO [main] SessionState: No Stats for default@tstage, Columns: b, a
2024-04-23T20:49:50,841  INFO [main] parse.AcidExportSemanticAnalyzer: Get metadata for source tables
2024-04-23T20:49:50,842  INFO [main] parse.AcidExportSemanticAnalyzer: Get metadata for subqueries
2024-04-23T20:49:50,842  INFO [main] parse.AcidExportSemanticAnalyzer: Get metadata for destination tables
2024-04-23T20:49:50,843  INFO [main] common.FileUtils: Creating directory if it doesn't exist: file:/home/alex/Repositories/hive/ql/target/tmp/scratchdir/alex/debea981-687e-4dc9-abe9-86409bda9140/_tmp_space.db/02dad8db-a101-4796-8c15-1e001be8a9bd/.hive-staging_hive_2024-04-23_20-49-50_734_6709741487287442817-1
2024-04-23T20:49:50,845  INFO [main] HiveMetaStore.audit: ugi=alex	ip=unknown-ip-addr	cmd=get_not_null_constraints : tbl=hive.default.tstage_895139e1_19c3_460b_a673_e6d527945df5	
2024-04-23T20:49:50,847  INFO [main] HiveMetaStore.audit: ugi=alex	ip=unknown-ip-addr	cmd=get_check_constraints : tbl=hive.default.tstage_895139e1_19c3_460b_a673_e6d527945df5	
2024-04-23T20:49:50,850  INFO [main] parse.AcidExportSemanticAnalyzer: CBO Succeeded; optimized logical plan.
2024-04-23T20:49:50,852  INFO [main] optimizer.BucketVersionPopulator: not considering bucketingVersion for: TS[0] because it has -1<2 buckets 
2024-04-23T20:49:50,853  INFO [main] optimizer.SortedDynPartitionOptimizer: Sorted dynamic partitioning optimization kicked in..
2024-04-23T20:49:50,861  INFO [main] optimizer.GenMRFileSink1: using CombineHiveInputformat for the merge job
2024-04-23T20:49:50,863  INFO [main] physical.Vectorizer: Examining input format to see if vectorization is enabled.
2024-04-23T20:49:50,863  INFO [main] physical.Vectorizer: Vectorization is enabled for input format(s) [org.apache.hadoop.hive.ql.io.orc.OrcInputFormat]
2024-04-23T20:49:50,863  INFO [main] physical.Vectorizer: Validating and vectorizing MapWork... (vectorizedVertexNum 0)
2024-04-23T20:49:50,864  INFO [main] physical.Vectorizer: Map vectorization enabled: true
2024-04-23T20:49:50,864  INFO [main] physical.Vectorizer: Map vectorized: true
2024-04-23T20:49:50,864  INFO [main] physical.Vectorizer: Map vectorizedVertexNum: 0
2024-04-23T20:49:50,864  INFO [main] physical.Vectorizer: Map enabledConditionsMet: [hive.vectorized.use.vectorized.input.format IS true]
2024-04-23T20:49:50,864  INFO [main] physical.Vectorizer: Map inputFileFormatClassNameSet: [org.apache.hadoop.hive.ql.io.orc.OrcInputFormat]
2024-04-23T20:49:50,865  INFO [main] parse.AcidExportSemanticAnalyzer: Completed plan generation
2024-04-23T20:49:50,868  INFO [main] HiveMetaStore.audit: ugi=alex	ip=unknown-ip-addr	cmd=get_table : tbl=hive.default.Tstage	
2024-04-23T20:49:50,874  INFO [main] metastore.HMSHandler: Skipping translation for processor with null
2024-04-23T20:49:50,875  INFO [main] parse.EximUtil: Path before norm :/home/alex/Repositories/hive/ql/target/tmp/org.apache.hadoop.hive.ql.TestTxnExIm-1713930480318/warehouse/1
2024-04-23T20:49:50,875  INFO [main] parse.EximUtil: Scheme:file, authority:null, path:/home/alex/Repositories/hive/ql/target/tmp/org.apache.hadoop.hive.ql.TestTxnExIm-1713930480318/warehouse/1
2024-04-23T20:49:50,875  INFO [main] parse.EximUtil: Path before norm :/home/alex/Repositories/hive/ql/target/tmp/org.apache.hadoop.hive.ql.TestTxnExIm-1713930480318/warehouse/1
2024-04-23T20:49:50,875  INFO [main] parse.EximUtil: Scheme:file, authority:null, path:/home/alex/Repositories/hive/ql/target/tmp/org.apache.hadoop.hive.ql.TestTxnExIm-1713930480318/warehouse/1
2024-04-23T20:49:50,875  INFO [main] parse.AcidExportSemanticAnalyzer: Ending caching scope for: 
2024-04-23T20:49:50,875  INFO [main] ql.Driver: Semantic Analysis Completed (retrial = false)
2024-04-23T20:49:50,876  INFO [main] ql.Driver: Created Hive schema: Schema(fieldSchemas:[FieldSchema(name:tstage.a, type:int, comment:null), FieldSchema(name:tstage.b, type:int, comment:null)], properties:null)
2024-04-23T20:49:50,876  INFO [main] metadata.Hive: Dumping metastore api call timing information for : compilation phase
2024-04-23T20:49:50,876  INFO [main] metadata.Hive: Total time spent in each metastore function (ms): {openTxn_(String, TxnType)=2, commitTxn_(CommitTxnRequest)=12, getDatabase_(String)=2, getAllTableConstraints_(AllTableConstraintsRequest)=5, getTable_(GetTableRequest)=43, createTable_(Table)=3, getCheckConstraints_(CheckConstraintsRequest)=1, getValidWriteIds_(List, String)=3, getTableColumnStatistics_(String, String, List, String)=29, isCompatibleWith_(Configuration)=1, getNotNullConstraints_(NotNullConstraintsRequest)=1, getValidTxns_(long)=0, flushCache_()=0, getCurrentNotificationEventId_()=3}
2024-04-23T20:49:50,876  INFO [main] ql.Driver: Completed compiling command(queryId=alex_20240423204950_adf445da-5fb7-4dda-b1a5-9467cc9a3dcb); Time taken: 0.179 seconds
2024-04-23T20:49:50,876  INFO [main] lockmgr.DbTxnManager: Setting lock request transaction to txnid:18 for queryId=alex_20240423204950_adf445da-5fb7-4dda-b1a5-9467cc9a3dcb
2024-04-23T20:49:50,877  INFO [main] lockmgr.DbLockManager: Requesting lock for queryId=alex_20240423204950_adf445da-5fb7-4dda-b1a5-9467cc9a3dcb
2024-04-23T20:49:50,891  INFO [main] lockmgr.DbLockManager: Response to queryId=alex_20240423204950_adf445da-5fb7-4dda-b1a5-9467cc9a3dcb LockResponse(lockid:12, state:ACQUIRED)
2024-04-23T20:49:50,891  INFO [main] ql.Driver: Operation QUERY obtained 1 locks
2024-04-23T20:49:50,892  INFO [main] ql.Driver: Executing command(queryId=alex_20240423204950_adf445da-5fb7-4dda-b1a5-9467cc9a3dcb): export table Tstage to '/home/alex/Repositories/hive/ql/target/tmp/org.apache.hadoop.hive.ql.TestTxnExIm-1713930480318/warehouse/1'
2024-04-23T20:49:50,893  WARN [main] ql.Driver: Hive-on-MR is deprecated in Hive 2 and may not be available in the future versions. Consider using a different execution engine (i.e. tez, spark) or using Hive 1.X releases.
Query ID = alex_20240423204950_adf445da-5fb7-4dda-b1a5-9467cc9a3dcb
2024-04-23T20:49:50,893  INFO [main] ql.Driver: Query ID = alex_20240423204950_adf445da-5fb7-4dda-b1a5-9467cc9a3dcb
Total jobs = 1
2024-04-23T20:49:50,893  INFO [main] ql.Driver: Total jobs = 1
Launching Job 1 out of 1
2024-04-23T20:49:50,893  INFO [main] ql.Driver: Launching Job 1 out of 1
2024-04-23T20:49:51,047  INFO [main] ql.Driver: Starting task [Stage-2:MAPRED] in serial mode
Number of reduce tasks is set to 0 since there's no reduce operator
2024-04-23T20:49:51,047  INFO [main] exec.Task: Number of reduce tasks is set to 0 since there's no reduce operator
2024-04-23T20:49:51,051  INFO [main] mr.ExecDriver: Using org.apache.hadoop.hive.ql.io.HiveInputFormat
2024-04-23T20:49:51,052  INFO [main] exec.Utilities: Processing alias tstage
2024-04-23T20:49:51,052  INFO [main] exec.Utilities: Adding 1 inputs; the first input is file:/home/alex/Repositories/hive/ql/target/tmp/org.apache.hadoop.hive.ql.TestTxnExIm-1713930480318/warehouse/tstage
2024-04-23T20:49:51,062  INFO [main] exec.SerializationUtilities: Serializing MapWork using kryo
2024-04-23T20:49:51,063  INFO [main] exec.Utilities: Serialized plan (via FILE) - name: null size: 6,56KB
2024-04-23T20:49:51,064  WARN [main] impl.MetricsSystemImpl: JobTracker metrics system already initialized!
2024-04-23T20:49:51,068  INFO [main] fs.FSStatsPublisher: created : file:/home/alex/Repositories/hive/ql/target/tmp/localscratchdir/debea981-687e-4dc9-abe9-86409bda9140/hive_2024-04-23_20-49-50_734_6709741487287442817-1/-mr-10001
2024-04-23T20:49:51,074  WARN [main] impl.MetricsSystemImpl: JobTracker metrics system already initialized!
2024-04-23T20:49:51,082  WARN [main] mapreduce.JobResourceUploader: Hadoop command-line option parsing not performed. Implement the Tool interface and execute your application with ToolRunner to remedy this.
2024-04-23T20:49:51,087  WARN [main] mapreduce.JobResourceUploader: No job jar file set.  User classes may not be found. See Job or Job#setJar(String).
2024-04-23T20:49:51,088  INFO [main] io.HiveInputFormat: hive.io.file.readcolumn.ids = 0,1
2024-04-23T20:49:51,088  INFO [main] io.HiveInputFormat: hive.io.file.readcolumn.names = a,b
2024-04-23T20:49:51,088  INFO [main] io.HiveInputFormat: Generating splits for dirs: file:/home/alex/Repositories/hive/ql/target/tmp/org.apache.hadoop.hive.ql.TestTxnExIm-1713930480318/warehouse/tstage
2024-04-23T20:49:51,089  INFO [main] orc.OrcInputFormat: getSplits started
2024-04-23T20:49:51,089  INFO [main] orc.OrcInputFormat: Context:: isAcid: true isVectorMode: true sarg: null minSplitSize: 1 maxSplitSize: 256000000 splitStrategy: HYBRID footerInSplits: false numBuckets: 0 numThreads: 10 cacheMemSize: 268435456 cacheStripeDetails: true useSoftReference: false writeIdList: default.tstage:1:9223372036854775807:: isTransactionalTable: true txnProperties: default 
2024-04-23T20:49:51,089  INFO [main] orc.OrcInputFormat: ORC pushdown predicate: null
2024-04-23T20:49:51,099  INFO [main] orc.OrcInputFormat: FooterCacheHitRatio: 0/1
2024-04-23T20:49:51,099  INFO [main] orc.OrcInputFormat: getSplits finished (#splits: 1). duration: 10 ms
2024-04-23T20:49:51,099  INFO [main] io.HiveInputFormat: number of splits 1
2024-04-23T20:49:51,120  INFO [main] mapreduce.JobSubmitter: number of splits:1
2024-04-23T20:49:51,139  INFO [main] mapreduce.JobSubmitter: Submitting tokens for job: job_local374518838_0044
2024-04-23T20:49:51,139  INFO [main] mapreduce.JobSubmitter: Executing with tokens: []
2024-04-23T20:49:51,204  INFO [main] mapreduce.Job: The url to track the job: http://localhost:8080/
Job running in-process (local Hadoop)
2024-04-23T20:49:51,204  INFO [main] exec.Task: Job running in-process (local Hadoop)
2024-04-23T20:49:51,205  INFO [Thread-3227] mapred.LocalJobRunner: OutputCommitter set in config org.apache.hadoop.hive.ql.io.HiveFileFormatUtils$NullOutputCommitter
2024-04-23T20:49:51,205  INFO [Thread-3227] mapred.LocalJobRunner: OutputCommitter is org.apache.hadoop.hive.ql.io.HiveFileFormatUtils$NullOutputCommitter
2024-04-23T20:49:51,207  INFO [Thread-3227] mapred.LocalJobRunner: Waiting for map tasks
2024-04-23T20:49:51,207  INFO [LocalJobRunner Map Task Executor #0] mapred.LocalJobRunner: Starting task: attempt_local374518838_0044_m_000000_0
2024-04-23T20:49:51,208  INFO [LocalJobRunner Map Task Executor #0] mapred.Task:  Using ResourceCalculatorProcessTree : [ ]
2024-04-23T20:49:51,208  INFO [LocalJobRunner Map Task Executor #0] mapred.MapTask: Processing split: org.apache.hadoop.hive.ql.io.orc.OrcInputFormat:OrcSplit [file:/home/alex/Repositories/hive/ql/target/tmp/org.apache.hadoop.hive.ql.TestTxnExIm-1713930480318/warehouse/tstage/delta_0000001_0000001_0000/bucket_00000_0, start=3, length=311, isOriginal=false, fileLength=686, hasFooter=false, hasBase=true, deltas=0]
2024-04-23T20:49:51,209  INFO [LocalJobRunner Map Task Executor #0] exec.SerializationUtilities: Deserializing MapWork using kryo
2024-04-23T20:49:51,209  INFO [LocalJobRunner Map Task Executor #0] exec.Utilities: Deserialized plan (via FILE) - name: null size: 6,56KB
2024-04-23T20:49:51,210  INFO [LocalJobRunner Map Task Executor #0] orc.VectorizedOrcAcidRowBatchReader: Read ValidWriteIdList: default.tstage:1:9223372036854775807:::OrcSplit [file:/home/alex/Repositories/hive/ql/target/tmp/org.apache.hadoop.hive.ql.TestTxnExIm-1713930480318/warehouse/tstage/delta_0000001_0000001_0000/bucket_00000_0, start=3, length=311, isOriginal=false, fileLength=686, hasFooter=false, hasBase=true, deltas=0]
2024-04-23T20:49:51,210  INFO [LocalJobRunner Map Task Executor #0] orc.ReaderImpl: Reading ORC rows from file:/home/alex/Repositories/hive/ql/target/tmp/org.apache.hadoop.hive.ql.TestTxnExIm-1713930480318/warehouse/tstage/delta_0000001_0000001_0000/bucket_00000_0 with {include: [true, true, true], offset: 3, length: 311, schema: struct<a:int,b:int>, includeAcidColumns: false}
2024-04-23T20:49:51,211  INFO [LocalJobRunner Map Task Executor #0] mapred.MapTask: numReduceTasks: 0
2024-04-23T20:49:51,212  INFO [LocalJobRunner Map Task Executor #0] vector.VectorMapOperator: Initializing Operator: MAP[0]
2024-04-23T20:49:51,212  INFO [LocalJobRunner Map Task Executor #0] mr.ExecMapper: 
<MAP>Id =0
  <Children>null
  <\Children>
  <Parent><\Parent>
<\MAP>
2024-04-23T20:49:51,212  INFO [LocalJobRunner Map Task Executor #0] exec.TableScanOperator: Initializing Operator: TS[0]
2024-04-23T20:49:51,213  INFO [LocalJobRunner Map Task Executor #0] vector.VectorSelectOperator: Initializing Operator: SEL[4]
2024-04-23T20:49:51,213  INFO [LocalJobRunner Map Task Executor #0] vector.VectorFileSinkOperator: Initializing Operator: FS[5]
2024-04-23T20:49:51,214  INFO [LocalJobRunner Map Task Executor #0] exec.FileSinkOperator: Using serializer : AbstractSerDe [log=org.apache.logging.slf4j.Log4jLogger@27129f36, configuration=Optional[Configuration: core-default.xml, core-site.xml, mapred-default.xml, mapred-site.xml, yarn-default.xml, yarn-site.xml, hdfs-default.xml, hdfs-site.xml, file:/home/alex/Repositories/hive/ql/target/tmp/TestTxnExIm/mapred/local/localRunner/alex/job_local374518838_0044/job_local374518838_0044.xml], properties={name=default.tstage_895139e1_19c3_460b_a673_e6d527945df5, transactional=false, columns.types=int:int, numFilesErasureCoded=0, columns=a,b, columns.comments=&amp#0;, serialization.lib=org.apache.hadoop.hive.ql.io.orc.OrcSerde, file.inputformat=org.apache.hadoop.hive.ql.io.orc.OrcInputFormat, file.outputformat=org.apache.hadoop.hive.ql.io.orc.OrcOutputFormat, location=file:/home/alex/Repositories/hive/ql/target/tmp/scratchdir/alex/debea981-687e-4dc9-abe9-86409bda9140/_tmp_space.db/02dad8db-a101-4796-8c15-1e001be8a9bd, column.name.delimiter=,}, tableProperties={name=default.tstage_895139e1_19c3_460b_a673_e6d527945df5, transactional=false, columns.types=int:int, numFilesErasureCoded=0, columns=a,b, columns.comments=&amp#0;, serialization.lib=org.apache.hadoop.hive.ql.io.orc.OrcSerde, file.inputformat=org.apache.hadoop.hive.ql.io.orc.OrcInputFormat, location=file:/home/alex/Repositories/hive/ql/target/tmp/scratchdir/alex/debea981-687e-4dc9-abe9-86409bda9140/_tmp_space.db/02dad8db-a101-4796-8c15-1e001be8a9bd, file.outputformat=org.apache.hadoop.hive.ql.io.orc.OrcOutputFormat, column.name.delimiter=,}, partitionProperties=Optional.empty, columnNames=[a, b], columnTypes=[int, int], getClass()=class org.apache.hadoop.hive.ql.io.orc.OrcSerde] and formatter : org.apache.hadoop.hive.ql.io.orc.OrcOutputFormat@43818a92
2024-04-23T20:49:51,214  INFO [LocalJobRunner Map Task Executor #0] exec.FileSinkOperator: Final Path: FS file:/home/alex/Repositories/hive/ql/target/tmp/scratchdir/alex/debea981-687e-4dc9-abe9-86409bda9140/_tmp_space.db/02dad8db-a101-4796-8c15-1e001be8a9bd/.hive-staging_hive_2024-04-23_20-49-50_734_6709741487287442817-1/_tmp.-ext-10002/000000_0
2024-04-23T20:49:51,214  INFO [LocalJobRunner Map Task Executor #0] exec.FileSinkOperator: Writing to temp file: FS file:/home/alex/Repositories/hive/ql/target/tmp/scratchdir/alex/debea981-687e-4dc9-abe9-86409bda9140/_tmp_space.db/02dad8db-a101-4796-8c15-1e001be8a9bd/.hive-staging_hive_2024-04-23_20-49-50_734_6709741487287442817-1/_task_tmp.-ext-10002/_tmp.000000_0
2024-04-23T20:49:51,214  INFO [LocalJobRunner Map Task Executor #0] exec.FileSinkOperator: New Final Path: FS file:/home/alex/Repositories/hive/ql/target/tmp/scratchdir/alex/debea981-687e-4dc9-abe9-86409bda9140/_tmp_space.db/02dad8db-a101-4796-8c15-1e001be8a9bd/.hive-staging_hive_2024-04-23_20-49-50_734_6709741487287442817-1/_tmp.-ext-10002/000000_0
2024-04-23T20:49:51,215  INFO [LocalJobRunner Map Task Executor #0] exec.FileSinkOperator: FS[5]: records written - 1
2024-04-23T20:49:51,215  INFO [LocalJobRunner Map Task Executor #0] impl.PhysicalFsWriter: ORC writer created for path: file:/home/alex/Repositories/hive/ql/target/tmp/scratchdir/alex/debea981-687e-4dc9-abe9-86409bda9140/_tmp_space.db/02dad8db-a101-4796-8c15-1e001be8a9bd/.hive-staging_hive_2024-04-23_20-49-50_734_6709741487287442817-1/_task_tmp.-ext-10002/_tmp.000000_0 with stripeSize: 67108864 blockSize: 268435456 compression: Compress: ZLIB buffer: 262144
2024-04-23T20:49:51,222  INFO [LocalJobRunner Map Task Executor #0] impl.WriterImpl: ORC writer created for path: file:/home/alex/Repositories/hive/ql/target/tmp/scratchdir/alex/debea981-687e-4dc9-abe9-86409bda9140/_tmp_space.db/02dad8db-a101-4796-8c15-1e001be8a9bd/.hive-staging_hive_2024-04-23_20-49-50_734_6709741487287442817-1/_task_tmp.-ext-10002/_tmp.000000_0 with stripeSize: 67108864 options: Compress: ZLIB buffer: 262144
2024-04-23T20:49:51,222  INFO [LocalJobRunner Map Task Executor #0] vector.VectorMapOperator: Closing Operator: MAP[0]
2024-04-23T20:49:51,222  INFO [LocalJobRunner Map Task Executor #0] vector.VectorMapOperator: RECORDS_IN:3, DESERIALIZE_ERRORS:0, RECORDS_OUT_OPERATOR_MAP_0:0, RECORDS_OUT_INTERMEDIATE:0, 
2024-04-23T20:49:51,222  INFO [LocalJobRunner Map Task Executor #0] exec.TableScanOperator: Closing Operator: TS[0]
2024-04-23T20:49:51,222  INFO [LocalJobRunner Map Task Executor #0] exec.TableScanOperator: RECORDS_OUT_INTERMEDIATE:0, RECORDS_OUT_OPERATOR_TS_0:3, 
2024-04-23T20:49:51,222  INFO [LocalJobRunner Map Task Executor #0] vector.VectorSelectOperator: Closing Operator: SEL[4]
2024-04-23T20:49:51,222  INFO [LocalJobRunner Map Task Executor #0] vector.VectorSelectOperator: RECORDS_OUT_INTERMEDIATE:0, RECORDS_OUT_OPERATOR_SEL_4:3, 
2024-04-23T20:49:51,222  INFO [LocalJobRunner Map Task Executor #0] vector.VectorFileSinkOperator: Closing Operator: FS[5]
2024-04-23T20:49:51,222  INFO [LocalJobRunner Map Task Executor #0] exec.FileSinkOperator: FS[5]: records written - 3
2024-04-23T20:49:51,229  INFO [LocalJobRunner Map Task Executor #0] vector.VectorFileSinkOperator: RECORDS_OUT_OPERATOR_FS_5:3, RECORDS_OUT_INTERMEDIATE:0, TOTAL_TABLE_ROWS_WRITTEN:3, RECORDS_OUT_1_default.tstage_895139e1_19c3_460b_a673_e6d527945df5:3, 
2024-04-23T20:49:51,230  INFO [LocalJobRunner Map Task Executor #0] mapred.LocalJobRunner: 
2024-04-23T20:49:51,230  INFO [LocalJobRunner Map Task Executor #0] mapred.Task: Task:attempt_local374518838_0044_m_000000_0 is done. And is in the process of committing
2024-04-23T20:49:51,230  INFO [LocalJobRunner Map Task Executor #0] mapred.LocalJobRunner: OrcSplit [file:/home/alex/Repositories/hive/ql/target/tmp/org.apache.hadoop.hive.ql.TestTxnExIm-1713930480318/warehouse/tstage/delta_0000001_0000001_0000/bucket_00000_0, start=3, length=311, isOriginal=false, fileLength=686, hasFooter=false, hasBase=true, deltas=0]
2024-04-23T20:49:51,231  INFO [LocalJobRunner Map Task Executor #0] mapred.Task: Task 'attempt_local374518838_0044_m_000000_0' done.
2024-04-23T20:49:51,231  INFO [LocalJobRunner Map Task Executor #0] mapred.Task: Final Counters for attempt_local374518838_0044_m_000000_0: Counters: 25
	File System Counters
		FILE: Number of bytes read=787628
		FILE: Number of bytes written=51408064
		FILE: Number of read operations=0
		FILE: Number of large read operations=0
		FILE: Number of write operations=0
	Map-Reduce Framework
		Map input records=1
		Map output records=0
		Input split bytes=485
		Spilled Records=0
		Failed Shuffles=0
		Merged Map outputs=0
		GC time elapsed (ms)=0
		Total committed heap usage (bytes)=1197473792
	HIVE
		CREATED_FILES=1
		DESERIALIZE_ERRORS=0
		RECORDS_IN=3
		RECORDS_OUT_1_default.tstage_895139e1_19c3_460b_a673_e6d527945d=3
		RECORDS_OUT_INTERMEDIATE=0
		RECORDS_OUT_OPERATOR_FS_5=3
		RECORDS_OUT_OPERATOR_MAP_0=0
		RECORDS_OUT_OPERATOR_SEL_4=3
		RECORDS_OUT_OPERATOR_TS_0=3
		TOTAL_TABLE_ROWS_WRITTEN=3
	File Input Format Counters 
		Bytes Read=9450
	File Output Format Counters 
		Bytes Written=0
2024-04-23T20:49:51,231  INFO [LocalJobRunner Map Task Executor #0] mapred.LocalJobRunner: Finishing task: attempt_local374518838_0044_m_000000_0
2024-04-23T20:49:51,231  INFO [Thread-3227] mapred.LocalJobRunner: map task executor complete.
2024-04-23 20:49:52,206 Stage-2 map = 100%,  reduce = 0%
2024-04-23T20:49:52,206  INFO [main] exec.Task: 2024-04-23 20:49:52,206 Stage-2 map = 100%,  reduce = 0%
Ended Job = job_local374518838_0044
2024-04-23T20:49:52,207  INFO [main] exec.Task: Ended Job = job_local374518838_0044
2024-04-23T20:49:52,209  INFO [main] ql.Driver: Starting task [Stage-8:CONDITIONAL] in serial mode
Stage-5 is selected by condition resolver.
2024-04-23T20:49:52,209  INFO [main] exec.Task: Stage-5 is selected by condition resolver.
Stage-4 is filtered out by condition resolver.
2024-04-23T20:49:52,209  INFO [main] exec.Task: Stage-4 is filtered out by condition resolver.
Stage-6 is filtered out by condition resolver.
2024-04-23T20:49:52,209  INFO [main] exec.Task: Stage-6 is filtered out by condition resolver.
2024-04-23T20:49:52,209  INFO [main] ql.Driver: Starting task [Stage-5:MOVE] in serial mode
Moving data to directory file:/home/alex/Repositories/hive/ql/target/tmp/scratchdir/alex/debea981-687e-4dc9-abe9-86409bda9140/_tmp_space.db/02dad8db-a101-4796-8c15-1e001be8a9bd/.hive-staging_hive_2024-04-23_20-49-50_734_6709741487287442817-1/-ext-10000
2024-04-23T20:49:52,210  INFO [main] exec.Task: Moving data to directory file:/home/alex/Repositories/hive/ql/target/tmp/scratchdir/alex/debea981-687e-4dc9-abe9-86409bda9140/_tmp_space.db/02dad8db-a101-4796-8c15-1e001be8a9bd/.hive-staging_hive_2024-04-23_20-49-50_734_6709741487287442817-1/-ext-10000 from file:/home/alex/Repositories/hive/ql/target/tmp/scratchdir/alex/debea981-687e-4dc9-abe9-86409bda9140/_tmp_space.db/02dad8db-a101-4796-8c15-1e001be8a9bd/.hive-staging_hive_2024-04-23_20-49-50_734_6709741487287442817-1/-ext-10002
2024-04-23T20:49:52,210  INFO [main] ql.Driver: Starting task [Stage-1:MOVE] in serial mode
Loading data to table default.tstage_895139e1_19c3_460b_a673_e6d527945df5
2024-04-23T20:49:52,210  INFO [main] exec.Task: Loading data to table default.tstage_895139e1_19c3_460b_a673_e6d527945df5 from file:/home/alex/Repositories/hive/ql/target/tmp/scratchdir/alex/debea981-687e-4dc9-abe9-86409bda9140/_tmp_space.db/02dad8db-a101-4796-8c15-1e001be8a9bd/.hive-staging_hive_2024-04-23_20-49-50_734_6709741487287442817-1/-ext-10000
2024-04-23T20:49:52,212  WARN [main] metadata.Hive: Cannot get a table snapshot for tstage_895139e1_19c3_460b_a673_e6d527945df5
2024-04-23T20:49:52,212  INFO [main] metadata.SessionHiveMetaStoreClient: Column stats doesn't exist for db=default temp table=tstage_895139e1_19c3_460b_a673_e6d527945df5
2024-04-23T20:49:52,212  INFO [main] ql.Driver: Starting task [Stage-10:DDL] in serial mode
2024-04-23T20:49:52,213  INFO [main] metadata.SessionHiveMetaStoreClient: Column stats doesn't exist for db=default temp table=tstage_895139e1_19c3_460b_a673_e6d527945df5
2024-04-23T20:49:52,213  INFO [main] ql.Driver: Starting task [Stage-9:REPL_DUMP] in serial mode
2024-04-23T20:49:52,213  INFO [main] parse.EximUtil: Path before norm :/home/alex/Repositories/hive/ql/target/tmp/org.apache.hadoop.hive.ql.TestTxnExIm-1713930480318/warehouse/1
2024-04-23T20:49:52,213  INFO [main] parse.EximUtil: Scheme:file, authority:null, path:/home/alex/Repositories/hive/ql/target/tmp/org.apache.hadoop.hive.ql.TestTxnExIm-1713930480318/warehouse/1
2024-04-23T20:49:52,213  INFO [main] parse.EximUtil: Path before norm :/home/alex/Repositories/hive/ql/target/tmp/org.apache.hadoop.hive.ql.TestTxnExIm-1713930480318/warehouse/1
2024-04-23T20:49:52,213  INFO [main] parse.EximUtil: Scheme:file, authority:null, path:/home/alex/Repositories/hive/ql/target/tmp/org.apache.hadoop.hive.ql.TestTxnExIm-1713930480318/warehouse/1
2024-04-23T20:49:52,214  INFO [main] plan.ExportWork: Swapping export of Tstage to default.tstage_895139e1_19c3_460b_a673_e6d527945df5 using partSpec=null
2024-04-23T20:49:52,224  WARN [main] shims.Utils: XAttr won't be preserved since it is not supported for file system: file:///
2024-04-23T20:49:52,230  INFO [main] ql.Driver: Starting task [Stage-11:DDL] in serial mode
2024-04-23T20:49:52,231  INFO [main] metadata.SessionHiveMetaStoreClient: Column stats doesn't exist for db=default temp table=tstage_895139e1_19c3_460b_a673_e6d527945df5
2024-04-23T20:49:52,232  INFO [main] metadata.Hive: Dumping metastore api call timing information for : execution phase
2024-04-23T20:49:52,232  INFO [main] metadata.Hive: Total time spent in each metastore function (ms): {getValidWriteIds_(List, String)=0, alter_table_(String, String, String, Table, EnvironmentContext, String)=0, getTable_(GetTableRequest)=1, dropTable_(String, String, boolean, boolean, boolean)=0, isCompatibleWith_(Configuration)=0}
MapReduce Jobs Launched: 
2024-04-23T20:49:52,232  INFO [main] ql.Driver: MapReduce Jobs Launched: 
Stage-Stage-2:  HDFS Read: 0 HDFS Write: 0 SUCCESS
2024-04-23T20:49:52,232  INFO [main] ql.Driver: Stage-Stage-2:  HDFS Read: 0 HDFS Write: 0 SUCCESS
Total MapReduce CPU Time Spent: 0 msec
2024-04-23T20:49:52,232  INFO [main] ql.Driver: Total MapReduce CPU Time Spent: 0 msec
2024-04-23T20:49:52,232  INFO [main] ql.Driver: Completed executing command(queryId=alex_20240423204950_adf445da-5fb7-4dda-b1a5-9467cc9a3dcb); Time taken: 1.34 seconds
2024-04-23T20:49:52,232  INFO [main] lockmgr.DbTxnManager: Stopped heartbeat for query: alex_20240423204950_adf445da-5fb7-4dda-b1a5-9467cc9a3dcb
2024-04-23T20:49:52,237  INFO [main] txn.TxnHandler: Expected to move at least one record from txn_components to completed_txn_components when committing txn! txnid:18
2024-04-23T20:49:52,243  INFO [main] txn.TxnHandler: Removed transactions: ([18]) from MIN_HISTORY_LEVEL
2024-04-23T20:49:52,243  WARN [main] txn.CompactionTxnHandler: No compaction queue record found for Compaction type transaction commit. txnId:18
2024-04-23T20:49:52,244  INFO [main] ql.TxnCommandsBaseForTests: Running the query: import table T from '/home/alex/Repositories/hive/ql/target/tmp/org.apache.hadoop.hive.ql.TestTxnExIm-1713930480318/warehouse/1'
2024-04-23T20:49:52,244  INFO [main] ql.Context: Deleting scratch dir: file:/home/alex/Repositories/hive/ql/target/tmp/localscratchdir/debea981-687e-4dc9-abe9-86409bda9140/hive_2024-04-23_20-49-50_734_6709741487287442817-1
2024-04-23T20:49:52,244  INFO [main] cleanup.SyncCleanupService: Deleted directory: file:/home/alex/Repositories/hive/ql/target/tmp/localscratchdir/debea981-687e-4dc9-abe9-86409bda9140/hive_2024-04-23_20-49-50_734_6709741487287442817-1 on fs with scheme file
2024-04-23T20:49:52,245  INFO [main] ql.Context: Deleting scratch dir: file:/home/alex/Repositories/hive/ql/target/tmp/scratchdir/alex/debea981-687e-4dc9-abe9-86409bda9140/_tmp_space.db/02dad8db-a101-4796-8c15-1e001be8a9bd/.hive-staging_hive_2024-04-23_20-49-50_734_6709741487287442817-1
2024-04-23T20:49:52,245  INFO [main] ql.Context: Deleting scratch dir: file:/home/alex/Repositories/hive/ql/target/tmp/localscratchdir/debea981-687e-4dc9-abe9-86409bda9140/hive_2024-04-23_20-49-50_697_6202759921438553635-1
2024-04-23T20:49:52,245  INFO [main] cleanup.SyncCleanupService: Deleted directory: file:/home/alex/Repositories/hive/ql/target/tmp/localscratchdir/debea981-687e-4dc9-abe9-86409bda9140/hive_2024-04-23_20-49-50_697_6202759921438553635-1 on fs with scheme file
2024-04-23T20:49:52,245  INFO [main] ql.Driver: Compiling command(queryId=alex_20240423204952_f0e88940-e7b6-4d89-99e9-9b23d8fd95e3): import table T from '/home/alex/Repositories/hive/ql/target/tmp/org.apache.hadoop.hive.ql.TestTxnExIm-1713930480318/warehouse/1'
2024-04-23T20:49:52,248  INFO [main] txn.TxnHandler: Added entries to MIN_HISTORY_LEVEL for current txns: ([19]) with min_open_txn: 19
2024-04-23T20:49:52,248  INFO [main] lockmgr.DbTxnManager: Opened txnid:19
2024-04-23T20:49:52,248  INFO [main] parse.EximUtil: Path before norm :/home/alex/Repositories/hive/ql/target/tmp/org.apache.hadoop.hive.ql.TestTxnExIm-1713930480318/warehouse/1
2024-04-23T20:49:52,248  INFO [main] parse.EximUtil: Scheme:file, authority:null, path:/home/alex/Repositories/hive/ql/target/tmp/org.apache.hadoop.hive.ql.TestTxnExIm-1713930480318/warehouse/1
2024-04-23T20:49:52,249  INFO [main] parse.EximUtil: Path before norm :/home/alex/Repositories/hive/ql/target/tmp/org.apache.hadoop.hive.ql.TestTxnExIm-1713930480318/warehouse/1
2024-04-23T20:49:52,249  INFO [main] parse.EximUtil: Scheme:file, authority:null, path:/home/alex/Repositories/hive/ql/target/tmp/org.apache.hadoop.hive.ql.TestTxnExIm-1713930480318/warehouse/1
2024-04-23T20:49:52,249  INFO [main] HiveMetaStore.audit: ugi=alex	ip=unknown-ip-addr	cmd=get_table : tbl=hive.default.T	
2024-04-23T20:49:52,256  INFO [main] metastore.HMSHandler: Skipping translation for processor with null
2024-04-23T20:49:52,261  INFO [main] txn.TxnHandler: Allocated writeId: 1 for txnId: 19
2024-04-23T20:49:52,261  INFO [main] txn.TxnHandler: Allocated write ids for dbName=default, tblName=t (txnIds: [19])
2024-04-23T20:49:52,262  INFO [main] ql.Driver: Semantic Analysis Completed (retrial = false)
2024-04-23T20:49:52,262  INFO [main] ql.Driver: Created Hive schema: Schema(fieldSchemas:null, properties:null)
2024-04-23T20:49:52,262  INFO [main] metadata.Hive: Dumping metastore api call timing information for : compilation phase
2024-04-23T20:49:52,262  INFO [main] metadata.Hive: Total time spent in each metastore function (ms): {getTable_(GetTableRequest)=7, flushCache_()=0, openTxn_(String, TxnType)=2, getValidTxns_(long)=0, allocateTableWriteId_(long, String, String)=4, commitTxn_(CommitTxnRequest)=12, isCompatibleWith_(Configuration)=0}
2024-04-23T20:49:52,262  INFO [main] ql.Driver: Completed compiling command(queryId=alex_20240423204952_f0e88940-e7b6-4d89-99e9-9b23d8fd95e3); Time taken: 0.017 seconds
2024-04-23T20:49:52,262  INFO [main] lockmgr.DbTxnManager: Setting lock request transaction to txnid:19 for queryId=alex_20240423204952_f0e88940-e7b6-4d89-99e9-9b23d8fd95e3
2024-04-23T20:49:52,262  INFO [main] ql.Driver: Operation IMPORT obtained 0 locks
2024-04-23T20:49:52,263  INFO [main] ql.Driver: Executing command(queryId=alex_20240423204952_f0e88940-e7b6-4d89-99e9-9b23d8fd95e3): import table T from '/home/alex/Repositories/hive/ql/target/tmp/org.apache.hadoop.hive.ql.TestTxnExIm-1713930480318/warehouse/1'
2024-04-23T20:49:52,263  INFO [main] ql.Driver: Starting task [Stage-0:COPY] in serial mode
Copying data from file:/home/alex/Repositories/hive/ql/target/tmp/org.apache.hadoop.hive.ql.TestTxnExIm-1713930480318/warehouse/1/data
2024-04-23T20:49:52,263  INFO [main] exec.Task: Copying data from file:/home/alex/Repositories/hive/ql/target/tmp/org.apache.hadoop.hive.ql.TestTxnExIm-1713930480318/warehouse/1/data to file:/home/alex/Repositories/hive/ql/target/tmp/org.apache.hadoop.hive.ql.TestTxnExIm-1713930480318/warehouse/t/delta_0000001_0000001_0000
2024-04-23T20:49:52,263  INFO [main] common.FileUtils: Creating directory if it doesn't exist: file:/home/alex/Repositories/hive/ql/target/tmp/org.apache.hadoop.hive.ql.TestTxnExIm-1713930480318/warehouse/t/delta_0000001_0000001_0000
Copying file: file:/home/alex/Repositories/hive/ql/target/tmp/org.apache.hadoop.hive.ql.TestTxnExIm-1713930480318/warehouse/1/data/000000_0
2024-04-23T20:49:52,266  INFO [main] exec.Task: Copying file: file:/home/alex/Repositories/hive/ql/target/tmp/org.apache.hadoop.hive.ql.TestTxnExIm-1713930480318/warehouse/1/data/000000_0
2024-04-23T20:49:52,266  WARN [main] shims.Utils: XAttr won't be preserved since it is not supported for file system: file:///
2024-04-23T20:49:52,271  INFO [main] ql.Driver: Starting task [Stage-1:MOVE] in serial mode
Loading data to table default.t
2024-04-23T20:49:52,271  INFO [main] exec.Task: Loading data to table default.t from file:/home/alex/Repositories/hive/ql/target/tmp/org.apache.hadoop.hive.ql.TestTxnExIm-1713930480318/warehouse/t
2024-04-23T20:49:52,271  INFO [main] HiveMetaStore.audit: ugi=alex	ip=unknown-ip-addr	cmd=get_table : tbl=hive.default.t	
2024-04-23T20:49:52,277  INFO [main] metastore.HMSHandler: Skipping translation for processor with null
2024-04-23T20:49:52,278  INFO [main] HiveMetaStore.audit: ugi=alex	ip=unknown-ip-addr	cmd=get_table : tbl=hive.default.t	
2024-04-23T20:49:52,284  INFO [main] metastore.HMSHandler: Skipping translation for processor with null
2024-04-23T20:49:52,285  INFO [main] HiveMetaStore.audit: ugi=alex	ip=unknown-ip-addr	cmd=alter_table: hive.default.t newtbl=t	
2024-04-23T20:49:52,298  INFO [main] utils.MetaStoreServerUtils: Updating table stats for t
2024-04-23T20:49:52,298  INFO [main] utils.MetaStoreServerUtils: Updated size of table t to 256
2024-04-23T20:49:52,307  INFO [main] metadata.Hive: Dumping metastore api call timing information for : execution phase
2024-04-23T20:49:52,308  INFO [main] metadata.Hive: Total time spent in each metastore function (ms): {getTable_(GetTableRequest)=13, isCompatibleWith_(Configuration)=0, alter_table_(String, String, String, Table, EnvironmentContext, String)=23}
2024-04-23T20:49:52,308  INFO [main] ql.Driver: Completed executing command(queryId=alex_20240423204952_f0e88940-e7b6-4d89-99e9-9b23d8fd95e3); Time taken: 0.044 seconds
2024-04-23T20:49:52,308  INFO [main] lockmgr.DbTxnManager: Stopped heartbeat for query: alex_20240423204952_f0e88940-e7b6-4d89-99e9-9b23d8fd95e3
2024-04-23T20:49:52,313  INFO [main] txn.TxnHandler: Expected to move at least one record from txn_components to completed_txn_components when committing txn! txnid:19
2024-04-23T20:49:52,319  INFO [main] txn.TxnHandler: Removed transactions: ([19]) from MIN_HISTORY_LEVEL
2024-04-23T20:49:52,319  WARN [main] txn.CompactionTxnHandler: No compaction queue record found for Compaction type transaction commit. txnId:19
2024-04-23T20:49:52,320  INFO [main] ql.TxnCommandsBaseForTests: Running the query: select ROW__ID, a, b, INPUT__FILE__NAME from T order by ROW__ID
2024-04-23T20:49:52,320  INFO [main] ql.Driver: Compiling command(queryId=alex_20240423204952_a6b9d3da-1c0c-406f-9814-b9c5e5b21f0a): select ROW__ID, a, b, INPUT__FILE__NAME from T order by ROW__ID
2024-04-23T20:49:52,323  INFO [main] txn.TxnHandler: Added entries to MIN_HISTORY_LEVEL for current txns: ([20]) with min_open_txn: 19
2024-04-23T20:49:52,323  INFO [main] lockmgr.DbTxnManager: Opened txnid:20
2024-04-23T20:49:52,324  INFO [main] parse.CalcitePlanner: Starting caching scope for: 
2024-04-23T20:49:52,324  INFO [main] parse.CalcitePlanner: Starting Semantic Analysis
2024-04-23T20:49:52,327  INFO [main] parse.CalcitePlanner: Completed phase 1 of Semantic Analysis
2024-04-23T20:49:52,327  INFO [main] parse.CalcitePlanner: Get metadata for source tables
2024-04-23T20:49:52,328  INFO [main] HiveMetaStore.audit: ugi=alex	ip=unknown-ip-addr	cmd=get_table : tbl=hive.default.t	
2024-04-23T20:49:52,333  INFO [main] metastore.ObjectStore: Removed COLUMN_STATS_ACCURATE from Table's parameters.
2024-04-23T20:49:52,335  INFO [main] metastore.HMSHandler: Skipping translation for processor with null
2024-04-23T20:49:52,335  INFO [main] parse.CalcitePlanner: Get metadata for subqueries
2024-04-23T20:49:52,335  INFO [main] parse.CalcitePlanner: Get metadata for destination tables
2024-04-23T20:49:52,335  INFO [main] parse.CalcitePlanner: Completed getting MetaData in Semantic Analysis
2024-04-23T20:49:52,348  INFO [main] HiveMetaStore.audit: ugi=alex	ip=unknown-ip-addr	cmd=get_all_table_constraints : tbl=hive.default.t	
2024-04-23T20:49:52,357  INFO [main] calcite.RelOptHiveTable: Calculating column statistics for default.t, projIndxSet: [0, 1], allowMissingStats: true
2024-04-23T20:49:52,357  INFO [main] HiveMetaStore.audit: ugi=alex	ip=unknown-ip-addr	cmd=get_table : tbl=hive.default.t	
2024-04-23T20:49:52,366  INFO [main] metastore.HMSHandler: Skipping translation for processor with null
2024-04-23T20:49:52,367  INFO [main] HiveMetaStore.audit: ugi=alex	ip=unknown-ip-addr	cmd=get_table : tbl=hive.default.t	
2024-04-23T20:49:52,375  INFO [main] metastore.HMSHandler: Skipping translation for processor with null
2024-04-23T20:49:52,375  INFO [main] HiveMetaStore.audit: ugi=alex	ip=unknown-ip-addr	cmd=get_table_statistics_req: table=hive.default.t	
2024-04-23T20:49:52,384  WARN [main] calcite.RelOptHiveTable: No Stats for default@t, Columns: a, b
No Stats for default@t, Columns: a, b
2024-04-23T20:49:52,384  INFO [main] SessionState: No Stats for default@t, Columns: a, b
2024-04-23T20:49:52,427  INFO [main] parse.CalcitePlanner: Get metadata for source tables
2024-04-23T20:49:52,427  INFO [main] parse.CalcitePlanner: Get metadata for subqueries
2024-04-23T20:49:52,427  INFO [main] parse.CalcitePlanner: Get metadata for destination tables
2024-04-23T20:49:52,429  INFO [main] common.FileUtils: Creating directory if it doesn't exist: file:/home/alex/Repositories/hive/ql/target/tmp/localscratchdir/debea981-687e-4dc9-abe9-86409bda9140/hive_2024-04-23_20-49-52_320_7955698895861760537-1/-mr-10001/.hive-staging_hive_2024-04-23_20-49-52_320_7955698895861760537-1
2024-04-23T20:49:52,436  INFO [main] parse.CalcitePlanner: CBO Succeeded; optimized logical plan.
2024-04-23T20:49:52,438  INFO [main] optimizer.ColumnPrunerProcFactory: RS 2 oldColExprMap: {KEY.reducesinkkey0=Column[_col0], VALUE._col2=Column[_col3], VALUE._col1=Column[_col2], VALUE._col0=Column[_col1]}
2024-04-23T20:49:52,438  INFO [main] optimizer.ColumnPrunerProcFactory: RS 2 newColExprMap: {VALUE._col1=Column[_col2], VALUE._col2=Column[_col3], KEY.reducesinkkey0=Column[_col0], VALUE._col0=Column[_col1]}
2024-04-23T20:49:52,439  INFO [main] optimizer.BucketVersionPopulator: not considering bucketingVersion for: TS[0] because it has -1<2 buckets 
2024-04-23T20:49:52,440  INFO [main] optimizer.SortedDynPartitionOptimizer: Sorted dynamic partitioning optimization kicked in..
2024-04-23T20:49:52,448  INFO [main] physical.Vectorizer: Examining input format to see if vectorization is enabled.
2024-04-23T20:49:52,449  INFO [main] physical.Vectorizer: Vectorization is enabled for input format(s) [org.apache.hadoop.hive.ql.io.orc.OrcInputFormat]
2024-04-23T20:49:52,449  INFO [main] physical.Vectorizer: Validating and vectorizing MapWork... (vectorizedVertexNum 0)
2024-04-23T20:49:52,449  INFO [main] physical.Vectorizer: Map vectorization enabled: true
2024-04-23T20:49:52,449  INFO [main] physical.Vectorizer: Map vectorized: false
2024-04-23T20:49:52,449  INFO [main] physical.Vectorizer: Map notVectorizedReason: Select expression for SELECT operator: Virtual column INPUT__FILE__NAME is not supported
2024-04-23T20:49:52,449  INFO [main] physical.Vectorizer: Map vectorizedVertexNum: 0
2024-04-23T20:49:52,449  INFO [main] physical.Vectorizer: Map enabledConditionsMet: [hive.vectorized.use.vectorized.input.format IS true]
2024-04-23T20:49:52,449  INFO [main] physical.Vectorizer: Map inputFileFormatClassNameSet: [org.apache.hadoop.hive.ql.io.orc.OrcInputFormat]
2024-04-23T20:49:52,449  INFO [main] physical.Vectorizer: Reduce vectorization enabled: false
2024-04-23T20:49:52,449  INFO [main] physical.Vectorizer: Reduce vectorized: false
2024-04-23T20:49:52,449  INFO [main] physical.Vectorizer: Reduce vectorizedVertexNum: 1
2024-04-23T20:49:52,449  INFO [main] physical.Vectorizer: Reducer hive.vectorized.execution.reduce.enabled: true
2024-04-23T20:49:52,449  INFO [main] physical.Vectorizer: Reducer engine: mr
2024-04-23T20:49:52,449  INFO [main] parse.CalcitePlanner: Completed plan generation
2024-04-23T20:49:52,449  INFO [main] parse.CalcitePlanner: Ending caching scope for: 
2024-04-23T20:49:52,449  INFO [main] ql.Driver: Semantic Analysis Completed (retrial = false)
2024-04-23T20:49:52,449  INFO [main] ql.Driver: Created Hive schema: Schema(fieldSchemas:[FieldSchema(name:row__id, type:struct<writeid:bigint,bucketid:int,rowid:bigint>, comment:null), FieldSchema(name:a, type:int, comment:null), FieldSchema(name:b, type:int, comment:null), FieldSchema(name:input__file__name, type:string, comment:null)], properties:null)
2024-04-23T20:49:52,450  INFO [main] exec.ListSinkOperator: Initializing Operator: LIST_SINK[5]
2024-04-23T20:49:52,450  INFO [main] metadata.Hive: Dumping metastore api call timing information for : compilation phase
2024-04-23T20:49:52,451  INFO [main] metadata.Hive: Total time spent in each metastore function (ms): {flushCache_()=0, isCompatibleWith_(Configuration)=3, getTableColumnStatistics_(String, String, List, String)=26, getTable_(GetTableRequest)=7, commitTxn_(CommitTxnRequest)=11, getValidTxns_(long)=0, getValidWriteIds_(List, String)=3, openTxn_(String, TxnType)=2, getAllTableConstraints_(AllTableConstraintsRequest)=5}
2024-04-23T20:49:52,451  INFO [main] ql.Driver: Completed compiling command(queryId=alex_20240423204952_a6b9d3da-1c0c-406f-9814-b9c5e5b21f0a); Time taken: 0.13 seconds
2024-04-23T20:49:52,451  INFO [main] lockmgr.DbTxnManager: Setting lock request transaction to txnid:20 for queryId=alex_20240423204952_a6b9d3da-1c0c-406f-9814-b9c5e5b21f0a
2024-04-23T20:49:52,451  INFO [main] lockmgr.DbLockManager: Requesting lock for queryId=alex_20240423204952_a6b9d3da-1c0c-406f-9814-b9c5e5b21f0a
2024-04-23T20:49:52,465  INFO [main] lockmgr.DbLockManager: Response to queryId=alex_20240423204952_a6b9d3da-1c0c-406f-9814-b9c5e5b21f0a LockResponse(lockid:13, state:ACQUIRED)
2024-04-23T20:49:52,465  INFO [main] ql.Driver: Operation QUERY obtained 1 locks
2024-04-23T20:49:52,466  INFO [main] ql.Driver: Executing command(queryId=alex_20240423204952_a6b9d3da-1c0c-406f-9814-b9c5e5b21f0a): select ROW__ID, a, b, INPUT__FILE__NAME from T order by ROW__ID
2024-04-23T20:49:52,466  WARN [main] ql.Driver: Hive-on-MR is deprecated in Hive 2 and may not be available in the future versions. Consider using a different execution engine (i.e. spark, tez) or using Hive 1.X releases.
Query ID = alex_20240423204952_a6b9d3da-1c0c-406f-9814-b9c5e5b21f0a
2024-04-23T20:49:52,466  INFO [main] ql.Driver: Query ID = alex_20240423204952_a6b9d3da-1c0c-406f-9814-b9c5e5b21f0a
Total jobs = 1
2024-04-23T20:49:52,466  INFO [main] ql.Driver: Total jobs = 1
Launching Job 1 out of 1
2024-04-23T20:49:52,466  INFO [main] ql.Driver: Launching Job 1 out of 1
2024-04-23T20:49:52,614  INFO [main] ql.Driver: Starting task [Stage-1:MAPRED] in serial mode
Number of reduce tasks determined at compile time: 1
2024-04-23T20:49:52,614  INFO [main] exec.Task: Number of reduce tasks determined at compile time: 1
In order to change the average load for a reducer (in bytes):
2024-04-23T20:49:52,614  INFO [main] exec.Task: In order to change the average load for a reducer (in bytes):
  set hive.exec.reducers.bytes.per.reducer=<number>
2024-04-23T20:49:52,614  INFO [main] exec.Task:   set hive.exec.reducers.bytes.per.reducer=<number>
In order to limit the maximum number of reducers:
2024-04-23T20:49:52,614  INFO [main] exec.Task: In order to limit the maximum number of reducers:
  set hive.exec.reducers.max=<number>
2024-04-23T20:49:52,614  INFO [main] exec.Task:   set hive.exec.reducers.max=<number>
In order to set a constant number of reducers:
2024-04-23T20:49:52,614  INFO [main] exec.Task: In order to set a constant number of reducers:
  set mapreduce.job.reduces=<number>
2024-04-23T20:49:52,614  INFO [main] exec.Task:   set mapreduce.job.reduces=<number>
2024-04-23T20:49:52,616  INFO [main] mr.ExecDriver: Using org.apache.hadoop.hive.ql.io.HiveInputFormat
2024-04-23T20:49:52,617  INFO [main] exec.Utilities: Processing alias t
2024-04-23T20:49:52,617  INFO [main] exec.Utilities: Adding 1 inputs; the first input is file:/home/alex/Repositories/hive/ql/target/tmp/org.apache.hadoop.hive.ql.TestTxnExIm-1713930480318/warehouse/t
2024-04-23T20:49:52,626  INFO [main] exec.SerializationUtilities: Serializing MapWork using kryo
2024-04-23T20:49:52,627  INFO [main] exec.Utilities: Serialized plan (via FILE) - name: null size: 5,01KB
2024-04-23T20:49:52,631  INFO [main] exec.SerializationUtilities: Serializing ReduceWork using kryo
2024-04-23T20:49:52,632  INFO [main] exec.Utilities: Serialized plan (via FILE) - name: null size: 6,00KB
2024-04-23T20:49:52,633  WARN [main] impl.MetricsSystemImpl: JobTracker metrics system already initialized!
2024-04-23T20:49:52,640  WARN [main] impl.MetricsSystemImpl: JobTracker metrics system already initialized!
2024-04-23T20:49:52,647  WARN [main] mapreduce.JobResourceUploader: Hadoop command-line option parsing not performed. Implement the Tool interface and execute your application with ToolRunner to remedy this.
2024-04-23T20:49:52,652  WARN [main] mapreduce.JobResourceUploader: No job jar file set.  User classes may not be found. See Job or Job#setJar(String).
2024-04-23T20:49:52,653  INFO [main] io.HiveInputFormat: hive.io.file.readcolumn.ids = 0,1
2024-04-23T20:49:52,653  INFO [main] io.HiveInputFormat: hive.io.file.readcolumn.names = a,b
2024-04-23T20:49:52,653  INFO [main] io.HiveInputFormat: Generating splits for dirs: file:/home/alex/Repositories/hive/ql/target/tmp/org.apache.hadoop.hive.ql.TestTxnExIm-1713930480318/warehouse/t
2024-04-23T20:49:52,653  INFO [main] orc.OrcInputFormat: getSplits started
2024-04-23T20:49:52,653  INFO [main] orc.OrcInputFormat: Context:: isAcid: true isVectorMode: false sarg: null minSplitSize: 1 maxSplitSize: 256000000 splitStrategy: HYBRID footerInSplits: false numBuckets: 0 numThreads: 10 cacheMemSize: 268435456 cacheStripeDetails: true useSoftReference: false writeIdList: default.t:1:9223372036854775807:: isTransactionalTable: true txnProperties: default 
2024-04-23T20:49:52,653  INFO [main] orc.OrcInputFormat: ORC pushdown predicate: null
2024-04-23T20:49:52,660  INFO [main] orc.OrcInputFormat: FooterCacheHitRatio: 0/1
2024-04-23T20:49:52,660  INFO [main] orc.OrcInputFormat: getSplits finished (#splits: 1). duration: 7 ms
2024-04-23T20:49:52,660  INFO [main] io.HiveInputFormat: number of splits 1
2024-04-23T20:49:52,677  INFO [main] mapreduce.JobSubmitter: number of splits:1
2024-04-23T20:49:52,695  INFO [main] mapreduce.JobSubmitter: Submitting tokens for job: job_local2016082065_0045
2024-04-23T20:49:52,695  INFO [main] mapreduce.JobSubmitter: Executing with tokens: []
2024-04-23T20:49:52,754  INFO [main] mapreduce.Job: The url to track the job: http://localhost:8080/
Job running in-process (local Hadoop)
2024-04-23T20:49:52,754  INFO [main] exec.Task: Job running in-process (local Hadoop)
2024-04-23T20:49:52,754  INFO [Thread-3283] mapred.LocalJobRunner: OutputCommitter set in config org.apache.hadoop.hive.ql.io.HiveFileFormatUtils$NullOutputCommitter
2024-04-23T20:49:52,754  INFO [Thread-3283] mapred.LocalJobRunner: OutputCommitter is org.apache.hadoop.hive.ql.io.HiveFileFormatUtils$NullOutputCommitter
2024-04-23T20:49:52,756  INFO [Thread-3283] mapred.LocalJobRunner: Waiting for map tasks
2024-04-23T20:49:52,756  INFO [LocalJobRunner Map Task Executor #0] mapred.LocalJobRunner: Starting task: attempt_local2016082065_0045_m_000000_0
2024-04-23T20:49:52,756  INFO [LocalJobRunner Map Task Executor #0] mapred.Task:  Using ResourceCalculatorProcessTree : [ ]
2024-04-23T20:49:52,757  INFO [LocalJobRunner Map Task Executor #0] mapred.MapTask: Processing split: org.apache.hadoop.hive.ql.io.orc.OrcInputFormat:OrcSplit [file:/home/alex/Repositories/hive/ql/target/tmp/org.apache.hadoop.hive.ql.TestTxnExIm-1713930480318/warehouse/t/delta_0000001_0000001_0000/000000_0, start=3, length=112, isOriginal=true, fileLength=256, hasFooter=false, hasBase=true, deltas=0]
2024-04-23T20:49:52,757  INFO [LocalJobRunner Map Task Executor #0] exec.SerializationUtilities: Deserializing MapWork using kryo
2024-04-23T20:49:52,758  INFO [LocalJobRunner Map Task Executor #0] exec.Utilities: Deserialized plan (via FILE) - name: null size: 5,01KB
2024-04-23T20:49:52,758  INFO [LocalJobRunner Map Task Executor #0] orc.OrcRawRecordMerger: min key = null, max key = null
2024-04-23T20:49:52,759  INFO [LocalJobRunner Map Task Executor #0] orc.ReaderImpl: Reading ORC rows from file:/home/alex/Repositories/hive/ql/target/tmp/org.apache.hadoop.hive.ql.TestTxnExIm-1713930480318/warehouse/t/delta_0000001_0000001_0000/000000_0 with {include: [true, true, true], offset: 3, length: 112, schema: struct<a:int,b:int>, includeAcidColumns: true}
2024-04-23T20:49:52,762  INFO [LocalJobRunner Map Task Executor #0] orc.OrcRawRecordMerger: updated min key = null, max key = null
2024-04-23T20:49:52,762  INFO [LocalJobRunner Map Task Executor #0] mapred.MapTask: numReduceTasks: 1
2024-04-23T20:49:52,767  INFO [LocalJobRunner Map Task Executor #0] mapred.MapTask: (EQUATOR) 0 kvi 26214396(104857584)
2024-04-23T20:49:52,767  INFO [LocalJobRunner Map Task Executor #0] mapred.MapTask: mapreduce.task.io.sort.mb: 100
2024-04-23T20:49:52,767  INFO [LocalJobRunner Map Task Executor #0] mapred.MapTask: soft limit at 83886080
2024-04-23T20:49:52,767  INFO [LocalJobRunner Map Task Executor #0] mapred.MapTask: bufstart = 0; bufvoid = 104857600
2024-04-23T20:49:52,767  INFO [LocalJobRunner Map Task Executor #0] mapred.MapTask: kvstart = 26214396; length = 6553600
2024-04-23T20:49:52,768  INFO [LocalJobRunner Map Task Executor #0] mapred.MapTask: Map output collector class = org.apache.hadoop.mapred.MapTask$MapOutputBuffer
2024-04-23T20:49:52,768  INFO [LocalJobRunner Map Task Executor #0] exec.MapOperator: Initializing Operator: MAP[0]
2024-04-23T20:49:52,769  INFO [LocalJobRunner Map Task Executor #0] mr.ExecMapper: 
<MAP>Id =0
  <Children>null
  <\Children>
  <Parent><\Parent>
<\MAP>
2024-04-23T20:49:52,770  INFO [LocalJobRunner Map Task Executor #0] exec.TableScanOperator: Initializing Operator: TS[0]
2024-04-23T20:49:52,770  INFO [LocalJobRunner Map Task Executor #0] exec.SelectOperator: Initializing Operator: SEL[1]
2024-04-23T20:49:52,770  INFO [LocalJobRunner Map Task Executor #0] exec.SelectOperator: SELECT struct<a:int,b:int,row__id:struct<writeid:bigint,bucketid:int,rowid:bigint>,input__file__name:string>
2024-04-23T20:49:52,770  INFO [LocalJobRunner Map Task Executor #0] exec.ReduceSinkOperator: Initializing Operator: RS[2]
2024-04-23T20:49:52,770  INFO [LocalJobRunner Map Task Executor #0] exec.ReduceSinkOperator: Using tag = -1
2024-04-23T20:49:52,770  INFO [LocalJobRunner Map Task Executor #0] exec.ReduceSinkOperator: keys are [reducesinkkey0] num distributions: 1
2024-04-23T20:49:52,770  INFO [LocalJobRunner Map Task Executor #0] exec.ReduceSinkOperator: RS[2]: records written - 1
2024-04-23T20:49:52,770  INFO [LocalJobRunner Map Task Executor #0] exec.MapOperator: MAP[0]: records read - 1
2024-04-23T20:49:52,771  INFO [LocalJobRunner Map Task Executor #0] exec.MapOperator: Closing Operator: MAP[0]
2024-04-23T20:49:52,771  INFO [LocalJobRunner Map Task Executor #0] exec.MapOperator: MAP[0]: Total records read - 3. abort - false
2024-04-23T20:49:52,771  INFO [LocalJobRunner Map Task Executor #0] exec.MapOperator: DESERIALIZE_ERRORS:0, RECORDS_IN:3, RECORDS_OUT_OPERATOR_MAP_0:0, RECORDS_OUT_INTERMEDIATE:0, 
2024-04-23T20:49:52,771  INFO [LocalJobRunner Map Task Executor #0] exec.TableScanOperator: Closing Operator: TS[0]
2024-04-23T20:49:52,771  INFO [LocalJobRunner Map Task Executor #0] exec.TableScanOperator: RECORDS_OUT_OPERATOR_TS_0:3, RECORDS_OUT_INTERMEDIATE:0, 
2024-04-23T20:49:52,771  INFO [LocalJobRunner Map Task Executor #0] exec.SelectOperator: Closing Operator: SEL[1]
2024-04-23T20:49:52,771  INFO [LocalJobRunner Map Task Executor #0] exec.SelectOperator: RECORDS_OUT_INTERMEDIATE:0, RECORDS_OUT_OPERATOR_SEL_1:3, 
2024-04-23T20:49:52,771  INFO [LocalJobRunner Map Task Executor #0] exec.ReduceSinkOperator: Closing Operator: RS[2]
2024-04-23T20:49:52,771  INFO [LocalJobRunner Map Task Executor #0] exec.ReduceSinkOperator: RS[2]: Total records written - 3. abort - false
2024-04-23T20:49:52,771  INFO [LocalJobRunner Map Task Executor #0] exec.ReduceSinkOperator: RECORDS_OUT_OPERATOR_RS_2:3, RECORDS_OUT_INTERMEDIATE:3, 
2024-04-23T20:49:52,771  INFO [LocalJobRunner Map Task Executor #0] mapred.LocalJobRunner: 
2024-04-23T20:49:52,771  INFO [LocalJobRunner Map Task Executor #0] mapred.MapTask: Starting flush of map output
2024-04-23T20:49:52,771  INFO [LocalJobRunner Map Task Executor #0] mapred.MapTask: Spilling map output
2024-04-23T20:49:52,771  INFO [LocalJobRunner Map Task Executor #0] mapred.MapTask: bufstart = 0; bufend = 555; bufvoid = 104857600
2024-04-23T20:49:52,771  INFO [LocalJobRunner Map Task Executor #0] mapred.MapTask: kvstart = 26214396(104857584); kvend = 26214388(104857552); length = 9/6553600
2024-04-23T20:49:52,781  INFO [LocalJobRunner Map Task Executor #0] mapred.MapTask: Finished spill 0
2024-04-23T20:49:52,784  INFO [LocalJobRunner Map Task Executor #0] mapred.Task: Task:attempt_local2016082065_0045_m_000000_0 is done. And is in the process of committing
2024-04-23T20:49:52,785  INFO [LocalJobRunner Map Task Executor #0] mapred.LocalJobRunner: OrcSplit [file:/home/alex/Repositories/hive/ql/target/tmp/org.apache.hadoop.hive.ql.TestTxnExIm-1713930480318/warehouse/t/delta_0000001_0000001_0000/000000_0, start=3, length=112, isOriginal=true, fileLength=256, hasFooter=false, hasBase=true, deltas=0]
2024-04-23T20:49:52,785  INFO [LocalJobRunner Map Task Executor #0] mapred.Task: Task 'attempt_local2016082065_0045_m_000000_0' done.
2024-04-23T20:49:52,785  INFO [LocalJobRunner Map Task Executor #0] mapred.Task: Final Counters for attempt_local2016082065_0045_m_000000_0: Counters: 24
	File System Counters
		FILE: Number of bytes read=797414
		FILE: Number of bytes written=52579449
		FILE: Number of read operations=0
		FILE: Number of large read operations=0
		FILE: Number of write operations=0
	Map-Reduce Framework
		Map input records=3
		Map output records=3
		Map output bytes=555
		Map output materialized bytes=570
		Input split bytes=469
		Combine input records=0
		Spilled Records=3
		Failed Shuffles=0
		Merged Map outputs=0
		GC time elapsed (ms)=0
		Total committed heap usage (bytes)=1197473792
	HIVE
		DESERIALIZE_ERRORS=0
		RECORDS_IN=3
		RECORDS_OUT_INTERMEDIATE=3
		RECORDS_OUT_OPERATOR_MAP_0=0
		RECORDS_OUT_OPERATOR_RS_2=3
		RECORDS_OUT_OPERATOR_SEL_1=3
		RECORDS_OUT_OPERATOR_TS_0=3
	File Input Format Counters 
		Bytes Read=6144
2024-04-23T20:49:52,785  INFO [LocalJobRunner Map Task Executor #0] mapred.LocalJobRunner: Finishing task: attempt_local2016082065_0045_m_000000_0
2024-04-23T20:49:52,785  INFO [Thread-3283] mapred.LocalJobRunner: map task executor complete.
2024-04-23T20:49:52,786  INFO [Thread-3283] mapred.LocalJobRunner: Waiting for reduce tasks
2024-04-23T20:49:52,786  INFO [pool-196-thread-1] mapred.LocalJobRunner: Starting task: attempt_local2016082065_0045_r_000000_0
2024-04-23T20:49:52,786  INFO [pool-196-thread-1] mapred.Task:  Using ResourceCalculatorProcessTree : [ ]
2024-04-23T20:49:52,786  INFO [pool-196-thread-1] mapred.ReduceTask: Using ShuffleConsumerPlugin: org.apache.hadoop.mapreduce.task.reduce.Shuffle@5367d21f
2024-04-23T20:49:52,786  WARN [pool-196-thread-1] impl.MetricsSystemImpl: JobTracker metrics system already initialized!
2024-04-23T20:49:52,787  INFO [pool-196-thread-1] reduce.MergeManagerImpl: MergerManager: memoryLimit=1336252800, maxSingleShuffleLimit=334063200, mergeThreshold=881926912, ioSortFactor=10, memToMemMergeOutputsThreshold=10
2024-04-23T20:49:52,788  INFO [EventFetcher for fetching Map Completion Events] reduce.EventFetcher: attempt_local2016082065_0045_r_000000_0 Thread started: EventFetcher for fetching Map Completion Events
2024-04-23T20:49:52,791  INFO [localfetcher#31] reduce.LocalFetcher: localfetcher#31 about to shuffle output of map attempt_local2016082065_0045_m_000000_0 decomp: 566 len: 570 to MEMORY
2024-04-23T20:49:52,791  INFO [localfetcher#31] reduce.InMemoryMapOutput: Read 566 bytes from map-output for attempt_local2016082065_0045_m_000000_0
2024-04-23T20:49:52,791  INFO [localfetcher#31] reduce.MergeManagerImpl: closeInMemoryFile -> map-output of size: 566, inMemoryMapOutputs.size() -> 1, commitMemory -> 0, usedMemory ->566
2024-04-23T20:49:52,791  INFO [EventFetcher for fetching Map Completion Events] reduce.EventFetcher: EventFetcher is interrupted.. Returning
2024-04-23T20:49:52,792  INFO [pool-196-thread-1] mapred.LocalJobRunner: 1 / 1 copied.
2024-04-23T20:49:52,792  INFO [pool-196-thread-1] reduce.MergeManagerImpl: finalMerge called with 1 in-memory map-outputs and 0 on-disk map-outputs
2024-04-23T20:49:52,798  INFO [pool-196-thread-1] mapred.Merger: Merging 1 sorted segments
2024-04-23T20:49:52,798  INFO [pool-196-thread-1] mapred.Merger: Down to the last merge-pass, with 1 segments left of total size: 534 bytes
2024-04-23T20:49:52,801  INFO [pool-196-thread-1] reduce.MergeManagerImpl: Merged 1 segments, 566 bytes to disk to satisfy reduce memory limit
2024-04-23T20:49:52,801  INFO [pool-196-thread-1] reduce.MergeManagerImpl: Merging 1 files, 570 bytes from disk
2024-04-23T20:49:52,801  INFO [pool-196-thread-1] reduce.MergeManagerImpl: Merging 0 segments, 0 bytes from memory into reduce
2024-04-23T20:49:52,801  INFO [pool-196-thread-1] mapred.Merger: Merging 1 sorted segments
2024-04-23T20:49:52,801  INFO [pool-196-thread-1] mapred.Merger: Down to the last merge-pass, with 1 segments left of total size: 534 bytes
2024-04-23T20:49:52,801  INFO [pool-196-thread-1] mapred.LocalJobRunner: 1 / 1 copied.
2024-04-23T20:49:52,802  INFO [pool-196-thread-1] exec.SerializationUtilities: Deserializing ReduceWork using kryo
2024-04-23T20:49:52,802  INFO [pool-196-thread-1] exec.Utilities: Deserialized plan (via FILE) - name: null size: 6,00KB
2024-04-23T20:49:52,803  INFO [pool-196-thread-1] ExecReducer: 
<SEL>Id =3
  <Children>
    <FS>Id =4
      <Children>
      <\Children>
      <Parent>Id = 3 null<\Parent>
    <\FS>
  <\Children>
  <Parent><\Parent>
<\SEL>
2024-04-23T20:49:52,803  INFO [pool-196-thread-1] exec.SelectOperator: Initializing Operator: SEL[3]
2024-04-23T20:49:52,803  INFO [pool-196-thread-1] exec.SelectOperator: SELECT struct<key:struct<reducesinkkey0:struct<writeid:bigint,bucketid:int,rowid:bigint>>,value:struct<_col0:int,_col1:int,_col2:string>>
2024-04-23T20:49:52,803  INFO [pool-196-thread-1] exec.FileSinkOperator: Initializing Operator: FS[4]
2024-04-23T20:49:52,804  INFO [pool-196-thread-1] exec.FileSinkOperator: Using serializer : class org.apache.hadoop.hive.serde2.lazy.LazySimpleSerDe [serdeParams=org.apache.hadoop.hive.serde2.lazy.LazySerDeParameters@123f8b27, cachedObjectInspector=org.apache.hadoop.hive.serde2.lazy.objectinspector.LazySimpleStructObjectInspector<org.apache.hadoop.hive.serde2.lazy.objectinspector.LazySimpleStructObjectInspector<org.apache.hadoop.hive.serde2.lazy.objectinspector.primitive.LazyLongObjectInspector@37e9d249,org.apache.hadoop.hive.serde2.lazy.objectinspector.primitive.LazyIntObjectInspector@68df8c6,org.apache.hadoop.hive.serde2.lazy.objectinspector.primitive.LazyLongObjectInspector@37e9d249>,org.apache.hadoop.hive.serde2.lazy.objectinspector.primitive.LazyIntObjectInspector@68df8c6,org.apache.hadoop.hive.serde2.lazy.objectinspector.primitive.LazyIntObjectInspector@68df8c6,org.apache.hadoop.hive.serde2.lazy.objectinspector.primitive.LazyStringObjectInspector@521032a6>, serializedSize=0, stats=org.apache.hadoop.hive.serde2.SerDeStats@78fc5b6c, lastOperationSerialize=false, lastOperationDeserialize=false [1, 2, 3, 4, 5, 6, 7, 8, 11, 14, 15, 16, 17, 18, 19, 20, 21, 22, 23, 24, 25, 26, 28, 29, 30, 31, -128, -127, -126, -125, -124, -123, -122, -121, -120, -119, -118, -117, -116, -115, -114, -113, -112, -111, -110, -109, -108, -107, -106, -105, -104, -103, -102, -101, -100, -99, -98, -97, -96, -95, -94, -93, -92, -91, -90, -89, -88, -87, -86, -85, -84, -83, -82, -81, -80, -79, -78, -77, -76, -75, -74, -73, -72, -71, -70, -69, -68, -67, -66, -65, -64, -63, -62, -61, -60, -59, -58, -57, -56, -55, -54, -53, -52, -51, -50, -49, -48, -47, -46, -45, -44, -43, -42, -41, -40, -39, -38, -37, -36, -35, -34, -33, -32, -31, -30, -29, -28, -27, -26, -25, -24, -23, -22, -21, -20, -19, -18, -17, -16, -15, -14, -13, -12, -11, -10, -9, -8, -7, -6, -5, -4, -3, -2, -1] : [_col0, _col1, _col2, _col3] : [struct<writeid:bigint,bucketid:int,rowid:bigint>, int, int, string]] and formatter : org.apache.hadoop.hive.ql.io.HiveSequenceFileOutputFormat@30b0652b
2024-04-23T20:49:52,804  INFO [pool-196-thread-1] exec.FileSinkOperator: Final Path: FS file:/home/alex/Repositories/hive/ql/target/tmp/localscratchdir/debea981-687e-4dc9-abe9-86409bda9140/hive_2024-04-23_20-49-52_320_7955698895861760537-1/-mr-10001/.hive-staging_hive_2024-04-23_20-49-52_320_7955698895861760537-1/_tmp.-ext-10002/000000_0
2024-04-23T20:49:52,804  INFO [pool-196-thread-1] exec.FileSinkOperator: Writing to temp file: FS file:/home/alex/Repositories/hive/ql/target/tmp/localscratchdir/debea981-687e-4dc9-abe9-86409bda9140/hive_2024-04-23_20-49-52_320_7955698895861760537-1/-mr-10001/.hive-staging_hive_2024-04-23_20-49-52_320_7955698895861760537-1/_task_tmp.-ext-10002/_tmp.000000_0
2024-04-23T20:49:52,804  INFO [pool-196-thread-1] exec.FileSinkOperator: New Final Path: FS file:/home/alex/Repositories/hive/ql/target/tmp/localscratchdir/debea981-687e-4dc9-abe9-86409bda9140/hive_2024-04-23_20-49-52_320_7955698895861760537-1/-mr-10001/.hive-staging_hive_2024-04-23_20-49-52_320_7955698895861760537-1/_tmp.-ext-10002/000000_0
2024-04-23T20:49:52,812  INFO [pool-196-thread-1] exec.FileSinkOperator: FS[4]: records written - 1
2024-04-23T20:49:52,813  INFO [pool-196-thread-1] exec.SelectOperator: Closing Operator: SEL[3]
2024-04-23T20:49:52,813  INFO [pool-196-thread-1] exec.SelectOperator: RECORDS_OUT_INTERMEDIATE:0, RECORDS_OUT_OPERATOR_SEL_3:3, 
2024-04-23T20:49:52,813  INFO [pool-196-thread-1] exec.FileSinkOperator: Closing Operator: FS[4]
2024-04-23T20:49:52,813  INFO [pool-196-thread-1] exec.FileSinkOperator: FS[4]: records written - 3
2024-04-23T20:49:52,813  INFO [pool-196-thread-1] exec.FileSinkOperator: RECORDS_OUT_OPERATOR_FS_4:3, RECORDS_OUT_INTERMEDIATE:0, RECORDS_OUT_0:3, 
2024-04-23T20:49:52,814  INFO [pool-196-thread-1] mapred.Task: Task:attempt_local2016082065_0045_r_000000_0 is done. And is in the process of committing
2024-04-23T20:49:52,814  INFO [pool-196-thread-1] mapred.LocalJobRunner: reduce > reduce
2024-04-23T20:49:52,814  INFO [pool-196-thread-1] mapred.Task: Task 'attempt_local2016082065_0045_r_000000_0' done.
2024-04-23T20:49:52,814  INFO [pool-196-thread-1] mapred.Task: Final Counters for attempt_local2016082065_0045_r_000000_0: Counters: 29
	File System Counters
		FILE: Number of bytes read=804643
		FILE: Number of bytes written=52580659
		FILE: Number of read operations=0
		FILE: Number of large read operations=0
		FILE: Number of write operations=0
	Map-Reduce Framework
		Combine input records=0
		Combine output records=0
		Reduce input groups=3
		Reduce shuffle bytes=570
		Reduce input records=3
		Reduce output records=0
		Spilled Records=3
		Shuffled Maps =1
		Failed Shuffles=0
		Merged Map outputs=1
		GC time elapsed (ms)=0
		Total committed heap usage (bytes)=1197473792
	HIVE
		CREATED_FILES=1
		RECORDS_OUT_0=3
		RECORDS_OUT_INTERMEDIATE=0
		RECORDS_OUT_OPERATOR_FS_4=3
		RECORDS_OUT_OPERATOR_SEL_3=3
	Shuffle Errors
		BAD_ID=0
		CONNECTION=0
		IO_ERROR=0
		WRONG_LENGTH=0
		WRONG_MAP=0
		WRONG_REDUCE=0
	File Output Format Counters 
		Bytes Written=0
2024-04-23T20:49:52,814  INFO [pool-196-thread-1] mapred.LocalJobRunner: Finishing task: attempt_local2016082065_0045_r_000000_0
2024-04-23T20:49:52,814  INFO [Thread-3283] mapred.LocalJobRunner: reduce task executor complete.
2024-04-23 20:49:53,756 Stage-1 map = 100%,  reduce = 100%
2024-04-23T20:49:53,756  INFO [main] exec.Task: 2024-04-23 20:49:53,756 Stage-1 map = 100%,  reduce = 100%
Ended Job = job_local2016082065_0045
2024-04-23T20:49:53,758  INFO [main] exec.Task: Ended Job = job_local2016082065_0045
2024-04-23T20:49:53,761  INFO [main] metadata.Hive: Dumping metastore api call timing information for : execution phase
2024-04-23T20:49:53,761  INFO [main] metadata.Hive: Total time spent in each metastore function (ms): {}
MapReduce Jobs Launched: 
2024-04-23T20:49:53,761  INFO [main] ql.Driver: MapReduce Jobs Launched: 
Stage-Stage-1:  HDFS Read: 0 HDFS Write: 0 SUCCESS
2024-04-23T20:49:53,761  INFO [main] ql.Driver: Stage-Stage-1:  HDFS Read: 0 HDFS Write: 0 SUCCESS
Total MapReduce CPU Time Spent: 0 msec
2024-04-23T20:49:53,761  INFO [main] ql.Driver: Total MapReduce CPU Time Spent: 0 msec
2024-04-23T20:49:53,761  INFO [main] ql.Driver: Completed executing command(queryId=alex_20240423204952_a6b9d3da-1c0c-406f-9814-b9c5e5b21f0a); Time taken: 1.295 seconds
2024-04-23T20:49:53,761  INFO [main] lockmgr.DbTxnManager: Stopped heartbeat for query: alex_20240423204952_a6b9d3da-1c0c-406f-9814-b9c5e5b21f0a
2024-04-23T20:49:53,765  INFO [main] txn.TxnHandler: Expected to move at least one record from txn_components to completed_txn_components when committing txn! txnid:20
2024-04-23T20:49:53,771  INFO [main] txn.TxnHandler: Removed transactions: ([20]) from MIN_HISTORY_LEVEL
2024-04-23T20:49:53,771  WARN [main] txn.CompactionTxnHandler: No compaction queue record found for Compaction type transaction commit. txnId:20
2024-04-23T20:49:53,775  INFO [main] mapred.FileInputFormat: Total input files to process : 1
2024-04-23T20:49:53,775  INFO [main] exec.ListSinkOperator: Closing Operator: LIST_SINK[5]
2024-04-23T20:49:53,775  INFO [main] exec.ListSinkOperator: RECORDS_OUT_INTERMEDIATE:0, RECORDS_OUT_OPERATOR_LIST_SINK_5:3, 
2024-04-23T20:49:53,775  WARN [main] ql.TestTxnExIm: testImport: read data(import existing table): 
2024-04-23T20:49:53,776  INFO [main] ql.TestTxnExIm: {"writeid":1,"bucketid":536870912,"rowid":0}	1	2	file:/home/alex/Repositories/hive/ql/target/tmp/org.apache.hadoop.hive.ql.TestTxnExIm-1713930480318/warehouse/t/delta_0000001_0000001_0000/000000_0
{"writeid":1,"bucketid":536870912,"rowid":1}	3	4	file:/home/alex/Repositories/hive/ql/target/tmp/org.apache.hadoop.hive.ql.TestTxnExIm-1713930480318/warehouse/t/delta_0000001_0000001_0000/000000_0
{"writeid":1,"bucketid":536870912,"rowid":2}	5	6	file:/home/alex/Repositories/hive/ql/target/tmp/org.apache.hadoop.hive.ql.TestTxnExIm-1713930480318/warehouse/t/delta_0000001_0000001_0000/000000_0

2024-04-23T20:49:53,776  INFO [main] ql.TxnCommandsBaseForTests: Running the query: EXPLAIN VECTORIZATION DETAIL select ROW__ID, a, b, INPUT__FILE__NAME from T order by ROW__ID
2024-04-23T20:49:53,776  INFO [main] ql.Context: Deleting scratch dir: file:/home/alex/Repositories/hive/ql/target/tmp/localscratchdir/debea981-687e-4dc9-abe9-86409bda9140/hive_2024-04-23_20-49-52_320_7955698895861760537-1
2024-04-23T20:49:53,777  INFO [main] cleanup.SyncCleanupService: Deleted directory: file:/home/alex/Repositories/hive/ql/target/tmp/localscratchdir/debea981-687e-4dc9-abe9-86409bda9140/hive_2024-04-23_20-49-52_320_7955698895861760537-1 on fs with scheme file
2024-04-23T20:49:53,777  INFO [main] ql.Driver: Compiling command(queryId=alex_20240423204953_d128ab2f-2fec-4154-a308-121f193d5965): EXPLAIN VECTORIZATION DETAIL select ROW__ID, a, b, INPUT__FILE__NAME from T order by ROW__ID
2024-04-23T20:49:53,780  INFO [main] txn.TxnHandler: Added entries to MIN_HISTORY_LEVEL for current txns: ([21]) with min_open_txn: 21
2024-04-23T20:49:53,780  INFO [main] lockmgr.DbTxnManager: Opened txnid:21
2024-04-23T20:49:53,781  INFO [main] parse.CalcitePlanner: Starting Semantic Analysis
2024-04-23T20:49:53,783  INFO [main] parse.CalcitePlanner: Completed phase 1 of Semantic Analysis
2024-04-23T20:49:53,783  INFO [main] parse.CalcitePlanner: Get metadata for source tables
2024-04-23T20:49:53,784  INFO [main] HiveMetaStore.audit: ugi=alex	ip=unknown-ip-addr	cmd=get_table : tbl=hive.default.t	
2024-04-23T20:49:53,789  INFO [main] metastore.ObjectStore: Removed COLUMN_STATS_ACCURATE from Table's parameters.
2024-04-23T20:49:53,791  INFO [main] metastore.HMSHandler: Skipping translation for processor with null
2024-04-23T20:49:53,791  INFO [main] parse.CalcitePlanner: Get metadata for subqueries
2024-04-23T20:49:53,791  INFO [main] parse.CalcitePlanner: Get metadata for destination tables
2024-04-23T20:49:53,791  INFO [main] parse.CalcitePlanner: Completed getting MetaData in Semantic Analysis
2024-04-23T20:49:53,804  INFO [main] HiveMetaStore.audit: ugi=alex	ip=unknown-ip-addr	cmd=get_all_table_constraints : tbl=hive.default.t	
2024-04-23T20:49:53,813  INFO [main] calcite.RelOptHiveTable: Calculating column statistics for default.t, projIndxSet: [0, 1], allowMissingStats: true
2024-04-23T20:49:53,814  INFO [main] HiveMetaStore.audit: ugi=alex	ip=unknown-ip-addr	cmd=get_table : tbl=hive.default.t	
2024-04-23T20:49:53,822  INFO [main] metastore.HMSHandler: Skipping translation for processor with null
2024-04-23T20:49:53,823  INFO [main] HiveMetaStore.audit: ugi=alex	ip=unknown-ip-addr	cmd=get_table : tbl=hive.default.t	
2024-04-23T20:49:53,831  INFO [main] metastore.HMSHandler: Skipping translation for processor with null
2024-04-23T20:49:53,832  INFO [main] HiveMetaStore.audit: ugi=alex	ip=unknown-ip-addr	cmd=get_table_statistics_req: table=hive.default.t	
2024-04-23T20:49:53,840  WARN [main] calcite.RelOptHiveTable: No Stats for default@t, Columns: a, b
No Stats for default@t, Columns: a, b
2024-04-23T20:49:53,840  INFO [main] SessionState: No Stats for default@t, Columns: a, b
2024-04-23T20:49:53,881  INFO [main] parse.CalcitePlanner: Get metadata for source tables
2024-04-23T20:49:53,882  INFO [main] parse.CalcitePlanner: Get metadata for subqueries
2024-04-23T20:49:53,882  INFO [main] parse.CalcitePlanner: Get metadata for destination tables
2024-04-23T20:49:53,884  INFO [main] parse.CalcitePlanner: CBO Succeeded; optimized logical plan.
2024-04-23T20:49:53,886  INFO [main] optimizer.ColumnPrunerProcFactory: RS 2 oldColExprMap: {VALUE._col2=Column[_col3], KEY.reducesinkkey0=Column[_col0], VALUE._col0=Column[_col1], VALUE._col1=Column[_col2]}
2024-04-23T20:49:53,886  INFO [main] optimizer.ColumnPrunerProcFactory: RS 2 newColExprMap: {KEY.reducesinkkey0=Column[_col0], VALUE._col2=Column[_col3], VALUE._col0=Column[_col1], VALUE._col1=Column[_col2]}
2024-04-23T20:49:53,887  INFO [main] optimizer.BucketVersionPopulator: not considering bucketingVersion for: TS[0] because it has -1<2 buckets 
2024-04-23T20:49:53,891  INFO [main] optimizer.SortedDynPartitionOptimizer: Sorted dynamic partitioning optimization kicked in..
2024-04-23T20:49:53,899  INFO [main] physical.Vectorizer: Examining input format to see if vectorization is enabled.
2024-04-23T20:49:53,899  INFO [main] physical.Vectorizer: Vectorization is enabled for input format(s) [org.apache.hadoop.hive.ql.io.orc.OrcInputFormat]
2024-04-23T20:49:53,899  INFO [main] physical.Vectorizer: Validating and vectorizing MapWork... (vectorizedVertexNum 0)
2024-04-23T20:49:53,900  INFO [main] physical.Vectorizer: Map vectorization enabled: true
2024-04-23T20:49:53,900  INFO [main] physical.Vectorizer: Map vectorized: false
2024-04-23T20:49:53,900  INFO [main] physical.Vectorizer: Map notVectorizedReason: Select expression for SELECT operator: Virtual column INPUT__FILE__NAME is not supported
2024-04-23T20:49:53,900  INFO [main] physical.Vectorizer: Map vectorizedVertexNum: 0
2024-04-23T20:49:53,900  INFO [main] physical.Vectorizer: Map enabledConditionsMet: [hive.vectorized.use.vectorized.input.format IS true]
2024-04-23T20:49:53,900  INFO [main] physical.Vectorizer: Map inputFileFormatClassNameSet: [org.apache.hadoop.hive.ql.io.orc.OrcInputFormat]
2024-04-23T20:49:53,900  INFO [main] physical.Vectorizer: Reduce vectorization enabled: false
2024-04-23T20:49:53,900  INFO [main] physical.Vectorizer: Reduce vectorized: false
2024-04-23T20:49:53,900  INFO [main] physical.Vectorizer: Reduce vectorizedVertexNum: 1
2024-04-23T20:49:53,900  INFO [main] physical.Vectorizer: Reducer hive.vectorized.execution.reduce.enabled: true
2024-04-23T20:49:53,900  INFO [main] physical.Vectorizer: Reducer engine: mr
2024-04-23T20:49:53,900  INFO [main] parse.CalcitePlanner: Completed plan generation
2024-04-23T20:49:53,900  INFO [main] ql.Driver: Semantic Analysis Completed (retrial = false)
2024-04-23T20:49:53,900  INFO [main] ql.Driver: Created Hive schema: Schema(fieldSchemas:[FieldSchema(name:Explain, type:string, comment:null)], properties:null)
2024-04-23T20:49:53,900  INFO [main] metadata.Hive: Dumping metastore api call timing information for : compilation phase
2024-04-23T20:49:53,900  INFO [main] metadata.Hive: Total time spent in each metastore function (ms): {getAllTableConstraints_(AllTableConstraintsRequest)=5, commitTxn_(CommitTxnRequest)=10, openTxn_(String, TxnType)=2, flushCache_()=0, getTableColumnStatistics_(String, String, List, String)=26, getValidTxns_(long)=0, isCompatibleWith_(Configuration)=2, getValidWriteIds_(List, String)=2, getTable_(GetTableRequest)=7}
2024-04-23T20:49:53,900  INFO [main] ql.Driver: Completed compiling command(queryId=alex_20240423204953_d128ab2f-2fec-4154-a308-121f193d5965); Time taken: 0.123 seconds
2024-04-23T20:49:53,901  INFO [main] ql.Driver: Executing command(queryId=alex_20240423204953_d128ab2f-2fec-4154-a308-121f193d5965): EXPLAIN VECTORIZATION DETAIL select ROW__ID, a, b, INPUT__FILE__NAME from T order by ROW__ID
2024-04-23T20:49:53,901  INFO [main] ql.Driver: Starting task [Stage-2:EXPLAIN] in serial mode
2024-04-23T20:49:53,910  INFO [main] metadata.Hive: Dumping metastore api call timing information for : execution phase
2024-04-23T20:49:53,910  INFO [main] metadata.Hive: Total time spent in each metastore function (ms): {}
2024-04-23T20:49:53,910  INFO [main] ql.Driver: Completed executing command(queryId=alex_20240423204953_d128ab2f-2fec-4154-a308-121f193d5965); Time taken: 0.009 seconds
2024-04-23T20:49:53,910  INFO [main] lockmgr.DbTxnManager: Stopped heartbeat for query: null
2024-04-23T20:49:53,916  INFO [main] txn.TxnHandler: Expected to move at least one record from txn_components to completed_txn_components when committing txn! txnid:21
2024-04-23T20:49:53,922  INFO [main] txn.TxnHandler: Removed transactions: ([21]) from MIN_HISTORY_LEVEL
2024-04-23T20:49:53,922  WARN [main] txn.CompactionTxnHandler: No compaction queue record found for Compaction type transaction commit. txnId:21
2024-04-23T20:49:53,923  INFO [main] ql.TxnCommandsBaseForTests: Running the query: update T set a = 0 where b = 6
2024-04-23T20:49:53,924  INFO [main] ql.Context: Deleting scratch dir: file:/home/alex/Repositories/hive/ql/target/tmp/localscratchdir/debea981-687e-4dc9-abe9-86409bda9140/hive_2024-04-23_20-49-53_777_3048769677011719600-1
2024-04-23T20:49:53,924  INFO [main] cleanup.SyncCleanupService: Deleted directory: file:/home/alex/Repositories/hive/ql/target/tmp/localscratchdir/debea981-687e-4dc9-abe9-86409bda9140/hive_2024-04-23_20-49-53_777_3048769677011719600-1 on fs with scheme file
2024-04-23T20:49:53,924  INFO [main] ql.Driver: Compiling command(queryId=alex_20240423204953_7c7c101b-dd3c-43f5-8c3f-661f3eadbf39): update T set a = 0 where b = 6
2024-04-23T20:49:53,927  INFO [main] txn.TxnHandler: Added entries to MIN_HISTORY_LEVEL for current txns: ([22]) with min_open_txn: 21
2024-04-23T20:49:53,927  INFO [main] lockmgr.DbTxnManager: Opened txnid:22
2024-04-23T20:49:53,927  INFO [main] parse.UpdateDeleteSemanticAnalyzer: Starting caching scope for: 
2024-04-23T20:49:53,928  INFO [main] HiveMetaStore.audit: ugi=alex	ip=unknown-ip-addr	cmd=get_table : tbl=hive.default.T	
2024-04-23T20:49:53,934  INFO [main] metastore.HMSHandler: Skipping translation for processor with null
2024-04-23T20:49:53,934  INFO [main] parse.RewriteSemanticAnalyzer: Going to reparse <update T set a = 0 where b = 6> as 
<insert into table `default`.`T` select ROW__ID,`a`,`b` from `default`.`T` sort by ROW__ID >
2024-04-23T20:49:53,935  INFO [main] parse.UpdateDeleteSemanticAnalyzer: Starting Semantic Analysis
2024-04-23T20:49:53,938  INFO [main] HiveMetaStore.audit: ugi=alex	ip=unknown-ip-addr	cmd=get_table : tbl=hive.default.T	
2024-04-23T20:49:53,943  INFO [main] metastore.ObjectStore: Removed COLUMN_STATS_ACCURATE from Table's parameters.
2024-04-23T20:49:53,945  INFO [main] metastore.HMSHandler: Skipping translation for processor with null
2024-04-23T20:49:53,945  INFO [main] parse.UpdateDeleteSemanticAnalyzer: Completed phase 1 of Semantic Analysis
2024-04-23T20:49:53,945  INFO [main] parse.UpdateDeleteSemanticAnalyzer: Get metadata for source tables
2024-04-23T20:49:53,946  INFO [main] HiveMetaStore.audit: ugi=alex	ip=unknown-ip-addr	cmd=get_table : tbl=hive.default.t	
2024-04-23T20:49:53,951  INFO [main] metastore.ObjectStore: Removed COLUMN_STATS_ACCURATE from Table's parameters.
2024-04-23T20:49:53,952  INFO [main] metastore.HMSHandler: Skipping translation for processor with null
2024-04-23T20:49:53,953  INFO [main] parse.UpdateDeleteSemanticAnalyzer: Get metadata for subqueries
2024-04-23T20:49:53,953  INFO [main] parse.UpdateDeleteSemanticAnalyzer: Get metadata for destination tables
2024-04-23T20:49:53,953  INFO [main] HiveMetaStore.audit: ugi=alex	ip=unknown-ip-addr	cmd=get_table : tbl=hive.default.T	
2024-04-23T20:49:53,959  INFO [main] metastore.HMSHandler: Skipping translation for processor with null
2024-04-23T20:49:53,959  INFO [main] parse.UpdateDeleteSemanticAnalyzer: Completed getting MetaData in Semantic Analysis
2024-04-23T20:49:53,959  INFO [main] parse.UpdateDeleteSemanticAnalyzer: Disabling LLAP IO encode as ETL query is detected
2024-04-23T20:49:53,972  INFO [main] HiveMetaStore.audit: ugi=alex	ip=unknown-ip-addr	cmd=get_all_table_constraints : tbl=hive.default.t	
2024-04-23T20:49:53,979  INFO [main] HiveMetaStore.audit: ugi=alex	ip=unknown-ip-addr	cmd=get_not_null_constraints : tbl=hive.default.t	
2024-04-23T20:49:53,980  INFO [main] HiveMetaStore.audit: ugi=alex	ip=unknown-ip-addr	cmd=get_check_constraints : tbl=hive.default.t	
2024-04-23T20:49:54,003  INFO [main] calcite.RelOptHiveTable: Calculating column statistics for default.t, projIndxSet: [1], allowMissingStats: true
2024-04-23T20:49:54,003  INFO [main] HiveMetaStore.audit: ugi=alex	ip=unknown-ip-addr	cmd=get_table : tbl=hive.default.t	
2024-04-23T20:49:54,016  INFO [main] metastore.HMSHandler: Skipping translation for processor with null
2024-04-23T20:49:54,017  INFO [main] HiveMetaStore.audit: ugi=alex	ip=unknown-ip-addr	cmd=get_table : tbl=hive.default.t	
2024-04-23T20:49:54,026  INFO [main] metastore.HMSHandler: Skipping translation for processor with null
2024-04-23T20:49:54,026  INFO [main] HiveMetaStore.audit: ugi=alex	ip=unknown-ip-addr	cmd=get_table_statistics_req: table=hive.default.t	
2024-04-23T20:49:54,036  WARN [main] calcite.RelOptHiveTable: No Stats for default@t, Columns: b
No Stats for default@t, Columns: b
2024-04-23T20:49:54,036  INFO [main] SessionState: No Stats for default@t, Columns: b
2024-04-23T20:49:54,096  INFO [main] parse.UpdateDeleteSemanticAnalyzer: Get metadata for source tables
2024-04-23T20:49:54,096  INFO [main] parse.UpdateDeleteSemanticAnalyzer: Get metadata for subqueries
2024-04-23T20:49:54,096  INFO [main] parse.UpdateDeleteSemanticAnalyzer: Get metadata for destination tables
2024-04-23T20:49:54,097  INFO [main] HiveMetaStore.audit: ugi=alex	ip=unknown-ip-addr	cmd=get_table : tbl=hive.default.T	
2024-04-23T20:49:54,103  INFO [main] metastore.HMSHandler: Skipping translation for processor with null
2024-04-23T20:49:54,106 ERROR [main] parse.UpdateDeleteSemanticAnalyzer: CBO failed, skipping CBO. 
org.apache.hadoop.hive.ql.exec.NoMatchingMethodException: No matching method for class org.apache.hadoop.hive.ql.udf.UDFToInteger with (struct<writeid:bigint,bucketid:int,rowid:bigint>). Possible choices: _FUNC_(bigint)  _FUNC_(boolean)  _FUNC_(decimal(38,18))  _FUNC_(double)  _FUNC_(float)  _FUNC_(smallint)  _FUNC_(string)  _FUNC_(struct<bucketid:bigint,rowid:int,writeid:bigint>)  _FUNC_(timestamp)  _FUNC_(tinyint)  _FUNC_(void)  
	at org.apache.hadoop.hive.ql.exec.MethodUtils.getMethodInternal(MethodUtils.java:130) ~[classes/:?]
	at org.apache.hadoop.hive.ql.exec.MethodUtils.getMethodInternal(MethodUtils.java:60) ~[classes/:?]
	at org.apache.hadoop.hive.ql.exec.DefaultUDFMethodResolver.getEvalMethod(DefaultUDFMethodResolver.java:59) ~[classes/:?]
	at org.apache.hadoop.hive.ql.udf.TimestampCastRestrictorResolver.getEvalMethod(TimestampCastRestrictorResolver.java:68) ~[classes/:?]
	at org.apache.hadoop.hive.ql.udf.generic.GenericUDFBridge.initialize(GenericUDFBridge.java:168) ~[classes/:?]
	at org.apache.hadoop.hive.ql.udf.generic.GenericUDF.initializeAndFoldConstants(GenericUDF.java:149) ~[classes/:?]
	at org.apache.hadoop.hive.ql.plan.ExprNodeGenericFuncDesc.newInstance(ExprNodeGenericFuncDesc.java:235) ~[classes/:?]
	at org.apache.hadoop.hive.ql.parse.type.ExprNodeDescExprFactory.createFuncCallExpr(ExprNodeDescExprFactory.java:584) ~[classes/:?]
	at org.apache.hadoop.hive.ql.parse.type.ExprNodeDescExprFactory.createFuncCallExpr(ExprNodeDescExprFactory.java:97) ~[classes/:?]
	at org.apache.hadoop.hive.ql.parse.type.TypeCheckProcFactory$DefaultExprProcessor.getFuncExprNodeDescWithUdfData(TypeCheckProcFactory.java:762) ~[classes/:?]
	at org.apache.hadoop.hive.ql.parse.type.TypeCheckProcFactory$DefaultExprProcessor.createConversionCast(TypeCheckProcFactory.java:783) ~[classes/:?]
	at org.apache.hadoop.hive.ql.parse.SemanticAnalyzer.getPartitionColsFromBucketColsForUpdateDelete(SemanticAnalyzer.java:8725) ~[classes/:?]
	at org.apache.hadoop.hive.ql.parse.SemanticAnalyzer.genBucketingSortingDest(SemanticAnalyzer.java:6914) ~[classes/:?]
	at org.apache.hadoop.hive.ql.parse.SemanticAnalyzer.genFileSinkPlan(SemanticAnalyzer.java:7335) ~[classes/:?]
	at org.apache.hadoop.hive.ql.parse.SemanticAnalyzer.genPostGroupByBodyPlan(SemanticAnalyzer.java:11063) ~[classes/:?]
	at org.apache.hadoop.hive.ql.parse.SemanticAnalyzer.genBodyPlan(SemanticAnalyzer.java:10938) ~[classes/:?]
	at org.apache.hadoop.hive.ql.parse.SemanticAnalyzer.genPlan(SemanticAnalyzer.java:11853) ~[classes/:?]
	at org.apache.hadoop.hive.ql.parse.SemanticAnalyzer.genPlan(SemanticAnalyzer.java:11723) ~[classes/:?]
	at org.apache.hadoop.hive.ql.parse.CalcitePlanner.genOPTree(CalcitePlanner.java:626) ~[classes/:?]
	at org.apache.hadoop.hive.ql.parse.SemanticAnalyzer.analyzeInternal(SemanticAnalyzer.java:12558) ~[classes/:?]
	at org.apache.hadoop.hive.ql.parse.CalcitePlanner.analyzeInternal(CalcitePlanner.java:456) ~[classes/:?]
	at org.apache.hadoop.hive.ql.parse.RewriteSemanticAnalyzer.analyzeInternal(RewriteSemanticAnalyzer.java:67) ~[classes/:?]
	at org.apache.hadoop.hive.ql.parse.BaseSemanticAnalyzer.analyze(BaseSemanticAnalyzer.java:317) ~[classes/:?]
	at org.apache.hadoop.hive.ql.parse.UpdateDeleteSemanticAnalyzer.reparseAndSuperAnalyze(UpdateDeleteSemanticAnalyzer.java:208) ~[classes/:?]
	at org.apache.hadoop.hive.ql.parse.UpdateDeleteSemanticAnalyzer.analyzeUpdate(UpdateDeleteSemanticAnalyzer.java:63) ~[classes/:?]
	at org.apache.hadoop.hive.ql.parse.UpdateDeleteSemanticAnalyzer.analyze(UpdateDeleteSemanticAnalyzer.java:53) ~[classes/:?]
	at org.apache.hadoop.hive.ql.parse.RewriteSemanticAnalyzer.analyzeInternal(RewriteSemanticAnalyzer.java:72) ~[classes/:?]
	at org.apache.hadoop.hive.ql.parse.BaseSemanticAnalyzer.analyze(BaseSemanticAnalyzer.java:317) ~[classes/:?]
	at org.apache.hadoop.hive.ql.Compiler.analyze(Compiler.java:223) ~[classes/:?]
	at org.apache.hadoop.hive.ql.Compiler.compile(Compiler.java:105) ~[classes/:?]
	at org.apache.hadoop.hive.ql.Driver.compile(Driver.java:500) ~[classes/:?]
	at org.apache.hadoop.hive.ql.Driver.compileInternal(Driver.java:453) ~[classes/:?]
	at org.apache.hadoop.hive.ql.Driver.runInternal(Driver.java:181) ~[classes/:?]
	at org.apache.hadoop.hive.ql.Driver.run(Driver.java:153) ~[classes/:?]
	at org.apache.hadoop.hive.ql.Driver.run(Driver.java:140) ~[classes/:?]
	at org.apache.hadoop.hive.ql.TxnCommandsBaseForTests.runStatementOnDriver(TxnCommandsBaseForTests.java:245) ~[test-classes/:?]
	at org.apache.hadoop.hive.ql.TestTxnExIm.testImport(TestTxnExIm.java:335) ~[test-classes/:?]
	at org.apache.hadoop.hive.ql.TestTxnExIm.testImport(TestTxnExIm.java:283) ~[test-classes/:?]
	at sun.reflect.NativeMethodAccessorImpl.invoke0(Native Method) ~[?:1.8.0_402]
	at sun.reflect.NativeMethodAccessorImpl.invoke(NativeMethodAccessorImpl.java:62) ~[?:1.8.0_402]
	at sun.reflect.DelegatingMethodAccessorImpl.invoke(DelegatingMethodAccessorImpl.java:43) ~[?:1.8.0_402]
	at java.lang.reflect.Method.invoke(Method.java:498) ~[?:1.8.0_402]
	at org.junit.runners.model.FrameworkMethod$1.runReflectiveCall(FrameworkMethod.java:59) ~[junit-4.13.jar:4.13]
	at org.junit.internal.runners.model.ReflectiveCallable.run(ReflectiveCallable.java:12) ~[junit-4.13.jar:4.13]
	at org.junit.runners.model.FrameworkMethod.invokeExplosively(FrameworkMethod.java:56) ~[junit-4.13.jar:4.13]
	at org.junit.internal.runners.statements.InvokeMethod.evaluate(InvokeMethod.java:17) ~[junit-4.13.jar:4.13]
	at org.junit.internal.runners.statements.RunBefores.evaluate(RunBefores.java:26) ~[junit-4.13.jar:4.13]
	at org.junit.internal.runners.statements.RunAfters.evaluate(RunAfters.java:27) ~[junit-4.13.jar:4.13]
	at org.junit.rules.TestWatcher$1.evaluate(TestWatcher.java:61) ~[junit-4.13.jar:4.13]
	at org.junit.runners.ParentRunner$3.evaluate(ParentRunner.java:306) ~[junit-4.13.jar:4.13]
	at org.junit.runners.BlockJUnit4ClassRunner$1.evaluate(BlockJUnit4ClassRunner.java:100) ~[junit-4.13.jar:4.13]
	at org.junit.runners.ParentRunner.runLeaf(ParentRunner.java:366) ~[junit-4.13.jar:4.13]
	at org.junit.runners.BlockJUnit4ClassRunner.runChild(BlockJUnit4ClassRunner.java:103) ~[junit-4.13.jar:4.13]
	at org.junit.runners.BlockJUnit4ClassRunner.runChild(BlockJUnit4ClassRunner.java:63) ~[junit-4.13.jar:4.13]
	at org.junit.runners.ParentRunner$4.run(ParentRunner.java:331) ~[junit-4.13.jar:4.13]
	at org.junit.runners.ParentRunner$1.schedule(ParentRunner.java:79) ~[junit-4.13.jar:4.13]
	at org.junit.runners.ParentRunner.runChildren(ParentRunner.java:329) ~[junit-4.13.jar:4.13]
	at org.junit.runners.ParentRunner.access$100(ParentRunner.java:66) ~[junit-4.13.jar:4.13]
	at org.junit.runners.ParentRunner$2.evaluate(ParentRunner.java:293) ~[junit-4.13.jar:4.13]
	at org.junit.runners.ParentRunner$3.evaluate(ParentRunner.java:306) ~[junit-4.13.jar:4.13]
	at org.junit.runners.ParentRunner.run(ParentRunner.java:413) ~[junit-4.13.jar:4.13]
	at org.junit.runner.JUnitCore.run(JUnitCore.java:137) ~[junit-4.13.jar:4.13]
	at org.junit.runner.JUnitCore.run(JUnitCore.java:115) ~[junit-4.13.jar:4.13]
	at org.junit.vintage.engine.execution.RunnerExecutor.execute(RunnerExecutor.java:43) ~[junit-vintage-engine-5.6.2.jar:5.6.2]
	at java.util.stream.ForEachOps$ForEachOp$OfRef.accept(ForEachOps.java:183) ~[?:1.8.0_402]
	at java.util.stream.ReferencePipeline$3$1.accept(ReferencePipeline.java:193) ~[?:1.8.0_402]
	at java.util.Iterator.forEachRemaining(Iterator.java:116) ~[?:1.8.0_402]
	at java.util.Spliterators$IteratorSpliterator.forEachRemaining(Spliterators.java:1801) ~[?:1.8.0_402]
	at java.util.stream.AbstractPipeline.copyInto(AbstractPipeline.java:482) ~[?:1.8.0_402]
	at java.util.stream.AbstractPipeline.wrapAndCopyInto(AbstractPipeline.java:472) ~[?:1.8.0_402]
	at java.util.stream.ForEachOps$ForEachOp.evaluateSequential(ForEachOps.java:150) ~[?:1.8.0_402]
	at java.util.stream.ForEachOps$ForEachOp$OfRef.evaluateSequential(ForEachOps.java:173) ~[?:1.8.0_402]
	at java.util.stream.AbstractPipeline.evaluate(AbstractPipeline.java:234) ~[?:1.8.0_402]
	at java.util.stream.ReferencePipeline.forEach(ReferencePipeline.java:485) ~[?:1.8.0_402]
	at org.junit.vintage.engine.VintageTestEngine.executeAllChildren(VintageTestEngine.java:82) ~[junit-vintage-engine-5.6.2.jar:5.6.2]
	at org.junit.vintage.engine.VintageTestEngine.execute(VintageTestEngine.java:73) ~[junit-vintage-engine-5.6.2.jar:5.6.2]
	at org.junit.platform.launcher.core.DefaultLauncher.execute(DefaultLauncher.java:248) ~[junit-platform-launcher-1.6.2.jar:1.6.2]
	at org.junit.platform.launcher.core.DefaultLauncher.lambda$execute$5(DefaultLauncher.java:211) ~[junit-platform-launcher-1.6.2.jar:1.6.2]
	at org.junit.platform.launcher.core.DefaultLauncher.withInterceptedStreams(DefaultLauncher.java:226) [junit-platform-launcher-1.6.2.jar:1.6.2]
	at org.junit.platform.launcher.core.DefaultLauncher.execute(DefaultLauncher.java:199) [junit-platform-launcher-1.6.2.jar:1.6.2]
	at org.junit.platform.launcher.core.DefaultLauncher.execute(DefaultLauncher.java:132) [junit-platform-launcher-1.6.2.jar:1.6.2]
	at org.apache.maven.surefire.junitplatform.JUnitPlatformProvider.invokeAllTests(JUnitPlatformProvider.java:154) [surefire-junit-platform-3.0.0-M4.jar:3.0.0-M4]
	at org.apache.maven.surefire.junitplatform.JUnitPlatformProvider.invoke(JUnitPlatformProvider.java:123) [surefire-junit-platform-3.0.0-M4.jar:3.0.0-M4]
	at org.apache.maven.surefire.booter.ForkedBooter.runSuitesInProcess(ForkedBooter.java:377) [surefire-booter-3.0.0-M4.jar:3.0.0-M4]
	at org.apache.maven.surefire.booter.ForkedBooter.execute(ForkedBooter.java:138) [surefire-booter-3.0.0-M4.jar:3.0.0-M4]
	at org.apache.maven.surefire.booter.ForkedBooter.run(ForkedBooter.java:465) [surefire-booter-3.0.0-M4.jar:3.0.0-M4]
	at org.apache.maven.surefire.booter.ForkedBooter.main(ForkedBooter.java:451) [surefire-booter-3.0.0-M4.jar:3.0.0-M4]
2024-04-23T20:49:54,107 ERROR [main] parse.UpdateDeleteSemanticAnalyzer: CBO failed due to missing column stats (see previous errors), skipping CBO
2024-04-23T20:49:54,107  INFO [main] parse.UpdateDeleteSemanticAnalyzer: Ending caching scope for: 
FAILED: NoMatchingMethodException No matching method for class org.apache.hadoop.hive.ql.udf.UDFToInteger with (struct<writeid:bigint,bucketid:int,rowid:bigint>). Possible choices: _FUNC_(bigint)  _FUNC_(boolean)  _FUNC_(decimal(38,18))  _FUNC_(double)  _FUNC_(float)  _FUNC_(smallint)  _FUNC_(string)  _FUNC_(struct<bucketid:bigint,rowid:int,writeid:bigint>)  _FUNC_(timestamp)  _FUNC_(tinyint)  _FUNC_(void)  
2024-04-23T20:49:54,108 ERROR [main] ql.Driver: FAILED: NoMatchingMethodException No matching method for class org.apache.hadoop.hive.ql.udf.UDFToInteger with (struct<writeid:bigint,bucketid:int,rowid:bigint>). Possible choices: _FUNC_(bigint)  _FUNC_(boolean)  _FUNC_(decimal(38,18))  _FUNC_(double)  _FUNC_(float)  _FUNC_(smallint)  _FUNC_(string)  _FUNC_(struct<bucketid:bigint,rowid:int,writeid:bigint>)  _FUNC_(timestamp)  _FUNC_(tinyint)  _FUNC_(void)  
org.apache.hadoop.hive.ql.exec.NoMatchingMethodException: No matching method for class org.apache.hadoop.hive.ql.udf.UDFToInteger with (struct<writeid:bigint,bucketid:int,rowid:bigint>). Possible choices: _FUNC_(bigint)  _FUNC_(boolean)  _FUNC_(decimal(38,18))  _FUNC_(double)  _FUNC_(float)  _FUNC_(smallint)  _FUNC_(string)  _FUNC_(struct<bucketid:bigint,rowid:int,writeid:bigint>)  _FUNC_(timestamp)  _FUNC_(tinyint)  _FUNC_(void)  
	at org.apache.hadoop.hive.ql.exec.MethodUtils.getMethodInternal(MethodUtils.java:130)
	at org.apache.hadoop.hive.ql.exec.MethodUtils.getMethodInternal(MethodUtils.java:60)
	at org.apache.hadoop.hive.ql.exec.DefaultUDFMethodResolver.getEvalMethod(DefaultUDFMethodResolver.java:59)
	at org.apache.hadoop.hive.ql.udf.TimestampCastRestrictorResolver.getEvalMethod(TimestampCastRestrictorResolver.java:68)
	at org.apache.hadoop.hive.ql.udf.generic.GenericUDFBridge.initialize(GenericUDFBridge.java:168)
	at org.apache.hadoop.hive.ql.udf.generic.GenericUDF.initializeAndFoldConstants(GenericUDF.java:149)
	at org.apache.hadoop.hive.ql.plan.ExprNodeGenericFuncDesc.newInstance(ExprNodeGenericFuncDesc.java:235)
	at org.apache.hadoop.hive.ql.parse.type.ExprNodeDescExprFactory.createFuncCallExpr(ExprNodeDescExprFactory.java:584)
	at org.apache.hadoop.hive.ql.parse.type.ExprNodeDescExprFactory.createFuncCallExpr(ExprNodeDescExprFactory.java:97)
	at org.apache.hadoop.hive.ql.parse.type.TypeCheckProcFactory$DefaultExprProcessor.getFuncExprNodeDescWithUdfData(TypeCheckProcFactory.java:762)
	at org.apache.hadoop.hive.ql.parse.type.TypeCheckProcFactory$DefaultExprProcessor.createConversionCast(TypeCheckProcFactory.java:783)
	at org.apache.hadoop.hive.ql.parse.SemanticAnalyzer.getPartitionColsFromBucketColsForUpdateDelete(SemanticAnalyzer.java:8725)
	at org.apache.hadoop.hive.ql.parse.SemanticAnalyzer.genBucketingSortingDest(SemanticAnalyzer.java:6914)
	at org.apache.hadoop.hive.ql.parse.SemanticAnalyzer.genFileSinkPlan(SemanticAnalyzer.java:7335)
	at org.apache.hadoop.hive.ql.parse.SemanticAnalyzer.genPostGroupByBodyPlan(SemanticAnalyzer.java:11063)
	at org.apache.hadoop.hive.ql.parse.SemanticAnalyzer.genBodyPlan(SemanticAnalyzer.java:10938)
	at org.apache.hadoop.hive.ql.parse.SemanticAnalyzer.genPlan(SemanticAnalyzer.java:11853)
	at org.apache.hadoop.hive.ql.parse.SemanticAnalyzer.genPlan(SemanticAnalyzer.java:11723)
	at org.apache.hadoop.hive.ql.parse.CalcitePlanner.genOPTree(CalcitePlanner.java:626)
	at org.apache.hadoop.hive.ql.parse.SemanticAnalyzer.analyzeInternal(SemanticAnalyzer.java:12558)
	at org.apache.hadoop.hive.ql.parse.CalcitePlanner.analyzeInternal(CalcitePlanner.java:456)
	at org.apache.hadoop.hive.ql.parse.RewriteSemanticAnalyzer.analyzeInternal(RewriteSemanticAnalyzer.java:67)
	at org.apache.hadoop.hive.ql.parse.BaseSemanticAnalyzer.analyze(BaseSemanticAnalyzer.java:317)
	at org.apache.hadoop.hive.ql.parse.UpdateDeleteSemanticAnalyzer.reparseAndSuperAnalyze(UpdateDeleteSemanticAnalyzer.java:208)
	at org.apache.hadoop.hive.ql.parse.UpdateDeleteSemanticAnalyzer.analyzeUpdate(UpdateDeleteSemanticAnalyzer.java:63)
	at org.apache.hadoop.hive.ql.parse.UpdateDeleteSemanticAnalyzer.analyze(UpdateDeleteSemanticAnalyzer.java:53)
	at org.apache.hadoop.hive.ql.parse.RewriteSemanticAnalyzer.analyzeInternal(RewriteSemanticAnalyzer.java:72)
	at org.apache.hadoop.hive.ql.parse.BaseSemanticAnalyzer.analyze(BaseSemanticAnalyzer.java:317)
	at org.apache.hadoop.hive.ql.Compiler.analyze(Compiler.java:223)
	at org.apache.hadoop.hive.ql.Compiler.compile(Compiler.java:105)
	at org.apache.hadoop.hive.ql.Driver.compile(Driver.java:500)
	at org.apache.hadoop.hive.ql.Driver.compileInternal(Driver.java:453)
	at org.apache.hadoop.hive.ql.Driver.runInternal(Driver.java:181)
	at org.apache.hadoop.hive.ql.Driver.run(Driver.java:153)
	at org.apache.hadoop.hive.ql.Driver.run(Driver.java:140)
	at org.apache.hadoop.hive.ql.TxnCommandsBaseForTests.runStatementOnDriver(TxnCommandsBaseForTests.java:245)
	at org.apache.hadoop.hive.ql.TestTxnExIm.testImport(TestTxnExIm.java:335)
	at org.apache.hadoop.hive.ql.TestTxnExIm.testImport(TestTxnExIm.java:283)
	at sun.reflect.NativeMethodAccessorImpl.invoke0(Native Method)
	at sun.reflect.NativeMethodAccessorImpl.invoke(NativeMethodAccessorImpl.java:62)
	at sun.reflect.DelegatingMethodAccessorImpl.invoke(DelegatingMethodAccessorImpl.java:43)
	at java.lang.reflect.Method.invoke(Method.java:498)
	at org.junit.runners.model.FrameworkMethod$1.runReflectiveCall(FrameworkMethod.java:59)
	at org.junit.internal.runners.model.ReflectiveCallable.run(ReflectiveCallable.java:12)
	at org.junit.runners.model.FrameworkMethod.invokeExplosively(FrameworkMethod.java:56)
	at org.junit.internal.runners.statements.InvokeMethod.evaluate(InvokeMethod.java:17)
	at org.junit.internal.runners.statements.RunBefores.evaluate(RunBefores.java:26)
	at org.junit.internal.runners.statements.RunAfters.evaluate(RunAfters.java:27)
	at org.junit.rules.TestWatcher$1.evaluate(TestWatcher.java:61)
	at org.junit.runners.ParentRunner$3.evaluate(ParentRunner.java:306)
	at org.junit.runners.BlockJUnit4ClassRunner$1.evaluate(BlockJUnit4ClassRunner.java:100)
	at org.junit.runners.ParentRunner.runLeaf(ParentRunner.java:366)
	at org.junit.runners.BlockJUnit4ClassRunner.runChild(BlockJUnit4ClassRunner.java:103)
	at org.junit.runners.BlockJUnit4ClassRunner.runChild(BlockJUnit4ClassRunner.java:63)
	at org.junit.runners.ParentRunner$4.run(ParentRunner.java:331)
	at org.junit.runners.ParentRunner$1.schedule(ParentRunner.java:79)
	at org.junit.runners.ParentRunner.runChildren(ParentRunner.java:329)
	at org.junit.runners.ParentRunner.access$100(ParentRunner.java:66)
	at org.junit.runners.ParentRunner$2.evaluate(ParentRunner.java:293)
	at org.junit.runners.ParentRunner$3.evaluate(ParentRunner.java:306)
	at org.junit.runners.ParentRunner.run(ParentRunner.java:413)
	at org.junit.runner.JUnitCore.run(JUnitCore.java:137)
	at org.junit.runner.JUnitCore.run(JUnitCore.java:115)
	at org.junit.vintage.engine.execution.RunnerExecutor.execute(RunnerExecutor.java:43)
	at java.util.stream.ForEachOps$ForEachOp$OfRef.accept(ForEachOps.java:183)
	at java.util.stream.ReferencePipeline$3$1.accept(ReferencePipeline.java:193)
	at java.util.Iterator.forEachRemaining(Iterator.java:116)
	at java.util.Spliterators$IteratorSpliterator.forEachRemaining(Spliterators.java:1801)
	at java.util.stream.AbstractPipeline.copyInto(AbstractPipeline.java:482)
	at java.util.stream.AbstractPipeline.wrapAndCopyInto(AbstractPipeline.java:472)
	at java.util.stream.ForEachOps$ForEachOp.evaluateSequential(ForEachOps.java:150)
	at java.util.stream.ForEachOps$ForEachOp$OfRef.evaluateSequential(ForEachOps.java:173)
	at java.util.stream.AbstractPipeline.evaluate(AbstractPipeline.java:234)
	at java.util.stream.ReferencePipeline.forEach(ReferencePipeline.java:485)
	at org.junit.vintage.engine.VintageTestEngine.executeAllChildren(VintageTestEngine.java:82)
	at org.junit.vintage.engine.VintageTestEngine.execute(VintageTestEngine.java:73)
	at org.junit.platform.launcher.core.DefaultLauncher.execute(DefaultLauncher.java:248)
	at org.junit.platform.launcher.core.DefaultLauncher.lambda$execute$5(DefaultLauncher.java:211)
	at org.junit.platform.launcher.core.DefaultLauncher.withInterceptedStreams(DefaultLauncher.java:226)
	at org.junit.platform.launcher.core.DefaultLauncher.execute(DefaultLauncher.java:199)
	at org.junit.platform.launcher.core.DefaultLauncher.execute(DefaultLauncher.java:132)
	at org.apache.maven.surefire.junitplatform.JUnitPlatformProvider.invokeAllTests(JUnitPlatformProvider.java:154)
	at org.apache.maven.surefire.junitplatform.JUnitPlatformProvider.invoke(JUnitPlatformProvider.java:123)
	at org.apache.maven.surefire.booter.ForkedBooter.runSuitesInProcess(ForkedBooter.java:377)
	at org.apache.maven.surefire.booter.ForkedBooter.execute(ForkedBooter.java:138)
	at org.apache.maven.surefire.booter.ForkedBooter.run(ForkedBooter.java:465)
	at org.apache.maven.surefire.booter.ForkedBooter.main(ForkedBooter.java:451)

2024-04-23T20:49:54,108  INFO [main] metadata.Hive: Dumping metastore api call timing information for : compilation phase
2024-04-23T20:49:54,108  INFO [main] metadata.Hive: Total time spent in each metastore function (ms): {getValidWriteIds_(List, String)=5, getTableColumnStatistics_(String, String, List, String)=33, isCompatibleWith_(Configuration)=0, getValidTxns_(long)=0, getAllTableConstraints_(AllTableConstraintsRequest)=5, getTable_(GetTableRequest)=33, getCheckConstraints_(CheckConstraintsRequest)=1, openTxn_(String, TxnType)=2, flushCache_()=0, getNotNullConstraints_(NotNullConstraintsRequest)=1, commitTxn_(CommitTxnRequest)=12}
2024-04-23T20:49:54,108  INFO [main] ql.Driver: Completed compiling command(queryId=alex_20240423204953_7c7c101b-dd3c-43f5-8c3f-661f3eadbf39); Time taken: 0.184 seconds
2024-04-23T20:49:54,109  INFO [main] lockmgr.DbTxnManager: Stopped heartbeat for query: null
2024-04-23T20:49:54,112  INFO [main] txn.TxnHandler: Removed transactions: ([22]) from MIN_HISTORY_LEVEL
2024-04-23T20:49:54,119  INFO [main] ql.TxnCommandsBaseForTests: Running the query: drop table if exists acidTbl
2024-04-23T20:49:54,119  INFO [main] ql.Driver: Compiling command(queryId=alex_20240423204954_4e5c67eb-67d8-4642-bfbc-aa2c4604e110): drop table if exists acidTbl
2024-04-23T20:49:54,121  INFO [main] txn.TxnHandler: Added entries to MIN_HISTORY_LEVEL for current txns: ([23]) with min_open_txn: 21
2024-04-23T20:49:54,122  INFO [main] lockmgr.DbTxnManager: Opened txnid:23
2024-04-23T20:49:54,122  INFO [main] HiveMetaStore.audit: ugi=alex	ip=unknown-ip-addr	cmd=get_table : tbl=hive.default.acidTbl	
2024-04-23T20:49:54,129  INFO [main] metastore.HMSHandler: Skipping translation for processor with null
2024-04-23T20:49:54,129  INFO [main] ql.Driver: Semantic Analysis Completed (retrial = false)
2024-04-23T20:49:54,129  INFO [main] ql.Driver: Created Hive schema: Schema(fieldSchemas:null, properties:null)
2024-04-23T20:49:54,129  INFO [main] metadata.Hive: Dumping metastore api call timing information for : compilation phase
2024-04-23T20:49:54,129  INFO [main] metadata.Hive: Total time spent in each metastore function (ms): {getTable_(GetTableRequest)=7, isCompatibleWith_(Configuration)=0, openTxn_(String, TxnType)=3, rollbackTxn_(long)=10, flushCache_()=0, getValidTxns_(long)=0}
2024-04-23T20:49:54,129  INFO [main] ql.Driver: Completed compiling command(queryId=alex_20240423204954_4e5c67eb-67d8-4642-bfbc-aa2c4604e110); Time taken: 0.01 seconds
2024-04-23T20:49:54,129  INFO [main] lockmgr.DbTxnManager: Setting lock request transaction to txnid:23 for queryId=alex_20240423204954_4e5c67eb-67d8-4642-bfbc-aa2c4604e110
2024-04-23T20:49:54,130  INFO [main] lockmgr.DbLockManager: Requesting lock for queryId=alex_20240423204954_4e5c67eb-67d8-4642-bfbc-aa2c4604e110
2024-04-23T20:49:54,143  INFO [main] lockmgr.DbLockManager: Response to queryId=alex_20240423204954_4e5c67eb-67d8-4642-bfbc-aa2c4604e110 LockResponse(lockid:14, state:ACQUIRED)
2024-04-23T20:49:54,143  INFO [main] ql.Driver: Operation DROPTABLE obtained 1 locks
2024-04-23T20:49:54,143  INFO [main] ql.Driver: Executing command(queryId=alex_20240423204954_4e5c67eb-67d8-4642-bfbc-aa2c4604e110): drop table if exists acidTbl
2024-04-23T20:49:54,144  INFO [main] ql.Driver: Starting task [Stage-0:DDL] in serial mode
2024-04-23T20:49:54,144  INFO [main] HiveMetaStore.audit: ugi=alex	ip=unknown-ip-addr	cmd=get_table : tbl=hive.default.acidTbl	
2024-04-23T20:49:54,150  INFO [main] metastore.HMSHandler: Skipping translation for processor with null
2024-04-23T20:49:54,150  INFO [main] HiveMetaStore.audit: ugi=alex	ip=unknown-ip-addr	cmd=get_table : tbl=hive.default.acidTbl	
2024-04-23T20:49:54,157  INFO [main] metastore.HMSHandler: Skipping translation for processor with null
2024-04-23T20:49:54,157  INFO [main] HiveMetaStore.audit: ugi=alex	ip=unknown-ip-addr	cmd=drop_table : tbl=hive.default.acidTbl	
2024-04-23T20:49:54,265  INFO [main] metadata.Hive: Dumping metastore api call timing information for : execution phase
2024-04-23T20:49:54,265  INFO [main] metadata.Hive: Total time spent in each metastore function (ms): {isCompatibleWith_(Configuration)=0, dropTable_(String, String, boolean, boolean, boolean)=115, getTable_(GetTableRequest)=6}
2024-04-23T20:49:54,265  INFO [main] ql.Driver: Completed executing command(queryId=alex_20240423204954_4e5c67eb-67d8-4642-bfbc-aa2c4604e110); Time taken: 0.122 seconds
2024-04-23T20:49:54,265  INFO [main] lockmgr.DbTxnManager: Stopped heartbeat for query: alex_20240423204954_4e5c67eb-67d8-4642-bfbc-aa2c4604e110
2024-04-23T20:49:54,269  INFO [main] txn.TxnHandler: Expected to move at least one record from txn_components to completed_txn_components when committing txn! txnid:23
2024-04-23T20:49:54,275  INFO [main] txn.TxnHandler: Removed transactions: ([23]) from MIN_HISTORY_LEVEL
2024-04-23T20:49:54,276  WARN [main] txn.CompactionTxnHandler: No compaction queue record found for Compaction type transaction commit. txnId:23
2024-04-23T20:49:54,277  INFO [main] ql.TxnCommandsBaseForTests: Running the query: drop table if exists acidTblPart
2024-04-23T20:49:54,277  INFO [main] ql.Driver: Compiling command(queryId=alex_20240423204954_19d0701d-21bf-4844-b7b0-087ecc93ac35): drop table if exists acidTblPart
2024-04-23T20:49:54,279  INFO [main] txn.TxnHandler: Added entries to MIN_HISTORY_LEVEL for current txns: ([24]) with min_open_txn: 21
2024-04-23T20:49:54,279  INFO [main] lockmgr.DbTxnManager: Opened txnid:24
2024-04-23T20:49:54,280  INFO [main] HiveMetaStore.audit: ugi=alex	ip=unknown-ip-addr	cmd=get_table : tbl=hive.default.acidTblPart	
2024-04-23T20:49:54,287  INFO [main] metastore.HMSHandler: Skipping translation for processor with null
2024-04-23T20:49:54,287  INFO [main] ql.Driver: Semantic Analysis Completed (retrial = false)
2024-04-23T20:49:54,287  INFO [main] ql.Driver: Created Hive schema: Schema(fieldSchemas:null, properties:null)
2024-04-23T20:49:54,287  INFO [main] metadata.Hive: Dumping metastore api call timing information for : compilation phase
2024-04-23T20:49:54,287  INFO [main] metadata.Hive: Total time spent in each metastore function (ms): {commitTxn_(CommitTxnRequest)=11, openTxn_(String, TxnType)=2, isCompatibleWith_(Configuration)=0, getTable_(GetTableRequest)=7, getValidTxns_(long)=0, flushCache_()=0}
2024-04-23T20:49:54,287  INFO [main] ql.Driver: Completed compiling command(queryId=alex_20240423204954_19d0701d-21bf-4844-b7b0-087ecc93ac35); Time taken: 0.01 seconds
2024-04-23T20:49:54,287  INFO [main] lockmgr.DbTxnManager: Setting lock request transaction to txnid:24 for queryId=alex_20240423204954_19d0701d-21bf-4844-b7b0-087ecc93ac35
2024-04-23T20:49:54,288  INFO [main] lockmgr.DbLockManager: Requesting lock for queryId=alex_20240423204954_19d0701d-21bf-4844-b7b0-087ecc93ac35
2024-04-23T20:49:54,304  INFO [main] lockmgr.DbLockManager: Response to queryId=alex_20240423204954_19d0701d-21bf-4844-b7b0-087ecc93ac35 LockResponse(lockid:15, state:ACQUIRED)
2024-04-23T20:49:54,304  INFO [main] ql.Driver: Operation DROPTABLE obtained 1 locks
2024-04-23T20:49:54,304  INFO [main] ql.Driver: Executing command(queryId=alex_20240423204954_19d0701d-21bf-4844-b7b0-087ecc93ac35): drop table if exists acidTblPart
2024-04-23T20:49:54,304  INFO [main] ql.Driver: Starting task [Stage-0:DDL] in serial mode
2024-04-23T20:49:54,304  INFO [main] HiveMetaStore.audit: ugi=alex	ip=unknown-ip-addr	cmd=get_table : tbl=hive.default.acidTblPart	
2024-04-23T20:49:54,311  INFO [main] metastore.HMSHandler: Skipping translation for processor with null
2024-04-23T20:49:54,311  INFO [main] HiveMetaStore.audit: ugi=alex	ip=unknown-ip-addr	cmd=get_table : tbl=hive.default.acidTblPart	
2024-04-23T20:49:54,317  INFO [main] metastore.HMSHandler: Skipping translation for processor with null
2024-04-23T20:49:54,317  INFO [main] HiveMetaStore.audit: ugi=alex	ip=unknown-ip-addr	cmd=drop_table : tbl=hive.default.acidTblPart	
2024-04-23T20:49:54,354  INFO [main] metadata.Hive: Dumping metastore api call timing information for : execution phase
2024-04-23T20:49:54,355  INFO [main] metadata.Hive: Total time spent in each metastore function (ms): {getTable_(GetTableRequest)=7, isCompatibleWith_(Configuration)=0, dropTable_(String, String, boolean, boolean, boolean)=43}
2024-04-23T20:49:54,355  INFO [main] ql.Driver: Completed executing command(queryId=alex_20240423204954_19d0701d-21bf-4844-b7b0-087ecc93ac35); Time taken: 0.05 seconds
2024-04-23T20:49:54,355  INFO [main] lockmgr.DbTxnManager: Stopped heartbeat for query: alex_20240423204954_19d0701d-21bf-4844-b7b0-087ecc93ac35
2024-04-23T20:49:54,359  INFO [main] txn.TxnHandler: Expected to move at least one record from txn_components to completed_txn_components when committing txn! txnid:24
2024-04-23T20:49:54,364  INFO [main] txn.TxnHandler: Removed transactions: ([24]) from MIN_HISTORY_LEVEL
2024-04-23T20:49:54,365  WARN [main] txn.CompactionTxnHandler: No compaction queue record found for Compaction type transaction commit. txnId:24
2024-04-23T20:49:54,365  INFO [main] ql.TxnCommandsBaseForTests: Running the query: drop table if exists acidTbl2
2024-04-23T20:49:54,365  INFO [main] ql.Driver: Compiling command(queryId=alex_20240423204954_859f5671-626f-4d61-a39c-f2301f61d229): drop table if exists acidTbl2
2024-04-23T20:49:54,367  INFO [main] txn.TxnHandler: Added entries to MIN_HISTORY_LEVEL for current txns: ([25]) with min_open_txn: 21
2024-04-23T20:49:54,368  INFO [main] lockmgr.DbTxnManager: Opened txnid:25
2024-04-23T20:49:54,368  INFO [main] ql.Driver: Semantic Analysis Completed (retrial = false)
2024-04-23T20:49:54,368  INFO [main] ql.Driver: Created Hive schema: Schema(fieldSchemas:null, properties:null)
2024-04-23T20:49:54,368  INFO [main] metadata.Hive: Dumping metastore api call timing information for : compilation phase
2024-04-23T20:49:54,368  INFO [main] metadata.Hive: Total time spent in each metastore function (ms): {isCompatibleWith_(Configuration)=0, getValidTxns_(long)=0, getTable_(GetTableRequest)=0, commitTxn_(CommitTxnRequest)=10, openTxn_(String, TxnType)=2, flushCache_()=0}
2024-04-23T20:49:54,369  INFO [main] ql.Driver: Completed compiling command(queryId=alex_20240423204954_859f5671-626f-4d61-a39c-f2301f61d229); Time taken: 0.003 seconds
2024-04-23T20:49:54,369  INFO [main] lockmgr.DbTxnManager: Setting lock request transaction to txnid:25 for queryId=alex_20240423204954_859f5671-626f-4d61-a39c-f2301f61d229
2024-04-23T20:49:54,369  INFO [main] ql.Driver: Operation DROPTABLE obtained 0 locks
2024-04-23T20:49:54,369  INFO [main] ql.Driver: Executing command(queryId=alex_20240423204954_859f5671-626f-4d61-a39c-f2301f61d229): drop table if exists acidTbl2
2024-04-23T20:49:54,369  INFO [main] ql.Driver: Starting task [Stage-0:DDL] in serial mode
2024-04-23T20:49:54,370  INFO [main] metadata.SessionHiveMetaStoreClient: Column stats doesn't exist for db=default temp table=acidTbl2
2024-04-23T20:49:54,370  INFO [main] metadata.Hive: Dumping metastore api call timing information for : execution phase
2024-04-23T20:49:54,370  INFO [main] metadata.Hive: Total time spent in each metastore function (ms): {getTable_(GetTableRequest)=0, dropTable_(String, String, boolean, boolean, boolean)=1, isCompatibleWith_(Configuration)=0}
2024-04-23T20:49:54,370  INFO [main] ql.Driver: Completed executing command(queryId=alex_20240423204954_859f5671-626f-4d61-a39c-f2301f61d229); Time taken: 0.001 seconds
2024-04-23T20:49:54,370  INFO [main] lockmgr.DbTxnManager: Stopped heartbeat for query: alex_20240423204954_859f5671-626f-4d61-a39c-f2301f61d229
2024-04-23T20:49:54,376  INFO [main] txn.TxnHandler: Expected to move at least one record from txn_components to completed_txn_components when committing txn! txnid:25
2024-04-23T20:49:54,381  INFO [main] txn.TxnHandler: Removed transactions: ([25]) from MIN_HISTORY_LEVEL
2024-04-23T20:49:54,381  WARN [main] txn.CompactionTxnHandler: No compaction queue record found for Compaction type transaction commit. txnId:25
2024-04-23T20:49:54,382  INFO [main] ql.TxnCommandsBaseForTests: Running the query: drop table if exists nonAcidOrcTbl
2024-04-23T20:49:54,382  INFO [main] ql.Driver: Compiling command(queryId=alex_20240423204954_4ec10f28-5620-4728-9e59-4ca7a5f476ac): drop table if exists nonAcidOrcTbl
2024-04-23T20:49:54,385  INFO [main] txn.TxnHandler: Added entries to MIN_HISTORY_LEVEL for current txns: ([26]) with min_open_txn: 21
2024-04-23T20:49:54,385  INFO [main] lockmgr.DbTxnManager: Opened txnid:26
2024-04-23T20:49:54,386  INFO [main] HiveMetaStore.audit: ugi=alex	ip=unknown-ip-addr	cmd=get_table : tbl=hive.default.nonAcidOrcTbl	
2024-04-23T20:49:54,406  INFO [main] metastore.HMSHandler: Skipping translation for processor with null
2024-04-23T20:49:54,406  INFO [main] ql.Driver: Semantic Analysis Completed (retrial = false)
2024-04-23T20:49:54,406  INFO [main] ql.Driver: Created Hive schema: Schema(fieldSchemas:null, properties:null)
2024-04-23T20:49:54,406  INFO [main] metadata.Hive: Dumping metastore api call timing information for : compilation phase
2024-04-23T20:49:54,406  INFO [main] metadata.Hive: Total time spent in each metastore function (ms): {openTxn_(String, TxnType)=2, isCompatibleWith_(Configuration)=1, commitTxn_(CommitTxnRequest)=10, getTable_(GetTableRequest)=20, flushCache_()=0, getValidTxns_(long)=1}
2024-04-23T20:49:54,407  INFO [main] ql.Driver: Completed compiling command(queryId=alex_20240423204954_4ec10f28-5620-4728-9e59-4ca7a5f476ac); Time taken: 0.024 seconds
2024-04-23T20:49:54,407  INFO [main] lockmgr.DbTxnManager: Setting lock request transaction to txnid:26 for queryId=alex_20240423204954_4ec10f28-5620-4728-9e59-4ca7a5f476ac
2024-04-23T20:49:54,407  INFO [main] lockmgr.DbLockManager: Requesting lock for queryId=alex_20240423204954_4ec10f28-5620-4728-9e59-4ca7a5f476ac
2024-04-23T20:49:54,421  INFO [main] lockmgr.DbLockManager: Response to queryId=alex_20240423204954_4ec10f28-5620-4728-9e59-4ca7a5f476ac LockResponse(lockid:16, state:ACQUIRED)
2024-04-23T20:49:54,421  INFO [main] ql.Driver: Operation DROPTABLE obtained 1 locks
2024-04-23T20:49:54,421  INFO [main] ql.Driver: Executing command(queryId=alex_20240423204954_4ec10f28-5620-4728-9e59-4ca7a5f476ac): drop table if exists nonAcidOrcTbl
2024-04-23T20:49:54,422  INFO [main] ql.Driver: Starting task [Stage-0:DDL] in serial mode
2024-04-23T20:49:54,422  INFO [main] HiveMetaStore.audit: ugi=alex	ip=unknown-ip-addr	cmd=get_table : tbl=hive.default.nonAcidOrcTbl	
2024-04-23T20:49:54,430  INFO [main] metastore.HMSHandler: Skipping translation for processor with null
2024-04-23T20:49:54,430  INFO [main] HiveMetaStore.audit: ugi=alex	ip=unknown-ip-addr	cmd=get_table : tbl=hive.default.nonAcidOrcTbl	
2024-04-23T20:49:54,438  INFO [main] metastore.HMSHandler: Skipping translation for processor with null
2024-04-23T20:49:54,438  INFO [main] HiveMetaStore.audit: ugi=alex	ip=unknown-ip-addr	cmd=drop_table : tbl=hive.default.nonAcidOrcTbl	
2024-04-23T20:49:54,502  INFO [main] metadata.Hive: Dumping metastore api call timing information for : execution phase
2024-04-23T20:49:54,503  INFO [main] metadata.Hive: Total time spent in each metastore function (ms): {dropTable_(String, String, boolean, boolean, boolean)=72, isCompatibleWith_(Configuration)=0, getTable_(GetTableRequest)=8}
2024-04-23T20:49:54,503  INFO [main] ql.Driver: Completed executing command(queryId=alex_20240423204954_4ec10f28-5620-4728-9e59-4ca7a5f476ac); Time taken: 0.081 seconds
2024-04-23T20:49:54,503  INFO [main] lockmgr.DbTxnManager: Stopped heartbeat for query: alex_20240423204954_4ec10f28-5620-4728-9e59-4ca7a5f476ac
2024-04-23T20:49:54,507  INFO [main] txn.TxnHandler: Expected to move at least one record from txn_components to completed_txn_components when committing txn! txnid:26
2024-04-23T20:49:54,512  INFO [main] txn.TxnHandler: Removed transactions: ([26]) from MIN_HISTORY_LEVEL
2024-04-23T20:49:54,513  WARN [main] txn.CompactionTxnHandler: No compaction queue record found for Compaction type transaction commit. txnId:26
2024-04-23T20:49:54,513  INFO [main] ql.TxnCommandsBaseForTests: Running the query: drop table if exists nonAcidOrcTbl2
2024-04-23T20:49:54,514  INFO [main] ql.Driver: Compiling command(queryId=alex_20240423204954_1249c16b-a8c8-46c0-8fb1-09a1ecde2aff): drop table if exists nonAcidOrcTbl2
2024-04-23T20:49:54,516  INFO [main] txn.TxnHandler: Added entries to MIN_HISTORY_LEVEL for current txns: ([27]) with min_open_txn: 21
2024-04-23T20:49:54,517  INFO [main] lockmgr.DbTxnManager: Opened txnid:27
2024-04-23T20:49:54,517  INFO [main] HiveMetaStore.audit: ugi=alex	ip=unknown-ip-addr	cmd=get_table : tbl=hive.default.nonAcidOrcTbl2	
2024-04-23T20:49:54,525  INFO [main] metastore.HMSHandler: Skipping translation for processor with null
2024-04-23T20:49:54,526  INFO [main] ql.Driver: Semantic Analysis Completed (retrial = false)
2024-04-23T20:49:54,526  INFO [main] ql.Driver: Created Hive schema: Schema(fieldSchemas:null, properties:null)
2024-04-23T20:49:54,526  INFO [main] metadata.Hive: Dumping metastore api call timing information for : compilation phase
2024-04-23T20:49:54,526  INFO [main] metadata.Hive: Total time spent in each metastore function (ms): {openTxn_(String, TxnType)=3, getValidTxns_(long)=0, flushCache_()=0, isCompatibleWith_(Configuration)=0, getTable_(GetTableRequest)=9, commitTxn_(CommitTxnRequest)=10}
2024-04-23T20:49:54,526  INFO [main] ql.Driver: Completed compiling command(queryId=alex_20240423204954_1249c16b-a8c8-46c0-8fb1-09a1ecde2aff); Time taken: 0.013 seconds
2024-04-23T20:49:54,526  INFO [main] lockmgr.DbTxnManager: Setting lock request transaction to txnid:27 for queryId=alex_20240423204954_1249c16b-a8c8-46c0-8fb1-09a1ecde2aff
2024-04-23T20:49:54,527  INFO [main] lockmgr.DbLockManager: Requesting lock for queryId=alex_20240423204954_1249c16b-a8c8-46c0-8fb1-09a1ecde2aff
2024-04-23T20:49:54,541  INFO [main] lockmgr.DbLockManager: Response to queryId=alex_20240423204954_1249c16b-a8c8-46c0-8fb1-09a1ecde2aff LockResponse(lockid:17, state:ACQUIRED)
2024-04-23T20:49:54,541  INFO [main] ql.Driver: Operation DROPTABLE obtained 1 locks
2024-04-23T20:49:54,541  INFO [main] ql.Driver: Executing command(queryId=alex_20240423204954_1249c16b-a8c8-46c0-8fb1-09a1ecde2aff): drop table if exists nonAcidOrcTbl2
2024-04-23T20:49:54,541  INFO [main] ql.Driver: Starting task [Stage-0:DDL] in serial mode
2024-04-23T20:49:54,541  INFO [main] HiveMetaStore.audit: ugi=alex	ip=unknown-ip-addr	cmd=get_table : tbl=hive.default.nonAcidOrcTbl2	
2024-04-23T20:49:54,549  INFO [main] metastore.HMSHandler: Skipping translation for processor with null
2024-04-23T20:49:54,550  INFO [main] HiveMetaStore.audit: ugi=alex	ip=unknown-ip-addr	cmd=get_table : tbl=hive.default.nonAcidOrcTbl2	
2024-04-23T20:49:54,557  INFO [main] metastore.HMSHandler: Skipping translation for processor with null
2024-04-23T20:49:54,558  INFO [main] HiveMetaStore.audit: ugi=alex	ip=unknown-ip-addr	cmd=drop_table : tbl=hive.default.nonAcidOrcTbl2	
2024-04-23T20:49:54,593  INFO [main] metadata.Hive: Dumping metastore api call timing information for : execution phase
2024-04-23T20:49:54,593  INFO [main] metadata.Hive: Total time spent in each metastore function (ms): {isCompatibleWith_(Configuration)=0, dropTable_(String, String, boolean, boolean, boolean)=43, getTable_(GetTableRequest)=8}
2024-04-23T20:49:54,593  INFO [main] ql.Driver: Completed executing command(queryId=alex_20240423204954_1249c16b-a8c8-46c0-8fb1-09a1ecde2aff); Time taken: 0.051 seconds
2024-04-23T20:49:54,593  INFO [main] lockmgr.DbTxnManager: Stopped heartbeat for query: alex_20240423204954_1249c16b-a8c8-46c0-8fb1-09a1ecde2aff
2024-04-23T20:49:54,599  INFO [main] txn.TxnHandler: Expected to move at least one record from txn_components to completed_txn_components when committing txn! txnid:27
2024-04-23T20:49:54,609  INFO [main] txn.TxnHandler: Removed transactions: ([27]) from MIN_HISTORY_LEVEL
2024-04-23T20:49:54,609  WARN [main] txn.CompactionTxnHandler: No compaction queue record found for Compaction type transaction commit. txnId:27
2024-04-23T20:49:54,610  INFO [main] ql.TxnCommandsBaseForTests: Running the query: drop table if exists nonAcidNonBucket
2024-04-23T20:49:54,610  INFO [main] ql.Driver: Compiling command(queryId=alex_20240423204954_27eb648c-eb35-4ac5-bba5-477bec86c460): drop table if exists nonAcidNonBucket
2024-04-23T20:49:54,613  INFO [main] txn.TxnHandler: Added entries to MIN_HISTORY_LEVEL for current txns: ([28]) with min_open_txn: 21
2024-04-23T20:49:54,614  INFO [main] lockmgr.DbTxnManager: Opened txnid:28
2024-04-23T20:49:54,615  INFO [main] HiveMetaStore.audit: ugi=alex	ip=unknown-ip-addr	cmd=get_table : tbl=hive.default.nonAcidNonBucket	
2024-04-23T20:49:54,624  INFO [main] metastore.HMSHandler: Skipping translation for processor with null
2024-04-23T20:49:54,624  INFO [main] ql.Driver: Semantic Analysis Completed (retrial = false)
2024-04-23T20:49:54,624  INFO [main] ql.Driver: Created Hive schema: Schema(fieldSchemas:null, properties:null)
2024-04-23T20:49:54,624  INFO [main] metadata.Hive: Dumping metastore api call timing information for : compilation phase
2024-04-23T20:49:54,625  INFO [main] metadata.Hive: Total time spent in each metastore function (ms): {isCompatibleWith_(Configuration)=1, getValidTxns_(long)=1, openTxn_(String, TxnType)=3, getTable_(GetTableRequest)=9, flushCache_()=0, commitTxn_(CommitTxnRequest)=16}
2024-04-23T20:49:54,625  INFO [main] ql.Driver: Completed compiling command(queryId=alex_20240423204954_27eb648c-eb35-4ac5-bba5-477bec86c460); Time taken: 0.014 seconds
2024-04-23T20:49:54,625  INFO [main] lockmgr.DbTxnManager: Setting lock request transaction to txnid:28 for queryId=alex_20240423204954_27eb648c-eb35-4ac5-bba5-477bec86c460
2024-04-23T20:49:54,626  INFO [main] lockmgr.DbLockManager: Requesting lock for queryId=alex_20240423204954_27eb648c-eb35-4ac5-bba5-477bec86c460
2024-04-23T20:49:54,641  INFO [main] lockmgr.DbLockManager: Response to queryId=alex_20240423204954_27eb648c-eb35-4ac5-bba5-477bec86c460 LockResponse(lockid:18, state:ACQUIRED)
2024-04-23T20:49:54,641  INFO [main] ql.Driver: Operation DROPTABLE obtained 1 locks
2024-04-23T20:49:54,641  INFO [main] ql.Driver: Executing command(queryId=alex_20240423204954_27eb648c-eb35-4ac5-bba5-477bec86c460): drop table if exists nonAcidNonBucket
2024-04-23T20:49:54,641  INFO [main] ql.Driver: Starting task [Stage-0:DDL] in serial mode
2024-04-23T20:49:54,641  INFO [main] HiveMetaStore.audit: ugi=alex	ip=unknown-ip-addr	cmd=get_table : tbl=hive.default.nonAcidNonBucket	
2024-04-23T20:49:54,649  INFO [main] metastore.HMSHandler: Skipping translation for processor with null
2024-04-23T20:49:54,650  INFO [main] HiveMetaStore.audit: ugi=alex	ip=unknown-ip-addr	cmd=get_table : tbl=hive.default.nonAcidNonBucket	
2024-04-23T20:49:54,658  INFO [main] metastore.HMSHandler: Skipping translation for processor with null
2024-04-23T20:49:54,658  INFO [main] HiveMetaStore.audit: ugi=alex	ip=unknown-ip-addr	cmd=drop_table : tbl=hive.default.nonAcidNonBucket	
2024-04-23T20:49:54,687  INFO [main] metadata.Hive: Dumping metastore api call timing information for : execution phase
2024-04-23T20:49:54,687  INFO [main] metadata.Hive: Total time spent in each metastore function (ms): {dropTable_(String, String, boolean, boolean, boolean)=37, isCompatibleWith_(Configuration)=0, getTable_(GetTableRequest)=8}
2024-04-23T20:49:54,687  INFO [main] ql.Driver: Completed executing command(queryId=alex_20240423204954_27eb648c-eb35-4ac5-bba5-477bec86c460); Time taken: 0.046 seconds
2024-04-23T20:49:54,687  INFO [main] lockmgr.DbTxnManager: Stopped heartbeat for query: alex_20240423204954_27eb648c-eb35-4ac5-bba5-477bec86c460
2024-04-23T20:49:54,691  INFO [main] txn.TxnHandler: Expected to move at least one record from txn_components to completed_txn_components when committing txn! txnid:28
2024-04-23T20:49:54,698  INFO [main] txn.TxnHandler: Removed transactions: ([28]) from MIN_HISTORY_LEVEL
2024-04-23T20:49:54,698  WARN [main] txn.CompactionTxnHandler: No compaction queue record found for Compaction type transaction commit. txnId:28
2024-04-23T20:49:54,699  INFO [main] utils.TestTxnDbUtil: Cleaning transactional tables
]]></system-err>
  </testcase>
  <testcase name="testExportPartPartial2" classname="org.apache.hadoop.hive.ql.TestTxnExIm" time="7.033"/>
  <testcase name="testExportPartPartial3" classname="org.apache.hadoop.hive.ql.TestTxnExIm" time="7.204"/>
  <testcase name="testExportMerge" classname="org.apache.hadoop.hive.ql.TestTxnExIm" time="3.597">
    <error type="java.lang.RuntimeException"><![CDATA[java.lang.RuntimeException: update T set b = 17 where a = 1 failed: (responseCode = 40000, errorMessage = FAILED: NoMatchingMethodException No matching method for class org.apache.hadoop.hive.ql.udf.UDFToInteger with (struct<writeid:bigint,bucketid:int,rowid:bigint>). Possible choices: _FUNC_(bigint)  _FUNC_(boolean)  _FUNC_(decimal(38,18))  _FUNC_(double)  _FUNC_(float)  _FUNC_(smallint)  _FUNC_(string)  _FUNC_(struct<bucketid:bigint,rowid:int,writeid:bigint>)  _FUNC_(timestamp)  _FUNC_(tinyint)  _FUNC_(void)  , hiveErrorCode = 40000, SQLState = 42000, exception = No matching method for class org.apache.hadoop.hive.ql.udf.UDFToInteger with (struct<writeid:bigint,bucketid:int,rowid:bigint>). Possible choices: _FUNC_(bigint)  _FUNC_(boolean)  _FUNC_(decimal(38,18))  _FUNC_(double)  _FUNC_(float)  _FUNC_(smallint)  _FUNC_(string)  _FUNC_(struct<bucketid:bigint,rowid:int,writeid:bigint>)  _FUNC_(timestamp)  _FUNC_(tinyint)  _FUNC_(void)  )
	at org.apache.hadoop.hive.ql.TxnCommandsBaseForTests.runStatementOnDriver(TxnCommandsBaseForTests.java:247)
	at org.apache.hadoop.hive.ql.TestTxnExIm.testExportMerge(TestTxnExIm.java:104)
	at sun.reflect.NativeMethodAccessorImpl.invoke0(Native Method)
	at sun.reflect.NativeMethodAccessorImpl.invoke(NativeMethodAccessorImpl.java:62)
	at sun.reflect.DelegatingMethodAccessorImpl.invoke(DelegatingMethodAccessorImpl.java:43)
	at java.lang.reflect.Method.invoke(Method.java:498)
	at org.junit.runners.model.FrameworkMethod$1.runReflectiveCall(FrameworkMethod.java:59)
	at org.junit.internal.runners.model.ReflectiveCallable.run(ReflectiveCallable.java:12)
	at org.junit.runners.model.FrameworkMethod.invokeExplosively(FrameworkMethod.java:56)
	at org.junit.internal.runners.statements.InvokeMethod.evaluate(InvokeMethod.java:17)
	at org.junit.internal.runners.statements.RunBefores.evaluate(RunBefores.java:26)
	at org.junit.internal.runners.statements.RunAfters.evaluate(RunAfters.java:27)
	at org.junit.rules.TestWatcher$1.evaluate(TestWatcher.java:61)
	at org.junit.runners.ParentRunner$3.evaluate(ParentRunner.java:306)
	at org.junit.runners.BlockJUnit4ClassRunner$1.evaluate(BlockJUnit4ClassRunner.java:100)
	at org.junit.runners.ParentRunner.runLeaf(ParentRunner.java:366)
	at org.junit.runners.BlockJUnit4ClassRunner.runChild(BlockJUnit4ClassRunner.java:103)
	at org.junit.runners.BlockJUnit4ClassRunner.runChild(BlockJUnit4ClassRunner.java:63)
	at org.junit.runners.ParentRunner$4.run(ParentRunner.java:331)
	at org.junit.runners.ParentRunner$1.schedule(ParentRunner.java:79)
	at org.junit.runners.ParentRunner.runChildren(ParentRunner.java:329)
	at org.junit.runners.ParentRunner.access$100(ParentRunner.java:66)
	at org.junit.runners.ParentRunner$2.evaluate(ParentRunner.java:293)
	at org.junit.runners.ParentRunner$3.evaluate(ParentRunner.java:306)
	at org.junit.runners.ParentRunner.run(ParentRunner.java:413)
	at org.junit.runner.JUnitCore.run(JUnitCore.java:137)
	at org.junit.runner.JUnitCore.run(JUnitCore.java:115)
	at org.junit.vintage.engine.execution.RunnerExecutor.execute(RunnerExecutor.java:43)
	at java.util.stream.ForEachOps$ForEachOp$OfRef.accept(ForEachOps.java:183)
	at java.util.stream.ReferencePipeline$3$1.accept(ReferencePipeline.java:193)
	at java.util.Iterator.forEachRemaining(Iterator.java:116)
	at java.util.Spliterators$IteratorSpliterator.forEachRemaining(Spliterators.java:1801)
	at java.util.stream.AbstractPipeline.copyInto(AbstractPipeline.java:482)
	at java.util.stream.AbstractPipeline.wrapAndCopyInto(AbstractPipeline.java:472)
	at java.util.stream.ForEachOps$ForEachOp.evaluateSequential(ForEachOps.java:150)
	at java.util.stream.ForEachOps$ForEachOp$OfRef.evaluateSequential(ForEachOps.java:173)
	at java.util.stream.AbstractPipeline.evaluate(AbstractPipeline.java:234)
	at java.util.stream.ReferencePipeline.forEach(ReferencePipeline.java:485)
	at org.junit.vintage.engine.VintageTestEngine.executeAllChildren(VintageTestEngine.java:82)
	at org.junit.vintage.engine.VintageTestEngine.execute(VintageTestEngine.java:73)
	at org.junit.platform.launcher.core.DefaultLauncher.execute(DefaultLauncher.java:248)
	at org.junit.platform.launcher.core.DefaultLauncher.lambda$execute$5(DefaultLauncher.java:211)
	at org.junit.platform.launcher.core.DefaultLauncher.withInterceptedStreams(DefaultLauncher.java:226)
	at org.junit.platform.launcher.core.DefaultLauncher.execute(DefaultLauncher.java:199)
	at org.junit.platform.launcher.core.DefaultLauncher.execute(DefaultLauncher.java:132)
	at org.apache.maven.surefire.junitplatform.JUnitPlatformProvider.invokeAllTests(JUnitPlatformProvider.java:154)
	at org.apache.maven.surefire.junitplatform.JUnitPlatformProvider.invoke(JUnitPlatformProvider.java:123)
	at org.apache.maven.surefire.booter.ForkedBooter.runSuitesInProcess(ForkedBooter.java:377)
	at org.apache.maven.surefire.booter.ForkedBooter.execute(ForkedBooter.java:138)
	at org.apache.maven.surefire.booter.ForkedBooter.run(ForkedBooter.java:465)
	at org.apache.maven.surefire.booter.ForkedBooter.main(ForkedBooter.java:451)
]]></error>
    <system-err><![CDATA[2024-04-23T20:50:09,001  WARN [main] conf.HiveConf: HiveConf of name hive.llap.io.cache.orc.alloc.max does not exist
2024-04-23T20:50:09,001  WARN [main] conf.HiveConf: HiveConf of name hive.llap.io.cache.orc.arena.size does not exist
2024-04-23T20:50:09,001  WARN [main] conf.HiveConf: HiveConf of name hive.dummyparam.test.server.specific.config.hivesite does not exist
2024-04-23T20:50:09,001  WARN [main] conf.HiveConf: HiveConf of name hive.dummyparam.test.server.specific.config.override does not exist
2024-04-23T20:50:09,001  WARN [main] conf.HiveConf: HiveConf of name hive.metastore.client.cache.recordStats does not exist
2024-04-23T20:50:09,001  WARN [main] conf.HiveConf: HiveConf of name hive.dummyparam.test.server.specific.config.metastoresite does not exist
2024-04-23T20:50:09,002  WARN [main] conf.HiveConf: HiveConf of name hive.llap.io.cache.orc.alloc.min does not exist
2024-04-23T20:50:09,002  WARN [main] conf.HiveConf: HiveConf of name hive.llap.io.cache.orc.size does not exist
2024-04-23T20:50:09,002  WARN [main] conf.HiveConf: HiveConf of name hive.metastore.metadb.dir does not exist
2024-04-23T20:50:09,002  WARN [main] conf.HiveConf: HiveConf of name hive.stats.key.prefix.reserve.length does not exist
2024-04-23T20:50:09,002  WARN [main] conf.HiveConf: HiveConf of name hive.metastore.client.cache.maxSize does not exist
2024-04-23T20:50:09,004  INFO [main] utils.TestTxnDbUtil: Creating transactional tables
Hive Session ID = 4949244f-35ee-4fb2-93bb-5991e2b40d5d
2024-04-23T20:50:09,006  INFO [main] SessionState: Hive Session ID = 4949244f-35ee-4fb2-93bb-5991e2b40d5d
ivysettings.xml file not found in HIVE_HOME or HIVE_CONF_DIR,/home/alex/Repositories/hive/conf/ivysettings.xml will be used
2024-04-23T20:50:09,007  INFO [main] DependencyResolver: ivysettings.xml file not found in HIVE_HOME or HIVE_CONF_DIR,/home/alex/Repositories/hive/conf/ivysettings.xml will be used
2024-04-23T20:50:09,012  INFO [main] session.SessionState: Created HDFS directory: /home/alex/Repositories/hive/ql/target/tmp/scratchdir/alex/4949244f-35ee-4fb2-93bb-5991e2b40d5d
2024-04-23T20:50:09,015  INFO [main] session.SessionState: Created local directory: /home/alex/Repositories/hive/ql/target/tmp/localscratchdir/4949244f-35ee-4fb2-93bb-5991e2b40d5d
2024-04-23T20:50:09,017  INFO [main] session.SessionState: Created HDFS directory: /home/alex/Repositories/hive/ql/target/tmp/scratchdir/alex/4949244f-35ee-4fb2-93bb-5991e2b40d5d/_tmp_space.db
2024-04-23T20:50:09,017  INFO [main] sqlstd.SQLStdHiveAccessController: Created SQLStdHiveAccessController for session context : HiveAuthzSessionContext [sessionString=4949244f-35ee-4fb2-93bb-5991e2b40d5d, clientType=HIVECLI]
2024-04-23T20:50:09,018  INFO [main] ql.TxnCommandsBaseForTests: Running the query: drop table if exists acidTbl
2024-04-23T20:50:09,018  INFO [main] ql.Driver: Compiling command(queryId=alex_20240423205009_c3a5a135-97e5-4960-9ca9-8ccd066e737f): drop table if exists acidTbl
2024-04-23T20:50:09,027  INFO [main] txn.TxnHandler: Added entries to MIN_HISTORY_LEVEL for current txns: ([1]) with min_open_txn: 1
2024-04-23T20:50:09,027  INFO [main] lockmgr.DbTxnManager: Opened txnid:1
2024-04-23T20:50:09,030  INFO [main] HiveMetaStore.audit: ugi=alex	ip=unknown-ip-addr	cmd=get_table : tbl=hive.default.acidTbl	
2024-04-23T20:50:09,033  INFO [main] ql.Driver: Semantic Analysis Completed (retrial = false)
2024-04-23T20:50:09,033  INFO [main] ql.Driver: Created Hive schema: Schema(fieldSchemas:null, properties:null)
2024-04-23T20:50:09,033  INFO [main] metadata.Hive: Dumping metastore api call timing information for : compilation phase
2024-04-23T20:50:09,033  INFO [main] metadata.Hive: Total time spent in each metastore function (ms): {flushCache_()=0, openTxn_(String, TxnType)=9, commitTxn_(CommitTxnRequest)=12, getValidTxns_(long)=3, isCompatibleWith_(Configuration)=0}
2024-04-23T20:50:09,033  INFO [main] ql.Driver: Completed compiling command(queryId=alex_20240423205009_c3a5a135-97e5-4960-9ca9-8ccd066e737f); Time taken: 0.015 seconds
2024-04-23T20:50:09,034  INFO [main] lockmgr.DbTxnManager: Setting lock request transaction to txnid:1 for queryId=alex_20240423205009_c3a5a135-97e5-4960-9ca9-8ccd066e737f
2024-04-23T20:50:09,034  INFO [main] ql.Driver: Operation DROPTABLE obtained 0 locks
2024-04-23T20:50:09,034  INFO [main] ql.Driver: Executing command(queryId=alex_20240423205009_c3a5a135-97e5-4960-9ca9-8ccd066e737f): drop table if exists acidTbl
2024-04-23T20:50:09,034  INFO [main] ql.Driver: Starting task [Stage-0:DDL] in serial mode
2024-04-23T20:50:09,034  INFO [main] HiveMetaStore.audit: ugi=alex	ip=unknown-ip-addr	cmd=get_table : tbl=hive.default.acidTbl	
2024-04-23T20:50:09,038  INFO [main] metadata.Hive: Dumping metastore api call timing information for : execution phase
2024-04-23T20:50:09,038  INFO [main] metadata.Hive: Total time spent in each metastore function (ms): {isCompatibleWith_(Configuration)=0}
2024-04-23T20:50:09,039  INFO [main] ql.Driver: Completed executing command(queryId=alex_20240423205009_c3a5a135-97e5-4960-9ca9-8ccd066e737f); Time taken: 0.004 seconds
2024-04-23T20:50:09,039  INFO [main] lockmgr.DbTxnManager: Stopped heartbeat for query: alex_20240423205009_c3a5a135-97e5-4960-9ca9-8ccd066e737f
2024-04-23T20:50:09,046  INFO [main] txn.TxnHandler: Expected to move at least one record from txn_components to completed_txn_components when committing txn! txnid:1
2024-04-23T20:50:09,053  INFO [main] txn.TxnHandler: Removed transactions: ([1]) from MIN_HISTORY_LEVEL
2024-04-23T20:50:09,053  WARN [main] txn.CompactionTxnHandler: No compaction queue record found for Compaction type transaction commit. txnId:1
2024-04-23T20:50:09,054  INFO [main] ql.TxnCommandsBaseForTests: Running the query: drop table if exists acidTblPart
2024-04-23T20:50:09,054  INFO [main] ql.Driver: Compiling command(queryId=alex_20240423205009_0ec087c5-3a88-4a2b-a0ec-2b36bdc06e28): drop table if exists acidTblPart
2024-04-23T20:50:09,056  INFO [main] txn.TxnHandler: Added entries to MIN_HISTORY_LEVEL for current txns: ([2]) with min_open_txn: 1
2024-04-23T20:50:09,057  INFO [main] lockmgr.DbTxnManager: Opened txnid:2
2024-04-23T20:50:09,057  INFO [main] HiveMetaStore.audit: ugi=alex	ip=unknown-ip-addr	cmd=get_table : tbl=hive.default.acidTblPart	
2024-04-23T20:50:09,061  INFO [main] ql.Driver: Semantic Analysis Completed (retrial = false)
2024-04-23T20:50:09,061  INFO [main] ql.Driver: Created Hive schema: Schema(fieldSchemas:null, properties:null)
2024-04-23T20:50:09,061  INFO [main] metadata.Hive: Dumping metastore api call timing information for : compilation phase
2024-04-23T20:50:09,061  INFO [main] metadata.Hive: Total time spent in each metastore function (ms): {openTxn_(String, TxnType)=2, isCompatibleWith_(Configuration)=0, flushCache_()=0, getValidTxns_(long)=0, commitTxn_(CommitTxnRequest)=15}
2024-04-23T20:50:09,061  INFO [main] ql.Driver: Completed compiling command(queryId=alex_20240423205009_0ec087c5-3a88-4a2b-a0ec-2b36bdc06e28); Time taken: 0.007 seconds
2024-04-23T20:50:09,061  INFO [main] lockmgr.DbTxnManager: Setting lock request transaction to txnid:2 for queryId=alex_20240423205009_0ec087c5-3a88-4a2b-a0ec-2b36bdc06e28
2024-04-23T20:50:09,061  INFO [main] ql.Driver: Operation DROPTABLE obtained 0 locks
2024-04-23T20:50:09,062  INFO [main] ql.Driver: Executing command(queryId=alex_20240423205009_0ec087c5-3a88-4a2b-a0ec-2b36bdc06e28): drop table if exists acidTblPart
2024-04-23T20:50:09,062  INFO [main] ql.Driver: Starting task [Stage-0:DDL] in serial mode
2024-04-23T20:50:09,062  INFO [main] HiveMetaStore.audit: ugi=alex	ip=unknown-ip-addr	cmd=get_table : tbl=hive.default.acidTblPart	
2024-04-23T20:50:09,065  INFO [main] metadata.Hive: Dumping metastore api call timing information for : execution phase
2024-04-23T20:50:09,065  INFO [main] metadata.Hive: Total time spent in each metastore function (ms): {isCompatibleWith_(Configuration)=0}
2024-04-23T20:50:09,065  INFO [main] ql.Driver: Completed executing command(queryId=alex_20240423205009_0ec087c5-3a88-4a2b-a0ec-2b36bdc06e28); Time taken: 0.004 seconds
2024-04-23T20:50:09,065  INFO [main] lockmgr.DbTxnManager: Stopped heartbeat for query: alex_20240423205009_0ec087c5-3a88-4a2b-a0ec-2b36bdc06e28
2024-04-23T20:50:09,071  INFO [main] txn.TxnHandler: Expected to move at least one record from txn_components to completed_txn_components when committing txn! txnid:2
2024-04-23T20:50:09,078  INFO [main] txn.TxnHandler: Removed transactions: ([2]) from MIN_HISTORY_LEVEL
2024-04-23T20:50:09,079  WARN [main] txn.CompactionTxnHandler: No compaction queue record found for Compaction type transaction commit. txnId:2
2024-04-23T20:50:09,079  INFO [main] ql.TxnCommandsBaseForTests: Running the query: drop table if exists acidTbl2
2024-04-23T20:50:09,079  INFO [main] ql.Driver: Compiling command(queryId=alex_20240423205009_9ad33308-296e-4cc6-8f4c-0932a0308402): drop table if exists acidTbl2
2024-04-23T20:50:09,083  INFO [main] txn.TxnHandler: Added entries to MIN_HISTORY_LEVEL for current txns: ([3]) with min_open_txn: 1
2024-04-23T20:50:09,083  INFO [main] lockmgr.DbTxnManager: Opened txnid:3
2024-04-23T20:50:09,084  INFO [main] HiveMetaStore.audit: ugi=alex	ip=unknown-ip-addr	cmd=get_table : tbl=hive.default.acidTbl2	
2024-04-23T20:50:09,087  INFO [main] ql.Driver: Semantic Analysis Completed (retrial = false)
2024-04-23T20:50:09,087  INFO [main] ql.Driver: Created Hive schema: Schema(fieldSchemas:null, properties:null)
2024-04-23T20:50:09,087  INFO [main] metadata.Hive: Dumping metastore api call timing information for : compilation phase
2024-04-23T20:50:09,087  INFO [main] metadata.Hive: Total time spent in each metastore function (ms): {isCompatibleWith_(Configuration)=1, commitTxn_(CommitTxnRequest)=13, flushCache_()=0, getValidTxns_(long)=1, openTxn_(String, TxnType)=3}
2024-04-23T20:50:09,088  INFO [main] ql.Driver: Completed compiling command(queryId=alex_20240423205009_9ad33308-296e-4cc6-8f4c-0932a0308402); Time taken: 0.008 seconds
2024-04-23T20:50:09,088  INFO [main] lockmgr.DbTxnManager: Setting lock request transaction to txnid:3 for queryId=alex_20240423205009_9ad33308-296e-4cc6-8f4c-0932a0308402
2024-04-23T20:50:09,088  INFO [main] ql.Driver: Operation DROPTABLE obtained 0 locks
2024-04-23T20:50:09,088  INFO [main] ql.Driver: Executing command(queryId=alex_20240423205009_9ad33308-296e-4cc6-8f4c-0932a0308402): drop table if exists acidTbl2
2024-04-23T20:50:09,088  INFO [main] ql.Driver: Starting task [Stage-0:DDL] in serial mode
2024-04-23T20:50:09,088  INFO [main] HiveMetaStore.audit: ugi=alex	ip=unknown-ip-addr	cmd=get_table : tbl=hive.default.acidTbl2	
2024-04-23T20:50:09,092  INFO [main] metadata.Hive: Dumping metastore api call timing information for : execution phase
2024-04-23T20:50:09,092  INFO [main] metadata.Hive: Total time spent in each metastore function (ms): {isCompatibleWith_(Configuration)=0}
2024-04-23T20:50:09,092  INFO [main] ql.Driver: Completed executing command(queryId=alex_20240423205009_9ad33308-296e-4cc6-8f4c-0932a0308402); Time taken: 0.004 seconds
2024-04-23T20:50:09,092  INFO [main] lockmgr.DbTxnManager: Stopped heartbeat for query: alex_20240423205009_9ad33308-296e-4cc6-8f4c-0932a0308402
2024-04-23T20:50:09,098  INFO [main] txn.TxnHandler: Expected to move at least one record from txn_components to completed_txn_components when committing txn! txnid:3
2024-04-23T20:50:09,105  INFO [main] txn.TxnHandler: Removed transactions: ([3]) from MIN_HISTORY_LEVEL
2024-04-23T20:50:09,105  WARN [main] txn.CompactionTxnHandler: No compaction queue record found for Compaction type transaction commit. txnId:3
2024-04-23T20:50:09,105  INFO [main] ql.TxnCommandsBaseForTests: Running the query: drop table if exists nonAcidOrcTbl
2024-04-23T20:50:09,106  INFO [main] ql.Driver: Compiling command(queryId=alex_20240423205009_0cb45fbe-4400-42ba-a944-e9ee7f75c950): drop table if exists nonAcidOrcTbl
2024-04-23T20:50:09,108  INFO [main] txn.TxnHandler: Added entries to MIN_HISTORY_LEVEL for current txns: ([4]) with min_open_txn: 1
2024-04-23T20:50:09,108  INFO [main] lockmgr.DbTxnManager: Opened txnid:4
2024-04-23T20:50:09,109  INFO [main] HiveMetaStore.audit: ugi=alex	ip=unknown-ip-addr	cmd=get_table : tbl=hive.default.nonAcidOrcTbl	
2024-04-23T20:50:09,112  INFO [main] ql.Driver: Semantic Analysis Completed (retrial = false)
2024-04-23T20:50:09,112  INFO [main] ql.Driver: Created Hive schema: Schema(fieldSchemas:null, properties:null)
2024-04-23T20:50:09,112  INFO [main] metadata.Hive: Dumping metastore api call timing information for : compilation phase
2024-04-23T20:50:09,112  INFO [main] metadata.Hive: Total time spent in each metastore function (ms): {commitTxn_(CommitTxnRequest)=13, getValidTxns_(long)=0, openTxn_(String, TxnType)=2, flushCache_()=0, isCompatibleWith_(Configuration)=1}
2024-04-23T20:50:09,112  INFO [main] ql.Driver: Completed compiling command(queryId=alex_20240423205009_0cb45fbe-4400-42ba-a944-e9ee7f75c950); Time taken: 0.006 seconds
2024-04-23T20:50:09,113  INFO [main] lockmgr.DbTxnManager: Setting lock request transaction to txnid:4 for queryId=alex_20240423205009_0cb45fbe-4400-42ba-a944-e9ee7f75c950
2024-04-23T20:50:09,113  INFO [main] ql.Driver: Operation DROPTABLE obtained 0 locks
2024-04-23T20:50:09,113  INFO [main] ql.Driver: Executing command(queryId=alex_20240423205009_0cb45fbe-4400-42ba-a944-e9ee7f75c950): drop table if exists nonAcidOrcTbl
2024-04-23T20:50:09,113  INFO [main] ql.Driver: Starting task [Stage-0:DDL] in serial mode
2024-04-23T20:50:09,113  INFO [main] HiveMetaStore.audit: ugi=alex	ip=unknown-ip-addr	cmd=get_table : tbl=hive.default.nonAcidOrcTbl	
2024-04-23T20:50:09,116  INFO [main] metadata.Hive: Dumping metastore api call timing information for : execution phase
2024-04-23T20:50:09,116  INFO [main] metadata.Hive: Total time spent in each metastore function (ms): {isCompatibleWith_(Configuration)=0}
2024-04-23T20:50:09,117  INFO [main] ql.Driver: Completed executing command(queryId=alex_20240423205009_0cb45fbe-4400-42ba-a944-e9ee7f75c950); Time taken: 0.003 seconds
2024-04-23T20:50:09,117  INFO [main] lockmgr.DbTxnManager: Stopped heartbeat for query: alex_20240423205009_0cb45fbe-4400-42ba-a944-e9ee7f75c950
2024-04-23T20:50:09,123  INFO [main] txn.TxnHandler: Expected to move at least one record from txn_components to completed_txn_components when committing txn! txnid:4
2024-04-23T20:50:09,131  INFO [main] txn.TxnHandler: Removed transactions: ([4]) from MIN_HISTORY_LEVEL
2024-04-23T20:50:09,132  WARN [main] txn.CompactionTxnHandler: No compaction queue record found for Compaction type transaction commit. txnId:4
2024-04-23T20:50:09,132  INFO [main] ql.TxnCommandsBaseForTests: Running the query: drop table if exists nonAcidOrcTbl2
2024-04-23T20:50:09,132  INFO [main] ql.Driver: Compiling command(queryId=alex_20240423205009_653dde9c-1631-40b2-8c36-9819e2d2fd27): drop table if exists nonAcidOrcTbl2
2024-04-23T20:50:09,135  INFO [main] txn.TxnHandler: Added entries to MIN_HISTORY_LEVEL for current txns: ([5]) with min_open_txn: 1
2024-04-23T20:50:09,135  INFO [main] lockmgr.DbTxnManager: Opened txnid:5
2024-04-23T20:50:09,136  INFO [main] HiveMetaStore.audit: ugi=alex	ip=unknown-ip-addr	cmd=get_table : tbl=hive.default.nonAcidOrcTbl2	
2024-04-23T20:50:09,139  INFO [main] ql.Driver: Semantic Analysis Completed (retrial = false)
2024-04-23T20:50:09,139  INFO [main] ql.Driver: Created Hive schema: Schema(fieldSchemas:null, properties:null)
2024-04-23T20:50:09,139  INFO [main] metadata.Hive: Dumping metastore api call timing information for : compilation phase
2024-04-23T20:50:09,139  INFO [main] metadata.Hive: Total time spent in each metastore function (ms): {isCompatibleWith_(Configuration)=0, commitTxn_(CommitTxnRequest)=15, flushCache_()=0, getValidTxns_(long)=1, openTxn_(String, TxnType)=2}
2024-04-23T20:50:09,139  INFO [main] ql.Driver: Completed compiling command(queryId=alex_20240423205009_653dde9c-1631-40b2-8c36-9819e2d2fd27); Time taken: 0.007 seconds
2024-04-23T20:50:09,139  INFO [main] lockmgr.DbTxnManager: Setting lock request transaction to txnid:5 for queryId=alex_20240423205009_653dde9c-1631-40b2-8c36-9819e2d2fd27
2024-04-23T20:50:09,139  INFO [main] ql.Driver: Operation DROPTABLE obtained 0 locks
2024-04-23T20:50:09,139  INFO [main] ql.Driver: Executing command(queryId=alex_20240423205009_653dde9c-1631-40b2-8c36-9819e2d2fd27): drop table if exists nonAcidOrcTbl2
2024-04-23T20:50:09,140  INFO [main] ql.Driver: Starting task [Stage-0:DDL] in serial mode
2024-04-23T20:50:09,140  INFO [main] HiveMetaStore.audit: ugi=alex	ip=unknown-ip-addr	cmd=get_table : tbl=hive.default.nonAcidOrcTbl2	
2024-04-23T20:50:09,143  INFO [main] metadata.Hive: Dumping metastore api call timing information for : execution phase
2024-04-23T20:50:09,143  INFO [main] metadata.Hive: Total time spent in each metastore function (ms): {isCompatibleWith_(Configuration)=0}
2024-04-23T20:50:09,143  INFO [main] ql.Driver: Completed executing command(queryId=alex_20240423205009_653dde9c-1631-40b2-8c36-9819e2d2fd27); Time taken: 0.004 seconds
2024-04-23T20:50:09,143  INFO [main] lockmgr.DbTxnManager: Stopped heartbeat for query: alex_20240423205009_653dde9c-1631-40b2-8c36-9819e2d2fd27
2024-04-23T20:50:09,150  INFO [main] txn.TxnHandler: Expected to move at least one record from txn_components to completed_txn_components when committing txn! txnid:5
2024-04-23T20:50:09,157  INFO [main] txn.TxnHandler: Removed transactions: ([5]) from MIN_HISTORY_LEVEL
2024-04-23T20:50:09,157  WARN [main] txn.CompactionTxnHandler: No compaction queue record found for Compaction type transaction commit. txnId:5
2024-04-23T20:50:09,158  INFO [main] ql.TxnCommandsBaseForTests: Running the query: drop table if exists nonAcidNonBucket
2024-04-23T20:50:09,159  INFO [main] ql.Driver: Compiling command(queryId=alex_20240423205009_605e9926-dda9-40c3-855d-df5a15123bd7): drop table if exists nonAcidNonBucket
2024-04-23T20:50:09,161  INFO [main] txn.TxnHandler: Added entries to MIN_HISTORY_LEVEL for current txns: ([6]) with min_open_txn: 1
2024-04-23T20:50:09,161  INFO [main] lockmgr.DbTxnManager: Opened txnid:6
2024-04-23T20:50:09,162  INFO [main] HiveMetaStore.audit: ugi=alex	ip=unknown-ip-addr	cmd=get_table : tbl=hive.default.nonAcidNonBucket	
2024-04-23T20:50:09,165  INFO [main] ql.Driver: Semantic Analysis Completed (retrial = false)
2024-04-23T20:50:09,165  INFO [main] ql.Driver: Created Hive schema: Schema(fieldSchemas:null, properties:null)
2024-04-23T20:50:09,165  INFO [main] metadata.Hive: Dumping metastore api call timing information for : compilation phase
2024-04-23T20:50:09,166  INFO [main] metadata.Hive: Total time spent in each metastore function (ms): {openTxn_(String, TxnType)=2, flushCache_()=0, commitTxn_(CommitTxnRequest)=15, isCompatibleWith_(Configuration)=0, getValidTxns_(long)=1}
2024-04-23T20:50:09,166  INFO [main] ql.Driver: Completed compiling command(queryId=alex_20240423205009_605e9926-dda9-40c3-855d-df5a15123bd7); Time taken: 0.007 seconds
2024-04-23T20:50:09,166  INFO [main] lockmgr.DbTxnManager: Setting lock request transaction to txnid:6 for queryId=alex_20240423205009_605e9926-dda9-40c3-855d-df5a15123bd7
2024-04-23T20:50:09,166  INFO [main] ql.Driver: Operation DROPTABLE obtained 0 locks
2024-04-23T20:50:09,166  INFO [main] ql.Driver: Executing command(queryId=alex_20240423205009_605e9926-dda9-40c3-855d-df5a15123bd7): drop table if exists nonAcidNonBucket
2024-04-23T20:50:09,167  INFO [main] ql.Driver: Starting task [Stage-0:DDL] in serial mode
2024-04-23T20:50:09,167  INFO [main] HiveMetaStore.audit: ugi=alex	ip=unknown-ip-addr	cmd=get_table : tbl=hive.default.nonAcidNonBucket	
2024-04-23T20:50:09,170  INFO [main] metadata.Hive: Dumping metastore api call timing information for : execution phase
2024-04-23T20:50:09,170  INFO [main] metadata.Hive: Total time spent in each metastore function (ms): {isCompatibleWith_(Configuration)=0}
2024-04-23T20:50:09,170  INFO [main] ql.Driver: Completed executing command(queryId=alex_20240423205009_605e9926-dda9-40c3-855d-df5a15123bd7); Time taken: 0.004 seconds
2024-04-23T20:50:09,170  INFO [main] lockmgr.DbTxnManager: Stopped heartbeat for query: alex_20240423205009_605e9926-dda9-40c3-855d-df5a15123bd7
2024-04-23T20:50:09,177  INFO [main] txn.TxnHandler: Expected to move at least one record from txn_components to completed_txn_components when committing txn! txnid:6
2024-04-23T20:50:09,184  INFO [main] txn.TxnHandler: Removed transactions: ([6]) from MIN_HISTORY_LEVEL
2024-04-23T20:50:09,184  WARN [main] txn.CompactionTxnHandler: No compaction queue record found for Compaction type transaction commit. txnId:6
2024-04-23T20:50:09,184  INFO [main] ql.TxnCommandsBaseForTests: Running the query: create table acidTbl(a int, b int) clustered by (a) into 2 buckets stored as orc TBLPROPERTIES ('transactional'='true')
2024-04-23T20:50:09,185  INFO [main] ql.Driver: Compiling command(queryId=alex_20240423205009_ed8c48b4-5bc5-447c-9dfd-c6d0714eac3f): create table acidTbl(a int, b int) clustered by (a) into 2 buckets stored as orc TBLPROPERTIES ('transactional'='true')
2024-04-23T20:50:09,187  INFO [main] txn.TxnHandler: Added entries to MIN_HISTORY_LEVEL for current txns: ([7]) with min_open_txn: 1
2024-04-23T20:50:09,188  INFO [main] lockmgr.DbTxnManager: Opened txnid:7
2024-04-23T20:50:09,188  INFO [main] parse.CalcitePlanner: Starting caching scope for: 
2024-04-23T20:50:09,188  INFO [main] parse.CalcitePlanner: Starting Semantic Analysis
2024-04-23T20:50:09,194  INFO [main] parse.CalcitePlanner: Creating table default.acidTbl position=13
2024-04-23T20:50:09,195  INFO [main] HiveMetaStore.audit: ugi=alex	ip=unknown-ip-addr	cmd=get_database: default	
2024-04-23T20:50:09,196  INFO [main] parse.CalcitePlanner: Ending caching scope for: 
2024-04-23T20:50:09,196  INFO [main] ql.Driver: Semantic Analysis Completed (retrial = false)
2024-04-23T20:50:09,196  INFO [main] ql.Driver: Created Hive schema: Schema(fieldSchemas:null, properties:null)
2024-04-23T20:50:09,196  INFO [main] metadata.Hive: Dumping metastore api call timing information for : compilation phase
2024-04-23T20:50:09,196  INFO [main] metadata.Hive: Total time spent in each metastore function (ms): {getValidWriteIds_(List, String)=6, isCompatibleWith_(Configuration)=0, flushCache_()=0, commitTxn_(CommitTxnRequest)=13, openTxn_(String, TxnType)=3, getDatabase_(String)=2, getValidTxns_(long)=0}
2024-04-23T20:50:09,197  INFO [main] ql.Driver: Completed compiling command(queryId=alex_20240423205009_ed8c48b4-5bc5-447c-9dfd-c6d0714eac3f); Time taken: 0.011 seconds
2024-04-23T20:50:09,197  INFO [main] lockmgr.DbTxnManager: Setting lock request transaction to txnid:7 for queryId=alex_20240423205009_ed8c48b4-5bc5-447c-9dfd-c6d0714eac3f
2024-04-23T20:50:09,197  INFO [main] lockmgr.DbLockManager: Requesting lock for queryId=alex_20240423205009_ed8c48b4-5bc5-447c-9dfd-c6d0714eac3f
2024-04-23T20:50:09,218  INFO [main] lockmgr.DbLockManager: Response to queryId=alex_20240423205009_ed8c48b4-5bc5-447c-9dfd-c6d0714eac3f LockResponse(lockid:1, state:ACQUIRED)
2024-04-23T20:50:09,218  INFO [main] ql.Driver: Operation CREATETABLE obtained 1 locks
2024-04-23T20:50:09,218  INFO [main] ql.Driver: Executing command(queryId=alex_20240423205009_ed8c48b4-5bc5-447c-9dfd-c6d0714eac3f): create table acidTbl(a int, b int) clustered by (a) into 2 buckets stored as orc TBLPROPERTIES ('transactional'='true')
2024-04-23T20:50:09,219  INFO [main] ql.Driver: Starting task [Stage-0:DDL] in serial mode
2024-04-23T20:50:09,220  INFO [main] HiveMetaStore.audit: ugi=alex	ip=unknown-ip-addr	cmd=create_table_req: Table(tableName:acidTbl, dbName:default, owner:alex, createTime:1713930609, lastAccessTime:0, retention:0, sd:StorageDescriptor(cols:[FieldSchema(name:a, type:int, comment:null), FieldSchema(name:b, type:int, comment:null)], location:null, inputFormat:org.apache.hadoop.hive.ql.io.orc.OrcInputFormat, outputFormat:org.apache.hadoop.hive.ql.io.orc.OrcOutputFormat, compressed:false, numBuckets:2, serdeInfo:SerDeInfo(name:null, serializationLib:org.apache.hadoop.hive.ql.io.orc.OrcSerde, parameters:{serialization.format=1}), bucketCols:[a], sortCols:[], parameters:{}, skewedInfo:SkewedInfo(skewedColNames:[], skewedColValues:[], skewedColValueLocationMaps:{}), storedAsSubDirectories:false), partitionKeys:[], parameters:{numFiles=0, bucketing_version=2, totalSize=0, numRows=0, COLUMN_STATS_ACCURATE={"BASIC_STATS":"true","COLUMN_STATS":{"a":"true","b":"true"}}, rawDataSize=0, transactional=true, numFilesErasureCoded=0}, viewOriginalText:null, viewExpandedText:null, tableType:MANAGED_TABLE, privileges:PrincipalPrivilegeSet(userPrivileges:{alex=[PrivilegeGrantInfo(privilege:INSERT, createTime:-1, grantor:alex, grantorType:USER, grantOption:true), PrivilegeGrantInfo(privilege:SELECT, createTime:-1, grantor:alex, grantorType:USER, grantOption:true), PrivilegeGrantInfo(privilege:UPDATE, createTime:-1, grantor:alex, grantorType:USER, grantOption:true), PrivilegeGrantInfo(privilege:DELETE, createTime:-1, grantor:alex, grantorType:USER, grantOption:true)]}, groupPrivileges:null, rolePrivileges:null), temporary:false, catName:hive, ownerType:USER, writeId:0)	
2024-04-23T20:50:09,226  INFO [main] utils.FileUtils: Creating directory if it doesn't exist: file:/home/alex/Repositories/hive/ql/target/tmp/org.apache.hadoop.hive.ql.TestTxnExIm-1713930480318/warehouse/acidtbl
2024-04-23T20:50:09,265  INFO [main] metadata.Hive: Dumping metastore api call timing information for : execution phase
2024-04-23T20:50:09,265  INFO [main] metadata.Hive: Total time spent in each metastore function (ms): {createTable_(Table)=44, isCompatibleWith_(Configuration)=0}
2024-04-23T20:50:09,265  INFO [main] ql.Driver: Completed executing command(queryId=alex_20240423205009_ed8c48b4-5bc5-447c-9dfd-c6d0714eac3f); Time taken: 0.046 seconds
2024-04-23T20:50:09,265  INFO [main] lockmgr.DbTxnManager: Stopped heartbeat for query: alex_20240423205009_ed8c48b4-5bc5-447c-9dfd-c6d0714eac3f
2024-04-23T20:50:09,270  INFO [main] txn.TxnHandler: Expected to move at least one record from txn_components to completed_txn_components when committing txn! txnid:7
2024-04-23T20:50:09,276  INFO [main] txn.TxnHandler: Removed transactions: ([7]) from MIN_HISTORY_LEVEL
2024-04-23T20:50:09,277  WARN [main] txn.CompactionTxnHandler: No compaction queue record found for Compaction type transaction commit. txnId:7
2024-04-23T20:50:09,277  INFO [main] ql.TxnCommandsBaseForTests: Running the query: create table acidTblPart(a int, b int) partitioned by (p string) clustered by (a) into 2 buckets stored as orc TBLPROPERTIES ('transactional'='true')
2024-04-23T20:50:09,277  INFO [main] ql.Driver: Compiling command(queryId=alex_20240423205009_cd9d1119-ea9e-46c2-a3cf-f8c8c4435ca5): create table acidTblPart(a int, b int) partitioned by (p string) clustered by (a) into 2 buckets stored as orc TBLPROPERTIES ('transactional'='true')
2024-04-23T20:50:09,282  INFO [main] txn.TxnHandler: Added entries to MIN_HISTORY_LEVEL for current txns: ([8]) with min_open_txn: 1
2024-04-23T20:50:09,282  INFO [main] lockmgr.DbTxnManager: Opened txnid:8
2024-04-23T20:50:09,282  INFO [main] parse.CalcitePlanner: Starting caching scope for: 
2024-04-23T20:50:09,282  INFO [main] parse.CalcitePlanner: Starting Semantic Analysis
2024-04-23T20:50:09,285  INFO [main] parse.CalcitePlanner: Creating table default.acidTblPart position=13
2024-04-23T20:50:09,285  INFO [main] HiveMetaStore.audit: ugi=alex	ip=unknown-ip-addr	cmd=get_database: default	
2024-04-23T20:50:09,287  INFO [main] parse.CalcitePlanner: Ending caching scope for: 
2024-04-23T20:50:09,287  INFO [main] ql.Driver: Semantic Analysis Completed (retrial = false)
2024-04-23T20:50:09,287  INFO [main] ql.Driver: Created Hive schema: Schema(fieldSchemas:null, properties:null)
2024-04-23T20:50:09,287  INFO [main] metadata.Hive: Dumping metastore api call timing information for : compilation phase
2024-04-23T20:50:09,288  INFO [main] metadata.Hive: Total time spent in each metastore function (ms): {getDatabase_(String)=2, flushCache_()=0, getValidWriteIds_(List, String)=2, isCompatibleWith_(Configuration)=0, getValidTxns_(long)=0, commitTxn_(CommitTxnRequest)=12, openTxn_(String, TxnType)=3}
2024-04-23T20:50:09,288  INFO [main] ql.Driver: Completed compiling command(queryId=alex_20240423205009_cd9d1119-ea9e-46c2-a3cf-f8c8c4435ca5); Time taken: 0.01 seconds
2024-04-23T20:50:09,288  INFO [main] lockmgr.DbTxnManager: Setting lock request transaction to txnid:8 for queryId=alex_20240423205009_cd9d1119-ea9e-46c2-a3cf-f8c8c4435ca5
2024-04-23T20:50:09,288  INFO [main] lockmgr.DbLockManager: Requesting lock for queryId=alex_20240423205009_cd9d1119-ea9e-46c2-a3cf-f8c8c4435ca5
2024-04-23T20:50:09,304  INFO [main] lockmgr.DbLockManager: Response to queryId=alex_20240423205009_cd9d1119-ea9e-46c2-a3cf-f8c8c4435ca5 LockResponse(lockid:2, state:ACQUIRED)
2024-04-23T20:50:09,304  INFO [main] ql.Driver: Operation CREATETABLE obtained 1 locks
2024-04-23T20:50:09,305  INFO [main] ql.Driver: Executing command(queryId=alex_20240423205009_cd9d1119-ea9e-46c2-a3cf-f8c8c4435ca5): create table acidTblPart(a int, b int) partitioned by (p string) clustered by (a) into 2 buckets stored as orc TBLPROPERTIES ('transactional'='true')
2024-04-23T20:50:09,305  INFO [main] ql.Driver: Starting task [Stage-0:DDL] in serial mode
2024-04-23T20:50:09,306  INFO [main] HiveMetaStore.audit: ugi=alex	ip=unknown-ip-addr	cmd=create_table_req: Table(tableName:acidTblPart, dbName:default, owner:alex, createTime:1713930609, lastAccessTime:0, retention:0, sd:StorageDescriptor(cols:[FieldSchema(name:a, type:int, comment:null), FieldSchema(name:b, type:int, comment:null)], location:null, inputFormat:org.apache.hadoop.hive.ql.io.orc.OrcInputFormat, outputFormat:org.apache.hadoop.hive.ql.io.orc.OrcOutputFormat, compressed:false, numBuckets:2, serdeInfo:SerDeInfo(name:null, serializationLib:org.apache.hadoop.hive.ql.io.orc.OrcSerde, parameters:{serialization.format=1}), bucketCols:[a], sortCols:[], parameters:{}, skewedInfo:SkewedInfo(skewedColNames:[], skewedColValues:[], skewedColValueLocationMaps:{}), storedAsSubDirectories:false), partitionKeys:[FieldSchema(name:p, type:string, comment:null)], parameters:{bucketing_version=2, transactional=true}, viewOriginalText:null, viewExpandedText:null, tableType:MANAGED_TABLE, privileges:PrincipalPrivilegeSet(userPrivileges:{alex=[PrivilegeGrantInfo(privilege:INSERT, createTime:-1, grantor:alex, grantorType:USER, grantOption:true), PrivilegeGrantInfo(privilege:SELECT, createTime:-1, grantor:alex, grantorType:USER, grantOption:true), PrivilegeGrantInfo(privilege:UPDATE, createTime:-1, grantor:alex, grantorType:USER, grantOption:true), PrivilegeGrantInfo(privilege:DELETE, createTime:-1, grantor:alex, grantorType:USER, grantOption:true)]}, groupPrivileges:null, rolePrivileges:null), temporary:false, catName:hive, ownerType:USER, writeId:0)	
2024-04-23T20:50:09,312  INFO [main] utils.FileUtils: Creating directory if it doesn't exist: file:/home/alex/Repositories/hive/ql/target/tmp/org.apache.hadoop.hive.ql.TestTxnExIm-1713930480318/warehouse/acidtblpart
2024-04-23T20:50:09,334  INFO [main] metadata.Hive: Dumping metastore api call timing information for : execution phase
2024-04-23T20:50:09,334  INFO [main] metadata.Hive: Total time spent in each metastore function (ms): {isCompatibleWith_(Configuration)=0, createTable_(Table)=28}
2024-04-23T20:50:09,334  INFO [main] ql.Driver: Completed executing command(queryId=alex_20240423205009_cd9d1119-ea9e-46c2-a3cf-f8c8c4435ca5); Time taken: 0.029 seconds
2024-04-23T20:50:09,334  INFO [main] lockmgr.DbTxnManager: Stopped heartbeat for query: alex_20240423205009_cd9d1119-ea9e-46c2-a3cf-f8c8c4435ca5
2024-04-23T20:50:09,339  INFO [main] txn.TxnHandler: Expected to move at least one record from txn_components to completed_txn_components when committing txn! txnid:8
2024-04-23T20:50:09,348  INFO [main] txn.TxnHandler: Removed transactions: ([8]) from MIN_HISTORY_LEVEL
2024-04-23T20:50:09,348  WARN [main] txn.CompactionTxnHandler: No compaction queue record found for Compaction type transaction commit. txnId:8
2024-04-23T20:50:09,348  INFO [main] ql.TxnCommandsBaseForTests: Running the query: create table nonAcidOrcTbl(a int, b int) clustered by (a) into 2 buckets stored as orc TBLPROPERTIES ('transactional'='false')
2024-04-23T20:50:09,349  INFO [main] ql.Driver: Compiling command(queryId=alex_20240423205009_729e8f52-8cf2-4002-9661-b37f5995cf2c): create table nonAcidOrcTbl(a int, b int) clustered by (a) into 2 buckets stored as orc TBLPROPERTIES ('transactional'='false')
2024-04-23T20:50:09,351  INFO [main] txn.TxnHandler: Added entries to MIN_HISTORY_LEVEL for current txns: ([9]) with min_open_txn: 1
2024-04-23T20:50:09,352  INFO [main] lockmgr.DbTxnManager: Opened txnid:9
2024-04-23T20:50:09,352  INFO [main] parse.CalcitePlanner: Starting caching scope for: 
2024-04-23T20:50:09,352  INFO [main] parse.CalcitePlanner: Starting Semantic Analysis
2024-04-23T20:50:09,355  INFO [main] parse.CalcitePlanner: Creating table default.nonAcidOrcTbl position=13
2024-04-23T20:50:09,355  INFO [main] HiveMetaStore.audit: ugi=alex	ip=unknown-ip-addr	cmd=get_database: default	
2024-04-23T20:50:09,357  INFO [main] parse.CalcitePlanner: Ending caching scope for: 
2024-04-23T20:50:09,357  INFO [main] ql.Driver: Semantic Analysis Completed (retrial = false)
2024-04-23T20:50:09,357  INFO [main] ql.Driver: Created Hive schema: Schema(fieldSchemas:null, properties:null)
2024-04-23T20:50:09,357  INFO [main] metadata.Hive: Dumping metastore api call timing information for : compilation phase
2024-04-23T20:50:09,357  INFO [main] metadata.Hive: Total time spent in each metastore function (ms): {getValidWriteIds_(List, String)=3, getDatabase_(String)=2, commitTxn_(CommitTxnRequest)=13, openTxn_(String, TxnType)=3, getValidTxns_(long)=0, isCompatibleWith_(Configuration)=0, flushCache_()=0}
2024-04-23T20:50:09,357  INFO [main] ql.Driver: Completed compiling command(queryId=alex_20240423205009_729e8f52-8cf2-4002-9661-b37f5995cf2c); Time taken: 0.008 seconds
2024-04-23T20:50:09,357  INFO [main] lockmgr.DbTxnManager: Setting lock request transaction to txnid:9 for queryId=alex_20240423205009_729e8f52-8cf2-4002-9661-b37f5995cf2c
2024-04-23T20:50:09,358  INFO [main] lockmgr.DbLockManager: Requesting lock for queryId=alex_20240423205009_729e8f52-8cf2-4002-9661-b37f5995cf2c
2024-04-23T20:50:09,374  INFO [main] lockmgr.DbLockManager: Response to queryId=alex_20240423205009_729e8f52-8cf2-4002-9661-b37f5995cf2c LockResponse(lockid:3, state:ACQUIRED)
2024-04-23T20:50:09,374  INFO [main] ql.Driver: Operation CREATETABLE obtained 1 locks
2024-04-23T20:50:09,374  INFO [main] ql.Driver: Executing command(queryId=alex_20240423205009_729e8f52-8cf2-4002-9661-b37f5995cf2c): create table nonAcidOrcTbl(a int, b int) clustered by (a) into 2 buckets stored as orc TBLPROPERTIES ('transactional'='false')
2024-04-23T20:50:09,374  INFO [main] ql.Driver: Starting task [Stage-0:DDL] in serial mode
2024-04-23T20:50:09,375  INFO [main] HiveMetaStore.audit: ugi=alex	ip=unknown-ip-addr	cmd=create_table_req: Table(tableName:nonAcidOrcTbl, dbName:default, owner:alex, createTime:1713930609, lastAccessTime:0, retention:0, sd:StorageDescriptor(cols:[FieldSchema(name:a, type:int, comment:null), FieldSchema(name:b, type:int, comment:null)], location:null, inputFormat:org.apache.hadoop.hive.ql.io.orc.OrcInputFormat, outputFormat:org.apache.hadoop.hive.ql.io.orc.OrcOutputFormat, compressed:false, numBuckets:2, serdeInfo:SerDeInfo(name:null, serializationLib:org.apache.hadoop.hive.ql.io.orc.OrcSerde, parameters:{serialization.format=1}), bucketCols:[a], sortCols:[], parameters:{}, skewedInfo:SkewedInfo(skewedColNames:[], skewedColValues:[], skewedColValueLocationMaps:{}), storedAsSubDirectories:false), partitionKeys:[], parameters:{numFiles=0, numFilesErasureCoded=0, bucketing_version=2, COLUMN_STATS_ACCURATE={"BASIC_STATS":"true","COLUMN_STATS":{"a":"true","b":"true"}}, numRows=0, rawDataSize=0, totalSize=0, transactional=false}, viewOriginalText:null, viewExpandedText:null, tableType:MANAGED_TABLE, privileges:PrincipalPrivilegeSet(userPrivileges:{alex=[PrivilegeGrantInfo(privilege:INSERT, createTime:-1, grantor:alex, grantorType:USER, grantOption:true), PrivilegeGrantInfo(privilege:SELECT, createTime:-1, grantor:alex, grantorType:USER, grantOption:true), PrivilegeGrantInfo(privilege:UPDATE, createTime:-1, grantor:alex, grantorType:USER, grantOption:true), PrivilegeGrantInfo(privilege:DELETE, createTime:-1, grantor:alex, grantorType:USER, grantOption:true)]}, groupPrivileges:null, rolePrivileges:null), temporary:false, catName:hive, ownerType:USER)	
2024-04-23T20:50:09,381  INFO [main] utils.FileUtils: Creating directory if it doesn't exist: file:/home/alex/Repositories/hive/ql/target/tmp/org.apache.hadoop.hive.ql.TestTxnExIm-1713930480318/warehouse/nonacidorctbl
2024-04-23T20:50:09,397  INFO [main] metadata.Hive: Dumping metastore api call timing information for : execution phase
2024-04-23T20:50:09,397  INFO [main] metadata.Hive: Total time spent in each metastore function (ms): {createTable_(Table)=22, isCompatibleWith_(Configuration)=0}
2024-04-23T20:50:09,397  INFO [main] ql.Driver: Completed executing command(queryId=alex_20240423205009_729e8f52-8cf2-4002-9661-b37f5995cf2c); Time taken: 0.023 seconds
2024-04-23T20:50:09,397  INFO [main] lockmgr.DbTxnManager: Stopped heartbeat for query: alex_20240423205009_729e8f52-8cf2-4002-9661-b37f5995cf2c
2024-04-23T20:50:09,402  INFO [main] txn.TxnHandler: Expected to move at least one record from txn_components to completed_txn_components when committing txn! txnid:9
2024-04-23T20:50:09,408  INFO [main] txn.TxnHandler: Removed transactions: ([9]) from MIN_HISTORY_LEVEL
2024-04-23T20:50:09,408  WARN [main] txn.CompactionTxnHandler: No compaction queue record found for Compaction type transaction commit. txnId:9
2024-04-23T20:50:09,409  INFO [main] ql.TxnCommandsBaseForTests: Running the query: create table nonAcidOrcTbl2(a int, b int) clustered by (a) into 2 buckets stored as orc TBLPROPERTIES ('transactional'='false')
2024-04-23T20:50:09,409  INFO [main] ql.Driver: Compiling command(queryId=alex_20240423205009_c552134d-4b35-4eb5-ac87-c1650f43f911): create table nonAcidOrcTbl2(a int, b int) clustered by (a) into 2 buckets stored as orc TBLPROPERTIES ('transactional'='false')
2024-04-23T20:50:09,411  INFO [main] txn.TxnHandler: Added entries to MIN_HISTORY_LEVEL for current txns: ([10]) with min_open_txn: 1
2024-04-23T20:50:09,412  INFO [main] lockmgr.DbTxnManager: Opened txnid:10
2024-04-23T20:50:09,412  INFO [main] parse.CalcitePlanner: Starting caching scope for: 
2024-04-23T20:50:09,412  INFO [main] parse.CalcitePlanner: Starting Semantic Analysis
2024-04-23T20:50:09,415  INFO [main] parse.CalcitePlanner: Creating table default.nonAcidOrcTbl2 position=13
2024-04-23T20:50:09,415  INFO [main] HiveMetaStore.audit: ugi=alex	ip=unknown-ip-addr	cmd=get_database: default	
2024-04-23T20:50:09,417  INFO [main] parse.CalcitePlanner: Ending caching scope for: 
2024-04-23T20:50:09,417  INFO [main] ql.Driver: Semantic Analysis Completed (retrial = false)
2024-04-23T20:50:09,417  INFO [main] ql.Driver: Created Hive schema: Schema(fieldSchemas:null, properties:null)
2024-04-23T20:50:09,417  INFO [main] metadata.Hive: Dumping metastore api call timing information for : compilation phase
2024-04-23T20:50:09,417  INFO [main] metadata.Hive: Total time spent in each metastore function (ms): {openTxn_(String, TxnType)=2, commitTxn_(CommitTxnRequest)=12, getDatabase_(String)=2, getValidTxns_(long)=0, getValidWriteIds_(List, String)=2, flushCache_()=0, isCompatibleWith_(Configuration)=1}
2024-04-23T20:50:09,417  INFO [main] ql.Driver: Completed compiling command(queryId=alex_20240423205009_c552134d-4b35-4eb5-ac87-c1650f43f911); Time taken: 0.008 seconds
2024-04-23T20:50:09,417  INFO [main] lockmgr.DbTxnManager: Setting lock request transaction to txnid:10 for queryId=alex_20240423205009_c552134d-4b35-4eb5-ac87-c1650f43f911
2024-04-23T20:50:09,418  INFO [main] lockmgr.DbLockManager: Requesting lock for queryId=alex_20240423205009_c552134d-4b35-4eb5-ac87-c1650f43f911
2024-04-23T20:50:09,432  INFO [main] lockmgr.DbLockManager: Response to queryId=alex_20240423205009_c552134d-4b35-4eb5-ac87-c1650f43f911 LockResponse(lockid:4, state:ACQUIRED)
2024-04-23T20:50:09,432  INFO [main] ql.Driver: Operation CREATETABLE obtained 1 locks
2024-04-23T20:50:09,432  INFO [main] ql.Driver: Executing command(queryId=alex_20240423205009_c552134d-4b35-4eb5-ac87-c1650f43f911): create table nonAcidOrcTbl2(a int, b int) clustered by (a) into 2 buckets stored as orc TBLPROPERTIES ('transactional'='false')
2024-04-23T20:50:09,432  INFO [main] ql.Driver: Starting task [Stage-0:DDL] in serial mode
2024-04-23T20:50:09,433  INFO [main] HiveMetaStore.audit: ugi=alex	ip=unknown-ip-addr	cmd=create_table_req: Table(tableName:nonAcidOrcTbl2, dbName:default, owner:alex, createTime:1713930609, lastAccessTime:0, retention:0, sd:StorageDescriptor(cols:[FieldSchema(name:a, type:int, comment:null), FieldSchema(name:b, type:int, comment:null)], location:null, inputFormat:org.apache.hadoop.hive.ql.io.orc.OrcInputFormat, outputFormat:org.apache.hadoop.hive.ql.io.orc.OrcOutputFormat, compressed:false, numBuckets:2, serdeInfo:SerDeInfo(name:null, serializationLib:org.apache.hadoop.hive.ql.io.orc.OrcSerde, parameters:{serialization.format=1}), bucketCols:[a], sortCols:[], parameters:{}, skewedInfo:SkewedInfo(skewedColNames:[], skewedColValues:[], skewedColValueLocationMaps:{}), storedAsSubDirectories:false), partitionKeys:[], parameters:{numFiles=0, totalSize=0, numFilesErasureCoded=0, bucketing_version=2, numRows=0, COLUMN_STATS_ACCURATE={"BASIC_STATS":"true","COLUMN_STATS":{"a":"true","b":"true"}}, transactional=false, rawDataSize=0}, viewOriginalText:null, viewExpandedText:null, tableType:MANAGED_TABLE, privileges:PrincipalPrivilegeSet(userPrivileges:{alex=[PrivilegeGrantInfo(privilege:INSERT, createTime:-1, grantor:alex, grantorType:USER, grantOption:true), PrivilegeGrantInfo(privilege:SELECT, createTime:-1, grantor:alex, grantorType:USER, grantOption:true), PrivilegeGrantInfo(privilege:UPDATE, createTime:-1, grantor:alex, grantorType:USER, grantOption:true), PrivilegeGrantInfo(privilege:DELETE, createTime:-1, grantor:alex, grantorType:USER, grantOption:true)]}, groupPrivileges:null, rolePrivileges:null), temporary:false, catName:hive, ownerType:USER)	
2024-04-23T20:50:09,439  INFO [main] utils.FileUtils: Creating directory if it doesn't exist: file:/home/alex/Repositories/hive/ql/target/tmp/org.apache.hadoop.hive.ql.TestTxnExIm-1713930480318/warehouse/nonacidorctbl2
2024-04-23T20:50:09,453  INFO [main] metadata.Hive: Dumping metastore api call timing information for : execution phase
2024-04-23T20:50:09,453  INFO [main] metadata.Hive: Total time spent in each metastore function (ms): {createTable_(Table)=20, isCompatibleWith_(Configuration)=0}
2024-04-23T20:50:09,453  INFO [main] ql.Driver: Completed executing command(queryId=alex_20240423205009_c552134d-4b35-4eb5-ac87-c1650f43f911); Time taken: 0.021 seconds
2024-04-23T20:50:09,453  INFO [main] lockmgr.DbTxnManager: Stopped heartbeat for query: alex_20240423205009_c552134d-4b35-4eb5-ac87-c1650f43f911
2024-04-23T20:50:09,457  INFO [main] txn.TxnHandler: Expected to move at least one record from txn_components to completed_txn_components when committing txn! txnid:10
2024-04-23T20:50:09,464  INFO [main] txn.TxnHandler: Removed transactions: ([10]) from MIN_HISTORY_LEVEL
2024-04-23T20:50:09,464  WARN [main] txn.CompactionTxnHandler: No compaction queue record found for Compaction type transaction commit. txnId:10
2024-04-23T20:50:09,465  INFO [main] ql.TxnCommandsBaseForTests: Running the query: create temporary  table acidTbl2(a int, b int, c int) clustered by (c) into 2 buckets stored as orc TBLPROPERTIES ('transactional'='true')
2024-04-23T20:50:09,465  INFO [main] ql.Driver: Compiling command(queryId=alex_20240423205009_90738ca8-58d8-4e4d-a963-e3b661546584): create temporary  table acidTbl2(a int, b int, c int) clustered by (c) into 2 buckets stored as orc TBLPROPERTIES ('transactional'='true')
2024-04-23T20:50:09,467  INFO [main] txn.TxnHandler: Added entries to MIN_HISTORY_LEVEL for current txns: ([11]) with min_open_txn: 1
2024-04-23T20:50:09,468  INFO [main] lockmgr.DbTxnManager: Opened txnid:11
2024-04-23T20:50:09,468  INFO [main] parse.CalcitePlanner: Starting caching scope for: 
2024-04-23T20:50:09,468  INFO [main] parse.CalcitePlanner: Starting Semantic Analysis
2024-04-23T20:50:09,471  INFO [main] parse.CalcitePlanner: Creating table default.acidTbl2 position=24
2024-04-23T20:50:09,471  INFO [main] HiveMetaStore.audit: ugi=alex	ip=unknown-ip-addr	cmd=get_database: default	
2024-04-23T20:50:09,473  INFO [main] parse.CalcitePlanner: Ending caching scope for: 
2024-04-23T20:50:09,473  INFO [main] ql.Driver: Semantic Analysis Completed (retrial = false)
2024-04-23T20:50:09,473  INFO [main] ql.Driver: Created Hive schema: Schema(fieldSchemas:null, properties:null)
2024-04-23T20:50:09,473  INFO [main] metadata.Hive: Dumping metastore api call timing information for : compilation phase
2024-04-23T20:50:09,473  INFO [main] metadata.Hive: Total time spent in each metastore function (ms): {getValidWriteIds_(List, String)=3, flushCache_()=0, getDatabase_(String)=2, getValidTxns_(long)=0, openTxn_(String, TxnType)=3, isCompatibleWith_(Configuration)=1, commitTxn_(CommitTxnRequest)=10}
2024-04-23T20:50:09,473  INFO [main] ql.Driver: Completed compiling command(queryId=alex_20240423205009_90738ca8-58d8-4e4d-a963-e3b661546584); Time taken: 0.008 seconds
2024-04-23T20:50:09,473  INFO [main] lockmgr.DbTxnManager: Setting lock request transaction to txnid:11 for queryId=alex_20240423205009_90738ca8-58d8-4e4d-a963-e3b661546584
2024-04-23T20:50:09,474  INFO [main] lockmgr.DbLockManager: Requesting lock for queryId=alex_20240423205009_90738ca8-58d8-4e4d-a963-e3b661546584
2024-04-23T20:50:09,488  INFO [main] lockmgr.DbLockManager: Response to queryId=alex_20240423205009_90738ca8-58d8-4e4d-a963-e3b661546584 LockResponse(lockid:5, state:ACQUIRED)
2024-04-23T20:50:09,488  INFO [main] ql.Driver: Operation CREATETABLE obtained 1 locks
2024-04-23T20:50:09,489  INFO [main] ql.Driver: Executing command(queryId=alex_20240423205009_90738ca8-58d8-4e4d-a963-e3b661546584): create temporary  table acidTbl2(a int, b int, c int) clustered by (c) into 2 buckets stored as orc TBLPROPERTIES ('transactional'='true')
2024-04-23T20:50:09,489  INFO [main] ql.Driver: Starting task [Stage-0:DDL] in serial mode
2024-04-23T20:50:09,490  INFO [main] utils.FileUtils: Creating directory if it doesn't exist: file:/home/alex/Repositories/hive/ql/target/tmp/scratchdir/alex/4949244f-35ee-4fb2-93bb-5991e2b40d5d/_tmp_space.db/d9eb2001-9a0a-49fe-848b-cfcf3a8cd455
2024-04-23T20:50:09,493  INFO [main] metadata.Hive: Dumping metastore api call timing information for : execution phase
2024-04-23T20:50:09,493  INFO [main] metadata.Hive: Total time spent in each metastore function (ms): {createTable_(Table)=3, isCompatibleWith_(Configuration)=1}
2024-04-23T20:50:09,493  INFO [main] ql.Driver: Completed executing command(queryId=alex_20240423205009_90738ca8-58d8-4e4d-a963-e3b661546584); Time taken: 0.004 seconds
2024-04-23T20:50:09,494  INFO [main] lockmgr.DbTxnManager: Stopped heartbeat for query: alex_20240423205009_90738ca8-58d8-4e4d-a963-e3b661546584
2024-04-23T20:50:09,498  INFO [main] txn.TxnHandler: Expected to move at least one record from txn_components to completed_txn_components when committing txn! txnid:11
2024-04-23T20:50:09,505  INFO [main] txn.TxnHandler: Removed transactions: ([11]) from MIN_HISTORY_LEVEL
2024-04-23T20:50:09,505  WARN [main] txn.CompactionTxnHandler: No compaction queue record found for Compaction type transaction commit. txnId:11
2024-04-23T20:50:09,505  INFO [main] ql.TxnCommandsBaseForTests: Running the query: create table nonAcidNonBucket(a int, b int) stored as orc TBLPROPERTIES ('transactional'='false')
2024-04-23T20:50:09,506  INFO [main] ql.Driver: Compiling command(queryId=alex_20240423205009_f680f4ee-cd9d-4f6d-a673-8e10034f6768): create table nonAcidNonBucket(a int, b int) stored as orc TBLPROPERTIES ('transactional'='false')
2024-04-23T20:50:09,509  INFO [main] txn.TxnHandler: Added entries to MIN_HISTORY_LEVEL for current txns: ([12]) with min_open_txn: 1
2024-04-23T20:50:09,509  INFO [main] lockmgr.DbTxnManager: Opened txnid:12
2024-04-23T20:50:09,509  INFO [main] parse.CalcitePlanner: Starting caching scope for: 
2024-04-23T20:50:09,509  INFO [main] parse.CalcitePlanner: Starting Semantic Analysis
2024-04-23T20:50:09,513  INFO [main] parse.CalcitePlanner: Creating table default.nonAcidNonBucket position=13
2024-04-23T20:50:09,513  INFO [main] HiveMetaStore.audit: ugi=alex	ip=unknown-ip-addr	cmd=get_database: default	
2024-04-23T20:50:09,515  INFO [main] parse.CalcitePlanner: Ending caching scope for: 
2024-04-23T20:50:09,515  INFO [main] ql.Driver: Semantic Analysis Completed (retrial = false)
2024-04-23T20:50:09,515  INFO [main] ql.Driver: Created Hive schema: Schema(fieldSchemas:null, properties:null)
2024-04-23T20:50:09,515  INFO [main] metadata.Hive: Dumping metastore api call timing information for : compilation phase
2024-04-23T20:50:09,515  INFO [main] metadata.Hive: Total time spent in each metastore function (ms): {getValidWriteIds_(List, String)=3, commitTxn_(CommitTxnRequest)=11, isCompatibleWith_(Configuration)=0, openTxn_(String, TxnType)=3, flushCache_()=0, getDatabase_(String)=2, getValidTxns_(long)=0}
2024-04-23T20:50:09,515  INFO [main] ql.Driver: Completed compiling command(queryId=alex_20240423205009_f680f4ee-cd9d-4f6d-a673-8e10034f6768); Time taken: 0.009 seconds
2024-04-23T20:50:09,515  INFO [main] lockmgr.DbTxnManager: Setting lock request transaction to txnid:12 for queryId=alex_20240423205009_f680f4ee-cd9d-4f6d-a673-8e10034f6768
2024-04-23T20:50:09,516  INFO [main] lockmgr.DbLockManager: Requesting lock for queryId=alex_20240423205009_f680f4ee-cd9d-4f6d-a673-8e10034f6768
2024-04-23T20:50:09,531  INFO [main] lockmgr.DbLockManager: Response to queryId=alex_20240423205009_f680f4ee-cd9d-4f6d-a673-8e10034f6768 LockResponse(lockid:6, state:ACQUIRED)
2024-04-23T20:50:09,531  INFO [main] ql.Driver: Operation CREATETABLE obtained 1 locks
2024-04-23T20:50:09,532  INFO [main] ql.Driver: Executing command(queryId=alex_20240423205009_f680f4ee-cd9d-4f6d-a673-8e10034f6768): create table nonAcidNonBucket(a int, b int) stored as orc TBLPROPERTIES ('transactional'='false')
2024-04-23T20:50:09,532  INFO [main] ql.Driver: Starting task [Stage-0:DDL] in serial mode
2024-04-23T20:50:09,533  INFO [main] HiveMetaStore.audit: ugi=alex	ip=unknown-ip-addr	cmd=create_table_req: Table(tableName:nonAcidNonBucket, dbName:default, owner:alex, createTime:1713930609, lastAccessTime:0, retention:0, sd:StorageDescriptor(cols:[FieldSchema(name:a, type:int, comment:null), FieldSchema(name:b, type:int, comment:null)], location:null, inputFormat:org.apache.hadoop.hive.ql.io.orc.OrcInputFormat, outputFormat:org.apache.hadoop.hive.ql.io.orc.OrcOutputFormat, compressed:false, numBuckets:-1, serdeInfo:SerDeInfo(name:null, serializationLib:org.apache.hadoop.hive.ql.io.orc.OrcSerde, parameters:{serialization.format=1}), bucketCols:[], sortCols:[], parameters:{}, skewedInfo:SkewedInfo(skewedColNames:[], skewedColValues:[], skewedColValueLocationMaps:{}), storedAsSubDirectories:false), partitionKeys:[], parameters:{numFiles=0, totalSize=0, bucketing_version=2, numRows=0, rawDataSize=0, numFilesErasureCoded=0, transactional=false, COLUMN_STATS_ACCURATE={"BASIC_STATS":"true","COLUMN_STATS":{"a":"true","b":"true"}}}, viewOriginalText:null, viewExpandedText:null, tableType:MANAGED_TABLE, privileges:PrincipalPrivilegeSet(userPrivileges:{alex=[PrivilegeGrantInfo(privilege:INSERT, createTime:-1, grantor:alex, grantorType:USER, grantOption:true), PrivilegeGrantInfo(privilege:SELECT, createTime:-1, grantor:alex, grantorType:USER, grantOption:true), PrivilegeGrantInfo(privilege:UPDATE, createTime:-1, grantor:alex, grantorType:USER, grantOption:true), PrivilegeGrantInfo(privilege:DELETE, createTime:-1, grantor:alex, grantorType:USER, grantOption:true)]}, groupPrivileges:null, rolePrivileges:null), temporary:false, catName:hive, ownerType:USER)	
2024-04-23T20:50:09,539  INFO [main] utils.FileUtils: Creating directory if it doesn't exist: file:/home/alex/Repositories/hive/ql/target/tmp/org.apache.hadoop.hive.ql.TestTxnExIm-1713930480318/warehouse/nonacidnonbucket
2024-04-23T20:50:09,553  INFO [main] metadata.Hive: Dumping metastore api call timing information for : execution phase
2024-04-23T20:50:09,553  INFO [main] metadata.Hive: Total time spent in each metastore function (ms): {isCompatibleWith_(Configuration)=0, createTable_(Table)=20}
2024-04-23T20:50:09,553  INFO [main] ql.Driver: Completed executing command(queryId=alex_20240423205009_f680f4ee-cd9d-4f6d-a673-8e10034f6768); Time taken: 0.021 seconds
2024-04-23T20:50:09,553  INFO [main] lockmgr.DbTxnManager: Stopped heartbeat for query: alex_20240423205009_f680f4ee-cd9d-4f6d-a673-8e10034f6768
2024-04-23T20:50:09,557  INFO [main] txn.TxnHandler: Expected to move at least one record from txn_components to completed_txn_components when committing txn! txnid:12
2024-04-23T20:50:09,564  INFO [main] txn.TxnHandler: Removed transactions: ([12]) from MIN_HISTORY_LEVEL
2024-04-23T20:50:09,564  WARN [main] txn.CompactionTxnHandler: No compaction queue record found for Compaction type transaction commit. txnId:12
2024-04-23T20:50:09,565  INFO [main] ql.TxnCommandsBaseForTests: Running the query: drop table if exists T
2024-04-23T20:50:09,565  INFO [main] ql.Driver: Compiling command(queryId=alex_20240423205009_d7e00dd1-a269-4fbc-a878-db97c52cf628): drop table if exists T
2024-04-23T20:50:09,567  INFO [main] txn.TxnHandler: Added entries to MIN_HISTORY_LEVEL for current txns: ([13]) with min_open_txn: 1
2024-04-23T20:50:09,568  INFO [main] lockmgr.DbTxnManager: Opened txnid:13
2024-04-23T20:50:09,568  INFO [main] HiveMetaStore.audit: ugi=alex	ip=unknown-ip-addr	cmd=get_table : tbl=hive.default.T	
2024-04-23T20:50:09,587  INFO [main] metastore.HMSHandler: Skipping translation for processor with null
2024-04-23T20:50:09,587  INFO [main] ql.Driver: Semantic Analysis Completed (retrial = false)
2024-04-23T20:50:09,587  INFO [main] ql.Driver: Created Hive schema: Schema(fieldSchemas:null, properties:null)
2024-04-23T20:50:09,587  INFO [main] metadata.Hive: Dumping metastore api call timing information for : compilation phase
2024-04-23T20:50:09,588  INFO [main] metadata.Hive: Total time spent in each metastore function (ms): {getValidTxns_(long)=0, commitTxn_(CommitTxnRequest)=11, isCompatibleWith_(Configuration)=0, flushCache_()=0, getTable_(GetTableRequest)=19, openTxn_(String, TxnType)=3}
2024-04-23T20:50:09,588  INFO [main] ql.Driver: Completed compiling command(queryId=alex_20240423205009_d7e00dd1-a269-4fbc-a878-db97c52cf628); Time taken: 0.022 seconds
2024-04-23T20:50:09,588  INFO [main] lockmgr.DbTxnManager: Setting lock request transaction to txnid:13 for queryId=alex_20240423205009_d7e00dd1-a269-4fbc-a878-db97c52cf628
2024-04-23T20:50:09,589  INFO [main] lockmgr.DbLockManager: Requesting lock for queryId=alex_20240423205009_d7e00dd1-a269-4fbc-a878-db97c52cf628
2024-04-23T20:50:09,607  INFO [main] lockmgr.DbLockManager: Response to queryId=alex_20240423205009_d7e00dd1-a269-4fbc-a878-db97c52cf628 LockResponse(lockid:7, state:ACQUIRED)
2024-04-23T20:50:09,607  INFO [main] ql.Driver: Operation DROPTABLE obtained 1 locks
2024-04-23T20:50:09,607  INFO [main] ql.Driver: Executing command(queryId=alex_20240423205009_d7e00dd1-a269-4fbc-a878-db97c52cf628): drop table if exists T
2024-04-23T20:50:09,608  INFO [main] ql.Driver: Starting task [Stage-0:DDL] in serial mode
2024-04-23T20:50:09,608  INFO [main] HiveMetaStore.audit: ugi=alex	ip=unknown-ip-addr	cmd=get_table : tbl=hive.default.T	
2024-04-23T20:50:09,614  INFO [main] metastore.HMSHandler: Skipping translation for processor with null
2024-04-23T20:50:09,614  INFO [main] HiveMetaStore.audit: ugi=alex	ip=unknown-ip-addr	cmd=get_table : tbl=hive.default.T	
2024-04-23T20:50:09,621  INFO [main] metastore.HMSHandler: Skipping translation for processor with null
2024-04-23T20:50:09,621  INFO [main] HiveMetaStore.audit: ugi=alex	ip=unknown-ip-addr	cmd=drop_table : tbl=hive.default.T	
2024-04-23T20:50:09,796  WARN [main] utils.FileUtils: File file:/home/alex/Repositories/hive/ql/target/tmp/org.apache.hadoop.hive.ql.TestTxnExIm-1713930480318/warehouse/t does not exist; Force to delete it.
2024-04-23T20:50:09,796 ERROR [main] utils.FileUtils: Failed to delete file:/home/alex/Repositories/hive/ql/target/tmp/org.apache.hadoop.hive.ql.TestTxnExIm-1713930480318/warehouse/t
2024-04-23T20:50:09,796  INFO [main] metadata.Hive: Dumping metastore api call timing information for : execution phase
2024-04-23T20:50:09,797  INFO [main] metadata.Hive: Total time spent in each metastore function (ms): {getTable_(GetTableRequest)=6, isCompatibleWith_(Configuration)=0, dropTable_(String, String, boolean, boolean, boolean)=182}
2024-04-23T20:50:09,797  INFO [main] ql.Driver: Completed executing command(queryId=alex_20240423205009_d7e00dd1-a269-4fbc-a878-db97c52cf628); Time taken: 0.189 seconds
2024-04-23T20:50:09,797  INFO [main] lockmgr.DbTxnManager: Stopped heartbeat for query: alex_20240423205009_d7e00dd1-a269-4fbc-a878-db97c52cf628
2024-04-23T20:50:09,801  INFO [main] txn.TxnHandler: Expected to move at least one record from txn_components to completed_txn_components when committing txn! txnid:13
2024-04-23T20:50:09,810  INFO [main] txn.TxnHandler: Removed transactions: ([13]) from MIN_HISTORY_LEVEL
2024-04-23T20:50:09,811  WARN [main] txn.CompactionTxnHandler: No compaction queue record found for Compaction type transaction commit. txnId:13
2024-04-23T20:50:09,812  INFO [main] ql.TxnCommandsBaseForTests: Running the query: drop table if exists TImport 
2024-04-23T20:50:09,812  INFO [main] ql.Driver: Compiling command(queryId=alex_20240423205009_2a88d1e7-53c7-4c0d-91cf-dc8dbaa6a58f): drop table if exists TImport 
2024-04-23T20:50:09,823  INFO [main] txn.TxnHandler: Added entries to MIN_HISTORY_LEVEL for current txns: ([14]) with min_open_txn: 1
2024-04-23T20:50:09,823  INFO [main] lockmgr.DbTxnManager: Opened txnid:14
2024-04-23T20:50:09,826  INFO [main] HiveMetaStore.audit: ugi=alex	ip=unknown-ip-addr	cmd=get_table : tbl=hive.default.TImport	
2024-04-23T20:50:09,849  INFO [main] metastore.HMSHandler: Skipping translation for processor with null
2024-04-23T20:50:09,849  INFO [main] ql.Driver: Semantic Analysis Completed (retrial = false)
2024-04-23T20:50:09,849  INFO [main] ql.Driver: Created Hive schema: Schema(fieldSchemas:null, properties:null)
2024-04-23T20:50:09,849  INFO [main] metadata.Hive: Dumping metastore api call timing information for : compilation phase
2024-04-23T20:50:09,849  INFO [main] metadata.Hive: Total time spent in each metastore function (ms): {commitTxn_(CommitTxnRequest)=15, isCompatibleWith_(Configuration)=0, getTable_(GetTableRequest)=24, flushCache_()=1, openTxn_(String, TxnType)=10, getValidTxns_(long)=2}
2024-04-23T20:50:09,849  INFO [main] ql.Driver: Completed compiling command(queryId=alex_20240423205009_2a88d1e7-53c7-4c0d-91cf-dc8dbaa6a58f); Time taken: 0.037 seconds
2024-04-23T20:50:09,850  INFO [main] lockmgr.DbTxnManager: Setting lock request transaction to txnid:14 for queryId=alex_20240423205009_2a88d1e7-53c7-4c0d-91cf-dc8dbaa6a58f
2024-04-23T20:50:09,850  INFO [main] lockmgr.DbLockManager: Requesting lock for queryId=alex_20240423205009_2a88d1e7-53c7-4c0d-91cf-dc8dbaa6a58f
2024-04-23T20:50:09,866  INFO [main] lockmgr.DbLockManager: Response to queryId=alex_20240423205009_2a88d1e7-53c7-4c0d-91cf-dc8dbaa6a58f LockResponse(lockid:8, state:ACQUIRED)
2024-04-23T20:50:09,866  INFO [main] ql.Driver: Operation DROPTABLE obtained 1 locks
2024-04-23T20:50:09,866  INFO [main] ql.Driver: Executing command(queryId=alex_20240423205009_2a88d1e7-53c7-4c0d-91cf-dc8dbaa6a58f): drop table if exists TImport 
2024-04-23T20:50:09,866  INFO [main] ql.Driver: Starting task [Stage-0:DDL] in serial mode
2024-04-23T20:50:09,867  INFO [main] HiveMetaStore.audit: ugi=alex	ip=unknown-ip-addr	cmd=get_table : tbl=hive.default.TImport	
2024-04-23T20:50:09,876  INFO [main] metastore.HMSHandler: Skipping translation for processor with null
2024-04-23T20:50:09,876  INFO [main] HiveMetaStore.audit: ugi=alex	ip=unknown-ip-addr	cmd=get_table : tbl=hive.default.TImport	
2024-04-23T20:50:09,885  INFO [main] metastore.HMSHandler: Skipping translation for processor with null
2024-04-23T20:50:09,885  INFO [main] HiveMetaStore.audit: ugi=alex	ip=unknown-ip-addr	cmd=drop_table : tbl=hive.default.TImport	
2024-04-23T20:50:09,965  WARN [main] utils.FileUtils: File file:/home/alex/Repositories/hive/ql/target/tmp/org.apache.hadoop.hive.ql.TestTxnExIm-1713930480318/warehouse/timport does not exist; Force to delete it.
2024-04-23T20:50:09,966 ERROR [main] utils.FileUtils: Failed to delete file:/home/alex/Repositories/hive/ql/target/tmp/org.apache.hadoop.hive.ql.TestTxnExIm-1713930480318/warehouse/timport
2024-04-23T20:50:09,966  INFO [main] metadata.Hive: Dumping metastore api call timing information for : execution phase
2024-04-23T20:50:09,966  INFO [main] metadata.Hive: Total time spent in each metastore function (ms): {dropTable_(String, String, boolean, boolean, boolean)=90, getTable_(GetTableRequest)=9, isCompatibleWith_(Configuration)=1}
2024-04-23T20:50:09,966  INFO [main] ql.Driver: Completed executing command(queryId=alex_20240423205009_2a88d1e7-53c7-4c0d-91cf-dc8dbaa6a58f); Time taken: 0.1 seconds
2024-04-23T20:50:09,966  INFO [main] lockmgr.DbTxnManager: Stopped heartbeat for query: alex_20240423205009_2a88d1e7-53c7-4c0d-91cf-dc8dbaa6a58f
2024-04-23T20:50:09,972  INFO [main] txn.TxnHandler: Expected to move at least one record from txn_components to completed_txn_components when committing txn! txnid:14
2024-04-23T20:50:09,979  INFO [main] txn.TxnHandler: Removed transactions: ([14]) from MIN_HISTORY_LEVEL
2024-04-23T20:50:09,979  WARN [main] txn.CompactionTxnHandler: No compaction queue record found for Compaction type transaction commit. txnId:14
2024-04-23T20:50:09,980  INFO [main] ql.TxnCommandsBaseForTests: Running the query: create table T (a int, b int) stored as ORC
2024-04-23T20:50:09,980  INFO [main] ql.Driver: Compiling command(queryId=alex_20240423205009_111fbdd4-99ce-4882-8009-d25f6f7f530f): create table T (a int, b int) stored as ORC
2024-04-23T20:50:09,982  INFO [main] txn.TxnHandler: Added entries to MIN_HISTORY_LEVEL for current txns: ([15]) with min_open_txn: 1
2024-04-23T20:50:09,983  INFO [main] lockmgr.DbTxnManager: Opened txnid:15
2024-04-23T20:50:09,983  INFO [main] parse.CalcitePlanner: Starting caching scope for: 
2024-04-23T20:50:09,983  INFO [main] parse.CalcitePlanner: Starting Semantic Analysis
2024-04-23T20:50:09,989  INFO [main] parse.CalcitePlanner: Creating table default.T position=13
2024-04-23T20:50:09,989  INFO [main] parse.CalcitePlanner: Automatically chose to make default.T acid.
2024-04-23T20:50:09,989  INFO [main] HiveMetaStore.audit: ugi=alex	ip=unknown-ip-addr	cmd=get_database: default	
2024-04-23T20:50:09,991  INFO [main] parse.CalcitePlanner: Ending caching scope for: 
2024-04-23T20:50:09,991  INFO [main] ql.Driver: Semantic Analysis Completed (retrial = false)
2024-04-23T20:50:09,991  INFO [main] ql.Driver: Created Hive schema: Schema(fieldSchemas:null, properties:null)
2024-04-23T20:50:09,991  INFO [main] metadata.Hive: Dumping metastore api call timing information for : compilation phase
2024-04-23T20:50:09,991  INFO [main] metadata.Hive: Total time spent in each metastore function (ms): {getDatabase_(String)=2, openTxn_(String, TxnType)=2, isCompatibleWith_(Configuration)=2, flushCache_()=0, commitTxn_(CommitTxnRequest)=13, getValidWriteIds_(List, String)=6, getValidTxns_(long)=0}
2024-04-23T20:50:09,991  INFO [main] ql.Driver: Completed compiling command(queryId=alex_20240423205009_111fbdd4-99ce-4882-8009-d25f6f7f530f); Time taken: 0.011 seconds
2024-04-23T20:50:09,991  INFO [main] lockmgr.DbTxnManager: Setting lock request transaction to txnid:15 for queryId=alex_20240423205009_111fbdd4-99ce-4882-8009-d25f6f7f530f
2024-04-23T20:50:09,992  INFO [main] lockmgr.DbLockManager: Requesting lock for queryId=alex_20240423205009_111fbdd4-99ce-4882-8009-d25f6f7f530f
2024-04-23T20:50:10,008  INFO [main] lockmgr.DbLockManager: Response to queryId=alex_20240423205009_111fbdd4-99ce-4882-8009-d25f6f7f530f LockResponse(lockid:9, state:ACQUIRED)
2024-04-23T20:50:10,008  INFO [main] ql.Driver: Operation CREATETABLE obtained 1 locks
2024-04-23T20:50:10,009  INFO [main] ql.Driver: Executing command(queryId=alex_20240423205009_111fbdd4-99ce-4882-8009-d25f6f7f530f): create table T (a int, b int) stored as ORC
2024-04-23T20:50:10,009  INFO [main] ql.Driver: Starting task [Stage-0:DDL] in serial mode
2024-04-23T20:50:10,010  INFO [main] HiveMetaStore.audit: ugi=alex	ip=unknown-ip-addr	cmd=create_table_req: Table(tableName:T, dbName:default, owner:alex, createTime:1713930610, lastAccessTime:0, retention:0, sd:StorageDescriptor(cols:[FieldSchema(name:a, type:int, comment:null), FieldSchema(name:b, type:int, comment:null)], location:null, inputFormat:org.apache.hadoop.hive.ql.io.orc.OrcInputFormat, outputFormat:org.apache.hadoop.hive.ql.io.orc.OrcOutputFormat, compressed:false, numBuckets:-1, serdeInfo:SerDeInfo(name:null, serializationLib:org.apache.hadoop.hive.ql.io.orc.OrcSerde, parameters:{serialization.format=1}), bucketCols:[], sortCols:[], parameters:{}, skewedInfo:SkewedInfo(skewedColNames:[], skewedColValues:[], skewedColValueLocationMaps:{}), storedAsSubDirectories:false), partitionKeys:[], parameters:{totalSize=0, rawDataSize=0, transactional=true, COLUMN_STATS_ACCURATE={"BASIC_STATS":"true","COLUMN_STATS":{"a":"true","b":"true"}}, numFiles=0, numRows=0, bucketing_version=2, transactional_properties=default, numFilesErasureCoded=0}, viewOriginalText:null, viewExpandedText:null, tableType:MANAGED_TABLE, privileges:PrincipalPrivilegeSet(userPrivileges:{alex=[PrivilegeGrantInfo(privilege:INSERT, createTime:-1, grantor:alex, grantorType:USER, grantOption:true), PrivilegeGrantInfo(privilege:SELECT, createTime:-1, grantor:alex, grantorType:USER, grantOption:true), PrivilegeGrantInfo(privilege:UPDATE, createTime:-1, grantor:alex, grantorType:USER, grantOption:true), PrivilegeGrantInfo(privilege:DELETE, createTime:-1, grantor:alex, grantorType:USER, grantOption:true)]}, groupPrivileges:null, rolePrivileges:null), temporary:false, catName:hive, ownerType:USER, writeId:0)	
2024-04-23T20:50:10,016  INFO [main] utils.FileUtils: Creating directory if it doesn't exist: file:/home/alex/Repositories/hive/ql/target/tmp/org.apache.hadoop.hive.ql.TestTxnExIm-1713930480318/warehouse/t
2024-04-23T20:50:10,045  INFO [main] metadata.Hive: Dumping metastore api call timing information for : execution phase
2024-04-23T20:50:10,046  INFO [main] metadata.Hive: Total time spent in each metastore function (ms): {createTable_(Table)=36, isCompatibleWith_(Configuration)=0}
2024-04-23T20:50:10,046  INFO [main] ql.Driver: Completed executing command(queryId=alex_20240423205009_111fbdd4-99ce-4882-8009-d25f6f7f530f); Time taken: 0.036 seconds
2024-04-23T20:50:10,046  INFO [main] lockmgr.DbTxnManager: Stopped heartbeat for query: alex_20240423205009_111fbdd4-99ce-4882-8009-d25f6f7f530f
2024-04-23T20:50:10,050  INFO [main] txn.TxnHandler: Expected to move at least one record from txn_components to completed_txn_components when committing txn! txnid:15
2024-04-23T20:50:10,057  INFO [main] txn.TxnHandler: Removed transactions: ([15]) from MIN_HISTORY_LEVEL
2024-04-23T20:50:10,057  WARN [main] txn.CompactionTxnHandler: No compaction queue record found for Compaction type transaction commit. txnId:15
2024-04-23T20:50:10,058  INFO [main] ql.TxnCommandsBaseForTests: Running the query: create table TImport (a int, b int) stored as ORC TBLPROPERTIES ('transactional'='false')
2024-04-23T20:50:10,058  INFO [main] ql.Driver: Compiling command(queryId=alex_20240423205010_85f39d4a-1a45-473f-9180-0cda009bdcc9): create table TImport (a int, b int) stored as ORC TBLPROPERTIES ('transactional'='false')
2024-04-23T20:50:10,060  INFO [main] txn.TxnHandler: Added entries to MIN_HISTORY_LEVEL for current txns: ([16]) with min_open_txn: 3
2024-04-23T20:50:10,060  INFO [main] lockmgr.DbTxnManager: Opened txnid:16
2024-04-23T20:50:10,061  INFO [main] parse.CalcitePlanner: Starting caching scope for: 
2024-04-23T20:50:10,061  INFO [main] parse.CalcitePlanner: Starting Semantic Analysis
2024-04-23T20:50:10,063  INFO [main] parse.CalcitePlanner: Creating table default.TImport position=13
2024-04-23T20:50:10,064  INFO [main] HiveMetaStore.audit: ugi=alex	ip=unknown-ip-addr	cmd=get_database: default	
2024-04-23T20:50:10,065  INFO [main] parse.CalcitePlanner: Ending caching scope for: 
2024-04-23T20:50:10,065  INFO [main] ql.Driver: Semantic Analysis Completed (retrial = false)
2024-04-23T20:50:10,065  INFO [main] ql.Driver: Created Hive schema: Schema(fieldSchemas:null, properties:null)
2024-04-23T20:50:10,066  INFO [main] metadata.Hive: Dumping metastore api call timing information for : compilation phase
2024-04-23T20:50:10,066  INFO [main] metadata.Hive: Total time spent in each metastore function (ms): {openTxn_(String, TxnType)=2, flushCache_()=0, commitTxn_(CommitTxnRequest)=11, getValidWriteIds_(List, String)=2, isCompatibleWith_(Configuration)=0, getValidTxns_(long)=0, getDatabase_(String)=1}
2024-04-23T20:50:10,066  INFO [main] ql.Driver: Completed compiling command(queryId=alex_20240423205010_85f39d4a-1a45-473f-9180-0cda009bdcc9); Time taken: 0.008 seconds
2024-04-23T20:50:10,066  INFO [main] lockmgr.DbTxnManager: Setting lock request transaction to txnid:16 for queryId=alex_20240423205010_85f39d4a-1a45-473f-9180-0cda009bdcc9
2024-04-23T20:50:10,066  INFO [main] lockmgr.DbLockManager: Requesting lock for queryId=alex_20240423205010_85f39d4a-1a45-473f-9180-0cda009bdcc9
2024-04-23T20:50:10,081  INFO [main] lockmgr.DbLockManager: Response to queryId=alex_20240423205010_85f39d4a-1a45-473f-9180-0cda009bdcc9 LockResponse(lockid:10, state:ACQUIRED)
2024-04-23T20:50:10,081  INFO [main] ql.Driver: Operation CREATETABLE obtained 1 locks
2024-04-23T20:50:10,081  INFO [main] ql.Driver: Executing command(queryId=alex_20240423205010_85f39d4a-1a45-473f-9180-0cda009bdcc9): create table TImport (a int, b int) stored as ORC TBLPROPERTIES ('transactional'='false')
2024-04-23T20:50:10,081  INFO [main] ql.Driver: Starting task [Stage-0:DDL] in serial mode
2024-04-23T20:50:10,083  INFO [main] HiveMetaStore.audit: ugi=alex	ip=unknown-ip-addr	cmd=create_table_req: Table(tableName:TImport, dbName:default, owner:alex, createTime:1713930610, lastAccessTime:0, retention:0, sd:StorageDescriptor(cols:[FieldSchema(name:a, type:int, comment:null), FieldSchema(name:b, type:int, comment:null)], location:null, inputFormat:org.apache.hadoop.hive.ql.io.orc.OrcInputFormat, outputFormat:org.apache.hadoop.hive.ql.io.orc.OrcOutputFormat, compressed:false, numBuckets:-1, serdeInfo:SerDeInfo(name:null, serializationLib:org.apache.hadoop.hive.ql.io.orc.OrcSerde, parameters:{serialization.format=1}), bucketCols:[], sortCols:[], parameters:{}, skewedInfo:SkewedInfo(skewedColNames:[], skewedColValues:[], skewedColValueLocationMaps:{}), storedAsSubDirectories:false), partitionKeys:[], parameters:{numFiles=0, COLUMN_STATS_ACCURATE={"BASIC_STATS":"true","COLUMN_STATS":{"a":"true","b":"true"}}, bucketing_version=2, rawDataSize=0, transactional=false, totalSize=0, numRows=0, numFilesErasureCoded=0}, viewOriginalText:null, viewExpandedText:null, tableType:MANAGED_TABLE, privileges:PrincipalPrivilegeSet(userPrivileges:{alex=[PrivilegeGrantInfo(privilege:INSERT, createTime:-1, grantor:alex, grantorType:USER, grantOption:true), PrivilegeGrantInfo(privilege:SELECT, createTime:-1, grantor:alex, grantorType:USER, grantOption:true), PrivilegeGrantInfo(privilege:UPDATE, createTime:-1, grantor:alex, grantorType:USER, grantOption:true), PrivilegeGrantInfo(privilege:DELETE, createTime:-1, grantor:alex, grantorType:USER, grantOption:true)]}, groupPrivileges:null, rolePrivileges:null), temporary:false, catName:hive, ownerType:USER)	
2024-04-23T20:50:10,088  INFO [main] utils.FileUtils: Creating directory if it doesn't exist: file:/home/alex/Repositories/hive/ql/target/tmp/org.apache.hadoop.hive.ql.TestTxnExIm-1713930480318/warehouse/timport
2024-04-23T20:50:10,108  INFO [main] metadata.Hive: Dumping metastore api call timing information for : execution phase
2024-04-23T20:50:10,108  INFO [main] metadata.Hive: Total time spent in each metastore function (ms): {isCompatibleWith_(Configuration)=0, createTable_(Table)=25}
2024-04-23T20:50:10,108  INFO [main] ql.Driver: Completed executing command(queryId=alex_20240423205010_85f39d4a-1a45-473f-9180-0cda009bdcc9); Time taken: 0.027 seconds
2024-04-23T20:50:10,108  INFO [main] lockmgr.DbTxnManager: Stopped heartbeat for query: alex_20240423205010_85f39d4a-1a45-473f-9180-0cda009bdcc9
2024-04-23T20:50:10,112  INFO [main] txn.TxnHandler: Expected to move at least one record from txn_components to completed_txn_components when committing txn! txnid:16
2024-04-23T20:50:10,118  INFO [main] txn.TxnHandler: Removed transactions: ([16]) from MIN_HISTORY_LEVEL
2024-04-23T20:50:10,119  WARN [main] txn.CompactionTxnHandler: No compaction queue record found for Compaction type transaction commit. txnId:16
2024-04-23T20:50:10,119  INFO [main] ql.TxnCommandsBaseForTests: Running the query: insert into T(a,b)  values(1,2),(3,4)
2024-04-23T20:50:10,120  INFO [main] ql.Driver: Compiling command(queryId=alex_20240423205010_5b4e6a09-2b8f-46f0-a5dc-3f320f62a33e): insert into T(a,b)  values(1,2),(3,4)
2024-04-23T20:50:10,122  INFO [main] txn.TxnHandler: Added entries to MIN_HISTORY_LEVEL for current txns: ([17]) with min_open_txn: 5
2024-04-23T20:50:10,122  INFO [main] lockmgr.DbTxnManager: Opened txnid:17
2024-04-23T20:50:10,123  INFO [main] parse.CalcitePlanner: Starting caching scope for: 
2024-04-23T20:50:10,123  INFO [main] parse.CalcitePlanner: Starting Semantic Analysis
2024-04-23T20:50:10,126  INFO [main] HiveMetaStore.audit: ugi=alex	ip=unknown-ip-addr	cmd=get_table : tbl=hive.default.T	
2024-04-23T20:50:10,142  INFO [main] metastore.HMSHandler: Skipping translation for processor with null
2024-04-23T20:50:10,142  INFO [main] parse.CalcitePlanner: Completed phase 1 of Semantic Analysis
2024-04-23T20:50:10,142  INFO [main] parse.CalcitePlanner: Get metadata for source tables
2024-04-23T20:50:10,142  INFO [main] parse.CalcitePlanner: Get metadata for subqueries
2024-04-23T20:50:10,142  INFO [main] parse.CalcitePlanner: Get metadata for destination tables
2024-04-23T20:50:10,142  INFO [main] HiveMetaStore.audit: ugi=alex	ip=unknown-ip-addr	cmd=get_table : tbl=hive.default.T	
2024-04-23T20:50:10,148  INFO [main] metastore.HMSHandler: Skipping translation for processor with null
2024-04-23T20:50:10,149  INFO [main] parse.CalcitePlanner: Completed getting MetaData in Semantic Analysis
2024-04-23T20:50:10,149  INFO [main] parse.CalcitePlanner: Disabling LLAP IO encode as ETL query is detected
2024-04-23T20:50:10,170  INFO [main] HiveMetaStore.audit: ugi=alex	ip=unknown-ip-addr	cmd=get_all_table_constraints : tbl=hive._dummy_database._dummy_table	
2024-04-23T20:50:10,243  INFO [main] parse.CalcitePlanner: Get metadata for source tables
2024-04-23T20:50:10,243  INFO [main] parse.CalcitePlanner: Get metadata for subqueries
2024-04-23T20:50:10,243  INFO [main] parse.CalcitePlanner: Get metadata for source tables
2024-04-23T20:50:10,243  INFO [main] HiveMetaStore.audit: ugi=alex	ip=unknown-ip-addr	cmd=get_table : tbl=hive._dummy_database._dummy_table	
2024-04-23T20:50:10,246  INFO [main] parse.CalcitePlanner: Get metadata for subqueries
2024-04-23T20:50:10,246  INFO [main] parse.CalcitePlanner: Get metadata for destination tables
2024-04-23T20:50:10,246  INFO [main] parse.CalcitePlanner: Get metadata for destination tables
2024-04-23T20:50:10,246  INFO [main] HiveMetaStore.audit: ugi=alex	ip=unknown-ip-addr	cmd=get_table : tbl=hive.default.T	
2024-04-23T20:50:10,252  INFO [main] metastore.HMSHandler: Skipping translation for processor with null
2024-04-23T20:50:10,254  INFO [main] HiveMetaStore.audit: ugi=alex	ip=unknown-ip-addr	cmd=get_not_null_constraints : tbl=hive.default.t	
2024-04-23T20:50:10,255  INFO [main] HiveMetaStore.audit: ugi=alex	ip=unknown-ip-addr	cmd=get_check_constraints : tbl=hive.default.t	
2024-04-23T20:50:10,264  INFO [main] txn.TxnHandler: Allocated writeId: 1 for txnId: 17
2024-04-23T20:50:10,264  INFO [main] txn.TxnHandler: Allocated write ids for dbName=default, tblName=t (txnIds: [17])
2024-04-23T20:50:10,265  INFO [main] parse.CalcitePlanner: CBO Succeeded; optimized logical plan.
2024-04-23T20:50:10,267  INFO [main] optimizer.BucketVersionPopulator: not considering bucketingVersion for: TS[0] because it has -1<2 buckets 
2024-04-23T20:50:10,268  INFO [main] optimizer.SortedDynPartitionOptimizer: Sorted dynamic partitioning optimization kicked in..
2024-04-23T20:50:10,275  INFO [main] HiveMetaStore.audit: ugi=alex	ip=unknown-ip-addr	cmd=get_table : tbl=hive.default.t	
2024-04-23T20:50:10,282  INFO [main] metastore.HMSHandler: Skipping translation for processor with null
2024-04-23T20:50:10,283  INFO [main] physical.Vectorizer: Examining input format to see if vectorization is enabled.
2024-04-23T20:50:10,284  INFO [main] physical.Vectorizer: Map vectorization enabled: false
2024-04-23T20:50:10,284  INFO [main] physical.Vectorizer: Map vectorized: false
2024-04-23T20:50:10,284  INFO [main] physical.Vectorizer: Map vectorizedVertexNum: 0
2024-04-23T20:50:10,284  INFO [main] physical.Vectorizer: Map enabledConditionsMet: [hive.vectorized.use.vectorized.input.format IS true]
2024-04-23T20:50:10,284  INFO [main] physical.Vectorizer: Map enabledConditionsNotMet: [Could not enable vectorization due to partition column names size 1 is greater than the number of table column names size 0 IS false]
2024-04-23T20:50:10,284  INFO [main] physical.Vectorizer: Map inputFileFormatClassNameSet: [org.apache.hadoop.hive.ql.io.NullRowsInputFormat]
2024-04-23T20:50:10,284  INFO [main] parse.CalcitePlanner: Completed plan generation
2024-04-23T20:50:10,284  INFO [main] parse.CalcitePlanner: Ending caching scope for: 
2024-04-23T20:50:10,284  INFO [main] ql.Driver: Semantic Analysis Completed (retrial = false)
2024-04-23T20:50:10,284  INFO [main] ql.Driver: Created Hive schema: Schema(fieldSchemas:[FieldSchema(name:_col0, type:int, comment:null), FieldSchema(name:_col1, type:int, comment:null)], properties:null)
2024-04-23T20:50:10,284  INFO [main] metadata.Hive: Dumping metastore api call timing information for : compilation phase
2024-04-23T20:50:10,284  INFO [main] metadata.Hive: Total time spent in each metastore function (ms): {isCompatibleWith_(Configuration)=0, openTxn_(String, TxnType)=2, getValidTxns_(long)=1, flushCache_()=0, getNotNullConstraints_(NotNullConstraintsRequest)=1, getCheckConstraints_(CheckConstraintsRequest)=1, getAllTableConstraints_(AllTableConstraintsRequest)=27, getValidWriteIds_(List, String)=2, commitTxn_(CommitTxnRequest)=11, getTable_(GetTableRequest)=36, allocateTableWriteId_(long, String, String)=8}
2024-04-23T20:50:10,284  INFO [main] ql.Driver: Completed compiling command(queryId=alex_20240423205010_5b4e6a09-2b8f-46f0-a5dc-3f320f62a33e); Time taken: 0.165 seconds
2024-04-23T20:50:10,285  INFO [main] lockmgr.DbTxnManager: Setting lock request transaction to txnid:17 for queryId=alex_20240423205010_5b4e6a09-2b8f-46f0-a5dc-3f320f62a33e
2024-04-23T20:50:10,285  INFO [main] lockmgr.DbLockManager: Requesting lock for queryId=alex_20240423205010_5b4e6a09-2b8f-46f0-a5dc-3f320f62a33e
2024-04-23T20:50:10,301  INFO [main] lockmgr.DbLockManager: Response to queryId=alex_20240423205010_5b4e6a09-2b8f-46f0-a5dc-3f320f62a33e LockResponse(lockid:11, state:ACQUIRED)
2024-04-23T20:50:10,301  INFO [main] ql.Driver: Operation QUERY obtained 1 locks
2024-04-23T20:50:10,304  INFO [main] ql.Driver: Executing command(queryId=alex_20240423205010_5b4e6a09-2b8f-46f0-a5dc-3f320f62a33e): insert into T(a,b)  values(1,2),(3,4)
2024-04-23T20:50:10,304  WARN [main] ql.Driver: Hive-on-MR is deprecated in Hive 2 and may not be available in the future versions. Consider using a different execution engine (i.e. tez, spark) or using Hive 1.X releases.
Query ID = alex_20240423205010_5b4e6a09-2b8f-46f0-a5dc-3f320f62a33e
2024-04-23T20:50:10,304  INFO [main] ql.Driver: Query ID = alex_20240423205010_5b4e6a09-2b8f-46f0-a5dc-3f320f62a33e
Total jobs = 1
2024-04-23T20:50:10,304  INFO [main] ql.Driver: Total jobs = 1
Launching Job 1 out of 1
2024-04-23T20:50:10,304  INFO [main] ql.Driver: Launching Job 1 out of 1
2024-04-23T20:50:10,445  INFO [main] ql.Driver: Starting task [Stage-1:MAPRED] in serial mode
Number of reduce tasks is set to 0 since there's no reduce operator
2024-04-23T20:50:10,445  INFO [main] exec.Task: Number of reduce tasks is set to 0 since there's no reduce operator
2024-04-23T20:50:10,448  INFO [main] mr.ExecDriver: Using org.apache.hadoop.hive.ql.io.HiveInputFormat
2024-04-23T20:50:10,448  INFO [main] exec.Utilities: Processing alias $hdt$_0:_dummy_table
2024-04-23T20:50:10,448  INFO [main] exec.Utilities: Adding 1 inputs; the first input is file:/home/alex/Repositories/hive/ql/target/tmp/localscratchdir/4949244f-35ee-4fb2-93bb-5991e2b40d5d/hive_2024-04-23_20-50-10_119_1054393515118861252-1/dummy_path
2024-04-23T20:50:10,457  INFO [main] exec.SerializationUtilities: Serializing MapWork using kryo
2024-04-23T20:50:10,458  INFO [main] exec.Utilities: Serialized plan (via FILE) - name: null size: 5,69KB
2024-04-23T20:50:10,459  WARN [main] impl.MetricsSystemImpl: JobTracker metrics system already initialized!
2024-04-23T20:50:10,463  INFO [main] fs.FSStatsPublisher: created : file:/home/alex/Repositories/hive/ql/target/tmp/localscratchdir/4949244f-35ee-4fb2-93bb-5991e2b40d5d/hive_2024-04-23_20-50-10_119_1054393515118861252-1/-mr-10000
2024-04-23T20:50:10,465  WARN [main] impl.MetricsSystemImpl: JobTracker metrics system already initialized!
2024-04-23T20:50:10,472  WARN [main] mapreduce.JobResourceUploader: Hadoop command-line option parsing not performed. Implement the Tool interface and execute your application with ToolRunner to remedy this.
2024-04-23T20:50:10,476  WARN [main] mapreduce.JobResourceUploader: No job jar file set.  User classes may not be found. See Job or Job#setJar(String).
2024-04-23T20:50:10,477  INFO [main] io.HiveInputFormat: hive.io.file.readcolumn.ids = 
2024-04-23T20:50:10,477  INFO [main] io.HiveInputFormat: hive.io.file.readcolumn.names = 
2024-04-23T20:50:10,477  INFO [main] io.HiveInputFormat: Generating splits for dirs: file:/home/alex/Repositories/hive/ql/target/tmp/localscratchdir/4949244f-35ee-4fb2-93bb-5991e2b40d5d/hive_2024-04-23_20-50-10_119_1054393515118861252-1/dummy_path
2024-04-23T20:50:10,477  INFO [main] io.HiveInputFormat: number of splits 1
2024-04-23T20:50:10,495  INFO [main] mapreduce.JobSubmitter: number of splits:1
2024-04-23T20:50:10,513  INFO [main] mapreduce.JobSubmitter: Submitting tokens for job: job_local544434005_0052
2024-04-23T20:50:10,513  INFO [main] mapreduce.JobSubmitter: Executing with tokens: []
2024-04-23T20:50:10,573  INFO [main] mapreduce.Job: The url to track the job: http://localhost:8080/
Job running in-process (local Hadoop)
2024-04-23T20:50:10,573  INFO [main] exec.Task: Job running in-process (local Hadoop)
2024-04-23T20:50:10,574  INFO [Thread-3947] mapred.LocalJobRunner: OutputCommitter set in config org.apache.hadoop.hive.ql.io.HiveFileFormatUtils$NullOutputCommitter
2024-04-23T20:50:10,574  INFO [Thread-3947] mapred.LocalJobRunner: OutputCommitter is org.apache.hadoop.hive.ql.io.HiveFileFormatUtils$NullOutputCommitter
2024-04-23T20:50:10,576  INFO [Thread-3947] mapred.LocalJobRunner: Waiting for map tasks
2024-04-23T20:50:10,576  INFO [LocalJobRunner Map Task Executor #0] mapred.LocalJobRunner: Starting task: attempt_local544434005_0052_m_000000_0
2024-04-23T20:50:10,578  INFO [LocalJobRunner Map Task Executor #0] mapred.Task:  Using ResourceCalculatorProcessTree : [ ]
2024-04-23T20:50:10,579  INFO [LocalJobRunner Map Task Executor #0] mapred.MapTask: Processing split: org.apache.hadoop.hive.ql.io.NullRowsInputFormat:file:/home/alex/Repositories/hive/ql/target/tmp/localscratchdir/4949244f-35ee-4fb2-93bb-5991e2b40d5d/hive_2024-04-23_20-50-10_119_1054393515118861252-1/dummy_path/null:0+1
2024-04-23T20:50:10,581  INFO [LocalJobRunner Map Task Executor #0] exec.SerializationUtilities: Deserializing MapWork using kryo
2024-04-23T20:50:10,581  INFO [LocalJobRunner Map Task Executor #0] exec.Utilities: Deserialized plan (via FILE) - name: null size: 5,69KB
2024-04-23T20:50:10,582  INFO [LocalJobRunner Map Task Executor #0] mapred.MapTask: numReduceTasks: 0
2024-04-23T20:50:10,584  INFO [LocalJobRunner Map Task Executor #0] exec.MapOperator: Initializing Operator: MAP[0]
2024-04-23T20:50:10,584  INFO [LocalJobRunner Map Task Executor #0] mr.ExecMapper: 
<MAP>Id =0
  <Children>null
  <\Children>
  <Parent><\Parent>
<\MAP>
2024-04-23T20:50:10,585  INFO [LocalJobRunner Map Task Executor #0] exec.TableScanOperator: Initializing Operator: TS[0]
2024-04-23T20:50:10,585  INFO [LocalJobRunner Map Task Executor #0] exec.SelectOperator: Initializing Operator: SEL[1]
2024-04-23T20:50:10,585  INFO [LocalJobRunner Map Task Executor #0] exec.SelectOperator: SELECT null
2024-04-23T20:50:10,585  INFO [LocalJobRunner Map Task Executor #0] exec.UDTFOperator: Initializing Operator: UDTF[2]
2024-04-23T20:50:10,585  INFO [LocalJobRunner Map Task Executor #0] exec.SelectOperator: Initializing Operator: SEL[3]
2024-04-23T20:50:10,585  INFO [LocalJobRunner Map Task Executor #0] exec.SelectOperator: SELECT struct<col1:int,col2:int>
2024-04-23T20:50:10,585  INFO [LocalJobRunner Map Task Executor #0] exec.FileSinkOperator: Initializing Operator: FS[4]
2024-04-23T20:50:10,585  INFO [LocalJobRunner Map Task Executor #0] exec.FileSinkOperator: Using serializer : AbstractSerDe [log=org.apache.logging.slf4j.Log4jLogger@27129f36, configuration=Optional[Configuration: core-default.xml, core-site.xml, mapred-default.xml, mapred-site.xml, yarn-default.xml, yarn-site.xml, hdfs-default.xml, hdfs-site.xml, file:/home/alex/Repositories/hive/ql/target/tmp/TestTxnExIm/mapred/local/localRunner/alex/job_local544434005_0052/job_local544434005_0052.xml], properties={transactional_properties=default, name=default.t, transactional=true, columns.types=int:int, columns=a,b, numFilesErasureCoded=0, columns.comments=&amp#0;, bucketing_version=2, serialization.lib=org.apache.hadoop.hive.ql.io.orc.OrcSerde, file.inputformat=org.apache.hadoop.hive.ql.io.orc.OrcInputFormat, file.outputformat=org.apache.hadoop.hive.ql.io.orc.OrcOutputFormat, location=file:/home/alex/Repositories/hive/ql/target/tmp/org.apache.hadoop.hive.ql.TestTxnExIm-1713930480318/warehouse/t, column.name.delimiter=,}, tableProperties={transactional_properties=default, name=default.t, transactional=true, columns.types=int:int, columns=a,b, numFilesErasureCoded=0, columns.comments=&amp#0;, bucketing_version=2, serialization.lib=org.apache.hadoop.hive.ql.io.orc.OrcSerde, file.inputformat=org.apache.hadoop.hive.ql.io.orc.OrcInputFormat, location=file:/home/alex/Repositories/hive/ql/target/tmp/org.apache.hadoop.hive.ql.TestTxnExIm-1713930480318/warehouse/t, file.outputformat=org.apache.hadoop.hive.ql.io.orc.OrcOutputFormat, column.name.delimiter=,}, partitionProperties=Optional.empty, columnNames=[a, b], columnTypes=[int, int], getClass()=class org.apache.hadoop.hive.ql.io.orc.OrcSerde] and formatter : org.apache.hadoop.hive.ql.io.orc.OrcOutputFormat@686dadf8
2024-04-23T20:50:10,586  INFO [LocalJobRunner Map Task Executor #0] exec.FileSinkOperator: Final Path: FS file:/home/alex/Repositories/hive/ql/target/tmp/org.apache.hadoop.hive.ql.TestTxnExIm-1713930480318/warehouse/t
2024-04-23T20:50:10,586  INFO [LocalJobRunner Map Task Executor #0] exec.FileSinkOperator: New Final Path: FS file:/home/alex/Repositories/hive/ql/target/tmp/org.apache.hadoop.hive.ql.TestTxnExIm-1713930480318/warehouse/t
2024-04-23T20:50:10,586  INFO [LocalJobRunner Map Task Executor #0] common.FileUtils: Creating directory if it doesn't exist: file:/home/alex/Repositories/hive/ql/target/tmp/org.apache.hadoop.hive.ql.TestTxnExIm-1713930480318/warehouse
2024-04-23T20:50:10,588  INFO [LocalJobRunner Map Task Executor #0] exec.FileSinkOperator: FS[4]: records written - 1
2024-04-23T20:50:10,588  INFO [LocalJobRunner Map Task Executor #0] impl.PhysicalFsWriter: ORC writer created for path: file:/home/alex/Repositories/hive/ql/target/tmp/org.apache.hadoop.hive.ql.TestTxnExIm-1713930480318/warehouse/t/delta_0000001_0000001_0000/bucket_00000_0 with stripeSize: 8388608 blockSize: 268435456 compression: Compress: ZLIB buffer: 32768
2024-04-23T20:50:10,594  INFO [LocalJobRunner Map Task Executor #0] impl.WriterImpl: ORC writer created for path: file:/home/alex/Repositories/hive/ql/target/tmp/org.apache.hadoop.hive.ql.TestTxnExIm-1713930480318/warehouse/t/delta_0000001_0000001_0000/bucket_00000_0 with stripeSize: 8388608 options: Compress: ZLIB buffer: 32768
2024-04-23T20:50:10,599  INFO [LocalJobRunner Map Task Executor #0] exec.MapOperator: MAP[0]: records read - 1
2024-04-23T20:50:10,599  INFO [LocalJobRunner Map Task Executor #0] exec.MapOperator: Closing Operator: MAP[0]
2024-04-23T20:50:10,599  INFO [LocalJobRunner Map Task Executor #0] exec.MapOperator: MAP[0]: Total records read - 3. abort - false
2024-04-23T20:50:10,599  INFO [LocalJobRunner Map Task Executor #0] exec.MapOperator: RECORDS_OUT_INTERMEDIATE:0, RECORDS_OUT_OPERATOR_MAP_0:0, RECORDS_IN:3, DESERIALIZE_ERRORS:0, 
2024-04-23T20:50:10,599  INFO [LocalJobRunner Map Task Executor #0] exec.TableScanOperator: Closing Operator: TS[0]
2024-04-23T20:50:10,599  INFO [LocalJobRunner Map Task Executor #0] exec.TableScanOperator: RECORDS_OUT_OPERATOR_TS_0:1, RECORDS_OUT_INTERMEDIATE:0, 
2024-04-23T20:50:10,599  INFO [LocalJobRunner Map Task Executor #0] exec.SelectOperator: Closing Operator: SEL[1]
2024-04-23T20:50:10,600  INFO [LocalJobRunner Map Task Executor #0] exec.SelectOperator: RECORDS_OUT_INTERMEDIATE:0, RECORDS_OUT_OPERATOR_SEL_1:1, 
2024-04-23T20:50:10,600  INFO [LocalJobRunner Map Task Executor #0] exec.UDTFOperator: Closing Operator: UDTF[2]
2024-04-23T20:50:10,600  INFO [LocalJobRunner Map Task Executor #0] exec.UDTFOperator: RECORDS_OUT_OPERATOR_UDTF_2:2, RECORDS_OUT_INTERMEDIATE:0, 
2024-04-23T20:50:10,600  INFO [LocalJobRunner Map Task Executor #0] exec.SelectOperator: Closing Operator: SEL[3]
2024-04-23T20:50:10,600  INFO [LocalJobRunner Map Task Executor #0] exec.SelectOperator: RECORDS_OUT_INTERMEDIATE:0, RECORDS_OUT_OPERATOR_SEL_3:2, 
2024-04-23T20:50:10,600  INFO [LocalJobRunner Map Task Executor #0] exec.FileSinkOperator: Closing Operator: FS[4]
2024-04-23T20:50:10,600  INFO [LocalJobRunner Map Task Executor #0] exec.FileSinkOperator: FS[4]: records written - 2
2024-04-23T20:50:10,601  INFO [LocalJobRunner Map Task Executor #0] FileOperations: Writing manifest to file:/home/alex/Repositories/hive/ql/target/tmp/org.apache.hadoop.hive.ql.TestTxnExIm-1713930480318/warehouse/t/_tmp.delta_0000001_0000001_0000/000000_0.manifest with [file:/home/alex/Repositories/hive/ql/target/tmp/org.apache.hadoop.hive.ql.TestTxnExIm-1713930480318/warehouse/t/delta_0000001_0000001_0000/bucket_00000_0]
2024-04-23T20:50:10,612  INFO [LocalJobRunner Map Task Executor #0] exec.FileSinkOperator: RECORDS_OUT_OPERATOR_FS_4:2, RECORDS_OUT_1_default.t:2, RECORDS_OUT_INTERMEDIATE:0, TOTAL_TABLE_ROWS_WRITTEN:2, 
2024-04-23T20:50:10,613  INFO [LocalJobRunner Map Task Executor #0] mapred.LocalJobRunner: 
2024-04-23T20:50:10,615  INFO [LocalJobRunner Map Task Executor #0] mapred.Task: Task:attempt_local544434005_0052_m_000000_0 is done. And is in the process of committing
2024-04-23T20:50:10,616  INFO [LocalJobRunner Map Task Executor #0] mapred.LocalJobRunner: map
2024-04-23T20:50:10,616  INFO [LocalJobRunner Map Task Executor #0] mapred.Task: Task 'attempt_local544434005_0052_m_000000_0' done.
2024-04-23T20:50:10,616  INFO [LocalJobRunner Map Task Executor #0] mapred.Task: Final Counters for attempt_local544434005_0052_m_000000_0: Counters: 27
	File System Counters
		FILE: Number of bytes read=971173
		FILE: Number of bytes written=60790206
		FILE: Number of read operations=0
		FILE: Number of large read operations=0
		FILE: Number of write operations=0
	Map-Reduce Framework
		Map input records=4
		Map output records=0
		Input split bytes=361
		Spilled Records=0
		Failed Shuffles=0
		Merged Map outputs=0
		GC time elapsed (ms)=0
		Total committed heap usage (bytes)=1195900928
	HIVE
		CREATED_FILES=1
		DESERIALIZE_ERRORS=0
		RECORDS_IN=3
		RECORDS_OUT_1_default.t=2
		RECORDS_OUT_INTERMEDIATE=0
		RECORDS_OUT_OPERATOR_FS_4=2
		RECORDS_OUT_OPERATOR_MAP_0=0
		RECORDS_OUT_OPERATOR_SEL_1=1
		RECORDS_OUT_OPERATOR_SEL_3=2
		RECORDS_OUT_OPERATOR_TS_0=1
		RECORDS_OUT_OPERATOR_UDTF_2=2
		TOTAL_TABLE_ROWS_WRITTEN=2
	File Input Format Counters 
		Bytes Read=5747
	File Output Format Counters 
		Bytes Written=0
2024-04-23T20:50:10,616  INFO [LocalJobRunner Map Task Executor #0] mapred.LocalJobRunner: Finishing task: attempt_local544434005_0052_m_000000_0
2024-04-23T20:50:10,616  INFO [Thread-3947] mapred.LocalJobRunner: map task executor complete.
2024-04-23 20:50:11,575 Stage-1 map = 100%,  reduce = 0%
2024-04-23T20:50:11,575  INFO [main] exec.Task: 2024-04-23 20:50:11,575 Stage-1 map = 100%,  reduce = 0%
Ended Job = job_local544434005_0052
2024-04-23T20:50:11,576  INFO [main] exec.Task: Ended Job = job_local544434005_0052
2024-04-23T20:50:11,578  INFO [main] FileOperations: Found manifest file file:/home/alex/Repositories/hive/ql/target/tmp/org.apache.hadoop.hive.ql.TestTxnExIm-1713930480318/warehouse/t/_tmp.delta_0000001_0000001_0000/000000_0.manifest with attemptId 0.
2024-04-23T20:50:11,578  INFO [main] FileOperations: Looking at manifest file: file:/home/alex/Repositories/hive/ql/target/tmp/org.apache.hadoop.hive.ql.TestTxnExIm-1713930480318/warehouse/t/_tmp.delta_0000001_0000001_0000/000000_0.manifest
2024-04-23T20:50:11,579  INFO [main] FileOperations: Deleting manifest directory file:/home/alex/Repositories/hive/ql/target/tmp/org.apache.hadoop.hive.ql.TestTxnExIm-1713930480318/warehouse/t/_tmp.delta_0000001_0000001_0000
2024-04-23T20:50:11,581  INFO [main] ql.Driver: Starting task [Stage-0:MOVE] in serial mode
Loading data to table default.t
2024-04-23T20:50:11,582  INFO [main] exec.Task: Loading data to table default.t from file:/home/alex/Repositories/hive/ql/target/tmp/org.apache.hadoop.hive.ql.TestTxnExIm-1713930480318/warehouse/t
2024-04-23T20:50:11,582  INFO [main] HiveMetaStore.audit: ugi=alex	ip=unknown-ip-addr	cmd=get_table : tbl=hive.default.t	
2024-04-23T20:50:11,603  INFO [main] metastore.HMSHandler: Skipping translation for processor with null
2024-04-23T20:50:11,603  INFO [main] HiveMetaStore.audit: ugi=alex	ip=unknown-ip-addr	cmd=get_table : tbl=hive.default.t	
2024-04-23T20:50:11,620  INFO [main] metastore.HMSHandler: Skipping translation for processor with null
2024-04-23T20:50:11,621  INFO [main] HiveMetaStore.audit: ugi=alex	ip=unknown-ip-addr	cmd=alter_table: hive.default.t newtbl=t	
2024-04-23T20:50:11,654  INFO [main] ql.Driver: Starting task [Stage-2:STATS] in serial mode
2024-04-23T20:50:11,654  INFO [main] HiveMetaStore.audit: ugi=alex	ip=unknown-ip-addr	cmd=get_table : tbl=hive.default.t	
2024-04-23T20:50:11,661  INFO [main] metastore.HMSHandler: Skipping translation for processor with null
2024-04-23T20:50:11,661  INFO [main] stats.BasicStatsTask: Executing stats task
2024-04-23T20:50:11,661  INFO [main] fs.FSStatsPublisher: created : file:/home/alex/Repositories/hive/ql/target/tmp/localscratchdir/4949244f-35ee-4fb2-93bb-5991e2b40d5d/hive_2024-04-23_20-50-10_119_1054393515118861252-1/-mr-10000
2024-04-23T20:50:11,662  INFO [main] HiveMetaStore.audit: ugi=alex	ip=unknown-ip-addr	cmd=get_table : tbl=hive.default.t	
2024-04-23T20:50:11,669  INFO [main] metastore.HMSHandler: Skipping translation for processor with null
2024-04-23T20:50:11,677  WARN [main] FileOperations: Computing stats for an ACID table; stats may be inaccurate
2024-04-23T20:50:11,677  INFO [main] FileOperations: Read stats for default.t/, numRows, true, 2, false: 
2024-04-23T20:50:11,677  INFO [main] FileOperations: Read stats for default.t/, rawDataSize, true, 0, false: 
2024-04-23T20:50:11,678  INFO [main] HiveMetaStore.audit: ugi=alex	ip=unknown-ip-addr	cmd=alter_table: hive.default.t newtbl=t	
2024-04-23T20:50:11,698  INFO [main] FileOperations: Read stats for default.t/, insertCount, true, 2, false: 
2024-04-23T20:50:11,698  INFO [main] FileOperations: Read stats for default.t/, updateCount, true, 0, false: 
2024-04-23T20:50:11,698  INFO [main] FileOperations: Read stats for default.t/, deleteCount, true, 0, false: 
2024-04-23T20:50:11,701  INFO [main] stats.BasicStatsTask: Table default.t stats: [numFiles=1, numRows=2, totalSize=687, rawDataSize=0, numFilesErasureCoded=0]
2024-04-23T20:50:11,701  INFO [main] metadata.Hive: Dumping metastore api call timing information for : execution phase
2024-04-23T20:50:11,701  INFO [main] metadata.Hive: Total time spent in each metastore function (ms): {getTable_(GetTableRequest)=52, updateTransactionalStatistics_(UpdateTransactionalStatsRequest)=3, alter_table_(String, String, String, Table, EnvironmentContext, String)=54, isCompatibleWith_(Configuration)=1}
MapReduce Jobs Launched: 
2024-04-23T20:50:11,701  INFO [main] ql.Driver: MapReduce Jobs Launched: 
Stage-Stage-1:  HDFS Read: 0 HDFS Write: 0 SUCCESS
2024-04-23T20:50:11,702  INFO [main] ql.Driver: Stage-Stage-1:  HDFS Read: 0 HDFS Write: 0 SUCCESS
Total MapReduce CPU Time Spent: 0 msec
2024-04-23T20:50:11,702  INFO [main] ql.Driver: Total MapReduce CPU Time Spent: 0 msec
2024-04-23T20:50:11,702  INFO [main] ql.Driver: Completed executing command(queryId=alex_20240423205010_5b4e6a09-2b8f-46f0-a5dc-3f320f62a33e); Time taken: 1.397 seconds
2024-04-23T20:50:11,702  INFO [main] lockmgr.DbTxnManager: Stopped heartbeat for query: alex_20240423205010_5b4e6a09-2b8f-46f0-a5dc-3f320f62a33e
2024-04-23T20:50:11,713  INFO [main] txn.TxnHandler: Removed transactions: ([17]) from MIN_HISTORY_LEVEL
2024-04-23T20:50:11,713  WARN [main] txn.CompactionTxnHandler: No compaction queue record found for Compaction type transaction commit. txnId:17
2024-04-23T20:50:11,713  INFO [main] ql.TxnCommandsBaseForTests: Running the query: update T set b = 17 where a = 1
2024-04-23T20:50:11,713  INFO [main] ql.Context: Deleting scratch dir: file:/home/alex/Repositories/hive/ql/target/tmp/localscratchdir/4949244f-35ee-4fb2-93bb-5991e2b40d5d/hive_2024-04-23_20-50-10_119_1054393515118861252-1
2024-04-23T20:50:11,714  INFO [main] cleanup.SyncCleanupService: Deleted directory: file:/home/alex/Repositories/hive/ql/target/tmp/localscratchdir/4949244f-35ee-4fb2-93bb-5991e2b40d5d/hive_2024-04-23_20-50-10_119_1054393515118861252-1 on fs with scheme file
2024-04-23T20:50:11,714  INFO [main] ql.Driver: Compiling command(queryId=alex_20240423205011_cf25e43b-82cb-417a-8d93-2d1ff870d45f): update T set b = 17 where a = 1
2024-04-23T20:50:11,717  INFO [main] txn.TxnHandler: Added entries to MIN_HISTORY_LEVEL for current txns: ([18]) with min_open_txn: 18
2024-04-23T20:50:11,717  INFO [main] lockmgr.DbTxnManager: Opened txnid:18
2024-04-23T20:50:11,718  INFO [main] parse.UpdateDeleteSemanticAnalyzer: Starting caching scope for: 
2024-04-23T20:50:11,718  INFO [main] HiveMetaStore.audit: ugi=alex	ip=unknown-ip-addr	cmd=get_table : tbl=hive.default.T	
2024-04-23T20:50:11,724  INFO [main] metastore.HMSHandler: Skipping translation for processor with null
2024-04-23T20:50:11,724  INFO [main] parse.RewriteSemanticAnalyzer: Going to reparse <update T set b = 17 where a = 1> as 
<insert into table `default`.`T` select ROW__ID,`a`,`b` from `default`.`T` sort by ROW__ID >
2024-04-23T20:50:11,725  INFO [main] parse.UpdateDeleteSemanticAnalyzer: Starting Semantic Analysis
2024-04-23T20:50:11,728  INFO [main] HiveMetaStore.audit: ugi=alex	ip=unknown-ip-addr	cmd=get_table : tbl=hive.default.T	
2024-04-23T20:50:11,735  INFO [main] metastore.HMSHandler: Skipping translation for processor with null
2024-04-23T20:50:11,735  INFO [main] parse.UpdateDeleteSemanticAnalyzer: Completed phase 1 of Semantic Analysis
2024-04-23T20:50:11,735  INFO [main] parse.UpdateDeleteSemanticAnalyzer: Get metadata for source tables
2024-04-23T20:50:11,736  INFO [main] HiveMetaStore.audit: ugi=alex	ip=unknown-ip-addr	cmd=get_table : tbl=hive.default.t	
2024-04-23T20:50:11,742  INFO [main] metastore.HMSHandler: Skipping translation for processor with null
2024-04-23T20:50:11,742  INFO [main] parse.UpdateDeleteSemanticAnalyzer: Get metadata for subqueries
2024-04-23T20:50:11,742  INFO [main] parse.UpdateDeleteSemanticAnalyzer: Get metadata for destination tables
2024-04-23T20:50:11,743  INFO [main] HiveMetaStore.audit: ugi=alex	ip=unknown-ip-addr	cmd=get_table : tbl=hive.default.T	
2024-04-23T20:50:11,751  INFO [main] metastore.HMSHandler: Skipping translation for processor with null
2024-04-23T20:50:11,752  INFO [main] parse.UpdateDeleteSemanticAnalyzer: Completed getting MetaData in Semantic Analysis
2024-04-23T20:50:11,752  INFO [main] parse.UpdateDeleteSemanticAnalyzer: Disabling LLAP IO encode as ETL query is detected
2024-04-23T20:50:11,767  INFO [main] HiveMetaStore.audit: ugi=alex	ip=unknown-ip-addr	cmd=get_all_table_constraints : tbl=hive.default.t	
2024-04-23T20:50:11,774  INFO [main] HiveMetaStore.audit: ugi=alex	ip=unknown-ip-addr	cmd=get_not_null_constraints : tbl=hive.default.t	
2024-04-23T20:50:11,776  INFO [main] HiveMetaStore.audit: ugi=alex	ip=unknown-ip-addr	cmd=get_check_constraints : tbl=hive.default.t	
2024-04-23T20:50:11,803  INFO [main] calcite.RelOptHiveTable: Calculating column statistics for default.t, projIndxSet: [0], allowMissingStats: true
2024-04-23T20:50:11,803  INFO [main] HiveMetaStore.audit: ugi=alex	ip=unknown-ip-addr	cmd=get_table : tbl=hive.default.t	
2024-04-23T20:50:11,813  INFO [main] metastore.HMSHandler: Skipping translation for processor with null
2024-04-23T20:50:11,814  INFO [main] HiveMetaStore.audit: ugi=alex	ip=unknown-ip-addr	cmd=get_table : tbl=hive.default.t	
2024-04-23T20:50:11,824  INFO [main] metastore.HMSHandler: Skipping translation for processor with null
2024-04-23T20:50:11,824  INFO [main] HiveMetaStore.audit: ugi=alex	ip=unknown-ip-addr	cmd=get_table_statistics_req: table=hive.default.t	
2024-04-23T20:50:11,835  WARN [main] calcite.RelOptHiveTable: No Stats for default@t, Columns: a
No Stats for default@t, Columns: a
2024-04-23T20:50:11,835  INFO [main] SessionState: No Stats for default@t, Columns: a
2024-04-23T20:50:11,904  INFO [main] parse.UpdateDeleteSemanticAnalyzer: Get metadata for source tables
2024-04-23T20:50:11,905  INFO [main] parse.UpdateDeleteSemanticAnalyzer: Get metadata for subqueries
2024-04-23T20:50:11,905  INFO [main] parse.UpdateDeleteSemanticAnalyzer: Get metadata for destination tables
2024-04-23T20:50:11,905  INFO [main] HiveMetaStore.audit: ugi=alex	ip=unknown-ip-addr	cmd=get_table : tbl=hive.default.T	
2024-04-23T20:50:11,916  INFO [main] metastore.HMSHandler: Skipping translation for processor with null
2024-04-23T20:50:11,921 ERROR [main] parse.UpdateDeleteSemanticAnalyzer: CBO failed, skipping CBO. 
org.apache.hadoop.hive.ql.exec.NoMatchingMethodException: No matching method for class org.apache.hadoop.hive.ql.udf.UDFToInteger with (struct<writeid:bigint,bucketid:int,rowid:bigint>). Possible choices: _FUNC_(bigint)  _FUNC_(boolean)  _FUNC_(decimal(38,18))  _FUNC_(double)  _FUNC_(float)  _FUNC_(smallint)  _FUNC_(string)  _FUNC_(struct<bucketid:bigint,rowid:int,writeid:bigint>)  _FUNC_(timestamp)  _FUNC_(tinyint)  _FUNC_(void)  
	at org.apache.hadoop.hive.ql.exec.MethodUtils.getMethodInternal(MethodUtils.java:130) ~[classes/:?]
	at org.apache.hadoop.hive.ql.exec.MethodUtils.getMethodInternal(MethodUtils.java:60) ~[classes/:?]
	at org.apache.hadoop.hive.ql.exec.DefaultUDFMethodResolver.getEvalMethod(DefaultUDFMethodResolver.java:59) ~[classes/:?]
	at org.apache.hadoop.hive.ql.udf.TimestampCastRestrictorResolver.getEvalMethod(TimestampCastRestrictorResolver.java:68) ~[classes/:?]
	at org.apache.hadoop.hive.ql.udf.generic.GenericUDFBridge.initialize(GenericUDFBridge.java:168) ~[classes/:?]
	at org.apache.hadoop.hive.ql.udf.generic.GenericUDF.initializeAndFoldConstants(GenericUDF.java:149) ~[classes/:?]
	at org.apache.hadoop.hive.ql.plan.ExprNodeGenericFuncDesc.newInstance(ExprNodeGenericFuncDesc.java:235) ~[classes/:?]
	at org.apache.hadoop.hive.ql.parse.type.ExprNodeDescExprFactory.createFuncCallExpr(ExprNodeDescExprFactory.java:584) ~[classes/:?]
	at org.apache.hadoop.hive.ql.parse.type.ExprNodeDescExprFactory.createFuncCallExpr(ExprNodeDescExprFactory.java:97) ~[classes/:?]
	at org.apache.hadoop.hive.ql.parse.type.TypeCheckProcFactory$DefaultExprProcessor.getFuncExprNodeDescWithUdfData(TypeCheckProcFactory.java:762) ~[classes/:?]
	at org.apache.hadoop.hive.ql.parse.type.TypeCheckProcFactory$DefaultExprProcessor.createConversionCast(TypeCheckProcFactory.java:783) ~[classes/:?]
	at org.apache.hadoop.hive.ql.parse.SemanticAnalyzer.getPartitionColsFromBucketColsForUpdateDelete(SemanticAnalyzer.java:8725) ~[classes/:?]
	at org.apache.hadoop.hive.ql.parse.SemanticAnalyzer.genBucketingSortingDest(SemanticAnalyzer.java:6914) ~[classes/:?]
	at org.apache.hadoop.hive.ql.parse.SemanticAnalyzer.genFileSinkPlan(SemanticAnalyzer.java:7335) ~[classes/:?]
	at org.apache.hadoop.hive.ql.parse.SemanticAnalyzer.genPostGroupByBodyPlan(SemanticAnalyzer.java:11063) ~[classes/:?]
	at org.apache.hadoop.hive.ql.parse.SemanticAnalyzer.genBodyPlan(SemanticAnalyzer.java:10938) ~[classes/:?]
	at org.apache.hadoop.hive.ql.parse.SemanticAnalyzer.genPlan(SemanticAnalyzer.java:11853) ~[classes/:?]
	at org.apache.hadoop.hive.ql.parse.SemanticAnalyzer.genPlan(SemanticAnalyzer.java:11723) ~[classes/:?]
	at org.apache.hadoop.hive.ql.parse.CalcitePlanner.genOPTree(CalcitePlanner.java:626) ~[classes/:?]
	at org.apache.hadoop.hive.ql.parse.SemanticAnalyzer.analyzeInternal(SemanticAnalyzer.java:12558) ~[classes/:?]
	at org.apache.hadoop.hive.ql.parse.CalcitePlanner.analyzeInternal(CalcitePlanner.java:456) ~[classes/:?]
	at org.apache.hadoop.hive.ql.parse.RewriteSemanticAnalyzer.analyzeInternal(RewriteSemanticAnalyzer.java:67) ~[classes/:?]
	at org.apache.hadoop.hive.ql.parse.BaseSemanticAnalyzer.analyze(BaseSemanticAnalyzer.java:317) ~[classes/:?]
	at org.apache.hadoop.hive.ql.parse.UpdateDeleteSemanticAnalyzer.reparseAndSuperAnalyze(UpdateDeleteSemanticAnalyzer.java:208) ~[classes/:?]
	at org.apache.hadoop.hive.ql.parse.UpdateDeleteSemanticAnalyzer.analyzeUpdate(UpdateDeleteSemanticAnalyzer.java:63) ~[classes/:?]
	at org.apache.hadoop.hive.ql.parse.UpdateDeleteSemanticAnalyzer.analyze(UpdateDeleteSemanticAnalyzer.java:53) ~[classes/:?]
	at org.apache.hadoop.hive.ql.parse.RewriteSemanticAnalyzer.analyzeInternal(RewriteSemanticAnalyzer.java:72) ~[classes/:?]
	at org.apache.hadoop.hive.ql.parse.BaseSemanticAnalyzer.analyze(BaseSemanticAnalyzer.java:317) ~[classes/:?]
	at org.apache.hadoop.hive.ql.Compiler.analyze(Compiler.java:223) ~[classes/:?]
	at org.apache.hadoop.hive.ql.Compiler.compile(Compiler.java:105) ~[classes/:?]
	at org.apache.hadoop.hive.ql.Driver.compile(Driver.java:500) ~[classes/:?]
	at org.apache.hadoop.hive.ql.Driver.compileInternal(Driver.java:453) ~[classes/:?]
	at org.apache.hadoop.hive.ql.Driver.runInternal(Driver.java:181) ~[classes/:?]
	at org.apache.hadoop.hive.ql.Driver.run(Driver.java:153) ~[classes/:?]
	at org.apache.hadoop.hive.ql.Driver.run(Driver.java:140) ~[classes/:?]
	at org.apache.hadoop.hive.ql.TxnCommandsBaseForTests.runStatementOnDriver(TxnCommandsBaseForTests.java:245) ~[test-classes/:?]
	at org.apache.hadoop.hive.ql.TestTxnExIm.testExportMerge(TestTxnExIm.java:104) ~[test-classes/:?]
	at sun.reflect.NativeMethodAccessorImpl.invoke0(Native Method) ~[?:1.8.0_402]
	at sun.reflect.NativeMethodAccessorImpl.invoke(NativeMethodAccessorImpl.java:62) ~[?:1.8.0_402]
	at sun.reflect.DelegatingMethodAccessorImpl.invoke(DelegatingMethodAccessorImpl.java:43) ~[?:1.8.0_402]
	at java.lang.reflect.Method.invoke(Method.java:498) ~[?:1.8.0_402]
	at org.junit.runners.model.FrameworkMethod$1.runReflectiveCall(FrameworkMethod.java:59) ~[junit-4.13.jar:4.13]
	at org.junit.internal.runners.model.ReflectiveCallable.run(ReflectiveCallable.java:12) ~[junit-4.13.jar:4.13]
	at org.junit.runners.model.FrameworkMethod.invokeExplosively(FrameworkMethod.java:56) ~[junit-4.13.jar:4.13]
	at org.junit.internal.runners.statements.InvokeMethod.evaluate(InvokeMethod.java:17) ~[junit-4.13.jar:4.13]
	at org.junit.internal.runners.statements.RunBefores.evaluate(RunBefores.java:26) ~[junit-4.13.jar:4.13]
	at org.junit.internal.runners.statements.RunAfters.evaluate(RunAfters.java:27) ~[junit-4.13.jar:4.13]
	at org.junit.rules.TestWatcher$1.evaluate(TestWatcher.java:61) ~[junit-4.13.jar:4.13]
	at org.junit.runners.ParentRunner$3.evaluate(ParentRunner.java:306) ~[junit-4.13.jar:4.13]
	at org.junit.runners.BlockJUnit4ClassRunner$1.evaluate(BlockJUnit4ClassRunner.java:100) ~[junit-4.13.jar:4.13]
	at org.junit.runners.ParentRunner.runLeaf(ParentRunner.java:366) ~[junit-4.13.jar:4.13]
	at org.junit.runners.BlockJUnit4ClassRunner.runChild(BlockJUnit4ClassRunner.java:103) ~[junit-4.13.jar:4.13]
	at org.junit.runners.BlockJUnit4ClassRunner.runChild(BlockJUnit4ClassRunner.java:63) ~[junit-4.13.jar:4.13]
	at org.junit.runners.ParentRunner$4.run(ParentRunner.java:331) ~[junit-4.13.jar:4.13]
	at org.junit.runners.ParentRunner$1.schedule(ParentRunner.java:79) ~[junit-4.13.jar:4.13]
	at org.junit.runners.ParentRunner.runChildren(ParentRunner.java:329) ~[junit-4.13.jar:4.13]
	at org.junit.runners.ParentRunner.access$100(ParentRunner.java:66) ~[junit-4.13.jar:4.13]
	at org.junit.runners.ParentRunner$2.evaluate(ParentRunner.java:293) ~[junit-4.13.jar:4.13]
	at org.junit.runners.ParentRunner$3.evaluate(ParentRunner.java:306) ~[junit-4.13.jar:4.13]
	at org.junit.runners.ParentRunner.run(ParentRunner.java:413) ~[junit-4.13.jar:4.13]
	at org.junit.runner.JUnitCore.run(JUnitCore.java:137) ~[junit-4.13.jar:4.13]
	at org.junit.runner.JUnitCore.run(JUnitCore.java:115) ~[junit-4.13.jar:4.13]
	at org.junit.vintage.engine.execution.RunnerExecutor.execute(RunnerExecutor.java:43) ~[junit-vintage-engine-5.6.2.jar:5.6.2]
	at java.util.stream.ForEachOps$ForEachOp$OfRef.accept(ForEachOps.java:183) ~[?:1.8.0_402]
	at java.util.stream.ReferencePipeline$3$1.accept(ReferencePipeline.java:193) ~[?:1.8.0_402]
	at java.util.Iterator.forEachRemaining(Iterator.java:116) ~[?:1.8.0_402]
	at java.util.Spliterators$IteratorSpliterator.forEachRemaining(Spliterators.java:1801) ~[?:1.8.0_402]
	at java.util.stream.AbstractPipeline.copyInto(AbstractPipeline.java:482) ~[?:1.8.0_402]
	at java.util.stream.AbstractPipeline.wrapAndCopyInto(AbstractPipeline.java:472) ~[?:1.8.0_402]
	at java.util.stream.ForEachOps$ForEachOp.evaluateSequential(ForEachOps.java:150) ~[?:1.8.0_402]
	at java.util.stream.ForEachOps$ForEachOp$OfRef.evaluateSequential(ForEachOps.java:173) ~[?:1.8.0_402]
	at java.util.stream.AbstractPipeline.evaluate(AbstractPipeline.java:234) ~[?:1.8.0_402]
	at java.util.stream.ReferencePipeline.forEach(ReferencePipeline.java:485) ~[?:1.8.0_402]
	at org.junit.vintage.engine.VintageTestEngine.executeAllChildren(VintageTestEngine.java:82) ~[junit-vintage-engine-5.6.2.jar:5.6.2]
	at org.junit.vintage.engine.VintageTestEngine.execute(VintageTestEngine.java:73) ~[junit-vintage-engine-5.6.2.jar:5.6.2]
	at org.junit.platform.launcher.core.DefaultLauncher.execute(DefaultLauncher.java:248) ~[junit-platform-launcher-1.6.2.jar:1.6.2]
	at org.junit.platform.launcher.core.DefaultLauncher.lambda$execute$5(DefaultLauncher.java:211) ~[junit-platform-launcher-1.6.2.jar:1.6.2]
	at org.junit.platform.launcher.core.DefaultLauncher.withInterceptedStreams(DefaultLauncher.java:226) [junit-platform-launcher-1.6.2.jar:1.6.2]
	at org.junit.platform.launcher.core.DefaultLauncher.execute(DefaultLauncher.java:199) [junit-platform-launcher-1.6.2.jar:1.6.2]
	at org.junit.platform.launcher.core.DefaultLauncher.execute(DefaultLauncher.java:132) [junit-platform-launcher-1.6.2.jar:1.6.2]
	at org.apache.maven.surefire.junitplatform.JUnitPlatformProvider.invokeAllTests(JUnitPlatformProvider.java:154) [surefire-junit-platform-3.0.0-M4.jar:3.0.0-M4]
	at org.apache.maven.surefire.junitplatform.JUnitPlatformProvider.invoke(JUnitPlatformProvider.java:123) [surefire-junit-platform-3.0.0-M4.jar:3.0.0-M4]
	at org.apache.maven.surefire.booter.ForkedBooter.runSuitesInProcess(ForkedBooter.java:377) [surefire-booter-3.0.0-M4.jar:3.0.0-M4]
	at org.apache.maven.surefire.booter.ForkedBooter.execute(ForkedBooter.java:138) [surefire-booter-3.0.0-M4.jar:3.0.0-M4]
	at org.apache.maven.surefire.booter.ForkedBooter.run(ForkedBooter.java:465) [surefire-booter-3.0.0-M4.jar:3.0.0-M4]
	at org.apache.maven.surefire.booter.ForkedBooter.main(ForkedBooter.java:451) [surefire-booter-3.0.0-M4.jar:3.0.0-M4]
2024-04-23T20:50:11,923 ERROR [main] parse.UpdateDeleteSemanticAnalyzer: CBO failed due to missing column stats (see previous errors), skipping CBO
2024-04-23T20:50:11,923  INFO [main] parse.UpdateDeleteSemanticAnalyzer: Ending caching scope for: 
FAILED: NoMatchingMethodException No matching method for class org.apache.hadoop.hive.ql.udf.UDFToInteger with (struct<writeid:bigint,bucketid:int,rowid:bigint>). Possible choices: _FUNC_(bigint)  _FUNC_(boolean)  _FUNC_(decimal(38,18))  _FUNC_(double)  _FUNC_(float)  _FUNC_(smallint)  _FUNC_(string)  _FUNC_(struct<bucketid:bigint,rowid:int,writeid:bigint>)  _FUNC_(timestamp)  _FUNC_(tinyint)  _FUNC_(void)  
2024-04-23T20:50:11,923 ERROR [main] ql.Driver: FAILED: NoMatchingMethodException No matching method for class org.apache.hadoop.hive.ql.udf.UDFToInteger with (struct<writeid:bigint,bucketid:int,rowid:bigint>). Possible choices: _FUNC_(bigint)  _FUNC_(boolean)  _FUNC_(decimal(38,18))  _FUNC_(double)  _FUNC_(float)  _FUNC_(smallint)  _FUNC_(string)  _FUNC_(struct<bucketid:bigint,rowid:int,writeid:bigint>)  _FUNC_(timestamp)  _FUNC_(tinyint)  _FUNC_(void)  
org.apache.hadoop.hive.ql.exec.NoMatchingMethodException: No matching method for class org.apache.hadoop.hive.ql.udf.UDFToInteger with (struct<writeid:bigint,bucketid:int,rowid:bigint>). Possible choices: _FUNC_(bigint)  _FUNC_(boolean)  _FUNC_(decimal(38,18))  _FUNC_(double)  _FUNC_(float)  _FUNC_(smallint)  _FUNC_(string)  _FUNC_(struct<bucketid:bigint,rowid:int,writeid:bigint>)  _FUNC_(timestamp)  _FUNC_(tinyint)  _FUNC_(void)  
	at org.apache.hadoop.hive.ql.exec.MethodUtils.getMethodInternal(MethodUtils.java:130)
	at org.apache.hadoop.hive.ql.exec.MethodUtils.getMethodInternal(MethodUtils.java:60)
	at org.apache.hadoop.hive.ql.exec.DefaultUDFMethodResolver.getEvalMethod(DefaultUDFMethodResolver.java:59)
	at org.apache.hadoop.hive.ql.udf.TimestampCastRestrictorResolver.getEvalMethod(TimestampCastRestrictorResolver.java:68)
	at org.apache.hadoop.hive.ql.udf.generic.GenericUDFBridge.initialize(GenericUDFBridge.java:168)
	at org.apache.hadoop.hive.ql.udf.generic.GenericUDF.initializeAndFoldConstants(GenericUDF.java:149)
	at org.apache.hadoop.hive.ql.plan.ExprNodeGenericFuncDesc.newInstance(ExprNodeGenericFuncDesc.java:235)
	at org.apache.hadoop.hive.ql.parse.type.ExprNodeDescExprFactory.createFuncCallExpr(ExprNodeDescExprFactory.java:584)
	at org.apache.hadoop.hive.ql.parse.type.ExprNodeDescExprFactory.createFuncCallExpr(ExprNodeDescExprFactory.java:97)
	at org.apache.hadoop.hive.ql.parse.type.TypeCheckProcFactory$DefaultExprProcessor.getFuncExprNodeDescWithUdfData(TypeCheckProcFactory.java:762)
	at org.apache.hadoop.hive.ql.parse.type.TypeCheckProcFactory$DefaultExprProcessor.createConversionCast(TypeCheckProcFactory.java:783)
	at org.apache.hadoop.hive.ql.parse.SemanticAnalyzer.getPartitionColsFromBucketColsForUpdateDelete(SemanticAnalyzer.java:8725)
	at org.apache.hadoop.hive.ql.parse.SemanticAnalyzer.genBucketingSortingDest(SemanticAnalyzer.java:6914)
	at org.apache.hadoop.hive.ql.parse.SemanticAnalyzer.genFileSinkPlan(SemanticAnalyzer.java:7335)
	at org.apache.hadoop.hive.ql.parse.SemanticAnalyzer.genPostGroupByBodyPlan(SemanticAnalyzer.java:11063)
	at org.apache.hadoop.hive.ql.parse.SemanticAnalyzer.genBodyPlan(SemanticAnalyzer.java:10938)
	at org.apache.hadoop.hive.ql.parse.SemanticAnalyzer.genPlan(SemanticAnalyzer.java:11853)
	at org.apache.hadoop.hive.ql.parse.SemanticAnalyzer.genPlan(SemanticAnalyzer.java:11723)
	at org.apache.hadoop.hive.ql.parse.CalcitePlanner.genOPTree(CalcitePlanner.java:626)
	at org.apache.hadoop.hive.ql.parse.SemanticAnalyzer.analyzeInternal(SemanticAnalyzer.java:12558)
	at org.apache.hadoop.hive.ql.parse.CalcitePlanner.analyzeInternal(CalcitePlanner.java:456)
	at org.apache.hadoop.hive.ql.parse.RewriteSemanticAnalyzer.analyzeInternal(RewriteSemanticAnalyzer.java:67)
	at org.apache.hadoop.hive.ql.parse.BaseSemanticAnalyzer.analyze(BaseSemanticAnalyzer.java:317)
	at org.apache.hadoop.hive.ql.parse.UpdateDeleteSemanticAnalyzer.reparseAndSuperAnalyze(UpdateDeleteSemanticAnalyzer.java:208)
	at org.apache.hadoop.hive.ql.parse.UpdateDeleteSemanticAnalyzer.analyzeUpdate(UpdateDeleteSemanticAnalyzer.java:63)
	at org.apache.hadoop.hive.ql.parse.UpdateDeleteSemanticAnalyzer.analyze(UpdateDeleteSemanticAnalyzer.java:53)
	at org.apache.hadoop.hive.ql.parse.RewriteSemanticAnalyzer.analyzeInternal(RewriteSemanticAnalyzer.java:72)
	at org.apache.hadoop.hive.ql.parse.BaseSemanticAnalyzer.analyze(BaseSemanticAnalyzer.java:317)
	at org.apache.hadoop.hive.ql.Compiler.analyze(Compiler.java:223)
	at org.apache.hadoop.hive.ql.Compiler.compile(Compiler.java:105)
	at org.apache.hadoop.hive.ql.Driver.compile(Driver.java:500)
	at org.apache.hadoop.hive.ql.Driver.compileInternal(Driver.java:453)
	at org.apache.hadoop.hive.ql.Driver.runInternal(Driver.java:181)
	at org.apache.hadoop.hive.ql.Driver.run(Driver.java:153)
	at org.apache.hadoop.hive.ql.Driver.run(Driver.java:140)
	at org.apache.hadoop.hive.ql.TxnCommandsBaseForTests.runStatementOnDriver(TxnCommandsBaseForTests.java:245)
	at org.apache.hadoop.hive.ql.TestTxnExIm.testExportMerge(TestTxnExIm.java:104)
	at sun.reflect.NativeMethodAccessorImpl.invoke0(Native Method)
	at sun.reflect.NativeMethodAccessorImpl.invoke(NativeMethodAccessorImpl.java:62)
	at sun.reflect.DelegatingMethodAccessorImpl.invoke(DelegatingMethodAccessorImpl.java:43)
	at java.lang.reflect.Method.invoke(Method.java:498)
	at org.junit.runners.model.FrameworkMethod$1.runReflectiveCall(FrameworkMethod.java:59)
	at org.junit.internal.runners.model.ReflectiveCallable.run(ReflectiveCallable.java:12)
	at org.junit.runners.model.FrameworkMethod.invokeExplosively(FrameworkMethod.java:56)
	at org.junit.internal.runners.statements.InvokeMethod.evaluate(InvokeMethod.java:17)
	at org.junit.internal.runners.statements.RunBefores.evaluate(RunBefores.java:26)
	at org.junit.internal.runners.statements.RunAfters.evaluate(RunAfters.java:27)
	at org.junit.rules.TestWatcher$1.evaluate(TestWatcher.java:61)
	at org.junit.runners.ParentRunner$3.evaluate(ParentRunner.java:306)
	at org.junit.runners.BlockJUnit4ClassRunner$1.evaluate(BlockJUnit4ClassRunner.java:100)
	at org.junit.runners.ParentRunner.runLeaf(ParentRunner.java:366)
	at org.junit.runners.BlockJUnit4ClassRunner.runChild(BlockJUnit4ClassRunner.java:103)
	at org.junit.runners.BlockJUnit4ClassRunner.runChild(BlockJUnit4ClassRunner.java:63)
	at org.junit.runners.ParentRunner$4.run(ParentRunner.java:331)
	at org.junit.runners.ParentRunner$1.schedule(ParentRunner.java:79)
	at org.junit.runners.ParentRunner.runChildren(ParentRunner.java:329)
	at org.junit.runners.ParentRunner.access$100(ParentRunner.java:66)
	at org.junit.runners.ParentRunner$2.evaluate(ParentRunner.java:293)
	at org.junit.runners.ParentRunner$3.evaluate(ParentRunner.java:306)
	at org.junit.runners.ParentRunner.run(ParentRunner.java:413)
	at org.junit.runner.JUnitCore.run(JUnitCore.java:137)
	at org.junit.runner.JUnitCore.run(JUnitCore.java:115)
	at org.junit.vintage.engine.execution.RunnerExecutor.execute(RunnerExecutor.java:43)
	at java.util.stream.ForEachOps$ForEachOp$OfRef.accept(ForEachOps.java:183)
	at java.util.stream.ReferencePipeline$3$1.accept(ReferencePipeline.java:193)
	at java.util.Iterator.forEachRemaining(Iterator.java:116)
	at java.util.Spliterators$IteratorSpliterator.forEachRemaining(Spliterators.java:1801)
	at java.util.stream.AbstractPipeline.copyInto(AbstractPipeline.java:482)
	at java.util.stream.AbstractPipeline.wrapAndCopyInto(AbstractPipeline.java:472)
	at java.util.stream.ForEachOps$ForEachOp.evaluateSequential(ForEachOps.java:150)
	at java.util.stream.ForEachOps$ForEachOp$OfRef.evaluateSequential(ForEachOps.java:173)
	at java.util.stream.AbstractPipeline.evaluate(AbstractPipeline.java:234)
	at java.util.stream.ReferencePipeline.forEach(ReferencePipeline.java:485)
	at org.junit.vintage.engine.VintageTestEngine.executeAllChildren(VintageTestEngine.java:82)
	at org.junit.vintage.engine.VintageTestEngine.execute(VintageTestEngine.java:73)
	at org.junit.platform.launcher.core.DefaultLauncher.execute(DefaultLauncher.java:248)
	at org.junit.platform.launcher.core.DefaultLauncher.lambda$execute$5(DefaultLauncher.java:211)
	at org.junit.platform.launcher.core.DefaultLauncher.withInterceptedStreams(DefaultLauncher.java:226)
	at org.junit.platform.launcher.core.DefaultLauncher.execute(DefaultLauncher.java:199)
	at org.junit.platform.launcher.core.DefaultLauncher.execute(DefaultLauncher.java:132)
	at org.apache.maven.surefire.junitplatform.JUnitPlatformProvider.invokeAllTests(JUnitPlatformProvider.java:154)
	at org.apache.maven.surefire.junitplatform.JUnitPlatformProvider.invoke(JUnitPlatformProvider.java:123)
	at org.apache.maven.surefire.booter.ForkedBooter.runSuitesInProcess(ForkedBooter.java:377)
	at org.apache.maven.surefire.booter.ForkedBooter.execute(ForkedBooter.java:138)
	at org.apache.maven.surefire.booter.ForkedBooter.run(ForkedBooter.java:465)
	at org.apache.maven.surefire.booter.ForkedBooter.main(ForkedBooter.java:451)

2024-04-23T20:50:11,924  INFO [main] metadata.Hive: Dumping metastore api call timing information for : compilation phase
2024-04-23T20:50:11,924  INFO [main] metadata.Hive: Total time spent in each metastore function (ms): {getTableColumnStatistics_(String, String, List, String)=32, isCompatibleWith_(Configuration)=1, getValidTxns_(long)=1, openTxn_(String, TxnType)=2, getNotNullConstraints_(NotNullConstraintsRequest)=2, getCheckConstraints_(CheckConstraintsRequest)=1, flushCache_()=0, getValidWriteIds_(List, String)=3, getTable_(GetTableRequest)=41, getAllTableConstraints_(AllTableConstraintsRequest)=5, commitTxn_(CommitTxnRequest)=11}
2024-04-23T20:50:11,924  INFO [main] ql.Driver: Completed compiling command(queryId=alex_20240423205011_cf25e43b-82cb-417a-8d93-2d1ff870d45f); Time taken: 0.21 seconds
2024-04-23T20:50:11,925  INFO [main] lockmgr.DbTxnManager: Stopped heartbeat for query: null
2024-04-23T20:50:11,930  INFO [main] txn.TxnHandler: Removed transactions: ([18]) from MIN_HISTORY_LEVEL
2024-04-23T20:50:11,941  INFO [main] ql.TxnCommandsBaseForTests: Running the query: drop table if exists acidTbl
2024-04-23T20:50:11,941  INFO [main] ql.Driver: Compiling command(queryId=alex_20240423205011_7a5813c0-47dc-4632-b85b-ac2a5b4b13c0): drop table if exists acidTbl
2024-04-23T20:50:11,943  INFO [main] txn.TxnHandler: Added entries to MIN_HISTORY_LEVEL for current txns: ([19]) with min_open_txn: 18
2024-04-23T20:50:11,944  INFO [main] lockmgr.DbTxnManager: Opened txnid:19
2024-04-23T20:50:11,944  INFO [main] HiveMetaStore.audit: ugi=alex	ip=unknown-ip-addr	cmd=get_table : tbl=hive.default.acidTbl	
2024-04-23T20:50:11,951  INFO [main] metastore.HMSHandler: Skipping translation for processor with null
2024-04-23T20:50:11,951  INFO [main] ql.Driver: Semantic Analysis Completed (retrial = false)
2024-04-23T20:50:11,951  INFO [main] ql.Driver: Created Hive schema: Schema(fieldSchemas:null, properties:null)
2024-04-23T20:50:11,951  INFO [main] metadata.Hive: Dumping metastore api call timing information for : compilation phase
2024-04-23T20:50:11,951  INFO [main] metadata.Hive: Total time spent in each metastore function (ms): {flushCache_()=0, isCompatibleWith_(Configuration)=0, getValidTxns_(long)=0, openTxn_(String, TxnType)=3, getTable_(GetTableRequest)=7, rollbackTxn_(long)=15}
2024-04-23T20:50:11,952  INFO [main] ql.Driver: Completed compiling command(queryId=alex_20240423205011_7a5813c0-47dc-4632-b85b-ac2a5b4b13c0); Time taken: 0.01 seconds
2024-04-23T20:50:11,952  INFO [main] lockmgr.DbTxnManager: Setting lock request transaction to txnid:19 for queryId=alex_20240423205011_7a5813c0-47dc-4632-b85b-ac2a5b4b13c0
2024-04-23T20:50:11,952  INFO [main] lockmgr.DbLockManager: Requesting lock for queryId=alex_20240423205011_7a5813c0-47dc-4632-b85b-ac2a5b4b13c0
2024-04-23T20:50:11,969  INFO [main] lockmgr.DbLockManager: Response to queryId=alex_20240423205011_7a5813c0-47dc-4632-b85b-ac2a5b4b13c0 LockResponse(lockid:12, state:ACQUIRED)
2024-04-23T20:50:11,969  INFO [main] ql.Driver: Operation DROPTABLE obtained 1 locks
2024-04-23T20:50:11,969  INFO [main] ql.Driver: Executing command(queryId=alex_20240423205011_7a5813c0-47dc-4632-b85b-ac2a5b4b13c0): drop table if exists acidTbl
2024-04-23T20:50:11,969  INFO [main] ql.Driver: Starting task [Stage-0:DDL] in serial mode
2024-04-23T20:50:11,969  INFO [main] HiveMetaStore.audit: ugi=alex	ip=unknown-ip-addr	cmd=get_table : tbl=hive.default.acidTbl	
2024-04-23T20:50:11,976  INFO [main] metastore.HMSHandler: Skipping translation for processor with null
2024-04-23T20:50:11,976  INFO [main] HiveMetaStore.audit: ugi=alex	ip=unknown-ip-addr	cmd=get_table : tbl=hive.default.acidTbl	
2024-04-23T20:50:11,983  INFO [main] metastore.HMSHandler: Skipping translation for processor with null
2024-04-23T20:50:11,983  INFO [main] HiveMetaStore.audit: ugi=alex	ip=unknown-ip-addr	cmd=drop_table : tbl=hive.default.acidTbl	
2024-04-23T20:50:12,090  INFO [main] metadata.Hive: Dumping metastore api call timing information for : execution phase
2024-04-23T20:50:12,091  INFO [main] metadata.Hive: Total time spent in each metastore function (ms): {getTable_(GetTableRequest)=7, dropTable_(String, String, boolean, boolean, boolean)=114, isCompatibleWith_(Configuration)=0}
2024-04-23T20:50:12,091  INFO [main] ql.Driver: Completed executing command(queryId=alex_20240423205011_7a5813c0-47dc-4632-b85b-ac2a5b4b13c0); Time taken: 0.121 seconds
2024-04-23T20:50:12,091  INFO [main] lockmgr.DbTxnManager: Stopped heartbeat for query: alex_20240423205011_7a5813c0-47dc-4632-b85b-ac2a5b4b13c0
2024-04-23T20:50:12,095  INFO [main] txn.TxnHandler: Expected to move at least one record from txn_components to completed_txn_components when committing txn! txnid:19
2024-04-23T20:50:12,101  INFO [main] txn.TxnHandler: Removed transactions: ([19]) from MIN_HISTORY_LEVEL
2024-04-23T20:50:12,101  WARN [main] txn.CompactionTxnHandler: No compaction queue record found for Compaction type transaction commit. txnId:19
2024-04-23T20:50:12,102  INFO [main] ql.TxnCommandsBaseForTests: Running the query: drop table if exists acidTblPart
2024-04-23T20:50:12,102  INFO [main] ql.Driver: Compiling command(queryId=alex_20240423205012_eb2909a9-3e2f-41d3-b6ea-998f36a355d2): drop table if exists acidTblPart
2024-04-23T20:50:12,105  INFO [main] txn.TxnHandler: Added entries to MIN_HISTORY_LEVEL for current txns: ([20]) with min_open_txn: 18
2024-04-23T20:50:12,105  INFO [main] lockmgr.DbTxnManager: Opened txnid:20
2024-04-23T20:50:12,106  INFO [main] HiveMetaStore.audit: ugi=alex	ip=unknown-ip-addr	cmd=get_table : tbl=hive.default.acidTblPart	
2024-04-23T20:50:12,112  INFO [main] metastore.HMSHandler: Skipping translation for processor with null
2024-04-23T20:50:12,112  INFO [main] ql.Driver: Semantic Analysis Completed (retrial = false)
2024-04-23T20:50:12,112  INFO [main] ql.Driver: Created Hive schema: Schema(fieldSchemas:null, properties:null)
2024-04-23T20:50:12,112  INFO [main] metadata.Hive: Dumping metastore api call timing information for : compilation phase
2024-04-23T20:50:12,113  INFO [main] metadata.Hive: Total time spent in each metastore function (ms): {flushCache_()=0, getValidTxns_(long)=0, commitTxn_(CommitTxnRequest)=11, getTable_(GetTableRequest)=7, isCompatibleWith_(Configuration)=0, openTxn_(String, TxnType)=2}
2024-04-23T20:50:12,113  INFO [main] ql.Driver: Completed compiling command(queryId=alex_20240423205012_eb2909a9-3e2f-41d3-b6ea-998f36a355d2); Time taken: 0.01 seconds
2024-04-23T20:50:12,113  INFO [main] lockmgr.DbTxnManager: Setting lock request transaction to txnid:20 for queryId=alex_20240423205012_eb2909a9-3e2f-41d3-b6ea-998f36a355d2
2024-04-23T20:50:12,114  INFO [main] lockmgr.DbLockManager: Requesting lock for queryId=alex_20240423205012_eb2909a9-3e2f-41d3-b6ea-998f36a355d2
2024-04-23T20:50:12,130  INFO [main] lockmgr.DbLockManager: Response to queryId=alex_20240423205012_eb2909a9-3e2f-41d3-b6ea-998f36a355d2 LockResponse(lockid:13, state:ACQUIRED)
2024-04-23T20:50:12,130  INFO [main] ql.Driver: Operation DROPTABLE obtained 1 locks
2024-04-23T20:50:12,130  INFO [main] ql.Driver: Executing command(queryId=alex_20240423205012_eb2909a9-3e2f-41d3-b6ea-998f36a355d2): drop table if exists acidTblPart
2024-04-23T20:50:12,131  INFO [main] ql.Driver: Starting task [Stage-0:DDL] in serial mode
2024-04-23T20:50:12,131  INFO [main] HiveMetaStore.audit: ugi=alex	ip=unknown-ip-addr	cmd=get_table : tbl=hive.default.acidTblPart	
2024-04-23T20:50:12,140  INFO [main] metastore.HMSHandler: Skipping translation for processor with null
2024-04-23T20:50:12,140  INFO [main] HiveMetaStore.audit: ugi=alex	ip=unknown-ip-addr	cmd=get_table : tbl=hive.default.acidTblPart	
2024-04-23T20:50:12,147  INFO [main] metastore.HMSHandler: Skipping translation for processor with null
2024-04-23T20:50:12,147  INFO [main] HiveMetaStore.audit: ugi=alex	ip=unknown-ip-addr	cmd=drop_table : tbl=hive.default.acidTblPart	
2024-04-23T20:50:12,191  INFO [main] metadata.Hive: Dumping metastore api call timing information for : execution phase
2024-04-23T20:50:12,191  INFO [main] metadata.Hive: Total time spent in each metastore function (ms): {getTable_(GetTableRequest)=9, isCompatibleWith_(Configuration)=0, dropTable_(String, String, boolean, boolean, boolean)=51}
2024-04-23T20:50:12,192  INFO [main] ql.Driver: Completed executing command(queryId=alex_20240423205012_eb2909a9-3e2f-41d3-b6ea-998f36a355d2); Time taken: 0.061 seconds
2024-04-23T20:50:12,192  INFO [main] lockmgr.DbTxnManager: Stopped heartbeat for query: alex_20240423205012_eb2909a9-3e2f-41d3-b6ea-998f36a355d2
2024-04-23T20:50:12,196  INFO [main] txn.TxnHandler: Expected to move at least one record from txn_components to completed_txn_components when committing txn! txnid:20
2024-04-23T20:50:12,202  INFO [main] txn.TxnHandler: Removed transactions: ([20]) from MIN_HISTORY_LEVEL
2024-04-23T20:50:12,202  WARN [main] txn.CompactionTxnHandler: No compaction queue record found for Compaction type transaction commit. txnId:20
2024-04-23T20:50:12,203  INFO [main] ql.TxnCommandsBaseForTests: Running the query: drop table if exists acidTbl2
2024-04-23T20:50:12,203  INFO [main] ql.Driver: Compiling command(queryId=alex_20240423205012_0964c30f-8872-4c78-89dd-8e0d8f5d2d9f): drop table if exists acidTbl2
2024-04-23T20:50:12,206  INFO [main] txn.TxnHandler: Added entries to MIN_HISTORY_LEVEL for current txns: ([21]) with min_open_txn: 18
2024-04-23T20:50:12,206  INFO [main] lockmgr.DbTxnManager: Opened txnid:21
2024-04-23T20:50:12,207  INFO [main] ql.Driver: Semantic Analysis Completed (retrial = false)
2024-04-23T20:50:12,207  INFO [main] ql.Driver: Created Hive schema: Schema(fieldSchemas:null, properties:null)
2024-04-23T20:50:12,207  INFO [main] metadata.Hive: Dumping metastore api call timing information for : compilation phase
2024-04-23T20:50:12,207  INFO [main] metadata.Hive: Total time spent in each metastore function (ms): {getValidTxns_(long)=0, commitTxn_(CommitTxnRequest)=11, getTable_(GetTableRequest)=0, flushCache_()=0, openTxn_(String, TxnType)=2, isCompatibleWith_(Configuration)=1}
2024-04-23T20:50:12,207  INFO [main] ql.Driver: Completed compiling command(queryId=alex_20240423205012_0964c30f-8872-4c78-89dd-8e0d8f5d2d9f); Time taken: 0.004 seconds
2024-04-23T20:50:12,207  INFO [main] lockmgr.DbTxnManager: Setting lock request transaction to txnid:21 for queryId=alex_20240423205012_0964c30f-8872-4c78-89dd-8e0d8f5d2d9f
2024-04-23T20:50:12,208  INFO [main] ql.Driver: Operation DROPTABLE obtained 0 locks
2024-04-23T20:50:12,208  INFO [main] ql.Driver: Executing command(queryId=alex_20240423205012_0964c30f-8872-4c78-89dd-8e0d8f5d2d9f): drop table if exists acidTbl2
2024-04-23T20:50:12,208  INFO [main] ql.Driver: Starting task [Stage-0:DDL] in serial mode
2024-04-23T20:50:12,208  INFO [main] metadata.SessionHiveMetaStoreClient: Column stats doesn't exist for db=default temp table=acidTbl2
2024-04-23T20:50:12,209  INFO [main] metadata.Hive: Dumping metastore api call timing information for : execution phase
2024-04-23T20:50:12,209  INFO [main] metadata.Hive: Total time spent in each metastore function (ms): {dropTable_(String, String, boolean, boolean, boolean)=1, isCompatibleWith_(Configuration)=0, getTable_(GetTableRequest)=0}
2024-04-23T20:50:12,209  INFO [main] ql.Driver: Completed executing command(queryId=alex_20240423205012_0964c30f-8872-4c78-89dd-8e0d8f5d2d9f); Time taken: 0.001 seconds
2024-04-23T20:50:12,209  INFO [main] lockmgr.DbTxnManager: Stopped heartbeat for query: alex_20240423205012_0964c30f-8872-4c78-89dd-8e0d8f5d2d9f
2024-04-23T20:50:12,215  INFO [main] txn.TxnHandler: Expected to move at least one record from txn_components to completed_txn_components when committing txn! txnid:21
2024-04-23T20:50:12,221  INFO [main] txn.TxnHandler: Removed transactions: ([21]) from MIN_HISTORY_LEVEL
2024-04-23T20:50:12,221  WARN [main] txn.CompactionTxnHandler: No compaction queue record found for Compaction type transaction commit. txnId:21
2024-04-23T20:50:12,222  INFO [main] ql.TxnCommandsBaseForTests: Running the query: drop table if exists nonAcidOrcTbl
2024-04-23T20:50:12,222  INFO [main] ql.Driver: Compiling command(queryId=alex_20240423205012_5537865c-e424-44b1-af1e-f6be06c0094e): drop table if exists nonAcidOrcTbl
2024-04-23T20:50:12,225  INFO [main] txn.TxnHandler: Added entries to MIN_HISTORY_LEVEL for current txns: ([22]) with min_open_txn: 18
2024-04-23T20:50:12,225  INFO [main] lockmgr.DbTxnManager: Opened txnid:22
2024-04-23T20:50:12,226  INFO [main] HiveMetaStore.audit: ugi=alex	ip=unknown-ip-addr	cmd=get_table : tbl=hive.default.nonAcidOrcTbl	
2024-04-23T20:50:12,246  INFO [main] metastore.HMSHandler: Skipping translation for processor with null
2024-04-23T20:50:12,246  INFO [main] ql.Driver: Semantic Analysis Completed (retrial = false)
2024-04-23T20:50:12,246  INFO [main] ql.Driver: Created Hive schema: Schema(fieldSchemas:null, properties:null)
2024-04-23T20:50:12,246  INFO [main] metadata.Hive: Dumping metastore api call timing information for : compilation phase
2024-04-23T20:50:12,247  INFO [main] metadata.Hive: Total time spent in each metastore function (ms): {openTxn_(String, TxnType)=2, commitTxn_(CommitTxnRequest)=13, flushCache_()=0, isCompatibleWith_(Configuration)=0, getTable_(GetTableRequest)=21, getValidTxns_(long)=0}
2024-04-23T20:50:12,247  INFO [main] ql.Driver: Completed compiling command(queryId=alex_20240423205012_5537865c-e424-44b1-af1e-f6be06c0094e); Time taken: 0.024 seconds
2024-04-23T20:50:12,247  INFO [main] lockmgr.DbTxnManager: Setting lock request transaction to txnid:22 for queryId=alex_20240423205012_5537865c-e424-44b1-af1e-f6be06c0094e
2024-04-23T20:50:12,248  INFO [main] lockmgr.DbLockManager: Requesting lock for queryId=alex_20240423205012_5537865c-e424-44b1-af1e-f6be06c0094e
2024-04-23T20:50:12,265  INFO [main] lockmgr.DbLockManager: Response to queryId=alex_20240423205012_5537865c-e424-44b1-af1e-f6be06c0094e LockResponse(lockid:14, state:ACQUIRED)
2024-04-23T20:50:12,265  INFO [main] ql.Driver: Operation DROPTABLE obtained 1 locks
2024-04-23T20:50:12,265  INFO [main] ql.Driver: Executing command(queryId=alex_20240423205012_5537865c-e424-44b1-af1e-f6be06c0094e): drop table if exists nonAcidOrcTbl
2024-04-23T20:50:12,265  INFO [main] ql.Driver: Starting task [Stage-0:DDL] in serial mode
2024-04-23T20:50:12,265  INFO [main] HiveMetaStore.audit: ugi=alex	ip=unknown-ip-addr	cmd=get_table : tbl=hive.default.nonAcidOrcTbl	
2024-04-23T20:50:12,273  INFO [main] metastore.HMSHandler: Skipping translation for processor with null
2024-04-23T20:50:12,274  INFO [main] HiveMetaStore.audit: ugi=alex	ip=unknown-ip-addr	cmd=get_table : tbl=hive.default.nonAcidOrcTbl	
2024-04-23T20:50:12,282  INFO [main] metastore.HMSHandler: Skipping translation for processor with null
2024-04-23T20:50:12,282  INFO [main] HiveMetaStore.audit: ugi=alex	ip=unknown-ip-addr	cmd=drop_table : tbl=hive.default.nonAcidOrcTbl	
2024-04-23T20:50:12,353  INFO [main] metadata.Hive: Dumping metastore api call timing information for : execution phase
2024-04-23T20:50:12,353  INFO [main] metadata.Hive: Total time spent in each metastore function (ms): {getTable_(GetTableRequest)=8, isCompatibleWith_(Configuration)=0, dropTable_(String, String, boolean, boolean, boolean)=79}
2024-04-23T20:50:12,353  INFO [main] ql.Driver: Completed executing command(queryId=alex_20240423205012_5537865c-e424-44b1-af1e-f6be06c0094e); Time taken: 0.087 seconds
2024-04-23T20:50:12,353  INFO [main] lockmgr.DbTxnManager: Stopped heartbeat for query: alex_20240423205012_5537865c-e424-44b1-af1e-f6be06c0094e
2024-04-23T20:50:12,357  INFO [main] txn.TxnHandler: Expected to move at least one record from txn_components to completed_txn_components when committing txn! txnid:22
2024-04-23T20:50:12,364  INFO [main] txn.TxnHandler: Removed transactions: ([22]) from MIN_HISTORY_LEVEL
2024-04-23T20:50:12,364  WARN [main] txn.CompactionTxnHandler: No compaction queue record found for Compaction type transaction commit. txnId:22
2024-04-23T20:50:12,365  INFO [main] ql.TxnCommandsBaseForTests: Running the query: drop table if exists nonAcidOrcTbl2
2024-04-23T20:50:12,365  INFO [main] ql.Driver: Compiling command(queryId=alex_20240423205012_0842f7ef-d390-4e54-a90b-d8cf4a3f3c04): drop table if exists nonAcidOrcTbl2
2024-04-23T20:50:12,367  INFO [main] txn.TxnHandler: Added entries to MIN_HISTORY_LEVEL for current txns: ([23]) with min_open_txn: 18
2024-04-23T20:50:12,368  INFO [main] lockmgr.DbTxnManager: Opened txnid:23
2024-04-23T20:50:12,368  INFO [main] HiveMetaStore.audit: ugi=alex	ip=unknown-ip-addr	cmd=get_table : tbl=hive.default.nonAcidOrcTbl2	
2024-04-23T20:50:12,376  INFO [main] metastore.HMSHandler: Skipping translation for processor with null
2024-04-23T20:50:12,377  INFO [main] ql.Driver: Semantic Analysis Completed (retrial = false)
2024-04-23T20:50:12,377  INFO [main] ql.Driver: Created Hive schema: Schema(fieldSchemas:null, properties:null)
2024-04-23T20:50:12,377  INFO [main] metadata.Hive: Dumping metastore api call timing information for : compilation phase
2024-04-23T20:50:12,377  INFO [main] metadata.Hive: Total time spent in each metastore function (ms): {commitTxn_(CommitTxnRequest)=11, isCompatibleWith_(Configuration)=0, getTable_(GetTableRequest)=9, openTxn_(String, TxnType)=3, flushCache_()=0, getValidTxns_(long)=0}
2024-04-23T20:50:12,377  INFO [main] ql.Driver: Completed compiling command(queryId=alex_20240423205012_0842f7ef-d390-4e54-a90b-d8cf4a3f3c04); Time taken: 0.012 seconds
2024-04-23T20:50:12,377  INFO [main] lockmgr.DbTxnManager: Setting lock request transaction to txnid:23 for queryId=alex_20240423205012_0842f7ef-d390-4e54-a90b-d8cf4a3f3c04
2024-04-23T20:50:12,378  INFO [main] lockmgr.DbLockManager: Requesting lock for queryId=alex_20240423205012_0842f7ef-d390-4e54-a90b-d8cf4a3f3c04
2024-04-23T20:50:12,392  INFO [main] lockmgr.DbLockManager: Response to queryId=alex_20240423205012_0842f7ef-d390-4e54-a90b-d8cf4a3f3c04 LockResponse(lockid:15, state:ACQUIRED)
2024-04-23T20:50:12,392  INFO [main] ql.Driver: Operation DROPTABLE obtained 1 locks
2024-04-23T20:50:12,392  INFO [main] ql.Driver: Executing command(queryId=alex_20240423205012_0842f7ef-d390-4e54-a90b-d8cf4a3f3c04): drop table if exists nonAcidOrcTbl2
2024-04-23T20:50:12,393  INFO [main] ql.Driver: Starting task [Stage-0:DDL] in serial mode
2024-04-23T20:50:12,393  INFO [main] HiveMetaStore.audit: ugi=alex	ip=unknown-ip-addr	cmd=get_table : tbl=hive.default.nonAcidOrcTbl2	
2024-04-23T20:50:12,401  INFO [main] metastore.HMSHandler: Skipping translation for processor with null
2024-04-23T20:50:12,401  INFO [main] HiveMetaStore.audit: ugi=alex	ip=unknown-ip-addr	cmd=get_table : tbl=hive.default.nonAcidOrcTbl2	
2024-04-23T20:50:12,409  INFO [main] metastore.HMSHandler: Skipping translation for processor with null
2024-04-23T20:50:12,409  INFO [main] HiveMetaStore.audit: ugi=alex	ip=unknown-ip-addr	cmd=drop_table : tbl=hive.default.nonAcidOrcTbl2	
2024-04-23T20:50:12,438  INFO [main] metadata.Hive: Dumping metastore api call timing information for : execution phase
2024-04-23T20:50:12,438  INFO [main] metadata.Hive: Total time spent in each metastore function (ms): {getTable_(GetTableRequest)=8, isCompatibleWith_(Configuration)=0, dropTable_(String, String, boolean, boolean, boolean)=37}
2024-04-23T20:50:12,439  INFO [main] ql.Driver: Completed executing command(queryId=alex_20240423205012_0842f7ef-d390-4e54-a90b-d8cf4a3f3c04); Time taken: 0.046 seconds
2024-04-23T20:50:12,439  INFO [main] lockmgr.DbTxnManager: Stopped heartbeat for query: alex_20240423205012_0842f7ef-d390-4e54-a90b-d8cf4a3f3c04
2024-04-23T20:50:12,443  INFO [main] txn.TxnHandler: Expected to move at least one record from txn_components to completed_txn_components when committing txn! txnid:23
2024-04-23T20:50:12,449  INFO [main] txn.TxnHandler: Removed transactions: ([23]) from MIN_HISTORY_LEVEL
2024-04-23T20:50:12,449  WARN [main] txn.CompactionTxnHandler: No compaction queue record found for Compaction type transaction commit. txnId:23
2024-04-23T20:50:12,450  INFO [main] ql.TxnCommandsBaseForTests: Running the query: drop table if exists nonAcidNonBucket
2024-04-23T20:50:12,450  INFO [main] ql.Driver: Compiling command(queryId=alex_20240423205012_c9339d2e-5143-43c3-82e4-f12ce60a2b9e): drop table if exists nonAcidNonBucket
2024-04-23T20:50:12,452  INFO [main] txn.TxnHandler: Added entries to MIN_HISTORY_LEVEL for current txns: ([24]) with min_open_txn: 18
2024-04-23T20:50:12,453  INFO [main] lockmgr.DbTxnManager: Opened txnid:24
2024-04-23T20:50:12,453  INFO [main] HiveMetaStore.audit: ugi=alex	ip=unknown-ip-addr	cmd=get_table : tbl=hive.default.nonAcidNonBucket	
2024-04-23T20:50:12,461  INFO [main] metastore.HMSHandler: Skipping translation for processor with null
2024-04-23T20:50:12,461  INFO [main] ql.Driver: Semantic Analysis Completed (retrial = false)
2024-04-23T20:50:12,461  INFO [main] ql.Driver: Created Hive schema: Schema(fieldSchemas:null, properties:null)
2024-04-23T20:50:12,462  INFO [main] metadata.Hive: Dumping metastore api call timing information for : compilation phase
2024-04-23T20:50:12,462  INFO [main] metadata.Hive: Total time spent in each metastore function (ms): {flushCache_()=0, openTxn_(String, TxnType)=2, isCompatibleWith_(Configuration)=0, getTable_(GetTableRequest)=8, getValidTxns_(long)=0, commitTxn_(CommitTxnRequest)=11}
2024-04-23T20:50:12,462  INFO [main] ql.Driver: Completed compiling command(queryId=alex_20240423205012_c9339d2e-5143-43c3-82e4-f12ce60a2b9e); Time taken: 0.012 seconds
2024-04-23T20:50:12,462  INFO [main] lockmgr.DbTxnManager: Setting lock request transaction to txnid:24 for queryId=alex_20240423205012_c9339d2e-5143-43c3-82e4-f12ce60a2b9e
2024-04-23T20:50:12,463  INFO [main] lockmgr.DbLockManager: Requesting lock for queryId=alex_20240423205012_c9339d2e-5143-43c3-82e4-f12ce60a2b9e
2024-04-23T20:50:12,477  INFO [main] lockmgr.DbLockManager: Response to queryId=alex_20240423205012_c9339d2e-5143-43c3-82e4-f12ce60a2b9e LockResponse(lockid:16, state:ACQUIRED)
2024-04-23T20:50:12,477  INFO [main] ql.Driver: Operation DROPTABLE obtained 1 locks
2024-04-23T20:50:12,477  INFO [main] ql.Driver: Executing command(queryId=alex_20240423205012_c9339d2e-5143-43c3-82e4-f12ce60a2b9e): drop table if exists nonAcidNonBucket
2024-04-23T20:50:12,478  INFO [main] ql.Driver: Starting task [Stage-0:DDL] in serial mode
2024-04-23T20:50:12,478  INFO [main] HiveMetaStore.audit: ugi=alex	ip=unknown-ip-addr	cmd=get_table : tbl=hive.default.nonAcidNonBucket	
2024-04-23T20:50:12,486  INFO [main] metastore.HMSHandler: Skipping translation for processor with null
2024-04-23T20:50:12,486  INFO [main] HiveMetaStore.audit: ugi=alex	ip=unknown-ip-addr	cmd=get_table : tbl=hive.default.nonAcidNonBucket	
2024-04-23T20:50:12,494  INFO [main] metastore.HMSHandler: Skipping translation for processor with null
2024-04-23T20:50:12,494  INFO [main] HiveMetaStore.audit: ugi=alex	ip=unknown-ip-addr	cmd=drop_table : tbl=hive.default.nonAcidNonBucket	
2024-04-23T20:50:12,522  INFO [main] metadata.Hive: Dumping metastore api call timing information for : execution phase
2024-04-23T20:50:12,522  INFO [main] metadata.Hive: Total time spent in each metastore function (ms): {isCompatibleWith_(Configuration)=0, getTable_(GetTableRequest)=8, dropTable_(String, String, boolean, boolean, boolean)=36}
2024-04-23T20:50:12,523  INFO [main] ql.Driver: Completed executing command(queryId=alex_20240423205012_c9339d2e-5143-43c3-82e4-f12ce60a2b9e); Time taken: 0.045 seconds
2024-04-23T20:50:12,523  INFO [main] lockmgr.DbTxnManager: Stopped heartbeat for query: alex_20240423205012_c9339d2e-5143-43c3-82e4-f12ce60a2b9e
2024-04-23T20:50:12,527  INFO [main] txn.TxnHandler: Expected to move at least one record from txn_components to completed_txn_components when committing txn! txnid:24
2024-04-23T20:50:12,533  INFO [main] txn.TxnHandler: Removed transactions: ([24]) from MIN_HISTORY_LEVEL
2024-04-23T20:50:12,534  WARN [main] txn.CompactionTxnHandler: No compaction queue record found for Compaction type transaction commit. txnId:24
2024-04-23T20:50:12,534  INFO [main] utils.TestTxnDbUtil: Cleaning transactional tables
]]></system-err>
  </testcase>
  <testcase name="testExportPartPartial" classname="org.apache.hadoop.hive.ql.TestTxnExIm" time="7.238"/>
  <testcase name="testImportPartitionedCreate" classname="org.apache.hadoop.hive.ql.TestTxnExIm" time="8.964"/>
</testsuite>