<?xml version="1.0" encoding="UTF-8"?>
<testsuite xmlns:xsi="http://www.w3.org/2001/XMLSchema-instance" xsi:noNamespaceSchemaLocation="https://maven.apache.org/surefire/maven-surefire-plugin/xsd/surefire-test-report-3.0.xsd" version="3.0" name="org.apache.hadoop.hive.ql.TestTxnNoBucketsVectorized" time="163.018" tests="15" errors="5" skipped="0" failures="0">
  <properties>
    <property name="build.test.dir" value="/home/alex/Repositories/hive/ql/target/tmp"/>
    <property name="awt.toolkit" value="sun.awt.X11.XToolkit"/>
    <property name="test.tmp.dir.uri" value="file:///home/alex/Repositories/hive/ql/target/tmp"/>
    <property name="java.specification.version" value="1.8"/>
    <property name="qfile" value=""/>
    <property name="test.warehouse.dir" value="pfile:///home/alex/Repositories/hive/ql/target/warehouse"/>
    <property name="sun.cpu.isalist" value=""/>
    <property name="sun.jnu.encoding" value="UTF-8"/>
    <property name="run_disabled" value=""/>
    <property name="nondexPrintstack" value="false"/>
    <property name="sun.arch.data.model" value="64"/>
    <property name="java.vendor.url" value="http://java.oracle.com/"/>
    <property name="user.country.format" value="PT"/>
    <property name="test.tmp.dir" value="/home/alex/Repositories/hive/ql/target/tmp"/>
    <property name="sun.boot.library.path" value="/usr/lib/jvm/java-8-openjdk-amd64/jre/lib/amd64"/>
    <property name="sun.java.command" value="/home/alex/Repositories/hive/ql/target/surefire/surefirebooter3486034360057006450.jar /home/alex/Repositories/hive/ql/target/surefire 2024-04-23T21-59-46_173-jvmRun1 surefire3402607137745328913tmp surefire_18123774318918967612248tmp"/>
    <property name="nondexExecid" value="P8gC2Wt6DD1QwiZ4NJDRegC4uh59IgmR4jnrq+hRsc="/>
    <property name="java.specification.vendor" value="Oracle Corporation"/>
    <property name="java.home" value="/usr/lib/jvm/java-8-openjdk-amd64/jre"/>
    <property name="basedir" value="/home/alex/Repositories/hive/ql"/>
    <property name="file.separator" value="/"/>
    <property name="nondexEnd" value="9223372036854775807"/>
    <property name="line.separator" value="&#10;"/>
    <property name="java.specification.name" value="Java Platform API Specification"/>
    <property name="java.vm.specification.vendor" value="Oracle Corporation"/>
    <property name="derby.stream.error.file" value="/home/alex/Repositories/hive/ql/target/tmp/derby.log"/>
    <property name="log4j.debug" value="true"/>
    <property name="sun.boot.class.path" value="/home/alex/Repositories/hive/ql/.nondex/nondex-instr.jar:/home/alex/.m2/repository/edu/illinois/nondex-common/2.1.7/nondex-common-2.1.7.jar:/home/alex/.m2/repository/edu/illinois/nondex-annotations/2.1.7/nondex-annotations-2.1.7.jar:/usr/lib/jvm/java-8-openjdk-amd64/jre/lib/resources.jar:/usr/lib/jvm/java-8-openjdk-amd64/jre/lib/rt.jar:/usr/lib/jvm/java-8-openjdk-amd64/jre/lib/sunrsasign.jar:/usr/lib/jvm/java-8-openjdk-amd64/jre/lib/jsse.jar:/usr/lib/jvm/java-8-openjdk-amd64/jre/lib/jce.jar:/usr/lib/jvm/java-8-openjdk-amd64/jre/lib/charsets.jar:/usr/lib/jvm/java-8-openjdk-amd64/jre/lib/jfr.jar:/usr/lib/jvm/java-8-openjdk-amd64/jre/classes"/>
    <property name="sun.management.compiler" value="HotSpot 64-Bit Tiered Compilers"/>
    <property name="spark.home" value=""/>
    <property name="java.runtime.version" value="1.8.0_402-8u402-ga-2ubuntu1~22.04-b06"/>
    <property name="user.name" value="alex"/>
    <property name="test.src.tables" value=""/>
    <property name="file.encoding" value="UTF-8"/>
    <property name="qfile_regex" value=""/>
    <property name="hadoop.bin.path" value="/home/alex/Repositories/hive/ql/../testutils/hadoop"/>
    <property name="localRepository" value="/home/alex/.m2/repository"/>
    <property name="nondexDir" value="/home/alex/Repositories/hive/ql/.nondex"/>
    <property name="build.dir" value="/home/alex/Repositories/hive/ql/target"/>
    <property name="mapred.job.tracker" value="local"/>
    <property name="nondexJarDir" value="/home/alex/Repositories/hive/ql/.nondex"/>
    <property name="java.io.tmpdir" value="/home/alex/Repositories/hive/ql/target/tmp"/>
    <property name="com.zaxxer.hikari.pool_number" value="3"/>
    <property name="java.version" value="1.8.0_402"/>
    <property name="hive.version" value="4.0.0-SNAPSHOT"/>
    <property name="java.vm.specification.name" value="Java Virtual Machine Specification"/>
    <property name="java.awt.printerjob" value="sun.print.PSPrinterJob"/>
    <property name="sun.os.patch.level" value="unknown"/>
    <property name="java.library.path" value="/usr/java/packages/lib/amd64:/usr/lib/x86_64-linux-gnu/jni:/lib/x86_64-linux-gnu:/usr/lib/x86_64-linux-gnu:/usr/lib/jni:/lib:/usr/lib"/>
    <property name="test.data.dir" value="/home/alex/Repositories/hive/ql/../data/files"/>
    <property name="java.vendor" value="Private Build"/>
    <property name="java.specification.maintenance.version" value="5"/>
    <property name="sun.io.unicode.encoding" value="UnicodeLittle"/>
    <property name="initScript" value=""/>
    <property name="sun.desktop" value="gnome"/>
    <property name="calcite.enable.rexnode.digest.normalize" value="false"/>
    <property name="nondexStart" value="0"/>
    <property name="file.encoding.pkg" value="sun.io"/>
    <property name="log4j.configurationFile" value="file:///home/alex/Repositories/hive/ql/target/testconf/hive-log4j2.properties"/>
    <property name="java.class.path" value="/home/alex/Repositories/hive/ql/target/test-classes:/home/alex/Repositories/hive/ql/target/classes:/home/alex/.m2/repository/org/apache/atlas/atlas-client-v2/2.1.0/atlas-client-v2-2.1.0.jar:/home/alex/.m2/repository/cglib/cglib/2.2.2/cglib-2.2.2.jar:/home/alex/.m2/repository/asm/asm/3.3.1/asm-3.3.1.jar:/home/alex/.m2/repository/org/apache/atlas/atlas-client-common/2.1.0/atlas-client-common-2.1.0.jar:/home/alex/.m2/repository/org/apache/httpcomponents/httpclient/4.5.13/httpclient-4.5.13.jar:/home/alex/.m2/repository/com/sun/jersey/jersey-client/1.19/jersey-client-1.19.jar:/home/alex/.m2/repository/org/apache/atlas/atlas-intg/2.1.0/atlas-intg-2.1.0.jar:/home/alex/.m2/repository/commons-collections/commons-collections/3.2.2/commons-collections-3.2.2.jar:/home/alex/.m2/repository/commons-validator/commons-validator/1.6/commons-validator-1.6.jar:/home/alex/.m2/repository/commons-digester/commons-digester/1.8.1/commons-digester-1.8.1.jar:/home/alex/.m2/repository/com/fasterxml/jackson/jaxrs/jackson-jaxrs-base/2.12.0/jackson-jaxrs-base-2.12.0.jar:/home/alex/.m2/repository/com/fasterxml/jackson/jaxrs/jackson-jaxrs-json-provider/2.12.0/jackson-jaxrs-json-provider-2.12.0.jar:/home/alex/.m2/repository/javax/inject/javax.inject/1/javax.inject-1.jar:/home/alex/.m2/repository/org/springframework/spring-context/4.3.20.RELEASE/spring-context-4.3.20.RELEASE.jar:/home/alex/.m2/repository/org/springframework/spring-aop/4.3.20.RELEASE/spring-aop-4.3.20.RELEASE.jar:/home/alex/.m2/repository/org/springframework/spring-beans/4.3.20.RELEASE/spring-beans-4.3.20.RELEASE.jar:/home/alex/.m2/repository/org/springframework/spring-core/4.3.20.RELEASE/spring-core-4.3.20.RELEASE.jar:/home/alex/.m2/repository/org/springframework/spring-expression/4.3.20.RELEASE/spring-expression-4.3.20.RELEASE.jar:/home/alex/.m2/repository/commons-configuration/commons-configuration/1.10/commons-configuration-1.10.jar:/home/alex/.m2/repository/commons-lang/commons-lang/2.6/commons-lang-2.6.jar:/home/alex/.m2/repository/commons-logging/commons-logging/1.1.1/commons-logging-1.1.1.jar:/home/alex/.m2/repository/org/apache/commons/commons-math3/3.6.1/commons-math3-3.6.1.jar:/home/alex/Repositories/hive/vector-code-gen/target/classes:/home/alex/.m2/repository/org/apache/velocity/velocity/1.5/velocity-1.5.jar:/home/alex/Repositories/hive/common/target/classes:/home/alex/Repositories/hive/classification/target/classes:/home/alex/Repositories/hive/standalone-metastore/metastore-common/target/classes:/home/alex/.m2/repository/commons-cli/commons-cli/1.4/commons-cli-1.4.jar:/home/alex/.m2/repository/org/apache/orc/orc-core/1.6.9/orc-core-1.6.9.jar:/home/alex/.m2/repository/org/apache/orc/orc-shims/1.6.9/orc-shims-1.6.9.jar:/home/alex/.m2/repository/io/airlift/aircompressor/0.19/aircompressor-0.19.jar:/home/alex/.m2/repository/org/jetbrains/annotations/17.0.0/annotations-17.0.0.jar:/home/alex/.m2/repository/org/threeten/threeten-extra/1.5.0/threeten-extra-1.5.0.jar:/home/alex/.m2/repository/jline/jline/2.14.6/jline-2.14.6.jar:/home/alex/.m2/repository/javax/servlet/javax.servlet-api/3.1.0/javax.servlet-api-3.1.0.jar:/home/alex/.m2/repository/org/eclipse/jetty/jetty-http/9.3.27.v20190418/jetty-http-9.3.27.v20190418.jar:/home/alex/.m2/repository/org/eclipse/jetty/jetty-rewrite/9.3.27.v20190418/jetty-rewrite-9.3.27.v20190418.jar:/home/alex/.m2/repository/org/eclipse/jetty/jetty-client/9.3.27.v20190418/jetty-client-9.3.27.v20190418.jar:/home/alex/.m2/repository/org/eclipse/jetty/jetty-server/9.3.27.v20190418/jetty-server-9.3.27.v20190418.jar:/home/alex/.m2/repository/org/eclipse/jetty/jetty-io/9.3.27.v20190418/jetty-io-9.3.27.v20190418.jar:/home/alex/.m2/repository/org/eclipse/jetty/jetty-servlet/9.3.27.v20190418/jetty-servlet-9.3.27.v20190418.jar:/home/alex/.m2/repository/org/eclipse/jetty/jetty-security/9.3.27.v20190418/jetty-security-9.3.27.v20190418.jar:/home/alex/.m2/repository/org/eclipse/jetty/jetty-webapp/9.3.27.v20190418/jetty-webapp-9.3.27.v20190418.jar:/home/alex/.m2/repository/org/eclipse/jetty/jetty-xml/9.3.27.v20190418/jetty-xml-9.3.27.v20190418.jar:/home/alex/.m2/repository/joda-time/joda-time/2.9.9/joda-time-2.9.9.jar:/home/alex/.m2/repository/org/apache/logging/log4j/log4j-web/2.13.2/log4j-web-2.13.2.jar:/home/alex/.m2/repository/net/sf/jpam/jpam/1.1/jpam-1.1.jar:/home/alex/.m2/repository/io/dropwizard/metrics/metrics-core/3.1.0/metrics-core-3.1.0.jar:/home/alex/.m2/repository/io/dropwizard/metrics/metrics-jvm/3.1.0/metrics-jvm-3.1.0.jar:/home/alex/.m2/repository/io/dropwizard/metrics/metrics-json/3.1.0/metrics-json-3.1.0.jar:/home/alex/.m2/repository/com/github/joshelser/dropwizard-metrics-hadoop-metrics2-reporter/0.1.2/dropwizard-metrics-hadoop-metrics2-reporter-0.1.2.jar:/home/alex/Repositories/hive/metastore/target/classes:/home/alex/.m2/repository/org/apache/derby/derby/10.14.1.0/derby-10.14.1.0.jar:/home/alex/Repositories/hive/serde/target/classes:/home/alex/.m2/repository/com/google/code/findbugs/jsr305/3.0.0/jsr305-3.0.0.jar:/home/alex/.m2/repository/org/apache/arrow/arrow-vector/0.15.1/arrow-vector-0.15.1.jar:/home/alex/.m2/repository/org/apache/arrow/arrow-format/0.15.1/arrow-format-0.15.1.jar:/home/alex/.m2/repository/org/apache/arrow/arrow-memory/0.15.1/arrow-memory-0.15.1.jar:/home/alex/.m2/repository/com/google/flatbuffers/flatbuffers-java/1.9.0/flatbuffers-java-1.9.0.jar:/home/alex/.m2/repository/com/carrotsearch/hppc/0.7.2/hppc-0.7.2.jar:/home/alex/.m2/repository/com/github/davidmoten/flatbuffers-java/1.6.0.1/flatbuffers-java-1.6.0.1.jar:/home/alex/Repositories/hive/parser/target/classes:/home/alex/Repositories/hive/udf/target/classes:/home/alex/Repositories/hive/service-rpc/target/classes:/home/alex/Repositories/hive/llap-client/target/classes:/home/alex/Repositories/hive/llap-common/target/classes:/home/alex/.m2/repository/io/jsonwebtoken/jjwt-api/0.10.5/jjwt-api-0.10.5.jar:/home/alex/.m2/repository/io/jsonwebtoken/jjwt-impl/0.10.5/jjwt-impl-0.10.5.jar:/home/alex/.m2/repository/io/jsonwebtoken/jjwt-jackson/0.10.5/jjwt-jackson-0.10.5.jar:/home/alex/Repositories/hive/llap-tez/target/classes:/home/alex/Repositories/hive/shims/aggregator/target/classes:/home/alex/Repositories/hive/shims/common/target/classes:/home/alex/Repositories/hive/shims/0.23/target/classes:/home/alex/.m2/repository/org/apache/hadoop/hadoop-yarn-server-resourcemanager/3.1.0/hadoop-yarn-server-resourcemanager-3.1.0.jar:/home/alex/.m2/repository/org/apache/hadoop/hadoop-yarn-server-applicationhistoryservice/3.1.0/hadoop-yarn-server-applicationhistoryservice-3.1.0.jar:/home/alex/.m2/repository/de/ruedigermoeller/fst/2.50/fst-2.50.jar:/home/alex/.m2/repository/com/cedarsoftware/java-util/1.9.0/java-util-1.9.0.jar:/home/alex/.m2/repository/com/cedarsoftware/json-io/2.5.1/json-io-2.5.1.jar:/home/alex/Repositories/hive/shims/scheduler/target/classes:/home/alex/Repositories/hive/spark-client/target/classes:/home/alex/.m2/repository/io/netty/netty-all/4.1.65.Final/netty-all-4.1.65.Final.jar:/home/alex/.m2/repository/com/fasterxml/jackson/module/jackson-module-scala_2.12/2.12.0/jackson-module-scala_2.12-2.12.0.jar:/home/alex/.m2/repository/org/apache/spark/spark-yarn_2.12/2.4.5/spark-yarn_2.12-2.4.5.jar:/home/alex/Repositories/hive/storage-api/target/classes:/home/alex/.m2/repository/com/amazonaws/aws-java-sdk-bundle/1.11.901/aws-java-sdk-bundle-1.11.901.jar:/home/alex/.m2/repository/com/amazonaws/secretsmanager/aws-secretsmanager-caching-java/1.0.1/aws-secretsmanager-caching-java-1.0.1.jar:/home/alex/.m2/repository/com/esotericsoftware/kryo/5.0.3/kryo-5.0.3.jar:/home/alex/.m2/repository/org/objenesis/objenesis/3.1/objenesis-3.1.jar:/home/alex/.m2/repository/com/esotericsoftware/minlog/1.3.1/minlog-1.3.1.jar:/home/alex/.m2/repository/com/esotericsoftware/reflectasm/1.11.9/reflectasm-1.11.9.jar:/home/alex/.m2/repository/com/google/protobuf/protobuf-java/2.5.0/protobuf-java-2.5.0.jar:/home/alex/.m2/repository/org/apache/hbase/hbase-common/2.0.0-alpha4/hbase-common-2.0.0-alpha4.jar:/home/alex/.m2/repository/org/apache/hbase/thirdparty/hbase-shaded-miscellaneous/1.0.1/hbase-shaded-miscellaneous-1.0.1.jar:/home/alex/.m2/repository/org/apache/htrace/htrace-core/3.2.0-incubating/htrace-core-3.2.0-incubating.jar:/home/alex/.m2/repository/org/apache/commons/commons-crypto/1.0.0/commons-crypto-1.0.0.jar:/home/alex/.m2/repository/com/github/stephenc/findbugs/findbugs-annotations/1.3.9-1/findbugs-annotations-1.3.9-1.jar:/home/alex/.m2/repository/log4j/log4j/1.2.17/log4j-1.2.17.jar:/home/alex/.m2/repository/org/apache/yetus/audience-annotations/0.5.0/audience-annotations-0.5.0.jar:/home/alex/.m2/repository/org/apache/parquet/parquet-hadoop-bundle/1.11.1/parquet-hadoop-bundle-1.11.1.jar:/home/alex/.m2/repository/commons-codec/commons-codec/1.15/commons-codec-1.15.jar:/home/alex/.m2/repository/commons-io/commons-io/2.6/commons-io-2.6.jar:/home/alex/.m2/repository/org/apache/commons/commons-collections4/4.1/commons-collections4-4.1.jar:/home/alex/.m2/repository/org/apache/commons/commons-lang3/3.9/commons-lang3-3.9.jar:/home/alex/.m2/repository/org/apache/commons/commons-text/1.8/commons-text-1.8.jar:/home/alex/.m2/repository/javolution/javolution/5.5.1/javolution-5.5.1.jar:/home/alex/.m2/repository/org/apache/logging/log4j/log4j-1.2-api/2.13.2/log4j-1.2-api-2.13.2.jar:/home/alex/.m2/repository/org/apache/logging/log4j/log4j-api/2.13.2/log4j-api-2.13.2.jar:/home/alex/.m2/repository/org/apache/logging/log4j/log4j-core/2.13.2/log4j-core-2.13.2.jar:/home/alex/.m2/repository/org/apache/logging/log4j/log4j-slf4j-impl/2.13.2/log4j-slf4j-impl-2.13.2.jar:/home/alex/.m2/repository/org/antlr/antlr-runtime/3.5.2/antlr-runtime-3.5.2.jar:/home/alex/.m2/repository/org/antlr/ST4/4.0.4/ST4-4.0.4.jar:/home/alex/.m2/repository/org/apache/avro/avro/1.8.2/avro-1.8.2.jar:/home/alex/.m2/repository/org/codehaus/jackson/jackson-core-asl/1.9.13/jackson-core-asl-1.9.13.jar:/home/alex/.m2/repository/org/codehaus/jackson/jackson-mapper-asl/1.9.13/jackson-mapper-asl-1.9.13.jar:/home/alex/.m2/repository/com/thoughtworks/paranamer/paranamer/2.8/paranamer-2.8.jar:/home/alex/.m2/repository/org/xerial/snappy/snappy-java/1.1.4/snappy-java-1.1.4.jar:/home/alex/.m2/repository/org/tukaani/xz/1.5/xz-1.5.jar:/home/alex/.m2/repository/org/apache/avro/avro-mapred/1.8.2/avro-mapred-1.8.2-hadoop2.jar:/home/alex/.m2/repository/org/apache/avro/avro-ipc/1.8.2/avro-ipc-1.8.2.jar:/home/alex/.m2/repository/org/mortbay/jetty/jetty/6.1.26/jetty-6.1.26.jar:/home/alex/.m2/repository/org/apache/ant/ant/1.9.1/ant-1.9.1.jar:/home/alex/.m2/repository/org/apache/ant/ant-launcher/1.9.1/ant-launcher-1.9.1.jar:/home/alex/.m2/repository/org/apache/commons/commons-compress/1.21/commons-compress-1.21.jar:/home/alex/.m2/repository/org/apache/thrift/libfb303/0.9.3/libfb303-0.9.3.jar:/home/alex/.m2/repository/org/apache/hadoop/hadoop-common/3.1.0/hadoop-common-3.1.0.jar:/home/alex/.m2/repository/org/apache/hadoop/hadoop-annotations/3.1.0/hadoop-annotations-3.1.0.jar:/home/alex/.m2/repository/commons-net/commons-net/3.6/commons-net-3.6.jar:/home/alex/.m2/repository/org/eclipse/jetty/jetty-util/9.3.27.v20190418/jetty-util-9.3.27.v20190418.jar:/home/alex/.m2/repository/javax/servlet/jsp/jsp-api/2.1/jsp-api-2.1.jar:/home/alex/.m2/repository/com/sun/jersey/jersey-core/1.19/jersey-core-1.19.jar:/home/alex/.m2/repository/javax/ws/rs/jsr311-api/1.1.1/jsr311-api-1.1.1.jar:/home/alex/.m2/repository/com/sun/jersey/jersey-json/1.19/jersey-json-1.19.jar:/home/alex/.m2/repository/com/sun/xml/bind/jaxb-impl/2.2.3-1/jaxb-impl-2.2.3-1.jar:/home/alex/.m2/repository/org/codehaus/jackson/jackson-jaxrs/1.9.2/jackson-jaxrs-1.9.2.jar:/home/alex/.m2/repository/org/codehaus/jackson/jackson-xc/1.9.2/jackson-xc-1.9.2.jar:/home/alex/.m2/repository/com/sun/jersey/jersey-server/1.19/jersey-server-1.19.jar:/home/alex/.m2/repository/org/apache/commons/commons-configuration2/2.1.1/commons-configuration2-2.1.1.jar:/home/alex/.m2/repository/org/apache/hadoop/hadoop-auth/3.1.0/hadoop-auth-3.1.0.jar:/home/alex/.m2/repository/com/nimbusds/nimbus-jose-jwt/4.41.1/nimbus-jose-jwt-4.41.1.jar:/home/alex/.m2/repository/com/github/stephenc/jcip/jcip-annotations/1.0-1/jcip-annotations-1.0-1.jar:/home/alex/.m2/repository/com/jcraft/jsch/0.1.54/jsch-0.1.54.jar:/home/alex/.m2/repository/org/apache/htrace/htrace-core4/4.1.0-incubating/htrace-core4-4.1.0-incubating.jar:/home/alex/.m2/repository/org/apache/kerby/kerb-simplekdc/1.0.1/kerb-simplekdc-1.0.1.jar:/home/alex/.m2/repository/org/apache/kerby/kerb-client/1.0.1/kerb-client-1.0.1.jar:/home/alex/.m2/repository/org/apache/kerby/kerby-config/1.0.1/kerby-config-1.0.1.jar:/home/alex/.m2/repository/org/apache/kerby/kerb-core/1.0.1/kerb-core-1.0.1.jar:/home/alex/.m2/repository/org/apache/kerby/kerby-pkix/1.0.1/kerby-pkix-1.0.1.jar:/home/alex/.m2/repository/org/apache/kerby/kerby-asn1/1.0.1/kerby-asn1-1.0.1.jar:/home/alex/.m2/repository/org/apache/kerby/kerby-util/1.0.1/kerby-util-1.0.1.jar:/home/alex/.m2/repository/org/apache/kerby/kerb-common/1.0.1/kerb-common-1.0.1.jar:/home/alex/.m2/repository/org/apache/kerby/kerb-crypto/1.0.1/kerb-crypto-1.0.1.jar:/home/alex/.m2/repository/org/apache/kerby/kerb-util/1.0.1/kerb-util-1.0.1.jar:/home/alex/.m2/repository/org/apache/kerby/token-provider/1.0.1/token-provider-1.0.1.jar:/home/alex/.m2/repository/org/apache/kerby/kerb-admin/1.0.1/kerb-admin-1.0.1.jar:/home/alex/.m2/repository/org/apache/kerby/kerb-server/1.0.1/kerb-server-1.0.1.jar:/home/alex/.m2/repository/org/apache/kerby/kerb-identity/1.0.1/kerb-identity-1.0.1.jar:/home/alex/.m2/repository/org/apache/kerby/kerby-xdr/1.0.1/kerby-xdr-1.0.1.jar:/home/alex/.m2/repository/org/codehaus/woodstox/stax2-api/3.1.4/stax2-api-3.1.4.jar:/home/alex/.m2/repository/com/fasterxml/woodstox/woodstox-core/5.0.3/woodstox-core-5.0.3.jar:/home/alex/.m2/repository/org/apache/hadoop/hadoop-archives/3.1.0/hadoop-archives-3.1.0.jar:/home/alex/.m2/repository/org/apache/hadoop/hadoop-yarn-registry/3.1.0/hadoop-yarn-registry-3.1.0.jar:/home/alex/.m2/repository/org/apache/curator/curator-client/4.2.0/curator-client-4.2.0.jar:/home/alex/.m2/repository/org/apache/curator/curator-recipes/4.2.0/curator-recipes-4.2.0.jar:/home/alex/.m2/repository/commons-daemon/commons-daemon/1.0.13/commons-daemon-1.0.13.jar:/home/alex/.m2/repository/dnsjava/dnsjava/2.1.7/dnsjava-2.1.7.jar:/home/alex/.m2/repository/org/apache/hadoop/hadoop-mapreduce-client-core/3.1.0/hadoop-mapreduce-client-core-3.1.0.jar:/home/alex/.m2/repository/org/apache/hadoop/hadoop-hdfs-client/3.1.0/hadoop-hdfs-client-3.1.0.jar:/home/alex/.m2/repository/com/squareup/okhttp/okhttp/2.7.5/okhttp-2.7.5.jar:/home/alex/.m2/repository/com/squareup/okio/okio/1.6.0/okio-1.6.0.jar:/home/alex/.m2/repository/com/google/inject/extensions/guice-servlet/4.0/guice-servlet-4.0.jar:/home/alex/.m2/repository/org/apache/hadoop/hadoop-mapreduce-client-common/3.1.0/hadoop-mapreduce-client-common-3.1.0.jar:/home/alex/.m2/repository/org/apache/hadoop/hadoop-hdfs/3.1.0/hadoop-hdfs-3.1.0.jar:/home/alex/.m2/repository/org/eclipse/jetty/jetty-util-ajax/9.3.19.v20170502/jetty-util-ajax-9.3.19.v20170502.jar:/home/alex/.m2/repository/org/fusesource/leveldbjni/leveldbjni-all/1.8/leveldbjni-all-1.8.jar:/home/alex/.m2/repository/org/apache/hadoop/hadoop-yarn-api/3.1.0/hadoop-yarn-api-3.1.0.jar:/home/alex/.m2/repository/javax/xml/bind/jaxb-api/2.2.11/jaxb-api-2.2.11.jar:/home/alex/.m2/repository/org/apache/hadoop/hadoop-yarn-common/3.1.0/hadoop-yarn-common-3.1.0.jar:/home/alex/.m2/repository/com/google/inject/guice/4.0/guice-4.0.jar:/home/alex/.m2/repository/aopalliance/aopalliance/1.0/aopalliance-1.0.jar:/home/alex/.m2/repository/com/sun/jersey/contribs/jersey-guice/1.19/jersey-guice-1.19.jar:/home/alex/.m2/repository/com/fasterxml/jackson/module/jackson-module-jaxb-annotations/2.12.0/jackson-module-jaxb-annotations-2.12.0.jar:/home/alex/.m2/repository/jakarta/xml/bind/jakarta.xml.bind-api/2.3.2/jakarta.xml.bind-api-2.3.2.jar:/home/alex/.m2/repository/jakarta/activation/jakarta.activation-api/1.2.1/jakarta.activation-api-1.2.1.jar:/home/alex/.m2/repository/org/apache/hadoop/hadoop-yarn-client/3.1.0/hadoop-yarn-client-3.1.0.jar:/home/alex/.m2/repository/org/apache/orc/orc-tools/1.6.9/orc-tools-1.6.9.jar:/home/alex/.m2/repository/com/opencsv/opencsv/3.9/opencsv-3.9.jar:/home/alex/.m2/repository/org/codehaus/jettison/jettison/1.1/jettison-1.1.jar:/home/alex/.m2/repository/org/threeten/threetenbp/1.3.5/threetenbp-1.3.5.jar:/home/alex/.m2/repository/org/apache/ivy/ivy/2.4.0/ivy-2.4.0.jar:/home/alex/.m2/repository/org/apache/thrift/libthrift/0.14.1/libthrift-0.14.1.jar:/home/alex/.m2/repository/org/apache/httpcomponents/httpcore/4.4.13/httpcore-4.4.13.jar:/home/alex/.m2/repository/org/apache/tomcat/embed/tomcat-embed-core/8.5.46/tomcat-embed-core-8.5.46.jar:/home/alex/.m2/repository/org/apache/tomcat/tomcat-annotations-api/8.5.46/tomcat-annotations-api-8.5.46.jar:/home/alex/.m2/repository/javax/annotation/javax.annotation-api/1.3.2/javax.annotation-api-1.3.2.jar:/home/alex/.m2/repository/org/apache/zookeeper/zookeeper/3.5.5/zookeeper-3.5.5.jar:/home/alex/.m2/repository/org/apache/zookeeper/zookeeper-jute/3.5.5/zookeeper-jute-3.5.5.jar:/home/alex/.m2/repository/org/apache/curator/curator-framework/4.2.0/curator-framework-4.2.0.jar:/home/alex/.m2/repository/org/apache/curator/curator-test/4.2.0/curator-test-4.2.0.jar:/home/alex/.m2/repository/org/apache/datasketches/datasketches-hive/1.1.0-incubating/datasketches-hive-1.1.0-incubating.jar:/home/alex/.m2/repository/org/apache/datasketches/datasketches-java/1.3.0-incubating/datasketches-java-1.3.0-incubating.jar:/home/alex/.m2/repository/org/apache/datasketches/datasketches-memory/1.2.0-incubating/datasketches-memory-1.2.0-incubating.jar:/home/alex/.m2/repository/org/slf4j/slf4j-simple/1.7.27/slf4j-simple-1.7.27.jar:/home/alex/.m2/repository/com/lmax/disruptor/3.3.7/disruptor-3.3.7.jar:/home/alex/.m2/repository/org/codehaus/groovy/groovy-all/2.4.11/groovy-all-2.4.11.jar:/home/alex/.m2/repository/org/jodd/jodd-util/6.0.0/jodd-util-6.0.0.jar:/home/alex/.m2/repository/com/fasterxml/jackson/core/jackson-annotations/2.12.0/jackson-annotations-2.12.0.jar:/home/alex/.m2/repository/com/fasterxml/jackson/core/jackson-core/2.12.0/jackson-core-2.12.0.jar:/home/alex/.m2/repository/com/fasterxml/jackson/core/jackson-databind/2.12.0/jackson-databind-2.12.0.jar:/home/alex/.m2/repository/com/fasterxml/jackson/dataformat/jackson-dataformat-yaml/2.12.0/jackson-dataformat-yaml-2.12.0.jar:/home/alex/.m2/repository/org/yaml/snakeyaml/1.27/snakeyaml-1.27.jar:/home/alex/.m2/repository/org/datanucleus/datanucleus-core/5.2.4/datanucleus-core-5.2.4.jar:/home/alex/.m2/repository/org/apache/calcite/calcite-core/1.25.0/calcite-core-1.25.0.jar:/home/alex/.m2/repository/org/apache/calcite/calcite-linq4j/1.25.0/calcite-linq4j-1.25.0.jar:/home/alex/.m2/repository/org/apiguardian/apiguardian-api/1.1.0/apiguardian-api-1.1.0.jar:/home/alex/.m2/repository/com/esri/geometry/esri-geometry-api/2.2.0/esri-geometry-api-2.2.0.jar:/home/alex/.m2/repository/com/yahoo/datasketches/sketches-core/0.9.0/sketches-core-0.9.0.jar:/home/alex/.m2/repository/com/yahoo/datasketches/memory/0.9.0/memory-0.9.0.jar:/home/alex/.m2/repository/org/apache/commons/commons-dbcp2/2.7.0/commons-dbcp2-2.7.0.jar:/home/alex/.m2/repository/org/apache/commons/commons-pool2/2.7.0/commons-pool2-2.7.0.jar:/home/alex/.m2/repository/org/apache/calcite/calcite-druid/1.25.0/calcite-druid-1.25.0.jar:/home/alex/.m2/repository/org/apache/calcite/avatica/avatica/1.12.0/avatica-1.12.0.jar:/home/alex/.m2/repository/com/google/guava/guava/19.0/guava-19.0.jar:/home/alex/.m2/repository/com/googlecode/javaewah/JavaEWAH/0.3.2/JavaEWAH-0.3.2.jar:/home/alex/.m2/repository/com/google/code/gson/gson/2.2.4/gson-2.2.4.jar:/home/alex/.m2/repository/com/tdunning/json/1.8/json-1.8.jar:/home/alex/.m2/repository/stax/stax-api/1.0.1/stax-api-1.0.1.jar:/home/alex/.m2/repository/net/sf/opencsv/opencsv/2.3/opencsv-2.3.jar:/home/alex/Repositories/hive/standalone-metastore/metastore-server/target/classes:/home/alex/.m2/repository/com/zaxxer/HikariCP/2.6.1/HikariCP-2.6.1.jar:/home/alex/.m2/repository/commons-beanutils/commons-beanutils/1.9.4/commons-beanutils-1.9.4.jar:/home/alex/.m2/repository/org/datanucleus/datanucleus-api-jdo/5.2.4/datanucleus-api-jdo-5.2.4.jar:/home/alex/.m2/repository/org/datanucleus/datanucleus-rdbms/5.2.4/datanucleus-rdbms-5.2.4.jar:/home/alex/.m2/repository/org/datanucleus/javax.jdo/3.2.0-release/javax.jdo-3.2.0-release.jar:/home/alex/.m2/repository/javax/transaction/javax.transaction-api/1.3/javax.transaction-api-1.3.jar:/home/alex/.m2/repository/org/glassfish/corba/glassfish-corba-omgapi/4.2.2/glassfish-corba-omgapi-4.2.2.jar:/home/alex/.m2/repository/sqlline/sqlline/1.9.0/sqlline-1.9.0.jar:/home/alex/.m2/repository/org/jline/jline-terminal/3.12.1/jline-terminal-3.12.1.jar:/home/alex/.m2/repository/org/jline/jline-reader/3.12.1/jline-reader-3.12.1.jar:/home/alex/.m2/repository/org/jline/jline-terminal-jansi/3.12.1/jline-terminal-jansi-3.12.1.jar:/home/alex/.m2/repository/org/fusesource/jansi/jansi/1.18/jansi-1.18.jar:/home/alex/.m2/repository/org/jline/jline-terminal-jna/3.12.1/jline-terminal-jna-3.12.1.jar:/home/alex/.m2/repository/net/java/dev/jna/jna/5.3.1/jna-5.3.1.jar:/home/alex/.m2/repository/org/jline/jline-builtins/3.12.1/jline-builtins-3.12.1.jar:/home/alex/.m2/repository/org/jline/jline-style/3.12.1/jline-style-3.12.1.jar:/home/alex/.m2/repository/com/cronutils/cron-utils/9.1.3/cron-utils-9.1.3.jar:/home/alex/.m2/repository/org/glassfish/javax.el/3.0.0/javax.el-3.0.0.jar:/home/alex/.m2/repository/com/oracle/database/jdbc/ojdbc8/21.3.0.0/ojdbc8-21.3.0.0.jar:/home/alex/.m2/repository/mysql/mysql-connector-java/8.0.27/mysql-connector-java-8.0.27.jar:/home/alex/.m2/repository/com/microsoft/sqlserver/mssql-jdbc/6.2.1.jre8/mssql-jdbc-6.2.1.jre8.jar:/home/alex/.m2/repository/org/postgresql/postgresql/42.2.14/postgresql-42.2.14.jar:/home/alex/Repositories/hive/common/target/test-classes:/home/alex/Repositories/hive/standalone-metastore/metastore-common/target/test-classes:/home/alex/.m2/repository/com/github/ben-manes/caffeine/caffeine/2.8.4/caffeine-2.8.4.jar:/home/alex/.m2/repository/org/checkerframework/checker-qual/3.4.0/checker-qual-3.4.0.jar:/home/alex/Repositories/hive/standalone-metastore/metastore-server/target/test-classes:/home/alex/.m2/repository/org/apache/parquet/parquet-column/1.11.1/parquet-column-1.11.1-tests.jar:/home/alex/.m2/repository/org/apache/parquet/parquet-common/1.11.1/parquet-common-1.11.1.jar:/home/alex/.m2/repository/org/apache/parquet/parquet-format-structures/1.11.1/parquet-format-structures-1.11.1.jar:/home/alex/.m2/repository/org/apache/parquet/parquet-encoding/1.11.1/parquet-encoding-1.11.1.jar:/home/alex/.m2/repository/junit/junit/4.13/junit-4.13.jar:/home/alex/.m2/repository/org/hamcrest/hamcrest-core/1.3/hamcrest-core-1.3.jar:/home/alex/.m2/repository/org/junit/jupiter/junit-jupiter-engine/5.6.2/junit-jupiter-engine-5.6.2.jar:/home/alex/.m2/repository/org/junit/platform/junit-platform-engine/1.6.2/junit-platform-engine-1.6.2.jar:/home/alex/.m2/repository/org/opentest4j/opentest4j/1.2.0/opentest4j-1.2.0.jar:/home/alex/.m2/repository/org/junit/platform/junit-platform-commons/1.6.2/junit-platform-commons-1.6.2.jar:/home/alex/.m2/repository/org/junit/jupiter/junit-jupiter-api/5.6.2/junit-jupiter-api-5.6.2.jar:/home/alex/.m2/repository/org/junit/jupiter/junit-jupiter-params/5.6.2/junit-jupiter-params-5.6.2.jar:/home/alex/.m2/repository/org/junit/vintage/junit-vintage-engine/5.6.2/junit-vintage-engine-5.6.2.jar:/home/alex/.m2/repository/org/apache/tez/tez-api/0.10.1/tez-api-0.10.1.jar:/usr/lib/jvm/java-8-openjdk-amd64/jre/../lib/tools.jar:/home/alex/.m2/repository/org/apache/tez/tez-runtime-library/0.10.1/tez-runtime-library-0.10.1.jar:/home/alex/.m2/repository/org/roaringbitmap/RoaringBitmap/0.5.21/RoaringBitmap-0.5.21.jar:/home/alex/.m2/repository/org/asynchttpclient/async-http-client/2.12.1/async-http-client-2.12.1.jar:/home/alex/.m2/repository/org/asynchttpclient/async-http-client-netty-utils/2.12.1/async-http-client-netty-utils-2.12.1.jar:/home/alex/.m2/repository/io/netty/netty-buffer/4.1.48.Final/netty-buffer-4.1.48.Final.jar:/home/alex/.m2/repository/io/netty/netty-codec-http/4.1.48.Final/netty-codec-http-4.1.48.Final.jar:/home/alex/.m2/repository/io/netty/netty-common/4.1.48.Final/netty-common-4.1.48.Final.jar:/home/alex/.m2/repository/io/netty/netty-transport/4.1.48.Final/netty-transport-4.1.48.Final.jar:/home/alex/.m2/repository/io/netty/netty-codec/4.1.48.Final/netty-codec-4.1.48.Final.jar:/home/alex/.m2/repository/io/netty/netty-handler/4.1.48.Final/netty-handler-4.1.48.Final.jar:/home/alex/.m2/repository/io/netty/netty-resolver/4.1.48.Final/netty-resolver-4.1.48.Final.jar:/home/alex/.m2/repository/io/netty/netty-codec-socks/4.1.48.Final/netty-codec-socks-4.1.48.Final.jar:/home/alex/.m2/repository/io/netty/netty-handler-proxy/4.1.48.Final/netty-handler-proxy-4.1.48.Final.jar:/home/alex/.m2/repository/io/netty/netty-transport-native-epoll/4.1.48.Final/netty-transport-native-epoll-4.1.48.Final-linux-x86_64.jar:/home/alex/.m2/repository/io/netty/netty-transport-native-unix-common/4.1.48.Final/netty-transport-native-unix-common-4.1.48.Final.jar:/home/alex/.m2/repository/io/netty/netty-transport-native-kqueue/4.1.48.Final/netty-transport-native-kqueue-4.1.48.Final-osx-x86_64.jar:/home/alex/.m2/repository/org/reactivestreams/reactive-streams/1.0.3/reactive-streams-1.0.3.jar:/home/alex/.m2/repository/com/typesafe/netty/netty-reactive-streams/2.0.4/netty-reactive-streams-2.0.4.jar:/home/alex/.m2/repository/com/sun/activation/javax.activation/1.2.0/javax.activation-1.2.0.jar:/home/alex/.m2/repository/org/apache/tez/tez-common/0.10.1/tez-common-0.10.1.jar:/home/alex/.m2/repository/org/apache/tez/tez-runtime-internals/0.10.1/tez-runtime-internals-0.10.1.jar:/home/alex/.m2/repository/org/apache/tez/hadoop-shim/0.10.1/hadoop-shim-0.10.1.jar:/home/alex/.m2/repository/org/apache/tez/tez-mapreduce/0.10.1/tez-mapreduce-0.10.1.jar:/home/alex/.m2/repository/org/apache/tez/tez-dag/0.10.1/tez-dag-0.10.1.jar:/home/alex/.m2/repository/org/apache/hadoop/hadoop-yarn-server-web-proxy/3.1.0/hadoop-yarn-server-web-proxy-3.1.0.jar:/home/alex/.m2/repository/org/apache/hadoop/hadoop-yarn-server-common/3.1.0/hadoop-yarn-server-common-3.1.0.jar:/home/alex/.m2/repository/org/apache/geronimo/specs/geronimo-jcache_1.0_spec/1.0-alpha-1/geronimo-jcache_1.0_spec-1.0-alpha-1.jar:/home/alex/.m2/repository/org/ehcache/ehcache/3.3.1/ehcache-3.3.1.jar:/home/alex/.m2/repository/com/zaxxer/HikariCP-java7/2.4.12/HikariCP-java7-2.4.12.jar:/home/alex/.m2/repository/org/apache/spark/spark-core_2.12/2.4.5/spark-core_2.12-2.4.5.jar:/home/alex/.m2/repository/com/twitter/chill_2.12/0.9.3/chill_2.12-0.9.3.jar:/home/alex/.m2/repository/com/twitter/chill-java/0.9.3/chill-java-0.9.3.jar:/home/alex/.m2/repository/org/apache/xbean/xbean-asm6-shaded/4.8/xbean-asm6-shaded-4.8.jar:/home/alex/.m2/repository/org/apache/hadoop/hadoop-client/3.1.0/hadoop-client-3.1.0.jar:/home/alex/.m2/repository/org/apache/hadoop/hadoop-mapreduce-client-jobclient/3.1.0/hadoop-mapreduce-client-jobclient-3.1.0.jar:/home/alex/.m2/repository/org/apache/spark/spark-launcher_2.12/2.4.5/spark-launcher_2.12-2.4.5.jar:/home/alex/.m2/repository/org/apache/spark/spark-kvstore_2.12/2.4.5/spark-kvstore_2.12-2.4.5.jar:/home/alex/.m2/repository/org/apache/spark/spark-network-common_2.12/2.4.5/spark-network-common_2.12-2.4.5.jar:/home/alex/.m2/repository/org/apache/spark/spark-network-shuffle_2.12/2.4.5/spark-network-shuffle_2.12-2.4.5.jar:/home/alex/.m2/repository/org/apache/spark/spark-unsafe_2.12/2.4.5/spark-unsafe_2.12-2.4.5.jar:/home/alex/.m2/repository/javax/activation/activation/1.1.1/activation-1.1.1.jar:/home/alex/.m2/repository/org/slf4j/jul-to-slf4j/1.7.16/jul-to-slf4j-1.7.16.jar:/home/alex/.m2/repository/org/slf4j/jcl-over-slf4j/1.7.16/jcl-over-slf4j-1.7.16.jar:/home/alex/.m2/repository/com/ning/compress-lzf/1.0.3/compress-lzf-1.0.3.jar:/home/alex/.m2/repository/org/lz4/lz4-java/1.4.0/lz4-java-1.4.0.jar:/home/alex/.m2/repository/com/github/luben/zstd-jni/1.3.2-2/zstd-jni-1.3.2-2.jar:/home/alex/.m2/repository/org/scala-lang/scala-library/2.12.10/scala-library-2.12.10.jar:/home/alex/.m2/repository/org/json4s/json4s-jackson_2.12/3.5.3/json4s-jackson_2.12-3.5.3.jar:/home/alex/.m2/repository/org/json4s/json4s-core_2.12/3.5.3/json4s-core_2.12-3.5.3.jar:/home/alex/.m2/repository/org/json4s/json4s-ast_2.12/3.5.3/json4s-ast_2.12-3.5.3.jar:/home/alex/.m2/repository/org/json4s/json4s-scalap_2.12/3.5.3/json4s-scalap_2.12-3.5.3.jar:/home/alex/.m2/repository/org/scala-lang/modules/scala-xml_2.12/1.0.6/scala-xml_2.12-1.0.6.jar:/home/alex/.m2/repository/com/clearspring/analytics/stream/2.7.0/stream-2.7.0.jar:/home/alex/.m2/repository/io/dropwizard/metrics/metrics-graphite/3.1.5/metrics-graphite-3.1.5.jar:/home/alex/.m2/repository/oro/oro/2.0.8/oro-2.0.8.jar:/home/alex/.m2/repository/net/razorvine/pyrolite/4.13/pyrolite-4.13.jar:/home/alex/.m2/repository/net/sf/py4j/py4j/0.10.7/py4j-0.10.7.jar:/home/alex/.m2/repository/org/apache/spark/spark-tags_2.12/2.4.5/spark-tags_2.12-2.4.5.jar:/home/alex/.m2/repository/org/spark-project/spark/unused/1.0.0/unused-1.0.0.jar:/home/alex/.m2/repository/com/sun/jersey/jersey-servlet/1.19/jersey-servlet-1.19.jar:/home/alex/.m2/repository/org/glassfish/jersey/core/jersey-server/2.22.2/jersey-server-2.22.2.jar:/home/alex/.m2/repository/org/glassfish/jersey/core/jersey-common/2.22.2/jersey-common-2.22.2.jar:/home/alex/.m2/repository/org/glassfish/jersey/bundles/repackaged/jersey-guava/2.22.2/jersey-guava-2.22.2.jar:/home/alex/.m2/repository/org/glassfish/hk2/osgi-resource-locator/1.0.1/osgi-resource-locator-1.0.1.jar:/home/alex/.m2/repository/org/glassfish/jersey/core/jersey-client/2.22.2/jersey-client-2.22.2.jar:/home/alex/.m2/repository/javax/ws/rs/javax.ws.rs-api/2.0.1/javax.ws.rs-api-2.0.1.jar:/home/alex/.m2/repository/org/glassfish/jersey/media/jersey-media-jaxb/2.22.2/jersey-media-jaxb-2.22.2.jar:/home/alex/.m2/repository/org/glassfish/hk2/hk2-api/2.4.0-b34/hk2-api-2.4.0-b34.jar:/home/alex/.m2/repository/org/glassfish/hk2/hk2-utils/2.4.0-b34/hk2-utils-2.4.0-b34.jar:/home/alex/.m2/repository/org/glassfish/hk2/external/aopalliance-repackaged/2.4.0-b34/aopalliance-repackaged-2.4.0-b34.jar:/home/alex/.m2/repository/org/glassfish/hk2/external/javax.inject/2.4.0-b34/javax.inject-2.4.0-b34.jar:/home/alex/.m2/repository/org/glassfish/hk2/hk2-locator/2.4.0-b34/hk2-locator-2.4.0-b34.jar:/home/alex/.m2/repository/javax/validation/validation-api/1.1.0.Final/validation-api-1.1.0.Final.jar:/home/alex/.m2/repository/org/glassfish/jersey/containers/jersey-container-servlet-core/2.22.2/jersey-container-servlet-core-2.22.2.jar:/home/alex/.m2/repository/org/hamcrest/hamcrest-all/1.3/hamcrest-all-1.3.jar:/home/alex/.m2/repository/org/powermock/powermock-module-junit4/2.0.2/powermock-module-junit4-2.0.2.jar:/home/alex/.m2/repository/org/powermock/powermock-module-junit4-common/2.0.2/powermock-module-junit4-common-2.0.2.jar:/home/alex/.m2/repository/org/powermock/powermock-reflect/2.0.2/powermock-reflect-2.0.2.jar:/home/alex/.m2/repository/org/powermock/powermock-core/2.0.2/powermock-core-2.0.2.jar:/home/alex/.m2/repository/org/powermock/powermock-api-mockito2/2.0.2/powermock-api-mockito2-2.0.2.jar:/home/alex/.m2/repository/org/powermock/powermock-api-support/2.0.2/powermock-api-support-2.0.2.jar:/home/alex/.m2/repository/com/google/guava/guava-testlib/19.0/guava-testlib-19.0.jar:/home/alex/.m2/repository/com/google/errorprone/error_prone_annotations/2.0.2/error_prone_annotations-2.0.2.jar:/home/alex/.m2/repository/com/google/re2j/re2j/1.2/re2j-1.2.jar:/home/alex/.m2/repository/org/reflections/reflections/0.9.10/reflections-0.9.10.jar:/home/alex/.m2/repository/org/javassist/javassist/3.19.0-GA/javassist-3.19.0-GA.jar:/home/alex/.m2/repository/com/jayway/jsonpath/json-path/2.4.0/json-path-2.4.0.jar:/home/alex/.m2/repository/net/minidev/json-smart/2.3/json-smart-2.3.jar:/home/alex/.m2/repository/net/minidev/accessors-smart/1.2/accessors-smart-1.2.jar:/home/alex/.m2/repository/org/ow2/asm/asm/5.0.4/asm-5.0.4.jar:/home/alex/.m2/repository/org/codehaus/janino/commons-compiler/3.0.11/commons-compiler-3.0.11.jar:/home/alex/.m2/repository/org/codehaus/janino/janino/3.0.11/janino-3.0.11.jar:/home/alex/.m2/repository/com/sun/jersey/contribs/jersey-multipart/1.19/jersey-multipart-1.19.jar:/home/alex/.m2/repository/org/jvnet/mimepull/mimepull/1.9.3/mimepull-1.9.3.jar:/home/alex/.m2/repository/org/apache/kafka/kafka-clients/2.5.0/kafka-clients-2.5.0.jar:/home/alex/.m2/repository/org/slf4j/slf4j-api/1.7.30/slf4j-api-1.7.30.jar:/home/alex/.m2/repository/org/mockito/mockito-core/3.4.4/mockito-core-3.4.4.jar:/home/alex/.m2/repository/net/bytebuddy/byte-buddy/1.10.13/byte-buddy-1.10.13.jar:/home/alex/.m2/repository/net/bytebuddy/byte-buddy-agent/1.10.13/byte-buddy-agent-1.10.13.jar:/home/alex/Repositories/hive/ql/target/testconf:/home/alex/Repositories/hive/ql/../conf:"/>
    <property name="java.vm.vendor" value="Private Build"/>
    <property name="hadoop.version" value="3.1.0"/>
    <property name="user.timezone" value="US/Pacific"/>
    <property name="test.local.warehouse.dir" value="pfile:///home/alex/Repositories/hive/ql/target/localfs/warehouse"/>
    <property name="os.name" value="Linux"/>
    <property name="java.vm.specification.version" value="1.8"/>
    <property name="clustermode" value=""/>
    <property name="test.build.data" value="/home/alex/Repositories/hive/ql/target/tmp"/>
    <property name="user.country" value="US"/>
    <property name="sun.java.launcher" value="SUN_STANDARD"/>
    <property name="test.data.files" value="/home/alex/Repositories/hive/ql/../data/files"/>
    <property name="nondexLogging" value="CONFIG"/>
    <property name="surefire.test.class.path" value="/home/alex/Repositories/hive/ql/target/test-classes:/home/alex/Repositories/hive/ql/target/classes:/home/alex/.m2/repository/org/apache/atlas/atlas-client-v2/2.1.0/atlas-client-v2-2.1.0.jar:/home/alex/.m2/repository/cglib/cglib/2.2.2/cglib-2.2.2.jar:/home/alex/.m2/repository/asm/asm/3.3.1/asm-3.3.1.jar:/home/alex/.m2/repository/org/apache/atlas/atlas-client-common/2.1.0/atlas-client-common-2.1.0.jar:/home/alex/.m2/repository/org/apache/httpcomponents/httpclient/4.5.13/httpclient-4.5.13.jar:/home/alex/.m2/repository/com/sun/jersey/jersey-client/1.19/jersey-client-1.19.jar:/home/alex/.m2/repository/org/apache/atlas/atlas-intg/2.1.0/atlas-intg-2.1.0.jar:/home/alex/.m2/repository/commons-collections/commons-collections/3.2.2/commons-collections-3.2.2.jar:/home/alex/.m2/repository/commons-validator/commons-validator/1.6/commons-validator-1.6.jar:/home/alex/.m2/repository/commons-digester/commons-digester/1.8.1/commons-digester-1.8.1.jar:/home/alex/.m2/repository/com/fasterxml/jackson/jaxrs/jackson-jaxrs-base/2.12.0/jackson-jaxrs-base-2.12.0.jar:/home/alex/.m2/repository/com/fasterxml/jackson/jaxrs/jackson-jaxrs-json-provider/2.12.0/jackson-jaxrs-json-provider-2.12.0.jar:/home/alex/.m2/repository/javax/inject/javax.inject/1/javax.inject-1.jar:/home/alex/.m2/repository/org/springframework/spring-context/4.3.20.RELEASE/spring-context-4.3.20.RELEASE.jar:/home/alex/.m2/repository/org/springframework/spring-aop/4.3.20.RELEASE/spring-aop-4.3.20.RELEASE.jar:/home/alex/.m2/repository/org/springframework/spring-beans/4.3.20.RELEASE/spring-beans-4.3.20.RELEASE.jar:/home/alex/.m2/repository/org/springframework/spring-core/4.3.20.RELEASE/spring-core-4.3.20.RELEASE.jar:/home/alex/.m2/repository/org/springframework/spring-expression/4.3.20.RELEASE/spring-expression-4.3.20.RELEASE.jar:/home/alex/.m2/repository/commons-configuration/commons-configuration/1.10/commons-configuration-1.10.jar:/home/alex/.m2/repository/commons-lang/commons-lang/2.6/commons-lang-2.6.jar:/home/alex/.m2/repository/commons-logging/commons-logging/1.1.1/commons-logging-1.1.1.jar:/home/alex/.m2/repository/org/apache/commons/commons-math3/3.6.1/commons-math3-3.6.1.jar:/home/alex/Repositories/hive/vector-code-gen/target/classes:/home/alex/.m2/repository/org/apache/velocity/velocity/1.5/velocity-1.5.jar:/home/alex/Repositories/hive/common/target/classes:/home/alex/Repositories/hive/classification/target/classes:/home/alex/Repositories/hive/standalone-metastore/metastore-common/target/classes:/home/alex/.m2/repository/commons-cli/commons-cli/1.4/commons-cli-1.4.jar:/home/alex/.m2/repository/org/apache/orc/orc-core/1.6.9/orc-core-1.6.9.jar:/home/alex/.m2/repository/org/apache/orc/orc-shims/1.6.9/orc-shims-1.6.9.jar:/home/alex/.m2/repository/io/airlift/aircompressor/0.19/aircompressor-0.19.jar:/home/alex/.m2/repository/org/jetbrains/annotations/17.0.0/annotations-17.0.0.jar:/home/alex/.m2/repository/org/threeten/threeten-extra/1.5.0/threeten-extra-1.5.0.jar:/home/alex/.m2/repository/jline/jline/2.14.6/jline-2.14.6.jar:/home/alex/.m2/repository/javax/servlet/javax.servlet-api/3.1.0/javax.servlet-api-3.1.0.jar:/home/alex/.m2/repository/org/eclipse/jetty/jetty-http/9.3.27.v20190418/jetty-http-9.3.27.v20190418.jar:/home/alex/.m2/repository/org/eclipse/jetty/jetty-rewrite/9.3.27.v20190418/jetty-rewrite-9.3.27.v20190418.jar:/home/alex/.m2/repository/org/eclipse/jetty/jetty-client/9.3.27.v20190418/jetty-client-9.3.27.v20190418.jar:/home/alex/.m2/repository/org/eclipse/jetty/jetty-server/9.3.27.v20190418/jetty-server-9.3.27.v20190418.jar:/home/alex/.m2/repository/org/eclipse/jetty/jetty-io/9.3.27.v20190418/jetty-io-9.3.27.v20190418.jar:/home/alex/.m2/repository/org/eclipse/jetty/jetty-servlet/9.3.27.v20190418/jetty-servlet-9.3.27.v20190418.jar:/home/alex/.m2/repository/org/eclipse/jetty/jetty-security/9.3.27.v20190418/jetty-security-9.3.27.v20190418.jar:/home/alex/.m2/repository/org/eclipse/jetty/jetty-webapp/9.3.27.v20190418/jetty-webapp-9.3.27.v20190418.jar:/home/alex/.m2/repository/org/eclipse/jetty/jetty-xml/9.3.27.v20190418/jetty-xml-9.3.27.v20190418.jar:/home/alex/.m2/repository/joda-time/joda-time/2.9.9/joda-time-2.9.9.jar:/home/alex/.m2/repository/org/apache/logging/log4j/log4j-web/2.13.2/log4j-web-2.13.2.jar:/home/alex/.m2/repository/net/sf/jpam/jpam/1.1/jpam-1.1.jar:/home/alex/.m2/repository/io/dropwizard/metrics/metrics-core/3.1.0/metrics-core-3.1.0.jar:/home/alex/.m2/repository/io/dropwizard/metrics/metrics-jvm/3.1.0/metrics-jvm-3.1.0.jar:/home/alex/.m2/repository/io/dropwizard/metrics/metrics-json/3.1.0/metrics-json-3.1.0.jar:/home/alex/.m2/repository/com/github/joshelser/dropwizard-metrics-hadoop-metrics2-reporter/0.1.2/dropwizard-metrics-hadoop-metrics2-reporter-0.1.2.jar:/home/alex/Repositories/hive/metastore/target/classes:/home/alex/.m2/repository/org/apache/derby/derby/10.14.1.0/derby-10.14.1.0.jar:/home/alex/Repositories/hive/serde/target/classes:/home/alex/.m2/repository/com/google/code/findbugs/jsr305/3.0.0/jsr305-3.0.0.jar:/home/alex/.m2/repository/org/apache/arrow/arrow-vector/0.15.1/arrow-vector-0.15.1.jar:/home/alex/.m2/repository/org/apache/arrow/arrow-format/0.15.1/arrow-format-0.15.1.jar:/home/alex/.m2/repository/org/apache/arrow/arrow-memory/0.15.1/arrow-memory-0.15.1.jar:/home/alex/.m2/repository/com/google/flatbuffers/flatbuffers-java/1.9.0/flatbuffers-java-1.9.0.jar:/home/alex/.m2/repository/com/carrotsearch/hppc/0.7.2/hppc-0.7.2.jar:/home/alex/.m2/repository/com/github/davidmoten/flatbuffers-java/1.6.0.1/flatbuffers-java-1.6.0.1.jar:/home/alex/Repositories/hive/parser/target/classes:/home/alex/Repositories/hive/udf/target/classes:/home/alex/Repositories/hive/service-rpc/target/classes:/home/alex/Repositories/hive/llap-client/target/classes:/home/alex/Repositories/hive/llap-common/target/classes:/home/alex/.m2/repository/io/jsonwebtoken/jjwt-api/0.10.5/jjwt-api-0.10.5.jar:/home/alex/.m2/repository/io/jsonwebtoken/jjwt-impl/0.10.5/jjwt-impl-0.10.5.jar:/home/alex/.m2/repository/io/jsonwebtoken/jjwt-jackson/0.10.5/jjwt-jackson-0.10.5.jar:/home/alex/Repositories/hive/llap-tez/target/classes:/home/alex/Repositories/hive/shims/aggregator/target/classes:/home/alex/Repositories/hive/shims/common/target/classes:/home/alex/Repositories/hive/shims/0.23/target/classes:/home/alex/.m2/repository/org/apache/hadoop/hadoop-yarn-server-resourcemanager/3.1.0/hadoop-yarn-server-resourcemanager-3.1.0.jar:/home/alex/.m2/repository/org/apache/hadoop/hadoop-yarn-server-applicationhistoryservice/3.1.0/hadoop-yarn-server-applicationhistoryservice-3.1.0.jar:/home/alex/.m2/repository/de/ruedigermoeller/fst/2.50/fst-2.50.jar:/home/alex/.m2/repository/com/cedarsoftware/java-util/1.9.0/java-util-1.9.0.jar:/home/alex/.m2/repository/com/cedarsoftware/json-io/2.5.1/json-io-2.5.1.jar:/home/alex/Repositories/hive/shims/scheduler/target/classes:/home/alex/Repositories/hive/spark-client/target/classes:/home/alex/.m2/repository/io/netty/netty-all/4.1.65.Final/netty-all-4.1.65.Final.jar:/home/alex/.m2/repository/com/fasterxml/jackson/module/jackson-module-scala_2.12/2.12.0/jackson-module-scala_2.12-2.12.0.jar:/home/alex/.m2/repository/org/apache/spark/spark-yarn_2.12/2.4.5/spark-yarn_2.12-2.4.5.jar:/home/alex/Repositories/hive/storage-api/target/classes:/home/alex/.m2/repository/com/amazonaws/aws-java-sdk-bundle/1.11.901/aws-java-sdk-bundle-1.11.901.jar:/home/alex/.m2/repository/com/amazonaws/secretsmanager/aws-secretsmanager-caching-java/1.0.1/aws-secretsmanager-caching-java-1.0.1.jar:/home/alex/.m2/repository/com/esotericsoftware/kryo/5.0.3/kryo-5.0.3.jar:/home/alex/.m2/repository/org/objenesis/objenesis/3.1/objenesis-3.1.jar:/home/alex/.m2/repository/com/esotericsoftware/minlog/1.3.1/minlog-1.3.1.jar:/home/alex/.m2/repository/com/esotericsoftware/reflectasm/1.11.9/reflectasm-1.11.9.jar:/home/alex/.m2/repository/com/google/protobuf/protobuf-java/2.5.0/protobuf-java-2.5.0.jar:/home/alex/.m2/repository/org/apache/hbase/hbase-common/2.0.0-alpha4/hbase-common-2.0.0-alpha4.jar:/home/alex/.m2/repository/org/apache/hbase/thirdparty/hbase-shaded-miscellaneous/1.0.1/hbase-shaded-miscellaneous-1.0.1.jar:/home/alex/.m2/repository/org/apache/htrace/htrace-core/3.2.0-incubating/htrace-core-3.2.0-incubating.jar:/home/alex/.m2/repository/org/apache/commons/commons-crypto/1.0.0/commons-crypto-1.0.0.jar:/home/alex/.m2/repository/com/github/stephenc/findbugs/findbugs-annotations/1.3.9-1/findbugs-annotations-1.3.9-1.jar:/home/alex/.m2/repository/log4j/log4j/1.2.17/log4j-1.2.17.jar:/home/alex/.m2/repository/org/apache/yetus/audience-annotations/0.5.0/audience-annotations-0.5.0.jar:/home/alex/.m2/repository/org/apache/parquet/parquet-hadoop-bundle/1.11.1/parquet-hadoop-bundle-1.11.1.jar:/home/alex/.m2/repository/commons-codec/commons-codec/1.15/commons-codec-1.15.jar:/home/alex/.m2/repository/commons-io/commons-io/2.6/commons-io-2.6.jar:/home/alex/.m2/repository/org/apache/commons/commons-collections4/4.1/commons-collections4-4.1.jar:/home/alex/.m2/repository/org/apache/commons/commons-lang3/3.9/commons-lang3-3.9.jar:/home/alex/.m2/repository/org/apache/commons/commons-text/1.8/commons-text-1.8.jar:/home/alex/.m2/repository/javolution/javolution/5.5.1/javolution-5.5.1.jar:/home/alex/.m2/repository/org/apache/logging/log4j/log4j-1.2-api/2.13.2/log4j-1.2-api-2.13.2.jar:/home/alex/.m2/repository/org/apache/logging/log4j/log4j-api/2.13.2/log4j-api-2.13.2.jar:/home/alex/.m2/repository/org/apache/logging/log4j/log4j-core/2.13.2/log4j-core-2.13.2.jar:/home/alex/.m2/repository/org/apache/logging/log4j/log4j-slf4j-impl/2.13.2/log4j-slf4j-impl-2.13.2.jar:/home/alex/.m2/repository/org/antlr/antlr-runtime/3.5.2/antlr-runtime-3.5.2.jar:/home/alex/.m2/repository/org/antlr/ST4/4.0.4/ST4-4.0.4.jar:/home/alex/.m2/repository/org/apache/avro/avro/1.8.2/avro-1.8.2.jar:/home/alex/.m2/repository/org/codehaus/jackson/jackson-core-asl/1.9.13/jackson-core-asl-1.9.13.jar:/home/alex/.m2/repository/org/codehaus/jackson/jackson-mapper-asl/1.9.13/jackson-mapper-asl-1.9.13.jar:/home/alex/.m2/repository/com/thoughtworks/paranamer/paranamer/2.8/paranamer-2.8.jar:/home/alex/.m2/repository/org/xerial/snappy/snappy-java/1.1.4/snappy-java-1.1.4.jar:/home/alex/.m2/repository/org/tukaani/xz/1.5/xz-1.5.jar:/home/alex/.m2/repository/org/apache/avro/avro-mapred/1.8.2/avro-mapred-1.8.2-hadoop2.jar:/home/alex/.m2/repository/org/apache/avro/avro-ipc/1.8.2/avro-ipc-1.8.2.jar:/home/alex/.m2/repository/org/mortbay/jetty/jetty/6.1.26/jetty-6.1.26.jar:/home/alex/.m2/repository/org/apache/ant/ant/1.9.1/ant-1.9.1.jar:/home/alex/.m2/repository/org/apache/ant/ant-launcher/1.9.1/ant-launcher-1.9.1.jar:/home/alex/.m2/repository/org/apache/commons/commons-compress/1.21/commons-compress-1.21.jar:/home/alex/.m2/repository/org/apache/thrift/libfb303/0.9.3/libfb303-0.9.3.jar:/home/alex/.m2/repository/org/apache/hadoop/hadoop-common/3.1.0/hadoop-common-3.1.0.jar:/home/alex/.m2/repository/org/apache/hadoop/hadoop-annotations/3.1.0/hadoop-annotations-3.1.0.jar:/home/alex/.m2/repository/commons-net/commons-net/3.6/commons-net-3.6.jar:/home/alex/.m2/repository/org/eclipse/jetty/jetty-util/9.3.27.v20190418/jetty-util-9.3.27.v20190418.jar:/home/alex/.m2/repository/javax/servlet/jsp/jsp-api/2.1/jsp-api-2.1.jar:/home/alex/.m2/repository/com/sun/jersey/jersey-core/1.19/jersey-core-1.19.jar:/home/alex/.m2/repository/javax/ws/rs/jsr311-api/1.1.1/jsr311-api-1.1.1.jar:/home/alex/.m2/repository/com/sun/jersey/jersey-json/1.19/jersey-json-1.19.jar:/home/alex/.m2/repository/com/sun/xml/bind/jaxb-impl/2.2.3-1/jaxb-impl-2.2.3-1.jar:/home/alex/.m2/repository/org/codehaus/jackson/jackson-jaxrs/1.9.2/jackson-jaxrs-1.9.2.jar:/home/alex/.m2/repository/org/codehaus/jackson/jackson-xc/1.9.2/jackson-xc-1.9.2.jar:/home/alex/.m2/repository/com/sun/jersey/jersey-server/1.19/jersey-server-1.19.jar:/home/alex/.m2/repository/org/apache/commons/commons-configuration2/2.1.1/commons-configuration2-2.1.1.jar:/home/alex/.m2/repository/org/apache/hadoop/hadoop-auth/3.1.0/hadoop-auth-3.1.0.jar:/home/alex/.m2/repository/com/nimbusds/nimbus-jose-jwt/4.41.1/nimbus-jose-jwt-4.41.1.jar:/home/alex/.m2/repository/com/github/stephenc/jcip/jcip-annotations/1.0-1/jcip-annotations-1.0-1.jar:/home/alex/.m2/repository/com/jcraft/jsch/0.1.54/jsch-0.1.54.jar:/home/alex/.m2/repository/org/apache/htrace/htrace-core4/4.1.0-incubating/htrace-core4-4.1.0-incubating.jar:/home/alex/.m2/repository/org/apache/kerby/kerb-simplekdc/1.0.1/kerb-simplekdc-1.0.1.jar:/home/alex/.m2/repository/org/apache/kerby/kerb-client/1.0.1/kerb-client-1.0.1.jar:/home/alex/.m2/repository/org/apache/kerby/kerby-config/1.0.1/kerby-config-1.0.1.jar:/home/alex/.m2/repository/org/apache/kerby/kerb-core/1.0.1/kerb-core-1.0.1.jar:/home/alex/.m2/repository/org/apache/kerby/kerby-pkix/1.0.1/kerby-pkix-1.0.1.jar:/home/alex/.m2/repository/org/apache/kerby/kerby-asn1/1.0.1/kerby-asn1-1.0.1.jar:/home/alex/.m2/repository/org/apache/kerby/kerby-util/1.0.1/kerby-util-1.0.1.jar:/home/alex/.m2/repository/org/apache/kerby/kerb-common/1.0.1/kerb-common-1.0.1.jar:/home/alex/.m2/repository/org/apache/kerby/kerb-crypto/1.0.1/kerb-crypto-1.0.1.jar:/home/alex/.m2/repository/org/apache/kerby/kerb-util/1.0.1/kerb-util-1.0.1.jar:/home/alex/.m2/repository/org/apache/kerby/token-provider/1.0.1/token-provider-1.0.1.jar:/home/alex/.m2/repository/org/apache/kerby/kerb-admin/1.0.1/kerb-admin-1.0.1.jar:/home/alex/.m2/repository/org/apache/kerby/kerb-server/1.0.1/kerb-server-1.0.1.jar:/home/alex/.m2/repository/org/apache/kerby/kerb-identity/1.0.1/kerb-identity-1.0.1.jar:/home/alex/.m2/repository/org/apache/kerby/kerby-xdr/1.0.1/kerby-xdr-1.0.1.jar:/home/alex/.m2/repository/org/codehaus/woodstox/stax2-api/3.1.4/stax2-api-3.1.4.jar:/home/alex/.m2/repository/com/fasterxml/woodstox/woodstox-core/5.0.3/woodstox-core-5.0.3.jar:/home/alex/.m2/repository/org/apache/hadoop/hadoop-archives/3.1.0/hadoop-archives-3.1.0.jar:/home/alex/.m2/repository/org/apache/hadoop/hadoop-yarn-registry/3.1.0/hadoop-yarn-registry-3.1.0.jar:/home/alex/.m2/repository/org/apache/curator/curator-client/4.2.0/curator-client-4.2.0.jar:/home/alex/.m2/repository/org/apache/curator/curator-recipes/4.2.0/curator-recipes-4.2.0.jar:/home/alex/.m2/repository/commons-daemon/commons-daemon/1.0.13/commons-daemon-1.0.13.jar:/home/alex/.m2/repository/dnsjava/dnsjava/2.1.7/dnsjava-2.1.7.jar:/home/alex/.m2/repository/org/apache/hadoop/hadoop-mapreduce-client-core/3.1.0/hadoop-mapreduce-client-core-3.1.0.jar:/home/alex/.m2/repository/org/apache/hadoop/hadoop-hdfs-client/3.1.0/hadoop-hdfs-client-3.1.0.jar:/home/alex/.m2/repository/com/squareup/okhttp/okhttp/2.7.5/okhttp-2.7.5.jar:/home/alex/.m2/repository/com/squareup/okio/okio/1.6.0/okio-1.6.0.jar:/home/alex/.m2/repository/com/google/inject/extensions/guice-servlet/4.0/guice-servlet-4.0.jar:/home/alex/.m2/repository/org/apache/hadoop/hadoop-mapreduce-client-common/3.1.0/hadoop-mapreduce-client-common-3.1.0.jar:/home/alex/.m2/repository/org/apache/hadoop/hadoop-hdfs/3.1.0/hadoop-hdfs-3.1.0.jar:/home/alex/.m2/repository/org/eclipse/jetty/jetty-util-ajax/9.3.19.v20170502/jetty-util-ajax-9.3.19.v20170502.jar:/home/alex/.m2/repository/org/fusesource/leveldbjni/leveldbjni-all/1.8/leveldbjni-all-1.8.jar:/home/alex/.m2/repository/org/apache/hadoop/hadoop-yarn-api/3.1.0/hadoop-yarn-api-3.1.0.jar:/home/alex/.m2/repository/javax/xml/bind/jaxb-api/2.2.11/jaxb-api-2.2.11.jar:/home/alex/.m2/repository/org/apache/hadoop/hadoop-yarn-common/3.1.0/hadoop-yarn-common-3.1.0.jar:/home/alex/.m2/repository/com/google/inject/guice/4.0/guice-4.0.jar:/home/alex/.m2/repository/aopalliance/aopalliance/1.0/aopalliance-1.0.jar:/home/alex/.m2/repository/com/sun/jersey/contribs/jersey-guice/1.19/jersey-guice-1.19.jar:/home/alex/.m2/repository/com/fasterxml/jackson/module/jackson-module-jaxb-annotations/2.12.0/jackson-module-jaxb-annotations-2.12.0.jar:/home/alex/.m2/repository/jakarta/xml/bind/jakarta.xml.bind-api/2.3.2/jakarta.xml.bind-api-2.3.2.jar:/home/alex/.m2/repository/jakarta/activation/jakarta.activation-api/1.2.1/jakarta.activation-api-1.2.1.jar:/home/alex/.m2/repository/org/apache/hadoop/hadoop-yarn-client/3.1.0/hadoop-yarn-client-3.1.0.jar:/home/alex/.m2/repository/org/apache/orc/orc-tools/1.6.9/orc-tools-1.6.9.jar:/home/alex/.m2/repository/com/opencsv/opencsv/3.9/opencsv-3.9.jar:/home/alex/.m2/repository/org/codehaus/jettison/jettison/1.1/jettison-1.1.jar:/home/alex/.m2/repository/org/threeten/threetenbp/1.3.5/threetenbp-1.3.5.jar:/home/alex/.m2/repository/org/apache/ivy/ivy/2.4.0/ivy-2.4.0.jar:/home/alex/.m2/repository/org/apache/thrift/libthrift/0.14.1/libthrift-0.14.1.jar:/home/alex/.m2/repository/org/apache/httpcomponents/httpcore/4.4.13/httpcore-4.4.13.jar:/home/alex/.m2/repository/org/apache/tomcat/embed/tomcat-embed-core/8.5.46/tomcat-embed-core-8.5.46.jar:/home/alex/.m2/repository/org/apache/tomcat/tomcat-annotations-api/8.5.46/tomcat-annotations-api-8.5.46.jar:/home/alex/.m2/repository/javax/annotation/javax.annotation-api/1.3.2/javax.annotation-api-1.3.2.jar:/home/alex/.m2/repository/org/apache/zookeeper/zookeeper/3.5.5/zookeeper-3.5.5.jar:/home/alex/.m2/repository/org/apache/zookeeper/zookeeper-jute/3.5.5/zookeeper-jute-3.5.5.jar:/home/alex/.m2/repository/org/apache/curator/curator-framework/4.2.0/curator-framework-4.2.0.jar:/home/alex/.m2/repository/org/apache/curator/curator-test/4.2.0/curator-test-4.2.0.jar:/home/alex/.m2/repository/org/apache/datasketches/datasketches-hive/1.1.0-incubating/datasketches-hive-1.1.0-incubating.jar:/home/alex/.m2/repository/org/apache/datasketches/datasketches-java/1.3.0-incubating/datasketches-java-1.3.0-incubating.jar:/home/alex/.m2/repository/org/apache/datasketches/datasketches-memory/1.2.0-incubating/datasketches-memory-1.2.0-incubating.jar:/home/alex/.m2/repository/org/slf4j/slf4j-simple/1.7.27/slf4j-simple-1.7.27.jar:/home/alex/.m2/repository/com/lmax/disruptor/3.3.7/disruptor-3.3.7.jar:/home/alex/.m2/repository/org/codehaus/groovy/groovy-all/2.4.11/groovy-all-2.4.11.jar:/home/alex/.m2/repository/org/jodd/jodd-util/6.0.0/jodd-util-6.0.0.jar:/home/alex/.m2/repository/com/fasterxml/jackson/core/jackson-annotations/2.12.0/jackson-annotations-2.12.0.jar:/home/alex/.m2/repository/com/fasterxml/jackson/core/jackson-core/2.12.0/jackson-core-2.12.0.jar:/home/alex/.m2/repository/com/fasterxml/jackson/core/jackson-databind/2.12.0/jackson-databind-2.12.0.jar:/home/alex/.m2/repository/com/fasterxml/jackson/dataformat/jackson-dataformat-yaml/2.12.0/jackson-dataformat-yaml-2.12.0.jar:/home/alex/.m2/repository/org/yaml/snakeyaml/1.27/snakeyaml-1.27.jar:/home/alex/.m2/repository/org/datanucleus/datanucleus-core/5.2.4/datanucleus-core-5.2.4.jar:/home/alex/.m2/repository/org/apache/calcite/calcite-core/1.25.0/calcite-core-1.25.0.jar:/home/alex/.m2/repository/org/apache/calcite/calcite-linq4j/1.25.0/calcite-linq4j-1.25.0.jar:/home/alex/.m2/repository/org/apiguardian/apiguardian-api/1.1.0/apiguardian-api-1.1.0.jar:/home/alex/.m2/repository/com/esri/geometry/esri-geometry-api/2.2.0/esri-geometry-api-2.2.0.jar:/home/alex/.m2/repository/com/yahoo/datasketches/sketches-core/0.9.0/sketches-core-0.9.0.jar:/home/alex/.m2/repository/com/yahoo/datasketches/memory/0.9.0/memory-0.9.0.jar:/home/alex/.m2/repository/org/apache/commons/commons-dbcp2/2.7.0/commons-dbcp2-2.7.0.jar:/home/alex/.m2/repository/org/apache/commons/commons-pool2/2.7.0/commons-pool2-2.7.0.jar:/home/alex/.m2/repository/org/apache/calcite/calcite-druid/1.25.0/calcite-druid-1.25.0.jar:/home/alex/.m2/repository/org/apache/calcite/avatica/avatica/1.12.0/avatica-1.12.0.jar:/home/alex/.m2/repository/com/google/guava/guava/19.0/guava-19.0.jar:/home/alex/.m2/repository/com/googlecode/javaewah/JavaEWAH/0.3.2/JavaEWAH-0.3.2.jar:/home/alex/.m2/repository/com/google/code/gson/gson/2.2.4/gson-2.2.4.jar:/home/alex/.m2/repository/com/tdunning/json/1.8/json-1.8.jar:/home/alex/.m2/repository/stax/stax-api/1.0.1/stax-api-1.0.1.jar:/home/alex/.m2/repository/net/sf/opencsv/opencsv/2.3/opencsv-2.3.jar:/home/alex/Repositories/hive/standalone-metastore/metastore-server/target/classes:/home/alex/.m2/repository/com/zaxxer/HikariCP/2.6.1/HikariCP-2.6.1.jar:/home/alex/.m2/repository/commons-beanutils/commons-beanutils/1.9.4/commons-beanutils-1.9.4.jar:/home/alex/.m2/repository/org/datanucleus/datanucleus-api-jdo/5.2.4/datanucleus-api-jdo-5.2.4.jar:/home/alex/.m2/repository/org/datanucleus/datanucleus-rdbms/5.2.4/datanucleus-rdbms-5.2.4.jar:/home/alex/.m2/repository/org/datanucleus/javax.jdo/3.2.0-release/javax.jdo-3.2.0-release.jar:/home/alex/.m2/repository/javax/transaction/javax.transaction-api/1.3/javax.transaction-api-1.3.jar:/home/alex/.m2/repository/org/glassfish/corba/glassfish-corba-omgapi/4.2.2/glassfish-corba-omgapi-4.2.2.jar:/home/alex/.m2/repository/sqlline/sqlline/1.9.0/sqlline-1.9.0.jar:/home/alex/.m2/repository/org/jline/jline-terminal/3.12.1/jline-terminal-3.12.1.jar:/home/alex/.m2/repository/org/jline/jline-reader/3.12.1/jline-reader-3.12.1.jar:/home/alex/.m2/repository/org/jline/jline-terminal-jansi/3.12.1/jline-terminal-jansi-3.12.1.jar:/home/alex/.m2/repository/org/fusesource/jansi/jansi/1.18/jansi-1.18.jar:/home/alex/.m2/repository/org/jline/jline-terminal-jna/3.12.1/jline-terminal-jna-3.12.1.jar:/home/alex/.m2/repository/net/java/dev/jna/jna/5.3.1/jna-5.3.1.jar:/home/alex/.m2/repository/org/jline/jline-builtins/3.12.1/jline-builtins-3.12.1.jar:/home/alex/.m2/repository/org/jline/jline-style/3.12.1/jline-style-3.12.1.jar:/home/alex/.m2/repository/com/cronutils/cron-utils/9.1.3/cron-utils-9.1.3.jar:/home/alex/.m2/repository/org/glassfish/javax.el/3.0.0/javax.el-3.0.0.jar:/home/alex/.m2/repository/com/oracle/database/jdbc/ojdbc8/21.3.0.0/ojdbc8-21.3.0.0.jar:/home/alex/.m2/repository/mysql/mysql-connector-java/8.0.27/mysql-connector-java-8.0.27.jar:/home/alex/.m2/repository/com/microsoft/sqlserver/mssql-jdbc/6.2.1.jre8/mssql-jdbc-6.2.1.jre8.jar:/home/alex/.m2/repository/org/postgresql/postgresql/42.2.14/postgresql-42.2.14.jar:/home/alex/Repositories/hive/common/target/test-classes:/home/alex/Repositories/hive/standalone-metastore/metastore-common/target/test-classes:/home/alex/.m2/repository/com/github/ben-manes/caffeine/caffeine/2.8.4/caffeine-2.8.4.jar:/home/alex/.m2/repository/org/checkerframework/checker-qual/3.4.0/checker-qual-3.4.0.jar:/home/alex/Repositories/hive/standalone-metastore/metastore-server/target/test-classes:/home/alex/.m2/repository/org/apache/parquet/parquet-column/1.11.1/parquet-column-1.11.1-tests.jar:/home/alex/.m2/repository/org/apache/parquet/parquet-common/1.11.1/parquet-common-1.11.1.jar:/home/alex/.m2/repository/org/apache/parquet/parquet-format-structures/1.11.1/parquet-format-structures-1.11.1.jar:/home/alex/.m2/repository/org/apache/parquet/parquet-encoding/1.11.1/parquet-encoding-1.11.1.jar:/home/alex/.m2/repository/junit/junit/4.13/junit-4.13.jar:/home/alex/.m2/repository/org/hamcrest/hamcrest-core/1.3/hamcrest-core-1.3.jar:/home/alex/.m2/repository/org/junit/jupiter/junit-jupiter-engine/5.6.2/junit-jupiter-engine-5.6.2.jar:/home/alex/.m2/repository/org/junit/platform/junit-platform-engine/1.6.2/junit-platform-engine-1.6.2.jar:/home/alex/.m2/repository/org/opentest4j/opentest4j/1.2.0/opentest4j-1.2.0.jar:/home/alex/.m2/repository/org/junit/platform/junit-platform-commons/1.6.2/junit-platform-commons-1.6.2.jar:/home/alex/.m2/repository/org/junit/jupiter/junit-jupiter-api/5.6.2/junit-jupiter-api-5.6.2.jar:/home/alex/.m2/repository/org/junit/jupiter/junit-jupiter-params/5.6.2/junit-jupiter-params-5.6.2.jar:/home/alex/.m2/repository/org/junit/vintage/junit-vintage-engine/5.6.2/junit-vintage-engine-5.6.2.jar:/home/alex/.m2/repository/org/apache/tez/tez-api/0.10.1/tez-api-0.10.1.jar:/usr/lib/jvm/java-8-openjdk-amd64/jre/../lib/tools.jar:/home/alex/.m2/repository/org/apache/tez/tez-runtime-library/0.10.1/tez-runtime-library-0.10.1.jar:/home/alex/.m2/repository/org/roaringbitmap/RoaringBitmap/0.5.21/RoaringBitmap-0.5.21.jar:/home/alex/.m2/repository/org/asynchttpclient/async-http-client/2.12.1/async-http-client-2.12.1.jar:/home/alex/.m2/repository/org/asynchttpclient/async-http-client-netty-utils/2.12.1/async-http-client-netty-utils-2.12.1.jar:/home/alex/.m2/repository/io/netty/netty-buffer/4.1.48.Final/netty-buffer-4.1.48.Final.jar:/home/alex/.m2/repository/io/netty/netty-codec-http/4.1.48.Final/netty-codec-http-4.1.48.Final.jar:/home/alex/.m2/repository/io/netty/netty-common/4.1.48.Final/netty-common-4.1.48.Final.jar:/home/alex/.m2/repository/io/netty/netty-transport/4.1.48.Final/netty-transport-4.1.48.Final.jar:/home/alex/.m2/repository/io/netty/netty-codec/4.1.48.Final/netty-codec-4.1.48.Final.jar:/home/alex/.m2/repository/io/netty/netty-handler/4.1.48.Final/netty-handler-4.1.48.Final.jar:/home/alex/.m2/repository/io/netty/netty-resolver/4.1.48.Final/netty-resolver-4.1.48.Final.jar:/home/alex/.m2/repository/io/netty/netty-codec-socks/4.1.48.Final/netty-codec-socks-4.1.48.Final.jar:/home/alex/.m2/repository/io/netty/netty-handler-proxy/4.1.48.Final/netty-handler-proxy-4.1.48.Final.jar:/home/alex/.m2/repository/io/netty/netty-transport-native-epoll/4.1.48.Final/netty-transport-native-epoll-4.1.48.Final-linux-x86_64.jar:/home/alex/.m2/repository/io/netty/netty-transport-native-unix-common/4.1.48.Final/netty-transport-native-unix-common-4.1.48.Final.jar:/home/alex/.m2/repository/io/netty/netty-transport-native-kqueue/4.1.48.Final/netty-transport-native-kqueue-4.1.48.Final-osx-x86_64.jar:/home/alex/.m2/repository/org/reactivestreams/reactive-streams/1.0.3/reactive-streams-1.0.3.jar:/home/alex/.m2/repository/com/typesafe/netty/netty-reactive-streams/2.0.4/netty-reactive-streams-2.0.4.jar:/home/alex/.m2/repository/com/sun/activation/javax.activation/1.2.0/javax.activation-1.2.0.jar:/home/alex/.m2/repository/org/apache/tez/tez-common/0.10.1/tez-common-0.10.1.jar:/home/alex/.m2/repository/org/apache/tez/tez-runtime-internals/0.10.1/tez-runtime-internals-0.10.1.jar:/home/alex/.m2/repository/org/apache/tez/hadoop-shim/0.10.1/hadoop-shim-0.10.1.jar:/home/alex/.m2/repository/org/apache/tez/tez-mapreduce/0.10.1/tez-mapreduce-0.10.1.jar:/home/alex/.m2/repository/org/apache/tez/tez-dag/0.10.1/tez-dag-0.10.1.jar:/home/alex/.m2/repository/org/apache/hadoop/hadoop-yarn-server-web-proxy/3.1.0/hadoop-yarn-server-web-proxy-3.1.0.jar:/home/alex/.m2/repository/org/apache/hadoop/hadoop-yarn-server-common/3.1.0/hadoop-yarn-server-common-3.1.0.jar:/home/alex/.m2/repository/org/apache/geronimo/specs/geronimo-jcache_1.0_spec/1.0-alpha-1/geronimo-jcache_1.0_spec-1.0-alpha-1.jar:/home/alex/.m2/repository/org/ehcache/ehcache/3.3.1/ehcache-3.3.1.jar:/home/alex/.m2/repository/com/zaxxer/HikariCP-java7/2.4.12/HikariCP-java7-2.4.12.jar:/home/alex/.m2/repository/org/apache/spark/spark-core_2.12/2.4.5/spark-core_2.12-2.4.5.jar:/home/alex/.m2/repository/com/twitter/chill_2.12/0.9.3/chill_2.12-0.9.3.jar:/home/alex/.m2/repository/com/twitter/chill-java/0.9.3/chill-java-0.9.3.jar:/home/alex/.m2/repository/org/apache/xbean/xbean-asm6-shaded/4.8/xbean-asm6-shaded-4.8.jar:/home/alex/.m2/repository/org/apache/hadoop/hadoop-client/3.1.0/hadoop-client-3.1.0.jar:/home/alex/.m2/repository/org/apache/hadoop/hadoop-mapreduce-client-jobclient/3.1.0/hadoop-mapreduce-client-jobclient-3.1.0.jar:/home/alex/.m2/repository/org/apache/spark/spark-launcher_2.12/2.4.5/spark-launcher_2.12-2.4.5.jar:/home/alex/.m2/repository/org/apache/spark/spark-kvstore_2.12/2.4.5/spark-kvstore_2.12-2.4.5.jar:/home/alex/.m2/repository/org/apache/spark/spark-network-common_2.12/2.4.5/spark-network-common_2.12-2.4.5.jar:/home/alex/.m2/repository/org/apache/spark/spark-network-shuffle_2.12/2.4.5/spark-network-shuffle_2.12-2.4.5.jar:/home/alex/.m2/repository/org/apache/spark/spark-unsafe_2.12/2.4.5/spark-unsafe_2.12-2.4.5.jar:/home/alex/.m2/repository/javax/activation/activation/1.1.1/activation-1.1.1.jar:/home/alex/.m2/repository/org/slf4j/jul-to-slf4j/1.7.16/jul-to-slf4j-1.7.16.jar:/home/alex/.m2/repository/org/slf4j/jcl-over-slf4j/1.7.16/jcl-over-slf4j-1.7.16.jar:/home/alex/.m2/repository/com/ning/compress-lzf/1.0.3/compress-lzf-1.0.3.jar:/home/alex/.m2/repository/org/lz4/lz4-java/1.4.0/lz4-java-1.4.0.jar:/home/alex/.m2/repository/com/github/luben/zstd-jni/1.3.2-2/zstd-jni-1.3.2-2.jar:/home/alex/.m2/repository/org/scala-lang/scala-library/2.12.10/scala-library-2.12.10.jar:/home/alex/.m2/repository/org/json4s/json4s-jackson_2.12/3.5.3/json4s-jackson_2.12-3.5.3.jar:/home/alex/.m2/repository/org/json4s/json4s-core_2.12/3.5.3/json4s-core_2.12-3.5.3.jar:/home/alex/.m2/repository/org/json4s/json4s-ast_2.12/3.5.3/json4s-ast_2.12-3.5.3.jar:/home/alex/.m2/repository/org/json4s/json4s-scalap_2.12/3.5.3/json4s-scalap_2.12-3.5.3.jar:/home/alex/.m2/repository/org/scala-lang/modules/scala-xml_2.12/1.0.6/scala-xml_2.12-1.0.6.jar:/home/alex/.m2/repository/com/clearspring/analytics/stream/2.7.0/stream-2.7.0.jar:/home/alex/.m2/repository/io/dropwizard/metrics/metrics-graphite/3.1.5/metrics-graphite-3.1.5.jar:/home/alex/.m2/repository/oro/oro/2.0.8/oro-2.0.8.jar:/home/alex/.m2/repository/net/razorvine/pyrolite/4.13/pyrolite-4.13.jar:/home/alex/.m2/repository/net/sf/py4j/py4j/0.10.7/py4j-0.10.7.jar:/home/alex/.m2/repository/org/apache/spark/spark-tags_2.12/2.4.5/spark-tags_2.12-2.4.5.jar:/home/alex/.m2/repository/org/spark-project/spark/unused/1.0.0/unused-1.0.0.jar:/home/alex/.m2/repository/com/sun/jersey/jersey-servlet/1.19/jersey-servlet-1.19.jar:/home/alex/.m2/repository/org/glassfish/jersey/core/jersey-server/2.22.2/jersey-server-2.22.2.jar:/home/alex/.m2/repository/org/glassfish/jersey/core/jersey-common/2.22.2/jersey-common-2.22.2.jar:/home/alex/.m2/repository/org/glassfish/jersey/bundles/repackaged/jersey-guava/2.22.2/jersey-guava-2.22.2.jar:/home/alex/.m2/repository/org/glassfish/hk2/osgi-resource-locator/1.0.1/osgi-resource-locator-1.0.1.jar:/home/alex/.m2/repository/org/glassfish/jersey/core/jersey-client/2.22.2/jersey-client-2.22.2.jar:/home/alex/.m2/repository/javax/ws/rs/javax.ws.rs-api/2.0.1/javax.ws.rs-api-2.0.1.jar:/home/alex/.m2/repository/org/glassfish/jersey/media/jersey-media-jaxb/2.22.2/jersey-media-jaxb-2.22.2.jar:/home/alex/.m2/repository/org/glassfish/hk2/hk2-api/2.4.0-b34/hk2-api-2.4.0-b34.jar:/home/alex/.m2/repository/org/glassfish/hk2/hk2-utils/2.4.0-b34/hk2-utils-2.4.0-b34.jar:/home/alex/.m2/repository/org/glassfish/hk2/external/aopalliance-repackaged/2.4.0-b34/aopalliance-repackaged-2.4.0-b34.jar:/home/alex/.m2/repository/org/glassfish/hk2/external/javax.inject/2.4.0-b34/javax.inject-2.4.0-b34.jar:/home/alex/.m2/repository/org/glassfish/hk2/hk2-locator/2.4.0-b34/hk2-locator-2.4.0-b34.jar:/home/alex/.m2/repository/javax/validation/validation-api/1.1.0.Final/validation-api-1.1.0.Final.jar:/home/alex/.m2/repository/org/glassfish/jersey/containers/jersey-container-servlet-core/2.22.2/jersey-container-servlet-core-2.22.2.jar:/home/alex/.m2/repository/org/hamcrest/hamcrest-all/1.3/hamcrest-all-1.3.jar:/home/alex/.m2/repository/org/powermock/powermock-module-junit4/2.0.2/powermock-module-junit4-2.0.2.jar:/home/alex/.m2/repository/org/powermock/powermock-module-junit4-common/2.0.2/powermock-module-junit4-common-2.0.2.jar:/home/alex/.m2/repository/org/powermock/powermock-reflect/2.0.2/powermock-reflect-2.0.2.jar:/home/alex/.m2/repository/org/powermock/powermock-core/2.0.2/powermock-core-2.0.2.jar:/home/alex/.m2/repository/org/powermock/powermock-api-mockito2/2.0.2/powermock-api-mockito2-2.0.2.jar:/home/alex/.m2/repository/org/powermock/powermock-api-support/2.0.2/powermock-api-support-2.0.2.jar:/home/alex/.m2/repository/com/google/guava/guava-testlib/19.0/guava-testlib-19.0.jar:/home/alex/.m2/repository/com/google/errorprone/error_prone_annotations/2.0.2/error_prone_annotations-2.0.2.jar:/home/alex/.m2/repository/com/google/re2j/re2j/1.2/re2j-1.2.jar:/home/alex/.m2/repository/org/reflections/reflections/0.9.10/reflections-0.9.10.jar:/home/alex/.m2/repository/org/javassist/javassist/3.19.0-GA/javassist-3.19.0-GA.jar:/home/alex/.m2/repository/com/jayway/jsonpath/json-path/2.4.0/json-path-2.4.0.jar:/home/alex/.m2/repository/net/minidev/json-smart/2.3/json-smart-2.3.jar:/home/alex/.m2/repository/net/minidev/accessors-smart/1.2/accessors-smart-1.2.jar:/home/alex/.m2/repository/org/ow2/asm/asm/5.0.4/asm-5.0.4.jar:/home/alex/.m2/repository/org/codehaus/janino/commons-compiler/3.0.11/commons-compiler-3.0.11.jar:/home/alex/.m2/repository/org/codehaus/janino/janino/3.0.11/janino-3.0.11.jar:/home/alex/.m2/repository/com/sun/jersey/contribs/jersey-multipart/1.19/jersey-multipart-1.19.jar:/home/alex/.m2/repository/org/jvnet/mimepull/mimepull/1.9.3/mimepull-1.9.3.jar:/home/alex/.m2/repository/org/apache/kafka/kafka-clients/2.5.0/kafka-clients-2.5.0.jar:/home/alex/.m2/repository/org/slf4j/slf4j-api/1.7.30/slf4j-api-1.7.30.jar:/home/alex/.m2/repository/org/mockito/mockito-core/3.4.4/mockito-core-3.4.4.jar:/home/alex/.m2/repository/net/bytebuddy/byte-buddy/1.10.13/byte-buddy-1.10.13.jar:/home/alex/.m2/repository/net/bytebuddy/byte-buddy-agent/1.10.13/byte-buddy-agent-1.10.13.jar:/home/alex/Repositories/hive/ql/target/testconf:/home/alex/Repositories/hive/ql/../conf:"/>
    <property name="sun.cpu.endian" value="little"/>
    <property name="user.home" value="/home/alex"/>
    <property name="user.language" value="en"/>
    <property name="java.security.krb5.conf" value="/home/alex/Repositories/hive/ql/target/testconf/krb5.conf"/>
    <property name="test.dfs.mkdir" value=""/>
    <property name="java.awt.graphicsenv" value="sun.awt.X11GraphicsEnvironment"/>
    <property name="nondexFilter" value=".*"/>
    <property name="nondexSeed" value="933178"/>
    <property name="surefire.real.class.path" value="/home/alex/Repositories/hive/ql/target/surefire/surefirebooter3486034360057006450.jar"/>
    <property name="hadoop.log.dir" value="/home/alex/Repositories/hive/ql/target/tmp"/>
    <property name="java.net.preferIPv4Stack" value="true"/>
    <property name="path.separator" value=":"/>
    <property name="os.version" value="6.5.0-28-generic"/>
    <property name="java.endorsed.dirs" value="/usr/lib/jvm/java-8-openjdk-amd64/jre/lib/endorsed"/>
    <property name="java.runtime.name" value="OpenJDK Runtime Environment"/>
    <property name="hive.test.console.log.level" value="INFO"/>
    <property name="java.vm.name" value="OpenJDK 64-Bit Server VM"/>
    <property name="java.vendor.url.bug" value="http://bugreport.sun.com/bugreport/"/>
    <property name="maven.local.repository" value="/home/alex/.m2/repository"/>
    <property name="user.dir" value="/home/alex/Repositories/hive/ql"/>
    <property name="os.arch" value="amd64"/>
    <property name="nondexMode" value="FULL"/>
    <property name="user.language.format" value="pt"/>
    <property name="antlr.version" value="3.5.2"/>
    <property name="derby.version" value="10.14.1.0"/>
    <property name="java.vm.info" value="mixed mode"/>
    <property name="java.vm.version" value="25.402-b06"/>
    <property name="java.ext.dirs" value="/usr/lib/jvm/java-8-openjdk-amd64/jre/lib/ext:/usr/java/packages/lib/ext"/>
    <property name="java.class.version" value="52.0"/>
    <property name="test.output.overwrite" value=""/>
    <property name="hive.root" value="/home/alex/Repositories/hive/ql/../"/>
  </properties>
  <testcase name="testInsertFromUnion" classname="org.apache.hadoop.hive.ql.TestTxnNoBucketsVectorized" time="24.094"/>
  <testcase name="testCtasPartitioned" classname="org.apache.hadoop.hive.ql.TestTxnNoBucketsVectorized" time="3.377"/>
  <testcase name="testNoBucketsDP" classname="org.apache.hadoop.hive.ql.TestTxnNoBucketsVectorized" time="14.941">
    <error type="java.lang.RuntimeException"><![CDATA[java.lang.RuntimeException: update nobuckets set c2 = 17 where c2 in(0,3) failed: (responseCode = 40000, errorMessage = FAILED: NoMatchingMethodException No matching method for class org.apache.hadoop.hive.ql.udf.UDFToInteger with (struct<writeid:bigint,bucketid:int,rowid:bigint>). Possible choices: _FUNC_(bigint)  _FUNC_(boolean)  _FUNC_(decimal(38,18))  _FUNC_(double)  _FUNC_(float)  _FUNC_(smallint)  _FUNC_(string)  _FUNC_(struct<bucketid:int,rowid:bigint,writeid:bigint>)  _FUNC_(timestamp)  _FUNC_(tinyint)  _FUNC_(void)  , hiveErrorCode = 40000, SQLState = 42000, exception = No matching method for class org.apache.hadoop.hive.ql.udf.UDFToInteger with (struct<writeid:bigint,bucketid:int,rowid:bigint>). Possible choices: _FUNC_(bigint)  _FUNC_(boolean)  _FUNC_(decimal(38,18))  _FUNC_(double)  _FUNC_(float)  _FUNC_(smallint)  _FUNC_(string)  _FUNC_(struct<bucketid:int,rowid:bigint,writeid:bigint>)  _FUNC_(timestamp)  _FUNC_(tinyint)  _FUNC_(void)  )
	at org.apache.hadoop.hive.ql.TxnCommandsBaseForTests.runStatementOnDriver(TxnCommandsBaseForTests.java:247)
	at org.apache.hadoop.hive.ql.TestTxnNoBuckets.testNoBucketsDP(TestTxnNoBuckets.java:233)
	at sun.reflect.NativeMethodAccessorImpl.invoke0(Native Method)
	at sun.reflect.NativeMethodAccessorImpl.invoke(NativeMethodAccessorImpl.java:62)
	at sun.reflect.DelegatingMethodAccessorImpl.invoke(DelegatingMethodAccessorImpl.java:43)
	at java.lang.reflect.Method.invoke(Method.java:498)
	at org.junit.runners.model.FrameworkMethod$1.runReflectiveCall(FrameworkMethod.java:59)
	at org.junit.internal.runners.model.ReflectiveCallable.run(ReflectiveCallable.java:12)
	at org.junit.runners.model.FrameworkMethod.invokeExplosively(FrameworkMethod.java:56)
	at org.junit.internal.runners.statements.InvokeMethod.evaluate(InvokeMethod.java:17)
	at org.junit.internal.runners.statements.RunBefores.evaluate(RunBefores.java:26)
	at org.junit.internal.runners.statements.RunAfters.evaluate(RunAfters.java:27)
	at org.junit.rules.TestWatcher$1.evaluate(TestWatcher.java:61)
	at org.junit.runners.ParentRunner$3.evaluate(ParentRunner.java:306)
	at org.junit.runners.BlockJUnit4ClassRunner$1.evaluate(BlockJUnit4ClassRunner.java:100)
	at org.junit.runners.ParentRunner.runLeaf(ParentRunner.java:366)
	at org.junit.runners.BlockJUnit4ClassRunner.runChild(BlockJUnit4ClassRunner.java:103)
	at org.junit.runners.BlockJUnit4ClassRunner.runChild(BlockJUnit4ClassRunner.java:63)
	at org.junit.runners.ParentRunner$4.run(ParentRunner.java:331)
	at org.junit.runners.ParentRunner$1.schedule(ParentRunner.java:79)
	at org.junit.runners.ParentRunner.runChildren(ParentRunner.java:329)
	at org.junit.runners.ParentRunner.access$100(ParentRunner.java:66)
	at org.junit.runners.ParentRunner$2.evaluate(ParentRunner.java:293)
	at org.junit.runners.ParentRunner$3.evaluate(ParentRunner.java:306)
	at org.junit.runners.ParentRunner.run(ParentRunner.java:413)
	at org.junit.runner.JUnitCore.run(JUnitCore.java:137)
	at org.junit.runner.JUnitCore.run(JUnitCore.java:115)
	at org.junit.vintage.engine.execution.RunnerExecutor.execute(RunnerExecutor.java:43)
	at java.util.stream.ForEachOps$ForEachOp$OfRef.accept(ForEachOps.java:183)
	at java.util.stream.ReferencePipeline$3$1.accept(ReferencePipeline.java:193)
	at java.util.Iterator.forEachRemaining(Iterator.java:116)
	at java.util.Spliterators$IteratorSpliterator.forEachRemaining(Spliterators.java:1801)
	at java.util.stream.AbstractPipeline.copyInto(AbstractPipeline.java:482)
	at java.util.stream.AbstractPipeline.wrapAndCopyInto(AbstractPipeline.java:472)
	at java.util.stream.ForEachOps$ForEachOp.evaluateSequential(ForEachOps.java:150)
	at java.util.stream.ForEachOps$ForEachOp$OfRef.evaluateSequential(ForEachOps.java:173)
	at java.util.stream.AbstractPipeline.evaluate(AbstractPipeline.java:234)
	at java.util.stream.ReferencePipeline.forEach(ReferencePipeline.java:485)
	at org.junit.vintage.engine.VintageTestEngine.executeAllChildren(VintageTestEngine.java:82)
	at org.junit.vintage.engine.VintageTestEngine.execute(VintageTestEngine.java:73)
	at org.junit.platform.launcher.core.DefaultLauncher.execute(DefaultLauncher.java:248)
	at org.junit.platform.launcher.core.DefaultLauncher.lambda$execute$5(DefaultLauncher.java:211)
	at org.junit.platform.launcher.core.DefaultLauncher.withInterceptedStreams(DefaultLauncher.java:226)
	at org.junit.platform.launcher.core.DefaultLauncher.execute(DefaultLauncher.java:199)
	at org.junit.platform.launcher.core.DefaultLauncher.execute(DefaultLauncher.java:132)
	at org.apache.maven.surefire.junitplatform.JUnitPlatformProvider.invokeAllTests(JUnitPlatformProvider.java:154)
	at org.apache.maven.surefire.junitplatform.JUnitPlatformProvider.invoke(JUnitPlatformProvider.java:123)
	at org.apache.maven.surefire.booter.ForkedBooter.runSuitesInProcess(ForkedBooter.java:377)
	at org.apache.maven.surefire.booter.ForkedBooter.execute(ForkedBooter.java:138)
	at org.apache.maven.surefire.booter.ForkedBooter.run(ForkedBooter.java:465)
	at org.apache.maven.surefire.booter.ForkedBooter.main(ForkedBooter.java:451)
]]></error>
    <system-err><![CDATA[2024-04-23T20:50:57,543  WARN [main] conf.HiveConf: HiveConf of name hive.metastore.metadb.dir does not exist
2024-04-23T20:50:57,543  WARN [main] conf.HiveConf: HiveConf of name hive.dummyparam.test.server.specific.config.metastoresite does not exist
2024-04-23T20:50:57,543  WARN [main] conf.HiveConf: HiveConf of name hive.dummyparam.test.server.specific.config.override does not exist
2024-04-23T20:50:57,543  WARN [main] conf.HiveConf: HiveConf of name hive.dummyparam.test.server.specific.config.hivesite does not exist
2024-04-23T20:50:57,543  WARN [main] conf.HiveConf: HiveConf of name hive.llap.io.cache.orc.arena.size does not exist
2024-04-23T20:50:57,543  WARN [main] conf.HiveConf: HiveConf of name hive.metastore.client.cache.recordStats does not exist
2024-04-23T20:50:57,543  WARN [main] conf.HiveConf: HiveConf of name hive.llap.io.cache.orc.alloc.min does not exist
2024-04-23T20:50:57,543  WARN [main] conf.HiveConf: HiveConf of name hive.llap.io.cache.orc.alloc.max does not exist
2024-04-23T20:50:57,543  WARN [main] conf.HiveConf: HiveConf of name hive.stats.key.prefix.reserve.length does not exist
2024-04-23T20:50:57,543  WARN [main] conf.HiveConf: HiveConf of name hive.llap.io.cache.orc.size does not exist
2024-04-23T20:50:57,544  WARN [main] conf.HiveConf: HiveConf of name hive.metastore.client.cache.maxSize does not exist
2024-04-23T20:50:57,546  INFO [main] utils.TestTxnDbUtil: Creating transactional tables
Hive Session ID = 35c1eaf2-85f7-4891-a074-7246c6e7652c
2024-04-23T20:50:57,549  INFO [main] SessionState: Hive Session ID = 35c1eaf2-85f7-4891-a074-7246c6e7652c
ivysettings.xml file not found in HIVE_HOME or HIVE_CONF_DIR,/home/alex/Repositories/hive/conf/ivysettings.xml will be used
2024-04-23T20:50:57,549  INFO [main] DependencyResolver: ivysettings.xml file not found in HIVE_HOME or HIVE_CONF_DIR,/home/alex/Repositories/hive/conf/ivysettings.xml will be used
2024-04-23T20:50:57,554  INFO [main] session.SessionState: Created HDFS directory: /home/alex/Repositories/hive/ql/target/tmp/scratchdir/alex/35c1eaf2-85f7-4891-a074-7246c6e7652c
2024-04-23T20:50:57,557  INFO [main] session.SessionState: Created local directory: /home/alex/Repositories/hive/ql/target/tmp/localscratchdir/35c1eaf2-85f7-4891-a074-7246c6e7652c
2024-04-23T20:50:57,559  INFO [main] session.SessionState: Created HDFS directory: /home/alex/Repositories/hive/ql/target/tmp/scratchdir/alex/35c1eaf2-85f7-4891-a074-7246c6e7652c/_tmp_space.db
2024-04-23T20:50:57,560  INFO [main] sqlstd.SQLStdHiveAccessController: Created SQLStdHiveAccessController for session context : HiveAuthzSessionContext [sessionString=35c1eaf2-85f7-4891-a074-7246c6e7652c, clientType=HIVECLI]
2024-04-23T20:50:57,560  INFO [main] ql.TxnCommandsBaseForTests: Running the query: drop table if exists acidTbl
2024-04-23T20:50:57,560  INFO [main] ql.Driver: Compiling command(queryId=alex_20240423205057_18e273c5-06ac-4a02-a1e1-bed20227cc18): drop table if exists acidTbl
2024-04-23T20:50:57,570  INFO [main] txn.TxnHandler: Added entries to MIN_HISTORY_LEVEL for current txns: ([1]) with min_open_txn: 1
2024-04-23T20:50:57,570  INFO [main] lockmgr.DbTxnManager: Opened txnid:1
2024-04-23T20:50:57,573  INFO [main] HiveMetaStore.audit: ugi=alex	ip=unknown-ip-addr	cmd=get_table : tbl=hive.default.acidTbl	
2024-04-23T20:50:57,579  INFO [main] ql.Driver: Semantic Analysis Completed (retrial = false)
2024-04-23T20:50:57,579  INFO [main] ql.Driver: Created Hive schema: Schema(fieldSchemas:null, properties:null)
2024-04-23T20:50:57,579  INFO [main] metadata.Hive: Dumping metastore api call timing information for : compilation phase
2024-04-23T20:50:57,580  INFO [main] metadata.Hive: Total time spent in each metastore function (ms): {isCompatibleWith_(Configuration)=0, getValidTxns_(long)=3, openTxn_(String, TxnType)=9, flushCache_()=0, commitTxn_(CommitTxnRequest)=14}
2024-04-23T20:50:57,580  INFO [main] ql.Driver: Completed compiling command(queryId=alex_20240423205057_18e273c5-06ac-4a02-a1e1-bed20227cc18); Time taken: 0.019 seconds
2024-04-23T20:50:57,580  INFO [main] lockmgr.DbTxnManager: Setting lock request transaction to txnid:1 for queryId=alex_20240423205057_18e273c5-06ac-4a02-a1e1-bed20227cc18
2024-04-23T20:50:57,580  INFO [main] ql.Driver: Operation DROPTABLE obtained 0 locks
2024-04-23T20:50:57,580  INFO [main] ql.Driver: Executing command(queryId=alex_20240423205057_18e273c5-06ac-4a02-a1e1-bed20227cc18): drop table if exists acidTbl
2024-04-23T20:50:57,580  INFO [main] ql.Driver: Starting task [Stage-0:DDL] in serial mode
2024-04-23T20:50:57,580  INFO [main] HiveMetaStore.audit: ugi=alex	ip=unknown-ip-addr	cmd=get_table : tbl=hive.default.acidTbl	
2024-04-23T20:50:57,584  INFO [main] metadata.Hive: Dumping metastore api call timing information for : execution phase
2024-04-23T20:50:57,584  INFO [main] metadata.Hive: Total time spent in each metastore function (ms): {isCompatibleWith_(Configuration)=0}
2024-04-23T20:50:57,585  INFO [main] ql.Driver: Completed executing command(queryId=alex_20240423205057_18e273c5-06ac-4a02-a1e1-bed20227cc18); Time taken: 0.004 seconds
2024-04-23T20:50:57,585  INFO [main] lockmgr.DbTxnManager: Stopped heartbeat for query: alex_20240423205057_18e273c5-06ac-4a02-a1e1-bed20227cc18
2024-04-23T20:50:57,591  INFO [main] txn.TxnHandler: Expected to move at least one record from txn_components to completed_txn_components when committing txn! txnid:1
2024-04-23T20:50:57,599  INFO [main] txn.TxnHandler: Removed transactions: ([1]) from MIN_HISTORY_LEVEL
2024-04-23T20:50:57,599  WARN [main] txn.CompactionTxnHandler: No compaction queue record found for Compaction type transaction commit. txnId:1
2024-04-23T20:50:57,600  INFO [main] ql.TxnCommandsBaseForTests: Running the query: drop table if exists acidTblPart
2024-04-23T20:50:57,600  INFO [main] ql.Driver: Compiling command(queryId=alex_20240423205057_9fe1c419-eaa6-441b-8e93-3e8d59665de0): drop table if exists acidTblPart
2024-04-23T20:50:57,603  INFO [main] txn.TxnHandler: Added entries to MIN_HISTORY_LEVEL for current txns: ([2]) with min_open_txn: 1
2024-04-23T20:50:57,603  INFO [main] lockmgr.DbTxnManager: Opened txnid:2
2024-04-23T20:50:57,604  INFO [main] HiveMetaStore.audit: ugi=alex	ip=unknown-ip-addr	cmd=get_table : tbl=hive.default.acidTblPart	
2024-04-23T20:50:57,608  INFO [main] ql.Driver: Semantic Analysis Completed (retrial = false)
2024-04-23T20:50:57,608  INFO [main] ql.Driver: Created Hive schema: Schema(fieldSchemas:null, properties:null)
2024-04-23T20:50:57,608  INFO [main] metadata.Hive: Dumping metastore api call timing information for : compilation phase
2024-04-23T20:50:57,608  INFO [main] metadata.Hive: Total time spent in each metastore function (ms): {isCompatibleWith_(Configuration)=0, flushCache_()=0, commitTxn_(CommitTxnRequest)=15, openTxn_(String, TxnType)=2, getValidTxns_(long)=1}
2024-04-23T20:50:57,609  INFO [main] ql.Driver: Completed compiling command(queryId=alex_20240423205057_9fe1c419-eaa6-441b-8e93-3e8d59665de0); Time taken: 0.008 seconds
2024-04-23T20:50:57,609  INFO [main] lockmgr.DbTxnManager: Setting lock request transaction to txnid:2 for queryId=alex_20240423205057_9fe1c419-eaa6-441b-8e93-3e8d59665de0
2024-04-23T20:50:57,609  INFO [main] ql.Driver: Operation DROPTABLE obtained 0 locks
2024-04-23T20:50:57,609  INFO [main] ql.Driver: Executing command(queryId=alex_20240423205057_9fe1c419-eaa6-441b-8e93-3e8d59665de0): drop table if exists acidTblPart
2024-04-23T20:50:57,609  INFO [main] ql.Driver: Starting task [Stage-0:DDL] in serial mode
2024-04-23T20:50:57,609  INFO [main] HiveMetaStore.audit: ugi=alex	ip=unknown-ip-addr	cmd=get_table : tbl=hive.default.acidTblPart	
2024-04-23T20:50:57,613  INFO [main] metadata.Hive: Dumping metastore api call timing information for : execution phase
2024-04-23T20:50:57,614  INFO [main] metadata.Hive: Total time spent in each metastore function (ms): {isCompatibleWith_(Configuration)=0}
2024-04-23T20:50:57,614  INFO [main] ql.Driver: Completed executing command(queryId=alex_20240423205057_9fe1c419-eaa6-441b-8e93-3e8d59665de0); Time taken: 0.004 seconds
2024-04-23T20:50:57,614  INFO [main] lockmgr.DbTxnManager: Stopped heartbeat for query: alex_20240423205057_9fe1c419-eaa6-441b-8e93-3e8d59665de0
2024-04-23T20:50:57,621  INFO [main] txn.TxnHandler: Expected to move at least one record from txn_components to completed_txn_components when committing txn! txnid:2
2024-04-23T20:50:57,629  INFO [main] txn.TxnHandler: Removed transactions: ([2]) from MIN_HISTORY_LEVEL
2024-04-23T20:50:57,629  WARN [main] txn.CompactionTxnHandler: No compaction queue record found for Compaction type transaction commit. txnId:2
2024-04-23T20:50:57,630  INFO [main] ql.TxnCommandsBaseForTests: Running the query: drop table if exists acidTbl2
2024-04-23T20:50:57,631  INFO [main] ql.Driver: Compiling command(queryId=alex_20240423205057_fbae32d7-434e-4d2d-9978-3d7e521f837a): drop table if exists acidTbl2
2024-04-23T20:50:57,634  INFO [main] txn.TxnHandler: Added entries to MIN_HISTORY_LEVEL for current txns: ([3]) with min_open_txn: 1
2024-04-23T20:50:57,634  INFO [main] lockmgr.DbTxnManager: Opened txnid:3
2024-04-23T20:50:57,635  INFO [main] HiveMetaStore.audit: ugi=alex	ip=unknown-ip-addr	cmd=get_table : tbl=hive.default.acidTbl2	
2024-04-23T20:50:57,639  INFO [main] ql.Driver: Semantic Analysis Completed (retrial = false)
2024-04-23T20:50:57,639  INFO [main] ql.Driver: Created Hive schema: Schema(fieldSchemas:null, properties:null)
2024-04-23T20:50:57,639  INFO [main] metadata.Hive: Dumping metastore api call timing information for : compilation phase
2024-04-23T20:50:57,640  INFO [main] metadata.Hive: Total time spent in each metastore function (ms): {commitTxn_(CommitTxnRequest)=16, getValidTxns_(long)=0, flushCache_()=0, openTxn_(String, TxnType)=3, isCompatibleWith_(Configuration)=1}
2024-04-23T20:50:57,640  INFO [main] ql.Driver: Completed compiling command(queryId=alex_20240423205057_fbae32d7-434e-4d2d-9978-3d7e521f837a); Time taken: 0.008 seconds
2024-04-23T20:50:57,640  INFO [main] lockmgr.DbTxnManager: Setting lock request transaction to txnid:3 for queryId=alex_20240423205057_fbae32d7-434e-4d2d-9978-3d7e521f837a
2024-04-23T20:50:57,640  INFO [main] ql.Driver: Operation DROPTABLE obtained 0 locks
2024-04-23T20:50:57,640  INFO [main] ql.Driver: Executing command(queryId=alex_20240423205057_fbae32d7-434e-4d2d-9978-3d7e521f837a): drop table if exists acidTbl2
2024-04-23T20:50:57,640  INFO [main] ql.Driver: Starting task [Stage-0:DDL] in serial mode
2024-04-23T20:50:57,641  INFO [main] HiveMetaStore.audit: ugi=alex	ip=unknown-ip-addr	cmd=get_table : tbl=hive.default.acidTbl2	
2024-04-23T20:50:57,645  INFO [main] metadata.Hive: Dumping metastore api call timing information for : execution phase
2024-04-23T20:50:57,645  INFO [main] metadata.Hive: Total time spent in each metastore function (ms): {isCompatibleWith_(Configuration)=1}
2024-04-23T20:50:57,645  INFO [main] ql.Driver: Completed executing command(queryId=alex_20240423205057_fbae32d7-434e-4d2d-9978-3d7e521f837a); Time taken: 0.005 seconds
2024-04-23T20:50:57,645  INFO [main] lockmgr.DbTxnManager: Stopped heartbeat for query: alex_20240423205057_fbae32d7-434e-4d2d-9978-3d7e521f837a
2024-04-23T20:50:57,652  INFO [main] txn.TxnHandler: Expected to move at least one record from txn_components to completed_txn_components when committing txn! txnid:3
2024-04-23T20:50:57,660  INFO [main] txn.TxnHandler: Removed transactions: ([3]) from MIN_HISTORY_LEVEL
2024-04-23T20:50:57,661  WARN [main] txn.CompactionTxnHandler: No compaction queue record found for Compaction type transaction commit. txnId:3
2024-04-23T20:50:57,662  INFO [main] ql.TxnCommandsBaseForTests: Running the query: drop table if exists nonAcidOrcTbl
2024-04-23T20:50:57,662  INFO [main] ql.Driver: Compiling command(queryId=alex_20240423205057_c8c82018-5bf8-4661-8ea0-f033d6845c43): drop table if exists nonAcidOrcTbl
2024-04-23T20:50:57,665  INFO [main] txn.TxnHandler: Added entries to MIN_HISTORY_LEVEL for current txns: ([4]) with min_open_txn: 1
2024-04-23T20:50:57,666  INFO [main] lockmgr.DbTxnManager: Opened txnid:4
2024-04-23T20:50:57,667  INFO [main] HiveMetaStore.audit: ugi=alex	ip=unknown-ip-addr	cmd=get_table : tbl=hive.default.nonAcidOrcTbl	
2024-04-23T20:50:57,671  INFO [main] ql.Driver: Semantic Analysis Completed (retrial = false)
2024-04-23T20:50:57,671  INFO [main] ql.Driver: Created Hive schema: Schema(fieldSchemas:null, properties:null)
2024-04-23T20:50:57,671  INFO [main] metadata.Hive: Dumping metastore api call timing information for : compilation phase
2024-04-23T20:50:57,671  INFO [main] metadata.Hive: Total time spent in each metastore function (ms): {openTxn_(String, TxnType)=3, flushCache_()=0, getValidTxns_(long)=1, commitTxn_(CommitTxnRequest)=15, isCompatibleWith_(Configuration)=0}
2024-04-23T20:50:57,671  INFO [main] ql.Driver: Completed compiling command(queryId=alex_20240423205057_c8c82018-5bf8-4661-8ea0-f033d6845c43); Time taken: 0.009 seconds
2024-04-23T20:50:57,672  INFO [main] lockmgr.DbTxnManager: Setting lock request transaction to txnid:4 for queryId=alex_20240423205057_c8c82018-5bf8-4661-8ea0-f033d6845c43
2024-04-23T20:50:57,672  INFO [main] ql.Driver: Operation DROPTABLE obtained 0 locks
2024-04-23T20:50:57,672  INFO [main] ql.Driver: Executing command(queryId=alex_20240423205057_c8c82018-5bf8-4661-8ea0-f033d6845c43): drop table if exists nonAcidOrcTbl
2024-04-23T20:50:57,672  INFO [main] ql.Driver: Starting task [Stage-0:DDL] in serial mode
2024-04-23T20:50:57,672  INFO [main] HiveMetaStore.audit: ugi=alex	ip=unknown-ip-addr	cmd=get_table : tbl=hive.default.nonAcidOrcTbl	
2024-04-23T20:50:57,677  INFO [main] metadata.Hive: Dumping metastore api call timing information for : execution phase
2024-04-23T20:50:57,677  INFO [main] metadata.Hive: Total time spent in each metastore function (ms): {isCompatibleWith_(Configuration)=0}
2024-04-23T20:50:57,677  INFO [main] ql.Driver: Completed executing command(queryId=alex_20240423205057_c8c82018-5bf8-4661-8ea0-f033d6845c43); Time taken: 0.004 seconds
2024-04-23T20:50:57,677  INFO [main] lockmgr.DbTxnManager: Stopped heartbeat for query: alex_20240423205057_c8c82018-5bf8-4661-8ea0-f033d6845c43
2024-04-23T20:50:57,684  INFO [main] txn.TxnHandler: Expected to move at least one record from txn_components to completed_txn_components when committing txn! txnid:4
2024-04-23T20:50:57,692  INFO [main] txn.TxnHandler: Removed transactions: ([4]) from MIN_HISTORY_LEVEL
2024-04-23T20:50:57,692  WARN [main] txn.CompactionTxnHandler: No compaction queue record found for Compaction type transaction commit. txnId:4
2024-04-23T20:50:57,693  INFO [main] ql.TxnCommandsBaseForTests: Running the query: drop table if exists nonAcidOrcTbl2
2024-04-23T20:50:57,693  INFO [main] ql.Driver: Compiling command(queryId=alex_20240423205057_eb6637b6-6403-40a1-a831-57503ab94806): drop table if exists nonAcidOrcTbl2
2024-04-23T20:50:57,696  INFO [main] txn.TxnHandler: Added entries to MIN_HISTORY_LEVEL for current txns: ([5]) with min_open_txn: 1
2024-04-23T20:50:57,697  INFO [main] lockmgr.DbTxnManager: Opened txnid:5
2024-04-23T20:50:57,698  INFO [main] HiveMetaStore.audit: ugi=alex	ip=unknown-ip-addr	cmd=get_table : tbl=hive.default.nonAcidOrcTbl2	
2024-04-23T20:50:57,702  INFO [main] ql.Driver: Semantic Analysis Completed (retrial = false)
2024-04-23T20:50:57,702  INFO [main] ql.Driver: Created Hive schema: Schema(fieldSchemas:null, properties:null)
2024-04-23T20:50:57,702  INFO [main] metadata.Hive: Dumping metastore api call timing information for : compilation phase
2024-04-23T20:50:57,702  INFO [main] metadata.Hive: Total time spent in each metastore function (ms): {openTxn_(String, TxnType)=3, commitTxn_(CommitTxnRequest)=16, flushCache_()=0, getValidTxns_(long)=1, isCompatibleWith_(Configuration)=0}
2024-04-23T20:50:57,702  INFO [main] ql.Driver: Completed compiling command(queryId=alex_20240423205057_eb6637b6-6403-40a1-a831-57503ab94806); Time taken: 0.009 seconds
2024-04-23T20:50:57,703  INFO [main] lockmgr.DbTxnManager: Setting lock request transaction to txnid:5 for queryId=alex_20240423205057_eb6637b6-6403-40a1-a831-57503ab94806
2024-04-23T20:50:57,703  INFO [main] ql.Driver: Operation DROPTABLE obtained 0 locks
2024-04-23T20:50:57,703  INFO [main] ql.Driver: Executing command(queryId=alex_20240423205057_eb6637b6-6403-40a1-a831-57503ab94806): drop table if exists nonAcidOrcTbl2
2024-04-23T20:50:57,703  INFO [main] ql.Driver: Starting task [Stage-0:DDL] in serial mode
2024-04-23T20:50:57,704  INFO [main] HiveMetaStore.audit: ugi=alex	ip=unknown-ip-addr	cmd=get_table : tbl=hive.default.nonAcidOrcTbl2	
2024-04-23T20:50:57,708  INFO [main] metadata.Hive: Dumping metastore api call timing information for : execution phase
2024-04-23T20:50:57,708  INFO [main] metadata.Hive: Total time spent in each metastore function (ms): {isCompatibleWith_(Configuration)=0}
2024-04-23T20:50:57,708  INFO [main] ql.Driver: Completed executing command(queryId=alex_20240423205057_eb6637b6-6403-40a1-a831-57503ab94806); Time taken: 0.005 seconds
2024-04-23T20:50:57,708  INFO [main] lockmgr.DbTxnManager: Stopped heartbeat for query: alex_20240423205057_eb6637b6-6403-40a1-a831-57503ab94806
2024-04-23T20:50:57,715  INFO [main] txn.TxnHandler: Expected to move at least one record from txn_components to completed_txn_components when committing txn! txnid:5
2024-04-23T20:50:57,724  INFO [main] txn.TxnHandler: Removed transactions: ([5]) from MIN_HISTORY_LEVEL
2024-04-23T20:50:57,725  WARN [main] txn.CompactionTxnHandler: No compaction queue record found for Compaction type transaction commit. txnId:5
2024-04-23T20:50:57,725  INFO [main] ql.TxnCommandsBaseForTests: Running the query: drop table if exists nonAcidNonBucket
2024-04-23T20:50:57,726  INFO [main] ql.Driver: Compiling command(queryId=alex_20240423205057_c89057d0-0713-457f-a325-922542152894): drop table if exists nonAcidNonBucket
2024-04-23T20:50:57,729  INFO [main] txn.TxnHandler: Added entries to MIN_HISTORY_LEVEL for current txns: ([6]) with min_open_txn: 1
2024-04-23T20:50:57,729  INFO [main] lockmgr.DbTxnManager: Opened txnid:6
2024-04-23T20:50:57,747  INFO [main] HiveMetaStore.audit: ugi=alex	ip=unknown-ip-addr	cmd=get_table : tbl=hive.default.nonAcidNonBucket	
2024-04-23T20:50:57,752  INFO [main] ql.Driver: Semantic Analysis Completed (retrial = false)
2024-04-23T20:50:57,752  INFO [main] ql.Driver: Created Hive schema: Schema(fieldSchemas:null, properties:null)
2024-04-23T20:50:57,753  INFO [main] metadata.Hive: Dumping metastore api call timing information for : compilation phase
2024-04-23T20:50:57,753  INFO [main] metadata.Hive: Total time spent in each metastore function (ms): {flushCache_()=0, commitTxn_(CommitTxnRequest)=16, getValidTxns_(long)=1, openTxn_(String, TxnType)=3, isCompatibleWith_(Configuration)=0}
2024-04-23T20:50:57,753  INFO [main] ql.Driver: Completed compiling command(queryId=alex_20240423205057_c89057d0-0713-457f-a325-922542152894); Time taken: 0.026 seconds
2024-04-23T20:50:57,754  INFO [main] lockmgr.DbTxnManager: Setting lock request transaction to txnid:6 for queryId=alex_20240423205057_c89057d0-0713-457f-a325-922542152894
2024-04-23T20:50:57,754  INFO [main] ql.Driver: Operation DROPTABLE obtained 0 locks
2024-04-23T20:50:57,754  INFO [main] ql.Driver: Executing command(queryId=alex_20240423205057_c89057d0-0713-457f-a325-922542152894): drop table if exists nonAcidNonBucket
2024-04-23T20:50:57,754  INFO [main] ql.Driver: Starting task [Stage-0:DDL] in serial mode
2024-04-23T20:50:57,754  INFO [main] HiveMetaStore.audit: ugi=alex	ip=unknown-ip-addr	cmd=get_table : tbl=hive.default.nonAcidNonBucket	
2024-04-23T20:50:57,758  INFO [main] metadata.Hive: Dumping metastore api call timing information for : execution phase
2024-04-23T20:50:57,758  INFO [main] metadata.Hive: Total time spent in each metastore function (ms): {isCompatibleWith_(Configuration)=0}
2024-04-23T20:50:57,759  INFO [main] ql.Driver: Completed executing command(queryId=alex_20240423205057_c89057d0-0713-457f-a325-922542152894); Time taken: 0.004 seconds
2024-04-23T20:50:57,759  INFO [main] lockmgr.DbTxnManager: Stopped heartbeat for query: alex_20240423205057_c89057d0-0713-457f-a325-922542152894
2024-04-23T20:50:57,765  INFO [main] txn.TxnHandler: Expected to move at least one record from txn_components to completed_txn_components when committing txn! txnid:6
2024-04-23T20:50:57,773  INFO [main] txn.TxnHandler: Removed transactions: ([6]) from MIN_HISTORY_LEVEL
2024-04-23T20:50:57,773  WARN [main] txn.CompactionTxnHandler: No compaction queue record found for Compaction type transaction commit. txnId:6
2024-04-23T20:50:57,774  INFO [main] ql.TxnCommandsBaseForTests: Running the query: create table acidTbl(a int, b int) clustered by (a) into 2 buckets stored as orc TBLPROPERTIES ('transactional'='true')
2024-04-23T20:50:57,775  INFO [main] ql.Driver: Compiling command(queryId=alex_20240423205057_dd36c2f6-c0b0-460a-b1f3-3fb14dc5a638): create table acidTbl(a int, b int) clustered by (a) into 2 buckets stored as orc TBLPROPERTIES ('transactional'='true')
2024-04-23T20:50:57,778  INFO [main] txn.TxnHandler: Added entries to MIN_HISTORY_LEVEL for current txns: ([7]) with min_open_txn: 1
2024-04-23T20:50:57,778  INFO [main] lockmgr.DbTxnManager: Opened txnid:7
2024-04-23T20:50:57,779  INFO [main] parse.CalcitePlanner: Starting caching scope for: 
2024-04-23T20:50:57,779  INFO [main] parse.CalcitePlanner: Starting Semantic Analysis
2024-04-23T20:50:57,787  INFO [main] parse.CalcitePlanner: Creating table default.acidTbl position=13
2024-04-23T20:50:57,787  INFO [main] HiveMetaStore.audit: ugi=alex	ip=unknown-ip-addr	cmd=get_database: default	
2024-04-23T20:50:57,789  INFO [main] parse.CalcitePlanner: Ending caching scope for: 
2024-04-23T20:50:57,789  INFO [main] ql.Driver: Semantic Analysis Completed (retrial = false)
2024-04-23T20:50:57,789  INFO [main] ql.Driver: Created Hive schema: Schema(fieldSchemas:null, properties:null)
2024-04-23T20:50:57,789  INFO [main] metadata.Hive: Dumping metastore api call timing information for : compilation phase
2024-04-23T20:50:57,789  INFO [main] metadata.Hive: Total time spent in each metastore function (ms): {getValidTxns_(long)=1, isCompatibleWith_(Configuration)=0, flushCache_()=0, openTxn_(String, TxnType)=2, getValidWriteIds_(List, String)=8, commitTxn_(CommitTxnRequest)=15, getDatabase_(String)=2}
2024-04-23T20:50:57,790  INFO [main] ql.Driver: Completed compiling command(queryId=alex_20240423205057_dd36c2f6-c0b0-460a-b1f3-3fb14dc5a638); Time taken: 0.014 seconds
2024-04-23T20:50:57,790  INFO [main] lockmgr.DbTxnManager: Setting lock request transaction to txnid:7 for queryId=alex_20240423205057_dd36c2f6-c0b0-460a-b1f3-3fb14dc5a638
2024-04-23T20:50:57,790  INFO [main] lockmgr.DbLockManager: Requesting lock for queryId=alex_20240423205057_dd36c2f6-c0b0-460a-b1f3-3fb14dc5a638
2024-04-23T20:50:57,814  INFO [main] lockmgr.DbLockManager: Response to queryId=alex_20240423205057_dd36c2f6-c0b0-460a-b1f3-3fb14dc5a638 LockResponse(lockid:1, state:ACQUIRED)
2024-04-23T20:50:57,814  INFO [main] ql.Driver: Operation CREATETABLE obtained 1 locks
2024-04-23T20:50:57,814  INFO [main] ql.Driver: Executing command(queryId=alex_20240423205057_dd36c2f6-c0b0-460a-b1f3-3fb14dc5a638): create table acidTbl(a int, b int) clustered by (a) into 2 buckets stored as orc TBLPROPERTIES ('transactional'='true')
2024-04-23T20:50:57,815  INFO [main] ql.Driver: Starting task [Stage-0:DDL] in serial mode
2024-04-23T20:50:57,816  INFO [main] HiveMetaStore.audit: ugi=alex	ip=unknown-ip-addr	cmd=create_table_req: Table(tableName:acidTbl, dbName:default, owner:alex, createTime:1713930657, lastAccessTime:0, retention:0, sd:StorageDescriptor(cols:[FieldSchema(name:a, type:int, comment:null), FieldSchema(name:b, type:int, comment:null)], location:null, inputFormat:org.apache.hadoop.hive.ql.io.orc.OrcInputFormat, outputFormat:org.apache.hadoop.hive.ql.io.orc.OrcOutputFormat, compressed:false, numBuckets:2, serdeInfo:SerDeInfo(name:null, serializationLib:org.apache.hadoop.hive.ql.io.orc.OrcSerde, parameters:{serialization.format=1}), bucketCols:[a], sortCols:[], parameters:{}, skewedInfo:SkewedInfo(skewedColNames:[], skewedColValues:[], skewedColValueLocationMaps:{}), storedAsSubDirectories:false), partitionKeys:[], parameters:{totalSize=0, COLUMN_STATS_ACCURATE={"BASIC_STATS":"true","COLUMN_STATS":{"a":"true","b":"true"}}, rawDataSize=0, bucketing_version=2, numFiles=0, numFilesErasureCoded=0, numRows=0, transactional=true}, viewOriginalText:null, viewExpandedText:null, tableType:MANAGED_TABLE, privileges:PrincipalPrivilegeSet(userPrivileges:{alex=[PrivilegeGrantInfo(privilege:INSERT, createTime:-1, grantor:alex, grantorType:USER, grantOption:true), PrivilegeGrantInfo(privilege:SELECT, createTime:-1, grantor:alex, grantorType:USER, grantOption:true), PrivilegeGrantInfo(privilege:UPDATE, createTime:-1, grantor:alex, grantorType:USER, grantOption:true), PrivilegeGrantInfo(privilege:DELETE, createTime:-1, grantor:alex, grantorType:USER, grantOption:true)]}, groupPrivileges:null, rolePrivileges:null), temporary:false, catName:hive, ownerType:USER, writeId:0)	
2024-04-23T20:50:57,823  INFO [main] utils.FileUtils: Creating directory if it doesn't exist: file:/home/alex/Repositories/hive/ql/target/tmp/org.apache.hadoop.hive.ql.TestTxnNoBuckets-1713930630697/warehouse/acidtbl
2024-04-23T20:50:57,872  INFO [main] metadata.Hive: Dumping metastore api call timing information for : execution phase
2024-04-23T20:50:57,872  INFO [main] metadata.Hive: Total time spent in each metastore function (ms): {createTable_(Table)=55, isCompatibleWith_(Configuration)=0}
2024-04-23T20:50:57,872  INFO [main] ql.Driver: Completed executing command(queryId=alex_20240423205057_dd36c2f6-c0b0-460a-b1f3-3fb14dc5a638); Time taken: 0.058 seconds
2024-04-23T20:50:57,872  INFO [main] lockmgr.DbTxnManager: Stopped heartbeat for query: alex_20240423205057_dd36c2f6-c0b0-460a-b1f3-3fb14dc5a638
2024-04-23T20:50:57,878  INFO [main] txn.TxnHandler: Expected to move at least one record from txn_components to completed_txn_components when committing txn! txnid:7
2024-04-23T20:50:57,886  INFO [main] txn.TxnHandler: Removed transactions: ([7]) from MIN_HISTORY_LEVEL
2024-04-23T20:50:57,886  WARN [main] txn.CompactionTxnHandler: No compaction queue record found for Compaction type transaction commit. txnId:7
2024-04-23T20:50:57,887  INFO [main] ql.TxnCommandsBaseForTests: Running the query: create table acidTblPart(a int, b int) partitioned by (p string) clustered by (a) into 2 buckets stored as orc TBLPROPERTIES ('transactional'='true')
2024-04-23T20:50:57,887  INFO [main] ql.Driver: Compiling command(queryId=alex_20240423205057_19d27873-785d-452e-ae9a-0d23d5f4c649): create table acidTblPart(a int, b int) partitioned by (p string) clustered by (a) into 2 buckets stored as orc TBLPROPERTIES ('transactional'='true')
2024-04-23T20:50:57,891  INFO [main] txn.TxnHandler: Added entries to MIN_HISTORY_LEVEL for current txns: ([8]) with min_open_txn: 1
2024-04-23T20:50:57,892  INFO [main] lockmgr.DbTxnManager: Opened txnid:8
2024-04-23T20:50:57,893  INFO [main] parse.CalcitePlanner: Starting caching scope for: 
2024-04-23T20:50:57,893  INFO [main] parse.CalcitePlanner: Starting Semantic Analysis
2024-04-23T20:50:57,896  INFO [main] parse.CalcitePlanner: Creating table default.acidTblPart position=13
2024-04-23T20:50:57,896  INFO [main] HiveMetaStore.audit: ugi=alex	ip=unknown-ip-addr	cmd=get_database: default	
2024-04-23T20:50:57,898  INFO [main] parse.CalcitePlanner: Ending caching scope for: 
2024-04-23T20:50:57,898  INFO [main] ql.Driver: Semantic Analysis Completed (retrial = false)
2024-04-23T20:50:57,898  INFO [main] ql.Driver: Created Hive schema: Schema(fieldSchemas:null, properties:null)
2024-04-23T20:50:57,898  INFO [main] metadata.Hive: Dumping metastore api call timing information for : compilation phase
2024-04-23T20:50:57,898  INFO [main] metadata.Hive: Total time spent in each metastore function (ms): {getValidWriteIds_(List, String)=3, getValidTxns_(long)=1, isCompatibleWith_(Configuration)=1, flushCache_()=0, openTxn_(String, TxnType)=3, commitTxn_(CommitTxnRequest)=15, getDatabase_(String)=2}
2024-04-23T20:50:57,898  INFO [main] ql.Driver: Completed compiling command(queryId=alex_20240423205057_19d27873-785d-452e-ae9a-0d23d5f4c649); Time taken: 0.011 seconds
2024-04-23T20:50:57,899  INFO [main] lockmgr.DbTxnManager: Setting lock request transaction to txnid:8 for queryId=alex_20240423205057_19d27873-785d-452e-ae9a-0d23d5f4c649
2024-04-23T20:50:57,899  INFO [main] lockmgr.DbLockManager: Requesting lock for queryId=alex_20240423205057_19d27873-785d-452e-ae9a-0d23d5f4c649
2024-04-23T20:50:57,922  INFO [main] lockmgr.DbLockManager: Response to queryId=alex_20240423205057_19d27873-785d-452e-ae9a-0d23d5f4c649 LockResponse(lockid:2, state:ACQUIRED)
2024-04-23T20:50:57,922  INFO [main] ql.Driver: Operation CREATETABLE obtained 1 locks
2024-04-23T20:50:57,923  INFO [main] ql.Driver: Executing command(queryId=alex_20240423205057_19d27873-785d-452e-ae9a-0d23d5f4c649): create table acidTblPart(a int, b int) partitioned by (p string) clustered by (a) into 2 buckets stored as orc TBLPROPERTIES ('transactional'='true')
2024-04-23T20:50:57,923  INFO [main] ql.Driver: Starting task [Stage-0:DDL] in serial mode
2024-04-23T20:50:57,924  INFO [main] HiveMetaStore.audit: ugi=alex	ip=unknown-ip-addr	cmd=create_table_req: Table(tableName:acidTblPart, dbName:default, owner:alex, createTime:1713930657, lastAccessTime:0, retention:0, sd:StorageDescriptor(cols:[FieldSchema(name:a, type:int, comment:null), FieldSchema(name:b, type:int, comment:null)], location:null, inputFormat:org.apache.hadoop.hive.ql.io.orc.OrcInputFormat, outputFormat:org.apache.hadoop.hive.ql.io.orc.OrcOutputFormat, compressed:false, numBuckets:2, serdeInfo:SerDeInfo(name:null, serializationLib:org.apache.hadoop.hive.ql.io.orc.OrcSerde, parameters:{serialization.format=1}), bucketCols:[a], sortCols:[], parameters:{}, skewedInfo:SkewedInfo(skewedColNames:[], skewedColValues:[], skewedColValueLocationMaps:{}), storedAsSubDirectories:false), partitionKeys:[FieldSchema(name:p, type:string, comment:null)], parameters:{transactional=true, bucketing_version=2}, viewOriginalText:null, viewExpandedText:null, tableType:MANAGED_TABLE, privileges:PrincipalPrivilegeSet(userPrivileges:{alex=[PrivilegeGrantInfo(privilege:INSERT, createTime:-1, grantor:alex, grantorType:USER, grantOption:true), PrivilegeGrantInfo(privilege:SELECT, createTime:-1, grantor:alex, grantorType:USER, grantOption:true), PrivilegeGrantInfo(privilege:UPDATE, createTime:-1, grantor:alex, grantorType:USER, grantOption:true), PrivilegeGrantInfo(privilege:DELETE, createTime:-1, grantor:alex, grantorType:USER, grantOption:true)]}, groupPrivileges:null, rolePrivileges:null), temporary:false, catName:hive, ownerType:USER, writeId:0)	
2024-04-23T20:50:57,932  INFO [main] utils.FileUtils: Creating directory if it doesn't exist: file:/home/alex/Repositories/hive/ql/target/tmp/org.apache.hadoop.hive.ql.TestTxnNoBuckets-1713930630697/warehouse/acidtblpart
2024-04-23T20:50:57,963  INFO [main] metadata.Hive: Dumping metastore api call timing information for : execution phase
2024-04-23T20:50:57,963  INFO [main] metadata.Hive: Total time spent in each metastore function (ms): {isCompatibleWith_(Configuration)=0, createTable_(Table)=38}
2024-04-23T20:50:57,963  INFO [main] ql.Driver: Completed executing command(queryId=alex_20240423205057_19d27873-785d-452e-ae9a-0d23d5f4c649); Time taken: 0.04 seconds
2024-04-23T20:50:57,963  INFO [main] lockmgr.DbTxnManager: Stopped heartbeat for query: alex_20240423205057_19d27873-785d-452e-ae9a-0d23d5f4c649
2024-04-23T20:50:57,968  INFO [main] txn.TxnHandler: Expected to move at least one record from txn_components to completed_txn_components when committing txn! txnid:8
2024-04-23T20:50:57,973  INFO [main] txn.TxnHandler: Removed transactions: ([8]) from MIN_HISTORY_LEVEL
2024-04-23T20:50:57,973  WARN [main] txn.CompactionTxnHandler: No compaction queue record found for Compaction type transaction commit. txnId:8
2024-04-23T20:50:57,974  INFO [main] ql.TxnCommandsBaseForTests: Running the query: create table nonAcidOrcTbl(a int, b int) clustered by (a) into 2 buckets stored as orc TBLPROPERTIES ('transactional'='false')
2024-04-23T20:50:57,975  INFO [main] ql.Driver: Compiling command(queryId=alex_20240423205057_858c6235-3ad3-4c9a-aa7e-c53b0fe301a0): create table nonAcidOrcTbl(a int, b int) clustered by (a) into 2 buckets stored as orc TBLPROPERTIES ('transactional'='false')
2024-04-23T20:50:57,978  INFO [main] txn.TxnHandler: Added entries to MIN_HISTORY_LEVEL for current txns: ([9]) with min_open_txn: 1
2024-04-23T20:50:57,978  INFO [main] lockmgr.DbTxnManager: Opened txnid:9
2024-04-23T20:50:57,979  INFO [main] parse.CalcitePlanner: Starting caching scope for: 
2024-04-23T20:50:57,979  INFO [main] parse.CalcitePlanner: Starting Semantic Analysis
2024-04-23T20:50:57,981  INFO [main] parse.CalcitePlanner: Creating table default.nonAcidOrcTbl position=13
2024-04-23T20:50:57,982  INFO [main] HiveMetaStore.audit: ugi=alex	ip=unknown-ip-addr	cmd=get_database: default	
2024-04-23T20:50:57,984  INFO [main] parse.CalcitePlanner: Ending caching scope for: 
2024-04-23T20:50:57,984  INFO [main] ql.Driver: Semantic Analysis Completed (retrial = false)
2024-04-23T20:50:57,984  INFO [main] ql.Driver: Created Hive schema: Schema(fieldSchemas:null, properties:null)
2024-04-23T20:50:57,984  INFO [main] metadata.Hive: Dumping metastore api call timing information for : compilation phase
2024-04-23T20:50:57,984  INFO [main] metadata.Hive: Total time spent in each metastore function (ms): {flushCache_()=0, getValidTxns_(long)=1, getValidWriteIds_(List, String)=2, getDatabase_(String)=3, commitTxn_(CommitTxnRequest)=10, openTxn_(String, TxnType)=2, isCompatibleWith_(Configuration)=1}
2024-04-23T20:50:57,985  INFO [main] ql.Driver: Completed compiling command(queryId=alex_20240423205057_858c6235-3ad3-4c9a-aa7e-c53b0fe301a0); Time taken: 0.009 seconds
2024-04-23T20:50:57,985  INFO [main] lockmgr.DbTxnManager: Setting lock request transaction to txnid:9 for queryId=alex_20240423205057_858c6235-3ad3-4c9a-aa7e-c53b0fe301a0
2024-04-23T20:50:57,985  INFO [main] lockmgr.DbLockManager: Requesting lock for queryId=alex_20240423205057_858c6235-3ad3-4c9a-aa7e-c53b0fe301a0
2024-04-23T20:50:58,001  INFO [main] lockmgr.DbLockManager: Response to queryId=alex_20240423205057_858c6235-3ad3-4c9a-aa7e-c53b0fe301a0 LockResponse(lockid:3, state:ACQUIRED)
2024-04-23T20:50:58,001  INFO [main] ql.Driver: Operation CREATETABLE obtained 1 locks
2024-04-23T20:50:58,001  INFO [main] ql.Driver: Executing command(queryId=alex_20240423205057_858c6235-3ad3-4c9a-aa7e-c53b0fe301a0): create table nonAcidOrcTbl(a int, b int) clustered by (a) into 2 buckets stored as orc TBLPROPERTIES ('transactional'='false')
2024-04-23T20:50:58,001  INFO [main] ql.Driver: Starting task [Stage-0:DDL] in serial mode
2024-04-23T20:50:58,003  INFO [main] HiveMetaStore.audit: ugi=alex	ip=unknown-ip-addr	cmd=create_table_req: Table(tableName:nonAcidOrcTbl, dbName:default, owner:alex, createTime:1713930658, lastAccessTime:0, retention:0, sd:StorageDescriptor(cols:[FieldSchema(name:a, type:int, comment:null), FieldSchema(name:b, type:int, comment:null)], location:null, inputFormat:org.apache.hadoop.hive.ql.io.orc.OrcInputFormat, outputFormat:org.apache.hadoop.hive.ql.io.orc.OrcOutputFormat, compressed:false, numBuckets:2, serdeInfo:SerDeInfo(name:null, serializationLib:org.apache.hadoop.hive.ql.io.orc.OrcSerde, parameters:{serialization.format=1}), bucketCols:[a], sortCols:[], parameters:{}, skewedInfo:SkewedInfo(skewedColNames:[], skewedColValues:[], skewedColValueLocationMaps:{}), storedAsSubDirectories:false), partitionKeys:[], parameters:{numRows=0, transactional=false, bucketing_version=2, rawDataSize=0, totalSize=0, numFiles=0, COLUMN_STATS_ACCURATE={"BASIC_STATS":"true","COLUMN_STATS":{"a":"true","b":"true"}}, numFilesErasureCoded=0}, viewOriginalText:null, viewExpandedText:null, tableType:MANAGED_TABLE, privileges:PrincipalPrivilegeSet(userPrivileges:{alex=[PrivilegeGrantInfo(privilege:INSERT, createTime:-1, grantor:alex, grantorType:USER, grantOption:true), PrivilegeGrantInfo(privilege:SELECT, createTime:-1, grantor:alex, grantorType:USER, grantOption:true), PrivilegeGrantInfo(privilege:UPDATE, createTime:-1, grantor:alex, grantorType:USER, grantOption:true), PrivilegeGrantInfo(privilege:DELETE, createTime:-1, grantor:alex, grantorType:USER, grantOption:true)]}, groupPrivileges:null, rolePrivileges:null), temporary:false, catName:hive, ownerType:USER)	
2024-04-23T20:50:58,009  INFO [main] utils.FileUtils: Creating directory if it doesn't exist: file:/home/alex/Repositories/hive/ql/target/tmp/org.apache.hadoop.hive.ql.TestTxnNoBuckets-1713930630697/warehouse/nonacidorctbl
2024-04-23T20:50:58,027  INFO [main] metadata.Hive: Dumping metastore api call timing information for : execution phase
2024-04-23T20:50:58,028  INFO [main] metadata.Hive: Total time spent in each metastore function (ms): {isCompatibleWith_(Configuration)=0, createTable_(Table)=24}
2024-04-23T20:50:58,028  INFO [main] ql.Driver: Completed executing command(queryId=alex_20240423205057_858c6235-3ad3-4c9a-aa7e-c53b0fe301a0); Time taken: 0.026 seconds
2024-04-23T20:50:58,028  INFO [main] lockmgr.DbTxnManager: Stopped heartbeat for query: alex_20240423205057_858c6235-3ad3-4c9a-aa7e-c53b0fe301a0
2024-04-23T20:50:58,032  INFO [main] txn.TxnHandler: Expected to move at least one record from txn_components to completed_txn_components when committing txn! txnid:9
2024-04-23T20:50:58,161  INFO [main] txn.TxnHandler: Removed transactions: ([9]) from MIN_HISTORY_LEVEL
2024-04-23T20:50:58,161  WARN [main] txn.CompactionTxnHandler: No compaction queue record found for Compaction type transaction commit. txnId:9
2024-04-23T20:50:58,162  INFO [main] ql.TxnCommandsBaseForTests: Running the query: create table nonAcidOrcTbl2(a int, b int) clustered by (a) into 2 buckets stored as orc TBLPROPERTIES ('transactional'='false')
2024-04-23T20:50:58,163  INFO [main] ql.Driver: Compiling command(queryId=alex_20240423205058_ea75e6b0-9202-4ee9-9121-acdf27f2e1a0): create table nonAcidOrcTbl2(a int, b int) clustered by (a) into 2 buckets stored as orc TBLPROPERTIES ('transactional'='false')
2024-04-23T20:50:58,167  INFO [main] txn.TxnHandler: Added entries to MIN_HISTORY_LEVEL for current txns: ([10]) with min_open_txn: 1
2024-04-23T20:50:58,167  INFO [main] lockmgr.DbTxnManager: Opened txnid:10
2024-04-23T20:50:58,168  INFO [main] parse.CalcitePlanner: Starting caching scope for: 
2024-04-23T20:50:58,168  INFO [main] parse.CalcitePlanner: Starting Semantic Analysis
2024-04-23T20:50:58,171  INFO [main] parse.CalcitePlanner: Creating table default.nonAcidOrcTbl2 position=13
2024-04-23T20:50:58,171  INFO [main] HiveMetaStore.audit: ugi=alex	ip=unknown-ip-addr	cmd=get_database: default	
2024-04-23T20:50:58,173  INFO [main] parse.CalcitePlanner: Ending caching scope for: 
2024-04-23T20:50:58,173  INFO [main] ql.Driver: Semantic Analysis Completed (retrial = false)
2024-04-23T20:50:58,173  INFO [main] ql.Driver: Created Hive schema: Schema(fieldSchemas:null, properties:null)
2024-04-23T20:50:58,173  INFO [main] metadata.Hive: Dumping metastore api call timing information for : compilation phase
2024-04-23T20:50:58,173  INFO [main] metadata.Hive: Total time spent in each metastore function (ms): {getValidWriteIds_(List, String)=2, getDatabase_(String)=2, flushCache_()=0, isCompatibleWith_(Configuration)=0, openTxn_(String, TxnType)=3, getValidTxns_(long)=1, commitTxn_(CommitTxnRequest)=134}
2024-04-23T20:50:58,173  INFO [main] ql.Driver: Completed compiling command(queryId=alex_20240423205058_ea75e6b0-9202-4ee9-9121-acdf27f2e1a0); Time taken: 0.01 seconds
2024-04-23T20:50:58,174  INFO [main] lockmgr.DbTxnManager: Setting lock request transaction to txnid:10 for queryId=alex_20240423205058_ea75e6b0-9202-4ee9-9121-acdf27f2e1a0
2024-04-23T20:50:58,174  INFO [main] lockmgr.DbLockManager: Requesting lock for queryId=alex_20240423205058_ea75e6b0-9202-4ee9-9121-acdf27f2e1a0
2024-04-23T20:50:58,190  INFO [main] lockmgr.DbLockManager: Response to queryId=alex_20240423205058_ea75e6b0-9202-4ee9-9121-acdf27f2e1a0 LockResponse(lockid:4, state:ACQUIRED)
2024-04-23T20:50:58,190  INFO [main] ql.Driver: Operation CREATETABLE obtained 1 locks
2024-04-23T20:50:58,190  INFO [main] ql.Driver: Executing command(queryId=alex_20240423205058_ea75e6b0-9202-4ee9-9121-acdf27f2e1a0): create table nonAcidOrcTbl2(a int, b int) clustered by (a) into 2 buckets stored as orc TBLPROPERTIES ('transactional'='false')
2024-04-23T20:50:58,191  INFO [main] ql.Driver: Starting task [Stage-0:DDL] in serial mode
2024-04-23T20:50:58,192  INFO [main] HiveMetaStore.audit: ugi=alex	ip=unknown-ip-addr	cmd=create_table_req: Table(tableName:nonAcidOrcTbl2, dbName:default, owner:alex, createTime:1713930658, lastAccessTime:0, retention:0, sd:StorageDescriptor(cols:[FieldSchema(name:a, type:int, comment:null), FieldSchema(name:b, type:int, comment:null)], location:null, inputFormat:org.apache.hadoop.hive.ql.io.orc.OrcInputFormat, outputFormat:org.apache.hadoop.hive.ql.io.orc.OrcOutputFormat, compressed:false, numBuckets:2, serdeInfo:SerDeInfo(name:null, serializationLib:org.apache.hadoop.hive.ql.io.orc.OrcSerde, parameters:{serialization.format=1}), bucketCols:[a], sortCols:[], parameters:{}, skewedInfo:SkewedInfo(skewedColNames:[], skewedColValues:[], skewedColValueLocationMaps:{}), storedAsSubDirectories:false), partitionKeys:[], parameters:{numFilesErasureCoded=0, transactional=false, numFiles=0, rawDataSize=0, COLUMN_STATS_ACCURATE={"BASIC_STATS":"true","COLUMN_STATS":{"a":"true","b":"true"}}, numRows=0, totalSize=0, bucketing_version=2}, viewOriginalText:null, viewExpandedText:null, tableType:MANAGED_TABLE, privileges:PrincipalPrivilegeSet(userPrivileges:{alex=[PrivilegeGrantInfo(privilege:INSERT, createTime:-1, grantor:alex, grantorType:USER, grantOption:true), PrivilegeGrantInfo(privilege:SELECT, createTime:-1, grantor:alex, grantorType:USER, grantOption:true), PrivilegeGrantInfo(privilege:UPDATE, createTime:-1, grantor:alex, grantorType:USER, grantOption:true), PrivilegeGrantInfo(privilege:DELETE, createTime:-1, grantor:alex, grantorType:USER, grantOption:true)]}, groupPrivileges:null, rolePrivileges:null), temporary:false, catName:hive, ownerType:USER)	
2024-04-23T20:50:58,198  INFO [main] utils.FileUtils: Creating directory if it doesn't exist: file:/home/alex/Repositories/hive/ql/target/tmp/org.apache.hadoop.hive.ql.TestTxnNoBuckets-1713930630697/warehouse/nonacidorctbl2
2024-04-23T20:50:58,217  INFO [main] metadata.Hive: Dumping metastore api call timing information for : execution phase
2024-04-23T20:50:58,217  INFO [main] metadata.Hive: Total time spent in each metastore function (ms): {isCompatibleWith_(Configuration)=0, createTable_(Table)=25}
2024-04-23T20:50:58,217  INFO [main] ql.Driver: Completed executing command(queryId=alex_20240423205058_ea75e6b0-9202-4ee9-9121-acdf27f2e1a0); Time taken: 0.027 seconds
2024-04-23T20:50:58,217  INFO [main] lockmgr.DbTxnManager: Stopped heartbeat for query: alex_20240423205058_ea75e6b0-9202-4ee9-9121-acdf27f2e1a0
2024-04-23T20:50:58,222  INFO [main] txn.TxnHandler: Expected to move at least one record from txn_components to completed_txn_components when committing txn! txnid:10
2024-04-23T20:50:58,229  INFO [main] txn.TxnHandler: Removed transactions: ([10]) from MIN_HISTORY_LEVEL
2024-04-23T20:50:58,229  WARN [main] txn.CompactionTxnHandler: No compaction queue record found for Compaction type transaction commit. txnId:10
2024-04-23T20:50:58,230  INFO [main] ql.TxnCommandsBaseForTests: Running the query: create temporary  table acidTbl2(a int, b int, c int) clustered by (c) into 2 buckets stored as orc TBLPROPERTIES ('transactional'='true')
2024-04-23T20:50:58,230  INFO [main] ql.Driver: Compiling command(queryId=alex_20240423205058_65924941-e454-4c28-aa6e-8abf9ffc6c4b): create temporary  table acidTbl2(a int, b int, c int) clustered by (c) into 2 buckets stored as orc TBLPROPERTIES ('transactional'='true')
2024-04-23T20:50:58,234  INFO [main] txn.TxnHandler: Added entries to MIN_HISTORY_LEVEL for current txns: ([11]) with min_open_txn: 1
2024-04-23T20:50:58,234  INFO [main] lockmgr.DbTxnManager: Opened txnid:11
2024-04-23T20:50:58,235  INFO [main] parse.CalcitePlanner: Starting caching scope for: 
2024-04-23T20:50:58,235  INFO [main] parse.CalcitePlanner: Starting Semantic Analysis
2024-04-23T20:50:58,238  INFO [main] parse.CalcitePlanner: Creating table default.acidTbl2 position=24
2024-04-23T20:50:58,239  INFO [main] HiveMetaStore.audit: ugi=alex	ip=unknown-ip-addr	cmd=get_database: default	
2024-04-23T20:50:58,242  INFO [main] parse.CalcitePlanner: Ending caching scope for: 
2024-04-23T20:50:58,242  INFO [main] ql.Driver: Semantic Analysis Completed (retrial = false)
2024-04-23T20:50:58,242  INFO [main] ql.Driver: Created Hive schema: Schema(fieldSchemas:null, properties:null)
2024-04-23T20:50:58,242  INFO [main] metadata.Hive: Dumping metastore api call timing information for : compilation phase
2024-04-23T20:50:58,242  INFO [main] metadata.Hive: Total time spent in each metastore function (ms): {flushCache_()=0, openTxn_(String, TxnType)=3, isCompatibleWith_(Configuration)=0, commitTxn_(CommitTxnRequest)=12, getValidWriteIds_(List, String)=3, getDatabase_(String)=3, getValidTxns_(long)=1}
2024-04-23T20:50:58,243  INFO [main] ql.Driver: Completed compiling command(queryId=alex_20240423205058_65924941-e454-4c28-aa6e-8abf9ffc6c4b); Time taken: 0.012 seconds
2024-04-23T20:50:58,243  INFO [main] lockmgr.DbTxnManager: Setting lock request transaction to txnid:11 for queryId=alex_20240423205058_65924941-e454-4c28-aa6e-8abf9ffc6c4b
2024-04-23T20:50:58,243  INFO [main] lockmgr.DbLockManager: Requesting lock for queryId=alex_20240423205058_65924941-e454-4c28-aa6e-8abf9ffc6c4b
2024-04-23T20:50:58,260  INFO [main] lockmgr.DbLockManager: Response to queryId=alex_20240423205058_65924941-e454-4c28-aa6e-8abf9ffc6c4b LockResponse(lockid:5, state:ACQUIRED)
2024-04-23T20:50:58,260  INFO [main] ql.Driver: Operation CREATETABLE obtained 1 locks
2024-04-23T20:50:58,261  INFO [main] ql.Driver: Executing command(queryId=alex_20240423205058_65924941-e454-4c28-aa6e-8abf9ffc6c4b): create temporary  table acidTbl2(a int, b int, c int) clustered by (c) into 2 buckets stored as orc TBLPROPERTIES ('transactional'='true')
2024-04-23T20:50:58,261  INFO [main] ql.Driver: Starting task [Stage-0:DDL] in serial mode
2024-04-23T20:50:58,262  INFO [main] utils.FileUtils: Creating directory if it doesn't exist: file:/home/alex/Repositories/hive/ql/target/tmp/scratchdir/alex/35c1eaf2-85f7-4891-a074-7246c6e7652c/_tmp_space.db/e6bae162-686b-4692-be06-26140df73589
2024-04-23T20:50:58,265  INFO [main] metadata.Hive: Dumping metastore api call timing information for : execution phase
2024-04-23T20:50:58,265  INFO [main] metadata.Hive: Total time spent in each metastore function (ms): {isCompatibleWith_(Configuration)=0, createTable_(Table)=3}
2024-04-23T20:50:58,265  INFO [main] ql.Driver: Completed executing command(queryId=alex_20240423205058_65924941-e454-4c28-aa6e-8abf9ffc6c4b); Time taken: 0.004 seconds
2024-04-23T20:50:58,266  INFO [main] lockmgr.DbTxnManager: Stopped heartbeat for query: alex_20240423205058_65924941-e454-4c28-aa6e-8abf9ffc6c4b
2024-04-23T20:50:58,270  INFO [main] txn.TxnHandler: Expected to move at least one record from txn_components to completed_txn_components when committing txn! txnid:11
2024-04-23T20:50:58,276  INFO [main] txn.TxnHandler: Removed transactions: ([11]) from MIN_HISTORY_LEVEL
2024-04-23T20:50:58,277  WARN [main] txn.CompactionTxnHandler: No compaction queue record found for Compaction type transaction commit. txnId:11
2024-04-23T20:50:58,277  INFO [main] ql.TxnCommandsBaseForTests: Running the query: create table nonAcidNonBucket(a int, b int) stored as orc TBLPROPERTIES ('transactional'='false')
2024-04-23T20:50:58,278  INFO [main] ql.Driver: Compiling command(queryId=alex_20240423205058_51bae400-d6a6-46fa-8993-72728c61a4f9): create table nonAcidNonBucket(a int, b int) stored as orc TBLPROPERTIES ('transactional'='false')
2024-04-23T20:50:58,281  INFO [main] txn.TxnHandler: Added entries to MIN_HISTORY_LEVEL for current txns: ([12]) with min_open_txn: 1
2024-04-23T20:50:58,281  INFO [main] lockmgr.DbTxnManager: Opened txnid:12
2024-04-23T20:50:58,282  INFO [main] parse.CalcitePlanner: Starting caching scope for: 
2024-04-23T20:50:58,282  INFO [main] parse.CalcitePlanner: Starting Semantic Analysis
2024-04-23T20:50:58,285  INFO [main] parse.CalcitePlanner: Creating table default.nonAcidNonBucket position=13
2024-04-23T20:50:58,285  INFO [main] HiveMetaStore.audit: ugi=alex	ip=unknown-ip-addr	cmd=get_database: default	
2024-04-23T20:50:58,287  INFO [main] parse.CalcitePlanner: Ending caching scope for: 
2024-04-23T20:50:58,287  INFO [main] ql.Driver: Semantic Analysis Completed (retrial = false)
2024-04-23T20:50:58,287  INFO [main] ql.Driver: Created Hive schema: Schema(fieldSchemas:null, properties:null)
2024-04-23T20:50:58,287  INFO [main] metadata.Hive: Dumping metastore api call timing information for : compilation phase
2024-04-23T20:50:58,288  INFO [main] metadata.Hive: Total time spent in each metastore function (ms): {isCompatibleWith_(Configuration)=0, getValidWriteIds_(List, String)=3, openTxn_(String, TxnType)=2, getDatabase_(String)=2, flushCache_()=0, commitTxn_(CommitTxnRequest)=11, getValidTxns_(long)=1}
2024-04-23T20:50:58,288  INFO [main] ql.Driver: Completed compiling command(queryId=alex_20240423205058_51bae400-d6a6-46fa-8993-72728c61a4f9); Time taken: 0.009 seconds
2024-04-23T20:50:58,288  INFO [main] lockmgr.DbTxnManager: Setting lock request transaction to txnid:12 for queryId=alex_20240423205058_51bae400-d6a6-46fa-8993-72728c61a4f9
2024-04-23T20:50:58,288  INFO [main] lockmgr.DbLockManager: Requesting lock for queryId=alex_20240423205058_51bae400-d6a6-46fa-8993-72728c61a4f9
2024-04-23T20:50:58,304  INFO [main] lockmgr.DbLockManager: Response to queryId=alex_20240423205058_51bae400-d6a6-46fa-8993-72728c61a4f9 LockResponse(lockid:6, state:ACQUIRED)
2024-04-23T20:50:58,304  INFO [main] ql.Driver: Operation CREATETABLE obtained 1 locks
2024-04-23T20:50:58,304  INFO [main] ql.Driver: Executing command(queryId=alex_20240423205058_51bae400-d6a6-46fa-8993-72728c61a4f9): create table nonAcidNonBucket(a int, b int) stored as orc TBLPROPERTIES ('transactional'='false')
2024-04-23T20:50:58,304  INFO [main] ql.Driver: Starting task [Stage-0:DDL] in serial mode
2024-04-23T20:50:58,306  INFO [main] HiveMetaStore.audit: ugi=alex	ip=unknown-ip-addr	cmd=create_table_req: Table(tableName:nonAcidNonBucket, dbName:default, owner:alex, createTime:1713930658, lastAccessTime:0, retention:0, sd:StorageDescriptor(cols:[FieldSchema(name:a, type:int, comment:null), FieldSchema(name:b, type:int, comment:null)], location:null, inputFormat:org.apache.hadoop.hive.ql.io.orc.OrcInputFormat, outputFormat:org.apache.hadoop.hive.ql.io.orc.OrcOutputFormat, compressed:false, numBuckets:-1, serdeInfo:SerDeInfo(name:null, serializationLib:org.apache.hadoop.hive.ql.io.orc.OrcSerde, parameters:{serialization.format=1}), bucketCols:[], sortCols:[], parameters:{}, skewedInfo:SkewedInfo(skewedColNames:[], skewedColValues:[], skewedColValueLocationMaps:{}), storedAsSubDirectories:false), partitionKeys:[], parameters:{COLUMN_STATS_ACCURATE={"BASIC_STATS":"true","COLUMN_STATS":{"a":"true","b":"true"}}, transactional=false, totalSize=0, bucketing_version=2, numFiles=0, rawDataSize=0, numRows=0, numFilesErasureCoded=0}, viewOriginalText:null, viewExpandedText:null, tableType:MANAGED_TABLE, privileges:PrincipalPrivilegeSet(userPrivileges:{alex=[PrivilegeGrantInfo(privilege:INSERT, createTime:-1, grantor:alex, grantorType:USER, grantOption:true), PrivilegeGrantInfo(privilege:SELECT, createTime:-1, grantor:alex, grantorType:USER, grantOption:true), PrivilegeGrantInfo(privilege:UPDATE, createTime:-1, grantor:alex, grantorType:USER, grantOption:true), PrivilegeGrantInfo(privilege:DELETE, createTime:-1, grantor:alex, grantorType:USER, grantOption:true)]}, groupPrivileges:null, rolePrivileges:null), temporary:false, catName:hive, ownerType:USER)	
2024-04-23T20:50:58,312  INFO [main] utils.FileUtils: Creating directory if it doesn't exist: file:/home/alex/Repositories/hive/ql/target/tmp/org.apache.hadoop.hive.ql.TestTxnNoBuckets-1713930630697/warehouse/nonacidnonbucket
2024-04-23T20:50:58,331  INFO [main] metadata.Hive: Dumping metastore api call timing information for : execution phase
2024-04-23T20:50:58,331  INFO [main] metadata.Hive: Total time spent in each metastore function (ms): {isCompatibleWith_(Configuration)=0, createTable_(Table)=26}
2024-04-23T20:50:58,331  INFO [main] ql.Driver: Completed executing command(queryId=alex_20240423205058_51bae400-d6a6-46fa-8993-72728c61a4f9); Time taken: 0.027 seconds
2024-04-23T20:50:58,331  INFO [main] lockmgr.DbTxnManager: Stopped heartbeat for query: alex_20240423205058_51bae400-d6a6-46fa-8993-72728c61a4f9
2024-04-23T20:50:58,335  INFO [main] txn.TxnHandler: Expected to move at least one record from txn_components to completed_txn_components when committing txn! txnid:12
2024-04-23T20:50:58,341  INFO [main] txn.TxnHandler: Removed transactions: ([12]) from MIN_HISTORY_LEVEL
2024-04-23T20:50:58,342  WARN [main] txn.CompactionTxnHandler: No compaction queue record found for Compaction type transaction commit. txnId:12
2024-04-23T20:50:58,342  INFO [main] ql.TxnCommandsBaseForTests: Running the query: drop table if exists tmp
2024-04-23T20:50:58,343  INFO [main] ql.Driver: Compiling command(queryId=alex_20240423205058_e0b9ba53-a7cf-4fc4-8786-83a8d929d61e): drop table if exists tmp
2024-04-23T20:50:58,346  INFO [main] txn.TxnHandler: Added entries to MIN_HISTORY_LEVEL for current txns: ([13]) with min_open_txn: 1
2024-04-23T20:50:58,346  INFO [main] lockmgr.DbTxnManager: Opened txnid:13
2024-04-23T20:50:58,347  INFO [main] HiveMetaStore.audit: ugi=alex	ip=unknown-ip-addr	cmd=get_table : tbl=hive.default.tmp	
2024-04-23T20:50:58,350  INFO [main] ql.Driver: Semantic Analysis Completed (retrial = false)
2024-04-23T20:50:58,350  INFO [main] ql.Driver: Created Hive schema: Schema(fieldSchemas:null, properties:null)
2024-04-23T20:50:58,350  INFO [main] metadata.Hive: Dumping metastore api call timing information for : compilation phase
2024-04-23T20:50:58,351  INFO [main] metadata.Hive: Total time spent in each metastore function (ms): {getValidTxns_(long)=1, commitTxn_(CommitTxnRequest)=10, openTxn_(String, TxnType)=2, isCompatibleWith_(Configuration)=1, flushCache_()=0}
2024-04-23T20:50:58,351  INFO [main] ql.Driver: Completed compiling command(queryId=alex_20240423205058_e0b9ba53-a7cf-4fc4-8786-83a8d929d61e); Time taken: 0.007 seconds
2024-04-23T20:50:58,351  INFO [main] lockmgr.DbTxnManager: Setting lock request transaction to txnid:13 for queryId=alex_20240423205058_e0b9ba53-a7cf-4fc4-8786-83a8d929d61e
2024-04-23T20:50:58,351  INFO [main] ql.Driver: Operation DROPTABLE obtained 0 locks
2024-04-23T20:50:58,351  INFO [main] ql.Driver: Executing command(queryId=alex_20240423205058_e0b9ba53-a7cf-4fc4-8786-83a8d929d61e): drop table if exists tmp
2024-04-23T20:50:58,351  INFO [main] ql.Driver: Starting task [Stage-0:DDL] in serial mode
2024-04-23T20:50:58,352  INFO [main] HiveMetaStore.audit: ugi=alex	ip=unknown-ip-addr	cmd=get_table : tbl=hive.default.tmp	
2024-04-23T20:50:58,356  INFO [main] metadata.Hive: Dumping metastore api call timing information for : execution phase
2024-04-23T20:50:58,356  INFO [main] metadata.Hive: Total time spent in each metastore function (ms): {isCompatibleWith_(Configuration)=0}
2024-04-23T20:50:58,356  INFO [main] ql.Driver: Completed executing command(queryId=alex_20240423205058_e0b9ba53-a7cf-4fc4-8786-83a8d929d61e); Time taken: 0.005 seconds
2024-04-23T20:50:58,356  INFO [main] lockmgr.DbTxnManager: Stopped heartbeat for query: alex_20240423205058_e0b9ba53-a7cf-4fc4-8786-83a8d929d61e
2024-04-23T20:50:58,362  INFO [main] txn.TxnHandler: Expected to move at least one record from txn_components to completed_txn_components when committing txn! txnid:13
2024-04-23T20:50:58,368  INFO [main] txn.TxnHandler: Removed transactions: ([13]) from MIN_HISTORY_LEVEL
2024-04-23T20:50:58,368  WARN [main] txn.CompactionTxnHandler: No compaction queue record found for Compaction type transaction commit. txnId:13
2024-04-23T20:50:58,369  INFO [main] ql.TxnCommandsBaseForTests: Running the query: create table tmp (c1 integer, c2 integer) partitioned by (c3 integer) stored as orc tblproperties('transactional'='false')
2024-04-23T20:50:58,369  INFO [main] ql.Driver: Compiling command(queryId=alex_20240423205058_c4a257a5-7c02-47f1-9784-887bbaebde5f): create table tmp (c1 integer, c2 integer) partitioned by (c3 integer) stored as orc tblproperties('transactional'='false')
2024-04-23T20:50:58,373  INFO [main] txn.TxnHandler: Added entries to MIN_HISTORY_LEVEL for current txns: ([14]) with min_open_txn: 1
2024-04-23T20:50:58,373  INFO [main] lockmgr.DbTxnManager: Opened txnid:14
2024-04-23T20:50:58,374  INFO [main] parse.CalcitePlanner: Starting caching scope for: 
2024-04-23T20:50:58,374  INFO [main] parse.CalcitePlanner: Starting Semantic Analysis
2024-04-23T20:50:58,379  INFO [main] parse.CalcitePlanner: Creating table default.tmp position=13
2024-04-23T20:50:58,380  INFO [main] HiveMetaStore.audit: ugi=alex	ip=unknown-ip-addr	cmd=get_database: default	
2024-04-23T20:50:58,381  INFO [main] parse.CalcitePlanner: Ending caching scope for: 
2024-04-23T20:50:58,382  INFO [main] ql.Driver: Semantic Analysis Completed (retrial = false)
2024-04-23T20:50:58,382  INFO [main] ql.Driver: Created Hive schema: Schema(fieldSchemas:null, properties:null)
2024-04-23T20:50:58,382  INFO [main] metadata.Hive: Dumping metastore api call timing information for : compilation phase
2024-04-23T20:50:58,382  INFO [main] metadata.Hive: Total time spent in each metastore function (ms): {getValidTxns_(long)=1, commitTxn_(CommitTxnRequest)=13, isCompatibleWith_(Configuration)=1, getValidWriteIds_(List, String)=5, getDatabase_(String)=1, openTxn_(String, TxnType)=2, flushCache_()=0}
2024-04-23T20:50:58,382  INFO [main] ql.Driver: Completed compiling command(queryId=alex_20240423205058_c4a257a5-7c02-47f1-9784-887bbaebde5f); Time taken: 0.013 seconds
2024-04-23T20:50:58,382  INFO [main] lockmgr.DbTxnManager: Setting lock request transaction to txnid:14 for queryId=alex_20240423205058_c4a257a5-7c02-47f1-9784-887bbaebde5f
2024-04-23T20:50:58,382  INFO [main] lockmgr.DbLockManager: Requesting lock for queryId=alex_20240423205058_c4a257a5-7c02-47f1-9784-887bbaebde5f
2024-04-23T20:50:58,402  INFO [main] lockmgr.DbLockManager: Response to queryId=alex_20240423205058_c4a257a5-7c02-47f1-9784-887bbaebde5f LockResponse(lockid:7, state:ACQUIRED)
2024-04-23T20:50:58,402  INFO [main] ql.Driver: Operation CREATETABLE obtained 1 locks
2024-04-23T20:50:58,402  INFO [main] ql.Driver: Executing command(queryId=alex_20240423205058_c4a257a5-7c02-47f1-9784-887bbaebde5f): create table tmp (c1 integer, c2 integer) partitioned by (c3 integer) stored as orc tblproperties('transactional'='false')
2024-04-23T20:50:58,402  INFO [main] ql.Driver: Starting task [Stage-0:DDL] in serial mode
2024-04-23T20:50:58,403  INFO [main] HiveMetaStore.audit: ugi=alex	ip=unknown-ip-addr	cmd=create_table_req: Table(tableName:tmp, dbName:default, owner:alex, createTime:1713930658, lastAccessTime:0, retention:0, sd:StorageDescriptor(cols:[FieldSchema(name:c1, type:int, comment:null), FieldSchema(name:c2, type:int, comment:null)], location:null, inputFormat:org.apache.hadoop.hive.ql.io.orc.OrcInputFormat, outputFormat:org.apache.hadoop.hive.ql.io.orc.OrcOutputFormat, compressed:false, numBuckets:-1, serdeInfo:SerDeInfo(name:null, serializationLib:org.apache.hadoop.hive.ql.io.orc.OrcSerde, parameters:{serialization.format=1}), bucketCols:[], sortCols:[], parameters:{}, skewedInfo:SkewedInfo(skewedColNames:[], skewedColValues:[], skewedColValueLocationMaps:{}), storedAsSubDirectories:false), partitionKeys:[FieldSchema(name:c3, type:int, comment:null)], parameters:{transactional=false, bucketing_version=2}, viewOriginalText:null, viewExpandedText:null, tableType:MANAGED_TABLE, privileges:PrincipalPrivilegeSet(userPrivileges:{alex=[PrivilegeGrantInfo(privilege:INSERT, createTime:-1, grantor:alex, grantorType:USER, grantOption:true), PrivilegeGrantInfo(privilege:SELECT, createTime:-1, grantor:alex, grantorType:USER, grantOption:true), PrivilegeGrantInfo(privilege:UPDATE, createTime:-1, grantor:alex, grantorType:USER, grantOption:true), PrivilegeGrantInfo(privilege:DELETE, createTime:-1, grantor:alex, grantorType:USER, grantOption:true)]}, groupPrivileges:null, rolePrivileges:null), temporary:false, catName:hive, ownerType:USER)	
2024-04-23T20:50:58,409  INFO [main] utils.FileUtils: Creating directory if it doesn't exist: file:/home/alex/Repositories/hive/ql/target/tmp/org.apache.hadoop.hive.ql.TestTxnNoBuckets-1713930630697/warehouse/tmp
2024-04-23T20:50:58,440  INFO [main] metadata.Hive: Dumping metastore api call timing information for : execution phase
2024-04-23T20:50:58,440  INFO [main] metadata.Hive: Total time spent in each metastore function (ms): {createTable_(Table)=37, isCompatibleWith_(Configuration)=0}
2024-04-23T20:50:58,440  INFO [main] ql.Driver: Completed executing command(queryId=alex_20240423205058_c4a257a5-7c02-47f1-9784-887bbaebde5f); Time taken: 0.038 seconds
2024-04-23T20:50:58,441  INFO [main] lockmgr.DbTxnManager: Stopped heartbeat for query: alex_20240423205058_c4a257a5-7c02-47f1-9784-887bbaebde5f
2024-04-23T20:50:58,445  INFO [main] txn.TxnHandler: Expected to move at least one record from txn_components to completed_txn_components when committing txn! txnid:14
2024-04-23T20:50:58,450  INFO [main] txn.TxnHandler: Removed transactions: ([14]) from MIN_HISTORY_LEVEL
2024-04-23T20:50:58,451  WARN [main] txn.CompactionTxnHandler: No compaction queue record found for Compaction type transaction commit. txnId:14
2024-04-23T20:50:58,452  INFO [main] ql.TxnCommandsBaseForTests: Running the query: insert into tmp  values(0,0,0),(3,3,3)
2024-04-23T20:50:58,452  INFO [main] ql.Driver: Compiling command(queryId=alex_20240423205058_9e1f0643-3344-42ed-9666-d939c0c57a57): insert into tmp  values(0,0,0),(3,3,3)
2024-04-23T20:50:58,455  INFO [main] txn.TxnHandler: Added entries to MIN_HISTORY_LEVEL for current txns: ([15]) with min_open_txn: 1
2024-04-23T20:50:58,455  INFO [main] lockmgr.DbTxnManager: Opened txnid:15
2024-04-23T20:50:58,456  INFO [main] parse.CalcitePlanner: Starting caching scope for: 
2024-04-23T20:50:58,456  INFO [main] parse.CalcitePlanner: Starting Semantic Analysis
2024-04-23T20:50:58,460  INFO [main] HiveMetaStore.audit: ugi=alex	ip=unknown-ip-addr	cmd=get_table : tbl=hive.default.tmp	
2024-04-23T20:50:58,498  INFO [main] metastore.HMSHandler: Skipping translation for processor with null
2024-04-23T20:50:58,498  INFO [main] parse.CalcitePlanner: Completed phase 1 of Semantic Analysis
2024-04-23T20:50:58,498  INFO [main] parse.CalcitePlanner: Get metadata for source tables
2024-04-23T20:50:58,498  INFO [main] parse.CalcitePlanner: Get metadata for subqueries
2024-04-23T20:50:58,498  INFO [main] parse.CalcitePlanner: Get metadata for destination tables
2024-04-23T20:50:58,498  INFO [main] HiveMetaStore.audit: ugi=alex	ip=unknown-ip-addr	cmd=get_table : tbl=hive.default.tmp	
2024-04-23T20:50:58,509  INFO [main] metastore.HMSHandler: Skipping translation for processor with null
2024-04-23T20:50:58,509  INFO [main] parse.CalcitePlanner: Completed getting MetaData in Semantic Analysis
2024-04-23T20:50:58,509  INFO [main] parse.CalcitePlanner: Disabling LLAP IO encode as ETL query is detected
2024-04-23T20:50:58,531  INFO [main] HiveMetaStore.audit: ugi=alex	ip=unknown-ip-addr	cmd=get_all_table_constraints : tbl=hive._dummy_database._dummy_table	
2024-04-23T20:50:58,623  INFO [main] parse.CalcitePlanner: Get metadata for source tables
2024-04-23T20:50:58,623  INFO [main] parse.CalcitePlanner: Get metadata for subqueries
2024-04-23T20:50:58,623  INFO [main] parse.CalcitePlanner: Get metadata for source tables
2024-04-23T20:50:58,625  INFO [main] HiveMetaStore.audit: ugi=alex	ip=unknown-ip-addr	cmd=get_table : tbl=hive._dummy_database._dummy_table	
2024-04-23T20:50:58,627  INFO [main] parse.CalcitePlanner: Get metadata for subqueries
2024-04-23T20:50:58,628  INFO [main] parse.CalcitePlanner: Get metadata for destination tables
2024-04-23T20:50:58,628  INFO [main] parse.CalcitePlanner: Get metadata for destination tables
2024-04-23T20:50:58,628  INFO [main] HiveMetaStore.audit: ugi=alex	ip=unknown-ip-addr	cmd=get_table : tbl=hive.default.tmp	
2024-04-23T20:50:58,639  INFO [main] metastore.HMSHandler: Skipping translation for processor with null
2024-04-23T20:50:58,642  INFO [main] common.FileUtils: Creating directory if it doesn't exist: file:/home/alex/Repositories/hive/ql/target/tmp/org.apache.hadoop.hive.ql.TestTxnNoBuckets-1713930630697/warehouse/tmp/.hive-staging_hive_2024-04-23_20-50-58_452_1945156769720649732-1
2024-04-23T20:50:58,645  INFO [main] HiveMetaStore.audit: ugi=alex	ip=unknown-ip-addr	cmd=get_not_null_constraints : tbl=hive.default.tmp	
2024-04-23T20:50:58,646  INFO [main] HiveMetaStore.audit: ugi=alex	ip=unknown-ip-addr	cmd=get_check_constraints : tbl=hive.default.tmp	
2024-04-23T20:50:58,648  INFO [main] parse.CalcitePlanner: CBO Succeeded; optimized logical plan.
2024-04-23T20:50:58,652  INFO [main] optimizer.BucketVersionPopulator: not considering bucketingVersion for: TS[0] because it has -1<2 buckets 
2024-04-23T20:50:58,653  INFO [main] optimizer.SortedDynPartitionOptimizer: Sorted dynamic partitioning optimization kicked in..
2024-04-23T20:50:58,654  INFO [main] optimizer.SortedDynPartitionOptimizer: Inserted RS_5 and SEL_6 as parent of FS_4 and child of SEL_3
2024-04-23T20:50:58,663  INFO [main] HiveMetaStore.audit: ugi=alex	ip=unknown-ip-addr	cmd=get_table : tbl=hive.default.tmp	
2024-04-23T20:50:58,674  INFO [main] metastore.HMSHandler: Skipping translation for processor with null
2024-04-23T20:50:58,675  INFO [main] physical.Vectorizer: Examining input format to see if vectorization is enabled.
2024-04-23T20:50:58,675  INFO [main] physical.Vectorizer: Map vectorization enabled: false
2024-04-23T20:50:58,675  INFO [main] physical.Vectorizer: Map vectorized: false
2024-04-23T20:50:58,675  INFO [main] physical.Vectorizer: Map vectorizedVertexNum: 0
2024-04-23T20:50:58,675  INFO [main] physical.Vectorizer: Map enabledConditionsMet: [hive.vectorized.use.vectorized.input.format IS true]
2024-04-23T20:50:58,675  INFO [main] physical.Vectorizer: Map enabledConditionsNotMet: [Could not enable vectorization due to partition column names size 1 is greater than the number of table column names size 0 IS false]
2024-04-23T20:50:58,675  INFO [main] physical.Vectorizer: Map inputFileFormatClassNameSet: [org.apache.hadoop.hive.ql.io.NullRowsInputFormat]
2024-04-23T20:50:58,675  INFO [main] physical.Vectorizer: Reduce vectorization enabled: false
2024-04-23T20:50:58,675  INFO [main] physical.Vectorizer: Reduce vectorized: false
2024-04-23T20:50:58,675  INFO [main] physical.Vectorizer: Reduce vectorizedVertexNum: 1
2024-04-23T20:50:58,675  INFO [main] physical.Vectorizer: Reducer hive.vectorized.execution.reduce.enabled: true
2024-04-23T20:50:58,676  INFO [main] physical.Vectorizer: Reducer engine: mr
2024-04-23T20:50:58,676  INFO [main] parse.CalcitePlanner: Completed plan generation
2024-04-23T20:50:58,676  INFO [main] parse.CalcitePlanner: Ending caching scope for: 
2024-04-23T20:50:58,676  INFO [main] ql.Driver: Semantic Analysis Completed (retrial = false)
2024-04-23T20:50:58,676  INFO [main] ql.Driver: Created Hive schema: Schema(fieldSchemas:[FieldSchema(name:col1, type:int, comment:null), FieldSchema(name:col2, type:int, comment:null), FieldSchema(name:col3, type:int, comment:null)], properties:null)
2024-04-23T20:50:58,676  INFO [main] metadata.Hive: Dumping metastore api call timing information for : compilation phase
2024-04-23T20:50:58,676  INFO [main] metadata.Hive: Total time spent in each metastore function (ms): {openTxn_(String, TxnType)=2, getValidTxns_(long)=0, commitTxn_(CommitTxnRequest)=10, getTable_(GetTableRequest)=71, flushCache_()=0, getMetaConf_(String)=0, getAllTableConstraints_(AllTableConstraintsRequest)=34, getNotNullConstraints_(NotNullConstraintsRequest)=1, isCompatibleWith_(Configuration)=1, getCheckConstraints_(CheckConstraintsRequest)=1, getValidWriteIds_(List, String)=4}
2024-04-23T20:50:58,676  INFO [main] ql.Driver: Completed compiling command(queryId=alex_20240423205058_9e1f0643-3344-42ed-9666-d939c0c57a57); Time taken: 0.224 seconds
2024-04-23T20:50:58,677  INFO [main] lockmgr.DbTxnManager: Setting lock request transaction to txnid:15 for queryId=alex_20240423205058_9e1f0643-3344-42ed-9666-d939c0c57a57
2024-04-23T20:50:58,677  INFO [main] lockmgr.DbLockManager: Requesting lock for queryId=alex_20240423205058_9e1f0643-3344-42ed-9666-d939c0c57a57
2024-04-23T20:50:58,693  INFO [main] lockmgr.DbLockManager: Response to queryId=alex_20240423205058_9e1f0643-3344-42ed-9666-d939c0c57a57 LockResponse(lockid:8, state:ACQUIRED)
2024-04-23T20:50:58,694  INFO [main] ql.Driver: Operation QUERY obtained 1 locks
2024-04-23T20:50:58,694  INFO [main] ql.Driver: Executing command(queryId=alex_20240423205058_9e1f0643-3344-42ed-9666-d939c0c57a57): insert into tmp  values(0,0,0),(3,3,3)
2024-04-23T20:50:58,694  WARN [main] ql.Driver: Hive-on-MR is deprecated in Hive 2 and may not be available in the future versions. Consider using a different execution engine (i.e. spark, tez) or using Hive 1.X releases.
Query ID = alex_20240423205058_9e1f0643-3344-42ed-9666-d939c0c57a57
2024-04-23T20:50:58,694  INFO [main] ql.Driver: Query ID = alex_20240423205058_9e1f0643-3344-42ed-9666-d939c0c57a57
Total jobs = 1
2024-04-23T20:50:58,694  INFO [main] ql.Driver: Total jobs = 1
Launching Job 1 out of 1
2024-04-23T20:50:58,694  INFO [main] ql.Driver: Launching Job 1 out of 1
2024-04-23T20:50:58,839  INFO [main] ql.Driver: Starting task [Stage-1:MAPRED] in serial mode
2024-04-23T20:50:58,839  INFO [main] exec.Utilities: Not using thread pool for getContentSummary
2024-04-23T20:50:58,840  INFO [main] exec.Utilities: BytesPerReducer=256000000 maxReducers=1009 totalInputFileSize=1
Number of reduce tasks not specified. Estimated from input data size: 1
2024-04-23T20:50:58,840  INFO [main] exec.Task: Number of reduce tasks not specified. Estimated from input data size: 1
In order to change the average load for a reducer (in bytes):
2024-04-23T20:50:58,840  INFO [main] exec.Task: In order to change the average load for a reducer (in bytes):
  set hive.exec.reducers.bytes.per.reducer=<number>
2024-04-23T20:50:58,840  INFO [main] exec.Task:   set hive.exec.reducers.bytes.per.reducer=<number>
In order to limit the maximum number of reducers:
2024-04-23T20:50:58,840  INFO [main] exec.Task: In order to limit the maximum number of reducers:
  set hive.exec.reducers.max=<number>
2024-04-23T20:50:58,840  INFO [main] exec.Task:   set hive.exec.reducers.max=<number>
In order to set a constant number of reducers:
2024-04-23T20:50:58,840  INFO [main] exec.Task: In order to set a constant number of reducers:
  set mapreduce.job.reduces=<number>
2024-04-23T20:50:58,840  INFO [main] exec.Task:   set mapreduce.job.reduces=<number>
2024-04-23T20:50:58,843  INFO [main] mr.ExecDriver: Using org.apache.hadoop.hive.ql.io.HiveInputFormat
2024-04-23T20:50:58,843  INFO [main] exec.Utilities: Processing alias $hdt$_0:_dummy_table
2024-04-23T20:50:58,843  INFO [main] exec.Utilities: Adding 1 inputs; the first input is file:/home/alex/Repositories/hive/ql/target/tmp/localscratchdir/35c1eaf2-85f7-4891-a074-7246c6e7652c/hive_2024-04-23_20-50-58_452_1945156769720649732-1/dummy_path
2024-04-23T20:50:58,853  INFO [main] exec.SerializationUtilities: Serializing MapWork using kryo
2024-04-23T20:50:58,854  INFO [main] exec.Utilities: Serialized plan (via FILE) - name: null size: 5,39KB
2024-04-23T20:50:58,859  INFO [main] exec.SerializationUtilities: Serializing ReduceWork using kryo
2024-04-23T20:50:58,860  INFO [main] exec.Utilities: Serialized plan (via FILE) - name: null size: 6,46KB
2024-04-23T20:50:58,862  WARN [main] impl.MetricsSystemImpl: JobTracker metrics system already initialized!
2024-04-23T20:50:58,866  INFO [main] fs.FSStatsPublisher: created : file:/home/alex/Repositories/hive/ql/target/tmp/localscratchdir/35c1eaf2-85f7-4891-a074-7246c6e7652c/hive_2024-04-23_20-50-58_452_1945156769720649732-1/-mr-10001
2024-04-23T20:50:58,871  WARN [main] impl.MetricsSystemImpl: JobTracker metrics system already initialized!
2024-04-23T20:50:58,879  WARN [main] mapreduce.JobResourceUploader: Hadoop command-line option parsing not performed. Implement the Tool interface and execute your application with ToolRunner to remedy this.
2024-04-23T20:50:58,884  WARN [main] mapreduce.JobResourceUploader: No job jar file set.  User classes may not be found. See Job or Job#setJar(String).
2024-04-23T20:50:58,886  INFO [main] io.HiveInputFormat: hive.io.file.readcolumn.ids = 
2024-04-23T20:50:58,886  INFO [main] io.HiveInputFormat: hive.io.file.readcolumn.names = 
2024-04-23T20:50:58,886  INFO [main] io.HiveInputFormat: Generating splits for dirs: file:/home/alex/Repositories/hive/ql/target/tmp/localscratchdir/35c1eaf2-85f7-4891-a074-7246c6e7652c/hive_2024-04-23_20-50-58_452_1945156769720649732-1/dummy_path
2024-04-23T20:50:58,886  INFO [main] io.HiveInputFormat: number of splits 1
2024-04-23T20:50:58,905  INFO [main] mapreduce.JobSubmitter: number of splits:1
2024-04-23T20:50:58,926  INFO [main] mapreduce.JobSubmitter: Submitting tokens for job: job_local1270806870_0008
2024-04-23T20:50:58,926  INFO [main] mapreduce.JobSubmitter: Executing with tokens: []
2024-04-23T20:50:58,992  INFO [main] mapreduce.Job: The url to track the job: http://localhost:8080/
Job running in-process (local Hadoop)
2024-04-23T20:50:58,993  INFO [main] exec.Task: Job running in-process (local Hadoop)
2024-04-23T20:50:58,993  INFO [Thread-491] mapred.LocalJobRunner: OutputCommitter set in config org.apache.hadoop.hive.ql.io.HiveFileFormatUtils$NullOutputCommitter
2024-04-23T20:50:58,993  INFO [Thread-491] mapred.LocalJobRunner: OutputCommitter is org.apache.hadoop.hive.ql.io.HiveFileFormatUtils$NullOutputCommitter
2024-04-23T20:50:58,995  INFO [Thread-491] mapred.LocalJobRunner: Waiting for map tasks
2024-04-23T20:50:58,995  INFO [LocalJobRunner Map Task Executor #0] mapred.LocalJobRunner: Starting task: attempt_local1270806870_0008_m_000000_0
2024-04-23T20:50:58,998  INFO [LocalJobRunner Map Task Executor #0] mapred.Task:  Using ResourceCalculatorProcessTree : [ ]
2024-04-23T20:50:58,999  INFO [LocalJobRunner Map Task Executor #0] mapred.MapTask: Processing split: org.apache.hadoop.hive.ql.io.NullRowsInputFormat:file:/home/alex/Repositories/hive/ql/target/tmp/localscratchdir/35c1eaf2-85f7-4891-a074-7246c6e7652c/hive_2024-04-23_20-50-58_452_1945156769720649732-1/dummy_path/null:0+1
2024-04-23T20:50:59,001  INFO [LocalJobRunner Map Task Executor #0] exec.SerializationUtilities: Deserializing MapWork using kryo
2024-04-23T20:50:59,002  INFO [LocalJobRunner Map Task Executor #0] exec.Utilities: Deserialized plan (via FILE) - name: null size: 5,39KB
2024-04-23T20:50:59,003  INFO [LocalJobRunner Map Task Executor #0] mapred.MapTask: numReduceTasks: 1
2024-04-23T20:50:59,007  INFO [LocalJobRunner Map Task Executor #0] mapred.MapTask: (EQUATOR) 0 kvi 26214396(104857584)
2024-04-23T20:50:59,007  INFO [LocalJobRunner Map Task Executor #0] mapred.MapTask: mapreduce.task.io.sort.mb: 100
2024-04-23T20:50:59,007  INFO [LocalJobRunner Map Task Executor #0] mapred.MapTask: soft limit at 83886080
2024-04-23T20:50:59,007  INFO [LocalJobRunner Map Task Executor #0] mapred.MapTask: bufstart = 0; bufvoid = 104857600
2024-04-23T20:50:59,007  INFO [LocalJobRunner Map Task Executor #0] mapred.MapTask: kvstart = 26214396; length = 6553600
2024-04-23T20:50:59,008  INFO [LocalJobRunner Map Task Executor #0] mapred.MapTask: Map output collector class = org.apache.hadoop.mapred.MapTask$MapOutputBuffer
2024-04-23T20:50:59,008  INFO [LocalJobRunner Map Task Executor #0] exec.MapOperator: Initializing Operator: MAP[0]
2024-04-23T20:50:59,009  INFO [LocalJobRunner Map Task Executor #0] mr.ExecMapper: 
<MAP>Id =0
  <Children>null
  <\Children>
  <Parent><\Parent>
<\MAP>
2024-04-23T20:50:59,010  INFO [LocalJobRunner Map Task Executor #0] exec.TableScanOperator: Initializing Operator: TS[0]
2024-04-23T20:50:59,010  INFO [LocalJobRunner Map Task Executor #0] exec.SelectOperator: Initializing Operator: SEL[1]
2024-04-23T20:50:59,010  INFO [LocalJobRunner Map Task Executor #0] exec.SelectOperator: SELECT null
2024-04-23T20:50:59,011  INFO [LocalJobRunner Map Task Executor #0] exec.UDTFOperator: Initializing Operator: UDTF[2]
2024-04-23T20:50:59,011  INFO [LocalJobRunner Map Task Executor #0] exec.SelectOperator: Initializing Operator: SEL[3]
2024-04-23T20:50:59,011  INFO [LocalJobRunner Map Task Executor #0] exec.SelectOperator: SELECT struct<col1:int,col2:int,col3:int>
2024-04-23T20:50:59,011  INFO [LocalJobRunner Map Task Executor #0] exec.ReduceSinkOperator: Initializing Operator: RS[5]
2024-04-23T20:50:59,011  INFO [LocalJobRunner Map Task Executor #0] exec.ReduceSinkOperator: Using tag = -1
2024-04-23T20:50:59,012  INFO [LocalJobRunner Map Task Executor #0] exec.ReduceSinkOperator: keys are [_col2] num distributions: 1
2024-04-23T20:50:59,012  INFO [LocalJobRunner Map Task Executor #0] exec.ReduceSinkOperator: RS[5]: records written - 1
2024-04-23T20:50:59,012  INFO [LocalJobRunner Map Task Executor #0] exec.MapOperator: MAP[0]: records read - 1
2024-04-23T20:50:59,012  INFO [LocalJobRunner Map Task Executor #0] exec.MapOperator: Closing Operator: MAP[0]
2024-04-23T20:50:59,012  INFO [LocalJobRunner Map Task Executor #0] exec.MapOperator: MAP[0]: Total records read - 3. abort - false
2024-04-23T20:50:59,012  INFO [LocalJobRunner Map Task Executor #0] exec.MapOperator: RECORDS_OUT_OPERATOR_MAP_0:0, DESERIALIZE_ERRORS:0, RECORDS_OUT_INTERMEDIATE:0, RECORDS_IN:3, 
2024-04-23T20:50:59,013  INFO [LocalJobRunner Map Task Executor #0] exec.TableScanOperator: Closing Operator: TS[0]
2024-04-23T20:50:59,013  INFO [LocalJobRunner Map Task Executor #0] exec.TableScanOperator: RECORDS_OUT_OPERATOR_TS_0:1, RECORDS_OUT_INTERMEDIATE:0, 
2024-04-23T20:50:59,013  INFO [LocalJobRunner Map Task Executor #0] exec.SelectOperator: Closing Operator: SEL[1]
2024-04-23T20:50:59,013  INFO [LocalJobRunner Map Task Executor #0] exec.SelectOperator: RECORDS_OUT_OPERATOR_SEL_1:1, RECORDS_OUT_INTERMEDIATE:0, 
2024-04-23T20:50:59,013  INFO [LocalJobRunner Map Task Executor #0] exec.UDTFOperator: Closing Operator: UDTF[2]
2024-04-23T20:50:59,013  INFO [LocalJobRunner Map Task Executor #0] exec.UDTFOperator: RECORDS_OUT_INTERMEDIATE:0, RECORDS_OUT_OPERATOR_UDTF_2:2, 
2024-04-23T20:50:59,013  INFO [LocalJobRunner Map Task Executor #0] exec.SelectOperator: Closing Operator: SEL[3]
2024-04-23T20:50:59,013  INFO [LocalJobRunner Map Task Executor #0] exec.SelectOperator: RECORDS_OUT_INTERMEDIATE:0, RECORDS_OUT_OPERATOR_SEL_3:2, 
2024-04-23T20:50:59,013  INFO [LocalJobRunner Map Task Executor #0] exec.ReduceSinkOperator: Closing Operator: RS[5]
2024-04-23T20:50:59,013  INFO [LocalJobRunner Map Task Executor #0] exec.ReduceSinkOperator: RS[5]: Total records written - 2. abort - false
2024-04-23T20:50:59,013  INFO [LocalJobRunner Map Task Executor #0] exec.ReduceSinkOperator: RECORDS_OUT_OPERATOR_RS_5:2, RECORDS_OUT_INTERMEDIATE:2, 
2024-04-23T20:50:59,016  INFO [LocalJobRunner Map Task Executor #0] mapred.LocalJobRunner: 
2024-04-23T20:50:59,016  INFO [LocalJobRunner Map Task Executor #0] mapred.MapTask: Starting flush of map output
2024-04-23T20:50:59,016  INFO [LocalJobRunner Map Task Executor #0] mapred.MapTask: Spilling map output
2024-04-23T20:50:59,016  INFO [LocalJobRunner Map Task Executor #0] mapred.MapTask: bufstart = 0; bufend = 34; bufvoid = 104857600
2024-04-23T20:50:59,016  INFO [LocalJobRunner Map Task Executor #0] mapred.MapTask: kvstart = 26214396(104857584); kvend = 26214392(104857568); length = 5/6553600
2024-04-23T20:50:59,027  INFO [LocalJobRunner Map Task Executor #0] mapred.MapTask: Finished spill 0
2024-04-23T20:50:59,032  INFO [LocalJobRunner Map Task Executor #0] mapred.Task: Task:attempt_local1270806870_0008_m_000000_0 is done. And is in the process of committing
2024-04-23T20:50:59,032  INFO [LocalJobRunner Map Task Executor #0] mapred.LocalJobRunner: map
2024-04-23T20:50:59,033  INFO [LocalJobRunner Map Task Executor #0] mapred.Task: Task 'attempt_local1270806870_0008_m_000000_0' done.
2024-04-23T20:50:59,033  INFO [LocalJobRunner Map Task Executor #0] mapred.Task: Final Counters for attempt_local1270806870_0008_m_000000_0: Counters: 26
	File System Counters
		FILE: Number of bytes read=134679
		FILE: Number of bytes written=9605278
		FILE: Number of read operations=0
		FILE: Number of large read operations=0
		FILE: Number of write operations=0
	Map-Reduce Framework
		Map input records=4
		Map output records=2
		Map output bytes=34
		Map output materialized bytes=44
		Input split bytes=361
		Combine input records=0
		Spilled Records=2
		Failed Shuffles=0
		Merged Map outputs=0
		GC time elapsed (ms)=0
		Total committed heap usage (bytes)=1099431936
	HIVE
		DESERIALIZE_ERRORS=0
		RECORDS_IN=3
		RECORDS_OUT_INTERMEDIATE=2
		RECORDS_OUT_OPERATOR_MAP_0=0
		RECORDS_OUT_OPERATOR_RS_5=2
		RECORDS_OUT_OPERATOR_SEL_1=1
		RECORDS_OUT_OPERATOR_SEL_3=2
		RECORDS_OUT_OPERATOR_TS_0=1
		RECORDS_OUT_OPERATOR_UDTF_2=2
	File Input Format Counters 
		Bytes Read=5446
2024-04-23T20:50:59,033  INFO [LocalJobRunner Map Task Executor #0] mapred.LocalJobRunner: Finishing task: attempt_local1270806870_0008_m_000000_0
2024-04-23T20:50:59,033  INFO [Thread-491] mapred.LocalJobRunner: map task executor complete.
2024-04-23T20:50:59,034  INFO [Thread-491] mapred.LocalJobRunner: Waiting for reduce tasks
2024-04-23T20:50:59,034  INFO [pool-33-thread-1] mapred.LocalJobRunner: Starting task: attempt_local1270806870_0008_r_000000_0
2024-04-23T20:50:59,037  INFO [pool-33-thread-1] mapred.Task:  Using ResourceCalculatorProcessTree : [ ]
2024-04-23T20:50:59,037  INFO [pool-33-thread-1] mapred.ReduceTask: Using ShuffleConsumerPlugin: org.apache.hadoop.mapreduce.task.reduce.Shuffle@3a8ce8de
2024-04-23T20:50:59,037  WARN [pool-33-thread-1] impl.MetricsSystemImpl: JobTracker metrics system already initialized!
2024-04-23T20:50:59,038  INFO [pool-33-thread-1] reduce.MergeManagerImpl: MergerManager: memoryLimit=1336252800, maxSingleShuffleLimit=334063200, mergeThreshold=881926912, ioSortFactor=10, memToMemMergeOutputsThreshold=10
2024-04-23T20:50:59,038  INFO [EventFetcher for fetching Map Completion Events] reduce.EventFetcher: attempt_local1270806870_0008_r_000000_0 Thread started: EventFetcher for fetching Map Completion Events
2024-04-23T20:50:59,041  INFO [localfetcher#5] reduce.LocalFetcher: localfetcher#5 about to shuffle output of map attempt_local1270806870_0008_m_000000_0 decomp: 40 len: 44 to MEMORY
2024-04-23T20:50:59,041  INFO [localfetcher#5] reduce.InMemoryMapOutput: Read 40 bytes from map-output for attempt_local1270806870_0008_m_000000_0
2024-04-23T20:50:59,041  INFO [localfetcher#5] reduce.MergeManagerImpl: closeInMemoryFile -> map-output of size: 40, inMemoryMapOutputs.size() -> 1, commitMemory -> 0, usedMemory ->40
2024-04-23T20:50:59,042  INFO [EventFetcher for fetching Map Completion Events] reduce.EventFetcher: EventFetcher is interrupted.. Returning
2024-04-23T20:50:59,042  INFO [pool-33-thread-1] mapred.LocalJobRunner: 1 / 1 copied.
2024-04-23T20:50:59,042  INFO [pool-33-thread-1] reduce.MergeManagerImpl: finalMerge called with 1 in-memory map-outputs and 0 on-disk map-outputs
2024-04-23T20:50:59,048  INFO [pool-33-thread-1] mapred.Merger: Merging 1 sorted segments
2024-04-23T20:50:59,048  INFO [pool-33-thread-1] mapred.Merger: Down to the last merge-pass, with 1 segments left of total size: 28 bytes
2024-04-23T20:50:59,051  INFO [pool-33-thread-1] reduce.MergeManagerImpl: Merged 1 segments, 40 bytes to disk to satisfy reduce memory limit
2024-04-23T20:50:59,051  INFO [pool-33-thread-1] reduce.MergeManagerImpl: Merging 1 files, 44 bytes from disk
2024-04-23T20:50:59,051  INFO [pool-33-thread-1] reduce.MergeManagerImpl: Merging 0 segments, 0 bytes from memory into reduce
2024-04-23T20:50:59,051  INFO [pool-33-thread-1] mapred.Merger: Merging 1 sorted segments
2024-04-23T20:50:59,051  INFO [pool-33-thread-1] mapred.Merger: Down to the last merge-pass, with 1 segments left of total size: 28 bytes
2024-04-23T20:50:59,051  INFO [pool-33-thread-1] mapred.LocalJobRunner: 1 / 1 copied.
2024-04-23T20:50:59,052  INFO [pool-33-thread-1] exec.SerializationUtilities: Deserializing ReduceWork using kryo
2024-04-23T20:50:59,053  INFO [pool-33-thread-1] exec.Utilities: Deserialized plan (via FILE) - name: null size: 6,46KB
2024-04-23T20:50:59,054  INFO [pool-33-thread-1] ExecReducer: 
<SEL>Id =6
  <Children>
    <FS>Id =4
      <Children>
      <\Children>
      <Parent>Id = 6 null<\Parent>
    <\FS>
  <\Children>
  <Parent><\Parent>
<\SEL>
2024-04-23T20:50:59,054  INFO [pool-33-thread-1] exec.SelectOperator: Initializing Operator: SEL[6]
2024-04-23T20:50:59,054  INFO [pool-33-thread-1] exec.SelectOperator: SELECT struct<key:struct<_col2:int>,value:struct<_col0:int,_col1:int>>
2024-04-23T20:50:59,054  INFO [pool-33-thread-1] exec.FileSinkOperator: Initializing Operator: FS[4]
2024-04-23T20:50:59,054  INFO [pool-33-thread-1] exec.FileSinkOperator: Using serializer : AbstractSerDe [log=org.apache.logging.slf4j.Log4jLogger@4aa280a, configuration=Optional[Configuration: core-default.xml, core-site.xml, mapred-default.xml, mapred-site.xml, yarn-default.xml, yarn-site.xml, hdfs-default.xml, hdfs-site.xml, file:/home/alex/Repositories/hive/ql/target/tmp/TestTxnNoBucketsVectorized/mapred/local/localRunner/alex/job_local1270806870_0008/job_local1270806870_0008.xml], properties={name=default.tmp, columns.types=int:int, serialization.format=1, columns=c1,c2, columns.comments=&amp#0;, partition_columns.types=int, partition_columns=c3, bucketing_version=2, serialization.lib=org.apache.hadoop.hive.ql.io.orc.OrcSerde, file.inputformat=org.apache.hadoop.hive.ql.io.orc.OrcInputFormat, file.outputformat=org.apache.hadoop.hive.ql.io.orc.OrcOutputFormat, location=file:/home/alex/Repositories/hive/ql/target/tmp/org.apache.hadoop.hive.ql.TestTxnNoBuckets-1713930630697/warehouse/tmp, column.name.delimiter=,}, tableProperties={name=default.tmp, columns.types=int:int, serialization.format=1, columns=c1,c2, columns.comments=&amp#0;, partition_columns.types=int, partition_columns=c3, bucketing_version=2, serialization.lib=org.apache.hadoop.hive.ql.io.orc.OrcSerde, file.inputformat=org.apache.hadoop.hive.ql.io.orc.OrcInputFormat, location=file:/home/alex/Repositories/hive/ql/target/tmp/org.apache.hadoop.hive.ql.TestTxnNoBuckets-1713930630697/warehouse/tmp, file.outputformat=org.apache.hadoop.hive.ql.io.orc.OrcOutputFormat, column.name.delimiter=,}, partitionProperties=Optional.empty, columnNames=[c1, c2], columnTypes=[int, int], getClass()=class org.apache.hadoop.hive.ql.io.orc.OrcSerde] and formatter : org.apache.hadoop.hive.ql.io.orc.OrcOutputFormat@7304b756
2024-04-23T20:50:59,056  INFO [pool-33-thread-1] exec.FileSinkOperator: Final Path: FS file:/home/alex/Repositories/hive/ql/target/tmp/org.apache.hadoop.hive.ql.TestTxnNoBuckets-1713930630697/warehouse/tmp/.hive-staging_hive_2024-04-23_20-50-58_452_1945156769720649732-1/_tmp.-ext-10000/c3=0/000000_0
2024-04-23T20:50:59,056  INFO [pool-33-thread-1] exec.FileSinkOperator: Writing to temp file: FS file:/home/alex/Repositories/hive/ql/target/tmp/org.apache.hadoop.hive.ql.TestTxnNoBuckets-1713930630697/warehouse/tmp/.hive-staging_hive_2024-04-23_20-50-58_452_1945156769720649732-1/_task_tmp.-ext-10000/c3=0/_tmp.000000_0
2024-04-23T20:50:59,056  INFO [pool-33-thread-1] exec.FileSinkOperator: New Final Path: FS file:/home/alex/Repositories/hive/ql/target/tmp/org.apache.hadoop.hive.ql.TestTxnNoBuckets-1713930630697/warehouse/tmp/.hive-staging_hive_2024-04-23_20-50-58_452_1945156769720649732-1/_tmp.-ext-10000/c3=0/000000_0
2024-04-23T20:50:59,060  INFO [pool-33-thread-1] exec.FileSinkOperator: FS[4]: records written - 1
2024-04-23T20:50:59,061  INFO [pool-33-thread-1] impl.PhysicalFsWriter: ORC writer created for path: file:/home/alex/Repositories/hive/ql/target/tmp/org.apache.hadoop.hive.ql.TestTxnNoBuckets-1713930630697/warehouse/tmp/.hive-staging_hive_2024-04-23_20-50-58_452_1945156769720649732-1/_task_tmp.-ext-10000/c3=0/_tmp.000000_0 with stripeSize: 67108864 blockSize: 268435456 compression: Compress: ZLIB buffer: 262144
2024-04-23T20:50:59,065  INFO [pool-33-thread-1] impl.WriterImpl: ORC writer created for path: file:/home/alex/Repositories/hive/ql/target/tmp/org.apache.hadoop.hive.ql.TestTxnNoBuckets-1713930630697/warehouse/tmp/.hive-staging_hive_2024-04-23_20-50-58_452_1945156769720649732-1/_task_tmp.-ext-10000/c3=0/_tmp.000000_0 with stripeSize: 67108864 options: Compress: ZLIB buffer: 262144
2024-04-23T20:50:59,067  INFO [pool-33-thread-1] exec.FileSinkOperator: Final Path: FS file:/home/alex/Repositories/hive/ql/target/tmp/org.apache.hadoop.hive.ql.TestTxnNoBuckets-1713930630697/warehouse/tmp/.hive-staging_hive_2024-04-23_20-50-58_452_1945156769720649732-1/_tmp.-ext-10000/c3=3/000000_0
2024-04-23T20:50:59,067  INFO [pool-33-thread-1] exec.FileSinkOperator: Writing to temp file: FS file:/home/alex/Repositories/hive/ql/target/tmp/org.apache.hadoop.hive.ql.TestTxnNoBuckets-1713930630697/warehouse/tmp/.hive-staging_hive_2024-04-23_20-50-58_452_1945156769720649732-1/_task_tmp.-ext-10000/c3=3/_tmp.000000_0
2024-04-23T20:50:59,067  INFO [pool-33-thread-1] exec.FileSinkOperator: New Final Path: FS file:/home/alex/Repositories/hive/ql/target/tmp/org.apache.hadoop.hive.ql.TestTxnNoBuckets-1713930630697/warehouse/tmp/.hive-staging_hive_2024-04-23_20-50-58_452_1945156769720649732-1/_tmp.-ext-10000/c3=3/000000_0
2024-04-23T20:50:59,070  INFO [pool-33-thread-1] impl.PhysicalFsWriter: ORC writer created for path: file:/home/alex/Repositories/hive/ql/target/tmp/org.apache.hadoop.hive.ql.TestTxnNoBuckets-1713930630697/warehouse/tmp/.hive-staging_hive_2024-04-23_20-50-58_452_1945156769720649732-1/_task_tmp.-ext-10000/c3=3/_tmp.000000_0 with stripeSize: 67108864 blockSize: 268435456 compression: Compress: ZLIB buffer: 262144
2024-04-23T20:50:59,075  INFO [pool-33-thread-1] impl.WriterImpl: ORC writer created for path: file:/home/alex/Repositories/hive/ql/target/tmp/org.apache.hadoop.hive.ql.TestTxnNoBuckets-1713930630697/warehouse/tmp/.hive-staging_hive_2024-04-23_20-50-58_452_1945156769720649732-1/_task_tmp.-ext-10000/c3=3/_tmp.000000_0 with stripeSize: 67108864 options: Compress: ZLIB buffer: 262144
2024-04-23T20:50:59,075  INFO [pool-33-thread-1] exec.SelectOperator: Closing Operator: SEL[6]
2024-04-23T20:50:59,075  INFO [pool-33-thread-1] exec.SelectOperator: RECORDS_OUT_INTERMEDIATE:0, RECORDS_OUT_OPERATOR_SEL_6:2, 
2024-04-23T20:50:59,075  INFO [pool-33-thread-1] exec.FileSinkOperator: Closing Operator: FS[4]
2024-04-23T20:50:59,075  INFO [pool-33-thread-1] exec.FileSinkOperator: FS[4]: records written - 2
2024-04-23T20:50:59,075  INFO [pool-33-thread-1] common.FileUtils: Creating directory if it doesn't exist: file:/home/alex/Repositories/hive/ql/target/tmp/org.apache.hadoop.hive.ql.TestTxnNoBuckets-1713930630697/warehouse/tmp/.hive-staging_hive_2024-04-23_20-50-58_452_1945156769720649732-1/_tmp.-ext-10000/c3=0
2024-04-23T20:50:59,079  INFO [pool-33-thread-1] common.FileUtils: Creating directory if it doesn't exist: file:/home/alex/Repositories/hive/ql/target/tmp/org.apache.hadoop.hive.ql.TestTxnNoBuckets-1713930630697/warehouse/tmp/.hive-staging_hive_2024-04-23_20-50-58_452_1945156769720649732-1/_tmp.-ext-10000/c3=3
2024-04-23T20:50:59,087  INFO [pool-33-thread-1] exec.FileSinkOperator: RECORDS_OUT_1_default.tmp:2, TOTAL_TABLE_ROWS_WRITTEN:2, RECORDS_OUT_INTERMEDIATE:0, RECORDS_OUT_OPERATOR_FS_4:2, 
2024-04-23T20:50:59,087  INFO [pool-33-thread-1] mapred.Task: Task:attempt_local1270806870_0008_r_000000_0 is done. And is in the process of committing
2024-04-23T20:50:59,088  INFO [pool-33-thread-1] mapred.LocalJobRunner: reduce > reduce
2024-04-23T20:50:59,088  INFO [pool-33-thread-1] mapred.Task: Task 'attempt_local1270806870_0008_r_000000_0' done.
2024-04-23T20:50:59,088  INFO [pool-33-thread-1] mapred.Task: Final Counters for attempt_local1270806870_0008_r_000000_0: Counters: 31
	File System Counters
		FILE: Number of bytes read=141322
		FILE: Number of bytes written=9605949
		FILE: Number of read operations=0
		FILE: Number of large read operations=0
		FILE: Number of write operations=0
	Map-Reduce Framework
		Combine input records=0
		Combine output records=0
		Reduce input groups=2
		Reduce shuffle bytes=44
		Reduce input records=2
		Reduce output records=0
		Spilled Records=2
		Shuffled Maps =1
		Failed Shuffles=0
		Merged Map outputs=1
		GC time elapsed (ms)=0
		Total committed heap usage (bytes)=1099431936
	HIVE
		CREATED_DYNAMIC_PARTITIONS=2
		CREATED_FILES=2
		RECORDS_OUT_1_default.tmp=2
		RECORDS_OUT_INTERMEDIATE=0
		RECORDS_OUT_OPERATOR_FS_4=2
		RECORDS_OUT_OPERATOR_SEL_6=2
		TOTAL_TABLE_ROWS_WRITTEN=2
	Shuffle Errors
		BAD_ID=0
		CONNECTION=0
		IO_ERROR=0
		WRONG_LENGTH=0
		WRONG_MAP=0
		WRONG_REDUCE=0
	File Output Format Counters 
		Bytes Written=0
2024-04-23T20:50:59,088  INFO [pool-33-thread-1] mapred.LocalJobRunner: Finishing task: attempt_local1270806870_0008_r_000000_0
2024-04-23T20:50:59,088  INFO [Thread-491] mapred.LocalJobRunner: reduce task executor complete.
2024-04-23 20:50:59,998 Stage-1 map = 100%,  reduce = 100%
2024-04-23T20:50:59,998  INFO [main] exec.Task: 2024-04-23 20:50:59,998 Stage-1 map = 100%,  reduce = 100%
Ended Job = job_local1270806870_0008
2024-04-23T20:51:00,000  INFO [main] exec.Task: Ended Job = job_local1270806870_0008
2024-04-23T20:51:00,008  INFO [main] ql.Driver: Starting task [Stage-0:MOVE] in serial mode
Loading data to table default.tmp partition (c3=null)
2024-04-23T20:51:00,009  INFO [main] exec.Task: Loading data to table default.tmp partition (c3=null) from file:/home/alex/Repositories/hive/ql/target/tmp/org.apache.hadoop.hive.ql.TestTxnNoBuckets-1713930630697/warehouse/tmp/.hive-staging_hive_2024-04-23_20-50-58_452_1945156769720649732-1/-ext-10000
2024-04-23T20:51:00,009  INFO [main] HiveMetaStore.audit: ugi=alex	ip=unknown-ip-addr	cmd=get_table : tbl=hive.default.tmp	
2024-04-23T20:51:00,042  INFO [main] metastore.HMSHandler: Skipping translation for processor with null
2024-04-23T20:51:00,042  INFO [main] exec.MoveTask: Partition is: {c3=null}


2024-04-23T20:51:00,045  INFO [main] exec.Task: 

2024-04-23T20:51:00,045  INFO [main] HiveMetaStore.audit: ugi=alex	ip=unknown-ip-addr	cmd=get_table : tbl=hive.default.tmp	
2024-04-23T20:51:00,057  INFO [main] metastore.HMSHandler: Skipping translation for processor with null
2024-04-23T20:51:00,059  INFO [main] HiveMetaStore.audit: ugi=alex	ip=unknown-ip-addr	cmd=get_table : tbl=hive.default.tmp	
2024-04-23T20:51:00,074  INFO [main] metastore.HMSHandler: Skipping translation for processor with null
2024-04-23T20:51:00,074  INFO [main] HiveMetaStore.audit: ugi=alex	ip=unknown-ip-addr	cmd=get_table : tbl=hive.default.tmp	
2024-04-23T20:51:00,085  INFO [main] metastore.HMSHandler: Skipping translation for processor with null
2024-04-23T20:51:00,085  INFO [main] HiveMetaStore.audit: ugi=alex	ip=unknown-ip-addr	cmd=get_partitions_names_ps : tbl=hive.default.tmp[]	
2024-04-23T20:51:00,112  INFO [load-dynamic-partitionsToAdd-0] metadata.Hive: New loading path = file:/home/alex/Repositories/hive/ql/target/tmp/org.apache.hadoop.hive.ql.TestTxnNoBuckets-1713930630697/warehouse/tmp/.hive-staging_hive_2024-04-23_20-50-58_452_1945156769720649732-1/-ext-10000/c3=3 withPartSpec {c3=3}
2024-04-23T20:51:00,112  INFO [load-dynamic-partitionsToAdd-1] metadata.Hive: New loading path = file:/home/alex/Repositories/hive/ql/target/tmp/org.apache.hadoop.hive.ql.TestTxnNoBuckets-1713930630697/warehouse/tmp/.hive-staging_hive_2024-04-23_20-50-58_452_1945156769720649732-1/-ext-10000/c3=0 withPartSpec {c3=0}
2024-04-23T20:51:00,113  INFO [load-dynamic-partitionsToAdd-1] metastore.HiveMetaStoreClient: HMS client filtering is enabled.
2024-04-23T20:51:00,115  INFO [load-dynamic-partitionsToAdd-1] metastore.HMSHandler: 1: Opening raw store with implementation class:org.apache.hadoop.hive.metastore.ObjectStore
2024-04-23T20:51:00,115  INFO [load-dynamic-partitionsToAdd-1] metastore.PersistenceManagerProvider: Configuration datanucleus.autoStartMechanismMode is not set. Defaulting to 'ignored'
2024-04-23T20:51:00,115  INFO [load-dynamic-partitionsToAdd-1] metastore.ObjectStore: RawStore: org.apache.hadoop.hive.metastore.ObjectStore@414b0bc3, with PersistenceManager: null will be shutdown
2024-04-23T20:51:00,116  INFO [load-dynamic-partitionsToAdd-1] metastore.ObjectStore: RawStore: org.apache.hadoop.hive.metastore.ObjectStore@414b0bc3, with PersistenceManager: org.datanucleus.api.jdo.JDOPersistenceManager@35873f43 created in the thread with id: 598
2024-04-23T20:51:00,145  INFO [load-dynamic-partitionsToAdd-1] metastore.HMSHandler: Created RawStore: org.apache.hadoop.hive.metastore.ObjectStore@414b0bc3 from thread id: 598
2024-04-23T20:51:00,146  INFO [load-dynamic-partitionsToAdd-1] metastore.HMSHandler: HMS server filtering is disabled by configuration
2024-04-23T20:51:00,146  INFO [load-dynamic-partitionsToAdd-1] metastore.RetryingMetaStoreClient: RetryingMetaStoreClient proxy=class org.apache.hadoop.hive.ql.metadata.SessionHiveMetaStoreClient ugi=alex (auth:SIMPLE) retries=1 delay=1 lifetime=0
2024-04-23T20:51:00,148  INFO [load-dynamic-partitionsToAdd-1] HiveMetaStore.audit: ugi=alex	ip=unknown-ip-addr	cmd=get_all_functions	
2024-04-23T20:51:00,190  INFO [load-dynamic-partitionsToAdd-1] HiveMetaStore.audit: ugi=alex	ip=unknown-ip-addr	cmd=get_database: default	
2024-04-23T20:51:00,191  INFO [load-dynamic-partitionsToAdd-0] metastore.HiveMetaStoreClient: HMS client filtering is enabled.
2024-04-23T20:51:00,193  INFO [load-dynamic-partitionsToAdd-0] metastore.HMSHandler: 2: Opening raw store with implementation class:org.apache.hadoop.hive.metastore.ObjectStore
2024-04-23T20:51:00,193  INFO [load-dynamic-partitionsToAdd-0] metastore.PersistenceManagerProvider: Configuration datanucleus.autoStartMechanismMode is not set. Defaulting to 'ignored'
2024-04-23T20:51:00,193  INFO [load-dynamic-partitionsToAdd-1] common.FileUtils: Creating directory if it doesn't exist: file:/home/alex/Repositories/hive/ql/target/tmp/org.apache.hadoop.hive.ql.TestTxnNoBuckets-1713930630697/warehouse/tmp/c3=0
2024-04-23T20:51:00,194  INFO [load-dynamic-partitionsToAdd-0] metastore.ObjectStore: RawStore: org.apache.hadoop.hive.metastore.ObjectStore@68183fa4, with PersistenceManager: null will be shutdown
2024-04-23T20:51:00,194  INFO [load-dynamic-partitionsToAdd-0] metastore.ObjectStore: RawStore: org.apache.hadoop.hive.metastore.ObjectStore@68183fa4, with PersistenceManager: org.datanucleus.api.jdo.JDOPersistenceManager@1cfd6479 created in the thread with id: 597
2024-04-23T20:51:00,199  INFO [load-dynamic-partitionsToAdd-0] metastore.HMSHandler: Created RawStore: org.apache.hadoop.hive.metastore.ObjectStore@68183fa4 from thread id: 597
2024-04-23T20:51:00,199  INFO [load-dynamic-partitionsToAdd-0] metastore.HMSHandler: HMS server filtering is disabled by configuration
2024-04-23T20:51:00,200  INFO [load-dynamic-partitionsToAdd-0] metastore.RetryingMetaStoreClient: RetryingMetaStoreClient proxy=class org.apache.hadoop.hive.ql.metadata.SessionHiveMetaStoreClient ugi=alex (auth:SIMPLE) retries=1 delay=1 lifetime=0
2024-04-23T20:51:00,200  INFO [load-dynamic-partitionsToAdd-0] HiveMetaStore.audit: ugi=alex	ip=unknown-ip-addr	cmd=get_database: default	
2024-04-23T20:51:00,202  INFO [load-dynamic-partitionsToAdd-1] HiveMetaStore.audit: ugi=alex	ip=unknown-ip-addr	cmd=Cleaning up thread local RawStore...	
2024-04-23T20:51:00,202  INFO [load-dynamic-partitionsToAdd-1] metastore.ObjectStore: RawStore: org.apache.hadoop.hive.metastore.ObjectStore@414b0bc3, with PersistenceManager: org.datanucleus.api.jdo.JDOPersistenceManager@35873f43 will be shutdown
2024-04-23T20:51:00,202  INFO [load-dynamic-partitionsToAdd-1] HiveMetaStore.audit: ugi=alex	ip=unknown-ip-addr	cmd=Done cleaning up thread local RawStore	
2024-04-23T20:51:00,202  INFO [load-dynamic-partitionsToAdd-0] common.FileUtils: Creating directory if it doesn't exist: file:/home/alex/Repositories/hive/ql/target/tmp/org.apache.hadoop.hive.ql.TestTxnNoBuckets-1713930630697/warehouse/tmp/c3=3
2024-04-23T20:51:00,202  INFO [load-dynamic-partitionsToAdd-1] metastore.HiveMetaStoreClient: Closed a connection to metastore, current connections: -1
2024-04-23T20:51:00,205  INFO [load-dynamic-partitionsToAdd-0] HiveMetaStore.audit: ugi=alex	ip=unknown-ip-addr	cmd=Cleaning up thread local RawStore...	
2024-04-23T20:51:00,205  INFO [load-dynamic-partitionsToAdd-0] metastore.ObjectStore: RawStore: org.apache.hadoop.hive.metastore.ObjectStore@68183fa4, with PersistenceManager: org.datanucleus.api.jdo.JDOPersistenceManager@1cfd6479 will be shutdown
2024-04-23T20:51:00,206  INFO [load-dynamic-partitionsToAdd-0] HiveMetaStore.audit: ugi=alex	ip=unknown-ip-addr	cmd=Done cleaning up thread local RawStore	
2024-04-23T20:51:00,206  INFO [load-dynamic-partitionsToAdd-0] metastore.HiveMetaStoreClient: Closed a connection to metastore, current connections: -2
2024-04-23T20:51:00,206  INFO [main] metadata.Hive: Number of partitionsToAdd to be added is 2
2024-04-23T20:51:00,209  INFO [main] HiveMetaStore.audit: ugi=alex	ip=unknown-ip-addr	cmd=add_partitions	
2024-04-23T20:51:00,272  INFO [main] metadata.Hive: Loaded 2partitionsToAdd
	 Time taken to load dynamic partitions: 0.227 seconds
2024-04-23T20:51:00,272  INFO [main] exec.Task: 	 Time taken to load dynamic partitions: 0.227 seconds
2024-04-23T20:51:00,272  INFO [main] exec.MoveTask: 	 Time taken to load dynamic partitions: 0.227 seconds
2024-04-23T20:51:00,272  INFO [main] exec.MoveTask: Loading partition {c3=3}
2024-04-23T20:51:00,273  INFO [main] exec.MoveTask: Loading partition {c3=0}
	 Time taken for adding to write entity : 0.001 seconds
2024-04-23T20:51:00,273  INFO [main] exec.Task: 	 Time taken for adding to write entity : 0.001 seconds
2024-04-23T20:51:00,273  INFO [main] ql.Driver: Starting task [Stage-2:STATS] in serial mode
2024-04-23T20:51:00,273  INFO [main] HiveMetaStore.audit: ugi=alex	ip=unknown-ip-addr	cmd=get_table : tbl=hive.default.tmp	
2024-04-23T20:51:00,289  INFO [main] metastore.HMSHandler: Skipping translation for processor with null
2024-04-23T20:51:00,289  INFO [main] stats.BasicStatsTask: Executing stats task
2024-04-23T20:51:00,290  INFO [main] fs.FSStatsPublisher: created : file:/home/alex/Repositories/hive/ql/target/tmp/localscratchdir/35c1eaf2-85f7-4891-a074-7246c6e7652c/hive_2024-04-23_20-50-58_452_1945156769720649732-1/-mr-10001
2024-04-23T20:51:00,291  INFO [main] HiveMetaStore.audit: ugi=alex	ip=unknown-ip-addr	cmd=get_table : tbl=hive.default.tmp	
2024-04-23T20:51:00,307  INFO [main] metastore.HMSHandler: Skipping translation for processor with null
2024-04-23T20:51:00,309  INFO [main] FileOperations: Read stats for default.tmp/c3=3/, numRows, true, 1, false: 
2024-04-23T20:51:00,310  INFO [main] FileOperations: Read stats for default.tmp/c3=3/, rawDataSize, true, 8, false: 
2024-04-23T20:51:00,310  INFO [main] stats.BasicStatsTask: Partition {c3=3} stats: [numFiles=1, numRows=1, totalSize=242, rawDataSize=8, numFilesErasureCoded=0]
2024-04-23T20:51:00,310  INFO [main] FileOperations: Read stats for default.tmp/c3=0/, numRows, true, 1, false: 
2024-04-23T20:51:00,310  INFO [main] FileOperations: Read stats for default.tmp/c3=0/, rawDataSize, true, 8, false: 
2024-04-23T20:51:00,310  INFO [main] stats.BasicStatsTask: Partition {c3=0} stats: [numFiles=1, numRows=1, totalSize=242, rawDataSize=8, numFilesErasureCoded=0]
2024-04-23T20:51:00,310  INFO [main] HiveMetaStore.audit: ugi=alex	ip=unknown-ip-addr	cmd=alter_partitions : tbl=hive.default.tmp	
2024-04-23T20:51:00,311  INFO [main] metastore.HMSHandler: New partition values:[3]
2024-04-23T20:51:00,311  INFO [main] metastore.HMSHandler: New partition values:[0]
2024-04-23T20:51:00,425  INFO [main] metadata.Hive: Dumping metastore api call timing information for : execution phase
2024-04-23T20:51:00,426  INFO [main] metadata.Hive: Total time spent in each metastore function (ms): {isCompatibleWith_(Configuration)=0, alter_partitions_(String, String, List, EnvironmentContext, String, long)=115, add_partitions_(List)=62, listPartitionNamesRequest_(GetPartitionNamesPsRequest)=36, getTable_(GetTableRequest)=93}
MapReduce Jobs Launched: 
2024-04-23T20:51:00,426  INFO [main] ql.Driver: MapReduce Jobs Launched: 
Stage-Stage-1:  HDFS Read: 0 HDFS Write: 0 SUCCESS
2024-04-23T20:51:00,426  INFO [main] ql.Driver: Stage-Stage-1:  HDFS Read: 0 HDFS Write: 0 SUCCESS
Total MapReduce CPU Time Spent: 0 msec
2024-04-23T20:51:00,426  INFO [main] ql.Driver: Total MapReduce CPU Time Spent: 0 msec
2024-04-23T20:51:00,426  INFO [main] ql.Driver: Completed executing command(queryId=alex_20240423205058_9e1f0643-3344-42ed-9666-d939c0c57a57); Time taken: 1.731 seconds
2024-04-23T20:51:00,426  INFO [main] lockmgr.DbTxnManager: Stopped heartbeat for query: alex_20240423205058_9e1f0643-3344-42ed-9666-d939c0c57a57
2024-04-23T20:51:00,431  INFO [main] txn.TxnHandler: Expected to move at least one record from txn_components to completed_txn_components when committing txn! txnid:15
2024-04-23T20:51:00,437  INFO [main] txn.TxnHandler: Removed transactions: ([15]) from MIN_HISTORY_LEVEL
2024-04-23T20:51:00,439  WARN [main] txn.CompactionTxnHandler: No compaction queue record found for Compaction type transaction commit. txnId:15
2024-04-23T20:51:00,440  INFO [main] ql.TxnCommandsBaseForTests: Running the query: insert into tmp  values(1,1,1),(2,2,2)
2024-04-23T20:51:00,440  INFO [main] ql.Context: Deleting scratch dir: file:/home/alex/Repositories/hive/ql/target/tmp/localscratchdir/35c1eaf2-85f7-4891-a074-7246c6e7652c/hive_2024-04-23_20-50-58_452_1945156769720649732-1
2024-04-23T20:51:00,441  INFO [main] cleanup.SyncCleanupService: Deleted directory: file:/home/alex/Repositories/hive/ql/target/tmp/localscratchdir/35c1eaf2-85f7-4891-a074-7246c6e7652c/hive_2024-04-23_20-50-58_452_1945156769720649732-1 on fs with scheme file
2024-04-23T20:51:00,441  INFO [main] ql.Context: Deleting scratch dir: file:/home/alex/Repositories/hive/ql/target/tmp/org.apache.hadoop.hive.ql.TestTxnNoBuckets-1713930630697/warehouse/tmp/.hive-staging_hive_2024-04-23_20-50-58_452_1945156769720649732-1
2024-04-23T20:51:00,441  INFO [main] cleanup.SyncCleanupService: Deleted directory: file:/home/alex/Repositories/hive/ql/target/tmp/org.apache.hadoop.hive.ql.TestTxnNoBuckets-1713930630697/warehouse/tmp/.hive-staging_hive_2024-04-23_20-50-58_452_1945156769720649732-1 on fs with scheme file
2024-04-23T20:51:00,441  INFO [main] ql.Driver: Compiling command(queryId=alex_20240423205100_e3ffb56a-de40-4bae-8d5e-b9ab40497a49): insert into tmp  values(1,1,1),(2,2,2)
2024-04-23T20:51:00,451  INFO [main] txn.TxnHandler: Added entries to MIN_HISTORY_LEVEL for current txns: ([16]) with min_open_txn: 16
2024-04-23T20:51:00,451  INFO [main] lockmgr.DbTxnManager: Opened txnid:16
2024-04-23T20:51:00,453  INFO [main] parse.CalcitePlanner: Starting caching scope for: 
2024-04-23T20:51:00,454  INFO [main] parse.CalcitePlanner: Starting Semantic Analysis
2024-04-23T20:51:00,460  INFO [main] HiveMetaStore.audit: ugi=alex	ip=unknown-ip-addr	cmd=get_table : tbl=hive.default.tmp	
2024-04-23T20:51:00,471  INFO [main] metastore.HMSHandler: Skipping translation for processor with null
2024-04-23T20:51:00,471  INFO [main] parse.CalcitePlanner: Completed phase 1 of Semantic Analysis
2024-04-23T20:51:00,471  INFO [main] parse.CalcitePlanner: Get metadata for source tables
2024-04-23T20:51:00,471  INFO [main] parse.CalcitePlanner: Get metadata for subqueries
2024-04-23T20:51:00,471  INFO [main] parse.CalcitePlanner: Get metadata for destination tables
2024-04-23T20:51:00,471  INFO [main] HiveMetaStore.audit: ugi=alex	ip=unknown-ip-addr	cmd=get_table : tbl=hive.default.tmp	
2024-04-23T20:51:00,485  INFO [main] metastore.HMSHandler: Skipping translation for processor with null
2024-04-23T20:51:00,485  INFO [main] parse.CalcitePlanner: Completed getting MetaData in Semantic Analysis
2024-04-23T20:51:00,486  INFO [main] parse.CalcitePlanner: Disabling LLAP IO encode as ETL query is detected
2024-04-23T20:51:00,509  INFO [main] HiveMetaStore.audit: ugi=alex	ip=unknown-ip-addr	cmd=get_all_table_constraints : tbl=hive._dummy_database._dummy_table	
2024-04-23T20:51:00,561  INFO [main] parse.CalcitePlanner: Get metadata for source tables
2024-04-23T20:51:00,561  INFO [main] parse.CalcitePlanner: Get metadata for subqueries
2024-04-23T20:51:00,561  INFO [main] parse.CalcitePlanner: Get metadata for source tables
2024-04-23T20:51:00,562  INFO [main] HiveMetaStore.audit: ugi=alex	ip=unknown-ip-addr	cmd=get_table : tbl=hive._dummy_database._dummy_table	
2024-04-23T20:51:00,565  INFO [main] parse.CalcitePlanner: Get metadata for subqueries
2024-04-23T20:51:00,565  INFO [main] parse.CalcitePlanner: Get metadata for destination tables
2024-04-23T20:51:00,565  INFO [main] parse.CalcitePlanner: Get metadata for destination tables
2024-04-23T20:51:00,565  INFO [main] HiveMetaStore.audit: ugi=alex	ip=unknown-ip-addr	cmd=get_table : tbl=hive.default.tmp	
2024-04-23T20:51:00,575  INFO [main] metastore.HMSHandler: Skipping translation for processor with null
2024-04-23T20:51:00,578  INFO [main] common.FileUtils: Creating directory if it doesn't exist: file:/home/alex/Repositories/hive/ql/target/tmp/org.apache.hadoop.hive.ql.TestTxnNoBuckets-1713930630697/warehouse/tmp/.hive-staging_hive_2024-04-23_20-51-00_441_910411290588555518-1
2024-04-23T20:51:00,581  INFO [main] HiveMetaStore.audit: ugi=alex	ip=unknown-ip-addr	cmd=get_not_null_constraints : tbl=hive.default.tmp	
2024-04-23T20:51:00,582  INFO [main] HiveMetaStore.audit: ugi=alex	ip=unknown-ip-addr	cmd=get_check_constraints : tbl=hive.default.tmp	
2024-04-23T20:51:00,584  INFO [main] parse.CalcitePlanner: CBO Succeeded; optimized logical plan.
2024-04-23T20:51:00,588  INFO [main] optimizer.BucketVersionPopulator: not considering bucketingVersion for: TS[0] because it has -1<2 buckets 
2024-04-23T20:51:00,589  INFO [main] optimizer.SortedDynPartitionOptimizer: Sorted dynamic partitioning optimization kicked in..
2024-04-23T20:51:00,589  INFO [main] optimizer.SortedDynPartitionOptimizer: Inserted RS_5 and SEL_6 as parent of FS_4 and child of SEL_3
2024-04-23T20:51:00,598  INFO [main] HiveMetaStore.audit: ugi=alex	ip=unknown-ip-addr	cmd=get_table : tbl=hive.default.tmp	
2024-04-23T20:51:00,609  INFO [main] metastore.HMSHandler: Skipping translation for processor with null
2024-04-23T20:51:00,610  INFO [main] physical.Vectorizer: Examining input format to see if vectorization is enabled.
2024-04-23T20:51:00,610  INFO [main] physical.Vectorizer: Map vectorization enabled: false
2024-04-23T20:51:00,610  INFO [main] physical.Vectorizer: Map vectorized: false
2024-04-23T20:51:00,610  INFO [main] physical.Vectorizer: Map vectorizedVertexNum: 0
2024-04-23T20:51:00,610  INFO [main] physical.Vectorizer: Map enabledConditionsMet: [hive.vectorized.use.vectorized.input.format IS true]
2024-04-23T20:51:00,610  INFO [main] physical.Vectorizer: Map enabledConditionsNotMet: [Could not enable vectorization due to partition column names size 1 is greater than the number of table column names size 0 IS false]
2024-04-23T20:51:00,610  INFO [main] physical.Vectorizer: Map inputFileFormatClassNameSet: [org.apache.hadoop.hive.ql.io.NullRowsInputFormat]
2024-04-23T20:51:00,610  INFO [main] physical.Vectorizer: Reduce vectorization enabled: false
2024-04-23T20:51:00,610  INFO [main] physical.Vectorizer: Reduce vectorized: false
2024-04-23T20:51:00,610  INFO [main] physical.Vectorizer: Reduce vectorizedVertexNum: 1
2024-04-23T20:51:00,610  INFO [main] physical.Vectorizer: Reducer hive.vectorized.execution.reduce.enabled: true
2024-04-23T20:51:00,610  INFO [main] physical.Vectorizer: Reducer engine: mr
2024-04-23T20:51:00,610  INFO [main] parse.CalcitePlanner: Completed plan generation
2024-04-23T20:51:00,610  INFO [main] parse.CalcitePlanner: Ending caching scope for: 
2024-04-23T20:51:00,610  INFO [main] ql.Driver: Semantic Analysis Completed (retrial = false)
2024-04-23T20:51:00,610  INFO [main] ql.Driver: Created Hive schema: Schema(fieldSchemas:[FieldSchema(name:col1, type:int, comment:null), FieldSchema(name:col2, type:int, comment:null), FieldSchema(name:col3, type:int, comment:null)], properties:null)
2024-04-23T20:51:00,611  INFO [main] metadata.Hive: Dumping metastore api call timing information for : compilation phase
2024-04-23T20:51:00,611  INFO [main] metadata.Hive: Total time spent in each metastore function (ms): {flushCache_()=0, getAllTableConstraints_(AllTableConstraintsRequest)=6, getValidTxns_(long)=2, isCompatibleWith_(Configuration)=0, getNotNullConstraints_(NotNullConstraintsRequest)=1, openTxn_(String, TxnType)=9, getTable_(GetTableRequest)=47, commitTxn_(CommitTxnRequest)=13, getValidWriteIds_(List, String)=7, getCheckConstraints_(CheckConstraintsRequest)=1, getMetaConf_(String)=0}
2024-04-23T20:51:00,611  INFO [main] ql.Driver: Completed compiling command(queryId=alex_20240423205100_e3ffb56a-de40-4bae-8d5e-b9ab40497a49); Time taken: 0.17 seconds
2024-04-23T20:51:00,611  INFO [main] lockmgr.DbTxnManager: Setting lock request transaction to txnid:16 for queryId=alex_20240423205100_e3ffb56a-de40-4bae-8d5e-b9ab40497a49
2024-04-23T20:51:00,611  INFO [main] lockmgr.DbLockManager: Requesting lock for queryId=alex_20240423205100_e3ffb56a-de40-4bae-8d5e-b9ab40497a49
2024-04-23T20:51:00,633  INFO [main] lockmgr.DbLockManager: Response to queryId=alex_20240423205100_e3ffb56a-de40-4bae-8d5e-b9ab40497a49 LockResponse(lockid:9, state:ACQUIRED)
2024-04-23T20:51:00,633  INFO [main] ql.Driver: Operation QUERY obtained 1 locks
2024-04-23T20:51:00,633  INFO [main] ql.Driver: Executing command(queryId=alex_20240423205100_e3ffb56a-de40-4bae-8d5e-b9ab40497a49): insert into tmp  values(1,1,1),(2,2,2)
2024-04-23T20:51:00,633  WARN [main] ql.Driver: Hive-on-MR is deprecated in Hive 2 and may not be available in the future versions. Consider using a different execution engine (i.e. tez, spark) or using Hive 1.X releases.
Query ID = alex_20240423205100_e3ffb56a-de40-4bae-8d5e-b9ab40497a49
2024-04-23T20:51:00,633  INFO [main] ql.Driver: Query ID = alex_20240423205100_e3ffb56a-de40-4bae-8d5e-b9ab40497a49
Total jobs = 1
2024-04-23T20:51:00,633  INFO [main] ql.Driver: Total jobs = 1
Launching Job 1 out of 1
2024-04-23T20:51:00,633  INFO [main] ql.Driver: Launching Job 1 out of 1
2024-04-23T20:51:00,775  INFO [main] ql.Driver: Starting task [Stage-1:MAPRED] in serial mode
2024-04-23T20:51:00,776  INFO [main] exec.Utilities: Not using thread pool for getContentSummary
2024-04-23T20:51:00,777  INFO [main] exec.Utilities: BytesPerReducer=256000000 maxReducers=1009 totalInputFileSize=1
Number of reduce tasks not specified. Estimated from input data size: 1
2024-04-23T20:51:00,777  INFO [main] exec.Task: Number of reduce tasks not specified. Estimated from input data size: 1
In order to change the average load for a reducer (in bytes):
2024-04-23T20:51:00,777  INFO [main] exec.Task: In order to change the average load for a reducer (in bytes):
  set hive.exec.reducers.bytes.per.reducer=<number>
2024-04-23T20:51:00,777  INFO [main] exec.Task:   set hive.exec.reducers.bytes.per.reducer=<number>
In order to limit the maximum number of reducers:
2024-04-23T20:51:00,777  INFO [main] exec.Task: In order to limit the maximum number of reducers:
  set hive.exec.reducers.max=<number>
2024-04-23T20:51:00,777  INFO [main] exec.Task:   set hive.exec.reducers.max=<number>
In order to set a constant number of reducers:
2024-04-23T20:51:00,777  INFO [main] exec.Task: In order to set a constant number of reducers:
  set mapreduce.job.reduces=<number>
2024-04-23T20:51:00,777  INFO [main] exec.Task:   set mapreduce.job.reduces=<number>
2024-04-23T20:51:00,779  INFO [main] mr.ExecDriver: Using org.apache.hadoop.hive.ql.io.HiveInputFormat
2024-04-23T20:51:00,779  INFO [main] exec.Utilities: Processing alias $hdt$_0:_dummy_table
2024-04-23T20:51:00,780  INFO [main] exec.Utilities: Adding 1 inputs; the first input is file:/home/alex/Repositories/hive/ql/target/tmp/localscratchdir/35c1eaf2-85f7-4891-a074-7246c6e7652c/hive_2024-04-23_20-51-00_441_910411290588555518-1/dummy_path
2024-04-23T20:51:00,789  INFO [main] exec.SerializationUtilities: Serializing MapWork using kryo
2024-04-23T20:51:00,789  INFO [main] exec.Utilities: Serialized plan (via FILE) - name: null size: 5,41KB
2024-04-23T20:51:00,794  INFO [main] exec.SerializationUtilities: Serializing ReduceWork using kryo
2024-04-23T20:51:00,795  INFO [main] exec.Utilities: Serialized plan (via FILE) - name: null size: 6,45KB
2024-04-23T20:51:00,796  WARN [main] impl.MetricsSystemImpl: JobTracker metrics system already initialized!
2024-04-23T20:51:00,799  INFO [main] fs.FSStatsPublisher: created : file:/home/alex/Repositories/hive/ql/target/tmp/localscratchdir/35c1eaf2-85f7-4891-a074-7246c6e7652c/hive_2024-04-23_20-51-00_441_910411290588555518-1/-mr-10001
2024-04-23T20:51:00,804  WARN [main] impl.MetricsSystemImpl: JobTracker metrics system already initialized!
2024-04-23T20:51:00,811  WARN [main] mapreduce.JobResourceUploader: Hadoop command-line option parsing not performed. Implement the Tool interface and execute your application with ToolRunner to remedy this.
2024-04-23T20:51:00,816  WARN [main] mapreduce.JobResourceUploader: No job jar file set.  User classes may not be found. See Job or Job#setJar(String).
2024-04-23T20:51:00,817  INFO [main] io.HiveInputFormat: hive.io.file.readcolumn.ids = 
2024-04-23T20:51:00,817  INFO [main] io.HiveInputFormat: hive.io.file.readcolumn.names = 
2024-04-23T20:51:00,817  INFO [main] io.HiveInputFormat: Generating splits for dirs: file:/home/alex/Repositories/hive/ql/target/tmp/localscratchdir/35c1eaf2-85f7-4891-a074-7246c6e7652c/hive_2024-04-23_20-51-00_441_910411290588555518-1/dummy_path
2024-04-23T20:51:00,817  INFO [main] io.HiveInputFormat: number of splits 1
2024-04-23T20:51:00,835  INFO [main] mapreduce.JobSubmitter: number of splits:1
2024-04-23T20:51:00,855  INFO [main] mapreduce.JobSubmitter: Submitting tokens for job: job_local498472550_0009
2024-04-23T20:51:00,855  INFO [main] mapreduce.JobSubmitter: Executing with tokens: []
2024-04-23T20:51:00,930  INFO [main] mapreduce.Job: The url to track the job: http://localhost:8080/
Job running in-process (local Hadoop)
2024-04-23T20:51:00,930  INFO [main] exec.Task: Job running in-process (local Hadoop)
2024-04-23T20:51:00,930  INFO [Thread-553] mapred.LocalJobRunner: OutputCommitter set in config org.apache.hadoop.hive.ql.io.HiveFileFormatUtils$NullOutputCommitter
2024-04-23T20:51:00,930  INFO [Thread-553] mapred.LocalJobRunner: OutputCommitter is org.apache.hadoop.hive.ql.io.HiveFileFormatUtils$NullOutputCommitter
2024-04-23T20:51:00,932  INFO [Thread-553] mapred.LocalJobRunner: Waiting for map tasks
2024-04-23T20:51:00,932  INFO [LocalJobRunner Map Task Executor #0] mapred.LocalJobRunner: Starting task: attempt_local498472550_0009_m_000000_0
2024-04-23T20:51:00,933  INFO [LocalJobRunner Map Task Executor #0] mapred.Task:  Using ResourceCalculatorProcessTree : [ ]
2024-04-23T20:51:00,933  INFO [LocalJobRunner Map Task Executor #0] mapred.MapTask: Processing split: org.apache.hadoop.hive.ql.io.NullRowsInputFormat:file:/home/alex/Repositories/hive/ql/target/tmp/localscratchdir/35c1eaf2-85f7-4891-a074-7246c6e7652c/hive_2024-04-23_20-51-00_441_910411290588555518-1/dummy_path/null:0+1
2024-04-23T20:51:00,934  INFO [LocalJobRunner Map Task Executor #0] exec.SerializationUtilities: Deserializing MapWork using kryo
2024-04-23T20:51:00,935  INFO [LocalJobRunner Map Task Executor #0] exec.Utilities: Deserialized plan (via FILE) - name: null size: 5,41KB
2024-04-23T20:51:00,935  INFO [LocalJobRunner Map Task Executor #0] mapred.MapTask: numReduceTasks: 1
2024-04-23T20:51:00,945  INFO [LocalJobRunner Map Task Executor #0] mapred.MapTask: (EQUATOR) 0 kvi 26214396(104857584)
2024-04-23T20:51:00,945  INFO [LocalJobRunner Map Task Executor #0] mapred.MapTask: mapreduce.task.io.sort.mb: 100
2024-04-23T20:51:00,945  INFO [LocalJobRunner Map Task Executor #0] mapred.MapTask: soft limit at 83886080
2024-04-23T20:51:00,945  INFO [LocalJobRunner Map Task Executor #0] mapred.MapTask: bufstart = 0; bufvoid = 104857600
2024-04-23T20:51:00,945  INFO [LocalJobRunner Map Task Executor #0] mapred.MapTask: kvstart = 26214396; length = 6553600
2024-04-23T20:51:00,945  INFO [LocalJobRunner Map Task Executor #0] mapred.MapTask: Map output collector class = org.apache.hadoop.mapred.MapTask$MapOutputBuffer
2024-04-23T20:51:00,946  INFO [LocalJobRunner Map Task Executor #0] exec.MapOperator: Initializing Operator: MAP[0]
2024-04-23T20:51:00,946  INFO [LocalJobRunner Map Task Executor #0] mr.ExecMapper: 
<MAP>Id =0
  <Children>null
  <\Children>
  <Parent><\Parent>
<\MAP>
2024-04-23T20:51:00,947  INFO [LocalJobRunner Map Task Executor #0] exec.TableScanOperator: Initializing Operator: TS[0]
2024-04-23T20:51:00,947  INFO [LocalJobRunner Map Task Executor #0] exec.SelectOperator: Initializing Operator: SEL[1]
2024-04-23T20:51:00,947  INFO [LocalJobRunner Map Task Executor #0] exec.SelectOperator: SELECT null
2024-04-23T20:51:00,947  INFO [LocalJobRunner Map Task Executor #0] exec.UDTFOperator: Initializing Operator: UDTF[2]
2024-04-23T20:51:00,947  INFO [LocalJobRunner Map Task Executor #0] exec.SelectOperator: Initializing Operator: SEL[3]
2024-04-23T20:51:00,947  INFO [LocalJobRunner Map Task Executor #0] exec.SelectOperator: SELECT struct<col1:int,col2:int,col3:int>
2024-04-23T20:51:00,948  INFO [LocalJobRunner Map Task Executor #0] exec.ReduceSinkOperator: Initializing Operator: RS[5]
2024-04-23T20:51:00,948  INFO [LocalJobRunner Map Task Executor #0] exec.ReduceSinkOperator: Using tag = -1
2024-04-23T20:51:00,948  INFO [LocalJobRunner Map Task Executor #0] exec.ReduceSinkOperator: keys are [_col2] num distributions: 1
2024-04-23T20:51:00,948  INFO [LocalJobRunner Map Task Executor #0] exec.ReduceSinkOperator: RS[5]: records written - 1
2024-04-23T20:51:00,948  INFO [LocalJobRunner Map Task Executor #0] exec.MapOperator: MAP[0]: records read - 1
2024-04-23T20:51:00,949  INFO [LocalJobRunner Map Task Executor #0] exec.MapOperator: Closing Operator: MAP[0]
2024-04-23T20:51:00,949  INFO [LocalJobRunner Map Task Executor #0] exec.MapOperator: MAP[0]: Total records read - 3. abort - false
2024-04-23T20:51:00,949  INFO [LocalJobRunner Map Task Executor #0] exec.MapOperator: DESERIALIZE_ERRORS:0, RECORDS_IN:3, RECORDS_OUT_INTERMEDIATE:0, RECORDS_OUT_OPERATOR_MAP_0:0, 
2024-04-23T20:51:00,949  INFO [LocalJobRunner Map Task Executor #0] exec.TableScanOperator: Closing Operator: TS[0]
2024-04-23T20:51:00,949  INFO [LocalJobRunner Map Task Executor #0] exec.TableScanOperator: RECORDS_OUT_OPERATOR_TS_0:1, RECORDS_OUT_INTERMEDIATE:0, 
2024-04-23T20:51:00,949  INFO [LocalJobRunner Map Task Executor #0] exec.SelectOperator: Closing Operator: SEL[1]
2024-04-23T20:51:00,949  INFO [LocalJobRunner Map Task Executor #0] exec.SelectOperator: RECORDS_OUT_INTERMEDIATE:0, RECORDS_OUT_OPERATOR_SEL_1:1, 
2024-04-23T20:51:00,949  INFO [LocalJobRunner Map Task Executor #0] exec.UDTFOperator: Closing Operator: UDTF[2]
2024-04-23T20:51:00,949  INFO [LocalJobRunner Map Task Executor #0] exec.UDTFOperator: RECORDS_OUT_INTERMEDIATE:0, RECORDS_OUT_OPERATOR_UDTF_2:2, 
2024-04-23T20:51:00,949  INFO [LocalJobRunner Map Task Executor #0] exec.SelectOperator: Closing Operator: SEL[3]
2024-04-23T20:51:00,949  INFO [LocalJobRunner Map Task Executor #0] exec.SelectOperator: RECORDS_OUT_OPERATOR_SEL_3:2, RECORDS_OUT_INTERMEDIATE:0, 
2024-04-23T20:51:00,949  INFO [LocalJobRunner Map Task Executor #0] exec.ReduceSinkOperator: Closing Operator: RS[5]
2024-04-23T20:51:00,949  INFO [LocalJobRunner Map Task Executor #0] exec.ReduceSinkOperator: RS[5]: Total records written - 2. abort - false
2024-04-23T20:51:00,949  INFO [LocalJobRunner Map Task Executor #0] exec.ReduceSinkOperator: RECORDS_OUT_INTERMEDIATE:2, RECORDS_OUT_OPERATOR_RS_5:2, 
2024-04-23T20:51:00,950  INFO [LocalJobRunner Map Task Executor #0] mapred.LocalJobRunner: 
2024-04-23T20:51:00,950  INFO [LocalJobRunner Map Task Executor #0] mapred.MapTask: Starting flush of map output
2024-04-23T20:51:00,950  INFO [LocalJobRunner Map Task Executor #0] mapred.MapTask: Spilling map output
2024-04-23T20:51:00,950  INFO [LocalJobRunner Map Task Executor #0] mapred.MapTask: bufstart = 0; bufend = 34; bufvoid = 104857600
2024-04-23T20:51:00,950  INFO [LocalJobRunner Map Task Executor #0] mapred.MapTask: kvstart = 26214396(104857584); kvend = 26214392(104857568); length = 5/6553600
2024-04-23T20:51:00,961  INFO [LocalJobRunner Map Task Executor #0] mapred.MapTask: Finished spill 0
2024-04-23T20:51:00,964  INFO [LocalJobRunner Map Task Executor #0] mapred.Task: Task:attempt_local498472550_0009_m_000000_0 is done. And is in the process of committing
2024-04-23T20:51:00,965  INFO [LocalJobRunner Map Task Executor #0] mapred.LocalJobRunner: map
2024-04-23T20:51:00,965  INFO [LocalJobRunner Map Task Executor #0] mapred.Task: Task 'attempt_local498472550_0009_m_000000_0' done.
2024-04-23T20:51:00,965  INFO [LocalJobRunner Map Task Executor #0] mapred.Task: Final Counters for attempt_local498472550_0009_m_000000_0: Counters: 26
	File System Counters
		FILE: Number of bytes read=147313
		FILE: Number of bytes written=10807473
		FILE: Number of read operations=0
		FILE: Number of large read operations=0
		FILE: Number of write operations=0
	Map-Reduce Framework
		Map input records=4
		Map output records=2
		Map output bytes=34
		Map output materialized bytes=44
		Input split bytes=360
		Combine input records=0
		Spilled Records=2
		Failed Shuffles=0
		Merged Map outputs=0
		GC time elapsed (ms)=5
		Total committed heap usage (bytes)=1076887552
	HIVE
		DESERIALIZE_ERRORS=0
		RECORDS_IN=3
		RECORDS_OUT_INTERMEDIATE=2
		RECORDS_OUT_OPERATOR_MAP_0=0
		RECORDS_OUT_OPERATOR_RS_5=2
		RECORDS_OUT_OPERATOR_SEL_1=1
		RECORDS_OUT_OPERATOR_SEL_3=2
		RECORDS_OUT_OPERATOR_TS_0=1
		RECORDS_OUT_OPERATOR_UDTF_2=2
	File Input Format Counters 
		Bytes Read=5464
2024-04-23T20:51:00,965  INFO [LocalJobRunner Map Task Executor #0] mapred.LocalJobRunner: Finishing task: attempt_local498472550_0009_m_000000_0
2024-04-23T20:51:00,965  INFO [Thread-553] mapred.LocalJobRunner: map task executor complete.
2024-04-23T20:51:00,966  INFO [Thread-553] mapred.LocalJobRunner: Waiting for reduce tasks
2024-04-23T20:51:00,967  INFO [pool-42-thread-1] mapred.LocalJobRunner: Starting task: attempt_local498472550_0009_r_000000_0
2024-04-23T20:51:00,967  INFO [pool-42-thread-1] mapred.Task:  Using ResourceCalculatorProcessTree : [ ]
2024-04-23T20:51:00,967  INFO [pool-42-thread-1] mapred.ReduceTask: Using ShuffleConsumerPlugin: org.apache.hadoop.mapreduce.task.reduce.Shuffle@3ceecb41
2024-04-23T20:51:00,967  WARN [pool-42-thread-1] impl.MetricsSystemImpl: JobTracker metrics system already initialized!
2024-04-23T20:51:00,969  INFO [pool-42-thread-1] reduce.MergeManagerImpl: MergerManager: memoryLimit=1336252800, maxSingleShuffleLimit=334063200, mergeThreshold=881926912, ioSortFactor=10, memToMemMergeOutputsThreshold=10
2024-04-23T20:51:00,969  INFO [EventFetcher for fetching Map Completion Events] reduce.EventFetcher: attempt_local498472550_0009_r_000000_0 Thread started: EventFetcher for fetching Map Completion Events
2024-04-23T20:51:00,970  INFO [localfetcher#6] reduce.LocalFetcher: localfetcher#6 about to shuffle output of map attempt_local498472550_0009_m_000000_0 decomp: 40 len: 44 to MEMORY
2024-04-23T20:51:00,970  INFO [localfetcher#6] reduce.InMemoryMapOutput: Read 40 bytes from map-output for attempt_local498472550_0009_m_000000_0
2024-04-23T20:51:00,970  INFO [localfetcher#6] reduce.MergeManagerImpl: closeInMemoryFile -> map-output of size: 40, inMemoryMapOutputs.size() -> 1, commitMemory -> 0, usedMemory ->40
2024-04-23T20:51:00,971  INFO [EventFetcher for fetching Map Completion Events] reduce.EventFetcher: EventFetcher is interrupted.. Returning
2024-04-23T20:51:00,971  INFO [pool-42-thread-1] mapred.LocalJobRunner: 1 / 1 copied.
2024-04-23T20:51:00,972  INFO [pool-42-thread-1] reduce.MergeManagerImpl: finalMerge called with 1 in-memory map-outputs and 0 on-disk map-outputs
2024-04-23T20:51:00,978  INFO [pool-42-thread-1] mapred.Merger: Merging 1 sorted segments
2024-04-23T20:51:00,978  INFO [pool-42-thread-1] mapred.Merger: Down to the last merge-pass, with 1 segments left of total size: 28 bytes
2024-04-23T20:51:00,981  INFO [pool-42-thread-1] reduce.MergeManagerImpl: Merged 1 segments, 40 bytes to disk to satisfy reduce memory limit
2024-04-23T20:51:00,981  INFO [pool-42-thread-1] reduce.MergeManagerImpl: Merging 1 files, 44 bytes from disk
2024-04-23T20:51:00,981  INFO [pool-42-thread-1] reduce.MergeManagerImpl: Merging 0 segments, 0 bytes from memory into reduce
2024-04-23T20:51:00,981  INFO [pool-42-thread-1] mapred.Merger: Merging 1 sorted segments
2024-04-23T20:51:00,981  INFO [pool-42-thread-1] mapred.Merger: Down to the last merge-pass, with 1 segments left of total size: 28 bytes
2024-04-23T20:51:00,981  INFO [pool-42-thread-1] mapred.LocalJobRunner: 1 / 1 copied.
2024-04-23T20:51:00,982  INFO [pool-42-thread-1] exec.SerializationUtilities: Deserializing ReduceWork using kryo
2024-04-23T20:51:00,982  INFO [pool-42-thread-1] exec.Utilities: Deserialized plan (via FILE) - name: null size: 6,45KB
2024-04-23T20:51:00,983  INFO [pool-42-thread-1] ExecReducer: 
<SEL>Id =6
  <Children>
    <FS>Id =4
      <Children>
      <\Children>
      <Parent>Id = 6 null<\Parent>
    <\FS>
  <\Children>
  <Parent><\Parent>
<\SEL>
2024-04-23T20:51:00,983  INFO [pool-42-thread-1] exec.SelectOperator: Initializing Operator: SEL[6]
2024-04-23T20:51:00,984  INFO [pool-42-thread-1] exec.SelectOperator: SELECT struct<key:struct<_col2:int>,value:struct<_col0:int,_col1:int>>
2024-04-23T20:51:00,984  INFO [pool-42-thread-1] exec.FileSinkOperator: Initializing Operator: FS[4]
2024-04-23T20:51:00,984  INFO [pool-42-thread-1] exec.FileSinkOperator: Using serializer : AbstractSerDe [log=org.apache.logging.slf4j.Log4jLogger@4aa280a, configuration=Optional[Configuration: core-default.xml, core-site.xml, mapred-default.xml, mapred-site.xml, yarn-default.xml, yarn-site.xml, hdfs-default.xml, hdfs-site.xml, file:/home/alex/Repositories/hive/ql/target/tmp/TestTxnNoBucketsVectorized/mapred/local/localRunner/alex/job_local498472550_0009/job_local498472550_0009.xml], properties={name=default.tmp, columns.types=int:int, serialization.format=1, columns=c1,c2, columns.comments=&amp#0;, partition_columns.types=int, partition_columns=c3, bucketing_version=2, serialization.lib=org.apache.hadoop.hive.ql.io.orc.OrcSerde, file.inputformat=org.apache.hadoop.hive.ql.io.orc.OrcInputFormat, file.outputformat=org.apache.hadoop.hive.ql.io.orc.OrcOutputFormat, location=file:/home/alex/Repositories/hive/ql/target/tmp/org.apache.hadoop.hive.ql.TestTxnNoBuckets-1713930630697/warehouse/tmp, column.name.delimiter=,}, tableProperties={name=default.tmp, columns.types=int:int, serialization.format=1, columns=c1,c2, columns.comments=&amp#0;, partition_columns.types=int, partition_columns=c3, bucketing_version=2, serialization.lib=org.apache.hadoop.hive.ql.io.orc.OrcSerde, file.inputformat=org.apache.hadoop.hive.ql.io.orc.OrcInputFormat, location=file:/home/alex/Repositories/hive/ql/target/tmp/org.apache.hadoop.hive.ql.TestTxnNoBuckets-1713930630697/warehouse/tmp, file.outputformat=org.apache.hadoop.hive.ql.io.orc.OrcOutputFormat, column.name.delimiter=,}, partitionProperties=Optional.empty, columnNames=[c1, c2], columnTypes=[int, int], getClass()=class org.apache.hadoop.hive.ql.io.orc.OrcSerde] and formatter : org.apache.hadoop.hive.ql.io.orc.OrcOutputFormat@5abdb1c2
2024-04-23T20:51:00,985  INFO [pool-42-thread-1] exec.FileSinkOperator: Final Path: FS file:/home/alex/Repositories/hive/ql/target/tmp/org.apache.hadoop.hive.ql.TestTxnNoBuckets-1713930630697/warehouse/tmp/.hive-staging_hive_2024-04-23_20-51-00_441_910411290588555518-1/_tmp.-ext-10000/c3=1/000000_0
2024-04-23T20:51:00,985  INFO [pool-42-thread-1] exec.FileSinkOperator: Writing to temp file: FS file:/home/alex/Repositories/hive/ql/target/tmp/org.apache.hadoop.hive.ql.TestTxnNoBuckets-1713930630697/warehouse/tmp/.hive-staging_hive_2024-04-23_20-51-00_441_910411290588555518-1/_task_tmp.-ext-10000/c3=1/_tmp.000000_0
2024-04-23T20:51:00,985  INFO [pool-42-thread-1] exec.FileSinkOperator: New Final Path: FS file:/home/alex/Repositories/hive/ql/target/tmp/org.apache.hadoop.hive.ql.TestTxnNoBuckets-1713930630697/warehouse/tmp/.hive-staging_hive_2024-04-23_20-51-00_441_910411290588555518-1/_tmp.-ext-10000/c3=1/000000_0
2024-04-23T20:51:00,990  INFO [pool-42-thread-1] exec.FileSinkOperator: FS[4]: records written - 1
2024-04-23T20:51:00,990  INFO [pool-42-thread-1] impl.PhysicalFsWriter: ORC writer created for path: file:/home/alex/Repositories/hive/ql/target/tmp/org.apache.hadoop.hive.ql.TestTxnNoBuckets-1713930630697/warehouse/tmp/.hive-staging_hive_2024-04-23_20-51-00_441_910411290588555518-1/_task_tmp.-ext-10000/c3=1/_tmp.000000_0 with stripeSize: 67108864 blockSize: 268435456 compression: Compress: ZLIB buffer: 262144
2024-04-23T20:51:00,995  INFO [pool-42-thread-1] impl.WriterImpl: ORC writer created for path: file:/home/alex/Repositories/hive/ql/target/tmp/org.apache.hadoop.hive.ql.TestTxnNoBuckets-1713930630697/warehouse/tmp/.hive-staging_hive_2024-04-23_20-51-00_441_910411290588555518-1/_task_tmp.-ext-10000/c3=1/_tmp.000000_0 with stripeSize: 67108864 options: Compress: ZLIB buffer: 262144
2024-04-23T20:51:00,997  INFO [pool-42-thread-1] exec.FileSinkOperator: Final Path: FS file:/home/alex/Repositories/hive/ql/target/tmp/org.apache.hadoop.hive.ql.TestTxnNoBuckets-1713930630697/warehouse/tmp/.hive-staging_hive_2024-04-23_20-51-00_441_910411290588555518-1/_tmp.-ext-10000/c3=2/000000_0
2024-04-23T20:51:00,997  INFO [pool-42-thread-1] exec.FileSinkOperator: Writing to temp file: FS file:/home/alex/Repositories/hive/ql/target/tmp/org.apache.hadoop.hive.ql.TestTxnNoBuckets-1713930630697/warehouse/tmp/.hive-staging_hive_2024-04-23_20-51-00_441_910411290588555518-1/_task_tmp.-ext-10000/c3=2/_tmp.000000_0
2024-04-23T20:51:00,997  INFO [pool-42-thread-1] exec.FileSinkOperator: New Final Path: FS file:/home/alex/Repositories/hive/ql/target/tmp/org.apache.hadoop.hive.ql.TestTxnNoBuckets-1713930630697/warehouse/tmp/.hive-staging_hive_2024-04-23_20-51-00_441_910411290588555518-1/_tmp.-ext-10000/c3=2/000000_0
2024-04-23T20:51:01,000  INFO [pool-42-thread-1] impl.PhysicalFsWriter: ORC writer created for path: file:/home/alex/Repositories/hive/ql/target/tmp/org.apache.hadoop.hive.ql.TestTxnNoBuckets-1713930630697/warehouse/tmp/.hive-staging_hive_2024-04-23_20-51-00_441_910411290588555518-1/_task_tmp.-ext-10000/c3=2/_tmp.000000_0 with stripeSize: 67108864 blockSize: 268435456 compression: Compress: ZLIB buffer: 262144
2024-04-23T20:51:01,005  INFO [pool-42-thread-1] impl.WriterImpl: ORC writer created for path: file:/home/alex/Repositories/hive/ql/target/tmp/org.apache.hadoop.hive.ql.TestTxnNoBuckets-1713930630697/warehouse/tmp/.hive-staging_hive_2024-04-23_20-51-00_441_910411290588555518-1/_task_tmp.-ext-10000/c3=2/_tmp.000000_0 with stripeSize: 67108864 options: Compress: ZLIB buffer: 262144
2024-04-23T20:51:01,005  INFO [pool-42-thread-1] exec.SelectOperator: Closing Operator: SEL[6]
2024-04-23T20:51:01,005  INFO [pool-42-thread-1] exec.SelectOperator: RECORDS_OUT_INTERMEDIATE:0, RECORDS_OUT_OPERATOR_SEL_6:2, 
2024-04-23T20:51:01,005  INFO [pool-42-thread-1] exec.FileSinkOperator: Closing Operator: FS[4]
2024-04-23T20:51:01,005  INFO [pool-42-thread-1] exec.FileSinkOperator: FS[4]: records written - 2
2024-04-23T20:51:01,007  INFO [pool-42-thread-1] common.FileUtils: Creating directory if it doesn't exist: file:/home/alex/Repositories/hive/ql/target/tmp/org.apache.hadoop.hive.ql.TestTxnNoBuckets-1713930630697/warehouse/tmp/.hive-staging_hive_2024-04-23_20-51-00_441_910411290588555518-1/_tmp.-ext-10000/c3=2
2024-04-23T20:51:01,010  INFO [pool-42-thread-1] common.FileUtils: Creating directory if it doesn't exist: file:/home/alex/Repositories/hive/ql/target/tmp/org.apache.hadoop.hive.ql.TestTxnNoBuckets-1713930630697/warehouse/tmp/.hive-staging_hive_2024-04-23_20-51-00_441_910411290588555518-1/_tmp.-ext-10000/c3=1
2024-04-23T20:51:01,018  INFO [pool-42-thread-1] exec.FileSinkOperator: RECORDS_OUT_1_default.tmp:2, RECORDS_OUT_OPERATOR_FS_4:2, RECORDS_OUT_INTERMEDIATE:0, TOTAL_TABLE_ROWS_WRITTEN:2, 
2024-04-23T20:51:01,018  INFO [pool-42-thread-1] mapred.Task: Task:attempt_local498472550_0009_r_000000_0 is done. And is in the process of committing
2024-04-23T20:51:01,019  INFO [pool-42-thread-1] mapred.LocalJobRunner: reduce > reduce
2024-04-23T20:51:01,019  INFO [pool-42-thread-1] mapred.Task: Task 'attempt_local498472550_0009_r_000000_0' done.
2024-04-23T20:51:01,019  INFO [pool-42-thread-1] mapred.Task: Final Counters for attempt_local498472550_0009_r_000000_0: Counters: 31
	File System Counters
		FILE: Number of bytes read=153951
		FILE: Number of bytes written=10808144
		FILE: Number of read operations=0
		FILE: Number of large read operations=0
		FILE: Number of write operations=0
	Map-Reduce Framework
		Combine input records=0
		Combine output records=0
		Reduce input groups=2
		Reduce shuffle bytes=44
		Reduce input records=2
		Reduce output records=0
		Spilled Records=2
		Shuffled Maps =1
		Failed Shuffles=0
		Merged Map outputs=1
		GC time elapsed (ms)=0
		Total committed heap usage (bytes)=1076887552
	HIVE
		CREATED_DYNAMIC_PARTITIONS=2
		CREATED_FILES=2
		RECORDS_OUT_1_default.tmp=2
		RECORDS_OUT_INTERMEDIATE=0
		RECORDS_OUT_OPERATOR_FS_4=2
		RECORDS_OUT_OPERATOR_SEL_6=2
		TOTAL_TABLE_ROWS_WRITTEN=2
	Shuffle Errors
		BAD_ID=0
		CONNECTION=0
		IO_ERROR=0
		WRONG_LENGTH=0
		WRONG_MAP=0
		WRONG_REDUCE=0
	File Output Format Counters 
		Bytes Written=0
2024-04-23T20:51:01,019  INFO [pool-42-thread-1] mapred.LocalJobRunner: Finishing task: attempt_local498472550_0009_r_000000_0
2024-04-23T20:51:01,019  INFO [Thread-553] mapred.LocalJobRunner: reduce task executor complete.
2024-04-23 20:51:01,932 Stage-1 map = 100%,  reduce = 100%
2024-04-23T20:51:01,932  INFO [main] exec.Task: 2024-04-23 20:51:01,932 Stage-1 map = 100%,  reduce = 100%
Ended Job = job_local498472550_0009
2024-04-23T20:51:01,933  INFO [main] exec.Task: Ended Job = job_local498472550_0009
2024-04-23T20:51:01,936  INFO [main] ql.Driver: Starting task [Stage-0:MOVE] in serial mode
Loading data to table default.tmp partition (c3=null)
2024-04-23T20:51:01,936  INFO [main] exec.Task: Loading data to table default.tmp partition (c3=null) from file:/home/alex/Repositories/hive/ql/target/tmp/org.apache.hadoop.hive.ql.TestTxnNoBuckets-1713930630697/warehouse/tmp/.hive-staging_hive_2024-04-23_20-51-00_441_910411290588555518-1/-ext-10000
2024-04-23T20:51:01,936  INFO [main] HiveMetaStore.audit: ugi=alex	ip=unknown-ip-addr	cmd=get_table : tbl=hive.default.tmp	
2024-04-23T20:51:01,951  INFO [main] metastore.HMSHandler: Skipping translation for processor with null
2024-04-23T20:51:01,951  INFO [main] exec.MoveTask: Partition is: {c3=null}


2024-04-23T20:51:01,952  INFO [main] exec.Task: 

2024-04-23T20:51:01,952  INFO [main] HiveMetaStore.audit: ugi=alex	ip=unknown-ip-addr	cmd=get_table : tbl=hive.default.tmp	
2024-04-23T20:51:01,967  INFO [main] metastore.HMSHandler: Skipping translation for processor with null
2024-04-23T20:51:01,967  INFO [main] HiveMetaStore.audit: ugi=alex	ip=unknown-ip-addr	cmd=get_table : tbl=hive.default.tmp	
2024-04-23T20:51:01,978  INFO [main] metastore.HMSHandler: Skipping translation for processor with null
2024-04-23T20:51:01,979  INFO [main] HiveMetaStore.audit: ugi=alex	ip=unknown-ip-addr	cmd=get_table : tbl=hive.default.tmp	
2024-04-23T20:51:01,989  INFO [main] metastore.HMSHandler: Skipping translation for processor with null
2024-04-23T20:51:01,990  INFO [main] HiveMetaStore.audit: ugi=alex	ip=unknown-ip-addr	cmd=get_partitions_names_ps : tbl=hive.default.tmp[]	
2024-04-23T20:51:02,003  INFO [main] HiveMetaStore.audit: ugi=alex	ip=unknown-ip-addr	cmd=get_table : tbl=hive.default.tmp	
2024-04-23T20:51:02,015  INFO [main] metastore.HMSHandler: Skipping translation for processor with null
2024-04-23T20:51:02,015  INFO [main] HiveMetaStore.audit: ugi=alex	ip=unknown-ip-addr	cmd=get_partitions_by_names : tbl=hive.default.tmp	
2024-04-23T20:51:02,031  INFO [main] metastore.HMSHandler: Skipping translation for processor with null
2024-04-23T20:51:02,038  INFO [load-dynamic-partitionsToAdd-0] metadata.Hive: New loading path = file:/home/alex/Repositories/hive/ql/target/tmp/org.apache.hadoop.hive.ql.TestTxnNoBuckets-1713930630697/warehouse/tmp/.hive-staging_hive_2024-04-23_20-51-00_441_910411290588555518-1/-ext-10000/c3=1 withPartSpec {c3=1}
2024-04-23T20:51:02,038  INFO [load-dynamic-partitionsToAdd-1] metadata.Hive: New loading path = file:/home/alex/Repositories/hive/ql/target/tmp/org.apache.hadoop.hive.ql.TestTxnNoBuckets-1713930630697/warehouse/tmp/.hive-staging_hive_2024-04-23_20-51-00_441_910411290588555518-1/-ext-10000/c3=2 withPartSpec {c3=2}
2024-04-23T20:51:02,039  INFO [load-dynamic-partitionsToAdd-0] metastore.HiveMetaStoreClient: HMS client filtering is enabled.
2024-04-23T20:51:02,040  INFO [load-dynamic-partitionsToAdd-1] metastore.HiveMetaStoreClient: HMS client filtering is enabled.
2024-04-23T20:51:02,040  INFO [load-dynamic-partitionsToAdd-0] metastore.HMSHandler: 3: Opening raw store with implementation class:org.apache.hadoop.hive.metastore.ObjectStore
2024-04-23T20:51:02,040  INFO [load-dynamic-partitionsToAdd-0] metastore.PersistenceManagerProvider: Configuration datanucleus.autoStartMechanismMode is not set. Defaulting to 'ignored'
2024-04-23T20:51:02,040  INFO [load-dynamic-partitionsToAdd-0] metastore.ObjectStore: RawStore: org.apache.hadoop.hive.metastore.ObjectStore@59ad77b1, with PersistenceManager: null will be shutdown
2024-04-23T20:51:02,041  INFO [load-dynamic-partitionsToAdd-0] metastore.ObjectStore: RawStore: org.apache.hadoop.hive.metastore.ObjectStore@59ad77b1, with PersistenceManager: org.datanucleus.api.jdo.JDOPersistenceManager@67e756a0 created in the thread with id: 674
2024-04-23T20:51:02,041  INFO [load-dynamic-partitionsToAdd-1] metastore.HMSHandler: 4: Opening raw store with implementation class:org.apache.hadoop.hive.metastore.ObjectStore
2024-04-23T20:51:02,041  INFO [load-dynamic-partitionsToAdd-1] metastore.PersistenceManagerProvider: Configuration datanucleus.autoStartMechanismMode is not set. Defaulting to 'ignored'
2024-04-23T20:51:02,042  INFO [load-dynamic-partitionsToAdd-1] metastore.ObjectStore: RawStore: org.apache.hadoop.hive.metastore.ObjectStore@15732042, with PersistenceManager: null will be shutdown
2024-04-23T20:51:02,042  INFO [load-dynamic-partitionsToAdd-1] metastore.ObjectStore: RawStore: org.apache.hadoop.hive.metastore.ObjectStore@15732042, with PersistenceManager: org.datanucleus.api.jdo.JDOPersistenceManager@1566af6f created in the thread with id: 675
2024-04-23T20:51:02,044  INFO [load-dynamic-partitionsToAdd-0] metastore.HMSHandler: Created RawStore: org.apache.hadoop.hive.metastore.ObjectStore@59ad77b1 from thread id: 674
2024-04-23T20:51:02,045  INFO [load-dynamic-partitionsToAdd-0] metastore.HMSHandler: HMS server filtering is disabled by configuration
2024-04-23T20:51:02,045  INFO [load-dynamic-partitionsToAdd-0] metastore.RetryingMetaStoreClient: RetryingMetaStoreClient proxy=class org.apache.hadoop.hive.ql.metadata.SessionHiveMetaStoreClient ugi=alex (auth:SIMPLE) retries=1 delay=1 lifetime=0
2024-04-23T20:51:02,045  INFO [load-dynamic-partitionsToAdd-0] HiveMetaStore.audit: ugi=alex	ip=unknown-ip-addr	cmd=get_database: default	
2024-04-23T20:51:02,046  INFO [load-dynamic-partitionsToAdd-1] metastore.HMSHandler: Created RawStore: org.apache.hadoop.hive.metastore.ObjectStore@15732042 from thread id: 675
2024-04-23T20:51:02,046  INFO [load-dynamic-partitionsToAdd-1] metastore.HMSHandler: HMS server filtering is disabled by configuration
2024-04-23T20:51:02,046  INFO [load-dynamic-partitionsToAdd-1] metastore.RetryingMetaStoreClient: RetryingMetaStoreClient proxy=class org.apache.hadoop.hive.ql.metadata.SessionHiveMetaStoreClient ugi=alex (auth:SIMPLE) retries=1 delay=1 lifetime=0
2024-04-23T20:51:02,046  INFO [load-dynamic-partitionsToAdd-1] HiveMetaStore.audit: ugi=alex	ip=unknown-ip-addr	cmd=get_database: default	
2024-04-23T20:51:02,046  INFO [load-dynamic-partitionsToAdd-0] common.FileUtils: Creating directory if it doesn't exist: file:/home/alex/Repositories/hive/ql/target/tmp/org.apache.hadoop.hive.ql.TestTxnNoBuckets-1713930630697/warehouse/tmp/c3=1
2024-04-23T20:51:02,047  INFO [load-dynamic-partitionsToAdd-1] common.FileUtils: Creating directory if it doesn't exist: file:/home/alex/Repositories/hive/ql/target/tmp/org.apache.hadoop.hive.ql.TestTxnNoBuckets-1713930630697/warehouse/tmp/c3=2
2024-04-23T20:51:02,050  INFO [load-dynamic-partitionsToAdd-0] HiveMetaStore.audit: ugi=alex	ip=unknown-ip-addr	cmd=Cleaning up thread local RawStore...	
2024-04-23T20:51:02,050  INFO [load-dynamic-partitionsToAdd-0] metastore.ObjectStore: RawStore: org.apache.hadoop.hive.metastore.ObjectStore@59ad77b1, with PersistenceManager: org.datanucleus.api.jdo.JDOPersistenceManager@67e756a0 will be shutdown
2024-04-23T20:51:02,051  INFO [load-dynamic-partitionsToAdd-0] HiveMetaStore.audit: ugi=alex	ip=unknown-ip-addr	cmd=Done cleaning up thread local RawStore	
2024-04-23T20:51:02,051  INFO [load-dynamic-partitionsToAdd-0] metastore.HiveMetaStoreClient: Closed a connection to metastore, current connections: -3
2024-04-23T20:51:02,051  INFO [load-dynamic-partitionsToAdd-1] HiveMetaStore.audit: ugi=alex	ip=unknown-ip-addr	cmd=Cleaning up thread local RawStore...	
2024-04-23T20:51:02,051  INFO [load-dynamic-partitionsToAdd-1] metastore.ObjectStore: RawStore: org.apache.hadoop.hive.metastore.ObjectStore@15732042, with PersistenceManager: org.datanucleus.api.jdo.JDOPersistenceManager@1566af6f will be shutdown
2024-04-23T20:51:02,051  INFO [load-dynamic-partitionsToAdd-1] HiveMetaStore.audit: ugi=alex	ip=unknown-ip-addr	cmd=Done cleaning up thread local RawStore	
2024-04-23T20:51:02,051  INFO [load-dynamic-partitionsToAdd-1] metastore.HiveMetaStoreClient: Closed a connection to metastore, current connections: -4
2024-04-23T20:51:02,051  INFO [main] metadata.Hive: Number of partitionsToAdd to be added is 2
2024-04-23T20:51:02,051  INFO [main] HiveMetaStore.audit: ugi=alex	ip=unknown-ip-addr	cmd=add_partitions	
2024-04-23T20:51:02,086  INFO [main] metadata.Hive: Loaded 2partitionsToAdd
	 Time taken to load dynamic partitions: 0.134 seconds
2024-04-23T20:51:02,086  INFO [main] exec.Task: 	 Time taken to load dynamic partitions: 0.134 seconds
2024-04-23T20:51:02,086  INFO [main] exec.MoveTask: 	 Time taken to load dynamic partitions: 0.134 seconds
2024-04-23T20:51:02,086  INFO [main] exec.MoveTask: Loading partition {c3=1}
2024-04-23T20:51:02,086  INFO [main] exec.MoveTask: Loading partition {c3=2}
	 Time taken for adding to write entity : 0.0 seconds
2024-04-23T20:51:02,086  INFO [main] exec.Task: 	 Time taken for adding to write entity : 0.0 seconds
2024-04-23T20:51:02,087  INFO [main] ql.Driver: Starting task [Stage-2:STATS] in serial mode
2024-04-23T20:51:02,087  INFO [main] HiveMetaStore.audit: ugi=alex	ip=unknown-ip-addr	cmd=get_table : tbl=hive.default.tmp	
2024-04-23T20:51:02,097  INFO [main] metastore.HMSHandler: Skipping translation for processor with null
2024-04-23T20:51:02,098  INFO [main] stats.BasicStatsTask: Executing stats task
2024-04-23T20:51:02,098  INFO [main] fs.FSStatsPublisher: created : file:/home/alex/Repositories/hive/ql/target/tmp/localscratchdir/35c1eaf2-85f7-4891-a074-7246c6e7652c/hive_2024-04-23_20-51-00_441_910411290588555518-1/-mr-10001
2024-04-23T20:51:02,099  INFO [main] HiveMetaStore.audit: ugi=alex	ip=unknown-ip-addr	cmd=get_table : tbl=hive.default.tmp	
2024-04-23T20:51:02,110  INFO [main] metastore.HMSHandler: Skipping translation for processor with null
2024-04-23T20:51:02,111  INFO [main] FileOperations: Read stats for default.tmp/c3=1/, numRows, true, 1, false: 
2024-04-23T20:51:02,111  INFO [main] FileOperations: Read stats for default.tmp/c3=1/, rawDataSize, true, 8, false: 
2024-04-23T20:51:02,111  INFO [main] stats.BasicStatsTask: Partition {c3=1} stats: [numFiles=1, numRows=1, totalSize=242, rawDataSize=8, numFilesErasureCoded=0]
2024-04-23T20:51:02,111  INFO [main] FileOperations: Read stats for default.tmp/c3=2/, numRows, true, 1, false: 
2024-04-23T20:51:02,111  INFO [main] FileOperations: Read stats for default.tmp/c3=2/, rawDataSize, true, 8, false: 
2024-04-23T20:51:02,111  INFO [main] stats.BasicStatsTask: Partition {c3=2} stats: [numFiles=1, numRows=1, totalSize=242, rawDataSize=8, numFilesErasureCoded=0]
2024-04-23T20:51:02,112  INFO [main] HiveMetaStore.audit: ugi=alex	ip=unknown-ip-addr	cmd=alter_partitions : tbl=hive.default.tmp	
2024-04-23T20:51:02,112  INFO [main] metastore.HMSHandler: New partition values:[1]
2024-04-23T20:51:02,112  INFO [main] metastore.HMSHandler: New partition values:[2]
2024-04-23T20:51:02,182  INFO [main] metadata.Hive: Dumping metastore api call timing information for : execution phase
2024-04-23T20:51:02,182  INFO [main] metadata.Hive: Total time spent in each metastore function (ms): {listPartitionNamesRequest_(GetPartitionNamesPsRequest)=24, isCompatibleWith_(Configuration)=0, getTable_(GetTableRequest)=64, getPartitionsByNames_(String, String, List, boolean, String)=33, alter_partitions_(String, String, List, EnvironmentContext, String, long)=70, add_partitions_(List)=35}
MapReduce Jobs Launched: 
2024-04-23T20:51:02,182  INFO [main] ql.Driver: MapReduce Jobs Launched: 
Stage-Stage-1:  HDFS Read: 0 HDFS Write: 0 SUCCESS
2024-04-23T20:51:02,183  INFO [main] ql.Driver: Stage-Stage-1:  HDFS Read: 0 HDFS Write: 0 SUCCESS
Total MapReduce CPU Time Spent: 0 msec
2024-04-23T20:51:02,183  INFO [main] ql.Driver: Total MapReduce CPU Time Spent: 0 msec
2024-04-23T20:51:02,183  INFO [main] ql.Driver: Completed executing command(queryId=alex_20240423205100_e3ffb56a-de40-4bae-8d5e-b9ab40497a49); Time taken: 1.549 seconds
2024-04-23T20:51:02,183  INFO [main] lockmgr.DbTxnManager: Stopped heartbeat for query: alex_20240423205100_e3ffb56a-de40-4bae-8d5e-b9ab40497a49
2024-04-23T20:51:02,188  INFO [main] txn.TxnHandler: Expected to move at least one record from txn_components to completed_txn_components when committing txn! txnid:16
2024-04-23T20:51:02,195  INFO [main] txn.TxnHandler: Removed transactions: ([16]) from MIN_HISTORY_LEVEL
2024-04-23T20:51:02,195  WARN [main] txn.CompactionTxnHandler: No compaction queue record found for Compaction type transaction commit. txnId:16
2024-04-23T20:51:02,196  INFO [main] ql.TxnCommandsBaseForTests: Running the query: insert into tmp  values(3,3,3),(4,4,4)
2024-04-23T20:51:02,196  INFO [main] ql.Context: Deleting scratch dir: file:/home/alex/Repositories/hive/ql/target/tmp/org.apache.hadoop.hive.ql.TestTxnNoBuckets-1713930630697/warehouse/tmp/.hive-staging_hive_2024-04-23_20-51-00_441_910411290588555518-1
2024-04-23T20:51:02,196  INFO [main] cleanup.SyncCleanupService: Deleted directory: file:/home/alex/Repositories/hive/ql/target/tmp/org.apache.hadoop.hive.ql.TestTxnNoBuckets-1713930630697/warehouse/tmp/.hive-staging_hive_2024-04-23_20-51-00_441_910411290588555518-1 on fs with scheme file
2024-04-23T20:51:02,196  INFO [main] ql.Context: Deleting scratch dir: file:/home/alex/Repositories/hive/ql/target/tmp/localscratchdir/35c1eaf2-85f7-4891-a074-7246c6e7652c/hive_2024-04-23_20-51-00_441_910411290588555518-1
2024-04-23T20:51:02,197  INFO [main] cleanup.SyncCleanupService: Deleted directory: file:/home/alex/Repositories/hive/ql/target/tmp/localscratchdir/35c1eaf2-85f7-4891-a074-7246c6e7652c/hive_2024-04-23_20-51-00_441_910411290588555518-1 on fs with scheme file
2024-04-23T20:51:02,197  INFO [main] ql.Driver: Compiling command(queryId=alex_20240423205102_57cbb74f-26fc-4747-bf86-983782e8511d): insert into tmp  values(3,3,3),(4,4,4)
2024-04-23T20:51:02,200  INFO [main] txn.TxnHandler: Added entries to MIN_HISTORY_LEVEL for current txns: ([17]) with min_open_txn: 17
2024-04-23T20:51:02,201  INFO [main] lockmgr.DbTxnManager: Opened txnid:17
2024-04-23T20:51:02,202  INFO [main] parse.CalcitePlanner: Starting caching scope for: 
2024-04-23T20:51:02,202  INFO [main] parse.CalcitePlanner: Starting Semantic Analysis
2024-04-23T20:51:02,205  INFO [main] HiveMetaStore.audit: ugi=alex	ip=unknown-ip-addr	cmd=get_table : tbl=hive.default.tmp	
2024-04-23T20:51:02,216  INFO [main] metastore.HMSHandler: Skipping translation for processor with null
2024-04-23T20:51:02,216  INFO [main] parse.CalcitePlanner: Completed phase 1 of Semantic Analysis
2024-04-23T20:51:02,216  INFO [main] parse.CalcitePlanner: Get metadata for source tables
2024-04-23T20:51:02,216  INFO [main] parse.CalcitePlanner: Get metadata for subqueries
2024-04-23T20:51:02,216  INFO [main] parse.CalcitePlanner: Get metadata for destination tables
2024-04-23T20:51:02,216  INFO [main] HiveMetaStore.audit: ugi=alex	ip=unknown-ip-addr	cmd=get_table : tbl=hive.default.tmp	
2024-04-23T20:51:02,227  INFO [main] metastore.HMSHandler: Skipping translation for processor with null
2024-04-23T20:51:02,227  INFO [main] parse.CalcitePlanner: Completed getting MetaData in Semantic Analysis
2024-04-23T20:51:02,227  INFO [main] parse.CalcitePlanner: Disabling LLAP IO encode as ETL query is detected
2024-04-23T20:51:02,250  INFO [main] HiveMetaStore.audit: ugi=alex	ip=unknown-ip-addr	cmd=get_all_table_constraints : tbl=hive._dummy_database._dummy_table	
2024-04-23T20:51:02,331  INFO [main] parse.CalcitePlanner: Get metadata for source tables
2024-04-23T20:51:02,331  INFO [main] parse.CalcitePlanner: Get metadata for subqueries
2024-04-23T20:51:02,331  INFO [main] parse.CalcitePlanner: Get metadata for source tables
2024-04-23T20:51:02,332  INFO [main] HiveMetaStore.audit: ugi=alex	ip=unknown-ip-addr	cmd=get_table : tbl=hive._dummy_database._dummy_table	
2024-04-23T20:51:02,335  INFO [main] parse.CalcitePlanner: Get metadata for subqueries
2024-04-23T20:51:02,335  INFO [main] parse.CalcitePlanner: Get metadata for destination tables
2024-04-23T20:51:02,335  INFO [main] parse.CalcitePlanner: Get metadata for destination tables
2024-04-23T20:51:02,335  INFO [main] HiveMetaStore.audit: ugi=alex	ip=unknown-ip-addr	cmd=get_table : tbl=hive.default.tmp	
2024-04-23T20:51:02,345  INFO [main] metastore.HMSHandler: Skipping translation for processor with null
2024-04-23T20:51:02,348  INFO [main] common.FileUtils: Creating directory if it doesn't exist: file:/home/alex/Repositories/hive/ql/target/tmp/org.apache.hadoop.hive.ql.TestTxnNoBuckets-1713930630697/warehouse/tmp/.hive-staging_hive_2024-04-23_20-51-02_197_8257046393855938646-1
2024-04-23T20:51:02,351  INFO [main] HiveMetaStore.audit: ugi=alex	ip=unknown-ip-addr	cmd=get_not_null_constraints : tbl=hive.default.tmp	
2024-04-23T20:51:02,352  INFO [main] HiveMetaStore.audit: ugi=alex	ip=unknown-ip-addr	cmd=get_check_constraints : tbl=hive.default.tmp	
2024-04-23T20:51:02,354  INFO [main] parse.CalcitePlanner: CBO Succeeded; optimized logical plan.
2024-04-23T20:51:02,357  INFO [main] optimizer.BucketVersionPopulator: not considering bucketingVersion for: TS[0] because it has -1<2 buckets 
2024-04-23T20:51:02,358  INFO [main] optimizer.SortedDynPartitionOptimizer: Sorted dynamic partitioning optimization kicked in..
2024-04-23T20:51:02,358  INFO [main] optimizer.SortedDynPartitionOptimizer: Inserted RS_5 and SEL_6 as parent of FS_4 and child of SEL_3
2024-04-23T20:51:02,367  INFO [main] HiveMetaStore.audit: ugi=alex	ip=unknown-ip-addr	cmd=get_table : tbl=hive.default.tmp	
2024-04-23T20:51:02,378  INFO [main] metastore.HMSHandler: Skipping translation for processor with null
2024-04-23T20:51:02,379  INFO [main] physical.Vectorizer: Examining input format to see if vectorization is enabled.
2024-04-23T20:51:02,379  INFO [main] physical.Vectorizer: Map vectorization enabled: false
2024-04-23T20:51:02,379  INFO [main] physical.Vectorizer: Map vectorized: false
2024-04-23T20:51:02,379  INFO [main] physical.Vectorizer: Map vectorizedVertexNum: 0
2024-04-23T20:51:02,379  INFO [main] physical.Vectorizer: Map enabledConditionsMet: [hive.vectorized.use.vectorized.input.format IS true]
2024-04-23T20:51:02,379  INFO [main] physical.Vectorizer: Map enabledConditionsNotMet: [Could not enable vectorization due to partition column names size 1 is greater than the number of table column names size 0 IS false]
2024-04-23T20:51:02,379  INFO [main] physical.Vectorizer: Map inputFileFormatClassNameSet: [org.apache.hadoop.hive.ql.io.NullRowsInputFormat]
2024-04-23T20:51:02,379  INFO [main] physical.Vectorizer: Reduce vectorization enabled: false
2024-04-23T20:51:02,379  INFO [main] physical.Vectorizer: Reduce vectorized: false
2024-04-23T20:51:02,379  INFO [main] physical.Vectorizer: Reduce vectorizedVertexNum: 1
2024-04-23T20:51:02,379  INFO [main] physical.Vectorizer: Reducer hive.vectorized.execution.reduce.enabled: true
2024-04-23T20:51:02,379  INFO [main] physical.Vectorizer: Reducer engine: mr
2024-04-23T20:51:02,379  INFO [main] parse.CalcitePlanner: Completed plan generation
2024-04-23T20:51:02,379  INFO [main] parse.CalcitePlanner: Ending caching scope for: 
2024-04-23T20:51:02,379  INFO [main] ql.Driver: Semantic Analysis Completed (retrial = false)
2024-04-23T20:51:02,379  INFO [main] ql.Driver: Created Hive schema: Schema(fieldSchemas:[FieldSchema(name:col1, type:int, comment:null), FieldSchema(name:col2, type:int, comment:null), FieldSchema(name:col3, type:int, comment:null)], properties:null)
2024-04-23T20:51:02,380  INFO [main] metadata.Hive: Dumping metastore api call timing information for : compilation phase
2024-04-23T20:51:02,380  INFO [main] metadata.Hive: Total time spent in each metastore function (ms): {getAllTableConstraints_(AllTableConstraintsRequest)=30, getCheckConstraints_(CheckConstraintsRequest)=1, flushCache_()=0, getValidWriteIds_(List, String)=4, getTable_(GetTableRequest)=43, getMetaConf_(String)=1, getNotNullConstraints_(NotNullConstraintsRequest)=1, getValidTxns_(long)=1, openTxn_(String, TxnType)=3, commitTxn_(CommitTxnRequest)=12, isCompatibleWith_(Configuration)=0}
2024-04-23T20:51:02,380  INFO [main] ql.Driver: Completed compiling command(queryId=alex_20240423205102_57cbb74f-26fc-4747-bf86-983782e8511d); Time taken: 0.183 seconds
2024-04-23T20:51:02,380  INFO [main] lockmgr.DbTxnManager: Setting lock request transaction to txnid:17 for queryId=alex_20240423205102_57cbb74f-26fc-4747-bf86-983782e8511d
2024-04-23T20:51:02,380  INFO [main] lockmgr.DbLockManager: Requesting lock for queryId=alex_20240423205102_57cbb74f-26fc-4747-bf86-983782e8511d
2024-04-23T20:51:02,396  INFO [main] lockmgr.DbLockManager: Response to queryId=alex_20240423205102_57cbb74f-26fc-4747-bf86-983782e8511d LockResponse(lockid:10, state:ACQUIRED)
2024-04-23T20:51:02,396  INFO [main] ql.Driver: Operation QUERY obtained 1 locks
2024-04-23T20:51:02,396  INFO [main] ql.Driver: Executing command(queryId=alex_20240423205102_57cbb74f-26fc-4747-bf86-983782e8511d): insert into tmp  values(3,3,3),(4,4,4)
2024-04-23T20:51:02,397  WARN [main] ql.Driver: Hive-on-MR is deprecated in Hive 2 and may not be available in the future versions. Consider using a different execution engine (i.e. tez, spark) or using Hive 1.X releases.
Query ID = alex_20240423205102_57cbb74f-26fc-4747-bf86-983782e8511d
2024-04-23T20:51:02,397  INFO [main] ql.Driver: Query ID = alex_20240423205102_57cbb74f-26fc-4747-bf86-983782e8511d
Total jobs = 1
2024-04-23T20:51:02,397  INFO [main] ql.Driver: Total jobs = 1
Launching Job 1 out of 1
2024-04-23T20:51:02,397  INFO [main] ql.Driver: Launching Job 1 out of 1
2024-04-23T20:51:02,538  INFO [main] ql.Driver: Starting task [Stage-1:MAPRED] in serial mode
2024-04-23T20:51:02,538  INFO [main] exec.Utilities: Not using thread pool for getContentSummary
2024-04-23T20:51:02,539  INFO [main] exec.Utilities: BytesPerReducer=256000000 maxReducers=1009 totalInputFileSize=1
Number of reduce tasks not specified. Estimated from input data size: 1
2024-04-23T20:51:02,539  INFO [main] exec.Task: Number of reduce tasks not specified. Estimated from input data size: 1
In order to change the average load for a reducer (in bytes):
2024-04-23T20:51:02,539  INFO [main] exec.Task: In order to change the average load for a reducer (in bytes):
  set hive.exec.reducers.bytes.per.reducer=<number>
2024-04-23T20:51:02,539  INFO [main] exec.Task:   set hive.exec.reducers.bytes.per.reducer=<number>
In order to limit the maximum number of reducers:
2024-04-23T20:51:02,539  INFO [main] exec.Task: In order to limit the maximum number of reducers:
  set hive.exec.reducers.max=<number>
2024-04-23T20:51:02,539  INFO [main] exec.Task:   set hive.exec.reducers.max=<number>
In order to set a constant number of reducers:
2024-04-23T20:51:02,539  INFO [main] exec.Task: In order to set a constant number of reducers:
  set mapreduce.job.reduces=<number>
2024-04-23T20:51:02,539  INFO [main] exec.Task:   set mapreduce.job.reduces=<number>
2024-04-23T20:51:02,542  INFO [main] mr.ExecDriver: Using org.apache.hadoop.hive.ql.io.HiveInputFormat
2024-04-23T20:51:02,542  INFO [main] exec.Utilities: Processing alias $hdt$_0:_dummy_table
2024-04-23T20:51:02,542  INFO [main] exec.Utilities: Adding 1 inputs; the first input is file:/home/alex/Repositories/hive/ql/target/tmp/localscratchdir/35c1eaf2-85f7-4891-a074-7246c6e7652c/hive_2024-04-23_20-51-02_197_8257046393855938646-1/dummy_path
2024-04-23T20:51:02,551  INFO [main] exec.SerializationUtilities: Serializing MapWork using kryo
2024-04-23T20:51:02,552  INFO [main] exec.Utilities: Serialized plan (via FILE) - name: null size: 5,41KB
2024-04-23T20:51:02,557  INFO [main] exec.SerializationUtilities: Serializing ReduceWork using kryo
2024-04-23T20:51:02,558  INFO [main] exec.Utilities: Serialized plan (via FILE) - name: null size: 6,46KB
2024-04-23T20:51:02,559  WARN [main] impl.MetricsSystemImpl: JobTracker metrics system already initialized!
2024-04-23T20:51:02,563  INFO [main] fs.FSStatsPublisher: created : file:/home/alex/Repositories/hive/ql/target/tmp/localscratchdir/35c1eaf2-85f7-4891-a074-7246c6e7652c/hive_2024-04-23_20-51-02_197_8257046393855938646-1/-mr-10001
2024-04-23T20:51:02,568  WARN [main] impl.MetricsSystemImpl: JobTracker metrics system already initialized!
2024-04-23T20:51:02,576  WARN [main] mapreduce.JobResourceUploader: Hadoop command-line option parsing not performed. Implement the Tool interface and execute your application with ToolRunner to remedy this.
2024-04-23T20:51:02,581  WARN [main] mapreduce.JobResourceUploader: No job jar file set.  User classes may not be found. See Job or Job#setJar(String).
2024-04-23T20:51:02,582  INFO [main] io.HiveInputFormat: hive.io.file.readcolumn.ids = 
2024-04-23T20:51:02,582  INFO [main] io.HiveInputFormat: hive.io.file.readcolumn.names = 
2024-04-23T20:51:02,582  INFO [main] io.HiveInputFormat: Generating splits for dirs: file:/home/alex/Repositories/hive/ql/target/tmp/localscratchdir/35c1eaf2-85f7-4891-a074-7246c6e7652c/hive_2024-04-23_20-51-02_197_8257046393855938646-1/dummy_path
2024-04-23T20:51:02,582  INFO [main] io.HiveInputFormat: number of splits 1
2024-04-23T20:51:02,601  INFO [main] mapreduce.JobSubmitter: number of splits:1
2024-04-23T20:51:02,622  INFO [main] mapreduce.JobSubmitter: Submitting tokens for job: job_local694923163_0010
2024-04-23T20:51:02,622  INFO [main] mapreduce.JobSubmitter: Executing with tokens: []
2024-04-23T20:51:02,687  INFO [main] mapreduce.Job: The url to track the job: http://localhost:8080/
Job running in-process (local Hadoop)
2024-04-23T20:51:02,687  INFO [main] exec.Task: Job running in-process (local Hadoop)
2024-04-23T20:51:02,688  INFO [Thread-615] mapred.LocalJobRunner: OutputCommitter set in config org.apache.hadoop.hive.ql.io.HiveFileFormatUtils$NullOutputCommitter
2024-04-23T20:51:02,688  INFO [Thread-615] mapred.LocalJobRunner: OutputCommitter is org.apache.hadoop.hive.ql.io.HiveFileFormatUtils$NullOutputCommitter
2024-04-23T20:51:02,689  INFO [Thread-615] mapred.LocalJobRunner: Waiting for map tasks
2024-04-23T20:51:02,689  INFO [LocalJobRunner Map Task Executor #0] mapred.LocalJobRunner: Starting task: attempt_local694923163_0010_m_000000_0
2024-04-23T20:51:02,690  INFO [LocalJobRunner Map Task Executor #0] mapred.Task:  Using ResourceCalculatorProcessTree : [ ]
2024-04-23T20:51:02,690  INFO [LocalJobRunner Map Task Executor #0] mapred.MapTask: Processing split: org.apache.hadoop.hive.ql.io.NullRowsInputFormat:file:/home/alex/Repositories/hive/ql/target/tmp/localscratchdir/35c1eaf2-85f7-4891-a074-7246c6e7652c/hive_2024-04-23_20-51-02_197_8257046393855938646-1/dummy_path/null:0+1
2024-04-23T20:51:02,691  INFO [LocalJobRunner Map Task Executor #0] exec.SerializationUtilities: Deserializing MapWork using kryo
2024-04-23T20:51:02,691  INFO [LocalJobRunner Map Task Executor #0] exec.Utilities: Deserialized plan (via FILE) - name: null size: 5,41KB
2024-04-23T20:51:02,692  INFO [LocalJobRunner Map Task Executor #0] mapred.MapTask: numReduceTasks: 1
2024-04-23T20:51:02,696  INFO [LocalJobRunner Map Task Executor #0] mapred.MapTask: (EQUATOR) 0 kvi 26214396(104857584)
2024-04-23T20:51:02,696  INFO [LocalJobRunner Map Task Executor #0] mapred.MapTask: mapreduce.task.io.sort.mb: 100
2024-04-23T20:51:02,696  INFO [LocalJobRunner Map Task Executor #0] mapred.MapTask: soft limit at 83886080
2024-04-23T20:51:02,696  INFO [LocalJobRunner Map Task Executor #0] mapred.MapTask: bufstart = 0; bufvoid = 104857600
2024-04-23T20:51:02,696  INFO [LocalJobRunner Map Task Executor #0] mapred.MapTask: kvstart = 26214396; length = 6553600
2024-04-23T20:51:02,697  INFO [LocalJobRunner Map Task Executor #0] mapred.MapTask: Map output collector class = org.apache.hadoop.mapred.MapTask$MapOutputBuffer
2024-04-23T20:51:02,697  INFO [LocalJobRunner Map Task Executor #0] exec.MapOperator: Initializing Operator: MAP[0]
2024-04-23T20:51:02,697  INFO [LocalJobRunner Map Task Executor #0] mr.ExecMapper: 
<MAP>Id =0
  <Children>null
  <\Children>
  <Parent><\Parent>
<\MAP>
2024-04-23T20:51:02,698  INFO [LocalJobRunner Map Task Executor #0] exec.TableScanOperator: Initializing Operator: TS[0]
2024-04-23T20:51:02,698  INFO [LocalJobRunner Map Task Executor #0] exec.SelectOperator: Initializing Operator: SEL[1]
2024-04-23T20:51:02,698  INFO [LocalJobRunner Map Task Executor #0] exec.SelectOperator: SELECT null
2024-04-23T20:51:02,699  INFO [LocalJobRunner Map Task Executor #0] exec.UDTFOperator: Initializing Operator: UDTF[2]
2024-04-23T20:51:02,699  INFO [LocalJobRunner Map Task Executor #0] exec.SelectOperator: Initializing Operator: SEL[3]
2024-04-23T20:51:02,699  INFO [LocalJobRunner Map Task Executor #0] exec.SelectOperator: SELECT struct<col1:int,col2:int,col3:int>
2024-04-23T20:51:02,699  INFO [LocalJobRunner Map Task Executor #0] exec.ReduceSinkOperator: Initializing Operator: RS[5]
2024-04-23T20:51:02,699  INFO [LocalJobRunner Map Task Executor #0] exec.ReduceSinkOperator: Using tag = -1
2024-04-23T20:51:02,700  INFO [LocalJobRunner Map Task Executor #0] exec.ReduceSinkOperator: keys are [_col2] num distributions: 1
2024-04-23T20:51:02,700  INFO [LocalJobRunner Map Task Executor #0] exec.ReduceSinkOperator: RS[5]: records written - 1
2024-04-23T20:51:02,700  INFO [LocalJobRunner Map Task Executor #0] exec.MapOperator: MAP[0]: records read - 1
2024-04-23T20:51:02,700  INFO [LocalJobRunner Map Task Executor #0] exec.MapOperator: Closing Operator: MAP[0]
2024-04-23T20:51:02,700  INFO [LocalJobRunner Map Task Executor #0] exec.MapOperator: MAP[0]: Total records read - 3. abort - false
2024-04-23T20:51:02,700  INFO [LocalJobRunner Map Task Executor #0] exec.MapOperator: RECORDS_OUT_INTERMEDIATE:0, RECORDS_OUT_OPERATOR_MAP_0:0, DESERIALIZE_ERRORS:0, RECORDS_IN:3, 
2024-04-23T20:51:02,700  INFO [LocalJobRunner Map Task Executor #0] exec.TableScanOperator: Closing Operator: TS[0]
2024-04-23T20:51:02,700  INFO [LocalJobRunner Map Task Executor #0] exec.TableScanOperator: RECORDS_OUT_INTERMEDIATE:0, RECORDS_OUT_OPERATOR_TS_0:1, 
2024-04-23T20:51:02,701  INFO [LocalJobRunner Map Task Executor #0] exec.SelectOperator: Closing Operator: SEL[1]
2024-04-23T20:51:02,701  INFO [LocalJobRunner Map Task Executor #0] exec.SelectOperator: RECORDS_OUT_OPERATOR_SEL_1:1, RECORDS_OUT_INTERMEDIATE:0, 
2024-04-23T20:51:02,701  INFO [LocalJobRunner Map Task Executor #0] exec.UDTFOperator: Closing Operator: UDTF[2]
2024-04-23T20:51:02,701  INFO [LocalJobRunner Map Task Executor #0] exec.UDTFOperator: RECORDS_OUT_INTERMEDIATE:0, RECORDS_OUT_OPERATOR_UDTF_2:2, 
2024-04-23T20:51:02,701  INFO [LocalJobRunner Map Task Executor #0] exec.SelectOperator: Closing Operator: SEL[3]
2024-04-23T20:51:02,701  INFO [LocalJobRunner Map Task Executor #0] exec.SelectOperator: RECORDS_OUT_OPERATOR_SEL_3:2, RECORDS_OUT_INTERMEDIATE:0, 
2024-04-23T20:51:02,701  INFO [LocalJobRunner Map Task Executor #0] exec.ReduceSinkOperator: Closing Operator: RS[5]
2024-04-23T20:51:02,701  INFO [LocalJobRunner Map Task Executor #0] exec.ReduceSinkOperator: RS[5]: Total records written - 2. abort - false
2024-04-23T20:51:02,701  INFO [LocalJobRunner Map Task Executor #0] exec.ReduceSinkOperator: RECORDS_OUT_OPERATOR_RS_5:2, RECORDS_OUT_INTERMEDIATE:2, 
2024-04-23T20:51:02,702  INFO [LocalJobRunner Map Task Executor #0] mapred.LocalJobRunner: 
2024-04-23T20:51:02,702  INFO [LocalJobRunner Map Task Executor #0] mapred.MapTask: Starting flush of map output
2024-04-23T20:51:02,702  INFO [LocalJobRunner Map Task Executor #0] mapred.MapTask: Spilling map output
2024-04-23T20:51:02,702  INFO [LocalJobRunner Map Task Executor #0] mapred.MapTask: bufstart = 0; bufend = 34; bufvoid = 104857600
2024-04-23T20:51:02,702  INFO [LocalJobRunner Map Task Executor #0] mapred.MapTask: kvstart = 26214396(104857584); kvend = 26214392(104857568); length = 5/6553600
2024-04-23T20:51:02,712  INFO [LocalJobRunner Map Task Executor #0] mapred.MapTask: Finished spill 0
2024-04-23T20:51:02,715  INFO [LocalJobRunner Map Task Executor #0] mapred.Task: Task:attempt_local694923163_0010_m_000000_0 is done. And is in the process of committing
2024-04-23T20:51:02,715  INFO [LocalJobRunner Map Task Executor #0] mapred.LocalJobRunner: map
2024-04-23T20:51:02,715  INFO [LocalJobRunner Map Task Executor #0] mapred.Task: Task 'attempt_local694923163_0010_m_000000_0' done.
2024-04-23T20:51:02,715  INFO [LocalJobRunner Map Task Executor #0] mapred.Task: Final Counters for attempt_local694923163_0010_m_000000_0: Counters: 26
	File System Counters
		FILE: Number of bytes read=159945
		FILE: Number of bytes written=12009682
		FILE: Number of read operations=0
		FILE: Number of large read operations=0
		FILE: Number of write operations=0
	Map-Reduce Framework
		Map input records=4
		Map output records=2
		Map output bytes=34
		Map output materialized bytes=44
		Input split bytes=361
		Combine input records=0
		Spilled Records=2
		Failed Shuffles=0
		Merged Map outputs=0
		GC time elapsed (ms)=0
		Total committed heap usage (bytes)=1076887552
	HIVE
		DESERIALIZE_ERRORS=0
		RECORDS_IN=3
		RECORDS_OUT_INTERMEDIATE=2
		RECORDS_OUT_OPERATOR_MAP_0=0
		RECORDS_OUT_OPERATOR_RS_5=2
		RECORDS_OUT_OPERATOR_SEL_1=1
		RECORDS_OUT_OPERATOR_SEL_3=2
		RECORDS_OUT_OPERATOR_TS_0=1
		RECORDS_OUT_OPERATOR_UDTF_2=2
	File Input Format Counters 
		Bytes Read=5466
2024-04-23T20:51:02,715  INFO [LocalJobRunner Map Task Executor #0] mapred.LocalJobRunner: Finishing task: attempt_local694923163_0010_m_000000_0
2024-04-23T20:51:02,716  INFO [Thread-615] mapred.LocalJobRunner: map task executor complete.
2024-04-23T20:51:02,716  INFO [Thread-615] mapred.LocalJobRunner: Waiting for reduce tasks
2024-04-23T20:51:02,717  INFO [pool-51-thread-1] mapred.LocalJobRunner: Starting task: attempt_local694923163_0010_r_000000_0
2024-04-23T20:51:02,717  INFO [pool-51-thread-1] mapred.Task:  Using ResourceCalculatorProcessTree : [ ]
2024-04-23T20:51:02,717  INFO [pool-51-thread-1] mapred.ReduceTask: Using ShuffleConsumerPlugin: org.apache.hadoop.mapreduce.task.reduce.Shuffle@6559ac31
2024-04-23T20:51:02,717  WARN [pool-51-thread-1] impl.MetricsSystemImpl: JobTracker metrics system already initialized!
2024-04-23T20:51:02,718  INFO [pool-51-thread-1] reduce.MergeManagerImpl: MergerManager: memoryLimit=1336252800, maxSingleShuffleLimit=334063200, mergeThreshold=881926912, ioSortFactor=10, memToMemMergeOutputsThreshold=10
2024-04-23T20:51:02,719  INFO [EventFetcher for fetching Map Completion Events] reduce.EventFetcher: attempt_local694923163_0010_r_000000_0 Thread started: EventFetcher for fetching Map Completion Events
2024-04-23T20:51:02,720  INFO [localfetcher#7] reduce.LocalFetcher: localfetcher#7 about to shuffle output of map attempt_local694923163_0010_m_000000_0 decomp: 40 len: 44 to MEMORY
2024-04-23T20:51:02,720  INFO [localfetcher#7] reduce.InMemoryMapOutput: Read 40 bytes from map-output for attempt_local694923163_0010_m_000000_0
2024-04-23T20:51:02,720  INFO [localfetcher#7] reduce.MergeManagerImpl: closeInMemoryFile -> map-output of size: 40, inMemoryMapOutputs.size() -> 1, commitMemory -> 0, usedMemory ->40
2024-04-23T20:51:02,720  INFO [EventFetcher for fetching Map Completion Events] reduce.EventFetcher: EventFetcher is interrupted.. Returning
2024-04-23T20:51:02,720  INFO [pool-51-thread-1] mapred.LocalJobRunner: 1 / 1 copied.
2024-04-23T20:51:02,721  INFO [pool-51-thread-1] reduce.MergeManagerImpl: finalMerge called with 1 in-memory map-outputs and 0 on-disk map-outputs
2024-04-23T20:51:02,726  INFO [pool-51-thread-1] mapred.Merger: Merging 1 sorted segments
2024-04-23T20:51:02,726  INFO [pool-51-thread-1] mapred.Merger: Down to the last merge-pass, with 1 segments left of total size: 28 bytes
2024-04-23T20:51:02,729  INFO [pool-51-thread-1] reduce.MergeManagerImpl: Merged 1 segments, 40 bytes to disk to satisfy reduce memory limit
2024-04-23T20:51:02,729  INFO [pool-51-thread-1] reduce.MergeManagerImpl: Merging 1 files, 44 bytes from disk
2024-04-23T20:51:02,729  INFO [pool-51-thread-1] reduce.MergeManagerImpl: Merging 0 segments, 0 bytes from memory into reduce
2024-04-23T20:51:02,729  INFO [pool-51-thread-1] mapred.Merger: Merging 1 sorted segments
2024-04-23T20:51:02,729  INFO [pool-51-thread-1] mapred.Merger: Down to the last merge-pass, with 1 segments left of total size: 28 bytes
2024-04-23T20:51:02,729  INFO [pool-51-thread-1] mapred.LocalJobRunner: 1 / 1 copied.
2024-04-23T20:51:02,730  INFO [pool-51-thread-1] exec.SerializationUtilities: Deserializing ReduceWork using kryo
2024-04-23T20:51:02,730  INFO [pool-51-thread-1] exec.Utilities: Deserialized plan (via FILE) - name: null size: 6,46KB
2024-04-23T20:51:02,732  INFO [pool-51-thread-1] ExecReducer: 
<SEL>Id =6
  <Children>
    <FS>Id =4
      <Children>
      <\Children>
      <Parent>Id = 6 null<\Parent>
    <\FS>
  <\Children>
  <Parent><\Parent>
<\SEL>
2024-04-23T20:51:02,732  INFO [pool-51-thread-1] exec.SelectOperator: Initializing Operator: SEL[6]
2024-04-23T20:51:02,732  INFO [pool-51-thread-1] exec.SelectOperator: SELECT struct<key:struct<_col2:int>,value:struct<_col0:int,_col1:int>>
2024-04-23T20:51:02,732  INFO [pool-51-thread-1] exec.FileSinkOperator: Initializing Operator: FS[4]
2024-04-23T20:51:02,732  INFO [pool-51-thread-1] exec.FileSinkOperator: Using serializer : AbstractSerDe [log=org.apache.logging.slf4j.Log4jLogger@4aa280a, configuration=Optional[Configuration: core-default.xml, core-site.xml, mapred-default.xml, mapred-site.xml, yarn-default.xml, yarn-site.xml, hdfs-default.xml, hdfs-site.xml, file:/home/alex/Repositories/hive/ql/target/tmp/TestTxnNoBucketsVectorized/mapred/local/localRunner/alex/job_local694923163_0010/job_local694923163_0010.xml], properties={name=default.tmp, columns.types=int:int, serialization.format=1, columns=c1,c2, columns.comments=&amp#0;, partition_columns.types=int, partition_columns=c3, bucketing_version=2, serialization.lib=org.apache.hadoop.hive.ql.io.orc.OrcSerde, file.inputformat=org.apache.hadoop.hive.ql.io.orc.OrcInputFormat, file.outputformat=org.apache.hadoop.hive.ql.io.orc.OrcOutputFormat, location=file:/home/alex/Repositories/hive/ql/target/tmp/org.apache.hadoop.hive.ql.TestTxnNoBuckets-1713930630697/warehouse/tmp, column.name.delimiter=,}, tableProperties={name=default.tmp, columns.types=int:int, serialization.format=1, columns=c1,c2, columns.comments=&amp#0;, partition_columns.types=int, partition_columns=c3, bucketing_version=2, serialization.lib=org.apache.hadoop.hive.ql.io.orc.OrcSerde, file.inputformat=org.apache.hadoop.hive.ql.io.orc.OrcInputFormat, location=file:/home/alex/Repositories/hive/ql/target/tmp/org.apache.hadoop.hive.ql.TestTxnNoBuckets-1713930630697/warehouse/tmp, file.outputformat=org.apache.hadoop.hive.ql.io.orc.OrcOutputFormat, column.name.delimiter=,}, partitionProperties=Optional.empty, columnNames=[c1, c2], columnTypes=[int, int], getClass()=class org.apache.hadoop.hive.ql.io.orc.OrcSerde] and formatter : org.apache.hadoop.hive.ql.io.orc.OrcOutputFormat@613d0251
2024-04-23T20:51:02,733  INFO [pool-51-thread-1] exec.FileSinkOperator: Final Path: FS file:/home/alex/Repositories/hive/ql/target/tmp/org.apache.hadoop.hive.ql.TestTxnNoBuckets-1713930630697/warehouse/tmp/.hive-staging_hive_2024-04-23_20-51-02_197_8257046393855938646-1/_tmp.-ext-10000/c3=3/000000_0
2024-04-23T20:51:02,733  INFO [pool-51-thread-1] exec.FileSinkOperator: Writing to temp file: FS file:/home/alex/Repositories/hive/ql/target/tmp/org.apache.hadoop.hive.ql.TestTxnNoBuckets-1713930630697/warehouse/tmp/.hive-staging_hive_2024-04-23_20-51-02_197_8257046393855938646-1/_task_tmp.-ext-10000/c3=3/_tmp.000000_0
2024-04-23T20:51:02,733  INFO [pool-51-thread-1] exec.FileSinkOperator: New Final Path: FS file:/home/alex/Repositories/hive/ql/target/tmp/org.apache.hadoop.hive.ql.TestTxnNoBuckets-1713930630697/warehouse/tmp/.hive-staging_hive_2024-04-23_20-51-02_197_8257046393855938646-1/_tmp.-ext-10000/c3=3/000000_0
2024-04-23T20:51:02,733  INFO [pool-51-thread-1] exec.FileSinkOperator: FS[4]: records written - 1
2024-04-23T20:51:02,733  INFO [pool-51-thread-1] impl.PhysicalFsWriter: ORC writer created for path: file:/home/alex/Repositories/hive/ql/target/tmp/org.apache.hadoop.hive.ql.TestTxnNoBuckets-1713930630697/warehouse/tmp/.hive-staging_hive_2024-04-23_20-51-02_197_8257046393855938646-1/_task_tmp.-ext-10000/c3=3/_tmp.000000_0 with stripeSize: 67108864 blockSize: 268435456 compression: Compress: ZLIB buffer: 262144
2024-04-23T20:51:02,742  INFO [pool-51-thread-1] impl.WriterImpl: ORC writer created for path: file:/home/alex/Repositories/hive/ql/target/tmp/org.apache.hadoop.hive.ql.TestTxnNoBuckets-1713930630697/warehouse/tmp/.hive-staging_hive_2024-04-23_20-51-02_197_8257046393855938646-1/_task_tmp.-ext-10000/c3=3/_tmp.000000_0 with stripeSize: 67108864 options: Compress: ZLIB buffer: 262144
2024-04-23T20:51:02,744  INFO [pool-51-thread-1] exec.FileSinkOperator: Final Path: FS file:/home/alex/Repositories/hive/ql/target/tmp/org.apache.hadoop.hive.ql.TestTxnNoBuckets-1713930630697/warehouse/tmp/.hive-staging_hive_2024-04-23_20-51-02_197_8257046393855938646-1/_tmp.-ext-10000/c3=4/000000_0
2024-04-23T20:51:02,744  INFO [pool-51-thread-1] exec.FileSinkOperator: Writing to temp file: FS file:/home/alex/Repositories/hive/ql/target/tmp/org.apache.hadoop.hive.ql.TestTxnNoBuckets-1713930630697/warehouse/tmp/.hive-staging_hive_2024-04-23_20-51-02_197_8257046393855938646-1/_task_tmp.-ext-10000/c3=4/_tmp.000000_0
2024-04-23T20:51:02,744  INFO [pool-51-thread-1] exec.FileSinkOperator: New Final Path: FS file:/home/alex/Repositories/hive/ql/target/tmp/org.apache.hadoop.hive.ql.TestTxnNoBuckets-1713930630697/warehouse/tmp/.hive-staging_hive_2024-04-23_20-51-02_197_8257046393855938646-1/_tmp.-ext-10000/c3=4/000000_0
2024-04-23T20:51:02,746  INFO [pool-51-thread-1] impl.PhysicalFsWriter: ORC writer created for path: file:/home/alex/Repositories/hive/ql/target/tmp/org.apache.hadoop.hive.ql.TestTxnNoBuckets-1713930630697/warehouse/tmp/.hive-staging_hive_2024-04-23_20-51-02_197_8257046393855938646-1/_task_tmp.-ext-10000/c3=4/_tmp.000000_0 with stripeSize: 67108864 blockSize: 268435456 compression: Compress: ZLIB buffer: 262144
2024-04-23T20:51:02,751  INFO [pool-51-thread-1] impl.WriterImpl: ORC writer created for path: file:/home/alex/Repositories/hive/ql/target/tmp/org.apache.hadoop.hive.ql.TestTxnNoBuckets-1713930630697/warehouse/tmp/.hive-staging_hive_2024-04-23_20-51-02_197_8257046393855938646-1/_task_tmp.-ext-10000/c3=4/_tmp.000000_0 with stripeSize: 67108864 options: Compress: ZLIB buffer: 262144
2024-04-23T20:51:02,751  INFO [pool-51-thread-1] exec.SelectOperator: Closing Operator: SEL[6]
2024-04-23T20:51:02,751  INFO [pool-51-thread-1] exec.SelectOperator: RECORDS_OUT_INTERMEDIATE:0, RECORDS_OUT_OPERATOR_SEL_6:2, 
2024-04-23T20:51:02,751  INFO [pool-51-thread-1] exec.FileSinkOperator: Closing Operator: FS[4]
2024-04-23T20:51:02,751  INFO [pool-51-thread-1] exec.FileSinkOperator: FS[4]: records written - 2
2024-04-23T20:51:02,753  INFO [pool-51-thread-1] common.FileUtils: Creating directory if it doesn't exist: file:/home/alex/Repositories/hive/ql/target/tmp/org.apache.hadoop.hive.ql.TestTxnNoBuckets-1713930630697/warehouse/tmp/.hive-staging_hive_2024-04-23_20-51-02_197_8257046393855938646-1/_tmp.-ext-10000/c3=4
2024-04-23T20:51:02,756  INFO [pool-51-thread-1] common.FileUtils: Creating directory if it doesn't exist: file:/home/alex/Repositories/hive/ql/target/tmp/org.apache.hadoop.hive.ql.TestTxnNoBuckets-1713930630697/warehouse/tmp/.hive-staging_hive_2024-04-23_20-51-02_197_8257046393855938646-1/_tmp.-ext-10000/c3=3
2024-04-23T20:51:02,764  INFO [pool-51-thread-1] exec.FileSinkOperator: TOTAL_TABLE_ROWS_WRITTEN:2, RECORDS_OUT_1_default.tmp:2, RECORDS_OUT_OPERATOR_FS_4:2, RECORDS_OUT_INTERMEDIATE:0, 
2024-04-23T20:51:02,764  INFO [pool-51-thread-1] mapred.Task: Task:attempt_local694923163_0010_r_000000_0 is done. And is in the process of committing
2024-04-23T20:51:02,765  INFO [pool-51-thread-1] mapred.LocalJobRunner: reduce > reduce
2024-04-23T20:51:02,765  INFO [pool-51-thread-1] mapred.Task: Task 'attempt_local694923163_0010_r_000000_0' done.
2024-04-23T20:51:02,765  INFO [pool-51-thread-1] mapred.Task: Final Counters for attempt_local694923163_0010_r_000000_0: Counters: 31
	File System Counters
		FILE: Number of bytes read=166588
		FILE: Number of bytes written=12010353
		FILE: Number of read operations=0
		FILE: Number of large read operations=0
		FILE: Number of write operations=0
	Map-Reduce Framework
		Combine input records=0
		Combine output records=0
		Reduce input groups=2
		Reduce shuffle bytes=44
		Reduce input records=2
		Reduce output records=0
		Spilled Records=2
		Shuffled Maps =1
		Failed Shuffles=0
		Merged Map outputs=1
		GC time elapsed (ms)=0
		Total committed heap usage (bytes)=1076887552
	HIVE
		CREATED_DYNAMIC_PARTITIONS=1
		CREATED_FILES=2
		RECORDS_OUT_1_default.tmp=2
		RECORDS_OUT_INTERMEDIATE=0
		RECORDS_OUT_OPERATOR_FS_4=2
		RECORDS_OUT_OPERATOR_SEL_6=2
		TOTAL_TABLE_ROWS_WRITTEN=2
	Shuffle Errors
		BAD_ID=0
		CONNECTION=0
		IO_ERROR=0
		WRONG_LENGTH=0
		WRONG_MAP=0
		WRONG_REDUCE=0
	File Output Format Counters 
		Bytes Written=0
2024-04-23T20:51:02,765  INFO [pool-51-thread-1] mapred.LocalJobRunner: Finishing task: attempt_local694923163_0010_r_000000_0
2024-04-23T20:51:02,765  INFO [Thread-615] mapred.LocalJobRunner: reduce task executor complete.
2024-04-23 20:51:03,692 Stage-1 map = 100%,  reduce = 100%
2024-04-23T20:51:03,692  INFO [main] exec.Task: 2024-04-23 20:51:03,692 Stage-1 map = 100%,  reduce = 100%
Ended Job = job_local694923163_0010
2024-04-23T20:51:03,694  INFO [main] exec.Task: Ended Job = job_local694923163_0010
2024-04-23T20:51:03,697  INFO [main] ql.Driver: Starting task [Stage-0:MOVE] in serial mode
Loading data to table default.tmp partition (c3=null)
2024-04-23T20:51:03,697  INFO [main] exec.Task: Loading data to table default.tmp partition (c3=null) from file:/home/alex/Repositories/hive/ql/target/tmp/org.apache.hadoop.hive.ql.TestTxnNoBuckets-1713930630697/warehouse/tmp/.hive-staging_hive_2024-04-23_20-51-02_197_8257046393855938646-1/-ext-10000
2024-04-23T20:51:03,697  INFO [main] HiveMetaStore.audit: ugi=alex	ip=unknown-ip-addr	cmd=get_table : tbl=hive.default.tmp	
2024-04-23T20:51:03,708  INFO [main] metastore.HMSHandler: Skipping translation for processor with null
2024-04-23T20:51:03,708  INFO [main] exec.MoveTask: Partition is: {c3=null}


2024-04-23T20:51:03,709  INFO [main] exec.Task: 

2024-04-23T20:51:03,709  INFO [main] HiveMetaStore.audit: ugi=alex	ip=unknown-ip-addr	cmd=get_table : tbl=hive.default.tmp	
2024-04-23T20:51:03,720  INFO [main] metastore.HMSHandler: Skipping translation for processor with null
2024-04-23T20:51:03,720  INFO [main] HiveMetaStore.audit: ugi=alex	ip=unknown-ip-addr	cmd=get_table : tbl=hive.default.tmp	
2024-04-23T20:51:03,731  INFO [main] metastore.HMSHandler: Skipping translation for processor with null
2024-04-23T20:51:03,732  INFO [main] HiveMetaStore.audit: ugi=alex	ip=unknown-ip-addr	cmd=get_table : tbl=hive.default.tmp	
2024-04-23T20:51:03,742  INFO [main] metastore.HMSHandler: Skipping translation for processor with null
2024-04-23T20:51:03,742  INFO [main] HiveMetaStore.audit: ugi=alex	ip=unknown-ip-addr	cmd=get_partitions_names_ps : tbl=hive.default.tmp[]	
2024-04-23T20:51:03,757  INFO [main] HiveMetaStore.audit: ugi=alex	ip=unknown-ip-addr	cmd=get_table : tbl=hive.default.tmp	
2024-04-23T20:51:03,767  INFO [main] metastore.HMSHandler: Skipping translation for processor with null
2024-04-23T20:51:03,768  INFO [main] HiveMetaStore.audit: ugi=alex	ip=unknown-ip-addr	cmd=get_partitions_by_names : tbl=hive.default.tmp	
2024-04-23T20:51:03,798  INFO [main] metastore.HMSHandler: Skipping translation for processor with null
2024-04-23T20:51:03,803  INFO [load-dynamic-partitionsToAdd-0] metadata.Hive: New loading path = file:/home/alex/Repositories/hive/ql/target/tmp/org.apache.hadoop.hive.ql.TestTxnNoBuckets-1713930630697/warehouse/tmp/.hive-staging_hive_2024-04-23_20-51-02_197_8257046393855938646-1/-ext-10000/c3=4 withPartSpec {c3=4}
2024-04-23T20:51:03,803  INFO [load-dynamic-partitionsToAdd-1] metadata.Hive: New loading path = file:/home/alex/Repositories/hive/ql/target/tmp/org.apache.hadoop.hive.ql.TestTxnNoBuckets-1713930630697/warehouse/tmp/.hive-staging_hive_2024-04-23_20-51-02_197_8257046393855938646-1/-ext-10000/c3=3 withPartSpec {c3=3}
2024-04-23T20:51:03,804  INFO [load-dynamic-partitionsToAdd-0] metastore.HiveMetaStoreClient: HMS client filtering is enabled.
2024-04-23T20:51:03,804  INFO [load-dynamic-partitionsToAdd-0] metastore.HMSHandler: 5: Opening raw store with implementation class:org.apache.hadoop.hive.metastore.ObjectStore
2024-04-23T20:51:03,805  INFO [load-dynamic-partitionsToAdd-0] metastore.PersistenceManagerProvider: Configuration datanucleus.autoStartMechanismMode is not set. Defaulting to 'ignored'
2024-04-23T20:51:03,805  INFO [load-dynamic-partitionsToAdd-0] metastore.ObjectStore: RawStore: org.apache.hadoop.hive.metastore.ObjectStore@5eda0696, with PersistenceManager: null will be shutdown
2024-04-23T20:51:03,806  INFO [load-dynamic-partitionsToAdd-0] metastore.ObjectStore: RawStore: org.apache.hadoop.hive.metastore.ObjectStore@5eda0696, with PersistenceManager: org.datanucleus.api.jdo.JDOPersistenceManager@5c5290e9 created in the thread with id: 750
2024-04-23T20:51:03,829  INFO [load-dynamic-partitionsToAdd-0] metastore.HMSHandler: Created RawStore: org.apache.hadoop.hive.metastore.ObjectStore@5eda0696 from thread id: 750
2024-04-23T20:51:03,830  INFO [load-dynamic-partitionsToAdd-0] metastore.HMSHandler: HMS server filtering is disabled by configuration
2024-04-23T20:51:03,830  INFO [load-dynamic-partitionsToAdd-0] metastore.RetryingMetaStoreClient: RetryingMetaStoreClient proxy=class org.apache.hadoop.hive.ql.metadata.SessionHiveMetaStoreClient ugi=alex (auth:SIMPLE) retries=1 delay=1 lifetime=0
2024-04-23T20:51:03,830  INFO [load-dynamic-partitionsToAdd-0] HiveMetaStore.audit: ugi=alex	ip=unknown-ip-addr	cmd=get_database: default	
2024-04-23T20:51:03,832  INFO [load-dynamic-partitionsToAdd-0] common.FileUtils: Creating directory if it doesn't exist: file:/home/alex/Repositories/hive/ql/target/tmp/org.apache.hadoop.hive.ql.TestTxnNoBuckets-1713930630697/warehouse/tmp/c3=4
2024-04-23T20:51:03,835  INFO [load-dynamic-partitionsToAdd-0] HiveMetaStore.audit: ugi=alex	ip=unknown-ip-addr	cmd=Cleaning up thread local RawStore...	
2024-04-23T20:51:03,835  INFO [load-dynamic-partitionsToAdd-0] metastore.ObjectStore: RawStore: org.apache.hadoop.hive.metastore.ObjectStore@5eda0696, with PersistenceManager: org.datanucleus.api.jdo.JDOPersistenceManager@5c5290e9 will be shutdown
2024-04-23T20:51:03,836  INFO [load-dynamic-partitionsToAdd-0] HiveMetaStore.audit: ugi=alex	ip=unknown-ip-addr	cmd=Done cleaning up thread local RawStore	
2024-04-23T20:51:03,836  INFO [load-dynamic-partitionsToAdd-0] metastore.HiveMetaStoreClient: Closed a connection to metastore, current connections: -5
2024-04-23T20:51:03,836  INFO [main] metadata.Hive: Number of partitionsToAdd to be added is 2
2024-04-23T20:51:03,836  INFO [main] HiveMetaStore.audit: ugi=alex	ip=unknown-ip-addr	cmd=add_partitions	
2024-04-23T20:51:03,871  INFO [main] HiveMetaStore.audit: ugi=alex	ip=unknown-ip-addr	cmd=alter_partitions : tbl=hive.default.tmp	
2024-04-23T20:51:03,871  INFO [main] metastore.HMSHandler: New partition values:[3]
2024-04-23T20:51:03,941  INFO [main] metadata.Hive: Loaded 2partitionsToAdd
	 Time taken to load dynamic partitions: 0.232 seconds
2024-04-23T20:51:03,941  INFO [main] exec.Task: 	 Time taken to load dynamic partitions: 0.232 seconds
2024-04-23T20:51:03,941  INFO [main] exec.MoveTask: 	 Time taken to load dynamic partitions: 0.232 seconds
2024-04-23T20:51:03,941  INFO [main] exec.MoveTask: Loading partition {c3=4}
2024-04-23T20:51:03,941  INFO [main] exec.MoveTask: Loading partition {c3=3}
	 Time taken for adding to write entity : 0.0 seconds
2024-04-23T20:51:03,941  INFO [main] exec.Task: 	 Time taken for adding to write entity : 0.0 seconds
2024-04-23T20:51:03,941  INFO [main] ql.Driver: Starting task [Stage-2:STATS] in serial mode
2024-04-23T20:51:03,941  INFO [main] HiveMetaStore.audit: ugi=alex	ip=unknown-ip-addr	cmd=get_table : tbl=hive.default.tmp	
2024-04-23T20:51:03,952  INFO [main] metastore.HMSHandler: Skipping translation for processor with null
2024-04-23T20:51:03,953  INFO [main] stats.BasicStatsTask: Executing stats task
2024-04-23T20:51:03,953  INFO [main] fs.FSStatsPublisher: created : file:/home/alex/Repositories/hive/ql/target/tmp/localscratchdir/35c1eaf2-85f7-4891-a074-7246c6e7652c/hive_2024-04-23_20-51-02_197_8257046393855938646-1/-mr-10001
2024-04-23T20:51:03,954  INFO [main] HiveMetaStore.audit: ugi=alex	ip=unknown-ip-addr	cmd=get_table : tbl=hive.default.tmp	
2024-04-23T20:51:03,964  INFO [main] metastore.HMSHandler: Skipping translation for processor with null
2024-04-23T20:51:03,965  INFO [main] FileOperations: Read stats for default.tmp/c3=4/, numRows, true, 1, false: 
2024-04-23T20:51:03,965  INFO [main] FileOperations: Read stats for default.tmp/c3=4/, rawDataSize, true, 8, false: 
2024-04-23T20:51:03,965  INFO [main] stats.BasicStatsTask: Partition {c3=4} stats: [numFiles=1, numRows=1, totalSize=242, rawDataSize=8, numFilesErasureCoded=0]
2024-04-23T20:51:03,965  INFO [main] FileOperations: Read stats for default.tmp/c3=3/, numRows, true, 1, false: 
2024-04-23T20:51:03,965  INFO [main] FileOperations: Read stats for default.tmp/c3=3/, rawDataSize, true, 8, false: 
2024-04-23T20:51:03,965  INFO [main] stats.BasicStatsTask: Partition {c3=3} stats: [numFiles=2, numRows=2, totalSize=484, rawDataSize=16, numFilesErasureCoded=0]
2024-04-23T20:51:03,965  INFO [main] HiveMetaStore.audit: ugi=alex	ip=unknown-ip-addr	cmd=alter_partitions : tbl=hive.default.tmp	
2024-04-23T20:51:03,966  INFO [main] metastore.HMSHandler: New partition values:[4]
2024-04-23T20:51:03,966  INFO [main] metastore.HMSHandler: New partition values:[3]
2024-04-23T20:51:04,031  INFO [main] metadata.Hive: Dumping metastore api call timing information for : execution phase
2024-04-23T20:51:04,031  INFO [main] metadata.Hive: Total time spent in each metastore function (ms): {getTable_(GetTableRequest)=54, add_partitions_(List)=34, alter_partitions_(String, String, String, List, EnvironmentContext, String, long)=69, alter_partitions_(String, String, List, EnvironmentContext, String, long)=66, isCompatibleWith_(Configuration)=0, listPartitionNamesRequest_(GetPartitionNamesPsRequest)=26, getPartitionsByNames_(String, String, List, boolean, String)=45}
MapReduce Jobs Launched: 
2024-04-23T20:51:04,032  INFO [main] ql.Driver: MapReduce Jobs Launched: 
Stage-Stage-1:  HDFS Read: 0 HDFS Write: 0 SUCCESS
2024-04-23T20:51:04,032  INFO [main] ql.Driver: Stage-Stage-1:  HDFS Read: 0 HDFS Write: 0 SUCCESS
Total MapReduce CPU Time Spent: 0 msec
2024-04-23T20:51:04,032  INFO [main] ql.Driver: Total MapReduce CPU Time Spent: 0 msec
2024-04-23T20:51:04,032  INFO [main] ql.Driver: Completed executing command(queryId=alex_20240423205102_57cbb74f-26fc-4747-bf86-983782e8511d); Time taken: 1.635 seconds
2024-04-23T20:51:04,032  INFO [main] lockmgr.DbTxnManager: Stopped heartbeat for query: alex_20240423205102_57cbb74f-26fc-4747-bf86-983782e8511d
2024-04-23T20:51:04,036  INFO [main] txn.TxnHandler: Expected to move at least one record from txn_components to completed_txn_components when committing txn! txnid:17
2024-04-23T20:51:04,043  INFO [main] txn.TxnHandler: Removed transactions: ([17]) from MIN_HISTORY_LEVEL
2024-04-23T20:51:04,045  WARN [main] txn.CompactionTxnHandler: No compaction queue record found for Compaction type transaction commit. txnId:17
2024-04-23T20:51:04,045  INFO [main] ql.TxnCommandsBaseForTests: Running the query: insert into tmp  values(5,5,5),(6,6,6)
2024-04-23T20:51:04,046  INFO [main] ql.Context: Deleting scratch dir: file:/home/alex/Repositories/hive/ql/target/tmp/localscratchdir/35c1eaf2-85f7-4891-a074-7246c6e7652c/hive_2024-04-23_20-51-02_197_8257046393855938646-1
2024-04-23T20:51:04,046  INFO [main] cleanup.SyncCleanupService: Deleted directory: file:/home/alex/Repositories/hive/ql/target/tmp/localscratchdir/35c1eaf2-85f7-4891-a074-7246c6e7652c/hive_2024-04-23_20-51-02_197_8257046393855938646-1 on fs with scheme file
2024-04-23T20:51:04,047  INFO [main] ql.Context: Deleting scratch dir: file:/home/alex/Repositories/hive/ql/target/tmp/org.apache.hadoop.hive.ql.TestTxnNoBuckets-1713930630697/warehouse/tmp/.hive-staging_hive_2024-04-23_20-51-02_197_8257046393855938646-1
2024-04-23T20:51:04,047  INFO [main] cleanup.SyncCleanupService: Deleted directory: file:/home/alex/Repositories/hive/ql/target/tmp/org.apache.hadoop.hive.ql.TestTxnNoBuckets-1713930630697/warehouse/tmp/.hive-staging_hive_2024-04-23_20-51-02_197_8257046393855938646-1 on fs with scheme file
2024-04-23T20:51:04,047  INFO [main] ql.Driver: Compiling command(queryId=alex_20240423205104_4fcab340-ec6a-4385-99f5-b40ef6f30464): insert into tmp  values(5,5,5),(6,6,6)
2024-04-23T20:51:04,056  INFO [main] txn.TxnHandler: Added entries to MIN_HISTORY_LEVEL for current txns: ([18]) with min_open_txn: 18
2024-04-23T20:51:04,057  INFO [main] lockmgr.DbTxnManager: Opened txnid:18
2024-04-23T20:51:04,059  INFO [main] parse.CalcitePlanner: Starting caching scope for: 
2024-04-23T20:51:04,059  INFO [main] parse.CalcitePlanner: Starting Semantic Analysis
2024-04-23T20:51:04,066  INFO [main] HiveMetaStore.audit: ugi=alex	ip=unknown-ip-addr	cmd=get_table : tbl=hive.default.tmp	
2024-04-23T20:51:04,076  INFO [main] metastore.HMSHandler: Skipping translation for processor with null
2024-04-23T20:51:04,076  INFO [main] parse.CalcitePlanner: Completed phase 1 of Semantic Analysis
2024-04-23T20:51:04,076  INFO [main] parse.CalcitePlanner: Get metadata for source tables
2024-04-23T20:51:04,076  INFO [main] parse.CalcitePlanner: Get metadata for subqueries
2024-04-23T20:51:04,077  INFO [main] parse.CalcitePlanner: Get metadata for destination tables
2024-04-23T20:51:04,077  INFO [main] HiveMetaStore.audit: ugi=alex	ip=unknown-ip-addr	cmd=get_table : tbl=hive.default.tmp	
2024-04-23T20:51:04,087  INFO [main] metastore.HMSHandler: Skipping translation for processor with null
2024-04-23T20:51:04,087  INFO [main] parse.CalcitePlanner: Completed getting MetaData in Semantic Analysis
2024-04-23T20:51:04,087  INFO [main] parse.CalcitePlanner: Disabling LLAP IO encode as ETL query is detected
2024-04-23T20:51:04,110  INFO [main] HiveMetaStore.audit: ugi=alex	ip=unknown-ip-addr	cmd=get_all_table_constraints : tbl=hive._dummy_database._dummy_table	
2024-04-23T20:51:04,194  INFO [main] parse.CalcitePlanner: Get metadata for source tables
2024-04-23T20:51:04,194  INFO [main] parse.CalcitePlanner: Get metadata for subqueries
2024-04-23T20:51:04,194  INFO [main] parse.CalcitePlanner: Get metadata for source tables
2024-04-23T20:51:04,195  INFO [main] HiveMetaStore.audit: ugi=alex	ip=unknown-ip-addr	cmd=get_table : tbl=hive._dummy_database._dummy_table	
2024-04-23T20:51:04,198  INFO [main] parse.CalcitePlanner: Get metadata for subqueries
2024-04-23T20:51:04,198  INFO [main] parse.CalcitePlanner: Get metadata for destination tables
2024-04-23T20:51:04,198  INFO [main] parse.CalcitePlanner: Get metadata for destination tables
2024-04-23T20:51:04,198  INFO [main] HiveMetaStore.audit: ugi=alex	ip=unknown-ip-addr	cmd=get_table : tbl=hive.default.tmp	
2024-04-23T20:51:04,217  INFO [main] metastore.HMSHandler: Skipping translation for processor with null
2024-04-23T20:51:04,219  INFO [main] common.FileUtils: Creating directory if it doesn't exist: file:/home/alex/Repositories/hive/ql/target/tmp/org.apache.hadoop.hive.ql.TestTxnNoBuckets-1713930630697/warehouse/tmp/.hive-staging_hive_2024-04-23_20-51-04_047_5384704443917834545-1
2024-04-23T20:51:04,222  INFO [main] HiveMetaStore.audit: ugi=alex	ip=unknown-ip-addr	cmd=get_not_null_constraints : tbl=hive.default.tmp	
2024-04-23T20:51:04,224  INFO [main] HiveMetaStore.audit: ugi=alex	ip=unknown-ip-addr	cmd=get_check_constraints : tbl=hive.default.tmp	
2024-04-23T20:51:04,225  INFO [main] parse.CalcitePlanner: CBO Succeeded; optimized logical plan.
2024-04-23T20:51:04,229  INFO [main] optimizer.BucketVersionPopulator: not considering bucketingVersion for: TS[0] because it has -1<2 buckets 
2024-04-23T20:51:04,229  INFO [main] optimizer.SortedDynPartitionOptimizer: Sorted dynamic partitioning optimization kicked in..
2024-04-23T20:51:04,230  INFO [main] optimizer.SortedDynPartitionOptimizer: Inserted RS_5 and SEL_6 as parent of FS_4 and child of SEL_3
2024-04-23T20:51:04,240  INFO [main] HiveMetaStore.audit: ugi=alex	ip=unknown-ip-addr	cmd=get_table : tbl=hive.default.tmp	
2024-04-23T20:51:04,251  INFO [main] metastore.HMSHandler: Skipping translation for processor with null
2024-04-23T20:51:04,252  INFO [main] physical.Vectorizer: Examining input format to see if vectorization is enabled.
2024-04-23T20:51:04,252  INFO [main] physical.Vectorizer: Map vectorization enabled: false
2024-04-23T20:51:04,252  INFO [main] physical.Vectorizer: Map vectorized: false
2024-04-23T20:51:04,252  INFO [main] physical.Vectorizer: Map vectorizedVertexNum: 0
2024-04-23T20:51:04,252  INFO [main] physical.Vectorizer: Map enabledConditionsMet: [hive.vectorized.use.vectorized.input.format IS true]
2024-04-23T20:51:04,252  INFO [main] physical.Vectorizer: Map enabledConditionsNotMet: [Could not enable vectorization due to partition column names size 1 is greater than the number of table column names size 0 IS false]
2024-04-23T20:51:04,252  INFO [main] physical.Vectorizer: Map inputFileFormatClassNameSet: [org.apache.hadoop.hive.ql.io.NullRowsInputFormat]
2024-04-23T20:51:04,252  INFO [main] physical.Vectorizer: Reduce vectorization enabled: false
2024-04-23T20:51:04,252  INFO [main] physical.Vectorizer: Reduce vectorized: false
2024-04-23T20:51:04,252  INFO [main] physical.Vectorizer: Reduce vectorizedVertexNum: 1
2024-04-23T20:51:04,252  INFO [main] physical.Vectorizer: Reducer hive.vectorized.execution.reduce.enabled: true
2024-04-23T20:51:04,252  INFO [main] physical.Vectorizer: Reducer engine: mr
2024-04-23T20:51:04,252  INFO [main] parse.CalcitePlanner: Completed plan generation
2024-04-23T20:51:04,252  INFO [main] parse.CalcitePlanner: Ending caching scope for: 
2024-04-23T20:51:04,252  INFO [main] ql.Driver: Semantic Analysis Completed (retrial = false)
2024-04-23T20:51:04,253  INFO [main] ql.Driver: Created Hive schema: Schema(fieldSchemas:[FieldSchema(name:col1, type:int, comment:null), FieldSchema(name:col2, type:int, comment:null), FieldSchema(name:col3, type:int, comment:null)], properties:null)
2024-04-23T20:51:04,253  INFO [main] metadata.Hive: Dumping metastore api call timing information for : compilation phase
2024-04-23T20:51:04,253  INFO [main] metadata.Hive: Total time spent in each metastore function (ms): {getTable_(GetTableRequest)=50, openTxn_(String, TxnType)=9, getValidTxns_(long)=2, getMetaConf_(String)=0, flushCache_()=0, getCheckConstraints_(CheckConstraintsRequest)=1, getValidWriteIds_(List, String)=8, getNotNullConstraints_(NotNullConstraintsRequest)=2, commitTxn_(CommitTxnRequest)=13, getAllTableConstraints_(AllTableConstraintsRequest)=30, isCompatibleWith_(Configuration)=0}
2024-04-23T20:51:04,253  INFO [main] ql.Driver: Completed compiling command(queryId=alex_20240423205104_4fcab340-ec6a-4385-99f5-b40ef6f30464); Time taken: 0.206 seconds
2024-04-23T20:51:04,253  INFO [main] lockmgr.DbTxnManager: Setting lock request transaction to txnid:18 for queryId=alex_20240423205104_4fcab340-ec6a-4385-99f5-b40ef6f30464
2024-04-23T20:51:04,254  INFO [main] lockmgr.DbLockManager: Requesting lock for queryId=alex_20240423205104_4fcab340-ec6a-4385-99f5-b40ef6f30464
2024-04-23T20:51:04,274  INFO [main] lockmgr.DbLockManager: Response to queryId=alex_20240423205104_4fcab340-ec6a-4385-99f5-b40ef6f30464 LockResponse(lockid:11, state:ACQUIRED)
2024-04-23T20:51:04,274  INFO [main] ql.Driver: Operation QUERY obtained 1 locks
2024-04-23T20:51:04,274  INFO [main] ql.Driver: Executing command(queryId=alex_20240423205104_4fcab340-ec6a-4385-99f5-b40ef6f30464): insert into tmp  values(5,5,5),(6,6,6)
2024-04-23T20:51:04,274  WARN [main] ql.Driver: Hive-on-MR is deprecated in Hive 2 and may not be available in the future versions. Consider using a different execution engine (i.e. spark, tez) or using Hive 1.X releases.
Query ID = alex_20240423205104_4fcab340-ec6a-4385-99f5-b40ef6f30464
2024-04-23T20:51:04,274  INFO [main] ql.Driver: Query ID = alex_20240423205104_4fcab340-ec6a-4385-99f5-b40ef6f30464
Total jobs = 1
2024-04-23T20:51:04,274  INFO [main] ql.Driver: Total jobs = 1
Launching Job 1 out of 1
2024-04-23T20:51:04,274  INFO [main] ql.Driver: Launching Job 1 out of 1
2024-04-23T20:51:04,417  INFO [main] ql.Driver: Starting task [Stage-1:MAPRED] in serial mode
2024-04-23T20:51:04,417  INFO [main] exec.Utilities: Not using thread pool for getContentSummary
2024-04-23T20:51:04,418  INFO [main] exec.Utilities: BytesPerReducer=256000000 maxReducers=1009 totalInputFileSize=1
Number of reduce tasks not specified. Estimated from input data size: 1
2024-04-23T20:51:04,418  INFO [main] exec.Task: Number of reduce tasks not specified. Estimated from input data size: 1
In order to change the average load for a reducer (in bytes):
2024-04-23T20:51:04,418  INFO [main] exec.Task: In order to change the average load for a reducer (in bytes):
  set hive.exec.reducers.bytes.per.reducer=<number>
2024-04-23T20:51:04,418  INFO [main] exec.Task:   set hive.exec.reducers.bytes.per.reducer=<number>
In order to limit the maximum number of reducers:
2024-04-23T20:51:04,418  INFO [main] exec.Task: In order to limit the maximum number of reducers:
  set hive.exec.reducers.max=<number>
2024-04-23T20:51:04,418  INFO [main] exec.Task:   set hive.exec.reducers.max=<number>
In order to set a constant number of reducers:
2024-04-23T20:51:04,418  INFO [main] exec.Task: In order to set a constant number of reducers:
  set mapreduce.job.reduces=<number>
2024-04-23T20:51:04,418  INFO [main] exec.Task:   set mapreduce.job.reduces=<number>
2024-04-23T20:51:04,421  INFO [main] mr.ExecDriver: Using org.apache.hadoop.hive.ql.io.HiveInputFormat
2024-04-23T20:51:04,421  INFO [main] exec.Utilities: Processing alias $hdt$_0:_dummy_table
2024-04-23T20:51:04,421  INFO [main] exec.Utilities: Adding 1 inputs; the first input is file:/home/alex/Repositories/hive/ql/target/tmp/localscratchdir/35c1eaf2-85f7-4891-a074-7246c6e7652c/hive_2024-04-23_20-51-04_047_5384704443917834545-1/dummy_path
2024-04-23T20:51:04,430  INFO [main] exec.SerializationUtilities: Serializing MapWork using kryo
2024-04-23T20:51:04,431  INFO [main] exec.Utilities: Serialized plan (via FILE) - name: null size: 5,39KB
2024-04-23T20:51:04,436  INFO [main] exec.SerializationUtilities: Serializing ReduceWork using kryo
2024-04-23T20:51:04,436  INFO [main] exec.Utilities: Serialized plan (via FILE) - name: null size: 6,46KB
2024-04-23T20:51:04,437  WARN [main] impl.MetricsSystemImpl: JobTracker metrics system already initialized!
2024-04-23T20:51:04,441  INFO [main] fs.FSStatsPublisher: created : file:/home/alex/Repositories/hive/ql/target/tmp/localscratchdir/35c1eaf2-85f7-4891-a074-7246c6e7652c/hive_2024-04-23_20-51-04_047_5384704443917834545-1/-mr-10001
2024-04-23T20:51:04,446  WARN [main] impl.MetricsSystemImpl: JobTracker metrics system already initialized!
2024-04-23T20:51:04,453  WARN [main] mapreduce.JobResourceUploader: Hadoop command-line option parsing not performed. Implement the Tool interface and execute your application with ToolRunner to remedy this.
2024-04-23T20:51:04,457  WARN [main] mapreduce.JobResourceUploader: No job jar file set.  User classes may not be found. See Job or Job#setJar(String).
2024-04-23T20:51:04,458  INFO [main] io.HiveInputFormat: hive.io.file.readcolumn.ids = 
2024-04-23T20:51:04,458  INFO [main] io.HiveInputFormat: hive.io.file.readcolumn.names = 
2024-04-23T20:51:04,458  INFO [main] io.HiveInputFormat: Generating splits for dirs: file:/home/alex/Repositories/hive/ql/target/tmp/localscratchdir/35c1eaf2-85f7-4891-a074-7246c6e7652c/hive_2024-04-23_20-51-04_047_5384704443917834545-1/dummy_path
2024-04-23T20:51:04,458  INFO [main] io.HiveInputFormat: number of splits 1
2024-04-23T20:51:04,477  INFO [main] mapreduce.JobSubmitter: number of splits:1
2024-04-23T20:51:04,497  INFO [main] mapreduce.JobSubmitter: Submitting tokens for job: job_local679156405_0011
2024-04-23T20:51:04,497  INFO [main] mapreduce.JobSubmitter: Executing with tokens: []
2024-04-23T20:51:04,573  INFO [main] mapreduce.Job: The url to track the job: http://localhost:8080/
Job running in-process (local Hadoop)
2024-04-23T20:51:04,573  INFO [main] exec.Task: Job running in-process (local Hadoop)
2024-04-23T20:51:04,574  INFO [Thread-676] mapred.LocalJobRunner: OutputCommitter set in config org.apache.hadoop.hive.ql.io.HiveFileFormatUtils$NullOutputCommitter
2024-04-23T20:51:04,574  INFO [Thread-676] mapred.LocalJobRunner: OutputCommitter is org.apache.hadoop.hive.ql.io.HiveFileFormatUtils$NullOutputCommitter
2024-04-23T20:51:04,575  INFO [Thread-676] mapred.LocalJobRunner: Waiting for map tasks
2024-04-23T20:51:04,576  INFO [LocalJobRunner Map Task Executor #0] mapred.LocalJobRunner: Starting task: attempt_local679156405_0011_m_000000_0
2024-04-23T20:51:04,576  INFO [LocalJobRunner Map Task Executor #0] mapred.Task:  Using ResourceCalculatorProcessTree : [ ]
2024-04-23T20:51:04,577  INFO [LocalJobRunner Map Task Executor #0] mapred.MapTask: Processing split: org.apache.hadoop.hive.ql.io.NullRowsInputFormat:file:/home/alex/Repositories/hive/ql/target/tmp/localscratchdir/35c1eaf2-85f7-4891-a074-7246c6e7652c/hive_2024-04-23_20-51-04_047_5384704443917834545-1/dummy_path/null:0+1
2024-04-23T20:51:04,577  INFO [LocalJobRunner Map Task Executor #0] exec.SerializationUtilities: Deserializing MapWork using kryo
2024-04-23T20:51:04,578  INFO [LocalJobRunner Map Task Executor #0] exec.Utilities: Deserialized plan (via FILE) - name: null size: 5,39KB
2024-04-23T20:51:04,578  INFO [LocalJobRunner Map Task Executor #0] mapred.MapTask: numReduceTasks: 1
2024-04-23T20:51:04,582  INFO [LocalJobRunner Map Task Executor #0] mapred.MapTask: (EQUATOR) 0 kvi 26214396(104857584)
2024-04-23T20:51:04,582  INFO [LocalJobRunner Map Task Executor #0] mapred.MapTask: mapreduce.task.io.sort.mb: 100
2024-04-23T20:51:04,582  INFO [LocalJobRunner Map Task Executor #0] mapred.MapTask: soft limit at 83886080
2024-04-23T20:51:04,582  INFO [LocalJobRunner Map Task Executor #0] mapred.MapTask: bufstart = 0; bufvoid = 104857600
2024-04-23T20:51:04,582  INFO [LocalJobRunner Map Task Executor #0] mapred.MapTask: kvstart = 26214396; length = 6553600
2024-04-23T20:51:04,582  INFO [LocalJobRunner Map Task Executor #0] mapred.MapTask: Map output collector class = org.apache.hadoop.mapred.MapTask$MapOutputBuffer
2024-04-23T20:51:04,583  INFO [LocalJobRunner Map Task Executor #0] exec.MapOperator: Initializing Operator: MAP[0]
2024-04-23T20:51:04,583  INFO [LocalJobRunner Map Task Executor #0] mr.ExecMapper: 
<MAP>Id =0
  <Children>null
  <\Children>
  <Parent><\Parent>
<\MAP>
2024-04-23T20:51:04,584  INFO [LocalJobRunner Map Task Executor #0] exec.TableScanOperator: Initializing Operator: TS[0]
2024-04-23T20:51:04,584  INFO [LocalJobRunner Map Task Executor #0] exec.SelectOperator: Initializing Operator: SEL[1]
2024-04-23T20:51:04,584  INFO [LocalJobRunner Map Task Executor #0] exec.SelectOperator: SELECT null
2024-04-23T20:51:04,584  INFO [LocalJobRunner Map Task Executor #0] exec.UDTFOperator: Initializing Operator: UDTF[2]
2024-04-23T20:51:04,584  INFO [LocalJobRunner Map Task Executor #0] exec.SelectOperator: Initializing Operator: SEL[3]
2024-04-23T20:51:04,584  INFO [LocalJobRunner Map Task Executor #0] exec.SelectOperator: SELECT struct<col1:int,col2:int,col3:int>
2024-04-23T20:51:04,585  INFO [LocalJobRunner Map Task Executor #0] exec.ReduceSinkOperator: Initializing Operator: RS[5]
2024-04-23T20:51:04,585  INFO [LocalJobRunner Map Task Executor #0] exec.ReduceSinkOperator: Using tag = -1
2024-04-23T20:51:04,585  INFO [LocalJobRunner Map Task Executor #0] exec.ReduceSinkOperator: keys are [_col2] num distributions: 1
2024-04-23T20:51:04,585  INFO [LocalJobRunner Map Task Executor #0] exec.ReduceSinkOperator: RS[5]: records written - 1
2024-04-23T20:51:04,585  INFO [LocalJobRunner Map Task Executor #0] exec.MapOperator: MAP[0]: records read - 1
2024-04-23T20:51:04,586  INFO [LocalJobRunner Map Task Executor #0] exec.MapOperator: Closing Operator: MAP[0]
2024-04-23T20:51:04,586  INFO [LocalJobRunner Map Task Executor #0] exec.MapOperator: MAP[0]: Total records read - 3. abort - false
2024-04-23T20:51:04,586  INFO [LocalJobRunner Map Task Executor #0] exec.MapOperator: DESERIALIZE_ERRORS:0, RECORDS_OUT_OPERATOR_MAP_0:0, RECORDS_IN:3, RECORDS_OUT_INTERMEDIATE:0, 
2024-04-23T20:51:04,586  INFO [LocalJobRunner Map Task Executor #0] exec.TableScanOperator: Closing Operator: TS[0]
2024-04-23T20:51:04,586  INFO [LocalJobRunner Map Task Executor #0] exec.TableScanOperator: RECORDS_OUT_OPERATOR_TS_0:1, RECORDS_OUT_INTERMEDIATE:0, 
2024-04-23T20:51:04,586  INFO [LocalJobRunner Map Task Executor #0] exec.SelectOperator: Closing Operator: SEL[1]
2024-04-23T20:51:04,586  INFO [LocalJobRunner Map Task Executor #0] exec.SelectOperator: RECORDS_OUT_OPERATOR_SEL_1:1, RECORDS_OUT_INTERMEDIATE:0, 
2024-04-23T20:51:04,586  INFO [LocalJobRunner Map Task Executor #0] exec.UDTFOperator: Closing Operator: UDTF[2]
2024-04-23T20:51:04,586  INFO [LocalJobRunner Map Task Executor #0] exec.UDTFOperator: RECORDS_OUT_INTERMEDIATE:0, RECORDS_OUT_OPERATOR_UDTF_2:2, 
2024-04-23T20:51:04,586  INFO [LocalJobRunner Map Task Executor #0] exec.SelectOperator: Closing Operator: SEL[3]
2024-04-23T20:51:04,586  INFO [LocalJobRunner Map Task Executor #0] exec.SelectOperator: RECORDS_OUT_INTERMEDIATE:0, RECORDS_OUT_OPERATOR_SEL_3:2, 
2024-04-23T20:51:04,586  INFO [LocalJobRunner Map Task Executor #0] exec.ReduceSinkOperator: Closing Operator: RS[5]
2024-04-23T20:51:04,586  INFO [LocalJobRunner Map Task Executor #0] exec.ReduceSinkOperator: RS[5]: Total records written - 2. abort - false
2024-04-23T20:51:04,587  INFO [LocalJobRunner Map Task Executor #0] exec.ReduceSinkOperator: RECORDS_OUT_INTERMEDIATE:2, RECORDS_OUT_OPERATOR_RS_5:2, 
2024-04-23T20:51:04,587  INFO [LocalJobRunner Map Task Executor #0] mapred.LocalJobRunner: 
2024-04-23T20:51:04,587  INFO [LocalJobRunner Map Task Executor #0] mapred.MapTask: Starting flush of map output
2024-04-23T20:51:04,587  INFO [LocalJobRunner Map Task Executor #0] mapred.MapTask: Spilling map output
2024-04-23T20:51:04,587  INFO [LocalJobRunner Map Task Executor #0] mapred.MapTask: bufstart = 0; bufend = 34; bufvoid = 104857600
2024-04-23T20:51:04,587  INFO [LocalJobRunner Map Task Executor #0] mapred.MapTask: kvstart = 26214396(104857584); kvend = 26214392(104857568); length = 5/6553600
2024-04-23T20:51:04,597  INFO [LocalJobRunner Map Task Executor #0] mapred.MapTask: Finished spill 0
2024-04-23T20:51:04,600  INFO [LocalJobRunner Map Task Executor #0] mapred.Task: Task:attempt_local679156405_0011_m_000000_0 is done. And is in the process of committing
2024-04-23T20:51:04,600  INFO [LocalJobRunner Map Task Executor #0] mapred.LocalJobRunner: map
2024-04-23T20:51:04,601  INFO [LocalJobRunner Map Task Executor #0] mapred.Task: Task 'attempt_local679156405_0011_m_000000_0' done.
2024-04-23T20:51:04,601  INFO [LocalJobRunner Map Task Executor #0] mapred.Task: Final Counters for attempt_local679156405_0011_m_000000_0: Counters: 26
	File System Counters
		FILE: Number of bytes read=172562
		FILE: Number of bytes written=13211871
		FILE: Number of read operations=0
		FILE: Number of large read operations=0
		FILE: Number of write operations=0
	Map-Reduce Framework
		Map input records=4
		Map output records=2
		Map output bytes=34
		Map output materialized bytes=44
		Input split bytes=361
		Combine input records=0
		Spilled Records=2
		Failed Shuffles=0
		Merged Map outputs=0
		GC time elapsed (ms)=0
		Total committed heap usage (bytes)=1098907648
	HIVE
		DESERIALIZE_ERRORS=0
		RECORDS_IN=3
		RECORDS_OUT_INTERMEDIATE=2
		RECORDS_OUT_OPERATOR_MAP_0=0
		RECORDS_OUT_OPERATOR_RS_5=2
		RECORDS_OUT_OPERATOR_SEL_1=1
		RECORDS_OUT_OPERATOR_SEL_3=2
		RECORDS_OUT_OPERATOR_TS_0=1
		RECORDS_OUT_OPERATOR_UDTF_2=2
	File Input Format Counters 
		Bytes Read=5446
2024-04-23T20:51:04,601  INFO [LocalJobRunner Map Task Executor #0] mapred.LocalJobRunner: Finishing task: attempt_local679156405_0011_m_000000_0
2024-04-23T20:51:04,601  INFO [Thread-676] mapred.LocalJobRunner: map task executor complete.
2024-04-23T20:51:04,602  INFO [Thread-676] mapred.LocalJobRunner: Waiting for reduce tasks
2024-04-23T20:51:04,602  INFO [pool-60-thread-1] mapred.LocalJobRunner: Starting task: attempt_local679156405_0011_r_000000_0
2024-04-23T20:51:04,602  INFO [pool-60-thread-1] mapred.Task:  Using ResourceCalculatorProcessTree : [ ]
2024-04-23T20:51:04,602  INFO [pool-60-thread-1] mapred.ReduceTask: Using ShuffleConsumerPlugin: org.apache.hadoop.mapreduce.task.reduce.Shuffle@1419355a
2024-04-23T20:51:04,602  WARN [pool-60-thread-1] impl.MetricsSystemImpl: JobTracker metrics system already initialized!
2024-04-23T20:51:04,603  INFO [pool-60-thread-1] reduce.MergeManagerImpl: MergerManager: memoryLimit=1336252800, maxSingleShuffleLimit=334063200, mergeThreshold=881926912, ioSortFactor=10, memToMemMergeOutputsThreshold=10
2024-04-23T20:51:04,604  INFO [EventFetcher for fetching Map Completion Events] reduce.EventFetcher: attempt_local679156405_0011_r_000000_0 Thread started: EventFetcher for fetching Map Completion Events
2024-04-23T20:51:04,605  INFO [localfetcher#8] reduce.LocalFetcher: localfetcher#8 about to shuffle output of map attempt_local679156405_0011_m_000000_0 decomp: 40 len: 44 to MEMORY
2024-04-23T20:51:04,605  INFO [localfetcher#8] reduce.InMemoryMapOutput: Read 40 bytes from map-output for attempt_local679156405_0011_m_000000_0
2024-04-23T20:51:04,605  INFO [localfetcher#8] reduce.MergeManagerImpl: closeInMemoryFile -> map-output of size: 40, inMemoryMapOutputs.size() -> 1, commitMemory -> 0, usedMemory ->40
2024-04-23T20:51:04,605  INFO [EventFetcher for fetching Map Completion Events] reduce.EventFetcher: EventFetcher is interrupted.. Returning
2024-04-23T20:51:04,606  INFO [pool-60-thread-1] mapred.LocalJobRunner: 1 / 1 copied.
2024-04-23T20:51:04,606  INFO [pool-60-thread-1] reduce.MergeManagerImpl: finalMerge called with 1 in-memory map-outputs and 0 on-disk map-outputs
2024-04-23T20:51:04,612  INFO [pool-60-thread-1] mapred.Merger: Merging 1 sorted segments
2024-04-23T20:51:04,612  INFO [pool-60-thread-1] mapred.Merger: Down to the last merge-pass, with 1 segments left of total size: 28 bytes
2024-04-23T20:51:04,614  INFO [pool-60-thread-1] reduce.MergeManagerImpl: Merged 1 segments, 40 bytes to disk to satisfy reduce memory limit
2024-04-23T20:51:04,615  INFO [pool-60-thread-1] reduce.MergeManagerImpl: Merging 1 files, 44 bytes from disk
2024-04-23T20:51:04,615  INFO [pool-60-thread-1] reduce.MergeManagerImpl: Merging 0 segments, 0 bytes from memory into reduce
2024-04-23T20:51:04,615  INFO [pool-60-thread-1] mapred.Merger: Merging 1 sorted segments
2024-04-23T20:51:04,615  INFO [pool-60-thread-1] mapred.Merger: Down to the last merge-pass, with 1 segments left of total size: 28 bytes
2024-04-23T20:51:04,615  INFO [pool-60-thread-1] mapred.LocalJobRunner: 1 / 1 copied.
2024-04-23T20:51:04,616  INFO [pool-60-thread-1] exec.SerializationUtilities: Deserializing ReduceWork using kryo
2024-04-23T20:51:04,616  INFO [pool-60-thread-1] exec.Utilities: Deserialized plan (via FILE) - name: null size: 6,46KB
2024-04-23T20:51:04,618  INFO [pool-60-thread-1] ExecReducer: 
<SEL>Id =6
  <Children>
    <FS>Id =4
      <Children>
      <\Children>
      <Parent>Id = 6 null<\Parent>
    <\FS>
  <\Children>
  <Parent><\Parent>
<\SEL>
2024-04-23T20:51:04,618  INFO [pool-60-thread-1] exec.SelectOperator: Initializing Operator: SEL[6]
2024-04-23T20:51:04,618  INFO [pool-60-thread-1] exec.SelectOperator: SELECT struct<key:struct<_col2:int>,value:struct<_col0:int,_col1:int>>
2024-04-23T20:51:04,618  INFO [pool-60-thread-1] exec.FileSinkOperator: Initializing Operator: FS[4]
2024-04-23T20:51:04,618  INFO [pool-60-thread-1] exec.FileSinkOperator: Using serializer : AbstractSerDe [log=org.apache.logging.slf4j.Log4jLogger@4aa280a, configuration=Optional[Configuration: core-default.xml, core-site.xml, mapred-default.xml, mapred-site.xml, yarn-default.xml, yarn-site.xml, hdfs-default.xml, hdfs-site.xml, file:/home/alex/Repositories/hive/ql/target/tmp/TestTxnNoBucketsVectorized/mapred/local/localRunner/alex/job_local679156405_0011/job_local679156405_0011.xml], properties={name=default.tmp, columns.types=int:int, serialization.format=1, columns=c1,c2, columns.comments=&amp#0;, partition_columns.types=int, partition_columns=c3, bucketing_version=2, serialization.lib=org.apache.hadoop.hive.ql.io.orc.OrcSerde, file.inputformat=org.apache.hadoop.hive.ql.io.orc.OrcInputFormat, file.outputformat=org.apache.hadoop.hive.ql.io.orc.OrcOutputFormat, location=file:/home/alex/Repositories/hive/ql/target/tmp/org.apache.hadoop.hive.ql.TestTxnNoBuckets-1713930630697/warehouse/tmp, column.name.delimiter=,}, tableProperties={name=default.tmp, columns.types=int:int, serialization.format=1, columns=c1,c2, columns.comments=&amp#0;, partition_columns.types=int, partition_columns=c3, bucketing_version=2, serialization.lib=org.apache.hadoop.hive.ql.io.orc.OrcSerde, file.inputformat=org.apache.hadoop.hive.ql.io.orc.OrcInputFormat, location=file:/home/alex/Repositories/hive/ql/target/tmp/org.apache.hadoop.hive.ql.TestTxnNoBuckets-1713930630697/warehouse/tmp, file.outputformat=org.apache.hadoop.hive.ql.io.orc.OrcOutputFormat, column.name.delimiter=,}, partitionProperties=Optional.empty, columnNames=[c1, c2], columnTypes=[int, int], getClass()=class org.apache.hadoop.hive.ql.io.orc.OrcSerde] and formatter : org.apache.hadoop.hive.ql.io.orc.OrcOutputFormat@65f28107
2024-04-23T20:51:04,619  INFO [pool-60-thread-1] exec.FileSinkOperator: Final Path: FS file:/home/alex/Repositories/hive/ql/target/tmp/org.apache.hadoop.hive.ql.TestTxnNoBuckets-1713930630697/warehouse/tmp/.hive-staging_hive_2024-04-23_20-51-04_047_5384704443917834545-1/_tmp.-ext-10000/c3=5/000000_0
2024-04-23T20:51:04,619  INFO [pool-60-thread-1] exec.FileSinkOperator: Writing to temp file: FS file:/home/alex/Repositories/hive/ql/target/tmp/org.apache.hadoop.hive.ql.TestTxnNoBuckets-1713930630697/warehouse/tmp/.hive-staging_hive_2024-04-23_20-51-04_047_5384704443917834545-1/_task_tmp.-ext-10000/c3=5/_tmp.000000_0
2024-04-23T20:51:04,619  INFO [pool-60-thread-1] exec.FileSinkOperator: New Final Path: FS file:/home/alex/Repositories/hive/ql/target/tmp/org.apache.hadoop.hive.ql.TestTxnNoBuckets-1713930630697/warehouse/tmp/.hive-staging_hive_2024-04-23_20-51-04_047_5384704443917834545-1/_tmp.-ext-10000/c3=5/000000_0
2024-04-23T20:51:04,624  INFO [pool-60-thread-1] exec.FileSinkOperator: FS[4]: records written - 1
2024-04-23T20:51:04,624  INFO [pool-60-thread-1] impl.PhysicalFsWriter: ORC writer created for path: file:/home/alex/Repositories/hive/ql/target/tmp/org.apache.hadoop.hive.ql.TestTxnNoBuckets-1713930630697/warehouse/tmp/.hive-staging_hive_2024-04-23_20-51-04_047_5384704443917834545-1/_task_tmp.-ext-10000/c3=5/_tmp.000000_0 with stripeSize: 67108864 blockSize: 268435456 compression: Compress: ZLIB buffer: 262144
2024-04-23T20:51:04,629  INFO [pool-60-thread-1] impl.WriterImpl: ORC writer created for path: file:/home/alex/Repositories/hive/ql/target/tmp/org.apache.hadoop.hive.ql.TestTxnNoBuckets-1713930630697/warehouse/tmp/.hive-staging_hive_2024-04-23_20-51-04_047_5384704443917834545-1/_task_tmp.-ext-10000/c3=5/_tmp.000000_0 with stripeSize: 67108864 options: Compress: ZLIB buffer: 262144
2024-04-23T20:51:04,632  INFO [pool-60-thread-1] exec.FileSinkOperator: Final Path: FS file:/home/alex/Repositories/hive/ql/target/tmp/org.apache.hadoop.hive.ql.TestTxnNoBuckets-1713930630697/warehouse/tmp/.hive-staging_hive_2024-04-23_20-51-04_047_5384704443917834545-1/_tmp.-ext-10000/c3=6/000000_0
2024-04-23T20:51:04,632  INFO [pool-60-thread-1] exec.FileSinkOperator: Writing to temp file: FS file:/home/alex/Repositories/hive/ql/target/tmp/org.apache.hadoop.hive.ql.TestTxnNoBuckets-1713930630697/warehouse/tmp/.hive-staging_hive_2024-04-23_20-51-04_047_5384704443917834545-1/_task_tmp.-ext-10000/c3=6/_tmp.000000_0
2024-04-23T20:51:04,632  INFO [pool-60-thread-1] exec.FileSinkOperator: New Final Path: FS file:/home/alex/Repositories/hive/ql/target/tmp/org.apache.hadoop.hive.ql.TestTxnNoBuckets-1713930630697/warehouse/tmp/.hive-staging_hive_2024-04-23_20-51-04_047_5384704443917834545-1/_tmp.-ext-10000/c3=6/000000_0
2024-04-23T20:51:04,635  INFO [pool-60-thread-1] impl.PhysicalFsWriter: ORC writer created for path: file:/home/alex/Repositories/hive/ql/target/tmp/org.apache.hadoop.hive.ql.TestTxnNoBuckets-1713930630697/warehouse/tmp/.hive-staging_hive_2024-04-23_20-51-04_047_5384704443917834545-1/_task_tmp.-ext-10000/c3=6/_tmp.000000_0 with stripeSize: 67108864 blockSize: 268435456 compression: Compress: ZLIB buffer: 262144
2024-04-23T20:51:04,640  INFO [pool-60-thread-1] impl.WriterImpl: ORC writer created for path: file:/home/alex/Repositories/hive/ql/target/tmp/org.apache.hadoop.hive.ql.TestTxnNoBuckets-1713930630697/warehouse/tmp/.hive-staging_hive_2024-04-23_20-51-04_047_5384704443917834545-1/_task_tmp.-ext-10000/c3=6/_tmp.000000_0 with stripeSize: 67108864 options: Compress: ZLIB buffer: 262144
2024-04-23T20:51:04,640  INFO [pool-60-thread-1] exec.SelectOperator: Closing Operator: SEL[6]
2024-04-23T20:51:04,640  INFO [pool-60-thread-1] exec.SelectOperator: RECORDS_OUT_OPERATOR_SEL_6:2, RECORDS_OUT_INTERMEDIATE:0, 
2024-04-23T20:51:04,640  INFO [pool-60-thread-1] exec.FileSinkOperator: Closing Operator: FS[4]
2024-04-23T20:51:04,640  INFO [pool-60-thread-1] exec.FileSinkOperator: FS[4]: records written - 2
2024-04-23T20:51:04,643  INFO [pool-60-thread-1] common.FileUtils: Creating directory if it doesn't exist: file:/home/alex/Repositories/hive/ql/target/tmp/org.apache.hadoop.hive.ql.TestTxnNoBuckets-1713930630697/warehouse/tmp/.hive-staging_hive_2024-04-23_20-51-04_047_5384704443917834545-1/_tmp.-ext-10000/c3=6
2024-04-23T20:51:04,645  INFO [pool-60-thread-1] common.FileUtils: Creating directory if it doesn't exist: file:/home/alex/Repositories/hive/ql/target/tmp/org.apache.hadoop.hive.ql.TestTxnNoBuckets-1713930630697/warehouse/tmp/.hive-staging_hive_2024-04-23_20-51-04_047_5384704443917834545-1/_tmp.-ext-10000/c3=5
2024-04-23T20:51:04,656  INFO [pool-60-thread-1] exec.FileSinkOperator: RECORDS_OUT_INTERMEDIATE:0, TOTAL_TABLE_ROWS_WRITTEN:2, RECORDS_OUT_OPERATOR_FS_4:2, RECORDS_OUT_1_default.tmp:2, 
2024-04-23T20:51:04,656  INFO [pool-60-thread-1] mapred.Task: Task:attempt_local679156405_0011_r_000000_0 is done. And is in the process of committing
2024-04-23T20:51:04,657  INFO [pool-60-thread-1] mapred.LocalJobRunner: reduce > reduce
2024-04-23T20:51:04,657  INFO [pool-60-thread-1] mapred.Task: Task 'attempt_local679156405_0011_r_000000_0' done.
2024-04-23T20:51:04,657  INFO [pool-60-thread-1] mapred.Task: Final Counters for attempt_local679156405_0011_r_000000_0: Counters: 31
	File System Counters
		FILE: Number of bytes read=179205
		FILE: Number of bytes written=13212542
		FILE: Number of read operations=0
		FILE: Number of large read operations=0
		FILE: Number of write operations=0
	Map-Reduce Framework
		Combine input records=0
		Combine output records=0
		Reduce input groups=2
		Reduce shuffle bytes=44
		Reduce input records=2
		Reduce output records=0
		Spilled Records=2
		Shuffled Maps =1
		Failed Shuffles=0
		Merged Map outputs=1
		GC time elapsed (ms)=0
		Total committed heap usage (bytes)=1098907648
	HIVE
		CREATED_DYNAMIC_PARTITIONS=2
		CREATED_FILES=2
		RECORDS_OUT_1_default.tmp=2
		RECORDS_OUT_INTERMEDIATE=0
		RECORDS_OUT_OPERATOR_FS_4=2
		RECORDS_OUT_OPERATOR_SEL_6=2
		TOTAL_TABLE_ROWS_WRITTEN=2
	Shuffle Errors
		BAD_ID=0
		CONNECTION=0
		IO_ERROR=0
		WRONG_LENGTH=0
		WRONG_MAP=0
		WRONG_REDUCE=0
	File Output Format Counters 
		Bytes Written=0
2024-04-23T20:51:04,657  INFO [pool-60-thread-1] mapred.LocalJobRunner: Finishing task: attempt_local679156405_0011_r_000000_0
2024-04-23T20:51:04,657  INFO [Thread-676] mapred.LocalJobRunner: reduce task executor complete.
2024-04-23 20:51:05,575 Stage-1 map = 100%,  reduce = 100%
2024-04-23T20:51:05,575  INFO [main] exec.Task: 2024-04-23 20:51:05,575 Stage-1 map = 100%,  reduce = 100%
Ended Job = job_local679156405_0011
2024-04-23T20:51:05,576  INFO [main] exec.Task: Ended Job = job_local679156405_0011
2024-04-23T20:51:05,579  INFO [main] ql.Driver: Starting task [Stage-0:MOVE] in serial mode
Loading data to table default.tmp partition (c3=null)
2024-04-23T20:51:05,579  INFO [main] exec.Task: Loading data to table default.tmp partition (c3=null) from file:/home/alex/Repositories/hive/ql/target/tmp/org.apache.hadoop.hive.ql.TestTxnNoBuckets-1713930630697/warehouse/tmp/.hive-staging_hive_2024-04-23_20-51-04_047_5384704443917834545-1/-ext-10000
2024-04-23T20:51:05,579  INFO [main] HiveMetaStore.audit: ugi=alex	ip=unknown-ip-addr	cmd=get_table : tbl=hive.default.tmp	
2024-04-23T20:51:05,590  INFO [main] metastore.HMSHandler: Skipping translation for processor with null
2024-04-23T20:51:05,590  INFO [main] exec.MoveTask: Partition is: {c3=null}


2024-04-23T20:51:05,591  INFO [main] exec.Task: 

2024-04-23T20:51:05,591  INFO [main] HiveMetaStore.audit: ugi=alex	ip=unknown-ip-addr	cmd=get_table : tbl=hive.default.tmp	
2024-04-23T20:51:05,601  INFO [main] metastore.HMSHandler: Skipping translation for processor with null
2024-04-23T20:51:05,602  INFO [main] HiveMetaStore.audit: ugi=alex	ip=unknown-ip-addr	cmd=get_table : tbl=hive.default.tmp	
2024-04-23T20:51:05,612  INFO [main] metastore.HMSHandler: Skipping translation for processor with null
2024-04-23T20:51:05,612  INFO [main] HiveMetaStore.audit: ugi=alex	ip=unknown-ip-addr	cmd=get_table : tbl=hive.default.tmp	
2024-04-23T20:51:05,623  INFO [main] metastore.HMSHandler: Skipping translation for processor with null
2024-04-23T20:51:05,623  INFO [main] HiveMetaStore.audit: ugi=alex	ip=unknown-ip-addr	cmd=get_partitions_names_ps : tbl=hive.default.tmp[]	
2024-04-23T20:51:05,639  INFO [main] HiveMetaStore.audit: ugi=alex	ip=unknown-ip-addr	cmd=get_table : tbl=hive.default.tmp	
2024-04-23T20:51:05,649  INFO [main] metastore.HMSHandler: Skipping translation for processor with null
2024-04-23T20:51:05,649  INFO [main] HiveMetaStore.audit: ugi=alex	ip=unknown-ip-addr	cmd=get_partitions_by_names : tbl=hive.default.tmp	
2024-04-23T20:51:05,685  INFO [main] metastore.HMSHandler: Skipping translation for processor with null
2024-04-23T20:51:05,690  INFO [load-dynamic-partitionsToAdd-0] metadata.Hive: New loading path = file:/home/alex/Repositories/hive/ql/target/tmp/org.apache.hadoop.hive.ql.TestTxnNoBuckets-1713930630697/warehouse/tmp/.hive-staging_hive_2024-04-23_20-51-04_047_5384704443917834545-1/-ext-10000/c3=6 withPartSpec {c3=6}
2024-04-23T20:51:05,690  INFO [load-dynamic-partitionsToAdd-1] metadata.Hive: New loading path = file:/home/alex/Repositories/hive/ql/target/tmp/org.apache.hadoop.hive.ql.TestTxnNoBuckets-1713930630697/warehouse/tmp/.hive-staging_hive_2024-04-23_20-51-04_047_5384704443917834545-1/-ext-10000/c3=5 withPartSpec {c3=5}
2024-04-23T20:51:05,691  INFO [load-dynamic-partitionsToAdd-0] metastore.HiveMetaStoreClient: HMS client filtering is enabled.
2024-04-23T20:51:05,691  INFO [load-dynamic-partitionsToAdd-1] metastore.HiveMetaStoreClient: HMS client filtering is enabled.
2024-04-23T20:51:05,692  INFO [load-dynamic-partitionsToAdd-0] metastore.HMSHandler: 6: Opening raw store with implementation class:org.apache.hadoop.hive.metastore.ObjectStore
2024-04-23T20:51:05,692  INFO [load-dynamic-partitionsToAdd-0] metastore.PersistenceManagerProvider: Configuration datanucleus.autoStartMechanismMode is not set. Defaulting to 'ignored'
2024-04-23T20:51:05,692  INFO [load-dynamic-partitionsToAdd-1] metastore.HMSHandler: 7: Opening raw store with implementation class:org.apache.hadoop.hive.metastore.ObjectStore
2024-04-23T20:51:05,693  INFO [load-dynamic-partitionsToAdd-1] metastore.PersistenceManagerProvider: Configuration datanucleus.autoStartMechanismMode is not set. Defaulting to 'ignored'
2024-04-23T20:51:05,693  INFO [load-dynamic-partitionsToAdd-0] metastore.ObjectStore: RawStore: org.apache.hadoop.hive.metastore.ObjectStore@39dd9052, with PersistenceManager: null will be shutdown
2024-04-23T20:51:05,693  INFO [load-dynamic-partitionsToAdd-0] metastore.ObjectStore: RawStore: org.apache.hadoop.hive.metastore.ObjectStore@39dd9052, with PersistenceManager: org.datanucleus.api.jdo.JDOPersistenceManager@603f015f created in the thread with id: 824
2024-04-23T20:51:05,693  INFO [load-dynamic-partitionsToAdd-1] metastore.ObjectStore: RawStore: org.apache.hadoop.hive.metastore.ObjectStore@5ab7f769, with PersistenceManager: null will be shutdown
2024-04-23T20:51:05,694  INFO [load-dynamic-partitionsToAdd-1] metastore.ObjectStore: RawStore: org.apache.hadoop.hive.metastore.ObjectStore@5ab7f769, with PersistenceManager: org.datanucleus.api.jdo.JDOPersistenceManager@33b68ae0 created in the thread with id: 825
2024-04-23T20:51:05,721  INFO [load-dynamic-partitionsToAdd-0] metastore.HMSHandler: Created RawStore: org.apache.hadoop.hive.metastore.ObjectStore@39dd9052 from thread id: 824
2024-04-23T20:51:05,721  INFO [load-dynamic-partitionsToAdd-1] metastore.HMSHandler: Created RawStore: org.apache.hadoop.hive.metastore.ObjectStore@5ab7f769 from thread id: 825
2024-04-23T20:51:05,721  INFO [load-dynamic-partitionsToAdd-1] metastore.HMSHandler: HMS server filtering is disabled by configuration
2024-04-23T20:51:05,721  INFO [load-dynamic-partitionsToAdd-0] metastore.HMSHandler: HMS server filtering is disabled by configuration
2024-04-23T20:51:05,721  INFO [load-dynamic-partitionsToAdd-0] metastore.RetryingMetaStoreClient: RetryingMetaStoreClient proxy=class org.apache.hadoop.hive.ql.metadata.SessionHiveMetaStoreClient ugi=alex (auth:SIMPLE) retries=1 delay=1 lifetime=0
2024-04-23T20:51:05,721  INFO [load-dynamic-partitionsToAdd-1] metastore.RetryingMetaStoreClient: RetryingMetaStoreClient proxy=class org.apache.hadoop.hive.ql.metadata.SessionHiveMetaStoreClient ugi=alex (auth:SIMPLE) retries=1 delay=1 lifetime=0
2024-04-23T20:51:05,721  INFO [load-dynamic-partitionsToAdd-0] HiveMetaStore.audit: ugi=alex	ip=unknown-ip-addr	cmd=get_database: default	
2024-04-23T20:51:05,721  INFO [load-dynamic-partitionsToAdd-1] HiveMetaStore.audit: ugi=alex	ip=unknown-ip-addr	cmd=get_database: default	
2024-04-23T20:51:05,723  INFO [load-dynamic-partitionsToAdd-1] common.FileUtils: Creating directory if it doesn't exist: file:/home/alex/Repositories/hive/ql/target/tmp/org.apache.hadoop.hive.ql.TestTxnNoBuckets-1713930630697/warehouse/tmp/c3=5
2024-04-23T20:51:05,723  INFO [load-dynamic-partitionsToAdd-0] common.FileUtils: Creating directory if it doesn't exist: file:/home/alex/Repositories/hive/ql/target/tmp/org.apache.hadoop.hive.ql.TestTxnNoBuckets-1713930630697/warehouse/tmp/c3=6
2024-04-23T20:51:05,727  INFO [load-dynamic-partitionsToAdd-1] HiveMetaStore.audit: ugi=alex	ip=unknown-ip-addr	cmd=Cleaning up thread local RawStore...	
2024-04-23T20:51:05,727  INFO [load-dynamic-partitionsToAdd-1] metastore.ObjectStore: RawStore: org.apache.hadoop.hive.metastore.ObjectStore@5ab7f769, with PersistenceManager: org.datanucleus.api.jdo.JDOPersistenceManager@33b68ae0 will be shutdown
2024-04-23T20:51:05,727  INFO [load-dynamic-partitionsToAdd-1] HiveMetaStore.audit: ugi=alex	ip=unknown-ip-addr	cmd=Done cleaning up thread local RawStore	
2024-04-23T20:51:05,727  INFO [load-dynamic-partitionsToAdd-1] metastore.HiveMetaStoreClient: Closed a connection to metastore, current connections: -6
2024-04-23T20:51:05,727  INFO [load-dynamic-partitionsToAdd-0] HiveMetaStore.audit: ugi=alex	ip=unknown-ip-addr	cmd=Cleaning up thread local RawStore...	
2024-04-23T20:51:05,727  INFO [load-dynamic-partitionsToAdd-0] metastore.ObjectStore: RawStore: org.apache.hadoop.hive.metastore.ObjectStore@39dd9052, with PersistenceManager: org.datanucleus.api.jdo.JDOPersistenceManager@603f015f will be shutdown
2024-04-23T20:51:05,728  INFO [load-dynamic-partitionsToAdd-0] HiveMetaStore.audit: ugi=alex	ip=unknown-ip-addr	cmd=Done cleaning up thread local RawStore	
2024-04-23T20:51:05,728  INFO [load-dynamic-partitionsToAdd-0] metastore.HiveMetaStoreClient: Closed a connection to metastore, current connections: -7
2024-04-23T20:51:05,728  INFO [main] metadata.Hive: Number of partitionsToAdd to be added is 2
2024-04-23T20:51:05,728  INFO [main] HiveMetaStore.audit: ugi=alex	ip=unknown-ip-addr	cmd=add_partitions	
2024-04-23T20:51:05,789  INFO [main] metadata.Hive: Loaded 2partitionsToAdd
	 Time taken to load dynamic partitions: 0.198 seconds
2024-04-23T20:51:05,789  INFO [main] exec.Task: 	 Time taken to load dynamic partitions: 0.198 seconds
2024-04-23T20:51:05,789  INFO [main] exec.MoveTask: 	 Time taken to load dynamic partitions: 0.198 seconds
2024-04-23T20:51:05,789  INFO [main] exec.MoveTask: Loading partition {c3=6}
2024-04-23T20:51:05,790  INFO [main] exec.MoveTask: Loading partition {c3=5}
	 Time taken for adding to write entity : 0.001 seconds
2024-04-23T20:51:05,790  INFO [main] exec.Task: 	 Time taken for adding to write entity : 0.001 seconds
2024-04-23T20:51:05,790  INFO [main] ql.Driver: Starting task [Stage-2:STATS] in serial mode
2024-04-23T20:51:05,790  INFO [main] HiveMetaStore.audit: ugi=alex	ip=unknown-ip-addr	cmd=get_table : tbl=hive.default.tmp	
2024-04-23T20:51:05,808  INFO [main] metastore.HMSHandler: Skipping translation for processor with null
2024-04-23T20:51:05,808  INFO [main] stats.BasicStatsTask: Executing stats task
2024-04-23T20:51:05,809  INFO [main] fs.FSStatsPublisher: created : file:/home/alex/Repositories/hive/ql/target/tmp/localscratchdir/35c1eaf2-85f7-4891-a074-7246c6e7652c/hive_2024-04-23_20-51-04_047_5384704443917834545-1/-mr-10001
2024-04-23T20:51:05,811  INFO [main] HiveMetaStore.audit: ugi=alex	ip=unknown-ip-addr	cmd=get_table : tbl=hive.default.tmp	
2024-04-23T20:51:05,827  INFO [main] metastore.HMSHandler: Skipping translation for processor with null
2024-04-23T20:51:05,828  INFO [main] FileOperations: Read stats for default.tmp/c3=6/, numRows, true, 1, false: 
2024-04-23T20:51:05,828  INFO [main] FileOperations: Read stats for default.tmp/c3=6/, rawDataSize, true, 8, false: 
2024-04-23T20:51:05,828  INFO [main] stats.BasicStatsTask: Partition {c3=6} stats: [numFiles=1, numRows=1, totalSize=242, rawDataSize=8, numFilesErasureCoded=0]
2024-04-23T20:51:05,829  INFO [main] FileOperations: Read stats for default.tmp/c3=5/, numRows, true, 1, false: 
2024-04-23T20:51:05,829  INFO [main] FileOperations: Read stats for default.tmp/c3=5/, rawDataSize, true, 8, false: 
2024-04-23T20:51:05,829  INFO [main] stats.BasicStatsTask: Partition {c3=5} stats: [numFiles=1, numRows=1, totalSize=242, rawDataSize=8, numFilesErasureCoded=0]
2024-04-23T20:51:05,829  INFO [main] HiveMetaStore.audit: ugi=alex	ip=unknown-ip-addr	cmd=alter_partitions : tbl=hive.default.tmp	
2024-04-23T20:51:05,829  INFO [main] metastore.HMSHandler: New partition values:[6]
2024-04-23T20:51:05,829  INFO [main] metastore.HMSHandler: New partition values:[5]
2024-04-23T20:51:05,928  INFO [main] metadata.Hive: Dumping metastore api call timing information for : execution phase
2024-04-23T20:51:05,929  INFO [main] metadata.Hive: Total time spent in each metastore function (ms): {listPartitionNamesRequest_(GetPartitionNamesPsRequest)=26, getTable_(GetTableRequest)=65, isCompatibleWith_(Configuration)=0, getPartitionsByNames_(String, String, List, boolean, String)=50, add_partitions_(List)=61, alter_partitions_(String, String, List, EnvironmentContext, String, long)=99}
MapReduce Jobs Launched: 
2024-04-23T20:51:05,929  INFO [main] ql.Driver: MapReduce Jobs Launched: 
Stage-Stage-1:  HDFS Read: 0 HDFS Write: 0 SUCCESS
2024-04-23T20:51:05,929  INFO [main] ql.Driver: Stage-Stage-1:  HDFS Read: 0 HDFS Write: 0 SUCCESS
Total MapReduce CPU Time Spent: 0 msec
2024-04-23T20:51:05,929  INFO [main] ql.Driver: Total MapReduce CPU Time Spent: 0 msec
2024-04-23T20:51:05,929  INFO [main] ql.Driver: Completed executing command(queryId=alex_20240423205104_4fcab340-ec6a-4385-99f5-b40ef6f30464); Time taken: 1.654 seconds
2024-04-23T20:51:05,929  INFO [main] lockmgr.DbTxnManager: Stopped heartbeat for query: alex_20240423205104_4fcab340-ec6a-4385-99f5-b40ef6f30464
2024-04-23T20:51:05,934  INFO [main] txn.TxnHandler: Expected to move at least one record from txn_components to completed_txn_components when committing txn! txnid:18
2024-04-23T20:51:05,941  INFO [main] txn.TxnHandler: Removed transactions: ([18]) from MIN_HISTORY_LEVEL
2024-04-23T20:51:05,941  WARN [main] txn.CompactionTxnHandler: No compaction queue record found for Compaction type transaction commit. txnId:18
2024-04-23T20:51:05,942  INFO [main] ql.TxnCommandsBaseForTests: Running the query: drop table if exists nobuckets
2024-04-23T20:51:05,942  INFO [main] ql.Context: Deleting scratch dir: file:/home/alex/Repositories/hive/ql/target/tmp/org.apache.hadoop.hive.ql.TestTxnNoBuckets-1713930630697/warehouse/tmp/.hive-staging_hive_2024-04-23_20-51-04_047_5384704443917834545-1
2024-04-23T20:51:05,943  INFO [main] cleanup.SyncCleanupService: Deleted directory: file:/home/alex/Repositories/hive/ql/target/tmp/org.apache.hadoop.hive.ql.TestTxnNoBuckets-1713930630697/warehouse/tmp/.hive-staging_hive_2024-04-23_20-51-04_047_5384704443917834545-1 on fs with scheme file
2024-04-23T20:51:05,943  INFO [main] ql.Context: Deleting scratch dir: file:/home/alex/Repositories/hive/ql/target/tmp/localscratchdir/35c1eaf2-85f7-4891-a074-7246c6e7652c/hive_2024-04-23_20-51-04_047_5384704443917834545-1
2024-04-23T20:51:05,943  INFO [main] cleanup.SyncCleanupService: Deleted directory: file:/home/alex/Repositories/hive/ql/target/tmp/localscratchdir/35c1eaf2-85f7-4891-a074-7246c6e7652c/hive_2024-04-23_20-51-04_047_5384704443917834545-1 on fs with scheme file
2024-04-23T20:51:05,943  INFO [main] ql.Driver: Compiling command(queryId=alex_20240423205105_8a4354a1-1506-48b8-92a3-f89859aad37d): drop table if exists nobuckets
2024-04-23T20:51:05,946  INFO [main] txn.TxnHandler: Added entries to MIN_HISTORY_LEVEL for current txns: ([19]) with min_open_txn: 19
2024-04-23T20:51:05,947  INFO [main] lockmgr.DbTxnManager: Opened txnid:19
2024-04-23T20:51:05,948  INFO [main] HiveMetaStore.audit: ugi=alex	ip=unknown-ip-addr	cmd=get_table : tbl=hive.default.nobuckets	
2024-04-23T20:51:05,952  INFO [main] ql.Driver: Semantic Analysis Completed (retrial = false)
2024-04-23T20:51:05,952  INFO [main] ql.Driver: Created Hive schema: Schema(fieldSchemas:null, properties:null)
2024-04-23T20:51:05,952  INFO [main] metadata.Hive: Dumping metastore api call timing information for : compilation phase
2024-04-23T20:51:05,952  INFO [main] metadata.Hive: Total time spent in each metastore function (ms): {commitTxn_(CommitTxnRequest)=13, isCompatibleWith_(Configuration)=0, flushCache_()=0, openTxn_(String, TxnType)=3, getValidTxns_(long)=1}
2024-04-23T20:51:05,952  INFO [main] ql.Driver: Completed compiling command(queryId=alex_20240423205105_8a4354a1-1506-48b8-92a3-f89859aad37d); Time taken: 0.009 seconds
2024-04-23T20:51:05,952  INFO [main] lockmgr.DbTxnManager: Setting lock request transaction to txnid:19 for queryId=alex_20240423205105_8a4354a1-1506-48b8-92a3-f89859aad37d
2024-04-23T20:51:05,952  INFO [main] ql.Driver: Operation DROPTABLE obtained 0 locks
2024-04-23T20:51:05,953  INFO [main] ql.Driver: Executing command(queryId=alex_20240423205105_8a4354a1-1506-48b8-92a3-f89859aad37d): drop table if exists nobuckets
2024-04-23T20:51:05,953  INFO [main] ql.Driver: Starting task [Stage-0:DDL] in serial mode
2024-04-23T20:51:05,953  INFO [main] HiveMetaStore.audit: ugi=alex	ip=unknown-ip-addr	cmd=get_table : tbl=hive.default.nobuckets	
2024-04-23T20:51:05,957  INFO [main] metadata.Hive: Dumping metastore api call timing information for : execution phase
2024-04-23T20:51:05,957  INFO [main] metadata.Hive: Total time spent in each metastore function (ms): {isCompatibleWith_(Configuration)=0}
2024-04-23T20:51:05,957  INFO [main] ql.Driver: Completed executing command(queryId=alex_20240423205105_8a4354a1-1506-48b8-92a3-f89859aad37d); Time taken: 0.004 seconds
2024-04-23T20:51:05,957  INFO [main] lockmgr.DbTxnManager: Stopped heartbeat for query: alex_20240423205105_8a4354a1-1506-48b8-92a3-f89859aad37d
2024-04-23T20:51:05,962  INFO [main] txn.TxnHandler: Expected to move at least one record from txn_components to completed_txn_components when committing txn! txnid:19
2024-04-23T20:51:05,968  INFO [main] txn.TxnHandler: Removed transactions: ([19]) from MIN_HISTORY_LEVEL
2024-04-23T20:51:05,968  WARN [main] txn.CompactionTxnHandler: No compaction queue record found for Compaction type transaction commit. txnId:19
2024-04-23T20:51:05,969  INFO [main] ql.TxnCommandsBaseForTests: Running the query: create table nobuckets (c1 integer, c2 integer) partitioned by (c3 integer) stored as orc tblproperties('transactional'='true', 'transactional_properties'='default')
2024-04-23T20:51:05,969  INFO [main] ql.Driver: Compiling command(queryId=alex_20240423205105_c69187ca-28cb-445a-9e71-9cd6a731fa20): create table nobuckets (c1 integer, c2 integer) partitioned by (c3 integer) stored as orc tblproperties('transactional'='true', 'transactional_properties'='default')
2024-04-23T20:51:05,973  INFO [main] txn.TxnHandler: Added entries to MIN_HISTORY_LEVEL for current txns: ([20]) with min_open_txn: 19
2024-04-23T20:51:05,973  INFO [main] lockmgr.DbTxnManager: Opened txnid:20
2024-04-23T20:51:05,974  INFO [main] parse.CalcitePlanner: Starting caching scope for: 
2024-04-23T20:51:05,974  INFO [main] parse.CalcitePlanner: Starting Semantic Analysis
2024-04-23T20:51:05,979  INFO [main] parse.CalcitePlanner: Creating table default.nobuckets position=13
2024-04-23T20:51:05,980  INFO [main] HiveMetaStore.audit: ugi=alex	ip=unknown-ip-addr	cmd=get_database: default	
2024-04-23T20:51:05,981  INFO [main] parse.CalcitePlanner: Ending caching scope for: 
2024-04-23T20:51:05,981  INFO [main] ql.Driver: Semantic Analysis Completed (retrial = false)
2024-04-23T20:51:05,981  INFO [main] ql.Driver: Created Hive schema: Schema(fieldSchemas:null, properties:null)
2024-04-23T20:51:05,981  INFO [main] metadata.Hive: Dumping metastore api call timing information for : compilation phase
2024-04-23T20:51:05,982  INFO [main] metadata.Hive: Total time spent in each metastore function (ms): {openTxn_(String, TxnType)=3, flushCache_()=0, getValidWriteIds_(List, String)=5, getValidTxns_(long)=1, commitTxn_(CommitTxnRequest)=12, getDatabase_(String)=2, isCompatibleWith_(Configuration)=0}
2024-04-23T20:51:05,982  INFO [main] ql.Driver: Completed compiling command(queryId=alex_20240423205105_c69187ca-28cb-445a-9e71-9cd6a731fa20); Time taken: 0.012 seconds
2024-04-23T20:51:05,982  INFO [main] lockmgr.DbTxnManager: Setting lock request transaction to txnid:20 for queryId=alex_20240423205105_c69187ca-28cb-445a-9e71-9cd6a731fa20
2024-04-23T20:51:05,982  INFO [main] lockmgr.DbLockManager: Requesting lock for queryId=alex_20240423205105_c69187ca-28cb-445a-9e71-9cd6a731fa20
2024-04-23T20:51:06,001  INFO [main] lockmgr.DbLockManager: Response to queryId=alex_20240423205105_c69187ca-28cb-445a-9e71-9cd6a731fa20 LockResponse(lockid:12, state:ACQUIRED)
2024-04-23T20:51:06,001  INFO [main] ql.Driver: Operation CREATETABLE obtained 1 locks
2024-04-23T20:51:06,002  INFO [main] ql.Driver: Executing command(queryId=alex_20240423205105_c69187ca-28cb-445a-9e71-9cd6a731fa20): create table nobuckets (c1 integer, c2 integer) partitioned by (c3 integer) stored as orc tblproperties('transactional'='true', 'transactional_properties'='default')
2024-04-23T20:51:06,002  INFO [main] ql.Driver: Starting task [Stage-0:DDL] in serial mode
2024-04-23T20:51:06,003  INFO [main] HiveMetaStore.audit: ugi=alex	ip=unknown-ip-addr	cmd=create_table_req: Table(tableName:nobuckets, dbName:default, owner:alex, createTime:1713930666, lastAccessTime:0, retention:0, sd:StorageDescriptor(cols:[FieldSchema(name:c1, type:int, comment:null), FieldSchema(name:c2, type:int, comment:null)], location:null, inputFormat:org.apache.hadoop.hive.ql.io.orc.OrcInputFormat, outputFormat:org.apache.hadoop.hive.ql.io.orc.OrcOutputFormat, compressed:false, numBuckets:-1, serdeInfo:SerDeInfo(name:null, serializationLib:org.apache.hadoop.hive.ql.io.orc.OrcSerde, parameters:{serialization.format=1}), bucketCols:[], sortCols:[], parameters:{}, skewedInfo:SkewedInfo(skewedColNames:[], skewedColValues:[], skewedColValueLocationMaps:{}), storedAsSubDirectories:false), partitionKeys:[FieldSchema(name:c3, type:int, comment:null)], parameters:{bucketing_version=2, transactional=true, transactional_properties=default}, viewOriginalText:null, viewExpandedText:null, tableType:MANAGED_TABLE, privileges:PrincipalPrivilegeSet(userPrivileges:{alex=[PrivilegeGrantInfo(privilege:INSERT, createTime:-1, grantor:alex, grantorType:USER, grantOption:true), PrivilegeGrantInfo(privilege:SELECT, createTime:-1, grantor:alex, grantorType:USER, grantOption:true), PrivilegeGrantInfo(privilege:UPDATE, createTime:-1, grantor:alex, grantorType:USER, grantOption:true), PrivilegeGrantInfo(privilege:DELETE, createTime:-1, grantor:alex, grantorType:USER, grantOption:true)]}, groupPrivileges:null, rolePrivileges:null), temporary:false, catName:hive, ownerType:USER, writeId:0)	
2024-04-23T20:51:06,009  INFO [main] utils.FileUtils: Creating directory if it doesn't exist: file:/home/alex/Repositories/hive/ql/target/tmp/org.apache.hadoop.hive.ql.TestTxnNoBuckets-1713930630697/warehouse/nobuckets
2024-04-23T20:51:06,043  INFO [main] metadata.Hive: Dumping metastore api call timing information for : execution phase
2024-04-23T20:51:06,043  INFO [main] metadata.Hive: Total time spent in each metastore function (ms): {createTable_(Table)=40, isCompatibleWith_(Configuration)=0}
2024-04-23T20:51:06,043  INFO [main] ql.Driver: Completed executing command(queryId=alex_20240423205105_c69187ca-28cb-445a-9e71-9cd6a731fa20); Time taken: 0.041 seconds
2024-04-23T20:51:06,043  INFO [main] lockmgr.DbTxnManager: Stopped heartbeat for query: alex_20240423205105_c69187ca-28cb-445a-9e71-9cd6a731fa20
2024-04-23T20:51:06,047  INFO [main] txn.TxnHandler: Expected to move at least one record from txn_components to completed_txn_components when committing txn! txnid:20
2024-04-23T20:51:06,053  INFO [main] txn.TxnHandler: Removed transactions: ([20]) from MIN_HISTORY_LEVEL
2024-04-23T20:51:06,054  WARN [main] txn.CompactionTxnHandler: No compaction queue record found for Compaction type transaction commit. txnId:20
2024-04-23T20:51:06,054  INFO [main] ql.TxnCommandsBaseForTests: Running the query: insert into nobuckets partition(c3) select * from tmp
2024-04-23T20:51:06,055  INFO [main] ql.Driver: Compiling command(queryId=alex_20240423205106_70caad18-a43c-442d-9261-f51b7c7940c4): insert into nobuckets partition(c3) select * from tmp
2024-04-23T20:51:06,057  INFO [main] txn.TxnHandler: Added entries to MIN_HISTORY_LEVEL for current txns: ([21]) with min_open_txn: 19
2024-04-23T20:51:06,058  INFO [main] lockmgr.DbTxnManager: Opened txnid:21
2024-04-23T20:51:06,058  INFO [main] parse.CalcitePlanner: Starting caching scope for: 
2024-04-23T20:51:06,058  INFO [main] parse.CalcitePlanner: Starting Semantic Analysis
2024-04-23T20:51:06,061  INFO [main] parse.CalcitePlanner: Completed phase 1 of Semantic Analysis
2024-04-23T20:51:06,061  INFO [main] parse.CalcitePlanner: Get metadata for source tables
2024-04-23T20:51:06,062  INFO [main] HiveMetaStore.audit: ugi=alex	ip=unknown-ip-addr	cmd=get_table : tbl=hive.default.tmp	
2024-04-23T20:51:06,093  INFO [main] metastore.HMSHandler: Skipping translation for processor with null
2024-04-23T20:51:06,093  INFO [main] parse.CalcitePlanner: Get metadata for subqueries
2024-04-23T20:51:06,093  INFO [main] parse.CalcitePlanner: Get metadata for destination tables
2024-04-23T20:51:06,093  INFO [main] HiveMetaStore.audit: ugi=alex	ip=unknown-ip-addr	cmd=get_table : tbl=hive.default.nobuckets	
2024-04-23T20:51:06,100  INFO [main] metastore.HMSHandler: Skipping translation for processor with null
2024-04-23T20:51:06,101  WARN [main] parse.BaseSemanticAnalyzer: Dynamic partitioning is used; only validating 0 columns
2024-04-23T20:51:06,101  INFO [main] parse.CalcitePlanner: Completed getting MetaData in Semantic Analysis
2024-04-23T20:51:06,101  INFO [main] parse.CalcitePlanner: Disabling LLAP IO encode as ETL query is detected
2024-04-23T20:51:06,114  INFO [main] HiveMetaStore.audit: ugi=alex	ip=unknown-ip-addr	cmd=get_all_table_constraints : tbl=hive.default.tmp	
2024-04-23T20:51:06,147  INFO [main] calcite.RelOptHiveTable: Calculating column statistics for default.tmp, projIndxSet: [0, 1, 2], allowMissingStats: true
2024-04-23T20:51:06,147  INFO [main] HiveMetaStore.audit: ugi=alex	ip=unknown-ip-addr	cmd=get_partitions : tbl=hive.default.tmp	
2024-04-23T20:51:06,184  INFO [main] HiveMetaStore.audit: ugi=alex	ip=unknown-ip-addr	cmd=get_aggr_stats_for: table=hive.default.tmp	
2024-04-23T20:51:06,211  WARN [main] calcite.RelOptHiveTable: No Stats for default@tmp, Columns: c1, c2
No Stats for default@tmp, Columns: c1, c2
2024-04-23T20:51:06,211  INFO [main] SessionState: No Stats for default@tmp, Columns: c1, c2
2024-04-23T20:51:06,260  INFO [main] parse.CalcitePlanner: Get metadata for source tables
2024-04-23T20:51:06,260  INFO [main] parse.CalcitePlanner: Get metadata for subqueries
2024-04-23T20:51:06,260  INFO [main] parse.CalcitePlanner: Get metadata for destination tables
2024-04-23T20:51:06,261  INFO [main] HiveMetaStore.audit: ugi=alex	ip=unknown-ip-addr	cmd=get_table : tbl=hive.default.nobuckets	
2024-04-23T20:51:06,269  INFO [main] metastore.HMSHandler: Skipping translation for processor with null
2024-04-23T20:51:06,270  WARN [main] parse.BaseSemanticAnalyzer: Dynamic partitioning is used; only validating 0 columns
2024-04-23T20:51:06,271  INFO [main] HiveMetaStore.audit: ugi=alex	ip=unknown-ip-addr	cmd=get_not_null_constraints : tbl=hive.default.nobuckets	
2024-04-23T20:51:06,273  INFO [main] HiveMetaStore.audit: ugi=alex	ip=unknown-ip-addr	cmd=get_check_constraints : tbl=hive.default.nobuckets	
2024-04-23T20:51:06,282  INFO [main] txn.TxnHandler: Allocated writeId: 1 for txnId: 21
2024-04-23T20:51:06,282  INFO [main] txn.TxnHandler: Allocated write ids for dbName=default, tblName=nobuckets (txnIds: [21])
2024-04-23T20:51:06,285  INFO [main] parse.CalcitePlanner: CBO Succeeded; optimized logical plan.
2024-04-23T20:51:06,288  INFO [main] optimizer.BucketVersionPopulator: not considering bucketingVersion for: TS[0] because it has -1<2 buckets 
2024-04-23T20:51:06,288  INFO [main] optimizer.SortedDynPartitionOptimizer: Sorted dynamic partitioning optimization kicked in..
2024-04-23T20:51:06,289  INFO [main] optimizer.SortedDynPartitionOptimizer: Inserted RS_3 and SEL_4 as parent of FS_2 and child of SEL_1
2024-04-23T20:51:06,300  INFO [main] HiveMetaStore.audit: ugi=alex	ip=unknown-ip-addr	cmd=get_table : tbl=hive.default.nobuckets	
2024-04-23T20:51:06,308  INFO [main] metastore.HMSHandler: Skipping translation for processor with null
2024-04-23T20:51:06,309  INFO [main] physical.Vectorizer: Examining input format to see if vectorization is enabled.
2024-04-23T20:51:06,310  INFO [main] physical.Vectorizer: Vectorization is enabled for input format(s) [org.apache.hadoop.hive.ql.io.orc.OrcInputFormat]
2024-04-23T20:51:06,310  INFO [main] physical.Vectorizer: Validating and vectorizing MapWork... (vectorizedVertexNum 0)
2024-04-23T20:51:06,311  INFO [main] physical.Vectorizer: Map vectorization enabled: true
2024-04-23T20:51:06,311  INFO [main] physical.Vectorizer: Map vectorized: true
2024-04-23T20:51:06,311  INFO [main] physical.Vectorizer: Map vectorizedVertexNum: 0
2024-04-23T20:51:06,311  INFO [main] physical.Vectorizer: Map enabledConditionsMet: [hive.vectorized.use.vectorized.input.format IS true]
2024-04-23T20:51:06,311  INFO [main] physical.Vectorizer: Map inputFileFormatClassNameSet: [org.apache.hadoop.hive.ql.io.orc.OrcInputFormat]
2024-04-23T20:51:06,311  INFO [main] physical.Vectorizer: Reduce vectorization enabled: false
2024-04-23T20:51:06,312  INFO [main] physical.Vectorizer: Reduce vectorized: false
2024-04-23T20:51:06,312  INFO [main] physical.Vectorizer: Reduce vectorizedVertexNum: 1
2024-04-23T20:51:06,312  INFO [main] physical.Vectorizer: Reducer hive.vectorized.execution.reduce.enabled: true
2024-04-23T20:51:06,312  INFO [main] physical.Vectorizer: Reducer engine: mr
2024-04-23T20:51:06,312  INFO [main] parse.CalcitePlanner: Completed plan generation
2024-04-23T20:51:06,312  INFO [main] parse.CalcitePlanner: Ending caching scope for: 
2024-04-23T20:51:06,312  INFO [main] ql.Driver: Semantic Analysis Completed (retrial = false)
2024-04-23T20:51:06,312  INFO [main] ql.Driver: Created Hive schema: Schema(fieldSchemas:[FieldSchema(name:tmp.c1, type:int, comment:null), FieldSchema(name:tmp.c2, type:int, comment:null), FieldSchema(name:tmp.c3, type:int, comment:null)], properties:null)
2024-04-23T20:51:06,312  INFO [main] metadata.Hive: Dumping metastore api call timing information for : compilation phase
2024-04-23T20:51:06,312  INFO [main] metadata.Hive: Total time spent in each metastore function (ms): {getNotNullConstraints_(NotNullConstraintsRequest)=2, listPartitions_(String, String, short)=36, allocateTableWriteId_(long, String, String)=9, isCompatibleWith_(Configuration)=2, getAllTableConstraints_(AllTableConstraintsRequest)=29, getTable_(GetTableRequest)=58, flushCache_()=0, commitTxn_(CommitTxnRequest)=10, getAggrColStatsFor_(String, String, List, List, String, String)=26, openTxn_(String, TxnType)=2, getCheckConstraints_(CheckConstraintsRequest)=1, getValidTxns_(long)=0, getValidWriteIds_(List, String)=4, getMetaConf_(String)=0}
2024-04-23T20:51:06,312  INFO [main] ql.Driver: Completed compiling command(queryId=alex_20240423205106_70caad18-a43c-442d-9261-f51b7c7940c4); Time taken: 0.257 seconds
2024-04-23T20:51:06,313  INFO [main] lockmgr.DbTxnManager: Setting lock request transaction to txnid:21 for queryId=alex_20240423205106_70caad18-a43c-442d-9261-f51b7c7940c4
2024-04-23T20:51:06,315  INFO [main] lockmgr.DbLockManager: Requesting lock for queryId=alex_20240423205106_70caad18-a43c-442d-9261-f51b7c7940c4
2024-04-23T20:51:06,342  INFO [main] lockmgr.DbLockManager: Response to queryId=alex_20240423205106_70caad18-a43c-442d-9261-f51b7c7940c4 LockResponse(lockid:13, state:ACQUIRED)
2024-04-23T20:51:06,342  INFO [main] ql.Driver: Operation QUERY obtained 1 locks
2024-04-23T20:51:06,345  INFO [main] ql.Driver: Executing command(queryId=alex_20240423205106_70caad18-a43c-442d-9261-f51b7c7940c4): insert into nobuckets partition(c3) select * from tmp
2024-04-23T20:51:06,346  WARN [main] ql.Driver: Hive-on-MR is deprecated in Hive 2 and may not be available in the future versions. Consider using a different execution engine (i.e. tez, spark) or using Hive 1.X releases.
Query ID = alex_20240423205106_70caad18-a43c-442d-9261-f51b7c7940c4
2024-04-23T20:51:06,346  INFO [main] ql.Driver: Query ID = alex_20240423205106_70caad18-a43c-442d-9261-f51b7c7940c4
Total jobs = 1
2024-04-23T20:51:06,346  INFO [main] ql.Driver: Total jobs = 1
Launching Job 1 out of 1
2024-04-23T20:51:06,346  INFO [main] ql.Driver: Launching Job 1 out of 1
2024-04-23T20:51:06,501  INFO [main] ql.Driver: Starting task [Stage-1:MAPRED] in serial mode
2024-04-23T20:51:06,501  INFO [main] exec.Utilities: Not using thread pool for getContentSummary
2024-04-23T20:51:06,504  INFO [main] exec.Utilities: BytesPerReducer=256000000 maxReducers=1009 totalInputFileSize=1936
Number of reduce tasks not specified. Estimated from input data size: 1
2024-04-23T20:51:06,504  INFO [main] exec.Task: Number of reduce tasks not specified. Estimated from input data size: 1
In order to change the average load for a reducer (in bytes):
2024-04-23T20:51:06,504  INFO [main] exec.Task: In order to change the average load for a reducer (in bytes):
  set hive.exec.reducers.bytes.per.reducer=<number>
2024-04-23T20:51:06,504  INFO [main] exec.Task:   set hive.exec.reducers.bytes.per.reducer=<number>
In order to limit the maximum number of reducers:
2024-04-23T20:51:06,504  INFO [main] exec.Task: In order to limit the maximum number of reducers:
  set hive.exec.reducers.max=<number>
2024-04-23T20:51:06,505  INFO [main] exec.Task:   set hive.exec.reducers.max=<number>
In order to set a constant number of reducers:
2024-04-23T20:51:06,505  INFO [main] exec.Task: In order to set a constant number of reducers:
  set mapreduce.job.reduces=<number>
2024-04-23T20:51:06,505  INFO [main] exec.Task:   set mapreduce.job.reduces=<number>
2024-04-23T20:51:06,507  INFO [main] mr.ExecDriver: Using org.apache.hadoop.hive.ql.io.HiveInputFormat
2024-04-23T20:51:06,507  INFO [main] exec.Utilities: Processing alias tmp
2024-04-23T20:51:06,507  INFO [main] exec.Utilities: Adding 7 inputs; the first input is file:/home/alex/Repositories/hive/ql/target/tmp/org.apache.hadoop.hive.ql.TestTxnNoBuckets-1713930630697/warehouse/tmp/c3=0
2024-04-23T20:51:06,517  INFO [main] exec.SerializationUtilities: Serializing MapWork using kryo
2024-04-23T20:51:06,519  INFO [main] exec.Utilities: Serialized plan (via FILE) - name: null size: 8,20KB
2024-04-23T20:51:06,523  INFO [main] exec.SerializationUtilities: Serializing ReduceWork using kryo
2024-04-23T20:51:06,525  INFO [main] exec.Utilities: Serialized plan (via FILE) - name: null size: 6,77KB
2024-04-23T20:51:06,526  WARN [main] impl.MetricsSystemImpl: JobTracker metrics system already initialized!
2024-04-23T20:51:06,529  INFO [main] fs.FSStatsPublisher: created : file:/home/alex/Repositories/hive/ql/target/tmp/localscratchdir/35c1eaf2-85f7-4891-a074-7246c6e7652c/hive_2024-04-23_20-51-06_054_4343932957141269500-1/-mr-10000
2024-04-23T20:51:06,531  WARN [main] impl.MetricsSystemImpl: JobTracker metrics system already initialized!
2024-04-23T20:51:06,538  WARN [main] mapreduce.JobResourceUploader: Hadoop command-line option parsing not performed. Implement the Tool interface and execute your application with ToolRunner to remedy this.
2024-04-23T20:51:06,543  WARN [main] mapreduce.JobResourceUploader: No job jar file set.  User classes may not be found. See Job or Job#setJar(String).
2024-04-23T20:51:06,544  INFO [main] io.HiveInputFormat: hive.io.file.readcolumn.ids = 0,1
2024-04-23T20:51:06,544  INFO [main] io.HiveInputFormat: hive.io.file.readcolumn.names = c1,c2
2024-04-23T20:51:06,544  INFO [main] io.HiveInputFormat: Generating splits for dirs: file:/home/alex/Repositories/hive/ql/target/tmp/org.apache.hadoop.hive.ql.TestTxnNoBuckets-1713930630697/warehouse/tmp/c3=0
2024-04-23T20:51:06,544  INFO [main] orc.OrcInputFormat: getSplits started
2024-04-23T20:51:06,544  INFO [main] orc.OrcInputFormat: Context:: isAcid: false isVectorMode: true sarg: null minSplitSize: 1 maxSplitSize: 256000000 splitStrategy: HYBRID footerInSplits: false numBuckets: 0 numThreads: 10 cacheMemSize: 268435456 cacheStripeDetails: true useSoftReference: false writeIdList: null:9223372036854775807:9223372036854775807:: isTransactionalTable: true txnProperties: default 
2024-04-23T20:51:06,545  INFO [main] orc.OrcInputFormat: ORC pushdown predicate: null
2024-04-23T20:51:06,555  INFO [main] orc.OrcInputFormat: FooterCacheHitRatio: 0/8
2024-04-23T20:51:06,556  INFO [main] orc.OrcInputFormat: getSplits finished (#splits: 8). duration: 12 ms
2024-04-23T20:51:06,556  INFO [main] io.HiveInputFormat: number of splits 8
2024-04-23T20:51:06,572  INFO [main] mapreduce.JobSubmitter: number of splits:8
2024-04-23T20:51:06,593  INFO [main] mapreduce.JobSubmitter: Submitting tokens for job: job_local1427076879_0012
2024-04-23T20:51:06,593  INFO [main] mapreduce.JobSubmitter: Executing with tokens: []
2024-04-23T20:51:06,682  INFO [main] mapreduce.Job: The url to track the job: http://localhost:8080/
Job running in-process (local Hadoop)
2024-04-23T20:51:06,682  INFO [main] exec.Task: Job running in-process (local Hadoop)
2024-04-23T20:51:06,682  INFO [Thread-744] mapred.LocalJobRunner: OutputCommitter set in config org.apache.hadoop.hive.ql.io.HiveFileFormatUtils$NullOutputCommitter
2024-04-23T20:51:06,682  INFO [Thread-744] mapred.LocalJobRunner: OutputCommitter is org.apache.hadoop.hive.ql.io.HiveFileFormatUtils$NullOutputCommitter
2024-04-23T20:51:06,686  INFO [Thread-744] mapred.LocalJobRunner: Waiting for map tasks
2024-04-23T20:51:06,686  INFO [LocalJobRunner Map Task Executor #0] mapred.LocalJobRunner: Starting task: attempt_local1427076879_0012_m_000000_0
2024-04-23T20:51:06,686  INFO [LocalJobRunner Map Task Executor #0] mapred.Task:  Using ResourceCalculatorProcessTree : [ ]
2024-04-23T20:51:06,687  INFO [LocalJobRunner Map Task Executor #0] mapred.MapTask: Processing split: org.apache.hadoop.hive.ql.io.orc.OrcInputFormat:OrcSplit [file:/home/alex/Repositories/hive/ql/target/tmp/org.apache.hadoop.hive.ql.TestTxnNoBuckets-1713930630697/warehouse/tmp/c3=1/000000_0, start=3, length=110, isOriginal=true, fileLength=242, hasFooter=false, hasBase=true, deltas=0]
2024-04-23T20:51:06,688  INFO [LocalJobRunner Map Task Executor #0] exec.SerializationUtilities: Deserializing MapWork using kryo
2024-04-23T20:51:06,688  INFO [LocalJobRunner Map Task Executor #0] exec.Utilities: Deserialized plan (via FILE) - name: null size: 8,20KB
2024-04-23T20:51:06,690  INFO [LocalJobRunner Map Task Executor #0] orc.ReaderImpl: Reading ORC rows from file:/home/alex/Repositories/hive/ql/target/tmp/org.apache.hadoop.hive.ql.TestTxnNoBuckets-1713930630697/warehouse/tmp/c3=1/000000_0 with {include: [true, true, true], offset: 3, length: 110, schema: struct<c1:int,c2:int>, includeAcidColumns: true}
2024-04-23T20:51:06,691  INFO [LocalJobRunner Map Task Executor #0] mapred.MapTask: numReduceTasks: 1
2024-04-23T20:51:06,696  INFO [LocalJobRunner Map Task Executor #0] mapred.MapTask: (EQUATOR) 0 kvi 26214396(104857584)
2024-04-23T20:51:06,696  INFO [LocalJobRunner Map Task Executor #0] mapred.MapTask: mapreduce.task.io.sort.mb: 100
2024-04-23T20:51:06,696  INFO [LocalJobRunner Map Task Executor #0] mapred.MapTask: soft limit at 83886080
2024-04-23T20:51:06,696  INFO [LocalJobRunner Map Task Executor #0] mapred.MapTask: bufstart = 0; bufvoid = 104857600
2024-04-23T20:51:06,696  INFO [LocalJobRunner Map Task Executor #0] mapred.MapTask: kvstart = 26214396; length = 6553600
2024-04-23T20:51:06,696  INFO [LocalJobRunner Map Task Executor #0] mapred.MapTask: Map output collector class = org.apache.hadoop.mapred.MapTask$MapOutputBuffer
2024-04-23T20:51:06,697  INFO [LocalJobRunner Map Task Executor #0] vector.VectorMapOperator: Initializing Operator: MAP[0]
2024-04-23T20:51:06,697  INFO [LocalJobRunner Map Task Executor #0] mr.ExecMapper: 
<MAP>Id =0
  <Children>null
  <\Children>
  <Parent><\Parent>
<\MAP>
2024-04-23T20:51:06,698  INFO [LocalJobRunner Map Task Executor #0] exec.TableScanOperator: Initializing Operator: TS[0]
2024-04-23T20:51:06,698  INFO [LocalJobRunner Map Task Executor #0] vector.VectorSelectOperator: Initializing Operator: SEL[5]
2024-04-23T20:51:06,698  INFO [LocalJobRunner Map Task Executor #0] vector.VectorReduceSinkOperator: Initializing Operator: RS[6]
2024-04-23T20:51:06,698  INFO [LocalJobRunner Map Task Executor #0] vector.VectorReduceSinkOperator: Using tag = -1
2024-04-23T20:51:06,699  INFO [LocalJobRunner Map Task Executor #0] vector.VectorReduceSinkOperator: keys are [_col2] num distributions: 1
2024-04-23T20:51:06,699  INFO [LocalJobRunner Map Task Executor #0] vector.VectorReduceSinkOperator: RS[6]: records written - 1
2024-04-23T20:51:06,699  INFO [LocalJobRunner Map Task Executor #0] vector.VectorMapOperator: Closing Operator: MAP[0]
2024-04-23T20:51:06,700  INFO [LocalJobRunner Map Task Executor #0] vector.VectorMapOperator: RECORDS_IN:1, RECORDS_OUT_OPERATOR_MAP_0:0, DESERIALIZE_ERRORS:0, RECORDS_OUT_INTERMEDIATE:0, 
2024-04-23T20:51:06,700  INFO [LocalJobRunner Map Task Executor #0] exec.TableScanOperator: Closing Operator: TS[0]
2024-04-23T20:51:06,700  INFO [LocalJobRunner Map Task Executor #0] exec.TableScanOperator: RECORDS_OUT_INTERMEDIATE:0, RECORDS_OUT_OPERATOR_TS_0:1, 
2024-04-23T20:51:06,700  INFO [LocalJobRunner Map Task Executor #0] vector.VectorSelectOperator: Closing Operator: SEL[5]
2024-04-23T20:51:06,700  INFO [LocalJobRunner Map Task Executor #0] vector.VectorSelectOperator: RECORDS_OUT_INTERMEDIATE:0, RECORDS_OUT_OPERATOR_SEL_5:1, 
2024-04-23T20:51:06,700  INFO [LocalJobRunner Map Task Executor #0] vector.VectorReduceSinkOperator: Closing Operator: RS[6]
2024-04-23T20:51:06,700  INFO [LocalJobRunner Map Task Executor #0] vector.VectorReduceSinkOperator: RS[6]: Total records written - 1. abort - false
2024-04-23T20:51:06,700  INFO [LocalJobRunner Map Task Executor #0] vector.VectorReduceSinkOperator: RECORDS_OUT_OPERATOR_RS_6:1, RECORDS_OUT_INTERMEDIATE:1, 
2024-04-23T20:51:06,700  INFO [LocalJobRunner Map Task Executor #0] mapred.LocalJobRunner: 
2024-04-23T20:51:06,700  INFO [LocalJobRunner Map Task Executor #0] mapred.MapTask: Starting flush of map output
2024-04-23T20:51:06,700  INFO [LocalJobRunner Map Task Executor #0] mapred.MapTask: Spilling map output
2024-04-23T20:51:06,700  INFO [LocalJobRunner Map Task Executor #0] mapred.MapTask: bufstart = 0; bufend = 17; bufvoid = 104857600
2024-04-23T20:51:06,700  INFO [LocalJobRunner Map Task Executor #0] mapred.MapTask: kvstart = 26214396(104857584); kvend = 26214396(104857584); length = 1/6553600
2024-04-23T20:51:06,710  INFO [LocalJobRunner Map Task Executor #0] mapred.MapTask: Finished spill 0
2024-04-23T20:51:06,713  INFO [LocalJobRunner Map Task Executor #0] mapred.Task: Task:attempt_local1427076879_0012_m_000000_0 is done. And is in the process of committing
2024-04-23T20:51:06,714  INFO [LocalJobRunner Map Task Executor #0] mapred.LocalJobRunner: OrcSplit [file:/home/alex/Repositories/hive/ql/target/tmp/org.apache.hadoop.hive.ql.TestTxnNoBuckets-1713930630697/warehouse/tmp/c3=1/000000_0, start=3, length=110, isOriginal=true, fileLength=242, hasFooter=false, hasBase=true, deltas=0]
2024-04-23T20:51:06,714  INFO [LocalJobRunner Map Task Executor #0] mapred.Task: Task 'attempt_local1427076879_0012_m_000000_0' done.
2024-04-23T20:51:06,714  INFO [LocalJobRunner Map Task Executor #0] mapred.Task: Final Counters for attempt_local1427076879_0012_m_000000_0: Counters: 24
	File System Counters
		FILE: Number of bytes read=194690
		FILE: Number of bytes written=14428338
		FILE: Number of read operations=0
		FILE: Number of large read operations=0
		FILE: Number of write operations=0
	Map-Reduce Framework
		Map input records=1
		Map output records=1
		Map output bytes=17
		Map output materialized bytes=25
		Input split bytes=466
		Combine input records=0
		Spilled Records=1
		Failed Shuffles=0
		Merged Map outputs=0
		GC time elapsed (ms)=0
		Total committed heap usage (bytes)=1098907648
	HIVE
		DESERIALIZE_ERRORS=0
		RECORDS_IN=1
		RECORDS_OUT_INTERMEDIATE=1
		RECORDS_OUT_OPERATOR_MAP_0=0
		RECORDS_OUT_OPERATOR_RS_6=1
		RECORDS_OUT_OPERATOR_SEL_5=1
		RECORDS_OUT_OPERATOR_TS_0=1
	File Input Format Counters 
		Bytes Read=9312
2024-04-23T20:51:06,714  INFO [LocalJobRunner Map Task Executor #0] mapred.LocalJobRunner: Finishing task: attempt_local1427076879_0012_m_000000_0
2024-04-23T20:51:06,714  INFO [LocalJobRunner Map Task Executor #0] mapred.LocalJobRunner: Starting task: attempt_local1427076879_0012_m_000001_0
2024-04-23T20:51:06,715  INFO [LocalJobRunner Map Task Executor #0] mapred.Task:  Using ResourceCalculatorProcessTree : [ ]
2024-04-23T20:51:06,715  INFO [LocalJobRunner Map Task Executor #0] mapred.MapTask: Processing split: org.apache.hadoop.hive.ql.io.orc.OrcInputFormat:OrcSplit [file:/home/alex/Repositories/hive/ql/target/tmp/org.apache.hadoop.hive.ql.TestTxnNoBuckets-1713930630697/warehouse/tmp/c3=5/000000_0, start=3, length=110, isOriginal=true, fileLength=242, hasFooter=false, hasBase=true, deltas=0]
2024-04-23T20:51:06,716  INFO [LocalJobRunner Map Task Executor #0] exec.SerializationUtilities: Deserializing MapWork using kryo
2024-04-23T20:51:06,716  INFO [LocalJobRunner Map Task Executor #0] exec.Utilities: Deserialized plan (via FILE) - name: null size: 8,20KB
2024-04-23T20:51:06,717  INFO [LocalJobRunner Map Task Executor #0] orc.ReaderImpl: Reading ORC rows from file:/home/alex/Repositories/hive/ql/target/tmp/org.apache.hadoop.hive.ql.TestTxnNoBuckets-1713930630697/warehouse/tmp/c3=5/000000_0 with {include: [true, true, true], offset: 3, length: 110, schema: struct<c1:int,c2:int>, includeAcidColumns: true}
2024-04-23T20:51:06,718  INFO [LocalJobRunner Map Task Executor #0] mapred.MapTask: numReduceTasks: 1
2024-04-23T20:51:06,728  INFO [LocalJobRunner Map Task Executor #0] mapred.MapTask: (EQUATOR) 0 kvi 26214396(104857584)
2024-04-23T20:51:06,728  INFO [LocalJobRunner Map Task Executor #0] mapred.MapTask: mapreduce.task.io.sort.mb: 100
2024-04-23T20:51:06,728  INFO [LocalJobRunner Map Task Executor #0] mapred.MapTask: soft limit at 83886080
2024-04-23T20:51:06,728  INFO [LocalJobRunner Map Task Executor #0] mapred.MapTask: bufstart = 0; bufvoid = 104857600
2024-04-23T20:51:06,728  INFO [LocalJobRunner Map Task Executor #0] mapred.MapTask: kvstart = 26214396; length = 6553600
2024-04-23T20:51:06,729  INFO [LocalJobRunner Map Task Executor #0] mapred.MapTask: Map output collector class = org.apache.hadoop.mapred.MapTask$MapOutputBuffer
2024-04-23T20:51:06,729  INFO [LocalJobRunner Map Task Executor #0] vector.VectorMapOperator: Initializing Operator: MAP[0]
2024-04-23T20:51:06,729  INFO [LocalJobRunner Map Task Executor #0] mr.ExecMapper: 
<MAP>Id =0
  <Children>null
  <\Children>
  <Parent><\Parent>
<\MAP>
2024-04-23T20:51:06,730  INFO [LocalJobRunner Map Task Executor #0] exec.TableScanOperator: Initializing Operator: TS[0]
2024-04-23T20:51:06,730  INFO [LocalJobRunner Map Task Executor #0] vector.VectorSelectOperator: Initializing Operator: SEL[5]
2024-04-23T20:51:06,730  INFO [LocalJobRunner Map Task Executor #0] vector.VectorReduceSinkOperator: Initializing Operator: RS[6]
2024-04-23T20:51:06,730  INFO [LocalJobRunner Map Task Executor #0] vector.VectorReduceSinkOperator: Using tag = -1
2024-04-23T20:51:06,731  INFO [LocalJobRunner Map Task Executor #0] vector.VectorReduceSinkOperator: keys are [_col2] num distributions: 1
2024-04-23T20:51:06,731  INFO [LocalJobRunner Map Task Executor #0] vector.VectorReduceSinkOperator: RS[6]: records written - 1
2024-04-23T20:51:06,731  INFO [LocalJobRunner Map Task Executor #0] vector.VectorMapOperator: Closing Operator: MAP[0]
2024-04-23T20:51:06,731  INFO [LocalJobRunner Map Task Executor #0] vector.VectorMapOperator: RECORDS_OUT_OPERATOR_MAP_0:0, RECORDS_IN:1, RECORDS_OUT_INTERMEDIATE:0, DESERIALIZE_ERRORS:0, 
2024-04-23T20:51:06,731  INFO [LocalJobRunner Map Task Executor #0] exec.TableScanOperator: Closing Operator: TS[0]
2024-04-23T20:51:06,731  INFO [LocalJobRunner Map Task Executor #0] exec.TableScanOperator: RECORDS_OUT_INTERMEDIATE:0, RECORDS_OUT_OPERATOR_TS_0:1, 
2024-04-23T20:51:06,731  INFO [LocalJobRunner Map Task Executor #0] vector.VectorSelectOperator: Closing Operator: SEL[5]
2024-04-23T20:51:06,731  INFO [LocalJobRunner Map Task Executor #0] vector.VectorSelectOperator: RECORDS_OUT_OPERATOR_SEL_5:1, RECORDS_OUT_INTERMEDIATE:0, 
2024-04-23T20:51:06,731  INFO [LocalJobRunner Map Task Executor #0] vector.VectorReduceSinkOperator: Closing Operator: RS[6]
2024-04-23T20:51:06,731  INFO [LocalJobRunner Map Task Executor #0] vector.VectorReduceSinkOperator: RS[6]: Total records written - 1. abort - false
2024-04-23T20:51:06,731  INFO [LocalJobRunner Map Task Executor #0] vector.VectorReduceSinkOperator: RECORDS_OUT_INTERMEDIATE:1, RECORDS_OUT_OPERATOR_RS_6:1, 
2024-04-23T20:51:06,732  INFO [LocalJobRunner Map Task Executor #0] mapred.LocalJobRunner: 
2024-04-23T20:51:06,732  INFO [LocalJobRunner Map Task Executor #0] mapred.MapTask: Starting flush of map output
2024-04-23T20:51:06,732  INFO [LocalJobRunner Map Task Executor #0] mapred.MapTask: Spilling map output
2024-04-23T20:51:06,732  INFO [LocalJobRunner Map Task Executor #0] mapred.MapTask: bufstart = 0; bufend = 17; bufvoid = 104857600
2024-04-23T20:51:06,732  INFO [LocalJobRunner Map Task Executor #0] mapred.MapTask: kvstart = 26214396(104857584); kvend = 26214396(104857584); length = 1/6553600
2024-04-23T20:51:06,739  INFO [LocalJobRunner Map Task Executor #0] mapred.MapTask: Finished spill 0
2024-04-23T20:51:06,742  INFO [LocalJobRunner Map Task Executor #0] mapred.Task: Task:attempt_local1427076879_0012_m_000001_0 is done. And is in the process of committing
2024-04-23T20:51:06,743  INFO [LocalJobRunner Map Task Executor #0] mapred.LocalJobRunner: OrcSplit [file:/home/alex/Repositories/hive/ql/target/tmp/org.apache.hadoop.hive.ql.TestTxnNoBuckets-1713930630697/warehouse/tmp/c3=5/000000_0, start=3, length=110, isOriginal=true, fileLength=242, hasFooter=false, hasBase=true, deltas=0]
2024-04-23T20:51:06,743  INFO [LocalJobRunner Map Task Executor #0] mapred.Task: Task 'attempt_local1427076879_0012_m_000001_0' done.
2024-04-23T20:51:06,743  INFO [LocalJobRunner Map Task Executor #0] mapred.Task: Final Counters for attempt_local1427076879_0012_m_000001_0: Counters: 24
	File System Counters
		FILE: Number of bytes read=207784
		FILE: Number of bytes written=14428395
		FILE: Number of read operations=0
		FILE: Number of large read operations=0
		FILE: Number of write operations=0
	Map-Reduce Framework
		Map input records=1
		Map output records=1
		Map output bytes=17
		Map output materialized bytes=25
		Input split bytes=466
		Combine input records=0
		Spilled Records=1
		Failed Shuffles=0
		Merged Map outputs=0
		GC time elapsed (ms)=5
		Total committed heap usage (bytes)=1077936128
	HIVE
		DESERIALIZE_ERRORS=0
		RECORDS_IN=1
		RECORDS_OUT_INTERMEDIATE=1
		RECORDS_OUT_OPERATOR_MAP_0=0
		RECORDS_OUT_OPERATOR_RS_6=1
		RECORDS_OUT_OPERATOR_SEL_5=1
		RECORDS_OUT_OPERATOR_TS_0=1
	File Input Format Counters 
		Bytes Read=9312
2024-04-23T20:51:06,743  INFO [LocalJobRunner Map Task Executor #0] mapred.LocalJobRunner: Finishing task: attempt_local1427076879_0012_m_000001_0
2024-04-23T20:51:06,743  INFO [LocalJobRunner Map Task Executor #0] mapred.LocalJobRunner: Starting task: attempt_local1427076879_0012_m_000002_0
2024-04-23T20:51:06,744  INFO [LocalJobRunner Map Task Executor #0] mapred.Task:  Using ResourceCalculatorProcessTree : [ ]
2024-04-23T20:51:06,744  INFO [LocalJobRunner Map Task Executor #0] mapred.MapTask: Processing split: org.apache.hadoop.hive.ql.io.orc.OrcInputFormat:OrcSplit [file:/home/alex/Repositories/hive/ql/target/tmp/org.apache.hadoop.hive.ql.TestTxnNoBuckets-1713930630697/warehouse/tmp/c3=4/000000_0, start=3, length=110, isOriginal=true, fileLength=242, hasFooter=false, hasBase=true, deltas=0]
2024-04-23T20:51:06,745  INFO [LocalJobRunner Map Task Executor #0] exec.SerializationUtilities: Deserializing MapWork using kryo
2024-04-23T20:51:06,746  INFO [LocalJobRunner Map Task Executor #0] exec.Utilities: Deserialized plan (via FILE) - name: null size: 8,20KB
2024-04-23T20:51:06,747  INFO [LocalJobRunner Map Task Executor #0] orc.ReaderImpl: Reading ORC rows from file:/home/alex/Repositories/hive/ql/target/tmp/org.apache.hadoop.hive.ql.TestTxnNoBuckets-1713930630697/warehouse/tmp/c3=4/000000_0 with {include: [true, true, true], offset: 3, length: 110, schema: struct<c1:int,c2:int>, includeAcidColumns: true}
2024-04-23T20:51:06,748  INFO [LocalJobRunner Map Task Executor #0] mapred.MapTask: numReduceTasks: 1
2024-04-23T20:51:06,753  INFO [LocalJobRunner Map Task Executor #0] mapred.MapTask: (EQUATOR) 0 kvi 26214396(104857584)
2024-04-23T20:51:06,753  INFO [LocalJobRunner Map Task Executor #0] mapred.MapTask: mapreduce.task.io.sort.mb: 100
2024-04-23T20:51:06,753  INFO [LocalJobRunner Map Task Executor #0] mapred.MapTask: soft limit at 83886080
2024-04-23T20:51:06,753  INFO [LocalJobRunner Map Task Executor #0] mapred.MapTask: bufstart = 0; bufvoid = 104857600
2024-04-23T20:51:06,753  INFO [LocalJobRunner Map Task Executor #0] mapred.MapTask: kvstart = 26214396; length = 6553600
2024-04-23T20:51:06,753  INFO [LocalJobRunner Map Task Executor #0] mapred.MapTask: Map output collector class = org.apache.hadoop.mapred.MapTask$MapOutputBuffer
2024-04-23T20:51:06,753  INFO [LocalJobRunner Map Task Executor #0] vector.VectorMapOperator: Initializing Operator: MAP[0]
2024-04-23T20:51:06,754  INFO [LocalJobRunner Map Task Executor #0] mr.ExecMapper: 
<MAP>Id =0
  <Children>null
  <\Children>
  <Parent><\Parent>
<\MAP>
2024-04-23T20:51:06,754  INFO [LocalJobRunner Map Task Executor #0] exec.TableScanOperator: Initializing Operator: TS[0]
2024-04-23T20:51:06,754  INFO [LocalJobRunner Map Task Executor #0] vector.VectorSelectOperator: Initializing Operator: SEL[5]
2024-04-23T20:51:06,754  INFO [LocalJobRunner Map Task Executor #0] vector.VectorReduceSinkOperator: Initializing Operator: RS[6]
2024-04-23T20:51:06,755  INFO [LocalJobRunner Map Task Executor #0] vector.VectorReduceSinkOperator: Using tag = -1
2024-04-23T20:51:06,755  INFO [LocalJobRunner Map Task Executor #0] vector.VectorReduceSinkOperator: keys are [_col2] num distributions: 1
2024-04-23T20:51:06,755  INFO [LocalJobRunner Map Task Executor #0] vector.VectorReduceSinkOperator: RS[6]: records written - 1
2024-04-23T20:51:06,755  INFO [LocalJobRunner Map Task Executor #0] vector.VectorMapOperator: Closing Operator: MAP[0]
2024-04-23T20:51:06,755  INFO [LocalJobRunner Map Task Executor #0] vector.VectorMapOperator: DESERIALIZE_ERRORS:0, RECORDS_OUT_INTERMEDIATE:0, RECORDS_OUT_OPERATOR_MAP_0:0, RECORDS_IN:1, 
2024-04-23T20:51:06,755  INFO [LocalJobRunner Map Task Executor #0] exec.TableScanOperator: Closing Operator: TS[0]
2024-04-23T20:51:06,755  INFO [LocalJobRunner Map Task Executor #0] exec.TableScanOperator: RECORDS_OUT_OPERATOR_TS_0:1, RECORDS_OUT_INTERMEDIATE:0, 
2024-04-23T20:51:06,755  INFO [LocalJobRunner Map Task Executor #0] vector.VectorSelectOperator: Closing Operator: SEL[5]
2024-04-23T20:51:06,755  INFO [LocalJobRunner Map Task Executor #0] vector.VectorSelectOperator: RECORDS_OUT_OPERATOR_SEL_5:1, RECORDS_OUT_INTERMEDIATE:0, 
2024-04-23T20:51:06,755  INFO [LocalJobRunner Map Task Executor #0] vector.VectorReduceSinkOperator: Closing Operator: RS[6]
2024-04-23T20:51:06,755  INFO [LocalJobRunner Map Task Executor #0] vector.VectorReduceSinkOperator: RS[6]: Total records written - 1. abort - false
2024-04-23T20:51:06,755  INFO [LocalJobRunner Map Task Executor #0] vector.VectorReduceSinkOperator: RECORDS_OUT_OPERATOR_RS_6:1, RECORDS_OUT_INTERMEDIATE:1, 
2024-04-23T20:51:06,756  INFO [LocalJobRunner Map Task Executor #0] mapred.LocalJobRunner: 
2024-04-23T20:51:06,756  INFO [LocalJobRunner Map Task Executor #0] mapred.MapTask: Starting flush of map output
2024-04-23T20:51:06,756  INFO [LocalJobRunner Map Task Executor #0] mapred.MapTask: Spilling map output
2024-04-23T20:51:06,756  INFO [LocalJobRunner Map Task Executor #0] mapred.MapTask: bufstart = 0; bufend = 17; bufvoid = 104857600
2024-04-23T20:51:06,756  INFO [LocalJobRunner Map Task Executor #0] mapred.MapTask: kvstart = 26214396(104857584); kvend = 26214396(104857584); length = 1/6553600
2024-04-23T20:51:06,764  INFO [LocalJobRunner Map Task Executor #0] mapred.MapTask: Finished spill 0
2024-04-23T20:51:06,767  INFO [LocalJobRunner Map Task Executor #0] mapred.Task: Task:attempt_local1427076879_0012_m_000002_0 is done. And is in the process of committing
2024-04-23T20:51:06,768  INFO [LocalJobRunner Map Task Executor #0] mapred.LocalJobRunner: OrcSplit [file:/home/alex/Repositories/hive/ql/target/tmp/org.apache.hadoop.hive.ql.TestTxnNoBuckets-1713930630697/warehouse/tmp/c3=4/000000_0, start=3, length=110, isOriginal=true, fileLength=242, hasFooter=false, hasBase=true, deltas=0]
2024-04-23T20:51:06,768  INFO [LocalJobRunner Map Task Executor #0] mapred.Task: Task 'attempt_local1427076879_0012_m_000002_0' done.
2024-04-23T20:51:06,768  INFO [LocalJobRunner Map Task Executor #0] mapred.Task: Final Counters for attempt_local1427076879_0012_m_000002_0: Counters: 24
	File System Counters
		FILE: Number of bytes read=220366
		FILE: Number of bytes written=14428452
		FILE: Number of read operations=0
		FILE: Number of large read operations=0
		FILE: Number of write operations=0
	Map-Reduce Framework
		Map input records=1
		Map output records=1
		Map output bytes=17
		Map output materialized bytes=25
		Input split bytes=466
		Combine input records=0
		Spilled Records=1
		Failed Shuffles=0
		Merged Map outputs=0
		GC time elapsed (ms)=0
		Total committed heap usage (bytes)=1077936128
	HIVE
		DESERIALIZE_ERRORS=0
		RECORDS_IN=1
		RECORDS_OUT_INTERMEDIATE=1
		RECORDS_OUT_OPERATOR_MAP_0=0
		RECORDS_OUT_OPERATOR_RS_6=1
		RECORDS_OUT_OPERATOR_SEL_5=1
		RECORDS_OUT_OPERATOR_TS_0=1
	File Input Format Counters 
		Bytes Read=9312
2024-04-23T20:51:06,768  INFO [LocalJobRunner Map Task Executor #0] mapred.LocalJobRunner: Finishing task: attempt_local1427076879_0012_m_000002_0
2024-04-23T20:51:06,768  INFO [LocalJobRunner Map Task Executor #0] mapred.LocalJobRunner: Starting task: attempt_local1427076879_0012_m_000003_0
2024-04-23T20:51:06,769  INFO [LocalJobRunner Map Task Executor #0] mapred.Task:  Using ResourceCalculatorProcessTree : [ ]
2024-04-23T20:51:06,769  INFO [LocalJobRunner Map Task Executor #0] mapred.MapTask: Processing split: org.apache.hadoop.hive.ql.io.orc.OrcInputFormat:OrcSplit [file:/home/alex/Repositories/hive/ql/target/tmp/org.apache.hadoop.hive.ql.TestTxnNoBuckets-1713930630697/warehouse/tmp/c3=2/000000_0, start=3, length=110, isOriginal=true, fileLength=242, hasFooter=false, hasBase=true, deltas=0]
2024-04-23T20:51:06,770  INFO [LocalJobRunner Map Task Executor #0] exec.SerializationUtilities: Deserializing MapWork using kryo
2024-04-23T20:51:06,770  INFO [LocalJobRunner Map Task Executor #0] exec.Utilities: Deserialized plan (via FILE) - name: null size: 8,20KB
2024-04-23T20:51:06,772  INFO [LocalJobRunner Map Task Executor #0] orc.ReaderImpl: Reading ORC rows from file:/home/alex/Repositories/hive/ql/target/tmp/org.apache.hadoop.hive.ql.TestTxnNoBuckets-1713930630697/warehouse/tmp/c3=2/000000_0 with {include: [true, true, true], offset: 3, length: 110, schema: struct<c1:int,c2:int>, includeAcidColumns: true}
2024-04-23T20:51:06,773  INFO [LocalJobRunner Map Task Executor #0] mapred.MapTask: numReduceTasks: 1
2024-04-23T20:51:06,777  INFO [LocalJobRunner Map Task Executor #0] mapred.MapTask: (EQUATOR) 0 kvi 26214396(104857584)
2024-04-23T20:51:06,778  INFO [LocalJobRunner Map Task Executor #0] mapred.MapTask: mapreduce.task.io.sort.mb: 100
2024-04-23T20:51:06,778  INFO [LocalJobRunner Map Task Executor #0] mapred.MapTask: soft limit at 83886080
2024-04-23T20:51:06,778  INFO [LocalJobRunner Map Task Executor #0] mapred.MapTask: bufstart = 0; bufvoid = 104857600
2024-04-23T20:51:06,778  INFO [LocalJobRunner Map Task Executor #0] mapred.MapTask: kvstart = 26214396; length = 6553600
2024-04-23T20:51:06,778  INFO [LocalJobRunner Map Task Executor #0] mapred.MapTask: Map output collector class = org.apache.hadoop.mapred.MapTask$MapOutputBuffer
2024-04-23T20:51:06,778  INFO [LocalJobRunner Map Task Executor #0] vector.VectorMapOperator: Initializing Operator: MAP[0]
2024-04-23T20:51:06,779  INFO [LocalJobRunner Map Task Executor #0] mr.ExecMapper: 
<MAP>Id =0
  <Children>null
  <\Children>
  <Parent><\Parent>
<\MAP>
2024-04-23T20:51:06,779  INFO [LocalJobRunner Map Task Executor #0] exec.TableScanOperator: Initializing Operator: TS[0]
2024-04-23T20:51:06,779  INFO [LocalJobRunner Map Task Executor #0] vector.VectorSelectOperator: Initializing Operator: SEL[5]
2024-04-23T20:51:06,780  INFO [LocalJobRunner Map Task Executor #0] vector.VectorReduceSinkOperator: Initializing Operator: RS[6]
2024-04-23T20:51:06,780  INFO [LocalJobRunner Map Task Executor #0] vector.VectorReduceSinkOperator: Using tag = -1
2024-04-23T20:51:06,780  INFO [LocalJobRunner Map Task Executor #0] vector.VectorReduceSinkOperator: keys are [_col2] num distributions: 1
2024-04-23T20:51:06,780  INFO [LocalJobRunner Map Task Executor #0] vector.VectorReduceSinkOperator: RS[6]: records written - 1
2024-04-23T20:51:06,780  INFO [LocalJobRunner Map Task Executor #0] vector.VectorMapOperator: Closing Operator: MAP[0]
2024-04-23T20:51:06,781  INFO [LocalJobRunner Map Task Executor #0] vector.VectorMapOperator: RECORDS_IN:1, DESERIALIZE_ERRORS:0, RECORDS_OUT_OPERATOR_MAP_0:0, RECORDS_OUT_INTERMEDIATE:0, 
2024-04-23T20:51:06,781  INFO [LocalJobRunner Map Task Executor #0] exec.TableScanOperator: Closing Operator: TS[0]
2024-04-23T20:51:06,781  INFO [LocalJobRunner Map Task Executor #0] exec.TableScanOperator: RECORDS_OUT_OPERATOR_TS_0:1, RECORDS_OUT_INTERMEDIATE:0, 
2024-04-23T20:51:06,781  INFO [LocalJobRunner Map Task Executor #0] vector.VectorSelectOperator: Closing Operator: SEL[5]
2024-04-23T20:51:06,781  INFO [LocalJobRunner Map Task Executor #0] vector.VectorSelectOperator: RECORDS_OUT_INTERMEDIATE:0, RECORDS_OUT_OPERATOR_SEL_5:1, 
2024-04-23T20:51:06,781  INFO [LocalJobRunner Map Task Executor #0] vector.VectorReduceSinkOperator: Closing Operator: RS[6]
2024-04-23T20:51:06,781  INFO [LocalJobRunner Map Task Executor #0] vector.VectorReduceSinkOperator: RS[6]: Total records written - 1. abort - false
2024-04-23T20:51:06,781  INFO [LocalJobRunner Map Task Executor #0] vector.VectorReduceSinkOperator: RECORDS_OUT_OPERATOR_RS_6:1, RECORDS_OUT_INTERMEDIATE:1, 
2024-04-23T20:51:06,781  INFO [LocalJobRunner Map Task Executor #0] mapred.LocalJobRunner: 
2024-04-23T20:51:06,781  INFO [LocalJobRunner Map Task Executor #0] mapred.MapTask: Starting flush of map output
2024-04-23T20:51:06,781  INFO [LocalJobRunner Map Task Executor #0] mapred.MapTask: Spilling map output
2024-04-23T20:51:06,781  INFO [LocalJobRunner Map Task Executor #0] mapred.MapTask: bufstart = 0; bufend = 17; bufvoid = 104857600
2024-04-23T20:51:06,781  INFO [LocalJobRunner Map Task Executor #0] mapred.MapTask: kvstart = 26214396(104857584); kvend = 26214396(104857584); length = 1/6553600
2024-04-23T20:51:06,789  INFO [LocalJobRunner Map Task Executor #0] mapred.MapTask: Finished spill 0
2024-04-23T20:51:06,792  INFO [LocalJobRunner Map Task Executor #0] mapred.Task: Task:attempt_local1427076879_0012_m_000003_0 is done. And is in the process of committing
2024-04-23T20:51:06,793  INFO [LocalJobRunner Map Task Executor #0] mapred.LocalJobRunner: OrcSplit [file:/home/alex/Repositories/hive/ql/target/tmp/org.apache.hadoop.hive.ql.TestTxnNoBuckets-1713930630697/warehouse/tmp/c3=2/000000_0, start=3, length=110, isOriginal=true, fileLength=242, hasFooter=false, hasBase=true, deltas=0]
2024-04-23T20:51:06,793  INFO [LocalJobRunner Map Task Executor #0] mapred.Task: Task 'attempt_local1427076879_0012_m_000003_0' done.
2024-04-23T20:51:06,793  INFO [LocalJobRunner Map Task Executor #0] mapred.Task: Final Counters for attempt_local1427076879_0012_m_000003_0: Counters: 24
	File System Counters
		FILE: Number of bytes read=232436
		FILE: Number of bytes written=14428509
		FILE: Number of read operations=0
		FILE: Number of large read operations=0
		FILE: Number of write operations=0
	Map-Reduce Framework
		Map input records=1
		Map output records=1
		Map output bytes=17
		Map output materialized bytes=25
		Input split bytes=466
		Combine input records=0
		Spilled Records=1
		Failed Shuffles=0
		Merged Map outputs=0
		GC time elapsed (ms)=0
		Total committed heap usage (bytes)=1077936128
	HIVE
		DESERIALIZE_ERRORS=0
		RECORDS_IN=1
		RECORDS_OUT_INTERMEDIATE=1
		RECORDS_OUT_OPERATOR_MAP_0=0
		RECORDS_OUT_OPERATOR_RS_6=1
		RECORDS_OUT_OPERATOR_SEL_5=1
		RECORDS_OUT_OPERATOR_TS_0=1
	File Input Format Counters 
		Bytes Read=9312
2024-04-23T20:51:06,793  INFO [LocalJobRunner Map Task Executor #0] mapred.LocalJobRunner: Finishing task: attempt_local1427076879_0012_m_000003_0
2024-04-23T20:51:06,793  INFO [LocalJobRunner Map Task Executor #0] mapred.LocalJobRunner: Starting task: attempt_local1427076879_0012_m_000004_0
2024-04-23T20:51:06,794  INFO [LocalJobRunner Map Task Executor #0] mapred.Task:  Using ResourceCalculatorProcessTree : [ ]
2024-04-23T20:51:06,794  INFO [LocalJobRunner Map Task Executor #0] mapred.MapTask: Processing split: org.apache.hadoop.hive.ql.io.orc.OrcInputFormat:OrcSplit [file:/home/alex/Repositories/hive/ql/target/tmp/org.apache.hadoop.hive.ql.TestTxnNoBuckets-1713930630697/warehouse/tmp/c3=0/000000_0, start=3, length=110, isOriginal=true, fileLength=242, hasFooter=false, hasBase=true, deltas=0]
2024-04-23T20:51:06,795  INFO [LocalJobRunner Map Task Executor #0] exec.SerializationUtilities: Deserializing MapWork using kryo
2024-04-23T20:51:06,795  INFO [LocalJobRunner Map Task Executor #0] exec.Utilities: Deserialized plan (via FILE) - name: null size: 8,20KB
2024-04-23T20:51:06,797  INFO [LocalJobRunner Map Task Executor #0] orc.ReaderImpl: Reading ORC rows from file:/home/alex/Repositories/hive/ql/target/tmp/org.apache.hadoop.hive.ql.TestTxnNoBuckets-1713930630697/warehouse/tmp/c3=0/000000_0 with {include: [true, true, true], offset: 3, length: 110, schema: struct<c1:int,c2:int>, includeAcidColumns: true}
2024-04-23T20:51:06,797  INFO [LocalJobRunner Map Task Executor #0] mapred.MapTask: numReduceTasks: 1
2024-04-23T20:51:06,802  INFO [LocalJobRunner Map Task Executor #0] mapred.MapTask: (EQUATOR) 0 kvi 26214396(104857584)
2024-04-23T20:51:06,802  INFO [LocalJobRunner Map Task Executor #0] mapred.MapTask: mapreduce.task.io.sort.mb: 100
2024-04-23T20:51:06,802  INFO [LocalJobRunner Map Task Executor #0] mapred.MapTask: soft limit at 83886080
2024-04-23T20:51:06,802  INFO [LocalJobRunner Map Task Executor #0] mapred.MapTask: bufstart = 0; bufvoid = 104857600
2024-04-23T20:51:06,802  INFO [LocalJobRunner Map Task Executor #0] mapred.MapTask: kvstart = 26214396; length = 6553600
2024-04-23T20:51:06,803  INFO [LocalJobRunner Map Task Executor #0] mapred.MapTask: Map output collector class = org.apache.hadoop.mapred.MapTask$MapOutputBuffer
2024-04-23T20:51:06,803  INFO [LocalJobRunner Map Task Executor #0] vector.VectorMapOperator: Initializing Operator: MAP[0]
2024-04-23T20:51:06,803  INFO [LocalJobRunner Map Task Executor #0] mr.ExecMapper: 
<MAP>Id =0
  <Children>null
  <\Children>
  <Parent><\Parent>
<\MAP>
2024-04-23T20:51:06,804  INFO [LocalJobRunner Map Task Executor #0] exec.TableScanOperator: Initializing Operator: TS[0]
2024-04-23T20:51:06,804  INFO [LocalJobRunner Map Task Executor #0] vector.VectorSelectOperator: Initializing Operator: SEL[5]
2024-04-23T20:51:06,804  INFO [LocalJobRunner Map Task Executor #0] vector.VectorReduceSinkOperator: Initializing Operator: RS[6]
2024-04-23T20:51:06,804  INFO [LocalJobRunner Map Task Executor #0] vector.VectorReduceSinkOperator: Using tag = -1
2024-04-23T20:51:06,805  INFO [LocalJobRunner Map Task Executor #0] vector.VectorReduceSinkOperator: keys are [_col2] num distributions: 1
2024-04-23T20:51:06,805  INFO [LocalJobRunner Map Task Executor #0] vector.VectorReduceSinkOperator: RS[6]: records written - 1
2024-04-23T20:51:06,805  INFO [LocalJobRunner Map Task Executor #0] vector.VectorMapOperator: Closing Operator: MAP[0]
2024-04-23T20:51:06,805  INFO [LocalJobRunner Map Task Executor #0] vector.VectorMapOperator: RECORDS_IN:1, DESERIALIZE_ERRORS:0, RECORDS_OUT_INTERMEDIATE:0, RECORDS_OUT_OPERATOR_MAP_0:0, 
2024-04-23T20:51:06,805  INFO [LocalJobRunner Map Task Executor #0] exec.TableScanOperator: Closing Operator: TS[0]
2024-04-23T20:51:06,805  INFO [LocalJobRunner Map Task Executor #0] exec.TableScanOperator: RECORDS_OUT_INTERMEDIATE:0, RECORDS_OUT_OPERATOR_TS_0:1, 
2024-04-23T20:51:06,805  INFO [LocalJobRunner Map Task Executor #0] vector.VectorSelectOperator: Closing Operator: SEL[5]
2024-04-23T20:51:06,805  INFO [LocalJobRunner Map Task Executor #0] vector.VectorSelectOperator: RECORDS_OUT_OPERATOR_SEL_5:1, RECORDS_OUT_INTERMEDIATE:0, 
2024-04-23T20:51:06,805  INFO [LocalJobRunner Map Task Executor #0] vector.VectorReduceSinkOperator: Closing Operator: RS[6]
2024-04-23T20:51:06,805  INFO [LocalJobRunner Map Task Executor #0] vector.VectorReduceSinkOperator: RS[6]: Total records written - 1. abort - false
2024-04-23T20:51:06,805  INFO [LocalJobRunner Map Task Executor #0] vector.VectorReduceSinkOperator: RECORDS_OUT_INTERMEDIATE:1, RECORDS_OUT_OPERATOR_RS_6:1, 
2024-04-23T20:51:06,805  INFO [LocalJobRunner Map Task Executor #0] mapred.LocalJobRunner: 
2024-04-23T20:51:06,806  INFO [LocalJobRunner Map Task Executor #0] mapred.MapTask: Starting flush of map output
2024-04-23T20:51:06,806  INFO [LocalJobRunner Map Task Executor #0] mapred.MapTask: Spilling map output
2024-04-23T20:51:06,806  INFO [LocalJobRunner Map Task Executor #0] mapred.MapTask: bufstart = 0; bufend = 17; bufvoid = 104857600
2024-04-23T20:51:06,806  INFO [LocalJobRunner Map Task Executor #0] mapred.MapTask: kvstart = 26214396(104857584); kvend = 26214396(104857584); length = 1/6553600
2024-04-23T20:51:06,813  INFO [LocalJobRunner Map Task Executor #0] mapred.MapTask: Finished spill 0
2024-04-23T20:51:06,816  INFO [LocalJobRunner Map Task Executor #0] mapred.Task: Task:attempt_local1427076879_0012_m_000004_0 is done. And is in the process of committing
2024-04-23T20:51:06,817  INFO [LocalJobRunner Map Task Executor #0] mapred.LocalJobRunner: OrcSplit [file:/home/alex/Repositories/hive/ql/target/tmp/org.apache.hadoop.hive.ql.TestTxnNoBuckets-1713930630697/warehouse/tmp/c3=0/000000_0, start=3, length=110, isOriginal=true, fileLength=242, hasFooter=false, hasBase=true, deltas=0]
2024-04-23T20:51:06,817  INFO [LocalJobRunner Map Task Executor #0] mapred.Task: Task 'attempt_local1427076879_0012_m_000004_0' done.
2024-04-23T20:51:06,817  INFO [LocalJobRunner Map Task Executor #0] mapred.Task: Final Counters for attempt_local1427076879_0012_m_000004_0: Counters: 24
	File System Counters
		FILE: Number of bytes read=243994
		FILE: Number of bytes written=14428566
		FILE: Number of read operations=0
		FILE: Number of large read operations=0
		FILE: Number of write operations=0
	Map-Reduce Framework
		Map input records=1
		Map output records=1
		Map output bytes=17
		Map output materialized bytes=25
		Input split bytes=466
		Combine input records=0
		Spilled Records=1
		Failed Shuffles=0
		Merged Map outputs=0
		GC time elapsed (ms)=0
		Total committed heap usage (bytes)=1077936128
	HIVE
		DESERIALIZE_ERRORS=0
		RECORDS_IN=1
		RECORDS_OUT_INTERMEDIATE=1
		RECORDS_OUT_OPERATOR_MAP_0=0
		RECORDS_OUT_OPERATOR_RS_6=1
		RECORDS_OUT_OPERATOR_SEL_5=1
		RECORDS_OUT_OPERATOR_TS_0=1
	File Input Format Counters 
		Bytes Read=9312
2024-04-23T20:51:06,817  INFO [LocalJobRunner Map Task Executor #0] mapred.LocalJobRunner: Finishing task: attempt_local1427076879_0012_m_000004_0
2024-04-23T20:51:06,817  INFO [LocalJobRunner Map Task Executor #0] mapred.LocalJobRunner: Starting task: attempt_local1427076879_0012_m_000005_0
2024-04-23T20:51:06,818  INFO [LocalJobRunner Map Task Executor #0] mapred.Task:  Using ResourceCalculatorProcessTree : [ ]
2024-04-23T20:51:06,818  INFO [LocalJobRunner Map Task Executor #0] mapred.MapTask: Processing split: org.apache.hadoop.hive.ql.io.orc.OrcInputFormat:OrcSplit [file:/home/alex/Repositories/hive/ql/target/tmp/org.apache.hadoop.hive.ql.TestTxnNoBuckets-1713930630697/warehouse/tmp/c3=6/000000_0, start=3, length=110, isOriginal=true, fileLength=242, hasFooter=false, hasBase=true, deltas=0]
2024-04-23T20:51:06,818  INFO [LocalJobRunner Map Task Executor #0] exec.SerializationUtilities: Deserializing MapWork using kryo
2024-04-23T20:51:06,819  INFO [LocalJobRunner Map Task Executor #0] exec.Utilities: Deserialized plan (via FILE) - name: null size: 8,20KB
2024-04-23T20:51:06,821  INFO [LocalJobRunner Map Task Executor #0] orc.ReaderImpl: Reading ORC rows from file:/home/alex/Repositories/hive/ql/target/tmp/org.apache.hadoop.hive.ql.TestTxnNoBuckets-1713930630697/warehouse/tmp/c3=6/000000_0 with {include: [true, true, true], offset: 3, length: 110, schema: struct<c1:int,c2:int>, includeAcidColumns: true}
2024-04-23T20:51:06,822  INFO [LocalJobRunner Map Task Executor #0] mapred.MapTask: numReduceTasks: 1
2024-04-23T20:51:06,826  INFO [LocalJobRunner Map Task Executor #0] mapred.MapTask: (EQUATOR) 0 kvi 26214396(104857584)
2024-04-23T20:51:06,826  INFO [LocalJobRunner Map Task Executor #0] mapred.MapTask: mapreduce.task.io.sort.mb: 100
2024-04-23T20:51:06,826  INFO [LocalJobRunner Map Task Executor #0] mapred.MapTask: soft limit at 83886080
2024-04-23T20:51:06,826  INFO [LocalJobRunner Map Task Executor #0] mapred.MapTask: bufstart = 0; bufvoid = 104857600
2024-04-23T20:51:06,826  INFO [LocalJobRunner Map Task Executor #0] mapred.MapTask: kvstart = 26214396; length = 6553600
2024-04-23T20:51:06,826  INFO [LocalJobRunner Map Task Executor #0] mapred.MapTask: Map output collector class = org.apache.hadoop.mapred.MapTask$MapOutputBuffer
2024-04-23T20:51:06,827  INFO [LocalJobRunner Map Task Executor #0] vector.VectorMapOperator: Initializing Operator: MAP[0]
2024-04-23T20:51:06,827  INFO [LocalJobRunner Map Task Executor #0] mr.ExecMapper: 
<MAP>Id =0
  <Children>null
  <\Children>
  <Parent><\Parent>
<\MAP>
2024-04-23T20:51:06,828  INFO [LocalJobRunner Map Task Executor #0] exec.TableScanOperator: Initializing Operator: TS[0]
2024-04-23T20:51:06,828  INFO [LocalJobRunner Map Task Executor #0] vector.VectorSelectOperator: Initializing Operator: SEL[5]
2024-04-23T20:51:06,828  INFO [LocalJobRunner Map Task Executor #0] vector.VectorReduceSinkOperator: Initializing Operator: RS[6]
2024-04-23T20:51:06,828  INFO [LocalJobRunner Map Task Executor #0] vector.VectorReduceSinkOperator: Using tag = -1
2024-04-23T20:51:06,828  INFO [LocalJobRunner Map Task Executor #0] vector.VectorReduceSinkOperator: keys are [_col2] num distributions: 1
2024-04-23T20:51:06,828  INFO [LocalJobRunner Map Task Executor #0] vector.VectorReduceSinkOperator: RS[6]: records written - 1
2024-04-23T20:51:06,829  INFO [LocalJobRunner Map Task Executor #0] vector.VectorMapOperator: Closing Operator: MAP[0]
2024-04-23T20:51:06,829  INFO [LocalJobRunner Map Task Executor #0] vector.VectorMapOperator: RECORDS_IN:1, RECORDS_OUT_INTERMEDIATE:0, DESERIALIZE_ERRORS:0, RECORDS_OUT_OPERATOR_MAP_0:0, 
2024-04-23T20:51:06,829  INFO [LocalJobRunner Map Task Executor #0] exec.TableScanOperator: Closing Operator: TS[0]
2024-04-23T20:51:06,829  INFO [LocalJobRunner Map Task Executor #0] exec.TableScanOperator: RECORDS_OUT_OPERATOR_TS_0:1, RECORDS_OUT_INTERMEDIATE:0, 
2024-04-23T20:51:06,829  INFO [LocalJobRunner Map Task Executor #0] vector.VectorSelectOperator: Closing Operator: SEL[5]
2024-04-23T20:51:06,829  INFO [LocalJobRunner Map Task Executor #0] vector.VectorSelectOperator: RECORDS_OUT_OPERATOR_SEL_5:1, RECORDS_OUT_INTERMEDIATE:0, 
2024-04-23T20:51:06,829  INFO [LocalJobRunner Map Task Executor #0] vector.VectorReduceSinkOperator: Closing Operator: RS[6]
2024-04-23T20:51:06,829  INFO [LocalJobRunner Map Task Executor #0] vector.VectorReduceSinkOperator: RS[6]: Total records written - 1. abort - false
2024-04-23T20:51:06,829  INFO [LocalJobRunner Map Task Executor #0] vector.VectorReduceSinkOperator: RECORDS_OUT_INTERMEDIATE:1, RECORDS_OUT_OPERATOR_RS_6:1, 
2024-04-23T20:51:06,829  INFO [LocalJobRunner Map Task Executor #0] mapred.LocalJobRunner: 
2024-04-23T20:51:06,829  INFO [LocalJobRunner Map Task Executor #0] mapred.MapTask: Starting flush of map output
2024-04-23T20:51:06,829  INFO [LocalJobRunner Map Task Executor #0] mapred.MapTask: Spilling map output
2024-04-23T20:51:06,829  INFO [LocalJobRunner Map Task Executor #0] mapred.MapTask: bufstart = 0; bufend = 17; bufvoid = 104857600
2024-04-23T20:51:06,829  INFO [LocalJobRunner Map Task Executor #0] mapred.MapTask: kvstart = 26214396(104857584); kvend = 26214396(104857584); length = 1/6553600
2024-04-23T20:51:06,837  INFO [LocalJobRunner Map Task Executor #0] mapred.MapTask: Finished spill 0
2024-04-23T20:51:06,840  INFO [LocalJobRunner Map Task Executor #0] mapred.Task: Task:attempt_local1427076879_0012_m_000005_0 is done. And is in the process of committing
2024-04-23T20:51:06,841  INFO [LocalJobRunner Map Task Executor #0] mapred.LocalJobRunner: OrcSplit [file:/home/alex/Repositories/hive/ql/target/tmp/org.apache.hadoop.hive.ql.TestTxnNoBuckets-1713930630697/warehouse/tmp/c3=6/000000_0, start=3, length=110, isOriginal=true, fileLength=242, hasFooter=false, hasBase=true, deltas=0]
2024-04-23T20:51:06,841  INFO [LocalJobRunner Map Task Executor #0] mapred.Task: Task 'attempt_local1427076879_0012_m_000005_0' done.
2024-04-23T20:51:06,841  INFO [LocalJobRunner Map Task Executor #0] mapred.Task: Final Counters for attempt_local1427076879_0012_m_000005_0: Counters: 24
	File System Counters
		FILE: Number of bytes read=255040
		FILE: Number of bytes written=14428623
		FILE: Number of read operations=0
		FILE: Number of large read operations=0
		FILE: Number of write operations=0
	Map-Reduce Framework
		Map input records=1
		Map output records=1
		Map output bytes=17
		Map output materialized bytes=25
		Input split bytes=466
		Combine input records=0
		Spilled Records=1
		Failed Shuffles=0
		Merged Map outputs=0
		GC time elapsed (ms)=0
		Total committed heap usage (bytes)=1077936128
	HIVE
		DESERIALIZE_ERRORS=0
		RECORDS_IN=1
		RECORDS_OUT_INTERMEDIATE=1
		RECORDS_OUT_OPERATOR_MAP_0=0
		RECORDS_OUT_OPERATOR_RS_6=1
		RECORDS_OUT_OPERATOR_SEL_5=1
		RECORDS_OUT_OPERATOR_TS_0=1
	File Input Format Counters 
		Bytes Read=9312
2024-04-23T20:51:06,841  INFO [LocalJobRunner Map Task Executor #0] mapred.LocalJobRunner: Finishing task: attempt_local1427076879_0012_m_000005_0
2024-04-23T20:51:06,841  INFO [LocalJobRunner Map Task Executor #0] mapred.LocalJobRunner: Starting task: attempt_local1427076879_0012_m_000006_0
2024-04-23T20:51:06,842  INFO [LocalJobRunner Map Task Executor #0] mapred.Task:  Using ResourceCalculatorProcessTree : [ ]
2024-04-23T20:51:06,842  INFO [LocalJobRunner Map Task Executor #0] mapred.MapTask: Processing split: org.apache.hadoop.hive.ql.io.orc.OrcInputFormat:OrcSplit [file:/home/alex/Repositories/hive/ql/target/tmp/org.apache.hadoop.hive.ql.TestTxnNoBuckets-1713930630697/warehouse/tmp/c3=3/000000_0, start=3, length=110, isOriginal=true, fileLength=242, hasFooter=false, hasBase=true, deltas=0]
2024-04-23T20:51:06,843  INFO [LocalJobRunner Map Task Executor #0] exec.SerializationUtilities: Deserializing MapWork using kryo
2024-04-23T20:51:06,843  INFO [LocalJobRunner Map Task Executor #0] exec.Utilities: Deserialized plan (via FILE) - name: null size: 8,20KB
2024-04-23T20:51:06,845  INFO [LocalJobRunner Map Task Executor #0] orc.ReaderImpl: Reading ORC rows from file:/home/alex/Repositories/hive/ql/target/tmp/org.apache.hadoop.hive.ql.TestTxnNoBuckets-1713930630697/warehouse/tmp/c3=3/000000_0 with {include: [true, true, true], offset: 3, length: 110, schema: struct<c1:int,c2:int>, includeAcidColumns: true}
2024-04-23T20:51:06,846  INFO [LocalJobRunner Map Task Executor #0] mapred.MapTask: numReduceTasks: 1
2024-04-23T20:51:06,857  INFO [LocalJobRunner Map Task Executor #0] mapred.MapTask: (EQUATOR) 0 kvi 26214396(104857584)
2024-04-23T20:51:06,857  INFO [LocalJobRunner Map Task Executor #0] mapred.MapTask: mapreduce.task.io.sort.mb: 100
2024-04-23T20:51:06,857  INFO [LocalJobRunner Map Task Executor #0] mapred.MapTask: soft limit at 83886080
2024-04-23T20:51:06,857  INFO [LocalJobRunner Map Task Executor #0] mapred.MapTask: bufstart = 0; bufvoid = 104857600
2024-04-23T20:51:06,857  INFO [LocalJobRunner Map Task Executor #0] mapred.MapTask: kvstart = 26214396; length = 6553600
2024-04-23T20:51:06,858  INFO [LocalJobRunner Map Task Executor #0] mapred.MapTask: Map output collector class = org.apache.hadoop.mapred.MapTask$MapOutputBuffer
2024-04-23T20:51:06,858  INFO [LocalJobRunner Map Task Executor #0] vector.VectorMapOperator: Initializing Operator: MAP[0]
2024-04-23T20:51:06,859  INFO [LocalJobRunner Map Task Executor #0] mr.ExecMapper: 
<MAP>Id =0
  <Children>null
  <\Children>
  <Parent><\Parent>
<\MAP>
2024-04-23T20:51:06,859  INFO [LocalJobRunner Map Task Executor #0] exec.TableScanOperator: Initializing Operator: TS[0]
2024-04-23T20:51:06,859  INFO [LocalJobRunner Map Task Executor #0] vector.VectorSelectOperator: Initializing Operator: SEL[5]
2024-04-23T20:51:06,860  INFO [LocalJobRunner Map Task Executor #0] vector.VectorReduceSinkOperator: Initializing Operator: RS[6]
2024-04-23T20:51:06,860  INFO [LocalJobRunner Map Task Executor #0] vector.VectorReduceSinkOperator: Using tag = -1
2024-04-23T20:51:06,860  INFO [LocalJobRunner Map Task Executor #0] vector.VectorReduceSinkOperator: keys are [_col2] num distributions: 1
2024-04-23T20:51:06,860  INFO [LocalJobRunner Map Task Executor #0] vector.VectorReduceSinkOperator: RS[6]: records written - 1
2024-04-23T20:51:06,861  INFO [LocalJobRunner Map Task Executor #0] vector.VectorMapOperator: Closing Operator: MAP[0]
2024-04-23T20:51:06,861  INFO [LocalJobRunner Map Task Executor #0] vector.VectorMapOperator: DESERIALIZE_ERRORS:0, RECORDS_IN:1, RECORDS_OUT_INTERMEDIATE:0, RECORDS_OUT_OPERATOR_MAP_0:0, 
2024-04-23T20:51:06,861  INFO [LocalJobRunner Map Task Executor #0] exec.TableScanOperator: Closing Operator: TS[0]
2024-04-23T20:51:06,861  INFO [LocalJobRunner Map Task Executor #0] exec.TableScanOperator: RECORDS_OUT_OPERATOR_TS_0:1, RECORDS_OUT_INTERMEDIATE:0, 
2024-04-23T20:51:06,861  INFO [LocalJobRunner Map Task Executor #0] vector.VectorSelectOperator: Closing Operator: SEL[5]
2024-04-23T20:51:06,861  INFO [LocalJobRunner Map Task Executor #0] vector.VectorSelectOperator: RECORDS_OUT_OPERATOR_SEL_5:1, RECORDS_OUT_INTERMEDIATE:0, 
2024-04-23T20:51:06,861  INFO [LocalJobRunner Map Task Executor #0] vector.VectorReduceSinkOperator: Closing Operator: RS[6]
2024-04-23T20:51:06,861  INFO [LocalJobRunner Map Task Executor #0] vector.VectorReduceSinkOperator: RS[6]: Total records written - 1. abort - false
2024-04-23T20:51:06,861  INFO [LocalJobRunner Map Task Executor #0] vector.VectorReduceSinkOperator: RECORDS_OUT_INTERMEDIATE:1, RECORDS_OUT_OPERATOR_RS_6:1, 
2024-04-23T20:51:06,862  INFO [LocalJobRunner Map Task Executor #0] mapred.LocalJobRunner: 
2024-04-23T20:51:06,862  INFO [LocalJobRunner Map Task Executor #0] mapred.MapTask: Starting flush of map output
2024-04-23T20:51:06,862  INFO [LocalJobRunner Map Task Executor #0] mapred.MapTask: Spilling map output
2024-04-23T20:51:06,862  INFO [LocalJobRunner Map Task Executor #0] mapred.MapTask: bufstart = 0; bufend = 17; bufvoid = 104857600
2024-04-23T20:51:06,862  INFO [LocalJobRunner Map Task Executor #0] mapred.MapTask: kvstart = 26214396(104857584); kvend = 26214396(104857584); length = 1/6553600
2024-04-23T20:51:06,870  INFO [LocalJobRunner Map Task Executor #0] mapred.MapTask: Finished spill 0
2024-04-23T20:51:06,873  INFO [LocalJobRunner Map Task Executor #0] mapred.Task: Task:attempt_local1427076879_0012_m_000006_0 is done. And is in the process of committing
2024-04-23T20:51:06,874  INFO [LocalJobRunner Map Task Executor #0] mapred.LocalJobRunner: OrcSplit [file:/home/alex/Repositories/hive/ql/target/tmp/org.apache.hadoop.hive.ql.TestTxnNoBuckets-1713930630697/warehouse/tmp/c3=3/000000_0, start=3, length=110, isOriginal=true, fileLength=242, hasFooter=false, hasBase=true, deltas=0]
2024-04-23T20:51:06,874  INFO [LocalJobRunner Map Task Executor #0] mapred.Task: Task 'attempt_local1427076879_0012_m_000006_0' done.
2024-04-23T20:51:06,874  INFO [LocalJobRunner Map Task Executor #0] mapred.Task: Final Counters for attempt_local1427076879_0012_m_000006_0: Counters: 24
	File System Counters
		FILE: Number of bytes read=265574
		FILE: Number of bytes written=14428680
		FILE: Number of read operations=0
		FILE: Number of large read operations=0
		FILE: Number of write operations=0
	Map-Reduce Framework
		Map input records=1
		Map output records=1
		Map output bytes=17
		Map output materialized bytes=25
		Input split bytes=466
		Combine input records=0
		Spilled Records=1
		Failed Shuffles=0
		Merged Map outputs=0
		GC time elapsed (ms)=5
		Total committed heap usage (bytes)=1098907648
	HIVE
		DESERIALIZE_ERRORS=0
		RECORDS_IN=1
		RECORDS_OUT_INTERMEDIATE=1
		RECORDS_OUT_OPERATOR_MAP_0=0
		RECORDS_OUT_OPERATOR_RS_6=1
		RECORDS_OUT_OPERATOR_SEL_5=1
		RECORDS_OUT_OPERATOR_TS_0=1
	File Input Format Counters 
		Bytes Read=9312
2024-04-23T20:51:06,874  INFO [LocalJobRunner Map Task Executor #0] mapred.LocalJobRunner: Finishing task: attempt_local1427076879_0012_m_000006_0
2024-04-23T20:51:06,874  INFO [LocalJobRunner Map Task Executor #0] mapred.LocalJobRunner: Starting task: attempt_local1427076879_0012_m_000007_0
2024-04-23T20:51:06,875  INFO [LocalJobRunner Map Task Executor #0] mapred.Task:  Using ResourceCalculatorProcessTree : [ ]
2024-04-23T20:51:06,876  INFO [LocalJobRunner Map Task Executor #0] mapred.MapTask: Processing split: org.apache.hadoop.hive.ql.io.orc.OrcInputFormat:OrcSplit [file:/home/alex/Repositories/hive/ql/target/tmp/org.apache.hadoop.hive.ql.TestTxnNoBuckets-1713930630697/warehouse/tmp/c3=3/000000_0_copy_1, start=3, length=110, isOriginal=true, fileLength=242, hasFooter=false, hasBase=true, deltas=0]
2024-04-23T20:51:06,876  INFO [LocalJobRunner Map Task Executor #0] exec.SerializationUtilities: Deserializing MapWork using kryo
2024-04-23T20:51:06,877  INFO [LocalJobRunner Map Task Executor #0] exec.Utilities: Deserialized plan (via FILE) - name: null size: 8,20KB
2024-04-23T20:51:06,879  INFO [LocalJobRunner Map Task Executor #0] orc.ReaderImpl: Reading ORC rows from file:/home/alex/Repositories/hive/ql/target/tmp/org.apache.hadoop.hive.ql.TestTxnNoBuckets-1713930630697/warehouse/tmp/c3=3/000000_0_copy_1 with {include: [true, true, true], offset: 3, length: 110, schema: struct<c1:int,c2:int>, includeAcidColumns: true}
2024-04-23T20:51:06,880  INFO [LocalJobRunner Map Task Executor #0] mapred.MapTask: numReduceTasks: 1
2024-04-23T20:51:06,885  INFO [LocalJobRunner Map Task Executor #0] mapred.MapTask: (EQUATOR) 0 kvi 26214396(104857584)
2024-04-23T20:51:06,885  INFO [LocalJobRunner Map Task Executor #0] mapred.MapTask: mapreduce.task.io.sort.mb: 100
2024-04-23T20:51:06,885  INFO [LocalJobRunner Map Task Executor #0] mapred.MapTask: soft limit at 83886080
2024-04-23T20:51:06,885  INFO [LocalJobRunner Map Task Executor #0] mapred.MapTask: bufstart = 0; bufvoid = 104857600
2024-04-23T20:51:06,885  INFO [LocalJobRunner Map Task Executor #0] mapred.MapTask: kvstart = 26214396; length = 6553600
2024-04-23T20:51:06,886  INFO [LocalJobRunner Map Task Executor #0] mapred.MapTask: Map output collector class = org.apache.hadoop.mapred.MapTask$MapOutputBuffer
2024-04-23T20:51:06,886  INFO [LocalJobRunner Map Task Executor #0] vector.VectorMapOperator: Initializing Operator: MAP[0]
2024-04-23T20:51:06,886  INFO [LocalJobRunner Map Task Executor #0] mr.ExecMapper: 
<MAP>Id =0
  <Children>null
  <\Children>
  <Parent><\Parent>
<\MAP>
2024-04-23T20:51:06,887  INFO [LocalJobRunner Map Task Executor #0] exec.TableScanOperator: Initializing Operator: TS[0]
2024-04-23T20:51:06,887  INFO [LocalJobRunner Map Task Executor #0] vector.VectorSelectOperator: Initializing Operator: SEL[5]
2024-04-23T20:51:06,887  INFO [LocalJobRunner Map Task Executor #0] vector.VectorReduceSinkOperator: Initializing Operator: RS[6]
2024-04-23T20:51:06,887  INFO [LocalJobRunner Map Task Executor #0] vector.VectorReduceSinkOperator: Using tag = -1
2024-04-23T20:51:06,888  INFO [LocalJobRunner Map Task Executor #0] vector.VectorReduceSinkOperator: keys are [_col2] num distributions: 1
2024-04-23T20:51:06,888  INFO [LocalJobRunner Map Task Executor #0] vector.VectorReduceSinkOperator: RS[6]: records written - 1
2024-04-23T20:51:06,888  INFO [LocalJobRunner Map Task Executor #0] vector.VectorMapOperator: Closing Operator: MAP[0]
2024-04-23T20:51:06,888  INFO [LocalJobRunner Map Task Executor #0] vector.VectorMapOperator: DESERIALIZE_ERRORS:0, RECORDS_IN:1, RECORDS_OUT_INTERMEDIATE:0, RECORDS_OUT_OPERATOR_MAP_0:0, 
2024-04-23T20:51:06,888  INFO [LocalJobRunner Map Task Executor #0] exec.TableScanOperator: Closing Operator: TS[0]
2024-04-23T20:51:06,888  INFO [LocalJobRunner Map Task Executor #0] exec.TableScanOperator: RECORDS_OUT_OPERATOR_TS_0:1, RECORDS_OUT_INTERMEDIATE:0, 
2024-04-23T20:51:06,888  INFO [LocalJobRunner Map Task Executor #0] vector.VectorSelectOperator: Closing Operator: SEL[5]
2024-04-23T20:51:06,888  INFO [LocalJobRunner Map Task Executor #0] vector.VectorSelectOperator: RECORDS_OUT_INTERMEDIATE:0, RECORDS_OUT_OPERATOR_SEL_5:1, 
2024-04-23T20:51:06,888  INFO [LocalJobRunner Map Task Executor #0] vector.VectorReduceSinkOperator: Closing Operator: RS[6]
2024-04-23T20:51:06,888  INFO [LocalJobRunner Map Task Executor #0] vector.VectorReduceSinkOperator: RS[6]: Total records written - 1. abort - false
2024-04-23T20:51:06,888  INFO [LocalJobRunner Map Task Executor #0] vector.VectorReduceSinkOperator: RECORDS_OUT_OPERATOR_RS_6:1, RECORDS_OUT_INTERMEDIATE:1, 
2024-04-23T20:51:06,889  INFO [LocalJobRunner Map Task Executor #0] mapred.LocalJobRunner: 
2024-04-23T20:51:06,889  INFO [LocalJobRunner Map Task Executor #0] mapred.MapTask: Starting flush of map output
2024-04-23T20:51:06,889  INFO [LocalJobRunner Map Task Executor #0] mapred.MapTask: Spilling map output
2024-04-23T20:51:06,889  INFO [LocalJobRunner Map Task Executor #0] mapred.MapTask: bufstart = 0; bufend = 17; bufvoid = 104857600
2024-04-23T20:51:06,889  INFO [LocalJobRunner Map Task Executor #0] mapred.MapTask: kvstart = 26214396(104857584); kvend = 26214396(104857584); length = 1/6553600
2024-04-23T20:51:06,897  INFO [LocalJobRunner Map Task Executor #0] mapred.MapTask: Finished spill 0
2024-04-23T20:51:06,900  INFO [LocalJobRunner Map Task Executor #0] mapred.Task: Task:attempt_local1427076879_0012_m_000007_0 is done. And is in the process of committing
2024-04-23T20:51:06,901  INFO [LocalJobRunner Map Task Executor #0] mapred.LocalJobRunner: OrcSplit [file:/home/alex/Repositories/hive/ql/target/tmp/org.apache.hadoop.hive.ql.TestTxnNoBuckets-1713930630697/warehouse/tmp/c3=3/000000_0_copy_1, start=3, length=110, isOriginal=true, fileLength=242, hasFooter=false, hasBase=true, deltas=0]
2024-04-23T20:51:06,901  INFO [LocalJobRunner Map Task Executor #0] mapred.Task: Task 'attempt_local1427076879_0012_m_000007_0' done.
2024-04-23T20:51:06,901  INFO [LocalJobRunner Map Task Executor #0] mapred.Task: Final Counters for attempt_local1427076879_0012_m_000007_0: Counters: 24
	File System Counters
		FILE: Number of bytes read=275596
		FILE: Number of bytes written=14428737
		FILE: Number of read operations=0
		FILE: Number of large read operations=0
		FILE: Number of write operations=0
	Map-Reduce Framework
		Map input records=1
		Map output records=1
		Map output bytes=17
		Map output materialized bytes=25
		Input split bytes=473
		Combine input records=0
		Spilled Records=1
		Failed Shuffles=0
		Merged Map outputs=0
		GC time elapsed (ms)=0
		Total committed heap usage (bytes)=1098907648
	HIVE
		DESERIALIZE_ERRORS=0
		RECORDS_IN=1
		RECORDS_OUT_INTERMEDIATE=1
		RECORDS_OUT_OPERATOR_MAP_0=0
		RECORDS_OUT_OPERATOR_RS_6=1
		RECORDS_OUT_OPERATOR_SEL_5=1
		RECORDS_OUT_OPERATOR_TS_0=1
	File Input Format Counters 
		Bytes Read=9312
2024-04-23T20:51:06,901  INFO [LocalJobRunner Map Task Executor #0] mapred.LocalJobRunner: Finishing task: attempt_local1427076879_0012_m_000007_0
2024-04-23T20:51:06,901  INFO [Thread-744] mapred.LocalJobRunner: map task executor complete.
2024-04-23T20:51:06,902  INFO [Thread-744] mapred.LocalJobRunner: Waiting for reduce tasks
2024-04-23T20:51:06,902  INFO [pool-69-thread-1] mapred.LocalJobRunner: Starting task: attempt_local1427076879_0012_r_000000_0
2024-04-23T20:51:06,903  INFO [pool-69-thread-1] mapred.Task:  Using ResourceCalculatorProcessTree : [ ]
2024-04-23T20:51:06,903  INFO [pool-69-thread-1] mapred.ReduceTask: Using ShuffleConsumerPlugin: org.apache.hadoop.mapreduce.task.reduce.Shuffle@af0ad16
2024-04-23T20:51:06,903  WARN [pool-69-thread-1] impl.MetricsSystemImpl: JobTracker metrics system already initialized!
2024-04-23T20:51:06,904  INFO [pool-69-thread-1] reduce.MergeManagerImpl: MergerManager: memoryLimit=1336252800, maxSingleShuffleLimit=334063200, mergeThreshold=881926912, ioSortFactor=10, memToMemMergeOutputsThreshold=10
2024-04-23T20:51:06,904  INFO [EventFetcher for fetching Map Completion Events] reduce.EventFetcher: attempt_local1427076879_0012_r_000000_0 Thread started: EventFetcher for fetching Map Completion Events
2024-04-23T20:51:06,907  INFO [localfetcher#9] reduce.LocalFetcher: localfetcher#9 about to shuffle output of map attempt_local1427076879_0012_m_000006_0 decomp: 21 len: 25 to MEMORY
2024-04-23T20:51:06,907  INFO [localfetcher#9] reduce.InMemoryMapOutput: Read 21 bytes from map-output for attempt_local1427076879_0012_m_000006_0
2024-04-23T20:51:06,907  INFO [localfetcher#9] reduce.MergeManagerImpl: closeInMemoryFile -> map-output of size: 21, inMemoryMapOutputs.size() -> 1, commitMemory -> 0, usedMemory ->21
2024-04-23T20:51:06,910  INFO [localfetcher#9] reduce.LocalFetcher: localfetcher#9 about to shuffle output of map attempt_local1427076879_0012_m_000001_0 decomp: 21 len: 25 to MEMORY
2024-04-23T20:51:06,910  INFO [localfetcher#9] reduce.InMemoryMapOutput: Read 21 bytes from map-output for attempt_local1427076879_0012_m_000001_0
2024-04-23T20:51:06,910  INFO [localfetcher#9] reduce.MergeManagerImpl: closeInMemoryFile -> map-output of size: 21, inMemoryMapOutputs.size() -> 2, commitMemory -> 21, usedMemory ->42
2024-04-23T20:51:06,912  INFO [localfetcher#9] reduce.LocalFetcher: localfetcher#9 about to shuffle output of map attempt_local1427076879_0012_m_000005_0 decomp: 21 len: 25 to MEMORY
2024-04-23T20:51:06,913  INFO [localfetcher#9] reduce.InMemoryMapOutput: Read 21 bytes from map-output for attempt_local1427076879_0012_m_000005_0
2024-04-23T20:51:06,913  INFO [localfetcher#9] reduce.MergeManagerImpl: closeInMemoryFile -> map-output of size: 21, inMemoryMapOutputs.size() -> 3, commitMemory -> 42, usedMemory ->63
2024-04-23T20:51:06,915  INFO [localfetcher#9] reduce.LocalFetcher: localfetcher#9 about to shuffle output of map attempt_local1427076879_0012_m_000004_0 decomp: 21 len: 25 to MEMORY
2024-04-23T20:51:06,915  INFO [localfetcher#9] reduce.InMemoryMapOutput: Read 21 bytes from map-output for attempt_local1427076879_0012_m_000004_0
2024-04-23T20:51:06,915  INFO [localfetcher#9] reduce.MergeManagerImpl: closeInMemoryFile -> map-output of size: 21, inMemoryMapOutputs.size() -> 4, commitMemory -> 63, usedMemory ->84
2024-04-23T20:51:06,917  INFO [localfetcher#9] reduce.LocalFetcher: localfetcher#9 about to shuffle output of map attempt_local1427076879_0012_m_000000_0 decomp: 21 len: 25 to MEMORY
2024-04-23T20:51:06,917  INFO [localfetcher#9] reduce.InMemoryMapOutput: Read 21 bytes from map-output for attempt_local1427076879_0012_m_000000_0
2024-04-23T20:51:06,917  INFO [localfetcher#9] reduce.MergeManagerImpl: closeInMemoryFile -> map-output of size: 21, inMemoryMapOutputs.size() -> 5, commitMemory -> 84, usedMemory ->105
2024-04-23T20:51:06,919  INFO [localfetcher#9] reduce.LocalFetcher: localfetcher#9 about to shuffle output of map attempt_local1427076879_0012_m_000002_0 decomp: 21 len: 25 to MEMORY
2024-04-23T20:51:06,919  INFO [localfetcher#9] reduce.InMemoryMapOutput: Read 21 bytes from map-output for attempt_local1427076879_0012_m_000002_0
2024-04-23T20:51:06,919  INFO [localfetcher#9] reduce.MergeManagerImpl: closeInMemoryFile -> map-output of size: 21, inMemoryMapOutputs.size() -> 6, commitMemory -> 105, usedMemory ->126
2024-04-23T20:51:06,921  INFO [localfetcher#9] reduce.LocalFetcher: localfetcher#9 about to shuffle output of map attempt_local1427076879_0012_m_000003_0 decomp: 21 len: 25 to MEMORY
2024-04-23T20:51:06,921  INFO [localfetcher#9] reduce.InMemoryMapOutput: Read 21 bytes from map-output for attempt_local1427076879_0012_m_000003_0
2024-04-23T20:51:06,921  INFO [localfetcher#9] reduce.MergeManagerImpl: closeInMemoryFile -> map-output of size: 21, inMemoryMapOutputs.size() -> 7, commitMemory -> 126, usedMemory ->147
2024-04-23T20:51:06,923  INFO [localfetcher#9] reduce.LocalFetcher: localfetcher#9 about to shuffle output of map attempt_local1427076879_0012_m_000007_0 decomp: 21 len: 25 to MEMORY
2024-04-23T20:51:06,924  INFO [localfetcher#9] reduce.InMemoryMapOutput: Read 21 bytes from map-output for attempt_local1427076879_0012_m_000007_0
2024-04-23T20:51:06,924  INFO [localfetcher#9] reduce.MergeManagerImpl: closeInMemoryFile -> map-output of size: 21, inMemoryMapOutputs.size() -> 8, commitMemory -> 147, usedMemory ->168
2024-04-23T20:51:06,924  INFO [EventFetcher for fetching Map Completion Events] reduce.EventFetcher: EventFetcher is interrupted.. Returning
2024-04-23T20:51:06,924  INFO [pool-69-thread-1] mapred.LocalJobRunner: 8 / 8 copied.
2024-04-23T20:51:06,925  INFO [pool-69-thread-1] reduce.MergeManagerImpl: finalMerge called with 8 in-memory map-outputs and 0 on-disk map-outputs
2024-04-23T20:51:06,931  INFO [pool-69-thread-1] mapred.Merger: Merging 8 sorted segments
2024-04-23T20:51:06,931  INFO [pool-69-thread-1] mapred.Merger: Down to the last merge-pass, with 8 segments left of total size: 72 bytes
2024-04-23T20:51:06,937  INFO [pool-69-thread-1] reduce.MergeManagerImpl: Merged 8 segments, 168 bytes to disk to satisfy reduce memory limit
2024-04-23T20:51:06,938  INFO [pool-69-thread-1] reduce.MergeManagerImpl: Merging 1 files, 158 bytes from disk
2024-04-23T20:51:06,938  INFO [pool-69-thread-1] reduce.MergeManagerImpl: Merging 0 segments, 0 bytes from memory into reduce
2024-04-23T20:51:06,938  INFO [pool-69-thread-1] mapred.Merger: Merging 1 sorted segments
2024-04-23T20:51:06,938  INFO [pool-69-thread-1] mapred.Merger: Down to the last merge-pass, with 1 segments left of total size: 142 bytes
2024-04-23T20:51:06,939  INFO [pool-69-thread-1] mapred.LocalJobRunner: 8 / 8 copied.
2024-04-23T20:51:06,940  INFO [pool-69-thread-1] exec.SerializationUtilities: Deserializing ReduceWork using kryo
2024-04-23T20:51:06,943  INFO [pool-69-thread-1] exec.Utilities: Deserialized plan (via FILE) - name: null size: 6,77KB
2024-04-23T20:51:06,945  INFO [pool-69-thread-1] ExecReducer: 
<SEL>Id =4
  <Children>
    <FS>Id =2
      <Children>
      <\Children>
      <Parent>Id = 4 null<\Parent>
    <\FS>
  <\Children>
  <Parent><\Parent>
<\SEL>
2024-04-23T20:51:06,946  INFO [pool-69-thread-1] exec.SelectOperator: Initializing Operator: SEL[4]
2024-04-23T20:51:06,946  INFO [pool-69-thread-1] exec.SelectOperator: SELECT struct<key:struct<_col2:int>,value:struct<_col0:int,_col1:int>>
2024-04-23T20:51:06,946  INFO [pool-69-thread-1] exec.FileSinkOperator: Initializing Operator: FS[2]
2024-04-23T20:51:06,947  INFO [pool-69-thread-1] exec.FileSinkOperator: Using serializer : AbstractSerDe [log=org.apache.logging.slf4j.Log4jLogger@4aa280a, configuration=Optional[Configuration: core-default.xml, core-site.xml, mapred-default.xml, mapred-site.xml, yarn-default.xml, yarn-site.xml, hdfs-default.xml, hdfs-site.xml, file:/home/alex/Repositories/hive/ql/target/tmp/TestTxnNoBucketsVectorized/mapred/local/localRunner/alex/job_local1427076879_0012/job_local1427076879_0012.xml], properties={transactional_properties=default, name=default.nobuckets, transactional=true, columns.types=int:int, columns=c1,c2, columns.comments=&amp#0;, partition_columns.types=int, partition_columns=c3, bucketing_version=2, serialization.lib=org.apache.hadoop.hive.ql.io.orc.OrcSerde, file.inputformat=org.apache.hadoop.hive.ql.io.orc.OrcInputFormat, file.outputformat=org.apache.hadoop.hive.ql.io.orc.OrcOutputFormat, location=file:/home/alex/Repositories/hive/ql/target/tmp/org.apache.hadoop.hive.ql.TestTxnNoBuckets-1713930630697/warehouse/nobuckets, column.name.delimiter=,}, tableProperties={transactional_properties=default, name=default.nobuckets, transactional=true, columns.types=int:int, columns=c1,c2, columns.comments=&amp#0;, partition_columns.types=int, partition_columns=c3, bucketing_version=2, serialization.lib=org.apache.hadoop.hive.ql.io.orc.OrcSerde, file.inputformat=org.apache.hadoop.hive.ql.io.orc.OrcInputFormat, location=file:/home/alex/Repositories/hive/ql/target/tmp/org.apache.hadoop.hive.ql.TestTxnNoBuckets-1713930630697/warehouse/nobuckets, file.outputformat=org.apache.hadoop.hive.ql.io.orc.OrcOutputFormat, column.name.delimiter=,}, partitionProperties=Optional.empty, columnNames=[c1, c2], columnTypes=[int, int], getClass()=class org.apache.hadoop.hive.ql.io.orc.OrcSerde] and formatter : org.apache.hadoop.hive.ql.io.orc.OrcOutputFormat@297c337c
2024-04-23T20:51:06,948  INFO [pool-69-thread-1] exec.FileSinkOperator: Final Path: FS file:/home/alex/Repositories/hive/ql/target/tmp/org.apache.hadoop.hive.ql.TestTxnNoBuckets-1713930630697/warehouse/nobuckets/c3=0
2024-04-23T20:51:06,948  INFO [pool-69-thread-1] exec.FileSinkOperator: New Final Path: FS file:/home/alex/Repositories/hive/ql/target/tmp/org.apache.hadoop.hive.ql.TestTxnNoBuckets-1713930630697/warehouse/nobuckets/c3=0
2024-04-23T20:51:06,954  INFO [pool-69-thread-1] common.FileUtils: Creating directory if it doesn't exist: file:/home/alex/Repositories/hive/ql/target/tmp/org.apache.hadoop.hive.ql.TestTxnNoBuckets-1713930630697/warehouse/nobuckets
2024-04-23T20:51:06,956  INFO [pool-69-thread-1] exec.FileSinkOperator: FS[2]: records written - 1
2024-04-23T20:51:06,956  INFO [pool-69-thread-1] impl.PhysicalFsWriter: ORC writer created for path: file:/home/alex/Repositories/hive/ql/target/tmp/org.apache.hadoop.hive.ql.TestTxnNoBuckets-1713930630697/warehouse/nobuckets/c3=0/delta_0000001_0000001_0000/bucket_00000_0 with stripeSize: 8388608 blockSize: 268435456 compression: Compress: ZLIB buffer: 32768
2024-04-23T20:51:06,974  INFO [pool-69-thread-1] impl.WriterImpl: ORC writer created for path: file:/home/alex/Repositories/hive/ql/target/tmp/org.apache.hadoop.hive.ql.TestTxnNoBuckets-1713930630697/warehouse/nobuckets/c3=0/delta_0000001_0000001_0000/bucket_00000_0 with stripeSize: 8388608 options: Compress: ZLIB buffer: 32768
2024-04-23T20:51:06,994  INFO [pool-69-thread-1] exec.FileSinkOperator: Final Path: FS file:/home/alex/Repositories/hive/ql/target/tmp/org.apache.hadoop.hive.ql.TestTxnNoBuckets-1713930630697/warehouse/nobuckets/c3=1
2024-04-23T20:51:06,994  INFO [pool-69-thread-1] exec.FileSinkOperator: New Final Path: FS file:/home/alex/Repositories/hive/ql/target/tmp/org.apache.hadoop.hive.ql.TestTxnNoBuckets-1713930630697/warehouse/nobuckets/c3=1
2024-04-23T20:51:07,000  INFO [pool-69-thread-1] common.FileUtils: Creating directory if it doesn't exist: file:/home/alex/Repositories/hive/ql/target/tmp/org.apache.hadoop.hive.ql.TestTxnNoBuckets-1713930630697/warehouse/nobuckets
2024-04-23T20:51:07,002  INFO [pool-69-thread-1] impl.PhysicalFsWriter: ORC writer created for path: file:/home/alex/Repositories/hive/ql/target/tmp/org.apache.hadoop.hive.ql.TestTxnNoBuckets-1713930630697/warehouse/nobuckets/c3=1/delta_0000001_0000001_0000/bucket_00000_0 with stripeSize: 8388608 blockSize: 268435456 compression: Compress: ZLIB buffer: 32768
2024-04-23T20:51:07,015  INFO [pool-69-thread-1] impl.WriterImpl: ORC writer created for path: file:/home/alex/Repositories/hive/ql/target/tmp/org.apache.hadoop.hive.ql.TestTxnNoBuckets-1713930630697/warehouse/nobuckets/c3=1/delta_0000001_0000001_0000/bucket_00000_0 with stripeSize: 8388608 options: Compress: ZLIB buffer: 32768
2024-04-23T20:51:07,025  INFO [pool-69-thread-1] exec.FileSinkOperator: Final Path: FS file:/home/alex/Repositories/hive/ql/target/tmp/org.apache.hadoop.hive.ql.TestTxnNoBuckets-1713930630697/warehouse/nobuckets/c3=2
2024-04-23T20:51:07,025  INFO [pool-69-thread-1] exec.FileSinkOperator: New Final Path: FS file:/home/alex/Repositories/hive/ql/target/tmp/org.apache.hadoop.hive.ql.TestTxnNoBuckets-1713930630697/warehouse/nobuckets/c3=2
2024-04-23T20:51:07,028  INFO [pool-69-thread-1] common.FileUtils: Creating directory if it doesn't exist: file:/home/alex/Repositories/hive/ql/target/tmp/org.apache.hadoop.hive.ql.TestTxnNoBuckets-1713930630697/warehouse/nobuckets
2024-04-23T20:51:07,029  INFO [pool-69-thread-1] impl.PhysicalFsWriter: ORC writer created for path: file:/home/alex/Repositories/hive/ql/target/tmp/org.apache.hadoop.hive.ql.TestTxnNoBuckets-1713930630697/warehouse/nobuckets/c3=2/delta_0000001_0000001_0000/bucket_00000_0 with stripeSize: 8388608 blockSize: 268435456 compression: Compress: ZLIB buffer: 32768
2024-04-23T20:51:07,038  INFO [pool-69-thread-1] impl.WriterImpl: ORC writer created for path: file:/home/alex/Repositories/hive/ql/target/tmp/org.apache.hadoop.hive.ql.TestTxnNoBuckets-1713930630697/warehouse/nobuckets/c3=2/delta_0000001_0000001_0000/bucket_00000_0 with stripeSize: 8388608 options: Compress: ZLIB buffer: 32768
2024-04-23T20:51:07,048  INFO [pool-69-thread-1] exec.FileSinkOperator: Final Path: FS file:/home/alex/Repositories/hive/ql/target/tmp/org.apache.hadoop.hive.ql.TestTxnNoBuckets-1713930630697/warehouse/nobuckets/c3=3
2024-04-23T20:51:07,048  INFO [pool-69-thread-1] exec.FileSinkOperator: New Final Path: FS file:/home/alex/Repositories/hive/ql/target/tmp/org.apache.hadoop.hive.ql.TestTxnNoBuckets-1713930630697/warehouse/nobuckets/c3=3
2024-04-23T20:51:07,051  INFO [pool-69-thread-1] common.FileUtils: Creating directory if it doesn't exist: file:/home/alex/Repositories/hive/ql/target/tmp/org.apache.hadoop.hive.ql.TestTxnNoBuckets-1713930630697/warehouse/nobuckets
2024-04-23T20:51:07,051  INFO [pool-69-thread-1] impl.PhysicalFsWriter: ORC writer created for path: file:/home/alex/Repositories/hive/ql/target/tmp/org.apache.hadoop.hive.ql.TestTxnNoBuckets-1713930630697/warehouse/nobuckets/c3=3/delta_0000001_0000001_0000/bucket_00000_0 with stripeSize: 8388608 blockSize: 268435456 compression: Compress: ZLIB buffer: 32768
2024-04-23T20:51:07,062  INFO [pool-69-thread-1] impl.WriterImpl: ORC writer created for path: file:/home/alex/Repositories/hive/ql/target/tmp/org.apache.hadoop.hive.ql.TestTxnNoBuckets-1713930630697/warehouse/nobuckets/c3=3/delta_0000001_0000001_0000/bucket_00000_0 with stripeSize: 8388608 options: Compress: ZLIB buffer: 32768
2024-04-23T20:51:07,071  INFO [pool-69-thread-1] exec.FileSinkOperator: Final Path: FS file:/home/alex/Repositories/hive/ql/target/tmp/org.apache.hadoop.hive.ql.TestTxnNoBuckets-1713930630697/warehouse/nobuckets/c3=4
2024-04-23T20:51:07,071  INFO [pool-69-thread-1] exec.FileSinkOperator: New Final Path: FS file:/home/alex/Repositories/hive/ql/target/tmp/org.apache.hadoop.hive.ql.TestTxnNoBuckets-1713930630697/warehouse/nobuckets/c3=4
2024-04-23T20:51:07,074  INFO [pool-69-thread-1] common.FileUtils: Creating directory if it doesn't exist: file:/home/alex/Repositories/hive/ql/target/tmp/org.apache.hadoop.hive.ql.TestTxnNoBuckets-1713930630697/warehouse/nobuckets
2024-04-23T20:51:07,075  INFO [pool-69-thread-1] impl.PhysicalFsWriter: ORC writer created for path: file:/home/alex/Repositories/hive/ql/target/tmp/org.apache.hadoop.hive.ql.TestTxnNoBuckets-1713930630697/warehouse/nobuckets/c3=4/delta_0000001_0000001_0000/bucket_00000_0 with stripeSize: 8388608 blockSize: 268435456 compression: Compress: ZLIB buffer: 32768
2024-04-23T20:51:07,085  INFO [pool-69-thread-1] impl.WriterImpl: ORC writer created for path: file:/home/alex/Repositories/hive/ql/target/tmp/org.apache.hadoop.hive.ql.TestTxnNoBuckets-1713930630697/warehouse/nobuckets/c3=4/delta_0000001_0000001_0000/bucket_00000_0 with stripeSize: 8388608 options: Compress: ZLIB buffer: 32768
2024-04-23T20:51:07,093  INFO [pool-69-thread-1] exec.FileSinkOperator: Final Path: FS file:/home/alex/Repositories/hive/ql/target/tmp/org.apache.hadoop.hive.ql.TestTxnNoBuckets-1713930630697/warehouse/nobuckets/c3=5
2024-04-23T20:51:07,093  INFO [pool-69-thread-1] exec.FileSinkOperator: New Final Path: FS file:/home/alex/Repositories/hive/ql/target/tmp/org.apache.hadoop.hive.ql.TestTxnNoBuckets-1713930630697/warehouse/nobuckets/c3=5
2024-04-23T20:51:07,096  INFO [pool-69-thread-1] common.FileUtils: Creating directory if it doesn't exist: file:/home/alex/Repositories/hive/ql/target/tmp/org.apache.hadoop.hive.ql.TestTxnNoBuckets-1713930630697/warehouse/nobuckets
2024-04-23T20:51:07,097  INFO [pool-69-thread-1] impl.PhysicalFsWriter: ORC writer created for path: file:/home/alex/Repositories/hive/ql/target/tmp/org.apache.hadoop.hive.ql.TestTxnNoBuckets-1713930630697/warehouse/nobuckets/c3=5/delta_0000001_0000001_0000/bucket_00000_0 with stripeSize: 8388608 blockSize: 268435456 compression: Compress: ZLIB buffer: 32768
2024-04-23T20:51:07,106  INFO [pool-69-thread-1] impl.WriterImpl: ORC writer created for path: file:/home/alex/Repositories/hive/ql/target/tmp/org.apache.hadoop.hive.ql.TestTxnNoBuckets-1713930630697/warehouse/nobuckets/c3=5/delta_0000001_0000001_0000/bucket_00000_0 with stripeSize: 8388608 options: Compress: ZLIB buffer: 32768
2024-04-23T20:51:07,116  INFO [pool-69-thread-1] exec.FileSinkOperator: Final Path: FS file:/home/alex/Repositories/hive/ql/target/tmp/org.apache.hadoop.hive.ql.TestTxnNoBuckets-1713930630697/warehouse/nobuckets/c3=6
2024-04-23T20:51:07,116  INFO [pool-69-thread-1] exec.FileSinkOperator: New Final Path: FS file:/home/alex/Repositories/hive/ql/target/tmp/org.apache.hadoop.hive.ql.TestTxnNoBuckets-1713930630697/warehouse/nobuckets/c3=6
2024-04-23T20:51:07,119  INFO [pool-69-thread-1] common.FileUtils: Creating directory if it doesn't exist: file:/home/alex/Repositories/hive/ql/target/tmp/org.apache.hadoop.hive.ql.TestTxnNoBuckets-1713930630697/warehouse/nobuckets
2024-04-23T20:51:07,120  INFO [pool-69-thread-1] impl.PhysicalFsWriter: ORC writer created for path: file:/home/alex/Repositories/hive/ql/target/tmp/org.apache.hadoop.hive.ql.TestTxnNoBuckets-1713930630697/warehouse/nobuckets/c3=6/delta_0000001_0000001_0000/bucket_00000_0 with stripeSize: 8388608 blockSize: 268435456 compression: Compress: ZLIB buffer: 32768
2024-04-23T20:51:07,130  INFO [pool-69-thread-1] impl.WriterImpl: ORC writer created for path: file:/home/alex/Repositories/hive/ql/target/tmp/org.apache.hadoop.hive.ql.TestTxnNoBuckets-1713930630697/warehouse/nobuckets/c3=6/delta_0000001_0000001_0000/bucket_00000_0 with stripeSize: 8388608 options: Compress: ZLIB buffer: 32768
2024-04-23T20:51:07,137  INFO [pool-69-thread-1] exec.SelectOperator: Closing Operator: SEL[4]
2024-04-23T20:51:07,137  INFO [pool-69-thread-1] exec.SelectOperator: RECORDS_OUT_INTERMEDIATE:0, RECORDS_OUT_OPERATOR_SEL_4:8, 
2024-04-23T20:51:07,137  INFO [pool-69-thread-1] exec.FileSinkOperator: Closing Operator: FS[2]
2024-04-23T20:51:07,137  INFO [pool-69-thread-1] exec.FileSinkOperator: FS[2]: records written - 8
2024-04-23T20:51:07,141  INFO [pool-69-thread-1] FileOperations: Writing manifest to file:/home/alex/Repositories/hive/ql/target/tmp/org.apache.hadoop.hive.ql.TestTxnNoBuckets-1713930630697/warehouse/nobuckets/_tmp.delta_0000001_0000001_0000/000000_0.manifest with [file:/home/alex/Repositories/hive/ql/target/tmp/org.apache.hadoop.hive.ql.TestTxnNoBuckets-1713930630697/warehouse/nobuckets/c3=2/delta_0000001_0000001_0000/bucket_00000_0, file:/home/alex/Repositories/hive/ql/target/tmp/org.apache.hadoop.hive.ql.TestTxnNoBuckets-1713930630697/warehouse/nobuckets/c3=0/delta_0000001_0000001_0000/bucket_00000_0, file:/home/alex/Repositories/hive/ql/target/tmp/org.apache.hadoop.hive.ql.TestTxnNoBuckets-1713930630697/warehouse/nobuckets/c3=6/delta_0000001_0000001_0000/bucket_00000_0, file:/home/alex/Repositories/hive/ql/target/tmp/org.apache.hadoop.hive.ql.TestTxnNoBuckets-1713930630697/warehouse/nobuckets/c3=4/delta_0000001_0000001_0000/bucket_00000_0, file:/home/alex/Repositories/hive/ql/target/tmp/org.apache.hadoop.hive.ql.TestTxnNoBuckets-1713930630697/warehouse/nobuckets/c3=1/delta_0000001_0000001_0000/bucket_00000_0, file:/home/alex/Repositories/hive/ql/target/tmp/org.apache.hadoop.hive.ql.TestTxnNoBuckets-1713930630697/warehouse/nobuckets/c3=5/delta_0000001_0000001_0000/bucket_00000_0, file:/home/alex/Repositories/hive/ql/target/tmp/org.apache.hadoop.hive.ql.TestTxnNoBuckets-1713930630697/warehouse/nobuckets/c3=3/delta_0000001_0000001_0000/bucket_00000_0]
2024-04-23T20:51:07,157  INFO [pool-69-thread-1] exec.FileSinkOperator: RECORDS_OUT_1_default.nobuckets:8, RECORDS_OUT_INTERMEDIATE:0, TOTAL_TABLE_ROWS_WRITTEN:8, RECORDS_OUT_OPERATOR_FS_2:8, 
2024-04-23T20:51:07,158  INFO [pool-69-thread-1] mapred.Task: Task:attempt_local1427076879_0012_r_000000_0 is done. And is in the process of committing
2024-04-23T20:51:07,158  INFO [pool-69-thread-1] mapred.LocalJobRunner: reduce > reduce
2024-04-23T20:51:07,158  INFO [pool-69-thread-1] mapred.Task: Task 'attempt_local1427076879_0012_r_000000_0' done.
2024-04-23T20:51:07,158  INFO [pool-69-thread-1] mapred.Task: Final Counters for attempt_local1427076879_0012_r_000000_0: Counters: 31
	File System Counters
		FILE: Number of bytes read=283049
		FILE: Number of bytes written=14435514
		FILE: Number of read operations=0
		FILE: Number of large read operations=0
		FILE: Number of write operations=0
	Map-Reduce Framework
		Combine input records=0
		Combine output records=0
		Reduce input groups=7
		Reduce shuffle bytes=200
		Reduce input records=8
		Reduce output records=0
		Spilled Records=8
		Shuffled Maps =8
		Failed Shuffles=0
		Merged Map outputs=8
		GC time elapsed (ms)=0
		Total committed heap usage (bytes)=1098907648
	HIVE
		CREATED_DYNAMIC_PARTITIONS=7
		CREATED_FILES=7
		RECORDS_OUT_1_default.nobuckets=8
		RECORDS_OUT_INTERMEDIATE=0
		RECORDS_OUT_OPERATOR_FS_2=8
		RECORDS_OUT_OPERATOR_SEL_4=8
		TOTAL_TABLE_ROWS_WRITTEN=8
	Shuffle Errors
		BAD_ID=0
		CONNECTION=0
		IO_ERROR=0
		WRONG_LENGTH=0
		WRONG_MAP=0
		WRONG_REDUCE=0
	File Output Format Counters 
		Bytes Written=0
2024-04-23T20:51:07,159  INFO [pool-69-thread-1] mapred.LocalJobRunner: Finishing task: attempt_local1427076879_0012_r_000000_0
2024-04-23T20:51:07,159  INFO [Thread-744] mapred.LocalJobRunner: reduce task executor complete.
2024-04-23 20:51:07,684 Stage-1 map = 100%,  reduce = 100%
2024-04-23T20:51:07,684  INFO [main] exec.Task: 2024-04-23 20:51:07,684 Stage-1 map = 100%,  reduce = 100%
Ended Job = job_local1427076879_0012
2024-04-23T20:51:07,686  INFO [main] exec.Task: Ended Job = job_local1427076879_0012
2024-04-23T20:51:07,688  INFO [main] FileOperations: Found manifest file file:/home/alex/Repositories/hive/ql/target/tmp/org.apache.hadoop.hive.ql.TestTxnNoBuckets-1713930630697/warehouse/nobuckets/_tmp.delta_0000001_0000001_0000/000000_0.manifest with attemptId 0.
2024-04-23T20:51:07,688  INFO [main] FileOperations: Looking at manifest file: file:/home/alex/Repositories/hive/ql/target/tmp/org.apache.hadoop.hive.ql.TestTxnNoBuckets-1713930630697/warehouse/nobuckets/_tmp.delta_0000001_0000001_0000/000000_0.manifest
2024-04-23T20:51:07,688  INFO [main] FileOperations: Deleting manifest directory file:/home/alex/Repositories/hive/ql/target/tmp/org.apache.hadoop.hive.ql.TestTxnNoBuckets-1713930630697/warehouse/nobuckets/_tmp.delta_0000001_0000001_0000
2024-04-23T20:51:07,691  INFO [main] ql.Driver: Starting task [Stage-0:MOVE] in serial mode
Loading data to table default.nobuckets partition (c3=null)
2024-04-23T20:51:07,691  INFO [main] exec.Task: Loading data to table default.nobuckets partition (c3=null) from file:/home/alex/Repositories/hive/ql/target/tmp/org.apache.hadoop.hive.ql.TestTxnNoBuckets-1713930630697/warehouse/nobuckets
2024-04-23T20:51:07,691  INFO [main] HiveMetaStore.audit: ugi=alex	ip=unknown-ip-addr	cmd=get_table : tbl=hive.default.nobuckets	
2024-04-23T20:51:07,699  INFO [main] metastore.HMSHandler: Skipping translation for processor with null
2024-04-23T20:51:07,699  INFO [main] exec.MoveTask: Partition is: {c3=null}


2024-04-23T20:51:07,700  INFO [main] exec.Task: 

2024-04-23T20:51:07,701  INFO [main] HiveMetaStore.audit: ugi=alex	ip=unknown-ip-addr	cmd=get_table : tbl=hive.default.nobuckets	
2024-04-23T20:51:07,715  INFO [main] metastore.HMSHandler: Skipping translation for processor with null
2024-04-23T20:51:07,715  INFO [main] HiveMetaStore.audit: ugi=alex	ip=unknown-ip-addr	cmd=get_table : tbl=hive.default.nobuckets	
2024-04-23T20:51:07,729  INFO [main] metastore.HMSHandler: Skipping translation for processor with null
2024-04-23T20:51:07,730  INFO [main] HiveMetaStore.audit: ugi=alex	ip=unknown-ip-addr	cmd=get_partitions_names_ps : tbl=hive.default.nobuckets[]	
2024-04-23T20:51:07,752  INFO [load-dynamic-partitionsToAdd-0] metadata.Hive: New loading path = file:/home/alex/Repositories/hive/ql/target/tmp/org.apache.hadoop.hive.ql.TestTxnNoBuckets-1713930630697/warehouse/nobuckets/c3=6 withPartSpec {c3=6}
2024-04-23T20:51:07,752  INFO [load-dynamic-partitionsToAdd-1] metadata.Hive: New loading path = file:/home/alex/Repositories/hive/ql/target/tmp/org.apache.hadoop.hive.ql.TestTxnNoBuckets-1713930630697/warehouse/nobuckets/c3=2 withPartSpec {c3=2}
2024-04-23T20:51:07,752  INFO [load-dynamic-partitionsToAdd-2] metadata.Hive: New loading path = file:/home/alex/Repositories/hive/ql/target/tmp/org.apache.hadoop.hive.ql.TestTxnNoBuckets-1713930630697/warehouse/nobuckets/c3=5 withPartSpec {c3=5}
2024-04-23T20:51:07,752  INFO [load-dynamic-partitionsToAdd-3] metadata.Hive: New loading path = file:/home/alex/Repositories/hive/ql/target/tmp/org.apache.hadoop.hive.ql.TestTxnNoBuckets-1713930630697/warehouse/nobuckets/c3=3 withPartSpec {c3=3}
2024-04-23T20:51:07,752  INFO [load-dynamic-partitionsToAdd-4] metadata.Hive: New loading path = file:/home/alex/Repositories/hive/ql/target/tmp/org.apache.hadoop.hive.ql.TestTxnNoBuckets-1713930630697/warehouse/nobuckets/c3=0 withPartSpec {c3=0}
2024-04-23T20:51:07,753  INFO [load-dynamic-partitionsToAdd-5] metadata.Hive: New loading path = file:/home/alex/Repositories/hive/ql/target/tmp/org.apache.hadoop.hive.ql.TestTxnNoBuckets-1713930630697/warehouse/nobuckets/c3=1 withPartSpec {c3=1}
2024-04-23T20:51:07,753  INFO [load-dynamic-partitionsToAdd-6] metadata.Hive: New loading path = file:/home/alex/Repositories/hive/ql/target/tmp/org.apache.hadoop.hive.ql.TestTxnNoBuckets-1713930630697/warehouse/nobuckets/c3=4 withPartSpec {c3=4}
2024-04-23T20:51:07,753  INFO [main] metadata.Hive: Number of partitionsToAdd to be added is 7
2024-04-23T20:51:07,754  INFO [main] HiveMetaStore.audit: ugi=alex	ip=unknown-ip-addr	cmd=add_partitions	
2024-04-23T20:51:07,866  INFO [main] metadata.Hive: Loaded 7partitionsToAdd
	 Time taken to load dynamic partitions: 0.166 seconds
2024-04-23T20:51:07,866  INFO [main] exec.Task: 	 Time taken to load dynamic partitions: 0.166 seconds
2024-04-23T20:51:07,866  INFO [main] exec.MoveTask: 	 Time taken to load dynamic partitions: 0.166 seconds
2024-04-23T20:51:07,866  INFO [main] exec.MoveTask: Loading partition {c3=6}
2024-04-23T20:51:07,866  INFO [main] exec.MoveTask: Loading partition {c3=2}
2024-04-23T20:51:07,866  INFO [main] exec.MoveTask: Loading partition {c3=5}
2024-04-23T20:51:07,866  INFO [main] exec.MoveTask: Loading partition {c3=3}
2024-04-23T20:51:07,866  INFO [main] exec.MoveTask: Loading partition {c3=0}
2024-04-23T20:51:07,866  INFO [main] exec.MoveTask: Loading partition {c3=1}
2024-04-23T20:51:07,866  INFO [main] exec.MoveTask: Loading partition {c3=4}
	 Time taken for adding to write entity : 0.0 seconds
2024-04-23T20:51:07,866  INFO [main] exec.Task: 	 Time taken for adding to write entity : 0.0 seconds
2024-04-23T20:51:07,866  INFO [main] ql.Driver: Starting task [Stage-2:STATS] in serial mode
2024-04-23T20:51:07,867  INFO [main] HiveMetaStore.audit: ugi=alex	ip=unknown-ip-addr	cmd=get_table : tbl=hive.default.nobuckets	
2024-04-23T20:51:07,875  INFO [main] metastore.HMSHandler: Skipping translation for processor with null
2024-04-23T20:51:07,876  INFO [main] stats.BasicStatsTask: Executing stats task
2024-04-23T20:51:07,876  INFO [main] fs.FSStatsPublisher: created : file:/home/alex/Repositories/hive/ql/target/tmp/localscratchdir/35c1eaf2-85f7-4891-a074-7246c6e7652c/hive_2024-04-23_20-51-06_054_4343932957141269500-1/-mr-10000
2024-04-23T20:51:07,877  INFO [main] HiveMetaStore.audit: ugi=alex	ip=unknown-ip-addr	cmd=get_table : tbl=hive.default.nobuckets	
2024-04-23T20:51:07,886  INFO [main] metastore.HMSHandler: Skipping translation for processor with null
2024-04-23T20:51:07,899  WARN [stats-updater-thread-3] FileOperations: Computing stats for an ACID table; stats may be inaccurate
2024-04-23T20:51:07,901  WARN [stats-updater-thread-0] FileOperations: Computing stats for an ACID table; stats may be inaccurate
2024-04-23T20:51:07,901  WARN [stats-updater-thread-4] FileOperations: Computing stats for an ACID table; stats may be inaccurate
2024-04-23T20:51:07,902  WARN [stats-updater-thread-5] FileOperations: Computing stats for an ACID table; stats may be inaccurate
2024-04-23T20:51:07,902  WARN [stats-updater-thread-1] FileOperations: Computing stats for an ACID table; stats may be inaccurate
2024-04-23T20:51:07,902  WARN [stats-updater-thread-6] FileOperations: Computing stats for an ACID table; stats may be inaccurate
2024-04-23T20:51:07,902  WARN [stats-updater-thread-2] FileOperations: Computing stats for an ACID table; stats may be inaccurate
2024-04-23T20:51:07,903  INFO [main] FileOperations: Read stats for default.nobuckets/c3=6/, numRows, true, 1, false: 
2024-04-23T20:51:07,903  INFO [main] FileOperations: Read stats for default.nobuckets/c3=6/, rawDataSize, true, 0, false: 
2024-04-23T20:51:07,903  INFO [main] stats.BasicStatsTask: Partition {c3=6} stats: [numFiles=1, numRows=1, totalSize=665, rawDataSize=0, numFilesErasureCoded=0]
2024-04-23T20:51:07,903  INFO [main] FileOperations: Read stats for default.nobuckets/c3=2/, numRows, true, 1, false: 
2024-04-23T20:51:07,903  INFO [main] FileOperations: Read stats for default.nobuckets/c3=2/, rawDataSize, true, 0, false: 
2024-04-23T20:51:07,903  INFO [main] stats.BasicStatsTask: Partition {c3=2} stats: [numFiles=1, numRows=1, totalSize=663, rawDataSize=0, numFilesErasureCoded=0]
2024-04-23T20:51:07,903  INFO [main] FileOperations: Read stats for default.nobuckets/c3=5/, numRows, true, 1, false: 
2024-04-23T20:51:07,903  INFO [main] FileOperations: Read stats for default.nobuckets/c3=5/, rawDataSize, true, 0, false: 
2024-04-23T20:51:07,903  INFO [main] stats.BasicStatsTask: Partition {c3=5} stats: [numFiles=1, numRows=1, totalSize=664, rawDataSize=0, numFilesErasureCoded=0]
2024-04-23T20:51:07,904  INFO [main] FileOperations: Read stats for default.nobuckets/c3=3/, numRows, true, 2, false: 
2024-04-23T20:51:07,904  INFO [main] FileOperations: Read stats for default.nobuckets/c3=3/, rawDataSize, true, 0, false: 
2024-04-23T20:51:07,904  INFO [main] stats.BasicStatsTask: Partition {c3=3} stats: [numFiles=1, numRows=2, totalSize=679, rawDataSize=0, numFilesErasureCoded=0]
2024-04-23T20:51:07,904  INFO [main] FileOperations: Read stats for default.nobuckets/c3=0/, numRows, true, 1, false: 
2024-04-23T20:51:07,904  INFO [main] FileOperations: Read stats for default.nobuckets/c3=0/, rawDataSize, true, 0, false: 
2024-04-23T20:51:07,904  INFO [main] stats.BasicStatsTask: Partition {c3=0} stats: [numFiles=1, numRows=1, totalSize=651, rawDataSize=0, numFilesErasureCoded=0]
2024-04-23T20:51:07,904  INFO [main] FileOperations: Read stats for default.nobuckets/c3=1/, numRows, true, 1, false: 
2024-04-23T20:51:07,904  INFO [main] FileOperations: Read stats for default.nobuckets/c3=1/, rawDataSize, true, 0, false: 
2024-04-23T20:51:07,904  INFO [main] stats.BasicStatsTask: Partition {c3=1} stats: [numFiles=1, numRows=1, totalSize=655, rawDataSize=0, numFilesErasureCoded=0]
2024-04-23T20:51:07,904  INFO [main] FileOperations: Read stats for default.nobuckets/c3=4/, numRows, true, 1, false: 
2024-04-23T20:51:07,904  INFO [main] FileOperations: Read stats for default.nobuckets/c3=4/, rawDataSize, true, 0, false: 
2024-04-23T20:51:07,904  INFO [main] stats.BasicStatsTask: Partition {c3=4} stats: [numFiles=1, numRows=1, totalSize=663, rawDataSize=0, numFilesErasureCoded=0]
2024-04-23T20:51:07,905  INFO [main] HiveMetaStore.audit: ugi=alex	ip=unknown-ip-addr	cmd=alter_partitions : tbl=hive.default.nobuckets	
2024-04-23T20:51:07,905  INFO [main] metastore.HMSHandler: New partition values:[6]
2024-04-23T20:51:07,905  INFO [main] metastore.HMSHandler: New partition values:[2]
2024-04-23T20:51:07,905  INFO [main] metastore.HMSHandler: New partition values:[5]
2024-04-23T20:51:07,905  INFO [main] metastore.HMSHandler: New partition values:[3]
2024-04-23T20:51:07,905  INFO [main] metastore.HMSHandler: New partition values:[0]
2024-04-23T20:51:07,905  INFO [main] metastore.HMSHandler: New partition values:[1]
2024-04-23T20:51:07,905  INFO [main] metastore.HMSHandler: New partition values:[4]
2024-04-23T20:51:08,029  INFO [main] FileOperations: Read stats for default.nobuckets/c3=6/, insertCount, true, 1, false: 
2024-04-23T20:51:08,029  INFO [main] FileOperations: Read stats for default.nobuckets/c3=6/, updateCount, true, 0, false: 
2024-04-23T20:51:08,029  INFO [main] FileOperations: Read stats for default.nobuckets/c3=6/, deleteCount, true, 0, false: 
2024-04-23T20:51:08,033  INFO [main] FileOperations: Read stats for default.nobuckets/c3=2/, insertCount, true, 1, false: 
2024-04-23T20:51:08,033  INFO [main] FileOperations: Read stats for default.nobuckets/c3=2/, updateCount, true, 0, false: 
2024-04-23T20:51:08,033  INFO [main] FileOperations: Read stats for default.nobuckets/c3=2/, deleteCount, true, 0, false: 
2024-04-23T20:51:08,033  INFO [main] FileOperations: Read stats for default.nobuckets/c3=5/, insertCount, true, 1, false: 
2024-04-23T20:51:08,033  INFO [main] FileOperations: Read stats for default.nobuckets/c3=5/, updateCount, true, 0, false: 
2024-04-23T20:51:08,033  INFO [main] FileOperations: Read stats for default.nobuckets/c3=5/, deleteCount, true, 0, false: 
2024-04-23T20:51:08,033  INFO [main] FileOperations: Read stats for default.nobuckets/c3=3/, insertCount, true, 2, false: 
2024-04-23T20:51:08,033  INFO [main] FileOperations: Read stats for default.nobuckets/c3=3/, updateCount, true, 0, false: 
2024-04-23T20:51:08,033  INFO [main] FileOperations: Read stats for default.nobuckets/c3=3/, deleteCount, true, 0, false: 
2024-04-23T20:51:08,034  INFO [main] FileOperations: Read stats for default.nobuckets/c3=0/, insertCount, true, 1, false: 
2024-04-23T20:51:08,034  INFO [main] FileOperations: Read stats for default.nobuckets/c3=0/, updateCount, true, 0, false: 
2024-04-23T20:51:08,034  INFO [main] FileOperations: Read stats for default.nobuckets/c3=0/, deleteCount, true, 0, false: 
2024-04-23T20:51:08,034  INFO [main] FileOperations: Read stats for default.nobuckets/c3=1/, insertCount, true, 1, false: 
2024-04-23T20:51:08,034  INFO [main] FileOperations: Read stats for default.nobuckets/c3=1/, updateCount, true, 0, false: 
2024-04-23T20:51:08,034  INFO [main] FileOperations: Read stats for default.nobuckets/c3=1/, deleteCount, true, 0, false: 
2024-04-23T20:51:08,034  INFO [main] FileOperations: Read stats for default.nobuckets/c3=4/, insertCount, true, 1, false: 
2024-04-23T20:51:08,034  INFO [main] FileOperations: Read stats for default.nobuckets/c3=4/, updateCount, true, 0, false: 
2024-04-23T20:51:08,034  INFO [main] FileOperations: Read stats for default.nobuckets/c3=4/, deleteCount, true, 0, false: 
2024-04-23T20:51:08,035  INFO [main] metadata.Hive: Dumping metastore api call timing information for : execution phase
2024-04-23T20:51:08,035  INFO [main] metadata.Hive: Total time spent in each metastore function (ms): {add_partitions_(List)=107, addDynamicPartitions_(long, long, String, String, List, DataOperationType)=4, isCompatibleWith_(Configuration)=1, alter_partitions_(String, String, List, EnvironmentContext, String, long)=124, updateTransactionalStatistics_(UpdateTransactionalStatsRequest)=4, getTable_(GetTableRequest)=55, listPartitionNamesRequest_(GetPartitionNamesPsRequest)=21, getValidWriteIds_(List, String)=0}
MapReduce Jobs Launched: 
2024-04-23T20:51:08,036  INFO [main] ql.Driver: MapReduce Jobs Launched: 
Stage-Stage-1:  HDFS Read: 0 HDFS Write: 0 SUCCESS
2024-04-23T20:51:08,036  INFO [main] ql.Driver: Stage-Stage-1:  HDFS Read: 0 HDFS Write: 0 SUCCESS
Total MapReduce CPU Time Spent: 0 msec
2024-04-23T20:51:08,036  INFO [main] ql.Driver: Total MapReduce CPU Time Spent: 0 msec
2024-04-23T20:51:08,036  INFO [main] ql.Driver: Completed executing command(queryId=alex_20240423205106_70caad18-a43c-442d-9261-f51b7c7940c4); Time taken: 1.69 seconds
2024-04-23T20:51:08,036  INFO [main] lockmgr.DbTxnManager: Stopped heartbeat for query: alex_20240423205106_70caad18-a43c-442d-9261-f51b7c7940c4
2024-04-23T20:51:08,048  INFO [main] txn.TxnHandler: Removed transactions: ([21]) from MIN_HISTORY_LEVEL
2024-04-23T20:51:08,050  WARN [main] txn.CompactionTxnHandler: No compaction queue record found for Compaction type transaction commit. txnId:21
2024-04-23T20:51:08,050  INFO [main] ql.TxnCommandsBaseForTests: Running the query: select ROW__ID, c1, c2, c3, INPUT__FILE__NAME from nobuckets order by ROW__ID
2024-04-23T20:51:08,051  INFO [main] ql.Context: Deleting scratch dir: file:/home/alex/Repositories/hive/ql/target/tmp/localscratchdir/35c1eaf2-85f7-4891-a074-7246c6e7652c/hive_2024-04-23_20-51-06_054_4343932957141269500-1
2024-04-23T20:51:08,051  INFO [main] cleanup.SyncCleanupService: Deleted directory: file:/home/alex/Repositories/hive/ql/target/tmp/localscratchdir/35c1eaf2-85f7-4891-a074-7246c6e7652c/hive_2024-04-23_20-51-06_054_4343932957141269500-1 on fs with scheme file
2024-04-23T20:51:08,051  INFO [main] ql.Driver: Compiling command(queryId=alex_20240423205108_55f7584c-21e3-4ac2-a434-57d7376e0da9): select ROW__ID, c1, c2, c3, INPUT__FILE__NAME from nobuckets order by ROW__ID
2024-04-23T20:51:08,061  INFO [main] txn.TxnHandler: Added entries to MIN_HISTORY_LEVEL for current txns: ([22]) with min_open_txn: 22
2024-04-23T20:51:08,062  INFO [main] lockmgr.DbTxnManager: Opened txnid:22
2024-04-23T20:51:08,064  INFO [main] parse.CalcitePlanner: Starting caching scope for: 
2024-04-23T20:51:08,064  INFO [main] parse.CalcitePlanner: Starting Semantic Analysis
2024-04-23T20:51:08,068  INFO [main] parse.CalcitePlanner: Completed phase 1 of Semantic Analysis
2024-04-23T20:51:08,068  INFO [main] parse.CalcitePlanner: Get metadata for source tables
2024-04-23T20:51:08,068  INFO [main] HiveMetaStore.audit: ugi=alex	ip=unknown-ip-addr	cmd=get_table : tbl=hive.default.nobuckets	
2024-04-23T20:51:08,077  INFO [main] metastore.HMSHandler: Skipping translation for processor with null
2024-04-23T20:51:08,077  INFO [main] parse.CalcitePlanner: Get metadata for subqueries
2024-04-23T20:51:08,077  INFO [main] parse.CalcitePlanner: Get metadata for destination tables
2024-04-23T20:51:08,077  INFO [main] parse.CalcitePlanner: Completed getting MetaData in Semantic Analysis
2024-04-23T20:51:08,091  INFO [main] HiveMetaStore.audit: ugi=alex	ip=unknown-ip-addr	cmd=get_all_table_constraints : tbl=hive.default.nobuckets	
2024-04-23T20:51:08,103  INFO [main] calcite.RelOptHiveTable: Calculating column statistics for default.nobuckets, projIndxSet: [0, 1, 2], allowMissingStats: true
2024-04-23T20:51:08,103  INFO [main] HiveMetaStore.audit: ugi=alex	ip=unknown-ip-addr	cmd=get_partitions : tbl=hive.default.nobuckets	
2024-04-23T20:51:08,126  INFO [main] HiveMetaStore.audit: ugi=alex	ip=unknown-ip-addr	cmd=get_aggr_stats_for: table=hive.default.nobuckets	
2024-04-23T20:51:08,138  WARN [main] calcite.RelOptHiveTable: No Stats for default@nobuckets, Columns: c1, c2
No Stats for default@nobuckets, Columns: c1, c2
2024-04-23T20:51:08,138  INFO [main] SessionState: No Stats for default@nobuckets, Columns: c1, c2
2024-04-23T20:51:08,188  INFO [main] parse.CalcitePlanner: Get metadata for source tables
2024-04-23T20:51:08,188  INFO [main] parse.CalcitePlanner: Get metadata for subqueries
2024-04-23T20:51:08,188  INFO [main] parse.CalcitePlanner: Get metadata for destination tables
2024-04-23T20:51:08,189  INFO [main] common.FileUtils: Creating directory if it doesn't exist: file:/home/alex/Repositories/hive/ql/target/tmp/localscratchdir/35c1eaf2-85f7-4891-a074-7246c6e7652c/hive_2024-04-23_20-51-08_051_2396526790610464091-1/-mr-10001/.hive-staging_hive_2024-04-23_20-51-08_051_2396526790610464091-1
2024-04-23T20:51:08,197  INFO [main] parse.CalcitePlanner: CBO Succeeded; optimized logical plan.
2024-04-23T20:51:08,200  INFO [main] optimizer.ColumnPrunerProcFactory: RS 2 oldColExprMap: {VALUE._col3=Column[_col4], VALUE._col2=Column[_col3], VALUE._col0=Column[_col1], KEY.reducesinkkey0=Column[_col0], VALUE._col1=Column[_col2]}
2024-04-23T20:51:08,200  INFO [main] optimizer.ColumnPrunerProcFactory: RS 2 newColExprMap: {VALUE._col0=Column[_col1], VALUE._col3=Column[_col4], VALUE._col2=Column[_col3], VALUE._col1=Column[_col2], KEY.reducesinkkey0=Column[_col0]}
2024-04-23T20:51:08,201  INFO [main] optimizer.BucketVersionPopulator: not considering bucketingVersion for: TS[0] because it has -1<2 buckets 
2024-04-23T20:51:08,201  INFO [main] optimizer.SortedDynPartitionOptimizer: Sorted dynamic partitioning optimization kicked in..
2024-04-23T20:51:08,212  INFO [main] physical.Vectorizer: Examining input format to see if vectorization is enabled.
2024-04-23T20:51:08,213  INFO [main] physical.Vectorizer: Vectorization is enabled for input format(s) [org.apache.hadoop.hive.ql.io.orc.OrcInputFormat]
2024-04-23T20:51:08,213  INFO [main] physical.Vectorizer: Validating and vectorizing MapWork... (vectorizedVertexNum 0)
2024-04-23T20:51:08,213  INFO [main] physical.Vectorizer: Map vectorization enabled: true
2024-04-23T20:51:08,213  INFO [main] physical.Vectorizer: Map vectorized: false
2024-04-23T20:51:08,213  INFO [main] physical.Vectorizer: Map notVectorizedReason: Select expression for SELECT operator: Virtual column INPUT__FILE__NAME is not supported
2024-04-23T20:51:08,213  INFO [main] physical.Vectorizer: Map vectorizedVertexNum: 0
2024-04-23T20:51:08,213  INFO [main] physical.Vectorizer: Map enabledConditionsMet: [hive.vectorized.use.vectorized.input.format IS true]
2024-04-23T20:51:08,213  INFO [main] physical.Vectorizer: Map inputFileFormatClassNameSet: [org.apache.hadoop.hive.ql.io.orc.OrcInputFormat]
2024-04-23T20:51:08,213  INFO [main] physical.Vectorizer: Reduce vectorization enabled: false
2024-04-23T20:51:08,213  INFO [main] physical.Vectorizer: Reduce vectorized: false
2024-04-23T20:51:08,213  INFO [main] physical.Vectorizer: Reduce vectorizedVertexNum: 1
2024-04-23T20:51:08,213  INFO [main] physical.Vectorizer: Reducer hive.vectorized.execution.reduce.enabled: true
2024-04-23T20:51:08,213  INFO [main] physical.Vectorizer: Reducer engine: mr
2024-04-23T20:51:08,213  INFO [main] parse.CalcitePlanner: Completed plan generation
2024-04-23T20:51:08,213  INFO [main] parse.CalcitePlanner: Ending caching scope for: 
2024-04-23T20:51:08,213  INFO [main] ql.Driver: Semantic Analysis Completed (retrial = false)
2024-04-23T20:51:08,214  INFO [main] ql.Driver: Created Hive schema: Schema(fieldSchemas:[FieldSchema(name:row__id, type:struct<writeid:bigint,bucketid:int,rowid:bigint>, comment:null), FieldSchema(name:c1, type:int, comment:null), FieldSchema(name:c2, type:int, comment:null), FieldSchema(name:c3, type:int, comment:null), FieldSchema(name:input__file__name, type:string, comment:null)], properties:null)
2024-04-23T20:51:08,215  INFO [main] exec.ListSinkOperator: Initializing Operator: LIST_SINK[5]
2024-04-23T20:51:08,215  INFO [main] metadata.Hive: Dumping metastore api call timing information for : compilation phase
2024-04-23T20:51:08,215  INFO [main] metadata.Hive: Total time spent in each metastore function (ms): {getAggrColStatsFor_(String, String, List, List, String, String)=11, getValidWriteIds_(List, String)=3, getTable_(GetTableRequest)=9, isCompatibleWith_(Configuration)=0, commitTxn_(CommitTxnRequest)=14, listPartitions_(String, String, short)=22, openTxn_(String, TxnType)=10, getAllTableConstraints_(AllTableConstraintsRequest)=6, flushCache_()=0, getValidTxns_(long)=2}
2024-04-23T20:51:08,215  INFO [main] ql.Driver: Completed compiling command(queryId=alex_20240423205108_55f7584c-21e3-4ac2-a434-57d7376e0da9); Time taken: 0.164 seconds
2024-04-23T20:51:08,215  INFO [main] lockmgr.DbTxnManager: Setting lock request transaction to txnid:22 for queryId=alex_20240423205108_55f7584c-21e3-4ac2-a434-57d7376e0da9
2024-04-23T20:51:08,217  INFO [main] lockmgr.DbLockManager: Requesting lock for queryId=alex_20240423205108_55f7584c-21e3-4ac2-a434-57d7376e0da9
2024-04-23T20:51:08,236  INFO [main] lockmgr.DbLockManager: Response to queryId=alex_20240423205108_55f7584c-21e3-4ac2-a434-57d7376e0da9 LockResponse(lockid:14, state:ACQUIRED)
2024-04-23T20:51:08,236  INFO [main] ql.Driver: Operation QUERY obtained 1 locks
2024-04-23T20:51:08,237  INFO [main] ql.Driver: Executing command(queryId=alex_20240423205108_55f7584c-21e3-4ac2-a434-57d7376e0da9): select ROW__ID, c1, c2, c3, INPUT__FILE__NAME from nobuckets order by ROW__ID
2024-04-23T20:51:08,237  WARN [main] ql.Driver: Hive-on-MR is deprecated in Hive 2 and may not be available in the future versions. Consider using a different execution engine (i.e. spark, tez) or using Hive 1.X releases.
Query ID = alex_20240423205108_55f7584c-21e3-4ac2-a434-57d7376e0da9
2024-04-23T20:51:08,237  INFO [main] ql.Driver: Query ID = alex_20240423205108_55f7584c-21e3-4ac2-a434-57d7376e0da9
Total jobs = 1
2024-04-23T20:51:08,237  INFO [main] ql.Driver: Total jobs = 1
Launching Job 1 out of 1
2024-04-23T20:51:08,237  INFO [main] ql.Driver: Launching Job 1 out of 1
2024-04-23T20:51:08,392  INFO [main] ql.Driver: Starting task [Stage-1:MAPRED] in serial mode
Number of reduce tasks determined at compile time: 1
2024-04-23T20:51:08,393  INFO [main] exec.Task: Number of reduce tasks determined at compile time: 1
In order to change the average load for a reducer (in bytes):
2024-04-23T20:51:08,393  INFO [main] exec.Task: In order to change the average load for a reducer (in bytes):
  set hive.exec.reducers.bytes.per.reducer=<number>
2024-04-23T20:51:08,393  INFO [main] exec.Task:   set hive.exec.reducers.bytes.per.reducer=<number>
In order to limit the maximum number of reducers:
2024-04-23T20:51:08,393  INFO [main] exec.Task: In order to limit the maximum number of reducers:
  set hive.exec.reducers.max=<number>
2024-04-23T20:51:08,393  INFO [main] exec.Task:   set hive.exec.reducers.max=<number>
In order to set a constant number of reducers:
2024-04-23T20:51:08,393  INFO [main] exec.Task: In order to set a constant number of reducers:
  set mapreduce.job.reduces=<number>
2024-04-23T20:51:08,393  INFO [main] exec.Task:   set mapreduce.job.reduces=<number>
2024-04-23T20:51:08,395  INFO [main] mr.ExecDriver: Using org.apache.hadoop.hive.ql.io.HiveInputFormat
2024-04-23T20:51:08,396  INFO [main] exec.Utilities: Processing alias nobuckets
2024-04-23T20:51:08,396  INFO [main] exec.Utilities: Adding 7 inputs; the first input is file:/home/alex/Repositories/hive/ql/target/tmp/org.apache.hadoop.hive.ql.TestTxnNoBuckets-1713930630697/warehouse/nobuckets/c3=0
2024-04-23T20:51:08,406  INFO [main] exec.SerializationUtilities: Serializing MapWork using kryo
2024-04-23T20:51:08,407  INFO [main] exec.Utilities: Serialized plan (via FILE) - name: null size: 7,48KB
2024-04-23T20:51:08,412  INFO [main] exec.SerializationUtilities: Serializing ReduceWork using kryo
2024-04-23T20:51:08,413  INFO [main] exec.Utilities: Serialized plan (via FILE) - name: null size: 6,15KB
2024-04-23T20:51:08,413  WARN [main] impl.MetricsSystemImpl: JobTracker metrics system already initialized!
2024-04-23T20:51:08,420  WARN [main] impl.MetricsSystemImpl: JobTracker metrics system already initialized!
2024-04-23T20:51:08,428  WARN [main] mapreduce.JobResourceUploader: Hadoop command-line option parsing not performed. Implement the Tool interface and execute your application with ToolRunner to remedy this.
2024-04-23T20:51:08,432  WARN [main] mapreduce.JobResourceUploader: No job jar file set.  User classes may not be found. See Job or Job#setJar(String).
2024-04-23T20:51:08,433  INFO [main] io.HiveInputFormat: hive.io.file.readcolumn.ids = 0,1
2024-04-23T20:51:08,434  INFO [main] io.HiveInputFormat: hive.io.file.readcolumn.names = c1,c2
2024-04-23T20:51:08,434  INFO [main] io.HiveInputFormat: Generating splits for dirs: file:/home/alex/Repositories/hive/ql/target/tmp/org.apache.hadoop.hive.ql.TestTxnNoBuckets-1713930630697/warehouse/nobuckets/c3=0
2024-04-23T20:51:08,434  INFO [main] orc.OrcInputFormat: getSplits started
2024-04-23T20:51:08,434  INFO [main] orc.OrcInputFormat: Context:: isAcid: true isVectorMode: false sarg: null minSplitSize: 1 maxSplitSize: 256000000 splitStrategy: HYBRID footerInSplits: false numBuckets: 0 numThreads: 10 cacheMemSize: 268435456 cacheStripeDetails: true useSoftReference: false writeIdList: default.nobuckets:1:9223372036854775807:: isTransactionalTable: true txnProperties: default 
2024-04-23T20:51:08,434  INFO [main] orc.OrcInputFormat: ORC pushdown predicate: null
2024-04-23T20:51:08,452  INFO [main] orc.OrcInputFormat: FooterCacheHitRatio: 0/7
2024-04-23T20:51:08,452  INFO [main] orc.OrcInputFormat: getSplits finished (#splits: 7). duration: 18 ms
2024-04-23T20:51:08,452  INFO [main] io.HiveInputFormat: number of splits 7
2024-04-23T20:51:08,472  INFO [main] mapreduce.JobSubmitter: number of splits:7
2024-04-23T20:51:08,495  INFO [main] mapreduce.JobSubmitter: Submitting tokens for job: job_local465234597_0013
2024-04-23T20:51:08,495  INFO [main] mapreduce.JobSubmitter: Executing with tokens: []
2024-04-23T20:51:08,560  INFO [main] mapreduce.Job: The url to track the job: http://localhost:8080/
Job running in-process (local Hadoop)
2024-04-23T20:51:08,560  INFO [main] exec.Task: Job running in-process (local Hadoop)
2024-04-23T20:51:08,561  INFO [Thread-907] mapred.LocalJobRunner: OutputCommitter set in config org.apache.hadoop.hive.ql.io.HiveFileFormatUtils$NullOutputCommitter
2024-04-23T20:51:08,561  INFO [Thread-907] mapred.LocalJobRunner: OutputCommitter is org.apache.hadoop.hive.ql.io.HiveFileFormatUtils$NullOutputCommitter
2024-04-23T20:51:08,565  INFO [Thread-907] mapred.LocalJobRunner: Waiting for map tasks
2024-04-23T20:51:08,565  INFO [LocalJobRunner Map Task Executor #0] mapred.LocalJobRunner: Starting task: attempt_local465234597_0013_m_000000_0
2024-04-23T20:51:08,566  INFO [LocalJobRunner Map Task Executor #0] mapred.Task:  Using ResourceCalculatorProcessTree : [ ]
2024-04-23T20:51:08,567  INFO [LocalJobRunner Map Task Executor #0] mapred.MapTask: Processing split: org.apache.hadoop.hive.ql.io.orc.OrcInputFormat:OrcSplit [file:/home/alex/Repositories/hive/ql/target/tmp/org.apache.hadoop.hive.ql.TestTxnNoBuckets-1713930630697/warehouse/nobuckets/c3=3/delta_0000001_0000001_0000/bucket_00000_0, start=3, length=314, isOriginal=false, fileLength=679, hasFooter=false, hasBase=true, deltas=0]
2024-04-23T20:51:08,567  INFO [LocalJobRunner Map Task Executor #0] exec.SerializationUtilities: Deserializing MapWork using kryo
2024-04-23T20:51:08,568  INFO [LocalJobRunner Map Task Executor #0] exec.Utilities: Deserialized plan (via FILE) - name: null size: 7,48KB
2024-04-23T20:51:08,571  INFO [LocalJobRunner Map Task Executor #0] orc.OrcRawRecordMerger: min key = null, max key = null
2024-04-23T20:51:08,571  INFO [LocalJobRunner Map Task Executor #0] orc.ReaderImpl: Reading ORC rows from file:/home/alex/Repositories/hive/ql/target/tmp/org.apache.hadoop.hive.ql.TestTxnNoBuckets-1713930630697/warehouse/nobuckets/c3=3/delta_0000001_0000001_0000/bucket_00000_0 with {include: [true, true, true], offset: 3, length: 314, schema: struct<c1:int,c2:int>, includeAcidColumns: true}
2024-04-23T20:51:08,572  INFO [LocalJobRunner Map Task Executor #0] orc.OrcRawRecordMerger: updated min key = null, max key = null
2024-04-23T20:51:08,572  INFO [LocalJobRunner Map Task Executor #0] mapred.MapTask: numReduceTasks: 1
2024-04-23T20:51:08,585  INFO [LocalJobRunner Map Task Executor #0] mapred.MapTask: (EQUATOR) 0 kvi 26214396(104857584)
2024-04-23T20:51:08,585  INFO [LocalJobRunner Map Task Executor #0] mapred.MapTask: mapreduce.task.io.sort.mb: 100
2024-04-23T20:51:08,586  INFO [LocalJobRunner Map Task Executor #0] mapred.MapTask: soft limit at 83886080
2024-04-23T20:51:08,586  INFO [LocalJobRunner Map Task Executor #0] mapred.MapTask: bufstart = 0; bufvoid = 104857600
2024-04-23T20:51:08,586  INFO [LocalJobRunner Map Task Executor #0] mapred.MapTask: kvstart = 26214396; length = 6553600
2024-04-23T20:51:08,586  INFO [LocalJobRunner Map Task Executor #0] mapred.MapTask: Map output collector class = org.apache.hadoop.mapred.MapTask$MapOutputBuffer
2024-04-23T20:51:08,586  INFO [LocalJobRunner Map Task Executor #0] exec.MapOperator: Initializing Operator: MAP[0]
2024-04-23T20:51:08,591  INFO [LocalJobRunner Map Task Executor #0] mr.ExecMapper: 
<MAP>Id =0
  <Children>null
  <\Children>
  <Parent><\Parent>
<\MAP>
2024-04-23T20:51:08,591  INFO [LocalJobRunner Map Task Executor #0] exec.TableScanOperator: Initializing Operator: TS[0]
2024-04-23T20:51:08,592  INFO [LocalJobRunner Map Task Executor #0] exec.SelectOperator: Initializing Operator: SEL[1]
2024-04-23T20:51:08,592  INFO [LocalJobRunner Map Task Executor #0] exec.SelectOperator: SELECT struct<c1:int,c2:int,c3:int,row__id:struct<writeid:bigint,bucketid:int,rowid:bigint>,input__file__name:string>
2024-04-23T20:51:08,592  INFO [LocalJobRunner Map Task Executor #0] exec.ReduceSinkOperator: Initializing Operator: RS[2]
2024-04-23T20:51:08,592  INFO [LocalJobRunner Map Task Executor #0] exec.ReduceSinkOperator: Using tag = -1
2024-04-23T20:51:08,592  INFO [LocalJobRunner Map Task Executor #0] exec.ReduceSinkOperator: keys are [reducesinkkey0] num distributions: 1
2024-04-23T20:51:08,593  INFO [LocalJobRunner Map Task Executor #0] exec.ReduceSinkOperator: RS[2]: records written - 1
2024-04-23T20:51:08,593  INFO [LocalJobRunner Map Task Executor #0] exec.MapOperator: MAP[0]: records read - 1
2024-04-23T20:51:08,593  INFO [LocalJobRunner Map Task Executor #0] exec.MapOperator: Closing Operator: MAP[0]
2024-04-23T20:51:08,593  INFO [LocalJobRunner Map Task Executor #0] exec.MapOperator: MAP[0]: Total records read - 2. abort - false
2024-04-23T20:51:08,593  INFO [LocalJobRunner Map Task Executor #0] exec.MapOperator: DESERIALIZE_ERRORS:0, RECORDS_IN:2, RECORDS_OUT_INTERMEDIATE:0, RECORDS_OUT_OPERATOR_MAP_0:0, 
2024-04-23T20:51:08,593  INFO [LocalJobRunner Map Task Executor #0] exec.TableScanOperator: Closing Operator: TS[0]
2024-04-23T20:51:08,593  INFO [LocalJobRunner Map Task Executor #0] exec.TableScanOperator: RECORDS_OUT_INTERMEDIATE:0, RECORDS_OUT_OPERATOR_TS_0:2, 
2024-04-23T20:51:08,593  INFO [LocalJobRunner Map Task Executor #0] exec.SelectOperator: Closing Operator: SEL[1]
2024-04-23T20:51:08,593  INFO [LocalJobRunner Map Task Executor #0] exec.SelectOperator: RECORDS_OUT_OPERATOR_SEL_1:2, RECORDS_OUT_INTERMEDIATE:0, 
2024-04-23T20:51:08,593  INFO [LocalJobRunner Map Task Executor #0] exec.ReduceSinkOperator: Closing Operator: RS[2]
2024-04-23T20:51:08,593  INFO [LocalJobRunner Map Task Executor #0] exec.ReduceSinkOperator: RS[2]: Total records written - 2. abort - false
2024-04-23T20:51:08,593  INFO [LocalJobRunner Map Task Executor #0] exec.ReduceSinkOperator: RECORDS_OUT_INTERMEDIATE:2, RECORDS_OUT_OPERATOR_RS_2:2, 
2024-04-23T20:51:08,594  INFO [LocalJobRunner Map Task Executor #0] mapred.LocalJobRunner: 
2024-04-23T20:51:08,594  INFO [LocalJobRunner Map Task Executor #0] mapred.MapTask: Starting flush of map output
2024-04-23T20:51:08,594  INFO [LocalJobRunner Map Task Executor #0] mapred.MapTask: Spilling map output
2024-04-23T20:51:08,594  INFO [LocalJobRunner Map Task Executor #0] mapred.MapTask: bufstart = 0; bufend = 420; bufvoid = 104857600
2024-04-23T20:51:08,594  INFO [LocalJobRunner Map Task Executor #0] mapred.MapTask: kvstart = 26214396(104857584); kvend = 26214392(104857568); length = 5/6553600
2024-04-23T20:51:08,604  INFO [LocalJobRunner Map Task Executor #0] mapred.MapTask: Finished spill 0
2024-04-23T20:51:08,608  INFO [LocalJobRunner Map Task Executor #0] mapred.Task: Task:attempt_local465234597_0013_m_000000_0 is done. And is in the process of committing
2024-04-23T20:51:08,609  INFO [LocalJobRunner Map Task Executor #0] mapred.LocalJobRunner: OrcSplit [file:/home/alex/Repositories/hive/ql/target/tmp/org.apache.hadoop.hive.ql.TestTxnNoBuckets-1713930630697/warehouse/nobuckets/c3=3/delta_0000001_0000001_0000/bucket_00000_0, start=3, length=314, isOriginal=false, fileLength=679, hasFooter=false, hasBase=true, deltas=0]
2024-04-23T20:51:08,609  INFO [LocalJobRunner Map Task Executor #0] mapred.Task: Task 'attempt_local465234597_0013_m_000000_0' done.
2024-04-23T20:51:08,609  INFO [LocalJobRunner Map Task Executor #0] mapred.Task: Final Counters for attempt_local465234597_0013_m_000000_0: Counters: 24
	File System Counters
		FILE: Number of bytes read=303802
		FILE: Number of bytes written=15642892
		FILE: Number of read operations=0
		FILE: Number of large read operations=0
		FILE: Number of write operations=0
	Map-Reduce Framework
		Map input records=2
		Map output records=2
		Map output bytes=420
		Map output materialized bytes=432
		Input split bytes=511
		Combine input records=0
		Spilled Records=2
		Failed Shuffles=0
		Merged Map outputs=0
		GC time elapsed (ms)=6
		Total committed heap usage (bytes)=1098383360
	HIVE
		DESERIALIZE_ERRORS=0
		RECORDS_IN=2
		RECORDS_OUT_INTERMEDIATE=2
		RECORDS_OUT_OPERATOR_MAP_0=0
		RECORDS_OUT_OPERATOR_RS_2=2
		RECORDS_OUT_OPERATOR_SEL_1=2
		RECORDS_OUT_OPERATOR_TS_0=2
	File Input Format Counters 
		Bytes Read=10350
2024-04-23T20:51:08,609  INFO [LocalJobRunner Map Task Executor #0] mapred.LocalJobRunner: Finishing task: attempt_local465234597_0013_m_000000_0
2024-04-23T20:51:08,609  INFO [LocalJobRunner Map Task Executor #0] mapred.LocalJobRunner: Starting task: attempt_local465234597_0013_m_000001_0
2024-04-23T20:51:08,610  INFO [LocalJobRunner Map Task Executor #0] mapred.Task:  Using ResourceCalculatorProcessTree : [ ]
2024-04-23T20:51:08,610  INFO [LocalJobRunner Map Task Executor #0] mapred.MapTask: Processing split: org.apache.hadoop.hive.ql.io.orc.OrcInputFormat:OrcSplit [file:/home/alex/Repositories/hive/ql/target/tmp/org.apache.hadoop.hive.ql.TestTxnNoBuckets-1713930630697/warehouse/nobuckets/c3=5/delta_0000001_0000001_0000/bucket_00000_0, start=3, length=309, isOriginal=false, fileLength=664, hasFooter=false, hasBase=true, deltas=0]
2024-04-23T20:51:08,611  INFO [LocalJobRunner Map Task Executor #0] exec.SerializationUtilities: Deserializing MapWork using kryo
2024-04-23T20:51:08,611  INFO [LocalJobRunner Map Task Executor #0] exec.Utilities: Deserialized plan (via FILE) - name: null size: 7,48KB
2024-04-23T20:51:08,613  INFO [LocalJobRunner Map Task Executor #0] orc.OrcRawRecordMerger: min key = null, max key = null
2024-04-23T20:51:08,613  INFO [LocalJobRunner Map Task Executor #0] orc.ReaderImpl: Reading ORC rows from file:/home/alex/Repositories/hive/ql/target/tmp/org.apache.hadoop.hive.ql.TestTxnNoBuckets-1713930630697/warehouse/nobuckets/c3=5/delta_0000001_0000001_0000/bucket_00000_0 with {include: [true, true, true], offset: 3, length: 309, schema: struct<c1:int,c2:int>, includeAcidColumns: true}
2024-04-23T20:51:08,614  INFO [LocalJobRunner Map Task Executor #0] orc.OrcRawRecordMerger: updated min key = null, max key = null
2024-04-23T20:51:08,614  INFO [LocalJobRunner Map Task Executor #0] mapred.MapTask: numReduceTasks: 1
2024-04-23T20:51:08,619  INFO [LocalJobRunner Map Task Executor #0] mapred.MapTask: (EQUATOR) 0 kvi 26214396(104857584)
2024-04-23T20:51:08,619  INFO [LocalJobRunner Map Task Executor #0] mapred.MapTask: mapreduce.task.io.sort.mb: 100
2024-04-23T20:51:08,619  INFO [LocalJobRunner Map Task Executor #0] mapred.MapTask: soft limit at 83886080
2024-04-23T20:51:08,619  INFO [LocalJobRunner Map Task Executor #0] mapred.MapTask: bufstart = 0; bufvoid = 104857600
2024-04-23T20:51:08,619  INFO [LocalJobRunner Map Task Executor #0] mapred.MapTask: kvstart = 26214396; length = 6553600
2024-04-23T20:51:08,620  INFO [LocalJobRunner Map Task Executor #0] mapred.MapTask: Map output collector class = org.apache.hadoop.mapred.MapTask$MapOutputBuffer
2024-04-23T20:51:08,620  INFO [LocalJobRunner Map Task Executor #0] exec.MapOperator: Initializing Operator: MAP[0]
2024-04-23T20:51:08,624  INFO [LocalJobRunner Map Task Executor #0] mr.ExecMapper: 
<MAP>Id =0
  <Children>null
  <\Children>
  <Parent><\Parent>
<\MAP>
2024-04-23T20:51:08,625  INFO [LocalJobRunner Map Task Executor #0] exec.TableScanOperator: Initializing Operator: TS[0]
2024-04-23T20:51:08,625  INFO [LocalJobRunner Map Task Executor #0] exec.SelectOperator: Initializing Operator: SEL[1]
2024-04-23T20:51:08,625  INFO [LocalJobRunner Map Task Executor #0] exec.SelectOperator: SELECT struct<c1:int,c2:int,c3:int,row__id:struct<writeid:bigint,bucketid:int,rowid:bigint>,input__file__name:string>
2024-04-23T20:51:08,625  INFO [LocalJobRunner Map Task Executor #0] exec.ReduceSinkOperator: Initializing Operator: RS[2]
2024-04-23T20:51:08,625  INFO [LocalJobRunner Map Task Executor #0] exec.ReduceSinkOperator: Using tag = -1
2024-04-23T20:51:08,626  INFO [LocalJobRunner Map Task Executor #0] exec.ReduceSinkOperator: keys are [reducesinkkey0] num distributions: 1
2024-04-23T20:51:08,626  INFO [LocalJobRunner Map Task Executor #0] exec.ReduceSinkOperator: RS[2]: records written - 1
2024-04-23T20:51:08,626  INFO [LocalJobRunner Map Task Executor #0] exec.MapOperator: MAP[0]: records read - 1
2024-04-23T20:51:08,626  INFO [LocalJobRunner Map Task Executor #0] exec.MapOperator: Closing Operator: MAP[0]
2024-04-23T20:51:08,626  INFO [LocalJobRunner Map Task Executor #0] exec.MapOperator: MAP[0]: Total records read - 1. abort - false
2024-04-23T20:51:08,626  INFO [LocalJobRunner Map Task Executor #0] exec.MapOperator: RECORDS_OUT_INTERMEDIATE:0, RECORDS_OUT_OPERATOR_MAP_0:0, RECORDS_IN:1, DESERIALIZE_ERRORS:0, 
2024-04-23T20:51:08,626  INFO [LocalJobRunner Map Task Executor #0] exec.TableScanOperator: Closing Operator: TS[0]
2024-04-23T20:51:08,626  INFO [LocalJobRunner Map Task Executor #0] exec.TableScanOperator: RECORDS_OUT_INTERMEDIATE:0, RECORDS_OUT_OPERATOR_TS_0:1, 
2024-04-23T20:51:08,627  INFO [LocalJobRunner Map Task Executor #0] exec.SelectOperator: Closing Operator: SEL[1]
2024-04-23T20:51:08,627  INFO [LocalJobRunner Map Task Executor #0] exec.SelectOperator: RECORDS_OUT_INTERMEDIATE:0, RECORDS_OUT_OPERATOR_SEL_1:1, 
2024-04-23T20:51:08,627  INFO [LocalJobRunner Map Task Executor #0] exec.ReduceSinkOperator: Closing Operator: RS[2]
2024-04-23T20:51:08,627  INFO [LocalJobRunner Map Task Executor #0] exec.ReduceSinkOperator: RS[2]: Total records written - 1. abort - false
2024-04-23T20:51:08,627  INFO [LocalJobRunner Map Task Executor #0] exec.ReduceSinkOperator: RECORDS_OUT_INTERMEDIATE:1, RECORDS_OUT_OPERATOR_RS_2:1, 
2024-04-23T20:51:08,627  INFO [LocalJobRunner Map Task Executor #0] mapred.LocalJobRunner: 
2024-04-23T20:51:08,627  INFO [LocalJobRunner Map Task Executor #0] mapred.MapTask: Starting flush of map output
2024-04-23T20:51:08,627  INFO [LocalJobRunner Map Task Executor #0] mapred.MapTask: Spilling map output
2024-04-23T20:51:08,627  INFO [LocalJobRunner Map Task Executor #0] mapred.MapTask: bufstart = 0; bufend = 210; bufvoid = 104857600
2024-04-23T20:51:08,627  INFO [LocalJobRunner Map Task Executor #0] mapred.MapTask: kvstart = 26214396(104857584); kvend = 26214396(104857584); length = 1/6553600
2024-04-23T20:51:08,635  INFO [LocalJobRunner Map Task Executor #0] mapred.MapTask: Finished spill 0
2024-04-23T20:51:08,638  INFO [LocalJobRunner Map Task Executor #0] mapred.Task: Task:attempt_local465234597_0013_m_000001_0 is done. And is in the process of committing
2024-04-23T20:51:08,639  INFO [LocalJobRunner Map Task Executor #0] mapred.LocalJobRunner: OrcSplit [file:/home/alex/Repositories/hive/ql/target/tmp/org.apache.hadoop.hive.ql.TestTxnNoBuckets-1713930630697/warehouse/nobuckets/c3=5/delta_0000001_0000001_0000/bucket_00000_0, start=3, length=309, isOriginal=false, fileLength=664, hasFooter=false, hasBase=true, deltas=0]
2024-04-23T20:51:08,639  INFO [LocalJobRunner Map Task Executor #0] mapred.Task: Task 'attempt_local465234597_0013_m_000001_0' done.
2024-04-23T20:51:08,639  INFO [LocalJobRunner Map Task Executor #0] mapred.Task: Final Counters for attempt_local465234597_0013_m_000001_0: Counters: 24
	File System Counters
		FILE: Number of bytes read=317200
		FILE: Number of bytes written=15643143
		FILE: Number of read operations=0
		FILE: Number of large read operations=0
		FILE: Number of write operations=0
	Map-Reduce Framework
		Map input records=1
		Map output records=1
		Map output bytes=210
		Map output materialized bytes=219
		Input split bytes=511
		Combine input records=0
		Spilled Records=1
		Failed Shuffles=0
		Merged Map outputs=0
		GC time elapsed (ms)=0
		Total committed heap usage (bytes)=1098383360
	HIVE
		DESERIALIZE_ERRORS=0
		RECORDS_IN=1
		RECORDS_OUT_INTERMEDIATE=1
		RECORDS_OUT_OPERATOR_MAP_0=0
		RECORDS_OUT_OPERATOR_RS_2=1
		RECORDS_OUT_OPERATOR_SEL_1=1
		RECORDS_OUT_OPERATOR_TS_0=1
	File Input Format Counters 
		Bytes Read=10290
2024-04-23T20:51:08,639  INFO [LocalJobRunner Map Task Executor #0] mapred.LocalJobRunner: Finishing task: attempt_local465234597_0013_m_000001_0
2024-04-23T20:51:08,639  INFO [LocalJobRunner Map Task Executor #0] mapred.LocalJobRunner: Starting task: attempt_local465234597_0013_m_000002_0
2024-04-23T20:51:08,640  INFO [LocalJobRunner Map Task Executor #0] mapred.Task:  Using ResourceCalculatorProcessTree : [ ]
2024-04-23T20:51:08,640  INFO [LocalJobRunner Map Task Executor #0] mapred.MapTask: Processing split: org.apache.hadoop.hive.ql.io.orc.OrcInputFormat:OrcSplit [file:/home/alex/Repositories/hive/ql/target/tmp/org.apache.hadoop.hive.ql.TestTxnNoBuckets-1713930630697/warehouse/nobuckets/c3=1/delta_0000001_0000001_0000/bucket_00000_0, start=3, length=309, isOriginal=false, fileLength=655, hasFooter=false, hasBase=true, deltas=0]
2024-04-23T20:51:08,640  INFO [LocalJobRunner Map Task Executor #0] exec.SerializationUtilities: Deserializing MapWork using kryo
2024-04-23T20:51:08,641  INFO [LocalJobRunner Map Task Executor #0] exec.Utilities: Deserialized plan (via FILE) - name: null size: 7,48KB
2024-04-23T20:51:08,642  INFO [LocalJobRunner Map Task Executor #0] orc.OrcRawRecordMerger: min key = null, max key = null
2024-04-23T20:51:08,642  INFO [LocalJobRunner Map Task Executor #0] orc.ReaderImpl: Reading ORC rows from file:/home/alex/Repositories/hive/ql/target/tmp/org.apache.hadoop.hive.ql.TestTxnNoBuckets-1713930630697/warehouse/nobuckets/c3=1/delta_0000001_0000001_0000/bucket_00000_0 with {include: [true, true, true], offset: 3, length: 309, schema: struct<c1:int,c2:int>, includeAcidColumns: true}
2024-04-23T20:51:08,643  INFO [LocalJobRunner Map Task Executor #0] orc.OrcRawRecordMerger: updated min key = null, max key = null
2024-04-23T20:51:08,643  INFO [LocalJobRunner Map Task Executor #0] mapred.MapTask: numReduceTasks: 1
2024-04-23T20:51:08,647  INFO [LocalJobRunner Map Task Executor #0] mapred.MapTask: (EQUATOR) 0 kvi 26214396(104857584)
2024-04-23T20:51:08,648  INFO [LocalJobRunner Map Task Executor #0] mapred.MapTask: mapreduce.task.io.sort.mb: 100
2024-04-23T20:51:08,648  INFO [LocalJobRunner Map Task Executor #0] mapred.MapTask: soft limit at 83886080
2024-04-23T20:51:08,648  INFO [LocalJobRunner Map Task Executor #0] mapred.MapTask: bufstart = 0; bufvoid = 104857600
2024-04-23T20:51:08,648  INFO [LocalJobRunner Map Task Executor #0] mapred.MapTask: kvstart = 26214396; length = 6553600
2024-04-23T20:51:08,648  INFO [LocalJobRunner Map Task Executor #0] mapred.MapTask: Map output collector class = org.apache.hadoop.mapred.MapTask$MapOutputBuffer
2024-04-23T20:51:08,648  INFO [LocalJobRunner Map Task Executor #0] exec.MapOperator: Initializing Operator: MAP[0]
2024-04-23T20:51:08,653  INFO [LocalJobRunner Map Task Executor #0] mr.ExecMapper: 
<MAP>Id =0
  <Children>null
  <\Children>
  <Parent><\Parent>
<\MAP>
2024-04-23T20:51:08,654  INFO [LocalJobRunner Map Task Executor #0] exec.TableScanOperator: Initializing Operator: TS[0]
2024-04-23T20:51:08,654  INFO [LocalJobRunner Map Task Executor #0] exec.SelectOperator: Initializing Operator: SEL[1]
2024-04-23T20:51:08,654  INFO [LocalJobRunner Map Task Executor #0] exec.SelectOperator: SELECT struct<c1:int,c2:int,c3:int,row__id:struct<writeid:bigint,bucketid:int,rowid:bigint>,input__file__name:string>
2024-04-23T20:51:08,654  INFO [LocalJobRunner Map Task Executor #0] exec.ReduceSinkOperator: Initializing Operator: RS[2]
2024-04-23T20:51:08,654  INFO [LocalJobRunner Map Task Executor #0] exec.ReduceSinkOperator: Using tag = -1
2024-04-23T20:51:08,654  INFO [LocalJobRunner Map Task Executor #0] exec.ReduceSinkOperator: keys are [reducesinkkey0] num distributions: 1
2024-04-23T20:51:08,655  INFO [LocalJobRunner Map Task Executor #0] exec.ReduceSinkOperator: RS[2]: records written - 1
2024-04-23T20:51:08,655  INFO [LocalJobRunner Map Task Executor #0] exec.MapOperator: MAP[0]: records read - 1
2024-04-23T20:51:08,655  INFO [LocalJobRunner Map Task Executor #0] exec.MapOperator: Closing Operator: MAP[0]
2024-04-23T20:51:08,655  INFO [LocalJobRunner Map Task Executor #0] exec.MapOperator: MAP[0]: Total records read - 1. abort - false
2024-04-23T20:51:08,655  INFO [LocalJobRunner Map Task Executor #0] exec.MapOperator: RECORDS_OUT_INTERMEDIATE:0, RECORDS_IN:1, RECORDS_OUT_OPERATOR_MAP_0:0, DESERIALIZE_ERRORS:0, 
2024-04-23T20:51:08,655  INFO [LocalJobRunner Map Task Executor #0] exec.TableScanOperator: Closing Operator: TS[0]
2024-04-23T20:51:08,655  INFO [LocalJobRunner Map Task Executor #0] exec.TableScanOperator: RECORDS_OUT_OPERATOR_TS_0:1, RECORDS_OUT_INTERMEDIATE:0, 
2024-04-23T20:51:08,655  INFO [LocalJobRunner Map Task Executor #0] exec.SelectOperator: Closing Operator: SEL[1]
2024-04-23T20:51:08,655  INFO [LocalJobRunner Map Task Executor #0] exec.SelectOperator: RECORDS_OUT_INTERMEDIATE:0, RECORDS_OUT_OPERATOR_SEL_1:1, 
2024-04-23T20:51:08,655  INFO [LocalJobRunner Map Task Executor #0] exec.ReduceSinkOperator: Closing Operator: RS[2]
2024-04-23T20:51:08,655  INFO [LocalJobRunner Map Task Executor #0] exec.ReduceSinkOperator: RS[2]: Total records written - 1. abort - false
2024-04-23T20:51:08,655  INFO [LocalJobRunner Map Task Executor #0] exec.ReduceSinkOperator: RECORDS_OUT_OPERATOR_RS_2:1, RECORDS_OUT_INTERMEDIATE:1, 
2024-04-23T20:51:08,656  INFO [LocalJobRunner Map Task Executor #0] mapred.LocalJobRunner: 
2024-04-23T20:51:08,656  INFO [LocalJobRunner Map Task Executor #0] mapred.MapTask: Starting flush of map output
2024-04-23T20:51:08,656  INFO [LocalJobRunner Map Task Executor #0] mapred.MapTask: Spilling map output
2024-04-23T20:51:08,656  INFO [LocalJobRunner Map Task Executor #0] mapred.MapTask: bufstart = 0; bufend = 210; bufvoid = 104857600
2024-04-23T20:51:08,656  INFO [LocalJobRunner Map Task Executor #0] mapred.MapTask: kvstart = 26214396(104857584); kvend = 26214396(104857584); length = 1/6553600
2024-04-23T20:51:08,664  INFO [LocalJobRunner Map Task Executor #0] mapred.MapTask: Finished spill 0
2024-04-23T20:51:08,667  INFO [LocalJobRunner Map Task Executor #0] mapred.Task: Task:attempt_local465234597_0013_m_000002_0 is done. And is in the process of committing
2024-04-23T20:51:08,667  INFO [LocalJobRunner Map Task Executor #0] mapred.LocalJobRunner: OrcSplit [file:/home/alex/Repositories/hive/ql/target/tmp/org.apache.hadoop.hive.ql.TestTxnNoBuckets-1713930630697/warehouse/nobuckets/c3=1/delta_0000001_0000001_0000/bucket_00000_0, start=3, length=309, isOriginal=false, fileLength=655, hasFooter=false, hasBase=true, deltas=0]
2024-04-23T20:51:08,667  INFO [LocalJobRunner Map Task Executor #0] mapred.Task: Task 'attempt_local465234597_0013_m_000002_0' done.
2024-04-23T20:51:08,668  INFO [LocalJobRunner Map Task Executor #0] mapred.Task: Final Counters for attempt_local465234597_0013_m_000002_0: Counters: 24
	File System Counters
		FILE: Number of bytes read=330050
		FILE: Number of bytes written=15643394
		FILE: Number of read operations=0
		FILE: Number of large read operations=0
		FILE: Number of write operations=0
	Map-Reduce Framework
		Map input records=1
		Map output records=1
		Map output bytes=210
		Map output materialized bytes=219
		Input split bytes=511
		Combine input records=0
		Spilled Records=1
		Failed Shuffles=0
		Merged Map outputs=0
		GC time elapsed (ms)=0
		Total committed heap usage (bytes)=1098383360
	HIVE
		DESERIALIZE_ERRORS=0
		RECORDS_IN=1
		RECORDS_OUT_INTERMEDIATE=1
		RECORDS_OUT_OPERATOR_MAP_0=0
		RECORDS_OUT_OPERATOR_RS_2=1
		RECORDS_OUT_OPERATOR_SEL_1=1
		RECORDS_OUT_OPERATOR_TS_0=1
	File Input Format Counters 
		Bytes Read=10254
2024-04-23T20:51:08,668  INFO [LocalJobRunner Map Task Executor #0] mapred.LocalJobRunner: Finishing task: attempt_local465234597_0013_m_000002_0
2024-04-23T20:51:08,668  INFO [LocalJobRunner Map Task Executor #0] mapred.LocalJobRunner: Starting task: attempt_local465234597_0013_m_000003_0
2024-04-23T20:51:08,668  INFO [LocalJobRunner Map Task Executor #0] mapred.Task:  Using ResourceCalculatorProcessTree : [ ]
2024-04-23T20:51:08,669  INFO [LocalJobRunner Map Task Executor #0] mapred.MapTask: Processing split: org.apache.hadoop.hive.ql.io.orc.OrcInputFormat:OrcSplit [file:/home/alex/Repositories/hive/ql/target/tmp/org.apache.hadoop.hive.ql.TestTxnNoBuckets-1713930630697/warehouse/nobuckets/c3=6/delta_0000001_0000001_0000/bucket_00000_0, start=3, length=309, isOriginal=false, fileLength=665, hasFooter=false, hasBase=true, deltas=0]
2024-04-23T20:51:08,669  INFO [LocalJobRunner Map Task Executor #0] exec.SerializationUtilities: Deserializing MapWork using kryo
2024-04-23T20:51:08,670  INFO [LocalJobRunner Map Task Executor #0] exec.Utilities: Deserialized plan (via FILE) - name: null size: 7,48KB
2024-04-23T20:51:08,671  INFO [LocalJobRunner Map Task Executor #0] orc.OrcRawRecordMerger: min key = null, max key = null
2024-04-23T20:51:08,671  INFO [LocalJobRunner Map Task Executor #0] orc.ReaderImpl: Reading ORC rows from file:/home/alex/Repositories/hive/ql/target/tmp/org.apache.hadoop.hive.ql.TestTxnNoBuckets-1713930630697/warehouse/nobuckets/c3=6/delta_0000001_0000001_0000/bucket_00000_0 with {include: [true, true, true], offset: 3, length: 309, schema: struct<c1:int,c2:int>, includeAcidColumns: true}
2024-04-23T20:51:08,672  INFO [LocalJobRunner Map Task Executor #0] orc.OrcRawRecordMerger: updated min key = null, max key = null
2024-04-23T20:51:08,673  INFO [LocalJobRunner Map Task Executor #0] mapred.MapTask: numReduceTasks: 1
2024-04-23T20:51:08,677  INFO [LocalJobRunner Map Task Executor #0] mapred.MapTask: (EQUATOR) 0 kvi 26214396(104857584)
2024-04-23T20:51:08,677  INFO [LocalJobRunner Map Task Executor #0] mapred.MapTask: mapreduce.task.io.sort.mb: 100
2024-04-23T20:51:08,677  INFO [LocalJobRunner Map Task Executor #0] mapred.MapTask: soft limit at 83886080
2024-04-23T20:51:08,677  INFO [LocalJobRunner Map Task Executor #0] mapred.MapTask: bufstart = 0; bufvoid = 104857600
2024-04-23T20:51:08,677  INFO [LocalJobRunner Map Task Executor #0] mapred.MapTask: kvstart = 26214396; length = 6553600
2024-04-23T20:51:08,677  INFO [LocalJobRunner Map Task Executor #0] mapred.MapTask: Map output collector class = org.apache.hadoop.mapred.MapTask$MapOutputBuffer
2024-04-23T20:51:08,678  INFO [LocalJobRunner Map Task Executor #0] exec.MapOperator: Initializing Operator: MAP[0]
2024-04-23T20:51:08,681  INFO [LocalJobRunner Map Task Executor #0] mr.ExecMapper: 
<MAP>Id =0
  <Children>null
  <\Children>
  <Parent><\Parent>
<\MAP>
2024-04-23T20:51:08,682  INFO [LocalJobRunner Map Task Executor #0] exec.TableScanOperator: Initializing Operator: TS[0]
2024-04-23T20:51:08,682  INFO [LocalJobRunner Map Task Executor #0] exec.SelectOperator: Initializing Operator: SEL[1]
2024-04-23T20:51:08,682  INFO [LocalJobRunner Map Task Executor #0] exec.SelectOperator: SELECT struct<c1:int,c2:int,c3:int,row__id:struct<writeid:bigint,bucketid:int,rowid:bigint>,input__file__name:string>
2024-04-23T20:51:08,682  INFO [LocalJobRunner Map Task Executor #0] exec.ReduceSinkOperator: Initializing Operator: RS[2]
2024-04-23T20:51:08,682  INFO [LocalJobRunner Map Task Executor #0] exec.ReduceSinkOperator: Using tag = -1
2024-04-23T20:51:08,682  INFO [LocalJobRunner Map Task Executor #0] exec.ReduceSinkOperator: keys are [reducesinkkey0] num distributions: 1
2024-04-23T20:51:08,682  INFO [LocalJobRunner Map Task Executor #0] exec.ReduceSinkOperator: RS[2]: records written - 1
2024-04-23T20:51:08,682  INFO [LocalJobRunner Map Task Executor #0] exec.MapOperator: MAP[0]: records read - 1
2024-04-23T20:51:08,682  INFO [LocalJobRunner Map Task Executor #0] exec.MapOperator: Closing Operator: MAP[0]
2024-04-23T20:51:08,682  INFO [LocalJobRunner Map Task Executor #0] exec.MapOperator: MAP[0]: Total records read - 1. abort - false
2024-04-23T20:51:08,683  INFO [LocalJobRunner Map Task Executor #0] exec.MapOperator: RECORDS_OUT_INTERMEDIATE:0, DESERIALIZE_ERRORS:0, RECORDS_OUT_OPERATOR_MAP_0:0, RECORDS_IN:1, 
2024-04-23T20:51:08,683  INFO [LocalJobRunner Map Task Executor #0] exec.TableScanOperator: Closing Operator: TS[0]
2024-04-23T20:51:08,683  INFO [LocalJobRunner Map Task Executor #0] exec.TableScanOperator: RECORDS_OUT_INTERMEDIATE:0, RECORDS_OUT_OPERATOR_TS_0:1, 
2024-04-23T20:51:08,683  INFO [LocalJobRunner Map Task Executor #0] exec.SelectOperator: Closing Operator: SEL[1]
2024-04-23T20:51:08,683  INFO [LocalJobRunner Map Task Executor #0] exec.SelectOperator: RECORDS_OUT_INTERMEDIATE:0, RECORDS_OUT_OPERATOR_SEL_1:1, 
2024-04-23T20:51:08,683  INFO [LocalJobRunner Map Task Executor #0] exec.ReduceSinkOperator: Closing Operator: RS[2]
2024-04-23T20:51:08,683  INFO [LocalJobRunner Map Task Executor #0] exec.ReduceSinkOperator: RS[2]: Total records written - 1. abort - false
2024-04-23T20:51:08,683  INFO [LocalJobRunner Map Task Executor #0] exec.ReduceSinkOperator: RECORDS_OUT_OPERATOR_RS_2:1, RECORDS_OUT_INTERMEDIATE:1, 
2024-04-23T20:51:08,683  INFO [LocalJobRunner Map Task Executor #0] mapred.LocalJobRunner: 
2024-04-23T20:51:08,683  INFO [LocalJobRunner Map Task Executor #0] mapred.MapTask: Starting flush of map output
2024-04-23T20:51:08,683  INFO [LocalJobRunner Map Task Executor #0] mapred.MapTask: Spilling map output
2024-04-23T20:51:08,683  INFO [LocalJobRunner Map Task Executor #0] mapred.MapTask: bufstart = 0; bufend = 210; bufvoid = 104857600
2024-04-23T20:51:08,683  INFO [LocalJobRunner Map Task Executor #0] mapred.MapTask: kvstart = 26214396(104857584); kvend = 26214396(104857584); length = 1/6553600
2024-04-23T20:51:08,691  INFO [LocalJobRunner Map Task Executor #0] mapred.MapTask: Finished spill 0
2024-04-23T20:51:08,694  INFO [LocalJobRunner Map Task Executor #0] mapred.Task: Task:attempt_local465234597_0013_m_000003_0 is done. And is in the process of committing
2024-04-23T20:51:08,695  INFO [LocalJobRunner Map Task Executor #0] mapred.LocalJobRunner: OrcSplit [file:/home/alex/Repositories/hive/ql/target/tmp/org.apache.hadoop.hive.ql.TestTxnNoBuckets-1713930630697/warehouse/nobuckets/c3=6/delta_0000001_0000001_0000/bucket_00000_0, start=3, length=309, isOriginal=false, fileLength=665, hasFooter=false, hasBase=true, deltas=0]
2024-04-23T20:51:08,695  INFO [LocalJobRunner Map Task Executor #0] mapred.Task: Task 'attempt_local465234597_0013_m_000003_0' done.
2024-04-23T20:51:08,695  INFO [LocalJobRunner Map Task Executor #0] mapred.Task: Final Counters for attempt_local465234597_0013_m_000003_0: Counters: 24
	File System Counters
		FILE: Number of bytes read=342428
		FILE: Number of bytes written=15643645
		FILE: Number of read operations=0
		FILE: Number of large read operations=0
		FILE: Number of write operations=0
	Map-Reduce Framework
		Map input records=1
		Map output records=1
		Map output bytes=210
		Map output materialized bytes=219
		Input split bytes=511
		Combine input records=0
		Spilled Records=1
		Failed Shuffles=0
		Merged Map outputs=0
		GC time elapsed (ms)=0
		Total committed heap usage (bytes)=1098383360
	HIVE
		DESERIALIZE_ERRORS=0
		RECORDS_IN=1
		RECORDS_OUT_INTERMEDIATE=1
		RECORDS_OUT_OPERATOR_MAP_0=0
		RECORDS_OUT_OPERATOR_RS_2=1
		RECORDS_OUT_OPERATOR_SEL_1=1
		RECORDS_OUT_OPERATOR_TS_0=1
	File Input Format Counters 
		Bytes Read=10294
2024-04-23T20:51:08,695  INFO [LocalJobRunner Map Task Executor #0] mapred.LocalJobRunner: Finishing task: attempt_local465234597_0013_m_000003_0
2024-04-23T20:51:08,695  INFO [LocalJobRunner Map Task Executor #0] mapred.LocalJobRunner: Starting task: attempt_local465234597_0013_m_000004_0
2024-04-23T20:51:08,696  INFO [LocalJobRunner Map Task Executor #0] mapred.Task:  Using ResourceCalculatorProcessTree : [ ]
2024-04-23T20:51:08,696  INFO [LocalJobRunner Map Task Executor #0] mapred.MapTask: Processing split: org.apache.hadoop.hive.ql.io.orc.OrcInputFormat:OrcSplit [file:/home/alex/Repositories/hive/ql/target/tmp/org.apache.hadoop.hive.ql.TestTxnNoBuckets-1713930630697/warehouse/nobuckets/c3=0/delta_0000001_0000001_0000/bucket_00000_0, start=3, length=309, isOriginal=false, fileLength=651, hasFooter=false, hasBase=true, deltas=0]
2024-04-23T20:51:08,697  INFO [LocalJobRunner Map Task Executor #0] exec.SerializationUtilities: Deserializing MapWork using kryo
2024-04-23T20:51:08,697  INFO [LocalJobRunner Map Task Executor #0] exec.Utilities: Deserialized plan (via FILE) - name: null size: 7,48KB
2024-04-23T20:51:08,699  INFO [LocalJobRunner Map Task Executor #0] orc.OrcRawRecordMerger: min key = null, max key = null
2024-04-23T20:51:08,699  INFO [LocalJobRunner Map Task Executor #0] orc.ReaderImpl: Reading ORC rows from file:/home/alex/Repositories/hive/ql/target/tmp/org.apache.hadoop.hive.ql.TestTxnNoBuckets-1713930630697/warehouse/nobuckets/c3=0/delta_0000001_0000001_0000/bucket_00000_0 with {include: [true, true, true], offset: 3, length: 309, schema: struct<c1:int,c2:int>, includeAcidColumns: true}
2024-04-23T20:51:08,700  INFO [LocalJobRunner Map Task Executor #0] orc.OrcRawRecordMerger: updated min key = null, max key = null
2024-04-23T20:51:08,701  INFO [LocalJobRunner Map Task Executor #0] mapred.MapTask: numReduceTasks: 1
2024-04-23T20:51:08,705  INFO [LocalJobRunner Map Task Executor #0] mapred.MapTask: (EQUATOR) 0 kvi 26214396(104857584)
2024-04-23T20:51:08,705  INFO [LocalJobRunner Map Task Executor #0] mapred.MapTask: mapreduce.task.io.sort.mb: 100
2024-04-23T20:51:08,705  INFO [LocalJobRunner Map Task Executor #0] mapred.MapTask: soft limit at 83886080
2024-04-23T20:51:08,705  INFO [LocalJobRunner Map Task Executor #0] mapred.MapTask: bufstart = 0; bufvoid = 104857600
2024-04-23T20:51:08,705  INFO [LocalJobRunner Map Task Executor #0] mapred.MapTask: kvstart = 26214396; length = 6553600
2024-04-23T20:51:08,706  INFO [LocalJobRunner Map Task Executor #0] mapred.MapTask: Map output collector class = org.apache.hadoop.mapred.MapTask$MapOutputBuffer
2024-04-23T20:51:08,706  INFO [LocalJobRunner Map Task Executor #0] exec.MapOperator: Initializing Operator: MAP[0]
2024-04-23T20:51:08,709  INFO [LocalJobRunner Map Task Executor #0] mr.ExecMapper: 
<MAP>Id =0
  <Children>null
  <\Children>
  <Parent><\Parent>
<\MAP>
2024-04-23T20:51:08,710  INFO [LocalJobRunner Map Task Executor #0] exec.TableScanOperator: Initializing Operator: TS[0]
2024-04-23T20:51:08,710  INFO [LocalJobRunner Map Task Executor #0] exec.SelectOperator: Initializing Operator: SEL[1]
2024-04-23T20:51:08,710  INFO [LocalJobRunner Map Task Executor #0] exec.SelectOperator: SELECT struct<c1:int,c2:int,c3:int,row__id:struct<writeid:bigint,bucketid:int,rowid:bigint>,input__file__name:string>
2024-04-23T20:51:08,710  INFO [LocalJobRunner Map Task Executor #0] exec.ReduceSinkOperator: Initializing Operator: RS[2]
2024-04-23T20:51:08,710  INFO [LocalJobRunner Map Task Executor #0] exec.ReduceSinkOperator: Using tag = -1
2024-04-23T20:51:08,710  INFO [LocalJobRunner Map Task Executor #0] exec.ReduceSinkOperator: keys are [reducesinkkey0] num distributions: 1
2024-04-23T20:51:08,711  INFO [LocalJobRunner Map Task Executor #0] exec.ReduceSinkOperator: RS[2]: records written - 1
2024-04-23T20:51:08,711  INFO [LocalJobRunner Map Task Executor #0] exec.MapOperator: MAP[0]: records read - 1
2024-04-23T20:51:08,711  INFO [LocalJobRunner Map Task Executor #0] exec.MapOperator: Closing Operator: MAP[0]
2024-04-23T20:51:08,711  INFO [LocalJobRunner Map Task Executor #0] exec.MapOperator: MAP[0]: Total records read - 1. abort - false
2024-04-23T20:51:08,711  INFO [LocalJobRunner Map Task Executor #0] exec.MapOperator: RECORDS_OUT_OPERATOR_MAP_0:0, RECORDS_OUT_INTERMEDIATE:0, DESERIALIZE_ERRORS:0, RECORDS_IN:1, 
2024-04-23T20:51:08,711  INFO [LocalJobRunner Map Task Executor #0] exec.TableScanOperator: Closing Operator: TS[0]
2024-04-23T20:51:08,711  INFO [LocalJobRunner Map Task Executor #0] exec.TableScanOperator: RECORDS_OUT_OPERATOR_TS_0:1, RECORDS_OUT_INTERMEDIATE:0, 
2024-04-23T20:51:08,711  INFO [LocalJobRunner Map Task Executor #0] exec.SelectOperator: Closing Operator: SEL[1]
2024-04-23T20:51:08,711  INFO [LocalJobRunner Map Task Executor #0] exec.SelectOperator: RECORDS_OUT_OPERATOR_SEL_1:1, RECORDS_OUT_INTERMEDIATE:0, 
2024-04-23T20:51:08,711  INFO [LocalJobRunner Map Task Executor #0] exec.ReduceSinkOperator: Closing Operator: RS[2]
2024-04-23T20:51:08,711  INFO [LocalJobRunner Map Task Executor #0] exec.ReduceSinkOperator: RS[2]: Total records written - 1. abort - false
2024-04-23T20:51:08,711  INFO [LocalJobRunner Map Task Executor #0] exec.ReduceSinkOperator: RECORDS_OUT_OPERATOR_RS_2:1, RECORDS_OUT_INTERMEDIATE:1, 
2024-04-23T20:51:08,711  INFO [LocalJobRunner Map Task Executor #0] mapred.LocalJobRunner: 
2024-04-23T20:51:08,711  INFO [LocalJobRunner Map Task Executor #0] mapred.MapTask: Starting flush of map output
2024-04-23T20:51:08,711  INFO [LocalJobRunner Map Task Executor #0] mapred.MapTask: Spilling map output
2024-04-23T20:51:08,711  INFO [LocalJobRunner Map Task Executor #0] mapred.MapTask: bufstart = 0; bufend = 210; bufvoid = 104857600
2024-04-23T20:51:08,711  INFO [LocalJobRunner Map Task Executor #0] mapred.MapTask: kvstart = 26214396(104857584); kvend = 26214396(104857584); length = 1/6553600
2024-04-23T20:51:08,719  INFO [LocalJobRunner Map Task Executor #0] mapred.MapTask: Finished spill 0
2024-04-23T20:51:08,722  INFO [LocalJobRunner Map Task Executor #0] mapred.Task: Task:attempt_local465234597_0013_m_000004_0 is done. And is in the process of committing
2024-04-23T20:51:08,723  INFO [LocalJobRunner Map Task Executor #0] mapred.LocalJobRunner: OrcSplit [file:/home/alex/Repositories/hive/ql/target/tmp/org.apache.hadoop.hive.ql.TestTxnNoBuckets-1713930630697/warehouse/nobuckets/c3=0/delta_0000001_0000001_0000/bucket_00000_0, start=3, length=309, isOriginal=false, fileLength=651, hasFooter=false, hasBase=true, deltas=0]
2024-04-23T20:51:08,723  INFO [LocalJobRunner Map Task Executor #0] mapred.Task: Task 'attempt_local465234597_0013_m_000004_0' done.
2024-04-23T20:51:08,723  INFO [LocalJobRunner Map Task Executor #0] mapred.Task: Final Counters for attempt_local465234597_0013_m_000004_0: Counters: 24
	File System Counters
		FILE: Number of bytes read=354238
		FILE: Number of bytes written=15643896
		FILE: Number of read operations=0
		FILE: Number of large read operations=0
		FILE: Number of write operations=0
	Map-Reduce Framework
		Map input records=1
		Map output records=1
		Map output bytes=210
		Map output materialized bytes=219
		Input split bytes=511
		Combine input records=0
		Spilled Records=1
		Failed Shuffles=0
		Merged Map outputs=0
		GC time elapsed (ms)=0
		Total committed heap usage (bytes)=1098383360
	HIVE
		DESERIALIZE_ERRORS=0
		RECORDS_IN=1
		RECORDS_OUT_INTERMEDIATE=1
		RECORDS_OUT_OPERATOR_MAP_0=0
		RECORDS_OUT_OPERATOR_RS_2=1
		RECORDS_OUT_OPERATOR_SEL_1=1
		RECORDS_OUT_OPERATOR_TS_0=1
	File Input Format Counters 
		Bytes Read=10238
2024-04-23T20:51:08,723  INFO [LocalJobRunner Map Task Executor #0] mapred.LocalJobRunner: Finishing task: attempt_local465234597_0013_m_000004_0
2024-04-23T20:51:08,723  INFO [LocalJobRunner Map Task Executor #0] mapred.LocalJobRunner: Starting task: attempt_local465234597_0013_m_000005_0
2024-04-23T20:51:08,724  INFO [LocalJobRunner Map Task Executor #0] mapred.Task:  Using ResourceCalculatorProcessTree : [ ]
2024-04-23T20:51:08,724  INFO [LocalJobRunner Map Task Executor #0] mapred.MapTask: Processing split: org.apache.hadoop.hive.ql.io.orc.OrcInputFormat:OrcSplit [file:/home/alex/Repositories/hive/ql/target/tmp/org.apache.hadoop.hive.ql.TestTxnNoBuckets-1713930630697/warehouse/nobuckets/c3=4/delta_0000001_0000001_0000/bucket_00000_0, start=3, length=309, isOriginal=false, fileLength=663, hasFooter=false, hasBase=true, deltas=0]
2024-04-23T20:51:08,724  INFO [LocalJobRunner Map Task Executor #0] exec.SerializationUtilities: Deserializing MapWork using kryo
2024-04-23T20:51:08,725  INFO [LocalJobRunner Map Task Executor #0] exec.Utilities: Deserialized plan (via FILE) - name: null size: 7,48KB
2024-04-23T20:51:08,727  INFO [LocalJobRunner Map Task Executor #0] orc.OrcRawRecordMerger: min key = null, max key = null
2024-04-23T20:51:08,727  INFO [LocalJobRunner Map Task Executor #0] orc.ReaderImpl: Reading ORC rows from file:/home/alex/Repositories/hive/ql/target/tmp/org.apache.hadoop.hive.ql.TestTxnNoBuckets-1713930630697/warehouse/nobuckets/c3=4/delta_0000001_0000001_0000/bucket_00000_0 with {include: [true, true, true], offset: 3, length: 309, schema: struct<c1:int,c2:int>, includeAcidColumns: true}
2024-04-23T20:51:08,728  INFO [LocalJobRunner Map Task Executor #0] orc.OrcRawRecordMerger: updated min key = null, max key = null
2024-04-23T20:51:08,728  INFO [LocalJobRunner Map Task Executor #0] mapred.MapTask: numReduceTasks: 1
2024-04-23T20:51:08,739  INFO [LocalJobRunner Map Task Executor #0] mapred.MapTask: (EQUATOR) 0 kvi 26214396(104857584)
2024-04-23T20:51:08,739  INFO [LocalJobRunner Map Task Executor #0] mapred.MapTask: mapreduce.task.io.sort.mb: 100
2024-04-23T20:51:08,739  INFO [LocalJobRunner Map Task Executor #0] mapred.MapTask: soft limit at 83886080
2024-04-23T20:51:08,739  INFO [LocalJobRunner Map Task Executor #0] mapred.MapTask: bufstart = 0; bufvoid = 104857600
2024-04-23T20:51:08,739  INFO [LocalJobRunner Map Task Executor #0] mapred.MapTask: kvstart = 26214396; length = 6553600
2024-04-23T20:51:08,740  INFO [LocalJobRunner Map Task Executor #0] mapred.MapTask: Map output collector class = org.apache.hadoop.mapred.MapTask$MapOutputBuffer
2024-04-23T20:51:08,740  INFO [LocalJobRunner Map Task Executor #0] exec.MapOperator: Initializing Operator: MAP[0]
2024-04-23T20:51:08,744  INFO [LocalJobRunner Map Task Executor #0] mr.ExecMapper: 
<MAP>Id =0
  <Children>null
  <\Children>
  <Parent><\Parent>
<\MAP>
2024-04-23T20:51:08,744  INFO [LocalJobRunner Map Task Executor #0] exec.TableScanOperator: Initializing Operator: TS[0]
2024-04-23T20:51:08,744  INFO [LocalJobRunner Map Task Executor #0] exec.SelectOperator: Initializing Operator: SEL[1]
2024-04-23T20:51:08,744  INFO [LocalJobRunner Map Task Executor #0] exec.SelectOperator: SELECT struct<c1:int,c2:int,c3:int,row__id:struct<writeid:bigint,bucketid:int,rowid:bigint>,input__file__name:string>
2024-04-23T20:51:08,744  INFO [LocalJobRunner Map Task Executor #0] exec.ReduceSinkOperator: Initializing Operator: RS[2]
2024-04-23T20:51:08,744  INFO [LocalJobRunner Map Task Executor #0] exec.ReduceSinkOperator: Using tag = -1
2024-04-23T20:51:08,745  INFO [LocalJobRunner Map Task Executor #0] exec.ReduceSinkOperator: keys are [reducesinkkey0] num distributions: 1
2024-04-23T20:51:08,745  INFO [LocalJobRunner Map Task Executor #0] exec.ReduceSinkOperator: RS[2]: records written - 1
2024-04-23T20:51:08,745  INFO [LocalJobRunner Map Task Executor #0] exec.MapOperator: MAP[0]: records read - 1
2024-04-23T20:51:08,745  INFO [LocalJobRunner Map Task Executor #0] exec.MapOperator: Closing Operator: MAP[0]
2024-04-23T20:51:08,745  INFO [LocalJobRunner Map Task Executor #0] exec.MapOperator: MAP[0]: Total records read - 1. abort - false
2024-04-23T20:51:08,745  INFO [LocalJobRunner Map Task Executor #0] exec.MapOperator: RECORDS_OUT_INTERMEDIATE:0, RECORDS_OUT_OPERATOR_MAP_0:0, RECORDS_IN:1, DESERIALIZE_ERRORS:0, 
2024-04-23T20:51:08,745  INFO [LocalJobRunner Map Task Executor #0] exec.TableScanOperator: Closing Operator: TS[0]
2024-04-23T20:51:08,745  INFO [LocalJobRunner Map Task Executor #0] exec.TableScanOperator: RECORDS_OUT_OPERATOR_TS_0:1, RECORDS_OUT_INTERMEDIATE:0, 
2024-04-23T20:51:08,745  INFO [LocalJobRunner Map Task Executor #0] exec.SelectOperator: Closing Operator: SEL[1]
2024-04-23T20:51:08,745  INFO [LocalJobRunner Map Task Executor #0] exec.SelectOperator: RECORDS_OUT_INTERMEDIATE:0, RECORDS_OUT_OPERATOR_SEL_1:1, 
2024-04-23T20:51:08,745  INFO [LocalJobRunner Map Task Executor #0] exec.ReduceSinkOperator: Closing Operator: RS[2]
2024-04-23T20:51:08,745  INFO [LocalJobRunner Map Task Executor #0] exec.ReduceSinkOperator: RS[2]: Total records written - 1. abort - false
2024-04-23T20:51:08,745  INFO [LocalJobRunner Map Task Executor #0] exec.ReduceSinkOperator: RECORDS_OUT_OPERATOR_RS_2:1, RECORDS_OUT_INTERMEDIATE:1, 
2024-04-23T20:51:08,746  INFO [LocalJobRunner Map Task Executor #0] mapred.LocalJobRunner: 
2024-04-23T20:51:08,746  INFO [LocalJobRunner Map Task Executor #0] mapred.MapTask: Starting flush of map output
2024-04-23T20:51:08,746  INFO [LocalJobRunner Map Task Executor #0] mapred.MapTask: Spilling map output
2024-04-23T20:51:08,746  INFO [LocalJobRunner Map Task Executor #0] mapred.MapTask: bufstart = 0; bufend = 210; bufvoid = 104857600
2024-04-23T20:51:08,746  INFO [LocalJobRunner Map Task Executor #0] mapred.MapTask: kvstart = 26214396(104857584); kvend = 26214396(104857584); length = 1/6553600
2024-04-23T20:51:08,755  INFO [LocalJobRunner Map Task Executor #0] mapred.MapTask: Finished spill 0
2024-04-23T20:51:08,758  INFO [LocalJobRunner Map Task Executor #0] mapred.Task: Task:attempt_local465234597_0013_m_000005_0 is done. And is in the process of committing
2024-04-23T20:51:08,759  INFO [LocalJobRunner Map Task Executor #0] mapred.LocalJobRunner: OrcSplit [file:/home/alex/Repositories/hive/ql/target/tmp/org.apache.hadoop.hive.ql.TestTxnNoBuckets-1713930630697/warehouse/nobuckets/c3=4/delta_0000001_0000001_0000/bucket_00000_0, start=3, length=309, isOriginal=false, fileLength=663, hasFooter=false, hasBase=true, deltas=0]
2024-04-23T20:51:08,759  INFO [LocalJobRunner Map Task Executor #0] mapred.Task: Task 'attempt_local465234597_0013_m_000005_0' done.
2024-04-23T20:51:08,759  INFO [LocalJobRunner Map Task Executor #0] mapred.Task: Final Counters for attempt_local465234597_0013_m_000005_0: Counters: 24
	File System Counters
		FILE: Number of bytes read=365584
		FILE: Number of bytes written=15644147
		FILE: Number of read operations=0
		FILE: Number of large read operations=0
		FILE: Number of write operations=0
	Map-Reduce Framework
		Map input records=1
		Map output records=1
		Map output bytes=210
		Map output materialized bytes=219
		Input split bytes=511
		Combine input records=0
		Spilled Records=1
		Failed Shuffles=0
		Merged Map outputs=0
		GC time elapsed (ms)=6
		Total committed heap usage (bytes)=1098907648
	HIVE
		DESERIALIZE_ERRORS=0
		RECORDS_IN=1
		RECORDS_OUT_INTERMEDIATE=1
		RECORDS_OUT_OPERATOR_MAP_0=0
		RECORDS_OUT_OPERATOR_RS_2=1
		RECORDS_OUT_OPERATOR_SEL_1=1
		RECORDS_OUT_OPERATOR_TS_0=1
	File Input Format Counters 
		Bytes Read=10286
2024-04-23T20:51:08,759  INFO [LocalJobRunner Map Task Executor #0] mapred.LocalJobRunner: Finishing task: attempt_local465234597_0013_m_000005_0
2024-04-23T20:51:08,760  INFO [LocalJobRunner Map Task Executor #0] mapred.LocalJobRunner: Starting task: attempt_local465234597_0013_m_000006_0
2024-04-23T20:51:08,760  INFO [LocalJobRunner Map Task Executor #0] mapred.Task:  Using ResourceCalculatorProcessTree : [ ]
2024-04-23T20:51:08,761  INFO [LocalJobRunner Map Task Executor #0] mapred.MapTask: Processing split: org.apache.hadoop.hive.ql.io.orc.OrcInputFormat:OrcSplit [file:/home/alex/Repositories/hive/ql/target/tmp/org.apache.hadoop.hive.ql.TestTxnNoBuckets-1713930630697/warehouse/nobuckets/c3=2/delta_0000001_0000001_0000/bucket_00000_0, start=3, length=309, isOriginal=false, fileLength=663, hasFooter=false, hasBase=true, deltas=0]
2024-04-23T20:51:08,761  INFO [LocalJobRunner Map Task Executor #0] exec.SerializationUtilities: Deserializing MapWork using kryo
2024-04-23T20:51:08,762  INFO [LocalJobRunner Map Task Executor #0] exec.Utilities: Deserialized plan (via FILE) - name: null size: 7,48KB
2024-04-23T20:51:08,764  INFO [LocalJobRunner Map Task Executor #0] orc.OrcRawRecordMerger: min key = null, max key = null
2024-04-23T20:51:08,764  INFO [LocalJobRunner Map Task Executor #0] orc.ReaderImpl: Reading ORC rows from file:/home/alex/Repositories/hive/ql/target/tmp/org.apache.hadoop.hive.ql.TestTxnNoBuckets-1713930630697/warehouse/nobuckets/c3=2/delta_0000001_0000001_0000/bucket_00000_0 with {include: [true, true, true], offset: 3, length: 309, schema: struct<c1:int,c2:int>, includeAcidColumns: true}
2024-04-23T20:51:08,765  INFO [LocalJobRunner Map Task Executor #0] orc.OrcRawRecordMerger: updated min key = null, max key = null
2024-04-23T20:51:08,765  INFO [LocalJobRunner Map Task Executor #0] mapred.MapTask: numReduceTasks: 1
2024-04-23T20:51:08,771  INFO [LocalJobRunner Map Task Executor #0] mapred.MapTask: (EQUATOR) 0 kvi 26214396(104857584)
2024-04-23T20:51:08,771  INFO [LocalJobRunner Map Task Executor #0] mapred.MapTask: mapreduce.task.io.sort.mb: 100
2024-04-23T20:51:08,771  INFO [LocalJobRunner Map Task Executor #0] mapred.MapTask: soft limit at 83886080
2024-04-23T20:51:08,771  INFO [LocalJobRunner Map Task Executor #0] mapred.MapTask: bufstart = 0; bufvoid = 104857600
2024-04-23T20:51:08,771  INFO [LocalJobRunner Map Task Executor #0] mapred.MapTask: kvstart = 26214396; length = 6553600
2024-04-23T20:51:08,772  INFO [LocalJobRunner Map Task Executor #0] mapred.MapTask: Map output collector class = org.apache.hadoop.mapred.MapTask$MapOutputBuffer
2024-04-23T20:51:08,772  INFO [LocalJobRunner Map Task Executor #0] exec.MapOperator: Initializing Operator: MAP[0]
2024-04-23T20:51:08,775  INFO [LocalJobRunner Map Task Executor #0] mr.ExecMapper: 
<MAP>Id =0
  <Children>null
  <\Children>
  <Parent><\Parent>
<\MAP>
2024-04-23T20:51:08,776  INFO [LocalJobRunner Map Task Executor #0] exec.TableScanOperator: Initializing Operator: TS[0]
2024-04-23T20:51:08,776  INFO [LocalJobRunner Map Task Executor #0] exec.SelectOperator: Initializing Operator: SEL[1]
2024-04-23T20:51:08,776  INFO [LocalJobRunner Map Task Executor #0] exec.SelectOperator: SELECT struct<c1:int,c2:int,c3:int,row__id:struct<writeid:bigint,bucketid:int,rowid:bigint>,input__file__name:string>
2024-04-23T20:51:08,776  INFO [LocalJobRunner Map Task Executor #0] exec.ReduceSinkOperator: Initializing Operator: RS[2]
2024-04-23T20:51:08,776  INFO [LocalJobRunner Map Task Executor #0] exec.ReduceSinkOperator: Using tag = -1
2024-04-23T20:51:08,776  INFO [LocalJobRunner Map Task Executor #0] exec.ReduceSinkOperator: keys are [reducesinkkey0] num distributions: 1
2024-04-23T20:51:08,776  INFO [LocalJobRunner Map Task Executor #0] exec.ReduceSinkOperator: RS[2]: records written - 1
2024-04-23T20:51:08,776  INFO [LocalJobRunner Map Task Executor #0] exec.MapOperator: MAP[0]: records read - 1
2024-04-23T20:51:08,777  INFO [LocalJobRunner Map Task Executor #0] exec.MapOperator: Closing Operator: MAP[0]
2024-04-23T20:51:08,777  INFO [LocalJobRunner Map Task Executor #0] exec.MapOperator: MAP[0]: Total records read - 1. abort - false
2024-04-23T20:51:08,777  INFO [LocalJobRunner Map Task Executor #0] exec.MapOperator: RECORDS_OUT_OPERATOR_MAP_0:0, RECORDS_OUT_INTERMEDIATE:0, DESERIALIZE_ERRORS:0, RECORDS_IN:1, 
2024-04-23T20:51:08,777  INFO [LocalJobRunner Map Task Executor #0] exec.TableScanOperator: Closing Operator: TS[0]
2024-04-23T20:51:08,777  INFO [LocalJobRunner Map Task Executor #0] exec.TableScanOperator: RECORDS_OUT_OPERATOR_TS_0:1, RECORDS_OUT_INTERMEDIATE:0, 
2024-04-23T20:51:08,777  INFO [LocalJobRunner Map Task Executor #0] exec.SelectOperator: Closing Operator: SEL[1]
2024-04-23T20:51:08,777  INFO [LocalJobRunner Map Task Executor #0] exec.SelectOperator: RECORDS_OUT_INTERMEDIATE:0, RECORDS_OUT_OPERATOR_SEL_1:1, 
2024-04-23T20:51:08,777  INFO [LocalJobRunner Map Task Executor #0] exec.ReduceSinkOperator: Closing Operator: RS[2]
2024-04-23T20:51:08,777  INFO [LocalJobRunner Map Task Executor #0] exec.ReduceSinkOperator: RS[2]: Total records written - 1. abort - false
2024-04-23T20:51:08,777  INFO [LocalJobRunner Map Task Executor #0] exec.ReduceSinkOperator: RECORDS_OUT_OPERATOR_RS_2:1, RECORDS_OUT_INTERMEDIATE:1, 
2024-04-23T20:51:08,777  INFO [LocalJobRunner Map Task Executor #0] mapred.LocalJobRunner: 
2024-04-23T20:51:08,777  INFO [LocalJobRunner Map Task Executor #0] mapred.MapTask: Starting flush of map output
2024-04-23T20:51:08,777  INFO [LocalJobRunner Map Task Executor #0] mapred.MapTask: Spilling map output
2024-04-23T20:51:08,777  INFO [LocalJobRunner Map Task Executor #0] mapred.MapTask: bufstart = 0; bufend = 210; bufvoid = 104857600
2024-04-23T20:51:08,777  INFO [LocalJobRunner Map Task Executor #0] mapred.MapTask: kvstart = 26214396(104857584); kvend = 26214396(104857584); length = 1/6553600
2024-04-23T20:51:08,785  INFO [LocalJobRunner Map Task Executor #0] mapred.MapTask: Finished spill 0
2024-04-23T20:51:08,788  INFO [LocalJobRunner Map Task Executor #0] mapred.Task: Task:attempt_local465234597_0013_m_000006_0 is done. And is in the process of committing
2024-04-23T20:51:08,789  INFO [LocalJobRunner Map Task Executor #0] mapred.LocalJobRunner: OrcSplit [file:/home/alex/Repositories/hive/ql/target/tmp/org.apache.hadoop.hive.ql.TestTxnNoBuckets-1713930630697/warehouse/nobuckets/c3=2/delta_0000001_0000001_0000/bucket_00000_0, start=3, length=309, isOriginal=false, fileLength=663, hasFooter=false, hasBase=true, deltas=0]
2024-04-23T20:51:08,789  INFO [LocalJobRunner Map Task Executor #0] mapred.Task: Task 'attempt_local465234597_0013_m_000006_0' done.
2024-04-23T20:51:08,789  INFO [LocalJobRunner Map Task Executor #0] mapred.Task: Final Counters for attempt_local465234597_0013_m_000006_0: Counters: 24
	File System Counters
		FILE: Number of bytes read=376418
		FILE: Number of bytes written=15644398
		FILE: Number of read operations=0
		FILE: Number of large read operations=0
		FILE: Number of write operations=0
	Map-Reduce Framework
		Map input records=1
		Map output records=1
		Map output bytes=210
		Map output materialized bytes=219
		Input split bytes=511
		Combine input records=0
		Spilled Records=1
		Failed Shuffles=0
		Merged Map outputs=0
		GC time elapsed (ms)=0
		Total committed heap usage (bytes)=1098907648
	HIVE
		DESERIALIZE_ERRORS=0
		RECORDS_IN=1
		RECORDS_OUT_INTERMEDIATE=1
		RECORDS_OUT_OPERATOR_MAP_0=0
		RECORDS_OUT_OPERATOR_RS_2=1
		RECORDS_OUT_OPERATOR_SEL_1=1
		RECORDS_OUT_OPERATOR_TS_0=1
	File Input Format Counters 
		Bytes Read=10286
2024-04-23T20:51:08,789  INFO [LocalJobRunner Map Task Executor #0] mapred.LocalJobRunner: Finishing task: attempt_local465234597_0013_m_000006_0
2024-04-23T20:51:08,789  INFO [Thread-907] mapred.LocalJobRunner: map task executor complete.
2024-04-23T20:51:08,790  INFO [Thread-907] mapred.LocalJobRunner: Waiting for reduce tasks
2024-04-23T20:51:08,790  INFO [pool-76-thread-1] mapred.LocalJobRunner: Starting task: attempt_local465234597_0013_r_000000_0
2024-04-23T20:51:08,791  INFO [pool-76-thread-1] mapred.Task:  Using ResourceCalculatorProcessTree : [ ]
2024-04-23T20:51:08,791  INFO [pool-76-thread-1] mapred.ReduceTask: Using ShuffleConsumerPlugin: org.apache.hadoop.mapreduce.task.reduce.Shuffle@768d44f2
2024-04-23T20:51:08,791  WARN [pool-76-thread-1] impl.MetricsSystemImpl: JobTracker metrics system already initialized!
2024-04-23T20:51:08,792  INFO [pool-76-thread-1] reduce.MergeManagerImpl: MergerManager: memoryLimit=1336252800, maxSingleShuffleLimit=334063200, mergeThreshold=881926912, ioSortFactor=10, memToMemMergeOutputsThreshold=10
2024-04-23T20:51:08,793  INFO [EventFetcher for fetching Map Completion Events] reduce.EventFetcher: attempt_local465234597_0013_r_000000_0 Thread started: EventFetcher for fetching Map Completion Events
2024-04-23T20:51:08,796  INFO [localfetcher#10] reduce.LocalFetcher: localfetcher#10 about to shuffle output of map attempt_local465234597_0013_m_000004_0 decomp: 215 len: 219 to MEMORY
2024-04-23T20:51:08,796  INFO [localfetcher#10] reduce.InMemoryMapOutput: Read 215 bytes from map-output for attempt_local465234597_0013_m_000004_0
2024-04-23T20:51:08,796  INFO [localfetcher#10] reduce.MergeManagerImpl: closeInMemoryFile -> map-output of size: 215, inMemoryMapOutputs.size() -> 1, commitMemory -> 0, usedMemory ->215
2024-04-23T20:51:08,799  INFO [localfetcher#10] reduce.LocalFetcher: localfetcher#10 about to shuffle output of map attempt_local465234597_0013_m_000005_0 decomp: 215 len: 219 to MEMORY
2024-04-23T20:51:08,799  INFO [localfetcher#10] reduce.InMemoryMapOutput: Read 215 bytes from map-output for attempt_local465234597_0013_m_000005_0
2024-04-23T20:51:08,799  INFO [localfetcher#10] reduce.MergeManagerImpl: closeInMemoryFile -> map-output of size: 215, inMemoryMapOutputs.size() -> 2, commitMemory -> 215, usedMemory ->430
2024-04-23T20:51:08,803  INFO [localfetcher#10] reduce.LocalFetcher: localfetcher#10 about to shuffle output of map attempt_local465234597_0013_m_000002_0 decomp: 215 len: 219 to MEMORY
2024-04-23T20:51:08,803  INFO [localfetcher#10] reduce.InMemoryMapOutput: Read 215 bytes from map-output for attempt_local465234597_0013_m_000002_0
2024-04-23T20:51:08,803  INFO [localfetcher#10] reduce.MergeManagerImpl: closeInMemoryFile -> map-output of size: 215, inMemoryMapOutputs.size() -> 3, commitMemory -> 430, usedMemory ->645
2024-04-23T20:51:08,807  INFO [localfetcher#10] reduce.LocalFetcher: localfetcher#10 about to shuffle output of map attempt_local465234597_0013_m_000003_0 decomp: 215 len: 219 to MEMORY
2024-04-23T20:51:08,807  INFO [localfetcher#10] reduce.InMemoryMapOutput: Read 215 bytes from map-output for attempt_local465234597_0013_m_000003_0
2024-04-23T20:51:08,807  INFO [localfetcher#10] reduce.MergeManagerImpl: closeInMemoryFile -> map-output of size: 215, inMemoryMapOutputs.size() -> 4, commitMemory -> 645, usedMemory ->860
2024-04-23T20:51:08,810  INFO [localfetcher#10] reduce.LocalFetcher: localfetcher#10 about to shuffle output of map attempt_local465234597_0013_m_000006_0 decomp: 215 len: 219 to MEMORY
2024-04-23T20:51:08,811  INFO [localfetcher#10] reduce.InMemoryMapOutput: Read 215 bytes from map-output for attempt_local465234597_0013_m_000006_0
2024-04-23T20:51:08,811  INFO [localfetcher#10] reduce.MergeManagerImpl: closeInMemoryFile -> map-output of size: 215, inMemoryMapOutputs.size() -> 5, commitMemory -> 860, usedMemory ->1075
2024-04-23T20:51:08,814  INFO [localfetcher#10] reduce.LocalFetcher: localfetcher#10 about to shuffle output of map attempt_local465234597_0013_m_000001_0 decomp: 215 len: 219 to MEMORY
2024-04-23T20:51:08,815  INFO [localfetcher#10] reduce.InMemoryMapOutput: Read 215 bytes from map-output for attempt_local465234597_0013_m_000001_0
2024-04-23T20:51:08,815  INFO [localfetcher#10] reduce.MergeManagerImpl: closeInMemoryFile -> map-output of size: 215, inMemoryMapOutputs.size() -> 6, commitMemory -> 1075, usedMemory ->1290
2024-04-23T20:51:08,818  INFO [localfetcher#10] reduce.LocalFetcher: localfetcher#10 about to shuffle output of map attempt_local465234597_0013_m_000000_0 decomp: 428 len: 432 to MEMORY
2024-04-23T20:51:08,818  INFO [localfetcher#10] reduce.InMemoryMapOutput: Read 428 bytes from map-output for attempt_local465234597_0013_m_000000_0
2024-04-23T20:51:08,818  INFO [localfetcher#10] reduce.MergeManagerImpl: closeInMemoryFile -> map-output of size: 428, inMemoryMapOutputs.size() -> 7, commitMemory -> 1290, usedMemory ->1718
2024-04-23T20:51:08,819  INFO [EventFetcher for fetching Map Completion Events] reduce.EventFetcher: EventFetcher is interrupted.. Returning
2024-04-23T20:51:08,820  INFO [pool-76-thread-1] mapred.LocalJobRunner: 7 / 7 copied.
2024-04-23T20:51:08,820  INFO [pool-76-thread-1] reduce.MergeManagerImpl: finalMerge called with 7 in-memory map-outputs and 0 on-disk map-outputs
2024-04-23T20:51:08,831  INFO [pool-76-thread-1] mapred.Merger: Merging 7 sorted segments
2024-04-23T20:51:08,831  INFO [pool-76-thread-1] mapred.Merger: Down to the last merge-pass, with 7 segments left of total size: 1494 bytes
2024-04-23T20:51:08,837  INFO [pool-76-thread-1] reduce.MergeManagerImpl: Merged 7 segments, 1718 bytes to disk to satisfy reduce memory limit
2024-04-23T20:51:08,837  INFO [pool-76-thread-1] reduce.MergeManagerImpl: Merging 1 files, 1710 bytes from disk
2024-04-23T20:51:08,837  INFO [pool-76-thread-1] reduce.MergeManagerImpl: Merging 0 segments, 0 bytes from memory into reduce
2024-04-23T20:51:08,837  INFO [pool-76-thread-1] mapred.Merger: Merging 1 sorted segments
2024-04-23T20:51:08,838  INFO [pool-76-thread-1] mapred.Merger: Down to the last merge-pass, with 1 segments left of total size: 1674 bytes
2024-04-23T20:51:08,838  INFO [pool-76-thread-1] mapred.LocalJobRunner: 7 / 7 copied.
2024-04-23T20:51:08,839  INFO [pool-76-thread-1] exec.SerializationUtilities: Deserializing ReduceWork using kryo
2024-04-23T20:51:08,840  INFO [pool-76-thread-1] exec.Utilities: Deserialized plan (via FILE) - name: null size: 6,15KB
2024-04-23T20:51:08,842  INFO [pool-76-thread-1] ExecReducer: 
<SEL>Id =3
  <Children>
    <FS>Id =4
      <Children>
      <\Children>
      <Parent>Id = 3 null<\Parent>
    <\FS>
  <\Children>
  <Parent><\Parent>
<\SEL>
2024-04-23T20:51:08,842  INFO [pool-76-thread-1] exec.SelectOperator: Initializing Operator: SEL[3]
2024-04-23T20:51:08,842  INFO [pool-76-thread-1] exec.SelectOperator: SELECT struct<key:struct<reducesinkkey0:struct<writeid:bigint,bucketid:int,rowid:bigint>>,value:struct<_col0:int,_col1:int,_col2:int,_col3:string>>
2024-04-23T20:51:08,843  INFO [pool-76-thread-1] exec.FileSinkOperator: Initializing Operator: FS[4]
2024-04-23T20:51:08,844  INFO [pool-76-thread-1] exec.FileSinkOperator: Using serializer : class org.apache.hadoop.hive.serde2.lazy.LazySimpleSerDe [serdeParams=org.apache.hadoop.hive.serde2.lazy.LazySerDeParameters@641b6c78, cachedObjectInspector=org.apache.hadoop.hive.serde2.lazy.objectinspector.LazySimpleStructObjectInspector<org.apache.hadoop.hive.serde2.lazy.objectinspector.LazySimpleStructObjectInspector<org.apache.hadoop.hive.serde2.lazy.objectinspector.primitive.LazyLongObjectInspector@7fac3ce0,org.apache.hadoop.hive.serde2.lazy.objectinspector.primitive.LazyIntObjectInspector@3e3b41cb,org.apache.hadoop.hive.serde2.lazy.objectinspector.primitive.LazyLongObjectInspector@7fac3ce0>,org.apache.hadoop.hive.serde2.lazy.objectinspector.primitive.LazyIntObjectInspector@3e3b41cb,org.apache.hadoop.hive.serde2.lazy.objectinspector.primitive.LazyIntObjectInspector@3e3b41cb,org.apache.hadoop.hive.serde2.lazy.objectinspector.primitive.LazyIntObjectInspector@3e3b41cb,org.apache.hadoop.hive.serde2.lazy.objectinspector.primitive.LazyStringObjectInspector@441a2d52>, serializedSize=0, stats=org.apache.hadoop.hive.serde2.SerDeStats@59c56ce6, lastOperationSerialize=false, lastOperationDeserialize=false [1, 2, 3, 4, 5, 6, 7, 8, 11, 14, 15, 16, 17, 18, 19, 20, 21, 22, 23, 24, 25, 26, 28, 29, 30, 31, -128, -127, -126, -125, -124, -123, -122, -121, -120, -119, -118, -117, -116, -115, -114, -113, -112, -111, -110, -109, -108, -107, -106, -105, -104, -103, -102, -101, -100, -99, -98, -97, -96, -95, -94, -93, -92, -91, -90, -89, -88, -87, -86, -85, -84, -83, -82, -81, -80, -79, -78, -77, -76, -75, -74, -73, -72, -71, -70, -69, -68, -67, -66, -65, -64, -63, -62, -61, -60, -59, -58, -57, -56, -55, -54, -53, -52, -51, -50, -49, -48, -47, -46, -45, -44, -43, -42, -41, -40, -39, -38, -37, -36, -35, -34, -33, -32, -31, -30, -29, -28, -27, -26, -25, -24, -23, -22, -21, -20, -19, -18, -17, -16, -15, -14, -13, -12, -11, -10, -9, -8, -7, -6, -5, -4, -3, -2, -1] : [_col0, _col1, _col2, _col3, _col4] : [struct<writeid:bigint,bucketid:int,rowid:bigint>, int, int, int, string]] and formatter : org.apache.hadoop.hive.ql.io.HiveSequenceFileOutputFormat@7d5f5d91
2024-04-23T20:51:08,845  INFO [pool-76-thread-1] exec.FileSinkOperator: Final Path: FS file:/home/alex/Repositories/hive/ql/target/tmp/localscratchdir/35c1eaf2-85f7-4891-a074-7246c6e7652c/hive_2024-04-23_20-51-08_051_2396526790610464091-1/-mr-10001/.hive-staging_hive_2024-04-23_20-51-08_051_2396526790610464091-1/_tmp.-ext-10002/000000_0
2024-04-23T20:51:08,845  INFO [pool-76-thread-1] exec.FileSinkOperator: Writing to temp file: FS file:/home/alex/Repositories/hive/ql/target/tmp/localscratchdir/35c1eaf2-85f7-4891-a074-7246c6e7652c/hive_2024-04-23_20-51-08_051_2396526790610464091-1/-mr-10001/.hive-staging_hive_2024-04-23_20-51-08_051_2396526790610464091-1/_task_tmp.-ext-10002/_tmp.000000_0
2024-04-23T20:51:08,845  INFO [pool-76-thread-1] exec.FileSinkOperator: New Final Path: FS file:/home/alex/Repositories/hive/ql/target/tmp/localscratchdir/35c1eaf2-85f7-4891-a074-7246c6e7652c/hive_2024-04-23_20-51-08_051_2396526790610464091-1/-mr-10001/.hive-staging_hive_2024-04-23_20-51-08_051_2396526790610464091-1/_tmp.-ext-10002/000000_0
2024-04-23T20:51:08,861  INFO [pool-76-thread-1] exec.FileSinkOperator: FS[4]: records written - 1
2024-04-23T20:51:08,862  INFO [pool-76-thread-1] exec.SelectOperator: Closing Operator: SEL[3]
2024-04-23T20:51:08,863  INFO [pool-76-thread-1] exec.SelectOperator: RECORDS_OUT_INTERMEDIATE:0, RECORDS_OUT_OPERATOR_SEL_3:8, 
2024-04-23T20:51:08,863  INFO [pool-76-thread-1] exec.FileSinkOperator: Closing Operator: FS[4]
2024-04-23T20:51:08,863  INFO [pool-76-thread-1] exec.FileSinkOperator: FS[4]: records written - 8
2024-04-23T20:51:08,864  INFO [pool-76-thread-1] exec.FileSinkOperator: RECORDS_OUT_0:8, RECORDS_OUT_OPERATOR_FS_4:8, RECORDS_OUT_INTERMEDIATE:0, 
2024-04-23T20:51:08,864  INFO [pool-76-thread-1] mapred.Task: Task:attempt_local465234597_0013_r_000000_0 is done. And is in the process of committing
2024-04-23T20:51:08,865  INFO [pool-76-thread-1] mapred.LocalJobRunner: reduce > reduce
2024-04-23T20:51:08,865  INFO [pool-76-thread-1] mapred.Task: Task 'attempt_local465234597_0013_r_000000_0' done.
2024-04-23T20:51:08,865  INFO [pool-76-thread-1] mapred.Task: Final Counters for attempt_local465234597_0013_r_000000_0: Counters: 29
	File System Counters
		FILE: Number of bytes read=386311
		FILE: Number of bytes written=15647859
		FILE: Number of read operations=0
		FILE: Number of large read operations=0
		FILE: Number of write operations=0
	Map-Reduce Framework
		Combine input records=0
		Combine output records=0
		Reduce input groups=2
		Reduce shuffle bytes=1746
		Reduce input records=8
		Reduce output records=0
		Spilled Records=8
		Shuffled Maps =7
		Failed Shuffles=0
		Merged Map outputs=7
		GC time elapsed (ms)=0
		Total committed heap usage (bytes)=1098907648
	HIVE
		CREATED_FILES=1
		RECORDS_OUT_0=8
		RECORDS_OUT_INTERMEDIATE=0
		RECORDS_OUT_OPERATOR_FS_4=8
		RECORDS_OUT_OPERATOR_SEL_3=8
	Shuffle Errors
		BAD_ID=0
		CONNECTION=0
		IO_ERROR=0
		WRONG_LENGTH=0
		WRONG_MAP=0
		WRONG_REDUCE=0
	File Output Format Counters 
		Bytes Written=0
2024-04-23T20:51:08,866  INFO [pool-76-thread-1] mapred.LocalJobRunner: Finishing task: attempt_local465234597_0013_r_000000_0
2024-04-23T20:51:08,866  INFO [Thread-907] mapred.LocalJobRunner: reduce task executor complete.
2024-04-23 20:51:09,563 Stage-1 map = 100%,  reduce = 100%
2024-04-23T20:51:09,563  INFO [main] exec.Task: 2024-04-23 20:51:09,563 Stage-1 map = 100%,  reduce = 100%
Ended Job = job_local465234597_0013
2024-04-23T20:51:09,565  INFO [main] exec.Task: Ended Job = job_local465234597_0013
2024-04-23T20:51:09,567  INFO [main] metadata.Hive: Dumping metastore api call timing information for : execution phase
2024-04-23T20:51:09,568  INFO [main] metadata.Hive: Total time spent in each metastore function (ms): {}
MapReduce Jobs Launched: 
2024-04-23T20:51:09,568  INFO [main] ql.Driver: MapReduce Jobs Launched: 
Stage-Stage-1:  HDFS Read: 0 HDFS Write: 0 SUCCESS
2024-04-23T20:51:09,568  INFO [main] ql.Driver: Stage-Stage-1:  HDFS Read: 0 HDFS Write: 0 SUCCESS
Total MapReduce CPU Time Spent: 0 msec
2024-04-23T20:51:09,568  INFO [main] ql.Driver: Total MapReduce CPU Time Spent: 0 msec
2024-04-23T20:51:09,568  INFO [main] ql.Driver: Completed executing command(queryId=alex_20240423205108_55f7584c-21e3-4ac2-a434-57d7376e0da9); Time taken: 1.33 seconds
2024-04-23T20:51:09,568  INFO [main] lockmgr.DbTxnManager: Stopped heartbeat for query: alex_20240423205108_55f7584c-21e3-4ac2-a434-57d7376e0da9
2024-04-23T20:51:09,574  INFO [main] txn.TxnHandler: Expected to move at least one record from txn_components to completed_txn_components when committing txn! txnid:22
2024-04-23T20:51:09,583  INFO [main] txn.TxnHandler: Removed transactions: ([22]) from MIN_HISTORY_LEVEL
2024-04-23T20:51:09,584  WARN [main] txn.CompactionTxnHandler: No compaction queue record found for Compaction type transaction commit. txnId:22
2024-04-23T20:51:09,589  INFO [main] mapred.FileInputFormat: Total input files to process : 1
2024-04-23T20:51:09,591  INFO [main] exec.ListSinkOperator: Closing Operator: LIST_SINK[5]
2024-04-23T20:51:09,591  INFO [main] exec.ListSinkOperator: RECORDS_OUT_INTERMEDIATE:0, RECORDS_OUT_OPERATOR_LIST_SINK_5:8, 
2024-04-23T20:51:09,591  WARN [main] ql.TestTxnNoBuckets: after insert
2024-04-23T20:51:09,591  WARN [main] ql.TestTxnNoBuckets: {"writeid":1,"bucketid":536870912,"rowid":0}	0	0	0	file:/home/alex/Repositories/hive/ql/target/tmp/org.apache.hadoop.hive.ql.TestTxnNoBuckets-1713930630697/warehouse/nobuckets/c3=0/delta_0000001_0000001_0000/bucket_00000_0
2024-04-23T20:51:09,591  WARN [main] ql.TestTxnNoBuckets: {"writeid":1,"bucketid":536870912,"rowid":0}	3	3	3	file:/home/alex/Repositories/hive/ql/target/tmp/org.apache.hadoop.hive.ql.TestTxnNoBuckets-1713930630697/warehouse/nobuckets/c3=3/delta_0000001_0000001_0000/bucket_00000_0
2024-04-23T20:51:09,591  WARN [main] ql.TestTxnNoBuckets: {"writeid":1,"bucketid":536870912,"rowid":0}	4	4	4	file:/home/alex/Repositories/hive/ql/target/tmp/org.apache.hadoop.hive.ql.TestTxnNoBuckets-1713930630697/warehouse/nobuckets/c3=4/delta_0000001_0000001_0000/bucket_00000_0
2024-04-23T20:51:09,591  WARN [main] ql.TestTxnNoBuckets: {"writeid":1,"bucketid":536870912,"rowid":0}	5	5	5	file:/home/alex/Repositories/hive/ql/target/tmp/org.apache.hadoop.hive.ql.TestTxnNoBuckets-1713930630697/warehouse/nobuckets/c3=5/delta_0000001_0000001_0000/bucket_00000_0
2024-04-23T20:51:09,591  WARN [main] ql.TestTxnNoBuckets: {"writeid":1,"bucketid":536870912,"rowid":0}	2	2	2	file:/home/alex/Repositories/hive/ql/target/tmp/org.apache.hadoop.hive.ql.TestTxnNoBuckets-1713930630697/warehouse/nobuckets/c3=2/delta_0000001_0000001_0000/bucket_00000_0
2024-04-23T20:51:09,591  WARN [main] ql.TestTxnNoBuckets: {"writeid":1,"bucketid":536870912,"rowid":0}	6	6	6	file:/home/alex/Repositories/hive/ql/target/tmp/org.apache.hadoop.hive.ql.TestTxnNoBuckets-1713930630697/warehouse/nobuckets/c3=6/delta_0000001_0000001_0000/bucket_00000_0
2024-04-23T20:51:09,591  WARN [main] ql.TestTxnNoBuckets: {"writeid":1,"bucketid":536870912,"rowid":0}	1	1	1	file:/home/alex/Repositories/hive/ql/target/tmp/org.apache.hadoop.hive.ql.TestTxnNoBuckets-1713930630697/warehouse/nobuckets/c3=1/delta_0000001_0000001_0000/bucket_00000_0
2024-04-23T20:51:09,592  WARN [main] ql.TestTxnNoBuckets: {"writeid":1,"bucketid":536870912,"rowid":1}	3	3	3	file:/home/alex/Repositories/hive/ql/target/tmp/org.apache.hadoop.hive.ql.TestTxnNoBuckets-1713930630697/warehouse/nobuckets/c3=3/delta_0000001_0000001_0000/bucket_00000_0
2024-04-23T20:51:09,592  INFO [main] ql.TxnCommandsBaseForTests: Running the query: select * from nobuckets where c2 in (0,3)
2024-04-23T20:51:09,592  INFO [main] ql.Context: Deleting scratch dir: file:/home/alex/Repositories/hive/ql/target/tmp/localscratchdir/35c1eaf2-85f7-4891-a074-7246c6e7652c/hive_2024-04-23_20-51-08_051_2396526790610464091-1
2024-04-23T20:51:09,593  INFO [main] cleanup.SyncCleanupService: Deleted directory: file:/home/alex/Repositories/hive/ql/target/tmp/localscratchdir/35c1eaf2-85f7-4891-a074-7246c6e7652c/hive_2024-04-23_20-51-08_051_2396526790610464091-1 on fs with scheme file
2024-04-23T20:51:09,593  INFO [main] ql.Driver: Compiling command(queryId=alex_20240423205109_70d72f5e-8d16-43c8-b6b6-f6e89c6296ba): select * from nobuckets where c2 in (0,3)
2024-04-23T20:51:09,596  INFO [main] txn.TxnHandler: Added entries to MIN_HISTORY_LEVEL for current txns: ([23]) with min_open_txn: 23
2024-04-23T20:51:09,596  INFO [main] lockmgr.DbTxnManager: Opened txnid:23
2024-04-23T20:51:09,597  INFO [main] parse.CalcitePlanner: Starting caching scope for: 
2024-04-23T20:51:09,597  INFO [main] parse.CalcitePlanner: Starting Semantic Analysis
2024-04-23T20:51:09,600  INFO [main] parse.CalcitePlanner: Completed phase 1 of Semantic Analysis
2024-04-23T20:51:09,600  INFO [main] parse.CalcitePlanner: Get metadata for source tables
2024-04-23T20:51:09,601  INFO [main] HiveMetaStore.audit: ugi=alex	ip=unknown-ip-addr	cmd=get_table : tbl=hive.default.nobuckets	
2024-04-23T20:51:09,608  INFO [main] metastore.HMSHandler: Skipping translation for processor with null
2024-04-23T20:51:09,609  INFO [main] parse.CalcitePlanner: Get metadata for subqueries
2024-04-23T20:51:09,609  INFO [main] parse.CalcitePlanner: Get metadata for destination tables
2024-04-23T20:51:09,609  INFO [main] parse.CalcitePlanner: Completed getting MetaData in Semantic Analysis
2024-04-23T20:51:09,623  INFO [main] HiveMetaStore.audit: ugi=alex	ip=unknown-ip-addr	cmd=get_all_table_constraints : tbl=hive.default.nobuckets	
2024-04-23T20:51:09,655  INFO [main] HiveMetaStore.audit: ugi=alex	ip=unknown-ip-addr	cmd=get_partitions : tbl=hive.default.nobuckets	
2024-04-23T20:51:09,676  INFO [main] calcite.RelOptHiveTable: Calculating column statistics for default.nobuckets, projIndxSet: [0, 1, 2], allowMissingStats: true
2024-04-23T20:51:09,677  INFO [main] HiveMetaStore.audit: ugi=alex	ip=unknown-ip-addr	cmd=get_aggr_stats_for: table=hive.default.nobuckets	
2024-04-23T20:51:09,689  WARN [main] calcite.RelOptHiveTable: No Stats for default@nobuckets, Columns: c2, c1
No Stats for default@nobuckets, Columns: c2, c1
2024-04-23T20:51:09,690  INFO [main] SessionState: No Stats for default@nobuckets, Columns: c2, c1
2024-04-23T20:51:09,785  INFO [main] parse.CalcitePlanner: Get metadata for source tables
2024-04-23T20:51:09,786  INFO [main] parse.CalcitePlanner: Get metadata for subqueries
2024-04-23T20:51:09,786  INFO [main] parse.CalcitePlanner: Get metadata for destination tables
2024-04-23T20:51:09,789  INFO [main] common.FileUtils: Creating directory if it doesn't exist: file:/home/alex/Repositories/hive/ql/target/tmp/localscratchdir/35c1eaf2-85f7-4891-a074-7246c6e7652c/hive_2024-04-23_20-51-09_593_380316184087799102-1/-mr-10001/.hive-staging_hive_2024-04-23_20-51-09_593_380316184087799102-1
2024-04-23T20:51:09,797  INFO [main] parse.CalcitePlanner: CBO Succeeded; optimized logical plan.
2024-04-23T20:51:09,806  INFO [main] optimizer.BucketVersionPopulator: not considering bucketingVersion for: TS[0] because it has -1<2 buckets 
2024-04-23T20:51:09,807  INFO [main] optimizer.SortedDynPartitionOptimizer: Sorted dynamic partitioning optimization kicked in..
2024-04-23T20:51:09,823  INFO [main] physical.Vectorizer: Examining input format to see if vectorization is enabled.
2024-04-23T20:51:09,824  INFO [main] physical.Vectorizer: Vectorization is enabled for input format(s) [org.apache.hadoop.hive.ql.io.orc.OrcInputFormat]
2024-04-23T20:51:09,824  INFO [main] physical.Vectorizer: Validating and vectorizing MapWork... (vectorizedVertexNum 0)
2024-04-23T20:51:09,828  INFO [main] physical.Vectorizer: Map vectorization enabled: true
2024-04-23T20:51:09,828  INFO [main] physical.Vectorizer: Map vectorized: true
2024-04-23T20:51:09,828  INFO [main] physical.Vectorizer: Map vectorizedVertexNum: 0
2024-04-23T20:51:09,828  INFO [main] physical.Vectorizer: Map enabledConditionsMet: [hive.vectorized.use.vectorized.input.format IS true]
2024-04-23T20:51:09,828  INFO [main] physical.Vectorizer: Map inputFileFormatClassNameSet: [org.apache.hadoop.hive.ql.io.orc.OrcInputFormat]
2024-04-23T20:51:09,828  INFO [main] parse.CalcitePlanner: Completed plan generation
2024-04-23T20:51:09,828  INFO [main] parse.CalcitePlanner: Ending caching scope for: 
2024-04-23T20:51:09,828  INFO [main] ql.Driver: Semantic Analysis Completed (retrial = false)
2024-04-23T20:51:09,828  INFO [main] ql.Driver: Created Hive schema: Schema(fieldSchemas:[FieldSchema(name:nobuckets.c1, type:int, comment:null), FieldSchema(name:nobuckets.c2, type:int, comment:null), FieldSchema(name:nobuckets.c3, type:int, comment:null)], properties:null)
2024-04-23T20:51:09,830  INFO [main] exec.ListSinkOperator: Initializing Operator: LIST_SINK[8]
2024-04-23T20:51:09,830  INFO [main] metadata.Hive: Dumping metastore api call timing information for : compilation phase
2024-04-23T20:51:09,830  INFO [main] metadata.Hive: Total time spent in each metastore function (ms): {listPartitions_(String, String, short)=17, getAggrColStatsFor_(String, String, List, List, String, String)=12, getValidWriteIds_(List, String)=3, isCompatibleWith_(Configuration)=1, flushCache_()=0, getTable_(GetTableRequest)=8, commitTxn_(CommitTxnRequest)=16, openTxn_(String, TxnType)=2, getAllTableConstraints_(AllTableConstraintsRequest)=6, getValidTxns_(long)=0}
2024-04-23T20:51:09,831  INFO [main] ql.Driver: Completed compiling command(queryId=alex_20240423205109_70d72f5e-8d16-43c8-b6b6-f6e89c6296ba); Time taken: 0.237 seconds
2024-04-23T20:51:09,831  INFO [main] lockmgr.DbTxnManager: Setting lock request transaction to txnid:23 for queryId=alex_20240423205109_70d72f5e-8d16-43c8-b6b6-f6e89c6296ba
2024-04-23T20:51:09,834  INFO [main] lockmgr.DbLockManager: Requesting lock for queryId=alex_20240423205109_70d72f5e-8d16-43c8-b6b6-f6e89c6296ba
2024-04-23T20:51:09,861  INFO [main] lockmgr.DbLockManager: Response to queryId=alex_20240423205109_70d72f5e-8d16-43c8-b6b6-f6e89c6296ba LockResponse(lockid:15, state:ACQUIRED)
2024-04-23T20:51:09,861  INFO [main] ql.Driver: Operation QUERY obtained 1 locks
2024-04-23T20:51:09,862  INFO [main] ql.Driver: Executing command(queryId=alex_20240423205109_70d72f5e-8d16-43c8-b6b6-f6e89c6296ba): select * from nobuckets where c2 in (0,3)
2024-04-23T20:51:09,863  WARN [main] ql.Driver: Hive-on-MR is deprecated in Hive 2 and may not be available in the future versions. Consider using a different execution engine (i.e. tez, spark) or using Hive 1.X releases.
Query ID = alex_20240423205109_70d72f5e-8d16-43c8-b6b6-f6e89c6296ba
2024-04-23T20:51:09,863  INFO [main] ql.Driver: Query ID = alex_20240423205109_70d72f5e-8d16-43c8-b6b6-f6e89c6296ba
Total jobs = 1
2024-04-23T20:51:09,863  INFO [main] ql.Driver: Total jobs = 1
Launching Job 1 out of 1
2024-04-23T20:51:09,863  INFO [main] ql.Driver: Launching Job 1 out of 1
2024-04-23T20:51:10,033  INFO [main] ql.Driver: Starting task [Stage-1:MAPRED] in serial mode
Number of reduce tasks is set to 0 since there's no reduce operator
2024-04-23T20:51:10,033  INFO [main] exec.Task: Number of reduce tasks is set to 0 since there's no reduce operator
2024-04-23T20:51:10,035  INFO [main] mr.ExecDriver: Using org.apache.hadoop.hive.ql.io.HiveInputFormat
2024-04-23T20:51:10,035  INFO [main] exec.Utilities: Processing alias nobuckets
2024-04-23T20:51:10,035  INFO [main] exec.Utilities: Adding 7 inputs; the first input is file:/home/alex/Repositories/hive/ql/target/tmp/org.apache.hadoop.hive.ql.TestTxnNoBuckets-1713930630697/warehouse/nobuckets/c3=0
2024-04-23T20:51:10,046  INFO [main] exec.SerializationUtilities: Serializing MapWork using kryo
2024-04-23T20:51:10,049  INFO [main] exec.Utilities: Serialized plan (via FILE) - name: null size: 9,42KB
2024-04-23T20:51:10,050  WARN [main] impl.MetricsSystemImpl: JobTracker metrics system already initialized!
2024-04-23T20:51:10,057  WARN [main] impl.MetricsSystemImpl: JobTracker metrics system already initialized!
2024-04-23T20:51:10,064  WARN [main] mapreduce.JobResourceUploader: Hadoop command-line option parsing not performed. Implement the Tool interface and execute your application with ToolRunner to remedy this.
2024-04-23T20:51:10,069  WARN [main] mapreduce.JobResourceUploader: No job jar file set.  User classes may not be found. See Job or Job#setJar(String).
2024-04-23T20:51:10,071  INFO [main] io.HiveInputFormat: hive.io.file.readcolumn.ids = 0,1
2024-04-23T20:51:10,071  INFO [main] io.HiveInputFormat: hive.io.file.readcolumn.names = c1,c2
2024-04-23T20:51:10,071  INFO [main] io.HiveInputFormat: Generating splits for dirs: file:/home/alex/Repositories/hive/ql/target/tmp/org.apache.hadoop.hive.ql.TestTxnNoBuckets-1713930630697/warehouse/nobuckets/c3=0
2024-04-23T20:51:10,071  INFO [main] orc.OrcInputFormat: getSplits started
2024-04-23T20:51:10,072  INFO [main] orc.OrcInputFormat: Context:: isAcid: true isVectorMode: true sarg: leaf-(IN c2 0 3) minSplitSize: 1 maxSplitSize: 256000000 splitStrategy: HYBRID footerInSplits: false numBuckets: 0 numThreads: 10 cacheMemSize: 268435456 cacheStripeDetails: true useSoftReference: false writeIdList: default.nobuckets:1:9223372036854775807:: isTransactionalTable: true txnProperties: default 
2024-04-23T20:51:10,072  INFO [main] orc.OrcInputFormat: ORC pushdown predicate: leaf-(IN c2 0 3)
2024-04-23T20:51:10,088  INFO [main] orc.OrcInputFormat: FooterCacheHitRatio: 7/7
2024-04-23T20:51:10,088  INFO [main] orc.OrcInputFormat: getSplits finished (#splits: 2). duration: 17 ms
2024-04-23T20:51:10,088  INFO [main] io.HiveInputFormat: number of splits 2
2024-04-23T20:51:10,107  INFO [main] mapreduce.JobSubmitter: number of splits:2
2024-04-23T20:51:10,127  INFO [main] mapreduce.JobSubmitter: Submitting tokens for job: job_local2021701887_0014
2024-04-23T20:51:10,127  INFO [main] mapreduce.JobSubmitter: Executing with tokens: []
2024-04-23T20:51:10,189  INFO [main] mapreduce.Job: The url to track the job: http://localhost:8080/
Job running in-process (local Hadoop)
2024-04-23T20:51:10,190  INFO [main] exec.Task: Job running in-process (local Hadoop)
2024-04-23T20:51:10,190  INFO [Thread-998] mapred.LocalJobRunner: OutputCommitter set in config org.apache.hadoop.hive.ql.io.HiveFileFormatUtils$NullOutputCommitter
2024-04-23T20:51:10,190  INFO [Thread-998] mapred.LocalJobRunner: OutputCommitter is org.apache.hadoop.hive.ql.io.HiveFileFormatUtils$NullOutputCommitter
2024-04-23T20:51:10,193  INFO [Thread-998] mapred.LocalJobRunner: Waiting for map tasks
2024-04-23T20:51:10,193  INFO [LocalJobRunner Map Task Executor #0] mapred.LocalJobRunner: Starting task: attempt_local2021701887_0014_m_000000_0
2024-04-23T20:51:10,194  INFO [LocalJobRunner Map Task Executor #0] mapred.Task:  Using ResourceCalculatorProcessTree : [ ]
2024-04-23T20:51:10,194  INFO [LocalJobRunner Map Task Executor #0] mapred.MapTask: Processing split: org.apache.hadoop.hive.ql.io.orc.OrcInputFormat:OrcSplit [file:/home/alex/Repositories/hive/ql/target/tmp/org.apache.hadoop.hive.ql.TestTxnNoBuckets-1713930630697/warehouse/nobuckets/c3=3/delta_0000001_0000001_0000/bucket_00000_0, start=3, length=314, isOriginal=false, fileLength=679, hasFooter=false, hasBase=true, deltas=0]
2024-04-23T20:51:10,195  INFO [LocalJobRunner Map Task Executor #0] exec.SerializationUtilities: Deserializing MapWork using kryo
2024-04-23T20:51:10,196  INFO [LocalJobRunner Map Task Executor #0] exec.Utilities: Deserialized plan (via FILE) - name: null size: 9,42KB
2024-04-23T20:51:10,197  INFO [LocalJobRunner Map Task Executor #0] orc.OrcInputFormat: ORC pushdown predicate: leaf-(IN c2 0 3)
2024-04-23T20:51:10,198  INFO [LocalJobRunner Map Task Executor #0] orc.VectorizedOrcAcidRowBatchReader: Read ValidWriteIdList: default.nobuckets:1:9223372036854775807:::OrcSplit [file:/home/alex/Repositories/hive/ql/target/tmp/org.apache.hadoop.hive.ql.TestTxnNoBuckets-1713930630697/warehouse/nobuckets/c3=3/delta_0000001_0000001_0000/bucket_00000_0, start=3, length=314, isOriginal=false, fileLength=679, hasFooter=false, hasBase=true, deltas=0]
2024-04-23T20:51:10,199  INFO [LocalJobRunner Map Task Executor #0] orc.ReaderImpl: Reading ORC rows from file:/home/alex/Repositories/hive/ql/target/tmp/org.apache.hadoop.hive.ql.TestTxnNoBuckets-1713930630697/warehouse/nobuckets/c3=3/delta_0000001_0000001_0000/bucket_00000_0 with {include: [true, true, true], offset: 3, length: 314, sarg: leaf-(IN c2 0 3), schema: struct<c1:int,c2:int>, includeAcidColumns: false}
2024-04-23T20:51:10,200  INFO [LocalJobRunner Map Task Executor #0] mapred.MapTask: numReduceTasks: 0
2024-04-23T20:51:10,201  INFO [LocalJobRunner Map Task Executor #0] vector.VectorMapOperator: Initializing Operator: MAP[0]
2024-04-23T20:51:10,201  INFO [LocalJobRunner Map Task Executor #0] mr.ExecMapper: 
<MAP>Id =0
  <Children>null
  <\Children>
  <Parent><\Parent>
<\MAP>
2024-04-23T20:51:10,202  INFO [LocalJobRunner Map Task Executor #0] exec.TableScanOperator: Initializing Operator: TS[0]
2024-04-23T20:51:10,202  INFO [LocalJobRunner Map Task Executor #0] vector.VectorFilterOperator: Initializing Operator: FIL[5]
2024-04-23T20:51:10,203  INFO [LocalJobRunner Map Task Executor #0] vector.VectorSelectOperator: Initializing Operator: SEL[6]
2024-04-23T20:51:10,203  INFO [LocalJobRunner Map Task Executor #0] vector.VectorFileSinkOperator: Initializing Operator: FS[7]
2024-04-23T20:51:10,204  INFO [LocalJobRunner Map Task Executor #0] exec.FileSinkOperator: Using serializer : class org.apache.hadoop.hive.serde2.lazy.LazySimpleSerDe [serdeParams=org.apache.hadoop.hive.serde2.lazy.LazySerDeParameters@41c74636, cachedObjectInspector=org.apache.hadoop.hive.serde2.lazy.objectinspector.LazySimpleStructObjectInspector<org.apache.hadoop.hive.serde2.lazy.objectinspector.primitive.LazyIntObjectInspector@3e3b41cb,org.apache.hadoop.hive.serde2.lazy.objectinspector.primitive.LazyIntObjectInspector@3e3b41cb,org.apache.hadoop.hive.serde2.lazy.objectinspector.primitive.LazyIntObjectInspector@3e3b41cb>, serializedSize=0, stats=org.apache.hadoop.hive.serde2.SerDeStats@55d42e03, lastOperationSerialize=false, lastOperationDeserialize=false [1, 2, 3, 4, 5, 6, 7, 8, 11, 14, 15, 16, 17, 18, 19, 20, 21, 22, 23, 24, 25, 26, 28, 29, 30, 31, -128, -127, -126, -125, -124, -123, -122, -121, -120, -119, -118, -117, -116, -115, -114, -113, -112, -111, -110, -109, -108, -107, -106, -105, -104, -103, -102, -101, -100, -99, -98, -97, -96, -95, -94, -93, -92, -91, -90, -89, -88, -87, -86, -85, -84, -83, -82, -81, -80, -79, -78, -77, -76, -75, -74, -73, -72, -71, -70, -69, -68, -67, -66, -65, -64, -63, -62, -61, -60, -59, -58, -57, -56, -55, -54, -53, -52, -51, -50, -49, -48, -47, -46, -45, -44, -43, -42, -41, -40, -39, -38, -37, -36, -35, -34, -33, -32, -31, -30, -29, -28, -27, -26, -25, -24, -23, -22, -21, -20, -19, -18, -17, -16, -15, -14, -13, -12, -11, -10, -9, -8, -7, -6, -5, -4, -3, -2, -1] : [_col0, _col1, _col2] : [int, int, int]] and formatter : org.apache.hadoop.hive.ql.io.HiveSequenceFileOutputFormat@5d53e8b8
2024-04-23T20:51:10,205  INFO [LocalJobRunner Map Task Executor #0] exec.FileSinkOperator: Final Path: FS file:/home/alex/Repositories/hive/ql/target/tmp/localscratchdir/35c1eaf2-85f7-4891-a074-7246c6e7652c/hive_2024-04-23_20-51-09_593_380316184087799102-1/-mr-10001/.hive-staging_hive_2024-04-23_20-51-09_593_380316184087799102-1/_tmp.-ext-10002/000000_0
2024-04-23T20:51:10,205  INFO [LocalJobRunner Map Task Executor #0] exec.FileSinkOperator: Writing to temp file: FS file:/home/alex/Repositories/hive/ql/target/tmp/localscratchdir/35c1eaf2-85f7-4891-a074-7246c6e7652c/hive_2024-04-23_20-51-09_593_380316184087799102-1/-mr-10001/.hive-staging_hive_2024-04-23_20-51-09_593_380316184087799102-1/_task_tmp.-ext-10002/_tmp.000000_0
2024-04-23T20:51:10,205  INFO [LocalJobRunner Map Task Executor #0] exec.FileSinkOperator: New Final Path: FS file:/home/alex/Repositories/hive/ql/target/tmp/localscratchdir/35c1eaf2-85f7-4891-a074-7246c6e7652c/hive_2024-04-23_20-51-09_593_380316184087799102-1/-mr-10001/.hive-staging_hive_2024-04-23_20-51-09_593_380316184087799102-1/_tmp.-ext-10002/000000_0
2024-04-23T20:51:10,212  INFO [LocalJobRunner Map Task Executor #0] exec.FileSinkOperator: FS[7]: records written - 1
2024-04-23T20:51:10,212  INFO [LocalJobRunner Map Task Executor #0] vector.VectorMapOperator: Closing Operator: MAP[0]
2024-04-23T20:51:10,212  INFO [LocalJobRunner Map Task Executor #0] vector.VectorMapOperator: DESERIALIZE_ERRORS:0, RECORDS_OUT_OPERATOR_MAP_0:0, RECORDS_IN:2, RECORDS_OUT_INTERMEDIATE:0, 
2024-04-23T20:51:10,212  INFO [LocalJobRunner Map Task Executor #0] exec.TableScanOperator: Closing Operator: TS[0]
2024-04-23T20:51:10,213  INFO [LocalJobRunner Map Task Executor #0] exec.TableScanOperator: RECORDS_OUT_OPERATOR_TS_0:2, RECORDS_OUT_INTERMEDIATE:0, 
2024-04-23T20:51:10,213  INFO [LocalJobRunner Map Task Executor #0] vector.VectorFilterOperator: Closing Operator: FIL[5]
2024-04-23T20:51:10,213  INFO [LocalJobRunner Map Task Executor #0] vector.VectorFilterOperator: RECORDS_OUT_INTERMEDIATE:0, RECORDS_OUT_OPERATOR_FIL_5:2, 
2024-04-23T20:51:10,213  INFO [LocalJobRunner Map Task Executor #0] vector.VectorSelectOperator: Closing Operator: SEL[6]
2024-04-23T20:51:10,213  INFO [LocalJobRunner Map Task Executor #0] vector.VectorSelectOperator: RECORDS_OUT_OPERATOR_SEL_6:2, RECORDS_OUT_INTERMEDIATE:0, 
2024-04-23T20:51:10,213  INFO [LocalJobRunner Map Task Executor #0] vector.VectorFileSinkOperator: Closing Operator: FS[7]
2024-04-23T20:51:10,213  INFO [LocalJobRunner Map Task Executor #0] exec.FileSinkOperator: FS[7]: records written - 2
2024-04-23T20:51:10,213  INFO [LocalJobRunner Map Task Executor #0] vector.VectorFileSinkOperator: RECORDS_OUT_0:2, RECORDS_OUT_INTERMEDIATE:0, RECORDS_OUT_OPERATOR_FS_7:2, 
2024-04-23T20:51:10,214  INFO [LocalJobRunner Map Task Executor #0] mapred.LocalJobRunner: 
2024-04-23T20:51:10,214  INFO [LocalJobRunner Map Task Executor #0] mapred.Task: Task:attempt_local2021701887_0014_m_000000_0 is done. And is in the process of committing
2024-04-23T20:51:10,214  INFO [LocalJobRunner Map Task Executor #0] mapred.LocalJobRunner: OrcSplit [file:/home/alex/Repositories/hive/ql/target/tmp/org.apache.hadoop.hive.ql.TestTxnNoBuckets-1713930630697/warehouse/nobuckets/c3=3/delta_0000001_0000001_0000/bucket_00000_0, start=3, length=314, isOriginal=false, fileLength=679, hasFooter=false, hasBase=true, deltas=0]
2024-04-23T20:51:10,214  INFO [LocalJobRunner Map Task Executor #0] mapred.Task: Task 'attempt_local2021701887_0014_m_000000_0' done.
2024-04-23T20:51:10,214  INFO [LocalJobRunner Map Task Executor #0] mapred.Task: Final Counters for attempt_local2021701887_0014_m_000000_0: Counters: 25
	File System Counters
		FILE: Number of bytes read=402860
		FILE: Number of bytes written=16852163
		FILE: Number of read operations=0
		FILE: Number of large read operations=0
		FILE: Number of write operations=0
	Map-Reduce Framework
		Map input records=1
		Map output records=0
		Input split bytes=511
		Spilled Records=0
		Failed Shuffles=0
		Merged Map outputs=0
		GC time elapsed (ms)=0
		Total committed heap usage (bytes)=1098907648
	HIVE
		CREATED_FILES=1
		DESERIALIZE_ERRORS=0
		RECORDS_IN=2
		RECORDS_OUT_0=2
		RECORDS_OUT_INTERMEDIATE=0
		RECORDS_OUT_OPERATOR_FIL_5=2
		RECORDS_OUT_OPERATOR_FS_7=2
		RECORDS_OUT_OPERATOR_MAP_0=0
		RECORDS_OUT_OPERATOR_SEL_6=2
		RECORDS_OUT_OPERATOR_TS_0=2
	File Input Format Counters 
		Bytes Read=13695
	File Output Format Counters 
		Bytes Written=0
2024-04-23T20:51:10,214  INFO [LocalJobRunner Map Task Executor #0] mapred.LocalJobRunner: Finishing task: attempt_local2021701887_0014_m_000000_0
2024-04-23T20:51:10,214  INFO [LocalJobRunner Map Task Executor #0] mapred.LocalJobRunner: Starting task: attempt_local2021701887_0014_m_000001_0
2024-04-23T20:51:10,215  INFO [LocalJobRunner Map Task Executor #0] mapred.Task:  Using ResourceCalculatorProcessTree : [ ]
2024-04-23T20:51:10,215  INFO [LocalJobRunner Map Task Executor #0] mapred.MapTask: Processing split: org.apache.hadoop.hive.ql.io.orc.OrcInputFormat:OrcSplit [file:/home/alex/Repositories/hive/ql/target/tmp/org.apache.hadoop.hive.ql.TestTxnNoBuckets-1713930630697/warehouse/nobuckets/c3=0/delta_0000001_0000001_0000/bucket_00000_0, start=3, length=309, isOriginal=false, fileLength=651, hasFooter=false, hasBase=true, deltas=0]
2024-04-23T20:51:10,216  INFO [LocalJobRunner Map Task Executor #0] exec.SerializationUtilities: Deserializing MapWork using kryo
2024-04-23T20:51:10,216  INFO [LocalJobRunner Map Task Executor #0] exec.Utilities: Deserialized plan (via FILE) - name: null size: 9,42KB
2024-04-23T20:51:10,217  INFO [LocalJobRunner Map Task Executor #0] orc.OrcInputFormat: ORC pushdown predicate: leaf-(IN c2 0 3)
2024-04-23T20:51:10,217  INFO [LocalJobRunner Map Task Executor #0] orc.VectorizedOrcAcidRowBatchReader: Read ValidWriteIdList: default.nobuckets:1:9223372036854775807:::OrcSplit [file:/home/alex/Repositories/hive/ql/target/tmp/org.apache.hadoop.hive.ql.TestTxnNoBuckets-1713930630697/warehouse/nobuckets/c3=0/delta_0000001_0000001_0000/bucket_00000_0, start=3, length=309, isOriginal=false, fileLength=651, hasFooter=false, hasBase=true, deltas=0]
2024-04-23T20:51:10,218  INFO [LocalJobRunner Map Task Executor #0] orc.ReaderImpl: Reading ORC rows from file:/home/alex/Repositories/hive/ql/target/tmp/org.apache.hadoop.hive.ql.TestTxnNoBuckets-1713930630697/warehouse/nobuckets/c3=0/delta_0000001_0000001_0000/bucket_00000_0 with {include: [true, true, true], offset: 3, length: 309, sarg: leaf-(IN c2 0 3), schema: struct<c1:int,c2:int>, includeAcidColumns: false}
2024-04-23T20:51:10,219  INFO [LocalJobRunner Map Task Executor #0] mapred.MapTask: numReduceTasks: 0
2024-04-23T20:51:10,220  INFO [LocalJobRunner Map Task Executor #0] vector.VectorMapOperator: Initializing Operator: MAP[0]
2024-04-23T20:51:10,220  INFO [LocalJobRunner Map Task Executor #0] mr.ExecMapper: 
<MAP>Id =0
  <Children>null
  <\Children>
  <Parent><\Parent>
<\MAP>
2024-04-23T20:51:10,221  INFO [LocalJobRunner Map Task Executor #0] exec.TableScanOperator: Initializing Operator: TS[0]
2024-04-23T20:51:10,221  INFO [LocalJobRunner Map Task Executor #0] vector.VectorFilterOperator: Initializing Operator: FIL[5]
2024-04-23T20:51:10,221  INFO [LocalJobRunner Map Task Executor #0] vector.VectorSelectOperator: Initializing Operator: SEL[6]
2024-04-23T20:51:10,221  INFO [LocalJobRunner Map Task Executor #0] vector.VectorFileSinkOperator: Initializing Operator: FS[7]
2024-04-23T20:51:10,222  INFO [LocalJobRunner Map Task Executor #0] exec.FileSinkOperator: Using serializer : class org.apache.hadoop.hive.serde2.lazy.LazySimpleSerDe [serdeParams=org.apache.hadoop.hive.serde2.lazy.LazySerDeParameters@6dbab571, cachedObjectInspector=org.apache.hadoop.hive.serde2.lazy.objectinspector.LazySimpleStructObjectInspector<org.apache.hadoop.hive.serde2.lazy.objectinspector.primitive.LazyIntObjectInspector@3e3b41cb,org.apache.hadoop.hive.serde2.lazy.objectinspector.primitive.LazyIntObjectInspector@3e3b41cb,org.apache.hadoop.hive.serde2.lazy.objectinspector.primitive.LazyIntObjectInspector@3e3b41cb>, serializedSize=0, stats=org.apache.hadoop.hive.serde2.SerDeStats@664e0a56, lastOperationSerialize=false, lastOperationDeserialize=false [1, 2, 3, 4, 5, 6, 7, 8, 11, 14, 15, 16, 17, 18, 19, 20, 21, 22, 23, 24, 25, 26, 28, 29, 30, 31, -128, -127, -126, -125, -124, -123, -122, -121, -120, -119, -118, -117, -116, -115, -114, -113, -112, -111, -110, -109, -108, -107, -106, -105, -104, -103, -102, -101, -100, -99, -98, -97, -96, -95, -94, -93, -92, -91, -90, -89, -88, -87, -86, -85, -84, -83, -82, -81, -80, -79, -78, -77, -76, -75, -74, -73, -72, -71, -70, -69, -68, -67, -66, -65, -64, -63, -62, -61, -60, -59, -58, -57, -56, -55, -54, -53, -52, -51, -50, -49, -48, -47, -46, -45, -44, -43, -42, -41, -40, -39, -38, -37, -36, -35, -34, -33, -32, -31, -30, -29, -28, -27, -26, -25, -24, -23, -22, -21, -20, -19, -18, -17, -16, -15, -14, -13, -12, -11, -10, -9, -8, -7, -6, -5, -4, -3, -2, -1] : [_col0, _col1, _col2] : [int, int, int]] and formatter : org.apache.hadoop.hive.ql.io.HiveSequenceFileOutputFormat@7cb36761
2024-04-23T20:51:10,223  INFO [LocalJobRunner Map Task Executor #0] exec.FileSinkOperator: Final Path: FS file:/home/alex/Repositories/hive/ql/target/tmp/localscratchdir/35c1eaf2-85f7-4891-a074-7246c6e7652c/hive_2024-04-23_20-51-09_593_380316184087799102-1/-mr-10001/.hive-staging_hive_2024-04-23_20-51-09_593_380316184087799102-1/_tmp.-ext-10002/000001_0
2024-04-23T20:51:10,223  INFO [LocalJobRunner Map Task Executor #0] exec.FileSinkOperator: Writing to temp file: FS file:/home/alex/Repositories/hive/ql/target/tmp/localscratchdir/35c1eaf2-85f7-4891-a074-7246c6e7652c/hive_2024-04-23_20-51-09_593_380316184087799102-1/-mr-10001/.hive-staging_hive_2024-04-23_20-51-09_593_380316184087799102-1/_task_tmp.-ext-10002/_tmp.000001_0
2024-04-23T20:51:10,223  INFO [LocalJobRunner Map Task Executor #0] exec.FileSinkOperator: New Final Path: FS file:/home/alex/Repositories/hive/ql/target/tmp/localscratchdir/35c1eaf2-85f7-4891-a074-7246c6e7652c/hive_2024-04-23_20-51-09_593_380316184087799102-1/-mr-10001/.hive-staging_hive_2024-04-23_20-51-09_593_380316184087799102-1/_tmp.-ext-10002/000001_0
2024-04-23T20:51:10,227  INFO [LocalJobRunner Map Task Executor #0] exec.FileSinkOperator: FS[7]: records written - 1
2024-04-23T20:51:10,228  INFO [LocalJobRunner Map Task Executor #0] vector.VectorMapOperator: Closing Operator: MAP[0]
2024-04-23T20:51:10,228  INFO [LocalJobRunner Map Task Executor #0] vector.VectorMapOperator: RECORDS_IN:1, DESERIALIZE_ERRORS:0, RECORDS_OUT_INTERMEDIATE:0, RECORDS_OUT_OPERATOR_MAP_0:0, 
2024-04-23T20:51:10,228  INFO [LocalJobRunner Map Task Executor #0] exec.TableScanOperator: Closing Operator: TS[0]
2024-04-23T20:51:10,228  INFO [LocalJobRunner Map Task Executor #0] exec.TableScanOperator: RECORDS_OUT_INTERMEDIATE:0, RECORDS_OUT_OPERATOR_TS_0:1, 
2024-04-23T20:51:10,228  INFO [LocalJobRunner Map Task Executor #0] vector.VectorFilterOperator: Closing Operator: FIL[5]
2024-04-23T20:51:10,228  INFO [LocalJobRunner Map Task Executor #0] vector.VectorFilterOperator: RECORDS_OUT_OPERATOR_FIL_5:1, RECORDS_OUT_INTERMEDIATE:0, 
2024-04-23T20:51:10,228  INFO [LocalJobRunner Map Task Executor #0] vector.VectorSelectOperator: Closing Operator: SEL[6]
2024-04-23T20:51:10,228  INFO [LocalJobRunner Map Task Executor #0] vector.VectorSelectOperator: RECORDS_OUT_OPERATOR_SEL_6:1, RECORDS_OUT_INTERMEDIATE:0, 
2024-04-23T20:51:10,228  INFO [LocalJobRunner Map Task Executor #0] vector.VectorFileSinkOperator: Closing Operator: FS[7]
2024-04-23T20:51:10,228  INFO [LocalJobRunner Map Task Executor #0] exec.FileSinkOperator: FS[7]: records written - 1
2024-04-23T20:51:10,228  INFO [LocalJobRunner Map Task Executor #0] vector.VectorFileSinkOperator: RECORDS_OUT_OPERATOR_FS_7:1, RECORDS_OUT_0:1, RECORDS_OUT_INTERMEDIATE:0, 
2024-04-23T20:51:10,229  INFO [LocalJobRunner Map Task Executor #0] mapred.LocalJobRunner: 
2024-04-23T20:51:10,229  INFO [LocalJobRunner Map Task Executor #0] mapred.Task: Task:attempt_local2021701887_0014_m_000001_0 is done. And is in the process of committing
2024-04-23T20:51:10,229  INFO [LocalJobRunner Map Task Executor #0] mapred.LocalJobRunner: OrcSplit [file:/home/alex/Repositories/hive/ql/target/tmp/org.apache.hadoop.hive.ql.TestTxnNoBuckets-1713930630697/warehouse/nobuckets/c3=0/delta_0000001_0000001_0000/bucket_00000_0, start=3, length=309, isOriginal=false, fileLength=651, hasFooter=false, hasBase=true, deltas=0]
2024-04-23T20:51:10,229  INFO [LocalJobRunner Map Task Executor #0] mapred.Task: Task 'attempt_local2021701887_0014_m_000001_0' done.
2024-04-23T20:51:10,229  INFO [LocalJobRunner Map Task Executor #0] mapred.Task: Final Counters for attempt_local2021701887_0014_m_000001_0: Counters: 25
	File System Counters
		FILE: Number of bytes read=416924
		FILE: Number of bytes written=16852280
		FILE: Number of read operations=0
		FILE: Number of large read operations=0
		FILE: Number of write operations=0
	Map-Reduce Framework
		Map input records=1
		Map output records=0
		Input split bytes=511
		Spilled Records=0
		Failed Shuffles=0
		Merged Map outputs=0
		GC time elapsed (ms)=0
		Total committed heap usage (bytes)=1098907648
	HIVE
		CREATED_FILES=1
		DESERIALIZE_ERRORS=0
		RECORDS_IN=1
		RECORDS_OUT_0=1
		RECORDS_OUT_INTERMEDIATE=0
		RECORDS_OUT_OPERATOR_FIL_5=1
		RECORDS_OUT_OPERATOR_FS_7=1
		RECORDS_OUT_OPERATOR_MAP_0=0
		RECORDS_OUT_OPERATOR_SEL_6=1
		RECORDS_OUT_OPERATOR_TS_0=1
	File Input Format Counters 
		Bytes Read=13527
	File Output Format Counters 
		Bytes Written=0
2024-04-23T20:51:10,229  INFO [LocalJobRunner Map Task Executor #0] mapred.LocalJobRunner: Finishing task: attempt_local2021701887_0014_m_000001_0
2024-04-23T20:51:10,229  INFO [Thread-998] mapred.LocalJobRunner: map task executor complete.
2024-04-23 20:51:11,192 Stage-1 map = 100%,  reduce = 0%
2024-04-23T20:51:11,193  INFO [main] exec.Task: 2024-04-23 20:51:11,192 Stage-1 map = 100%,  reduce = 0%
Ended Job = job_local2021701887_0014
2024-04-23T20:51:11,195  INFO [main] exec.Task: Ended Job = job_local2021701887_0014
2024-04-23T20:51:11,197  INFO [main] metadata.Hive: Dumping metastore api call timing information for : execution phase
2024-04-23T20:51:11,197  INFO [main] metadata.Hive: Total time spent in each metastore function (ms): {}
MapReduce Jobs Launched: 
2024-04-23T20:51:11,197  INFO [main] ql.Driver: MapReduce Jobs Launched: 
Stage-Stage-1:  HDFS Read: 0 HDFS Write: 0 SUCCESS
2024-04-23T20:51:11,198  INFO [main] ql.Driver: Stage-Stage-1:  HDFS Read: 0 HDFS Write: 0 SUCCESS
Total MapReduce CPU Time Spent: 0 msec
2024-04-23T20:51:11,198  INFO [main] ql.Driver: Total MapReduce CPU Time Spent: 0 msec
2024-04-23T20:51:11,198  INFO [main] ql.Driver: Completed executing command(queryId=alex_20240423205109_70d72f5e-8d16-43c8-b6b6-f6e89c6296ba); Time taken: 1.335 seconds
2024-04-23T20:51:11,198  INFO [main] lockmgr.DbTxnManager: Stopped heartbeat for query: alex_20240423205109_70d72f5e-8d16-43c8-b6b6-f6e89c6296ba
2024-04-23T20:51:11,202  INFO [main] txn.TxnHandler: Expected to move at least one record from txn_components to completed_txn_components when committing txn! txnid:23
2024-04-23T20:51:11,210  INFO [main] txn.TxnHandler: Removed transactions: ([23]) from MIN_HISTORY_LEVEL
2024-04-23T20:51:11,210  WARN [main] txn.CompactionTxnHandler: No compaction queue record found for Compaction type transaction commit. txnId:23
2024-04-23T20:51:11,217  INFO [main] mapred.FileInputFormat: Total input files to process : 2
2024-04-23T20:51:11,218  INFO [main] exec.ListSinkOperator: Closing Operator: LIST_SINK[8]
2024-04-23T20:51:11,218  INFO [main] exec.ListSinkOperator: RECORDS_OUT_INTERMEDIATE:0, RECORDS_OUT_OPERATOR_LIST_SINK_8:3, 
2024-04-23T20:51:11,219  INFO [main] ql.TxnCommandsBaseForTests: Running the query: update nobuckets set c2 = 17 where c2 in(0,3)
2024-04-23T20:51:11,219  INFO [main] ql.Context: Deleting scratch dir: file:/home/alex/Repositories/hive/ql/target/tmp/localscratchdir/35c1eaf2-85f7-4891-a074-7246c6e7652c/hive_2024-04-23_20-51-09_593_380316184087799102-1
2024-04-23T20:51:11,220  INFO [main] cleanup.SyncCleanupService: Deleted directory: file:/home/alex/Repositories/hive/ql/target/tmp/localscratchdir/35c1eaf2-85f7-4891-a074-7246c6e7652c/hive_2024-04-23_20-51-09_593_380316184087799102-1 on fs with scheme file
2024-04-23T20:51:11,220  INFO [main] ql.Driver: Compiling command(queryId=alex_20240423205111_a4305ddf-0531-4776-84fd-77e0a79ee1c5): update nobuckets set c2 = 17 where c2 in(0,3)
2024-04-23T20:51:11,224  INFO [main] txn.TxnHandler: Added entries to MIN_HISTORY_LEVEL for current txns: ([24]) with min_open_txn: 24
2024-04-23T20:51:11,224  INFO [main] lockmgr.DbTxnManager: Opened txnid:24
2024-04-23T20:51:11,225  INFO [main] parse.UpdateDeleteSemanticAnalyzer: Starting caching scope for: 
2024-04-23T20:51:11,225  INFO [main] HiveMetaStore.audit: ugi=alex	ip=unknown-ip-addr	cmd=get_table : tbl=hive.default.nobuckets	
2024-04-23T20:51:11,234  INFO [main] metastore.HMSHandler: Skipping translation for processor with null
2024-04-23T20:51:11,234  INFO [main] parse.RewriteSemanticAnalyzer: Going to reparse <update nobuckets set c2 = 17 where c2 in(0,3)> as 
<insert into table `default`.`nobuckets` partition (`c3`) select ROW__ID,`c1`,`c2`, `c3` from `default`.`nobuckets` sort by ROW__ID >
2024-04-23T20:51:11,236  INFO [main] parse.UpdateDeleteSemanticAnalyzer: Starting Semantic Analysis
2024-04-23T20:51:11,239  INFO [main] HiveMetaStore.audit: ugi=alex	ip=unknown-ip-addr	cmd=get_table : tbl=hive.default.nobuckets	
2024-04-23T20:51:11,247  INFO [main] metastore.HMSHandler: Skipping translation for processor with null
2024-04-23T20:51:11,247  INFO [main] parse.UpdateDeleteSemanticAnalyzer: Completed phase 1 of Semantic Analysis
2024-04-23T20:51:11,247  INFO [main] parse.UpdateDeleteSemanticAnalyzer: Get metadata for source tables
2024-04-23T20:51:11,247  INFO [main] parse.UpdateDeleteSemanticAnalyzer: Get metadata for subqueries
2024-04-23T20:51:11,248  INFO [main] parse.UpdateDeleteSemanticAnalyzer: Get metadata for destination tables
2024-04-23T20:51:11,248  INFO [main] HiveMetaStore.audit: ugi=alex	ip=unknown-ip-addr	cmd=get_table : tbl=hive.default.nobuckets	
2024-04-23T20:51:11,255  INFO [main] metastore.HMSHandler: Skipping translation for processor with null
2024-04-23T20:51:11,255  WARN [main] parse.BaseSemanticAnalyzer: Dynamic partitioning is used; only validating 0 columns
2024-04-23T20:51:11,256  INFO [main] parse.UpdateDeleteSemanticAnalyzer: Completed getting MetaData in Semantic Analysis
2024-04-23T20:51:11,256  INFO [main] parse.UpdateDeleteSemanticAnalyzer: Disabling LLAP IO encode as ETL query is detected
2024-04-23T20:51:11,272  INFO [main] HiveMetaStore.audit: ugi=alex	ip=unknown-ip-addr	cmd=get_all_table_constraints : tbl=hive.default.nobuckets	
2024-04-23T20:51:11,282  INFO [main] HiveMetaStore.audit: ugi=alex	ip=unknown-ip-addr	cmd=get_not_null_constraints : tbl=hive.default.nobuckets	
2024-04-23T20:51:11,284  INFO [main] HiveMetaStore.audit: ugi=alex	ip=unknown-ip-addr	cmd=get_check_constraints : tbl=hive.default.nobuckets	
2024-04-23T20:51:11,364  INFO [main] HiveMetaStore.audit: ugi=alex	ip=unknown-ip-addr	cmd=get_partitions : tbl=hive.default.nobuckets	
2024-04-23T20:51:11,389  INFO [main] calcite.RelOptHiveTable: Calculating column statistics for default.nobuckets, projIndxSet: [0, 1, 2], allowMissingStats: true
2024-04-23T20:51:11,390  INFO [main] HiveMetaStore.audit: ugi=alex	ip=unknown-ip-addr	cmd=get_aggr_stats_for: table=hive.default.nobuckets	
2024-04-23T20:51:11,408  WARN [main] calcite.RelOptHiveTable: No Stats for default@nobuckets, Columns: c1, c2
No Stats for default@nobuckets, Columns: c1, c2
2024-04-23T20:51:11,408  INFO [main] SessionState: No Stats for default@nobuckets, Columns: c1, c2
2024-04-23T20:51:11,488  INFO [main] parse.UpdateDeleteSemanticAnalyzer: Get metadata for source tables
2024-04-23T20:51:11,488  INFO [main] parse.UpdateDeleteSemanticAnalyzer: Get metadata for subqueries
2024-04-23T20:51:11,488  INFO [main] parse.UpdateDeleteSemanticAnalyzer: Get metadata for destination tables
2024-04-23T20:51:11,488  INFO [main] HiveMetaStore.audit: ugi=alex	ip=unknown-ip-addr	cmd=get_table : tbl=hive.default.nobuckets	
2024-04-23T20:51:11,502  INFO [main] metastore.HMSHandler: Skipping translation for processor with null
2024-04-23T20:51:11,502  WARN [main] parse.BaseSemanticAnalyzer: Dynamic partitioning is used; only validating 0 columns
2024-04-23T20:51:11,513 ERROR [main] parse.UpdateDeleteSemanticAnalyzer: CBO failed, skipping CBO. 
org.apache.hadoop.hive.ql.exec.NoMatchingMethodException: No matching method for class org.apache.hadoop.hive.ql.udf.UDFToInteger with (struct<writeid:bigint,bucketid:int,rowid:bigint>). Possible choices: _FUNC_(bigint)  _FUNC_(boolean)  _FUNC_(decimal(38,18))  _FUNC_(double)  _FUNC_(float)  _FUNC_(smallint)  _FUNC_(string)  _FUNC_(struct<bucketid:int,rowid:bigint,writeid:bigint>)  _FUNC_(timestamp)  _FUNC_(tinyint)  _FUNC_(void)  
	at org.apache.hadoop.hive.ql.exec.MethodUtils.getMethodInternal(MethodUtils.java:130) ~[classes/:?]
	at org.apache.hadoop.hive.ql.exec.MethodUtils.getMethodInternal(MethodUtils.java:60) ~[classes/:?]
	at org.apache.hadoop.hive.ql.exec.DefaultUDFMethodResolver.getEvalMethod(DefaultUDFMethodResolver.java:59) ~[classes/:?]
	at org.apache.hadoop.hive.ql.udf.TimestampCastRestrictorResolver.getEvalMethod(TimestampCastRestrictorResolver.java:68) ~[classes/:?]
	at org.apache.hadoop.hive.ql.udf.generic.GenericUDFBridge.initialize(GenericUDFBridge.java:168) ~[classes/:?]
	at org.apache.hadoop.hive.ql.udf.generic.GenericUDF.initializeAndFoldConstants(GenericUDF.java:149) ~[classes/:?]
	at org.apache.hadoop.hive.ql.plan.ExprNodeGenericFuncDesc.newInstance(ExprNodeGenericFuncDesc.java:235) ~[classes/:?]
	at org.apache.hadoop.hive.ql.parse.type.ExprNodeDescExprFactory.createFuncCallExpr(ExprNodeDescExprFactory.java:584) ~[classes/:?]
	at org.apache.hadoop.hive.ql.parse.type.ExprNodeDescExprFactory.createFuncCallExpr(ExprNodeDescExprFactory.java:97) ~[classes/:?]
	at org.apache.hadoop.hive.ql.parse.type.TypeCheckProcFactory$DefaultExprProcessor.getFuncExprNodeDescWithUdfData(TypeCheckProcFactory.java:762) ~[classes/:?]
	at org.apache.hadoop.hive.ql.parse.type.TypeCheckProcFactory$DefaultExprProcessor.createConversionCast(TypeCheckProcFactory.java:783) ~[classes/:?]
	at org.apache.hadoop.hive.ql.parse.SemanticAnalyzer.getPartitionColsFromBucketColsForUpdateDelete(SemanticAnalyzer.java:8725) ~[classes/:?]
	at org.apache.hadoop.hive.ql.parse.SemanticAnalyzer.genBucketingSortingDest(SemanticAnalyzer.java:6914) ~[classes/:?]
	at org.apache.hadoop.hive.ql.parse.SemanticAnalyzer.genFileSinkPlan(SemanticAnalyzer.java:7335) ~[classes/:?]
	at org.apache.hadoop.hive.ql.parse.SemanticAnalyzer.genPostGroupByBodyPlan(SemanticAnalyzer.java:11063) ~[classes/:?]
	at org.apache.hadoop.hive.ql.parse.SemanticAnalyzer.genBodyPlan(SemanticAnalyzer.java:10938) ~[classes/:?]
	at org.apache.hadoop.hive.ql.parse.SemanticAnalyzer.genPlan(SemanticAnalyzer.java:11853) ~[classes/:?]
	at org.apache.hadoop.hive.ql.parse.SemanticAnalyzer.genPlan(SemanticAnalyzer.java:11723) ~[classes/:?]
	at org.apache.hadoop.hive.ql.parse.CalcitePlanner.genOPTree(CalcitePlanner.java:626) ~[classes/:?]
	at org.apache.hadoop.hive.ql.parse.SemanticAnalyzer.analyzeInternal(SemanticAnalyzer.java:12558) ~[classes/:?]
	at org.apache.hadoop.hive.ql.parse.CalcitePlanner.analyzeInternal(CalcitePlanner.java:456) ~[classes/:?]
	at org.apache.hadoop.hive.ql.parse.RewriteSemanticAnalyzer.analyzeInternal(RewriteSemanticAnalyzer.java:67) ~[classes/:?]
	at org.apache.hadoop.hive.ql.parse.BaseSemanticAnalyzer.analyze(BaseSemanticAnalyzer.java:317) ~[classes/:?]
	at org.apache.hadoop.hive.ql.parse.UpdateDeleteSemanticAnalyzer.reparseAndSuperAnalyze(UpdateDeleteSemanticAnalyzer.java:208) ~[classes/:?]
	at org.apache.hadoop.hive.ql.parse.UpdateDeleteSemanticAnalyzer.analyzeUpdate(UpdateDeleteSemanticAnalyzer.java:63) ~[classes/:?]
	at org.apache.hadoop.hive.ql.parse.UpdateDeleteSemanticAnalyzer.analyze(UpdateDeleteSemanticAnalyzer.java:53) ~[classes/:?]
	at org.apache.hadoop.hive.ql.parse.RewriteSemanticAnalyzer.analyzeInternal(RewriteSemanticAnalyzer.java:72) ~[classes/:?]
	at org.apache.hadoop.hive.ql.parse.BaseSemanticAnalyzer.analyze(BaseSemanticAnalyzer.java:317) ~[classes/:?]
	at org.apache.hadoop.hive.ql.Compiler.analyze(Compiler.java:223) ~[classes/:?]
	at org.apache.hadoop.hive.ql.Compiler.compile(Compiler.java:105) ~[classes/:?]
	at org.apache.hadoop.hive.ql.Driver.compile(Driver.java:500) ~[classes/:?]
	at org.apache.hadoop.hive.ql.Driver.compileInternal(Driver.java:453) ~[classes/:?]
	at org.apache.hadoop.hive.ql.Driver.runInternal(Driver.java:181) ~[classes/:?]
	at org.apache.hadoop.hive.ql.Driver.run(Driver.java:153) ~[classes/:?]
	at org.apache.hadoop.hive.ql.Driver.run(Driver.java:140) ~[classes/:?]
	at org.apache.hadoop.hive.ql.TxnCommandsBaseForTests.runStatementOnDriver(TxnCommandsBaseForTests.java:245) ~[test-classes/:?]
	at org.apache.hadoop.hive.ql.TestTxnNoBuckets.testNoBucketsDP(TestTxnNoBuckets.java:233) ~[test-classes/:?]
	at sun.reflect.NativeMethodAccessorImpl.invoke0(Native Method) ~[?:1.8.0_402]
	at sun.reflect.NativeMethodAccessorImpl.invoke(NativeMethodAccessorImpl.java:62) ~[?:1.8.0_402]
	at sun.reflect.DelegatingMethodAccessorImpl.invoke(DelegatingMethodAccessorImpl.java:43) ~[?:1.8.0_402]
	at java.lang.reflect.Method.invoke(Method.java:498) ~[?:1.8.0_402]
	at org.junit.runners.model.FrameworkMethod$1.runReflectiveCall(FrameworkMethod.java:59) ~[junit-4.13.jar:4.13]
	at org.junit.internal.runners.model.ReflectiveCallable.run(ReflectiveCallable.java:12) ~[junit-4.13.jar:4.13]
	at org.junit.runners.model.FrameworkMethod.invokeExplosively(FrameworkMethod.java:56) ~[junit-4.13.jar:4.13]
	at org.junit.internal.runners.statements.InvokeMethod.evaluate(InvokeMethod.java:17) ~[junit-4.13.jar:4.13]
	at org.junit.internal.runners.statements.RunBefores.evaluate(RunBefores.java:26) ~[junit-4.13.jar:4.13]
	at org.junit.internal.runners.statements.RunAfters.evaluate(RunAfters.java:27) ~[junit-4.13.jar:4.13]
	at org.junit.rules.TestWatcher$1.evaluate(TestWatcher.java:61) ~[junit-4.13.jar:4.13]
	at org.junit.runners.ParentRunner$3.evaluate(ParentRunner.java:306) ~[junit-4.13.jar:4.13]
	at org.junit.runners.BlockJUnit4ClassRunner$1.evaluate(BlockJUnit4ClassRunner.java:100) ~[junit-4.13.jar:4.13]
	at org.junit.runners.ParentRunner.runLeaf(ParentRunner.java:366) ~[junit-4.13.jar:4.13]
	at org.junit.runners.BlockJUnit4ClassRunner.runChild(BlockJUnit4ClassRunner.java:103) ~[junit-4.13.jar:4.13]
	at org.junit.runners.BlockJUnit4ClassRunner.runChild(BlockJUnit4ClassRunner.java:63) ~[junit-4.13.jar:4.13]
	at org.junit.runners.ParentRunner$4.run(ParentRunner.java:331) ~[junit-4.13.jar:4.13]
	at org.junit.runners.ParentRunner$1.schedule(ParentRunner.java:79) ~[junit-4.13.jar:4.13]
	at org.junit.runners.ParentRunner.runChildren(ParentRunner.java:329) ~[junit-4.13.jar:4.13]
	at org.junit.runners.ParentRunner.access$100(ParentRunner.java:66) ~[junit-4.13.jar:4.13]
	at org.junit.runners.ParentRunner$2.evaluate(ParentRunner.java:293) ~[junit-4.13.jar:4.13]
	at org.junit.runners.ParentRunner$3.evaluate(ParentRunner.java:306) ~[junit-4.13.jar:4.13]
	at org.junit.runners.ParentRunner.run(ParentRunner.java:413) ~[junit-4.13.jar:4.13]
	at org.junit.runner.JUnitCore.run(JUnitCore.java:137) ~[junit-4.13.jar:4.13]
	at org.junit.runner.JUnitCore.run(JUnitCore.java:115) ~[junit-4.13.jar:4.13]
	at org.junit.vintage.engine.execution.RunnerExecutor.execute(RunnerExecutor.java:43) ~[junit-vintage-engine-5.6.2.jar:5.6.2]
	at java.util.stream.ForEachOps$ForEachOp$OfRef.accept(ForEachOps.java:183) ~[?:1.8.0_402]
	at java.util.stream.ReferencePipeline$3$1.accept(ReferencePipeline.java:193) ~[?:1.8.0_402]
	at java.util.Iterator.forEachRemaining(Iterator.java:116) ~[?:1.8.0_402]
	at java.util.Spliterators$IteratorSpliterator.forEachRemaining(Spliterators.java:1801) ~[?:1.8.0_402]
	at java.util.stream.AbstractPipeline.copyInto(AbstractPipeline.java:482) ~[?:1.8.0_402]
	at java.util.stream.AbstractPipeline.wrapAndCopyInto(AbstractPipeline.java:472) ~[?:1.8.0_402]
	at java.util.stream.ForEachOps$ForEachOp.evaluateSequential(ForEachOps.java:150) ~[?:1.8.0_402]
	at java.util.stream.ForEachOps$ForEachOp$OfRef.evaluateSequential(ForEachOps.java:173) ~[?:1.8.0_402]
	at java.util.stream.AbstractPipeline.evaluate(AbstractPipeline.java:234) ~[?:1.8.0_402]
	at java.util.stream.ReferencePipeline.forEach(ReferencePipeline.java:485) ~[?:1.8.0_402]
	at org.junit.vintage.engine.VintageTestEngine.executeAllChildren(VintageTestEngine.java:82) ~[junit-vintage-engine-5.6.2.jar:5.6.2]
	at org.junit.vintage.engine.VintageTestEngine.execute(VintageTestEngine.java:73) ~[junit-vintage-engine-5.6.2.jar:5.6.2]
	at org.junit.platform.launcher.core.DefaultLauncher.execute(DefaultLauncher.java:248) ~[junit-platform-launcher-1.6.2.jar:1.6.2]
	at org.junit.platform.launcher.core.DefaultLauncher.lambda$execute$5(DefaultLauncher.java:211) ~[junit-platform-launcher-1.6.2.jar:1.6.2]
	at org.junit.platform.launcher.core.DefaultLauncher.withInterceptedStreams(DefaultLauncher.java:226) [junit-platform-launcher-1.6.2.jar:1.6.2]
	at org.junit.platform.launcher.core.DefaultLauncher.execute(DefaultLauncher.java:199) [junit-platform-launcher-1.6.2.jar:1.6.2]
	at org.junit.platform.launcher.core.DefaultLauncher.execute(DefaultLauncher.java:132) [junit-platform-launcher-1.6.2.jar:1.6.2]
	at org.apache.maven.surefire.junitplatform.JUnitPlatformProvider.invokeAllTests(JUnitPlatformProvider.java:154) [surefire-junit-platform-3.0.0-M4.jar:3.0.0-M4]
	at org.apache.maven.surefire.junitplatform.JUnitPlatformProvider.invoke(JUnitPlatformProvider.java:123) [surefire-junit-platform-3.0.0-M4.jar:3.0.0-M4]
	at org.apache.maven.surefire.booter.ForkedBooter.runSuitesInProcess(ForkedBooter.java:377) [surefire-booter-3.0.0-M4.jar:3.0.0-M4]
	at org.apache.maven.surefire.booter.ForkedBooter.execute(ForkedBooter.java:138) [surefire-booter-3.0.0-M4.jar:3.0.0-M4]
	at org.apache.maven.surefire.booter.ForkedBooter.run(ForkedBooter.java:465) [surefire-booter-3.0.0-M4.jar:3.0.0-M4]
	at org.apache.maven.surefire.booter.ForkedBooter.main(ForkedBooter.java:451) [surefire-booter-3.0.0-M4.jar:3.0.0-M4]
2024-04-23T20:51:11,514 ERROR [main] parse.UpdateDeleteSemanticAnalyzer: CBO failed due to missing column stats (see previous errors), skipping CBO
2024-04-23T20:51:11,514  INFO [main] parse.UpdateDeleteSemanticAnalyzer: Ending caching scope for: 
FAILED: NoMatchingMethodException No matching method for class org.apache.hadoop.hive.ql.udf.UDFToInteger with (struct<writeid:bigint,bucketid:int,rowid:bigint>). Possible choices: _FUNC_(bigint)  _FUNC_(boolean)  _FUNC_(decimal(38,18))  _FUNC_(double)  _FUNC_(float)  _FUNC_(smallint)  _FUNC_(string)  _FUNC_(struct<bucketid:int,rowid:bigint,writeid:bigint>)  _FUNC_(timestamp)  _FUNC_(tinyint)  _FUNC_(void)  
2024-04-23T20:51:11,515 ERROR [main] ql.Driver: FAILED: NoMatchingMethodException No matching method for class org.apache.hadoop.hive.ql.udf.UDFToInteger with (struct<writeid:bigint,bucketid:int,rowid:bigint>). Possible choices: _FUNC_(bigint)  _FUNC_(boolean)  _FUNC_(decimal(38,18))  _FUNC_(double)  _FUNC_(float)  _FUNC_(smallint)  _FUNC_(string)  _FUNC_(struct<bucketid:int,rowid:bigint,writeid:bigint>)  _FUNC_(timestamp)  _FUNC_(tinyint)  _FUNC_(void)  
org.apache.hadoop.hive.ql.exec.NoMatchingMethodException: No matching method for class org.apache.hadoop.hive.ql.udf.UDFToInteger with (struct<writeid:bigint,bucketid:int,rowid:bigint>). Possible choices: _FUNC_(bigint)  _FUNC_(boolean)  _FUNC_(decimal(38,18))  _FUNC_(double)  _FUNC_(float)  _FUNC_(smallint)  _FUNC_(string)  _FUNC_(struct<bucketid:int,rowid:bigint,writeid:bigint>)  _FUNC_(timestamp)  _FUNC_(tinyint)  _FUNC_(void)  
	at org.apache.hadoop.hive.ql.exec.MethodUtils.getMethodInternal(MethodUtils.java:130)
	at org.apache.hadoop.hive.ql.exec.MethodUtils.getMethodInternal(MethodUtils.java:60)
	at org.apache.hadoop.hive.ql.exec.DefaultUDFMethodResolver.getEvalMethod(DefaultUDFMethodResolver.java:59)
	at org.apache.hadoop.hive.ql.udf.TimestampCastRestrictorResolver.getEvalMethod(TimestampCastRestrictorResolver.java:68)
	at org.apache.hadoop.hive.ql.udf.generic.GenericUDFBridge.initialize(GenericUDFBridge.java:168)
	at org.apache.hadoop.hive.ql.udf.generic.GenericUDF.initializeAndFoldConstants(GenericUDF.java:149)
	at org.apache.hadoop.hive.ql.plan.ExprNodeGenericFuncDesc.newInstance(ExprNodeGenericFuncDesc.java:235)
	at org.apache.hadoop.hive.ql.parse.type.ExprNodeDescExprFactory.createFuncCallExpr(ExprNodeDescExprFactory.java:584)
	at org.apache.hadoop.hive.ql.parse.type.ExprNodeDescExprFactory.createFuncCallExpr(ExprNodeDescExprFactory.java:97)
	at org.apache.hadoop.hive.ql.parse.type.TypeCheckProcFactory$DefaultExprProcessor.getFuncExprNodeDescWithUdfData(TypeCheckProcFactory.java:762)
	at org.apache.hadoop.hive.ql.parse.type.TypeCheckProcFactory$DefaultExprProcessor.createConversionCast(TypeCheckProcFactory.java:783)
	at org.apache.hadoop.hive.ql.parse.SemanticAnalyzer.getPartitionColsFromBucketColsForUpdateDelete(SemanticAnalyzer.java:8725)
	at org.apache.hadoop.hive.ql.parse.SemanticAnalyzer.genBucketingSortingDest(SemanticAnalyzer.java:6914)
	at org.apache.hadoop.hive.ql.parse.SemanticAnalyzer.genFileSinkPlan(SemanticAnalyzer.java:7335)
	at org.apache.hadoop.hive.ql.parse.SemanticAnalyzer.genPostGroupByBodyPlan(SemanticAnalyzer.java:11063)
	at org.apache.hadoop.hive.ql.parse.SemanticAnalyzer.genBodyPlan(SemanticAnalyzer.java:10938)
	at org.apache.hadoop.hive.ql.parse.SemanticAnalyzer.genPlan(SemanticAnalyzer.java:11853)
	at org.apache.hadoop.hive.ql.parse.SemanticAnalyzer.genPlan(SemanticAnalyzer.java:11723)
	at org.apache.hadoop.hive.ql.parse.CalcitePlanner.genOPTree(CalcitePlanner.java:626)
	at org.apache.hadoop.hive.ql.parse.SemanticAnalyzer.analyzeInternal(SemanticAnalyzer.java:12558)
	at org.apache.hadoop.hive.ql.parse.CalcitePlanner.analyzeInternal(CalcitePlanner.java:456)
	at org.apache.hadoop.hive.ql.parse.RewriteSemanticAnalyzer.analyzeInternal(RewriteSemanticAnalyzer.java:67)
	at org.apache.hadoop.hive.ql.parse.BaseSemanticAnalyzer.analyze(BaseSemanticAnalyzer.java:317)
	at org.apache.hadoop.hive.ql.parse.UpdateDeleteSemanticAnalyzer.reparseAndSuperAnalyze(UpdateDeleteSemanticAnalyzer.java:208)
	at org.apache.hadoop.hive.ql.parse.UpdateDeleteSemanticAnalyzer.analyzeUpdate(UpdateDeleteSemanticAnalyzer.java:63)
	at org.apache.hadoop.hive.ql.parse.UpdateDeleteSemanticAnalyzer.analyze(UpdateDeleteSemanticAnalyzer.java:53)
	at org.apache.hadoop.hive.ql.parse.RewriteSemanticAnalyzer.analyzeInternal(RewriteSemanticAnalyzer.java:72)
	at org.apache.hadoop.hive.ql.parse.BaseSemanticAnalyzer.analyze(BaseSemanticAnalyzer.java:317)
	at org.apache.hadoop.hive.ql.Compiler.analyze(Compiler.java:223)
	at org.apache.hadoop.hive.ql.Compiler.compile(Compiler.java:105)
	at org.apache.hadoop.hive.ql.Driver.compile(Driver.java:500)
	at org.apache.hadoop.hive.ql.Driver.compileInternal(Driver.java:453)
	at org.apache.hadoop.hive.ql.Driver.runInternal(Driver.java:181)
	at org.apache.hadoop.hive.ql.Driver.run(Driver.java:153)
	at org.apache.hadoop.hive.ql.Driver.run(Driver.java:140)
	at org.apache.hadoop.hive.ql.TxnCommandsBaseForTests.runStatementOnDriver(TxnCommandsBaseForTests.java:245)
	at org.apache.hadoop.hive.ql.TestTxnNoBuckets.testNoBucketsDP(TestTxnNoBuckets.java:233)
	at sun.reflect.NativeMethodAccessorImpl.invoke0(Native Method)
	at sun.reflect.NativeMethodAccessorImpl.invoke(NativeMethodAccessorImpl.java:62)
	at sun.reflect.DelegatingMethodAccessorImpl.invoke(DelegatingMethodAccessorImpl.java:43)
	at java.lang.reflect.Method.invoke(Method.java:498)
	at org.junit.runners.model.FrameworkMethod$1.runReflectiveCall(FrameworkMethod.java:59)
	at org.junit.internal.runners.model.ReflectiveCallable.run(ReflectiveCallable.java:12)
	at org.junit.runners.model.FrameworkMethod.invokeExplosively(FrameworkMethod.java:56)
	at org.junit.internal.runners.statements.InvokeMethod.evaluate(InvokeMethod.java:17)
	at org.junit.internal.runners.statements.RunBefores.evaluate(RunBefores.java:26)
	at org.junit.internal.runners.statements.RunAfters.evaluate(RunAfters.java:27)
	at org.junit.rules.TestWatcher$1.evaluate(TestWatcher.java:61)
	at org.junit.runners.ParentRunner$3.evaluate(ParentRunner.java:306)
	at org.junit.runners.BlockJUnit4ClassRunner$1.evaluate(BlockJUnit4ClassRunner.java:100)
	at org.junit.runners.ParentRunner.runLeaf(ParentRunner.java:366)
	at org.junit.runners.BlockJUnit4ClassRunner.runChild(BlockJUnit4ClassRunner.java:103)
	at org.junit.runners.BlockJUnit4ClassRunner.runChild(BlockJUnit4ClassRunner.java:63)
	at org.junit.runners.ParentRunner$4.run(ParentRunner.java:331)
	at org.junit.runners.ParentRunner$1.schedule(ParentRunner.java:79)
	at org.junit.runners.ParentRunner.runChildren(ParentRunner.java:329)
	at org.junit.runners.ParentRunner.access$100(ParentRunner.java:66)
	at org.junit.runners.ParentRunner$2.evaluate(ParentRunner.java:293)
	at org.junit.runners.ParentRunner$3.evaluate(ParentRunner.java:306)
	at org.junit.runners.ParentRunner.run(ParentRunner.java:413)
	at org.junit.runner.JUnitCore.run(JUnitCore.java:137)
	at org.junit.runner.JUnitCore.run(JUnitCore.java:115)
	at org.junit.vintage.engine.execution.RunnerExecutor.execute(RunnerExecutor.java:43)
	at java.util.stream.ForEachOps$ForEachOp$OfRef.accept(ForEachOps.java:183)
	at java.util.stream.ReferencePipeline$3$1.accept(ReferencePipeline.java:193)
	at java.util.Iterator.forEachRemaining(Iterator.java:116)
	at java.util.Spliterators$IteratorSpliterator.forEachRemaining(Spliterators.java:1801)
	at java.util.stream.AbstractPipeline.copyInto(AbstractPipeline.java:482)
	at java.util.stream.AbstractPipeline.wrapAndCopyInto(AbstractPipeline.java:472)
	at java.util.stream.ForEachOps$ForEachOp.evaluateSequential(ForEachOps.java:150)
	at java.util.stream.ForEachOps$ForEachOp$OfRef.evaluateSequential(ForEachOps.java:173)
	at java.util.stream.AbstractPipeline.evaluate(AbstractPipeline.java:234)
	at java.util.stream.ReferencePipeline.forEach(ReferencePipeline.java:485)
	at org.junit.vintage.engine.VintageTestEngine.executeAllChildren(VintageTestEngine.java:82)
	at org.junit.vintage.engine.VintageTestEngine.execute(VintageTestEngine.java:73)
	at org.junit.platform.launcher.core.DefaultLauncher.execute(DefaultLauncher.java:248)
	at org.junit.platform.launcher.core.DefaultLauncher.lambda$execute$5(DefaultLauncher.java:211)
	at org.junit.platform.launcher.core.DefaultLauncher.withInterceptedStreams(DefaultLauncher.java:226)
	at org.junit.platform.launcher.core.DefaultLauncher.execute(DefaultLauncher.java:199)
	at org.junit.platform.launcher.core.DefaultLauncher.execute(DefaultLauncher.java:132)
	at org.apache.maven.surefire.junitplatform.JUnitPlatformProvider.invokeAllTests(JUnitPlatformProvider.java:154)
	at org.apache.maven.surefire.junitplatform.JUnitPlatformProvider.invoke(JUnitPlatformProvider.java:123)
	at org.apache.maven.surefire.booter.ForkedBooter.runSuitesInProcess(ForkedBooter.java:377)
	at org.apache.maven.surefire.booter.ForkedBooter.execute(ForkedBooter.java:138)
	at org.apache.maven.surefire.booter.ForkedBooter.run(ForkedBooter.java:465)
	at org.apache.maven.surefire.booter.ForkedBooter.main(ForkedBooter.java:451)

2024-04-23T20:51:11,516  INFO [main] metadata.Hive: Dumping metastore api call timing information for : compilation phase
2024-04-23T20:51:11,516  INFO [main] metadata.Hive: Total time spent in each metastore function (ms): {getValidTxns_(long)=0, getAggrColStatsFor_(String, String, List, List, String, String)=18, getNotNullConstraints_(NotNullConstraintsRequest)=2, getValidWriteIds_(List, String)=3, commitTxn_(CommitTxnRequest)=12, getTable_(GetTableRequest)=38, getMetaConf_(String)=0, getAllTableConstraints_(AllTableConstraintsRequest)=10, flushCache_()=0, listPartitions_(String, String, short)=20, getCheckConstraints_(CheckConstraintsRequest)=1, openTxn_(String, TxnType)=2, isCompatibleWith_(Configuration)=1}
2024-04-23T20:51:11,517  INFO [main] ql.Driver: Completed compiling command(queryId=alex_20240423205111_a4305ddf-0531-4776-84fd-77e0a79ee1c5); Time taken: 0.296 seconds
2024-04-23T20:51:11,517  INFO [main] lockmgr.DbTxnManager: Stopped heartbeat for query: null
2024-04-23T20:51:11,522  INFO [main] txn.TxnHandler: Removed transactions: ([24]) from MIN_HISTORY_LEVEL
2024-04-23T20:51:11,530  INFO [main] ql.TxnCommandsBaseForTests: Running the query: drop table if exists acidTbl
2024-04-23T20:51:11,530  INFO [main] ql.Driver: Compiling command(queryId=alex_20240423205111_4864099d-29ae-4dd2-8bc4-d95ad0e93064): drop table if exists acidTbl
2024-04-23T20:51:11,533  INFO [main] txn.TxnHandler: Added entries to MIN_HISTORY_LEVEL for current txns: ([25]) with min_open_txn: 24
2024-04-23T20:51:11,534  INFO [main] lockmgr.DbTxnManager: Opened txnid:25
2024-04-23T20:51:11,535  INFO [main] HiveMetaStore.audit: ugi=alex	ip=unknown-ip-addr	cmd=get_table : tbl=hive.default.acidTbl	
2024-04-23T20:51:11,546  INFO [main] metastore.HMSHandler: Skipping translation for processor with null
2024-04-23T20:51:11,546  INFO [main] ql.Driver: Semantic Analysis Completed (retrial = false)
2024-04-23T20:51:11,546  INFO [main] ql.Driver: Created Hive schema: Schema(fieldSchemas:null, properties:null)
2024-04-23T20:51:11,547  INFO [main] metadata.Hive: Dumping metastore api call timing information for : compilation phase
2024-04-23T20:51:11,547  INFO [main] metadata.Hive: Total time spent in each metastore function (ms): {rollbackTxn_(long)=13, openTxn_(String, TxnType)=3, flushCache_()=0, isCompatibleWith_(Configuration)=0, getTable_(GetTableRequest)=12, getValidTxns_(long)=0}
2024-04-23T20:51:11,547  INFO [main] ql.Driver: Completed compiling command(queryId=alex_20240423205111_4864099d-29ae-4dd2-8bc4-d95ad0e93064); Time taken: 0.016 seconds
2024-04-23T20:51:11,547  INFO [main] lockmgr.DbTxnManager: Setting lock request transaction to txnid:25 for queryId=alex_20240423205111_4864099d-29ae-4dd2-8bc4-d95ad0e93064
2024-04-23T20:51:11,548  INFO [main] lockmgr.DbLockManager: Requesting lock for queryId=alex_20240423205111_4864099d-29ae-4dd2-8bc4-d95ad0e93064
2024-04-23T20:51:11,573  INFO [main] lockmgr.DbLockManager: Response to queryId=alex_20240423205111_4864099d-29ae-4dd2-8bc4-d95ad0e93064 LockResponse(lockid:16, state:ACQUIRED)
2024-04-23T20:51:11,573  INFO [main] ql.Driver: Operation DROPTABLE obtained 1 locks
2024-04-23T20:51:11,574  INFO [main] ql.Driver: Executing command(queryId=alex_20240423205111_4864099d-29ae-4dd2-8bc4-d95ad0e93064): drop table if exists acidTbl
2024-04-23T20:51:11,574  INFO [main] ql.Driver: Starting task [Stage-0:DDL] in serial mode
2024-04-23T20:51:11,574  INFO [main] HiveMetaStore.audit: ugi=alex	ip=unknown-ip-addr	cmd=get_table : tbl=hive.default.acidTbl	
2024-04-23T20:51:11,587  INFO [main] metastore.HMSHandler: Skipping translation for processor with null
2024-04-23T20:51:11,587  INFO [main] HiveMetaStore.audit: ugi=alex	ip=unknown-ip-addr	cmd=get_table : tbl=hive.default.acidTbl	
2024-04-23T20:51:11,599  INFO [main] metastore.HMSHandler: Skipping translation for processor with null
2024-04-23T20:51:11,599  INFO [main] HiveMetaStore.audit: ugi=alex	ip=unknown-ip-addr	cmd=drop_table : tbl=hive.default.acidTbl	
2024-04-23T20:51:11,790  INFO [main] metadata.Hive: Dumping metastore api call timing information for : execution phase
2024-04-23T20:51:11,790  INFO [main] metadata.Hive: Total time spent in each metastore function (ms): {dropTable_(String, String, boolean, boolean, boolean)=203, isCompatibleWith_(Configuration)=0, getTable_(GetTableRequest)=13}
2024-04-23T20:51:11,791  INFO [main] ql.Driver: Completed executing command(queryId=alex_20240423205111_4864099d-29ae-4dd2-8bc4-d95ad0e93064); Time taken: 0.217 seconds
2024-04-23T20:51:11,791  INFO [main] lockmgr.DbTxnManager: Stopped heartbeat for query: alex_20240423205111_4864099d-29ae-4dd2-8bc4-d95ad0e93064
2024-04-23T20:51:11,795  INFO [main] txn.TxnHandler: Expected to move at least one record from txn_components to completed_txn_components when committing txn! txnid:25
2024-04-23T20:51:11,803  INFO [main] txn.TxnHandler: Removed transactions: ([25]) from MIN_HISTORY_LEVEL
2024-04-23T20:51:11,803  WARN [main] txn.CompactionTxnHandler: No compaction queue record found for Compaction type transaction commit. txnId:25
2024-04-23T20:51:11,804  INFO [main] ql.TxnCommandsBaseForTests: Running the query: drop table if exists acidTblPart
2024-04-23T20:51:11,804  INFO [main] ql.Driver: Compiling command(queryId=alex_20240423205111_8a3c36be-725c-438f-ac77-11ab33273416): drop table if exists acidTblPart
2024-04-23T20:51:11,807  INFO [main] txn.TxnHandler: Added entries to MIN_HISTORY_LEVEL for current txns: ([26]) with min_open_txn: 24
2024-04-23T20:51:11,807  INFO [main] lockmgr.DbTxnManager: Opened txnid:26
2024-04-23T20:51:11,808  INFO [main] HiveMetaStore.audit: ugi=alex	ip=unknown-ip-addr	cmd=get_table : tbl=hive.default.acidTblPart	
2024-04-23T20:51:11,823  INFO [main] metastore.HMSHandler: Skipping translation for processor with null
2024-04-23T20:51:11,823  INFO [main] ql.Driver: Semantic Analysis Completed (retrial = false)
2024-04-23T20:51:11,823  INFO [main] ql.Driver: Created Hive schema: Schema(fieldSchemas:null, properties:null)
2024-04-23T20:51:11,823  INFO [main] metadata.Hive: Dumping metastore api call timing information for : compilation phase
2024-04-23T20:51:11,823  INFO [main] metadata.Hive: Total time spent in each metastore function (ms): {isCompatibleWith_(Configuration)=2, getValidTxns_(long)=0, openTxn_(String, TxnType)=2, flushCache_()=0, commitTxn_(CommitTxnRequest)=12, getTable_(GetTableRequest)=15}
2024-04-23T20:51:11,824  INFO [main] ql.Driver: Completed compiling command(queryId=alex_20240423205111_8a3c36be-725c-438f-ac77-11ab33273416); Time taken: 0.019 seconds
2024-04-23T20:51:11,824  INFO [main] lockmgr.DbTxnManager: Setting lock request transaction to txnid:26 for queryId=alex_20240423205111_8a3c36be-725c-438f-ac77-11ab33273416
2024-04-23T20:51:11,825  INFO [main] lockmgr.DbLockManager: Requesting lock for queryId=alex_20240423205111_8a3c36be-725c-438f-ac77-11ab33273416
2024-04-23T20:51:11,845  INFO [main] lockmgr.DbLockManager: Response to queryId=alex_20240423205111_8a3c36be-725c-438f-ac77-11ab33273416 LockResponse(lockid:17, state:ACQUIRED)
2024-04-23T20:51:11,845  INFO [main] ql.Driver: Operation DROPTABLE obtained 1 locks
2024-04-23T20:51:11,845  INFO [main] ql.Driver: Executing command(queryId=alex_20240423205111_8a3c36be-725c-438f-ac77-11ab33273416): drop table if exists acidTblPart
2024-04-23T20:51:11,845  INFO [main] ql.Driver: Starting task [Stage-0:DDL] in serial mode
2024-04-23T20:51:11,845  INFO [main] HiveMetaStore.audit: ugi=alex	ip=unknown-ip-addr	cmd=get_table : tbl=hive.default.acidTblPart	
2024-04-23T20:51:11,857  INFO [main] metastore.HMSHandler: Skipping translation for processor with null
2024-04-23T20:51:11,857  INFO [main] HiveMetaStore.audit: ugi=alex	ip=unknown-ip-addr	cmd=get_table : tbl=hive.default.acidTblPart	
2024-04-23T20:51:11,870  INFO [main] metastore.HMSHandler: Skipping translation for processor with null
2024-04-23T20:51:11,870  INFO [main] HiveMetaStore.audit: ugi=alex	ip=unknown-ip-addr	cmd=drop_table : tbl=hive.default.acidTblPart	
2024-04-23T20:51:11,936  INFO [main] metadata.Hive: Dumping metastore api call timing information for : execution phase
2024-04-23T20:51:11,936  INFO [main] metadata.Hive: Total time spent in each metastore function (ms): {getTable_(GetTableRequest)=12, dropTable_(String, String, boolean, boolean, boolean)=79, isCompatibleWith_(Configuration)=0}
2024-04-23T20:51:11,937  INFO [main] ql.Driver: Completed executing command(queryId=alex_20240423205111_8a3c36be-725c-438f-ac77-11ab33273416); Time taken: 0.091 seconds
2024-04-23T20:51:11,937  INFO [main] lockmgr.DbTxnManager: Stopped heartbeat for query: alex_20240423205111_8a3c36be-725c-438f-ac77-11ab33273416
2024-04-23T20:51:11,942  INFO [main] txn.TxnHandler: Expected to move at least one record from txn_components to completed_txn_components when committing txn! txnid:26
2024-04-23T20:51:11,949  INFO [main] txn.TxnHandler: Removed transactions: ([26]) from MIN_HISTORY_LEVEL
2024-04-23T20:51:11,949  WARN [main] txn.CompactionTxnHandler: No compaction queue record found for Compaction type transaction commit. txnId:26
2024-04-23T20:51:11,950  INFO [main] ql.TxnCommandsBaseForTests: Running the query: drop table if exists acidTbl2
2024-04-23T20:51:11,951  INFO [main] ql.Driver: Compiling command(queryId=alex_20240423205111_df96baaf-6dbf-4e57-a64b-ea4ce6e680c2): drop table if exists acidTbl2
2024-04-23T20:51:11,954  INFO [main] txn.TxnHandler: Added entries to MIN_HISTORY_LEVEL for current txns: ([27]) with min_open_txn: 24
2024-04-23T20:51:11,954  INFO [main] lockmgr.DbTxnManager: Opened txnid:27
2024-04-23T20:51:11,955  INFO [main] ql.Driver: Semantic Analysis Completed (retrial = false)
2024-04-23T20:51:11,955  INFO [main] ql.Driver: Created Hive schema: Schema(fieldSchemas:null, properties:null)
2024-04-23T20:51:11,955  INFO [main] metadata.Hive: Dumping metastore api call timing information for : compilation phase
2024-04-23T20:51:11,955  INFO [main] metadata.Hive: Total time spent in each metastore function (ms): {openTxn_(String, TxnType)=2, flushCache_()=0, commitTxn_(CommitTxnRequest)=13, isCompatibleWith_(Configuration)=0, getTable_(GetTableRequest)=0, getValidTxns_(long)=1}
2024-04-23T20:51:11,956  INFO [main] ql.Driver: Completed compiling command(queryId=alex_20240423205111_df96baaf-6dbf-4e57-a64b-ea4ce6e680c2); Time taken: 0.004 seconds
2024-04-23T20:51:11,956  INFO [main] lockmgr.DbTxnManager: Setting lock request transaction to txnid:27 for queryId=alex_20240423205111_df96baaf-6dbf-4e57-a64b-ea4ce6e680c2
2024-04-23T20:51:11,956  INFO [main] ql.Driver: Operation DROPTABLE obtained 0 locks
2024-04-23T20:51:11,956  INFO [main] ql.Driver: Executing command(queryId=alex_20240423205111_df96baaf-6dbf-4e57-a64b-ea4ce6e680c2): drop table if exists acidTbl2
2024-04-23T20:51:11,956  INFO [main] ql.Driver: Starting task [Stage-0:DDL] in serial mode
2024-04-23T20:51:11,956  INFO [main] metadata.SessionHiveMetaStoreClient: Column stats doesn't exist for db=default temp table=acidTbl2
2024-04-23T20:51:11,957  INFO [main] metadata.Hive: Dumping metastore api call timing information for : execution phase
2024-04-23T20:51:11,957  INFO [main] metadata.Hive: Total time spent in each metastore function (ms): {dropTable_(String, String, boolean, boolean, boolean)=1, getTable_(GetTableRequest)=0, isCompatibleWith_(Configuration)=0}
2024-04-23T20:51:11,957  INFO [main] ql.Driver: Completed executing command(queryId=alex_20240423205111_df96baaf-6dbf-4e57-a64b-ea4ce6e680c2); Time taken: 0.001 seconds
2024-04-23T20:51:11,957  INFO [main] lockmgr.DbTxnManager: Stopped heartbeat for query: alex_20240423205111_df96baaf-6dbf-4e57-a64b-ea4ce6e680c2
2024-04-23T20:51:11,964  INFO [main] txn.TxnHandler: Expected to move at least one record from txn_components to completed_txn_components when committing txn! txnid:27
2024-04-23T20:51:11,971  INFO [main] txn.TxnHandler: Removed transactions: ([27]) from MIN_HISTORY_LEVEL
2024-04-23T20:51:11,971  WARN [main] txn.CompactionTxnHandler: No compaction queue record found for Compaction type transaction commit. txnId:27
2024-04-23T20:51:11,971  INFO [main] ql.TxnCommandsBaseForTests: Running the query: drop table if exists nonAcidOrcTbl
2024-04-23T20:51:11,972  INFO [main] ql.Driver: Compiling command(queryId=alex_20240423205111_7e91bbd6-2d40-445a-8c70-ed6a6b3ab112): drop table if exists nonAcidOrcTbl
2024-04-23T20:51:11,974  INFO [main] txn.TxnHandler: Added entries to MIN_HISTORY_LEVEL for current txns: ([28]) with min_open_txn: 24
2024-04-23T20:51:11,974  INFO [main] lockmgr.DbTxnManager: Opened txnid:28
2024-04-23T20:51:11,975  INFO [main] HiveMetaStore.audit: ugi=alex	ip=unknown-ip-addr	cmd=get_table : tbl=hive.default.nonAcidOrcTbl	
2024-04-23T20:51:12,002  INFO [main] metastore.HMSHandler: Skipping translation for processor with null
2024-04-23T20:51:12,002  INFO [main] ql.Driver: Semantic Analysis Completed (retrial = false)
2024-04-23T20:51:12,002  INFO [main] ql.Driver: Created Hive schema: Schema(fieldSchemas:null, properties:null)
2024-04-23T20:51:12,002  INFO [main] metadata.Hive: Dumping metastore api call timing information for : compilation phase
2024-04-23T20:51:12,002  INFO [main] metadata.Hive: Total time spent in each metastore function (ms): {isCompatibleWith_(Configuration)=0, flushCache_()=0, getValidTxns_(long)=0, openTxn_(String, TxnType)=2, commitTxn_(CommitTxnRequest)=14, getTable_(GetTableRequest)=27}
2024-04-23T20:51:12,002  INFO [main] ql.Driver: Completed compiling command(queryId=alex_20240423205111_7e91bbd6-2d40-445a-8c70-ed6a6b3ab112); Time taken: 0.03 seconds
2024-04-23T20:51:12,003  INFO [main] lockmgr.DbTxnManager: Setting lock request transaction to txnid:28 for queryId=alex_20240423205111_7e91bbd6-2d40-445a-8c70-ed6a6b3ab112
2024-04-23T20:51:12,003  INFO [main] lockmgr.DbLockManager: Requesting lock for queryId=alex_20240423205111_7e91bbd6-2d40-445a-8c70-ed6a6b3ab112
2024-04-23T20:51:12,026  INFO [main] lockmgr.DbLockManager: Response to queryId=alex_20240423205111_7e91bbd6-2d40-445a-8c70-ed6a6b3ab112 LockResponse(lockid:18, state:ACQUIRED)
2024-04-23T20:51:12,026  INFO [main] ql.Driver: Operation DROPTABLE obtained 1 locks
2024-04-23T20:51:12,026  INFO [main] ql.Driver: Executing command(queryId=alex_20240423205111_7e91bbd6-2d40-445a-8c70-ed6a6b3ab112): drop table if exists nonAcidOrcTbl
2024-04-23T20:51:12,026  INFO [main] ql.Driver: Starting task [Stage-0:DDL] in serial mode
2024-04-23T20:51:12,026  INFO [main] HiveMetaStore.audit: ugi=alex	ip=unknown-ip-addr	cmd=get_table : tbl=hive.default.nonAcidOrcTbl	
2024-04-23T20:51:12,044  INFO [main] metastore.HMSHandler: Skipping translation for processor with null
2024-04-23T20:51:12,045  INFO [main] HiveMetaStore.audit: ugi=alex	ip=unknown-ip-addr	cmd=get_table : tbl=hive.default.nonAcidOrcTbl	
2024-04-23T20:51:12,058  INFO [main] metastore.HMSHandler: Skipping translation for processor with null
2024-04-23T20:51:12,058  INFO [main] HiveMetaStore.audit: ugi=alex	ip=unknown-ip-addr	cmd=drop_table : tbl=hive.default.nonAcidOrcTbl	
2024-04-23T20:51:12,166  INFO [main] metadata.Hive: Dumping metastore api call timing information for : execution phase
2024-04-23T20:51:12,166  INFO [main] metadata.Hive: Total time spent in each metastore function (ms): {isCompatibleWith_(Configuration)=0, getTable_(GetTableRequest)=18, dropTable_(String, String, boolean, boolean, boolean)=122}
2024-04-23T20:51:12,166  INFO [main] ql.Driver: Completed executing command(queryId=alex_20240423205111_7e91bbd6-2d40-445a-8c70-ed6a6b3ab112); Time taken: 0.14 seconds
2024-04-23T20:51:12,166  INFO [main] lockmgr.DbTxnManager: Stopped heartbeat for query: alex_20240423205111_7e91bbd6-2d40-445a-8c70-ed6a6b3ab112
2024-04-23T20:51:12,171  INFO [main] txn.TxnHandler: Expected to move at least one record from txn_components to completed_txn_components when committing txn! txnid:28
2024-04-23T20:51:12,179  INFO [main] txn.TxnHandler: Removed transactions: ([28]) from MIN_HISTORY_LEVEL
2024-04-23T20:51:12,179  WARN [main] txn.CompactionTxnHandler: No compaction queue record found for Compaction type transaction commit. txnId:28
2024-04-23T20:51:12,180  INFO [main] ql.TxnCommandsBaseForTests: Running the query: drop table if exists nonAcidOrcTbl2
2024-04-23T20:51:12,180  INFO [main] ql.Driver: Compiling command(queryId=alex_20240423205112_9ada3c98-cc33-42b3-8f66-1e4c8dc64869): drop table if exists nonAcidOrcTbl2
2024-04-23T20:51:12,184  INFO [main] txn.TxnHandler: Added entries to MIN_HISTORY_LEVEL for current txns: ([29]) with min_open_txn: 24
2024-04-23T20:51:12,184  INFO [main] lockmgr.DbTxnManager: Opened txnid:29
2024-04-23T20:51:12,185  INFO [main] HiveMetaStore.audit: ugi=alex	ip=unknown-ip-addr	cmd=get_table : tbl=hive.default.nonAcidOrcTbl2	
2024-04-23T20:51:12,200  INFO [main] metastore.HMSHandler: Skipping translation for processor with null
2024-04-23T20:51:12,200  INFO [main] ql.Driver: Semantic Analysis Completed (retrial = false)
2024-04-23T20:51:12,200  INFO [main] ql.Driver: Created Hive schema: Schema(fieldSchemas:null, properties:null)
2024-04-23T20:51:12,200  INFO [main] metadata.Hive: Dumping metastore api call timing information for : compilation phase
2024-04-23T20:51:12,200  INFO [main] metadata.Hive: Total time spent in each metastore function (ms): {commitTxn_(CommitTxnRequest)=12, isCompatibleWith_(Configuration)=1, getTable_(GetTableRequest)=15, openTxn_(String, TxnType)=3, getValidTxns_(long)=0, flushCache_()=0}
2024-04-23T20:51:12,200  INFO [main] ql.Driver: Completed compiling command(queryId=alex_20240423205112_9ada3c98-cc33-42b3-8f66-1e4c8dc64869); Time taken: 0.02 seconds
2024-04-23T20:51:12,201  INFO [main] lockmgr.DbTxnManager: Setting lock request transaction to txnid:29 for queryId=alex_20240423205112_9ada3c98-cc33-42b3-8f66-1e4c8dc64869
2024-04-23T20:51:12,201  INFO [main] lockmgr.DbLockManager: Requesting lock for queryId=alex_20240423205112_9ada3c98-cc33-42b3-8f66-1e4c8dc64869
2024-04-23T20:51:12,221  INFO [main] lockmgr.DbLockManager: Response to queryId=alex_20240423205112_9ada3c98-cc33-42b3-8f66-1e4c8dc64869 LockResponse(lockid:19, state:ACQUIRED)
2024-04-23T20:51:12,221  INFO [main] ql.Driver: Operation DROPTABLE obtained 1 locks
2024-04-23T20:51:12,221  INFO [main] ql.Driver: Executing command(queryId=alex_20240423205112_9ada3c98-cc33-42b3-8f66-1e4c8dc64869): drop table if exists nonAcidOrcTbl2
2024-04-23T20:51:12,221  INFO [main] ql.Driver: Starting task [Stage-0:DDL] in serial mode
2024-04-23T20:51:12,221  INFO [main] HiveMetaStore.audit: ugi=alex	ip=unknown-ip-addr	cmd=get_table : tbl=hive.default.nonAcidOrcTbl2	
2024-04-23T20:51:12,234  INFO [main] metastore.HMSHandler: Skipping translation for processor with null
2024-04-23T20:51:12,234  INFO [main] HiveMetaStore.audit: ugi=alex	ip=unknown-ip-addr	cmd=get_table : tbl=hive.default.nonAcidOrcTbl2	
2024-04-23T20:51:12,246  INFO [main] metastore.HMSHandler: Skipping translation for processor with null
2024-04-23T20:51:12,246  INFO [main] HiveMetaStore.audit: ugi=alex	ip=unknown-ip-addr	cmd=drop_table : tbl=hive.default.nonAcidOrcTbl2	
2024-04-23T20:51:12,285  INFO [main] metadata.Hive: Dumping metastore api call timing information for : execution phase
2024-04-23T20:51:12,285  INFO [main] metadata.Hive: Total time spent in each metastore function (ms): {isCompatibleWith_(Configuration)=0, dropTable_(String, String, boolean, boolean, boolean)=51, getTable_(GetTableRequest)=13}
2024-04-23T20:51:12,285  INFO [main] ql.Driver: Completed executing command(queryId=alex_20240423205112_9ada3c98-cc33-42b3-8f66-1e4c8dc64869); Time taken: 0.064 seconds
2024-04-23T20:51:12,285  INFO [main] lockmgr.DbTxnManager: Stopped heartbeat for query: alex_20240423205112_9ada3c98-cc33-42b3-8f66-1e4c8dc64869
2024-04-23T20:51:12,290  INFO [main] txn.TxnHandler: Expected to move at least one record from txn_components to completed_txn_components when committing txn! txnid:29
2024-04-23T20:51:12,296  INFO [main] txn.TxnHandler: Removed transactions: ([29]) from MIN_HISTORY_LEVEL
2024-04-23T20:51:12,297  WARN [main] txn.CompactionTxnHandler: No compaction queue record found for Compaction type transaction commit. txnId:29
2024-04-23T20:51:12,298  INFO [main] ql.TxnCommandsBaseForTests: Running the query: drop table if exists nonAcidNonBucket
2024-04-23T20:51:12,298  INFO [main] ql.Driver: Compiling command(queryId=alex_20240423205112_82dedbbb-0a95-4a91-9938-2faccdbc082e): drop table if exists nonAcidNonBucket
2024-04-23T20:51:12,301  INFO [main] txn.TxnHandler: Added entries to MIN_HISTORY_LEVEL for current txns: ([30]) with min_open_txn: 25
2024-04-23T20:51:12,301  INFO [main] lockmgr.DbTxnManager: Opened txnid:30
2024-04-23T20:51:12,302  INFO [main] HiveMetaStore.audit: ugi=alex	ip=unknown-ip-addr	cmd=get_table : tbl=hive.default.nonAcidNonBucket	
2024-04-23T20:51:12,314  INFO [main] metastore.HMSHandler: Skipping translation for processor with null
2024-04-23T20:51:12,314  INFO [main] ql.Driver: Semantic Analysis Completed (retrial = false)
2024-04-23T20:51:12,314  INFO [main] ql.Driver: Created Hive schema: Schema(fieldSchemas:null, properties:null)
2024-04-23T20:51:12,314  INFO [main] metadata.Hive: Dumping metastore api call timing information for : compilation phase
2024-04-23T20:51:12,314  INFO [main] metadata.Hive: Total time spent in each metastore function (ms): {openTxn_(String, TxnType)=2, isCompatibleWith_(Configuration)=0, flushCache_()=0, getValidTxns_(long)=1, getTable_(GetTableRequest)=12, commitTxn_(CommitTxnRequest)=12}
2024-04-23T20:51:12,314  INFO [main] ql.Driver: Completed compiling command(queryId=alex_20240423205112_82dedbbb-0a95-4a91-9938-2faccdbc082e); Time taken: 0.016 seconds
2024-04-23T20:51:12,315  INFO [main] lockmgr.DbTxnManager: Setting lock request transaction to txnid:30 for queryId=alex_20240423205112_82dedbbb-0a95-4a91-9938-2faccdbc082e
2024-04-23T20:51:12,315  INFO [main] lockmgr.DbLockManager: Requesting lock for queryId=alex_20240423205112_82dedbbb-0a95-4a91-9938-2faccdbc082e
2024-04-23T20:51:12,332  INFO [main] lockmgr.DbLockManager: Response to queryId=alex_20240423205112_82dedbbb-0a95-4a91-9938-2faccdbc082e LockResponse(lockid:20, state:ACQUIRED)
2024-04-23T20:51:12,332  INFO [main] ql.Driver: Operation DROPTABLE obtained 1 locks
2024-04-23T20:51:12,332  INFO [main] ql.Driver: Executing command(queryId=alex_20240423205112_82dedbbb-0a95-4a91-9938-2faccdbc082e): drop table if exists nonAcidNonBucket
2024-04-23T20:51:12,333  INFO [main] ql.Driver: Starting task [Stage-0:DDL] in serial mode
2024-04-23T20:51:12,333  INFO [main] HiveMetaStore.audit: ugi=alex	ip=unknown-ip-addr	cmd=get_table : tbl=hive.default.nonAcidNonBucket	
2024-04-23T20:51:12,343  INFO [main] metastore.HMSHandler: Skipping translation for processor with null
2024-04-23T20:51:12,343  INFO [main] HiveMetaStore.audit: ugi=alex	ip=unknown-ip-addr	cmd=get_table : tbl=hive.default.nonAcidNonBucket	
2024-04-23T20:51:12,353  INFO [main] metastore.HMSHandler: Skipping translation for processor with null
2024-04-23T20:51:12,353  INFO [main] HiveMetaStore.audit: ugi=alex	ip=unknown-ip-addr	cmd=drop_table : tbl=hive.default.nonAcidNonBucket	
2024-04-23T20:51:12,390  INFO [main] metadata.Hive: Dumping metastore api call timing information for : execution phase
2024-04-23T20:51:12,390  INFO [main] metadata.Hive: Total time spent in each metastore function (ms): {getTable_(GetTableRequest)=10, dropTable_(String, String, boolean, boolean, boolean)=47, isCompatibleWith_(Configuration)=0}
2024-04-23T20:51:12,391  INFO [main] ql.Driver: Completed executing command(queryId=alex_20240423205112_82dedbbb-0a95-4a91-9938-2faccdbc082e); Time taken: 0.058 seconds
2024-04-23T20:51:12,391  INFO [main] lockmgr.DbTxnManager: Stopped heartbeat for query: alex_20240423205112_82dedbbb-0a95-4a91-9938-2faccdbc082e
2024-04-23T20:51:12,395  INFO [main] txn.TxnHandler: Expected to move at least one record from txn_components to completed_txn_components when committing txn! txnid:30
2024-04-23T20:51:12,403  INFO [main] txn.TxnHandler: Removed transactions: ([30]) from MIN_HISTORY_LEVEL
2024-04-23T20:51:12,403  WARN [main] txn.CompactionTxnHandler: No compaction queue record found for Compaction type transaction commit. txnId:30
2024-04-23T20:51:12,403  INFO [main] utils.TestTxnDbUtil: Cleaning transactional tables
]]></system-err>
  </testcase>
  <testcase name="testEmptyCompactionResult" classname="org.apache.hadoop.hive.ql.TestTxnNoBucketsVectorized" time="20.354"/>
  <testcase name="testToAcidConversion02" classname="org.apache.hadoop.hive.ql.TestTxnNoBucketsVectorized" time="9.857">
    <error type="java.lang.RuntimeException"><![CDATA[java.lang.RuntimeException: update nonAcidNonBucket set b = 120 where a = 0 and b = 12 failed: (responseCode = 40000, errorMessage = FAILED: NoMatchingMethodException No matching method for class org.apache.hadoop.hive.ql.udf.UDFToInteger with (struct<writeid:bigint,bucketid:int,rowid:bigint>). Possible choices: _FUNC_(bigint)  _FUNC_(boolean)  _FUNC_(decimal(38,18))  _FUNC_(double)  _FUNC_(float)  _FUNC_(smallint)  _FUNC_(string)  _FUNC_(struct<bucketid:int,rowid:bigint,writeid:bigint>)  _FUNC_(timestamp)  _FUNC_(tinyint)  _FUNC_(void)  , hiveErrorCode = 40000, SQLState = 42000, exception = No matching method for class org.apache.hadoop.hive.ql.udf.UDFToInteger with (struct<writeid:bigint,bucketid:int,rowid:bigint>). Possible choices: _FUNC_(bigint)  _FUNC_(boolean)  _FUNC_(decimal(38,18))  _FUNC_(double)  _FUNC_(float)  _FUNC_(smallint)  _FUNC_(string)  _FUNC_(struct<bucketid:int,rowid:bigint,writeid:bigint>)  _FUNC_(timestamp)  _FUNC_(tinyint)  _FUNC_(void)  )
	at org.apache.hadoop.hive.ql.TxnCommandsBaseForTests.runStatementOnDriver(TxnCommandsBaseForTests.java:247)
	at org.apache.hadoop.hive.ql.TestTxnNoBuckets.testToAcidConversion02(TestTxnNoBuckets.java:553)
	at sun.reflect.NativeMethodAccessorImpl.invoke0(Native Method)
	at sun.reflect.NativeMethodAccessorImpl.invoke(NativeMethodAccessorImpl.java:62)
	at sun.reflect.DelegatingMethodAccessorImpl.invoke(DelegatingMethodAccessorImpl.java:43)
	at java.lang.reflect.Method.invoke(Method.java:498)
	at org.junit.runners.model.FrameworkMethod$1.runReflectiveCall(FrameworkMethod.java:59)
	at org.junit.internal.runners.model.ReflectiveCallable.run(ReflectiveCallable.java:12)
	at org.junit.runners.model.FrameworkMethod.invokeExplosively(FrameworkMethod.java:56)
	at org.junit.internal.runners.statements.InvokeMethod.evaluate(InvokeMethod.java:17)
	at org.junit.internal.runners.statements.RunBefores.evaluate(RunBefores.java:26)
	at org.junit.internal.runners.statements.RunAfters.evaluate(RunAfters.java:27)
	at org.junit.rules.TestWatcher$1.evaluate(TestWatcher.java:61)
	at org.junit.runners.ParentRunner$3.evaluate(ParentRunner.java:306)
	at org.junit.runners.BlockJUnit4ClassRunner$1.evaluate(BlockJUnit4ClassRunner.java:100)
	at org.junit.runners.ParentRunner.runLeaf(ParentRunner.java:366)
	at org.junit.runners.BlockJUnit4ClassRunner.runChild(BlockJUnit4ClassRunner.java:103)
	at org.junit.runners.BlockJUnit4ClassRunner.runChild(BlockJUnit4ClassRunner.java:63)
	at org.junit.runners.ParentRunner$4.run(ParentRunner.java:331)
	at org.junit.runners.ParentRunner$1.schedule(ParentRunner.java:79)
	at org.junit.runners.ParentRunner.runChildren(ParentRunner.java:329)
	at org.junit.runners.ParentRunner.access$100(ParentRunner.java:66)
	at org.junit.runners.ParentRunner$2.evaluate(ParentRunner.java:293)
	at org.junit.runners.ParentRunner$3.evaluate(ParentRunner.java:306)
	at org.junit.runners.ParentRunner.run(ParentRunner.java:413)
	at org.junit.runner.JUnitCore.run(JUnitCore.java:137)
	at org.junit.runner.JUnitCore.run(JUnitCore.java:115)
	at org.junit.vintage.engine.execution.RunnerExecutor.execute(RunnerExecutor.java:43)
	at java.util.stream.ForEachOps$ForEachOp$OfRef.accept(ForEachOps.java:183)
	at java.util.stream.ReferencePipeline$3$1.accept(ReferencePipeline.java:193)
	at java.util.Iterator.forEachRemaining(Iterator.java:116)
	at java.util.Spliterators$IteratorSpliterator.forEachRemaining(Spliterators.java:1801)
	at java.util.stream.AbstractPipeline.copyInto(AbstractPipeline.java:482)
	at java.util.stream.AbstractPipeline.wrapAndCopyInto(AbstractPipeline.java:472)
	at java.util.stream.ForEachOps$ForEachOp.evaluateSequential(ForEachOps.java:150)
	at java.util.stream.ForEachOps$ForEachOp$OfRef.evaluateSequential(ForEachOps.java:173)
	at java.util.stream.AbstractPipeline.evaluate(AbstractPipeline.java:234)
	at java.util.stream.ReferencePipeline.forEach(ReferencePipeline.java:485)
	at org.junit.vintage.engine.VintageTestEngine.executeAllChildren(VintageTestEngine.java:82)
	at org.junit.vintage.engine.VintageTestEngine.execute(VintageTestEngine.java:73)
	at org.junit.platform.launcher.core.DefaultLauncher.execute(DefaultLauncher.java:248)
	at org.junit.platform.launcher.core.DefaultLauncher.lambda$execute$5(DefaultLauncher.java:211)
	at org.junit.platform.launcher.core.DefaultLauncher.withInterceptedStreams(DefaultLauncher.java:226)
	at org.junit.platform.launcher.core.DefaultLauncher.execute(DefaultLauncher.java:199)
	at org.junit.platform.launcher.core.DefaultLauncher.execute(DefaultLauncher.java:132)
	at org.apache.maven.surefire.junitplatform.JUnitPlatformProvider.invokeAllTests(JUnitPlatformProvider.java:154)
	at org.apache.maven.surefire.junitplatform.JUnitPlatformProvider.invoke(JUnitPlatformProvider.java:123)
	at org.apache.maven.surefire.booter.ForkedBooter.runSuitesInProcess(ForkedBooter.java:377)
	at org.apache.maven.surefire.booter.ForkedBooter.execute(ForkedBooter.java:138)
	at org.apache.maven.surefire.booter.ForkedBooter.run(ForkedBooter.java:465)
	at org.apache.maven.surefire.booter.ForkedBooter.main(ForkedBooter.java:451)
]]></error>
    <system-err><![CDATA[2024-04-23T20:51:32,836  WARN [main] conf.HiveConf: HiveConf of name hive.dummyparam.test.server.specific.config.metastoresite does not exist
2024-04-23T20:51:32,837  WARN [main] conf.HiveConf: HiveConf of name hive.metastore.client.cache.maxSize does not exist
2024-04-23T20:51:32,837  WARN [main] conf.HiveConf: HiveConf of name hive.llap.io.cache.orc.arena.size does not exist
2024-04-23T20:51:32,837  WARN [main] conf.HiveConf: HiveConf of name hive.llap.io.cache.orc.size does not exist
2024-04-23T20:51:32,837  WARN [main] conf.HiveConf: HiveConf of name hive.dummyparam.test.server.specific.config.override does not exist
2024-04-23T20:51:32,837  WARN [main] conf.HiveConf: HiveConf of name hive.llap.io.cache.orc.alloc.min does not exist
2024-04-23T20:51:32,837  WARN [main] conf.HiveConf: HiveConf of name hive.metastore.client.cache.recordStats does not exist
2024-04-23T20:51:32,837  WARN [main] conf.HiveConf: HiveConf of name hive.metastore.metadb.dir does not exist
2024-04-23T20:51:32,837  WARN [main] conf.HiveConf: HiveConf of name hive.dummyparam.test.server.specific.config.hivesite does not exist
2024-04-23T20:51:32,837  WARN [main] conf.HiveConf: HiveConf of name hive.llap.io.cache.orc.alloc.max does not exist
2024-04-23T20:51:32,837  WARN [main] conf.HiveConf: HiveConf of name hive.stats.key.prefix.reserve.length does not exist
2024-04-23T20:51:32,839  INFO [main] utils.TestTxnDbUtil: Creating transactional tables
Hive Session ID = 015cd12a-2c2e-49b1-bdb5-af055e561965
2024-04-23T20:51:32,842  INFO [main] SessionState: Hive Session ID = 015cd12a-2c2e-49b1-bdb5-af055e561965
ivysettings.xml file not found in HIVE_HOME or HIVE_CONF_DIR,/home/alex/Repositories/hive/conf/ivysettings.xml will be used
2024-04-23T20:51:32,843  INFO [main] DependencyResolver: ivysettings.xml file not found in HIVE_HOME or HIVE_CONF_DIR,/home/alex/Repositories/hive/conf/ivysettings.xml will be used
2024-04-23T20:51:32,848  INFO [main] session.SessionState: Created HDFS directory: /home/alex/Repositories/hive/ql/target/tmp/scratchdir/alex/015cd12a-2c2e-49b1-bdb5-af055e561965
2024-04-23T20:51:32,851  INFO [main] session.SessionState: Created local directory: /home/alex/Repositories/hive/ql/target/tmp/localscratchdir/015cd12a-2c2e-49b1-bdb5-af055e561965
2024-04-23T20:51:32,854  INFO [main] session.SessionState: Created HDFS directory: /home/alex/Repositories/hive/ql/target/tmp/scratchdir/alex/015cd12a-2c2e-49b1-bdb5-af055e561965/_tmp_space.db
2024-04-23T20:51:32,854  INFO [main] sqlstd.SQLStdHiveAccessController: Created SQLStdHiveAccessController for session context : HiveAuthzSessionContext [sessionString=015cd12a-2c2e-49b1-bdb5-af055e561965, clientType=HIVECLI]
2024-04-23T20:51:32,855  INFO [main] ql.TxnCommandsBaseForTests: Running the query: drop table if exists acidTbl
2024-04-23T20:51:32,855  INFO [main] ql.Driver: Compiling command(queryId=alex_20240423205132_af17d1c5-a332-4ab5-948e-869a54dede3c): drop table if exists acidTbl
2024-04-23T20:51:32,868  INFO [main] txn.TxnHandler: Added entries to MIN_HISTORY_LEVEL for current txns: ([1]) with min_open_txn: 1
2024-04-23T20:51:32,868  INFO [main] lockmgr.DbTxnManager: Opened txnid:1
2024-04-23T20:51:32,872  INFO [main] HiveMetaStore.audit: ugi=alex	ip=unknown-ip-addr	cmd=get_table : tbl=hive.default.acidTbl	
2024-04-23T20:51:32,877  INFO [main] ql.Driver: Semantic Analysis Completed (retrial = false)
2024-04-23T20:51:32,877  INFO [main] ql.Driver: Created Hive schema: Schema(fieldSchemas:null, properties:null)
2024-04-23T20:51:32,878  INFO [main] metadata.Hive: Dumping metastore api call timing information for : compilation phase
2024-04-23T20:51:32,878  INFO [main] metadata.Hive: Total time spent in each metastore function (ms): {openTxn_(String, TxnType)=12, isCompatibleWith_(Configuration)=1, commitTxn_(CommitTxnRequest)=12, flushCache_()=0, getValidTxns_(long)=3}
2024-04-23T20:51:32,878  INFO [main] ql.Driver: Completed compiling command(queryId=alex_20240423205132_af17d1c5-a332-4ab5-948e-869a54dede3c); Time taken: 0.023 seconds
2024-04-23T20:51:32,879  INFO [main] lockmgr.DbTxnManager: Setting lock request transaction to txnid:1 for queryId=alex_20240423205132_af17d1c5-a332-4ab5-948e-869a54dede3c
2024-04-23T20:51:32,879  INFO [main] ql.Driver: Operation DROPTABLE obtained 0 locks
2024-04-23T20:51:32,879  INFO [main] ql.Driver: Executing command(queryId=alex_20240423205132_af17d1c5-a332-4ab5-948e-869a54dede3c): drop table if exists acidTbl
2024-04-23T20:51:32,879  INFO [main] ql.Driver: Starting task [Stage-0:DDL] in serial mode
2024-04-23T20:51:32,880  INFO [main] HiveMetaStore.audit: ugi=alex	ip=unknown-ip-addr	cmd=get_table : tbl=hive.default.acidTbl	
2024-04-23T20:51:32,885  INFO [main] metadata.Hive: Dumping metastore api call timing information for : execution phase
2024-04-23T20:51:32,885  INFO [main] metadata.Hive: Total time spent in each metastore function (ms): {isCompatibleWith_(Configuration)=0}
2024-04-23T20:51:32,885  INFO [main] ql.Driver: Completed executing command(queryId=alex_20240423205132_af17d1c5-a332-4ab5-948e-869a54dede3c); Time taken: 0.006 seconds
2024-04-23T20:51:32,885  INFO [main] lockmgr.DbTxnManager: Stopped heartbeat for query: alex_20240423205132_af17d1c5-a332-4ab5-948e-869a54dede3c
2024-04-23T20:51:32,892  INFO [main] txn.TxnHandler: Expected to move at least one record from txn_components to completed_txn_components when committing txn! txnid:1
2024-04-23T20:51:32,901  INFO [main] txn.TxnHandler: Removed transactions: ([1]) from MIN_HISTORY_LEVEL
2024-04-23T20:51:32,901  WARN [main] txn.CompactionTxnHandler: No compaction queue record found for Compaction type transaction commit. txnId:1
2024-04-23T20:51:32,902  INFO [main] ql.TxnCommandsBaseForTests: Running the query: drop table if exists acidTblPart
2024-04-23T20:51:32,902  INFO [main] ql.Driver: Compiling command(queryId=alex_20240423205132_913943f4-9250-4e31-953f-80ed45c410b1): drop table if exists acidTblPart
2024-04-23T20:51:32,904  INFO [main] txn.TxnHandler: Added entries to MIN_HISTORY_LEVEL for current txns: ([2]) with min_open_txn: 1
2024-04-23T20:51:32,905  INFO [main] lockmgr.DbTxnManager: Opened txnid:2
2024-04-23T20:51:32,905  INFO [main] HiveMetaStore.audit: ugi=alex	ip=unknown-ip-addr	cmd=get_table : tbl=hive.default.acidTblPart	
2024-04-23T20:51:32,909  INFO [main] ql.Driver: Semantic Analysis Completed (retrial = false)
2024-04-23T20:51:32,909  INFO [main] ql.Driver: Created Hive schema: Schema(fieldSchemas:null, properties:null)
2024-04-23T20:51:32,909  INFO [main] metadata.Hive: Dumping metastore api call timing information for : compilation phase
2024-04-23T20:51:32,910  INFO [main] metadata.Hive: Total time spent in each metastore function (ms): {isCompatibleWith_(Configuration)=1, getValidTxns_(long)=0, commitTxn_(CommitTxnRequest)=15, openTxn_(String, TxnType)=3, flushCache_()=0}
2024-04-23T20:51:32,910  INFO [main] ql.Driver: Completed compiling command(queryId=alex_20240423205132_913943f4-9250-4e31-953f-80ed45c410b1); Time taken: 0.007 seconds
2024-04-23T20:51:32,910  INFO [main] lockmgr.DbTxnManager: Setting lock request transaction to txnid:2 for queryId=alex_20240423205132_913943f4-9250-4e31-953f-80ed45c410b1
2024-04-23T20:51:32,910  INFO [main] ql.Driver: Operation DROPTABLE obtained 0 locks
2024-04-23T20:51:32,910  INFO [main] ql.Driver: Executing command(queryId=alex_20240423205132_913943f4-9250-4e31-953f-80ed45c410b1): drop table if exists acidTblPart
2024-04-23T20:51:32,910  INFO [main] ql.Driver: Starting task [Stage-0:DDL] in serial mode
2024-04-23T20:51:32,910  INFO [main] HiveMetaStore.audit: ugi=alex	ip=unknown-ip-addr	cmd=get_table : tbl=hive.default.acidTblPart	
2024-04-23T20:51:32,914  INFO [main] metadata.Hive: Dumping metastore api call timing information for : execution phase
2024-04-23T20:51:32,914  INFO [main] metadata.Hive: Total time spent in each metastore function (ms): {isCompatibleWith_(Configuration)=0}
2024-04-23T20:51:32,914  INFO [main] ql.Driver: Completed executing command(queryId=alex_20240423205132_913943f4-9250-4e31-953f-80ed45c410b1); Time taken: 0.004 seconds
2024-04-23T20:51:32,915  INFO [main] lockmgr.DbTxnManager: Stopped heartbeat for query: alex_20240423205132_913943f4-9250-4e31-953f-80ed45c410b1
2024-04-23T20:51:32,921  INFO [main] txn.TxnHandler: Expected to move at least one record from txn_components to completed_txn_components when committing txn! txnid:2
2024-04-23T20:51:32,928  INFO [main] txn.TxnHandler: Removed transactions: ([2]) from MIN_HISTORY_LEVEL
2024-04-23T20:51:32,928  WARN [main] txn.CompactionTxnHandler: No compaction queue record found for Compaction type transaction commit. txnId:2
2024-04-23T20:51:32,929  INFO [main] ql.TxnCommandsBaseForTests: Running the query: drop table if exists acidTbl2
2024-04-23T20:51:32,929  INFO [main] ql.Driver: Compiling command(queryId=alex_20240423205132_88d0edf0-2307-483d-b3f9-80211c4318b9): drop table if exists acidTbl2
2024-04-23T20:51:32,932  INFO [main] txn.TxnHandler: Added entries to MIN_HISTORY_LEVEL for current txns: ([3]) with min_open_txn: 1
2024-04-23T20:51:32,932  INFO [main] lockmgr.DbTxnManager: Opened txnid:3
2024-04-23T20:51:32,933  INFO [main] HiveMetaStore.audit: ugi=alex	ip=unknown-ip-addr	cmd=get_table : tbl=hive.default.acidTbl2	
2024-04-23T20:51:32,936  INFO [main] ql.Driver: Semantic Analysis Completed (retrial = false)
2024-04-23T20:51:32,936  INFO [main] ql.Driver: Created Hive schema: Schema(fieldSchemas:null, properties:null)
2024-04-23T20:51:32,936  INFO [main] metadata.Hive: Dumping metastore api call timing information for : compilation phase
2024-04-23T20:51:32,937  INFO [main] metadata.Hive: Total time spent in each metastore function (ms): {openTxn_(String, TxnType)=2, flushCache_()=0, isCompatibleWith_(Configuration)=1, commitTxn_(CommitTxnRequest)=14, getValidTxns_(long)=0}
2024-04-23T20:51:32,937  INFO [main] ql.Driver: Completed compiling command(queryId=alex_20240423205132_88d0edf0-2307-483d-b3f9-80211c4318b9); Time taken: 0.007 seconds
2024-04-23T20:51:32,937  INFO [main] lockmgr.DbTxnManager: Setting lock request transaction to txnid:3 for queryId=alex_20240423205132_88d0edf0-2307-483d-b3f9-80211c4318b9
2024-04-23T20:51:32,937  INFO [main] ql.Driver: Operation DROPTABLE obtained 0 locks
2024-04-23T20:51:32,937  INFO [main] ql.Driver: Executing command(queryId=alex_20240423205132_88d0edf0-2307-483d-b3f9-80211c4318b9): drop table if exists acidTbl2
2024-04-23T20:51:32,937  INFO [main] ql.Driver: Starting task [Stage-0:DDL] in serial mode
2024-04-23T20:51:32,937  INFO [main] HiveMetaStore.audit: ugi=alex	ip=unknown-ip-addr	cmd=get_table : tbl=hive.default.acidTbl2	
2024-04-23T20:51:32,941  INFO [main] metadata.Hive: Dumping metastore api call timing information for : execution phase
2024-04-23T20:51:32,941  INFO [main] metadata.Hive: Total time spent in each metastore function (ms): {isCompatibleWith_(Configuration)=0}
2024-04-23T20:51:32,941  INFO [main] ql.Driver: Completed executing command(queryId=alex_20240423205132_88d0edf0-2307-483d-b3f9-80211c4318b9); Time taken: 0.004 seconds
2024-04-23T20:51:32,941  INFO [main] lockmgr.DbTxnManager: Stopped heartbeat for query: alex_20240423205132_88d0edf0-2307-483d-b3f9-80211c4318b9
2024-04-23T20:51:32,948  INFO [main] txn.TxnHandler: Expected to move at least one record from txn_components to completed_txn_components when committing txn! txnid:3
2024-04-23T20:51:32,956  INFO [main] txn.TxnHandler: Removed transactions: ([3]) from MIN_HISTORY_LEVEL
2024-04-23T20:51:32,956  WARN [main] txn.CompactionTxnHandler: No compaction queue record found for Compaction type transaction commit. txnId:3
2024-04-23T20:51:32,957  INFO [main] ql.TxnCommandsBaseForTests: Running the query: drop table if exists nonAcidOrcTbl
2024-04-23T20:51:32,957  INFO [main] ql.Driver: Compiling command(queryId=alex_20240423205132_3adcda44-d020-4d1e-8b45-4c9e11d65245): drop table if exists nonAcidOrcTbl
2024-04-23T20:51:32,959  INFO [main] txn.TxnHandler: Added entries to MIN_HISTORY_LEVEL for current txns: ([4]) with min_open_txn: 1
2024-04-23T20:51:32,960  INFO [main] lockmgr.DbTxnManager: Opened txnid:4
2024-04-23T20:51:32,961  INFO [main] HiveMetaStore.audit: ugi=alex	ip=unknown-ip-addr	cmd=get_table : tbl=hive.default.nonAcidOrcTbl	
2024-04-23T20:51:32,964  INFO [main] ql.Driver: Semantic Analysis Completed (retrial = false)
2024-04-23T20:51:32,964  INFO [main] ql.Driver: Created Hive schema: Schema(fieldSchemas:null, properties:null)
2024-04-23T20:51:32,964  INFO [main] metadata.Hive: Dumping metastore api call timing information for : compilation phase
2024-04-23T20:51:32,964  INFO [main] metadata.Hive: Total time spent in each metastore function (ms): {openTxn_(String, TxnType)=2, isCompatibleWith_(Configuration)=2, commitTxn_(CommitTxnRequest)=15, flushCache_()=0, getValidTxns_(long)=0}
2024-04-23T20:51:32,964  INFO [main] ql.Driver: Completed compiling command(queryId=alex_20240423205132_3adcda44-d020-4d1e-8b45-4c9e11d65245); Time taken: 0.007 seconds
2024-04-23T20:51:32,965  INFO [main] lockmgr.DbTxnManager: Setting lock request transaction to txnid:4 for queryId=alex_20240423205132_3adcda44-d020-4d1e-8b45-4c9e11d65245
2024-04-23T20:51:32,965  INFO [main] ql.Driver: Operation DROPTABLE obtained 0 locks
2024-04-23T20:51:32,965  INFO [main] ql.Driver: Executing command(queryId=alex_20240423205132_3adcda44-d020-4d1e-8b45-4c9e11d65245): drop table if exists nonAcidOrcTbl
2024-04-23T20:51:32,965  INFO [main] ql.Driver: Starting task [Stage-0:DDL] in serial mode
2024-04-23T20:51:32,965  INFO [main] HiveMetaStore.audit: ugi=alex	ip=unknown-ip-addr	cmd=get_table : tbl=hive.default.nonAcidOrcTbl	
2024-04-23T20:51:32,968  INFO [main] metadata.Hive: Dumping metastore api call timing information for : execution phase
2024-04-23T20:51:32,969  INFO [main] metadata.Hive: Total time spent in each metastore function (ms): {isCompatibleWith_(Configuration)=0}
2024-04-23T20:51:32,969  INFO [main] ql.Driver: Completed executing command(queryId=alex_20240423205132_3adcda44-d020-4d1e-8b45-4c9e11d65245); Time taken: 0.003 seconds
2024-04-23T20:51:32,969  INFO [main] lockmgr.DbTxnManager: Stopped heartbeat for query: alex_20240423205132_3adcda44-d020-4d1e-8b45-4c9e11d65245
2024-04-23T20:51:32,975  INFO [main] txn.TxnHandler: Expected to move at least one record from txn_components to completed_txn_components when committing txn! txnid:4
2024-04-23T20:51:32,982  INFO [main] txn.TxnHandler: Removed transactions: ([4]) from MIN_HISTORY_LEVEL
2024-04-23T20:51:32,983  WARN [main] txn.CompactionTxnHandler: No compaction queue record found for Compaction type transaction commit. txnId:4
2024-04-23T20:51:32,983  INFO [main] ql.TxnCommandsBaseForTests: Running the query: drop table if exists nonAcidOrcTbl2
2024-04-23T20:51:32,984  INFO [main] ql.Driver: Compiling command(queryId=alex_20240423205132_e3f36b13-54b7-477a-9dae-a30d1d93ade1): drop table if exists nonAcidOrcTbl2
2024-04-23T20:51:32,986  INFO [main] txn.TxnHandler: Added entries to MIN_HISTORY_LEVEL for current txns: ([5]) with min_open_txn: 1
2024-04-23T20:51:32,987  INFO [main] lockmgr.DbTxnManager: Opened txnid:5
2024-04-23T20:51:32,987  INFO [main] HiveMetaStore.audit: ugi=alex	ip=unknown-ip-addr	cmd=get_table : tbl=hive.default.nonAcidOrcTbl2	
2024-04-23T20:51:32,991  INFO [main] ql.Driver: Semantic Analysis Completed (retrial = false)
2024-04-23T20:51:32,991  INFO [main] ql.Driver: Created Hive schema: Schema(fieldSchemas:null, properties:null)
2024-04-23T20:51:32,991  INFO [main] metadata.Hive: Dumping metastore api call timing information for : compilation phase
2024-04-23T20:51:32,992  INFO [main] metadata.Hive: Total time spent in each metastore function (ms): {commitTxn_(CommitTxnRequest)=14, openTxn_(String, TxnType)=3, isCompatibleWith_(Configuration)=0, getValidTxns_(long)=0, flushCache_()=0}
2024-04-23T20:51:32,992  INFO [main] ql.Driver: Completed compiling command(queryId=alex_20240423205132_e3f36b13-54b7-477a-9dae-a30d1d93ade1); Time taken: 0.007 seconds
2024-04-23T20:51:32,992  INFO [main] lockmgr.DbTxnManager: Setting lock request transaction to txnid:5 for queryId=alex_20240423205132_e3f36b13-54b7-477a-9dae-a30d1d93ade1
2024-04-23T20:51:32,992  INFO [main] ql.Driver: Operation DROPTABLE obtained 0 locks
2024-04-23T20:51:32,992  INFO [main] ql.Driver: Executing command(queryId=alex_20240423205132_e3f36b13-54b7-477a-9dae-a30d1d93ade1): drop table if exists nonAcidOrcTbl2
2024-04-23T20:51:32,992  INFO [main] ql.Driver: Starting task [Stage-0:DDL] in serial mode
2024-04-23T20:51:32,993  INFO [main] HiveMetaStore.audit: ugi=alex	ip=unknown-ip-addr	cmd=get_table : tbl=hive.default.nonAcidOrcTbl2	
2024-04-23T20:51:32,996  INFO [main] metadata.Hive: Dumping metastore api call timing information for : execution phase
2024-04-23T20:51:32,996  INFO [main] metadata.Hive: Total time spent in each metastore function (ms): {isCompatibleWith_(Configuration)=0}
2024-04-23T20:51:32,996  INFO [main] ql.Driver: Completed executing command(queryId=alex_20240423205132_e3f36b13-54b7-477a-9dae-a30d1d93ade1); Time taken: 0.004 seconds
2024-04-23T20:51:32,996  INFO [main] lockmgr.DbTxnManager: Stopped heartbeat for query: alex_20240423205132_e3f36b13-54b7-477a-9dae-a30d1d93ade1
2024-04-23T20:51:33,002  INFO [main] txn.TxnHandler: Expected to move at least one record from txn_components to completed_txn_components when committing txn! txnid:5
2024-04-23T20:51:33,010  INFO [main] txn.TxnHandler: Removed transactions: ([5]) from MIN_HISTORY_LEVEL
2024-04-23T20:51:33,011  WARN [main] txn.CompactionTxnHandler: No compaction queue record found for Compaction type transaction commit. txnId:5
2024-04-23T20:51:33,011  INFO [main] ql.TxnCommandsBaseForTests: Running the query: drop table if exists nonAcidNonBucket
2024-04-23T20:51:33,012  INFO [main] ql.Driver: Compiling command(queryId=alex_20240423205133_bfc0f7de-036d-4e5a-8330-23f399a06863): drop table if exists nonAcidNonBucket
2024-04-23T20:51:33,014  INFO [main] txn.TxnHandler: Added entries to MIN_HISTORY_LEVEL for current txns: ([6]) with min_open_txn: 1
2024-04-23T20:51:33,014  INFO [main] lockmgr.DbTxnManager: Opened txnid:6
2024-04-23T20:51:33,015  INFO [main] HiveMetaStore.audit: ugi=alex	ip=unknown-ip-addr	cmd=get_table : tbl=hive.default.nonAcidNonBucket	
2024-04-23T20:51:33,018  INFO [main] ql.Driver: Semantic Analysis Completed (retrial = false)
2024-04-23T20:51:33,018  INFO [main] ql.Driver: Created Hive schema: Schema(fieldSchemas:null, properties:null)
2024-04-23T20:51:33,018  INFO [main] metadata.Hive: Dumping metastore api call timing information for : compilation phase
2024-04-23T20:51:33,019  INFO [main] metadata.Hive: Total time spent in each metastore function (ms): {getValidTxns_(long)=1, flushCache_()=0, isCompatibleWith_(Configuration)=1, commitTxn_(CommitTxnRequest)=14, openTxn_(String, TxnType)=2}
2024-04-23T20:51:33,019  INFO [main] ql.Driver: Completed compiling command(queryId=alex_20240423205133_bfc0f7de-036d-4e5a-8330-23f399a06863); Time taken: 0.007 seconds
2024-04-23T20:51:33,019  INFO [main] lockmgr.DbTxnManager: Setting lock request transaction to txnid:6 for queryId=alex_20240423205133_bfc0f7de-036d-4e5a-8330-23f399a06863
2024-04-23T20:51:33,019  INFO [main] ql.Driver: Operation DROPTABLE obtained 0 locks
2024-04-23T20:51:33,019  INFO [main] ql.Driver: Executing command(queryId=alex_20240423205133_bfc0f7de-036d-4e5a-8330-23f399a06863): drop table if exists nonAcidNonBucket
2024-04-23T20:51:33,019  INFO [main] ql.Driver: Starting task [Stage-0:DDL] in serial mode
2024-04-23T20:51:33,020  INFO [main] HiveMetaStore.audit: ugi=alex	ip=unknown-ip-addr	cmd=get_table : tbl=hive.default.nonAcidNonBucket	
2024-04-23T20:51:33,023  INFO [main] metadata.Hive: Dumping metastore api call timing information for : execution phase
2024-04-23T20:51:33,024  INFO [main] metadata.Hive: Total time spent in each metastore function (ms): {isCompatibleWith_(Configuration)=0}
2024-04-23T20:51:33,024  INFO [main] ql.Driver: Completed executing command(queryId=alex_20240423205133_bfc0f7de-036d-4e5a-8330-23f399a06863); Time taken: 0.004 seconds
2024-04-23T20:51:33,024  INFO [main] lockmgr.DbTxnManager: Stopped heartbeat for query: alex_20240423205133_bfc0f7de-036d-4e5a-8330-23f399a06863
2024-04-23T20:51:33,030  INFO [main] txn.TxnHandler: Expected to move at least one record from txn_components to completed_txn_components when committing txn! txnid:6
2024-04-23T20:51:33,037  INFO [main] txn.TxnHandler: Removed transactions: ([6]) from MIN_HISTORY_LEVEL
2024-04-23T20:51:33,037  WARN [main] txn.CompactionTxnHandler: No compaction queue record found for Compaction type transaction commit. txnId:6
2024-04-23T20:51:33,038  INFO [main] ql.TxnCommandsBaseForTests: Running the query: create table acidTbl(a int, b int) clustered by (a) into 2 buckets stored as orc TBLPROPERTIES ('transactional'='true')
2024-04-23T20:51:33,038  INFO [main] ql.Driver: Compiling command(queryId=alex_20240423205133_0272f06e-b4d4-4ace-b031-f6fddd360fa3): create table acidTbl(a int, b int) clustered by (a) into 2 buckets stored as orc TBLPROPERTIES ('transactional'='true')
2024-04-23T20:51:33,041  INFO [main] txn.TxnHandler: Added entries to MIN_HISTORY_LEVEL for current txns: ([7]) with min_open_txn: 1
2024-04-23T20:51:33,041  INFO [main] lockmgr.DbTxnManager: Opened txnid:7
2024-04-23T20:51:33,042  INFO [main] parse.CalcitePlanner: Starting caching scope for: 
2024-04-23T20:51:33,042  INFO [main] parse.CalcitePlanner: Starting Semantic Analysis
2024-04-23T20:51:33,048  INFO [main] parse.CalcitePlanner: Creating table default.acidTbl position=13
2024-04-23T20:51:33,048  INFO [main] HiveMetaStore.audit: ugi=alex	ip=unknown-ip-addr	cmd=get_database: default	
2024-04-23T20:51:33,050  INFO [main] parse.CalcitePlanner: Ending caching scope for: 
2024-04-23T20:51:33,050  INFO [main] ql.Driver: Semantic Analysis Completed (retrial = false)
2024-04-23T20:51:33,050  INFO [main] ql.Driver: Created Hive schema: Schema(fieldSchemas:null, properties:null)
2024-04-23T20:51:33,050  INFO [main] metadata.Hive: Dumping metastore api call timing information for : compilation phase
2024-04-23T20:51:33,050  INFO [main] metadata.Hive: Total time spent in each metastore function (ms): {isCompatibleWith_(Configuration)=0, flushCache_()=0, getValidWriteIds_(List, String)=6, openTxn_(String, TxnType)=2, getValidTxns_(long)=1, getDatabase_(String)=2, commitTxn_(CommitTxnRequest)=13}
2024-04-23T20:51:33,051  INFO [main] ql.Driver: Completed compiling command(queryId=alex_20240423205133_0272f06e-b4d4-4ace-b031-f6fddd360fa3); Time taken: 0.012 seconds
2024-04-23T20:51:33,051  INFO [main] lockmgr.DbTxnManager: Setting lock request transaction to txnid:7 for queryId=alex_20240423205133_0272f06e-b4d4-4ace-b031-f6fddd360fa3
2024-04-23T20:51:33,051  INFO [main] lockmgr.DbLockManager: Requesting lock for queryId=alex_20240423205133_0272f06e-b4d4-4ace-b031-f6fddd360fa3
2024-04-23T20:51:33,074  INFO [main] lockmgr.DbLockManager: Response to queryId=alex_20240423205133_0272f06e-b4d4-4ace-b031-f6fddd360fa3 LockResponse(lockid:1, state:ACQUIRED)
2024-04-23T20:51:33,074  INFO [main] ql.Driver: Operation CREATETABLE obtained 1 locks
2024-04-23T20:51:33,075  INFO [main] ql.Driver: Executing command(queryId=alex_20240423205133_0272f06e-b4d4-4ace-b031-f6fddd360fa3): create table acidTbl(a int, b int) clustered by (a) into 2 buckets stored as orc TBLPROPERTIES ('transactional'='true')
2024-04-23T20:51:33,076  INFO [main] ql.Driver: Starting task [Stage-0:DDL] in serial mode
2024-04-23T20:51:33,077  INFO [main] HiveMetaStore.audit: ugi=alex	ip=unknown-ip-addr	cmd=create_table_req: Table(tableName:acidTbl, dbName:default, owner:alex, createTime:1713930693, lastAccessTime:0, retention:0, sd:StorageDescriptor(cols:[FieldSchema(name:a, type:int, comment:null), FieldSchema(name:b, type:int, comment:null)], location:null, inputFormat:org.apache.hadoop.hive.ql.io.orc.OrcInputFormat, outputFormat:org.apache.hadoop.hive.ql.io.orc.OrcOutputFormat, compressed:false, numBuckets:2, serdeInfo:SerDeInfo(name:null, serializationLib:org.apache.hadoop.hive.ql.io.orc.OrcSerde, parameters:{serialization.format=1}), bucketCols:[a], sortCols:[], parameters:{}, skewedInfo:SkewedInfo(skewedColNames:[], skewedColValues:[], skewedColValueLocationMaps:{}), storedAsSubDirectories:false), partitionKeys:[], parameters:{numFilesErasureCoded=0, rawDataSize=0, numRows=0, COLUMN_STATS_ACCURATE={"BASIC_STATS":"true","COLUMN_STATS":{"a":"true","b":"true"}}, numFiles=0, transactional=true, totalSize=0, bucketing_version=2}, viewOriginalText:null, viewExpandedText:null, tableType:MANAGED_TABLE, privileges:PrincipalPrivilegeSet(userPrivileges:{alex=[PrivilegeGrantInfo(privilege:INSERT, createTime:-1, grantor:alex, grantorType:USER, grantOption:true), PrivilegeGrantInfo(privilege:SELECT, createTime:-1, grantor:alex, grantorType:USER, grantOption:true), PrivilegeGrantInfo(privilege:UPDATE, createTime:-1, grantor:alex, grantorType:USER, grantOption:true), PrivilegeGrantInfo(privilege:DELETE, createTime:-1, grantor:alex, grantorType:USER, grantOption:true)]}, groupPrivileges:null, rolePrivileges:null), temporary:false, catName:hive, ownerType:USER, writeId:0)	
2024-04-23T20:51:33,083  INFO [main] utils.FileUtils: Creating directory if it doesn't exist: file:/home/alex/Repositories/hive/ql/target/tmp/org.apache.hadoop.hive.ql.TestTxnNoBuckets-1713930630697/warehouse/acidtbl
2024-04-23T20:51:33,125  INFO [main] metadata.Hive: Dumping metastore api call timing information for : execution phase
2024-04-23T20:51:33,125  INFO [main] metadata.Hive: Total time spent in each metastore function (ms): {createTable_(Table)=49, isCompatibleWith_(Configuration)=0}
2024-04-23T20:51:33,125  INFO [main] ql.Driver: Completed executing command(queryId=alex_20240423205133_0272f06e-b4d4-4ace-b031-f6fddd360fa3); Time taken: 0.05 seconds
2024-04-23T20:51:33,125  INFO [main] lockmgr.DbTxnManager: Stopped heartbeat for query: alex_20240423205133_0272f06e-b4d4-4ace-b031-f6fddd360fa3
2024-04-23T20:51:33,130  INFO [main] txn.TxnHandler: Expected to move at least one record from txn_components to completed_txn_components when committing txn! txnid:7
2024-04-23T20:51:33,136  INFO [main] txn.TxnHandler: Removed transactions: ([7]) from MIN_HISTORY_LEVEL
2024-04-23T20:51:33,138  WARN [main] txn.CompactionTxnHandler: No compaction queue record found for Compaction type transaction commit. txnId:7
2024-04-23T20:51:33,139  INFO [main] ql.TxnCommandsBaseForTests: Running the query: create table acidTblPart(a int, b int) partitioned by (p string) clustered by (a) into 2 buckets stored as orc TBLPROPERTIES ('transactional'='true')
2024-04-23T20:51:33,140  INFO [main] ql.Driver: Compiling command(queryId=alex_20240423205133_5c34d658-588d-43ad-874b-45c6861a5bb6): create table acidTblPart(a int, b int) partitioned by (p string) clustered by (a) into 2 buckets stored as orc TBLPROPERTIES ('transactional'='true')
2024-04-23T20:51:33,143  INFO [main] txn.TxnHandler: Added entries to MIN_HISTORY_LEVEL for current txns: ([8]) with min_open_txn: 1
2024-04-23T20:51:33,143  INFO [main] lockmgr.DbTxnManager: Opened txnid:8
2024-04-23T20:51:33,144  INFO [main] parse.CalcitePlanner: Starting caching scope for: 
2024-04-23T20:51:33,144  INFO [main] parse.CalcitePlanner: Starting Semantic Analysis
2024-04-23T20:51:33,146  INFO [main] parse.CalcitePlanner: Creating table default.acidTblPart position=13
2024-04-23T20:51:33,147  INFO [main] HiveMetaStore.audit: ugi=alex	ip=unknown-ip-addr	cmd=get_database: default	
2024-04-23T20:51:33,149  INFO [main] parse.CalcitePlanner: Ending caching scope for: 
2024-04-23T20:51:33,149  INFO [main] ql.Driver: Semantic Analysis Completed (retrial = false)
2024-04-23T20:51:33,149  INFO [main] ql.Driver: Created Hive schema: Schema(fieldSchemas:null, properties:null)
2024-04-23T20:51:33,149  INFO [main] metadata.Hive: Dumping metastore api call timing information for : compilation phase
2024-04-23T20:51:33,149  INFO [main] metadata.Hive: Total time spent in each metastore function (ms): {flushCache_()=0, getValidWriteIds_(List, String)=2, isCompatibleWith_(Configuration)=0, openTxn_(String, TxnType)=3, commitTxn_(CommitTxnRequest)=13, getValidTxns_(long)=1, getDatabase_(String)=3}
2024-04-23T20:51:33,149  INFO [main] ql.Driver: Completed compiling command(queryId=alex_20240423205133_5c34d658-588d-43ad-874b-45c6861a5bb6); Time taken: 0.01 seconds
2024-04-23T20:51:33,150  INFO [main] lockmgr.DbTxnManager: Setting lock request transaction to txnid:8 for queryId=alex_20240423205133_5c34d658-588d-43ad-874b-45c6861a5bb6
2024-04-23T20:51:33,150  INFO [main] lockmgr.DbLockManager: Requesting lock for queryId=alex_20240423205133_5c34d658-588d-43ad-874b-45c6861a5bb6
2024-04-23T20:51:33,167  INFO [main] lockmgr.DbLockManager: Response to queryId=alex_20240423205133_5c34d658-588d-43ad-874b-45c6861a5bb6 LockResponse(lockid:2, state:ACQUIRED)
2024-04-23T20:51:33,167  INFO [main] ql.Driver: Operation CREATETABLE obtained 1 locks
2024-04-23T20:51:33,168  INFO [main] ql.Driver: Executing command(queryId=alex_20240423205133_5c34d658-588d-43ad-874b-45c6861a5bb6): create table acidTblPart(a int, b int) partitioned by (p string) clustered by (a) into 2 buckets stored as orc TBLPROPERTIES ('transactional'='true')
2024-04-23T20:51:33,168  INFO [main] ql.Driver: Starting task [Stage-0:DDL] in serial mode
2024-04-23T20:51:33,169  INFO [main] HiveMetaStore.audit: ugi=alex	ip=unknown-ip-addr	cmd=create_table_req: Table(tableName:acidTblPart, dbName:default, owner:alex, createTime:1713930693, lastAccessTime:0, retention:0, sd:StorageDescriptor(cols:[FieldSchema(name:a, type:int, comment:null), FieldSchema(name:b, type:int, comment:null)], location:null, inputFormat:org.apache.hadoop.hive.ql.io.orc.OrcInputFormat, outputFormat:org.apache.hadoop.hive.ql.io.orc.OrcOutputFormat, compressed:false, numBuckets:2, serdeInfo:SerDeInfo(name:null, serializationLib:org.apache.hadoop.hive.ql.io.orc.OrcSerde, parameters:{serialization.format=1}), bucketCols:[a], sortCols:[], parameters:{}, skewedInfo:SkewedInfo(skewedColNames:[], skewedColValues:[], skewedColValueLocationMaps:{}), storedAsSubDirectories:false), partitionKeys:[FieldSchema(name:p, type:string, comment:null)], parameters:{bucketing_version=2, transactional=true}, viewOriginalText:null, viewExpandedText:null, tableType:MANAGED_TABLE, privileges:PrincipalPrivilegeSet(userPrivileges:{alex=[PrivilegeGrantInfo(privilege:INSERT, createTime:-1, grantor:alex, grantorType:USER, grantOption:true), PrivilegeGrantInfo(privilege:SELECT, createTime:-1, grantor:alex, grantorType:USER, grantOption:true), PrivilegeGrantInfo(privilege:UPDATE, createTime:-1, grantor:alex, grantorType:USER, grantOption:true), PrivilegeGrantInfo(privilege:DELETE, createTime:-1, grantor:alex, grantorType:USER, grantOption:true)]}, groupPrivileges:null, rolePrivileges:null), temporary:false, catName:hive, ownerType:USER, writeId:0)	
2024-04-23T20:51:33,175  INFO [main] utils.FileUtils: Creating directory if it doesn't exist: file:/home/alex/Repositories/hive/ql/target/tmp/org.apache.hadoop.hive.ql.TestTxnNoBuckets-1713930630697/warehouse/acidtblpart
2024-04-23T20:51:33,207  INFO [main] metadata.Hive: Dumping metastore api call timing information for : execution phase
2024-04-23T20:51:33,207  INFO [main] metadata.Hive: Total time spent in each metastore function (ms): {createTable_(Table)=37, isCompatibleWith_(Configuration)=0}
2024-04-23T20:51:33,207  INFO [main] ql.Driver: Completed executing command(queryId=alex_20240423205133_5c34d658-588d-43ad-874b-45c6861a5bb6); Time taken: 0.039 seconds
2024-04-23T20:51:33,207  INFO [main] lockmgr.DbTxnManager: Stopped heartbeat for query: alex_20240423205133_5c34d658-588d-43ad-874b-45c6861a5bb6
2024-04-23T20:51:33,213  INFO [main] txn.TxnHandler: Expected to move at least one record from txn_components to completed_txn_components when committing txn! txnid:8
2024-04-23T20:51:33,223  INFO [main] txn.TxnHandler: Removed transactions: ([8]) from MIN_HISTORY_LEVEL
2024-04-23T20:51:33,224  WARN [main] txn.CompactionTxnHandler: No compaction queue record found for Compaction type transaction commit. txnId:8
2024-04-23T20:51:33,224  INFO [main] ql.TxnCommandsBaseForTests: Running the query: create table nonAcidOrcTbl(a int, b int) clustered by (a) into 2 buckets stored as orc TBLPROPERTIES ('transactional'='false')
2024-04-23T20:51:33,225  INFO [main] ql.Driver: Compiling command(queryId=alex_20240423205133_4b143914-2e40-4ace-811c-db0a676b4b08): create table nonAcidOrcTbl(a int, b int) clustered by (a) into 2 buckets stored as orc TBLPROPERTIES ('transactional'='false')
2024-04-23T20:51:33,229  INFO [main] txn.TxnHandler: Added entries to MIN_HISTORY_LEVEL for current txns: ([9]) with min_open_txn: 1
2024-04-23T20:51:33,229  INFO [main] lockmgr.DbTxnManager: Opened txnid:9
2024-04-23T20:51:33,230  INFO [main] parse.CalcitePlanner: Starting caching scope for: 
2024-04-23T20:51:33,230  INFO [main] parse.CalcitePlanner: Starting Semantic Analysis
2024-04-23T20:51:33,234  INFO [main] parse.CalcitePlanner: Creating table default.nonAcidOrcTbl position=13
2024-04-23T20:51:33,234  INFO [main] HiveMetaStore.audit: ugi=alex	ip=unknown-ip-addr	cmd=get_database: default	
2024-04-23T20:51:33,237  INFO [main] parse.CalcitePlanner: Ending caching scope for: 
2024-04-23T20:51:33,237  INFO [main] ql.Driver: Semantic Analysis Completed (retrial = false)
2024-04-23T20:51:33,237  INFO [main] ql.Driver: Created Hive schema: Schema(fieldSchemas:null, properties:null)
2024-04-23T20:51:33,237  INFO [main] metadata.Hive: Dumping metastore api call timing information for : compilation phase
2024-04-23T20:51:33,237  INFO [main] metadata.Hive: Total time spent in each metastore function (ms): {getValidWriteIds_(List, String)=4, openTxn_(String, TxnType)=3, flushCache_()=0, getDatabase_(String)=3, getValidTxns_(long)=1, commitTxn_(CommitTxnRequest)=17, isCompatibleWith_(Configuration)=0}
2024-04-23T20:51:33,238  INFO [main] ql.Driver: Completed compiling command(queryId=alex_20240423205133_4b143914-2e40-4ace-811c-db0a676b4b08); Time taken: 0.012 seconds
2024-04-23T20:51:33,238  INFO [main] lockmgr.DbTxnManager: Setting lock request transaction to txnid:9 for queryId=alex_20240423205133_4b143914-2e40-4ace-811c-db0a676b4b08
2024-04-23T20:51:33,239  INFO [main] lockmgr.DbLockManager: Requesting lock for queryId=alex_20240423205133_4b143914-2e40-4ace-811c-db0a676b4b08
2024-04-23T20:51:33,262  INFO [main] lockmgr.DbLockManager: Response to queryId=alex_20240423205133_4b143914-2e40-4ace-811c-db0a676b4b08 LockResponse(lockid:3, state:ACQUIRED)
2024-04-23T20:51:33,262  INFO [main] ql.Driver: Operation CREATETABLE obtained 1 locks
2024-04-23T20:51:33,262  INFO [main] ql.Driver: Executing command(queryId=alex_20240423205133_4b143914-2e40-4ace-811c-db0a676b4b08): create table nonAcidOrcTbl(a int, b int) clustered by (a) into 2 buckets stored as orc TBLPROPERTIES ('transactional'='false')
2024-04-23T20:51:33,262  INFO [main] ql.Driver: Starting task [Stage-0:DDL] in serial mode
2024-04-23T20:51:33,264  INFO [main] HiveMetaStore.audit: ugi=alex	ip=unknown-ip-addr	cmd=create_table_req: Table(tableName:nonAcidOrcTbl, dbName:default, owner:alex, createTime:1713930693, lastAccessTime:0, retention:0, sd:StorageDescriptor(cols:[FieldSchema(name:a, type:int, comment:null), FieldSchema(name:b, type:int, comment:null)], location:null, inputFormat:org.apache.hadoop.hive.ql.io.orc.OrcInputFormat, outputFormat:org.apache.hadoop.hive.ql.io.orc.OrcOutputFormat, compressed:false, numBuckets:2, serdeInfo:SerDeInfo(name:null, serializationLib:org.apache.hadoop.hive.ql.io.orc.OrcSerde, parameters:{serialization.format=1}), bucketCols:[a], sortCols:[], parameters:{}, skewedInfo:SkewedInfo(skewedColNames:[], skewedColValues:[], skewedColValueLocationMaps:{}), storedAsSubDirectories:false), partitionKeys:[], parameters:{numFilesErasureCoded=0, rawDataSize=0, transactional=false, numRows=0, totalSize=0, COLUMN_STATS_ACCURATE={"BASIC_STATS":"true","COLUMN_STATS":{"a":"true","b":"true"}}, bucketing_version=2, numFiles=0}, viewOriginalText:null, viewExpandedText:null, tableType:MANAGED_TABLE, privileges:PrincipalPrivilegeSet(userPrivileges:{alex=[PrivilegeGrantInfo(privilege:INSERT, createTime:-1, grantor:alex, grantorType:USER, grantOption:true), PrivilegeGrantInfo(privilege:SELECT, createTime:-1, grantor:alex, grantorType:USER, grantOption:true), PrivilegeGrantInfo(privilege:UPDATE, createTime:-1, grantor:alex, grantorType:USER, grantOption:true), PrivilegeGrantInfo(privilege:DELETE, createTime:-1, grantor:alex, grantorType:USER, grantOption:true)]}, groupPrivileges:null, rolePrivileges:null), temporary:false, catName:hive, ownerType:USER)	
2024-04-23T20:51:33,274  INFO [main] utils.FileUtils: Creating directory if it doesn't exist: file:/home/alex/Repositories/hive/ql/target/tmp/org.apache.hadoop.hive.ql.TestTxnNoBuckets-1713930630697/warehouse/nonacidorctbl
2024-04-23T20:51:33,305  INFO [main] metadata.Hive: Dumping metastore api call timing information for : execution phase
2024-04-23T20:51:33,305  INFO [main] metadata.Hive: Total time spent in each metastore function (ms): {createTable_(Table)=42, isCompatibleWith_(Configuration)=1}
2024-04-23T20:51:33,306  INFO [main] ql.Driver: Completed executing command(queryId=alex_20240423205133_4b143914-2e40-4ace-811c-db0a676b4b08); Time taken: 0.043 seconds
2024-04-23T20:51:33,306  INFO [main] lockmgr.DbTxnManager: Stopped heartbeat for query: alex_20240423205133_4b143914-2e40-4ace-811c-db0a676b4b08
2024-04-23T20:51:33,312  INFO [main] txn.TxnHandler: Expected to move at least one record from txn_components to completed_txn_components when committing txn! txnid:9
2024-04-23T20:51:33,322  INFO [main] txn.TxnHandler: Removed transactions: ([9]) from MIN_HISTORY_LEVEL
2024-04-23T20:51:33,323  WARN [main] txn.CompactionTxnHandler: No compaction queue record found for Compaction type transaction commit. txnId:9
2024-04-23T20:51:33,324  INFO [main] ql.TxnCommandsBaseForTests: Running the query: create table nonAcidOrcTbl2(a int, b int) clustered by (a) into 2 buckets stored as orc TBLPROPERTIES ('transactional'='false')
2024-04-23T20:51:33,324  INFO [main] ql.Driver: Compiling command(queryId=alex_20240423205133_b13b44f5-caca-40c5-8b53-e199223e839b): create table nonAcidOrcTbl2(a int, b int) clustered by (a) into 2 buckets stored as orc TBLPROPERTIES ('transactional'='false')
2024-04-23T20:51:33,328  INFO [main] txn.TxnHandler: Added entries to MIN_HISTORY_LEVEL for current txns: ([10]) with min_open_txn: 1
2024-04-23T20:51:33,328  INFO [main] lockmgr.DbTxnManager: Opened txnid:10
2024-04-23T20:51:33,329  INFO [main] parse.CalcitePlanner: Starting caching scope for: 
2024-04-23T20:51:33,329  INFO [main] parse.CalcitePlanner: Starting Semantic Analysis
2024-04-23T20:51:33,333  INFO [main] parse.CalcitePlanner: Creating table default.nonAcidOrcTbl2 position=13
2024-04-23T20:51:33,333  INFO [main] HiveMetaStore.audit: ugi=alex	ip=unknown-ip-addr	cmd=get_database: default	
2024-04-23T20:51:33,336  INFO [main] parse.CalcitePlanner: Ending caching scope for: 
2024-04-23T20:51:33,336  INFO [main] ql.Driver: Semantic Analysis Completed (retrial = false)
2024-04-23T20:51:33,336  INFO [main] ql.Driver: Created Hive schema: Schema(fieldSchemas:null, properties:null)
2024-04-23T20:51:33,336  INFO [main] metadata.Hive: Dumping metastore api call timing information for : compilation phase
2024-04-23T20:51:33,336  INFO [main] metadata.Hive: Total time spent in each metastore function (ms): {isCompatibleWith_(Configuration)=1, openTxn_(String, TxnType)=3, getValidTxns_(long)=0, flushCache_()=0, getValidWriteIds_(List, String)=4, getDatabase_(String)=3, commitTxn_(CommitTxnRequest)=17}
2024-04-23T20:51:33,337  INFO [main] ql.Driver: Completed compiling command(queryId=alex_20240423205133_b13b44f5-caca-40c5-8b53-e199223e839b); Time taken: 0.012 seconds
2024-04-23T20:51:33,337  INFO [main] lockmgr.DbTxnManager: Setting lock request transaction to txnid:10 for queryId=alex_20240423205133_b13b44f5-caca-40c5-8b53-e199223e839b
2024-04-23T20:51:33,337  INFO [main] lockmgr.DbLockManager: Requesting lock for queryId=alex_20240423205133_b13b44f5-caca-40c5-8b53-e199223e839b
2024-04-23T20:51:33,360  INFO [main] lockmgr.DbLockManager: Response to queryId=alex_20240423205133_b13b44f5-caca-40c5-8b53-e199223e839b LockResponse(lockid:4, state:ACQUIRED)
2024-04-23T20:51:33,360  INFO [main] ql.Driver: Operation CREATETABLE obtained 1 locks
2024-04-23T20:51:33,361  INFO [main] ql.Driver: Executing command(queryId=alex_20240423205133_b13b44f5-caca-40c5-8b53-e199223e839b): create table nonAcidOrcTbl2(a int, b int) clustered by (a) into 2 buckets stored as orc TBLPROPERTIES ('transactional'='false')
2024-04-23T20:51:33,361  INFO [main] ql.Driver: Starting task [Stage-0:DDL] in serial mode
2024-04-23T20:51:33,362  INFO [main] HiveMetaStore.audit: ugi=alex	ip=unknown-ip-addr	cmd=create_table_req: Table(tableName:nonAcidOrcTbl2, dbName:default, owner:alex, createTime:1713930693, lastAccessTime:0, retention:0, sd:StorageDescriptor(cols:[FieldSchema(name:a, type:int, comment:null), FieldSchema(name:b, type:int, comment:null)], location:null, inputFormat:org.apache.hadoop.hive.ql.io.orc.OrcInputFormat, outputFormat:org.apache.hadoop.hive.ql.io.orc.OrcOutputFormat, compressed:false, numBuckets:2, serdeInfo:SerDeInfo(name:null, serializationLib:org.apache.hadoop.hive.ql.io.orc.OrcSerde, parameters:{serialization.format=1}), bucketCols:[a], sortCols:[], parameters:{}, skewedInfo:SkewedInfo(skewedColNames:[], skewedColValues:[], skewedColValueLocationMaps:{}), storedAsSubDirectories:false), partitionKeys:[], parameters:{bucketing_version=2, numFiles=0, numFilesErasureCoded=0, totalSize=0, rawDataSize=0, transactional=false, numRows=0, COLUMN_STATS_ACCURATE={"BASIC_STATS":"true","COLUMN_STATS":{"a":"true","b":"true"}}}, viewOriginalText:null, viewExpandedText:null, tableType:MANAGED_TABLE, privileges:PrincipalPrivilegeSet(userPrivileges:{alex=[PrivilegeGrantInfo(privilege:INSERT, createTime:-1, grantor:alex, grantorType:USER, grantOption:true), PrivilegeGrantInfo(privilege:SELECT, createTime:-1, grantor:alex, grantorType:USER, grantOption:true), PrivilegeGrantInfo(privilege:UPDATE, createTime:-1, grantor:alex, grantorType:USER, grantOption:true), PrivilegeGrantInfo(privilege:DELETE, createTime:-1, grantor:alex, grantorType:USER, grantOption:true)]}, groupPrivileges:null, rolePrivileges:null), temporary:false, catName:hive, ownerType:USER)	
2024-04-23T20:51:33,372  INFO [main] utils.FileUtils: Creating directory if it doesn't exist: file:/home/alex/Repositories/hive/ql/target/tmp/org.apache.hadoop.hive.ql.TestTxnNoBuckets-1713930630697/warehouse/nonacidorctbl2
2024-04-23T20:51:33,395  INFO [main] metadata.Hive: Dumping metastore api call timing information for : execution phase
2024-04-23T20:51:33,395  INFO [main] metadata.Hive: Total time spent in each metastore function (ms): {createTable_(Table)=33, isCompatibleWith_(Configuration)=0}
2024-04-23T20:51:33,396  INFO [main] ql.Driver: Completed executing command(queryId=alex_20240423205133_b13b44f5-caca-40c5-8b53-e199223e839b); Time taken: 0.034 seconds
2024-04-23T20:51:33,396  INFO [main] lockmgr.DbTxnManager: Stopped heartbeat for query: alex_20240423205133_b13b44f5-caca-40c5-8b53-e199223e839b
2024-04-23T20:51:33,401  INFO [main] txn.TxnHandler: Expected to move at least one record from txn_components to completed_txn_components when committing txn! txnid:10
2024-04-23T20:51:33,410  INFO [main] txn.TxnHandler: Removed transactions: ([10]) from MIN_HISTORY_LEVEL
2024-04-23T20:51:33,410  WARN [main] txn.CompactionTxnHandler: No compaction queue record found for Compaction type transaction commit. txnId:10
2024-04-23T20:51:33,411  INFO [main] ql.TxnCommandsBaseForTests: Running the query: create temporary  table acidTbl2(a int, b int, c int) clustered by (c) into 2 buckets stored as orc TBLPROPERTIES ('transactional'='true')
2024-04-23T20:51:33,411  INFO [main] ql.Driver: Compiling command(queryId=alex_20240423205133_8cae2076-c4d8-4c62-9852-e73f6d7c38cd): create temporary  table acidTbl2(a int, b int, c int) clustered by (c) into 2 buckets stored as orc TBLPROPERTIES ('transactional'='true')
2024-04-23T20:51:33,415  INFO [main] txn.TxnHandler: Added entries to MIN_HISTORY_LEVEL for current txns: ([11]) with min_open_txn: 1
2024-04-23T20:51:33,415  INFO [main] lockmgr.DbTxnManager: Opened txnid:11
2024-04-23T20:51:33,416  INFO [main] parse.CalcitePlanner: Starting caching scope for: 
2024-04-23T20:51:33,416  INFO [main] parse.CalcitePlanner: Starting Semantic Analysis
2024-04-23T20:51:33,420  INFO [main] parse.CalcitePlanner: Creating table default.acidTbl2 position=24
2024-04-23T20:51:33,420  INFO [main] HiveMetaStore.audit: ugi=alex	ip=unknown-ip-addr	cmd=get_database: default	
2024-04-23T20:51:33,423  INFO [main] parse.CalcitePlanner: Ending caching scope for: 
2024-04-23T20:51:33,423  INFO [main] ql.Driver: Semantic Analysis Completed (retrial = false)
2024-04-23T20:51:33,423  INFO [main] ql.Driver: Created Hive schema: Schema(fieldSchemas:null, properties:null)
2024-04-23T20:51:33,423  INFO [main] metadata.Hive: Dumping metastore api call timing information for : compilation phase
2024-04-23T20:51:33,423  INFO [main] metadata.Hive: Total time spent in each metastore function (ms): {flushCache_()=0, getDatabase_(String)=3, isCompatibleWith_(Configuration)=1, commitTxn_(CommitTxnRequest)=14, getValidWriteIds_(List, String)=3, getValidTxns_(long)=0, openTxn_(String, TxnType)=3}
2024-04-23T20:51:33,424  INFO [main] ql.Driver: Completed compiling command(queryId=alex_20240423205133_8cae2076-c4d8-4c62-9852-e73f6d7c38cd); Time taken: 0.012 seconds
2024-04-23T20:51:33,424  INFO [main] lockmgr.DbTxnManager: Setting lock request transaction to txnid:11 for queryId=alex_20240423205133_8cae2076-c4d8-4c62-9852-e73f6d7c38cd
2024-04-23T20:51:33,424  INFO [main] lockmgr.DbLockManager: Requesting lock for queryId=alex_20240423205133_8cae2076-c4d8-4c62-9852-e73f6d7c38cd
2024-04-23T20:51:33,447  INFO [main] lockmgr.DbLockManager: Response to queryId=alex_20240423205133_8cae2076-c4d8-4c62-9852-e73f6d7c38cd LockResponse(lockid:5, state:ACQUIRED)
2024-04-23T20:51:33,447  INFO [main] ql.Driver: Operation CREATETABLE obtained 1 locks
2024-04-23T20:51:33,448  INFO [main] ql.Driver: Executing command(queryId=alex_20240423205133_8cae2076-c4d8-4c62-9852-e73f6d7c38cd): create temporary  table acidTbl2(a int, b int, c int) clustered by (c) into 2 buckets stored as orc TBLPROPERTIES ('transactional'='true')
2024-04-23T20:51:33,448  INFO [main] ql.Driver: Starting task [Stage-0:DDL] in serial mode
2024-04-23T20:51:33,450  INFO [main] utils.FileUtils: Creating directory if it doesn't exist: file:/home/alex/Repositories/hive/ql/target/tmp/scratchdir/alex/015cd12a-2c2e-49b1-bdb5-af055e561965/_tmp_space.db/05704a04-5f6a-432c-9f02-32eec59a2a6f
2024-04-23T20:51:33,453  INFO [main] metadata.Hive: Dumping metastore api call timing information for : execution phase
2024-04-23T20:51:33,453  INFO [main] metadata.Hive: Total time spent in each metastore function (ms): {createTable_(Table)=3, isCompatibleWith_(Configuration)=0}
2024-04-23T20:51:33,453  INFO [main] ql.Driver: Completed executing command(queryId=alex_20240423205133_8cae2076-c4d8-4c62-9852-e73f6d7c38cd); Time taken: 0.005 seconds
2024-04-23T20:51:33,454  INFO [main] lockmgr.DbTxnManager: Stopped heartbeat for query: alex_20240423205133_8cae2076-c4d8-4c62-9852-e73f6d7c38cd
2024-04-23T20:51:33,460  INFO [main] txn.TxnHandler: Expected to move at least one record from txn_components to completed_txn_components when committing txn! txnid:11
2024-04-23T20:51:33,468  INFO [main] txn.TxnHandler: Removed transactions: ([11]) from MIN_HISTORY_LEVEL
2024-04-23T20:51:33,468  WARN [main] txn.CompactionTxnHandler: No compaction queue record found for Compaction type transaction commit. txnId:11
2024-04-23T20:51:33,469  INFO [main] ql.TxnCommandsBaseForTests: Running the query: create table nonAcidNonBucket(a int, b int) stored as orc TBLPROPERTIES ('transactional'='false')
2024-04-23T20:51:33,469  INFO [main] ql.Driver: Compiling command(queryId=alex_20240423205133_916591b8-271c-464a-9690-6480a3c1d84d): create table nonAcidNonBucket(a int, b int) stored as orc TBLPROPERTIES ('transactional'='false')
2024-04-23T20:51:33,472  INFO [main] txn.TxnHandler: Added entries to MIN_HISTORY_LEVEL for current txns: ([12]) with min_open_txn: 1
2024-04-23T20:51:33,473  INFO [main] lockmgr.DbTxnManager: Opened txnid:12
2024-04-23T20:51:33,473  INFO [main] parse.CalcitePlanner: Starting caching scope for: 
2024-04-23T20:51:33,473  INFO [main] parse.CalcitePlanner: Starting Semantic Analysis
2024-04-23T20:51:33,477  INFO [main] parse.CalcitePlanner: Creating table default.nonAcidNonBucket position=13
2024-04-23T20:51:33,477  INFO [main] HiveMetaStore.audit: ugi=alex	ip=unknown-ip-addr	cmd=get_database: default	
2024-04-23T20:51:33,479  INFO [main] parse.CalcitePlanner: Ending caching scope for: 
2024-04-23T20:51:33,479  INFO [main] ql.Driver: Semantic Analysis Completed (retrial = false)
2024-04-23T20:51:33,480  INFO [main] ql.Driver: Created Hive schema: Schema(fieldSchemas:null, properties:null)
2024-04-23T20:51:33,480  INFO [main] metadata.Hive: Dumping metastore api call timing information for : compilation phase
2024-04-23T20:51:33,480  INFO [main] metadata.Hive: Total time spent in each metastore function (ms): {getValidWriteIds_(List, String)=3, openTxn_(String, TxnType)=3, getValidTxns_(long)=0, commitTxn_(CommitTxnRequest)=15, getDatabase_(String)=2, isCompatibleWith_(Configuration)=0, flushCache_()=0}
2024-04-23T20:51:33,480  INFO [main] ql.Driver: Completed compiling command(queryId=alex_20240423205133_916591b8-271c-464a-9690-6480a3c1d84d); Time taken: 0.011 seconds
2024-04-23T20:51:33,481  INFO [main] lockmgr.DbTxnManager: Setting lock request transaction to txnid:12 for queryId=alex_20240423205133_916591b8-271c-464a-9690-6480a3c1d84d
2024-04-23T20:51:33,481  INFO [main] lockmgr.DbLockManager: Requesting lock for queryId=alex_20240423205133_916591b8-271c-464a-9690-6480a3c1d84d
2024-04-23T20:51:33,501  INFO [main] lockmgr.DbLockManager: Response to queryId=alex_20240423205133_916591b8-271c-464a-9690-6480a3c1d84d LockResponse(lockid:6, state:ACQUIRED)
2024-04-23T20:51:33,501  INFO [main] ql.Driver: Operation CREATETABLE obtained 1 locks
2024-04-23T20:51:33,501  INFO [main] ql.Driver: Executing command(queryId=alex_20240423205133_916591b8-271c-464a-9690-6480a3c1d84d): create table nonAcidNonBucket(a int, b int) stored as orc TBLPROPERTIES ('transactional'='false')
2024-04-23T20:51:33,501  INFO [main] ql.Driver: Starting task [Stage-0:DDL] in serial mode
2024-04-23T20:51:33,502  INFO [main] HiveMetaStore.audit: ugi=alex	ip=unknown-ip-addr	cmd=create_table_req: Table(tableName:nonAcidNonBucket, dbName:default, owner:alex, createTime:1713930693, lastAccessTime:0, retention:0, sd:StorageDescriptor(cols:[FieldSchema(name:a, type:int, comment:null), FieldSchema(name:b, type:int, comment:null)], location:null, inputFormat:org.apache.hadoop.hive.ql.io.orc.OrcInputFormat, outputFormat:org.apache.hadoop.hive.ql.io.orc.OrcOutputFormat, compressed:false, numBuckets:-1, serdeInfo:SerDeInfo(name:null, serializationLib:org.apache.hadoop.hive.ql.io.orc.OrcSerde, parameters:{serialization.format=1}), bucketCols:[], sortCols:[], parameters:{}, skewedInfo:SkewedInfo(skewedColNames:[], skewedColValues:[], skewedColValueLocationMaps:{}), storedAsSubDirectories:false), partitionKeys:[], parameters:{numFiles=0, totalSize=0, COLUMN_STATS_ACCURATE={"BASIC_STATS":"true","COLUMN_STATS":{"a":"true","b":"true"}}, numRows=0, bucketing_version=2, numFilesErasureCoded=0, transactional=false, rawDataSize=0}, viewOriginalText:null, viewExpandedText:null, tableType:MANAGED_TABLE, privileges:PrincipalPrivilegeSet(userPrivileges:{alex=[PrivilegeGrantInfo(privilege:INSERT, createTime:-1, grantor:alex, grantorType:USER, grantOption:true), PrivilegeGrantInfo(privilege:SELECT, createTime:-1, grantor:alex, grantorType:USER, grantOption:true), PrivilegeGrantInfo(privilege:UPDATE, createTime:-1, grantor:alex, grantorType:USER, grantOption:true), PrivilegeGrantInfo(privilege:DELETE, createTime:-1, grantor:alex, grantorType:USER, grantOption:true)]}, groupPrivileges:null, rolePrivileges:null), temporary:false, catName:hive, ownerType:USER)	
2024-04-23T20:51:33,510  INFO [main] utils.FileUtils: Creating directory if it doesn't exist: file:/home/alex/Repositories/hive/ql/target/tmp/org.apache.hadoop.hive.ql.TestTxnNoBuckets-1713930630697/warehouse/nonacidnonbucket
2024-04-23T20:51:33,526  INFO [main] metadata.Hive: Dumping metastore api call timing information for : execution phase
2024-04-23T20:51:33,526  INFO [main] metadata.Hive: Total time spent in each metastore function (ms): {createTable_(Table)=24, isCompatibleWith_(Configuration)=0}
2024-04-23T20:51:33,527  INFO [main] ql.Driver: Completed executing command(queryId=alex_20240423205133_916591b8-271c-464a-9690-6480a3c1d84d); Time taken: 0.025 seconds
2024-04-23T20:51:33,527  INFO [main] lockmgr.DbTxnManager: Stopped heartbeat for query: alex_20240423205133_916591b8-271c-464a-9690-6480a3c1d84d
2024-04-23T20:51:33,532  INFO [main] txn.TxnHandler: Expected to move at least one record from txn_components to completed_txn_components when committing txn! txnid:12
2024-04-23T20:51:33,538  INFO [main] txn.TxnHandler: Removed transactions: ([12]) from MIN_HISTORY_LEVEL
2024-04-23T20:51:33,538  WARN [main] txn.CompactionTxnHandler: No compaction queue record found for Compaction type transaction commit. txnId:12
2024-04-23T20:51:33,539  INFO [main] ql.TxnCommandsBaseForTests: Running the query: insert into nonAcidNonBucket(a,b) values(1,2),(1,3)
2024-04-23T20:51:33,539  INFO [main] ql.Driver: Compiling command(queryId=alex_20240423205133_27ded6ab-d5c3-454c-9f98-49cf9c1c1b9e): insert into nonAcidNonBucket(a,b) values(1,2),(1,3)
2024-04-23T20:51:33,542  INFO [main] txn.TxnHandler: Added entries to MIN_HISTORY_LEVEL for current txns: ([13]) with min_open_txn: 1
2024-04-23T20:51:33,542  INFO [main] lockmgr.DbTxnManager: Opened txnid:13
2024-04-23T20:51:33,543  INFO [main] parse.CalcitePlanner: Starting caching scope for: 
2024-04-23T20:51:33,543  INFO [main] parse.CalcitePlanner: Starting Semantic Analysis
2024-04-23T20:51:33,546  INFO [main] HiveMetaStore.audit: ugi=alex	ip=unknown-ip-addr	cmd=get_table : tbl=hive.default.nonAcidNonBucket	
2024-04-23T20:51:33,583  INFO [main] metastore.HMSHandler: Skipping translation for processor with null
2024-04-23T20:51:33,583  INFO [main] parse.CalcitePlanner: Completed phase 1 of Semantic Analysis
2024-04-23T20:51:33,583  INFO [main] parse.CalcitePlanner: Get metadata for source tables
2024-04-23T20:51:33,583  INFO [main] parse.CalcitePlanner: Get metadata for subqueries
2024-04-23T20:51:33,583  INFO [main] parse.CalcitePlanner: Get metadata for destination tables
2024-04-23T20:51:33,583  INFO [main] HiveMetaStore.audit: ugi=alex	ip=unknown-ip-addr	cmd=get_table : tbl=hive.default.nonAcidNonBucket	
2024-04-23T20:51:33,593  INFO [main] metastore.HMSHandler: Skipping translation for processor with null
2024-04-23T20:51:33,593  INFO [main] parse.CalcitePlanner: Completed getting MetaData in Semantic Analysis
2024-04-23T20:51:33,593  INFO [main] parse.CalcitePlanner: Disabling LLAP IO encode as ETL query is detected
2024-04-23T20:51:33,615  INFO [main] HiveMetaStore.audit: ugi=alex	ip=unknown-ip-addr	cmd=get_all_table_constraints : tbl=hive._dummy_database._dummy_table	
2024-04-23T20:51:33,692  INFO [main] parse.CalcitePlanner: Get metadata for source tables
2024-04-23T20:51:33,692  INFO [main] parse.CalcitePlanner: Get metadata for subqueries
2024-04-23T20:51:33,692  INFO [main] parse.CalcitePlanner: Get metadata for source tables
2024-04-23T20:51:33,692  INFO [main] HiveMetaStore.audit: ugi=alex	ip=unknown-ip-addr	cmd=get_table : tbl=hive._dummy_database._dummy_table	
2024-04-23T20:51:33,695  INFO [main] parse.CalcitePlanner: Get metadata for subqueries
2024-04-23T20:51:33,695  INFO [main] parse.CalcitePlanner: Get metadata for destination tables
2024-04-23T20:51:33,695  INFO [main] parse.CalcitePlanner: Get metadata for destination tables
2024-04-23T20:51:33,695  INFO [main] HiveMetaStore.audit: ugi=alex	ip=unknown-ip-addr	cmd=get_table : tbl=hive.default.nonAcidNonBucket	
2024-04-23T20:51:33,705  INFO [main] metastore.HMSHandler: Skipping translation for processor with null
2024-04-23T20:51:33,707  INFO [main] common.FileUtils: Creating directory if it doesn't exist: file:/home/alex/Repositories/hive/ql/target/tmp/org.apache.hadoop.hive.ql.TestTxnNoBuckets-1713930630697/warehouse/nonacidnonbucket/.hive-staging_hive_2024-04-23_20-51-33_539_1817312447277023881-1
2024-04-23T20:51:33,710  INFO [main] HiveMetaStore.audit: ugi=alex	ip=unknown-ip-addr	cmd=get_not_null_constraints : tbl=hive.default.nonacidnonbucket	
2024-04-23T20:51:33,711  INFO [main] HiveMetaStore.audit: ugi=alex	ip=unknown-ip-addr	cmd=get_check_constraints : tbl=hive.default.nonacidnonbucket	
2024-04-23T20:51:33,712  INFO [main] parse.CalcitePlanner: CBO Succeeded; optimized logical plan.
2024-04-23T20:51:33,715  INFO [main] optimizer.BucketVersionPopulator: not considering bucketingVersion for: TS[0] because it has -1<2 buckets 
2024-04-23T20:51:33,716  INFO [main] optimizer.SortedDynPartitionOptimizer: Sorted dynamic partitioning optimization kicked in..
2024-04-23T20:51:33,725  INFO [main] HiveMetaStore.audit: ugi=alex	ip=unknown-ip-addr	cmd=get_table : tbl=hive.default.nonacidnonbucket	
2024-04-23T20:51:33,736  INFO [main] metastore.HMSHandler: Skipping translation for processor with null
2024-04-23T20:51:33,737  INFO [main] optimizer.GenMRFileSink1: using CombineHiveInputformat for the merge job
2024-04-23T20:51:33,737  INFO [main] HiveMetaStore.audit: ugi=alex	ip=unknown-ip-addr	cmd=get_table : tbl=hive.default.nonacidnonbucket	
2024-04-23T20:51:33,749  INFO [main] metastore.HMSHandler: Skipping translation for processor with null
2024-04-23T20:51:33,750  INFO [main] physical.Vectorizer: Examining input format to see if vectorization is enabled.
2024-04-23T20:51:33,750  INFO [main] physical.Vectorizer: Map vectorization enabled: false
2024-04-23T20:51:33,750  INFO [main] physical.Vectorizer: Map vectorized: false
2024-04-23T20:51:33,750  INFO [main] physical.Vectorizer: Map vectorizedVertexNum: 0
2024-04-23T20:51:33,750  INFO [main] physical.Vectorizer: Map enabledConditionsMet: [hive.vectorized.use.vectorized.input.format IS true]
2024-04-23T20:51:33,750  INFO [main] physical.Vectorizer: Map enabledConditionsNotMet: [Could not enable vectorization due to partition column names size 1 is greater than the number of table column names size 0 IS false]
2024-04-23T20:51:33,750  INFO [main] physical.Vectorizer: Map inputFileFormatClassNameSet: [org.apache.hadoop.hive.ql.io.NullRowsInputFormat]
2024-04-23T20:51:33,751  INFO [main] parse.CalcitePlanner: Completed plan generation
2024-04-23T20:51:33,751  INFO [main] parse.CalcitePlanner: Ending caching scope for: 
2024-04-23T20:51:33,751  INFO [main] ql.Driver: Semantic Analysis Completed (retrial = false)
2024-04-23T20:51:33,751  INFO [main] ql.Driver: Created Hive schema: Schema(fieldSchemas:[FieldSchema(name:_col0, type:int, comment:null), FieldSchema(name:_col1, type:int, comment:null)], properties:null)
2024-04-23T20:51:33,751  INFO [main] metadata.Hive: Dumping metastore api call timing information for : compilation phase
2024-04-23T20:51:33,751  INFO [main] metadata.Hive: Total time spent in each metastore function (ms): {getTable_(GetTableRequest)=80, openTxn_(String, TxnType)=2, flushCache_()=0, getCheckConstraints_(CheckConstraintsRequest)=1, commitTxn_(CommitTxnRequest)=12, getNotNullConstraints_(NotNullConstraintsRequest)=1, getAllTableConstraints_(AllTableConstraintsRequest)=28, getValidWriteIds_(List, String)=3, isCompatibleWith_(Configuration)=0, getValidTxns_(long)=1}
2024-04-23T20:51:33,752  INFO [main] ql.Driver: Completed compiling command(queryId=alex_20240423205133_27ded6ab-d5c3-454c-9f98-49cf9c1c1b9e); Time taken: 0.212 seconds
2024-04-23T20:51:33,752  INFO [main] lockmgr.DbTxnManager: Setting lock request transaction to txnid:13 for queryId=alex_20240423205133_27ded6ab-d5c3-454c-9f98-49cf9c1c1b9e
2024-04-23T20:51:33,752  INFO [main] lockmgr.DbLockManager: Requesting lock for queryId=alex_20240423205133_27ded6ab-d5c3-454c-9f98-49cf9c1c1b9e
2024-04-23T20:51:33,773  INFO [main] lockmgr.DbLockManager: Response to queryId=alex_20240423205133_27ded6ab-d5c3-454c-9f98-49cf9c1c1b9e LockResponse(lockid:7, state:ACQUIRED)
2024-04-23T20:51:33,773  INFO [main] ql.Driver: Operation QUERY obtained 1 locks
2024-04-23T20:51:33,773  INFO [main] ql.Driver: Executing command(queryId=alex_20240423205133_27ded6ab-d5c3-454c-9f98-49cf9c1c1b9e): insert into nonAcidNonBucket(a,b) values(1,2),(1,3)
2024-04-23T20:51:33,774  WARN [main] ql.Driver: Hive-on-MR is deprecated in Hive 2 and may not be available in the future versions. Consider using a different execution engine (i.e. spark, tez) or using Hive 1.X releases.
Query ID = alex_20240423205133_27ded6ab-d5c3-454c-9f98-49cf9c1c1b9e
2024-04-23T20:51:33,774  INFO [main] ql.Driver: Query ID = alex_20240423205133_27ded6ab-d5c3-454c-9f98-49cf9c1c1b9e
Total jobs = 1
2024-04-23T20:51:33,774  INFO [main] ql.Driver: Total jobs = 1
Launching Job 1 out of 1
2024-04-23T20:51:33,774  INFO [main] ql.Driver: Launching Job 1 out of 1
2024-04-23T20:51:33,916  INFO [main] ql.Driver: Starting task [Stage-1:MAPRED] in serial mode
Number of reduce tasks is set to 0 since there's no reduce operator
2024-04-23T20:51:33,917  INFO [main] exec.Task: Number of reduce tasks is set to 0 since there's no reduce operator
2024-04-23T20:51:33,919  INFO [main] mr.ExecDriver: Using org.apache.hadoop.hive.ql.io.HiveInputFormat
2024-04-23T20:51:33,919  INFO [main] exec.Utilities: Processing alias $hdt$_0:_dummy_table
2024-04-23T20:51:33,919  INFO [main] exec.Utilities: Adding 1 inputs; the first input is file:/home/alex/Repositories/hive/ql/target/tmp/localscratchdir/015cd12a-2c2e-49b1-bdb5-af055e561965/hive_2024-04-23_20-51-33_539_1817312447277023881-1/dummy_path
2024-04-23T20:51:33,929  INFO [main] exec.SerializationUtilities: Serializing MapWork using kryo
2024-04-23T20:51:33,929  INFO [main] exec.Utilities: Serialized plan (via FILE) - name: null size: 6,14KB
2024-04-23T20:51:33,930  WARN [main] impl.MetricsSystemImpl: JobTracker metrics system already initialized!
2024-04-23T20:51:33,934  INFO [main] fs.FSStatsPublisher: created : file:/home/alex/Repositories/hive/ql/target/tmp/localscratchdir/015cd12a-2c2e-49b1-bdb5-af055e561965/hive_2024-04-23_20-51-33_539_1817312447277023881-1/-mr-10001
2024-04-23T20:51:33,938  WARN [main] impl.MetricsSystemImpl: JobTracker metrics system already initialized!
2024-04-23T20:51:33,945  WARN [main] mapreduce.JobResourceUploader: Hadoop command-line option parsing not performed. Implement the Tool interface and execute your application with ToolRunner to remedy this.
2024-04-23T20:51:33,949  WARN [main] mapreduce.JobResourceUploader: No job jar file set.  User classes may not be found. See Job or Job#setJar(String).
2024-04-23T20:51:33,950  INFO [main] io.HiveInputFormat: hive.io.file.readcolumn.ids = 
2024-04-23T20:51:33,950  INFO [main] io.HiveInputFormat: hive.io.file.readcolumn.names = 
2024-04-23T20:51:33,950  INFO [main] io.HiveInputFormat: Generating splits for dirs: file:/home/alex/Repositories/hive/ql/target/tmp/localscratchdir/015cd12a-2c2e-49b1-bdb5-af055e561965/hive_2024-04-23_20-51-33_539_1817312447277023881-1/dummy_path
2024-04-23T20:51:33,951  INFO [main] io.HiveInputFormat: number of splits 1
2024-04-23T20:51:33,967  INFO [main] mapreduce.JobSubmitter: number of splits:1
2024-04-23T20:51:33,986  INFO [main] mapreduce.JobSubmitter: Submitting tokens for job: job_local1405596198_0022
2024-04-23T20:51:33,986  INFO [main] mapreduce.JobSubmitter: Executing with tokens: []
2024-04-23T20:51:34,061  INFO [main] mapreduce.Job: The url to track the job: http://localhost:8080/
Job running in-process (local Hadoop)
2024-04-23T20:51:34,061  INFO [main] exec.Task: Job running in-process (local Hadoop)
2024-04-23T20:51:34,062  INFO [Thread-1437] mapred.LocalJobRunner: OutputCommitter set in config org.apache.hadoop.hive.ql.io.HiveFileFormatUtils$NullOutputCommitter
2024-04-23T20:51:34,062  INFO [Thread-1437] mapred.LocalJobRunner: OutputCommitter is org.apache.hadoop.hive.ql.io.HiveFileFormatUtils$NullOutputCommitter
2024-04-23T20:51:34,063  INFO [Thread-1437] mapred.LocalJobRunner: Waiting for map tasks
2024-04-23T20:51:34,064  INFO [LocalJobRunner Map Task Executor #0] mapred.LocalJobRunner: Starting task: attempt_local1405596198_0022_m_000000_0
2024-04-23T20:51:34,066  INFO [LocalJobRunner Map Task Executor #0] mapred.Task:  Using ResourceCalculatorProcessTree : [ ]
2024-04-23T20:51:34,067  INFO [LocalJobRunner Map Task Executor #0] mapred.MapTask: Processing split: org.apache.hadoop.hive.ql.io.NullRowsInputFormat:file:/home/alex/Repositories/hive/ql/target/tmp/localscratchdir/015cd12a-2c2e-49b1-bdb5-af055e561965/hive_2024-04-23_20-51-33_539_1817312447277023881-1/dummy_path/null:0+1
2024-04-23T20:51:34,069  INFO [LocalJobRunner Map Task Executor #0] exec.SerializationUtilities: Deserializing MapWork using kryo
2024-04-23T20:51:34,069  INFO [LocalJobRunner Map Task Executor #0] exec.Utilities: Deserialized plan (via FILE) - name: null size: 6,14KB
2024-04-23T20:51:34,070  INFO [LocalJobRunner Map Task Executor #0] mapred.MapTask: numReduceTasks: 0
2024-04-23T20:51:34,072  INFO [LocalJobRunner Map Task Executor #0] exec.MapOperator: Initializing Operator: MAP[0]
2024-04-23T20:51:34,072  INFO [LocalJobRunner Map Task Executor #0] mr.ExecMapper: 
<MAP>Id =0
  <Children>null
  <\Children>
  <Parent><\Parent>
<\MAP>
2024-04-23T20:51:34,073  INFO [LocalJobRunner Map Task Executor #0] exec.TableScanOperator: Initializing Operator: TS[0]
2024-04-23T20:51:34,073  INFO [LocalJobRunner Map Task Executor #0] exec.SelectOperator: Initializing Operator: SEL[1]
2024-04-23T20:51:34,073  INFO [LocalJobRunner Map Task Executor #0] exec.SelectOperator: SELECT null
2024-04-23T20:51:34,073  INFO [LocalJobRunner Map Task Executor #0] exec.UDTFOperator: Initializing Operator: UDTF[2]
2024-04-23T20:51:34,073  INFO [LocalJobRunner Map Task Executor #0] exec.SelectOperator: Initializing Operator: SEL[3]
2024-04-23T20:51:34,073  INFO [LocalJobRunner Map Task Executor #0] exec.SelectOperator: SELECT struct<col1:int,col2:int>
2024-04-23T20:51:34,073  INFO [LocalJobRunner Map Task Executor #0] exec.FileSinkOperator: Initializing Operator: FS[4]
2024-04-23T20:51:34,074  INFO [LocalJobRunner Map Task Executor #0] exec.FileSinkOperator: Using serializer : AbstractSerDe [log=org.apache.logging.slf4j.Log4jLogger@4aa280a, configuration=Optional[Configuration: core-default.xml, core-site.xml, mapred-default.xml, mapred-site.xml, yarn-default.xml, yarn-site.xml, hdfs-default.xml, hdfs-site.xml, file:/home/alex/Repositories/hive/ql/target/tmp/TestTxnNoBucketsVectorized/mapred/local/localRunner/alex/job_local1405596198_0022/job_local1405596198_0022.xml], properties={name=default.nonacidnonbucket, columns.types=int:int, serialization.format=1, columns=a,b, numFilesErasureCoded=0, columns.comments=&amp#0;, bucketing_version=2, serialization.lib=org.apache.hadoop.hive.ql.io.orc.OrcSerde, file.inputformat=org.apache.hadoop.hive.ql.io.orc.OrcInputFormat, file.outputformat=org.apache.hadoop.hive.ql.io.orc.OrcOutputFormat, location=file:/home/alex/Repositories/hive/ql/target/tmp/org.apache.hadoop.hive.ql.TestTxnNoBuckets-1713930630697/warehouse/nonacidnonbucket, column.name.delimiter=,}, tableProperties={name=default.nonacidnonbucket, columns.types=int:int, serialization.format=1, columns=a,b, numFilesErasureCoded=0, columns.comments=&amp#0;, bucketing_version=2, serialization.lib=org.apache.hadoop.hive.ql.io.orc.OrcSerde, file.inputformat=org.apache.hadoop.hive.ql.io.orc.OrcInputFormat, location=file:/home/alex/Repositories/hive/ql/target/tmp/org.apache.hadoop.hive.ql.TestTxnNoBuckets-1713930630697/warehouse/nonacidnonbucket, file.outputformat=org.apache.hadoop.hive.ql.io.orc.OrcOutputFormat, column.name.delimiter=,}, partitionProperties=Optional.empty, columnNames=[a, b], columnTypes=[int, int], getClass()=class org.apache.hadoop.hive.ql.io.orc.OrcSerde] and formatter : org.apache.hadoop.hive.ql.io.orc.OrcOutputFormat@400511a9
2024-04-23T20:51:34,074  INFO [LocalJobRunner Map Task Executor #0] exec.FileSinkOperator: Final Path: FS file:/home/alex/Repositories/hive/ql/target/tmp/org.apache.hadoop.hive.ql.TestTxnNoBuckets-1713930630697/warehouse/nonacidnonbucket/.hive-staging_hive_2024-04-23_20-51-33_539_1817312447277023881-1/_tmp.-ext-10002/000000_0
2024-04-23T20:51:34,074  INFO [LocalJobRunner Map Task Executor #0] exec.FileSinkOperator: Writing to temp file: FS file:/home/alex/Repositories/hive/ql/target/tmp/org.apache.hadoop.hive.ql.TestTxnNoBuckets-1713930630697/warehouse/nonacidnonbucket/.hive-staging_hive_2024-04-23_20-51-33_539_1817312447277023881-1/_task_tmp.-ext-10002/_tmp.000000_0
2024-04-23T20:51:34,074  INFO [LocalJobRunner Map Task Executor #0] exec.FileSinkOperator: New Final Path: FS file:/home/alex/Repositories/hive/ql/target/tmp/org.apache.hadoop.hive.ql.TestTxnNoBuckets-1713930630697/warehouse/nonacidnonbucket/.hive-staging_hive_2024-04-23_20-51-33_539_1817312447277023881-1/_tmp.-ext-10002/000000_0
2024-04-23T20:51:34,076  INFO [LocalJobRunner Map Task Executor #0] exec.FileSinkOperator: FS[4]: records written - 1
2024-04-23T20:51:34,076  INFO [LocalJobRunner Map Task Executor #0] impl.PhysicalFsWriter: ORC writer created for path: file:/home/alex/Repositories/hive/ql/target/tmp/org.apache.hadoop.hive.ql.TestTxnNoBuckets-1713930630697/warehouse/nonacidnonbucket/.hive-staging_hive_2024-04-23_20-51-33_539_1817312447277023881-1/_task_tmp.-ext-10002/_tmp.000000_0 with stripeSize: 67108864 blockSize: 268435456 compression: Compress: ZLIB buffer: 262144
2024-04-23T20:51:34,083  INFO [LocalJobRunner Map Task Executor #0] impl.WriterImpl: ORC writer created for path: file:/home/alex/Repositories/hive/ql/target/tmp/org.apache.hadoop.hive.ql.TestTxnNoBuckets-1713930630697/warehouse/nonacidnonbucket/.hive-staging_hive_2024-04-23_20-51-33_539_1817312447277023881-1/_task_tmp.-ext-10002/_tmp.000000_0 with stripeSize: 67108864 options: Compress: ZLIB buffer: 262144
2024-04-23T20:51:34,083  INFO [LocalJobRunner Map Task Executor #0] exec.MapOperator: MAP[0]: records read - 1
2024-04-23T20:51:34,084  INFO [LocalJobRunner Map Task Executor #0] exec.MapOperator: Closing Operator: MAP[0]
2024-04-23T20:51:34,084  INFO [LocalJobRunner Map Task Executor #0] exec.MapOperator: MAP[0]: Total records read - 3. abort - false
2024-04-23T20:51:34,084  INFO [LocalJobRunner Map Task Executor #0] exec.MapOperator: RECORDS_OUT_INTERMEDIATE:0, DESERIALIZE_ERRORS:0, RECORDS_IN:3, RECORDS_OUT_OPERATOR_MAP_0:0, 
2024-04-23T20:51:34,084  INFO [LocalJobRunner Map Task Executor #0] exec.TableScanOperator: Closing Operator: TS[0]
2024-04-23T20:51:34,084  INFO [LocalJobRunner Map Task Executor #0] exec.TableScanOperator: RECORDS_OUT_INTERMEDIATE:0, RECORDS_OUT_OPERATOR_TS_0:1, 
2024-04-23T20:51:34,084  INFO [LocalJobRunner Map Task Executor #0] exec.SelectOperator: Closing Operator: SEL[1]
2024-04-23T20:51:34,084  INFO [LocalJobRunner Map Task Executor #0] exec.SelectOperator: RECORDS_OUT_INTERMEDIATE:0, RECORDS_OUT_OPERATOR_SEL_1:1, 
2024-04-23T20:51:34,084  INFO [LocalJobRunner Map Task Executor #0] exec.UDTFOperator: Closing Operator: UDTF[2]
2024-04-23T20:51:34,084  INFO [LocalJobRunner Map Task Executor #0] exec.UDTFOperator: RECORDS_OUT_OPERATOR_UDTF_2:2, RECORDS_OUT_INTERMEDIATE:0, 
2024-04-23T20:51:34,084  INFO [LocalJobRunner Map Task Executor #0] exec.SelectOperator: Closing Operator: SEL[3]
2024-04-23T20:51:34,084  INFO [LocalJobRunner Map Task Executor #0] exec.SelectOperator: RECORDS_OUT_INTERMEDIATE:0, RECORDS_OUT_OPERATOR_SEL_3:2, 
2024-04-23T20:51:34,084  INFO [LocalJobRunner Map Task Executor #0] exec.FileSinkOperator: Closing Operator: FS[4]
2024-04-23T20:51:34,084  INFO [LocalJobRunner Map Task Executor #0] exec.FileSinkOperator: FS[4]: records written - 2
2024-04-23T20:51:34,090  INFO [LocalJobRunner Map Task Executor #0] exec.FileSinkOperator: RECORDS_OUT_INTERMEDIATE:0, TOTAL_TABLE_ROWS_WRITTEN:2, RECORDS_OUT_OPERATOR_FS_4:2, RECORDS_OUT_1_default.nonacidnonbucket:2, 
2024-04-23T20:51:34,091  INFO [LocalJobRunner Map Task Executor #0] mapred.LocalJobRunner: 
2024-04-23T20:51:34,093  INFO [LocalJobRunner Map Task Executor #0] mapred.Task: Task:attempt_local1405596198_0022_m_000000_0 is done. And is in the process of committing
2024-04-23T20:51:34,093  INFO [LocalJobRunner Map Task Executor #0] mapred.LocalJobRunner: map
2024-04-23T20:51:34,093  INFO [LocalJobRunner Map Task Executor #0] mapred.Task: Task 'attempt_local1405596198_0022_m_000000_0' done.
2024-04-23T20:51:34,093  INFO [LocalJobRunner Map Task Executor #0] mapred.Task: Final Counters for attempt_local1405596198_0022_m_000000_0: Counters: 27
	File System Counters
		FILE: Number of bytes read=487362
		FILE: Number of bytes written=26436336
		FILE: Number of read operations=0
		FILE: Number of large read operations=0
		FILE: Number of write operations=0
	Map-Reduce Framework
		Map input records=4
		Map output records=0
		Input split bytes=361
		Spilled Records=0
		Failed Shuffles=0
		Merged Map outputs=0
		GC time elapsed (ms)=0
		Total committed heap usage (bytes)=1100480512
	HIVE
		CREATED_FILES=1
		DESERIALIZE_ERRORS=0
		RECORDS_IN=3
		RECORDS_OUT_1_default.nonacidnonbucket=2
		RECORDS_OUT_INTERMEDIATE=0
		RECORDS_OUT_OPERATOR_FS_4=2
		RECORDS_OUT_OPERATOR_MAP_0=0
		RECORDS_OUT_OPERATOR_SEL_1=1
		RECORDS_OUT_OPERATOR_SEL_3=2
		RECORDS_OUT_OPERATOR_TS_0=1
		RECORDS_OUT_OPERATOR_UDTF_2=2
		TOTAL_TABLE_ROWS_WRITTEN=2
	File Input Format Counters 
		Bytes Read=6196
	File Output Format Counters 
		Bytes Written=0
2024-04-23T20:51:34,093  INFO [LocalJobRunner Map Task Executor #0] mapred.LocalJobRunner: Finishing task: attempt_local1405596198_0022_m_000000_0
2024-04-23T20:51:34,093  INFO [Thread-1437] mapred.LocalJobRunner: map task executor complete.
2024-04-23 20:51:35,062 Stage-1 map = 100%,  reduce = 0%
2024-04-23T20:51:35,062  INFO [main] exec.Task: 2024-04-23 20:51:35,062 Stage-1 map = 100%,  reduce = 0%
Ended Job = job_local1405596198_0022
2024-04-23T20:51:35,063  INFO [main] exec.Task: Ended Job = job_local1405596198_0022
2024-04-23T20:51:35,065  INFO [main] ql.Driver: Starting task [Stage-7:CONDITIONAL] in serial mode
Stage-4 is selected by condition resolver.
2024-04-23T20:51:35,066  INFO [main] exec.Task: Stage-4 is selected by condition resolver.
Stage-3 is filtered out by condition resolver.
2024-04-23T20:51:35,066  INFO [main] exec.Task: Stage-3 is filtered out by condition resolver.
Stage-5 is filtered out by condition resolver.
2024-04-23T20:51:35,066  INFO [main] exec.Task: Stage-5 is filtered out by condition resolver.
2024-04-23T20:51:35,066  INFO [main] ql.Driver: Starting task [Stage-4:MOVE] in serial mode
Moving data to directory file:/home/alex/Repositories/hive/ql/target/tmp/org.apache.hadoop.hive.ql.TestTxnNoBuckets-1713930630697/warehouse/nonacidnonbucket/.hive-staging_hive_2024-04-23_20-51-33_539_1817312447277023881-1/-ext-10000
2024-04-23T20:51:35,066  INFO [main] exec.Task: Moving data to directory file:/home/alex/Repositories/hive/ql/target/tmp/org.apache.hadoop.hive.ql.TestTxnNoBuckets-1713930630697/warehouse/nonacidnonbucket/.hive-staging_hive_2024-04-23_20-51-33_539_1817312447277023881-1/-ext-10000 from file:/home/alex/Repositories/hive/ql/target/tmp/org.apache.hadoop.hive.ql.TestTxnNoBuckets-1713930630697/warehouse/nonacidnonbucket/.hive-staging_hive_2024-04-23_20-51-33_539_1817312447277023881-1/-ext-10002
2024-04-23T20:51:35,067  INFO [main] ql.Driver: Starting task [Stage-0:MOVE] in serial mode
Loading data to table default.nonacidnonbucket
2024-04-23T20:51:35,067  INFO [main] exec.Task: Loading data to table default.nonacidnonbucket from file:/home/alex/Repositories/hive/ql/target/tmp/org.apache.hadoop.hive.ql.TestTxnNoBuckets-1713930630697/warehouse/nonacidnonbucket/.hive-staging_hive_2024-04-23_20-51-33_539_1817312447277023881-1/-ext-10000
2024-04-23T20:51:35,067  INFO [main] HiveMetaStore.audit: ugi=alex	ip=unknown-ip-addr	cmd=get_table : tbl=hive.default.nonacidnonbucket	
2024-04-23T20:51:35,080  INFO [main] metastore.HMSHandler: Skipping translation for processor with null
2024-04-23T20:51:35,081  INFO [main] HiveMetaStore.audit: ugi=alex	ip=unknown-ip-addr	cmd=get_table : tbl=hive.default.nonacidnonbucket	
2024-04-23T20:51:35,094  INFO [main] metastore.HMSHandler: Skipping translation for processor with null
2024-04-23T20:51:35,096  WARN [main] metadata.Hive: Cannot get a table snapshot for nonacidnonbucket
2024-04-23T20:51:35,096  INFO [main] HiveMetaStore.audit: ugi=alex	ip=unknown-ip-addr	cmd=alter_table: hive.default.nonacidnonbucket newtbl=nonacidnonbucket	
2024-04-23T20:51:35,133  INFO [main] ql.Driver: Starting task [Stage-2:STATS] in serial mode
2024-04-23T20:51:35,133  INFO [main] HiveMetaStore.audit: ugi=alex	ip=unknown-ip-addr	cmd=get_table : tbl=hive.default.nonacidnonbucket	
2024-04-23T20:51:35,144  INFO [main] metastore.HMSHandler: Skipping translation for processor with null
2024-04-23T20:51:35,145  INFO [main] stats.BasicStatsTask: Executing stats task
2024-04-23T20:51:35,145  INFO [main] fs.FSStatsPublisher: created : file:/home/alex/Repositories/hive/ql/target/tmp/localscratchdir/015cd12a-2c2e-49b1-bdb5-af055e561965/hive_2024-04-23_20-51-33_539_1817312447277023881-1/-mr-10001
2024-04-23T20:51:35,146  INFO [main] HiveMetaStore.audit: ugi=alex	ip=unknown-ip-addr	cmd=get_table : tbl=hive.default.nonacidnonbucket	
2024-04-23T20:51:35,157  INFO [main] metastore.HMSHandler: Skipping translation for processor with null
2024-04-23T20:51:35,158  INFO [main] FileOperations: Read stats for default.nonacidnonbucket/, numRows, true, 2, false: 
2024-04-23T20:51:35,158  INFO [main] FileOperations: Read stats for default.nonacidnonbucket/, rawDataSize, true, 16, false: 
2024-04-23T20:51:35,158  WARN [main] metadata.Hive: Cannot get a table snapshot for nonacidnonbucket
2024-04-23T20:51:35,158  INFO [main] HiveMetaStore.audit: ugi=alex	ip=unknown-ip-addr	cmd=alter_table: hive.default.nonacidnonbucket newtbl=nonacidnonbucket	
2024-04-23T20:51:35,189  INFO [main] stats.BasicStatsTask: Table default.nonacidnonbucket stats: [numFiles=1, numRows=2, totalSize=254, rawDataSize=16, numFilesErasureCoded=0]
2024-04-23T20:51:35,189  INFO [main] metadata.Hive: Dumping metastore api call timing information for : execution phase
2024-04-23T20:51:35,190  INFO [main] metadata.Hive: Total time spent in each metastore function (ms): {alter_table_(String, String, String, Table, EnvironmentContext, String)=67, isCompatibleWith_(Configuration)=0, getTable_(GetTableRequest)=49}
MapReduce Jobs Launched: 
2024-04-23T20:51:35,190  INFO [main] ql.Driver: MapReduce Jobs Launched: 
Stage-Stage-1:  HDFS Read: 0 HDFS Write: 0 SUCCESS
2024-04-23T20:51:35,190  INFO [main] ql.Driver: Stage-Stage-1:  HDFS Read: 0 HDFS Write: 0 SUCCESS
Total MapReduce CPU Time Spent: 0 msec
2024-04-23T20:51:35,190  INFO [main] ql.Driver: Total MapReduce CPU Time Spent: 0 msec
2024-04-23T20:51:35,190  INFO [main] ql.Driver: Completed executing command(queryId=alex_20240423205133_27ded6ab-d5c3-454c-9f98-49cf9c1c1b9e); Time taken: 1.416 seconds
2024-04-23T20:51:35,190  INFO [main] lockmgr.DbTxnManager: Stopped heartbeat for query: alex_20240423205133_27ded6ab-d5c3-454c-9f98-49cf9c1c1b9e
2024-04-23T20:51:35,196  INFO [main] txn.TxnHandler: Expected to move at least one record from txn_components to completed_txn_components when committing txn! txnid:13
2024-04-23T20:51:35,203  INFO [main] txn.TxnHandler: Removed transactions: ([13]) from MIN_HISTORY_LEVEL
2024-04-23T20:51:35,203  WARN [main] txn.CompactionTxnHandler: No compaction queue record found for Compaction type transaction commit. txnId:13
2024-04-23T20:51:35,204  INFO [main] ql.TxnCommandsBaseForTests: Running the query: insert into nonAcidNonBucket(a,b) values(0,12),(0,13),(1,4),(1,5)
2024-04-23T20:51:35,204  INFO [main] ql.Context: Deleting scratch dir: file:/home/alex/Repositories/hive/ql/target/tmp/org.apache.hadoop.hive.ql.TestTxnNoBuckets-1713930630697/warehouse/nonacidnonbucket/.hive-staging_hive_2024-04-23_20-51-33_539_1817312447277023881-1
2024-04-23T20:51:35,204  INFO [main] cleanup.SyncCleanupService: Deleted directory: file:/home/alex/Repositories/hive/ql/target/tmp/org.apache.hadoop.hive.ql.TestTxnNoBuckets-1713930630697/warehouse/nonacidnonbucket/.hive-staging_hive_2024-04-23_20-51-33_539_1817312447277023881-1 on fs with scheme file
2024-04-23T20:51:35,204  INFO [main] ql.Context: Deleting scratch dir: file:/home/alex/Repositories/hive/ql/target/tmp/localscratchdir/015cd12a-2c2e-49b1-bdb5-af055e561965/hive_2024-04-23_20-51-33_539_1817312447277023881-1
2024-04-23T20:51:35,205  INFO [main] cleanup.SyncCleanupService: Deleted directory: file:/home/alex/Repositories/hive/ql/target/tmp/localscratchdir/015cd12a-2c2e-49b1-bdb5-af055e561965/hive_2024-04-23_20-51-33_539_1817312447277023881-1 on fs with scheme file
2024-04-23T20:51:35,205  INFO [main] ql.Driver: Compiling command(queryId=alex_20240423205135_a2a2e76e-7026-4da8-8575-444bdc9a87c0): insert into nonAcidNonBucket(a,b) values(0,12),(0,13),(1,4),(1,5)
2024-04-23T20:51:35,212  INFO [main] txn.TxnHandler: Added entries to MIN_HISTORY_LEVEL for current txns: ([14]) with min_open_txn: 14
2024-04-23T20:51:35,212  INFO [main] lockmgr.DbTxnManager: Opened txnid:14
2024-04-23T20:51:35,213  INFO [main] parse.CalcitePlanner: Starting caching scope for: 
2024-04-23T20:51:35,213  INFO [main] parse.CalcitePlanner: Starting Semantic Analysis
2024-04-23T20:51:35,216  INFO [main] HiveMetaStore.audit: ugi=alex	ip=unknown-ip-addr	cmd=get_table : tbl=hive.default.nonAcidNonBucket	
2024-04-23T20:51:35,225  INFO [main] metastore.HMSHandler: Skipping translation for processor with null
2024-04-23T20:51:35,225  INFO [main] parse.CalcitePlanner: Completed phase 1 of Semantic Analysis
2024-04-23T20:51:35,225  INFO [main] parse.CalcitePlanner: Get metadata for source tables
2024-04-23T20:51:35,225  INFO [main] parse.CalcitePlanner: Get metadata for subqueries
2024-04-23T20:51:35,225  INFO [main] parse.CalcitePlanner: Get metadata for destination tables
2024-04-23T20:51:35,225  INFO [main] HiveMetaStore.audit: ugi=alex	ip=unknown-ip-addr	cmd=get_table : tbl=hive.default.nonAcidNonBucket	
2024-04-23T20:51:35,235  INFO [main] metastore.HMSHandler: Skipping translation for processor with null
2024-04-23T20:51:35,235  INFO [main] parse.CalcitePlanner: Completed getting MetaData in Semantic Analysis
2024-04-23T20:51:35,235  INFO [main] parse.CalcitePlanner: Disabling LLAP IO encode as ETL query is detected
2024-04-23T20:51:35,256  INFO [main] HiveMetaStore.audit: ugi=alex	ip=unknown-ip-addr	cmd=get_all_table_constraints : tbl=hive._dummy_database._dummy_table	
2024-04-23T20:51:35,309  INFO [main] parse.CalcitePlanner: Get metadata for source tables
2024-04-23T20:51:35,309  INFO [main] parse.CalcitePlanner: Get metadata for subqueries
2024-04-23T20:51:35,309  INFO [main] parse.CalcitePlanner: Get metadata for source tables
2024-04-23T20:51:35,309  INFO [main] HiveMetaStore.audit: ugi=alex	ip=unknown-ip-addr	cmd=get_table : tbl=hive._dummy_database._dummy_table	
2024-04-23T20:51:35,312  INFO [main] parse.CalcitePlanner: Get metadata for subqueries
2024-04-23T20:51:35,312  INFO [main] parse.CalcitePlanner: Get metadata for destination tables
2024-04-23T20:51:35,312  INFO [main] parse.CalcitePlanner: Get metadata for destination tables
2024-04-23T20:51:35,312  INFO [main] HiveMetaStore.audit: ugi=alex	ip=unknown-ip-addr	cmd=get_table : tbl=hive.default.nonAcidNonBucket	
2024-04-23T20:51:35,323  INFO [main] metastore.HMSHandler: Skipping translation for processor with null
2024-04-23T20:51:35,325  INFO [main] common.FileUtils: Creating directory if it doesn't exist: file:/home/alex/Repositories/hive/ql/target/tmp/org.apache.hadoop.hive.ql.TestTxnNoBuckets-1713930630697/warehouse/nonacidnonbucket/.hive-staging_hive_2024-04-23_20-51-35_205_2914472208858050804-1
2024-04-23T20:51:35,328  INFO [main] HiveMetaStore.audit: ugi=alex	ip=unknown-ip-addr	cmd=get_not_null_constraints : tbl=hive.default.nonacidnonbucket	
2024-04-23T20:51:35,330  INFO [main] HiveMetaStore.audit: ugi=alex	ip=unknown-ip-addr	cmd=get_check_constraints : tbl=hive.default.nonacidnonbucket	
2024-04-23T20:51:35,331  INFO [main] parse.CalcitePlanner: CBO Succeeded; optimized logical plan.
2024-04-23T20:51:35,334  INFO [main] optimizer.BucketVersionPopulator: not considering bucketingVersion for: TS[0] because it has -1<2 buckets 
2024-04-23T20:51:35,335  INFO [main] optimizer.SortedDynPartitionOptimizer: Sorted dynamic partitioning optimization kicked in..
2024-04-23T20:51:35,343  INFO [main] HiveMetaStore.audit: ugi=alex	ip=unknown-ip-addr	cmd=get_table : tbl=hive.default.nonacidnonbucket	
2024-04-23T20:51:35,353  INFO [main] metastore.HMSHandler: Skipping translation for processor with null
2024-04-23T20:51:35,354  INFO [main] optimizer.GenMRFileSink1: using CombineHiveInputformat for the merge job
2024-04-23T20:51:35,354  INFO [main] HiveMetaStore.audit: ugi=alex	ip=unknown-ip-addr	cmd=get_table : tbl=hive.default.nonacidnonbucket	
2024-04-23T20:51:35,364  INFO [main] metastore.HMSHandler: Skipping translation for processor with null
2024-04-23T20:51:35,366  INFO [main] physical.Vectorizer: Examining input format to see if vectorization is enabled.
2024-04-23T20:51:35,366  INFO [main] physical.Vectorizer: Map vectorization enabled: false
2024-04-23T20:51:35,366  INFO [main] physical.Vectorizer: Map vectorized: false
2024-04-23T20:51:35,366  INFO [main] physical.Vectorizer: Map vectorizedVertexNum: 0
2024-04-23T20:51:35,366  INFO [main] physical.Vectorizer: Map enabledConditionsMet: [hive.vectorized.use.vectorized.input.format IS true]
2024-04-23T20:51:35,366  INFO [main] physical.Vectorizer: Map enabledConditionsNotMet: [Could not enable vectorization due to partition column names size 1 is greater than the number of table column names size 0 IS false]
2024-04-23T20:51:35,366  INFO [main] physical.Vectorizer: Map inputFileFormatClassNameSet: [org.apache.hadoop.hive.ql.io.NullRowsInputFormat]
2024-04-23T20:51:35,367  INFO [main] parse.CalcitePlanner: Completed plan generation
2024-04-23T20:51:35,367  INFO [main] parse.CalcitePlanner: Ending caching scope for: 
2024-04-23T20:51:35,367  INFO [main] ql.Driver: Semantic Analysis Completed (retrial = false)
2024-04-23T20:51:35,367  INFO [main] ql.Driver: Created Hive schema: Schema(fieldSchemas:[FieldSchema(name:_col0, type:int, comment:null), FieldSchema(name:_col1, type:int, comment:null)], properties:null)
2024-04-23T20:51:35,367  INFO [main] metadata.Hive: Dumping metastore api call timing information for : compilation phase
2024-04-23T20:51:35,367  INFO [main] metadata.Hive: Total time spent in each metastore function (ms): {flushCache_()=0, commitTxn_(CommitTxnRequest)=14, getAllTableConstraints_(AllTableConstraintsRequest)=5, isCompatibleWith_(Configuration)=1, getCheckConstraints_(CheckConstraintsRequest)=1, getTable_(GetTableRequest)=51, getNotNullConstraints_(NotNullConstraintsRequest)=1, getValidWriteIds_(List, String)=3, openTxn_(String, TxnType)=6, getValidTxns_(long)=1}
2024-04-23T20:51:35,367  INFO [main] ql.Driver: Completed compiling command(queryId=alex_20240423205135_a2a2e76e-7026-4da8-8575-444bdc9a87c0); Time taken: 0.162 seconds
2024-04-23T20:51:35,368  INFO [main] lockmgr.DbTxnManager: Setting lock request transaction to txnid:14 for queryId=alex_20240423205135_a2a2e76e-7026-4da8-8575-444bdc9a87c0
2024-04-23T20:51:35,368  INFO [main] lockmgr.DbLockManager: Requesting lock for queryId=alex_20240423205135_a2a2e76e-7026-4da8-8575-444bdc9a87c0
2024-04-23T20:51:35,384  INFO [main] lockmgr.DbLockManager: Response to queryId=alex_20240423205135_a2a2e76e-7026-4da8-8575-444bdc9a87c0 LockResponse(lockid:8, state:ACQUIRED)
2024-04-23T20:51:35,384  INFO [main] ql.Driver: Operation QUERY obtained 1 locks
2024-04-23T20:51:35,385  INFO [main] ql.Driver: Executing command(queryId=alex_20240423205135_a2a2e76e-7026-4da8-8575-444bdc9a87c0): insert into nonAcidNonBucket(a,b) values(0,12),(0,13),(1,4),(1,5)
2024-04-23T20:51:35,385  WARN [main] ql.Driver: Hive-on-MR is deprecated in Hive 2 and may not be available in the future versions. Consider using a different execution engine (i.e. tez, spark) or using Hive 1.X releases.
Query ID = alex_20240423205135_a2a2e76e-7026-4da8-8575-444bdc9a87c0
2024-04-23T20:51:35,386  INFO [main] ql.Driver: Query ID = alex_20240423205135_a2a2e76e-7026-4da8-8575-444bdc9a87c0
Total jobs = 1
2024-04-23T20:51:35,386  INFO [main] ql.Driver: Total jobs = 1
Launching Job 1 out of 1
2024-04-23T20:51:35,386  INFO [main] ql.Driver: Launching Job 1 out of 1
2024-04-23T20:51:35,525  INFO [main] ql.Driver: Starting task [Stage-1:MAPRED] in serial mode
Number of reduce tasks is set to 0 since there's no reduce operator
2024-04-23T20:51:35,525  INFO [main] exec.Task: Number of reduce tasks is set to 0 since there's no reduce operator
2024-04-23T20:51:35,527  INFO [main] mr.ExecDriver: Using org.apache.hadoop.hive.ql.io.HiveInputFormat
2024-04-23T20:51:35,528  INFO [main] exec.Utilities: Processing alias $hdt$_0:_dummy_table
2024-04-23T20:51:35,528  INFO [main] exec.Utilities: Adding 1 inputs; the first input is file:/home/alex/Repositories/hive/ql/target/tmp/localscratchdir/015cd12a-2c2e-49b1-bdb5-af055e561965/hive_2024-04-23_20-51-35_205_2914472208858050804-1/dummy_path
2024-04-23T20:51:35,537  INFO [main] exec.SerializationUtilities: Serializing MapWork using kryo
2024-04-23T20:51:35,538  INFO [main] exec.Utilities: Serialized plan (via FILE) - name: null size: 6,20KB
2024-04-23T20:51:35,539  WARN [main] impl.MetricsSystemImpl: JobTracker metrics system already initialized!
2024-04-23T20:51:35,542  INFO [main] fs.FSStatsPublisher: created : file:/home/alex/Repositories/hive/ql/target/tmp/localscratchdir/015cd12a-2c2e-49b1-bdb5-af055e561965/hive_2024-04-23_20-51-35_205_2914472208858050804-1/-mr-10001
2024-04-23T20:51:35,546  WARN [main] impl.MetricsSystemImpl: JobTracker metrics system already initialized!
2024-04-23T20:51:35,553  WARN [main] mapreduce.JobResourceUploader: Hadoop command-line option parsing not performed. Implement the Tool interface and execute your application with ToolRunner to remedy this.
2024-04-23T20:51:35,557  WARN [main] mapreduce.JobResourceUploader: No job jar file set.  User classes may not be found. See Job or Job#setJar(String).
2024-04-23T20:51:35,558  INFO [main] io.HiveInputFormat: hive.io.file.readcolumn.ids = 
2024-04-23T20:51:35,558  INFO [main] io.HiveInputFormat: hive.io.file.readcolumn.names = 
2024-04-23T20:51:35,558  INFO [main] io.HiveInputFormat: Generating splits for dirs: file:/home/alex/Repositories/hive/ql/target/tmp/localscratchdir/015cd12a-2c2e-49b1-bdb5-af055e561965/hive_2024-04-23_20-51-35_205_2914472208858050804-1/dummy_path
2024-04-23T20:51:35,559  INFO [main] io.HiveInputFormat: number of splits 1
2024-04-23T20:51:35,575  INFO [main] mapreduce.JobSubmitter: number of splits:1
2024-04-23T20:51:35,594  INFO [main] mapreduce.JobSubmitter: Submitting tokens for job: job_local1528711564_0023
2024-04-23T20:51:35,594  INFO [main] mapreduce.JobSubmitter: Executing with tokens: []
2024-04-23T20:51:35,670  INFO [main] mapreduce.Job: The url to track the job: http://localhost:8080/
Job running in-process (local Hadoop)
2024-04-23T20:51:35,670  INFO [main] exec.Task: Job running in-process (local Hadoop)
2024-04-23T20:51:35,670  INFO [Thread-1479] mapred.LocalJobRunner: OutputCommitter set in config org.apache.hadoop.hive.ql.io.HiveFileFormatUtils$NullOutputCommitter
2024-04-23T20:51:35,670  INFO [Thread-1479] mapred.LocalJobRunner: OutputCommitter is org.apache.hadoop.hive.ql.io.HiveFileFormatUtils$NullOutputCommitter
2024-04-23T20:51:35,672  INFO [Thread-1479] mapred.LocalJobRunner: Waiting for map tasks
2024-04-23T20:51:35,672  INFO [LocalJobRunner Map Task Executor #0] mapred.LocalJobRunner: Starting task: attempt_local1528711564_0023_m_000000_0
2024-04-23T20:51:35,673  INFO [LocalJobRunner Map Task Executor #0] mapred.Task:  Using ResourceCalculatorProcessTree : [ ]
2024-04-23T20:51:35,673  INFO [LocalJobRunner Map Task Executor #0] mapred.MapTask: Processing split: org.apache.hadoop.hive.ql.io.NullRowsInputFormat:file:/home/alex/Repositories/hive/ql/target/tmp/localscratchdir/015cd12a-2c2e-49b1-bdb5-af055e561965/hive_2024-04-23_20-51-35_205_2914472208858050804-1/dummy_path/null:0+1
2024-04-23T20:51:35,673  INFO [LocalJobRunner Map Task Executor #0] exec.SerializationUtilities: Deserializing MapWork using kryo
2024-04-23T20:51:35,674  INFO [LocalJobRunner Map Task Executor #0] exec.Utilities: Deserialized plan (via FILE) - name: null size: 6,20KB
2024-04-23T20:51:35,674  INFO [LocalJobRunner Map Task Executor #0] mapred.MapTask: numReduceTasks: 0
2024-04-23T20:51:35,675  INFO [LocalJobRunner Map Task Executor #0] exec.MapOperator: Initializing Operator: MAP[0]
2024-04-23T20:51:35,675  INFO [LocalJobRunner Map Task Executor #0] mr.ExecMapper: 
<MAP>Id =0
  <Children>null
  <\Children>
  <Parent><\Parent>
<\MAP>
2024-04-23T20:51:35,676  INFO [LocalJobRunner Map Task Executor #0] exec.TableScanOperator: Initializing Operator: TS[0]
2024-04-23T20:51:35,676  INFO [LocalJobRunner Map Task Executor #0] exec.SelectOperator: Initializing Operator: SEL[1]
2024-04-23T20:51:35,676  INFO [LocalJobRunner Map Task Executor #0] exec.SelectOperator: SELECT null
2024-04-23T20:51:35,676  INFO [LocalJobRunner Map Task Executor #0] exec.UDTFOperator: Initializing Operator: UDTF[2]
2024-04-23T20:51:35,676  INFO [LocalJobRunner Map Task Executor #0] exec.SelectOperator: Initializing Operator: SEL[3]
2024-04-23T20:51:35,676  INFO [LocalJobRunner Map Task Executor #0] exec.SelectOperator: SELECT struct<col1:int,col2:int>
2024-04-23T20:51:35,676  INFO [LocalJobRunner Map Task Executor #0] exec.FileSinkOperator: Initializing Operator: FS[4]
2024-04-23T20:51:35,677  INFO [LocalJobRunner Map Task Executor #0] exec.FileSinkOperator: Using serializer : AbstractSerDe [log=org.apache.logging.slf4j.Log4jLogger@4aa280a, configuration=Optional[Configuration: core-default.xml, core-site.xml, mapred-default.xml, mapred-site.xml, yarn-default.xml, yarn-site.xml, hdfs-default.xml, hdfs-site.xml, file:/home/alex/Repositories/hive/ql/target/tmp/TestTxnNoBucketsVectorized/mapred/local/localRunner/alex/job_local1528711564_0023/job_local1528711564_0023.xml], properties={name=default.nonacidnonbucket, columns.types=int:int, serialization.format=1, columns=a,b, numFilesErasureCoded=0, columns.comments=&amp#0;, bucketing_version=2, serialization.lib=org.apache.hadoop.hive.ql.io.orc.OrcSerde, file.inputformat=org.apache.hadoop.hive.ql.io.orc.OrcInputFormat, file.outputformat=org.apache.hadoop.hive.ql.io.orc.OrcOutputFormat, location=file:/home/alex/Repositories/hive/ql/target/tmp/org.apache.hadoop.hive.ql.TestTxnNoBuckets-1713930630697/warehouse/nonacidnonbucket, column.name.delimiter=,}, tableProperties={name=default.nonacidnonbucket, columns.types=int:int, serialization.format=1, columns=a,b, numFilesErasureCoded=0, columns.comments=&amp#0;, bucketing_version=2, serialization.lib=org.apache.hadoop.hive.ql.io.orc.OrcSerde, file.inputformat=org.apache.hadoop.hive.ql.io.orc.OrcInputFormat, location=file:/home/alex/Repositories/hive/ql/target/tmp/org.apache.hadoop.hive.ql.TestTxnNoBuckets-1713930630697/warehouse/nonacidnonbucket, file.outputformat=org.apache.hadoop.hive.ql.io.orc.OrcOutputFormat, column.name.delimiter=,}, partitionProperties=Optional.empty, columnNames=[a, b], columnTypes=[int, int], getClass()=class org.apache.hadoop.hive.ql.io.orc.OrcSerde] and formatter : org.apache.hadoop.hive.ql.io.orc.OrcOutputFormat@43d03959
2024-04-23T20:51:35,677  INFO [LocalJobRunner Map Task Executor #0] exec.FileSinkOperator: Final Path: FS file:/home/alex/Repositories/hive/ql/target/tmp/org.apache.hadoop.hive.ql.TestTxnNoBuckets-1713930630697/warehouse/nonacidnonbucket/.hive-staging_hive_2024-04-23_20-51-35_205_2914472208858050804-1/_tmp.-ext-10002/000000_0
2024-04-23T20:51:35,677  INFO [LocalJobRunner Map Task Executor #0] exec.FileSinkOperator: Writing to temp file: FS file:/home/alex/Repositories/hive/ql/target/tmp/org.apache.hadoop.hive.ql.TestTxnNoBuckets-1713930630697/warehouse/nonacidnonbucket/.hive-staging_hive_2024-04-23_20-51-35_205_2914472208858050804-1/_task_tmp.-ext-10002/_tmp.000000_0
2024-04-23T20:51:35,677  INFO [LocalJobRunner Map Task Executor #0] exec.FileSinkOperator: New Final Path: FS file:/home/alex/Repositories/hive/ql/target/tmp/org.apache.hadoop.hive.ql.TestTxnNoBuckets-1713930630697/warehouse/nonacidnonbucket/.hive-staging_hive_2024-04-23_20-51-35_205_2914472208858050804-1/_tmp.-ext-10002/000000_0
2024-04-23T20:51:35,677  INFO [LocalJobRunner Map Task Executor #0] exec.FileSinkOperator: FS[4]: records written - 1
2024-04-23T20:51:35,677  INFO [LocalJobRunner Map Task Executor #0] impl.PhysicalFsWriter: ORC writer created for path: file:/home/alex/Repositories/hive/ql/target/tmp/org.apache.hadoop.hive.ql.TestTxnNoBuckets-1713930630697/warehouse/nonacidnonbucket/.hive-staging_hive_2024-04-23_20-51-35_205_2914472208858050804-1/_task_tmp.-ext-10002/_tmp.000000_0 with stripeSize: 67108864 blockSize: 268435456 compression: Compress: ZLIB buffer: 262144
2024-04-23T20:51:35,684  INFO [LocalJobRunner Map Task Executor #0] impl.WriterImpl: ORC writer created for path: file:/home/alex/Repositories/hive/ql/target/tmp/org.apache.hadoop.hive.ql.TestTxnNoBuckets-1713930630697/warehouse/nonacidnonbucket/.hive-staging_hive_2024-04-23_20-51-35_205_2914472208858050804-1/_task_tmp.-ext-10002/_tmp.000000_0 with stripeSize: 67108864 options: Compress: ZLIB buffer: 262144
2024-04-23T20:51:35,685  INFO [LocalJobRunner Map Task Executor #0] exec.MapOperator: MAP[0]: records read - 1
2024-04-23T20:51:35,685  INFO [LocalJobRunner Map Task Executor #0] exec.MapOperator: Closing Operator: MAP[0]
2024-04-23T20:51:35,685  INFO [LocalJobRunner Map Task Executor #0] exec.MapOperator: MAP[0]: Total records read - 3. abort - false
2024-04-23T20:51:35,685  INFO [LocalJobRunner Map Task Executor #0] exec.MapOperator: RECORDS_OUT_INTERMEDIATE:0, RECORDS_OUT_OPERATOR_MAP_0:0, DESERIALIZE_ERRORS:0, RECORDS_IN:3, 
2024-04-23T20:51:35,685  INFO [LocalJobRunner Map Task Executor #0] exec.TableScanOperator: Closing Operator: TS[0]
2024-04-23T20:51:35,685  INFO [LocalJobRunner Map Task Executor #0] exec.TableScanOperator: RECORDS_OUT_INTERMEDIATE:0, RECORDS_OUT_OPERATOR_TS_0:1, 
2024-04-23T20:51:35,685  INFO [LocalJobRunner Map Task Executor #0] exec.SelectOperator: Closing Operator: SEL[1]
2024-04-23T20:51:35,685  INFO [LocalJobRunner Map Task Executor #0] exec.SelectOperator: RECORDS_OUT_INTERMEDIATE:0, RECORDS_OUT_OPERATOR_SEL_1:1, 
2024-04-23T20:51:35,685  INFO [LocalJobRunner Map Task Executor #0] exec.UDTFOperator: Closing Operator: UDTF[2]
2024-04-23T20:51:35,685  INFO [LocalJobRunner Map Task Executor #0] exec.UDTFOperator: RECORDS_OUT_OPERATOR_UDTF_2:4, RECORDS_OUT_INTERMEDIATE:0, 
2024-04-23T20:51:35,685  INFO [LocalJobRunner Map Task Executor #0] exec.SelectOperator: Closing Operator: SEL[3]
2024-04-23T20:51:35,685  INFO [LocalJobRunner Map Task Executor #0] exec.SelectOperator: RECORDS_OUT_OPERATOR_SEL_3:4, RECORDS_OUT_INTERMEDIATE:0, 
2024-04-23T20:51:35,685  INFO [LocalJobRunner Map Task Executor #0] exec.FileSinkOperator: Closing Operator: FS[4]
2024-04-23T20:51:35,685  INFO [LocalJobRunner Map Task Executor #0] exec.FileSinkOperator: FS[4]: records written - 4
2024-04-23T20:51:35,692  INFO [LocalJobRunner Map Task Executor #0] exec.FileSinkOperator: TOTAL_TABLE_ROWS_WRITTEN:4, RECORDS_OUT_INTERMEDIATE:0, RECORDS_OUT_1_default.nonacidnonbucket:4, RECORDS_OUT_OPERATOR_FS_4:4, 
2024-04-23T20:51:35,692  INFO [LocalJobRunner Map Task Executor #0] mapred.LocalJobRunner: 
2024-04-23T20:51:35,693  INFO [LocalJobRunner Map Task Executor #0] mapred.Task: Task:attempt_local1528711564_0023_m_000000_0 is done. And is in the process of committing
2024-04-23T20:51:35,693  INFO [LocalJobRunner Map Task Executor #0] mapred.LocalJobRunner: map
2024-04-23T20:51:35,693  INFO [LocalJobRunner Map Task Executor #0] mapred.Task: Task 'attempt_local1528711564_0023_m_000000_0' done.
2024-04-23T20:51:35,693  INFO [LocalJobRunner Map Task Executor #0] mapred.Task: Final Counters for attempt_local1528711564_0023_m_000000_0: Counters: 27
	File System Counters
		FILE: Number of bytes read=494127
		FILE: Number of bytes written=27636171
		FILE: Number of read operations=0
		FILE: Number of large read operations=0
		FILE: Number of write operations=0
	Map-Reduce Framework
		Map input records=4
		Map output records=0
		Input split bytes=361
		Spilled Records=0
		Failed Shuffles=0
		Merged Map outputs=0
		GC time elapsed (ms)=0
		Total committed heap usage (bytes)=1100480512
	HIVE
		CREATED_FILES=1
		DESERIALIZE_ERRORS=0
		RECORDS_IN=3
		RECORDS_OUT_1_default.nonacidnonbucket=4
		RECORDS_OUT_INTERMEDIATE=0
		RECORDS_OUT_OPERATOR_FS_4=4
		RECORDS_OUT_OPERATOR_MAP_0=0
		RECORDS_OUT_OPERATOR_SEL_1=1
		RECORDS_OUT_OPERATOR_SEL_3=4
		RECORDS_OUT_OPERATOR_TS_0=1
		RECORDS_OUT_OPERATOR_UDTF_2=4
		TOTAL_TABLE_ROWS_WRITTEN=4
	File Input Format Counters 
		Bytes Read=6264
	File Output Format Counters 
		Bytes Written=0
2024-04-23T20:51:35,693  INFO [LocalJobRunner Map Task Executor #0] mapred.LocalJobRunner: Finishing task: attempt_local1528711564_0023_m_000000_0
2024-04-23T20:51:35,693  INFO [Thread-1479] mapred.LocalJobRunner: map task executor complete.
2024-04-23T20:51:36,565  INFO [Metastore Scheduled Worker 0] metastore.HMSHandler: 10: Opening raw store with implementation class:org.apache.hadoop.hive.metastore.ObjectStore
2024-04-23T20:51:36,566  INFO [Metastore Scheduled Worker 0] metastore.ObjectStore: RawStore: org.apache.hadoop.hive.metastore.ObjectStore@32be4d9f, with PersistenceManager: null will be shutdown
2024-04-23T20:51:36,566  INFO [Metastore Scheduled Worker 0] metastore.ObjectStore: RawStore: org.apache.hadoop.hive.metastore.ObjectStore@32be4d9f, with PersistenceManager: org.datanucleus.api.jdo.JDOPersistenceManager@2a8b710 created in the thread with id: 44
2024-04-23T20:51:36,583  INFO [Metastore Scheduled Worker 0] metastore.HMSHandler: Created RawStore: org.apache.hadoop.hive.metastore.ObjectStore@32be4d9f from thread id: 44
2024-04-23 20:51:36,671 Stage-1 map = 100%,  reduce = 0%
2024-04-23T20:51:36,671  INFO [main] exec.Task: 2024-04-23 20:51:36,671 Stage-1 map = 100%,  reduce = 0%
Ended Job = job_local1528711564_0023
2024-04-23T20:51:36,671  INFO [main] exec.Task: Ended Job = job_local1528711564_0023
2024-04-23T20:51:36,673  INFO [main] ql.Driver: Starting task [Stage-7:CONDITIONAL] in serial mode
Stage-4 is selected by condition resolver.
2024-04-23T20:51:36,674  INFO [main] exec.Task: Stage-4 is selected by condition resolver.
Stage-3 is filtered out by condition resolver.
2024-04-23T20:51:36,674  INFO [main] exec.Task: Stage-3 is filtered out by condition resolver.
Stage-5 is filtered out by condition resolver.
2024-04-23T20:51:36,674  INFO [main] exec.Task: Stage-5 is filtered out by condition resolver.
2024-04-23T20:51:36,674  INFO [main] ql.Driver: Starting task [Stage-4:MOVE] in serial mode
Moving data to directory file:/home/alex/Repositories/hive/ql/target/tmp/org.apache.hadoop.hive.ql.TestTxnNoBuckets-1713930630697/warehouse/nonacidnonbucket/.hive-staging_hive_2024-04-23_20-51-35_205_2914472208858050804-1/-ext-10000
2024-04-23T20:51:36,674  INFO [main] exec.Task: Moving data to directory file:/home/alex/Repositories/hive/ql/target/tmp/org.apache.hadoop.hive.ql.TestTxnNoBuckets-1713930630697/warehouse/nonacidnonbucket/.hive-staging_hive_2024-04-23_20-51-35_205_2914472208858050804-1/-ext-10000 from file:/home/alex/Repositories/hive/ql/target/tmp/org.apache.hadoop.hive.ql.TestTxnNoBuckets-1713930630697/warehouse/nonacidnonbucket/.hive-staging_hive_2024-04-23_20-51-35_205_2914472208858050804-1/-ext-10002
2024-04-23T20:51:36,675  INFO [main] ql.Driver: Starting task [Stage-0:MOVE] in serial mode
Loading data to table default.nonacidnonbucket
2024-04-23T20:51:36,675  INFO [main] exec.Task: Loading data to table default.nonacidnonbucket from file:/home/alex/Repositories/hive/ql/target/tmp/org.apache.hadoop.hive.ql.TestTxnNoBuckets-1713930630697/warehouse/nonacidnonbucket/.hive-staging_hive_2024-04-23_20-51-35_205_2914472208858050804-1/-ext-10000
2024-04-23T20:51:36,675  INFO [main] HiveMetaStore.audit: ugi=alex	ip=unknown-ip-addr	cmd=get_table : tbl=hive.default.nonacidnonbucket	
2024-04-23T20:51:36,699  INFO [main] metastore.HMSHandler: Skipping translation for processor with null
2024-04-23T20:51:36,699  INFO [main] HiveMetaStore.audit: ugi=alex	ip=unknown-ip-addr	cmd=get_table : tbl=hive.default.nonacidnonbucket	
2024-04-23T20:51:36,709  INFO [main] metastore.HMSHandler: Skipping translation for processor with null
2024-04-23T20:51:36,711  WARN [main] metadata.Hive: Cannot get a table snapshot for nonacidnonbucket
2024-04-23T20:51:36,711  INFO [main] HiveMetaStore.audit: ugi=alex	ip=unknown-ip-addr	cmd=alter_table: hive.default.nonacidnonbucket newtbl=nonacidnonbucket	
2024-04-23T20:51:36,742  INFO [main] ql.Driver: Starting task [Stage-2:STATS] in serial mode
2024-04-23T20:51:36,742  INFO [main] HiveMetaStore.audit: ugi=alex	ip=unknown-ip-addr	cmd=get_table : tbl=hive.default.nonacidnonbucket	
2024-04-23T20:51:36,752  INFO [main] metastore.HMSHandler: Skipping translation for processor with null
2024-04-23T20:51:36,752  INFO [main] stats.BasicStatsTask: Executing stats task
2024-04-23T20:51:36,752  INFO [main] fs.FSStatsPublisher: created : file:/home/alex/Repositories/hive/ql/target/tmp/localscratchdir/015cd12a-2c2e-49b1-bdb5-af055e561965/hive_2024-04-23_20-51-35_205_2914472208858050804-1/-mr-10001
2024-04-23T20:51:36,753  INFO [main] HiveMetaStore.audit: ugi=alex	ip=unknown-ip-addr	cmd=get_table : tbl=hive.default.nonacidnonbucket	
2024-04-23T20:51:36,763  INFO [main] metastore.HMSHandler: Skipping translation for processor with null
2024-04-23T20:51:36,764  INFO [main] FileOperations: Read stats for default.nonacidnonbucket/, numRows, true, 4, false: 
2024-04-23T20:51:36,764  INFO [main] FileOperations: Read stats for default.nonacidnonbucket/, rawDataSize, true, 32, false: 
2024-04-23T20:51:36,764  WARN [main] metadata.Hive: Cannot get a table snapshot for nonacidnonbucket
2024-04-23T20:51:36,765  INFO [main] HiveMetaStore.audit: ugi=alex	ip=unknown-ip-addr	cmd=alter_table: hive.default.nonacidnonbucket newtbl=nonacidnonbucket	
2024-04-23T20:51:36,804  INFO [main] stats.BasicStatsTask: Table default.nonacidnonbucket stats: [numFiles=2, numRows=6, totalSize=511, rawDataSize=48, numFilesErasureCoded=0]
2024-04-23T20:51:36,805  INFO [main] metadata.Hive: Dumping metastore api call timing information for : execution phase
2024-04-23T20:51:36,805  INFO [main] metadata.Hive: Total time spent in each metastore function (ms): {getTable_(GetTableRequest)=54, alter_table_(String, String, String, Table, EnvironmentContext, String)=70, isCompatibleWith_(Configuration)=0}
MapReduce Jobs Launched: 
2024-04-23T20:51:36,805  INFO [main] ql.Driver: MapReduce Jobs Launched: 
Stage-Stage-1:  HDFS Read: 0 HDFS Write: 0 SUCCESS
2024-04-23T20:51:36,805  INFO [main] ql.Driver: Stage-Stage-1:  HDFS Read: 0 HDFS Write: 0 SUCCESS
Total MapReduce CPU Time Spent: 0 msec
2024-04-23T20:51:36,806  INFO [main] ql.Driver: Total MapReduce CPU Time Spent: 0 msec
2024-04-23T20:51:36,806  INFO [main] ql.Driver: Completed executing command(queryId=alex_20240423205135_a2a2e76e-7026-4da8-8575-444bdc9a87c0); Time taken: 1.42 seconds
2024-04-23T20:51:36,806  INFO [main] lockmgr.DbTxnManager: Stopped heartbeat for query: alex_20240423205135_a2a2e76e-7026-4da8-8575-444bdc9a87c0
2024-04-23T20:51:36,810  INFO [main] txn.TxnHandler: Expected to move at least one record from txn_components to completed_txn_components when committing txn! txnid:14
2024-04-23T20:51:36,817  INFO [main] txn.TxnHandler: Removed transactions: ([14]) from MIN_HISTORY_LEVEL
2024-04-23T20:51:36,817  WARN [main] txn.CompactionTxnHandler: No compaction queue record found for Compaction type transaction commit. txnId:14
2024-04-23T20:51:36,818  INFO [main] ql.TxnCommandsBaseForTests: Running the query: insert into nonAcidNonBucket(a,b) values(1,6)
2024-04-23T20:51:36,819  INFO [main] ql.Context: Deleting scratch dir: file:/home/alex/Repositories/hive/ql/target/tmp/org.apache.hadoop.hive.ql.TestTxnNoBuckets-1713930630697/warehouse/nonacidnonbucket/.hive-staging_hive_2024-04-23_20-51-35_205_2914472208858050804-1
2024-04-23T20:51:36,819  INFO [main] cleanup.SyncCleanupService: Deleted directory: file:/home/alex/Repositories/hive/ql/target/tmp/org.apache.hadoop.hive.ql.TestTxnNoBuckets-1713930630697/warehouse/nonacidnonbucket/.hive-staging_hive_2024-04-23_20-51-35_205_2914472208858050804-1 on fs with scheme file
2024-04-23T20:51:36,819  INFO [main] ql.Context: Deleting scratch dir: file:/home/alex/Repositories/hive/ql/target/tmp/localscratchdir/015cd12a-2c2e-49b1-bdb5-af055e561965/hive_2024-04-23_20-51-35_205_2914472208858050804-1
2024-04-23T20:51:36,819  INFO [main] cleanup.SyncCleanupService: Deleted directory: file:/home/alex/Repositories/hive/ql/target/tmp/localscratchdir/015cd12a-2c2e-49b1-bdb5-af055e561965/hive_2024-04-23_20-51-35_205_2914472208858050804-1 on fs with scheme file
2024-04-23T20:51:36,820  INFO [main] ql.Driver: Compiling command(queryId=alex_20240423205136_eef3de1d-df1c-478d-8567-e38049448138): insert into nonAcidNonBucket(a,b) values(1,6)
2024-04-23T20:51:36,823  INFO [main] txn.TxnHandler: Added entries to MIN_HISTORY_LEVEL for current txns: ([15]) with min_open_txn: 15
2024-04-23T20:51:36,823  INFO [main] lockmgr.DbTxnManager: Opened txnid:15
2024-04-23T20:51:36,824  INFO [main] parse.CalcitePlanner: Starting caching scope for: 
2024-04-23T20:51:36,824  INFO [main] parse.CalcitePlanner: Starting Semantic Analysis
2024-04-23T20:51:36,827  INFO [main] HiveMetaStore.audit: ugi=alex	ip=unknown-ip-addr	cmd=get_table : tbl=hive.default.nonAcidNonBucket	
2024-04-23T20:51:36,839  INFO [main] metastore.HMSHandler: Skipping translation for processor with null
2024-04-23T20:51:36,839  INFO [main] parse.CalcitePlanner: Completed phase 1 of Semantic Analysis
2024-04-23T20:51:36,839  INFO [main] parse.CalcitePlanner: Get metadata for source tables
2024-04-23T20:51:36,839  INFO [main] parse.CalcitePlanner: Get metadata for subqueries
2024-04-23T20:51:36,839  INFO [main] parse.CalcitePlanner: Get metadata for destination tables
2024-04-23T20:51:36,839  INFO [main] HiveMetaStore.audit: ugi=alex	ip=unknown-ip-addr	cmd=get_table : tbl=hive.default.nonAcidNonBucket	
2024-04-23T20:51:36,849  INFO [main] metastore.HMSHandler: Skipping translation for processor with null
2024-04-23T20:51:36,849  INFO [main] parse.CalcitePlanner: Completed getting MetaData in Semantic Analysis
2024-04-23T20:51:36,849  INFO [main] parse.CalcitePlanner: Disabling LLAP IO encode as ETL query is detected
2024-04-23T20:51:36,872  INFO [main] HiveMetaStore.audit: ugi=alex	ip=unknown-ip-addr	cmd=get_all_table_constraints : tbl=hive._dummy_database._dummy_table	
2024-04-23T20:51:36,936  INFO [main] parse.CalcitePlanner: Get metadata for source tables
2024-04-23T20:51:36,936  INFO [main] parse.CalcitePlanner: Get metadata for subqueries
2024-04-23T20:51:36,936  INFO [main] parse.CalcitePlanner: Get metadata for source tables
2024-04-23T20:51:36,936  INFO [main] HiveMetaStore.audit: ugi=alex	ip=unknown-ip-addr	cmd=get_table : tbl=hive._dummy_database._dummy_table	
2024-04-23T20:51:36,939  INFO [main] parse.CalcitePlanner: Get metadata for subqueries
2024-04-23T20:51:36,939  INFO [main] parse.CalcitePlanner: Get metadata for destination tables
2024-04-23T20:51:36,939  INFO [main] parse.CalcitePlanner: Get metadata for destination tables
2024-04-23T20:51:36,939  INFO [main] HiveMetaStore.audit: ugi=alex	ip=unknown-ip-addr	cmd=get_table : tbl=hive.default.nonAcidNonBucket	
2024-04-23T20:51:36,951  INFO [main] metastore.HMSHandler: Skipping translation for processor with null
2024-04-23T20:51:36,953  INFO [main] common.FileUtils: Creating directory if it doesn't exist: file:/home/alex/Repositories/hive/ql/target/tmp/org.apache.hadoop.hive.ql.TestTxnNoBuckets-1713930630697/warehouse/nonacidnonbucket/.hive-staging_hive_2024-04-23_20-51-36_820_6520584959174499507-1
2024-04-23T20:51:36,956  INFO [main] HiveMetaStore.audit: ugi=alex	ip=unknown-ip-addr	cmd=get_not_null_constraints : tbl=hive.default.nonacidnonbucket	
2024-04-23T20:51:36,957  INFO [main] HiveMetaStore.audit: ugi=alex	ip=unknown-ip-addr	cmd=get_check_constraints : tbl=hive.default.nonacidnonbucket	
2024-04-23T20:51:36,959  INFO [main] parse.CalcitePlanner: CBO Succeeded; optimized logical plan.
2024-04-23T20:51:36,963  INFO [main] optimizer.BucketVersionPopulator: not considering bucketingVersion for: TS[0] because it has -1<2 buckets 
2024-04-23T20:51:36,964  INFO [main] optimizer.SortedDynPartitionOptimizer: Sorted dynamic partitioning optimization kicked in..
2024-04-23T20:51:36,977  INFO [main] HiveMetaStore.audit: ugi=alex	ip=unknown-ip-addr	cmd=get_table : tbl=hive.default.nonacidnonbucket	
2024-04-23T20:51:36,989  INFO [main] metastore.HMSHandler: Skipping translation for processor with null
2024-04-23T20:51:36,990  INFO [main] optimizer.GenMRFileSink1: using CombineHiveInputformat for the merge job
2024-04-23T20:51:36,990  INFO [main] HiveMetaStore.audit: ugi=alex	ip=unknown-ip-addr	cmd=get_table : tbl=hive.default.nonacidnonbucket	
2024-04-23T20:51:37,001  INFO [main] metastore.HMSHandler: Skipping translation for processor with null
2024-04-23T20:51:37,002  INFO [main] physical.Vectorizer: Examining input format to see if vectorization is enabled.
2024-04-23T20:51:37,002  INFO [main] physical.Vectorizer: Map vectorization enabled: false
2024-04-23T20:51:37,003  INFO [main] physical.Vectorizer: Map vectorized: false
2024-04-23T20:51:37,003  INFO [main] physical.Vectorizer: Map vectorizedVertexNum: 0
2024-04-23T20:51:37,003  INFO [main] physical.Vectorizer: Map enabledConditionsMet: [hive.vectorized.use.vectorized.input.format IS true]
2024-04-23T20:51:37,003  INFO [main] physical.Vectorizer: Map enabledConditionsNotMet: [Could not enable vectorization due to partition column names size 1 is greater than the number of table column names size 0 IS false]
2024-04-23T20:51:37,003  INFO [main] physical.Vectorizer: Map inputFileFormatClassNameSet: [org.apache.hadoop.hive.ql.io.NullRowsInputFormat]
2024-04-23T20:51:37,003  INFO [main] parse.CalcitePlanner: Completed plan generation
2024-04-23T20:51:37,003  INFO [main] parse.CalcitePlanner: Ending caching scope for: 
2024-04-23T20:51:37,003  INFO [main] ql.Driver: Semantic Analysis Completed (retrial = false)
2024-04-23T20:51:37,004  INFO [main] ql.Driver: Created Hive schema: Schema(fieldSchemas:[FieldSchema(name:_col0, type:int, comment:null), FieldSchema(name:_col1, type:int, comment:null)], properties:null)
2024-04-23T20:51:37,004  INFO [main] metadata.Hive: Dumping metastore api call timing information for : compilation phase
2024-04-23T20:51:37,004  INFO [main] metadata.Hive: Total time spent in each metastore function (ms): {getValidWriteIds_(List, String)=4, flushCache_()=0, getNotNullConstraints_(NotNullConstraintsRequest)=1, openTxn_(String, TxnType)=2, getValidTxns_(long)=0, getAllTableConstraints_(AllTableConstraintsRequest)=5, commitTxn_(CommitTxnRequest)=12, isCompatibleWith_(Configuration)=1, getCheckConstraints_(CheckConstraintsRequest)=1, getTable_(GetTableRequest)=58}
2024-04-23T20:51:37,004  INFO [main] ql.Driver: Completed compiling command(queryId=alex_20240423205136_eef3de1d-df1c-478d-8567-e38049448138); Time taken: 0.184 seconds
2024-04-23T20:51:37,004  INFO [main] lockmgr.DbTxnManager: Setting lock request transaction to txnid:15 for queryId=alex_20240423205136_eef3de1d-df1c-478d-8567-e38049448138
2024-04-23T20:51:37,005  INFO [main] lockmgr.DbLockManager: Requesting lock for queryId=alex_20240423205136_eef3de1d-df1c-478d-8567-e38049448138
2024-04-23T20:51:37,022  INFO [main] lockmgr.DbLockManager: Response to queryId=alex_20240423205136_eef3de1d-df1c-478d-8567-e38049448138 LockResponse(lockid:9, state:ACQUIRED)
2024-04-23T20:51:37,022  INFO [main] ql.Driver: Operation QUERY obtained 1 locks
2024-04-23T20:51:37,022  INFO [main] ql.Driver: Executing command(queryId=alex_20240423205136_eef3de1d-df1c-478d-8567-e38049448138): insert into nonAcidNonBucket(a,b) values(1,6)
2024-04-23T20:51:37,023  WARN [main] ql.Driver: Hive-on-MR is deprecated in Hive 2 and may not be available in the future versions. Consider using a different execution engine (i.e. spark, tez) or using Hive 1.X releases.
Query ID = alex_20240423205136_eef3de1d-df1c-478d-8567-e38049448138
2024-04-23T20:51:37,023  INFO [main] ql.Driver: Query ID = alex_20240423205136_eef3de1d-df1c-478d-8567-e38049448138
Total jobs = 1
2024-04-23T20:51:37,023  INFO [main] ql.Driver: Total jobs = 1
Launching Job 1 out of 1
2024-04-23T20:51:37,023  INFO [main] ql.Driver: Launching Job 1 out of 1
2024-04-23T20:51:37,181  INFO [main] ql.Driver: Starting task [Stage-1:MAPRED] in serial mode
Number of reduce tasks is set to 0 since there's no reduce operator
2024-04-23T20:51:37,181  INFO [main] exec.Task: Number of reduce tasks is set to 0 since there's no reduce operator
2024-04-23T20:51:37,183  INFO [main] mr.ExecDriver: Using org.apache.hadoop.hive.ql.io.HiveInputFormat
2024-04-23T20:51:37,184  INFO [main] exec.Utilities: Processing alias $hdt$_0:_dummy_table
2024-04-23T20:51:37,184  INFO [main] exec.Utilities: Adding 1 inputs; the first input is file:/home/alex/Repositories/hive/ql/target/tmp/localscratchdir/015cd12a-2c2e-49b1-bdb5-af055e561965/hive_2024-04-23_20-51-36_820_6520584959174499507-1/dummy_path
2024-04-23T20:51:37,193  INFO [main] exec.SerializationUtilities: Serializing MapWork using kryo
2024-04-23T20:51:37,194  INFO [main] exec.Utilities: Serialized plan (via FILE) - name: null size: 6,13KB
2024-04-23T20:51:37,195  WARN [main] impl.MetricsSystemImpl: JobTracker metrics system already initialized!
2024-04-23T20:51:37,200  INFO [main] fs.FSStatsPublisher: created : file:/home/alex/Repositories/hive/ql/target/tmp/localscratchdir/015cd12a-2c2e-49b1-bdb5-af055e561965/hive_2024-04-23_20-51-36_820_6520584959174499507-1/-mr-10001
2024-04-23T20:51:37,204  WARN [main] impl.MetricsSystemImpl: JobTracker metrics system already initialized!
2024-04-23T20:51:37,212  WARN [main] mapreduce.JobResourceUploader: Hadoop command-line option parsing not performed. Implement the Tool interface and execute your application with ToolRunner to remedy this.
2024-04-23T20:51:37,218  WARN [main] mapreduce.JobResourceUploader: No job jar file set.  User classes may not be found. See Job or Job#setJar(String).
2024-04-23T20:51:37,219  INFO [main] io.HiveInputFormat: hive.io.file.readcolumn.ids = 
2024-04-23T20:51:37,219  INFO [main] io.HiveInputFormat: hive.io.file.readcolumn.names = 
2024-04-23T20:51:37,219  INFO [main] io.HiveInputFormat: Generating splits for dirs: file:/home/alex/Repositories/hive/ql/target/tmp/localscratchdir/015cd12a-2c2e-49b1-bdb5-af055e561965/hive_2024-04-23_20-51-36_820_6520584959174499507-1/dummy_path
2024-04-23T20:51:37,219  INFO [main] io.HiveInputFormat: number of splits 1
2024-04-23T20:51:37,239  INFO [main] mapreduce.JobSubmitter: number of splits:1
2024-04-23T20:51:37,260  INFO [main] mapreduce.JobSubmitter: Submitting tokens for job: job_local122667296_0024
2024-04-23T20:51:37,260  INFO [main] mapreduce.JobSubmitter: Executing with tokens: []
2024-04-23T20:51:37,334  INFO [main] mapreduce.Job: The url to track the job: http://localhost:8080/
Job running in-process (local Hadoop)
2024-04-23T20:51:37,334  INFO [main] exec.Task: Job running in-process (local Hadoop)
2024-04-23T20:51:37,334  INFO [Thread-1521] mapred.LocalJobRunner: OutputCommitter set in config org.apache.hadoop.hive.ql.io.HiveFileFormatUtils$NullOutputCommitter
2024-04-23T20:51:37,334  INFO [Thread-1521] mapred.LocalJobRunner: OutputCommitter is org.apache.hadoop.hive.ql.io.HiveFileFormatUtils$NullOutputCommitter
2024-04-23T20:51:37,336  INFO [Thread-1521] mapred.LocalJobRunner: Waiting for map tasks
2024-04-23T20:51:37,336  INFO [LocalJobRunner Map Task Executor #0] mapred.LocalJobRunner: Starting task: attempt_local122667296_0024_m_000000_0
2024-04-23T20:51:37,337  INFO [LocalJobRunner Map Task Executor #0] mapred.Task:  Using ResourceCalculatorProcessTree : [ ]
2024-04-23T20:51:37,337  INFO [LocalJobRunner Map Task Executor #0] mapred.MapTask: Processing split: org.apache.hadoop.hive.ql.io.NullRowsInputFormat:file:/home/alex/Repositories/hive/ql/target/tmp/localscratchdir/015cd12a-2c2e-49b1-bdb5-af055e561965/hive_2024-04-23_20-51-36_820_6520584959174499507-1/dummy_path/null:0+1
2024-04-23T20:51:37,338  INFO [LocalJobRunner Map Task Executor #0] exec.SerializationUtilities: Deserializing MapWork using kryo
2024-04-23T20:51:37,338  INFO [LocalJobRunner Map Task Executor #0] exec.Utilities: Deserialized plan (via FILE) - name: null size: 6,13KB
2024-04-23T20:51:37,339  INFO [LocalJobRunner Map Task Executor #0] mapred.MapTask: numReduceTasks: 0
2024-04-23T20:51:37,339  INFO [LocalJobRunner Map Task Executor #0] exec.MapOperator: Initializing Operator: MAP[0]
2024-04-23T20:51:37,339  INFO [LocalJobRunner Map Task Executor #0] mr.ExecMapper: 
<MAP>Id =0
  <Children>null
  <\Children>
  <Parent><\Parent>
<\MAP>
2024-04-23T20:51:37,340  INFO [LocalJobRunner Map Task Executor #0] exec.TableScanOperator: Initializing Operator: TS[0]
2024-04-23T20:51:37,340  INFO [LocalJobRunner Map Task Executor #0] exec.SelectOperator: Initializing Operator: SEL[1]
2024-04-23T20:51:37,340  INFO [LocalJobRunner Map Task Executor #0] exec.SelectOperator: SELECT null
2024-04-23T20:51:37,340  INFO [LocalJobRunner Map Task Executor #0] exec.UDTFOperator: Initializing Operator: UDTF[2]
2024-04-23T20:51:37,340  INFO [LocalJobRunner Map Task Executor #0] exec.SelectOperator: Initializing Operator: SEL[3]
2024-04-23T20:51:37,340  INFO [LocalJobRunner Map Task Executor #0] exec.SelectOperator: SELECT struct<col1:int,col2:int>
2024-04-23T20:51:37,341  INFO [LocalJobRunner Map Task Executor #0] exec.FileSinkOperator: Initializing Operator: FS[4]
2024-04-23T20:51:37,341  INFO [LocalJobRunner Map Task Executor #0] exec.FileSinkOperator: Using serializer : AbstractSerDe [log=org.apache.logging.slf4j.Log4jLogger@4aa280a, configuration=Optional[Configuration: core-default.xml, core-site.xml, mapred-default.xml, mapred-site.xml, yarn-default.xml, yarn-site.xml, hdfs-default.xml, hdfs-site.xml, file:/home/alex/Repositories/hive/ql/target/tmp/TestTxnNoBucketsVectorized/mapred/local/localRunner/alex/job_local122667296_0024/job_local122667296_0024.xml], properties={name=default.nonacidnonbucket, columns.types=int:int, serialization.format=1, columns=a,b, numFilesErasureCoded=0, columns.comments=&amp#0;, bucketing_version=2, serialization.lib=org.apache.hadoop.hive.ql.io.orc.OrcSerde, file.inputformat=org.apache.hadoop.hive.ql.io.orc.OrcInputFormat, file.outputformat=org.apache.hadoop.hive.ql.io.orc.OrcOutputFormat, location=file:/home/alex/Repositories/hive/ql/target/tmp/org.apache.hadoop.hive.ql.TestTxnNoBuckets-1713930630697/warehouse/nonacidnonbucket, column.name.delimiter=,}, tableProperties={name=default.nonacidnonbucket, columns.types=int:int, serialization.format=1, columns=a,b, numFilesErasureCoded=0, columns.comments=&amp#0;, bucketing_version=2, serialization.lib=org.apache.hadoop.hive.ql.io.orc.OrcSerde, file.inputformat=org.apache.hadoop.hive.ql.io.orc.OrcInputFormat, location=file:/home/alex/Repositories/hive/ql/target/tmp/org.apache.hadoop.hive.ql.TestTxnNoBuckets-1713930630697/warehouse/nonacidnonbucket, file.outputformat=org.apache.hadoop.hive.ql.io.orc.OrcOutputFormat, column.name.delimiter=,}, partitionProperties=Optional.empty, columnNames=[a, b], columnTypes=[int, int], getClass()=class org.apache.hadoop.hive.ql.io.orc.OrcSerde] and formatter : org.apache.hadoop.hive.ql.io.orc.OrcOutputFormat@39cbca73
2024-04-23T20:51:37,342  INFO [LocalJobRunner Map Task Executor #0] exec.FileSinkOperator: Final Path: FS file:/home/alex/Repositories/hive/ql/target/tmp/org.apache.hadoop.hive.ql.TestTxnNoBuckets-1713930630697/warehouse/nonacidnonbucket/.hive-staging_hive_2024-04-23_20-51-36_820_6520584959174499507-1/_tmp.-ext-10002/000000_0
2024-04-23T20:51:37,342  INFO [LocalJobRunner Map Task Executor #0] exec.FileSinkOperator: Writing to temp file: FS file:/home/alex/Repositories/hive/ql/target/tmp/org.apache.hadoop.hive.ql.TestTxnNoBuckets-1713930630697/warehouse/nonacidnonbucket/.hive-staging_hive_2024-04-23_20-51-36_820_6520584959174499507-1/_task_tmp.-ext-10002/_tmp.000000_0
2024-04-23T20:51:37,342  INFO [LocalJobRunner Map Task Executor #0] exec.FileSinkOperator: New Final Path: FS file:/home/alex/Repositories/hive/ql/target/tmp/org.apache.hadoop.hive.ql.TestTxnNoBuckets-1713930630697/warehouse/nonacidnonbucket/.hive-staging_hive_2024-04-23_20-51-36_820_6520584959174499507-1/_tmp.-ext-10002/000000_0
2024-04-23T20:51:37,342  INFO [LocalJobRunner Map Task Executor #0] exec.FileSinkOperator: FS[4]: records written - 1
2024-04-23T20:51:37,342  INFO [LocalJobRunner Map Task Executor #0] impl.PhysicalFsWriter: ORC writer created for path: file:/home/alex/Repositories/hive/ql/target/tmp/org.apache.hadoop.hive.ql.TestTxnNoBuckets-1713930630697/warehouse/nonacidnonbucket/.hive-staging_hive_2024-04-23_20-51-36_820_6520584959174499507-1/_task_tmp.-ext-10002/_tmp.000000_0 with stripeSize: 67108864 blockSize: 268435456 compression: Compress: ZLIB buffer: 262144
2024-04-23T20:51:37,350  INFO [LocalJobRunner Map Task Executor #0] impl.WriterImpl: ORC writer created for path: file:/home/alex/Repositories/hive/ql/target/tmp/org.apache.hadoop.hive.ql.TestTxnNoBuckets-1713930630697/warehouse/nonacidnonbucket/.hive-staging_hive_2024-04-23_20-51-36_820_6520584959174499507-1/_task_tmp.-ext-10002/_tmp.000000_0 with stripeSize: 67108864 options: Compress: ZLIB buffer: 262144
2024-04-23T20:51:37,350  INFO [LocalJobRunner Map Task Executor #0] exec.MapOperator: MAP[0]: records read - 1
2024-04-23T20:51:37,350  INFO [LocalJobRunner Map Task Executor #0] exec.MapOperator: Closing Operator: MAP[0]
2024-04-23T20:51:37,350  INFO [LocalJobRunner Map Task Executor #0] exec.MapOperator: MAP[0]: Total records read - 3. abort - false
2024-04-23T20:51:37,350  INFO [LocalJobRunner Map Task Executor #0] exec.MapOperator: RECORDS_OUT_OPERATOR_MAP_0:0, RECORDS_IN:3, DESERIALIZE_ERRORS:0, RECORDS_OUT_INTERMEDIATE:0, 
2024-04-23T20:51:37,350  INFO [LocalJobRunner Map Task Executor #0] exec.TableScanOperator: Closing Operator: TS[0]
2024-04-23T20:51:37,350  INFO [LocalJobRunner Map Task Executor #0] exec.TableScanOperator: RECORDS_OUT_OPERATOR_TS_0:1, RECORDS_OUT_INTERMEDIATE:0, 
2024-04-23T20:51:37,351  INFO [LocalJobRunner Map Task Executor #0] exec.SelectOperator: Closing Operator: SEL[1]
2024-04-23T20:51:37,351  INFO [LocalJobRunner Map Task Executor #0] exec.SelectOperator: RECORDS_OUT_INTERMEDIATE:0, RECORDS_OUT_OPERATOR_SEL_1:1, 
2024-04-23T20:51:37,351  INFO [LocalJobRunner Map Task Executor #0] exec.UDTFOperator: Closing Operator: UDTF[2]
2024-04-23T20:51:37,351  INFO [LocalJobRunner Map Task Executor #0] exec.UDTFOperator: RECORDS_OUT_OPERATOR_UDTF_2:1, RECORDS_OUT_INTERMEDIATE:0, 
2024-04-23T20:51:37,351  INFO [LocalJobRunner Map Task Executor #0] exec.SelectOperator: Closing Operator: SEL[3]
2024-04-23T20:51:37,351  INFO [LocalJobRunner Map Task Executor #0] exec.SelectOperator: RECORDS_OUT_OPERATOR_SEL_3:1, RECORDS_OUT_INTERMEDIATE:0, 
2024-04-23T20:51:37,351  INFO [LocalJobRunner Map Task Executor #0] exec.FileSinkOperator: Closing Operator: FS[4]
2024-04-23T20:51:37,351  INFO [LocalJobRunner Map Task Executor #0] exec.FileSinkOperator: FS[4]: records written - 1
2024-04-23T20:51:37,359  INFO [LocalJobRunner Map Task Executor #0] exec.FileSinkOperator: RECORDS_OUT_INTERMEDIATE:0, TOTAL_TABLE_ROWS_WRITTEN:1, RECORDS_OUT_OPERATOR_FS_4:1, RECORDS_OUT_1_default.nonacidnonbucket:1, 
2024-04-23T20:51:37,359  INFO [LocalJobRunner Map Task Executor #0] mapred.LocalJobRunner: 
2024-04-23T20:51:37,360  INFO [LocalJobRunner Map Task Executor #0] mapred.Task: Task:attempt_local122667296_0024_m_000000_0 is done. And is in the process of committing
2024-04-23T20:51:37,360  INFO [LocalJobRunner Map Task Executor #0] mapred.LocalJobRunner: map
2024-04-23T20:51:37,360  INFO [LocalJobRunner Map Task Executor #0] mapred.Task: Task 'attempt_local122667296_0024_m_000000_0' done.
2024-04-23T20:51:37,360  INFO [LocalJobRunner Map Task Executor #0] mapred.Task: Final Counters for attempt_local122667296_0024_m_000000_0: Counters: 27
	File System Counters
		FILE: Number of bytes read=500822
		FILE: Number of bytes written=28831031
		FILE: Number of read operations=0
		FILE: Number of large read operations=0
		FILE: Number of write operations=0
	Map-Reduce Framework
		Map input records=4
		Map output records=0
		Input split bytes=361
		Spilled Records=0
		Failed Shuffles=0
		Merged Map outputs=0
		GC time elapsed (ms)=0
		Total committed heap usage (bytes)=1102053376
	HIVE
		CREATED_FILES=1
		DESERIALIZE_ERRORS=0
		RECORDS_IN=3
		RECORDS_OUT_1_default.nonacidnonbucket=1
		RECORDS_OUT_INTERMEDIATE=0
		RECORDS_OUT_OPERATOR_FS_4=1
		RECORDS_OUT_OPERATOR_MAP_0=0
		RECORDS_OUT_OPERATOR_SEL_1=1
		RECORDS_OUT_OPERATOR_SEL_3=1
		RECORDS_OUT_OPERATOR_TS_0=1
		RECORDS_OUT_OPERATOR_UDTF_2=1
		TOTAL_TABLE_ROWS_WRITTEN=1
	File Input Format Counters 
		Bytes Read=6194
	File Output Format Counters 
		Bytes Written=0
2024-04-23T20:51:37,360  INFO [LocalJobRunner Map Task Executor #0] mapred.LocalJobRunner: Finishing task: attempt_local122667296_0024_m_000000_0
2024-04-23T20:51:37,360  INFO [Thread-1521] mapred.LocalJobRunner: map task executor complete.
2024-04-23 20:51:38,336 Stage-1 map = 100%,  reduce = 0%
2024-04-23T20:51:38,336  INFO [main] exec.Task: 2024-04-23 20:51:38,336 Stage-1 map = 100%,  reduce = 0%
Ended Job = job_local122667296_0024
2024-04-23T20:51:38,337  INFO [main] exec.Task: Ended Job = job_local122667296_0024
2024-04-23T20:51:38,341  INFO [main] ql.Driver: Starting task [Stage-7:CONDITIONAL] in serial mode
Stage-4 is selected by condition resolver.
2024-04-23T20:51:38,341  INFO [main] exec.Task: Stage-4 is selected by condition resolver.
Stage-3 is filtered out by condition resolver.
2024-04-23T20:51:38,341  INFO [main] exec.Task: Stage-3 is filtered out by condition resolver.
Stage-5 is filtered out by condition resolver.
2024-04-23T20:51:38,341  INFO [main] exec.Task: Stage-5 is filtered out by condition resolver.
2024-04-23T20:51:38,341  INFO [main] ql.Driver: Starting task [Stage-4:MOVE] in serial mode
Moving data to directory file:/home/alex/Repositories/hive/ql/target/tmp/org.apache.hadoop.hive.ql.TestTxnNoBuckets-1713930630697/warehouse/nonacidnonbucket/.hive-staging_hive_2024-04-23_20-51-36_820_6520584959174499507-1/-ext-10000
2024-04-23T20:51:38,341  INFO [main] exec.Task: Moving data to directory file:/home/alex/Repositories/hive/ql/target/tmp/org.apache.hadoop.hive.ql.TestTxnNoBuckets-1713930630697/warehouse/nonacidnonbucket/.hive-staging_hive_2024-04-23_20-51-36_820_6520584959174499507-1/-ext-10000 from file:/home/alex/Repositories/hive/ql/target/tmp/org.apache.hadoop.hive.ql.TestTxnNoBuckets-1713930630697/warehouse/nonacidnonbucket/.hive-staging_hive_2024-04-23_20-51-36_820_6520584959174499507-1/-ext-10002
2024-04-23T20:51:38,342  INFO [main] ql.Driver: Starting task [Stage-0:MOVE] in serial mode
Loading data to table default.nonacidnonbucket
2024-04-23T20:51:38,342  INFO [main] exec.Task: Loading data to table default.nonacidnonbucket from file:/home/alex/Repositories/hive/ql/target/tmp/org.apache.hadoop.hive.ql.TestTxnNoBuckets-1713930630697/warehouse/nonacidnonbucket/.hive-staging_hive_2024-04-23_20-51-36_820_6520584959174499507-1/-ext-10000
2024-04-23T20:51:38,342  INFO [main] HiveMetaStore.audit: ugi=alex	ip=unknown-ip-addr	cmd=get_table : tbl=hive.default.nonacidnonbucket	
2024-04-23T20:51:38,352  INFO [main] metastore.HMSHandler: Skipping translation for processor with null
2024-04-23T20:51:38,353  INFO [main] HiveMetaStore.audit: ugi=alex	ip=unknown-ip-addr	cmd=get_table : tbl=hive.default.nonacidnonbucket	
2024-04-23T20:51:38,363  INFO [main] metastore.HMSHandler: Skipping translation for processor with null
2024-04-23T20:51:38,365  WARN [main] metadata.Hive: Cannot get a table snapshot for nonacidnonbucket
2024-04-23T20:51:38,366  INFO [main] HiveMetaStore.audit: ugi=alex	ip=unknown-ip-addr	cmd=alter_table: hive.default.nonacidnonbucket newtbl=nonacidnonbucket	
2024-04-23T20:51:38,393  INFO [main] ql.Driver: Starting task [Stage-2:STATS] in serial mode
2024-04-23T20:51:38,393  INFO [main] HiveMetaStore.audit: ugi=alex	ip=unknown-ip-addr	cmd=get_table : tbl=hive.default.nonacidnonbucket	
2024-04-23T20:51:38,402  INFO [main] metastore.HMSHandler: Skipping translation for processor with null
2024-04-23T20:51:38,402  INFO [main] stats.BasicStatsTask: Executing stats task
2024-04-23T20:51:38,402  INFO [main] fs.FSStatsPublisher: created : file:/home/alex/Repositories/hive/ql/target/tmp/localscratchdir/015cd12a-2c2e-49b1-bdb5-af055e561965/hive_2024-04-23_20-51-36_820_6520584959174499507-1/-mr-10001
2024-04-23T20:51:38,403  INFO [main] HiveMetaStore.audit: ugi=alex	ip=unknown-ip-addr	cmd=get_table : tbl=hive.default.nonacidnonbucket	
2024-04-23T20:51:38,412  INFO [main] metastore.HMSHandler: Skipping translation for processor with null
2024-04-23T20:51:38,413  INFO [main] FileOperations: Read stats for default.nonacidnonbucket/, numRows, true, 1, false: 
2024-04-23T20:51:38,413  INFO [main] FileOperations: Read stats for default.nonacidnonbucket/, rawDataSize, true, 8, false: 
2024-04-23T20:51:38,413  WARN [main] metadata.Hive: Cannot get a table snapshot for nonacidnonbucket
2024-04-23T20:51:38,413  INFO [main] HiveMetaStore.audit: ugi=alex	ip=unknown-ip-addr	cmd=alter_table: hive.default.nonacidnonbucket newtbl=nonacidnonbucket	
2024-04-23T20:51:38,440  INFO [main] stats.BasicStatsTask: Table default.nonacidnonbucket stats: [numFiles=3, numRows=7, totalSize=765, rawDataSize=56, numFilesErasureCoded=0]
2024-04-23T20:51:38,441  INFO [main] metadata.Hive: Dumping metastore api call timing information for : execution phase
2024-04-23T20:51:38,441  INFO [main] metadata.Hive: Total time spent in each metastore function (ms): {alter_table_(String, String, String, Table, EnvironmentContext, String)=54, isCompatibleWith_(Configuration)=0, getTable_(GetTableRequest)=40}
MapReduce Jobs Launched: 
2024-04-23T20:51:38,441  INFO [main] ql.Driver: MapReduce Jobs Launched: 
Stage-Stage-1:  HDFS Read: 0 HDFS Write: 0 SUCCESS
2024-04-23T20:51:38,441  INFO [main] ql.Driver: Stage-Stage-1:  HDFS Read: 0 HDFS Write: 0 SUCCESS
Total MapReduce CPU Time Spent: 0 msec
2024-04-23T20:51:38,441  INFO [main] ql.Driver: Total MapReduce CPU Time Spent: 0 msec
2024-04-23T20:51:38,441  INFO [main] ql.Driver: Completed executing command(queryId=alex_20240423205136_eef3de1d-df1c-478d-8567-e38049448138); Time taken: 1.418 seconds
2024-04-23T20:51:38,441  INFO [main] lockmgr.DbTxnManager: Stopped heartbeat for query: alex_20240423205136_eef3de1d-df1c-478d-8567-e38049448138
2024-04-23T20:51:38,447  INFO [main] txn.TxnHandler: Expected to move at least one record from txn_components to completed_txn_components when committing txn! txnid:15
2024-04-23T20:51:38,455  INFO [main] txn.TxnHandler: Removed transactions: ([15]) from MIN_HISTORY_LEVEL
2024-04-23T20:51:38,455  WARN [main] txn.CompactionTxnHandler: No compaction queue record found for Compaction type transaction commit. txnId:15
2024-04-23T20:51:38,456  INFO [main] ql.TxnCommandsBaseForTests: Running the query: alter table nonAcidNonBucket SET TBLPROPERTIES ('transactional'='true', 'transactional_properties'='default')
2024-04-23T20:51:38,457  INFO [main] ql.Context: Deleting scratch dir: file:/home/alex/Repositories/hive/ql/target/tmp/localscratchdir/015cd12a-2c2e-49b1-bdb5-af055e561965/hive_2024-04-23_20-51-36_820_6520584959174499507-1
2024-04-23T20:51:38,458  INFO [main] cleanup.SyncCleanupService: Deleted directory: file:/home/alex/Repositories/hive/ql/target/tmp/localscratchdir/015cd12a-2c2e-49b1-bdb5-af055e561965/hive_2024-04-23_20-51-36_820_6520584959174499507-1 on fs with scheme file
2024-04-23T20:51:38,458  INFO [main] ql.Context: Deleting scratch dir: file:/home/alex/Repositories/hive/ql/target/tmp/org.apache.hadoop.hive.ql.TestTxnNoBuckets-1713930630697/warehouse/nonacidnonbucket/.hive-staging_hive_2024-04-23_20-51-36_820_6520584959174499507-1
2024-04-23T20:51:38,458  INFO [main] cleanup.SyncCleanupService: Deleted directory: file:/home/alex/Repositories/hive/ql/target/tmp/org.apache.hadoop.hive.ql.TestTxnNoBuckets-1713930630697/warehouse/nonacidnonbucket/.hive-staging_hive_2024-04-23_20-51-36_820_6520584959174499507-1 on fs with scheme file
2024-04-23T20:51:38,459  INFO [main] ql.Driver: Compiling command(queryId=alex_20240423205138_b7e28d87-7837-4eb1-af26-0bc388b7d162): alter table nonAcidNonBucket SET TBLPROPERTIES ('transactional'='true', 'transactional_properties'='default')
2024-04-23T20:51:38,462  INFO [main] txn.TxnHandler: Added entries to MIN_HISTORY_LEVEL for current txns: ([16]) with min_open_txn: 16
2024-04-23T20:51:38,462  INFO [main] lockmgr.DbTxnManager: Opened txnid:16
2024-04-23T20:51:38,463  INFO [main] HiveMetaStore.audit: ugi=alex	ip=unknown-ip-addr	cmd=get_table : tbl=hive.default.nonAcidNonBucket	
2024-04-23T20:51:38,473  INFO [main] metastore.HMSHandler: Skipping translation for processor with null
2024-04-23T20:51:38,474  INFO [main] HiveMetaStore.audit: ugi=alex	ip=unknown-ip-addr	cmd=get_table : tbl=hive.default.nonAcidNonBucket	
2024-04-23T20:51:38,488  INFO [main] metastore.HMSHandler: Skipping translation for processor with null
2024-04-23T20:51:38,488  INFO [main] ql.Driver: Semantic Analysis Completed (retrial = false)
2024-04-23T20:51:38,488  INFO [main] ql.Driver: Created Hive schema: Schema(fieldSchemas:null, properties:null)
2024-04-23T20:51:38,488  INFO [main] metadata.Hive: Dumping metastore api call timing information for : compilation phase
2024-04-23T20:51:38,488  INFO [main] metadata.Hive: Total time spent in each metastore function (ms): {flushCache_()=0, getValidTxns_(long)=1, isCompatibleWith_(Configuration)=1, openTxn_(String, TxnType)=2, getTable_(GetTableRequest)=24, commitTxn_(CommitTxnRequest)=14}
2024-04-23T20:51:38,489  INFO [main] ql.Driver: Completed compiling command(queryId=alex_20240423205138_b7e28d87-7837-4eb1-af26-0bc388b7d162); Time taken: 0.03 seconds
2024-04-23T20:51:38,489  INFO [main] lockmgr.DbTxnManager: Setting lock request transaction to txnid:16 for queryId=alex_20240423205138_b7e28d87-7837-4eb1-af26-0bc388b7d162
2024-04-23T20:51:38,490  INFO [main] lockmgr.DbLockManager: Requesting lock for queryId=alex_20240423205138_b7e28d87-7837-4eb1-af26-0bc388b7d162
2024-04-23T20:51:38,507  INFO [main] lockmgr.DbLockManager: Response to queryId=alex_20240423205138_b7e28d87-7837-4eb1-af26-0bc388b7d162 LockResponse(lockid:10, state:ACQUIRED)
2024-04-23T20:51:38,507  INFO [main] ql.Driver: Operation ALTERTABLE_PROPERTIES obtained 1 locks
2024-04-23T20:51:38,507  INFO [main] ql.Driver: Executing command(queryId=alex_20240423205138_b7e28d87-7837-4eb1-af26-0bc388b7d162): alter table nonAcidNonBucket SET TBLPROPERTIES ('transactional'='true', 'transactional_properties'='default')
2024-04-23T20:51:38,507  INFO [main] ql.Driver: Starting task [Stage-0:DDL] in serial mode
2024-04-23T20:51:38,509  INFO [main] HiveMetaStore.audit: ugi=alex	ip=unknown-ip-addr	cmd=get_table : tbl=hive.default.nonAcidNonBucket	
2024-04-23T20:51:38,518  INFO [main] metastore.HMSHandler: Skipping translation for processor with null
2024-04-23T20:51:38,522  INFO [main] HiveMetaStore.audit: ugi=alex	ip=unknown-ip-addr	cmd=alter_table: hive.default.nonAcidNonBucket newtbl=nonacidnonbucket	
2024-04-23T20:51:38,564  INFO [main] metadata.Hive: Dumping metastore api call timing information for : execution phase
2024-04-23T20:51:38,564  INFO [main] metadata.Hive: Total time spent in each metastore function (ms): {alter_table_(String, String, String, Table, EnvironmentContext, String)=41, getValidWriteIds_(List, String)=2, isCompatibleWith_(Configuration)=1, getTable_(GetTableRequest)=10}
2024-04-23T20:51:38,564  INFO [main] ql.Driver: Completed executing command(queryId=alex_20240423205138_b7e28d87-7837-4eb1-af26-0bc388b7d162); Time taken: 0.056 seconds
2024-04-23T20:51:38,564  INFO [main] lockmgr.DbTxnManager: Stopped heartbeat for query: alex_20240423205138_b7e28d87-7837-4eb1-af26-0bc388b7d162
2024-04-23T20:51:38,568  INFO [main] txn.TxnHandler: Expected to move at least one record from txn_components to completed_txn_components when committing txn! txnid:16
2024-04-23T20:51:38,574  INFO [main] txn.TxnHandler: Removed transactions: ([16]) from MIN_HISTORY_LEVEL
2024-04-23T20:51:38,575  WARN [main] txn.CompactionTxnHandler: No compaction queue record found for Compaction type transaction commit. txnId:16
2024-04-23T20:51:38,576  INFO [main] ql.TxnCommandsBaseForTests: Running the query: select ROW__ID, a, b, INPUT__FILE__NAME from nonAcidNonBucket order by ROW__ID
2024-04-23T20:51:38,576  INFO [main] ql.Driver: Compiling command(queryId=alex_20240423205138_de645e91-8c89-4170-9692-2376488b8c14): select ROW__ID, a, b, INPUT__FILE__NAME from nonAcidNonBucket order by ROW__ID
2024-04-23T20:51:38,579  INFO [main] txn.TxnHandler: Added entries to MIN_HISTORY_LEVEL for current txns: ([17]) with min_open_txn: 16
2024-04-23T20:51:38,580  INFO [main] lockmgr.DbTxnManager: Opened txnid:17
2024-04-23T20:51:38,580  INFO [main] parse.CalcitePlanner: Starting caching scope for: 
2024-04-23T20:51:38,580  INFO [main] parse.CalcitePlanner: Starting Semantic Analysis
2024-04-23T20:51:38,583  INFO [main] parse.CalcitePlanner: Completed phase 1 of Semantic Analysis
2024-04-23T20:51:38,583  INFO [main] parse.CalcitePlanner: Get metadata for source tables
2024-04-23T20:51:38,585  INFO [main] HiveMetaStore.audit: ugi=alex	ip=unknown-ip-addr	cmd=get_table : tbl=hive.default.nonacidnonbucket	
2024-04-23T20:51:38,592  INFO [main] metastore.HMSHandler: Skipping translation for processor with null
2024-04-23T20:51:38,592  INFO [main] parse.CalcitePlanner: Get metadata for subqueries
2024-04-23T20:51:38,592  INFO [main] parse.CalcitePlanner: Get metadata for destination tables
2024-04-23T20:51:38,593  INFO [main] parse.CalcitePlanner: Completed getting MetaData in Semantic Analysis
2024-04-23T20:51:38,606  INFO [main] HiveMetaStore.audit: ugi=alex	ip=unknown-ip-addr	cmd=get_all_table_constraints : tbl=hive.default.nonacidnonbucket	
2024-04-23T20:51:38,644  INFO [main] calcite.RelOptHiveTable: Calculating column statistics for default.nonacidnonbucket, projIndxSet: [0, 1], allowMissingStats: true
2024-04-23T20:51:38,645  INFO [main] HiveMetaStore.audit: ugi=alex	ip=unknown-ip-addr	cmd=get_table_statistics_req: table=hive.default.nonacidnonbucket	
2024-04-23T20:51:38,662  WARN [main] calcite.RelOptHiveTable: No Stats for default@nonacidnonbucket, Columns: a, b
No Stats for default@nonacidnonbucket, Columns: a, b
2024-04-23T20:51:38,662  INFO [main] SessionState: No Stats for default@nonacidnonbucket, Columns: a, b
2024-04-23T20:51:38,711  INFO [main] parse.CalcitePlanner: Get metadata for source tables
2024-04-23T20:51:38,712  INFO [main] parse.CalcitePlanner: Get metadata for subqueries
2024-04-23T20:51:38,712  INFO [main] parse.CalcitePlanner: Get metadata for destination tables
2024-04-23T20:51:38,713  INFO [main] common.FileUtils: Creating directory if it doesn't exist: file:/home/alex/Repositories/hive/ql/target/tmp/localscratchdir/015cd12a-2c2e-49b1-bdb5-af055e561965/hive_2024-04-23_20-51-38_576_8199957668887044447-1/-mr-10001/.hive-staging_hive_2024-04-23_20-51-38_576_8199957668887044447-1
2024-04-23T20:51:38,720  INFO [main] parse.CalcitePlanner: CBO Succeeded; optimized logical plan.
2024-04-23T20:51:38,723  INFO [main] optimizer.ColumnPrunerProcFactory: RS 2 oldColExprMap: {VALUE._col0=Column[_col1], VALUE._col2=Column[_col3], VALUE._col1=Column[_col2], KEY.reducesinkkey0=Column[_col0]}
2024-04-23T20:51:38,723  INFO [main] optimizer.ColumnPrunerProcFactory: RS 2 newColExprMap: {VALUE._col0=Column[_col1], VALUE._col2=Column[_col3], KEY.reducesinkkey0=Column[_col0], VALUE._col1=Column[_col2]}
2024-04-23T20:51:38,724  INFO [main] optimizer.BucketVersionPopulator: not considering bucketingVersion for: TS[0] because it has -1<2 buckets 
2024-04-23T20:51:38,724  INFO [main] optimizer.SortedDynPartitionOptimizer: Sorted dynamic partitioning optimization kicked in..
2024-04-23T20:51:38,733  INFO [main] physical.Vectorizer: Examining input format to see if vectorization is enabled.
2024-04-23T20:51:38,733  INFO [main] physical.Vectorizer: Vectorization is enabled for input format(s) [org.apache.hadoop.hive.ql.io.orc.OrcInputFormat]
2024-04-23T20:51:38,733  INFO [main] physical.Vectorizer: Validating and vectorizing MapWork... (vectorizedVertexNum 0)
2024-04-23T20:51:38,733  INFO [main] physical.Vectorizer: Map vectorization enabled: true
2024-04-23T20:51:38,733  INFO [main] physical.Vectorizer: Map vectorized: false
2024-04-23T20:51:38,733  INFO [main] physical.Vectorizer: Map notVectorizedReason: Select expression for SELECT operator: Virtual column INPUT__FILE__NAME is not supported
2024-04-23T20:51:38,733  INFO [main] physical.Vectorizer: Map vectorizedVertexNum: 0
2024-04-23T20:51:38,733  INFO [main] physical.Vectorizer: Map enabledConditionsMet: [hive.vectorized.use.vectorized.input.format IS true]
2024-04-23T20:51:38,733  INFO [main] physical.Vectorizer: Map inputFileFormatClassNameSet: [org.apache.hadoop.hive.ql.io.orc.OrcInputFormat]
2024-04-23T20:51:38,733  INFO [main] physical.Vectorizer: Reduce vectorization enabled: false
2024-04-23T20:51:38,733  INFO [main] physical.Vectorizer: Reduce vectorized: false
2024-04-23T20:51:38,733  INFO [main] physical.Vectorizer: Reduce vectorizedVertexNum: 1
2024-04-23T20:51:38,733  INFO [main] physical.Vectorizer: Reducer hive.vectorized.execution.reduce.enabled: true
2024-04-23T20:51:38,733  INFO [main] physical.Vectorizer: Reducer engine: mr
2024-04-23T20:51:38,733  INFO [main] parse.CalcitePlanner: Completed plan generation
2024-04-23T20:51:38,733  INFO [main] parse.CalcitePlanner: Ending caching scope for: 
2024-04-23T20:51:38,733  INFO [main] ql.Driver: Semantic Analysis Completed (retrial = false)
2024-04-23T20:51:38,733  INFO [main] ql.Driver: Created Hive schema: Schema(fieldSchemas:[FieldSchema(name:row__id, type:struct<writeid:bigint,bucketid:int,rowid:bigint>, comment:null), FieldSchema(name:a, type:int, comment:null), FieldSchema(name:b, type:int, comment:null), FieldSchema(name:input__file__name, type:string, comment:null)], properties:null)
2024-04-23T20:51:38,734  INFO [main] exec.ListSinkOperator: Initializing Operator: LIST_SINK[5]
2024-04-23T20:51:38,735  INFO [main] metadata.Hive: Dumping metastore api call timing information for : compilation phase
2024-04-23T20:51:38,735  INFO [main] metadata.Hive: Total time spent in each metastore function (ms): {getValidTxns_(long)=0, getValidWriteIds_(List, String)=5, isCompatibleWith_(Configuration)=0, getTable_(GetTableRequest)=7, getTableColumnStatistics_(String, String, List, String)=16, flushCache_()=0, getAllTableConstraints_(AllTableConstraintsRequest)=33, openTxn_(String, TxnType)=3, commitTxn_(CommitTxnRequest)=12}
2024-04-23T20:51:38,735  INFO [main] ql.Driver: Completed compiling command(queryId=alex_20240423205138_de645e91-8c89-4170-9692-2376488b8c14); Time taken: 0.158 seconds
2024-04-23T20:51:38,735  INFO [main] lockmgr.DbTxnManager: Setting lock request transaction to txnid:17 for queryId=alex_20240423205138_de645e91-8c89-4170-9692-2376488b8c14
2024-04-23T20:51:38,736  INFO [main] lockmgr.DbLockManager: Requesting lock for queryId=alex_20240423205138_de645e91-8c89-4170-9692-2376488b8c14
2024-04-23T20:51:38,756  INFO [main] lockmgr.DbLockManager: Response to queryId=alex_20240423205138_de645e91-8c89-4170-9692-2376488b8c14 LockResponse(lockid:11, state:ACQUIRED)
2024-04-23T20:51:38,756  INFO [main] ql.Driver: Operation QUERY obtained 1 locks
2024-04-23T20:51:38,757  INFO [main] ql.Driver: Executing command(queryId=alex_20240423205138_de645e91-8c89-4170-9692-2376488b8c14): select ROW__ID, a, b, INPUT__FILE__NAME from nonAcidNonBucket order by ROW__ID
2024-04-23T20:51:38,757  WARN [main] ql.Driver: Hive-on-MR is deprecated in Hive 2 and may not be available in the future versions. Consider using a different execution engine (i.e. spark, tez) or using Hive 1.X releases.
Query ID = alex_20240423205138_de645e91-8c89-4170-9692-2376488b8c14
2024-04-23T20:51:38,757  INFO [main] ql.Driver: Query ID = alex_20240423205138_de645e91-8c89-4170-9692-2376488b8c14
Total jobs = 1
2024-04-23T20:51:38,757  INFO [main] ql.Driver: Total jobs = 1
Launching Job 1 out of 1
2024-04-23T20:51:38,757  INFO [main] ql.Driver: Launching Job 1 out of 1
2024-04-23T20:51:38,981  INFO [main] ql.Driver: Starting task [Stage-1:MAPRED] in serial mode
Number of reduce tasks determined at compile time: 1
2024-04-23T20:51:38,981  INFO [main] exec.Task: Number of reduce tasks determined at compile time: 1
In order to change the average load for a reducer (in bytes):
2024-04-23T20:51:38,981  INFO [main] exec.Task: In order to change the average load for a reducer (in bytes):
  set hive.exec.reducers.bytes.per.reducer=<number>
2024-04-23T20:51:38,981  INFO [main] exec.Task:   set hive.exec.reducers.bytes.per.reducer=<number>
In order to limit the maximum number of reducers:
2024-04-23T20:51:38,981  INFO [main] exec.Task: In order to limit the maximum number of reducers:
  set hive.exec.reducers.max=<number>
2024-04-23T20:51:38,981  INFO [main] exec.Task:   set hive.exec.reducers.max=<number>
In order to set a constant number of reducers:
2024-04-23T20:51:38,981  INFO [main] exec.Task: In order to set a constant number of reducers:
  set mapreduce.job.reduces=<number>
2024-04-23T20:51:38,981  INFO [main] exec.Task:   set mapreduce.job.reduces=<number>
2024-04-23T20:51:38,984  INFO [main] mr.ExecDriver: Using org.apache.hadoop.hive.ql.io.HiveInputFormat
2024-04-23T20:51:38,984  INFO [main] exec.Utilities: Processing alias nonacidnonbucket
2024-04-23T20:51:38,984  INFO [main] exec.Utilities: Adding 1 inputs; the first input is file:/home/alex/Repositories/hive/ql/target/tmp/org.apache.hadoop.hive.ql.TestTxnNoBuckets-1713930630697/warehouse/nonacidnonbucket
2024-04-23T20:51:38,994  INFO [main] exec.SerializationUtilities: Serializing MapWork using kryo
2024-04-23T20:51:38,996  INFO [main] exec.Utilities: Serialized plan (via FILE) - name: null size: 5,17KB
2024-04-23T20:51:39,001  INFO [main] exec.SerializationUtilities: Serializing ReduceWork using kryo
2024-04-23T20:51:39,002  INFO [main] exec.Utilities: Serialized plan (via FILE) - name: null size: 6,10KB
2024-04-23T20:51:39,003  WARN [main] impl.MetricsSystemImpl: JobTracker metrics system already initialized!
2024-04-23T20:51:39,011  WARN [main] impl.MetricsSystemImpl: JobTracker metrics system already initialized!
2024-04-23T20:51:39,020  WARN [main] mapreduce.JobResourceUploader: Hadoop command-line option parsing not performed. Implement the Tool interface and execute your application with ToolRunner to remedy this.
2024-04-23T20:51:39,025  WARN [main] mapreduce.JobResourceUploader: No job jar file set.  User classes may not be found. See Job or Job#setJar(String).
2024-04-23T20:51:39,026  INFO [main] io.HiveInputFormat: hive.io.file.readcolumn.ids = 0,1
2024-04-23T20:51:39,026  INFO [main] io.HiveInputFormat: hive.io.file.readcolumn.names = a,b
2024-04-23T20:51:39,026  INFO [main] io.HiveInputFormat: Generating splits for dirs: file:/home/alex/Repositories/hive/ql/target/tmp/org.apache.hadoop.hive.ql.TestTxnNoBuckets-1713930630697/warehouse/nonacidnonbucket
2024-04-23T20:51:39,027  INFO [main] orc.OrcInputFormat: getSplits started
2024-04-23T20:51:39,027  INFO [main] orc.OrcInputFormat: Context:: isAcid: true isVectorMode: false sarg: null minSplitSize: 1 maxSplitSize: 256000000 splitStrategy: HYBRID footerInSplits: false numBuckets: 0 numThreads: 10 cacheMemSize: 268435456 cacheStripeDetails: true useSoftReference: false writeIdList: default.nonacidnonbucket:10000000:9223372036854775807:: isTransactionalTable: true txnProperties: default 
2024-04-23T20:51:39,027  INFO [main] orc.OrcInputFormat: ORC pushdown predicate: null
2024-04-23T20:51:39,038  INFO [main] orc.OrcInputFormat: FooterCacheHitRatio: 0/3
2024-04-23T20:51:39,038  INFO [main] orc.OrcInputFormat: getSplits finished (#splits: 3). duration: 11 ms
2024-04-23T20:51:39,038  INFO [main] io.HiveInputFormat: number of splits 3
2024-04-23T20:51:39,058  INFO [main] mapreduce.JobSubmitter: number of splits:3
2024-04-23T20:51:39,082  INFO [main] mapreduce.JobSubmitter: Submitting tokens for job: job_local1933616613_0025
2024-04-23T20:51:39,082  INFO [main] mapreduce.JobSubmitter: Executing with tokens: []
2024-04-23T20:51:39,142  INFO [main] mapreduce.Job: The url to track the job: http://localhost:8080/
Job running in-process (local Hadoop)
2024-04-23T20:51:39,142  INFO [main] exec.Task: Job running in-process (local Hadoop)
2024-04-23T20:51:39,143  INFO [Thread-1569] mapred.LocalJobRunner: OutputCommitter set in config org.apache.hadoop.hive.ql.io.HiveFileFormatUtils$NullOutputCommitter
2024-04-23T20:51:39,143  INFO [Thread-1569] mapred.LocalJobRunner: OutputCommitter is org.apache.hadoop.hive.ql.io.HiveFileFormatUtils$NullOutputCommitter
2024-04-23T20:51:39,145  INFO [Thread-1569] mapred.LocalJobRunner: Waiting for map tasks
2024-04-23T20:51:39,145  INFO [LocalJobRunner Map Task Executor #0] mapred.LocalJobRunner: Starting task: attempt_local1933616613_0025_m_000000_0
2024-04-23T20:51:39,146  INFO [LocalJobRunner Map Task Executor #0] mapred.Task:  Using ResourceCalculatorProcessTree : [ ]
2024-04-23T20:51:39,146  INFO [LocalJobRunner Map Task Executor #0] mapred.MapTask: Processing split: org.apache.hadoop.hive.ql.io.orc.OrcInputFormat:OrcSplit [file:/home/alex/Repositories/hive/ql/target/tmp/org.apache.hadoop.hive.ql.TestTxnNoBuckets-1713930630697/warehouse/nonacidnonbucket/000000_0_copy_1, start=0, length=257, isOriginal=true, fileLength=257, hasFooter=false, hasBase=true, deltas=0]
2024-04-23T20:51:39,147  INFO [LocalJobRunner Map Task Executor #0] exec.SerializationUtilities: Deserializing MapWork using kryo
2024-04-23T20:51:39,147  INFO [LocalJobRunner Map Task Executor #0] exec.Utilities: Deserialized plan (via FILE) - name: null size: 5,17KB
2024-04-23T20:51:39,149  INFO [LocalJobRunner Map Task Executor #0] orc.OrcRawRecordMerger: min key = null, max key = null
2024-04-23T20:51:39,150  INFO [LocalJobRunner Map Task Executor #0] orc.ReaderImpl: Reading ORC rows from file:/home/alex/Repositories/hive/ql/target/tmp/org.apache.hadoop.hive.ql.TestTxnNoBuckets-1713930630697/warehouse/nonacidnonbucket/000000_0_copy_1 with {include: [true, true, true], offset: 0, length: 257, schema: struct<a:int,b:int>, includeAcidColumns: true}
2024-04-23T20:51:39,161  INFO [LocalJobRunner Map Task Executor #0] orc.OrcRawRecordMerger: updated min key = null, max key = null
2024-04-23T20:51:39,161  INFO [LocalJobRunner Map Task Executor #0] mapred.MapTask: numReduceTasks: 1
2024-04-23T20:51:39,165  INFO [LocalJobRunner Map Task Executor #0] mapred.MapTask: (EQUATOR) 0 kvi 26214396(104857584)
2024-04-23T20:51:39,165  INFO [LocalJobRunner Map Task Executor #0] mapred.MapTask: mapreduce.task.io.sort.mb: 100
2024-04-23T20:51:39,165  INFO [LocalJobRunner Map Task Executor #0] mapred.MapTask: soft limit at 83886080
2024-04-23T20:51:39,166  INFO [LocalJobRunner Map Task Executor #0] mapred.MapTask: bufstart = 0; bufvoid = 104857600
2024-04-23T20:51:39,166  INFO [LocalJobRunner Map Task Executor #0] mapred.MapTask: kvstart = 26214396; length = 6553600
2024-04-23T20:51:39,166  INFO [LocalJobRunner Map Task Executor #0] mapred.MapTask: Map output collector class = org.apache.hadoop.mapred.MapTask$MapOutputBuffer
2024-04-23T20:51:39,166  INFO [LocalJobRunner Map Task Executor #0] exec.MapOperator: Initializing Operator: MAP[0]
2024-04-23T20:51:39,168  INFO [LocalJobRunner Map Task Executor #0] mr.ExecMapper: 
<MAP>Id =0
  <Children>null
  <\Children>
  <Parent><\Parent>
<\MAP>
2024-04-23T20:51:39,169  INFO [LocalJobRunner Map Task Executor #0] exec.TableScanOperator: Initializing Operator: TS[0]
2024-04-23T20:51:39,169  INFO [LocalJobRunner Map Task Executor #0] exec.SelectOperator: Initializing Operator: SEL[1]
2024-04-23T20:51:39,169  INFO [LocalJobRunner Map Task Executor #0] exec.SelectOperator: SELECT struct<a:int,b:int,row__id:struct<writeid:bigint,bucketid:int,rowid:bigint>,input__file__name:string>
2024-04-23T20:51:39,169  INFO [LocalJobRunner Map Task Executor #0] exec.ReduceSinkOperator: Initializing Operator: RS[2]
2024-04-23T20:51:39,169  INFO [LocalJobRunner Map Task Executor #0] exec.ReduceSinkOperator: Using tag = -1
2024-04-23T20:51:39,170  INFO [LocalJobRunner Map Task Executor #0] exec.ReduceSinkOperator: keys are [reducesinkkey0] num distributions: 1
2024-04-23T20:51:39,170  INFO [LocalJobRunner Map Task Executor #0] exec.ReduceSinkOperator: RS[2]: records written - 1
2024-04-23T20:51:39,170  INFO [LocalJobRunner Map Task Executor #0] exec.MapOperator: MAP[0]: records read - 1
2024-04-23T20:51:39,171  INFO [LocalJobRunner Map Task Executor #0] exec.MapOperator: Closing Operator: MAP[0]
2024-04-23T20:51:39,171  INFO [LocalJobRunner Map Task Executor #0] exec.MapOperator: MAP[0]: Total records read - 4. abort - false
2024-04-23T20:51:39,171  INFO [LocalJobRunner Map Task Executor #0] exec.MapOperator: RECORDS_OUT_OPERATOR_MAP_0:0, DESERIALIZE_ERRORS:0, RECORDS_OUT_INTERMEDIATE:0, RECORDS_IN:4, 
2024-04-23T20:51:39,171  INFO [LocalJobRunner Map Task Executor #0] exec.TableScanOperator: Closing Operator: TS[0]
2024-04-23T20:51:39,171  INFO [LocalJobRunner Map Task Executor #0] exec.TableScanOperator: RECORDS_OUT_OPERATOR_TS_0:4, RECORDS_OUT_INTERMEDIATE:0, 
2024-04-23T20:51:39,171  INFO [LocalJobRunner Map Task Executor #0] exec.SelectOperator: Closing Operator: SEL[1]
2024-04-23T20:51:39,171  INFO [LocalJobRunner Map Task Executor #0] exec.SelectOperator: RECORDS_OUT_INTERMEDIATE:0, RECORDS_OUT_OPERATOR_SEL_1:4, 
2024-04-23T20:51:39,171  INFO [LocalJobRunner Map Task Executor #0] exec.ReduceSinkOperator: Closing Operator: RS[2]
2024-04-23T20:51:39,171  INFO [LocalJobRunner Map Task Executor #0] exec.ReduceSinkOperator: RS[2]: Total records written - 4. abort - false
2024-04-23T20:51:39,171  INFO [LocalJobRunner Map Task Executor #0] exec.ReduceSinkOperator: RECORDS_OUT_INTERMEDIATE:4, RECORDS_OUT_OPERATOR_RS_2:4, 
2024-04-23T20:51:39,171  INFO [LocalJobRunner Map Task Executor #0] mapred.LocalJobRunner: 
2024-04-23T20:51:39,171  INFO [LocalJobRunner Map Task Executor #0] mapred.MapTask: Starting flush of map output
2024-04-23T20:51:39,171  INFO [LocalJobRunner Map Task Executor #0] mapred.MapTask: Spilling map output
2024-04-23T20:51:39,172  INFO [LocalJobRunner Map Task Executor #0] mapred.MapTask: bufstart = 0; bufend = 740; bufvoid = 104857600
2024-04-23T20:51:39,172  INFO [LocalJobRunner Map Task Executor #0] mapred.MapTask: kvstart = 26214396(104857584); kvend = 26214384(104857536); length = 13/6553600
2024-04-23T20:51:39,182  INFO [LocalJobRunner Map Task Executor #0] mapred.MapTask: Finished spill 0
2024-04-23T20:51:39,185  INFO [LocalJobRunner Map Task Executor #0] mapred.Task: Task:attempt_local1933616613_0025_m_000000_0 is done. And is in the process of committing
2024-04-23T20:51:39,186  INFO [LocalJobRunner Map Task Executor #0] mapred.LocalJobRunner: OrcSplit [file:/home/alex/Repositories/hive/ql/target/tmp/org.apache.hadoop.hive.ql.TestTxnNoBuckets-1713930630697/warehouse/nonacidnonbucket/000000_0_copy_1, start=0, length=257, isOriginal=true, fileLength=257, hasFooter=false, hasBase=true, deltas=0]
2024-04-23T20:51:39,186  INFO [LocalJobRunner Map Task Executor #0] mapred.Task: Task 'attempt_local1933616613_0025_m_000000_0' done.
2024-04-23T20:51:39,186  INFO [LocalJobRunner Map Task Executor #0] mapred.Task: Final Counters for attempt_local1933616613_0025_m_000000_0: Counters: 24
	File System Counters
		FILE: Number of bytes read=509069
		FILE: Number of bytes written=30036583
		FILE: Number of read operations=0
		FILE: Number of large read operations=0
		FILE: Number of write operations=0
	Map-Reduce Framework
		Map input records=4
		Map output records=4
		Map output bytes=740
		Map output materialized bytes=758
		Input split bytes=489
		Combine input records=0
		Spilled Records=4
		Failed Shuffles=0
		Merged Map outputs=0
		GC time elapsed (ms)=0
		Total committed heap usage (bytes)=1102053376
	HIVE
		DESERIALIZE_ERRORS=0
		RECORDS_IN=4
		RECORDS_OUT_INTERMEDIATE=4
		RECORDS_OUT_OPERATOR_MAP_0=0
		RECORDS_OUT_OPERATOR_RS_2=4
		RECORDS_OUT_OPERATOR_SEL_1=4
		RECORDS_OUT_OPERATOR_TS_0=4
	File Input Format Counters 
		Bytes Read=6595
2024-04-23T20:51:39,186  INFO [LocalJobRunner Map Task Executor #0] mapred.LocalJobRunner: Finishing task: attempt_local1933616613_0025_m_000000_0
2024-04-23T20:51:39,186  INFO [LocalJobRunner Map Task Executor #0] mapred.LocalJobRunner: Starting task: attempt_local1933616613_0025_m_000001_0
2024-04-23T20:51:39,187  INFO [LocalJobRunner Map Task Executor #0] mapred.Task:  Using ResourceCalculatorProcessTree : [ ]
2024-04-23T20:51:39,187  INFO [LocalJobRunner Map Task Executor #0] mapred.MapTask: Processing split: org.apache.hadoop.hive.ql.io.orc.OrcInputFormat:OrcSplit [file:/home/alex/Repositories/hive/ql/target/tmp/org.apache.hadoop.hive.ql.TestTxnNoBuckets-1713930630697/warehouse/nonacidnonbucket/000000_0, start=0, length=254, isOriginal=true, fileLength=254, hasFooter=false, hasBase=true, deltas=0]
2024-04-23T20:51:39,188  INFO [LocalJobRunner Map Task Executor #0] exec.SerializationUtilities: Deserializing MapWork using kryo
2024-04-23T20:51:39,188  INFO [LocalJobRunner Map Task Executor #0] exec.Utilities: Deserialized plan (via FILE) - name: null size: 5,17KB
2024-04-23T20:51:39,189  INFO [LocalJobRunner Map Task Executor #0] orc.OrcRawRecordMerger: min key = null, max key = null
2024-04-23T20:51:39,189  INFO [LocalJobRunner Map Task Executor #0] orc.ReaderImpl: Reading ORC rows from file:/home/alex/Repositories/hive/ql/target/tmp/org.apache.hadoop.hive.ql.TestTxnNoBuckets-1713930630697/warehouse/nonacidnonbucket/000000_0 with {include: [true, true, true], offset: 0, length: 254, schema: struct<a:int,b:int>, includeAcidColumns: true}
2024-04-23T20:51:39,199  INFO [LocalJobRunner Map Task Executor #0] orc.OrcRawRecordMerger: updated min key = null, max key = null
2024-04-23T20:51:39,199  INFO [LocalJobRunner Map Task Executor #0] mapred.MapTask: numReduceTasks: 1
2024-04-23T20:51:39,204  INFO [LocalJobRunner Map Task Executor #0] mapred.MapTask: (EQUATOR) 0 kvi 26214396(104857584)
2024-04-23T20:51:39,204  INFO [LocalJobRunner Map Task Executor #0] mapred.MapTask: mapreduce.task.io.sort.mb: 100
2024-04-23T20:51:39,204  INFO [LocalJobRunner Map Task Executor #0] mapred.MapTask: soft limit at 83886080
2024-04-23T20:51:39,204  INFO [LocalJobRunner Map Task Executor #0] mapred.MapTask: bufstart = 0; bufvoid = 104857600
2024-04-23T20:51:39,204  INFO [LocalJobRunner Map Task Executor #0] mapred.MapTask: kvstart = 26214396; length = 6553600
2024-04-23T20:51:39,204  INFO [LocalJobRunner Map Task Executor #0] mapred.MapTask: Map output collector class = org.apache.hadoop.mapred.MapTask$MapOutputBuffer
2024-04-23T20:51:39,205  INFO [LocalJobRunner Map Task Executor #0] exec.MapOperator: Initializing Operator: MAP[0]
2024-04-23T20:51:39,206  INFO [LocalJobRunner Map Task Executor #0] mr.ExecMapper: 
<MAP>Id =0
  <Children>null
  <\Children>
  <Parent><\Parent>
<\MAP>
2024-04-23T20:51:39,207  INFO [LocalJobRunner Map Task Executor #0] exec.TableScanOperator: Initializing Operator: TS[0]
2024-04-23T20:51:39,207  INFO [LocalJobRunner Map Task Executor #0] exec.SelectOperator: Initializing Operator: SEL[1]
2024-04-23T20:51:39,207  INFO [LocalJobRunner Map Task Executor #0] exec.SelectOperator: SELECT struct<a:int,b:int,row__id:struct<writeid:bigint,bucketid:int,rowid:bigint>,input__file__name:string>
2024-04-23T20:51:39,207  INFO [LocalJobRunner Map Task Executor #0] exec.ReduceSinkOperator: Initializing Operator: RS[2]
2024-04-23T20:51:39,207  INFO [LocalJobRunner Map Task Executor #0] exec.ReduceSinkOperator: Using tag = -1
2024-04-23T20:51:39,208  INFO [LocalJobRunner Map Task Executor #0] exec.ReduceSinkOperator: keys are [reducesinkkey0] num distributions: 1
2024-04-23T20:51:39,208  INFO [LocalJobRunner Map Task Executor #0] exec.ReduceSinkOperator: RS[2]: records written - 1
2024-04-23T20:51:39,208  INFO [LocalJobRunner Map Task Executor #0] exec.MapOperator: MAP[0]: records read - 1
2024-04-23T20:51:39,208  INFO [LocalJobRunner Map Task Executor #0] exec.MapOperator: Closing Operator: MAP[0]
2024-04-23T20:51:39,208  INFO [LocalJobRunner Map Task Executor #0] exec.MapOperator: MAP[0]: Total records read - 2. abort - false
2024-04-23T20:51:39,208  INFO [LocalJobRunner Map Task Executor #0] exec.MapOperator: RECORDS_IN:2, RECORDS_OUT_OPERATOR_MAP_0:0, DESERIALIZE_ERRORS:0, RECORDS_OUT_INTERMEDIATE:0, 
2024-04-23T20:51:39,208  INFO [LocalJobRunner Map Task Executor #0] exec.TableScanOperator: Closing Operator: TS[0]
2024-04-23T20:51:39,208  INFO [LocalJobRunner Map Task Executor #0] exec.TableScanOperator: RECORDS_OUT_INTERMEDIATE:0, RECORDS_OUT_OPERATOR_TS_0:2, 
2024-04-23T20:51:39,208  INFO [LocalJobRunner Map Task Executor #0] exec.SelectOperator: Closing Operator: SEL[1]
2024-04-23T20:51:39,209  INFO [LocalJobRunner Map Task Executor #0] exec.SelectOperator: RECORDS_OUT_INTERMEDIATE:0, RECORDS_OUT_OPERATOR_SEL_1:2, 
2024-04-23T20:51:39,209  INFO [LocalJobRunner Map Task Executor #0] exec.ReduceSinkOperator: Closing Operator: RS[2]
2024-04-23T20:51:39,209  INFO [LocalJobRunner Map Task Executor #0] exec.ReduceSinkOperator: RS[2]: Total records written - 2. abort - false
2024-04-23T20:51:39,209  INFO [LocalJobRunner Map Task Executor #0] exec.ReduceSinkOperator: RECORDS_OUT_INTERMEDIATE:2, RECORDS_OUT_OPERATOR_RS_2:2, 
2024-04-23T20:51:39,209  INFO [LocalJobRunner Map Task Executor #0] mapred.LocalJobRunner: 
2024-04-23T20:51:39,209  INFO [LocalJobRunner Map Task Executor #0] mapred.MapTask: Starting flush of map output
2024-04-23T20:51:39,209  INFO [LocalJobRunner Map Task Executor #0] mapred.MapTask: Spilling map output
2024-04-23T20:51:39,209  INFO [LocalJobRunner Map Task Executor #0] mapred.MapTask: bufstart = 0; bufend = 356; bufvoid = 104857600
2024-04-23T20:51:39,209  INFO [LocalJobRunner Map Task Executor #0] mapred.MapTask: kvstart = 26214396(104857584); kvend = 26214392(104857568); length = 5/6553600
2024-04-23T20:51:39,217  INFO [LocalJobRunner Map Task Executor #0] mapred.MapTask: Finished spill 0
2024-04-23T20:51:39,221  INFO [LocalJobRunner Map Task Executor #0] mapred.Task: Task:attempt_local1933616613_0025_m_000001_0 is done. And is in the process of committing
2024-04-23T20:51:39,221  INFO [LocalJobRunner Map Task Executor #0] mapred.LocalJobRunner: OrcSplit [file:/home/alex/Repositories/hive/ql/target/tmp/org.apache.hadoop.hive.ql.TestTxnNoBuckets-1713930630697/warehouse/nonacidnonbucket/000000_0, start=0, length=254, isOriginal=true, fileLength=254, hasFooter=false, hasBase=true, deltas=0]
2024-04-23T20:51:39,221  INFO [LocalJobRunner Map Task Executor #0] mapred.Task: Task 'attempt_local1933616613_0025_m_000001_0' done.
2024-04-23T20:51:39,221  INFO [LocalJobRunner Map Task Executor #0] mapred.Task: Final Counters for attempt_local1933616613_0025_m_000001_0: Counters: 24
	File System Counters
		FILE: Number of bytes read=516861
		FILE: Number of bytes written=30036983
		FILE: Number of read operations=0
		FILE: Number of large read operations=0
		FILE: Number of write operations=0
	Map-Reduce Framework
		Map input records=2
		Map output records=2
		Map output bytes=356
		Map output materialized bytes=368
		Input split bytes=482
		Combine input records=0
		Spilled Records=2
		Failed Shuffles=0
		Merged Map outputs=0
		GC time elapsed (ms)=0
		Total committed heap usage (bytes)=1102053376
	HIVE
		DESERIALIZE_ERRORS=0
		RECORDS_IN=2
		RECORDS_OUT_INTERMEDIATE=2
		RECORDS_OUT_OPERATOR_MAP_0=0
		RECORDS_OUT_OPERATOR_RS_2=2
		RECORDS_OUT_OPERATOR_SEL_1=2
		RECORDS_OUT_OPERATOR_TS_0=2
	File Input Format Counters 
		Bytes Read=6305
2024-04-23T20:51:39,221  INFO [LocalJobRunner Map Task Executor #0] mapred.LocalJobRunner: Finishing task: attempt_local1933616613_0025_m_000001_0
2024-04-23T20:51:39,221  INFO [LocalJobRunner Map Task Executor #0] mapred.LocalJobRunner: Starting task: attempt_local1933616613_0025_m_000002_0
2024-04-23T20:51:39,222  INFO [LocalJobRunner Map Task Executor #0] mapred.Task:  Using ResourceCalculatorProcessTree : [ ]
2024-04-23T20:51:39,222  INFO [LocalJobRunner Map Task Executor #0] mapred.MapTask: Processing split: org.apache.hadoop.hive.ql.io.orc.OrcInputFormat:OrcSplit [file:/home/alex/Repositories/hive/ql/target/tmp/org.apache.hadoop.hive.ql.TestTxnNoBuckets-1713930630697/warehouse/nonacidnonbucket/000000_0_copy_2, start=0, length=254, isOriginal=true, fileLength=254, hasFooter=false, hasBase=true, deltas=0]
2024-04-23T20:51:39,223  INFO [LocalJobRunner Map Task Executor #0] exec.SerializationUtilities: Deserializing MapWork using kryo
2024-04-23T20:51:39,223  INFO [LocalJobRunner Map Task Executor #0] exec.Utilities: Deserialized plan (via FILE) - name: null size: 5,17KB
2024-04-23T20:51:39,225  INFO [LocalJobRunner Map Task Executor #0] orc.OrcRawRecordMerger: min key = null, max key = null
2024-04-23T20:51:39,225  INFO [LocalJobRunner Map Task Executor #0] orc.ReaderImpl: Reading ORC rows from file:/home/alex/Repositories/hive/ql/target/tmp/org.apache.hadoop.hive.ql.TestTxnNoBuckets-1713930630697/warehouse/nonacidnonbucket/000000_0_copy_2 with {include: [true, true, true], offset: 0, length: 254, schema: struct<a:int,b:int>, includeAcidColumns: true}
2024-04-23T20:51:39,236  INFO [LocalJobRunner Map Task Executor #0] orc.OrcRawRecordMerger: updated min key = null, max key = null
2024-04-23T20:51:39,236  INFO [LocalJobRunner Map Task Executor #0] mapred.MapTask: numReduceTasks: 1
2024-04-23T20:51:39,241  INFO [LocalJobRunner Map Task Executor #0] mapred.MapTask: (EQUATOR) 0 kvi 26214396(104857584)
2024-04-23T20:51:39,241  INFO [LocalJobRunner Map Task Executor #0] mapred.MapTask: mapreduce.task.io.sort.mb: 100
2024-04-23T20:51:39,241  INFO [LocalJobRunner Map Task Executor #0] mapred.MapTask: soft limit at 83886080
2024-04-23T20:51:39,241  INFO [LocalJobRunner Map Task Executor #0] mapred.MapTask: bufstart = 0; bufvoid = 104857600
2024-04-23T20:51:39,241  INFO [LocalJobRunner Map Task Executor #0] mapred.MapTask: kvstart = 26214396; length = 6553600
2024-04-23T20:51:39,241  INFO [LocalJobRunner Map Task Executor #0] mapred.MapTask: Map output collector class = org.apache.hadoop.mapred.MapTask$MapOutputBuffer
2024-04-23T20:51:39,242  INFO [LocalJobRunner Map Task Executor #0] exec.MapOperator: Initializing Operator: MAP[0]
2024-04-23T20:51:39,243  INFO [LocalJobRunner Map Task Executor #0] mr.ExecMapper: 
<MAP>Id =0
  <Children>null
  <\Children>
  <Parent><\Parent>
<\MAP>
2024-04-23T20:51:39,244  INFO [LocalJobRunner Map Task Executor #0] exec.TableScanOperator: Initializing Operator: TS[0]
2024-04-23T20:51:39,244  INFO [LocalJobRunner Map Task Executor #0] exec.SelectOperator: Initializing Operator: SEL[1]
2024-04-23T20:51:39,244  INFO [LocalJobRunner Map Task Executor #0] exec.SelectOperator: SELECT struct<a:int,b:int,row__id:struct<writeid:bigint,bucketid:int,rowid:bigint>,input__file__name:string>
2024-04-23T20:51:39,244  INFO [LocalJobRunner Map Task Executor #0] exec.ReduceSinkOperator: Initializing Operator: RS[2]
2024-04-23T20:51:39,244  INFO [LocalJobRunner Map Task Executor #0] exec.ReduceSinkOperator: Using tag = -1
2024-04-23T20:51:39,245  INFO [LocalJobRunner Map Task Executor #0] exec.ReduceSinkOperator: keys are [reducesinkkey0] num distributions: 1
2024-04-23T20:51:39,245  INFO [LocalJobRunner Map Task Executor #0] exec.ReduceSinkOperator: RS[2]: records written - 1
2024-04-23T20:51:39,245  INFO [LocalJobRunner Map Task Executor #0] exec.MapOperator: MAP[0]: records read - 1
2024-04-23T20:51:39,245  INFO [LocalJobRunner Map Task Executor #0] exec.MapOperator: Closing Operator: MAP[0]
2024-04-23T20:51:39,245  INFO [LocalJobRunner Map Task Executor #0] exec.MapOperator: MAP[0]: Total records read - 1. abort - false
2024-04-23T20:51:39,245  INFO [LocalJobRunner Map Task Executor #0] exec.MapOperator: RECORDS_OUT_OPERATOR_MAP_0:0, RECORDS_IN:1, RECORDS_OUT_INTERMEDIATE:0, DESERIALIZE_ERRORS:0, 
2024-04-23T20:51:39,245  INFO [LocalJobRunner Map Task Executor #0] exec.TableScanOperator: Closing Operator: TS[0]
2024-04-23T20:51:39,245  INFO [LocalJobRunner Map Task Executor #0] exec.TableScanOperator: RECORDS_OUT_INTERMEDIATE:0, RECORDS_OUT_OPERATOR_TS_0:1, 
2024-04-23T20:51:39,245  INFO [LocalJobRunner Map Task Executor #0] exec.SelectOperator: Closing Operator: SEL[1]
2024-04-23T20:51:39,245  INFO [LocalJobRunner Map Task Executor #0] exec.SelectOperator: RECORDS_OUT_INTERMEDIATE:0, RECORDS_OUT_OPERATOR_SEL_1:1, 
2024-04-23T20:51:39,245  INFO [LocalJobRunner Map Task Executor #0] exec.ReduceSinkOperator: Closing Operator: RS[2]
2024-04-23T20:51:39,245  INFO [LocalJobRunner Map Task Executor #0] exec.ReduceSinkOperator: RS[2]: Total records written - 1. abort - false
2024-04-23T20:51:39,245  INFO [LocalJobRunner Map Task Executor #0] exec.ReduceSinkOperator: RECORDS_OUT_OPERATOR_RS_2:1, RECORDS_OUT_INTERMEDIATE:1, 
2024-04-23T20:51:39,246  INFO [LocalJobRunner Map Task Executor #0] mapred.LocalJobRunner: 
2024-04-23T20:51:39,246  INFO [LocalJobRunner Map Task Executor #0] mapred.MapTask: Starting flush of map output
2024-04-23T20:51:39,246  INFO [LocalJobRunner Map Task Executor #0] mapred.MapTask: Spilling map output
2024-04-23T20:51:39,246  INFO [LocalJobRunner Map Task Executor #0] mapred.MapTask: bufstart = 0; bufend = 185; bufvoid = 104857600
2024-04-23T20:51:39,246  INFO [LocalJobRunner Map Task Executor #0] mapred.MapTask: kvstart = 26214396(104857584); kvend = 26214396(104857584); length = 1/6553600
2024-04-23T20:51:39,255  INFO [LocalJobRunner Map Task Executor #0] mapred.MapTask: Finished spill 0
2024-04-23T20:51:39,258  INFO [LocalJobRunner Map Task Executor #0] mapred.Task: Task:attempt_local1933616613_0025_m_000002_0 is done. And is in the process of committing
2024-04-23T20:51:39,258  INFO [LocalJobRunner Map Task Executor #0] mapred.LocalJobRunner: OrcSplit [file:/home/alex/Repositories/hive/ql/target/tmp/org.apache.hadoop.hive.ql.TestTxnNoBuckets-1713930630697/warehouse/nonacidnonbucket/000000_0_copy_2, start=0, length=254, isOriginal=true, fileLength=254, hasFooter=false, hasBase=true, deltas=0]
2024-04-23T20:51:39,258  INFO [LocalJobRunner Map Task Executor #0] mapred.Task: Task 'attempt_local1933616613_0025_m_000002_0' done.
2024-04-23T20:51:39,258  INFO [LocalJobRunner Map Task Executor #0] mapred.Task: Final Counters for attempt_local1933616613_0025_m_000002_0: Counters: 24
	File System Counters
		FILE: Number of bytes read=524700
		FILE: Number of bytes written=30037209
		FILE: Number of read operations=0
		FILE: Number of large read operations=0
		FILE: Number of write operations=0
	Map-Reduce Framework
		Map input records=1
		Map output records=1
		Map output bytes=185
		Map output materialized bytes=194
		Input split bytes=489
		Combine input records=0
		Spilled Records=1
		Failed Shuffles=0
		Merged Map outputs=0
		GC time elapsed (ms)=0
		Total committed heap usage (bytes)=1102053376
	HIVE
		DESERIALIZE_ERRORS=0
		RECORDS_IN=1
		RECORDS_OUT_INTERMEDIATE=1
		RECORDS_OUT_OPERATOR_MAP_0=0
		RECORDS_OUT_OPERATOR_RS_2=1
		RECORDS_OUT_OPERATOR_SEL_1=1
		RECORDS_OUT_OPERATOR_TS_0=1
	File Input Format Counters 
		Bytes Read=6864
2024-04-23T20:51:39,258  INFO [LocalJobRunner Map Task Executor #0] mapred.LocalJobRunner: Finishing task: attempt_local1933616613_0025_m_000002_0
2024-04-23T20:51:39,258  INFO [Thread-1569] mapred.LocalJobRunner: map task executor complete.
2024-04-23T20:51:39,259  INFO [Thread-1569] mapred.LocalJobRunner: Waiting for reduce tasks
2024-04-23T20:51:39,259  INFO [pool-119-thread-1] mapred.LocalJobRunner: Starting task: attempt_local1933616613_0025_r_000000_0
2024-04-23T20:51:39,260  INFO [pool-119-thread-1] mapred.Task:  Using ResourceCalculatorProcessTree : [ ]
2024-04-23T20:51:39,260  INFO [pool-119-thread-1] mapred.ReduceTask: Using ShuffleConsumerPlugin: org.apache.hadoop.mapreduce.task.reduce.Shuffle@511f11af
2024-04-23T20:51:39,260  WARN [pool-119-thread-1] impl.MetricsSystemImpl: JobTracker metrics system already initialized!
2024-04-23T20:51:39,261  INFO [pool-119-thread-1] reduce.MergeManagerImpl: MergerManager: memoryLimit=1336252800, maxSingleShuffleLimit=334063200, mergeThreshold=881926912, ioSortFactor=10, memToMemMergeOutputsThreshold=10
2024-04-23T20:51:39,261  INFO [EventFetcher for fetching Map Completion Events] reduce.EventFetcher: attempt_local1933616613_0025_r_000000_0 Thread started: EventFetcher for fetching Map Completion Events
2024-04-23T20:51:39,266  INFO [localfetcher#13] reduce.LocalFetcher: localfetcher#13 about to shuffle output of map attempt_local1933616613_0025_m_000001_0 decomp: 364 len: 368 to MEMORY
2024-04-23T20:51:39,267  INFO [localfetcher#13] reduce.InMemoryMapOutput: Read 364 bytes from map-output for attempt_local1933616613_0025_m_000001_0
2024-04-23T20:51:39,267  INFO [localfetcher#13] reduce.MergeManagerImpl: closeInMemoryFile -> map-output of size: 364, inMemoryMapOutputs.size() -> 1, commitMemory -> 0, usedMemory ->364
2024-04-23T20:51:39,269  INFO [localfetcher#13] reduce.LocalFetcher: localfetcher#13 about to shuffle output of map attempt_local1933616613_0025_m_000000_0 decomp: 754 len: 758 to MEMORY
2024-04-23T20:51:39,269  INFO [localfetcher#13] reduce.InMemoryMapOutput: Read 754 bytes from map-output for attempt_local1933616613_0025_m_000000_0
2024-04-23T20:51:39,269  INFO [localfetcher#13] reduce.MergeManagerImpl: closeInMemoryFile -> map-output of size: 754, inMemoryMapOutputs.size() -> 2, commitMemory -> 364, usedMemory ->1118
2024-04-23T20:51:39,272  INFO [localfetcher#13] reduce.LocalFetcher: localfetcher#13 about to shuffle output of map attempt_local1933616613_0025_m_000002_0 decomp: 190 len: 194 to MEMORY
2024-04-23T20:51:39,273  INFO [localfetcher#13] reduce.InMemoryMapOutput: Read 190 bytes from map-output for attempt_local1933616613_0025_m_000002_0
2024-04-23T20:51:39,273  INFO [localfetcher#13] reduce.MergeManagerImpl: closeInMemoryFile -> map-output of size: 190, inMemoryMapOutputs.size() -> 3, commitMemory -> 1118, usedMemory ->1308
2024-04-23T20:51:39,274  INFO [EventFetcher for fetching Map Completion Events] reduce.EventFetcher: EventFetcher is interrupted.. Returning
2024-04-23T20:51:39,274  INFO [pool-119-thread-1] mapred.LocalJobRunner: 3 / 3 copied.
2024-04-23T20:51:39,274  INFO [pool-119-thread-1] reduce.MergeManagerImpl: finalMerge called with 3 in-memory map-outputs and 0 on-disk map-outputs
2024-04-23T20:51:39,286  INFO [pool-119-thread-1] mapred.Merger: Merging 3 sorted segments
2024-04-23T20:51:39,287  INFO [pool-119-thread-1] mapred.Merger: Down to the last merge-pass, with 3 segments left of total size: 1212 bytes
2024-04-23T20:51:39,293  INFO [pool-119-thread-1] reduce.MergeManagerImpl: Merged 3 segments, 1308 bytes to disk to satisfy reduce memory limit
2024-04-23T20:51:39,293  INFO [pool-119-thread-1] reduce.MergeManagerImpl: Merging 1 files, 1308 bytes from disk
2024-04-23T20:51:39,293  INFO [pool-119-thread-1] reduce.MergeManagerImpl: Merging 0 segments, 0 bytes from memory into reduce
2024-04-23T20:51:39,293  INFO [pool-119-thread-1] mapred.Merger: Merging 1 sorted segments
2024-04-23T20:51:39,294  INFO [pool-119-thread-1] mapred.Merger: Down to the last merge-pass, with 1 segments left of total size: 1272 bytes
2024-04-23T20:51:39,294  INFO [pool-119-thread-1] mapred.LocalJobRunner: 3 / 3 copied.
2024-04-23T20:51:39,295  INFO [pool-119-thread-1] exec.SerializationUtilities: Deserializing ReduceWork using kryo
2024-04-23T20:51:39,296  INFO [pool-119-thread-1] exec.Utilities: Deserialized plan (via FILE) - name: null size: 6,10KB
2024-04-23T20:51:39,298  INFO [pool-119-thread-1] ExecReducer: 
<SEL>Id =3
  <Children>
    <FS>Id =4
      <Children>
      <\Children>
      <Parent>Id = 3 null<\Parent>
    <\FS>
  <\Children>
  <Parent><\Parent>
<\SEL>
2024-04-23T20:51:39,298  INFO [pool-119-thread-1] exec.SelectOperator: Initializing Operator: SEL[3]
2024-04-23T20:51:39,299  INFO [pool-119-thread-1] exec.SelectOperator: SELECT struct<key:struct<reducesinkkey0:struct<writeid:bigint,bucketid:int,rowid:bigint>>,value:struct<_col0:int,_col1:int,_col2:string>>
2024-04-23T20:51:39,299  INFO [pool-119-thread-1] exec.FileSinkOperator: Initializing Operator: FS[4]
2024-04-23T20:51:39,300  INFO [pool-119-thread-1] exec.FileSinkOperator: Using serializer : class org.apache.hadoop.hive.serde2.lazy.LazySimpleSerDe [serdeParams=org.apache.hadoop.hive.serde2.lazy.LazySerDeParameters@7a840af3, cachedObjectInspector=org.apache.hadoop.hive.serde2.lazy.objectinspector.LazySimpleStructObjectInspector<org.apache.hadoop.hive.serde2.lazy.objectinspector.LazySimpleStructObjectInspector<org.apache.hadoop.hive.serde2.lazy.objectinspector.primitive.LazyLongObjectInspector@7fac3ce0,org.apache.hadoop.hive.serde2.lazy.objectinspector.primitive.LazyIntObjectInspector@3e3b41cb,org.apache.hadoop.hive.serde2.lazy.objectinspector.primitive.LazyLongObjectInspector@7fac3ce0>,org.apache.hadoop.hive.serde2.lazy.objectinspector.primitive.LazyIntObjectInspector@3e3b41cb,org.apache.hadoop.hive.serde2.lazy.objectinspector.primitive.LazyIntObjectInspector@3e3b41cb,org.apache.hadoop.hive.serde2.lazy.objectinspector.primitive.LazyStringObjectInspector@441a2d52>, serializedSize=0, stats=org.apache.hadoop.hive.serde2.SerDeStats@2b3b73c8, lastOperationSerialize=false, lastOperationDeserialize=false [1, 2, 3, 4, 5, 6, 7, 8, 11, 14, 15, 16, 17, 18, 19, 20, 21, 22, 23, 24, 25, 26, 28, 29, 30, 31, -128, -127, -126, -125, -124, -123, -122, -121, -120, -119, -118, -117, -116, -115, -114, -113, -112, -111, -110, -109, -108, -107, -106, -105, -104, -103, -102, -101, -100, -99, -98, -97, -96, -95, -94, -93, -92, -91, -90, -89, -88, -87, -86, -85, -84, -83, -82, -81, -80, -79, -78, -77, -76, -75, -74, -73, -72, -71, -70, -69, -68, -67, -66, -65, -64, -63, -62, -61, -60, -59, -58, -57, -56, -55, -54, -53, -52, -51, -50, -49, -48, -47, -46, -45, -44, -43, -42, -41, -40, -39, -38, -37, -36, -35, -34, -33, -32, -31, -30, -29, -28, -27, -26, -25, -24, -23, -22, -21, -20, -19, -18, -17, -16, -15, -14, -13, -12, -11, -10, -9, -8, -7, -6, -5, -4, -3, -2, -1] : [_col0, _col1, _col2, _col3] : [struct<writeid:bigint,bucketid:int,rowid:bigint>, int, int, string]] and formatter : org.apache.hadoop.hive.ql.io.HiveSequenceFileOutputFormat@27c97bd6
2024-04-23T20:51:39,301  INFO [pool-119-thread-1] exec.FileSinkOperator: Final Path: FS file:/home/alex/Repositories/hive/ql/target/tmp/localscratchdir/015cd12a-2c2e-49b1-bdb5-af055e561965/hive_2024-04-23_20-51-38_576_8199957668887044447-1/-mr-10001/.hive-staging_hive_2024-04-23_20-51-38_576_8199957668887044447-1/_tmp.-ext-10002/000000_0
2024-04-23T20:51:39,301  INFO [pool-119-thread-1] exec.FileSinkOperator: Writing to temp file: FS file:/home/alex/Repositories/hive/ql/target/tmp/localscratchdir/015cd12a-2c2e-49b1-bdb5-af055e561965/hive_2024-04-23_20-51-38_576_8199957668887044447-1/-mr-10001/.hive-staging_hive_2024-04-23_20-51-38_576_8199957668887044447-1/_task_tmp.-ext-10002/_tmp.000000_0
2024-04-23T20:51:39,301  INFO [pool-119-thread-1] exec.FileSinkOperator: New Final Path: FS file:/home/alex/Repositories/hive/ql/target/tmp/localscratchdir/015cd12a-2c2e-49b1-bdb5-af055e561965/hive_2024-04-23_20-51-38_576_8199957668887044447-1/-mr-10001/.hive-staging_hive_2024-04-23_20-51-38_576_8199957668887044447-1/_tmp.-ext-10002/000000_0
2024-04-23T20:51:39,318  INFO [pool-119-thread-1] exec.FileSinkOperator: FS[4]: records written - 1
2024-04-23T20:51:39,320  INFO [pool-119-thread-1] exec.SelectOperator: Closing Operator: SEL[3]
2024-04-23T20:51:39,320  INFO [pool-119-thread-1] exec.SelectOperator: RECORDS_OUT_OPERATOR_SEL_3:7, RECORDS_OUT_INTERMEDIATE:0, 
2024-04-23T20:51:39,320  INFO [pool-119-thread-1] exec.FileSinkOperator: Closing Operator: FS[4]
2024-04-23T20:51:39,320  INFO [pool-119-thread-1] exec.FileSinkOperator: FS[4]: records written - 7
2024-04-23T20:51:39,321  INFO [pool-119-thread-1] exec.FileSinkOperator: RECORDS_OUT_OPERATOR_FS_4:7, RECORDS_OUT_INTERMEDIATE:0, RECORDS_OUT_0:7, 
2024-04-23T20:51:39,322  INFO [pool-119-thread-1] mapred.Task: Task:attempt_local1933616613_0025_r_000000_0 is done. And is in the process of committing
2024-04-23T20:51:39,323  INFO [pool-119-thread-1] mapred.LocalJobRunner: reduce > reduce
2024-04-23T20:51:39,323  INFO [pool-119-thread-1] mapred.Task: Task 'attempt_local1933616613_0025_r_000000_0' done.
2024-04-23T20:51:39,323  INFO [pool-119-thread-1] mapred.Task: Final Counters for attempt_local1933616613_0025_r_000000_0: Counters: 29
	File System Counters
		FILE: Number of bytes read=533581
		FILE: Number of bytes written=30039865
		FILE: Number of read operations=0
		FILE: Number of large read operations=0
		FILE: Number of write operations=0
	Map-Reduce Framework
		Combine input records=0
		Combine output records=0
		Reduce input groups=7
		Reduce shuffle bytes=1320
		Reduce input records=7
		Reduce output records=0
		Spilled Records=7
		Shuffled Maps =3
		Failed Shuffles=0
		Merged Map outputs=3
		GC time elapsed (ms)=0
		Total committed heap usage (bytes)=1102053376
	HIVE
		CREATED_FILES=1
		RECORDS_OUT_0=7
		RECORDS_OUT_INTERMEDIATE=0
		RECORDS_OUT_OPERATOR_FS_4=7
		RECORDS_OUT_OPERATOR_SEL_3=7
	Shuffle Errors
		BAD_ID=0
		CONNECTION=0
		IO_ERROR=0
		WRONG_LENGTH=0
		WRONG_MAP=0
		WRONG_REDUCE=0
	File Output Format Counters 
		Bytes Written=0
2024-04-23T20:51:39,324  INFO [pool-119-thread-1] mapred.LocalJobRunner: Finishing task: attempt_local1933616613_0025_r_000000_0
2024-04-23T20:51:39,324  INFO [Thread-1569] mapred.LocalJobRunner: reduce task executor complete.
2024-04-23 20:51:40,145 Stage-1 map = 100%,  reduce = 100%
2024-04-23T20:51:40,145  INFO [main] exec.Task: 2024-04-23 20:51:40,145 Stage-1 map = 100%,  reduce = 100%
Ended Job = job_local1933616613_0025
2024-04-23T20:51:40,148  INFO [main] exec.Task: Ended Job = job_local1933616613_0025
2024-04-23T20:51:40,150  INFO [main] metadata.Hive: Dumping metastore api call timing information for : execution phase
2024-04-23T20:51:40,150  INFO [main] metadata.Hive: Total time spent in each metastore function (ms): {}
MapReduce Jobs Launched: 
2024-04-23T20:51:40,150  INFO [main] ql.Driver: MapReduce Jobs Launched: 
Stage-Stage-1:  HDFS Read: 0 HDFS Write: 0 SUCCESS
2024-04-23T20:51:40,150  INFO [main] ql.Driver: Stage-Stage-1:  HDFS Read: 0 HDFS Write: 0 SUCCESS
Total MapReduce CPU Time Spent: 0 msec
2024-04-23T20:51:40,150  INFO [main] ql.Driver: Total MapReduce CPU Time Spent: 0 msec
2024-04-23T20:51:40,150  INFO [main] ql.Driver: Completed executing command(queryId=alex_20240423205138_de645e91-8c89-4170-9692-2376488b8c14); Time taken: 1.393 seconds
2024-04-23T20:51:40,150  INFO [main] lockmgr.DbTxnManager: Stopped heartbeat for query: alex_20240423205138_de645e91-8c89-4170-9692-2376488b8c14
2024-04-23T20:51:40,154  INFO [main] txn.TxnHandler: Expected to move at least one record from txn_components to completed_txn_components when committing txn! txnid:17
2024-04-23T20:51:40,160  INFO [main] txn.TxnHandler: Removed transactions: ([17]) from MIN_HISTORY_LEVEL
2024-04-23T20:51:40,161  WARN [main] txn.CompactionTxnHandler: No compaction queue record found for Compaction type transaction commit. txnId:17
2024-04-23T20:51:40,165  INFO [main] mapred.FileInputFormat: Total input files to process : 1
2024-04-23T20:51:40,166  INFO [main] exec.ListSinkOperator: Closing Operator: LIST_SINK[5]
2024-04-23T20:51:40,166  INFO [main] exec.ListSinkOperator: RECORDS_OUT_INTERMEDIATE:0, RECORDS_OUT_OPERATOR_LIST_SINK_5:7, 
2024-04-23T20:51:40,166  WARN [main] ql.TestTxnNoBuckets: before acid ops (after convert)
2024-04-23T20:51:40,166  WARN [main] ql.TestTxnNoBuckets: {"writeid":0,"bucketid":536870912,"rowid":0}	1	2	file:/home/alex/Repositories/hive/ql/target/tmp/org.apache.hadoop.hive.ql.TestTxnNoBuckets-1713930630697/warehouse/nonacidnonbucket/000000_0
2024-04-23T20:51:40,166  WARN [main] ql.TestTxnNoBuckets: {"writeid":0,"bucketid":536870912,"rowid":1}	1	3	file:/home/alex/Repositories/hive/ql/target/tmp/org.apache.hadoop.hive.ql.TestTxnNoBuckets-1713930630697/warehouse/nonacidnonbucket/000000_0
2024-04-23T20:51:40,166  WARN [main] ql.TestTxnNoBuckets: {"writeid":0,"bucketid":536870912,"rowid":2}	0	12	file:/home/alex/Repositories/hive/ql/target/tmp/org.apache.hadoop.hive.ql.TestTxnNoBuckets-1713930630697/warehouse/nonacidnonbucket/000000_0_copy_1
2024-04-23T20:51:40,166  WARN [main] ql.TestTxnNoBuckets: {"writeid":0,"bucketid":536870912,"rowid":3}	0	13	file:/home/alex/Repositories/hive/ql/target/tmp/org.apache.hadoop.hive.ql.TestTxnNoBuckets-1713930630697/warehouse/nonacidnonbucket/000000_0_copy_1
2024-04-23T20:51:40,166  WARN [main] ql.TestTxnNoBuckets: {"writeid":0,"bucketid":536870912,"rowid":4}	1	4	file:/home/alex/Repositories/hive/ql/target/tmp/org.apache.hadoop.hive.ql.TestTxnNoBuckets-1713930630697/warehouse/nonacidnonbucket/000000_0_copy_1
2024-04-23T20:51:40,166  WARN [main] ql.TestTxnNoBuckets: {"writeid":0,"bucketid":536870912,"rowid":5}	1	5	file:/home/alex/Repositories/hive/ql/target/tmp/org.apache.hadoop.hive.ql.TestTxnNoBuckets-1713930630697/warehouse/nonacidnonbucket/000000_0_copy_1
2024-04-23T20:51:40,166  WARN [main] ql.TestTxnNoBuckets: {"writeid":0,"bucketid":536870912,"rowid":6}	1	6	file:/home/alex/Repositories/hive/ql/target/tmp/org.apache.hadoop.hive.ql.TestTxnNoBuckets-1713930630697/warehouse/nonacidnonbucket/000000_0_copy_2
2024-04-23T20:51:40,166  INFO [main] ql.TxnCommandsBaseForTests: Running the query: insert into nonAcidNonBucket(a,b) values(0,15),(1,16)
2024-04-23T20:51:40,167  INFO [main] ql.Context: Deleting scratch dir: file:/home/alex/Repositories/hive/ql/target/tmp/localscratchdir/015cd12a-2c2e-49b1-bdb5-af055e561965/hive_2024-04-23_20-51-38_576_8199957668887044447-1
2024-04-23T20:51:40,167  INFO [main] cleanup.SyncCleanupService: Deleted directory: file:/home/alex/Repositories/hive/ql/target/tmp/localscratchdir/015cd12a-2c2e-49b1-bdb5-af055e561965/hive_2024-04-23_20-51-38_576_8199957668887044447-1 on fs with scheme file
2024-04-23T20:51:40,167  INFO [main] ql.Driver: Compiling command(queryId=alex_20240423205140_f7696ce2-2936-491f-afef-659593812034): insert into nonAcidNonBucket(a,b) values(0,15),(1,16)
2024-04-23T20:51:40,170  INFO [main] txn.TxnHandler: Added entries to MIN_HISTORY_LEVEL for current txns: ([18]) with min_open_txn: 18
2024-04-23T20:51:40,170  INFO [main] lockmgr.DbTxnManager: Opened txnid:18
2024-04-23T20:51:40,171  INFO [main] parse.CalcitePlanner: Starting caching scope for: 
2024-04-23T20:51:40,171  INFO [main] parse.CalcitePlanner: Starting Semantic Analysis
2024-04-23T20:51:40,174  INFO [main] HiveMetaStore.audit: ugi=alex	ip=unknown-ip-addr	cmd=get_table : tbl=hive.default.nonAcidNonBucket	
2024-04-23T20:51:40,181  INFO [main] metastore.HMSHandler: Skipping translation for processor with null
2024-04-23T20:51:40,181  INFO [main] parse.CalcitePlanner: Completed phase 1 of Semantic Analysis
2024-04-23T20:51:40,181  INFO [main] parse.CalcitePlanner: Get metadata for source tables
2024-04-23T20:51:40,181  INFO [main] parse.CalcitePlanner: Get metadata for subqueries
2024-04-23T20:51:40,181  INFO [main] parse.CalcitePlanner: Get metadata for destination tables
2024-04-23T20:51:40,181  INFO [main] HiveMetaStore.audit: ugi=alex	ip=unknown-ip-addr	cmd=get_table : tbl=hive.default.nonAcidNonBucket	
2024-04-23T20:51:40,195  INFO [main] metastore.HMSHandler: Skipping translation for processor with null
2024-04-23T20:51:40,196  INFO [main] parse.CalcitePlanner: Completed getting MetaData in Semantic Analysis
2024-04-23T20:51:40,196  INFO [main] parse.CalcitePlanner: Disabling LLAP IO encode as ETL query is detected
2024-04-23T20:51:40,217  INFO [main] HiveMetaStore.audit: ugi=alex	ip=unknown-ip-addr	cmd=get_all_table_constraints : tbl=hive._dummy_database._dummy_table	
2024-04-23T20:51:40,267  INFO [main] parse.CalcitePlanner: Get metadata for source tables
2024-04-23T20:51:40,267  INFO [main] parse.CalcitePlanner: Get metadata for subqueries
2024-04-23T20:51:40,267  INFO [main] parse.CalcitePlanner: Get metadata for source tables
2024-04-23T20:51:40,268  INFO [main] HiveMetaStore.audit: ugi=alex	ip=unknown-ip-addr	cmd=get_table : tbl=hive._dummy_database._dummy_table	
2024-04-23T20:51:40,270  INFO [main] parse.CalcitePlanner: Get metadata for subqueries
2024-04-23T20:51:40,270  INFO [main] parse.CalcitePlanner: Get metadata for destination tables
2024-04-23T20:51:40,270  INFO [main] parse.CalcitePlanner: Get metadata for destination tables
2024-04-23T20:51:40,270  INFO [main] HiveMetaStore.audit: ugi=alex	ip=unknown-ip-addr	cmd=get_table : tbl=hive.default.nonAcidNonBucket	
2024-04-23T20:51:40,278  INFO [main] metastore.HMSHandler: Skipping translation for processor with null
2024-04-23T20:51:40,280  INFO [main] HiveMetaStore.audit: ugi=alex	ip=unknown-ip-addr	cmd=get_not_null_constraints : tbl=hive.default.nonacidnonbucket	
2024-04-23T20:51:40,282  INFO [main] HiveMetaStore.audit: ugi=alex	ip=unknown-ip-addr	cmd=get_check_constraints : tbl=hive.default.nonacidnonbucket	
2024-04-23T20:51:40,292  INFO [main] txn.TxnHandler: Allocated writeId: 10000001 for txnId: 18
2024-04-23T20:51:40,292  INFO [main] txn.TxnHandler: Allocated write ids for dbName=default, tblName=nonacidnonbucket (txnIds: [18])
2024-04-23T20:51:40,293  INFO [main] parse.CalcitePlanner: CBO Succeeded; optimized logical plan.
2024-04-23T20:51:40,296  INFO [main] optimizer.BucketVersionPopulator: not considering bucketingVersion for: TS[0] because it has -1<2 buckets 
2024-04-23T20:51:40,297  INFO [main] optimizer.SortedDynPartitionOptimizer: Sorted dynamic partitioning optimization kicked in..
2024-04-23T20:51:40,305  INFO [main] HiveMetaStore.audit: ugi=alex	ip=unknown-ip-addr	cmd=get_table : tbl=hive.default.nonacidnonbucket	
2024-04-23T20:51:40,313  INFO [main] metastore.HMSHandler: Skipping translation for processor with null
2024-04-23T20:51:40,314  INFO [main] physical.Vectorizer: Examining input format to see if vectorization is enabled.
2024-04-23T20:51:40,314  INFO [main] physical.Vectorizer: Map vectorization enabled: false
2024-04-23T20:51:40,314  INFO [main] physical.Vectorizer: Map vectorized: false
2024-04-23T20:51:40,314  INFO [main] physical.Vectorizer: Map vectorizedVertexNum: 0
2024-04-23T20:51:40,314  INFO [main] physical.Vectorizer: Map enabledConditionsMet: [hive.vectorized.use.vectorized.input.format IS true]
2024-04-23T20:51:40,314  INFO [main] physical.Vectorizer: Map enabledConditionsNotMet: [Could not enable vectorization due to partition column names size 1 is greater than the number of table column names size 0 IS false]
2024-04-23T20:51:40,314  INFO [main] physical.Vectorizer: Map inputFileFormatClassNameSet: [org.apache.hadoop.hive.ql.io.NullRowsInputFormat]
2024-04-23T20:51:40,314  INFO [main] parse.CalcitePlanner: Completed plan generation
2024-04-23T20:51:40,314  INFO [main] parse.CalcitePlanner: Ending caching scope for: 
2024-04-23T20:51:40,314  INFO [main] ql.Driver: Semantic Analysis Completed (retrial = false)
2024-04-23T20:51:40,314  INFO [main] ql.Driver: Created Hive schema: Schema(fieldSchemas:[FieldSchema(name:_col0, type:int, comment:null), FieldSchema(name:_col1, type:int, comment:null)], properties:null)
2024-04-23T20:51:40,314  INFO [main] metadata.Hive: Dumping metastore api call timing information for : compilation phase
2024-04-23T20:51:40,315  INFO [main] metadata.Hive: Total time spent in each metastore function (ms): {getValidWriteIds_(List, String)=4, getCheckConstraints_(CheckConstraintsRequest)=1, allocateTableWriteId_(long, String, String)=9, getAllTableConstraints_(AllTableConstraintsRequest)=4, openTxn_(String, TxnType)=2, getTable_(GetTableRequest)=37, flushCache_()=0, getValidTxns_(long)=0, getNotNullConstraints_(NotNullConstraintsRequest)=2, commitTxn_(CommitTxnRequest)=11, isCompatibleWith_(Configuration)=1}
2024-04-23T20:51:40,315  INFO [main] ql.Driver: Completed compiling command(queryId=alex_20240423205140_f7696ce2-2936-491f-afef-659593812034); Time taken: 0.147 seconds
2024-04-23T20:51:40,315  INFO [main] lockmgr.DbTxnManager: Setting lock request transaction to txnid:18 for queryId=alex_20240423205140_f7696ce2-2936-491f-afef-659593812034
2024-04-23T20:51:40,315  INFO [main] lockmgr.DbLockManager: Requesting lock for queryId=alex_20240423205140_f7696ce2-2936-491f-afef-659593812034
2024-04-23T20:51:40,332  INFO [main] lockmgr.DbLockManager: Response to queryId=alex_20240423205140_f7696ce2-2936-491f-afef-659593812034 LockResponse(lockid:12, state:ACQUIRED)
2024-04-23T20:51:40,332  INFO [main] ql.Driver: Operation QUERY obtained 1 locks
2024-04-23T20:51:40,335  INFO [main] ql.Driver: Executing command(queryId=alex_20240423205140_f7696ce2-2936-491f-afef-659593812034): insert into nonAcidNonBucket(a,b) values(0,15),(1,16)
2024-04-23T20:51:40,335  WARN [main] ql.Driver: Hive-on-MR is deprecated in Hive 2 and may not be available in the future versions. Consider using a different execution engine (i.e. tez, spark) or using Hive 1.X releases.
Query ID = alex_20240423205140_f7696ce2-2936-491f-afef-659593812034
2024-04-23T20:51:40,335  INFO [main] ql.Driver: Query ID = alex_20240423205140_f7696ce2-2936-491f-afef-659593812034
Total jobs = 1
2024-04-23T20:51:40,335  INFO [main] ql.Driver: Total jobs = 1
Launching Job 1 out of 1
2024-04-23T20:51:40,335  INFO [main] ql.Driver: Launching Job 1 out of 1
2024-04-23T20:51:40,475  INFO [main] ql.Driver: Starting task [Stage-1:MAPRED] in serial mode
Number of reduce tasks is set to 0 since there's no reduce operator
2024-04-23T20:51:40,475  INFO [main] exec.Task: Number of reduce tasks is set to 0 since there's no reduce operator
2024-04-23T20:51:40,478  INFO [main] mr.ExecDriver: Using org.apache.hadoop.hive.ql.io.HiveInputFormat
2024-04-23T20:51:40,478  INFO [main] exec.Utilities: Processing alias $hdt$_0:_dummy_table
2024-04-23T20:51:40,478  INFO [main] exec.Utilities: Adding 1 inputs; the first input is file:/home/alex/Repositories/hive/ql/target/tmp/localscratchdir/015cd12a-2c2e-49b1-bdb5-af055e561965/hive_2024-04-23_20-51-40_167_3043998224573575535-1/dummy_path
2024-04-23T20:51:40,488  INFO [main] exec.SerializationUtilities: Serializing MapWork using kryo
2024-04-23T20:51:40,488  INFO [main] exec.Utilities: Serialized plan (via FILE) - name: null size: 5,83KB
2024-04-23T20:51:40,489  WARN [main] impl.MetricsSystemImpl: JobTracker metrics system already initialized!
2024-04-23T20:51:40,493  INFO [main] fs.FSStatsPublisher: created : file:/home/alex/Repositories/hive/ql/target/tmp/localscratchdir/015cd12a-2c2e-49b1-bdb5-af055e561965/hive_2024-04-23_20-51-40_167_3043998224573575535-1/-mr-10000
2024-04-23T20:51:40,495  WARN [main] impl.MetricsSystemImpl: JobTracker metrics system already initialized!
2024-04-23T20:51:40,502  WARN [main] mapreduce.JobResourceUploader: Hadoop command-line option parsing not performed. Implement the Tool interface and execute your application with ToolRunner to remedy this.
2024-04-23T20:51:40,507  WARN [main] mapreduce.JobResourceUploader: No job jar file set.  User classes may not be found. See Job or Job#setJar(String).
2024-04-23T20:51:40,508  INFO [main] io.HiveInputFormat: hive.io.file.readcolumn.ids = 
2024-04-23T20:51:40,508  INFO [main] io.HiveInputFormat: hive.io.file.readcolumn.names = 
2024-04-23T20:51:40,508  INFO [main] io.HiveInputFormat: Generating splits for dirs: file:/home/alex/Repositories/hive/ql/target/tmp/localscratchdir/015cd12a-2c2e-49b1-bdb5-af055e561965/hive_2024-04-23_20-51-40_167_3043998224573575535-1/dummy_path
2024-04-23T20:51:40,508  INFO [main] io.HiveInputFormat: number of splits 1
2024-04-23T20:51:40,525  INFO [main] mapreduce.JobSubmitter: number of splits:1
2024-04-23T20:51:40,543  INFO [main] mapreduce.JobSubmitter: Submitting tokens for job: job_local1416535396_0026
2024-04-23T20:51:40,543  INFO [main] mapreduce.JobSubmitter: Executing with tokens: []
2024-04-23T20:51:40,602  INFO [main] mapreduce.Job: The url to track the job: http://localhost:8080/
Job running in-process (local Hadoop)
2024-04-23T20:51:40,602  INFO [main] exec.Task: Job running in-process (local Hadoop)
2024-04-23T20:51:40,603  INFO [Thread-1633] mapred.LocalJobRunner: OutputCommitter set in config org.apache.hadoop.hive.ql.io.HiveFileFormatUtils$NullOutputCommitter
2024-04-23T20:51:40,603  INFO [Thread-1633] mapred.LocalJobRunner: OutputCommitter is org.apache.hadoop.hive.ql.io.HiveFileFormatUtils$NullOutputCommitter
2024-04-23T20:51:40,604  INFO [Thread-1633] mapred.LocalJobRunner: Waiting for map tasks
2024-04-23T20:51:40,604  INFO [LocalJobRunner Map Task Executor #0] mapred.LocalJobRunner: Starting task: attempt_local1416535396_0026_m_000000_0
2024-04-23T20:51:40,605  INFO [LocalJobRunner Map Task Executor #0] mapred.Task:  Using ResourceCalculatorProcessTree : [ ]
2024-04-23T20:51:40,605  INFO [LocalJobRunner Map Task Executor #0] mapred.MapTask: Processing split: org.apache.hadoop.hive.ql.io.NullRowsInputFormat:file:/home/alex/Repositories/hive/ql/target/tmp/localscratchdir/015cd12a-2c2e-49b1-bdb5-af055e561965/hive_2024-04-23_20-51-40_167_3043998224573575535-1/dummy_path/null:0+1
2024-04-23T20:51:40,606  INFO [LocalJobRunner Map Task Executor #0] exec.SerializationUtilities: Deserializing MapWork using kryo
2024-04-23T20:51:40,606  INFO [LocalJobRunner Map Task Executor #0] exec.Utilities: Deserialized plan (via FILE) - name: null size: 5,83KB
2024-04-23T20:51:40,607  INFO [LocalJobRunner Map Task Executor #0] mapred.MapTask: numReduceTasks: 0
2024-04-23T20:51:40,607  INFO [LocalJobRunner Map Task Executor #0] exec.MapOperator: Initializing Operator: MAP[0]
2024-04-23T20:51:40,608  INFO [LocalJobRunner Map Task Executor #0] mr.ExecMapper: 
<MAP>Id =0
  <Children>null
  <\Children>
  <Parent><\Parent>
<\MAP>
2024-04-23T20:51:40,609  INFO [LocalJobRunner Map Task Executor #0] exec.TableScanOperator: Initializing Operator: TS[0]
2024-04-23T20:51:40,609  INFO [LocalJobRunner Map Task Executor #0] exec.SelectOperator: Initializing Operator: SEL[1]
2024-04-23T20:51:40,609  INFO [LocalJobRunner Map Task Executor #0] exec.SelectOperator: SELECT null
2024-04-23T20:51:40,609  INFO [LocalJobRunner Map Task Executor #0] exec.UDTFOperator: Initializing Operator: UDTF[2]
2024-04-23T20:51:40,609  INFO [LocalJobRunner Map Task Executor #0] exec.SelectOperator: Initializing Operator: SEL[3]
2024-04-23T20:51:40,609  INFO [LocalJobRunner Map Task Executor #0] exec.SelectOperator: SELECT struct<col1:int,col2:int>
2024-04-23T20:51:40,609  INFO [LocalJobRunner Map Task Executor #0] exec.FileSinkOperator: Initializing Operator: FS[4]
2024-04-23T20:51:40,610  INFO [LocalJobRunner Map Task Executor #0] exec.FileSinkOperator: Using serializer : AbstractSerDe [log=org.apache.logging.slf4j.Log4jLogger@4aa280a, configuration=Optional[Configuration: core-default.xml, core-site.xml, mapred-default.xml, mapred-site.xml, yarn-default.xml, yarn-site.xml, hdfs-default.xml, hdfs-site.xml, file:/home/alex/Repositories/hive/ql/target/tmp/TestTxnNoBucketsVectorized/mapred/local/localRunner/alex/job_local1416535396_0026/job_local1416535396_0026.xml], properties={transactional_properties=default, name=default.nonacidnonbucket, transactional=true, columns.types=int:int, columns=a,b, numFilesErasureCoded=0, columns.comments=&amp#0;, last_modified_time=1713930698, bucketing_version=2, serialization.lib=org.apache.hadoop.hive.ql.io.orc.OrcSerde, file.inputformat=org.apache.hadoop.hive.ql.io.orc.OrcInputFormat, file.outputformat=org.apache.hadoop.hive.ql.io.orc.OrcOutputFormat, location=file:/home/alex/Repositories/hive/ql/target/tmp/org.apache.hadoop.hive.ql.TestTxnNoBuckets-1713930630697/warehouse/nonacidnonbucket, column.name.delimiter=,, last_modified_by=alex}, tableProperties={transactional_properties=default, name=default.nonacidnonbucket, transactional=true, columns.types=int:int, columns=a,b, numFilesErasureCoded=0, columns.comments=&amp#0;, last_modified_time=1713930698, bucketing_version=2, serialization.lib=org.apache.hadoop.hive.ql.io.orc.OrcSerde, file.inputformat=org.apache.hadoop.hive.ql.io.orc.OrcInputFormat, location=file:/home/alex/Repositories/hive/ql/target/tmp/org.apache.hadoop.hive.ql.TestTxnNoBuckets-1713930630697/warehouse/nonacidnonbucket, file.outputformat=org.apache.hadoop.hive.ql.io.orc.OrcOutputFormat, last_modified_by=alex, column.name.delimiter=,}, partitionProperties=Optional.empty, columnNames=[a, b], columnTypes=[int, int], getClass()=class org.apache.hadoop.hive.ql.io.orc.OrcSerde] and formatter : org.apache.hadoop.hive.ql.io.orc.OrcOutputFormat@412db03a
2024-04-23T20:51:40,611  INFO [LocalJobRunner Map Task Executor #0] exec.FileSinkOperator: Final Path: FS file:/home/alex/Repositories/hive/ql/target/tmp/org.apache.hadoop.hive.ql.TestTxnNoBuckets-1713930630697/warehouse/nonacidnonbucket
2024-04-23T20:51:40,611  INFO [LocalJobRunner Map Task Executor #0] exec.FileSinkOperator: New Final Path: FS file:/home/alex/Repositories/hive/ql/target/tmp/org.apache.hadoop.hive.ql.TestTxnNoBuckets-1713930630697/warehouse/nonacidnonbucket
2024-04-23T20:51:40,611  INFO [LocalJobRunner Map Task Executor #0] common.FileUtils: Creating directory if it doesn't exist: file:/home/alex/Repositories/hive/ql/target/tmp/org.apache.hadoop.hive.ql.TestTxnNoBuckets-1713930630697/warehouse
2024-04-23T20:51:40,611  INFO [LocalJobRunner Map Task Executor #0] exec.FileSinkOperator: FS[4]: records written - 1
2024-04-23T20:51:40,611  INFO [LocalJobRunner Map Task Executor #0] impl.PhysicalFsWriter: ORC writer created for path: file:/home/alex/Repositories/hive/ql/target/tmp/org.apache.hadoop.hive.ql.TestTxnNoBuckets-1713930630697/warehouse/nonacidnonbucket/delta_10000001_10000001_0000/bucket_00000_0 with stripeSize: 8388608 blockSize: 268435456 compression: Compress: ZLIB buffer: 32768
2024-04-23T20:51:40,619  INFO [LocalJobRunner Map Task Executor #0] impl.WriterImpl: ORC writer created for path: file:/home/alex/Repositories/hive/ql/target/tmp/org.apache.hadoop.hive.ql.TestTxnNoBuckets-1713930630697/warehouse/nonacidnonbucket/delta_10000001_10000001_0000/bucket_00000_0 with stripeSize: 8388608 options: Compress: ZLIB buffer: 32768
2024-04-23T20:51:40,624  INFO [LocalJobRunner Map Task Executor #0] exec.MapOperator: MAP[0]: records read - 1
2024-04-23T20:51:40,624  INFO [LocalJobRunner Map Task Executor #0] exec.MapOperator: Closing Operator: MAP[0]
2024-04-23T20:51:40,624  INFO [LocalJobRunner Map Task Executor #0] exec.MapOperator: MAP[0]: Total records read - 3. abort - false
2024-04-23T20:51:40,624  INFO [LocalJobRunner Map Task Executor #0] exec.MapOperator: RECORDS_OUT_OPERATOR_MAP_0:0, RECORDS_OUT_INTERMEDIATE:0, RECORDS_IN:3, DESERIALIZE_ERRORS:0, 
2024-04-23T20:51:40,624  INFO [LocalJobRunner Map Task Executor #0] exec.TableScanOperator: Closing Operator: TS[0]
2024-04-23T20:51:40,624  INFO [LocalJobRunner Map Task Executor #0] exec.TableScanOperator: RECORDS_OUT_INTERMEDIATE:0, RECORDS_OUT_OPERATOR_TS_0:1, 
2024-04-23T20:51:40,624  INFO [LocalJobRunner Map Task Executor #0] exec.SelectOperator: Closing Operator: SEL[1]
2024-04-23T20:51:40,624  INFO [LocalJobRunner Map Task Executor #0] exec.SelectOperator: RECORDS_OUT_INTERMEDIATE:0, RECORDS_OUT_OPERATOR_SEL_1:1, 
2024-04-23T20:51:40,624  INFO [LocalJobRunner Map Task Executor #0] exec.UDTFOperator: Closing Operator: UDTF[2]
2024-04-23T20:51:40,624  INFO [LocalJobRunner Map Task Executor #0] exec.UDTFOperator: RECORDS_OUT_OPERATOR_UDTF_2:2, RECORDS_OUT_INTERMEDIATE:0, 
2024-04-23T20:51:40,624  INFO [LocalJobRunner Map Task Executor #0] exec.SelectOperator: Closing Operator: SEL[3]
2024-04-23T20:51:40,624  INFO [LocalJobRunner Map Task Executor #0] exec.SelectOperator: RECORDS_OUT_OPERATOR_SEL_3:2, RECORDS_OUT_INTERMEDIATE:0, 
2024-04-23T20:51:40,624  INFO [LocalJobRunner Map Task Executor #0] exec.FileSinkOperator: Closing Operator: FS[4]
2024-04-23T20:51:40,624  INFO [LocalJobRunner Map Task Executor #0] exec.FileSinkOperator: FS[4]: records written - 2
2024-04-23T20:51:40,626  INFO [LocalJobRunner Map Task Executor #0] FileOperations: Writing manifest to file:/home/alex/Repositories/hive/ql/target/tmp/org.apache.hadoop.hive.ql.TestTxnNoBuckets-1713930630697/warehouse/nonacidnonbucket/_tmp.delta_10000001_10000001_0000/000000_0.manifest with [file:/home/alex/Repositories/hive/ql/target/tmp/org.apache.hadoop.hive.ql.TestTxnNoBuckets-1713930630697/warehouse/nonacidnonbucket/delta_10000001_10000001_0000/bucket_00000_0]
2024-04-23T20:51:40,637  INFO [LocalJobRunner Map Task Executor #0] exec.FileSinkOperator: RECORDS_OUT_OPERATOR_FS_4:2, RECORDS_OUT_1_default.nonacidnonbucket:2, RECORDS_OUT_INTERMEDIATE:0, TOTAL_TABLE_ROWS_WRITTEN:2, 
2024-04-23T20:51:40,638  INFO [LocalJobRunner Map Task Executor #0] mapred.LocalJobRunner: 
2024-04-23T20:51:40,638  INFO [LocalJobRunner Map Task Executor #0] mapred.Task: Task:attempt_local1416535396_0026_m_000000_0 is done. And is in the process of committing
2024-04-23T20:51:40,638  INFO [LocalJobRunner Map Task Executor #0] mapred.LocalJobRunner: map
2024-04-23T20:51:40,638  INFO [LocalJobRunner Map Task Executor #0] mapred.Task: Task 'attempt_local1416535396_0026_m_000000_0' done.
2024-04-23T20:51:40,638  INFO [LocalJobRunner Map Task Executor #0] mapred.Task: Final Counters for attempt_local1416535396_0026_m_000000_0: Counters: 27
	File System Counters
		FILE: Number of bytes read=541220
		FILE: Number of bytes written=31242245
		FILE: Number of read operations=0
		FILE: Number of large read operations=0
		FILE: Number of write operations=0
	Map-Reduce Framework
		Map input records=4
		Map output records=0
		Input split bytes=361
		Spilled Records=0
		Failed Shuffles=0
		Merged Map outputs=0
		GC time elapsed (ms)=0
		Total committed heap usage (bytes)=1101529088
	HIVE
		CREATED_FILES=1
		DESERIALIZE_ERRORS=0
		RECORDS_IN=3
		RECORDS_OUT_1_default.nonacidnonbucket=2
		RECORDS_OUT_INTERMEDIATE=0
		RECORDS_OUT_OPERATOR_FS_4=2
		RECORDS_OUT_OPERATOR_MAP_0=0
		RECORDS_OUT_OPERATOR_SEL_1=1
		RECORDS_OUT_OPERATOR_SEL_3=2
		RECORDS_OUT_OPERATOR_TS_0=1
		RECORDS_OUT_OPERATOR_UDTF_2=2
		TOTAL_TABLE_ROWS_WRITTEN=2
	File Input Format Counters 
		Bytes Read=5886
	File Output Format Counters 
		Bytes Written=0
2024-04-23T20:51:40,639  INFO [LocalJobRunner Map Task Executor #0] mapred.LocalJobRunner: Finishing task: attempt_local1416535396_0026_m_000000_0
2024-04-23T20:51:40,639  INFO [Thread-1633] mapred.LocalJobRunner: map task executor complete.
2024-04-23 20:51:41,604 Stage-1 map = 100%,  reduce = 0%
2024-04-23T20:51:41,604  INFO [main] exec.Task: 2024-04-23 20:51:41,604 Stage-1 map = 100%,  reduce = 0%
Ended Job = job_local1416535396_0026
2024-04-23T20:51:41,605  INFO [main] exec.Task: Ended Job = job_local1416535396_0026
2024-04-23T20:51:41,606  INFO [main] FileOperations: Found manifest file file:/home/alex/Repositories/hive/ql/target/tmp/org.apache.hadoop.hive.ql.TestTxnNoBuckets-1713930630697/warehouse/nonacidnonbucket/_tmp.delta_10000001_10000001_0000/000000_0.manifest with attemptId 0.
2024-04-23T20:51:41,607  INFO [main] FileOperations: Looking at manifest file: file:/home/alex/Repositories/hive/ql/target/tmp/org.apache.hadoop.hive.ql.TestTxnNoBuckets-1713930630697/warehouse/nonacidnonbucket/_tmp.delta_10000001_10000001_0000/000000_0.manifest
2024-04-23T20:51:41,607  INFO [main] FileOperations: Deleting manifest directory file:/home/alex/Repositories/hive/ql/target/tmp/org.apache.hadoop.hive.ql.TestTxnNoBuckets-1713930630697/warehouse/nonacidnonbucket/_tmp.delta_10000001_10000001_0000
2024-04-23T20:51:41,608  INFO [main] ql.Driver: Starting task [Stage-0:MOVE] in serial mode
Loading data to table default.nonacidnonbucket
2024-04-23T20:51:41,608  INFO [main] exec.Task: Loading data to table default.nonacidnonbucket from file:/home/alex/Repositories/hive/ql/target/tmp/org.apache.hadoop.hive.ql.TestTxnNoBuckets-1713930630697/warehouse/nonacidnonbucket
2024-04-23T20:51:41,608  INFO [main] HiveMetaStore.audit: ugi=alex	ip=unknown-ip-addr	cmd=get_table : tbl=hive.default.nonacidnonbucket	
2024-04-23T20:51:41,616  INFO [main] metastore.HMSHandler: Skipping translation for processor with null
2024-04-23T20:51:41,616  INFO [main] HiveMetaStore.audit: ugi=alex	ip=unknown-ip-addr	cmd=get_table : tbl=hive.default.nonacidnonbucket	
2024-04-23T20:51:41,624  INFO [main] metastore.HMSHandler: Skipping translation for processor with null
2024-04-23T20:51:41,625  INFO [main] HiveMetaStore.audit: ugi=alex	ip=unknown-ip-addr	cmd=alter_table: hive.default.nonacidnonbucket newtbl=nonacidnonbucket	
2024-04-23T20:51:41,654  INFO [main] ql.Driver: Starting task [Stage-2:STATS] in serial mode
2024-04-23T20:51:41,654  INFO [main] HiveMetaStore.audit: ugi=alex	ip=unknown-ip-addr	cmd=get_table : tbl=hive.default.nonacidnonbucket	
2024-04-23T20:51:41,661  INFO [main] metastore.HMSHandler: Skipping translation for processor with null
2024-04-23T20:51:41,661  INFO [main] stats.BasicStatsTask: Executing stats task
2024-04-23T20:51:41,661  INFO [main] fs.FSStatsPublisher: created : file:/home/alex/Repositories/hive/ql/target/tmp/localscratchdir/015cd12a-2c2e-49b1-bdb5-af055e561965/hive_2024-04-23_20-51-40_167_3043998224573575535-1/-mr-10000
2024-04-23T20:51:41,662  INFO [main] HiveMetaStore.audit: ugi=alex	ip=unknown-ip-addr	cmd=get_table : tbl=hive.default.nonacidnonbucket	
2024-04-23T20:51:41,669  INFO [main] metastore.HMSHandler: Skipping translation for processor with null
2024-04-23T20:51:41,686  WARN [main] FileOperations: Computing stats for an ACID table; stats may be inaccurate
2024-04-23T20:51:41,686  INFO [main] FileOperations: Read stats for default.nonacidnonbucket/, numRows, true, 2, false: 
2024-04-23T20:51:41,686  INFO [main] FileOperations: Read stats for default.nonacidnonbucket/, rawDataSize, true, 0, false: 
2024-04-23T20:51:41,686  INFO [main] HiveMetaStore.audit: ugi=alex	ip=unknown-ip-addr	cmd=alter_table: hive.default.nonacidnonbucket newtbl=nonacidnonbucket	
2024-04-23T20:51:41,708  INFO [main] FileOperations: Read stats for default.nonacidnonbucket/, insertCount, true, 2, false: 
2024-04-23T20:51:41,708  INFO [main] FileOperations: Read stats for default.nonacidnonbucket/, updateCount, true, 0, false: 
2024-04-23T20:51:41,708  INFO [main] FileOperations: Read stats for default.nonacidnonbucket/, deleteCount, true, 0, false: 
2024-04-23T20:51:41,710  INFO [main] stats.BasicStatsTask: Table default.nonacidnonbucket stats: [numFiles=4, numRows=9, totalSize=1515, rawDataSize=56, numFilesErasureCoded=0]
2024-04-23T20:51:41,711  INFO [main] metadata.Hive: Dumping metastore api call timing information for : execution phase
2024-04-23T20:51:41,711  INFO [main] metadata.Hive: Total time spent in each metastore function (ms): {isCompatibleWith_(Configuration)=0, alter_table_(String, String, String, Table, EnvironmentContext, String)=50, getTable_(GetTableRequest)=31, updateTransactionalStatistics_(UpdateTransactionalStatsRequest)=2}
MapReduce Jobs Launched: 
2024-04-23T20:51:41,711  INFO [main] ql.Driver: MapReduce Jobs Launched: 
Stage-Stage-1:  HDFS Read: 0 HDFS Write: 0 SUCCESS
2024-04-23T20:51:41,711  INFO [main] ql.Driver: Stage-Stage-1:  HDFS Read: 0 HDFS Write: 0 SUCCESS
Total MapReduce CPU Time Spent: 0 msec
2024-04-23T20:51:41,711  INFO [main] ql.Driver: Total MapReduce CPU Time Spent: 0 msec
2024-04-23T20:51:41,711  INFO [main] ql.Driver: Completed executing command(queryId=alex_20240423205140_f7696ce2-2936-491f-afef-659593812034); Time taken: 1.376 seconds
2024-04-23T20:51:41,711  INFO [main] lockmgr.DbTxnManager: Stopped heartbeat for query: alex_20240423205140_f7696ce2-2936-491f-afef-659593812034
2024-04-23T20:51:41,722  INFO [main] txn.TxnHandler: Removed transactions: ([18]) from MIN_HISTORY_LEVEL
2024-04-23T20:51:41,722  WARN [main] txn.CompactionTxnHandler: No compaction queue record found for Compaction type transaction commit. txnId:18
2024-04-23T20:51:41,723  INFO [main] ql.TxnCommandsBaseForTests: Running the query: update nonAcidNonBucket set b = 120 where a = 0 and b = 12
2024-04-23T20:51:41,723  INFO [main] ql.Context: Deleting scratch dir: file:/home/alex/Repositories/hive/ql/target/tmp/localscratchdir/015cd12a-2c2e-49b1-bdb5-af055e561965/hive_2024-04-23_20-51-40_167_3043998224573575535-1
2024-04-23T20:51:41,724  INFO [main] cleanup.SyncCleanupService: Deleted directory: file:/home/alex/Repositories/hive/ql/target/tmp/localscratchdir/015cd12a-2c2e-49b1-bdb5-af055e561965/hive_2024-04-23_20-51-40_167_3043998224573575535-1 on fs with scheme file
2024-04-23T20:51:41,724  INFO [main] ql.Driver: Compiling command(queryId=alex_20240423205141_73c7cd01-143b-440d-a1c8-c748546b2c70): update nonAcidNonBucket set b = 120 where a = 0 and b = 12
2024-04-23T20:51:41,727  INFO [main] txn.TxnHandler: Added entries to MIN_HISTORY_LEVEL for current txns: ([19]) with min_open_txn: 19
2024-04-23T20:51:41,728  INFO [main] lockmgr.DbTxnManager: Opened txnid:19
2024-04-23T20:51:41,728  INFO [main] parse.UpdateDeleteSemanticAnalyzer: Starting caching scope for: 
2024-04-23T20:51:41,728  INFO [main] HiveMetaStore.audit: ugi=alex	ip=unknown-ip-addr	cmd=get_table : tbl=hive.default.nonAcidNonBucket	
2024-04-23T20:51:41,736  INFO [main] metastore.HMSHandler: Skipping translation for processor with null
2024-04-23T20:51:41,736  INFO [main] parse.RewriteSemanticAnalyzer: Going to reparse <update nonAcidNonBucket set b = 120 where a = 0 and b = 12> as 
<insert into table `default`.`nonAcidNonBucket` select ROW__ID,`a`,`b` from `default`.`nonAcidNonBucket` sort by ROW__ID >
2024-04-23T20:51:41,737  INFO [main] parse.UpdateDeleteSemanticAnalyzer: Starting Semantic Analysis
2024-04-23T20:51:41,740  INFO [main] HiveMetaStore.audit: ugi=alex	ip=unknown-ip-addr	cmd=get_table : tbl=hive.default.nonAcidNonBucket	
2024-04-23T20:51:41,746  INFO [main] metastore.ObjectStore: Removed COLUMN_STATS_ACCURATE from Table's parameters.
2024-04-23T20:51:41,748  INFO [main] metastore.HMSHandler: Skipping translation for processor with null
2024-04-23T20:51:41,748  INFO [main] parse.UpdateDeleteSemanticAnalyzer: Completed phase 1 of Semantic Analysis
2024-04-23T20:51:41,748  INFO [main] parse.UpdateDeleteSemanticAnalyzer: Get metadata for source tables
2024-04-23T20:51:41,749  INFO [main] HiveMetaStore.audit: ugi=alex	ip=unknown-ip-addr	cmd=get_table : tbl=hive.default.nonacidnonbucket	
2024-04-23T20:51:41,754  INFO [main] metastore.ObjectStore: Removed COLUMN_STATS_ACCURATE from Table's parameters.
2024-04-23T20:51:41,756  INFO [main] metastore.HMSHandler: Skipping translation for processor with null
2024-04-23T20:51:41,756  INFO [main] parse.UpdateDeleteSemanticAnalyzer: Get metadata for subqueries
2024-04-23T20:51:41,757  INFO [main] parse.UpdateDeleteSemanticAnalyzer: Get metadata for destination tables
2024-04-23T20:51:41,757  INFO [main] HiveMetaStore.audit: ugi=alex	ip=unknown-ip-addr	cmd=get_table : tbl=hive.default.nonAcidNonBucket	
2024-04-23T20:51:41,764  INFO [main] metastore.HMSHandler: Skipping translation for processor with null
2024-04-23T20:51:41,765  INFO [main] parse.UpdateDeleteSemanticAnalyzer: Completed getting MetaData in Semantic Analysis
2024-04-23T20:51:41,765  INFO [main] parse.UpdateDeleteSemanticAnalyzer: Disabling LLAP IO encode as ETL query is detected
2024-04-23T20:51:41,778  INFO [main] HiveMetaStore.audit: ugi=alex	ip=unknown-ip-addr	cmd=get_all_table_constraints : tbl=hive.default.nonacidnonbucket	
2024-04-23T20:51:41,786  INFO [main] HiveMetaStore.audit: ugi=alex	ip=unknown-ip-addr	cmd=get_not_null_constraints : tbl=hive.default.nonacidnonbucket	
2024-04-23T20:51:41,787  INFO [main] HiveMetaStore.audit: ugi=alex	ip=unknown-ip-addr	cmd=get_check_constraints : tbl=hive.default.nonacidnonbucket	
2024-04-23T20:51:41,821  INFO [main] calcite.RelOptHiveTable: Calculating column statistics for default.nonacidnonbucket, projIndxSet: [0, 1], allowMissingStats: true
2024-04-23T20:51:41,821  INFO [main] HiveMetaStore.audit: ugi=alex	ip=unknown-ip-addr	cmd=get_table_statistics_req: table=hive.default.nonacidnonbucket	
2024-04-23T20:51:41,832  WARN [main] calcite.RelOptHiveTable: No Stats for default@nonacidnonbucket, Columns: a, b
No Stats for default@nonacidnonbucket, Columns: a, b
2024-04-23T20:51:41,832  INFO [main] SessionState: No Stats for default@nonacidnonbucket, Columns: a, b
2024-04-23T20:51:41,922  INFO [main] parse.UpdateDeleteSemanticAnalyzer: Get metadata for source tables
2024-04-23T20:51:41,922  INFO [main] parse.UpdateDeleteSemanticAnalyzer: Get metadata for subqueries
2024-04-23T20:51:41,922  INFO [main] parse.UpdateDeleteSemanticAnalyzer: Get metadata for destination tables
2024-04-23T20:51:41,922  INFO [main] HiveMetaStore.audit: ugi=alex	ip=unknown-ip-addr	cmd=get_table : tbl=hive.default.nonAcidNonBucket	
2024-04-23T20:51:41,930  INFO [main] metastore.HMSHandler: Skipping translation for processor with null
2024-04-23T20:51:41,935 ERROR [main] parse.UpdateDeleteSemanticAnalyzer: CBO failed, skipping CBO. 
org.apache.hadoop.hive.ql.exec.NoMatchingMethodException: No matching method for class org.apache.hadoop.hive.ql.udf.UDFToInteger with (struct<writeid:bigint,bucketid:int,rowid:bigint>). Possible choices: _FUNC_(bigint)  _FUNC_(boolean)  _FUNC_(decimal(38,18))  _FUNC_(double)  _FUNC_(float)  _FUNC_(smallint)  _FUNC_(string)  _FUNC_(struct<bucketid:int,rowid:bigint,writeid:bigint>)  _FUNC_(timestamp)  _FUNC_(tinyint)  _FUNC_(void)  
	at org.apache.hadoop.hive.ql.exec.MethodUtils.getMethodInternal(MethodUtils.java:130) ~[classes/:?]
	at org.apache.hadoop.hive.ql.exec.MethodUtils.getMethodInternal(MethodUtils.java:60) ~[classes/:?]
	at org.apache.hadoop.hive.ql.exec.DefaultUDFMethodResolver.getEvalMethod(DefaultUDFMethodResolver.java:59) ~[classes/:?]
	at org.apache.hadoop.hive.ql.udf.TimestampCastRestrictorResolver.getEvalMethod(TimestampCastRestrictorResolver.java:68) ~[classes/:?]
	at org.apache.hadoop.hive.ql.udf.generic.GenericUDFBridge.initialize(GenericUDFBridge.java:168) ~[classes/:?]
	at org.apache.hadoop.hive.ql.udf.generic.GenericUDF.initializeAndFoldConstants(GenericUDF.java:149) ~[classes/:?]
	at org.apache.hadoop.hive.ql.plan.ExprNodeGenericFuncDesc.newInstance(ExprNodeGenericFuncDesc.java:235) ~[classes/:?]
	at org.apache.hadoop.hive.ql.parse.type.ExprNodeDescExprFactory.createFuncCallExpr(ExprNodeDescExprFactory.java:584) ~[classes/:?]
	at org.apache.hadoop.hive.ql.parse.type.ExprNodeDescExprFactory.createFuncCallExpr(ExprNodeDescExprFactory.java:97) ~[classes/:?]
	at org.apache.hadoop.hive.ql.parse.type.TypeCheckProcFactory$DefaultExprProcessor.getFuncExprNodeDescWithUdfData(TypeCheckProcFactory.java:762) ~[classes/:?]
	at org.apache.hadoop.hive.ql.parse.type.TypeCheckProcFactory$DefaultExprProcessor.createConversionCast(TypeCheckProcFactory.java:783) ~[classes/:?]
	at org.apache.hadoop.hive.ql.parse.SemanticAnalyzer.getPartitionColsFromBucketColsForUpdateDelete(SemanticAnalyzer.java:8725) ~[classes/:?]
	at org.apache.hadoop.hive.ql.parse.SemanticAnalyzer.genBucketingSortingDest(SemanticAnalyzer.java:6914) ~[classes/:?]
	at org.apache.hadoop.hive.ql.parse.SemanticAnalyzer.genFileSinkPlan(SemanticAnalyzer.java:7335) ~[classes/:?]
	at org.apache.hadoop.hive.ql.parse.SemanticAnalyzer.genPostGroupByBodyPlan(SemanticAnalyzer.java:11063) ~[classes/:?]
	at org.apache.hadoop.hive.ql.parse.SemanticAnalyzer.genBodyPlan(SemanticAnalyzer.java:10938) ~[classes/:?]
	at org.apache.hadoop.hive.ql.parse.SemanticAnalyzer.genPlan(SemanticAnalyzer.java:11853) ~[classes/:?]
	at org.apache.hadoop.hive.ql.parse.SemanticAnalyzer.genPlan(SemanticAnalyzer.java:11723) ~[classes/:?]
	at org.apache.hadoop.hive.ql.parse.CalcitePlanner.genOPTree(CalcitePlanner.java:626) ~[classes/:?]
	at org.apache.hadoop.hive.ql.parse.SemanticAnalyzer.analyzeInternal(SemanticAnalyzer.java:12558) ~[classes/:?]
	at org.apache.hadoop.hive.ql.parse.CalcitePlanner.analyzeInternal(CalcitePlanner.java:456) ~[classes/:?]
	at org.apache.hadoop.hive.ql.parse.RewriteSemanticAnalyzer.analyzeInternal(RewriteSemanticAnalyzer.java:67) ~[classes/:?]
	at org.apache.hadoop.hive.ql.parse.BaseSemanticAnalyzer.analyze(BaseSemanticAnalyzer.java:317) ~[classes/:?]
	at org.apache.hadoop.hive.ql.parse.UpdateDeleteSemanticAnalyzer.reparseAndSuperAnalyze(UpdateDeleteSemanticAnalyzer.java:208) ~[classes/:?]
	at org.apache.hadoop.hive.ql.parse.UpdateDeleteSemanticAnalyzer.analyzeUpdate(UpdateDeleteSemanticAnalyzer.java:63) ~[classes/:?]
	at org.apache.hadoop.hive.ql.parse.UpdateDeleteSemanticAnalyzer.analyze(UpdateDeleteSemanticAnalyzer.java:53) ~[classes/:?]
	at org.apache.hadoop.hive.ql.parse.RewriteSemanticAnalyzer.analyzeInternal(RewriteSemanticAnalyzer.java:72) ~[classes/:?]
	at org.apache.hadoop.hive.ql.parse.BaseSemanticAnalyzer.analyze(BaseSemanticAnalyzer.java:317) ~[classes/:?]
	at org.apache.hadoop.hive.ql.Compiler.analyze(Compiler.java:223) ~[classes/:?]
	at org.apache.hadoop.hive.ql.Compiler.compile(Compiler.java:105) ~[classes/:?]
	at org.apache.hadoop.hive.ql.Driver.compile(Driver.java:500) ~[classes/:?]
	at org.apache.hadoop.hive.ql.Driver.compileInternal(Driver.java:453) ~[classes/:?]
	at org.apache.hadoop.hive.ql.Driver.runInternal(Driver.java:181) ~[classes/:?]
	at org.apache.hadoop.hive.ql.Driver.run(Driver.java:153) ~[classes/:?]
	at org.apache.hadoop.hive.ql.Driver.run(Driver.java:140) ~[classes/:?]
	at org.apache.hadoop.hive.ql.TxnCommandsBaseForTests.runStatementOnDriver(TxnCommandsBaseForTests.java:245) ~[test-classes/:?]
	at org.apache.hadoop.hive.ql.TestTxnNoBuckets.testToAcidConversion02(TestTxnNoBuckets.java:553) ~[test-classes/:?]
	at sun.reflect.NativeMethodAccessorImpl.invoke0(Native Method) ~[?:1.8.0_402]
	at sun.reflect.NativeMethodAccessorImpl.invoke(NativeMethodAccessorImpl.java:62) ~[?:1.8.0_402]
	at sun.reflect.DelegatingMethodAccessorImpl.invoke(DelegatingMethodAccessorImpl.java:43) ~[?:1.8.0_402]
	at java.lang.reflect.Method.invoke(Method.java:498) ~[?:1.8.0_402]
	at org.junit.runners.model.FrameworkMethod$1.runReflectiveCall(FrameworkMethod.java:59) ~[junit-4.13.jar:4.13]
	at org.junit.internal.runners.model.ReflectiveCallable.run(ReflectiveCallable.java:12) ~[junit-4.13.jar:4.13]
	at org.junit.runners.model.FrameworkMethod.invokeExplosively(FrameworkMethod.java:56) ~[junit-4.13.jar:4.13]
	at org.junit.internal.runners.statements.InvokeMethod.evaluate(InvokeMethod.java:17) ~[junit-4.13.jar:4.13]
	at org.junit.internal.runners.statements.RunBefores.evaluate(RunBefores.java:26) ~[junit-4.13.jar:4.13]
	at org.junit.internal.runners.statements.RunAfters.evaluate(RunAfters.java:27) ~[junit-4.13.jar:4.13]
	at org.junit.rules.TestWatcher$1.evaluate(TestWatcher.java:61) ~[junit-4.13.jar:4.13]
	at org.junit.runners.ParentRunner$3.evaluate(ParentRunner.java:306) ~[junit-4.13.jar:4.13]
	at org.junit.runners.BlockJUnit4ClassRunner$1.evaluate(BlockJUnit4ClassRunner.java:100) ~[junit-4.13.jar:4.13]
	at org.junit.runners.ParentRunner.runLeaf(ParentRunner.java:366) ~[junit-4.13.jar:4.13]
	at org.junit.runners.BlockJUnit4ClassRunner.runChild(BlockJUnit4ClassRunner.java:103) ~[junit-4.13.jar:4.13]
	at org.junit.runners.BlockJUnit4ClassRunner.runChild(BlockJUnit4ClassRunner.java:63) ~[junit-4.13.jar:4.13]
	at org.junit.runners.ParentRunner$4.run(ParentRunner.java:331) ~[junit-4.13.jar:4.13]
	at org.junit.runners.ParentRunner$1.schedule(ParentRunner.java:79) ~[junit-4.13.jar:4.13]
	at org.junit.runners.ParentRunner.runChildren(ParentRunner.java:329) ~[junit-4.13.jar:4.13]
	at org.junit.runners.ParentRunner.access$100(ParentRunner.java:66) ~[junit-4.13.jar:4.13]
	at org.junit.runners.ParentRunner$2.evaluate(ParentRunner.java:293) ~[junit-4.13.jar:4.13]
	at org.junit.runners.ParentRunner$3.evaluate(ParentRunner.java:306) ~[junit-4.13.jar:4.13]
	at org.junit.runners.ParentRunner.run(ParentRunner.java:413) ~[junit-4.13.jar:4.13]
	at org.junit.runner.JUnitCore.run(JUnitCore.java:137) ~[junit-4.13.jar:4.13]
	at org.junit.runner.JUnitCore.run(JUnitCore.java:115) ~[junit-4.13.jar:4.13]
	at org.junit.vintage.engine.execution.RunnerExecutor.execute(RunnerExecutor.java:43) ~[junit-vintage-engine-5.6.2.jar:5.6.2]
	at java.util.stream.ForEachOps$ForEachOp$OfRef.accept(ForEachOps.java:183) ~[?:1.8.0_402]
	at java.util.stream.ReferencePipeline$3$1.accept(ReferencePipeline.java:193) ~[?:1.8.0_402]
	at java.util.Iterator.forEachRemaining(Iterator.java:116) ~[?:1.8.0_402]
	at java.util.Spliterators$IteratorSpliterator.forEachRemaining(Spliterators.java:1801) ~[?:1.8.0_402]
	at java.util.stream.AbstractPipeline.copyInto(AbstractPipeline.java:482) ~[?:1.8.0_402]
	at java.util.stream.AbstractPipeline.wrapAndCopyInto(AbstractPipeline.java:472) ~[?:1.8.0_402]
	at java.util.stream.ForEachOps$ForEachOp.evaluateSequential(ForEachOps.java:150) ~[?:1.8.0_402]
	at java.util.stream.ForEachOps$ForEachOp$OfRef.evaluateSequential(ForEachOps.java:173) ~[?:1.8.0_402]
	at java.util.stream.AbstractPipeline.evaluate(AbstractPipeline.java:234) ~[?:1.8.0_402]
	at java.util.stream.ReferencePipeline.forEach(ReferencePipeline.java:485) ~[?:1.8.0_402]
	at org.junit.vintage.engine.VintageTestEngine.executeAllChildren(VintageTestEngine.java:82) ~[junit-vintage-engine-5.6.2.jar:5.6.2]
	at org.junit.vintage.engine.VintageTestEngine.execute(VintageTestEngine.java:73) ~[junit-vintage-engine-5.6.2.jar:5.6.2]
	at org.junit.platform.launcher.core.DefaultLauncher.execute(DefaultLauncher.java:248) ~[junit-platform-launcher-1.6.2.jar:1.6.2]
	at org.junit.platform.launcher.core.DefaultLauncher.lambda$execute$5(DefaultLauncher.java:211) ~[junit-platform-launcher-1.6.2.jar:1.6.2]
	at org.junit.platform.launcher.core.DefaultLauncher.withInterceptedStreams(DefaultLauncher.java:226) [junit-platform-launcher-1.6.2.jar:1.6.2]
	at org.junit.platform.launcher.core.DefaultLauncher.execute(DefaultLauncher.java:199) [junit-platform-launcher-1.6.2.jar:1.6.2]
	at org.junit.platform.launcher.core.DefaultLauncher.execute(DefaultLauncher.java:132) [junit-platform-launcher-1.6.2.jar:1.6.2]
	at org.apache.maven.surefire.junitplatform.JUnitPlatformProvider.invokeAllTests(JUnitPlatformProvider.java:154) [surefire-junit-platform-3.0.0-M4.jar:3.0.0-M4]
	at org.apache.maven.surefire.junitplatform.JUnitPlatformProvider.invoke(JUnitPlatformProvider.java:123) [surefire-junit-platform-3.0.0-M4.jar:3.0.0-M4]
	at org.apache.maven.surefire.booter.ForkedBooter.runSuitesInProcess(ForkedBooter.java:377) [surefire-booter-3.0.0-M4.jar:3.0.0-M4]
	at org.apache.maven.surefire.booter.ForkedBooter.execute(ForkedBooter.java:138) [surefire-booter-3.0.0-M4.jar:3.0.0-M4]
	at org.apache.maven.surefire.booter.ForkedBooter.run(ForkedBooter.java:465) [surefire-booter-3.0.0-M4.jar:3.0.0-M4]
	at org.apache.maven.surefire.booter.ForkedBooter.main(ForkedBooter.java:451) [surefire-booter-3.0.0-M4.jar:3.0.0-M4]
2024-04-23T20:51:41,936 ERROR [main] parse.UpdateDeleteSemanticAnalyzer: CBO failed due to missing column stats (see previous errors), skipping CBO
2024-04-23T20:51:41,937  INFO [main] parse.UpdateDeleteSemanticAnalyzer: Ending caching scope for: 
FAILED: NoMatchingMethodException No matching method for class org.apache.hadoop.hive.ql.udf.UDFToInteger with (struct<writeid:bigint,bucketid:int,rowid:bigint>). Possible choices: _FUNC_(bigint)  _FUNC_(boolean)  _FUNC_(decimal(38,18))  _FUNC_(double)  _FUNC_(float)  _FUNC_(smallint)  _FUNC_(string)  _FUNC_(struct<bucketid:int,rowid:bigint,writeid:bigint>)  _FUNC_(timestamp)  _FUNC_(tinyint)  _FUNC_(void)  
2024-04-23T20:51:41,937 ERROR [main] ql.Driver: FAILED: NoMatchingMethodException No matching method for class org.apache.hadoop.hive.ql.udf.UDFToInteger with (struct<writeid:bigint,bucketid:int,rowid:bigint>). Possible choices: _FUNC_(bigint)  _FUNC_(boolean)  _FUNC_(decimal(38,18))  _FUNC_(double)  _FUNC_(float)  _FUNC_(smallint)  _FUNC_(string)  _FUNC_(struct<bucketid:int,rowid:bigint,writeid:bigint>)  _FUNC_(timestamp)  _FUNC_(tinyint)  _FUNC_(void)  
org.apache.hadoop.hive.ql.exec.NoMatchingMethodException: No matching method for class org.apache.hadoop.hive.ql.udf.UDFToInteger with (struct<writeid:bigint,bucketid:int,rowid:bigint>). Possible choices: _FUNC_(bigint)  _FUNC_(boolean)  _FUNC_(decimal(38,18))  _FUNC_(double)  _FUNC_(float)  _FUNC_(smallint)  _FUNC_(string)  _FUNC_(struct<bucketid:int,rowid:bigint,writeid:bigint>)  _FUNC_(timestamp)  _FUNC_(tinyint)  _FUNC_(void)  
	at org.apache.hadoop.hive.ql.exec.MethodUtils.getMethodInternal(MethodUtils.java:130)
	at org.apache.hadoop.hive.ql.exec.MethodUtils.getMethodInternal(MethodUtils.java:60)
	at org.apache.hadoop.hive.ql.exec.DefaultUDFMethodResolver.getEvalMethod(DefaultUDFMethodResolver.java:59)
	at org.apache.hadoop.hive.ql.udf.TimestampCastRestrictorResolver.getEvalMethod(TimestampCastRestrictorResolver.java:68)
	at org.apache.hadoop.hive.ql.udf.generic.GenericUDFBridge.initialize(GenericUDFBridge.java:168)
	at org.apache.hadoop.hive.ql.udf.generic.GenericUDF.initializeAndFoldConstants(GenericUDF.java:149)
	at org.apache.hadoop.hive.ql.plan.ExprNodeGenericFuncDesc.newInstance(ExprNodeGenericFuncDesc.java:235)
	at org.apache.hadoop.hive.ql.parse.type.ExprNodeDescExprFactory.createFuncCallExpr(ExprNodeDescExprFactory.java:584)
	at org.apache.hadoop.hive.ql.parse.type.ExprNodeDescExprFactory.createFuncCallExpr(ExprNodeDescExprFactory.java:97)
	at org.apache.hadoop.hive.ql.parse.type.TypeCheckProcFactory$DefaultExprProcessor.getFuncExprNodeDescWithUdfData(TypeCheckProcFactory.java:762)
	at org.apache.hadoop.hive.ql.parse.type.TypeCheckProcFactory$DefaultExprProcessor.createConversionCast(TypeCheckProcFactory.java:783)
	at org.apache.hadoop.hive.ql.parse.SemanticAnalyzer.getPartitionColsFromBucketColsForUpdateDelete(SemanticAnalyzer.java:8725)
	at org.apache.hadoop.hive.ql.parse.SemanticAnalyzer.genBucketingSortingDest(SemanticAnalyzer.java:6914)
	at org.apache.hadoop.hive.ql.parse.SemanticAnalyzer.genFileSinkPlan(SemanticAnalyzer.java:7335)
	at org.apache.hadoop.hive.ql.parse.SemanticAnalyzer.genPostGroupByBodyPlan(SemanticAnalyzer.java:11063)
	at org.apache.hadoop.hive.ql.parse.SemanticAnalyzer.genBodyPlan(SemanticAnalyzer.java:10938)
	at org.apache.hadoop.hive.ql.parse.SemanticAnalyzer.genPlan(SemanticAnalyzer.java:11853)
	at org.apache.hadoop.hive.ql.parse.SemanticAnalyzer.genPlan(SemanticAnalyzer.java:11723)
	at org.apache.hadoop.hive.ql.parse.CalcitePlanner.genOPTree(CalcitePlanner.java:626)
	at org.apache.hadoop.hive.ql.parse.SemanticAnalyzer.analyzeInternal(SemanticAnalyzer.java:12558)
	at org.apache.hadoop.hive.ql.parse.CalcitePlanner.analyzeInternal(CalcitePlanner.java:456)
	at org.apache.hadoop.hive.ql.parse.RewriteSemanticAnalyzer.analyzeInternal(RewriteSemanticAnalyzer.java:67)
	at org.apache.hadoop.hive.ql.parse.BaseSemanticAnalyzer.analyze(BaseSemanticAnalyzer.java:317)
	at org.apache.hadoop.hive.ql.parse.UpdateDeleteSemanticAnalyzer.reparseAndSuperAnalyze(UpdateDeleteSemanticAnalyzer.java:208)
	at org.apache.hadoop.hive.ql.parse.UpdateDeleteSemanticAnalyzer.analyzeUpdate(UpdateDeleteSemanticAnalyzer.java:63)
	at org.apache.hadoop.hive.ql.parse.UpdateDeleteSemanticAnalyzer.analyze(UpdateDeleteSemanticAnalyzer.java:53)
	at org.apache.hadoop.hive.ql.parse.RewriteSemanticAnalyzer.analyzeInternal(RewriteSemanticAnalyzer.java:72)
	at org.apache.hadoop.hive.ql.parse.BaseSemanticAnalyzer.analyze(BaseSemanticAnalyzer.java:317)
	at org.apache.hadoop.hive.ql.Compiler.analyze(Compiler.java:223)
	at org.apache.hadoop.hive.ql.Compiler.compile(Compiler.java:105)
	at org.apache.hadoop.hive.ql.Driver.compile(Driver.java:500)
	at org.apache.hadoop.hive.ql.Driver.compileInternal(Driver.java:453)
	at org.apache.hadoop.hive.ql.Driver.runInternal(Driver.java:181)
	at org.apache.hadoop.hive.ql.Driver.run(Driver.java:153)
	at org.apache.hadoop.hive.ql.Driver.run(Driver.java:140)
	at org.apache.hadoop.hive.ql.TxnCommandsBaseForTests.runStatementOnDriver(TxnCommandsBaseForTests.java:245)
	at org.apache.hadoop.hive.ql.TestTxnNoBuckets.testToAcidConversion02(TestTxnNoBuckets.java:553)
	at sun.reflect.NativeMethodAccessorImpl.invoke0(Native Method)
	at sun.reflect.NativeMethodAccessorImpl.invoke(NativeMethodAccessorImpl.java:62)
	at sun.reflect.DelegatingMethodAccessorImpl.invoke(DelegatingMethodAccessorImpl.java:43)
	at java.lang.reflect.Method.invoke(Method.java:498)
	at org.junit.runners.model.FrameworkMethod$1.runReflectiveCall(FrameworkMethod.java:59)
	at org.junit.internal.runners.model.ReflectiveCallable.run(ReflectiveCallable.java:12)
	at org.junit.runners.model.FrameworkMethod.invokeExplosively(FrameworkMethod.java:56)
	at org.junit.internal.runners.statements.InvokeMethod.evaluate(InvokeMethod.java:17)
	at org.junit.internal.runners.statements.RunBefores.evaluate(RunBefores.java:26)
	at org.junit.internal.runners.statements.RunAfters.evaluate(RunAfters.java:27)
	at org.junit.rules.TestWatcher$1.evaluate(TestWatcher.java:61)
	at org.junit.runners.ParentRunner$3.evaluate(ParentRunner.java:306)
	at org.junit.runners.BlockJUnit4ClassRunner$1.evaluate(BlockJUnit4ClassRunner.java:100)
	at org.junit.runners.ParentRunner.runLeaf(ParentRunner.java:366)
	at org.junit.runners.BlockJUnit4ClassRunner.runChild(BlockJUnit4ClassRunner.java:103)
	at org.junit.runners.BlockJUnit4ClassRunner.runChild(BlockJUnit4ClassRunner.java:63)
	at org.junit.runners.ParentRunner$4.run(ParentRunner.java:331)
	at org.junit.runners.ParentRunner$1.schedule(ParentRunner.java:79)
	at org.junit.runners.ParentRunner.runChildren(ParentRunner.java:329)
	at org.junit.runners.ParentRunner.access$100(ParentRunner.java:66)
	at org.junit.runners.ParentRunner$2.evaluate(ParentRunner.java:293)
	at org.junit.runners.ParentRunner$3.evaluate(ParentRunner.java:306)
	at org.junit.runners.ParentRunner.run(ParentRunner.java:413)
	at org.junit.runner.JUnitCore.run(JUnitCore.java:137)
	at org.junit.runner.JUnitCore.run(JUnitCore.java:115)
	at org.junit.vintage.engine.execution.RunnerExecutor.execute(RunnerExecutor.java:43)
	at java.util.stream.ForEachOps$ForEachOp$OfRef.accept(ForEachOps.java:183)
	at java.util.stream.ReferencePipeline$3$1.accept(ReferencePipeline.java:193)
	at java.util.Iterator.forEachRemaining(Iterator.java:116)
	at java.util.Spliterators$IteratorSpliterator.forEachRemaining(Spliterators.java:1801)
	at java.util.stream.AbstractPipeline.copyInto(AbstractPipeline.java:482)
	at java.util.stream.AbstractPipeline.wrapAndCopyInto(AbstractPipeline.java:472)
	at java.util.stream.ForEachOps$ForEachOp.evaluateSequential(ForEachOps.java:150)
	at java.util.stream.ForEachOps$ForEachOp$OfRef.evaluateSequential(ForEachOps.java:173)
	at java.util.stream.AbstractPipeline.evaluate(AbstractPipeline.java:234)
	at java.util.stream.ReferencePipeline.forEach(ReferencePipeline.java:485)
	at org.junit.vintage.engine.VintageTestEngine.executeAllChildren(VintageTestEngine.java:82)
	at org.junit.vintage.engine.VintageTestEngine.execute(VintageTestEngine.java:73)
	at org.junit.platform.launcher.core.DefaultLauncher.execute(DefaultLauncher.java:248)
	at org.junit.platform.launcher.core.DefaultLauncher.lambda$execute$5(DefaultLauncher.java:211)
	at org.junit.platform.launcher.core.DefaultLauncher.withInterceptedStreams(DefaultLauncher.java:226)
	at org.junit.platform.launcher.core.DefaultLauncher.execute(DefaultLauncher.java:199)
	at org.junit.platform.launcher.core.DefaultLauncher.execute(DefaultLauncher.java:132)
	at org.apache.maven.surefire.junitplatform.JUnitPlatformProvider.invokeAllTests(JUnitPlatformProvider.java:154)
	at org.apache.maven.surefire.junitplatform.JUnitPlatformProvider.invoke(JUnitPlatformProvider.java:123)
	at org.apache.maven.surefire.booter.ForkedBooter.runSuitesInProcess(ForkedBooter.java:377)
	at org.apache.maven.surefire.booter.ForkedBooter.execute(ForkedBooter.java:138)
	at org.apache.maven.surefire.booter.ForkedBooter.run(ForkedBooter.java:465)
	at org.apache.maven.surefire.booter.ForkedBooter.main(ForkedBooter.java:451)

2024-04-23T20:51:41,937  INFO [main] metadata.Hive: Dumping metastore api call timing information for : compilation phase
2024-04-23T20:51:41,938  INFO [main] metadata.Hive: Total time spent in each metastore function (ms): {flushCache_()=0, getNotNullConstraints_(NotNullConstraintsRequest)=1, commitTxn_(CommitTxnRequest)=12, getAllTableConstraints_(AllTableConstraintsRequest)=6, isCompatibleWith_(Configuration)=0, openTxn_(String, TxnType)=3, getCheckConstraints_(CheckConstraintsRequest)=2, getTableColumnStatistics_(String, String, List, String)=10, getTable_(GetTableRequest)=39, getValidTxns_(long)=0, getValidWriteIds_(List, String)=4}
2024-04-23T20:51:41,938  INFO [main] ql.Driver: Completed compiling command(queryId=alex_20240423205141_73c7cd01-143b-440d-a1c8-c748546b2c70); Time taken: 0.213 seconds
2024-04-23T20:51:41,938  INFO [main] lockmgr.DbTxnManager: Stopped heartbeat for query: null
2024-04-23T20:51:41,942  INFO [main] txn.TxnHandler: Removed transactions: ([19]) from MIN_HISTORY_LEVEL
2024-04-23T20:51:41,949  INFO [main] ql.TxnCommandsBaseForTests: Running the query: drop table if exists acidTbl
2024-04-23T20:51:41,949  INFO [main] ql.Driver: Compiling command(queryId=alex_20240423205141_02542ad1-292a-465c-93ac-09b478a0f6cf): drop table if exists acidTbl
2024-04-23T20:51:41,952  INFO [main] txn.TxnHandler: Added entries to MIN_HISTORY_LEVEL for current txns: ([20]) with min_open_txn: 19
2024-04-23T20:51:41,952  INFO [main] lockmgr.DbTxnManager: Opened txnid:20
2024-04-23T20:51:41,953  INFO [main] HiveMetaStore.audit: ugi=alex	ip=unknown-ip-addr	cmd=get_table : tbl=hive.default.acidTbl	
2024-04-23T20:51:41,961  INFO [main] metastore.HMSHandler: Skipping translation for processor with null
2024-04-23T20:51:41,961  INFO [main] ql.Driver: Semantic Analysis Completed (retrial = false)
2024-04-23T20:51:41,961  INFO [main] ql.Driver: Created Hive schema: Schema(fieldSchemas:null, properties:null)
2024-04-23T20:51:41,961  INFO [main] metadata.Hive: Dumping metastore api call timing information for : compilation phase
2024-04-23T20:51:41,961  INFO [main] metadata.Hive: Total time spent in each metastore function (ms): {rollbackTxn_(long)=11, openTxn_(String, TxnType)=2, isCompatibleWith_(Configuration)=0, getValidTxns_(long)=0, getTable_(GetTableRequest)=8, flushCache_()=0}
2024-04-23T20:51:41,961  INFO [main] ql.Driver: Completed compiling command(queryId=alex_20240423205141_02542ad1-292a-465c-93ac-09b478a0f6cf); Time taken: 0.012 seconds
2024-04-23T20:51:41,961  INFO [main] lockmgr.DbTxnManager: Setting lock request transaction to txnid:20 for queryId=alex_20240423205141_02542ad1-292a-465c-93ac-09b478a0f6cf
2024-04-23T20:51:41,962  INFO [main] lockmgr.DbLockManager: Requesting lock for queryId=alex_20240423205141_02542ad1-292a-465c-93ac-09b478a0f6cf
2024-04-23T20:51:41,977  INFO [main] lockmgr.DbLockManager: Response to queryId=alex_20240423205141_02542ad1-292a-465c-93ac-09b478a0f6cf LockResponse(lockid:13, state:ACQUIRED)
2024-04-23T20:51:41,977  INFO [main] ql.Driver: Operation DROPTABLE obtained 1 locks
2024-04-23T20:51:41,977  INFO [main] ql.Driver: Executing command(queryId=alex_20240423205141_02542ad1-292a-465c-93ac-09b478a0f6cf): drop table if exists acidTbl
2024-04-23T20:51:41,978  INFO [main] ql.Driver: Starting task [Stage-0:DDL] in serial mode
2024-04-23T20:51:41,978  INFO [main] HiveMetaStore.audit: ugi=alex	ip=unknown-ip-addr	cmd=get_table : tbl=hive.default.acidTbl	
2024-04-23T20:51:41,985  INFO [main] metastore.HMSHandler: Skipping translation for processor with null
2024-04-23T20:51:41,985  INFO [main] HiveMetaStore.audit: ugi=alex	ip=unknown-ip-addr	cmd=get_table : tbl=hive.default.acidTbl	
2024-04-23T20:51:41,992  INFO [main] metastore.HMSHandler: Skipping translation for processor with null
2024-04-23T20:51:41,992  INFO [main] HiveMetaStore.audit: ugi=alex	ip=unknown-ip-addr	cmd=drop_table : tbl=hive.default.acidTbl	
2024-04-23T20:51:42,108  INFO [main] metadata.Hive: Dumping metastore api call timing information for : execution phase
2024-04-23T20:51:42,108  INFO [main] metadata.Hive: Total time spent in each metastore function (ms): {isCompatibleWith_(Configuration)=0, dropTable_(String, String, boolean, boolean, boolean)=123, getTable_(GetTableRequest)=7}
2024-04-23T20:51:42,108  INFO [main] ql.Driver: Completed executing command(queryId=alex_20240423205141_02542ad1-292a-465c-93ac-09b478a0f6cf); Time taken: 0.131 seconds
2024-04-23T20:51:42,108  INFO [main] lockmgr.DbTxnManager: Stopped heartbeat for query: alex_20240423205141_02542ad1-292a-465c-93ac-09b478a0f6cf
2024-04-23T20:51:42,113  INFO [main] txn.TxnHandler: Expected to move at least one record from txn_components to completed_txn_components when committing txn! txnid:20
2024-04-23T20:51:42,120  INFO [main] txn.TxnHandler: Removed transactions: ([20]) from MIN_HISTORY_LEVEL
2024-04-23T20:51:42,122  WARN [main] txn.CompactionTxnHandler: No compaction queue record found for Compaction type transaction commit. txnId:20
2024-04-23T20:51:42,122  INFO [main] ql.TxnCommandsBaseForTests: Running the query: drop table if exists acidTblPart
2024-04-23T20:51:42,123  INFO [main] ql.Driver: Compiling command(queryId=alex_20240423205142_f336b276-287a-4e65-bd5f-1605b7f033b5): drop table if exists acidTblPart
2024-04-23T20:51:42,129  INFO [main] txn.TxnHandler: Added entries to MIN_HISTORY_LEVEL for current txns: ([21]) with min_open_txn: 19
2024-04-23T20:51:42,129  INFO [main] lockmgr.DbTxnManager: Opened txnid:21
2024-04-23T20:51:42,130  INFO [main] HiveMetaStore.audit: ugi=alex	ip=unknown-ip-addr	cmd=get_table : tbl=hive.default.acidTblPart	
2024-04-23T20:51:42,138  INFO [main] metastore.HMSHandler: Skipping translation for processor with null
2024-04-23T20:51:42,138  INFO [main] ql.Driver: Semantic Analysis Completed (retrial = false)
2024-04-23T20:51:42,138  INFO [main] ql.Driver: Created Hive schema: Schema(fieldSchemas:null, properties:null)
2024-04-23T20:51:42,138  INFO [main] metadata.Hive: Dumping metastore api call timing information for : compilation phase
2024-04-23T20:51:42,138  INFO [main] metadata.Hive: Total time spent in each metastore function (ms): {commitTxn_(CommitTxnRequest)=13, openTxn_(String, TxnType)=6, flushCache_()=0, getValidTxns_(long)=0, isCompatibleWith_(Configuration)=1, getTable_(GetTableRequest)=8}
2024-04-23T20:51:42,138  INFO [main] ql.Driver: Completed compiling command(queryId=alex_20240423205142_f336b276-287a-4e65-bd5f-1605b7f033b5); Time taken: 0.015 seconds
2024-04-23T20:51:42,139  INFO [main] lockmgr.DbTxnManager: Setting lock request transaction to txnid:21 for queryId=alex_20240423205142_f336b276-287a-4e65-bd5f-1605b7f033b5
2024-04-23T20:51:42,139  INFO [main] lockmgr.DbLockManager: Requesting lock for queryId=alex_20240423205142_f336b276-287a-4e65-bd5f-1605b7f033b5
2024-04-23T20:51:42,155  INFO [main] lockmgr.DbLockManager: Response to queryId=alex_20240423205142_f336b276-287a-4e65-bd5f-1605b7f033b5 LockResponse(lockid:14, state:ACQUIRED)
2024-04-23T20:51:42,155  INFO [main] ql.Driver: Operation DROPTABLE obtained 1 locks
2024-04-23T20:51:42,155  INFO [main] ql.Driver: Executing command(queryId=alex_20240423205142_f336b276-287a-4e65-bd5f-1605b7f033b5): drop table if exists acidTblPart
2024-04-23T20:51:42,155  INFO [main] ql.Driver: Starting task [Stage-0:DDL] in serial mode
2024-04-23T20:51:42,155  INFO [main] HiveMetaStore.audit: ugi=alex	ip=unknown-ip-addr	cmd=get_table : tbl=hive.default.acidTblPart	
2024-04-23T20:51:42,163  INFO [main] metastore.HMSHandler: Skipping translation for processor with null
2024-04-23T20:51:42,163  INFO [main] HiveMetaStore.audit: ugi=alex	ip=unknown-ip-addr	cmd=get_table : tbl=hive.default.acidTblPart	
2024-04-23T20:51:42,172  INFO [main] metastore.HMSHandler: Skipping translation for processor with null
2024-04-23T20:51:42,172  INFO [main] HiveMetaStore.audit: ugi=alex	ip=unknown-ip-addr	cmd=drop_table : tbl=hive.default.acidTblPart	
2024-04-23T20:51:42,217  INFO [main] metadata.Hive: Dumping metastore api call timing information for : execution phase
2024-04-23T20:51:42,217  INFO [main] metadata.Hive: Total time spent in each metastore function (ms): {getTable_(GetTableRequest)=8, dropTable_(String, String, boolean, boolean, boolean)=53, isCompatibleWith_(Configuration)=0}
2024-04-23T20:51:42,217  INFO [main] ql.Driver: Completed executing command(queryId=alex_20240423205142_f336b276-287a-4e65-bd5f-1605b7f033b5); Time taken: 0.062 seconds
2024-04-23T20:51:42,217  INFO [main] lockmgr.DbTxnManager: Stopped heartbeat for query: alex_20240423205142_f336b276-287a-4e65-bd5f-1605b7f033b5
2024-04-23T20:51:42,221  INFO [main] txn.TxnHandler: Expected to move at least one record from txn_components to completed_txn_components when committing txn! txnid:21
2024-04-23T20:51:42,228  INFO [main] txn.TxnHandler: Removed transactions: ([21]) from MIN_HISTORY_LEVEL
2024-04-23T20:51:42,228  WARN [main] txn.CompactionTxnHandler: No compaction queue record found for Compaction type transaction commit. txnId:21
2024-04-23T20:51:42,229  INFO [main] ql.TxnCommandsBaseForTests: Running the query: drop table if exists acidTbl2
2024-04-23T20:51:42,229  INFO [main] ql.Driver: Compiling command(queryId=alex_20240423205142_5936d466-ba0a-466e-909f-4abb6cd2a099): drop table if exists acidTbl2
2024-04-23T20:51:42,232  INFO [main] txn.TxnHandler: Added entries to MIN_HISTORY_LEVEL for current txns: ([22]) with min_open_txn: 19
2024-04-23T20:51:42,232  INFO [main] lockmgr.DbTxnManager: Opened txnid:22
2024-04-23T20:51:42,233  INFO [main] ql.Driver: Semantic Analysis Completed (retrial = false)
2024-04-23T20:51:42,233  INFO [main] ql.Driver: Created Hive schema: Schema(fieldSchemas:null, properties:null)
2024-04-23T20:51:42,233  INFO [main] metadata.Hive: Dumping metastore api call timing information for : compilation phase
2024-04-23T20:51:42,233  INFO [main] metadata.Hive: Total time spent in each metastore function (ms): {flushCache_()=0, isCompatibleWith_(Configuration)=0, getValidTxns_(long)=1, commitTxn_(CommitTxnRequest)=12, openTxn_(String, TxnType)=2, getTable_(GetTableRequest)=0}
2024-04-23T20:51:42,234  INFO [main] ql.Driver: Completed compiling command(queryId=alex_20240423205142_5936d466-ba0a-466e-909f-4abb6cd2a099); Time taken: 0.004 seconds
2024-04-23T20:51:42,234  INFO [main] lockmgr.DbTxnManager: Setting lock request transaction to txnid:22 for queryId=alex_20240423205142_5936d466-ba0a-466e-909f-4abb6cd2a099
2024-04-23T20:51:42,234  INFO [main] ql.Driver: Operation DROPTABLE obtained 0 locks
2024-04-23T20:51:42,234  INFO [main] ql.Driver: Executing command(queryId=alex_20240423205142_5936d466-ba0a-466e-909f-4abb6cd2a099): drop table if exists acidTbl2
2024-04-23T20:51:42,234  INFO [main] ql.Driver: Starting task [Stage-0:DDL] in serial mode
2024-04-23T20:51:42,235  INFO [main] metadata.SessionHiveMetaStoreClient: Column stats doesn't exist for db=default temp table=acidTbl2
2024-04-23T20:51:42,235  INFO [main] metadata.Hive: Dumping metastore api call timing information for : execution phase
2024-04-23T20:51:42,235  INFO [main] metadata.Hive: Total time spent in each metastore function (ms): {getTable_(GetTableRequest)=1, dropTable_(String, String, boolean, boolean, boolean)=0, isCompatibleWith_(Configuration)=0}
2024-04-23T20:51:42,236  INFO [main] ql.Driver: Completed executing command(queryId=alex_20240423205142_5936d466-ba0a-466e-909f-4abb6cd2a099); Time taken: 0.001 seconds
2024-04-23T20:51:42,236  INFO [main] lockmgr.DbTxnManager: Stopped heartbeat for query: alex_20240423205142_5936d466-ba0a-466e-909f-4abb6cd2a099
2024-04-23T20:51:42,242  INFO [main] txn.TxnHandler: Expected to move at least one record from txn_components to completed_txn_components when committing txn! txnid:22
2024-04-23T20:51:42,248  INFO [main] txn.TxnHandler: Removed transactions: ([22]) from MIN_HISTORY_LEVEL
2024-04-23T20:51:42,248  WARN [main] txn.CompactionTxnHandler: No compaction queue record found for Compaction type transaction commit. txnId:22
2024-04-23T20:51:42,249  INFO [main] ql.TxnCommandsBaseForTests: Running the query: drop table if exists nonAcidOrcTbl
2024-04-23T20:51:42,249  INFO [main] ql.Driver: Compiling command(queryId=alex_20240423205142_6fc5e136-89d0-46f8-8036-16deb6a24a12): drop table if exists nonAcidOrcTbl
2024-04-23T20:51:42,252  INFO [main] txn.TxnHandler: Added entries to MIN_HISTORY_LEVEL for current txns: ([23]) with min_open_txn: 19
2024-04-23T20:51:42,252  INFO [main] lockmgr.DbTxnManager: Opened txnid:23
2024-04-23T20:51:42,254  INFO [main] HiveMetaStore.audit: ugi=alex	ip=unknown-ip-addr	cmd=get_table : tbl=hive.default.nonAcidOrcTbl	
2024-04-23T20:51:42,279  INFO [main] metastore.HMSHandler: Skipping translation for processor with null
2024-04-23T20:51:42,279  INFO [main] ql.Driver: Semantic Analysis Completed (retrial = false)
2024-04-23T20:51:42,279  INFO [main] ql.Driver: Created Hive schema: Schema(fieldSchemas:null, properties:null)
2024-04-23T20:51:42,279  INFO [main] metadata.Hive: Dumping metastore api call timing information for : compilation phase
2024-04-23T20:51:42,279  INFO [main] metadata.Hive: Total time spent in each metastore function (ms): {flushCache_()=0, isCompatibleWith_(Configuration)=0, openTxn_(String, TxnType)=2, getValidTxns_(long)=0, getTable_(GetTableRequest)=26, commitTxn_(CommitTxnRequest)=13}
2024-04-23T20:51:42,280  INFO [main] ql.Driver: Completed compiling command(queryId=alex_20240423205142_6fc5e136-89d0-46f8-8036-16deb6a24a12); Time taken: 0.03 seconds
2024-04-23T20:51:42,280  INFO [main] lockmgr.DbTxnManager: Setting lock request transaction to txnid:23 for queryId=alex_20240423205142_6fc5e136-89d0-46f8-8036-16deb6a24a12
2024-04-23T20:51:42,281  INFO [main] lockmgr.DbLockManager: Requesting lock for queryId=alex_20240423205142_6fc5e136-89d0-46f8-8036-16deb6a24a12
2024-04-23T20:51:42,297  INFO [main] lockmgr.DbLockManager: Response to queryId=alex_20240423205142_6fc5e136-89d0-46f8-8036-16deb6a24a12 LockResponse(lockid:15, state:ACQUIRED)
2024-04-23T20:51:42,298  INFO [main] ql.Driver: Operation DROPTABLE obtained 1 locks
2024-04-23T20:51:42,298  INFO [main] ql.Driver: Executing command(queryId=alex_20240423205142_6fc5e136-89d0-46f8-8036-16deb6a24a12): drop table if exists nonAcidOrcTbl
2024-04-23T20:51:42,298  INFO [main] ql.Driver: Starting task [Stage-0:DDL] in serial mode
2024-04-23T20:51:42,298  INFO [main] HiveMetaStore.audit: ugi=alex	ip=unknown-ip-addr	cmd=get_table : tbl=hive.default.nonAcidOrcTbl	
2024-04-23T20:51:42,308  INFO [main] metastore.HMSHandler: Skipping translation for processor with null
2024-04-23T20:51:42,308  INFO [main] HiveMetaStore.audit: ugi=alex	ip=unknown-ip-addr	cmd=get_table : tbl=hive.default.nonAcidOrcTbl	
2024-04-23T20:51:42,318  INFO [main] metastore.HMSHandler: Skipping translation for processor with null
2024-04-23T20:51:42,318  INFO [main] HiveMetaStore.audit: ugi=alex	ip=unknown-ip-addr	cmd=drop_table : tbl=hive.default.nonAcidOrcTbl	
2024-04-23T20:51:42,414  INFO [main] metadata.Hive: Dumping metastore api call timing information for : execution phase
2024-04-23T20:51:42,414  INFO [main] metadata.Hive: Total time spent in each metastore function (ms): {isCompatibleWith_(Configuration)=0, dropTable_(String, String, boolean, boolean, boolean)=106, getTable_(GetTableRequest)=10}
2024-04-23T20:51:42,415  INFO [main] ql.Driver: Completed executing command(queryId=alex_20240423205142_6fc5e136-89d0-46f8-8036-16deb6a24a12); Time taken: 0.116 seconds
2024-04-23T20:51:42,415  INFO [main] lockmgr.DbTxnManager: Stopped heartbeat for query: alex_20240423205142_6fc5e136-89d0-46f8-8036-16deb6a24a12
2024-04-23T20:51:42,419  INFO [main] txn.TxnHandler: Expected to move at least one record from txn_components to completed_txn_components when committing txn! txnid:23
2024-04-23T20:51:42,424  INFO [main] txn.TxnHandler: Removed transactions: ([23]) from MIN_HISTORY_LEVEL
2024-04-23T20:51:42,425  WARN [main] txn.CompactionTxnHandler: No compaction queue record found for Compaction type transaction commit. txnId:23
2024-04-23T20:51:42,425  INFO [main] ql.TxnCommandsBaseForTests: Running the query: drop table if exists nonAcidOrcTbl2
2024-04-23T20:51:42,426  INFO [main] ql.Driver: Compiling command(queryId=alex_20240423205142_8e3c88fa-f32a-42c2-9aaf-2e71c5462d38): drop table if exists nonAcidOrcTbl2
2024-04-23T20:51:42,428  INFO [main] txn.TxnHandler: Added entries to MIN_HISTORY_LEVEL for current txns: ([24]) with min_open_txn: 19
2024-04-23T20:51:42,429  INFO [main] lockmgr.DbTxnManager: Opened txnid:24
2024-04-23T20:51:42,429  INFO [main] HiveMetaStore.audit: ugi=alex	ip=unknown-ip-addr	cmd=get_table : tbl=hive.default.nonAcidOrcTbl2	
2024-04-23T20:51:42,438  INFO [main] metastore.HMSHandler: Skipping translation for processor with null
2024-04-23T20:51:42,438  INFO [main] ql.Driver: Semantic Analysis Completed (retrial = false)
2024-04-23T20:51:42,438  INFO [main] ql.Driver: Created Hive schema: Schema(fieldSchemas:null, properties:null)
2024-04-23T20:51:42,438  INFO [main] metadata.Hive: Dumping metastore api call timing information for : compilation phase
2024-04-23T20:51:42,438  INFO [main] metadata.Hive: Total time spent in each metastore function (ms): {getValidTxns_(long)=0, openTxn_(String, TxnType)=2, getTable_(GetTableRequest)=9, commitTxn_(CommitTxnRequest)=10, isCompatibleWith_(Configuration)=1, flushCache_()=0}
2024-04-23T20:51:42,438  INFO [main] ql.Driver: Completed compiling command(queryId=alex_20240423205142_8e3c88fa-f32a-42c2-9aaf-2e71c5462d38); Time taken: 0.012 seconds
2024-04-23T20:51:42,439  INFO [main] lockmgr.DbTxnManager: Setting lock request transaction to txnid:24 for queryId=alex_20240423205142_8e3c88fa-f32a-42c2-9aaf-2e71c5462d38
2024-04-23T20:51:42,439  INFO [main] lockmgr.DbLockManager: Requesting lock for queryId=alex_20240423205142_8e3c88fa-f32a-42c2-9aaf-2e71c5462d38
2024-04-23T20:51:42,454  INFO [main] lockmgr.DbLockManager: Response to queryId=alex_20240423205142_8e3c88fa-f32a-42c2-9aaf-2e71c5462d38 LockResponse(lockid:16, state:ACQUIRED)
2024-04-23T20:51:42,454  INFO [main] ql.Driver: Operation DROPTABLE obtained 1 locks
2024-04-23T20:51:42,454  INFO [main] ql.Driver: Executing command(queryId=alex_20240423205142_8e3c88fa-f32a-42c2-9aaf-2e71c5462d38): drop table if exists nonAcidOrcTbl2
2024-04-23T20:51:42,454  INFO [main] ql.Driver: Starting task [Stage-0:DDL] in serial mode
2024-04-23T20:51:42,454  INFO [main] HiveMetaStore.audit: ugi=alex	ip=unknown-ip-addr	cmd=get_table : tbl=hive.default.nonAcidOrcTbl2	
2024-04-23T20:51:42,464  INFO [main] metastore.HMSHandler: Skipping translation for processor with null
2024-04-23T20:51:42,464  INFO [main] HiveMetaStore.audit: ugi=alex	ip=unknown-ip-addr	cmd=get_table : tbl=hive.default.nonAcidOrcTbl2	
2024-04-23T20:51:42,475  INFO [main] metastore.HMSHandler: Skipping translation for processor with null
2024-04-23T20:51:42,475  INFO [main] HiveMetaStore.audit: ugi=alex	ip=unknown-ip-addr	cmd=drop_table : tbl=hive.default.nonAcidOrcTbl2	
2024-04-23T20:51:42,511  INFO [main] metadata.Hive: Dumping metastore api call timing information for : execution phase
2024-04-23T20:51:42,511  INFO [main] metadata.Hive: Total time spent in each metastore function (ms): {getTable_(GetTableRequest)=10, isCompatibleWith_(Configuration)=0, dropTable_(String, String, boolean, boolean, boolean)=47}
2024-04-23T20:51:42,512  INFO [main] ql.Driver: Completed executing command(queryId=alex_20240423205142_8e3c88fa-f32a-42c2-9aaf-2e71c5462d38); Time taken: 0.057 seconds
2024-04-23T20:51:42,512  INFO [main] lockmgr.DbTxnManager: Stopped heartbeat for query: alex_20240423205142_8e3c88fa-f32a-42c2-9aaf-2e71c5462d38
2024-04-23T20:51:42,516  INFO [main] txn.TxnHandler: Expected to move at least one record from txn_components to completed_txn_components when committing txn! txnid:24
2024-04-23T20:51:42,521  INFO [main] txn.TxnHandler: Removed transactions: ([24]) from MIN_HISTORY_LEVEL
2024-04-23T20:51:42,521  WARN [main] txn.CompactionTxnHandler: No compaction queue record found for Compaction type transaction commit. txnId:24
2024-04-23T20:51:42,522  INFO [main] ql.TxnCommandsBaseForTests: Running the query: drop table if exists nonAcidNonBucket
2024-04-23T20:51:42,522  INFO [main] ql.Driver: Compiling command(queryId=alex_20240423205142_671b956a-cb6c-49cf-bcf7-7b0e4efd591f): drop table if exists nonAcidNonBucket
2024-04-23T20:51:42,525  INFO [main] txn.TxnHandler: Added entries to MIN_HISTORY_LEVEL for current txns: ([25]) with min_open_txn: 19
2024-04-23T20:51:42,526  INFO [main] lockmgr.DbTxnManager: Opened txnid:25
2024-04-23T20:51:42,526  INFO [main] HiveMetaStore.audit: ugi=alex	ip=unknown-ip-addr	cmd=get_table : tbl=hive.default.nonAcidNonBucket	
2024-04-23T20:51:42,534  INFO [main] metastore.HMSHandler: Skipping translation for processor with null
2024-04-23T20:51:42,534  INFO [main] ql.Driver: Semantic Analysis Completed (retrial = false)
2024-04-23T20:51:42,534  INFO [main] ql.Driver: Created Hive schema: Schema(fieldSchemas:null, properties:null)
2024-04-23T20:51:42,534  INFO [main] metadata.Hive: Dumping metastore api call timing information for : compilation phase
2024-04-23T20:51:42,534  INFO [main] metadata.Hive: Total time spent in each metastore function (ms): {openTxn_(String, TxnType)=3, isCompatibleWith_(Configuration)=0, getTable_(GetTableRequest)=8, getValidTxns_(long)=0, commitTxn_(CommitTxnRequest)=10, flushCache_()=0}
2024-04-23T20:51:42,535  INFO [main] ql.Driver: Completed compiling command(queryId=alex_20240423205142_671b956a-cb6c-49cf-bcf7-7b0e4efd591f); Time taken: 0.012 seconds
2024-04-23T20:51:42,535  INFO [main] lockmgr.DbTxnManager: Setting lock request transaction to txnid:25 for queryId=alex_20240423205142_671b956a-cb6c-49cf-bcf7-7b0e4efd591f
2024-04-23T20:51:42,535  INFO [main] lockmgr.DbLockManager: Requesting lock for queryId=alex_20240423205142_671b956a-cb6c-49cf-bcf7-7b0e4efd591f
2024-04-23T20:51:42,552  INFO [main] lockmgr.DbLockManager: Response to queryId=alex_20240423205142_671b956a-cb6c-49cf-bcf7-7b0e4efd591f LockResponse(lockid:17, state:ACQUIRED)
2024-04-23T20:51:42,552  INFO [main] ql.Driver: Operation DROPTABLE obtained 1 locks
2024-04-23T20:51:42,552  INFO [main] ql.Driver: Executing command(queryId=alex_20240423205142_671b956a-cb6c-49cf-bcf7-7b0e4efd591f): drop table if exists nonAcidNonBucket
2024-04-23T20:51:42,552  INFO [main] ql.Driver: Starting task [Stage-0:DDL] in serial mode
2024-04-23T20:51:42,552  INFO [main] HiveMetaStore.audit: ugi=alex	ip=unknown-ip-addr	cmd=get_table : tbl=hive.default.nonAcidNonBucket	
2024-04-23T20:51:42,560  INFO [main] metastore.HMSHandler: Skipping translation for processor with null
2024-04-23T20:51:42,560  INFO [main] HiveMetaStore.audit: ugi=alex	ip=unknown-ip-addr	cmd=get_table : tbl=hive.default.nonAcidNonBucket	
2024-04-23T20:51:42,568  INFO [main] metastore.HMSHandler: Skipping translation for processor with null
2024-04-23T20:51:42,568  INFO [main] HiveMetaStore.audit: ugi=alex	ip=unknown-ip-addr	cmd=drop_table : tbl=hive.default.nonAcidNonBucket	
2024-04-23T20:51:42,615  INFO [main] metadata.Hive: Dumping metastore api call timing information for : execution phase
2024-04-23T20:51:42,615  INFO [main] metadata.Hive: Total time spent in each metastore function (ms): {dropTable_(String, String, boolean, boolean, boolean)=55, getTable_(GetTableRequest)=8, isCompatibleWith_(Configuration)=0}
2024-04-23T20:51:42,615  INFO [main] ql.Driver: Completed executing command(queryId=alex_20240423205142_671b956a-cb6c-49cf-bcf7-7b0e4efd591f); Time taken: 0.063 seconds
2024-04-23T20:51:42,616  INFO [main] lockmgr.DbTxnManager: Stopped heartbeat for query: alex_20240423205142_671b956a-cb6c-49cf-bcf7-7b0e4efd591f
2024-04-23T20:51:42,620  INFO [main] txn.TxnHandler: Expected to move at least one record from txn_components to completed_txn_components when committing txn! txnid:25
2024-04-23T20:51:42,627  INFO [main] txn.TxnHandler: Removed transactions: ([25]) from MIN_HISTORY_LEVEL
2024-04-23T20:51:42,627  WARN [main] txn.CompactionTxnHandler: No compaction queue record found for Compaction type transaction commit. txnId:25
2024-04-23T20:51:42,628  INFO [main] utils.TestTxnDbUtil: Cleaning transactional tables
]]></system-err>
  </testcase>
  <testcase name="testCompactStatsGather" classname="org.apache.hadoop.hive.ql.TestTxnNoBucketsVectorized" time="16.89"/>
  <testcase name="testCTAS" classname="org.apache.hadoop.hive.ql.TestTxnNoBucketsVectorized" time="17.036"/>
  <testcase name="testToAcidConversionMultiBucket" classname="org.apache.hadoop.hive.ql.TestTxnNoBucketsVectorized" time="15.623">
    <error type="java.lang.RuntimeException"><![CDATA[java.lang.RuntimeException: EXPLAIN VECTORIZATION DETAIL update T set b = 88 where b = 80 failed: (responseCode = 40000, errorMessage = FAILED: NoMatchingMethodException No matching method for class org.apache.hadoop.hive.ql.udf.UDFToInteger with (struct<writeid:bigint,bucketid:int,rowid:bigint>). Possible choices: _FUNC_(bigint)  _FUNC_(boolean)  _FUNC_(decimal(38,18))  _FUNC_(double)  _FUNC_(float)  _FUNC_(smallint)  _FUNC_(string)  _FUNC_(struct<bucketid:int,rowid:bigint,writeid:bigint>)  _FUNC_(timestamp)  _FUNC_(tinyint)  _FUNC_(void)  , hiveErrorCode = 40000, SQLState = 42000, exception = No matching method for class org.apache.hadoop.hive.ql.udf.UDFToInteger with (struct<writeid:bigint,bucketid:int,rowid:bigint>). Possible choices: _FUNC_(bigint)  _FUNC_(boolean)  _FUNC_(decimal(38,18))  _FUNC_(double)  _FUNC_(float)  _FUNC_(smallint)  _FUNC_(string)  _FUNC_(struct<bucketid:int,rowid:bigint,writeid:bigint>)  _FUNC_(timestamp)  _FUNC_(tinyint)  _FUNC_(void)  )
	at org.apache.hadoop.hive.ql.TxnCommandsBaseForTests.runStatementOnDriver(TxnCommandsBaseForTests.java:247)
	at org.apache.hadoop.hive.ql.TxnCommandsBaseForTests.assertVectorized(TxnCommandsBaseForTests.java:268)
	at org.apache.hadoop.hive.ql.TestTxnNoBuckets.testToAcidConversionMultiBucket(TestTxnNoBuckets.java:454)
	at sun.reflect.NativeMethodAccessorImpl.invoke0(Native Method)
	at sun.reflect.NativeMethodAccessorImpl.invoke(NativeMethodAccessorImpl.java:62)
	at sun.reflect.DelegatingMethodAccessorImpl.invoke(DelegatingMethodAccessorImpl.java:43)
	at java.lang.reflect.Method.invoke(Method.java:498)
	at org.junit.runners.model.FrameworkMethod$1.runReflectiveCall(FrameworkMethod.java:59)
	at org.junit.internal.runners.model.ReflectiveCallable.run(ReflectiveCallable.java:12)
	at org.junit.runners.model.FrameworkMethod.invokeExplosively(FrameworkMethod.java:56)
	at org.junit.internal.runners.statements.InvokeMethod.evaluate(InvokeMethod.java:17)
	at org.junit.internal.runners.statements.RunBefores.evaluate(RunBefores.java:26)
	at org.junit.internal.runners.statements.RunAfters.evaluate(RunAfters.java:27)
	at org.junit.rules.TestWatcher$1.evaluate(TestWatcher.java:61)
	at org.junit.runners.ParentRunner$3.evaluate(ParentRunner.java:306)
	at org.junit.runners.BlockJUnit4ClassRunner$1.evaluate(BlockJUnit4ClassRunner.java:100)
	at org.junit.runners.ParentRunner.runLeaf(ParentRunner.java:366)
	at org.junit.runners.BlockJUnit4ClassRunner.runChild(BlockJUnit4ClassRunner.java:103)
	at org.junit.runners.BlockJUnit4ClassRunner.runChild(BlockJUnit4ClassRunner.java:63)
	at org.junit.runners.ParentRunner$4.run(ParentRunner.java:331)
	at org.junit.runners.ParentRunner$1.schedule(ParentRunner.java:79)
	at org.junit.runners.ParentRunner.runChildren(ParentRunner.java:329)
	at org.junit.runners.ParentRunner.access$100(ParentRunner.java:66)
	at org.junit.runners.ParentRunner$2.evaluate(ParentRunner.java:293)
	at org.junit.runners.ParentRunner$3.evaluate(ParentRunner.java:306)
	at org.junit.runners.ParentRunner.run(ParentRunner.java:413)
	at org.junit.runner.JUnitCore.run(JUnitCore.java:137)
	at org.junit.runner.JUnitCore.run(JUnitCore.java:115)
	at org.junit.vintage.engine.execution.RunnerExecutor.execute(RunnerExecutor.java:43)
	at java.util.stream.ForEachOps$ForEachOp$OfRef.accept(ForEachOps.java:183)
	at java.util.stream.ReferencePipeline$3$1.accept(ReferencePipeline.java:193)
	at java.util.Iterator.forEachRemaining(Iterator.java:116)
	at java.util.Spliterators$IteratorSpliterator.forEachRemaining(Spliterators.java:1801)
	at java.util.stream.AbstractPipeline.copyInto(AbstractPipeline.java:482)
	at java.util.stream.AbstractPipeline.wrapAndCopyInto(AbstractPipeline.java:472)
	at java.util.stream.ForEachOps$ForEachOp.evaluateSequential(ForEachOps.java:150)
	at java.util.stream.ForEachOps$ForEachOp$OfRef.evaluateSequential(ForEachOps.java:173)
	at java.util.stream.AbstractPipeline.evaluate(AbstractPipeline.java:234)
	at java.util.stream.ReferencePipeline.forEach(ReferencePipeline.java:485)
	at org.junit.vintage.engine.VintageTestEngine.executeAllChildren(VintageTestEngine.java:82)
	at org.junit.vintage.engine.VintageTestEngine.execute(VintageTestEngine.java:73)
	at org.junit.platform.launcher.core.DefaultLauncher.execute(DefaultLauncher.java:248)
	at org.junit.platform.launcher.core.DefaultLauncher.lambda$execute$5(DefaultLauncher.java:211)
	at org.junit.platform.launcher.core.DefaultLauncher.withInterceptedStreams(DefaultLauncher.java:226)
	at org.junit.platform.launcher.core.DefaultLauncher.execute(DefaultLauncher.java:199)
	at org.junit.platform.launcher.core.DefaultLauncher.execute(DefaultLauncher.java:132)
	at org.apache.maven.surefire.junitplatform.JUnitPlatformProvider.invokeAllTests(JUnitPlatformProvider.java:154)
	at org.apache.maven.surefire.junitplatform.JUnitPlatformProvider.invoke(JUnitPlatformProvider.java:123)
	at org.apache.maven.surefire.booter.ForkedBooter.runSuitesInProcess(ForkedBooter.java:377)
	at org.apache.maven.surefire.booter.ForkedBooter.execute(ForkedBooter.java:138)
	at org.apache.maven.surefire.booter.ForkedBooter.run(ForkedBooter.java:465)
	at org.apache.maven.surefire.booter.ForkedBooter.main(ForkedBooter.java:451)
]]></error>
    <system-err><![CDATA[2024-04-23T20:52:16,622  WARN [main] conf.HiveConf: HiveConf of name hive.llap.io.cache.orc.alloc.min does not exist
2024-04-23T20:52:16,622  WARN [main] conf.HiveConf: HiveConf of name hive.llap.io.cache.orc.arena.size does not exist
2024-04-23T20:52:16,622  WARN [main] conf.HiveConf: HiveConf of name hive.metastore.metadb.dir does not exist
2024-04-23T20:52:16,622  WARN [main] conf.HiveConf: HiveConf of name hive.metastore.client.cache.recordStats does not exist
2024-04-23T20:52:16,622  WARN [main] conf.HiveConf: HiveConf of name hive.dummyparam.test.server.specific.config.hivesite does not exist
2024-04-23T20:52:16,622  WARN [main] conf.HiveConf: HiveConf of name hive.dummyparam.test.server.specific.config.metastoresite does not exist
2024-04-23T20:52:16,622  WARN [main] conf.HiveConf: HiveConf of name hive.metastore.client.cache.maxSize does not exist
2024-04-23T20:52:16,623  WARN [main] conf.HiveConf: HiveConf of name hive.llap.io.cache.orc.size does not exist
2024-04-23T20:52:16,623  WARN [main] conf.HiveConf: HiveConf of name hive.stats.key.prefix.reserve.length does not exist
2024-04-23T20:52:16,623  WARN [main] conf.HiveConf: HiveConf of name hive.dummyparam.test.server.specific.config.override does not exist
2024-04-23T20:52:16,623  WARN [main] conf.HiveConf: HiveConf of name hive.llap.io.cache.orc.alloc.max does not exist
2024-04-23T20:52:16,625  INFO [main] utils.TestTxnDbUtil: Creating transactional tables
Hive Session ID = 7ebc01d5-15d9-4723-a951-b8cae7daded8
2024-04-23T20:52:16,628  INFO [main] SessionState: Hive Session ID = 7ebc01d5-15d9-4723-a951-b8cae7daded8
ivysettings.xml file not found in HIVE_HOME or HIVE_CONF_DIR,/home/alex/Repositories/hive/conf/ivysettings.xml will be used
2024-04-23T20:52:16,628  INFO [main] DependencyResolver: ivysettings.xml file not found in HIVE_HOME or HIVE_CONF_DIR,/home/alex/Repositories/hive/conf/ivysettings.xml will be used
2024-04-23T20:52:16,634  INFO [main] session.SessionState: Created HDFS directory: /home/alex/Repositories/hive/ql/target/tmp/scratchdir/alex/7ebc01d5-15d9-4723-a951-b8cae7daded8
2024-04-23T20:52:16,636  INFO [main] session.SessionState: Created local directory: /home/alex/Repositories/hive/ql/target/tmp/localscratchdir/7ebc01d5-15d9-4723-a951-b8cae7daded8
2024-04-23T20:52:16,639  INFO [main] session.SessionState: Created HDFS directory: /home/alex/Repositories/hive/ql/target/tmp/scratchdir/alex/7ebc01d5-15d9-4723-a951-b8cae7daded8/_tmp_space.db
2024-04-23T20:52:16,640  INFO [main] sqlstd.SQLStdHiveAccessController: Created SQLStdHiveAccessController for session context : HiveAuthzSessionContext [sessionString=7ebc01d5-15d9-4723-a951-b8cae7daded8, clientType=HIVECLI]
2024-04-23T20:52:16,640  INFO [main] ql.TxnCommandsBaseForTests: Running the query: drop table if exists acidTbl
2024-04-23T20:52:16,640  INFO [main] ql.Driver: Compiling command(queryId=alex_20240423205216_f1c4718d-0cc9-4733-911c-cb793b8e8842): drop table if exists acidTbl
2024-04-23T20:52:16,652  INFO [main] txn.TxnHandler: Added entries to MIN_HISTORY_LEVEL for current txns: ([1]) with min_open_txn: 1
2024-04-23T20:52:16,652  INFO [main] lockmgr.DbTxnManager: Opened txnid:1
2024-04-23T20:52:16,655  INFO [main] HiveMetaStore.audit: ugi=alex	ip=unknown-ip-addr	cmd=get_table : tbl=hive.default.acidTbl	
2024-04-23T20:52:16,658  INFO [main] ql.Driver: Semantic Analysis Completed (retrial = false)
2024-04-23T20:52:16,658  INFO [main] ql.Driver: Created Hive schema: Schema(fieldSchemas:null, properties:null)
2024-04-23T20:52:16,659  INFO [main] metadata.Hive: Dumping metastore api call timing information for : compilation phase
2024-04-23T20:52:16,659  INFO [main] metadata.Hive: Total time spent in each metastore function (ms): {flushCache_()=0, getValidTxns_(long)=3, openTxn_(String, TxnType)=11, isCompatibleWith_(Configuration)=0, commitTxn_(CommitTxnRequest)=15}
2024-04-23T20:52:16,659  INFO [main] ql.Driver: Completed compiling command(queryId=alex_20240423205216_f1c4718d-0cc9-4733-911c-cb793b8e8842); Time taken: 0.018 seconds
2024-04-23T20:52:16,659  INFO [main] lockmgr.DbTxnManager: Setting lock request transaction to txnid:1 for queryId=alex_20240423205216_f1c4718d-0cc9-4733-911c-cb793b8e8842
2024-04-23T20:52:16,659  INFO [main] ql.Driver: Operation DROPTABLE obtained 0 locks
2024-04-23T20:52:16,659  INFO [main] ql.Driver: Executing command(queryId=alex_20240423205216_f1c4718d-0cc9-4733-911c-cb793b8e8842): drop table if exists acidTbl
2024-04-23T20:52:16,659  INFO [main] ql.Driver: Starting task [Stage-0:DDL] in serial mode
2024-04-23T20:52:16,660  INFO [main] HiveMetaStore.audit: ugi=alex	ip=unknown-ip-addr	cmd=get_table : tbl=hive.default.acidTbl	
2024-04-23T20:52:16,663  INFO [main] metadata.Hive: Dumping metastore api call timing information for : execution phase
2024-04-23T20:52:16,663  INFO [main] metadata.Hive: Total time spent in each metastore function (ms): {isCompatibleWith_(Configuration)=0}
2024-04-23T20:52:16,664  INFO [main] ql.Driver: Completed executing command(queryId=alex_20240423205216_f1c4718d-0cc9-4733-911c-cb793b8e8842); Time taken: 0.004 seconds
2024-04-23T20:52:16,664  INFO [main] lockmgr.DbTxnManager: Stopped heartbeat for query: alex_20240423205216_f1c4718d-0cc9-4733-911c-cb793b8e8842
2024-04-23T20:52:16,671  INFO [main] txn.TxnHandler: Expected to move at least one record from txn_components to completed_txn_components when committing txn! txnid:1
2024-04-23T20:52:16,680  INFO [main] txn.TxnHandler: Removed transactions: ([1]) from MIN_HISTORY_LEVEL
2024-04-23T20:52:16,681  WARN [main] txn.CompactionTxnHandler: No compaction queue record found for Compaction type transaction commit. txnId:1
2024-04-23T20:52:16,681  INFO [main] ql.TxnCommandsBaseForTests: Running the query: drop table if exists acidTblPart
2024-04-23T20:52:16,682  INFO [main] ql.Driver: Compiling command(queryId=alex_20240423205216_a3644bad-e378-4762-8f8e-7176fa80af72): drop table if exists acidTblPart
2024-04-23T20:52:16,684  INFO [main] txn.TxnHandler: Added entries to MIN_HISTORY_LEVEL for current txns: ([2]) with min_open_txn: 1
2024-04-23T20:52:16,684  INFO [main] lockmgr.DbTxnManager: Opened txnid:2
2024-04-23T20:52:16,685  INFO [main] HiveMetaStore.audit: ugi=alex	ip=unknown-ip-addr	cmd=get_table : tbl=hive.default.acidTblPart	
2024-04-23T20:52:16,688  INFO [main] ql.Driver: Semantic Analysis Completed (retrial = false)
2024-04-23T20:52:16,688  INFO [main] ql.Driver: Created Hive schema: Schema(fieldSchemas:null, properties:null)
2024-04-23T20:52:16,689  INFO [main] metadata.Hive: Dumping metastore api call timing information for : compilation phase
2024-04-23T20:52:16,689  INFO [main] metadata.Hive: Total time spent in each metastore function (ms): {commitTxn_(CommitTxnRequest)=17, flushCache_()=0, openTxn_(String, TxnType)=2, isCompatibleWith_(Configuration)=0, getValidTxns_(long)=0}
2024-04-23T20:52:16,689  INFO [main] ql.Driver: Completed compiling command(queryId=alex_20240423205216_a3644bad-e378-4762-8f8e-7176fa80af72); Time taken: 0.007 seconds
2024-04-23T20:52:16,689  INFO [main] lockmgr.DbTxnManager: Setting lock request transaction to txnid:2 for queryId=alex_20240423205216_a3644bad-e378-4762-8f8e-7176fa80af72
2024-04-23T20:52:16,689  INFO [main] ql.Driver: Operation DROPTABLE obtained 0 locks
2024-04-23T20:52:16,689  INFO [main] ql.Driver: Executing command(queryId=alex_20240423205216_a3644bad-e378-4762-8f8e-7176fa80af72): drop table if exists acidTblPart
2024-04-23T20:52:16,689  INFO [main] ql.Driver: Starting task [Stage-0:DDL] in serial mode
2024-04-23T20:52:16,690  INFO [main] HiveMetaStore.audit: ugi=alex	ip=unknown-ip-addr	cmd=get_table : tbl=hive.default.acidTblPart	
2024-04-23T20:52:16,693  INFO [main] metadata.Hive: Dumping metastore api call timing information for : execution phase
2024-04-23T20:52:16,693  INFO [main] metadata.Hive: Total time spent in each metastore function (ms): {isCompatibleWith_(Configuration)=0}
2024-04-23T20:52:16,693  INFO [main] ql.Driver: Completed executing command(queryId=alex_20240423205216_a3644bad-e378-4762-8f8e-7176fa80af72); Time taken: 0.004 seconds
2024-04-23T20:52:16,694  INFO [main] lockmgr.DbTxnManager: Stopped heartbeat for query: alex_20240423205216_a3644bad-e378-4762-8f8e-7176fa80af72
2024-04-23T20:52:16,700  INFO [main] txn.TxnHandler: Expected to move at least one record from txn_components to completed_txn_components when committing txn! txnid:2
2024-04-23T20:52:16,709  INFO [main] txn.TxnHandler: Removed transactions: ([2]) from MIN_HISTORY_LEVEL
2024-04-23T20:52:16,710  WARN [main] txn.CompactionTxnHandler: No compaction queue record found for Compaction type transaction commit. txnId:2
2024-04-23T20:52:16,710  INFO [main] ql.TxnCommandsBaseForTests: Running the query: drop table if exists acidTbl2
2024-04-23T20:52:16,710  INFO [main] ql.Driver: Compiling command(queryId=alex_20240423205216_13bfc1a9-886c-418e-9ee1-e1416d851893): drop table if exists acidTbl2
2024-04-23T20:52:16,713  INFO [main] txn.TxnHandler: Added entries to MIN_HISTORY_LEVEL for current txns: ([3]) with min_open_txn: 1
2024-04-23T20:52:16,713  INFO [main] lockmgr.DbTxnManager: Opened txnid:3
2024-04-23T20:52:16,714  INFO [main] HiveMetaStore.audit: ugi=alex	ip=unknown-ip-addr	cmd=get_table : tbl=hive.default.acidTbl2	
2024-04-23T20:52:16,718  INFO [main] ql.Driver: Semantic Analysis Completed (retrial = false)
2024-04-23T20:52:16,718  INFO [main] ql.Driver: Created Hive schema: Schema(fieldSchemas:null, properties:null)
2024-04-23T20:52:16,718  INFO [main] metadata.Hive: Dumping metastore api call timing information for : compilation phase
2024-04-23T20:52:16,718  INFO [main] metadata.Hive: Total time spent in each metastore function (ms): {openTxn_(String, TxnType)=2, getValidTxns_(long)=0, flushCache_()=0, commitTxn_(CommitTxnRequest)=16, isCompatibleWith_(Configuration)=0}
2024-04-23T20:52:16,718  INFO [main] ql.Driver: Completed compiling command(queryId=alex_20240423205216_13bfc1a9-886c-418e-9ee1-e1416d851893); Time taken: 0.008 seconds
2024-04-23T20:52:16,718  INFO [main] lockmgr.DbTxnManager: Setting lock request transaction to txnid:3 for queryId=alex_20240423205216_13bfc1a9-886c-418e-9ee1-e1416d851893
2024-04-23T20:52:16,718  INFO [main] ql.Driver: Operation DROPTABLE obtained 0 locks
2024-04-23T20:52:16,718  INFO [main] ql.Driver: Executing command(queryId=alex_20240423205216_13bfc1a9-886c-418e-9ee1-e1416d851893): drop table if exists acidTbl2
2024-04-23T20:52:16,718  INFO [main] ql.Driver: Starting task [Stage-0:DDL] in serial mode
2024-04-23T20:52:16,719  INFO [main] HiveMetaStore.audit: ugi=alex	ip=unknown-ip-addr	cmd=get_table : tbl=hive.default.acidTbl2	
2024-04-23T20:52:16,722  INFO [main] metadata.Hive: Dumping metastore api call timing information for : execution phase
2024-04-23T20:52:16,722  INFO [main] metadata.Hive: Total time spent in each metastore function (ms): {isCompatibleWith_(Configuration)=0}
2024-04-23T20:52:16,723  INFO [main] ql.Driver: Completed executing command(queryId=alex_20240423205216_13bfc1a9-886c-418e-9ee1-e1416d851893); Time taken: 0.004 seconds
2024-04-23T20:52:16,723  INFO [main] lockmgr.DbTxnManager: Stopped heartbeat for query: alex_20240423205216_13bfc1a9-886c-418e-9ee1-e1416d851893
2024-04-23T20:52:16,730  INFO [main] txn.TxnHandler: Expected to move at least one record from txn_components to completed_txn_components when committing txn! txnid:3
2024-04-23T20:52:16,739  INFO [main] txn.TxnHandler: Removed transactions: ([3]) from MIN_HISTORY_LEVEL
2024-04-23T20:52:16,739  WARN [main] txn.CompactionTxnHandler: No compaction queue record found for Compaction type transaction commit. txnId:3
2024-04-23T20:52:16,740  INFO [main] ql.TxnCommandsBaseForTests: Running the query: drop table if exists nonAcidOrcTbl
2024-04-23T20:52:16,740  INFO [main] ql.Driver: Compiling command(queryId=alex_20240423205216_063622b8-084e-4abb-a2b6-06b194edb405): drop table if exists nonAcidOrcTbl
2024-04-23T20:52:16,743  INFO [main] txn.TxnHandler: Added entries to MIN_HISTORY_LEVEL for current txns: ([4]) with min_open_txn: 1
2024-04-23T20:52:16,743  INFO [main] lockmgr.DbTxnManager: Opened txnid:4
2024-04-23T20:52:16,744  INFO [main] HiveMetaStore.audit: ugi=alex	ip=unknown-ip-addr	cmd=get_table : tbl=hive.default.nonAcidOrcTbl	
2024-04-23T20:52:16,748  INFO [main] ql.Driver: Semantic Analysis Completed (retrial = false)
2024-04-23T20:52:16,748  INFO [main] ql.Driver: Created Hive schema: Schema(fieldSchemas:null, properties:null)
2024-04-23T20:52:16,748  INFO [main] metadata.Hive: Dumping metastore api call timing information for : compilation phase
2024-04-23T20:52:16,748  INFO [main] metadata.Hive: Total time spent in each metastore function (ms): {commitTxn_(CommitTxnRequest)=17, flushCache_()=0, isCompatibleWith_(Configuration)=0, getValidTxns_(long)=1, openTxn_(String, TxnType)=2}
2024-04-23T20:52:16,748  INFO [main] ql.Driver: Completed compiling command(queryId=alex_20240423205216_063622b8-084e-4abb-a2b6-06b194edb405); Time taken: 0.008 seconds
2024-04-23T20:52:16,748  INFO [main] lockmgr.DbTxnManager: Setting lock request transaction to txnid:4 for queryId=alex_20240423205216_063622b8-084e-4abb-a2b6-06b194edb405
2024-04-23T20:52:16,748  INFO [main] ql.Driver: Operation DROPTABLE obtained 0 locks
2024-04-23T20:52:16,748  INFO [main] ql.Driver: Executing command(queryId=alex_20240423205216_063622b8-084e-4abb-a2b6-06b194edb405): drop table if exists nonAcidOrcTbl
2024-04-23T20:52:16,748  INFO [main] ql.Driver: Starting task [Stage-0:DDL] in serial mode
2024-04-23T20:52:16,749  INFO [main] HiveMetaStore.audit: ugi=alex	ip=unknown-ip-addr	cmd=get_table : tbl=hive.default.nonAcidOrcTbl	
2024-04-23T20:52:16,752  INFO [main] metadata.Hive: Dumping metastore api call timing information for : execution phase
2024-04-23T20:52:16,752  INFO [main] metadata.Hive: Total time spent in each metastore function (ms): {isCompatibleWith_(Configuration)=1}
2024-04-23T20:52:16,753  INFO [main] ql.Driver: Completed executing command(queryId=alex_20240423205216_063622b8-084e-4abb-a2b6-06b194edb405); Time taken: 0.004 seconds
2024-04-23T20:52:16,753  INFO [main] lockmgr.DbTxnManager: Stopped heartbeat for query: alex_20240423205216_063622b8-084e-4abb-a2b6-06b194edb405
2024-04-23T20:52:16,760  INFO [main] txn.TxnHandler: Expected to move at least one record from txn_components to completed_txn_components when committing txn! txnid:4
2024-04-23T20:52:16,768  INFO [main] txn.TxnHandler: Removed transactions: ([4]) from MIN_HISTORY_LEVEL
2024-04-23T20:52:16,768  WARN [main] txn.CompactionTxnHandler: No compaction queue record found for Compaction type transaction commit. txnId:4
2024-04-23T20:52:16,769  INFO [main] ql.TxnCommandsBaseForTests: Running the query: drop table if exists nonAcidOrcTbl2
2024-04-23T20:52:16,769  INFO [main] ql.Driver: Compiling command(queryId=alex_20240423205216_07332441-aa1a-469d-be7b-074d1b72cfc2): drop table if exists nonAcidOrcTbl2
2024-04-23T20:52:16,772  INFO [main] txn.TxnHandler: Added entries to MIN_HISTORY_LEVEL for current txns: ([5]) with min_open_txn: 1
2024-04-23T20:52:16,772  INFO [main] lockmgr.DbTxnManager: Opened txnid:5
2024-04-23T20:52:16,773  INFO [main] HiveMetaStore.audit: ugi=alex	ip=unknown-ip-addr	cmd=get_table : tbl=hive.default.nonAcidOrcTbl2	
2024-04-23T20:52:16,776  INFO [main] ql.Driver: Semantic Analysis Completed (retrial = false)
2024-04-23T20:52:16,776  INFO [main] ql.Driver: Created Hive schema: Schema(fieldSchemas:null, properties:null)
2024-04-23T20:52:16,776  INFO [main] metadata.Hive: Dumping metastore api call timing information for : compilation phase
2024-04-23T20:52:16,776  INFO [main] metadata.Hive: Total time spent in each metastore function (ms): {isCompatibleWith_(Configuration)=0, flushCache_()=0, commitTxn_(CommitTxnRequest)=16, getValidTxns_(long)=1, openTxn_(String, TxnType)=3}
2024-04-23T20:52:16,777  INFO [main] ql.Driver: Completed compiling command(queryId=alex_20240423205216_07332441-aa1a-469d-be7b-074d1b72cfc2); Time taken: 0.007 seconds
2024-04-23T20:52:16,777  INFO [main] lockmgr.DbTxnManager: Setting lock request transaction to txnid:5 for queryId=alex_20240423205216_07332441-aa1a-469d-be7b-074d1b72cfc2
2024-04-23T20:52:16,777  INFO [main] ql.Driver: Operation DROPTABLE obtained 0 locks
2024-04-23T20:52:16,777  INFO [main] ql.Driver: Executing command(queryId=alex_20240423205216_07332441-aa1a-469d-be7b-074d1b72cfc2): drop table if exists nonAcidOrcTbl2
2024-04-23T20:52:16,777  INFO [main] ql.Driver: Starting task [Stage-0:DDL] in serial mode
2024-04-23T20:52:16,777  INFO [main] HiveMetaStore.audit: ugi=alex	ip=unknown-ip-addr	cmd=get_table : tbl=hive.default.nonAcidOrcTbl2	
2024-04-23T20:52:16,781  INFO [main] metadata.Hive: Dumping metastore api call timing information for : execution phase
2024-04-23T20:52:16,781  INFO [main] metadata.Hive: Total time spent in each metastore function (ms): {isCompatibleWith_(Configuration)=0}
2024-04-23T20:52:16,781  INFO [main] ql.Driver: Completed executing command(queryId=alex_20240423205216_07332441-aa1a-469d-be7b-074d1b72cfc2); Time taken: 0.004 seconds
2024-04-23T20:52:16,781  INFO [main] lockmgr.DbTxnManager: Stopped heartbeat for query: alex_20240423205216_07332441-aa1a-469d-be7b-074d1b72cfc2
2024-04-23T20:52:16,788  INFO [main] txn.TxnHandler: Expected to move at least one record from txn_components to completed_txn_components when committing txn! txnid:5
2024-04-23T20:52:16,796  INFO [main] txn.TxnHandler: Removed transactions: ([5]) from MIN_HISTORY_LEVEL
2024-04-23T20:52:16,796  WARN [main] txn.CompactionTxnHandler: No compaction queue record found for Compaction type transaction commit. txnId:5
2024-04-23T20:52:16,797  INFO [main] ql.TxnCommandsBaseForTests: Running the query: drop table if exists nonAcidNonBucket
2024-04-23T20:52:16,797  INFO [main] ql.Driver: Compiling command(queryId=alex_20240423205216_fd9b8b54-1197-4fed-b865-87efcf86275d): drop table if exists nonAcidNonBucket
2024-04-23T20:52:16,800  INFO [main] txn.TxnHandler: Added entries to MIN_HISTORY_LEVEL for current txns: ([6]) with min_open_txn: 1
2024-04-23T20:52:16,800  INFO [main] lockmgr.DbTxnManager: Opened txnid:6
2024-04-23T20:52:16,800  INFO [main] HiveMetaStore.audit: ugi=alex	ip=unknown-ip-addr	cmd=get_table : tbl=hive.default.nonAcidNonBucket	
2024-04-23T20:52:16,804  INFO [main] ql.Driver: Semantic Analysis Completed (retrial = false)
2024-04-23T20:52:16,804  INFO [main] ql.Driver: Created Hive schema: Schema(fieldSchemas:null, properties:null)
2024-04-23T20:52:16,804  INFO [main] metadata.Hive: Dumping metastore api call timing information for : compilation phase
2024-04-23T20:52:16,804  INFO [main] metadata.Hive: Total time spent in each metastore function (ms): {commitTxn_(CommitTxnRequest)=16, getValidTxns_(long)=0, openTxn_(String, TxnType)=2, flushCache_()=0, isCompatibleWith_(Configuration)=0}
2024-04-23T20:52:16,805  INFO [main] ql.Driver: Completed compiling command(queryId=alex_20240423205216_fd9b8b54-1197-4fed-b865-87efcf86275d); Time taken: 0.007 seconds
2024-04-23T20:52:16,805  INFO [main] lockmgr.DbTxnManager: Setting lock request transaction to txnid:6 for queryId=alex_20240423205216_fd9b8b54-1197-4fed-b865-87efcf86275d
2024-04-23T20:52:16,805  INFO [main] ql.Driver: Operation DROPTABLE obtained 0 locks
2024-04-23T20:52:16,805  INFO [main] ql.Driver: Executing command(queryId=alex_20240423205216_fd9b8b54-1197-4fed-b865-87efcf86275d): drop table if exists nonAcidNonBucket
2024-04-23T20:52:16,805  INFO [main] ql.Driver: Starting task [Stage-0:DDL] in serial mode
2024-04-23T20:52:16,805  INFO [main] HiveMetaStore.audit: ugi=alex	ip=unknown-ip-addr	cmd=get_table : tbl=hive.default.nonAcidNonBucket	
2024-04-23T20:52:16,809  INFO [main] metadata.Hive: Dumping metastore api call timing information for : execution phase
2024-04-23T20:52:16,809  INFO [main] metadata.Hive: Total time spent in each metastore function (ms): {isCompatibleWith_(Configuration)=0}
2024-04-23T20:52:16,809  INFO [main] ql.Driver: Completed executing command(queryId=alex_20240423205216_fd9b8b54-1197-4fed-b865-87efcf86275d); Time taken: 0.004 seconds
2024-04-23T20:52:16,809  INFO [main] lockmgr.DbTxnManager: Stopped heartbeat for query: alex_20240423205216_fd9b8b54-1197-4fed-b865-87efcf86275d
2024-04-23T20:52:16,816  INFO [main] txn.TxnHandler: Expected to move at least one record from txn_components to completed_txn_components when committing txn! txnid:6
2024-04-23T20:52:16,824  INFO [main] txn.TxnHandler: Removed transactions: ([6]) from MIN_HISTORY_LEVEL
2024-04-23T20:52:16,825  WARN [main] txn.CompactionTxnHandler: No compaction queue record found for Compaction type transaction commit. txnId:6
2024-04-23T20:52:16,825  INFO [main] ql.TxnCommandsBaseForTests: Running the query: create table acidTbl(a int, b int) clustered by (a) into 2 buckets stored as orc TBLPROPERTIES ('transactional'='true')
2024-04-23T20:52:16,825  INFO [main] ql.Driver: Compiling command(queryId=alex_20240423205216_d675f75f-c4e3-46ab-8938-3c4b12d2f4ea): create table acidTbl(a int, b int) clustered by (a) into 2 buckets stored as orc TBLPROPERTIES ('transactional'='true')
2024-04-23T20:52:16,828  INFO [main] txn.TxnHandler: Added entries to MIN_HISTORY_LEVEL for current txns: ([7]) with min_open_txn: 1
2024-04-23T20:52:16,829  INFO [main] lockmgr.DbTxnManager: Opened txnid:7
2024-04-23T20:52:16,829  INFO [main] parse.CalcitePlanner: Starting caching scope for: 
2024-04-23T20:52:16,829  INFO [main] parse.CalcitePlanner: Starting Semantic Analysis
2024-04-23T20:52:16,836  INFO [main] parse.CalcitePlanner: Creating table default.acidTbl position=13
2024-04-23T20:52:16,837  INFO [main] HiveMetaStore.audit: ugi=alex	ip=unknown-ip-addr	cmd=get_database: default	
2024-04-23T20:52:16,839  INFO [main] parse.CalcitePlanner: Ending caching scope for: 
2024-04-23T20:52:16,839  INFO [main] ql.Driver: Semantic Analysis Completed (retrial = false)
2024-04-23T20:52:16,839  INFO [main] ql.Driver: Created Hive schema: Schema(fieldSchemas:null, properties:null)
2024-04-23T20:52:16,839  INFO [main] metadata.Hive: Dumping metastore api call timing information for : compilation phase
2024-04-23T20:52:16,839  INFO [main] metadata.Hive: Total time spent in each metastore function (ms): {isCompatibleWith_(Configuration)=1, getValidTxns_(long)=0, getDatabase_(String)=2, flushCache_()=0, openTxn_(String, TxnType)=3, commitTxn_(CommitTxnRequest)=15, getValidWriteIds_(List, String)=7}
2024-04-23T20:52:16,839  INFO [main] ql.Driver: Completed compiling command(queryId=alex_20240423205216_d675f75f-c4e3-46ab-8938-3c4b12d2f4ea); Time taken: 0.014 seconds
2024-04-23T20:52:16,839  INFO [main] lockmgr.DbTxnManager: Setting lock request transaction to txnid:7 for queryId=alex_20240423205216_d675f75f-c4e3-46ab-8938-3c4b12d2f4ea
2024-04-23T20:52:16,840  INFO [main] lockmgr.DbLockManager: Requesting lock for queryId=alex_20240423205216_d675f75f-c4e3-46ab-8938-3c4b12d2f4ea
2024-04-23T20:52:16,863  INFO [main] lockmgr.DbLockManager: Response to queryId=alex_20240423205216_d675f75f-c4e3-46ab-8938-3c4b12d2f4ea LockResponse(lockid:1, state:ACQUIRED)
2024-04-23T20:52:16,864  INFO [main] ql.Driver: Operation CREATETABLE obtained 1 locks
2024-04-23T20:52:16,864  INFO [main] ql.Driver: Executing command(queryId=alex_20240423205216_d675f75f-c4e3-46ab-8938-3c4b12d2f4ea): create table acidTbl(a int, b int) clustered by (a) into 2 buckets stored as orc TBLPROPERTIES ('transactional'='true')
2024-04-23T20:52:16,864  INFO [main] ql.Driver: Starting task [Stage-0:DDL] in serial mode
2024-04-23T20:52:16,865  INFO [main] HiveMetaStore.audit: ugi=alex	ip=unknown-ip-addr	cmd=create_table_req: Table(tableName:acidTbl, dbName:default, owner:alex, createTime:1713930736, lastAccessTime:0, retention:0, sd:StorageDescriptor(cols:[FieldSchema(name:a, type:int, comment:null), FieldSchema(name:b, type:int, comment:null)], location:null, inputFormat:org.apache.hadoop.hive.ql.io.orc.OrcInputFormat, outputFormat:org.apache.hadoop.hive.ql.io.orc.OrcOutputFormat, compressed:false, numBuckets:2, serdeInfo:SerDeInfo(name:null, serializationLib:org.apache.hadoop.hive.ql.io.orc.OrcSerde, parameters:{serialization.format=1}), bucketCols:[a], sortCols:[], parameters:{}, skewedInfo:SkewedInfo(skewedColNames:[], skewedColValues:[], skewedColValueLocationMaps:{}), storedAsSubDirectories:false), partitionKeys:[], parameters:{transactional=true, rawDataSize=0, totalSize=0, numFilesErasureCoded=0, numRows=0, numFiles=0, COLUMN_STATS_ACCURATE={"BASIC_STATS":"true","COLUMN_STATS":{"a":"true","b":"true"}}, bucketing_version=2}, viewOriginalText:null, viewExpandedText:null, tableType:MANAGED_TABLE, privileges:PrincipalPrivilegeSet(userPrivileges:{alex=[PrivilegeGrantInfo(privilege:INSERT, createTime:-1, grantor:alex, grantorType:USER, grantOption:true), PrivilegeGrantInfo(privilege:SELECT, createTime:-1, grantor:alex, grantorType:USER, grantOption:true), PrivilegeGrantInfo(privilege:UPDATE, createTime:-1, grantor:alex, grantorType:USER, grantOption:true), PrivilegeGrantInfo(privilege:DELETE, createTime:-1, grantor:alex, grantorType:USER, grantOption:true)]}, groupPrivileges:null, rolePrivileges:null), temporary:false, catName:hive, ownerType:USER, writeId:0)	
2024-04-23T20:52:16,872  INFO [main] utils.FileUtils: Creating directory if it doesn't exist: file:/home/alex/Repositories/hive/ql/target/tmp/org.apache.hadoop.hive.ql.TestTxnNoBuckets-1713930630697/warehouse/acidtbl
2024-04-23T20:52:16,919  INFO [main] metadata.Hive: Dumping metastore api call timing information for : execution phase
2024-04-23T20:52:16,919  INFO [main] metadata.Hive: Total time spent in each metastore function (ms): {createTable_(Table)=54, isCompatibleWith_(Configuration)=0}
2024-04-23T20:52:16,919  INFO [main] ql.Driver: Completed executing command(queryId=alex_20240423205216_d675f75f-c4e3-46ab-8938-3c4b12d2f4ea); Time taken: 0.055 seconds
2024-04-23T20:52:16,919  INFO [main] lockmgr.DbTxnManager: Stopped heartbeat for query: alex_20240423205216_d675f75f-c4e3-46ab-8938-3c4b12d2f4ea
2024-04-23T20:52:16,924  INFO [main] txn.TxnHandler: Expected to move at least one record from txn_components to completed_txn_components when committing txn! txnid:7
2024-04-23T20:52:16,932  INFO [main] txn.TxnHandler: Removed transactions: ([7]) from MIN_HISTORY_LEVEL
2024-04-23T20:52:16,932  WARN [main] txn.CompactionTxnHandler: No compaction queue record found for Compaction type transaction commit. txnId:7
2024-04-23T20:52:16,933  INFO [main] ql.TxnCommandsBaseForTests: Running the query: create table acidTblPart(a int, b int) partitioned by (p string) clustered by (a) into 2 buckets stored as orc TBLPROPERTIES ('transactional'='true')
2024-04-23T20:52:16,933  INFO [main] ql.Driver: Compiling command(queryId=alex_20240423205216_93e2de01-b645-4ac5-9b47-3957714d3002): create table acidTblPart(a int, b int) partitioned by (p string) clustered by (a) into 2 buckets stored as orc TBLPROPERTIES ('transactional'='true')
2024-04-23T20:52:16,936  INFO [main] txn.TxnHandler: Added entries to MIN_HISTORY_LEVEL for current txns: ([8]) with min_open_txn: 1
2024-04-23T20:52:16,936  INFO [main] lockmgr.DbTxnManager: Opened txnid:8
2024-04-23T20:52:16,937  INFO [main] parse.CalcitePlanner: Starting caching scope for: 
2024-04-23T20:52:16,937  INFO [main] parse.CalcitePlanner: Starting Semantic Analysis
2024-04-23T20:52:16,940  INFO [main] parse.CalcitePlanner: Creating table default.acidTblPart position=13
2024-04-23T20:52:16,940  INFO [main] HiveMetaStore.audit: ugi=alex	ip=unknown-ip-addr	cmd=get_database: default	
2024-04-23T20:52:16,942  INFO [main] parse.CalcitePlanner: Ending caching scope for: 
2024-04-23T20:52:16,942  INFO [main] ql.Driver: Semantic Analysis Completed (retrial = false)
2024-04-23T20:52:16,942  INFO [main] ql.Driver: Created Hive schema: Schema(fieldSchemas:null, properties:null)
2024-04-23T20:52:16,942  INFO [main] metadata.Hive: Dumping metastore api call timing information for : compilation phase
2024-04-23T20:52:16,942  INFO [main] metadata.Hive: Total time spent in each metastore function (ms): {getDatabase_(String)=2, openTxn_(String, TxnType)=2, getValidWriteIds_(List, String)=3, isCompatibleWith_(Configuration)=0, flushCache_()=0, commitTxn_(CommitTxnRequest)=14, getValidTxns_(long)=1}
2024-04-23T20:52:16,942  INFO [main] ql.Driver: Completed compiling command(queryId=alex_20240423205216_93e2de01-b645-4ac5-9b47-3957714d3002); Time taken: 0.009 seconds
2024-04-23T20:52:16,942  INFO [main] lockmgr.DbTxnManager: Setting lock request transaction to txnid:8 for queryId=alex_20240423205216_93e2de01-b645-4ac5-9b47-3957714d3002
2024-04-23T20:52:16,943  INFO [main] lockmgr.DbLockManager: Requesting lock for queryId=alex_20240423205216_93e2de01-b645-4ac5-9b47-3957714d3002
2024-04-23T20:52:16,960  INFO [main] lockmgr.DbLockManager: Response to queryId=alex_20240423205216_93e2de01-b645-4ac5-9b47-3957714d3002 LockResponse(lockid:2, state:ACQUIRED)
2024-04-23T20:52:16,960  INFO [main] ql.Driver: Operation CREATETABLE obtained 1 locks
2024-04-23T20:52:16,961  INFO [main] ql.Driver: Executing command(queryId=alex_20240423205216_93e2de01-b645-4ac5-9b47-3957714d3002): create table acidTblPart(a int, b int) partitioned by (p string) clustered by (a) into 2 buckets stored as orc TBLPROPERTIES ('transactional'='true')
2024-04-23T20:52:16,961  INFO [main] ql.Driver: Starting task [Stage-0:DDL] in serial mode
2024-04-23T20:52:16,962  INFO [main] HiveMetaStore.audit: ugi=alex	ip=unknown-ip-addr	cmd=create_table_req: Table(tableName:acidTblPart, dbName:default, owner:alex, createTime:1713930736, lastAccessTime:0, retention:0, sd:StorageDescriptor(cols:[FieldSchema(name:a, type:int, comment:null), FieldSchema(name:b, type:int, comment:null)], location:null, inputFormat:org.apache.hadoop.hive.ql.io.orc.OrcInputFormat, outputFormat:org.apache.hadoop.hive.ql.io.orc.OrcOutputFormat, compressed:false, numBuckets:2, serdeInfo:SerDeInfo(name:null, serializationLib:org.apache.hadoop.hive.ql.io.orc.OrcSerde, parameters:{serialization.format=1}), bucketCols:[a], sortCols:[], parameters:{}, skewedInfo:SkewedInfo(skewedColNames:[], skewedColValues:[], skewedColValueLocationMaps:{}), storedAsSubDirectories:false), partitionKeys:[FieldSchema(name:p, type:string, comment:null)], parameters:{transactional=true, bucketing_version=2}, viewOriginalText:null, viewExpandedText:null, tableType:MANAGED_TABLE, privileges:PrincipalPrivilegeSet(userPrivileges:{alex=[PrivilegeGrantInfo(privilege:INSERT, createTime:-1, grantor:alex, grantorType:USER, grantOption:true), PrivilegeGrantInfo(privilege:SELECT, createTime:-1, grantor:alex, grantorType:USER, grantOption:true), PrivilegeGrantInfo(privilege:UPDATE, createTime:-1, grantor:alex, grantorType:USER, grantOption:true), PrivilegeGrantInfo(privilege:DELETE, createTime:-1, grantor:alex, grantorType:USER, grantOption:true)]}, groupPrivileges:null, rolePrivileges:null), temporary:false, catName:hive, ownerType:USER, writeId:0)	
2024-04-23T20:52:16,968  INFO [main] utils.FileUtils: Creating directory if it doesn't exist: file:/home/alex/Repositories/hive/ql/target/tmp/org.apache.hadoop.hive.ql.TestTxnNoBuckets-1713930630697/warehouse/acidtblpart
2024-04-23T20:52:16,986  INFO [main] metadata.Hive: Dumping metastore api call timing information for : execution phase
2024-04-23T20:52:16,986  INFO [main] metadata.Hive: Total time spent in each metastore function (ms): {isCompatibleWith_(Configuration)=0, createTable_(Table)=25}
2024-04-23T20:52:16,986  INFO [main] ql.Driver: Completed executing command(queryId=alex_20240423205216_93e2de01-b645-4ac5-9b47-3957714d3002); Time taken: 0.025 seconds
2024-04-23T20:52:16,986  INFO [main] lockmgr.DbTxnManager: Stopped heartbeat for query: alex_20240423205216_93e2de01-b645-4ac5-9b47-3957714d3002
2024-04-23T20:52:16,991  INFO [main] txn.TxnHandler: Expected to move at least one record from txn_components to completed_txn_components when committing txn! txnid:8
2024-04-23T20:52:17,179  INFO [main] txn.TxnHandler: Removed transactions: ([8]) from MIN_HISTORY_LEVEL
2024-04-23T20:52:17,179  WARN [main] txn.CompactionTxnHandler: No compaction queue record found for Compaction type transaction commit. txnId:8
2024-04-23T20:52:17,180  INFO [main] ql.TxnCommandsBaseForTests: Running the query: create table nonAcidOrcTbl(a int, b int) clustered by (a) into 2 buckets stored as orc TBLPROPERTIES ('transactional'='false')
2024-04-23T20:52:17,181  INFO [main] ql.Driver: Compiling command(queryId=alex_20240423205217_2a395b5e-2573-47f4-b1b4-dd8389f363f7): create table nonAcidOrcTbl(a int, b int) clustered by (a) into 2 buckets stored as orc TBLPROPERTIES ('transactional'='false')
2024-04-23T20:52:17,184  INFO [main] txn.TxnHandler: Added entries to MIN_HISTORY_LEVEL for current txns: ([9]) with min_open_txn: 1
2024-04-23T20:52:17,184  INFO [main] lockmgr.DbTxnManager: Opened txnid:9
2024-04-23T20:52:17,185  INFO [main] parse.CalcitePlanner: Starting caching scope for: 
2024-04-23T20:52:17,185  INFO [main] parse.CalcitePlanner: Starting Semantic Analysis
2024-04-23T20:52:17,189  INFO [main] parse.CalcitePlanner: Creating table default.nonAcidOrcTbl position=13
2024-04-23T20:52:17,189  INFO [main] HiveMetaStore.audit: ugi=alex	ip=unknown-ip-addr	cmd=get_database: default	
2024-04-23T20:52:17,191  INFO [main] parse.CalcitePlanner: Ending caching scope for: 
2024-04-23T20:52:17,191  INFO [main] ql.Driver: Semantic Analysis Completed (retrial = false)
2024-04-23T20:52:17,191  INFO [main] ql.Driver: Created Hive schema: Schema(fieldSchemas:null, properties:null)
2024-04-23T20:52:17,191  INFO [main] metadata.Hive: Dumping metastore api call timing information for : compilation phase
2024-04-23T20:52:17,191  INFO [main] metadata.Hive: Total time spent in each metastore function (ms): {isCompatibleWith_(Configuration)=0, getValidWriteIds_(List, String)=4, flushCache_()=0, getDatabase_(String)=2, getValidTxns_(long)=1, commitTxn_(CommitTxnRequest)=194, openTxn_(String, TxnType)=3}
2024-04-23T20:52:17,191  INFO [main] ql.Driver: Completed compiling command(queryId=alex_20240423205217_2a395b5e-2573-47f4-b1b4-dd8389f363f7); Time taken: 0.01 seconds
2024-04-23T20:52:17,192  INFO [main] lockmgr.DbTxnManager: Setting lock request transaction to txnid:9 for queryId=alex_20240423205217_2a395b5e-2573-47f4-b1b4-dd8389f363f7
2024-04-23T20:52:17,192  INFO [main] lockmgr.DbLockManager: Requesting lock for queryId=alex_20240423205217_2a395b5e-2573-47f4-b1b4-dd8389f363f7
2024-04-23T20:52:17,206  INFO [main] lockmgr.DbLockManager: Response to queryId=alex_20240423205217_2a395b5e-2573-47f4-b1b4-dd8389f363f7 LockResponse(lockid:3, state:ACQUIRED)
2024-04-23T20:52:17,207  INFO [main] ql.Driver: Operation CREATETABLE obtained 1 locks
2024-04-23T20:52:17,207  INFO [main] ql.Driver: Executing command(queryId=alex_20240423205217_2a395b5e-2573-47f4-b1b4-dd8389f363f7): create table nonAcidOrcTbl(a int, b int) clustered by (a) into 2 buckets stored as orc TBLPROPERTIES ('transactional'='false')
2024-04-23T20:52:17,207  INFO [main] ql.Driver: Starting task [Stage-0:DDL] in serial mode
2024-04-23T20:52:17,208  INFO [main] HiveMetaStore.audit: ugi=alex	ip=unknown-ip-addr	cmd=create_table_req: Table(tableName:nonAcidOrcTbl, dbName:default, owner:alex, createTime:1713930737, lastAccessTime:0, retention:0, sd:StorageDescriptor(cols:[FieldSchema(name:a, type:int, comment:null), FieldSchema(name:b, type:int, comment:null)], location:null, inputFormat:org.apache.hadoop.hive.ql.io.orc.OrcInputFormat, outputFormat:org.apache.hadoop.hive.ql.io.orc.OrcOutputFormat, compressed:false, numBuckets:2, serdeInfo:SerDeInfo(name:null, serializationLib:org.apache.hadoop.hive.ql.io.orc.OrcSerde, parameters:{serialization.format=1}), bucketCols:[a], sortCols:[], parameters:{}, skewedInfo:SkewedInfo(skewedColNames:[], skewedColValues:[], skewedColValueLocationMaps:{}), storedAsSubDirectories:false), partitionKeys:[], parameters:{numFiles=0, numRows=0, transactional=false, COLUMN_STATS_ACCURATE={"BASIC_STATS":"true","COLUMN_STATS":{"a":"true","b":"true"}}, rawDataSize=0, totalSize=0, bucketing_version=2, numFilesErasureCoded=0}, viewOriginalText:null, viewExpandedText:null, tableType:MANAGED_TABLE, privileges:PrincipalPrivilegeSet(userPrivileges:{alex=[PrivilegeGrantInfo(privilege:INSERT, createTime:-1, grantor:alex, grantorType:USER, grantOption:true), PrivilegeGrantInfo(privilege:SELECT, createTime:-1, grantor:alex, grantorType:USER, grantOption:true), PrivilegeGrantInfo(privilege:UPDATE, createTime:-1, grantor:alex, grantorType:USER, grantOption:true), PrivilegeGrantInfo(privilege:DELETE, createTime:-1, grantor:alex, grantorType:USER, grantOption:true)]}, groupPrivileges:null, rolePrivileges:null), temporary:false, catName:hive, ownerType:USER)	
2024-04-23T20:52:17,214  INFO [main] utils.FileUtils: Creating directory if it doesn't exist: file:/home/alex/Repositories/hive/ql/target/tmp/org.apache.hadoop.hive.ql.TestTxnNoBuckets-1713930630697/warehouse/nonacidorctbl
2024-04-23T20:52:17,231  INFO [main] metadata.Hive: Dumping metastore api call timing information for : execution phase
2024-04-23T20:52:17,231  INFO [main] metadata.Hive: Total time spent in each metastore function (ms): {isCompatibleWith_(Configuration)=0, createTable_(Table)=22}
2024-04-23T20:52:17,231  INFO [main] ql.Driver: Completed executing command(queryId=alex_20240423205217_2a395b5e-2573-47f4-b1b4-dd8389f363f7); Time taken: 0.024 seconds
2024-04-23T20:52:17,231  INFO [main] lockmgr.DbTxnManager: Stopped heartbeat for query: alex_20240423205217_2a395b5e-2573-47f4-b1b4-dd8389f363f7
2024-04-23T20:52:17,235  INFO [main] txn.TxnHandler: Expected to move at least one record from txn_components to completed_txn_components when committing txn! txnid:9
2024-04-23T20:52:17,241  INFO [main] txn.TxnHandler: Removed transactions: ([9]) from MIN_HISTORY_LEVEL
2024-04-23T20:52:17,241  WARN [main] txn.CompactionTxnHandler: No compaction queue record found for Compaction type transaction commit. txnId:9
2024-04-23T20:52:17,242  INFO [main] ql.TxnCommandsBaseForTests: Running the query: create table nonAcidOrcTbl2(a int, b int) clustered by (a) into 2 buckets stored as orc TBLPROPERTIES ('transactional'='false')
2024-04-23T20:52:17,242  INFO [main] ql.Driver: Compiling command(queryId=alex_20240423205217_0a3b545e-c58c-461c-b974-45d67bfc34f3): create table nonAcidOrcTbl2(a int, b int) clustered by (a) into 2 buckets stored as orc TBLPROPERTIES ('transactional'='false')
2024-04-23T20:52:17,245  INFO [main] txn.TxnHandler: Added entries to MIN_HISTORY_LEVEL for current txns: ([10]) with min_open_txn: 1
2024-04-23T20:52:17,245  INFO [main] lockmgr.DbTxnManager: Opened txnid:10
2024-04-23T20:52:17,246  INFO [main] parse.CalcitePlanner: Starting caching scope for: 
2024-04-23T20:52:17,246  INFO [main] parse.CalcitePlanner: Starting Semantic Analysis
2024-04-23T20:52:17,248  INFO [main] parse.CalcitePlanner: Creating table default.nonAcidOrcTbl2 position=13
2024-04-23T20:52:17,248  INFO [main] HiveMetaStore.audit: ugi=alex	ip=unknown-ip-addr	cmd=get_database: default	
2024-04-23T20:52:17,250  INFO [main] parse.CalcitePlanner: Ending caching scope for: 
2024-04-23T20:52:17,250  INFO [main] ql.Driver: Semantic Analysis Completed (retrial = false)
2024-04-23T20:52:17,250  INFO [main] ql.Driver: Created Hive schema: Schema(fieldSchemas:null, properties:null)
2024-04-23T20:52:17,250  INFO [main] metadata.Hive: Dumping metastore api call timing information for : compilation phase
2024-04-23T20:52:17,250  INFO [main] metadata.Hive: Total time spent in each metastore function (ms): {isCompatibleWith_(Configuration)=0, getValidTxns_(long)=1, flushCache_()=0, openTxn_(String, TxnType)=2, commitTxn_(CommitTxnRequest)=11, getValidWriteIds_(List, String)=2, getDatabase_(String)=2}
2024-04-23T20:52:17,250  INFO [main] ql.Driver: Completed compiling command(queryId=alex_20240423205217_0a3b545e-c58c-461c-b974-45d67bfc34f3); Time taken: 0.008 seconds
2024-04-23T20:52:17,250  INFO [main] lockmgr.DbTxnManager: Setting lock request transaction to txnid:10 for queryId=alex_20240423205217_0a3b545e-c58c-461c-b974-45d67bfc34f3
2024-04-23T20:52:17,251  INFO [main] lockmgr.DbLockManager: Requesting lock for queryId=alex_20240423205217_0a3b545e-c58c-461c-b974-45d67bfc34f3
2024-04-23T20:52:17,266  INFO [main] lockmgr.DbLockManager: Response to queryId=alex_20240423205217_0a3b545e-c58c-461c-b974-45d67bfc34f3 LockResponse(lockid:4, state:ACQUIRED)
2024-04-23T20:52:17,266  INFO [main] ql.Driver: Operation CREATETABLE obtained 1 locks
2024-04-23T20:52:17,266  INFO [main] ql.Driver: Executing command(queryId=alex_20240423205217_0a3b545e-c58c-461c-b974-45d67bfc34f3): create table nonAcidOrcTbl2(a int, b int) clustered by (a) into 2 buckets stored as orc TBLPROPERTIES ('transactional'='false')
2024-04-23T20:52:17,266  INFO [main] ql.Driver: Starting task [Stage-0:DDL] in serial mode
2024-04-23T20:52:17,267  INFO [main] HiveMetaStore.audit: ugi=alex	ip=unknown-ip-addr	cmd=create_table_req: Table(tableName:nonAcidOrcTbl2, dbName:default, owner:alex, createTime:1713930737, lastAccessTime:0, retention:0, sd:StorageDescriptor(cols:[FieldSchema(name:a, type:int, comment:null), FieldSchema(name:b, type:int, comment:null)], location:null, inputFormat:org.apache.hadoop.hive.ql.io.orc.OrcInputFormat, outputFormat:org.apache.hadoop.hive.ql.io.orc.OrcOutputFormat, compressed:false, numBuckets:2, serdeInfo:SerDeInfo(name:null, serializationLib:org.apache.hadoop.hive.ql.io.orc.OrcSerde, parameters:{serialization.format=1}), bucketCols:[a], sortCols:[], parameters:{}, skewedInfo:SkewedInfo(skewedColNames:[], skewedColValues:[], skewedColValueLocationMaps:{}), storedAsSubDirectories:false), partitionKeys:[], parameters:{totalSize=0, bucketing_version=2, transactional=false, numRows=0, COLUMN_STATS_ACCURATE={"BASIC_STATS":"true","COLUMN_STATS":{"a":"true","b":"true"}}, rawDataSize=0, numFiles=0, numFilesErasureCoded=0}, viewOriginalText:null, viewExpandedText:null, tableType:MANAGED_TABLE, privileges:PrincipalPrivilegeSet(userPrivileges:{alex=[PrivilegeGrantInfo(privilege:INSERT, createTime:-1, grantor:alex, grantorType:USER, grantOption:true), PrivilegeGrantInfo(privilege:SELECT, createTime:-1, grantor:alex, grantorType:USER, grantOption:true), PrivilegeGrantInfo(privilege:UPDATE, createTime:-1, grantor:alex, grantorType:USER, grantOption:true), PrivilegeGrantInfo(privilege:DELETE, createTime:-1, grantor:alex, grantorType:USER, grantOption:true)]}, groupPrivileges:null, rolePrivileges:null), temporary:false, catName:hive, ownerType:USER)	
2024-04-23T20:52:17,273  INFO [main] utils.FileUtils: Creating directory if it doesn't exist: file:/home/alex/Repositories/hive/ql/target/tmp/org.apache.hadoop.hive.ql.TestTxnNoBuckets-1713930630697/warehouse/nonacidorctbl2
2024-04-23T20:52:17,293  INFO [main] metadata.Hive: Dumping metastore api call timing information for : execution phase
2024-04-23T20:52:17,293  INFO [main] metadata.Hive: Total time spent in each metastore function (ms): {isCompatibleWith_(Configuration)=0, createTable_(Table)=26}
2024-04-23T20:52:17,293  INFO [main] ql.Driver: Completed executing command(queryId=alex_20240423205217_0a3b545e-c58c-461c-b974-45d67bfc34f3); Time taken: 0.027 seconds
2024-04-23T20:52:17,293  INFO [main] lockmgr.DbTxnManager: Stopped heartbeat for query: alex_20240423205217_0a3b545e-c58c-461c-b974-45d67bfc34f3
2024-04-23T20:52:17,298  INFO [main] txn.TxnHandler: Expected to move at least one record from txn_components to completed_txn_components when committing txn! txnid:10
2024-04-23T20:52:17,304  INFO [main] txn.TxnHandler: Removed transactions: ([10]) from MIN_HISTORY_LEVEL
2024-04-23T20:52:17,304  WARN [main] txn.CompactionTxnHandler: No compaction queue record found for Compaction type transaction commit. txnId:10
2024-04-23T20:52:17,305  INFO [main] ql.TxnCommandsBaseForTests: Running the query: create temporary  table acidTbl2(a int, b int, c int) clustered by (c) into 2 buckets stored as orc TBLPROPERTIES ('transactional'='true')
2024-04-23T20:52:17,305  INFO [main] ql.Driver: Compiling command(queryId=alex_20240423205217_336734b1-3b89-4767-b35f-9458620874e6): create temporary  table acidTbl2(a int, b int, c int) clustered by (c) into 2 buckets stored as orc TBLPROPERTIES ('transactional'='true')
2024-04-23T20:52:17,308  INFO [main] txn.TxnHandler: Added entries to MIN_HISTORY_LEVEL for current txns: ([11]) with min_open_txn: 1
2024-04-23T20:52:17,308  INFO [main] lockmgr.DbTxnManager: Opened txnid:11
2024-04-23T20:52:17,308  INFO [main] parse.CalcitePlanner: Starting caching scope for: 
2024-04-23T20:52:17,309  INFO [main] parse.CalcitePlanner: Starting Semantic Analysis
2024-04-23T20:52:17,311  INFO [main] parse.CalcitePlanner: Creating table default.acidTbl2 position=24
2024-04-23T20:52:17,312  INFO [main] HiveMetaStore.audit: ugi=alex	ip=unknown-ip-addr	cmd=get_database: default	
2024-04-23T20:52:17,313  INFO [main] parse.CalcitePlanner: Ending caching scope for: 
2024-04-23T20:52:17,313  INFO [main] ql.Driver: Semantic Analysis Completed (retrial = false)
2024-04-23T20:52:17,313  INFO [main] ql.Driver: Created Hive schema: Schema(fieldSchemas:null, properties:null)
2024-04-23T20:52:17,314  INFO [main] metadata.Hive: Dumping metastore api call timing information for : compilation phase
2024-04-23T20:52:17,314  INFO [main] metadata.Hive: Total time spent in each metastore function (ms): {commitTxn_(CommitTxnRequest)=12, getValidWriteIds_(List, String)=2, flushCache_()=0, openTxn_(String, TxnType)=2, isCompatibleWith_(Configuration)=0, getValidTxns_(long)=0, getDatabase_(String)=1}
2024-04-23T20:52:17,314  INFO [main] ql.Driver: Completed compiling command(queryId=alex_20240423205217_336734b1-3b89-4767-b35f-9458620874e6); Time taken: 0.009 seconds
2024-04-23T20:52:17,314  INFO [main] lockmgr.DbTxnManager: Setting lock request transaction to txnid:11 for queryId=alex_20240423205217_336734b1-3b89-4767-b35f-9458620874e6
2024-04-23T20:52:17,315  INFO [main] lockmgr.DbLockManager: Requesting lock for queryId=alex_20240423205217_336734b1-3b89-4767-b35f-9458620874e6
2024-04-23T20:52:17,328  INFO [main] lockmgr.DbLockManager: Response to queryId=alex_20240423205217_336734b1-3b89-4767-b35f-9458620874e6 LockResponse(lockid:5, state:ACQUIRED)
2024-04-23T20:52:17,328  INFO [main] ql.Driver: Operation CREATETABLE obtained 1 locks
2024-04-23T20:52:17,328  INFO [main] ql.Driver: Executing command(queryId=alex_20240423205217_336734b1-3b89-4767-b35f-9458620874e6): create temporary  table acidTbl2(a int, b int, c int) clustered by (c) into 2 buckets stored as orc TBLPROPERTIES ('transactional'='true')
2024-04-23T20:52:17,329  INFO [main] ql.Driver: Starting task [Stage-0:DDL] in serial mode
2024-04-23T20:52:17,330  INFO [main] utils.FileUtils: Creating directory if it doesn't exist: file:/home/alex/Repositories/hive/ql/target/tmp/scratchdir/alex/7ebc01d5-15d9-4723-a951-b8cae7daded8/_tmp_space.db/3840cdf6-cd05-4b67-9ef8-00a1433e22a4
2024-04-23T20:52:17,333  INFO [main] metadata.Hive: Dumping metastore api call timing information for : execution phase
2024-04-23T20:52:17,333  INFO [main] metadata.Hive: Total time spent in each metastore function (ms): {isCompatibleWith_(Configuration)=0, createTable_(Table)=4}
2024-04-23T20:52:17,333  INFO [main] ql.Driver: Completed executing command(queryId=alex_20240423205217_336734b1-3b89-4767-b35f-9458620874e6); Time taken: 0.005 seconds
2024-04-23T20:52:17,333  INFO [main] lockmgr.DbTxnManager: Stopped heartbeat for query: alex_20240423205217_336734b1-3b89-4767-b35f-9458620874e6
2024-04-23T20:52:17,337  INFO [main] txn.TxnHandler: Expected to move at least one record from txn_components to completed_txn_components when committing txn! txnid:11
2024-04-23T20:52:17,343  INFO [main] txn.TxnHandler: Removed transactions: ([11]) from MIN_HISTORY_LEVEL
2024-04-23T20:52:17,343  WARN [main] txn.CompactionTxnHandler: No compaction queue record found for Compaction type transaction commit. txnId:11
2024-04-23T20:52:17,343  INFO [main] ql.TxnCommandsBaseForTests: Running the query: create table nonAcidNonBucket(a int, b int) stored as orc TBLPROPERTIES ('transactional'='false')
2024-04-23T20:52:17,344  INFO [main] ql.Driver: Compiling command(queryId=alex_20240423205217_7404714b-921f-4d7c-bb99-21f283f517c0): create table nonAcidNonBucket(a int, b int) stored as orc TBLPROPERTIES ('transactional'='false')
2024-04-23T20:52:17,346  INFO [main] txn.TxnHandler: Added entries to MIN_HISTORY_LEVEL for current txns: ([12]) with min_open_txn: 1
2024-04-23T20:52:17,346  INFO [main] lockmgr.DbTxnManager: Opened txnid:12
2024-04-23T20:52:17,347  INFO [main] parse.CalcitePlanner: Starting caching scope for: 
2024-04-23T20:52:17,347  INFO [main] parse.CalcitePlanner: Starting Semantic Analysis
2024-04-23T20:52:17,349  INFO [main] parse.CalcitePlanner: Creating table default.nonAcidNonBucket position=13
2024-04-23T20:52:17,349  INFO [main] HiveMetaStore.audit: ugi=alex	ip=unknown-ip-addr	cmd=get_database: default	
2024-04-23T20:52:17,351  INFO [main] parse.CalcitePlanner: Ending caching scope for: 
2024-04-23T20:52:17,351  INFO [main] ql.Driver: Semantic Analysis Completed (retrial = false)
2024-04-23T20:52:17,351  INFO [main] ql.Driver: Created Hive schema: Schema(fieldSchemas:null, properties:null)
2024-04-23T20:52:17,351  INFO [main] metadata.Hive: Dumping metastore api call timing information for : compilation phase
2024-04-23T20:52:17,351  INFO [main] metadata.Hive: Total time spent in each metastore function (ms): {getValidTxns_(long)=1, openTxn_(String, TxnType)=2, commitTxn_(CommitTxnRequest)=9, isCompatibleWith_(Configuration)=1, getDatabase_(String)=2, flushCache_()=0, getValidWriteIds_(List, String)=2}
2024-04-23T20:52:17,351  INFO [main] ql.Driver: Completed compiling command(queryId=alex_20240423205217_7404714b-921f-4d7c-bb99-21f283f517c0); Time taken: 0.007 seconds
2024-04-23T20:52:17,352  INFO [main] lockmgr.DbTxnManager: Setting lock request transaction to txnid:12 for queryId=alex_20240423205217_7404714b-921f-4d7c-bb99-21f283f517c0
2024-04-23T20:52:17,352  INFO [main] lockmgr.DbLockManager: Requesting lock for queryId=alex_20240423205217_7404714b-921f-4d7c-bb99-21f283f517c0
2024-04-23T20:52:17,365  INFO [main] lockmgr.DbLockManager: Response to queryId=alex_20240423205217_7404714b-921f-4d7c-bb99-21f283f517c0 LockResponse(lockid:6, state:ACQUIRED)
2024-04-23T20:52:17,365  INFO [main] ql.Driver: Operation CREATETABLE obtained 1 locks
2024-04-23T20:52:17,365  INFO [main] ql.Driver: Executing command(queryId=alex_20240423205217_7404714b-921f-4d7c-bb99-21f283f517c0): create table nonAcidNonBucket(a int, b int) stored as orc TBLPROPERTIES ('transactional'='false')
2024-04-23T20:52:17,366  INFO [main] ql.Driver: Starting task [Stage-0:DDL] in serial mode
2024-04-23T20:52:17,366  INFO [main] HiveMetaStore.audit: ugi=alex	ip=unknown-ip-addr	cmd=create_table_req: Table(tableName:nonAcidNonBucket, dbName:default, owner:alex, createTime:1713930737, lastAccessTime:0, retention:0, sd:StorageDescriptor(cols:[FieldSchema(name:a, type:int, comment:null), FieldSchema(name:b, type:int, comment:null)], location:null, inputFormat:org.apache.hadoop.hive.ql.io.orc.OrcInputFormat, outputFormat:org.apache.hadoop.hive.ql.io.orc.OrcOutputFormat, compressed:false, numBuckets:-1, serdeInfo:SerDeInfo(name:null, serializationLib:org.apache.hadoop.hive.ql.io.orc.OrcSerde, parameters:{serialization.format=1}), bucketCols:[], sortCols:[], parameters:{}, skewedInfo:SkewedInfo(skewedColNames:[], skewedColValues:[], skewedColValueLocationMaps:{}), storedAsSubDirectories:false), partitionKeys:[], parameters:{numRows=0, bucketing_version=2, numFilesErasureCoded=0, COLUMN_STATS_ACCURATE={"BASIC_STATS":"true","COLUMN_STATS":{"a":"true","b":"true"}}, rawDataSize=0, numFiles=0, totalSize=0, transactional=false}, viewOriginalText:null, viewExpandedText:null, tableType:MANAGED_TABLE, privileges:PrincipalPrivilegeSet(userPrivileges:{alex=[PrivilegeGrantInfo(privilege:INSERT, createTime:-1, grantor:alex, grantorType:USER, grantOption:true), PrivilegeGrantInfo(privilege:SELECT, createTime:-1, grantor:alex, grantorType:USER, grantOption:true), PrivilegeGrantInfo(privilege:UPDATE, createTime:-1, grantor:alex, grantorType:USER, grantOption:true), PrivilegeGrantInfo(privilege:DELETE, createTime:-1, grantor:alex, grantorType:USER, grantOption:true)]}, groupPrivileges:null, rolePrivileges:null), temporary:false, catName:hive, ownerType:USER)	
2024-04-23T20:52:17,372  INFO [main] utils.FileUtils: Creating directory if it doesn't exist: file:/home/alex/Repositories/hive/ql/target/tmp/org.apache.hadoop.hive.ql.TestTxnNoBuckets-1713930630697/warehouse/nonacidnonbucket
2024-04-23T20:52:17,387  INFO [main] metadata.Hive: Dumping metastore api call timing information for : execution phase
2024-04-23T20:52:17,387  INFO [main] metadata.Hive: Total time spent in each metastore function (ms): {createTable_(Table)=21, isCompatibleWith_(Configuration)=0}
2024-04-23T20:52:17,388  INFO [main] ql.Driver: Completed executing command(queryId=alex_20240423205217_7404714b-921f-4d7c-bb99-21f283f517c0); Time taken: 0.022 seconds
2024-04-23T20:52:17,388  INFO [main] lockmgr.DbTxnManager: Stopped heartbeat for query: alex_20240423205217_7404714b-921f-4d7c-bb99-21f283f517c0
2024-04-23T20:52:17,391  INFO [main] txn.TxnHandler: Expected to move at least one record from txn_components to completed_txn_components when committing txn! txnid:12
2024-04-23T20:52:17,397  INFO [main] txn.TxnHandler: Removed transactions: ([12]) from MIN_HISTORY_LEVEL
2024-04-23T20:52:17,397  WARN [main] txn.CompactionTxnHandler: No compaction queue record found for Compaction type transaction commit. txnId:12
2024-04-23T20:52:17,398  INFO [main] ql.TxnCommandsBaseForTests: Running the query: insert into acidTbl values(1,2),(2,4),(5,6),(6,8),(9,10)
2024-04-23T20:52:17,399  INFO [main] ql.Driver: Compiling command(queryId=alex_20240423205217_9ab479aa-e9a9-47fe-91ff-f022a5ff0d42): insert into acidTbl values(1,2),(2,4),(5,6),(6,8),(9,10)
2024-04-23T20:52:17,401  INFO [main] txn.TxnHandler: Added entries to MIN_HISTORY_LEVEL for current txns: ([13]) with min_open_txn: 1
2024-04-23T20:52:17,401  INFO [main] lockmgr.DbTxnManager: Opened txnid:13
2024-04-23T20:52:17,402  INFO [main] parse.CalcitePlanner: Starting caching scope for: alex_20240423205217_9ab479aa-e9a9-47fe-91ff-f022a5ff0d42
2024-04-23T20:52:17,402  INFO [main] parse.CalcitePlanner: Starting Semantic Analysis
2024-04-23T20:52:17,405  INFO [main] HiveMetaStore.audit: ugi=alex	ip=unknown-ip-addr	cmd=get_table : tbl=hive.default.acidTbl	
2024-04-23T20:52:17,425  INFO [main] metastore.HMSHandler: Skipping translation for processor with null
2024-04-23T20:52:17,425  INFO [main] parse.CalcitePlanner: Completed phase 1 of Semantic Analysis
2024-04-23T20:52:17,425  INFO [main] parse.CalcitePlanner: Get metadata for source tables
2024-04-23T20:52:17,425  INFO [main] parse.CalcitePlanner: Get metadata for subqueries
2024-04-23T20:52:17,425  INFO [main] parse.CalcitePlanner: Get metadata for destination tables
2024-04-23T20:52:17,425  INFO [main] HiveMetaStore.audit: ugi=alex	ip=unknown-ip-addr	cmd=get_table : tbl=hive.default.acidTbl	
2024-04-23T20:52:17,433  INFO [main] metastore.HMSHandler: Skipping translation for processor with null
2024-04-23T20:52:17,433  INFO [main] parse.CalcitePlanner: Completed getting MetaData in Semantic Analysis
2024-04-23T20:52:17,433  INFO [main] parse.CalcitePlanner: Disabling LLAP IO encode as ETL query is detected
2024-04-23T20:52:17,455  INFO [main] HiveMetaStore.audit: ugi=alex	ip=unknown-ip-addr	cmd=get_all_table_constraints : tbl=hive._dummy_database._dummy_table	
2024-04-23T20:52:17,526  INFO [main] parse.CalcitePlanner: Get metadata for source tables
2024-04-23T20:52:17,526  INFO [main] parse.CalcitePlanner: Get metadata for subqueries
2024-04-23T20:52:17,526  INFO [main] parse.CalcitePlanner: Get metadata for source tables
2024-04-23T20:52:17,526  INFO [main] HiveMetaStore.audit: ugi=alex	ip=unknown-ip-addr	cmd=get_table : tbl=hive._dummy_database._dummy_table	
2024-04-23T20:52:17,528  INFO [main] parse.CalcitePlanner: Get metadata for subqueries
2024-04-23T20:52:17,528  INFO [main] parse.CalcitePlanner: Get metadata for destination tables
2024-04-23T20:52:17,529  INFO [main] parse.CalcitePlanner: Get metadata for destination tables
2024-04-23T20:52:17,531  INFO [main] HiveMetaStore.audit: ugi=alex	ip=unknown-ip-addr	cmd=get_not_null_constraints : tbl=hive.default.acidtbl	
2024-04-23T20:52:17,532  INFO [main] HiveMetaStore.audit: ugi=alex	ip=unknown-ip-addr	cmd=get_check_constraints : tbl=hive.default.acidtbl	
2024-04-23T20:52:17,540  INFO [main] txn.TxnHandler: Allocated writeId: 1 for txnId: 13
2024-04-23T20:52:17,540  INFO [main] txn.TxnHandler: Allocated write ids for dbName=default, tblName=acidtbl (txnIds: [13])
2024-04-23T20:52:17,541  INFO [main] parse.CalcitePlanner: CBO Succeeded; optimized logical plan.
2024-04-23T20:52:17,545  INFO [main] optimizer.ColumnPrunerProcFactory: RS 4 oldColExprMap: {KEY.reducesinkkey0=Column[_col0], VALUE._col0=Column[_col1]}
2024-04-23T20:52:17,545  INFO [main] optimizer.ColumnPrunerProcFactory: RS 4 newColExprMap: {VALUE._col0=Column[_col1], KEY.reducesinkkey0=Column[_col0]}
2024-04-23T20:52:17,545  INFO [main] optimizer.BucketVersionPopulator: not considering bucketingVersion for: TS[0] because it has -1<2 buckets 
2024-04-23T20:52:17,546  INFO [main] optimizer.SortedDynPartitionOptimizer: Sorted dynamic partitioning optimization kicked in..
2024-04-23T20:52:17,555  INFO [main] HiveMetaStore.audit: ugi=alex	ip=unknown-ip-addr	cmd=get_table : tbl=hive.default.acidtbl	
2024-04-23T20:52:17,562  INFO [main] metastore.HMSHandler: Skipping translation for processor with null
2024-04-23T20:52:17,562  INFO [main] physical.Vectorizer: Examining input format to see if vectorization is enabled.
2024-04-23T20:52:17,563  INFO [main] physical.Vectorizer: Map vectorization enabled: false
2024-04-23T20:52:17,563  INFO [main] physical.Vectorizer: Map vectorized: false
2024-04-23T20:52:17,563  INFO [main] physical.Vectorizer: Map vectorizedVertexNum: 0
2024-04-23T20:52:17,563  INFO [main] physical.Vectorizer: Map enabledConditionsMet: [hive.vectorized.use.vectorized.input.format IS true]
2024-04-23T20:52:17,563  INFO [main] physical.Vectorizer: Map enabledConditionsNotMet: [Could not enable vectorization due to partition column names size 1 is greater than the number of table column names size 0 IS false]
2024-04-23T20:52:17,563  INFO [main] physical.Vectorizer: Map inputFileFormatClassNameSet: [org.apache.hadoop.hive.ql.io.NullRowsInputFormat]
2024-04-23T20:52:17,563  INFO [main] physical.Vectorizer: Reduce vectorization enabled: false
2024-04-23T20:52:17,563  INFO [main] physical.Vectorizer: Reduce vectorized: false
2024-04-23T20:52:17,563  INFO [main] physical.Vectorizer: Reduce vectorizedVertexNum: 1
2024-04-23T20:52:17,563  INFO [main] physical.Vectorizer: Reducer hive.vectorized.execution.reduce.enabled: true
2024-04-23T20:52:17,563  INFO [main] physical.Vectorizer: Reducer engine: mr
2024-04-23T20:52:17,563  INFO [main] parse.CalcitePlanner: Completed plan generation
2024-04-23T20:52:17,563  INFO [main] parse.CalcitePlanner: Ending caching scope for: alex_20240423205217_9ab479aa-e9a9-47fe-91ff-f022a5ff0d42
2024-04-23T20:52:17,563  INFO [main] ql.Driver: Semantic Analysis Completed (retrial = false)
2024-04-23T20:52:17,563  INFO [main] ql.Driver: Created Hive schema: Schema(fieldSchemas:[FieldSchema(name:col1, type:int, comment:null), FieldSchema(name:col2, type:int, comment:null)], properties:null)
2024-04-23T20:52:17,563  INFO [main] metadata.Hive: Dumping metastore api call timing information for : compilation phase
2024-04-23T20:52:17,564  INFO [main] metadata.Hive: Total time spent in each metastore function (ms): {commitTxn_(CommitTxnRequest)=9, allocateTableWriteId_(long, String, String)=7, getAllTableConstraints_(AllTableConstraintsRequest)=26, getValidTxns_(long)=0, getValidWriteIds_(List, String)=3, openTxn_(String, TxnType)=2, getCheckConstraints_(CheckConstraintsRequest)=1, flushCache_()=0, isCompatibleWith_(Configuration)=1, getNotNullConstraints_(NotNullConstraintsRequest)=1, getTable_(GetTableRequest)=36}
2024-04-23T20:52:17,564  INFO [main] ql.Driver: Completed compiling command(queryId=alex_20240423205217_9ab479aa-e9a9-47fe-91ff-f022a5ff0d42); Time taken: 0.164 seconds
2024-04-23T20:52:17,564  INFO [main] lockmgr.DbTxnManager: Setting lock request transaction to txnid:13 for queryId=alex_20240423205217_9ab479aa-e9a9-47fe-91ff-f022a5ff0d42
2024-04-23T20:52:17,564  INFO [main] lockmgr.DbLockManager: Requesting lock for queryId=alex_20240423205217_9ab479aa-e9a9-47fe-91ff-f022a5ff0d42
2024-04-23T20:52:17,581  INFO [main] lockmgr.DbLockManager: Response to queryId=alex_20240423205217_9ab479aa-e9a9-47fe-91ff-f022a5ff0d42 LockResponse(lockid:7, state:ACQUIRED)
2024-04-23T20:52:17,581  INFO [main] ql.Driver: Operation QUERY obtained 1 locks
2024-04-23T20:52:17,583  INFO [main] ql.Driver: Executing command(queryId=alex_20240423205217_9ab479aa-e9a9-47fe-91ff-f022a5ff0d42): insert into acidTbl values(1,2),(2,4),(5,6),(6,8),(9,10)
2024-04-23T20:52:17,583  WARN [main] ql.Driver: Hive-on-MR is deprecated in Hive 2 and may not be available in the future versions. Consider using a different execution engine (i.e. spark, tez) or using Hive 1.X releases.
Query ID = alex_20240423205217_9ab479aa-e9a9-47fe-91ff-f022a5ff0d42
2024-04-23T20:52:17,583  INFO [main] ql.Driver: Query ID = alex_20240423205217_9ab479aa-e9a9-47fe-91ff-f022a5ff0d42
Total jobs = 1
2024-04-23T20:52:17,583  INFO [main] ql.Driver: Total jobs = 1
Launching Job 1 out of 1
2024-04-23T20:52:17,583  INFO [main] ql.Driver: Launching Job 1 out of 1
2024-04-23T20:52:17,723  INFO [main] ql.Driver: Starting task [Stage-1:MAPRED] in serial mode
Number of reduce tasks determined at compile time: 2
2024-04-23T20:52:17,723  INFO [main] exec.Task: Number of reduce tasks determined at compile time: 2
In order to change the average load for a reducer (in bytes):
2024-04-23T20:52:17,723  INFO [main] exec.Task: In order to change the average load for a reducer (in bytes):
  set hive.exec.reducers.bytes.per.reducer=<number>
2024-04-23T20:52:17,723  INFO [main] exec.Task:   set hive.exec.reducers.bytes.per.reducer=<number>
In order to limit the maximum number of reducers:
2024-04-23T20:52:17,723  INFO [main] exec.Task: In order to limit the maximum number of reducers:
  set hive.exec.reducers.max=<number>
2024-04-23T20:52:17,723  INFO [main] exec.Task:   set hive.exec.reducers.max=<number>
In order to set a constant number of reducers:
2024-04-23T20:52:17,723  INFO [main] exec.Task: In order to set a constant number of reducers:
  set mapreduce.job.reduces=<number>
2024-04-23T20:52:17,723  INFO [main] exec.Task:   set mapreduce.job.reduces=<number>
2024-04-23T20:52:17,725  INFO [main] mr.ExecDriver: Using org.apache.hadoop.hive.ql.io.HiveInputFormat
2024-04-23T20:52:17,725  INFO [main] exec.Utilities: Processing alias $hdt$_0:_dummy_table
2024-04-23T20:52:17,726  INFO [main] exec.Utilities: Adding 1 inputs; the first input is file:/home/alex/Repositories/hive/ql/target/tmp/localscratchdir/7ebc01d5-15d9-4723-a951-b8cae7daded8/hive_2024-04-23_20-52-17_398_8819567793427149964-1/dummy_path
2024-04-23T20:52:17,735  INFO [main] exec.SerializationUtilities: Serializing MapWork using kryo
2024-04-23T20:52:17,736  INFO [main] exec.Utilities: Serialized plan (via FILE) - name: null size: 5,35KB
2024-04-23T20:52:17,740  INFO [main] exec.SerializationUtilities: Serializing ReduceWork using kryo
2024-04-23T20:52:17,741  INFO [main] exec.Utilities: Serialized plan (via FILE) - name: null size: 5,99KB
2024-04-23T20:52:17,742  WARN [main] impl.MetricsSystemImpl: JobTracker metrics system already initialized!
2024-04-23T20:52:17,746  INFO [main] fs.FSStatsPublisher: created : file:/home/alex/Repositories/hive/ql/target/tmp/localscratchdir/7ebc01d5-15d9-4723-a951-b8cae7daded8/hive_2024-04-23_20-52-17_398_8819567793427149964-1/-mr-10000
2024-04-23T20:52:17,748  WARN [main] impl.MetricsSystemImpl: JobTracker metrics system already initialized!
2024-04-23T20:52:17,754  WARN [main] mapreduce.JobResourceUploader: Hadoop command-line option parsing not performed. Implement the Tool interface and execute your application with ToolRunner to remedy this.
2024-04-23T20:52:17,759  WARN [main] mapreduce.JobResourceUploader: No job jar file set.  User classes may not be found. See Job or Job#setJar(String).
2024-04-23T20:52:17,760  INFO [main] io.HiveInputFormat: hive.io.file.readcolumn.ids = 
2024-04-23T20:52:17,760  INFO [main] io.HiveInputFormat: hive.io.file.readcolumn.names = 
2024-04-23T20:52:17,760  INFO [main] io.HiveInputFormat: Generating splits for dirs: file:/home/alex/Repositories/hive/ql/target/tmp/localscratchdir/7ebc01d5-15d9-4723-a951-b8cae7daded8/hive_2024-04-23_20-52-17_398_8819567793427149964-1/dummy_path
2024-04-23T20:52:17,760  INFO [main] io.HiveInputFormat: number of splits 1
2024-04-23T20:52:17,777  INFO [main] mapreduce.JobSubmitter: number of splits:1
2024-04-23T20:52:17,796  INFO [main] mapreduce.JobSubmitter: Submitting tokens for job: job_local358577702_0044
2024-04-23T20:52:17,796  INFO [main] mapreduce.JobSubmitter: Executing with tokens: []
2024-04-23T20:52:17,860  INFO [main] mapreduce.Job: The url to track the job: http://localhost:8080/
Job running in-process (local Hadoop)
2024-04-23T20:52:17,860  INFO [main] exec.Task: Job running in-process (local Hadoop)
2024-04-23T20:52:17,861  INFO [Thread-2887] mapred.LocalJobRunner: OutputCommitter set in config org.apache.hadoop.hive.ql.io.HiveFileFormatUtils$NullOutputCommitter
2024-04-23T20:52:17,861  INFO [Thread-2887] mapred.LocalJobRunner: OutputCommitter is org.apache.hadoop.hive.ql.io.HiveFileFormatUtils$NullOutputCommitter
2024-04-23T20:52:17,863  INFO [Thread-2887] mapred.LocalJobRunner: Waiting for map tasks
2024-04-23T20:52:17,863  INFO [LocalJobRunner Map Task Executor #0] mapred.LocalJobRunner: Starting task: attempt_local358577702_0044_m_000000_0
2024-04-23T20:52:17,866  INFO [LocalJobRunner Map Task Executor #0] mapred.Task:  Using ResourceCalculatorProcessTree : [ ]
2024-04-23T20:52:17,866  INFO [LocalJobRunner Map Task Executor #0] mapred.MapTask: Processing split: org.apache.hadoop.hive.ql.io.NullRowsInputFormat:file:/home/alex/Repositories/hive/ql/target/tmp/localscratchdir/7ebc01d5-15d9-4723-a951-b8cae7daded8/hive_2024-04-23_20-52-17_398_8819567793427149964-1/dummy_path/null:0+1
2024-04-23T20:52:17,868  INFO [LocalJobRunner Map Task Executor #0] exec.SerializationUtilities: Deserializing MapWork using kryo
2024-04-23T20:52:17,868  INFO [LocalJobRunner Map Task Executor #0] exec.Utilities: Deserialized plan (via FILE) - name: null size: 5,35KB
2024-04-23T20:52:17,869  INFO [LocalJobRunner Map Task Executor #0] mapred.MapTask: numReduceTasks: 2
2024-04-23T20:52:17,873  INFO [LocalJobRunner Map Task Executor #0] mapred.MapTask: (EQUATOR) 0 kvi 26214396(104857584)
2024-04-23T20:52:17,873  INFO [LocalJobRunner Map Task Executor #0] mapred.MapTask: mapreduce.task.io.sort.mb: 100
2024-04-23T20:52:17,873  INFO [LocalJobRunner Map Task Executor #0] mapred.MapTask: soft limit at 83886080
2024-04-23T20:52:17,873  INFO [LocalJobRunner Map Task Executor #0] mapred.MapTask: bufstart = 0; bufvoid = 104857600
2024-04-23T20:52:17,873  INFO [LocalJobRunner Map Task Executor #0] mapred.MapTask: kvstart = 26214396; length = 6553600
2024-04-23T20:52:17,874  INFO [LocalJobRunner Map Task Executor #0] mapred.MapTask: Map output collector class = org.apache.hadoop.mapred.MapTask$MapOutputBuffer
2024-04-23T20:52:17,874  INFO [LocalJobRunner Map Task Executor #0] exec.MapOperator: Initializing Operator: MAP[0]
2024-04-23T20:52:17,874  INFO [LocalJobRunner Map Task Executor #0] mr.ExecMapper: 
<MAP>Id =0
  <Children>null
  <\Children>
  <Parent><\Parent>
<\MAP>
2024-04-23T20:52:17,875  INFO [LocalJobRunner Map Task Executor #0] exec.TableScanOperator: Initializing Operator: TS[0]
2024-04-23T20:52:17,875  INFO [LocalJobRunner Map Task Executor #0] exec.SelectOperator: Initializing Operator: SEL[1]
2024-04-23T20:52:17,875  INFO [LocalJobRunner Map Task Executor #0] exec.SelectOperator: SELECT null
2024-04-23T20:52:17,876  INFO [LocalJobRunner Map Task Executor #0] exec.UDTFOperator: Initializing Operator: UDTF[2]
2024-04-23T20:52:17,876  INFO [LocalJobRunner Map Task Executor #0] exec.SelectOperator: Initializing Operator: SEL[3]
2024-04-23T20:52:17,876  INFO [LocalJobRunner Map Task Executor #0] exec.SelectOperator: SELECT struct<col1:int,col2:int>
2024-04-23T20:52:17,876  INFO [LocalJobRunner Map Task Executor #0] exec.ReduceSinkOperator: Initializing Operator: RS[4]
2024-04-23T20:52:17,876  INFO [LocalJobRunner Map Task Executor #0] exec.ReduceSinkOperator: Using tag = -1
2024-04-23T20:52:17,877  INFO [LocalJobRunner Map Task Executor #0] exec.ReduceSinkOperator: keys are [reducesinkkey0] num distributions: 1
2024-04-23T20:52:17,877  INFO [LocalJobRunner Map Task Executor #0] exec.ReduceSinkOperator: RS[4]: records written - 1
2024-04-23T20:52:17,877  INFO [LocalJobRunner Map Task Executor #0] exec.MapOperator: MAP[0]: records read - 1
2024-04-23T20:52:17,877  INFO [LocalJobRunner Map Task Executor #0] exec.MapOperator: Closing Operator: MAP[0]
2024-04-23T20:52:17,877  INFO [LocalJobRunner Map Task Executor #0] exec.MapOperator: MAP[0]: Total records read - 3. abort - false
2024-04-23T20:52:17,877  INFO [LocalJobRunner Map Task Executor #0] exec.MapOperator: RECORDS_OUT_OPERATOR_MAP_0:0, RECORDS_OUT_INTERMEDIATE:0, DESERIALIZE_ERRORS:0, RECORDS_IN:3, 
2024-04-23T20:52:17,878  INFO [LocalJobRunner Map Task Executor #0] exec.TableScanOperator: Closing Operator: TS[0]
2024-04-23T20:52:17,878  INFO [LocalJobRunner Map Task Executor #0] exec.TableScanOperator: RECORDS_OUT_INTERMEDIATE:0, RECORDS_OUT_OPERATOR_TS_0:1, 
2024-04-23T20:52:17,878  INFO [LocalJobRunner Map Task Executor #0] exec.SelectOperator: Closing Operator: SEL[1]
2024-04-23T20:52:17,878  INFO [LocalJobRunner Map Task Executor #0] exec.SelectOperator: RECORDS_OUT_INTERMEDIATE:0, RECORDS_OUT_OPERATOR_SEL_1:1, 
2024-04-23T20:52:17,878  INFO [LocalJobRunner Map Task Executor #0] exec.UDTFOperator: Closing Operator: UDTF[2]
2024-04-23T20:52:17,878  INFO [LocalJobRunner Map Task Executor #0] exec.UDTFOperator: RECORDS_OUT_OPERATOR_UDTF_2:5, RECORDS_OUT_INTERMEDIATE:0, 
2024-04-23T20:52:17,878  INFO [LocalJobRunner Map Task Executor #0] exec.SelectOperator: Closing Operator: SEL[3]
2024-04-23T20:52:17,878  INFO [LocalJobRunner Map Task Executor #0] exec.SelectOperator: RECORDS_OUT_INTERMEDIATE:0, RECORDS_OUT_OPERATOR_SEL_3:5, 
2024-04-23T20:52:17,878  INFO [LocalJobRunner Map Task Executor #0] exec.ReduceSinkOperator: Closing Operator: RS[4]
2024-04-23T20:52:17,878  INFO [LocalJobRunner Map Task Executor #0] exec.ReduceSinkOperator: RS[4]: Total records written - 5. abort - false
2024-04-23T20:52:17,878  INFO [LocalJobRunner Map Task Executor #0] exec.ReduceSinkOperator: RECORDS_OUT_INTERMEDIATE:5, RECORDS_OUT_OPERATOR_RS_4:5, 
2024-04-23T20:52:17,881  INFO [LocalJobRunner Map Task Executor #0] mapred.LocalJobRunner: 
2024-04-23T20:52:17,881  INFO [LocalJobRunner Map Task Executor #0] mapred.MapTask: Starting flush of map output
2024-04-23T20:52:17,881  INFO [LocalJobRunner Map Task Executor #0] mapred.MapTask: Spilling map output
2024-04-23T20:52:17,881  INFO [LocalJobRunner Map Task Executor #0] mapred.MapTask: bufstart = 0; bufend = 80; bufvoid = 104857600
2024-04-23T20:52:17,881  INFO [LocalJobRunner Map Task Executor #0] mapred.MapTask: kvstart = 26214396(104857584); kvend = 26214380(104857520); length = 17/6553600
2024-04-23T20:52:17,891  INFO [LocalJobRunner Map Task Executor #0] mapred.MapTask: Finished spill 0
2024-04-23T20:52:17,896  INFO [LocalJobRunner Map Task Executor #0] mapred.Task: Task:attempt_local358577702_0044_m_000000_0 is done. And is in the process of committing
2024-04-23T20:52:17,896  INFO [LocalJobRunner Map Task Executor #0] mapred.LocalJobRunner: map
2024-04-23T20:52:17,896  INFO [LocalJobRunner Map Task Executor #0] mapred.Task: Task 'attempt_local358577702_0044_m_000000_0' done.
2024-04-23T20:52:17,896  INFO [LocalJobRunner Map Task Executor #0] mapred.Task: Final Counters for attempt_local358577702_0044_m_000000_0: Counters: 26
	File System Counters
		FILE: Number of bytes read=1024496
		FILE: Number of bytes written=52916268
		FILE: Number of read operations=0
		FILE: Number of large read operations=0
		FILE: Number of write operations=0
	Map-Reduce Framework
		Map input records=4
		Map output records=5
		Map output bytes=80
		Map output materialized bytes=102
		Input split bytes=361
		Combine input records=0
		Spilled Records=5
		Failed Shuffles=0
		Merged Map outputs=0
		GC time elapsed (ms)=0
		Total committed heap usage (bytes)=1204813824
	HIVE
		DESERIALIZE_ERRORS=0
		RECORDS_IN=3
		RECORDS_OUT_INTERMEDIATE=5
		RECORDS_OUT_OPERATOR_MAP_0=0
		RECORDS_OUT_OPERATOR_RS_4=5
		RECORDS_OUT_OPERATOR_SEL_1=1
		RECORDS_OUT_OPERATOR_SEL_3=5
		RECORDS_OUT_OPERATOR_TS_0=1
		RECORDS_OUT_OPERATOR_UDTF_2=5
	File Input Format Counters 
		Bytes Read=5403
2024-04-23T20:52:17,896  INFO [LocalJobRunner Map Task Executor #0] mapred.LocalJobRunner: Finishing task: attempt_local358577702_0044_m_000000_0
2024-04-23T20:52:17,896  INFO [Thread-2887] mapred.LocalJobRunner: map task executor complete.
2024-04-23T20:52:17,898  INFO [Thread-2887] mapred.LocalJobRunner: Waiting for reduce tasks
2024-04-23T20:52:17,898  INFO [pool-195-thread-1] mapred.LocalJobRunner: Starting task: attempt_local358577702_0044_r_000000_0
2024-04-23T20:52:17,900  INFO [pool-195-thread-1] mapred.Task:  Using ResourceCalculatorProcessTree : [ ]
2024-04-23T20:52:17,900  INFO [pool-195-thread-1] mapred.ReduceTask: Using ShuffleConsumerPlugin: org.apache.hadoop.mapreduce.task.reduce.Shuffle@1f52d12a
2024-04-23T20:52:17,900  WARN [pool-195-thread-1] impl.MetricsSystemImpl: JobTracker metrics system already initialized!
2024-04-23T20:52:17,901  INFO [pool-195-thread-1] reduce.MergeManagerImpl: MergerManager: memoryLimit=1336252800, maxSingleShuffleLimit=334063200, mergeThreshold=881926912, ioSortFactor=10, memToMemMergeOutputsThreshold=10
2024-04-23T20:52:17,902  INFO [EventFetcher for fetching Map Completion Events] reduce.EventFetcher: attempt_local358577702_0044_r_000000_0 Thread started: EventFetcher for fetching Map Completion Events
2024-04-23T20:52:17,904  INFO [localfetcher#27] reduce.LocalFetcher: localfetcher#27 about to shuffle output of map attempt_local358577702_0044_m_000000_0 decomp: 38 len: 42 to MEMORY
2024-04-23T20:52:17,905  INFO [localfetcher#27] reduce.InMemoryMapOutput: Read 38 bytes from map-output for attempt_local358577702_0044_m_000000_0
2024-04-23T20:52:17,905  INFO [localfetcher#27] reduce.MergeManagerImpl: closeInMemoryFile -> map-output of size: 38, inMemoryMapOutputs.size() -> 1, commitMemory -> 0, usedMemory ->38
2024-04-23T20:52:17,905  INFO [EventFetcher for fetching Map Completion Events] reduce.EventFetcher: EventFetcher is interrupted.. Returning
2024-04-23T20:52:17,906  INFO [pool-195-thread-1] mapred.LocalJobRunner: 1 / 1 copied.
2024-04-23T20:52:17,906  INFO [pool-195-thread-1] reduce.MergeManagerImpl: finalMerge called with 1 in-memory map-outputs and 0 on-disk map-outputs
2024-04-23T20:52:17,912  INFO [pool-195-thread-1] mapred.Merger: Merging 1 sorted segments
2024-04-23T20:52:17,912  INFO [pool-195-thread-1] mapred.Merger: Down to the last merge-pass, with 1 segments left of total size: 26 bytes
2024-04-23T20:52:17,914  INFO [pool-195-thread-1] reduce.MergeManagerImpl: Merged 1 segments, 38 bytes to disk to satisfy reduce memory limit
2024-04-23T20:52:17,914  INFO [pool-195-thread-1] reduce.MergeManagerImpl: Merging 1 files, 42 bytes from disk
2024-04-23T20:52:17,914  INFO [pool-195-thread-1] reduce.MergeManagerImpl: Merging 0 segments, 0 bytes from memory into reduce
2024-04-23T20:52:17,914  INFO [pool-195-thread-1] mapred.Merger: Merging 1 sorted segments
2024-04-23T20:52:17,914  INFO [pool-195-thread-1] mapred.Merger: Down to the last merge-pass, with 1 segments left of total size: 26 bytes
2024-04-23T20:52:17,915  INFO [pool-195-thread-1] mapred.LocalJobRunner: 1 / 1 copied.
2024-04-23T20:52:17,915  INFO [pool-195-thread-1] exec.SerializationUtilities: Deserializing ReduceWork using kryo
2024-04-23T20:52:17,915  INFO [pool-195-thread-1] exec.Utilities: Deserialized plan (via FILE) - name: null size: 5,99KB
2024-04-23T20:52:17,916  INFO [pool-195-thread-1] ExecReducer: 
<SEL>Id =5
  <Children>
    <FS>Id =6
      <Children>
      <\Children>
      <Parent>Id = 5 null<\Parent>
    <\FS>
  <\Children>
  <Parent><\Parent>
<\SEL>
2024-04-23T20:52:17,916  INFO [pool-195-thread-1] exec.SelectOperator: Initializing Operator: SEL[5]
2024-04-23T20:52:17,917  INFO [pool-195-thread-1] exec.SelectOperator: SELECT struct<key:struct<reducesinkkey0:int>,value:struct<_col0:int>>
2024-04-23T20:52:17,917  INFO [pool-195-thread-1] exec.FileSinkOperator: Initializing Operator: FS[6]
2024-04-23T20:52:17,917  INFO [pool-195-thread-1] exec.FileSinkOperator: Using serializer : AbstractSerDe [log=org.apache.logging.slf4j.Log4jLogger@4aa280a, configuration=Optional[Configuration: core-default.xml, core-site.xml, mapred-default.xml, mapred-site.xml, yarn-default.xml, yarn-site.xml, hdfs-default.xml, hdfs-site.xml, file:/home/alex/Repositories/hive/ql/target/tmp/TestTxnNoBucketsVectorized/mapred/local/localRunner/alex/job_local358577702_0044/job_local358577702_0044.xml], properties={transactional_properties=default, name=default.acidtbl, transactional=true, columns.types=int:int, bucket_field_name=a, columns=a,b, numFilesErasureCoded=0, columns.comments=&amp#0;, bucketing_version=2, bucket_count=2, serialization.lib=org.apache.hadoop.hive.ql.io.orc.OrcSerde, file.inputformat=org.apache.hadoop.hive.ql.io.orc.OrcInputFormat, file.outputformat=org.apache.hadoop.hive.ql.io.orc.OrcOutputFormat, location=file:/home/alex/Repositories/hive/ql/target/tmp/org.apache.hadoop.hive.ql.TestTxnNoBuckets-1713930630697/warehouse/acidtbl, column.name.delimiter=,}, tableProperties={transactional_properties=default, name=default.acidtbl, transactional=true, columns.types=int:int, bucket_field_name=a, columns=a,b, numFilesErasureCoded=0, columns.comments=&amp#0;, bucketing_version=2, bucket_count=2, serialization.lib=org.apache.hadoop.hive.ql.io.orc.OrcSerde, file.inputformat=org.apache.hadoop.hive.ql.io.orc.OrcInputFormat, location=file:/home/alex/Repositories/hive/ql/target/tmp/org.apache.hadoop.hive.ql.TestTxnNoBuckets-1713930630697/warehouse/acidtbl, file.outputformat=org.apache.hadoop.hive.ql.io.orc.OrcOutputFormat, column.name.delimiter=,}, partitionProperties=Optional.empty, columnNames=[a, b], columnTypes=[int, int], getClass()=class org.apache.hadoop.hive.ql.io.orc.OrcSerde] and formatter : org.apache.hadoop.hive.ql.io.orc.OrcOutputFormat@56061a03
2024-04-23T20:52:17,917  INFO [pool-195-thread-1] exec.FileSinkOperator: Final Path: FS file:/home/alex/Repositories/hive/ql/target/tmp/org.apache.hadoop.hive.ql.TestTxnNoBuckets-1713930630697/warehouse/acidtbl
2024-04-23T20:52:17,917  INFO [pool-195-thread-1] exec.FileSinkOperator: New Final Path: FS file:/home/alex/Repositories/hive/ql/target/tmp/org.apache.hadoop.hive.ql.TestTxnNoBuckets-1713930630697/warehouse/acidtbl
2024-04-23T20:52:17,917  INFO [pool-195-thread-1] common.FileUtils: Creating directory if it doesn't exist: file:/home/alex/Repositories/hive/ql/target/tmp/org.apache.hadoop.hive.ql.TestTxnNoBuckets-1713930630697/warehouse
2024-04-23T20:52:17,918  INFO [pool-195-thread-1] exec.FileSinkOperator: FS[6]: records written - 1
2024-04-23T20:52:17,918  INFO [pool-195-thread-1] impl.PhysicalFsWriter: ORC writer created for path: file:/home/alex/Repositories/hive/ql/target/tmp/org.apache.hadoop.hive.ql.TestTxnNoBuckets-1713930630697/warehouse/acidtbl/delta_0000001_0000001_0000/bucket_00000_0 with stripeSize: 8388608 blockSize: 268435456 compression: Compress: ZLIB buffer: 32768
2024-04-23T20:52:17,925  INFO [pool-195-thread-1] impl.WriterImpl: ORC writer created for path: file:/home/alex/Repositories/hive/ql/target/tmp/org.apache.hadoop.hive.ql.TestTxnNoBuckets-1713930630697/warehouse/acidtbl/delta_0000001_0000001_0000/bucket_00000_0 with stripeSize: 8388608 options: Compress: ZLIB buffer: 32768
2024-04-23T20:52:17,930  INFO [pool-195-thread-1] exec.SelectOperator: Closing Operator: SEL[5]
2024-04-23T20:52:17,930  INFO [pool-195-thread-1] exec.SelectOperator: RECORDS_OUT_INTERMEDIATE:0, RECORDS_OUT_OPERATOR_SEL_5:2, 
2024-04-23T20:52:17,930  INFO [pool-195-thread-1] exec.FileSinkOperator: Closing Operator: FS[6]
2024-04-23T20:52:17,930  INFO [pool-195-thread-1] exec.FileSinkOperator: FS[6]: records written - 2
2024-04-23T20:52:17,932  INFO [pool-195-thread-1] FileOperations: Writing manifest to file:/home/alex/Repositories/hive/ql/target/tmp/org.apache.hadoop.hive.ql.TestTxnNoBuckets-1713930630697/warehouse/acidtbl/_tmp.delta_0000001_0000001_0000/000000_0.manifest with [file:/home/alex/Repositories/hive/ql/target/tmp/org.apache.hadoop.hive.ql.TestTxnNoBuckets-1713930630697/warehouse/acidtbl/delta_0000001_0000001_0000/bucket_00000_0]
2024-04-23T20:52:17,943  INFO [pool-195-thread-1] exec.FileSinkOperator: RECORDS_OUT_1_default.acidtbl:2, RECORDS_OUT_OPERATOR_FS_6:2, RECORDS_OUT_INTERMEDIATE:0, TOTAL_TABLE_ROWS_WRITTEN:2, 
2024-04-23T20:52:17,944  INFO [pool-195-thread-1] mapred.Task: Task:attempt_local358577702_0044_r_000000_0 is done. And is in the process of committing
2024-04-23T20:52:17,944  INFO [pool-195-thread-1] mapred.LocalJobRunner: reduce > reduce
2024-04-23T20:52:17,944  INFO [pool-195-thread-1] mapred.Task: Task 'attempt_local358577702_0044_r_000000_0' done.
2024-04-23T20:52:17,944  INFO [pool-195-thread-1] mapred.Task: Final Counters for attempt_local358577702_0044_r_000000_0: Counters: 30
	File System Counters
		FILE: Number of bytes read=1030743
		FILE: Number of bytes written=52917343
		FILE: Number of read operations=0
		FILE: Number of large read operations=0
		FILE: Number of write operations=0
	Map-Reduce Framework
		Combine input records=0
		Combine output records=0
		Reduce input groups=2
		Reduce shuffle bytes=42
		Reduce input records=2
		Reduce output records=0
		Spilled Records=2
		Shuffled Maps =1
		Failed Shuffles=0
		Merged Map outputs=1
		GC time elapsed (ms)=0
		Total committed heap usage (bytes)=1204813824
	HIVE
		CREATED_FILES=1
		RECORDS_OUT_1_default.acidtbl=2
		RECORDS_OUT_INTERMEDIATE=0
		RECORDS_OUT_OPERATOR_FS_6=2
		RECORDS_OUT_OPERATOR_SEL_5=2
		TOTAL_TABLE_ROWS_WRITTEN=2
	Shuffle Errors
		BAD_ID=0
		CONNECTION=0
		IO_ERROR=0
		WRONG_LENGTH=0
		WRONG_MAP=0
		WRONG_REDUCE=0
	File Output Format Counters 
		Bytes Written=0
2024-04-23T20:52:17,944  INFO [pool-195-thread-1] mapred.LocalJobRunner: Finishing task: attempt_local358577702_0044_r_000000_0
2024-04-23T20:52:17,944  INFO [pool-195-thread-1] mapred.LocalJobRunner: Starting task: attempt_local358577702_0044_r_000001_0
2024-04-23T20:52:17,945  INFO [pool-195-thread-1] mapred.Task:  Using ResourceCalculatorProcessTree : [ ]
2024-04-23T20:52:17,945  INFO [pool-195-thread-1] mapred.ReduceTask: Using ShuffleConsumerPlugin: org.apache.hadoop.mapreduce.task.reduce.Shuffle@57a82101
2024-04-23T20:52:17,945  WARN [pool-195-thread-1] impl.MetricsSystemImpl: JobTracker metrics system already initialized!
2024-04-23T20:52:17,946  INFO [pool-195-thread-1] reduce.MergeManagerImpl: MergerManager: memoryLimit=1336252800, maxSingleShuffleLimit=334063200, mergeThreshold=881926912, ioSortFactor=10, memToMemMergeOutputsThreshold=10
2024-04-23T20:52:17,946  INFO [EventFetcher for fetching Map Completion Events] reduce.EventFetcher: attempt_local358577702_0044_r_000001_0 Thread started: EventFetcher for fetching Map Completion Events
2024-04-23T20:52:17,949  INFO [localfetcher#28] reduce.LocalFetcher: localfetcher#28 about to shuffle output of map attempt_local358577702_0044_m_000000_0 decomp: 56 len: 60 to MEMORY
2024-04-23T20:52:17,949  INFO [localfetcher#28] reduce.InMemoryMapOutput: Read 56 bytes from map-output for attempt_local358577702_0044_m_000000_0
2024-04-23T20:52:17,949  INFO [localfetcher#28] reduce.MergeManagerImpl: closeInMemoryFile -> map-output of size: 56, inMemoryMapOutputs.size() -> 1, commitMemory -> 0, usedMemory ->56
2024-04-23T20:52:17,950  INFO [EventFetcher for fetching Map Completion Events] reduce.EventFetcher: EventFetcher is interrupted.. Returning
2024-04-23T20:52:17,950  INFO [pool-195-thread-1] mapred.LocalJobRunner: 1 / 1 copied.
2024-04-23T20:52:17,950  INFO [pool-195-thread-1] reduce.MergeManagerImpl: finalMerge called with 1 in-memory map-outputs and 0 on-disk map-outputs
2024-04-23T20:52:17,956  INFO [pool-195-thread-1] mapred.Merger: Merging 1 sorted segments
2024-04-23T20:52:17,956  INFO [pool-195-thread-1] mapred.Merger: Down to the last merge-pass, with 1 segments left of total size: 44 bytes
2024-04-23T20:52:17,958  INFO [pool-195-thread-1] reduce.MergeManagerImpl: Merged 1 segments, 56 bytes to disk to satisfy reduce memory limit
2024-04-23T20:52:17,958  INFO [pool-195-thread-1] reduce.MergeManagerImpl: Merging 1 files, 60 bytes from disk
2024-04-23T20:52:17,958  INFO [pool-195-thread-1] reduce.MergeManagerImpl: Merging 0 segments, 0 bytes from memory into reduce
2024-04-23T20:52:17,958  INFO [pool-195-thread-1] mapred.Merger: Merging 1 sorted segments
2024-04-23T20:52:17,959  INFO [pool-195-thread-1] mapred.Merger: Down to the last merge-pass, with 1 segments left of total size: 44 bytes
2024-04-23T20:52:17,959  INFO [pool-195-thread-1] mapred.LocalJobRunner: 1 / 1 copied.
2024-04-23T20:52:17,959  INFO [pool-195-thread-1] exec.SerializationUtilities: Deserializing ReduceWork using kryo
2024-04-23T20:52:17,960  INFO [pool-195-thread-1] exec.Utilities: Deserialized plan (via FILE) - name: null size: 5,99KB
2024-04-23T20:52:17,961  INFO [pool-195-thread-1] ExecReducer: 
<SEL>Id =5
  <Children>
    <FS>Id =6
      <Children>
      <\Children>
      <Parent>Id = 5 null<\Parent>
    <\FS>
  <\Children>
  <Parent><\Parent>
<\SEL>
2024-04-23T20:52:17,961  INFO [pool-195-thread-1] exec.SelectOperator: Initializing Operator: SEL[5]
2024-04-23T20:52:17,961  INFO [pool-195-thread-1] exec.SelectOperator: SELECT struct<key:struct<reducesinkkey0:int>,value:struct<_col0:int>>
2024-04-23T20:52:17,961  INFO [pool-195-thread-1] exec.FileSinkOperator: Initializing Operator: FS[6]
2024-04-23T20:52:17,961  INFO [pool-195-thread-1] exec.FileSinkOperator: Using serializer : AbstractSerDe [log=org.apache.logging.slf4j.Log4jLogger@4aa280a, configuration=Optional[Configuration: core-default.xml, core-site.xml, mapred-default.xml, mapred-site.xml, yarn-default.xml, yarn-site.xml, hdfs-default.xml, hdfs-site.xml, file:/home/alex/Repositories/hive/ql/target/tmp/TestTxnNoBucketsVectorized/mapred/local/localRunner/alex/job_local358577702_0044/job_local358577702_0044.xml], properties={transactional_properties=default, name=default.acidtbl, transactional=true, columns.types=int:int, bucket_field_name=a, columns=a,b, numFilesErasureCoded=0, columns.comments=&amp#0;, bucketing_version=2, bucket_count=2, serialization.lib=org.apache.hadoop.hive.ql.io.orc.OrcSerde, file.inputformat=org.apache.hadoop.hive.ql.io.orc.OrcInputFormat, file.outputformat=org.apache.hadoop.hive.ql.io.orc.OrcOutputFormat, location=file:/home/alex/Repositories/hive/ql/target/tmp/org.apache.hadoop.hive.ql.TestTxnNoBuckets-1713930630697/warehouse/acidtbl, column.name.delimiter=,}, tableProperties={transactional_properties=default, name=default.acidtbl, transactional=true, columns.types=int:int, bucket_field_name=a, columns=a,b, numFilesErasureCoded=0, columns.comments=&amp#0;, bucketing_version=2, bucket_count=2, serialization.lib=org.apache.hadoop.hive.ql.io.orc.OrcSerde, file.inputformat=org.apache.hadoop.hive.ql.io.orc.OrcInputFormat, location=file:/home/alex/Repositories/hive/ql/target/tmp/org.apache.hadoop.hive.ql.TestTxnNoBuckets-1713930630697/warehouse/acidtbl, file.outputformat=org.apache.hadoop.hive.ql.io.orc.OrcOutputFormat, column.name.delimiter=,}, partitionProperties=Optional.empty, columnNames=[a, b], columnTypes=[int, int], getClass()=class org.apache.hadoop.hive.ql.io.orc.OrcSerde] and formatter : org.apache.hadoop.hive.ql.io.orc.OrcOutputFormat@3bfe738e
2024-04-23T20:52:17,962  INFO [pool-195-thread-1] exec.FileSinkOperator: Final Path: FS file:/home/alex/Repositories/hive/ql/target/tmp/org.apache.hadoop.hive.ql.TestTxnNoBuckets-1713930630697/warehouse/acidtbl
2024-04-23T20:52:17,962  INFO [pool-195-thread-1] exec.FileSinkOperator: New Final Path: FS file:/home/alex/Repositories/hive/ql/target/tmp/org.apache.hadoop.hive.ql.TestTxnNoBuckets-1713930630697/warehouse/acidtbl
2024-04-23T20:52:17,962  INFO [pool-195-thread-1] common.FileUtils: Creating directory if it doesn't exist: file:/home/alex/Repositories/hive/ql/target/tmp/org.apache.hadoop.hive.ql.TestTxnNoBuckets-1713930630697/warehouse
2024-04-23T20:52:17,962  INFO [pool-195-thread-1] exec.FileSinkOperator: FS[6]: records written - 1
2024-04-23T20:52:17,962  INFO [pool-195-thread-1] impl.PhysicalFsWriter: ORC writer created for path: file:/home/alex/Repositories/hive/ql/target/tmp/org.apache.hadoop.hive.ql.TestTxnNoBuckets-1713930630697/warehouse/acidtbl/delta_0000001_0000001_0000/bucket_00001_0 with stripeSize: 8388608 blockSize: 268435456 compression: Compress: ZLIB buffer: 32768
2024-04-23T20:52:17,968  INFO [pool-195-thread-1] impl.WriterImpl: ORC writer created for path: file:/home/alex/Repositories/hive/ql/target/tmp/org.apache.hadoop.hive.ql.TestTxnNoBuckets-1713930630697/warehouse/acidtbl/delta_0000001_0000001_0000/bucket_00001_0 with stripeSize: 8388608 options: Compress: ZLIB buffer: 32768
2024-04-23T20:52:17,968  INFO [pool-195-thread-1] exec.SelectOperator: Closing Operator: SEL[5]
2024-04-23T20:52:17,969  INFO [pool-195-thread-1] exec.SelectOperator: RECORDS_OUT_OPERATOR_SEL_5:3, RECORDS_OUT_INTERMEDIATE:0, 
2024-04-23T20:52:17,969  INFO [pool-195-thread-1] exec.FileSinkOperator: Closing Operator: FS[6]
2024-04-23T20:52:17,969  INFO [pool-195-thread-1] exec.FileSinkOperator: FS[6]: records written - 3
2024-04-23T20:52:17,971  INFO [pool-195-thread-1] FileOperations: Writing manifest to file:/home/alex/Repositories/hive/ql/target/tmp/org.apache.hadoop.hive.ql.TestTxnNoBuckets-1713930630697/warehouse/acidtbl/_tmp.delta_0000001_0000001_0000/000001_0.manifest with [file:/home/alex/Repositories/hive/ql/target/tmp/org.apache.hadoop.hive.ql.TestTxnNoBuckets-1713930630697/warehouse/acidtbl/delta_0000001_0000001_0000/bucket_00001_0]
2024-04-23T20:52:17,980  INFO [pool-195-thread-1] exec.FileSinkOperator: RECORDS_OUT_1_default.acidtbl:3, RECORDS_OUT_OPERATOR_FS_6:3, RECORDS_OUT_INTERMEDIATE:0, TOTAL_TABLE_ROWS_WRITTEN:3, 
2024-04-23T20:52:17,980  INFO [pool-195-thread-1] mapred.Task: Task:attempt_local358577702_0044_r_000001_0 is done. And is in the process of committing
2024-04-23T20:52:17,981  INFO [pool-195-thread-1] mapred.LocalJobRunner: reduce > reduce
2024-04-23T20:52:17,981  INFO [pool-195-thread-1] mapred.Task: Task 'attempt_local358577702_0044_r_000001_0' done.
2024-04-23T20:52:17,981  INFO [pool-195-thread-1] mapred.Task: Final Counters for attempt_local358577702_0044_r_000001_0: Counters: 30
	File System Counters
		FILE: Number of bytes read=1036966
		FILE: Number of bytes written=52918439
		FILE: Number of read operations=0
		FILE: Number of large read operations=0
		FILE: Number of write operations=0
	Map-Reduce Framework
		Combine input records=0
		Combine output records=0
		Reduce input groups=3
		Reduce shuffle bytes=60
		Reduce input records=3
		Reduce output records=0
		Spilled Records=3
		Shuffled Maps =1
		Failed Shuffles=0
		Merged Map outputs=1
		GC time elapsed (ms)=0
		Total committed heap usage (bytes)=1204813824
	HIVE
		CREATED_FILES=1
		RECORDS_OUT_1_default.acidtbl=3
		RECORDS_OUT_INTERMEDIATE=0
		RECORDS_OUT_OPERATOR_FS_6=3
		RECORDS_OUT_OPERATOR_SEL_5=3
		TOTAL_TABLE_ROWS_WRITTEN=3
	Shuffle Errors
		BAD_ID=0
		CONNECTION=0
		IO_ERROR=0
		WRONG_LENGTH=0
		WRONG_MAP=0
		WRONG_REDUCE=0
	File Output Format Counters 
		Bytes Written=0
2024-04-23T20:52:17,981  INFO [pool-195-thread-1] mapred.LocalJobRunner: Finishing task: attempt_local358577702_0044_r_000001_0
2024-04-23T20:52:17,981  INFO [Thread-2887] mapred.LocalJobRunner: reduce task executor complete.
2024-04-23 20:52:18,863 Stage-1 map = 100%,  reduce = 100%
2024-04-23T20:52:18,863  INFO [main] exec.Task: 2024-04-23 20:52:18,863 Stage-1 map = 100%,  reduce = 100%
Ended Job = job_local358577702_0044
2024-04-23T20:52:18,867  INFO [main] exec.Task: Ended Job = job_local358577702_0044
2024-04-23T20:52:18,868  INFO [main] FileOperations: Found manifest file file:/home/alex/Repositories/hive/ql/target/tmp/org.apache.hadoop.hive.ql.TestTxnNoBuckets-1713930630697/warehouse/acidtbl/_tmp.delta_0000001_0000001_0000/000001_0.manifest with attemptId 0.
2024-04-23T20:52:18,868  INFO [main] FileOperations: Found manifest file file:/home/alex/Repositories/hive/ql/target/tmp/org.apache.hadoop.hive.ql.TestTxnNoBuckets-1713930630697/warehouse/acidtbl/_tmp.delta_0000001_0000001_0000/000000_0.manifest with attemptId 0.
2024-04-23T20:52:18,868  INFO [main] FileOperations: Looking at manifest file: file:/home/alex/Repositories/hive/ql/target/tmp/org.apache.hadoop.hive.ql.TestTxnNoBuckets-1713930630697/warehouse/acidtbl/_tmp.delta_0000001_0000001_0000/000001_0.manifest
2024-04-23T20:52:18,868  INFO [main] FileOperations: Looking at manifest file: file:/home/alex/Repositories/hive/ql/target/tmp/org.apache.hadoop.hive.ql.TestTxnNoBuckets-1713930630697/warehouse/acidtbl/_tmp.delta_0000001_0000001_0000/000000_0.manifest
2024-04-23T20:52:18,869  INFO [main] FileOperations: Deleting manifest directory file:/home/alex/Repositories/hive/ql/target/tmp/org.apache.hadoop.hive.ql.TestTxnNoBuckets-1713930630697/warehouse/acidtbl/_tmp.delta_0000001_0000001_0000
2024-04-23T20:52:18,870  INFO [main] ql.Driver: Starting task [Stage-0:MOVE] in serial mode
Loading data to table default.acidtbl
2024-04-23T20:52:18,870  INFO [main] exec.Task: Loading data to table default.acidtbl from file:/home/alex/Repositories/hive/ql/target/tmp/org.apache.hadoop.hive.ql.TestTxnNoBuckets-1713930630697/warehouse/acidtbl
2024-04-23T20:52:18,870  INFO [main] HiveMetaStore.audit: ugi=alex	ip=unknown-ip-addr	cmd=get_table : tbl=hive.default.acidtbl	
2024-04-23T20:52:18,878  INFO [main] metastore.HMSHandler: Skipping translation for processor with null
2024-04-23T20:52:18,878  INFO [main] HiveMetaStore.audit: ugi=alex	ip=unknown-ip-addr	cmd=get_table : tbl=hive.default.acidtbl	
2024-04-23T20:52:18,886  INFO [main] metastore.HMSHandler: Skipping translation for processor with null
2024-04-23T20:52:18,886  INFO [main] HiveMetaStore.audit: ugi=alex	ip=unknown-ip-addr	cmd=alter_table: hive.default.acidtbl newtbl=acidtbl	
2024-04-23T20:52:18,921  INFO [main] ql.Driver: Starting task [Stage-2:STATS] in serial mode
2024-04-23T20:52:18,921  INFO [main] HiveMetaStore.audit: ugi=alex	ip=unknown-ip-addr	cmd=get_table : tbl=hive.default.acidtbl	
2024-04-23T20:52:18,932  INFO [main] metastore.HMSHandler: Skipping translation for processor with null
2024-04-23T20:52:18,932  INFO [main] stats.BasicStatsTask: Executing stats task
2024-04-23T20:52:18,932  INFO [main] fs.FSStatsPublisher: created : file:/home/alex/Repositories/hive/ql/target/tmp/localscratchdir/7ebc01d5-15d9-4723-a951-b8cae7daded8/hive_2024-04-23_20-52-17_398_8819567793427149964-1/-mr-10000
2024-04-23T20:52:18,934  INFO [main] HiveMetaStore.audit: ugi=alex	ip=unknown-ip-addr	cmd=get_table : tbl=hive.default.acidtbl	
2024-04-23T20:52:18,945  INFO [main] metastore.HMSHandler: Skipping translation for processor with null
2024-04-23T20:52:18,955  WARN [main] FileOperations: Computing stats for an ACID table; stats may be inaccurate
2024-04-23T20:52:18,955  INFO [main] FileOperations: Read stats for default.acidtbl/, numRows, true, 5, false: 
2024-04-23T20:52:18,955  INFO [main] FileOperations: Read stats for default.acidtbl/, rawDataSize, true, 0, false: 
2024-04-23T20:52:18,956  INFO [main] HiveMetaStore.audit: ugi=alex	ip=unknown-ip-addr	cmd=alter_table: hive.default.acidtbl newtbl=acidtbl	
2024-04-23T20:52:18,978  INFO [main] FileOperations: Read stats for default.acidtbl/, insertCount, true, 5, false: 
2024-04-23T20:52:18,978  INFO [main] FileOperations: Read stats for default.acidtbl/, updateCount, true, 0, false: 
2024-04-23T20:52:18,978  INFO [main] FileOperations: Read stats for default.acidtbl/, deleteCount, true, 0, false: 
2024-04-23T20:52:18,980  INFO [main] stats.BasicStatsTask: Table default.acidtbl stats: [numFiles=2, numRows=5, totalSize=1392, rawDataSize=0, numFilesErasureCoded=0]
2024-04-23T20:52:18,981  INFO [main] metadata.Hive: Dumping metastore api call timing information for : execution phase
2024-04-23T20:52:18,981  INFO [main] metadata.Hive: Total time spent in each metastore function (ms): {updateTransactionalStatistics_(UpdateTransactionalStatsRequest)=2, getTable_(GetTableRequest)=38, isCompatibleWith_(Configuration)=0, alter_table_(String, String, String, Table, EnvironmentContext, String)=57}
MapReduce Jobs Launched: 
2024-04-23T20:52:18,981  INFO [main] ql.Driver: MapReduce Jobs Launched: 
Stage-Stage-1:  HDFS Read: 0 HDFS Write: 0 SUCCESS
2024-04-23T20:52:18,981  INFO [main] ql.Driver: Stage-Stage-1:  HDFS Read: 0 HDFS Write: 0 SUCCESS
Total MapReduce CPU Time Spent: 0 msec
2024-04-23T20:52:18,981  INFO [main] ql.Driver: Total MapReduce CPU Time Spent: 0 msec
2024-04-23T20:52:18,981  INFO [main] ql.Driver: Completed executing command(queryId=alex_20240423205217_9ab479aa-e9a9-47fe-91ff-f022a5ff0d42); Time taken: 1.398 seconds
2024-04-23T20:52:18,981  INFO [main] lockmgr.DbTxnManager: Stopped heartbeat for query: alex_20240423205217_9ab479aa-e9a9-47fe-91ff-f022a5ff0d42
2024-04-23T20:52:18,989  INFO [main] txn.TxnHandler: Removed transactions: ([13]) from MIN_HISTORY_LEVEL
2024-04-23T20:52:18,991  WARN [main] txn.CompactionTxnHandler: No compaction queue record found for Compaction type transaction commit. txnId:13
2024-04-23T20:52:18,991  INFO [main] ql.TxnCommandsBaseForTests: Running the query: drop table if exists T
2024-04-23T20:52:18,992  INFO [main] ql.Context: Deleting scratch dir: file:/home/alex/Repositories/hive/ql/target/tmp/localscratchdir/7ebc01d5-15d9-4723-a951-b8cae7daded8/hive_2024-04-23_20-52-17_398_8819567793427149964-1
2024-04-23T20:52:18,992  INFO [main] cleanup.SyncCleanupService: Deleted directory: file:/home/alex/Repositories/hive/ql/target/tmp/localscratchdir/7ebc01d5-15d9-4723-a951-b8cae7daded8/hive_2024-04-23_20-52-17_398_8819567793427149964-1 on fs with scheme file
2024-04-23T20:52:18,993  INFO [main] ql.Driver: Compiling command(queryId=alex_20240423205217_9ab479aa-e9a9-47fe-91ff-f022a5ff0d42): drop table if exists T
2024-04-23T20:52:18,995  INFO [main] txn.TxnHandler: Added entries to MIN_HISTORY_LEVEL for current txns: ([14]) with min_open_txn: 14
2024-04-23T20:52:18,995  INFO [main] lockmgr.DbTxnManager: Opened txnid:14
2024-04-23T20:52:18,996  INFO [main] HiveMetaStore.audit: ugi=alex	ip=unknown-ip-addr	cmd=get_table : tbl=hive.default.T	
2024-04-23T20:52:19,002  INFO [main] metastore.HMSHandler: Skipping translation for processor with null
2024-04-23T20:52:19,003  INFO [main] ql.Driver: Semantic Analysis Completed (retrial = false)
2024-04-23T20:52:19,003  INFO [main] ql.Driver: Created Hive schema: Schema(fieldSchemas:null, properties:null)
2024-04-23T20:52:19,003  INFO [main] metadata.Hive: Dumping metastore api call timing information for : compilation phase
2024-04-23T20:52:19,003  INFO [main] metadata.Hive: Total time spent in each metastore function (ms): {isCompatibleWith_(Configuration)=1, flushCache_()=0, openTxn_(String, TxnType)=2, getValidTxns_(long)=1, getTable_(GetTableRequest)=7, commitTxn_(CommitTxnRequest)=9}
2024-04-23T20:52:19,003  INFO [main] ql.Driver: Completed compiling command(queryId=alex_20240423205217_9ab479aa-e9a9-47fe-91ff-f022a5ff0d42); Time taken: 0.01 seconds
2024-04-23T20:52:19,003  INFO [main] lockmgr.DbTxnManager: Setting lock request transaction to txnid:14 for queryId=alex_20240423205217_9ab479aa-e9a9-47fe-91ff-f022a5ff0d42
2024-04-23T20:52:19,004  INFO [main] lockmgr.DbLockManager: Requesting lock for queryId=alex_20240423205217_9ab479aa-e9a9-47fe-91ff-f022a5ff0d42
2024-04-23T20:52:19,017  INFO [main] lockmgr.DbLockManager: Response to queryId=alex_20240423205217_9ab479aa-e9a9-47fe-91ff-f022a5ff0d42 LockResponse(lockid:8, state:ACQUIRED)
2024-04-23T20:52:19,017  INFO [main] ql.Driver: Operation DROPTABLE obtained 1 locks
2024-04-23T20:52:19,017  INFO [main] ql.Driver: Executing command(queryId=alex_20240423205217_9ab479aa-e9a9-47fe-91ff-f022a5ff0d42): drop table if exists T
2024-04-23T20:52:19,017  INFO [main] ql.Driver: Starting task [Stage-0:DDL] in serial mode
2024-04-23T20:52:19,017  INFO [main] HiveMetaStore.audit: ugi=alex	ip=unknown-ip-addr	cmd=get_table : tbl=hive.default.T	
2024-04-23T20:52:19,024  INFO [main] metastore.HMSHandler: Skipping translation for processor with null
2024-04-23T20:52:19,024  INFO [main] HiveMetaStore.audit: ugi=alex	ip=unknown-ip-addr	cmd=get_table : tbl=hive.default.T	
2024-04-23T20:52:19,031  INFO [main] metastore.HMSHandler: Skipping translation for processor with null
2024-04-23T20:52:19,031  INFO [main] HiveMetaStore.audit: ugi=alex	ip=unknown-ip-addr	cmd=drop_table : tbl=hive.default.T	
2024-04-23T20:52:19,144  WARN [main] utils.FileUtils: File file:/home/alex/Repositories/hive/ql/target/tmp/org.apache.hadoop.hive.ql.TestTxnNoBuckets-1713930630697/warehouse/t does not exist; Force to delete it.
2024-04-23T20:52:19,144 ERROR [main] utils.FileUtils: Failed to delete file:/home/alex/Repositories/hive/ql/target/tmp/org.apache.hadoop.hive.ql.TestTxnNoBuckets-1713930630697/warehouse/t
2024-04-23T20:52:19,144  INFO [main] metadata.Hive: Dumping metastore api call timing information for : execution phase
2024-04-23T20:52:19,144  INFO [main] metadata.Hive: Total time spent in each metastore function (ms): {getTable_(GetTableRequest)=7, dropTable_(String, String, boolean, boolean, boolean)=120, isCompatibleWith_(Configuration)=0}
2024-04-23T20:52:19,145  INFO [main] ql.Driver: Completed executing command(queryId=alex_20240423205217_9ab479aa-e9a9-47fe-91ff-f022a5ff0d42); Time taken: 0.127 seconds
2024-04-23T20:52:19,145  INFO [main] lockmgr.DbTxnManager: Stopped heartbeat for query: alex_20240423205217_9ab479aa-e9a9-47fe-91ff-f022a5ff0d42
2024-04-23T20:52:19,148  INFO [main] txn.TxnHandler: Expected to move at least one record from txn_components to completed_txn_components when committing txn! txnid:14
2024-04-23T20:52:19,152  INFO [main] txn.TxnHandler: Removed transactions: ([14]) from MIN_HISTORY_LEVEL
2024-04-23T20:52:19,152  WARN [main] txn.CompactionTxnHandler: No compaction queue record found for Compaction type transaction commit. txnId:14
2024-04-23T20:52:19,153  INFO [main] ql.TxnCommandsBaseForTests: Running the query: create table T (a int, b int) stored as ORC  TBLPROPERTIES ('transactional'='false')
2024-04-23T20:52:19,153  INFO [main] ql.Driver: Compiling command(queryId=alex_20240423205217_9ab479aa-e9a9-47fe-91ff-f022a5ff0d42): create table T (a int, b int) stored as ORC  TBLPROPERTIES ('transactional'='false')
2024-04-23T20:52:19,161  INFO [main] txn.TxnHandler: Added entries to MIN_HISTORY_LEVEL for current txns: ([15]) with min_open_txn: 14
2024-04-23T20:52:19,161  INFO [main] lockmgr.DbTxnManager: Opened txnid:15
2024-04-23T20:52:19,163  INFO [main] parse.CalcitePlanner: Starting caching scope for: alex_20240423205217_9ab479aa-e9a9-47fe-91ff-f022a5ff0d42
2024-04-23T20:52:19,163  INFO [main] parse.CalcitePlanner: Starting Semantic Analysis
2024-04-23T20:52:19,168  INFO [main] parse.CalcitePlanner: Creating table default.T position=13
2024-04-23T20:52:19,169  INFO [main] HiveMetaStore.audit: ugi=alex	ip=unknown-ip-addr	cmd=get_database: default	
2024-04-23T20:52:19,170  INFO [main] parse.CalcitePlanner: Ending caching scope for: alex_20240423205217_9ab479aa-e9a9-47fe-91ff-f022a5ff0d42
2024-04-23T20:52:19,170  INFO [main] ql.Driver: Semantic Analysis Completed (retrial = false)
2024-04-23T20:52:19,170  INFO [main] ql.Driver: Created Hive schema: Schema(fieldSchemas:null, properties:null)
2024-04-23T20:52:19,170  INFO [main] metadata.Hive: Dumping metastore api call timing information for : compilation phase
2024-04-23T20:52:19,170  INFO [main] metadata.Hive: Total time spent in each metastore function (ms): {flushCache_()=0, commitTxn_(CommitTxnRequest)=8, getValidWriteIds_(List, String)=4, isCompatibleWith_(Configuration)=1, getValidTxns_(long)=1, openTxn_(String, TxnType)=7, getDatabase_(String)=2}
2024-04-23T20:52:19,171  INFO [main] ql.Driver: Completed compiling command(queryId=alex_20240423205217_9ab479aa-e9a9-47fe-91ff-f022a5ff0d42); Time taken: 0.017 seconds
2024-04-23T20:52:19,171  INFO [main] lockmgr.DbTxnManager: Setting lock request transaction to txnid:15 for queryId=alex_20240423205217_9ab479aa-e9a9-47fe-91ff-f022a5ff0d42
2024-04-23T20:52:19,171  INFO [main] lockmgr.DbLockManager: Requesting lock for queryId=alex_20240423205217_9ab479aa-e9a9-47fe-91ff-f022a5ff0d42
2024-04-23T20:52:19,189  INFO [main] lockmgr.DbLockManager: Response to queryId=alex_20240423205217_9ab479aa-e9a9-47fe-91ff-f022a5ff0d42 LockResponse(lockid:9, state:ACQUIRED)
2024-04-23T20:52:19,189  INFO [main] ql.Driver: Operation CREATETABLE obtained 1 locks
2024-04-23T20:52:19,189  INFO [main] ql.Driver: Executing command(queryId=alex_20240423205217_9ab479aa-e9a9-47fe-91ff-f022a5ff0d42): create table T (a int, b int) stored as ORC  TBLPROPERTIES ('transactional'='false')
2024-04-23T20:52:19,189  INFO [main] ql.Driver: Starting task [Stage-0:DDL] in serial mode
2024-04-23T20:52:19,190  INFO [main] HiveMetaStore.audit: ugi=alex	ip=unknown-ip-addr	cmd=create_table_req: Table(tableName:T, dbName:default, owner:alex, createTime:1713930739, lastAccessTime:0, retention:0, sd:StorageDescriptor(cols:[FieldSchema(name:a, type:int, comment:null), FieldSchema(name:b, type:int, comment:null)], location:null, inputFormat:org.apache.hadoop.hive.ql.io.orc.OrcInputFormat, outputFormat:org.apache.hadoop.hive.ql.io.orc.OrcOutputFormat, compressed:false, numBuckets:-1, serdeInfo:SerDeInfo(name:null, serializationLib:org.apache.hadoop.hive.ql.io.orc.OrcSerde, parameters:{serialization.format=1}), bucketCols:[], sortCols:[], parameters:{}, skewedInfo:SkewedInfo(skewedColNames:[], skewedColValues:[], skewedColValueLocationMaps:{}), storedAsSubDirectories:false), partitionKeys:[], parameters:{totalSize=0, COLUMN_STATS_ACCURATE={"BASIC_STATS":"true","COLUMN_STATS":{"a":"true","b":"true"}}, transactional=false, numRows=0, bucketing_version=2, numFilesErasureCoded=0, rawDataSize=0, numFiles=0}, viewOriginalText:null, viewExpandedText:null, tableType:MANAGED_TABLE, privileges:PrincipalPrivilegeSet(userPrivileges:{alex=[PrivilegeGrantInfo(privilege:INSERT, createTime:-1, grantor:alex, grantorType:USER, grantOption:true), PrivilegeGrantInfo(privilege:SELECT, createTime:-1, grantor:alex, grantorType:USER, grantOption:true), PrivilegeGrantInfo(privilege:UPDATE, createTime:-1, grantor:alex, grantorType:USER, grantOption:true), PrivilegeGrantInfo(privilege:DELETE, createTime:-1, grantor:alex, grantorType:USER, grantOption:true)]}, groupPrivileges:null, rolePrivileges:null), temporary:false, catName:hive, ownerType:USER)	
2024-04-23T20:52:19,196  INFO [main] utils.FileUtils: Creating directory if it doesn't exist: file:/home/alex/Repositories/hive/ql/target/tmp/org.apache.hadoop.hive.ql.TestTxnNoBuckets-1713930630697/warehouse/t
2024-04-23T20:52:19,225  INFO [main] metadata.Hive: Dumping metastore api call timing information for : execution phase
2024-04-23T20:52:19,225  INFO [main] metadata.Hive: Total time spent in each metastore function (ms): {createTable_(Table)=35, isCompatibleWith_(Configuration)=0}
2024-04-23T20:52:19,225  INFO [main] ql.Driver: Completed executing command(queryId=alex_20240423205217_9ab479aa-e9a9-47fe-91ff-f022a5ff0d42); Time taken: 0.036 seconds
2024-04-23T20:52:19,226  INFO [main] lockmgr.DbTxnManager: Stopped heartbeat for query: alex_20240423205217_9ab479aa-e9a9-47fe-91ff-f022a5ff0d42
2024-04-23T20:52:19,229  INFO [main] txn.TxnHandler: Expected to move at least one record from txn_components to completed_txn_components when committing txn! txnid:15
2024-04-23T20:52:19,236  INFO [main] txn.TxnHandler: Removed transactions: ([15]) from MIN_HISTORY_LEVEL
2024-04-23T20:52:19,236  WARN [main] txn.CompactionTxnHandler: No compaction queue record found for Compaction type transaction commit. txnId:15
2024-04-23T20:52:19,237  INFO [main] ql.TxnCommandsBaseForTests: Running the query: insert into T(a,b) select a, b from acidTbl where a between 1 and 3 group by a, b union all select a, b from acidTbl where a between 5 and 7 union all select a, b from acidTbl where a >= 9
2024-04-23T20:52:19,237  INFO [main] ql.Driver: Compiling command(queryId=alex_20240423205217_9ab479aa-e9a9-47fe-91ff-f022a5ff0d42): insert into T(a,b) select a, b from acidTbl where a between 1 and 3 group by a, b union all select a, b from acidTbl where a between 5 and 7 union all select a, b from acidTbl where a >= 9
2024-04-23T20:52:19,242  INFO [main] txn.TxnHandler: Added entries to MIN_HISTORY_LEVEL for current txns: ([16]) with min_open_txn: 14
2024-04-23T20:52:19,242  INFO [main] lockmgr.DbTxnManager: Opened txnid:16
2024-04-23T20:52:19,243  INFO [main] parse.CalcitePlanner: Starting caching scope for: alex_20240423205217_9ab479aa-e9a9-47fe-91ff-f022a5ff0d42
2024-04-23T20:52:19,243  INFO [main] parse.CalcitePlanner: Starting Semantic Analysis
2024-04-23T20:52:19,248  INFO [main] HiveMetaStore.audit: ugi=alex	ip=unknown-ip-addr	cmd=get_table : tbl=hive.default.T	
2024-04-23T20:52:19,284  INFO [main] metastore.HMSHandler: Skipping translation for processor with null
2024-04-23T20:52:19,284  INFO [main] parse.CalcitePlanner: Completed phase 1 of Semantic Analysis
2024-04-23T20:52:19,284  INFO [main] parse.CalcitePlanner: Get metadata for source tables
2024-04-23T20:52:19,284  INFO [main] parse.CalcitePlanner: Get metadata for subqueries
2024-04-23T20:52:19,284  INFO [main] parse.CalcitePlanner: Get metadata for source tables
2024-04-23T20:52:19,287  INFO [main] HiveMetaStore.audit: ugi=alex	ip=unknown-ip-addr	cmd=get_table : tbl=hive.default.acidtbl	
2024-04-23T20:52:19,294  INFO [main] metastore.HMSHandler: Skipping translation for processor with null
2024-04-23T20:52:19,295  INFO [main] parse.CalcitePlanner: Get metadata for subqueries
2024-04-23T20:52:19,295  INFO [main] parse.CalcitePlanner: Get metadata for destination tables
2024-04-23T20:52:19,295  INFO [main] parse.CalcitePlanner: Get metadata for source tables
2024-04-23T20:52:19,295  INFO [main] parse.CalcitePlanner: Get metadata for subqueries
2024-04-23T20:52:19,295  INFO [main] parse.CalcitePlanner: Get metadata for destination tables
2024-04-23T20:52:19,295  INFO [main] parse.CalcitePlanner: Get metadata for source tables
2024-04-23T20:52:19,295  INFO [main] parse.CalcitePlanner: Get metadata for subqueries
2024-04-23T20:52:19,295  INFO [main] parse.CalcitePlanner: Get metadata for destination tables
2024-04-23T20:52:19,295  INFO [main] parse.CalcitePlanner: Get metadata for destination tables
2024-04-23T20:52:19,295  INFO [main] HiveMetaStore.audit: ugi=alex	ip=unknown-ip-addr	cmd=get_table : tbl=hive.default.T	
2024-04-23T20:52:19,305  INFO [main] metastore.HMSHandler: Skipping translation for processor with null
2024-04-23T20:52:19,305  INFO [main] parse.CalcitePlanner: Completed getting MetaData in Semantic Analysis
2024-04-23T20:52:19,305  INFO [main] parse.CalcitePlanner: Disabling LLAP IO encode as ETL query is detected
2024-04-23T20:52:19,318  INFO [main] HiveMetaStore.audit: ugi=alex	ip=unknown-ip-addr	cmd=get_all_table_constraints : tbl=hive.default.acidtbl	
2024-04-23T20:52:19,348  INFO [main] HiveMetaStore.audit: ugi=alex	ip=unknown-ip-addr	cmd=get_all_table_constraints : tbl=hive.default.acidtbl	
2024-04-23T20:52:19,356  INFO [main] HiveMetaStore.audit: ugi=alex	ip=unknown-ip-addr	cmd=get_all_table_constraints : tbl=hive.default.acidtbl	
2024-04-23T20:52:19,390  INFO [main] calcite.RelOptHiveTable: Calculating column statistics for default.acidtbl, projIndxSet: [0, 1], allowMissingStats: true
2024-04-23T20:52:19,390  INFO [main] HiveMetaStore.audit: ugi=alex	ip=unknown-ip-addr	cmd=get_table_statistics_req: table=hive.default.acidtbl	
2024-04-23T20:52:19,402  WARN [main] calcite.RelOptHiveTable: No Stats for default@acidtbl, Columns: a, b
No Stats for default@acidtbl, Columns: a, b
2024-04-23T20:52:19,402  INFO [main] SessionState: No Stats for default@acidtbl, Columns: a, b
2024-04-23T20:52:19,479  INFO [main] parse.CalcitePlanner: Get metadata for source tables
2024-04-23T20:52:19,479  INFO [main] parse.CalcitePlanner: Get metadata for subqueries
2024-04-23T20:52:19,479  INFO [main] parse.CalcitePlanner: Get metadata for source tables
2024-04-23T20:52:19,480  INFO [main] parse.CalcitePlanner: Get metadata for subqueries
2024-04-23T20:52:19,480  INFO [main] parse.CalcitePlanner: Get metadata for destination tables
2024-04-23T20:52:19,480  INFO [main] parse.CalcitePlanner: Get metadata for source tables
2024-04-23T20:52:19,480  INFO [main] parse.CalcitePlanner: Get metadata for subqueries
2024-04-23T20:52:19,480  INFO [main] parse.CalcitePlanner: Get metadata for destination tables
2024-04-23T20:52:19,480  INFO [main] parse.CalcitePlanner: Get metadata for source tables
2024-04-23T20:52:19,480  INFO [main] parse.CalcitePlanner: Get metadata for subqueries
2024-04-23T20:52:19,480  INFO [main] parse.CalcitePlanner: Get metadata for destination tables
2024-04-23T20:52:19,480  INFO [main] parse.CalcitePlanner: Get metadata for destination tables
2024-04-23T20:52:19,485  INFO [main] common.FileUtils: Creating directory if it doesn't exist: file:/home/alex/Repositories/hive/ql/target/tmp/org.apache.hadoop.hive.ql.TestTxnNoBuckets-1713930630697/warehouse/t/.hive-staging_hive_2024-04-23_20-52-19_237_2734063800345253108-1
2024-04-23T20:52:19,488  INFO [main] HiveMetaStore.audit: ugi=alex	ip=unknown-ip-addr	cmd=get_not_null_constraints : tbl=hive.default.t	
2024-04-23T20:52:19,489  INFO [main] HiveMetaStore.audit: ugi=alex	ip=unknown-ip-addr	cmd=get_check_constraints : tbl=hive.default.t	
2024-04-23T20:52:19,493  INFO [main] parse.CalcitePlanner: CBO Succeeded; optimized logical plan.
2024-04-23T20:52:19,500  INFO [main] optimizer.ColumnPrunerProcFactory: RS 4 oldColExprMap: {KEY._col1=Column[_col1], KEY._col0=Column[_col0]}
2024-04-23T20:52:19,500  INFO [main] optimizer.ColumnPrunerProcFactory: RS 4 newColExprMap: {KEY._col0=Column[_col0], KEY._col1=Column[_col1]}
2024-04-23T20:52:19,502  INFO [main] optimizer.SortedDynPartitionOptimizer: Sorted dynamic partitioning optimization kicked in..
2024-04-23T20:52:19,519  INFO [main] HiveMetaStore.audit: ugi=alex	ip=unknown-ip-addr	cmd=get_table : tbl=hive.default.t	
2024-04-23T20:52:19,529  INFO [main] metastore.HMSHandler: Skipping translation for processor with null
2024-04-23T20:52:19,546  INFO [main] physical.Vectorizer: Examining input format to see if vectorization is enabled.
2024-04-23T20:52:19,546  INFO [main] physical.Vectorizer: Map vectorization enabled: false
2024-04-23T20:52:19,546  INFO [main] physical.Vectorizer: Map vectorized: false
2024-04-23T20:52:19,546  INFO [main] physical.Vectorizer: Map notVectorizedReason: Vectorized map work only works with 1 TableScanOperator
2024-04-23T20:52:19,546  INFO [main] physical.Vectorizer: Map vectorizedVertexNum: 0
2024-04-23T20:52:19,546  INFO [main] physical.Vectorizer: Map enabledConditionsNotMet: [Vectorized map work only works with 1 TableScanOperator IS false]
2024-04-23T20:52:19,546  INFO [main] physical.Vectorizer: Examining input format to see if vectorization is enabled.
2024-04-23T20:52:19,546  INFO [main] physical.Vectorizer: Vectorization is enabled for input format(s) [org.apache.hadoop.hive.ql.io.orc.OrcInputFormat]
2024-04-23T20:52:19,546  INFO [main] physical.Vectorizer: Validating and vectorizing MapWork... (vectorizedVertexNum 1)
2024-04-23T20:52:19,547  INFO [main] physical.Vectorizer: Vector GROUP BY operator will use processing mode HASH
2024-04-23T20:52:19,548  INFO [main] physical.Vectorizer: Map vectorization enabled: true
2024-04-23T20:52:19,548  INFO [main] physical.Vectorizer: Map vectorized: true
2024-04-23T20:52:19,548  INFO [main] physical.Vectorizer: Map vectorizedVertexNum: 1
2024-04-23T20:52:19,549  INFO [main] physical.Vectorizer: Map enabledConditionsMet: [hive.vectorized.use.vectorized.input.format IS true]
2024-04-23T20:52:19,549  INFO [main] physical.Vectorizer: Map inputFileFormatClassNameSet: [org.apache.hadoop.hive.ql.io.orc.OrcInputFormat]
2024-04-23T20:52:19,549  INFO [main] physical.Vectorizer: Reduce vectorization enabled: false
2024-04-23T20:52:19,549  INFO [main] physical.Vectorizer: Reduce vectorized: false
2024-04-23T20:52:19,549  INFO [main] physical.Vectorizer: Reduce vectorizedVertexNum: 2
2024-04-23T20:52:19,549  INFO [main] physical.Vectorizer: Reducer hive.vectorized.execution.reduce.enabled: true
2024-04-23T20:52:19,549  INFO [main] physical.Vectorizer: Reducer engine: mr
2024-04-23T20:52:19,549  INFO [main] parse.CalcitePlanner: Completed plan generation
2024-04-23T20:52:19,549  INFO [main] parse.CalcitePlanner: Ending caching scope for: alex_20240423205217_9ab479aa-e9a9-47fe-91ff-f022a5ff0d42
2024-04-23T20:52:19,549  INFO [main] ql.Driver: Semantic Analysis Completed (retrial = false)
2024-04-23T20:52:19,549  INFO [main] ql.Driver: Created Hive schema: Schema(fieldSchemas:[FieldSchema(name:_col0, type:int, comment:null), FieldSchema(name:_col1, type:int, comment:null)], properties:null)
2024-04-23T20:52:19,549  INFO [main] metadata.Hive: Dumping metastore api call timing information for : compilation phase
2024-04-23T20:52:19,549  INFO [main] metadata.Hive: Total time spent in each metastore function (ms): {openTxn_(String, TxnType)=3, commitTxn_(CommitTxnRequest)=11, getNotNullConstraints_(NotNullConstraintsRequest)=1, getValidTxns_(long)=1, isCompatibleWith_(Configuration)=1, getTableColumnStatistics_(String, String, List, String)=11, getValidWriteIds_(List, String)=6, flushCache_()=0, getCheckConstraints_(CheckConstraintsRequest)=1, getTable_(GetTableRequest)=63, getAllTableConstraints_(AllTableConstraintsRequest)=40}
2024-04-23T20:52:19,550  INFO [main] ql.Driver: Completed compiling command(queryId=alex_20240423205217_9ab479aa-e9a9-47fe-91ff-f022a5ff0d42); Time taken: 0.312 seconds
2024-04-23T20:52:19,550  INFO [main] lockmgr.DbTxnManager: Setting lock request transaction to txnid:16 for queryId=alex_20240423205217_9ab479aa-e9a9-47fe-91ff-f022a5ff0d42
2024-04-23T20:52:19,550  INFO [main] lockmgr.DbLockManager: Requesting lock for queryId=alex_20240423205217_9ab479aa-e9a9-47fe-91ff-f022a5ff0d42
2024-04-23T20:52:19,563  INFO [main] lockmgr.DbLockManager: Response to queryId=alex_20240423205217_9ab479aa-e9a9-47fe-91ff-f022a5ff0d42 LockResponse(lockid:10, state:ACQUIRED)
2024-04-23T20:52:19,563  INFO [main] ql.Driver: Operation QUERY obtained 1 locks
2024-04-23T20:52:19,567  INFO [main] ql.Driver: Executing command(queryId=alex_20240423205217_9ab479aa-e9a9-47fe-91ff-f022a5ff0d42): insert into T(a,b) select a, b from acidTbl where a between 1 and 3 group by a, b union all select a, b from acidTbl where a between 5 and 7 union all select a, b from acidTbl where a >= 9
2024-04-23T20:52:19,567  WARN [main] ql.Driver: Hive-on-MR is deprecated in Hive 2 and may not be available in the future versions. Consider using a different execution engine (i.e. spark, tez) or using Hive 1.X releases.
Query ID = alex_20240423205217_9ab479aa-e9a9-47fe-91ff-f022a5ff0d42
2024-04-23T20:52:19,567  INFO [main] ql.Driver: Query ID = alex_20240423205217_9ab479aa-e9a9-47fe-91ff-f022a5ff0d42
Total jobs = 2
2024-04-23T20:52:19,567  INFO [main] ql.Driver: Total jobs = 2
Launching Job 1 out of 2
2024-04-23T20:52:19,567  INFO [main] ql.Driver: Launching Job 1 out of 2
2024-04-23T20:52:19,708  INFO [main] ql.Driver: Starting task [Stage-1:MAPRED] in serial mode
2024-04-23T20:52:19,708  INFO [main] exec.Utilities: Not using thread pool for getContentSummary
2024-04-23T20:52:19,709  INFO [main] exec.Utilities: BytesPerReducer=256000000 maxReducers=1009 totalInputFileSize=1393
Number of reduce tasks not specified. Estimated from input data size: 1
2024-04-23T20:52:19,709  INFO [main] exec.Task: Number of reduce tasks not specified. Estimated from input data size: 1
In order to change the average load for a reducer (in bytes):
2024-04-23T20:52:19,709  INFO [main] exec.Task: In order to change the average load for a reducer (in bytes):
  set hive.exec.reducers.bytes.per.reducer=<number>
2024-04-23T20:52:19,709  INFO [main] exec.Task:   set hive.exec.reducers.bytes.per.reducer=<number>
In order to limit the maximum number of reducers:
2024-04-23T20:52:19,709  INFO [main] exec.Task: In order to limit the maximum number of reducers:
  set hive.exec.reducers.max=<number>
2024-04-23T20:52:19,709  INFO [main] exec.Task:   set hive.exec.reducers.max=<number>
In order to set a constant number of reducers:
2024-04-23T20:52:19,709  INFO [main] exec.Task: In order to set a constant number of reducers:
  set mapreduce.job.reduces=<number>
2024-04-23T20:52:19,709  INFO [main] exec.Task:   set mapreduce.job.reduces=<number>
2024-04-23T20:52:19,711  INFO [main] mr.ExecDriver: Using org.apache.hadoop.hive.ql.io.HiveInputFormat
2024-04-23T20:52:19,711  INFO [main] exec.Utilities: Processing alias $hdt$_1-subquery1-subquery1:acidtbl
2024-04-23T20:52:19,711  INFO [main] exec.Utilities: Adding 1 inputs; the first input is file:/home/alex/Repositories/hive/ql/target/tmp/org.apache.hadoop.hive.ql.TestTxnNoBuckets-1713930630697/warehouse/acidtbl
2024-04-23T20:52:19,720  INFO [main] exec.SerializationUtilities: Serializing MapWork using kryo
2024-04-23T20:52:19,721  INFO [main] exec.Utilities: Serialized plan (via FILE) - name: null size: 7,53KB
2024-04-23T20:52:19,726  INFO [main] exec.SerializationUtilities: Serializing ReduceWork using kryo
2024-04-23T20:52:19,729  INFO [main] exec.Utilities: Serialized plan (via FILE) - name: null size: 7,63KB
2024-04-23T20:52:19,730  WARN [main] impl.MetricsSystemImpl: JobTracker metrics system already initialized!
2024-04-23T20:52:19,736  WARN [main] impl.MetricsSystemImpl: JobTracker metrics system already initialized!
2024-04-23T20:52:19,743  WARN [main] mapreduce.JobResourceUploader: Hadoop command-line option parsing not performed. Implement the Tool interface and execute your application with ToolRunner to remedy this.
2024-04-23T20:52:19,748  WARN [main] mapreduce.JobResourceUploader: No job jar file set.  User classes may not be found. See Job or Job#setJar(String).
2024-04-23T20:52:19,749  INFO [main] io.HiveInputFormat: hive.io.file.readcolumn.ids = 0,1
2024-04-23T20:52:19,749  INFO [main] io.HiveInputFormat: hive.io.file.readcolumn.names = a,b
2024-04-23T20:52:19,749  INFO [main] io.HiveInputFormat: Generating splits for dirs: file:/home/alex/Repositories/hive/ql/target/tmp/org.apache.hadoop.hive.ql.TestTxnNoBuckets-1713930630697/warehouse/acidtbl
2024-04-23T20:52:19,749  INFO [main] orc.OrcInputFormat: getSplits started
2024-04-23T20:52:19,750  INFO [main] orc.OrcInputFormat: Context:: isAcid: true isVectorMode: true sarg: leaf-(BETWEEN a 1 3) minSplitSize: 1 maxSplitSize: 256000000 splitStrategy: HYBRID footerInSplits: false numBuckets: 2 numThreads: 10 cacheMemSize: 268435456 cacheStripeDetails: true useSoftReference: false writeIdList: default.acidtbl:1:9223372036854775807:: isTransactionalTable: true txnProperties: default 
2024-04-23T20:52:19,750  INFO [main] orc.OrcInputFormat: ORC pushdown predicate: leaf-(BETWEEN a 1 3)
2024-04-23T20:52:19,761  INFO [main] orc.OrcInputFormat: FooterCacheHitRatio: 0/2
2024-04-23T20:52:19,762  INFO [main] orc.OrcInputFormat: getSplits finished (#splits: 2). duration: 13 ms
2024-04-23T20:52:19,762  INFO [main] io.HiveInputFormat: number of splits 2
2024-04-23T20:52:19,778  INFO [main] mapreduce.JobSubmitter: number of splits:2
2024-04-23T20:52:19,796  INFO [main] mapreduce.JobSubmitter: Submitting tokens for job: job_local731073328_0045
2024-04-23T20:52:19,796  INFO [main] mapreduce.JobSubmitter: Executing with tokens: []
2024-04-23T20:52:19,860  INFO [main] mapreduce.Job: The url to track the job: http://localhost:8080/
Job running in-process (local Hadoop)
2024-04-23T20:52:19,860  INFO [main] exec.Task: Job running in-process (local Hadoop)
2024-04-23T20:52:19,861  INFO [Thread-2966] mapred.LocalJobRunner: OutputCommitter set in config org.apache.hadoop.hive.ql.io.HiveFileFormatUtils$NullOutputCommitter
2024-04-23T20:52:19,861  INFO [Thread-2966] mapred.LocalJobRunner: OutputCommitter is org.apache.hadoop.hive.ql.io.HiveFileFormatUtils$NullOutputCommitter
2024-04-23T20:52:19,862  INFO [Thread-2966] mapred.LocalJobRunner: Waiting for map tasks
2024-04-23T20:52:19,863  INFO [LocalJobRunner Map Task Executor #0] mapred.LocalJobRunner: Starting task: attempt_local731073328_0045_m_000000_0
2024-04-23T20:52:19,863  INFO [LocalJobRunner Map Task Executor #0] mapred.Task:  Using ResourceCalculatorProcessTree : [ ]
2024-04-23T20:52:19,864  INFO [LocalJobRunner Map Task Executor #0] mapred.MapTask: Processing split: org.apache.hadoop.hive.ql.io.orc.OrcInputFormat:OrcSplit [file:/home/alex/Repositories/hive/ql/target/tmp/org.apache.hadoop.hive.ql.TestTxnNoBuckets-1713930630697/warehouse/acidtbl/delta_0000001_0000001_0000/bucket_00001_0, start=0, length=704, isOriginal=false, fileLength=704, hasFooter=false, hasBase=true, deltas=0]
2024-04-23T20:52:19,864  INFO [LocalJobRunner Map Task Executor #0] exec.SerializationUtilities: Deserializing MapWork using kryo
2024-04-23T20:52:19,865  INFO [LocalJobRunner Map Task Executor #0] exec.Utilities: Deserialized plan (via FILE) - name: null size: 7,53KB
2024-04-23T20:52:19,866  INFO [LocalJobRunner Map Task Executor #0] orc.OrcInputFormat: ORC pushdown predicate: leaf-(BETWEEN a 1 3)
2024-04-23T20:52:19,866  INFO [LocalJobRunner Map Task Executor #0] orc.VectorizedOrcAcidRowBatchReader: Read ValidWriteIdList: default.acidtbl:1:9223372036854775807:::OrcSplit [file:/home/alex/Repositories/hive/ql/target/tmp/org.apache.hadoop.hive.ql.TestTxnNoBuckets-1713930630697/warehouse/acidtbl/delta_0000001_0000001_0000/bucket_00001_0, start=0, length=704, isOriginal=false, fileLength=704, hasFooter=false, hasBase=true, deltas=0]
2024-04-23T20:52:19,867  INFO [LocalJobRunner Map Task Executor #0] orc.ReaderImpl: Reading ORC rows from file:/home/alex/Repositories/hive/ql/target/tmp/org.apache.hadoop.hive.ql.TestTxnNoBuckets-1713930630697/warehouse/acidtbl/delta_0000001_0000001_0000/bucket_00001_0 with {include: [true, true, true], offset: 0, length: 704, sarg: leaf-(BETWEEN a 1 3), schema: struct<a:int,b:int>, includeAcidColumns: false}
2024-04-23T20:52:19,868  INFO [LocalJobRunner Map Task Executor #0] mapred.MapTask: numReduceTasks: 1
2024-04-23T20:52:19,872  INFO [LocalJobRunner Map Task Executor #0] mapred.MapTask: (EQUATOR) 0 kvi 26214396(104857584)
2024-04-23T20:52:19,872  INFO [LocalJobRunner Map Task Executor #0] mapred.MapTask: mapreduce.task.io.sort.mb: 100
2024-04-23T20:52:19,872  INFO [LocalJobRunner Map Task Executor #0] mapred.MapTask: soft limit at 83886080
2024-04-23T20:52:19,872  INFO [LocalJobRunner Map Task Executor #0] mapred.MapTask: bufstart = 0; bufvoid = 104857600
2024-04-23T20:52:19,872  INFO [LocalJobRunner Map Task Executor #0] mapred.MapTask: kvstart = 26214396; length = 6553600
2024-04-23T20:52:19,873  INFO [LocalJobRunner Map Task Executor #0] mapred.MapTask: Map output collector class = org.apache.hadoop.mapred.MapTask$MapOutputBuffer
2024-04-23T20:52:19,873  INFO [LocalJobRunner Map Task Executor #0] vector.VectorMapOperator: Initializing Operator: MAP[0]
2024-04-23T20:52:19,873  INFO [LocalJobRunner Map Task Executor #0] mr.ExecMapper: 
<MAP>Id =0
  <Children>null
  <\Children>
  <Parent><\Parent>
<\MAP>
2024-04-23T20:52:19,874  INFO [LocalJobRunner Map Task Executor #0] exec.TableScanOperator: Initializing Operator: TS[0]
2024-04-23T20:52:19,874  INFO [LocalJobRunner Map Task Executor #0] vector.VectorFilterOperator: Initializing Operator: FIL[21]
2024-04-23T20:52:19,874  INFO [LocalJobRunner Map Task Executor #0] vector.VectorGroupByOperator: Initializing Operator: GBY[22]
2024-04-23T20:52:19,874  INFO [LocalJobRunner Map Task Executor #0] vector.VectorReduceSinkOperator: Initializing Operator: RS[23]
2024-04-23T20:52:19,874  INFO [LocalJobRunner Map Task Executor #0] vector.VectorReduceSinkOperator: Using tag = -1
2024-04-23T20:52:19,875  INFO [LocalJobRunner Map Task Executor #0] vector.VectorMapOperator: Closing Operator: MAP[0]
2024-04-23T20:52:19,875  INFO [LocalJobRunner Map Task Executor #0] vector.VectorMapOperator: RECORDS_IN:3, RECORDS_OUT_INTERMEDIATE:0, RECORDS_OUT_OPERATOR_MAP_0:0, DESERIALIZE_ERRORS:0, 
2024-04-23T20:52:19,875  INFO [LocalJobRunner Map Task Executor #0] exec.TableScanOperator: Closing Operator: TS[0]
2024-04-23T20:52:19,875  INFO [LocalJobRunner Map Task Executor #0] exec.TableScanOperator: RECORDS_OUT_OPERATOR_TS_0:3, RECORDS_OUT_INTERMEDIATE:0, 
2024-04-23T20:52:19,875  INFO [LocalJobRunner Map Task Executor #0] vector.VectorFilterOperator: Closing Operator: FIL[21]
2024-04-23T20:52:19,875  INFO [LocalJobRunner Map Task Executor #0] vector.VectorFilterOperator: RECORDS_OUT_INTERMEDIATE:0, RECORDS_OUT_OPERATOR_FIL_21:1, 
2024-04-23T20:52:19,875  INFO [LocalJobRunner Map Task Executor #0] vector.VectorGroupByOperator: Closing Operator: GBY[22]
2024-04-23T20:52:19,876  INFO [LocalJobRunner Map Task Executor #0] vector.VectorReduceSinkOperator: keys are [_col0, _col1] num distributions: 2
2024-04-23T20:52:19,876  INFO [LocalJobRunner Map Task Executor #0] vector.VectorReduceSinkOperator: RS[23]: records written - 1
2024-04-23T20:52:19,876  INFO [LocalJobRunner Map Task Executor #0] vector.VectorGroupByOperator: RECORDS_OUT_OPERATOR_GBY_22:1, RECORDS_OUT_INTERMEDIATE:0, 
2024-04-23T20:52:19,876  INFO [LocalJobRunner Map Task Executor #0] vector.VectorReduceSinkOperator: Closing Operator: RS[23]
2024-04-23T20:52:19,876  INFO [LocalJobRunner Map Task Executor #0] vector.VectorReduceSinkOperator: RS[23]: Total records written - 1. abort - false
2024-04-23T20:52:19,876  INFO [LocalJobRunner Map Task Executor #0] vector.VectorReduceSinkOperator: RECORDS_OUT_OPERATOR_RS_23:1, RECORDS_OUT_INTERMEDIATE:1, 
2024-04-23T20:52:19,876  INFO [LocalJobRunner Map Task Executor #0] mapred.LocalJobRunner: 
2024-04-23T20:52:19,876  INFO [LocalJobRunner Map Task Executor #0] mapred.MapTask: Starting flush of map output
2024-04-23T20:52:19,876  INFO [LocalJobRunner Map Task Executor #0] mapred.MapTask: Spilling map output
2024-04-23T20:52:19,876  INFO [LocalJobRunner Map Task Executor #0] mapred.MapTask: bufstart = 0; bufend = 19; bufvoid = 104857600
2024-04-23T20:52:19,876  INFO [LocalJobRunner Map Task Executor #0] mapred.MapTask: kvstart = 26214396(104857584); kvend = 26214396(104857584); length = 1/6553600
2024-04-23T20:52:19,887  INFO [LocalJobRunner Map Task Executor #0] mapred.MapTask: Finished spill 0
2024-04-23T20:52:19,890  INFO [LocalJobRunner Map Task Executor #0] mapred.Task: Task:attempt_local731073328_0045_m_000000_0 is done. And is in the process of committing
2024-04-23T20:52:19,890  INFO [LocalJobRunner Map Task Executor #0] mapred.LocalJobRunner: OrcSplit [file:/home/alex/Repositories/hive/ql/target/tmp/org.apache.hadoop.hive.ql.TestTxnNoBuckets-1713930630697/warehouse/acidtbl/delta_0000001_0000001_0000/bucket_00001_0, start=0, length=704, isOriginal=false, fileLength=704, hasFooter=false, hasBase=true, deltas=0]
2024-04-23T20:52:19,891  INFO [LocalJobRunner Map Task Executor #0] mapred.Task: Task 'attempt_local731073328_0045_m_000000_0' done.
2024-04-23T20:52:19,891  INFO [LocalJobRunner Map Task Executor #0] mapred.Task: Final Counters for attempt_local731073328_0045_m_000000_0: Counters: 25
	File System Counters
		FILE: Number of bytes read=1050614
		FILE: Number of bytes written=54122441
		FILE: Number of read operations=0
		FILE: Number of large read operations=0
		FILE: Number of write operations=0
	Map-Reduce Framework
		Map input records=1
		Map output records=1
		Map output bytes=19
		Map output materialized bytes=27
		Input split bytes=497
		Combine input records=0
		Spilled Records=1
		Failed Shuffles=0
		Merged Map outputs=0
		GC time elapsed (ms)=0
		Total committed heap usage (bytes)=1204813824
	HIVE
		DESERIALIZE_ERRORS=0
		RECORDS_IN=3
		RECORDS_OUT_INTERMEDIATE=1
		RECORDS_OUT_OPERATOR_FIL_21=1
		RECORDS_OUT_OPERATOR_GBY_22=1
		RECORDS_OUT_OPERATOR_MAP_0=0
		RECORDS_OUT_OPERATOR_RS_23=1
		RECORDS_OUT_OPERATOR_TS_0=3
	File Input Format Counters 
		Bytes Read=11937
2024-04-23T20:52:19,891  INFO [LocalJobRunner Map Task Executor #0] mapred.LocalJobRunner: Finishing task: attempt_local731073328_0045_m_000000_0
2024-04-23T20:52:19,891  INFO [LocalJobRunner Map Task Executor #0] mapred.LocalJobRunner: Starting task: attempt_local731073328_0045_m_000001_0
2024-04-23T20:52:19,891  INFO [LocalJobRunner Map Task Executor #0] mapred.Task:  Using ResourceCalculatorProcessTree : [ ]
2024-04-23T20:52:19,892  INFO [LocalJobRunner Map Task Executor #0] mapred.MapTask: Processing split: org.apache.hadoop.hive.ql.io.orc.OrcInputFormat:OrcSplit [file:/home/alex/Repositories/hive/ql/target/tmp/org.apache.hadoop.hive.ql.TestTxnNoBuckets-1713930630697/warehouse/acidtbl/delta_0000001_0000001_0000/bucket_00000_0, start=0, length=688, isOriginal=false, fileLength=688, hasFooter=false, hasBase=true, deltas=0]
2024-04-23T20:52:19,892  INFO [LocalJobRunner Map Task Executor #0] exec.SerializationUtilities: Deserializing MapWork using kryo
2024-04-23T20:52:19,893  INFO [LocalJobRunner Map Task Executor #0] exec.Utilities: Deserialized plan (via FILE) - name: null size: 7,53KB
2024-04-23T20:52:19,893  INFO [LocalJobRunner Map Task Executor #0] orc.OrcInputFormat: ORC pushdown predicate: leaf-(BETWEEN a 1 3)
2024-04-23T20:52:19,893  INFO [LocalJobRunner Map Task Executor #0] orc.VectorizedOrcAcidRowBatchReader: Read ValidWriteIdList: default.acidtbl:1:9223372036854775807:::OrcSplit [file:/home/alex/Repositories/hive/ql/target/tmp/org.apache.hadoop.hive.ql.TestTxnNoBuckets-1713930630697/warehouse/acidtbl/delta_0000001_0000001_0000/bucket_00000_0, start=0, length=688, isOriginal=false, fileLength=688, hasFooter=false, hasBase=true, deltas=0]
2024-04-23T20:52:19,894  INFO [LocalJobRunner Map Task Executor #0] orc.ReaderImpl: Reading ORC rows from file:/home/alex/Repositories/hive/ql/target/tmp/org.apache.hadoop.hive.ql.TestTxnNoBuckets-1713930630697/warehouse/acidtbl/delta_0000001_0000001_0000/bucket_00000_0 with {include: [true, true, true], offset: 0, length: 688, sarg: leaf-(BETWEEN a 1 3), schema: struct<a:int,b:int>, includeAcidColumns: false}
2024-04-23T20:52:19,895  INFO [LocalJobRunner Map Task Executor #0] mapred.MapTask: numReduceTasks: 1
2024-04-23T20:52:19,905  INFO [LocalJobRunner Map Task Executor #0] mapred.MapTask: (EQUATOR) 0 kvi 26214396(104857584)
2024-04-23T20:52:19,905  INFO [LocalJobRunner Map Task Executor #0] mapred.MapTask: mapreduce.task.io.sort.mb: 100
2024-04-23T20:52:19,905  INFO [LocalJobRunner Map Task Executor #0] mapred.MapTask: soft limit at 83886080
2024-04-23T20:52:19,905  INFO [LocalJobRunner Map Task Executor #0] mapred.MapTask: bufstart = 0; bufvoid = 104857600
2024-04-23T20:52:19,905  INFO [LocalJobRunner Map Task Executor #0] mapred.MapTask: kvstart = 26214396; length = 6553600
2024-04-23T20:52:19,906  INFO [LocalJobRunner Map Task Executor #0] mapred.MapTask: Map output collector class = org.apache.hadoop.mapred.MapTask$MapOutputBuffer
2024-04-23T20:52:19,906  INFO [LocalJobRunner Map Task Executor #0] vector.VectorMapOperator: Initializing Operator: MAP[0]
2024-04-23T20:52:19,906  INFO [LocalJobRunner Map Task Executor #0] mr.ExecMapper: 
<MAP>Id =0
  <Children>null
  <\Children>
  <Parent><\Parent>
<\MAP>
2024-04-23T20:52:19,907  INFO [LocalJobRunner Map Task Executor #0] exec.TableScanOperator: Initializing Operator: TS[0]
2024-04-23T20:52:19,907  INFO [LocalJobRunner Map Task Executor #0] vector.VectorFilterOperator: Initializing Operator: FIL[21]
2024-04-23T20:52:19,907  INFO [LocalJobRunner Map Task Executor #0] vector.VectorGroupByOperator: Initializing Operator: GBY[22]
2024-04-23T20:52:19,907  INFO [LocalJobRunner Map Task Executor #0] vector.VectorReduceSinkOperator: Initializing Operator: RS[23]
2024-04-23T20:52:19,907  INFO [LocalJobRunner Map Task Executor #0] vector.VectorReduceSinkOperator: Using tag = -1
2024-04-23T20:52:19,908  INFO [LocalJobRunner Map Task Executor #0] vector.VectorMapOperator: Closing Operator: MAP[0]
2024-04-23T20:52:19,908  INFO [LocalJobRunner Map Task Executor #0] vector.VectorMapOperator: RECORDS_OUT_OPERATOR_MAP_0:0, RECORDS_OUT_INTERMEDIATE:0, RECORDS_IN:2, DESERIALIZE_ERRORS:0, 
2024-04-23T20:52:19,908  INFO [LocalJobRunner Map Task Executor #0] exec.TableScanOperator: Closing Operator: TS[0]
2024-04-23T20:52:19,908  INFO [LocalJobRunner Map Task Executor #0] exec.TableScanOperator: RECORDS_OUT_INTERMEDIATE:0, RECORDS_OUT_OPERATOR_TS_0:2, 
2024-04-23T20:52:19,908  INFO [LocalJobRunner Map Task Executor #0] vector.VectorFilterOperator: Closing Operator: FIL[21]
2024-04-23T20:52:19,908  INFO [LocalJobRunner Map Task Executor #0] vector.VectorFilterOperator: RECORDS_OUT_OPERATOR_FIL_21:1, RECORDS_OUT_INTERMEDIATE:0, 
2024-04-23T20:52:19,908  INFO [LocalJobRunner Map Task Executor #0] vector.VectorGroupByOperator: Closing Operator: GBY[22]
2024-04-23T20:52:19,909  INFO [LocalJobRunner Map Task Executor #0] vector.VectorReduceSinkOperator: keys are [_col0, _col1] num distributions: 2
2024-04-23T20:52:19,909  INFO [LocalJobRunner Map Task Executor #0] vector.VectorReduceSinkOperator: RS[23]: records written - 1
2024-04-23T20:52:19,909  INFO [LocalJobRunner Map Task Executor #0] vector.VectorGroupByOperator: RECORDS_OUT_INTERMEDIATE:0, RECORDS_OUT_OPERATOR_GBY_22:1, 
2024-04-23T20:52:19,909  INFO [LocalJobRunner Map Task Executor #0] vector.VectorReduceSinkOperator: Closing Operator: RS[23]
2024-04-23T20:52:19,909  INFO [LocalJobRunner Map Task Executor #0] vector.VectorReduceSinkOperator: RS[23]: Total records written - 1. abort - false
2024-04-23T20:52:19,909  INFO [LocalJobRunner Map Task Executor #0] vector.VectorReduceSinkOperator: RECORDS_OUT_INTERMEDIATE:1, RECORDS_OUT_OPERATOR_RS_23:1, 
2024-04-23T20:52:19,909  INFO [LocalJobRunner Map Task Executor #0] mapred.LocalJobRunner: 
2024-04-23T20:52:19,909  INFO [LocalJobRunner Map Task Executor #0] mapred.MapTask: Starting flush of map output
2024-04-23T20:52:19,909  INFO [LocalJobRunner Map Task Executor #0] mapred.MapTask: Spilling map output
2024-04-23T20:52:19,909  INFO [LocalJobRunner Map Task Executor #0] mapred.MapTask: bufstart = 0; bufend = 19; bufvoid = 104857600
2024-04-23T20:52:19,910  INFO [LocalJobRunner Map Task Executor #0] mapred.MapTask: kvstart = 26214396(104857584); kvend = 26214396(104857584); length = 1/6553600
2024-04-23T20:52:19,917  INFO [LocalJobRunner Map Task Executor #0] mapred.MapTask: Finished spill 0
2024-04-23T20:52:19,920  INFO [LocalJobRunner Map Task Executor #0] mapred.Task: Task:attempt_local731073328_0045_m_000001_0 is done. And is in the process of committing
2024-04-23T20:52:19,921  INFO [LocalJobRunner Map Task Executor #0] mapred.LocalJobRunner: OrcSplit [file:/home/alex/Repositories/hive/ql/target/tmp/org.apache.hadoop.hive.ql.TestTxnNoBuckets-1713930630697/warehouse/acidtbl/delta_0000001_0000001_0000/bucket_00000_0, start=0, length=688, isOriginal=false, fileLength=688, hasFooter=false, hasBase=true, deltas=0]
2024-04-23T20:52:19,921  INFO [LocalJobRunner Map Task Executor #0] mapred.Task: Task 'attempt_local731073328_0045_m_000001_0' done.
2024-04-23T20:52:19,921  INFO [LocalJobRunner Map Task Executor #0] mapred.Task: Final Counters for attempt_local731073328_0045_m_000001_0: Counters: 25
	File System Counters
		FILE: Number of bytes read=1063472
		FILE: Number of bytes written=54122500
		FILE: Number of read operations=0
		FILE: Number of large read operations=0
		FILE: Number of write operations=0
	Map-Reduce Framework
		Map input records=1
		Map output records=1
		Map output bytes=19
		Map output materialized bytes=27
		Input split bytes=497
		Combine input records=0
		Spilled Records=1
		Failed Shuffles=0
		Merged Map outputs=0
		GC time elapsed (ms)=5
		Total committed heap usage (bytes)=1203765248
	HIVE
		DESERIALIZE_ERRORS=0
		RECORDS_IN=2
		RECORDS_OUT_INTERMEDIATE=1
		RECORDS_OUT_OPERATOR_FIL_21=1
		RECORDS_OUT_OPERATOR_GBY_22=1
		RECORDS_OUT_OPERATOR_MAP_0=0
		RECORDS_OUT_OPERATOR_RS_23=1
		RECORDS_OUT_OPERATOR_TS_0=2
	File Input Format Counters 
		Bytes Read=11841
2024-04-23T20:52:19,921  INFO [LocalJobRunner Map Task Executor #0] mapred.LocalJobRunner: Finishing task: attempt_local731073328_0045_m_000001_0
2024-04-23T20:52:19,921  INFO [Thread-2966] mapred.LocalJobRunner: map task executor complete.
2024-04-23T20:52:19,922  INFO [Thread-2966] mapred.LocalJobRunner: Waiting for reduce tasks
2024-04-23T20:52:19,922  INFO [pool-200-thread-1] mapred.LocalJobRunner: Starting task: attempt_local731073328_0045_r_000000_0
2024-04-23T20:52:19,922  INFO [pool-200-thread-1] mapred.Task:  Using ResourceCalculatorProcessTree : [ ]
2024-04-23T20:52:19,922  INFO [pool-200-thread-1] mapred.ReduceTask: Using ShuffleConsumerPlugin: org.apache.hadoop.mapreduce.task.reduce.Shuffle@141ef11c
2024-04-23T20:52:19,922  WARN [pool-200-thread-1] impl.MetricsSystemImpl: JobTracker metrics system already initialized!
2024-04-23T20:52:19,923  INFO [pool-200-thread-1] reduce.MergeManagerImpl: MergerManager: memoryLimit=1336252800, maxSingleShuffleLimit=334063200, mergeThreshold=881926912, ioSortFactor=10, memToMemMergeOutputsThreshold=10
2024-04-23T20:52:19,924  INFO [EventFetcher for fetching Map Completion Events] reduce.EventFetcher: attempt_local731073328_0045_r_000000_0 Thread started: EventFetcher for fetching Map Completion Events
2024-04-23T20:52:19,924  INFO [localfetcher#29] reduce.LocalFetcher: localfetcher#29 about to shuffle output of map attempt_local731073328_0045_m_000001_0 decomp: 23 len: 27 to MEMORY
2024-04-23T20:52:19,925  INFO [localfetcher#29] reduce.InMemoryMapOutput: Read 23 bytes from map-output for attempt_local731073328_0045_m_000001_0
2024-04-23T20:52:19,925  INFO [localfetcher#29] reduce.MergeManagerImpl: closeInMemoryFile -> map-output of size: 23, inMemoryMapOutputs.size() -> 1, commitMemory -> 0, usedMemory ->23
2024-04-23T20:52:19,927  INFO [localfetcher#29] reduce.LocalFetcher: localfetcher#29 about to shuffle output of map attempt_local731073328_0045_m_000000_0 decomp: 23 len: 27 to MEMORY
2024-04-23T20:52:19,928  INFO [localfetcher#29] reduce.InMemoryMapOutput: Read 23 bytes from map-output for attempt_local731073328_0045_m_000000_0
2024-04-23T20:52:19,928  INFO [localfetcher#29] reduce.MergeManagerImpl: closeInMemoryFile -> map-output of size: 23, inMemoryMapOutputs.size() -> 2, commitMemory -> 23, usedMemory ->46
2024-04-23T20:52:19,928  INFO [EventFetcher for fetching Map Completion Events] reduce.EventFetcher: EventFetcher is interrupted.. Returning
2024-04-23T20:52:19,928  INFO [pool-200-thread-1] mapred.LocalJobRunner: 2 / 2 copied.
2024-04-23T20:52:19,928  INFO [pool-200-thread-1] reduce.MergeManagerImpl: finalMerge called with 2 in-memory map-outputs and 0 on-disk map-outputs
2024-04-23T20:52:19,935  INFO [pool-200-thread-1] mapred.Merger: Merging 2 sorted segments
2024-04-23T20:52:19,935  INFO [pool-200-thread-1] mapred.Merger: Down to the last merge-pass, with 2 segments left of total size: 12 bytes
2024-04-23T20:52:19,937  INFO [pool-200-thread-1] reduce.MergeManagerImpl: Merged 2 segments, 46 bytes to disk to satisfy reduce memory limit
2024-04-23T20:52:19,937  INFO [pool-200-thread-1] reduce.MergeManagerImpl: Merging 1 files, 48 bytes from disk
2024-04-23T20:52:19,937  INFO [pool-200-thread-1] reduce.MergeManagerImpl: Merging 0 segments, 0 bytes from memory into reduce
2024-04-23T20:52:19,937  INFO [pool-200-thread-1] mapred.Merger: Merging 1 sorted segments
2024-04-23T20:52:19,937  INFO [pool-200-thread-1] mapred.Merger: Down to the last merge-pass, with 1 segments left of total size: 27 bytes
2024-04-23T20:52:19,938  INFO [pool-200-thread-1] mapred.LocalJobRunner: 2 / 2 copied.
2024-04-23T20:52:19,938  INFO [pool-200-thread-1] exec.SerializationUtilities: Deserializing ReduceWork using kryo
2024-04-23T20:52:19,939  INFO [pool-200-thread-1] exec.Utilities: Deserialized plan (via FILE) - name: null size: 7,63KB
2024-04-23T20:52:19,939  INFO [pool-200-thread-1] ExecReducer: 
<GBY>Id =5
  <Children>
    <FS>Id =19
      <Children>
      <\Children>
      <Parent>Id = 5 null<\Parent>
    <\FS>
  <\Children>
  <Parent><\Parent>
<\GBY>
2024-04-23T20:52:19,939  INFO [pool-200-thread-1] exec.GroupByOperator: Initializing Operator: GBY[5]
2024-04-23T20:52:19,939  INFO [pool-200-thread-1] exec.GroupByOperator: isTez: false isLlap: false numExecutors: 1 maxMemory: 1908932608
2024-04-23T20:52:19,939  INFO [pool-200-thread-1] exec.FileSinkOperator: Initializing Operator: FS[19]
2024-04-23T20:52:19,940  INFO [pool-200-thread-1] exec.FileSinkOperator: Using serializer : AbstractSerDe [log=org.apache.logging.slf4j.Log4jLogger@7b7b674c, configuration=Optional[Configuration: core-default.xml, core-site.xml, mapred-default.xml, mapred-site.xml, yarn-default.xml, yarn-site.xml, hdfs-default.xml, hdfs-site.xml, file:/home/alex/Repositories/hive/ql/target/tmp/TestTxnNoBucketsVectorized/mapred/local/localRunner/alex/job_local731073328_0045/job_local731073328_0045.xml], properties={columns=_col0,_col1, serialization.lib=org.apache.hadoop.hive.serde2.lazybinary.LazyBinarySerDe, columns.types=int,int, escape.delim=\, column.name.delimiter=,}, tableProperties={columns=_col0,_col1, serialization.lib=org.apache.hadoop.hive.serde2.lazybinary.LazyBinarySerDe, columns.types=int,int, column.name.delimiter=,, escape.delim=\}, partitionProperties=Optional.empty, columnNames=[_col0, _col1], columnTypes=[int, int], getClass()=class org.apache.hadoop.hive.serde2.lazybinary.LazyBinarySerDe] and formatter : org.apache.hadoop.hive.ql.io.HiveSequenceFileOutputFormat@5bee9327
2024-04-23T20:52:19,940  INFO [pool-200-thread-1] exec.FileSinkOperator: Final Path: FS file:/home/alex/Repositories/hive/ql/target/tmp/localscratchdir/7ebc01d5-15d9-4723-a951-b8cae7daded8/hive_2024-04-23_20-52-19_237_2734063800345253108-1/_tmp.-mr-10002/000000_0
2024-04-23T20:52:19,940  INFO [pool-200-thread-1] exec.FileSinkOperator: Writing to temp file: FS file:/home/alex/Repositories/hive/ql/target/tmp/localscratchdir/7ebc01d5-15d9-4723-a951-b8cae7daded8/hive_2024-04-23_20-52-19_237_2734063800345253108-1/_task_tmp.-mr-10002/_tmp.000000_0
2024-04-23T20:52:19,940  INFO [pool-200-thread-1] exec.FileSinkOperator: New Final Path: FS file:/home/alex/Repositories/hive/ql/target/tmp/localscratchdir/7ebc01d5-15d9-4723-a951-b8cae7daded8/hive_2024-04-23_20-52-19_237_2734063800345253108-1/_tmp.-mr-10002/000000_0
2024-04-23T20:52:19,947  INFO [pool-200-thread-1] exec.FileSinkOperator: FS[19]: records written - 1
2024-04-23T20:52:19,947  INFO [pool-200-thread-1] exec.GroupByOperator: Closing Operator: GBY[5]
2024-04-23T20:52:19,947  INFO [pool-200-thread-1] exec.GroupByOperator: RECORDS_OUT_OPERATOR_GBY_5:2, RECORDS_OUT_INTERMEDIATE:0, 
2024-04-23T20:52:19,947  INFO [pool-200-thread-1] exec.FileSinkOperator: Closing Operator: FS[19]
2024-04-23T20:52:19,947  INFO [pool-200-thread-1] exec.FileSinkOperator: FS[19]: records written - 2
2024-04-23T20:52:19,947  INFO [pool-200-thread-1] exec.FileSinkOperator: RECORDS_OUT_OPERATOR_FS_19:2, RECORDS_OUT_INTERMEDIATE:0, RECORDS_OUT_0:2, 
2024-04-23T20:52:19,948  INFO [pool-200-thread-1] mapred.Task: Task:attempt_local731073328_0045_r_000000_0 is done. And is in the process of committing
2024-04-23T20:52:19,948  INFO [pool-200-thread-1] mapred.LocalJobRunner: reduce > reduce
2024-04-23T20:52:19,948  INFO [pool-200-thread-1] mapred.Task: Task 'attempt_local731073328_0045_r_000000_0' done.
2024-04-23T20:52:19,948  INFO [pool-200-thread-1] mapred.Task: Final Counters for attempt_local731073328_0045_r_000000_0: Counters: 29
	File System Counters
		FILE: Number of bytes read=1071338
		FILE: Number of bytes written=54122694
		FILE: Number of read operations=0
		FILE: Number of large read operations=0
		FILE: Number of write operations=0
	Map-Reduce Framework
		Combine input records=0
		Combine output records=0
		Reduce input groups=2
		Reduce shuffle bytes=54
		Reduce input records=2
		Reduce output records=0
		Spilled Records=2
		Shuffled Maps =2
		Failed Shuffles=0
		Merged Map outputs=2
		GC time elapsed (ms)=0
		Total committed heap usage (bytes)=1203765248
	HIVE
		CREATED_FILES=1
		RECORDS_OUT_0=2
		RECORDS_OUT_INTERMEDIATE=0
		RECORDS_OUT_OPERATOR_FS_19=2
		RECORDS_OUT_OPERATOR_GBY_5=2
	Shuffle Errors
		BAD_ID=0
		CONNECTION=0
		IO_ERROR=0
		WRONG_LENGTH=0
		WRONG_MAP=0
		WRONG_REDUCE=0
	File Output Format Counters 
		Bytes Written=0
2024-04-23T20:52:19,948  INFO [pool-200-thread-1] mapred.LocalJobRunner: Finishing task: attempt_local731073328_0045_r_000000_0
2024-04-23T20:52:19,948  INFO [Thread-2966] mapred.LocalJobRunner: reduce task executor complete.
2024-04-23 20:52:20,863 Stage-1 map = 100%,  reduce = 100%
2024-04-23T20:52:20,863  INFO [main] exec.Task: 2024-04-23 20:52:20,863 Stage-1 map = 100%,  reduce = 100%
Ended Job = job_local731073328_0045
2024-04-23T20:52:20,865  INFO [main] exec.Task: Ended Job = job_local731073328_0045
Launching Job 2 out of 2
2024-04-23T20:52:20,867  INFO [main] ql.Driver: Launching Job 2 out of 2
2024-04-23T20:52:21,011  INFO [main] ql.Driver: Starting task [Stage-2:MAPRED] in serial mode
Number of reduce tasks is set to 0 since there's no reduce operator
2024-04-23T20:52:21,011  INFO [main] exec.Task: Number of reduce tasks is set to 0 since there's no reduce operator
2024-04-23T20:52:21,013  INFO [main] mr.ExecDriver: Using org.apache.hadoop.hive.ql.io.HiveInputFormat
2024-04-23T20:52:21,014  INFO [main] exec.Utilities: Processing alias file:/home/alex/Repositories/hive/ql/target/tmp/localscratchdir/7ebc01d5-15d9-4723-a951-b8cae7daded8/hive_2024-04-23_20-52-19_237_2734063800345253108-1/-mr-10002
2024-04-23T20:52:21,014  INFO [main] exec.Utilities: Adding 2 inputs; the first input is file:/home/alex/Repositories/hive/ql/target/tmp/localscratchdir/7ebc01d5-15d9-4723-a951-b8cae7daded8/hive_2024-04-23_20-52-19_237_2734063800345253108-1/-mr-10002
2024-04-23T20:52:21,014  INFO [main] exec.Utilities: Processing alias $hdt$_1-subquery1-subquery2:acidtbl
2024-04-23T20:52:21,014  INFO [main] exec.Utilities: Adding 2 inputs; the first input is file:/home/alex/Repositories/hive/ql/target/tmp/org.apache.hadoop.hive.ql.TestTxnNoBuckets-1713930630697/warehouse/acidtbl
2024-04-23T20:52:21,014  INFO [main] exec.Utilities: Processing alias $hdt$_1-subquery2:acidtbl
2024-04-23T20:52:21,023  INFO [main] exec.SerializationUtilities: Serializing MapWork using kryo
2024-04-23T20:52:21,024  INFO [main] exec.Utilities: Serialized plan (via FILE) - name: null size: 7,67KB
2024-04-23T20:52:21,025  WARN [main] impl.MetricsSystemImpl: JobTracker metrics system already initialized!
2024-04-23T20:52:21,028  INFO [main] fs.FSStatsPublisher: created : file:/home/alex/Repositories/hive/ql/target/tmp/localscratchdir/7ebc01d5-15d9-4723-a951-b8cae7daded8/hive_2024-04-23_20-52-19_237_2734063800345253108-1/-mr-10001
2024-04-23T20:52:21,033  WARN [main] impl.MetricsSystemImpl: JobTracker metrics system already initialized!
2024-04-23T20:52:21,039  WARN [main] mapreduce.JobResourceUploader: Hadoop command-line option parsing not performed. Implement the Tool interface and execute your application with ToolRunner to remedy this.
2024-04-23T20:52:21,044  WARN [main] mapreduce.JobResourceUploader: No job jar file set.  User classes may not be found. See Job or Job#setJar(String).
2024-04-23T20:52:21,045  INFO [main] exec.Utilities: schema.evolution.columns and schema.evolution.columns.types not available
2024-04-23T20:52:21,046  INFO [main] io.HiveInputFormat: Generating splits as currentDirs is not empty. currentDirs: [file:/home/alex/Repositories/hive/ql/target/tmp/localscratchdir/7ebc01d5-15d9-4723-a951-b8cae7daded8/hive_2024-04-23_20-52-19_237_2734063800345253108-1/-mr-10002]
2024-04-23T20:52:21,046  INFO [main] io.HiveInputFormat: hive.io.file.readcolumn.ids = 0,1
2024-04-23T20:52:21,046  INFO [main] io.HiveInputFormat: hive.io.file.readcolumn.names = _col0,_col1
2024-04-23T20:52:21,046  INFO [main] exec.Utilities: schema.evolution.columns and schema.evolution.columns.types not available
2024-04-23T20:52:21,049  INFO [main] mapred.FileInputFormat: Total input files to process : 1
2024-04-23T20:52:21,050  INFO [main] io.HiveInputFormat: hive.io.file.readcolumn.ids = 0,1
2024-04-23T20:52:21,050  INFO [main] io.HiveInputFormat: hive.io.file.readcolumn.names = _col0,_col1
2024-04-23T20:52:21,050  INFO [main] io.HiveInputFormat: Generating splits for dirs: file:/home/alex/Repositories/hive/ql/target/tmp/localscratchdir/7ebc01d5-15d9-4723-a951-b8cae7daded8/hive_2024-04-23_20-52-19_237_2734063800345253108-1/-mr-10002
2024-04-23T20:52:21,050  INFO [main] orc.OrcInputFormat: getSplits started
2024-04-23T20:52:21,050  INFO [main] orc.OrcInputFormat: Context:: isAcid: false isVectorMode: false sarg: null minSplitSize: 1 maxSplitSize: 256000000 splitStrategy: HYBRID footerInSplits: false numBuckets: 2 numThreads: 10 cacheMemSize: 268435456 cacheStripeDetails: true useSoftReference: false writeIdList: null:9223372036854775807:9223372036854775807:: isTransactionalTable: true txnProperties: default 
2024-04-23T20:52:21,050  INFO [main] orc.OrcInputFormat: ORC pushdown predicate: null
2024-04-23T20:52:21,062  INFO [main] orc.OrcInputFormat: FooterCacheHitRatio: 0/2
2024-04-23T20:52:21,062  INFO [main] orc.OrcInputFormat: getSplits finished (#splits: 2). duration: 12 ms
2024-04-23T20:52:21,063  INFO [main] io.HiveInputFormat: number of splits 3
2024-04-23T20:52:21,080  INFO [main] mapreduce.JobSubmitter: number of splits:3
2024-04-23T20:52:21,099  INFO [main] mapreduce.JobSubmitter: Submitting tokens for job: job_local1323152869_0046
2024-04-23T20:52:21,099  INFO [main] mapreduce.JobSubmitter: Executing with tokens: []
2024-04-23T20:52:21,176  INFO [main] mapreduce.Job: The url to track the job: http://localhost:8080/
Job running in-process (local Hadoop)
2024-04-23T20:52:21,176  INFO [main] exec.Task: Job running in-process (local Hadoop)
2024-04-23T20:52:21,177  INFO [Thread-3018] mapred.LocalJobRunner: OutputCommitter set in config org.apache.hadoop.hive.ql.io.HiveFileFormatUtils$NullOutputCommitter
2024-04-23T20:52:21,177  INFO [Thread-3018] mapred.LocalJobRunner: OutputCommitter is org.apache.hadoop.hive.ql.io.HiveFileFormatUtils$NullOutputCommitter
2024-04-23T20:52:21,179  INFO [Thread-3018] mapred.LocalJobRunner: Waiting for map tasks
2024-04-23T20:52:21,179  INFO [LocalJobRunner Map Task Executor #0] mapred.LocalJobRunner: Starting task: attempt_local1323152869_0046_m_000000_0
2024-04-23T20:52:21,180  INFO [LocalJobRunner Map Task Executor #0] mapred.Task:  Using ResourceCalculatorProcessTree : [ ]
2024-04-23T20:52:21,180  INFO [LocalJobRunner Map Task Executor #0] mapred.MapTask: Processing split: org.apache.hadoop.hive.ql.io.orc.OrcInputFormat:OrcSplit [file:/home/alex/Repositories/hive/ql/target/tmp/org.apache.hadoop.hive.ql.TestTxnNoBuckets-1713930630697/warehouse/acidtbl/delta_0000001_0000001_0000/bucket_00001_0, start=3, length=317, isOriginal=false, fileLength=704, hasFooter=false, hasBase=true, deltas=0]
2024-04-23T20:52:21,181  INFO [LocalJobRunner Map Task Executor #0] exec.SerializationUtilities: Deserializing MapWork using kryo
2024-04-23T20:52:21,181  INFO [LocalJobRunner Map Task Executor #0] exec.Utilities: Deserialized plan (via FILE) - name: null size: 7,67KB
2024-04-23T20:52:21,182  INFO [LocalJobRunner Map Task Executor #0] orc.OrcRawRecordMerger: min key = null, max key = null
2024-04-23T20:52:21,182  INFO [LocalJobRunner Map Task Executor #0] orc.ReaderImpl: Reading ORC rows from file:/home/alex/Repositories/hive/ql/target/tmp/org.apache.hadoop.hive.ql.TestTxnNoBuckets-1713930630697/warehouse/acidtbl/delta_0000001_0000001_0000/bucket_00001_0 with {include: [true, true, true], offset: 3, length: 317, schema: struct<a:int,b:int>, includeAcidColumns: true}
2024-04-23T20:52:21,183  INFO [LocalJobRunner Map Task Executor #0] orc.OrcRawRecordMerger: updated min key = null, max key = null
2024-04-23T20:52:21,183  INFO [LocalJobRunner Map Task Executor #0] mapred.MapTask: numReduceTasks: 0
2024-04-23T20:52:21,184  INFO [LocalJobRunner Map Task Executor #0] exec.MapOperator: Initializing Operator: MAP[0]
2024-04-23T20:52:21,185  INFO [LocalJobRunner Map Task Executor #0] mr.ExecMapper: 
<MAP>Id =0
  <Children>
    <TS>Id =20
      <Children>
        <UNION>Id =10
          <Children>
            <FS>Id =15
              <Children>
              <\Children>
              <Parent>Id = 10 null<\Parent>
            <\FS>
          <\Children>
          <Parent>Id = 20 nullId = 9 
        <SEL>Id =9
          <Children>null
          <\Children>
          <Parent>Id = 17 
        <FIL>Id =17
          <Children>null
          <\Children>
          <Parent>Id = 7 
        <TS>Id =7
          <Children>null
          <\Children>
          <Parent>Id = 0 null<\Parent>
        <\TS><\Parent>
        <\FIL><\Parent>
        <\SEL>Id = 13 
        <SEL>Id =13
          <Children>null
          <\Children>
          <Parent>Id = 18 
        <FIL>Id =18
          <Children>null
          <\Children>
          <Parent>Id = 11 
        <TS>Id =11
          <Children>null
          <\Children>
          <Parent>Id = 0 null<\Parent>
        <\TS><\Parent>
        <\FIL><\Parent>
        <\SEL><\Parent>
        <\UNION>
      <\Children>
      <Parent>Id = 0 null<\Parent>
    <\TS>nullnull
  <\Children>
  <Parent><\Parent>
<\MAP>
2024-04-23T20:52:21,186  INFO [LocalJobRunner Map Task Executor #0] exec.TableScanOperator: Initializing Operator: TS[20]
2024-04-23T20:52:21,186  INFO [LocalJobRunner Map Task Executor #0] exec.TableScanOperator: Initializing Operator: TS[11]
2024-04-23T20:52:21,186  INFO [LocalJobRunner Map Task Executor #0] exec.FilterOperator: Initializing Operator: FIL[18]
2024-04-23T20:52:21,186  INFO [LocalJobRunner Map Task Executor #0] exec.SelectOperator: Initializing Operator: SEL[13]
2024-04-23T20:52:21,186  INFO [LocalJobRunner Map Task Executor #0] exec.SelectOperator: SELECT struct<a:int,b:int>
2024-04-23T20:52:21,186  INFO [LocalJobRunner Map Task Executor #0] exec.TableScanOperator: Initializing Operator: TS[7]
2024-04-23T20:52:21,186  INFO [LocalJobRunner Map Task Executor #0] exec.FilterOperator: Initializing Operator: FIL[17]
2024-04-23T20:52:21,186  INFO [LocalJobRunner Map Task Executor #0] exec.SelectOperator: Initializing Operator: SEL[9]
2024-04-23T20:52:21,186  INFO [LocalJobRunner Map Task Executor #0] exec.SelectOperator: SELECT struct<a:int,b:int>
2024-04-23T20:52:21,187  INFO [LocalJobRunner Map Task Executor #0] exec.UnionOperator: Initializing Operator: UNION[10]
2024-04-23T20:52:21,187  INFO [LocalJobRunner Map Task Executor #0] exec.UnionOperator: Union Operator needs to transform row from parent[0] from org.apache.hadoop.hive.serde2.lazybinary.objectinspector.LazyBinaryStructObjectInspector<org.apache.hadoop.hive.serde2.objectinspector.primitive.WritableIntObjectInspector@1d57b8f1,org.apache.hadoop.hive.serde2.objectinspector.primitive.WritableIntObjectInspector@1d57b8f1> to org.apache.hadoop.hive.serde2.objectinspector.StandardStructObjectInspector<org.apache.hadoop.hive.serde2.objectinspector.primitive.WritableIntObjectInspector@1d57b8f1,org.apache.hadoop.hive.serde2.objectinspector.primitive.WritableIntObjectInspector@1d57b8f1>
2024-04-23T20:52:21,187  INFO [LocalJobRunner Map Task Executor #0] exec.FileSinkOperator: Initializing Operator: FS[15]
2024-04-23T20:52:21,187  INFO [LocalJobRunner Map Task Executor #0] exec.FileSinkOperator: Using serializer : AbstractSerDe [log=org.apache.logging.slf4j.Log4jLogger@4aa280a, configuration=Optional[Configuration: core-default.xml, core-site.xml, mapred-default.xml, mapred-site.xml, yarn-default.xml, yarn-site.xml, hdfs-default.xml, hdfs-site.xml, file:/home/alex/Repositories/hive/ql/target/tmp/TestTxnNoBucketsVectorized/mapred/local/localRunner/alex/job_local1323152869_0046/job_local1323152869_0046.xml], properties={name=default.t, columns.types=int:int, serialization.format=1, columns=a,b, numFilesErasureCoded=0, columns.comments=&amp#0;, bucketing_version=2, serialization.lib=org.apache.hadoop.hive.ql.io.orc.OrcSerde, file.inputformat=org.apache.hadoop.hive.ql.io.orc.OrcInputFormat, file.outputformat=org.apache.hadoop.hive.ql.io.orc.OrcOutputFormat, location=file:/home/alex/Repositories/hive/ql/target/tmp/org.apache.hadoop.hive.ql.TestTxnNoBuckets-1713930630697/warehouse/t, column.name.delimiter=,}, tableProperties={name=default.t, columns.types=int:int, serialization.format=1, columns=a,b, numFilesErasureCoded=0, columns.comments=&amp#0;, bucketing_version=2, serialization.lib=org.apache.hadoop.hive.ql.io.orc.OrcSerde, file.inputformat=org.apache.hadoop.hive.ql.io.orc.OrcInputFormat, location=file:/home/alex/Repositories/hive/ql/target/tmp/org.apache.hadoop.hive.ql.TestTxnNoBuckets-1713930630697/warehouse/t, file.outputformat=org.apache.hadoop.hive.ql.io.orc.OrcOutputFormat, column.name.delimiter=,}, partitionProperties=Optional.empty, columnNames=[a, b], columnTypes=[int, int], getClass()=class org.apache.hadoop.hive.ql.io.orc.OrcSerde] and formatter : org.apache.hadoop.hive.ql.io.orc.OrcOutputFormat@3b9d7682
2024-04-23T20:52:21,188  INFO [LocalJobRunner Map Task Executor #0] exec.MapOperator: MAP[0]: records read - 1
2024-04-23T20:52:21,188  INFO [LocalJobRunner Map Task Executor #0] exec.FileSinkOperator: Final Path: FS file:/home/alex/Repositories/hive/ql/target/tmp/org.apache.hadoop.hive.ql.TestTxnNoBuckets-1713930630697/warehouse/t/.hive-staging_hive_2024-04-23_20-52-19_237_2734063800345253108-1/_tmp.-ext-10000/000000_0
2024-04-23T20:52:21,188  INFO [LocalJobRunner Map Task Executor #0] exec.FileSinkOperator: Writing to temp file: FS file:/home/alex/Repositories/hive/ql/target/tmp/org.apache.hadoop.hive.ql.TestTxnNoBuckets-1713930630697/warehouse/t/.hive-staging_hive_2024-04-23_20-52-19_237_2734063800345253108-1/_task_tmp.-ext-10000/_tmp.000000_0
2024-04-23T20:52:21,188  INFO [LocalJobRunner Map Task Executor #0] exec.FileSinkOperator: New Final Path: FS file:/home/alex/Repositories/hive/ql/target/tmp/org.apache.hadoop.hive.ql.TestTxnNoBuckets-1713930630697/warehouse/t/.hive-staging_hive_2024-04-23_20-52-19_237_2734063800345253108-1/_tmp.-ext-10000/000000_0
2024-04-23T20:52:21,188  INFO [LocalJobRunner Map Task Executor #0] exec.FileSinkOperator: FS[15]: records written - 1
2024-04-23T20:52:21,188  INFO [LocalJobRunner Map Task Executor #0] impl.PhysicalFsWriter: ORC writer created for path: file:/home/alex/Repositories/hive/ql/target/tmp/org.apache.hadoop.hive.ql.TestTxnNoBuckets-1713930630697/warehouse/t/.hive-staging_hive_2024-04-23_20-52-19_237_2734063800345253108-1/_task_tmp.-ext-10000/_tmp.000000_0 with stripeSize: 67108864 blockSize: 268435456 compression: Compress: ZLIB buffer: 262144
2024-04-23T20:52:21,195  INFO [LocalJobRunner Map Task Executor #0] impl.WriterImpl: ORC writer created for path: file:/home/alex/Repositories/hive/ql/target/tmp/org.apache.hadoop.hive.ql.TestTxnNoBuckets-1713930630697/warehouse/t/.hive-staging_hive_2024-04-23_20-52-19_237_2734063800345253108-1/_task_tmp.-ext-10000/_tmp.000000_0 with stripeSize: 67108864 options: Compress: ZLIB buffer: 262144
2024-04-23T20:52:21,196  INFO [LocalJobRunner Map Task Executor #0] exec.MapOperator: Closing Operator: MAP[0]
2024-04-23T20:52:21,196  INFO [LocalJobRunner Map Task Executor #0] exec.MapOperator: MAP[0]: Total records read - 3. abort - false
2024-04-23T20:52:21,196  INFO [LocalJobRunner Map Task Executor #0] exec.MapOperator: RECORDS_OUT_OPERATOR_MAP_0:0, RECORDS_IN:3, RECORDS_OUT_INTERMEDIATE:0, DESERIALIZE_ERRORS:0, 
2024-04-23T20:52:21,196  INFO [LocalJobRunner Map Task Executor #0] exec.TableScanOperator: Closing Operator: TS[20]
2024-04-23T20:52:21,196  INFO [LocalJobRunner Map Task Executor #0] exec.TableScanOperator: RECORDS_OUT_OPERATOR_TS_20:0, RECORDS_OUT_INTERMEDIATE:0, 
2024-04-23T20:52:21,196  INFO [LocalJobRunner Map Task Executor #0] exec.TableScanOperator: Closing Operator: TS[7]
2024-04-23T20:52:21,196  INFO [LocalJobRunner Map Task Executor #0] exec.TableScanOperator: RECORDS_OUT_OPERATOR_TS_7:3, RECORDS_OUT_INTERMEDIATE:0, 
2024-04-23T20:52:21,197  INFO [LocalJobRunner Map Task Executor #0] exec.FilterOperator: Closing Operator: FIL[17]
2024-04-23T20:52:21,197  INFO [LocalJobRunner Map Task Executor #0] exec.FilterOperator: RECORDS_OUT_OPERATOR_FIL_17:1, RECORDS_OUT_INTERMEDIATE:0, 
2024-04-23T20:52:21,197  INFO [LocalJobRunner Map Task Executor #0] exec.SelectOperator: Closing Operator: SEL[9]
2024-04-23T20:52:21,197  INFO [LocalJobRunner Map Task Executor #0] exec.SelectOperator: RECORDS_OUT_INTERMEDIATE:0, RECORDS_OUT_OPERATOR_SEL_9:1, 
2024-04-23T20:52:21,197  INFO [LocalJobRunner Map Task Executor #0] exec.TableScanOperator: Closing Operator: TS[11]
2024-04-23T20:52:21,197  INFO [LocalJobRunner Map Task Executor #0] exec.TableScanOperator: RECORDS_OUT_INTERMEDIATE:0, RECORDS_OUT_OPERATOR_TS_11:3, 
2024-04-23T20:52:21,197  INFO [LocalJobRunner Map Task Executor #0] exec.FilterOperator: Closing Operator: FIL[18]
2024-04-23T20:52:21,197  INFO [LocalJobRunner Map Task Executor #0] exec.FilterOperator: RECORDS_OUT_INTERMEDIATE:0, RECORDS_OUT_OPERATOR_FIL_18:1, 
2024-04-23T20:52:21,197  INFO [LocalJobRunner Map Task Executor #0] exec.SelectOperator: Closing Operator: SEL[13]
2024-04-23T20:52:21,197  INFO [LocalJobRunner Map Task Executor #0] exec.SelectOperator: RECORDS_OUT_INTERMEDIATE:0, RECORDS_OUT_OPERATOR_SEL_13:1, 
2024-04-23T20:52:21,197  INFO [LocalJobRunner Map Task Executor #0] exec.UnionOperator: Closing Operator: UNION[10]
2024-04-23T20:52:21,197  INFO [LocalJobRunner Map Task Executor #0] exec.UnionOperator: RECORDS_OUT_INTERMEDIATE:0, RECORDS_OUT_OPERATOR_UNION_10:2, 
2024-04-23T20:52:21,197  INFO [LocalJobRunner Map Task Executor #0] exec.FileSinkOperator: Closing Operator: FS[15]
2024-04-23T20:52:21,197  INFO [LocalJobRunner Map Task Executor #0] exec.FileSinkOperator: FS[15]: records written - 2
2024-04-23T20:52:21,204  INFO [LocalJobRunner Map Task Executor #0] exec.FileSinkOperator: RECORDS_OUT_OPERATOR_FS_15:2, TOTAL_TABLE_ROWS_WRITTEN:2, RECORDS_OUT_1_default.t:2, RECORDS_OUT_INTERMEDIATE:0, 
2024-04-23T20:52:21,205  INFO [LocalJobRunner Map Task Executor #0] mapred.LocalJobRunner: 
2024-04-23T20:52:21,205  INFO [LocalJobRunner Map Task Executor #0] mapred.Task: Task:attempt_local1323152869_0046_m_000000_0 is done. And is in the process of committing
2024-04-23T20:52:21,206  INFO [LocalJobRunner Map Task Executor #0] mapred.LocalJobRunner: OrcSplit [file:/home/alex/Repositories/hive/ql/target/tmp/org.apache.hadoop.hive.ql.TestTxnNoBuckets-1713930630697/warehouse/acidtbl/delta_0000001_0000001_0000/bucket_00001_0, start=3, length=317, isOriginal=false, fileLength=704, hasFooter=false, hasBase=true, deltas=0]
2024-04-23T20:52:21,206  INFO [LocalJobRunner Map Task Executor #0] mapred.Task: Task 'attempt_local1323152869_0046_m_000000_0' done.
2024-04-23T20:52:21,206  INFO [LocalJobRunner Map Task Executor #0] mapred.Task: Final Counters for attempt_local1323152869_0046_m_000000_0: Counters: 31
	File System Counters
		FILE: Number of bytes read=1084857
		FILE: Number of bytes written=55327733
		FILE: Number of read operations=0
		FILE: Number of large read operations=0
		FILE: Number of write operations=0
	Map-Reduce Framework
		Map input records=3
		Map output records=0
		Input split bytes=497
		Spilled Records=0
		Failed Shuffles=0
		Merged Map outputs=0
		GC time elapsed (ms)=0
		Total committed heap usage (bytes)=1203765248
	HIVE
		CREATED_FILES=1
		DESERIALIZE_ERRORS=0
		RECORDS_IN=3
		RECORDS_OUT_1_default.t=6
		RECORDS_OUT_INTERMEDIATE=0
		RECORDS_OUT_OPERATOR_FIL_17=1
		RECORDS_OUT_OPERATOR_FIL_18=1
		RECORDS_OUT_OPERATOR_FS_15=6
		RECORDS_OUT_OPERATOR_MAP_0=0
		RECORDS_OUT_OPERATOR_SEL_13=1
		RECORDS_OUT_OPERATOR_SEL_9=1
		RECORDS_OUT_OPERATOR_TS_11=3
		RECORDS_OUT_OPERATOR_TS_20=0
		RECORDS_OUT_OPERATOR_TS_7=3
		RECORDS_OUT_OPERATOR_UNION_10=6
		TOTAL_TABLE_ROWS_WRITTEN=6
	File Input Format Counters 
		Bytes Read=10638
	File Output Format Counters 
		Bytes Written=0
2024-04-23T20:52:21,206  INFO [LocalJobRunner Map Task Executor #0] mapred.LocalJobRunner: Finishing task: attempt_local1323152869_0046_m_000000_0
2024-04-23T20:52:21,206  INFO [LocalJobRunner Map Task Executor #0] mapred.LocalJobRunner: Starting task: attempt_local1323152869_0046_m_000001_0
2024-04-23T20:52:21,206  INFO [LocalJobRunner Map Task Executor #0] mapred.Task:  Using ResourceCalculatorProcessTree : [ ]
2024-04-23T20:52:21,207  INFO [LocalJobRunner Map Task Executor #0] mapred.MapTask: Processing split: org.apache.hadoop.hive.ql.io.orc.OrcInputFormat:OrcSplit [file:/home/alex/Repositories/hive/ql/target/tmp/org.apache.hadoop.hive.ql.TestTxnNoBuckets-1713930630697/warehouse/acidtbl/delta_0000001_0000001_0000/bucket_00000_0, start=3, length=315, isOriginal=false, fileLength=688, hasFooter=false, hasBase=true, deltas=0]
2024-04-23T20:52:21,207  INFO [LocalJobRunner Map Task Executor #0] exec.SerializationUtilities: Deserializing MapWork using kryo
2024-04-23T20:52:21,208  INFO [LocalJobRunner Map Task Executor #0] exec.Utilities: Deserialized plan (via FILE) - name: null size: 7,67KB
2024-04-23T20:52:21,209  INFO [LocalJobRunner Map Task Executor #0] orc.OrcRawRecordMerger: min key = null, max key = null
2024-04-23T20:52:21,209  INFO [LocalJobRunner Map Task Executor #0] orc.ReaderImpl: Reading ORC rows from file:/home/alex/Repositories/hive/ql/target/tmp/org.apache.hadoop.hive.ql.TestTxnNoBuckets-1713930630697/warehouse/acidtbl/delta_0000001_0000001_0000/bucket_00000_0 with {include: [true, true, true], offset: 3, length: 315, schema: struct<a:int,b:int>, includeAcidColumns: true}
2024-04-23T20:52:21,209  INFO [LocalJobRunner Map Task Executor #0] orc.OrcRawRecordMerger: updated min key = null, max key = null
2024-04-23T20:52:21,210  INFO [LocalJobRunner Map Task Executor #0] mapred.MapTask: numReduceTasks: 0
2024-04-23T20:52:21,210  INFO [LocalJobRunner Map Task Executor #0] exec.MapOperator: Initializing Operator: MAP[0]
2024-04-23T20:52:21,212  INFO [LocalJobRunner Map Task Executor #0] mr.ExecMapper: 
<MAP>Id =0
  <Children>
    <TS>Id =20
      <Children>
        <UNION>Id =10
          <Children>
            <FS>Id =15
              <Children>
              <\Children>
              <Parent>Id = 10 null<\Parent>
            <\FS>
          <\Children>
          <Parent>Id = 20 nullId = 9 
        <SEL>Id =9
          <Children>null
          <\Children>
          <Parent>Id = 17 
        <FIL>Id =17
          <Children>null
          <\Children>
          <Parent>Id = 7 
        <TS>Id =7
          <Children>null
          <\Children>
          <Parent>Id = 0 null<\Parent>
        <\TS><\Parent>
        <\FIL><\Parent>
        <\SEL>Id = 13 
        <SEL>Id =13
          <Children>null
          <\Children>
          <Parent>Id = 18 
        <FIL>Id =18
          <Children>null
          <\Children>
          <Parent>Id = 11 
        <TS>Id =11
          <Children>null
          <\Children>
          <Parent>Id = 0 null<\Parent>
        <\TS><\Parent>
        <\FIL><\Parent>
        <\SEL><\Parent>
        <\UNION>
      <\Children>
      <Parent>Id = 0 null<\Parent>
    <\TS>nullnull
  <\Children>
  <Parent><\Parent>
<\MAP>
2024-04-23T20:52:21,213  INFO [LocalJobRunner Map Task Executor #0] exec.TableScanOperator: Initializing Operator: TS[7]
2024-04-23T20:52:21,213  INFO [LocalJobRunner Map Task Executor #0] exec.FilterOperator: Initializing Operator: FIL[17]
2024-04-23T20:52:21,213  INFO [LocalJobRunner Map Task Executor #0] exec.SelectOperator: Initializing Operator: SEL[9]
2024-04-23T20:52:21,213  INFO [LocalJobRunner Map Task Executor #0] exec.SelectOperator: SELECT struct<a:int,b:int>
2024-04-23T20:52:21,213  INFO [LocalJobRunner Map Task Executor #0] exec.TableScanOperator: Initializing Operator: TS[11]
2024-04-23T20:52:21,213  INFO [LocalJobRunner Map Task Executor #0] exec.FilterOperator: Initializing Operator: FIL[18]
2024-04-23T20:52:21,213  INFO [LocalJobRunner Map Task Executor #0] exec.SelectOperator: Initializing Operator: SEL[13]
2024-04-23T20:52:21,213  INFO [LocalJobRunner Map Task Executor #0] exec.SelectOperator: SELECT struct<a:int,b:int>
2024-04-23T20:52:21,213  INFO [LocalJobRunner Map Task Executor #0] exec.TableScanOperator: Initializing Operator: TS[20]
2024-04-23T20:52:21,213  INFO [LocalJobRunner Map Task Executor #0] exec.UnionOperator: Initializing Operator: UNION[10]
2024-04-23T20:52:21,213  INFO [LocalJobRunner Map Task Executor #0] exec.UnionOperator: Union Operator needs to transform row from parent[0] from org.apache.hadoop.hive.serde2.lazybinary.objectinspector.LazyBinaryStructObjectInspector<org.apache.hadoop.hive.serde2.objectinspector.primitive.WritableIntObjectInspector@1d57b8f1,org.apache.hadoop.hive.serde2.objectinspector.primitive.WritableIntObjectInspector@1d57b8f1> to org.apache.hadoop.hive.serde2.objectinspector.StandardStructObjectInspector<org.apache.hadoop.hive.serde2.objectinspector.primitive.WritableIntObjectInspector@1d57b8f1,org.apache.hadoop.hive.serde2.objectinspector.primitive.WritableIntObjectInspector@1d57b8f1>
2024-04-23T20:52:21,213  INFO [LocalJobRunner Map Task Executor #0] exec.FileSinkOperator: Initializing Operator: FS[15]
2024-04-23T20:52:21,214  INFO [LocalJobRunner Map Task Executor #0] exec.FileSinkOperator: Using serializer : AbstractSerDe [log=org.apache.logging.slf4j.Log4jLogger@4aa280a, configuration=Optional[Configuration: core-default.xml, core-site.xml, mapred-default.xml, mapred-site.xml, yarn-default.xml, yarn-site.xml, hdfs-default.xml, hdfs-site.xml, file:/home/alex/Repositories/hive/ql/target/tmp/TestTxnNoBucketsVectorized/mapred/local/localRunner/alex/job_local1323152869_0046/job_local1323152869_0046.xml], properties={name=default.t, columns.types=int:int, serialization.format=1, columns=a,b, numFilesErasureCoded=0, columns.comments=&amp#0;, bucketing_version=2, serialization.lib=org.apache.hadoop.hive.ql.io.orc.OrcSerde, file.inputformat=org.apache.hadoop.hive.ql.io.orc.OrcInputFormat, file.outputformat=org.apache.hadoop.hive.ql.io.orc.OrcOutputFormat, location=file:/home/alex/Repositories/hive/ql/target/tmp/org.apache.hadoop.hive.ql.TestTxnNoBuckets-1713930630697/warehouse/t, column.name.delimiter=,}, tableProperties={name=default.t, columns.types=int:int, serialization.format=1, columns=a,b, numFilesErasureCoded=0, columns.comments=&amp#0;, bucketing_version=2, serialization.lib=org.apache.hadoop.hive.ql.io.orc.OrcSerde, file.inputformat=org.apache.hadoop.hive.ql.io.orc.OrcInputFormat, location=file:/home/alex/Repositories/hive/ql/target/tmp/org.apache.hadoop.hive.ql.TestTxnNoBuckets-1713930630697/warehouse/t, file.outputformat=org.apache.hadoop.hive.ql.io.orc.OrcOutputFormat, column.name.delimiter=,}, partitionProperties=Optional.empty, columnNames=[a, b], columnTypes=[int, int], getClass()=class org.apache.hadoop.hive.ql.io.orc.OrcSerde] and formatter : org.apache.hadoop.hive.ql.io.orc.OrcOutputFormat@2da08ae8
2024-04-23T20:52:21,214  INFO [LocalJobRunner Map Task Executor #0] exec.MapOperator: MAP[0]: records read - 1
2024-04-23T20:52:21,215  INFO [LocalJobRunner Map Task Executor #0] exec.FileSinkOperator: Final Path: FS file:/home/alex/Repositories/hive/ql/target/tmp/org.apache.hadoop.hive.ql.TestTxnNoBuckets-1713930630697/warehouse/t/.hive-staging_hive_2024-04-23_20-52-19_237_2734063800345253108-1/_tmp.-ext-10000/000001_0
2024-04-23T20:52:21,215  INFO [LocalJobRunner Map Task Executor #0] exec.FileSinkOperator: Writing to temp file: FS file:/home/alex/Repositories/hive/ql/target/tmp/org.apache.hadoop.hive.ql.TestTxnNoBuckets-1713930630697/warehouse/t/.hive-staging_hive_2024-04-23_20-52-19_237_2734063800345253108-1/_task_tmp.-ext-10000/_tmp.000001_0
2024-04-23T20:52:21,215  INFO [LocalJobRunner Map Task Executor #0] exec.FileSinkOperator: New Final Path: FS file:/home/alex/Repositories/hive/ql/target/tmp/org.apache.hadoop.hive.ql.TestTxnNoBuckets-1713930630697/warehouse/t/.hive-staging_hive_2024-04-23_20-52-19_237_2734063800345253108-1/_tmp.-ext-10000/000001_0
2024-04-23T20:52:21,215  INFO [LocalJobRunner Map Task Executor #0] exec.FileSinkOperator: FS[15]: records written - 1
2024-04-23T20:52:21,215  INFO [LocalJobRunner Map Task Executor #0] impl.PhysicalFsWriter: ORC writer created for path: file:/home/alex/Repositories/hive/ql/target/tmp/org.apache.hadoop.hive.ql.TestTxnNoBuckets-1713930630697/warehouse/t/.hive-staging_hive_2024-04-23_20-52-19_237_2734063800345253108-1/_task_tmp.-ext-10000/_tmp.000001_0 with stripeSize: 67108864 blockSize: 268435456 compression: Compress: ZLIB buffer: 262144
2024-04-23T20:52:21,220  INFO [LocalJobRunner Map Task Executor #0] impl.WriterImpl: ORC writer created for path: file:/home/alex/Repositories/hive/ql/target/tmp/org.apache.hadoop.hive.ql.TestTxnNoBuckets-1713930630697/warehouse/t/.hive-staging_hive_2024-04-23_20-52-19_237_2734063800345253108-1/_task_tmp.-ext-10000/_tmp.000001_0 with stripeSize: 67108864 options: Compress: ZLIB buffer: 262144
2024-04-23T20:52:21,220  INFO [LocalJobRunner Map Task Executor #0] exec.MapOperator: Closing Operator: MAP[0]
2024-04-23T20:52:21,220  INFO [LocalJobRunner Map Task Executor #0] exec.MapOperator: MAP[0]: Total records read - 2. abort - false
2024-04-23T20:52:21,220  INFO [LocalJobRunner Map Task Executor #0] exec.MapOperator: DESERIALIZE_ERRORS:0, RECORDS_OUT_OPERATOR_MAP_0:0, RECORDS_IN:2, RECORDS_OUT_INTERMEDIATE:0, 
2024-04-23T20:52:21,220  INFO [LocalJobRunner Map Task Executor #0] exec.TableScanOperator: Closing Operator: TS[20]
2024-04-23T20:52:21,220  INFO [LocalJobRunner Map Task Executor #0] exec.TableScanOperator: RECORDS_OUT_INTERMEDIATE:0, RECORDS_OUT_OPERATOR_TS_20:0, 
2024-04-23T20:52:21,220  INFO [LocalJobRunner Map Task Executor #0] exec.TableScanOperator: Closing Operator: TS[7]
2024-04-23T20:52:21,220  INFO [LocalJobRunner Map Task Executor #0] exec.TableScanOperator: RECORDS_OUT_INTERMEDIATE:0, RECORDS_OUT_OPERATOR_TS_7:2, 
2024-04-23T20:52:21,220  INFO [LocalJobRunner Map Task Executor #0] exec.FilterOperator: Closing Operator: FIL[17]
2024-04-23T20:52:21,220  INFO [LocalJobRunner Map Task Executor #0] exec.FilterOperator: RECORDS_OUT_INTERMEDIATE:0, RECORDS_OUT_OPERATOR_FIL_17:1, 
2024-04-23T20:52:21,220  INFO [LocalJobRunner Map Task Executor #0] exec.SelectOperator: Closing Operator: SEL[9]
2024-04-23T20:52:21,220  INFO [LocalJobRunner Map Task Executor #0] exec.SelectOperator: RECORDS_OUT_INTERMEDIATE:0, RECORDS_OUT_OPERATOR_SEL_9:1, 
2024-04-23T20:52:21,220  INFO [LocalJobRunner Map Task Executor #0] exec.TableScanOperator: Closing Operator: TS[11]
2024-04-23T20:52:21,220  INFO [LocalJobRunner Map Task Executor #0] exec.TableScanOperator: RECORDS_OUT_OPERATOR_TS_11:2, RECORDS_OUT_INTERMEDIATE:0, 
2024-04-23T20:52:21,220  INFO [LocalJobRunner Map Task Executor #0] exec.FilterOperator: Closing Operator: FIL[18]
2024-04-23T20:52:21,220  INFO [LocalJobRunner Map Task Executor #0] exec.FilterOperator: RECORDS_OUT_OPERATOR_FIL_18:0, RECORDS_OUT_INTERMEDIATE:0, 
2024-04-23T20:52:21,221  INFO [LocalJobRunner Map Task Executor #0] exec.SelectOperator: Closing Operator: SEL[13]
2024-04-23T20:52:21,221  INFO [LocalJobRunner Map Task Executor #0] exec.SelectOperator: RECORDS_OUT_OPERATOR_SEL_13:0, RECORDS_OUT_INTERMEDIATE:0, 
2024-04-23T20:52:21,221  INFO [LocalJobRunner Map Task Executor #0] exec.UnionOperator: Closing Operator: UNION[10]
2024-04-23T20:52:21,221  INFO [LocalJobRunner Map Task Executor #0] exec.UnionOperator: RECORDS_OUT_INTERMEDIATE:0, RECORDS_OUT_OPERATOR_UNION_10:1, 
2024-04-23T20:52:21,221  INFO [LocalJobRunner Map Task Executor #0] exec.FileSinkOperator: Closing Operator: FS[15]
2024-04-23T20:52:21,221  INFO [LocalJobRunner Map Task Executor #0] exec.FileSinkOperator: FS[15]: records written - 1
2024-04-23T20:52:21,227  INFO [LocalJobRunner Map Task Executor #0] exec.FileSinkOperator: RECORDS_OUT_1_default.t:1, RECORDS_OUT_OPERATOR_FS_15:1, RECORDS_OUT_INTERMEDIATE:0, TOTAL_TABLE_ROWS_WRITTEN:1, 
2024-04-23T20:52:21,228  INFO [LocalJobRunner Map Task Executor #0] mapred.LocalJobRunner: 
2024-04-23T20:52:21,228  INFO [LocalJobRunner Map Task Executor #0] mapred.Task: Task:attempt_local1323152869_0046_m_000001_0 is done. And is in the process of committing
2024-04-23T20:52:21,228  INFO [LocalJobRunner Map Task Executor #0] mapred.LocalJobRunner: OrcSplit [file:/home/alex/Repositories/hive/ql/target/tmp/org.apache.hadoop.hive.ql.TestTxnNoBuckets-1713930630697/warehouse/acidtbl/delta_0000001_0000001_0000/bucket_00000_0, start=3, length=315, isOriginal=false, fileLength=688, hasFooter=false, hasBase=true, deltas=0]
2024-04-23T20:52:21,228  INFO [LocalJobRunner Map Task Executor #0] mapred.Task: Task 'attempt_local1323152869_0046_m_000001_0' done.
2024-04-23T20:52:21,228  INFO [LocalJobRunner Map Task Executor #0] mapred.Task: Final Counters for attempt_local1323152869_0046_m_000001_0: Counters: 31
	File System Counters
		FILE: Number of bytes read=1096786
		FILE: Number of bytes written=55328076
		FILE: Number of read operations=0
		FILE: Number of large read operations=0
		FILE: Number of write operations=0
	Map-Reduce Framework
		Map input records=2
		Map output records=0
		Input split bytes=497
		Spilled Records=0
		Failed Shuffles=0
		Merged Map outputs=0
		GC time elapsed (ms)=0
		Total committed heap usage (bytes)=1203765248
	HIVE
		CREATED_FILES=1
		DESERIALIZE_ERRORS=0
		RECORDS_IN=2
		RECORDS_OUT_1_default.t=3
		RECORDS_OUT_INTERMEDIATE=0
		RECORDS_OUT_OPERATOR_FIL_17=1
		RECORDS_OUT_OPERATOR_FIL_18=0
		RECORDS_OUT_OPERATOR_FS_15=3
		RECORDS_OUT_OPERATOR_MAP_0=0
		RECORDS_OUT_OPERATOR_SEL_13=0
		RECORDS_OUT_OPERATOR_SEL_9=1
		RECORDS_OUT_OPERATOR_TS_11=2
		RECORDS_OUT_OPERATOR_TS_20=0
		RECORDS_OUT_OPERATOR_TS_7=2
		RECORDS_OUT_OPERATOR_UNION_10=3
		TOTAL_TABLE_ROWS_WRITTEN=3
	File Input Format Counters 
		Bytes Read=10574
	File Output Format Counters 
		Bytes Written=0
2024-04-23T20:52:21,228  INFO [LocalJobRunner Map Task Executor #0] mapred.LocalJobRunner: Finishing task: attempt_local1323152869_0046_m_000001_0
2024-04-23T20:52:21,228  INFO [LocalJobRunner Map Task Executor #0] mapred.LocalJobRunner: Starting task: attempt_local1323152869_0046_m_000002_0
2024-04-23T20:52:21,229  INFO [LocalJobRunner Map Task Executor #0] mapred.Task:  Using ResourceCalculatorProcessTree : [ ]
2024-04-23T20:52:21,229  INFO [LocalJobRunner Map Task Executor #0] mapred.MapTask: Processing split: org.apache.hadoop.mapred.SequenceFileInputFormat:file:/home/alex/Repositories/hive/ql/target/tmp/localscratchdir/7ebc01d5-15d9-4723-a951-b8cae7daded8/hive_2024-04-23_20-52-19_237_2734063800345253108-1/-mr-10002/000000_0:0+134
2024-04-23T20:52:21,229  INFO [LocalJobRunner Map Task Executor #0] exec.SerializationUtilities: Deserializing MapWork using kryo
2024-04-23T20:52:21,230  INFO [LocalJobRunner Map Task Executor #0] exec.Utilities: Deserialized plan (via FILE) - name: null size: 7,67KB
2024-04-23T20:52:21,230  INFO [LocalJobRunner Map Task Executor #0] exec.Utilities: schema.evolution.columns and schema.evolution.columns.types not available
2024-04-23T20:52:21,231  INFO [LocalJobRunner Map Task Executor #0] mapred.MapTask: numReduceTasks: 0
2024-04-23T20:52:21,231  INFO [LocalJobRunner Map Task Executor #0] exec.MapOperator: Initializing Operator: MAP[0]
2024-04-23T20:52:21,233  INFO [LocalJobRunner Map Task Executor #0] mr.ExecMapper: 
<MAP>Id =0
  <Children>
    <TS>Id =20
      <Children>
        <UNION>Id =10
          <Children>
            <FS>Id =15
              <Children>
              <\Children>
              <Parent>Id = 10 null<\Parent>
            <\FS>
          <\Children>
          <Parent>Id = 20 nullId = 9 
        <SEL>Id =9
          <Children>null
          <\Children>
          <Parent>Id = 17 
        <FIL>Id =17
          <Children>null
          <\Children>
          <Parent>Id = 7 
        <TS>Id =7
          <Children>null
          <\Children>
          <Parent>Id = 0 null<\Parent>
        <\TS><\Parent>
        <\FIL><\Parent>
        <\SEL>Id = 13 
        <SEL>Id =13
          <Children>null
          <\Children>
          <Parent>Id = 18 
        <FIL>Id =18
          <Children>null
          <\Children>
          <Parent>Id = 11 
        <TS>Id =11
          <Children>null
          <\Children>
          <Parent>Id = 0 null<\Parent>
        <\TS><\Parent>
        <\FIL><\Parent>
        <\SEL><\Parent>
        <\UNION>
      <\Children>
      <Parent>Id = 0 null<\Parent>
    <\TS>nullnull
  <\Children>
  <Parent><\Parent>
<\MAP>
2024-04-23T20:52:21,233  INFO [LocalJobRunner Map Task Executor #0] exec.TableScanOperator: Initializing Operator: TS[20]
2024-04-23T20:52:21,233  INFO [LocalJobRunner Map Task Executor #0] exec.TableScanOperator: Initializing Operator: TS[7]
2024-04-23T20:52:21,233  INFO [LocalJobRunner Map Task Executor #0] exec.FilterOperator: Initializing Operator: FIL[17]
2024-04-23T20:52:21,233  INFO [LocalJobRunner Map Task Executor #0] exec.SelectOperator: Initializing Operator: SEL[9]
2024-04-23T20:52:21,233  INFO [LocalJobRunner Map Task Executor #0] exec.SelectOperator: SELECT struct<a:int,b:int>
2024-04-23T20:52:21,233  INFO [LocalJobRunner Map Task Executor #0] exec.TableScanOperator: Initializing Operator: TS[11]
2024-04-23T20:52:21,234  INFO [LocalJobRunner Map Task Executor #0] exec.FilterOperator: Initializing Operator: FIL[18]
2024-04-23T20:52:21,234  INFO [LocalJobRunner Map Task Executor #0] exec.SelectOperator: Initializing Operator: SEL[13]
2024-04-23T20:52:21,234  INFO [LocalJobRunner Map Task Executor #0] exec.SelectOperator: SELECT struct<a:int,b:int>
2024-04-23T20:52:21,234  INFO [LocalJobRunner Map Task Executor #0] exec.UnionOperator: Initializing Operator: UNION[10]
2024-04-23T20:52:21,234  INFO [LocalJobRunner Map Task Executor #0] exec.UnionOperator: Union Operator needs to transform row from parent[0] from org.apache.hadoop.hive.serde2.lazybinary.objectinspector.LazyBinaryStructObjectInspector<org.apache.hadoop.hive.serde2.objectinspector.primitive.WritableIntObjectInspector@1d57b8f1,org.apache.hadoop.hive.serde2.objectinspector.primitive.WritableIntObjectInspector@1d57b8f1> to org.apache.hadoop.hive.serde2.objectinspector.StandardStructObjectInspector<org.apache.hadoop.hive.serde2.objectinspector.primitive.WritableIntObjectInspector@1d57b8f1,org.apache.hadoop.hive.serde2.objectinspector.primitive.WritableIntObjectInspector@1d57b8f1>
2024-04-23T20:52:21,234  INFO [LocalJobRunner Map Task Executor #0] exec.FileSinkOperator: Initializing Operator: FS[15]
2024-04-23T20:52:21,234  INFO [LocalJobRunner Map Task Executor #0] exec.FileSinkOperator: Using serializer : AbstractSerDe [log=org.apache.logging.slf4j.Log4jLogger@4aa280a, configuration=Optional[Configuration: core-default.xml, core-site.xml, mapred-default.xml, mapred-site.xml, yarn-default.xml, yarn-site.xml, hdfs-default.xml, hdfs-site.xml, file:/home/alex/Repositories/hive/ql/target/tmp/TestTxnNoBucketsVectorized/mapred/local/localRunner/alex/job_local1323152869_0046/job_local1323152869_0046.xml], properties={name=default.t, columns.types=int:int, serialization.format=1, columns=a,b, numFilesErasureCoded=0, columns.comments=&amp#0;, bucketing_version=2, serialization.lib=org.apache.hadoop.hive.ql.io.orc.OrcSerde, file.inputformat=org.apache.hadoop.hive.ql.io.orc.OrcInputFormat, file.outputformat=org.apache.hadoop.hive.ql.io.orc.OrcOutputFormat, location=file:/home/alex/Repositories/hive/ql/target/tmp/org.apache.hadoop.hive.ql.TestTxnNoBuckets-1713930630697/warehouse/t, column.name.delimiter=,}, tableProperties={name=default.t, columns.types=int:int, serialization.format=1, columns=a,b, numFilesErasureCoded=0, columns.comments=&amp#0;, bucketing_version=2, serialization.lib=org.apache.hadoop.hive.ql.io.orc.OrcSerde, file.inputformat=org.apache.hadoop.hive.ql.io.orc.OrcInputFormat, location=file:/home/alex/Repositories/hive/ql/target/tmp/org.apache.hadoop.hive.ql.TestTxnNoBuckets-1713930630697/warehouse/t, file.outputformat=org.apache.hadoop.hive.ql.io.orc.OrcOutputFormat, column.name.delimiter=,}, partitionProperties=Optional.empty, columnNames=[a, b], columnTypes=[int, int], getClass()=class org.apache.hadoop.hive.ql.io.orc.OrcSerde] and formatter : org.apache.hadoop.hive.ql.io.orc.OrcOutputFormat@4751e1d4
2024-04-23T20:52:21,234  INFO [LocalJobRunner Map Task Executor #0] exec.FileSinkOperator: Final Path: FS file:/home/alex/Repositories/hive/ql/target/tmp/org.apache.hadoop.hive.ql.TestTxnNoBuckets-1713930630697/warehouse/t/.hive-staging_hive_2024-04-23_20-52-19_237_2734063800345253108-1/_tmp.-ext-10000/000002_0
2024-04-23T20:52:21,234  INFO [LocalJobRunner Map Task Executor #0] exec.FileSinkOperator: Writing to temp file: FS file:/home/alex/Repositories/hive/ql/target/tmp/org.apache.hadoop.hive.ql.TestTxnNoBuckets-1713930630697/warehouse/t/.hive-staging_hive_2024-04-23_20-52-19_237_2734063800345253108-1/_task_tmp.-ext-10000/_tmp.000002_0
2024-04-23T20:52:21,234  INFO [LocalJobRunner Map Task Executor #0] exec.FileSinkOperator: New Final Path: FS file:/home/alex/Repositories/hive/ql/target/tmp/org.apache.hadoop.hive.ql.TestTxnNoBuckets-1713930630697/warehouse/t/.hive-staging_hive_2024-04-23_20-52-19_237_2734063800345253108-1/_tmp.-ext-10000/000002_0
2024-04-23T20:52:21,235  INFO [LocalJobRunner Map Task Executor #0] exec.FileSinkOperator: FS[15]: records written - 1
2024-04-23T20:52:21,235  INFO [LocalJobRunner Map Task Executor #0] impl.PhysicalFsWriter: ORC writer created for path: file:/home/alex/Repositories/hive/ql/target/tmp/org.apache.hadoop.hive.ql.TestTxnNoBuckets-1713930630697/warehouse/t/.hive-staging_hive_2024-04-23_20-52-19_237_2734063800345253108-1/_task_tmp.-ext-10000/_tmp.000002_0 with stripeSize: 67108864 blockSize: 268435456 compression: Compress: ZLIB buffer: 262144
2024-04-23T20:52:21,239  INFO [LocalJobRunner Map Task Executor #0] impl.WriterImpl: ORC writer created for path: file:/home/alex/Repositories/hive/ql/target/tmp/org.apache.hadoop.hive.ql.TestTxnNoBuckets-1713930630697/warehouse/t/.hive-staging_hive_2024-04-23_20-52-19_237_2734063800345253108-1/_task_tmp.-ext-10000/_tmp.000002_0 with stripeSize: 67108864 options: Compress: ZLIB buffer: 262144
2024-04-23T20:52:21,239  INFO [LocalJobRunner Map Task Executor #0] exec.MapOperator: MAP[0]: records read - 1
2024-04-23T20:52:21,239  INFO [LocalJobRunner Map Task Executor #0] exec.MapOperator: Closing Operator: MAP[0]
2024-04-23T20:52:21,239  INFO [LocalJobRunner Map Task Executor #0] exec.MapOperator: MAP[0]: Total records read - 2. abort - false
2024-04-23T20:52:21,239  INFO [LocalJobRunner Map Task Executor #0] exec.MapOperator: RECORDS_IN:2, RECORDS_OUT_OPERATOR_MAP_0:0, RECORDS_OUT_INTERMEDIATE:0, DESERIALIZE_ERRORS:0, 
2024-04-23T20:52:21,239  INFO [LocalJobRunner Map Task Executor #0] exec.TableScanOperator: Closing Operator: TS[20]
2024-04-23T20:52:21,239  INFO [LocalJobRunner Map Task Executor #0] exec.TableScanOperator: RECORDS_OUT_OPERATOR_TS_20:2, RECORDS_OUT_INTERMEDIATE:0, 
2024-04-23T20:52:21,239  INFO [LocalJobRunner Map Task Executor #0] exec.TableScanOperator: Closing Operator: TS[7]
2024-04-23T20:52:21,239  INFO [LocalJobRunner Map Task Executor #0] exec.TableScanOperator: RECORDS_OUT_OPERATOR_TS_7:0, RECORDS_OUT_INTERMEDIATE:0, 
2024-04-23T20:52:21,239  INFO [LocalJobRunner Map Task Executor #0] exec.FilterOperator: Closing Operator: FIL[17]
2024-04-23T20:52:21,240  INFO [LocalJobRunner Map Task Executor #0] exec.FilterOperator: RECORDS_OUT_INTERMEDIATE:0, RECORDS_OUT_OPERATOR_FIL_17:0, 
2024-04-23T20:52:21,240  INFO [LocalJobRunner Map Task Executor #0] exec.SelectOperator: Closing Operator: SEL[9]
2024-04-23T20:52:21,240  INFO [LocalJobRunner Map Task Executor #0] exec.SelectOperator: RECORDS_OUT_INTERMEDIATE:0, RECORDS_OUT_OPERATOR_SEL_9:0, 
2024-04-23T20:52:21,240  INFO [LocalJobRunner Map Task Executor #0] exec.TableScanOperator: Closing Operator: TS[11]
2024-04-23T20:52:21,240  INFO [LocalJobRunner Map Task Executor #0] exec.TableScanOperator: RECORDS_OUT_INTERMEDIATE:0, RECORDS_OUT_OPERATOR_TS_11:0, 
2024-04-23T20:52:21,240  INFO [LocalJobRunner Map Task Executor #0] exec.FilterOperator: Closing Operator: FIL[18]
2024-04-23T20:52:21,240  INFO [LocalJobRunner Map Task Executor #0] exec.FilterOperator: RECORDS_OUT_INTERMEDIATE:0, RECORDS_OUT_OPERATOR_FIL_18:0, 
2024-04-23T20:52:21,240  INFO [LocalJobRunner Map Task Executor #0] exec.SelectOperator: Closing Operator: SEL[13]
2024-04-23T20:52:21,240  INFO [LocalJobRunner Map Task Executor #0] exec.SelectOperator: RECORDS_OUT_OPERATOR_SEL_13:0, RECORDS_OUT_INTERMEDIATE:0, 
2024-04-23T20:52:21,240  INFO [LocalJobRunner Map Task Executor #0] exec.UnionOperator: Closing Operator: UNION[10]
2024-04-23T20:52:21,240  INFO [LocalJobRunner Map Task Executor #0] exec.UnionOperator: RECORDS_OUT_OPERATOR_UNION_10:2, RECORDS_OUT_INTERMEDIATE:0, 
2024-04-23T20:52:21,240  INFO [LocalJobRunner Map Task Executor #0] exec.FileSinkOperator: Closing Operator: FS[15]
2024-04-23T20:52:21,240  INFO [LocalJobRunner Map Task Executor #0] exec.FileSinkOperator: FS[15]: records written - 2
2024-04-23T20:52:21,246  INFO [LocalJobRunner Map Task Executor #0] exec.FileSinkOperator: TOTAL_TABLE_ROWS_WRITTEN:2, RECORDS_OUT_INTERMEDIATE:0, RECORDS_OUT_OPERATOR_FS_15:2, RECORDS_OUT_1_default.t:2, 
2024-04-23T20:52:21,247  INFO [LocalJobRunner Map Task Executor #0] mapred.LocalJobRunner: 
2024-04-23T20:52:21,247  INFO [LocalJobRunner Map Task Executor #0] mapred.Task: Task:attempt_local1323152869_0046_m_000002_0 is done. And is in the process of committing
2024-04-23T20:52:21,247  INFO [LocalJobRunner Map Task Executor #0] mapred.LocalJobRunner: file:/home/alex/Repositories/hive/ql/target/tmp/localscratchdir/7ebc01d5-15d9-4723-a951-b8cae7daded8/hive_2024-04-23_20-52-19_237_2734063800345253108-1/-mr-10002/000000_0:0+134
2024-04-23T20:52:21,247  INFO [LocalJobRunner Map Task Executor #0] mapred.Task: Task 'attempt_local1323152869_0046_m_000002_0' done.
2024-04-23T20:52:21,247  INFO [LocalJobRunner Map Task Executor #0] mapred.Task: Final Counters for attempt_local1323152869_0046_m_000002_0: Counters: 31
	File System Counters
		FILE: Number of bytes read=1105663
		FILE: Number of bytes written=55328419
		FILE: Number of read operations=0
		FILE: Number of large read operations=0
		FILE: Number of write operations=0
	Map-Reduce Framework
		Map input records=2
		Map output records=0
		Input split bytes=334
		Spilled Records=0
		Failed Shuffles=0
		Merged Map outputs=0
		GC time elapsed (ms)=0
		Total committed heap usage (bytes)=1203765248
	HIVE
		CREATED_FILES=1
		DESERIALIZE_ERRORS=0
		RECORDS_IN=2
		RECORDS_OUT_1_default.t=6
		RECORDS_OUT_INTERMEDIATE=0
		RECORDS_OUT_OPERATOR_FIL_17=0
		RECORDS_OUT_OPERATOR_FIL_18=0
		RECORDS_OUT_OPERATOR_FS_15=6
		RECORDS_OUT_OPERATOR_MAP_0=0
		RECORDS_OUT_OPERATOR_SEL_13=0
		RECORDS_OUT_OPERATOR_SEL_9=0
		RECORDS_OUT_OPERATOR_TS_11=0
		RECORDS_OUT_OPERATOR_TS_20=2
		RECORDS_OUT_OPERATOR_TS_7=0
		RECORDS_OUT_OPERATOR_UNION_10=6
		TOTAL_TABLE_ROWS_WRITTEN=6
	File Input Format Counters 
		Bytes Read=8034
	File Output Format Counters 
		Bytes Written=0
2024-04-23T20:52:21,247  INFO [LocalJobRunner Map Task Executor #0] mapred.LocalJobRunner: Finishing task: attempt_local1323152869_0046_m_000002_0
2024-04-23T20:52:21,247  INFO [Thread-3018] mapred.LocalJobRunner: map task executor complete.
2024-04-23 20:52:22,178 Stage-2 map = 100%,  reduce = 0%
2024-04-23T20:52:22,178  INFO [main] exec.Task: 2024-04-23 20:52:22,178 Stage-2 map = 100%,  reduce = 0%
Ended Job = job_local1323152869_0046
2024-04-23T20:52:22,178  INFO [main] exec.Task: Ended Job = job_local1323152869_0046
2024-04-23T20:52:22,180  INFO [main] ql.Driver: Starting task [Stage-0:MOVE] in serial mode
Loading data to table default.t
2024-04-23T20:52:22,180  INFO [main] exec.Task: Loading data to table default.t from file:/home/alex/Repositories/hive/ql/target/tmp/org.apache.hadoop.hive.ql.TestTxnNoBuckets-1713930630697/warehouse/t/.hive-staging_hive_2024-04-23_20-52-19_237_2734063800345253108-1/-ext-10000
2024-04-23T20:52:22,181  INFO [main] HiveMetaStore.audit: ugi=alex	ip=unknown-ip-addr	cmd=get_table : tbl=hive.default.t	
2024-04-23T20:52:22,190  INFO [main] metastore.HMSHandler: Skipping translation for processor with null
2024-04-23T20:52:22,191  INFO [main] HiveMetaStore.audit: ugi=alex	ip=unknown-ip-addr	cmd=get_table : tbl=hive.default.t	
2024-04-23T20:52:22,200  INFO [main] metastore.HMSHandler: Skipping translation for processor with null
2024-04-23T20:52:22,202  WARN [main] metadata.Hive: Cannot get a table snapshot for t
2024-04-23T20:52:22,202  INFO [main] HiveMetaStore.audit: ugi=alex	ip=unknown-ip-addr	cmd=alter_table: hive.default.t newtbl=t	
2024-04-23T20:52:22,232  INFO [main] ql.Driver: Starting task [Stage-3:STATS] in serial mode
2024-04-23T20:52:22,232  INFO [main] HiveMetaStore.audit: ugi=alex	ip=unknown-ip-addr	cmd=get_table : tbl=hive.default.t	
2024-04-23T20:52:22,244  INFO [main] metastore.HMSHandler: Skipping translation for processor with null
2024-04-23T20:52:22,245  INFO [main] stats.BasicStatsTask: Executing stats task
2024-04-23T20:52:22,245  INFO [main] fs.FSStatsPublisher: created : file:/home/alex/Repositories/hive/ql/target/tmp/localscratchdir/7ebc01d5-15d9-4723-a951-b8cae7daded8/hive_2024-04-23_20-52-19_237_2734063800345253108-1/-mr-10001
2024-04-23T20:52:22,247  INFO [main] HiveMetaStore.audit: ugi=alex	ip=unknown-ip-addr	cmd=get_table : tbl=hive.default.t	
2024-04-23T20:52:22,261  INFO [main] metastore.HMSHandler: Skipping translation for processor with null
2024-04-23T20:52:22,262  INFO [main] FileOperations: Read stats for default.t/, numRows, true, 5, false: 
2024-04-23T20:52:22,262  INFO [main] FileOperations: Read stats for default.t/, rawDataSize, true, 40, false: 
2024-04-23T20:52:22,262  WARN [main] metadata.Hive: Cannot get a table snapshot for t
2024-04-23T20:52:22,262  INFO [main] HiveMetaStore.audit: ugi=alex	ip=unknown-ip-addr	cmd=alter_table: hive.default.t newtbl=t	
2024-04-23T20:52:22,288  INFO [main] stats.BasicStatsTask: Table default.t stats: [numFiles=3, numRows=5, totalSize=764, rawDataSize=40, numFilesErasureCoded=0]
2024-04-23T20:52:22,289  INFO [main] metadata.Hive: Dumping metastore api call timing information for : execution phase
2024-04-23T20:52:22,289  INFO [main] metadata.Hive: Total time spent in each metastore function (ms): {getTable_(GetTableRequest)=47, alter_table_(String, String, String, Table, EnvironmentContext, String)=56, isCompatibleWith_(Configuration)=0}
MapReduce Jobs Launched: 
2024-04-23T20:52:22,289  INFO [main] ql.Driver: MapReduce Jobs Launched: 
Stage-Stage-1:  HDFS Read: 0 HDFS Write: 0 SUCCESS
2024-04-23T20:52:22,289  INFO [main] ql.Driver: Stage-Stage-1:  HDFS Read: 0 HDFS Write: 0 SUCCESS
Stage-Stage-2:  HDFS Read: 0 HDFS Write: 0 SUCCESS
2024-04-23T20:52:22,289  INFO [main] ql.Driver: Stage-Stage-2:  HDFS Read: 0 HDFS Write: 0 SUCCESS
Total MapReduce CPU Time Spent: 0 msec
2024-04-23T20:52:22,290  INFO [main] ql.Driver: Total MapReduce CPU Time Spent: 0 msec
2024-04-23T20:52:22,290  INFO [main] ql.Driver: Completed executing command(queryId=alex_20240423205217_9ab479aa-e9a9-47fe-91ff-f022a5ff0d42); Time taken: 2.722 seconds
2024-04-23T20:52:22,290  INFO [main] lockmgr.DbTxnManager: Stopped heartbeat for query: alex_20240423205217_9ab479aa-e9a9-47fe-91ff-f022a5ff0d42
2024-04-23T20:52:22,295  INFO [main] txn.TxnHandler: Expected to move at least one record from txn_components to completed_txn_components when committing txn! txnid:16
2024-04-23T20:52:22,300  INFO [main] txn.TxnHandler: Removed transactions: ([16]) from MIN_HISTORY_LEVEL
2024-04-23T20:52:22,300  WARN [main] txn.CompactionTxnHandler: No compaction queue record found for Compaction type transaction commit. txnId:16
2024-04-23T20:52:22,301  INFO [main] ql.TxnCommandsBaseForTests: Running the query: insert into T values(12,12)
2024-04-23T20:52:22,301  INFO [main] ql.Context: Deleting scratch dir: file:/home/alex/Repositories/hive/ql/target/tmp/localscratchdir/7ebc01d5-15d9-4723-a951-b8cae7daded8/hive_2024-04-23_20-52-19_237_2734063800345253108-1
2024-04-23T20:52:22,302  INFO [main] cleanup.SyncCleanupService: Deleted directory: file:/home/alex/Repositories/hive/ql/target/tmp/localscratchdir/7ebc01d5-15d9-4723-a951-b8cae7daded8/hive_2024-04-23_20-52-19_237_2734063800345253108-1 on fs with scheme file
2024-04-23T20:52:22,302  INFO [main] ql.Context: Deleting scratch dir: file:/home/alex/Repositories/hive/ql/target/tmp/org.apache.hadoop.hive.ql.TestTxnNoBuckets-1713930630697/warehouse/t/.hive-staging_hive_2024-04-23_20-52-19_237_2734063800345253108-1
2024-04-23T20:52:22,303  INFO [main] cleanup.SyncCleanupService: Deleted directory: file:/home/alex/Repositories/hive/ql/target/tmp/org.apache.hadoop.hive.ql.TestTxnNoBuckets-1713930630697/warehouse/t/.hive-staging_hive_2024-04-23_20-52-19_237_2734063800345253108-1 on fs with scheme file
2024-04-23T20:52:22,303  INFO [main] ql.Driver: Compiling command(queryId=alex_20240423205217_9ab479aa-e9a9-47fe-91ff-f022a5ff0d42): insert into T values(12,12)
2024-04-23T20:52:22,305  INFO [main] txn.TxnHandler: Added entries to MIN_HISTORY_LEVEL for current txns: ([17]) with min_open_txn: 17
2024-04-23T20:52:22,306  INFO [main] lockmgr.DbTxnManager: Opened txnid:17
2024-04-23T20:52:22,306  INFO [main] parse.CalcitePlanner: Starting caching scope for: alex_20240423205217_9ab479aa-e9a9-47fe-91ff-f022a5ff0d42
2024-04-23T20:52:22,306  INFO [main] parse.CalcitePlanner: Starting Semantic Analysis
2024-04-23T20:52:22,309  INFO [main] HiveMetaStore.audit: ugi=alex	ip=unknown-ip-addr	cmd=get_table : tbl=hive.default.T	
2024-04-23T20:52:22,319  INFO [main] metastore.HMSHandler: Skipping translation for processor with null
2024-04-23T20:52:22,319  INFO [main] parse.CalcitePlanner: Completed phase 1 of Semantic Analysis
2024-04-23T20:52:22,319  INFO [main] parse.CalcitePlanner: Get metadata for source tables
2024-04-23T20:52:22,319  INFO [main] parse.CalcitePlanner: Get metadata for subqueries
2024-04-23T20:52:22,319  INFO [main] parse.CalcitePlanner: Get metadata for destination tables
2024-04-23T20:52:22,319  INFO [main] HiveMetaStore.audit: ugi=alex	ip=unknown-ip-addr	cmd=get_table : tbl=hive.default.T	
2024-04-23T20:52:22,328  INFO [main] metastore.HMSHandler: Skipping translation for processor with null
2024-04-23T20:52:22,329  INFO [main] parse.CalcitePlanner: Completed getting MetaData in Semantic Analysis
2024-04-23T20:52:22,329  INFO [main] parse.CalcitePlanner: Disabling LLAP IO encode as ETL query is detected
2024-04-23T20:52:22,351  INFO [main] HiveMetaStore.audit: ugi=alex	ip=unknown-ip-addr	cmd=get_all_table_constraints : tbl=hive._dummy_database._dummy_table	
2024-04-23T20:52:22,403  INFO [main] parse.CalcitePlanner: Get metadata for source tables
2024-04-23T20:52:22,403  INFO [main] parse.CalcitePlanner: Get metadata for subqueries
2024-04-23T20:52:22,403  INFO [main] parse.CalcitePlanner: Get metadata for source tables
2024-04-23T20:52:22,404  INFO [main] HiveMetaStore.audit: ugi=alex	ip=unknown-ip-addr	cmd=get_table : tbl=hive._dummy_database._dummy_table	
2024-04-23T20:52:22,406  INFO [main] parse.CalcitePlanner: Get metadata for subqueries
2024-04-23T20:52:22,406  INFO [main] parse.CalcitePlanner: Get metadata for destination tables
2024-04-23T20:52:22,406  INFO [main] parse.CalcitePlanner: Get metadata for destination tables
2024-04-23T20:52:22,408  INFO [main] common.FileUtils: Creating directory if it doesn't exist: file:/home/alex/Repositories/hive/ql/target/tmp/org.apache.hadoop.hive.ql.TestTxnNoBuckets-1713930630697/warehouse/t/.hive-staging_hive_2024-04-23_20-52-22_303_2343269107273925321-1
2024-04-23T20:52:22,411  INFO [main] HiveMetaStore.audit: ugi=alex	ip=unknown-ip-addr	cmd=get_not_null_constraints : tbl=hive.default.t	
2024-04-23T20:52:22,412  INFO [main] HiveMetaStore.audit: ugi=alex	ip=unknown-ip-addr	cmd=get_check_constraints : tbl=hive.default.t	
2024-04-23T20:52:22,413  INFO [main] parse.CalcitePlanner: CBO Succeeded; optimized logical plan.
2024-04-23T20:52:22,416  INFO [main] optimizer.BucketVersionPopulator: not considering bucketingVersion for: TS[0] because it has -1<2 buckets 
2024-04-23T20:52:22,417  INFO [main] optimizer.SortedDynPartitionOptimizer: Sorted dynamic partitioning optimization kicked in..
2024-04-23T20:52:22,427  INFO [main] HiveMetaStore.audit: ugi=alex	ip=unknown-ip-addr	cmd=get_table : tbl=hive.default.t	
2024-04-23T20:52:22,441  INFO [main] metastore.HMSHandler: Skipping translation for processor with null
2024-04-23T20:52:22,442  INFO [main] physical.Vectorizer: Examining input format to see if vectorization is enabled.
2024-04-23T20:52:22,442  INFO [main] physical.Vectorizer: Map vectorization enabled: false
2024-04-23T20:52:22,442  INFO [main] physical.Vectorizer: Map vectorized: false
2024-04-23T20:52:22,442  INFO [main] physical.Vectorizer: Map vectorizedVertexNum: 0
2024-04-23T20:52:22,442  INFO [main] physical.Vectorizer: Map enabledConditionsMet: [hive.vectorized.use.vectorized.input.format IS true]
2024-04-23T20:52:22,442  INFO [main] physical.Vectorizer: Map enabledConditionsNotMet: [Could not enable vectorization due to partition column names size 1 is greater than the number of table column names size 0 IS false]
2024-04-23T20:52:22,442  INFO [main] physical.Vectorizer: Map inputFileFormatClassNameSet: [org.apache.hadoop.hive.ql.io.NullRowsInputFormat]
2024-04-23T20:52:22,442  INFO [main] parse.CalcitePlanner: Completed plan generation
2024-04-23T20:52:22,442  INFO [main] parse.CalcitePlanner: Ending caching scope for: alex_20240423205217_9ab479aa-e9a9-47fe-91ff-f022a5ff0d42
2024-04-23T20:52:22,442  INFO [main] ql.Driver: Semantic Analysis Completed (retrial = false)
2024-04-23T20:52:22,442  INFO [main] ql.Driver: Created Hive schema: Schema(fieldSchemas:[FieldSchema(name:col1, type:int, comment:null), FieldSchema(name:col2, type:int, comment:null)], properties:null)
2024-04-23T20:52:22,442  INFO [main] metadata.Hive: Dumping metastore api call timing information for : compilation phase
2024-04-23T20:52:22,442  INFO [main] metadata.Hive: Total time spent in each metastore function (ms): {getNotNullConstraints_(NotNullConstraintsRequest)=1, getValidTxns_(long)=0, isCompatibleWith_(Configuration)=1, getAllTableConstraints_(AllTableConstraintsRequest)=5, flushCache_()=0, getTable_(GetTableRequest)=33, commitTxn_(CommitTxnRequest)=11, getValidWriteIds_(List, String)=4, openTxn_(String, TxnType)=3, getCheckConstraints_(CheckConstraintsRequest)=1}
2024-04-23T20:52:22,442  INFO [main] ql.Driver: Completed compiling command(queryId=alex_20240423205217_9ab479aa-e9a9-47fe-91ff-f022a5ff0d42); Time taken: 0.139 seconds
2024-04-23T20:52:22,443  INFO [main] lockmgr.DbTxnManager: Setting lock request transaction to txnid:17 for queryId=alex_20240423205217_9ab479aa-e9a9-47fe-91ff-f022a5ff0d42
2024-04-23T20:52:22,443  INFO [main] lockmgr.DbLockManager: Requesting lock for queryId=alex_20240423205217_9ab479aa-e9a9-47fe-91ff-f022a5ff0d42
2024-04-23T20:52:22,457  INFO [main] lockmgr.DbLockManager: Response to queryId=alex_20240423205217_9ab479aa-e9a9-47fe-91ff-f022a5ff0d42 LockResponse(lockid:11, state:ACQUIRED)
2024-04-23T20:52:22,457  INFO [main] ql.Driver: Operation QUERY obtained 1 locks
2024-04-23T20:52:22,457  INFO [main] ql.Driver: Executing command(queryId=alex_20240423205217_9ab479aa-e9a9-47fe-91ff-f022a5ff0d42): insert into T values(12,12)
2024-04-23T20:52:22,457  WARN [main] ql.Driver: Hive-on-MR is deprecated in Hive 2 and may not be available in the future versions. Consider using a different execution engine (i.e. tez, spark) or using Hive 1.X releases.
Query ID = alex_20240423205217_9ab479aa-e9a9-47fe-91ff-f022a5ff0d42
2024-04-23T20:52:22,457  INFO [main] ql.Driver: Query ID = alex_20240423205217_9ab479aa-e9a9-47fe-91ff-f022a5ff0d42
Total jobs = 1
2024-04-23T20:52:22,457  INFO [main] ql.Driver: Total jobs = 1
Launching Job 1 out of 1
2024-04-23T20:52:22,457  INFO [main] ql.Driver: Launching Job 1 out of 1
2024-04-23T20:52:22,598  INFO [main] ql.Driver: Starting task [Stage-1:MAPRED] in serial mode
Number of reduce tasks is set to 0 since there's no reduce operator
2024-04-23T20:52:22,599  INFO [main] exec.Task: Number of reduce tasks is set to 0 since there's no reduce operator
2024-04-23T20:52:22,601  INFO [main] mr.ExecDriver: Using org.apache.hadoop.hive.ql.io.HiveInputFormat
2024-04-23T20:52:22,601  INFO [main] exec.Utilities: Processing alias $hdt$_0:_dummy_table
2024-04-23T20:52:22,601  INFO [main] exec.Utilities: Adding 1 inputs; the first input is file:/home/alex/Repositories/hive/ql/target/tmp/localscratchdir/7ebc01d5-15d9-4723-a951-b8cae7daded8/hive_2024-04-23_20-52-22_303_2343269107273925321-1/dummy_path
2024-04-23T20:52:22,610  INFO [main] exec.SerializationUtilities: Serializing MapWork using kryo
2024-04-23T20:52:22,611  INFO [main] exec.Utilities: Serialized plan (via FILE) - name: null size: 6,03KB
2024-04-23T20:52:22,612  WARN [main] impl.MetricsSystemImpl: JobTracker metrics system already initialized!
2024-04-23T20:52:22,615  INFO [main] fs.FSStatsPublisher: created : file:/home/alex/Repositories/hive/ql/target/tmp/localscratchdir/7ebc01d5-15d9-4723-a951-b8cae7daded8/hive_2024-04-23_20-52-22_303_2343269107273925321-1/-mr-10001
2024-04-23T20:52:22,620  WARN [main] impl.MetricsSystemImpl: JobTracker metrics system already initialized!
2024-04-23T20:52:22,627  WARN [main] mapreduce.JobResourceUploader: Hadoop command-line option parsing not performed. Implement the Tool interface and execute your application with ToolRunner to remedy this.
2024-04-23T20:52:22,632  WARN [main] mapreduce.JobResourceUploader: No job jar file set.  User classes may not be found. See Job or Job#setJar(String).
2024-04-23T20:52:22,634  INFO [main] io.HiveInputFormat: hive.io.file.readcolumn.ids = 
2024-04-23T20:52:22,634  INFO [main] io.HiveInputFormat: hive.io.file.readcolumn.names = 
2024-04-23T20:52:22,634  INFO [main] io.HiveInputFormat: Generating splits for dirs: file:/home/alex/Repositories/hive/ql/target/tmp/localscratchdir/7ebc01d5-15d9-4723-a951-b8cae7daded8/hive_2024-04-23_20-52-22_303_2343269107273925321-1/dummy_path
2024-04-23T20:52:22,634  INFO [main] io.HiveInputFormat: number of splits 1
2024-04-23T20:52:22,651  INFO [main] mapreduce.JobSubmitter: number of splits:1
2024-04-23T20:52:22,670  INFO [main] mapreduce.JobSubmitter: Submitting tokens for job: job_local982154930_0047
2024-04-23T20:52:22,670  INFO [main] mapreduce.JobSubmitter: Executing with tokens: []
2024-04-23T20:52:22,733  INFO [main] mapreduce.Job: The url to track the job: http://localhost:8080/
Job running in-process (local Hadoop)
2024-04-23T20:52:22,733  INFO [main] exec.Task: Job running in-process (local Hadoop)
2024-04-23T20:52:22,733  INFO [Thread-3066] mapred.LocalJobRunner: OutputCommitter set in config org.apache.hadoop.hive.ql.io.HiveFileFormatUtils$NullOutputCommitter
2024-04-23T20:52:22,733  INFO [Thread-3066] mapred.LocalJobRunner: OutputCommitter is org.apache.hadoop.hive.ql.io.HiveFileFormatUtils$NullOutputCommitter
2024-04-23T20:52:22,734  INFO [Thread-3066] mapred.LocalJobRunner: Waiting for map tasks
2024-04-23T20:52:22,735  INFO [LocalJobRunner Map Task Executor #0] mapred.LocalJobRunner: Starting task: attempt_local982154930_0047_m_000000_0
2024-04-23T20:52:22,735  INFO [LocalJobRunner Map Task Executor #0] mapred.Task:  Using ResourceCalculatorProcessTree : [ ]
2024-04-23T20:52:22,736  INFO [LocalJobRunner Map Task Executor #0] mapred.MapTask: Processing split: org.apache.hadoop.hive.ql.io.NullRowsInputFormat:file:/home/alex/Repositories/hive/ql/target/tmp/localscratchdir/7ebc01d5-15d9-4723-a951-b8cae7daded8/hive_2024-04-23_20-52-22_303_2343269107273925321-1/dummy_path/null:0+1
2024-04-23T20:52:22,736  INFO [LocalJobRunner Map Task Executor #0] exec.SerializationUtilities: Deserializing MapWork using kryo
2024-04-23T20:52:22,736  INFO [LocalJobRunner Map Task Executor #0] exec.Utilities: Deserialized plan (via FILE) - name: null size: 6,03KB
2024-04-23T20:52:22,737  INFO [LocalJobRunner Map Task Executor #0] mapred.MapTask: numReduceTasks: 0
2024-04-23T20:52:22,737  INFO [LocalJobRunner Map Task Executor #0] exec.MapOperator: Initializing Operator: MAP[0]
2024-04-23T20:52:22,737  INFO [LocalJobRunner Map Task Executor #0] mr.ExecMapper: 
<MAP>Id =0
  <Children>null
  <\Children>
  <Parent><\Parent>
<\MAP>
2024-04-23T20:52:22,738  INFO [LocalJobRunner Map Task Executor #0] exec.TableScanOperator: Initializing Operator: TS[0]
2024-04-23T20:52:22,738  INFO [LocalJobRunner Map Task Executor #0] exec.SelectOperator: Initializing Operator: SEL[1]
2024-04-23T20:52:22,738  INFO [LocalJobRunner Map Task Executor #0] exec.SelectOperator: SELECT null
2024-04-23T20:52:22,738  INFO [LocalJobRunner Map Task Executor #0] exec.UDTFOperator: Initializing Operator: UDTF[2]
2024-04-23T20:52:22,738  INFO [LocalJobRunner Map Task Executor #0] exec.SelectOperator: Initializing Operator: SEL[3]
2024-04-23T20:52:22,738  INFO [LocalJobRunner Map Task Executor #0] exec.SelectOperator: SELECT struct<col1:int,col2:int>
2024-04-23T20:52:22,738  INFO [LocalJobRunner Map Task Executor #0] exec.FileSinkOperator: Initializing Operator: FS[4]
2024-04-23T20:52:22,739  INFO [LocalJobRunner Map Task Executor #0] exec.FileSinkOperator: Using serializer : AbstractSerDe [log=org.apache.logging.slf4j.Log4jLogger@4aa280a, configuration=Optional[Configuration: core-default.xml, core-site.xml, mapred-default.xml, mapred-site.xml, yarn-default.xml, yarn-site.xml, hdfs-default.xml, hdfs-site.xml, file:/home/alex/Repositories/hive/ql/target/tmp/TestTxnNoBucketsVectorized/mapred/local/localRunner/alex/job_local982154930_0047/job_local982154930_0047.xml], properties={name=default.t, columns.types=int:int, serialization.format=1, columns=a,b, numFilesErasureCoded=0, columns.comments=&amp#0;, bucketing_version=2, serialization.lib=org.apache.hadoop.hive.ql.io.orc.OrcSerde, file.inputformat=org.apache.hadoop.hive.ql.io.orc.OrcInputFormat, file.outputformat=org.apache.hadoop.hive.ql.io.orc.OrcOutputFormat, location=file:/home/alex/Repositories/hive/ql/target/tmp/org.apache.hadoop.hive.ql.TestTxnNoBuckets-1713930630697/warehouse/t, column.name.delimiter=,}, tableProperties={name=default.t, columns.types=int:int, serialization.format=1, columns=a,b, numFilesErasureCoded=0, columns.comments=&amp#0;, bucketing_version=2, serialization.lib=org.apache.hadoop.hive.ql.io.orc.OrcSerde, file.inputformat=org.apache.hadoop.hive.ql.io.orc.OrcInputFormat, location=file:/home/alex/Repositories/hive/ql/target/tmp/org.apache.hadoop.hive.ql.TestTxnNoBuckets-1713930630697/warehouse/t, file.outputformat=org.apache.hadoop.hive.ql.io.orc.OrcOutputFormat, column.name.delimiter=,}, partitionProperties=Optional.empty, columnNames=[a, b], columnTypes=[int, int], getClass()=class org.apache.hadoop.hive.ql.io.orc.OrcSerde] and formatter : org.apache.hadoop.hive.ql.io.orc.OrcOutputFormat@5fbbc9f0
2024-04-23T20:52:22,739  INFO [LocalJobRunner Map Task Executor #0] exec.FileSinkOperator: Final Path: FS file:/home/alex/Repositories/hive/ql/target/tmp/org.apache.hadoop.hive.ql.TestTxnNoBuckets-1713930630697/warehouse/t/.hive-staging_hive_2024-04-23_20-52-22_303_2343269107273925321-1/_tmp.-ext-10000/000000_0
2024-04-23T20:52:22,739  INFO [LocalJobRunner Map Task Executor #0] exec.FileSinkOperator: Writing to temp file: FS file:/home/alex/Repositories/hive/ql/target/tmp/org.apache.hadoop.hive.ql.TestTxnNoBuckets-1713930630697/warehouse/t/.hive-staging_hive_2024-04-23_20-52-22_303_2343269107273925321-1/_task_tmp.-ext-10000/_tmp.000000_0
2024-04-23T20:52:22,739  INFO [LocalJobRunner Map Task Executor #0] exec.FileSinkOperator: New Final Path: FS file:/home/alex/Repositories/hive/ql/target/tmp/org.apache.hadoop.hive.ql.TestTxnNoBuckets-1713930630697/warehouse/t/.hive-staging_hive_2024-04-23_20-52-22_303_2343269107273925321-1/_tmp.-ext-10000/000000_0
2024-04-23T20:52:22,739  INFO [LocalJobRunner Map Task Executor #0] exec.FileSinkOperator: FS[4]: records written - 1
2024-04-23T20:52:22,740  INFO [LocalJobRunner Map Task Executor #0] impl.PhysicalFsWriter: ORC writer created for path: file:/home/alex/Repositories/hive/ql/target/tmp/org.apache.hadoop.hive.ql.TestTxnNoBuckets-1713930630697/warehouse/t/.hive-staging_hive_2024-04-23_20-52-22_303_2343269107273925321-1/_task_tmp.-ext-10000/_tmp.000000_0 with stripeSize: 67108864 blockSize: 268435456 compression: Compress: ZLIB buffer: 262144
2024-04-23T20:52:22,746  INFO [LocalJobRunner Map Task Executor #0] impl.WriterImpl: ORC writer created for path: file:/home/alex/Repositories/hive/ql/target/tmp/org.apache.hadoop.hive.ql.TestTxnNoBuckets-1713930630697/warehouse/t/.hive-staging_hive_2024-04-23_20-52-22_303_2343269107273925321-1/_task_tmp.-ext-10000/_tmp.000000_0 with stripeSize: 67108864 options: Compress: ZLIB buffer: 262144
2024-04-23T20:52:22,746  INFO [LocalJobRunner Map Task Executor #0] exec.MapOperator: MAP[0]: records read - 1
2024-04-23T20:52:22,746  INFO [LocalJobRunner Map Task Executor #0] exec.MapOperator: Closing Operator: MAP[0]
2024-04-23T20:52:22,747  INFO [LocalJobRunner Map Task Executor #0] exec.MapOperator: MAP[0]: Total records read - 3. abort - false
2024-04-23T20:52:22,747  INFO [LocalJobRunner Map Task Executor #0] exec.MapOperator: RECORDS_OUT_OPERATOR_MAP_0:0, RECORDS_IN:3, DESERIALIZE_ERRORS:0, RECORDS_OUT_INTERMEDIATE:0, 
2024-04-23T20:52:22,747  INFO [LocalJobRunner Map Task Executor #0] exec.TableScanOperator: Closing Operator: TS[0]
2024-04-23T20:52:22,747  INFO [LocalJobRunner Map Task Executor #0] exec.TableScanOperator: RECORDS_OUT_INTERMEDIATE:0, RECORDS_OUT_OPERATOR_TS_0:1, 
2024-04-23T20:52:22,747  INFO [LocalJobRunner Map Task Executor #0] exec.SelectOperator: Closing Operator: SEL[1]
2024-04-23T20:52:22,747  INFO [LocalJobRunner Map Task Executor #0] exec.SelectOperator: RECORDS_OUT_INTERMEDIATE:0, RECORDS_OUT_OPERATOR_SEL_1:1, 
2024-04-23T20:52:22,747  INFO [LocalJobRunner Map Task Executor #0] exec.UDTFOperator: Closing Operator: UDTF[2]
2024-04-23T20:52:22,747  INFO [LocalJobRunner Map Task Executor #0] exec.UDTFOperator: RECORDS_OUT_INTERMEDIATE:0, RECORDS_OUT_OPERATOR_UDTF_2:1, 
2024-04-23T20:52:22,747  INFO [LocalJobRunner Map Task Executor #0] exec.SelectOperator: Closing Operator: SEL[3]
2024-04-23T20:52:22,747  INFO [LocalJobRunner Map Task Executor #0] exec.SelectOperator: RECORDS_OUT_OPERATOR_SEL_3:1, RECORDS_OUT_INTERMEDIATE:0, 
2024-04-23T20:52:22,747  INFO [LocalJobRunner Map Task Executor #0] exec.FileSinkOperator: Closing Operator: FS[4]
2024-04-23T20:52:22,747  INFO [LocalJobRunner Map Task Executor #0] exec.FileSinkOperator: FS[4]: records written - 1
2024-04-23T20:52:22,754  INFO [LocalJobRunner Map Task Executor #0] exec.FileSinkOperator: RECORDS_OUT_1_default.t:1, TOTAL_TABLE_ROWS_WRITTEN:1, RECORDS_OUT_OPERATOR_FS_4:1, RECORDS_OUT_INTERMEDIATE:0, 
2024-04-23T20:52:22,754  INFO [LocalJobRunner Map Task Executor #0] mapred.LocalJobRunner: 
2024-04-23T20:52:22,755  INFO [LocalJobRunner Map Task Executor #0] mapred.Task: Task:attempt_local982154930_0047_m_000000_0 is done. And is in the process of committing
2024-04-23T20:52:22,755  INFO [LocalJobRunner Map Task Executor #0] mapred.LocalJobRunner: map
2024-04-23T20:52:22,755  INFO [LocalJobRunner Map Task Executor #0] mapred.Task: Task 'attempt_local982154930_0047_m_000000_0' done.
2024-04-23T20:52:22,755  INFO [LocalJobRunner Map Task Executor #0] mapred.Task: Final Counters for attempt_local982154930_0047_m_000000_0: Counters: 27
	File System Counters
		FILE: Number of bytes read=1112400
		FILE: Number of bytes written=56524814
		FILE: Number of read operations=0
		FILE: Number of large read operations=0
		FILE: Number of write operations=0
	Map-Reduce Framework
		Map input records=4
		Map output records=0
		Input split bytes=361
		Spilled Records=0
		Failed Shuffles=0
		Merged Map outputs=0
		GC time elapsed (ms)=0
		Total committed heap usage (bytes)=1203765248
	HIVE
		CREATED_FILES=1
		DESERIALIZE_ERRORS=0
		RECORDS_IN=3
		RECORDS_OUT_1_default.t=1
		RECORDS_OUT_INTERMEDIATE=0
		RECORDS_OUT_OPERATOR_FS_4=1
		RECORDS_OUT_OPERATOR_MAP_0=0
		RECORDS_OUT_OPERATOR_SEL_1=1
		RECORDS_OUT_OPERATOR_SEL_3=1
		RECORDS_OUT_OPERATOR_TS_0=1
		RECORDS_OUT_OPERATOR_UDTF_2=1
		TOTAL_TABLE_ROWS_WRITTEN=1
	File Input Format Counters 
		Bytes Read=6089
	File Output Format Counters 
		Bytes Written=0
2024-04-23T20:52:22,755  INFO [LocalJobRunner Map Task Executor #0] mapred.LocalJobRunner: Finishing task: attempt_local982154930_0047_m_000000_0
2024-04-23T20:52:22,755  INFO [Thread-3066] mapred.LocalJobRunner: map task executor complete.
2024-04-23 20:52:23,735 Stage-1 map = 100%,  reduce = 0%
2024-04-23T20:52:23,735  INFO [main] exec.Task: 2024-04-23 20:52:23,735 Stage-1 map = 100%,  reduce = 0%
Ended Job = job_local982154930_0047
2024-04-23T20:52:23,736  INFO [main] exec.Task: Ended Job = job_local982154930_0047
2024-04-23T20:52:23,738  INFO [main] ql.Driver: Starting task [Stage-0:MOVE] in serial mode
Loading data to table default.t
2024-04-23T20:52:23,738  INFO [main] exec.Task: Loading data to table default.t from file:/home/alex/Repositories/hive/ql/target/tmp/org.apache.hadoop.hive.ql.TestTxnNoBuckets-1713930630697/warehouse/t/.hive-staging_hive_2024-04-23_20-52-22_303_2343269107273925321-1/-ext-10000
2024-04-23T20:52:23,739  INFO [main] HiveMetaStore.audit: ugi=alex	ip=unknown-ip-addr	cmd=get_table : tbl=hive.default.t	
2024-04-23T20:52:23,748  INFO [main] metastore.HMSHandler: Skipping translation for processor with null
2024-04-23T20:52:23,749  INFO [main] HiveMetaStore.audit: ugi=alex	ip=unknown-ip-addr	cmd=get_table : tbl=hive.default.t	
2024-04-23T20:52:23,761  INFO [main] metastore.HMSHandler: Skipping translation for processor with null
2024-04-23T20:52:23,763  WARN [main] metadata.Hive: Cannot get a table snapshot for t
2024-04-23T20:52:23,763  INFO [main] HiveMetaStore.audit: ugi=alex	ip=unknown-ip-addr	cmd=alter_table: hive.default.t newtbl=t	
2024-04-23T20:52:23,788  INFO [main] ql.Driver: Starting task [Stage-2:STATS] in serial mode
2024-04-23T20:52:23,788  INFO [main] HiveMetaStore.audit: ugi=alex	ip=unknown-ip-addr	cmd=get_table : tbl=hive.default.t	
2024-04-23T20:52:23,797  INFO [main] metastore.HMSHandler: Skipping translation for processor with null
2024-04-23T20:52:23,798  INFO [main] stats.BasicStatsTask: Executing stats task
2024-04-23T20:52:23,798  INFO [main] fs.FSStatsPublisher: created : file:/home/alex/Repositories/hive/ql/target/tmp/localscratchdir/7ebc01d5-15d9-4723-a951-b8cae7daded8/hive_2024-04-23_20-52-22_303_2343269107273925321-1/-mr-10001
2024-04-23T20:52:23,799  INFO [main] HiveMetaStore.audit: ugi=alex	ip=unknown-ip-addr	cmd=get_table : tbl=hive.default.t	
2024-04-23T20:52:23,808  INFO [main] metastore.HMSHandler: Skipping translation for processor with null
2024-04-23T20:52:23,809  INFO [main] FileOperations: Read stats for default.t/, numRows, true, 1, false: 
2024-04-23T20:52:23,809  INFO [main] FileOperations: Read stats for default.t/, rawDataSize, true, 8, false: 
2024-04-23T20:52:23,810  WARN [main] metadata.Hive: Cannot get a table snapshot for t
2024-04-23T20:52:23,810  INFO [main] HiveMetaStore.audit: ugi=alex	ip=unknown-ip-addr	cmd=alter_table: hive.default.t newtbl=t	
2024-04-23T20:52:23,836  INFO [main] stats.BasicStatsTask: Table default.t stats: [numFiles=4, numRows=6, totalSize=1005, rawDataSize=48, numFilesErasureCoded=0]
2024-04-23T20:52:23,837  INFO [main] metadata.Hive: Dumping metastore api call timing information for : execution phase
2024-04-23T20:52:23,837  INFO [main] metadata.Hive: Total time spent in each metastore function (ms): {isCompatibleWith_(Configuration)=0, alter_table_(String, String, String, Table, EnvironmentContext, String)=51, getTable_(GetTableRequest)=43}
MapReduce Jobs Launched: 
2024-04-23T20:52:23,837  INFO [main] ql.Driver: MapReduce Jobs Launched: 
Stage-Stage-1:  HDFS Read: 0 HDFS Write: 0 SUCCESS
2024-04-23T20:52:23,838  INFO [main] ql.Driver: Stage-Stage-1:  HDFS Read: 0 HDFS Write: 0 SUCCESS
Total MapReduce CPU Time Spent: 0 msec
2024-04-23T20:52:23,838  INFO [main] ql.Driver: Total MapReduce CPU Time Spent: 0 msec
2024-04-23T20:52:23,838  INFO [main] ql.Driver: Completed executing command(queryId=alex_20240423205217_9ab479aa-e9a9-47fe-91ff-f022a5ff0d42); Time taken: 1.38 seconds
2024-04-23T20:52:23,838  INFO [main] lockmgr.DbTxnManager: Stopped heartbeat for query: alex_20240423205217_9ab479aa-e9a9-47fe-91ff-f022a5ff0d42
2024-04-23T20:52:23,842  INFO [main] txn.TxnHandler: Expected to move at least one record from txn_components to completed_txn_components when committing txn! txnid:17
2024-04-23T20:52:23,848  INFO [main] txn.TxnHandler: Removed transactions: ([17]) from MIN_HISTORY_LEVEL
2024-04-23T20:52:23,848  WARN [main] txn.CompactionTxnHandler: No compaction queue record found for Compaction type transaction commit. txnId:17
2024-04-23T20:52:23,848  INFO [main] ql.TxnCommandsBaseForTests: Running the query: select a, b, INPUT__FILE__NAME from T order by a, b, INPUT__FILE__NAME
2024-04-23T20:52:23,849  INFO [main] ql.Context: Deleting scratch dir: file:/home/alex/Repositories/hive/ql/target/tmp/org.apache.hadoop.hive.ql.TestTxnNoBuckets-1713930630697/warehouse/t/.hive-staging_hive_2024-04-23_20-52-22_303_2343269107273925321-1
2024-04-23T20:52:23,849  INFO [main] cleanup.SyncCleanupService: Deleted directory: file:/home/alex/Repositories/hive/ql/target/tmp/org.apache.hadoop.hive.ql.TestTxnNoBuckets-1713930630697/warehouse/t/.hive-staging_hive_2024-04-23_20-52-22_303_2343269107273925321-1 on fs with scheme file
2024-04-23T20:52:23,849  INFO [main] ql.Context: Deleting scratch dir: file:/home/alex/Repositories/hive/ql/target/tmp/localscratchdir/7ebc01d5-15d9-4723-a951-b8cae7daded8/hive_2024-04-23_20-52-22_303_2343269107273925321-1
2024-04-23T20:52:23,850  INFO [main] cleanup.SyncCleanupService: Deleted directory: file:/home/alex/Repositories/hive/ql/target/tmp/localscratchdir/7ebc01d5-15d9-4723-a951-b8cae7daded8/hive_2024-04-23_20-52-22_303_2343269107273925321-1 on fs with scheme file
2024-04-23T20:52:23,850  INFO [main] ql.Driver: Compiling command(queryId=alex_20240423205217_9ab479aa-e9a9-47fe-91ff-f022a5ff0d42): select a, b, INPUT__FILE__NAME from T order by a, b, INPUT__FILE__NAME
2024-04-23T20:52:23,852  INFO [main] txn.TxnHandler: Added entries to MIN_HISTORY_LEVEL for current txns: ([18]) with min_open_txn: 18
2024-04-23T20:52:23,853  INFO [main] lockmgr.DbTxnManager: Opened txnid:18
2024-04-23T20:52:23,853  INFO [main] parse.CalcitePlanner: Starting caching scope for: alex_20240423205217_9ab479aa-e9a9-47fe-91ff-f022a5ff0d42
2024-04-23T20:52:23,854  INFO [main] parse.CalcitePlanner: Starting Semantic Analysis
2024-04-23T20:52:23,856  INFO [main] parse.CalcitePlanner: Completed phase 1 of Semantic Analysis
2024-04-23T20:52:23,856  INFO [main] parse.CalcitePlanner: Get metadata for source tables
2024-04-23T20:52:23,857  INFO [main] HiveMetaStore.audit: ugi=alex	ip=unknown-ip-addr	cmd=get_table : tbl=hive.default.t	
2024-04-23T20:52:23,868  INFO [main] metastore.HMSHandler: Skipping translation for processor with null
2024-04-23T20:52:23,868  INFO [main] parse.CalcitePlanner: Get metadata for subqueries
2024-04-23T20:52:23,868  INFO [main] parse.CalcitePlanner: Get metadata for destination tables
2024-04-23T20:52:23,868  INFO [main] parse.CalcitePlanner: Completed getting MetaData in Semantic Analysis
2024-04-23T20:52:23,881  INFO [main] HiveMetaStore.audit: ugi=alex	ip=unknown-ip-addr	cmd=get_all_table_constraints : tbl=hive.default.t	
2024-04-23T20:52:23,891  INFO [main] calcite.RelOptHiveTable: Calculating column statistics for default.t, projIndxSet: [0, 1], allowMissingStats: true
2024-04-23T20:52:23,892  INFO [main] HiveMetaStore.audit: ugi=alex	ip=unknown-ip-addr	cmd=get_table_statistics_req: table=hive.default.t	
2024-04-23T20:52:23,904  WARN [main] calcite.RelOptHiveTable: No Stats for default@t, Columns: a, b
No Stats for default@t, Columns: a, b
2024-04-23T20:52:23,904  INFO [main] SessionState: No Stats for default@t, Columns: a, b
2024-04-23T20:52:23,952  INFO [main] parse.CalcitePlanner: Get metadata for source tables
2024-04-23T20:52:23,952  INFO [main] parse.CalcitePlanner: Get metadata for subqueries
2024-04-23T20:52:23,952  INFO [main] parse.CalcitePlanner: Get metadata for destination tables
2024-04-23T20:52:23,953  INFO [main] common.FileUtils: Creating directory if it doesn't exist: file:/home/alex/Repositories/hive/ql/target/tmp/localscratchdir/7ebc01d5-15d9-4723-a951-b8cae7daded8/hive_2024-04-23_20-52-23_850_524391477121658766-1/-mr-10001/.hive-staging_hive_2024-04-23_20-52-23_850_524391477121658766-1
2024-04-23T20:52:23,961  INFO [main] parse.CalcitePlanner: CBO Succeeded; optimized logical plan.
2024-04-23T20:52:23,964  INFO [main] optimizer.ColumnPrunerProcFactory: RS 2 oldColExprMap: {KEY.reducesinkkey1=Column[_col1], KEY.reducesinkkey2=Column[_col2], KEY.reducesinkkey0=Column[_col0]}
2024-04-23T20:52:23,964  INFO [main] optimizer.ColumnPrunerProcFactory: RS 2 newColExprMap: {KEY.reducesinkkey1=Column[_col1], KEY.reducesinkkey0=Column[_col0], KEY.reducesinkkey2=Column[_col2]}
2024-04-23T20:52:23,966  INFO [main] optimizer.BucketVersionPopulator: not considering bucketingVersion for: TS[0] because it has -1<2 buckets 
2024-04-23T20:52:23,966  INFO [main] optimizer.SortedDynPartitionOptimizer: Sorted dynamic partitioning optimization kicked in..
2024-04-23T20:52:23,975  INFO [main] physical.Vectorizer: Examining input format to see if vectorization is enabled.
2024-04-23T20:52:23,975  INFO [main] physical.Vectorizer: Vectorization is enabled for input format(s) [org.apache.hadoop.hive.ql.io.orc.OrcInputFormat]
2024-04-23T20:52:23,975  INFO [main] physical.Vectorizer: Validating and vectorizing MapWork... (vectorizedVertexNum 0)
2024-04-23T20:52:23,975  INFO [main] physical.Vectorizer: Map vectorization enabled: true
2024-04-23T20:52:23,975  INFO [main] physical.Vectorizer: Map vectorized: false
2024-04-23T20:52:23,976  INFO [main] physical.Vectorizer: Map notVectorizedReason: Select expression for SELECT operator: Virtual column INPUT__FILE__NAME is not supported
2024-04-23T20:52:23,976  INFO [main] physical.Vectorizer: Map vectorizedVertexNum: 0
2024-04-23T20:52:23,976  INFO [main] physical.Vectorizer: Map enabledConditionsMet: [hive.vectorized.use.vectorized.input.format IS true]
2024-04-23T20:52:23,976  INFO [main] physical.Vectorizer: Map inputFileFormatClassNameSet: [org.apache.hadoop.hive.ql.io.orc.OrcInputFormat]
2024-04-23T20:52:23,976  INFO [main] physical.Vectorizer: Reduce vectorization enabled: false
2024-04-23T20:52:23,976  INFO [main] physical.Vectorizer: Reduce vectorized: false
2024-04-23T20:52:23,976  INFO [main] physical.Vectorizer: Reduce vectorizedVertexNum: 1
2024-04-23T20:52:23,976  INFO [main] physical.Vectorizer: Reducer hive.vectorized.execution.reduce.enabled: true
2024-04-23T20:52:23,976  INFO [main] physical.Vectorizer: Reducer engine: mr
2024-04-23T20:52:23,976  INFO [main] parse.CalcitePlanner: Completed plan generation
2024-04-23T20:52:23,976  INFO [main] parse.CalcitePlanner: Ending caching scope for: alex_20240423205217_9ab479aa-e9a9-47fe-91ff-f022a5ff0d42
2024-04-23T20:52:23,976  INFO [main] ql.Driver: Semantic Analysis Completed (retrial = false)
2024-04-23T20:52:23,976  INFO [main] ql.Driver: Created Hive schema: Schema(fieldSchemas:[FieldSchema(name:a, type:int, comment:null), FieldSchema(name:b, type:int, comment:null), FieldSchema(name:input__file__name, type:string, comment:null)], properties:null)
2024-04-23T20:52:23,977  INFO [main] exec.ListSinkOperator: Initializing Operator: LIST_SINK[5]
2024-04-23T20:52:23,977  INFO [main] metadata.Hive: Dumping metastore api call timing information for : compilation phase
2024-04-23T20:52:23,977  INFO [main] metadata.Hive: Total time spent in each metastore function (ms): {isCompatibleWith_(Configuration)=1, getTable_(GetTableRequest)=12, getValidTxns_(long)=0, getAllTableConstraints_(AllTableConstraintsRequest)=5, commitTxn_(CommitTxnRequest)=10, flushCache_()=0, openTxn_(String, TxnType)=2, getValidWriteIds_(List, String)=2, getTableColumnStatistics_(String, String, List, String)=12}
2024-04-23T20:52:23,977  INFO [main] ql.Driver: Completed compiling command(queryId=alex_20240423205217_9ab479aa-e9a9-47fe-91ff-f022a5ff0d42); Time taken: 0.127 seconds
2024-04-23T20:52:23,978  INFO [main] lockmgr.DbTxnManager: Setting lock request transaction to txnid:18 for queryId=alex_20240423205217_9ab479aa-e9a9-47fe-91ff-f022a5ff0d42
2024-04-23T20:52:23,978  INFO [main] lockmgr.DbLockManager: Requesting lock for queryId=alex_20240423205217_9ab479aa-e9a9-47fe-91ff-f022a5ff0d42
2024-04-23T20:52:23,992  INFO [main] lockmgr.DbLockManager: Response to queryId=alex_20240423205217_9ab479aa-e9a9-47fe-91ff-f022a5ff0d42 LockResponse(lockid:12, state:ACQUIRED)
2024-04-23T20:52:23,992  INFO [main] ql.Driver: Operation QUERY obtained 1 locks
2024-04-23T20:52:23,992  INFO [main] ql.Driver: Executing command(queryId=alex_20240423205217_9ab479aa-e9a9-47fe-91ff-f022a5ff0d42): select a, b, INPUT__FILE__NAME from T order by a, b, INPUT__FILE__NAME
2024-04-23T20:52:23,992  WARN [main] ql.Driver: Hive-on-MR is deprecated in Hive 2 and may not be available in the future versions. Consider using a different execution engine (i.e. tez, spark) or using Hive 1.X releases.
Query ID = alex_20240423205217_9ab479aa-e9a9-47fe-91ff-f022a5ff0d42
2024-04-23T20:52:23,992  INFO [main] ql.Driver: Query ID = alex_20240423205217_9ab479aa-e9a9-47fe-91ff-f022a5ff0d42
Total jobs = 1
2024-04-23T20:52:23,992  INFO [main] ql.Driver: Total jobs = 1
Launching Job 1 out of 1
2024-04-23T20:52:23,992  INFO [main] ql.Driver: Launching Job 1 out of 1
2024-04-23T20:52:24,135  INFO [main] ql.Driver: Starting task [Stage-1:MAPRED] in serial mode
Number of reduce tasks determined at compile time: 1
2024-04-23T20:52:24,135  INFO [main] exec.Task: Number of reduce tasks determined at compile time: 1
In order to change the average load for a reducer (in bytes):
2024-04-23T20:52:24,135  INFO [main] exec.Task: In order to change the average load for a reducer (in bytes):
  set hive.exec.reducers.bytes.per.reducer=<number>
2024-04-23T20:52:24,135  INFO [main] exec.Task:   set hive.exec.reducers.bytes.per.reducer=<number>
In order to limit the maximum number of reducers:
2024-04-23T20:52:24,135  INFO [main] exec.Task: In order to limit the maximum number of reducers:
  set hive.exec.reducers.max=<number>
2024-04-23T20:52:24,135  INFO [main] exec.Task:   set hive.exec.reducers.max=<number>
In order to set a constant number of reducers:
2024-04-23T20:52:24,135  INFO [main] exec.Task: In order to set a constant number of reducers:
  set mapreduce.job.reduces=<number>
2024-04-23T20:52:24,135  INFO [main] exec.Task:   set mapreduce.job.reduces=<number>
2024-04-23T20:52:24,138  INFO [main] mr.ExecDriver: Using org.apache.hadoop.hive.ql.io.HiveInputFormat
2024-04-23T20:52:24,138  INFO [main] exec.Utilities: Processing alias t
2024-04-23T20:52:24,138  INFO [main] exec.Utilities: Adding 1 inputs; the first input is file:/home/alex/Repositories/hive/ql/target/tmp/org.apache.hadoop.hive.ql.TestTxnNoBuckets-1713930630697/warehouse/t
2024-04-23T20:52:24,147  INFO [main] exec.SerializationUtilities: Serializing MapWork using kryo
2024-04-23T20:52:24,148  INFO [main] exec.Utilities: Serialized plan (via FILE) - name: null size: 4,79KB
2024-04-23T20:52:24,152  INFO [main] exec.SerializationUtilities: Serializing ReduceWork using kryo
2024-04-23T20:52:24,153  INFO [main] exec.Utilities: Serialized plan (via FILE) - name: null size: 5,69KB
2024-04-23T20:52:24,154  WARN [main] impl.MetricsSystemImpl: JobTracker metrics system already initialized!
2024-04-23T20:52:24,160  WARN [main] impl.MetricsSystemImpl: JobTracker metrics system already initialized!
2024-04-23T20:52:24,168  WARN [main] mapreduce.JobResourceUploader: Hadoop command-line option parsing not performed. Implement the Tool interface and execute your application with ToolRunner to remedy this.
2024-04-23T20:52:24,172  WARN [main] mapreduce.JobResourceUploader: No job jar file set.  User classes may not be found. See Job or Job#setJar(String).
2024-04-23T20:52:24,173  INFO [main] io.HiveInputFormat: hive.io.file.readcolumn.ids = 0,1
2024-04-23T20:52:24,173  INFO [main] io.HiveInputFormat: hive.io.file.readcolumn.names = a,b
2024-04-23T20:52:24,173  INFO [main] io.HiveInputFormat: Generating splits for dirs: file:/home/alex/Repositories/hive/ql/target/tmp/org.apache.hadoop.hive.ql.TestTxnNoBuckets-1713930630697/warehouse/t
2024-04-23T20:52:24,173  INFO [main] orc.OrcInputFormat: getSplits started
2024-04-23T20:52:24,174  INFO [main] orc.OrcInputFormat: Context:: isAcid: false isVectorMode: false sarg: null minSplitSize: 1 maxSplitSize: 256000000 splitStrategy: HYBRID footerInSplits: false numBuckets: 0 numThreads: 10 cacheMemSize: 268435456 cacheStripeDetails: true useSoftReference: false writeIdList: null:9223372036854775807:9223372036854775807:: isTransactionalTable: false txnProperties: null 
2024-04-23T20:52:24,174  INFO [main] orc.OrcInputFormat: ORC pushdown predicate: null
2024-04-23T20:52:24,185  INFO [main] orc.OrcInputFormat: FooterCacheHitRatio: 0/4
2024-04-23T20:52:24,185  INFO [main] orc.OrcInputFormat: getSplits finished (#splits: 4). duration: 12 ms
2024-04-23T20:52:24,185  INFO [main] io.HiveInputFormat: number of splits 4
2024-04-23T20:52:24,201  INFO [main] mapreduce.JobSubmitter: number of splits:4
2024-04-23T20:52:24,220  INFO [main] mapreduce.JobSubmitter: Submitting tokens for job: job_local75475275_0048
2024-04-23T20:52:24,220  INFO [main] mapreduce.JobSubmitter: Executing with tokens: []
2024-04-23T20:52:24,279  INFO [main] mapreduce.Job: The url to track the job: http://localhost:8080/
Job running in-process (local Hadoop)
2024-04-23T20:52:24,279  INFO [main] exec.Task: Job running in-process (local Hadoop)
2024-04-23T20:52:24,280  INFO [Thread-3109] mapred.LocalJobRunner: OutputCommitter set in config org.apache.hadoop.hive.ql.io.HiveFileFormatUtils$NullOutputCommitter
2024-04-23T20:52:24,280  INFO [Thread-3109] mapred.LocalJobRunner: OutputCommitter is org.apache.hadoop.hive.ql.io.HiveFileFormatUtils$NullOutputCommitter
2024-04-23T20:52:24,282  INFO [Thread-3109] mapred.LocalJobRunner: Waiting for map tasks
2024-04-23T20:52:24,282  INFO [LocalJobRunner Map Task Executor #0] mapred.LocalJobRunner: Starting task: attempt_local75475275_0048_m_000000_0
2024-04-23T20:52:24,283  INFO [LocalJobRunner Map Task Executor #0] mapred.Task:  Using ResourceCalculatorProcessTree : [ ]
2024-04-23T20:52:24,283  INFO [LocalJobRunner Map Task Executor #0] mapred.MapTask: Processing split: org.apache.hadoop.hive.ql.io.orc.OrcInputFormat:OrcSplit [file:/home/alex/Repositories/hive/ql/target/tmp/org.apache.hadoop.hive.ql.TestTxnNoBuckets-1713930630697/warehouse/t/000000_0, start=0, length=256, isOriginal=true, fileLength=256, hasFooter=false, hasBase=true, deltas=0]
2024-04-23T20:52:24,284  INFO [LocalJobRunner Map Task Executor #0] exec.SerializationUtilities: Deserializing MapWork using kryo
2024-04-23T20:52:24,284  INFO [LocalJobRunner Map Task Executor #0] exec.Utilities: Deserialized plan (via FILE) - name: null size: 4,79KB
2024-04-23T20:52:24,285  INFO [LocalJobRunner Map Task Executor #0] orc.ReaderImpl: Reading ORC rows from file:/home/alex/Repositories/hive/ql/target/tmp/org.apache.hadoop.hive.ql.TestTxnNoBuckets-1713930630697/warehouse/t/000000_0 with {include: [true, true, true], offset: 0, length: 256, schema: struct<a:int,b:int>, includeAcidColumns: true}
2024-04-23T20:52:24,285  INFO [LocalJobRunner Map Task Executor #0] mapred.MapTask: numReduceTasks: 1
2024-04-23T20:52:24,294  INFO [LocalJobRunner Map Task Executor #0] mapred.MapTask: (EQUATOR) 0 kvi 26214396(104857584)
2024-04-23T20:52:24,294  INFO [LocalJobRunner Map Task Executor #0] mapred.MapTask: mapreduce.task.io.sort.mb: 100
2024-04-23T20:52:24,294  INFO [LocalJobRunner Map Task Executor #0] mapred.MapTask: soft limit at 83886080
2024-04-23T20:52:24,294  INFO [LocalJobRunner Map Task Executor #0] mapred.MapTask: bufstart = 0; bufvoid = 104857600
2024-04-23T20:52:24,294  INFO [LocalJobRunner Map Task Executor #0] mapred.MapTask: kvstart = 26214396; length = 6553600
2024-04-23T20:52:24,295  INFO [LocalJobRunner Map Task Executor #0] mapred.MapTask: Map output collector class = org.apache.hadoop.mapred.MapTask$MapOutputBuffer
2024-04-23T20:52:24,295  INFO [LocalJobRunner Map Task Executor #0] exec.MapOperator: Initializing Operator: MAP[0]
2024-04-23T20:52:24,296  INFO [LocalJobRunner Map Task Executor #0] mr.ExecMapper: 
<MAP>Id =0
  <Children>null
  <\Children>
  <Parent><\Parent>
<\MAP>
2024-04-23T20:52:24,297  INFO [LocalJobRunner Map Task Executor #0] exec.TableScanOperator: Initializing Operator: TS[0]
2024-04-23T20:52:24,297  INFO [LocalJobRunner Map Task Executor #0] exec.SelectOperator: Initializing Operator: SEL[1]
2024-04-23T20:52:24,297  INFO [LocalJobRunner Map Task Executor #0] exec.SelectOperator: SELECT struct<a:int,b:int,input__file__name:string>
2024-04-23T20:52:24,297  INFO [LocalJobRunner Map Task Executor #0] exec.ReduceSinkOperator: Initializing Operator: RS[2]
2024-04-23T20:52:24,297  INFO [LocalJobRunner Map Task Executor #0] exec.ReduceSinkOperator: Using tag = -1
2024-04-23T20:52:24,298  INFO [LocalJobRunner Map Task Executor #0] exec.ReduceSinkOperator: keys are [reducesinkkey0, reducesinkkey1, reducesinkkey2] num distributions: 3
2024-04-23T20:52:24,298  INFO [LocalJobRunner Map Task Executor #0] exec.ReduceSinkOperator: RS[2]: records written - 1
2024-04-23T20:52:24,298  INFO [LocalJobRunner Map Task Executor #0] exec.MapOperator: MAP[0]: records read - 1
2024-04-23T20:52:24,298  INFO [LocalJobRunner Map Task Executor #0] exec.MapOperator: Closing Operator: MAP[0]
2024-04-23T20:52:24,298  INFO [LocalJobRunner Map Task Executor #0] exec.MapOperator: MAP[0]: Total records read - 2. abort - false
2024-04-23T20:52:24,298  INFO [LocalJobRunner Map Task Executor #0] exec.MapOperator: DESERIALIZE_ERRORS:0, RECORDS_OUT_OPERATOR_MAP_0:0, RECORDS_IN:2, RECORDS_OUT_INTERMEDIATE:0, 
2024-04-23T20:52:24,298  INFO [LocalJobRunner Map Task Executor #0] exec.TableScanOperator: Closing Operator: TS[0]
2024-04-23T20:52:24,298  INFO [LocalJobRunner Map Task Executor #0] exec.TableScanOperator: RECORDS_OUT_OPERATOR_TS_0:2, RECORDS_OUT_INTERMEDIATE:0, 
2024-04-23T20:52:24,298  INFO [LocalJobRunner Map Task Executor #0] exec.SelectOperator: Closing Operator: SEL[1]
2024-04-23T20:52:24,298  INFO [LocalJobRunner Map Task Executor #0] exec.SelectOperator: RECORDS_OUT_OPERATOR_SEL_1:2, RECORDS_OUT_INTERMEDIATE:0, 
2024-04-23T20:52:24,298  INFO [LocalJobRunner Map Task Executor #0] exec.ReduceSinkOperator: Closing Operator: RS[2]
2024-04-23T20:52:24,298  INFO [LocalJobRunner Map Task Executor #0] exec.ReduceSinkOperator: RS[2]: Total records written - 2. abort - false
2024-04-23T20:52:24,298  INFO [LocalJobRunner Map Task Executor #0] exec.ReduceSinkOperator: RECORDS_OUT_INTERMEDIATE:2, RECORDS_OUT_OPERATOR_RS_2:2, 
2024-04-23T20:52:24,299  INFO [LocalJobRunner Map Task Executor #0] mapred.LocalJobRunner: 
2024-04-23T20:52:24,299  INFO [LocalJobRunner Map Task Executor #0] mapred.MapTask: Starting flush of map output
2024-04-23T20:52:24,299  INFO [LocalJobRunner Map Task Executor #0] mapred.MapTask: Spilling map output
2024-04-23T20:52:24,299  INFO [LocalJobRunner Map Task Executor #0] mapred.MapTask: bufstart = 0; bufend = 292; bufvoid = 104857600
2024-04-23T20:52:24,299  INFO [LocalJobRunner Map Task Executor #0] mapred.MapTask: kvstart = 26214396(104857584); kvend = 26214392(104857568); length = 5/6553600
2024-04-23T20:52:24,309  INFO [LocalJobRunner Map Task Executor #0] mapred.MapTask: Finished spill 0
2024-04-23T20:52:24,312  INFO [LocalJobRunner Map Task Executor #0] mapred.Task: Task:attempt_local75475275_0048_m_000000_0 is done. And is in the process of committing
2024-04-23T20:52:24,313  INFO [LocalJobRunner Map Task Executor #0] mapred.LocalJobRunner: map
2024-04-23T20:52:24,313  INFO [LocalJobRunner Map Task Executor #0] mapred.Task: Task 'attempt_local75475275_0048_m_000000_0' done.
2024-04-23T20:52:24,313  INFO [LocalJobRunner Map Task Executor #0] mapred.Task: Final Counters for attempt_local75475275_0048_m_000000_0: Counters: 24
	File System Counters
		FILE: Number of bytes read=1120334
		FILE: Number of bytes written=57720955
		FILE: Number of read operations=0
		FILE: Number of large read operations=0
		FILE: Number of write operations=0
	Map-Reduce Framework
		Map input records=2
		Map output records=2
		Map output bytes=292
		Map output materialized bytes=304
		Input split bytes=451
		Combine input records=0
		Spilled Records=2
		Failed Shuffles=0
		Merged Map outputs=0
		GC time elapsed (ms)=5
		Total committed heap usage (bytes)=1205862400
	HIVE
		DESERIALIZE_ERRORS=0
		RECORDS_IN=2
		RECORDS_OUT_INTERMEDIATE=2
		RECORDS_OUT_OPERATOR_MAP_0=0
		RECORDS_OUT_OPERATOR_RS_2=2
		RECORDS_OUT_OPERATOR_SEL_1=2
		RECORDS_OUT_OPERATOR_TS_0=2
	File Input Format Counters 
		Bytes Read=5925
2024-04-23T20:52:24,313  INFO [LocalJobRunner Map Task Executor #0] mapred.LocalJobRunner: Finishing task: attempt_local75475275_0048_m_000000_0
2024-04-23T20:52:24,313  INFO [LocalJobRunner Map Task Executor #0] mapred.LocalJobRunner: Starting task: attempt_local75475275_0048_m_000001_0
2024-04-23T20:52:24,313  INFO [LocalJobRunner Map Task Executor #0] mapred.Task:  Using ResourceCalculatorProcessTree : [ ]
2024-04-23T20:52:24,314  INFO [LocalJobRunner Map Task Executor #0] mapred.MapTask: Processing split: org.apache.hadoop.hive.ql.io.orc.OrcInputFormat:OrcSplit [file:/home/alex/Repositories/hive/ql/target/tmp/org.apache.hadoop.hive.ql.TestTxnNoBuckets-1713930630697/warehouse/t/000002_0, start=0, length=254, isOriginal=true, fileLength=254, hasFooter=false, hasBase=true, deltas=0]
2024-04-23T20:52:24,314  INFO [LocalJobRunner Map Task Executor #0] exec.SerializationUtilities: Deserializing MapWork using kryo
2024-04-23T20:52:24,314  INFO [LocalJobRunner Map Task Executor #0] exec.Utilities: Deserialized plan (via FILE) - name: null size: 4,79KB
2024-04-23T20:52:24,315  INFO [LocalJobRunner Map Task Executor #0] orc.ReaderImpl: Reading ORC rows from file:/home/alex/Repositories/hive/ql/target/tmp/org.apache.hadoop.hive.ql.TestTxnNoBuckets-1713930630697/warehouse/t/000002_0 with {include: [true, true, true], offset: 0, length: 254, schema: struct<a:int,b:int>, includeAcidColumns: true}
2024-04-23T20:52:24,316  INFO [LocalJobRunner Map Task Executor #0] mapred.MapTask: numReduceTasks: 1
2024-04-23T20:52:24,320  INFO [LocalJobRunner Map Task Executor #0] mapred.MapTask: (EQUATOR) 0 kvi 26214396(104857584)
2024-04-23T20:52:24,320  INFO [LocalJobRunner Map Task Executor #0] mapred.MapTask: mapreduce.task.io.sort.mb: 100
2024-04-23T20:52:24,320  INFO [LocalJobRunner Map Task Executor #0] mapred.MapTask: soft limit at 83886080
2024-04-23T20:52:24,320  INFO [LocalJobRunner Map Task Executor #0] mapred.MapTask: bufstart = 0; bufvoid = 104857600
2024-04-23T20:52:24,320  INFO [LocalJobRunner Map Task Executor #0] mapred.MapTask: kvstart = 26214396; length = 6553600
2024-04-23T20:52:24,320  INFO [LocalJobRunner Map Task Executor #0] mapred.MapTask: Map output collector class = org.apache.hadoop.mapred.MapTask$MapOutputBuffer
2024-04-23T20:52:24,321  INFO [LocalJobRunner Map Task Executor #0] exec.MapOperator: Initializing Operator: MAP[0]
2024-04-23T20:52:24,322  INFO [LocalJobRunner Map Task Executor #0] mr.ExecMapper: 
<MAP>Id =0
  <Children>null
  <\Children>
  <Parent><\Parent>
<\MAP>
2024-04-23T20:52:24,322  INFO [LocalJobRunner Map Task Executor #0] exec.TableScanOperator: Initializing Operator: TS[0]
2024-04-23T20:52:24,322  INFO [LocalJobRunner Map Task Executor #0] exec.SelectOperator: Initializing Operator: SEL[1]
2024-04-23T20:52:24,322  INFO [LocalJobRunner Map Task Executor #0] exec.SelectOperator: SELECT struct<a:int,b:int,input__file__name:string>
2024-04-23T20:52:24,322  INFO [LocalJobRunner Map Task Executor #0] exec.ReduceSinkOperator: Initializing Operator: RS[2]
2024-04-23T20:52:24,322  INFO [LocalJobRunner Map Task Executor #0] exec.ReduceSinkOperator: Using tag = -1
2024-04-23T20:52:24,323  INFO [LocalJobRunner Map Task Executor #0] exec.ReduceSinkOperator: keys are [reducesinkkey0, reducesinkkey1, reducesinkkey2] num distributions: 3
2024-04-23T20:52:24,323  INFO [LocalJobRunner Map Task Executor #0] exec.ReduceSinkOperator: RS[2]: records written - 1
2024-04-23T20:52:24,323  INFO [LocalJobRunner Map Task Executor #0] exec.MapOperator: MAP[0]: records read - 1
2024-04-23T20:52:24,323  INFO [LocalJobRunner Map Task Executor #0] exec.MapOperator: Closing Operator: MAP[0]
2024-04-23T20:52:24,323  INFO [LocalJobRunner Map Task Executor #0] exec.MapOperator: MAP[0]: Total records read - 2. abort - false
2024-04-23T20:52:24,323  INFO [LocalJobRunner Map Task Executor #0] exec.MapOperator: DESERIALIZE_ERRORS:0, RECORDS_IN:2, RECORDS_OUT_INTERMEDIATE:0, RECORDS_OUT_OPERATOR_MAP_0:0, 
2024-04-23T20:52:24,323  INFO [LocalJobRunner Map Task Executor #0] exec.TableScanOperator: Closing Operator: TS[0]
2024-04-23T20:52:24,323  INFO [LocalJobRunner Map Task Executor #0] exec.TableScanOperator: RECORDS_OUT_OPERATOR_TS_0:2, RECORDS_OUT_INTERMEDIATE:0, 
2024-04-23T20:52:24,323  INFO [LocalJobRunner Map Task Executor #0] exec.SelectOperator: Closing Operator: SEL[1]
2024-04-23T20:52:24,323  INFO [LocalJobRunner Map Task Executor #0] exec.SelectOperator: RECORDS_OUT_INTERMEDIATE:0, RECORDS_OUT_OPERATOR_SEL_1:2, 
2024-04-23T20:52:24,323  INFO [LocalJobRunner Map Task Executor #0] exec.ReduceSinkOperator: Closing Operator: RS[2]
2024-04-23T20:52:24,323  INFO [LocalJobRunner Map Task Executor #0] exec.ReduceSinkOperator: RS[2]: Total records written - 2. abort - false
2024-04-23T20:52:24,324  INFO [LocalJobRunner Map Task Executor #0] exec.ReduceSinkOperator: RECORDS_OUT_OPERATOR_RS_2:2, RECORDS_OUT_INTERMEDIATE:2, 
2024-04-23T20:52:24,324  INFO [LocalJobRunner Map Task Executor #0] mapred.LocalJobRunner: 
2024-04-23T20:52:24,324  INFO [LocalJobRunner Map Task Executor #0] mapred.MapTask: Starting flush of map output
2024-04-23T20:52:24,324  INFO [LocalJobRunner Map Task Executor #0] mapred.MapTask: Spilling map output
2024-04-23T20:52:24,324  INFO [LocalJobRunner Map Task Executor #0] mapred.MapTask: bufstart = 0; bufend = 292; bufvoid = 104857600
2024-04-23T20:52:24,324  INFO [LocalJobRunner Map Task Executor #0] mapred.MapTask: kvstart = 26214396(104857584); kvend = 26214392(104857568); length = 5/6553600
2024-04-23T20:52:24,332  INFO [LocalJobRunner Map Task Executor #0] mapred.MapTask: Finished spill 0
2024-04-23T20:52:24,335  INFO [LocalJobRunner Map Task Executor #0] mapred.Task: Task:attempt_local75475275_0048_m_000001_0 is done. And is in the process of committing
2024-04-23T20:52:24,335  INFO [LocalJobRunner Map Task Executor #0] mapred.LocalJobRunner: map
2024-04-23T20:52:24,335  INFO [LocalJobRunner Map Task Executor #0] mapred.Task: Task 'attempt_local75475275_0048_m_000001_0' done.
2024-04-23T20:52:24,336  INFO [LocalJobRunner Map Task Executor #0] mapred.Task: Final Counters for attempt_local75475275_0048_m_000001_0: Counters: 24
	File System Counters
		FILE: Number of bytes read=1128094
		FILE: Number of bytes written=57721291
		FILE: Number of read operations=0
		FILE: Number of large read operations=0
		FILE: Number of write operations=0
	Map-Reduce Framework
		Map input records=2
		Map output records=2
		Map output bytes=292
		Map output materialized bytes=304
		Input split bytes=451
		Combine input records=0
		Spilled Records=2
		Failed Shuffles=0
		Merged Map outputs=0
		GC time elapsed (ms)=0
		Total committed heap usage (bytes)=1205862400
	HIVE
		DESERIALIZE_ERRORS=0
		RECORDS_IN=2
		RECORDS_OUT_INTERMEDIATE=2
		RECORDS_OUT_OPERATOR_MAP_0=0
		RECORDS_OUT_OPERATOR_RS_2=2
		RECORDS_OUT_OPERATOR_SEL_1=2
		RECORDS_OUT_OPERATOR_TS_0=2
	File Input Format Counters 
		Bytes Read=5917
2024-04-23T20:52:24,336  INFO [LocalJobRunner Map Task Executor #0] mapred.LocalJobRunner: Finishing task: attempt_local75475275_0048_m_000001_0
2024-04-23T20:52:24,336  INFO [LocalJobRunner Map Task Executor #0] mapred.LocalJobRunner: Starting task: attempt_local75475275_0048_m_000002_0
2024-04-23T20:52:24,336  INFO [LocalJobRunner Map Task Executor #0] mapred.Task:  Using ResourceCalculatorProcessTree : [ ]
2024-04-23T20:52:24,336  INFO [LocalJobRunner Map Task Executor #0] mapred.MapTask: Processing split: org.apache.hadoop.hive.ql.io.orc.OrcInputFormat:OrcSplit [file:/home/alex/Repositories/hive/ql/target/tmp/org.apache.hadoop.hive.ql.TestTxnNoBuckets-1713930630697/warehouse/t/000001_0, start=0, length=254, isOriginal=true, fileLength=254, hasFooter=false, hasBase=true, deltas=0]
2024-04-23T20:52:24,337  INFO [LocalJobRunner Map Task Executor #0] exec.SerializationUtilities: Deserializing MapWork using kryo
2024-04-23T20:52:24,337  INFO [LocalJobRunner Map Task Executor #0] exec.Utilities: Deserialized plan (via FILE) - name: null size: 4,79KB
2024-04-23T20:52:24,338  INFO [LocalJobRunner Map Task Executor #0] orc.ReaderImpl: Reading ORC rows from file:/home/alex/Repositories/hive/ql/target/tmp/org.apache.hadoop.hive.ql.TestTxnNoBuckets-1713930630697/warehouse/t/000001_0 with {include: [true, true, true], offset: 0, length: 254, schema: struct<a:int,b:int>, includeAcidColumns: true}
2024-04-23T20:52:24,338  INFO [LocalJobRunner Map Task Executor #0] mapred.MapTask: numReduceTasks: 1
2024-04-23T20:52:24,342  INFO [LocalJobRunner Map Task Executor #0] mapred.MapTask: (EQUATOR) 0 kvi 26214396(104857584)
2024-04-23T20:52:24,342  INFO [LocalJobRunner Map Task Executor #0] mapred.MapTask: mapreduce.task.io.sort.mb: 100
2024-04-23T20:52:24,343  INFO [LocalJobRunner Map Task Executor #0] mapred.MapTask: soft limit at 83886080
2024-04-23T20:52:24,343  INFO [LocalJobRunner Map Task Executor #0] mapred.MapTask: bufstart = 0; bufvoid = 104857600
2024-04-23T20:52:24,343  INFO [LocalJobRunner Map Task Executor #0] mapred.MapTask: kvstart = 26214396; length = 6553600
2024-04-23T20:52:24,343  INFO [LocalJobRunner Map Task Executor #0] mapred.MapTask: Map output collector class = org.apache.hadoop.mapred.MapTask$MapOutputBuffer
2024-04-23T20:52:24,343  INFO [LocalJobRunner Map Task Executor #0] exec.MapOperator: Initializing Operator: MAP[0]
2024-04-23T20:52:24,344  INFO [LocalJobRunner Map Task Executor #0] mr.ExecMapper: 
<MAP>Id =0
  <Children>null
  <\Children>
  <Parent><\Parent>
<\MAP>
2024-04-23T20:52:24,345  INFO [LocalJobRunner Map Task Executor #0] exec.TableScanOperator: Initializing Operator: TS[0]
2024-04-23T20:52:24,345  INFO [LocalJobRunner Map Task Executor #0] exec.SelectOperator: Initializing Operator: SEL[1]
2024-04-23T20:52:24,345  INFO [LocalJobRunner Map Task Executor #0] exec.SelectOperator: SELECT struct<a:int,b:int,input__file__name:string>
2024-04-23T20:52:24,345  INFO [LocalJobRunner Map Task Executor #0] exec.ReduceSinkOperator: Initializing Operator: RS[2]
2024-04-23T20:52:24,345  INFO [LocalJobRunner Map Task Executor #0] exec.ReduceSinkOperator: Using tag = -1
2024-04-23T20:52:24,345  INFO [LocalJobRunner Map Task Executor #0] exec.ReduceSinkOperator: keys are [reducesinkkey0, reducesinkkey1, reducesinkkey2] num distributions: 3
2024-04-23T20:52:24,346  INFO [LocalJobRunner Map Task Executor #0] exec.ReduceSinkOperator: RS[2]: records written - 1
2024-04-23T20:52:24,346  INFO [LocalJobRunner Map Task Executor #0] exec.MapOperator: MAP[0]: records read - 1
2024-04-23T20:52:24,346  INFO [LocalJobRunner Map Task Executor #0] exec.MapOperator: Closing Operator: MAP[0]
2024-04-23T20:52:24,346  INFO [LocalJobRunner Map Task Executor #0] exec.MapOperator: MAP[0]: Total records read - 1. abort - false
2024-04-23T20:52:24,346  INFO [LocalJobRunner Map Task Executor #0] exec.MapOperator: DESERIALIZE_ERRORS:0, RECORDS_IN:1, RECORDS_OUT_INTERMEDIATE:0, RECORDS_OUT_OPERATOR_MAP_0:0, 
2024-04-23T20:52:24,346  INFO [LocalJobRunner Map Task Executor #0] exec.TableScanOperator: Closing Operator: TS[0]
2024-04-23T20:52:24,346  INFO [LocalJobRunner Map Task Executor #0] exec.TableScanOperator: RECORDS_OUT_OPERATOR_TS_0:1, RECORDS_OUT_INTERMEDIATE:0, 
2024-04-23T20:52:24,346  INFO [LocalJobRunner Map Task Executor #0] exec.SelectOperator: Closing Operator: SEL[1]
2024-04-23T20:52:24,346  INFO [LocalJobRunner Map Task Executor #0] exec.SelectOperator: RECORDS_OUT_OPERATOR_SEL_1:1, RECORDS_OUT_INTERMEDIATE:0, 
2024-04-23T20:52:24,346  INFO [LocalJobRunner Map Task Executor #0] exec.ReduceSinkOperator: Closing Operator: RS[2]
2024-04-23T20:52:24,346  INFO [LocalJobRunner Map Task Executor #0] exec.ReduceSinkOperator: RS[2]: Total records written - 1. abort - false
2024-04-23T20:52:24,346  INFO [LocalJobRunner Map Task Executor #0] exec.ReduceSinkOperator: RECORDS_OUT_INTERMEDIATE:1, RECORDS_OUT_OPERATOR_RS_2:1, 
2024-04-23T20:52:24,346  INFO [LocalJobRunner Map Task Executor #0] mapred.LocalJobRunner: 
2024-04-23T20:52:24,346  INFO [LocalJobRunner Map Task Executor #0] mapred.MapTask: Starting flush of map output
2024-04-23T20:52:24,346  INFO [LocalJobRunner Map Task Executor #0] mapred.MapTask: Spilling map output
2024-04-23T20:52:24,346  INFO [LocalJobRunner Map Task Executor #0] mapred.MapTask: bufstart = 0; bufend = 146; bufvoid = 104857600
2024-04-23T20:52:24,346  INFO [LocalJobRunner Map Task Executor #0] mapred.MapTask: kvstart = 26214396(104857584); kvend = 26214396(104857584); length = 1/6553600
2024-04-23T20:52:24,354  INFO [LocalJobRunner Map Task Executor #0] mapred.MapTask: Finished spill 0
2024-04-23T20:52:24,357  INFO [LocalJobRunner Map Task Executor #0] mapred.Task: Task:attempt_local75475275_0048_m_000002_0 is done. And is in the process of committing
2024-04-23T20:52:24,358  INFO [LocalJobRunner Map Task Executor #0] mapred.LocalJobRunner: map
2024-04-23T20:52:24,358  INFO [LocalJobRunner Map Task Executor #0] mapred.Task: Task 'attempt_local75475275_0048_m_000002_0' done.
2024-04-23T20:52:24,358  INFO [LocalJobRunner Map Task Executor #0] mapred.Task: Final Counters for attempt_local75475275_0048_m_000002_0: Counters: 24
	File System Counters
		FILE: Number of bytes read=1135342
		FILE: Number of bytes written=57721478
		FILE: Number of read operations=0
		FILE: Number of large read operations=0
		FILE: Number of write operations=0
	Map-Reduce Framework
		Map input records=1
		Map output records=1
		Map output bytes=146
		Map output materialized bytes=155
		Input split bytes=451
		Combine input records=0
		Spilled Records=1
		Failed Shuffles=0
		Merged Map outputs=0
		GC time elapsed (ms)=0
		Total committed heap usage (bytes)=1205862400
	HIVE
		DESERIALIZE_ERRORS=0
		RECORDS_IN=1
		RECORDS_OUT_INTERMEDIATE=1
		RECORDS_OUT_OPERATOR_MAP_0=0
		RECORDS_OUT_OPERATOR_RS_2=1
		RECORDS_OUT_OPERATOR_SEL_1=1
		RECORDS_OUT_OPERATOR_TS_0=1
	File Input Format Counters 
		Bytes Read=5917
2024-04-23T20:52:24,358  INFO [LocalJobRunner Map Task Executor #0] mapred.LocalJobRunner: Finishing task: attempt_local75475275_0048_m_000002_0
2024-04-23T20:52:24,358  INFO [LocalJobRunner Map Task Executor #0] mapred.LocalJobRunner: Starting task: attempt_local75475275_0048_m_000003_0
2024-04-23T20:52:24,358  INFO [LocalJobRunner Map Task Executor #0] mapred.Task:  Using ResourceCalculatorProcessTree : [ ]
2024-04-23T20:52:24,359  INFO [LocalJobRunner Map Task Executor #0] mapred.MapTask: Processing split: org.apache.hadoop.hive.ql.io.orc.OrcInputFormat:OrcSplit [file:/home/alex/Repositories/hive/ql/target/tmp/org.apache.hadoop.hive.ql.TestTxnNoBuckets-1713930630697/warehouse/t/000000_0_copy_1, start=0, length=241, isOriginal=true, fileLength=241, hasFooter=false, hasBase=true, deltas=0]
2024-04-23T20:52:24,359  INFO [LocalJobRunner Map Task Executor #0] exec.SerializationUtilities: Deserializing MapWork using kryo
2024-04-23T20:52:24,360  INFO [LocalJobRunner Map Task Executor #0] exec.Utilities: Deserialized plan (via FILE) - name: null size: 4,79KB
2024-04-23T20:52:24,361  INFO [LocalJobRunner Map Task Executor #0] orc.ReaderImpl: Reading ORC rows from file:/home/alex/Repositories/hive/ql/target/tmp/org.apache.hadoop.hive.ql.TestTxnNoBuckets-1713930630697/warehouse/t/000000_0_copy_1 with {include: [true, true, true], offset: 0, length: 241, schema: struct<a:int,b:int>, includeAcidColumns: true}
2024-04-23T20:52:24,361  INFO [LocalJobRunner Map Task Executor #0] mapred.MapTask: numReduceTasks: 1
2024-04-23T20:52:24,365  INFO [LocalJobRunner Map Task Executor #0] mapred.MapTask: (EQUATOR) 0 kvi 26214396(104857584)
2024-04-23T20:52:24,365  INFO [LocalJobRunner Map Task Executor #0] mapred.MapTask: mapreduce.task.io.sort.mb: 100
2024-04-23T20:52:24,365  INFO [LocalJobRunner Map Task Executor #0] mapred.MapTask: soft limit at 83886080
2024-04-23T20:52:24,365  INFO [LocalJobRunner Map Task Executor #0] mapred.MapTask: bufstart = 0; bufvoid = 104857600
2024-04-23T20:52:24,365  INFO [LocalJobRunner Map Task Executor #0] mapred.MapTask: kvstart = 26214396; length = 6553600
2024-04-23T20:52:24,366  INFO [LocalJobRunner Map Task Executor #0] mapred.MapTask: Map output collector class = org.apache.hadoop.mapred.MapTask$MapOutputBuffer
2024-04-23T20:52:24,366  INFO [LocalJobRunner Map Task Executor #0] exec.MapOperator: Initializing Operator: MAP[0]
2024-04-23T20:52:24,367  INFO [LocalJobRunner Map Task Executor #0] mr.ExecMapper: 
<MAP>Id =0
  <Children>null
  <\Children>
  <Parent><\Parent>
<\MAP>
2024-04-23T20:52:24,367  INFO [LocalJobRunner Map Task Executor #0] exec.TableScanOperator: Initializing Operator: TS[0]
2024-04-23T20:52:24,367  INFO [LocalJobRunner Map Task Executor #0] exec.SelectOperator: Initializing Operator: SEL[1]
2024-04-23T20:52:24,368  INFO [LocalJobRunner Map Task Executor #0] exec.SelectOperator: SELECT struct<a:int,b:int,input__file__name:string>
2024-04-23T20:52:24,368  INFO [LocalJobRunner Map Task Executor #0] exec.ReduceSinkOperator: Initializing Operator: RS[2]
2024-04-23T20:52:24,368  INFO [LocalJobRunner Map Task Executor #0] exec.ReduceSinkOperator: Using tag = -1
2024-04-23T20:52:24,368  INFO [LocalJobRunner Map Task Executor #0] exec.ReduceSinkOperator: keys are [reducesinkkey0, reducesinkkey1, reducesinkkey2] num distributions: 3
2024-04-23T20:52:24,368  INFO [LocalJobRunner Map Task Executor #0] exec.ReduceSinkOperator: RS[2]: records written - 1
2024-04-23T20:52:24,368  INFO [LocalJobRunner Map Task Executor #0] exec.MapOperator: MAP[0]: records read - 1
2024-04-23T20:52:24,368  INFO [LocalJobRunner Map Task Executor #0] exec.MapOperator: Closing Operator: MAP[0]
2024-04-23T20:52:24,368  INFO [LocalJobRunner Map Task Executor #0] exec.MapOperator: MAP[0]: Total records read - 1. abort - false
2024-04-23T20:52:24,368  INFO [LocalJobRunner Map Task Executor #0] exec.MapOperator: DESERIALIZE_ERRORS:0, RECORDS_OUT_OPERATOR_MAP_0:0, RECORDS_OUT_INTERMEDIATE:0, RECORDS_IN:1, 
2024-04-23T20:52:24,368  INFO [LocalJobRunner Map Task Executor #0] exec.TableScanOperator: Closing Operator: TS[0]
2024-04-23T20:52:24,368  INFO [LocalJobRunner Map Task Executor #0] exec.TableScanOperator: RECORDS_OUT_OPERATOR_TS_0:1, RECORDS_OUT_INTERMEDIATE:0, 
2024-04-23T20:52:24,368  INFO [LocalJobRunner Map Task Executor #0] exec.SelectOperator: Closing Operator: SEL[1]
2024-04-23T20:52:24,368  INFO [LocalJobRunner Map Task Executor #0] exec.SelectOperator: RECORDS_OUT_OPERATOR_SEL_1:1, RECORDS_OUT_INTERMEDIATE:0, 
2024-04-23T20:52:24,368  INFO [LocalJobRunner Map Task Executor #0] exec.ReduceSinkOperator: Closing Operator: RS[2]
2024-04-23T20:52:24,368  INFO [LocalJobRunner Map Task Executor #0] exec.ReduceSinkOperator: RS[2]: Total records written - 1. abort - false
2024-04-23T20:52:24,368  INFO [LocalJobRunner Map Task Executor #0] exec.ReduceSinkOperator: RECORDS_OUT_INTERMEDIATE:1, RECORDS_OUT_OPERATOR_RS_2:1, 
2024-04-23T20:52:24,369  INFO [LocalJobRunner Map Task Executor #0] mapred.LocalJobRunner: 
2024-04-23T20:52:24,369  INFO [LocalJobRunner Map Task Executor #0] mapred.MapTask: Starting flush of map output
2024-04-23T20:52:24,369  INFO [LocalJobRunner Map Task Executor #0] mapred.MapTask: Spilling map output
2024-04-23T20:52:24,369  INFO [LocalJobRunner Map Task Executor #0] mapred.MapTask: bufstart = 0; bufend = 153; bufvoid = 104857600
2024-04-23T20:52:24,369  INFO [LocalJobRunner Map Task Executor #0] mapred.MapTask: kvstart = 26214396(104857584); kvend = 26214396(104857584); length = 1/6553600
2024-04-23T20:52:24,376  INFO [LocalJobRunner Map Task Executor #0] mapred.MapTask: Finished spill 0
2024-04-23T20:52:24,379  INFO [LocalJobRunner Map Task Executor #0] mapred.Task: Task:attempt_local75475275_0048_m_000003_0 is done. And is in the process of committing
2024-04-23T20:52:24,379  INFO [LocalJobRunner Map Task Executor #0] mapred.LocalJobRunner: map
2024-04-23T20:52:24,379  INFO [LocalJobRunner Map Task Executor #0] mapred.Task: Task 'attempt_local75475275_0048_m_000003_0' done.
2024-04-23T20:52:24,380  INFO [LocalJobRunner Map Task Executor #0] mapred.Task: Final Counters for attempt_local75475275_0048_m_000003_0: Counters: 24
	File System Counters
		FILE: Number of bytes read=1142026
		FILE: Number of bytes written=57721672
		FILE: Number of read operations=0
		FILE: Number of large read operations=0
		FILE: Number of write operations=0
	Map-Reduce Framework
		Map input records=1
		Map output records=1
		Map output bytes=153
		Map output materialized bytes=162
		Input split bytes=459
		Combine input records=0
		Spilled Records=1
		Failed Shuffles=0
		Merged Map outputs=0
		GC time elapsed (ms)=0
		Total committed heap usage (bytes)=1205862400
	HIVE
		DESERIALIZE_ERRORS=0
		RECORDS_IN=1
		RECORDS_OUT_INTERMEDIATE=1
		RECORDS_OUT_OPERATOR_MAP_0=0
		RECORDS_OUT_OPERATOR_RS_2=1
		RECORDS_OUT_OPERATOR_SEL_1=1
		RECORDS_OUT_OPERATOR_TS_0=1
	File Input Format Counters 
		Bytes Read=5865
2024-04-23T20:52:24,380  INFO [LocalJobRunner Map Task Executor #0] mapred.LocalJobRunner: Finishing task: attempt_local75475275_0048_m_000003_0
2024-04-23T20:52:24,380  INFO [Thread-3109] mapred.LocalJobRunner: map task executor complete.
2024-04-23T20:52:24,380  INFO [Thread-3109] mapred.LocalJobRunner: Waiting for reduce tasks
2024-04-23T20:52:24,381  INFO [pool-211-thread-1] mapred.LocalJobRunner: Starting task: attempt_local75475275_0048_r_000000_0
2024-04-23T20:52:24,381  INFO [pool-211-thread-1] mapred.Task:  Using ResourceCalculatorProcessTree : [ ]
2024-04-23T20:52:24,381  INFO [pool-211-thread-1] mapred.ReduceTask: Using ShuffleConsumerPlugin: org.apache.hadoop.mapreduce.task.reduce.Shuffle@16228e4e
2024-04-23T20:52:24,381  WARN [pool-211-thread-1] impl.MetricsSystemImpl: JobTracker metrics system already initialized!
2024-04-23T20:52:24,383  INFO [pool-211-thread-1] reduce.MergeManagerImpl: MergerManager: memoryLimit=1336252800, maxSingleShuffleLimit=334063200, mergeThreshold=881926912, ioSortFactor=10, memToMemMergeOutputsThreshold=10
2024-04-23T20:52:24,383  INFO [EventFetcher for fetching Map Completion Events] reduce.EventFetcher: attempt_local75475275_0048_r_000000_0 Thread started: EventFetcher for fetching Map Completion Events
2024-04-23T20:52:24,386  INFO [localfetcher#30] reduce.LocalFetcher: localfetcher#30 about to shuffle output of map attempt_local75475275_0048_m_000001_0 decomp: 300 len: 304 to MEMORY
2024-04-23T20:52:24,386  INFO [localfetcher#30] reduce.InMemoryMapOutput: Read 300 bytes from map-output for attempt_local75475275_0048_m_000001_0
2024-04-23T20:52:24,386  INFO [localfetcher#30] reduce.MergeManagerImpl: closeInMemoryFile -> map-output of size: 300, inMemoryMapOutputs.size() -> 1, commitMemory -> 0, usedMemory ->300
2024-04-23T20:52:24,389  INFO [localfetcher#30] reduce.LocalFetcher: localfetcher#30 about to shuffle output of map attempt_local75475275_0048_m_000002_0 decomp: 151 len: 155 to MEMORY
2024-04-23T20:52:24,389  INFO [localfetcher#30] reduce.InMemoryMapOutput: Read 151 bytes from map-output for attempt_local75475275_0048_m_000002_0
2024-04-23T20:52:24,389  INFO [localfetcher#30] reduce.MergeManagerImpl: closeInMemoryFile -> map-output of size: 151, inMemoryMapOutputs.size() -> 2, commitMemory -> 300, usedMemory ->451
2024-04-23T20:52:24,391  INFO [localfetcher#30] reduce.LocalFetcher: localfetcher#30 about to shuffle output of map attempt_local75475275_0048_m_000000_0 decomp: 300 len: 304 to MEMORY
2024-04-23T20:52:24,391  INFO [localfetcher#30] reduce.InMemoryMapOutput: Read 300 bytes from map-output for attempt_local75475275_0048_m_000000_0
2024-04-23T20:52:24,391  INFO [localfetcher#30] reduce.MergeManagerImpl: closeInMemoryFile -> map-output of size: 300, inMemoryMapOutputs.size() -> 3, commitMemory -> 451, usedMemory ->751
2024-04-23T20:52:24,393  INFO [localfetcher#30] reduce.LocalFetcher: localfetcher#30 about to shuffle output of map attempt_local75475275_0048_m_000003_0 decomp: 158 len: 162 to MEMORY
2024-04-23T20:52:24,394  INFO [localfetcher#30] reduce.InMemoryMapOutput: Read 158 bytes from map-output for attempt_local75475275_0048_m_000003_0
2024-04-23T20:52:24,394  INFO [localfetcher#30] reduce.MergeManagerImpl: closeInMemoryFile -> map-output of size: 158, inMemoryMapOutputs.size() -> 4, commitMemory -> 751, usedMemory ->909
2024-04-23T20:52:24,394  INFO [EventFetcher for fetching Map Completion Events] reduce.EventFetcher: EventFetcher is interrupted.. Returning
2024-04-23T20:52:24,394  INFO [pool-211-thread-1] mapred.LocalJobRunner: 4 / 4 copied.
2024-04-23T20:52:24,394  INFO [pool-211-thread-1] reduce.MergeManagerImpl: finalMerge called with 4 in-memory map-outputs and 0 on-disk map-outputs
2024-04-23T20:52:24,401  INFO [pool-211-thread-1] mapred.Merger: Merging 4 sorted segments
2024-04-23T20:52:24,401  INFO [pool-211-thread-1] mapred.Merger: Down to the last merge-pass, with 4 segments left of total size: 322 bytes
2024-04-23T20:52:24,404  INFO [pool-211-thread-1] reduce.MergeManagerImpl: Merged 4 segments, 909 bytes to disk to satisfy reduce memory limit
2024-04-23T20:52:24,404  INFO [pool-211-thread-1] reduce.MergeManagerImpl: Merging 1 files, 907 bytes from disk
2024-04-23T20:52:24,404  INFO [pool-211-thread-1] reduce.MergeManagerImpl: Merging 0 segments, 0 bytes from memory into reduce
2024-04-23T20:52:24,404  INFO [pool-211-thread-1] mapred.Merger: Merging 1 sorted segments
2024-04-23T20:52:24,404  INFO [pool-211-thread-1] mapred.Merger: Down to the last merge-pass, with 1 segments left of total size: 758 bytes
2024-04-23T20:52:24,404  INFO [pool-211-thread-1] mapred.LocalJobRunner: 4 / 4 copied.
2024-04-23T20:52:24,405  INFO [pool-211-thread-1] exec.SerializationUtilities: Deserializing ReduceWork using kryo
2024-04-23T20:52:24,405  INFO [pool-211-thread-1] exec.Utilities: Deserialized plan (via FILE) - name: null size: 5,69KB
2024-04-23T20:52:24,406  INFO [pool-211-thread-1] ExecReducer: 
<SEL>Id =3
  <Children>
    <FS>Id =4
      <Children>
      <\Children>
      <Parent>Id = 3 null<\Parent>
    <\FS>
  <\Children>
  <Parent><\Parent>
<\SEL>
2024-04-23T20:52:24,406  INFO [pool-211-thread-1] exec.SelectOperator: Initializing Operator: SEL[3]
2024-04-23T20:52:24,406  INFO [pool-211-thread-1] exec.SelectOperator: SELECT struct<key:struct<reducesinkkey0:int,reducesinkkey1:int,reducesinkkey2:string>,value:struct<>>
2024-04-23T20:52:24,406  INFO [pool-211-thread-1] exec.FileSinkOperator: Initializing Operator: FS[4]
2024-04-23T20:52:24,407  INFO [pool-211-thread-1] exec.FileSinkOperator: Using serializer : class org.apache.hadoop.hive.serde2.lazy.LazySimpleSerDe [serdeParams=org.apache.hadoop.hive.serde2.lazy.LazySerDeParameters@341a7d67, cachedObjectInspector=org.apache.hadoop.hive.serde2.lazy.objectinspector.LazySimpleStructObjectInspector<org.apache.hadoop.hive.serde2.lazy.objectinspector.primitive.LazyIntObjectInspector@3e3b41cb,org.apache.hadoop.hive.serde2.lazy.objectinspector.primitive.LazyIntObjectInspector@3e3b41cb,org.apache.hadoop.hive.serde2.lazy.objectinspector.primitive.LazyStringObjectInspector@441a2d52>, serializedSize=0, stats=org.apache.hadoop.hive.serde2.SerDeStats@d68d09, lastOperationSerialize=false, lastOperationDeserialize=false [1, 2, 3, 4, 5, 6, 7, 8, 11, 14, 15, 16, 17, 18, 19, 20, 21, 22, 23, 24, 25, 26, 28, 29, 30, 31, -128, -127, -126, -125, -124, -123, -122, -121, -120, -119, -118, -117, -116, -115, -114, -113, -112, -111, -110, -109, -108, -107, -106, -105, -104, -103, -102, -101, -100, -99, -98, -97, -96, -95, -94, -93, -92, -91, -90, -89, -88, -87, -86, -85, -84, -83, -82, -81, -80, -79, -78, -77, -76, -75, -74, -73, -72, -71, -70, -69, -68, -67, -66, -65, -64, -63, -62, -61, -60, -59, -58, -57, -56, -55, -54, -53, -52, -51, -50, -49, -48, -47, -46, -45, -44, -43, -42, -41, -40, -39, -38, -37, -36, -35, -34, -33, -32, -31, -30, -29, -28, -27, -26, -25, -24, -23, -22, -21, -20, -19, -18, -17, -16, -15, -14, -13, -12, -11, -10, -9, -8, -7, -6, -5, -4, -3, -2, -1] : [_col0, _col1, _col2] : [int, int, string]] and formatter : org.apache.hadoop.hive.ql.io.HiveSequenceFileOutputFormat@38f7e1a7
2024-04-23T20:52:24,407  INFO [pool-211-thread-1] exec.FileSinkOperator: Final Path: FS file:/home/alex/Repositories/hive/ql/target/tmp/localscratchdir/7ebc01d5-15d9-4723-a951-b8cae7daded8/hive_2024-04-23_20-52-23_850_524391477121658766-1/-mr-10001/.hive-staging_hive_2024-04-23_20-52-23_850_524391477121658766-1/_tmp.-ext-10002/000000_0
2024-04-23T20:52:24,407  INFO [pool-211-thread-1] exec.FileSinkOperator: Writing to temp file: FS file:/home/alex/Repositories/hive/ql/target/tmp/localscratchdir/7ebc01d5-15d9-4723-a951-b8cae7daded8/hive_2024-04-23_20-52-23_850_524391477121658766-1/-mr-10001/.hive-staging_hive_2024-04-23_20-52-23_850_524391477121658766-1/_task_tmp.-ext-10002/_tmp.000000_0
2024-04-23T20:52:24,407  INFO [pool-211-thread-1] exec.FileSinkOperator: New Final Path: FS file:/home/alex/Repositories/hive/ql/target/tmp/localscratchdir/7ebc01d5-15d9-4723-a951-b8cae7daded8/hive_2024-04-23_20-52-23_850_524391477121658766-1/-mr-10001/.hive-staging_hive_2024-04-23_20-52-23_850_524391477121658766-1/_tmp.-ext-10002/000000_0
2024-04-23T20:52:24,414  INFO [pool-211-thread-1] exec.FileSinkOperator: FS[4]: records written - 1
2024-04-23T20:52:24,414  INFO [pool-211-thread-1] exec.SelectOperator: Closing Operator: SEL[3]
2024-04-23T20:52:24,414  INFO [pool-211-thread-1] exec.SelectOperator: RECORDS_OUT_INTERMEDIATE:0, RECORDS_OUT_OPERATOR_SEL_3:6, 
2024-04-23T20:52:24,414  INFO [pool-211-thread-1] exec.FileSinkOperator: Closing Operator: FS[4]
2024-04-23T20:52:24,414  INFO [pool-211-thread-1] exec.FileSinkOperator: FS[4]: records written - 6
2024-04-23T20:52:24,415  INFO [pool-211-thread-1] exec.FileSinkOperator: RECORDS_OUT_OPERATOR_FS_4:6, RECORDS_OUT_0:6, RECORDS_OUT_INTERMEDIATE:0, 
2024-04-23T20:52:24,415  INFO [pool-211-thread-1] mapred.Task: Task:attempt_local75475275_0048_r_000000_0 is done. And is in the process of committing
2024-04-23T20:52:24,415  INFO [pool-211-thread-1] mapred.LocalJobRunner: reduce > reduce
2024-04-23T20:52:24,415  INFO [pool-211-thread-1] mapred.Task: Task 'attempt_local75475275_0048_r_000000_0' done.
2024-04-23T20:52:24,415  INFO [pool-211-thread-1] mapred.Task: Final Counters for attempt_local75475275_0048_r_000000_0: Counters: 29
	File System Counters
		FILE: Number of bytes read=1149733
		FILE: Number of bytes written=57723550
		FILE: Number of read operations=0
		FILE: Number of large read operations=0
		FILE: Number of write operations=0
	Map-Reduce Framework
		Combine input records=0
		Combine output records=0
		Reduce input groups=6
		Reduce shuffle bytes=925
		Reduce input records=6
		Reduce output records=0
		Spilled Records=6
		Shuffled Maps =4
		Failed Shuffles=0
		Merged Map outputs=4
		GC time elapsed (ms)=0
		Total committed heap usage (bytes)=1205862400
	HIVE
		CREATED_FILES=1
		RECORDS_OUT_0=6
		RECORDS_OUT_INTERMEDIATE=0
		RECORDS_OUT_OPERATOR_FS_4=6
		RECORDS_OUT_OPERATOR_SEL_3=6
	Shuffle Errors
		BAD_ID=0
		CONNECTION=0
		IO_ERROR=0
		WRONG_LENGTH=0
		WRONG_MAP=0
		WRONG_REDUCE=0
	File Output Format Counters 
		Bytes Written=0
2024-04-23T20:52:24,415  INFO [pool-211-thread-1] mapred.LocalJobRunner: Finishing task: attempt_local75475275_0048_r_000000_0
2024-04-23T20:52:24,415  INFO [Thread-3109] mapred.LocalJobRunner: reduce task executor complete.
2024-04-23T20:52:25,248  INFO [Heartbeater-0] lockmgr.DbTxnManager: Sending heartbeat for txnid:18 and lockid:0 queryId=null txnid:0
2024-04-23T20:52:25,251  INFO [Heartbeater-0] metastore.HiveMetaStoreClient: HMS client filtering is enabled.
2024-04-23T20:52:25,251  INFO [Heartbeater-0] metastore.HMSHandler: 13: Opening raw store with implementation class:org.apache.hadoop.hive.metastore.ObjectStore
2024-04-23T20:52:25,251  INFO [Heartbeater-0] metastore.PersistenceManagerProvider: Configuration datanucleus.autoStartMechanismMode is not set. Defaulting to 'ignored'
2024-04-23T20:52:25,252  INFO [Heartbeater-0] metastore.ObjectStore: RawStore: org.apache.hadoop.hive.metastore.ObjectStore@43c9842a, with PersistenceManager: null will be shutdown
2024-04-23T20:52:25,252  INFO [Heartbeater-0] metastore.ObjectStore: RawStore: org.apache.hadoop.hive.metastore.ObjectStore@43c9842a, with PersistenceManager: org.datanucleus.api.jdo.JDOPersistenceManager@20049cff created in the thread with id: 49
2024-04-23T20:52:25,270  INFO [Heartbeater-0] metastore.HMSHandler: Created RawStore: org.apache.hadoop.hive.metastore.ObjectStore@43c9842a from thread id: 49
2024-04-23T20:52:25,271  INFO [Heartbeater-0] metastore.HMSHandler: HMS server filtering is disabled by configuration
2024-04-23T20:52:25,271  INFO [Heartbeater-0] metastore.RetryingMetaStoreClient: RetryingMetaStoreClient proxy=class org.apache.hadoop.hive.ql.metadata.SessionHiveMetaStoreClient ugi=alex (auth:SIMPLE) retries=1 delay=1 lifetime=0
2024-04-23 20:52:25,281 Stage-1 map = 100%,  reduce = 100%
2024-04-23T20:52:25,281  INFO [main] exec.Task: 2024-04-23 20:52:25,281 Stage-1 map = 100%,  reduce = 100%
Ended Job = job_local75475275_0048
2024-04-23T20:52:25,282  INFO [main] exec.Task: Ended Job = job_local75475275_0048
2024-04-23T20:52:25,284  INFO [main] metadata.Hive: Dumping metastore api call timing information for : execution phase
2024-04-23T20:52:25,284  INFO [main] metadata.Hive: Total time spent in each metastore function (ms): {}
MapReduce Jobs Launched: 
2024-04-23T20:52:25,284  INFO [main] ql.Driver: MapReduce Jobs Launched: 
Stage-Stage-1:  HDFS Read: 0 HDFS Write: 0 SUCCESS
2024-04-23T20:52:25,284  INFO [main] ql.Driver: Stage-Stage-1:  HDFS Read: 0 HDFS Write: 0 SUCCESS
Total MapReduce CPU Time Spent: 0 msec
2024-04-23T20:52:25,284  INFO [main] ql.Driver: Total MapReduce CPU Time Spent: 0 msec
2024-04-23T20:52:25,284  INFO [main] ql.Driver: Completed executing command(queryId=alex_20240423205217_9ab479aa-e9a9-47fe-91ff-f022a5ff0d42); Time taken: 1.292 seconds
2024-04-23T20:52:25,284  INFO [main] lockmgr.DbTxnManager: Stopped heartbeat for query: alex_20240423205217_9ab479aa-e9a9-47fe-91ff-f022a5ff0d42
2024-04-23T20:52:25,288  INFO [main] txn.TxnHandler: Expected to move at least one record from txn_components to completed_txn_components when committing txn! txnid:18
2024-04-23T20:52:25,292  INFO [main] txn.TxnHandler: Removed transactions: ([18]) from MIN_HISTORY_LEVEL
2024-04-23T20:52:25,293  WARN [main] txn.CompactionTxnHandler: No compaction queue record found for Compaction type transaction commit. txnId:18
2024-04-23T20:52:25,296  INFO [main] mapred.FileInputFormat: Total input files to process : 1
2024-04-23T20:52:25,297  INFO [main] exec.ListSinkOperator: Closing Operator: LIST_SINK[5]
2024-04-23T20:52:25,297  INFO [main] exec.ListSinkOperator: RECORDS_OUT_INTERMEDIATE:0, RECORDS_OUT_OPERATOR_LIST_SINK_5:6, 
2024-04-23T20:52:25,297  WARN [main] ql.TestTxnNoBuckets: null: read data(before converting to acid): 
2024-04-23T20:52:25,297  INFO [main] ql.TestTxnNoBuckets: 1	2	file:/home/alex/Repositories/hive/ql/target/tmp/org.apache.hadoop.hive.ql.TestTxnNoBuckets-1713930630697/warehouse/t/000002_0
2	4	file:/home/alex/Repositories/hive/ql/target/tmp/org.apache.hadoop.hive.ql.TestTxnNoBuckets-1713930630697/warehouse/t/000002_0
5	6	file:/home/alex/Repositories/hive/ql/target/tmp/org.apache.hadoop.hive.ql.TestTxnNoBuckets-1713930630697/warehouse/t/000000_0
6	8	file:/home/alex/Repositories/hive/ql/target/tmp/org.apache.hadoop.hive.ql.TestTxnNoBuckets-1713930630697/warehouse/t/000001_0
9	10	file:/home/alex/Repositories/hive/ql/target/tmp/org.apache.hadoop.hive.ql.TestTxnNoBuckets-1713930630697/warehouse/t/000000_0
12	12	file:/home/alex/Repositories/hive/ql/target/tmp/org.apache.hadoop.hive.ql.TestTxnNoBuckets-1713930630697/warehouse/t/000000_0_copy_1

2024-04-23T20:52:25,298  INFO [main] ql.Context: Deleting scratch dir: file:/home/alex/Repositories/hive/ql/target/tmp/localscratchdir/7ebc01d5-15d9-4723-a951-b8cae7daded8/hive_2024-04-23_20-52-23_850_524391477121658766-1
2024-04-23T20:52:25,298  INFO [main] cleanup.SyncCleanupService: Deleted directory: file:/home/alex/Repositories/hive/ql/target/tmp/localscratchdir/7ebc01d5-15d9-4723-a951-b8cae7daded8/hive_2024-04-23_20-52-23_850_524391477121658766-1 on fs with scheme file
2024-04-23T20:52:25,299  INFO [main] ql.TxnCommandsBaseForTests: Running the query: insert into T(a,b) select a * 10, b * 10 from acidTbl where a between 1 and 3 group by a, b union all select a * 10, b * 10 from acidTbl where a between 5 and 7
2024-04-23T20:52:25,299  INFO [main] ql.Driver: Compiling command(queryId=alex_20240423205225_ad2b6bc0-5c2b-40d6-8b3b-1bad0dff0e1c): insert into T(a,b) select a * 10, b * 10 from acidTbl where a between 1 and 3 group by a, b union all select a * 10, b * 10 from acidTbl where a between 5 and 7
2024-04-23T20:52:25,302  INFO [main] txn.TxnHandler: Added entries to MIN_HISTORY_LEVEL for current txns: ([19]) with min_open_txn: 19
2024-04-23T20:52:25,302  INFO [main] lockmgr.DbTxnManager: Opened txnid:19
2024-04-23T20:52:25,303  INFO [main] parse.CalcitePlanner: Starting caching scope for: alex_20240423205225_ad2b6bc0-5c2b-40d6-8b3b-1bad0dff0e1c
2024-04-23T20:52:25,303  INFO [main] parse.CalcitePlanner: Starting Semantic Analysis
2024-04-23T20:52:25,306  INFO [main] HiveMetaStore.audit: ugi=alex	ip=unknown-ip-addr	cmd=get_table : tbl=hive.default.T	
2024-04-23T20:52:25,315  INFO [main] metastore.HMSHandler: Skipping translation for processor with null
2024-04-23T20:52:25,315  INFO [main] parse.CalcitePlanner: Completed phase 1 of Semantic Analysis
2024-04-23T20:52:25,315  INFO [main] parse.CalcitePlanner: Get metadata for source tables
2024-04-23T20:52:25,315  INFO [main] parse.CalcitePlanner: Get metadata for subqueries
2024-04-23T20:52:25,315  INFO [main] parse.CalcitePlanner: Get metadata for source tables
2024-04-23T20:52:25,316  INFO [main] HiveMetaStore.audit: ugi=alex	ip=unknown-ip-addr	cmd=get_table : tbl=hive.default.acidtbl	
2024-04-23T20:52:25,323  INFO [main] metastore.HMSHandler: Skipping translation for processor with null
2024-04-23T20:52:25,323  INFO [main] parse.CalcitePlanner: Get metadata for subqueries
2024-04-23T20:52:25,323  INFO [main] parse.CalcitePlanner: Get metadata for destination tables
2024-04-23T20:52:25,323  INFO [main] parse.CalcitePlanner: Get metadata for source tables
2024-04-23T20:52:25,323  INFO [main] parse.CalcitePlanner: Get metadata for subqueries
2024-04-23T20:52:25,323  INFO [main] parse.CalcitePlanner: Get metadata for destination tables
2024-04-23T20:52:25,323  INFO [main] parse.CalcitePlanner: Get metadata for destination tables
2024-04-23T20:52:25,324  INFO [main] HiveMetaStore.audit: ugi=alex	ip=unknown-ip-addr	cmd=get_table : tbl=hive.default.T	
2024-04-23T20:52:25,332  INFO [main] metastore.HMSHandler: Skipping translation for processor with null
2024-04-23T20:52:25,332  INFO [main] parse.CalcitePlanner: Completed getting MetaData in Semantic Analysis
2024-04-23T20:52:25,332  INFO [main] parse.CalcitePlanner: Disabling LLAP IO encode as ETL query is detected
2024-04-23T20:52:25,344  INFO [main] HiveMetaStore.audit: ugi=alex	ip=unknown-ip-addr	cmd=get_all_table_constraints : tbl=hive.default.acidtbl	
2024-04-23T20:52:25,352  INFO [main] HiveMetaStore.audit: ugi=alex	ip=unknown-ip-addr	cmd=get_all_table_constraints : tbl=hive.default.acidtbl	
2024-04-23T20:52:25,379  INFO [main] calcite.RelOptHiveTable: Calculating column statistics for default.acidtbl, projIndxSet: [0, 1], allowMissingStats: true
2024-04-23T20:52:25,379  INFO [main] HiveMetaStore.audit: ugi=alex	ip=unknown-ip-addr	cmd=get_table_statistics_req: table=hive.default.acidtbl	
2024-04-23T20:52:25,388  WARN [main] calcite.RelOptHiveTable: No Stats for default@acidtbl, Columns: b, a
No Stats for default@acidtbl, Columns: b, a
2024-04-23T20:52:25,388  INFO [main] SessionState: No Stats for default@acidtbl, Columns: b, a
2024-04-23T20:52:25,468  INFO [main] parse.CalcitePlanner: Get metadata for source tables
2024-04-23T20:52:25,468  INFO [main] parse.CalcitePlanner: Get metadata for subqueries
2024-04-23T20:52:25,468  INFO [main] parse.CalcitePlanner: Get metadata for source tables
2024-04-23T20:52:25,468  INFO [main] parse.CalcitePlanner: Get metadata for subqueries
2024-04-23T20:52:25,468  INFO [main] parse.CalcitePlanner: Get metadata for destination tables
2024-04-23T20:52:25,468  INFO [main] parse.CalcitePlanner: Get metadata for source tables
2024-04-23T20:52:25,468  INFO [main] parse.CalcitePlanner: Get metadata for subqueries
2024-04-23T20:52:25,468  INFO [main] parse.CalcitePlanner: Get metadata for destination tables
2024-04-23T20:52:25,468  INFO [main] parse.CalcitePlanner: Get metadata for destination tables
2024-04-23T20:52:25,472  INFO [main] common.FileUtils: Creating directory if it doesn't exist: file:/home/alex/Repositories/hive/ql/target/tmp/org.apache.hadoop.hive.ql.TestTxnNoBuckets-1713930630697/warehouse/t/.hive-staging_hive_2024-04-23_20-52-25_299_7644929326832271133-1
2024-04-23T20:52:25,475  INFO [main] HiveMetaStore.audit: ugi=alex	ip=unknown-ip-addr	cmd=get_not_null_constraints : tbl=hive.default.t	
2024-04-23T20:52:25,476  INFO [main] HiveMetaStore.audit: ugi=alex	ip=unknown-ip-addr	cmd=get_check_constraints : tbl=hive.default.t	
2024-04-23T20:52:25,480  INFO [main] parse.CalcitePlanner: CBO Succeeded; optimized logical plan.
2024-04-23T20:52:25,485  INFO [main] optimizer.ColumnPrunerProcFactory: RS 4 oldColExprMap: {KEY._col1=Column[_col1], KEY._col0=Column[_col0]}
2024-04-23T20:52:25,486  INFO [main] optimizer.ColumnPrunerProcFactory: RS 4 newColExprMap: {KEY._col0=Column[_col0], KEY._col1=Column[_col1]}
2024-04-23T20:52:25,489  INFO [main] optimizer.SortedDynPartitionOptimizer: Sorted dynamic partitioning optimization kicked in..
2024-04-23T20:52:25,489  INFO [main] optimizer.SortedDynPartitionOptimizer: Sorted dynamic partitioning optimization kicked in..
2024-04-23T20:52:25,498  INFO [main] HiveMetaStore.audit: ugi=alex	ip=unknown-ip-addr	cmd=get_table : tbl=hive.default.t	
2024-04-23T20:52:25,507  INFO [main] metastore.HMSHandler: Skipping translation for processor with null
2024-04-23T20:52:25,515  INFO [main] physical.Vectorizer: Examining input format to see if vectorization is enabled.
2024-04-23T20:52:25,516  INFO [main] physical.Vectorizer: Vectorization is enabled for input format(s) [org.apache.hadoop.hive.ql.io.orc.OrcInputFormat]
2024-04-23T20:52:25,516  INFO [main] physical.Vectorizer: Validating and vectorizing MapWork... (vectorizedVertexNum 0)
2024-04-23T20:52:25,516  INFO [main] physical.Vectorizer: Vector GROUP BY operator will use processing mode HASH
2024-04-23T20:52:25,517  INFO [main] physical.Vectorizer: Map vectorization enabled: true
2024-04-23T20:52:25,517  INFO [main] physical.Vectorizer: Map vectorized: true
2024-04-23T20:52:25,517  INFO [main] physical.Vectorizer: Map vectorizedVertexNum: 0
2024-04-23T20:52:25,517  INFO [main] physical.Vectorizer: Map enabledConditionsMet: [hive.vectorized.use.vectorized.input.format IS true]
2024-04-23T20:52:25,517  INFO [main] physical.Vectorizer: Map inputFileFormatClassNameSet: [org.apache.hadoop.hive.ql.io.orc.OrcInputFormat]
2024-04-23T20:52:25,517  INFO [main] physical.Vectorizer: Reduce vectorization enabled: false
2024-04-23T20:52:25,517  INFO [main] physical.Vectorizer: Reduce vectorized: false
2024-04-23T20:52:25,517  INFO [main] physical.Vectorizer: Reduce vectorizedVertexNum: 1
2024-04-23T20:52:25,518  INFO [main] physical.Vectorizer: Reducer hive.vectorized.execution.reduce.enabled: true
2024-04-23T20:52:25,518  INFO [main] physical.Vectorizer: Reducer engine: mr
2024-04-23T20:52:25,518  INFO [main] physical.Vectorizer: Examining input format to see if vectorization is enabled.
2024-04-23T20:52:25,518  INFO [main] physical.Vectorizer: Vectorization is enabled for input format(s) [org.apache.hadoop.hive.ql.io.orc.OrcInputFormat]
2024-04-23T20:52:25,518  INFO [main] physical.Vectorizer: Validating and vectorizing MapWork... (vectorizedVertexNum 2)
2024-04-23T20:52:25,522  INFO [main] physical.Vectorizer: Map vectorization enabled: true
2024-04-23T20:52:25,522  INFO [main] physical.Vectorizer: Map vectorized: true
2024-04-23T20:52:25,522  INFO [main] physical.Vectorizer: Map vectorizedVertexNum: 2
2024-04-23T20:52:25,522  INFO [main] physical.Vectorizer: Map enabledConditionsMet: [hive.vectorized.use.vectorized.input.format IS true]
2024-04-23T20:52:25,522  INFO [main] physical.Vectorizer: Map inputFileFormatClassNameSet: [org.apache.hadoop.hive.ql.io.orc.OrcInputFormat]
2024-04-23T20:52:25,522  INFO [main] parse.CalcitePlanner: Completed plan generation
2024-04-23T20:52:25,522  INFO [main] parse.CalcitePlanner: Ending caching scope for: alex_20240423205225_ad2b6bc0-5c2b-40d6-8b3b-1bad0dff0e1c
2024-04-23T20:52:25,522  INFO [main] ql.Driver: Semantic Analysis Completed (retrial = false)
2024-04-23T20:52:25,522  INFO [main] ql.Driver: Created Hive schema: Schema(fieldSchemas:[FieldSchema(name:_col0, type:int, comment:null), FieldSchema(name:_col1, type:int, comment:null)], properties:null)
2024-04-23T20:52:25,522  INFO [main] metadata.Hive: Dumping metastore api call timing information for : compilation phase
2024-04-23T20:52:25,522  INFO [main] metadata.Hive: Total time spent in each metastore function (ms): {openTxn_(String, TxnType)=2, flushCache_()=0, isCompatibleWith_(Configuration)=2, getValidWriteIds_(List, String)=2, commitTxn_(CommitTxnRequest)=9, getTableColumnStatistics_(String, String, List, String)=9, getNotNullConstraints_(NotNullConstraintsRequest)=1, getTable_(GetTableRequest)=33, getAllTableConstraints_(AllTableConstraintsRequest)=10, getValidTxns_(long)=1, getCheckConstraints_(CheckConstraintsRequest)=1}
2024-04-23T20:52:25,523  INFO [main] ql.Driver: Completed compiling command(queryId=alex_20240423205225_ad2b6bc0-5c2b-40d6-8b3b-1bad0dff0e1c); Time taken: 0.223 seconds
2024-04-23T20:52:25,523  INFO [main] lockmgr.DbTxnManager: Setting lock request transaction to txnid:19 for queryId=alex_20240423205225_ad2b6bc0-5c2b-40d6-8b3b-1bad0dff0e1c
2024-04-23T20:52:25,523  INFO [main] lockmgr.DbLockManager: Requesting lock for queryId=alex_20240423205225_ad2b6bc0-5c2b-40d6-8b3b-1bad0dff0e1c
2024-04-23T20:52:25,535  INFO [main] lockmgr.DbLockManager: Response to queryId=alex_20240423205225_ad2b6bc0-5c2b-40d6-8b3b-1bad0dff0e1c LockResponse(lockid:13, state:ACQUIRED)
2024-04-23T20:52:25,535  INFO [main] ql.Driver: Operation QUERY obtained 1 locks
2024-04-23T20:52:25,538  INFO [main] ql.Driver: Executing command(queryId=alex_20240423205225_ad2b6bc0-5c2b-40d6-8b3b-1bad0dff0e1c): insert into T(a,b) select a * 10, b * 10 from acidTbl where a between 1 and 3 group by a, b union all select a * 10, b * 10 from acidTbl where a between 5 and 7
2024-04-23T20:52:25,539  WARN [main] ql.Driver: Hive-on-MR is deprecated in Hive 2 and may not be available in the future versions. Consider using a different execution engine (i.e. spark, tez) or using Hive 1.X releases.
Query ID = alex_20240423205225_ad2b6bc0-5c2b-40d6-8b3b-1bad0dff0e1c
2024-04-23T20:52:25,539  INFO [main] ql.Driver: Query ID = alex_20240423205225_ad2b6bc0-5c2b-40d6-8b3b-1bad0dff0e1c
Total jobs = 2
2024-04-23T20:52:25,539  INFO [main] ql.Driver: Total jobs = 2
Launching Job 1 out of 2
2024-04-23T20:52:25,539  INFO [main] ql.Driver: Launching Job 1 out of 2
2024-04-23T20:52:25,677  INFO [main] ql.Driver: Starting task [Stage-1:MAPRED] in serial mode
2024-04-23T20:52:25,677  INFO [main] exec.Utilities: Not using thread pool for getContentSummary
2024-04-23T20:52:25,679  INFO [main] exec.Utilities: BytesPerReducer=256000000 maxReducers=1009 totalInputFileSize=1393
Number of reduce tasks not specified. Estimated from input data size: 1
2024-04-23T20:52:25,679  INFO [main] exec.Task: Number of reduce tasks not specified. Estimated from input data size: 1
In order to change the average load for a reducer (in bytes):
2024-04-23T20:52:25,679  INFO [main] exec.Task: In order to change the average load for a reducer (in bytes):
  set hive.exec.reducers.bytes.per.reducer=<number>
2024-04-23T20:52:25,679  INFO [main] exec.Task:   set hive.exec.reducers.bytes.per.reducer=<number>
In order to limit the maximum number of reducers:
2024-04-23T20:52:25,679  INFO [main] exec.Task: In order to limit the maximum number of reducers:
  set hive.exec.reducers.max=<number>
2024-04-23T20:52:25,679  INFO [main] exec.Task:   set hive.exec.reducers.max=<number>
In order to set a constant number of reducers:
2024-04-23T20:52:25,679  INFO [main] exec.Task: In order to set a constant number of reducers:
  set mapreduce.job.reduces=<number>
2024-04-23T20:52:25,679  INFO [main] exec.Task:   set mapreduce.job.reduces=<number>
2024-04-23T20:52:25,681  INFO [main] mr.ExecDriver: Using org.apache.hadoop.hive.ql.io.HiveInputFormat
2024-04-23T20:52:25,682  INFO [main] exec.Utilities: Processing alias $hdt$_0-subquery1:acidtbl
2024-04-23T20:52:25,682  INFO [main] exec.Utilities: Adding 1 inputs; the first input is file:/home/alex/Repositories/hive/ql/target/tmp/org.apache.hadoop.hive.ql.TestTxnNoBuckets-1713930630697/warehouse/acidtbl
2024-04-23T20:52:25,690  INFO [main] exec.SerializationUtilities: Serializing MapWork using kryo
2024-04-23T20:52:25,692  INFO [main] exec.Utilities: Serialized plan (via FILE) - name: null size: 7,52KB
2024-04-23T20:52:25,696  INFO [main] exec.SerializationUtilities: Serializing ReduceWork using kryo
2024-04-23T20:52:25,699  INFO [main] exec.Utilities: Serialized plan (via FILE) - name: null size: 9,23KB
2024-04-23T20:52:25,700  WARN [main] impl.MetricsSystemImpl: JobTracker metrics system already initialized!
2024-04-23T20:52:25,704  INFO [main] fs.FSStatsPublisher: created : file:/home/alex/Repositories/hive/ql/target/tmp/localscratchdir/7ebc01d5-15d9-4723-a951-b8cae7daded8/hive_2024-04-23_20-52-25_299_7644929326832271133-1/-mr-10001
2024-04-23T20:52:25,710  WARN [main] impl.MetricsSystemImpl: JobTracker metrics system already initialized!
2024-04-23T20:52:25,717  WARN [main] mapreduce.JobResourceUploader: Hadoop command-line option parsing not performed. Implement the Tool interface and execute your application with ToolRunner to remedy this.
2024-04-23T20:52:25,721  WARN [main] mapreduce.JobResourceUploader: No job jar file set.  User classes may not be found. See Job or Job#setJar(String).
2024-04-23T20:52:25,722  INFO [main] io.HiveInputFormat: hive.io.file.readcolumn.ids = 0,1
2024-04-23T20:52:25,722  INFO [main] io.HiveInputFormat: hive.io.file.readcolumn.names = a,b
2024-04-23T20:52:25,722  INFO [main] io.HiveInputFormat: Generating splits for dirs: file:/home/alex/Repositories/hive/ql/target/tmp/org.apache.hadoop.hive.ql.TestTxnNoBuckets-1713930630697/warehouse/acidtbl
2024-04-23T20:52:25,723  INFO [main] orc.OrcInputFormat: getSplits started
2024-04-23T20:52:25,723  INFO [main] orc.OrcInputFormat: Context:: isAcid: true isVectorMode: true sarg: leaf-(BETWEEN a 1 3) minSplitSize: 1 maxSplitSize: 256000000 splitStrategy: HYBRID footerInSplits: false numBuckets: 2 numThreads: 10 cacheMemSize: 268435456 cacheStripeDetails: true useSoftReference: false writeIdList: default.acidtbl:1:9223372036854775807:: isTransactionalTable: true txnProperties: default 
2024-04-23T20:52:25,723  INFO [main] orc.OrcInputFormat: ORC pushdown predicate: leaf-(BETWEEN a 1 3)
2024-04-23T20:52:25,733  INFO [main] orc.OrcInputFormat: FooterCacheHitRatio: 0/2
2024-04-23T20:52:25,734  INFO [main] orc.OrcInputFormat: getSplits finished (#splits: 2). duration: 11 ms
2024-04-23T20:52:25,734  INFO [main] io.HiveInputFormat: number of splits 2
2024-04-23T20:52:25,750  INFO [main] mapreduce.JobSubmitter: number of splits:2
2024-04-23T20:52:25,767  INFO [main] mapreduce.JobSubmitter: Submitting tokens for job: job_local1716477779_0049
2024-04-23T20:52:25,767  INFO [main] mapreduce.JobSubmitter: Executing with tokens: []
2024-04-23T20:52:25,830  INFO [main] mapreduce.Job: The url to track the job: http://localhost:8080/
Job running in-process (local Hadoop)
2024-04-23T20:52:25,830  INFO [main] exec.Task: Job running in-process (local Hadoop)
2024-04-23T20:52:25,830  INFO [Thread-3174] mapred.LocalJobRunner: OutputCommitter set in config org.apache.hadoop.hive.ql.io.HiveFileFormatUtils$NullOutputCommitter
2024-04-23T20:52:25,830  INFO [Thread-3174] mapred.LocalJobRunner: OutputCommitter is org.apache.hadoop.hive.ql.io.HiveFileFormatUtils$NullOutputCommitter
2024-04-23T20:52:25,832  INFO [Thread-3174] mapred.LocalJobRunner: Waiting for map tasks
2024-04-23T20:52:25,832  INFO [LocalJobRunner Map Task Executor #0] mapred.LocalJobRunner: Starting task: attempt_local1716477779_0049_m_000000_0
2024-04-23T20:52:25,833  INFO [LocalJobRunner Map Task Executor #0] mapred.Task:  Using ResourceCalculatorProcessTree : [ ]
2024-04-23T20:52:25,833  INFO [LocalJobRunner Map Task Executor #0] mapred.MapTask: Processing split: org.apache.hadoop.hive.ql.io.orc.OrcInputFormat:OrcSplit [file:/home/alex/Repositories/hive/ql/target/tmp/org.apache.hadoop.hive.ql.TestTxnNoBuckets-1713930630697/warehouse/acidtbl/delta_0000001_0000001_0000/bucket_00001_0, start=0, length=704, isOriginal=false, fileLength=704, hasFooter=false, hasBase=true, deltas=0]
2024-04-23T20:52:25,833  INFO [LocalJobRunner Map Task Executor #0] exec.SerializationUtilities: Deserializing MapWork using kryo
2024-04-23T20:52:25,834  INFO [LocalJobRunner Map Task Executor #0] exec.Utilities: Deserialized plan (via FILE) - name: null size: 7,52KB
2024-04-23T20:52:25,835  INFO [LocalJobRunner Map Task Executor #0] orc.OrcInputFormat: ORC pushdown predicate: leaf-(BETWEEN a 1 3)
2024-04-23T20:52:25,835  INFO [LocalJobRunner Map Task Executor #0] orc.VectorizedOrcAcidRowBatchReader: Read ValidWriteIdList: default.acidtbl:1:9223372036854775807:::OrcSplit [file:/home/alex/Repositories/hive/ql/target/tmp/org.apache.hadoop.hive.ql.TestTxnNoBuckets-1713930630697/warehouse/acidtbl/delta_0000001_0000001_0000/bucket_00001_0, start=0, length=704, isOriginal=false, fileLength=704, hasFooter=false, hasBase=true, deltas=0]
2024-04-23T20:52:25,835  INFO [LocalJobRunner Map Task Executor #0] orc.ReaderImpl: Reading ORC rows from file:/home/alex/Repositories/hive/ql/target/tmp/org.apache.hadoop.hive.ql.TestTxnNoBuckets-1713930630697/warehouse/acidtbl/delta_0000001_0000001_0000/bucket_00001_0 with {include: [true, true, true], offset: 0, length: 704, sarg: leaf-(BETWEEN a 1 3), schema: struct<a:int,b:int>, includeAcidColumns: false}
2024-04-23T20:52:25,836  INFO [LocalJobRunner Map Task Executor #0] mapred.MapTask: numReduceTasks: 1
2024-04-23T20:52:25,847  INFO [LocalJobRunner Map Task Executor #0] mapred.MapTask: (EQUATOR) 0 kvi 26214396(104857584)
2024-04-23T20:52:25,847  INFO [LocalJobRunner Map Task Executor #0] mapred.MapTask: mapreduce.task.io.sort.mb: 100
2024-04-23T20:52:25,847  INFO [LocalJobRunner Map Task Executor #0] mapred.MapTask: soft limit at 83886080
2024-04-23T20:52:25,847  INFO [LocalJobRunner Map Task Executor #0] mapred.MapTask: bufstart = 0; bufvoid = 104857600
2024-04-23T20:52:25,847  INFO [LocalJobRunner Map Task Executor #0] mapred.MapTask: kvstart = 26214396; length = 6553600
2024-04-23T20:52:25,848  INFO [LocalJobRunner Map Task Executor #0] mapred.MapTask: Map output collector class = org.apache.hadoop.mapred.MapTask$MapOutputBuffer
2024-04-23T20:52:25,848  INFO [LocalJobRunner Map Task Executor #0] vector.VectorMapOperator: Initializing Operator: MAP[0]
2024-04-23T20:52:25,848  INFO [LocalJobRunner Map Task Executor #0] mr.ExecMapper: 
<MAP>Id =0
  <Children>null
  <\Children>
  <Parent><\Parent>
<\MAP>
2024-04-23T20:52:25,849  INFO [LocalJobRunner Map Task Executor #0] exec.TableScanOperator: Initializing Operator: TS[0]
2024-04-23T20:52:25,849  INFO [LocalJobRunner Map Task Executor #0] vector.VectorFilterOperator: Initializing Operator: FIL[19]
2024-04-23T20:52:25,849  INFO [LocalJobRunner Map Task Executor #0] vector.VectorGroupByOperator: Initializing Operator: GBY[20]
2024-04-23T20:52:25,850  INFO [LocalJobRunner Map Task Executor #0] vector.VectorReduceSinkOperator: Initializing Operator: RS[21]
2024-04-23T20:52:25,850  INFO [LocalJobRunner Map Task Executor #0] vector.VectorReduceSinkOperator: Using tag = -1
2024-04-23T20:52:25,850  INFO [LocalJobRunner Map Task Executor #0] vector.VectorMapOperator: Closing Operator: MAP[0]
2024-04-23T20:52:25,850  INFO [LocalJobRunner Map Task Executor #0] vector.VectorMapOperator: DESERIALIZE_ERRORS:0, RECORDS_OUT_INTERMEDIATE:0, RECORDS_IN:3, RECORDS_OUT_OPERATOR_MAP_0:0, 
2024-04-23T20:52:25,850  INFO [LocalJobRunner Map Task Executor #0] exec.TableScanOperator: Closing Operator: TS[0]
2024-04-23T20:52:25,851  INFO [LocalJobRunner Map Task Executor #0] exec.TableScanOperator: RECORDS_OUT_OPERATOR_TS_0:3, RECORDS_OUT_INTERMEDIATE:0, 
2024-04-23T20:52:25,851  INFO [LocalJobRunner Map Task Executor #0] vector.VectorFilterOperator: Closing Operator: FIL[19]
2024-04-23T20:52:25,851  INFO [LocalJobRunner Map Task Executor #0] vector.VectorFilterOperator: RECORDS_OUT_OPERATOR_FIL_19:1, RECORDS_OUT_INTERMEDIATE:0, 
2024-04-23T20:52:25,851  INFO [LocalJobRunner Map Task Executor #0] vector.VectorGroupByOperator: Closing Operator: GBY[20]
2024-04-23T20:52:25,851  INFO [LocalJobRunner Map Task Executor #0] vector.VectorReduceSinkOperator: keys are [_col0, _col1] num distributions: 2
2024-04-23T20:52:25,851  INFO [LocalJobRunner Map Task Executor #0] vector.VectorReduceSinkOperator: RS[21]: records written - 1
2024-04-23T20:52:25,851  INFO [LocalJobRunner Map Task Executor #0] vector.VectorGroupByOperator: RECORDS_OUT_INTERMEDIATE:0, RECORDS_OUT_OPERATOR_GBY_20:1, 
2024-04-23T20:52:25,851  INFO [LocalJobRunner Map Task Executor #0] vector.VectorReduceSinkOperator: Closing Operator: RS[21]
2024-04-23T20:52:25,851  INFO [LocalJobRunner Map Task Executor #0] vector.VectorReduceSinkOperator: RS[21]: Total records written - 1. abort - false
2024-04-23T20:52:25,851  INFO [LocalJobRunner Map Task Executor #0] vector.VectorReduceSinkOperator: RECORDS_OUT_INTERMEDIATE:1, RECORDS_OUT_OPERATOR_RS_21:1, 
2024-04-23T20:52:25,852  INFO [LocalJobRunner Map Task Executor #0] mapred.LocalJobRunner: 
2024-04-23T20:52:25,852  INFO [LocalJobRunner Map Task Executor #0] mapred.MapTask: Starting flush of map output
2024-04-23T20:52:25,852  INFO [LocalJobRunner Map Task Executor #0] mapred.MapTask: Spilling map output
2024-04-23T20:52:25,852  INFO [LocalJobRunner Map Task Executor #0] mapred.MapTask: bufstart = 0; bufend = 19; bufvoid = 104857600
2024-04-23T20:52:25,852  INFO [LocalJobRunner Map Task Executor #0] mapred.MapTask: kvstart = 26214396(104857584); kvend = 26214396(104857584); length = 1/6553600
2024-04-23T20:52:25,863  INFO [LocalJobRunner Map Task Executor #0] mapred.MapTask: Finished spill 0
2024-04-23T20:52:25,866  INFO [LocalJobRunner Map Task Executor #0] mapred.Task: Task:attempt_local1716477779_0049_m_000000_0 is done. And is in the process of committing
2024-04-23T20:52:25,867  INFO [LocalJobRunner Map Task Executor #0] mapred.LocalJobRunner: OrcSplit [file:/home/alex/Repositories/hive/ql/target/tmp/org.apache.hadoop.hive.ql.TestTxnNoBuckets-1713930630697/warehouse/acidtbl/delta_0000001_0000001_0000/bucket_00001_0, start=0, length=704, isOriginal=false, fileLength=704, hasFooter=false, hasBase=true, deltas=0]
2024-04-23T20:52:25,867  INFO [LocalJobRunner Map Task Executor #0] mapred.Task: Task 'attempt_local1716477779_0049_m_000000_0' done.
2024-04-23T20:52:25,867  INFO [LocalJobRunner Map Task Executor #0] mapred.Task: Final Counters for attempt_local1716477779_0049_m_000000_0: Counters: 25
	File System Counters
		FILE: Number of bytes read=1163707
		FILE: Number of bytes written=58936936
		FILE: Number of read operations=0
		FILE: Number of large read operations=0
		FILE: Number of write operations=0
	Map-Reduce Framework
		Map input records=1
		Map output records=1
		Map output bytes=19
		Map output materialized bytes=27
		Input split bytes=497
		Combine input records=0
		Spilled Records=1
		Failed Shuffles=0
		Merged Map outputs=0
		GC time elapsed (ms)=5
		Total committed heap usage (bytes)=1205862400
	HIVE
		DESERIALIZE_ERRORS=0
		RECORDS_IN=3
		RECORDS_OUT_INTERMEDIATE=1
		RECORDS_OUT_OPERATOR_FIL_19=1
		RECORDS_OUT_OPERATOR_GBY_20=1
		RECORDS_OUT_OPERATOR_MAP_0=0
		RECORDS_OUT_OPERATOR_RS_21=1
		RECORDS_OUT_OPERATOR_TS_0=3
	File Input Format Counters 
		Bytes Read=11932
2024-04-23T20:52:25,867  INFO [LocalJobRunner Map Task Executor #0] mapred.LocalJobRunner: Finishing task: attempt_local1716477779_0049_m_000000_0
2024-04-23T20:52:25,867  INFO [LocalJobRunner Map Task Executor #0] mapred.LocalJobRunner: Starting task: attempt_local1716477779_0049_m_000001_0
2024-04-23T20:52:25,868  INFO [LocalJobRunner Map Task Executor #0] mapred.Task:  Using ResourceCalculatorProcessTree : [ ]
2024-04-23T20:52:25,868  INFO [LocalJobRunner Map Task Executor #0] mapred.MapTask: Processing split: org.apache.hadoop.hive.ql.io.orc.OrcInputFormat:OrcSplit [file:/home/alex/Repositories/hive/ql/target/tmp/org.apache.hadoop.hive.ql.TestTxnNoBuckets-1713930630697/warehouse/acidtbl/delta_0000001_0000001_0000/bucket_00000_0, start=0, length=688, isOriginal=false, fileLength=688, hasFooter=false, hasBase=true, deltas=0]
2024-04-23T20:52:25,869  INFO [LocalJobRunner Map Task Executor #0] exec.SerializationUtilities: Deserializing MapWork using kryo
2024-04-23T20:52:25,870  INFO [LocalJobRunner Map Task Executor #0] exec.Utilities: Deserialized plan (via FILE) - name: null size: 7,52KB
2024-04-23T20:52:25,871  INFO [LocalJobRunner Map Task Executor #0] orc.OrcInputFormat: ORC pushdown predicate: leaf-(BETWEEN a 1 3)
2024-04-23T20:52:25,871  INFO [LocalJobRunner Map Task Executor #0] orc.VectorizedOrcAcidRowBatchReader: Read ValidWriteIdList: default.acidtbl:1:9223372036854775807:::OrcSplit [file:/home/alex/Repositories/hive/ql/target/tmp/org.apache.hadoop.hive.ql.TestTxnNoBuckets-1713930630697/warehouse/acidtbl/delta_0000001_0000001_0000/bucket_00000_0, start=0, length=688, isOriginal=false, fileLength=688, hasFooter=false, hasBase=true, deltas=0]
2024-04-23T20:52:25,872  INFO [LocalJobRunner Map Task Executor #0] orc.ReaderImpl: Reading ORC rows from file:/home/alex/Repositories/hive/ql/target/tmp/org.apache.hadoop.hive.ql.TestTxnNoBuckets-1713930630697/warehouse/acidtbl/delta_0000001_0000001_0000/bucket_00000_0 with {include: [true, true, true], offset: 0, length: 688, sarg: leaf-(BETWEEN a 1 3), schema: struct<a:int,b:int>, includeAcidColumns: false}
2024-04-23T20:52:25,873  INFO [LocalJobRunner Map Task Executor #0] mapred.MapTask: numReduceTasks: 1
2024-04-23T20:52:25,879  INFO [LocalJobRunner Map Task Executor #0] mapred.MapTask: (EQUATOR) 0 kvi 26214396(104857584)
2024-04-23T20:52:25,879  INFO [LocalJobRunner Map Task Executor #0] mapred.MapTask: mapreduce.task.io.sort.mb: 100
2024-04-23T20:52:25,879  INFO [LocalJobRunner Map Task Executor #0] mapred.MapTask: soft limit at 83886080
2024-04-23T20:52:25,879  INFO [LocalJobRunner Map Task Executor #0] mapred.MapTask: bufstart = 0; bufvoid = 104857600
2024-04-23T20:52:25,879  INFO [LocalJobRunner Map Task Executor #0] mapred.MapTask: kvstart = 26214396; length = 6553600
2024-04-23T20:52:25,879  INFO [LocalJobRunner Map Task Executor #0] mapred.MapTask: Map output collector class = org.apache.hadoop.mapred.MapTask$MapOutputBuffer
2024-04-23T20:52:25,880  INFO [LocalJobRunner Map Task Executor #0] vector.VectorMapOperator: Initializing Operator: MAP[0]
2024-04-23T20:52:25,880  INFO [LocalJobRunner Map Task Executor #0] mr.ExecMapper: 
<MAP>Id =0
  <Children>null
  <\Children>
  <Parent><\Parent>
<\MAP>
2024-04-23T20:52:25,881  INFO [LocalJobRunner Map Task Executor #0] exec.TableScanOperator: Initializing Operator: TS[0]
2024-04-23T20:52:25,881  INFO [LocalJobRunner Map Task Executor #0] vector.VectorFilterOperator: Initializing Operator: FIL[19]
2024-04-23T20:52:25,881  INFO [LocalJobRunner Map Task Executor #0] vector.VectorGroupByOperator: Initializing Operator: GBY[20]
2024-04-23T20:52:25,882  INFO [LocalJobRunner Map Task Executor #0] vector.VectorReduceSinkOperator: Initializing Operator: RS[21]
2024-04-23T20:52:25,882  INFO [LocalJobRunner Map Task Executor #0] vector.VectorReduceSinkOperator: Using tag = -1
2024-04-23T20:52:25,883  INFO [LocalJobRunner Map Task Executor #0] vector.VectorMapOperator: Closing Operator: MAP[0]
2024-04-23T20:52:25,883  INFO [LocalJobRunner Map Task Executor #0] vector.VectorMapOperator: RECORDS_IN:2, DESERIALIZE_ERRORS:0, RECORDS_OUT_OPERATOR_MAP_0:0, RECORDS_OUT_INTERMEDIATE:0, 
2024-04-23T20:52:25,883  INFO [LocalJobRunner Map Task Executor #0] exec.TableScanOperator: Closing Operator: TS[0]
2024-04-23T20:52:25,883  INFO [LocalJobRunner Map Task Executor #0] exec.TableScanOperator: RECORDS_OUT_INTERMEDIATE:0, RECORDS_OUT_OPERATOR_TS_0:2, 
2024-04-23T20:52:25,883  INFO [LocalJobRunner Map Task Executor #0] vector.VectorFilterOperator: Closing Operator: FIL[19]
2024-04-23T20:52:25,883  INFO [LocalJobRunner Map Task Executor #0] vector.VectorFilterOperator: RECORDS_OUT_OPERATOR_FIL_19:1, RECORDS_OUT_INTERMEDIATE:0, 
2024-04-23T20:52:25,883  INFO [LocalJobRunner Map Task Executor #0] vector.VectorGroupByOperator: Closing Operator: GBY[20]
2024-04-23T20:52:25,883  INFO [LocalJobRunner Map Task Executor #0] vector.VectorReduceSinkOperator: keys are [_col0, _col1] num distributions: 2
2024-04-23T20:52:25,883  INFO [LocalJobRunner Map Task Executor #0] vector.VectorReduceSinkOperator: RS[21]: records written - 1
2024-04-23T20:52:25,883  INFO [LocalJobRunner Map Task Executor #0] vector.VectorGroupByOperator: RECORDS_OUT_OPERATOR_GBY_20:1, RECORDS_OUT_INTERMEDIATE:0, 
2024-04-23T20:52:25,883  INFO [LocalJobRunner Map Task Executor #0] vector.VectorReduceSinkOperator: Closing Operator: RS[21]
2024-04-23T20:52:25,883  INFO [LocalJobRunner Map Task Executor #0] vector.VectorReduceSinkOperator: RS[21]: Total records written - 1. abort - false
2024-04-23T20:52:25,884  INFO [LocalJobRunner Map Task Executor #0] vector.VectorReduceSinkOperator: RECORDS_OUT_OPERATOR_RS_21:1, RECORDS_OUT_INTERMEDIATE:1, 
2024-04-23T20:52:25,884  INFO [LocalJobRunner Map Task Executor #0] mapred.LocalJobRunner: 
2024-04-23T20:52:25,884  INFO [LocalJobRunner Map Task Executor #0] mapred.MapTask: Starting flush of map output
2024-04-23T20:52:25,884  INFO [LocalJobRunner Map Task Executor #0] mapred.MapTask: Spilling map output
2024-04-23T20:52:25,884  INFO [LocalJobRunner Map Task Executor #0] mapred.MapTask: bufstart = 0; bufend = 19; bufvoid = 104857600
2024-04-23T20:52:25,884  INFO [LocalJobRunner Map Task Executor #0] mapred.MapTask: kvstart = 26214396(104857584); kvend = 26214396(104857584); length = 1/6553600
2024-04-23T20:52:25,893  INFO [LocalJobRunner Map Task Executor #0] mapred.MapTask: Finished spill 0
2024-04-23T20:52:25,896  INFO [LocalJobRunner Map Task Executor #0] mapred.Task: Task:attempt_local1716477779_0049_m_000001_0 is done. And is in the process of committing
2024-04-23T20:52:25,897  INFO [LocalJobRunner Map Task Executor #0] mapred.LocalJobRunner: OrcSplit [file:/home/alex/Repositories/hive/ql/target/tmp/org.apache.hadoop.hive.ql.TestTxnNoBuckets-1713930630697/warehouse/acidtbl/delta_0000001_0000001_0000/bucket_00000_0, start=0, length=688, isOriginal=false, fileLength=688, hasFooter=false, hasBase=true, deltas=0]
2024-04-23T20:52:25,897  INFO [LocalJobRunner Map Task Executor #0] mapred.Task: Task 'attempt_local1716477779_0049_m_000001_0' done.
2024-04-23T20:52:25,897  INFO [LocalJobRunner Map Task Executor #0] mapred.Task: Final Counters for attempt_local1716477779_0049_m_000001_0: Counters: 25
	File System Counters
		FILE: Number of bytes read=1176560
		FILE: Number of bytes written=58936995
		FILE: Number of read operations=0
		FILE: Number of large read operations=0
		FILE: Number of write operations=0
	Map-Reduce Framework
		Map input records=1
		Map output records=1
		Map output bytes=19
		Map output materialized bytes=27
		Input split bytes=497
		Combine input records=0
		Spilled Records=1
		Failed Shuffles=0
		Merged Map outputs=0
		GC time elapsed (ms)=0
		Total committed heap usage (bytes)=1205862400
	HIVE
		DESERIALIZE_ERRORS=0
		RECORDS_IN=2
		RECORDS_OUT_INTERMEDIATE=1
		RECORDS_OUT_OPERATOR_FIL_19=1
		RECORDS_OUT_OPERATOR_GBY_20=1
		RECORDS_OUT_OPERATOR_MAP_0=0
		RECORDS_OUT_OPERATOR_RS_21=1
		RECORDS_OUT_OPERATOR_TS_0=2
	File Input Format Counters 
		Bytes Read=11836
2024-04-23T20:52:25,897  INFO [LocalJobRunner Map Task Executor #0] mapred.LocalJobRunner: Finishing task: attempt_local1716477779_0049_m_000001_0
2024-04-23T20:52:25,897  INFO [Thread-3174] mapred.LocalJobRunner: map task executor complete.
2024-04-23T20:52:25,898  INFO [Thread-3174] mapred.LocalJobRunner: Waiting for reduce tasks
2024-04-23T20:52:25,898  INFO [pool-215-thread-1] mapred.LocalJobRunner: Starting task: attempt_local1716477779_0049_r_000000_0
2024-04-23T20:52:25,898  INFO [pool-215-thread-1] mapred.Task:  Using ResourceCalculatorProcessTree : [ ]
2024-04-23T20:52:25,898  INFO [pool-215-thread-1] mapred.ReduceTask: Using ShuffleConsumerPlugin: org.apache.hadoop.mapreduce.task.reduce.Shuffle@36f5e935
2024-04-23T20:52:25,899  WARN [pool-215-thread-1] impl.MetricsSystemImpl: JobTracker metrics system already initialized!
2024-04-23T20:52:25,900  INFO [pool-215-thread-1] reduce.MergeManagerImpl: MergerManager: memoryLimit=1336252800, maxSingleShuffleLimit=334063200, mergeThreshold=881926912, ioSortFactor=10, memToMemMergeOutputsThreshold=10
2024-04-23T20:52:25,900  INFO [EventFetcher for fetching Map Completion Events] reduce.EventFetcher: attempt_local1716477779_0049_r_000000_0 Thread started: EventFetcher for fetching Map Completion Events
2024-04-23T20:52:25,901  INFO [localfetcher#31] reduce.LocalFetcher: localfetcher#31 about to shuffle output of map attempt_local1716477779_0049_m_000001_0 decomp: 23 len: 27 to MEMORY
2024-04-23T20:52:25,901  INFO [localfetcher#31] reduce.InMemoryMapOutput: Read 23 bytes from map-output for attempt_local1716477779_0049_m_000001_0
2024-04-23T20:52:25,901  INFO [localfetcher#31] reduce.MergeManagerImpl: closeInMemoryFile -> map-output of size: 23, inMemoryMapOutputs.size() -> 1, commitMemory -> 0, usedMemory ->23
2024-04-23T20:52:25,904  INFO [localfetcher#31] reduce.LocalFetcher: localfetcher#31 about to shuffle output of map attempt_local1716477779_0049_m_000000_0 decomp: 23 len: 27 to MEMORY
2024-04-23T20:52:25,904  INFO [localfetcher#31] reduce.InMemoryMapOutput: Read 23 bytes from map-output for attempt_local1716477779_0049_m_000000_0
2024-04-23T20:52:25,904  INFO [localfetcher#31] reduce.MergeManagerImpl: closeInMemoryFile -> map-output of size: 23, inMemoryMapOutputs.size() -> 2, commitMemory -> 23, usedMemory ->46
2024-04-23T20:52:25,904  INFO [EventFetcher for fetching Map Completion Events] reduce.EventFetcher: EventFetcher is interrupted.. Returning
2024-04-23T20:52:25,905  INFO [pool-215-thread-1] mapred.LocalJobRunner: 2 / 2 copied.
2024-04-23T20:52:25,905  INFO [pool-215-thread-1] reduce.MergeManagerImpl: finalMerge called with 2 in-memory map-outputs and 0 on-disk map-outputs
2024-04-23T20:52:25,911  INFO [pool-215-thread-1] mapred.Merger: Merging 2 sorted segments
2024-04-23T20:52:25,911  INFO [pool-215-thread-1] mapred.Merger: Down to the last merge-pass, with 2 segments left of total size: 12 bytes
2024-04-23T20:52:25,914  INFO [pool-215-thread-1] reduce.MergeManagerImpl: Merged 2 segments, 46 bytes to disk to satisfy reduce memory limit
2024-04-23T20:52:25,914  INFO [pool-215-thread-1] reduce.MergeManagerImpl: Merging 1 files, 48 bytes from disk
2024-04-23T20:52:25,914  INFO [pool-215-thread-1] reduce.MergeManagerImpl: Merging 0 segments, 0 bytes from memory into reduce
2024-04-23T20:52:25,914  INFO [pool-215-thread-1] mapred.Merger: Merging 1 sorted segments
2024-04-23T20:52:25,914  INFO [pool-215-thread-1] mapred.Merger: Down to the last merge-pass, with 1 segments left of total size: 27 bytes
2024-04-23T20:52:25,914  INFO [pool-215-thread-1] mapred.LocalJobRunner: 2 / 2 copied.
2024-04-23T20:52:25,915  INFO [pool-215-thread-1] exec.SerializationUtilities: Deserializing ReduceWork using kryo
2024-04-23T20:52:25,916  INFO [pool-215-thread-1] exec.Utilities: Deserialized plan (via FILE) - name: null size: 9,23KB
2024-04-23T20:52:25,917  INFO [pool-215-thread-1] ExecReducer: 
<GBY>Id =5
  <Children>
    <SEL>Id =6
      <Children>
        <FS>Id =17
          <Children>
          <\Children>
          <Parent>Id = 6 null<\Parent>
        <\FS>
      <\Children>
      <Parent>Id = 5 null<\Parent>
    <\SEL>
  <\Children>
  <Parent><\Parent>
<\GBY>
2024-04-23T20:52:25,917  INFO [pool-215-thread-1] exec.GroupByOperator: Initializing Operator: GBY[5]
2024-04-23T20:52:25,917  INFO [pool-215-thread-1] exec.GroupByOperator: isTez: false isLlap: false numExecutors: 1 maxMemory: 1908932608
2024-04-23T20:52:25,917  INFO [pool-215-thread-1] exec.SelectOperator: Initializing Operator: SEL[6]
2024-04-23T20:52:25,917  INFO [pool-215-thread-1] exec.SelectOperator: SELECT struct<_col0:int,_col1:int>
2024-04-23T20:52:25,917  INFO [pool-215-thread-1] exec.FileSinkOperator: Initializing Operator: FS[17]
2024-04-23T20:52:25,917  INFO [pool-215-thread-1] exec.FileSinkOperator: Using serializer : AbstractSerDe [log=org.apache.logging.slf4j.Log4jLogger@4aa280a, configuration=Optional[Configuration: core-default.xml, core-site.xml, mapred-default.xml, mapred-site.xml, yarn-default.xml, yarn-site.xml, hdfs-default.xml, hdfs-site.xml, file:/home/alex/Repositories/hive/ql/target/tmp/TestTxnNoBucketsVectorized/mapred/local/localRunner/alex/job_local1716477779_0049/job_local1716477779_0049.xml], properties={name=default.t, columns.types=int:int, serialization.format=1, columns=a,b, numFilesErasureCoded=0, columns.comments=&amp#0;, bucketing_version=2, serialization.lib=org.apache.hadoop.hive.ql.io.orc.OrcSerde, file.inputformat=org.apache.hadoop.hive.ql.io.orc.OrcInputFormat, file.outputformat=org.apache.hadoop.hive.ql.io.orc.OrcOutputFormat, location=file:/home/alex/Repositories/hive/ql/target/tmp/org.apache.hadoop.hive.ql.TestTxnNoBuckets-1713930630697/warehouse/t, column.name.delimiter=,}, tableProperties={name=default.t, columns.types=int:int, serialization.format=1, columns=a,b, numFilesErasureCoded=0, columns.comments=&amp#0;, bucketing_version=2, serialization.lib=org.apache.hadoop.hive.ql.io.orc.OrcSerde, file.inputformat=org.apache.hadoop.hive.ql.io.orc.OrcInputFormat, location=file:/home/alex/Repositories/hive/ql/target/tmp/org.apache.hadoop.hive.ql.TestTxnNoBuckets-1713930630697/warehouse/t, file.outputformat=org.apache.hadoop.hive.ql.io.orc.OrcOutputFormat, column.name.delimiter=,}, partitionProperties=Optional.empty, columnNames=[a, b], columnTypes=[int, int], getClass()=class org.apache.hadoop.hive.ql.io.orc.OrcSerde] and formatter : org.apache.hadoop.hive.ql.io.orc.OrcOutputFormat@2ef2536f
2024-04-23T20:52:25,918  INFO [pool-215-thread-1] exec.FileSinkOperator: Final Path: FS file:/home/alex/Repositories/hive/ql/target/tmp/org.apache.hadoop.hive.ql.TestTxnNoBuckets-1713930630697/warehouse/t/.hive-staging_hive_2024-04-23_20-52-25_299_7644929326832271133-1/-ext-10000/_tmp.HIVE_UNION_SUBDIR_15/000000_0
2024-04-23T20:52:25,918  INFO [pool-215-thread-1] exec.FileSinkOperator: Writing to temp file: FS file:/home/alex/Repositories/hive/ql/target/tmp/org.apache.hadoop.hive.ql.TestTxnNoBuckets-1713930630697/warehouse/t/.hive-staging_hive_2024-04-23_20-52-25_299_7644929326832271133-1/-ext-10000/_task_tmp.HIVE_UNION_SUBDIR_15/_tmp.000000_0
2024-04-23T20:52:25,918  INFO [pool-215-thread-1] exec.FileSinkOperator: New Final Path: FS file:/home/alex/Repositories/hive/ql/target/tmp/org.apache.hadoop.hive.ql.TestTxnNoBuckets-1713930630697/warehouse/t/.hive-staging_hive_2024-04-23_20-52-25_299_7644929326832271133-1/-ext-10000/_tmp.HIVE_UNION_SUBDIR_15/000000_0
2024-04-23T20:52:25,918  INFO [pool-215-thread-1] exec.FileSinkOperator: FS[17]: records written - 1
2024-04-23T20:52:25,918  INFO [pool-215-thread-1] impl.PhysicalFsWriter: ORC writer created for path: file:/home/alex/Repositories/hive/ql/target/tmp/org.apache.hadoop.hive.ql.TestTxnNoBuckets-1713930630697/warehouse/t/.hive-staging_hive_2024-04-23_20-52-25_299_7644929326832271133-1/-ext-10000/_task_tmp.HIVE_UNION_SUBDIR_15/_tmp.000000_0 with stripeSize: 67108864 blockSize: 268435456 compression: Compress: ZLIB buffer: 262144
2024-04-23T20:52:25,925  INFO [pool-215-thread-1] impl.WriterImpl: ORC writer created for path: file:/home/alex/Repositories/hive/ql/target/tmp/org.apache.hadoop.hive.ql.TestTxnNoBuckets-1713930630697/warehouse/t/.hive-staging_hive_2024-04-23_20-52-25_299_7644929326832271133-1/-ext-10000/_task_tmp.HIVE_UNION_SUBDIR_15/_tmp.000000_0 with stripeSize: 67108864 options: Compress: ZLIB buffer: 262144
2024-04-23T20:52:25,925  INFO [pool-215-thread-1] exec.GroupByOperator: Closing Operator: GBY[5]
2024-04-23T20:52:25,925  INFO [pool-215-thread-1] exec.GroupByOperator: RECORDS_OUT_OPERATOR_GBY_5:2, RECORDS_OUT_INTERMEDIATE:0, 
2024-04-23T20:52:25,925  INFO [pool-215-thread-1] exec.SelectOperator: Closing Operator: SEL[6]
2024-04-23T20:52:25,925  INFO [pool-215-thread-1] exec.SelectOperator: RECORDS_OUT_OPERATOR_SEL_6:2, RECORDS_OUT_INTERMEDIATE:0, 
2024-04-23T20:52:25,925  INFO [pool-215-thread-1] exec.FileSinkOperator: Closing Operator: FS[17]
2024-04-23T20:52:25,925  INFO [pool-215-thread-1] exec.FileSinkOperator: FS[17]: records written - 2
2024-04-23T20:52:25,932  INFO [pool-215-thread-1] exec.FileSinkOperator: RECORDS_OUT_OPERATOR_FS_17:2, RECORDS_OUT_1_default.t:2, RECORDS_OUT_INTERMEDIATE:0, TOTAL_TABLE_ROWS_WRITTEN:2, 
2024-04-23T20:52:25,932  INFO [pool-215-thread-1] mapred.Task: Task:attempt_local1716477779_0049_r_000000_0 is done. And is in the process of committing
2024-04-23T20:52:25,932  INFO [pool-215-thread-1] mapred.LocalJobRunner: reduce > reduce
2024-04-23T20:52:25,932  INFO [pool-215-thread-1] mapred.Task: Task 'attempt_local1716477779_0049_r_000000_0' done.
2024-04-23T20:52:25,932  INFO [pool-215-thread-1] mapred.Task: Final Counters for attempt_local1716477779_0049_r_000000_0: Counters: 31
	File System Counters
		FILE: Number of bytes read=1186046
		FILE: Number of bytes written=58937388
		FILE: Number of read operations=0
		FILE: Number of large read operations=0
		FILE: Number of write operations=0
	Map-Reduce Framework
		Combine input records=0
		Combine output records=0
		Reduce input groups=2
		Reduce shuffle bytes=54
		Reduce input records=2
		Reduce output records=0
		Spilled Records=2
		Shuffled Maps =2
		Failed Shuffles=0
		Merged Map outputs=2
		GC time elapsed (ms)=0
		Total committed heap usage (bytes)=1205862400
	HIVE
		CREATED_FILES=1
		RECORDS_OUT_1_default.t=2
		RECORDS_OUT_INTERMEDIATE=0
		RECORDS_OUT_OPERATOR_FS_17=2
		RECORDS_OUT_OPERATOR_GBY_5=2
		RECORDS_OUT_OPERATOR_SEL_6=2
		TOTAL_TABLE_ROWS_WRITTEN=2
	Shuffle Errors
		BAD_ID=0
		CONNECTION=0
		IO_ERROR=0
		WRONG_LENGTH=0
		WRONG_MAP=0
		WRONG_REDUCE=0
	File Output Format Counters 
		Bytes Written=0
2024-04-23T20:52:25,932  INFO [pool-215-thread-1] mapred.LocalJobRunner: Finishing task: attempt_local1716477779_0049_r_000000_0
2024-04-23T20:52:25,932  INFO [Thread-3174] mapred.LocalJobRunner: reduce task executor complete.
2024-04-23 20:52:26,833 Stage-1 map = 100%,  reduce = 100%
2024-04-23T20:52:26,833  INFO [main] exec.Task: 2024-04-23 20:52:26,833 Stage-1 map = 100%,  reduce = 100%
Ended Job = job_local1716477779_0049
2024-04-23T20:52:26,834  INFO [main] exec.Task: Ended Job = job_local1716477779_0049
Launching Job 2 out of 2
2024-04-23T20:52:26,836  INFO [main] ql.Driver: Launching Job 2 out of 2
2024-04-23T20:52:26,976  INFO [main] ql.Driver: Starting task [Stage-3:MAPRED] in serial mode
Number of reduce tasks is set to 0 since there's no reduce operator
2024-04-23T20:52:26,976  INFO [main] exec.Task: Number of reduce tasks is set to 0 since there's no reduce operator
2024-04-23T20:52:26,978  INFO [main] mr.ExecDriver: Using org.apache.hadoop.hive.ql.io.HiveInputFormat
2024-04-23T20:52:26,978  INFO [main] exec.Utilities: Processing alias $hdt$_0-subquery2:acidtbl
2024-04-23T20:52:26,978  INFO [main] exec.Utilities: Adding 1 inputs; the first input is file:/home/alex/Repositories/hive/ql/target/tmp/org.apache.hadoop.hive.ql.TestTxnNoBuckets-1713930630697/warehouse/acidtbl
2024-04-23T20:52:26,987  INFO [main] exec.SerializationUtilities: Serializing MapWork using kryo
2024-04-23T20:52:26,989  INFO [main] exec.Utilities: Serialized plan (via FILE) - name: null size: 7,80KB
2024-04-23T20:52:26,990  WARN [main] impl.MetricsSystemImpl: JobTracker metrics system already initialized!
2024-04-23T20:52:26,996  WARN [main] impl.MetricsSystemImpl: JobTracker metrics system already initialized!
2024-04-23T20:52:27,002  WARN [main] mapreduce.JobResourceUploader: Hadoop command-line option parsing not performed. Implement the Tool interface and execute your application with ToolRunner to remedy this.
2024-04-23T20:52:27,006  WARN [main] mapreduce.JobResourceUploader: No job jar file set.  User classes may not be found. See Job or Job#setJar(String).
2024-04-23T20:52:27,008  INFO [main] io.HiveInputFormat: hive.io.file.readcolumn.ids = 0,1
2024-04-23T20:52:27,008  INFO [main] io.HiveInputFormat: hive.io.file.readcolumn.names = a,b
2024-04-23T20:52:27,008  INFO [main] io.HiveInputFormat: Generating splits for dirs: file:/home/alex/Repositories/hive/ql/target/tmp/org.apache.hadoop.hive.ql.TestTxnNoBuckets-1713930630697/warehouse/acidtbl
2024-04-23T20:52:27,008  INFO [main] orc.OrcInputFormat: getSplits started
2024-04-23T20:52:27,008  INFO [main] orc.OrcInputFormat: Context:: isAcid: true isVectorMode: true sarg: leaf-(BETWEEN a 5 7) minSplitSize: 1 maxSplitSize: 256000000 splitStrategy: HYBRID footerInSplits: false numBuckets: 2 numThreads: 10 cacheMemSize: 268435456 cacheStripeDetails: true useSoftReference: false writeIdList: default.acidtbl:1:9223372036854775807:: isTransactionalTable: true txnProperties: default 
2024-04-23T20:52:27,008  INFO [main] orc.OrcInputFormat: ORC pushdown predicate: leaf-(BETWEEN a 5 7)
2024-04-23T20:52:27,020  INFO [main] orc.OrcInputFormat: FooterCacheHitRatio: 0/2
2024-04-23T20:52:27,021  INFO [main] orc.OrcInputFormat: getSplits finished (#splits: 2). duration: 13 ms
2024-04-23T20:52:27,021  INFO [main] io.HiveInputFormat: number of splits 2
2024-04-23T20:52:27,037  INFO [main] mapreduce.JobSubmitter: number of splits:2
2024-04-23T20:52:27,055  INFO [main] mapreduce.JobSubmitter: Submitting tokens for job: job_local1343775188_0050
2024-04-23T20:52:27,055  INFO [main] mapreduce.JobSubmitter: Executing with tokens: []
2024-04-23T20:52:27,114  INFO [main] mapreduce.Job: The url to track the job: http://localhost:8080/
Job running in-process (local Hadoop)
2024-04-23T20:52:27,114  INFO [main] exec.Task: Job running in-process (local Hadoop)
2024-04-23T20:52:27,115  INFO [Thread-3226] mapred.LocalJobRunner: OutputCommitter set in config org.apache.hadoop.hive.ql.io.HiveFileFormatUtils$NullOutputCommitter
2024-04-23T20:52:27,115  INFO [Thread-3226] mapred.LocalJobRunner: OutputCommitter is org.apache.hadoop.hive.ql.io.HiveFileFormatUtils$NullOutputCommitter
2024-04-23T20:52:27,117  INFO [Thread-3226] mapred.LocalJobRunner: Waiting for map tasks
2024-04-23T20:52:27,117  INFO [LocalJobRunner Map Task Executor #0] mapred.LocalJobRunner: Starting task: attempt_local1343775188_0050_m_000000_0
2024-04-23T20:52:27,118  INFO [LocalJobRunner Map Task Executor #0] mapred.Task:  Using ResourceCalculatorProcessTree : [ ]
2024-04-23T20:52:27,118  INFO [LocalJobRunner Map Task Executor #0] mapred.MapTask: Processing split: org.apache.hadoop.hive.ql.io.orc.OrcInputFormat:OrcSplit [file:/home/alex/Repositories/hive/ql/target/tmp/org.apache.hadoop.hive.ql.TestTxnNoBuckets-1713930630697/warehouse/acidtbl/delta_0000001_0000001_0000/bucket_00001_0, start=0, length=704, isOriginal=false, fileLength=704, hasFooter=false, hasBase=true, deltas=0]
2024-04-23T20:52:27,119  INFO [LocalJobRunner Map Task Executor #0] exec.SerializationUtilities: Deserializing MapWork using kryo
2024-04-23T20:52:27,120  INFO [LocalJobRunner Map Task Executor #0] exec.Utilities: Deserialized plan (via FILE) - name: null size: 7,80KB
2024-04-23T20:52:27,121  INFO [LocalJobRunner Map Task Executor #0] orc.OrcInputFormat: ORC pushdown predicate: leaf-(BETWEEN a 5 7)
2024-04-23T20:52:27,121  INFO [LocalJobRunner Map Task Executor #0] orc.VectorizedOrcAcidRowBatchReader: Read ValidWriteIdList: default.acidtbl:1:9223372036854775807:::OrcSplit [file:/home/alex/Repositories/hive/ql/target/tmp/org.apache.hadoop.hive.ql.TestTxnNoBuckets-1713930630697/warehouse/acidtbl/delta_0000001_0000001_0000/bucket_00001_0, start=0, length=704, isOriginal=false, fileLength=704, hasFooter=false, hasBase=true, deltas=0]
2024-04-23T20:52:27,121  INFO [LocalJobRunner Map Task Executor #0] orc.ReaderImpl: Reading ORC rows from file:/home/alex/Repositories/hive/ql/target/tmp/org.apache.hadoop.hive.ql.TestTxnNoBuckets-1713930630697/warehouse/acidtbl/delta_0000001_0000001_0000/bucket_00001_0 with {include: [true, true, true], offset: 0, length: 704, sarg: leaf-(BETWEEN a 5 7), schema: struct<a:int,b:int>, includeAcidColumns: false}
2024-04-23T20:52:27,122  INFO [LocalJobRunner Map Task Executor #0] mapred.MapTask: numReduceTasks: 0
2024-04-23T20:52:27,123  INFO [LocalJobRunner Map Task Executor #0] vector.VectorMapOperator: Initializing Operator: MAP[0]
2024-04-23T20:52:27,123  INFO [LocalJobRunner Map Task Executor #0] mr.ExecMapper: 
<MAP>Id =0
  <Children>
    <TS>Id =7
      <Children>
        <FIL>Id =22
          <Children>
            <SEL>Id =23
              <Children>
                <FS>Id =24
                  <Children>
                  <\Children>
                  <Parent>Id = 23 null<\Parent>
                <\FS>
              <\Children>
              <Parent>Id = 22 null<\Parent>
            <\SEL>
          <\Children>
          <Parent>Id = 7 null<\Parent>
        <\FIL>
      <\Children>
      <Parent><\Parent>
    <\TS>
  <\Children>
  <Parent><\Parent>
<\MAP>
2024-04-23T20:52:27,124  INFO [LocalJobRunner Map Task Executor #0] exec.TableScanOperator: Initializing Operator: TS[7]
2024-04-23T20:52:27,124  INFO [LocalJobRunner Map Task Executor #0] vector.VectorFilterOperator: Initializing Operator: FIL[22]
2024-04-23T20:52:27,124  INFO [LocalJobRunner Map Task Executor #0] vector.VectorSelectOperator: Initializing Operator: SEL[23]
2024-04-23T20:52:27,124  INFO [LocalJobRunner Map Task Executor #0] vector.VectorFileSinkOperator: Initializing Operator: FS[24]
2024-04-23T20:52:27,125  INFO [LocalJobRunner Map Task Executor #0] exec.FileSinkOperator: Using serializer : AbstractSerDe [log=org.apache.logging.slf4j.Log4jLogger@4aa280a, configuration=Optional[Configuration: core-default.xml, core-site.xml, mapred-default.xml, mapred-site.xml, yarn-default.xml, yarn-site.xml, hdfs-default.xml, hdfs-site.xml, file:/home/alex/Repositories/hive/ql/target/tmp/TestTxnNoBucketsVectorized/mapred/local/localRunner/alex/job_local1343775188_0050/job_local1343775188_0050.xml], properties={name=default.t, columns.types=int:int, serialization.format=1, columns=a,b, numFilesErasureCoded=0, columns.comments=&amp#0;, bucketing_version=2, serialization.lib=org.apache.hadoop.hive.ql.io.orc.OrcSerde, file.inputformat=org.apache.hadoop.hive.ql.io.orc.OrcInputFormat, file.outputformat=org.apache.hadoop.hive.ql.io.orc.OrcOutputFormat, location=file:/home/alex/Repositories/hive/ql/target/tmp/org.apache.hadoop.hive.ql.TestTxnNoBuckets-1713930630697/warehouse/t, column.name.delimiter=,}, tableProperties={name=default.t, columns.types=int:int, serialization.format=1, columns=a,b, numFilesErasureCoded=0, columns.comments=&amp#0;, bucketing_version=2, serialization.lib=org.apache.hadoop.hive.ql.io.orc.OrcSerde, file.inputformat=org.apache.hadoop.hive.ql.io.orc.OrcInputFormat, location=file:/home/alex/Repositories/hive/ql/target/tmp/org.apache.hadoop.hive.ql.TestTxnNoBuckets-1713930630697/warehouse/t, file.outputformat=org.apache.hadoop.hive.ql.io.orc.OrcOutputFormat, column.name.delimiter=,}, partitionProperties=Optional.empty, columnNames=[a, b], columnTypes=[int, int], getClass()=class org.apache.hadoop.hive.ql.io.orc.OrcSerde] and formatter : org.apache.hadoop.hive.ql.io.orc.OrcOutputFormat@249e4d58
2024-04-23T20:52:27,126  INFO [LocalJobRunner Map Task Executor #0] exec.FileSinkOperator: Final Path: FS file:/home/alex/Repositories/hive/ql/target/tmp/org.apache.hadoop.hive.ql.TestTxnNoBuckets-1713930630697/warehouse/t/.hive-staging_hive_2024-04-23_20-52-25_299_7644929326832271133-1/-ext-10000/_tmp.HIVE_UNION_SUBDIR_16/000000_0
2024-04-23T20:52:27,126  INFO [LocalJobRunner Map Task Executor #0] exec.FileSinkOperator: Writing to temp file: FS file:/home/alex/Repositories/hive/ql/target/tmp/org.apache.hadoop.hive.ql.TestTxnNoBuckets-1713930630697/warehouse/t/.hive-staging_hive_2024-04-23_20-52-25_299_7644929326832271133-1/-ext-10000/_task_tmp.HIVE_UNION_SUBDIR_16/_tmp.000000_0
2024-04-23T20:52:27,127  INFO [LocalJobRunner Map Task Executor #0] exec.FileSinkOperator: New Final Path: FS file:/home/alex/Repositories/hive/ql/target/tmp/org.apache.hadoop.hive.ql.TestTxnNoBuckets-1713930630697/warehouse/t/.hive-staging_hive_2024-04-23_20-52-25_299_7644929326832271133-1/-ext-10000/_tmp.HIVE_UNION_SUBDIR_16/000000_0
2024-04-23T20:52:27,127  INFO [LocalJobRunner Map Task Executor #0] exec.FileSinkOperator: FS[24]: records written - 1
2024-04-23T20:52:27,127  INFO [LocalJobRunner Map Task Executor #0] impl.PhysicalFsWriter: ORC writer created for path: file:/home/alex/Repositories/hive/ql/target/tmp/org.apache.hadoop.hive.ql.TestTxnNoBuckets-1713930630697/warehouse/t/.hive-staging_hive_2024-04-23_20-52-25_299_7644929326832271133-1/-ext-10000/_task_tmp.HIVE_UNION_SUBDIR_16/_tmp.000000_0 with stripeSize: 67108864 blockSize: 268435456 compression: Compress: ZLIB buffer: 262144
2024-04-23T20:52:27,134  INFO [LocalJobRunner Map Task Executor #0] impl.WriterImpl: ORC writer created for path: file:/home/alex/Repositories/hive/ql/target/tmp/org.apache.hadoop.hive.ql.TestTxnNoBuckets-1713930630697/warehouse/t/.hive-staging_hive_2024-04-23_20-52-25_299_7644929326832271133-1/-ext-10000/_task_tmp.HIVE_UNION_SUBDIR_16/_tmp.000000_0 with stripeSize: 67108864 options: Compress: ZLIB buffer: 262144
2024-04-23T20:52:27,134  INFO [LocalJobRunner Map Task Executor #0] vector.VectorMapOperator: Closing Operator: MAP[0]
2024-04-23T20:52:27,135  INFO [LocalJobRunner Map Task Executor #0] vector.VectorMapOperator: RECORDS_OUT_OPERATOR_MAP_0:0, RECORDS_OUT_INTERMEDIATE:0, DESERIALIZE_ERRORS:0, RECORDS_IN:3, 
2024-04-23T20:52:27,135  INFO [LocalJobRunner Map Task Executor #0] exec.TableScanOperator: Closing Operator: TS[7]
2024-04-23T20:52:27,135  INFO [LocalJobRunner Map Task Executor #0] exec.TableScanOperator: RECORDS_OUT_INTERMEDIATE:0, RECORDS_OUT_OPERATOR_TS_7:3, 
2024-04-23T20:52:27,135  INFO [LocalJobRunner Map Task Executor #0] vector.VectorFilterOperator: Closing Operator: FIL[22]
2024-04-23T20:52:27,135  INFO [LocalJobRunner Map Task Executor #0] vector.VectorFilterOperator: RECORDS_OUT_INTERMEDIATE:0, RECORDS_OUT_OPERATOR_FIL_22:1, 
2024-04-23T20:52:27,135  INFO [LocalJobRunner Map Task Executor #0] vector.VectorSelectOperator: Closing Operator: SEL[23]
2024-04-23T20:52:27,135  INFO [LocalJobRunner Map Task Executor #0] vector.VectorSelectOperator: RECORDS_OUT_INTERMEDIATE:0, RECORDS_OUT_OPERATOR_SEL_23:1, 
2024-04-23T20:52:27,135  INFO [LocalJobRunner Map Task Executor #0] vector.VectorFileSinkOperator: Closing Operator: FS[24]
2024-04-23T20:52:27,135  INFO [LocalJobRunner Map Task Executor #0] exec.FileSinkOperator: FS[24]: records written - 1
2024-04-23T20:52:27,137  INFO [LocalJobRunner Map Task Executor #0] vector.VectorFileSinkOperator: RECORDS_OUT_INTERMEDIATE:0, RECORDS_OUT_1_default.t:1, TOTAL_TABLE_ROWS_WRITTEN:1, RECORDS_OUT_OPERATOR_FS_24:1, 
2024-04-23T20:52:27,138  INFO [LocalJobRunner Map Task Executor #0] mapred.LocalJobRunner: 
2024-04-23T20:52:27,139  INFO [LocalJobRunner Map Task Executor #0] mapred.Task: Task:attempt_local1343775188_0050_m_000000_0 is done. And is in the process of committing
2024-04-23T20:52:27,139  INFO [LocalJobRunner Map Task Executor #0] mapred.LocalJobRunner: OrcSplit [file:/home/alex/Repositories/hive/ql/target/tmp/org.apache.hadoop.hive.ql.TestTxnNoBuckets-1713930630697/warehouse/acidtbl/delta_0000001_0000001_0000/bucket_00001_0, start=0, length=704, isOriginal=false, fileLength=704, hasFooter=false, hasBase=true, deltas=0]
2024-04-23T20:52:27,139  INFO [LocalJobRunner Map Task Executor #0] mapred.Task: Task 'attempt_local1343775188_0050_m_000000_0' done.
2024-04-23T20:52:27,139  INFO [LocalJobRunner Map Task Executor #0] mapred.Task: Final Counters for attempt_local1343775188_0050_m_000000_0: Counters: 26
	File System Counters
		FILE: Number of bytes read=1199324
		FILE: Number of bytes written=60141533
		FILE: Number of read operations=0
		FILE: Number of large read operations=0
		FILE: Number of write operations=0
	Map-Reduce Framework
		Map input records=1
		Map output records=0
		Input split bytes=497
		Spilled Records=0
		Failed Shuffles=0
		Merged Map outputs=0
		GC time elapsed (ms)=0
		Total committed heap usage (bytes)=1205862400
	HIVE
		CREATED_FILES=1
		DESERIALIZE_ERRORS=0
		RECORDS_IN=3
		RECORDS_OUT_1_default.t=1
		RECORDS_OUT_INTERMEDIATE=0
		RECORDS_OUT_OPERATOR_FIL_22=1
		RECORDS_OUT_OPERATOR_FS_24=1
		RECORDS_OUT_OPERATOR_MAP_0=0
		RECORDS_OUT_OPERATOR_SEL_23=1
		RECORDS_OUT_OPERATOR_TS_7=3
		TOTAL_TABLE_ROWS_WRITTEN=1
	File Input Format Counters 
		Bytes Read=12207
	File Output Format Counters 
		Bytes Written=0
2024-04-23T20:52:27,139  INFO [LocalJobRunner Map Task Executor #0] mapred.LocalJobRunner: Finishing task: attempt_local1343775188_0050_m_000000_0
2024-04-23T20:52:27,139  INFO [LocalJobRunner Map Task Executor #0] mapred.LocalJobRunner: Starting task: attempt_local1343775188_0050_m_000001_0
2024-04-23T20:52:27,140  INFO [LocalJobRunner Map Task Executor #0] mapred.Task:  Using ResourceCalculatorProcessTree : [ ]
2024-04-23T20:52:27,140  INFO [LocalJobRunner Map Task Executor #0] mapred.MapTask: Processing split: org.apache.hadoop.hive.ql.io.orc.OrcInputFormat:OrcSplit [file:/home/alex/Repositories/hive/ql/target/tmp/org.apache.hadoop.hive.ql.TestTxnNoBuckets-1713930630697/warehouse/acidtbl/delta_0000001_0000001_0000/bucket_00000_0, start=0, length=688, isOriginal=false, fileLength=688, hasFooter=false, hasBase=true, deltas=0]
2024-04-23T20:52:27,141  INFO [LocalJobRunner Map Task Executor #0] exec.SerializationUtilities: Deserializing MapWork using kryo
2024-04-23T20:52:27,141  INFO [LocalJobRunner Map Task Executor #0] exec.Utilities: Deserialized plan (via FILE) - name: null size: 7,80KB
2024-04-23T20:52:27,142  INFO [LocalJobRunner Map Task Executor #0] orc.OrcInputFormat: ORC pushdown predicate: leaf-(BETWEEN a 5 7)
2024-04-23T20:52:27,142  INFO [LocalJobRunner Map Task Executor #0] orc.VectorizedOrcAcidRowBatchReader: Read ValidWriteIdList: default.acidtbl:1:9223372036854775807:::OrcSplit [file:/home/alex/Repositories/hive/ql/target/tmp/org.apache.hadoop.hive.ql.TestTxnNoBuckets-1713930630697/warehouse/acidtbl/delta_0000001_0000001_0000/bucket_00000_0, start=0, length=688, isOriginal=false, fileLength=688, hasFooter=false, hasBase=true, deltas=0]
2024-04-23T20:52:27,143  INFO [LocalJobRunner Map Task Executor #0] orc.ReaderImpl: Reading ORC rows from file:/home/alex/Repositories/hive/ql/target/tmp/org.apache.hadoop.hive.ql.TestTxnNoBuckets-1713930630697/warehouse/acidtbl/delta_0000001_0000001_0000/bucket_00000_0 with {include: [true, true, true], offset: 0, length: 688, sarg: leaf-(BETWEEN a 5 7), schema: struct<a:int,b:int>, includeAcidColumns: false}
2024-04-23T20:52:27,144  INFO [LocalJobRunner Map Task Executor #0] mapred.MapTask: numReduceTasks: 0
2024-04-23T20:52:27,145  INFO [LocalJobRunner Map Task Executor #0] vector.VectorMapOperator: Initializing Operator: MAP[0]
2024-04-23T20:52:27,145  INFO [LocalJobRunner Map Task Executor #0] mr.ExecMapper: 
<MAP>Id =0
  <Children>
    <TS>Id =7
      <Children>
        <FIL>Id =22
          <Children>
            <SEL>Id =23
              <Children>
                <FS>Id =24
                  <Children>
                  <\Children>
                  <Parent>Id = 23 null<\Parent>
                <\FS>
              <\Children>
              <Parent>Id = 22 null<\Parent>
            <\SEL>
          <\Children>
          <Parent>Id = 7 null<\Parent>
        <\FIL>
      <\Children>
      <Parent><\Parent>
    <\TS>
  <\Children>
  <Parent><\Parent>
<\MAP>
2024-04-23T20:52:27,146  INFO [LocalJobRunner Map Task Executor #0] exec.TableScanOperator: Initializing Operator: TS[7]
2024-04-23T20:52:27,146  INFO [LocalJobRunner Map Task Executor #0] vector.VectorFilterOperator: Initializing Operator: FIL[22]
2024-04-23T20:52:27,146  INFO [LocalJobRunner Map Task Executor #0] vector.VectorSelectOperator: Initializing Operator: SEL[23]
2024-04-23T20:52:27,146  INFO [LocalJobRunner Map Task Executor #0] vector.VectorFileSinkOperator: Initializing Operator: FS[24]
2024-04-23T20:52:27,147  INFO [LocalJobRunner Map Task Executor #0] exec.FileSinkOperator: Using serializer : AbstractSerDe [log=org.apache.logging.slf4j.Log4jLogger@4aa280a, configuration=Optional[Configuration: core-default.xml, core-site.xml, mapred-default.xml, mapred-site.xml, yarn-default.xml, yarn-site.xml, hdfs-default.xml, hdfs-site.xml, file:/home/alex/Repositories/hive/ql/target/tmp/TestTxnNoBucketsVectorized/mapred/local/localRunner/alex/job_local1343775188_0050/job_local1343775188_0050.xml], properties={name=default.t, columns.types=int:int, serialization.format=1, columns=a,b, numFilesErasureCoded=0, columns.comments=&amp#0;, bucketing_version=2, serialization.lib=org.apache.hadoop.hive.ql.io.orc.OrcSerde, file.inputformat=org.apache.hadoop.hive.ql.io.orc.OrcInputFormat, file.outputformat=org.apache.hadoop.hive.ql.io.orc.OrcOutputFormat, location=file:/home/alex/Repositories/hive/ql/target/tmp/org.apache.hadoop.hive.ql.TestTxnNoBuckets-1713930630697/warehouse/t, column.name.delimiter=,}, tableProperties={name=default.t, columns.types=int:int, serialization.format=1, columns=a,b, numFilesErasureCoded=0, columns.comments=&amp#0;, bucketing_version=2, serialization.lib=org.apache.hadoop.hive.ql.io.orc.OrcSerde, file.inputformat=org.apache.hadoop.hive.ql.io.orc.OrcInputFormat, location=file:/home/alex/Repositories/hive/ql/target/tmp/org.apache.hadoop.hive.ql.TestTxnNoBuckets-1713930630697/warehouse/t, file.outputformat=org.apache.hadoop.hive.ql.io.orc.OrcOutputFormat, column.name.delimiter=,}, partitionProperties=Optional.empty, columnNames=[a, b], columnTypes=[int, int], getClass()=class org.apache.hadoop.hive.ql.io.orc.OrcSerde] and formatter : org.apache.hadoop.hive.ql.io.orc.OrcOutputFormat@13ed599e
2024-04-23T20:52:27,148  INFO [LocalJobRunner Map Task Executor #0] exec.FileSinkOperator: Final Path: FS file:/home/alex/Repositories/hive/ql/target/tmp/org.apache.hadoop.hive.ql.TestTxnNoBuckets-1713930630697/warehouse/t/.hive-staging_hive_2024-04-23_20-52-25_299_7644929326832271133-1/-ext-10000/_tmp.HIVE_UNION_SUBDIR_16/000001_0
2024-04-23T20:52:27,148  INFO [LocalJobRunner Map Task Executor #0] exec.FileSinkOperator: Writing to temp file: FS file:/home/alex/Repositories/hive/ql/target/tmp/org.apache.hadoop.hive.ql.TestTxnNoBuckets-1713930630697/warehouse/t/.hive-staging_hive_2024-04-23_20-52-25_299_7644929326832271133-1/-ext-10000/_task_tmp.HIVE_UNION_SUBDIR_16/_tmp.000001_0
2024-04-23T20:52:27,148  INFO [LocalJobRunner Map Task Executor #0] exec.FileSinkOperator: New Final Path: FS file:/home/alex/Repositories/hive/ql/target/tmp/org.apache.hadoop.hive.ql.TestTxnNoBuckets-1713930630697/warehouse/t/.hive-staging_hive_2024-04-23_20-52-25_299_7644929326832271133-1/-ext-10000/_tmp.HIVE_UNION_SUBDIR_16/000001_0
2024-04-23T20:52:27,148  INFO [LocalJobRunner Map Task Executor #0] exec.FileSinkOperator: FS[24]: records written - 1
2024-04-23T20:52:27,148  INFO [LocalJobRunner Map Task Executor #0] impl.PhysicalFsWriter: ORC writer created for path: file:/home/alex/Repositories/hive/ql/target/tmp/org.apache.hadoop.hive.ql.TestTxnNoBuckets-1713930630697/warehouse/t/.hive-staging_hive_2024-04-23_20-52-25_299_7644929326832271133-1/-ext-10000/_task_tmp.HIVE_UNION_SUBDIR_16/_tmp.000001_0 with stripeSize: 67108864 blockSize: 268435456 compression: Compress: ZLIB buffer: 262144
2024-04-23T20:52:27,153  INFO [LocalJobRunner Map Task Executor #0] impl.WriterImpl: ORC writer created for path: file:/home/alex/Repositories/hive/ql/target/tmp/org.apache.hadoop.hive.ql.TestTxnNoBuckets-1713930630697/warehouse/t/.hive-staging_hive_2024-04-23_20-52-25_299_7644929326832271133-1/-ext-10000/_task_tmp.HIVE_UNION_SUBDIR_16/_tmp.000001_0 with stripeSize: 67108864 options: Compress: ZLIB buffer: 262144
2024-04-23T20:52:27,153  INFO [LocalJobRunner Map Task Executor #0] vector.VectorMapOperator: Closing Operator: MAP[0]
2024-04-23T20:52:27,153  INFO [LocalJobRunner Map Task Executor #0] vector.VectorMapOperator: RECORDS_IN:2, RECORDS_OUT_OPERATOR_MAP_0:0, DESERIALIZE_ERRORS:0, RECORDS_OUT_INTERMEDIATE:0, 
2024-04-23T20:52:27,153  INFO [LocalJobRunner Map Task Executor #0] exec.TableScanOperator: Closing Operator: TS[7]
2024-04-23T20:52:27,153  INFO [LocalJobRunner Map Task Executor #0] exec.TableScanOperator: RECORDS_OUT_OPERATOR_TS_7:2, RECORDS_OUT_INTERMEDIATE:0, 
2024-04-23T20:52:27,153  INFO [LocalJobRunner Map Task Executor #0] vector.VectorFilterOperator: Closing Operator: FIL[22]
2024-04-23T20:52:27,153  INFO [LocalJobRunner Map Task Executor #0] vector.VectorFilterOperator: RECORDS_OUT_OPERATOR_FIL_22:1, RECORDS_OUT_INTERMEDIATE:0, 
2024-04-23T20:52:27,153  INFO [LocalJobRunner Map Task Executor #0] vector.VectorSelectOperator: Closing Operator: SEL[23]
2024-04-23T20:52:27,153  INFO [LocalJobRunner Map Task Executor #0] vector.VectorSelectOperator: RECORDS_OUT_INTERMEDIATE:0, RECORDS_OUT_OPERATOR_SEL_23:1, 
2024-04-23T20:52:27,153  INFO [LocalJobRunner Map Task Executor #0] vector.VectorFileSinkOperator: Closing Operator: FS[24]
2024-04-23T20:52:27,153  INFO [LocalJobRunner Map Task Executor #0] exec.FileSinkOperator: FS[24]: records written - 1
2024-04-23T20:52:27,155  INFO [LocalJobRunner Map Task Executor #0] vector.VectorFileSinkOperator: RECORDS_OUT_OPERATOR_FS_24:1, RECORDS_OUT_1_default.t:1, TOTAL_TABLE_ROWS_WRITTEN:1, RECORDS_OUT_INTERMEDIATE:0, 
2024-04-23T20:52:27,155  INFO [LocalJobRunner Map Task Executor #0] mapred.LocalJobRunner: 
2024-04-23T20:52:27,156  INFO [LocalJobRunner Map Task Executor #0] mapred.Task: Task:attempt_local1343775188_0050_m_000001_0 is done. And is in the process of committing
2024-04-23T20:52:27,156  INFO [LocalJobRunner Map Task Executor #0] mapred.LocalJobRunner: OrcSplit [file:/home/alex/Repositories/hive/ql/target/tmp/org.apache.hadoop.hive.ql.TestTxnNoBuckets-1713930630697/warehouse/acidtbl/delta_0000001_0000001_0000/bucket_00000_0, start=0, length=688, isOriginal=false, fileLength=688, hasFooter=false, hasBase=true, deltas=0]
2024-04-23T20:52:27,156  INFO [LocalJobRunner Map Task Executor #0] mapred.Task: Task 'attempt_local1343775188_0050_m_000001_0' done.
2024-04-23T20:52:27,156  INFO [LocalJobRunner Map Task Executor #0] mapred.Task: Final Counters for attempt_local1343775188_0050_m_000001_0: Counters: 26
	File System Counters
		FILE: Number of bytes read=1212452
		FILE: Number of bytes written=60141819
		FILE: Number of read operations=0
		FILE: Number of large read operations=0
		FILE: Number of write operations=0
	Map-Reduce Framework
		Map input records=1
		Map output records=0
		Input split bytes=497
		Spilled Records=0
		Failed Shuffles=0
		Merged Map outputs=0
		GC time elapsed (ms)=0
		Total committed heap usage (bytes)=1205862400
	HIVE
		CREATED_FILES=1
		DESERIALIZE_ERRORS=0
		RECORDS_IN=2
		RECORDS_OUT_1_default.t=1
		RECORDS_OUT_INTERMEDIATE=0
		RECORDS_OUT_OPERATOR_FIL_22=1
		RECORDS_OUT_OPERATOR_FS_24=1
		RECORDS_OUT_OPERATOR_MAP_0=0
		RECORDS_OUT_OPERATOR_SEL_23=1
		RECORDS_OUT_OPERATOR_TS_7=2
		TOTAL_TABLE_ROWS_WRITTEN=1
	File Input Format Counters 
		Bytes Read=12111
	File Output Format Counters 
		Bytes Written=0
2024-04-23T20:52:27,156  INFO [LocalJobRunner Map Task Executor #0] mapred.LocalJobRunner: Finishing task: attempt_local1343775188_0050_m_000001_0
2024-04-23T20:52:27,156  INFO [Thread-3226] mapred.LocalJobRunner: map task executor complete.
2024-04-23 20:52:28,115 Stage-3 map = 100%,  reduce = 0%
2024-04-23T20:52:28,115  INFO [main] exec.Task: 2024-04-23 20:52:28,115 Stage-3 map = 100%,  reduce = 0%
Ended Job = job_local1343775188_0050
2024-04-23T20:52:28,116  INFO [main] exec.Task: Ended Job = job_local1343775188_0050
2024-04-23T20:52:28,118  INFO [main] ql.Driver: Starting task [Stage-0:MOVE] in serial mode
Loading data to table default.t
2024-04-23T20:52:28,118  INFO [main] exec.Task: Loading data to table default.t from file:/home/alex/Repositories/hive/ql/target/tmp/org.apache.hadoop.hive.ql.TestTxnNoBuckets-1713930630697/warehouse/t/.hive-staging_hive_2024-04-23_20-52-25_299_7644929326832271133-1/-ext-10000
2024-04-23T20:52:28,118  INFO [main] HiveMetaStore.audit: ugi=alex	ip=unknown-ip-addr	cmd=get_table : tbl=hive.default.t	
2024-04-23T20:52:28,127  INFO [main] metastore.HMSHandler: Skipping translation for processor with null
2024-04-23T20:52:28,127  INFO [main] HiveMetaStore.audit: ugi=alex	ip=unknown-ip-addr	cmd=get_table : tbl=hive.default.t	
2024-04-23T20:52:28,136  INFO [main] metastore.HMSHandler: Skipping translation for processor with null
2024-04-23T20:52:28,138  WARN [main] metadata.Hive: Cannot get a table snapshot for t
2024-04-23T20:52:28,138  INFO [main] HiveMetaStore.audit: ugi=alex	ip=unknown-ip-addr	cmd=alter_table: hive.default.t newtbl=t	
2024-04-23T20:52:28,163  INFO [main] ql.Driver: Starting task [Stage-2:STATS] in serial mode
2024-04-23T20:52:28,163  INFO [main] HiveMetaStore.audit: ugi=alex	ip=unknown-ip-addr	cmd=get_table : tbl=hive.default.t	
2024-04-23T20:52:28,172  INFO [main] metastore.HMSHandler: Skipping translation for processor with null
2024-04-23T20:52:28,172  INFO [main] stats.BasicStatsTask: Executing stats task
2024-04-23T20:52:28,173  INFO [main] fs.FSStatsPublisher: created : file:/home/alex/Repositories/hive/ql/target/tmp/localscratchdir/7ebc01d5-15d9-4723-a951-b8cae7daded8/hive_2024-04-23_20-52-25_299_7644929326832271133-1/-mr-10001
2024-04-23T20:52:28,174  INFO [main] HiveMetaStore.audit: ugi=alex	ip=unknown-ip-addr	cmd=get_table : tbl=hive.default.t	
2024-04-23T20:52:28,183  INFO [main] metastore.HMSHandler: Skipping translation for processor with null
2024-04-23T20:52:28,184  INFO [main] FileOperations: Read stats for default.t/, numRows, true, 2, false: 
2024-04-23T20:52:28,184  INFO [main] FileOperations: Read stats for default.t/, rawDataSize, true, 16, false: 
2024-04-23T20:52:28,185  WARN [main] metadata.Hive: Cannot get a table snapshot for t
2024-04-23T20:52:28,185  INFO [main] HiveMetaStore.audit: ugi=alex	ip=unknown-ip-addr	cmd=alter_table: hive.default.t newtbl=t	
2024-04-23T20:52:28,229  INFO [main] stats.BasicStatsTask: Table default.t stats: [numFiles=7, numRows=8, totalSize=1789, rawDataSize=64, numFilesErasureCoded=0]
2024-04-23T20:52:28,230  INFO [main] metadata.Hive: Dumping metastore api call timing information for : execution phase
2024-04-23T20:52:28,230  INFO [main] metadata.Hive: Total time spent in each metastore function (ms): {getTable_(GetTableRequest)=37, alter_table_(String, String, String, Table, EnvironmentContext, String)=69, isCompatibleWith_(Configuration)=0}
MapReduce Jobs Launched: 
2024-04-23T20:52:28,230  INFO [main] ql.Driver: MapReduce Jobs Launched: 
Stage-Stage-1:  HDFS Read: 0 HDFS Write: 0 SUCCESS
2024-04-23T20:52:28,231  INFO [main] ql.Driver: Stage-Stage-1:  HDFS Read: 0 HDFS Write: 0 SUCCESS
Stage-Stage-3:  HDFS Read: 0 HDFS Write: 0 SUCCESS
2024-04-23T20:52:28,231  INFO [main] ql.Driver: Stage-Stage-3:  HDFS Read: 0 HDFS Write: 0 SUCCESS
Total MapReduce CPU Time Spent: 0 msec
2024-04-23T20:52:28,231  INFO [main] ql.Driver: Total MapReduce CPU Time Spent: 0 msec
2024-04-23T20:52:28,231  INFO [main] ql.Driver: Completed executing command(queryId=alex_20240423205225_ad2b6bc0-5c2b-40d6-8b3b-1bad0dff0e1c); Time taken: 2.692 seconds
2024-04-23T20:52:28,231  INFO [main] lockmgr.DbTxnManager: Stopped heartbeat for query: alex_20240423205225_ad2b6bc0-5c2b-40d6-8b3b-1bad0dff0e1c
2024-04-23T20:52:28,236  INFO [main] txn.TxnHandler: Expected to move at least one record from txn_components to completed_txn_components when committing txn! txnid:19
2024-04-23T20:52:28,245  INFO [main] txn.TxnHandler: Removed transactions: ([19]) from MIN_HISTORY_LEVEL
2024-04-23T20:52:28,245  WARN [main] txn.CompactionTxnHandler: No compaction queue record found for Compaction type transaction commit. txnId:19
2024-04-23T20:52:28,246  INFO [main] ql.TxnCommandsBaseForTests: Running the query: select a, b, INPUT__FILE__NAME from T order by a, b, INPUT__FILE__NAME
2024-04-23T20:52:28,247  INFO [main] ql.Context: Deleting scratch dir: file:/home/alex/Repositories/hive/ql/target/tmp/org.apache.hadoop.hive.ql.TestTxnNoBuckets-1713930630697/warehouse/t/.hive-staging_hive_2024-04-23_20-52-25_299_7644929326832271133-1
2024-04-23T20:52:28,247  INFO [main] cleanup.SyncCleanupService: Deleted directory: file:/home/alex/Repositories/hive/ql/target/tmp/org.apache.hadoop.hive.ql.TestTxnNoBuckets-1713930630697/warehouse/t/.hive-staging_hive_2024-04-23_20-52-25_299_7644929326832271133-1 on fs with scheme file
2024-04-23T20:52:28,247  INFO [main] ql.Context: Deleting scratch dir: file:/home/alex/Repositories/hive/ql/target/tmp/localscratchdir/7ebc01d5-15d9-4723-a951-b8cae7daded8/hive_2024-04-23_20-52-25_299_7644929326832271133-1
2024-04-23T20:52:28,248  INFO [main] cleanup.SyncCleanupService: Deleted directory: file:/home/alex/Repositories/hive/ql/target/tmp/localscratchdir/7ebc01d5-15d9-4723-a951-b8cae7daded8/hive_2024-04-23_20-52-25_299_7644929326832271133-1 on fs with scheme file
2024-04-23T20:52:28,248  INFO [main] ql.Driver: Compiling command(queryId=alex_20240423205225_ad2b6bc0-5c2b-40d6-8b3b-1bad0dff0e1c): select a, b, INPUT__FILE__NAME from T order by a, b, INPUT__FILE__NAME
2024-04-23T20:52:28,252  INFO [main] txn.TxnHandler: Added entries to MIN_HISTORY_LEVEL for current txns: ([20]) with min_open_txn: 20
2024-04-23T20:52:28,252  INFO [main] lockmgr.DbTxnManager: Opened txnid:20
2024-04-23T20:52:28,253  INFO [main] parse.CalcitePlanner: Starting caching scope for: alex_20240423205225_ad2b6bc0-5c2b-40d6-8b3b-1bad0dff0e1c
2024-04-23T20:52:28,253  INFO [main] parse.CalcitePlanner: Starting Semantic Analysis
2024-04-23T20:52:28,257  INFO [main] parse.CalcitePlanner: Completed phase 1 of Semantic Analysis
2024-04-23T20:52:28,257  INFO [main] parse.CalcitePlanner: Get metadata for source tables
2024-04-23T20:52:28,258  INFO [main] HiveMetaStore.audit: ugi=alex	ip=unknown-ip-addr	cmd=get_table : tbl=hive.default.t	
2024-04-23T20:52:28,271  INFO [main] metastore.HMSHandler: Skipping translation for processor with null
2024-04-23T20:52:28,272  INFO [main] parse.CalcitePlanner: Get metadata for subqueries
2024-04-23T20:52:28,272  INFO [main] parse.CalcitePlanner: Get metadata for destination tables
2024-04-23T20:52:28,272  INFO [main] parse.CalcitePlanner: Completed getting MetaData in Semantic Analysis
2024-04-23T20:52:28,286  INFO [main] HiveMetaStore.audit: ugi=alex	ip=unknown-ip-addr	cmd=get_all_table_constraints : tbl=hive.default.t	
2024-04-23T20:52:28,296  INFO [main] calcite.RelOptHiveTable: Calculating column statistics for default.t, projIndxSet: [0, 1], allowMissingStats: true
2024-04-23T20:52:28,297  INFO [main] HiveMetaStore.audit: ugi=alex	ip=unknown-ip-addr	cmd=get_table_statistics_req: table=hive.default.t	
2024-04-23T20:52:28,311  WARN [main] calcite.RelOptHiveTable: No Stats for default@t, Columns: b, a
No Stats for default@t, Columns: b, a
2024-04-23T20:52:28,311  INFO [main] SessionState: No Stats for default@t, Columns: b, a
2024-04-23T20:52:28,365  INFO [main] parse.CalcitePlanner: Get metadata for source tables
2024-04-23T20:52:28,365  INFO [main] parse.CalcitePlanner: Get metadata for subqueries
2024-04-23T20:52:28,365  INFO [main] parse.CalcitePlanner: Get metadata for destination tables
2024-04-23T20:52:28,366  INFO [main] common.FileUtils: Creating directory if it doesn't exist: file:/home/alex/Repositories/hive/ql/target/tmp/localscratchdir/7ebc01d5-15d9-4723-a951-b8cae7daded8/hive_2024-04-23_20-52-28_248_6358139324105127685-1/-mr-10001/.hive-staging_hive_2024-04-23_20-52-28_248_6358139324105127685-1
2024-04-23T20:52:28,374  INFO [main] parse.CalcitePlanner: CBO Succeeded; optimized logical plan.
2024-04-23T20:52:28,377  INFO [main] optimizer.ColumnPrunerProcFactory: RS 2 oldColExprMap: {KEY.reducesinkkey0=Column[_col0], KEY.reducesinkkey1=Column[_col1], KEY.reducesinkkey2=Column[_col2]}
2024-04-23T20:52:28,377  INFO [main] optimizer.ColumnPrunerProcFactory: RS 2 newColExprMap: {KEY.reducesinkkey0=Column[_col0], KEY.reducesinkkey1=Column[_col1], KEY.reducesinkkey2=Column[_col2]}
2024-04-23T20:52:28,378  INFO [main] optimizer.BucketVersionPopulator: not considering bucketingVersion for: TS[0] because it has -1<2 buckets 
2024-04-23T20:52:28,379  INFO [main] optimizer.SortedDynPartitionOptimizer: Sorted dynamic partitioning optimization kicked in..
2024-04-23T20:52:28,388  INFO [main] physical.Vectorizer: Examining input format to see if vectorization is enabled.
2024-04-23T20:52:28,389  INFO [main] physical.Vectorizer: Vectorization is enabled for input format(s) [org.apache.hadoop.hive.ql.io.orc.OrcInputFormat]
2024-04-23T20:52:28,389  INFO [main] physical.Vectorizer: Validating and vectorizing MapWork... (vectorizedVertexNum 0)
2024-04-23T20:52:28,389  INFO [main] physical.Vectorizer: Map vectorization enabled: true
2024-04-23T20:52:28,389  INFO [main] physical.Vectorizer: Map vectorized: false
2024-04-23T20:52:28,389  INFO [main] physical.Vectorizer: Map notVectorizedReason: Select expression for SELECT operator: Virtual column INPUT__FILE__NAME is not supported
2024-04-23T20:52:28,389  INFO [main] physical.Vectorizer: Map vectorizedVertexNum: 0
2024-04-23T20:52:28,389  INFO [main] physical.Vectorizer: Map enabledConditionsMet: [hive.vectorized.use.vectorized.input.format IS true]
2024-04-23T20:52:28,389  INFO [main] physical.Vectorizer: Map inputFileFormatClassNameSet: [org.apache.hadoop.hive.ql.io.orc.OrcInputFormat]
2024-04-23T20:52:28,389  INFO [main] physical.Vectorizer: Reduce vectorization enabled: false
2024-04-23T20:52:28,389  INFO [main] physical.Vectorizer: Reduce vectorized: false
2024-04-23T20:52:28,389  INFO [main] physical.Vectorizer: Reduce vectorizedVertexNum: 1
2024-04-23T20:52:28,389  INFO [main] physical.Vectorizer: Reducer hive.vectorized.execution.reduce.enabled: true
2024-04-23T20:52:28,389  INFO [main] physical.Vectorizer: Reducer engine: mr
2024-04-23T20:52:28,389  INFO [main] parse.CalcitePlanner: Completed plan generation
2024-04-23T20:52:28,389  INFO [main] parse.CalcitePlanner: Ending caching scope for: alex_20240423205225_ad2b6bc0-5c2b-40d6-8b3b-1bad0dff0e1c
2024-04-23T20:52:28,389  INFO [main] ql.Driver: Semantic Analysis Completed (retrial = false)
2024-04-23T20:52:28,389  INFO [main] ql.Driver: Created Hive schema: Schema(fieldSchemas:[FieldSchema(name:a, type:int, comment:null), FieldSchema(name:b, type:int, comment:null), FieldSchema(name:input__file__name, type:string, comment:null)], properties:null)
2024-04-23T20:52:28,390  INFO [main] exec.ListSinkOperator: Initializing Operator: LIST_SINK[5]
2024-04-23T20:52:28,391  INFO [main] metadata.Hive: Dumping metastore api call timing information for : compilation phase
2024-04-23T20:52:28,391  INFO [main] metadata.Hive: Total time spent in each metastore function (ms): {isCompatibleWith_(Configuration)=1, getTable_(GetTableRequest)=13, commitTxn_(CommitTxnRequest)=15, getValidWriteIds_(List, String)=3, getValidTxns_(long)=0, getAllTableConstraints_(AllTableConstraintsRequest)=6, getTableColumnStatistics_(String, String, List, String)=13, openTxn_(String, TxnType)=3, flushCache_()=0}
2024-04-23T20:52:28,391  INFO [main] ql.Driver: Completed compiling command(queryId=alex_20240423205225_ad2b6bc0-5c2b-40d6-8b3b-1bad0dff0e1c); Time taken: 0.143 seconds
2024-04-23T20:52:28,392  INFO [main] lockmgr.DbTxnManager: Setting lock request transaction to txnid:20 for queryId=alex_20240423205225_ad2b6bc0-5c2b-40d6-8b3b-1bad0dff0e1c
2024-04-23T20:52:28,392  INFO [main] lockmgr.DbLockManager: Requesting lock for queryId=alex_20240423205225_ad2b6bc0-5c2b-40d6-8b3b-1bad0dff0e1c
2024-04-23T20:52:28,406  INFO [main] lockmgr.DbLockManager: Response to queryId=alex_20240423205225_ad2b6bc0-5c2b-40d6-8b3b-1bad0dff0e1c LockResponse(lockid:14, state:ACQUIRED)
2024-04-23T20:52:28,406  INFO [main] ql.Driver: Operation QUERY obtained 1 locks
2024-04-23T20:52:28,406  INFO [main] ql.Driver: Executing command(queryId=alex_20240423205225_ad2b6bc0-5c2b-40d6-8b3b-1bad0dff0e1c): select a, b, INPUT__FILE__NAME from T order by a, b, INPUT__FILE__NAME
2024-04-23T20:52:28,406  WARN [main] ql.Driver: Hive-on-MR is deprecated in Hive 2 and may not be available in the future versions. Consider using a different execution engine (i.e. spark, tez) or using Hive 1.X releases.
Query ID = alex_20240423205225_ad2b6bc0-5c2b-40d6-8b3b-1bad0dff0e1c
2024-04-23T20:52:28,406  INFO [main] ql.Driver: Query ID = alex_20240423205225_ad2b6bc0-5c2b-40d6-8b3b-1bad0dff0e1c
Total jobs = 1
2024-04-23T20:52:28,406  INFO [main] ql.Driver: Total jobs = 1
Launching Job 1 out of 1
2024-04-23T20:52:28,406  INFO [main] ql.Driver: Launching Job 1 out of 1
2024-04-23T20:52:28,556  INFO [main] ql.Driver: Starting task [Stage-1:MAPRED] in serial mode
Number of reduce tasks determined at compile time: 1
2024-04-23T20:52:28,556  INFO [main] exec.Task: Number of reduce tasks determined at compile time: 1
In order to change the average load for a reducer (in bytes):
2024-04-23T20:52:28,556  INFO [main] exec.Task: In order to change the average load for a reducer (in bytes):
  set hive.exec.reducers.bytes.per.reducer=<number>
2024-04-23T20:52:28,556  INFO [main] exec.Task:   set hive.exec.reducers.bytes.per.reducer=<number>
In order to limit the maximum number of reducers:
2024-04-23T20:52:28,556  INFO [main] exec.Task: In order to limit the maximum number of reducers:
  set hive.exec.reducers.max=<number>
2024-04-23T20:52:28,557  INFO [main] exec.Task:   set hive.exec.reducers.max=<number>
In order to set a constant number of reducers:
2024-04-23T20:52:28,557  INFO [main] exec.Task: In order to set a constant number of reducers:
  set mapreduce.job.reduces=<number>
2024-04-23T20:52:28,557  INFO [main] exec.Task:   set mapreduce.job.reduces=<number>
2024-04-23T20:52:28,559  INFO [main] mr.ExecDriver: Using org.apache.hadoop.hive.ql.io.HiveInputFormat
2024-04-23T20:52:28,559  INFO [main] exec.Utilities: Processing alias t
2024-04-23T20:52:28,559  INFO [main] exec.Utilities: Adding 1 inputs; the first input is file:/home/alex/Repositories/hive/ql/target/tmp/org.apache.hadoop.hive.ql.TestTxnNoBuckets-1713930630697/warehouse/t
2024-04-23T20:52:28,568  INFO [main] exec.SerializationUtilities: Serializing MapWork using kryo
2024-04-23T20:52:28,569  INFO [main] exec.Utilities: Serialized plan (via FILE) - name: null size: 4,79KB
2024-04-23T20:52:28,574  INFO [main] exec.SerializationUtilities: Serializing ReduceWork using kryo
2024-04-23T20:52:28,576  INFO [main] exec.Utilities: Serialized plan (via FILE) - name: null size: 5,69KB
2024-04-23T20:52:28,577  WARN [main] impl.MetricsSystemImpl: JobTracker metrics system already initialized!
2024-04-23T20:52:28,585  WARN [main] impl.MetricsSystemImpl: JobTracker metrics system already initialized!
2024-04-23T20:52:28,593  WARN [main] mapreduce.JobResourceUploader: Hadoop command-line option parsing not performed. Implement the Tool interface and execute your application with ToolRunner to remedy this.
2024-04-23T20:52:28,598  WARN [main] mapreduce.JobResourceUploader: No job jar file set.  User classes may not be found. See Job or Job#setJar(String).
2024-04-23T20:52:28,599  INFO [main] io.HiveInputFormat: hive.io.file.readcolumn.ids = 0,1
2024-04-23T20:52:28,599  INFO [main] io.HiveInputFormat: hive.io.file.readcolumn.names = a,b
2024-04-23T20:52:28,599  INFO [main] io.HiveInputFormat: Generating splits for dirs: file:/home/alex/Repositories/hive/ql/target/tmp/org.apache.hadoop.hive.ql.TestTxnNoBuckets-1713930630697/warehouse/t
2024-04-23T20:52:28,600  INFO [main] orc.OrcInputFormat: getSplits started
2024-04-23T20:52:28,600  INFO [main] orc.OrcInputFormat: Context:: isAcid: false isVectorMode: false sarg: null minSplitSize: 1 maxSplitSize: 256000000 splitStrategy: HYBRID footerInSplits: false numBuckets: 0 numThreads: 10 cacheMemSize: 268435456 cacheStripeDetails: true useSoftReference: false writeIdList: null:9223372036854775807:9223372036854775807:: isTransactionalTable: false txnProperties: null 
2024-04-23T20:52:28,600  INFO [main] orc.OrcInputFormat: ORC pushdown predicate: null
2024-04-23T20:52:28,625  INFO [main] orc.OrcInputFormat: FooterCacheHitRatio: 0/7
2024-04-23T20:52:28,625  INFO [main] orc.OrcInputFormat: getSplits finished (#splits: 7). duration: 25 ms
2024-04-23T20:52:28,625  INFO [main] io.HiveInputFormat: number of splits 7
2024-04-23T20:52:28,644  INFO [main] mapreduce.JobSubmitter: number of splits:7
2024-04-23T20:52:28,663  INFO [main] mapreduce.JobSubmitter: Submitting tokens for job: job_local828002484_0051
2024-04-23T20:52:28,663  INFO [main] mapreduce.JobSubmitter: Executing with tokens: []
2024-04-23T20:52:28,745  INFO [main] mapreduce.Job: The url to track the job: http://localhost:8080/
Job running in-process (local Hadoop)
2024-04-23T20:52:28,745  INFO [main] exec.Task: Job running in-process (local Hadoop)
2024-04-23T20:52:28,746  INFO [Thread-3274] mapred.LocalJobRunner: OutputCommitter set in config org.apache.hadoop.hive.ql.io.HiveFileFormatUtils$NullOutputCommitter
2024-04-23T20:52:28,746  INFO [Thread-3274] mapred.LocalJobRunner: OutputCommitter is org.apache.hadoop.hive.ql.io.HiveFileFormatUtils$NullOutputCommitter
2024-04-23T20:52:28,749  INFO [Thread-3274] mapred.LocalJobRunner: Waiting for map tasks
2024-04-23T20:52:28,749  INFO [LocalJobRunner Map Task Executor #0] mapred.LocalJobRunner: Starting task: attempt_local828002484_0051_m_000000_0
2024-04-23T20:52:28,750  INFO [LocalJobRunner Map Task Executor #0] mapred.Task:  Using ResourceCalculatorProcessTree : [ ]
2024-04-23T20:52:28,750  INFO [LocalJobRunner Map Task Executor #0] mapred.MapTask: Processing split: org.apache.hadoop.hive.ql.io.orc.OrcInputFormat:OrcSplit [file:/home/alex/Repositories/hive/ql/target/tmp/org.apache.hadoop.hive.ql.TestTxnNoBuckets-1713930630697/warehouse/t/HIVE_UNION_SUBDIR_16/000001_0, start=0, length=274, isOriginal=true, fileLength=274, hasFooter=false, hasBase=true, deltas=0]
2024-04-23T20:52:28,750  INFO [LocalJobRunner Map Task Executor #0] exec.SerializationUtilities: Deserializing MapWork using kryo
2024-04-23T20:52:28,751  INFO [LocalJobRunner Map Task Executor #0] exec.Utilities: Deserialized plan (via FILE) - name: null size: 4,79KB
2024-04-23T20:52:28,752  INFO [LocalJobRunner Map Task Executor #0] orc.ReaderImpl: Reading ORC rows from file:/home/alex/Repositories/hive/ql/target/tmp/org.apache.hadoop.hive.ql.TestTxnNoBuckets-1713930630697/warehouse/t/HIVE_UNION_SUBDIR_16/000001_0 with {include: [true, true, true], offset: 0, length: 274, schema: struct<a:int,b:int>, includeAcidColumns: true}
2024-04-23T20:52:28,752  INFO [LocalJobRunner Map Task Executor #0] mapred.MapTask: numReduceTasks: 1
2024-04-23T20:52:28,757  INFO [LocalJobRunner Map Task Executor #0] mapred.MapTask: (EQUATOR) 0 kvi 26214396(104857584)
2024-04-23T20:52:28,757  INFO [LocalJobRunner Map Task Executor #0] mapred.MapTask: mapreduce.task.io.sort.mb: 100
2024-04-23T20:52:28,757  INFO [LocalJobRunner Map Task Executor #0] mapred.MapTask: soft limit at 83886080
2024-04-23T20:52:28,757  INFO [LocalJobRunner Map Task Executor #0] mapred.MapTask: bufstart = 0; bufvoid = 104857600
2024-04-23T20:52:28,757  INFO [LocalJobRunner Map Task Executor #0] mapred.MapTask: kvstart = 26214396; length = 6553600
2024-04-23T20:52:28,757  INFO [LocalJobRunner Map Task Executor #0] mapred.MapTask: Map output collector class = org.apache.hadoop.mapred.MapTask$MapOutputBuffer
2024-04-23T20:52:28,758  INFO [LocalJobRunner Map Task Executor #0] exec.MapOperator: Initializing Operator: MAP[0]
2024-04-23T20:52:28,759  INFO [LocalJobRunner Map Task Executor #0] mr.ExecMapper: 
<MAP>Id =0
  <Children>null
  <\Children>
  <Parent><\Parent>
<\MAP>
2024-04-23T20:52:28,759  INFO [LocalJobRunner Map Task Executor #0] exec.TableScanOperator: Initializing Operator: TS[0]
2024-04-23T20:52:28,759  INFO [LocalJobRunner Map Task Executor #0] exec.SelectOperator: Initializing Operator: SEL[1]
2024-04-23T20:52:28,759  INFO [LocalJobRunner Map Task Executor #0] exec.SelectOperator: SELECT struct<a:int,b:int,input__file__name:string>
2024-04-23T20:52:28,760  INFO [LocalJobRunner Map Task Executor #0] exec.ReduceSinkOperator: Initializing Operator: RS[2]
2024-04-23T20:52:28,760  INFO [LocalJobRunner Map Task Executor #0] exec.ReduceSinkOperator: Using tag = -1
2024-04-23T20:52:28,760  INFO [LocalJobRunner Map Task Executor #0] exec.ReduceSinkOperator: keys are [reducesinkkey0, reducesinkkey1, reducesinkkey2] num distributions: 3
2024-04-23T20:52:28,760  INFO [LocalJobRunner Map Task Executor #0] exec.ReduceSinkOperator: RS[2]: records written - 1
2024-04-23T20:52:28,760  INFO [LocalJobRunner Map Task Executor #0] exec.MapOperator: MAP[0]: records read - 1
2024-04-23T20:52:28,760  INFO [LocalJobRunner Map Task Executor #0] exec.MapOperator: Closing Operator: MAP[0]
2024-04-23T20:52:28,760  INFO [LocalJobRunner Map Task Executor #0] exec.MapOperator: MAP[0]: Total records read - 1. abort - false
2024-04-23T20:52:28,760  INFO [LocalJobRunner Map Task Executor #0] exec.MapOperator: RECORDS_OUT_INTERMEDIATE:0, RECORDS_OUT_OPERATOR_MAP_0:0, RECORDS_IN:1, DESERIALIZE_ERRORS:0, 
2024-04-23T20:52:28,760  INFO [LocalJobRunner Map Task Executor #0] exec.TableScanOperator: Closing Operator: TS[0]
2024-04-23T20:52:28,760  INFO [LocalJobRunner Map Task Executor #0] exec.TableScanOperator: RECORDS_OUT_INTERMEDIATE:0, RECORDS_OUT_OPERATOR_TS_0:1, 
2024-04-23T20:52:28,760  INFO [LocalJobRunner Map Task Executor #0] exec.SelectOperator: Closing Operator: SEL[1]
2024-04-23T20:52:28,761  INFO [LocalJobRunner Map Task Executor #0] exec.SelectOperator: RECORDS_OUT_OPERATOR_SEL_1:1, RECORDS_OUT_INTERMEDIATE:0, 
2024-04-23T20:52:28,761  INFO [LocalJobRunner Map Task Executor #0] exec.ReduceSinkOperator: Closing Operator: RS[2]
2024-04-23T20:52:28,761  INFO [LocalJobRunner Map Task Executor #0] exec.ReduceSinkOperator: RS[2]: Total records written - 1. abort - false
2024-04-23T20:52:28,761  INFO [LocalJobRunner Map Task Executor #0] exec.ReduceSinkOperator: RECORDS_OUT_OPERATOR_RS_2:1, RECORDS_OUT_INTERMEDIATE:1, 
2024-04-23T20:52:28,761  INFO [LocalJobRunner Map Task Executor #0] mapred.LocalJobRunner: 
2024-04-23T20:52:28,761  INFO [LocalJobRunner Map Task Executor #0] mapred.MapTask: Starting flush of map output
2024-04-23T20:52:28,761  INFO [LocalJobRunner Map Task Executor #0] mapred.MapTask: Spilling map output
2024-04-23T20:52:28,761  INFO [LocalJobRunner Map Task Executor #0] mapred.MapTask: bufstart = 0; bufend = 167; bufvoid = 104857600
2024-04-23T20:52:28,761  INFO [LocalJobRunner Map Task Executor #0] mapred.MapTask: kvstart = 26214396(104857584); kvend = 26214396(104857584); length = 1/6553600
2024-04-23T20:52:28,776  INFO [LocalJobRunner Map Task Executor #0] mapred.MapTask: Finished spill 0
2024-04-23T20:52:28,783  INFO [LocalJobRunner Map Task Executor #0] mapred.Task: Task:attempt_local828002484_0051_m_000000_0 is done. And is in the process of committing
2024-04-23T20:52:28,784  INFO [LocalJobRunner Map Task Executor #0] mapred.LocalJobRunner: map
2024-04-23T20:52:28,784  INFO [LocalJobRunner Map Task Executor #0] mapred.Task: Task 'attempt_local828002484_0051_m_000000_0' done.
2024-04-23T20:52:28,784  INFO [LocalJobRunner Map Task Executor #0] mapred.Task: Final Counters for attempt_local828002484_0051_m_000000_0: Counters: 24
	File System Counters
		FILE: Number of bytes read=1221939
		FILE: Number of bytes written=61343952
		FILE: Number of read operations=0
		FILE: Number of large read operations=0
		FILE: Number of write operations=0
	Map-Reduce Framework
		Map input records=1
		Map output records=1
		Map output bytes=167
		Map output materialized bytes=176
		Input split bytes=473
		Combine input records=0
		Spilled Records=1
		Failed Shuffles=0
		Merged Map outputs=0
		GC time elapsed (ms)=0
		Total committed heap usage (bytes)=1205862400
	HIVE
		DESERIALIZE_ERRORS=0
		RECORDS_IN=1
		RECORDS_OUT_INTERMEDIATE=1
		RECORDS_OUT_OPERATOR_MAP_0=0
		RECORDS_OUT_OPERATOR_RS_2=1
		RECORDS_OUT_OPERATOR_SEL_1=1
		RECORDS_OUT_OPERATOR_TS_0=1
	File Input Format Counters 
		Bytes Read=5997
2024-04-23T20:52:28,785  INFO [LocalJobRunner Map Task Executor #0] mapred.LocalJobRunner: Finishing task: attempt_local828002484_0051_m_000000_0
2024-04-23T20:52:28,785  INFO [LocalJobRunner Map Task Executor #0] mapred.LocalJobRunner: Starting task: attempt_local828002484_0051_m_000001_0
2024-04-23T20:52:28,786  INFO [LocalJobRunner Map Task Executor #0] mapred.Task:  Using ResourceCalculatorProcessTree : [ ]
2024-04-23T20:52:28,787  INFO [LocalJobRunner Map Task Executor #0] mapred.MapTask: Processing split: org.apache.hadoop.hive.ql.io.orc.OrcInputFormat:OrcSplit [file:/home/alex/Repositories/hive/ql/target/tmp/org.apache.hadoop.hive.ql.TestTxnNoBuckets-1713930630697/warehouse/t/HIVE_UNION_SUBDIR_15/000000_0, start=0, length=256, isOriginal=true, fileLength=256, hasFooter=false, hasBase=true, deltas=0]
2024-04-23T20:52:28,788  INFO [LocalJobRunner Map Task Executor #0] exec.SerializationUtilities: Deserializing MapWork using kryo
2024-04-23T20:52:28,788  INFO [LocalJobRunner Map Task Executor #0] exec.Utilities: Deserialized plan (via FILE) - name: null size: 4,79KB
2024-04-23T20:52:28,790  INFO [LocalJobRunner Map Task Executor #0] orc.ReaderImpl: Reading ORC rows from file:/home/alex/Repositories/hive/ql/target/tmp/org.apache.hadoop.hive.ql.TestTxnNoBuckets-1713930630697/warehouse/t/HIVE_UNION_SUBDIR_15/000000_0 with {include: [true, true, true], offset: 0, length: 256, schema: struct<a:int,b:int>, includeAcidColumns: true}
2024-04-23T20:52:28,792  INFO [LocalJobRunner Map Task Executor #0] mapred.MapTask: numReduceTasks: 1
2024-04-23T20:52:28,813  INFO [LocalJobRunner Map Task Executor #0] mapred.MapTask: (EQUATOR) 0 kvi 26214396(104857584)
2024-04-23T20:52:28,813  INFO [LocalJobRunner Map Task Executor #0] mapred.MapTask: mapreduce.task.io.sort.mb: 100
2024-04-23T20:52:28,813  INFO [LocalJobRunner Map Task Executor #0] mapred.MapTask: soft limit at 83886080
2024-04-23T20:52:28,813  INFO [LocalJobRunner Map Task Executor #0] mapred.MapTask: bufstart = 0; bufvoid = 104857600
2024-04-23T20:52:28,813  INFO [LocalJobRunner Map Task Executor #0] mapred.MapTask: kvstart = 26214396; length = 6553600
2024-04-23T20:52:28,814  INFO [LocalJobRunner Map Task Executor #0] mapred.MapTask: Map output collector class = org.apache.hadoop.mapred.MapTask$MapOutputBuffer
2024-04-23T20:52:28,814  INFO [LocalJobRunner Map Task Executor #0] exec.MapOperator: Initializing Operator: MAP[0]
2024-04-23T20:52:28,815  INFO [LocalJobRunner Map Task Executor #0] mr.ExecMapper: 
<MAP>Id =0
  <Children>null
  <\Children>
  <Parent><\Parent>
<\MAP>
2024-04-23T20:52:28,816  INFO [LocalJobRunner Map Task Executor #0] exec.TableScanOperator: Initializing Operator: TS[0]
2024-04-23T20:52:28,816  INFO [LocalJobRunner Map Task Executor #0] exec.SelectOperator: Initializing Operator: SEL[1]
2024-04-23T20:52:28,816  INFO [LocalJobRunner Map Task Executor #0] exec.SelectOperator: SELECT struct<a:int,b:int,input__file__name:string>
2024-04-23T20:52:28,816  INFO [LocalJobRunner Map Task Executor #0] exec.ReduceSinkOperator: Initializing Operator: RS[2]
2024-04-23T20:52:28,816  INFO [LocalJobRunner Map Task Executor #0] exec.ReduceSinkOperator: Using tag = -1
2024-04-23T20:52:28,817  INFO [LocalJobRunner Map Task Executor #0] exec.ReduceSinkOperator: keys are [reducesinkkey0, reducesinkkey1, reducesinkkey2] num distributions: 3
2024-04-23T20:52:28,817  INFO [LocalJobRunner Map Task Executor #0] exec.ReduceSinkOperator: RS[2]: records written - 1
2024-04-23T20:52:28,817  INFO [LocalJobRunner Map Task Executor #0] exec.MapOperator: MAP[0]: records read - 1
2024-04-23T20:52:28,817  INFO [LocalJobRunner Map Task Executor #0] exec.MapOperator: Closing Operator: MAP[0]
2024-04-23T20:52:28,817  INFO [LocalJobRunner Map Task Executor #0] exec.MapOperator: MAP[0]: Total records read - 2. abort - false
2024-04-23T20:52:28,818  INFO [LocalJobRunner Map Task Executor #0] exec.MapOperator: DESERIALIZE_ERRORS:0, RECORDS_OUT_INTERMEDIATE:0, RECORDS_IN:2, RECORDS_OUT_OPERATOR_MAP_0:0, 
2024-04-23T20:52:28,818  INFO [LocalJobRunner Map Task Executor #0] exec.TableScanOperator: Closing Operator: TS[0]
2024-04-23T20:52:28,818  INFO [LocalJobRunner Map Task Executor #0] exec.TableScanOperator: RECORDS_OUT_OPERATOR_TS_0:2, RECORDS_OUT_INTERMEDIATE:0, 
2024-04-23T20:52:28,818  INFO [LocalJobRunner Map Task Executor #0] exec.SelectOperator: Closing Operator: SEL[1]
2024-04-23T20:52:28,818  INFO [LocalJobRunner Map Task Executor #0] exec.SelectOperator: RECORDS_OUT_OPERATOR_SEL_1:2, RECORDS_OUT_INTERMEDIATE:0, 
2024-04-23T20:52:28,818  INFO [LocalJobRunner Map Task Executor #0] exec.ReduceSinkOperator: Closing Operator: RS[2]
2024-04-23T20:52:28,818  INFO [LocalJobRunner Map Task Executor #0] exec.ReduceSinkOperator: RS[2]: Total records written - 2. abort - false
2024-04-23T20:52:28,818  INFO [LocalJobRunner Map Task Executor #0] exec.ReduceSinkOperator: RECORDS_OUT_OPERATOR_RS_2:2, RECORDS_OUT_INTERMEDIATE:2, 
2024-04-23T20:52:28,819  INFO [LocalJobRunner Map Task Executor #0] mapred.LocalJobRunner: 
2024-04-23T20:52:28,819  INFO [LocalJobRunner Map Task Executor #0] mapred.MapTask: Starting flush of map output
2024-04-23T20:52:28,819  INFO [LocalJobRunner Map Task Executor #0] mapred.MapTask: Spilling map output
2024-04-23T20:52:28,819  INFO [LocalJobRunner Map Task Executor #0] mapred.MapTask: bufstart = 0; bufend = 334; bufvoid = 104857600
2024-04-23T20:52:28,819  INFO [LocalJobRunner Map Task Executor #0] mapred.MapTask: kvstart = 26214396(104857584); kvend = 26214392(104857568); length = 5/6553600
2024-04-23T20:52:28,828  INFO [LocalJobRunner Map Task Executor #0] mapred.MapTask: Finished spill 0
2024-04-23T20:52:28,831  INFO [LocalJobRunner Map Task Executor #0] mapred.Task: Task:attempt_local828002484_0051_m_000001_0 is done. And is in the process of committing
2024-04-23T20:52:28,832  INFO [LocalJobRunner Map Task Executor #0] mapred.LocalJobRunner: map
2024-04-23T20:52:28,832  INFO [LocalJobRunner Map Task Executor #0] mapred.Task: Task 'attempt_local828002484_0051_m_000001_0' done.
2024-04-23T20:52:28,832  INFO [LocalJobRunner Map Task Executor #0] mapred.Task: Final Counters for attempt_local828002484_0051_m_000001_0: Counters: 24
	File System Counters
		FILE: Number of bytes read=1231138
		FILE: Number of bytes written=61344330
		FILE: Number of read operations=0
		FILE: Number of large read operations=0
		FILE: Number of write operations=0
	Map-Reduce Framework
		Map input records=2
		Map output records=2
		Map output bytes=334
		Map output materialized bytes=346
		Input split bytes=473
		Combine input records=0
		Spilled Records=2
		Failed Shuffles=0
		Merged Map outputs=0
		GC time elapsed (ms)=11
		Total committed heap usage (bytes)=1204813824
	HIVE
		DESERIALIZE_ERRORS=0
		RECORDS_IN=2
		RECORDS_OUT_INTERMEDIATE=2
		RECORDS_OUT_OPERATOR_MAP_0=0
		RECORDS_OUT_OPERATOR_RS_2=2
		RECORDS_OUT_OPERATOR_SEL_1=2
		RECORDS_OUT_OPERATOR_TS_0=2
	File Input Format Counters 
		Bytes Read=5925
2024-04-23T20:52:28,832  INFO [LocalJobRunner Map Task Executor #0] mapred.LocalJobRunner: Finishing task: attempt_local828002484_0051_m_000001_0
2024-04-23T20:52:28,832  INFO [LocalJobRunner Map Task Executor #0] mapred.LocalJobRunner: Starting task: attempt_local828002484_0051_m_000002_0
2024-04-23T20:52:28,832  INFO [LocalJobRunner Map Task Executor #0] mapred.Task:  Using ResourceCalculatorProcessTree : [ ]
2024-04-23T20:52:28,833  INFO [LocalJobRunner Map Task Executor #0] mapred.MapTask: Processing split: org.apache.hadoop.hive.ql.io.orc.OrcInputFormat:OrcSplit [file:/home/alex/Repositories/hive/ql/target/tmp/org.apache.hadoop.hive.ql.TestTxnNoBuckets-1713930630697/warehouse/t/000000_0, start=0, length=256, isOriginal=true, fileLength=256, hasFooter=false, hasBase=true, deltas=0]
2024-04-23T20:52:28,833  INFO [LocalJobRunner Map Task Executor #0] exec.SerializationUtilities: Deserializing MapWork using kryo
2024-04-23T20:52:28,833  INFO [LocalJobRunner Map Task Executor #0] exec.Utilities: Deserialized plan (via FILE) - name: null size: 4,79KB
2024-04-23T20:52:28,834  INFO [LocalJobRunner Map Task Executor #0] orc.ReaderImpl: Reading ORC rows from file:/home/alex/Repositories/hive/ql/target/tmp/org.apache.hadoop.hive.ql.TestTxnNoBuckets-1713930630697/warehouse/t/000000_0 with {include: [true, true, true], offset: 0, length: 256, schema: struct<a:int,b:int>, includeAcidColumns: true}
2024-04-23T20:52:28,835  INFO [LocalJobRunner Map Task Executor #0] mapred.MapTask: numReduceTasks: 1
2024-04-23T20:52:28,839  INFO [LocalJobRunner Map Task Executor #0] mapred.MapTask: (EQUATOR) 0 kvi 26214396(104857584)
2024-04-23T20:52:28,839  INFO [LocalJobRunner Map Task Executor #0] mapred.MapTask: mapreduce.task.io.sort.mb: 100
2024-04-23T20:52:28,839  INFO [LocalJobRunner Map Task Executor #0] mapred.MapTask: soft limit at 83886080
2024-04-23T20:52:28,839  INFO [LocalJobRunner Map Task Executor #0] mapred.MapTask: bufstart = 0; bufvoid = 104857600
2024-04-23T20:52:28,839  INFO [LocalJobRunner Map Task Executor #0] mapred.MapTask: kvstart = 26214396; length = 6553600
2024-04-23T20:52:28,840  INFO [LocalJobRunner Map Task Executor #0] mapred.MapTask: Map output collector class = org.apache.hadoop.mapred.MapTask$MapOutputBuffer
2024-04-23T20:52:28,840  INFO [LocalJobRunner Map Task Executor #0] exec.MapOperator: Initializing Operator: MAP[0]
2024-04-23T20:52:28,841  INFO [LocalJobRunner Map Task Executor #0] mr.ExecMapper: 
<MAP>Id =0
  <Children>null
  <\Children>
  <Parent><\Parent>
<\MAP>
2024-04-23T20:52:28,841  INFO [LocalJobRunner Map Task Executor #0] exec.TableScanOperator: Initializing Operator: TS[0]
2024-04-23T20:52:28,842  INFO [LocalJobRunner Map Task Executor #0] exec.SelectOperator: Initializing Operator: SEL[1]
2024-04-23T20:52:28,842  INFO [LocalJobRunner Map Task Executor #0] exec.SelectOperator: SELECT struct<a:int,b:int,input__file__name:string>
2024-04-23T20:52:28,842  INFO [LocalJobRunner Map Task Executor #0] exec.ReduceSinkOperator: Initializing Operator: RS[2]
2024-04-23T20:52:28,842  INFO [LocalJobRunner Map Task Executor #0] exec.ReduceSinkOperator: Using tag = -1
2024-04-23T20:52:28,842  INFO [LocalJobRunner Map Task Executor #0] exec.ReduceSinkOperator: keys are [reducesinkkey0, reducesinkkey1, reducesinkkey2] num distributions: 3
2024-04-23T20:52:28,842  INFO [LocalJobRunner Map Task Executor #0] exec.ReduceSinkOperator: RS[2]: records written - 1
2024-04-23T20:52:28,842  INFO [LocalJobRunner Map Task Executor #0] exec.MapOperator: MAP[0]: records read - 1
2024-04-23T20:52:28,843  INFO [LocalJobRunner Map Task Executor #0] exec.MapOperator: Closing Operator: MAP[0]
2024-04-23T20:52:28,843  INFO [LocalJobRunner Map Task Executor #0] exec.MapOperator: MAP[0]: Total records read - 2. abort - false
2024-04-23T20:52:28,843  INFO [LocalJobRunner Map Task Executor #0] exec.MapOperator: RECORDS_OUT_OPERATOR_MAP_0:0, RECORDS_IN:2, RECORDS_OUT_INTERMEDIATE:0, DESERIALIZE_ERRORS:0, 
2024-04-23T20:52:28,843  INFO [LocalJobRunner Map Task Executor #0] exec.TableScanOperator: Closing Operator: TS[0]
2024-04-23T20:52:28,843  INFO [LocalJobRunner Map Task Executor #0] exec.TableScanOperator: RECORDS_OUT_OPERATOR_TS_0:2, RECORDS_OUT_INTERMEDIATE:0, 
2024-04-23T20:52:28,843  INFO [LocalJobRunner Map Task Executor #0] exec.SelectOperator: Closing Operator: SEL[1]
2024-04-23T20:52:28,843  INFO [LocalJobRunner Map Task Executor #0] exec.SelectOperator: RECORDS_OUT_INTERMEDIATE:0, RECORDS_OUT_OPERATOR_SEL_1:2, 
2024-04-23T20:52:28,843  INFO [LocalJobRunner Map Task Executor #0] exec.ReduceSinkOperator: Closing Operator: RS[2]
2024-04-23T20:52:28,843  INFO [LocalJobRunner Map Task Executor #0] exec.ReduceSinkOperator: RS[2]: Total records written - 2. abort - false
2024-04-23T20:52:28,843  INFO [LocalJobRunner Map Task Executor #0] exec.ReduceSinkOperator: RECORDS_OUT_INTERMEDIATE:2, RECORDS_OUT_OPERATOR_RS_2:2, 
2024-04-23T20:52:28,843  INFO [LocalJobRunner Map Task Executor #0] mapred.LocalJobRunner: 
2024-04-23T20:52:28,843  INFO [LocalJobRunner Map Task Executor #0] mapred.MapTask: Starting flush of map output
2024-04-23T20:52:28,844  INFO [LocalJobRunner Map Task Executor #0] mapred.MapTask: Spilling map output
2024-04-23T20:52:28,844  INFO [LocalJobRunner Map Task Executor #0] mapred.MapTask: bufstart = 0; bufend = 292; bufvoid = 104857600
2024-04-23T20:52:28,844  INFO [LocalJobRunner Map Task Executor #0] mapred.MapTask: kvstart = 26214396(104857584); kvend = 26214392(104857568); length = 5/6553600
2024-04-23T20:52:28,853  INFO [LocalJobRunner Map Task Executor #0] mapred.MapTask: Finished spill 0
2024-04-23T20:52:28,856  INFO [LocalJobRunner Map Task Executor #0] mapred.Task: Task:attempt_local828002484_0051_m_000002_0 is done. And is in the process of committing
2024-04-23T20:52:28,856  INFO [LocalJobRunner Map Task Executor #0] mapred.LocalJobRunner: map
2024-04-23T20:52:28,856  INFO [LocalJobRunner Map Task Executor #0] mapred.Task: Task 'attempt_local828002484_0051_m_000002_0' done.
2024-04-23T20:52:28,856  INFO [LocalJobRunner Map Task Executor #0] mapred.Task: Final Counters for attempt_local828002484_0051_m_000002_0: Counters: 24
	File System Counters
		FILE: Number of bytes read=1239825
		FILE: Number of bytes written=61344666
		FILE: Number of read operations=0
		FILE: Number of large read operations=0
		FILE: Number of write operations=0
	Map-Reduce Framework
		Map input records=2
		Map output records=2
		Map output bytes=292
		Map output materialized bytes=304
		Input split bytes=451
		Combine input records=0
		Spilled Records=2
		Failed Shuffles=0
		Merged Map outputs=0
		GC time elapsed (ms)=0
		Total committed heap usage (bytes)=1204813824
	HIVE
		DESERIALIZE_ERRORS=0
		RECORDS_IN=2
		RECORDS_OUT_INTERMEDIATE=2
		RECORDS_OUT_OPERATOR_MAP_0=0
		RECORDS_OUT_OPERATOR_RS_2=2
		RECORDS_OUT_OPERATOR_SEL_1=2
		RECORDS_OUT_OPERATOR_TS_0=2
	File Input Format Counters 
		Bytes Read=5925
2024-04-23T20:52:28,856  INFO [LocalJobRunner Map Task Executor #0] mapred.LocalJobRunner: Finishing task: attempt_local828002484_0051_m_000002_0
2024-04-23T20:52:28,856  INFO [LocalJobRunner Map Task Executor #0] mapred.LocalJobRunner: Starting task: attempt_local828002484_0051_m_000003_0
2024-04-23T20:52:28,857  INFO [LocalJobRunner Map Task Executor #0] mapred.Task:  Using ResourceCalculatorProcessTree : [ ]
2024-04-23T20:52:28,858  INFO [LocalJobRunner Map Task Executor #0] mapred.MapTask: Processing split: org.apache.hadoop.hive.ql.io.orc.OrcInputFormat:OrcSplit [file:/home/alex/Repositories/hive/ql/target/tmp/org.apache.hadoop.hive.ql.TestTxnNoBuckets-1713930630697/warehouse/t/000001_0, start=0, length=254, isOriginal=true, fileLength=254, hasFooter=false, hasBase=true, deltas=0]
2024-04-23T20:52:28,858  INFO [LocalJobRunner Map Task Executor #0] exec.SerializationUtilities: Deserializing MapWork using kryo
2024-04-23T20:52:28,858  INFO [LocalJobRunner Map Task Executor #0] exec.Utilities: Deserialized plan (via FILE) - name: null size: 4,79KB
2024-04-23T20:52:28,859  INFO [LocalJobRunner Map Task Executor #0] orc.ReaderImpl: Reading ORC rows from file:/home/alex/Repositories/hive/ql/target/tmp/org.apache.hadoop.hive.ql.TestTxnNoBuckets-1713930630697/warehouse/t/000001_0 with {include: [true, true, true], offset: 0, length: 254, schema: struct<a:int,b:int>, includeAcidColumns: true}
2024-04-23T20:52:28,860  INFO [LocalJobRunner Map Task Executor #0] mapred.MapTask: numReduceTasks: 1
2024-04-23T20:52:28,864  INFO [LocalJobRunner Map Task Executor #0] mapred.MapTask: (EQUATOR) 0 kvi 26214396(104857584)
2024-04-23T20:52:28,864  INFO [LocalJobRunner Map Task Executor #0] mapred.MapTask: mapreduce.task.io.sort.mb: 100
2024-04-23T20:52:28,864  INFO [LocalJobRunner Map Task Executor #0] mapred.MapTask: soft limit at 83886080
2024-04-23T20:52:28,864  INFO [LocalJobRunner Map Task Executor #0] mapred.MapTask: bufstart = 0; bufvoid = 104857600
2024-04-23T20:52:28,864  INFO [LocalJobRunner Map Task Executor #0] mapred.MapTask: kvstart = 26214396; length = 6553600
2024-04-23T20:52:28,864  INFO [LocalJobRunner Map Task Executor #0] mapred.MapTask: Map output collector class = org.apache.hadoop.mapred.MapTask$MapOutputBuffer
2024-04-23T20:52:28,865  INFO [LocalJobRunner Map Task Executor #0] exec.MapOperator: Initializing Operator: MAP[0]
2024-04-23T20:52:28,866  INFO [LocalJobRunner Map Task Executor #0] mr.ExecMapper: 
<MAP>Id =0
  <Children>null
  <\Children>
  <Parent><\Parent>
<\MAP>
2024-04-23T20:52:28,866  INFO [LocalJobRunner Map Task Executor #0] exec.TableScanOperator: Initializing Operator: TS[0]
2024-04-23T20:52:28,866  INFO [LocalJobRunner Map Task Executor #0] exec.SelectOperator: Initializing Operator: SEL[1]
2024-04-23T20:52:28,866  INFO [LocalJobRunner Map Task Executor #0] exec.SelectOperator: SELECT struct<a:int,b:int,input__file__name:string>
2024-04-23T20:52:28,866  INFO [LocalJobRunner Map Task Executor #0] exec.ReduceSinkOperator: Initializing Operator: RS[2]
2024-04-23T20:52:28,866  INFO [LocalJobRunner Map Task Executor #0] exec.ReduceSinkOperator: Using tag = -1
2024-04-23T20:52:28,867  INFO [LocalJobRunner Map Task Executor #0] exec.ReduceSinkOperator: keys are [reducesinkkey0, reducesinkkey1, reducesinkkey2] num distributions: 3
2024-04-23T20:52:28,867  INFO [LocalJobRunner Map Task Executor #0] exec.ReduceSinkOperator: RS[2]: records written - 1
2024-04-23T20:52:28,867  INFO [LocalJobRunner Map Task Executor #0] exec.MapOperator: MAP[0]: records read - 1
2024-04-23T20:52:28,867  INFO [LocalJobRunner Map Task Executor #0] exec.MapOperator: Closing Operator: MAP[0]
2024-04-23T20:52:28,867  INFO [LocalJobRunner Map Task Executor #0] exec.MapOperator: MAP[0]: Total records read - 1. abort - false
2024-04-23T20:52:28,867  INFO [LocalJobRunner Map Task Executor #0] exec.MapOperator: RECORDS_OUT_INTERMEDIATE:0, DESERIALIZE_ERRORS:0, RECORDS_IN:1, RECORDS_OUT_OPERATOR_MAP_0:0, 
2024-04-23T20:52:28,867  INFO [LocalJobRunner Map Task Executor #0] exec.TableScanOperator: Closing Operator: TS[0]
2024-04-23T20:52:28,867  INFO [LocalJobRunner Map Task Executor #0] exec.TableScanOperator: RECORDS_OUT_OPERATOR_TS_0:1, RECORDS_OUT_INTERMEDIATE:0, 
2024-04-23T20:52:28,868  INFO [LocalJobRunner Map Task Executor #0] exec.SelectOperator: Closing Operator: SEL[1]
2024-04-23T20:52:28,868  INFO [LocalJobRunner Map Task Executor #0] exec.SelectOperator: RECORDS_OUT_INTERMEDIATE:0, RECORDS_OUT_OPERATOR_SEL_1:1, 
2024-04-23T20:52:28,868  INFO [LocalJobRunner Map Task Executor #0] exec.ReduceSinkOperator: Closing Operator: RS[2]
2024-04-23T20:52:28,868  INFO [LocalJobRunner Map Task Executor #0] exec.ReduceSinkOperator: RS[2]: Total records written - 1. abort - false
2024-04-23T20:52:28,868  INFO [LocalJobRunner Map Task Executor #0] exec.ReduceSinkOperator: RECORDS_OUT_INTERMEDIATE:1, RECORDS_OUT_OPERATOR_RS_2:1, 
2024-04-23T20:52:28,868  INFO [LocalJobRunner Map Task Executor #0] mapred.LocalJobRunner: 
2024-04-23T20:52:28,868  INFO [LocalJobRunner Map Task Executor #0] mapred.MapTask: Starting flush of map output
2024-04-23T20:52:28,868  INFO [LocalJobRunner Map Task Executor #0] mapred.MapTask: Spilling map output
2024-04-23T20:52:28,868  INFO [LocalJobRunner Map Task Executor #0] mapred.MapTask: bufstart = 0; bufend = 146; bufvoid = 104857600
2024-04-23T20:52:28,868  INFO [LocalJobRunner Map Task Executor #0] mapred.MapTask: kvstart = 26214396(104857584); kvend = 26214396(104857584); length = 1/6553600
2024-04-23T20:52:28,876  INFO [LocalJobRunner Map Task Executor #0] mapred.MapTask: Finished spill 0
2024-04-23T20:52:28,878  INFO [LocalJobRunner Map Task Executor #0] mapred.Task: Task:attempt_local828002484_0051_m_000003_0 is done. And is in the process of committing
2024-04-23T20:52:28,879  INFO [LocalJobRunner Map Task Executor #0] mapred.LocalJobRunner: map
2024-04-23T20:52:28,879  INFO [LocalJobRunner Map Task Executor #0] mapred.Task: Task 'attempt_local828002484_0051_m_000003_0' done.
2024-04-23T20:52:28,879  INFO [LocalJobRunner Map Task Executor #0] mapred.Task: Final Counters for attempt_local828002484_0051_m_000003_0: Counters: 24
	File System Counters
		FILE: Number of bytes read=1247992
		FILE: Number of bytes written=61344853
		FILE: Number of read operations=0
		FILE: Number of large read operations=0
		FILE: Number of write operations=0
	Map-Reduce Framework
		Map input records=1
		Map output records=1
		Map output bytes=146
		Map output materialized bytes=155
		Input split bytes=451
		Combine input records=0
		Spilled Records=1
		Failed Shuffles=0
		Merged Map outputs=0
		GC time elapsed (ms)=0
		Total committed heap usage (bytes)=1204813824
	HIVE
		DESERIALIZE_ERRORS=0
		RECORDS_IN=1
		RECORDS_OUT_INTERMEDIATE=1
		RECORDS_OUT_OPERATOR_MAP_0=0
		RECORDS_OUT_OPERATOR_RS_2=1
		RECORDS_OUT_OPERATOR_SEL_1=1
		RECORDS_OUT_OPERATOR_TS_0=1
	File Input Format Counters 
		Bytes Read=5917
2024-04-23T20:52:28,879  INFO [LocalJobRunner Map Task Executor #0] mapred.LocalJobRunner: Finishing task: attempt_local828002484_0051_m_000003_0
2024-04-23T20:52:28,879  INFO [LocalJobRunner Map Task Executor #0] mapred.LocalJobRunner: Starting task: attempt_local828002484_0051_m_000004_0
2024-04-23T20:52:28,880  INFO [LocalJobRunner Map Task Executor #0] mapred.Task:  Using ResourceCalculatorProcessTree : [ ]
2024-04-23T20:52:28,880  INFO [LocalJobRunner Map Task Executor #0] mapred.MapTask: Processing split: org.apache.hadoop.hive.ql.io.orc.OrcInputFormat:OrcSplit [file:/home/alex/Repositories/hive/ql/target/tmp/org.apache.hadoop.hive.ql.TestTxnNoBuckets-1713930630697/warehouse/t/HIVE_UNION_SUBDIR_16/000000_0, start=0, length=254, isOriginal=true, fileLength=254, hasFooter=false, hasBase=true, deltas=0]
2024-04-23T20:52:28,880  INFO [LocalJobRunner Map Task Executor #0] exec.SerializationUtilities: Deserializing MapWork using kryo
2024-04-23T20:52:28,880  INFO [LocalJobRunner Map Task Executor #0] exec.Utilities: Deserialized plan (via FILE) - name: null size: 4,79KB
2024-04-23T20:52:28,881  INFO [LocalJobRunner Map Task Executor #0] orc.ReaderImpl: Reading ORC rows from file:/home/alex/Repositories/hive/ql/target/tmp/org.apache.hadoop.hive.ql.TestTxnNoBuckets-1713930630697/warehouse/t/HIVE_UNION_SUBDIR_16/000000_0 with {include: [true, true, true], offset: 0, length: 254, schema: struct<a:int,b:int>, includeAcidColumns: true}
2024-04-23T20:52:28,882  INFO [LocalJobRunner Map Task Executor #0] mapred.MapTask: numReduceTasks: 1
2024-04-23T20:52:28,886  INFO [LocalJobRunner Map Task Executor #0] mapred.MapTask: (EQUATOR) 0 kvi 26214396(104857584)
2024-04-23T20:52:28,886  INFO [LocalJobRunner Map Task Executor #0] mapred.MapTask: mapreduce.task.io.sort.mb: 100
2024-04-23T20:52:28,886  INFO [LocalJobRunner Map Task Executor #0] mapred.MapTask: soft limit at 83886080
2024-04-23T20:52:28,886  INFO [LocalJobRunner Map Task Executor #0] mapred.MapTask: bufstart = 0; bufvoid = 104857600
2024-04-23T20:52:28,886  INFO [LocalJobRunner Map Task Executor #0] mapred.MapTask: kvstart = 26214396; length = 6553600
2024-04-23T20:52:28,887  INFO [LocalJobRunner Map Task Executor #0] mapred.MapTask: Map output collector class = org.apache.hadoop.mapred.MapTask$MapOutputBuffer
2024-04-23T20:52:28,887  INFO [LocalJobRunner Map Task Executor #0] exec.MapOperator: Initializing Operator: MAP[0]
2024-04-23T20:52:28,888  INFO [LocalJobRunner Map Task Executor #0] mr.ExecMapper: 
<MAP>Id =0
  <Children>null
  <\Children>
  <Parent><\Parent>
<\MAP>
2024-04-23T20:52:28,889  INFO [LocalJobRunner Map Task Executor #0] exec.TableScanOperator: Initializing Operator: TS[0]
2024-04-23T20:52:28,889  INFO [LocalJobRunner Map Task Executor #0] exec.SelectOperator: Initializing Operator: SEL[1]
2024-04-23T20:52:28,889  INFO [LocalJobRunner Map Task Executor #0] exec.SelectOperator: SELECT struct<a:int,b:int,input__file__name:string>
2024-04-23T20:52:28,889  INFO [LocalJobRunner Map Task Executor #0] exec.ReduceSinkOperator: Initializing Operator: RS[2]
2024-04-23T20:52:28,889  INFO [LocalJobRunner Map Task Executor #0] exec.ReduceSinkOperator: Using tag = -1
2024-04-23T20:52:28,889  INFO [LocalJobRunner Map Task Executor #0] exec.ReduceSinkOperator: keys are [reducesinkkey0, reducesinkkey1, reducesinkkey2] num distributions: 3
2024-04-23T20:52:28,889  INFO [LocalJobRunner Map Task Executor #0] exec.ReduceSinkOperator: RS[2]: records written - 1
2024-04-23T20:52:28,889  INFO [LocalJobRunner Map Task Executor #0] exec.MapOperator: MAP[0]: records read - 1
2024-04-23T20:52:28,889  INFO [LocalJobRunner Map Task Executor #0] exec.MapOperator: Closing Operator: MAP[0]
2024-04-23T20:52:28,890  INFO [LocalJobRunner Map Task Executor #0] exec.MapOperator: MAP[0]: Total records read - 1. abort - false
2024-04-23T20:52:28,890  INFO [LocalJobRunner Map Task Executor #0] exec.MapOperator: RECORDS_OUT_INTERMEDIATE:0, RECORDS_OUT_OPERATOR_MAP_0:0, RECORDS_IN:1, DESERIALIZE_ERRORS:0, 
2024-04-23T20:52:28,890  INFO [LocalJobRunner Map Task Executor #0] exec.TableScanOperator: Closing Operator: TS[0]
2024-04-23T20:52:28,890  INFO [LocalJobRunner Map Task Executor #0] exec.TableScanOperator: RECORDS_OUT_INTERMEDIATE:0, RECORDS_OUT_OPERATOR_TS_0:1, 
2024-04-23T20:52:28,890  INFO [LocalJobRunner Map Task Executor #0] exec.SelectOperator: Closing Operator: SEL[1]
2024-04-23T20:52:28,890  INFO [LocalJobRunner Map Task Executor #0] exec.SelectOperator: RECORDS_OUT_INTERMEDIATE:0, RECORDS_OUT_OPERATOR_SEL_1:1, 
2024-04-23T20:52:28,890  INFO [LocalJobRunner Map Task Executor #0] exec.ReduceSinkOperator: Closing Operator: RS[2]
2024-04-23T20:52:28,890  INFO [LocalJobRunner Map Task Executor #0] exec.ReduceSinkOperator: RS[2]: Total records written - 1. abort - false
2024-04-23T20:52:28,890  INFO [LocalJobRunner Map Task Executor #0] exec.ReduceSinkOperator: RECORDS_OUT_INTERMEDIATE:1, RECORDS_OUT_OPERATOR_RS_2:1, 
2024-04-23T20:52:28,890  INFO [LocalJobRunner Map Task Executor #0] mapred.LocalJobRunner: 
2024-04-23T20:52:28,890  INFO [LocalJobRunner Map Task Executor #0] mapred.MapTask: Starting flush of map output
2024-04-23T20:52:28,890  INFO [LocalJobRunner Map Task Executor #0] mapred.MapTask: Spilling map output
2024-04-23T20:52:28,890  INFO [LocalJobRunner Map Task Executor #0] mapred.MapTask: bufstart = 0; bufend = 167; bufvoid = 104857600
2024-04-23T20:52:28,890  INFO [LocalJobRunner Map Task Executor #0] mapred.MapTask: kvstart = 26214396(104857584); kvend = 26214396(104857584); length = 1/6553600
2024-04-23T20:52:28,899  INFO [LocalJobRunner Map Task Executor #0] mapred.MapTask: Finished spill 0
2024-04-23T20:52:28,902  INFO [LocalJobRunner Map Task Executor #0] mapred.Task: Task:attempt_local828002484_0051_m_000004_0 is done. And is in the process of committing
2024-04-23T20:52:28,902  INFO [LocalJobRunner Map Task Executor #0] mapred.LocalJobRunner: map
2024-04-23T20:52:28,903  INFO [LocalJobRunner Map Task Executor #0] mapred.Task: Task 'attempt_local828002484_0051_m_000004_0' done.
2024-04-23T20:52:28,903  INFO [LocalJobRunner Map Task Executor #0] mapred.Task: Final Counters for attempt_local828002484_0051_m_000004_0: Counters: 24
	File System Counters
		FILE: Number of bytes read=1255647
		FILE: Number of bytes written=61345061
		FILE: Number of read operations=0
		FILE: Number of large read operations=0
		FILE: Number of write operations=0
	Map-Reduce Framework
		Map input records=1
		Map output records=1
		Map output bytes=167
		Map output materialized bytes=176
		Input split bytes=473
		Combine input records=0
		Spilled Records=1
		Failed Shuffles=0
		Merged Map outputs=0
		GC time elapsed (ms)=0
		Total committed heap usage (bytes)=1204813824
	HIVE
		DESERIALIZE_ERRORS=0
		RECORDS_IN=1
		RECORDS_OUT_INTERMEDIATE=1
		RECORDS_OUT_OPERATOR_MAP_0=0
		RECORDS_OUT_OPERATOR_RS_2=1
		RECORDS_OUT_OPERATOR_SEL_1=1
		RECORDS_OUT_OPERATOR_TS_0=1
	File Input Format Counters 
		Bytes Read=5917
2024-04-23T20:52:28,903  INFO [LocalJobRunner Map Task Executor #0] mapred.LocalJobRunner: Finishing task: attempt_local828002484_0051_m_000004_0
2024-04-23T20:52:28,903  INFO [LocalJobRunner Map Task Executor #0] mapred.LocalJobRunner: Starting task: attempt_local828002484_0051_m_000005_0
2024-04-23T20:52:28,903  INFO [LocalJobRunner Map Task Executor #0] mapred.Task:  Using ResourceCalculatorProcessTree : [ ]
2024-04-23T20:52:28,903  INFO [LocalJobRunner Map Task Executor #0] mapred.MapTask: Processing split: org.apache.hadoop.hive.ql.io.orc.OrcInputFormat:OrcSplit [file:/home/alex/Repositories/hive/ql/target/tmp/org.apache.hadoop.hive.ql.TestTxnNoBuckets-1713930630697/warehouse/t/000002_0, start=0, length=254, isOriginal=true, fileLength=254, hasFooter=false, hasBase=true, deltas=0]
2024-04-23T20:52:28,904  INFO [LocalJobRunner Map Task Executor #0] exec.SerializationUtilities: Deserializing MapWork using kryo
2024-04-23T20:52:28,904  INFO [LocalJobRunner Map Task Executor #0] exec.Utilities: Deserialized plan (via FILE) - name: null size: 4,79KB
2024-04-23T20:52:28,905  INFO [LocalJobRunner Map Task Executor #0] orc.ReaderImpl: Reading ORC rows from file:/home/alex/Repositories/hive/ql/target/tmp/org.apache.hadoop.hive.ql.TestTxnNoBuckets-1713930630697/warehouse/t/000002_0 with {include: [true, true, true], offset: 0, length: 254, schema: struct<a:int,b:int>, includeAcidColumns: true}
2024-04-23T20:52:28,906  INFO [LocalJobRunner Map Task Executor #0] mapred.MapTask: numReduceTasks: 1
2024-04-23T20:52:28,910  INFO [LocalJobRunner Map Task Executor #0] mapred.MapTask: (EQUATOR) 0 kvi 26214396(104857584)
2024-04-23T20:52:28,910  INFO [LocalJobRunner Map Task Executor #0] mapred.MapTask: mapreduce.task.io.sort.mb: 100
2024-04-23T20:52:28,910  INFO [LocalJobRunner Map Task Executor #0] mapred.MapTask: soft limit at 83886080
2024-04-23T20:52:28,910  INFO [LocalJobRunner Map Task Executor #0] mapred.MapTask: bufstart = 0; bufvoid = 104857600
2024-04-23T20:52:28,910  INFO [LocalJobRunner Map Task Executor #0] mapred.MapTask: kvstart = 26214396; length = 6553600
2024-04-23T20:52:28,910  INFO [LocalJobRunner Map Task Executor #0] mapred.MapTask: Map output collector class = org.apache.hadoop.mapred.MapTask$MapOutputBuffer
2024-04-23T20:52:28,911  INFO [LocalJobRunner Map Task Executor #0] exec.MapOperator: Initializing Operator: MAP[0]
2024-04-23T20:52:28,912  INFO [LocalJobRunner Map Task Executor #0] mr.ExecMapper: 
<MAP>Id =0
  <Children>null
  <\Children>
  <Parent><\Parent>
<\MAP>
2024-04-23T20:52:28,912  INFO [LocalJobRunner Map Task Executor #0] exec.TableScanOperator: Initializing Operator: TS[0]
2024-04-23T20:52:28,912  INFO [LocalJobRunner Map Task Executor #0] exec.SelectOperator: Initializing Operator: SEL[1]
2024-04-23T20:52:28,912  INFO [LocalJobRunner Map Task Executor #0] exec.SelectOperator: SELECT struct<a:int,b:int,input__file__name:string>
2024-04-23T20:52:28,912  INFO [LocalJobRunner Map Task Executor #0] exec.ReduceSinkOperator: Initializing Operator: RS[2]
2024-04-23T20:52:28,912  INFO [LocalJobRunner Map Task Executor #0] exec.ReduceSinkOperator: Using tag = -1
2024-04-23T20:52:28,913  INFO [LocalJobRunner Map Task Executor #0] exec.ReduceSinkOperator: keys are [reducesinkkey0, reducesinkkey1, reducesinkkey2] num distributions: 3
2024-04-23T20:52:28,913  INFO [LocalJobRunner Map Task Executor #0] exec.ReduceSinkOperator: RS[2]: records written - 1
2024-04-23T20:52:28,913  INFO [LocalJobRunner Map Task Executor #0] exec.MapOperator: MAP[0]: records read - 1
2024-04-23T20:52:28,913  INFO [LocalJobRunner Map Task Executor #0] exec.MapOperator: Closing Operator: MAP[0]
2024-04-23T20:52:28,913  INFO [LocalJobRunner Map Task Executor #0] exec.MapOperator: MAP[0]: Total records read - 2. abort - false
2024-04-23T20:52:28,913  INFO [LocalJobRunner Map Task Executor #0] exec.MapOperator: RECORDS_OUT_OPERATOR_MAP_0:0, RECORDS_IN:2, RECORDS_OUT_INTERMEDIATE:0, DESERIALIZE_ERRORS:0, 
2024-04-23T20:52:28,913  INFO [LocalJobRunner Map Task Executor #0] exec.TableScanOperator: Closing Operator: TS[0]
2024-04-23T20:52:28,913  INFO [LocalJobRunner Map Task Executor #0] exec.TableScanOperator: RECORDS_OUT_OPERATOR_TS_0:2, RECORDS_OUT_INTERMEDIATE:0, 
2024-04-23T20:52:28,913  INFO [LocalJobRunner Map Task Executor #0] exec.SelectOperator: Closing Operator: SEL[1]
2024-04-23T20:52:28,913  INFO [LocalJobRunner Map Task Executor #0] exec.SelectOperator: RECORDS_OUT_OPERATOR_SEL_1:2, RECORDS_OUT_INTERMEDIATE:0, 
2024-04-23T20:52:28,913  INFO [LocalJobRunner Map Task Executor #0] exec.ReduceSinkOperator: Closing Operator: RS[2]
2024-04-23T20:52:28,913  INFO [LocalJobRunner Map Task Executor #0] exec.ReduceSinkOperator: RS[2]: Total records written - 2. abort - false
2024-04-23T20:52:28,913  INFO [LocalJobRunner Map Task Executor #0] exec.ReduceSinkOperator: RECORDS_OUT_OPERATOR_RS_2:2, RECORDS_OUT_INTERMEDIATE:2, 
2024-04-23T20:52:28,914  INFO [LocalJobRunner Map Task Executor #0] mapred.LocalJobRunner: 
2024-04-23T20:52:28,914  INFO [LocalJobRunner Map Task Executor #0] mapred.MapTask: Starting flush of map output
2024-04-23T20:52:28,914  INFO [LocalJobRunner Map Task Executor #0] mapred.MapTask: Spilling map output
2024-04-23T20:52:28,914  INFO [LocalJobRunner Map Task Executor #0] mapred.MapTask: bufstart = 0; bufend = 292; bufvoid = 104857600
2024-04-23T20:52:28,914  INFO [LocalJobRunner Map Task Executor #0] mapred.MapTask: kvstart = 26214396(104857584); kvend = 26214392(104857568); length = 5/6553600
2024-04-23T20:52:28,922  INFO [LocalJobRunner Map Task Executor #0] mapred.MapTask: Finished spill 0
2024-04-23T20:52:28,925  INFO [LocalJobRunner Map Task Executor #0] mapred.Task: Task:attempt_local828002484_0051_m_000005_0 is done. And is in the process of committing
2024-04-23T20:52:28,925  INFO [LocalJobRunner Map Task Executor #0] mapred.LocalJobRunner: map
2024-04-23T20:52:28,925  INFO [LocalJobRunner Map Task Executor #0] mapred.Task: Task 'attempt_local828002484_0051_m_000005_0' done.
2024-04-23T20:52:28,925  INFO [LocalJobRunner Map Task Executor #0] mapred.Task: Final Counters for attempt_local828002484_0051_m_000005_0: Counters: 24
	File System Counters
		FILE: Number of bytes read=1262790
		FILE: Number of bytes written=61345397
		FILE: Number of read operations=0
		FILE: Number of large read operations=0
		FILE: Number of write operations=0
	Map-Reduce Framework
		Map input records=2
		Map output records=2
		Map output bytes=292
		Map output materialized bytes=304
		Input split bytes=451
		Combine input records=0
		Spilled Records=2
		Failed Shuffles=0
		Merged Map outputs=0
		GC time elapsed (ms)=0
		Total committed heap usage (bytes)=1204813824
	HIVE
		DESERIALIZE_ERRORS=0
		RECORDS_IN=2
		RECORDS_OUT_INTERMEDIATE=2
		RECORDS_OUT_OPERATOR_MAP_0=0
		RECORDS_OUT_OPERATOR_RS_2=2
		RECORDS_OUT_OPERATOR_SEL_1=2
		RECORDS_OUT_OPERATOR_TS_0=2
	File Input Format Counters 
		Bytes Read=5917
2024-04-23T20:52:28,925  INFO [LocalJobRunner Map Task Executor #0] mapred.LocalJobRunner: Finishing task: attempt_local828002484_0051_m_000005_0
2024-04-23T20:52:28,926  INFO [LocalJobRunner Map Task Executor #0] mapred.LocalJobRunner: Starting task: attempt_local828002484_0051_m_000006_0
2024-04-23T20:52:28,926  INFO [LocalJobRunner Map Task Executor #0] mapred.Task:  Using ResourceCalculatorProcessTree : [ ]
2024-04-23T20:52:28,927  INFO [LocalJobRunner Map Task Executor #0] mapred.MapTask: Processing split: org.apache.hadoop.hive.ql.io.orc.OrcInputFormat:OrcSplit [file:/home/alex/Repositories/hive/ql/target/tmp/org.apache.hadoop.hive.ql.TestTxnNoBuckets-1713930630697/warehouse/t/000000_0_copy_1, start=0, length=241, isOriginal=true, fileLength=241, hasFooter=false, hasBase=true, deltas=0]
2024-04-23T20:52:28,927  INFO [LocalJobRunner Map Task Executor #0] exec.SerializationUtilities: Deserializing MapWork using kryo
2024-04-23T20:52:28,928  INFO [LocalJobRunner Map Task Executor #0] exec.Utilities: Deserialized plan (via FILE) - name: null size: 4,79KB
2024-04-23T20:52:28,929  INFO [LocalJobRunner Map Task Executor #0] orc.ReaderImpl: Reading ORC rows from file:/home/alex/Repositories/hive/ql/target/tmp/org.apache.hadoop.hive.ql.TestTxnNoBuckets-1713930630697/warehouse/t/000000_0_copy_1 with {include: [true, true, true], offset: 0, length: 241, schema: struct<a:int,b:int>, includeAcidColumns: true}
2024-04-23T20:52:28,930  INFO [LocalJobRunner Map Task Executor #0] mapred.MapTask: numReduceTasks: 1
2024-04-23T20:52:28,940  INFO [LocalJobRunner Map Task Executor #0] mapred.MapTask: (EQUATOR) 0 kvi 26214396(104857584)
2024-04-23T20:52:28,940  INFO [LocalJobRunner Map Task Executor #0] mapred.MapTask: mapreduce.task.io.sort.mb: 100
2024-04-23T20:52:28,940  INFO [LocalJobRunner Map Task Executor #0] mapred.MapTask: soft limit at 83886080
2024-04-23T20:52:28,940  INFO [LocalJobRunner Map Task Executor #0] mapred.MapTask: bufstart = 0; bufvoid = 104857600
2024-04-23T20:52:28,940  INFO [LocalJobRunner Map Task Executor #0] mapred.MapTask: kvstart = 26214396; length = 6553600
2024-04-23T20:52:28,941  INFO [LocalJobRunner Map Task Executor #0] mapred.MapTask: Map output collector class = org.apache.hadoop.mapred.MapTask$MapOutputBuffer
2024-04-23T20:52:28,941  INFO [LocalJobRunner Map Task Executor #0] exec.MapOperator: Initializing Operator: MAP[0]
2024-04-23T20:52:28,942  INFO [LocalJobRunner Map Task Executor #0] mr.ExecMapper: 
<MAP>Id =0
  <Children>null
  <\Children>
  <Parent><\Parent>
<\MAP>
2024-04-23T20:52:28,943  INFO [LocalJobRunner Map Task Executor #0] exec.TableScanOperator: Initializing Operator: TS[0]
2024-04-23T20:52:28,943  INFO [LocalJobRunner Map Task Executor #0] exec.SelectOperator: Initializing Operator: SEL[1]
2024-04-23T20:52:28,943  INFO [LocalJobRunner Map Task Executor #0] exec.SelectOperator: SELECT struct<a:int,b:int,input__file__name:string>
2024-04-23T20:52:28,943  INFO [LocalJobRunner Map Task Executor #0] exec.ReduceSinkOperator: Initializing Operator: RS[2]
2024-04-23T20:52:28,943  INFO [LocalJobRunner Map Task Executor #0] exec.ReduceSinkOperator: Using tag = -1
2024-04-23T20:52:28,943  INFO [LocalJobRunner Map Task Executor #0] exec.ReduceSinkOperator: keys are [reducesinkkey0, reducesinkkey1, reducesinkkey2] num distributions: 3
2024-04-23T20:52:28,943  INFO [LocalJobRunner Map Task Executor #0] exec.ReduceSinkOperator: RS[2]: records written - 1
2024-04-23T20:52:28,944  INFO [LocalJobRunner Map Task Executor #0] exec.MapOperator: MAP[0]: records read - 1
2024-04-23T20:52:28,944  INFO [LocalJobRunner Map Task Executor #0] exec.MapOperator: Closing Operator: MAP[0]
2024-04-23T20:52:28,944  INFO [LocalJobRunner Map Task Executor #0] exec.MapOperator: MAP[0]: Total records read - 1. abort - false
2024-04-23T20:52:28,944  INFO [LocalJobRunner Map Task Executor #0] exec.MapOperator: RECORDS_OUT_INTERMEDIATE:0, RECORDS_IN:1, RECORDS_OUT_OPERATOR_MAP_0:0, DESERIALIZE_ERRORS:0, 
2024-04-23T20:52:28,944  INFO [LocalJobRunner Map Task Executor #0] exec.TableScanOperator: Closing Operator: TS[0]
2024-04-23T20:52:28,944  INFO [LocalJobRunner Map Task Executor #0] exec.TableScanOperator: RECORDS_OUT_OPERATOR_TS_0:1, RECORDS_OUT_INTERMEDIATE:0, 
2024-04-23T20:52:28,944  INFO [LocalJobRunner Map Task Executor #0] exec.SelectOperator: Closing Operator: SEL[1]
2024-04-23T20:52:28,944  INFO [LocalJobRunner Map Task Executor #0] exec.SelectOperator: RECORDS_OUT_OPERATOR_SEL_1:1, RECORDS_OUT_INTERMEDIATE:0, 
2024-04-23T20:52:28,944  INFO [LocalJobRunner Map Task Executor #0] exec.ReduceSinkOperator: Closing Operator: RS[2]
2024-04-23T20:52:28,944  INFO [LocalJobRunner Map Task Executor #0] exec.ReduceSinkOperator: RS[2]: Total records written - 1. abort - false
2024-04-23T20:52:28,944  INFO [LocalJobRunner Map Task Executor #0] exec.ReduceSinkOperator: RECORDS_OUT_INTERMEDIATE:1, RECORDS_OUT_OPERATOR_RS_2:1, 
2024-04-23T20:52:28,944  INFO [LocalJobRunner Map Task Executor #0] mapred.LocalJobRunner: 
2024-04-23T20:52:28,944  INFO [LocalJobRunner Map Task Executor #0] mapred.MapTask: Starting flush of map output
2024-04-23T20:52:28,944  INFO [LocalJobRunner Map Task Executor #0] mapred.MapTask: Spilling map output
2024-04-23T20:52:28,944  INFO [LocalJobRunner Map Task Executor #0] mapred.MapTask: bufstart = 0; bufend = 153; bufvoid = 104857600
2024-04-23T20:52:28,944  INFO [LocalJobRunner Map Task Executor #0] mapred.MapTask: kvstart = 26214396(104857584); kvend = 26214396(104857584); length = 1/6553600
2024-04-23T20:52:28,954  INFO [LocalJobRunner Map Task Executor #0] mapred.MapTask: Finished spill 0
2024-04-23T20:52:28,957  INFO [LocalJobRunner Map Task Executor #0] mapred.Task: Task:attempt_local828002484_0051_m_000006_0 is done. And is in the process of committing
2024-04-23T20:52:28,957  INFO [LocalJobRunner Map Task Executor #0] mapred.LocalJobRunner: map
2024-04-23T20:52:28,957  INFO [LocalJobRunner Map Task Executor #0] mapred.Task: Task 'attempt_local828002484_0051_m_000006_0' done.
2024-04-23T20:52:28,957  INFO [LocalJobRunner Map Task Executor #0] mapred.Task: Final Counters for attempt_local828002484_0051_m_000006_0: Counters: 24
	File System Counters
		FILE: Number of bytes read=1269369
		FILE: Number of bytes written=61345591
		FILE: Number of read operations=0
		FILE: Number of large read operations=0
		FILE: Number of write operations=0
	Map-Reduce Framework
		Map input records=1
		Map output records=1
		Map output bytes=153
		Map output materialized bytes=162
		Input split bytes=459
		Combine input records=0
		Spilled Records=1
		Failed Shuffles=0
		Merged Map outputs=0
		GC time elapsed (ms)=5
		Total committed heap usage (bytes)=1205338112
	HIVE
		DESERIALIZE_ERRORS=0
		RECORDS_IN=1
		RECORDS_OUT_INTERMEDIATE=1
		RECORDS_OUT_OPERATOR_MAP_0=0
		RECORDS_OUT_OPERATOR_RS_2=1
		RECORDS_OUT_OPERATOR_SEL_1=1
		RECORDS_OUT_OPERATOR_TS_0=1
	File Input Format Counters 
		Bytes Read=5865
2024-04-23T20:52:28,957  INFO [LocalJobRunner Map Task Executor #0] mapred.LocalJobRunner: Finishing task: attempt_local828002484_0051_m_000006_0
2024-04-23T20:52:28,957  INFO [Thread-3274] mapred.LocalJobRunner: map task executor complete.
2024-04-23T20:52:28,958  INFO [Thread-3274] mapred.LocalJobRunner: Waiting for reduce tasks
2024-04-23T20:52:28,958  INFO [pool-222-thread-1] mapred.LocalJobRunner: Starting task: attempt_local828002484_0051_r_000000_0
2024-04-23T20:52:28,959  INFO [pool-222-thread-1] mapred.Task:  Using ResourceCalculatorProcessTree : [ ]
2024-04-23T20:52:28,959  INFO [pool-222-thread-1] mapred.ReduceTask: Using ShuffleConsumerPlugin: org.apache.hadoop.mapreduce.task.reduce.Shuffle@7206b7f9
2024-04-23T20:52:28,959  WARN [pool-222-thread-1] impl.MetricsSystemImpl: JobTracker metrics system already initialized!
2024-04-23T20:52:28,960  INFO [pool-222-thread-1] reduce.MergeManagerImpl: MergerManager: memoryLimit=1336252800, maxSingleShuffleLimit=334063200, mergeThreshold=881926912, ioSortFactor=10, memToMemMergeOutputsThreshold=10
2024-04-23T20:52:28,961  INFO [EventFetcher for fetching Map Completion Events] reduce.EventFetcher: attempt_local828002484_0051_r_000000_0 Thread started: EventFetcher for fetching Map Completion Events
2024-04-23T20:52:28,964  INFO [localfetcher#32] reduce.LocalFetcher: localfetcher#32 about to shuffle output of map attempt_local828002484_0051_m_000000_0 decomp: 172 len: 176 to MEMORY
2024-04-23T20:52:28,964  INFO [localfetcher#32] reduce.InMemoryMapOutput: Read 172 bytes from map-output for attempt_local828002484_0051_m_000000_0
2024-04-23T20:52:28,964  INFO [localfetcher#32] reduce.MergeManagerImpl: closeInMemoryFile -> map-output of size: 172, inMemoryMapOutputs.size() -> 1, commitMemory -> 0, usedMemory ->172
2024-04-23T20:52:28,966  INFO [localfetcher#32] reduce.LocalFetcher: localfetcher#32 about to shuffle output of map attempt_local828002484_0051_m_000006_0 decomp: 158 len: 162 to MEMORY
2024-04-23T20:52:28,966  INFO [localfetcher#32] reduce.InMemoryMapOutput: Read 158 bytes from map-output for attempt_local828002484_0051_m_000006_0
2024-04-23T20:52:28,967  INFO [localfetcher#32] reduce.MergeManagerImpl: closeInMemoryFile -> map-output of size: 158, inMemoryMapOutputs.size() -> 2, commitMemory -> 172, usedMemory ->330
2024-04-23T20:52:28,969  INFO [localfetcher#32] reduce.LocalFetcher: localfetcher#32 about to shuffle output of map attempt_local828002484_0051_m_000003_0 decomp: 151 len: 155 to MEMORY
2024-04-23T20:52:28,969  INFO [localfetcher#32] reduce.InMemoryMapOutput: Read 151 bytes from map-output for attempt_local828002484_0051_m_000003_0
2024-04-23T20:52:28,970  INFO [localfetcher#32] reduce.MergeManagerImpl: closeInMemoryFile -> map-output of size: 151, inMemoryMapOutputs.size() -> 3, commitMemory -> 330, usedMemory ->481
2024-04-23T20:52:28,972  INFO [localfetcher#32] reduce.LocalFetcher: localfetcher#32 about to shuffle output of map attempt_local828002484_0051_m_000005_0 decomp: 300 len: 304 to MEMORY
2024-04-23T20:52:28,972  INFO [localfetcher#32] reduce.InMemoryMapOutput: Read 300 bytes from map-output for attempt_local828002484_0051_m_000005_0
2024-04-23T20:52:28,972  INFO [localfetcher#32] reduce.MergeManagerImpl: closeInMemoryFile -> map-output of size: 300, inMemoryMapOutputs.size() -> 4, commitMemory -> 481, usedMemory ->781
2024-04-23T20:52:28,975  INFO [localfetcher#32] reduce.LocalFetcher: localfetcher#32 about to shuffle output of map attempt_local828002484_0051_m_000004_0 decomp: 172 len: 176 to MEMORY
2024-04-23T20:52:28,975  INFO [localfetcher#32] reduce.InMemoryMapOutput: Read 172 bytes from map-output for attempt_local828002484_0051_m_000004_0
2024-04-23T20:52:28,975  INFO [localfetcher#32] reduce.MergeManagerImpl: closeInMemoryFile -> map-output of size: 172, inMemoryMapOutputs.size() -> 5, commitMemory -> 781, usedMemory ->953
2024-04-23T20:52:28,978  INFO [localfetcher#32] reduce.LocalFetcher: localfetcher#32 about to shuffle output of map attempt_local828002484_0051_m_000002_0 decomp: 300 len: 304 to MEMORY
2024-04-23T20:52:28,978  INFO [localfetcher#32] reduce.InMemoryMapOutput: Read 300 bytes from map-output for attempt_local828002484_0051_m_000002_0
2024-04-23T20:52:28,978  INFO [localfetcher#32] reduce.MergeManagerImpl: closeInMemoryFile -> map-output of size: 300, inMemoryMapOutputs.size() -> 6, commitMemory -> 953, usedMemory ->1253
2024-04-23T20:52:28,981  INFO [localfetcher#32] reduce.LocalFetcher: localfetcher#32 about to shuffle output of map attempt_local828002484_0051_m_000001_0 decomp: 342 len: 346 to MEMORY
2024-04-23T20:52:28,981  INFO [localfetcher#32] reduce.InMemoryMapOutput: Read 342 bytes from map-output for attempt_local828002484_0051_m_000001_0
2024-04-23T20:52:28,981  INFO [localfetcher#32] reduce.MergeManagerImpl: closeInMemoryFile -> map-output of size: 342, inMemoryMapOutputs.size() -> 7, commitMemory -> 1253, usedMemory ->1595
2024-04-23T20:52:28,982  INFO [EventFetcher for fetching Map Completion Events] reduce.EventFetcher: EventFetcher is interrupted.. Returning
2024-04-23T20:52:28,982  INFO [pool-222-thread-1] mapred.LocalJobRunner: 7 / 7 copied.
2024-04-23T20:52:28,982  INFO [pool-222-thread-1] reduce.MergeManagerImpl: finalMerge called with 7 in-memory map-outputs and 0 on-disk map-outputs
2024-04-23T20:52:28,989  INFO [pool-222-thread-1] mapred.Merger: Merging 7 sorted segments
2024-04-23T20:52:28,989  INFO [pool-222-thread-1] mapred.Merger: Down to the last merge-pass, with 7 segments left of total size: 510 bytes
2024-04-23T20:52:28,992  INFO [pool-222-thread-1] reduce.MergeManagerImpl: Merged 7 segments, 1595 bytes to disk to satisfy reduce memory limit
2024-04-23T20:52:28,992  INFO [pool-222-thread-1] reduce.MergeManagerImpl: Merging 1 files, 1587 bytes from disk
2024-04-23T20:52:28,992  INFO [pool-222-thread-1] reduce.MergeManagerImpl: Merging 0 segments, 0 bytes from memory into reduce
2024-04-23T20:52:28,992  INFO [pool-222-thread-1] mapred.Merger: Merging 1 sorted segments
2024-04-23T20:52:28,992  INFO [pool-222-thread-1] mapred.Merger: Down to the last merge-pass, with 1 segments left of total size: 1438 bytes
2024-04-23T20:52:28,992  INFO [pool-222-thread-1] mapred.LocalJobRunner: 7 / 7 copied.
2024-04-23T20:52:28,993  INFO [pool-222-thread-1] exec.SerializationUtilities: Deserializing ReduceWork using kryo
2024-04-23T20:52:28,993  INFO [pool-222-thread-1] exec.Utilities: Deserialized plan (via FILE) - name: null size: 5,69KB
2024-04-23T20:52:28,994  INFO [pool-222-thread-1] ExecReducer: 
<SEL>Id =3
  <Children>
    <FS>Id =4
      <Children>
      <\Children>
      <Parent>Id = 3 null<\Parent>
    <\FS>
  <\Children>
  <Parent><\Parent>
<\SEL>
2024-04-23T20:52:28,994  INFO [pool-222-thread-1] exec.SelectOperator: Initializing Operator: SEL[3]
2024-04-23T20:52:28,994  INFO [pool-222-thread-1] exec.SelectOperator: SELECT struct<key:struct<reducesinkkey0:int,reducesinkkey1:int,reducesinkkey2:string>,value:struct<>>
2024-04-23T20:52:28,994  INFO [pool-222-thread-1] exec.FileSinkOperator: Initializing Operator: FS[4]
2024-04-23T20:52:28,995  INFO [pool-222-thread-1] exec.FileSinkOperator: Using serializer : class org.apache.hadoop.hive.serde2.lazy.LazySimpleSerDe [serdeParams=org.apache.hadoop.hive.serde2.lazy.LazySerDeParameters@33591908, cachedObjectInspector=org.apache.hadoop.hive.serde2.lazy.objectinspector.LazySimpleStructObjectInspector<org.apache.hadoop.hive.serde2.lazy.objectinspector.primitive.LazyIntObjectInspector@3e3b41cb,org.apache.hadoop.hive.serde2.lazy.objectinspector.primitive.LazyIntObjectInspector@3e3b41cb,org.apache.hadoop.hive.serde2.lazy.objectinspector.primitive.LazyStringObjectInspector@441a2d52>, serializedSize=0, stats=org.apache.hadoop.hive.serde2.SerDeStats@601b05a5, lastOperationSerialize=false, lastOperationDeserialize=false [1, 2, 3, 4, 5, 6, 7, 8, 11, 14, 15, 16, 17, 18, 19, 20, 21, 22, 23, 24, 25, 26, 28, 29, 30, 31, -128, -127, -126, -125, -124, -123, -122, -121, -120, -119, -118, -117, -116, -115, -114, -113, -112, -111, -110, -109, -108, -107, -106, -105, -104, -103, -102, -101, -100, -99, -98, -97, -96, -95, -94, -93, -92, -91, -90, -89, -88, -87, -86, -85, -84, -83, -82, -81, -80, -79, -78, -77, -76, -75, -74, -73, -72, -71, -70, -69, -68, -67, -66, -65, -64, -63, -62, -61, -60, -59, -58, -57, -56, -55, -54, -53, -52, -51, -50, -49, -48, -47, -46, -45, -44, -43, -42, -41, -40, -39, -38, -37, -36, -35, -34, -33, -32, -31, -30, -29, -28, -27, -26, -25, -24, -23, -22, -21, -20, -19, -18, -17, -16, -15, -14, -13, -12, -11, -10, -9, -8, -7, -6, -5, -4, -3, -2, -1] : [_col0, _col1, _col2] : [int, int, string]] and formatter : org.apache.hadoop.hive.ql.io.HiveSequenceFileOutputFormat@191b9413
2024-04-23T20:52:28,995  INFO [pool-222-thread-1] exec.FileSinkOperator: Final Path: FS file:/home/alex/Repositories/hive/ql/target/tmp/localscratchdir/7ebc01d5-15d9-4723-a951-b8cae7daded8/hive_2024-04-23_20-52-28_248_6358139324105127685-1/-mr-10001/.hive-staging_hive_2024-04-23_20-52-28_248_6358139324105127685-1/_tmp.-ext-10002/000000_0
2024-04-23T20:52:28,995  INFO [pool-222-thread-1] exec.FileSinkOperator: Writing to temp file: FS file:/home/alex/Repositories/hive/ql/target/tmp/localscratchdir/7ebc01d5-15d9-4723-a951-b8cae7daded8/hive_2024-04-23_20-52-28_248_6358139324105127685-1/-mr-10001/.hive-staging_hive_2024-04-23_20-52-28_248_6358139324105127685-1/_task_tmp.-ext-10002/_tmp.000000_0
2024-04-23T20:52:28,995  INFO [pool-222-thread-1] exec.FileSinkOperator: New Final Path: FS file:/home/alex/Repositories/hive/ql/target/tmp/localscratchdir/7ebc01d5-15d9-4723-a951-b8cae7daded8/hive_2024-04-23_20-52-28_248_6358139324105127685-1/-mr-10001/.hive-staging_hive_2024-04-23_20-52-28_248_6358139324105127685-1/_tmp.-ext-10002/000000_0
2024-04-23T20:52:29,002  INFO [pool-222-thread-1] exec.FileSinkOperator: FS[4]: records written - 1
2024-04-23T20:52:29,003  INFO [pool-222-thread-1] exec.FileSinkOperator: FS[4]: records written - 10
2024-04-23T20:52:29,003  INFO [pool-222-thread-1] exec.SelectOperator: Closing Operator: SEL[3]
2024-04-23T20:52:29,004  INFO [pool-222-thread-1] exec.SelectOperator: RECORDS_OUT_INTERMEDIATE:0, RECORDS_OUT_OPERATOR_SEL_3:10, 
2024-04-23T20:52:29,004  INFO [pool-222-thread-1] exec.FileSinkOperator: Closing Operator: FS[4]
2024-04-23T20:52:29,004  INFO [pool-222-thread-1] exec.FileSinkOperator: FS[4]: records written - 10
2024-04-23T20:52:29,004  INFO [pool-222-thread-1] exec.FileSinkOperator: RECORDS_OUT_OPERATOR_FS_4:10, RECORDS_OUT_INTERMEDIATE:0, RECORDS_OUT_0:10, 
2024-04-23T20:52:29,004  INFO [pool-222-thread-1] mapred.Task: Task:attempt_local828002484_0051_r_000000_0 is done. And is in the process of committing
2024-04-23T20:52:29,005  INFO [pool-222-thread-1] mapred.LocalJobRunner: reduce > reduce
2024-04-23T20:52:29,005  INFO [pool-222-thread-1] mapred.Task: Task 'attempt_local828002484_0051_r_000000_0' done.
2024-04-23T20:52:29,005  INFO [pool-222-thread-1] mapred.Task: Final Counters for attempt_local828002484_0051_r_000000_0: Counters: 29
	File System Counters
		FILE: Number of bytes read=1278557
		FILE: Number of bytes written=61348821
		FILE: Number of read operations=0
		FILE: Number of large read operations=0
		FILE: Number of write operations=0
	Map-Reduce Framework
		Combine input records=0
		Combine output records=0
		Reduce input groups=10
		Reduce shuffle bytes=1623
		Reduce input records=10
		Reduce output records=0
		Spilled Records=10
		Shuffled Maps =7
		Failed Shuffles=0
		Merged Map outputs=7
		GC time elapsed (ms)=0
		Total committed heap usage (bytes)=1205338112
	HIVE
		CREATED_FILES=1
		RECORDS_OUT_0=10
		RECORDS_OUT_INTERMEDIATE=0
		RECORDS_OUT_OPERATOR_FS_4=10
		RECORDS_OUT_OPERATOR_SEL_3=10
	Shuffle Errors
		BAD_ID=0
		CONNECTION=0
		IO_ERROR=0
		WRONG_LENGTH=0
		WRONG_MAP=0
		WRONG_REDUCE=0
	File Output Format Counters 
		Bytes Written=0
2024-04-23T20:52:29,005  INFO [pool-222-thread-1] mapred.LocalJobRunner: Finishing task: attempt_local828002484_0051_r_000000_0
2024-04-23T20:52:29,005  INFO [Thread-3274] mapred.LocalJobRunner: reduce task executor complete.
2024-04-23 20:52:29,749 Stage-1 map = 100%,  reduce = 100%
2024-04-23T20:52:29,749  INFO [main] exec.Task: 2024-04-23 20:52:29,749 Stage-1 map = 100%,  reduce = 100%
Ended Job = job_local828002484_0051
2024-04-23T20:52:29,750  INFO [main] exec.Task: Ended Job = job_local828002484_0051
2024-04-23T20:52:29,752  INFO [main] metadata.Hive: Dumping metastore api call timing information for : execution phase
2024-04-23T20:52:29,752  INFO [main] metadata.Hive: Total time spent in each metastore function (ms): {}
MapReduce Jobs Launched: 
2024-04-23T20:52:29,752  INFO [main] ql.Driver: MapReduce Jobs Launched: 
Stage-Stage-1:  HDFS Read: 0 HDFS Write: 0 SUCCESS
2024-04-23T20:52:29,752  INFO [main] ql.Driver: Stage-Stage-1:  HDFS Read: 0 HDFS Write: 0 SUCCESS
Total MapReduce CPU Time Spent: 0 msec
2024-04-23T20:52:29,752  INFO [main] ql.Driver: Total MapReduce CPU Time Spent: 0 msec
2024-04-23T20:52:29,752  INFO [main] ql.Driver: Completed executing command(queryId=alex_20240423205225_ad2b6bc0-5c2b-40d6-8b3b-1bad0dff0e1c); Time taken: 1.346 seconds
2024-04-23T20:52:29,752  INFO [main] lockmgr.DbTxnManager: Stopped heartbeat for query: alex_20240423205225_ad2b6bc0-5c2b-40d6-8b3b-1bad0dff0e1c
2024-04-23T20:52:29,755  INFO [main] txn.TxnHandler: Expected to move at least one record from txn_components to completed_txn_components when committing txn! txnid:20
2024-04-23T20:52:29,760  INFO [main] txn.TxnHandler: Removed transactions: ([20]) from MIN_HISTORY_LEVEL
2024-04-23T20:52:29,760  WARN [main] txn.CompactionTxnHandler: No compaction queue record found for Compaction type transaction commit. txnId:20
2024-04-23T20:52:29,764  INFO [main] mapred.FileInputFormat: Total input files to process : 1
2024-04-23T20:52:29,765  INFO [main] exec.ListSinkOperator: Closing Operator: LIST_SINK[5]
2024-04-23T20:52:29,765  INFO [main] exec.ListSinkOperator: RECORDS_OUT_INTERMEDIATE:0, RECORDS_OUT_OPERATOR_LIST_SINK_5:10, 
2024-04-23T20:52:29,765  WARN [main] ql.TestTxnNoBuckets: null: read data(before converting to acid (with multi level data layout)): 
2024-04-23T20:52:29,765  INFO [main] ql.TestTxnNoBuckets: 1	2	file:/home/alex/Repositories/hive/ql/target/tmp/org.apache.hadoop.hive.ql.TestTxnNoBuckets-1713930630697/warehouse/t/000002_0
2	4	file:/home/alex/Repositories/hive/ql/target/tmp/org.apache.hadoop.hive.ql.TestTxnNoBuckets-1713930630697/warehouse/t/000002_0
5	6	file:/home/alex/Repositories/hive/ql/target/tmp/org.apache.hadoop.hive.ql.TestTxnNoBuckets-1713930630697/warehouse/t/000000_0
6	8	file:/home/alex/Repositories/hive/ql/target/tmp/org.apache.hadoop.hive.ql.TestTxnNoBuckets-1713930630697/warehouse/t/000001_0
9	10	file:/home/alex/Repositories/hive/ql/target/tmp/org.apache.hadoop.hive.ql.TestTxnNoBuckets-1713930630697/warehouse/t/000000_0
10	20	file:/home/alex/Repositories/hive/ql/target/tmp/org.apache.hadoop.hive.ql.TestTxnNoBuckets-1713930630697/warehouse/t/HIVE_UNION_SUBDIR_15/000000_0
12	12	file:/home/alex/Repositories/hive/ql/target/tmp/org.apache.hadoop.hive.ql.TestTxnNoBuckets-1713930630697/warehouse/t/000000_0_copy_1
20	40	file:/home/alex/Repositories/hive/ql/target/tmp/org.apache.hadoop.hive.ql.TestTxnNoBuckets-1713930630697/warehouse/t/HIVE_UNION_SUBDIR_15/000000_0
50	60	file:/home/alex/Repositories/hive/ql/target/tmp/org.apache.hadoop.hive.ql.TestTxnNoBuckets-1713930630697/warehouse/t/HIVE_UNION_SUBDIR_16/000000_0
60	80	file:/home/alex/Repositories/hive/ql/target/tmp/org.apache.hadoop.hive.ql.TestTxnNoBuckets-1713930630697/warehouse/t/HIVE_UNION_SUBDIR_16/000001_0

2024-04-23T20:52:29,765  INFO [main] ql.TxnCommandsBaseForTests: Running the query: alter table T SET TBLPROPERTIES ('transactional'='true')
2024-04-23T20:52:29,765  INFO [main] ql.Context: Deleting scratch dir: file:/home/alex/Repositories/hive/ql/target/tmp/localscratchdir/7ebc01d5-15d9-4723-a951-b8cae7daded8/hive_2024-04-23_20-52-28_248_6358139324105127685-1
2024-04-23T20:52:29,766  INFO [main] cleanup.SyncCleanupService: Deleted directory: file:/home/alex/Repositories/hive/ql/target/tmp/localscratchdir/7ebc01d5-15d9-4723-a951-b8cae7daded8/hive_2024-04-23_20-52-28_248_6358139324105127685-1 on fs with scheme file
2024-04-23T20:52:29,766  INFO [main] ql.Driver: Compiling command(queryId=alex_20240423205225_ad2b6bc0-5c2b-40d6-8b3b-1bad0dff0e1c): alter table T SET TBLPROPERTIES ('transactional'='true')
2024-04-23T20:52:29,769  INFO [main] txn.TxnHandler: Added entries to MIN_HISTORY_LEVEL for current txns: ([21]) with min_open_txn: 21
2024-04-23T20:52:29,769  INFO [main] lockmgr.DbTxnManager: Opened txnid:21
2024-04-23T20:52:29,770  INFO [main] HiveMetaStore.audit: ugi=alex	ip=unknown-ip-addr	cmd=get_table : tbl=hive.default.T	
2024-04-23T20:52:29,778  INFO [main] metastore.HMSHandler: Skipping translation for processor with null
2024-04-23T20:52:29,779  INFO [main] HiveMetaStore.audit: ugi=alex	ip=unknown-ip-addr	cmd=get_table : tbl=hive.default.T	
2024-04-23T20:52:29,789  INFO [main] metastore.HMSHandler: Skipping translation for processor with null
2024-04-23T20:52:29,789  INFO [main] ql.Driver: Semantic Analysis Completed (retrial = false)
2024-04-23T20:52:29,789  INFO [main] ql.Driver: Created Hive schema: Schema(fieldSchemas:null, properties:null)
2024-04-23T20:52:29,789  INFO [main] metadata.Hive: Dumping metastore api call timing information for : compilation phase
2024-04-23T20:52:29,789  INFO [main] metadata.Hive: Total time spent in each metastore function (ms): {getValidTxns_(long)=0, getTable_(GetTableRequest)=19, isCompatibleWith_(Configuration)=0, flushCache_()=0, openTxn_(String, TxnType)=2, commitTxn_(CommitTxnRequest)=9}
2024-04-23T20:52:29,789  INFO [main] ql.Driver: Completed compiling command(queryId=alex_20240423205225_ad2b6bc0-5c2b-40d6-8b3b-1bad0dff0e1c); Time taken: 0.023 seconds
2024-04-23T20:52:29,790  INFO [main] lockmgr.DbTxnManager: Setting lock request transaction to txnid:21 for queryId=alex_20240423205225_ad2b6bc0-5c2b-40d6-8b3b-1bad0dff0e1c
2024-04-23T20:52:29,790  INFO [main] lockmgr.DbLockManager: Requesting lock for queryId=alex_20240423205225_ad2b6bc0-5c2b-40d6-8b3b-1bad0dff0e1c
2024-04-23T20:52:29,802  INFO [main] lockmgr.DbLockManager: Response to queryId=alex_20240423205225_ad2b6bc0-5c2b-40d6-8b3b-1bad0dff0e1c LockResponse(lockid:15, state:ACQUIRED)
2024-04-23T20:52:29,802  INFO [main] ql.Driver: Operation ALTERTABLE_PROPERTIES obtained 1 locks
2024-04-23T20:52:29,802  INFO [main] ql.Driver: Executing command(queryId=alex_20240423205225_ad2b6bc0-5c2b-40d6-8b3b-1bad0dff0e1c): alter table T SET TBLPROPERTIES ('transactional'='true')
2024-04-23T20:52:29,803  INFO [main] ql.Driver: Starting task [Stage-0:DDL] in serial mode
2024-04-23T20:52:29,803  INFO [main] HiveMetaStore.audit: ugi=alex	ip=unknown-ip-addr	cmd=get_table : tbl=hive.default.T	
2024-04-23T20:52:29,811  INFO [main] metastore.HMSHandler: Skipping translation for processor with null
2024-04-23T20:52:29,815  INFO [main] HiveMetaStore.audit: ugi=alex	ip=unknown-ip-addr	cmd=alter_table: hive.default.T newtbl=t	
2024-04-23T20:52:29,871  INFO [main] metadata.Hive: Dumping metastore api call timing information for : execution phase
2024-04-23T20:52:29,872  INFO [main] metadata.Hive: Total time spent in each metastore function (ms): {isCompatibleWith_(Configuration)=0, alter_table_(String, String, String, Table, EnvironmentContext, String)=56, getTable_(GetTableRequest)=8, getValidWriteIds_(List, String)=3}
2024-04-23T20:52:29,872  INFO [main] ql.Driver: Completed executing command(queryId=alex_20240423205225_ad2b6bc0-5c2b-40d6-8b3b-1bad0dff0e1c); Time taken: 0.069 seconds
2024-04-23T20:52:29,872  INFO [main] lockmgr.DbTxnManager: Stopped heartbeat for query: alex_20240423205225_ad2b6bc0-5c2b-40d6-8b3b-1bad0dff0e1c
2024-04-23T20:52:29,875  INFO [main] txn.TxnHandler: Expected to move at least one record from txn_components to completed_txn_components when committing txn! txnid:21
2024-04-23T20:52:29,880  INFO [main] txn.TxnHandler: Removed transactions: ([21]) from MIN_HISTORY_LEVEL
2024-04-23T20:52:29,880  WARN [main] txn.CompactionTxnHandler: No compaction queue record found for Compaction type transaction commit. txnId:21
2024-04-23T20:52:29,881  INFO [main] ql.TxnCommandsBaseForTests: Running the query: select ROW__ID, a, b, INPUT__FILE__NAME from T order by a, b, INPUT__FILE__NAME
2024-04-23T20:52:29,881  INFO [main] ql.Driver: Compiling command(queryId=alex_20240423205225_ad2b6bc0-5c2b-40d6-8b3b-1bad0dff0e1c): select ROW__ID, a, b, INPUT__FILE__NAME from T order by a, b, INPUT__FILE__NAME
2024-04-23T20:52:29,883  INFO [main] txn.TxnHandler: Added entries to MIN_HISTORY_LEVEL for current txns: ([22]) with min_open_txn: 21
2024-04-23T20:52:29,884  INFO [main] lockmgr.DbTxnManager: Opened txnid:22
2024-04-23T20:52:29,884  INFO [main] parse.CalcitePlanner: Starting caching scope for: alex_20240423205225_ad2b6bc0-5c2b-40d6-8b3b-1bad0dff0e1c
2024-04-23T20:52:29,884  INFO [main] parse.CalcitePlanner: Starting Semantic Analysis
2024-04-23T20:52:29,887  INFO [main] parse.CalcitePlanner: Completed phase 1 of Semantic Analysis
2024-04-23T20:52:29,887  INFO [main] parse.CalcitePlanner: Get metadata for source tables
2024-04-23T20:52:29,890  INFO [main] HiveMetaStore.audit: ugi=alex	ip=unknown-ip-addr	cmd=get_table : tbl=hive.default.t	
2024-04-23T20:52:29,897  INFO [main] metastore.HMSHandler: Skipping translation for processor with null
2024-04-23T20:52:29,897  INFO [main] parse.CalcitePlanner: Get metadata for subqueries
2024-04-23T20:52:29,897  INFO [main] parse.CalcitePlanner: Get metadata for destination tables
2024-04-23T20:52:29,897  INFO [main] parse.CalcitePlanner: Completed getting MetaData in Semantic Analysis
2024-04-23T20:52:29,909  INFO [main] HiveMetaStore.audit: ugi=alex	ip=unknown-ip-addr	cmd=get_all_table_constraints : tbl=hive.default.t	
2024-04-23T20:52:29,919  INFO [main] calcite.RelOptHiveTable: Calculating column statistics for default.t, projIndxSet: [0, 1], allowMissingStats: true
2024-04-23T20:52:29,920  INFO [main] HiveMetaStore.audit: ugi=alex	ip=unknown-ip-addr	cmd=get_table_statistics_req: table=hive.default.t	
2024-04-23T20:52:29,930  WARN [main] calcite.RelOptHiveTable: No Stats for default@t, Columns: a, b
No Stats for default@t, Columns: a, b
2024-04-23T20:52:29,930  INFO [main] SessionState: No Stats for default@t, Columns: a, b
2024-04-23T20:52:29,971  INFO [main] parse.CalcitePlanner: Get metadata for source tables
2024-04-23T20:52:29,971  INFO [main] parse.CalcitePlanner: Get metadata for subqueries
2024-04-23T20:52:29,971  INFO [main] parse.CalcitePlanner: Get metadata for destination tables
2024-04-23T20:52:29,972  INFO [main] common.FileUtils: Creating directory if it doesn't exist: file:/home/alex/Repositories/hive/ql/target/tmp/localscratchdir/7ebc01d5-15d9-4723-a951-b8cae7daded8/hive_2024-04-23_20-52-29_881_2510808631679288172-1/-mr-10001/.hive-staging_hive_2024-04-23_20-52-29_881_2510808631679288172-1
2024-04-23T20:52:29,979  INFO [main] parse.CalcitePlanner: CBO Succeeded; optimized logical plan.
2024-04-23T20:52:29,982  INFO [main] optimizer.ColumnPrunerProcFactory: RS 2 oldColExprMap: {VALUE._col0=Column[_col0], KEY.reducesinkkey2=Column[_col3], KEY.reducesinkkey1=Column[_col2], KEY.reducesinkkey0=Column[_col1]}
2024-04-23T20:52:29,982  INFO [main] optimizer.ColumnPrunerProcFactory: RS 2 newColExprMap: {KEY.reducesinkkey2=Column[_col3], KEY.reducesinkkey0=Column[_col1], VALUE._col0=Column[_col0], KEY.reducesinkkey1=Column[_col2]}
2024-04-23T20:52:29,983  INFO [main] optimizer.BucketVersionPopulator: not considering bucketingVersion for: TS[0] because it has -1<2 buckets 
2024-04-23T20:52:29,983  INFO [main] optimizer.SortedDynPartitionOptimizer: Sorted dynamic partitioning optimization kicked in..
2024-04-23T20:52:29,992  INFO [main] physical.Vectorizer: Examining input format to see if vectorization is enabled.
2024-04-23T20:52:29,993  INFO [main] physical.Vectorizer: Vectorization is enabled for input format(s) [org.apache.hadoop.hive.ql.io.orc.OrcInputFormat]
2024-04-23T20:52:29,993  INFO [main] physical.Vectorizer: Validating and vectorizing MapWork... (vectorizedVertexNum 0)
2024-04-23T20:52:29,993  INFO [main] physical.Vectorizer: Map vectorization enabled: true
2024-04-23T20:52:29,993  INFO [main] physical.Vectorizer: Map vectorized: false
2024-04-23T20:52:29,993  INFO [main] physical.Vectorizer: Map notVectorizedReason: Select expression for SELECT operator: Virtual column INPUT__FILE__NAME is not supported
2024-04-23T20:52:29,993  INFO [main] physical.Vectorizer: Map vectorizedVertexNum: 0
2024-04-23T20:52:29,993  INFO [main] physical.Vectorizer: Map enabledConditionsMet: [hive.vectorized.use.vectorized.input.format IS true]
2024-04-23T20:52:29,993  INFO [main] physical.Vectorizer: Map inputFileFormatClassNameSet: [org.apache.hadoop.hive.ql.io.orc.OrcInputFormat]
2024-04-23T20:52:29,993  INFO [main] physical.Vectorizer: Reduce vectorization enabled: false
2024-04-23T20:52:29,993  INFO [main] physical.Vectorizer: Reduce vectorized: false
2024-04-23T20:52:29,993  INFO [main] physical.Vectorizer: Reduce vectorizedVertexNum: 1
2024-04-23T20:52:29,993  INFO [main] physical.Vectorizer: Reducer hive.vectorized.execution.reduce.enabled: true
2024-04-23T20:52:29,993  INFO [main] physical.Vectorizer: Reducer engine: mr
2024-04-23T20:52:29,993  INFO [main] parse.CalcitePlanner: Completed plan generation
2024-04-23T20:52:29,993  INFO [main] parse.CalcitePlanner: Ending caching scope for: alex_20240423205225_ad2b6bc0-5c2b-40d6-8b3b-1bad0dff0e1c
2024-04-23T20:52:29,993  INFO [main] ql.Driver: Semantic Analysis Completed (retrial = false)
2024-04-23T20:52:29,993  INFO [main] ql.Driver: Created Hive schema: Schema(fieldSchemas:[FieldSchema(name:row__id, type:struct<writeid:bigint,bucketid:int,rowid:bigint>, comment:null), FieldSchema(name:a, type:int, comment:null), FieldSchema(name:b, type:int, comment:null), FieldSchema(name:input__file__name, type:string, comment:null)], properties:null)
2024-04-23T20:52:29,994  INFO [main] exec.ListSinkOperator: Initializing Operator: LIST_SINK[5]
2024-04-23T20:52:29,994  INFO [main] metadata.Hive: Dumping metastore api call timing information for : compilation phase
2024-04-23T20:52:29,994  INFO [main] metadata.Hive: Total time spent in each metastore function (ms): {getTable_(GetTableRequest)=8, getAllTableConstraints_(AllTableConstraintsRequest)=5, isCompatibleWith_(Configuration)=0, getValidWriteIds_(List, String)=4, getValidTxns_(long)=0, commitTxn_(CommitTxnRequest)=9, openTxn_(String, TxnType)=2, flushCache_()=0, getTableColumnStatistics_(String, String, List, String)=9}
2024-04-23T20:52:29,994  INFO [main] ql.Driver: Completed compiling command(queryId=alex_20240423205225_ad2b6bc0-5c2b-40d6-8b3b-1bad0dff0e1c); Time taken: 0.113 seconds
2024-04-23T20:52:29,995  INFO [main] lockmgr.DbTxnManager: Setting lock request transaction to txnid:22 for queryId=alex_20240423205225_ad2b6bc0-5c2b-40d6-8b3b-1bad0dff0e1c
2024-04-23T20:52:29,995  INFO [main] lockmgr.DbLockManager: Requesting lock for queryId=alex_20240423205225_ad2b6bc0-5c2b-40d6-8b3b-1bad0dff0e1c
2024-04-23T20:52:30,009  INFO [main] lockmgr.DbLockManager: Response to queryId=alex_20240423205225_ad2b6bc0-5c2b-40d6-8b3b-1bad0dff0e1c LockResponse(lockid:16, state:ACQUIRED)
2024-04-23T20:52:30,009  INFO [main] ql.Driver: Operation QUERY obtained 1 locks
2024-04-23T20:52:30,010  INFO [main] ql.Driver: Executing command(queryId=alex_20240423205225_ad2b6bc0-5c2b-40d6-8b3b-1bad0dff0e1c): select ROW__ID, a, b, INPUT__FILE__NAME from T order by a, b, INPUT__FILE__NAME
2024-04-23T20:52:30,010  WARN [main] ql.Driver: Hive-on-MR is deprecated in Hive 2 and may not be available in the future versions. Consider using a different execution engine (i.e. tez, spark) or using Hive 1.X releases.
Query ID = alex_20240423205225_ad2b6bc0-5c2b-40d6-8b3b-1bad0dff0e1c
2024-04-23T20:52:30,010  INFO [main] ql.Driver: Query ID = alex_20240423205225_ad2b6bc0-5c2b-40d6-8b3b-1bad0dff0e1c
Total jobs = 1
2024-04-23T20:52:30,010  INFO [main] ql.Driver: Total jobs = 1
Launching Job 1 out of 1
2024-04-23T20:52:30,010  INFO [main] ql.Driver: Launching Job 1 out of 1
2024-04-23T20:52:30,161  INFO [main] ql.Driver: Starting task [Stage-1:MAPRED] in serial mode
Number of reduce tasks determined at compile time: 1
2024-04-23T20:52:30,161  INFO [main] exec.Task: Number of reduce tasks determined at compile time: 1
In order to change the average load for a reducer (in bytes):
2024-04-23T20:52:30,161  INFO [main] exec.Task: In order to change the average load for a reducer (in bytes):
  set hive.exec.reducers.bytes.per.reducer=<number>
2024-04-23T20:52:30,161  INFO [main] exec.Task:   set hive.exec.reducers.bytes.per.reducer=<number>
In order to limit the maximum number of reducers:
2024-04-23T20:52:30,161  INFO [main] exec.Task: In order to limit the maximum number of reducers:
  set hive.exec.reducers.max=<number>
2024-04-23T20:52:30,161  INFO [main] exec.Task:   set hive.exec.reducers.max=<number>
In order to set a constant number of reducers:
2024-04-23T20:52:30,161  INFO [main] exec.Task: In order to set a constant number of reducers:
  set mapreduce.job.reduces=<number>
2024-04-23T20:52:30,161  INFO [main] exec.Task:   set mapreduce.job.reduces=<number>
2024-04-23T20:52:30,164  INFO [main] mr.ExecDriver: Using org.apache.hadoop.hive.ql.io.HiveInputFormat
2024-04-23T20:52:30,164  INFO [main] exec.Utilities: Processing alias t
2024-04-23T20:52:30,164  INFO [main] exec.Utilities: Adding 1 inputs; the first input is file:/home/alex/Repositories/hive/ql/target/tmp/org.apache.hadoop.hive.ql.TestTxnNoBuckets-1713930630697/warehouse/t
2024-04-23T20:52:30,174  INFO [main] exec.SerializationUtilities: Serializing MapWork using kryo
2024-04-23T20:52:30,175  INFO [main] exec.Utilities: Serialized plan (via FILE) - name: null size: 5,17KB
2024-04-23T20:52:30,179  INFO [main] exec.SerializationUtilities: Serializing ReduceWork using kryo
2024-04-23T20:52:30,180  INFO [main] exec.Utilities: Serialized plan (via FILE) - name: null size: 6,14KB
2024-04-23T20:52:30,181  WARN [main] impl.MetricsSystemImpl: JobTracker metrics system already initialized!
2024-04-23T20:52:30,187  WARN [main] impl.MetricsSystemImpl: JobTracker metrics system already initialized!
2024-04-23T20:52:30,194  WARN [main] mapreduce.JobResourceUploader: Hadoop command-line option parsing not performed. Implement the Tool interface and execute your application with ToolRunner to remedy this.
2024-04-23T20:52:30,199  WARN [main] mapreduce.JobResourceUploader: No job jar file set.  User classes may not be found. See Job or Job#setJar(String).
2024-04-23T20:52:30,200  INFO [main] io.HiveInputFormat: hive.io.file.readcolumn.ids = 0,1
2024-04-23T20:52:30,200  INFO [main] io.HiveInputFormat: hive.io.file.readcolumn.names = a,b
2024-04-23T20:52:30,200  INFO [main] io.HiveInputFormat: Generating splits for dirs: file:/home/alex/Repositories/hive/ql/target/tmp/org.apache.hadoop.hive.ql.TestTxnNoBuckets-1713930630697/warehouse/t
2024-04-23T20:52:30,200  INFO [main] orc.OrcInputFormat: getSplits started
2024-04-23T20:52:30,201  INFO [main] orc.OrcInputFormat: Context:: isAcid: true isVectorMode: false sarg: null minSplitSize: 1 maxSplitSize: 256000000 splitStrategy: HYBRID footerInSplits: false numBuckets: 0 numThreads: 10 cacheMemSize: 268435456 cacheStripeDetails: true useSoftReference: false writeIdList: default.t:10000000:9223372036854775807:: isTransactionalTable: true txnProperties: default 
2024-04-23T20:52:30,201  INFO [main] orc.OrcInputFormat: ORC pushdown predicate: null
2024-04-23T20:52:30,227  INFO [main] orc.OrcInputFormat: FooterCacheHitRatio: 0/7
2024-04-23T20:52:30,228  INFO [main] orc.OrcInputFormat: getSplits finished (#splits: 7). duration: 28 ms
2024-04-23T20:52:30,228  INFO [main] io.HiveInputFormat: number of splits 7
2024-04-23T20:52:30,247  INFO [main] mapreduce.JobSubmitter: number of splits:7
2024-04-23T20:52:30,268  INFO [main] mapreduce.JobSubmitter: Submitting tokens for job: job_local1424203275_0052
2024-04-23T20:52:30,268  INFO [main] mapreduce.JobSubmitter: Executing with tokens: []
2024-04-23T20:52:30,333  INFO [main] mapreduce.Job: The url to track the job: http://localhost:8080/
Job running in-process (local Hadoop)
2024-04-23T20:52:30,333  INFO [main] exec.Task: Job running in-process (local Hadoop)
2024-04-23T20:52:30,333  INFO [Thread-3365] mapred.LocalJobRunner: OutputCommitter set in config org.apache.hadoop.hive.ql.io.HiveFileFormatUtils$NullOutputCommitter
2024-04-23T20:52:30,333  INFO [Thread-3365] mapred.LocalJobRunner: OutputCommitter is org.apache.hadoop.hive.ql.io.HiveFileFormatUtils$NullOutputCommitter
2024-04-23T20:52:30,337  INFO [Thread-3365] mapred.LocalJobRunner: Waiting for map tasks
2024-04-23T20:52:30,337  INFO [LocalJobRunner Map Task Executor #0] mapred.LocalJobRunner: Starting task: attempt_local1424203275_0052_m_000000_0
2024-04-23T20:52:30,338  INFO [LocalJobRunner Map Task Executor #0] mapred.Task:  Using ResourceCalculatorProcessTree : [ ]
2024-04-23T20:52:30,339  INFO [LocalJobRunner Map Task Executor #0] mapred.MapTask: Processing split: org.apache.hadoop.hive.ql.io.orc.OrcInputFormat:OrcSplit [file:/home/alex/Repositories/hive/ql/target/tmp/org.apache.hadoop.hive.ql.TestTxnNoBuckets-1713930630697/warehouse/t/HIVE_UNION_SUBDIR_16/000001_0, start=0, length=274, isOriginal=true, fileLength=274, hasFooter=false, hasBase=true, deltas=0]
2024-04-23T20:52:30,339  INFO [LocalJobRunner Map Task Executor #0] exec.SerializationUtilities: Deserializing MapWork using kryo
2024-04-23T20:52:30,340  INFO [LocalJobRunner Map Task Executor #0] exec.Utilities: Deserialized plan (via FILE) - name: null size: 5,17KB
2024-04-23T20:52:30,341  INFO [LocalJobRunner Map Task Executor #0] orc.OrcRawRecordMerger: min key = null, max key = null
2024-04-23T20:52:30,341  INFO [LocalJobRunner Map Task Executor #0] orc.ReaderImpl: Reading ORC rows from file:/home/alex/Repositories/hive/ql/target/tmp/org.apache.hadoop.hive.ql.TestTxnNoBuckets-1713930630697/warehouse/t/HIVE_UNION_SUBDIR_16/000001_0 with {include: [true, true, true], offset: 0, length: 274, schema: struct<a:int,b:int>, includeAcidColumns: true}
2024-04-23T20:52:30,366  INFO [LocalJobRunner Map Task Executor #0] orc.OrcRawRecordMerger: updated min key = null, max key = null
2024-04-23T20:52:30,367  INFO [LocalJobRunner Map Task Executor #0] mapred.MapTask: numReduceTasks: 1
2024-04-23T20:52:30,371  INFO [LocalJobRunner Map Task Executor #0] mapred.MapTask: (EQUATOR) 0 kvi 26214396(104857584)
2024-04-23T20:52:30,371  INFO [LocalJobRunner Map Task Executor #0] mapred.MapTask: mapreduce.task.io.sort.mb: 100
2024-04-23T20:52:30,371  INFO [LocalJobRunner Map Task Executor #0] mapred.MapTask: soft limit at 83886080
2024-04-23T20:52:30,371  INFO [LocalJobRunner Map Task Executor #0] mapred.MapTask: bufstart = 0; bufvoid = 104857600
2024-04-23T20:52:30,371  INFO [LocalJobRunner Map Task Executor #0] mapred.MapTask: kvstart = 26214396; length = 6553600
2024-04-23T20:52:30,372  INFO [LocalJobRunner Map Task Executor #0] mapred.MapTask: Map output collector class = org.apache.hadoop.mapred.MapTask$MapOutputBuffer
2024-04-23T20:52:30,372  INFO [LocalJobRunner Map Task Executor #0] exec.MapOperator: Initializing Operator: MAP[0]
2024-04-23T20:52:30,373  INFO [LocalJobRunner Map Task Executor #0] mr.ExecMapper: 
<MAP>Id =0
  <Children>null
  <\Children>
  <Parent><\Parent>
<\MAP>
2024-04-23T20:52:30,374  INFO [LocalJobRunner Map Task Executor #0] exec.TableScanOperator: Initializing Operator: TS[0]
2024-04-23T20:52:30,374  INFO [LocalJobRunner Map Task Executor #0] exec.SelectOperator: Initializing Operator: SEL[1]
2024-04-23T20:52:30,374  INFO [LocalJobRunner Map Task Executor #0] exec.SelectOperator: SELECT struct<a:int,b:int,row__id:struct<writeid:bigint,bucketid:int,rowid:bigint>,input__file__name:string>
2024-04-23T20:52:30,374  INFO [LocalJobRunner Map Task Executor #0] exec.ReduceSinkOperator: Initializing Operator: RS[2]
2024-04-23T20:52:30,374  INFO [LocalJobRunner Map Task Executor #0] exec.ReduceSinkOperator: Using tag = -1
2024-04-23T20:52:30,375  INFO [LocalJobRunner Map Task Executor #0] exec.ReduceSinkOperator: keys are [reducesinkkey0, reducesinkkey1, reducesinkkey2] num distributions: 3
2024-04-23T20:52:30,375  INFO [LocalJobRunner Map Task Executor #0] exec.ReduceSinkOperator: RS[2]: records written - 1
2024-04-23T20:52:30,375  INFO [LocalJobRunner Map Task Executor #0] exec.MapOperator: MAP[0]: records read - 1
2024-04-23T20:52:30,375  INFO [LocalJobRunner Map Task Executor #0] exec.MapOperator: Closing Operator: MAP[0]
2024-04-23T20:52:30,375  INFO [LocalJobRunner Map Task Executor #0] exec.MapOperator: MAP[0]: Total records read - 1. abort - false
2024-04-23T20:52:30,375  INFO [LocalJobRunner Map Task Executor #0] exec.MapOperator: RECORDS_OUT_OPERATOR_MAP_0:0, DESERIALIZE_ERRORS:0, RECORDS_IN:1, RECORDS_OUT_INTERMEDIATE:0, 
2024-04-23T20:52:30,375  INFO [LocalJobRunner Map Task Executor #0] exec.TableScanOperator: Closing Operator: TS[0]
2024-04-23T20:52:30,375  INFO [LocalJobRunner Map Task Executor #0] exec.TableScanOperator: RECORDS_OUT_INTERMEDIATE:0, RECORDS_OUT_OPERATOR_TS_0:1, 
2024-04-23T20:52:30,375  INFO [LocalJobRunner Map Task Executor #0] exec.SelectOperator: Closing Operator: SEL[1]
2024-04-23T20:52:30,375  INFO [LocalJobRunner Map Task Executor #0] exec.SelectOperator: RECORDS_OUT_INTERMEDIATE:0, RECORDS_OUT_OPERATOR_SEL_1:1, 
2024-04-23T20:52:30,375  INFO [LocalJobRunner Map Task Executor #0] exec.ReduceSinkOperator: Closing Operator: RS[2]
2024-04-23T20:52:30,375  INFO [LocalJobRunner Map Task Executor #0] exec.ReduceSinkOperator: RS[2]: Total records written - 1. abort - false
2024-04-23T20:52:30,375  INFO [LocalJobRunner Map Task Executor #0] exec.ReduceSinkOperator: RECORDS_OUT_OPERATOR_RS_2:1, RECORDS_OUT_INTERMEDIATE:1, 
2024-04-23T20:52:30,375  INFO [LocalJobRunner Map Task Executor #0] mapred.LocalJobRunner: 
2024-04-23T20:52:30,375  INFO [LocalJobRunner Map Task Executor #0] mapred.MapTask: Starting flush of map output
2024-04-23T20:52:30,375  INFO [LocalJobRunner Map Task Executor #0] mapred.MapTask: Spilling map output
2024-04-23T20:52:30,375  INFO [LocalJobRunner Map Task Executor #0] mapred.MapTask: bufstart = 0; bufend = 180; bufvoid = 104857600
2024-04-23T20:52:30,375  INFO [LocalJobRunner Map Task Executor #0] mapred.MapTask: kvstart = 26214396(104857584); kvend = 26214396(104857584); length = 1/6553600
2024-04-23T20:52:30,386  INFO [LocalJobRunner Map Task Executor #0] mapred.MapTask: Finished spill 0
2024-04-23T20:52:30,389  INFO [LocalJobRunner Map Task Executor #0] mapred.Task: Task:attempt_local1424203275_0052_m_000000_0 is done. And is in the process of committing
2024-04-23T20:52:30,389  INFO [LocalJobRunner Map Task Executor #0] mapred.LocalJobRunner: OrcSplit [file:/home/alex/Repositories/hive/ql/target/tmp/org.apache.hadoop.hive.ql.TestTxnNoBuckets-1713930630697/warehouse/t/HIVE_UNION_SUBDIR_16/000001_0, start=0, length=274, isOriginal=true, fileLength=274, hasFooter=false, hasBase=true, deltas=0]
2024-04-23T20:52:30,389  INFO [LocalJobRunner Map Task Executor #0] mapred.Task: Task 'attempt_local1424203275_0052_m_000000_0' done.
2024-04-23T20:52:30,389  INFO [LocalJobRunner Map Task Executor #0] mapred.Task: Final Counters for attempt_local1424203275_0052_m_000000_0: Counters: 24
	File System Counters
		FILE: Number of bytes read=1290272
		FILE: Number of bytes written=62557273
		FILE: Number of read operations=0
		FILE: Number of large read operations=0
		FILE: Number of write operations=0
	Map-Reduce Framework
		Map input records=1
		Map output records=1
		Map output bytes=180
		Map output materialized bytes=189
		Input split bytes=473
		Combine input records=0
		Spilled Records=1
		Failed Shuffles=0
		Merged Map outputs=0
		GC time elapsed (ms)=0
		Total committed heap usage (bytes)=1205338112
	HIVE
		DESERIALIZE_ERRORS=0
		RECORDS_IN=1
		RECORDS_OUT_INTERMEDIATE=1
		RECORDS_OUT_OPERATOR_MAP_0=0
		RECORDS_OUT_OPERATOR_RS_2=1
		RECORDS_OUT_OPERATOR_SEL_1=1
		RECORDS_OUT_OPERATOR_TS_0=1
	File Input Format Counters 
		Bytes Read=6663
2024-04-23T20:52:30,389  INFO [LocalJobRunner Map Task Executor #0] mapred.LocalJobRunner: Finishing task: attempt_local1424203275_0052_m_000000_0
2024-04-23T20:52:30,389  INFO [LocalJobRunner Map Task Executor #0] mapred.LocalJobRunner: Starting task: attempt_local1424203275_0052_m_000001_0
2024-04-23T20:52:30,390  INFO [LocalJobRunner Map Task Executor #0] mapred.Task:  Using ResourceCalculatorProcessTree : [ ]
2024-04-23T20:52:30,390  INFO [LocalJobRunner Map Task Executor #0] mapred.MapTask: Processing split: org.apache.hadoop.hive.ql.io.orc.OrcInputFormat:OrcSplit [file:/home/alex/Repositories/hive/ql/target/tmp/org.apache.hadoop.hive.ql.TestTxnNoBuckets-1713930630697/warehouse/t/000000_0, start=0, length=256, isOriginal=true, fileLength=256, hasFooter=false, hasBase=true, deltas=0]
2024-04-23T20:52:30,391  INFO [LocalJobRunner Map Task Executor #0] exec.SerializationUtilities: Deserializing MapWork using kryo
2024-04-23T20:52:30,391  INFO [LocalJobRunner Map Task Executor #0] exec.Utilities: Deserialized plan (via FILE) - name: null size: 5,17KB
2024-04-23T20:52:30,392  INFO [LocalJobRunner Map Task Executor #0] orc.OrcRawRecordMerger: min key = null, max key = null
2024-04-23T20:52:30,393  INFO [LocalJobRunner Map Task Executor #0] orc.ReaderImpl: Reading ORC rows from file:/home/alex/Repositories/hive/ql/target/tmp/org.apache.hadoop.hive.ql.TestTxnNoBuckets-1713930630697/warehouse/t/000000_0 with {include: [true, true, true], offset: 0, length: 256, schema: struct<a:int,b:int>, includeAcidColumns: true}
2024-04-23T20:52:30,418  INFO [LocalJobRunner Map Task Executor #0] orc.OrcRawRecordMerger: updated min key = null, max key = null
2024-04-23T20:52:30,418  INFO [LocalJobRunner Map Task Executor #0] mapred.MapTask: numReduceTasks: 1
2024-04-23T20:52:30,423  INFO [LocalJobRunner Map Task Executor #0] mapred.MapTask: (EQUATOR) 0 kvi 26214396(104857584)
2024-04-23T20:52:30,423  INFO [LocalJobRunner Map Task Executor #0] mapred.MapTask: mapreduce.task.io.sort.mb: 100
2024-04-23T20:52:30,423  INFO [LocalJobRunner Map Task Executor #0] mapred.MapTask: soft limit at 83886080
2024-04-23T20:52:30,423  INFO [LocalJobRunner Map Task Executor #0] mapred.MapTask: bufstart = 0; bufvoid = 104857600
2024-04-23T20:52:30,423  INFO [LocalJobRunner Map Task Executor #0] mapred.MapTask: kvstart = 26214396; length = 6553600
2024-04-23T20:52:30,424  INFO [LocalJobRunner Map Task Executor #0] mapred.MapTask: Map output collector class = org.apache.hadoop.mapred.MapTask$MapOutputBuffer
2024-04-23T20:52:30,424  INFO [LocalJobRunner Map Task Executor #0] exec.MapOperator: Initializing Operator: MAP[0]
2024-04-23T20:52:30,425  INFO [LocalJobRunner Map Task Executor #0] mr.ExecMapper: 
<MAP>Id =0
  <Children>null
  <\Children>
  <Parent><\Parent>
<\MAP>
2024-04-23T20:52:30,426  INFO [LocalJobRunner Map Task Executor #0] exec.TableScanOperator: Initializing Operator: TS[0]
2024-04-23T20:52:30,426  INFO [LocalJobRunner Map Task Executor #0] exec.SelectOperator: Initializing Operator: SEL[1]
2024-04-23T20:52:30,426  INFO [LocalJobRunner Map Task Executor #0] exec.SelectOperator: SELECT struct<a:int,b:int,row__id:struct<writeid:bigint,bucketid:int,rowid:bigint>,input__file__name:string>
2024-04-23T20:52:30,426  INFO [LocalJobRunner Map Task Executor #0] exec.ReduceSinkOperator: Initializing Operator: RS[2]
2024-04-23T20:52:30,426  INFO [LocalJobRunner Map Task Executor #0] exec.ReduceSinkOperator: Using tag = -1
2024-04-23T20:52:30,427  INFO [LocalJobRunner Map Task Executor #0] exec.ReduceSinkOperator: keys are [reducesinkkey0, reducesinkkey1, reducesinkkey2] num distributions: 3
2024-04-23T20:52:30,427  INFO [LocalJobRunner Map Task Executor #0] exec.ReduceSinkOperator: RS[2]: records written - 1
2024-04-23T20:52:30,427  INFO [LocalJobRunner Map Task Executor #0] exec.MapOperator: MAP[0]: records read - 1
2024-04-23T20:52:30,427  INFO [LocalJobRunner Map Task Executor #0] exec.MapOperator: Closing Operator: MAP[0]
2024-04-23T20:52:30,428  INFO [LocalJobRunner Map Task Executor #0] exec.MapOperator: MAP[0]: Total records read - 2. abort - false
2024-04-23T20:52:30,428  INFO [LocalJobRunner Map Task Executor #0] exec.MapOperator: RECORDS_IN:2, DESERIALIZE_ERRORS:0, RECORDS_OUT_OPERATOR_MAP_0:0, RECORDS_OUT_INTERMEDIATE:0, 
2024-04-23T20:52:30,428  INFO [LocalJobRunner Map Task Executor #0] exec.TableScanOperator: Closing Operator: TS[0]
2024-04-23T20:52:30,428  INFO [LocalJobRunner Map Task Executor #0] exec.TableScanOperator: RECORDS_OUT_OPERATOR_TS_0:2, RECORDS_OUT_INTERMEDIATE:0, 
2024-04-23T20:52:30,428  INFO [LocalJobRunner Map Task Executor #0] exec.SelectOperator: Closing Operator: SEL[1]
2024-04-23T20:52:30,428  INFO [LocalJobRunner Map Task Executor #0] exec.SelectOperator: RECORDS_OUT_OPERATOR_SEL_1:2, RECORDS_OUT_INTERMEDIATE:0, 
2024-04-23T20:52:30,428  INFO [LocalJobRunner Map Task Executor #0] exec.ReduceSinkOperator: Closing Operator: RS[2]
2024-04-23T20:52:30,428  INFO [LocalJobRunner Map Task Executor #0] exec.ReduceSinkOperator: RS[2]: Total records written - 2. abort - false
2024-04-23T20:52:30,428  INFO [LocalJobRunner Map Task Executor #0] exec.ReduceSinkOperator: RECORDS_OUT_INTERMEDIATE:2, RECORDS_OUT_OPERATOR_RS_2:2, 
2024-04-23T20:52:30,428  INFO [LocalJobRunner Map Task Executor #0] mapred.LocalJobRunner: 
2024-04-23T20:52:30,428  INFO [LocalJobRunner Map Task Executor #0] mapred.MapTask: Starting flush of map output
2024-04-23T20:52:30,428  INFO [LocalJobRunner Map Task Executor #0] mapred.MapTask: Spilling map output
2024-04-23T20:52:30,428  INFO [LocalJobRunner Map Task Executor #0] mapred.MapTask: bufstart = 0; bufend = 318; bufvoid = 104857600
2024-04-23T20:52:30,428  INFO [LocalJobRunner Map Task Executor #0] mapred.MapTask: kvstart = 26214396(104857584); kvend = 26214392(104857568); length = 5/6553600
2024-04-23T20:52:30,437  INFO [LocalJobRunner Map Task Executor #0] mapred.MapTask: Finished spill 0
2024-04-23T20:52:30,440  INFO [LocalJobRunner Map Task Executor #0] mapred.Task: Task:attempt_local1424203275_0052_m_000001_0 is done. And is in the process of committing
2024-04-23T20:52:30,441  INFO [LocalJobRunner Map Task Executor #0] mapred.LocalJobRunner: OrcSplit [file:/home/alex/Repositories/hive/ql/target/tmp/org.apache.hadoop.hive.ql.TestTxnNoBuckets-1713930630697/warehouse/t/000000_0, start=0, length=256, isOriginal=true, fileLength=256, hasFooter=false, hasBase=true, deltas=0]
2024-04-23T20:52:30,441  INFO [LocalJobRunner Map Task Executor #0] mapred.Task: Task 'attempt_local1424203275_0052_m_000001_0' done.
2024-04-23T20:52:30,441  INFO [LocalJobRunner Map Task Executor #0] mapred.Task: Final Counters for attempt_local1424203275_0052_m_000001_0: Counters: 24
	File System Counters
		FILE: Number of bytes read=1299859
		FILE: Number of bytes written=62557635
		FILE: Number of read operations=0
		FILE: Number of large read operations=0
		FILE: Number of write operations=0
	Map-Reduce Framework
		Map input records=2
		Map output records=2
		Map output bytes=318
		Map output materialized bytes=330
		Input split bytes=451
		Combine input records=0
		Spilled Records=2
		Failed Shuffles=0
		Merged Map outputs=0
		GC time elapsed (ms)=0
		Total committed heap usage (bytes)=1205338112
	HIVE
		DESERIALIZE_ERRORS=0
		RECORDS_IN=2
		RECORDS_OUT_INTERMEDIATE=2
		RECORDS_OUT_OPERATOR_MAP_0=0
		RECORDS_OUT_OPERATOR_RS_2=2
		RECORDS_OUT_OPERATOR_SEL_1=2
		RECORDS_OUT_OPERATOR_TS_0=2
	File Input Format Counters 
		Bytes Read=6313
2024-04-23T20:52:30,441  INFO [LocalJobRunner Map Task Executor #0] mapred.LocalJobRunner: Finishing task: attempt_local1424203275_0052_m_000001_0
2024-04-23T20:52:30,441  INFO [LocalJobRunner Map Task Executor #0] mapred.LocalJobRunner: Starting task: attempt_local1424203275_0052_m_000002_0
2024-04-23T20:52:30,442  INFO [LocalJobRunner Map Task Executor #0] mapred.Task:  Using ResourceCalculatorProcessTree : [ ]
2024-04-23T20:52:30,442  INFO [LocalJobRunner Map Task Executor #0] mapred.MapTask: Processing split: org.apache.hadoop.hive.ql.io.orc.OrcInputFormat:OrcSplit [file:/home/alex/Repositories/hive/ql/target/tmp/org.apache.hadoop.hive.ql.TestTxnNoBuckets-1713930630697/warehouse/t/HIVE_UNION_SUBDIR_15/000000_0, start=0, length=256, isOriginal=true, fileLength=256, hasFooter=false, hasBase=true, deltas=0]
2024-04-23T20:52:30,443  INFO [LocalJobRunner Map Task Executor #0] exec.SerializationUtilities: Deserializing MapWork using kryo
2024-04-23T20:52:30,443  INFO [LocalJobRunner Map Task Executor #0] exec.Utilities: Deserialized plan (via FILE) - name: null size: 5,17KB
2024-04-23T20:52:30,444  INFO [LocalJobRunner Map Task Executor #0] orc.OrcRawRecordMerger: min key = null, max key = null
2024-04-23T20:52:30,444  INFO [LocalJobRunner Map Task Executor #0] orc.ReaderImpl: Reading ORC rows from file:/home/alex/Repositories/hive/ql/target/tmp/org.apache.hadoop.hive.ql.TestTxnNoBuckets-1713930630697/warehouse/t/HIVE_UNION_SUBDIR_15/000000_0 with {include: [true, true, true], offset: 0, length: 256, schema: struct<a:int,b:int>, includeAcidColumns: true}
2024-04-23T20:52:30,471  INFO [LocalJobRunner Map Task Executor #0] orc.OrcRawRecordMerger: updated min key = null, max key = null
2024-04-23T20:52:30,471  INFO [LocalJobRunner Map Task Executor #0] mapred.MapTask: numReduceTasks: 1
2024-04-23T20:52:30,482  INFO [LocalJobRunner Map Task Executor #0] mapred.MapTask: (EQUATOR) 0 kvi 26214396(104857584)
2024-04-23T20:52:30,482  INFO [LocalJobRunner Map Task Executor #0] mapred.MapTask: mapreduce.task.io.sort.mb: 100
2024-04-23T20:52:30,482  INFO [LocalJobRunner Map Task Executor #0] mapred.MapTask: soft limit at 83886080
2024-04-23T20:52:30,482  INFO [LocalJobRunner Map Task Executor #0] mapred.MapTask: bufstart = 0; bufvoid = 104857600
2024-04-23T20:52:30,482  INFO [LocalJobRunner Map Task Executor #0] mapred.MapTask: kvstart = 26214396; length = 6553600
2024-04-23T20:52:30,483  INFO [LocalJobRunner Map Task Executor #0] mapred.MapTask: Map output collector class = org.apache.hadoop.mapred.MapTask$MapOutputBuffer
2024-04-23T20:52:30,483  INFO [LocalJobRunner Map Task Executor #0] exec.MapOperator: Initializing Operator: MAP[0]
2024-04-23T20:52:30,485  INFO [LocalJobRunner Map Task Executor #0] mr.ExecMapper: 
<MAP>Id =0
  <Children>null
  <\Children>
  <Parent><\Parent>
<\MAP>
2024-04-23T20:52:30,485  INFO [LocalJobRunner Map Task Executor #0] exec.TableScanOperator: Initializing Operator: TS[0]
2024-04-23T20:52:30,486  INFO [LocalJobRunner Map Task Executor #0] exec.SelectOperator: Initializing Operator: SEL[1]
2024-04-23T20:52:30,486  INFO [LocalJobRunner Map Task Executor #0] exec.SelectOperator: SELECT struct<a:int,b:int,row__id:struct<writeid:bigint,bucketid:int,rowid:bigint>,input__file__name:string>
2024-04-23T20:52:30,486  INFO [LocalJobRunner Map Task Executor #0] exec.ReduceSinkOperator: Initializing Operator: RS[2]
2024-04-23T20:52:30,486  INFO [LocalJobRunner Map Task Executor #0] exec.ReduceSinkOperator: Using tag = -1
2024-04-23T20:52:30,486  INFO [LocalJobRunner Map Task Executor #0] exec.ReduceSinkOperator: keys are [reducesinkkey0, reducesinkkey1, reducesinkkey2] num distributions: 3
2024-04-23T20:52:30,486  INFO [LocalJobRunner Map Task Executor #0] exec.ReduceSinkOperator: RS[2]: records written - 1
2024-04-23T20:52:30,487  INFO [LocalJobRunner Map Task Executor #0] exec.MapOperator: MAP[0]: records read - 1
2024-04-23T20:52:30,487  INFO [LocalJobRunner Map Task Executor #0] exec.MapOperator: Closing Operator: MAP[0]
2024-04-23T20:52:30,487  INFO [LocalJobRunner Map Task Executor #0] exec.MapOperator: MAP[0]: Total records read - 2. abort - false
2024-04-23T20:52:30,487  INFO [LocalJobRunner Map Task Executor #0] exec.MapOperator: RECORDS_IN:2, RECORDS_OUT_INTERMEDIATE:0, DESERIALIZE_ERRORS:0, RECORDS_OUT_OPERATOR_MAP_0:0, 
2024-04-23T20:52:30,487  INFO [LocalJobRunner Map Task Executor #0] exec.TableScanOperator: Closing Operator: TS[0]
2024-04-23T20:52:30,487  INFO [LocalJobRunner Map Task Executor #0] exec.TableScanOperator: RECORDS_OUT_INTERMEDIATE:0, RECORDS_OUT_OPERATOR_TS_0:2, 
2024-04-23T20:52:30,487  INFO [LocalJobRunner Map Task Executor #0] exec.SelectOperator: Closing Operator: SEL[1]
2024-04-23T20:52:30,488  INFO [LocalJobRunner Map Task Executor #0] exec.SelectOperator: RECORDS_OUT_INTERMEDIATE:0, RECORDS_OUT_OPERATOR_SEL_1:2, 
2024-04-23T20:52:30,488  INFO [LocalJobRunner Map Task Executor #0] exec.ReduceSinkOperator: Closing Operator: RS[2]
2024-04-23T20:52:30,488  INFO [LocalJobRunner Map Task Executor #0] exec.ReduceSinkOperator: RS[2]: Total records written - 2. abort - false
2024-04-23T20:52:30,488  INFO [LocalJobRunner Map Task Executor #0] exec.ReduceSinkOperator: RECORDS_OUT_INTERMEDIATE:2, RECORDS_OUT_OPERATOR_RS_2:2, 
2024-04-23T20:52:30,488  INFO [LocalJobRunner Map Task Executor #0] mapred.LocalJobRunner: 
2024-04-23T20:52:30,488  INFO [LocalJobRunner Map Task Executor #0] mapred.MapTask: Starting flush of map output
2024-04-23T20:52:30,488  INFO [LocalJobRunner Map Task Executor #0] mapred.MapTask: Spilling map output
2024-04-23T20:52:30,488  INFO [LocalJobRunner Map Task Executor #0] mapred.MapTask: bufstart = 0; bufend = 360; bufvoid = 104857600
2024-04-23T20:52:30,488  INFO [LocalJobRunner Map Task Executor #0] mapred.MapTask: kvstart = 26214396(104857584); kvend = 26214392(104857568); length = 5/6553600
2024-04-23T20:52:30,496  INFO [LocalJobRunner Map Task Executor #0] mapred.MapTask: Finished spill 0
2024-04-23T20:52:30,499  INFO [LocalJobRunner Map Task Executor #0] mapred.Task: Task:attempt_local1424203275_0052_m_000002_0 is done. And is in the process of committing
2024-04-23T20:52:30,499  INFO [LocalJobRunner Map Task Executor #0] mapred.LocalJobRunner: OrcSplit [file:/home/alex/Repositories/hive/ql/target/tmp/org.apache.hadoop.hive.ql.TestTxnNoBuckets-1713930630697/warehouse/t/HIVE_UNION_SUBDIR_15/000000_0, start=0, length=256, isOriginal=true, fileLength=256, hasFooter=false, hasBase=true, deltas=0]
2024-04-23T20:52:30,499  INFO [LocalJobRunner Map Task Executor #0] mapred.Task: Task 'attempt_local1424203275_0052_m_000002_0' done.
2024-04-23T20:52:30,500  INFO [LocalJobRunner Map Task Executor #0] mapred.Task: Final Counters for attempt_local1424203275_0052_m_000002_0: Counters: 24
	File System Counters
		FILE: Number of bytes read=1309479
		FILE: Number of bytes written=62558039
		FILE: Number of read operations=0
		FILE: Number of large read operations=0
		FILE: Number of write operations=0
	Map-Reduce Framework
		Map input records=2
		Map output records=2
		Map output bytes=360
		Map output materialized bytes=372
		Input split bytes=473
		Combine input records=0
		Spilled Records=2
		Failed Shuffles=0
		Merged Map outputs=0
		GC time elapsed (ms)=6
		Total committed heap usage (bytes)=1205338112
	HIVE
		DESERIALIZE_ERRORS=0
		RECORDS_IN=2
		RECORDS_OUT_INTERMEDIATE=2
		RECORDS_OUT_OPERATOR_MAP_0=0
		RECORDS_OUT_OPERATOR_RS_2=2
		RECORDS_OUT_OPERATOR_SEL_1=2
		RECORDS_OUT_OPERATOR_TS_0=2
	File Input Format Counters 
		Bytes Read=6858
2024-04-23T20:52:30,500  INFO [LocalJobRunner Map Task Executor #0] mapred.LocalJobRunner: Finishing task: attempt_local1424203275_0052_m_000002_0
2024-04-23T20:52:30,500  INFO [LocalJobRunner Map Task Executor #0] mapred.LocalJobRunner: Starting task: attempt_local1424203275_0052_m_000003_0
2024-04-23T20:52:30,500  INFO [LocalJobRunner Map Task Executor #0] mapred.Task:  Using ResourceCalculatorProcessTree : [ ]
2024-04-23T20:52:30,501  INFO [LocalJobRunner Map Task Executor #0] mapred.MapTask: Processing split: org.apache.hadoop.hive.ql.io.orc.OrcInputFormat:OrcSplit [file:/home/alex/Repositories/hive/ql/target/tmp/org.apache.hadoop.hive.ql.TestTxnNoBuckets-1713930630697/warehouse/t/000001_0, start=0, length=254, isOriginal=true, fileLength=254, hasFooter=false, hasBase=true, deltas=0]
2024-04-23T20:52:30,501  INFO [LocalJobRunner Map Task Executor #0] exec.SerializationUtilities: Deserializing MapWork using kryo
2024-04-23T20:52:30,502  INFO [LocalJobRunner Map Task Executor #0] exec.Utilities: Deserialized plan (via FILE) - name: null size: 5,17KB
2024-04-23T20:52:30,503  INFO [LocalJobRunner Map Task Executor #0] orc.OrcRawRecordMerger: min key = null, max key = null
2024-04-23T20:52:30,503  INFO [LocalJobRunner Map Task Executor #0] orc.ReaderImpl: Reading ORC rows from file:/home/alex/Repositories/hive/ql/target/tmp/org.apache.hadoop.hive.ql.TestTxnNoBuckets-1713930630697/warehouse/t/000001_0 with {include: [true, true, true], offset: 0, length: 254, schema: struct<a:int,b:int>, includeAcidColumns: true}
2024-04-23T20:52:30,525  INFO [LocalJobRunner Map Task Executor #0] orc.OrcRawRecordMerger: updated min key = null, max key = null
2024-04-23T20:52:30,526  INFO [LocalJobRunner Map Task Executor #0] mapred.MapTask: numReduceTasks: 1
2024-04-23T20:52:30,530  INFO [LocalJobRunner Map Task Executor #0] mapred.MapTask: (EQUATOR) 0 kvi 26214396(104857584)
2024-04-23T20:52:30,530  INFO [LocalJobRunner Map Task Executor #0] mapred.MapTask: mapreduce.task.io.sort.mb: 100
2024-04-23T20:52:30,530  INFO [LocalJobRunner Map Task Executor #0] mapred.MapTask: soft limit at 83886080
2024-04-23T20:52:30,530  INFO [LocalJobRunner Map Task Executor #0] mapred.MapTask: bufstart = 0; bufvoid = 104857600
2024-04-23T20:52:30,530  INFO [LocalJobRunner Map Task Executor #0] mapred.MapTask: kvstart = 26214396; length = 6553600
2024-04-23T20:52:30,530  INFO [LocalJobRunner Map Task Executor #0] mapred.MapTask: Map output collector class = org.apache.hadoop.mapred.MapTask$MapOutputBuffer
2024-04-23T20:52:30,531  INFO [LocalJobRunner Map Task Executor #0] exec.MapOperator: Initializing Operator: MAP[0]
2024-04-23T20:52:30,532  INFO [LocalJobRunner Map Task Executor #0] mr.ExecMapper: 
<MAP>Id =0
  <Children>null
  <\Children>
  <Parent><\Parent>
<\MAP>
2024-04-23T20:52:30,532  INFO [LocalJobRunner Map Task Executor #0] exec.TableScanOperator: Initializing Operator: TS[0]
2024-04-23T20:52:30,532  INFO [LocalJobRunner Map Task Executor #0] exec.SelectOperator: Initializing Operator: SEL[1]
2024-04-23T20:52:30,532  INFO [LocalJobRunner Map Task Executor #0] exec.SelectOperator: SELECT struct<a:int,b:int,row__id:struct<writeid:bigint,bucketid:int,rowid:bigint>,input__file__name:string>
2024-04-23T20:52:30,532  INFO [LocalJobRunner Map Task Executor #0] exec.ReduceSinkOperator: Initializing Operator: RS[2]
2024-04-23T20:52:30,532  INFO [LocalJobRunner Map Task Executor #0] exec.ReduceSinkOperator: Using tag = -1
2024-04-23T20:52:30,533  INFO [LocalJobRunner Map Task Executor #0] exec.ReduceSinkOperator: keys are [reducesinkkey0, reducesinkkey1, reducesinkkey2] num distributions: 3
2024-04-23T20:52:30,533  INFO [LocalJobRunner Map Task Executor #0] exec.ReduceSinkOperator: RS[2]: records written - 1
2024-04-23T20:52:30,533  INFO [LocalJobRunner Map Task Executor #0] exec.MapOperator: MAP[0]: records read - 1
2024-04-23T20:52:30,533  INFO [LocalJobRunner Map Task Executor #0] exec.MapOperator: Closing Operator: MAP[0]
2024-04-23T20:52:30,533  INFO [LocalJobRunner Map Task Executor #0] exec.MapOperator: MAP[0]: Total records read - 1. abort - false
2024-04-23T20:52:30,533  INFO [LocalJobRunner Map Task Executor #0] exec.MapOperator: RECORDS_IN:1, RECORDS_OUT_INTERMEDIATE:0, RECORDS_OUT_OPERATOR_MAP_0:0, DESERIALIZE_ERRORS:0, 
2024-04-23T20:52:30,533  INFO [LocalJobRunner Map Task Executor #0] exec.TableScanOperator: Closing Operator: TS[0]
2024-04-23T20:52:30,533  INFO [LocalJobRunner Map Task Executor #0] exec.TableScanOperator: RECORDS_OUT_OPERATOR_TS_0:1, RECORDS_OUT_INTERMEDIATE:0, 
2024-04-23T20:52:30,533  INFO [LocalJobRunner Map Task Executor #0] exec.SelectOperator: Closing Operator: SEL[1]
2024-04-23T20:52:30,533  INFO [LocalJobRunner Map Task Executor #0] exec.SelectOperator: RECORDS_OUT_INTERMEDIATE:0, RECORDS_OUT_OPERATOR_SEL_1:1, 
2024-04-23T20:52:30,533  INFO [LocalJobRunner Map Task Executor #0] exec.ReduceSinkOperator: Closing Operator: RS[2]
2024-04-23T20:52:30,533  INFO [LocalJobRunner Map Task Executor #0] exec.ReduceSinkOperator: RS[2]: Total records written - 1. abort - false
2024-04-23T20:52:30,533  INFO [LocalJobRunner Map Task Executor #0] exec.ReduceSinkOperator: RECORDS_OUT_INTERMEDIATE:1, RECORDS_OUT_OPERATOR_RS_2:1, 
2024-04-23T20:52:30,534  INFO [LocalJobRunner Map Task Executor #0] mapred.LocalJobRunner: 
2024-04-23T20:52:30,534  INFO [LocalJobRunner Map Task Executor #0] mapred.MapTask: Starting flush of map output
2024-04-23T20:52:30,534  INFO [LocalJobRunner Map Task Executor #0] mapred.MapTask: Spilling map output
2024-04-23T20:52:30,534  INFO [LocalJobRunner Map Task Executor #0] mapred.MapTask: bufstart = 0; bufend = 159; bufvoid = 104857600
2024-04-23T20:52:30,534  INFO [LocalJobRunner Map Task Executor #0] mapred.MapTask: kvstart = 26214396(104857584); kvend = 26214396(104857584); length = 1/6553600
2024-04-23T20:52:30,542  INFO [LocalJobRunner Map Task Executor #0] mapred.MapTask: Finished spill 0
2024-04-23T20:52:30,544  INFO [LocalJobRunner Map Task Executor #0] mapred.Task: Task:attempt_local1424203275_0052_m_000003_0 is done. And is in the process of committing
2024-04-23T20:52:30,545  INFO [LocalJobRunner Map Task Executor #0] mapred.LocalJobRunner: OrcSplit [file:/home/alex/Repositories/hive/ql/target/tmp/org.apache.hadoop.hive.ql.TestTxnNoBuckets-1713930630697/warehouse/t/000001_0, start=0, length=254, isOriginal=true, fileLength=254, hasFooter=false, hasBase=true, deltas=0]
2024-04-23T20:52:30,545  INFO [LocalJobRunner Map Task Executor #0] mapred.Task: Task 'attempt_local1424203275_0052_m_000003_0' done.
2024-04-23T20:52:30,545  INFO [LocalJobRunner Map Task Executor #0] mapred.Task: Final Counters for attempt_local1424203275_0052_m_000003_0: Counters: 24
	File System Counters
		FILE: Number of bytes read=1318034
		FILE: Number of bytes written=62558239
		FILE: Number of read operations=0
		FILE: Number of large read operations=0
		FILE: Number of write operations=0
	Map-Reduce Framework
		Map input records=1
		Map output records=1
		Map output bytes=159
		Map output materialized bytes=168
		Input split bytes=451
		Combine input records=0
		Spilled Records=1
		Failed Shuffles=0
		Merged Map outputs=0
		GC time elapsed (ms)=0
		Total committed heap usage (bytes)=1205338112
	HIVE
		DESERIALIZE_ERRORS=0
		RECORDS_IN=1
		RECORDS_OUT_INTERMEDIATE=1
		RECORDS_OUT_OPERATOR_MAP_0=0
		RECORDS_OUT_OPERATOR_RS_2=1
		RECORDS_OUT_OPERATOR_SEL_1=1
		RECORDS_OUT_OPERATOR_TS_0=1
	File Input Format Counters 
		Bytes Read=6305
2024-04-23T20:52:30,545  INFO [LocalJobRunner Map Task Executor #0] mapred.LocalJobRunner: Finishing task: attempt_local1424203275_0052_m_000003_0
2024-04-23T20:52:30,545  INFO [LocalJobRunner Map Task Executor #0] mapred.LocalJobRunner: Starting task: attempt_local1424203275_0052_m_000004_0
2024-04-23T20:52:30,545  INFO [LocalJobRunner Map Task Executor #0] mapred.Task:  Using ResourceCalculatorProcessTree : [ ]
2024-04-23T20:52:30,546  INFO [LocalJobRunner Map Task Executor #0] mapred.MapTask: Processing split: org.apache.hadoop.hive.ql.io.orc.OrcInputFormat:OrcSplit [file:/home/alex/Repositories/hive/ql/target/tmp/org.apache.hadoop.hive.ql.TestTxnNoBuckets-1713930630697/warehouse/t/000002_0, start=0, length=254, isOriginal=true, fileLength=254, hasFooter=false, hasBase=true, deltas=0]
2024-04-23T20:52:30,546  INFO [LocalJobRunner Map Task Executor #0] exec.SerializationUtilities: Deserializing MapWork using kryo
2024-04-23T20:52:30,546  INFO [LocalJobRunner Map Task Executor #0] exec.Utilities: Deserialized plan (via FILE) - name: null size: 5,17KB
2024-04-23T20:52:30,547  INFO [LocalJobRunner Map Task Executor #0] orc.OrcRawRecordMerger: min key = null, max key = null
2024-04-23T20:52:30,547  INFO [LocalJobRunner Map Task Executor #0] orc.ReaderImpl: Reading ORC rows from file:/home/alex/Repositories/hive/ql/target/tmp/org.apache.hadoop.hive.ql.TestTxnNoBuckets-1713930630697/warehouse/t/000002_0 with {include: [true, true, true], offset: 0, length: 254, schema: struct<a:int,b:int>, includeAcidColumns: true}
2024-04-23T20:52:30,570  INFO [LocalJobRunner Map Task Executor #0] orc.OrcRawRecordMerger: updated min key = null, max key = null
2024-04-23T20:52:30,570  INFO [LocalJobRunner Map Task Executor #0] mapred.MapTask: numReduceTasks: 1
2024-04-23T20:52:30,575  INFO [LocalJobRunner Map Task Executor #0] mapred.MapTask: (EQUATOR) 0 kvi 26214396(104857584)
2024-04-23T20:52:30,575  INFO [LocalJobRunner Map Task Executor #0] mapred.MapTask: mapreduce.task.io.sort.mb: 100
2024-04-23T20:52:30,575  INFO [LocalJobRunner Map Task Executor #0] mapred.MapTask: soft limit at 83886080
2024-04-23T20:52:30,575  INFO [LocalJobRunner Map Task Executor #0] mapred.MapTask: bufstart = 0; bufvoid = 104857600
2024-04-23T20:52:30,575  INFO [LocalJobRunner Map Task Executor #0] mapred.MapTask: kvstart = 26214396; length = 6553600
2024-04-23T20:52:30,575  INFO [LocalJobRunner Map Task Executor #0] mapred.MapTask: Map output collector class = org.apache.hadoop.mapred.MapTask$MapOutputBuffer
2024-04-23T20:52:30,575  INFO [LocalJobRunner Map Task Executor #0] exec.MapOperator: Initializing Operator: MAP[0]
2024-04-23T20:52:30,576  INFO [LocalJobRunner Map Task Executor #0] mr.ExecMapper: 
<MAP>Id =0
  <Children>null
  <\Children>
  <Parent><\Parent>
<\MAP>
2024-04-23T20:52:30,577  INFO [LocalJobRunner Map Task Executor #0] exec.TableScanOperator: Initializing Operator: TS[0]
2024-04-23T20:52:30,577  INFO [LocalJobRunner Map Task Executor #0] exec.SelectOperator: Initializing Operator: SEL[1]
2024-04-23T20:52:30,577  INFO [LocalJobRunner Map Task Executor #0] exec.SelectOperator: SELECT struct<a:int,b:int,row__id:struct<writeid:bigint,bucketid:int,rowid:bigint>,input__file__name:string>
2024-04-23T20:52:30,577  INFO [LocalJobRunner Map Task Executor #0] exec.ReduceSinkOperator: Initializing Operator: RS[2]
2024-04-23T20:52:30,577  INFO [LocalJobRunner Map Task Executor #0] exec.ReduceSinkOperator: Using tag = -1
2024-04-23T20:52:30,578  INFO [LocalJobRunner Map Task Executor #0] exec.ReduceSinkOperator: keys are [reducesinkkey0, reducesinkkey1, reducesinkkey2] num distributions: 3
2024-04-23T20:52:30,578  INFO [LocalJobRunner Map Task Executor #0] exec.ReduceSinkOperator: RS[2]: records written - 1
2024-04-23T20:52:30,578  INFO [LocalJobRunner Map Task Executor #0] exec.MapOperator: MAP[0]: records read - 1
2024-04-23T20:52:30,578  INFO [LocalJobRunner Map Task Executor #0] exec.MapOperator: Closing Operator: MAP[0]
2024-04-23T20:52:30,578  INFO [LocalJobRunner Map Task Executor #0] exec.MapOperator: MAP[0]: Total records read - 2. abort - false
2024-04-23T20:52:30,578  INFO [LocalJobRunner Map Task Executor #0] exec.MapOperator: RECORDS_OUT_INTERMEDIATE:0, DESERIALIZE_ERRORS:0, RECORDS_IN:2, RECORDS_OUT_OPERATOR_MAP_0:0, 
2024-04-23T20:52:30,578  INFO [LocalJobRunner Map Task Executor #0] exec.TableScanOperator: Closing Operator: TS[0]
2024-04-23T20:52:30,578  INFO [LocalJobRunner Map Task Executor #0] exec.TableScanOperator: RECORDS_OUT_INTERMEDIATE:0, RECORDS_OUT_OPERATOR_TS_0:2, 
2024-04-23T20:52:30,578  INFO [LocalJobRunner Map Task Executor #0] exec.SelectOperator: Closing Operator: SEL[1]
2024-04-23T20:52:30,578  INFO [LocalJobRunner Map Task Executor #0] exec.SelectOperator: RECORDS_OUT_OPERATOR_SEL_1:2, RECORDS_OUT_INTERMEDIATE:0, 
2024-04-23T20:52:30,578  INFO [LocalJobRunner Map Task Executor #0] exec.ReduceSinkOperator: Closing Operator: RS[2]
2024-04-23T20:52:30,578  INFO [LocalJobRunner Map Task Executor #0] exec.ReduceSinkOperator: RS[2]: Total records written - 2. abort - false
2024-04-23T20:52:30,578  INFO [LocalJobRunner Map Task Executor #0] exec.ReduceSinkOperator: RECORDS_OUT_OPERATOR_RS_2:2, RECORDS_OUT_INTERMEDIATE:2, 
2024-04-23T20:52:30,579  INFO [LocalJobRunner Map Task Executor #0] mapred.LocalJobRunner: 
2024-04-23T20:52:30,579  INFO [LocalJobRunner Map Task Executor #0] mapred.MapTask: Starting flush of map output
2024-04-23T20:52:30,579  INFO [LocalJobRunner Map Task Executor #0] mapred.MapTask: Spilling map output
2024-04-23T20:52:30,579  INFO [LocalJobRunner Map Task Executor #0] mapred.MapTask: bufstart = 0; bufend = 318; bufvoid = 104857600
2024-04-23T20:52:30,579  INFO [LocalJobRunner Map Task Executor #0] mapred.MapTask: kvstart = 26214396(104857584); kvend = 26214392(104857568); length = 5/6553600
2024-04-23T20:52:30,587  INFO [LocalJobRunner Map Task Executor #0] mapred.MapTask: Finished spill 0
2024-04-23T20:52:30,590  INFO [LocalJobRunner Map Task Executor #0] mapred.Task: Task:attempt_local1424203275_0052_m_000004_0 is done. And is in the process of committing
2024-04-23T20:52:30,590  INFO [LocalJobRunner Map Task Executor #0] mapred.LocalJobRunner: OrcSplit [file:/home/alex/Repositories/hive/ql/target/tmp/org.apache.hadoop.hive.ql.TestTxnNoBuckets-1713930630697/warehouse/t/000002_0, start=0, length=254, isOriginal=true, fileLength=254, hasFooter=false, hasBase=true, deltas=0]
2024-04-23T20:52:30,590  INFO [LocalJobRunner Map Task Executor #0] mapred.Task: Task 'attempt_local1424203275_0052_m_000004_0' done.
2024-04-23T20:52:30,590  INFO [LocalJobRunner Map Task Executor #0] mapred.Task: Final Counters for attempt_local1424203275_0052_m_000004_0: Counters: 24
	File System Counters
		FILE: Number of bytes read=1326077
		FILE: Number of bytes written=62558601
		FILE: Number of read operations=0
		FILE: Number of large read operations=0
		FILE: Number of write operations=0
	Map-Reduce Framework
		Map input records=2
		Map output records=2
		Map output bytes=318
		Map output materialized bytes=330
		Input split bytes=451
		Combine input records=0
		Spilled Records=2
		Failed Shuffles=0
		Merged Map outputs=0
		GC time elapsed (ms)=0
		Total committed heap usage (bytes)=1205338112
	HIVE
		DESERIALIZE_ERRORS=0
		RECORDS_IN=2
		RECORDS_OUT_INTERMEDIATE=2
		RECORDS_OUT_OPERATOR_MAP_0=0
		RECORDS_OUT_OPERATOR_RS_2=2
		RECORDS_OUT_OPERATOR_SEL_1=2
		RECORDS_OUT_OPERATOR_TS_0=2
	File Input Format Counters 
		Bytes Read=6305
2024-04-23T20:52:30,590  INFO [LocalJobRunner Map Task Executor #0] mapred.LocalJobRunner: Finishing task: attempt_local1424203275_0052_m_000004_0
2024-04-23T20:52:30,590  INFO [LocalJobRunner Map Task Executor #0] mapred.LocalJobRunner: Starting task: attempt_local1424203275_0052_m_000005_0
2024-04-23T20:52:30,591  INFO [LocalJobRunner Map Task Executor #0] mapred.Task:  Using ResourceCalculatorProcessTree : [ ]
2024-04-23T20:52:30,591  INFO [LocalJobRunner Map Task Executor #0] mapred.MapTask: Processing split: org.apache.hadoop.hive.ql.io.orc.OrcInputFormat:OrcSplit [file:/home/alex/Repositories/hive/ql/target/tmp/org.apache.hadoop.hive.ql.TestTxnNoBuckets-1713930630697/warehouse/t/HIVE_UNION_SUBDIR_16/000000_0, start=0, length=254, isOriginal=true, fileLength=254, hasFooter=false, hasBase=true, deltas=0]
2024-04-23T20:52:30,591  INFO [LocalJobRunner Map Task Executor #0] exec.SerializationUtilities: Deserializing MapWork using kryo
2024-04-23T20:52:30,592  INFO [LocalJobRunner Map Task Executor #0] exec.Utilities: Deserialized plan (via FILE) - name: null size: 5,17KB
2024-04-23T20:52:30,593  INFO [LocalJobRunner Map Task Executor #0] orc.OrcRawRecordMerger: min key = null, max key = null
2024-04-23T20:52:30,593  INFO [LocalJobRunner Map Task Executor #0] orc.ReaderImpl: Reading ORC rows from file:/home/alex/Repositories/hive/ql/target/tmp/org.apache.hadoop.hive.ql.TestTxnNoBuckets-1713930630697/warehouse/t/HIVE_UNION_SUBDIR_16/000000_0 with {include: [true, true, true], offset: 0, length: 254, schema: struct<a:int,b:int>, includeAcidColumns: true}
2024-04-23T20:52:30,618  INFO [LocalJobRunner Map Task Executor #0] orc.OrcRawRecordMerger: updated min key = null, max key = null
2024-04-23T20:52:30,618  INFO [LocalJobRunner Map Task Executor #0] mapred.MapTask: numReduceTasks: 1
2024-04-23T20:52:30,622  INFO [LocalJobRunner Map Task Executor #0] mapred.MapTask: (EQUATOR) 0 kvi 26214396(104857584)
2024-04-23T20:52:30,622  INFO [LocalJobRunner Map Task Executor #0] mapred.MapTask: mapreduce.task.io.sort.mb: 100
2024-04-23T20:52:30,623  INFO [LocalJobRunner Map Task Executor #0] mapred.MapTask: soft limit at 83886080
2024-04-23T20:52:30,623  INFO [LocalJobRunner Map Task Executor #0] mapred.MapTask: bufstart = 0; bufvoid = 104857600
2024-04-23T20:52:30,623  INFO [LocalJobRunner Map Task Executor #0] mapred.MapTask: kvstart = 26214396; length = 6553600
2024-04-23T20:52:30,623  INFO [LocalJobRunner Map Task Executor #0] mapred.MapTask: Map output collector class = org.apache.hadoop.mapred.MapTask$MapOutputBuffer
2024-04-23T20:52:30,623  INFO [LocalJobRunner Map Task Executor #0] exec.MapOperator: Initializing Operator: MAP[0]
2024-04-23T20:52:30,624  INFO [LocalJobRunner Map Task Executor #0] mr.ExecMapper: 
<MAP>Id =0
  <Children>null
  <\Children>
  <Parent><\Parent>
<\MAP>
2024-04-23T20:52:30,625  INFO [LocalJobRunner Map Task Executor #0] exec.TableScanOperator: Initializing Operator: TS[0]
2024-04-23T20:52:30,625  INFO [LocalJobRunner Map Task Executor #0] exec.SelectOperator: Initializing Operator: SEL[1]
2024-04-23T20:52:30,625  INFO [LocalJobRunner Map Task Executor #0] exec.SelectOperator: SELECT struct<a:int,b:int,row__id:struct<writeid:bigint,bucketid:int,rowid:bigint>,input__file__name:string>
2024-04-23T20:52:30,625  INFO [LocalJobRunner Map Task Executor #0] exec.ReduceSinkOperator: Initializing Operator: RS[2]
2024-04-23T20:52:30,625  INFO [LocalJobRunner Map Task Executor #0] exec.ReduceSinkOperator: Using tag = -1
2024-04-23T20:52:30,625  INFO [LocalJobRunner Map Task Executor #0] exec.ReduceSinkOperator: keys are [reducesinkkey0, reducesinkkey1, reducesinkkey2] num distributions: 3
2024-04-23T20:52:30,626  INFO [LocalJobRunner Map Task Executor #0] exec.ReduceSinkOperator: RS[2]: records written - 1
2024-04-23T20:52:30,626  INFO [LocalJobRunner Map Task Executor #0] exec.MapOperator: MAP[0]: records read - 1
2024-04-23T20:52:30,626  INFO [LocalJobRunner Map Task Executor #0] exec.MapOperator: Closing Operator: MAP[0]
2024-04-23T20:52:30,626  INFO [LocalJobRunner Map Task Executor #0] exec.MapOperator: MAP[0]: Total records read - 1. abort - false
2024-04-23T20:52:30,626  INFO [LocalJobRunner Map Task Executor #0] exec.MapOperator: DESERIALIZE_ERRORS:0, RECORDS_IN:1, RECORDS_OUT_INTERMEDIATE:0, RECORDS_OUT_OPERATOR_MAP_0:0, 
2024-04-23T20:52:30,626  INFO [LocalJobRunner Map Task Executor #0] exec.TableScanOperator: Closing Operator: TS[0]
2024-04-23T20:52:30,626  INFO [LocalJobRunner Map Task Executor #0] exec.TableScanOperator: RECORDS_OUT_INTERMEDIATE:0, RECORDS_OUT_OPERATOR_TS_0:1, 
2024-04-23T20:52:30,626  INFO [LocalJobRunner Map Task Executor #0] exec.SelectOperator: Closing Operator: SEL[1]
2024-04-23T20:52:30,626  INFO [LocalJobRunner Map Task Executor #0] exec.SelectOperator: RECORDS_OUT_INTERMEDIATE:0, RECORDS_OUT_OPERATOR_SEL_1:1, 
2024-04-23T20:52:30,626  INFO [LocalJobRunner Map Task Executor #0] exec.ReduceSinkOperator: Closing Operator: RS[2]
2024-04-23T20:52:30,626  INFO [LocalJobRunner Map Task Executor #0] exec.ReduceSinkOperator: RS[2]: Total records written - 1. abort - false
2024-04-23T20:52:30,626  INFO [LocalJobRunner Map Task Executor #0] exec.ReduceSinkOperator: RECORDS_OUT_INTERMEDIATE:1, RECORDS_OUT_OPERATOR_RS_2:1, 
2024-04-23T20:52:30,626  INFO [LocalJobRunner Map Task Executor #0] mapred.LocalJobRunner: 
2024-04-23T20:52:30,626  INFO [LocalJobRunner Map Task Executor #0] mapred.MapTask: Starting flush of map output
2024-04-23T20:52:30,626  INFO [LocalJobRunner Map Task Executor #0] mapred.MapTask: Spilling map output
2024-04-23T20:52:30,626  INFO [LocalJobRunner Map Task Executor #0] mapred.MapTask: bufstart = 0; bufend = 180; bufvoid = 104857600
2024-04-23T20:52:30,626  INFO [LocalJobRunner Map Task Executor #0] mapred.MapTask: kvstart = 26214396(104857584); kvend = 26214396(104857584); length = 1/6553600
2024-04-23T20:52:30,634  INFO [LocalJobRunner Map Task Executor #0] mapred.MapTask: Finished spill 0
2024-04-23T20:52:30,637  INFO [LocalJobRunner Map Task Executor #0] mapred.Task: Task:attempt_local1424203275_0052_m_000005_0 is done. And is in the process of committing
2024-04-23T20:52:30,637  INFO [LocalJobRunner Map Task Executor #0] mapred.LocalJobRunner: OrcSplit [file:/home/alex/Repositories/hive/ql/target/tmp/org.apache.hadoop.hive.ql.TestTxnNoBuckets-1713930630697/warehouse/t/HIVE_UNION_SUBDIR_16/000000_0, start=0, length=254, isOriginal=true, fileLength=254, hasFooter=false, hasBase=true, deltas=0]
2024-04-23T20:52:30,637  INFO [LocalJobRunner Map Task Executor #0] mapred.Task: Task 'attempt_local1424203275_0052_m_000005_0' done.
2024-04-23T20:52:30,637  INFO [LocalJobRunner Map Task Executor #0] mapred.Task: Final Counters for attempt_local1424203275_0052_m_000005_0: Counters: 24
	File System Counters
		FILE: Number of bytes read=1334433
		FILE: Number of bytes written=62558822
		FILE: Number of read operations=0
		FILE: Number of large read operations=0
		FILE: Number of write operations=0
	Map-Reduce Framework
		Map input records=1
		Map output records=1
		Map output bytes=180
		Map output materialized bytes=189
		Input split bytes=473
		Combine input records=0
		Spilled Records=1
		Failed Shuffles=0
		Merged Map outputs=0
		GC time elapsed (ms)=0
		Total committed heap usage (bytes)=1205338112
	HIVE
		DESERIALIZE_ERRORS=0
		RECORDS_IN=1
		RECORDS_OUT_INTERMEDIATE=1
		RECORDS_OUT_OPERATOR_MAP_0=0
		RECORDS_OUT_OPERATOR_RS_2=1
		RECORDS_OUT_OPERATOR_SEL_1=1
		RECORDS_OUT_OPERATOR_TS_0=1
	File Input Format Counters 
		Bytes Read=7130
2024-04-23T20:52:30,638  INFO [LocalJobRunner Map Task Executor #0] mapred.LocalJobRunner: Finishing task: attempt_local1424203275_0052_m_000005_0
2024-04-23T20:52:30,638  INFO [LocalJobRunner Map Task Executor #0] mapred.LocalJobRunner: Starting task: attempt_local1424203275_0052_m_000006_0
2024-04-23T20:52:30,638  INFO [LocalJobRunner Map Task Executor #0] mapred.Task:  Using ResourceCalculatorProcessTree : [ ]
2024-04-23T20:52:30,638  INFO [LocalJobRunner Map Task Executor #0] mapred.MapTask: Processing split: org.apache.hadoop.hive.ql.io.orc.OrcInputFormat:OrcSplit [file:/home/alex/Repositories/hive/ql/target/tmp/org.apache.hadoop.hive.ql.TestTxnNoBuckets-1713930630697/warehouse/t/000000_0_copy_1, start=0, length=241, isOriginal=true, fileLength=241, hasFooter=false, hasBase=true, deltas=0]
2024-04-23T20:52:30,639  INFO [LocalJobRunner Map Task Executor #0] exec.SerializationUtilities: Deserializing MapWork using kryo
2024-04-23T20:52:30,639  INFO [LocalJobRunner Map Task Executor #0] exec.Utilities: Deserialized plan (via FILE) - name: null size: 5,17KB
2024-04-23T20:52:30,640  INFO [LocalJobRunner Map Task Executor #0] orc.OrcRawRecordMerger: min key = null, max key = null
2024-04-23T20:52:30,640  INFO [LocalJobRunner Map Task Executor #0] orc.ReaderImpl: Reading ORC rows from file:/home/alex/Repositories/hive/ql/target/tmp/org.apache.hadoop.hive.ql.TestTxnNoBuckets-1713930630697/warehouse/t/000000_0_copy_1 with {include: [true, true, true], offset: 0, length: 241, schema: struct<a:int,b:int>, includeAcidColumns: true}
2024-04-23T20:52:30,663  INFO [LocalJobRunner Map Task Executor #0] orc.OrcRawRecordMerger: updated min key = null, max key = null
2024-04-23T20:52:30,663  INFO [LocalJobRunner Map Task Executor #0] mapred.MapTask: numReduceTasks: 1
2024-04-23T20:52:30,667  INFO [LocalJobRunner Map Task Executor #0] mapred.MapTask: (EQUATOR) 0 kvi 26214396(104857584)
2024-04-23T20:52:30,667  INFO [LocalJobRunner Map Task Executor #0] mapred.MapTask: mapreduce.task.io.sort.mb: 100
2024-04-23T20:52:30,667  INFO [LocalJobRunner Map Task Executor #0] mapred.MapTask: soft limit at 83886080
2024-04-23T20:52:30,667  INFO [LocalJobRunner Map Task Executor #0] mapred.MapTask: bufstart = 0; bufvoid = 104857600
2024-04-23T20:52:30,667  INFO [LocalJobRunner Map Task Executor #0] mapred.MapTask: kvstart = 26214396; length = 6553600
2024-04-23T20:52:30,668  INFO [LocalJobRunner Map Task Executor #0] mapred.MapTask: Map output collector class = org.apache.hadoop.mapred.MapTask$MapOutputBuffer
2024-04-23T20:52:30,668  INFO [LocalJobRunner Map Task Executor #0] exec.MapOperator: Initializing Operator: MAP[0]
2024-04-23T20:52:30,669  INFO [LocalJobRunner Map Task Executor #0] mr.ExecMapper: 
<MAP>Id =0
  <Children>null
  <\Children>
  <Parent><\Parent>
<\MAP>
2024-04-23T20:52:30,670  INFO [LocalJobRunner Map Task Executor #0] exec.TableScanOperator: Initializing Operator: TS[0]
2024-04-23T20:52:30,670  INFO [LocalJobRunner Map Task Executor #0] exec.SelectOperator: Initializing Operator: SEL[1]
2024-04-23T20:52:30,670  INFO [LocalJobRunner Map Task Executor #0] exec.SelectOperator: SELECT struct<a:int,b:int,row__id:struct<writeid:bigint,bucketid:int,rowid:bigint>,input__file__name:string>
2024-04-23T20:52:30,670  INFO [LocalJobRunner Map Task Executor #0] exec.ReduceSinkOperator: Initializing Operator: RS[2]
2024-04-23T20:52:30,670  INFO [LocalJobRunner Map Task Executor #0] exec.ReduceSinkOperator: Using tag = -1
2024-04-23T20:52:30,670  INFO [LocalJobRunner Map Task Executor #0] exec.ReduceSinkOperator: keys are [reducesinkkey0, reducesinkkey1, reducesinkkey2] num distributions: 3
2024-04-23T20:52:30,670  INFO [LocalJobRunner Map Task Executor #0] exec.ReduceSinkOperator: RS[2]: records written - 1
2024-04-23T20:52:30,670  INFO [LocalJobRunner Map Task Executor #0] exec.MapOperator: MAP[0]: records read - 1
2024-04-23T20:52:30,670  INFO [LocalJobRunner Map Task Executor #0] exec.MapOperator: Closing Operator: MAP[0]
2024-04-23T20:52:30,670  INFO [LocalJobRunner Map Task Executor #0] exec.MapOperator: MAP[0]: Total records read - 1. abort - false
2024-04-23T20:52:30,670  INFO [LocalJobRunner Map Task Executor #0] exec.MapOperator: RECORDS_OUT_OPERATOR_MAP_0:0, RECORDS_IN:1, RECORDS_OUT_INTERMEDIATE:0, DESERIALIZE_ERRORS:0, 
2024-04-23T20:52:30,670  INFO [LocalJobRunner Map Task Executor #0] exec.TableScanOperator: Closing Operator: TS[0]
2024-04-23T20:52:30,670  INFO [LocalJobRunner Map Task Executor #0] exec.TableScanOperator: RECORDS_OUT_INTERMEDIATE:0, RECORDS_OUT_OPERATOR_TS_0:1, 
2024-04-23T20:52:30,671  INFO [LocalJobRunner Map Task Executor #0] exec.SelectOperator: Closing Operator: SEL[1]
2024-04-23T20:52:30,671  INFO [LocalJobRunner Map Task Executor #0] exec.SelectOperator: RECORDS_OUT_OPERATOR_SEL_1:1, RECORDS_OUT_INTERMEDIATE:0, 
2024-04-23T20:52:30,671  INFO [LocalJobRunner Map Task Executor #0] exec.ReduceSinkOperator: Closing Operator: RS[2]
2024-04-23T20:52:30,671  INFO [LocalJobRunner Map Task Executor #0] exec.ReduceSinkOperator: RS[2]: Total records written - 1. abort - false
2024-04-23T20:52:30,671  INFO [LocalJobRunner Map Task Executor #0] exec.ReduceSinkOperator: RECORDS_OUT_OPERATOR_RS_2:1, RECORDS_OUT_INTERMEDIATE:1, 
2024-04-23T20:52:30,671  INFO [LocalJobRunner Map Task Executor #0] mapred.LocalJobRunner: 
2024-04-23T20:52:30,671  INFO [LocalJobRunner Map Task Executor #0] mapred.MapTask: Starting flush of map output
2024-04-23T20:52:30,671  INFO [LocalJobRunner Map Task Executor #0] mapred.MapTask: Spilling map output
2024-04-23T20:52:30,671  INFO [LocalJobRunner Map Task Executor #0] mapred.MapTask: bufstart = 0; bufend = 166; bufvoid = 104857600
2024-04-23T20:52:30,671  INFO [LocalJobRunner Map Task Executor #0] mapred.MapTask: kvstart = 26214396(104857584); kvend = 26214396(104857584); length = 1/6553600
2024-04-23T20:52:30,679  INFO [LocalJobRunner Map Task Executor #0] mapred.MapTask: Finished spill 0
2024-04-23T20:52:30,682  INFO [LocalJobRunner Map Task Executor #0] mapred.Task: Task:attempt_local1424203275_0052_m_000006_0 is done. And is in the process of committing
2024-04-23T20:52:30,682  INFO [LocalJobRunner Map Task Executor #0] mapred.LocalJobRunner: OrcSplit [file:/home/alex/Repositories/hive/ql/target/tmp/org.apache.hadoop.hive.ql.TestTxnNoBuckets-1713930630697/warehouse/t/000000_0_copy_1, start=0, length=241, isOriginal=true, fileLength=241, hasFooter=false, hasBase=true, deltas=0]
2024-04-23T20:52:30,682  INFO [LocalJobRunner Map Task Executor #0] mapred.Task: Task 'attempt_local1424203275_0052_m_000006_0' done.
2024-04-23T20:52:30,682  INFO [LocalJobRunner Map Task Executor #0] mapred.Task: Final Counters for attempt_local1424203275_0052_m_000006_0: Counters: 24
	File System Counters
		FILE: Number of bytes read=1341680
		FILE: Number of bytes written=62559029
		FILE: Number of read operations=0
		FILE: Number of large read operations=0
		FILE: Number of write operations=0
	Map-Reduce Framework
		Map input records=1
		Map output records=1
		Map output bytes=166
		Map output materialized bytes=175
		Input split bytes=459
		Combine input records=0
		Spilled Records=1
		Failed Shuffles=0
		Merged Map outputs=0
		GC time elapsed (ms)=0
		Total committed heap usage (bytes)=1205338112
	HIVE
		DESERIALIZE_ERRORS=0
		RECORDS_IN=1
		RECORDS_OUT_INTERMEDIATE=1
		RECORDS_OUT_OPERATOR_MAP_0=0
		RECORDS_OUT_OPERATOR_RS_2=1
		RECORDS_OUT_OPERATOR_SEL_1=1
		RECORDS_OUT_OPERATOR_TS_0=1
	File Input Format Counters 
		Bytes Read=6533
2024-04-23T20:52:30,682  INFO [LocalJobRunner Map Task Executor #0] mapred.LocalJobRunner: Finishing task: attempt_local1424203275_0052_m_000006_0
2024-04-23T20:52:30,682  INFO [Thread-3365] mapred.LocalJobRunner: map task executor complete.
2024-04-23T20:52:30,683  INFO [Thread-3365] mapred.LocalJobRunner: Waiting for reduce tasks
2024-04-23T20:52:30,683  INFO [pool-225-thread-1] mapred.LocalJobRunner: Starting task: attempt_local1424203275_0052_r_000000_0
2024-04-23T20:52:30,684  INFO [pool-225-thread-1] mapred.Task:  Using ResourceCalculatorProcessTree : [ ]
2024-04-23T20:52:30,684  INFO [pool-225-thread-1] mapred.ReduceTask: Using ShuffleConsumerPlugin: org.apache.hadoop.mapreduce.task.reduce.Shuffle@72e66f2
2024-04-23T20:52:30,684  WARN [pool-225-thread-1] impl.MetricsSystemImpl: JobTracker metrics system already initialized!
2024-04-23T20:52:30,685  INFO [pool-225-thread-1] reduce.MergeManagerImpl: MergerManager: memoryLimit=1336252800, maxSingleShuffleLimit=334063200, mergeThreshold=881926912, ioSortFactor=10, memToMemMergeOutputsThreshold=10
2024-04-23T20:52:30,685  INFO [EventFetcher for fetching Map Completion Events] reduce.EventFetcher: attempt_local1424203275_0052_r_000000_0 Thread started: EventFetcher for fetching Map Completion Events
2024-04-23T20:52:30,688  INFO [localfetcher#33] reduce.LocalFetcher: localfetcher#33 about to shuffle output of map attempt_local1424203275_0052_m_000005_0 decomp: 185 len: 189 to MEMORY
2024-04-23T20:52:30,688  INFO [localfetcher#33] reduce.InMemoryMapOutput: Read 185 bytes from map-output for attempt_local1424203275_0052_m_000005_0
2024-04-23T20:52:30,688  INFO [localfetcher#33] reduce.MergeManagerImpl: closeInMemoryFile -> map-output of size: 185, inMemoryMapOutputs.size() -> 1, commitMemory -> 0, usedMemory ->185
2024-04-23T20:52:30,691  INFO [localfetcher#33] reduce.LocalFetcher: localfetcher#33 about to shuffle output of map attempt_local1424203275_0052_m_000004_0 decomp: 326 len: 330 to MEMORY
2024-04-23T20:52:30,691  INFO [localfetcher#33] reduce.InMemoryMapOutput: Read 326 bytes from map-output for attempt_local1424203275_0052_m_000004_0
2024-04-23T20:52:30,691  INFO [localfetcher#33] reduce.MergeManagerImpl: closeInMemoryFile -> map-output of size: 326, inMemoryMapOutputs.size() -> 2, commitMemory -> 185, usedMemory ->511
2024-04-23T20:52:30,693  INFO [localfetcher#33] reduce.LocalFetcher: localfetcher#33 about to shuffle output of map attempt_local1424203275_0052_m_000002_0 decomp: 368 len: 372 to MEMORY
2024-04-23T20:52:30,693  INFO [localfetcher#33] reduce.InMemoryMapOutput: Read 368 bytes from map-output for attempt_local1424203275_0052_m_000002_0
2024-04-23T20:52:30,693  INFO [localfetcher#33] reduce.MergeManagerImpl: closeInMemoryFile -> map-output of size: 368, inMemoryMapOutputs.size() -> 3, commitMemory -> 511, usedMemory ->879
2024-04-23T20:52:30,695  INFO [localfetcher#33] reduce.LocalFetcher: localfetcher#33 about to shuffle output of map attempt_local1424203275_0052_m_000000_0 decomp: 185 len: 189 to MEMORY
2024-04-23T20:52:30,696  INFO [localfetcher#33] reduce.InMemoryMapOutput: Read 185 bytes from map-output for attempt_local1424203275_0052_m_000000_0
2024-04-23T20:52:30,696  INFO [localfetcher#33] reduce.MergeManagerImpl: closeInMemoryFile -> map-output of size: 185, inMemoryMapOutputs.size() -> 4, commitMemory -> 879, usedMemory ->1064
2024-04-23T20:52:30,698  INFO [localfetcher#33] reduce.LocalFetcher: localfetcher#33 about to shuffle output of map attempt_local1424203275_0052_m_000001_0 decomp: 326 len: 330 to MEMORY
2024-04-23T20:52:30,698  INFO [localfetcher#33] reduce.InMemoryMapOutput: Read 326 bytes from map-output for attempt_local1424203275_0052_m_000001_0
2024-04-23T20:52:30,698  INFO [localfetcher#33] reduce.MergeManagerImpl: closeInMemoryFile -> map-output of size: 326, inMemoryMapOutputs.size() -> 5, commitMemory -> 1064, usedMemory ->1390
2024-04-23T20:52:30,701  INFO [localfetcher#33] reduce.LocalFetcher: localfetcher#33 about to shuffle output of map attempt_local1424203275_0052_m_000003_0 decomp: 164 len: 168 to MEMORY
2024-04-23T20:52:30,701  INFO [localfetcher#33] reduce.InMemoryMapOutput: Read 164 bytes from map-output for attempt_local1424203275_0052_m_000003_0
2024-04-23T20:52:30,702  INFO [localfetcher#33] reduce.MergeManagerImpl: closeInMemoryFile -> map-output of size: 164, inMemoryMapOutputs.size() -> 6, commitMemory -> 1390, usedMemory ->1554
2024-04-23T20:52:30,705  INFO [localfetcher#33] reduce.LocalFetcher: localfetcher#33 about to shuffle output of map attempt_local1424203275_0052_m_000006_0 decomp: 171 len: 175 to MEMORY
2024-04-23T20:52:30,706  INFO [localfetcher#33] reduce.InMemoryMapOutput: Read 171 bytes from map-output for attempt_local1424203275_0052_m_000006_0
2024-04-23T20:52:30,706  INFO [localfetcher#33] reduce.MergeManagerImpl: closeInMemoryFile -> map-output of size: 171, inMemoryMapOutputs.size() -> 7, commitMemory -> 1554, usedMemory ->1725
2024-04-23T20:52:30,706  INFO [EventFetcher for fetching Map Completion Events] reduce.EventFetcher: EventFetcher is interrupted.. Returning
2024-04-23T20:52:30,707  INFO [pool-225-thread-1] mapred.LocalJobRunner: 7 / 7 copied.
2024-04-23T20:52:30,707  INFO [pool-225-thread-1] reduce.MergeManagerImpl: finalMerge called with 7 in-memory map-outputs and 0 on-disk map-outputs
2024-04-23T20:52:30,719  INFO [pool-225-thread-1] mapred.Merger: Merging 7 sorted segments
2024-04-23T20:52:30,720  INFO [pool-225-thread-1] mapred.Merger: Down to the last merge-pass, with 7 segments left of total size: 640 bytes
2024-04-23T20:52:30,726  INFO [pool-225-thread-1] reduce.MergeManagerImpl: Merged 7 segments, 1725 bytes to disk to satisfy reduce memory limit
2024-04-23T20:52:30,727  INFO [pool-225-thread-1] reduce.MergeManagerImpl: Merging 1 files, 1717 bytes from disk
2024-04-23T20:52:30,727  INFO [pool-225-thread-1] reduce.MergeManagerImpl: Merging 0 segments, 0 bytes from memory into reduce
2024-04-23T20:52:30,727  INFO [pool-225-thread-1] mapred.Merger: Merging 1 sorted segments
2024-04-23T20:52:30,727  INFO [pool-225-thread-1] mapred.Merger: Down to the last merge-pass, with 1 segments left of total size: 1568 bytes
2024-04-23T20:52:30,727  INFO [pool-225-thread-1] mapred.LocalJobRunner: 7 / 7 copied.
2024-04-23T20:52:30,729  INFO [pool-225-thread-1] exec.SerializationUtilities: Deserializing ReduceWork using kryo
2024-04-23T20:52:30,730  INFO [pool-225-thread-1] exec.Utilities: Deserialized plan (via FILE) - name: null size: 6,14KB
2024-04-23T20:52:30,732  INFO [pool-225-thread-1] ExecReducer: 
<SEL>Id =3
  <Children>
    <FS>Id =4
      <Children>
      <\Children>
      <Parent>Id = 3 null<\Parent>
    <\FS>
  <\Children>
  <Parent><\Parent>
<\SEL>
2024-04-23T20:52:30,732  INFO [pool-225-thread-1] exec.SelectOperator: Initializing Operator: SEL[3]
2024-04-23T20:52:30,732  INFO [pool-225-thread-1] exec.SelectOperator: SELECT struct<key:struct<reducesinkkey0:int,reducesinkkey1:int,reducesinkkey2:string>,value:struct<_col0:struct<writeid:bigint,bucketid:int,rowid:bigint>>>
2024-04-23T20:52:30,732  INFO [pool-225-thread-1] exec.FileSinkOperator: Initializing Operator: FS[4]
2024-04-23T20:52:30,734  INFO [pool-225-thread-1] exec.FileSinkOperator: Using serializer : class org.apache.hadoop.hive.serde2.lazy.LazySimpleSerDe [serdeParams=org.apache.hadoop.hive.serde2.lazy.LazySerDeParameters@5fd55c45, cachedObjectInspector=org.apache.hadoop.hive.serde2.lazy.objectinspector.LazySimpleStructObjectInspector<org.apache.hadoop.hive.serde2.lazy.objectinspector.LazySimpleStructObjectInspector<org.apache.hadoop.hive.serde2.lazy.objectinspector.primitive.LazyLongObjectInspector@7fac3ce0,org.apache.hadoop.hive.serde2.lazy.objectinspector.primitive.LazyIntObjectInspector@3e3b41cb,org.apache.hadoop.hive.serde2.lazy.objectinspector.primitive.LazyLongObjectInspector@7fac3ce0>,org.apache.hadoop.hive.serde2.lazy.objectinspector.primitive.LazyIntObjectInspector@3e3b41cb,org.apache.hadoop.hive.serde2.lazy.objectinspector.primitive.LazyIntObjectInspector@3e3b41cb,org.apache.hadoop.hive.serde2.lazy.objectinspector.primitive.LazyStringObjectInspector@441a2d52>, serializedSize=0, stats=org.apache.hadoop.hive.serde2.SerDeStats@2cb53159, lastOperationSerialize=false, lastOperationDeserialize=false [1, 2, 3, 4, 5, 6, 7, 8, 11, 14, 15, 16, 17, 18, 19, 20, 21, 22, 23, 24, 25, 26, 28, 29, 30, 31, -128, -127, -126, -125, -124, -123, -122, -121, -120, -119, -118, -117, -116, -115, -114, -113, -112, -111, -110, -109, -108, -107, -106, -105, -104, -103, -102, -101, -100, -99, -98, -97, -96, -95, -94, -93, -92, -91, -90, -89, -88, -87, -86, -85, -84, -83, -82, -81, -80, -79, -78, -77, -76, -75, -74, -73, -72, -71, -70, -69, -68, -67, -66, -65, -64, -63, -62, -61, -60, -59, -58, -57, -56, -55, -54, -53, -52, -51, -50, -49, -48, -47, -46, -45, -44, -43, -42, -41, -40, -39, -38, -37, -36, -35, -34, -33, -32, -31, -30, -29, -28, -27, -26, -25, -24, -23, -22, -21, -20, -19, -18, -17, -16, -15, -14, -13, -12, -11, -10, -9, -8, -7, -6, -5, -4, -3, -2, -1] : [_col0, _col1, _col2, _col3] : [struct<writeid:bigint,bucketid:int,rowid:bigint>, int, int, string]] and formatter : org.apache.hadoop.hive.ql.io.HiveSequenceFileOutputFormat@4f785da2
2024-04-23T20:52:30,735  INFO [pool-225-thread-1] exec.FileSinkOperator: Final Path: FS file:/home/alex/Repositories/hive/ql/target/tmp/localscratchdir/7ebc01d5-15d9-4723-a951-b8cae7daded8/hive_2024-04-23_20-52-29_881_2510808631679288172-1/-mr-10001/.hive-staging_hive_2024-04-23_20-52-29_881_2510808631679288172-1/_tmp.-ext-10002/000000_0
2024-04-23T20:52:30,735  INFO [pool-225-thread-1] exec.FileSinkOperator: Writing to temp file: FS file:/home/alex/Repositories/hive/ql/target/tmp/localscratchdir/7ebc01d5-15d9-4723-a951-b8cae7daded8/hive_2024-04-23_20-52-29_881_2510808631679288172-1/-mr-10001/.hive-staging_hive_2024-04-23_20-52-29_881_2510808631679288172-1/_task_tmp.-ext-10002/_tmp.000000_0
2024-04-23T20:52:30,735  INFO [pool-225-thread-1] exec.FileSinkOperator: New Final Path: FS file:/home/alex/Repositories/hive/ql/target/tmp/localscratchdir/7ebc01d5-15d9-4723-a951-b8cae7daded8/hive_2024-04-23_20-52-29_881_2510808631679288172-1/-mr-10001/.hive-staging_hive_2024-04-23_20-52-29_881_2510808631679288172-1/_tmp.-ext-10002/000000_0
2024-04-23T20:52:30,755  INFO [pool-225-thread-1] exec.FileSinkOperator: FS[4]: records written - 1
2024-04-23T20:52:30,756  INFO [pool-225-thread-1] exec.FileSinkOperator: FS[4]: records written - 10
2024-04-23T20:52:30,756  INFO [pool-225-thread-1] exec.SelectOperator: Closing Operator: SEL[3]
2024-04-23T20:52:30,757  INFO [pool-225-thread-1] exec.SelectOperator: RECORDS_OUT_INTERMEDIATE:0, RECORDS_OUT_OPERATOR_SEL_3:10, 
2024-04-23T20:52:30,757  INFO [pool-225-thread-1] exec.FileSinkOperator: Closing Operator: FS[4]
2024-04-23T20:52:30,757  INFO [pool-225-thread-1] exec.FileSinkOperator: FS[4]: records written - 10
2024-04-23T20:52:30,758  INFO [pool-225-thread-1] exec.FileSinkOperator: RECORDS_OUT_OPERATOR_FS_4:10, RECORDS_OUT_INTERMEDIATE:0, RECORDS_OUT_0:10, 
2024-04-23T20:52:30,759  INFO [pool-225-thread-1] mapred.Task: Task:attempt_local1424203275_0052_r_000000_0 is done. And is in the process of committing
2024-04-23T20:52:30,760  INFO [pool-225-thread-1] mapred.LocalJobRunner: reduce > reduce
2024-04-23T20:52:30,760  INFO [pool-225-thread-1] mapred.Task: Task 'attempt_local1424203275_0052_r_000000_0' done.
2024-04-23T20:52:30,760  INFO [pool-225-thread-1] mapred.Task: Final Counters for attempt_local1424203275_0052_r_000000_0: Counters: 29
	File System Counters
		FILE: Number of bytes read=1351571
		FILE: Number of bytes written=62562529
		FILE: Number of read operations=0
		FILE: Number of large read operations=0
		FILE: Number of write operations=0
	Map-Reduce Framework
		Combine input records=0
		Combine output records=0
		Reduce input groups=10
		Reduce shuffle bytes=1753
		Reduce input records=10
		Reduce output records=0
		Spilled Records=10
		Shuffled Maps =7
		Failed Shuffles=0
		Merged Map outputs=7
		GC time elapsed (ms)=0
		Total committed heap usage (bytes)=1205338112
	HIVE
		CREATED_FILES=1
		RECORDS_OUT_0=10
		RECORDS_OUT_INTERMEDIATE=0
		RECORDS_OUT_OPERATOR_FS_4=10
		RECORDS_OUT_OPERATOR_SEL_3=10
	Shuffle Errors
		BAD_ID=0
		CONNECTION=0
		IO_ERROR=0
		WRONG_LENGTH=0
		WRONG_MAP=0
		WRONG_REDUCE=0
	File Output Format Counters 
		Bytes Written=0
2024-04-23T20:52:30,760  INFO [pool-225-thread-1] mapred.LocalJobRunner: Finishing task: attempt_local1424203275_0052_r_000000_0
2024-04-23T20:52:30,760  INFO [Thread-3365] mapred.LocalJobRunner: reduce task executor complete.
2024-04-23 20:52:31,337 Stage-1 map = 100%,  reduce = 100%
2024-04-23T20:52:31,337  INFO [main] exec.Task: 2024-04-23 20:52:31,337 Stage-1 map = 100%,  reduce = 100%
Ended Job = job_local1424203275_0052
2024-04-23T20:52:31,338  INFO [main] exec.Task: Ended Job = job_local1424203275_0052
2024-04-23T20:52:31,340  INFO [main] metadata.Hive: Dumping metastore api call timing information for : execution phase
2024-04-23T20:52:31,340  INFO [main] metadata.Hive: Total time spent in each metastore function (ms): {}
MapReduce Jobs Launched: 
2024-04-23T20:52:31,340  INFO [main] ql.Driver: MapReduce Jobs Launched: 
Stage-Stage-1:  HDFS Read: 0 HDFS Write: 0 SUCCESS
2024-04-23T20:52:31,340  INFO [main] ql.Driver: Stage-Stage-1:  HDFS Read: 0 HDFS Write: 0 SUCCESS
Total MapReduce CPU Time Spent: 0 msec
2024-04-23T20:52:31,340  INFO [main] ql.Driver: Total MapReduce CPU Time Spent: 0 msec
2024-04-23T20:52:31,340  INFO [main] ql.Driver: Completed executing command(queryId=alex_20240423205225_ad2b6bc0-5c2b-40d6-8b3b-1bad0dff0e1c); Time taken: 1.33 seconds
2024-04-23T20:52:31,340  INFO [main] lockmgr.DbTxnManager: Stopped heartbeat for query: alex_20240423205225_ad2b6bc0-5c2b-40d6-8b3b-1bad0dff0e1c
2024-04-23T20:52:31,344  INFO [main] txn.TxnHandler: Expected to move at least one record from txn_components to completed_txn_components when committing txn! txnid:22
2024-04-23T20:52:31,349  INFO [main] txn.TxnHandler: Removed transactions: ([22]) from MIN_HISTORY_LEVEL
2024-04-23T20:52:31,349  WARN [main] txn.CompactionTxnHandler: No compaction queue record found for Compaction type transaction commit. txnId:22
2024-04-23T20:52:31,353  INFO [main] mapred.FileInputFormat: Total input files to process : 1
2024-04-23T20:52:31,354  INFO [main] exec.ListSinkOperator: Closing Operator: LIST_SINK[5]
2024-04-23T20:52:31,354  INFO [main] exec.ListSinkOperator: RECORDS_OUT_OPERATOR_LIST_SINK_5:10, RECORDS_OUT_INTERMEDIATE:0, 
2024-04-23T20:52:31,354  WARN [main] ql.TestTxnNoBuckets: null: read data(after converting to acid (no compaction)): 
2024-04-23T20:52:31,354  INFO [main] ql.TestTxnNoBuckets: {"writeid":0,"bucketid":537001984,"rowid":0}	1	2	file:/home/alex/Repositories/hive/ql/target/tmp/org.apache.hadoop.hive.ql.TestTxnNoBuckets-1713930630697/warehouse/t/000002_0
{"writeid":0,"bucketid":537001984,"rowid":1}	2	4	file:/home/alex/Repositories/hive/ql/target/tmp/org.apache.hadoop.hive.ql.TestTxnNoBuckets-1713930630697/warehouse/t/000002_0
{"writeid":0,"bucketid":536870912,"rowid":0}	5	6	file:/home/alex/Repositories/hive/ql/target/tmp/org.apache.hadoop.hive.ql.TestTxnNoBuckets-1713930630697/warehouse/t/000000_0
{"writeid":0,"bucketid":536936448,"rowid":0}	6	8	file:/home/alex/Repositories/hive/ql/target/tmp/org.apache.hadoop.hive.ql.TestTxnNoBuckets-1713930630697/warehouse/t/000001_0
{"writeid":0,"bucketid":536870912,"rowid":1}	9	10	file:/home/alex/Repositories/hive/ql/target/tmp/org.apache.hadoop.hive.ql.TestTxnNoBuckets-1713930630697/warehouse/t/000000_0
{"writeid":0,"bucketid":536870912,"rowid":3}	10	20	file:/home/alex/Repositories/hive/ql/target/tmp/org.apache.hadoop.hive.ql.TestTxnNoBuckets-1713930630697/warehouse/t/HIVE_UNION_SUBDIR_15/000000_0
{"writeid":0,"bucketid":536870912,"rowid":2}	12	12	file:/home/alex/Repositories/hive/ql/target/tmp/org.apache.hadoop.hive.ql.TestTxnNoBuckets-1713930630697/warehouse/t/000000_0_copy_1
{"writeid":0,"bucketid":536870912,"rowid":4}	20	40	file:/home/alex/Repositories/hive/ql/target/tmp/org.apache.hadoop.hive.ql.TestTxnNoBuckets-1713930630697/warehouse/t/HIVE_UNION_SUBDIR_15/000000_0
{"writeid":0,"bucketid":536870912,"rowid":5}	50	60	file:/home/alex/Repositories/hive/ql/target/tmp/org.apache.hadoop.hive.ql.TestTxnNoBuckets-1713930630697/warehouse/t/HIVE_UNION_SUBDIR_16/000000_0
{"writeid":0,"bucketid":536936448,"rowid":1}	60	80	file:/home/alex/Repositories/hive/ql/target/tmp/org.apache.hadoop.hive.ql.TestTxnNoBuckets-1713930630697/warehouse/t/HIVE_UNION_SUBDIR_16/000001_0

2024-04-23T20:52:31,355  INFO [main] ql.TxnCommandsBaseForTests: Running the query: EXPLAIN VECTORIZATION DETAIL update T set b = 88 where b = 80
2024-04-23T20:52:31,355  INFO [main] ql.Context: Deleting scratch dir: file:/home/alex/Repositories/hive/ql/target/tmp/localscratchdir/7ebc01d5-15d9-4723-a951-b8cae7daded8/hive_2024-04-23_20-52-29_881_2510808631679288172-1
2024-04-23T20:52:31,356  INFO [main] cleanup.SyncCleanupService: Deleted directory: file:/home/alex/Repositories/hive/ql/target/tmp/localscratchdir/7ebc01d5-15d9-4723-a951-b8cae7daded8/hive_2024-04-23_20-52-29_881_2510808631679288172-1 on fs with scheme file
2024-04-23T20:52:31,356  INFO [main] ql.Driver: Compiling command(queryId=alex_20240423205225_ad2b6bc0-5c2b-40d6-8b3b-1bad0dff0e1c): EXPLAIN VECTORIZATION DETAIL update T set b = 88 where b = 80
2024-04-23T20:52:31,360  INFO [main] txn.TxnHandler: Added entries to MIN_HISTORY_LEVEL for current txns: ([23]) with min_open_txn: 23
2024-04-23T20:52:31,360  INFO [main] lockmgr.DbTxnManager: Opened txnid:23
2024-04-23T20:52:31,361  INFO [main] HiveMetaStore.audit: ugi=alex	ip=unknown-ip-addr	cmd=get_table : tbl=hive.default.T	
2024-04-23T20:52:31,368  INFO [main] metastore.HMSHandler: Skipping translation for processor with null
2024-04-23T20:52:31,369  INFO [main] parse.RewriteSemanticAnalyzer: Going to reparse <EXPLAIN VECTORIZATION DETAIL update T set b = 88 where b = 80> as 
<insert into table `default`.`T` select ROW__ID,`a`,`b` from `default`.`T` sort by ROW__ID >
2024-04-23T20:52:31,369  INFO [main] parse.UpdateDeleteSemanticAnalyzer: Starting Semantic Analysis
2024-04-23T20:52:31,372  INFO [main] HiveMetaStore.audit: ugi=alex	ip=unknown-ip-addr	cmd=get_table : tbl=hive.default.T	
2024-04-23T20:52:31,380  INFO [main] metastore.HMSHandler: Skipping translation for processor with null
2024-04-23T20:52:31,380  INFO [main] parse.UpdateDeleteSemanticAnalyzer: Completed phase 1 of Semantic Analysis
2024-04-23T20:52:31,380  INFO [main] parse.UpdateDeleteSemanticAnalyzer: Get metadata for source tables
2024-04-23T20:52:31,381  INFO [main] HiveMetaStore.audit: ugi=alex	ip=unknown-ip-addr	cmd=get_table : tbl=hive.default.t	
2024-04-23T20:52:31,387  INFO [main] metastore.HMSHandler: Skipping translation for processor with null
2024-04-23T20:52:31,388  INFO [main] parse.UpdateDeleteSemanticAnalyzer: Get metadata for subqueries
2024-04-23T20:52:31,388  INFO [main] parse.UpdateDeleteSemanticAnalyzer: Get metadata for destination tables
2024-04-23T20:52:31,388  INFO [main] HiveMetaStore.audit: ugi=alex	ip=unknown-ip-addr	cmd=get_table : tbl=hive.default.T	
2024-04-23T20:52:31,395  INFO [main] metastore.HMSHandler: Skipping translation for processor with null
2024-04-23T20:52:31,395  INFO [main] parse.UpdateDeleteSemanticAnalyzer: Completed getting MetaData in Semantic Analysis
2024-04-23T20:52:31,395  INFO [main] parse.UpdateDeleteSemanticAnalyzer: Disabling LLAP IO encode as ETL query is detected
2024-04-23T20:52:31,409  INFO [main] HiveMetaStore.audit: ugi=alex	ip=unknown-ip-addr	cmd=get_all_table_constraints : tbl=hive.default.t	
2024-04-23T20:52:31,416  INFO [main] HiveMetaStore.audit: ugi=alex	ip=unknown-ip-addr	cmd=get_not_null_constraints : tbl=hive.default.t	
2024-04-23T20:52:31,417  INFO [main] HiveMetaStore.audit: ugi=alex	ip=unknown-ip-addr	cmd=get_check_constraints : tbl=hive.default.t	
2024-04-23T20:52:31,445  INFO [main] calcite.RelOptHiveTable: Calculating column statistics for default.t, projIndxSet: [0, 1], allowMissingStats: true
2024-04-23T20:52:31,446  INFO [main] HiveMetaStore.audit: ugi=alex	ip=unknown-ip-addr	cmd=get_table_statistics_req: table=hive.default.t	
2024-04-23T20:52:31,455  WARN [main] calcite.RelOptHiveTable: No Stats for default@t, Columns: a, b
No Stats for default@t, Columns: a, b
2024-04-23T20:52:31,455  INFO [main] SessionState: No Stats for default@t, Columns: a, b
2024-04-23T20:52:31,526  INFO [main] parse.UpdateDeleteSemanticAnalyzer: Get metadata for source tables
2024-04-23T20:52:31,526  INFO [main] parse.UpdateDeleteSemanticAnalyzer: Get metadata for subqueries
2024-04-23T20:52:31,526  INFO [main] parse.UpdateDeleteSemanticAnalyzer: Get metadata for destination tables
2024-04-23T20:52:31,527  INFO [main] HiveMetaStore.audit: ugi=alex	ip=unknown-ip-addr	cmd=get_table : tbl=hive.default.T	
2024-04-23T20:52:31,534  INFO [main] metastore.HMSHandler: Skipping translation for processor with null
2024-04-23T20:52:31,537 ERROR [main] parse.UpdateDeleteSemanticAnalyzer: CBO failed, skipping CBO. 
org.apache.hadoop.hive.ql.exec.NoMatchingMethodException: No matching method for class org.apache.hadoop.hive.ql.udf.UDFToInteger with (struct<writeid:bigint,bucketid:int,rowid:bigint>). Possible choices: _FUNC_(bigint)  _FUNC_(boolean)  _FUNC_(decimal(38,18))  _FUNC_(double)  _FUNC_(float)  _FUNC_(smallint)  _FUNC_(string)  _FUNC_(struct<bucketid:int,rowid:bigint,writeid:bigint>)  _FUNC_(timestamp)  _FUNC_(tinyint)  _FUNC_(void)  
	at org.apache.hadoop.hive.ql.exec.MethodUtils.getMethodInternal(MethodUtils.java:130) ~[classes/:?]
	at org.apache.hadoop.hive.ql.exec.MethodUtils.getMethodInternal(MethodUtils.java:60) ~[classes/:?]
	at org.apache.hadoop.hive.ql.exec.DefaultUDFMethodResolver.getEvalMethod(DefaultUDFMethodResolver.java:59) ~[classes/:?]
	at org.apache.hadoop.hive.ql.udf.TimestampCastRestrictorResolver.getEvalMethod(TimestampCastRestrictorResolver.java:68) ~[classes/:?]
	at org.apache.hadoop.hive.ql.udf.generic.GenericUDFBridge.initialize(GenericUDFBridge.java:168) ~[classes/:?]
	at org.apache.hadoop.hive.ql.udf.generic.GenericUDF.initializeAndFoldConstants(GenericUDF.java:149) ~[classes/:?]
	at org.apache.hadoop.hive.ql.plan.ExprNodeGenericFuncDesc.newInstance(ExprNodeGenericFuncDesc.java:235) ~[classes/:?]
	at org.apache.hadoop.hive.ql.parse.type.ExprNodeDescExprFactory.createFuncCallExpr(ExprNodeDescExprFactory.java:584) ~[classes/:?]
	at org.apache.hadoop.hive.ql.parse.type.ExprNodeDescExprFactory.createFuncCallExpr(ExprNodeDescExprFactory.java:97) ~[classes/:?]
	at org.apache.hadoop.hive.ql.parse.type.TypeCheckProcFactory$DefaultExprProcessor.getFuncExprNodeDescWithUdfData(TypeCheckProcFactory.java:762) ~[classes/:?]
	at org.apache.hadoop.hive.ql.parse.type.TypeCheckProcFactory$DefaultExprProcessor.createConversionCast(TypeCheckProcFactory.java:783) ~[classes/:?]
	at org.apache.hadoop.hive.ql.parse.SemanticAnalyzer.getPartitionColsFromBucketColsForUpdateDelete(SemanticAnalyzer.java:8725) ~[classes/:?]
	at org.apache.hadoop.hive.ql.parse.SemanticAnalyzer.genBucketingSortingDest(SemanticAnalyzer.java:6914) ~[classes/:?]
	at org.apache.hadoop.hive.ql.parse.SemanticAnalyzer.genFileSinkPlan(SemanticAnalyzer.java:7335) ~[classes/:?]
	at org.apache.hadoop.hive.ql.parse.SemanticAnalyzer.genPostGroupByBodyPlan(SemanticAnalyzer.java:11063) ~[classes/:?]
	at org.apache.hadoop.hive.ql.parse.SemanticAnalyzer.genBodyPlan(SemanticAnalyzer.java:10938) ~[classes/:?]
	at org.apache.hadoop.hive.ql.parse.SemanticAnalyzer.genPlan(SemanticAnalyzer.java:11853) ~[classes/:?]
	at org.apache.hadoop.hive.ql.parse.SemanticAnalyzer.genPlan(SemanticAnalyzer.java:11723) ~[classes/:?]
	at org.apache.hadoop.hive.ql.parse.CalcitePlanner.genOPTree(CalcitePlanner.java:626) ~[classes/:?]
	at org.apache.hadoop.hive.ql.parse.SemanticAnalyzer.analyzeInternal(SemanticAnalyzer.java:12558) ~[classes/:?]
	at org.apache.hadoop.hive.ql.parse.CalcitePlanner.analyzeInternal(CalcitePlanner.java:456) ~[classes/:?]
	at org.apache.hadoop.hive.ql.parse.RewriteSemanticAnalyzer.analyzeInternal(RewriteSemanticAnalyzer.java:67) ~[classes/:?]
	at org.apache.hadoop.hive.ql.parse.BaseSemanticAnalyzer.analyze(BaseSemanticAnalyzer.java:317) ~[classes/:?]
	at org.apache.hadoop.hive.ql.parse.UpdateDeleteSemanticAnalyzer.reparseAndSuperAnalyze(UpdateDeleteSemanticAnalyzer.java:208) ~[classes/:?]
	at org.apache.hadoop.hive.ql.parse.UpdateDeleteSemanticAnalyzer.analyzeUpdate(UpdateDeleteSemanticAnalyzer.java:63) ~[classes/:?]
	at org.apache.hadoop.hive.ql.parse.UpdateDeleteSemanticAnalyzer.analyze(UpdateDeleteSemanticAnalyzer.java:53) ~[classes/:?]
	at org.apache.hadoop.hive.ql.parse.RewriteSemanticAnalyzer.analyzeInternal(RewriteSemanticAnalyzer.java:72) ~[classes/:?]
	at org.apache.hadoop.hive.ql.parse.BaseSemanticAnalyzer.analyze(BaseSemanticAnalyzer.java:317) ~[classes/:?]
	at org.apache.hadoop.hive.ql.parse.ExplainSemanticAnalyzer.analyzeInternal(ExplainSemanticAnalyzer.java:175) ~[classes/:?]
	at org.apache.hadoop.hive.ql.parse.BaseSemanticAnalyzer.analyze(BaseSemanticAnalyzer.java:317) ~[classes/:?]
	at org.apache.hadoop.hive.ql.Compiler.analyze(Compiler.java:223) ~[classes/:?]
	at org.apache.hadoop.hive.ql.Compiler.compile(Compiler.java:105) ~[classes/:?]
	at org.apache.hadoop.hive.ql.Driver.compile(Driver.java:500) ~[classes/:?]
	at org.apache.hadoop.hive.ql.Driver.compileInternal(Driver.java:453) ~[classes/:?]
	at org.apache.hadoop.hive.ql.Driver.runInternal(Driver.java:181) ~[classes/:?]
	at org.apache.hadoop.hive.ql.Driver.run(Driver.java:153) ~[classes/:?]
	at org.apache.hadoop.hive.ql.Driver.run(Driver.java:140) ~[classes/:?]
	at org.apache.hadoop.hive.ql.TxnCommandsBaseForTests.runStatementOnDriver(TxnCommandsBaseForTests.java:245) ~[test-classes/:?]
	at org.apache.hadoop.hive.ql.TxnCommandsBaseForTests.assertVectorized(TxnCommandsBaseForTests.java:268) ~[test-classes/:?]
	at org.apache.hadoop.hive.ql.TestTxnNoBuckets.testToAcidConversionMultiBucket(TestTxnNoBuckets.java:454) ~[test-classes/:?]
	at sun.reflect.NativeMethodAccessorImpl.invoke0(Native Method) ~[?:1.8.0_402]
	at sun.reflect.NativeMethodAccessorImpl.invoke(NativeMethodAccessorImpl.java:62) ~[?:1.8.0_402]
	at sun.reflect.DelegatingMethodAccessorImpl.invoke(DelegatingMethodAccessorImpl.java:43) ~[?:1.8.0_402]
	at java.lang.reflect.Method.invoke(Method.java:498) ~[?:1.8.0_402]
	at org.junit.runners.model.FrameworkMethod$1.runReflectiveCall(FrameworkMethod.java:59) ~[junit-4.13.jar:4.13]
	at org.junit.internal.runners.model.ReflectiveCallable.run(ReflectiveCallable.java:12) ~[junit-4.13.jar:4.13]
	at org.junit.runners.model.FrameworkMethod.invokeExplosively(FrameworkMethod.java:56) ~[junit-4.13.jar:4.13]
	at org.junit.internal.runners.statements.InvokeMethod.evaluate(InvokeMethod.java:17) ~[junit-4.13.jar:4.13]
	at org.junit.internal.runners.statements.RunBefores.evaluate(RunBefores.java:26) ~[junit-4.13.jar:4.13]
	at org.junit.internal.runners.statements.RunAfters.evaluate(RunAfters.java:27) ~[junit-4.13.jar:4.13]
	at org.junit.rules.TestWatcher$1.evaluate(TestWatcher.java:61) ~[junit-4.13.jar:4.13]
	at org.junit.runners.ParentRunner$3.evaluate(ParentRunner.java:306) ~[junit-4.13.jar:4.13]
	at org.junit.runners.BlockJUnit4ClassRunner$1.evaluate(BlockJUnit4ClassRunner.java:100) ~[junit-4.13.jar:4.13]
	at org.junit.runners.ParentRunner.runLeaf(ParentRunner.java:366) ~[junit-4.13.jar:4.13]
	at org.junit.runners.BlockJUnit4ClassRunner.runChild(BlockJUnit4ClassRunner.java:103) ~[junit-4.13.jar:4.13]
	at org.junit.runners.BlockJUnit4ClassRunner.runChild(BlockJUnit4ClassRunner.java:63) ~[junit-4.13.jar:4.13]
	at org.junit.runners.ParentRunner$4.run(ParentRunner.java:331) ~[junit-4.13.jar:4.13]
	at org.junit.runners.ParentRunner$1.schedule(ParentRunner.java:79) ~[junit-4.13.jar:4.13]
	at org.junit.runners.ParentRunner.runChildren(ParentRunner.java:329) ~[junit-4.13.jar:4.13]
	at org.junit.runners.ParentRunner.access$100(ParentRunner.java:66) ~[junit-4.13.jar:4.13]
	at org.junit.runners.ParentRunner$2.evaluate(ParentRunner.java:293) ~[junit-4.13.jar:4.13]
	at org.junit.runners.ParentRunner$3.evaluate(ParentRunner.java:306) ~[junit-4.13.jar:4.13]
	at org.junit.runners.ParentRunner.run(ParentRunner.java:413) ~[junit-4.13.jar:4.13]
	at org.junit.runner.JUnitCore.run(JUnitCore.java:137) ~[junit-4.13.jar:4.13]
	at org.junit.runner.JUnitCore.run(JUnitCore.java:115) ~[junit-4.13.jar:4.13]
	at org.junit.vintage.engine.execution.RunnerExecutor.execute(RunnerExecutor.java:43) ~[junit-vintage-engine-5.6.2.jar:5.6.2]
	at java.util.stream.ForEachOps$ForEachOp$OfRef.accept(ForEachOps.java:183) ~[?:1.8.0_402]
	at java.util.stream.ReferencePipeline$3$1.accept(ReferencePipeline.java:193) ~[?:1.8.0_402]
	at java.util.Iterator.forEachRemaining(Iterator.java:116) ~[?:1.8.0_402]
	at java.util.Spliterators$IteratorSpliterator.forEachRemaining(Spliterators.java:1801) ~[?:1.8.0_402]
	at java.util.stream.AbstractPipeline.copyInto(AbstractPipeline.java:482) ~[?:1.8.0_402]
	at java.util.stream.AbstractPipeline.wrapAndCopyInto(AbstractPipeline.java:472) ~[?:1.8.0_402]
	at java.util.stream.ForEachOps$ForEachOp.evaluateSequential(ForEachOps.java:150) ~[?:1.8.0_402]
	at java.util.stream.ForEachOps$ForEachOp$OfRef.evaluateSequential(ForEachOps.java:173) ~[?:1.8.0_402]
	at java.util.stream.AbstractPipeline.evaluate(AbstractPipeline.java:234) ~[?:1.8.0_402]
	at java.util.stream.ReferencePipeline.forEach(ReferencePipeline.java:485) ~[?:1.8.0_402]
	at org.junit.vintage.engine.VintageTestEngine.executeAllChildren(VintageTestEngine.java:82) ~[junit-vintage-engine-5.6.2.jar:5.6.2]
	at org.junit.vintage.engine.VintageTestEngine.execute(VintageTestEngine.java:73) ~[junit-vintage-engine-5.6.2.jar:5.6.2]
	at org.junit.platform.launcher.core.DefaultLauncher.execute(DefaultLauncher.java:248) ~[junit-platform-launcher-1.6.2.jar:1.6.2]
	at org.junit.platform.launcher.core.DefaultLauncher.lambda$execute$5(DefaultLauncher.java:211) ~[junit-platform-launcher-1.6.2.jar:1.6.2]
	at org.junit.platform.launcher.core.DefaultLauncher.withInterceptedStreams(DefaultLauncher.java:226) [junit-platform-launcher-1.6.2.jar:1.6.2]
	at org.junit.platform.launcher.core.DefaultLauncher.execute(DefaultLauncher.java:199) [junit-platform-launcher-1.6.2.jar:1.6.2]
	at org.junit.platform.launcher.core.DefaultLauncher.execute(DefaultLauncher.java:132) [junit-platform-launcher-1.6.2.jar:1.6.2]
	at org.apache.maven.surefire.junitplatform.JUnitPlatformProvider.invokeAllTests(JUnitPlatformProvider.java:154) [surefire-junit-platform-3.0.0-M4.jar:3.0.0-M4]
	at org.apache.maven.surefire.junitplatform.JUnitPlatformProvider.invoke(JUnitPlatformProvider.java:123) [surefire-junit-platform-3.0.0-M4.jar:3.0.0-M4]
	at org.apache.maven.surefire.booter.ForkedBooter.runSuitesInProcess(ForkedBooter.java:377) [surefire-booter-3.0.0-M4.jar:3.0.0-M4]
	at org.apache.maven.surefire.booter.ForkedBooter.execute(ForkedBooter.java:138) [surefire-booter-3.0.0-M4.jar:3.0.0-M4]
	at org.apache.maven.surefire.booter.ForkedBooter.run(ForkedBooter.java:465) [surefire-booter-3.0.0-M4.jar:3.0.0-M4]
	at org.apache.maven.surefire.booter.ForkedBooter.main(ForkedBooter.java:451) [surefire-booter-3.0.0-M4.jar:3.0.0-M4]
2024-04-23T20:52:31,538 ERROR [main] parse.UpdateDeleteSemanticAnalyzer: CBO failed due to missing column stats (see previous errors), skipping CBO
FAILED: NoMatchingMethodException No matching method for class org.apache.hadoop.hive.ql.udf.UDFToInteger with (struct<writeid:bigint,bucketid:int,rowid:bigint>). Possible choices: _FUNC_(bigint)  _FUNC_(boolean)  _FUNC_(decimal(38,18))  _FUNC_(double)  _FUNC_(float)  _FUNC_(smallint)  _FUNC_(string)  _FUNC_(struct<bucketid:int,rowid:bigint,writeid:bigint>)  _FUNC_(timestamp)  _FUNC_(tinyint)  _FUNC_(void)  
2024-04-23T20:52:31,538 ERROR [main] ql.Driver: FAILED: NoMatchingMethodException No matching method for class org.apache.hadoop.hive.ql.udf.UDFToInteger with (struct<writeid:bigint,bucketid:int,rowid:bigint>). Possible choices: _FUNC_(bigint)  _FUNC_(boolean)  _FUNC_(decimal(38,18))  _FUNC_(double)  _FUNC_(float)  _FUNC_(smallint)  _FUNC_(string)  _FUNC_(struct<bucketid:int,rowid:bigint,writeid:bigint>)  _FUNC_(timestamp)  _FUNC_(tinyint)  _FUNC_(void)  
org.apache.hadoop.hive.ql.exec.NoMatchingMethodException: No matching method for class org.apache.hadoop.hive.ql.udf.UDFToInteger with (struct<writeid:bigint,bucketid:int,rowid:bigint>). Possible choices: _FUNC_(bigint)  _FUNC_(boolean)  _FUNC_(decimal(38,18))  _FUNC_(double)  _FUNC_(float)  _FUNC_(smallint)  _FUNC_(string)  _FUNC_(struct<bucketid:int,rowid:bigint,writeid:bigint>)  _FUNC_(timestamp)  _FUNC_(tinyint)  _FUNC_(void)  
	at org.apache.hadoop.hive.ql.exec.MethodUtils.getMethodInternal(MethodUtils.java:130)
	at org.apache.hadoop.hive.ql.exec.MethodUtils.getMethodInternal(MethodUtils.java:60)
	at org.apache.hadoop.hive.ql.exec.DefaultUDFMethodResolver.getEvalMethod(DefaultUDFMethodResolver.java:59)
	at org.apache.hadoop.hive.ql.udf.TimestampCastRestrictorResolver.getEvalMethod(TimestampCastRestrictorResolver.java:68)
	at org.apache.hadoop.hive.ql.udf.generic.GenericUDFBridge.initialize(GenericUDFBridge.java:168)
	at org.apache.hadoop.hive.ql.udf.generic.GenericUDF.initializeAndFoldConstants(GenericUDF.java:149)
	at org.apache.hadoop.hive.ql.plan.ExprNodeGenericFuncDesc.newInstance(ExprNodeGenericFuncDesc.java:235)
	at org.apache.hadoop.hive.ql.parse.type.ExprNodeDescExprFactory.createFuncCallExpr(ExprNodeDescExprFactory.java:584)
	at org.apache.hadoop.hive.ql.parse.type.ExprNodeDescExprFactory.createFuncCallExpr(ExprNodeDescExprFactory.java:97)
	at org.apache.hadoop.hive.ql.parse.type.TypeCheckProcFactory$DefaultExprProcessor.getFuncExprNodeDescWithUdfData(TypeCheckProcFactory.java:762)
	at org.apache.hadoop.hive.ql.parse.type.TypeCheckProcFactory$DefaultExprProcessor.createConversionCast(TypeCheckProcFactory.java:783)
	at org.apache.hadoop.hive.ql.parse.SemanticAnalyzer.getPartitionColsFromBucketColsForUpdateDelete(SemanticAnalyzer.java:8725)
	at org.apache.hadoop.hive.ql.parse.SemanticAnalyzer.genBucketingSortingDest(SemanticAnalyzer.java:6914)
	at org.apache.hadoop.hive.ql.parse.SemanticAnalyzer.genFileSinkPlan(SemanticAnalyzer.java:7335)
	at org.apache.hadoop.hive.ql.parse.SemanticAnalyzer.genPostGroupByBodyPlan(SemanticAnalyzer.java:11063)
	at org.apache.hadoop.hive.ql.parse.SemanticAnalyzer.genBodyPlan(SemanticAnalyzer.java:10938)
	at org.apache.hadoop.hive.ql.parse.SemanticAnalyzer.genPlan(SemanticAnalyzer.java:11853)
	at org.apache.hadoop.hive.ql.parse.SemanticAnalyzer.genPlan(SemanticAnalyzer.java:11723)
	at org.apache.hadoop.hive.ql.parse.CalcitePlanner.genOPTree(CalcitePlanner.java:626)
	at org.apache.hadoop.hive.ql.parse.SemanticAnalyzer.analyzeInternal(SemanticAnalyzer.java:12558)
	at org.apache.hadoop.hive.ql.parse.CalcitePlanner.analyzeInternal(CalcitePlanner.java:456)
	at org.apache.hadoop.hive.ql.parse.RewriteSemanticAnalyzer.analyzeInternal(RewriteSemanticAnalyzer.java:67)
	at org.apache.hadoop.hive.ql.parse.BaseSemanticAnalyzer.analyze(BaseSemanticAnalyzer.java:317)
	at org.apache.hadoop.hive.ql.parse.UpdateDeleteSemanticAnalyzer.reparseAndSuperAnalyze(UpdateDeleteSemanticAnalyzer.java:208)
	at org.apache.hadoop.hive.ql.parse.UpdateDeleteSemanticAnalyzer.analyzeUpdate(UpdateDeleteSemanticAnalyzer.java:63)
	at org.apache.hadoop.hive.ql.parse.UpdateDeleteSemanticAnalyzer.analyze(UpdateDeleteSemanticAnalyzer.java:53)
	at org.apache.hadoop.hive.ql.parse.RewriteSemanticAnalyzer.analyzeInternal(RewriteSemanticAnalyzer.java:72)
	at org.apache.hadoop.hive.ql.parse.BaseSemanticAnalyzer.analyze(BaseSemanticAnalyzer.java:317)
	at org.apache.hadoop.hive.ql.parse.ExplainSemanticAnalyzer.analyzeInternal(ExplainSemanticAnalyzer.java:175)
	at org.apache.hadoop.hive.ql.parse.BaseSemanticAnalyzer.analyze(BaseSemanticAnalyzer.java:317)
	at org.apache.hadoop.hive.ql.Compiler.analyze(Compiler.java:223)
	at org.apache.hadoop.hive.ql.Compiler.compile(Compiler.java:105)
	at org.apache.hadoop.hive.ql.Driver.compile(Driver.java:500)
	at org.apache.hadoop.hive.ql.Driver.compileInternal(Driver.java:453)
	at org.apache.hadoop.hive.ql.Driver.runInternal(Driver.java:181)
	at org.apache.hadoop.hive.ql.Driver.run(Driver.java:153)
	at org.apache.hadoop.hive.ql.Driver.run(Driver.java:140)
	at org.apache.hadoop.hive.ql.TxnCommandsBaseForTests.runStatementOnDriver(TxnCommandsBaseForTests.java:245)
	at org.apache.hadoop.hive.ql.TxnCommandsBaseForTests.assertVectorized(TxnCommandsBaseForTests.java:268)
	at org.apache.hadoop.hive.ql.TestTxnNoBuckets.testToAcidConversionMultiBucket(TestTxnNoBuckets.java:454)
	at sun.reflect.NativeMethodAccessorImpl.invoke0(Native Method)
	at sun.reflect.NativeMethodAccessorImpl.invoke(NativeMethodAccessorImpl.java:62)
	at sun.reflect.DelegatingMethodAccessorImpl.invoke(DelegatingMethodAccessorImpl.java:43)
	at java.lang.reflect.Method.invoke(Method.java:498)
	at org.junit.runners.model.FrameworkMethod$1.runReflectiveCall(FrameworkMethod.java:59)
	at org.junit.internal.runners.model.ReflectiveCallable.run(ReflectiveCallable.java:12)
	at org.junit.runners.model.FrameworkMethod.invokeExplosively(FrameworkMethod.java:56)
	at org.junit.internal.runners.statements.InvokeMethod.evaluate(InvokeMethod.java:17)
	at org.junit.internal.runners.statements.RunBefores.evaluate(RunBefores.java:26)
	at org.junit.internal.runners.statements.RunAfters.evaluate(RunAfters.java:27)
	at org.junit.rules.TestWatcher$1.evaluate(TestWatcher.java:61)
	at org.junit.runners.ParentRunner$3.evaluate(ParentRunner.java:306)
	at org.junit.runners.BlockJUnit4ClassRunner$1.evaluate(BlockJUnit4ClassRunner.java:100)
	at org.junit.runners.ParentRunner.runLeaf(ParentRunner.java:366)
	at org.junit.runners.BlockJUnit4ClassRunner.runChild(BlockJUnit4ClassRunner.java:103)
	at org.junit.runners.BlockJUnit4ClassRunner.runChild(BlockJUnit4ClassRunner.java:63)
	at org.junit.runners.ParentRunner$4.run(ParentRunner.java:331)
	at org.junit.runners.ParentRunner$1.schedule(ParentRunner.java:79)
	at org.junit.runners.ParentRunner.runChildren(ParentRunner.java:329)
	at org.junit.runners.ParentRunner.access$100(ParentRunner.java:66)
	at org.junit.runners.ParentRunner$2.evaluate(ParentRunner.java:293)
	at org.junit.runners.ParentRunner$3.evaluate(ParentRunner.java:306)
	at org.junit.runners.ParentRunner.run(ParentRunner.java:413)
	at org.junit.runner.JUnitCore.run(JUnitCore.java:137)
	at org.junit.runner.JUnitCore.run(JUnitCore.java:115)
	at org.junit.vintage.engine.execution.RunnerExecutor.execute(RunnerExecutor.java:43)
	at java.util.stream.ForEachOps$ForEachOp$OfRef.accept(ForEachOps.java:183)
	at java.util.stream.ReferencePipeline$3$1.accept(ReferencePipeline.java:193)
	at java.util.Iterator.forEachRemaining(Iterator.java:116)
	at java.util.Spliterators$IteratorSpliterator.forEachRemaining(Spliterators.java:1801)
	at java.util.stream.AbstractPipeline.copyInto(AbstractPipeline.java:482)
	at java.util.stream.AbstractPipeline.wrapAndCopyInto(AbstractPipeline.java:472)
	at java.util.stream.ForEachOps$ForEachOp.evaluateSequential(ForEachOps.java:150)
	at java.util.stream.ForEachOps$ForEachOp$OfRef.evaluateSequential(ForEachOps.java:173)
	at java.util.stream.AbstractPipeline.evaluate(AbstractPipeline.java:234)
	at java.util.stream.ReferencePipeline.forEach(ReferencePipeline.java:485)
	at org.junit.vintage.engine.VintageTestEngine.executeAllChildren(VintageTestEngine.java:82)
	at org.junit.vintage.engine.VintageTestEngine.execute(VintageTestEngine.java:73)
	at org.junit.platform.launcher.core.DefaultLauncher.execute(DefaultLauncher.java:248)
	at org.junit.platform.launcher.core.DefaultLauncher.lambda$execute$5(DefaultLauncher.java:211)
	at org.junit.platform.launcher.core.DefaultLauncher.withInterceptedStreams(DefaultLauncher.java:226)
	at org.junit.platform.launcher.core.DefaultLauncher.execute(DefaultLauncher.java:199)
	at org.junit.platform.launcher.core.DefaultLauncher.execute(DefaultLauncher.java:132)
	at org.apache.maven.surefire.junitplatform.JUnitPlatformProvider.invokeAllTests(JUnitPlatformProvider.java:154)
	at org.apache.maven.surefire.junitplatform.JUnitPlatformProvider.invoke(JUnitPlatformProvider.java:123)
	at org.apache.maven.surefire.booter.ForkedBooter.runSuitesInProcess(ForkedBooter.java:377)
	at org.apache.maven.surefire.booter.ForkedBooter.execute(ForkedBooter.java:138)
	at org.apache.maven.surefire.booter.ForkedBooter.run(ForkedBooter.java:465)
	at org.apache.maven.surefire.booter.ForkedBooter.main(ForkedBooter.java:451)

2024-04-23T20:52:31,539  INFO [main] metadata.Hive: Dumping metastore api call timing information for : compilation phase
2024-04-23T20:52:31,539  INFO [main] metadata.Hive: Total time spent in each metastore function (ms): {getTable_(GetTableRequest)=38, getCheckConstraints_(CheckConstraintsRequest)=1, commitTxn_(CommitTxnRequest)=10, getAllTableConstraints_(AllTableConstraintsRequest)=6, isCompatibleWith_(Configuration)=0, getTableColumnStatistics_(String, String, List, String)=8, getValidWriteIds_(List, String)=4, getValidTxns_(long)=0, getNotNullConstraints_(NotNullConstraintsRequest)=1, flushCache_()=1, openTxn_(String, TxnType)=2}
2024-04-23T20:52:31,539  INFO [main] ql.Driver: Completed compiling command(queryId=alex_20240423205225_ad2b6bc0-5c2b-40d6-8b3b-1bad0dff0e1c); Time taken: 0.183 seconds
2024-04-23T20:52:31,539  INFO [main] lockmgr.DbTxnManager: Stopped heartbeat for query: alex_20240423205225_ad2b6bc0-5c2b-40d6-8b3b-1bad0dff0e1c
2024-04-23T20:52:31,542  INFO [main] txn.TxnHandler: Removed transactions: ([23]) from MIN_HISTORY_LEVEL
2024-04-23T20:52:31,549  INFO [main] ql.TxnCommandsBaseForTests: Running the query: drop table if exists acidTbl
2024-04-23T20:52:31,549  INFO [main] ql.Driver: Compiling command(queryId=alex_20240423205225_ad2b6bc0-5c2b-40d6-8b3b-1bad0dff0e1c): drop table if exists acidTbl
2024-04-23T20:52:31,551  INFO [main] txn.TxnHandler: Added entries to MIN_HISTORY_LEVEL for current txns: ([24]) with min_open_txn: 23
2024-04-23T20:52:31,552  INFO [main] lockmgr.DbTxnManager: Opened txnid:24
2024-04-23T20:52:31,552  INFO [main] HiveMetaStore.audit: ugi=alex	ip=unknown-ip-addr	cmd=get_table : tbl=hive.default.acidTbl	
2024-04-23T20:52:31,559  INFO [main] metastore.HMSHandler: Skipping translation for processor with null
2024-04-23T20:52:31,559  INFO [main] ql.Driver: Semantic Analysis Completed (retrial = false)
2024-04-23T20:52:31,559  INFO [main] ql.Driver: Created Hive schema: Schema(fieldSchemas:null, properties:null)
2024-04-23T20:52:31,559  INFO [main] metadata.Hive: Dumping metastore api call timing information for : compilation phase
2024-04-23T20:52:31,559  INFO [main] metadata.Hive: Total time spent in each metastore function (ms): {getValidTxns_(long)=0, openTxn_(String, TxnType)=2, rollbackTxn_(long)=10, getTable_(GetTableRequest)=7, isCompatibleWith_(Configuration)=0, flushCache_()=0}
2024-04-23T20:52:31,560  INFO [main] ql.Driver: Completed compiling command(queryId=alex_20240423205225_ad2b6bc0-5c2b-40d6-8b3b-1bad0dff0e1c); Time taken: 0.01 seconds
2024-04-23T20:52:31,560  INFO [main] lockmgr.DbTxnManager: Setting lock request transaction to txnid:24 for queryId=alex_20240423205225_ad2b6bc0-5c2b-40d6-8b3b-1bad0dff0e1c
2024-04-23T20:52:31,560  INFO [main] lockmgr.DbLockManager: Requesting lock for queryId=alex_20240423205225_ad2b6bc0-5c2b-40d6-8b3b-1bad0dff0e1c
2024-04-23T20:52:31,574  INFO [main] lockmgr.DbLockManager: Response to queryId=alex_20240423205225_ad2b6bc0-5c2b-40d6-8b3b-1bad0dff0e1c LockResponse(lockid:17, state:ACQUIRED)
2024-04-23T20:52:31,574  INFO [main] ql.Driver: Operation DROPTABLE obtained 1 locks
2024-04-23T20:52:31,574  INFO [main] ql.Driver: Executing command(queryId=alex_20240423205225_ad2b6bc0-5c2b-40d6-8b3b-1bad0dff0e1c): drop table if exists acidTbl
2024-04-23T20:52:31,574  INFO [main] ql.Driver: Starting task [Stage-0:DDL] in serial mode
2024-04-23T20:52:31,575  INFO [main] HiveMetaStore.audit: ugi=alex	ip=unknown-ip-addr	cmd=get_table : tbl=hive.default.acidTbl	
2024-04-23T20:52:31,581  INFO [main] metastore.HMSHandler: Skipping translation for processor with null
2024-04-23T20:52:31,581  INFO [main] HiveMetaStore.audit: ugi=alex	ip=unknown-ip-addr	cmd=get_table : tbl=hive.default.acidTbl	
2024-04-23T20:52:31,588  INFO [main] metastore.HMSHandler: Skipping translation for processor with null
2024-04-23T20:52:31,588  INFO [main] HiveMetaStore.audit: ugi=alex	ip=unknown-ip-addr	cmd=drop_table : tbl=hive.default.acidTbl	
2024-04-23T20:52:31,709  INFO [main] metadata.Hive: Dumping metastore api call timing information for : execution phase
2024-04-23T20:52:31,709  INFO [main] metadata.Hive: Total time spent in each metastore function (ms): {isCompatibleWith_(Configuration)=0, getTable_(GetTableRequest)=7, dropTable_(String, String, boolean, boolean, boolean)=128}
2024-04-23T20:52:31,709  INFO [main] ql.Driver: Completed executing command(queryId=alex_20240423205225_ad2b6bc0-5c2b-40d6-8b3b-1bad0dff0e1c); Time taken: 0.135 seconds
2024-04-23T20:52:31,709  INFO [main] lockmgr.DbTxnManager: Stopped heartbeat for query: alex_20240423205225_ad2b6bc0-5c2b-40d6-8b3b-1bad0dff0e1c
2024-04-23T20:52:31,713  INFO [main] txn.TxnHandler: Expected to move at least one record from txn_components to completed_txn_components when committing txn! txnid:24
2024-04-23T20:52:31,718  INFO [main] txn.TxnHandler: Removed transactions: ([24]) from MIN_HISTORY_LEVEL
2024-04-23T20:52:31,718  WARN [main] txn.CompactionTxnHandler: No compaction queue record found for Compaction type transaction commit. txnId:24
2024-04-23T20:52:31,719  INFO [main] ql.TxnCommandsBaseForTests: Running the query: drop table if exists acidTblPart
2024-04-23T20:52:31,719  INFO [main] ql.Driver: Compiling command(queryId=alex_20240423205225_ad2b6bc0-5c2b-40d6-8b3b-1bad0dff0e1c): drop table if exists acidTblPart
2024-04-23T20:52:31,721  INFO [main] txn.TxnHandler: Added entries to MIN_HISTORY_LEVEL for current txns: ([25]) with min_open_txn: 23
2024-04-23T20:52:31,721  INFO [main] lockmgr.DbTxnManager: Opened txnid:25
2024-04-23T20:52:31,722  INFO [main] HiveMetaStore.audit: ugi=alex	ip=unknown-ip-addr	cmd=get_table : tbl=hive.default.acidTblPart	
2024-04-23T20:52:31,729  INFO [main] metastore.HMSHandler: Skipping translation for processor with null
2024-04-23T20:52:31,729  INFO [main] ql.Driver: Semantic Analysis Completed (retrial = false)
2024-04-23T20:52:31,729  INFO [main] ql.Driver: Created Hive schema: Schema(fieldSchemas:null, properties:null)
2024-04-23T20:52:31,730  INFO [main] metadata.Hive: Dumping metastore api call timing information for : compilation phase
2024-04-23T20:52:31,730  INFO [main] metadata.Hive: Total time spent in each metastore function (ms): {isCompatibleWith_(Configuration)=3, flushCache_()=0, commitTxn_(CommitTxnRequest)=9, getTable_(GetTableRequest)=7, openTxn_(String, TxnType)=1, getValidTxns_(long)=0}
2024-04-23T20:52:31,730  INFO [main] ql.Driver: Completed compiling command(queryId=alex_20240423205225_ad2b6bc0-5c2b-40d6-8b3b-1bad0dff0e1c); Time taken: 0.011 seconds
2024-04-23T20:52:31,730  INFO [main] lockmgr.DbTxnManager: Setting lock request transaction to txnid:25 for queryId=alex_20240423205225_ad2b6bc0-5c2b-40d6-8b3b-1bad0dff0e1c
2024-04-23T20:52:31,731  INFO [main] lockmgr.DbLockManager: Requesting lock for queryId=alex_20240423205225_ad2b6bc0-5c2b-40d6-8b3b-1bad0dff0e1c
2024-04-23T20:52:31,743  INFO [main] lockmgr.DbLockManager: Response to queryId=alex_20240423205225_ad2b6bc0-5c2b-40d6-8b3b-1bad0dff0e1c LockResponse(lockid:18, state:ACQUIRED)
2024-04-23T20:52:31,743  INFO [main] ql.Driver: Operation DROPTABLE obtained 1 locks
2024-04-23T20:52:31,743  INFO [main] ql.Driver: Executing command(queryId=alex_20240423205225_ad2b6bc0-5c2b-40d6-8b3b-1bad0dff0e1c): drop table if exists acidTblPart
2024-04-23T20:52:31,743  INFO [main] ql.Driver: Starting task [Stage-0:DDL] in serial mode
2024-04-23T20:52:31,744  INFO [main] HiveMetaStore.audit: ugi=alex	ip=unknown-ip-addr	cmd=get_table : tbl=hive.default.acidTblPart	
2024-04-23T20:52:31,750  INFO [main] metastore.HMSHandler: Skipping translation for processor with null
2024-04-23T20:52:31,750  INFO [main] HiveMetaStore.audit: ugi=alex	ip=unknown-ip-addr	cmd=get_table : tbl=hive.default.acidTblPart	
2024-04-23T20:52:31,757  INFO [main] metastore.HMSHandler: Skipping translation for processor with null
2024-04-23T20:52:31,757  INFO [main] HiveMetaStore.audit: ugi=alex	ip=unknown-ip-addr	cmd=drop_table : tbl=hive.default.acidTblPart	
2024-04-23T20:52:31,794  INFO [main] metadata.Hive: Dumping metastore api call timing information for : execution phase
2024-04-23T20:52:31,794  INFO [main] metadata.Hive: Total time spent in each metastore function (ms): {getTable_(GetTableRequest)=7, dropTable_(String, String, boolean, boolean, boolean)=44, isCompatibleWith_(Configuration)=0}
2024-04-23T20:52:31,794  INFO [main] ql.Driver: Completed executing command(queryId=alex_20240423205225_ad2b6bc0-5c2b-40d6-8b3b-1bad0dff0e1c); Time taken: 0.051 seconds
2024-04-23T20:52:31,794  INFO [main] lockmgr.DbTxnManager: Stopped heartbeat for query: alex_20240423205225_ad2b6bc0-5c2b-40d6-8b3b-1bad0dff0e1c
2024-04-23T20:52:31,797  INFO [main] txn.TxnHandler: Expected to move at least one record from txn_components to completed_txn_components when committing txn! txnid:25
2024-04-23T20:52:31,802  INFO [main] txn.TxnHandler: Removed transactions: ([25]) from MIN_HISTORY_LEVEL
2024-04-23T20:52:31,802  WARN [main] txn.CompactionTxnHandler: No compaction queue record found for Compaction type transaction commit. txnId:25
2024-04-23T20:52:31,803  INFO [main] ql.TxnCommandsBaseForTests: Running the query: drop table if exists acidTbl2
2024-04-23T20:52:31,803  INFO [main] ql.Driver: Compiling command(queryId=alex_20240423205225_ad2b6bc0-5c2b-40d6-8b3b-1bad0dff0e1c): drop table if exists acidTbl2
2024-04-23T20:52:31,805  INFO [main] txn.TxnHandler: Added entries to MIN_HISTORY_LEVEL for current txns: ([26]) with min_open_txn: 23
2024-04-23T20:52:31,806  INFO [main] lockmgr.DbTxnManager: Opened txnid:26
2024-04-23T20:52:31,807  INFO [main] ql.Driver: Semantic Analysis Completed (retrial = false)
2024-04-23T20:52:31,807  INFO [main] ql.Driver: Created Hive schema: Schema(fieldSchemas:null, properties:null)
2024-04-23T20:52:31,807  INFO [main] metadata.Hive: Dumping metastore api call timing information for : compilation phase
2024-04-23T20:52:31,807  INFO [main] metadata.Hive: Total time spent in each metastore function (ms): {openTxn_(String, TxnType)=2, isCompatibleWith_(Configuration)=0, getValidTxns_(long)=1, flushCache_()=0, commitTxn_(CommitTxnRequest)=9, getTable_(GetTableRequest)=0}
2024-04-23T20:52:31,807  INFO [main] ql.Driver: Completed compiling command(queryId=alex_20240423205225_ad2b6bc0-5c2b-40d6-8b3b-1bad0dff0e1c); Time taken: 0.004 seconds
2024-04-23T20:52:31,807  INFO [main] lockmgr.DbTxnManager: Setting lock request transaction to txnid:26 for queryId=alex_20240423205225_ad2b6bc0-5c2b-40d6-8b3b-1bad0dff0e1c
2024-04-23T20:52:31,808  INFO [main] ql.Driver: Operation DROPTABLE obtained 0 locks
2024-04-23T20:52:31,808  INFO [main] ql.Driver: Executing command(queryId=alex_20240423205225_ad2b6bc0-5c2b-40d6-8b3b-1bad0dff0e1c): drop table if exists acidTbl2
2024-04-23T20:52:31,808  INFO [main] ql.Driver: Starting task [Stage-0:DDL] in serial mode
2024-04-23T20:52:31,808  INFO [main] metadata.SessionHiveMetaStoreClient: Column stats doesn't exist for db=default temp table=acidTbl2
2024-04-23T20:52:31,809  INFO [main] metadata.Hive: Dumping metastore api call timing information for : execution phase
2024-04-23T20:52:31,809  INFO [main] metadata.Hive: Total time spent in each metastore function (ms): {getTable_(GetTableRequest)=0, dropTable_(String, String, boolean, boolean, boolean)=0, isCompatibleWith_(Configuration)=0}
2024-04-23T20:52:31,809  INFO [main] ql.Driver: Completed executing command(queryId=alex_20240423205225_ad2b6bc0-5c2b-40d6-8b3b-1bad0dff0e1c); Time taken: 0.001 seconds
2024-04-23T20:52:31,809  INFO [main] lockmgr.DbTxnManager: Stopped heartbeat for query: alex_20240423205225_ad2b6bc0-5c2b-40d6-8b3b-1bad0dff0e1c
2024-04-23T20:52:31,814  INFO [main] txn.TxnHandler: Expected to move at least one record from txn_components to completed_txn_components when committing txn! txnid:26
2024-04-23T20:52:31,820  INFO [main] txn.TxnHandler: Removed transactions: ([26]) from MIN_HISTORY_LEVEL
2024-04-23T20:52:31,820  WARN [main] txn.CompactionTxnHandler: No compaction queue record found for Compaction type transaction commit. txnId:26
2024-04-23T20:52:31,821  INFO [main] ql.TxnCommandsBaseForTests: Running the query: drop table if exists nonAcidOrcTbl
2024-04-23T20:52:31,821  INFO [main] ql.Driver: Compiling command(queryId=alex_20240423205225_ad2b6bc0-5c2b-40d6-8b3b-1bad0dff0e1c): drop table if exists nonAcidOrcTbl
2024-04-23T20:52:31,824  INFO [main] txn.TxnHandler: Added entries to MIN_HISTORY_LEVEL for current txns: ([27]) with min_open_txn: 23
2024-04-23T20:52:31,824  INFO [main] lockmgr.DbTxnManager: Opened txnid:27
2024-04-23T20:52:31,825  INFO [main] HiveMetaStore.audit: ugi=alex	ip=unknown-ip-addr	cmd=get_table : tbl=hive.default.nonAcidOrcTbl	
2024-04-23T20:52:31,845  INFO [main] metastore.HMSHandler: Skipping translation for processor with null
2024-04-23T20:52:31,845  INFO [main] ql.Driver: Semantic Analysis Completed (retrial = false)
2024-04-23T20:52:31,845  INFO [main] ql.Driver: Created Hive schema: Schema(fieldSchemas:null, properties:null)
2024-04-23T20:52:31,845  INFO [main] metadata.Hive: Dumping metastore api call timing information for : compilation phase
2024-04-23T20:52:31,845  INFO [main] metadata.Hive: Total time spent in each metastore function (ms): {getTable_(GetTableRequest)=20, isCompatibleWith_(Configuration)=0, commitTxn_(CommitTxnRequest)=11, getValidTxns_(long)=1, flushCache_()=0, openTxn_(String, TxnType)=3}
2024-04-23T20:52:31,845  INFO [main] ql.Driver: Completed compiling command(queryId=alex_20240423205225_ad2b6bc0-5c2b-40d6-8b3b-1bad0dff0e1c); Time taken: 0.024 seconds
2024-04-23T20:52:31,846  INFO [main] lockmgr.DbTxnManager: Setting lock request transaction to txnid:27 for queryId=alex_20240423205225_ad2b6bc0-5c2b-40d6-8b3b-1bad0dff0e1c
2024-04-23T20:52:31,846  INFO [main] lockmgr.DbLockManager: Requesting lock for queryId=alex_20240423205225_ad2b6bc0-5c2b-40d6-8b3b-1bad0dff0e1c
2024-04-23T20:52:31,866  INFO [main] lockmgr.DbLockManager: Response to queryId=alex_20240423205225_ad2b6bc0-5c2b-40d6-8b3b-1bad0dff0e1c LockResponse(lockid:19, state:ACQUIRED)
2024-04-23T20:52:31,866  INFO [main] ql.Driver: Operation DROPTABLE obtained 1 locks
2024-04-23T20:52:31,866  INFO [main] ql.Driver: Executing command(queryId=alex_20240423205225_ad2b6bc0-5c2b-40d6-8b3b-1bad0dff0e1c): drop table if exists nonAcidOrcTbl
2024-04-23T20:52:31,866  INFO [main] ql.Driver: Starting task [Stage-0:DDL] in serial mode
2024-04-23T20:52:31,866  INFO [main] HiveMetaStore.audit: ugi=alex	ip=unknown-ip-addr	cmd=get_table : tbl=hive.default.nonAcidOrcTbl	
2024-04-23T20:52:31,875  INFO [main] metastore.HMSHandler: Skipping translation for processor with null
2024-04-23T20:52:31,875  INFO [main] HiveMetaStore.audit: ugi=alex	ip=unknown-ip-addr	cmd=get_table : tbl=hive.default.nonAcidOrcTbl	
2024-04-23T20:52:31,884  INFO [main] metastore.HMSHandler: Skipping translation for processor with null
2024-04-23T20:52:31,884  INFO [main] HiveMetaStore.audit: ugi=alex	ip=unknown-ip-addr	cmd=drop_table : tbl=hive.default.nonAcidOrcTbl	
2024-04-23T20:52:31,957  INFO [main] metadata.Hive: Dumping metastore api call timing information for : execution phase
2024-04-23T20:52:31,957  INFO [main] metadata.Hive: Total time spent in each metastore function (ms): {getTable_(GetTableRequest)=9, isCompatibleWith_(Configuration)=0, dropTable_(String, String, boolean, boolean, boolean)=81}
2024-04-23T20:52:31,957  INFO [main] ql.Driver: Completed executing command(queryId=alex_20240423205225_ad2b6bc0-5c2b-40d6-8b3b-1bad0dff0e1c); Time taken: 0.091 seconds
2024-04-23T20:52:31,957  INFO [main] lockmgr.DbTxnManager: Stopped heartbeat for query: alex_20240423205225_ad2b6bc0-5c2b-40d6-8b3b-1bad0dff0e1c
2024-04-23T20:52:31,961  INFO [main] txn.TxnHandler: Expected to move at least one record from txn_components to completed_txn_components when committing txn! txnid:27
2024-04-23T20:52:31,967  INFO [main] txn.TxnHandler: Removed transactions: ([27]) from MIN_HISTORY_LEVEL
2024-04-23T20:52:31,967  WARN [main] txn.CompactionTxnHandler: No compaction queue record found for Compaction type transaction commit. txnId:27
2024-04-23T20:52:31,968  INFO [main] ql.TxnCommandsBaseForTests: Running the query: drop table if exists nonAcidOrcTbl2
2024-04-23T20:52:31,968  INFO [main] ql.Driver: Compiling command(queryId=alex_20240423205225_ad2b6bc0-5c2b-40d6-8b3b-1bad0dff0e1c): drop table if exists nonAcidOrcTbl2
2024-04-23T20:52:31,970  INFO [main] txn.TxnHandler: Added entries to MIN_HISTORY_LEVEL for current txns: ([28]) with min_open_txn: 23
2024-04-23T20:52:31,971  INFO [main] lockmgr.DbTxnManager: Opened txnid:28
2024-04-23T20:52:31,971  INFO [main] HiveMetaStore.audit: ugi=alex	ip=unknown-ip-addr	cmd=get_table : tbl=hive.default.nonAcidOrcTbl2	
2024-04-23T20:52:31,982  INFO [main] metastore.HMSHandler: Skipping translation for processor with null
2024-04-23T20:52:31,982  INFO [main] ql.Driver: Semantic Analysis Completed (retrial = false)
2024-04-23T20:52:31,982  INFO [main] ql.Driver: Created Hive schema: Schema(fieldSchemas:null, properties:null)
2024-04-23T20:52:31,982  INFO [main] metadata.Hive: Dumping metastore api call timing information for : compilation phase
2024-04-23T20:52:31,982  INFO [main] metadata.Hive: Total time spent in each metastore function (ms): {commitTxn_(CommitTxnRequest)=11, isCompatibleWith_(Configuration)=1, getValidTxns_(long)=0, flushCache_()=0, getTable_(GetTableRequest)=11, openTxn_(String, TxnType)=2}
2024-04-23T20:52:31,982  INFO [main] ql.Driver: Completed compiling command(queryId=alex_20240423205225_ad2b6bc0-5c2b-40d6-8b3b-1bad0dff0e1c); Time taken: 0.014 seconds
2024-04-23T20:52:31,983  INFO [main] lockmgr.DbTxnManager: Setting lock request transaction to txnid:28 for queryId=alex_20240423205225_ad2b6bc0-5c2b-40d6-8b3b-1bad0dff0e1c
2024-04-23T20:52:31,983  INFO [main] lockmgr.DbLockManager: Requesting lock for queryId=alex_20240423205225_ad2b6bc0-5c2b-40d6-8b3b-1bad0dff0e1c
2024-04-23T20:52:31,998  INFO [main] lockmgr.DbLockManager: Response to queryId=alex_20240423205225_ad2b6bc0-5c2b-40d6-8b3b-1bad0dff0e1c LockResponse(lockid:20, state:ACQUIRED)
2024-04-23T20:52:31,998  INFO [main] ql.Driver: Operation DROPTABLE obtained 1 locks
2024-04-23T20:52:31,998  INFO [main] ql.Driver: Executing command(queryId=alex_20240423205225_ad2b6bc0-5c2b-40d6-8b3b-1bad0dff0e1c): drop table if exists nonAcidOrcTbl2
2024-04-23T20:52:31,998  INFO [main] ql.Driver: Starting task [Stage-0:DDL] in serial mode
2024-04-23T20:52:31,999  INFO [main] HiveMetaStore.audit: ugi=alex	ip=unknown-ip-addr	cmd=get_table : tbl=hive.default.nonAcidOrcTbl2	
2024-04-23T20:52:32,009  INFO [main] metastore.HMSHandler: Skipping translation for processor with null
2024-04-23T20:52:32,009  INFO [main] HiveMetaStore.audit: ugi=alex	ip=unknown-ip-addr	cmd=get_table : tbl=hive.default.nonAcidOrcTbl2	
2024-04-23T20:52:32,020  INFO [main] metastore.HMSHandler: Skipping translation for processor with null
2024-04-23T20:52:32,020  INFO [main] HiveMetaStore.audit: ugi=alex	ip=unknown-ip-addr	cmd=drop_table : tbl=hive.default.nonAcidOrcTbl2	
2024-04-23T20:52:32,057  INFO [main] metadata.Hive: Dumping metastore api call timing information for : execution phase
2024-04-23T20:52:32,058  INFO [main] metadata.Hive: Total time spent in each metastore function (ms): {isCompatibleWith_(Configuration)=0, dropTable_(String, String, boolean, boolean, boolean)=48, getTable_(GetTableRequest)=11}
2024-04-23T20:52:32,058  INFO [main] ql.Driver: Completed executing command(queryId=alex_20240423205225_ad2b6bc0-5c2b-40d6-8b3b-1bad0dff0e1c); Time taken: 0.059 seconds
2024-04-23T20:52:32,058  INFO [main] lockmgr.DbTxnManager: Stopped heartbeat for query: alex_20240423205225_ad2b6bc0-5c2b-40d6-8b3b-1bad0dff0e1c
2024-04-23T20:52:32,062  INFO [main] txn.TxnHandler: Expected to move at least one record from txn_components to completed_txn_components when committing txn! txnid:28
2024-04-23T20:52:32,069  INFO [main] txn.TxnHandler: Removed transactions: ([28]) from MIN_HISTORY_LEVEL
2024-04-23T20:52:32,069  WARN [main] txn.CompactionTxnHandler: No compaction queue record found for Compaction type transaction commit. txnId:28
2024-04-23T20:52:32,070  INFO [main] ql.TxnCommandsBaseForTests: Running the query: drop table if exists nonAcidNonBucket
2024-04-23T20:52:32,070  INFO [main] ql.Driver: Compiling command(queryId=alex_20240423205225_ad2b6bc0-5c2b-40d6-8b3b-1bad0dff0e1c): drop table if exists nonAcidNonBucket
2024-04-23T20:52:32,073  INFO [main] txn.TxnHandler: Added entries to MIN_HISTORY_LEVEL for current txns: ([29]) with min_open_txn: 23
2024-04-23T20:52:32,073  INFO [main] lockmgr.DbTxnManager: Opened txnid:29
2024-04-23T20:52:32,074  INFO [main] HiveMetaStore.audit: ugi=alex	ip=unknown-ip-addr	cmd=get_table : tbl=hive.default.nonAcidNonBucket	
2024-04-23T20:52:32,084  INFO [main] metastore.HMSHandler: Skipping translation for processor with null
2024-04-23T20:52:32,084  INFO [main] ql.Driver: Semantic Analysis Completed (retrial = false)
2024-04-23T20:52:32,084  INFO [main] ql.Driver: Created Hive schema: Schema(fieldSchemas:null, properties:null)
2024-04-23T20:52:32,084  INFO [main] metadata.Hive: Dumping metastore api call timing information for : compilation phase
2024-04-23T20:52:32,085  INFO [main] metadata.Hive: Total time spent in each metastore function (ms): {openTxn_(String, TxnType)=2, getValidTxns_(long)=0, getTable_(GetTableRequest)=10, flushCache_()=0, commitTxn_(CommitTxnRequest)=12, isCompatibleWith_(Configuration)=1}
2024-04-23T20:52:32,085  INFO [main] ql.Driver: Completed compiling command(queryId=alex_20240423205225_ad2b6bc0-5c2b-40d6-8b3b-1bad0dff0e1c); Time taken: 0.014 seconds
2024-04-23T20:52:32,085  INFO [main] lockmgr.DbTxnManager: Setting lock request transaction to txnid:29 for queryId=alex_20240423205225_ad2b6bc0-5c2b-40d6-8b3b-1bad0dff0e1c
2024-04-23T20:52:32,086  INFO [main] lockmgr.DbLockManager: Requesting lock for queryId=alex_20240423205225_ad2b6bc0-5c2b-40d6-8b3b-1bad0dff0e1c
2024-04-23T20:52:32,101  INFO [main] lockmgr.DbLockManager: Response to queryId=alex_20240423205225_ad2b6bc0-5c2b-40d6-8b3b-1bad0dff0e1c LockResponse(lockid:21, state:ACQUIRED)
2024-04-23T20:52:32,101  INFO [main] ql.Driver: Operation DROPTABLE obtained 1 locks
2024-04-23T20:52:32,101  INFO [main] ql.Driver: Executing command(queryId=alex_20240423205225_ad2b6bc0-5c2b-40d6-8b3b-1bad0dff0e1c): drop table if exists nonAcidNonBucket
2024-04-23T20:52:32,101  INFO [main] ql.Driver: Starting task [Stage-0:DDL] in serial mode
2024-04-23T20:52:32,101  INFO [main] HiveMetaStore.audit: ugi=alex	ip=unknown-ip-addr	cmd=get_table : tbl=hive.default.nonAcidNonBucket	
2024-04-23T20:52:32,112  INFO [main] metastore.HMSHandler: Skipping translation for processor with null
2024-04-23T20:52:32,112  INFO [main] HiveMetaStore.audit: ugi=alex	ip=unknown-ip-addr	cmd=get_table : tbl=hive.default.nonAcidNonBucket	
2024-04-23T20:52:32,122  INFO [main] metastore.HMSHandler: Skipping translation for processor with null
2024-04-23T20:52:32,122  INFO [main] HiveMetaStore.audit: ugi=alex	ip=unknown-ip-addr	cmd=drop_table : tbl=hive.default.nonAcidNonBucket	
2024-04-23T20:52:32,162  INFO [main] metadata.Hive: Dumping metastore api call timing information for : execution phase
2024-04-23T20:52:32,162  INFO [main] metadata.Hive: Total time spent in each metastore function (ms): {isCompatibleWith_(Configuration)=0, dropTable_(String, String, boolean, boolean, boolean)=50, getTable_(GetTableRequest)=11}
2024-04-23T20:52:32,162  INFO [main] ql.Driver: Completed executing command(queryId=alex_20240423205225_ad2b6bc0-5c2b-40d6-8b3b-1bad0dff0e1c); Time taken: 0.061 seconds
2024-04-23T20:52:32,162  INFO [main] lockmgr.DbTxnManager: Stopped heartbeat for query: alex_20240423205225_ad2b6bc0-5c2b-40d6-8b3b-1bad0dff0e1c
2024-04-23T20:52:32,166  INFO [main] txn.TxnHandler: Expected to move at least one record from txn_components to completed_txn_components when committing txn! txnid:29
2024-04-23T20:52:32,172  INFO [main] txn.TxnHandler: Removed transactions: ([29]) from MIN_HISTORY_LEVEL
2024-04-23T20:52:32,173  WARN [main] txn.CompactionTxnHandler: No compaction queue record found for Compaction type transaction commit. txnId:29
2024-04-23T20:52:32,173  INFO [main] utils.TestTxnDbUtil: Cleaning transactional tables
]]></system-err>
  </testcase>
  <testcase name="testDefault" classname="org.apache.hadoop.hive.ql.TestTxnNoBucketsVectorized" time="4.57"/>
  <testcase name="testInsertToAcidWithUnionRemove" classname="org.apache.hadoop.hive.ql.TestTxnNoBucketsVectorized" time="8.774"/>
  <testcase name="testNoBuckets" classname="org.apache.hadoop.hive.ql.TestTxnNoBucketsVectorized" time="8.268">
    <error type="java.lang.RuntimeException"><![CDATA[java.lang.RuntimeException: explain  update nobuckets set c3 = 17 where c3 in(0,1) failed: (responseCode = 40000, errorMessage = FAILED: NoMatchingMethodException No matching method for class org.apache.hadoop.hive.ql.udf.UDFToInteger with (struct<writeid:bigint,bucketid:int,rowid:bigint>). Possible choices: _FUNC_(bigint)  _FUNC_(boolean)  _FUNC_(decimal(38,18))  _FUNC_(double)  _FUNC_(float)  _FUNC_(smallint)  _FUNC_(string)  _FUNC_(struct<bucketid:int,rowid:bigint,writeid:bigint>)  _FUNC_(timestamp)  _FUNC_(tinyint)  _FUNC_(void)  , hiveErrorCode = 40000, SQLState = 42000, exception = No matching method for class org.apache.hadoop.hive.ql.udf.UDFToInteger with (struct<writeid:bigint,bucketid:int,rowid:bigint>). Possible choices: _FUNC_(bigint)  _FUNC_(boolean)  _FUNC_(decimal(38,18))  _FUNC_(double)  _FUNC_(float)  _FUNC_(smallint)  _FUNC_(string)  _FUNC_(struct<bucketid:int,rowid:bigint,writeid:bigint>)  _FUNC_(timestamp)  _FUNC_(tinyint)  _FUNC_(void)  )
	at org.apache.hadoop.hive.ql.TxnCommandsBaseForTests.runStatementOnDriver(TxnCommandsBaseForTests.java:247)
	at org.apache.hadoop.hive.ql.TestTxnNoBuckets.testNoBuckets(TestTxnNoBuckets.java:109)
	at sun.reflect.NativeMethodAccessorImpl.invoke0(Native Method)
	at sun.reflect.NativeMethodAccessorImpl.invoke(NativeMethodAccessorImpl.java:62)
	at sun.reflect.DelegatingMethodAccessorImpl.invoke(DelegatingMethodAccessorImpl.java:43)
	at java.lang.reflect.Method.invoke(Method.java:498)
	at org.junit.runners.model.FrameworkMethod$1.runReflectiveCall(FrameworkMethod.java:59)
	at org.junit.internal.runners.model.ReflectiveCallable.run(ReflectiveCallable.java:12)
	at org.junit.runners.model.FrameworkMethod.invokeExplosively(FrameworkMethod.java:56)
	at org.junit.internal.runners.statements.InvokeMethod.evaluate(InvokeMethod.java:17)
	at org.junit.internal.runners.statements.RunBefores.evaluate(RunBefores.java:26)
	at org.junit.internal.runners.statements.RunAfters.evaluate(RunAfters.java:27)
	at org.junit.rules.TestWatcher$1.evaluate(TestWatcher.java:61)
	at org.junit.runners.ParentRunner$3.evaluate(ParentRunner.java:306)
	at org.junit.runners.BlockJUnit4ClassRunner$1.evaluate(BlockJUnit4ClassRunner.java:100)
	at org.junit.runners.ParentRunner.runLeaf(ParentRunner.java:366)
	at org.junit.runners.BlockJUnit4ClassRunner.runChild(BlockJUnit4ClassRunner.java:103)
	at org.junit.runners.BlockJUnit4ClassRunner.runChild(BlockJUnit4ClassRunner.java:63)
	at org.junit.runners.ParentRunner$4.run(ParentRunner.java:331)
	at org.junit.runners.ParentRunner$1.schedule(ParentRunner.java:79)
	at org.junit.runners.ParentRunner.runChildren(ParentRunner.java:329)
	at org.junit.runners.ParentRunner.access$100(ParentRunner.java:66)
	at org.junit.runners.ParentRunner$2.evaluate(ParentRunner.java:293)
	at org.junit.runners.ParentRunner$3.evaluate(ParentRunner.java:306)
	at org.junit.runners.ParentRunner.run(ParentRunner.java:413)
	at org.junit.runner.JUnitCore.run(JUnitCore.java:137)
	at org.junit.runner.JUnitCore.run(JUnitCore.java:115)
	at org.junit.vintage.engine.execution.RunnerExecutor.execute(RunnerExecutor.java:43)
	at java.util.stream.ForEachOps$ForEachOp$OfRef.accept(ForEachOps.java:183)
	at java.util.stream.ReferencePipeline$3$1.accept(ReferencePipeline.java:193)
	at java.util.Iterator.forEachRemaining(Iterator.java:116)
	at java.util.Spliterators$IteratorSpliterator.forEachRemaining(Spliterators.java:1801)
	at java.util.stream.AbstractPipeline.copyInto(AbstractPipeline.java:482)
	at java.util.stream.AbstractPipeline.wrapAndCopyInto(AbstractPipeline.java:472)
	at java.util.stream.ForEachOps$ForEachOp.evaluateSequential(ForEachOps.java:150)
	at java.util.stream.ForEachOps$ForEachOp$OfRef.evaluateSequential(ForEachOps.java:173)
	at java.util.stream.AbstractPipeline.evaluate(AbstractPipeline.java:234)
	at java.util.stream.ReferencePipeline.forEach(ReferencePipeline.java:485)
	at org.junit.vintage.engine.VintageTestEngine.executeAllChildren(VintageTestEngine.java:82)
	at org.junit.vintage.engine.VintageTestEngine.execute(VintageTestEngine.java:73)
	at org.junit.platform.launcher.core.DefaultLauncher.execute(DefaultLauncher.java:248)
	at org.junit.platform.launcher.core.DefaultLauncher.lambda$execute$5(DefaultLauncher.java:211)
	at org.junit.platform.launcher.core.DefaultLauncher.withInterceptedStreams(DefaultLauncher.java:226)
	at org.junit.platform.launcher.core.DefaultLauncher.execute(DefaultLauncher.java:199)
	at org.junit.platform.launcher.core.DefaultLauncher.execute(DefaultLauncher.java:132)
	at org.apache.maven.surefire.junitplatform.JUnitPlatformProvider.invokeAllTests(JUnitPlatformProvider.java:154)
	at org.apache.maven.surefire.junitplatform.JUnitPlatformProvider.invoke(JUnitPlatformProvider.java:123)
	at org.apache.maven.surefire.booter.ForkedBooter.runSuitesInProcess(ForkedBooter.java:377)
	at org.apache.maven.surefire.booter.ForkedBooter.execute(ForkedBooter.java:138)
	at org.apache.maven.surefire.booter.ForkedBooter.run(ForkedBooter.java:465)
	at org.apache.maven.surefire.booter.ForkedBooter.main(ForkedBooter.java:451)
]]></error>
    <system-err><![CDATA[2024-04-23T20:52:45,585  WARN [main] conf.HiveConf: HiveConf of name hive.dummyparam.test.server.specific.config.metastoresite does not exist
2024-04-23T20:52:45,585  WARN [main] conf.HiveConf: HiveConf of name hive.llap.io.cache.orc.alloc.max does not exist
2024-04-23T20:52:45,585  WARN [main] conf.HiveConf: HiveConf of name hive.llap.io.cache.orc.size does not exist
2024-04-23T20:52:45,585  WARN [main] conf.HiveConf: HiveConf of name hive.llap.io.cache.orc.arena.size does not exist
2024-04-23T20:52:45,585  WARN [main] conf.HiveConf: HiveConf of name hive.dummyparam.test.server.specific.config.hivesite does not exist
2024-04-23T20:52:45,585  WARN [main] conf.HiveConf: HiveConf of name hive.stats.key.prefix.reserve.length does not exist
2024-04-23T20:52:45,586  WARN [main] conf.HiveConf: HiveConf of name hive.dummyparam.test.server.specific.config.override does not exist
2024-04-23T20:52:45,586  WARN [main] conf.HiveConf: HiveConf of name hive.metastore.metadb.dir does not exist
2024-04-23T20:52:45,586  WARN [main] conf.HiveConf: HiveConf of name hive.metastore.client.cache.maxSize does not exist
2024-04-23T20:52:45,586  WARN [main] conf.HiveConf: HiveConf of name hive.metastore.client.cache.recordStats does not exist
2024-04-23T20:52:45,586  WARN [main] conf.HiveConf: HiveConf of name hive.llap.io.cache.orc.alloc.min does not exist
2024-04-23T20:52:45,588  INFO [main] utils.TestTxnDbUtil: Creating transactional tables
Hive Session ID = 23dbae2e-cee9-4d4d-b4a3-8a660c581501
2024-04-23T20:52:45,590  INFO [main] SessionState: Hive Session ID = 23dbae2e-cee9-4d4d-b4a3-8a660c581501
ivysettings.xml file not found in HIVE_HOME or HIVE_CONF_DIR,/home/alex/Repositories/hive/conf/ivysettings.xml will be used
2024-04-23T20:52:45,591  INFO [main] DependencyResolver: ivysettings.xml file not found in HIVE_HOME or HIVE_CONF_DIR,/home/alex/Repositories/hive/conf/ivysettings.xml will be used
2024-04-23T20:52:45,596  INFO [main] session.SessionState: Created HDFS directory: /home/alex/Repositories/hive/ql/target/tmp/scratchdir/alex/23dbae2e-cee9-4d4d-b4a3-8a660c581501
2024-04-23T20:52:45,598  INFO [main] session.SessionState: Created local directory: /home/alex/Repositories/hive/ql/target/tmp/localscratchdir/23dbae2e-cee9-4d4d-b4a3-8a660c581501
2024-04-23T20:52:45,600  INFO [main] session.SessionState: Created HDFS directory: /home/alex/Repositories/hive/ql/target/tmp/scratchdir/alex/23dbae2e-cee9-4d4d-b4a3-8a660c581501/_tmp_space.db
2024-04-23T20:52:45,601  INFO [main] sqlstd.SQLStdHiveAccessController: Created SQLStdHiveAccessController for session context : HiveAuthzSessionContext [sessionString=23dbae2e-cee9-4d4d-b4a3-8a660c581501, clientType=HIVECLI]
2024-04-23T20:52:45,601  INFO [main] ql.TxnCommandsBaseForTests: Running the query: drop table if exists acidTbl
2024-04-23T20:52:45,601  INFO [main] ql.Driver: Compiling command(queryId=alex_20240423205245_ab597a5f-f29a-48d8-bacc-be4c954bde40): drop table if exists acidTbl
2024-04-23T20:52:45,609  INFO [main] txn.TxnHandler: Added entries to MIN_HISTORY_LEVEL for current txns: ([1]) with min_open_txn: 1
2024-04-23T20:52:45,609  INFO [main] lockmgr.DbTxnManager: Opened txnid:1
2024-04-23T20:52:45,611  INFO [main] HiveMetaStore.audit: ugi=alex	ip=unknown-ip-addr	cmd=get_table : tbl=hive.default.acidTbl	
2024-04-23T20:52:45,614  INFO [main] ql.Driver: Semantic Analysis Completed (retrial = false)
2024-04-23T20:52:45,614  INFO [main] ql.Driver: Created Hive schema: Schema(fieldSchemas:null, properties:null)
2024-04-23T20:52:45,614  INFO [main] metadata.Hive: Dumping metastore api call timing information for : compilation phase
2024-04-23T20:52:45,615  INFO [main] metadata.Hive: Total time spent in each metastore function (ms): {flushCache_()=0, isCompatibleWith_(Configuration)=1, openTxn_(String, TxnType)=7, getValidTxns_(long)=2, commitTxn_(CommitTxnRequest)=8}
2024-04-23T20:52:45,615  INFO [main] ql.Driver: Completed compiling command(queryId=alex_20240423205245_ab597a5f-f29a-48d8-bacc-be4c954bde40); Time taken: 0.013 seconds
2024-04-23T20:52:45,615  INFO [main] lockmgr.DbTxnManager: Setting lock request transaction to txnid:1 for queryId=alex_20240423205245_ab597a5f-f29a-48d8-bacc-be4c954bde40
2024-04-23T20:52:45,615  INFO [main] ql.Driver: Operation DROPTABLE obtained 0 locks
2024-04-23T20:52:45,615  INFO [main] ql.Driver: Executing command(queryId=alex_20240423205245_ab597a5f-f29a-48d8-bacc-be4c954bde40): drop table if exists acidTbl
2024-04-23T20:52:45,615  INFO [main] ql.Driver: Starting task [Stage-0:DDL] in serial mode
2024-04-23T20:52:45,615  INFO [main] HiveMetaStore.audit: ugi=alex	ip=unknown-ip-addr	cmd=get_table : tbl=hive.default.acidTbl	
2024-04-23T20:52:45,618  INFO [main] metadata.Hive: Dumping metastore api call timing information for : execution phase
2024-04-23T20:52:45,618  INFO [main] metadata.Hive: Total time spent in each metastore function (ms): {isCompatibleWith_(Configuration)=0}
2024-04-23T20:52:45,619  INFO [main] ql.Driver: Completed executing command(queryId=alex_20240423205245_ab597a5f-f29a-48d8-bacc-be4c954bde40); Time taken: 0.003 seconds
2024-04-23T20:52:45,619  INFO [main] lockmgr.DbTxnManager: Stopped heartbeat for query: alex_20240423205245_ab597a5f-f29a-48d8-bacc-be4c954bde40
2024-04-23T20:52:45,624  INFO [main] txn.TxnHandler: Expected to move at least one record from txn_components to completed_txn_components when committing txn! txnid:1
2024-04-23T20:52:45,629  INFO [main] txn.TxnHandler: Removed transactions: ([1]) from MIN_HISTORY_LEVEL
2024-04-23T20:52:45,629  WARN [main] txn.CompactionTxnHandler: No compaction queue record found for Compaction type transaction commit. txnId:1
2024-04-23T20:52:45,629  INFO [main] ql.TxnCommandsBaseForTests: Running the query: drop table if exists acidTblPart
2024-04-23T20:52:45,629  INFO [main] ql.Driver: Compiling command(queryId=alex_20240423205245_7b86aaee-bfe3-4c87-bccb-90f7fb8d27da): drop table if exists acidTblPart
2024-04-23T20:52:45,632  INFO [main] txn.TxnHandler: Added entries to MIN_HISTORY_LEVEL for current txns: ([2]) with min_open_txn: 1
2024-04-23T20:52:45,632  INFO [main] lockmgr.DbTxnManager: Opened txnid:2
2024-04-23T20:52:45,632  INFO [main] HiveMetaStore.audit: ugi=alex	ip=unknown-ip-addr	cmd=get_table : tbl=hive.default.acidTblPart	
2024-04-23T20:52:45,635  INFO [main] ql.Driver: Semantic Analysis Completed (retrial = false)
2024-04-23T20:52:45,635  INFO [main] ql.Driver: Created Hive schema: Schema(fieldSchemas:null, properties:null)
2024-04-23T20:52:45,636  INFO [main] metadata.Hive: Dumping metastore api call timing information for : compilation phase
2024-04-23T20:52:45,636  INFO [main] metadata.Hive: Total time spent in each metastore function (ms): {commitTxn_(CommitTxnRequest)=10, getValidTxns_(long)=0, flushCache_()=0, isCompatibleWith_(Configuration)=0, openTxn_(String, TxnType)=2}
2024-04-23T20:52:45,636  INFO [main] ql.Driver: Completed compiling command(queryId=alex_20240423205245_7b86aaee-bfe3-4c87-bccb-90f7fb8d27da); Time taken: 0.007 seconds
2024-04-23T20:52:45,636  INFO [main] lockmgr.DbTxnManager: Setting lock request transaction to txnid:2 for queryId=alex_20240423205245_7b86aaee-bfe3-4c87-bccb-90f7fb8d27da
2024-04-23T20:52:45,636  INFO [main] ql.Driver: Operation DROPTABLE obtained 0 locks
2024-04-23T20:52:45,636  INFO [main] ql.Driver: Executing command(queryId=alex_20240423205245_7b86aaee-bfe3-4c87-bccb-90f7fb8d27da): drop table if exists acidTblPart
2024-04-23T20:52:45,636  INFO [main] ql.Driver: Starting task [Stage-0:DDL] in serial mode
2024-04-23T20:52:45,636  INFO [main] HiveMetaStore.audit: ugi=alex	ip=unknown-ip-addr	cmd=get_table : tbl=hive.default.acidTblPart	
2024-04-23T20:52:45,640  INFO [main] metadata.Hive: Dumping metastore api call timing information for : execution phase
2024-04-23T20:52:45,640  INFO [main] metadata.Hive: Total time spent in each metastore function (ms): {isCompatibleWith_(Configuration)=0}
2024-04-23T20:52:45,641  INFO [main] ql.Driver: Completed executing command(queryId=alex_20240423205245_7b86aaee-bfe3-4c87-bccb-90f7fb8d27da); Time taken: 0.004 seconds
2024-04-23T20:52:45,641  INFO [main] lockmgr.DbTxnManager: Stopped heartbeat for query: alex_20240423205245_7b86aaee-bfe3-4c87-bccb-90f7fb8d27da
2024-04-23T20:52:45,646  INFO [main] txn.TxnHandler: Expected to move at least one record from txn_components to completed_txn_components when committing txn! txnid:2
2024-04-23T20:52:45,650  INFO [main] txn.TxnHandler: Removed transactions: ([2]) from MIN_HISTORY_LEVEL
2024-04-23T20:52:45,650  WARN [main] txn.CompactionTxnHandler: No compaction queue record found for Compaction type transaction commit. txnId:2
2024-04-23T20:52:45,651  INFO [main] ql.TxnCommandsBaseForTests: Running the query: drop table if exists acidTbl2
2024-04-23T20:52:45,651  INFO [main] ql.Driver: Compiling command(queryId=alex_20240423205245_964a74e6-620f-4aa3-8394-5277d3086bb3): drop table if exists acidTbl2
2024-04-23T20:52:45,653  INFO [main] txn.TxnHandler: Added entries to MIN_HISTORY_LEVEL for current txns: ([3]) with min_open_txn: 1
2024-04-23T20:52:45,654  INFO [main] lockmgr.DbTxnManager: Opened txnid:3
2024-04-23T20:52:45,654  INFO [main] HiveMetaStore.audit: ugi=alex	ip=unknown-ip-addr	cmd=get_table : tbl=hive.default.acidTbl2	
2024-04-23T20:52:45,657  INFO [main] ql.Driver: Semantic Analysis Completed (retrial = false)
2024-04-23T20:52:45,657  INFO [main] ql.Driver: Created Hive schema: Schema(fieldSchemas:null, properties:null)
2024-04-23T20:52:45,657  INFO [main] metadata.Hive: Dumping metastore api call timing information for : compilation phase
2024-04-23T20:52:45,657  INFO [main] metadata.Hive: Total time spent in each metastore function (ms): {openTxn_(String, TxnType)=2, flushCache_()=0, isCompatibleWith_(Configuration)=0, getValidTxns_(long)=0, commitTxn_(CommitTxnRequest)=10}
2024-04-23T20:52:45,658  INFO [main] ql.Driver: Completed compiling command(queryId=alex_20240423205245_964a74e6-620f-4aa3-8394-5277d3086bb3); Time taken: 0.006 seconds
2024-04-23T20:52:45,658  INFO [main] lockmgr.DbTxnManager: Setting lock request transaction to txnid:3 for queryId=alex_20240423205245_964a74e6-620f-4aa3-8394-5277d3086bb3
2024-04-23T20:52:45,658  INFO [main] ql.Driver: Operation DROPTABLE obtained 0 locks
2024-04-23T20:52:45,658  INFO [main] ql.Driver: Executing command(queryId=alex_20240423205245_964a74e6-620f-4aa3-8394-5277d3086bb3): drop table if exists acidTbl2
2024-04-23T20:52:45,658  INFO [main] ql.Driver: Starting task [Stage-0:DDL] in serial mode
2024-04-23T20:52:45,658  INFO [main] HiveMetaStore.audit: ugi=alex	ip=unknown-ip-addr	cmd=get_table : tbl=hive.default.acidTbl2	
2024-04-23T20:52:45,662  INFO [main] metadata.Hive: Dumping metastore api call timing information for : execution phase
2024-04-23T20:52:45,662  INFO [main] metadata.Hive: Total time spent in each metastore function (ms): {isCompatibleWith_(Configuration)=0}
2024-04-23T20:52:45,662  INFO [main] ql.Driver: Completed executing command(queryId=alex_20240423205245_964a74e6-620f-4aa3-8394-5277d3086bb3); Time taken: 0.004 seconds
2024-04-23T20:52:45,662  INFO [main] lockmgr.DbTxnManager: Stopped heartbeat for query: alex_20240423205245_964a74e6-620f-4aa3-8394-5277d3086bb3
2024-04-23T20:52:45,667  INFO [main] txn.TxnHandler: Expected to move at least one record from txn_components to completed_txn_components when committing txn! txnid:3
2024-04-23T20:52:45,673  INFO [main] txn.TxnHandler: Removed transactions: ([3]) from MIN_HISTORY_LEVEL
2024-04-23T20:52:45,673  WARN [main] txn.CompactionTxnHandler: No compaction queue record found for Compaction type transaction commit. txnId:3
2024-04-23T20:52:45,674  INFO [main] ql.TxnCommandsBaseForTests: Running the query: drop table if exists nonAcidOrcTbl
2024-04-23T20:52:45,674  INFO [main] ql.Driver: Compiling command(queryId=alex_20240423205245_95eeef62-d726-4f1b-8719-eca4cbbad232): drop table if exists nonAcidOrcTbl
2024-04-23T20:52:45,676  INFO [main] txn.TxnHandler: Added entries to MIN_HISTORY_LEVEL for current txns: ([4]) with min_open_txn: 1
2024-04-23T20:52:45,676  INFO [main] lockmgr.DbTxnManager: Opened txnid:4
2024-04-23T20:52:45,677  INFO [main] HiveMetaStore.audit: ugi=alex	ip=unknown-ip-addr	cmd=get_table : tbl=hive.default.nonAcidOrcTbl	
2024-04-23T20:52:45,680  INFO [main] ql.Driver: Semantic Analysis Completed (retrial = false)
2024-04-23T20:52:45,680  INFO [main] ql.Driver: Created Hive schema: Schema(fieldSchemas:null, properties:null)
2024-04-23T20:52:45,680  INFO [main] metadata.Hive: Dumping metastore api call timing information for : compilation phase
2024-04-23T20:52:45,680  INFO [main] metadata.Hive: Total time spent in each metastore function (ms): {getValidTxns_(long)=1, isCompatibleWith_(Configuration)=0, flushCache_()=0, openTxn_(String, TxnType)=2, commitTxn_(CommitTxnRequest)=11}
2024-04-23T20:52:45,680  INFO [main] ql.Driver: Completed compiling command(queryId=alex_20240423205245_95eeef62-d726-4f1b-8719-eca4cbbad232); Time taken: 0.006 seconds
2024-04-23T20:52:45,681  INFO [main] lockmgr.DbTxnManager: Setting lock request transaction to txnid:4 for queryId=alex_20240423205245_95eeef62-d726-4f1b-8719-eca4cbbad232
2024-04-23T20:52:45,681  INFO [main] ql.Driver: Operation DROPTABLE obtained 0 locks
2024-04-23T20:52:45,681  INFO [main] ql.Driver: Executing command(queryId=alex_20240423205245_95eeef62-d726-4f1b-8719-eca4cbbad232): drop table if exists nonAcidOrcTbl
2024-04-23T20:52:45,681  INFO [main] ql.Driver: Starting task [Stage-0:DDL] in serial mode
2024-04-23T20:52:45,681  INFO [main] HiveMetaStore.audit: ugi=alex	ip=unknown-ip-addr	cmd=get_table : tbl=hive.default.nonAcidOrcTbl	
2024-04-23T20:52:45,684  INFO [main] metadata.Hive: Dumping metastore api call timing information for : execution phase
2024-04-23T20:52:45,684  INFO [main] metadata.Hive: Total time spent in each metastore function (ms): {isCompatibleWith_(Configuration)=0}
2024-04-23T20:52:45,685  INFO [main] ql.Driver: Completed executing command(queryId=alex_20240423205245_95eeef62-d726-4f1b-8719-eca4cbbad232); Time taken: 0.003 seconds
2024-04-23T20:52:45,685  INFO [main] lockmgr.DbTxnManager: Stopped heartbeat for query: alex_20240423205245_95eeef62-d726-4f1b-8719-eca4cbbad232
2024-04-23T20:52:45,689  INFO [main] txn.TxnHandler: Expected to move at least one record from txn_components to completed_txn_components when committing txn! txnid:4
2024-04-23T20:52:45,694  INFO [main] txn.TxnHandler: Removed transactions: ([4]) from MIN_HISTORY_LEVEL
2024-04-23T20:52:45,694  WARN [main] txn.CompactionTxnHandler: No compaction queue record found for Compaction type transaction commit. txnId:4
2024-04-23T20:52:45,694  INFO [main] ql.TxnCommandsBaseForTests: Running the query: drop table if exists nonAcidOrcTbl2
2024-04-23T20:52:45,695  INFO [main] ql.Driver: Compiling command(queryId=alex_20240423205245_738d16a5-954f-45f9-a6c4-dda9674348cf): drop table if exists nonAcidOrcTbl2
2024-04-23T20:52:45,697  INFO [main] txn.TxnHandler: Added entries to MIN_HISTORY_LEVEL for current txns: ([5]) with min_open_txn: 1
2024-04-23T20:52:45,697  INFO [main] lockmgr.DbTxnManager: Opened txnid:5
2024-04-23T20:52:45,697  INFO [main] HiveMetaStore.audit: ugi=alex	ip=unknown-ip-addr	cmd=get_table : tbl=hive.default.nonAcidOrcTbl2	
2024-04-23T20:52:45,700  INFO [main] ql.Driver: Semantic Analysis Completed (retrial = false)
2024-04-23T20:52:45,700  INFO [main] ql.Driver: Created Hive schema: Schema(fieldSchemas:null, properties:null)
2024-04-23T20:52:45,701  INFO [main] metadata.Hive: Dumping metastore api call timing information for : compilation phase
2024-04-23T20:52:45,701  INFO [main] metadata.Hive: Total time spent in each metastore function (ms): {commitTxn_(CommitTxnRequest)=9, flushCache_()=0, openTxn_(String, TxnType)=2, isCompatibleWith_(Configuration)=0, getValidTxns_(long)=0}
2024-04-23T20:52:45,701  INFO [main] ql.Driver: Completed compiling command(queryId=alex_20240423205245_738d16a5-954f-45f9-a6c4-dda9674348cf); Time taken: 0.005 seconds
2024-04-23T20:52:45,701  INFO [main] lockmgr.DbTxnManager: Setting lock request transaction to txnid:5 for queryId=alex_20240423205245_738d16a5-954f-45f9-a6c4-dda9674348cf
2024-04-23T20:52:45,701  INFO [main] ql.Driver: Operation DROPTABLE obtained 0 locks
2024-04-23T20:52:45,701  INFO [main] ql.Driver: Executing command(queryId=alex_20240423205245_738d16a5-954f-45f9-a6c4-dda9674348cf): drop table if exists nonAcidOrcTbl2
2024-04-23T20:52:45,701  INFO [main] ql.Driver: Starting task [Stage-0:DDL] in serial mode
2024-04-23T20:52:45,702  INFO [main] HiveMetaStore.audit: ugi=alex	ip=unknown-ip-addr	cmd=get_table : tbl=hive.default.nonAcidOrcTbl2	
2024-04-23T20:52:45,704  INFO [main] metadata.Hive: Dumping metastore api call timing information for : execution phase
2024-04-23T20:52:45,705  INFO [main] metadata.Hive: Total time spent in each metastore function (ms): {isCompatibleWith_(Configuration)=0}
2024-04-23T20:52:45,705  INFO [main] ql.Driver: Completed executing command(queryId=alex_20240423205245_738d16a5-954f-45f9-a6c4-dda9674348cf); Time taken: 0.003 seconds
2024-04-23T20:52:45,705  INFO [main] lockmgr.DbTxnManager: Stopped heartbeat for query: alex_20240423205245_738d16a5-954f-45f9-a6c4-dda9674348cf
2024-04-23T20:52:45,709  INFO [main] txn.TxnHandler: Expected to move at least one record from txn_components to completed_txn_components when committing txn! txnid:5
2024-04-23T20:52:45,714  INFO [main] txn.TxnHandler: Removed transactions: ([5]) from MIN_HISTORY_LEVEL
2024-04-23T20:52:45,714  WARN [main] txn.CompactionTxnHandler: No compaction queue record found for Compaction type transaction commit. txnId:5
2024-04-23T20:52:45,714  INFO [main] ql.TxnCommandsBaseForTests: Running the query: drop table if exists nonAcidNonBucket
2024-04-23T20:52:45,715  INFO [main] ql.Driver: Compiling command(queryId=alex_20240423205245_e1083855-0aa2-44f1-bcb0-d54e2311e934): drop table if exists nonAcidNonBucket
2024-04-23T20:52:45,716  INFO [main] txn.TxnHandler: Added entries to MIN_HISTORY_LEVEL for current txns: ([6]) with min_open_txn: 1
2024-04-23T20:52:45,717  INFO [main] lockmgr.DbTxnManager: Opened txnid:6
2024-04-23T20:52:45,717  INFO [main] HiveMetaStore.audit: ugi=alex	ip=unknown-ip-addr	cmd=get_table : tbl=hive.default.nonAcidNonBucket	
2024-04-23T20:52:45,720  INFO [main] ql.Driver: Semantic Analysis Completed (retrial = false)
2024-04-23T20:52:45,720  INFO [main] ql.Driver: Created Hive schema: Schema(fieldSchemas:null, properties:null)
2024-04-23T20:52:45,720  INFO [main] metadata.Hive: Dumping metastore api call timing information for : compilation phase
2024-04-23T20:52:45,720  INFO [main] metadata.Hive: Total time spent in each metastore function (ms): {isCompatibleWith_(Configuration)=0, flushCache_()=0, commitTxn_(CommitTxnRequest)=9, openTxn_(String, TxnType)=2, getValidTxns_(long)=0}
2024-04-23T20:52:45,721  INFO [main] ql.Driver: Completed compiling command(queryId=alex_20240423205245_e1083855-0aa2-44f1-bcb0-d54e2311e934); Time taken: 0.005 seconds
2024-04-23T20:52:45,721  INFO [main] lockmgr.DbTxnManager: Setting lock request transaction to txnid:6 for queryId=alex_20240423205245_e1083855-0aa2-44f1-bcb0-d54e2311e934
2024-04-23T20:52:45,721  INFO [main] ql.Driver: Operation DROPTABLE obtained 0 locks
2024-04-23T20:52:45,721  INFO [main] ql.Driver: Executing command(queryId=alex_20240423205245_e1083855-0aa2-44f1-bcb0-d54e2311e934): drop table if exists nonAcidNonBucket
2024-04-23T20:52:45,721  INFO [main] ql.Driver: Starting task [Stage-0:DDL] in serial mode
2024-04-23T20:52:45,722  INFO [main] HiveMetaStore.audit: ugi=alex	ip=unknown-ip-addr	cmd=get_table : tbl=hive.default.nonAcidNonBucket	
2024-04-23T20:52:45,725  INFO [main] metadata.Hive: Dumping metastore api call timing information for : execution phase
2024-04-23T20:52:45,725  INFO [main] metadata.Hive: Total time spent in each metastore function (ms): {isCompatibleWith_(Configuration)=0}
2024-04-23T20:52:45,725  INFO [main] ql.Driver: Completed executing command(queryId=alex_20240423205245_e1083855-0aa2-44f1-bcb0-d54e2311e934); Time taken: 0.004 seconds
2024-04-23T20:52:45,725  INFO [main] lockmgr.DbTxnManager: Stopped heartbeat for query: alex_20240423205245_e1083855-0aa2-44f1-bcb0-d54e2311e934
2024-04-23T20:52:45,730  INFO [main] txn.TxnHandler: Expected to move at least one record from txn_components to completed_txn_components when committing txn! txnid:6
2024-04-23T20:52:45,735  INFO [main] txn.TxnHandler: Removed transactions: ([6]) from MIN_HISTORY_LEVEL
2024-04-23T20:52:45,735  WARN [main] txn.CompactionTxnHandler: No compaction queue record found for Compaction type transaction commit. txnId:6
2024-04-23T20:52:45,736  INFO [main] ql.TxnCommandsBaseForTests: Running the query: create table acidTbl(a int, b int) clustered by (a) into 2 buckets stored as orc TBLPROPERTIES ('transactional'='true')
2024-04-23T20:52:45,736  INFO [main] ql.Driver: Compiling command(queryId=alex_20240423205245_78ab6849-40ec-45a5-beed-8fa4a0f82edd): create table acidTbl(a int, b int) clustered by (a) into 2 buckets stored as orc TBLPROPERTIES ('transactional'='true')
2024-04-23T20:52:45,738  INFO [main] txn.TxnHandler: Added entries to MIN_HISTORY_LEVEL for current txns: ([7]) with min_open_txn: 1
2024-04-23T20:52:45,738  INFO [main] lockmgr.DbTxnManager: Opened txnid:7
2024-04-23T20:52:45,739  INFO [main] parse.CalcitePlanner: Starting caching scope for: 
2024-04-23T20:52:45,739  INFO [main] parse.CalcitePlanner: Starting Semantic Analysis
2024-04-23T20:52:45,743  INFO [main] parse.CalcitePlanner: Creating table default.acidTbl position=13
2024-04-23T20:52:45,744  INFO [main] HiveMetaStore.audit: ugi=alex	ip=unknown-ip-addr	cmd=get_database: default	
2024-04-23T20:52:45,745  INFO [main] parse.CalcitePlanner: Ending caching scope for: 
2024-04-23T20:52:45,745  INFO [main] ql.Driver: Semantic Analysis Completed (retrial = false)
2024-04-23T20:52:45,745  INFO [main] ql.Driver: Created Hive schema: Schema(fieldSchemas:null, properties:null)
2024-04-23T20:52:45,745  INFO [main] metadata.Hive: Dumping metastore api call timing information for : compilation phase
2024-04-23T20:52:45,746  INFO [main] metadata.Hive: Total time spent in each metastore function (ms): {getDatabase_(String)=1, getValidWriteIds_(List, String)=4, isCompatibleWith_(Configuration)=0, getValidTxns_(long)=1, commitTxn_(CommitTxnRequest)=10, flushCache_()=0, openTxn_(String, TxnType)=1}
2024-04-23T20:52:45,746  INFO [main] ql.Driver: Completed compiling command(queryId=alex_20240423205245_78ab6849-40ec-45a5-beed-8fa4a0f82edd); Time taken: 0.009 seconds
2024-04-23T20:52:45,746  INFO [main] lockmgr.DbTxnManager: Setting lock request transaction to txnid:7 for queryId=alex_20240423205245_78ab6849-40ec-45a5-beed-8fa4a0f82edd
2024-04-23T20:52:45,746  INFO [main] lockmgr.DbLockManager: Requesting lock for queryId=alex_20240423205245_78ab6849-40ec-45a5-beed-8fa4a0f82edd
2024-04-23T20:52:45,762  INFO [main] lockmgr.DbLockManager: Response to queryId=alex_20240423205245_78ab6849-40ec-45a5-beed-8fa4a0f82edd LockResponse(lockid:1, state:ACQUIRED)
2024-04-23T20:52:45,762  INFO [main] ql.Driver: Operation CREATETABLE obtained 1 locks
2024-04-23T20:52:45,763  INFO [main] ql.Driver: Executing command(queryId=alex_20240423205245_78ab6849-40ec-45a5-beed-8fa4a0f82edd): create table acidTbl(a int, b int) clustered by (a) into 2 buckets stored as orc TBLPROPERTIES ('transactional'='true')
2024-04-23T20:52:45,763  INFO [main] ql.Driver: Starting task [Stage-0:DDL] in serial mode
2024-04-23T20:52:45,764  INFO [main] HiveMetaStore.audit: ugi=alex	ip=unknown-ip-addr	cmd=create_table_req: Table(tableName:acidTbl, dbName:default, owner:alex, createTime:1713930765, lastAccessTime:0, retention:0, sd:StorageDescriptor(cols:[FieldSchema(name:a, type:int, comment:null), FieldSchema(name:b, type:int, comment:null)], location:null, inputFormat:org.apache.hadoop.hive.ql.io.orc.OrcInputFormat, outputFormat:org.apache.hadoop.hive.ql.io.orc.OrcOutputFormat, compressed:false, numBuckets:2, serdeInfo:SerDeInfo(name:null, serializationLib:org.apache.hadoop.hive.ql.io.orc.OrcSerde, parameters:{serialization.format=1}), bucketCols:[a], sortCols:[], parameters:{}, skewedInfo:SkewedInfo(skewedColNames:[], skewedColValues:[], skewedColValueLocationMaps:{}), storedAsSubDirectories:false), partitionKeys:[], parameters:{numFilesErasureCoded=0, numFiles=0, bucketing_version=2, numRows=0, totalSize=0, rawDataSize=0, COLUMN_STATS_ACCURATE={"BASIC_STATS":"true","COLUMN_STATS":{"a":"true","b":"true"}}, transactional=true}, viewOriginalText:null, viewExpandedText:null, tableType:MANAGED_TABLE, privileges:PrincipalPrivilegeSet(userPrivileges:{alex=[PrivilegeGrantInfo(privilege:INSERT, createTime:-1, grantor:alex, grantorType:USER, grantOption:true), PrivilegeGrantInfo(privilege:SELECT, createTime:-1, grantor:alex, grantorType:USER, grantOption:true), PrivilegeGrantInfo(privilege:UPDATE, createTime:-1, grantor:alex, grantorType:USER, grantOption:true), PrivilegeGrantInfo(privilege:DELETE, createTime:-1, grantor:alex, grantorType:USER, grantOption:true)]}, groupPrivileges:null, rolePrivileges:null), temporary:false, catName:hive, ownerType:USER, writeId:0)	
2024-04-23T20:52:45,769  INFO [main] utils.FileUtils: Creating directory if it doesn't exist: file:/home/alex/Repositories/hive/ql/target/tmp/org.apache.hadoop.hive.ql.TestTxnNoBuckets-1713930630697/warehouse/acidtbl
2024-04-23T20:52:45,802  INFO [main] metadata.Hive: Dumping metastore api call timing information for : execution phase
2024-04-23T20:52:45,802  INFO [main] metadata.Hive: Total time spent in each metastore function (ms): {createTable_(Table)=38, isCompatibleWith_(Configuration)=0}
2024-04-23T20:52:45,802  INFO [main] ql.Driver: Completed executing command(queryId=alex_20240423205245_78ab6849-40ec-45a5-beed-8fa4a0f82edd); Time taken: 0.039 seconds
2024-04-23T20:52:45,802  INFO [main] lockmgr.DbTxnManager: Stopped heartbeat for query: alex_20240423205245_78ab6849-40ec-45a5-beed-8fa4a0f82edd
2024-04-23T20:52:45,806  INFO [main] txn.TxnHandler: Expected to move at least one record from txn_components to completed_txn_components when committing txn! txnid:7
2024-04-23T20:52:45,810  INFO [main] txn.TxnHandler: Removed transactions: ([7]) from MIN_HISTORY_LEVEL
2024-04-23T20:52:45,810  WARN [main] txn.CompactionTxnHandler: No compaction queue record found for Compaction type transaction commit. txnId:7
2024-04-23T20:52:45,811  INFO [main] ql.TxnCommandsBaseForTests: Running the query: create table acidTblPart(a int, b int) partitioned by (p string) clustered by (a) into 2 buckets stored as orc TBLPROPERTIES ('transactional'='true')
2024-04-23T20:52:45,811  INFO [main] ql.Driver: Compiling command(queryId=alex_20240423205245_bed5340a-44f6-4c59-9546-0c53d713a4a7): create table acidTblPart(a int, b int) partitioned by (p string) clustered by (a) into 2 buckets stored as orc TBLPROPERTIES ('transactional'='true')
2024-04-23T20:52:45,813  INFO [main] txn.TxnHandler: Added entries to MIN_HISTORY_LEVEL for current txns: ([8]) with min_open_txn: 1
2024-04-23T20:52:45,813  INFO [main] lockmgr.DbTxnManager: Opened txnid:8
2024-04-23T20:52:45,814  INFO [main] parse.CalcitePlanner: Starting caching scope for: 
2024-04-23T20:52:45,814  INFO [main] parse.CalcitePlanner: Starting Semantic Analysis
2024-04-23T20:52:45,816  INFO [main] parse.CalcitePlanner: Creating table default.acidTblPart position=13
2024-04-23T20:52:45,816  INFO [main] HiveMetaStore.audit: ugi=alex	ip=unknown-ip-addr	cmd=get_database: default	
2024-04-23T20:52:45,818  INFO [main] parse.CalcitePlanner: Ending caching scope for: 
2024-04-23T20:52:45,818  INFO [main] ql.Driver: Semantic Analysis Completed (retrial = false)
2024-04-23T20:52:45,818  INFO [main] ql.Driver: Created Hive schema: Schema(fieldSchemas:null, properties:null)
2024-04-23T20:52:45,818  INFO [main] metadata.Hive: Dumping metastore api call timing information for : compilation phase
2024-04-23T20:52:45,818  INFO [main] metadata.Hive: Total time spent in each metastore function (ms): {openTxn_(String, TxnType)=1, getValidWriteIds_(List, String)=2, isCompatibleWith_(Configuration)=2, getDatabase_(String)=2, flushCache_()=0, commitTxn_(CommitTxnRequest)=9, getValidTxns_(long)=0}
2024-04-23T20:52:45,818  INFO [main] ql.Driver: Completed compiling command(queryId=alex_20240423205245_bed5340a-44f6-4c59-9546-0c53d713a4a7); Time taken: 0.007 seconds
2024-04-23T20:52:45,819  INFO [main] lockmgr.DbTxnManager: Setting lock request transaction to txnid:8 for queryId=alex_20240423205245_bed5340a-44f6-4c59-9546-0c53d713a4a7
2024-04-23T20:52:45,819  INFO [main] lockmgr.DbLockManager: Requesting lock for queryId=alex_20240423205245_bed5340a-44f6-4c59-9546-0c53d713a4a7
2024-04-23T20:52:45,831  INFO [main] lockmgr.DbLockManager: Response to queryId=alex_20240423205245_bed5340a-44f6-4c59-9546-0c53d713a4a7 LockResponse(lockid:2, state:ACQUIRED)
2024-04-23T20:52:45,831  INFO [main] ql.Driver: Operation CREATETABLE obtained 1 locks
2024-04-23T20:52:45,832  INFO [main] ql.Driver: Executing command(queryId=alex_20240423205245_bed5340a-44f6-4c59-9546-0c53d713a4a7): create table acidTblPart(a int, b int) partitioned by (p string) clustered by (a) into 2 buckets stored as orc TBLPROPERTIES ('transactional'='true')
2024-04-23T20:52:45,832  INFO [main] ql.Driver: Starting task [Stage-0:DDL] in serial mode
2024-04-23T20:52:45,833  INFO [main] HiveMetaStore.audit: ugi=alex	ip=unknown-ip-addr	cmd=create_table_req: Table(tableName:acidTblPart, dbName:default, owner:alex, createTime:1713930765, lastAccessTime:0, retention:0, sd:StorageDescriptor(cols:[FieldSchema(name:a, type:int, comment:null), FieldSchema(name:b, type:int, comment:null)], location:null, inputFormat:org.apache.hadoop.hive.ql.io.orc.OrcInputFormat, outputFormat:org.apache.hadoop.hive.ql.io.orc.OrcOutputFormat, compressed:false, numBuckets:2, serdeInfo:SerDeInfo(name:null, serializationLib:org.apache.hadoop.hive.ql.io.orc.OrcSerde, parameters:{serialization.format=1}), bucketCols:[a], sortCols:[], parameters:{}, skewedInfo:SkewedInfo(skewedColNames:[], skewedColValues:[], skewedColValueLocationMaps:{}), storedAsSubDirectories:false), partitionKeys:[FieldSchema(name:p, type:string, comment:null)], parameters:{bucketing_version=2, transactional=true}, viewOriginalText:null, viewExpandedText:null, tableType:MANAGED_TABLE, privileges:PrincipalPrivilegeSet(userPrivileges:{alex=[PrivilegeGrantInfo(privilege:INSERT, createTime:-1, grantor:alex, grantorType:USER, grantOption:true), PrivilegeGrantInfo(privilege:SELECT, createTime:-1, grantor:alex, grantorType:USER, grantOption:true), PrivilegeGrantInfo(privilege:UPDATE, createTime:-1, grantor:alex, grantorType:USER, grantOption:true), PrivilegeGrantInfo(privilege:DELETE, createTime:-1, grantor:alex, grantorType:USER, grantOption:true)]}, groupPrivileges:null, rolePrivileges:null), temporary:false, catName:hive, ownerType:USER, writeId:0)	
2024-04-23T20:52:45,840  INFO [main] utils.FileUtils: Creating directory if it doesn't exist: file:/home/alex/Repositories/hive/ql/target/tmp/org.apache.hadoop.hive.ql.TestTxnNoBuckets-1713930630697/warehouse/acidtblpart
2024-04-23T20:52:45,855  INFO [main] metadata.Hive: Dumping metastore api call timing information for : execution phase
2024-04-23T20:52:45,855  INFO [main] metadata.Hive: Total time spent in each metastore function (ms): {createTable_(Table)=22, isCompatibleWith_(Configuration)=0}
2024-04-23T20:52:45,856  INFO [main] ql.Driver: Completed executing command(queryId=alex_20240423205245_bed5340a-44f6-4c59-9546-0c53d713a4a7); Time taken: 0.023 seconds
2024-04-23T20:52:45,856  INFO [main] lockmgr.DbTxnManager: Stopped heartbeat for query: alex_20240423205245_bed5340a-44f6-4c59-9546-0c53d713a4a7
2024-04-23T20:52:45,862  INFO [main] txn.TxnHandler: Expected to move at least one record from txn_components to completed_txn_components when committing txn! txnid:8
2024-04-23T20:52:45,871  INFO [main] txn.TxnHandler: Removed transactions: ([8]) from MIN_HISTORY_LEVEL
2024-04-23T20:52:45,871  WARN [main] txn.CompactionTxnHandler: No compaction queue record found for Compaction type transaction commit. txnId:8
2024-04-23T20:52:45,872  INFO [main] ql.TxnCommandsBaseForTests: Running the query: create table nonAcidOrcTbl(a int, b int) clustered by (a) into 2 buckets stored as orc TBLPROPERTIES ('transactional'='false')
2024-04-23T20:52:45,872  INFO [main] ql.Driver: Compiling command(queryId=alex_20240423205245_1cd50bd8-b23d-4e0e-8499-6822932d3d47): create table nonAcidOrcTbl(a int, b int) clustered by (a) into 2 buckets stored as orc TBLPROPERTIES ('transactional'='false')
2024-04-23T20:52:45,875  INFO [main] txn.TxnHandler: Added entries to MIN_HISTORY_LEVEL for current txns: ([9]) with min_open_txn: 1
2024-04-23T20:52:45,876  INFO [main] lockmgr.DbTxnManager: Opened txnid:9
2024-04-23T20:52:45,876  INFO [main] parse.CalcitePlanner: Starting caching scope for: 
2024-04-23T20:52:45,876  INFO [main] parse.CalcitePlanner: Starting Semantic Analysis
2024-04-23T20:52:45,880  INFO [main] parse.CalcitePlanner: Creating table default.nonAcidOrcTbl position=13
2024-04-23T20:52:45,880  INFO [main] HiveMetaStore.audit: ugi=alex	ip=unknown-ip-addr	cmd=get_database: default	
2024-04-23T20:52:45,882  INFO [main] parse.CalcitePlanner: Ending caching scope for: 
2024-04-23T20:52:45,883  INFO [main] ql.Driver: Semantic Analysis Completed (retrial = false)
2024-04-23T20:52:45,883  INFO [main] ql.Driver: Created Hive schema: Schema(fieldSchemas:null, properties:null)
2024-04-23T20:52:45,883  INFO [main] metadata.Hive: Dumping metastore api call timing information for : compilation phase
2024-04-23T20:52:45,883  INFO [main] metadata.Hive: Total time spent in each metastore function (ms): {flushCache_()=0, getValidTxns_(long)=0, getValidWriteIds_(List, String)=3, getDatabase_(String)=2, openTxn_(String, TxnType)=3, isCompatibleWith_(Configuration)=1, commitTxn_(CommitTxnRequest)=15}
2024-04-23T20:52:45,883  INFO [main] ql.Driver: Completed compiling command(queryId=alex_20240423205245_1cd50bd8-b23d-4e0e-8499-6822932d3d47); Time taken: 0.011 seconds
2024-04-23T20:52:45,884  INFO [main] lockmgr.DbTxnManager: Setting lock request transaction to txnid:9 for queryId=alex_20240423205245_1cd50bd8-b23d-4e0e-8499-6822932d3d47
2024-04-23T20:52:45,884  INFO [main] lockmgr.DbLockManager: Requesting lock for queryId=alex_20240423205245_1cd50bd8-b23d-4e0e-8499-6822932d3d47
2024-04-23T20:52:45,906  INFO [main] lockmgr.DbLockManager: Response to queryId=alex_20240423205245_1cd50bd8-b23d-4e0e-8499-6822932d3d47 LockResponse(lockid:3, state:ACQUIRED)
2024-04-23T20:52:45,906  INFO [main] ql.Driver: Operation CREATETABLE obtained 1 locks
2024-04-23T20:52:45,906  INFO [main] ql.Driver: Executing command(queryId=alex_20240423205245_1cd50bd8-b23d-4e0e-8499-6822932d3d47): create table nonAcidOrcTbl(a int, b int) clustered by (a) into 2 buckets stored as orc TBLPROPERTIES ('transactional'='false')
2024-04-23T20:52:45,906  INFO [main] ql.Driver: Starting task [Stage-0:DDL] in serial mode
2024-04-23T20:52:45,907  INFO [main] HiveMetaStore.audit: ugi=alex	ip=unknown-ip-addr	cmd=create_table_req: Table(tableName:nonAcidOrcTbl, dbName:default, owner:alex, createTime:1713930765, lastAccessTime:0, retention:0, sd:StorageDescriptor(cols:[FieldSchema(name:a, type:int, comment:null), FieldSchema(name:b, type:int, comment:null)], location:null, inputFormat:org.apache.hadoop.hive.ql.io.orc.OrcInputFormat, outputFormat:org.apache.hadoop.hive.ql.io.orc.OrcOutputFormat, compressed:false, numBuckets:2, serdeInfo:SerDeInfo(name:null, serializationLib:org.apache.hadoop.hive.ql.io.orc.OrcSerde, parameters:{serialization.format=1}), bucketCols:[a], sortCols:[], parameters:{}, skewedInfo:SkewedInfo(skewedColNames:[], skewedColValues:[], skewedColValueLocationMaps:{}), storedAsSubDirectories:false), partitionKeys:[], parameters:{numRows=0, rawDataSize=0, bucketing_version=2, totalSize=0, transactional=false, numFiles=0, numFilesErasureCoded=0, COLUMN_STATS_ACCURATE={"BASIC_STATS":"true","COLUMN_STATS":{"a":"true","b":"true"}}}, viewOriginalText:null, viewExpandedText:null, tableType:MANAGED_TABLE, privileges:PrincipalPrivilegeSet(userPrivileges:{alex=[PrivilegeGrantInfo(privilege:INSERT, createTime:-1, grantor:alex, grantorType:USER, grantOption:true), PrivilegeGrantInfo(privilege:SELECT, createTime:-1, grantor:alex, grantorType:USER, grantOption:true), PrivilegeGrantInfo(privilege:UPDATE, createTime:-1, grantor:alex, grantorType:USER, grantOption:true), PrivilegeGrantInfo(privilege:DELETE, createTime:-1, grantor:alex, grantorType:USER, grantOption:true)]}, groupPrivileges:null, rolePrivileges:null), temporary:false, catName:hive, ownerType:USER)	
2024-04-23T20:52:45,915  INFO [main] utils.FileUtils: Creating directory if it doesn't exist: file:/home/alex/Repositories/hive/ql/target/tmp/org.apache.hadoop.hive.ql.TestTxnNoBuckets-1713930630697/warehouse/nonacidorctbl
2024-04-23T20:52:45,933  INFO [main] metadata.Hive: Dumping metastore api call timing information for : execution phase
2024-04-23T20:52:45,933  INFO [main] metadata.Hive: Total time spent in each metastore function (ms): {createTable_(Table)=26, isCompatibleWith_(Configuration)=0}
2024-04-23T20:52:45,933  INFO [main] ql.Driver: Completed executing command(queryId=alex_20240423205245_1cd50bd8-b23d-4e0e-8499-6822932d3d47); Time taken: 0.027 seconds
2024-04-23T20:52:45,933  INFO [main] lockmgr.DbTxnManager: Stopped heartbeat for query: alex_20240423205245_1cd50bd8-b23d-4e0e-8499-6822932d3d47
2024-04-23T20:52:45,937  INFO [main] txn.TxnHandler: Expected to move at least one record from txn_components to completed_txn_components when committing txn! txnid:9
2024-04-23T20:52:45,943  INFO [main] txn.TxnHandler: Removed transactions: ([9]) from MIN_HISTORY_LEVEL
2024-04-23T20:52:45,943  WARN [main] txn.CompactionTxnHandler: No compaction queue record found for Compaction type transaction commit. txnId:9
2024-04-23T20:52:45,944  INFO [main] ql.TxnCommandsBaseForTests: Running the query: create table nonAcidOrcTbl2(a int, b int) clustered by (a) into 2 buckets stored as orc TBLPROPERTIES ('transactional'='false')
2024-04-23T20:52:45,944  INFO [main] ql.Driver: Compiling command(queryId=alex_20240423205245_6d3de13e-03ed-4819-84fa-8054a9c8aadf): create table nonAcidOrcTbl2(a int, b int) clustered by (a) into 2 buckets stored as orc TBLPROPERTIES ('transactional'='false')
2024-04-23T20:52:45,947  INFO [main] txn.TxnHandler: Added entries to MIN_HISTORY_LEVEL for current txns: ([10]) with min_open_txn: 1
2024-04-23T20:52:45,948  INFO [main] lockmgr.DbTxnManager: Opened txnid:10
2024-04-23T20:52:45,949  INFO [main] parse.CalcitePlanner: Starting caching scope for: 
2024-04-23T20:52:45,949  INFO [main] parse.CalcitePlanner: Starting Semantic Analysis
2024-04-23T20:52:45,952  INFO [main] parse.CalcitePlanner: Creating table default.nonAcidOrcTbl2 position=13
2024-04-23T20:52:45,953  INFO [main] HiveMetaStore.audit: ugi=alex	ip=unknown-ip-addr	cmd=get_database: default	
2024-04-23T20:52:45,955  INFO [main] parse.CalcitePlanner: Ending caching scope for: 
2024-04-23T20:52:45,955  INFO [main] ql.Driver: Semantic Analysis Completed (retrial = false)
2024-04-23T20:52:45,956  INFO [main] ql.Driver: Created Hive schema: Schema(fieldSchemas:null, properties:null)
2024-04-23T20:52:45,956  INFO [main] metadata.Hive: Dumping metastore api call timing information for : compilation phase
2024-04-23T20:52:45,956  INFO [main] metadata.Hive: Total time spent in each metastore function (ms): {commitTxn_(CommitTxnRequest)=11, openTxn_(String, TxnType)=3, getDatabase_(String)=3, isCompatibleWith_(Configuration)=0, getValidTxns_(long)=1, flushCache_()=0, getValidWriteIds_(List, String)=3}
2024-04-23T20:52:45,956  INFO [main] ql.Driver: Completed compiling command(queryId=alex_20240423205245_6d3de13e-03ed-4819-84fa-8054a9c8aadf); Time taken: 0.012 seconds
2024-04-23T20:52:45,956  INFO [main] lockmgr.DbTxnManager: Setting lock request transaction to txnid:10 for queryId=alex_20240423205245_6d3de13e-03ed-4819-84fa-8054a9c8aadf
2024-04-23T20:52:45,957  INFO [main] lockmgr.DbLockManager: Requesting lock for queryId=alex_20240423205245_6d3de13e-03ed-4819-84fa-8054a9c8aadf
2024-04-23T20:52:45,975  INFO [main] lockmgr.DbLockManager: Response to queryId=alex_20240423205245_6d3de13e-03ed-4819-84fa-8054a9c8aadf LockResponse(lockid:4, state:ACQUIRED)
2024-04-23T20:52:45,975  INFO [main] ql.Driver: Operation CREATETABLE obtained 1 locks
2024-04-23T20:52:45,976  INFO [main] ql.Driver: Executing command(queryId=alex_20240423205245_6d3de13e-03ed-4819-84fa-8054a9c8aadf): create table nonAcidOrcTbl2(a int, b int) clustered by (a) into 2 buckets stored as orc TBLPROPERTIES ('transactional'='false')
2024-04-23T20:52:45,976  INFO [main] ql.Driver: Starting task [Stage-0:DDL] in serial mode
2024-04-23T20:52:45,977  INFO [main] HiveMetaStore.audit: ugi=alex	ip=unknown-ip-addr	cmd=create_table_req: Table(tableName:nonAcidOrcTbl2, dbName:default, owner:alex, createTime:1713930765, lastAccessTime:0, retention:0, sd:StorageDescriptor(cols:[FieldSchema(name:a, type:int, comment:null), FieldSchema(name:b, type:int, comment:null)], location:null, inputFormat:org.apache.hadoop.hive.ql.io.orc.OrcInputFormat, outputFormat:org.apache.hadoop.hive.ql.io.orc.OrcOutputFormat, compressed:false, numBuckets:2, serdeInfo:SerDeInfo(name:null, serializationLib:org.apache.hadoop.hive.ql.io.orc.OrcSerde, parameters:{serialization.format=1}), bucketCols:[a], sortCols:[], parameters:{}, skewedInfo:SkewedInfo(skewedColNames:[], skewedColValues:[], skewedColValueLocationMaps:{}), storedAsSubDirectories:false), partitionKeys:[], parameters:{rawDataSize=0, bucketing_version=2, numRows=0, totalSize=0, numFiles=0, numFilesErasureCoded=0, transactional=false, COLUMN_STATS_ACCURATE={"BASIC_STATS":"true","COLUMN_STATS":{"a":"true","b":"true"}}}, viewOriginalText:null, viewExpandedText:null, tableType:MANAGED_TABLE, privileges:PrincipalPrivilegeSet(userPrivileges:{alex=[PrivilegeGrantInfo(privilege:INSERT, createTime:-1, grantor:alex, grantorType:USER, grantOption:true), PrivilegeGrantInfo(privilege:SELECT, createTime:-1, grantor:alex, grantorType:USER, grantOption:true), PrivilegeGrantInfo(privilege:UPDATE, createTime:-1, grantor:alex, grantorType:USER, grantOption:true), PrivilegeGrantInfo(privilege:DELETE, createTime:-1, grantor:alex, grantorType:USER, grantOption:true)]}, groupPrivileges:null, rolePrivileges:null), temporary:false, catName:hive, ownerType:USER)	
2024-04-23T20:52:45,983  INFO [main] utils.FileUtils: Creating directory if it doesn't exist: file:/home/alex/Repositories/hive/ql/target/tmp/org.apache.hadoop.hive.ql.TestTxnNoBuckets-1713930630697/warehouse/nonacidorctbl2
2024-04-23T20:52:45,997  INFO [main] metadata.Hive: Dumping metastore api call timing information for : execution phase
2024-04-23T20:52:45,997  INFO [main] metadata.Hive: Total time spent in each metastore function (ms): {isCompatibleWith_(Configuration)=0, createTable_(Table)=20}
2024-04-23T20:52:45,998  INFO [main] ql.Driver: Completed executing command(queryId=alex_20240423205245_6d3de13e-03ed-4819-84fa-8054a9c8aadf); Time taken: 0.021 seconds
2024-04-23T20:52:45,998  INFO [main] lockmgr.DbTxnManager: Stopped heartbeat for query: alex_20240423205245_6d3de13e-03ed-4819-84fa-8054a9c8aadf
2024-04-23T20:52:46,001  INFO [main] txn.TxnHandler: Expected to move at least one record from txn_components to completed_txn_components when committing txn! txnid:10
2024-04-23T20:52:46,006  INFO [main] txn.TxnHandler: Removed transactions: ([10]) from MIN_HISTORY_LEVEL
2024-04-23T20:52:46,006  WARN [main] txn.CompactionTxnHandler: No compaction queue record found for Compaction type transaction commit. txnId:10
2024-04-23T20:52:46,007  INFO [main] ql.TxnCommandsBaseForTests: Running the query: create temporary  table acidTbl2(a int, b int, c int) clustered by (c) into 2 buckets stored as orc TBLPROPERTIES ('transactional'='true')
2024-04-23T20:52:46,007  INFO [main] ql.Driver: Compiling command(queryId=alex_20240423205246_75e1fc1f-9635-4479-a42d-a278b48526f8): create temporary  table acidTbl2(a int, b int, c int) clustered by (c) into 2 buckets stored as orc TBLPROPERTIES ('transactional'='true')
2024-04-23T20:52:46,010  INFO [main] txn.TxnHandler: Added entries to MIN_HISTORY_LEVEL for current txns: ([11]) with min_open_txn: 1
2024-04-23T20:52:46,010  INFO [main] lockmgr.DbTxnManager: Opened txnid:11
2024-04-23T20:52:46,010  INFO [main] parse.CalcitePlanner: Starting caching scope for: 
2024-04-23T20:52:46,010  INFO [main] parse.CalcitePlanner: Starting Semantic Analysis
2024-04-23T20:52:46,013  INFO [main] parse.CalcitePlanner: Creating table default.acidTbl2 position=24
2024-04-23T20:52:46,013  INFO [main] HiveMetaStore.audit: ugi=alex	ip=unknown-ip-addr	cmd=get_database: default	
2024-04-23T20:52:46,015  INFO [main] parse.CalcitePlanner: Ending caching scope for: 
2024-04-23T20:52:46,015  INFO [main] ql.Driver: Semantic Analysis Completed (retrial = false)
2024-04-23T20:52:46,015  INFO [main] ql.Driver: Created Hive schema: Schema(fieldSchemas:null, properties:null)
2024-04-23T20:52:46,015  INFO [main] metadata.Hive: Dumping metastore api call timing information for : compilation phase
2024-04-23T20:52:46,015  INFO [main] metadata.Hive: Total time spent in each metastore function (ms): {isCompatibleWith_(Configuration)=1, getDatabase_(String)=2, openTxn_(String, TxnType)=2, getValidWriteIds_(List, String)=2, commitTxn_(CommitTxnRequest)=9, getValidTxns_(long)=0, flushCache_()=0}
2024-04-23T20:52:46,015  INFO [main] ql.Driver: Completed compiling command(queryId=alex_20240423205246_75e1fc1f-9635-4479-a42d-a278b48526f8); Time taken: 0.008 seconds
2024-04-23T20:52:46,015  INFO [main] lockmgr.DbTxnManager: Setting lock request transaction to txnid:11 for queryId=alex_20240423205246_75e1fc1f-9635-4479-a42d-a278b48526f8
2024-04-23T20:52:46,016  INFO [main] lockmgr.DbLockManager: Requesting lock for queryId=alex_20240423205246_75e1fc1f-9635-4479-a42d-a278b48526f8
2024-04-23T20:52:46,028  INFO [main] lockmgr.DbLockManager: Response to queryId=alex_20240423205246_75e1fc1f-9635-4479-a42d-a278b48526f8 LockResponse(lockid:5, state:ACQUIRED)
2024-04-23T20:52:46,028  INFO [main] ql.Driver: Operation CREATETABLE obtained 1 locks
2024-04-23T20:52:46,029  INFO [main] ql.Driver: Executing command(queryId=alex_20240423205246_75e1fc1f-9635-4479-a42d-a278b48526f8): create temporary  table acidTbl2(a int, b int, c int) clustered by (c) into 2 buckets stored as orc TBLPROPERTIES ('transactional'='true')
2024-04-23T20:52:46,029  INFO [main] ql.Driver: Starting task [Stage-0:DDL] in serial mode
2024-04-23T20:52:46,031  INFO [main] utils.FileUtils: Creating directory if it doesn't exist: file:/home/alex/Repositories/hive/ql/target/tmp/scratchdir/alex/23dbae2e-cee9-4d4d-b4a3-8a660c581501/_tmp_space.db/78a2b101-1962-453f-bd7e-fe90a30a51db
2024-04-23T20:52:46,033  INFO [main] metadata.Hive: Dumping metastore api call timing information for : execution phase
2024-04-23T20:52:46,033  INFO [main] metadata.Hive: Total time spent in each metastore function (ms): {isCompatibleWith_(Configuration)=0, createTable_(Table)=3}
2024-04-23T20:52:46,034  INFO [main] ql.Driver: Completed executing command(queryId=alex_20240423205246_75e1fc1f-9635-4479-a42d-a278b48526f8); Time taken: 0.004 seconds
2024-04-23T20:52:46,034  INFO [main] lockmgr.DbTxnManager: Stopped heartbeat for query: alex_20240423205246_75e1fc1f-9635-4479-a42d-a278b48526f8
2024-04-23T20:52:46,037  INFO [main] txn.TxnHandler: Expected to move at least one record from txn_components to completed_txn_components when committing txn! txnid:11
2024-04-23T20:52:46,042  INFO [main] txn.TxnHandler: Removed transactions: ([11]) from MIN_HISTORY_LEVEL
2024-04-23T20:52:46,042  WARN [main] txn.CompactionTxnHandler: No compaction queue record found for Compaction type transaction commit. txnId:11
2024-04-23T20:52:46,043  INFO [main] ql.TxnCommandsBaseForTests: Running the query: create table nonAcidNonBucket(a int, b int) stored as orc TBLPROPERTIES ('transactional'='false')
2024-04-23T20:52:46,043  INFO [main] ql.Driver: Compiling command(queryId=alex_20240423205246_024dad23-ec35-4279-825a-f3afa7aeefa1): create table nonAcidNonBucket(a int, b int) stored as orc TBLPROPERTIES ('transactional'='false')
2024-04-23T20:52:46,045  INFO [main] txn.TxnHandler: Added entries to MIN_HISTORY_LEVEL for current txns: ([12]) with min_open_txn: 1
2024-04-23T20:52:46,046  INFO [main] lockmgr.DbTxnManager: Opened txnid:12
2024-04-23T20:52:46,046  INFO [main] parse.CalcitePlanner: Starting caching scope for: 
2024-04-23T20:52:46,046  INFO [main] parse.CalcitePlanner: Starting Semantic Analysis
2024-04-23T20:52:46,048  INFO [main] parse.CalcitePlanner: Creating table default.nonAcidNonBucket position=13
2024-04-23T20:52:46,049  INFO [main] HiveMetaStore.audit: ugi=alex	ip=unknown-ip-addr	cmd=get_database: default	
2024-04-23T20:52:46,050  INFO [main] parse.CalcitePlanner: Ending caching scope for: 
2024-04-23T20:52:46,050  INFO [main] ql.Driver: Semantic Analysis Completed (retrial = false)
2024-04-23T20:52:46,050  INFO [main] ql.Driver: Created Hive schema: Schema(fieldSchemas:null, properties:null)
2024-04-23T20:52:46,050  INFO [main] metadata.Hive: Dumping metastore api call timing information for : compilation phase
2024-04-23T20:52:46,050  INFO [main] metadata.Hive: Total time spent in each metastore function (ms): {openTxn_(String, TxnType)=2, getDatabase_(String)=2, getValidTxns_(long)=0, isCompatibleWith_(Configuration)=0, getValidWriteIds_(List, String)=2, commitTxn_(CommitTxnRequest)=9, flushCache_()=1}
2024-04-23T20:52:46,051  INFO [main] ql.Driver: Completed compiling command(queryId=alex_20240423205246_024dad23-ec35-4279-825a-f3afa7aeefa1); Time taken: 0.007 seconds
2024-04-23T20:52:46,051  INFO [main] lockmgr.DbTxnManager: Setting lock request transaction to txnid:12 for queryId=alex_20240423205246_024dad23-ec35-4279-825a-f3afa7aeefa1
2024-04-23T20:52:46,051  INFO [main] lockmgr.DbLockManager: Requesting lock for queryId=alex_20240423205246_024dad23-ec35-4279-825a-f3afa7aeefa1
2024-04-23T20:52:46,065  INFO [main] lockmgr.DbLockManager: Response to queryId=alex_20240423205246_024dad23-ec35-4279-825a-f3afa7aeefa1 LockResponse(lockid:6, state:ACQUIRED)
2024-04-23T20:52:46,065  INFO [main] ql.Driver: Operation CREATETABLE obtained 1 locks
2024-04-23T20:52:46,065  INFO [main] ql.Driver: Executing command(queryId=alex_20240423205246_024dad23-ec35-4279-825a-f3afa7aeefa1): create table nonAcidNonBucket(a int, b int) stored as orc TBLPROPERTIES ('transactional'='false')
2024-04-23T20:52:46,065  INFO [main] ql.Driver: Starting task [Stage-0:DDL] in serial mode
2024-04-23T20:52:46,066  INFO [main] HiveMetaStore.audit: ugi=alex	ip=unknown-ip-addr	cmd=create_table_req: Table(tableName:nonAcidNonBucket, dbName:default, owner:alex, createTime:1713930766, lastAccessTime:0, retention:0, sd:StorageDescriptor(cols:[FieldSchema(name:a, type:int, comment:null), FieldSchema(name:b, type:int, comment:null)], location:null, inputFormat:org.apache.hadoop.hive.ql.io.orc.OrcInputFormat, outputFormat:org.apache.hadoop.hive.ql.io.orc.OrcOutputFormat, compressed:false, numBuckets:-1, serdeInfo:SerDeInfo(name:null, serializationLib:org.apache.hadoop.hive.ql.io.orc.OrcSerde, parameters:{serialization.format=1}), bucketCols:[], sortCols:[], parameters:{}, skewedInfo:SkewedInfo(skewedColNames:[], skewedColValues:[], skewedColValueLocationMaps:{}), storedAsSubDirectories:false), partitionKeys:[], parameters:{rawDataSize=0, numFiles=0, numFilesErasureCoded=0, bucketing_version=2, COLUMN_STATS_ACCURATE={"BASIC_STATS":"true","COLUMN_STATS":{"a":"true","b":"true"}}, totalSize=0, numRows=0, transactional=false}, viewOriginalText:null, viewExpandedText:null, tableType:MANAGED_TABLE, privileges:PrincipalPrivilegeSet(userPrivileges:{alex=[PrivilegeGrantInfo(privilege:INSERT, createTime:-1, grantor:alex, grantorType:USER, grantOption:true), PrivilegeGrantInfo(privilege:SELECT, createTime:-1, grantor:alex, grantorType:USER, grantOption:true), PrivilegeGrantInfo(privilege:UPDATE, createTime:-1, grantor:alex, grantorType:USER, grantOption:true), PrivilegeGrantInfo(privilege:DELETE, createTime:-1, grantor:alex, grantorType:USER, grantOption:true)]}, groupPrivileges:null, rolePrivileges:null), temporary:false, catName:hive, ownerType:USER)	
2024-04-23T20:52:46,072  INFO [main] utils.FileUtils: Creating directory if it doesn't exist: file:/home/alex/Repositories/hive/ql/target/tmp/org.apache.hadoop.hive.ql.TestTxnNoBuckets-1713930630697/warehouse/nonacidnonbucket
2024-04-23T20:52:46,086  INFO [main] metadata.Hive: Dumping metastore api call timing information for : execution phase
2024-04-23T20:52:46,086  INFO [main] metadata.Hive: Total time spent in each metastore function (ms): {isCompatibleWith_(Configuration)=0, createTable_(Table)=21}
2024-04-23T20:52:46,087  INFO [main] ql.Driver: Completed executing command(queryId=alex_20240423205246_024dad23-ec35-4279-825a-f3afa7aeefa1); Time taken: 0.021 seconds
2024-04-23T20:52:46,087  INFO [main] lockmgr.DbTxnManager: Stopped heartbeat for query: alex_20240423205246_024dad23-ec35-4279-825a-f3afa7aeefa1
2024-04-23T20:52:46,091  INFO [main] txn.TxnHandler: Expected to move at least one record from txn_components to completed_txn_components when committing txn! txnid:12
2024-04-23T20:52:46,097  INFO [main] txn.TxnHandler: Removed transactions: ([12]) from MIN_HISTORY_LEVEL
2024-04-23T20:52:46,097  WARN [main] txn.CompactionTxnHandler: No compaction queue record found for Compaction type transaction commit. txnId:12
2024-04-23T20:52:46,097  INFO [main] ql.TxnCommandsBaseForTests: Running the query: drop table if exists tmp
2024-04-23T20:52:46,098  INFO [main] ql.Driver: Compiling command(queryId=alex_20240423205246_bb689d5a-a85e-42b0-bf16-bcf19def8310): drop table if exists tmp
2024-04-23T20:52:46,100  INFO [main] txn.TxnHandler: Added entries to MIN_HISTORY_LEVEL for current txns: ([13]) with min_open_txn: 1
2024-04-23T20:52:46,100  INFO [main] lockmgr.DbTxnManager: Opened txnid:13
2024-04-23T20:52:46,101  INFO [main] HiveMetaStore.audit: ugi=alex	ip=unknown-ip-addr	cmd=get_table : tbl=hive.default.tmp	
2024-04-23T20:52:46,132  INFO [main] metastore.HMSHandler: Skipping translation for processor with null
2024-04-23T20:52:46,133  INFO [main] ql.Driver: Semantic Analysis Completed (retrial = false)
2024-04-23T20:52:46,133  INFO [main] ql.Driver: Created Hive schema: Schema(fieldSchemas:null, properties:null)
2024-04-23T20:52:46,133  INFO [main] metadata.Hive: Dumping metastore api call timing information for : compilation phase
2024-04-23T20:52:46,133  INFO [main] metadata.Hive: Total time spent in each metastore function (ms): {flushCache_()=0, isCompatibleWith_(Configuration)=0, openTxn_(String, TxnType)=2, commitTxn_(CommitTxnRequest)=10, getTable_(GetTableRequest)=32, getValidTxns_(long)=0}
2024-04-23T20:52:46,133  INFO [main] ql.Driver: Completed compiling command(queryId=alex_20240423205246_bb689d5a-a85e-42b0-bf16-bcf19def8310); Time taken: 0.035 seconds
2024-04-23T20:52:46,133  INFO [main] lockmgr.DbTxnManager: Setting lock request transaction to txnid:13 for queryId=alex_20240423205246_bb689d5a-a85e-42b0-bf16-bcf19def8310
2024-04-23T20:52:46,134  INFO [main] lockmgr.DbLockManager: Requesting lock for queryId=alex_20240423205246_bb689d5a-a85e-42b0-bf16-bcf19def8310
2024-04-23T20:52:46,151  INFO [main] lockmgr.DbLockManager: Response to queryId=alex_20240423205246_bb689d5a-a85e-42b0-bf16-bcf19def8310 LockResponse(lockid:7, state:ACQUIRED)
2024-04-23T20:52:46,151  INFO [main] ql.Driver: Operation DROPTABLE obtained 1 locks
2024-04-23T20:52:46,151  INFO [main] ql.Driver: Executing command(queryId=alex_20240423205246_bb689d5a-a85e-42b0-bf16-bcf19def8310): drop table if exists tmp
2024-04-23T20:52:46,151  INFO [main] ql.Driver: Starting task [Stage-0:DDL] in serial mode
2024-04-23T20:52:46,152  INFO [main] HiveMetaStore.audit: ugi=alex	ip=unknown-ip-addr	cmd=get_table : tbl=hive.default.tmp	
2024-04-23T20:52:46,161  INFO [main] metastore.HMSHandler: Skipping translation for processor with null
2024-04-23T20:52:46,161  INFO [main] HiveMetaStore.audit: ugi=alex	ip=unknown-ip-addr	cmd=get_table : tbl=hive.default.tmp	
2024-04-23T20:52:46,170  INFO [main] metastore.HMSHandler: Skipping translation for processor with null
2024-04-23T20:52:46,170  INFO [main] HiveMetaStore.audit: ugi=alex	ip=unknown-ip-addr	cmd=drop_table : tbl=hive.default.tmp	
2024-04-23T20:52:46,319  WARN [main] utils.FileUtils: File file:/home/alex/Repositories/hive/ql/target/tmp/org.apache.hadoop.hive.ql.TestTxnNoBuckets-1713930630697/warehouse/tmp does not exist; Force to delete it.
2024-04-23T20:52:46,319 ERROR [main] utils.FileUtils: Failed to delete file:/home/alex/Repositories/hive/ql/target/tmp/org.apache.hadoop.hive.ql.TestTxnNoBuckets-1713930630697/warehouse/tmp
2024-04-23T20:52:46,320  INFO [main] metadata.Hive: Dumping metastore api call timing information for : execution phase
2024-04-23T20:52:46,320  INFO [main] metadata.Hive: Total time spent in each metastore function (ms): {getTable_(GetTableRequest)=10, isCompatibleWith_(Configuration)=0, dropTable_(String, String, boolean, boolean, boolean)=158}
2024-04-23T20:52:46,320  INFO [main] ql.Driver: Completed executing command(queryId=alex_20240423205246_bb689d5a-a85e-42b0-bf16-bcf19def8310); Time taken: 0.169 seconds
2024-04-23T20:52:46,320  INFO [main] lockmgr.DbTxnManager: Stopped heartbeat for query: alex_20240423205246_bb689d5a-a85e-42b0-bf16-bcf19def8310
2024-04-23T20:52:46,324  INFO [main] txn.TxnHandler: Expected to move at least one record from txn_components to completed_txn_components when committing txn! txnid:13
2024-04-23T20:52:46,330  INFO [main] txn.TxnHandler: Removed transactions: ([13]) from MIN_HISTORY_LEVEL
2024-04-23T20:52:46,332  WARN [main] txn.CompactionTxnHandler: No compaction queue record found for Compaction type transaction commit. txnId:13
2024-04-23T20:52:46,333  INFO [main] ql.TxnCommandsBaseForTests: Running the query: create table tmp (c1 integer, c2 integer, c3 integer) stored as orc tblproperties('transactional'='false')
2024-04-23T20:52:46,333  INFO [main] ql.Driver: Compiling command(queryId=alex_20240423205246_96c79bcb-3a71-4482-b457-d5f524584b04): create table tmp (c1 integer, c2 integer, c3 integer) stored as orc tblproperties('transactional'='false')
2024-04-23T20:52:46,341  INFO [main] txn.TxnHandler: Added entries to MIN_HISTORY_LEVEL for current txns: ([14]) with min_open_txn: 1
2024-04-23T20:52:46,341  INFO [main] lockmgr.DbTxnManager: Opened txnid:14
2024-04-23T20:52:46,344  INFO [main] parse.CalcitePlanner: Starting caching scope for: 
2024-04-23T20:52:46,344  INFO [main] parse.CalcitePlanner: Starting Semantic Analysis
2024-04-23T20:52:46,349  INFO [main] parse.CalcitePlanner: Creating table default.tmp position=13
2024-04-23T20:52:46,349  INFO [main] HiveMetaStore.audit: ugi=alex	ip=unknown-ip-addr	cmd=get_database: default	
2024-04-23T20:52:46,351  INFO [main] parse.CalcitePlanner: Ending caching scope for: 
2024-04-23T20:52:46,351  INFO [main] ql.Driver: Semantic Analysis Completed (retrial = false)
2024-04-23T20:52:46,351  INFO [main] ql.Driver: Created Hive schema: Schema(fieldSchemas:null, properties:null)
2024-04-23T20:52:46,351  INFO [main] metadata.Hive: Dumping metastore api call timing information for : compilation phase
2024-04-23T20:52:46,351  INFO [main] metadata.Hive: Total time spent in each metastore function (ms): {commitTxn_(CommitTxnRequest)=12, getDatabase_(String)=2, flushCache_()=0, getValidTxns_(long)=2, getValidWriteIds_(List, String)=5, openTxn_(String, TxnType)=7, isCompatibleWith_(Configuration)=0}
2024-04-23T20:52:46,352  INFO [main] ql.Driver: Completed compiling command(queryId=alex_20240423205246_96c79bcb-3a71-4482-b457-d5f524584b04); Time taken: 0.018 seconds
2024-04-23T20:52:46,352  INFO [main] lockmgr.DbTxnManager: Setting lock request transaction to txnid:14 for queryId=alex_20240423205246_96c79bcb-3a71-4482-b457-d5f524584b04
2024-04-23T20:52:46,352  INFO [main] lockmgr.DbLockManager: Requesting lock for queryId=alex_20240423205246_96c79bcb-3a71-4482-b457-d5f524584b04
2024-04-23T20:52:46,366  INFO [main] lockmgr.DbLockManager: Response to queryId=alex_20240423205246_96c79bcb-3a71-4482-b457-d5f524584b04 LockResponse(lockid:8, state:ACQUIRED)
2024-04-23T20:52:46,366  INFO [main] ql.Driver: Operation CREATETABLE obtained 1 locks
2024-04-23T20:52:46,366  INFO [main] ql.Driver: Executing command(queryId=alex_20240423205246_96c79bcb-3a71-4482-b457-d5f524584b04): create table tmp (c1 integer, c2 integer, c3 integer) stored as orc tblproperties('transactional'='false')
2024-04-23T20:52:46,366  INFO [main] ql.Driver: Starting task [Stage-0:DDL] in serial mode
2024-04-23T20:52:46,367  INFO [main] HiveMetaStore.audit: ugi=alex	ip=unknown-ip-addr	cmd=create_table_req: Table(tableName:tmp, dbName:default, owner:alex, createTime:1713930766, lastAccessTime:0, retention:0, sd:StorageDescriptor(cols:[FieldSchema(name:c1, type:int, comment:null), FieldSchema(name:c2, type:int, comment:null), FieldSchema(name:c3, type:int, comment:null)], location:null, inputFormat:org.apache.hadoop.hive.ql.io.orc.OrcInputFormat, outputFormat:org.apache.hadoop.hive.ql.io.orc.OrcOutputFormat, compressed:false, numBuckets:-1, serdeInfo:SerDeInfo(name:null, serializationLib:org.apache.hadoop.hive.ql.io.orc.OrcSerde, parameters:{serialization.format=1}), bucketCols:[], sortCols:[], parameters:{}, skewedInfo:SkewedInfo(skewedColNames:[], skewedColValues:[], skewedColValueLocationMaps:{}), storedAsSubDirectories:false), partitionKeys:[], parameters:{transactional=false, numFilesErasureCoded=0, rawDataSize=0, COLUMN_STATS_ACCURATE={"BASIC_STATS":"true","COLUMN_STATS":{"c1":"true","c2":"true","c3":"true"}}, numFiles=0, bucketing_version=2, numRows=0, totalSize=0}, viewOriginalText:null, viewExpandedText:null, tableType:MANAGED_TABLE, privileges:PrincipalPrivilegeSet(userPrivileges:{alex=[PrivilegeGrantInfo(privilege:INSERT, createTime:-1, grantor:alex, grantorType:USER, grantOption:true), PrivilegeGrantInfo(privilege:SELECT, createTime:-1, grantor:alex, grantorType:USER, grantOption:true), PrivilegeGrantInfo(privilege:UPDATE, createTime:-1, grantor:alex, grantorType:USER, grantOption:true), PrivilegeGrantInfo(privilege:DELETE, createTime:-1, grantor:alex, grantorType:USER, grantOption:true)]}, groupPrivileges:null, rolePrivileges:null), temporary:false, catName:hive, ownerType:USER)	
2024-04-23T20:52:46,373  INFO [main] utils.FileUtils: Creating directory if it doesn't exist: file:/home/alex/Repositories/hive/ql/target/tmp/org.apache.hadoop.hive.ql.TestTxnNoBuckets-1713930630697/warehouse/tmp
2024-04-23T20:52:46,406  INFO [main] metadata.Hive: Dumping metastore api call timing information for : execution phase
2024-04-23T20:52:46,406  INFO [main] metadata.Hive: Total time spent in each metastore function (ms): {isCompatibleWith_(Configuration)=0, createTable_(Table)=39}
2024-04-23T20:52:46,406  INFO [main] ql.Driver: Completed executing command(queryId=alex_20240423205246_96c79bcb-3a71-4482-b457-d5f524584b04); Time taken: 0.04 seconds
2024-04-23T20:52:46,406  INFO [main] lockmgr.DbTxnManager: Stopped heartbeat for query: alex_20240423205246_96c79bcb-3a71-4482-b457-d5f524584b04
2024-04-23T20:52:46,410  INFO [main] txn.TxnHandler: Expected to move at least one record from txn_components to completed_txn_components when committing txn! txnid:14
2024-04-23T20:52:46,415  INFO [main] txn.TxnHandler: Removed transactions: ([14]) from MIN_HISTORY_LEVEL
2024-04-23T20:52:46,415  WARN [main] txn.CompactionTxnHandler: No compaction queue record found for Compaction type transaction commit. txnId:14
2024-04-23T20:52:46,415  INFO [main] ql.TxnCommandsBaseForTests: Running the query: insert into tmp  values(0,0,0),(3,3,3)
2024-04-23T20:52:46,416  INFO [main] ql.Driver: Compiling command(queryId=alex_20240423205246_a7dee1f1-2c56-450b-b365-73f16863e397): insert into tmp  values(0,0,0),(3,3,3)
2024-04-23T20:52:46,419  INFO [main] txn.TxnHandler: Added entries to MIN_HISTORY_LEVEL for current txns: ([15]) with min_open_txn: 1
2024-04-23T20:52:46,419  INFO [main] lockmgr.DbTxnManager: Opened txnid:15
2024-04-23T20:52:46,420  INFO [main] parse.CalcitePlanner: Starting caching scope for: 
2024-04-23T20:52:46,420  INFO [main] parse.CalcitePlanner: Starting Semantic Analysis
2024-04-23T20:52:46,423  INFO [main] HiveMetaStore.audit: ugi=alex	ip=unknown-ip-addr	cmd=get_table : tbl=hive.default.tmp	
2024-04-23T20:52:46,464  INFO [main] metastore.HMSHandler: Skipping translation for processor with null
2024-04-23T20:52:46,464  INFO [main] parse.CalcitePlanner: Completed phase 1 of Semantic Analysis
2024-04-23T20:52:46,464  INFO [main] parse.CalcitePlanner: Get metadata for source tables
2024-04-23T20:52:46,464  INFO [main] parse.CalcitePlanner: Get metadata for subqueries
2024-04-23T20:52:46,464  INFO [main] parse.CalcitePlanner: Get metadata for destination tables
2024-04-23T20:52:46,464  INFO [main] HiveMetaStore.audit: ugi=alex	ip=unknown-ip-addr	cmd=get_table : tbl=hive.default.tmp	
2024-04-23T20:52:46,475  INFO [main] metastore.HMSHandler: Skipping translation for processor with null
2024-04-23T20:52:46,475  INFO [main] parse.CalcitePlanner: Completed getting MetaData in Semantic Analysis
2024-04-23T20:52:46,475  INFO [main] parse.CalcitePlanner: Disabling LLAP IO encode as ETL query is detected
2024-04-23T20:52:46,498  INFO [main] HiveMetaStore.audit: ugi=alex	ip=unknown-ip-addr	cmd=get_all_table_constraints : tbl=hive._dummy_database._dummy_table	
2024-04-23T20:52:46,609  INFO [main] parse.CalcitePlanner: Get metadata for source tables
2024-04-23T20:52:46,609  INFO [main] parse.CalcitePlanner: Get metadata for subqueries
2024-04-23T20:52:46,609  INFO [main] parse.CalcitePlanner: Get metadata for source tables
2024-04-23T20:52:46,610  INFO [main] HiveMetaStore.audit: ugi=alex	ip=unknown-ip-addr	cmd=get_table : tbl=hive._dummy_database._dummy_table	
2024-04-23T20:52:46,613  INFO [main] parse.CalcitePlanner: Get metadata for subqueries
2024-04-23T20:52:46,613  INFO [main] parse.CalcitePlanner: Get metadata for destination tables
2024-04-23T20:52:46,613  INFO [main] parse.CalcitePlanner: Get metadata for destination tables
2024-04-23T20:52:46,613  INFO [main] HiveMetaStore.audit: ugi=alex	ip=unknown-ip-addr	cmd=get_table : tbl=hive.default.tmp	
2024-04-23T20:52:46,631  INFO [main] metastore.HMSHandler: Skipping translation for processor with null
2024-04-23T20:52:46,633  INFO [main] common.FileUtils: Creating directory if it doesn't exist: file:/home/alex/Repositories/hive/ql/target/tmp/org.apache.hadoop.hive.ql.TestTxnNoBuckets-1713930630697/warehouse/tmp/.hive-staging_hive_2024-04-23_20-52-46_415_1728071672499058544-1
2024-04-23T20:52:46,637  INFO [main] HiveMetaStore.audit: ugi=alex	ip=unknown-ip-addr	cmd=get_not_null_constraints : tbl=hive.default.tmp	
2024-04-23T20:52:46,639  INFO [main] HiveMetaStore.audit: ugi=alex	ip=unknown-ip-addr	cmd=get_check_constraints : tbl=hive.default.tmp	
2024-04-23T20:52:46,641  INFO [main] parse.CalcitePlanner: CBO Succeeded; optimized logical plan.
2024-04-23T20:52:46,646  INFO [main] optimizer.BucketVersionPopulator: not considering bucketingVersion for: TS[0] because it has -1<2 buckets 
2024-04-23T20:52:46,647  INFO [main] optimizer.SortedDynPartitionOptimizer: Sorted dynamic partitioning optimization kicked in..
2024-04-23T20:52:46,656  INFO [main] HiveMetaStore.audit: ugi=alex	ip=unknown-ip-addr	cmd=get_table : tbl=hive.default.tmp	
2024-04-23T20:52:46,666  INFO [main] metastore.HMSHandler: Skipping translation for processor with null
2024-04-23T20:52:46,666  INFO [main] optimizer.GenMRFileSink1: using CombineHiveInputformat for the merge job
2024-04-23T20:52:46,667  INFO [main] HiveMetaStore.audit: ugi=alex	ip=unknown-ip-addr	cmd=get_table : tbl=hive.default.tmp	
2024-04-23T20:52:46,677  INFO [main] metastore.HMSHandler: Skipping translation for processor with null
2024-04-23T20:52:46,678  INFO [main] physical.Vectorizer: Examining input format to see if vectorization is enabled.
2024-04-23T20:52:46,678  INFO [main] physical.Vectorizer: Map vectorization enabled: false
2024-04-23T20:52:46,678  INFO [main] physical.Vectorizer: Map vectorized: false
2024-04-23T20:52:46,678  INFO [main] physical.Vectorizer: Map vectorizedVertexNum: 0
2024-04-23T20:52:46,678  INFO [main] physical.Vectorizer: Map enabledConditionsMet: [hive.vectorized.use.vectorized.input.format IS true]
2024-04-23T20:52:46,678  INFO [main] physical.Vectorizer: Map enabledConditionsNotMet: [Could not enable vectorization due to partition column names size 1 is greater than the number of table column names size 0 IS false]
2024-04-23T20:52:46,678  INFO [main] physical.Vectorizer: Map inputFileFormatClassNameSet: [org.apache.hadoop.hive.ql.io.NullRowsInputFormat]
2024-04-23T20:52:46,679  INFO [main] parse.CalcitePlanner: Completed plan generation
2024-04-23T20:52:46,679  INFO [main] parse.CalcitePlanner: Ending caching scope for: 
2024-04-23T20:52:46,679  INFO [main] ql.Driver: Semantic Analysis Completed (retrial = false)
2024-04-23T20:52:46,679  INFO [main] ql.Driver: Created Hive schema: Schema(fieldSchemas:[FieldSchema(name:col1, type:int, comment:null), FieldSchema(name:col2, type:int, comment:null), FieldSchema(name:col3, type:int, comment:null)], properties:null)
2024-04-23T20:52:46,679  INFO [main] metadata.Hive: Dumping metastore api call timing information for : compilation phase
2024-04-23T20:52:46,679  INFO [main] metadata.Hive: Total time spent in each metastore function (ms): {getTable_(GetTableRequest)=90, isCompatibleWith_(Configuration)=2, getNotNullConstraints_(NotNullConstraintsRequest)=2, getValidTxns_(long)=0, flushCache_()=0, getValidWriteIds_(List, String)=5, getAllTableConstraints_(AllTableConstraintsRequest)=39, commitTxn_(CommitTxnRequest)=9, openTxn_(String, TxnType)=2, getCheckConstraints_(CheckConstraintsRequest)=2}
2024-04-23T20:52:46,680  INFO [main] ql.Driver: Completed compiling command(queryId=alex_20240423205246_a7dee1f1-2c56-450b-b365-73f16863e397); Time taken: 0.263 seconds
2024-04-23T20:52:46,680  INFO [main] lockmgr.DbTxnManager: Setting lock request transaction to txnid:15 for queryId=alex_20240423205246_a7dee1f1-2c56-450b-b365-73f16863e397
2024-04-23T20:52:46,680  INFO [main] lockmgr.DbLockManager: Requesting lock for queryId=alex_20240423205246_a7dee1f1-2c56-450b-b365-73f16863e397
2024-04-23T20:52:46,701  INFO [main] lockmgr.DbLockManager: Response to queryId=alex_20240423205246_a7dee1f1-2c56-450b-b365-73f16863e397 LockResponse(lockid:9, state:ACQUIRED)
2024-04-23T20:52:46,701  INFO [main] ql.Driver: Operation QUERY obtained 1 locks
2024-04-23T20:52:46,701  INFO [main] ql.Driver: Executing command(queryId=alex_20240423205246_a7dee1f1-2c56-450b-b365-73f16863e397): insert into tmp  values(0,0,0),(3,3,3)
2024-04-23T20:52:46,702  WARN [main] ql.Driver: Hive-on-MR is deprecated in Hive 2 and may not be available in the future versions. Consider using a different execution engine (i.e. tez, spark) or using Hive 1.X releases.
Query ID = alex_20240423205246_a7dee1f1-2c56-450b-b365-73f16863e397
2024-04-23T20:52:46,702  INFO [main] ql.Driver: Query ID = alex_20240423205246_a7dee1f1-2c56-450b-b365-73f16863e397
Total jobs = 1
2024-04-23T20:52:46,702  INFO [main] ql.Driver: Total jobs = 1
Launching Job 1 out of 1
2024-04-23T20:52:46,702  INFO [main] ql.Driver: Launching Job 1 out of 1
2024-04-23T20:52:46,847  INFO [main] ql.Driver: Starting task [Stage-1:MAPRED] in serial mode
Number of reduce tasks is set to 0 since there's no reduce operator
2024-04-23T20:52:46,847  INFO [main] exec.Task: Number of reduce tasks is set to 0 since there's no reduce operator
2024-04-23T20:52:46,849  INFO [main] mr.ExecDriver: Using org.apache.hadoop.hive.ql.io.HiveInputFormat
2024-04-23T20:52:46,849  INFO [main] exec.Utilities: Processing alias $hdt$_0:_dummy_table
2024-04-23T20:52:46,849  INFO [main] exec.Utilities: Adding 1 inputs; the first input is file:/home/alex/Repositories/hive/ql/target/tmp/localscratchdir/23dbae2e-cee9-4d4d-b4a3-8a660c581501/hive_2024-04-23_20-52-46_415_1728071672499058544-1/dummy_path
2024-04-23T20:52:46,859  INFO [main] exec.SerializationUtilities: Serializing MapWork using kryo
2024-04-23T20:52:46,859  INFO [main] exec.Utilities: Serialized plan (via FILE) - name: null size: 6,16KB
2024-04-23T20:52:46,860  WARN [main] impl.MetricsSystemImpl: JobTracker metrics system already initialized!
2024-04-23T20:52:46,864  INFO [main] fs.FSStatsPublisher: created : file:/home/alex/Repositories/hive/ql/target/tmp/localscratchdir/23dbae2e-cee9-4d4d-b4a3-8a660c581501/hive_2024-04-23_20-52-46_415_1728071672499058544-1/-mr-10001
2024-04-23T20:52:46,869  WARN [main] impl.MetricsSystemImpl: JobTracker metrics system already initialized!
2024-04-23T20:52:46,877  WARN [main] mapreduce.JobResourceUploader: Hadoop command-line option parsing not performed. Implement the Tool interface and execute your application with ToolRunner to remedy this.
2024-04-23T20:52:46,882  WARN [main] mapreduce.JobResourceUploader: No job jar file set.  User classes may not be found. See Job or Job#setJar(String).
2024-04-23T20:52:46,883  INFO [main] io.HiveInputFormat: hive.io.file.readcolumn.ids = 
2024-04-23T20:52:46,883  INFO [main] io.HiveInputFormat: hive.io.file.readcolumn.names = 
2024-04-23T20:52:46,883  INFO [main] io.HiveInputFormat: Generating splits for dirs: file:/home/alex/Repositories/hive/ql/target/tmp/localscratchdir/23dbae2e-cee9-4d4d-b4a3-8a660c581501/hive_2024-04-23_20-52-46_415_1728071672499058544-1/dummy_path
2024-04-23T20:52:46,884  INFO [main] io.HiveInputFormat: number of splits 1
2024-04-23T20:52:46,902  INFO [main] mapreduce.JobSubmitter: number of splits:1
2024-04-23T20:52:46,921  INFO [main] mapreduce.JobSubmitter: Submitting tokens for job: job_local1598563312_0060
2024-04-23T20:52:46,921  INFO [main] mapreduce.JobSubmitter: Executing with tokens: []
2024-04-23T20:52:46,981  INFO [main] mapreduce.Job: The url to track the job: http://localhost:8080/
Job running in-process (local Hadoop)
2024-04-23T20:52:46,981  INFO [main] exec.Task: Job running in-process (local Hadoop)
2024-04-23T20:52:46,982  INFO [Thread-3993] mapred.LocalJobRunner: OutputCommitter set in config org.apache.hadoop.hive.ql.io.HiveFileFormatUtils$NullOutputCommitter
2024-04-23T20:52:46,982  INFO [Thread-3993] mapred.LocalJobRunner: OutputCommitter is org.apache.hadoop.hive.ql.io.HiveFileFormatUtils$NullOutputCommitter
2024-04-23T20:52:46,984  INFO [Thread-3993] mapred.LocalJobRunner: Waiting for map tasks
2024-04-23T20:52:46,984  INFO [LocalJobRunner Map Task Executor #0] mapred.LocalJobRunner: Starting task: attempt_local1598563312_0060_m_000000_0
2024-04-23T20:52:46,986  INFO [LocalJobRunner Map Task Executor #0] mapred.Task:  Using ResourceCalculatorProcessTree : [ ]
2024-04-23T20:52:46,987  INFO [LocalJobRunner Map Task Executor #0] mapred.MapTask: Processing split: org.apache.hadoop.hive.ql.io.NullRowsInputFormat:file:/home/alex/Repositories/hive/ql/target/tmp/localscratchdir/23dbae2e-cee9-4d4d-b4a3-8a660c581501/hive_2024-04-23_20-52-46_415_1728071672499058544-1/dummy_path/null:0+1
2024-04-23T20:52:46,989  INFO [LocalJobRunner Map Task Executor #0] exec.SerializationUtilities: Deserializing MapWork using kryo
2024-04-23T20:52:46,989  INFO [LocalJobRunner Map Task Executor #0] exec.Utilities: Deserialized plan (via FILE) - name: null size: 6,16KB
2024-04-23T20:52:46,990  INFO [LocalJobRunner Map Task Executor #0] mapred.MapTask: numReduceTasks: 0
2024-04-23T20:52:46,992  INFO [LocalJobRunner Map Task Executor #0] exec.MapOperator: Initializing Operator: MAP[0]
2024-04-23T20:52:46,992  INFO [LocalJobRunner Map Task Executor #0] mr.ExecMapper: 
<MAP>Id =0
  <Children>null
  <\Children>
  <Parent><\Parent>
<\MAP>
2024-04-23T20:52:46,993  INFO [LocalJobRunner Map Task Executor #0] exec.TableScanOperator: Initializing Operator: TS[0]
2024-04-23T20:52:46,993  INFO [LocalJobRunner Map Task Executor #0] exec.SelectOperator: Initializing Operator: SEL[1]
2024-04-23T20:52:46,993  INFO [LocalJobRunner Map Task Executor #0] exec.SelectOperator: SELECT null
2024-04-23T20:52:46,993  INFO [LocalJobRunner Map Task Executor #0] exec.UDTFOperator: Initializing Operator: UDTF[2]
2024-04-23T20:52:46,993  INFO [LocalJobRunner Map Task Executor #0] exec.SelectOperator: Initializing Operator: SEL[3]
2024-04-23T20:52:46,993  INFO [LocalJobRunner Map Task Executor #0] exec.SelectOperator: SELECT struct<col1:int,col2:int,col3:int>
2024-04-23T20:52:46,993  INFO [LocalJobRunner Map Task Executor #0] exec.FileSinkOperator: Initializing Operator: FS[4]
2024-04-23T20:52:46,994  INFO [LocalJobRunner Map Task Executor #0] exec.FileSinkOperator: Using serializer : AbstractSerDe [log=org.apache.logging.slf4j.Log4jLogger@4aa280a, configuration=Optional[Configuration: core-default.xml, core-site.xml, mapred-default.xml, mapred-site.xml, yarn-default.xml, yarn-site.xml, hdfs-default.xml, hdfs-site.xml, file:/home/alex/Repositories/hive/ql/target/tmp/TestTxnNoBucketsVectorized/mapred/local/localRunner/alex/job_local1598563312_0060/job_local1598563312_0060.xml], properties={name=default.tmp, columns.types=int:int:int, serialization.format=1, columns=c1,c2,c3, numFilesErasureCoded=0, columns.comments=&amp#0;&amp#0;, bucketing_version=2, serialization.lib=org.apache.hadoop.hive.ql.io.orc.OrcSerde, file.inputformat=org.apache.hadoop.hive.ql.io.orc.OrcInputFormat, file.outputformat=org.apache.hadoop.hive.ql.io.orc.OrcOutputFormat, location=file:/home/alex/Repositories/hive/ql/target/tmp/org.apache.hadoop.hive.ql.TestTxnNoBuckets-1713930630697/warehouse/tmp, column.name.delimiter=,}, tableProperties={name=default.tmp, columns.types=int:int:int, serialization.format=1, columns=c1,c2,c3, numFilesErasureCoded=0, columns.comments=&amp#0;&amp#0;, bucketing_version=2, serialization.lib=org.apache.hadoop.hive.ql.io.orc.OrcSerde, file.inputformat=org.apache.hadoop.hive.ql.io.orc.OrcInputFormat, location=file:/home/alex/Repositories/hive/ql/target/tmp/org.apache.hadoop.hive.ql.TestTxnNoBuckets-1713930630697/warehouse/tmp, file.outputformat=org.apache.hadoop.hive.ql.io.orc.OrcOutputFormat, column.name.delimiter=,}, partitionProperties=Optional.empty, columnNames=[c1, c2, c3], columnTypes=[int, int, int], getClass()=class org.apache.hadoop.hive.ql.io.orc.OrcSerde] and formatter : org.apache.hadoop.hive.ql.io.orc.OrcOutputFormat@1c757971
2024-04-23T20:52:46,994  INFO [LocalJobRunner Map Task Executor #0] exec.FileSinkOperator: Final Path: FS file:/home/alex/Repositories/hive/ql/target/tmp/org.apache.hadoop.hive.ql.TestTxnNoBuckets-1713930630697/warehouse/tmp/.hive-staging_hive_2024-04-23_20-52-46_415_1728071672499058544-1/_tmp.-ext-10002/000000_0
2024-04-23T20:52:46,994  INFO [LocalJobRunner Map Task Executor #0] exec.FileSinkOperator: Writing to temp file: FS file:/home/alex/Repositories/hive/ql/target/tmp/org.apache.hadoop.hive.ql.TestTxnNoBuckets-1713930630697/warehouse/tmp/.hive-staging_hive_2024-04-23_20-52-46_415_1728071672499058544-1/_task_tmp.-ext-10002/_tmp.000000_0
2024-04-23T20:52:46,994  INFO [LocalJobRunner Map Task Executor #0] exec.FileSinkOperator: New Final Path: FS file:/home/alex/Repositories/hive/ql/target/tmp/org.apache.hadoop.hive.ql.TestTxnNoBuckets-1713930630697/warehouse/tmp/.hive-staging_hive_2024-04-23_20-52-46_415_1728071672499058544-1/_tmp.-ext-10002/000000_0
2024-04-23T20:52:46,996  INFO [LocalJobRunner Map Task Executor #0] exec.FileSinkOperator: FS[4]: records written - 1
2024-04-23T20:52:46,997  INFO [LocalJobRunner Map Task Executor #0] impl.PhysicalFsWriter: ORC writer created for path: file:/home/alex/Repositories/hive/ql/target/tmp/org.apache.hadoop.hive.ql.TestTxnNoBuckets-1713930630697/warehouse/tmp/.hive-staging_hive_2024-04-23_20-52-46_415_1728071672499058544-1/_task_tmp.-ext-10002/_tmp.000000_0 with stripeSize: 67108864 blockSize: 268435456 compression: Compress: ZLIB buffer: 262144
2024-04-23T20:52:47,003  INFO [LocalJobRunner Map Task Executor #0] impl.WriterImpl: ORC writer created for path: file:/home/alex/Repositories/hive/ql/target/tmp/org.apache.hadoop.hive.ql.TestTxnNoBuckets-1713930630697/warehouse/tmp/.hive-staging_hive_2024-04-23_20-52-46_415_1728071672499058544-1/_task_tmp.-ext-10002/_tmp.000000_0 with stripeSize: 67108864 options: Compress: ZLIB buffer: 262144
2024-04-23T20:52:47,003  INFO [LocalJobRunner Map Task Executor #0] exec.MapOperator: MAP[0]: records read - 1
2024-04-23T20:52:47,004  INFO [LocalJobRunner Map Task Executor #0] exec.MapOperator: Closing Operator: MAP[0]
2024-04-23T20:52:47,004  INFO [LocalJobRunner Map Task Executor #0] exec.MapOperator: MAP[0]: Total records read - 3. abort - false
2024-04-23T20:52:47,004  INFO [LocalJobRunner Map Task Executor #0] exec.MapOperator: DESERIALIZE_ERRORS:0, RECORDS_OUT_OPERATOR_MAP_0:0, RECORDS_IN:3, RECORDS_OUT_INTERMEDIATE:0, 
2024-04-23T20:52:47,004  INFO [LocalJobRunner Map Task Executor #0] exec.TableScanOperator: Closing Operator: TS[0]
2024-04-23T20:52:47,004  INFO [LocalJobRunner Map Task Executor #0] exec.TableScanOperator: RECORDS_OUT_INTERMEDIATE:0, RECORDS_OUT_OPERATOR_TS_0:1, 
2024-04-23T20:52:47,004  INFO [LocalJobRunner Map Task Executor #0] exec.SelectOperator: Closing Operator: SEL[1]
2024-04-23T20:52:47,004  INFO [LocalJobRunner Map Task Executor #0] exec.SelectOperator: RECORDS_OUT_INTERMEDIATE:0, RECORDS_OUT_OPERATOR_SEL_1:1, 
2024-04-23T20:52:47,004  INFO [LocalJobRunner Map Task Executor #0] exec.UDTFOperator: Closing Operator: UDTF[2]
2024-04-23T20:52:47,004  INFO [LocalJobRunner Map Task Executor #0] exec.UDTFOperator: RECORDS_OUT_INTERMEDIATE:0, RECORDS_OUT_OPERATOR_UDTF_2:2, 
2024-04-23T20:52:47,004  INFO [LocalJobRunner Map Task Executor #0] exec.SelectOperator: Closing Operator: SEL[3]
2024-04-23T20:52:47,004  INFO [LocalJobRunner Map Task Executor #0] exec.SelectOperator: RECORDS_OUT_OPERATOR_SEL_3:2, RECORDS_OUT_INTERMEDIATE:0, 
2024-04-23T20:52:47,004  INFO [LocalJobRunner Map Task Executor #0] exec.FileSinkOperator: Closing Operator: FS[4]
2024-04-23T20:52:47,004  INFO [LocalJobRunner Map Task Executor #0] exec.FileSinkOperator: FS[4]: records written - 2
2024-04-23T20:52:47,011  INFO [LocalJobRunner Map Task Executor #0] exec.FileSinkOperator: RECORDS_OUT_1_default.tmp:2, RECORDS_OUT_OPERATOR_FS_4:2, RECORDS_OUT_INTERMEDIATE:0, TOTAL_TABLE_ROWS_WRITTEN:2, 
2024-04-23T20:52:47,012  INFO [LocalJobRunner Map Task Executor #0] mapred.LocalJobRunner: 
2024-04-23T20:52:47,013  INFO [LocalJobRunner Map Task Executor #0] mapred.Task: Task:attempt_local1598563312_0060_m_000000_0 is done. And is in the process of committing
2024-04-23T20:52:47,014  INFO [LocalJobRunner Map Task Executor #0] mapred.LocalJobRunner: map
2024-04-23T20:52:47,014  INFO [LocalJobRunner Map Task Executor #0] mapred.Task: Task 'attempt_local1598563312_0060_m_000000_0' done.
2024-04-23T20:52:47,014  INFO [LocalJobRunner Map Task Executor #0] mapred.Task: Final Counters for attempt_local1598563312_0060_m_000000_0: Counters: 27
	File System Counters
		FILE: Number of bytes read=1533643
		FILE: Number of bytes written=72205449
		FILE: Number of read operations=0
		FILE: Number of large read operations=0
		FILE: Number of write operations=0
	Map-Reduce Framework
		Map input records=4
		Map output records=0
		Input split bytes=361
		Spilled Records=0
		Failed Shuffles=0
		Merged Map outputs=0
		GC time elapsed (ms)=0
		Total committed heap usage (bytes)=1207959552
	HIVE
		CREATED_FILES=1
		DESERIALIZE_ERRORS=0
		RECORDS_IN=3
		RECORDS_OUT_1_default.tmp=2
		RECORDS_OUT_INTERMEDIATE=0
		RECORDS_OUT_OPERATOR_FS_4=2
		RECORDS_OUT_OPERATOR_MAP_0=0
		RECORDS_OUT_OPERATOR_SEL_1=1
		RECORDS_OUT_OPERATOR_SEL_3=2
		RECORDS_OUT_OPERATOR_TS_0=1
		RECORDS_OUT_OPERATOR_UDTF_2=2
		TOTAL_TABLE_ROWS_WRITTEN=2
	File Input Format Counters 
		Bytes Read=6221
	File Output Format Counters 
		Bytes Written=0
2024-04-23T20:52:47,014  INFO [LocalJobRunner Map Task Executor #0] mapred.LocalJobRunner: Finishing task: attempt_local1598563312_0060_m_000000_0
2024-04-23T20:52:47,014  INFO [Thread-3993] mapred.LocalJobRunner: map task executor complete.
2024-04-23 20:52:47,982 Stage-1 map = 100%,  reduce = 0%
2024-04-23T20:52:47,982  INFO [main] exec.Task: 2024-04-23 20:52:47,982 Stage-1 map = 100%,  reduce = 0%
Ended Job = job_local1598563312_0060
2024-04-23T20:52:47,983  INFO [main] exec.Task: Ended Job = job_local1598563312_0060
2024-04-23T20:52:47,984  INFO [main] ql.Driver: Starting task [Stage-7:CONDITIONAL] in serial mode
Stage-4 is selected by condition resolver.
2024-04-23T20:52:47,984  INFO [main] exec.Task: Stage-4 is selected by condition resolver.
Stage-3 is filtered out by condition resolver.
2024-04-23T20:52:47,985  INFO [main] exec.Task: Stage-3 is filtered out by condition resolver.
Stage-5 is filtered out by condition resolver.
2024-04-23T20:52:47,985  INFO [main] exec.Task: Stage-5 is filtered out by condition resolver.
2024-04-23T20:52:47,985  INFO [main] ql.Driver: Starting task [Stage-4:MOVE] in serial mode
Moving data to directory file:/home/alex/Repositories/hive/ql/target/tmp/org.apache.hadoop.hive.ql.TestTxnNoBuckets-1713930630697/warehouse/tmp/.hive-staging_hive_2024-04-23_20-52-46_415_1728071672499058544-1/-ext-10000
2024-04-23T20:52:47,985  INFO [main] exec.Task: Moving data to directory file:/home/alex/Repositories/hive/ql/target/tmp/org.apache.hadoop.hive.ql.TestTxnNoBuckets-1713930630697/warehouse/tmp/.hive-staging_hive_2024-04-23_20-52-46_415_1728071672499058544-1/-ext-10000 from file:/home/alex/Repositories/hive/ql/target/tmp/org.apache.hadoop.hive.ql.TestTxnNoBuckets-1713930630697/warehouse/tmp/.hive-staging_hive_2024-04-23_20-52-46_415_1728071672499058544-1/-ext-10002
2024-04-23T20:52:47,985  INFO [main] ql.Driver: Starting task [Stage-0:MOVE] in serial mode
Loading data to table default.tmp
2024-04-23T20:52:47,985  INFO [main] exec.Task: Loading data to table default.tmp from file:/home/alex/Repositories/hive/ql/target/tmp/org.apache.hadoop.hive.ql.TestTxnNoBuckets-1713930630697/warehouse/tmp/.hive-staging_hive_2024-04-23_20-52-46_415_1728071672499058544-1/-ext-10000
2024-04-23T20:52:47,985  INFO [main] HiveMetaStore.audit: ugi=alex	ip=unknown-ip-addr	cmd=get_table : tbl=hive.default.tmp	
2024-04-23T20:52:47,994  INFO [main] metastore.HMSHandler: Skipping translation for processor with null
2024-04-23T20:52:47,994  INFO [main] HiveMetaStore.audit: ugi=alex	ip=unknown-ip-addr	cmd=get_table : tbl=hive.default.tmp	
2024-04-23T20:52:48,003  INFO [main] metastore.HMSHandler: Skipping translation for processor with null
2024-04-23T20:52:48,004  WARN [main] metadata.Hive: Cannot get a table snapshot for tmp
2024-04-23T20:52:48,004  INFO [main] HiveMetaStore.audit: ugi=alex	ip=unknown-ip-addr	cmd=alter_table: hive.default.tmp newtbl=tmp	
2024-04-23T20:52:48,032  INFO [main] ql.Driver: Starting task [Stage-2:STATS] in serial mode
2024-04-23T20:52:48,032  INFO [main] HiveMetaStore.audit: ugi=alex	ip=unknown-ip-addr	cmd=get_table : tbl=hive.default.tmp	
2024-04-23T20:52:48,042  INFO [main] metastore.HMSHandler: Skipping translation for processor with null
2024-04-23T20:52:48,042  INFO [main] stats.BasicStatsTask: Executing stats task
2024-04-23T20:52:48,042  INFO [main] fs.FSStatsPublisher: created : file:/home/alex/Repositories/hive/ql/target/tmp/localscratchdir/23dbae2e-cee9-4d4d-b4a3-8a660c581501/hive_2024-04-23_20-52-46_415_1728071672499058544-1/-mr-10001
2024-04-23T20:52:48,043  INFO [main] HiveMetaStore.audit: ugi=alex	ip=unknown-ip-addr	cmd=get_table : tbl=hive.default.tmp	
2024-04-23T20:52:48,053  INFO [main] metastore.HMSHandler: Skipping translation for processor with null
2024-04-23T20:52:48,053  INFO [main] FileOperations: Read stats for default.tmp/, numRows, true, 2, false: 
2024-04-23T20:52:48,053  INFO [main] FileOperations: Read stats for default.tmp/, rawDataSize, true, 24, false: 
2024-04-23T20:52:48,054  WARN [main] metadata.Hive: Cannot get a table snapshot for tmp
2024-04-23T20:52:48,054  INFO [main] HiveMetaStore.audit: ugi=alex	ip=unknown-ip-addr	cmd=alter_table: hive.default.tmp newtbl=tmp	
2024-04-23T20:52:48,082  INFO [main] stats.BasicStatsTask: Table default.tmp stats: [numFiles=1, numRows=2, totalSize=281, rawDataSize=24, numFilesErasureCoded=0]
2024-04-23T20:52:48,083  INFO [main] metadata.Hive: Dumping metastore api call timing information for : execution phase
2024-04-23T20:52:48,083  INFO [main] metadata.Hive: Total time spent in each metastore function (ms): {isCompatibleWith_(Configuration)=0, getTable_(GetTableRequest)=38, alter_table_(String, String, String, Table, EnvironmentContext, String)=56}
MapReduce Jobs Launched: 
2024-04-23T20:52:48,083  INFO [main] ql.Driver: MapReduce Jobs Launched: 
Stage-Stage-1:  HDFS Read: 0 HDFS Write: 0 SUCCESS
2024-04-23T20:52:48,084  INFO [main] ql.Driver: Stage-Stage-1:  HDFS Read: 0 HDFS Write: 0 SUCCESS
Total MapReduce CPU Time Spent: 0 msec
2024-04-23T20:52:48,084  INFO [main] ql.Driver: Total MapReduce CPU Time Spent: 0 msec
2024-04-23T20:52:48,084  INFO [main] ql.Driver: Completed executing command(queryId=alex_20240423205246_a7dee1f1-2c56-450b-b365-73f16863e397); Time taken: 1.382 seconds
2024-04-23T20:52:48,084  INFO [main] lockmgr.DbTxnManager: Stopped heartbeat for query: alex_20240423205246_a7dee1f1-2c56-450b-b365-73f16863e397
2024-04-23T20:52:48,088  INFO [main] txn.TxnHandler: Expected to move at least one record from txn_components to completed_txn_components when committing txn! txnid:15
2024-04-23T20:52:48,094  INFO [main] txn.TxnHandler: Removed transactions: ([15]) from MIN_HISTORY_LEVEL
2024-04-23T20:52:48,095  WARN [main] txn.CompactionTxnHandler: No compaction queue record found for Compaction type transaction commit. txnId:15
2024-04-23T20:52:48,095  INFO [main] ql.TxnCommandsBaseForTests: Running the query: insert into tmp  values(1,1,1),(2,2,2)
2024-04-23T20:52:48,096  INFO [main] ql.Context: Deleting scratch dir: file:/home/alex/Repositories/hive/ql/target/tmp/org.apache.hadoop.hive.ql.TestTxnNoBuckets-1713930630697/warehouse/tmp/.hive-staging_hive_2024-04-23_20-52-46_415_1728071672499058544-1
2024-04-23T20:52:48,096  INFO [main] cleanup.SyncCleanupService: Deleted directory: file:/home/alex/Repositories/hive/ql/target/tmp/org.apache.hadoop.hive.ql.TestTxnNoBuckets-1713930630697/warehouse/tmp/.hive-staging_hive_2024-04-23_20-52-46_415_1728071672499058544-1 on fs with scheme file
2024-04-23T20:52:48,096  INFO [main] ql.Context: Deleting scratch dir: file:/home/alex/Repositories/hive/ql/target/tmp/localscratchdir/23dbae2e-cee9-4d4d-b4a3-8a660c581501/hive_2024-04-23_20-52-46_415_1728071672499058544-1
2024-04-23T20:52:48,097  INFO [main] cleanup.SyncCleanupService: Deleted directory: file:/home/alex/Repositories/hive/ql/target/tmp/localscratchdir/23dbae2e-cee9-4d4d-b4a3-8a660c581501/hive_2024-04-23_20-52-46_415_1728071672499058544-1 on fs with scheme file
2024-04-23T20:52:48,097  INFO [main] ql.Driver: Compiling command(queryId=alex_20240423205248_5c4205a7-a1a4-4490-9146-1e741d04185b): insert into tmp  values(1,1,1),(2,2,2)
2024-04-23T20:52:48,100  INFO [main] txn.TxnHandler: Added entries to MIN_HISTORY_LEVEL for current txns: ([16]) with min_open_txn: 16
2024-04-23T20:52:48,100  INFO [main] lockmgr.DbTxnManager: Opened txnid:16
2024-04-23T20:52:48,101  INFO [main] parse.CalcitePlanner: Starting caching scope for: 
2024-04-23T20:52:48,101  INFO [main] parse.CalcitePlanner: Starting Semantic Analysis
2024-04-23T20:52:48,104  INFO [main] HiveMetaStore.audit: ugi=alex	ip=unknown-ip-addr	cmd=get_table : tbl=hive.default.tmp	
2024-04-23T20:52:48,115  INFO [main] metastore.HMSHandler: Skipping translation for processor with null
2024-04-23T20:52:48,115  INFO [main] parse.CalcitePlanner: Completed phase 1 of Semantic Analysis
2024-04-23T20:52:48,115  INFO [main] parse.CalcitePlanner: Get metadata for source tables
2024-04-23T20:52:48,115  INFO [main] parse.CalcitePlanner: Get metadata for subqueries
2024-04-23T20:52:48,115  INFO [main] parse.CalcitePlanner: Get metadata for destination tables
2024-04-23T20:52:48,115  INFO [main] HiveMetaStore.audit: ugi=alex	ip=unknown-ip-addr	cmd=get_table : tbl=hive.default.tmp	
2024-04-23T20:52:48,127  INFO [main] metastore.HMSHandler: Skipping translation for processor with null
2024-04-23T20:52:48,127  INFO [main] parse.CalcitePlanner: Completed getting MetaData in Semantic Analysis
2024-04-23T20:52:48,127  INFO [main] parse.CalcitePlanner: Disabling LLAP IO encode as ETL query is detected
2024-04-23T20:52:48,149  INFO [main] HiveMetaStore.audit: ugi=alex	ip=unknown-ip-addr	cmd=get_all_table_constraints : tbl=hive._dummy_database._dummy_table	
2024-04-23T20:52:48,218  INFO [main] parse.CalcitePlanner: Get metadata for source tables
2024-04-23T20:52:48,218  INFO [main] parse.CalcitePlanner: Get metadata for subqueries
2024-04-23T20:52:48,218  INFO [main] parse.CalcitePlanner: Get metadata for source tables
2024-04-23T20:52:48,219  INFO [main] HiveMetaStore.audit: ugi=alex	ip=unknown-ip-addr	cmd=get_table : tbl=hive._dummy_database._dummy_table	
2024-04-23T20:52:48,223  INFO [main] parse.CalcitePlanner: Get metadata for subqueries
2024-04-23T20:52:48,223  INFO [main] parse.CalcitePlanner: Get metadata for destination tables
2024-04-23T20:52:48,223  INFO [main] parse.CalcitePlanner: Get metadata for destination tables
2024-04-23T20:52:48,223  INFO [main] HiveMetaStore.audit: ugi=alex	ip=unknown-ip-addr	cmd=get_table : tbl=hive.default.tmp	
2024-04-23T20:52:48,238  INFO [main] metastore.HMSHandler: Skipping translation for processor with null
2024-04-23T20:52:48,241  INFO [main] common.FileUtils: Creating directory if it doesn't exist: file:/home/alex/Repositories/hive/ql/target/tmp/org.apache.hadoop.hive.ql.TestTxnNoBuckets-1713930630697/warehouse/tmp/.hive-staging_hive_2024-04-23_20-52-48_097_7981754239293489875-1
2024-04-23T20:52:48,243  INFO [main] HiveMetaStore.audit: ugi=alex	ip=unknown-ip-addr	cmd=get_not_null_constraints : tbl=hive.default.tmp	
2024-04-23T20:52:48,245  INFO [main] HiveMetaStore.audit: ugi=alex	ip=unknown-ip-addr	cmd=get_check_constraints : tbl=hive.default.tmp	
2024-04-23T20:52:48,247  INFO [main] parse.CalcitePlanner: CBO Succeeded; optimized logical plan.
2024-04-23T20:52:48,251  INFO [main] optimizer.BucketVersionPopulator: not considering bucketingVersion for: TS[0] because it has -1<2 buckets 
2024-04-23T20:52:48,251  INFO [main] optimizer.SortedDynPartitionOptimizer: Sorted dynamic partitioning optimization kicked in..
2024-04-23T20:52:48,260  INFO [main] HiveMetaStore.audit: ugi=alex	ip=unknown-ip-addr	cmd=get_table : tbl=hive.default.tmp	
2024-04-23T20:52:48,271  INFO [main] metastore.HMSHandler: Skipping translation for processor with null
2024-04-23T20:52:48,271  INFO [main] optimizer.GenMRFileSink1: using CombineHiveInputformat for the merge job
2024-04-23T20:52:48,272  INFO [main] HiveMetaStore.audit: ugi=alex	ip=unknown-ip-addr	cmd=get_table : tbl=hive.default.tmp	
2024-04-23T20:52:48,282  INFO [main] metastore.HMSHandler: Skipping translation for processor with null
2024-04-23T20:52:48,283  INFO [main] physical.Vectorizer: Examining input format to see if vectorization is enabled.
2024-04-23T20:52:48,283  INFO [main] physical.Vectorizer: Map vectorization enabled: false
2024-04-23T20:52:48,283  INFO [main] physical.Vectorizer: Map vectorized: false
2024-04-23T20:52:48,283  INFO [main] physical.Vectorizer: Map vectorizedVertexNum: 0
2024-04-23T20:52:48,283  INFO [main] physical.Vectorizer: Map enabledConditionsMet: [hive.vectorized.use.vectorized.input.format IS true]
2024-04-23T20:52:48,284  INFO [main] physical.Vectorizer: Map enabledConditionsNotMet: [Could not enable vectorization due to partition column names size 1 is greater than the number of table column names size 0 IS false]
2024-04-23T20:52:48,284  INFO [main] physical.Vectorizer: Map inputFileFormatClassNameSet: [org.apache.hadoop.hive.ql.io.NullRowsInputFormat]
2024-04-23T20:52:48,285  INFO [main] parse.CalcitePlanner: Completed plan generation
2024-04-23T20:52:48,285  INFO [main] parse.CalcitePlanner: Ending caching scope for: 
2024-04-23T20:52:48,285  INFO [main] ql.Driver: Semantic Analysis Completed (retrial = false)
2024-04-23T20:52:48,285  INFO [main] ql.Driver: Created Hive schema: Schema(fieldSchemas:[FieldSchema(name:col1, type:int, comment:null), FieldSchema(name:col2, type:int, comment:null), FieldSchema(name:col3, type:int, comment:null)], properties:null)
2024-04-23T20:52:48,285  INFO [main] metadata.Hive: Dumping metastore api call timing information for : compilation phase
2024-04-23T20:52:48,285  INFO [main] metadata.Hive: Total time spent in each metastore function (ms): {getAllTableConstraints_(AllTableConstraintsRequest)=5, openTxn_(String, TxnType)=2, isCompatibleWith_(Configuration)=3, getNotNullConstraints_(NotNullConstraintsRequest)=2, getValidTxns_(long)=1, getCheckConstraints_(CheckConstraintsRequest)=2, commitTxn_(CommitTxnRequest)=11, getValidWriteIds_(List, String)=2, getTable_(GetTableRequest)=59, flushCache_()=0}
2024-04-23T20:52:48,285  INFO [main] ql.Driver: Completed compiling command(queryId=alex_20240423205248_5c4205a7-a1a4-4490-9146-1e741d04185b); Time taken: 0.188 seconds
2024-04-23T20:52:48,286  INFO [main] lockmgr.DbTxnManager: Setting lock request transaction to txnid:16 for queryId=alex_20240423205248_5c4205a7-a1a4-4490-9146-1e741d04185b
2024-04-23T20:52:48,286  INFO [main] lockmgr.DbLockManager: Requesting lock for queryId=alex_20240423205248_5c4205a7-a1a4-4490-9146-1e741d04185b
2024-04-23T20:52:48,300  INFO [main] lockmgr.DbLockManager: Response to queryId=alex_20240423205248_5c4205a7-a1a4-4490-9146-1e741d04185b LockResponse(lockid:10, state:ACQUIRED)
2024-04-23T20:52:48,300  INFO [main] ql.Driver: Operation QUERY obtained 1 locks
2024-04-23T20:52:48,300  INFO [main] ql.Driver: Executing command(queryId=alex_20240423205248_5c4205a7-a1a4-4490-9146-1e741d04185b): insert into tmp  values(1,1,1),(2,2,2)
2024-04-23T20:52:48,301  WARN [main] ql.Driver: Hive-on-MR is deprecated in Hive 2 and may not be available in the future versions. Consider using a different execution engine (i.e. spark, tez) or using Hive 1.X releases.
Query ID = alex_20240423205248_5c4205a7-a1a4-4490-9146-1e741d04185b
2024-04-23T20:52:48,301  INFO [main] ql.Driver: Query ID = alex_20240423205248_5c4205a7-a1a4-4490-9146-1e741d04185b
Total jobs = 1
2024-04-23T20:52:48,301  INFO [main] ql.Driver: Total jobs = 1
Launching Job 1 out of 1
2024-04-23T20:52:48,301  INFO [main] ql.Driver: Launching Job 1 out of 1
2024-04-23T20:52:48,453  INFO [main] ql.Driver: Starting task [Stage-1:MAPRED] in serial mode
Number of reduce tasks is set to 0 since there's no reduce operator
2024-04-23T20:52:48,453  INFO [main] exec.Task: Number of reduce tasks is set to 0 since there's no reduce operator
2024-04-23T20:52:48,455  INFO [main] mr.ExecDriver: Using org.apache.hadoop.hive.ql.io.HiveInputFormat
2024-04-23T20:52:48,455  INFO [main] exec.Utilities: Processing alias $hdt$_0:_dummy_table
2024-04-23T20:52:48,456  INFO [main] exec.Utilities: Adding 1 inputs; the first input is file:/home/alex/Repositories/hive/ql/target/tmp/localscratchdir/23dbae2e-cee9-4d4d-b4a3-8a660c581501/hive_2024-04-23_20-52-48_097_7981754239293489875-1/dummy_path
2024-04-23T20:52:48,465  INFO [main] exec.SerializationUtilities: Serializing MapWork using kryo
2024-04-23T20:52:48,466  INFO [main] exec.Utilities: Serialized plan (via FILE) - name: null size: 6,18KB
2024-04-23T20:52:48,466  WARN [main] impl.MetricsSystemImpl: JobTracker metrics system already initialized!
2024-04-23T20:52:48,470  INFO [main] fs.FSStatsPublisher: created : file:/home/alex/Repositories/hive/ql/target/tmp/localscratchdir/23dbae2e-cee9-4d4d-b4a3-8a660c581501/hive_2024-04-23_20-52-48_097_7981754239293489875-1/-mr-10001
2024-04-23T20:52:48,476  WARN [main] impl.MetricsSystemImpl: JobTracker metrics system already initialized!
2024-04-23T20:52:48,482  WARN [main] mapreduce.JobResourceUploader: Hadoop command-line option parsing not performed. Implement the Tool interface and execute your application with ToolRunner to remedy this.
2024-04-23T20:52:48,487  WARN [main] mapreduce.JobResourceUploader: No job jar file set.  User classes may not be found. See Job or Job#setJar(String).
2024-04-23T20:52:48,488  INFO [main] io.HiveInputFormat: hive.io.file.readcolumn.ids = 
2024-04-23T20:52:48,488  INFO [main] io.HiveInputFormat: hive.io.file.readcolumn.names = 
2024-04-23T20:52:48,488  INFO [main] io.HiveInputFormat: Generating splits for dirs: file:/home/alex/Repositories/hive/ql/target/tmp/localscratchdir/23dbae2e-cee9-4d4d-b4a3-8a660c581501/hive_2024-04-23_20-52-48_097_7981754239293489875-1/dummy_path
2024-04-23T20:52:48,488  INFO [main] io.HiveInputFormat: number of splits 1
2024-04-23T20:52:48,505  INFO [main] mapreduce.JobSubmitter: number of splits:1
2024-04-23T20:52:48,523  INFO [main] mapreduce.JobSubmitter: Submitting tokens for job: job_local1638454678_0061
2024-04-23T20:52:48,523  INFO [main] mapreduce.JobSubmitter: Executing with tokens: []
2024-04-23T20:52:48,582  INFO [main] mapreduce.Job: The url to track the job: http://localhost:8080/
Job running in-process (local Hadoop)
2024-04-23T20:52:48,582  INFO [main] exec.Task: Job running in-process (local Hadoop)
2024-04-23T20:52:48,582  INFO [Thread-4035] mapred.LocalJobRunner: OutputCommitter set in config org.apache.hadoop.hive.ql.io.HiveFileFormatUtils$NullOutputCommitter
2024-04-23T20:52:48,582  INFO [Thread-4035] mapred.LocalJobRunner: OutputCommitter is org.apache.hadoop.hive.ql.io.HiveFileFormatUtils$NullOutputCommitter
2024-04-23T20:52:48,584  INFO [Thread-4035] mapred.LocalJobRunner: Waiting for map tasks
2024-04-23T20:52:48,584  INFO [LocalJobRunner Map Task Executor #0] mapred.LocalJobRunner: Starting task: attempt_local1638454678_0061_m_000000_0
2024-04-23T20:52:48,584  INFO [LocalJobRunner Map Task Executor #0] mapred.Task:  Using ResourceCalculatorProcessTree : [ ]
2024-04-23T20:52:48,585  INFO [LocalJobRunner Map Task Executor #0] mapred.MapTask: Processing split: org.apache.hadoop.hive.ql.io.NullRowsInputFormat:file:/home/alex/Repositories/hive/ql/target/tmp/localscratchdir/23dbae2e-cee9-4d4d-b4a3-8a660c581501/hive_2024-04-23_20-52-48_097_7981754239293489875-1/dummy_path/null:0+1
2024-04-23T20:52:48,585  INFO [LocalJobRunner Map Task Executor #0] exec.SerializationUtilities: Deserializing MapWork using kryo
2024-04-23T20:52:48,586  INFO [LocalJobRunner Map Task Executor #0] exec.Utilities: Deserialized plan (via FILE) - name: null size: 6,18KB
2024-04-23T20:52:48,586  INFO [LocalJobRunner Map Task Executor #0] mapred.MapTask: numReduceTasks: 0
2024-04-23T20:52:48,586  INFO [LocalJobRunner Map Task Executor #0] exec.MapOperator: Initializing Operator: MAP[0]
2024-04-23T20:52:48,586  INFO [LocalJobRunner Map Task Executor #0] mr.ExecMapper: 
<MAP>Id =0
  <Children>null
  <\Children>
  <Parent><\Parent>
<\MAP>
2024-04-23T20:52:48,587  INFO [LocalJobRunner Map Task Executor #0] exec.TableScanOperator: Initializing Operator: TS[0]
2024-04-23T20:52:48,587  INFO [LocalJobRunner Map Task Executor #0] exec.SelectOperator: Initializing Operator: SEL[1]
2024-04-23T20:52:48,587  INFO [LocalJobRunner Map Task Executor #0] exec.SelectOperator: SELECT null
2024-04-23T20:52:48,587  INFO [LocalJobRunner Map Task Executor #0] exec.UDTFOperator: Initializing Operator: UDTF[2]
2024-04-23T20:52:48,588  INFO [LocalJobRunner Map Task Executor #0] exec.SelectOperator: Initializing Operator: SEL[3]
2024-04-23T20:52:48,588  INFO [LocalJobRunner Map Task Executor #0] exec.SelectOperator: SELECT struct<col1:int,col2:int,col3:int>
2024-04-23T20:52:48,588  INFO [LocalJobRunner Map Task Executor #0] exec.FileSinkOperator: Initializing Operator: FS[4]
2024-04-23T20:52:48,588  INFO [LocalJobRunner Map Task Executor #0] exec.FileSinkOperator: Using serializer : AbstractSerDe [log=org.apache.logging.slf4j.Log4jLogger@4aa280a, configuration=Optional[Configuration: core-default.xml, core-site.xml, mapred-default.xml, mapred-site.xml, yarn-default.xml, yarn-site.xml, hdfs-default.xml, hdfs-site.xml, file:/home/alex/Repositories/hive/ql/target/tmp/TestTxnNoBucketsVectorized/mapred/local/localRunner/alex/job_local1638454678_0061/job_local1638454678_0061.xml], properties={name=default.tmp, columns.types=int:int:int, serialization.format=1, columns=c1,c2,c3, numFilesErasureCoded=0, columns.comments=&amp#0;&amp#0;, bucketing_version=2, serialization.lib=org.apache.hadoop.hive.ql.io.orc.OrcSerde, file.inputformat=org.apache.hadoop.hive.ql.io.orc.OrcInputFormat, file.outputformat=org.apache.hadoop.hive.ql.io.orc.OrcOutputFormat, location=file:/home/alex/Repositories/hive/ql/target/tmp/org.apache.hadoop.hive.ql.TestTxnNoBuckets-1713930630697/warehouse/tmp, column.name.delimiter=,}, tableProperties={name=default.tmp, columns.types=int:int:int, serialization.format=1, columns=c1,c2,c3, numFilesErasureCoded=0, columns.comments=&amp#0;&amp#0;, bucketing_version=2, serialization.lib=org.apache.hadoop.hive.ql.io.orc.OrcSerde, file.inputformat=org.apache.hadoop.hive.ql.io.orc.OrcInputFormat, location=file:/home/alex/Repositories/hive/ql/target/tmp/org.apache.hadoop.hive.ql.TestTxnNoBuckets-1713930630697/warehouse/tmp, file.outputformat=org.apache.hadoop.hive.ql.io.orc.OrcOutputFormat, column.name.delimiter=,}, partitionProperties=Optional.empty, columnNames=[c1, c2, c3], columnTypes=[int, int, int], getClass()=class org.apache.hadoop.hive.ql.io.orc.OrcSerde] and formatter : org.apache.hadoop.hive.ql.io.orc.OrcOutputFormat@36d9dd50
2024-04-23T20:52:48,588  INFO [LocalJobRunner Map Task Executor #0] exec.FileSinkOperator: Final Path: FS file:/home/alex/Repositories/hive/ql/target/tmp/org.apache.hadoop.hive.ql.TestTxnNoBuckets-1713930630697/warehouse/tmp/.hive-staging_hive_2024-04-23_20-52-48_097_7981754239293489875-1/_tmp.-ext-10002/000000_0
2024-04-23T20:52:48,588  INFO [LocalJobRunner Map Task Executor #0] exec.FileSinkOperator: Writing to temp file: FS file:/home/alex/Repositories/hive/ql/target/tmp/org.apache.hadoop.hive.ql.TestTxnNoBuckets-1713930630697/warehouse/tmp/.hive-staging_hive_2024-04-23_20-52-48_097_7981754239293489875-1/_task_tmp.-ext-10002/_tmp.000000_0
2024-04-23T20:52:48,588  INFO [LocalJobRunner Map Task Executor #0] exec.FileSinkOperator: New Final Path: FS file:/home/alex/Repositories/hive/ql/target/tmp/org.apache.hadoop.hive.ql.TestTxnNoBuckets-1713930630697/warehouse/tmp/.hive-staging_hive_2024-04-23_20-52-48_097_7981754239293489875-1/_tmp.-ext-10002/000000_0
2024-04-23T20:52:48,589  INFO [LocalJobRunner Map Task Executor #0] exec.FileSinkOperator: FS[4]: records written - 1
2024-04-23T20:52:48,589  INFO [LocalJobRunner Map Task Executor #0] impl.PhysicalFsWriter: ORC writer created for path: file:/home/alex/Repositories/hive/ql/target/tmp/org.apache.hadoop.hive.ql.TestTxnNoBuckets-1713930630697/warehouse/tmp/.hive-staging_hive_2024-04-23_20-52-48_097_7981754239293489875-1/_task_tmp.-ext-10002/_tmp.000000_0 with stripeSize: 67108864 blockSize: 268435456 compression: Compress: ZLIB buffer: 262144
2024-04-23T20:52:48,595  INFO [LocalJobRunner Map Task Executor #0] impl.WriterImpl: ORC writer created for path: file:/home/alex/Repositories/hive/ql/target/tmp/org.apache.hadoop.hive.ql.TestTxnNoBuckets-1713930630697/warehouse/tmp/.hive-staging_hive_2024-04-23_20-52-48_097_7981754239293489875-1/_task_tmp.-ext-10002/_tmp.000000_0 with stripeSize: 67108864 options: Compress: ZLIB buffer: 262144
2024-04-23T20:52:48,596  INFO [LocalJobRunner Map Task Executor #0] exec.MapOperator: MAP[0]: records read - 1
2024-04-23T20:52:48,596  INFO [LocalJobRunner Map Task Executor #0] exec.MapOperator: Closing Operator: MAP[0]
2024-04-23T20:52:48,596  INFO [LocalJobRunner Map Task Executor #0] exec.MapOperator: MAP[0]: Total records read - 3. abort - false
2024-04-23T20:52:48,596  INFO [LocalJobRunner Map Task Executor #0] exec.MapOperator: RECORDS_IN:3, RECORDS_OUT_OPERATOR_MAP_0:0, RECORDS_OUT_INTERMEDIATE:0, DESERIALIZE_ERRORS:0, 
2024-04-23T20:52:48,596  INFO [LocalJobRunner Map Task Executor #0] exec.TableScanOperator: Closing Operator: TS[0]
2024-04-23T20:52:48,596  INFO [LocalJobRunner Map Task Executor #0] exec.TableScanOperator: RECORDS_OUT_OPERATOR_TS_0:1, RECORDS_OUT_INTERMEDIATE:0, 
2024-04-23T20:52:48,596  INFO [LocalJobRunner Map Task Executor #0] exec.SelectOperator: Closing Operator: SEL[1]
2024-04-23T20:52:48,596  INFO [LocalJobRunner Map Task Executor #0] exec.SelectOperator: RECORDS_OUT_OPERATOR_SEL_1:1, RECORDS_OUT_INTERMEDIATE:0, 
2024-04-23T20:52:48,596  INFO [LocalJobRunner Map Task Executor #0] exec.UDTFOperator: Closing Operator: UDTF[2]
2024-04-23T20:52:48,596  INFO [LocalJobRunner Map Task Executor #0] exec.UDTFOperator: RECORDS_OUT_INTERMEDIATE:0, RECORDS_OUT_OPERATOR_UDTF_2:2, 
2024-04-23T20:52:48,596  INFO [LocalJobRunner Map Task Executor #0] exec.SelectOperator: Closing Operator: SEL[3]
2024-04-23T20:52:48,596  INFO [LocalJobRunner Map Task Executor #0] exec.SelectOperator: RECORDS_OUT_OPERATOR_SEL_3:2, RECORDS_OUT_INTERMEDIATE:0, 
2024-04-23T20:52:48,596  INFO [LocalJobRunner Map Task Executor #0] exec.FileSinkOperator: Closing Operator: FS[4]
2024-04-23T20:52:48,597  INFO [LocalJobRunner Map Task Executor #0] exec.FileSinkOperator: FS[4]: records written - 2
2024-04-23T20:52:48,603  INFO [LocalJobRunner Map Task Executor #0] exec.FileSinkOperator: RECORDS_OUT_1_default.tmp:2, RECORDS_OUT_OPERATOR_FS_4:2, TOTAL_TABLE_ROWS_WRITTEN:2, RECORDS_OUT_INTERMEDIATE:0, 
2024-04-23T20:52:48,603  INFO [LocalJobRunner Map Task Executor #0] mapred.LocalJobRunner: 
2024-04-23T20:52:48,604  INFO [LocalJobRunner Map Task Executor #0] mapred.Task: Task:attempt_local1638454678_0061_m_000000_0 is done. And is in the process of committing
2024-04-23T20:52:48,604  INFO [LocalJobRunner Map Task Executor #0] mapred.LocalJobRunner: map
2024-04-23T20:52:48,604  INFO [LocalJobRunner Map Task Executor #0] mapred.Task: Task 'attempt_local1638454678_0061_m_000000_0' done.
2024-04-23T20:52:48,604  INFO [LocalJobRunner Map Task Executor #0] mapred.Task: Final Counters for attempt_local1638454678_0061_m_000000_0: Counters: 27
	File System Counters
		FILE: Number of bytes read=1540372
		FILE: Number of bytes written=73405148
		FILE: Number of read operations=0
		FILE: Number of large read operations=0
		FILE: Number of write operations=0
	Map-Reduce Framework
		Map input records=4
		Map output records=0
		Input split bytes=361
		Spilled Records=0
		Failed Shuffles=0
		Merged Map outputs=0
		GC time elapsed (ms)=0
		Total committed heap usage (bytes)=1207959552
	HIVE
		CREATED_FILES=1
		DESERIALIZE_ERRORS=0
		RECORDS_IN=3
		RECORDS_OUT_1_default.tmp=2
		RECORDS_OUT_INTERMEDIATE=0
		RECORDS_OUT_OPERATOR_FS_4=2
		RECORDS_OUT_OPERATOR_MAP_0=0
		RECORDS_OUT_OPERATOR_SEL_1=1
		RECORDS_OUT_OPERATOR_SEL_3=2
		RECORDS_OUT_OPERATOR_TS_0=1
		RECORDS_OUT_OPERATOR_UDTF_2=2
		TOTAL_TABLE_ROWS_WRITTEN=2
	File Input Format Counters 
		Bytes Read=6241
	File Output Format Counters 
		Bytes Written=0
2024-04-23T20:52:48,604  INFO [LocalJobRunner Map Task Executor #0] mapred.LocalJobRunner: Finishing task: attempt_local1638454678_0061_m_000000_0
2024-04-23T20:52:48,604  INFO [Thread-4035] mapred.LocalJobRunner: map task executor complete.
2024-04-23 20:52:49,583 Stage-1 map = 100%,  reduce = 0%
2024-04-23T20:52:49,584  INFO [main] exec.Task: 2024-04-23 20:52:49,583 Stage-1 map = 100%,  reduce = 0%
Ended Job = job_local1638454678_0061
2024-04-23T20:52:49,585  INFO [main] exec.Task: Ended Job = job_local1638454678_0061
2024-04-23T20:52:49,587  INFO [main] ql.Driver: Starting task [Stage-7:CONDITIONAL] in serial mode
Stage-4 is selected by condition resolver.
2024-04-23T20:52:49,588  INFO [main] exec.Task: Stage-4 is selected by condition resolver.
Stage-3 is filtered out by condition resolver.
2024-04-23T20:52:49,588  INFO [main] exec.Task: Stage-3 is filtered out by condition resolver.
Stage-5 is filtered out by condition resolver.
2024-04-23T20:52:49,588  INFO [main] exec.Task: Stage-5 is filtered out by condition resolver.
2024-04-23T20:52:49,588  INFO [main] ql.Driver: Starting task [Stage-4:MOVE] in serial mode
Moving data to directory file:/home/alex/Repositories/hive/ql/target/tmp/org.apache.hadoop.hive.ql.TestTxnNoBuckets-1713930630697/warehouse/tmp/.hive-staging_hive_2024-04-23_20-52-48_097_7981754239293489875-1/-ext-10000
2024-04-23T20:52:49,588  INFO [main] exec.Task: Moving data to directory file:/home/alex/Repositories/hive/ql/target/tmp/org.apache.hadoop.hive.ql.TestTxnNoBuckets-1713930630697/warehouse/tmp/.hive-staging_hive_2024-04-23_20-52-48_097_7981754239293489875-1/-ext-10000 from file:/home/alex/Repositories/hive/ql/target/tmp/org.apache.hadoop.hive.ql.TestTxnNoBuckets-1713930630697/warehouse/tmp/.hive-staging_hive_2024-04-23_20-52-48_097_7981754239293489875-1/-ext-10002
2024-04-23T20:52:49,588  INFO [main] ql.Driver: Starting task [Stage-0:MOVE] in serial mode
Loading data to table default.tmp
2024-04-23T20:52:49,588  INFO [main] exec.Task: Loading data to table default.tmp from file:/home/alex/Repositories/hive/ql/target/tmp/org.apache.hadoop.hive.ql.TestTxnNoBuckets-1713930630697/warehouse/tmp/.hive-staging_hive_2024-04-23_20-52-48_097_7981754239293489875-1/-ext-10000
2024-04-23T20:52:49,588  INFO [main] HiveMetaStore.audit: ugi=alex	ip=unknown-ip-addr	cmd=get_table : tbl=hive.default.tmp	
2024-04-23T20:52:49,597  INFO [main] metastore.HMSHandler: Skipping translation for processor with null
2024-04-23T20:52:49,597  INFO [main] HiveMetaStore.audit: ugi=alex	ip=unknown-ip-addr	cmd=get_table : tbl=hive.default.tmp	
2024-04-23T20:52:49,606  INFO [main] metastore.HMSHandler: Skipping translation for processor with null
2024-04-23T20:52:49,607  WARN [main] metadata.Hive: Cannot get a table snapshot for tmp
2024-04-23T20:52:49,607  INFO [main] HiveMetaStore.audit: ugi=alex	ip=unknown-ip-addr	cmd=alter_table: hive.default.tmp newtbl=tmp	
2024-04-23T20:52:49,639  INFO [main] ql.Driver: Starting task [Stage-2:STATS] in serial mode
2024-04-23T20:52:49,640  INFO [main] HiveMetaStore.audit: ugi=alex	ip=unknown-ip-addr	cmd=get_table : tbl=hive.default.tmp	
2024-04-23T20:52:49,652  INFO [main] metastore.HMSHandler: Skipping translation for processor with null
2024-04-23T20:52:49,653  INFO [main] stats.BasicStatsTask: Executing stats task
2024-04-23T20:52:49,653  INFO [main] fs.FSStatsPublisher: created : file:/home/alex/Repositories/hive/ql/target/tmp/localscratchdir/23dbae2e-cee9-4d4d-b4a3-8a660c581501/hive_2024-04-23_20-52-48_097_7981754239293489875-1/-mr-10001
2024-04-23T20:52:49,654  INFO [main] HiveMetaStore.audit: ugi=alex	ip=unknown-ip-addr	cmd=get_table : tbl=hive.default.tmp	
2024-04-23T20:52:49,667  INFO [main] metastore.HMSHandler: Skipping translation for processor with null
2024-04-23T20:52:49,668  INFO [main] FileOperations: Read stats for default.tmp/, numRows, true, 2, false: 
2024-04-23T20:52:49,668  INFO [main] FileOperations: Read stats for default.tmp/, rawDataSize, true, 24, false: 
2024-04-23T20:52:49,669  WARN [main] metadata.Hive: Cannot get a table snapshot for tmp
2024-04-23T20:52:49,669  INFO [main] HiveMetaStore.audit: ugi=alex	ip=unknown-ip-addr	cmd=alter_table: hive.default.tmp newtbl=tmp	
2024-04-23T20:52:49,695  INFO [main] stats.BasicStatsTask: Table default.tmp stats: [numFiles=2, numRows=4, totalSize=562, rawDataSize=48, numFilesErasureCoded=0]
2024-04-23T20:52:49,696  INFO [main] metadata.Hive: Dumping metastore api call timing information for : execution phase
2024-04-23T20:52:49,696  INFO [main] metadata.Hive: Total time spent in each metastore function (ms): {isCompatibleWith_(Configuration)=0, alter_table_(String, String, String, Table, EnvironmentContext, String)=58, getTable_(GetTableRequest)=45}
MapReduce Jobs Launched: 
2024-04-23T20:52:49,696  INFO [main] ql.Driver: MapReduce Jobs Launched: 
Stage-Stage-1:  HDFS Read: 0 HDFS Write: 0 SUCCESS
2024-04-23T20:52:49,696  INFO [main] ql.Driver: Stage-Stage-1:  HDFS Read: 0 HDFS Write: 0 SUCCESS
Total MapReduce CPU Time Spent: 0 msec
2024-04-23T20:52:49,697  INFO [main] ql.Driver: Total MapReduce CPU Time Spent: 0 msec
2024-04-23T20:52:49,697  INFO [main] ql.Driver: Completed executing command(queryId=alex_20240423205248_5c4205a7-a1a4-4490-9146-1e741d04185b); Time taken: 1.396 seconds
2024-04-23T20:52:49,697  INFO [main] lockmgr.DbTxnManager: Stopped heartbeat for query: alex_20240423205248_5c4205a7-a1a4-4490-9146-1e741d04185b
2024-04-23T20:52:49,700  INFO [main] txn.TxnHandler: Expected to move at least one record from txn_components to completed_txn_components when committing txn! txnid:16
2024-04-23T20:52:49,706  INFO [main] txn.TxnHandler: Removed transactions: ([16]) from MIN_HISTORY_LEVEL
2024-04-23T20:52:49,706  WARN [main] txn.CompactionTxnHandler: No compaction queue record found for Compaction type transaction commit. txnId:16
2024-04-23T20:52:49,707  INFO [main] ql.TxnCommandsBaseForTests: Running the query: drop table if exists nobuckets
2024-04-23T20:52:49,707  INFO [main] ql.Context: Deleting scratch dir: file:/home/alex/Repositories/hive/ql/target/tmp/localscratchdir/23dbae2e-cee9-4d4d-b4a3-8a660c581501/hive_2024-04-23_20-52-48_097_7981754239293489875-1
2024-04-23T20:52:49,708  INFO [main] cleanup.SyncCleanupService: Deleted directory: file:/home/alex/Repositories/hive/ql/target/tmp/localscratchdir/23dbae2e-cee9-4d4d-b4a3-8a660c581501/hive_2024-04-23_20-52-48_097_7981754239293489875-1 on fs with scheme file
2024-04-23T20:52:49,708  INFO [main] ql.Context: Deleting scratch dir: file:/home/alex/Repositories/hive/ql/target/tmp/org.apache.hadoop.hive.ql.TestTxnNoBuckets-1713930630697/warehouse/tmp/.hive-staging_hive_2024-04-23_20-52-48_097_7981754239293489875-1
2024-04-23T20:52:49,708  INFO [main] cleanup.SyncCleanupService: Deleted directory: file:/home/alex/Repositories/hive/ql/target/tmp/org.apache.hadoop.hive.ql.TestTxnNoBuckets-1713930630697/warehouse/tmp/.hive-staging_hive_2024-04-23_20-52-48_097_7981754239293489875-1 on fs with scheme file
2024-04-23T20:52:49,709  INFO [main] ql.Driver: Compiling command(queryId=alex_20240423205249_48ccc4bc-2f53-4070-ab25-fad075c466e4): drop table if exists nobuckets
2024-04-23T20:52:49,711  INFO [main] txn.TxnHandler: Added entries to MIN_HISTORY_LEVEL for current txns: ([17]) with min_open_txn: 17
2024-04-23T20:52:49,711  INFO [main] lockmgr.DbTxnManager: Opened txnid:17
2024-04-23T20:52:49,712  INFO [main] HiveMetaStore.audit: ugi=alex	ip=unknown-ip-addr	cmd=get_table : tbl=hive.default.nobuckets	
2024-04-23T20:52:49,719  INFO [main] metastore.HMSHandler: Skipping translation for processor with null
2024-04-23T20:52:49,719  INFO [main] ql.Driver: Semantic Analysis Completed (retrial = false)
2024-04-23T20:52:49,719  INFO [main] ql.Driver: Created Hive schema: Schema(fieldSchemas:null, properties:null)
2024-04-23T20:52:49,719  INFO [main] metadata.Hive: Dumping metastore api call timing information for : compilation phase
2024-04-23T20:52:49,719  INFO [main] metadata.Hive: Total time spent in each metastore function (ms): {isCompatibleWith_(Configuration)=0, openTxn_(String, TxnType)=2, getValidTxns_(long)=1, commitTxn_(CommitTxnRequest)=10, flushCache_()=0, getTable_(GetTableRequest)=7}
2024-04-23T20:52:49,719  INFO [main] ql.Driver: Completed compiling command(queryId=alex_20240423205249_48ccc4bc-2f53-4070-ab25-fad075c466e4); Time taken: 0.01 seconds
2024-04-23T20:52:49,720  INFO [main] lockmgr.DbTxnManager: Setting lock request transaction to txnid:17 for queryId=alex_20240423205249_48ccc4bc-2f53-4070-ab25-fad075c466e4
2024-04-23T20:52:49,720  INFO [main] lockmgr.DbLockManager: Requesting lock for queryId=alex_20240423205249_48ccc4bc-2f53-4070-ab25-fad075c466e4
2024-04-23T20:52:49,734  INFO [main] lockmgr.DbLockManager: Response to queryId=alex_20240423205249_48ccc4bc-2f53-4070-ab25-fad075c466e4 LockResponse(lockid:11, state:ACQUIRED)
2024-04-23T20:52:49,734  INFO [main] ql.Driver: Operation DROPTABLE obtained 1 locks
2024-04-23T20:52:49,734  INFO [main] ql.Driver: Executing command(queryId=alex_20240423205249_48ccc4bc-2f53-4070-ab25-fad075c466e4): drop table if exists nobuckets
2024-04-23T20:52:49,734  INFO [main] ql.Driver: Starting task [Stage-0:DDL] in serial mode
2024-04-23T20:52:49,735  INFO [main] HiveMetaStore.audit: ugi=alex	ip=unknown-ip-addr	cmd=get_table : tbl=hive.default.nobuckets	
2024-04-23T20:52:49,741  INFO [main] metastore.HMSHandler: Skipping translation for processor with null
2024-04-23T20:52:49,742  INFO [main] HiveMetaStore.audit: ugi=alex	ip=unknown-ip-addr	cmd=get_table : tbl=hive.default.nobuckets	
2024-04-23T20:52:49,748  INFO [main] metastore.HMSHandler: Skipping translation for processor with null
2024-04-23T20:52:49,749  INFO [main] HiveMetaStore.audit: ugi=alex	ip=unknown-ip-addr	cmd=drop_table : tbl=hive.default.nobuckets	
2024-04-23T20:52:49,898  WARN [main] utils.FileUtils: File file:/home/alex/Repositories/hive/ql/target/tmp/org.apache.hadoop.hive.ql.TestTxnNoBuckets-1713930630697/warehouse/nobuckets does not exist; Force to delete it.
2024-04-23T20:52:49,898 ERROR [main] utils.FileUtils: Failed to delete file:/home/alex/Repositories/hive/ql/target/tmp/org.apache.hadoop.hive.ql.TestTxnNoBuckets-1713930630697/warehouse/nobuckets
2024-04-23T20:52:49,899  INFO [main] metadata.Hive: Dumping metastore api call timing information for : execution phase
2024-04-23T20:52:49,899  INFO [main] metadata.Hive: Total time spent in each metastore function (ms): {getTable_(GetTableRequest)=7, dropTable_(String, String, boolean, boolean, boolean)=157, isCompatibleWith_(Configuration)=0}
2024-04-23T20:52:49,899  INFO [main] ql.Driver: Completed executing command(queryId=alex_20240423205249_48ccc4bc-2f53-4070-ab25-fad075c466e4); Time taken: 0.164 seconds
2024-04-23T20:52:49,899  INFO [main] lockmgr.DbTxnManager: Stopped heartbeat for query: alex_20240423205249_48ccc4bc-2f53-4070-ab25-fad075c466e4
2024-04-23T20:52:49,903  INFO [main] txn.TxnHandler: Expected to move at least one record from txn_components to completed_txn_components when committing txn! txnid:17
2024-04-23T20:52:49,910  INFO [main] txn.TxnHandler: Removed transactions: ([17]) from MIN_HISTORY_LEVEL
2024-04-23T20:52:49,911  WARN [main] txn.CompactionTxnHandler: No compaction queue record found for Compaction type transaction commit. txnId:17
2024-04-23T20:52:49,912  INFO [main] ql.TxnCommandsBaseForTests: Running the query: create table nobuckets (c1 integer, c2 integer, c3 integer) stored as orc tblproperties('transactional'='true', 'transactional_properties'='default')
2024-04-23T20:52:49,912  INFO [main] ql.Driver: Compiling command(queryId=alex_20240423205249_12182528-31b0-4e8c-92c2-aa72ef30eae2): create table nobuckets (c1 integer, c2 integer, c3 integer) stored as orc tblproperties('transactional'='true', 'transactional_properties'='default')
2024-04-23T20:52:49,921  INFO [main] txn.TxnHandler: Added entries to MIN_HISTORY_LEVEL for current txns: ([18]) with min_open_txn: 17
2024-04-23T20:52:49,921  INFO [main] lockmgr.DbTxnManager: Opened txnid:18
2024-04-23T20:52:49,923  INFO [main] parse.CalcitePlanner: Starting caching scope for: 
2024-04-23T20:52:49,923  INFO [main] parse.CalcitePlanner: Starting Semantic Analysis
2024-04-23T20:52:49,929  INFO [main] parse.CalcitePlanner: Creating table default.nobuckets position=13
2024-04-23T20:52:49,929  INFO [main] HiveMetaStore.audit: ugi=alex	ip=unknown-ip-addr	cmd=get_database: default	
2024-04-23T20:52:49,934  INFO [main] parse.CalcitePlanner: Ending caching scope for: 
2024-04-23T20:52:49,934  INFO [main] ql.Driver: Semantic Analysis Completed (retrial = false)
2024-04-23T20:52:49,934  INFO [main] ql.Driver: Created Hive schema: Schema(fieldSchemas:null, properties:null)
2024-04-23T20:52:49,934  INFO [main] metadata.Hive: Dumping metastore api call timing information for : compilation phase
2024-04-23T20:52:49,934  INFO [main] metadata.Hive: Total time spent in each metastore function (ms): {isCompatibleWith_(Configuration)=1, getValidWriteIds_(List, String)=5, getValidTxns_(long)=2, flushCache_()=0, openTxn_(String, TxnType)=8, getDatabase_(String)=5, commitTxn_(CommitTxnRequest)=13}
2024-04-23T20:52:49,935  INFO [main] ql.Driver: Completed compiling command(queryId=alex_20240423205249_12182528-31b0-4e8c-92c2-aa72ef30eae2); Time taken: 0.022 seconds
2024-04-23T20:52:49,935  INFO [main] lockmgr.DbTxnManager: Setting lock request transaction to txnid:18 for queryId=alex_20240423205249_12182528-31b0-4e8c-92c2-aa72ef30eae2
2024-04-23T20:52:49,935  INFO [main] lockmgr.DbLockManager: Requesting lock for queryId=alex_20240423205249_12182528-31b0-4e8c-92c2-aa72ef30eae2
2024-04-23T20:52:49,954  INFO [main] lockmgr.DbLockManager: Response to queryId=alex_20240423205249_12182528-31b0-4e8c-92c2-aa72ef30eae2 LockResponse(lockid:12, state:ACQUIRED)
2024-04-23T20:52:49,954  INFO [main] ql.Driver: Operation CREATETABLE obtained 1 locks
2024-04-23T20:52:49,955  INFO [main] ql.Driver: Executing command(queryId=alex_20240423205249_12182528-31b0-4e8c-92c2-aa72ef30eae2): create table nobuckets (c1 integer, c2 integer, c3 integer) stored as orc tblproperties('transactional'='true', 'transactional_properties'='default')
2024-04-23T20:52:49,955  INFO [main] ql.Driver: Starting task [Stage-0:DDL] in serial mode
2024-04-23T20:52:49,956  INFO [main] HiveMetaStore.audit: ugi=alex	ip=unknown-ip-addr	cmd=create_table_req: Table(tableName:nobuckets, dbName:default, owner:alex, createTime:1713930769, lastAccessTime:0, retention:0, sd:StorageDescriptor(cols:[FieldSchema(name:c1, type:int, comment:null), FieldSchema(name:c2, type:int, comment:null), FieldSchema(name:c3, type:int, comment:null)], location:null, inputFormat:org.apache.hadoop.hive.ql.io.orc.OrcInputFormat, outputFormat:org.apache.hadoop.hive.ql.io.orc.OrcOutputFormat, compressed:false, numBuckets:-1, serdeInfo:SerDeInfo(name:null, serializationLib:org.apache.hadoop.hive.ql.io.orc.OrcSerde, parameters:{serialization.format=1}), bucketCols:[], sortCols:[], parameters:{}, skewedInfo:SkewedInfo(skewedColNames:[], skewedColValues:[], skewedColValueLocationMaps:{}), storedAsSubDirectories:false), partitionKeys:[], parameters:{transactional=true, rawDataSize=0, totalSize=0, numFiles=0, transactional_properties=default, COLUMN_STATS_ACCURATE={"BASIC_STATS":"true","COLUMN_STATS":{"c1":"true","c2":"true","c3":"true"}}, numFilesErasureCoded=0, bucketing_version=2, numRows=0}, viewOriginalText:null, viewExpandedText:null, tableType:MANAGED_TABLE, privileges:PrincipalPrivilegeSet(userPrivileges:{alex=[PrivilegeGrantInfo(privilege:INSERT, createTime:-1, grantor:alex, grantorType:USER, grantOption:true), PrivilegeGrantInfo(privilege:SELECT, createTime:-1, grantor:alex, grantorType:USER, grantOption:true), PrivilegeGrantInfo(privilege:UPDATE, createTime:-1, grantor:alex, grantorType:USER, grantOption:true), PrivilegeGrantInfo(privilege:DELETE, createTime:-1, grantor:alex, grantorType:USER, grantOption:true)]}, groupPrivileges:null, rolePrivileges:null), temporary:false, catName:hive, ownerType:USER, writeId:0)	
2024-04-23T20:52:49,963  INFO [main] utils.FileUtils: Creating directory if it doesn't exist: file:/home/alex/Repositories/hive/ql/target/tmp/org.apache.hadoop.hive.ql.TestTxnNoBuckets-1713930630697/warehouse/nobuckets
2024-04-23T20:52:49,993  INFO [main] metadata.Hive: Dumping metastore api call timing information for : execution phase
2024-04-23T20:52:49,993  INFO [main] metadata.Hive: Total time spent in each metastore function (ms): {isCompatibleWith_(Configuration)=0, createTable_(Table)=37}
2024-04-23T20:52:49,994  INFO [main] ql.Driver: Completed executing command(queryId=alex_20240423205249_12182528-31b0-4e8c-92c2-aa72ef30eae2); Time taken: 0.038 seconds
2024-04-23T20:52:49,994  INFO [main] lockmgr.DbTxnManager: Stopped heartbeat for query: alex_20240423205249_12182528-31b0-4e8c-92c2-aa72ef30eae2
2024-04-23T20:52:49,998  INFO [main] txn.TxnHandler: Expected to move at least one record from txn_components to completed_txn_components when committing txn! txnid:18
2024-04-23T20:52:50,003  INFO [main] txn.TxnHandler: Removed transactions: ([18]) from MIN_HISTORY_LEVEL
2024-04-23T20:52:50,003  WARN [main] txn.CompactionTxnHandler: No compaction queue record found for Compaction type transaction commit. txnId:18
2024-04-23T20:52:50,004  INFO [main] ql.TxnCommandsBaseForTests: Running the query: insert into nobuckets select * from tmp
2024-04-23T20:52:50,004  INFO [main] ql.Driver: Compiling command(queryId=alex_20240423205250_0c85bafe-7631-4b70-a502-30f53bb43e33): insert into nobuckets select * from tmp
2024-04-23T20:52:50,006  INFO [main] txn.TxnHandler: Added entries to MIN_HISTORY_LEVEL for current txns: ([19]) with min_open_txn: 17
2024-04-23T20:52:50,007  INFO [main] lockmgr.DbTxnManager: Opened txnid:19
2024-04-23T20:52:50,007  INFO [main] parse.CalcitePlanner: Starting caching scope for: 
2024-04-23T20:52:50,007  INFO [main] parse.CalcitePlanner: Starting Semantic Analysis
2024-04-23T20:52:50,010  INFO [main] parse.CalcitePlanner: Completed phase 1 of Semantic Analysis
2024-04-23T20:52:50,010  INFO [main] parse.CalcitePlanner: Get metadata for source tables
2024-04-23T20:52:50,011  INFO [main] HiveMetaStore.audit: ugi=alex	ip=unknown-ip-addr	cmd=get_table : tbl=hive.default.tmp	
2024-04-23T20:52:50,038  INFO [main] metastore.HMSHandler: Skipping translation for processor with null
2024-04-23T20:52:50,039  INFO [main] parse.CalcitePlanner: Get metadata for subqueries
2024-04-23T20:52:50,039  INFO [main] parse.CalcitePlanner: Get metadata for destination tables
2024-04-23T20:52:50,039  INFO [main] HiveMetaStore.audit: ugi=alex	ip=unknown-ip-addr	cmd=get_table : tbl=hive.default.nobuckets	
2024-04-23T20:52:50,045  INFO [main] metastore.HMSHandler: Skipping translation for processor with null
2024-04-23T20:52:50,046  INFO [main] parse.CalcitePlanner: Completed getting MetaData in Semantic Analysis
2024-04-23T20:52:50,046  INFO [main] parse.CalcitePlanner: Disabling LLAP IO encode as ETL query is detected
2024-04-23T20:52:50,058  INFO [main] HiveMetaStore.audit: ugi=alex	ip=unknown-ip-addr	cmd=get_all_table_constraints : tbl=hive.default.tmp	
2024-04-23T20:52:50,087  INFO [main] calcite.RelOptHiveTable: Calculating column statistics for default.tmp, projIndxSet: [0, 1, 2], allowMissingStats: true
2024-04-23T20:52:50,088  INFO [main] HiveMetaStore.audit: ugi=alex	ip=unknown-ip-addr	cmd=get_table_statistics_req: table=hive.default.tmp	
2024-04-23T20:52:50,101  WARN [main] calcite.RelOptHiveTable: No Stats for default@tmp, Columns: c3, c2, c1
No Stats for default@tmp, Columns: c3, c2, c1
2024-04-23T20:52:50,102  INFO [main] SessionState: No Stats for default@tmp, Columns: c3, c2, c1
2024-04-23T20:52:50,147  INFO [main] parse.CalcitePlanner: Get metadata for source tables
2024-04-23T20:52:50,147  INFO [main] parse.CalcitePlanner: Get metadata for subqueries
2024-04-23T20:52:50,147  INFO [main] parse.CalcitePlanner: Get metadata for destination tables
2024-04-23T20:52:50,148  INFO [main] HiveMetaStore.audit: ugi=alex	ip=unknown-ip-addr	cmd=get_table : tbl=hive.default.nobuckets	
2024-04-23T20:52:50,155  INFO [main] metastore.HMSHandler: Skipping translation for processor with null
2024-04-23T20:52:50,156  INFO [main] HiveMetaStore.audit: ugi=alex	ip=unknown-ip-addr	cmd=get_not_null_constraints : tbl=hive.default.nobuckets	
2024-04-23T20:52:50,157  INFO [main] HiveMetaStore.audit: ugi=alex	ip=unknown-ip-addr	cmd=get_check_constraints : tbl=hive.default.nobuckets	
2024-04-23T20:52:50,166  INFO [main] txn.TxnHandler: Allocated writeId: 1 for txnId: 19
2024-04-23T20:52:50,166  INFO [main] txn.TxnHandler: Allocated write ids for dbName=default, tblName=nobuckets (txnIds: [19])
2024-04-23T20:52:50,169  INFO [main] parse.CalcitePlanner: CBO Succeeded; optimized logical plan.
2024-04-23T20:52:50,171  INFO [main] optimizer.BucketVersionPopulator: not considering bucketingVersion for: TS[0] because it has -1<2 buckets 
2024-04-23T20:52:50,172  INFO [main] optimizer.SortedDynPartitionOptimizer: Sorted dynamic partitioning optimization kicked in..
2024-04-23T20:52:50,181  INFO [main] HiveMetaStore.audit: ugi=alex	ip=unknown-ip-addr	cmd=get_table : tbl=hive.default.nobuckets	
2024-04-23T20:52:50,188  INFO [main] metastore.HMSHandler: Skipping translation for processor with null
2024-04-23T20:52:50,189  INFO [main] physical.Vectorizer: Examining input format to see if vectorization is enabled.
2024-04-23T20:52:50,190  INFO [main] physical.Vectorizer: Vectorization is enabled for input format(s) [org.apache.hadoop.hive.ql.io.orc.OrcInputFormat]
2024-04-23T20:52:50,190  INFO [main] physical.Vectorizer: Validating and vectorizing MapWork... (vectorizedVertexNum 0)
2024-04-23T20:52:50,190  INFO [main] physical.Vectorizer: Map vectorization enabled: true
2024-04-23T20:52:50,190  INFO [main] physical.Vectorizer: Map vectorized: true
2024-04-23T20:52:50,190  INFO [main] physical.Vectorizer: Map vectorizedVertexNum: 0
2024-04-23T20:52:50,191  INFO [main] physical.Vectorizer: Map enabledConditionsMet: [hive.vectorized.use.vectorized.input.format IS true]
2024-04-23T20:52:50,191  INFO [main] physical.Vectorizer: Map inputFileFormatClassNameSet: [org.apache.hadoop.hive.ql.io.orc.OrcInputFormat]
2024-04-23T20:52:50,191  INFO [main] parse.CalcitePlanner: Completed plan generation
2024-04-23T20:52:50,191  INFO [main] parse.CalcitePlanner: Ending caching scope for: 
2024-04-23T20:52:50,191  INFO [main] ql.Driver: Semantic Analysis Completed (retrial = false)
2024-04-23T20:52:50,191  INFO [main] ql.Driver: Created Hive schema: Schema(fieldSchemas:[FieldSchema(name:tmp.c1, type:int, comment:null), FieldSchema(name:tmp.c2, type:int, comment:null), FieldSchema(name:tmp.c3, type:int, comment:null)], properties:null)
2024-04-23T20:52:50,191  INFO [main] metadata.Hive: Dumping metastore api call timing information for : compilation phase
2024-04-23T20:52:50,191  INFO [main] metadata.Hive: Total time spent in each metastore function (ms): {getTableColumnStatistics_(String, String, List, String)=13, allocateTableWriteId_(long, String, String)=7, getTable_(GetTableRequest)=48, commitTxn_(CommitTxnRequest)=10, getValidTxns_(long)=0, getNotNullConstraints_(NotNullConstraintsRequest)=1, openTxn_(String, TxnType)=2, getCheckConstraints_(CheckConstraintsRequest)=1, flushCache_()=0, isCompatibleWith_(Configuration)=1, getValidWriteIds_(List, String)=2, getAllTableConstraints_(AllTableConstraintsRequest)=27}
2024-04-23T20:52:50,191  INFO [main] ql.Driver: Completed compiling command(queryId=alex_20240423205250_0c85bafe-7631-4b70-a502-30f53bb43e33); Time taken: 0.187 seconds
2024-04-23T20:52:50,192  INFO [main] lockmgr.DbTxnManager: Setting lock request transaction to txnid:19 for queryId=alex_20240423205250_0c85bafe-7631-4b70-a502-30f53bb43e33
2024-04-23T20:52:50,192  INFO [main] lockmgr.DbLockManager: Requesting lock for queryId=alex_20240423205250_0c85bafe-7631-4b70-a502-30f53bb43e33
2024-04-23T20:52:50,212  INFO [main] lockmgr.DbLockManager: Response to queryId=alex_20240423205250_0c85bafe-7631-4b70-a502-30f53bb43e33 LockResponse(lockid:13, state:ACQUIRED)
2024-04-23T20:52:50,212  INFO [main] ql.Driver: Operation QUERY obtained 1 locks
2024-04-23T20:52:50,214  INFO [main] ql.Driver: Executing command(queryId=alex_20240423205250_0c85bafe-7631-4b70-a502-30f53bb43e33): insert into nobuckets select * from tmp
2024-04-23T20:52:50,215  WARN [main] ql.Driver: Hive-on-MR is deprecated in Hive 2 and may not be available in the future versions. Consider using a different execution engine (i.e. tez, spark) or using Hive 1.X releases.
Query ID = alex_20240423205250_0c85bafe-7631-4b70-a502-30f53bb43e33
2024-04-23T20:52:50,215  INFO [main] ql.Driver: Query ID = alex_20240423205250_0c85bafe-7631-4b70-a502-30f53bb43e33
Total jobs = 1
2024-04-23T20:52:50,215  INFO [main] ql.Driver: Total jobs = 1
Launching Job 1 out of 1
2024-04-23T20:52:50,215  INFO [main] ql.Driver: Launching Job 1 out of 1
2024-04-23T20:52:50,368  INFO [main] ql.Driver: Starting task [Stage-1:MAPRED] in serial mode
Number of reduce tasks is set to 0 since there's no reduce operator
2024-04-23T20:52:50,368  INFO [main] exec.Task: Number of reduce tasks is set to 0 since there's no reduce operator
2024-04-23T20:52:50,371  INFO [main] mr.ExecDriver: Using org.apache.hadoop.hive.ql.io.HiveInputFormat
2024-04-23T20:52:50,371  INFO [main] exec.Utilities: Processing alias tmp
2024-04-23T20:52:50,371  INFO [main] exec.Utilities: Adding 1 inputs; the first input is file:/home/alex/Repositories/hive/ql/target/tmp/org.apache.hadoop.hive.ql.TestTxnNoBuckets-1713930630697/warehouse/tmp
2024-04-23T20:52:50,381  INFO [main] exec.SerializationUtilities: Serializing MapWork using kryo
2024-04-23T20:52:50,382  INFO [main] exec.Utilities: Serialized plan (via FILE) - name: null size: 6,07KB
2024-04-23T20:52:50,383  WARN [main] impl.MetricsSystemImpl: JobTracker metrics system already initialized!
2024-04-23T20:52:50,387  INFO [main] fs.FSStatsPublisher: created : file:/home/alex/Repositories/hive/ql/target/tmp/localscratchdir/23dbae2e-cee9-4d4d-b4a3-8a660c581501/hive_2024-04-23_20-52-50_004_2552511093820011447-1/-mr-10000
2024-04-23T20:52:50,389  WARN [main] impl.MetricsSystemImpl: JobTracker metrics system already initialized!
2024-04-23T20:52:50,397  WARN [main] mapreduce.JobResourceUploader: Hadoop command-line option parsing not performed. Implement the Tool interface and execute your application with ToolRunner to remedy this.
2024-04-23T20:52:50,401  WARN [main] mapreduce.JobResourceUploader: No job jar file set.  User classes may not be found. See Job or Job#setJar(String).
2024-04-23T20:52:50,402  INFO [main] io.HiveInputFormat: hive.io.file.readcolumn.ids = 0,1,2
2024-04-23T20:52:50,402  INFO [main] io.HiveInputFormat: hive.io.file.readcolumn.names = c1,c2,c3
2024-04-23T20:52:50,402  INFO [main] io.HiveInputFormat: Generating splits for dirs: file:/home/alex/Repositories/hive/ql/target/tmp/org.apache.hadoop.hive.ql.TestTxnNoBuckets-1713930630697/warehouse/tmp
2024-04-23T20:52:50,402  INFO [main] orc.OrcInputFormat: getSplits started
2024-04-23T20:52:50,402  INFO [main] orc.OrcInputFormat: Context:: isAcid: false isVectorMode: true sarg: null minSplitSize: 1 maxSplitSize: 256000000 splitStrategy: HYBRID footerInSplits: false numBuckets: 0 numThreads: 10 cacheMemSize: 268435456 cacheStripeDetails: true useSoftReference: false writeIdList: null:9223372036854775807:9223372036854775807:: isTransactionalTable: true txnProperties: default 
2024-04-23T20:52:50,402  INFO [main] orc.OrcInputFormat: ORC pushdown predicate: null
2024-04-23T20:52:50,409  INFO [main] orc.OrcInputFormat: FooterCacheHitRatio: 0/2
2024-04-23T20:52:50,409  INFO [main] orc.OrcInputFormat: getSplits finished (#splits: 2). duration: 7 ms
2024-04-23T20:52:50,409  INFO [main] io.HiveInputFormat: number of splits 2
2024-04-23T20:52:50,428  INFO [main] mapreduce.JobSubmitter: number of splits:2
2024-04-23T20:52:50,448  INFO [main] mapreduce.JobSubmitter: Submitting tokens for job: job_local1943027400_0062
2024-04-23T20:52:50,448  INFO [main] mapreduce.JobSubmitter: Executing with tokens: []
2024-04-23T20:52:50,524  INFO [main] mapreduce.Job: The url to track the job: http://localhost:8080/
Job running in-process (local Hadoop)
2024-04-23T20:52:50,524  INFO [main] exec.Task: Job running in-process (local Hadoop)
2024-04-23T20:52:50,524  INFO [Thread-4077] mapred.LocalJobRunner: OutputCommitter set in config org.apache.hadoop.hive.ql.io.HiveFileFormatUtils$NullOutputCommitter
2024-04-23T20:52:50,524  INFO [Thread-4077] mapred.LocalJobRunner: OutputCommitter is org.apache.hadoop.hive.ql.io.HiveFileFormatUtils$NullOutputCommitter
2024-04-23T20:52:50,526  INFO [Thread-4077] mapred.LocalJobRunner: Waiting for map tasks
2024-04-23T20:52:50,526  INFO [LocalJobRunner Map Task Executor #0] mapred.LocalJobRunner: Starting task: attempt_local1943027400_0062_m_000000_0
2024-04-23T20:52:50,527  INFO [LocalJobRunner Map Task Executor #0] mapred.Task:  Using ResourceCalculatorProcessTree : [ ]
2024-04-23T20:52:50,527  INFO [LocalJobRunner Map Task Executor #0] mapred.MapTask: Processing split: org.apache.hadoop.hive.ql.io.orc.OrcInputFormat:OrcSplit [file:/home/alex/Repositories/hive/ql/target/tmp/org.apache.hadoop.hive.ql.TestTxnNoBuckets-1713930630697/warehouse/tmp/000000_0, start=0, length=281, isOriginal=true, fileLength=281, hasFooter=false, hasBase=true, deltas=0]
2024-04-23T20:52:50,528  INFO [LocalJobRunner Map Task Executor #0] exec.SerializationUtilities: Deserializing MapWork using kryo
2024-04-23T20:52:50,528  INFO [LocalJobRunner Map Task Executor #0] exec.Utilities: Deserialized plan (via FILE) - name: null size: 6,07KB
2024-04-23T20:52:50,529  INFO [LocalJobRunner Map Task Executor #0] orc.ReaderImpl: Reading ORC rows from file:/home/alex/Repositories/hive/ql/target/tmp/org.apache.hadoop.hive.ql.TestTxnNoBuckets-1713930630697/warehouse/tmp/000000_0 with {include: [true, true, true, true], offset: 0, length: 281, schema: struct<c1:int,c2:int,c3:int>, includeAcidColumns: true}
2024-04-23T20:52:50,530  INFO [LocalJobRunner Map Task Executor #0] mapred.MapTask: numReduceTasks: 0
2024-04-23T20:52:50,530  INFO [LocalJobRunner Map Task Executor #0] vector.VectorMapOperator: Initializing Operator: MAP[0]
2024-04-23T20:52:50,530  INFO [LocalJobRunner Map Task Executor #0] mr.ExecMapper: 
<MAP>Id =0
  <Children>null
  <\Children>
  <Parent><\Parent>
<\MAP>
2024-04-23T20:52:50,531  INFO [LocalJobRunner Map Task Executor #0] exec.TableScanOperator: Initializing Operator: TS[0]
2024-04-23T20:52:50,531  INFO [LocalJobRunner Map Task Executor #0] vector.VectorSelectOperator: Initializing Operator: SEL[3]
2024-04-23T20:52:50,531  INFO [LocalJobRunner Map Task Executor #0] vector.VectorFileSinkOperator: Initializing Operator: FS[4]
2024-04-23T20:52:50,532  INFO [LocalJobRunner Map Task Executor #0] exec.FileSinkOperator: Using serializer : AbstractSerDe [log=org.apache.logging.slf4j.Log4jLogger@4aa280a, configuration=Optional[Configuration: core-default.xml, core-site.xml, mapred-default.xml, mapred-site.xml, yarn-default.xml, yarn-site.xml, hdfs-default.xml, hdfs-site.xml, file:/home/alex/Repositories/hive/ql/target/tmp/TestTxnNoBucketsVectorized/mapred/local/localRunner/alex/job_local1943027400_0062/job_local1943027400_0062.xml], properties={transactional_properties=default, name=default.nobuckets, transactional=true, columns.types=int:int:int, columns=c1,c2,c3, numFilesErasureCoded=0, columns.comments=&amp#0;&amp#0;, bucketing_version=2, serialization.lib=org.apache.hadoop.hive.ql.io.orc.OrcSerde, file.inputformat=org.apache.hadoop.hive.ql.io.orc.OrcInputFormat, file.outputformat=org.apache.hadoop.hive.ql.io.orc.OrcOutputFormat, location=file:/home/alex/Repositories/hive/ql/target/tmp/org.apache.hadoop.hive.ql.TestTxnNoBuckets-1713930630697/warehouse/nobuckets, column.name.delimiter=,}, tableProperties={transactional_properties=default, name=default.nobuckets, transactional=true, columns.types=int:int:int, columns=c1,c2,c3, numFilesErasureCoded=0, columns.comments=&amp#0;&amp#0;, bucketing_version=2, serialization.lib=org.apache.hadoop.hive.ql.io.orc.OrcSerde, file.inputformat=org.apache.hadoop.hive.ql.io.orc.OrcInputFormat, location=file:/home/alex/Repositories/hive/ql/target/tmp/org.apache.hadoop.hive.ql.TestTxnNoBuckets-1713930630697/warehouse/nobuckets, file.outputformat=org.apache.hadoop.hive.ql.io.orc.OrcOutputFormat, column.name.delimiter=,}, partitionProperties=Optional.empty, columnNames=[c1, c2, c3], columnTypes=[int, int, int], getClass()=class org.apache.hadoop.hive.ql.io.orc.OrcSerde] and formatter : org.apache.hadoop.hive.ql.io.orc.OrcOutputFormat@690e1792
2024-04-23T20:52:50,533  INFO [LocalJobRunner Map Task Executor #0] exec.FileSinkOperator: Final Path: FS file:/home/alex/Repositories/hive/ql/target/tmp/org.apache.hadoop.hive.ql.TestTxnNoBuckets-1713930630697/warehouse/nobuckets
2024-04-23T20:52:50,533  INFO [LocalJobRunner Map Task Executor #0] exec.FileSinkOperator: New Final Path: FS file:/home/alex/Repositories/hive/ql/target/tmp/org.apache.hadoop.hive.ql.TestTxnNoBuckets-1713930630697/warehouse/nobuckets
2024-04-23T20:52:50,533  INFO [LocalJobRunner Map Task Executor #0] common.FileUtils: Creating directory if it doesn't exist: file:/home/alex/Repositories/hive/ql/target/tmp/org.apache.hadoop.hive.ql.TestTxnNoBuckets-1713930630697/warehouse
2024-04-23T20:52:50,533  INFO [LocalJobRunner Map Task Executor #0] exec.FileSinkOperator: FS[4]: records written - 1
2024-04-23T20:52:50,533  INFO [LocalJobRunner Map Task Executor #0] impl.PhysicalFsWriter: ORC writer created for path: file:/home/alex/Repositories/hive/ql/target/tmp/org.apache.hadoop.hive.ql.TestTxnNoBuckets-1713930630697/warehouse/nobuckets/delta_0000001_0000001_0000/bucket_00000_0 with stripeSize: 8388608 blockSize: 268435456 compression: Compress: ZLIB buffer: 32768
2024-04-23T20:52:50,540  INFO [LocalJobRunner Map Task Executor #0] impl.WriterImpl: ORC writer created for path: file:/home/alex/Repositories/hive/ql/target/tmp/org.apache.hadoop.hive.ql.TestTxnNoBuckets-1713930630697/warehouse/nobuckets/delta_0000001_0000001_0000/bucket_00000_0 with stripeSize: 8388608 options: Compress: ZLIB buffer: 32768
2024-04-23T20:52:50,545  INFO [LocalJobRunner Map Task Executor #0] vector.VectorMapOperator: Closing Operator: MAP[0]
2024-04-23T20:52:50,545  INFO [LocalJobRunner Map Task Executor #0] vector.VectorMapOperator: RECORDS_OUT_INTERMEDIATE:0, RECORDS_OUT_OPERATOR_MAP_0:0, RECORDS_IN:2, DESERIALIZE_ERRORS:0, 
2024-04-23T20:52:50,545  INFO [LocalJobRunner Map Task Executor #0] exec.TableScanOperator: Closing Operator: TS[0]
2024-04-23T20:52:50,545  INFO [LocalJobRunner Map Task Executor #0] exec.TableScanOperator: RECORDS_OUT_INTERMEDIATE:0, RECORDS_OUT_OPERATOR_TS_0:2, 
2024-04-23T20:52:50,545  INFO [LocalJobRunner Map Task Executor #0] vector.VectorSelectOperator: Closing Operator: SEL[3]
2024-04-23T20:52:50,545  INFO [LocalJobRunner Map Task Executor #0] vector.VectorSelectOperator: RECORDS_OUT_OPERATOR_SEL_3:2, RECORDS_OUT_INTERMEDIATE:0, 
2024-04-23T20:52:50,545  INFO [LocalJobRunner Map Task Executor #0] vector.VectorFileSinkOperator: Closing Operator: FS[4]
2024-04-23T20:52:50,545  INFO [LocalJobRunner Map Task Executor #0] exec.FileSinkOperator: FS[4]: records written - 2
2024-04-23T20:52:50,547  INFO [LocalJobRunner Map Task Executor #0] FileOperations: Writing manifest to file:/home/alex/Repositories/hive/ql/target/tmp/org.apache.hadoop.hive.ql.TestTxnNoBuckets-1713930630697/warehouse/nobuckets/_tmp.delta_0000001_0000001_0000/000000_0.manifest with [file:/home/alex/Repositories/hive/ql/target/tmp/org.apache.hadoop.hive.ql.TestTxnNoBuckets-1713930630697/warehouse/nobuckets/delta_0000001_0000001_0000/bucket_00000_0]
2024-04-23T20:52:50,557  INFO [LocalJobRunner Map Task Executor #0] vector.VectorFileSinkOperator: RECORDS_OUT_1_default.nobuckets:2, TOTAL_TABLE_ROWS_WRITTEN:2, RECORDS_OUT_INTERMEDIATE:0, RECORDS_OUT_OPERATOR_FS_4:2, 
2024-04-23T20:52:50,558  INFO [LocalJobRunner Map Task Executor #0] mapred.LocalJobRunner: 
2024-04-23T20:52:50,558  INFO [LocalJobRunner Map Task Executor #0] mapred.Task: Task:attempt_local1943027400_0062_m_000000_0 is done. And is in the process of committing
2024-04-23T20:52:50,558  INFO [LocalJobRunner Map Task Executor #0] mapred.LocalJobRunner: OrcSplit [file:/home/alex/Repositories/hive/ql/target/tmp/org.apache.hadoop.hive.ql.TestTxnNoBuckets-1713930630697/warehouse/tmp/000000_0, start=0, length=281, isOriginal=true, fileLength=281, hasFooter=false, hasBase=true, deltas=0]
2024-04-23T20:52:50,558  INFO [LocalJobRunner Map Task Executor #0] mapred.Task: Task 'attempt_local1943027400_0062_m_000000_0' done.
2024-04-23T20:52:50,558  INFO [LocalJobRunner Map Task Executor #0] mapred.Task: Final Counters for attempt_local1943027400_0062_m_000000_0: Counters: 25
	File System Counters
		FILE: Number of bytes read=1548767
		FILE: Number of bytes written=74607262
		FILE: Number of read operations=0
		FILE: Number of large read operations=0
		FILE: Number of write operations=0
	Map-Reduce Framework
		Map input records=1
		Map output records=0
		Input split bytes=455
		Spilled Records=0
		Failed Shuffles=0
		Merged Map outputs=0
		GC time elapsed (ms)=0
		Total committed heap usage (bytes)=1209008128
	HIVE
		CREATED_FILES=1
		DESERIALIZE_ERRORS=0
		RECORDS_IN=2
		RECORDS_OUT_1_default.nobuckets=2
		RECORDS_OUT_INTERMEDIATE=0
		RECORDS_OUT_OPERATOR_FS_4=2
		RECORDS_OUT_OPERATOR_MAP_0=0
		RECORDS_OUT_OPERATOR_SEL_3=2
		RECORDS_OUT_OPERATOR_TS_0=2
		TOTAL_TABLE_ROWS_WRITTEN=2
	File Input Format Counters 
		Bytes Read=7317
	File Output Format Counters 
		Bytes Written=0
2024-04-23T20:52:50,558  INFO [LocalJobRunner Map Task Executor #0] mapred.LocalJobRunner: Finishing task: attempt_local1943027400_0062_m_000000_0
2024-04-23T20:52:50,558  INFO [LocalJobRunner Map Task Executor #0] mapred.LocalJobRunner: Starting task: attempt_local1943027400_0062_m_000001_0
2024-04-23T20:52:50,559  INFO [LocalJobRunner Map Task Executor #0] mapred.Task:  Using ResourceCalculatorProcessTree : [ ]
2024-04-23T20:52:50,559  INFO [LocalJobRunner Map Task Executor #0] mapred.MapTask: Processing split: org.apache.hadoop.hive.ql.io.orc.OrcInputFormat:OrcSplit [file:/home/alex/Repositories/hive/ql/target/tmp/org.apache.hadoop.hive.ql.TestTxnNoBuckets-1713930630697/warehouse/tmp/000000_0_copy_1, start=0, length=281, isOriginal=true, fileLength=281, hasFooter=false, hasBase=true, deltas=0]
2024-04-23T20:52:50,560  INFO [LocalJobRunner Map Task Executor #0] exec.SerializationUtilities: Deserializing MapWork using kryo
2024-04-23T20:52:50,560  INFO [LocalJobRunner Map Task Executor #0] exec.Utilities: Deserialized plan (via FILE) - name: null size: 6,07KB
2024-04-23T20:52:50,561  INFO [LocalJobRunner Map Task Executor #0] orc.ReaderImpl: Reading ORC rows from file:/home/alex/Repositories/hive/ql/target/tmp/org.apache.hadoop.hive.ql.TestTxnNoBuckets-1713930630697/warehouse/tmp/000000_0_copy_1 with {include: [true, true, true, true], offset: 0, length: 281, schema: struct<c1:int,c2:int,c3:int>, includeAcidColumns: true}
2024-04-23T20:52:50,561  INFO [LocalJobRunner Map Task Executor #0] mapred.MapTask: numReduceTasks: 0
2024-04-23T20:52:50,561  INFO [LocalJobRunner Map Task Executor #0] vector.VectorMapOperator: Initializing Operator: MAP[0]
2024-04-23T20:52:50,562  INFO [LocalJobRunner Map Task Executor #0] mr.ExecMapper: 
<MAP>Id =0
  <Children>null
  <\Children>
  <Parent><\Parent>
<\MAP>
2024-04-23T20:52:50,562  INFO [LocalJobRunner Map Task Executor #0] exec.TableScanOperator: Initializing Operator: TS[0]
2024-04-23T20:52:50,562  INFO [LocalJobRunner Map Task Executor #0] vector.VectorSelectOperator: Initializing Operator: SEL[3]
2024-04-23T20:52:50,562  INFO [LocalJobRunner Map Task Executor #0] vector.VectorFileSinkOperator: Initializing Operator: FS[4]
2024-04-23T20:52:50,563  INFO [LocalJobRunner Map Task Executor #0] exec.FileSinkOperator: Using serializer : AbstractSerDe [log=org.apache.logging.slf4j.Log4jLogger@4aa280a, configuration=Optional[Configuration: core-default.xml, core-site.xml, mapred-default.xml, mapred-site.xml, yarn-default.xml, yarn-site.xml, hdfs-default.xml, hdfs-site.xml, file:/home/alex/Repositories/hive/ql/target/tmp/TestTxnNoBucketsVectorized/mapred/local/localRunner/alex/job_local1943027400_0062/job_local1943027400_0062.xml], properties={transactional_properties=default, name=default.nobuckets, transactional=true, columns.types=int:int:int, columns=c1,c2,c3, numFilesErasureCoded=0, columns.comments=&amp#0;&amp#0;, bucketing_version=2, serialization.lib=org.apache.hadoop.hive.ql.io.orc.OrcSerde, file.inputformat=org.apache.hadoop.hive.ql.io.orc.OrcInputFormat, file.outputformat=org.apache.hadoop.hive.ql.io.orc.OrcOutputFormat, location=file:/home/alex/Repositories/hive/ql/target/tmp/org.apache.hadoop.hive.ql.TestTxnNoBuckets-1713930630697/warehouse/nobuckets, column.name.delimiter=,}, tableProperties={transactional_properties=default, name=default.nobuckets, transactional=true, columns.types=int:int:int, columns=c1,c2,c3, numFilesErasureCoded=0, columns.comments=&amp#0;&amp#0;, bucketing_version=2, serialization.lib=org.apache.hadoop.hive.ql.io.orc.OrcSerde, file.inputformat=org.apache.hadoop.hive.ql.io.orc.OrcInputFormat, location=file:/home/alex/Repositories/hive/ql/target/tmp/org.apache.hadoop.hive.ql.TestTxnNoBuckets-1713930630697/warehouse/nobuckets, file.outputformat=org.apache.hadoop.hive.ql.io.orc.OrcOutputFormat, column.name.delimiter=,}, partitionProperties=Optional.empty, columnNames=[c1, c2, c3], columnTypes=[int, int, int], getClass()=class org.apache.hadoop.hive.ql.io.orc.OrcSerde] and formatter : org.apache.hadoop.hive.ql.io.orc.OrcOutputFormat@32c41508
2024-04-23T20:52:50,563  INFO [LocalJobRunner Map Task Executor #0] exec.FileSinkOperator: Final Path: FS file:/home/alex/Repositories/hive/ql/target/tmp/org.apache.hadoop.hive.ql.TestTxnNoBuckets-1713930630697/warehouse/nobuckets
2024-04-23T20:52:50,563  INFO [LocalJobRunner Map Task Executor #0] exec.FileSinkOperator: New Final Path: FS file:/home/alex/Repositories/hive/ql/target/tmp/org.apache.hadoop.hive.ql.TestTxnNoBuckets-1713930630697/warehouse/nobuckets
2024-04-23T20:52:50,564  INFO [LocalJobRunner Map Task Executor #0] common.FileUtils: Creating directory if it doesn't exist: file:/home/alex/Repositories/hive/ql/target/tmp/org.apache.hadoop.hive.ql.TestTxnNoBuckets-1713930630697/warehouse
2024-04-23T20:52:50,564  INFO [LocalJobRunner Map Task Executor #0] exec.FileSinkOperator: FS[4]: records written - 1
2024-04-23T20:52:50,564  INFO [LocalJobRunner Map Task Executor #0] impl.PhysicalFsWriter: ORC writer created for path: file:/home/alex/Repositories/hive/ql/target/tmp/org.apache.hadoop.hive.ql.TestTxnNoBuckets-1713930630697/warehouse/nobuckets/delta_0000001_0000001_0000/bucket_00001_0 with stripeSize: 8388608 blockSize: 268435456 compression: Compress: ZLIB buffer: 32768
2024-04-23T20:52:50,569  INFO [LocalJobRunner Map Task Executor #0] impl.WriterImpl: ORC writer created for path: file:/home/alex/Repositories/hive/ql/target/tmp/org.apache.hadoop.hive.ql.TestTxnNoBuckets-1713930630697/warehouse/nobuckets/delta_0000001_0000001_0000/bucket_00001_0 with stripeSize: 8388608 options: Compress: ZLIB buffer: 32768
2024-04-23T20:52:50,569  INFO [LocalJobRunner Map Task Executor #0] vector.VectorMapOperator: Closing Operator: MAP[0]
2024-04-23T20:52:50,569  INFO [LocalJobRunner Map Task Executor #0] vector.VectorMapOperator: DESERIALIZE_ERRORS:0, RECORDS_OUT_OPERATOR_MAP_0:0, RECORDS_OUT_INTERMEDIATE:0, RECORDS_IN:2, 
2024-04-23T20:52:50,569  INFO [LocalJobRunner Map Task Executor #0] exec.TableScanOperator: Closing Operator: TS[0]
2024-04-23T20:52:50,569  INFO [LocalJobRunner Map Task Executor #0] exec.TableScanOperator: RECORDS_OUT_INTERMEDIATE:0, RECORDS_OUT_OPERATOR_TS_0:2, 
2024-04-23T20:52:50,569  INFO [LocalJobRunner Map Task Executor #0] vector.VectorSelectOperator: Closing Operator: SEL[3]
2024-04-23T20:52:50,569  INFO [LocalJobRunner Map Task Executor #0] vector.VectorSelectOperator: RECORDS_OUT_INTERMEDIATE:0, RECORDS_OUT_OPERATOR_SEL_3:2, 
2024-04-23T20:52:50,569  INFO [LocalJobRunner Map Task Executor #0] vector.VectorFileSinkOperator: Closing Operator: FS[4]
2024-04-23T20:52:50,569  INFO [LocalJobRunner Map Task Executor #0] exec.FileSinkOperator: FS[4]: records written - 2
2024-04-23T20:52:50,570  INFO [LocalJobRunner Map Task Executor #0] FileOperations: Writing manifest to file:/home/alex/Repositories/hive/ql/target/tmp/org.apache.hadoop.hive.ql.TestTxnNoBuckets-1713930630697/warehouse/nobuckets/_tmp.delta_0000001_0000001_0000/000001_0.manifest with [file:/home/alex/Repositories/hive/ql/target/tmp/org.apache.hadoop.hive.ql.TestTxnNoBuckets-1713930630697/warehouse/nobuckets/delta_0000001_0000001_0000/bucket_00001_0]
2024-04-23T20:52:50,580  INFO [LocalJobRunner Map Task Executor #0] vector.VectorFileSinkOperator: RECORDS_OUT_1_default.nobuckets:2, RECORDS_OUT_OPERATOR_FS_4:2, RECORDS_OUT_INTERMEDIATE:0, TOTAL_TABLE_ROWS_WRITTEN:2, 
2024-04-23T20:52:50,580  INFO [LocalJobRunner Map Task Executor #0] mapred.LocalJobRunner: 
2024-04-23T20:52:50,581  INFO [LocalJobRunner Map Task Executor #0] mapred.Task: Task:attempt_local1943027400_0062_m_000001_0 is done. And is in the process of committing
2024-04-23T20:52:50,581  INFO [LocalJobRunner Map Task Executor #0] mapred.LocalJobRunner: OrcSplit [file:/home/alex/Repositories/hive/ql/target/tmp/org.apache.hadoop.hive.ql.TestTxnNoBuckets-1713930630697/warehouse/tmp/000000_0_copy_1, start=0, length=281, isOriginal=true, fileLength=281, hasFooter=false, hasBase=true, deltas=0]
2024-04-23T20:52:50,581  INFO [LocalJobRunner Map Task Executor #0] mapred.Task: Task 'attempt_local1943027400_0062_m_000001_0' done.
2024-04-23T20:52:50,581  INFO [LocalJobRunner Map Task Executor #0] mapred.Task: Final Counters for attempt_local1943027400_0062_m_000001_0: Counters: 25
	File System Counters
		FILE: Number of bytes read=1557025
		FILE: Number of bytes written=74608327
		FILE: Number of read operations=0
		FILE: Number of large read operations=0
		FILE: Number of write operations=0
	Map-Reduce Framework
		Map input records=1
		Map output records=0
		Input split bytes=463
		Spilled Records=0
		Failed Shuffles=0
		Merged Map outputs=0
		GC time elapsed (ms)=0
		Total committed heap usage (bytes)=1209008128
	HIVE
		CREATED_FILES=1
		DESERIALIZE_ERRORS=0
		RECORDS_IN=2
		RECORDS_OUT_1_default.nobuckets=2
		RECORDS_OUT_INTERMEDIATE=0
		RECORDS_OUT_OPERATOR_FS_4=2
		RECORDS_OUT_OPERATOR_MAP_0=0
		RECORDS_OUT_OPERATOR_SEL_3=2
		RECORDS_OUT_OPERATOR_TS_0=2
		TOTAL_TABLE_ROWS_WRITTEN=2
	File Input Format Counters 
		Bytes Read=7317
	File Output Format Counters 
		Bytes Written=0
2024-04-23T20:52:50,581  INFO [LocalJobRunner Map Task Executor #0] mapred.LocalJobRunner: Finishing task: attempt_local1943027400_0062_m_000001_0
2024-04-23T20:52:50,581  INFO [Thread-4077] mapred.LocalJobRunner: map task executor complete.
2024-04-23 20:52:51,526 Stage-1 map = 100%,  reduce = 0%
2024-04-23T20:52:51,526  INFO [main] exec.Task: 2024-04-23 20:52:51,526 Stage-1 map = 100%,  reduce = 0%
Ended Job = job_local1943027400_0062
2024-04-23T20:52:51,528  INFO [main] exec.Task: Ended Job = job_local1943027400_0062
2024-04-23T20:52:51,529  INFO [main] FileOperations: Found manifest file file:/home/alex/Repositories/hive/ql/target/tmp/org.apache.hadoop.hive.ql.TestTxnNoBuckets-1713930630697/warehouse/nobuckets/_tmp.delta_0000001_0000001_0000/000000_0.manifest with attemptId 0.
2024-04-23T20:52:51,530  INFO [main] FileOperations: Found manifest file file:/home/alex/Repositories/hive/ql/target/tmp/org.apache.hadoop.hive.ql.TestTxnNoBuckets-1713930630697/warehouse/nobuckets/_tmp.delta_0000001_0000001_0000/000001_0.manifest with attemptId 0.
2024-04-23T20:52:51,530  INFO [main] FileOperations: Looking at manifest file: file:/home/alex/Repositories/hive/ql/target/tmp/org.apache.hadoop.hive.ql.TestTxnNoBuckets-1713930630697/warehouse/nobuckets/_tmp.delta_0000001_0000001_0000/000000_0.manifest
2024-04-23T20:52:51,530  INFO [main] FileOperations: Looking at manifest file: file:/home/alex/Repositories/hive/ql/target/tmp/org.apache.hadoop.hive.ql.TestTxnNoBuckets-1713930630697/warehouse/nobuckets/_tmp.delta_0000001_0000001_0000/000001_0.manifest
2024-04-23T20:52:51,530  INFO [main] FileOperations: Deleting manifest directory file:/home/alex/Repositories/hive/ql/target/tmp/org.apache.hadoop.hive.ql.TestTxnNoBuckets-1713930630697/warehouse/nobuckets/_tmp.delta_0000001_0000001_0000
2024-04-23T20:52:51,531  INFO [main] ql.Driver: Starting task [Stage-0:MOVE] in serial mode
Loading data to table default.nobuckets
2024-04-23T20:52:51,531  INFO [main] exec.Task: Loading data to table default.nobuckets from file:/home/alex/Repositories/hive/ql/target/tmp/org.apache.hadoop.hive.ql.TestTxnNoBuckets-1713930630697/warehouse/nobuckets
2024-04-23T20:52:51,531  INFO [main] HiveMetaStore.audit: ugi=alex	ip=unknown-ip-addr	cmd=get_table : tbl=hive.default.nobuckets	
2024-04-23T20:52:51,539  INFO [main] metastore.HMSHandler: Skipping translation for processor with null
2024-04-23T20:52:51,539  INFO [main] HiveMetaStore.audit: ugi=alex	ip=unknown-ip-addr	cmd=get_table : tbl=hive.default.nobuckets	
2024-04-23T20:52:51,546  INFO [main] metastore.HMSHandler: Skipping translation for processor with null
2024-04-23T20:52:51,546  INFO [main] HiveMetaStore.audit: ugi=alex	ip=unknown-ip-addr	cmd=alter_table: hive.default.nobuckets newtbl=nobuckets	
2024-04-23T20:52:51,571  INFO [main] ql.Driver: Starting task [Stage-2:STATS] in serial mode
2024-04-23T20:52:51,571  INFO [main] HiveMetaStore.audit: ugi=alex	ip=unknown-ip-addr	cmd=get_table : tbl=hive.default.nobuckets	
2024-04-23T20:52:51,577  INFO [main] metastore.HMSHandler: Skipping translation for processor with null
2024-04-23T20:52:51,577  INFO [main] stats.BasicStatsTask: Executing stats task
2024-04-23T20:52:51,578  INFO [main] fs.FSStatsPublisher: created : file:/home/alex/Repositories/hive/ql/target/tmp/localscratchdir/23dbae2e-cee9-4d4d-b4a3-8a660c581501/hive_2024-04-23_20-52-50_004_2552511093820011447-1/-mr-10000
2024-04-23T20:52:51,579  INFO [main] HiveMetaStore.audit: ugi=alex	ip=unknown-ip-addr	cmd=get_table : tbl=hive.default.nobuckets	
2024-04-23T20:52:51,585  INFO [main] metastore.HMSHandler: Skipping translation for processor with null
2024-04-23T20:52:51,596  WARN [main] FileOperations: Computing stats for an ACID table; stats may be inaccurate
2024-04-23T20:52:51,596  INFO [main] FileOperations: Read stats for default.nobuckets/, numRows, true, 4, false: 
2024-04-23T20:52:51,596  INFO [main] FileOperations: Read stats for default.nobuckets/, rawDataSize, true, 0, false: 
2024-04-23T20:52:51,596  INFO [main] HiveMetaStore.audit: ugi=alex	ip=unknown-ip-addr	cmd=alter_table: hive.default.nobuckets newtbl=nobuckets	
2024-04-23T20:52:51,619  INFO [main] FileOperations: Read stats for default.nobuckets/, insertCount, true, 4, false: 
2024-04-23T20:52:51,619  INFO [main] FileOperations: Read stats for default.nobuckets/, updateCount, true, 0, false: 
2024-04-23T20:52:51,619  INFO [main] FileOperations: Read stats for default.nobuckets/, deleteCount, true, 0, false: 
2024-04-23T20:52:51,621  INFO [main] stats.BasicStatsTask: Table default.nobuckets stats: [numFiles=2, numRows=4, totalSize=1443, rawDataSize=0, numFilesErasureCoded=0]
2024-04-23T20:52:51,622  INFO [main] metadata.Hive: Dumping metastore api call timing information for : execution phase
2024-04-23T20:52:51,622  INFO [main] metadata.Hive: Total time spent in each metastore function (ms): {isCompatibleWith_(Configuration)=0, updateTransactionalStatistics_(UpdateTransactionalStatsRequest)=2, getTable_(GetTableRequest)=27, alter_table_(String, String, String, Table, EnvironmentContext, String)=48}
MapReduce Jobs Launched: 
2024-04-23T20:52:51,622  INFO [main] ql.Driver: MapReduce Jobs Launched: 
Stage-Stage-1:  HDFS Read: 0 HDFS Write: 0 SUCCESS
2024-04-23T20:52:51,622  INFO [main] ql.Driver: Stage-Stage-1:  HDFS Read: 0 HDFS Write: 0 SUCCESS
Total MapReduce CPU Time Spent: 0 msec
2024-04-23T20:52:51,623  INFO [main] ql.Driver: Total MapReduce CPU Time Spent: 0 msec
2024-04-23T20:52:51,623  INFO [main] ql.Driver: Completed executing command(queryId=alex_20240423205250_0c85bafe-7631-4b70-a502-30f53bb43e33); Time taken: 1.408 seconds
2024-04-23T20:52:51,623  INFO [main] lockmgr.DbTxnManager: Stopped heartbeat for query: alex_20240423205250_0c85bafe-7631-4b70-a502-30f53bb43e33
2024-04-23T20:52:51,633  INFO [main] txn.TxnHandler: Removed transactions: ([19]) from MIN_HISTORY_LEVEL
2024-04-23T20:52:51,633  WARN [main] txn.CompactionTxnHandler: No compaction queue record found for Compaction type transaction commit. txnId:19
2024-04-23T20:52:51,634  INFO [main] ql.TxnCommandsBaseForTests: Running the query: select ROW__ID, c1, c2, c3, INPUT__FILE__NAME from nobuckets order by ROW__ID
2024-04-23T20:52:51,634  INFO [main] ql.Context: Deleting scratch dir: file:/home/alex/Repositories/hive/ql/target/tmp/localscratchdir/23dbae2e-cee9-4d4d-b4a3-8a660c581501/hive_2024-04-23_20-52-50_004_2552511093820011447-1
2024-04-23T20:52:51,634  INFO [main] cleanup.SyncCleanupService: Deleted directory: file:/home/alex/Repositories/hive/ql/target/tmp/localscratchdir/23dbae2e-cee9-4d4d-b4a3-8a660c581501/hive_2024-04-23_20-52-50_004_2552511093820011447-1 on fs with scheme file
2024-04-23T20:52:51,635  INFO [main] ql.Driver: Compiling command(queryId=alex_20240423205251_ba7e9e8f-da1e-403f-9d4b-533951581cd1): select ROW__ID, c1, c2, c3, INPUT__FILE__NAME from nobuckets order by ROW__ID
2024-04-23T20:52:51,637  INFO [main] txn.TxnHandler: Added entries to MIN_HISTORY_LEVEL for current txns: ([20]) with min_open_txn: 20
2024-04-23T20:52:51,638  INFO [main] lockmgr.DbTxnManager: Opened txnid:20
2024-04-23T20:52:51,638  INFO [main] parse.CalcitePlanner: Starting caching scope for: 
2024-04-23T20:52:51,638  INFO [main] parse.CalcitePlanner: Starting Semantic Analysis
2024-04-23T20:52:51,641  INFO [main] parse.CalcitePlanner: Completed phase 1 of Semantic Analysis
2024-04-23T20:52:51,641  INFO [main] parse.CalcitePlanner: Get metadata for source tables
2024-04-23T20:52:51,642  INFO [main] HiveMetaStore.audit: ugi=alex	ip=unknown-ip-addr	cmd=get_table : tbl=hive.default.nobuckets	
2024-04-23T20:52:51,649  INFO [main] metastore.HMSHandler: Skipping translation for processor with null
2024-04-23T20:52:51,649  INFO [main] parse.CalcitePlanner: Get metadata for subqueries
2024-04-23T20:52:51,649  INFO [main] parse.CalcitePlanner: Get metadata for destination tables
2024-04-23T20:52:51,649  INFO [main] parse.CalcitePlanner: Completed getting MetaData in Semantic Analysis
2024-04-23T20:52:51,661  INFO [main] HiveMetaStore.audit: ugi=alex	ip=unknown-ip-addr	cmd=get_all_table_constraints : tbl=hive.default.nobuckets	
2024-04-23T20:52:51,671  INFO [main] calcite.RelOptHiveTable: Calculating column statistics for default.nobuckets, projIndxSet: [0, 1, 2], allowMissingStats: true
2024-04-23T20:52:51,671  INFO [main] HiveMetaStore.audit: ugi=alex	ip=unknown-ip-addr	cmd=get_table_statistics_req: table=hive.default.nobuckets	
2024-04-23T20:52:51,680  WARN [main] calcite.RelOptHiveTable: No Stats for default@nobuckets, Columns: c2, c1, c3
No Stats for default@nobuckets, Columns: c2, c1, c3
2024-04-23T20:52:51,680  INFO [main] SessionState: No Stats for default@nobuckets, Columns: c2, c1, c3
2024-04-23T20:52:51,720  INFO [main] parse.CalcitePlanner: Get metadata for source tables
2024-04-23T20:52:51,721  INFO [main] parse.CalcitePlanner: Get metadata for subqueries
2024-04-23T20:52:51,721  INFO [main] parse.CalcitePlanner: Get metadata for destination tables
2024-04-23T20:52:51,722  INFO [main] common.FileUtils: Creating directory if it doesn't exist: file:/home/alex/Repositories/hive/ql/target/tmp/localscratchdir/23dbae2e-cee9-4d4d-b4a3-8a660c581501/hive_2024-04-23_20-52-51_634_7650676124874061084-1/-mr-10001/.hive-staging_hive_2024-04-23_20-52-51_634_7650676124874061084-1
2024-04-23T20:52:51,729  INFO [main] parse.CalcitePlanner: CBO Succeeded; optimized logical plan.
2024-04-23T20:52:51,733  INFO [main] optimizer.ColumnPrunerProcFactory: RS 2 oldColExprMap: {KEY.reducesinkkey0=Column[_col0], VALUE._col0=Column[_col1], VALUE._col2=Column[_col3], VALUE._col3=Column[_col4], VALUE._col1=Column[_col2]}
2024-04-23T20:52:51,733  INFO [main] optimizer.ColumnPrunerProcFactory: RS 2 newColExprMap: {VALUE._col1=Column[_col2], VALUE._col3=Column[_col4], VALUE._col0=Column[_col1], VALUE._col2=Column[_col3], KEY.reducesinkkey0=Column[_col0]}
2024-04-23T20:52:51,734  INFO [main] optimizer.BucketVersionPopulator: not considering bucketingVersion for: TS[0] because it has -1<2 buckets 
2024-04-23T20:52:51,735  INFO [main] optimizer.SortedDynPartitionOptimizer: Sorted dynamic partitioning optimization kicked in..
2024-04-23T20:52:51,744  INFO [main] physical.Vectorizer: Examining input format to see if vectorization is enabled.
2024-04-23T20:52:51,745  INFO [main] physical.Vectorizer: Vectorization is enabled for input format(s) [org.apache.hadoop.hive.ql.io.orc.OrcInputFormat]
2024-04-23T20:52:51,745  INFO [main] physical.Vectorizer: Validating and vectorizing MapWork... (vectorizedVertexNum 0)
2024-04-23T20:52:51,745  INFO [main] physical.Vectorizer: Map vectorization enabled: true
2024-04-23T20:52:51,745  INFO [main] physical.Vectorizer: Map vectorized: false
2024-04-23T20:52:51,745  INFO [main] physical.Vectorizer: Map notVectorizedReason: Select expression for SELECT operator: Virtual column INPUT__FILE__NAME is not supported
2024-04-23T20:52:51,745  INFO [main] physical.Vectorizer: Map vectorizedVertexNum: 0
2024-04-23T20:52:51,745  INFO [main] physical.Vectorizer: Map enabledConditionsMet: [hive.vectorized.use.vectorized.input.format IS true]
2024-04-23T20:52:51,745  INFO [main] physical.Vectorizer: Map inputFileFormatClassNameSet: [org.apache.hadoop.hive.ql.io.orc.OrcInputFormat]
2024-04-23T20:52:51,745  INFO [main] physical.Vectorizer: Reduce vectorization enabled: false
2024-04-23T20:52:51,745  INFO [main] physical.Vectorizer: Reduce vectorized: false
2024-04-23T20:52:51,745  INFO [main] physical.Vectorizer: Reduce vectorizedVertexNum: 1
2024-04-23T20:52:51,745  INFO [main] physical.Vectorizer: Reducer hive.vectorized.execution.reduce.enabled: true
2024-04-23T20:52:51,745  INFO [main] physical.Vectorizer: Reducer engine: mr
2024-04-23T20:52:51,745  INFO [main] parse.CalcitePlanner: Completed plan generation
2024-04-23T20:52:51,745  INFO [main] parse.CalcitePlanner: Ending caching scope for: 
2024-04-23T20:52:51,745  INFO [main] ql.Driver: Semantic Analysis Completed (retrial = false)
2024-04-23T20:52:51,745  INFO [main] ql.Driver: Created Hive schema: Schema(fieldSchemas:[FieldSchema(name:row__id, type:struct<writeid:bigint,bucketid:int,rowid:bigint>, comment:null), FieldSchema(name:c1, type:int, comment:null), FieldSchema(name:c2, type:int, comment:null), FieldSchema(name:c3, type:int, comment:null), FieldSchema(name:input__file__name, type:string, comment:null)], properties:null)
2024-04-23T20:52:51,746  INFO [main] exec.ListSinkOperator: Initializing Operator: LIST_SINK[5]
2024-04-23T20:52:51,746  INFO [main] metadata.Hive: Dumping metastore api call timing information for : compilation phase
2024-04-23T20:52:51,746  INFO [main] metadata.Hive: Total time spent in each metastore function (ms): {getValidTxns_(long)=0, isCompatibleWith_(Configuration)=0, flushCache_()=0, getValidWriteIds_(List, String)=4, getTable_(GetTableRequest)=7, commitTxn_(CommitTxnRequest)=10, getAllTableConstraints_(AllTableConstraintsRequest)=5, openTxn_(String, TxnType)=3, getTableColumnStatistics_(String, String, List, String)=8}
2024-04-23T20:52:51,747  INFO [main] ql.Driver: Completed compiling command(queryId=alex_20240423205251_ba7e9e8f-da1e-403f-9d4b-533951581cd1); Time taken: 0.112 seconds
2024-04-23T20:52:51,747  INFO [main] lockmgr.DbTxnManager: Setting lock request transaction to txnid:20 for queryId=alex_20240423205251_ba7e9e8f-da1e-403f-9d4b-533951581cd1
2024-04-23T20:52:51,747  INFO [main] lockmgr.DbLockManager: Requesting lock for queryId=alex_20240423205251_ba7e9e8f-da1e-403f-9d4b-533951581cd1
2024-04-23T20:52:51,761  INFO [main] lockmgr.DbLockManager: Response to queryId=alex_20240423205251_ba7e9e8f-da1e-403f-9d4b-533951581cd1 LockResponse(lockid:14, state:ACQUIRED)
2024-04-23T20:52:51,761  INFO [main] ql.Driver: Operation QUERY obtained 1 locks
2024-04-23T20:52:51,762  INFO [main] ql.Driver: Executing command(queryId=alex_20240423205251_ba7e9e8f-da1e-403f-9d4b-533951581cd1): select ROW__ID, c1, c2, c3, INPUT__FILE__NAME from nobuckets order by ROW__ID
2024-04-23T20:52:51,763  WARN [main] ql.Driver: Hive-on-MR is deprecated in Hive 2 and may not be available in the future versions. Consider using a different execution engine (i.e. spark, tez) or using Hive 1.X releases.
Query ID = alex_20240423205251_ba7e9e8f-da1e-403f-9d4b-533951581cd1
2024-04-23T20:52:51,763  INFO [main] ql.Driver: Query ID = alex_20240423205251_ba7e9e8f-da1e-403f-9d4b-533951581cd1
Total jobs = 1
2024-04-23T20:52:51,763  INFO [main] ql.Driver: Total jobs = 1
Launching Job 1 out of 1
2024-04-23T20:52:51,763  INFO [main] ql.Driver: Launching Job 1 out of 1
2024-04-23T20:52:51,911  INFO [main] ql.Driver: Starting task [Stage-1:MAPRED] in serial mode
Number of reduce tasks determined at compile time: 1
2024-04-23T20:52:51,911  INFO [main] exec.Task: Number of reduce tasks determined at compile time: 1
In order to change the average load for a reducer (in bytes):
2024-04-23T20:52:51,911  INFO [main] exec.Task: In order to change the average load for a reducer (in bytes):
  set hive.exec.reducers.bytes.per.reducer=<number>
2024-04-23T20:52:51,911  INFO [main] exec.Task:   set hive.exec.reducers.bytes.per.reducer=<number>
In order to limit the maximum number of reducers:
2024-04-23T20:52:51,911  INFO [main] exec.Task: In order to limit the maximum number of reducers:
  set hive.exec.reducers.max=<number>
2024-04-23T20:52:51,911  INFO [main] exec.Task:   set hive.exec.reducers.max=<number>
In order to set a constant number of reducers:
2024-04-23T20:52:51,911  INFO [main] exec.Task: In order to set a constant number of reducers:
  set mapreduce.job.reduces=<number>
2024-04-23T20:52:51,911  INFO [main] exec.Task:   set mapreduce.job.reduces=<number>
2024-04-23T20:52:51,913  INFO [main] mr.ExecDriver: Using org.apache.hadoop.hive.ql.io.HiveInputFormat
2024-04-23T20:52:51,914  INFO [main] exec.Utilities: Processing alias nobuckets
2024-04-23T20:52:51,914  INFO [main] exec.Utilities: Adding 1 inputs; the first input is file:/home/alex/Repositories/hive/ql/target/tmp/org.apache.hadoop.hive.ql.TestTxnNoBuckets-1713930630697/warehouse/nobuckets
2024-04-23T20:52:51,923  INFO [main] exec.SerializationUtilities: Serializing MapWork using kryo
2024-04-23T20:52:51,924  INFO [main] exec.Utilities: Serialized plan (via FILE) - name: null size: 5,32KB
2024-04-23T20:52:51,928  INFO [main] exec.SerializationUtilities: Serializing ReduceWork using kryo
2024-04-23T20:52:51,929  INFO [main] exec.Utilities: Serialized plan (via FILE) - name: null size: 6,33KB
2024-04-23T20:52:51,930  WARN [main] impl.MetricsSystemImpl: JobTracker metrics system already initialized!
2024-04-23T20:52:51,936  WARN [main] impl.MetricsSystemImpl: JobTracker metrics system already initialized!
2024-04-23T20:52:51,943  WARN [main] mapreduce.JobResourceUploader: Hadoop command-line option parsing not performed. Implement the Tool interface and execute your application with ToolRunner to remedy this.
2024-04-23T20:52:51,948  WARN [main] mapreduce.JobResourceUploader: No job jar file set.  User classes may not be found. See Job or Job#setJar(String).
2024-04-23T20:52:51,949  INFO [main] io.HiveInputFormat: hive.io.file.readcolumn.ids = 0,1,2
2024-04-23T20:52:51,949  INFO [main] io.HiveInputFormat: hive.io.file.readcolumn.names = c1,c2,c3
2024-04-23T20:52:51,949  INFO [main] io.HiveInputFormat: Generating splits for dirs: file:/home/alex/Repositories/hive/ql/target/tmp/org.apache.hadoop.hive.ql.TestTxnNoBuckets-1713930630697/warehouse/nobuckets
2024-04-23T20:52:51,949  INFO [main] orc.OrcInputFormat: getSplits started
2024-04-23T20:52:51,950  INFO [main] orc.OrcInputFormat: Context:: isAcid: true isVectorMode: false sarg: null minSplitSize: 1 maxSplitSize: 256000000 splitStrategy: HYBRID footerInSplits: false numBuckets: 0 numThreads: 10 cacheMemSize: 268435456 cacheStripeDetails: true useSoftReference: false writeIdList: default.nobuckets:1:9223372036854775807:: isTransactionalTable: true txnProperties: default 
2024-04-23T20:52:51,950  INFO [main] orc.OrcInputFormat: ORC pushdown predicate: null
2024-04-23T20:52:51,962  INFO [main] orc.OrcInputFormat: FooterCacheHitRatio: 0/2
2024-04-23T20:52:51,962  INFO [main] orc.OrcInputFormat: getSplits finished (#splits: 2). duration: 13 ms
2024-04-23T20:52:51,962  INFO [main] io.HiveInputFormat: number of splits 2
2024-04-23T20:52:51,979  INFO [main] mapreduce.JobSubmitter: number of splits:2
2024-04-23T20:52:51,999  INFO [main] mapreduce.JobSubmitter: Submitting tokens for job: job_local960755465_0063
2024-04-23T20:52:51,999  INFO [main] mapreduce.JobSubmitter: Executing with tokens: []
2024-04-23T20:52:52,058  INFO [main] mapreduce.Job: The url to track the job: http://localhost:8080/
Job running in-process (local Hadoop)
2024-04-23T20:52:52,058  INFO [main] exec.Task: Job running in-process (local Hadoop)
2024-04-23T20:52:52,058  INFO [Thread-4135] mapred.LocalJobRunner: OutputCommitter set in config org.apache.hadoop.hive.ql.io.HiveFileFormatUtils$NullOutputCommitter
2024-04-23T20:52:52,058  INFO [Thread-4135] mapred.LocalJobRunner: OutputCommitter is org.apache.hadoop.hive.ql.io.HiveFileFormatUtils$NullOutputCommitter
2024-04-23T20:52:52,061  INFO [Thread-4135] mapred.LocalJobRunner: Waiting for map tasks
2024-04-23T20:52:52,061  INFO [LocalJobRunner Map Task Executor #0] mapred.LocalJobRunner: Starting task: attempt_local960755465_0063_m_000000_0
2024-04-23T20:52:52,061  INFO [LocalJobRunner Map Task Executor #0] mapred.Task:  Using ResourceCalculatorProcessTree : [ ]
2024-04-23T20:52:52,062  INFO [LocalJobRunner Map Task Executor #0] mapred.MapTask: Processing split: org.apache.hadoop.hive.ql.io.orc.OrcInputFormat:OrcSplit [file:/home/alex/Repositories/hive/ql/target/tmp/org.apache.hadoop.hive.ql.TestTxnNoBuckets-1713930630697/warehouse/nobuckets/delta_0000001_0000001_0000/bucket_00001_0, start=0, length=729, isOriginal=false, fileLength=729, hasFooter=false, hasBase=true, deltas=0]
2024-04-23T20:52:52,062  INFO [LocalJobRunner Map Task Executor #0] exec.SerializationUtilities: Deserializing MapWork using kryo
2024-04-23T20:52:52,063  INFO [LocalJobRunner Map Task Executor #0] exec.Utilities: Deserialized plan (via FILE) - name: null size: 5,32KB
2024-04-23T20:52:52,064  INFO [LocalJobRunner Map Task Executor #0] orc.OrcRawRecordMerger: min key = null, max key = null
2024-04-23T20:52:52,064  INFO [LocalJobRunner Map Task Executor #0] orc.ReaderImpl: Reading ORC rows from file:/home/alex/Repositories/hive/ql/target/tmp/org.apache.hadoop.hive.ql.TestTxnNoBuckets-1713930630697/warehouse/nobuckets/delta_0000001_0000001_0000/bucket_00001_0 with {include: [true, true, true, true], offset: 0, length: 729, schema: struct<c1:int,c2:int,c3:int>, includeAcidColumns: true}
2024-04-23T20:52:52,065  INFO [LocalJobRunner Map Task Executor #0] orc.OrcRawRecordMerger: updated min key = null, max key = null
2024-04-23T20:52:52,065  INFO [LocalJobRunner Map Task Executor #0] mapred.MapTask: numReduceTasks: 1
2024-04-23T20:52:52,070  INFO [LocalJobRunner Map Task Executor #0] mapred.MapTask: (EQUATOR) 0 kvi 26214396(104857584)
2024-04-23T20:52:52,070  INFO [LocalJobRunner Map Task Executor #0] mapred.MapTask: mapreduce.task.io.sort.mb: 100
2024-04-23T20:52:52,070  INFO [LocalJobRunner Map Task Executor #0] mapred.MapTask: soft limit at 83886080
2024-04-23T20:52:52,070  INFO [LocalJobRunner Map Task Executor #0] mapred.MapTask: bufstart = 0; bufvoid = 104857600
2024-04-23T20:52:52,070  INFO [LocalJobRunner Map Task Executor #0] mapred.MapTask: kvstart = 26214396; length = 6553600
2024-04-23T20:52:52,070  INFO [LocalJobRunner Map Task Executor #0] mapred.MapTask: Map output collector class = org.apache.hadoop.mapred.MapTask$MapOutputBuffer
2024-04-23T20:52:52,070  INFO [LocalJobRunner Map Task Executor #0] exec.MapOperator: Initializing Operator: MAP[0]
2024-04-23T20:52:52,072  INFO [LocalJobRunner Map Task Executor #0] mr.ExecMapper: 
<MAP>Id =0
  <Children>null
  <\Children>
  <Parent><\Parent>
<\MAP>
2024-04-23T20:52:52,072  INFO [LocalJobRunner Map Task Executor #0] exec.TableScanOperator: Initializing Operator: TS[0]
2024-04-23T20:52:52,072  INFO [LocalJobRunner Map Task Executor #0] exec.SelectOperator: Initializing Operator: SEL[1]
2024-04-23T20:52:52,072  INFO [LocalJobRunner Map Task Executor #0] exec.SelectOperator: SELECT struct<c1:int,c2:int,c3:int,row__id:struct<writeid:bigint,bucketid:int,rowid:bigint>,input__file__name:string>
2024-04-23T20:52:52,073  INFO [LocalJobRunner Map Task Executor #0] exec.ReduceSinkOperator: Initializing Operator: RS[2]
2024-04-23T20:52:52,073  INFO [LocalJobRunner Map Task Executor #0] exec.ReduceSinkOperator: Using tag = -1
2024-04-23T20:52:52,073  INFO [LocalJobRunner Map Task Executor #0] exec.ReduceSinkOperator: keys are [reducesinkkey0] num distributions: 1
2024-04-23T20:52:52,073  INFO [LocalJobRunner Map Task Executor #0] exec.ReduceSinkOperator: RS[2]: records written - 1
2024-04-23T20:52:52,073  INFO [LocalJobRunner Map Task Executor #0] exec.MapOperator: MAP[0]: records read - 1
2024-04-23T20:52:52,074  INFO [LocalJobRunner Map Task Executor #0] exec.MapOperator: Closing Operator: MAP[0]
2024-04-23T20:52:52,074  INFO [LocalJobRunner Map Task Executor #0] exec.MapOperator: MAP[0]: Total records read - 2. abort - false
2024-04-23T20:52:52,074  INFO [LocalJobRunner Map Task Executor #0] exec.MapOperator: DESERIALIZE_ERRORS:0, RECORDS_IN:2, RECORDS_OUT_OPERATOR_MAP_0:0, RECORDS_OUT_INTERMEDIATE:0, 
2024-04-23T20:52:52,074  INFO [LocalJobRunner Map Task Executor #0] exec.TableScanOperator: Closing Operator: TS[0]
2024-04-23T20:52:52,074  INFO [LocalJobRunner Map Task Executor #0] exec.TableScanOperator: RECORDS_OUT_OPERATOR_TS_0:2, RECORDS_OUT_INTERMEDIATE:0, 
2024-04-23T20:52:52,074  INFO [LocalJobRunner Map Task Executor #0] exec.SelectOperator: Closing Operator: SEL[1]
2024-04-23T20:52:52,074  INFO [LocalJobRunner Map Task Executor #0] exec.SelectOperator: RECORDS_OUT_OPERATOR_SEL_1:2, RECORDS_OUT_INTERMEDIATE:0, 
2024-04-23T20:52:52,074  INFO [LocalJobRunner Map Task Executor #0] exec.ReduceSinkOperator: Closing Operator: RS[2]
2024-04-23T20:52:52,074  INFO [LocalJobRunner Map Task Executor #0] exec.ReduceSinkOperator: RS[2]: Total records written - 2. abort - false
2024-04-23T20:52:52,074  INFO [LocalJobRunner Map Task Executor #0] exec.ReduceSinkOperator: RECORDS_OUT_OPERATOR_RS_2:2, RECORDS_OUT_INTERMEDIATE:2, 
2024-04-23T20:52:52,074  INFO [LocalJobRunner Map Task Executor #0] mapred.LocalJobRunner: 
2024-04-23T20:52:52,074  INFO [LocalJobRunner Map Task Executor #0] mapred.MapTask: Starting flush of map output
2024-04-23T20:52:52,074  INFO [LocalJobRunner Map Task Executor #0] mapred.MapTask: Spilling map output
2024-04-23T20:52:52,074  INFO [LocalJobRunner Map Task Executor #0] mapred.MapTask: bufstart = 0; bufend = 410; bufvoid = 104857600
2024-04-23T20:52:52,075  INFO [LocalJobRunner Map Task Executor #0] mapred.MapTask: kvstart = 26214396(104857584); kvend = 26214392(104857568); length = 5/6553600
2024-04-23T20:52:52,085  INFO [LocalJobRunner Map Task Executor #0] mapred.MapTask: Finished spill 0
2024-04-23T20:52:52,088  INFO [LocalJobRunner Map Task Executor #0] mapred.Task: Task:attempt_local960755465_0063_m_000000_0 is done. And is in the process of committing
2024-04-23T20:52:52,088  INFO [LocalJobRunner Map Task Executor #0] mapred.LocalJobRunner: OrcSplit [file:/home/alex/Repositories/hive/ql/target/tmp/org.apache.hadoop.hive.ql.TestTxnNoBuckets-1713930630697/warehouse/nobuckets/delta_0000001_0000001_0000/bucket_00001_0, start=0, length=729, isOriginal=false, fileLength=729, hasFooter=false, hasBase=true, deltas=0]
2024-04-23T20:52:52,088  INFO [LocalJobRunner Map Task Executor #0] mapred.Task: Task 'attempt_local960755465_0063_m_000000_0' done.
2024-04-23T20:52:52,088  INFO [LocalJobRunner Map Task Executor #0] mapred.Task: Final Counters for attempt_local960755465_0063_m_000000_0: Counters: 24
	File System Counters
		FILE: Number of bytes read=1567119
		FILE: Number of bytes written=75809023
		FILE: Number of read operations=0
		FILE: Number of large read operations=0
		FILE: Number of write operations=0
	Map-Reduce Framework
		Map input records=2
		Map output records=2
		Map output bytes=410
		Map output materialized bytes=422
		Input split bytes=501
		Combine input records=0
		Spilled Records=2
		Failed Shuffles=0
		Merged Map outputs=0
		GC time elapsed (ms)=0
		Total committed heap usage (bytes)=1209008128
	HIVE
		DESERIALIZE_ERRORS=0
		RECORDS_IN=2
		RECORDS_OUT_INTERMEDIATE=2
		RECORDS_OUT_OPERATOR_MAP_0=0
		RECORDS_OUT_OPERATOR_RS_2=2
		RECORDS_OUT_OPERATOR_SEL_1=2
		RECORDS_OUT_OPERATOR_TS_0=2
	File Input Format Counters 
		Bytes Read=8367
2024-04-23T20:52:52,089  INFO [LocalJobRunner Map Task Executor #0] mapred.LocalJobRunner: Finishing task: attempt_local960755465_0063_m_000000_0
2024-04-23T20:52:52,089  INFO [LocalJobRunner Map Task Executor #0] mapred.LocalJobRunner: Starting task: attempt_local960755465_0063_m_000001_0
2024-04-23T20:52:52,089  INFO [LocalJobRunner Map Task Executor #0] mapred.Task:  Using ResourceCalculatorProcessTree : [ ]
2024-04-23T20:52:52,089  INFO [LocalJobRunner Map Task Executor #0] mapred.MapTask: Processing split: org.apache.hadoop.hive.ql.io.orc.OrcInputFormat:OrcSplit [file:/home/alex/Repositories/hive/ql/target/tmp/org.apache.hadoop.hive.ql.TestTxnNoBuckets-1713930630697/warehouse/nobuckets/delta_0000001_0000001_0000/bucket_00000_0, start=0, length=714, isOriginal=false, fileLength=714, hasFooter=false, hasBase=true, deltas=0]
2024-04-23T20:52:52,090  INFO [LocalJobRunner Map Task Executor #0] exec.SerializationUtilities: Deserializing MapWork using kryo
2024-04-23T20:52:52,090  INFO [LocalJobRunner Map Task Executor #0] exec.Utilities: Deserialized plan (via FILE) - name: null size: 5,32KB
2024-04-23T20:52:52,091  INFO [LocalJobRunner Map Task Executor #0] orc.OrcRawRecordMerger: min key = null, max key = null
2024-04-23T20:52:52,091  INFO [LocalJobRunner Map Task Executor #0] orc.ReaderImpl: Reading ORC rows from file:/home/alex/Repositories/hive/ql/target/tmp/org.apache.hadoop.hive.ql.TestTxnNoBuckets-1713930630697/warehouse/nobuckets/delta_0000001_0000001_0000/bucket_00000_0 with {include: [true, true, true, true], offset: 0, length: 714, schema: struct<c1:int,c2:int,c3:int>, includeAcidColumns: true}
2024-04-23T20:52:52,092  INFO [LocalJobRunner Map Task Executor #0] orc.OrcRawRecordMerger: updated min key = null, max key = null
2024-04-23T20:52:52,092  INFO [LocalJobRunner Map Task Executor #0] mapred.MapTask: numReduceTasks: 1
2024-04-23T20:52:52,097  INFO [LocalJobRunner Map Task Executor #0] mapred.MapTask: (EQUATOR) 0 kvi 26214396(104857584)
2024-04-23T20:52:52,097  INFO [LocalJobRunner Map Task Executor #0] mapred.MapTask: mapreduce.task.io.sort.mb: 100
2024-04-23T20:52:52,097  INFO [LocalJobRunner Map Task Executor #0] mapred.MapTask: soft limit at 83886080
2024-04-23T20:52:52,097  INFO [LocalJobRunner Map Task Executor #0] mapred.MapTask: bufstart = 0; bufvoid = 104857600
2024-04-23T20:52:52,097  INFO [LocalJobRunner Map Task Executor #0] mapred.MapTask: kvstart = 26214396; length = 6553600
2024-04-23T20:52:52,097  INFO [LocalJobRunner Map Task Executor #0] mapred.MapTask: Map output collector class = org.apache.hadoop.mapred.MapTask$MapOutputBuffer
2024-04-23T20:52:52,098  INFO [LocalJobRunner Map Task Executor #0] exec.MapOperator: Initializing Operator: MAP[0]
2024-04-23T20:52:52,099  INFO [LocalJobRunner Map Task Executor #0] mr.ExecMapper: 
<MAP>Id =0
  <Children>null
  <\Children>
  <Parent><\Parent>
<\MAP>
2024-04-23T20:52:52,100  INFO [LocalJobRunner Map Task Executor #0] exec.TableScanOperator: Initializing Operator: TS[0]
2024-04-23T20:52:52,100  INFO [LocalJobRunner Map Task Executor #0] exec.SelectOperator: Initializing Operator: SEL[1]
2024-04-23T20:52:52,100  INFO [LocalJobRunner Map Task Executor #0] exec.SelectOperator: SELECT struct<c1:int,c2:int,c3:int,row__id:struct<writeid:bigint,bucketid:int,rowid:bigint>,input__file__name:string>
2024-04-23T20:52:52,100  INFO [LocalJobRunner Map Task Executor #0] exec.ReduceSinkOperator: Initializing Operator: RS[2]
2024-04-23T20:52:52,100  INFO [LocalJobRunner Map Task Executor #0] exec.ReduceSinkOperator: Using tag = -1
2024-04-23T20:52:52,100  INFO [LocalJobRunner Map Task Executor #0] exec.ReduceSinkOperator: keys are [reducesinkkey0] num distributions: 1
2024-04-23T20:52:52,100  INFO [LocalJobRunner Map Task Executor #0] exec.ReduceSinkOperator: RS[2]: records written - 1
2024-04-23T20:52:52,100  INFO [LocalJobRunner Map Task Executor #0] exec.MapOperator: MAP[0]: records read - 1
2024-04-23T20:52:52,101  INFO [LocalJobRunner Map Task Executor #0] exec.MapOperator: Closing Operator: MAP[0]
2024-04-23T20:52:52,101  INFO [LocalJobRunner Map Task Executor #0] exec.MapOperator: MAP[0]: Total records read - 2. abort - false
2024-04-23T20:52:52,101  INFO [LocalJobRunner Map Task Executor #0] exec.MapOperator: RECORDS_OUT_INTERMEDIATE:0, DESERIALIZE_ERRORS:0, RECORDS_OUT_OPERATOR_MAP_0:0, RECORDS_IN:2, 
2024-04-23T20:52:52,101  INFO [LocalJobRunner Map Task Executor #0] exec.TableScanOperator: Closing Operator: TS[0]
2024-04-23T20:52:52,101  INFO [LocalJobRunner Map Task Executor #0] exec.TableScanOperator: RECORDS_OUT_OPERATOR_TS_0:2, RECORDS_OUT_INTERMEDIATE:0, 
2024-04-23T20:52:52,101  INFO [LocalJobRunner Map Task Executor #0] exec.SelectOperator: Closing Operator: SEL[1]
2024-04-23T20:52:52,101  INFO [LocalJobRunner Map Task Executor #0] exec.SelectOperator: RECORDS_OUT_OPERATOR_SEL_1:2, RECORDS_OUT_INTERMEDIATE:0, 
2024-04-23T20:52:52,101  INFO [LocalJobRunner Map Task Executor #0] exec.ReduceSinkOperator: Closing Operator: RS[2]
2024-04-23T20:52:52,101  INFO [LocalJobRunner Map Task Executor #0] exec.ReduceSinkOperator: RS[2]: Total records written - 2. abort - false
2024-04-23T20:52:52,101  INFO [LocalJobRunner Map Task Executor #0] exec.ReduceSinkOperator: RECORDS_OUT_INTERMEDIATE:2, RECORDS_OUT_OPERATOR_RS_2:2, 
2024-04-23T20:52:52,102  INFO [LocalJobRunner Map Task Executor #0] mapred.LocalJobRunner: 
2024-04-23T20:52:52,102  INFO [LocalJobRunner Map Task Executor #0] mapred.MapTask: Starting flush of map output
2024-04-23T20:52:52,102  INFO [LocalJobRunner Map Task Executor #0] mapred.MapTask: Spilling map output
2024-04-23T20:52:52,102  INFO [LocalJobRunner Map Task Executor #0] mapred.MapTask: bufstart = 0; bufend = 410; bufvoid = 104857600
2024-04-23T20:52:52,102  INFO [LocalJobRunner Map Task Executor #0] mapred.MapTask: kvstart = 26214396(104857584); kvend = 26214392(104857568); length = 5/6553600
2024-04-23T20:52:52,110  INFO [LocalJobRunner Map Task Executor #0] mapred.MapTask: Finished spill 0
2024-04-23T20:52:52,113  INFO [LocalJobRunner Map Task Executor #0] mapred.Task: Task:attempt_local960755465_0063_m_000001_0 is done. And is in the process of committing
2024-04-23T20:52:52,113  INFO [LocalJobRunner Map Task Executor #0] mapred.LocalJobRunner: OrcSplit [file:/home/alex/Repositories/hive/ql/target/tmp/org.apache.hadoop.hive.ql.TestTxnNoBuckets-1713930630697/warehouse/nobuckets/delta_0000001_0000001_0000/bucket_00000_0, start=0, length=714, isOriginal=false, fileLength=714, hasFooter=false, hasBase=true, deltas=0]
2024-04-23T20:52:52,113  INFO [LocalJobRunner Map Task Executor #0] mapred.Task: Task 'attempt_local960755465_0063_m_000001_0' done.
2024-04-23T20:52:52,113  INFO [LocalJobRunner Map Task Executor #0] mapred.Task: Final Counters for attempt_local960755465_0063_m_000001_0: Counters: 24
	File System Counters
		FILE: Number of bytes read=1576451
		FILE: Number of bytes written=75809477
		FILE: Number of read operations=0
		FILE: Number of large read operations=0
		FILE: Number of write operations=0
	Map-Reduce Framework
		Map input records=2
		Map output records=2
		Map output bytes=410
		Map output materialized bytes=422
		Input split bytes=501
		Combine input records=0
		Spilled Records=2
		Failed Shuffles=0
		Merged Map outputs=0
		GC time elapsed (ms)=0
		Total committed heap usage (bytes)=1209008128
	HIVE
		DESERIALIZE_ERRORS=0
		RECORDS_IN=2
		RECORDS_OUT_INTERMEDIATE=2
		RECORDS_OUT_OPERATOR_MAP_0=0
		RECORDS_OUT_OPERATOR_RS_2=2
		RECORDS_OUT_OPERATOR_SEL_1=2
		RECORDS_OUT_OPERATOR_TS_0=2
	File Input Format Counters 
		Bytes Read=8307
2024-04-23T20:52:52,113  INFO [LocalJobRunner Map Task Executor #0] mapred.LocalJobRunner: Finishing task: attempt_local960755465_0063_m_000001_0
2024-04-23T20:52:52,113  INFO [Thread-4135] mapred.LocalJobRunner: map task executor complete.
2024-04-23T20:52:52,114  INFO [Thread-4135] mapred.LocalJobRunner: Waiting for reduce tasks
2024-04-23T20:52:52,114  INFO [pool-266-thread-1] mapred.LocalJobRunner: Starting task: attempt_local960755465_0063_r_000000_0
2024-04-23T20:52:52,115  INFO [pool-266-thread-1] mapred.Task:  Using ResourceCalculatorProcessTree : [ ]
2024-04-23T20:52:52,115  INFO [pool-266-thread-1] mapred.ReduceTask: Using ShuffleConsumerPlugin: org.apache.hadoop.mapreduce.task.reduce.Shuffle@39ec74bc
2024-04-23T20:52:52,115  WARN [pool-266-thread-1] impl.MetricsSystemImpl: JobTracker metrics system already initialized!
2024-04-23T20:52:52,116  INFO [pool-266-thread-1] reduce.MergeManagerImpl: MergerManager: memoryLimit=1336252800, maxSingleShuffleLimit=334063200, mergeThreshold=881926912, ioSortFactor=10, memToMemMergeOutputsThreshold=10
2024-04-23T20:52:52,116  INFO [EventFetcher for fetching Map Completion Events] reduce.EventFetcher: attempt_local960755465_0063_r_000000_0 Thread started: EventFetcher for fetching Map Completion Events
2024-04-23T20:52:52,119  INFO [localfetcher#39] reduce.LocalFetcher: localfetcher#39 about to shuffle output of map attempt_local960755465_0063_m_000001_0 decomp: 418 len: 422 to MEMORY
2024-04-23T20:52:52,119  INFO [localfetcher#39] reduce.InMemoryMapOutput: Read 418 bytes from map-output for attempt_local960755465_0063_m_000001_0
2024-04-23T20:52:52,119  INFO [localfetcher#39] reduce.MergeManagerImpl: closeInMemoryFile -> map-output of size: 418, inMemoryMapOutputs.size() -> 1, commitMemory -> 0, usedMemory ->418
2024-04-23T20:52:52,122  INFO [localfetcher#39] reduce.LocalFetcher: localfetcher#39 about to shuffle output of map attempt_local960755465_0063_m_000000_0 decomp: 418 len: 422 to MEMORY
2024-04-23T20:52:52,122  INFO [localfetcher#39] reduce.InMemoryMapOutput: Read 418 bytes from map-output for attempt_local960755465_0063_m_000000_0
2024-04-23T20:52:52,122  INFO [localfetcher#39] reduce.MergeManagerImpl: closeInMemoryFile -> map-output of size: 418, inMemoryMapOutputs.size() -> 2, commitMemory -> 418, usedMemory ->836
2024-04-23T20:52:52,122  INFO [EventFetcher for fetching Map Completion Events] reduce.EventFetcher: EventFetcher is interrupted.. Returning
2024-04-23T20:52:52,123  INFO [pool-266-thread-1] mapred.LocalJobRunner: 2 / 2 copied.
2024-04-23T20:52:52,123  INFO [pool-266-thread-1] reduce.MergeManagerImpl: finalMerge called with 2 in-memory map-outputs and 0 on-disk map-outputs
2024-04-23T20:52:52,129  INFO [pool-266-thread-1] mapred.Merger: Merging 2 sorted segments
2024-04-23T20:52:52,129  INFO [pool-266-thread-1] mapred.Merger: Down to the last merge-pass, with 2 segments left of total size: 772 bytes
2024-04-23T20:52:52,132  INFO [pool-266-thread-1] reduce.MergeManagerImpl: Merged 2 segments, 836 bytes to disk to satisfy reduce memory limit
2024-04-23T20:52:52,133  INFO [pool-266-thread-1] reduce.MergeManagerImpl: Merging 1 files, 838 bytes from disk
2024-04-23T20:52:52,133  INFO [pool-266-thread-1] reduce.MergeManagerImpl: Merging 0 segments, 0 bytes from memory into reduce
2024-04-23T20:52:52,133  INFO [pool-266-thread-1] mapred.Merger: Merging 1 sorted segments
2024-04-23T20:52:52,133  INFO [pool-266-thread-1] mapred.Merger: Down to the last merge-pass, with 1 segments left of total size: 802 bytes
2024-04-23T20:52:52,133  INFO [pool-266-thread-1] mapred.LocalJobRunner: 2 / 2 copied.
2024-04-23T20:52:52,133  INFO [pool-266-thread-1] exec.SerializationUtilities: Deserializing ReduceWork using kryo
2024-04-23T20:52:52,134  INFO [pool-266-thread-1] exec.Utilities: Deserialized plan (via FILE) - name: null size: 6,33KB
2024-04-23T20:52:52,135  INFO [pool-266-thread-1] ExecReducer: 
<SEL>Id =3
  <Children>
    <FS>Id =4
      <Children>
      <\Children>
      <Parent>Id = 3 null<\Parent>
    <\FS>
  <\Children>
  <Parent><\Parent>
<\SEL>
2024-04-23T20:52:52,135  INFO [pool-266-thread-1] exec.SelectOperator: Initializing Operator: SEL[3]
2024-04-23T20:52:52,135  INFO [pool-266-thread-1] exec.SelectOperator: SELECT struct<key:struct<reducesinkkey0:struct<writeid:bigint,bucketid:int,rowid:bigint>>,value:struct<_col0:int,_col1:int,_col2:int,_col3:string>>
2024-04-23T20:52:52,135  INFO [pool-266-thread-1] exec.FileSinkOperator: Initializing Operator: FS[4]
2024-04-23T20:52:52,136  INFO [pool-266-thread-1] exec.FileSinkOperator: Using serializer : class org.apache.hadoop.hive.serde2.lazy.LazySimpleSerDe [serdeParams=org.apache.hadoop.hive.serde2.lazy.LazySerDeParameters@4f57a62a, cachedObjectInspector=org.apache.hadoop.hive.serde2.lazy.objectinspector.LazySimpleStructObjectInspector<org.apache.hadoop.hive.serde2.lazy.objectinspector.LazySimpleStructObjectInspector<org.apache.hadoop.hive.serde2.lazy.objectinspector.primitive.LazyLongObjectInspector@7fac3ce0,org.apache.hadoop.hive.serde2.lazy.objectinspector.primitive.LazyIntObjectInspector@3e3b41cb,org.apache.hadoop.hive.serde2.lazy.objectinspector.primitive.LazyLongObjectInspector@7fac3ce0>,org.apache.hadoop.hive.serde2.lazy.objectinspector.primitive.LazyIntObjectInspector@3e3b41cb,org.apache.hadoop.hive.serde2.lazy.objectinspector.primitive.LazyIntObjectInspector@3e3b41cb,org.apache.hadoop.hive.serde2.lazy.objectinspector.primitive.LazyIntObjectInspector@3e3b41cb,org.apache.hadoop.hive.serde2.lazy.objectinspector.primitive.LazyStringObjectInspector@441a2d52>, serializedSize=0, stats=org.apache.hadoop.hive.serde2.SerDeStats@12770215, lastOperationSerialize=false, lastOperationDeserialize=false [1, 2, 3, 4, 5, 6, 7, 8, 11, 14, 15, 16, 17, 18, 19, 20, 21, 22, 23, 24, 25, 26, 28, 29, 30, 31, -128, -127, -126, -125, -124, -123, -122, -121, -120, -119, -118, -117, -116, -115, -114, -113, -112, -111, -110, -109, -108, -107, -106, -105, -104, -103, -102, -101, -100, -99, -98, -97, -96, -95, -94, -93, -92, -91, -90, -89, -88, -87, -86, -85, -84, -83, -82, -81, -80, -79, -78, -77, -76, -75, -74, -73, -72, -71, -70, -69, -68, -67, -66, -65, -64, -63, -62, -61, -60, -59, -58, -57, -56, -55, -54, -53, -52, -51, -50, -49, -48, -47, -46, -45, -44, -43, -42, -41, -40, -39, -38, -37, -36, -35, -34, -33, -32, -31, -30, -29, -28, -27, -26, -25, -24, -23, -22, -21, -20, -19, -18, -17, -16, -15, -14, -13, -12, -11, -10, -9, -8, -7, -6, -5, -4, -3, -2, -1] : [_col0, _col1, _col2, _col3, _col4] : [struct<writeid:bigint,bucketid:int,rowid:bigint>, int, int, int, string]] and formatter : org.apache.hadoop.hive.ql.io.HiveSequenceFileOutputFormat@5a757057
2024-04-23T20:52:52,136  INFO [pool-266-thread-1] exec.FileSinkOperator: Final Path: FS file:/home/alex/Repositories/hive/ql/target/tmp/localscratchdir/23dbae2e-cee9-4d4d-b4a3-8a660c581501/hive_2024-04-23_20-52-51_634_7650676124874061084-1/-mr-10001/.hive-staging_hive_2024-04-23_20-52-51_634_7650676124874061084-1/_tmp.-ext-10002/000000_0
2024-04-23T20:52:52,136  INFO [pool-266-thread-1] exec.FileSinkOperator: Writing to temp file: FS file:/home/alex/Repositories/hive/ql/target/tmp/localscratchdir/23dbae2e-cee9-4d4d-b4a3-8a660c581501/hive_2024-04-23_20-52-51_634_7650676124874061084-1/-mr-10001/.hive-staging_hive_2024-04-23_20-52-51_634_7650676124874061084-1/_task_tmp.-ext-10002/_tmp.000000_0
2024-04-23T20:52:52,136  INFO [pool-266-thread-1] exec.FileSinkOperator: New Final Path: FS file:/home/alex/Repositories/hive/ql/target/tmp/localscratchdir/23dbae2e-cee9-4d4d-b4a3-8a660c581501/hive_2024-04-23_20-52-51_634_7650676124874061084-1/-mr-10001/.hive-staging_hive_2024-04-23_20-52-51_634_7650676124874061084-1/_tmp.-ext-10002/000000_0
2024-04-23T20:52:52,144  INFO [pool-266-thread-1] exec.FileSinkOperator: FS[4]: records written - 1
2024-04-23T20:52:52,144  INFO [pool-266-thread-1] exec.SelectOperator: Closing Operator: SEL[3]
2024-04-23T20:52:52,144  INFO [pool-266-thread-1] exec.SelectOperator: RECORDS_OUT_OPERATOR_SEL_3:4, RECORDS_OUT_INTERMEDIATE:0, 
2024-04-23T20:52:52,144  INFO [pool-266-thread-1] exec.FileSinkOperator: Closing Operator: FS[4]
2024-04-23T20:52:52,144  INFO [pool-266-thread-1] exec.FileSinkOperator: FS[4]: records written - 4
2024-04-23T20:52:52,145  INFO [pool-266-thread-1] exec.FileSinkOperator: RECORDS_OUT_INTERMEDIATE:0, RECORDS_OUT_OPERATOR_FS_4:4, RECORDS_OUT_0:4, 
2024-04-23T20:52:52,145  INFO [pool-266-thread-1] mapred.Task: Task:attempt_local960755465_0063_r_000000_0 is done. And is in the process of committing
2024-04-23T20:52:52,146  INFO [pool-266-thread-1] mapred.LocalJobRunner: reduce > reduce
2024-04-23T20:52:52,146  INFO [pool-266-thread-1] mapred.Task: Task 'attempt_local960755465_0063_r_000000_0' done.
2024-04-23T20:52:52,146  INFO [pool-266-thread-1] mapred.Task: Final Counters for attempt_local960755465_0063_r_000000_0: Counters: 29
	File System Counters
		FILE: Number of bytes read=1584590
		FILE: Number of bytes written=75811218
		FILE: Number of read operations=0
		FILE: Number of large read operations=0
		FILE: Number of write operations=0
	Map-Reduce Framework
		Combine input records=0
		Combine output records=0
		Reduce input groups=4
		Reduce shuffle bytes=844
		Reduce input records=4
		Reduce output records=0
		Spilled Records=4
		Shuffled Maps =2
		Failed Shuffles=0
		Merged Map outputs=2
		GC time elapsed (ms)=0
		Total committed heap usage (bytes)=1209008128
	HIVE
		CREATED_FILES=1
		RECORDS_OUT_0=4
		RECORDS_OUT_INTERMEDIATE=0
		RECORDS_OUT_OPERATOR_FS_4=4
		RECORDS_OUT_OPERATOR_SEL_3=4
	Shuffle Errors
		BAD_ID=0
		CONNECTION=0
		IO_ERROR=0
		WRONG_LENGTH=0
		WRONG_MAP=0
		WRONG_REDUCE=0
	File Output Format Counters 
		Bytes Written=0
2024-04-23T20:52:52,146  INFO [pool-266-thread-1] mapred.LocalJobRunner: Finishing task: attempt_local960755465_0063_r_000000_0
2024-04-23T20:52:52,146  INFO [Thread-4135] mapred.LocalJobRunner: reduce task executor complete.
2024-04-23 20:52:53,060 Stage-1 map = 100%,  reduce = 100%
2024-04-23T20:52:53,061  INFO [main] exec.Task: 2024-04-23 20:52:53,060 Stage-1 map = 100%,  reduce = 100%
Ended Job = job_local960755465_0063
2024-04-23T20:52:53,062  INFO [main] exec.Task: Ended Job = job_local960755465_0063
2024-04-23T20:52:53,064  INFO [main] metadata.Hive: Dumping metastore api call timing information for : execution phase
2024-04-23T20:52:53,064  INFO [main] metadata.Hive: Total time spent in each metastore function (ms): {}
MapReduce Jobs Launched: 
2024-04-23T20:52:53,064  INFO [main] ql.Driver: MapReduce Jobs Launched: 
Stage-Stage-1:  HDFS Read: 0 HDFS Write: 0 SUCCESS
2024-04-23T20:52:53,064  INFO [main] ql.Driver: Stage-Stage-1:  HDFS Read: 0 HDFS Write: 0 SUCCESS
Total MapReduce CPU Time Spent: 0 msec
2024-04-23T20:52:53,064  INFO [main] ql.Driver: Total MapReduce CPU Time Spent: 0 msec
2024-04-23T20:52:53,064  INFO [main] ql.Driver: Completed executing command(queryId=alex_20240423205251_ba7e9e8f-da1e-403f-9d4b-533951581cd1); Time taken: 1.302 seconds
2024-04-23T20:52:53,064  INFO [main] lockmgr.DbTxnManager: Stopped heartbeat for query: alex_20240423205251_ba7e9e8f-da1e-403f-9d4b-533951581cd1
2024-04-23T20:52:53,068  INFO [main] txn.TxnHandler: Expected to move at least one record from txn_components to completed_txn_components when committing txn! txnid:20
2024-04-23T20:52:53,073  INFO [main] txn.TxnHandler: Removed transactions: ([20]) from MIN_HISTORY_LEVEL
2024-04-23T20:52:53,073  WARN [main] txn.CompactionTxnHandler: No compaction queue record found for Compaction type transaction commit. txnId:20
2024-04-23T20:52:53,076  INFO [main] mapred.FileInputFormat: Total input files to process : 1
2024-04-23T20:52:53,077  INFO [main] exec.ListSinkOperator: Closing Operator: LIST_SINK[5]
2024-04-23T20:52:53,077  INFO [main] exec.ListSinkOperator: RECORDS_OUT_OPERATOR_LIST_SINK_5:4, RECORDS_OUT_INTERMEDIATE:0, 
2024-04-23T20:52:53,077  WARN [main] ql.TestTxnNoBuckets: after insert
2024-04-23T20:52:53,077  WARN [main] ql.TestTxnNoBuckets: {"writeid":1,"bucketid":536870912,"rowid":0}	0	0	0	file:/home/alex/Repositories/hive/ql/target/tmp/org.apache.hadoop.hive.ql.TestTxnNoBuckets-1713930630697/warehouse/nobuckets/delta_0000001_0000001_0000/bucket_00000_0
2024-04-23T20:52:53,077  WARN [main] ql.TestTxnNoBuckets: {"writeid":1,"bucketid":536870912,"rowid":1}	3	3	3	file:/home/alex/Repositories/hive/ql/target/tmp/org.apache.hadoop.hive.ql.TestTxnNoBuckets-1713930630697/warehouse/nobuckets/delta_0000001_0000001_0000/bucket_00000_0
2024-04-23T20:52:53,077  WARN [main] ql.TestTxnNoBuckets: {"writeid":1,"bucketid":536936448,"rowid":0}	1	1	1	file:/home/alex/Repositories/hive/ql/target/tmp/org.apache.hadoop.hive.ql.TestTxnNoBuckets-1713930630697/warehouse/nobuckets/delta_0000001_0000001_0000/bucket_00001_0
2024-04-23T20:52:53,077  WARN [main] ql.TestTxnNoBuckets: {"writeid":1,"bucketid":536936448,"rowid":1}	2	2	2	file:/home/alex/Repositories/hive/ql/target/tmp/org.apache.hadoop.hive.ql.TestTxnNoBuckets-1713930630697/warehouse/nobuckets/delta_0000001_0000001_0000/bucket_00001_0
2024-04-23T20:52:53,077  INFO [main] ql.TxnCommandsBaseForTests: Running the query: explain  update nobuckets set c3 = 17 where c3 in(0,1)
2024-04-23T20:52:53,078  INFO [main] ql.Context: Deleting scratch dir: file:/home/alex/Repositories/hive/ql/target/tmp/localscratchdir/23dbae2e-cee9-4d4d-b4a3-8a660c581501/hive_2024-04-23_20-52-51_634_7650676124874061084-1
2024-04-23T20:52:53,078  INFO [main] cleanup.SyncCleanupService: Deleted directory: file:/home/alex/Repositories/hive/ql/target/tmp/localscratchdir/23dbae2e-cee9-4d4d-b4a3-8a660c581501/hive_2024-04-23_20-52-51_634_7650676124874061084-1 on fs with scheme file
2024-04-23T20:52:53,078  INFO [main] ql.Driver: Compiling command(queryId=alex_20240423205253_bdad6968-6c08-4f2d-9a46-36963617c7d5): explain  update nobuckets set c3 = 17 where c3 in(0,1)
2024-04-23T20:52:53,081  INFO [main] txn.TxnHandler: Added entries to MIN_HISTORY_LEVEL for current txns: ([21]) with min_open_txn: 21
2024-04-23T20:52:53,081  INFO [main] lockmgr.DbTxnManager: Opened txnid:21
2024-04-23T20:52:53,081  INFO [main] HiveMetaStore.audit: ugi=alex	ip=unknown-ip-addr	cmd=get_table : tbl=hive.default.nobuckets	
2024-04-23T20:52:53,089  INFO [main] metastore.HMSHandler: Skipping translation for processor with null
2024-04-23T20:52:53,089  INFO [main] parse.RewriteSemanticAnalyzer: Going to reparse <explain  update nobuckets set c3 = 17 where c3 in(0,1)> as 
<insert into table `default`.`nobuckets` select ROW__ID,`c1`,`c2`,`c3` from `default`.`nobuckets` sort by ROW__ID >
2024-04-23T20:52:53,090  INFO [main] parse.UpdateDeleteSemanticAnalyzer: Starting Semantic Analysis
2024-04-23T20:52:53,093  INFO [main] HiveMetaStore.audit: ugi=alex	ip=unknown-ip-addr	cmd=get_table : tbl=hive.default.nobuckets	
2024-04-23T20:52:53,100  INFO [main] metastore.HMSHandler: Skipping translation for processor with null
2024-04-23T20:52:53,100  INFO [main] parse.UpdateDeleteSemanticAnalyzer: Completed phase 1 of Semantic Analysis
2024-04-23T20:52:53,100  INFO [main] parse.UpdateDeleteSemanticAnalyzer: Get metadata for source tables
2024-04-23T20:52:53,100  INFO [main] parse.UpdateDeleteSemanticAnalyzer: Get metadata for subqueries
2024-04-23T20:52:53,100  INFO [main] parse.UpdateDeleteSemanticAnalyzer: Get metadata for destination tables
2024-04-23T20:52:53,100  INFO [main] HiveMetaStore.audit: ugi=alex	ip=unknown-ip-addr	cmd=get_table : tbl=hive.default.nobuckets	
2024-04-23T20:52:53,107  INFO [main] metastore.HMSHandler: Skipping translation for processor with null
2024-04-23T20:52:53,108  INFO [main] parse.UpdateDeleteSemanticAnalyzer: Completed getting MetaData in Semantic Analysis
2024-04-23T20:52:53,108  INFO [main] parse.UpdateDeleteSemanticAnalyzer: Disabling LLAP IO encode as ETL query is detected
2024-04-23T20:52:53,121  INFO [main] HiveMetaStore.audit: ugi=alex	ip=unknown-ip-addr	cmd=get_all_table_constraints : tbl=hive.default.nobuckets	
2024-04-23T20:52:53,128  INFO [main] HiveMetaStore.audit: ugi=alex	ip=unknown-ip-addr	cmd=get_not_null_constraints : tbl=hive.default.nobuckets	
2024-04-23T20:52:53,129  INFO [main] HiveMetaStore.audit: ugi=alex	ip=unknown-ip-addr	cmd=get_check_constraints : tbl=hive.default.nobuckets	
2024-04-23T20:52:53,151  INFO [main] calcite.RelOptHiveTable: Calculating column statistics for default.nobuckets, projIndxSet: [0, 1, 2], allowMissingStats: true
2024-04-23T20:52:53,152  INFO [main] HiveMetaStore.audit: ugi=alex	ip=unknown-ip-addr	cmd=get_table_statistics_req: table=hive.default.nobuckets	
2024-04-23T20:52:53,161  WARN [main] calcite.RelOptHiveTable: No Stats for default@nobuckets, Columns: c2, c3, c1
No Stats for default@nobuckets, Columns: c2, c3, c1
2024-04-23T20:52:53,161  INFO [main] SessionState: No Stats for default@nobuckets, Columns: c2, c3, c1
2024-04-23T20:52:53,218  INFO [main] parse.UpdateDeleteSemanticAnalyzer: Get metadata for source tables
2024-04-23T20:52:53,218  INFO [main] parse.UpdateDeleteSemanticAnalyzer: Get metadata for subqueries
2024-04-23T20:52:53,218  INFO [main] parse.UpdateDeleteSemanticAnalyzer: Get metadata for destination tables
2024-04-23T20:52:53,219  INFO [main] HiveMetaStore.audit: ugi=alex	ip=unknown-ip-addr	cmd=get_table : tbl=hive.default.nobuckets	
2024-04-23T20:52:53,225  INFO [main] metastore.HMSHandler: Skipping translation for processor with null
2024-04-23T20:52:53,228 ERROR [main] parse.UpdateDeleteSemanticAnalyzer: CBO failed, skipping CBO. 
org.apache.hadoop.hive.ql.exec.NoMatchingMethodException: No matching method for class org.apache.hadoop.hive.ql.udf.UDFToInteger with (struct<writeid:bigint,bucketid:int,rowid:bigint>). Possible choices: _FUNC_(bigint)  _FUNC_(boolean)  _FUNC_(decimal(38,18))  _FUNC_(double)  _FUNC_(float)  _FUNC_(smallint)  _FUNC_(string)  _FUNC_(struct<bucketid:int,rowid:bigint,writeid:bigint>)  _FUNC_(timestamp)  _FUNC_(tinyint)  _FUNC_(void)  
	at org.apache.hadoop.hive.ql.exec.MethodUtils.getMethodInternal(MethodUtils.java:130) ~[classes/:?]
	at org.apache.hadoop.hive.ql.exec.MethodUtils.getMethodInternal(MethodUtils.java:60) ~[classes/:?]
	at org.apache.hadoop.hive.ql.exec.DefaultUDFMethodResolver.getEvalMethod(DefaultUDFMethodResolver.java:59) ~[classes/:?]
	at org.apache.hadoop.hive.ql.udf.TimestampCastRestrictorResolver.getEvalMethod(TimestampCastRestrictorResolver.java:68) ~[classes/:?]
	at org.apache.hadoop.hive.ql.udf.generic.GenericUDFBridge.initialize(GenericUDFBridge.java:168) ~[classes/:?]
	at org.apache.hadoop.hive.ql.udf.generic.GenericUDF.initializeAndFoldConstants(GenericUDF.java:149) ~[classes/:?]
	at org.apache.hadoop.hive.ql.plan.ExprNodeGenericFuncDesc.newInstance(ExprNodeGenericFuncDesc.java:235) ~[classes/:?]
	at org.apache.hadoop.hive.ql.parse.type.ExprNodeDescExprFactory.createFuncCallExpr(ExprNodeDescExprFactory.java:584) ~[classes/:?]
	at org.apache.hadoop.hive.ql.parse.type.ExprNodeDescExprFactory.createFuncCallExpr(ExprNodeDescExprFactory.java:97) ~[classes/:?]
	at org.apache.hadoop.hive.ql.parse.type.TypeCheckProcFactory$DefaultExprProcessor.getFuncExprNodeDescWithUdfData(TypeCheckProcFactory.java:762) ~[classes/:?]
	at org.apache.hadoop.hive.ql.parse.type.TypeCheckProcFactory$DefaultExprProcessor.createConversionCast(TypeCheckProcFactory.java:783) ~[classes/:?]
	at org.apache.hadoop.hive.ql.parse.SemanticAnalyzer.getPartitionColsFromBucketColsForUpdateDelete(SemanticAnalyzer.java:8725) ~[classes/:?]
	at org.apache.hadoop.hive.ql.parse.SemanticAnalyzer.genBucketingSortingDest(SemanticAnalyzer.java:6914) ~[classes/:?]
	at org.apache.hadoop.hive.ql.parse.SemanticAnalyzer.genFileSinkPlan(SemanticAnalyzer.java:7335) ~[classes/:?]
	at org.apache.hadoop.hive.ql.parse.SemanticAnalyzer.genPostGroupByBodyPlan(SemanticAnalyzer.java:11063) ~[classes/:?]
	at org.apache.hadoop.hive.ql.parse.SemanticAnalyzer.genBodyPlan(SemanticAnalyzer.java:10938) ~[classes/:?]
	at org.apache.hadoop.hive.ql.parse.SemanticAnalyzer.genPlan(SemanticAnalyzer.java:11853) ~[classes/:?]
	at org.apache.hadoop.hive.ql.parse.SemanticAnalyzer.genPlan(SemanticAnalyzer.java:11723) ~[classes/:?]
	at org.apache.hadoop.hive.ql.parse.CalcitePlanner.genOPTree(CalcitePlanner.java:626) ~[classes/:?]
	at org.apache.hadoop.hive.ql.parse.SemanticAnalyzer.analyzeInternal(SemanticAnalyzer.java:12558) ~[classes/:?]
	at org.apache.hadoop.hive.ql.parse.CalcitePlanner.analyzeInternal(CalcitePlanner.java:456) ~[classes/:?]
	at org.apache.hadoop.hive.ql.parse.RewriteSemanticAnalyzer.analyzeInternal(RewriteSemanticAnalyzer.java:67) ~[classes/:?]
	at org.apache.hadoop.hive.ql.parse.BaseSemanticAnalyzer.analyze(BaseSemanticAnalyzer.java:317) ~[classes/:?]
	at org.apache.hadoop.hive.ql.parse.UpdateDeleteSemanticAnalyzer.reparseAndSuperAnalyze(UpdateDeleteSemanticAnalyzer.java:208) ~[classes/:?]
	at org.apache.hadoop.hive.ql.parse.UpdateDeleteSemanticAnalyzer.analyzeUpdate(UpdateDeleteSemanticAnalyzer.java:63) ~[classes/:?]
	at org.apache.hadoop.hive.ql.parse.UpdateDeleteSemanticAnalyzer.analyze(UpdateDeleteSemanticAnalyzer.java:53) ~[classes/:?]
	at org.apache.hadoop.hive.ql.parse.RewriteSemanticAnalyzer.analyzeInternal(RewriteSemanticAnalyzer.java:72) ~[classes/:?]
	at org.apache.hadoop.hive.ql.parse.BaseSemanticAnalyzer.analyze(BaseSemanticAnalyzer.java:317) ~[classes/:?]
	at org.apache.hadoop.hive.ql.parse.ExplainSemanticAnalyzer.analyzeInternal(ExplainSemanticAnalyzer.java:175) ~[classes/:?]
	at org.apache.hadoop.hive.ql.parse.BaseSemanticAnalyzer.analyze(BaseSemanticAnalyzer.java:317) ~[classes/:?]
	at org.apache.hadoop.hive.ql.Compiler.analyze(Compiler.java:223) ~[classes/:?]
	at org.apache.hadoop.hive.ql.Compiler.compile(Compiler.java:105) ~[classes/:?]
	at org.apache.hadoop.hive.ql.Driver.compile(Driver.java:500) ~[classes/:?]
	at org.apache.hadoop.hive.ql.Driver.compileInternal(Driver.java:453) ~[classes/:?]
	at org.apache.hadoop.hive.ql.Driver.runInternal(Driver.java:181) ~[classes/:?]
	at org.apache.hadoop.hive.ql.Driver.run(Driver.java:153) ~[classes/:?]
	at org.apache.hadoop.hive.ql.Driver.run(Driver.java:140) ~[classes/:?]
	at org.apache.hadoop.hive.ql.TxnCommandsBaseForTests.runStatementOnDriver(TxnCommandsBaseForTests.java:245) ~[test-classes/:?]
	at org.apache.hadoop.hive.ql.TestTxnNoBuckets.testNoBuckets(TestTxnNoBuckets.java:109) ~[test-classes/:?]
	at sun.reflect.NativeMethodAccessorImpl.invoke0(Native Method) ~[?:1.8.0_402]
	at sun.reflect.NativeMethodAccessorImpl.invoke(NativeMethodAccessorImpl.java:62) ~[?:1.8.0_402]
	at sun.reflect.DelegatingMethodAccessorImpl.invoke(DelegatingMethodAccessorImpl.java:43) ~[?:1.8.0_402]
	at java.lang.reflect.Method.invoke(Method.java:498) ~[?:1.8.0_402]
	at org.junit.runners.model.FrameworkMethod$1.runReflectiveCall(FrameworkMethod.java:59) ~[junit-4.13.jar:4.13]
	at org.junit.internal.runners.model.ReflectiveCallable.run(ReflectiveCallable.java:12) ~[junit-4.13.jar:4.13]
	at org.junit.runners.model.FrameworkMethod.invokeExplosively(FrameworkMethod.java:56) ~[junit-4.13.jar:4.13]
	at org.junit.internal.runners.statements.InvokeMethod.evaluate(InvokeMethod.java:17) ~[junit-4.13.jar:4.13]
	at org.junit.internal.runners.statements.RunBefores.evaluate(RunBefores.java:26) ~[junit-4.13.jar:4.13]
	at org.junit.internal.runners.statements.RunAfters.evaluate(RunAfters.java:27) ~[junit-4.13.jar:4.13]
	at org.junit.rules.TestWatcher$1.evaluate(TestWatcher.java:61) ~[junit-4.13.jar:4.13]
	at org.junit.runners.ParentRunner$3.evaluate(ParentRunner.java:306) ~[junit-4.13.jar:4.13]
	at org.junit.runners.BlockJUnit4ClassRunner$1.evaluate(BlockJUnit4ClassRunner.java:100) ~[junit-4.13.jar:4.13]
	at org.junit.runners.ParentRunner.runLeaf(ParentRunner.java:366) ~[junit-4.13.jar:4.13]
	at org.junit.runners.BlockJUnit4ClassRunner.runChild(BlockJUnit4ClassRunner.java:103) ~[junit-4.13.jar:4.13]
	at org.junit.runners.BlockJUnit4ClassRunner.runChild(BlockJUnit4ClassRunner.java:63) ~[junit-4.13.jar:4.13]
	at org.junit.runners.ParentRunner$4.run(ParentRunner.java:331) ~[junit-4.13.jar:4.13]
	at org.junit.runners.ParentRunner$1.schedule(ParentRunner.java:79) ~[junit-4.13.jar:4.13]
	at org.junit.runners.ParentRunner.runChildren(ParentRunner.java:329) ~[junit-4.13.jar:4.13]
	at org.junit.runners.ParentRunner.access$100(ParentRunner.java:66) ~[junit-4.13.jar:4.13]
	at org.junit.runners.ParentRunner$2.evaluate(ParentRunner.java:293) ~[junit-4.13.jar:4.13]
	at org.junit.runners.ParentRunner$3.evaluate(ParentRunner.java:306) ~[junit-4.13.jar:4.13]
	at org.junit.runners.ParentRunner.run(ParentRunner.java:413) ~[junit-4.13.jar:4.13]
	at org.junit.runner.JUnitCore.run(JUnitCore.java:137) ~[junit-4.13.jar:4.13]
	at org.junit.runner.JUnitCore.run(JUnitCore.java:115) ~[junit-4.13.jar:4.13]
	at org.junit.vintage.engine.execution.RunnerExecutor.execute(RunnerExecutor.java:43) ~[junit-vintage-engine-5.6.2.jar:5.6.2]
	at java.util.stream.ForEachOps$ForEachOp$OfRef.accept(ForEachOps.java:183) ~[?:1.8.0_402]
	at java.util.stream.ReferencePipeline$3$1.accept(ReferencePipeline.java:193) ~[?:1.8.0_402]
	at java.util.Iterator.forEachRemaining(Iterator.java:116) ~[?:1.8.0_402]
	at java.util.Spliterators$IteratorSpliterator.forEachRemaining(Spliterators.java:1801) ~[?:1.8.0_402]
	at java.util.stream.AbstractPipeline.copyInto(AbstractPipeline.java:482) ~[?:1.8.0_402]
	at java.util.stream.AbstractPipeline.wrapAndCopyInto(AbstractPipeline.java:472) ~[?:1.8.0_402]
	at java.util.stream.ForEachOps$ForEachOp.evaluateSequential(ForEachOps.java:150) ~[?:1.8.0_402]
	at java.util.stream.ForEachOps$ForEachOp$OfRef.evaluateSequential(ForEachOps.java:173) ~[?:1.8.0_402]
	at java.util.stream.AbstractPipeline.evaluate(AbstractPipeline.java:234) ~[?:1.8.0_402]
	at java.util.stream.ReferencePipeline.forEach(ReferencePipeline.java:485) ~[?:1.8.0_402]
	at org.junit.vintage.engine.VintageTestEngine.executeAllChildren(VintageTestEngine.java:82) ~[junit-vintage-engine-5.6.2.jar:5.6.2]
	at org.junit.vintage.engine.VintageTestEngine.execute(VintageTestEngine.java:73) ~[junit-vintage-engine-5.6.2.jar:5.6.2]
	at org.junit.platform.launcher.core.DefaultLauncher.execute(DefaultLauncher.java:248) ~[junit-platform-launcher-1.6.2.jar:1.6.2]
	at org.junit.platform.launcher.core.DefaultLauncher.lambda$execute$5(DefaultLauncher.java:211) ~[junit-platform-launcher-1.6.2.jar:1.6.2]
	at org.junit.platform.launcher.core.DefaultLauncher.withInterceptedStreams(DefaultLauncher.java:226) [junit-platform-launcher-1.6.2.jar:1.6.2]
	at org.junit.platform.launcher.core.DefaultLauncher.execute(DefaultLauncher.java:199) [junit-platform-launcher-1.6.2.jar:1.6.2]
	at org.junit.platform.launcher.core.DefaultLauncher.execute(DefaultLauncher.java:132) [junit-platform-launcher-1.6.2.jar:1.6.2]
	at org.apache.maven.surefire.junitplatform.JUnitPlatformProvider.invokeAllTests(JUnitPlatformProvider.java:154) [surefire-junit-platform-3.0.0-M4.jar:3.0.0-M4]
	at org.apache.maven.surefire.junitplatform.JUnitPlatformProvider.invoke(JUnitPlatformProvider.java:123) [surefire-junit-platform-3.0.0-M4.jar:3.0.0-M4]
	at org.apache.maven.surefire.booter.ForkedBooter.runSuitesInProcess(ForkedBooter.java:377) [surefire-booter-3.0.0-M4.jar:3.0.0-M4]
	at org.apache.maven.surefire.booter.ForkedBooter.execute(ForkedBooter.java:138) [surefire-booter-3.0.0-M4.jar:3.0.0-M4]
	at org.apache.maven.surefire.booter.ForkedBooter.run(ForkedBooter.java:465) [surefire-booter-3.0.0-M4.jar:3.0.0-M4]
	at org.apache.maven.surefire.booter.ForkedBooter.main(ForkedBooter.java:451) [surefire-booter-3.0.0-M4.jar:3.0.0-M4]
2024-04-23T20:52:53,229 ERROR [main] parse.UpdateDeleteSemanticAnalyzer: CBO failed due to missing column stats (see previous errors), skipping CBO
FAILED: NoMatchingMethodException No matching method for class org.apache.hadoop.hive.ql.udf.UDFToInteger with (struct<writeid:bigint,bucketid:int,rowid:bigint>). Possible choices: _FUNC_(bigint)  _FUNC_(boolean)  _FUNC_(decimal(38,18))  _FUNC_(double)  _FUNC_(float)  _FUNC_(smallint)  _FUNC_(string)  _FUNC_(struct<bucketid:int,rowid:bigint,writeid:bigint>)  _FUNC_(timestamp)  _FUNC_(tinyint)  _FUNC_(void)  
2024-04-23T20:52:53,230 ERROR [main] ql.Driver: FAILED: NoMatchingMethodException No matching method for class org.apache.hadoop.hive.ql.udf.UDFToInteger with (struct<writeid:bigint,bucketid:int,rowid:bigint>). Possible choices: _FUNC_(bigint)  _FUNC_(boolean)  _FUNC_(decimal(38,18))  _FUNC_(double)  _FUNC_(float)  _FUNC_(smallint)  _FUNC_(string)  _FUNC_(struct<bucketid:int,rowid:bigint,writeid:bigint>)  _FUNC_(timestamp)  _FUNC_(tinyint)  _FUNC_(void)  
org.apache.hadoop.hive.ql.exec.NoMatchingMethodException: No matching method for class org.apache.hadoop.hive.ql.udf.UDFToInteger with (struct<writeid:bigint,bucketid:int,rowid:bigint>). Possible choices: _FUNC_(bigint)  _FUNC_(boolean)  _FUNC_(decimal(38,18))  _FUNC_(double)  _FUNC_(float)  _FUNC_(smallint)  _FUNC_(string)  _FUNC_(struct<bucketid:int,rowid:bigint,writeid:bigint>)  _FUNC_(timestamp)  _FUNC_(tinyint)  _FUNC_(void)  
	at org.apache.hadoop.hive.ql.exec.MethodUtils.getMethodInternal(MethodUtils.java:130)
	at org.apache.hadoop.hive.ql.exec.MethodUtils.getMethodInternal(MethodUtils.java:60)
	at org.apache.hadoop.hive.ql.exec.DefaultUDFMethodResolver.getEvalMethod(DefaultUDFMethodResolver.java:59)
	at org.apache.hadoop.hive.ql.udf.TimestampCastRestrictorResolver.getEvalMethod(TimestampCastRestrictorResolver.java:68)
	at org.apache.hadoop.hive.ql.udf.generic.GenericUDFBridge.initialize(GenericUDFBridge.java:168)
	at org.apache.hadoop.hive.ql.udf.generic.GenericUDF.initializeAndFoldConstants(GenericUDF.java:149)
	at org.apache.hadoop.hive.ql.plan.ExprNodeGenericFuncDesc.newInstance(ExprNodeGenericFuncDesc.java:235)
	at org.apache.hadoop.hive.ql.parse.type.ExprNodeDescExprFactory.createFuncCallExpr(ExprNodeDescExprFactory.java:584)
	at org.apache.hadoop.hive.ql.parse.type.ExprNodeDescExprFactory.createFuncCallExpr(ExprNodeDescExprFactory.java:97)
	at org.apache.hadoop.hive.ql.parse.type.TypeCheckProcFactory$DefaultExprProcessor.getFuncExprNodeDescWithUdfData(TypeCheckProcFactory.java:762)
	at org.apache.hadoop.hive.ql.parse.type.TypeCheckProcFactory$DefaultExprProcessor.createConversionCast(TypeCheckProcFactory.java:783)
	at org.apache.hadoop.hive.ql.parse.SemanticAnalyzer.getPartitionColsFromBucketColsForUpdateDelete(SemanticAnalyzer.java:8725)
	at org.apache.hadoop.hive.ql.parse.SemanticAnalyzer.genBucketingSortingDest(SemanticAnalyzer.java:6914)
	at org.apache.hadoop.hive.ql.parse.SemanticAnalyzer.genFileSinkPlan(SemanticAnalyzer.java:7335)
	at org.apache.hadoop.hive.ql.parse.SemanticAnalyzer.genPostGroupByBodyPlan(SemanticAnalyzer.java:11063)
	at org.apache.hadoop.hive.ql.parse.SemanticAnalyzer.genBodyPlan(SemanticAnalyzer.java:10938)
	at org.apache.hadoop.hive.ql.parse.SemanticAnalyzer.genPlan(SemanticAnalyzer.java:11853)
	at org.apache.hadoop.hive.ql.parse.SemanticAnalyzer.genPlan(SemanticAnalyzer.java:11723)
	at org.apache.hadoop.hive.ql.parse.CalcitePlanner.genOPTree(CalcitePlanner.java:626)
	at org.apache.hadoop.hive.ql.parse.SemanticAnalyzer.analyzeInternal(SemanticAnalyzer.java:12558)
	at org.apache.hadoop.hive.ql.parse.CalcitePlanner.analyzeInternal(CalcitePlanner.java:456)
	at org.apache.hadoop.hive.ql.parse.RewriteSemanticAnalyzer.analyzeInternal(RewriteSemanticAnalyzer.java:67)
	at org.apache.hadoop.hive.ql.parse.BaseSemanticAnalyzer.analyze(BaseSemanticAnalyzer.java:317)
	at org.apache.hadoop.hive.ql.parse.UpdateDeleteSemanticAnalyzer.reparseAndSuperAnalyze(UpdateDeleteSemanticAnalyzer.java:208)
	at org.apache.hadoop.hive.ql.parse.UpdateDeleteSemanticAnalyzer.analyzeUpdate(UpdateDeleteSemanticAnalyzer.java:63)
	at org.apache.hadoop.hive.ql.parse.UpdateDeleteSemanticAnalyzer.analyze(UpdateDeleteSemanticAnalyzer.java:53)
	at org.apache.hadoop.hive.ql.parse.RewriteSemanticAnalyzer.analyzeInternal(RewriteSemanticAnalyzer.java:72)
	at org.apache.hadoop.hive.ql.parse.BaseSemanticAnalyzer.analyze(BaseSemanticAnalyzer.java:317)
	at org.apache.hadoop.hive.ql.parse.ExplainSemanticAnalyzer.analyzeInternal(ExplainSemanticAnalyzer.java:175)
	at org.apache.hadoop.hive.ql.parse.BaseSemanticAnalyzer.analyze(BaseSemanticAnalyzer.java:317)
	at org.apache.hadoop.hive.ql.Compiler.analyze(Compiler.java:223)
	at org.apache.hadoop.hive.ql.Compiler.compile(Compiler.java:105)
	at org.apache.hadoop.hive.ql.Driver.compile(Driver.java:500)
	at org.apache.hadoop.hive.ql.Driver.compileInternal(Driver.java:453)
	at org.apache.hadoop.hive.ql.Driver.runInternal(Driver.java:181)
	at org.apache.hadoop.hive.ql.Driver.run(Driver.java:153)
	at org.apache.hadoop.hive.ql.Driver.run(Driver.java:140)
	at org.apache.hadoop.hive.ql.TxnCommandsBaseForTests.runStatementOnDriver(TxnCommandsBaseForTests.java:245)
	at org.apache.hadoop.hive.ql.TestTxnNoBuckets.testNoBuckets(TestTxnNoBuckets.java:109)
	at sun.reflect.NativeMethodAccessorImpl.invoke0(Native Method)
	at sun.reflect.NativeMethodAccessorImpl.invoke(NativeMethodAccessorImpl.java:62)
	at sun.reflect.DelegatingMethodAccessorImpl.invoke(DelegatingMethodAccessorImpl.java:43)
	at java.lang.reflect.Method.invoke(Method.java:498)
	at org.junit.runners.model.FrameworkMethod$1.runReflectiveCall(FrameworkMethod.java:59)
	at org.junit.internal.runners.model.ReflectiveCallable.run(ReflectiveCallable.java:12)
	at org.junit.runners.model.FrameworkMethod.invokeExplosively(FrameworkMethod.java:56)
	at org.junit.internal.runners.statements.InvokeMethod.evaluate(InvokeMethod.java:17)
	at org.junit.internal.runners.statements.RunBefores.evaluate(RunBefores.java:26)
	at org.junit.internal.runners.statements.RunAfters.evaluate(RunAfters.java:27)
	at org.junit.rules.TestWatcher$1.evaluate(TestWatcher.java:61)
	at org.junit.runners.ParentRunner$3.evaluate(ParentRunner.java:306)
	at org.junit.runners.BlockJUnit4ClassRunner$1.evaluate(BlockJUnit4ClassRunner.java:100)
	at org.junit.runners.ParentRunner.runLeaf(ParentRunner.java:366)
	at org.junit.runners.BlockJUnit4ClassRunner.runChild(BlockJUnit4ClassRunner.java:103)
	at org.junit.runners.BlockJUnit4ClassRunner.runChild(BlockJUnit4ClassRunner.java:63)
	at org.junit.runners.ParentRunner$4.run(ParentRunner.java:331)
	at org.junit.runners.ParentRunner$1.schedule(ParentRunner.java:79)
	at org.junit.runners.ParentRunner.runChildren(ParentRunner.java:329)
	at org.junit.runners.ParentRunner.access$100(ParentRunner.java:66)
	at org.junit.runners.ParentRunner$2.evaluate(ParentRunner.java:293)
	at org.junit.runners.ParentRunner$3.evaluate(ParentRunner.java:306)
	at org.junit.runners.ParentRunner.run(ParentRunner.java:413)
	at org.junit.runner.JUnitCore.run(JUnitCore.java:137)
	at org.junit.runner.JUnitCore.run(JUnitCore.java:115)
	at org.junit.vintage.engine.execution.RunnerExecutor.execute(RunnerExecutor.java:43)
	at java.util.stream.ForEachOps$ForEachOp$OfRef.accept(ForEachOps.java:183)
	at java.util.stream.ReferencePipeline$3$1.accept(ReferencePipeline.java:193)
	at java.util.Iterator.forEachRemaining(Iterator.java:116)
	at java.util.Spliterators$IteratorSpliterator.forEachRemaining(Spliterators.java:1801)
	at java.util.stream.AbstractPipeline.copyInto(AbstractPipeline.java:482)
	at java.util.stream.AbstractPipeline.wrapAndCopyInto(AbstractPipeline.java:472)
	at java.util.stream.ForEachOps$ForEachOp.evaluateSequential(ForEachOps.java:150)
	at java.util.stream.ForEachOps$ForEachOp$OfRef.evaluateSequential(ForEachOps.java:173)
	at java.util.stream.AbstractPipeline.evaluate(AbstractPipeline.java:234)
	at java.util.stream.ReferencePipeline.forEach(ReferencePipeline.java:485)
	at org.junit.vintage.engine.VintageTestEngine.executeAllChildren(VintageTestEngine.java:82)
	at org.junit.vintage.engine.VintageTestEngine.execute(VintageTestEngine.java:73)
	at org.junit.platform.launcher.core.DefaultLauncher.execute(DefaultLauncher.java:248)
	at org.junit.platform.launcher.core.DefaultLauncher.lambda$execute$5(DefaultLauncher.java:211)
	at org.junit.platform.launcher.core.DefaultLauncher.withInterceptedStreams(DefaultLauncher.java:226)
	at org.junit.platform.launcher.core.DefaultLauncher.execute(DefaultLauncher.java:199)
	at org.junit.platform.launcher.core.DefaultLauncher.execute(DefaultLauncher.java:132)
	at org.apache.maven.surefire.junitplatform.JUnitPlatformProvider.invokeAllTests(JUnitPlatformProvider.java:154)
	at org.apache.maven.surefire.junitplatform.JUnitPlatformProvider.invoke(JUnitPlatformProvider.java:123)
	at org.apache.maven.surefire.booter.ForkedBooter.runSuitesInProcess(ForkedBooter.java:377)
	at org.apache.maven.surefire.booter.ForkedBooter.execute(ForkedBooter.java:138)
	at org.apache.maven.surefire.booter.ForkedBooter.run(ForkedBooter.java:465)
	at org.apache.maven.surefire.booter.ForkedBooter.main(ForkedBooter.java:451)

2024-04-23T20:52:53,230  INFO [main] metadata.Hive: Dumping metastore api call timing information for : compilation phase
2024-04-23T20:52:53,230  INFO [main] metadata.Hive: Total time spent in each metastore function (ms): {getValidWriteIds_(List, String)=4, flushCache_()=0, getNotNullConstraints_(NotNullConstraintsRequest)=1, getValidTxns_(long)=0, commitTxn_(CommitTxnRequest)=9, getTable_(GetTableRequest)=29, isCompatibleWith_(Configuration)=0, getTableColumnStatistics_(String, String, List, String)=8, openTxn_(String, TxnType)=2, getAllTableConstraints_(AllTableConstraintsRequest)=5, getCheckConstraints_(CheckConstraintsRequest)=1}
2024-04-23T20:52:53,230  INFO [main] ql.Driver: Completed compiling command(queryId=alex_20240423205253_bdad6968-6c08-4f2d-9a46-36963617c7d5); Time taken: 0.152 seconds
2024-04-23T20:52:53,231  INFO [main] lockmgr.DbTxnManager: Stopped heartbeat for query: null
2024-04-23T20:52:53,234  INFO [main] txn.TxnHandler: Removed transactions: ([21]) from MIN_HISTORY_LEVEL
2024-04-23T20:52:53,239  INFO [main] ql.TxnCommandsBaseForTests: Running the query: drop table if exists acidTbl
2024-04-23T20:52:53,240  INFO [main] ql.Driver: Compiling command(queryId=alex_20240423205253_b8970965-f9d8-4cf5-98a4-da49139ad651): drop table if exists acidTbl
2024-04-23T20:52:53,242  INFO [main] txn.TxnHandler: Added entries to MIN_HISTORY_LEVEL for current txns: ([22]) with min_open_txn: 21
2024-04-23T20:52:53,242  INFO [main] lockmgr.DbTxnManager: Opened txnid:22
2024-04-23T20:52:53,243  INFO [main] HiveMetaStore.audit: ugi=alex	ip=unknown-ip-addr	cmd=get_table : tbl=hive.default.acidTbl	
2024-04-23T20:52:53,249  INFO [main] metastore.HMSHandler: Skipping translation for processor with null
2024-04-23T20:52:53,249  INFO [main] ql.Driver: Semantic Analysis Completed (retrial = false)
2024-04-23T20:52:53,249  INFO [main] ql.Driver: Created Hive schema: Schema(fieldSchemas:null, properties:null)
2024-04-23T20:52:53,249  INFO [main] metadata.Hive: Dumping metastore api call timing information for : compilation phase
2024-04-23T20:52:53,250  INFO [main] metadata.Hive: Total time spent in each metastore function (ms): {openTxn_(String, TxnType)=2, rollbackTxn_(long)=8, getTable_(GetTableRequest)=6, getValidTxns_(long)=1, flushCache_()=0, isCompatibleWith_(Configuration)=0}
2024-04-23T20:52:53,250  INFO [main] ql.Driver: Completed compiling command(queryId=alex_20240423205253_b8970965-f9d8-4cf5-98a4-da49139ad651); Time taken: 0.009 seconds
2024-04-23T20:52:53,250  INFO [main] lockmgr.DbTxnManager: Setting lock request transaction to txnid:22 for queryId=alex_20240423205253_b8970965-f9d8-4cf5-98a4-da49139ad651
2024-04-23T20:52:53,250  INFO [main] lockmgr.DbLockManager: Requesting lock for queryId=alex_20240423205253_b8970965-f9d8-4cf5-98a4-da49139ad651
2024-04-23T20:52:53,264  INFO [main] lockmgr.DbLockManager: Response to queryId=alex_20240423205253_b8970965-f9d8-4cf5-98a4-da49139ad651 LockResponse(lockid:15, state:ACQUIRED)
2024-04-23T20:52:53,264  INFO [main] ql.Driver: Operation DROPTABLE obtained 1 locks
2024-04-23T20:52:53,264  INFO [main] ql.Driver: Executing command(queryId=alex_20240423205253_b8970965-f9d8-4cf5-98a4-da49139ad651): drop table if exists acidTbl
2024-04-23T20:52:53,265  INFO [main] ql.Driver: Starting task [Stage-0:DDL] in serial mode
2024-04-23T20:52:53,265  INFO [main] HiveMetaStore.audit: ugi=alex	ip=unknown-ip-addr	cmd=get_table : tbl=hive.default.acidTbl	
2024-04-23T20:52:53,272  INFO [main] metastore.HMSHandler: Skipping translation for processor with null
2024-04-23T20:52:53,272  INFO [main] HiveMetaStore.audit: ugi=alex	ip=unknown-ip-addr	cmd=get_table : tbl=hive.default.acidTbl	
2024-04-23T20:52:53,278  INFO [main] metastore.HMSHandler: Skipping translation for processor with null
2024-04-23T20:52:53,279  INFO [main] HiveMetaStore.audit: ugi=alex	ip=unknown-ip-addr	cmd=drop_table : tbl=hive.default.acidTbl	
2024-04-23T20:52:53,375  INFO [main] metadata.Hive: Dumping metastore api call timing information for : execution phase
2024-04-23T20:52:53,376  INFO [main] metadata.Hive: Total time spent in each metastore function (ms): {getTable_(GetTableRequest)=7, dropTable_(String, String, boolean, boolean, boolean)=103, isCompatibleWith_(Configuration)=0}
2024-04-23T20:52:53,376  INFO [main] ql.Driver: Completed executing command(queryId=alex_20240423205253_b8970965-f9d8-4cf5-98a4-da49139ad651); Time taken: 0.111 seconds
2024-04-23T20:52:53,376  INFO [main] lockmgr.DbTxnManager: Stopped heartbeat for query: alex_20240423205253_b8970965-f9d8-4cf5-98a4-da49139ad651
2024-04-23T20:52:53,380  INFO [main] txn.TxnHandler: Expected to move at least one record from txn_components to completed_txn_components when committing txn! txnid:22
2024-04-23T20:52:53,385  INFO [main] txn.TxnHandler: Removed transactions: ([22]) from MIN_HISTORY_LEVEL
2024-04-23T20:52:53,385  WARN [main] txn.CompactionTxnHandler: No compaction queue record found for Compaction type transaction commit. txnId:22
2024-04-23T20:52:53,386  INFO [main] ql.TxnCommandsBaseForTests: Running the query: drop table if exists acidTblPart
2024-04-23T20:52:53,386  INFO [main] ql.Driver: Compiling command(queryId=alex_20240423205253_78cb64a5-1806-4be0-8149-bd9f3928e613): drop table if exists acidTblPart
2024-04-23T20:52:53,389  INFO [main] txn.TxnHandler: Added entries to MIN_HISTORY_LEVEL for current txns: ([23]) with min_open_txn: 21
2024-04-23T20:52:53,389  INFO [main] lockmgr.DbTxnManager: Opened txnid:23
2024-04-23T20:52:53,390  INFO [main] HiveMetaStore.audit: ugi=alex	ip=unknown-ip-addr	cmd=get_table : tbl=hive.default.acidTblPart	
2024-04-23T20:52:53,404  INFO [main] metastore.HMSHandler: Skipping translation for processor with null
2024-04-23T20:52:53,405  INFO [main] ql.Driver: Semantic Analysis Completed (retrial = false)
2024-04-23T20:52:53,405  INFO [main] ql.Driver: Created Hive schema: Schema(fieldSchemas:null, properties:null)
2024-04-23T20:52:53,405  INFO [main] metadata.Hive: Dumping metastore api call timing information for : compilation phase
2024-04-23T20:52:53,405  INFO [main] metadata.Hive: Total time spent in each metastore function (ms): {commitTxn_(CommitTxnRequest)=10, flushCache_()=0, isCompatibleWith_(Configuration)=0, openTxn_(String, TxnType)=2, getTable_(GetTableRequest)=14, getValidTxns_(long)=1}
2024-04-23T20:52:53,405  INFO [main] ql.Driver: Completed compiling command(queryId=alex_20240423205253_78cb64a5-1806-4be0-8149-bd9f3928e613); Time taken: 0.019 seconds
2024-04-23T20:52:53,405  INFO [main] lockmgr.DbTxnManager: Setting lock request transaction to txnid:23 for queryId=alex_20240423205253_78cb64a5-1806-4be0-8149-bd9f3928e613
2024-04-23T20:52:53,406  INFO [main] lockmgr.DbLockManager: Requesting lock for queryId=alex_20240423205253_78cb64a5-1806-4be0-8149-bd9f3928e613
2024-04-23T20:52:53,418  INFO [main] lockmgr.DbLockManager: Response to queryId=alex_20240423205253_78cb64a5-1806-4be0-8149-bd9f3928e613 LockResponse(lockid:16, state:ACQUIRED)
2024-04-23T20:52:53,418  INFO [main] ql.Driver: Operation DROPTABLE obtained 1 locks
2024-04-23T20:52:53,418  INFO [main] ql.Driver: Executing command(queryId=alex_20240423205253_78cb64a5-1806-4be0-8149-bd9f3928e613): drop table if exists acidTblPart
2024-04-23T20:52:53,418  INFO [main] ql.Driver: Starting task [Stage-0:DDL] in serial mode
2024-04-23T20:52:53,419  INFO [main] HiveMetaStore.audit: ugi=alex	ip=unknown-ip-addr	cmd=get_table : tbl=hive.default.acidTblPart	
2024-04-23T20:52:53,425  INFO [main] metastore.HMSHandler: Skipping translation for processor with null
2024-04-23T20:52:53,425  INFO [main] HiveMetaStore.audit: ugi=alex	ip=unknown-ip-addr	cmd=get_table : tbl=hive.default.acidTblPart	
2024-04-23T20:52:53,431  INFO [main] metastore.HMSHandler: Skipping translation for processor with null
2024-04-23T20:52:53,432  INFO [main] HiveMetaStore.audit: ugi=alex	ip=unknown-ip-addr	cmd=drop_table : tbl=hive.default.acidTblPart	
2024-04-23T20:52:53,473  INFO [main] metadata.Hive: Dumping metastore api call timing information for : execution phase
2024-04-23T20:52:53,473  INFO [main] metadata.Hive: Total time spent in each metastore function (ms): {getTable_(GetTableRequest)=6, dropTable_(String, String, boolean, boolean, boolean)=48, isCompatibleWith_(Configuration)=0}
2024-04-23T20:52:53,473  INFO [main] ql.Driver: Completed executing command(queryId=alex_20240423205253_78cb64a5-1806-4be0-8149-bd9f3928e613); Time taken: 0.055 seconds
2024-04-23T20:52:53,473  INFO [main] lockmgr.DbTxnManager: Stopped heartbeat for query: alex_20240423205253_78cb64a5-1806-4be0-8149-bd9f3928e613
2024-04-23T20:52:53,477  INFO [main] txn.TxnHandler: Expected to move at least one record from txn_components to completed_txn_components when committing txn! txnid:23
2024-04-23T20:52:53,482  INFO [main] txn.TxnHandler: Removed transactions: ([23]) from MIN_HISTORY_LEVEL
2024-04-23T20:52:53,482  WARN [main] txn.CompactionTxnHandler: No compaction queue record found for Compaction type transaction commit. txnId:23
2024-04-23T20:52:53,483  INFO [main] ql.TxnCommandsBaseForTests: Running the query: drop table if exists acidTbl2
2024-04-23T20:52:53,483  INFO [main] ql.Driver: Compiling command(queryId=alex_20240423205253_c59fddf4-c159-4a1b-a49f-ac66041ec96a): drop table if exists acidTbl2
2024-04-23T20:52:53,486  INFO [main] txn.TxnHandler: Added entries to MIN_HISTORY_LEVEL for current txns: ([24]) with min_open_txn: 21
2024-04-23T20:52:53,486  INFO [main] lockmgr.DbTxnManager: Opened txnid:24
2024-04-23T20:52:53,487  INFO [main] ql.Driver: Semantic Analysis Completed (retrial = false)
2024-04-23T20:52:53,487  INFO [main] ql.Driver: Created Hive schema: Schema(fieldSchemas:null, properties:null)
2024-04-23T20:52:53,487  INFO [main] metadata.Hive: Dumping metastore api call timing information for : compilation phase
2024-04-23T20:52:53,487  INFO [main] metadata.Hive: Total time spent in each metastore function (ms): {commitTxn_(CommitTxnRequest)=10, getValidTxns_(long)=0, getTable_(GetTableRequest)=0, flushCache_()=0, isCompatibleWith_(Configuration)=1, openTxn_(String, TxnType)=2}
2024-04-23T20:52:53,488  INFO [main] ql.Driver: Completed compiling command(queryId=alex_20240423205253_c59fddf4-c159-4a1b-a49f-ac66041ec96a); Time taken: 0.004 seconds
2024-04-23T20:52:53,488  INFO [main] lockmgr.DbTxnManager: Setting lock request transaction to txnid:24 for queryId=alex_20240423205253_c59fddf4-c159-4a1b-a49f-ac66041ec96a
2024-04-23T20:52:53,488  INFO [main] ql.Driver: Operation DROPTABLE obtained 0 locks
2024-04-23T20:52:53,488  INFO [main] ql.Driver: Executing command(queryId=alex_20240423205253_c59fddf4-c159-4a1b-a49f-ac66041ec96a): drop table if exists acidTbl2
2024-04-23T20:52:53,488  INFO [main] ql.Driver: Starting task [Stage-0:DDL] in serial mode
2024-04-23T20:52:53,489  INFO [main] metadata.SessionHiveMetaStoreClient: Column stats doesn't exist for db=default temp table=acidTbl2
2024-04-23T20:52:53,489  INFO [main] metadata.Hive: Dumping metastore api call timing information for : execution phase
2024-04-23T20:52:53,489  INFO [main] metadata.Hive: Total time spent in each metastore function (ms): {isCompatibleWith_(Configuration)=0, getTable_(GetTableRequest)=1, dropTable_(String, String, boolean, boolean, boolean)=0}
2024-04-23T20:52:53,490  INFO [main] ql.Driver: Completed executing command(queryId=alex_20240423205253_c59fddf4-c159-4a1b-a49f-ac66041ec96a); Time taken: 0.001 seconds
2024-04-23T20:52:53,490  INFO [main] lockmgr.DbTxnManager: Stopped heartbeat for query: alex_20240423205253_c59fddf4-c159-4a1b-a49f-ac66041ec96a
2024-04-23T20:52:53,495  INFO [main] txn.TxnHandler: Expected to move at least one record from txn_components to completed_txn_components when committing txn! txnid:24
2024-04-23T20:52:53,500  INFO [main] txn.TxnHandler: Removed transactions: ([24]) from MIN_HISTORY_LEVEL
2024-04-23T20:52:53,500  WARN [main] txn.CompactionTxnHandler: No compaction queue record found for Compaction type transaction commit. txnId:24
2024-04-23T20:52:53,501  INFO [main] ql.TxnCommandsBaseForTests: Running the query: drop table if exists nonAcidOrcTbl
2024-04-23T20:52:53,501  INFO [main] ql.Driver: Compiling command(queryId=alex_20240423205253_166d5503-4103-442e-ae6a-125f0a168b41): drop table if exists nonAcidOrcTbl
2024-04-23T20:52:53,503  INFO [main] txn.TxnHandler: Added entries to MIN_HISTORY_LEVEL for current txns: ([25]) with min_open_txn: 21
2024-04-23T20:52:53,503  INFO [main] lockmgr.DbTxnManager: Opened txnid:25
2024-04-23T20:52:53,504  INFO [main] HiveMetaStore.audit: ugi=alex	ip=unknown-ip-addr	cmd=get_table : tbl=hive.default.nonAcidOrcTbl	
2024-04-23T20:52:53,524  INFO [main] metastore.HMSHandler: Skipping translation for processor with null
2024-04-23T20:52:53,524  INFO [main] ql.Driver: Semantic Analysis Completed (retrial = false)
2024-04-23T20:52:53,524  INFO [main] ql.Driver: Created Hive schema: Schema(fieldSchemas:null, properties:null)
2024-04-23T20:52:53,524  INFO [main] metadata.Hive: Dumping metastore api call timing information for : compilation phase
2024-04-23T20:52:53,524  INFO [main] metadata.Hive: Total time spent in each metastore function (ms): {getTable_(GetTableRequest)=20, flushCache_()=0, commitTxn_(CommitTxnRequest)=10, isCompatibleWith_(Configuration)=0, openTxn_(String, TxnType)=2, getValidTxns_(long)=0}
2024-04-23T20:52:53,524  INFO [main] ql.Driver: Completed compiling command(queryId=alex_20240423205253_166d5503-4103-442e-ae6a-125f0a168b41); Time taken: 0.023 seconds
2024-04-23T20:52:53,525  INFO [main] lockmgr.DbTxnManager: Setting lock request transaction to txnid:25 for queryId=alex_20240423205253_166d5503-4103-442e-ae6a-125f0a168b41
2024-04-23T20:52:53,525  INFO [main] lockmgr.DbLockManager: Requesting lock for queryId=alex_20240423205253_166d5503-4103-442e-ae6a-125f0a168b41
2024-04-23T20:52:53,539  INFO [main] lockmgr.DbLockManager: Response to queryId=alex_20240423205253_166d5503-4103-442e-ae6a-125f0a168b41 LockResponse(lockid:17, state:ACQUIRED)
2024-04-23T20:52:53,539  INFO [main] ql.Driver: Operation DROPTABLE obtained 1 locks
2024-04-23T20:52:53,539  INFO [main] ql.Driver: Executing command(queryId=alex_20240423205253_166d5503-4103-442e-ae6a-125f0a168b41): drop table if exists nonAcidOrcTbl
2024-04-23T20:52:53,540  INFO [main] ql.Driver: Starting task [Stage-0:DDL] in serial mode
2024-04-23T20:52:53,540  INFO [main] HiveMetaStore.audit: ugi=alex	ip=unknown-ip-addr	cmd=get_table : tbl=hive.default.nonAcidOrcTbl	
2024-04-23T20:52:53,548  INFO [main] metastore.HMSHandler: Skipping translation for processor with null
2024-04-23T20:52:53,549  INFO [main] HiveMetaStore.audit: ugi=alex	ip=unknown-ip-addr	cmd=get_table : tbl=hive.default.nonAcidOrcTbl	
2024-04-23T20:52:53,557  INFO [main] metastore.HMSHandler: Skipping translation for processor with null
2024-04-23T20:52:53,557  INFO [main] HiveMetaStore.audit: ugi=alex	ip=unknown-ip-addr	cmd=drop_table : tbl=hive.default.nonAcidOrcTbl	
2024-04-23T20:52:53,611  INFO [main] metadata.Hive: Dumping metastore api call timing information for : execution phase
2024-04-23T20:52:53,611  INFO [main] metadata.Hive: Total time spent in each metastore function (ms): {dropTable_(String, String, boolean, boolean, boolean)=62, isCompatibleWith_(Configuration)=0, getTable_(GetTableRequest)=9}
2024-04-23T20:52:53,611  INFO [main] ql.Driver: Completed executing command(queryId=alex_20240423205253_166d5503-4103-442e-ae6a-125f0a168b41); Time taken: 0.072 seconds
2024-04-23T20:52:53,611  INFO [main] lockmgr.DbTxnManager: Stopped heartbeat for query: alex_20240423205253_166d5503-4103-442e-ae6a-125f0a168b41
2024-04-23T20:52:53,615  INFO [main] txn.TxnHandler: Expected to move at least one record from txn_components to completed_txn_components when committing txn! txnid:25
2024-04-23T20:52:53,620  INFO [main] txn.TxnHandler: Removed transactions: ([25]) from MIN_HISTORY_LEVEL
2024-04-23T20:52:53,620  WARN [main] txn.CompactionTxnHandler: No compaction queue record found for Compaction type transaction commit. txnId:25
2024-04-23T20:52:53,621  INFO [main] ql.TxnCommandsBaseForTests: Running the query: drop table if exists nonAcidOrcTbl2
2024-04-23T20:52:53,621  INFO [main] ql.Driver: Compiling command(queryId=alex_20240423205253_d3b0d4e1-ae87-49fc-bb4e-15e3ba77a9b0): drop table if exists nonAcidOrcTbl2
2024-04-23T20:52:53,623  INFO [main] txn.TxnHandler: Added entries to MIN_HISTORY_LEVEL for current txns: ([26]) with min_open_txn: 21
2024-04-23T20:52:53,624  INFO [main] lockmgr.DbTxnManager: Opened txnid:26
2024-04-23T20:52:53,624  INFO [main] HiveMetaStore.audit: ugi=alex	ip=unknown-ip-addr	cmd=get_table : tbl=hive.default.nonAcidOrcTbl2	
2024-04-23T20:52:53,632  INFO [main] metastore.HMSHandler: Skipping translation for processor with null
2024-04-23T20:52:53,633  INFO [main] ql.Driver: Semantic Analysis Completed (retrial = false)
2024-04-23T20:52:53,633  INFO [main] ql.Driver: Created Hive schema: Schema(fieldSchemas:null, properties:null)
2024-04-23T20:52:53,633  INFO [main] metadata.Hive: Dumping metastore api call timing information for : compilation phase
2024-04-23T20:52:53,633  INFO [main] metadata.Hive: Total time spent in each metastore function (ms): {openTxn_(String, TxnType)=2, flushCache_()=0, getValidTxns_(long)=0, commitTxn_(CommitTxnRequest)=9, getTable_(GetTableRequest)=8, isCompatibleWith_(Configuration)=0}
2024-04-23T20:52:53,633  INFO [main] ql.Driver: Completed compiling command(queryId=alex_20240423205253_d3b0d4e1-ae87-49fc-bb4e-15e3ba77a9b0); Time taken: 0.012 seconds
2024-04-23T20:52:53,633  INFO [main] lockmgr.DbTxnManager: Setting lock request transaction to txnid:26 for queryId=alex_20240423205253_d3b0d4e1-ae87-49fc-bb4e-15e3ba77a9b0
2024-04-23T20:52:53,634  INFO [main] lockmgr.DbLockManager: Requesting lock for queryId=alex_20240423205253_d3b0d4e1-ae87-49fc-bb4e-15e3ba77a9b0
2024-04-23T20:52:53,647  INFO [main] lockmgr.DbLockManager: Response to queryId=alex_20240423205253_d3b0d4e1-ae87-49fc-bb4e-15e3ba77a9b0 LockResponse(lockid:18, state:ACQUIRED)
2024-04-23T20:52:53,647  INFO [main] ql.Driver: Operation DROPTABLE obtained 1 locks
2024-04-23T20:52:53,647  INFO [main] ql.Driver: Executing command(queryId=alex_20240423205253_d3b0d4e1-ae87-49fc-bb4e-15e3ba77a9b0): drop table if exists nonAcidOrcTbl2
2024-04-23T20:52:53,648  INFO [main] ql.Driver: Starting task [Stage-0:DDL] in serial mode
2024-04-23T20:52:53,648  INFO [main] HiveMetaStore.audit: ugi=alex	ip=unknown-ip-addr	cmd=get_table : tbl=hive.default.nonAcidOrcTbl2	
2024-04-23T20:52:53,657  INFO [main] metastore.HMSHandler: Skipping translation for processor with null
2024-04-23T20:52:53,657  INFO [main] HiveMetaStore.audit: ugi=alex	ip=unknown-ip-addr	cmd=get_table : tbl=hive.default.nonAcidOrcTbl2	
2024-04-23T20:52:53,666  INFO [main] metastore.HMSHandler: Skipping translation for processor with null
2024-04-23T20:52:53,666  INFO [main] HiveMetaStore.audit: ugi=alex	ip=unknown-ip-addr	cmd=drop_table : tbl=hive.default.nonAcidOrcTbl2	
2024-04-23T20:52:53,698  INFO [main] metadata.Hive: Dumping metastore api call timing information for : execution phase
2024-04-23T20:52:53,699  INFO [main] metadata.Hive: Total time spent in each metastore function (ms): {getTable_(GetTableRequest)=9, isCompatibleWith_(Configuration)=0, dropTable_(String, String, boolean, boolean, boolean)=41}
2024-04-23T20:52:53,699  INFO [main] ql.Driver: Completed executing command(queryId=alex_20240423205253_d3b0d4e1-ae87-49fc-bb4e-15e3ba77a9b0); Time taken: 0.051 seconds
2024-04-23T20:52:53,699  INFO [main] lockmgr.DbTxnManager: Stopped heartbeat for query: alex_20240423205253_d3b0d4e1-ae87-49fc-bb4e-15e3ba77a9b0
2024-04-23T20:52:53,703  INFO [main] txn.TxnHandler: Expected to move at least one record from txn_components to completed_txn_components when committing txn! txnid:26
2024-04-23T20:52:53,709  INFO [main] txn.TxnHandler: Removed transactions: ([26]) from MIN_HISTORY_LEVEL
2024-04-23T20:52:53,709  WARN [main] txn.CompactionTxnHandler: No compaction queue record found for Compaction type transaction commit. txnId:26
2024-04-23T20:52:53,710  INFO [main] ql.TxnCommandsBaseForTests: Running the query: drop table if exists nonAcidNonBucket
2024-04-23T20:52:53,710  INFO [main] ql.Driver: Compiling command(queryId=alex_20240423205253_827fc563-4c28-4ae5-8ec9-fb72f42301de): drop table if exists nonAcidNonBucket
2024-04-23T20:52:53,712  INFO [main] txn.TxnHandler: Added entries to MIN_HISTORY_LEVEL for current txns: ([27]) with min_open_txn: 21
2024-04-23T20:52:53,713  INFO [main] lockmgr.DbTxnManager: Opened txnid:27
2024-04-23T20:52:53,713  INFO [main] HiveMetaStore.audit: ugi=alex	ip=unknown-ip-addr	cmd=get_table : tbl=hive.default.nonAcidNonBucket	
2024-04-23T20:52:53,722  INFO [main] metastore.HMSHandler: Skipping translation for processor with null
2024-04-23T20:52:53,722  INFO [main] ql.Driver: Semantic Analysis Completed (retrial = false)
2024-04-23T20:52:53,723  INFO [main] ql.Driver: Created Hive schema: Schema(fieldSchemas:null, properties:null)
2024-04-23T20:52:53,723  INFO [main] metadata.Hive: Dumping metastore api call timing information for : compilation phase
2024-04-23T20:52:53,723  INFO [main] metadata.Hive: Total time spent in each metastore function (ms): {isCompatibleWith_(Configuration)=0, openTxn_(String, TxnType)=3, commitTxn_(CommitTxnRequest)=10, getValidTxns_(long)=0, getTable_(GetTableRequest)=9, flushCache_()=0}
2024-04-23T20:52:53,723  INFO [main] ql.Driver: Completed compiling command(queryId=alex_20240423205253_827fc563-4c28-4ae5-8ec9-fb72f42301de); Time taken: 0.013 seconds
2024-04-23T20:52:53,723  INFO [main] lockmgr.DbTxnManager: Setting lock request transaction to txnid:27 for queryId=alex_20240423205253_827fc563-4c28-4ae5-8ec9-fb72f42301de
2024-04-23T20:52:53,724  INFO [main] lockmgr.DbLockManager: Requesting lock for queryId=alex_20240423205253_827fc563-4c28-4ae5-8ec9-fb72f42301de
2024-04-23T20:52:53,738  INFO [main] lockmgr.DbLockManager: Response to queryId=alex_20240423205253_827fc563-4c28-4ae5-8ec9-fb72f42301de LockResponse(lockid:19, state:ACQUIRED)
2024-04-23T20:52:53,738  INFO [main] ql.Driver: Operation DROPTABLE obtained 1 locks
2024-04-23T20:52:53,738  INFO [main] ql.Driver: Executing command(queryId=alex_20240423205253_827fc563-4c28-4ae5-8ec9-fb72f42301de): drop table if exists nonAcidNonBucket
2024-04-23T20:52:53,738  INFO [main] ql.Driver: Starting task [Stage-0:DDL] in serial mode
2024-04-23T20:52:53,738  INFO [main] HiveMetaStore.audit: ugi=alex	ip=unknown-ip-addr	cmd=get_table : tbl=hive.default.nonAcidNonBucket	
2024-04-23T20:52:53,747  INFO [main] metastore.HMSHandler: Skipping translation for processor with null
2024-04-23T20:52:53,748  INFO [main] HiveMetaStore.audit: ugi=alex	ip=unknown-ip-addr	cmd=get_table : tbl=hive.default.nonAcidNonBucket	
2024-04-23T20:52:53,756  INFO [main] metastore.HMSHandler: Skipping translation for processor with null
2024-04-23T20:52:53,757  INFO [main] HiveMetaStore.audit: ugi=alex	ip=unknown-ip-addr	cmd=drop_table : tbl=hive.default.nonAcidNonBucket	
2024-04-23T20:52:53,788  INFO [main] metadata.Hive: Dumping metastore api call timing information for : execution phase
2024-04-23T20:52:53,789  INFO [main] metadata.Hive: Total time spent in each metastore function (ms): {isCompatibleWith_(Configuration)=0, getTable_(GetTableRequest)=10, dropTable_(String, String, boolean, boolean, boolean)=40}
2024-04-23T20:52:53,789  INFO [main] ql.Driver: Completed executing command(queryId=alex_20240423205253_827fc563-4c28-4ae5-8ec9-fb72f42301de); Time taken: 0.05 seconds
2024-04-23T20:52:53,789  INFO [main] lockmgr.DbTxnManager: Stopped heartbeat for query: alex_20240423205253_827fc563-4c28-4ae5-8ec9-fb72f42301de
2024-04-23T20:52:53,792  INFO [main] txn.TxnHandler: Expected to move at least one record from txn_components to completed_txn_components when committing txn! txnid:27
2024-04-23T20:52:53,797  INFO [main] txn.TxnHandler: Removed transactions: ([27]) from MIN_HISTORY_LEVEL
2024-04-23T20:52:53,797  WARN [main] txn.CompactionTxnHandler: No compaction queue record found for Compaction type transaction commit. txnId:27
2024-04-23T20:52:53,798  INFO [main] utils.TestTxnDbUtil: Cleaning transactional tables
]]></system-err>
  </testcase>
  <testcase name="testCtasEmpty" classname="org.apache.hadoop.hive.ql.TestTxnNoBucketsVectorized" time="4.426"/>
  <testcase name="testNonAcidToAcidVectorzied" classname="org.apache.hadoop.hive.ql.TestTxnNoBucketsVectorized" time="10.152">
    <error type="java.lang.RuntimeException"><![CDATA[java.lang.RuntimeException: update T set b = 17 where a = 1 failed: (responseCode = 40000, errorMessage = FAILED: NoMatchingMethodException No matching method for class org.apache.hadoop.hive.ql.udf.UDFToInteger with (struct<writeid:bigint,bucketid:int,rowid:bigint>). Possible choices: _FUNC_(bigint)  _FUNC_(boolean)  _FUNC_(decimal(38,18))  _FUNC_(double)  _FUNC_(float)  _FUNC_(smallint)  _FUNC_(string)  _FUNC_(struct<bucketid:int,rowid:bigint,writeid:bigint>)  _FUNC_(timestamp)  _FUNC_(tinyint)  _FUNC_(void)  , hiveErrorCode = 40000, SQLState = 42000, exception = No matching method for class org.apache.hadoop.hive.ql.udf.UDFToInteger with (struct<writeid:bigint,bucketid:int,rowid:bigint>). Possible choices: _FUNC_(bigint)  _FUNC_(boolean)  _FUNC_(decimal(38,18))  _FUNC_(double)  _FUNC_(float)  _FUNC_(smallint)  _FUNC_(string)  _FUNC_(struct<bucketid:int,rowid:bigint,writeid:bigint>)  _FUNC_(timestamp)  _FUNC_(tinyint)  _FUNC_(void)  )
	at org.apache.hadoop.hive.ql.TxnCommandsBaseForTests.runStatementOnDriver(TxnCommandsBaseForTests.java:247)
	at org.apache.hadoop.hive.ql.TestTxnNoBuckets.testNonAcidToAcidVectorzied(TestTxnNoBuckets.java:726)
	at sun.reflect.NativeMethodAccessorImpl.invoke0(Native Method)
	at sun.reflect.NativeMethodAccessorImpl.invoke(NativeMethodAccessorImpl.java:62)
	at sun.reflect.DelegatingMethodAccessorImpl.invoke(DelegatingMethodAccessorImpl.java:43)
	at java.lang.reflect.Method.invoke(Method.java:498)
	at org.junit.runners.model.FrameworkMethod$1.runReflectiveCall(FrameworkMethod.java:59)
	at org.junit.internal.runners.model.ReflectiveCallable.run(ReflectiveCallable.java:12)
	at org.junit.runners.model.FrameworkMethod.invokeExplosively(FrameworkMethod.java:56)
	at org.junit.internal.runners.statements.InvokeMethod.evaluate(InvokeMethod.java:17)
	at org.junit.internal.runners.statements.RunBefores.evaluate(RunBefores.java:26)
	at org.junit.internal.runners.statements.RunAfters.evaluate(RunAfters.java:27)
	at org.junit.rules.TestWatcher$1.evaluate(TestWatcher.java:61)
	at org.junit.runners.ParentRunner$3.evaluate(ParentRunner.java:306)
	at org.junit.runners.BlockJUnit4ClassRunner$1.evaluate(BlockJUnit4ClassRunner.java:100)
	at org.junit.runners.ParentRunner.runLeaf(ParentRunner.java:366)
	at org.junit.runners.BlockJUnit4ClassRunner.runChild(BlockJUnit4ClassRunner.java:103)
	at org.junit.runners.BlockJUnit4ClassRunner.runChild(BlockJUnit4ClassRunner.java:63)
	at org.junit.runners.ParentRunner$4.run(ParentRunner.java:331)
	at org.junit.runners.ParentRunner$1.schedule(ParentRunner.java:79)
	at org.junit.runners.ParentRunner.runChildren(ParentRunner.java:329)
	at org.junit.runners.ParentRunner.access$100(ParentRunner.java:66)
	at org.junit.runners.ParentRunner$2.evaluate(ParentRunner.java:293)
	at org.junit.runners.ParentRunner$3.evaluate(ParentRunner.java:306)
	at org.junit.runners.ParentRunner.run(ParentRunner.java:413)
	at org.junit.runner.JUnitCore.run(JUnitCore.java:137)
	at org.junit.runner.JUnitCore.run(JUnitCore.java:115)
	at org.junit.vintage.engine.execution.RunnerExecutor.execute(RunnerExecutor.java:43)
	at java.util.stream.ForEachOps$ForEachOp$OfRef.accept(ForEachOps.java:183)
	at java.util.stream.ReferencePipeline$3$1.accept(ReferencePipeline.java:193)
	at java.util.Iterator.forEachRemaining(Iterator.java:116)
	at java.util.Spliterators$IteratorSpliterator.forEachRemaining(Spliterators.java:1801)
	at java.util.stream.AbstractPipeline.copyInto(AbstractPipeline.java:482)
	at java.util.stream.AbstractPipeline.wrapAndCopyInto(AbstractPipeline.java:472)
	at java.util.stream.ForEachOps$ForEachOp.evaluateSequential(ForEachOps.java:150)
	at java.util.stream.ForEachOps$ForEachOp$OfRef.evaluateSequential(ForEachOps.java:173)
	at java.util.stream.AbstractPipeline.evaluate(AbstractPipeline.java:234)
	at java.util.stream.ReferencePipeline.forEach(ReferencePipeline.java:485)
	at org.junit.vintage.engine.VintageTestEngine.executeAllChildren(VintageTestEngine.java:82)
	at org.junit.vintage.engine.VintageTestEngine.execute(VintageTestEngine.java:73)
	at org.junit.platform.launcher.core.DefaultLauncher.execute(DefaultLauncher.java:248)
	at org.junit.platform.launcher.core.DefaultLauncher.lambda$execute$5(DefaultLauncher.java:211)
	at org.junit.platform.launcher.core.DefaultLauncher.withInterceptedStreams(DefaultLauncher.java:226)
	at org.junit.platform.launcher.core.DefaultLauncher.execute(DefaultLauncher.java:199)
	at org.junit.platform.launcher.core.DefaultLauncher.execute(DefaultLauncher.java:132)
	at org.apache.maven.surefire.junitplatform.JUnitPlatformProvider.invokeAllTests(JUnitPlatformProvider.java:154)
	at org.apache.maven.surefire.junitplatform.JUnitPlatformProvider.invoke(JUnitPlatformProvider.java:123)
	at org.apache.maven.surefire.booter.ForkedBooter.runSuitesInProcess(ForkedBooter.java:377)
	at org.apache.maven.surefire.booter.ForkedBooter.execute(ForkedBooter.java:138)
	at org.apache.maven.surefire.booter.ForkedBooter.run(ForkedBooter.java:465)
	at org.apache.maven.surefire.booter.ForkedBooter.main(ForkedBooter.java:451)
]]></error>
    <system-err><![CDATA[2024-04-23T20:52:58,280  WARN [main] conf.HiveConf: HiveConf of name hive.llap.io.cache.orc.size does not exist
2024-04-23T20:52:58,280  WARN [main] conf.HiveConf: HiveConf of name hive.metastore.metadb.dir does not exist
2024-04-23T20:52:58,280  WARN [main] conf.HiveConf: HiveConf of name hive.dummyparam.test.server.specific.config.metastoresite does not exist
2024-04-23T20:52:58,280  WARN [main] conf.HiveConf: HiveConf of name hive.stats.key.prefix.reserve.length does not exist
2024-04-23T20:52:58,281  WARN [main] conf.HiveConf: HiveConf of name hive.llap.io.cache.orc.arena.size does not exist
2024-04-23T20:52:58,281  WARN [main] conf.HiveConf: HiveConf of name hive.dummyparam.test.server.specific.config.hivesite does not exist
2024-04-23T20:52:58,281  WARN [main] conf.HiveConf: HiveConf of name hive.llap.io.cache.orc.alloc.min does not exist
2024-04-23T20:52:58,281  WARN [main] conf.HiveConf: HiveConf of name hive.metastore.client.cache.maxSize does not exist
2024-04-23T20:52:58,281  WARN [main] conf.HiveConf: HiveConf of name hive.dummyparam.test.server.specific.config.override does not exist
2024-04-23T20:52:58,281  WARN [main] conf.HiveConf: HiveConf of name hive.metastore.client.cache.recordStats does not exist
2024-04-23T20:52:58,281  WARN [main] conf.HiveConf: HiveConf of name hive.llap.io.cache.orc.alloc.max does not exist
2024-04-23T20:52:58,283  INFO [main] utils.TestTxnDbUtil: Creating transactional tables
Hive Session ID = af9f0d40-e19c-4872-af4b-39c2733abb23
2024-04-23T20:52:58,286  INFO [main] SessionState: Hive Session ID = af9f0d40-e19c-4872-af4b-39c2733abb23
ivysettings.xml file not found in HIVE_HOME or HIVE_CONF_DIR,/home/alex/Repositories/hive/conf/ivysettings.xml will be used
2024-04-23T20:52:58,286  INFO [main] DependencyResolver: ivysettings.xml file not found in HIVE_HOME or HIVE_CONF_DIR,/home/alex/Repositories/hive/conf/ivysettings.xml will be used
2024-04-23T20:52:58,291  INFO [main] session.SessionState: Created HDFS directory: /home/alex/Repositories/hive/ql/target/tmp/scratchdir/alex/af9f0d40-e19c-4872-af4b-39c2733abb23
2024-04-23T20:52:58,293  INFO [main] session.SessionState: Created local directory: /home/alex/Repositories/hive/ql/target/tmp/localscratchdir/af9f0d40-e19c-4872-af4b-39c2733abb23
2024-04-23T20:52:58,296  INFO [main] session.SessionState: Created HDFS directory: /home/alex/Repositories/hive/ql/target/tmp/scratchdir/alex/af9f0d40-e19c-4872-af4b-39c2733abb23/_tmp_space.db
2024-04-23T20:52:58,296  INFO [main] sqlstd.SQLStdHiveAccessController: Created SQLStdHiveAccessController for session context : HiveAuthzSessionContext [sessionString=af9f0d40-e19c-4872-af4b-39c2733abb23, clientType=HIVECLI]
2024-04-23T20:52:58,296  INFO [main] ql.TxnCommandsBaseForTests: Running the query: drop table if exists acidTbl
2024-04-23T20:52:58,297  INFO [main] ql.Driver: Compiling command(queryId=alex_20240423205258_8e2cf7b5-0637-429a-a941-594f97c3ead5): drop table if exists acidTbl
2024-04-23T20:52:58,304  INFO [main] txn.TxnHandler: Added entries to MIN_HISTORY_LEVEL for current txns: ([1]) with min_open_txn: 1
2024-04-23T20:52:58,305  INFO [main] lockmgr.DbTxnManager: Opened txnid:1
2024-04-23T20:52:58,307  INFO [main] HiveMetaStore.audit: ugi=alex	ip=unknown-ip-addr	cmd=get_table : tbl=hive.default.acidTbl	
2024-04-23T20:52:58,315  INFO [main] ql.Driver: Semantic Analysis Completed (retrial = false)
2024-04-23T20:52:58,316  INFO [main] ql.Driver: Created Hive schema: Schema(fieldSchemas:null, properties:null)
2024-04-23T20:52:58,316  INFO [main] metadata.Hive: Dumping metastore api call timing information for : compilation phase
2024-04-23T20:52:58,316  INFO [main] metadata.Hive: Total time spent in each metastore function (ms): {getValidTxns_(long)=2, commitTxn_(CommitTxnRequest)=9, openTxn_(String, TxnType)=8, isCompatibleWith_(Configuration)=0, flushCache_()=0}
2024-04-23T20:52:58,316  INFO [main] ql.Driver: Completed compiling command(queryId=alex_20240423205258_8e2cf7b5-0637-429a-a941-594f97c3ead5); Time taken: 0.019 seconds
2024-04-23T20:52:58,316  INFO [main] lockmgr.DbTxnManager: Setting lock request transaction to txnid:1 for queryId=alex_20240423205258_8e2cf7b5-0637-429a-a941-594f97c3ead5
2024-04-23T20:52:58,316  INFO [main] ql.Driver: Operation DROPTABLE obtained 0 locks
2024-04-23T20:52:58,316  INFO [main] ql.Driver: Executing command(queryId=alex_20240423205258_8e2cf7b5-0637-429a-a941-594f97c3ead5): drop table if exists acidTbl
2024-04-23T20:52:58,317  INFO [main] ql.Driver: Starting task [Stage-0:DDL] in serial mode
2024-04-23T20:52:58,317  INFO [main] HiveMetaStore.audit: ugi=alex	ip=unknown-ip-addr	cmd=get_table : tbl=hive.default.acidTbl	
2024-04-23T20:52:58,321  INFO [main] metadata.Hive: Dumping metastore api call timing information for : execution phase
2024-04-23T20:52:58,321  INFO [main] metadata.Hive: Total time spent in each metastore function (ms): {isCompatibleWith_(Configuration)=0}
2024-04-23T20:52:58,321  INFO [main] ql.Driver: Completed executing command(queryId=alex_20240423205258_8e2cf7b5-0637-429a-a941-594f97c3ead5); Time taken: 0.004 seconds
2024-04-23T20:52:58,321  INFO [main] lockmgr.DbTxnManager: Stopped heartbeat for query: alex_20240423205258_8e2cf7b5-0637-429a-a941-594f97c3ead5
2024-04-23T20:52:58,326  INFO [main] txn.TxnHandler: Expected to move at least one record from txn_components to completed_txn_components when committing txn! txnid:1
2024-04-23T20:52:58,331  INFO [main] txn.TxnHandler: Removed transactions: ([1]) from MIN_HISTORY_LEVEL
2024-04-23T20:52:58,332  WARN [main] txn.CompactionTxnHandler: No compaction queue record found for Compaction type transaction commit. txnId:1
2024-04-23T20:52:58,332  INFO [main] ql.TxnCommandsBaseForTests: Running the query: drop table if exists acidTblPart
2024-04-23T20:52:58,332  INFO [main] ql.Driver: Compiling command(queryId=alex_20240423205258_61cb8f39-bb5a-4169-a6a9-bf0ce6259582): drop table if exists acidTblPart
2024-04-23T20:52:58,335  INFO [main] txn.TxnHandler: Added entries to MIN_HISTORY_LEVEL for current txns: ([2]) with min_open_txn: 1
2024-04-23T20:52:58,335  INFO [main] lockmgr.DbTxnManager: Opened txnid:2
2024-04-23T20:52:58,336  INFO [main] HiveMetaStore.audit: ugi=alex	ip=unknown-ip-addr	cmd=get_table : tbl=hive.default.acidTblPart	
2024-04-23T20:52:58,338  INFO [main] ql.Driver: Semantic Analysis Completed (retrial = false)
2024-04-23T20:52:58,338  INFO [main] ql.Driver: Created Hive schema: Schema(fieldSchemas:null, properties:null)
2024-04-23T20:52:58,339  INFO [main] metadata.Hive: Dumping metastore api call timing information for : compilation phase
2024-04-23T20:52:58,339  INFO [main] metadata.Hive: Total time spent in each metastore function (ms): {flushCache_()=0, isCompatibleWith_(Configuration)=0, getValidTxns_(long)=0, openTxn_(String, TxnType)=2, commitTxn_(CommitTxnRequest)=11}
2024-04-23T20:52:58,339  INFO [main] ql.Driver: Completed compiling command(queryId=alex_20240423205258_61cb8f39-bb5a-4169-a6a9-bf0ce6259582); Time taken: 0.007 seconds
2024-04-23T20:52:58,339  INFO [main] lockmgr.DbTxnManager: Setting lock request transaction to txnid:2 for queryId=alex_20240423205258_61cb8f39-bb5a-4169-a6a9-bf0ce6259582
2024-04-23T20:52:58,339  INFO [main] ql.Driver: Operation DROPTABLE obtained 0 locks
2024-04-23T20:52:58,339  INFO [main] ql.Driver: Executing command(queryId=alex_20240423205258_61cb8f39-bb5a-4169-a6a9-bf0ce6259582): drop table if exists acidTblPart
2024-04-23T20:52:58,339  INFO [main] ql.Driver: Starting task [Stage-0:DDL] in serial mode
2024-04-23T20:52:58,340  INFO [main] HiveMetaStore.audit: ugi=alex	ip=unknown-ip-addr	cmd=get_table : tbl=hive.default.acidTblPart	
2024-04-23T20:52:58,343  INFO [main] metadata.Hive: Dumping metastore api call timing information for : execution phase
2024-04-23T20:52:58,343  INFO [main] metadata.Hive: Total time spent in each metastore function (ms): {isCompatibleWith_(Configuration)=0}
2024-04-23T20:52:58,343  INFO [main] ql.Driver: Completed executing command(queryId=alex_20240423205258_61cb8f39-bb5a-4169-a6a9-bf0ce6259582); Time taken: 0.003 seconds
2024-04-23T20:52:58,343  INFO [main] lockmgr.DbTxnManager: Stopped heartbeat for query: alex_20240423205258_61cb8f39-bb5a-4169-a6a9-bf0ce6259582
2024-04-23T20:52:58,347  INFO [main] txn.TxnHandler: Expected to move at least one record from txn_components to completed_txn_components when committing txn! txnid:2
2024-04-23T20:52:58,352  INFO [main] txn.TxnHandler: Removed transactions: ([2]) from MIN_HISTORY_LEVEL
2024-04-23T20:52:58,353  WARN [main] txn.CompactionTxnHandler: No compaction queue record found for Compaction type transaction commit. txnId:2
2024-04-23T20:52:58,353  INFO [main] ql.TxnCommandsBaseForTests: Running the query: drop table if exists acidTbl2
2024-04-23T20:52:58,353  INFO [main] ql.Driver: Compiling command(queryId=alex_20240423205258_ce3ae75f-3260-4d7c-8e31-9dbeae04004a): drop table if exists acidTbl2
2024-04-23T20:52:58,355  INFO [main] txn.TxnHandler: Added entries to MIN_HISTORY_LEVEL for current txns: ([3]) with min_open_txn: 1
2024-04-23T20:52:58,356  INFO [main] lockmgr.DbTxnManager: Opened txnid:3
2024-04-23T20:52:58,356  INFO [main] HiveMetaStore.audit: ugi=alex	ip=unknown-ip-addr	cmd=get_table : tbl=hive.default.acidTbl2	
2024-04-23T20:52:58,359  INFO [main] ql.Driver: Semantic Analysis Completed (retrial = false)
2024-04-23T20:52:58,359  INFO [main] ql.Driver: Created Hive schema: Schema(fieldSchemas:null, properties:null)
2024-04-23T20:52:58,359  INFO [main] metadata.Hive: Dumping metastore api call timing information for : compilation phase
2024-04-23T20:52:58,359  INFO [main] metadata.Hive: Total time spent in each metastore function (ms): {openTxn_(String, TxnType)=2, getValidTxns_(long)=0, commitTxn_(CommitTxnRequest)=10, flushCache_()=0, isCompatibleWith_(Configuration)=0}
2024-04-23T20:52:58,360  INFO [main] ql.Driver: Completed compiling command(queryId=alex_20240423205258_ce3ae75f-3260-4d7c-8e31-9dbeae04004a); Time taken: 0.006 seconds
2024-04-23T20:52:58,360  INFO [main] lockmgr.DbTxnManager: Setting lock request transaction to txnid:3 for queryId=alex_20240423205258_ce3ae75f-3260-4d7c-8e31-9dbeae04004a
2024-04-23T20:52:58,360  INFO [main] ql.Driver: Operation DROPTABLE obtained 0 locks
2024-04-23T20:52:58,360  INFO [main] ql.Driver: Executing command(queryId=alex_20240423205258_ce3ae75f-3260-4d7c-8e31-9dbeae04004a): drop table if exists acidTbl2
2024-04-23T20:52:58,360  INFO [main] ql.Driver: Starting task [Stage-0:DDL] in serial mode
2024-04-23T20:52:58,360  INFO [main] HiveMetaStore.audit: ugi=alex	ip=unknown-ip-addr	cmd=get_table : tbl=hive.default.acidTbl2	
2024-04-23T20:52:58,363  INFO [main] metadata.Hive: Dumping metastore api call timing information for : execution phase
2024-04-23T20:52:58,363  INFO [main] metadata.Hive: Total time spent in each metastore function (ms): {isCompatibleWith_(Configuration)=0}
2024-04-23T20:52:58,364  INFO [main] ql.Driver: Completed executing command(queryId=alex_20240423205258_ce3ae75f-3260-4d7c-8e31-9dbeae04004a); Time taken: 0.003 seconds
2024-04-23T20:52:58,364  INFO [main] lockmgr.DbTxnManager: Stopped heartbeat for query: alex_20240423205258_ce3ae75f-3260-4d7c-8e31-9dbeae04004a
2024-04-23T20:52:58,368  INFO [main] txn.TxnHandler: Expected to move at least one record from txn_components to completed_txn_components when committing txn! txnid:3
2024-04-23T20:52:58,373  INFO [main] txn.TxnHandler: Removed transactions: ([3]) from MIN_HISTORY_LEVEL
2024-04-23T20:52:58,373  WARN [main] txn.CompactionTxnHandler: No compaction queue record found for Compaction type transaction commit. txnId:3
2024-04-23T20:52:58,374  INFO [main] ql.TxnCommandsBaseForTests: Running the query: drop table if exists nonAcidOrcTbl
2024-04-23T20:52:58,374  INFO [main] ql.Driver: Compiling command(queryId=alex_20240423205258_caed527e-f046-4548-8d36-0d18ef7cd3c4): drop table if exists nonAcidOrcTbl
2024-04-23T20:52:58,376  INFO [main] txn.TxnHandler: Added entries to MIN_HISTORY_LEVEL for current txns: ([4]) with min_open_txn: 1
2024-04-23T20:52:58,376  INFO [main] lockmgr.DbTxnManager: Opened txnid:4
2024-04-23T20:52:58,377  INFO [main] HiveMetaStore.audit: ugi=alex	ip=unknown-ip-addr	cmd=get_table : tbl=hive.default.nonAcidOrcTbl	
2024-04-23T20:52:58,380  INFO [main] ql.Driver: Semantic Analysis Completed (retrial = false)
2024-04-23T20:52:58,380  INFO [main] ql.Driver: Created Hive schema: Schema(fieldSchemas:null, properties:null)
2024-04-23T20:52:58,380  INFO [main] metadata.Hive: Dumping metastore api call timing information for : compilation phase
2024-04-23T20:52:58,380  INFO [main] metadata.Hive: Total time spent in each metastore function (ms): {commitTxn_(CommitTxnRequest)=10, getValidTxns_(long)=1, isCompatibleWith_(Configuration)=0, openTxn_(String, TxnType)=2, flushCache_()=0}
2024-04-23T20:52:58,380  INFO [main] ql.Driver: Completed compiling command(queryId=alex_20240423205258_caed527e-f046-4548-8d36-0d18ef7cd3c4); Time taken: 0.006 seconds
2024-04-23T20:52:58,380  INFO [main] lockmgr.DbTxnManager: Setting lock request transaction to txnid:4 for queryId=alex_20240423205258_caed527e-f046-4548-8d36-0d18ef7cd3c4
2024-04-23T20:52:58,380  INFO [main] ql.Driver: Operation DROPTABLE obtained 0 locks
2024-04-23T20:52:58,381  INFO [main] ql.Driver: Executing command(queryId=alex_20240423205258_caed527e-f046-4548-8d36-0d18ef7cd3c4): drop table if exists nonAcidOrcTbl
2024-04-23T20:52:58,381  INFO [main] ql.Driver: Starting task [Stage-0:DDL] in serial mode
2024-04-23T20:52:58,381  INFO [main] HiveMetaStore.audit: ugi=alex	ip=unknown-ip-addr	cmd=get_table : tbl=hive.default.nonAcidOrcTbl	
2024-04-23T20:52:58,384  INFO [main] metadata.Hive: Dumping metastore api call timing information for : execution phase
2024-04-23T20:52:58,384  INFO [main] metadata.Hive: Total time spent in each metastore function (ms): {isCompatibleWith_(Configuration)=0}
2024-04-23T20:52:58,384  INFO [main] ql.Driver: Completed executing command(queryId=alex_20240423205258_caed527e-f046-4548-8d36-0d18ef7cd3c4); Time taken: 0.003 seconds
2024-04-23T20:52:58,384  INFO [main] lockmgr.DbTxnManager: Stopped heartbeat for query: alex_20240423205258_caed527e-f046-4548-8d36-0d18ef7cd3c4
2024-04-23T20:52:58,389  INFO [main] txn.TxnHandler: Expected to move at least one record from txn_components to completed_txn_components when committing txn! txnid:4
2024-04-23T20:52:58,394  INFO [main] txn.TxnHandler: Removed transactions: ([4]) from MIN_HISTORY_LEVEL
2024-04-23T20:52:58,394  WARN [main] txn.CompactionTxnHandler: No compaction queue record found for Compaction type transaction commit. txnId:4
2024-04-23T20:52:58,395  INFO [main] ql.TxnCommandsBaseForTests: Running the query: drop table if exists nonAcidOrcTbl2
2024-04-23T20:52:58,395  INFO [main] ql.Driver: Compiling command(queryId=alex_20240423205258_ea04acd9-d42f-46af-97c1-85494e4ef217): drop table if exists nonAcidOrcTbl2
2024-04-23T20:52:58,397  INFO [main] txn.TxnHandler: Added entries to MIN_HISTORY_LEVEL for current txns: ([5]) with min_open_txn: 1
2024-04-23T20:52:58,397  INFO [main] lockmgr.DbTxnManager: Opened txnid:5
2024-04-23T20:52:58,398  INFO [main] HiveMetaStore.audit: ugi=alex	ip=unknown-ip-addr	cmd=get_table : tbl=hive.default.nonAcidOrcTbl2	
2024-04-23T20:52:58,401  INFO [main] ql.Driver: Semantic Analysis Completed (retrial = false)
2024-04-23T20:52:58,401  INFO [main] ql.Driver: Created Hive schema: Schema(fieldSchemas:null, properties:null)
2024-04-23T20:52:58,401  INFO [main] metadata.Hive: Dumping metastore api call timing information for : compilation phase
2024-04-23T20:52:58,401  INFO [main] metadata.Hive: Total time spent in each metastore function (ms): {isCompatibleWith_(Configuration)=0, commitTxn_(CommitTxnRequest)=10, flushCache_()=0, getValidTxns_(long)=0, openTxn_(String, TxnType)=2}
2024-04-23T20:52:58,401  INFO [main] ql.Driver: Completed compiling command(queryId=alex_20240423205258_ea04acd9-d42f-46af-97c1-85494e4ef217); Time taken: 0.006 seconds
2024-04-23T20:52:58,402  INFO [main] lockmgr.DbTxnManager: Setting lock request transaction to txnid:5 for queryId=alex_20240423205258_ea04acd9-d42f-46af-97c1-85494e4ef217
2024-04-23T20:52:58,402  INFO [main] ql.Driver: Operation DROPTABLE obtained 0 locks
2024-04-23T20:52:58,402  INFO [main] ql.Driver: Executing command(queryId=alex_20240423205258_ea04acd9-d42f-46af-97c1-85494e4ef217): drop table if exists nonAcidOrcTbl2
2024-04-23T20:52:58,402  INFO [main] ql.Driver: Starting task [Stage-0:DDL] in serial mode
2024-04-23T20:52:58,402  INFO [main] HiveMetaStore.audit: ugi=alex	ip=unknown-ip-addr	cmd=get_table : tbl=hive.default.nonAcidOrcTbl2	
2024-04-23T20:52:58,405  INFO [main] metadata.Hive: Dumping metastore api call timing information for : execution phase
2024-04-23T20:52:58,405  INFO [main] metadata.Hive: Total time spent in each metastore function (ms): {isCompatibleWith_(Configuration)=0}
2024-04-23T20:52:58,406  INFO [main] ql.Driver: Completed executing command(queryId=alex_20240423205258_ea04acd9-d42f-46af-97c1-85494e4ef217); Time taken: 0.003 seconds
2024-04-23T20:52:58,406  INFO [main] lockmgr.DbTxnManager: Stopped heartbeat for query: alex_20240423205258_ea04acd9-d42f-46af-97c1-85494e4ef217
2024-04-23T20:52:58,410  INFO [main] txn.TxnHandler: Expected to move at least one record from txn_components to completed_txn_components when committing txn! txnid:5
2024-04-23T20:52:58,416  INFO [main] txn.TxnHandler: Removed transactions: ([5]) from MIN_HISTORY_LEVEL
2024-04-23T20:52:58,416  WARN [main] txn.CompactionTxnHandler: No compaction queue record found for Compaction type transaction commit. txnId:5
2024-04-23T20:52:58,416  INFO [main] ql.TxnCommandsBaseForTests: Running the query: drop table if exists nonAcidNonBucket
2024-04-23T20:52:58,416  INFO [main] ql.Driver: Compiling command(queryId=alex_20240423205258_2368b6ea-7982-4e13-b149-0f1c83fd04e8): drop table if exists nonAcidNonBucket
2024-04-23T20:52:58,418  INFO [main] txn.TxnHandler: Added entries to MIN_HISTORY_LEVEL for current txns: ([6]) with min_open_txn: 1
2024-04-23T20:52:58,419  INFO [main] lockmgr.DbTxnManager: Opened txnid:6
2024-04-23T20:52:58,419  INFO [main] HiveMetaStore.audit: ugi=alex	ip=unknown-ip-addr	cmd=get_table : tbl=hive.default.nonAcidNonBucket	
2024-04-23T20:52:58,422  INFO [main] ql.Driver: Semantic Analysis Completed (retrial = false)
2024-04-23T20:52:58,422  INFO [main] ql.Driver: Created Hive schema: Schema(fieldSchemas:null, properties:null)
2024-04-23T20:52:58,422  INFO [main] metadata.Hive: Dumping metastore api call timing information for : compilation phase
2024-04-23T20:52:58,422  INFO [main] metadata.Hive: Total time spent in each metastore function (ms): {commitTxn_(CommitTxnRequest)=10, getValidTxns_(long)=0, isCompatibleWith_(Configuration)=0, flushCache_()=0, openTxn_(String, TxnType)=2}
2024-04-23T20:52:58,422  INFO [main] ql.Driver: Completed compiling command(queryId=alex_20240423205258_2368b6ea-7982-4e13-b149-0f1c83fd04e8); Time taken: 0.006 seconds
2024-04-23T20:52:58,423  INFO [main] lockmgr.DbTxnManager: Setting lock request transaction to txnid:6 for queryId=alex_20240423205258_2368b6ea-7982-4e13-b149-0f1c83fd04e8
2024-04-23T20:52:58,423  INFO [main] ql.Driver: Operation DROPTABLE obtained 0 locks
2024-04-23T20:52:58,423  INFO [main] ql.Driver: Executing command(queryId=alex_20240423205258_2368b6ea-7982-4e13-b149-0f1c83fd04e8): drop table if exists nonAcidNonBucket
2024-04-23T20:52:58,423  INFO [main] ql.Driver: Starting task [Stage-0:DDL] in serial mode
2024-04-23T20:52:58,423  INFO [main] HiveMetaStore.audit: ugi=alex	ip=unknown-ip-addr	cmd=get_table : tbl=hive.default.nonAcidNonBucket	
2024-04-23T20:52:58,426  INFO [main] metadata.Hive: Dumping metastore api call timing information for : execution phase
2024-04-23T20:52:58,426  INFO [main] metadata.Hive: Total time spent in each metastore function (ms): {isCompatibleWith_(Configuration)=0}
2024-04-23T20:52:58,427  INFO [main] ql.Driver: Completed executing command(queryId=alex_20240423205258_2368b6ea-7982-4e13-b149-0f1c83fd04e8); Time taken: 0.003 seconds
2024-04-23T20:52:58,427  INFO [main] lockmgr.DbTxnManager: Stopped heartbeat for query: alex_20240423205258_2368b6ea-7982-4e13-b149-0f1c83fd04e8
2024-04-23T20:52:58,432  INFO [main] txn.TxnHandler: Expected to move at least one record from txn_components to completed_txn_components when committing txn! txnid:6
2024-04-23T20:52:58,439  INFO [main] txn.TxnHandler: Removed transactions: ([6]) from MIN_HISTORY_LEVEL
2024-04-23T20:52:58,439  WARN [main] txn.CompactionTxnHandler: No compaction queue record found for Compaction type transaction commit. txnId:6
2024-04-23T20:52:58,440  INFO [main] ql.TxnCommandsBaseForTests: Running the query: create table acidTbl(a int, b int) clustered by (a) into 2 buckets stored as orc TBLPROPERTIES ('transactional'='true')
2024-04-23T20:52:58,440  INFO [main] ql.Driver: Compiling command(queryId=alex_20240423205258_3a697b13-b85e-44db-b44d-737fa482ebe3): create table acidTbl(a int, b int) clustered by (a) into 2 buckets stored as orc TBLPROPERTIES ('transactional'='true')
2024-04-23T20:52:58,442  INFO [main] txn.TxnHandler: Added entries to MIN_HISTORY_LEVEL for current txns: ([7]) with min_open_txn: 1
2024-04-23T20:52:58,442  INFO [main] lockmgr.DbTxnManager: Opened txnid:7
2024-04-23T20:52:58,443  INFO [main] parse.CalcitePlanner: Starting caching scope for: 
2024-04-23T20:52:58,443  INFO [main] parse.CalcitePlanner: Starting Semantic Analysis
2024-04-23T20:52:58,448  INFO [main] parse.CalcitePlanner: Creating table default.acidTbl position=13
2024-04-23T20:52:58,448  INFO [main] HiveMetaStore.audit: ugi=alex	ip=unknown-ip-addr	cmd=get_database: default	
2024-04-23T20:52:58,450  INFO [main] parse.CalcitePlanner: Ending caching scope for: 
2024-04-23T20:52:58,450  INFO [main] ql.Driver: Semantic Analysis Completed (retrial = false)
2024-04-23T20:52:58,450  INFO [main] ql.Driver: Created Hive schema: Schema(fieldSchemas:null, properties:null)
2024-04-23T20:52:58,450  INFO [main] metadata.Hive: Dumping metastore api call timing information for : compilation phase
2024-04-23T20:52:58,450  INFO [main] metadata.Hive: Total time spent in each metastore function (ms): {flushCache_()=0, getValidWriteIds_(List, String)=5, isCompatibleWith_(Configuration)=1, getDatabase_(String)=1, openTxn_(String, TxnType)=1, commitTxn_(CommitTxnRequest)=12, getValidTxns_(long)=0}
2024-04-23T20:52:58,450  INFO [main] ql.Driver: Completed compiling command(queryId=alex_20240423205258_3a697b13-b85e-44db-b44d-737fa482ebe3); Time taken: 0.01 seconds
2024-04-23T20:52:58,450  INFO [main] lockmgr.DbTxnManager: Setting lock request transaction to txnid:7 for queryId=alex_20240423205258_3a697b13-b85e-44db-b44d-737fa482ebe3
2024-04-23T20:52:58,451  INFO [main] lockmgr.DbLockManager: Requesting lock for queryId=alex_20240423205258_3a697b13-b85e-44db-b44d-737fa482ebe3
2024-04-23T20:52:58,468  INFO [main] lockmgr.DbLockManager: Response to queryId=alex_20240423205258_3a697b13-b85e-44db-b44d-737fa482ebe3 LockResponse(lockid:1, state:ACQUIRED)
2024-04-23T20:52:58,468  INFO [main] ql.Driver: Operation CREATETABLE obtained 1 locks
2024-04-23T20:52:58,469  INFO [main] ql.Driver: Executing command(queryId=alex_20240423205258_3a697b13-b85e-44db-b44d-737fa482ebe3): create table acidTbl(a int, b int) clustered by (a) into 2 buckets stored as orc TBLPROPERTIES ('transactional'='true')
2024-04-23T20:52:58,469  INFO [main] ql.Driver: Starting task [Stage-0:DDL] in serial mode
2024-04-23T20:52:58,470  INFO [main] HiveMetaStore.audit: ugi=alex	ip=unknown-ip-addr	cmd=create_table_req: Table(tableName:acidTbl, dbName:default, owner:alex, createTime:1713930778, lastAccessTime:0, retention:0, sd:StorageDescriptor(cols:[FieldSchema(name:a, type:int, comment:null), FieldSchema(name:b, type:int, comment:null)], location:null, inputFormat:org.apache.hadoop.hive.ql.io.orc.OrcInputFormat, outputFormat:org.apache.hadoop.hive.ql.io.orc.OrcOutputFormat, compressed:false, numBuckets:2, serdeInfo:SerDeInfo(name:null, serializationLib:org.apache.hadoop.hive.ql.io.orc.OrcSerde, parameters:{serialization.format=1}), bucketCols:[a], sortCols:[], parameters:{}, skewedInfo:SkewedInfo(skewedColNames:[], skewedColValues:[], skewedColValueLocationMaps:{}), storedAsSubDirectories:false), partitionKeys:[], parameters:{bucketing_version=2, totalSize=0, numFilesErasureCoded=0, numRows=0, numFiles=0, rawDataSize=0, COLUMN_STATS_ACCURATE={"BASIC_STATS":"true","COLUMN_STATS":{"a":"true","b":"true"}}, transactional=true}, viewOriginalText:null, viewExpandedText:null, tableType:MANAGED_TABLE, privileges:PrincipalPrivilegeSet(userPrivileges:{alex=[PrivilegeGrantInfo(privilege:INSERT, createTime:-1, grantor:alex, grantorType:USER, grantOption:true), PrivilegeGrantInfo(privilege:SELECT, createTime:-1, grantor:alex, grantorType:USER, grantOption:true), PrivilegeGrantInfo(privilege:UPDATE, createTime:-1, grantor:alex, grantorType:USER, grantOption:true), PrivilegeGrantInfo(privilege:DELETE, createTime:-1, grantor:alex, grantorType:USER, grantOption:true)]}, groupPrivileges:null, rolePrivileges:null), temporary:false, catName:hive, ownerType:USER, writeId:0)	
2024-04-23T20:52:58,477  INFO [main] utils.FileUtils: Creating directory if it doesn't exist: file:/home/alex/Repositories/hive/ql/target/tmp/org.apache.hadoop.hive.ql.TestTxnNoBuckets-1713930630697/warehouse/acidtbl
2024-04-23T20:52:58,514  INFO [main] metadata.Hive: Dumping metastore api call timing information for : execution phase
2024-04-23T20:52:58,514  INFO [main] metadata.Hive: Total time spent in each metastore function (ms): {createTable_(Table)=44, isCompatibleWith_(Configuration)=0}
2024-04-23T20:52:58,514  INFO [main] ql.Driver: Completed executing command(queryId=alex_20240423205258_3a697b13-b85e-44db-b44d-737fa482ebe3); Time taken: 0.045 seconds
2024-04-23T20:52:58,514  INFO [main] lockmgr.DbTxnManager: Stopped heartbeat for query: alex_20240423205258_3a697b13-b85e-44db-b44d-737fa482ebe3
2024-04-23T20:52:58,518  INFO [main] txn.TxnHandler: Expected to move at least one record from txn_components to completed_txn_components when committing txn! txnid:7
2024-04-23T20:52:58,523  INFO [main] txn.TxnHandler: Removed transactions: ([7]) from MIN_HISTORY_LEVEL
2024-04-23T20:52:58,524  WARN [main] txn.CompactionTxnHandler: No compaction queue record found for Compaction type transaction commit. txnId:7
2024-04-23T20:52:58,525  INFO [main] ql.TxnCommandsBaseForTests: Running the query: create table acidTblPart(a int, b int) partitioned by (p string) clustered by (a) into 2 buckets stored as orc TBLPROPERTIES ('transactional'='true')
2024-04-23T20:52:58,525  INFO [main] ql.Driver: Compiling command(queryId=alex_20240423205258_be1cbff1-9037-4e60-ba08-06bf2618a744): create table acidTblPart(a int, b int) partitioned by (p string) clustered by (a) into 2 buckets stored as orc TBLPROPERTIES ('transactional'='true')
2024-04-23T20:52:58,528  INFO [main] txn.TxnHandler: Added entries to MIN_HISTORY_LEVEL for current txns: ([8]) with min_open_txn: 1
2024-04-23T20:52:58,529  INFO [main] lockmgr.DbTxnManager: Opened txnid:8
2024-04-23T20:52:58,529  INFO [main] parse.CalcitePlanner: Starting caching scope for: 
2024-04-23T20:52:58,529  INFO [main] parse.CalcitePlanner: Starting Semantic Analysis
2024-04-23T20:52:58,532  INFO [main] parse.CalcitePlanner: Creating table default.acidTblPart position=13
2024-04-23T20:52:58,532  INFO [main] HiveMetaStore.audit: ugi=alex	ip=unknown-ip-addr	cmd=get_database: default	
2024-04-23T20:52:58,534  INFO [main] parse.CalcitePlanner: Ending caching scope for: 
2024-04-23T20:52:58,534  INFO [main] ql.Driver: Semantic Analysis Completed (retrial = false)
2024-04-23T20:52:58,534  INFO [main] ql.Driver: Created Hive schema: Schema(fieldSchemas:null, properties:null)
2024-04-23T20:52:58,534  INFO [main] metadata.Hive: Dumping metastore api call timing information for : compilation phase
2024-04-23T20:52:58,534  INFO [main] metadata.Hive: Total time spent in each metastore function (ms): {openTxn_(String, TxnType)=3, getValidTxns_(long)=0, getDatabase_(String)=2, flushCache_()=0, commitTxn_(CommitTxnRequest)=9, isCompatibleWith_(Configuration)=1, getValidWriteIds_(List, String)=3}
2024-04-23T20:52:58,535  INFO [main] ql.Driver: Completed compiling command(queryId=alex_20240423205258_be1cbff1-9037-4e60-ba08-06bf2618a744); Time taken: 0.009 seconds
2024-04-23T20:52:58,535  INFO [main] lockmgr.DbTxnManager: Setting lock request transaction to txnid:8 for queryId=alex_20240423205258_be1cbff1-9037-4e60-ba08-06bf2618a744
2024-04-23T20:52:58,535  INFO [main] lockmgr.DbLockManager: Requesting lock for queryId=alex_20240423205258_be1cbff1-9037-4e60-ba08-06bf2618a744
2024-04-23T20:52:58,548  INFO [main] lockmgr.DbLockManager: Response to queryId=alex_20240423205258_be1cbff1-9037-4e60-ba08-06bf2618a744 LockResponse(lockid:2, state:ACQUIRED)
2024-04-23T20:52:58,548  INFO [main] ql.Driver: Operation CREATETABLE obtained 1 locks
2024-04-23T20:52:58,549  INFO [main] ql.Driver: Executing command(queryId=alex_20240423205258_be1cbff1-9037-4e60-ba08-06bf2618a744): create table acidTblPart(a int, b int) partitioned by (p string) clustered by (a) into 2 buckets stored as orc TBLPROPERTIES ('transactional'='true')
2024-04-23T20:52:58,549  INFO [main] ql.Driver: Starting task [Stage-0:DDL] in serial mode
2024-04-23T20:52:58,550  INFO [main] HiveMetaStore.audit: ugi=alex	ip=unknown-ip-addr	cmd=create_table_req: Table(tableName:acidTblPart, dbName:default, owner:alex, createTime:1713930778, lastAccessTime:0, retention:0, sd:StorageDescriptor(cols:[FieldSchema(name:a, type:int, comment:null), FieldSchema(name:b, type:int, comment:null)], location:null, inputFormat:org.apache.hadoop.hive.ql.io.orc.OrcInputFormat, outputFormat:org.apache.hadoop.hive.ql.io.orc.OrcOutputFormat, compressed:false, numBuckets:2, serdeInfo:SerDeInfo(name:null, serializationLib:org.apache.hadoop.hive.ql.io.orc.OrcSerde, parameters:{serialization.format=1}), bucketCols:[a], sortCols:[], parameters:{}, skewedInfo:SkewedInfo(skewedColNames:[], skewedColValues:[], skewedColValueLocationMaps:{}), storedAsSubDirectories:false), partitionKeys:[FieldSchema(name:p, type:string, comment:null)], parameters:{transactional=true, bucketing_version=2}, viewOriginalText:null, viewExpandedText:null, tableType:MANAGED_TABLE, privileges:PrincipalPrivilegeSet(userPrivileges:{alex=[PrivilegeGrantInfo(privilege:INSERT, createTime:-1, grantor:alex, grantorType:USER, grantOption:true), PrivilegeGrantInfo(privilege:SELECT, createTime:-1, grantor:alex, grantorType:USER, grantOption:true), PrivilegeGrantInfo(privilege:UPDATE, createTime:-1, grantor:alex, grantorType:USER, grantOption:true), PrivilegeGrantInfo(privilege:DELETE, createTime:-1, grantor:alex, grantorType:USER, grantOption:true)]}, groupPrivileges:null, rolePrivileges:null), temporary:false, catName:hive, ownerType:USER, writeId:0)	
2024-04-23T20:52:58,556  INFO [main] utils.FileUtils: Creating directory if it doesn't exist: file:/home/alex/Repositories/hive/ql/target/tmp/org.apache.hadoop.hive.ql.TestTxnNoBuckets-1713930630697/warehouse/acidtblpart
2024-04-23T20:52:58,571  INFO [main] metadata.Hive: Dumping metastore api call timing information for : execution phase
2024-04-23T20:52:58,571  INFO [main] metadata.Hive: Total time spent in each metastore function (ms): {isCompatibleWith_(Configuration)=0, createTable_(Table)=22}
2024-04-23T20:52:58,572  INFO [main] ql.Driver: Completed executing command(queryId=alex_20240423205258_be1cbff1-9037-4e60-ba08-06bf2618a744); Time taken: 0.022 seconds
2024-04-23T20:52:58,572  INFO [main] lockmgr.DbTxnManager: Stopped heartbeat for query: alex_20240423205258_be1cbff1-9037-4e60-ba08-06bf2618a744
2024-04-23T20:52:58,575  INFO [main] txn.TxnHandler: Expected to move at least one record from txn_components to completed_txn_components when committing txn! txnid:8
2024-04-23T20:52:58,580  INFO [main] txn.TxnHandler: Removed transactions: ([8]) from MIN_HISTORY_LEVEL
2024-04-23T20:52:58,580  WARN [main] txn.CompactionTxnHandler: No compaction queue record found for Compaction type transaction commit. txnId:8
2024-04-23T20:52:58,581  INFO [main] ql.TxnCommandsBaseForTests: Running the query: create table nonAcidOrcTbl(a int, b int) clustered by (a) into 2 buckets stored as orc TBLPROPERTIES ('transactional'='false')
2024-04-23T20:52:58,581  INFO [main] ql.Driver: Compiling command(queryId=alex_20240423205258_2f2a6277-f220-4f74-8950-4ce48075add5): create table nonAcidOrcTbl(a int, b int) clustered by (a) into 2 buckets stored as orc TBLPROPERTIES ('transactional'='false')
2024-04-23T20:52:58,583  INFO [main] txn.TxnHandler: Added entries to MIN_HISTORY_LEVEL for current txns: ([9]) with min_open_txn: 1
2024-04-23T20:52:58,584  INFO [main] lockmgr.DbTxnManager: Opened txnid:9
2024-04-23T20:52:58,584  INFO [main] parse.CalcitePlanner: Starting caching scope for: 
2024-04-23T20:52:58,584  INFO [main] parse.CalcitePlanner: Starting Semantic Analysis
2024-04-23T20:52:58,586  INFO [main] parse.CalcitePlanner: Creating table default.nonAcidOrcTbl position=13
2024-04-23T20:52:58,587  INFO [main] HiveMetaStore.audit: ugi=alex	ip=unknown-ip-addr	cmd=get_database: default	
2024-04-23T20:52:58,588  INFO [main] parse.CalcitePlanner: Ending caching scope for: 
2024-04-23T20:52:58,588  INFO [main] ql.Driver: Semantic Analysis Completed (retrial = false)
2024-04-23T20:52:58,588  INFO [main] ql.Driver: Created Hive schema: Schema(fieldSchemas:null, properties:null)
2024-04-23T20:52:58,588  INFO [main] metadata.Hive: Dumping metastore api call timing information for : compilation phase
2024-04-23T20:52:58,588  INFO [main] metadata.Hive: Total time spent in each metastore function (ms): {getValidWriteIds_(List, String)=2, flushCache_()=0, isCompatibleWith_(Configuration)=0, commitTxn_(CommitTxnRequest)=9, openTxn_(String, TxnType)=2, getDatabase_(String)=2, getValidTxns_(long)=0}
2024-04-23T20:52:58,589  INFO [main] ql.Driver: Completed compiling command(queryId=alex_20240423205258_2f2a6277-f220-4f74-8950-4ce48075add5); Time taken: 0.007 seconds
2024-04-23T20:52:58,589  INFO [main] lockmgr.DbTxnManager: Setting lock request transaction to txnid:9 for queryId=alex_20240423205258_2f2a6277-f220-4f74-8950-4ce48075add5
2024-04-23T20:52:58,589  INFO [main] lockmgr.DbLockManager: Requesting lock for queryId=alex_20240423205258_2f2a6277-f220-4f74-8950-4ce48075add5
2024-04-23T20:52:58,602  INFO [main] lockmgr.DbLockManager: Response to queryId=alex_20240423205258_2f2a6277-f220-4f74-8950-4ce48075add5 LockResponse(lockid:3, state:ACQUIRED)
2024-04-23T20:52:58,602  INFO [main] ql.Driver: Operation CREATETABLE obtained 1 locks
2024-04-23T20:52:58,602  INFO [main] ql.Driver: Executing command(queryId=alex_20240423205258_2f2a6277-f220-4f74-8950-4ce48075add5): create table nonAcidOrcTbl(a int, b int) clustered by (a) into 2 buckets stored as orc TBLPROPERTIES ('transactional'='false')
2024-04-23T20:52:58,602  INFO [main] ql.Driver: Starting task [Stage-0:DDL] in serial mode
2024-04-23T20:52:58,604  INFO [main] HiveMetaStore.audit: ugi=alex	ip=unknown-ip-addr	cmd=create_table_req: Table(tableName:nonAcidOrcTbl, dbName:default, owner:alex, createTime:1713930778, lastAccessTime:0, retention:0, sd:StorageDescriptor(cols:[FieldSchema(name:a, type:int, comment:null), FieldSchema(name:b, type:int, comment:null)], location:null, inputFormat:org.apache.hadoop.hive.ql.io.orc.OrcInputFormat, outputFormat:org.apache.hadoop.hive.ql.io.orc.OrcOutputFormat, compressed:false, numBuckets:2, serdeInfo:SerDeInfo(name:null, serializationLib:org.apache.hadoop.hive.ql.io.orc.OrcSerde, parameters:{serialization.format=1}), bucketCols:[a], sortCols:[], parameters:{}, skewedInfo:SkewedInfo(skewedColNames:[], skewedColValues:[], skewedColValueLocationMaps:{}), storedAsSubDirectories:false), partitionKeys:[], parameters:{bucketing_version=2, rawDataSize=0, totalSize=0, numFilesErasureCoded=0, transactional=false, numRows=0, numFiles=0, COLUMN_STATS_ACCURATE={"BASIC_STATS":"true","COLUMN_STATS":{"a":"true","b":"true"}}}, viewOriginalText:null, viewExpandedText:null, tableType:MANAGED_TABLE, privileges:PrincipalPrivilegeSet(userPrivileges:{alex=[PrivilegeGrantInfo(privilege:INSERT, createTime:-1, grantor:alex, grantorType:USER, grantOption:true), PrivilegeGrantInfo(privilege:SELECT, createTime:-1, grantor:alex, grantorType:USER, grantOption:true), PrivilegeGrantInfo(privilege:UPDATE, createTime:-1, grantor:alex, grantorType:USER, grantOption:true), PrivilegeGrantInfo(privilege:DELETE, createTime:-1, grantor:alex, grantorType:USER, grantOption:true)]}, groupPrivileges:null, rolePrivileges:null), temporary:false, catName:hive, ownerType:USER)	
2024-04-23T20:52:58,610  INFO [main] utils.FileUtils: Creating directory if it doesn't exist: file:/home/alex/Repositories/hive/ql/target/tmp/org.apache.hadoop.hive.ql.TestTxnNoBuckets-1713930630697/warehouse/nonacidorctbl
2024-04-23T20:52:58,624  INFO [main] metadata.Hive: Dumping metastore api call timing information for : execution phase
2024-04-23T20:52:58,624  INFO [main] metadata.Hive: Total time spent in each metastore function (ms): {createTable_(Table)=21, isCompatibleWith_(Configuration)=1}
2024-04-23T20:52:58,624  INFO [main] ql.Driver: Completed executing command(queryId=alex_20240423205258_2f2a6277-f220-4f74-8950-4ce48075add5); Time taken: 0.022 seconds
2024-04-23T20:52:58,625  INFO [main] lockmgr.DbTxnManager: Stopped heartbeat for query: alex_20240423205258_2f2a6277-f220-4f74-8950-4ce48075add5
2024-04-23T20:52:58,628  INFO [main] txn.TxnHandler: Expected to move at least one record from txn_components to completed_txn_components when committing txn! txnid:9
2024-04-23T20:52:58,633  INFO [main] txn.TxnHandler: Removed transactions: ([9]) from MIN_HISTORY_LEVEL
2024-04-23T20:52:58,633  WARN [main] txn.CompactionTxnHandler: No compaction queue record found for Compaction type transaction commit. txnId:9
2024-04-23T20:52:58,634  INFO [main] ql.TxnCommandsBaseForTests: Running the query: create table nonAcidOrcTbl2(a int, b int) clustered by (a) into 2 buckets stored as orc TBLPROPERTIES ('transactional'='false')
2024-04-23T20:52:58,634  INFO [main] ql.Driver: Compiling command(queryId=alex_20240423205258_b47085df-31c4-4dd7-b023-3747934614b9): create table nonAcidOrcTbl2(a int, b int) clustered by (a) into 2 buckets stored as orc TBLPROPERTIES ('transactional'='false')
2024-04-23T20:52:58,636  INFO [main] txn.TxnHandler: Added entries to MIN_HISTORY_LEVEL for current txns: ([10]) with min_open_txn: 1
2024-04-23T20:52:58,637  INFO [main] lockmgr.DbTxnManager: Opened txnid:10
2024-04-23T20:52:58,637  INFO [main] parse.CalcitePlanner: Starting caching scope for: 
2024-04-23T20:52:58,637  INFO [main] parse.CalcitePlanner: Starting Semantic Analysis
2024-04-23T20:52:58,639  INFO [main] parse.CalcitePlanner: Creating table default.nonAcidOrcTbl2 position=13
2024-04-23T20:52:58,640  INFO [main] HiveMetaStore.audit: ugi=alex	ip=unknown-ip-addr	cmd=get_database: default	
2024-04-23T20:52:58,641  INFO [main] parse.CalcitePlanner: Ending caching scope for: 
2024-04-23T20:52:58,642  INFO [main] ql.Driver: Semantic Analysis Completed (retrial = false)
2024-04-23T20:52:58,642  INFO [main] ql.Driver: Created Hive schema: Schema(fieldSchemas:null, properties:null)
2024-04-23T20:52:58,642  INFO [main] metadata.Hive: Dumping metastore api call timing information for : compilation phase
2024-04-23T20:52:58,642  INFO [main] metadata.Hive: Total time spent in each metastore function (ms): {flushCache_()=0, getDatabase_(String)=1, openTxn_(String, TxnType)=2, getValidWriteIds_(List, String)=2, isCompatibleWith_(Configuration)=1, getValidTxns_(long)=0, commitTxn_(CommitTxnRequest)=9}
2024-04-23T20:52:58,642  INFO [main] ql.Driver: Completed compiling command(queryId=alex_20240423205258_b47085df-31c4-4dd7-b023-3747934614b9); Time taken: 0.008 seconds
2024-04-23T20:52:58,642  INFO [main] lockmgr.DbTxnManager: Setting lock request transaction to txnid:10 for queryId=alex_20240423205258_b47085df-31c4-4dd7-b023-3747934614b9
2024-04-23T20:52:58,642  INFO [main] lockmgr.DbLockManager: Requesting lock for queryId=alex_20240423205258_b47085df-31c4-4dd7-b023-3747934614b9
2024-04-23T20:52:58,656  INFO [main] lockmgr.DbLockManager: Response to queryId=alex_20240423205258_b47085df-31c4-4dd7-b023-3747934614b9 LockResponse(lockid:4, state:ACQUIRED)
2024-04-23T20:52:58,656  INFO [main] ql.Driver: Operation CREATETABLE obtained 1 locks
2024-04-23T20:52:58,656  INFO [main] ql.Driver: Executing command(queryId=alex_20240423205258_b47085df-31c4-4dd7-b023-3747934614b9): create table nonAcidOrcTbl2(a int, b int) clustered by (a) into 2 buckets stored as orc TBLPROPERTIES ('transactional'='false')
2024-04-23T20:52:58,656  INFO [main] ql.Driver: Starting task [Stage-0:DDL] in serial mode
2024-04-23T20:52:58,657  INFO [main] HiveMetaStore.audit: ugi=alex	ip=unknown-ip-addr	cmd=create_table_req: Table(tableName:nonAcidOrcTbl2, dbName:default, owner:alex, createTime:1713930778, lastAccessTime:0, retention:0, sd:StorageDescriptor(cols:[FieldSchema(name:a, type:int, comment:null), FieldSchema(name:b, type:int, comment:null)], location:null, inputFormat:org.apache.hadoop.hive.ql.io.orc.OrcInputFormat, outputFormat:org.apache.hadoop.hive.ql.io.orc.OrcOutputFormat, compressed:false, numBuckets:2, serdeInfo:SerDeInfo(name:null, serializationLib:org.apache.hadoop.hive.ql.io.orc.OrcSerde, parameters:{serialization.format=1}), bucketCols:[a], sortCols:[], parameters:{}, skewedInfo:SkewedInfo(skewedColNames:[], skewedColValues:[], skewedColValueLocationMaps:{}), storedAsSubDirectories:false), partitionKeys:[], parameters:{numFilesErasureCoded=0, totalSize=0, rawDataSize=0, bucketing_version=2, numRows=0, transactional=false, numFiles=0, COLUMN_STATS_ACCURATE={"BASIC_STATS":"true","COLUMN_STATS":{"a":"true","b":"true"}}}, viewOriginalText:null, viewExpandedText:null, tableType:MANAGED_TABLE, privileges:PrincipalPrivilegeSet(userPrivileges:{alex=[PrivilegeGrantInfo(privilege:INSERT, createTime:-1, grantor:alex, grantorType:USER, grantOption:true), PrivilegeGrantInfo(privilege:SELECT, createTime:-1, grantor:alex, grantorType:USER, grantOption:true), PrivilegeGrantInfo(privilege:UPDATE, createTime:-1, grantor:alex, grantorType:USER, grantOption:true), PrivilegeGrantInfo(privilege:DELETE, createTime:-1, grantor:alex, grantorType:USER, grantOption:true)]}, groupPrivileges:null, rolePrivileges:null), temporary:false, catName:hive, ownerType:USER)	
2024-04-23T20:52:58,662  INFO [main] utils.FileUtils: Creating directory if it doesn't exist: file:/home/alex/Repositories/hive/ql/target/tmp/org.apache.hadoop.hive.ql.TestTxnNoBuckets-1713930630697/warehouse/nonacidorctbl2
2024-04-23T20:52:58,676  INFO [main] metadata.Hive: Dumping metastore api call timing information for : execution phase
2024-04-23T20:52:58,676  INFO [main] metadata.Hive: Total time spent in each metastore function (ms): {isCompatibleWith_(Configuration)=0, createTable_(Table)=18}
2024-04-23T20:52:58,676  INFO [main] ql.Driver: Completed executing command(queryId=alex_20240423205258_b47085df-31c4-4dd7-b023-3747934614b9); Time taken: 0.02 seconds
2024-04-23T20:52:58,676  INFO [main] lockmgr.DbTxnManager: Stopped heartbeat for query: alex_20240423205258_b47085df-31c4-4dd7-b023-3747934614b9
2024-04-23T20:52:58,680  INFO [main] txn.TxnHandler: Expected to move at least one record from txn_components to completed_txn_components when committing txn! txnid:10
2024-04-23T20:52:58,685  INFO [main] txn.TxnHandler: Removed transactions: ([10]) from MIN_HISTORY_LEVEL
2024-04-23T20:52:58,685  WARN [main] txn.CompactionTxnHandler: No compaction queue record found for Compaction type transaction commit. txnId:10
2024-04-23T20:52:58,686  INFO [main] ql.TxnCommandsBaseForTests: Running the query: create temporary  table acidTbl2(a int, b int, c int) clustered by (c) into 2 buckets stored as orc TBLPROPERTIES ('transactional'='true')
2024-04-23T20:52:58,686  INFO [main] ql.Driver: Compiling command(queryId=alex_20240423205258_d2485133-99bb-4533-abfc-0eb33a0c11f9): create temporary  table acidTbl2(a int, b int, c int) clustered by (c) into 2 buckets stored as orc TBLPROPERTIES ('transactional'='true')
2024-04-23T20:52:58,688  INFO [main] txn.TxnHandler: Added entries to MIN_HISTORY_LEVEL for current txns: ([11]) with min_open_txn: 1
2024-04-23T20:52:58,688  INFO [main] lockmgr.DbTxnManager: Opened txnid:11
2024-04-23T20:52:58,689  INFO [main] parse.CalcitePlanner: Starting caching scope for: 
2024-04-23T20:52:58,689  INFO [main] parse.CalcitePlanner: Starting Semantic Analysis
2024-04-23T20:52:58,691  INFO [main] parse.CalcitePlanner: Creating table default.acidTbl2 position=24
2024-04-23T20:52:58,692  INFO [main] HiveMetaStore.audit: ugi=alex	ip=unknown-ip-addr	cmd=get_database: default	
2024-04-23T20:52:58,693  INFO [main] parse.CalcitePlanner: Ending caching scope for: 
2024-04-23T20:52:58,693  INFO [main] ql.Driver: Semantic Analysis Completed (retrial = false)
2024-04-23T20:52:58,693  INFO [main] ql.Driver: Created Hive schema: Schema(fieldSchemas:null, properties:null)
2024-04-23T20:52:58,693  INFO [main] metadata.Hive: Dumping metastore api call timing information for : compilation phase
2024-04-23T20:52:58,693  INFO [main] metadata.Hive: Total time spent in each metastore function (ms): {flushCache_()=0, getValidTxns_(long)=0, getDatabase_(String)=2, openTxn_(String, TxnType)=1, isCompatibleWith_(Configuration)=0, getValidWriteIds_(List, String)=2, commitTxn_(CommitTxnRequest)=9}
2024-04-23T20:52:58,693  INFO [main] ql.Driver: Completed compiling command(queryId=alex_20240423205258_d2485133-99bb-4533-abfc-0eb33a0c11f9); Time taken: 0.007 seconds
2024-04-23T20:52:58,694  INFO [main] lockmgr.DbTxnManager: Setting lock request transaction to txnid:11 for queryId=alex_20240423205258_d2485133-99bb-4533-abfc-0eb33a0c11f9
2024-04-23T20:52:58,694  INFO [main] lockmgr.DbLockManager: Requesting lock for queryId=alex_20240423205258_d2485133-99bb-4533-abfc-0eb33a0c11f9
2024-04-23T20:52:58,707  INFO [main] lockmgr.DbLockManager: Response to queryId=alex_20240423205258_d2485133-99bb-4533-abfc-0eb33a0c11f9 LockResponse(lockid:5, state:ACQUIRED)
2024-04-23T20:52:58,708  INFO [main] ql.Driver: Operation CREATETABLE obtained 1 locks
2024-04-23T20:52:58,708  INFO [main] ql.Driver: Executing command(queryId=alex_20240423205258_d2485133-99bb-4533-abfc-0eb33a0c11f9): create temporary  table acidTbl2(a int, b int, c int) clustered by (c) into 2 buckets stored as orc TBLPROPERTIES ('transactional'='true')
2024-04-23T20:52:58,708  INFO [main] ql.Driver: Starting task [Stage-0:DDL] in serial mode
2024-04-23T20:52:58,709  INFO [main] utils.FileUtils: Creating directory if it doesn't exist: file:/home/alex/Repositories/hive/ql/target/tmp/scratchdir/alex/af9f0d40-e19c-4872-af4b-39c2733abb23/_tmp_space.db/e02c521e-b6cc-44b4-a1f3-ac670f4f0ddd
2024-04-23T20:52:58,712  INFO [main] metadata.Hive: Dumping metastore api call timing information for : execution phase
2024-04-23T20:52:58,712  INFO [main] metadata.Hive: Total time spent in each metastore function (ms): {createTable_(Table)=3, isCompatibleWith_(Configuration)=0}
2024-04-23T20:52:58,713  INFO [main] ql.Driver: Completed executing command(queryId=alex_20240423205258_d2485133-99bb-4533-abfc-0eb33a0c11f9); Time taken: 0.004 seconds
2024-04-23T20:52:58,713  INFO [main] lockmgr.DbTxnManager: Stopped heartbeat for query: alex_20240423205258_d2485133-99bb-4533-abfc-0eb33a0c11f9
2024-04-23T20:52:58,716  INFO [main] txn.TxnHandler: Expected to move at least one record from txn_components to completed_txn_components when committing txn! txnid:11
2024-04-23T20:52:58,721  INFO [main] txn.TxnHandler: Removed transactions: ([11]) from MIN_HISTORY_LEVEL
2024-04-23T20:52:58,721  WARN [main] txn.CompactionTxnHandler: No compaction queue record found for Compaction type transaction commit. txnId:11
2024-04-23T20:52:58,722  INFO [main] ql.TxnCommandsBaseForTests: Running the query: create table nonAcidNonBucket(a int, b int) stored as orc TBLPROPERTIES ('transactional'='false')
2024-04-23T20:52:58,722  INFO [main] ql.Driver: Compiling command(queryId=alex_20240423205258_3b8b397a-4cd1-467d-8498-db5e9ea3d22c): create table nonAcidNonBucket(a int, b int) stored as orc TBLPROPERTIES ('transactional'='false')
2024-04-23T20:52:58,724  INFO [main] txn.TxnHandler: Added entries to MIN_HISTORY_LEVEL for current txns: ([12]) with min_open_txn: 1
2024-04-23T20:52:58,725  INFO [main] lockmgr.DbTxnManager: Opened txnid:12
2024-04-23T20:52:58,725  INFO [main] parse.CalcitePlanner: Starting caching scope for: 
2024-04-23T20:52:58,725  INFO [main] parse.CalcitePlanner: Starting Semantic Analysis
2024-04-23T20:52:58,727  INFO [main] parse.CalcitePlanner: Creating table default.nonAcidNonBucket position=13
2024-04-23T20:52:58,728  INFO [main] HiveMetaStore.audit: ugi=alex	ip=unknown-ip-addr	cmd=get_database: default	
2024-04-23T20:52:58,729  INFO [main] parse.CalcitePlanner: Ending caching scope for: 
2024-04-23T20:52:58,729  INFO [main] ql.Driver: Semantic Analysis Completed (retrial = false)
2024-04-23T20:52:58,729  INFO [main] ql.Driver: Created Hive schema: Schema(fieldSchemas:null, properties:null)
2024-04-23T20:52:58,729  INFO [main] metadata.Hive: Dumping metastore api call timing information for : compilation phase
2024-04-23T20:52:58,729  INFO [main] metadata.Hive: Total time spent in each metastore function (ms): {openTxn_(String, TxnType)=2, commitTxn_(CommitTxnRequest)=9, flushCache_()=0, getValidWriteIds_(List, String)=2, getValidTxns_(long)=0, getDatabase_(String)=1, isCompatibleWith_(Configuration)=0}
2024-04-23T20:52:58,730  INFO [main] ql.Driver: Completed compiling command(queryId=alex_20240423205258_3b8b397a-4cd1-467d-8498-db5e9ea3d22c); Time taken: 0.007 seconds
2024-04-23T20:52:58,730  INFO [main] lockmgr.DbTxnManager: Setting lock request transaction to txnid:12 for queryId=alex_20240423205258_3b8b397a-4cd1-467d-8498-db5e9ea3d22c
2024-04-23T20:52:58,730  INFO [main] lockmgr.DbLockManager: Requesting lock for queryId=alex_20240423205258_3b8b397a-4cd1-467d-8498-db5e9ea3d22c
2024-04-23T20:52:58,743  INFO [main] lockmgr.DbLockManager: Response to queryId=alex_20240423205258_3b8b397a-4cd1-467d-8498-db5e9ea3d22c LockResponse(lockid:6, state:ACQUIRED)
2024-04-23T20:52:58,743  INFO [main] ql.Driver: Operation CREATETABLE obtained 1 locks
2024-04-23T20:52:58,743  INFO [main] ql.Driver: Executing command(queryId=alex_20240423205258_3b8b397a-4cd1-467d-8498-db5e9ea3d22c): create table nonAcidNonBucket(a int, b int) stored as orc TBLPROPERTIES ('transactional'='false')
2024-04-23T20:52:58,744  INFO [main] ql.Driver: Starting task [Stage-0:DDL] in serial mode
2024-04-23T20:52:58,745  INFO [main] HiveMetaStore.audit: ugi=alex	ip=unknown-ip-addr	cmd=create_table_req: Table(tableName:nonAcidNonBucket, dbName:default, owner:alex, createTime:1713930778, lastAccessTime:0, retention:0, sd:StorageDescriptor(cols:[FieldSchema(name:a, type:int, comment:null), FieldSchema(name:b, type:int, comment:null)], location:null, inputFormat:org.apache.hadoop.hive.ql.io.orc.OrcInputFormat, outputFormat:org.apache.hadoop.hive.ql.io.orc.OrcOutputFormat, compressed:false, numBuckets:-1, serdeInfo:SerDeInfo(name:null, serializationLib:org.apache.hadoop.hive.ql.io.orc.OrcSerde, parameters:{serialization.format=1}), bucketCols:[], sortCols:[], parameters:{}, skewedInfo:SkewedInfo(skewedColNames:[], skewedColValues:[], skewedColValueLocationMaps:{}), storedAsSubDirectories:false), partitionKeys:[], parameters:{transactional=false, rawDataSize=0, COLUMN_STATS_ACCURATE={"BASIC_STATS":"true","COLUMN_STATS":{"a":"true","b":"true"}}, numRows=0, bucketing_version=2, numFilesErasureCoded=0, totalSize=0, numFiles=0}, viewOriginalText:null, viewExpandedText:null, tableType:MANAGED_TABLE, privileges:PrincipalPrivilegeSet(userPrivileges:{alex=[PrivilegeGrantInfo(privilege:INSERT, createTime:-1, grantor:alex, grantorType:USER, grantOption:true), PrivilegeGrantInfo(privilege:SELECT, createTime:-1, grantor:alex, grantorType:USER, grantOption:true), PrivilegeGrantInfo(privilege:UPDATE, createTime:-1, grantor:alex, grantorType:USER, grantOption:true), PrivilegeGrantInfo(privilege:DELETE, createTime:-1, grantor:alex, grantorType:USER, grantOption:true)]}, groupPrivileges:null, rolePrivileges:null), temporary:false, catName:hive, ownerType:USER)	
2024-04-23T20:52:58,750  INFO [main] utils.FileUtils: Creating directory if it doesn't exist: file:/home/alex/Repositories/hive/ql/target/tmp/org.apache.hadoop.hive.ql.TestTxnNoBuckets-1713930630697/warehouse/nonacidnonbucket
2024-04-23T20:52:58,764  INFO [main] metadata.Hive: Dumping metastore api call timing information for : execution phase
2024-04-23T20:52:58,764  INFO [main] metadata.Hive: Total time spent in each metastore function (ms): {createTable_(Table)=19, isCompatibleWith_(Configuration)=0}
2024-04-23T20:52:58,764  INFO [main] ql.Driver: Completed executing command(queryId=alex_20240423205258_3b8b397a-4cd1-467d-8498-db5e9ea3d22c); Time taken: 0.021 seconds
2024-04-23T20:52:58,764  INFO [main] lockmgr.DbTxnManager: Stopped heartbeat for query: alex_20240423205258_3b8b397a-4cd1-467d-8498-db5e9ea3d22c
2024-04-23T20:52:58,768  INFO [main] txn.TxnHandler: Expected to move at least one record from txn_components to completed_txn_components when committing txn! txnid:12
2024-04-23T20:52:58,774  INFO [main] txn.TxnHandler: Removed transactions: ([12]) from MIN_HISTORY_LEVEL
2024-04-23T20:52:58,774  WARN [main] txn.CompactionTxnHandler: No compaction queue record found for Compaction type transaction commit. txnId:12
2024-04-23T20:52:58,774  INFO [main] ql.TxnCommandsBaseForTests: Running the query: drop table if exists T
2024-04-23T20:52:58,775  INFO [main] ql.Driver: Compiling command(queryId=alex_20240423205258_cfe46810-4ac8-4c0c-8bf9-98ea757be12b): drop table if exists T
2024-04-23T20:52:58,777  INFO [main] txn.TxnHandler: Added entries to MIN_HISTORY_LEVEL for current txns: ([13]) with min_open_txn: 1
2024-04-23T20:52:58,777  INFO [main] lockmgr.DbTxnManager: Opened txnid:13
2024-04-23T20:52:58,778  INFO [main] HiveMetaStore.audit: ugi=alex	ip=unknown-ip-addr	cmd=get_table : tbl=hive.default.T	
2024-04-23T20:52:58,795  INFO [main] metastore.HMSHandler: Skipping translation for processor with null
2024-04-23T20:52:58,795  INFO [main] ql.Driver: Semantic Analysis Completed (retrial = false)
2024-04-23T20:52:58,795  INFO [main] ql.Driver: Created Hive schema: Schema(fieldSchemas:null, properties:null)
2024-04-23T20:52:58,796  INFO [main] metadata.Hive: Dumping metastore api call timing information for : compilation phase
2024-04-23T20:52:58,796  INFO [main] metadata.Hive: Total time spent in each metastore function (ms): {commitTxn_(CommitTxnRequest)=9, openTxn_(String, TxnType)=2, getTable_(GetTableRequest)=17, flushCache_()=0, getValidTxns_(long)=0, isCompatibleWith_(Configuration)=1}
2024-04-23T20:52:58,796  INFO [main] ql.Driver: Completed compiling command(queryId=alex_20240423205258_cfe46810-4ac8-4c0c-8bf9-98ea757be12b); Time taken: 0.021 seconds
2024-04-23T20:52:58,796  INFO [main] lockmgr.DbTxnManager: Setting lock request transaction to txnid:13 for queryId=alex_20240423205258_cfe46810-4ac8-4c0c-8bf9-98ea757be12b
2024-04-23T20:52:58,797  INFO [main] lockmgr.DbLockManager: Requesting lock for queryId=alex_20240423205258_cfe46810-4ac8-4c0c-8bf9-98ea757be12b
2024-04-23T20:52:58,814  INFO [main] lockmgr.DbLockManager: Response to queryId=alex_20240423205258_cfe46810-4ac8-4c0c-8bf9-98ea757be12b LockResponse(lockid:7, state:ACQUIRED)
2024-04-23T20:52:58,814  INFO [main] ql.Driver: Operation DROPTABLE obtained 1 locks
2024-04-23T20:52:58,814  INFO [main] ql.Driver: Executing command(queryId=alex_20240423205258_cfe46810-4ac8-4c0c-8bf9-98ea757be12b): drop table if exists T
2024-04-23T20:52:58,815  INFO [main] ql.Driver: Starting task [Stage-0:DDL] in serial mode
2024-04-23T20:52:58,815  INFO [main] HiveMetaStore.audit: ugi=alex	ip=unknown-ip-addr	cmd=get_table : tbl=hive.default.T	
2024-04-23T20:52:58,821  INFO [main] metastore.HMSHandler: Skipping translation for processor with null
2024-04-23T20:52:58,821  INFO [main] HiveMetaStore.audit: ugi=alex	ip=unknown-ip-addr	cmd=get_table : tbl=hive.default.T	
2024-04-23T20:52:58,828  INFO [main] metastore.HMSHandler: Skipping translation for processor with null
2024-04-23T20:52:58,828  INFO [main] HiveMetaStore.audit: ugi=alex	ip=unknown-ip-addr	cmd=drop_table : tbl=hive.default.T	
2024-04-23T20:52:58,934  WARN [main] utils.FileUtils: File file:/home/alex/Repositories/hive/ql/target/tmp/org.apache.hadoop.hive.ql.TestTxnNoBuckets-1713930630697/warehouse/t does not exist; Force to delete it.
2024-04-23T20:52:58,934 ERROR [main] utils.FileUtils: Failed to delete file:/home/alex/Repositories/hive/ql/target/tmp/org.apache.hadoop.hive.ql.TestTxnNoBuckets-1713930630697/warehouse/t
2024-04-23T20:52:58,935  INFO [main] metadata.Hive: Dumping metastore api call timing information for : execution phase
2024-04-23T20:52:58,935  INFO [main] metadata.Hive: Total time spent in each metastore function (ms): {getTable_(GetTableRequest)=6, dropTable_(String, String, boolean, boolean, boolean)=114, isCompatibleWith_(Configuration)=0}
2024-04-23T20:52:58,935  INFO [main] ql.Driver: Completed executing command(queryId=alex_20240423205258_cfe46810-4ac8-4c0c-8bf9-98ea757be12b); Time taken: 0.121 seconds
2024-04-23T20:52:58,935  INFO [main] lockmgr.DbTxnManager: Stopped heartbeat for query: alex_20240423205258_cfe46810-4ac8-4c0c-8bf9-98ea757be12b
2024-04-23T20:52:58,939  INFO [main] txn.TxnHandler: Expected to move at least one record from txn_components to completed_txn_components when committing txn! txnid:13
2024-04-23T20:52:58,946  INFO [main] txn.TxnHandler: Removed transactions: ([13]) from MIN_HISTORY_LEVEL
2024-04-23T20:52:58,946  WARN [main] txn.CompactionTxnHandler: No compaction queue record found for Compaction type transaction commit. txnId:13
2024-04-23T20:52:58,946  INFO [main] ql.TxnCommandsBaseForTests: Running the query: create table T(a int, b int) stored as orc tblproperties('transactional'='false')
2024-04-23T20:52:58,947  INFO [main] ql.Driver: Compiling command(queryId=alex_20240423205258_a521a0cf-a00e-45e0-8eab-800f9dbf35b6): create table T(a int, b int) stored as orc tblproperties('transactional'='false')
2024-04-23T20:52:58,949  INFO [main] txn.TxnHandler: Added entries to MIN_HISTORY_LEVEL for current txns: ([14]) with min_open_txn: 1
2024-04-23T20:52:58,950  INFO [main] lockmgr.DbTxnManager: Opened txnid:14
2024-04-23T20:52:58,950  INFO [main] parse.CalcitePlanner: Starting caching scope for: 
2024-04-23T20:52:58,950  INFO [main] parse.CalcitePlanner: Starting Semantic Analysis
2024-04-23T20:52:58,956  INFO [main] parse.CalcitePlanner: Creating table default.T position=13
2024-04-23T20:52:58,956  INFO [main] HiveMetaStore.audit: ugi=alex	ip=unknown-ip-addr	cmd=get_database: default	
2024-04-23T20:52:58,958  INFO [main] parse.CalcitePlanner: Ending caching scope for: 
2024-04-23T20:52:58,958  INFO [main] ql.Driver: Semantic Analysis Completed (retrial = false)
2024-04-23T20:52:58,958  INFO [main] ql.Driver: Created Hive schema: Schema(fieldSchemas:null, properties:null)
2024-04-23T20:52:58,958  INFO [main] metadata.Hive: Dumping metastore api call timing information for : compilation phase
2024-04-23T20:52:58,958  INFO [main] metadata.Hive: Total time spent in each metastore function (ms): {commitTxn_(CommitTxnRequest)=11, getValidWriteIds_(List, String)=6, getValidTxns_(long)=0, flushCache_()=0, getDatabase_(String)=2, openTxn_(String, TxnType)=3, isCompatibleWith_(Configuration)=0}
2024-04-23T20:52:58,958  INFO [main] ql.Driver: Completed compiling command(queryId=alex_20240423205258_a521a0cf-a00e-45e0-8eab-800f9dbf35b6); Time taken: 0.011 seconds
2024-04-23T20:52:58,958  INFO [main] lockmgr.DbTxnManager: Setting lock request transaction to txnid:14 for queryId=alex_20240423205258_a521a0cf-a00e-45e0-8eab-800f9dbf35b6
2024-04-23T20:52:58,959  INFO [main] lockmgr.DbLockManager: Requesting lock for queryId=alex_20240423205258_a521a0cf-a00e-45e0-8eab-800f9dbf35b6
2024-04-23T20:52:58,974  INFO [main] lockmgr.DbLockManager: Response to queryId=alex_20240423205258_a521a0cf-a00e-45e0-8eab-800f9dbf35b6 LockResponse(lockid:8, state:ACQUIRED)
2024-04-23T20:52:58,974  INFO [main] ql.Driver: Operation CREATETABLE obtained 1 locks
2024-04-23T20:52:58,974  INFO [main] ql.Driver: Executing command(queryId=alex_20240423205258_a521a0cf-a00e-45e0-8eab-800f9dbf35b6): create table T(a int, b int) stored as orc tblproperties('transactional'='false')
2024-04-23T20:52:58,974  INFO [main] ql.Driver: Starting task [Stage-0:DDL] in serial mode
2024-04-23T20:52:58,975  INFO [main] HiveMetaStore.audit: ugi=alex	ip=unknown-ip-addr	cmd=create_table_req: Table(tableName:T, dbName:default, owner:alex, createTime:1713930778, lastAccessTime:0, retention:0, sd:StorageDescriptor(cols:[FieldSchema(name:a, type:int, comment:null), FieldSchema(name:b, type:int, comment:null)], location:null, inputFormat:org.apache.hadoop.hive.ql.io.orc.OrcInputFormat, outputFormat:org.apache.hadoop.hive.ql.io.orc.OrcOutputFormat, compressed:false, numBuckets:-1, serdeInfo:SerDeInfo(name:null, serializationLib:org.apache.hadoop.hive.ql.io.orc.OrcSerde, parameters:{serialization.format=1}), bucketCols:[], sortCols:[], parameters:{}, skewedInfo:SkewedInfo(skewedColNames:[], skewedColValues:[], skewedColValueLocationMaps:{}), storedAsSubDirectories:false), partitionKeys:[], parameters:{totalSize=0, numFilesErasureCoded=0, bucketing_version=2, rawDataSize=0, COLUMN_STATS_ACCURATE={"BASIC_STATS":"true","COLUMN_STATS":{"a":"true","b":"true"}}, transactional=false, numFiles=0, numRows=0}, viewOriginalText:null, viewExpandedText:null, tableType:MANAGED_TABLE, privileges:PrincipalPrivilegeSet(userPrivileges:{alex=[PrivilegeGrantInfo(privilege:INSERT, createTime:-1, grantor:alex, grantorType:USER, grantOption:true), PrivilegeGrantInfo(privilege:SELECT, createTime:-1, grantor:alex, grantorType:USER, grantOption:true), PrivilegeGrantInfo(privilege:UPDATE, createTime:-1, grantor:alex, grantorType:USER, grantOption:true), PrivilegeGrantInfo(privilege:DELETE, createTime:-1, grantor:alex, grantorType:USER, grantOption:true)]}, groupPrivileges:null, rolePrivileges:null), temporary:false, catName:hive, ownerType:USER)	
2024-04-23T20:52:58,982  INFO [main] utils.FileUtils: Creating directory if it doesn't exist: file:/home/alex/Repositories/hive/ql/target/tmp/org.apache.hadoop.hive.ql.TestTxnNoBuckets-1713930630697/warehouse/t
2024-04-23T20:52:59,020  INFO [main] metadata.Hive: Dumping metastore api call timing information for : execution phase
2024-04-23T20:52:59,020  INFO [main] metadata.Hive: Total time spent in each metastore function (ms): {isCompatibleWith_(Configuration)=0, createTable_(Table)=44}
2024-04-23T20:52:59,020  INFO [main] ql.Driver: Completed executing command(queryId=alex_20240423205258_a521a0cf-a00e-45e0-8eab-800f9dbf35b6); Time taken: 0.046 seconds
2024-04-23T20:52:59,020  INFO [main] lockmgr.DbTxnManager: Stopped heartbeat for query: alex_20240423205258_a521a0cf-a00e-45e0-8eab-800f9dbf35b6
2024-04-23T20:52:59,024  INFO [main] txn.TxnHandler: Expected to move at least one record from txn_components to completed_txn_components when committing txn! txnid:14
2024-04-23T20:52:59,030  INFO [main] txn.TxnHandler: Removed transactions: ([14]) from MIN_HISTORY_LEVEL
2024-04-23T20:52:59,030  WARN [main] txn.CompactionTxnHandler: No compaction queue record found for Compaction type transaction commit. txnId:14
2024-04-23T20:52:59,031  INFO [main] ql.TxnCommandsBaseForTests: Running the query: insert into T(a, b)  values(1,2),(2,4),(5,6),(6,8),(9,10)
2024-04-23T20:52:59,032  INFO [main] ql.Driver: Compiling command(queryId=alex_20240423205259_cf145f85-7d29-47eb-acaa-2a048a7f384c): insert into T(a, b)  values(1,2),(2,4),(5,6),(6,8),(9,10)
2024-04-23T20:52:59,034  INFO [main] txn.TxnHandler: Added entries to MIN_HISTORY_LEVEL for current txns: ([15]) with min_open_txn: 1
2024-04-23T20:52:59,034  INFO [main] lockmgr.DbTxnManager: Opened txnid:15
2024-04-23T20:52:59,035  INFO [main] parse.CalcitePlanner: Starting caching scope for: 
2024-04-23T20:52:59,035  INFO [main] parse.CalcitePlanner: Starting Semantic Analysis
2024-04-23T20:52:59,037  INFO [main] HiveMetaStore.audit: ugi=alex	ip=unknown-ip-addr	cmd=get_table : tbl=hive.default.T	
2024-04-23T20:52:59,066  INFO [main] metastore.HMSHandler: Skipping translation for processor with null
2024-04-23T20:52:59,066  INFO [main] parse.CalcitePlanner: Completed phase 1 of Semantic Analysis
2024-04-23T20:52:59,066  INFO [main] parse.CalcitePlanner: Get metadata for source tables
2024-04-23T20:52:59,066  INFO [main] parse.CalcitePlanner: Get metadata for subqueries
2024-04-23T20:52:59,066  INFO [main] parse.CalcitePlanner: Get metadata for destination tables
2024-04-23T20:52:59,066  INFO [main] HiveMetaStore.audit: ugi=alex	ip=unknown-ip-addr	cmd=get_table : tbl=hive.default.T	
2024-04-23T20:52:59,075  INFO [main] metastore.HMSHandler: Skipping translation for processor with null
2024-04-23T20:52:59,075  INFO [main] parse.CalcitePlanner: Completed getting MetaData in Semantic Analysis
2024-04-23T20:52:59,075  INFO [main] parse.CalcitePlanner: Disabling LLAP IO encode as ETL query is detected
2024-04-23T20:52:59,096  INFO [main] HiveMetaStore.audit: ugi=alex	ip=unknown-ip-addr	cmd=get_all_table_constraints : tbl=hive._dummy_database._dummy_table	
2024-04-23T20:52:59,164  INFO [main] parse.CalcitePlanner: Get metadata for source tables
2024-04-23T20:52:59,164  INFO [main] parse.CalcitePlanner: Get metadata for subqueries
2024-04-23T20:52:59,164  INFO [main] parse.CalcitePlanner: Get metadata for source tables
2024-04-23T20:52:59,165  INFO [main] HiveMetaStore.audit: ugi=alex	ip=unknown-ip-addr	cmd=get_table : tbl=hive._dummy_database._dummy_table	
2024-04-23T20:52:59,167  INFO [main] parse.CalcitePlanner: Get metadata for subqueries
2024-04-23T20:52:59,167  INFO [main] parse.CalcitePlanner: Get metadata for destination tables
2024-04-23T20:52:59,167  INFO [main] parse.CalcitePlanner: Get metadata for destination tables
2024-04-23T20:52:59,167  INFO [main] HiveMetaStore.audit: ugi=alex	ip=unknown-ip-addr	cmd=get_table : tbl=hive.default.T	
2024-04-23T20:52:59,176  INFO [main] metastore.HMSHandler: Skipping translation for processor with null
2024-04-23T20:52:59,179  INFO [main] common.FileUtils: Creating directory if it doesn't exist: file:/home/alex/Repositories/hive/ql/target/tmp/org.apache.hadoop.hive.ql.TestTxnNoBuckets-1713930630697/warehouse/t/.hive-staging_hive_2024-04-23_20-52-59_031_4622924647962174254-1
2024-04-23T20:52:59,181  INFO [main] HiveMetaStore.audit: ugi=alex	ip=unknown-ip-addr	cmd=get_not_null_constraints : tbl=hive.default.t	
2024-04-23T20:52:59,183  INFO [main] HiveMetaStore.audit: ugi=alex	ip=unknown-ip-addr	cmd=get_check_constraints : tbl=hive.default.t	
2024-04-23T20:52:59,184  INFO [main] parse.CalcitePlanner: CBO Succeeded; optimized logical plan.
2024-04-23T20:52:59,187  INFO [main] optimizer.BucketVersionPopulator: not considering bucketingVersion for: TS[0] because it has -1<2 buckets 
2024-04-23T20:52:59,187  INFO [main] optimizer.SortedDynPartitionOptimizer: Sorted dynamic partitioning optimization kicked in..
2024-04-23T20:52:59,195  INFO [main] HiveMetaStore.audit: ugi=alex	ip=unknown-ip-addr	cmd=get_table : tbl=hive.default.t	
2024-04-23T20:52:59,205  INFO [main] metastore.HMSHandler: Skipping translation for processor with null
2024-04-23T20:52:59,206  INFO [main] optimizer.GenMRFileSink1: using CombineHiveInputformat for the merge job
2024-04-23T20:52:59,206  INFO [main] HiveMetaStore.audit: ugi=alex	ip=unknown-ip-addr	cmd=get_table : tbl=hive.default.t	
2024-04-23T20:52:59,215  INFO [main] metastore.HMSHandler: Skipping translation for processor with null
2024-04-23T20:52:59,217  INFO [main] physical.Vectorizer: Examining input format to see if vectorization is enabled.
2024-04-23T20:52:59,217  INFO [main] physical.Vectorizer: Map vectorization enabled: false
2024-04-23T20:52:59,217  INFO [main] physical.Vectorizer: Map vectorized: false
2024-04-23T20:52:59,217  INFO [main] physical.Vectorizer: Map vectorizedVertexNum: 0
2024-04-23T20:52:59,217  INFO [main] physical.Vectorizer: Map enabledConditionsMet: [hive.vectorized.use.vectorized.input.format IS true]
2024-04-23T20:52:59,217  INFO [main] physical.Vectorizer: Map enabledConditionsNotMet: [Could not enable vectorization due to partition column names size 1 is greater than the number of table column names size 0 IS false]
2024-04-23T20:52:59,217  INFO [main] physical.Vectorizer: Map inputFileFormatClassNameSet: [org.apache.hadoop.hive.ql.io.NullRowsInputFormat]
2024-04-23T20:52:59,218  INFO [main] parse.CalcitePlanner: Completed plan generation
2024-04-23T20:52:59,218  INFO [main] parse.CalcitePlanner: Ending caching scope for: 
2024-04-23T20:52:59,218  INFO [main] ql.Driver: Semantic Analysis Completed (retrial = false)
2024-04-23T20:52:59,218  INFO [main] ql.Driver: Created Hive schema: Schema(fieldSchemas:[FieldSchema(name:_col0, type:int, comment:null), FieldSchema(name:_col1, type:int, comment:null)], properties:null)
2024-04-23T20:52:59,218  INFO [main] metadata.Hive: Dumping metastore api call timing information for : compilation phase
2024-04-23T20:52:59,218  INFO [main] metadata.Hive: Total time spent in each metastore function (ms): {getValidWriteIds_(List, String)=3, openTxn_(String, TxnType)=2, getNotNullConstraints_(NotNullConstraintsRequest)=2, commitTxn_(CommitTxnRequest)=11, getCheckConstraints_(CheckConstraintsRequest)=1, flushCache_()=0, getValidTxns_(long)=1, getTable_(GetTableRequest)=67, getAllTableConstraints_(AllTableConstraintsRequest)=26, isCompatibleWith_(Configuration)=0}
2024-04-23T20:52:59,218  INFO [main] ql.Driver: Completed compiling command(queryId=alex_20240423205259_cf145f85-7d29-47eb-acaa-2a048a7f384c); Time taken: 0.186 seconds
2024-04-23T20:52:59,218  INFO [main] lockmgr.DbTxnManager: Setting lock request transaction to txnid:15 for queryId=alex_20240423205259_cf145f85-7d29-47eb-acaa-2a048a7f384c
2024-04-23T20:52:59,218  INFO [main] lockmgr.DbLockManager: Requesting lock for queryId=alex_20240423205259_cf145f85-7d29-47eb-acaa-2a048a7f384c
2024-04-23T20:52:59,234  INFO [main] lockmgr.DbLockManager: Response to queryId=alex_20240423205259_cf145f85-7d29-47eb-acaa-2a048a7f384c LockResponse(lockid:9, state:ACQUIRED)
2024-04-23T20:52:59,234  INFO [main] ql.Driver: Operation QUERY obtained 1 locks
2024-04-23T20:52:59,235  INFO [main] ql.Driver: Executing command(queryId=alex_20240423205259_cf145f85-7d29-47eb-acaa-2a048a7f384c): insert into T(a, b)  values(1,2),(2,4),(5,6),(6,8),(9,10)
2024-04-23T20:52:59,236  WARN [main] ql.Driver: Hive-on-MR is deprecated in Hive 2 and may not be available in the future versions. Consider using a different execution engine (i.e. spark, tez) or using Hive 1.X releases.
Query ID = alex_20240423205259_cf145f85-7d29-47eb-acaa-2a048a7f384c
2024-04-23T20:52:59,236  INFO [main] ql.Driver: Query ID = alex_20240423205259_cf145f85-7d29-47eb-acaa-2a048a7f384c
Total jobs = 1
2024-04-23T20:52:59,236  INFO [main] ql.Driver: Total jobs = 1
Launching Job 1 out of 1
2024-04-23T20:52:59,236  INFO [main] ql.Driver: Launching Job 1 out of 1
2024-04-23T20:52:59,376  INFO [main] ql.Driver: Starting task [Stage-1:MAPRED] in serial mode
Number of reduce tasks is set to 0 since there's no reduce operator
2024-04-23T20:52:59,376  INFO [main] exec.Task: Number of reduce tasks is set to 0 since there's no reduce operator
2024-04-23T20:52:59,379  INFO [main] mr.ExecDriver: Using org.apache.hadoop.hive.ql.io.HiveInputFormat
2024-04-23T20:52:59,379  INFO [main] exec.Utilities: Processing alias $hdt$_0:_dummy_table
2024-04-23T20:52:59,379  INFO [main] exec.Utilities: Adding 1 inputs; the first input is file:/home/alex/Repositories/hive/ql/target/tmp/localscratchdir/af9f0d40-e19c-4872-af4b-39c2733abb23/hive_2024-04-23_20-52-59_031_4622924647962174254-1/dummy_path
2024-04-23T20:52:59,388  INFO [main] exec.SerializationUtilities: Serializing MapWork using kryo
2024-04-23T20:52:59,389  INFO [main] exec.Utilities: Serialized plan (via FILE) - name: null size: 6,13KB
2024-04-23T20:52:59,390  WARN [main] impl.MetricsSystemImpl: JobTracker metrics system already initialized!
2024-04-23T20:52:59,394  INFO [main] fs.FSStatsPublisher: created : file:/home/alex/Repositories/hive/ql/target/tmp/localscratchdir/af9f0d40-e19c-4872-af4b-39c2733abb23/hive_2024-04-23_20-52-59_031_4622924647962174254-1/-mr-10001
2024-04-23T20:52:59,398  WARN [main] impl.MetricsSystemImpl: JobTracker metrics system already initialized!
2024-04-23T20:52:59,405  WARN [main] mapreduce.JobResourceUploader: Hadoop command-line option parsing not performed. Implement the Tool interface and execute your application with ToolRunner to remedy this.
2024-04-23T20:52:59,409  WARN [main] mapreduce.JobResourceUploader: No job jar file set.  User classes may not be found. See Job or Job#setJar(String).
2024-04-23T20:52:59,410  INFO [main] io.HiveInputFormat: hive.io.file.readcolumn.ids = 
2024-04-23T20:52:59,410  INFO [main] io.HiveInputFormat: hive.io.file.readcolumn.names = 
2024-04-23T20:52:59,410  INFO [main] io.HiveInputFormat: Generating splits for dirs: file:/home/alex/Repositories/hive/ql/target/tmp/localscratchdir/af9f0d40-e19c-4872-af4b-39c2733abb23/hive_2024-04-23_20-52-59_031_4622924647962174254-1/dummy_path
2024-04-23T20:52:59,410  INFO [main] io.HiveInputFormat: number of splits 1
2024-04-23T20:52:59,426  INFO [main] mapreduce.JobSubmitter: number of splits:1
2024-04-23T20:52:59,445  INFO [main] mapreduce.JobSubmitter: Submitting tokens for job: job_local2112063152_0066
2024-04-23T20:52:59,445  INFO [main] mapreduce.JobSubmitter: Executing with tokens: []
2024-04-23T20:52:59,504  INFO [main] mapreduce.Job: The url to track the job: http://localhost:8080/
Job running in-process (local Hadoop)
2024-04-23T20:52:59,505  INFO [main] exec.Task: Job running in-process (local Hadoop)
2024-04-23T20:52:59,505  INFO [Thread-4335] mapred.LocalJobRunner: OutputCommitter set in config org.apache.hadoop.hive.ql.io.HiveFileFormatUtils$NullOutputCommitter
2024-04-23T20:52:59,505  INFO [Thread-4335] mapred.LocalJobRunner: OutputCommitter is org.apache.hadoop.hive.ql.io.HiveFileFormatUtils$NullOutputCommitter
2024-04-23T20:52:59,507  INFO [Thread-4335] mapred.LocalJobRunner: Waiting for map tasks
2024-04-23T20:52:59,507  INFO [LocalJobRunner Map Task Executor #0] mapred.LocalJobRunner: Starting task: attempt_local2112063152_0066_m_000000_0
2024-04-23T20:52:59,510  INFO [LocalJobRunner Map Task Executor #0] mapred.Task:  Using ResourceCalculatorProcessTree : [ ]
2024-04-23T20:52:59,510  INFO [LocalJobRunner Map Task Executor #0] mapred.MapTask: Processing split: org.apache.hadoop.hive.ql.io.NullRowsInputFormat:file:/home/alex/Repositories/hive/ql/target/tmp/localscratchdir/af9f0d40-e19c-4872-af4b-39c2733abb23/hive_2024-04-23_20-52-59_031_4622924647962174254-1/dummy_path/null:0+1
2024-04-23T20:52:59,512  INFO [LocalJobRunner Map Task Executor #0] exec.SerializationUtilities: Deserializing MapWork using kryo
2024-04-23T20:52:59,512  INFO [LocalJobRunner Map Task Executor #0] exec.Utilities: Deserialized plan (via FILE) - name: null size: 6,13KB
2024-04-23T20:52:59,513  INFO [LocalJobRunner Map Task Executor #0] mapred.MapTask: numReduceTasks: 0
2024-04-23T20:52:59,515  INFO [LocalJobRunner Map Task Executor #0] exec.MapOperator: Initializing Operator: MAP[0]
2024-04-23T20:52:59,515  INFO [LocalJobRunner Map Task Executor #0] mr.ExecMapper: 
<MAP>Id =0
  <Children>null
  <\Children>
  <Parent><\Parent>
<\MAP>
2024-04-23T20:52:59,516  INFO [LocalJobRunner Map Task Executor #0] exec.TableScanOperator: Initializing Operator: TS[0]
2024-04-23T20:52:59,516  INFO [LocalJobRunner Map Task Executor #0] exec.SelectOperator: Initializing Operator: SEL[1]
2024-04-23T20:52:59,516  INFO [LocalJobRunner Map Task Executor #0] exec.SelectOperator: SELECT null
2024-04-23T20:52:59,516  INFO [LocalJobRunner Map Task Executor #0] exec.UDTFOperator: Initializing Operator: UDTF[2]
2024-04-23T20:52:59,516  INFO [LocalJobRunner Map Task Executor #0] exec.SelectOperator: Initializing Operator: SEL[3]
2024-04-23T20:52:59,516  INFO [LocalJobRunner Map Task Executor #0] exec.SelectOperator: SELECT struct<col1:int,col2:int>
2024-04-23T20:52:59,516  INFO [LocalJobRunner Map Task Executor #0] exec.FileSinkOperator: Initializing Operator: FS[4]
2024-04-23T20:52:59,517  INFO [LocalJobRunner Map Task Executor #0] exec.FileSinkOperator: Using serializer : AbstractSerDe [log=org.apache.logging.slf4j.Log4jLogger@4aa280a, configuration=Optional[Configuration: core-default.xml, core-site.xml, mapred-default.xml, mapred-site.xml, yarn-default.xml, yarn-site.xml, hdfs-default.xml, hdfs-site.xml, file:/home/alex/Repositories/hive/ql/target/tmp/TestTxnNoBucketsVectorized/mapred/local/localRunner/alex/job_local2112063152_0066/job_local2112063152_0066.xml], properties={name=default.t, columns.types=int:int, serialization.format=1, columns=a,b, numFilesErasureCoded=0, columns.comments=&amp#0;, bucketing_version=2, serialization.lib=org.apache.hadoop.hive.ql.io.orc.OrcSerde, file.inputformat=org.apache.hadoop.hive.ql.io.orc.OrcInputFormat, file.outputformat=org.apache.hadoop.hive.ql.io.orc.OrcOutputFormat, location=file:/home/alex/Repositories/hive/ql/target/tmp/org.apache.hadoop.hive.ql.TestTxnNoBuckets-1713930630697/warehouse/t, column.name.delimiter=,}, tableProperties={name=default.t, columns.types=int:int, serialization.format=1, columns=a,b, numFilesErasureCoded=0, columns.comments=&amp#0;, bucketing_version=2, serialization.lib=org.apache.hadoop.hive.ql.io.orc.OrcSerde, file.inputformat=org.apache.hadoop.hive.ql.io.orc.OrcInputFormat, location=file:/home/alex/Repositories/hive/ql/target/tmp/org.apache.hadoop.hive.ql.TestTxnNoBuckets-1713930630697/warehouse/t, file.outputformat=org.apache.hadoop.hive.ql.io.orc.OrcOutputFormat, column.name.delimiter=,}, partitionProperties=Optional.empty, columnNames=[a, b], columnTypes=[int, int], getClass()=class org.apache.hadoop.hive.ql.io.orc.OrcSerde] and formatter : org.apache.hadoop.hive.ql.io.orc.OrcOutputFormat@4ef321a7
2024-04-23T20:52:59,517  INFO [LocalJobRunner Map Task Executor #0] exec.FileSinkOperator: Final Path: FS file:/home/alex/Repositories/hive/ql/target/tmp/org.apache.hadoop.hive.ql.TestTxnNoBuckets-1713930630697/warehouse/t/.hive-staging_hive_2024-04-23_20-52-59_031_4622924647962174254-1/_tmp.-ext-10002/000000_0
2024-04-23T20:52:59,517  INFO [LocalJobRunner Map Task Executor #0] exec.FileSinkOperator: Writing to temp file: FS file:/home/alex/Repositories/hive/ql/target/tmp/org.apache.hadoop.hive.ql.TestTxnNoBuckets-1713930630697/warehouse/t/.hive-staging_hive_2024-04-23_20-52-59_031_4622924647962174254-1/_task_tmp.-ext-10002/_tmp.000000_0
2024-04-23T20:52:59,517  INFO [LocalJobRunner Map Task Executor #0] exec.FileSinkOperator: New Final Path: FS file:/home/alex/Repositories/hive/ql/target/tmp/org.apache.hadoop.hive.ql.TestTxnNoBuckets-1713930630697/warehouse/t/.hive-staging_hive_2024-04-23_20-52-59_031_4622924647962174254-1/_tmp.-ext-10002/000000_0
2024-04-23T20:52:59,519  INFO [LocalJobRunner Map Task Executor #0] exec.FileSinkOperator: FS[4]: records written - 1
2024-04-23T20:52:59,519  INFO [LocalJobRunner Map Task Executor #0] impl.PhysicalFsWriter: ORC writer created for path: file:/home/alex/Repositories/hive/ql/target/tmp/org.apache.hadoop.hive.ql.TestTxnNoBuckets-1713930630697/warehouse/t/.hive-staging_hive_2024-04-23_20-52-59_031_4622924647962174254-1/_task_tmp.-ext-10002/_tmp.000000_0 with stripeSize: 67108864 blockSize: 268435456 compression: Compress: ZLIB buffer: 262144
2024-04-23T20:52:59,526  INFO [LocalJobRunner Map Task Executor #0] impl.WriterImpl: ORC writer created for path: file:/home/alex/Repositories/hive/ql/target/tmp/org.apache.hadoop.hive.ql.TestTxnNoBuckets-1713930630697/warehouse/t/.hive-staging_hive_2024-04-23_20-52-59_031_4622924647962174254-1/_task_tmp.-ext-10002/_tmp.000000_0 with stripeSize: 67108864 options: Compress: ZLIB buffer: 262144
2024-04-23T20:52:59,526  INFO [LocalJobRunner Map Task Executor #0] exec.MapOperator: MAP[0]: records read - 1
2024-04-23T20:52:59,526  INFO [LocalJobRunner Map Task Executor #0] exec.MapOperator: Closing Operator: MAP[0]
2024-04-23T20:52:59,526  INFO [LocalJobRunner Map Task Executor #0] exec.MapOperator: MAP[0]: Total records read - 3. abort - false
2024-04-23T20:52:59,526  INFO [LocalJobRunner Map Task Executor #0] exec.MapOperator: DESERIALIZE_ERRORS:0, RECORDS_OUT_INTERMEDIATE:0, RECORDS_OUT_OPERATOR_MAP_0:0, RECORDS_IN:3, 
2024-04-23T20:52:59,527  INFO [LocalJobRunner Map Task Executor #0] exec.TableScanOperator: Closing Operator: TS[0]
2024-04-23T20:52:59,527  INFO [LocalJobRunner Map Task Executor #0] exec.TableScanOperator: RECORDS_OUT_INTERMEDIATE:0, RECORDS_OUT_OPERATOR_TS_0:1, 
2024-04-23T20:52:59,527  INFO [LocalJobRunner Map Task Executor #0] exec.SelectOperator: Closing Operator: SEL[1]
2024-04-23T20:52:59,527  INFO [LocalJobRunner Map Task Executor #0] exec.SelectOperator: RECORDS_OUT_OPERATOR_SEL_1:1, RECORDS_OUT_INTERMEDIATE:0, 
2024-04-23T20:52:59,527  INFO [LocalJobRunner Map Task Executor #0] exec.UDTFOperator: Closing Operator: UDTF[2]
2024-04-23T20:52:59,527  INFO [LocalJobRunner Map Task Executor #0] exec.UDTFOperator: RECORDS_OUT_INTERMEDIATE:0, RECORDS_OUT_OPERATOR_UDTF_2:5, 
2024-04-23T20:52:59,527  INFO [LocalJobRunner Map Task Executor #0] exec.SelectOperator: Closing Operator: SEL[3]
2024-04-23T20:52:59,527  INFO [LocalJobRunner Map Task Executor #0] exec.SelectOperator: RECORDS_OUT_OPERATOR_SEL_3:5, RECORDS_OUT_INTERMEDIATE:0, 
2024-04-23T20:52:59,527  INFO [LocalJobRunner Map Task Executor #0] exec.FileSinkOperator: Closing Operator: FS[4]
2024-04-23T20:52:59,527  INFO [LocalJobRunner Map Task Executor #0] exec.FileSinkOperator: FS[4]: records written - 5
2024-04-23T20:52:59,533  INFO [LocalJobRunner Map Task Executor #0] exec.FileSinkOperator: RECORDS_OUT_OPERATOR_FS_4:5, RECORDS_OUT_INTERMEDIATE:0, TOTAL_TABLE_ROWS_WRITTEN:5, RECORDS_OUT_1_default.t:5, 
2024-04-23T20:52:59,534  INFO [LocalJobRunner Map Task Executor #0] mapred.LocalJobRunner: 
2024-04-23T20:52:59,536  INFO [LocalJobRunner Map Task Executor #0] mapred.Task: Task:attempt_local2112063152_0066_m_000000_0 is done. And is in the process of committing
2024-04-23T20:52:59,537  INFO [LocalJobRunner Map Task Executor #0] mapred.LocalJobRunner: map
2024-04-23T20:52:59,537  INFO [LocalJobRunner Map Task Executor #0] mapred.Task: Task 'attempt_local2112063152_0066_m_000000_0' done.
2024-04-23T20:52:59,537  INFO [LocalJobRunner Map Task Executor #0] mapred.Task: Final Counters for attempt_local2112063152_0066_m_000000_0: Counters: 27
	File System Counters
		FILE: Number of bytes read=1598348
		FILE: Number of bytes written=79403422
		FILE: Number of read operations=0
		FILE: Number of large read operations=0
		FILE: Number of write operations=0
	Map-Reduce Framework
		Map input records=4
		Map output records=0
		Input split bytes=361
		Spilled Records=0
		Failed Shuffles=0
		Merged Map outputs=0
		GC time elapsed (ms)=0
		Total committed heap usage (bytes)=1209532416
	HIVE
		CREATED_FILES=1
		DESERIALIZE_ERRORS=0
		RECORDS_IN=3
		RECORDS_OUT_1_default.t=5
		RECORDS_OUT_INTERMEDIATE=0
		RECORDS_OUT_OPERATOR_FS_4=5
		RECORDS_OUT_OPERATOR_MAP_0=0
		RECORDS_OUT_OPERATOR_SEL_1=1
		RECORDS_OUT_OPERATOR_SEL_3=5
		RECORDS_OUT_OPERATOR_TS_0=1
		RECORDS_OUT_OPERATOR_UDTF_2=5
		TOTAL_TABLE_ROWS_WRITTEN=5
	File Input Format Counters 
		Bytes Read=6187
	File Output Format Counters 
		Bytes Written=0
2024-04-23T20:52:59,537  INFO [LocalJobRunner Map Task Executor #0] mapred.LocalJobRunner: Finishing task: attempt_local2112063152_0066_m_000000_0
2024-04-23T20:52:59,537  INFO [Thread-4335] mapred.LocalJobRunner: map task executor complete.
2024-04-23 20:53:00,506 Stage-1 map = 100%,  reduce = 0%
2024-04-23T20:53:00,507  INFO [main] exec.Task: 2024-04-23 20:53:00,506 Stage-1 map = 100%,  reduce = 0%
Ended Job = job_local2112063152_0066
2024-04-23T20:53:00,508  INFO [main] exec.Task: Ended Job = job_local2112063152_0066
2024-04-23T20:53:00,511  INFO [main] ql.Driver: Starting task [Stage-7:CONDITIONAL] in serial mode
Stage-4 is selected by condition resolver.
2024-04-23T20:53:00,511  INFO [main] exec.Task: Stage-4 is selected by condition resolver.
Stage-3 is filtered out by condition resolver.
2024-04-23T20:53:00,511  INFO [main] exec.Task: Stage-3 is filtered out by condition resolver.
Stage-5 is filtered out by condition resolver.
2024-04-23T20:53:00,511  INFO [main] exec.Task: Stage-5 is filtered out by condition resolver.
2024-04-23T20:53:00,511  INFO [main] ql.Driver: Starting task [Stage-4:MOVE] in serial mode
Moving data to directory file:/home/alex/Repositories/hive/ql/target/tmp/org.apache.hadoop.hive.ql.TestTxnNoBuckets-1713930630697/warehouse/t/.hive-staging_hive_2024-04-23_20-52-59_031_4622924647962174254-1/-ext-10000
2024-04-23T20:53:00,512  INFO [main] exec.Task: Moving data to directory file:/home/alex/Repositories/hive/ql/target/tmp/org.apache.hadoop.hive.ql.TestTxnNoBuckets-1713930630697/warehouse/t/.hive-staging_hive_2024-04-23_20-52-59_031_4622924647962174254-1/-ext-10000 from file:/home/alex/Repositories/hive/ql/target/tmp/org.apache.hadoop.hive.ql.TestTxnNoBuckets-1713930630697/warehouse/t/.hive-staging_hive_2024-04-23_20-52-59_031_4622924647962174254-1/-ext-10002
2024-04-23T20:53:00,512  INFO [main] ql.Driver: Starting task [Stage-0:MOVE] in serial mode
Loading data to table default.t
2024-04-23T20:53:00,512  INFO [main] exec.Task: Loading data to table default.t from file:/home/alex/Repositories/hive/ql/target/tmp/org.apache.hadoop.hive.ql.TestTxnNoBuckets-1713930630697/warehouse/t/.hive-staging_hive_2024-04-23_20-52-59_031_4622924647962174254-1/-ext-10000
2024-04-23T20:53:00,512  INFO [main] HiveMetaStore.audit: ugi=alex	ip=unknown-ip-addr	cmd=get_table : tbl=hive.default.t	
2024-04-23T20:53:00,521  INFO [main] metastore.HMSHandler: Skipping translation for processor with null
2024-04-23T20:53:00,521  INFO [main] HiveMetaStore.audit: ugi=alex	ip=unknown-ip-addr	cmd=get_table : tbl=hive.default.t	
2024-04-23T20:53:00,529  INFO [main] metastore.HMSHandler: Skipping translation for processor with null
2024-04-23T20:53:00,531  WARN [main] metadata.Hive: Cannot get a table snapshot for t
2024-04-23T20:53:00,531  INFO [main] HiveMetaStore.audit: ugi=alex	ip=unknown-ip-addr	cmd=alter_table: hive.default.t newtbl=t	
2024-04-23T20:53:00,556  INFO [main] ql.Driver: Starting task [Stage-2:STATS] in serial mode
2024-04-23T20:53:00,556  INFO [main] HiveMetaStore.audit: ugi=alex	ip=unknown-ip-addr	cmd=get_table : tbl=hive.default.t	
2024-04-23T20:53:00,564  INFO [main] metastore.HMSHandler: Skipping translation for processor with null
2024-04-23T20:53:00,564  INFO [main] stats.BasicStatsTask: Executing stats task
2024-04-23T20:53:00,565  INFO [main] fs.FSStatsPublisher: created : file:/home/alex/Repositories/hive/ql/target/tmp/localscratchdir/af9f0d40-e19c-4872-af4b-39c2733abb23/hive_2024-04-23_20-52-59_031_4622924647962174254-1/-mr-10001
2024-04-23T20:53:00,566  INFO [main] HiveMetaStore.audit: ugi=alex	ip=unknown-ip-addr	cmd=get_table : tbl=hive.default.t	
2024-04-23T20:53:00,574  INFO [main] metastore.HMSHandler: Skipping translation for processor with null
2024-04-23T20:53:00,575  INFO [main] FileOperations: Read stats for default.t/, numRows, true, 5, false: 
2024-04-23T20:53:00,575  INFO [main] FileOperations: Read stats for default.t/, rawDataSize, true, 40, false: 
2024-04-23T20:53:00,575  WARN [main] metadata.Hive: Cannot get a table snapshot for t
2024-04-23T20:53:00,575  INFO [main] HiveMetaStore.audit: ugi=alex	ip=unknown-ip-addr	cmd=alter_table: hive.default.t newtbl=t	
2024-04-23T20:53:00,598  INFO [main] stats.BasicStatsTask: Table default.t stats: [numFiles=1, numRows=5, totalSize=259, rawDataSize=40, numFilesErasureCoded=0]
2024-04-23T20:53:00,598  INFO [main] metadata.Hive: Dumping metastore api call timing information for : execution phase
2024-04-23T20:53:00,599  INFO [main] metadata.Hive: Total time spent in each metastore function (ms): {isCompatibleWith_(Configuration)=0, alter_table_(String, String, String, Table, EnvironmentContext, String)=48, getTable_(GetTableRequest)=34}
MapReduce Jobs Launched: 
2024-04-23T20:53:00,599  INFO [main] ql.Driver: MapReduce Jobs Launched: 
Stage-Stage-1:  HDFS Read: 0 HDFS Write: 0 SUCCESS
2024-04-23T20:53:00,599  INFO [main] ql.Driver: Stage-Stage-1:  HDFS Read: 0 HDFS Write: 0 SUCCESS
Total MapReduce CPU Time Spent: 0 msec
2024-04-23T20:53:00,599  INFO [main] ql.Driver: Total MapReduce CPU Time Spent: 0 msec
2024-04-23T20:53:00,599  INFO [main] ql.Driver: Completed executing command(queryId=alex_20240423205259_cf145f85-7d29-47eb-acaa-2a048a7f384c); Time taken: 1.364 seconds
2024-04-23T20:53:00,599  INFO [main] lockmgr.DbTxnManager: Stopped heartbeat for query: alex_20240423205259_cf145f85-7d29-47eb-acaa-2a048a7f384c
2024-04-23T20:53:00,603  INFO [main] txn.TxnHandler: Expected to move at least one record from txn_components to completed_txn_components when committing txn! txnid:15
2024-04-23T20:53:00,608  INFO [main] txn.TxnHandler: Removed transactions: ([15]) from MIN_HISTORY_LEVEL
2024-04-23T20:53:00,608  WARN [main] txn.CompactionTxnHandler: No compaction queue record found for Compaction type transaction commit. txnId:15
2024-04-23T20:53:00,609  INFO [main] ql.TxnCommandsBaseForTests: Running the query: alter table T SET TBLPROPERTIES ('transactional'='true')
2024-04-23T20:53:00,609  INFO [main] ql.Context: Deleting scratch dir: file:/home/alex/Repositories/hive/ql/target/tmp/localscratchdir/af9f0d40-e19c-4872-af4b-39c2733abb23/hive_2024-04-23_20-52-59_031_4622924647962174254-1
2024-04-23T20:53:00,609  INFO [main] cleanup.SyncCleanupService: Deleted directory: file:/home/alex/Repositories/hive/ql/target/tmp/localscratchdir/af9f0d40-e19c-4872-af4b-39c2733abb23/hive_2024-04-23_20-52-59_031_4622924647962174254-1 on fs with scheme file
2024-04-23T20:53:00,610  INFO [main] ql.Context: Deleting scratch dir: file:/home/alex/Repositories/hive/ql/target/tmp/org.apache.hadoop.hive.ql.TestTxnNoBuckets-1713930630697/warehouse/t/.hive-staging_hive_2024-04-23_20-52-59_031_4622924647962174254-1
2024-04-23T20:53:00,610  INFO [main] cleanup.SyncCleanupService: Deleted directory: file:/home/alex/Repositories/hive/ql/target/tmp/org.apache.hadoop.hive.ql.TestTxnNoBuckets-1713930630697/warehouse/t/.hive-staging_hive_2024-04-23_20-52-59_031_4622924647962174254-1 on fs with scheme file
2024-04-23T20:53:00,610  INFO [main] ql.Driver: Compiling command(queryId=alex_20240423205300_fbff2ec8-c613-4e6c-a480-66d8b1ad4f7e): alter table T SET TBLPROPERTIES ('transactional'='true')
2024-04-23T20:53:00,613  INFO [main] txn.TxnHandler: Added entries to MIN_HISTORY_LEVEL for current txns: ([16]) with min_open_txn: 16
2024-04-23T20:53:00,614  INFO [main] lockmgr.DbTxnManager: Opened txnid:16
2024-04-23T20:53:00,614  INFO [main] HiveMetaStore.audit: ugi=alex	ip=unknown-ip-addr	cmd=get_table : tbl=hive.default.T	
2024-04-23T20:53:00,623  INFO [main] metastore.HMSHandler: Skipping translation for processor with null
2024-04-23T20:53:00,623  INFO [main] HiveMetaStore.audit: ugi=alex	ip=unknown-ip-addr	cmd=get_table : tbl=hive.default.T	
2024-04-23T20:53:00,631  INFO [main] metastore.HMSHandler: Skipping translation for processor with null
2024-04-23T20:53:00,631  INFO [main] ql.Driver: Semantic Analysis Completed (retrial = false)
2024-04-23T20:53:00,631  INFO [main] ql.Driver: Created Hive schema: Schema(fieldSchemas:null, properties:null)
2024-04-23T20:53:00,631  INFO [main] metadata.Hive: Dumping metastore api call timing information for : compilation phase
2024-04-23T20:53:00,631  INFO [main] metadata.Hive: Total time spent in each metastore function (ms): {openTxn_(String, TxnType)=3, flushCache_()=1, getValidTxns_(long)=0, getTable_(GetTableRequest)=17, isCompatibleWith_(Configuration)=0, commitTxn_(CommitTxnRequest)=9}
2024-04-23T20:53:00,632  INFO [main] ql.Driver: Completed compiling command(queryId=alex_20240423205300_fbff2ec8-c613-4e6c-a480-66d8b1ad4f7e); Time taken: 0.021 seconds
2024-04-23T20:53:00,632  INFO [main] lockmgr.DbTxnManager: Setting lock request transaction to txnid:16 for queryId=alex_20240423205300_fbff2ec8-c613-4e6c-a480-66d8b1ad4f7e
2024-04-23T20:53:00,632  INFO [main] lockmgr.DbLockManager: Requesting lock for queryId=alex_20240423205300_fbff2ec8-c613-4e6c-a480-66d8b1ad4f7e
2024-04-23T20:53:00,646  INFO [main] lockmgr.DbLockManager: Response to queryId=alex_20240423205300_fbff2ec8-c613-4e6c-a480-66d8b1ad4f7e LockResponse(lockid:10, state:ACQUIRED)
2024-04-23T20:53:00,646  INFO [main] ql.Driver: Operation ALTERTABLE_PROPERTIES obtained 1 locks
2024-04-23T20:53:00,646  INFO [main] ql.Driver: Executing command(queryId=alex_20240423205300_fbff2ec8-c613-4e6c-a480-66d8b1ad4f7e): alter table T SET TBLPROPERTIES ('transactional'='true')
2024-04-23T20:53:00,646  INFO [main] ql.Driver: Starting task [Stage-0:DDL] in serial mode
2024-04-23T20:53:00,646  INFO [main] HiveMetaStore.audit: ugi=alex	ip=unknown-ip-addr	cmd=get_table : tbl=hive.default.T	
2024-04-23T20:53:00,657  INFO [main] metastore.HMSHandler: Skipping translation for processor with null
2024-04-23T20:53:00,661  INFO [main] HiveMetaStore.audit: ugi=alex	ip=unknown-ip-addr	cmd=alter_table: hive.default.T newtbl=t	
2024-04-23T20:53:00,702  INFO [main] metadata.Hive: Dumping metastore api call timing information for : execution phase
2024-04-23T20:53:00,702  INFO [main] metadata.Hive: Total time spent in each metastore function (ms): {alter_table_(String, String, String, Table, EnvironmentContext, String)=42, getValidWriteIds_(List, String)=2, isCompatibleWith_(Configuration)=0, getTable_(GetTableRequest)=11}
2024-04-23T20:53:00,703  INFO [main] ql.Driver: Completed executing command(queryId=alex_20240423205300_fbff2ec8-c613-4e6c-a480-66d8b1ad4f7e); Time taken: 0.056 seconds
2024-04-23T20:53:00,703  INFO [main] lockmgr.DbTxnManager: Stopped heartbeat for query: alex_20240423205300_fbff2ec8-c613-4e6c-a480-66d8b1ad4f7e
2024-04-23T20:53:00,706  INFO [main] txn.TxnHandler: Expected to move at least one record from txn_components to completed_txn_components when committing txn! txnid:16
2024-04-23T20:53:00,711  INFO [main] txn.TxnHandler: Removed transactions: ([16]) from MIN_HISTORY_LEVEL
2024-04-23T20:53:00,711  WARN [main] txn.CompactionTxnHandler: No compaction queue record found for Compaction type transaction commit. txnId:16
2024-04-23T20:53:00,712  INFO [main] ql.TxnCommandsBaseForTests: Running the query: select a from T where b > 6 order by a
2024-04-23T20:53:00,712  INFO [main] ql.Driver: Compiling command(queryId=alex_20240423205300_ae8c2119-c977-4821-9590-b990fa1b17b6): select a from T where b > 6 order by a
2024-04-23T20:53:00,715  INFO [main] txn.TxnHandler: Added entries to MIN_HISTORY_LEVEL for current txns: ([17]) with min_open_txn: 16
2024-04-23T20:53:00,715  INFO [main] lockmgr.DbTxnManager: Opened txnid:17
2024-04-23T20:53:00,716  INFO [main] parse.CalcitePlanner: Starting caching scope for: 
2024-04-23T20:53:00,716  INFO [main] parse.CalcitePlanner: Starting Semantic Analysis
2024-04-23T20:53:00,718  INFO [main] parse.CalcitePlanner: Completed phase 1 of Semantic Analysis
2024-04-23T20:53:00,718  INFO [main] parse.CalcitePlanner: Get metadata for source tables
2024-04-23T20:53:00,721  INFO [main] HiveMetaStore.audit: ugi=alex	ip=unknown-ip-addr	cmd=get_table : tbl=hive.default.t	
2024-04-23T20:53:00,728  INFO [main] metastore.HMSHandler: Skipping translation for processor with null
2024-04-23T20:53:00,728  INFO [main] parse.CalcitePlanner: Get metadata for subqueries
2024-04-23T20:53:00,728  INFO [main] parse.CalcitePlanner: Get metadata for destination tables
2024-04-23T20:53:00,728  INFO [main] parse.CalcitePlanner: Completed getting MetaData in Semantic Analysis
2024-04-23T20:53:00,742  INFO [main] HiveMetaStore.audit: ugi=alex	ip=unknown-ip-addr	cmd=get_all_table_constraints : tbl=hive.default.t	
2024-04-23T20:53:00,781  INFO [main] calcite.RelOptHiveTable: Calculating column statistics for default.t, projIndxSet: [0, 1], allowMissingStats: true
2024-04-23T20:53:00,782  INFO [main] HiveMetaStore.audit: ugi=alex	ip=unknown-ip-addr	cmd=get_table_statistics_req: table=hive.default.t	
2024-04-23T20:53:00,793  WARN [main] calcite.RelOptHiveTable: No Stats for default@t, Columns: b, a
No Stats for default@t, Columns: b, a
2024-04-23T20:53:00,793  INFO [main] SessionState: No Stats for default@t, Columns: b, a
2024-04-23T20:53:00,857  INFO [main] parse.CalcitePlanner: Get metadata for source tables
2024-04-23T20:53:00,857  INFO [main] parse.CalcitePlanner: Get metadata for subqueries
2024-04-23T20:53:00,857  INFO [main] parse.CalcitePlanner: Get metadata for destination tables
2024-04-23T20:53:00,859  INFO [main] common.FileUtils: Creating directory if it doesn't exist: file:/home/alex/Repositories/hive/ql/target/tmp/localscratchdir/af9f0d40-e19c-4872-af4b-39c2733abb23/hive_2024-04-23_20-53-00_712_3132644317340223623-1/-mr-10001/.hive-staging_hive_2024-04-23_20-53-00_712_3132644317340223623-1
2024-04-23T20:53:00,866  INFO [main] parse.CalcitePlanner: CBO Succeeded; optimized logical plan.
2024-04-23T20:53:00,869  INFO [main] optimizer.ColumnPrunerProcFactory: RS 3 oldColExprMap: {KEY.reducesinkkey0=Column[_col0]}
2024-04-23T20:53:00,869  INFO [main] optimizer.ColumnPrunerProcFactory: RS 3 newColExprMap: {KEY.reducesinkkey0=Column[_col0]}
2024-04-23T20:53:00,870  INFO [main] optimizer.BucketVersionPopulator: not considering bucketingVersion for: TS[0] because it has -1<2 buckets 
2024-04-23T20:53:00,871  INFO [main] optimizer.SortedDynPartitionOptimizer: Sorted dynamic partitioning optimization kicked in..
2024-04-23T20:53:00,880  INFO [main] physical.Vectorizer: Examining input format to see if vectorization is enabled.
2024-04-23T20:53:00,880  INFO [main] physical.Vectorizer: Vectorization is enabled for input format(s) [org.apache.hadoop.hive.ql.io.orc.OrcInputFormat]
2024-04-23T20:53:00,880  INFO [main] physical.Vectorizer: Validating and vectorizing MapWork... (vectorizedVertexNum 0)
2024-04-23T20:53:00,885  INFO [main] physical.Vectorizer: Map vectorization enabled: true
2024-04-23T20:53:00,885  INFO [main] physical.Vectorizer: Map vectorized: true
2024-04-23T20:53:00,885  INFO [main] physical.Vectorizer: Map vectorizedVertexNum: 0
2024-04-23T20:53:00,886  INFO [main] physical.Vectorizer: Map enabledConditionsMet: [hive.vectorized.use.vectorized.input.format IS true]
2024-04-23T20:53:00,886  INFO [main] physical.Vectorizer: Map inputFileFormatClassNameSet: [org.apache.hadoop.hive.ql.io.orc.OrcInputFormat]
2024-04-23T20:53:00,886  INFO [main] physical.Vectorizer: Reduce vectorization enabled: false
2024-04-23T20:53:00,886  INFO [main] physical.Vectorizer: Reduce vectorized: false
2024-04-23T20:53:00,886  INFO [main] physical.Vectorizer: Reduce vectorizedVertexNum: 1
2024-04-23T20:53:00,886  INFO [main] physical.Vectorizer: Reducer hive.vectorized.execution.reduce.enabled: true
2024-04-23T20:53:00,886  INFO [main] physical.Vectorizer: Reducer engine: mr
2024-04-23T20:53:00,886  INFO [main] parse.CalcitePlanner: Completed plan generation
2024-04-23T20:53:00,886  INFO [main] parse.CalcitePlanner: Ending caching scope for: 
2024-04-23T20:53:00,886  INFO [main] ql.Driver: Semantic Analysis Completed (retrial = false)
2024-04-23T20:53:00,886  INFO [main] ql.Driver: Created Hive schema: Schema(fieldSchemas:[FieldSchema(name:a, type:int, comment:null)], properties:null)
2024-04-23T20:53:00,887  INFO [main] exec.ListSinkOperator: Initializing Operator: LIST_SINK[10]
2024-04-23T20:53:00,887  INFO [main] metadata.Hive: Dumping metastore api call timing information for : compilation phase
2024-04-23T20:53:00,887  INFO [main] metadata.Hive: Total time spent in each metastore function (ms): {commitTxn_(CommitTxnRequest)=9, openTxn_(String, TxnType)=2, getValidTxns_(long)=1, flushCache_()=0, getAllTableConstraints_(AllTableConstraintsRequest)=6, isCompatibleWith_(Configuration)=0, getValidWriteIds_(List, String)=5, getTableColumnStatistics_(String, String, List, String)=11, getTable_(GetTableRequest)=7}
2024-04-23T20:53:00,887  INFO [main] ql.Driver: Completed compiling command(queryId=alex_20240423205300_ae8c2119-c977-4821-9590-b990fa1b17b6); Time taken: 0.175 seconds
2024-04-23T20:53:00,887  INFO [main] lockmgr.DbTxnManager: Setting lock request transaction to txnid:17 for queryId=alex_20240423205300_ae8c2119-c977-4821-9590-b990fa1b17b6
2024-04-23T20:53:00,888  INFO [main] lockmgr.DbLockManager: Requesting lock for queryId=alex_20240423205300_ae8c2119-c977-4821-9590-b990fa1b17b6
2024-04-23T20:53:00,902  INFO [main] lockmgr.DbLockManager: Response to queryId=alex_20240423205300_ae8c2119-c977-4821-9590-b990fa1b17b6 LockResponse(lockid:11, state:ACQUIRED)
2024-04-23T20:53:00,902  INFO [main] ql.Driver: Operation QUERY obtained 1 locks
2024-04-23T20:53:00,903  INFO [main] ql.Driver: Executing command(queryId=alex_20240423205300_ae8c2119-c977-4821-9590-b990fa1b17b6): select a from T where b > 6 order by a
2024-04-23T20:53:00,903  WARN [main] ql.Driver: Hive-on-MR is deprecated in Hive 2 and may not be available in the future versions. Consider using a different execution engine (i.e. tez, spark) or using Hive 1.X releases.
Query ID = alex_20240423205300_ae8c2119-c977-4821-9590-b990fa1b17b6
2024-04-23T20:53:00,903  INFO [main] ql.Driver: Query ID = alex_20240423205300_ae8c2119-c977-4821-9590-b990fa1b17b6
Total jobs = 1
2024-04-23T20:53:00,903  INFO [main] ql.Driver: Total jobs = 1
Launching Job 1 out of 1
2024-04-23T20:53:00,903  INFO [main] ql.Driver: Launching Job 1 out of 1
2024-04-23T20:53:01,042  INFO [main] ql.Driver: Starting task [Stage-1:MAPRED] in serial mode
Number of reduce tasks determined at compile time: 1
2024-04-23T20:53:01,042  INFO [main] exec.Task: Number of reduce tasks determined at compile time: 1
In order to change the average load for a reducer (in bytes):
2024-04-23T20:53:01,042  INFO [main] exec.Task: In order to change the average load for a reducer (in bytes):
  set hive.exec.reducers.bytes.per.reducer=<number>
2024-04-23T20:53:01,042  INFO [main] exec.Task:   set hive.exec.reducers.bytes.per.reducer=<number>
In order to limit the maximum number of reducers:
2024-04-23T20:53:01,042  INFO [main] exec.Task: In order to limit the maximum number of reducers:
  set hive.exec.reducers.max=<number>
2024-04-23T20:53:01,042  INFO [main] exec.Task:   set hive.exec.reducers.max=<number>
In order to set a constant number of reducers:
2024-04-23T20:53:01,042  INFO [main] exec.Task: In order to set a constant number of reducers:
  set mapreduce.job.reduces=<number>
2024-04-23T20:53:01,042  INFO [main] exec.Task:   set mapreduce.job.reduces=<number>
2024-04-23T20:53:01,044  INFO [main] mr.ExecDriver: Using org.apache.hadoop.hive.ql.io.HiveInputFormat
2024-04-23T20:53:01,045  INFO [main] exec.Utilities: Processing alias t
2024-04-23T20:53:01,045  INFO [main] exec.Utilities: Adding 1 inputs; the first input is file:/home/alex/Repositories/hive/ql/target/tmp/org.apache.hadoop.hive.ql.TestTxnNoBuckets-1713930630697/warehouse/t
2024-04-23T20:53:01,054  INFO [main] exec.SerializationUtilities: Serializing MapWork using kryo
2024-04-23T20:53:01,055  INFO [main] exec.Utilities: Serialized plan (via FILE) - name: null size: 6,48KB
2024-04-23T20:53:01,059  INFO [main] exec.SerializationUtilities: Serializing ReduceWork using kryo
2024-04-23T20:53:01,060  INFO [main] exec.Utilities: Serialized plan (via FILE) - name: null size: 7,44KB
2024-04-23T20:53:01,061  WARN [main] impl.MetricsSystemImpl: JobTracker metrics system already initialized!
2024-04-23T20:53:01,066  WARN [main] impl.MetricsSystemImpl: JobTracker metrics system already initialized!
2024-04-23T20:53:01,074  WARN [main] mapreduce.JobResourceUploader: Hadoop command-line option parsing not performed. Implement the Tool interface and execute your application with ToolRunner to remedy this.
2024-04-23T20:53:01,078  WARN [main] mapreduce.JobResourceUploader: No job jar file set.  User classes may not be found. See Job or Job#setJar(String).
2024-04-23T20:53:01,079  INFO [main] io.HiveInputFormat: hive.io.file.readcolumn.ids = 0,1
2024-04-23T20:53:01,079  INFO [main] io.HiveInputFormat: hive.io.file.readcolumn.names = a,b
2024-04-23T20:53:01,079  INFO [main] io.HiveInputFormat: Generating splits for dirs: file:/home/alex/Repositories/hive/ql/target/tmp/org.apache.hadoop.hive.ql.TestTxnNoBuckets-1713930630697/warehouse/t
2024-04-23T20:53:01,079  INFO [main] orc.OrcInputFormat: getSplits started
2024-04-23T20:53:01,079  INFO [main] orc.OrcInputFormat: Context:: isAcid: true isVectorMode: true sarg: (not leaf-(LESS_THAN_EQUALS b 6)) minSplitSize: 1 maxSplitSize: 256000000 splitStrategy: HYBRID footerInSplits: false numBuckets: 0 numThreads: 10 cacheMemSize: 268435456 cacheStripeDetails: true useSoftReference: false writeIdList: default.t:10000000:9223372036854775807:: isTransactionalTable: true txnProperties: default 
2024-04-23T20:53:01,079  INFO [main] orc.OrcInputFormat: ORC pushdown predicate: (not leaf-(LESS_THAN_EQUALS b 6))
2024-04-23T20:53:01,084  INFO [main] orc.OrcInputFormat: FooterCacheHitRatio: 0/1
2024-04-23T20:53:01,085  INFO [main] orc.OrcInputFormat: getSplits finished (#splits: 1). duration: 6 ms
2024-04-23T20:53:01,085  INFO [main] io.HiveInputFormat: number of splits 1
2024-04-23T20:53:01,102  INFO [main] mapreduce.JobSubmitter: number of splits:1
2024-04-23T20:53:01,120  INFO [main] mapreduce.JobSubmitter: Submitting tokens for job: job_local708122147_0067
2024-04-23T20:53:01,120  INFO [main] mapreduce.JobSubmitter: Executing with tokens: []
2024-04-23T20:53:01,179  INFO [main] mapreduce.Job: The url to track the job: http://localhost:8080/
Job running in-process (local Hadoop)
2024-04-23T20:53:01,179  INFO [main] exec.Task: Job running in-process (local Hadoop)
2024-04-23T20:53:01,179  INFO [Thread-4379] mapred.LocalJobRunner: OutputCommitter set in config org.apache.hadoop.hive.ql.io.HiveFileFormatUtils$NullOutputCommitter
2024-04-23T20:53:01,179  INFO [Thread-4379] mapred.LocalJobRunner: OutputCommitter is org.apache.hadoop.hive.ql.io.HiveFileFormatUtils$NullOutputCommitter
2024-04-23T20:53:01,181  INFO [Thread-4379] mapred.LocalJobRunner: Waiting for map tasks
2024-04-23T20:53:01,181  INFO [LocalJobRunner Map Task Executor #0] mapred.LocalJobRunner: Starting task: attempt_local708122147_0067_m_000000_0
2024-04-23T20:53:01,182  INFO [LocalJobRunner Map Task Executor #0] mapred.Task:  Using ResourceCalculatorProcessTree : [ ]
2024-04-23T20:53:01,182  INFO [LocalJobRunner Map Task Executor #0] mapred.MapTask: Processing split: org.apache.hadoop.hive.ql.io.orc.OrcInputFormat:OrcSplit [file:/home/alex/Repositories/hive/ql/target/tmp/org.apache.hadoop.hive.ql.TestTxnNoBuckets-1713930630697/warehouse/t/000000_0, start=3, length=113, isOriginal=true, fileLength=259, hasFooter=false, hasBase=true, deltas=0]
2024-04-23T20:53:01,183  INFO [LocalJobRunner Map Task Executor #0] exec.SerializationUtilities: Deserializing MapWork using kryo
2024-04-23T20:53:01,183  INFO [LocalJobRunner Map Task Executor #0] exec.Utilities: Deserialized plan (via FILE) - name: null size: 6,48KB
2024-04-23T20:53:01,184  INFO [LocalJobRunner Map Task Executor #0] orc.OrcInputFormat: ORC pushdown predicate: (not leaf-(LESS_THAN_EQUALS b 6))
2024-04-23T20:53:01,184  INFO [LocalJobRunner Map Task Executor #0] orc.VectorizedOrcAcidRowBatchReader: Read ValidWriteIdList: default.t:10000000:9223372036854775807:::OrcSplit [file:/home/alex/Repositories/hive/ql/target/tmp/org.apache.hadoop.hive.ql.TestTxnNoBuckets-1713930630697/warehouse/t/000000_0, start=3, length=113, isOriginal=true, fileLength=259, hasFooter=false, hasBase=true, deltas=0]
2024-04-23T20:53:01,184  INFO [LocalJobRunner Map Task Executor #0] orc.ReaderImpl: Reading ORC rows from file:/home/alex/Repositories/hive/ql/target/tmp/org.apache.hadoop.hive.ql.TestTxnNoBuckets-1713930630697/warehouse/t/000000_0 with {include: [true, true, true], offset: 3, length: 113, sarg: (not leaf-(LESS_THAN_EQUALS b 6)), schema: struct<a:int,b:int>, includeAcidColumns: true}
2024-04-23T20:53:01,185  INFO [LocalJobRunner Map Task Executor #0] mapred.MapTask: numReduceTasks: 1
2024-04-23T20:53:01,190  INFO [LocalJobRunner Map Task Executor #0] mapred.MapTask: (EQUATOR) 0 kvi 26214396(104857584)
2024-04-23T20:53:01,190  INFO [LocalJobRunner Map Task Executor #0] mapred.MapTask: mapreduce.task.io.sort.mb: 100
2024-04-23T20:53:01,190  INFO [LocalJobRunner Map Task Executor #0] mapred.MapTask: soft limit at 83886080
2024-04-23T20:53:01,190  INFO [LocalJobRunner Map Task Executor #0] mapred.MapTask: bufstart = 0; bufvoid = 104857600
2024-04-23T20:53:01,190  INFO [LocalJobRunner Map Task Executor #0] mapred.MapTask: kvstart = 26214396; length = 6553600
2024-04-23T20:53:01,190  INFO [LocalJobRunner Map Task Executor #0] mapred.MapTask: Map output collector class = org.apache.hadoop.mapred.MapTask$MapOutputBuffer
2024-04-23T20:53:01,191  INFO [LocalJobRunner Map Task Executor #0] vector.VectorMapOperator: Initializing Operator: MAP[0]
2024-04-23T20:53:01,191  INFO [LocalJobRunner Map Task Executor #0] mr.ExecMapper: 
<MAP>Id =0
  <Children>null
  <\Children>
  <Parent><\Parent>
<\MAP>
2024-04-23T20:53:01,192  INFO [LocalJobRunner Map Task Executor #0] exec.TableScanOperator: Initializing Operator: TS[0]
2024-04-23T20:53:01,192  INFO [LocalJobRunner Map Task Executor #0] vector.VectorFilterOperator: Initializing Operator: FIL[7]
2024-04-23T20:53:01,192  INFO [LocalJobRunner Map Task Executor #0] vector.VectorSelectOperator: Initializing Operator: SEL[8]
2024-04-23T20:53:01,192  INFO [LocalJobRunner Map Task Executor #0] vector.VectorReduceSinkOperator: Initializing Operator: RS[9]
2024-04-23T20:53:01,192  INFO [LocalJobRunner Map Task Executor #0] vector.VectorReduceSinkOperator: Using tag = -1
2024-04-23T20:53:01,192  INFO [LocalJobRunner Map Task Executor #0] vector.VectorReduceSinkOperator: keys are [reducesinkkey0] num distributions: 1
2024-04-23T20:53:01,193  INFO [LocalJobRunner Map Task Executor #0] vector.VectorReduceSinkOperator: RS[9]: records written - 1
2024-04-23T20:53:01,193  INFO [LocalJobRunner Map Task Executor #0] vector.VectorMapOperator: Closing Operator: MAP[0]
2024-04-23T20:53:01,193  INFO [LocalJobRunner Map Task Executor #0] vector.VectorMapOperator: RECORDS_OUT_OPERATOR_MAP_0:0, DESERIALIZE_ERRORS:0, RECORDS_OUT_INTERMEDIATE:0, RECORDS_IN:5, 
2024-04-23T20:53:01,193  INFO [LocalJobRunner Map Task Executor #0] exec.TableScanOperator: Closing Operator: TS[0]
2024-04-23T20:53:01,193  INFO [LocalJobRunner Map Task Executor #0] exec.TableScanOperator: RECORDS_OUT_INTERMEDIATE:0, RECORDS_OUT_OPERATOR_TS_0:5, 
2024-04-23T20:53:01,193  INFO [LocalJobRunner Map Task Executor #0] vector.VectorFilterOperator: Closing Operator: FIL[7]
2024-04-23T20:53:01,193  INFO [LocalJobRunner Map Task Executor #0] vector.VectorFilterOperator: RECORDS_OUT_OPERATOR_FIL_7:2, RECORDS_OUT_INTERMEDIATE:0, 
2024-04-23T20:53:01,193  INFO [LocalJobRunner Map Task Executor #0] vector.VectorSelectOperator: Closing Operator: SEL[8]
2024-04-23T20:53:01,193  INFO [LocalJobRunner Map Task Executor #0] vector.VectorSelectOperator: RECORDS_OUT_INTERMEDIATE:0, RECORDS_OUT_OPERATOR_SEL_8:2, 
2024-04-23T20:53:01,193  INFO [LocalJobRunner Map Task Executor #0] vector.VectorReduceSinkOperator: Closing Operator: RS[9]
2024-04-23T20:53:01,193  INFO [LocalJobRunner Map Task Executor #0] vector.VectorReduceSinkOperator: RS[9]: Total records written - 2. abort - false
2024-04-23T20:53:01,193  INFO [LocalJobRunner Map Task Executor #0] vector.VectorReduceSinkOperator: RECORDS_OUT_INTERMEDIATE:2, RECORDS_OUT_OPERATOR_RS_9:2, 
2024-04-23T20:53:01,194  INFO [LocalJobRunner Map Task Executor #0] mapred.LocalJobRunner: 
2024-04-23T20:53:01,194  INFO [LocalJobRunner Map Task Executor #0] mapred.MapTask: Starting flush of map output
2024-04-23T20:53:01,194  INFO [LocalJobRunner Map Task Executor #0] mapred.MapTask: Spilling map output
2024-04-23T20:53:01,194  INFO [LocalJobRunner Map Task Executor #0] mapred.MapTask: bufstart = 0; bufend = 28; bufvoid = 104857600
2024-04-23T20:53:01,194  INFO [LocalJobRunner Map Task Executor #0] mapred.MapTask: kvstart = 26214396(104857584); kvend = 26214392(104857568); length = 5/6553600
2024-04-23T20:53:01,205  INFO [LocalJobRunner Map Task Executor #0] mapred.MapTask: Finished spill 0
2024-04-23T20:53:01,208  INFO [LocalJobRunner Map Task Executor #0] mapred.Task: Task:attempt_local708122147_0067_m_000000_0 is done. And is in the process of committing
2024-04-23T20:53:01,208  INFO [LocalJobRunner Map Task Executor #0] mapred.LocalJobRunner: OrcSplit [file:/home/alex/Repositories/hive/ql/target/tmp/org.apache.hadoop.hive.ql.TestTxnNoBuckets-1713930630697/warehouse/t/000000_0, start=3, length=113, isOriginal=true, fileLength=259, hasFooter=false, hasBase=true, deltas=0]
2024-04-23T20:53:01,209  INFO [LocalJobRunner Map Task Executor #0] mapred.Task: Task 'attempt_local708122147_0067_m_000000_0' done.
2024-04-23T20:53:01,209  INFO [LocalJobRunner Map Task Executor #0] mapred.Task: Final Counters for attempt_local708122147_0067_m_000000_0: Counters: 25
	File System Counters
		FILE: Number of bytes read=1607149
		FILE: Number of bytes written=80604571
		FILE: Number of read operations=0
		FILE: Number of large read operations=0
		FILE: Number of write operations=0
	Map-Reduce Framework
		Map input records=1
		Map output records=2
		Map output bytes=28
		Map output materialized bytes=38
		Input split bytes=471
		Combine input records=0
		Spilled Records=2
		Failed Shuffles=0
		Merged Map outputs=0
		GC time elapsed (ms)=0
		Total committed heap usage (bytes)=1207959552
	HIVE
		DESERIALIZE_ERRORS=0
		RECORDS_IN=5
		RECORDS_OUT_INTERMEDIATE=2
		RECORDS_OUT_OPERATOR_FIL_7=2
		RECORDS_OUT_OPERATOR_MAP_0=0
		RECORDS_OUT_OPERATOR_RS_9=2
		RECORDS_OUT_OPERATOR_SEL_8=2
		RECORDS_OUT_OPERATOR_TS_0=5
	File Input Format Counters 
		Bytes Read=7912
2024-04-23T20:53:01,209  INFO [LocalJobRunner Map Task Executor #0] mapred.LocalJobRunner: Finishing task: attempt_local708122147_0067_m_000000_0
2024-04-23T20:53:01,209  INFO [Thread-4379] mapred.LocalJobRunner: map task executor complete.
2024-04-23T20:53:01,210  INFO [Thread-4379] mapred.LocalJobRunner: Waiting for reduce tasks
2024-04-23T20:53:01,210  INFO [pool-279-thread-1] mapred.LocalJobRunner: Starting task: attempt_local708122147_0067_r_000000_0
2024-04-23T20:53:01,210  INFO [pool-279-thread-1] mapred.Task:  Using ResourceCalculatorProcessTree : [ ]
2024-04-23T20:53:01,210  INFO [pool-279-thread-1] mapred.ReduceTask: Using ShuffleConsumerPlugin: org.apache.hadoop.mapreduce.task.reduce.Shuffle@4ff5496b
2024-04-23T20:53:01,210  WARN [pool-279-thread-1] impl.MetricsSystemImpl: JobTracker metrics system already initialized!
2024-04-23T20:53:01,211  INFO [pool-279-thread-1] reduce.MergeManagerImpl: MergerManager: memoryLimit=1336252800, maxSingleShuffleLimit=334063200, mergeThreshold=881926912, ioSortFactor=10, memToMemMergeOutputsThreshold=10
2024-04-23T20:53:01,212  INFO [EventFetcher for fetching Map Completion Events] reduce.EventFetcher: attempt_local708122147_0067_r_000000_0 Thread started: EventFetcher for fetching Map Completion Events
2024-04-23T20:53:01,214  INFO [localfetcher#41] reduce.LocalFetcher: localfetcher#41 about to shuffle output of map attempt_local708122147_0067_m_000000_0 decomp: 34 len: 38 to MEMORY
2024-04-23T20:53:01,214  INFO [localfetcher#41] reduce.InMemoryMapOutput: Read 34 bytes from map-output for attempt_local708122147_0067_m_000000_0
2024-04-23T20:53:01,214  INFO [localfetcher#41] reduce.MergeManagerImpl: closeInMemoryFile -> map-output of size: 34, inMemoryMapOutputs.size() -> 1, commitMemory -> 0, usedMemory ->34
2024-04-23T20:53:01,215  INFO [EventFetcher for fetching Map Completion Events] reduce.EventFetcher: EventFetcher is interrupted.. Returning
2024-04-23T20:53:01,215  INFO [pool-279-thread-1] mapred.LocalJobRunner: 1 / 1 copied.
2024-04-23T20:53:01,215  INFO [pool-279-thread-1] reduce.MergeManagerImpl: finalMerge called with 1 in-memory map-outputs and 0 on-disk map-outputs
2024-04-23T20:53:01,222  INFO [pool-279-thread-1] mapred.Merger: Merging 1 sorted segments
2024-04-23T20:53:01,222  INFO [pool-279-thread-1] mapred.Merger: Down to the last merge-pass, with 1 segments left of total size: 22 bytes
2024-04-23T20:53:01,224  INFO [pool-279-thread-1] reduce.MergeManagerImpl: Merged 1 segments, 34 bytes to disk to satisfy reduce memory limit
2024-04-23T20:53:01,224  INFO [pool-279-thread-1] reduce.MergeManagerImpl: Merging 1 files, 38 bytes from disk
2024-04-23T20:53:01,224  INFO [pool-279-thread-1] reduce.MergeManagerImpl: Merging 0 segments, 0 bytes from memory into reduce
2024-04-23T20:53:01,224  INFO [pool-279-thread-1] mapred.Merger: Merging 1 sorted segments
2024-04-23T20:53:01,224  INFO [pool-279-thread-1] mapred.Merger: Down to the last merge-pass, with 1 segments left of total size: 22 bytes
2024-04-23T20:53:01,224  INFO [pool-279-thread-1] mapred.LocalJobRunner: 1 / 1 copied.
2024-04-23T20:53:01,225  INFO [pool-279-thread-1] exec.SerializationUtilities: Deserializing ReduceWork using kryo
2024-04-23T20:53:01,225  INFO [pool-279-thread-1] exec.Utilities: Deserialized plan (via FILE) - name: null size: 7,44KB
2024-04-23T20:53:01,226  INFO [pool-279-thread-1] ExecReducer: 
<SEL>Id =4
  <Children>
    <FS>Id =5
      <Children>
      <\Children>
      <Parent>Id = 4 null<\Parent>
    <\FS>
  <\Children>
  <Parent><\Parent>
<\SEL>
2024-04-23T20:53:01,226  INFO [pool-279-thread-1] exec.SelectOperator: Initializing Operator: SEL[4]
2024-04-23T20:53:01,226  INFO [pool-279-thread-1] exec.SelectOperator: SELECT struct<key:struct<reducesinkkey0:int>,value:struct<>>
2024-04-23T20:53:01,226  INFO [pool-279-thread-1] exec.FileSinkOperator: Initializing Operator: FS[5]
2024-04-23T20:53:01,226  INFO [pool-279-thread-1] exec.FileSinkOperator: Using serializer : class org.apache.hadoop.hive.serde2.lazy.LazySimpleSerDe [serdeParams=org.apache.hadoop.hive.serde2.lazy.LazySerDeParameters@256ced13, cachedObjectInspector=org.apache.hadoop.hive.serde2.lazy.objectinspector.LazySimpleStructObjectInspector<org.apache.hadoop.hive.serde2.lazy.objectinspector.primitive.LazyIntObjectInspector@3e3b41cb>, serializedSize=0, stats=org.apache.hadoop.hive.serde2.SerDeStats@3a95abe6, lastOperationSerialize=false, lastOperationDeserialize=false [1, 2, 3, 4, 5, 6, 7, 8, 11, 14, 15, 16, 17, 18, 19, 20, 21, 22, 23, 24, 25, 26, 28, 29, 30, 31, -128, -127, -126, -125, -124, -123, -122, -121, -120, -119, -118, -117, -116, -115, -114, -113, -112, -111, -110, -109, -108, -107, -106, -105, -104, -103, -102, -101, -100, -99, -98, -97, -96, -95, -94, -93, -92, -91, -90, -89, -88, -87, -86, -85, -84, -83, -82, -81, -80, -79, -78, -77, -76, -75, -74, -73, -72, -71, -70, -69, -68, -67, -66, -65, -64, -63, -62, -61, -60, -59, -58, -57, -56, -55, -54, -53, -52, -51, -50, -49, -48, -47, -46, -45, -44, -43, -42, -41, -40, -39, -38, -37, -36, -35, -34, -33, -32, -31, -30, -29, -28, -27, -26, -25, -24, -23, -22, -21, -20, -19, -18, -17, -16, -15, -14, -13, -12, -11, -10, -9, -8, -7, -6, -5, -4, -3, -2, -1] : [_col0] : [int]] and formatter : org.apache.hadoop.hive.ql.io.HiveSequenceFileOutputFormat@670f89c
2024-04-23T20:53:01,227  INFO [pool-279-thread-1] exec.FileSinkOperator: Final Path: FS file:/home/alex/Repositories/hive/ql/target/tmp/localscratchdir/af9f0d40-e19c-4872-af4b-39c2733abb23/hive_2024-04-23_20-53-00_712_3132644317340223623-1/-mr-10001/.hive-staging_hive_2024-04-23_20-53-00_712_3132644317340223623-1/_tmp.-ext-10002/000000_0
2024-04-23T20:53:01,227  INFO [pool-279-thread-1] exec.FileSinkOperator: Writing to temp file: FS file:/home/alex/Repositories/hive/ql/target/tmp/localscratchdir/af9f0d40-e19c-4872-af4b-39c2733abb23/hive_2024-04-23_20-53-00_712_3132644317340223623-1/-mr-10001/.hive-staging_hive_2024-04-23_20-53-00_712_3132644317340223623-1/_task_tmp.-ext-10002/_tmp.000000_0
2024-04-23T20:53:01,227  INFO [pool-279-thread-1] exec.FileSinkOperator: New Final Path: FS file:/home/alex/Repositories/hive/ql/target/tmp/localscratchdir/af9f0d40-e19c-4872-af4b-39c2733abb23/hive_2024-04-23_20-53-00_712_3132644317340223623-1/-mr-10001/.hive-staging_hive_2024-04-23_20-53-00_712_3132644317340223623-1/_tmp.-ext-10002/000000_0
2024-04-23T20:53:01,233  INFO [pool-279-thread-1] exec.FileSinkOperator: FS[5]: records written - 1
2024-04-23T20:53:01,233  INFO [pool-279-thread-1] exec.SelectOperator: Closing Operator: SEL[4]
2024-04-23T20:53:01,233  INFO [pool-279-thread-1] exec.SelectOperator: RECORDS_OUT_INTERMEDIATE:0, RECORDS_OUT_OPERATOR_SEL_4:2, 
2024-04-23T20:53:01,233  INFO [pool-279-thread-1] exec.FileSinkOperator: Closing Operator: FS[5]
2024-04-23T20:53:01,233  INFO [pool-279-thread-1] exec.FileSinkOperator: FS[5]: records written - 2
2024-04-23T20:53:01,234  INFO [pool-279-thread-1] exec.FileSinkOperator: RECORDS_OUT_INTERMEDIATE:0, RECORDS_OUT_0:2, RECORDS_OUT_OPERATOR_FS_5:2, 
2024-04-23T20:53:01,234  INFO [pool-279-thread-1] mapred.Task: Task:attempt_local708122147_0067_r_000000_0 is done. And is in the process of committing
2024-04-23T20:53:01,234  INFO [pool-279-thread-1] mapred.LocalJobRunner: reduce > reduce
2024-04-23T20:53:01,234  INFO [pool-279-thread-1] mapred.Task: Task 'attempt_local708122147_0067_r_000000_0' done.
2024-04-23T20:53:01,234  INFO [pool-279-thread-1] mapred.Task: Final Counters for attempt_local708122147_0067_r_000000_0: Counters: 29
	File System Counters
		FILE: Number of bytes read=1614764
		FILE: Number of bytes written=80604736
		FILE: Number of read operations=0
		FILE: Number of large read operations=0
		FILE: Number of write operations=0
	Map-Reduce Framework
		Combine input records=0
		Combine output records=0
		Reduce input groups=2
		Reduce shuffle bytes=38
		Reduce input records=2
		Reduce output records=0
		Spilled Records=2
		Shuffled Maps =1
		Failed Shuffles=0
		Merged Map outputs=1
		GC time elapsed (ms)=0
		Total committed heap usage (bytes)=1207959552
	HIVE
		CREATED_FILES=1
		RECORDS_OUT_0=2
		RECORDS_OUT_INTERMEDIATE=0
		RECORDS_OUT_OPERATOR_FS_5=2
		RECORDS_OUT_OPERATOR_SEL_4=2
	Shuffle Errors
		BAD_ID=0
		CONNECTION=0
		IO_ERROR=0
		WRONG_LENGTH=0
		WRONG_MAP=0
		WRONG_REDUCE=0
	File Output Format Counters 
		Bytes Written=0
2024-04-23T20:53:01,234  INFO [pool-279-thread-1] mapred.LocalJobRunner: Finishing task: attempt_local708122147_0067_r_000000_0
2024-04-23T20:53:01,235  INFO [Thread-4379] mapred.LocalJobRunner: reduce task executor complete.
2024-04-23 20:53:02,180 Stage-1 map = 100%,  reduce = 100%
2024-04-23T20:53:02,180  INFO [main] exec.Task: 2024-04-23 20:53:02,180 Stage-1 map = 100%,  reduce = 100%
Ended Job = job_local708122147_0067
2024-04-23T20:53:02,180  INFO [main] exec.Task: Ended Job = job_local708122147_0067
2024-04-23T20:53:02,182  INFO [main] metadata.Hive: Dumping metastore api call timing information for : execution phase
2024-04-23T20:53:02,182  INFO [main] metadata.Hive: Total time spent in each metastore function (ms): {}
MapReduce Jobs Launched: 
2024-04-23T20:53:02,182  INFO [main] ql.Driver: MapReduce Jobs Launched: 
Stage-Stage-1:  HDFS Read: 0 HDFS Write: 0 SUCCESS
2024-04-23T20:53:02,182  INFO [main] ql.Driver: Stage-Stage-1:  HDFS Read: 0 HDFS Write: 0 SUCCESS
Total MapReduce CPU Time Spent: 0 msec
2024-04-23T20:53:02,182  INFO [main] ql.Driver: Total MapReduce CPU Time Spent: 0 msec
2024-04-23T20:53:02,182  INFO [main] ql.Driver: Completed executing command(queryId=alex_20240423205300_ae8c2119-c977-4821-9590-b990fa1b17b6); Time taken: 1.279 seconds
2024-04-23T20:53:02,182  INFO [main] lockmgr.DbTxnManager: Stopped heartbeat for query: alex_20240423205300_ae8c2119-c977-4821-9590-b990fa1b17b6
2024-04-23T20:53:02,187  INFO [main] txn.TxnHandler: Expected to move at least one record from txn_components to completed_txn_components when committing txn! txnid:17
2024-04-23T20:53:02,195  INFO [main] txn.TxnHandler: Removed transactions: ([17]) from MIN_HISTORY_LEVEL
2024-04-23T20:53:02,195  WARN [main] txn.CompactionTxnHandler: No compaction queue record found for Compaction type transaction commit. txnId:17
2024-04-23T20:53:02,199  INFO [main] mapred.FileInputFormat: Total input files to process : 1
2024-04-23T20:53:02,200  INFO [main] exec.ListSinkOperator: Closing Operator: LIST_SINK[10]
2024-04-23T20:53:02,200  INFO [main] exec.ListSinkOperator: RECORDS_OUT_OPERATOR_LIST_SINK_10:2, RECORDS_OUT_INTERMEDIATE:0, 
2024-04-23T20:53:02,200  WARN [main] ql.TestTxnNoBuckets: null: read data(After conversion): 
2024-04-23T20:53:02,200  INFO [main] ql.TestTxnNoBuckets: 6
9

2024-04-23T20:53:02,200  INFO [main] ql.TxnCommandsBaseForTests: Running the query: EXPLAIN VECTORIZATION DETAIL select a from T where b > 6 order by a
2024-04-23T20:53:02,200  INFO [main] ql.Context: Deleting scratch dir: file:/home/alex/Repositories/hive/ql/target/tmp/localscratchdir/af9f0d40-e19c-4872-af4b-39c2733abb23/hive_2024-04-23_20-53-00_712_3132644317340223623-1
2024-04-23T20:53:02,201  INFO [main] cleanup.SyncCleanupService: Deleted directory: file:/home/alex/Repositories/hive/ql/target/tmp/localscratchdir/af9f0d40-e19c-4872-af4b-39c2733abb23/hive_2024-04-23_20-53-00_712_3132644317340223623-1 on fs with scheme file
2024-04-23T20:53:02,201  INFO [main] ql.Driver: Compiling command(queryId=alex_20240423205302_c473101a-b78f-409c-8301-8367e811ce11): EXPLAIN VECTORIZATION DETAIL select a from T where b > 6 order by a
2024-04-23T20:53:02,204  INFO [main] txn.TxnHandler: Added entries to MIN_HISTORY_LEVEL for current txns: ([18]) with min_open_txn: 18
2024-04-23T20:53:02,204  INFO [main] lockmgr.DbTxnManager: Opened txnid:18
2024-04-23T20:53:02,205  INFO [main] parse.CalcitePlanner: Starting Semantic Analysis
2024-04-23T20:53:02,208  INFO [main] parse.CalcitePlanner: Completed phase 1 of Semantic Analysis
2024-04-23T20:53:02,208  INFO [main] parse.CalcitePlanner: Get metadata for source tables
2024-04-23T20:53:02,209  INFO [main] HiveMetaStore.audit: ugi=alex	ip=unknown-ip-addr	cmd=get_table : tbl=hive.default.t	
2024-04-23T20:53:02,217  INFO [main] metastore.HMSHandler: Skipping translation for processor with null
2024-04-23T20:53:02,217  INFO [main] parse.CalcitePlanner: Get metadata for subqueries
2024-04-23T20:53:02,217  INFO [main] parse.CalcitePlanner: Get metadata for destination tables
2024-04-23T20:53:02,218  INFO [main] parse.CalcitePlanner: Completed getting MetaData in Semantic Analysis
2024-04-23T20:53:02,232  INFO [main] HiveMetaStore.audit: ugi=alex	ip=unknown-ip-addr	cmd=get_all_table_constraints : tbl=hive.default.t	
2024-04-23T20:53:02,274  INFO [main] calcite.RelOptHiveTable: Calculating column statistics for default.t, projIndxSet: [0, 1], allowMissingStats: true
2024-04-23T20:53:02,274  INFO [main] HiveMetaStore.audit: ugi=alex	ip=unknown-ip-addr	cmd=get_table_statistics_req: table=hive.default.t	
2024-04-23T20:53:02,288  WARN [main] calcite.RelOptHiveTable: No Stats for default@t, Columns: b, a
No Stats for default@t, Columns: b, a
2024-04-23T20:53:02,288  INFO [main] SessionState: No Stats for default@t, Columns: b, a
2024-04-23T20:53:02,353  INFO [main] parse.CalcitePlanner: Get metadata for source tables
2024-04-23T20:53:02,354  INFO [main] parse.CalcitePlanner: Get metadata for subqueries
2024-04-23T20:53:02,354  INFO [main] parse.CalcitePlanner: Get metadata for destination tables
2024-04-23T20:53:02,356  INFO [main] parse.CalcitePlanner: CBO Succeeded; optimized logical plan.
2024-04-23T20:53:02,360  INFO [main] optimizer.ColumnPrunerProcFactory: RS 3 oldColExprMap: {KEY.reducesinkkey0=Column[_col0]}
2024-04-23T20:53:02,360  INFO [main] optimizer.ColumnPrunerProcFactory: RS 3 newColExprMap: {KEY.reducesinkkey0=Column[_col0]}
2024-04-23T20:53:02,360  INFO [main] optimizer.BucketVersionPopulator: not considering bucketingVersion for: TS[0] because it has -1<2 buckets 
2024-04-23T20:53:02,378  INFO [main] optimizer.SortedDynPartitionOptimizer: Sorted dynamic partitioning optimization kicked in..
2024-04-23T20:53:02,388  INFO [main] physical.Vectorizer: Examining input format to see if vectorization is enabled.
2024-04-23T20:53:02,388  INFO [main] physical.Vectorizer: Vectorization is enabled for input format(s) [org.apache.hadoop.hive.ql.io.orc.OrcInputFormat]
2024-04-23T20:53:02,388  INFO [main] physical.Vectorizer: Validating and vectorizing MapWork... (vectorizedVertexNum 0)
2024-04-23T20:53:02,390  INFO [main] physical.Vectorizer: Map vectorization enabled: true
2024-04-23T20:53:02,390  INFO [main] physical.Vectorizer: Map vectorized: true
2024-04-23T20:53:02,390  INFO [main] physical.Vectorizer: Map vectorizedVertexNum: 0
2024-04-23T20:53:02,390  INFO [main] physical.Vectorizer: Map enabledConditionsMet: [hive.vectorized.use.vectorized.input.format IS true]
2024-04-23T20:53:02,390  INFO [main] physical.Vectorizer: Map inputFileFormatClassNameSet: [org.apache.hadoop.hive.ql.io.orc.OrcInputFormat]
2024-04-23T20:53:02,390  INFO [main] physical.Vectorizer: Reduce vectorization enabled: false
2024-04-23T20:53:02,390  INFO [main] physical.Vectorizer: Reduce vectorized: false
2024-04-23T20:53:02,390  INFO [main] physical.Vectorizer: Reduce vectorizedVertexNum: 1
2024-04-23T20:53:02,390  INFO [main] physical.Vectorizer: Reducer hive.vectorized.execution.reduce.enabled: true
2024-04-23T20:53:02,390  INFO [main] physical.Vectorizer: Reducer engine: mr
2024-04-23T20:53:02,390  INFO [main] parse.CalcitePlanner: Completed plan generation
2024-04-23T20:53:02,392  INFO [main] ql.Driver: Semantic Analysis Completed (retrial = false)
2024-04-23T20:53:02,393  INFO [main] ql.Driver: Created Hive schema: Schema(fieldSchemas:[FieldSchema(name:Explain, type:string, comment:null)], properties:null)
2024-04-23T20:53:02,393  INFO [main] metadata.Hive: Dumping metastore api call timing information for : compilation phase
2024-04-23T20:53:02,393  INFO [main] metadata.Hive: Total time spent in each metastore function (ms): {commitTxn_(CommitTxnRequest)=12, openTxn_(String, TxnType)=2, getTableColumnStatistics_(String, String, List, String)=12, flushCache_()=0, getValidWriteIds_(List, String)=4, isCompatibleWith_(Configuration)=0, getTable_(GetTableRequest)=9, getValidTxns_(long)=0, getAllTableConstraints_(AllTableConstraintsRequest)=5}
2024-04-23T20:53:02,393  INFO [main] ql.Driver: Completed compiling command(queryId=alex_20240423205302_c473101a-b78f-409c-8301-8367e811ce11); Time taken: 0.192 seconds
2024-04-23T20:53:02,393  INFO [main] ql.Driver: Executing command(queryId=alex_20240423205302_c473101a-b78f-409c-8301-8367e811ce11): EXPLAIN VECTORIZATION DETAIL select a from T where b > 6 order by a
2024-04-23T20:53:02,394  INFO [main] ql.Driver: Starting task [Stage-2:EXPLAIN] in serial mode
2024-04-23T20:53:02,428  INFO [main] metadata.Hive: Dumping metastore api call timing information for : execution phase
2024-04-23T20:53:02,428  INFO [main] metadata.Hive: Total time spent in each metastore function (ms): {}
2024-04-23T20:53:02,428  INFO [main] ql.Driver: Completed executing command(queryId=alex_20240423205302_c473101a-b78f-409c-8301-8367e811ce11); Time taken: 0.035 seconds
2024-04-23T20:53:02,428  INFO [main] lockmgr.DbTxnManager: Stopped heartbeat for query: null
2024-04-23T20:53:02,435  INFO [main] txn.TxnHandler: Expected to move at least one record from txn_components to completed_txn_components when committing txn! txnid:18
2024-04-23T20:53:02,440  INFO [main] txn.TxnHandler: Removed transactions: ([18]) from MIN_HISTORY_LEVEL
2024-04-23T20:53:02,440  WARN [main] txn.CompactionTxnHandler: No compaction queue record found for Compaction type transaction commit. txnId:18
2024-04-23T20:53:02,442  INFO [main] ql.TxnCommandsBaseForTests: Running the query: select ROW__ID, a from T where b > 6 order by a
2024-04-23T20:53:02,442  INFO [main] ql.Context: Deleting scratch dir: file:/home/alex/Repositories/hive/ql/target/tmp/localscratchdir/af9f0d40-e19c-4872-af4b-39c2733abb23/hive_2024-04-23_20-53-02_201_8189291753757880715-1
2024-04-23T20:53:02,442  INFO [main] cleanup.SyncCleanupService: Deleted directory: file:/home/alex/Repositories/hive/ql/target/tmp/localscratchdir/af9f0d40-e19c-4872-af4b-39c2733abb23/hive_2024-04-23_20-53-02_201_8189291753757880715-1 on fs with scheme file
2024-04-23T20:53:02,442  INFO [main] ql.Driver: Compiling command(queryId=alex_20240423205302_8a690405-1a96-4dfd-86df-e234bacd9180): select ROW__ID, a from T where b > 6 order by a
2024-04-23T20:53:02,445  INFO [main] txn.TxnHandler: Added entries to MIN_HISTORY_LEVEL for current txns: ([19]) with min_open_txn: 18
2024-04-23T20:53:02,445  INFO [main] lockmgr.DbTxnManager: Opened txnid:19
2024-04-23T20:53:02,446  INFO [main] parse.CalcitePlanner: Starting caching scope for: 
2024-04-23T20:53:02,446  INFO [main] parse.CalcitePlanner: Starting Semantic Analysis
2024-04-23T20:53:02,449  INFO [main] parse.CalcitePlanner: Completed phase 1 of Semantic Analysis
2024-04-23T20:53:02,449  INFO [main] parse.CalcitePlanner: Get metadata for source tables
2024-04-23T20:53:02,449  INFO [main] HiveMetaStore.audit: ugi=alex	ip=unknown-ip-addr	cmd=get_table : tbl=hive.default.t	
2024-04-23T20:53:02,456  INFO [main] metastore.HMSHandler: Skipping translation for processor with null
2024-04-23T20:53:02,456  INFO [main] parse.CalcitePlanner: Get metadata for subqueries
2024-04-23T20:53:02,456  INFO [main] parse.CalcitePlanner: Get metadata for destination tables
2024-04-23T20:53:02,456  INFO [main] parse.CalcitePlanner: Completed getting MetaData in Semantic Analysis
2024-04-23T20:53:02,469  INFO [main] HiveMetaStore.audit: ugi=alex	ip=unknown-ip-addr	cmd=get_all_table_constraints : tbl=hive.default.t	
2024-04-23T20:53:02,509  INFO [main] calcite.RelOptHiveTable: Calculating column statistics for default.t, projIndxSet: [0, 1], allowMissingStats: true
2024-04-23T20:53:02,510  INFO [main] HiveMetaStore.audit: ugi=alex	ip=unknown-ip-addr	cmd=get_table_statistics_req: table=hive.default.t	
2024-04-23T20:53:02,518  WARN [main] calcite.RelOptHiveTable: No Stats for default@t, Columns: a, b
No Stats for default@t, Columns: a, b
2024-04-23T20:53:02,518  INFO [main] SessionState: No Stats for default@t, Columns: a, b
2024-04-23T20:53:02,580  INFO [main] parse.CalcitePlanner: Get metadata for source tables
2024-04-23T20:53:02,580  INFO [main] parse.CalcitePlanner: Get metadata for subqueries
2024-04-23T20:53:02,580  INFO [main] parse.CalcitePlanner: Get metadata for destination tables
2024-04-23T20:53:02,582  INFO [main] common.FileUtils: Creating directory if it doesn't exist: file:/home/alex/Repositories/hive/ql/target/tmp/localscratchdir/af9f0d40-e19c-4872-af4b-39c2733abb23/hive_2024-04-23_20-53-02_442_8046320995394495473-1/-mr-10001/.hive-staging_hive_2024-04-23_20-53-02_442_8046320995394495473-1
2024-04-23T20:53:02,589  INFO [main] parse.CalcitePlanner: CBO Succeeded; optimized logical plan.
2024-04-23T20:53:02,593  INFO [main] optimizer.ColumnPrunerProcFactory: RS 3 oldColExprMap: {KEY.reducesinkkey0=Column[_col1], VALUE._col0=Column[_col0]}
2024-04-23T20:53:02,593  INFO [main] optimizer.ColumnPrunerProcFactory: RS 3 newColExprMap: {VALUE._col0=Column[_col0], KEY.reducesinkkey0=Column[_col1]}
2024-04-23T20:53:02,594  INFO [main] optimizer.BucketVersionPopulator: not considering bucketingVersion for: TS[0] because it has -1<2 buckets 
2024-04-23T20:53:02,595  INFO [main] optimizer.SortedDynPartitionOptimizer: Sorted dynamic partitioning optimization kicked in..
2024-04-23T20:53:02,604  INFO [main] physical.Vectorizer: Examining input format to see if vectorization is enabled.
2024-04-23T20:53:02,605  INFO [main] physical.Vectorizer: Vectorization is enabled for input format(s) [org.apache.hadoop.hive.ql.io.orc.OrcInputFormat]
2024-04-23T20:53:02,605  INFO [main] physical.Vectorizer: Validating and vectorizing MapWork... (vectorizedVertexNum 0)
2024-04-23T20:53:02,607  INFO [main] physical.Vectorizer: Map vectorization enabled: true
2024-04-23T20:53:02,607  INFO [main] physical.Vectorizer: Map vectorized: true
2024-04-23T20:53:02,607  INFO [main] physical.Vectorizer: Map vectorizedVertexNum: 0
2024-04-23T20:53:02,608  INFO [main] physical.Vectorizer: Map enabledConditionsMet: [hive.vectorized.use.vectorized.input.format IS true]
2024-04-23T20:53:02,608  INFO [main] physical.Vectorizer: Map inputFileFormatClassNameSet: [org.apache.hadoop.hive.ql.io.orc.OrcInputFormat]
2024-04-23T20:53:02,608  INFO [main] physical.Vectorizer: Reduce vectorization enabled: false
2024-04-23T20:53:02,608  INFO [main] physical.Vectorizer: Reduce vectorized: false
2024-04-23T20:53:02,608  INFO [main] physical.Vectorizer: Reduce vectorizedVertexNum: 1
2024-04-23T20:53:02,608  INFO [main] physical.Vectorizer: Reducer hive.vectorized.execution.reduce.enabled: true
2024-04-23T20:53:02,608  INFO [main] physical.Vectorizer: Reducer engine: mr
2024-04-23T20:53:02,608  INFO [main] parse.CalcitePlanner: Completed plan generation
2024-04-23T20:53:02,608  INFO [main] parse.CalcitePlanner: Ending caching scope for: 
2024-04-23T20:53:02,608  INFO [main] ql.Driver: Semantic Analysis Completed (retrial = false)
2024-04-23T20:53:02,608  INFO [main] ql.Driver: Created Hive schema: Schema(fieldSchemas:[FieldSchema(name:row__id, type:struct<writeid:bigint,bucketid:int,rowid:bigint>, comment:null), FieldSchema(name:a, type:int, comment:null)], properties:null)
2024-04-23T20:53:02,609  INFO [main] exec.ListSinkOperator: Initializing Operator: LIST_SINK[10]
2024-04-23T20:53:02,609  INFO [main] metadata.Hive: Dumping metastore api call timing information for : compilation phase
2024-04-23T20:53:02,610  INFO [main] metadata.Hive: Total time spent in each metastore function (ms): {getTable_(GetTableRequest)=7, getAllTableConstraints_(AllTableConstraintsRequest)=5, commitTxn_(CommitTxnRequest)=13, flushCache_()=0, getTableColumnStatistics_(String, String, List, String)=8, isCompatibleWith_(Configuration)=0, getValidWriteIds_(List, String)=3, openTxn_(String, TxnType)=2, getValidTxns_(long)=1}
2024-04-23T20:53:02,610  INFO [main] ql.Driver: Completed compiling command(queryId=alex_20240423205302_8a690405-1a96-4dfd-86df-e234bacd9180); Time taken: 0.167 seconds
2024-04-23T20:53:02,610  INFO [main] lockmgr.DbTxnManager: Setting lock request transaction to txnid:19 for queryId=alex_20240423205302_8a690405-1a96-4dfd-86df-e234bacd9180
2024-04-23T20:53:02,611  INFO [main] lockmgr.DbLockManager: Requesting lock for queryId=alex_20240423205302_8a690405-1a96-4dfd-86df-e234bacd9180
2024-04-23T20:53:02,626  INFO [main] lockmgr.DbLockManager: Response to queryId=alex_20240423205302_8a690405-1a96-4dfd-86df-e234bacd9180 LockResponse(lockid:12, state:ACQUIRED)
2024-04-23T20:53:02,626  INFO [main] ql.Driver: Operation QUERY obtained 1 locks
2024-04-23T20:53:02,627  INFO [main] ql.Driver: Executing command(queryId=alex_20240423205302_8a690405-1a96-4dfd-86df-e234bacd9180): select ROW__ID, a from T where b > 6 order by a
2024-04-23T20:53:02,627  WARN [main] ql.Driver: Hive-on-MR is deprecated in Hive 2 and may not be available in the future versions. Consider using a different execution engine (i.e. tez, spark) or using Hive 1.X releases.
Query ID = alex_20240423205302_8a690405-1a96-4dfd-86df-e234bacd9180
2024-04-23T20:53:02,627  INFO [main] ql.Driver: Query ID = alex_20240423205302_8a690405-1a96-4dfd-86df-e234bacd9180
Total jobs = 1
2024-04-23T20:53:02,627  INFO [main] ql.Driver: Total jobs = 1
Launching Job 1 out of 1
2024-04-23T20:53:02,627  INFO [main] ql.Driver: Launching Job 1 out of 1
2024-04-23T20:53:02,777  INFO [main] ql.Driver: Starting task [Stage-1:MAPRED] in serial mode
Number of reduce tasks determined at compile time: 1
2024-04-23T20:53:02,777  INFO [main] exec.Task: Number of reduce tasks determined at compile time: 1
In order to change the average load for a reducer (in bytes):
2024-04-23T20:53:02,777  INFO [main] exec.Task: In order to change the average load for a reducer (in bytes):
  set hive.exec.reducers.bytes.per.reducer=<number>
2024-04-23T20:53:02,777  INFO [main] exec.Task:   set hive.exec.reducers.bytes.per.reducer=<number>
In order to limit the maximum number of reducers:
2024-04-23T20:53:02,777  INFO [main] exec.Task: In order to limit the maximum number of reducers:
  set hive.exec.reducers.max=<number>
2024-04-23T20:53:02,778  INFO [main] exec.Task:   set hive.exec.reducers.max=<number>
In order to set a constant number of reducers:
2024-04-23T20:53:02,778  INFO [main] exec.Task: In order to set a constant number of reducers:
  set mapreduce.job.reduces=<number>
2024-04-23T20:53:02,778  INFO [main] exec.Task:   set mapreduce.job.reduces=<number>
2024-04-23T20:53:02,780  INFO [main] mr.ExecDriver: Using org.apache.hadoop.hive.ql.io.HiveInputFormat
2024-04-23T20:53:02,780  INFO [main] exec.Utilities: Processing alias t
2024-04-23T20:53:02,780  INFO [main] exec.Utilities: Adding 1 inputs; the first input is file:/home/alex/Repositories/hive/ql/target/tmp/org.apache.hadoop.hive.ql.TestTxnNoBuckets-1713930630697/warehouse/t
2024-04-23T20:53:02,790  INFO [main] exec.SerializationUtilities: Serializing MapWork using kryo
2024-04-23T20:53:02,791  INFO [main] exec.Utilities: Serialized plan (via FILE) - name: null size: 6,73KB
2024-04-23T20:53:02,796  INFO [main] exec.SerializationUtilities: Serializing ReduceWork using kryo
2024-04-23T20:53:02,797  INFO [main] exec.Utilities: Serialized plan (via FILE) - name: null size: 7,73KB
2024-04-23T20:53:02,798  WARN [main] impl.MetricsSystemImpl: JobTracker metrics system already initialized!
2024-04-23T20:53:02,804  WARN [main] impl.MetricsSystemImpl: JobTracker metrics system already initialized!
2024-04-23T20:53:02,812  WARN [main] mapreduce.JobResourceUploader: Hadoop command-line option parsing not performed. Implement the Tool interface and execute your application with ToolRunner to remedy this.
2024-04-23T20:53:02,816  WARN [main] mapreduce.JobResourceUploader: No job jar file set.  User classes may not be found. See Job or Job#setJar(String).
2024-04-23T20:53:02,818  INFO [main] io.HiveInputFormat: hive.io.file.readcolumn.ids = 0,1
2024-04-23T20:53:02,818  INFO [main] io.HiveInputFormat: hive.io.file.readcolumn.names = a,b
2024-04-23T20:53:02,818  INFO [main] io.HiveInputFormat: Generating splits for dirs: file:/home/alex/Repositories/hive/ql/target/tmp/org.apache.hadoop.hive.ql.TestTxnNoBuckets-1713930630697/warehouse/t
2024-04-23T20:53:02,818  INFO [main] orc.OrcInputFormat: getSplits started
2024-04-23T20:53:02,818  INFO [main] orc.OrcInputFormat: Context:: isAcid: true isVectorMode: true sarg: (not leaf-(LESS_THAN_EQUALS b 6)) minSplitSize: 1 maxSplitSize: 256000000 splitStrategy: HYBRID footerInSplits: false numBuckets: 0 numThreads: 10 cacheMemSize: 268435456 cacheStripeDetails: true useSoftReference: false writeIdList: default.t:10000000:9223372036854775807:: isTransactionalTable: true txnProperties: default 
2024-04-23T20:53:02,818  INFO [main] orc.OrcInputFormat: ORC pushdown predicate: (not leaf-(LESS_THAN_EQUALS b 6))
2024-04-23T20:53:02,826  INFO [main] orc.OrcInputFormat: FooterCacheHitRatio: 1/1
2024-04-23T20:53:02,826  INFO [main] orc.OrcInputFormat: getSplits finished (#splits: 1). duration: 8 ms
2024-04-23T20:53:02,826  INFO [main] io.HiveInputFormat: number of splits 1
2024-04-23T20:53:02,845  INFO [main] mapreduce.JobSubmitter: number of splits:1
2024-04-23T20:53:02,866  INFO [main] mapreduce.JobSubmitter: Submitting tokens for job: job_local1136296557_0068
2024-04-23T20:53:02,867  INFO [main] mapreduce.JobSubmitter: Executing with tokens: []
2024-04-23T20:53:02,933  INFO [main] mapreduce.Job: The url to track the job: http://localhost:8080/
Job running in-process (local Hadoop)
2024-04-23T20:53:02,933  INFO [main] exec.Task: Job running in-process (local Hadoop)
2024-04-23T20:53:02,933  INFO [Thread-4433] mapred.LocalJobRunner: OutputCommitter set in config org.apache.hadoop.hive.ql.io.HiveFileFormatUtils$NullOutputCommitter
2024-04-23T20:53:02,933  INFO [Thread-4433] mapred.LocalJobRunner: OutputCommitter is org.apache.hadoop.hive.ql.io.HiveFileFormatUtils$NullOutputCommitter
2024-04-23T20:53:02,934  INFO [Thread-4433] mapred.LocalJobRunner: Waiting for map tasks
2024-04-23T20:53:02,934  INFO [LocalJobRunner Map Task Executor #0] mapred.LocalJobRunner: Starting task: attempt_local1136296557_0068_m_000000_0
2024-04-23T20:53:02,935  INFO [LocalJobRunner Map Task Executor #0] mapred.Task:  Using ResourceCalculatorProcessTree : [ ]
2024-04-23T20:53:02,935  INFO [LocalJobRunner Map Task Executor #0] mapred.MapTask: Processing split: org.apache.hadoop.hive.ql.io.orc.OrcInputFormat:OrcSplit [file:/home/alex/Repositories/hive/ql/target/tmp/org.apache.hadoop.hive.ql.TestTxnNoBuckets-1713930630697/warehouse/t/000000_0, start=3, length=113, isOriginal=true, fileLength=259, hasFooter=false, hasBase=true, deltas=0]
2024-04-23T20:53:02,936  INFO [LocalJobRunner Map Task Executor #0] exec.SerializationUtilities: Deserializing MapWork using kryo
2024-04-23T20:53:02,936  INFO [LocalJobRunner Map Task Executor #0] exec.Utilities: Deserialized plan (via FILE) - name: null size: 6,73KB
2024-04-23T20:53:02,937  INFO [LocalJobRunner Map Task Executor #0] orc.OrcInputFormat: ORC pushdown predicate: (not leaf-(LESS_THAN_EQUALS b 6))
2024-04-23T20:53:02,937  INFO [LocalJobRunner Map Task Executor #0] orc.VectorizedOrcAcidRowBatchReader: Read ValidWriteIdList: default.t:10000000:9223372036854775807:::OrcSplit [file:/home/alex/Repositories/hive/ql/target/tmp/org.apache.hadoop.hive.ql.TestTxnNoBuckets-1713930630697/warehouse/t/000000_0, start=3, length=113, isOriginal=true, fileLength=259, hasFooter=false, hasBase=true, deltas=0]
2024-04-23T20:53:02,937  INFO [LocalJobRunner Map Task Executor #0] orc.ReaderImpl: Reading ORC rows from file:/home/alex/Repositories/hive/ql/target/tmp/org.apache.hadoop.hive.ql.TestTxnNoBuckets-1713930630697/warehouse/t/000000_0 with {include: [true, true, true], offset: 3, length: 113, sarg: (not leaf-(LESS_THAN_EQUALS b 6)), schema: struct<a:int,b:int>, includeAcidColumns: true}
2024-04-23T20:53:02,938  INFO [LocalJobRunner Map Task Executor #0] mapred.MapTask: numReduceTasks: 1
2024-04-23T20:53:02,942  INFO [LocalJobRunner Map Task Executor #0] mapred.MapTask: (EQUATOR) 0 kvi 26214396(104857584)
2024-04-23T20:53:02,943  INFO [LocalJobRunner Map Task Executor #0] mapred.MapTask: mapreduce.task.io.sort.mb: 100
2024-04-23T20:53:02,943  INFO [LocalJobRunner Map Task Executor #0] mapred.MapTask: soft limit at 83886080
2024-04-23T20:53:02,943  INFO [LocalJobRunner Map Task Executor #0] mapred.MapTask: bufstart = 0; bufvoid = 104857600
2024-04-23T20:53:02,943  INFO [LocalJobRunner Map Task Executor #0] mapred.MapTask: kvstart = 26214396; length = 6553600
2024-04-23T20:53:02,943  INFO [LocalJobRunner Map Task Executor #0] mapred.MapTask: Map output collector class = org.apache.hadoop.mapred.MapTask$MapOutputBuffer
2024-04-23T20:53:02,943  INFO [LocalJobRunner Map Task Executor #0] vector.VectorMapOperator: Initializing Operator: MAP[0]
2024-04-23T20:53:02,944  INFO [LocalJobRunner Map Task Executor #0] mr.ExecMapper: 
<MAP>Id =0
  <Children>null
  <\Children>
  <Parent><\Parent>
<\MAP>
2024-04-23T20:53:02,944  INFO [LocalJobRunner Map Task Executor #0] exec.TableScanOperator: Initializing Operator: TS[0]
2024-04-23T20:53:02,944  INFO [LocalJobRunner Map Task Executor #0] vector.VectorFilterOperator: Initializing Operator: FIL[7]
2024-04-23T20:53:02,944  INFO [LocalJobRunner Map Task Executor #0] vector.VectorSelectOperator: Initializing Operator: SEL[8]
2024-04-23T20:53:02,945  INFO [LocalJobRunner Map Task Executor #0] vector.VectorReduceSinkOperator: Initializing Operator: RS[9]
2024-04-23T20:53:02,945  INFO [LocalJobRunner Map Task Executor #0] vector.VectorReduceSinkOperator: Using tag = -1
2024-04-23T20:53:02,946  INFO [LocalJobRunner Map Task Executor #0] vector.VectorReduceSinkOperator: keys are [reducesinkkey0] num distributions: 1
2024-04-23T20:53:02,946  INFO [LocalJobRunner Map Task Executor #0] vector.VectorReduceSinkOperator: RS[9]: records written - 1
2024-04-23T20:53:02,946  INFO [LocalJobRunner Map Task Executor #0] vector.VectorMapOperator: Closing Operator: MAP[0]
2024-04-23T20:53:02,947  INFO [LocalJobRunner Map Task Executor #0] vector.VectorMapOperator: RECORDS_OUT_OPERATOR_MAP_0:0, DESERIALIZE_ERRORS:0, RECORDS_IN:5, RECORDS_OUT_INTERMEDIATE:0, 
2024-04-23T20:53:02,947  INFO [LocalJobRunner Map Task Executor #0] exec.TableScanOperator: Closing Operator: TS[0]
2024-04-23T20:53:02,947  INFO [LocalJobRunner Map Task Executor #0] exec.TableScanOperator: RECORDS_OUT_INTERMEDIATE:0, RECORDS_OUT_OPERATOR_TS_0:5, 
2024-04-23T20:53:02,947  INFO [LocalJobRunner Map Task Executor #0] vector.VectorFilterOperator: Closing Operator: FIL[7]
2024-04-23T20:53:02,947  INFO [LocalJobRunner Map Task Executor #0] vector.VectorFilterOperator: RECORDS_OUT_OPERATOR_FIL_7:2, RECORDS_OUT_INTERMEDIATE:0, 
2024-04-23T20:53:02,947  INFO [LocalJobRunner Map Task Executor #0] vector.VectorSelectOperator: Closing Operator: SEL[8]
2024-04-23T20:53:02,947  INFO [LocalJobRunner Map Task Executor #0] vector.VectorSelectOperator: RECORDS_OUT_OPERATOR_SEL_8:2, RECORDS_OUT_INTERMEDIATE:0, 
2024-04-23T20:53:02,947  INFO [LocalJobRunner Map Task Executor #0] vector.VectorReduceSinkOperator: Closing Operator: RS[9]
2024-04-23T20:53:02,947  INFO [LocalJobRunner Map Task Executor #0] vector.VectorReduceSinkOperator: RS[9]: Total records written - 2. abort - false
2024-04-23T20:53:02,947  INFO [LocalJobRunner Map Task Executor #0] vector.VectorReduceSinkOperator: RECORDS_OUT_INTERMEDIATE:2, RECORDS_OUT_OPERATOR_RS_9:2, 
2024-04-23T20:53:02,948  INFO [LocalJobRunner Map Task Executor #0] mapred.LocalJobRunner: 
2024-04-23T20:53:02,948  INFO [LocalJobRunner Map Task Executor #0] mapred.MapTask: Starting flush of map output
2024-04-23T20:53:02,948  INFO [LocalJobRunner Map Task Executor #0] mapred.MapTask: Spilling map output
2024-04-23T20:53:02,948  INFO [LocalJobRunner Map Task Executor #0] mapred.MapTask: bufstart = 0; bufend = 54; bufvoid = 104857600
2024-04-23T20:53:02,948  INFO [LocalJobRunner Map Task Executor #0] mapred.MapTask: kvstart = 26214396(104857584); kvend = 26214392(104857568); length = 5/6553600
2024-04-23T20:53:02,957  INFO [LocalJobRunner Map Task Executor #0] mapred.MapTask: Finished spill 0
2024-04-23T20:53:02,960  INFO [LocalJobRunner Map Task Executor #0] mapred.Task: Task:attempt_local1136296557_0068_m_000000_0 is done. And is in the process of committing
2024-04-23T20:53:02,960  INFO [LocalJobRunner Map Task Executor #0] mapred.LocalJobRunner: OrcSplit [file:/home/alex/Repositories/hive/ql/target/tmp/org.apache.hadoop.hive.ql.TestTxnNoBuckets-1713930630697/warehouse/t/000000_0, start=3, length=113, isOriginal=true, fileLength=259, hasFooter=false, hasBase=true, deltas=0]
2024-04-23T20:53:02,960  INFO [LocalJobRunner Map Task Executor #0] mapred.Task: Task 'attempt_local1136296557_0068_m_000000_0' done.
2024-04-23T20:53:02,960  INFO [LocalJobRunner Map Task Executor #0] mapred.Task: Final Counters for attempt_local1136296557_0068_m_000000_0: Counters: 25
	File System Counters
		FILE: Number of bytes read=1627347
		FILE: Number of bytes written=81815185
		FILE: Number of read operations=0
		FILE: Number of large read operations=0
		FILE: Number of write operations=0
	Map-Reduce Framework
		Map input records=1
		Map output records=2
		Map output bytes=54
		Map output materialized bytes=64
		Input split bytes=471
		Combine input records=0
		Spilled Records=2
		Failed Shuffles=0
		Merged Map outputs=0
		GC time elapsed (ms)=0
		Total committed heap usage (bytes)=1207959552
	HIVE
		DESERIALIZE_ERRORS=0
		RECORDS_IN=5
		RECORDS_OUT_INTERMEDIATE=2
		RECORDS_OUT_OPERATOR_FIL_7=2
		RECORDS_OUT_OPERATOR_MAP_0=0
		RECORDS_OUT_OPERATOR_RS_9=2
		RECORDS_OUT_OPERATOR_SEL_8=2
		RECORDS_OUT_OPERATOR_TS_0=5
	File Input Format Counters 
		Bytes Read=8164
2024-04-23T20:53:02,961  INFO [LocalJobRunner Map Task Executor #0] mapred.LocalJobRunner: Finishing task: attempt_local1136296557_0068_m_000000_0
2024-04-23T20:53:02,961  INFO [Thread-4433] mapred.LocalJobRunner: map task executor complete.
2024-04-23T20:53:02,962  INFO [Thread-4433] mapred.LocalJobRunner: Waiting for reduce tasks
2024-04-23T20:53:02,962  INFO [pool-282-thread-1] mapred.LocalJobRunner: Starting task: attempt_local1136296557_0068_r_000000_0
2024-04-23T20:53:02,962  INFO [pool-282-thread-1] mapred.Task:  Using ResourceCalculatorProcessTree : [ ]
2024-04-23T20:53:02,962  INFO [pool-282-thread-1] mapred.ReduceTask: Using ShuffleConsumerPlugin: org.apache.hadoop.mapreduce.task.reduce.Shuffle@41e7502c
2024-04-23T20:53:02,962  WARN [pool-282-thread-1] impl.MetricsSystemImpl: JobTracker metrics system already initialized!
2024-04-23T20:53:02,963  INFO [pool-282-thread-1] reduce.MergeManagerImpl: MergerManager: memoryLimit=1336252800, maxSingleShuffleLimit=334063200, mergeThreshold=881926912, ioSortFactor=10, memToMemMergeOutputsThreshold=10
2024-04-23T20:53:02,964  INFO [EventFetcher for fetching Map Completion Events] reduce.EventFetcher: attempt_local1136296557_0068_r_000000_0 Thread started: EventFetcher for fetching Map Completion Events
2024-04-23T20:53:02,964  INFO [localfetcher#42] reduce.LocalFetcher: localfetcher#42 about to shuffle output of map attempt_local1136296557_0068_m_000000_0 decomp: 60 len: 64 to MEMORY
2024-04-23T20:53:02,964  INFO [localfetcher#42] reduce.InMemoryMapOutput: Read 60 bytes from map-output for attempt_local1136296557_0068_m_000000_0
2024-04-23T20:53:02,965  INFO [localfetcher#42] reduce.MergeManagerImpl: closeInMemoryFile -> map-output of size: 60, inMemoryMapOutputs.size() -> 1, commitMemory -> 0, usedMemory ->60
2024-04-23T20:53:02,965  INFO [EventFetcher for fetching Map Completion Events] reduce.EventFetcher: EventFetcher is interrupted.. Returning
2024-04-23T20:53:02,965  INFO [pool-282-thread-1] mapred.LocalJobRunner: 1 / 1 copied.
2024-04-23T20:53:02,965  INFO [pool-282-thread-1] reduce.MergeManagerImpl: finalMerge called with 1 in-memory map-outputs and 0 on-disk map-outputs
2024-04-23T20:53:02,972  INFO [pool-282-thread-1] mapred.Merger: Merging 1 sorted segments
2024-04-23T20:53:02,972  INFO [pool-282-thread-1] mapred.Merger: Down to the last merge-pass, with 1 segments left of total size: 48 bytes
2024-04-23T20:53:02,979  INFO [pool-282-thread-1] reduce.MergeManagerImpl: Merged 1 segments, 60 bytes to disk to satisfy reduce memory limit
2024-04-23T20:53:02,979  INFO [pool-282-thread-1] reduce.MergeManagerImpl: Merging 1 files, 64 bytes from disk
2024-04-23T20:53:02,979  INFO [pool-282-thread-1] reduce.MergeManagerImpl: Merging 0 segments, 0 bytes from memory into reduce
2024-04-23T20:53:02,979  INFO [pool-282-thread-1] mapred.Merger: Merging 1 sorted segments
2024-04-23T20:53:02,979  INFO [pool-282-thread-1] mapred.Merger: Down to the last merge-pass, with 1 segments left of total size: 48 bytes
2024-04-23T20:53:02,980  INFO [pool-282-thread-1] mapred.LocalJobRunner: 1 / 1 copied.
2024-04-23T20:53:02,981  INFO [pool-282-thread-1] exec.SerializationUtilities: Deserializing ReduceWork using kryo
2024-04-23T20:53:02,982  INFO [pool-282-thread-1] exec.Utilities: Deserialized plan (via FILE) - name: null size: 7,73KB
2024-04-23T20:53:02,984  INFO [pool-282-thread-1] ExecReducer: 
<SEL>Id =4
  <Children>
    <FS>Id =5
      <Children>
      <\Children>
      <Parent>Id = 4 null<\Parent>
    <\FS>
  <\Children>
  <Parent><\Parent>
<\SEL>
2024-04-23T20:53:02,984  INFO [pool-282-thread-1] exec.SelectOperator: Initializing Operator: SEL[4]
2024-04-23T20:53:02,984  INFO [pool-282-thread-1] exec.SelectOperator: SELECT struct<key:struct<reducesinkkey0:int>,value:struct<_col0:struct<writeid:bigint,bucketid:int,rowid:bigint>>>
2024-04-23T20:53:02,984  INFO [pool-282-thread-1] exec.FileSinkOperator: Initializing Operator: FS[5]
2024-04-23T20:53:02,985  INFO [pool-282-thread-1] exec.FileSinkOperator: Using serializer : class org.apache.hadoop.hive.serde2.lazy.LazySimpleSerDe [serdeParams=org.apache.hadoop.hive.serde2.lazy.LazySerDeParameters@162a12bd, cachedObjectInspector=org.apache.hadoop.hive.serde2.lazy.objectinspector.LazySimpleStructObjectInspector<org.apache.hadoop.hive.serde2.lazy.objectinspector.LazySimpleStructObjectInspector<org.apache.hadoop.hive.serde2.lazy.objectinspector.primitive.LazyLongObjectInspector@7fac3ce0,org.apache.hadoop.hive.serde2.lazy.objectinspector.primitive.LazyIntObjectInspector@3e3b41cb,org.apache.hadoop.hive.serde2.lazy.objectinspector.primitive.LazyLongObjectInspector@7fac3ce0>,org.apache.hadoop.hive.serde2.lazy.objectinspector.primitive.LazyIntObjectInspector@3e3b41cb>, serializedSize=0, stats=org.apache.hadoop.hive.serde2.SerDeStats@6a7c499f, lastOperationSerialize=false, lastOperationDeserialize=false [1, 2, 3, 4, 5, 6, 7, 8, 11, 14, 15, 16, 17, 18, 19, 20, 21, 22, 23, 24, 25, 26, 28, 29, 30, 31, -128, -127, -126, -125, -124, -123, -122, -121, -120, -119, -118, -117, -116, -115, -114, -113, -112, -111, -110, -109, -108, -107, -106, -105, -104, -103, -102, -101, -100, -99, -98, -97, -96, -95, -94, -93, -92, -91, -90, -89, -88, -87, -86, -85, -84, -83, -82, -81, -80, -79, -78, -77, -76, -75, -74, -73, -72, -71, -70, -69, -68, -67, -66, -65, -64, -63, -62, -61, -60, -59, -58, -57, -56, -55, -54, -53, -52, -51, -50, -49, -48, -47, -46, -45, -44, -43, -42, -41, -40, -39, -38, -37, -36, -35, -34, -33, -32, -31, -30, -29, -28, -27, -26, -25, -24, -23, -22, -21, -20, -19, -18, -17, -16, -15, -14, -13, -12, -11, -10, -9, -8, -7, -6, -5, -4, -3, -2, -1] : [_col0, _col1] : [struct<writeid:bigint,bucketid:int,rowid:bigint>, int]] and formatter : org.apache.hadoop.hive.ql.io.HiveSequenceFileOutputFormat@10d6a56c
2024-04-23T20:53:02,986  INFO [pool-282-thread-1] exec.FileSinkOperator: Final Path: FS file:/home/alex/Repositories/hive/ql/target/tmp/localscratchdir/af9f0d40-e19c-4872-af4b-39c2733abb23/hive_2024-04-23_20-53-02_442_8046320995394495473-1/-mr-10001/.hive-staging_hive_2024-04-23_20-53-02_442_8046320995394495473-1/_tmp.-ext-10002/000000_0
2024-04-23T20:53:02,986  INFO [pool-282-thread-1] exec.FileSinkOperator: Writing to temp file: FS file:/home/alex/Repositories/hive/ql/target/tmp/localscratchdir/af9f0d40-e19c-4872-af4b-39c2733abb23/hive_2024-04-23_20-53-02_442_8046320995394495473-1/-mr-10001/.hive-staging_hive_2024-04-23_20-53-02_442_8046320995394495473-1/_task_tmp.-ext-10002/_tmp.000000_0
2024-04-23T20:53:02,986  INFO [pool-282-thread-1] exec.FileSinkOperator: New Final Path: FS file:/home/alex/Repositories/hive/ql/target/tmp/localscratchdir/af9f0d40-e19c-4872-af4b-39c2733abb23/hive_2024-04-23_20-53-02_442_8046320995394495473-1/-mr-10001/.hive-staging_hive_2024-04-23_20-53-02_442_8046320995394495473-1/_tmp.-ext-10002/000000_0
2024-04-23T20:53:03,003  INFO [pool-282-thread-1] exec.FileSinkOperator: FS[5]: records written - 1
2024-04-23T20:53:03,004  INFO [pool-282-thread-1] exec.SelectOperator: Closing Operator: SEL[4]
2024-04-23T20:53:03,004  INFO [pool-282-thread-1] exec.SelectOperator: RECORDS_OUT_OPERATOR_SEL_4:2, RECORDS_OUT_INTERMEDIATE:0, 
2024-04-23T20:53:03,004  INFO [pool-282-thread-1] exec.FileSinkOperator: Closing Operator: FS[5]
2024-04-23T20:53:03,004  INFO [pool-282-thread-1] exec.FileSinkOperator: FS[5]: records written - 2
2024-04-23T20:53:03,004  INFO [pool-282-thread-1] exec.FileSinkOperator: RECORDS_OUT_OPERATOR_FS_5:2, RECORDS_OUT_INTERMEDIATE:0, RECORDS_OUT_0:2, 
2024-04-23T20:53:03,005  INFO [pool-282-thread-1] mapred.Task: Task:attempt_local1136296557_0068_r_000000_0 is done. And is in the process of committing
2024-04-23T20:53:03,006  INFO [pool-282-thread-1] mapred.LocalJobRunner: reduce > reduce
2024-04-23T20:53:03,006  INFO [pool-282-thread-1] mapred.Task: Task 'attempt_local1136296557_0068_r_000000_0' done.
2024-04-23T20:53:03,006  INFO [pool-282-thread-1] mapred.Task: Final Counters for attempt_local1136296557_0068_r_000000_0: Counters: 29
	File System Counters
		FILE: Number of bytes read=1635311
		FILE: Number of bytes written=81815404
		FILE: Number of read operations=0
		FILE: Number of large read operations=0
		FILE: Number of write operations=0
	Map-Reduce Framework
		Combine input records=0
		Combine output records=0
		Reduce input groups=2
		Reduce shuffle bytes=64
		Reduce input records=2
		Reduce output records=0
		Spilled Records=2
		Shuffled Maps =1
		Failed Shuffles=0
		Merged Map outputs=1
		GC time elapsed (ms)=0
		Total committed heap usage (bytes)=1207959552
	HIVE
		CREATED_FILES=1
		RECORDS_OUT_0=2
		RECORDS_OUT_INTERMEDIATE=0
		RECORDS_OUT_OPERATOR_FS_5=2
		RECORDS_OUT_OPERATOR_SEL_4=2
	Shuffle Errors
		BAD_ID=0
		CONNECTION=0
		IO_ERROR=0
		WRONG_LENGTH=0
		WRONG_MAP=0
		WRONG_REDUCE=0
	File Output Format Counters 
		Bytes Written=0
2024-04-23T20:53:03,007  INFO [pool-282-thread-1] mapred.LocalJobRunner: Finishing task: attempt_local1136296557_0068_r_000000_0
2024-04-23T20:53:03,007  INFO [Thread-4433] mapred.LocalJobRunner: reduce task executor complete.
2024-04-23 20:53:03,935 Stage-1 map = 100%,  reduce = 100%
2024-04-23T20:53:03,935  INFO [main] exec.Task: 2024-04-23 20:53:03,935 Stage-1 map = 100%,  reduce = 100%
Ended Job = job_local1136296557_0068
2024-04-23T20:53:03,936  INFO [main] exec.Task: Ended Job = job_local1136296557_0068
2024-04-23T20:53:03,939  INFO [main] metadata.Hive: Dumping metastore api call timing information for : execution phase
2024-04-23T20:53:03,939  INFO [main] metadata.Hive: Total time spent in each metastore function (ms): {}
MapReduce Jobs Launched: 
2024-04-23T20:53:03,939  INFO [main] ql.Driver: MapReduce Jobs Launched: 
Stage-Stage-1:  HDFS Read: 0 HDFS Write: 0 SUCCESS
2024-04-23T20:53:03,939  INFO [main] ql.Driver: Stage-Stage-1:  HDFS Read: 0 HDFS Write: 0 SUCCESS
Total MapReduce CPU Time Spent: 0 msec
2024-04-23T20:53:03,939  INFO [main] ql.Driver: Total MapReduce CPU Time Spent: 0 msec
2024-04-23T20:53:03,939  INFO [main] ql.Driver: Completed executing command(queryId=alex_20240423205302_8a690405-1a96-4dfd-86df-e234bacd9180); Time taken: 1.312 seconds
2024-04-23T20:53:03,940  INFO [main] lockmgr.DbTxnManager: Stopped heartbeat for query: alex_20240423205302_8a690405-1a96-4dfd-86df-e234bacd9180
2024-04-23T20:53:03,944  INFO [main] txn.TxnHandler: Expected to move at least one record from txn_components to completed_txn_components when committing txn! txnid:19
2024-04-23T20:53:03,949  INFO [main] txn.TxnHandler: Removed transactions: ([19]) from MIN_HISTORY_LEVEL
2024-04-23T20:53:03,949  WARN [main] txn.CompactionTxnHandler: No compaction queue record found for Compaction type transaction commit. txnId:19
2024-04-23T20:53:03,952  INFO [main] mapred.FileInputFormat: Total input files to process : 1
2024-04-23T20:53:03,953  INFO [main] exec.ListSinkOperator: Closing Operator: LIST_SINK[10]
2024-04-23T20:53:03,953  INFO [main] exec.ListSinkOperator: RECORDS_OUT_OPERATOR_LIST_SINK_10:2, RECORDS_OUT_INTERMEDIATE:0, 
2024-04-23T20:53:03,953  WARN [main] ql.TestTxnNoBuckets: null: read data(After conversion with VC1): 
2024-04-23T20:53:03,953  INFO [main] ql.TestTxnNoBuckets: {"writeid":0,"bucketid":536870912,"rowid":3}	6
{"writeid":0,"bucketid":536870912,"rowid":4}	9

2024-04-23T20:53:03,953  INFO [main] ql.TxnCommandsBaseForTests: Running the query: EXPLAIN VECTORIZATION DETAIL select ROW__ID, a from T where b > 6 order by a
2024-04-23T20:53:03,953  INFO [main] ql.Context: Deleting scratch dir: file:/home/alex/Repositories/hive/ql/target/tmp/localscratchdir/af9f0d40-e19c-4872-af4b-39c2733abb23/hive_2024-04-23_20-53-02_442_8046320995394495473-1
2024-04-23T20:53:03,954  INFO [main] cleanup.SyncCleanupService: Deleted directory: file:/home/alex/Repositories/hive/ql/target/tmp/localscratchdir/af9f0d40-e19c-4872-af4b-39c2733abb23/hive_2024-04-23_20-53-02_442_8046320995394495473-1 on fs with scheme file
2024-04-23T20:53:03,954  INFO [main] ql.Driver: Compiling command(queryId=alex_20240423205303_9d2111df-f2bf-4b2b-9750-e3e65f249082): EXPLAIN VECTORIZATION DETAIL select ROW__ID, a from T where b > 6 order by a
2024-04-23T20:53:03,957  INFO [main] txn.TxnHandler: Added entries to MIN_HISTORY_LEVEL for current txns: ([20]) with min_open_txn: 20
2024-04-23T20:53:03,957  INFO [main] lockmgr.DbTxnManager: Opened txnid:20
2024-04-23T20:53:03,958  INFO [main] parse.CalcitePlanner: Starting Semantic Analysis
2024-04-23T20:53:03,960  INFO [main] parse.CalcitePlanner: Completed phase 1 of Semantic Analysis
2024-04-23T20:53:03,960  INFO [main] parse.CalcitePlanner: Get metadata for source tables
2024-04-23T20:53:03,961  INFO [main] HiveMetaStore.audit: ugi=alex	ip=unknown-ip-addr	cmd=get_table : tbl=hive.default.t	
2024-04-23T20:53:03,972  INFO [main] metastore.HMSHandler: Skipping translation for processor with null
2024-04-23T20:53:03,973  INFO [main] parse.CalcitePlanner: Get metadata for subqueries
2024-04-23T20:53:03,973  INFO [main] parse.CalcitePlanner: Get metadata for destination tables
2024-04-23T20:53:03,973  INFO [main] parse.CalcitePlanner: Completed getting MetaData in Semantic Analysis
2024-04-23T20:53:03,986  INFO [main] HiveMetaStore.audit: ugi=alex	ip=unknown-ip-addr	cmd=get_all_table_constraints : tbl=hive.default.t	
2024-04-23T20:53:04,024  INFO [main] calcite.RelOptHiveTable: Calculating column statistics for default.t, projIndxSet: [0, 1], allowMissingStats: true
2024-04-23T20:53:04,024  INFO [main] HiveMetaStore.audit: ugi=alex	ip=unknown-ip-addr	cmd=get_table_statistics_req: table=hive.default.t	
2024-04-23T20:53:04,033  WARN [main] calcite.RelOptHiveTable: No Stats for default@t, Columns: a, b
No Stats for default@t, Columns: a, b
2024-04-23T20:53:04,033  INFO [main] SessionState: No Stats for default@t, Columns: a, b
2024-04-23T20:53:04,093  INFO [main] parse.CalcitePlanner: Get metadata for source tables
2024-04-23T20:53:04,093  INFO [main] parse.CalcitePlanner: Get metadata for subqueries
2024-04-23T20:53:04,093  INFO [main] parse.CalcitePlanner: Get metadata for destination tables
2024-04-23T20:53:04,094  INFO [main] parse.CalcitePlanner: CBO Succeeded; optimized logical plan.
2024-04-23T20:53:04,097  INFO [main] optimizer.ColumnPrunerProcFactory: RS 3 oldColExprMap: {KEY.reducesinkkey0=Column[_col1], VALUE._col0=Column[_col0]}
2024-04-23T20:53:04,097  INFO [main] optimizer.ColumnPrunerProcFactory: RS 3 newColExprMap: {VALUE._col0=Column[_col0], KEY.reducesinkkey0=Column[_col1]}
2024-04-23T20:53:04,098  INFO [main] optimizer.BucketVersionPopulator: not considering bucketingVersion for: TS[0] because it has -1<2 buckets 
2024-04-23T20:53:04,101  INFO [main] optimizer.SortedDynPartitionOptimizer: Sorted dynamic partitioning optimization kicked in..
2024-04-23T20:53:04,110  INFO [main] physical.Vectorizer: Examining input format to see if vectorization is enabled.
2024-04-23T20:53:04,111  INFO [main] physical.Vectorizer: Vectorization is enabled for input format(s) [org.apache.hadoop.hive.ql.io.orc.OrcInputFormat]
2024-04-23T20:53:04,111  INFO [main] physical.Vectorizer: Validating and vectorizing MapWork... (vectorizedVertexNum 0)
2024-04-23T20:53:04,113  INFO [main] physical.Vectorizer: Map vectorization enabled: true
2024-04-23T20:53:04,113  INFO [main] physical.Vectorizer: Map vectorized: true
2024-04-23T20:53:04,113  INFO [main] physical.Vectorizer: Map vectorizedVertexNum: 0
2024-04-23T20:53:04,113  INFO [main] physical.Vectorizer: Map enabledConditionsMet: [hive.vectorized.use.vectorized.input.format IS true]
2024-04-23T20:53:04,113  INFO [main] physical.Vectorizer: Map inputFileFormatClassNameSet: [org.apache.hadoop.hive.ql.io.orc.OrcInputFormat]
2024-04-23T20:53:04,113  INFO [main] physical.Vectorizer: Reduce vectorization enabled: false
2024-04-23T20:53:04,113  INFO [main] physical.Vectorizer: Reduce vectorized: false
2024-04-23T20:53:04,113  INFO [main] physical.Vectorizer: Reduce vectorizedVertexNum: 1
2024-04-23T20:53:04,113  INFO [main] physical.Vectorizer: Reducer hive.vectorized.execution.reduce.enabled: true
2024-04-23T20:53:04,113  INFO [main] physical.Vectorizer: Reducer engine: mr
2024-04-23T20:53:04,113  INFO [main] parse.CalcitePlanner: Completed plan generation
2024-04-23T20:53:04,113  INFO [main] ql.Driver: Semantic Analysis Completed (retrial = false)
2024-04-23T20:53:04,113  INFO [main] ql.Driver: Created Hive schema: Schema(fieldSchemas:[FieldSchema(name:Explain, type:string, comment:null)], properties:null)
2024-04-23T20:53:04,114  INFO [main] metadata.Hive: Dumping metastore api call timing information for : compilation phase
2024-04-23T20:53:04,114  INFO [main] metadata.Hive: Total time spent in each metastore function (ms): {getTable_(GetTableRequest)=12, flushCache_()=0, getTableColumnStatistics_(String, String, List, String)=8, getValidWriteIds_(List, String)=3, getAllTableConstraints_(AllTableConstraintsRequest)=5, getValidTxns_(long)=1, commitTxn_(CommitTxnRequest)=9, openTxn_(String, TxnType)=2, isCompatibleWith_(Configuration)=1}
2024-04-23T20:53:04,114  INFO [main] ql.Driver: Completed compiling command(queryId=alex_20240423205303_9d2111df-f2bf-4b2b-9750-e3e65f249082); Time taken: 0.159 seconds
2024-04-23T20:53:04,114  INFO [main] ql.Driver: Executing command(queryId=alex_20240423205303_9d2111df-f2bf-4b2b-9750-e3e65f249082): EXPLAIN VECTORIZATION DETAIL select ROW__ID, a from T where b > 6 order by a
2024-04-23T20:53:04,114  INFO [main] ql.Driver: Starting task [Stage-2:EXPLAIN] in serial mode
2024-04-23T20:53:04,126  INFO [main] metadata.Hive: Dumping metastore api call timing information for : execution phase
2024-04-23T20:53:04,126  INFO [main] metadata.Hive: Total time spent in each metastore function (ms): {}
2024-04-23T20:53:04,126  INFO [main] ql.Driver: Completed executing command(queryId=alex_20240423205303_9d2111df-f2bf-4b2b-9750-e3e65f249082); Time taken: 0.012 seconds
2024-04-23T20:53:04,127  INFO [main] lockmgr.DbTxnManager: Stopped heartbeat for query: null
2024-04-23T20:53:04,132  INFO [main] txn.TxnHandler: Expected to move at least one record from txn_components to completed_txn_components when committing txn! txnid:20
2024-04-23T20:53:04,137  INFO [main] txn.TxnHandler: Removed transactions: ([20]) from MIN_HISTORY_LEVEL
2024-04-23T20:53:04,137  WARN [main] txn.CompactionTxnHandler: No compaction queue record found for Compaction type transaction commit. txnId:20
2024-04-23T20:53:04,139  INFO [main] ql.TxnCommandsBaseForTests: Running the query: select ROW__ID, a from T where b > 0 order by a
2024-04-23T20:53:04,139  INFO [main] ql.Context: Deleting scratch dir: file:/home/alex/Repositories/hive/ql/target/tmp/localscratchdir/af9f0d40-e19c-4872-af4b-39c2733abb23/hive_2024-04-23_20-53-03_954_4761438991626257148-1
2024-04-23T20:53:04,139  INFO [main] cleanup.SyncCleanupService: Deleted directory: file:/home/alex/Repositories/hive/ql/target/tmp/localscratchdir/af9f0d40-e19c-4872-af4b-39c2733abb23/hive_2024-04-23_20-53-03_954_4761438991626257148-1 on fs with scheme file
2024-04-23T20:53:04,140  INFO [main] ql.Driver: Compiling command(queryId=alex_20240423205304_804bef8a-8708-4798-92c7-238a425cc3b1): select ROW__ID, a from T where b > 0 order by a
2024-04-23T20:53:04,142  INFO [main] txn.TxnHandler: Added entries to MIN_HISTORY_LEVEL for current txns: ([21]) with min_open_txn: 20
2024-04-23T20:53:04,142  INFO [main] lockmgr.DbTxnManager: Opened txnid:21
2024-04-23T20:53:04,143  INFO [main] parse.CalcitePlanner: Starting caching scope for: 
2024-04-23T20:53:04,143  INFO [main] parse.CalcitePlanner: Starting Semantic Analysis
2024-04-23T20:53:04,145  INFO [main] parse.CalcitePlanner: Completed phase 1 of Semantic Analysis
2024-04-23T20:53:04,145  INFO [main] parse.CalcitePlanner: Get metadata for source tables
2024-04-23T20:53:04,146  INFO [main] HiveMetaStore.audit: ugi=alex	ip=unknown-ip-addr	cmd=get_table : tbl=hive.default.t	
2024-04-23T20:53:04,153  INFO [main] metastore.HMSHandler: Skipping translation for processor with null
2024-04-23T20:53:04,153  INFO [main] parse.CalcitePlanner: Get metadata for subqueries
2024-04-23T20:53:04,153  INFO [main] parse.CalcitePlanner: Get metadata for destination tables
2024-04-23T20:53:04,153  INFO [main] parse.CalcitePlanner: Completed getting MetaData in Semantic Analysis
2024-04-23T20:53:04,165  INFO [main] HiveMetaStore.audit: ugi=alex	ip=unknown-ip-addr	cmd=get_all_table_constraints : tbl=hive.default.t	
2024-04-23T20:53:04,201  INFO [main] calcite.RelOptHiveTable: Calculating column statistics for default.t, projIndxSet: [0, 1], allowMissingStats: true
2024-04-23T20:53:04,201  INFO [main] HiveMetaStore.audit: ugi=alex	ip=unknown-ip-addr	cmd=get_table_statistics_req: table=hive.default.t	
2024-04-23T20:53:04,210  WARN [main] calcite.RelOptHiveTable: No Stats for default@t, Columns: b, a
No Stats for default@t, Columns: b, a
2024-04-23T20:53:04,210  INFO [main] SessionState: No Stats for default@t, Columns: b, a
2024-04-23T20:53:04,264  INFO [main] parse.CalcitePlanner: Get metadata for source tables
2024-04-23T20:53:04,264  INFO [main] parse.CalcitePlanner: Get metadata for subqueries
2024-04-23T20:53:04,264  INFO [main] parse.CalcitePlanner: Get metadata for destination tables
2024-04-23T20:53:04,266  INFO [main] common.FileUtils: Creating directory if it doesn't exist: file:/home/alex/Repositories/hive/ql/target/tmp/localscratchdir/af9f0d40-e19c-4872-af4b-39c2733abb23/hive_2024-04-23_20-53-04_139_2735440545426690860-1/-mr-10001/.hive-staging_hive_2024-04-23_20-53-04_139_2735440545426690860-1
2024-04-23T20:53:04,273  INFO [main] parse.CalcitePlanner: CBO Succeeded; optimized logical plan.
2024-04-23T20:53:04,276  INFO [main] optimizer.ColumnPrunerProcFactory: RS 3 oldColExprMap: {KEY.reducesinkkey0=Column[_col1], VALUE._col0=Column[_col0]}
2024-04-23T20:53:04,276  INFO [main] optimizer.ColumnPrunerProcFactory: RS 3 newColExprMap: {VALUE._col0=Column[_col0], KEY.reducesinkkey0=Column[_col1]}
2024-04-23T20:53:04,277  INFO [main] optimizer.BucketVersionPopulator: not considering bucketingVersion for: TS[0] because it has -1<2 buckets 
2024-04-23T20:53:04,277  INFO [main] optimizer.SortedDynPartitionOptimizer: Sorted dynamic partitioning optimization kicked in..
2024-04-23T20:53:04,286  INFO [main] physical.Vectorizer: Examining input format to see if vectorization is enabled.
2024-04-23T20:53:04,286  INFO [main] physical.Vectorizer: Vectorization is enabled for input format(s) [org.apache.hadoop.hive.ql.io.orc.OrcInputFormat]
2024-04-23T20:53:04,286  INFO [main] physical.Vectorizer: Validating and vectorizing MapWork... (vectorizedVertexNum 0)
2024-04-23T20:53:04,288  INFO [main] physical.Vectorizer: Map vectorization enabled: true
2024-04-23T20:53:04,288  INFO [main] physical.Vectorizer: Map vectorized: true
2024-04-23T20:53:04,288  INFO [main] physical.Vectorizer: Map vectorizedVertexNum: 0
2024-04-23T20:53:04,289  INFO [main] physical.Vectorizer: Map enabledConditionsMet: [hive.vectorized.use.vectorized.input.format IS true]
2024-04-23T20:53:04,289  INFO [main] physical.Vectorizer: Map inputFileFormatClassNameSet: [org.apache.hadoop.hive.ql.io.orc.OrcInputFormat]
2024-04-23T20:53:04,289  INFO [main] physical.Vectorizer: Reduce vectorization enabled: false
2024-04-23T20:53:04,289  INFO [main] physical.Vectorizer: Reduce vectorized: false
2024-04-23T20:53:04,289  INFO [main] physical.Vectorizer: Reduce vectorizedVertexNum: 1
2024-04-23T20:53:04,289  INFO [main] physical.Vectorizer: Reducer hive.vectorized.execution.reduce.enabled: true
2024-04-23T20:53:04,289  INFO [main] physical.Vectorizer: Reducer engine: mr
2024-04-23T20:53:04,289  INFO [main] parse.CalcitePlanner: Completed plan generation
2024-04-23T20:53:04,289  INFO [main] parse.CalcitePlanner: Ending caching scope for: 
2024-04-23T20:53:04,289  INFO [main] ql.Driver: Semantic Analysis Completed (retrial = false)
2024-04-23T20:53:04,289  INFO [main] ql.Driver: Created Hive schema: Schema(fieldSchemas:[FieldSchema(name:row__id, type:struct<writeid:bigint,bucketid:int,rowid:bigint>, comment:null), FieldSchema(name:a, type:int, comment:null)], properties:null)
2024-04-23T20:53:04,290  INFO [main] exec.ListSinkOperator: Initializing Operator: LIST_SINK[10]
2024-04-23T20:53:04,290  INFO [main] metadata.Hive: Dumping metastore api call timing information for : compilation phase
2024-04-23T20:53:04,290  INFO [main] metadata.Hive: Total time spent in each metastore function (ms): {flushCache_()=0, getTableColumnStatistics_(String, String, List, String)=8, commitTxn_(CommitTxnRequest)=11, openTxn_(String, TxnType)=2, getAllTableConstraints_(AllTableConstraintsRequest)=5, isCompatibleWith_(Configuration)=0, getValidTxns_(long)=1, getTable_(GetTableRequest)=7, getValidWriteIds_(List, String)=3}
2024-04-23T20:53:04,290  INFO [main] ql.Driver: Completed compiling command(queryId=alex_20240423205304_804bef8a-8708-4798-92c7-238a425cc3b1); Time taken: 0.15 seconds
2024-04-23T20:53:04,291  INFO [main] lockmgr.DbTxnManager: Setting lock request transaction to txnid:21 for queryId=alex_20240423205304_804bef8a-8708-4798-92c7-238a425cc3b1
2024-04-23T20:53:04,291  INFO [main] lockmgr.DbLockManager: Requesting lock for queryId=alex_20240423205304_804bef8a-8708-4798-92c7-238a425cc3b1
2024-04-23T20:53:04,309  INFO [main] lockmgr.DbLockManager: Response to queryId=alex_20240423205304_804bef8a-8708-4798-92c7-238a425cc3b1 LockResponse(lockid:13, state:ACQUIRED)
2024-04-23T20:53:04,309  INFO [main] ql.Driver: Operation QUERY obtained 1 locks
2024-04-23T20:53:04,309  INFO [main] ql.Driver: Executing command(queryId=alex_20240423205304_804bef8a-8708-4798-92c7-238a425cc3b1): select ROW__ID, a from T where b > 0 order by a
2024-04-23T20:53:04,310  WARN [main] ql.Driver: Hive-on-MR is deprecated in Hive 2 and may not be available in the future versions. Consider using a different execution engine (i.e. tez, spark) or using Hive 1.X releases.
Query ID = alex_20240423205304_804bef8a-8708-4798-92c7-238a425cc3b1
2024-04-23T20:53:04,310  INFO [main] ql.Driver: Query ID = alex_20240423205304_804bef8a-8708-4798-92c7-238a425cc3b1
Total jobs = 1
2024-04-23T20:53:04,310  INFO [main] ql.Driver: Total jobs = 1
Launching Job 1 out of 1
2024-04-23T20:53:04,310  INFO [main] ql.Driver: Launching Job 1 out of 1
2024-04-23T20:53:04,458  INFO [main] ql.Driver: Starting task [Stage-1:MAPRED] in serial mode
Number of reduce tasks determined at compile time: 1
2024-04-23T20:53:04,458  INFO [main] exec.Task: Number of reduce tasks determined at compile time: 1
In order to change the average load for a reducer (in bytes):
2024-04-23T20:53:04,458  INFO [main] exec.Task: In order to change the average load for a reducer (in bytes):
  set hive.exec.reducers.bytes.per.reducer=<number>
2024-04-23T20:53:04,458  INFO [main] exec.Task:   set hive.exec.reducers.bytes.per.reducer=<number>
In order to limit the maximum number of reducers:
2024-04-23T20:53:04,458  INFO [main] exec.Task: In order to limit the maximum number of reducers:
  set hive.exec.reducers.max=<number>
2024-04-23T20:53:04,458  INFO [main] exec.Task:   set hive.exec.reducers.max=<number>
In order to set a constant number of reducers:
2024-04-23T20:53:04,458  INFO [main] exec.Task: In order to set a constant number of reducers:
  set mapreduce.job.reduces=<number>
2024-04-23T20:53:04,458  INFO [main] exec.Task:   set mapreduce.job.reduces=<number>
2024-04-23T20:53:04,461  INFO [main] mr.ExecDriver: Using org.apache.hadoop.hive.ql.io.HiveInputFormat
2024-04-23T20:53:04,461  INFO [main] exec.Utilities: Processing alias t
2024-04-23T20:53:04,461  INFO [main] exec.Utilities: Adding 1 inputs; the first input is file:/home/alex/Repositories/hive/ql/target/tmp/org.apache.hadoop.hive.ql.TestTxnNoBuckets-1713930630697/warehouse/t
2024-04-23T20:53:04,470  INFO [main] exec.SerializationUtilities: Serializing MapWork using kryo
2024-04-23T20:53:04,471  INFO [main] exec.Utilities: Serialized plan (via FILE) - name: null size: 6,73KB
2024-04-23T20:53:04,476  INFO [main] exec.SerializationUtilities: Serializing ReduceWork using kryo
2024-04-23T20:53:04,477  INFO [main] exec.Utilities: Serialized plan (via FILE) - name: null size: 7,73KB
2024-04-23T20:53:04,478  WARN [main] impl.MetricsSystemImpl: JobTracker metrics system already initialized!
2024-04-23T20:53:04,483  WARN [main] impl.MetricsSystemImpl: JobTracker metrics system already initialized!
2024-04-23T20:53:04,490  WARN [main] mapreduce.JobResourceUploader: Hadoop command-line option parsing not performed. Implement the Tool interface and execute your application with ToolRunner to remedy this.
2024-04-23T20:53:04,494  WARN [main] mapreduce.JobResourceUploader: No job jar file set.  User classes may not be found. See Job or Job#setJar(String).
2024-04-23T20:53:04,495  INFO [main] io.HiveInputFormat: hive.io.file.readcolumn.ids = 0,1
2024-04-23T20:53:04,495  INFO [main] io.HiveInputFormat: hive.io.file.readcolumn.names = a,b
2024-04-23T20:53:04,495  INFO [main] io.HiveInputFormat: Generating splits for dirs: file:/home/alex/Repositories/hive/ql/target/tmp/org.apache.hadoop.hive.ql.TestTxnNoBuckets-1713930630697/warehouse/t
2024-04-23T20:53:04,495  INFO [main] orc.OrcInputFormat: getSplits started
2024-04-23T20:53:04,496  INFO [main] orc.OrcInputFormat: Context:: isAcid: true isVectorMode: true sarg: (not leaf-(LESS_THAN_EQUALS b 0)) minSplitSize: 1 maxSplitSize: 256000000 splitStrategy: HYBRID footerInSplits: false numBuckets: 0 numThreads: 10 cacheMemSize: 268435456 cacheStripeDetails: true useSoftReference: false writeIdList: default.t:10000000:9223372036854775807:: isTransactionalTable: true txnProperties: default 
2024-04-23T20:53:04,496  INFO [main] orc.OrcInputFormat: ORC pushdown predicate: (not leaf-(LESS_THAN_EQUALS b 0))
2024-04-23T20:53:04,503  INFO [main] orc.OrcInputFormat: FooterCacheHitRatio: 1/1
2024-04-23T20:53:04,503  INFO [main] orc.OrcInputFormat: getSplits finished (#splits: 1). duration: 8 ms
2024-04-23T20:53:04,503  INFO [main] io.HiveInputFormat: number of splits 1
2024-04-23T20:53:04,521  INFO [main] mapreduce.JobSubmitter: number of splits:1
2024-04-23T20:53:04,541  INFO [main] mapreduce.JobSubmitter: Submitting tokens for job: job_local739383363_0069
2024-04-23T20:53:04,541  INFO [main] mapreduce.JobSubmitter: Executing with tokens: []
2024-04-23T20:53:04,619  INFO [main] mapreduce.Job: The url to track the job: http://localhost:8080/
Job running in-process (local Hadoop)
2024-04-23T20:53:04,619  INFO [main] exec.Task: Job running in-process (local Hadoop)
2024-04-23T20:53:04,620  INFO [Thread-4487] mapred.LocalJobRunner: OutputCommitter set in config org.apache.hadoop.hive.ql.io.HiveFileFormatUtils$NullOutputCommitter
2024-04-23T20:53:04,620  INFO [Thread-4487] mapred.LocalJobRunner: OutputCommitter is org.apache.hadoop.hive.ql.io.HiveFileFormatUtils$NullOutputCommitter
2024-04-23T20:53:04,621  INFO [Thread-4487] mapred.LocalJobRunner: Waiting for map tasks
2024-04-23T20:53:04,621  INFO [LocalJobRunner Map Task Executor #0] mapred.LocalJobRunner: Starting task: attempt_local739383363_0069_m_000000_0
2024-04-23T20:53:04,622  INFO [LocalJobRunner Map Task Executor #0] mapred.Task:  Using ResourceCalculatorProcessTree : [ ]
2024-04-23T20:53:04,622  INFO [LocalJobRunner Map Task Executor #0] mapred.MapTask: Processing split: org.apache.hadoop.hive.ql.io.orc.OrcInputFormat:OrcSplit [file:/home/alex/Repositories/hive/ql/target/tmp/org.apache.hadoop.hive.ql.TestTxnNoBuckets-1713930630697/warehouse/t/000000_0, start=3, length=113, isOriginal=true, fileLength=259, hasFooter=false, hasBase=true, deltas=0]
2024-04-23T20:53:04,623  INFO [LocalJobRunner Map Task Executor #0] exec.SerializationUtilities: Deserializing MapWork using kryo
2024-04-23T20:53:04,623  INFO [LocalJobRunner Map Task Executor #0] exec.Utilities: Deserialized plan (via FILE) - name: null size: 6,73KB
2024-04-23T20:53:04,624  INFO [LocalJobRunner Map Task Executor #0] orc.OrcInputFormat: ORC pushdown predicate: (not leaf-(LESS_THAN_EQUALS b 0))
2024-04-23T20:53:04,624  INFO [LocalJobRunner Map Task Executor #0] orc.VectorizedOrcAcidRowBatchReader: Read ValidWriteIdList: default.t:10000000:9223372036854775807:::OrcSplit [file:/home/alex/Repositories/hive/ql/target/tmp/org.apache.hadoop.hive.ql.TestTxnNoBuckets-1713930630697/warehouse/t/000000_0, start=3, length=113, isOriginal=true, fileLength=259, hasFooter=false, hasBase=true, deltas=0]
2024-04-23T20:53:04,625  INFO [LocalJobRunner Map Task Executor #0] orc.ReaderImpl: Reading ORC rows from file:/home/alex/Repositories/hive/ql/target/tmp/org.apache.hadoop.hive.ql.TestTxnNoBuckets-1713930630697/warehouse/t/000000_0 with {include: [true, true, true], offset: 3, length: 113, sarg: (not leaf-(LESS_THAN_EQUALS b 0)), schema: struct<a:int,b:int>, includeAcidColumns: true}
2024-04-23T20:53:04,625  INFO [LocalJobRunner Map Task Executor #0] mapred.MapTask: numReduceTasks: 1
2024-04-23T20:53:04,630  INFO [LocalJobRunner Map Task Executor #0] mapred.MapTask: (EQUATOR) 0 kvi 26214396(104857584)
2024-04-23T20:53:04,630  INFO [LocalJobRunner Map Task Executor #0] mapred.MapTask: mapreduce.task.io.sort.mb: 100
2024-04-23T20:53:04,630  INFO [LocalJobRunner Map Task Executor #0] mapred.MapTask: soft limit at 83886080
2024-04-23T20:53:04,630  INFO [LocalJobRunner Map Task Executor #0] mapred.MapTask: bufstart = 0; bufvoid = 104857600
2024-04-23T20:53:04,630  INFO [LocalJobRunner Map Task Executor #0] mapred.MapTask: kvstart = 26214396; length = 6553600
2024-04-23T20:53:04,630  INFO [LocalJobRunner Map Task Executor #0] mapred.MapTask: Map output collector class = org.apache.hadoop.mapred.MapTask$MapOutputBuffer
2024-04-23T20:53:04,630  INFO [LocalJobRunner Map Task Executor #0] vector.VectorMapOperator: Initializing Operator: MAP[0]
2024-04-23T20:53:04,631  INFO [LocalJobRunner Map Task Executor #0] mr.ExecMapper: 
<MAP>Id =0
  <Children>null
  <\Children>
  <Parent><\Parent>
<\MAP>
2024-04-23T20:53:04,631  INFO [LocalJobRunner Map Task Executor #0] exec.TableScanOperator: Initializing Operator: TS[0]
2024-04-23T20:53:04,632  INFO [LocalJobRunner Map Task Executor #0] vector.VectorFilterOperator: Initializing Operator: FIL[7]
2024-04-23T20:53:04,632  INFO [LocalJobRunner Map Task Executor #0] vector.VectorSelectOperator: Initializing Operator: SEL[8]
2024-04-23T20:53:04,632  INFO [LocalJobRunner Map Task Executor #0] vector.VectorReduceSinkOperator: Initializing Operator: RS[9]
2024-04-23T20:53:04,632  INFO [LocalJobRunner Map Task Executor #0] vector.VectorReduceSinkOperator: Using tag = -1
2024-04-23T20:53:04,633  INFO [LocalJobRunner Map Task Executor #0] vector.VectorReduceSinkOperator: keys are [reducesinkkey0] num distributions: 1
2024-04-23T20:53:04,633  INFO [LocalJobRunner Map Task Executor #0] vector.VectorReduceSinkOperator: RS[9]: records written - 1
2024-04-23T20:53:04,633  INFO [LocalJobRunner Map Task Executor #0] vector.VectorMapOperator: Closing Operator: MAP[0]
2024-04-23T20:53:04,633  INFO [LocalJobRunner Map Task Executor #0] vector.VectorMapOperator: DESERIALIZE_ERRORS:0, RECORDS_OUT_OPERATOR_MAP_0:0, RECORDS_OUT_INTERMEDIATE:0, RECORDS_IN:5, 
2024-04-23T20:53:04,633  INFO [LocalJobRunner Map Task Executor #0] exec.TableScanOperator: Closing Operator: TS[0]
2024-04-23T20:53:04,633  INFO [LocalJobRunner Map Task Executor #0] exec.TableScanOperator: RECORDS_OUT_OPERATOR_TS_0:5, RECORDS_OUT_INTERMEDIATE:0, 
2024-04-23T20:53:04,633  INFO [LocalJobRunner Map Task Executor #0] vector.VectorFilterOperator: Closing Operator: FIL[7]
2024-04-23T20:53:04,633  INFO [LocalJobRunner Map Task Executor #0] vector.VectorFilterOperator: RECORDS_OUT_INTERMEDIATE:0, RECORDS_OUT_OPERATOR_FIL_7:5, 
2024-04-23T20:53:04,633  INFO [LocalJobRunner Map Task Executor #0] vector.VectorSelectOperator: Closing Operator: SEL[8]
2024-04-23T20:53:04,633  INFO [LocalJobRunner Map Task Executor #0] vector.VectorSelectOperator: RECORDS_OUT_INTERMEDIATE:0, RECORDS_OUT_OPERATOR_SEL_8:5, 
2024-04-23T20:53:04,633  INFO [LocalJobRunner Map Task Executor #0] vector.VectorReduceSinkOperator: Closing Operator: RS[9]
2024-04-23T20:53:04,633  INFO [LocalJobRunner Map Task Executor #0] vector.VectorReduceSinkOperator: RS[9]: Total records written - 5. abort - false
2024-04-23T20:53:04,633  INFO [LocalJobRunner Map Task Executor #0] vector.VectorReduceSinkOperator: RECORDS_OUT_OPERATOR_RS_9:5, RECORDS_OUT_INTERMEDIATE:5, 
2024-04-23T20:53:04,634  INFO [LocalJobRunner Map Task Executor #0] mapred.LocalJobRunner: 
2024-04-23T20:53:04,634  INFO [LocalJobRunner Map Task Executor #0] mapred.MapTask: Starting flush of map output
2024-04-23T20:53:04,634  INFO [LocalJobRunner Map Task Executor #0] mapred.MapTask: Spilling map output
2024-04-23T20:53:04,634  INFO [LocalJobRunner Map Task Executor #0] mapred.MapTask: bufstart = 0; bufend = 135; bufvoid = 104857600
2024-04-23T20:53:04,634  INFO [LocalJobRunner Map Task Executor #0] mapred.MapTask: kvstart = 26214396(104857584); kvend = 26214380(104857520); length = 17/6553600
2024-04-23T20:53:04,649  INFO [LocalJobRunner Map Task Executor #0] mapred.MapTask: Finished spill 0
2024-04-23T20:53:04,657  INFO [LocalJobRunner Map Task Executor #0] mapred.Task: Task:attempt_local739383363_0069_m_000000_0 is done. And is in the process of committing
2024-04-23T20:53:04,658  INFO [LocalJobRunner Map Task Executor #0] mapred.LocalJobRunner: OrcSplit [file:/home/alex/Repositories/hive/ql/target/tmp/org.apache.hadoop.hive.ql.TestTxnNoBuckets-1713930630697/warehouse/t/000000_0, start=3, length=113, isOriginal=true, fileLength=259, hasFooter=false, hasBase=true, deltas=0]
2024-04-23T20:53:04,658  INFO [LocalJobRunner Map Task Executor #0] mapred.Task: Task 'attempt_local739383363_0069_m_000000_0' done.
2024-04-23T20:53:04,658  INFO [LocalJobRunner Map Task Executor #0] mapred.Task: Final Counters for attempt_local739383363_0069_m_000000_0: Counters: 25
	File System Counters
		FILE: Number of bytes read=1648219
		FILE: Number of bytes written=83021431
		FILE: Number of read operations=0
		FILE: Number of large read operations=0
		FILE: Number of write operations=0
	Map-Reduce Framework
		Map input records=1
		Map output records=5
		Map output bytes=135
		Map output materialized bytes=151
		Input split bytes=471
		Combine input records=0
		Spilled Records=5
		Failed Shuffles=0
		Merged Map outputs=0
		GC time elapsed (ms)=0
		Total committed heap usage (bytes)=1204289536
	HIVE
		DESERIALIZE_ERRORS=0
		RECORDS_IN=5
		RECORDS_OUT_INTERMEDIATE=5
		RECORDS_OUT_OPERATOR_FIL_7=5
		RECORDS_OUT_OPERATOR_MAP_0=0
		RECORDS_OUT_OPERATOR_RS_9=5
		RECORDS_OUT_OPERATOR_SEL_8=5
		RECORDS_OUT_OPERATOR_TS_0=5
	File Input Format Counters 
		Bytes Read=8164
2024-04-23T20:53:04,658  INFO [LocalJobRunner Map Task Executor #0] mapred.LocalJobRunner: Finishing task: attempt_local739383363_0069_m_000000_0
2024-04-23T20:53:04,659  INFO [Thread-4487] mapred.LocalJobRunner: map task executor complete.
2024-04-23T20:53:04,661  INFO [Thread-4487] mapred.LocalJobRunner: Waiting for reduce tasks
2024-04-23T20:53:04,661  INFO [pool-285-thread-1] mapred.LocalJobRunner: Starting task: attempt_local739383363_0069_r_000000_0
2024-04-23T20:53:04,662  INFO [pool-285-thread-1] mapred.Task:  Using ResourceCalculatorProcessTree : [ ]
2024-04-23T20:53:04,662  INFO [pool-285-thread-1] mapred.ReduceTask: Using ShuffleConsumerPlugin: org.apache.hadoop.mapreduce.task.reduce.Shuffle@6aaf6eed
2024-04-23T20:53:04,663  WARN [pool-285-thread-1] impl.MetricsSystemImpl: JobTracker metrics system already initialized!
2024-04-23T20:53:04,665  INFO [pool-285-thread-1] reduce.MergeManagerImpl: MergerManager: memoryLimit=1336252800, maxSingleShuffleLimit=334063200, mergeThreshold=881926912, ioSortFactor=10, memToMemMergeOutputsThreshold=10
2024-04-23T20:53:04,666  INFO [EventFetcher for fetching Map Completion Events] reduce.EventFetcher: attempt_local739383363_0069_r_000000_0 Thread started: EventFetcher for fetching Map Completion Events
2024-04-23T20:53:04,669  INFO [localfetcher#43] reduce.LocalFetcher: localfetcher#43 about to shuffle output of map attempt_local739383363_0069_m_000000_0 decomp: 147 len: 151 to MEMORY
2024-04-23T20:53:04,669  INFO [localfetcher#43] reduce.InMemoryMapOutput: Read 147 bytes from map-output for attempt_local739383363_0069_m_000000_0
2024-04-23T20:53:04,669  INFO [localfetcher#43] reduce.MergeManagerImpl: closeInMemoryFile -> map-output of size: 147, inMemoryMapOutputs.size() -> 1, commitMemory -> 0, usedMemory ->147
2024-04-23T20:53:04,670  INFO [EventFetcher for fetching Map Completion Events] reduce.EventFetcher: EventFetcher is interrupted.. Returning
2024-04-23T20:53:04,671  INFO [pool-285-thread-1] mapred.LocalJobRunner: 1 / 1 copied.
2024-04-23T20:53:04,671  INFO [pool-285-thread-1] reduce.MergeManagerImpl: finalMerge called with 1 in-memory map-outputs and 0 on-disk map-outputs
2024-04-23T20:53:04,683  INFO [pool-285-thread-1] mapred.Merger: Merging 1 sorted segments
2024-04-23T20:53:04,683  INFO [pool-285-thread-1] mapred.Merger: Down to the last merge-pass, with 1 segments left of total size: 135 bytes
2024-04-23T20:53:04,690  INFO [pool-285-thread-1] reduce.MergeManagerImpl: Merged 1 segments, 147 bytes to disk to satisfy reduce memory limit
2024-04-23T20:53:04,691  INFO [pool-285-thread-1] reduce.MergeManagerImpl: Merging 1 files, 151 bytes from disk
2024-04-23T20:53:04,691  INFO [pool-285-thread-1] reduce.MergeManagerImpl: Merging 0 segments, 0 bytes from memory into reduce
2024-04-23T20:53:04,691  INFO [pool-285-thread-1] mapred.Merger: Merging 1 sorted segments
2024-04-23T20:53:04,691  INFO [pool-285-thread-1] mapred.Merger: Down to the last merge-pass, with 1 segments left of total size: 135 bytes
2024-04-23T20:53:04,691  INFO [pool-285-thread-1] mapred.LocalJobRunner: 1 / 1 copied.
2024-04-23T20:53:04,693  INFO [pool-285-thread-1] exec.SerializationUtilities: Deserializing ReduceWork using kryo
2024-04-23T20:53:04,694  INFO [pool-285-thread-1] exec.Utilities: Deserialized plan (via FILE) - name: null size: 7,73KB
2024-04-23T20:53:04,696  INFO [pool-285-thread-1] ExecReducer: 
<SEL>Id =4
  <Children>
    <FS>Id =5
      <Children>
      <\Children>
      <Parent>Id = 4 null<\Parent>
    <\FS>
  <\Children>
  <Parent><\Parent>
<\SEL>
2024-04-23T20:53:04,697  INFO [pool-285-thread-1] exec.SelectOperator: Initializing Operator: SEL[4]
2024-04-23T20:53:04,697  INFO [pool-285-thread-1] exec.SelectOperator: SELECT struct<key:struct<reducesinkkey0:int>,value:struct<_col0:struct<writeid:bigint,bucketid:int,rowid:bigint>>>
2024-04-23T20:53:04,697  INFO [pool-285-thread-1] exec.FileSinkOperator: Initializing Operator: FS[5]
2024-04-23T20:53:04,698  INFO [pool-285-thread-1] exec.FileSinkOperator: Using serializer : class org.apache.hadoop.hive.serde2.lazy.LazySimpleSerDe [serdeParams=org.apache.hadoop.hive.serde2.lazy.LazySerDeParameters@579decb8, cachedObjectInspector=org.apache.hadoop.hive.serde2.lazy.objectinspector.LazySimpleStructObjectInspector<org.apache.hadoop.hive.serde2.lazy.objectinspector.LazySimpleStructObjectInspector<org.apache.hadoop.hive.serde2.lazy.objectinspector.primitive.LazyLongObjectInspector@7fac3ce0,org.apache.hadoop.hive.serde2.lazy.objectinspector.primitive.LazyIntObjectInspector@3e3b41cb,org.apache.hadoop.hive.serde2.lazy.objectinspector.primitive.LazyLongObjectInspector@7fac3ce0>,org.apache.hadoop.hive.serde2.lazy.objectinspector.primitive.LazyIntObjectInspector@3e3b41cb>, serializedSize=0, stats=org.apache.hadoop.hive.serde2.SerDeStats@4134517f, lastOperationSerialize=false, lastOperationDeserialize=false [1, 2, 3, 4, 5, 6, 7, 8, 11, 14, 15, 16, 17, 18, 19, 20, 21, 22, 23, 24, 25, 26, 28, 29, 30, 31, -128, -127, -126, -125, -124, -123, -122, -121, -120, -119, -118, -117, -116, -115, -114, -113, -112, -111, -110, -109, -108, -107, -106, -105, -104, -103, -102, -101, -100, -99, -98, -97, -96, -95, -94, -93, -92, -91, -90, -89, -88, -87, -86, -85, -84, -83, -82, -81, -80, -79, -78, -77, -76, -75, -74, -73, -72, -71, -70, -69, -68, -67, -66, -65, -64, -63, -62, -61, -60, -59, -58, -57, -56, -55, -54, -53, -52, -51, -50, -49, -48, -47, -46, -45, -44, -43, -42, -41, -40, -39, -38, -37, -36, -35, -34, -33, -32, -31, -30, -29, -28, -27, -26, -25, -24, -23, -22, -21, -20, -19, -18, -17, -16, -15, -14, -13, -12, -11, -10, -9, -8, -7, -6, -5, -4, -3, -2, -1] : [_col0, _col1] : [struct<writeid:bigint,bucketid:int,rowid:bigint>, int]] and formatter : org.apache.hadoop.hive.ql.io.HiveSequenceFileOutputFormat@3c774b89
2024-04-23T20:53:04,699  INFO [pool-285-thread-1] exec.FileSinkOperator: Final Path: FS file:/home/alex/Repositories/hive/ql/target/tmp/localscratchdir/af9f0d40-e19c-4872-af4b-39c2733abb23/hive_2024-04-23_20-53-04_139_2735440545426690860-1/-mr-10001/.hive-staging_hive_2024-04-23_20-53-04_139_2735440545426690860-1/_tmp.-ext-10002/000000_0
2024-04-23T20:53:04,699  INFO [pool-285-thread-1] exec.FileSinkOperator: Writing to temp file: FS file:/home/alex/Repositories/hive/ql/target/tmp/localscratchdir/af9f0d40-e19c-4872-af4b-39c2733abb23/hive_2024-04-23_20-53-04_139_2735440545426690860-1/-mr-10001/.hive-staging_hive_2024-04-23_20-53-04_139_2735440545426690860-1/_task_tmp.-ext-10002/_tmp.000000_0
2024-04-23T20:53:04,699  INFO [pool-285-thread-1] exec.FileSinkOperator: New Final Path: FS file:/home/alex/Repositories/hive/ql/target/tmp/localscratchdir/af9f0d40-e19c-4872-af4b-39c2733abb23/hive_2024-04-23_20-53-04_139_2735440545426690860-1/-mr-10001/.hive-staging_hive_2024-04-23_20-53-04_139_2735440545426690860-1/_tmp.-ext-10002/000000_0
2024-04-23T20:53:04,713  INFO [pool-285-thread-1] exec.FileSinkOperator: FS[5]: records written - 1
2024-04-23T20:53:04,713  INFO [pool-285-thread-1] exec.SelectOperator: Closing Operator: SEL[4]
2024-04-23T20:53:04,713  INFO [pool-285-thread-1] exec.SelectOperator: RECORDS_OUT_OPERATOR_SEL_4:5, RECORDS_OUT_INTERMEDIATE:0, 
2024-04-23T20:53:04,714  INFO [pool-285-thread-1] exec.FileSinkOperator: Closing Operator: FS[5]
2024-04-23T20:53:04,714  INFO [pool-285-thread-1] exec.FileSinkOperator: FS[5]: records written - 5
2024-04-23T20:53:04,714  INFO [pool-285-thread-1] exec.FileSinkOperator: RECORDS_OUT_OPERATOR_FS_5:5, RECORDS_OUT_INTERMEDIATE:0, RECORDS_OUT_0:5, 
2024-04-23T20:53:04,715  INFO [pool-285-thread-1] mapred.Task: Task:attempt_local739383363_0069_r_000000_0 is done. And is in the process of committing
2024-04-23T20:53:04,716  INFO [pool-285-thread-1] mapred.LocalJobRunner: reduce > reduce
2024-04-23T20:53:04,716  INFO [pool-285-thread-1] mapred.Task: Task 'attempt_local739383363_0069_r_000000_0' done.
2024-04-23T20:53:04,716  INFO [pool-285-thread-1] mapred.Task: Final Counters for attempt_local739383363_0069_r_000000_0: Counters: 29
	File System Counters
		FILE: Number of bytes read=1656357
		FILE: Number of bytes written=83021821
		FILE: Number of read operations=0
		FILE: Number of large read operations=0
		FILE: Number of write operations=0
	Map-Reduce Framework
		Combine input records=0
		Combine output records=0
		Reduce input groups=5
		Reduce shuffle bytes=151
		Reduce input records=5
		Reduce output records=0
		Spilled Records=5
		Shuffled Maps =1
		Failed Shuffles=0
		Merged Map outputs=1
		GC time elapsed (ms)=0
		Total committed heap usage (bytes)=1204289536
	HIVE
		CREATED_FILES=1
		RECORDS_OUT_0=5
		RECORDS_OUT_INTERMEDIATE=0
		RECORDS_OUT_OPERATOR_FS_5=5
		RECORDS_OUT_OPERATOR_SEL_4=5
	Shuffle Errors
		BAD_ID=0
		CONNECTION=0
		IO_ERROR=0
		WRONG_LENGTH=0
		WRONG_MAP=0
		WRONG_REDUCE=0
	File Output Format Counters 
		Bytes Written=0
2024-04-23T20:53:04,716  INFO [pool-285-thread-1] mapred.LocalJobRunner: Finishing task: attempt_local739383363_0069_r_000000_0
2024-04-23T20:53:04,716  INFO [Thread-4487] mapred.LocalJobRunner: reduce task executor complete.
2024-04-23 20:53:05,622 Stage-1 map = 100%,  reduce = 100%
2024-04-23T20:53:05,622  INFO [main] exec.Task: 2024-04-23 20:53:05,622 Stage-1 map = 100%,  reduce = 100%
Ended Job = job_local739383363_0069
2024-04-23T20:53:05,623  INFO [main] exec.Task: Ended Job = job_local739383363_0069
2024-04-23T20:53:05,626  INFO [main] metadata.Hive: Dumping metastore api call timing information for : execution phase
2024-04-23T20:53:05,626  INFO [main] metadata.Hive: Total time spent in each metastore function (ms): {}
MapReduce Jobs Launched: 
2024-04-23T20:53:05,626  INFO [main] ql.Driver: MapReduce Jobs Launched: 
Stage-Stage-1:  HDFS Read: 0 HDFS Write: 0 SUCCESS
2024-04-23T20:53:05,626  INFO [main] ql.Driver: Stage-Stage-1:  HDFS Read: 0 HDFS Write: 0 SUCCESS
Total MapReduce CPU Time Spent: 0 msec
2024-04-23T20:53:05,626  INFO [main] ql.Driver: Total MapReduce CPU Time Spent: 0 msec
2024-04-23T20:53:05,626  INFO [main] ql.Driver: Completed executing command(queryId=alex_20240423205304_804bef8a-8708-4798-92c7-238a425cc3b1); Time taken: 1.317 seconds
2024-04-23T20:53:05,626  INFO [main] lockmgr.DbTxnManager: Stopped heartbeat for query: alex_20240423205304_804bef8a-8708-4798-92c7-238a425cc3b1
2024-04-23T20:53:05,630  INFO [main] txn.TxnHandler: Expected to move at least one record from txn_components to completed_txn_components when committing txn! txnid:21
2024-04-23T20:53:05,636  INFO [main] txn.TxnHandler: Removed transactions: ([21]) from MIN_HISTORY_LEVEL
2024-04-23T20:53:05,636  WARN [main] txn.CompactionTxnHandler: No compaction queue record found for Compaction type transaction commit. txnId:21
2024-04-23T20:53:05,639  INFO [main] mapred.FileInputFormat: Total input files to process : 1
2024-04-23T20:53:05,640  INFO [main] exec.ListSinkOperator: Closing Operator: LIST_SINK[10]
2024-04-23T20:53:05,640  INFO [main] exec.ListSinkOperator: RECORDS_OUT_INTERMEDIATE:0, RECORDS_OUT_OPERATOR_LIST_SINK_10:5, 
2024-04-23T20:53:05,640  WARN [main] ql.TestTxnNoBuckets: null: read data(After conversion with VC2): 
2024-04-23T20:53:05,640  INFO [main] ql.TestTxnNoBuckets: {"writeid":0,"bucketid":536870912,"rowid":0}	1
{"writeid":0,"bucketid":536870912,"rowid":1}	2
{"writeid":0,"bucketid":536870912,"rowid":2}	5
{"writeid":0,"bucketid":536870912,"rowid":3}	6
{"writeid":0,"bucketid":536870912,"rowid":4}	9

2024-04-23T20:53:05,641  INFO [main] ql.TxnCommandsBaseForTests: Running the query: EXPLAIN VECTORIZATION DETAIL select ROW__ID, a from T where b > 0 order by a
2024-04-23T20:53:05,641  INFO [main] ql.Context: Deleting scratch dir: file:/home/alex/Repositories/hive/ql/target/tmp/localscratchdir/af9f0d40-e19c-4872-af4b-39c2733abb23/hive_2024-04-23_20-53-04_139_2735440545426690860-1
2024-04-23T20:53:05,642  INFO [main] cleanup.SyncCleanupService: Deleted directory: file:/home/alex/Repositories/hive/ql/target/tmp/localscratchdir/af9f0d40-e19c-4872-af4b-39c2733abb23/hive_2024-04-23_20-53-04_139_2735440545426690860-1 on fs with scheme file
2024-04-23T20:53:05,642  INFO [main] ql.Driver: Compiling command(queryId=alex_20240423205305_7eebf1a0-ccfa-4a53-8c38-47877d590567): EXPLAIN VECTORIZATION DETAIL select ROW__ID, a from T where b > 0 order by a
2024-04-23T20:53:05,645  INFO [main] txn.TxnHandler: Added entries to MIN_HISTORY_LEVEL for current txns: ([22]) with min_open_txn: 22
2024-04-23T20:53:05,645  INFO [main] lockmgr.DbTxnManager: Opened txnid:22
2024-04-23T20:53:05,646  INFO [main] parse.CalcitePlanner: Starting Semantic Analysis
2024-04-23T20:53:05,648  INFO [main] parse.CalcitePlanner: Completed phase 1 of Semantic Analysis
2024-04-23T20:53:05,648  INFO [main] parse.CalcitePlanner: Get metadata for source tables
2024-04-23T20:53:05,649  INFO [main] HiveMetaStore.audit: ugi=alex	ip=unknown-ip-addr	cmd=get_table : tbl=hive.default.t	
2024-04-23T20:53:05,656  INFO [main] metastore.HMSHandler: Skipping translation for processor with null
2024-04-23T20:53:05,656  INFO [main] parse.CalcitePlanner: Get metadata for subqueries
2024-04-23T20:53:05,656  INFO [main] parse.CalcitePlanner: Get metadata for destination tables
2024-04-23T20:53:05,656  INFO [main] parse.CalcitePlanner: Completed getting MetaData in Semantic Analysis
2024-04-23T20:53:05,669  INFO [main] HiveMetaStore.audit: ugi=alex	ip=unknown-ip-addr	cmd=get_all_table_constraints : tbl=hive.default.t	
2024-04-23T20:53:05,707  INFO [main] calcite.RelOptHiveTable: Calculating column statistics for default.t, projIndxSet: [0, 1], allowMissingStats: true
2024-04-23T20:53:05,708  INFO [main] HiveMetaStore.audit: ugi=alex	ip=unknown-ip-addr	cmd=get_table_statistics_req: table=hive.default.t	
2024-04-23T20:53:05,716  WARN [main] calcite.RelOptHiveTable: No Stats for default@t, Columns: a, b
No Stats for default@t, Columns: a, b
2024-04-23T20:53:05,716  INFO [main] SessionState: No Stats for default@t, Columns: a, b
2024-04-23T20:53:05,771  INFO [main] parse.CalcitePlanner: Get metadata for source tables
2024-04-23T20:53:05,772  INFO [main] parse.CalcitePlanner: Get metadata for subqueries
2024-04-23T20:53:05,772  INFO [main] parse.CalcitePlanner: Get metadata for destination tables
2024-04-23T20:53:05,774  INFO [main] parse.CalcitePlanner: CBO Succeeded; optimized logical plan.
2024-04-23T20:53:05,777  INFO [main] optimizer.ColumnPrunerProcFactory: RS 3 oldColExprMap: {KEY.reducesinkkey0=Column[_col1], VALUE._col0=Column[_col0]}
2024-04-23T20:53:05,777  INFO [main] optimizer.ColumnPrunerProcFactory: RS 3 newColExprMap: {KEY.reducesinkkey0=Column[_col1], VALUE._col0=Column[_col0]}
2024-04-23T20:53:05,777  INFO [main] optimizer.BucketVersionPopulator: not considering bucketingVersion for: TS[0] because it has -1<2 buckets 
2024-04-23T20:53:05,782  INFO [main] optimizer.SortedDynPartitionOptimizer: Sorted dynamic partitioning optimization kicked in..
2024-04-23T20:53:05,790  INFO [main] physical.Vectorizer: Examining input format to see if vectorization is enabled.
2024-04-23T20:53:05,790  INFO [main] physical.Vectorizer: Vectorization is enabled for input format(s) [org.apache.hadoop.hive.ql.io.orc.OrcInputFormat]
2024-04-23T20:53:05,790  INFO [main] physical.Vectorizer: Validating and vectorizing MapWork... (vectorizedVertexNum 0)
2024-04-23T20:53:05,792  INFO [main] physical.Vectorizer: Map vectorization enabled: true
2024-04-23T20:53:05,792  INFO [main] physical.Vectorizer: Map vectorized: true
2024-04-23T20:53:05,792  INFO [main] physical.Vectorizer: Map vectorizedVertexNum: 0
2024-04-23T20:53:05,792  INFO [main] physical.Vectorizer: Map enabledConditionsMet: [hive.vectorized.use.vectorized.input.format IS true]
2024-04-23T20:53:05,792  INFO [main] physical.Vectorizer: Map inputFileFormatClassNameSet: [org.apache.hadoop.hive.ql.io.orc.OrcInputFormat]
2024-04-23T20:53:05,792  INFO [main] physical.Vectorizer: Reduce vectorization enabled: false
2024-04-23T20:53:05,792  INFO [main] physical.Vectorizer: Reduce vectorized: false
2024-04-23T20:53:05,792  INFO [main] physical.Vectorizer: Reduce vectorizedVertexNum: 1
2024-04-23T20:53:05,792  INFO [main] physical.Vectorizer: Reducer hive.vectorized.execution.reduce.enabled: true
2024-04-23T20:53:05,792  INFO [main] physical.Vectorizer: Reducer engine: mr
2024-04-23T20:53:05,793  INFO [main] parse.CalcitePlanner: Completed plan generation
2024-04-23T20:53:05,793  INFO [main] ql.Driver: Semantic Analysis Completed (retrial = false)
2024-04-23T20:53:05,793  INFO [main] ql.Driver: Created Hive schema: Schema(fieldSchemas:[FieldSchema(name:Explain, type:string, comment:null)], properties:null)
2024-04-23T20:53:05,793  INFO [main] metadata.Hive: Dumping metastore api call timing information for : compilation phase
2024-04-23T20:53:05,793  INFO [main] metadata.Hive: Total time spent in each metastore function (ms): {commitTxn_(CommitTxnRequest)=9, getValidWriteIds_(List, String)=4, getTableColumnStatistics_(String, String, List, String)=7, getTable_(GetTableRequest)=7, flushCache_()=0, getAllTableConstraints_(AllTableConstraintsRequest)=5, getValidTxns_(long)=0, isCompatibleWith_(Configuration)=2, openTxn_(String, TxnType)=2}
2024-04-23T20:53:05,793  INFO [main] ql.Driver: Completed compiling command(queryId=alex_20240423205305_7eebf1a0-ccfa-4a53-8c38-47877d590567); Time taken: 0.151 seconds
2024-04-23T20:53:05,793  INFO [main] ql.Driver: Executing command(queryId=alex_20240423205305_7eebf1a0-ccfa-4a53-8c38-47877d590567): EXPLAIN VECTORIZATION DETAIL select ROW__ID, a from T where b > 0 order by a
2024-04-23T20:53:05,794  INFO [main] ql.Driver: Starting task [Stage-2:EXPLAIN] in serial mode
2024-04-23T20:53:05,805  INFO [main] metadata.Hive: Dumping metastore api call timing information for : execution phase
2024-04-23T20:53:05,805  INFO [main] metadata.Hive: Total time spent in each metastore function (ms): {}
2024-04-23T20:53:05,805  INFO [main] ql.Driver: Completed executing command(queryId=alex_20240423205305_7eebf1a0-ccfa-4a53-8c38-47877d590567); Time taken: 0.012 seconds
2024-04-23T20:53:05,805  INFO [main] lockmgr.DbTxnManager: Stopped heartbeat for query: null
2024-04-23T20:53:05,810  INFO [main] txn.TxnHandler: Expected to move at least one record from txn_components to completed_txn_components when committing txn! txnid:22
2024-04-23T20:53:05,815  INFO [main] txn.TxnHandler: Removed transactions: ([22]) from MIN_HISTORY_LEVEL
2024-04-23T20:53:05,815  WARN [main] txn.CompactionTxnHandler: No compaction queue record found for Compaction type transaction commit. txnId:22
2024-04-23T20:53:05,816  INFO [main] ql.TxnCommandsBaseForTests: Running the query: select ROW__ID, a, INPUT__FILE__NAME from T where b > 6 order by a
2024-04-23T20:53:05,817  INFO [main] ql.Context: Deleting scratch dir: file:/home/alex/Repositories/hive/ql/target/tmp/localscratchdir/af9f0d40-e19c-4872-af4b-39c2733abb23/hive_2024-04-23_20-53-05_642_2902652816231063662-1
2024-04-23T20:53:05,817  INFO [main] cleanup.SyncCleanupService: Deleted directory: file:/home/alex/Repositories/hive/ql/target/tmp/localscratchdir/af9f0d40-e19c-4872-af4b-39c2733abb23/hive_2024-04-23_20-53-05_642_2902652816231063662-1 on fs with scheme file
2024-04-23T20:53:05,817  INFO [main] ql.Driver: Compiling command(queryId=alex_20240423205305_291edc3f-2251-4aec-94a4-b952b8b2f778): select ROW__ID, a, INPUT__FILE__NAME from T where b > 6 order by a
2024-04-23T20:53:05,820  INFO [main] txn.TxnHandler: Added entries to MIN_HISTORY_LEVEL for current txns: ([23]) with min_open_txn: 22
2024-04-23T20:53:05,821  INFO [main] lockmgr.DbTxnManager: Opened txnid:23
2024-04-23T20:53:05,821  INFO [main] parse.CalcitePlanner: Starting caching scope for: 
2024-04-23T20:53:05,821  INFO [main] parse.CalcitePlanner: Starting Semantic Analysis
2024-04-23T20:53:05,824  INFO [main] parse.CalcitePlanner: Completed phase 1 of Semantic Analysis
2024-04-23T20:53:05,824  INFO [main] parse.CalcitePlanner: Get metadata for source tables
2024-04-23T20:53:05,825  INFO [main] HiveMetaStore.audit: ugi=alex	ip=unknown-ip-addr	cmd=get_table : tbl=hive.default.t	
2024-04-23T20:53:05,831  INFO [main] metastore.HMSHandler: Skipping translation for processor with null
2024-04-23T20:53:05,832  INFO [main] parse.CalcitePlanner: Get metadata for subqueries
2024-04-23T20:53:05,832  INFO [main] parse.CalcitePlanner: Get metadata for destination tables
2024-04-23T20:53:05,832  INFO [main] parse.CalcitePlanner: Completed getting MetaData in Semantic Analysis
2024-04-23T20:53:05,845  INFO [main] HiveMetaStore.audit: ugi=alex	ip=unknown-ip-addr	cmd=get_all_table_constraints : tbl=hive.default.t	
2024-04-23T20:53:05,882  INFO [main] calcite.RelOptHiveTable: Calculating column statistics for default.t, projIndxSet: [0, 1], allowMissingStats: true
2024-04-23T20:53:05,883  INFO [main] HiveMetaStore.audit: ugi=alex	ip=unknown-ip-addr	cmd=get_table_statistics_req: table=hive.default.t	
2024-04-23T20:53:05,891  WARN [main] calcite.RelOptHiveTable: No Stats for default@t, Columns: a, b
No Stats for default@t, Columns: a, b
2024-04-23T20:53:05,891  INFO [main] SessionState: No Stats for default@t, Columns: a, b
2024-04-23T20:53:05,951  INFO [main] parse.CalcitePlanner: Get metadata for source tables
2024-04-23T20:53:05,951  INFO [main] parse.CalcitePlanner: Get metadata for subqueries
2024-04-23T20:53:05,951  INFO [main] parse.CalcitePlanner: Get metadata for destination tables
2024-04-23T20:53:05,952  INFO [main] common.FileUtils: Creating directory if it doesn't exist: file:/home/alex/Repositories/hive/ql/target/tmp/localscratchdir/af9f0d40-e19c-4872-af4b-39c2733abb23/hive_2024-04-23_20-53-05_817_3248877083869138779-1/-mr-10001/.hive-staging_hive_2024-04-23_20-53-05_817_3248877083869138779-1
2024-04-23T20:53:05,959  INFO [main] parse.CalcitePlanner: CBO Succeeded; optimized logical plan.
2024-04-23T20:53:05,963  INFO [main] optimizer.ColumnPrunerProcFactory: RS 3 oldColExprMap: {VALUE._col0=Column[_col0], VALUE._col1=Column[_col2], KEY.reducesinkkey0=Column[_col1]}
2024-04-23T20:53:05,963  INFO [main] optimizer.ColumnPrunerProcFactory: RS 3 newColExprMap: {KEY.reducesinkkey0=Column[_col1], VALUE._col1=Column[_col2], VALUE._col0=Column[_col0]}
2024-04-23T20:53:05,964  INFO [main] optimizer.BucketVersionPopulator: not considering bucketingVersion for: TS[0] because it has -1<2 buckets 
2024-04-23T20:53:05,965  INFO [main] optimizer.SortedDynPartitionOptimizer: Sorted dynamic partitioning optimization kicked in..
2024-04-23T20:53:05,974  INFO [main] physical.Vectorizer: Examining input format to see if vectorization is enabled.
2024-04-23T20:53:05,975  INFO [main] physical.Vectorizer: Vectorization is enabled for input format(s) [org.apache.hadoop.hive.ql.io.orc.OrcInputFormat]
2024-04-23T20:53:05,975  INFO [main] physical.Vectorizer: Validating and vectorizing MapWork... (vectorizedVertexNum 0)
2024-04-23T20:53:05,976  INFO [main] physical.Vectorizer: Map vectorization enabled: true
2024-04-23T20:53:05,976  INFO [main] physical.Vectorizer: Map vectorized: false
2024-04-23T20:53:05,976  INFO [main] physical.Vectorizer: Map notVectorizedReason: Select expression for SELECT operator: Virtual column INPUT__FILE__NAME is not supported
2024-04-23T20:53:05,976  INFO [main] physical.Vectorizer: Map vectorizedVertexNum: 0
2024-04-23T20:53:05,976  INFO [main] physical.Vectorizer: Map enabledConditionsMet: [hive.vectorized.use.vectorized.input.format IS true]
2024-04-23T20:53:05,976  INFO [main] physical.Vectorizer: Map inputFileFormatClassNameSet: [org.apache.hadoop.hive.ql.io.orc.OrcInputFormat]
2024-04-23T20:53:05,976  INFO [main] physical.Vectorizer: Reduce vectorization enabled: false
2024-04-23T20:53:05,976  INFO [main] physical.Vectorizer: Reduce vectorized: false
2024-04-23T20:53:05,976  INFO [main] physical.Vectorizer: Reduce vectorizedVertexNum: 1
2024-04-23T20:53:05,976  INFO [main] physical.Vectorizer: Reducer hive.vectorized.execution.reduce.enabled: true
2024-04-23T20:53:05,976  INFO [main] physical.Vectorizer: Reducer engine: mr
2024-04-23T20:53:05,976  INFO [main] parse.CalcitePlanner: Completed plan generation
2024-04-23T20:53:05,977  INFO [main] parse.CalcitePlanner: Ending caching scope for: 
2024-04-23T20:53:05,977  INFO [main] ql.Driver: Semantic Analysis Completed (retrial = false)
2024-04-23T20:53:05,977  INFO [main] ql.Driver: Created Hive schema: Schema(fieldSchemas:[FieldSchema(name:row__id, type:struct<writeid:bigint,bucketid:int,rowid:bigint>, comment:null), FieldSchema(name:a, type:int, comment:null), FieldSchema(name:input__file__name, type:string, comment:null)], properties:null)
2024-04-23T20:53:05,978  INFO [main] exec.ListSinkOperator: Initializing Operator: LIST_SINK[8]
2024-04-23T20:53:05,978  INFO [main] metadata.Hive: Dumping metastore api call timing information for : compilation phase
2024-04-23T20:53:05,978  INFO [main] metadata.Hive: Total time spent in each metastore function (ms): {flushCache_()=0, getValidTxns_(long)=0, openTxn_(String, TxnType)=3, isCompatibleWith_(Configuration)=0, getTable_(GetTableRequest)=6, getTableColumnStatistics_(String, String, List, String)=8, commitTxn_(CommitTxnRequest)=11, getValidWriteIds_(List, String)=5, getAllTableConstraints_(AllTableConstraintsRequest)=5}
2024-04-23T20:53:05,978  INFO [main] ql.Driver: Completed compiling command(queryId=alex_20240423205305_291edc3f-2251-4aec-94a4-b952b8b2f778); Time taken: 0.161 seconds
2024-04-23T20:53:05,979  INFO [main] lockmgr.DbTxnManager: Setting lock request transaction to txnid:23 for queryId=alex_20240423205305_291edc3f-2251-4aec-94a4-b952b8b2f778
2024-04-23T20:53:05,979  INFO [main] lockmgr.DbLockManager: Requesting lock for queryId=alex_20240423205305_291edc3f-2251-4aec-94a4-b952b8b2f778
2024-04-23T20:53:05,995  INFO [main] lockmgr.DbLockManager: Response to queryId=alex_20240423205305_291edc3f-2251-4aec-94a4-b952b8b2f778 LockResponse(lockid:14, state:ACQUIRED)
2024-04-23T20:53:05,995  INFO [main] ql.Driver: Operation QUERY obtained 1 locks
2024-04-23T20:53:05,995  INFO [main] ql.Driver: Executing command(queryId=alex_20240423205305_291edc3f-2251-4aec-94a4-b952b8b2f778): select ROW__ID, a, INPUT__FILE__NAME from T where b > 6 order by a
2024-04-23T20:53:05,996  WARN [main] ql.Driver: Hive-on-MR is deprecated in Hive 2 and may not be available in the future versions. Consider using a different execution engine (i.e. spark, tez) or using Hive 1.X releases.
Query ID = alex_20240423205305_291edc3f-2251-4aec-94a4-b952b8b2f778
2024-04-23T20:53:05,996  INFO [main] ql.Driver: Query ID = alex_20240423205305_291edc3f-2251-4aec-94a4-b952b8b2f778
Total jobs = 1
2024-04-23T20:53:05,996  INFO [main] ql.Driver: Total jobs = 1
Launching Job 1 out of 1
2024-04-23T20:53:05,996  INFO [main] ql.Driver: Launching Job 1 out of 1
2024-04-23T20:53:06,052  INFO [Heartbeater-3] lockmgr.DbTxnManager: Sending heartbeat for txnid:23 and lockid:0 queryId=null txnid:0
2024-04-23T20:53:06,053  INFO [Heartbeater-3] metastore.HiveMetaStoreClient: HMS client filtering is enabled.
2024-04-23T20:53:06,054  INFO [Heartbeater-3] metastore.HMSHandler: 15: Opening raw store with implementation class:org.apache.hadoop.hive.metastore.ObjectStore
2024-04-23T20:53:06,054  INFO [Heartbeater-3] metastore.PersistenceManagerProvider: Configuration datanucleus.autoStartMechanismMode is not set. Defaulting to 'ignored'
2024-04-23T20:53:06,055  INFO [Heartbeater-3] metastore.ObjectStore: RawStore: org.apache.hadoop.hive.metastore.ObjectStore@4de384e3, with PersistenceManager: null will be shutdown
2024-04-23T20:53:06,055  INFO [Heartbeater-3] metastore.ObjectStore: RawStore: org.apache.hadoop.hive.metastore.ObjectStore@4de384e3, with PersistenceManager: org.datanucleus.api.jdo.JDOPersistenceManager@39a38dd9 created in the thread with id: 55
2024-04-23T20:53:06,081  INFO [Heartbeater-3] metastore.HMSHandler: Created RawStore: org.apache.hadoop.hive.metastore.ObjectStore@4de384e3 from thread id: 55
2024-04-23T20:53:06,081  INFO [Heartbeater-3] metastore.HMSHandler: HMS server filtering is disabled by configuration
2024-04-23T20:53:06,081  INFO [Heartbeater-3] metastore.RetryingMetaStoreClient: RetryingMetaStoreClient proxy=class org.apache.hadoop.hive.ql.metadata.SessionHiveMetaStoreClient ugi=alex (auth:SIMPLE) retries=1 delay=1 lifetime=0
2024-04-23T20:53:06,162  INFO [main] ql.Driver: Starting task [Stage-1:MAPRED] in serial mode
Number of reduce tasks determined at compile time: 1
2024-04-23T20:53:06,162  INFO [main] exec.Task: Number of reduce tasks determined at compile time: 1
In order to change the average load for a reducer (in bytes):
2024-04-23T20:53:06,162  INFO [main] exec.Task: In order to change the average load for a reducer (in bytes):
  set hive.exec.reducers.bytes.per.reducer=<number>
2024-04-23T20:53:06,162  INFO [main] exec.Task:   set hive.exec.reducers.bytes.per.reducer=<number>
In order to limit the maximum number of reducers:
2024-04-23T20:53:06,162  INFO [main] exec.Task: In order to limit the maximum number of reducers:
  set hive.exec.reducers.max=<number>
2024-04-23T20:53:06,162  INFO [main] exec.Task:   set hive.exec.reducers.max=<number>
In order to set a constant number of reducers:
2024-04-23T20:53:06,162  INFO [main] exec.Task: In order to set a constant number of reducers:
  set mapreduce.job.reduces=<number>
2024-04-23T20:53:06,162  INFO [main] exec.Task:   set mapreduce.job.reduces=<number>
2024-04-23T20:53:06,165  INFO [main] mr.ExecDriver: Using org.apache.hadoop.hive.ql.io.HiveInputFormat
2024-04-23T20:53:06,165  INFO [main] exec.Utilities: Processing alias t
2024-04-23T20:53:06,165  INFO [main] exec.Utilities: Adding 1 inputs; the first input is file:/home/alex/Repositories/hive/ql/target/tmp/org.apache.hadoop.hive.ql.TestTxnNoBuckets-1713930630697/warehouse/t
2024-04-23T20:53:06,175  INFO [main] exec.SerializationUtilities: Serializing MapWork using kryo
2024-04-23T20:53:06,176  INFO [main] exec.Utilities: Serialized plan (via FILE) - name: null size: 5,59KB
2024-04-23T20:53:06,180  INFO [main] exec.SerializationUtilities: Serializing ReduceWork using kryo
2024-04-23T20:53:06,181  INFO [main] exec.Utilities: Serialized plan (via FILE) - name: null size: 6,35KB
2024-04-23T20:53:06,182  WARN [main] impl.MetricsSystemImpl: JobTracker metrics system already initialized!
2024-04-23T20:53:06,188  WARN [main] impl.MetricsSystemImpl: JobTracker metrics system already initialized!
2024-04-23T20:53:06,195  WARN [main] mapreduce.JobResourceUploader: Hadoop command-line option parsing not performed. Implement the Tool interface and execute your application with ToolRunner to remedy this.
2024-04-23T20:53:06,201  WARN [main] mapreduce.JobResourceUploader: No job jar file set.  User classes may not be found. See Job or Job#setJar(String).
2024-04-23T20:53:06,202  INFO [main] io.HiveInputFormat: hive.io.file.readcolumn.ids = 0,1
2024-04-23T20:53:06,202  INFO [main] io.HiveInputFormat: hive.io.file.readcolumn.names = a,b
2024-04-23T20:53:06,202  INFO [main] io.HiveInputFormat: Generating splits for dirs: file:/home/alex/Repositories/hive/ql/target/tmp/org.apache.hadoop.hive.ql.TestTxnNoBuckets-1713930630697/warehouse/t
2024-04-23T20:53:06,203  INFO [main] orc.OrcInputFormat: getSplits started
2024-04-23T20:53:06,203  INFO [main] orc.OrcInputFormat: Context:: isAcid: true isVectorMode: false sarg: (not leaf-(LESS_THAN_EQUALS b 6)) minSplitSize: 1 maxSplitSize: 256000000 splitStrategy: HYBRID footerInSplits: false numBuckets: 0 numThreads: 10 cacheMemSize: 268435456 cacheStripeDetails: true useSoftReference: false writeIdList: default.t:10000000:9223372036854775807:: isTransactionalTable: true txnProperties: default 
2024-04-23T20:53:06,203  INFO [main] orc.OrcInputFormat: ORC pushdown predicate: (not leaf-(LESS_THAN_EQUALS b 6))
2024-04-23T20:53:06,207  INFO [main] orc.OrcInputFormat: FooterCacheHitRatio: 1/1
2024-04-23T20:53:06,207  INFO [main] orc.OrcInputFormat: getSplits finished (#splits: 1). duration: 4 ms
2024-04-23T20:53:06,208  INFO [main] io.HiveInputFormat: number of splits 1
2024-04-23T20:53:06,227  INFO [main] mapreduce.JobSubmitter: number of splits:1
2024-04-23T20:53:06,257  INFO [main] mapreduce.JobSubmitter: Submitting tokens for job: job_local7331849_0070
2024-04-23T20:53:06,257  INFO [main] mapreduce.JobSubmitter: Executing with tokens: []
2024-04-23T20:53:06,343  INFO [main] mapreduce.Job: The url to track the job: http://localhost:8080/
Job running in-process (local Hadoop)
2024-04-23T20:53:06,343  INFO [main] exec.Task: Job running in-process (local Hadoop)
2024-04-23T20:53:06,343  INFO [Thread-4540] mapred.LocalJobRunner: OutputCommitter set in config org.apache.hadoop.hive.ql.io.HiveFileFormatUtils$NullOutputCommitter
2024-04-23T20:53:06,343  INFO [Thread-4540] mapred.LocalJobRunner: OutputCommitter is org.apache.hadoop.hive.ql.io.HiveFileFormatUtils$NullOutputCommitter
2024-04-23T20:53:06,345  INFO [Thread-4540] mapred.LocalJobRunner: Waiting for map tasks
2024-04-23T20:53:06,345  INFO [LocalJobRunner Map Task Executor #0] mapred.LocalJobRunner: Starting task: attempt_local7331849_0070_m_000000_0
2024-04-23T20:53:06,346  INFO [LocalJobRunner Map Task Executor #0] mapred.Task:  Using ResourceCalculatorProcessTree : [ ]
2024-04-23T20:53:06,346  INFO [LocalJobRunner Map Task Executor #0] mapred.MapTask: Processing split: org.apache.hadoop.hive.ql.io.orc.OrcInputFormat:OrcSplit [file:/home/alex/Repositories/hive/ql/target/tmp/org.apache.hadoop.hive.ql.TestTxnNoBuckets-1713930630697/warehouse/t/000000_0, start=3, length=113, isOriginal=true, fileLength=259, hasFooter=false, hasBase=true, deltas=0]
2024-04-23T20:53:06,347  INFO [LocalJobRunner Map Task Executor #0] exec.SerializationUtilities: Deserializing MapWork using kryo
2024-04-23T20:53:06,347  INFO [LocalJobRunner Map Task Executor #0] exec.Utilities: Deserialized plan (via FILE) - name: null size: 5,59KB
2024-04-23T20:53:06,348  INFO [LocalJobRunner Map Task Executor #0] orc.OrcInputFormat: ORC pushdown predicate: (not leaf-(LESS_THAN_EQUALS b 6))
2024-04-23T20:53:06,349  INFO [LocalJobRunner Map Task Executor #0] orc.OrcRawRecordMerger: min key = null, max key = null
2024-04-23T20:53:06,349  INFO [LocalJobRunner Map Task Executor #0] orc.ReaderImpl: Reading ORC rows from file:/home/alex/Repositories/hive/ql/target/tmp/org.apache.hadoop.hive.ql.TestTxnNoBuckets-1713930630697/warehouse/t/000000_0 with {include: [true, true, true], offset: 3, length: 113, sarg: (not leaf-(LESS_THAN_EQUALS b 6)), schema: struct<a:int,b:int>, includeAcidColumns: true}
2024-04-23T20:53:06,353  INFO [LocalJobRunner Map Task Executor #0] orc.OrcRawRecordMerger: updated min key = null, max key = null
2024-04-23T20:53:06,353  INFO [LocalJobRunner Map Task Executor #0] mapred.MapTask: numReduceTasks: 1
2024-04-23T20:53:06,358  INFO [LocalJobRunner Map Task Executor #0] mapred.MapTask: (EQUATOR) 0 kvi 26214396(104857584)
2024-04-23T20:53:06,358  INFO [LocalJobRunner Map Task Executor #0] mapred.MapTask: mapreduce.task.io.sort.mb: 100
2024-04-23T20:53:06,358  INFO [LocalJobRunner Map Task Executor #0] mapred.MapTask: soft limit at 83886080
2024-04-23T20:53:06,358  INFO [LocalJobRunner Map Task Executor #0] mapred.MapTask: bufstart = 0; bufvoid = 104857600
2024-04-23T20:53:06,358  INFO [LocalJobRunner Map Task Executor #0] mapred.MapTask: kvstart = 26214396; length = 6553600
2024-04-23T20:53:06,359  INFO [LocalJobRunner Map Task Executor #0] mapred.MapTask: Map output collector class = org.apache.hadoop.mapred.MapTask$MapOutputBuffer
2024-04-23T20:53:06,359  INFO [LocalJobRunner Map Task Executor #0] exec.MapOperator: Initializing Operator: MAP[0]
2024-04-23T20:53:06,361  INFO [LocalJobRunner Map Task Executor #0] mr.ExecMapper: 
<MAP>Id =0
  <Children>null
  <\Children>
  <Parent><\Parent>
<\MAP>
2024-04-23T20:53:06,362  INFO [LocalJobRunner Map Task Executor #0] exec.TableScanOperator: Initializing Operator: TS[0]
2024-04-23T20:53:06,362  INFO [LocalJobRunner Map Task Executor #0] exec.FilterOperator: Initializing Operator: FIL[6]
2024-04-23T20:53:06,362  INFO [LocalJobRunner Map Task Executor #0] exec.SelectOperator: Initializing Operator: SEL[2]
2024-04-23T20:53:06,362  INFO [LocalJobRunner Map Task Executor #0] exec.SelectOperator: SELECT struct<a:int,b:int,input__file__name:string,row__id:struct<writeid:bigint,bucketid:int,rowid:bigint>>
2024-04-23T20:53:06,362  INFO [LocalJobRunner Map Task Executor #0] exec.ReduceSinkOperator: Initializing Operator: RS[3]
2024-04-23T20:53:06,362  INFO [LocalJobRunner Map Task Executor #0] exec.ReduceSinkOperator: Using tag = -1
2024-04-23T20:53:06,363  INFO [LocalJobRunner Map Task Executor #0] exec.MapOperator: MAP[0]: records read - 1
2024-04-23T20:53:06,363  INFO [LocalJobRunner Map Task Executor #0] exec.ReduceSinkOperator: keys are [reducesinkkey0] num distributions: 1
2024-04-23T20:53:06,363  INFO [LocalJobRunner Map Task Executor #0] exec.ReduceSinkOperator: RS[3]: records written - 1
2024-04-23T20:53:06,364  INFO [LocalJobRunner Map Task Executor #0] exec.MapOperator: Closing Operator: MAP[0]
2024-04-23T20:53:06,364  INFO [LocalJobRunner Map Task Executor #0] exec.MapOperator: MAP[0]: Total records read - 5. abort - false
2024-04-23T20:53:06,364  INFO [LocalJobRunner Map Task Executor #0] exec.MapOperator: RECORDS_OUT_OPERATOR_MAP_0:0, RECORDS_IN:5, DESERIALIZE_ERRORS:0, RECORDS_OUT_INTERMEDIATE:0, 
2024-04-23T20:53:06,364  INFO [LocalJobRunner Map Task Executor #0] exec.TableScanOperator: Closing Operator: TS[0]
2024-04-23T20:53:06,364  INFO [LocalJobRunner Map Task Executor #0] exec.TableScanOperator: RECORDS_OUT_OPERATOR_TS_0:5, RECORDS_OUT_INTERMEDIATE:0, 
2024-04-23T20:53:06,364  INFO [LocalJobRunner Map Task Executor #0] exec.FilterOperator: Closing Operator: FIL[6]
2024-04-23T20:53:06,364  INFO [LocalJobRunner Map Task Executor #0] exec.FilterOperator: RECORDS_OUT_OPERATOR_FIL_6:2, RECORDS_OUT_INTERMEDIATE:0, 
2024-04-23T20:53:06,364  INFO [LocalJobRunner Map Task Executor #0] exec.SelectOperator: Closing Operator: SEL[2]
2024-04-23T20:53:06,364  INFO [LocalJobRunner Map Task Executor #0] exec.SelectOperator: RECORDS_OUT_OPERATOR_SEL_2:2, RECORDS_OUT_INTERMEDIATE:0, 
2024-04-23T20:53:06,364  INFO [LocalJobRunner Map Task Executor #0] exec.ReduceSinkOperator: Closing Operator: RS[3]
2024-04-23T20:53:06,364  INFO [LocalJobRunner Map Task Executor #0] exec.ReduceSinkOperator: RS[3]: Total records written - 2. abort - false
2024-04-23T20:53:06,364  INFO [LocalJobRunner Map Task Executor #0] exec.ReduceSinkOperator: RECORDS_OUT_OPERATOR_RS_3:2, RECORDS_OUT_INTERMEDIATE:2, 
2024-04-23T20:53:06,365  INFO [LocalJobRunner Map Task Executor #0] mapred.LocalJobRunner: 
2024-04-23T20:53:06,365  INFO [LocalJobRunner Map Task Executor #0] mapred.MapTask: Starting flush of map output
2024-04-23T20:53:06,365  INFO [LocalJobRunner Map Task Executor #0] mapred.MapTask: Spilling map output
2024-04-23T20:53:06,365  INFO [LocalJobRunner Map Task Executor #0] mapred.MapTask: bufstart = 0; bufend = 306; bufvoid = 104857600
2024-04-23T20:53:06,365  INFO [LocalJobRunner Map Task Executor #0] mapred.MapTask: kvstart = 26214396(104857584); kvend = 26214392(104857568); length = 5/6553600
2024-04-23T20:53:06,376  INFO [LocalJobRunner Map Task Executor #0] mapred.MapTask: Finished spill 0
2024-04-23T20:53:06,379  INFO [LocalJobRunner Map Task Executor #0] mapred.Task: Task:attempt_local7331849_0070_m_000000_0 is done. And is in the process of committing
2024-04-23T20:53:06,380  INFO [LocalJobRunner Map Task Executor #0] mapred.LocalJobRunner: OrcSplit [file:/home/alex/Repositories/hive/ql/target/tmp/org.apache.hadoop.hive.ql.TestTxnNoBuckets-1713930630697/warehouse/t/000000_0, start=3, length=113, isOriginal=true, fileLength=259, hasFooter=false, hasBase=true, deltas=0]
2024-04-23T20:53:06,380  INFO [LocalJobRunner Map Task Executor #0] mapred.Task: Task 'attempt_local7331849_0070_m_000000_0' done.
2024-04-23T20:53:06,380  INFO [LocalJobRunner Map Task Executor #0] mapred.Task: Final Counters for attempt_local7331849_0070_m_000000_0: Counters: 25
	File System Counters
		FILE: Number of bytes read=1668182
		FILE: Number of bytes written=84215909
		FILE: Number of read operations=0
		FILE: Number of large read operations=0
		FILE: Number of write operations=0
	Map-Reduce Framework
		Map input records=5
		Map output records=2
		Map output bytes=306
		Map output materialized bytes=318
		Input split bytes=451
		Combine input records=0
		Spilled Records=2
		Failed Shuffles=0
		Merged Map outputs=0
		GC time elapsed (ms)=0
		Total committed heap usage (bytes)=1204289536
	HIVE
		DESERIALIZE_ERRORS=0
		RECORDS_IN=5
		RECORDS_OUT_INTERMEDIATE=2
		RECORDS_OUT_OPERATOR_FIL_6=2
		RECORDS_OUT_OPERATOR_MAP_0=0
		RECORDS_OUT_OPERATOR_RS_3=2
		RECORDS_OUT_OPERATOR_SEL_2=2
		RECORDS_OUT_OPERATOR_TS_0=5
	File Input Format Counters 
		Bytes Read=7017
2024-04-23T20:53:06,380  INFO [LocalJobRunner Map Task Executor #0] mapred.LocalJobRunner: Finishing task: attempt_local7331849_0070_m_000000_0
2024-04-23T20:53:06,380  INFO [Thread-4540] mapred.LocalJobRunner: map task executor complete.
2024-04-23T20:53:06,381  INFO [Thread-4540] mapred.LocalJobRunner: Waiting for reduce tasks
2024-04-23T20:53:06,381  INFO [pool-289-thread-1] mapred.LocalJobRunner: Starting task: attempt_local7331849_0070_r_000000_0
2024-04-23T20:53:06,381  INFO [pool-289-thread-1] mapred.Task:  Using ResourceCalculatorProcessTree : [ ]
2024-04-23T20:53:06,382  INFO [pool-289-thread-1] mapred.ReduceTask: Using ShuffleConsumerPlugin: org.apache.hadoop.mapreduce.task.reduce.Shuffle@4b2d4deb
2024-04-23T20:53:06,382  WARN [pool-289-thread-1] impl.MetricsSystemImpl: JobTracker metrics system already initialized!
2024-04-23T20:53:06,382  INFO [pool-289-thread-1] reduce.MergeManagerImpl: MergerManager: memoryLimit=1336252800, maxSingleShuffleLimit=334063200, mergeThreshold=881926912, ioSortFactor=10, memToMemMergeOutputsThreshold=10
2024-04-23T20:53:06,383  INFO [EventFetcher for fetching Map Completion Events] reduce.EventFetcher: attempt_local7331849_0070_r_000000_0 Thread started: EventFetcher for fetching Map Completion Events
2024-04-23T20:53:06,384  INFO [localfetcher#44] reduce.LocalFetcher: localfetcher#44 about to shuffle output of map attempt_local7331849_0070_m_000000_0 decomp: 314 len: 318 to MEMORY
2024-04-23T20:53:06,384  INFO [localfetcher#44] reduce.InMemoryMapOutput: Read 314 bytes from map-output for attempt_local7331849_0070_m_000000_0
2024-04-23T20:53:06,384  INFO [localfetcher#44] reduce.MergeManagerImpl: closeInMemoryFile -> map-output of size: 314, inMemoryMapOutputs.size() -> 1, commitMemory -> 0, usedMemory ->314
2024-04-23T20:53:06,384  INFO [EventFetcher for fetching Map Completion Events] reduce.EventFetcher: EventFetcher is interrupted.. Returning
2024-04-23T20:53:06,385  INFO [pool-289-thread-1] mapred.LocalJobRunner: 1 / 1 copied.
2024-04-23T20:53:06,385  INFO [pool-289-thread-1] reduce.MergeManagerImpl: finalMerge called with 1 in-memory map-outputs and 0 on-disk map-outputs
2024-04-23T20:53:06,390  INFO [pool-289-thread-1] mapred.Merger: Merging 1 sorted segments
2024-04-23T20:53:06,390  INFO [pool-289-thread-1] mapred.Merger: Down to the last merge-pass, with 1 segments left of total size: 301 bytes
2024-04-23T20:53:06,393  INFO [pool-289-thread-1] reduce.MergeManagerImpl: Merged 1 segments, 314 bytes to disk to satisfy reduce memory limit
2024-04-23T20:53:06,393  INFO [pool-289-thread-1] reduce.MergeManagerImpl: Merging 1 files, 318 bytes from disk
2024-04-23T20:53:06,393  INFO [pool-289-thread-1] reduce.MergeManagerImpl: Merging 0 segments, 0 bytes from memory into reduce
2024-04-23T20:53:06,393  INFO [pool-289-thread-1] mapred.Merger: Merging 1 sorted segments
2024-04-23T20:53:06,393  INFO [pool-289-thread-1] mapred.Merger: Down to the last merge-pass, with 1 segments left of total size: 301 bytes
2024-04-23T20:53:06,394  INFO [pool-289-thread-1] mapred.LocalJobRunner: 1 / 1 copied.
2024-04-23T20:53:06,394  INFO [pool-289-thread-1] exec.SerializationUtilities: Deserializing ReduceWork using kryo
2024-04-23T20:53:06,394  INFO [pool-289-thread-1] exec.Utilities: Deserialized plan (via FILE) - name: null size: 6,35KB
2024-04-23T20:53:06,395  INFO [pool-289-thread-1] ExecReducer: 
<SEL>Id =4
  <Children>
    <FS>Id =5
      <Children>
      <\Children>
      <Parent>Id = 4 null<\Parent>
    <\FS>
  <\Children>
  <Parent><\Parent>
<\SEL>
2024-04-23T20:53:06,395  INFO [pool-289-thread-1] exec.SelectOperator: Initializing Operator: SEL[4]
2024-04-23T20:53:06,395  INFO [pool-289-thread-1] exec.SelectOperator: SELECT struct<key:struct<reducesinkkey0:int>,value:struct<_col0:struct<writeid:bigint,bucketid:int,rowid:bigint>,_col1:string>>
2024-04-23T20:53:06,395  INFO [pool-289-thread-1] exec.FileSinkOperator: Initializing Operator: FS[5]
2024-04-23T20:53:06,396  INFO [pool-289-thread-1] exec.FileSinkOperator: Using serializer : class org.apache.hadoop.hive.serde2.lazy.LazySimpleSerDe [serdeParams=org.apache.hadoop.hive.serde2.lazy.LazySerDeParameters@4694c48c, cachedObjectInspector=org.apache.hadoop.hive.serde2.lazy.objectinspector.LazySimpleStructObjectInspector<org.apache.hadoop.hive.serde2.lazy.objectinspector.LazySimpleStructObjectInspector<org.apache.hadoop.hive.serde2.lazy.objectinspector.primitive.LazyLongObjectInspector@7fac3ce0,org.apache.hadoop.hive.serde2.lazy.objectinspector.primitive.LazyIntObjectInspector@3e3b41cb,org.apache.hadoop.hive.serde2.lazy.objectinspector.primitive.LazyLongObjectInspector@7fac3ce0>,org.apache.hadoop.hive.serde2.lazy.objectinspector.primitive.LazyIntObjectInspector@3e3b41cb,org.apache.hadoop.hive.serde2.lazy.objectinspector.primitive.LazyStringObjectInspector@441a2d52>, serializedSize=0, stats=org.apache.hadoop.hive.serde2.SerDeStats@60b657cb, lastOperationSerialize=false, lastOperationDeserialize=false [1, 2, 3, 4, 5, 6, 7, 8, 11, 14, 15, 16, 17, 18, 19, 20, 21, 22, 23, 24, 25, 26, 28, 29, 30, 31, -128, -127, -126, -125, -124, -123, -122, -121, -120, -119, -118, -117, -116, -115, -114, -113, -112, -111, -110, -109, -108, -107, -106, -105, -104, -103, -102, -101, -100, -99, -98, -97, -96, -95, -94, -93, -92, -91, -90, -89, -88, -87, -86, -85, -84, -83, -82, -81, -80, -79, -78, -77, -76, -75, -74, -73, -72, -71, -70, -69, -68, -67, -66, -65, -64, -63, -62, -61, -60, -59, -58, -57, -56, -55, -54, -53, -52, -51, -50, -49, -48, -47, -46, -45, -44, -43, -42, -41, -40, -39, -38, -37, -36, -35, -34, -33, -32, -31, -30, -29, -28, -27, -26, -25, -24, -23, -22, -21, -20, -19, -18, -17, -16, -15, -14, -13, -12, -11, -10, -9, -8, -7, -6, -5, -4, -3, -2, -1] : [_col0, _col1, _col2] : [struct<writeid:bigint,bucketid:int,rowid:bigint>, int, string]] and formatter : org.apache.hadoop.hive.ql.io.HiveSequenceFileOutputFormat@1b14ff7b
2024-04-23T20:53:06,396  INFO [pool-289-thread-1] exec.FileSinkOperator: Final Path: FS file:/home/alex/Repositories/hive/ql/target/tmp/localscratchdir/af9f0d40-e19c-4872-af4b-39c2733abb23/hive_2024-04-23_20-53-05_817_3248877083869138779-1/-mr-10001/.hive-staging_hive_2024-04-23_20-53-05_817_3248877083869138779-1/_tmp.-ext-10002/000000_0
2024-04-23T20:53:06,396  INFO [pool-289-thread-1] exec.FileSinkOperator: Writing to temp file: FS file:/home/alex/Repositories/hive/ql/target/tmp/localscratchdir/af9f0d40-e19c-4872-af4b-39c2733abb23/hive_2024-04-23_20-53-05_817_3248877083869138779-1/-mr-10001/.hive-staging_hive_2024-04-23_20-53-05_817_3248877083869138779-1/_task_tmp.-ext-10002/_tmp.000000_0
2024-04-23T20:53:06,396  INFO [pool-289-thread-1] exec.FileSinkOperator: New Final Path: FS file:/home/alex/Repositories/hive/ql/target/tmp/localscratchdir/af9f0d40-e19c-4872-af4b-39c2733abb23/hive_2024-04-23_20-53-05_817_3248877083869138779-1/-mr-10001/.hive-staging_hive_2024-04-23_20-53-05_817_3248877083869138779-1/_tmp.-ext-10002/000000_0
2024-04-23T20:53:06,404  INFO [pool-289-thread-1] exec.FileSinkOperator: FS[5]: records written - 1
2024-04-23T20:53:06,404  INFO [pool-289-thread-1] exec.SelectOperator: Closing Operator: SEL[4]
2024-04-23T20:53:06,404  INFO [pool-289-thread-1] exec.SelectOperator: RECORDS_OUT_INTERMEDIATE:0, RECORDS_OUT_OPERATOR_SEL_4:2, 
2024-04-23T20:53:06,404  INFO [pool-289-thread-1] exec.FileSinkOperator: Closing Operator: FS[5]
2024-04-23T20:53:06,404  INFO [pool-289-thread-1] exec.FileSinkOperator: FS[5]: records written - 2
2024-04-23T20:53:06,404  INFO [pool-289-thread-1] exec.FileSinkOperator: RECORDS_OUT_OPERATOR_FS_5:2, RECORDS_OUT_INTERMEDIATE:0, RECORDS_OUT_0:2, 
2024-04-23T20:53:06,405  INFO [pool-289-thread-1] mapred.Task: Task:attempt_local7331849_0070_r_000000_0 is done. And is in the process of committing
2024-04-23T20:53:06,405  INFO [pool-289-thread-1] mapred.LocalJobRunner: reduce > reduce
2024-04-23T20:53:06,405  INFO [pool-289-thread-1] mapred.Task: Task 'attempt_local7331849_0070_r_000000_0' done.
2024-04-23T20:53:06,405  INFO [pool-289-thread-1] mapred.Task: Final Counters for attempt_local7331849_0070_r_000000_0: Counters: 29
	File System Counters
		FILE: Number of bytes read=1675263
		FILE: Number of bytes written=84216636
		FILE: Number of read operations=0
		FILE: Number of large read operations=0
		FILE: Number of write operations=0
	Map-Reduce Framework
		Combine input records=0
		Combine output records=0
		Reduce input groups=2
		Reduce shuffle bytes=318
		Reduce input records=2
		Reduce output records=0
		Spilled Records=2
		Shuffled Maps =1
		Failed Shuffles=0
		Merged Map outputs=1
		GC time elapsed (ms)=0
		Total committed heap usage (bytes)=1204289536
	HIVE
		CREATED_FILES=1
		RECORDS_OUT_0=2
		RECORDS_OUT_INTERMEDIATE=0
		RECORDS_OUT_OPERATOR_FS_5=2
		RECORDS_OUT_OPERATOR_SEL_4=2
	Shuffle Errors
		BAD_ID=0
		CONNECTION=0
		IO_ERROR=0
		WRONG_LENGTH=0
		WRONG_MAP=0
		WRONG_REDUCE=0
	File Output Format Counters 
		Bytes Written=0
2024-04-23T20:53:06,405  INFO [pool-289-thread-1] mapred.LocalJobRunner: Finishing task: attempt_local7331849_0070_r_000000_0
2024-04-23T20:53:06,405  INFO [Thread-4540] mapred.LocalJobRunner: reduce task executor complete.
2024-04-23 20:53:07,345 Stage-1 map = 100%,  reduce = 100%
2024-04-23T20:53:07,345  INFO [main] exec.Task: 2024-04-23 20:53:07,345 Stage-1 map = 100%,  reduce = 100%
Ended Job = job_local7331849_0070
2024-04-23T20:53:07,347  INFO [main] exec.Task: Ended Job = job_local7331849_0070
2024-04-23T20:53:07,350  INFO [main] metadata.Hive: Dumping metastore api call timing information for : execution phase
2024-04-23T20:53:07,350  INFO [main] metadata.Hive: Total time spent in each metastore function (ms): {}
MapReduce Jobs Launched: 
2024-04-23T20:53:07,350  INFO [main] ql.Driver: MapReduce Jobs Launched: 
Stage-Stage-1:  HDFS Read: 0 HDFS Write: 0 SUCCESS
2024-04-23T20:53:07,350  INFO [main] ql.Driver: Stage-Stage-1:  HDFS Read: 0 HDFS Write: 0 SUCCESS
Total MapReduce CPU Time Spent: 0 msec
2024-04-23T20:53:07,350  INFO [main] ql.Driver: Total MapReduce CPU Time Spent: 0 msec
2024-04-23T20:53:07,350  INFO [main] ql.Driver: Completed executing command(queryId=alex_20240423205305_291edc3f-2251-4aec-94a4-b952b8b2f778); Time taken: 1.355 seconds
2024-04-23T20:53:07,350  INFO [main] lockmgr.DbTxnManager: Stopped heartbeat for query: alex_20240423205305_291edc3f-2251-4aec-94a4-b952b8b2f778
2024-04-23T20:53:07,354  INFO [main] txn.TxnHandler: Expected to move at least one record from txn_components to completed_txn_components when committing txn! txnid:23
2024-04-23T20:53:07,360  INFO [main] txn.TxnHandler: Removed transactions: ([23]) from MIN_HISTORY_LEVEL
2024-04-23T20:53:07,360  WARN [main] txn.CompactionTxnHandler: No compaction queue record found for Compaction type transaction commit. txnId:23
2024-04-23T20:53:07,364  INFO [main] mapred.FileInputFormat: Total input files to process : 1
2024-04-23T20:53:07,365  INFO [main] exec.ListSinkOperator: Closing Operator: LIST_SINK[8]
2024-04-23T20:53:07,365  INFO [main] exec.ListSinkOperator: RECORDS_OUT_INTERMEDIATE:0, RECORDS_OUT_OPERATOR_LIST_SINK_8:2, 
2024-04-23T20:53:07,365  WARN [main] ql.TestTxnNoBuckets: null: read data(After non-vectorized read): 
2024-04-23T20:53:07,365  INFO [main] ql.TestTxnNoBuckets: {"writeid":0,"bucketid":536870912,"rowid":3}	6	file:/home/alex/Repositories/hive/ql/target/tmp/org.apache.hadoop.hive.ql.TestTxnNoBuckets-1713930630697/warehouse/t/000000_0
{"writeid":0,"bucketid":536870912,"rowid":4}	9	file:/home/alex/Repositories/hive/ql/target/tmp/org.apache.hadoop.hive.ql.TestTxnNoBuckets-1713930630697/warehouse/t/000000_0

2024-04-23T20:53:07,365  INFO [main] ql.TxnCommandsBaseForTests: Running the query: EXPLAIN VECTORIZATION DETAIL select ROW__ID, a, INPUT__FILE__NAME from T where b > 6 order by a
2024-04-23T20:53:07,365  INFO [main] ql.Context: Deleting scratch dir: file:/home/alex/Repositories/hive/ql/target/tmp/localscratchdir/af9f0d40-e19c-4872-af4b-39c2733abb23/hive_2024-04-23_20-53-05_817_3248877083869138779-1
2024-04-23T20:53:07,366  INFO [main] cleanup.SyncCleanupService: Deleted directory: file:/home/alex/Repositories/hive/ql/target/tmp/localscratchdir/af9f0d40-e19c-4872-af4b-39c2733abb23/hive_2024-04-23_20-53-05_817_3248877083869138779-1 on fs with scheme file
2024-04-23T20:53:07,366  INFO [main] ql.Driver: Compiling command(queryId=alex_20240423205307_6f33ec2c-4122-4ab0-9216-0d1556bd7942): EXPLAIN VECTORIZATION DETAIL select ROW__ID, a, INPUT__FILE__NAME from T where b > 6 order by a
2024-04-23T20:53:07,369  INFO [main] txn.TxnHandler: Added entries to MIN_HISTORY_LEVEL for current txns: ([24]) with min_open_txn: 24
2024-04-23T20:53:07,369  INFO [main] lockmgr.DbTxnManager: Opened txnid:24
2024-04-23T20:53:07,370  INFO [main] parse.CalcitePlanner: Starting Semantic Analysis
2024-04-23T20:53:07,373  INFO [main] parse.CalcitePlanner: Completed phase 1 of Semantic Analysis
2024-04-23T20:53:07,373  INFO [main] parse.CalcitePlanner: Get metadata for source tables
2024-04-23T20:53:07,374  INFO [main] HiveMetaStore.audit: ugi=alex	ip=unknown-ip-addr	cmd=get_table : tbl=hive.default.t	
2024-04-23T20:53:07,381  INFO [main] metastore.HMSHandler: Skipping translation for processor with null
2024-04-23T20:53:07,381  INFO [main] parse.CalcitePlanner: Get metadata for subqueries
2024-04-23T20:53:07,381  INFO [main] parse.CalcitePlanner: Get metadata for destination tables
2024-04-23T20:53:07,382  INFO [main] parse.CalcitePlanner: Completed getting MetaData in Semantic Analysis
2024-04-23T20:53:07,397  INFO [main] HiveMetaStore.audit: ugi=alex	ip=unknown-ip-addr	cmd=get_all_table_constraints : tbl=hive.default.t	
2024-04-23T20:53:07,433  INFO [main] calcite.RelOptHiveTable: Calculating column statistics for default.t, projIndxSet: [0, 1], allowMissingStats: true
2024-04-23T20:53:07,434  INFO [main] HiveMetaStore.audit: ugi=alex	ip=unknown-ip-addr	cmd=get_table_statistics_req: table=hive.default.t	
2024-04-23T20:53:07,442  WARN [main] calcite.RelOptHiveTable: No Stats for default@t, Columns: a, b
No Stats for default@t, Columns: a, b
2024-04-23T20:53:07,442  INFO [main] SessionState: No Stats for default@t, Columns: a, b
2024-04-23T20:53:07,501  INFO [main] parse.CalcitePlanner: Get metadata for source tables
2024-04-23T20:53:07,501  INFO [main] parse.CalcitePlanner: Get metadata for subqueries
2024-04-23T20:53:07,501  INFO [main] parse.CalcitePlanner: Get metadata for destination tables
2024-04-23T20:53:07,503  INFO [main] parse.CalcitePlanner: CBO Succeeded; optimized logical plan.
2024-04-23T20:53:07,506  INFO [main] optimizer.ColumnPrunerProcFactory: RS 3 oldColExprMap: {VALUE._col1=Column[_col2], KEY.reducesinkkey0=Column[_col1], VALUE._col0=Column[_col0]}
2024-04-23T20:53:07,506  INFO [main] optimizer.ColumnPrunerProcFactory: RS 3 newColExprMap: {VALUE._col1=Column[_col2], VALUE._col0=Column[_col0], KEY.reducesinkkey0=Column[_col1]}
2024-04-23T20:53:07,507  INFO [main] optimizer.BucketVersionPopulator: not considering bucketingVersion for: TS[0] because it has -1<2 buckets 
2024-04-23T20:53:07,513  INFO [main] optimizer.SortedDynPartitionOptimizer: Sorted dynamic partitioning optimization kicked in..
2024-04-23T20:53:07,521  INFO [main] physical.Vectorizer: Examining input format to see if vectorization is enabled.
2024-04-23T20:53:07,521  INFO [main] physical.Vectorizer: Vectorization is enabled for input format(s) [org.apache.hadoop.hive.ql.io.orc.OrcInputFormat]
2024-04-23T20:53:07,521  INFO [main] physical.Vectorizer: Validating and vectorizing MapWork... (vectorizedVertexNum 0)
2024-04-23T20:53:07,522  INFO [main] physical.Vectorizer: Map vectorization enabled: true
2024-04-23T20:53:07,522  INFO [main] physical.Vectorizer: Map vectorized: false
2024-04-23T20:53:07,522  INFO [main] physical.Vectorizer: Map notVectorizedReason: Select expression for SELECT operator: Virtual column INPUT__FILE__NAME is not supported
2024-04-23T20:53:07,522  INFO [main] physical.Vectorizer: Map vectorizedVertexNum: 0
2024-04-23T20:53:07,522  INFO [main] physical.Vectorizer: Map enabledConditionsMet: [hive.vectorized.use.vectorized.input.format IS true]
2024-04-23T20:53:07,522  INFO [main] physical.Vectorizer: Map inputFileFormatClassNameSet: [org.apache.hadoop.hive.ql.io.orc.OrcInputFormat]
2024-04-23T20:53:07,522  INFO [main] physical.Vectorizer: Reduce vectorization enabled: false
2024-04-23T20:53:07,522  INFO [main] physical.Vectorizer: Reduce vectorized: false
2024-04-23T20:53:07,522  INFO [main] physical.Vectorizer: Reduce vectorizedVertexNum: 1
2024-04-23T20:53:07,523  INFO [main] physical.Vectorizer: Reducer hive.vectorized.execution.reduce.enabled: true
2024-04-23T20:53:07,523  INFO [main] physical.Vectorizer: Reducer engine: mr
2024-04-23T20:53:07,523  INFO [main] parse.CalcitePlanner: Completed plan generation
2024-04-23T20:53:07,523  INFO [main] ql.Driver: Semantic Analysis Completed (retrial = false)
2024-04-23T20:53:07,523  INFO [main] ql.Driver: Created Hive schema: Schema(fieldSchemas:[FieldSchema(name:Explain, type:string, comment:null)], properties:null)
2024-04-23T20:53:07,523  INFO [main] metadata.Hive: Dumping metastore api call timing information for : compilation phase
2024-04-23T20:53:07,523  INFO [main] metadata.Hive: Total time spent in each metastore function (ms): {getValidTxns_(long)=1, getValidWriteIds_(List, String)=4, getTable_(GetTableRequest)=7, commitTxn_(CommitTxnRequest)=11, openTxn_(String, TxnType)=2, getTableColumnStatistics_(String, String, List, String)=8, isCompatibleWith_(Configuration)=0, getAllTableConstraints_(AllTableConstraintsRequest)=5, flushCache_()=0}
2024-04-23T20:53:07,523  INFO [main] ql.Driver: Completed compiling command(queryId=alex_20240423205307_6f33ec2c-4122-4ab0-9216-0d1556bd7942); Time taken: 0.157 seconds
2024-04-23T20:53:07,524  INFO [main] ql.Driver: Executing command(queryId=alex_20240423205307_6f33ec2c-4122-4ab0-9216-0d1556bd7942): EXPLAIN VECTORIZATION DETAIL select ROW__ID, a, INPUT__FILE__NAME from T where b > 6 order by a
2024-04-23T20:53:07,524  INFO [main] ql.Driver: Starting task [Stage-2:EXPLAIN] in serial mode
2024-04-23T20:53:07,534  INFO [main] metadata.Hive: Dumping metastore api call timing information for : execution phase
2024-04-23T20:53:07,534  INFO [main] metadata.Hive: Total time spent in each metastore function (ms): {}
2024-04-23T20:53:07,534  INFO [main] ql.Driver: Completed executing command(queryId=alex_20240423205307_6f33ec2c-4122-4ab0-9216-0d1556bd7942); Time taken: 0.01 seconds
2024-04-23T20:53:07,534  INFO [main] lockmgr.DbTxnManager: Stopped heartbeat for query: null
2024-04-23T20:53:07,540  INFO [main] txn.TxnHandler: Expected to move at least one record from txn_components to completed_txn_components when committing txn! txnid:24
2024-04-23T20:53:07,546  INFO [main] txn.TxnHandler: Removed transactions: ([24]) from MIN_HISTORY_LEVEL
2024-04-23T20:53:07,546  WARN [main] txn.CompactionTxnHandler: No compaction queue record found for Compaction type transaction commit. txnId:24
2024-04-23T20:53:07,547  INFO [main] ql.TxnCommandsBaseForTests: Running the query: update T set b = 17 where a = 1
2024-04-23T20:53:07,547  INFO [main] ql.Context: Deleting scratch dir: file:/home/alex/Repositories/hive/ql/target/tmp/localscratchdir/af9f0d40-e19c-4872-af4b-39c2733abb23/hive_2024-04-23_20-53-07_366_5321906384180473237-1
2024-04-23T20:53:07,548  INFO [main] cleanup.SyncCleanupService: Deleted directory: file:/home/alex/Repositories/hive/ql/target/tmp/localscratchdir/af9f0d40-e19c-4872-af4b-39c2733abb23/hive_2024-04-23_20-53-07_366_5321906384180473237-1 on fs with scheme file
2024-04-23T20:53:07,548  INFO [main] ql.Driver: Compiling command(queryId=alex_20240423205307_e43f8fb2-57e2-4b78-a35e-383ea6d69b76): update T set b = 17 where a = 1
2024-04-23T20:53:07,550  INFO [main] txn.TxnHandler: Added entries to MIN_HISTORY_LEVEL for current txns: ([25]) with min_open_txn: 24
2024-04-23T20:53:07,551  INFO [main] lockmgr.DbTxnManager: Opened txnid:25
2024-04-23T20:53:07,551  INFO [main] parse.UpdateDeleteSemanticAnalyzer: Starting caching scope for: 
2024-04-23T20:53:07,551  INFO [main] HiveMetaStore.audit: ugi=alex	ip=unknown-ip-addr	cmd=get_table : tbl=hive.default.T	
2024-04-23T20:53:07,558  INFO [main] metastore.HMSHandler: Skipping translation for processor with null
2024-04-23T20:53:07,558  INFO [main] parse.RewriteSemanticAnalyzer: Going to reparse <update T set b = 17 where a = 1> as 
<insert into table `default`.`T` select ROW__ID,`a`,`b` from `default`.`T` sort by ROW__ID >
2024-04-23T20:53:07,559  INFO [main] parse.UpdateDeleteSemanticAnalyzer: Starting Semantic Analysis
2024-04-23T20:53:07,562  INFO [main] HiveMetaStore.audit: ugi=alex	ip=unknown-ip-addr	cmd=get_table : tbl=hive.default.T	
2024-04-23T20:53:07,568  INFO [main] metastore.HMSHandler: Skipping translation for processor with null
2024-04-23T20:53:07,568  INFO [main] parse.UpdateDeleteSemanticAnalyzer: Completed phase 1 of Semantic Analysis
2024-04-23T20:53:07,568  INFO [main] parse.UpdateDeleteSemanticAnalyzer: Get metadata for source tables
2024-04-23T20:53:07,569  INFO [main] HiveMetaStore.audit: ugi=alex	ip=unknown-ip-addr	cmd=get_table : tbl=hive.default.t	
2024-04-23T20:53:07,576  INFO [main] metastore.HMSHandler: Skipping translation for processor with null
2024-04-23T20:53:07,576  INFO [main] parse.UpdateDeleteSemanticAnalyzer: Get metadata for subqueries
2024-04-23T20:53:07,576  INFO [main] parse.UpdateDeleteSemanticAnalyzer: Get metadata for destination tables
2024-04-23T20:53:07,576  INFO [main] HiveMetaStore.audit: ugi=alex	ip=unknown-ip-addr	cmd=get_table : tbl=hive.default.T	
2024-04-23T20:53:07,583  INFO [main] metastore.HMSHandler: Skipping translation for processor with null
2024-04-23T20:53:07,583  INFO [main] parse.UpdateDeleteSemanticAnalyzer: Completed getting MetaData in Semantic Analysis
2024-04-23T20:53:07,583  INFO [main] parse.UpdateDeleteSemanticAnalyzer: Disabling LLAP IO encode as ETL query is detected
2024-04-23T20:53:07,596  INFO [main] HiveMetaStore.audit: ugi=alex	ip=unknown-ip-addr	cmd=get_all_table_constraints : tbl=hive.default.t	
2024-04-23T20:53:07,602  INFO [main] HiveMetaStore.audit: ugi=alex	ip=unknown-ip-addr	cmd=get_not_null_constraints : tbl=hive.default.t	
2024-04-23T20:53:07,603  INFO [main] HiveMetaStore.audit: ugi=alex	ip=unknown-ip-addr	cmd=get_check_constraints : tbl=hive.default.t	
2024-04-23T20:53:07,625  INFO [main] calcite.RelOptHiveTable: Calculating column statistics for default.t, projIndxSet: [0], allowMissingStats: true
2024-04-23T20:53:07,625  INFO [main] HiveMetaStore.audit: ugi=alex	ip=unknown-ip-addr	cmd=get_table_statistics_req: table=hive.default.t	
2024-04-23T20:53:07,636  WARN [main] calcite.RelOptHiveTable: No Stats for default@t, Columns: a
No Stats for default@t, Columns: a
2024-04-23T20:53:07,636  INFO [main] SessionState: No Stats for default@t, Columns: a
2024-04-23T20:53:07,696  INFO [main] parse.UpdateDeleteSemanticAnalyzer: Get metadata for source tables
2024-04-23T20:53:07,696  INFO [main] parse.UpdateDeleteSemanticAnalyzer: Get metadata for subqueries
2024-04-23T20:53:07,696  INFO [main] parse.UpdateDeleteSemanticAnalyzer: Get metadata for destination tables
2024-04-23T20:53:07,696  INFO [main] HiveMetaStore.audit: ugi=alex	ip=unknown-ip-addr	cmd=get_table : tbl=hive.default.T	
2024-04-23T20:53:07,704  INFO [main] metastore.HMSHandler: Skipping translation for processor with null
2024-04-23T20:53:07,707 ERROR [main] parse.UpdateDeleteSemanticAnalyzer: CBO failed, skipping CBO. 
org.apache.hadoop.hive.ql.exec.NoMatchingMethodException: No matching method for class org.apache.hadoop.hive.ql.udf.UDFToInteger with (struct<writeid:bigint,bucketid:int,rowid:bigint>). Possible choices: _FUNC_(bigint)  _FUNC_(boolean)  _FUNC_(decimal(38,18))  _FUNC_(double)  _FUNC_(float)  _FUNC_(smallint)  _FUNC_(string)  _FUNC_(struct<bucketid:int,rowid:bigint,writeid:bigint>)  _FUNC_(timestamp)  _FUNC_(tinyint)  _FUNC_(void)  
	at org.apache.hadoop.hive.ql.exec.MethodUtils.getMethodInternal(MethodUtils.java:130) ~[classes/:?]
	at org.apache.hadoop.hive.ql.exec.MethodUtils.getMethodInternal(MethodUtils.java:60) ~[classes/:?]
	at org.apache.hadoop.hive.ql.exec.DefaultUDFMethodResolver.getEvalMethod(DefaultUDFMethodResolver.java:59) ~[classes/:?]
	at org.apache.hadoop.hive.ql.udf.TimestampCastRestrictorResolver.getEvalMethod(TimestampCastRestrictorResolver.java:68) ~[classes/:?]
	at org.apache.hadoop.hive.ql.udf.generic.GenericUDFBridge.initialize(GenericUDFBridge.java:168) ~[classes/:?]
	at org.apache.hadoop.hive.ql.udf.generic.GenericUDF.initializeAndFoldConstants(GenericUDF.java:149) ~[classes/:?]
	at org.apache.hadoop.hive.ql.plan.ExprNodeGenericFuncDesc.newInstance(ExprNodeGenericFuncDesc.java:235) ~[classes/:?]
	at org.apache.hadoop.hive.ql.parse.type.ExprNodeDescExprFactory.createFuncCallExpr(ExprNodeDescExprFactory.java:584) ~[classes/:?]
	at org.apache.hadoop.hive.ql.parse.type.ExprNodeDescExprFactory.createFuncCallExpr(ExprNodeDescExprFactory.java:97) ~[classes/:?]
	at org.apache.hadoop.hive.ql.parse.type.TypeCheckProcFactory$DefaultExprProcessor.getFuncExprNodeDescWithUdfData(TypeCheckProcFactory.java:762) ~[classes/:?]
	at org.apache.hadoop.hive.ql.parse.type.TypeCheckProcFactory$DefaultExprProcessor.createConversionCast(TypeCheckProcFactory.java:783) ~[classes/:?]
	at org.apache.hadoop.hive.ql.parse.SemanticAnalyzer.getPartitionColsFromBucketColsForUpdateDelete(SemanticAnalyzer.java:8725) ~[classes/:?]
	at org.apache.hadoop.hive.ql.parse.SemanticAnalyzer.genBucketingSortingDest(SemanticAnalyzer.java:6914) ~[classes/:?]
	at org.apache.hadoop.hive.ql.parse.SemanticAnalyzer.genFileSinkPlan(SemanticAnalyzer.java:7335) ~[classes/:?]
	at org.apache.hadoop.hive.ql.parse.SemanticAnalyzer.genPostGroupByBodyPlan(SemanticAnalyzer.java:11063) ~[classes/:?]
	at org.apache.hadoop.hive.ql.parse.SemanticAnalyzer.genBodyPlan(SemanticAnalyzer.java:10938) ~[classes/:?]
	at org.apache.hadoop.hive.ql.parse.SemanticAnalyzer.genPlan(SemanticAnalyzer.java:11853) ~[classes/:?]
	at org.apache.hadoop.hive.ql.parse.SemanticAnalyzer.genPlan(SemanticAnalyzer.java:11723) ~[classes/:?]
	at org.apache.hadoop.hive.ql.parse.CalcitePlanner.genOPTree(CalcitePlanner.java:626) ~[classes/:?]
	at org.apache.hadoop.hive.ql.parse.SemanticAnalyzer.analyzeInternal(SemanticAnalyzer.java:12558) ~[classes/:?]
	at org.apache.hadoop.hive.ql.parse.CalcitePlanner.analyzeInternal(CalcitePlanner.java:456) ~[classes/:?]
	at org.apache.hadoop.hive.ql.parse.RewriteSemanticAnalyzer.analyzeInternal(RewriteSemanticAnalyzer.java:67) ~[classes/:?]
	at org.apache.hadoop.hive.ql.parse.BaseSemanticAnalyzer.analyze(BaseSemanticAnalyzer.java:317) ~[classes/:?]
	at org.apache.hadoop.hive.ql.parse.UpdateDeleteSemanticAnalyzer.reparseAndSuperAnalyze(UpdateDeleteSemanticAnalyzer.java:208) ~[classes/:?]
	at org.apache.hadoop.hive.ql.parse.UpdateDeleteSemanticAnalyzer.analyzeUpdate(UpdateDeleteSemanticAnalyzer.java:63) ~[classes/:?]
	at org.apache.hadoop.hive.ql.parse.UpdateDeleteSemanticAnalyzer.analyze(UpdateDeleteSemanticAnalyzer.java:53) ~[classes/:?]
	at org.apache.hadoop.hive.ql.parse.RewriteSemanticAnalyzer.analyzeInternal(RewriteSemanticAnalyzer.java:72) ~[classes/:?]
	at org.apache.hadoop.hive.ql.parse.BaseSemanticAnalyzer.analyze(BaseSemanticAnalyzer.java:317) ~[classes/:?]
	at org.apache.hadoop.hive.ql.Compiler.analyze(Compiler.java:223) ~[classes/:?]
	at org.apache.hadoop.hive.ql.Compiler.compile(Compiler.java:105) ~[classes/:?]
	at org.apache.hadoop.hive.ql.Driver.compile(Driver.java:500) ~[classes/:?]
	at org.apache.hadoop.hive.ql.Driver.compileInternal(Driver.java:453) ~[classes/:?]
	at org.apache.hadoop.hive.ql.Driver.runInternal(Driver.java:181) ~[classes/:?]
	at org.apache.hadoop.hive.ql.Driver.run(Driver.java:153) ~[classes/:?]
	at org.apache.hadoop.hive.ql.Driver.run(Driver.java:140) ~[classes/:?]
	at org.apache.hadoop.hive.ql.TxnCommandsBaseForTests.runStatementOnDriver(TxnCommandsBaseForTests.java:245) ~[test-classes/:?]
	at org.apache.hadoop.hive.ql.TestTxnNoBuckets.testNonAcidToAcidVectorzied(TestTxnNoBuckets.java:726) ~[test-classes/:?]
	at sun.reflect.NativeMethodAccessorImpl.invoke0(Native Method) ~[?:1.8.0_402]
	at sun.reflect.NativeMethodAccessorImpl.invoke(NativeMethodAccessorImpl.java:62) ~[?:1.8.0_402]
	at sun.reflect.DelegatingMethodAccessorImpl.invoke(DelegatingMethodAccessorImpl.java:43) ~[?:1.8.0_402]
	at java.lang.reflect.Method.invoke(Method.java:498) ~[?:1.8.0_402]
	at org.junit.runners.model.FrameworkMethod$1.runReflectiveCall(FrameworkMethod.java:59) ~[junit-4.13.jar:4.13]
	at org.junit.internal.runners.model.ReflectiveCallable.run(ReflectiveCallable.java:12) ~[junit-4.13.jar:4.13]
	at org.junit.runners.model.FrameworkMethod.invokeExplosively(FrameworkMethod.java:56) ~[junit-4.13.jar:4.13]
	at org.junit.internal.runners.statements.InvokeMethod.evaluate(InvokeMethod.java:17) ~[junit-4.13.jar:4.13]
	at org.junit.internal.runners.statements.RunBefores.evaluate(RunBefores.java:26) ~[junit-4.13.jar:4.13]
	at org.junit.internal.runners.statements.RunAfters.evaluate(RunAfters.java:27) ~[junit-4.13.jar:4.13]
	at org.junit.rules.TestWatcher$1.evaluate(TestWatcher.java:61) ~[junit-4.13.jar:4.13]
	at org.junit.runners.ParentRunner$3.evaluate(ParentRunner.java:306) ~[junit-4.13.jar:4.13]
	at org.junit.runners.BlockJUnit4ClassRunner$1.evaluate(BlockJUnit4ClassRunner.java:100) ~[junit-4.13.jar:4.13]
	at org.junit.runners.ParentRunner.runLeaf(ParentRunner.java:366) ~[junit-4.13.jar:4.13]
	at org.junit.runners.BlockJUnit4ClassRunner.runChild(BlockJUnit4ClassRunner.java:103) ~[junit-4.13.jar:4.13]
	at org.junit.runners.BlockJUnit4ClassRunner.runChild(BlockJUnit4ClassRunner.java:63) ~[junit-4.13.jar:4.13]
	at org.junit.runners.ParentRunner$4.run(ParentRunner.java:331) ~[junit-4.13.jar:4.13]
	at org.junit.runners.ParentRunner$1.schedule(ParentRunner.java:79) ~[junit-4.13.jar:4.13]
	at org.junit.runners.ParentRunner.runChildren(ParentRunner.java:329) ~[junit-4.13.jar:4.13]
	at org.junit.runners.ParentRunner.access$100(ParentRunner.java:66) ~[junit-4.13.jar:4.13]
	at org.junit.runners.ParentRunner$2.evaluate(ParentRunner.java:293) ~[junit-4.13.jar:4.13]
	at org.junit.runners.ParentRunner$3.evaluate(ParentRunner.java:306) ~[junit-4.13.jar:4.13]
	at org.junit.runners.ParentRunner.run(ParentRunner.java:413) ~[junit-4.13.jar:4.13]
	at org.junit.runner.JUnitCore.run(JUnitCore.java:137) ~[junit-4.13.jar:4.13]
	at org.junit.runner.JUnitCore.run(JUnitCore.java:115) ~[junit-4.13.jar:4.13]
	at org.junit.vintage.engine.execution.RunnerExecutor.execute(RunnerExecutor.java:43) ~[junit-vintage-engine-5.6.2.jar:5.6.2]
	at java.util.stream.ForEachOps$ForEachOp$OfRef.accept(ForEachOps.java:183) ~[?:1.8.0_402]
	at java.util.stream.ReferencePipeline$3$1.accept(ReferencePipeline.java:193) ~[?:1.8.0_402]
	at java.util.Iterator.forEachRemaining(Iterator.java:116) ~[?:1.8.0_402]
	at java.util.Spliterators$IteratorSpliterator.forEachRemaining(Spliterators.java:1801) ~[?:1.8.0_402]
	at java.util.stream.AbstractPipeline.copyInto(AbstractPipeline.java:482) ~[?:1.8.0_402]
	at java.util.stream.AbstractPipeline.wrapAndCopyInto(AbstractPipeline.java:472) ~[?:1.8.0_402]
	at java.util.stream.ForEachOps$ForEachOp.evaluateSequential(ForEachOps.java:150) ~[?:1.8.0_402]
	at java.util.stream.ForEachOps$ForEachOp$OfRef.evaluateSequential(ForEachOps.java:173) ~[?:1.8.0_402]
	at java.util.stream.AbstractPipeline.evaluate(AbstractPipeline.java:234) ~[?:1.8.0_402]
	at java.util.stream.ReferencePipeline.forEach(ReferencePipeline.java:485) ~[?:1.8.0_402]
	at org.junit.vintage.engine.VintageTestEngine.executeAllChildren(VintageTestEngine.java:82) ~[junit-vintage-engine-5.6.2.jar:5.6.2]
	at org.junit.vintage.engine.VintageTestEngine.execute(VintageTestEngine.java:73) ~[junit-vintage-engine-5.6.2.jar:5.6.2]
	at org.junit.platform.launcher.core.DefaultLauncher.execute(DefaultLauncher.java:248) ~[junit-platform-launcher-1.6.2.jar:1.6.2]
	at org.junit.platform.launcher.core.DefaultLauncher.lambda$execute$5(DefaultLauncher.java:211) ~[junit-platform-launcher-1.6.2.jar:1.6.2]
	at org.junit.platform.launcher.core.DefaultLauncher.withInterceptedStreams(DefaultLauncher.java:226) [junit-platform-launcher-1.6.2.jar:1.6.2]
	at org.junit.platform.launcher.core.DefaultLauncher.execute(DefaultLauncher.java:199) [junit-platform-launcher-1.6.2.jar:1.6.2]
	at org.junit.platform.launcher.core.DefaultLauncher.execute(DefaultLauncher.java:132) [junit-platform-launcher-1.6.2.jar:1.6.2]
	at org.apache.maven.surefire.junitplatform.JUnitPlatformProvider.invokeAllTests(JUnitPlatformProvider.java:154) [surefire-junit-platform-3.0.0-M4.jar:3.0.0-M4]
	at org.apache.maven.surefire.junitplatform.JUnitPlatformProvider.invoke(JUnitPlatformProvider.java:123) [surefire-junit-platform-3.0.0-M4.jar:3.0.0-M4]
	at org.apache.maven.surefire.booter.ForkedBooter.runSuitesInProcess(ForkedBooter.java:377) [surefire-booter-3.0.0-M4.jar:3.0.0-M4]
	at org.apache.maven.surefire.booter.ForkedBooter.execute(ForkedBooter.java:138) [surefire-booter-3.0.0-M4.jar:3.0.0-M4]
	at org.apache.maven.surefire.booter.ForkedBooter.run(ForkedBooter.java:465) [surefire-booter-3.0.0-M4.jar:3.0.0-M4]
	at org.apache.maven.surefire.booter.ForkedBooter.main(ForkedBooter.java:451) [surefire-booter-3.0.0-M4.jar:3.0.0-M4]
2024-04-23T20:53:07,708 ERROR [main] parse.UpdateDeleteSemanticAnalyzer: CBO failed due to missing column stats (see previous errors), skipping CBO
2024-04-23T20:53:07,708  INFO [main] parse.UpdateDeleteSemanticAnalyzer: Ending caching scope for: 
FAILED: NoMatchingMethodException No matching method for class org.apache.hadoop.hive.ql.udf.UDFToInteger with (struct<writeid:bigint,bucketid:int,rowid:bigint>). Possible choices: _FUNC_(bigint)  _FUNC_(boolean)  _FUNC_(decimal(38,18))  _FUNC_(double)  _FUNC_(float)  _FUNC_(smallint)  _FUNC_(string)  _FUNC_(struct<bucketid:int,rowid:bigint,writeid:bigint>)  _FUNC_(timestamp)  _FUNC_(tinyint)  _FUNC_(void)  
2024-04-23T20:53:07,709 ERROR [main] ql.Driver: FAILED: NoMatchingMethodException No matching method for class org.apache.hadoop.hive.ql.udf.UDFToInteger with (struct<writeid:bigint,bucketid:int,rowid:bigint>). Possible choices: _FUNC_(bigint)  _FUNC_(boolean)  _FUNC_(decimal(38,18))  _FUNC_(double)  _FUNC_(float)  _FUNC_(smallint)  _FUNC_(string)  _FUNC_(struct<bucketid:int,rowid:bigint,writeid:bigint>)  _FUNC_(timestamp)  _FUNC_(tinyint)  _FUNC_(void)  
org.apache.hadoop.hive.ql.exec.NoMatchingMethodException: No matching method for class org.apache.hadoop.hive.ql.udf.UDFToInteger with (struct<writeid:bigint,bucketid:int,rowid:bigint>). Possible choices: _FUNC_(bigint)  _FUNC_(boolean)  _FUNC_(decimal(38,18))  _FUNC_(double)  _FUNC_(float)  _FUNC_(smallint)  _FUNC_(string)  _FUNC_(struct<bucketid:int,rowid:bigint,writeid:bigint>)  _FUNC_(timestamp)  _FUNC_(tinyint)  _FUNC_(void)  
	at org.apache.hadoop.hive.ql.exec.MethodUtils.getMethodInternal(MethodUtils.java:130)
	at org.apache.hadoop.hive.ql.exec.MethodUtils.getMethodInternal(MethodUtils.java:60)
	at org.apache.hadoop.hive.ql.exec.DefaultUDFMethodResolver.getEvalMethod(DefaultUDFMethodResolver.java:59)
	at org.apache.hadoop.hive.ql.udf.TimestampCastRestrictorResolver.getEvalMethod(TimestampCastRestrictorResolver.java:68)
	at org.apache.hadoop.hive.ql.udf.generic.GenericUDFBridge.initialize(GenericUDFBridge.java:168)
	at org.apache.hadoop.hive.ql.udf.generic.GenericUDF.initializeAndFoldConstants(GenericUDF.java:149)
	at org.apache.hadoop.hive.ql.plan.ExprNodeGenericFuncDesc.newInstance(ExprNodeGenericFuncDesc.java:235)
	at org.apache.hadoop.hive.ql.parse.type.ExprNodeDescExprFactory.createFuncCallExpr(ExprNodeDescExprFactory.java:584)
	at org.apache.hadoop.hive.ql.parse.type.ExprNodeDescExprFactory.createFuncCallExpr(ExprNodeDescExprFactory.java:97)
	at org.apache.hadoop.hive.ql.parse.type.TypeCheckProcFactory$DefaultExprProcessor.getFuncExprNodeDescWithUdfData(TypeCheckProcFactory.java:762)
	at org.apache.hadoop.hive.ql.parse.type.TypeCheckProcFactory$DefaultExprProcessor.createConversionCast(TypeCheckProcFactory.java:783)
	at org.apache.hadoop.hive.ql.parse.SemanticAnalyzer.getPartitionColsFromBucketColsForUpdateDelete(SemanticAnalyzer.java:8725)
	at org.apache.hadoop.hive.ql.parse.SemanticAnalyzer.genBucketingSortingDest(SemanticAnalyzer.java:6914)
	at org.apache.hadoop.hive.ql.parse.SemanticAnalyzer.genFileSinkPlan(SemanticAnalyzer.java:7335)
	at org.apache.hadoop.hive.ql.parse.SemanticAnalyzer.genPostGroupByBodyPlan(SemanticAnalyzer.java:11063)
	at org.apache.hadoop.hive.ql.parse.SemanticAnalyzer.genBodyPlan(SemanticAnalyzer.java:10938)
	at org.apache.hadoop.hive.ql.parse.SemanticAnalyzer.genPlan(SemanticAnalyzer.java:11853)
	at org.apache.hadoop.hive.ql.parse.SemanticAnalyzer.genPlan(SemanticAnalyzer.java:11723)
	at org.apache.hadoop.hive.ql.parse.CalcitePlanner.genOPTree(CalcitePlanner.java:626)
	at org.apache.hadoop.hive.ql.parse.SemanticAnalyzer.analyzeInternal(SemanticAnalyzer.java:12558)
	at org.apache.hadoop.hive.ql.parse.CalcitePlanner.analyzeInternal(CalcitePlanner.java:456)
	at org.apache.hadoop.hive.ql.parse.RewriteSemanticAnalyzer.analyzeInternal(RewriteSemanticAnalyzer.java:67)
	at org.apache.hadoop.hive.ql.parse.BaseSemanticAnalyzer.analyze(BaseSemanticAnalyzer.java:317)
	at org.apache.hadoop.hive.ql.parse.UpdateDeleteSemanticAnalyzer.reparseAndSuperAnalyze(UpdateDeleteSemanticAnalyzer.java:208)
	at org.apache.hadoop.hive.ql.parse.UpdateDeleteSemanticAnalyzer.analyzeUpdate(UpdateDeleteSemanticAnalyzer.java:63)
	at org.apache.hadoop.hive.ql.parse.UpdateDeleteSemanticAnalyzer.analyze(UpdateDeleteSemanticAnalyzer.java:53)
	at org.apache.hadoop.hive.ql.parse.RewriteSemanticAnalyzer.analyzeInternal(RewriteSemanticAnalyzer.java:72)
	at org.apache.hadoop.hive.ql.parse.BaseSemanticAnalyzer.analyze(BaseSemanticAnalyzer.java:317)
	at org.apache.hadoop.hive.ql.Compiler.analyze(Compiler.java:223)
	at org.apache.hadoop.hive.ql.Compiler.compile(Compiler.java:105)
	at org.apache.hadoop.hive.ql.Driver.compile(Driver.java:500)
	at org.apache.hadoop.hive.ql.Driver.compileInternal(Driver.java:453)
	at org.apache.hadoop.hive.ql.Driver.runInternal(Driver.java:181)
	at org.apache.hadoop.hive.ql.Driver.run(Driver.java:153)
	at org.apache.hadoop.hive.ql.Driver.run(Driver.java:140)
	at org.apache.hadoop.hive.ql.TxnCommandsBaseForTests.runStatementOnDriver(TxnCommandsBaseForTests.java:245)
	at org.apache.hadoop.hive.ql.TestTxnNoBuckets.testNonAcidToAcidVectorzied(TestTxnNoBuckets.java:726)
	at sun.reflect.NativeMethodAccessorImpl.invoke0(Native Method)
	at sun.reflect.NativeMethodAccessorImpl.invoke(NativeMethodAccessorImpl.java:62)
	at sun.reflect.DelegatingMethodAccessorImpl.invoke(DelegatingMethodAccessorImpl.java:43)
	at java.lang.reflect.Method.invoke(Method.java:498)
	at org.junit.runners.model.FrameworkMethod$1.runReflectiveCall(FrameworkMethod.java:59)
	at org.junit.internal.runners.model.ReflectiveCallable.run(ReflectiveCallable.java:12)
	at org.junit.runners.model.FrameworkMethod.invokeExplosively(FrameworkMethod.java:56)
	at org.junit.internal.runners.statements.InvokeMethod.evaluate(InvokeMethod.java:17)
	at org.junit.internal.runners.statements.RunBefores.evaluate(RunBefores.java:26)
	at org.junit.internal.runners.statements.RunAfters.evaluate(RunAfters.java:27)
	at org.junit.rules.TestWatcher$1.evaluate(TestWatcher.java:61)
	at org.junit.runners.ParentRunner$3.evaluate(ParentRunner.java:306)
	at org.junit.runners.BlockJUnit4ClassRunner$1.evaluate(BlockJUnit4ClassRunner.java:100)
	at org.junit.runners.ParentRunner.runLeaf(ParentRunner.java:366)
	at org.junit.runners.BlockJUnit4ClassRunner.runChild(BlockJUnit4ClassRunner.java:103)
	at org.junit.runners.BlockJUnit4ClassRunner.runChild(BlockJUnit4ClassRunner.java:63)
	at org.junit.runners.ParentRunner$4.run(ParentRunner.java:331)
	at org.junit.runners.ParentRunner$1.schedule(ParentRunner.java:79)
	at org.junit.runners.ParentRunner.runChildren(ParentRunner.java:329)
	at org.junit.runners.ParentRunner.access$100(ParentRunner.java:66)
	at org.junit.runners.ParentRunner$2.evaluate(ParentRunner.java:293)
	at org.junit.runners.ParentRunner$3.evaluate(ParentRunner.java:306)
	at org.junit.runners.ParentRunner.run(ParentRunner.java:413)
	at org.junit.runner.JUnitCore.run(JUnitCore.java:137)
	at org.junit.runner.JUnitCore.run(JUnitCore.java:115)
	at org.junit.vintage.engine.execution.RunnerExecutor.execute(RunnerExecutor.java:43)
	at java.util.stream.ForEachOps$ForEachOp$OfRef.accept(ForEachOps.java:183)
	at java.util.stream.ReferencePipeline$3$1.accept(ReferencePipeline.java:193)
	at java.util.Iterator.forEachRemaining(Iterator.java:116)
	at java.util.Spliterators$IteratorSpliterator.forEachRemaining(Spliterators.java:1801)
	at java.util.stream.AbstractPipeline.copyInto(AbstractPipeline.java:482)
	at java.util.stream.AbstractPipeline.wrapAndCopyInto(AbstractPipeline.java:472)
	at java.util.stream.ForEachOps$ForEachOp.evaluateSequential(ForEachOps.java:150)
	at java.util.stream.ForEachOps$ForEachOp$OfRef.evaluateSequential(ForEachOps.java:173)
	at java.util.stream.AbstractPipeline.evaluate(AbstractPipeline.java:234)
	at java.util.stream.ReferencePipeline.forEach(ReferencePipeline.java:485)
	at org.junit.vintage.engine.VintageTestEngine.executeAllChildren(VintageTestEngine.java:82)
	at org.junit.vintage.engine.VintageTestEngine.execute(VintageTestEngine.java:73)
	at org.junit.platform.launcher.core.DefaultLauncher.execute(DefaultLauncher.java:248)
	at org.junit.platform.launcher.core.DefaultLauncher.lambda$execute$5(DefaultLauncher.java:211)
	at org.junit.platform.launcher.core.DefaultLauncher.withInterceptedStreams(DefaultLauncher.java:226)
	at org.junit.platform.launcher.core.DefaultLauncher.execute(DefaultLauncher.java:199)
	at org.junit.platform.launcher.core.DefaultLauncher.execute(DefaultLauncher.java:132)
	at org.apache.maven.surefire.junitplatform.JUnitPlatformProvider.invokeAllTests(JUnitPlatformProvider.java:154)
	at org.apache.maven.surefire.junitplatform.JUnitPlatformProvider.invoke(JUnitPlatformProvider.java:123)
	at org.apache.maven.surefire.booter.ForkedBooter.runSuitesInProcess(ForkedBooter.java:377)
	at org.apache.maven.surefire.booter.ForkedBooter.execute(ForkedBooter.java:138)
	at org.apache.maven.surefire.booter.ForkedBooter.run(ForkedBooter.java:465)
	at org.apache.maven.surefire.booter.ForkedBooter.main(ForkedBooter.java:451)

2024-04-23T20:53:07,709  INFO [main] metadata.Hive: Dumping metastore api call timing information for : compilation phase
2024-04-23T20:53:07,709  INFO [main] metadata.Hive: Total time spent in each metastore function (ms): {getTable_(GetTableRequest)=35, isCompatibleWith_(Configuration)=1, openTxn_(String, TxnType)=2, getCheckConstraints_(CheckConstraintsRequest)=1, flushCache_()=0, getAllTableConstraints_(AllTableConstraintsRequest)=5, commitTxn_(CommitTxnRequest)=12, getNotNullConstraints_(NotNullConstraintsRequest)=1, getValidTxns_(long)=0, getTableColumnStatistics_(String, String, List, String)=11, getValidWriteIds_(List, String)=4}
2024-04-23T20:53:07,709  INFO [main] ql.Driver: Completed compiling command(queryId=alex_20240423205307_e43f8fb2-57e2-4b78-a35e-383ea6d69b76); Time taken: 0.161 seconds
2024-04-23T20:53:07,709  INFO [main] lockmgr.DbTxnManager: Stopped heartbeat for query: null
2024-04-23T20:53:07,713  INFO [main] txn.TxnHandler: Removed transactions: ([25]) from MIN_HISTORY_LEVEL
2024-04-23T20:53:07,720  INFO [main] ql.TxnCommandsBaseForTests: Running the query: drop table if exists acidTbl
2024-04-23T20:53:07,720  INFO [main] ql.Driver: Compiling command(queryId=alex_20240423205307_c7dca825-c861-486e-97b5-2f612e7a517b): drop table if exists acidTbl
2024-04-23T20:53:07,722  INFO [main] txn.TxnHandler: Added entries to MIN_HISTORY_LEVEL for current txns: ([26]) with min_open_txn: 24
2024-04-23T20:53:07,722  INFO [main] lockmgr.DbTxnManager: Opened txnid:26
2024-04-23T20:53:07,723  INFO [main] HiveMetaStore.audit: ugi=alex	ip=unknown-ip-addr	cmd=get_table : tbl=hive.default.acidTbl	
2024-04-23T20:53:07,729  INFO [main] metastore.HMSHandler: Skipping translation for processor with null
2024-04-23T20:53:07,729  INFO [main] ql.Driver: Semantic Analysis Completed (retrial = false)
2024-04-23T20:53:07,729  INFO [main] ql.Driver: Created Hive schema: Schema(fieldSchemas:null, properties:null)
2024-04-23T20:53:07,729  INFO [main] metadata.Hive: Dumping metastore api call timing information for : compilation phase
2024-04-23T20:53:07,730  INFO [main] metadata.Hive: Total time spent in each metastore function (ms): {getTable_(GetTableRequest)=6, rollbackTxn_(long)=11, openTxn_(String, TxnType)=1, flushCache_()=0, getValidTxns_(long)=0, isCompatibleWith_(Configuration)=2}
2024-04-23T20:53:07,730  INFO [main] ql.Driver: Completed compiling command(queryId=alex_20240423205307_c7dca825-c861-486e-97b5-2f612e7a517b); Time taken: 0.009 seconds
2024-04-23T20:53:07,730  INFO [main] lockmgr.DbTxnManager: Setting lock request transaction to txnid:26 for queryId=alex_20240423205307_c7dca825-c861-486e-97b5-2f612e7a517b
2024-04-23T20:53:07,730  INFO [main] lockmgr.DbLockManager: Requesting lock for queryId=alex_20240423205307_c7dca825-c861-486e-97b5-2f612e7a517b
2024-04-23T20:53:07,743  INFO [main] lockmgr.DbLockManager: Response to queryId=alex_20240423205307_c7dca825-c861-486e-97b5-2f612e7a517b LockResponse(lockid:15, state:ACQUIRED)
2024-04-23T20:53:07,743  INFO [main] ql.Driver: Operation DROPTABLE obtained 1 locks
2024-04-23T20:53:07,744  INFO [main] ql.Driver: Executing command(queryId=alex_20240423205307_c7dca825-c861-486e-97b5-2f612e7a517b): drop table if exists acidTbl
2024-04-23T20:53:07,744  INFO [main] ql.Driver: Starting task [Stage-0:DDL] in serial mode
2024-04-23T20:53:07,744  INFO [main] HiveMetaStore.audit: ugi=alex	ip=unknown-ip-addr	cmd=get_table : tbl=hive.default.acidTbl	
2024-04-23T20:53:07,750  INFO [main] metastore.HMSHandler: Skipping translation for processor with null
2024-04-23T20:53:07,751  INFO [main] HiveMetaStore.audit: ugi=alex	ip=unknown-ip-addr	cmd=get_table : tbl=hive.default.acidTbl	
2024-04-23T20:53:07,757  INFO [main] metastore.HMSHandler: Skipping translation for processor with null
2024-04-23T20:53:07,757  INFO [main] HiveMetaStore.audit: ugi=alex	ip=unknown-ip-addr	cmd=drop_table : tbl=hive.default.acidTbl	
2024-04-23T20:53:07,846  INFO [main] metadata.Hive: Dumping metastore api call timing information for : execution phase
2024-04-23T20:53:07,846  INFO [main] metadata.Hive: Total time spent in each metastore function (ms): {isCompatibleWith_(Configuration)=0, dropTable_(String, String, boolean, boolean, boolean)=96, getTable_(GetTableRequest)=6}
2024-04-23T20:53:07,847  INFO [main] ql.Driver: Completed executing command(queryId=alex_20240423205307_c7dca825-c861-486e-97b5-2f612e7a517b); Time taken: 0.102 seconds
2024-04-23T20:53:07,847  INFO [main] lockmgr.DbTxnManager: Stopped heartbeat for query: alex_20240423205307_c7dca825-c861-486e-97b5-2f612e7a517b
2024-04-23T20:53:07,851  INFO [main] txn.TxnHandler: Expected to move at least one record from txn_components to completed_txn_components when committing txn! txnid:26
2024-04-23T20:53:07,856  INFO [main] txn.TxnHandler: Removed transactions: ([26]) from MIN_HISTORY_LEVEL
2024-04-23T20:53:07,856  WARN [main] txn.CompactionTxnHandler: No compaction queue record found for Compaction type transaction commit. txnId:26
2024-04-23T20:53:07,857  INFO [main] ql.TxnCommandsBaseForTests: Running the query: drop table if exists acidTblPart
2024-04-23T20:53:07,857  INFO [main] ql.Driver: Compiling command(queryId=alex_20240423205307_6351e5dd-ea4f-4d3a-aa7c-5bc39cef2e56): drop table if exists acidTblPart
2024-04-23T20:53:07,860  INFO [main] txn.TxnHandler: Added entries to MIN_HISTORY_LEVEL for current txns: ([27]) with min_open_txn: 24
2024-04-23T20:53:07,860  INFO [main] lockmgr.DbTxnManager: Opened txnid:27
2024-04-23T20:53:07,861  INFO [main] HiveMetaStore.audit: ugi=alex	ip=unknown-ip-addr	cmd=get_table : tbl=hive.default.acidTblPart	
2024-04-23T20:53:07,868  INFO [main] metastore.HMSHandler: Skipping translation for processor with null
2024-04-23T20:53:07,868  INFO [main] ql.Driver: Semantic Analysis Completed (retrial = false)
2024-04-23T20:53:07,868  INFO [main] ql.Driver: Created Hive schema: Schema(fieldSchemas:null, properties:null)
2024-04-23T20:53:07,868  INFO [main] metadata.Hive: Dumping metastore api call timing information for : compilation phase
2024-04-23T20:53:07,869  INFO [main] metadata.Hive: Total time spent in each metastore function (ms): {isCompatibleWith_(Configuration)=0, commitTxn_(CommitTxnRequest)=10, getValidTxns_(long)=1, flushCache_()=0, openTxn_(String, TxnType)=2, getTable_(GetTableRequest)=7}
2024-04-23T20:53:07,869  INFO [main] ql.Driver: Completed compiling command(queryId=alex_20240423205307_6351e5dd-ea4f-4d3a-aa7c-5bc39cef2e56); Time taken: 0.011 seconds
2024-04-23T20:53:07,869  INFO [main] lockmgr.DbTxnManager: Setting lock request transaction to txnid:27 for queryId=alex_20240423205307_6351e5dd-ea4f-4d3a-aa7c-5bc39cef2e56
2024-04-23T20:53:07,869  INFO [main] lockmgr.DbLockManager: Requesting lock for queryId=alex_20240423205307_6351e5dd-ea4f-4d3a-aa7c-5bc39cef2e56
2024-04-23T20:53:07,883  INFO [main] lockmgr.DbLockManager: Response to queryId=alex_20240423205307_6351e5dd-ea4f-4d3a-aa7c-5bc39cef2e56 LockResponse(lockid:16, state:ACQUIRED)
2024-04-23T20:53:07,883  INFO [main] ql.Driver: Operation DROPTABLE obtained 1 locks
2024-04-23T20:53:07,883  INFO [main] ql.Driver: Executing command(queryId=alex_20240423205307_6351e5dd-ea4f-4d3a-aa7c-5bc39cef2e56): drop table if exists acidTblPart
2024-04-23T20:53:07,883  INFO [main] ql.Driver: Starting task [Stage-0:DDL] in serial mode
2024-04-23T20:53:07,884  INFO [main] HiveMetaStore.audit: ugi=alex	ip=unknown-ip-addr	cmd=get_table : tbl=hive.default.acidTblPart	
2024-04-23T20:53:07,890  INFO [main] metastore.HMSHandler: Skipping translation for processor with null
2024-04-23T20:53:07,890  INFO [main] HiveMetaStore.audit: ugi=alex	ip=unknown-ip-addr	cmd=get_table : tbl=hive.default.acidTblPart	
2024-04-23T20:53:07,897  INFO [main] metastore.HMSHandler: Skipping translation for processor with null
2024-04-23T20:53:07,897  INFO [main] HiveMetaStore.audit: ugi=alex	ip=unknown-ip-addr	cmd=drop_table : tbl=hive.default.acidTblPart	
2024-04-23T20:53:07,936  INFO [main] metadata.Hive: Dumping metastore api call timing information for : execution phase
2024-04-23T20:53:07,936  INFO [main] metadata.Hive: Total time spent in each metastore function (ms): {isCompatibleWith_(Configuration)=0, dropTable_(String, String, boolean, boolean, boolean)=45, getTable_(GetTableRequest)=6}
2024-04-23T20:53:07,936  INFO [main] ql.Driver: Completed executing command(queryId=alex_20240423205307_6351e5dd-ea4f-4d3a-aa7c-5bc39cef2e56); Time taken: 0.053 seconds
2024-04-23T20:53:07,936  INFO [main] lockmgr.DbTxnManager: Stopped heartbeat for query: alex_20240423205307_6351e5dd-ea4f-4d3a-aa7c-5bc39cef2e56
2024-04-23T20:53:07,940  INFO [main] txn.TxnHandler: Expected to move at least one record from txn_components to completed_txn_components when committing txn! txnid:27
2024-04-23T20:53:07,945  INFO [main] txn.TxnHandler: Removed transactions: ([27]) from MIN_HISTORY_LEVEL
2024-04-23T20:53:07,945  WARN [main] txn.CompactionTxnHandler: No compaction queue record found for Compaction type transaction commit. txnId:27
2024-04-23T20:53:07,946  INFO [main] ql.TxnCommandsBaseForTests: Running the query: drop table if exists acidTbl2
2024-04-23T20:53:07,946  INFO [main] ql.Driver: Compiling command(queryId=alex_20240423205307_41f3bd46-41da-4c4e-8c4a-e1a8bd0eedb3): drop table if exists acidTbl2
2024-04-23T20:53:07,948  INFO [main] txn.TxnHandler: Added entries to MIN_HISTORY_LEVEL for current txns: ([28]) with min_open_txn: 24
2024-04-23T20:53:07,948  INFO [main] lockmgr.DbTxnManager: Opened txnid:28
2024-04-23T20:53:07,949  INFO [main] ql.Driver: Semantic Analysis Completed (retrial = false)
2024-04-23T20:53:07,949  INFO [main] ql.Driver: Created Hive schema: Schema(fieldSchemas:null, properties:null)
2024-04-23T20:53:07,949  INFO [main] metadata.Hive: Dumping metastore api call timing information for : compilation phase
2024-04-23T20:53:07,950  INFO [main] metadata.Hive: Total time spent in each metastore function (ms): {isCompatibleWith_(Configuration)=0, flushCache_()=0, openTxn_(String, TxnType)=2, getValidTxns_(long)=0, getTable_(GetTableRequest)=0, commitTxn_(CommitTxnRequest)=10}
2024-04-23T20:53:07,950  INFO [main] ql.Driver: Completed compiling command(queryId=alex_20240423205307_41f3bd46-41da-4c4e-8c4a-e1a8bd0eedb3); Time taken: 0.003 seconds
2024-04-23T20:53:07,950  INFO [main] lockmgr.DbTxnManager: Setting lock request transaction to txnid:28 for queryId=alex_20240423205307_41f3bd46-41da-4c4e-8c4a-e1a8bd0eedb3
2024-04-23T20:53:07,950  INFO [main] ql.Driver: Operation DROPTABLE obtained 0 locks
2024-04-23T20:53:07,950  INFO [main] ql.Driver: Executing command(queryId=alex_20240423205307_41f3bd46-41da-4c4e-8c4a-e1a8bd0eedb3): drop table if exists acidTbl2
2024-04-23T20:53:07,950  INFO [main] ql.Driver: Starting task [Stage-0:DDL] in serial mode
2024-04-23T20:53:07,951  INFO [main] metadata.SessionHiveMetaStoreClient: Column stats doesn't exist for db=default temp table=acidTbl2
2024-04-23T20:53:07,951  INFO [main] metadata.Hive: Dumping metastore api call timing information for : execution phase
2024-04-23T20:53:07,951  INFO [main] metadata.Hive: Total time spent in each metastore function (ms): {isCompatibleWith_(Configuration)=0, dropTable_(String, String, boolean, boolean, boolean)=0, getTable_(GetTableRequest)=0}
2024-04-23T20:53:07,951  INFO [main] ql.Driver: Completed executing command(queryId=alex_20240423205307_41f3bd46-41da-4c4e-8c4a-e1a8bd0eedb3); Time taken: 0.001 seconds
2024-04-23T20:53:07,951  INFO [main] lockmgr.DbTxnManager: Stopped heartbeat for query: alex_20240423205307_41f3bd46-41da-4c4e-8c4a-e1a8bd0eedb3
2024-04-23T20:53:07,956  INFO [main] txn.TxnHandler: Expected to move at least one record from txn_components to completed_txn_components when committing txn! txnid:28
2024-04-23T20:53:07,961  INFO [main] txn.TxnHandler: Removed transactions: ([28]) from MIN_HISTORY_LEVEL
2024-04-23T20:53:07,962  WARN [main] txn.CompactionTxnHandler: No compaction queue record found for Compaction type transaction commit. txnId:28
2024-04-23T20:53:07,962  INFO [main] ql.TxnCommandsBaseForTests: Running the query: drop table if exists nonAcidOrcTbl
2024-04-23T20:53:07,962  INFO [main] ql.Driver: Compiling command(queryId=alex_20240423205307_77e92d48-f78e-4af6-8ef1-4be38c22ca35): drop table if exists nonAcidOrcTbl
2024-04-23T20:53:07,964  INFO [main] txn.TxnHandler: Added entries to MIN_HISTORY_LEVEL for current txns: ([29]) with min_open_txn: 24
2024-04-23T20:53:07,964  INFO [main] lockmgr.DbTxnManager: Opened txnid:29
2024-04-23T20:53:07,965  INFO [main] HiveMetaStore.audit: ugi=alex	ip=unknown-ip-addr	cmd=get_table : tbl=hive.default.nonAcidOrcTbl	
2024-04-23T20:53:07,989  INFO [main] metastore.HMSHandler: Skipping translation for processor with null
2024-04-23T20:53:07,989  INFO [main] ql.Driver: Semantic Analysis Completed (retrial = false)
2024-04-23T20:53:07,989  INFO [main] ql.Driver: Created Hive schema: Schema(fieldSchemas:null, properties:null)
2024-04-23T20:53:07,989  INFO [main] metadata.Hive: Dumping metastore api call timing information for : compilation phase
2024-04-23T20:53:07,989  INFO [main] metadata.Hive: Total time spent in each metastore function (ms): {flushCache_()=0, openTxn_(String, TxnType)=1, commitTxn_(CommitTxnRequest)=11, getValidTxns_(long)=0, isCompatibleWith_(Configuration)=0, getTable_(GetTableRequest)=24}
2024-04-23T20:53:07,989  INFO [main] ql.Driver: Completed compiling command(queryId=alex_20240423205307_77e92d48-f78e-4af6-8ef1-4be38c22ca35); Time taken: 0.027 seconds
2024-04-23T20:53:07,989  INFO [main] lockmgr.DbTxnManager: Setting lock request transaction to txnid:29 for queryId=alex_20240423205307_77e92d48-f78e-4af6-8ef1-4be38c22ca35
2024-04-23T20:53:07,990  INFO [main] lockmgr.DbLockManager: Requesting lock for queryId=alex_20240423205307_77e92d48-f78e-4af6-8ef1-4be38c22ca35
2024-04-23T20:53:08,009  INFO [main] lockmgr.DbLockManager: Response to queryId=alex_20240423205307_77e92d48-f78e-4af6-8ef1-4be38c22ca35 LockResponse(lockid:17, state:ACQUIRED)
2024-04-23T20:53:08,009  INFO [main] ql.Driver: Operation DROPTABLE obtained 1 locks
2024-04-23T20:53:08,009  INFO [main] ql.Driver: Executing command(queryId=alex_20240423205307_77e92d48-f78e-4af6-8ef1-4be38c22ca35): drop table if exists nonAcidOrcTbl
2024-04-23T20:53:08,009  INFO [main] ql.Driver: Starting task [Stage-0:DDL] in serial mode
2024-04-23T20:53:08,009  INFO [main] HiveMetaStore.audit: ugi=alex	ip=unknown-ip-addr	cmd=get_table : tbl=hive.default.nonAcidOrcTbl	
2024-04-23T20:53:08,018  INFO [main] metastore.HMSHandler: Skipping translation for processor with null
2024-04-23T20:53:08,018  INFO [main] HiveMetaStore.audit: ugi=alex	ip=unknown-ip-addr	cmd=get_table : tbl=hive.default.nonAcidOrcTbl	
2024-04-23T20:53:08,026  INFO [main] metastore.HMSHandler: Skipping translation for processor with null
2024-04-23T20:53:08,026  INFO [main] HiveMetaStore.audit: ugi=alex	ip=unknown-ip-addr	cmd=drop_table : tbl=hive.default.nonAcidOrcTbl	
2024-04-23T20:53:08,116  INFO [main] metadata.Hive: Dumping metastore api call timing information for : execution phase
2024-04-23T20:53:08,116  INFO [main] metadata.Hive: Total time spent in each metastore function (ms): {isCompatibleWith_(Configuration)=0, getTable_(GetTableRequest)=9, dropTable_(String, String, boolean, boolean, boolean)=97}
2024-04-23T20:53:08,116  INFO [main] ql.Driver: Completed executing command(queryId=alex_20240423205307_77e92d48-f78e-4af6-8ef1-4be38c22ca35); Time taken: 0.107 seconds
2024-04-23T20:53:08,116  INFO [main] lockmgr.DbTxnManager: Stopped heartbeat for query: alex_20240423205307_77e92d48-f78e-4af6-8ef1-4be38c22ca35
2024-04-23T20:53:08,120  INFO [main] txn.TxnHandler: Expected to move at least one record from txn_components to completed_txn_components when committing txn! txnid:29
2024-04-23T20:53:08,126  INFO [main] txn.TxnHandler: Removed transactions: ([29]) from MIN_HISTORY_LEVEL
2024-04-23T20:53:08,126  WARN [main] txn.CompactionTxnHandler: No compaction queue record found for Compaction type transaction commit. txnId:29
2024-04-23T20:53:08,126  INFO [main] ql.TxnCommandsBaseForTests: Running the query: drop table if exists nonAcidOrcTbl2
2024-04-23T20:53:08,127  INFO [main] ql.Driver: Compiling command(queryId=alex_20240423205308_28dfe449-2040-47b0-a98a-ebd7823ef835): drop table if exists nonAcidOrcTbl2
2024-04-23T20:53:08,129  INFO [main] txn.TxnHandler: Added entries to MIN_HISTORY_LEVEL for current txns: ([30]) with min_open_txn: 24
2024-04-23T20:53:08,129  INFO [main] lockmgr.DbTxnManager: Opened txnid:30
2024-04-23T20:53:08,130  INFO [main] HiveMetaStore.audit: ugi=alex	ip=unknown-ip-addr	cmd=get_table : tbl=hive.default.nonAcidOrcTbl2	
2024-04-23T20:53:08,140  INFO [main] metastore.HMSHandler: Skipping translation for processor with null
2024-04-23T20:53:08,140  INFO [main] ql.Driver: Semantic Analysis Completed (retrial = false)
2024-04-23T20:53:08,140  INFO [main] ql.Driver: Created Hive schema: Schema(fieldSchemas:null, properties:null)
2024-04-23T20:53:08,141  INFO [main] metadata.Hive: Dumping metastore api call timing information for : compilation phase
2024-04-23T20:53:08,141  INFO [main] metadata.Hive: Total time spent in each metastore function (ms): {isCompatibleWith_(Configuration)=0, openTxn_(String, TxnType)=2, commitTxn_(CommitTxnRequest)=10, getValidTxns_(long)=0, getTable_(GetTableRequest)=10, flushCache_()=0}
2024-04-23T20:53:08,141  INFO [main] ql.Driver: Completed compiling command(queryId=alex_20240423205308_28dfe449-2040-47b0-a98a-ebd7823ef835); Time taken: 0.014 seconds
2024-04-23T20:53:08,141  INFO [main] lockmgr.DbTxnManager: Setting lock request transaction to txnid:30 for queryId=alex_20240423205308_28dfe449-2040-47b0-a98a-ebd7823ef835
2024-04-23T20:53:08,142  INFO [main] lockmgr.DbLockManager: Requesting lock for queryId=alex_20240423205308_28dfe449-2040-47b0-a98a-ebd7823ef835
2024-04-23T20:53:08,156  INFO [main] lockmgr.DbLockManager: Response to queryId=alex_20240423205308_28dfe449-2040-47b0-a98a-ebd7823ef835 LockResponse(lockid:18, state:ACQUIRED)
2024-04-23T20:53:08,157  INFO [main] ql.Driver: Operation DROPTABLE obtained 1 locks
2024-04-23T20:53:08,157  INFO [main] ql.Driver: Executing command(queryId=alex_20240423205308_28dfe449-2040-47b0-a98a-ebd7823ef835): drop table if exists nonAcidOrcTbl2
2024-04-23T20:53:08,157  INFO [main] ql.Driver: Starting task [Stage-0:DDL] in serial mode
2024-04-23T20:53:08,157  INFO [main] HiveMetaStore.audit: ugi=alex	ip=unknown-ip-addr	cmd=get_table : tbl=hive.default.nonAcidOrcTbl2	
2024-04-23T20:53:08,166  INFO [main] metastore.HMSHandler: Skipping translation for processor with null
2024-04-23T20:53:08,166  INFO [main] HiveMetaStore.audit: ugi=alex	ip=unknown-ip-addr	cmd=get_table : tbl=hive.default.nonAcidOrcTbl2	
2024-04-23T20:53:08,174  INFO [main] metastore.HMSHandler: Skipping translation for processor with null
2024-04-23T20:53:08,175  INFO [main] HiveMetaStore.audit: ugi=alex	ip=unknown-ip-addr	cmd=drop_table : tbl=hive.default.nonAcidOrcTbl2	
2024-04-23T20:53:08,219  INFO [main] metadata.Hive: Dumping metastore api call timing information for : execution phase
2024-04-23T20:53:08,219  INFO [main] metadata.Hive: Total time spent in each metastore function (ms): {dropTable_(String, String, boolean, boolean, boolean)=53, isCompatibleWith_(Configuration)=0, getTable_(GetTableRequest)=9}
2024-04-23T20:53:08,219  INFO [main] ql.Driver: Completed executing command(queryId=alex_20240423205308_28dfe449-2040-47b0-a98a-ebd7823ef835); Time taken: 0.062 seconds
2024-04-23T20:53:08,219  INFO [main] lockmgr.DbTxnManager: Stopped heartbeat for query: alex_20240423205308_28dfe449-2040-47b0-a98a-ebd7823ef835
2024-04-23T20:53:08,224  INFO [main] txn.TxnHandler: Expected to move at least one record from txn_components to completed_txn_components when committing txn! txnid:30
2024-04-23T20:53:08,231  INFO [main] txn.TxnHandler: Removed transactions: ([30]) from MIN_HISTORY_LEVEL
2024-04-23T20:53:08,232  WARN [main] txn.CompactionTxnHandler: No compaction queue record found for Compaction type transaction commit. txnId:30
2024-04-23T20:53:08,232  INFO [main] ql.TxnCommandsBaseForTests: Running the query: drop table if exists nonAcidNonBucket
2024-04-23T20:53:08,232  INFO [main] ql.Driver: Compiling command(queryId=alex_20240423205308_cb96c997-4d3b-42e5-bb08-f2800fc78707): drop table if exists nonAcidNonBucket
2024-04-23T20:53:08,235  INFO [main] txn.TxnHandler: Added entries to MIN_HISTORY_LEVEL for current txns: ([31]) with min_open_txn: 24
2024-04-23T20:53:08,235  INFO [main] lockmgr.DbTxnManager: Opened txnid:31
2024-04-23T20:53:08,236  INFO [main] HiveMetaStore.audit: ugi=alex	ip=unknown-ip-addr	cmd=get_table : tbl=hive.default.nonAcidNonBucket	
2024-04-23T20:53:08,244  INFO [main] metastore.HMSHandler: Skipping translation for processor with null
2024-04-23T20:53:08,245  INFO [main] ql.Driver: Semantic Analysis Completed (retrial = false)
2024-04-23T20:53:08,245  INFO [main] ql.Driver: Created Hive schema: Schema(fieldSchemas:null, properties:null)
2024-04-23T20:53:08,245  INFO [main] metadata.Hive: Dumping metastore api call timing information for : compilation phase
2024-04-23T20:53:08,245  INFO [main] metadata.Hive: Total time spent in each metastore function (ms): {commitTxn_(CommitTxnRequest)=12, isCompatibleWith_(Configuration)=0, flushCache_()=0, openTxn_(String, TxnType)=2, getTable_(GetTableRequest)=9, getValidTxns_(long)=1}
2024-04-23T20:53:08,245  INFO [main] ql.Driver: Completed compiling command(queryId=alex_20240423205308_cb96c997-4d3b-42e5-bb08-f2800fc78707); Time taken: 0.013 seconds
2024-04-23T20:53:08,245  INFO [main] lockmgr.DbTxnManager: Setting lock request transaction to txnid:31 for queryId=alex_20240423205308_cb96c997-4d3b-42e5-bb08-f2800fc78707
2024-04-23T20:53:08,246  INFO [main] lockmgr.DbLockManager: Requesting lock for queryId=alex_20240423205308_cb96c997-4d3b-42e5-bb08-f2800fc78707
2024-04-23T20:53:08,261  INFO [main] lockmgr.DbLockManager: Response to queryId=alex_20240423205308_cb96c997-4d3b-42e5-bb08-f2800fc78707 LockResponse(lockid:19, state:ACQUIRED)
2024-04-23T20:53:08,261  INFO [main] ql.Driver: Operation DROPTABLE obtained 1 locks
2024-04-23T20:53:08,262  INFO [main] ql.Driver: Executing command(queryId=alex_20240423205308_cb96c997-4d3b-42e5-bb08-f2800fc78707): drop table if exists nonAcidNonBucket
2024-04-23T20:53:08,262  INFO [main] ql.Driver: Starting task [Stage-0:DDL] in serial mode
2024-04-23T20:53:08,262  INFO [main] HiveMetaStore.audit: ugi=alex	ip=unknown-ip-addr	cmd=get_table : tbl=hive.default.nonAcidNonBucket	
2024-04-23T20:53:08,271  INFO [main] metastore.HMSHandler: Skipping translation for processor with null
2024-04-23T20:53:08,271  INFO [main] HiveMetaStore.audit: ugi=alex	ip=unknown-ip-addr	cmd=get_table : tbl=hive.default.nonAcidNonBucket	
2024-04-23T20:53:08,279  INFO [main] metastore.HMSHandler: Skipping translation for processor with null
2024-04-23T20:53:08,280  INFO [main] HiveMetaStore.audit: ugi=alex	ip=unknown-ip-addr	cmd=drop_table : tbl=hive.default.nonAcidNonBucket	
2024-04-23T20:53:08,319  INFO [main] metadata.Hive: Dumping metastore api call timing information for : execution phase
2024-04-23T20:53:08,319  INFO [main] metadata.Hive: Total time spent in each metastore function (ms): {dropTable_(String, String, boolean, boolean, boolean)=48, getTable_(GetTableRequest)=9, isCompatibleWith_(Configuration)=0}
2024-04-23T20:53:08,320  INFO [main] ql.Driver: Completed executing command(queryId=alex_20240423205308_cb96c997-4d3b-42e5-bb08-f2800fc78707); Time taken: 0.057 seconds
2024-04-23T20:53:08,320  INFO [main] lockmgr.DbTxnManager: Stopped heartbeat for query: alex_20240423205308_cb96c997-4d3b-42e5-bb08-f2800fc78707
2024-04-23T20:53:08,326  INFO [main] txn.TxnHandler: Expected to move at least one record from txn_components to completed_txn_components when committing txn! txnid:31
2024-04-23T20:53:08,336  INFO [main] txn.TxnHandler: Removed transactions: ([31]) from MIN_HISTORY_LEVEL
2024-04-23T20:53:08,336  WARN [main] txn.CompactionTxnHandler: No compaction queue record found for Compaction type transaction commit. txnId:31
2024-04-23T20:53:08,337  INFO [main] utils.TestTxnDbUtil: Cleaning transactional tables
]]></system-err>
  </testcase>
  <testcase name="testInsertOverwriteToAcidWithUnionRemove" classname="org.apache.hadoop.hive.ql.TestTxnNoBucketsVectorized" time="1.811"/>
  <testcase name="testCtasBucketed" classname="org.apache.hadoop.hive.ql.TestTxnNoBucketsVectorized" time="2.823"/>
</testsuite>